<?xml version='1.1' encoding='UTF-8'?>
<result plugin="junit@1.24">
  <suites>
    <suite>
      <file>/var/lib/jenkins/workspace/iTrust-Fuzz-Job/iTrust2-v2/iTrust/iTrust2/target/surefire-reports/TEST-edu.ncsu.csc.itrust2.apitest.APIAppointmentRequestTest.xml</file>
      <name>edu.ncsu.csc.itrust2.apitest.APIAppointmentRequestTest</name>
      <duration>0.014</duration>
      <time>0.014</time>
      <enclosingBlocks/>
      <enclosingBlockNames/>
      <cases>
        <case>
          <duration>0.004</duration>
          <className>edu.ncsu.csc.itrust2.apitest.APIAppointmentRequestTest</className>
          <testName>testCreateBadAppointmentRequest</testName>
          <skipped>false</skipped>
          <failedSince>0</failedSince>
        </case>
        <case>
          <duration>0.007</duration>
          <className>edu.ncsu.csc.itrust2.apitest.APIAppointmentRequestTest</className>
          <testName>testAppointmentRequestAPI</testName>
          <skipped>false</skipped>
          <failedSince>0</failedSince>
        </case>
        <case>
          <duration>0.001</duration>
          <className>edu.ncsu.csc.itrust2.apitest.APIAppointmentRequestTest</className>
          <testName>testDeleteNonExistentAppointment</testName>
          <skipped>false</skipped>
          <failedSince>0</failedSince>
        </case>
        <case>
          <duration>0.001</duration>
          <className>edu.ncsu.csc.itrust2.apitest.APIAppointmentRequestTest</className>
          <testName>testGetNonExistentAppointment</testName>
          <skipped>false</skipped>
          <failedSince>0</failedSince>
        </case>
      </cases>
    </suite>
    <suite>
      <file>/var/lib/jenkins/workspace/iTrust-Fuzz-Job/iTrust2-v2/iTrust/iTrust2/target/surefire-reports/TEST-edu.ncsu.csc.itrust2.apitest.APIDiagnosisTest.xml</file>
      <name>edu.ncsu.csc.itrust2.apitest.APIDiagnosisTest</name>
      <duration>0.043</duration>
      <time>0.043</time>
      <enclosingBlocks/>
      <enclosingBlockNames/>
      <cases>
        <case>
          <duration>0.042</duration>
          <className>edu.ncsu.csc.itrust2.apitest.APIDiagnosisTest</className>
          <testName>testDiagnoses</testName>
          <skipped>false</skipped>
          <failedSince>0</failedSince>
        </case>
      </cases>
    </suite>
    <suite>
      <file>/var/lib/jenkins/workspace/iTrust-Fuzz-Job/iTrust2-v2/iTrust/iTrust2/target/surefire-reports/TEST-edu.ncsu.csc.itrust2.apitest.APIDrugTest.xml</file>
      <name>edu.ncsu.csc.itrust2.apitest.APIDrugTest</name>
      <duration>0.008</duration>
      <time>0.008</time>
      <enclosingBlocks/>
      <enclosingBlockNames/>
      <cases>
        <case>
          <duration>0.008</duration>
          <className>edu.ncsu.csc.itrust2.apitest.APIDrugTest</className>
          <testName>testDrugAPI</testName>
          <skipped>false</skipped>
          <failedSince>0</failedSince>
        </case>
      </cases>
    </suite>
    <suite>
      <file>/var/lib/jenkins/workspace/iTrust-Fuzz-Job/iTrust2-v2/iTrust/iTrust2/target/surefire-reports/TEST-edu.ncsu.csc.itrust2.apitest.APIEnumTest.xml</file>
      <name>edu.ncsu.csc.itrust2.apitest.APIEnumTest</name>
      <duration>0.005</duration>
      <time>0.005</time>
      <enclosingBlocks/>
      <enclosingBlockNames/>
      <cases>
        <case>
          <duration>0.004</duration>
          <className>edu.ncsu.csc.itrust2.apitest.APIEnumTest</className>
          <testName>testEnumAPI</testName>
          <skipped>false</skipped>
          <failedSince>0</failedSince>
        </case>
      </cases>
    </suite>
    <suite>
      <file>/var/lib/jenkins/workspace/iTrust-Fuzz-Job/iTrust2-v2/iTrust/iTrust2/target/surefire-reports/TEST-edu.ncsu.csc.itrust2.apitest.APIHospitalTest.xml</file>
      <name>edu.ncsu.csc.itrust2.apitest.APIHospitalTest</name>
      <duration>0.007</duration>
      <time>0.007</time>
      <enclosingBlocks/>
      <enclosingBlockNames/>
      <cases>
        <case>
          <duration>0.001</duration>
          <className>edu.ncsu.csc.itrust2.apitest.APIHospitalTest</className>
          <testName>testGetNonExistentHospital</testName>
          <skipped>false</skipped>
          <failedSince>0</failedSince>
        </case>
        <case>
          <duration>0.004</duration>
          <className>edu.ncsu.csc.itrust2.apitest.APIHospitalTest</className>
          <testName>testHospitalAPI</testName>
          <skipped>false</skipped>
          <failedSince>0</failedSince>
        </case>
      </cases>
    </suite>
    <suite>
      <file>/var/lib/jenkins/workspace/iTrust-Fuzz-Job/iTrust2-v2/iTrust/iTrust2/target/surefire-reports/TEST-edu.ncsu.csc.itrust2.apitest.APIICDCodeTest.xml</file>
      <name>edu.ncsu.csc.itrust2.apitest.APIICDCodeTest</name>
      <duration>0.017</duration>
      <time>0.017</time>
      <enclosingBlocks/>
      <enclosingBlockNames/>
      <cases>
        <case>
          <duration>0.013</duration>
          <className>edu.ncsu.csc.itrust2.apitest.APIICDCodeTest</className>
          <testName>testCodeAPI</testName>
          <skipped>false</skipped>
          <failedSince>0</failedSince>
        </case>
      </cases>
    </suite>
    <suite>
      <file>/var/lib/jenkins/workspace/iTrust-Fuzz-Job/iTrust2-v2/iTrust/iTrust2/target/surefire-reports/TEST-edu.ncsu.csc.itrust2.apitest.APILogEntryTest.xml</file>
      <name>edu.ncsu.csc.itrust2.apitest.APILogEntryTest</name>
      <duration>1.756</duration>
      <time>1.756</time>
      <enclosingBlocks/>
      <enclosingBlockNames/>
      <cases>
        <case>
          <duration>1.702</duration>
          <className>edu.ncsu.csc.itrust2.apitest.APILogEntryTest</className>
          <testName>testLogByDateLarge</testName>
          <skipped>false</skipped>
          <errorStackTrace>org.springframework.web.util.NestedServletException: Request processing failed; nested exception is java.lang.NullPointerException
	at edu.ncsu.csc.itrust2.apitest.APILogEntryTest.testLogByDateLarge(APILogEntryTest.java:103)
Caused by: java.lang.NullPointerException
	at edu.ncsu.csc.itrust2.apitest.APILogEntryTest.testLogByDateLarge(APILogEntryTest.java:103)
</errorStackTrace>
          <errorDetails>Request processing failed; nested exception is java.lang.NullPointerException</errorDetails>
          <stdout>04:51:54.044 [main] DEBUG o.s.t.c.j.SpringJUnit4ClassRunner - SpringJUnit4ClassRunner constructor called with [class edu.ncsu.csc.itrust2.apitest.APILogEntryTest]
04:51:54.045 [main] DEBUG o.s.test.context.BootstrapUtils - Instantiating CacheAwareContextLoaderDelegate from class [org.springframework.test.context.cache.DefaultCacheAwareContextLoaderDelegate]
04:51:54.048 [main] DEBUG o.s.test.context.BootstrapUtils - Instantiating BootstrapContext using constructor [public org.springframework.test.context.support.DefaultBootstrapContext(java.lang.Class,org.springframework.test.context.CacheAwareContextLoaderDelegate)]
04:51:54.048 [main] DEBUG o.s.test.context.BootstrapUtils - Instantiating TestContextBootstrapper for test class [edu.ncsu.csc.itrust2.apitest.APILogEntryTest] from class [org.springframework.test.context.web.WebTestContextBootstrapper]
04:51:54.048 [main] DEBUG o.s.t.c.s.AbstractDelegatingSmartContextLoader - Delegating to AnnotationConfigWebContextLoader to process context configuration [ContextConfigurationAttributes@24feb0a2 declaringClass = &apos;edu.ncsu.csc.itrust2.apitest.APILogEntryTest&apos;, classes = &apos;{class edu.ncsu.csc.itrust2.config.RootConfiguration, class edu.ncsu.csc.itrust2.mvc.config.WebMvcConfiguration}&apos;, locations = &apos;{}&apos;, inheritLocations = true, initializers = &apos;{}&apos;, inheritInitializers = true, name = [null], contextLoaderClass = &apos;org.springframework.test.context.ContextLoader&apos;].
04:51:54.050 [main] DEBUG o.s.t.c.support.ActiveProfilesUtils - Could not find an &apos;annotation declaring class&apos; for annotation type [org.springframework.test.context.ActiveProfiles] and class [edu.ncsu.csc.itrust2.apitest.APILogEntryTest]
04:51:54.050 [main] DEBUG o.s.t.c.w.WebTestContextBootstrapper - @TestExecutionListeners is not present for class [edu.ncsu.csc.itrust2.apitest.APILogEntryTest]: using defaults.
04:51:54.051 [main] INFO  o.s.t.c.w.WebTestContextBootstrapper - Loaded default TestExecutionListener class names from location [META-INF/spring.factories]: [org.springframework.security.test.context.support.WithSecurityContextTestExecutionListener, org.springframework.test.context.web.ServletTestExecutionListener, org.springframework.test.context.support.DirtiesContextBeforeModesTestExecutionListener, org.springframework.test.context.support.DependencyInjectionTestExecutionListener, org.springframework.test.context.support.DirtiesContextTestExecutionListener, org.springframework.test.context.transaction.TransactionalTestExecutionListener, org.springframework.test.context.jdbc.SqlScriptsTestExecutionListener]
04:51:54.056 [main] INFO  o.s.t.c.w.WebTestContextBootstrapper - Using TestExecutionListeners: [org.springframework.test.context.web.ServletTestExecutionListener@62cbfbe2, org.springframework.test.context.support.DirtiesContextBeforeModesTestExecutionListener@16b02372, org.springframework.test.context.support.DependencyInjectionTestExecutionListener@4cea0bac, org.springframework.test.context.support.DirtiesContextTestExecutionListener@481925c7, org.springframework.test.context.transaction.TransactionalTestExecutionListener@75b0d3cd, org.springframework.test.context.jdbc.SqlScriptsTestExecutionListener@628cd5ba, org.springframework.security.test.context.support.WithSecurityContextTestExecutionListener@7e27052c]
04:51:54.056 [main] DEBUG o.s.t.annotation.ProfileValueUtils - Retrieved @ProfileValueSourceConfiguration [null] for test class [edu.ncsu.csc.itrust2.apitest.APILogEntryTest]
04:51:54.056 [main] DEBUG o.s.t.annotation.ProfileValueUtils - Retrieved ProfileValueSource type [class org.springframework.test.annotation.SystemProfileValueSource] for class [edu.ncsu.csc.itrust2.apitest.APILogEntryTest]
04:51:54.056 [main] DEBUG o.s.t.annotation.ProfileValueUtils - Retrieved @ProfileValueSourceConfiguration [null] for test class [edu.ncsu.csc.itrust2.apitest.APILogEntryTest]
04:51:54.056 [main] DEBUG o.s.t.annotation.ProfileValueUtils - Retrieved ProfileValueSource type [class org.springframework.test.annotation.SystemProfileValueSource] for class [edu.ncsu.csc.itrust2.apitest.APILogEntryTest]
04:51:54.056 [main] DEBUG o.s.t.annotation.ProfileValueUtils - Retrieved @ProfileValueSourceConfiguration [null] for test class [edu.ncsu.csc.itrust2.apitest.APILogEntryTest]
04:51:54.056 [main] DEBUG o.s.t.annotation.ProfileValueUtils - Retrieved ProfileValueSource type [class org.springframework.test.annotation.SystemProfileValueSource] for class [edu.ncsu.csc.itrust2.apitest.APILogEntryTest]
04:51:54.057 [main] DEBUG o.s.t.c.s.AbstractDirtiesContextTestExecutionListener - Before test class: context [DefaultTestContext@7f912032 testClass = APILogEntryTest, testInstance = [null], testMethod = [null], testException = [null], mergedContextConfiguration = [WebMergedContextConfiguration@cccaab6 testClass = APILogEntryTest, locations = &apos;{}&apos;, classes = &apos;{class edu.ncsu.csc.itrust2.config.RootConfiguration, class edu.ncsu.csc.itrust2.mvc.config.WebMvcConfiguration}&apos;, contextInitializerClasses = &apos;[]&apos;, activeProfiles = &apos;{}&apos;, propertySourceLocations = &apos;{}&apos;, propertySourceProperties = &apos;{}&apos;, contextCustomizers = set[[empty]], resourceBasePath = &apos;src/main/webapp&apos;, contextLoader = &apos;org.springframework.test.context.web.WebDelegatingSmartContextLoader&apos;, parent = [null]]], class annotated with @DirtiesContext [false] with mode [null].
04:51:54.057 [main] DEBUG o.s.t.annotation.ProfileValueUtils - Retrieved @ProfileValueSourceConfiguration [null] for test class [edu.ncsu.csc.itrust2.apitest.APILogEntryTest]
04:51:54.057 [main] DEBUG o.s.t.annotation.ProfileValueUtils - Retrieved ProfileValueSource type [class org.springframework.test.annotation.SystemProfileValueSource] for class [edu.ncsu.csc.itrust2.apitest.APILogEntryTest]
04:51:54.057 [main] DEBUG o.s.t.c.c.DefaultCacheAwareContextLoaderDelegate - Retrieved ApplicationContext from cache with key [[WebMergedContextConfiguration@cccaab6 testClass = APILogEntryTest, locations = &apos;{}&apos;, classes = &apos;{class edu.ncsu.csc.itrust2.config.RootConfiguration, class edu.ncsu.csc.itrust2.mvc.config.WebMvcConfiguration}&apos;, contextInitializerClasses = &apos;[]&apos;, activeProfiles = &apos;{}&apos;, propertySourceLocations = &apos;{}&apos;, propertySourceProperties = &apos;{}&apos;, contextCustomizers = set[[empty]], resourceBasePath = &apos;src/main/webapp&apos;, contextLoader = &apos;org.springframework.test.context.web.WebDelegatingSmartContextLoader&apos;, parent = [null]]]
04:51:54.057 [main] DEBUG o.springframework.test.context.cache - Spring test ApplicationContext cache statistics: [DefaultContextCache@3bc22ada size = 1, maxSize = 32, parentContextCount = 0, hitCount = 31, missCount = 1]
04:51:54.057 [main] DEBUG o.s.t.c.w.ServletTestExecutionListener - Setting up MockHttpServletRequest, MockHttpServletResponse, ServletWebRequest, and RequestContextHolder for test context [DefaultTestContext@7f912032 testClass = APILogEntryTest, testInstance = edu.ncsu.csc.itrust2.apitest.APILogEntryTest@8e99f90, testMethod = [null], testException = [null], mergedContextConfiguration = [WebMergedContextConfiguration@cccaab6 testClass = APILogEntryTest, locations = &apos;{}&apos;, classes = &apos;{class edu.ncsu.csc.itrust2.config.RootConfiguration, class edu.ncsu.csc.itrust2.mvc.config.WebMvcConfiguration}&apos;, contextInitializerClasses = &apos;[]&apos;, activeProfiles = &apos;{}&apos;, propertySourceLocations = &apos;{}&apos;, propertySourceProperties = &apos;{}&apos;, contextCustomizers = set[[empty]], resourceBasePath = &apos;src/main/webapp&apos;, contextLoader = &apos;org.springframework.test.context.web.WebDelegatingSmartContextLoader&apos;, parent = [null]]].
04:51:54.057 [main] DEBUG o.s.t.c.s.DependencyInjectionTestExecutionListener - Performing dependency injection for test context [[DefaultTestContext@7f912032 testClass = APILogEntryTest, testInstance = edu.ncsu.csc.itrust2.apitest.APILogEntryTest@8e99f90, testMethod = [null], testException = [null], mergedContextConfiguration = [WebMergedContextConfiguration@cccaab6 testClass = APILogEntryTest, locations = &apos;{}&apos;, classes = &apos;{class edu.ncsu.csc.itrust2.config.RootConfiguration, class edu.ncsu.csc.itrust2.mvc.config.WebMvcConfiguration}&apos;, contextInitializerClasses = &apos;[]&apos;, activeProfiles = &apos;{}&apos;, propertySourceLocations = &apos;{}&apos;, propertySourceProperties = &apos;{}&apos;, contextCustomizers = set[[empty]], resourceBasePath = &apos;src/main/webapp&apos;, contextLoader = &apos;org.springframework.test.context.web.WebDelegatingSmartContextLoader&apos;, parent = [null]]]].
04:51:54.057 [main] DEBUG o.s.t.c.c.DefaultCacheAwareContextLoaderDelegate - Retrieved ApplicationContext from cache with key [[WebMergedContextConfiguration@cccaab6 testClass = APILogEntryTest, locations = &apos;{}&apos;, classes = &apos;{class edu.ncsu.csc.itrust2.config.RootConfiguration, class edu.ncsu.csc.itrust2.mvc.config.WebMvcConfiguration}&apos;, contextInitializerClasses = &apos;[]&apos;, activeProfiles = &apos;{}&apos;, propertySourceLocations = &apos;{}&apos;, propertySourceProperties = &apos;{}&apos;, contextCustomizers = set[[empty]], resourceBasePath = &apos;src/main/webapp&apos;, contextLoader = &apos;org.springframework.test.context.web.WebDelegatingSmartContextLoader&apos;, parent = [null]]]
04:51:54.057 [main] DEBUG o.springframework.test.context.cache - Spring test ApplicationContext cache statistics: [DefaultContextCache@3bc22ada size = 1, maxSize = 32, parentContextCount = 0, hitCount = 32, missCount = 1]
04:51:54.059 [main] DEBUG o.s.b.f.annotation.InjectionMetadata - Processing injected element of bean &apos;edu.ncsu.csc.itrust2.apitest.APILogEntryTest&apos;: AutowiredFieldElement for private org.springframework.web.context.WebApplicationContext edu.ncsu.csc.itrust2.apitest.APILogEntryTest.context
04:51:54.060 [main] DEBUG o.s.b.f.a.AutowiredAnnotationBeanPostProcessor - Autowiring by type from bean name &apos;edu.ncsu.csc.itrust2.apitest.APILogEntryTest&apos; to bean named &apos;org.springframework.web.context.support.GenericWebApplicationContext@37df14d1&apos;
04:51:54.060 [main] DEBUG o.s.b.f.s.DefaultListableBeanFactory - Returning cached instance of singleton bean &apos;metaDataSourceAdvisor&apos;
04:51:54.061 [main] DEBUG o.s.t.c.s.AbstractDirtiesContextTestExecutionListener - Before test method: context [DefaultTestContext@7f912032 testClass = APILogEntryTest, testInstance = edu.ncsu.csc.itrust2.apitest.APILogEntryTest@8e99f90, testMethod = testLogByDateLarge@APILogEntryTest, testException = [null], mergedContextConfiguration = [WebMergedContextConfiguration@cccaab6 testClass = APILogEntryTest, locations = &apos;{}&apos;, classes = &apos;{class edu.ncsu.csc.itrust2.config.RootConfiguration, class edu.ncsu.csc.itrust2.mvc.config.WebMvcConfiguration}&apos;, contextInitializerClasses = &apos;[]&apos;, activeProfiles = &apos;{}&apos;, propertySourceLocations = &apos;{}&apos;, propertySourceProperties = &apos;{}&apos;, contextCustomizers = set[[empty]], resourceBasePath = &apos;src/main/webapp&apos;, contextLoader = &apos;org.springframework.test.context.web.WebDelegatingSmartContextLoader&apos;, parent = [null]]], class annotated with @DirtiesContext [false] with mode [null], method annotated with @DirtiesContext [false] with mode [null].
04:51:54.062 [main] DEBUG o.s.t.c.c.DefaultCacheAwareContextLoaderDelegate - Retrieved ApplicationContext from cache with key [[WebMergedContextConfiguration@cccaab6 testClass = APILogEntryTest, locations = &apos;{}&apos;, classes = &apos;{class edu.ncsu.csc.itrust2.config.RootConfiguration, class edu.ncsu.csc.itrust2.mvc.config.WebMvcConfiguration}&apos;, contextInitializerClasses = &apos;[]&apos;, activeProfiles = &apos;{}&apos;, propertySourceLocations = &apos;{}&apos;, propertySourceProperties = &apos;{}&apos;, contextCustomizers = set[[empty]], resourceBasePath = &apos;src/main/webapp&apos;, contextLoader = &apos;org.springframework.test.context.web.WebDelegatingSmartContextLoader&apos;, parent = [null]]]
04:51:54.062 [main] DEBUG o.springframework.test.context.cache - Spring test ApplicationContext cache statistics: [DefaultContextCache@3bc22ada size = 1, maxSize = 32, parentContextCount = 0, hitCount = 33, missCount = 1]
04:51:54.062 [main] DEBUG o.s.b.f.s.DefaultListableBeanFactory - Creating instance of bean &apos;org.springframework.security.test.context.support.WithMockUserSecurityContextFactory&apos;
04:51:54.063 [main] DEBUG o.s.b.f.s.DefaultListableBeanFactory - Finished creating instance of bean &apos;org.springframework.security.test.context.support.WithMockUserSecurityContextFactory&apos;
04:51:54.063 [main] DEBUG o.s.t.w.s.TestDispatcherServlet - Initializing servlet &apos;&apos;
04:51:54.063 [main] DEBUG o.s.w.c.s.StandardServletEnvironment - Adding [servletConfigInitParams] PropertySource with lowest search precedence
04:51:54.063 [main] DEBUG o.s.w.c.s.StandardServletEnvironment - Adding [servletContextInitParams] PropertySource with lowest search precedence
04:51:54.063 [main] DEBUG o.s.w.c.s.StandardServletEnvironment - Adding [systemProperties] PropertySource with lowest search precedence
04:51:54.064 [main] DEBUG o.s.w.c.s.StandardServletEnvironment - Adding [systemEnvironment] PropertySource with lowest search precedence
04:51:54.064 [main] DEBUG o.s.w.c.s.StandardServletEnvironment - Initialized StandardServletEnvironment with PropertySources [servletConfigInitParams,servletContextInitParams,systemProperties,systemEnvironment]
04:51:54.064 [main] INFO  o.s.mock.web.MockServletContext - Initializing Spring FrameworkServlet &apos;&apos;
04:51:54.065 [main] INFO  o.s.t.w.s.TestDispatcherServlet - FrameworkServlet &apos;&apos;: initialization started
04:51:54.065 [main] DEBUG o.s.t.w.s.TestDispatcherServlet - Unable to locate MultipartResolver with name &apos;multipartResolver&apos;: no multipart request handling provided
04:51:54.065 [main] DEBUG o.s.b.f.s.DefaultListableBeanFactory - Creating instance of bean &apos;org.springframework.web.servlet.i18n.AcceptHeaderLocaleResolver&apos;
04:51:54.065 [main] DEBUG o.s.b.f.s.DefaultListableBeanFactory - Finished creating instance of bean &apos;org.springframework.web.servlet.i18n.AcceptHeaderLocaleResolver&apos;
04:51:54.066 [main] DEBUG o.s.t.w.s.TestDispatcherServlet - Unable to locate LocaleResolver with name &apos;localeResolver&apos;: using default [org.springframework.web.servlet.i18n.AcceptHeaderLocaleResolver@3847dc92]
04:51:54.066 [main] DEBUG o.s.b.f.s.DefaultListableBeanFactory - Creating instance of bean &apos;org.springframework.web.servlet.theme.FixedThemeResolver&apos;
04:51:54.066 [main] DEBUG o.s.b.f.s.DefaultListableBeanFactory - Finished creating instance of bean &apos;org.springframework.web.servlet.theme.FixedThemeResolver&apos;
04:51:54.066 [main] DEBUG o.s.t.w.s.TestDispatcherServlet - Unable to locate ThemeResolver with name &apos;themeResolver&apos;: using default [org.springframework.web.servlet.theme.FixedThemeResolver@51374836]
04:51:54.067 [main] DEBUG o.s.b.f.s.DefaultListableBeanFactory - Returning cached instance of singleton bean &apos;requestMappingHandlerMapping&apos;
04:51:54.070 [main] DEBUG o.s.b.f.s.DefaultListableBeanFactory - Returning cached instance of singleton bean &apos;viewControllerHandlerMapping&apos;
04:51:54.070 [main] DEBUG o.s.b.f.s.DefaultListableBeanFactory - Returning cached instance of singleton bean &apos;beanNameHandlerMapping&apos;
04:51:54.070 [main] DEBUG o.s.b.f.s.DefaultListableBeanFactory - Returning cached instance of singleton bean &apos;resourceHandlerMapping&apos;
04:51:54.070 [main] DEBUG o.s.b.f.s.DefaultListableBeanFactory - Returning cached instance of singleton bean &apos;defaultServletHandlerMapping&apos;
04:51:54.071 [main] DEBUG o.s.b.f.s.DefaultListableBeanFactory - Returning cached instance of singleton bean &apos;requestMappingHandlerAdapter&apos;
04:51:54.071 [main] DEBUG o.s.b.f.s.DefaultListableBeanFactory - Returning cached instance of singleton bean &apos;httpRequestHandlerAdapter&apos;
04:51:54.071 [main] DEBUG o.s.b.f.s.DefaultListableBeanFactory - Returning cached instance of singleton bean &apos;simpleControllerHandlerAdapter&apos;
04:51:54.071 [main] DEBUG o.s.b.f.s.DefaultListableBeanFactory - Returning cached instance of singleton bean &apos;handlerExceptionResolver&apos;
04:51:54.071 [main] DEBUG o.s.b.f.s.DefaultListableBeanFactory - Creating instance of bean &apos;org.springframework.web.servlet.view.DefaultRequestToViewNameTranslator&apos;
04:51:54.071 [main] DEBUG o.s.b.f.s.DefaultListableBeanFactory - Finished creating instance of bean &apos;org.springframework.web.servlet.view.DefaultRequestToViewNameTranslator&apos;
04:51:54.071 [main] DEBUG o.s.t.w.s.TestDispatcherServlet - Unable to locate RequestToViewNameTranslator with name &apos;viewNameTranslator&apos;: using default [org.springframework.web.servlet.view.DefaultRequestToViewNameTranslator@15e6489f]
04:51:54.072 [main] DEBUG o.s.b.f.s.DefaultListableBeanFactory - Returning cached instance of singleton bean &apos;mvcViewResolver&apos;
04:51:54.072 [main] DEBUG o.s.b.f.s.DefaultListableBeanFactory - Returning cached instance of singleton bean &apos;viewResolver&apos;
04:51:54.072 [main] DEBUG o.s.b.f.s.DefaultListableBeanFactory - Creating instance of bean &apos;org.springframework.web.servlet.support.SessionFlashMapManager&apos;
04:51:54.072 [main] DEBUG o.s.b.f.s.DefaultListableBeanFactory - Finished creating instance of bean &apos;org.springframework.web.servlet.support.SessionFlashMapManager&apos;
04:51:54.072 [main] DEBUG o.s.t.w.s.TestDispatcherServlet - Unable to locate FlashMapManager with name &apos;flashMapManager&apos;: using default [org.springframework.web.servlet.support.SessionFlashMapManager@54a81022]
04:51:54.072 [main] DEBUG o.s.t.w.s.TestDispatcherServlet - Published WebApplicationContext of servlet &apos;&apos; as ServletContext attribute with name [org.springframework.web.servlet.FrameworkServlet.CONTEXT.]
04:51:54.072 [main] INFO  o.s.t.w.s.TestDispatcherServlet - FrameworkServlet &apos;&apos;: initialization completed in 7 ms
04:51:54.072 [main] DEBUG o.s.t.w.s.TestDispatcherServlet - Servlet &apos;&apos; configured successfully
04:51:54.072 [main] DEBUG o.h.e.t.internal.TransactionImpl - begin
04:51:54.082 [main] DEBUG org.hibernate.SQL - select user_.username, user_.enabled as enabled2_15_, user_.password as password3_15_, user_.role as role4_15_ from Users user_ where user_.username=?
Hibernate: select user_.username, user_.enabled as enabled2_15_, user_.password as password3_15_, user_.role as role4_15_ from Users user_ where user_.username=?
04:51:54.083 [main] DEBUG o.h.r.j.i.ResourceRegistryStandardImpl - HHH000387: ResultSet&apos;s statement was not registered
04:51:54.084 [main] DEBUG o.h.e.i.AbstractSaveEventListener - Generated identifier: logapitest, using strategy: org.hibernate.id.Assigned
04:51:54.084 [main] DEBUG o.h.e.t.internal.TransactionImpl - committing
04:51:54.084 [main] DEBUG o.h.e.i.AbstractFlushingEventListener - Processing flush-time cascades
04:51:54.084 [main] DEBUG o.h.e.i.AbstractFlushingEventListener - Dirty checking collections
04:51:54.084 [main] DEBUG o.h.e.i.AbstractFlushingEventListener - Flushed: 1 insertions, 0 updates, 0 deletions to 1 objects
04:51:54.084 [main] DEBUG o.h.e.i.AbstractFlushingEventListener - Flushed: 0 (re)creations, 0 updates, 0 removals to 0 collections
04:51:54.084 [main] DEBUG o.h.internal.util.EntityPrinter - Listing entities:
04:51:54.084 [main] DEBUG o.h.internal.util.EntityPrinter - edu.ncsu.csc.itrust2.models.persistent.User{password=$2a$10$EblZqNptyYvcLm/VwDCVAuBjzZOI7khzdyGPBr08PpIi0na624b8., role=ROLE_PATIENT, enabled=1, username=logapitest}
04:51:54.085 [main] DEBUG org.hibernate.SQL - insert into Users (enabled, password, role, username) values (?, ?, ?, ?)
Hibernate: insert into Users (enabled, password, role, username) values (?, ?, ?, ?)
04:51:54.095 [main] DEBUG o.h.e.j.internal.JdbcCoordinatorImpl - HHH000420: Closing un-released batch
04:51:54.095 [main] DEBUG o.h.e.t.internal.TransactionImpl - begin
04:51:54.096 [main] DEBUG org.hibernate.SQL - select next_val as id_val from hibernate_sequence for update
Hibernate: select next_val as id_val from hibernate_sequence for update
04:51:54.096 [main] DEBUG org.hibernate.SQL - update hibernate_sequence set next_val= ? where next_val=?
Hibernate: update hibernate_sequence set next_val= ? where next_val=?
04:51:54.098 [main] DEBUG o.h.e.i.AbstractSaveEventListener - Generated identifier: 25, using strategy: org.hibernate.id.enhanced.SequenceStyleGenerator
04:51:54.098 [main] DEBUG o.h.e.t.internal.TransactionImpl - committing
04:51:54.099 [main] DEBUG o.h.e.i.AbstractFlushingEventListener - Processing flush-time cascades
04:51:54.099 [main] DEBUG o.h.e.i.AbstractFlushingEventListener - Dirty checking collections
04:51:54.099 [main] DEBUG o.h.e.i.AbstractFlushingEventListener - Flushed: 1 insertions, 0 updates, 0 deletions to 1 objects
04:51:54.099 [main] DEBUG o.h.e.i.AbstractFlushingEventListener - Flushed: 0 (re)creations, 0 updates, 0 removals to 0 collections
04:51:54.099 [main] DEBUG o.h.internal.util.EntityPrinter - Listing entities:
04:51:54.099 [main] DEBUG o.h.internal.util.EntityPrinter - edu.ncsu.csc.itrust2.models.persistent.LogEntry{secondaryUser=null, logCode=5, primaryUser=logapitest, id=25, time=java.util.GregorianCalendar[time=1521521514095,areFieldsSet=true,areAllFieldsSet=true,lenient=true,zone=sun.util.calendar.ZoneInfo[id=&quot;Etc/UTC&quot;,offset=0,dstSavings=0,useDaylight=false,transitions=0,lastRule=null],firstDayOfWeek=1,minimalDaysInFirstWeek=1,ERA=1,YEAR=2018,MONTH=2,WEEK_OF_YEAR=12,WEEK_OF_MONTH=4,DAY_OF_MONTH=20,DAY_OF_YEAR=79,DAY_OF_WEEK=3,DAY_OF_WEEK_IN_MONTH=3,AM_PM=0,HOUR=4,HOUR_OF_DAY=4,MINUTE=51,SECOND=54,MILLISECOND=95,ZONE_OFFSET=0,DST_OFFSET=0], message=null}
04:51:54.100 [main] DEBUG org.hibernate.SQL - insert into LogEntries (logCode, message, primaryUser, secondaryUser, time, id) values (?, ?, ?, ?, ?, ?)
Hibernate: insert into LogEntries (logCode, message, primaryUser, secondaryUser, time, id) values (?, ?, ?, ?, ?, ?)
04:51:54.102 [main] DEBUG o.h.e.j.internal.JdbcCoordinatorImpl - HHH000420: Closing un-released batch
04:51:54.102 [main] DEBUG o.h.e.t.internal.TransactionImpl - begin
04:51:54.103 [main] DEBUG org.hibernate.SQL - select next_val as id_val from hibernate_sequence for update
Hibernate: select next_val as id_val from hibernate_sequence for update
04:51:54.104 [main] DEBUG org.hibernate.SQL - update hibernate_sequence set next_val= ? where next_val=?
Hibernate: update hibernate_sequence set next_val= ? where next_val=?
04:51:54.110 [main] DEBUG o.h.e.i.AbstractSaveEventListener - Generated identifier: 26, using strategy: org.hibernate.id.enhanced.SequenceStyleGenerator
04:51:54.111 [main] DEBUG o.h.e.t.internal.TransactionImpl - committing
04:51:54.111 [main] DEBUG o.h.e.i.AbstractFlushingEventListener - Processing flush-time cascades
04:51:54.111 [main] DEBUG o.h.e.i.AbstractFlushingEventListener - Dirty checking collections
04:51:54.111 [main] DEBUG o.h.e.i.AbstractFlushingEventListener - Flushed: 1 insertions, 0 updates, 0 deletions to 1 objects
04:51:54.111 [main] DEBUG o.h.e.i.AbstractFlushingEventListener - Flushed: 0 (re)creations, 0 updates, 0 removals to 0 collections
04:51:54.111 [main] DEBUG o.h.internal.util.EntityPrinter - Listing entities:
04:51:54.111 [main] DEBUG o.h.internal.util.EntityPrinter - edu.ncsu.csc.itrust2.models.persistent.LogEntry{secondaryUser=null, logCode=5, primaryUser=logapitest, id=26, time=java.util.GregorianCalendar[time=1521521514102,areFieldsSet=true,areAllFieldsSet=true,lenient=true,zone=sun.util.calendar.ZoneInfo[id=&quot;Etc/UTC&quot;,offset=0,dstSavings=0,useDaylight=false,transitions=0,lastRule=null],firstDayOfWeek=1,minimalDaysInFirstWeek=1,ERA=1,YEAR=2018,MONTH=2,WEEK_OF_YEAR=12,WEEK_OF_MONTH=4,DAY_OF_MONTH=20,DAY_OF_YEAR=79,DAY_OF_WEEK=3,DAY_OF_WEEK_IN_MONTH=3,AM_PM=0,HOUR=4,HOUR_OF_DAY=4,MINUTE=51,SECOND=54,MILLISECOND=102,ZONE_OFFSET=0,DST_OFFSET=0], message=null}
04:51:54.112 [main] DEBUG org.hibernate.SQL - insert into LogEntries (logCode, message, primaryUser, secondaryUser, time, id) values (?, ?, ?, ?, ?, ?)
Hibernate: insert into LogEntries (logCode, message, primaryUser, secondaryUser, time, id) values (?, ?, ?, ?, ?, ?)
04:51:54.115 [main] DEBUG o.h.e.j.internal.JdbcCoordinatorImpl - HHH000420: Closing un-released batch
04:51:54.117 [main] DEBUG o.h.e.t.internal.TransactionImpl - begin
04:51:54.121 [main] DEBUG org.hibernate.SQL - select next_val as id_val from hibernate_sequence for update
Hibernate: select next_val as id_val from hibernate_sequence for update
04:51:54.122 [main] DEBUG org.hibernate.SQL - update hibernate_sequence set next_val= ? where next_val=?
Hibernate: update hibernate_sequence set next_val= ? where next_val=?
04:51:54.123 [main] DEBUG o.h.e.i.AbstractSaveEventListener - Generated identifier: 27, using strategy: org.hibernate.id.enhanced.SequenceStyleGenerator
04:51:54.123 [main] DEBUG o.h.e.t.internal.TransactionImpl - committing
04:51:54.124 [main] DEBUG o.h.e.i.AbstractFlushingEventListener - Processing flush-time cascades
04:51:54.124 [main] DEBUG o.h.e.i.AbstractFlushingEventListener - Dirty checking collections
04:51:54.124 [main] DEBUG o.h.e.i.AbstractFlushingEventListener - Flushed: 1 insertions, 0 updates, 0 deletions to 1 objects
04:51:54.124 [main] DEBUG o.h.e.i.AbstractFlushingEventListener - Flushed: 0 (re)creations, 0 updates, 0 removals to 0 collections
04:51:54.124 [main] DEBUG o.h.internal.util.EntityPrinter - Listing entities:
04:51:54.124 [main] DEBUG o.h.internal.util.EntityPrinter - edu.ncsu.csc.itrust2.models.persistent.LogEntry{secondaryUser=null, logCode=5, primaryUser=logapitest, id=27, time=java.util.GregorianCalendar[time=1521521514116,areFieldsSet=true,areAllFieldsSet=true,lenient=true,zone=sun.util.calendar.ZoneInfo[id=&quot;Etc/UTC&quot;,offset=0,dstSavings=0,useDaylight=false,transitions=0,lastRule=null],firstDayOfWeek=1,minimalDaysInFirstWeek=1,ERA=1,YEAR=2018,MONTH=2,WEEK_OF_YEAR=12,WEEK_OF_MONTH=4,DAY_OF_MONTH=20,DAY_OF_YEAR=79,DAY_OF_WEEK=3,DAY_OF_WEEK_IN_MONTH=3,AM_PM=0,HOUR=4,HOUR_OF_DAY=4,MINUTE=51,SECOND=54,MILLISECOND=116,ZONE_OFFSET=0,DST_OFFSET=0], message=null}
04:51:54.126 [main] DEBUG org.hibernate.SQL - insert into LogEntries (logCode, message, primaryUser, secondaryUser, time, id) values (?, ?, ?, ?, ?, ?)
Hibernate: insert into LogEntries (logCode, message, primaryUser, secondaryUser, time, id) values (?, ?, ?, ?, ?, ?)
04:51:54.136 [main] DEBUG o.h.e.j.internal.JdbcCoordinatorImpl - HHH000420: Closing un-released batch
04:51:54.136 [main] DEBUG o.h.e.t.internal.TransactionImpl - begin
04:51:54.137 [main] DEBUG org.hibernate.SQL - select next_val as id_val from hibernate_sequence for update
Hibernate: select next_val as id_val from hibernate_sequence for update
04:51:54.138 [main] DEBUG org.hibernate.SQL - update hibernate_sequence set next_val= ? where next_val=?
Hibernate: update hibernate_sequence set next_val= ? where next_val=?
04:51:54.139 [main] DEBUG o.h.e.i.AbstractSaveEventListener - Generated identifier: 28, using strategy: org.hibernate.id.enhanced.SequenceStyleGenerator
04:51:54.139 [main] DEBUG o.h.e.t.internal.TransactionImpl - committing
04:51:54.139 [main] DEBUG o.h.e.i.AbstractFlushingEventListener - Processing flush-time cascades
04:51:54.139 [main] DEBUG o.h.e.i.AbstractFlushingEventListener - Dirty checking collections
04:51:54.139 [main] DEBUG o.h.e.i.AbstractFlushingEventListener - Flushed: 1 insertions, 0 updates, 0 deletions to 1 objects
04:51:54.139 [main] DEBUG o.h.e.i.AbstractFlushingEventListener - Flushed: 0 (re)creations, 0 updates, 0 removals to 0 collections
04:51:54.139 [main] DEBUG o.h.internal.util.EntityPrinter - Listing entities:
04:51:54.139 [main] DEBUG o.h.internal.util.EntityPrinter - edu.ncsu.csc.itrust2.models.persistent.LogEntry{secondaryUser=null, logCode=5, primaryUser=logapitest, id=28, time=java.util.GregorianCalendar[time=1521521514136,areFieldsSet=true,areAllFieldsSet=true,lenient=true,zone=sun.util.calendar.ZoneInfo[id=&quot;Etc/UTC&quot;,offset=0,dstSavings=0,useDaylight=false,transitions=0,lastRule=null],firstDayOfWeek=1,minimalDaysInFirstWeek=1,ERA=1,YEAR=2018,MONTH=2,WEEK_OF_YEAR=12,WEEK_OF_MONTH=4,DAY_OF_MONTH=20,DAY_OF_YEAR=79,DAY_OF_WEEK=3,DAY_OF_WEEK_IN_MONTH=3,AM_PM=0,HOUR=4,HOUR_OF_DAY=4,MINUTE=51,SECOND=54,MILLISECOND=136,ZONE_OFFSET=0,DST_OFFSET=0], message=null}
04:51:54.140 [main] DEBUG org.hibernate.SQL - insert into LogEntries (logCode, message, primaryUser, secondaryUser, time, id) values (?, ?, ?, ?, ?, ?)
Hibernate: insert into LogEntries (logCode, message, primaryUser, secondaryUser, time, id) values (?, ?, ?, ?, ?, ?)
04:51:54.142 [main] DEBUG o.h.e.j.internal.JdbcCoordinatorImpl - HHH000420: Closing un-released batch
04:51:54.142 [main] DEBUG o.h.e.t.internal.TransactionImpl - begin
04:51:54.143 [main] DEBUG org.hibernate.SQL - select next_val as id_val from hibernate_sequence for update
Hibernate: select next_val as id_val from hibernate_sequence for update
04:51:54.143 [main] DEBUG org.hibernate.SQL - update hibernate_sequence set next_val= ? where next_val=?
Hibernate: update hibernate_sequence set next_val= ? where next_val=?
04:51:54.144 [main] DEBUG o.h.e.i.AbstractSaveEventListener - Generated identifier: 29, using strategy: org.hibernate.id.enhanced.SequenceStyleGenerator
04:51:54.144 [main] DEBUG o.h.e.t.internal.TransactionImpl - committing
04:51:54.145 [main] DEBUG o.h.e.i.AbstractFlushingEventListener - Processing flush-time cascades
04:51:54.145 [main] DEBUG o.h.e.i.AbstractFlushingEventListener - Dirty checking collections
04:51:54.145 [main] DEBUG o.h.e.i.AbstractFlushingEventListener - Flushed: 1 insertions, 0 updates, 0 deletions to 1 objects
04:51:54.145 [main] DEBUG o.h.e.i.AbstractFlushingEventListener - Flushed: 0 (re)creations, 0 updates, 0 removals to 0 collections
04:51:54.145 [main] DEBUG o.h.internal.util.EntityPrinter - Listing entities:
04:51:54.145 [main] DEBUG o.h.internal.util.EntityPrinter - edu.ncsu.csc.itrust2.models.persistent.LogEntry{secondaryUser=null, logCode=5, primaryUser=logapitest, id=29, time=java.util.GregorianCalendar[time=1521521514142,areFieldsSet=true,areAllFieldsSet=true,lenient=true,zone=sun.util.calendar.ZoneInfo[id=&quot;Etc/UTC&quot;,offset=0,dstSavings=0,useDaylight=false,transitions=0,lastRule=null],firstDayOfWeek=1,minimalDaysInFirstWeek=1,ERA=1,YEAR=2018,MONTH=2,WEEK_OF_YEAR=12,WEEK_OF_MONTH=4,DAY_OF_MONTH=20,DAY_OF_YEAR=79,DAY_OF_WEEK=3,DAY_OF_WEEK_IN_MONTH=3,AM_PM=0,HOUR=4,HOUR_OF_DAY=4,MINUTE=51,SECOND=54,MILLISECOND=142,ZONE_OFFSET=0,DST_OFFSET=0], message=null}
04:51:54.147 [main] DEBUG org.hibernate.SQL - insert into LogEntries (logCode, message, primaryUser, secondaryUser, time, id) values (?, ?, ?, ?, ?, ?)
Hibernate: insert into LogEntries (logCode, message, primaryUser, secondaryUser, time, id) values (?, ?, ?, ?, ?, ?)
04:51:54.156 [main] DEBUG o.h.e.j.internal.JdbcCoordinatorImpl - HHH000420: Closing un-released batch
04:51:54.157 [main] DEBUG o.h.e.t.internal.TransactionImpl - begin
04:51:54.158 [main] DEBUG org.hibernate.SQL - select next_val as id_val from hibernate_sequence for update
Hibernate: select next_val as id_val from hibernate_sequence for update
04:51:54.159 [main] DEBUG org.hibernate.SQL - update hibernate_sequence set next_val= ? where next_val=?
Hibernate: update hibernate_sequence set next_val= ? where next_val=?
04:51:54.160 [main] DEBUG o.h.e.i.AbstractSaveEventListener - Generated identifier: 30, using strategy: org.hibernate.id.enhanced.SequenceStyleGenerator
04:51:54.161 [main] DEBUG o.h.e.t.internal.TransactionImpl - committing
04:51:54.161 [main] DEBUG o.h.e.i.AbstractFlushingEventListener - Processing flush-time cascades
04:51:54.161 [main] DEBUG o.h.e.i.AbstractFlushingEventListener - Dirty checking collections
04:51:54.161 [main] DEBUG o.h.e.i.AbstractFlushingEventListener - Flushed: 1 insertions, 0 updates, 0 deletions to 1 objects
04:51:54.161 [main] DEBUG o.h.e.i.AbstractFlushingEventListener - Flushed: 0 (re)creations, 0 updates, 0 removals to 0 collections
04:51:54.161 [main] DEBUG o.h.internal.util.EntityPrinter - Listing entities:
04:51:54.161 [main] DEBUG o.h.internal.util.EntityPrinter - edu.ncsu.csc.itrust2.models.persistent.LogEntry{secondaryUser=null, logCode=5, primaryUser=logapitest, id=30, time=java.util.GregorianCalendar[time=1521521514157,areFieldsSet=true,areAllFieldsSet=true,lenient=true,zone=sun.util.calendar.ZoneInfo[id=&quot;Etc/UTC&quot;,offset=0,dstSavings=0,useDaylight=false,transitions=0,lastRule=null],firstDayOfWeek=1,minimalDaysInFirstWeek=1,ERA=1,YEAR=2018,MONTH=2,WEEK_OF_YEAR=12,WEEK_OF_MONTH=4,DAY_OF_MONTH=20,DAY_OF_YEAR=79,DAY_OF_WEEK=3,DAY_OF_WEEK_IN_MONTH=3,AM_PM=0,HOUR=4,HOUR_OF_DAY=4,MINUTE=51,SECOND=54,MILLISECOND=157,ZONE_OFFSET=0,DST_OFFSET=0], message=null}
04:51:54.164 [main] DEBUG org.hibernate.SQL - insert into LogEntries (logCode, message, primaryUser, secondaryUser, time, id) values (?, ?, ?, ?, ?, ?)
Hibernate: insert into LogEntries (logCode, message, primaryUser, secondaryUser, time, id) values (?, ?, ?, ?, ?, ?)
04:51:54.167 [main] DEBUG o.h.e.j.internal.JdbcCoordinatorImpl - HHH000420: Closing un-released batch
04:51:54.167 [main] DEBUG o.h.e.t.internal.TransactionImpl - begin
04:51:54.171 [main] DEBUG org.hibernate.SQL - select next_val as id_val from hibernate_sequence for update
Hibernate: select next_val as id_val from hibernate_sequence for update
04:51:54.171 [main] DEBUG org.hibernate.SQL - update hibernate_sequence set next_val= ? where next_val=?
Hibernate: update hibernate_sequence set next_val= ? where next_val=?
04:51:54.172 [main] DEBUG o.h.e.i.AbstractSaveEventListener - Generated identifier: 31, using strategy: org.hibernate.id.enhanced.SequenceStyleGenerator
04:51:54.173 [main] DEBUG o.h.e.t.internal.TransactionImpl - committing
04:51:54.173 [main] DEBUG o.h.e.i.AbstractFlushingEventListener - Processing flush-time cascades
04:51:54.173 [main] DEBUG o.h.e.i.AbstractFlushingEventListener - Dirty checking collections
04:51:54.173 [main] DEBUG o.h.e.i.AbstractFlushingEventListener - Flushed: 1 insertions, 0 updates, 0 deletions to 1 objects
04:51:54.173 [main] DEBUG o.h.e.i.AbstractFlushingEventListener - Flushed: 0 (re)creations, 0 updates, 0 removals to 0 collections
04:51:54.173 [main] DEBUG o.h.internal.util.EntityPrinter - Listing entities:
04:51:54.173 [main] DEBUG o.h.internal.util.EntityPrinter - edu.ncsu.csc.itrust2.models.persistent.LogEntry{secondaryUser=null, logCode=5, primaryUser=logapitest, id=31, time=java.util.GregorianCalendar[time=1521521514167,areFieldsSet=true,areAllFieldsSet=true,lenient=true,zone=sun.util.calendar.ZoneInfo[id=&quot;Etc/UTC&quot;,offset=0,dstSavings=0,useDaylight=false,transitions=0,lastRule=null],firstDayOfWeek=1,minimalDaysInFirstWeek=1,ERA=1,YEAR=2018,MONTH=2,WEEK_OF_YEAR=12,WEEK_OF_MONTH=4,DAY_OF_MONTH=20,DAY_OF_YEAR=79,DAY_OF_WEEK=3,DAY_OF_WEEK_IN_MONTH=3,AM_PM=0,HOUR=4,HOUR_OF_DAY=4,MINUTE=51,SECOND=54,MILLISECOND=167,ZONE_OFFSET=0,DST_OFFSET=0], message=null}
04:51:54.174 [main] DEBUG org.hibernate.SQL - insert into LogEntries (logCode, message, primaryUser, secondaryUser, time, id) values (?, ?, ?, ?, ?, ?)
Hibernate: insert into LogEntries (logCode, message, primaryUser, secondaryUser, time, id) values (?, ?, ?, ?, ?, ?)
04:51:54.175 [main] DEBUG o.h.e.j.internal.JdbcCoordinatorImpl - HHH000420: Closing un-released batch
04:51:54.176 [main] DEBUG o.h.e.t.internal.TransactionImpl - begin
04:51:54.183 [main] DEBUG org.hibernate.SQL - select next_val as id_val from hibernate_sequence for update
Hibernate: select next_val as id_val from hibernate_sequence for update
04:51:54.183 [main] DEBUG org.hibernate.SQL - update hibernate_sequence set next_val= ? where next_val=?
Hibernate: update hibernate_sequence set next_val= ? where next_val=?
04:51:54.209 [main] DEBUG o.h.e.i.AbstractSaveEventListener - Generated identifier: 32, using strategy: org.hibernate.id.enhanced.SequenceStyleGenerator
04:51:54.210 [main] DEBUG o.h.e.t.internal.TransactionImpl - committing
04:51:54.210 [main] DEBUG o.h.e.i.AbstractFlushingEventListener - Processing flush-time cascades
04:51:54.210 [main] DEBUG o.h.e.i.AbstractFlushingEventListener - Dirty checking collections
04:51:54.210 [main] DEBUG o.h.e.i.AbstractFlushingEventListener - Flushed: 1 insertions, 0 updates, 0 deletions to 1 objects
04:51:54.210 [main] DEBUG o.h.e.i.AbstractFlushingEventListener - Flushed: 0 (re)creations, 0 updates, 0 removals to 0 collections
04:51:54.210 [main] DEBUG o.h.internal.util.EntityPrinter - Listing entities:
04:51:54.210 [main] DEBUG o.h.internal.util.EntityPrinter - edu.ncsu.csc.itrust2.models.persistent.LogEntry{secondaryUser=null, logCode=5, primaryUser=logapitest, id=32, time=java.util.GregorianCalendar[time=1521521514175,areFieldsSet=true,areAllFieldsSet=true,lenient=true,zone=sun.util.calendar.ZoneInfo[id=&quot;Etc/UTC&quot;,offset=0,dstSavings=0,useDaylight=false,transitions=0,lastRule=null],firstDayOfWeek=1,minimalDaysInFirstWeek=1,ERA=1,YEAR=2018,MONTH=2,WEEK_OF_YEAR=12,WEEK_OF_MONTH=4,DAY_OF_MONTH=20,DAY_OF_YEAR=79,DAY_OF_WEEK=3,DAY_OF_WEEK_IN_MONTH=3,AM_PM=0,HOUR=4,HOUR_OF_DAY=4,MINUTE=51,SECOND=54,MILLISECOND=175,ZONE_OFFSET=0,DST_OFFSET=0], message=null}
04:51:54.211 [main] DEBUG org.hibernate.SQL - insert into LogEntries (logCode, message, primaryUser, secondaryUser, time, id) values (?, ?, ?, ?, ?, ?)
Hibernate: insert into LogEntries (logCode, message, primaryUser, secondaryUser, time, id) values (?, ?, ?, ?, ?, ?)
04:51:54.214 [main] DEBUG o.h.e.j.internal.JdbcCoordinatorImpl - HHH000420: Closing un-released batch
04:51:54.215 [main] DEBUG o.h.e.t.internal.TransactionImpl - begin
04:51:54.217 [main] DEBUG org.hibernate.SQL - select next_val as id_val from hibernate_sequence for update
Hibernate: select next_val as id_val from hibernate_sequence for update
04:51:54.217 [main] DEBUG org.hibernate.SQL - update hibernate_sequence set next_val= ? where next_val=?
Hibernate: update hibernate_sequence set next_val= ? where next_val=?
04:51:54.219 [main] DEBUG o.h.e.i.AbstractSaveEventListener - Generated identifier: 33, using strategy: org.hibernate.id.enhanced.SequenceStyleGenerator
04:51:54.219 [main] DEBUG o.h.e.t.internal.TransactionImpl - committing
04:51:54.219 [main] DEBUG o.h.e.i.AbstractFlushingEventListener - Processing flush-time cascades
04:51:54.219 [main] DEBUG o.h.e.i.AbstractFlushingEventListener - Dirty checking collections
04:51:54.220 [main] DEBUG o.h.e.i.AbstractFlushingEventListener - Flushed: 1 insertions, 0 updates, 0 deletions to 1 objects
04:51:54.220 [main] DEBUG o.h.e.i.AbstractFlushingEventListener - Flushed: 0 (re)creations, 0 updates, 0 removals to 0 collections
04:51:54.220 [main] DEBUG o.h.internal.util.EntityPrinter - Listing entities:
04:51:54.220 [main] DEBUG o.h.internal.util.EntityPrinter - edu.ncsu.csc.itrust2.models.persistent.LogEntry{secondaryUser=null, logCode=5, primaryUser=logapitest, id=33, time=java.util.GregorianCalendar[time=1521521514214,areFieldsSet=true,areAllFieldsSet=true,lenient=true,zone=sun.util.calendar.ZoneInfo[id=&quot;Etc/UTC&quot;,offset=0,dstSavings=0,useDaylight=false,transitions=0,lastRule=null],firstDayOfWeek=1,minimalDaysInFirstWeek=1,ERA=1,YEAR=2018,MONTH=2,WEEK_OF_YEAR=12,WEEK_OF_MONTH=4,DAY_OF_MONTH=20,DAY_OF_YEAR=79,DAY_OF_WEEK=3,DAY_OF_WEEK_IN_MONTH=3,AM_PM=0,HOUR=4,HOUR_OF_DAY=4,MINUTE=51,SECOND=54,MILLISECOND=214,ZONE_OFFSET=0,DST_OFFSET=0], message=null}
04:51:54.227 [main] DEBUG org.hibernate.SQL - insert into LogEntries (logCode, message, primaryUser, secondaryUser, time, id) values (?, ?, ?, ?, ?, ?)
Hibernate: insert into LogEntries (logCode, message, primaryUser, secondaryUser, time, id) values (?, ?, ?, ?, ?, ?)
04:51:54.230 [main] DEBUG o.h.e.j.internal.JdbcCoordinatorImpl - HHH000420: Closing un-released batch
04:51:54.230 [main] DEBUG o.h.e.t.internal.TransactionImpl - begin
04:51:54.231 [main] DEBUG org.hibernate.SQL - select next_val as id_val from hibernate_sequence for update
Hibernate: select next_val as id_val from hibernate_sequence for update
04:51:54.231 [main] DEBUG org.hibernate.SQL - update hibernate_sequence set next_val= ? where next_val=?
Hibernate: update hibernate_sequence set next_val= ? where next_val=?
04:51:54.233 [main] DEBUG o.h.e.i.AbstractSaveEventListener - Generated identifier: 34, using strategy: org.hibernate.id.enhanced.SequenceStyleGenerator
04:51:54.233 [main] DEBUG o.h.e.t.internal.TransactionImpl - committing
04:51:54.234 [main] DEBUG o.h.e.i.AbstractFlushingEventListener - Processing flush-time cascades
04:51:54.234 [main] DEBUG o.h.e.i.AbstractFlushingEventListener - Dirty checking collections
04:51:54.234 [main] DEBUG o.h.e.i.AbstractFlushingEventListener - Flushed: 1 insertions, 0 updates, 0 deletions to 1 objects
04:51:54.234 [main] DEBUG o.h.e.i.AbstractFlushingEventListener - Flushed: 0 (re)creations, 0 updates, 0 removals to 0 collections
04:51:54.234 [main] DEBUG o.h.internal.util.EntityPrinter - Listing entities:
04:51:54.234 [main] DEBUG o.h.internal.util.EntityPrinter - edu.ncsu.csc.itrust2.models.persistent.LogEntry{secondaryUser=null, logCode=5, primaryUser=logapitest, id=34, time=java.util.GregorianCalendar[time=1521521514230,areFieldsSet=true,areAllFieldsSet=true,lenient=true,zone=sun.util.calendar.ZoneInfo[id=&quot;Etc/UTC&quot;,offset=0,dstSavings=0,useDaylight=false,transitions=0,lastRule=null],firstDayOfWeek=1,minimalDaysInFirstWeek=1,ERA=1,YEAR=2018,MONTH=2,WEEK_OF_YEAR=12,WEEK_OF_MONTH=4,DAY_OF_MONTH=20,DAY_OF_YEAR=79,DAY_OF_WEEK=3,DAY_OF_WEEK_IN_MONTH=3,AM_PM=0,HOUR=4,HOUR_OF_DAY=4,MINUTE=51,SECOND=54,MILLISECOND=230,ZONE_OFFSET=0,DST_OFFSET=0], message=null}
04:51:54.235 [main] DEBUG org.hibernate.SQL - insert into LogEntries (logCode, message, primaryUser, secondaryUser, time, id) values (?, ?, ?, ?, ?, ?)
Hibernate: insert into LogEntries (logCode, message, primaryUser, secondaryUser, time, id) values (?, ?, ?, ?, ?, ?)
04:51:54.237 [main] DEBUG o.h.e.j.internal.JdbcCoordinatorImpl - HHH000420: Closing un-released batch
04:51:54.238 [main] DEBUG o.h.e.t.internal.TransactionImpl - begin
04:51:54.240 [main] DEBUG org.hibernate.SQL - select next_val as id_val from hibernate_sequence for update
Hibernate: select next_val as id_val from hibernate_sequence for update
04:51:54.240 [main] DEBUG org.hibernate.SQL - update hibernate_sequence set next_val= ? where next_val=?
Hibernate: update hibernate_sequence set next_val= ? where next_val=?
04:51:54.241 [main] DEBUG o.h.e.i.AbstractSaveEventListener - Generated identifier: 35, using strategy: org.hibernate.id.enhanced.SequenceStyleGenerator
04:51:54.241 [main] DEBUG o.h.e.t.internal.TransactionImpl - committing
04:51:54.241 [main] DEBUG o.h.e.i.AbstractFlushingEventListener - Processing flush-time cascades
04:51:54.242 [main] DEBUG o.h.e.i.AbstractFlushingEventListener - Dirty checking collections
04:51:54.242 [main] DEBUG o.h.e.i.AbstractFlushingEventListener - Flushed: 1 insertions, 0 updates, 0 deletions to 1 objects
04:51:54.242 [main] DEBUG o.h.e.i.AbstractFlushingEventListener - Flushed: 0 (re)creations, 0 updates, 0 removals to 0 collections
04:51:54.242 [main] DEBUG o.h.internal.util.EntityPrinter - Listing entities:
04:51:54.242 [main] DEBUG o.h.internal.util.EntityPrinter - edu.ncsu.csc.itrust2.models.persistent.LogEntry{secondaryUser=null, logCode=5, primaryUser=logapitest, id=35, time=java.util.GregorianCalendar[time=1521521514238,areFieldsSet=true,areAllFieldsSet=true,lenient=true,zone=sun.util.calendar.ZoneInfo[id=&quot;Etc/UTC&quot;,offset=0,dstSavings=0,useDaylight=false,transitions=0,lastRule=null],firstDayOfWeek=1,minimalDaysInFirstWeek=1,ERA=1,YEAR=2018,MONTH=2,WEEK_OF_YEAR=12,WEEK_OF_MONTH=4,DAY_OF_MONTH=20,DAY_OF_YEAR=79,DAY_OF_WEEK=3,DAY_OF_WEEK_IN_MONTH=3,AM_PM=0,HOUR=4,HOUR_OF_DAY=4,MINUTE=51,SECOND=54,MILLISECOND=238,ZONE_OFFSET=0,DST_OFFSET=0], message=null}
04:51:54.243 [main] DEBUG org.hibernate.SQL - insert into LogEntries (logCode, message, primaryUser, secondaryUser, time, id) values (?, ?, ?, ?, ?, ?)
Hibernate: insert into LogEntries (logCode, message, primaryUser, secondaryUser, time, id) values (?, ?, ?, ?, ?, ?)
04:51:54.246 [main] DEBUG o.h.e.j.internal.JdbcCoordinatorImpl - HHH000420: Closing un-released batch
04:51:54.247 [main] DEBUG o.h.e.t.internal.TransactionImpl - begin
04:51:54.247 [main] DEBUG org.hibernate.SQL - select next_val as id_val from hibernate_sequence for update
Hibernate: select next_val as id_val from hibernate_sequence for update
04:51:54.247 [main] DEBUG org.hibernate.SQL - update hibernate_sequence set next_val= ? where next_val=?
Hibernate: update hibernate_sequence set next_val= ? where next_val=?
04:51:54.249 [main] DEBUG o.h.e.i.AbstractSaveEventListener - Generated identifier: 36, using strategy: org.hibernate.id.enhanced.SequenceStyleGenerator
04:51:54.251 [main] DEBUG o.h.e.t.internal.TransactionImpl - committing
04:51:54.251 [main] DEBUG o.h.e.i.AbstractFlushingEventListener - Processing flush-time cascades
04:51:54.251 [main] DEBUG o.h.e.i.AbstractFlushingEventListener - Dirty checking collections
04:51:54.253 [main] DEBUG o.h.e.i.AbstractFlushingEventListener - Flushed: 1 insertions, 0 updates, 0 deletions to 1 objects
04:51:54.254 [main] DEBUG o.h.e.i.AbstractFlushingEventListener - Flushed: 0 (re)creations, 0 updates, 0 removals to 0 collections
04:51:54.254 [main] DEBUG o.h.internal.util.EntityPrinter - Listing entities:
04:51:54.254 [main] DEBUG o.h.internal.util.EntityPrinter - edu.ncsu.csc.itrust2.models.persistent.LogEntry{secondaryUser=null, logCode=5, primaryUser=logapitest, id=36, time=java.util.GregorianCalendar[time=1521521514246,areFieldsSet=true,areAllFieldsSet=true,lenient=true,zone=sun.util.calendar.ZoneInfo[id=&quot;Etc/UTC&quot;,offset=0,dstSavings=0,useDaylight=false,transitions=0,lastRule=null],firstDayOfWeek=1,minimalDaysInFirstWeek=1,ERA=1,YEAR=2018,MONTH=2,WEEK_OF_YEAR=12,WEEK_OF_MONTH=4,DAY_OF_MONTH=20,DAY_OF_YEAR=79,DAY_OF_WEEK=3,DAY_OF_WEEK_IN_MONTH=3,AM_PM=0,HOUR=4,HOUR_OF_DAY=4,MINUTE=51,SECOND=54,MILLISECOND=246,ZONE_OFFSET=0,DST_OFFSET=0], message=null}
04:51:54.255 [main] DEBUG org.hibernate.SQL - insert into LogEntries (logCode, message, primaryUser, secondaryUser, time, id) values (?, ?, ?, ?, ?, ?)
Hibernate: insert into LogEntries (logCode, message, primaryUser, secondaryUser, time, id) values (?, ?, ?, ?, ?, ?)
04:51:54.260 [main] DEBUG o.h.e.j.internal.JdbcCoordinatorImpl - HHH000420: Closing un-released batch
04:51:54.263 [main] DEBUG o.h.e.t.internal.TransactionImpl - begin
04:51:54.264 [main] DEBUG org.hibernate.SQL - select next_val as id_val from hibernate_sequence for update
Hibernate: select next_val as id_val from hibernate_sequence for update
04:51:54.265 [main] DEBUG org.hibernate.SQL - update hibernate_sequence set next_val= ? where next_val=?
Hibernate: update hibernate_sequence set next_val= ? where next_val=?
04:51:54.267 [main] DEBUG o.h.e.i.AbstractSaveEventListener - Generated identifier: 37, using strategy: org.hibernate.id.enhanced.SequenceStyleGenerator
04:51:54.268 [main] DEBUG o.h.e.t.internal.TransactionImpl - committing
04:51:54.268 [main] DEBUG o.h.e.i.AbstractFlushingEventListener - Processing flush-time cascades
04:51:54.268 [main] DEBUG o.h.e.i.AbstractFlushingEventListener - Dirty checking collections
04:51:54.268 [main] DEBUG o.h.e.i.AbstractFlushingEventListener - Flushed: 1 insertions, 0 updates, 0 deletions to 1 objects
04:51:54.269 [main] DEBUG o.h.e.i.AbstractFlushingEventListener - Flushed: 0 (re)creations, 0 updates, 0 removals to 0 collections
04:51:54.269 [main] DEBUG o.h.internal.util.EntityPrinter - Listing entities:
04:51:54.269 [main] DEBUG o.h.internal.util.EntityPrinter - edu.ncsu.csc.itrust2.models.persistent.LogEntry{secondaryUser=null, logCode=5, primaryUser=logapitest, id=37, time=java.util.GregorianCalendar[time=1521521514261,areFieldsSet=true,areAllFieldsSet=true,lenient=true,zone=sun.util.calendar.ZoneInfo[id=&quot;Etc/UTC&quot;,offset=0,dstSavings=0,useDaylight=false,transitions=0,lastRule=null],firstDayOfWeek=1,minimalDaysInFirstWeek=1,ERA=1,YEAR=2018,MONTH=2,WEEK_OF_YEAR=12,WEEK_OF_MONTH=4,DAY_OF_MONTH=20,DAY_OF_YEAR=79,DAY_OF_WEEK=3,DAY_OF_WEEK_IN_MONTH=3,AM_PM=0,HOUR=4,HOUR_OF_DAY=4,MINUTE=51,SECOND=54,MILLISECOND=261,ZONE_OFFSET=0,DST_OFFSET=0], message=null}
04:51:54.270 [main] DEBUG org.hibernate.SQL - insert into LogEntries (logCode, message, primaryUser, secondaryUser, time, id) values (?, ?, ?, ?, ?, ?)
Hibernate: insert into LogEntries (logCode, message, primaryUser, secondaryUser, time, id) values (?, ?, ?, ?, ?, ?)
04:51:54.272 [main] DEBUG o.h.e.j.internal.JdbcCoordinatorImpl - HHH000420: Closing un-released batch
04:51:54.273 [main] DEBUG o.h.e.t.internal.TransactionImpl - begin
04:51:54.275 [main] DEBUG org.hibernate.SQL - select next_val as id_val from hibernate_sequence for update
Hibernate: select next_val as id_val from hibernate_sequence for update
04:51:54.275 [main] DEBUG org.hibernate.SQL - update hibernate_sequence set next_val= ? where next_val=?
Hibernate: update hibernate_sequence set next_val= ? where next_val=?
04:51:54.277 [main] DEBUG o.h.e.i.AbstractSaveEventListener - Generated identifier: 38, using strategy: org.hibernate.id.enhanced.SequenceStyleGenerator
04:51:54.278 [main] DEBUG o.h.e.t.internal.TransactionImpl - committing
04:51:54.278 [main] DEBUG o.h.e.i.AbstractFlushingEventListener - Processing flush-time cascades
04:51:54.278 [main] DEBUG o.h.e.i.AbstractFlushingEventListener - Dirty checking collections
04:51:54.278 [main] DEBUG o.h.e.i.AbstractFlushingEventListener - Flushed: 1 insertions, 0 updates, 0 deletions to 1 objects
04:51:54.280 [main] DEBUG o.h.e.i.AbstractFlushingEventListener - Flushed: 0 (re)creations, 0 updates, 0 removals to 0 collections
04:51:54.280 [main] DEBUG o.h.internal.util.EntityPrinter - Listing entities:
04:51:54.280 [main] DEBUG o.h.internal.util.EntityPrinter - edu.ncsu.csc.itrust2.models.persistent.LogEntry{secondaryUser=null, logCode=5, primaryUser=logapitest, id=38, time=java.util.GregorianCalendar[time=1521521514272,areFieldsSet=true,areAllFieldsSet=true,lenient=true,zone=sun.util.calendar.ZoneInfo[id=&quot;Etc/UTC&quot;,offset=0,dstSavings=0,useDaylight=false,transitions=0,lastRule=null],firstDayOfWeek=1,minimalDaysInFirstWeek=1,ERA=1,YEAR=2018,MONTH=2,WEEK_OF_YEAR=12,WEEK_OF_MONTH=4,DAY_OF_MONTH=20,DAY_OF_YEAR=79,DAY_OF_WEEK=3,DAY_OF_WEEK_IN_MONTH=3,AM_PM=0,HOUR=4,HOUR_OF_DAY=4,MINUTE=51,SECOND=54,MILLISECOND=272,ZONE_OFFSET=0,DST_OFFSET=0], message=null}
04:51:54.280 [main] DEBUG org.hibernate.SQL - insert into LogEntries (logCode, message, primaryUser, secondaryUser, time, id) values (?, ?, ?, ?, ?, ?)
Hibernate: insert into LogEntries (logCode, message, primaryUser, secondaryUser, time, id) values (?, ?, ?, ?, ?, ?)
04:51:54.286 [main] DEBUG o.h.e.j.internal.JdbcCoordinatorImpl - HHH000420: Closing un-released batch
04:
...[truncated 1294676 chars]...
 for [edu.ncsu.csc.itrust2.models.persistent.LogEntry#443]
04:51:58.820 [main] DEBUG o.h.engine.internal.TwoPhaseLoad - Done materializing entity [edu.ncsu.csc.itrust2.models.persistent.LogEntry#443]
04:51:58.820 [main] DEBUG o.h.engine.internal.TwoPhaseLoad - Resolving associations for [edu.ncsu.csc.itrust2.models.persistent.LogEntry#444]
04:51:58.820 [main] DEBUG o.h.engine.internal.TwoPhaseLoad - Done materializing entity [edu.ncsu.csc.itrust2.models.persistent.LogEntry#444]
04:51:58.821 [main] DEBUG o.h.engine.internal.TwoPhaseLoad - Resolving associations for [edu.ncsu.csc.itrust2.models.persistent.LogEntry#445]
04:51:58.821 [main] DEBUG o.h.engine.internal.TwoPhaseLoad - Done materializing entity [edu.ncsu.csc.itrust2.models.persistent.LogEntry#445]
04:51:58.821 [main] DEBUG o.h.engine.internal.TwoPhaseLoad - Resolving associations for [edu.ncsu.csc.itrust2.models.persistent.LogEntry#446]
04:51:58.821 [main] DEBUG o.h.engine.internal.TwoPhaseLoad - Done materializing entity [edu.ncsu.csc.itrust2.models.persistent.LogEntry#446]
04:51:58.821 [main] DEBUG o.h.engine.internal.TwoPhaseLoad - Resolving associations for [edu.ncsu.csc.itrust2.models.persistent.LogEntry#447]
04:51:58.821 [main] DEBUG o.h.engine.internal.TwoPhaseLoad - Done materializing entity [edu.ncsu.csc.itrust2.models.persistent.LogEntry#447]
04:51:58.821 [main] DEBUG o.h.engine.internal.TwoPhaseLoad - Resolving associations for [edu.ncsu.csc.itrust2.models.persistent.LogEntry#448]
04:51:58.821 [main] DEBUG o.h.engine.internal.TwoPhaseLoad - Done materializing entity [edu.ncsu.csc.itrust2.models.persistent.LogEntry#448]
04:51:58.821 [main] DEBUG o.h.engine.internal.TwoPhaseLoad - Resolving associations for [edu.ncsu.csc.itrust2.models.persistent.LogEntry#449]
04:51:58.821 [main] DEBUG o.h.engine.internal.TwoPhaseLoad - Done materializing entity [edu.ncsu.csc.itrust2.models.persistent.LogEntry#449]
04:51:58.822 [main] DEBUG o.h.engine.internal.TwoPhaseLoad - Resolving associations for [edu.ncsu.csc.itrust2.models.persistent.LogEntry#450]
04:51:58.822 [main] DEBUG o.h.engine.internal.TwoPhaseLoad - Done materializing entity [edu.ncsu.csc.itrust2.models.persistent.LogEntry#450]
04:51:58.822 [main] DEBUG o.h.engine.internal.TwoPhaseLoad - Resolving associations for [edu.ncsu.csc.itrust2.models.persistent.LogEntry#451]
04:51:58.822 [main] DEBUG o.h.engine.internal.TwoPhaseLoad - Done materializing entity [edu.ncsu.csc.itrust2.models.persistent.LogEntry#451]
04:51:58.822 [main] DEBUG o.h.engine.internal.TwoPhaseLoad - Resolving associations for [edu.ncsu.csc.itrust2.models.persistent.LogEntry#452]
04:51:58.822 [main] DEBUG o.h.engine.internal.TwoPhaseLoad - Done materializing entity [edu.ncsu.csc.itrust2.models.persistent.LogEntry#452]
04:51:58.822 [main] DEBUG o.h.engine.internal.TwoPhaseLoad - Resolving associations for [edu.ncsu.csc.itrust2.models.persistent.LogEntry#453]
04:51:58.822 [main] DEBUG o.h.engine.internal.TwoPhaseLoad - Done materializing entity [edu.ncsu.csc.itrust2.models.persistent.LogEntry#453]
04:51:58.822 [main] DEBUG o.h.engine.internal.TwoPhaseLoad - Resolving associations for [edu.ncsu.csc.itrust2.models.persistent.LogEntry#454]
04:51:58.822 [main] DEBUG o.h.engine.internal.TwoPhaseLoad - Done materializing entity [edu.ncsu.csc.itrust2.models.persistent.LogEntry#454]
04:51:58.822 [main] DEBUG o.h.engine.internal.TwoPhaseLoad - Resolving associations for [edu.ncsu.csc.itrust2.models.persistent.LogEntry#455]
04:51:58.822 [main] DEBUG o.h.engine.internal.TwoPhaseLoad - Done materializing entity [edu.ncsu.csc.itrust2.models.persistent.LogEntry#455]
04:51:58.823 [main] DEBUG o.h.engine.internal.TwoPhaseLoad - Resolving associations for [edu.ncsu.csc.itrust2.models.persistent.LogEntry#456]
04:51:58.823 [main] DEBUG o.h.engine.internal.TwoPhaseLoad - Done materializing entity [edu.ncsu.csc.itrust2.models.persistent.LogEntry#456]
04:51:58.823 [main] DEBUG o.h.engine.internal.TwoPhaseLoad - Resolving associations for [edu.ncsu.csc.itrust2.models.persistent.LogEntry#457]
04:51:58.823 [main] DEBUG o.h.engine.internal.TwoPhaseLoad - Done materializing entity [edu.ncsu.csc.itrust2.models.persistent.LogEntry#457]
04:51:58.823 [main] DEBUG o.h.engine.internal.TwoPhaseLoad - Resolving associations for [edu.ncsu.csc.itrust2.models.persistent.LogEntry#458]
04:51:58.823 [main] DEBUG o.h.engine.internal.TwoPhaseLoad - Done materializing entity [edu.ncsu.csc.itrust2.models.persistent.LogEntry#458]
04:51:58.823 [main] DEBUG o.h.engine.internal.TwoPhaseLoad - Resolving associations for [edu.ncsu.csc.itrust2.models.persistent.LogEntry#459]
04:51:58.823 [main] DEBUG o.h.engine.internal.TwoPhaseLoad - Done materializing entity [edu.ncsu.csc.itrust2.models.persistent.LogEntry#459]
04:51:58.823 [main] DEBUG o.h.engine.internal.TwoPhaseLoad - Resolving associations for [edu.ncsu.csc.itrust2.models.persistent.LogEntry#460]
04:51:58.823 [main] DEBUG o.h.engine.internal.TwoPhaseLoad - Done materializing entity [edu.ncsu.csc.itrust2.models.persistent.LogEntry#460]
04:51:58.823 [main] DEBUG o.h.engine.internal.TwoPhaseLoad - Resolving associations for [edu.ncsu.csc.itrust2.models.persistent.LogEntry#461]
04:51:58.823 [main] DEBUG o.h.engine.internal.TwoPhaseLoad - Done materializing entity [edu.ncsu.csc.itrust2.models.persistent.LogEntry#461]
04:51:58.823 [main] DEBUG o.h.engine.internal.TwoPhaseLoad - Resolving associations for [edu.ncsu.csc.itrust2.models.persistent.LogEntry#462]
04:51:58.824 [main] DEBUG o.h.engine.internal.TwoPhaseLoad - Done materializing entity [edu.ncsu.csc.itrust2.models.persistent.LogEntry#462]
04:51:58.824 [main] DEBUG o.h.engine.internal.TwoPhaseLoad - Resolving associations for [edu.ncsu.csc.itrust2.models.persistent.LogEntry#463]
04:51:58.824 [main] DEBUG o.h.engine.internal.TwoPhaseLoad - Done materializing entity [edu.ncsu.csc.itrust2.models.persistent.LogEntry#463]
04:51:58.824 [main] DEBUG o.h.engine.internal.TwoPhaseLoad - Resolving associations for [edu.ncsu.csc.itrust2.models.persistent.LogEntry#464]
04:51:58.824 [main] DEBUG o.h.engine.internal.TwoPhaseLoad - Done materializing entity [edu.ncsu.csc.itrust2.models.persistent.LogEntry#464]
04:51:58.824 [main] DEBUG o.h.engine.internal.TwoPhaseLoad - Resolving associations for [edu.ncsu.csc.itrust2.models.persistent.LogEntry#465]
04:51:58.824 [main] DEBUG o.h.engine.internal.TwoPhaseLoad - Done materializing entity [edu.ncsu.csc.itrust2.models.persistent.LogEntry#465]
04:51:58.824 [main] DEBUG o.h.engine.internal.TwoPhaseLoad - Resolving associations for [edu.ncsu.csc.itrust2.models.persistent.LogEntry#466]
04:51:58.824 [main] DEBUG o.h.engine.internal.TwoPhaseLoad - Done materializing entity [edu.ncsu.csc.itrust2.models.persistent.LogEntry#466]
04:51:58.824 [main] DEBUG o.h.engine.internal.TwoPhaseLoad - Resolving associations for [edu.ncsu.csc.itrust2.models.persistent.LogEntry#467]
04:51:58.824 [main] DEBUG o.h.engine.internal.TwoPhaseLoad - Done materializing entity [edu.ncsu.csc.itrust2.models.persistent.LogEntry#467]
04:51:58.824 [main] DEBUG o.h.engine.internal.TwoPhaseLoad - Resolving associations for [edu.ncsu.csc.itrust2.models.persistent.LogEntry#468]
04:51:58.824 [main] DEBUG o.h.engine.internal.TwoPhaseLoad - Done materializing entity [edu.ncsu.csc.itrust2.models.persistent.LogEntry#468]
04:51:58.824 [main] DEBUG o.h.engine.internal.TwoPhaseLoad - Resolving associations for [edu.ncsu.csc.itrust2.models.persistent.LogEntry#469]
04:51:58.825 [main] DEBUG o.h.engine.internal.TwoPhaseLoad - Done materializing entity [edu.ncsu.csc.itrust2.models.persistent.LogEntry#469]
04:51:58.825 [main] DEBUG o.h.engine.internal.TwoPhaseLoad - Resolving associations for [edu.ncsu.csc.itrust2.models.persistent.LogEntry#470]
04:51:58.825 [main] DEBUG o.h.engine.internal.TwoPhaseLoad - Done materializing entity [edu.ncsu.csc.itrust2.models.persistent.LogEntry#470]
04:51:58.825 [main] DEBUG o.h.engine.internal.TwoPhaseLoad - Resolving associations for [edu.ncsu.csc.itrust2.models.persistent.LogEntry#471]
04:51:58.825 [main] DEBUG o.h.engine.internal.TwoPhaseLoad - Done materializing entity [edu.ncsu.csc.itrust2.models.persistent.LogEntry#471]
04:51:58.825 [main] DEBUG o.h.engine.internal.TwoPhaseLoad - Resolving associations for [edu.ncsu.csc.itrust2.models.persistent.LogEntry#472]
04:51:58.825 [main] DEBUG o.h.engine.internal.TwoPhaseLoad - Done materializing entity [edu.ncsu.csc.itrust2.models.persistent.LogEntry#472]
04:51:58.825 [main] DEBUG o.h.engine.internal.TwoPhaseLoad - Resolving associations for [edu.ncsu.csc.itrust2.models.persistent.LogEntry#473]
04:51:58.825 [main] DEBUG o.h.engine.internal.TwoPhaseLoad - Done materializing entity [edu.ncsu.csc.itrust2.models.persistent.LogEntry#473]
04:51:58.825 [main] DEBUG o.h.engine.internal.TwoPhaseLoad - Resolving associations for [edu.ncsu.csc.itrust2.models.persistent.LogEntry#474]
04:51:58.825 [main] DEBUG o.h.engine.internal.TwoPhaseLoad - Done materializing entity [edu.ncsu.csc.itrust2.models.persistent.LogEntry#474]
04:51:58.825 [main] DEBUG o.h.engine.internal.TwoPhaseLoad - Resolving associations for [edu.ncsu.csc.itrust2.models.persistent.LogEntry#475]
04:51:58.825 [main] DEBUG o.h.engine.internal.TwoPhaseLoad - Done materializing entity [edu.ncsu.csc.itrust2.models.persistent.LogEntry#475]
04:51:58.825 [main] DEBUG o.h.engine.internal.TwoPhaseLoad - Resolving associations for [edu.ncsu.csc.itrust2.models.persistent.LogEntry#476]
04:51:58.825 [main] DEBUG o.h.engine.internal.TwoPhaseLoad - Done materializing entity [edu.ncsu.csc.itrust2.models.persistent.LogEntry#476]
04:51:58.825 [main] DEBUG o.h.engine.internal.TwoPhaseLoad - Resolving associations for [edu.ncsu.csc.itrust2.models.persistent.LogEntry#477]
04:51:58.825 [main] DEBUG o.h.engine.internal.TwoPhaseLoad - Done materializing entity [edu.ncsu.csc.itrust2.models.persistent.LogEntry#477]
04:51:58.825 [main] DEBUG o.h.engine.internal.TwoPhaseLoad - Resolving associations for [edu.ncsu.csc.itrust2.models.persistent.LogEntry#478]
04:51:58.825 [main] DEBUG o.h.engine.internal.TwoPhaseLoad - Done materializing entity [edu.ncsu.csc.itrust2.models.persistent.LogEntry#478]
04:51:58.825 [main] DEBUG o.h.engine.internal.TwoPhaseLoad - Resolving associations for [edu.ncsu.csc.itrust2.models.persistent.LogEntry#479]
04:51:58.825 [main] DEBUG o.h.engine.internal.TwoPhaseLoad - Done materializing entity [edu.ncsu.csc.itrust2.models.persistent.LogEntry#479]
04:51:58.825 [main] DEBUG o.h.engine.internal.TwoPhaseLoad - Resolving associations for [edu.ncsu.csc.itrust2.models.persistent.LogEntry#480]
04:51:58.825 [main] DEBUG o.h.engine.internal.TwoPhaseLoad - Done materializing entity [edu.ncsu.csc.itrust2.models.persistent.LogEntry#480]
04:51:58.825 [main] DEBUG o.h.engine.internal.TwoPhaseLoad - Resolving associations for [edu.ncsu.csc.itrust2.models.persistent.LogEntry#481]
04:51:58.825 [main] DEBUG o.h.engine.internal.TwoPhaseLoad - Done materializing entity [edu.ncsu.csc.itrust2.models.persistent.LogEntry#481]
04:51:58.825 [main] DEBUG o.h.engine.internal.TwoPhaseLoad - Resolving associations for [edu.ncsu.csc.itrust2.models.persistent.LogEntry#482]
04:51:58.825 [main] DEBUG o.h.engine.internal.TwoPhaseLoad - Done materializing entity [edu.ncsu.csc.itrust2.models.persistent.LogEntry#482]
04:51:58.825 [main] DEBUG o.h.engine.internal.TwoPhaseLoad - Resolving associations for [edu.ncsu.csc.itrust2.models.persistent.LogEntry#483]
04:51:58.826 [main] DEBUG o.h.engine.internal.TwoPhaseLoad - Done materializing entity [edu.ncsu.csc.itrust2.models.persistent.LogEntry#483]
04:51:58.826 [main] DEBUG o.h.engine.internal.TwoPhaseLoad - Resolving associations for [edu.ncsu.csc.itrust2.models.persistent.LogEntry#484]
04:51:58.826 [main] DEBUG o.h.engine.internal.TwoPhaseLoad - Done materializing entity [edu.ncsu.csc.itrust2.models.persistent.LogEntry#484]
04:51:58.827 [main] DEBUG o.h.engine.internal.TwoPhaseLoad - Resolving associations for [edu.ncsu.csc.itrust2.models.persistent.LogEntry#485]
04:51:58.828 [main] DEBUG o.h.engine.internal.TwoPhaseLoad - Done materializing entity [edu.ncsu.csc.itrust2.models.persistent.LogEntry#485]
04:51:58.828 [main] DEBUG o.h.engine.internal.TwoPhaseLoad - Resolving associations for [edu.ncsu.csc.itrust2.models.persistent.LogEntry#486]
04:51:58.828 [main] DEBUG o.h.engine.internal.TwoPhaseLoad - Done materializing entity [edu.ncsu.csc.itrust2.models.persistent.LogEntry#486]
04:51:58.828 [main] DEBUG o.h.engine.internal.TwoPhaseLoad - Resolving associations for [edu.ncsu.csc.itrust2.models.persistent.LogEntry#487]
04:51:58.828 [main] DEBUG o.h.engine.internal.TwoPhaseLoad - Done materializing entity [edu.ncsu.csc.itrust2.models.persistent.LogEntry#487]
04:51:58.828 [main] DEBUG o.h.engine.internal.TwoPhaseLoad - Resolving associations for [edu.ncsu.csc.itrust2.models.persistent.LogEntry#488]
04:51:58.828 [main] DEBUG o.h.engine.internal.TwoPhaseLoad - Done materializing entity [edu.ncsu.csc.itrust2.models.persistent.LogEntry#488]
04:51:58.828 [main] DEBUG o.h.engine.internal.TwoPhaseLoad - Resolving associations for [edu.ncsu.csc.itrust2.models.persistent.LogEntry#489]
04:51:58.828 [main] DEBUG o.h.engine.internal.TwoPhaseLoad - Done materializing entity [edu.ncsu.csc.itrust2.models.persistent.LogEntry#489]
04:51:58.828 [main] DEBUG o.h.engine.internal.TwoPhaseLoad - Resolving associations for [edu.ncsu.csc.itrust2.models.persistent.LogEntry#490]
04:51:58.828 [main] DEBUG o.h.engine.internal.TwoPhaseLoad - Done materializing entity [edu.ncsu.csc.itrust2.models.persistent.LogEntry#490]
04:51:58.828 [main] DEBUG o.h.engine.internal.TwoPhaseLoad - Resolving associations for [edu.ncsu.csc.itrust2.models.persistent.LogEntry#491]
04:51:58.828 [main] DEBUG o.h.engine.internal.TwoPhaseLoad - Done materializing entity [edu.ncsu.csc.itrust2.models.persistent.LogEntry#491]
04:51:58.828 [main] DEBUG o.h.engine.internal.TwoPhaseLoad - Resolving associations for [edu.ncsu.csc.itrust2.models.persistent.LogEntry#492]
04:51:58.828 [main] DEBUG o.h.engine.internal.TwoPhaseLoad - Done materializing entity [edu.ncsu.csc.itrust2.models.persistent.LogEntry#492]
04:51:58.828 [main] DEBUG o.h.engine.internal.TwoPhaseLoad - Resolving associations for [edu.ncsu.csc.itrust2.models.persistent.LogEntry#493]
04:51:58.828 [main] DEBUG o.h.engine.internal.TwoPhaseLoad - Done materializing entity [edu.ncsu.csc.itrust2.models.persistent.LogEntry#493]
04:51:58.828 [main] DEBUG o.h.engine.internal.TwoPhaseLoad - Resolving associations for [edu.ncsu.csc.itrust2.models.persistent.LogEntry#494]
04:51:58.828 [main] DEBUG o.h.engine.internal.TwoPhaseLoad - Done materializing entity [edu.ncsu.csc.itrust2.models.persistent.LogEntry#494]
04:51:58.828 [main] DEBUG o.h.engine.internal.TwoPhaseLoad - Resolving associations for [edu.ncsu.csc.itrust2.models.persistent.LogEntry#495]
04:51:58.828 [main] DEBUG o.h.engine.internal.TwoPhaseLoad - Done materializing entity [edu.ncsu.csc.itrust2.models.persistent.LogEntry#495]
04:51:58.828 [main] DEBUG o.h.engine.internal.TwoPhaseLoad - Resolving associations for [edu.ncsu.csc.itrust2.models.persistent.LogEntry#496]
04:51:58.828 [main] DEBUG o.h.engine.internal.TwoPhaseLoad - Done materializing entity [edu.ncsu.csc.itrust2.models.persistent.LogEntry#496]
04:51:58.828 [main] DEBUG o.h.engine.internal.TwoPhaseLoad - Resolving associations for [edu.ncsu.csc.itrust2.models.persistent.LogEntry#497]
04:51:58.828 [main] DEBUG o.h.engine.internal.TwoPhaseLoad - Done materializing entity [edu.ncsu.csc.itrust2.models.persistent.LogEntry#497]
04:51:58.828 [main] DEBUG o.h.engine.internal.TwoPhaseLoad - Resolving associations for [edu.ncsu.csc.itrust2.models.persistent.LogEntry#498]
04:51:58.828 [main] DEBUG o.h.engine.internal.TwoPhaseLoad - Done materializing entity [edu.ncsu.csc.itrust2.models.persistent.LogEntry#498]
04:51:58.828 [main] DEBUG o.h.engine.internal.TwoPhaseLoad - Resolving associations for [edu.ncsu.csc.itrust2.models.persistent.LogEntry#499]
04:51:58.828 [main] DEBUG o.h.engine.internal.TwoPhaseLoad - Done materializing entity [edu.ncsu.csc.itrust2.models.persistent.LogEntry#499]
04:51:58.828 [main] DEBUG o.h.engine.internal.TwoPhaseLoad - Resolving associations for [edu.ncsu.csc.itrust2.models.persistent.LogEntry#500]
04:51:58.828 [main] DEBUG o.h.engine.internal.TwoPhaseLoad - Done materializing entity [edu.ncsu.csc.itrust2.models.persistent.LogEntry#500]
04:51:58.828 [main] DEBUG o.h.engine.internal.TwoPhaseLoad - Resolving associations for [edu.ncsu.csc.itrust2.models.persistent.LogEntry#501]
04:51:58.828 [main] DEBUG o.h.engine.internal.TwoPhaseLoad - Done materializing entity [edu.ncsu.csc.itrust2.models.persistent.LogEntry#501]
04:51:58.828 [main] DEBUG o.h.engine.internal.TwoPhaseLoad - Resolving associations for [edu.ncsu.csc.itrust2.models.persistent.LogEntry#502]
04:51:58.828 [main] DEBUG o.h.engine.internal.TwoPhaseLoad - Done materializing entity [edu.ncsu.csc.itrust2.models.persistent.LogEntry#502]
04:51:58.828 [main] DEBUG o.h.engine.internal.TwoPhaseLoad - Resolving associations for [edu.ncsu.csc.itrust2.models.persistent.LogEntry#503]
04:51:58.828 [main] DEBUG o.h.engine.internal.TwoPhaseLoad - Done materializing entity [edu.ncsu.csc.itrust2.models.persistent.LogEntry#503]
04:51:58.829 [main] DEBUG o.h.engine.internal.TwoPhaseLoad - Resolving associations for [edu.ncsu.csc.itrust2.models.persistent.LogEntry#504]
04:51:58.829 [main] DEBUG o.h.engine.internal.TwoPhaseLoad - Done materializing entity [edu.ncsu.csc.itrust2.models.persistent.LogEntry#504]
04:51:58.829 [main] DEBUG o.h.engine.internal.TwoPhaseLoad - Resolving associations for [edu.ncsu.csc.itrust2.models.persistent.LogEntry#505]
04:51:58.829 [main] DEBUG o.h.engine.internal.TwoPhaseLoad - Done materializing entity [edu.ncsu.csc.itrust2.models.persistent.LogEntry#505]
04:51:58.829 [main] DEBUG o.h.engine.internal.TwoPhaseLoad - Resolving associations for [edu.ncsu.csc.itrust2.models.persistent.LogEntry#506]
04:51:58.829 [main] DEBUG o.h.engine.internal.TwoPhaseLoad - Done materializing entity [edu.ncsu.csc.itrust2.models.persistent.LogEntry#506]
04:51:58.829 [main] DEBUG o.h.engine.internal.TwoPhaseLoad - Resolving associations for [edu.ncsu.csc.itrust2.models.persistent.LogEntry#507]
04:51:58.829 [main] DEBUG o.h.engine.internal.TwoPhaseLoad - Done materializing entity [edu.ncsu.csc.itrust2.models.persistent.LogEntry#507]
04:51:58.829 [main] DEBUG o.h.engine.internal.TwoPhaseLoad - Resolving associations for [edu.ncsu.csc.itrust2.models.persistent.LogEntry#508]
04:51:58.829 [main] DEBUG o.h.engine.internal.TwoPhaseLoad - Done materializing entity [edu.ncsu.csc.itrust2.models.persistent.LogEntry#508]
04:51:58.829 [main] DEBUG o.h.engine.internal.TwoPhaseLoad - Resolving associations for [edu.ncsu.csc.itrust2.models.persistent.LogEntry#509]
04:51:58.829 [main] DEBUG o.h.engine.internal.TwoPhaseLoad - Done materializing entity [edu.ncsu.csc.itrust2.models.persistent.LogEntry#509]
04:51:58.829 [main] DEBUG o.h.engine.internal.TwoPhaseLoad - Resolving associations for [edu.ncsu.csc.itrust2.models.persistent.LogEntry#510]
04:51:58.829 [main] DEBUG o.h.engine.internal.TwoPhaseLoad - Done materializing entity [edu.ncsu.csc.itrust2.models.persistent.LogEntry#510]
04:51:58.829 [main] DEBUG o.h.engine.internal.TwoPhaseLoad - Resolving associations for [edu.ncsu.csc.itrust2.models.persistent.LogEntry#511]
04:51:58.829 [main] DEBUG o.h.engine.internal.TwoPhaseLoad - Done materializing entity [edu.ncsu.csc.itrust2.models.persistent.LogEntry#511]
04:51:58.829 [main] DEBUG o.h.engine.internal.TwoPhaseLoad - Resolving associations for [edu.ncsu.csc.itrust2.models.persistent.LogEntry#512]
04:51:58.829 [main] DEBUG o.h.engine.internal.TwoPhaseLoad - Done materializing entity [edu.ncsu.csc.itrust2.models.persistent.LogEntry#512]
04:51:58.829 [main] DEBUG o.h.engine.internal.TwoPhaseLoad - Resolving associations for [edu.ncsu.csc.itrust2.models.persistent.LogEntry#513]
04:51:58.829 [main] DEBUG o.h.engine.internal.TwoPhaseLoad - Done materializing entity [edu.ncsu.csc.itrust2.models.persistent.LogEntry#513]
04:51:58.829 [main] DEBUG o.h.engine.internal.TwoPhaseLoad - Resolving associations for [edu.ncsu.csc.itrust2.models.persistent.LogEntry#514]
04:51:58.829 [main] DEBUG o.h.engine.internal.TwoPhaseLoad - Done materializing entity [edu.ncsu.csc.itrust2.models.persistent.LogEntry#514]
04:51:58.829 [main] DEBUG o.h.engine.internal.TwoPhaseLoad - Resolving associations for [edu.ncsu.csc.itrust2.models.persistent.LogEntry#515]
04:51:58.829 [main] DEBUG o.h.engine.internal.TwoPhaseLoad - Done materializing entity [edu.ncsu.csc.itrust2.models.persistent.LogEntry#515]
04:51:58.829 [main] DEBUG o.h.engine.internal.TwoPhaseLoad - Resolving associations for [edu.ncsu.csc.itrust2.models.persistent.LogEntry#516]
04:51:58.829 [main] DEBUG o.h.engine.internal.TwoPhaseLoad - Done materializing entity [edu.ncsu.csc.itrust2.models.persistent.LogEntry#516]
04:51:58.829 [main] DEBUG o.h.engine.internal.TwoPhaseLoad - Resolving associations for [edu.ncsu.csc.itrust2.models.persistent.LogEntry#517]
04:51:58.834 [main] DEBUG o.h.engine.internal.TwoPhaseLoad - Done materializing entity [edu.ncsu.csc.itrust2.models.persistent.LogEntry#517]
04:51:58.834 [main] DEBUG o.h.engine.internal.TwoPhaseLoad - Resolving associations for [edu.ncsu.csc.itrust2.models.persistent.LogEntry#518]
04:51:58.835 [main] DEBUG o.h.engine.internal.TwoPhaseLoad - Done materializing entity [edu.ncsu.csc.itrust2.models.persistent.LogEntry#518]
04:51:58.835 [main] DEBUG o.h.engine.internal.TwoPhaseLoad - Resolving associations for [edu.ncsu.csc.itrust2.models.persistent.LogEntry#519]
04:51:58.835 [main] DEBUG o.h.engine.internal.TwoPhaseLoad - Done materializing entity [edu.ncsu.csc.itrust2.models.persistent.LogEntry#519]
04:51:58.835 [main] DEBUG o.h.engine.internal.TwoPhaseLoad - Resolving associations for [edu.ncsu.csc.itrust2.models.persistent.LogEntry#520]
04:51:58.835 [main] DEBUG o.h.engine.internal.TwoPhaseLoad - Done materializing entity [edu.ncsu.csc.itrust2.models.persistent.LogEntry#520]
04:51:58.835 [main] DEBUG o.h.engine.internal.TwoPhaseLoad - Resolving associations for [edu.ncsu.csc.itrust2.models.persistent.LogEntry#521]
04:51:58.835 [main] DEBUG o.h.engine.internal.TwoPhaseLoad - Done materializing entity [edu.ncsu.csc.itrust2.models.persistent.LogEntry#521]
04:51:58.835 [main] DEBUG o.h.engine.internal.TwoPhaseLoad - Resolving associations for [edu.ncsu.csc.itrust2.models.persistent.LogEntry#522]
04:51:58.835 [main] DEBUG o.h.engine.internal.TwoPhaseLoad - Done materializing entity [edu.ncsu.csc.itrust2.models.persistent.LogEntry#522]
04:51:58.835 [main] DEBUG o.h.engine.internal.TwoPhaseLoad - Resolving associations for [edu.ncsu.csc.itrust2.models.persistent.LogEntry#523]
04:51:58.835 [main] DEBUG o.h.engine.internal.TwoPhaseLoad - Done materializing entity [edu.ncsu.csc.itrust2.models.persistent.LogEntry#523]
04:51:58.835 [main] DEBUG o.h.engine.internal.TwoPhaseLoad - Resolving associations for [edu.ncsu.csc.itrust2.models.persistent.LogEntry#524]
04:51:58.836 [main] DEBUG o.h.engine.internal.TwoPhaseLoad - Done materializing entity [edu.ncsu.csc.itrust2.models.persistent.LogEntry#524]
04:51:58.837 [main] DEBUG o.h.e.t.internal.TransactionImpl - committing
04:51:58.838 [main] DEBUG o.h.e.i.AbstractFlushingEventListener - Processing flush-time cascades
04:51:58.838 [main] DEBUG o.h.e.i.AbstractFlushingEventListener - Dirty checking collections
04:51:58.844 [main] DEBUG o.h.e.i.AbstractFlushingEventListener - Flushed: 0 insertions, 0 updates, 0 deletions to 500 objects
04:51:58.844 [main] DEBUG o.h.e.i.AbstractFlushingEventListener - Flushed: 0 (re)creations, 0 updates, 0 removals to 0 collections
04:51:58.844 [main] DEBUG o.h.internal.util.EntityPrinter - Listing entities:
04:51:58.844 [main] DEBUG o.h.internal.util.EntityPrinter - edu.ncsu.csc.itrust2.models.persistent.LogEntry{secondaryUser=null, logCode=5, primaryUser=logapitest, id=395, time=java.util.GregorianCalendar[time=1521521518000,areFieldsSet=true,areAllFieldsSet=true,lenient=true,zone=sun.util.calendar.ZoneInfo[id=&quot;Etc/UTC&quot;,offset=0,dstSavings=0,useDaylight=false,transitions=0,lastRule=null],firstDayOfWeek=1,minimalDaysInFirstWeek=1,ERA=1,YEAR=2018,MONTH=2,WEEK_OF_YEAR=12,WEEK_OF_MONTH=4,DAY_OF_MONTH=20,DAY_OF_YEAR=79,DAY_OF_WEEK=3,DAY_OF_WEEK_IN_MONTH=3,AM_PM=0,HOUR=4,HOUR_OF_DAY=4,MINUTE=51,SECOND=58,MILLISECOND=0,ZONE_OFFSET=0,DST_OFFSET=0], message=null}
04:51:58.844 [main] DEBUG o.h.internal.util.EntityPrinter - edu.ncsu.csc.itrust2.models.persistent.LogEntry{secondaryUser=null, logCode=5, primaryUser=logapitest, id=396, time=java.util.GregorianCalendar[time=1521521518000,areFieldsSet=true,areAllFieldsSet=true,lenient=true,zone=sun.util.calendar.ZoneInfo[id=&quot;Etc/UTC&quot;,offset=0,dstSavings=0,useDaylight=false,transitions=0,lastRule=null],firstDayOfWeek=1,minimalDaysInFirstWeek=1,ERA=1,YEAR=2018,MONTH=2,WEEK_OF_YEAR=12,WEEK_OF_MONTH=4,DAY_OF_MONTH=20,DAY_OF_YEAR=79,DAY_OF_WEEK=3,DAY_OF_WEEK_IN_MONTH=3,AM_PM=0,HOUR=4,HOUR_OF_DAY=4,MINUTE=51,SECOND=58,MILLISECOND=0,ZONE_OFFSET=0,DST_OFFSET=0], message=null}
04:51:58.844 [main] DEBUG o.h.internal.util.EntityPrinter - edu.ncsu.csc.itrust2.models.persistent.LogEntry{secondaryUser=null, logCode=5, primaryUser=logapitest, id=397, time=java.util.GregorianCalendar[time=1521521518000,areFieldsSet=true,areAllFieldsSet=true,lenient=true,zone=sun.util.calendar.ZoneInfo[id=&quot;Etc/UTC&quot;,offset=0,dstSavings=0,useDaylight=false,transitions=0,lastRule=null],firstDayOfWeek=1,minimalDaysInFirstWeek=1,ERA=1,YEAR=2018,MONTH=2,WEEK_OF_YEAR=12,WEEK_OF_MONTH=4,DAY_OF_MONTH=20,DAY_OF_YEAR=79,DAY_OF_WEEK=3,DAY_OF_WEEK_IN_MONTH=3,AM_PM=0,HOUR=4,HOUR_OF_DAY=4,MINUTE=51,SECOND=58,MILLISECOND=0,ZONE_OFFSET=0,DST_OFFSET=0], message=null}
04:51:58.844 [main] DEBUG o.h.internal.util.EntityPrinter - edu.ncsu.csc.itrust2.models.persistent.LogEntry{secondaryUser=null, logCode=5, primaryUser=logapitest, id=398, time=java.util.GregorianCalendar[time=1521521518000,areFieldsSet=true,areAllFieldsSet=true,lenient=true,zone=sun.util.calendar.ZoneInfo[id=&quot;Etc/UTC&quot;,offset=0,dstSavings=0,useDaylight=false,transitions=0,lastRule=null],firstDayOfWeek=1,minimalDaysInFirstWeek=1,ERA=1,YEAR=2018,MONTH=2,WEEK_OF_YEAR=12,WEEK_OF_MONTH=4,DAY_OF_MONTH=20,DAY_OF_YEAR=79,DAY_OF_WEEK=3,DAY_OF_WEEK_IN_MONTH=3,AM_PM=0,HOUR=4,HOUR_OF_DAY=4,MINUTE=51,SECOND=58,MILLISECOND=0,ZONE_OFFSET=0,DST_OFFSET=0], message=null}
04:51:58.844 [main] DEBUG o.h.internal.util.EntityPrinter - edu.ncsu.csc.itrust2.models.persistent.LogEntry{secondaryUser=null, logCode=5, primaryUser=logapitest, id=399, time=java.util.GregorianCalendar[time=1521521518000,areFieldsSet=true,areAllFieldsSet=true,lenient=true,zone=sun.util.calendar.ZoneInfo[id=&quot;Etc/UTC&quot;,offset=0,dstSavings=0,useDaylight=false,transitions=0,lastRule=null],firstDayOfWeek=1,minimalDaysInFirstWeek=1,ERA=1,YEAR=2018,MONTH=2,WEEK_OF_YEAR=12,WEEK_OF_MONTH=4,DAY_OF_MONTH=20,DAY_OF_YEAR=79,DAY_OF_WEEK=3,DAY_OF_WEEK_IN_MONTH=3,AM_PM=0,HOUR=4,HOUR_OF_DAY=4,MINUTE=51,SECOND=58,MILLISECOND=0,ZONE_OFFSET=0,DST_OFFSET=0], message=null}
04:51:58.844 [main] DEBUG o.h.internal.util.EntityPrinter - edu.ncsu.csc.itrust2.models.persistent.LogEntry{secondaryUser=null, logCode=5, primaryUser=logapitest, id=400, time=java.util.GregorianCalendar[time=1521521518000,areFieldsSet=true,areAllFieldsSet=true,lenient=true,zone=sun.util.calendar.ZoneInfo[id=&quot;Etc/UTC&quot;,offset=0,dstSavings=0,useDaylight=false,transitions=0,lastRule=null],firstDayOfWeek=1,minimalDaysInFirstWeek=1,ERA=1,YEAR=2018,MONTH=2,WEEK_OF_YEAR=12,WEEK_OF_MONTH=4,DAY_OF_MONTH=20,DAY_OF_YEAR=79,DAY_OF_WEEK=3,DAY_OF_WEEK_IN_MONTH=3,AM_PM=0,HOUR=4,HOUR_OF_DAY=4,MINUTE=51,SECOND=58,MILLISECOND=0,ZONE_OFFSET=0,DST_OFFSET=0], message=null}
04:51:58.844 [main] DEBUG o.h.internal.util.EntityPrinter - edu.ncsu.csc.itrust2.models.persistent.LogEntry{secondaryUser=null, logCode=5, primaryUser=logapitest, id=401, time=java.util.GregorianCalendar[time=1521521518000,areFieldsSet=true,areAllFieldsSet=true,lenient=true,zone=sun.util.calendar.ZoneInfo[id=&quot;Etc/UTC&quot;,offset=0,dstSavings=0,useDaylight=false,transitions=0,lastRule=null],firstDayOfWeek=1,minimalDaysInFirstWeek=1,ERA=1,YEAR=2018,MONTH=2,WEEK_OF_YEAR=12,WEEK_OF_MONTH=4,DAY_OF_MONTH=20,DAY_OF_YEAR=79,DAY_OF_WEEK=3,DAY_OF_WEEK_IN_MONTH=3,AM_PM=0,HOUR=4,HOUR_OF_DAY=4,MINUTE=51,SECOND=58,MILLISECOND=0,ZONE_OFFSET=0,DST_OFFSET=0], message=null}
04:51:58.844 [main] DEBUG o.h.internal.util.EntityPrinter - edu.ncsu.csc.itrust2.models.persistent.LogEntry{secondaryUser=null, logCode=5, primaryUser=logapitest, id=402, time=java.util.GregorianCalendar[time=1521521518000,areFieldsSet=true,areAllFieldsSet=true,lenient=true,zone=sun.util.calendar.ZoneInfo[id=&quot;Etc/UTC&quot;,offset=0,dstSavings=0,useDaylight=false,transitions=0,lastRule=null],firstDayOfWeek=1,minimalDaysInFirstWeek=1,ERA=1,YEAR=2018,MONTH=2,WEEK_OF_YEAR=12,WEEK_OF_MONTH=4,DAY_OF_MONTH=20,DAY_OF_YEAR=79,DAY_OF_WEEK=3,DAY_OF_WEEK_IN_MONTH=3,AM_PM=0,HOUR=4,HOUR_OF_DAY=4,MINUTE=51,SECOND=58,MILLISECOND=0,ZONE_OFFSET=0,DST_OFFSET=0], message=null}
04:51:58.844 [main] DEBUG o.h.internal.util.EntityPrinter - edu.ncsu.csc.itrust2.models.persistent.LogEntry{secondaryUser=null, logCode=5, primaryUser=logapitest, id=403, time=java.util.GregorianCalendar[time=1521521518000,areFieldsSet=true,areAllFieldsSet=true,lenient=true,zone=sun.util.calendar.ZoneInfo[id=&quot;Etc/UTC&quot;,offset=0,dstSavings=0,useDaylight=false,transitions=0,lastRule=null],firstDayOfWeek=1,minimalDaysInFirstWeek=1,ERA=1,YEAR=2018,MONTH=2,WEEK_OF_YEAR=12,WEEK_OF_MONTH=4,DAY_OF_MONTH=20,DAY_OF_YEAR=79,DAY_OF_WEEK=3,DAY_OF_WEEK_IN_MONTH=3,AM_PM=0,HOUR=4,HOUR_OF_DAY=4,MINUTE=51,SECOND=58,MILLISECOND=0,ZONE_OFFSET=0,DST_OFFSET=0], message=null}
04:51:58.844 [main] DEBUG o.h.internal.util.EntityPrinter - edu.ncsu.csc.itrust2.models.persistent.LogEntry{secondaryUser=null, logCode=5, primaryUser=logapitest, id=404, time=java.util.GregorianCalendar[time=1521521518000,areFieldsSet=true,areAllFieldsSet=true,lenient=true,zone=sun.util.calendar.ZoneInfo[id=&quot;Etc/UTC&quot;,offset=0,dstSavings=0,useDaylight=false,transitions=0,lastRule=null],firstDayOfWeek=1,minimalDaysInFirstWeek=1,ERA=1,YEAR=2018,MONTH=2,WEEK_OF_YEAR=12,WEEK_OF_MONTH=4,DAY_OF_MONTH=20,DAY_OF_YEAR=79,DAY_OF_WEEK=3,DAY_OF_WEEK_IN_MONTH=3,AM_PM=0,HOUR=4,HOUR_OF_DAY=4,MINUTE=51,SECOND=58,MILLISECOND=0,ZONE_OFFSET=0,DST_OFFSET=0], message=null}
04:51:58.844 [main] DEBUG o.h.internal.util.EntityPrinter - edu.ncsu.csc.itrust2.models.persistent.LogEntry{secondaryUser=null, logCode=5, primaryUser=logapitest, id=405, time=java.util.GregorianCalendar[time=1521521518000,areFieldsSet=true,areAllFieldsSet=true,lenient=true,zone=sun.util.calendar.ZoneInfo[id=&quot;Etc/UTC&quot;,offset=0,dstSavings=0,useDaylight=false,transitions=0,lastRule=null],firstDayOfWeek=1,minimalDaysInFirstWeek=1,ERA=1,YEAR=2018,MONTH=2,WEEK_OF_YEAR=12,WEEK_OF_MONTH=4,DAY_OF_MONTH=20,DAY_OF_YEAR=79,DAY_OF_WEEK=3,DAY_OF_WEEK_IN_MONTH=3,AM_PM=0,HOUR=4,HOUR_OF_DAY=4,MINUTE=51,SECOND=58,MILLISECOND=0,ZONE_OFFSET=0,DST_OFFSET=0], message=null}
04:51:58.845 [main] DEBUG o.h.internal.util.EntityPrinter - edu.ncsu.csc.itrust2.models.persistent.LogEntry{secondaryUser=null, logCode=5, primaryUser=logapitest, id=406, time=java.util.GregorianCalendar[time=1521521518000,areFieldsSet=true,areAllFieldsSet=true,lenient=true,zone=sun.util.calendar.ZoneInfo[id=&quot;Etc/UTC&quot;,offset=0,dstSavings=0,useDaylight=false,transitions=0,lastRule=null],firstDayOfWeek=1,minimalDaysInFirstWeek=1,ERA=1,YEAR=2018,MONTH=2,WEEK_OF_YEAR=12,WEEK_OF_MONTH=4,DAY_OF_MONTH=20,DAY_OF_YEAR=79,DAY_OF_WEEK=3,DAY_OF_WEEK_IN_MONTH=3,AM_PM=0,HOUR=4,HOUR_OF_DAY=4,MINUTE=51,SECOND=58,MILLISECOND=0,ZONE_OFFSET=0,DST_OFFSET=0], message=null}
04:51:58.845 [main] DEBUG o.h.internal.util.EntityPrinter - edu.ncsu.csc.itrust2.models.persistent.LogEntry{secondaryUser=null, logCode=5, primaryUser=logapitest, id=407, time=java.util.GregorianCalendar[time=1521521518000,areFieldsSet=true,areAllFieldsSet=true,lenient=true,zone=sun.util.calendar.ZoneInfo[id=&quot;Etc/UTC&quot;,offset=0,dstSavings=0,useDaylight=false,transitions=0,lastRule=null],firstDayOfWeek=1,minimalDaysInFirstWeek=1,ERA=1,YEAR=2018,MONTH=2,WEEK_OF_YEAR=12,WEEK_OF_MONTH=4,DAY_OF_MONTH=20,DAY_OF_YEAR=79,DAY_OF_WEEK=3,DAY_OF_WEEK_IN_MONTH=3,AM_PM=0,HOUR=4,HOUR_OF_DAY=4,MINUTE=51,SECOND=58,MILLISECOND=0,ZONE_OFFSET=0,DST_OFFSET=0], message=null}
04:51:58.845 [main] DEBUG o.h.internal.util.EntityPrinter - edu.ncsu.csc.itrust2.models.persistent.LogEntry{secondaryUser=null, logCode=5, primaryUser=logapitest, id=408, time=java.util.GregorianCalendar[time=1521521518000,areFieldsSet=true,areAllFieldsSet=true,lenient=true,zone=sun.util.calendar.ZoneInfo[id=&quot;Etc/UTC&quot;,offset=0,dstSavings=0,useDaylight=false,transitions=0,lastRule=null],firstDayOfWeek=1,minimalDaysInFirstWeek=1,ERA=1,YEAR=2018,MONTH=2,WEEK_OF_YEAR=12,WEEK_OF_MONTH=4,DAY_OF_MONTH=20,DAY_OF_YEAR=79,DAY_OF_WEEK=3,DAY_OF_WEEK_IN_MONTH=3,AM_PM=0,HOUR=4,HOUR_OF_DAY=4,MINUTE=51,SECOND=58,MILLISECOND=0,ZONE_OFFSET=0,DST_OFFSET=0], message=null}
04:51:58.845 [main] DEBUG o.h.internal.util.EntityPrinter - edu.ncsu.csc.itrust2.models.persistent.LogEntry{secondaryUser=null, logCode=5, primaryUser=logapitest, id=409, time=java.util.GregorianCalendar[time=1521521518000,areFieldsSet=true,areAllFieldsSet=true,lenient=true,zone=sun.util.calendar.ZoneInfo[id=&quot;Etc/UTC&quot;,offset=0,dstSavings=0,useDaylight=false,transitions=0,lastRule=null],firstDayOfWeek=1,minimalDaysInFirstWeek=1,ERA=1,YEAR=2018,MONTH=2,WEEK_OF_YEAR=12,WEEK_OF_MONTH=4,DAY_OF_MONTH=20,DAY_OF_YEAR=79,DAY_OF_WEEK=3,DAY_OF_WEEK_IN_MONTH=3,AM_PM=0,HOUR=4,HOUR_OF_DAY=4,MINUTE=51,SECOND=58,MILLISECOND=0,ZONE_OFFSET=0,DST_OFFSET=0], message=null}
04:51:58.845 [main] DEBUG o.h.internal.util.EntityPrinter - edu.ncsu.csc.itrust2.models.persistent.LogEntry{secondaryUser=null, logCode=5, primaryUser=logapitest, id=410, time=java.util.GregorianCalendar[time=1521521518000,areFieldsSet=true,areAllFieldsSet=true,lenient=true,zone=sun.util.calendar.ZoneInfo[id=&quot;Etc/UTC&quot;,offset=0,dstSavings=0,useDaylight=false,transitions=0,lastRule=null],firstDayOfWeek=1,minimalDaysInFirstWeek=1,ERA=1,YEAR=2018,MONTH=2,WEEK_OF_YEAR=12,WEEK_OF_MONTH=4,DAY_OF_MONTH=20,DAY_OF_YEAR=79,DAY_OF_WEEK=3,DAY_OF_WEEK_IN_MONTH=3,AM_PM=0,HOUR=4,HOUR_OF_DAY=4,MINUTE=51,SECOND=58,MILLISECOND=0,ZONE_OFFSET=0,DST_OFFSET=0], message=null}
04:51:58.845 [main] DEBUG o.h.internal.util.EntityPrinter - edu.ncsu.csc.itrust2.models.persistent.LogEntry{secondaryUser=null, logCode=5, primaryUser=logapitest, id=411, time=java.util.GregorianCalendar[time=1521521518000,areFieldsSet=true,areAllFieldsSet=true,lenient=true,zone=sun.util.calendar.ZoneInfo[id=&quot;Etc/UTC&quot;,offset=0,dstSavings=0,useDaylight=false,transitions=0,lastRule=null],firstDayOfWeek=1,minimalDaysInFirstWeek=1,ERA=1,YEAR=2018,MONTH=2,WEEK_OF_YEAR=12,WEEK_OF_MONTH=4,DAY_OF_MONTH=20,DAY_OF_YEAR=79,DAY_OF_WEEK=3,DAY_OF_WEEK_IN_MONTH=3,AM_PM=0,HOUR=4,HOUR_OF_DAY=4,MINUTE=51,SECOND=58,MILLISECOND=0,ZONE_OFFSET=0,DST_OFFSET=0], message=null}
04:51:58.845 [main] DEBUG o.h.internal.util.EntityPrinter - edu.ncsu.csc.itrust2.models.persistent.LogEntry{secondaryUser=null, logCode=5, primaryUser=logapitest, id=412, time=java.util.GregorianCalendar[time=1521521518000,areFieldsSet=true,areAllFieldsSet=true,lenient=true,zone=sun.util.calendar.ZoneInfo[id=&quot;Etc/UTC&quot;,offset=0,dstSavings=0,useDaylight=false,transitions=0,lastRule=null],firstDayOfWeek=1,minimalDaysInFirstWeek=1,ERA=1,YEAR=2018,MONTH=2,WEEK_OF_YEAR=12,WEEK_OF_MONTH=4,DAY_OF_MONTH=20,DAY_OF_YEAR=79,DAY_OF_WEEK=3,DAY_OF_WEEK_IN_MONTH=3,AM_PM=0,HOUR=4,HOUR_OF_DAY=4,MINUTE=51,SECOND=58,MILLISECOND=0,ZONE_OFFSET=0,DST_OFFSET=0], message=null}
04:51:58.845 [main] DEBUG o.h.internal.util.EntityPrinter - edu.ncsu.csc.itrust2.models.persistent.LogEntry{secondaryUser=null, logCode=5, primaryUser=logapitest, id=413, time=java.util.GregorianCalendar[time=1521521518000,areFieldsSet=true,areAllFieldsSet=true,lenient=true,zone=sun.util.calendar.ZoneInfo[id=&quot;Etc/UTC&quot;,offset=0,dstSavings=0,useDaylight=false,transitions=0,lastRule=null],firstDayOfWeek=1,minimalDaysInFirstWeek=1,ERA=1,YEAR=2018,MONTH=2,WEEK_OF_YEAR=12,WEEK_OF_MONTH=4,DAY_OF_MONTH=20,DAY_OF_YEAR=79,DAY_OF_WEEK=3,DAY_OF_WEEK_IN_MONTH=3,AM_PM=0,HOUR=4,HOUR_OF_DAY=4,MINUTE=51,SECOND=58,MILLISECOND=0,ZONE_OFFSET=0,DST_OFFSET=0], message=null}
04:51:58.845 [main] DEBUG o.h.internal.util.EntityPrinter - edu.ncsu.csc.itrust2.models.persistent.LogEntry{secondaryUser=null, logCode=5, primaryUser=logapitest, id=414, time=java.util.GregorianCalendar[time=1521521518000,areFieldsSet=true,areAllFieldsSet=true,lenient=true,zone=sun.util.calendar.ZoneInfo[id=&quot;Etc/UTC&quot;,offset=0,dstSavings=0,useDaylight=false,transitions=0,lastRule=null],firstDayOfWeek=1,minimalDaysInFirstWeek=1,ERA=1,YEAR=2018,MONTH=2,WEEK_OF_YEAR=12,WEEK_OF_MONTH=4,DAY_OF_MONTH=20,DAY_OF_YEAR=79,DAY_OF_WEEK=3,DAY_OF_WEEK_IN_MONTH=3,AM_PM=0,HOUR=4,HOUR_OF_DAY=4,MINUTE=51,SECOND=58,MILLISECOND=0,ZONE_OFFSET=0,DST_OFFSET=0], message=null}
04:51:58.845 [main] DEBUG o.h.internal.util.EntityPrinter - edu.ncsu.csc.itrust2.models.persistent.LogEntry{secondaryUser=null, logCode=5, primaryUser=logapitest, id=415, time=java.util.GregorianCalendar[time=1521521518000,areFieldsSet=true,areAllFieldsSet=true,lenient=true,zone=sun.util.calendar.ZoneInfo[id=&quot;Etc/UTC&quot;,offset=0,dstSavings=0,useDaylight=false,transitions=0,lastRule=null],firstDayOfWeek=1,minimalDaysInFirstWeek=1,ERA=1,YEAR=2018,MONTH=2,WEEK_OF_YEAR=12,WEEK_OF_MONTH=4,DAY_OF_MONTH=20,DAY_OF_YEAR=79,DAY_OF_WEEK=3,DAY_OF_WEEK_IN_MONTH=3,AM_PM=0,HOUR=4,HOUR_OF_DAY=4,MINUTE=51,SECOND=58,MILLISECOND=0,ZONE_OFFSET=0,DST_OFFSET=0], message=null}
04:51:58.845 [main] DEBUG o.h.internal.util.EntityPrinter - More......
04:51:58.848 [main] DEBUG o.h.e.t.internal.TransactionImpl - begin
04:51:58.850 [main] DEBUG org.hibernate.SQL - select this_.username as username1_15_0_, this_.enabled as enabled2_15_0_, this_.password as password3_15_0_, this_.role as role4_15_0_ from Users this_ where this_.username=?
Hibernate: select this_.username as username1_15_0_, this_.enabled as enabled2_15_0_, this_.password as password3_15_0_, this_.role as role4_15_0_ from Users this_ where this_.username=?
04:51:58.850 [main] DEBUG org.hibernate.loader.Loader - Result set row: 0
04:51:58.851 [main] DEBUG org.hibernate.loader.Loader - Result row: EntityKey[edu.ncsu.csc.itrust2.models.persistent.User#logapitest]
04:51:58.851 [main] DEBUG o.h.engine.internal.TwoPhaseLoad - Resolving associations for [edu.ncsu.csc.itrust2.models.persistent.User#logapitest]
04:51:58.851 [main] DEBUG o.h.engine.internal.TwoPhaseLoad - Done materializing entity [edu.ncsu.csc.itrust2.models.persistent.User#logapitest]
04:51:58.851 [main] DEBUG o.h.e.t.internal.TransactionImpl - committing
04:51:58.851 [main] DEBUG o.h.e.i.AbstractFlushingEventListener - Processing flush-time cascades
04:51:58.851 [main] DEBUG o.h.e.i.AbstractFlushingEventListener - Dirty checking collections
04:51:58.851 [main] DEBUG o.h.e.i.AbstractFlushingEventListener - Flushed: 0 insertions, 0 updates, 0 deletions to 1 objects
04:51:58.852 [main] DEBUG o.h.e.i.AbstractFlushingEventListener - Flushed: 0 (re)creations, 0 updates, 0 removals to 0 collections
04:51:58.852 [main] DEBUG o.h.internal.util.EntityPrinter - Listing entities:
04:51:58.852 [main] DEBUG o.h.internal.util.EntityPrinter - edu.ncsu.csc.itrust2.models.persistent.User{password=$2a$10$EblZqNptyYvcLm/VwDCVAuBjzZOI7khzdyGPBr08PpIi0na624b8., role=ROLE_PATIENT, enabled=1, username=logapitest}
04:51:58.855 [main] DEBUG o.h.e.t.internal.TransactionImpl - begin
04:51:58.856 [main] DEBUG org.hibernate.SQL - select this_.username as username1_15_0_, this_.enabled as enabled2_15_0_, this_.password as password3_15_0_, this_.role as role4_15_0_ from Users this_ where this_.username=?
Hibernate: select this_.username as username1_15_0_, this_.enabled as enabled2_15_0_, this_.password as password3_15_0_, this_.role as role4_15_0_ from Users this_ where this_.username=?
04:51:58.856 [main] DEBUG o.h.e.t.internal.TransactionImpl - committing
04:51:58.857 [main] DEBUG o.s.w.s.m.m.a.ExceptionHandlerExceptionResolver - Resolving exception from handler [public org.springframework.http.ResponseEntity edu.ncsu.csc.itrust2.controllers.api.APILogEntryController.getEntryByDateRange(edu.ncsu.csc.itrust2.controllers.api.comm.LogEntryRequestBody)]: java.lang.NullPointerException
04:51:58.859 [main] DEBUG o.s.w.s.m.a.ResponseStatusExceptionResolver - Resolving exception from handler [public org.springframework.http.ResponseEntity edu.ncsu.csc.itrust2.controllers.api.APILogEntryController.getEntryByDateRange(edu.ncsu.csc.itrust2.controllers.api.comm.LogEntryRequestBody)]: java.lang.NullPointerException
04:51:58.859 [main] DEBUG o.s.w.s.m.s.DefaultHandlerExceptionResolver - Resolving exception from handler [public org.springframework.http.ResponseEntity edu.ncsu.csc.itrust2.controllers.api.APILogEntryController.getEntryByDateRange(edu.ncsu.csc.itrust2.controllers.api.comm.LogEntryRequestBody)]: java.lang.NullPointerException
04:51:58.867 [main] DEBUG o.s.t.w.s.TestDispatcherServlet - Could not complete request
java.lang.NullPointerException: null
	at edu.ncsu.csc.itrust2.controllers.api.APILogEntryController.getEntryByDateRange(APILogEntryController.java:129) ~[classes/:na]
	at sun.reflect.NativeMethodAccessorImpl.invoke0(Native Method) ~[na:1.8.0_161]
	at sun.reflect.NativeMethodAccessorImpl.invoke(NativeMethodAccessorImpl.java:62) ~[na:1.8.0_161]
	at sun.reflect.DelegatingMethodAccessorImpl.invoke(DelegatingMethodAccessorImpl.java:43) ~[na:1.8.0_161]
	at java.lang.reflect.Method.invoke(Method.java:498) ~[na:1.8.0_161]
	at org.springframework.web.method.support.InvocableHandlerMethod.doInvoke(InvocableHandlerMethod.java:220) ~[spring-web-4.3.5.RELEASE.jar:4.3.5.RELEASE]
	at org.springframework.web.method.support.InvocableHandlerMethod.invokeForRequest(InvocableHandlerMethod.java:134) ~[spring-web-4.3.5.RELEASE.jar:4.3.5.RELEASE]
	at org.springframework.web.servlet.mvc.method.annotation.ServletInvocableHandlerMethod.invokeAndHandle(ServletInvocableHandlerMethod.java:116) ~[spring-webmvc-4.3.5.RELEASE.jar:4.3.5.RELEASE]
	at org.springframework.web.servlet.mvc.method.annotation.RequestMappingHandlerAdapter.invokeHandlerMethod(RequestMappingHandlerAdapter.java:827) ~[spring-webmvc-4.3.5.RELEASE.jar:4.3.5.RELEASE]
	at org.springframework.web.servlet.mvc.method.annotation.RequestMappingHandlerAdapter.handleInternal(RequestMappingHandlerAdapter.java:738) ~[spring-webmvc-4.3.5.RELEASE.jar:4.3.5.RELEASE]
	at org.springframework.web.servlet.mvc.method.AbstractHandlerMethodAdapter.handle(AbstractHandlerMethodAdapter.java:85) ~[spring-webmvc-4.3.5.RELEASE.jar:4.3.5.RELEASE]
	at org.springframework.web.servlet.DispatcherServlet.doDispatch(DispatcherServlet.java:963) ~[spring-webmvc-4.3.5.RELEASE.jar:4.3.5.RELEASE]
	at org.springframework.web.servlet.DispatcherServlet.doService(DispatcherServlet.java:897) ~[spring-webmvc-4.3.5.RELEASE.jar:4.3.5.RELEASE]
	at org.springframework.web.servlet.FrameworkServlet.processRequest(FrameworkServlet.java:970) [spring-webmvc-4.3.5.RELEASE.jar:4.3.5.RELEASE]
	at org.springframework.web.servlet.FrameworkServlet.doPost(FrameworkServlet.java:872) [spring-webmvc-4.3.5.RELEASE.jar:4.3.5.RELEASE]
	at javax.servlet.http.HttpServlet.service(HttpServlet.java:688) [javax.servlet-api-3.0.1.jar:3.0.1]
	at org.springframework.web.servlet.FrameworkServlet.service(FrameworkServlet.java:846) [spring-webmvc-4.3.5.RELEASE.jar:4.3.5.RELEASE]
	at org.springframework.test.web.servlet.TestDispatcherServlet.service(TestDispatcherServlet.java:65) [spring-test-4.3.5.RELEASE.jar:4.3.5.RELEASE]
	at javax.servlet.http.HttpServlet.service(HttpServlet.java:770) [javax.servlet-api-3.0.1.jar:3.0.1]
	at org.springframework.mock.web.MockFilterChain$ServletFilterProxy.doFilter(MockFilterChain.java:167) [spring-test-4.3.5.RELEASE.jar:4.3.5.RELEASE]
	at org.springframework.mock.web.MockFilterChain.doFilter(MockFilterChain.java:134) [spring-test-4.3.5.RELEASE.jar:4.3.5.RELEASE]
	at org.springframework.test.web.servlet.MockMvc.perform(MockMvc.java:155) [spring-test-4.3.5.RELEASE.jar:4.3.5.RELEASE]
	at edu.ncsu.csc.itrust2.apitest.APILogEntryTest.testLogByDateLarge(APILogEntryTest.java:103) [test-classes/:na]
	at sun.reflect.NativeMethodAccessorImpl.invoke0(Native Method) ~[na:1.8.0_161]
	at sun.reflect.NativeMethodAccessorImpl.invoke(NativeMethodAccessorImpl.java:62) ~[na:1.8.0_161]
	at sun.reflect.DelegatingMethodAccessorImpl.invoke(DelegatingMethodAccessorImpl.java:43) ~[na:1.8.0_161]
	at java.lang.reflect.Method.invoke(Method.java:498) ~[na:1.8.0_161]
	at org.junit.runners.model.FrameworkMethod$1.runReflectiveCall(FrameworkMethod.java:50) [junit-4.12.jar:4.12]
	at org.junit.internal.runners.model.ReflectiveCallable.run(ReflectiveCallable.java:12) [junit-4.12.jar:4.12]
	at org.junit.runners.model.FrameworkMethod.invokeExplosively(FrameworkMethod.java:47) [junit-4.12.jar:4.12]
	at org.junit.internal.runners.statements.InvokeMethod.evaluate(InvokeMethod.java:17) [junit-4.12.jar:4.12]
	at org.junit.internal.runners.statements.RunBefores.evaluate(RunBefores.java:26) [junit-4.12.jar:4.12]
	at org.springframework.test.context.junit4.statements.RunBeforeTestMethodCallbacks.evaluate(RunBeforeTestMethodCallbacks.java:75) [spring-test-4.3.5.RELEASE.jar:4.3.5.RELEASE]
	at org.springframework.test.context.junit4.statements.RunAfterTestMethodCallbacks.evaluate(RunAfterTestMethodCallbacks.java:86) [spring-test-4.3.5.RELEASE.jar:4.3.5.RELEASE]
	at org.springframework.test.context.junit4.statements.SpringRepeat.evaluate(SpringRepeat.java:84) [spring-test-4.3.5.RELEASE.jar:4.3.5.RELEASE]
	at org.junit.runners.ParentRunner.runLeaf(ParentRunner.java:325) [junit-4.12.jar:4.12]
	at org.springframework.test.context.junit4.SpringJUnit4ClassRunner.runChild(SpringJUnit4ClassRunner.java:252) [spring-test-4.3.5.RELEASE.jar:4.3.5.RELEASE]
	at org.springframework.test.context.junit4.SpringJUnit4ClassRunner.runChild(SpringJUnit4ClassRunner.java:94) [spring-test-4.3.5.RELEASE.jar:4.3.5.RELEASE]
	at org.junit.runners.ParentRunner$3.run(ParentRunner.java:290) [junit-4.12.jar:4.12]
	at org.junit.runners.ParentRunner$1.schedule(ParentRunner.java:71) [junit-4.12.jar:4.12]
	at org.junit.runners.ParentRunner.runChildren(ParentRunner.java:288) [junit-4.12.jar:4.12]
	at org.junit.runners.ParentRunner.access$000(ParentRunner.java:58) [junit-4.12.jar:4.12]
	at org.junit.runners.ParentRunner$2.evaluate(ParentRunner.java:268) [junit-4.12.jar:4.12]
	at org.springframework.test.context.junit4.statements.RunBeforeTestClassCallbacks.evaluate(RunBeforeTestClassCallbacks.java:61) [spring-test-4.3.5.RELEASE.jar:4.3.5.RELEASE]
	at org.springframework.test.context.junit4.statements.RunAfterTestClassCallbacks.evaluate(RunAfterTestClassCallbacks.java:70) [spring-test-4.3.5.RELEASE.jar:4.3.5.RELEASE]
	at org.junit.runners.ParentRunner.run(ParentRunner.java:363) [junit-4.12.jar:4.12]
	at org.springframework.test.context.junit4.SpringJUnit4ClassRunner.run(SpringJUnit4ClassRunner.java:191) [spring-test-4.3.5.RELEASE.jar:4.3.5.RELEASE]
	at org.apache.maven.surefire.junit4.JUnit4Provider.execute(JUnit4Provider.java:365) [surefire-junit4-2.20.jar:2.20]
	at org.apache.maven.surefire.junit4.JUnit4Provider.executeWithRerun(JUnit4Provider.java:272) [surefire-junit4-2.20.jar:2.20]
	at org.apache.maven.surefire.junit4.JUnit4Provider.executeTestSet(JUnit4Provider.java:236) [surefire-junit4-2.20.jar:2.20]
	at org.apache.maven.surefire.junit4.JUnit4Provider.invoke(JUnit4Provider.java:159) [surefire-junit4-2.20.jar:2.20]
	at org.apache.maven.surefire.booter.ForkedBooter.invokeProviderInSameClassLoader(ForkedBooter.java:386) [surefire-booter-2.20.jar:2.20]
	at org.apache.maven.surefire.booter.ForkedBooter.runSuitesInProcess(ForkedBooter.java:323) [surefire-booter-2.20.jar:2.20]
	at org.apache.maven.surefire.booter.ForkedBooter.main(ForkedBooter.java:143) [surefire-booter-2.20.jar:2.20]
04:51:58.869 [main] DEBUG o.s.t.c.s.AbstractDirtiesContextTestExecutionListener - After test method: context [DefaultTestContext@7f912032 testClass = APILogEntryTest, testInstance = edu.ncsu.csc.itrust2.apitest.APILogEntryTest@8e99f90, testMethod = testLogByDateLarge@APILogEntryTest, testException = org.springframework.web.util.NestedServletException: Request processing failed; nested exception is java.lang.NullPointerException, mergedContextConfiguration = [WebMergedContextConfiguration@cccaab6 testClass = APILogEntryTest, locations = &apos;{}&apos;, classes = &apos;{class edu.ncsu.csc.itrust2.config.RootConfiguration, class edu.ncsu.csc.itrust2.mvc.config.WebMvcConfiguration}&apos;, contextInitializerClasses = &apos;[]&apos;, activeProfiles = &apos;{}&apos;, propertySourceLocations = &apos;{}&apos;, propertySourceProperties = &apos;{}&apos;, contextCustomizers = set[[empty]], resourceBasePath = &apos;src/main/webapp&apos;, contextLoader = &apos;org.springframework.test.context.web.WebDelegatingSmartContextLoader&apos;, parent = [null]]], class annotated with @DirtiesContext [false] with mode [null], method annotated with @DirtiesContext [false] with mode [null].
04:51:58.870 [main] DEBUG o.s.t.c.w.ServletTestExecutionListener - Resetting RequestContextHolder for test context [DefaultTestContext@7f912032 testClass = APILogEntryTest, testInstance = edu.ncsu.csc.itrust2.apitest.APILogEntryTest@8e99f90, testMethod = testLogByDateLarge@APILogEntryTest, testException = org.springframework.web.util.NestedServletException: Request processing failed; nested exception is java.lang.NullPointerException, mergedContextConfiguration = [WebMergedContextConfiguration@cccaab6 testClass = APILogEntryTest, locations = &apos;{}&apos;, classes = &apos;{class edu.ncsu.csc.itrust2.config.RootConfiguration, class edu.ncsu.csc.itrust2.mvc.config.WebMvcConfiguration}&apos;, contextInitializerClasses = &apos;[]&apos;, activeProfiles = &apos;{}&apos;, propertySourceLocations = &apos;{}&apos;, propertySourceProperties = &apos;{}&apos;, contextCustomizers = set[[empty]], resourceBasePath = &apos;src/main/webapp&apos;, contextLoader = &apos;org.springframework.test.context.web.WebDelegatingSmartContextLoader&apos;, parent = [null]]].
</stdout>
          <failedSince>5</failedSince>
        </case>
        <case>
          <duration>0.047</duration>
          <className>edu.ncsu.csc.itrust2.apitest.APILogEntryTest</className>
          <testName>testLogByDate</testName>
          <skipped>false</skipped>
          <failedSince>0</failedSince>
        </case>
      </cases>
    </suite>
    <suite>
      <file>/var/lib/jenkins/workspace/iTrust-Fuzz-Job/iTrust2-v2/iTrust/iTrust2/target/surefire-reports/TEST-edu.ncsu.csc.itrust2.apitest.APIOfficeVisitTest.xml</file>
      <name>edu.ncsu.csc.itrust2.apitest.APIOfficeVisitTest</name>
      <duration>0.052</duration>
      <time>0.052</time>
      <enclosingBlocks/>
      <enclosingBlockNames/>
      <cases>
        <case>
          <duration>0.006</duration>
          <className>edu.ncsu.csc.itrust2.apitest.APIOfficeVisitTest</className>
          <testName>testDeleteNonExistentOfficeVisit</testName>
          <skipped>false</skipped>
          <failedSince>0</failedSince>
        </case>
        <case>
          <duration>0.007</duration>
          <className>edu.ncsu.csc.itrust2.apitest.APIOfficeVisitTest</className>
          <testName>testGetNonExistentOfficeVisit</testName>
          <skipped>false</skipped>
          <failedSince>0</failedSince>
        </case>
        <case>
          <duration>0.017</duration>
          <className>edu.ncsu.csc.itrust2.apitest.APIOfficeVisitTest</className>
          <testName>testOfficeVisitAPI</testName>
          <skipped>false</skipped>
          <errorStackTrace>java.lang.AssertionError: Status expected:&lt;200&gt; but was:&lt;400&gt;
	at edu.ncsu.csc.itrust2.apitest.APIOfficeVisitTest.testOfficeVisitAPI(APIOfficeVisitTest.java:194)
</errorStackTrace>
          <errorDetails>Status expected:&lt;200&gt; but was:&lt;400&gt;</errorDetails>
          <stdout>04:51:53.142 [main] DEBUG o.s.t.annotation.ProfileValueUtils - Retrieved @ProfileValueSourceConfiguration [null] for test class [edu.ncsu.csc.itrust2.apitest.APIOfficeVisitTest]
04:51:53.143 [main] DEBUG o.s.t.annotation.ProfileValueUtils - Retrieved ProfileValueSource type [class org.springframework.test.annotation.SystemProfileValueSource] for class [edu.ncsu.csc.itrust2.apitest.APIOfficeVisitTest]
04:51:53.143 [main] DEBUG o.s.t.c.c.DefaultCacheAwareContextLoaderDelegate - Retrieved ApplicationContext from cache with key [[WebMergedContextConfiguration@741f8c5c testClass = APIOfficeVisitTest, locations = &apos;{}&apos;, classes = &apos;{class edu.ncsu.csc.itrust2.config.RootConfiguration, class edu.ncsu.csc.itrust2.mvc.config.WebMvcConfiguration}&apos;, contextInitializerClasses = &apos;[]&apos;, activeProfiles = &apos;{}&apos;, propertySourceLocations = &apos;{}&apos;, propertySourceProperties = &apos;{}&apos;, contextCustomizers = set[[empty]], resourceBasePath = &apos;src/main/webapp&apos;, contextLoader = &apos;org.springframework.test.context.web.WebDelegatingSmartContextLoader&apos;, parent = [null]]]
04:51:53.143 [main] DEBUG o.springframework.test.context.cache - Spring test ApplicationContext cache statistics: [DefaultContextCache@3bc22ada size = 1, maxSize = 32, parentContextCount = 0, hitCount = 27, missCount = 1]
04:51:53.143 [main] DEBUG o.s.t.c.w.ServletTestExecutionListener - Setting up MockHttpServletRequest, MockHttpServletResponse, ServletWebRequest, and RequestContextHolder for test context [DefaultTestContext@584bb9f9 testClass = APIOfficeVisitTest, testInstance = edu.ncsu.csc.itrust2.apitest.APIOfficeVisitTest@3f1de33e, testMethod = [null], testException = [null], mergedContextConfiguration = [WebMergedContextConfiguration@741f8c5c testClass = APIOfficeVisitTest, locations = &apos;{}&apos;, classes = &apos;{class edu.ncsu.csc.itrust2.config.RootConfiguration, class edu.ncsu.csc.itrust2.mvc.config.WebMvcConfiguration}&apos;, contextInitializerClasses = &apos;[]&apos;, activeProfiles = &apos;{}&apos;, propertySourceLocations = &apos;{}&apos;, propertySourceProperties = &apos;{}&apos;, contextCustomizers = set[[empty]], resourceBasePath = &apos;src/main/webapp&apos;, contextLoader = &apos;org.springframework.test.context.web.WebDelegatingSmartContextLoader&apos;, parent = [null]]].
04:51:53.143 [main] DEBUG o.s.t.c.s.DependencyInjectionTestExecutionListener - Performing dependency injection for test context [[DefaultTestContext@584bb9f9 testClass = APIOfficeVisitTest, testInstance = edu.ncsu.csc.itrust2.apitest.APIOfficeVisitTest@3f1de33e, testMethod = [null], testException = [null], mergedContextConfiguration = [WebMergedContextConfiguration@741f8c5c testClass = APIOfficeVisitTest, locations = &apos;{}&apos;, classes = &apos;{class edu.ncsu.csc.itrust2.config.RootConfiguration, class edu.ncsu.csc.itrust2.mvc.config.WebMvcConfiguration}&apos;, contextInitializerClasses = &apos;[]&apos;, activeProfiles = &apos;{}&apos;, propertySourceLocations = &apos;{}&apos;, propertySourceProperties = &apos;{}&apos;, contextCustomizers = set[[empty]], resourceBasePath = &apos;src/main/webapp&apos;, contextLoader = &apos;org.springframework.test.context.web.WebDelegatingSmartContextLoader&apos;, parent = [null]]]].
04:51:53.143 [main] DEBUG o.s.t.c.c.DefaultCacheAwareContextLoaderDelegate - Retrieved ApplicationContext from cache with key [[WebMergedContextConfiguration@741f8c5c testClass = APIOfficeVisitTest, locations = &apos;{}&apos;, classes = &apos;{class edu.ncsu.csc.itrust2.config.RootConfiguration, class edu.ncsu.csc.itrust2.mvc.config.WebMvcConfiguration}&apos;, contextInitializerClasses = &apos;[]&apos;, activeProfiles = &apos;{}&apos;, propertySourceLocations = &apos;{}&apos;, propertySourceProperties = &apos;{}&apos;, contextCustomizers = set[[empty]], resourceBasePath = &apos;src/main/webapp&apos;, contextLoader = &apos;org.springframework.test.context.web.WebDelegatingSmartContextLoader&apos;, parent = [null]]]
04:51:53.143 [main] DEBUG o.springframework.test.context.cache - Spring test ApplicationContext cache statistics: [DefaultContextCache@3bc22ada size = 1, maxSize = 32, parentContextCount = 0, hitCount = 28, missCount = 1]
04:51:53.143 [main] DEBUG o.s.b.f.annotation.InjectionMetadata - Processing injected element of bean &apos;edu.ncsu.csc.itrust2.apitest.APIOfficeVisitTest&apos;: AutowiredFieldElement for private org.springframework.web.context.WebApplicationContext edu.ncsu.csc.itrust2.apitest.APIOfficeVisitTest.context
04:51:53.145 [main] DEBUG o.s.t.c.s.AbstractDirtiesContextTestExecutionListener - Before test method: context [DefaultTestContext@584bb9f9 testClass = APIOfficeVisitTest, testInstance = edu.ncsu.csc.itrust2.apitest.APIOfficeVisitTest@3f1de33e, testMethod = testOfficeVisitAPI@APIOfficeVisitTest, testException = [null], mergedContextConfiguration = [WebMergedContextConfiguration@741f8c5c testClass = APIOfficeVisitTest, locations = &apos;{}&apos;, classes = &apos;{class edu.ncsu.csc.itrust2.config.RootConfiguration, class edu.ncsu.csc.itrust2.mvc.config.WebMvcConfiguration}&apos;, contextInitializerClasses = &apos;[]&apos;, activeProfiles = &apos;{}&apos;, propertySourceLocations = &apos;{}&apos;, propertySourceProperties = &apos;{}&apos;, contextCustomizers = set[[empty]], resourceBasePath = &apos;src/main/webapp&apos;, contextLoader = &apos;org.springframework.test.context.web.WebDelegatingSmartContextLoader&apos;, parent = [null]]], class annotated with @DirtiesContext [false] with mode [null], method annotated with @DirtiesContext [false] with mode [null].
04:51:53.145 [main] DEBUG o.s.t.w.s.TestDispatcherServlet - Initializing servlet &apos;&apos;
04:51:53.146 [main] DEBUG o.s.w.c.s.StandardServletEnvironment - Adding [servletConfigInitParams] PropertySource with lowest search precedence
04:51:53.146 [main] DEBUG o.s.w.c.s.StandardServletEnvironment - Adding [servletContextInitParams] PropertySource with lowest search precedence
04:51:53.146 [main] DEBUG o.s.w.c.s.StandardServletEnvironment - Adding [systemProperties] PropertySource with lowest search precedence
04:51:53.146 [main] DEBUG o.s.w.c.s.StandardServletEnvironment - Adding [systemEnvironment] PropertySource with lowest search precedence
04:51:53.146 [main] DEBUG o.s.w.c.s.StandardServletEnvironment - Initialized StandardServletEnvironment with PropertySources [servletConfigInitParams,servletContextInitParams,systemProperties,systemEnvironment]
04:51:53.146 [main] INFO  o.s.mock.web.MockServletContext - Initializing Spring FrameworkServlet &apos;&apos;
04:51:53.146 [main] INFO  o.s.t.w.s.TestDispatcherServlet - FrameworkServlet &apos;&apos;: initialization started
04:51:53.146 [main] DEBUG o.s.t.w.s.TestDispatcherServlet - Unable to locate MultipartResolver with name &apos;multipartResolver&apos;: no multipart request handling provided
04:51:53.146 [main] DEBUG o.s.b.f.s.DefaultListableBeanFactory - Creating instance of bean &apos;org.springframework.web.servlet.i18n.AcceptHeaderLocaleResolver&apos;
04:51:53.146 [main] DEBUG o.s.b.f.s.DefaultListableBeanFactory - Finished creating instance of bean &apos;org.springframework.web.servlet.i18n.AcceptHeaderLocaleResolver&apos;
04:51:53.146 [main] DEBUG o.s.t.w.s.TestDispatcherServlet - Unable to locate LocaleResolver with name &apos;localeResolver&apos;: using default [org.springframework.web.servlet.i18n.AcceptHeaderLocaleResolver@ce46635]
04:51:53.147 [main] DEBUG o.s.b.f.s.DefaultListableBeanFactory - Creating instance of bean &apos;org.springframework.web.servlet.theme.FixedThemeResolver&apos;
04:51:53.147 [main] DEBUG o.s.b.f.s.DefaultListableBeanFactory - Finished creating instance of bean &apos;org.springframework.web.servlet.theme.FixedThemeResolver&apos;
04:51:53.147 [main] DEBUG o.s.t.w.s.TestDispatcherServlet - Unable to locate ThemeResolver with name &apos;themeResolver&apos;: using default [org.springframework.web.servlet.theme.FixedThemeResolver@23d503fc]
04:51:53.147 [main] DEBUG o.s.b.f.s.DefaultListableBeanFactory - Returning cached instance of singleton bean &apos;requestMappingHandlerMapping&apos;
04:51:53.147 [main] DEBUG o.s.b.f.s.DefaultListableBeanFactory - Returning cached instance of singleton bean &apos;viewControllerHandlerMapping&apos;
04:51:53.147 [main] DEBUG o.s.b.f.s.DefaultListableBeanFactory - Returning cached instance of singleton bean &apos;beanNameHandlerMapping&apos;
04:51:53.147 [main] DEBUG o.s.b.f.s.DefaultListableBeanFactory - Returning cached instance of singleton bean &apos;resourceHandlerMapping&apos;
04:51:53.147 [main] DEBUG o.s.b.f.s.DefaultListableBeanFactory - Returning cached instance of singleton bean &apos;defaultServletHandlerMapping&apos;
04:51:53.147 [main] DEBUG o.s.b.f.s.DefaultListableBeanFactory - Returning cached instance of singleton bean &apos;requestMappingHandlerAdapter&apos;
04:51:53.147 [main] DEBUG o.s.b.f.s.DefaultListableBeanFactory - Returning cached instance of singleton bean &apos;httpRequestHandlerAdapter&apos;
04:51:53.147 [main] DEBUG o.s.b.f.s.DefaultListableBeanFactory - Returning cached instance of singleton bean &apos;simpleControllerHandlerAdapter&apos;
04:51:53.148 [main] DEBUG o.s.b.f.s.DefaultListableBeanFactory - Returning cached instance of singleton bean &apos;handlerExceptionResolver&apos;
04:51:53.148 [main] DEBUG o.s.b.f.s.DefaultListableBeanFactory - Creating instance of bean &apos;org.springframework.web.servlet.view.DefaultRequestToViewNameTranslator&apos;
04:51:53.148 [main] DEBUG o.s.b.f.s.DefaultListableBeanFactory - Finished creating instance of bean &apos;org.springframework.web.servlet.view.DefaultRequestToViewNameTranslator&apos;
04:51:53.148 [main] DEBUG o.s.t.w.s.TestDispatcherServlet - Unable to locate RequestToViewNameTranslator with name &apos;viewNameTranslator&apos;: using default [org.springframework.web.servlet.view.DefaultRequestToViewNameTranslator@738110ab]
04:51:53.149 [main] DEBUG o.s.b.f.s.DefaultListableBeanFactory - Returning cached instance of singleton bean &apos;mvcViewResolver&apos;
04:51:53.149 [main] DEBUG o.s.b.f.s.DefaultListableBeanFactory - Returning cached instance of singleton bean &apos;viewResolver&apos;
04:51:53.149 [main] DEBUG o.s.b.f.s.DefaultListableBeanFactory - Creating instance of bean &apos;org.springframework.web.servlet.support.SessionFlashMapManager&apos;
04:51:53.149 [main] DEBUG o.s.b.f.s.DefaultListableBeanFactory - Finished creating instance of bean &apos;org.springframework.web.servlet.support.SessionFlashMapManager&apos;
04:51:53.149 [main] DEBUG o.s.t.w.s.TestDispatcherServlet - Unable to locate FlashMapManager with name &apos;flashMapManager&apos;: using default [org.springframework.web.servlet.support.SessionFlashMapManager@1d4f30f3]
04:51:53.149 [main] DEBUG o.s.t.w.s.TestDispatcherServlet - Published WebApplicationContext of servlet &apos;&apos; as ServletContext attribute with name [org.springframework.web.servlet.FrameworkServlet.CONTEXT.]
04:51:53.149 [main] INFO  o.s.t.w.s.TestDispatcherServlet - FrameworkServlet &apos;&apos;: initialization completed in 3 ms
04:51:53.149 [main] DEBUG o.s.t.w.s.TestDispatcherServlet - Servlet &apos;&apos; configured successfully
04:51:53.149 [main] DEBUG o.h.e.t.internal.TransactionImpl - begin
04:51:53.150 [main] DEBUG org.hibernate.SQL - select this_.username as username1_15_0_, this_.enabled as enabled2_15_0_, this_.password as password3_15_0_, this_.role as role4_15_0_ from Users this_ where this_.username=? and this_.role=?
Hibernate: select this_.username as username1_15_0_, this_.enabled as enabled2_15_0_, this_.password as password3_15_0_, this_.role as role4_15_0_ from Users this_ where this_.username=? and this_.role=?
04:51:53.151 [main] DEBUG org.hibernate.loader.Loader - Result set row: 0
04:51:53.151 [main] DEBUG org.hibernate.loader.Loader - Result row: EntityKey[edu.ncsu.csc.itrust2.models.persistent.User#patient]
04:51:53.151 [main] DEBUG o.h.engine.internal.TwoPhaseLoad - Resolving associations for [edu.ncsu.csc.itrust2.models.persistent.User#patient]
04:51:53.151 [main] DEBUG o.h.engine.internal.TwoPhaseLoad - Done materializing entity [edu.ncsu.csc.itrust2.models.persistent.User#patient]
04:51:53.151 [main] DEBUG o.h.e.t.internal.TransactionImpl - committing
04:51:53.151 [main] DEBUG o.h.e.i.AbstractFlushingEventListener - Processing flush-time cascades
04:51:53.152 [main] DEBUG o.h.e.i.AbstractFlushingEventListener - Dirty checking collections
04:51:53.152 [main] DEBUG o.h.e.i.AbstractFlushingEventListener - Flushed: 0 insertions, 0 updates, 0 deletions to 1 objects
04:51:53.152 [main] DEBUG o.h.e.i.AbstractFlushingEventListener - Flushed: 0 (re)creations, 0 updates, 0 removals to 0 collections
04:51:53.152 [main] DEBUG o.h.internal.util.EntityPrinter - Listing entities:
04:51:53.152 [main] DEBUG o.h.internal.util.EntityPrinter - edu.ncsu.csc.itrust2.models.persistent.User{password=$2a$10$EblZqNptyYvcLm/VwDCVAuBjzZOI7khzdyGPBr08PpIi0na624b8., role=ROLE_PATIENT, enabled=1, username=patient}
04:51:53.152 [main] DEBUG o.h.e.t.internal.TransactionImpl - begin
04:51:53.153 [main] DEBUG org.hibernate.SQL - select this_.self_id as self_id18_12_2_, this_.address1 as address1_12_2_, this_.address2 as address2_12_2_, this_.bloodType as bloodTyp3_12_2_, this_.causeOfDeath as causeOfD4_12_2_, this_.city as city5_12_2_, this_.dateOfBirth as dateOfBi6_12_2_, this_.dateOfDeath as dateOfDe7_12_2_, this_.email as email8_12_2_, this_.ethnicity as ethnicit9_12_2_, this_.father_id as father_19_12_2_, this_.firstName as firstNa10_12_2_, this_.gender as gender11_12_2_, this_.id as id12_12_2_, this_.lastName as lastNam13_12_2_, this_.mother_id as mother_20_12_2_, this_.phone as phone14_12_2_, this_.preferredName as preferr15_12_2_, this_.state as state16_12_2_, this_.zip as zip17_12_2_, user2_.username as username1_15_0_, user2_.enabled as enabled2_15_0_, user2_.password as password3_15_0_, user2_.role as role4_15_0_, user3_.username as username1_15_1_, user3_.enabled as enabled2_15_1_, user3_.password as password3_15_1_, user3_.role as role4_15_1_ from Patients this_ left outer join Users user2_ on this_.father_id=user2_.username left outer join Users user3_ on this_.mother_id=user3_.username where this_.self_id=?
Hibernate: select this_.self_id as self_id18_12_2_, this_.address1 as address1_12_2_, this_.address2 as address2_12_2_, this_.bloodType as bloodTyp3_12_2_, this_.causeOfDeath as causeOfD4_12_2_, this_.city as city5_12_2_, this_.dateOfBirth as dateOfBi6_12_2_, this_.dateOfDeath as dateOfDe7_12_2_, this_.email as email8_12_2_, this_.ethnicity as ethnicit9_12_2_, this_.father_id as father_19_12_2_, this_.firstName as firstNa10_12_2_, this_.gender as gender11_12_2_, this_.id as id12_12_2_, this_.lastName as lastNam13_12_2_, this_.mother_id as mother_20_12_2_, this_.phone as phone14_12_2_, this_.preferredName as preferr15_12_2_, this_.state as state16_12_2_, this_.zip as zip17_12_2_, user2_.username as username1_15_0_, user2_.enabled as enabled2_15_0_, user2_.password as password3_15_0_, user2_.role as role4_15_0_, user3_.username as username1_15_1_, user3_.enabled as enabled2_15_1_, user3_.password as password3_15_1_, user3_.role as role4_15_1_ from Patients this_ left outer join Users user2_ on this_.father_id=user2_.username left outer join Users user3_ on this_.mother_id=user3_.username where this_.self_id=?
04:51:53.155 [main] DEBUG o.h.e.t.internal.TransactionImpl - committing
04:51:53.156 [main] DEBUG o.s.t.w.s.TestDispatcherServlet - DispatcherServlet with name &apos;&apos; processing POST request for [/api/v1/users]
04:51:53.156 [main] DEBUG o.s.w.s.m.m.a.RequestMappingHandlerMapping - Looking up handler method for path /api/v1/users
04:51:53.157 [main] DEBUG o.s.w.s.m.m.a.RequestMappingHandlerMapping - Returning handler method [public org.springframework.http.ResponseEntity edu.ncsu.csc.itrust2.controllers.api.APIUserController.createUser(edu.ncsu.csc.itrust2.forms.admin.UserForm)]
04:51:53.157 [main] DEBUG o.s.b.f.s.DefaultListableBeanFactory - Returning cached instance of singleton bean &apos;APIUserController&apos;
04:51:53.157 [main] DEBUG o.s.w.s.m.m.a.RequestResponseBodyMethodProcessor - Read [class edu.ncsu.csc.itrust2.forms.admin.UserForm] as &quot;application/json&quot; with [org.springframework.http.converter.json.GsonHttpMessageConverter@65b65bdb]
04:51:53.271 [main] DEBUG o.h.e.t.internal.TransactionImpl - begin
04:51:53.272 [main] DEBUG org.hibernate.SQL - select this_.username as username1_15_0_, this_.enabled as enabled2_15_0_, this_.password as password3_15_0_, this_.role as role4_15_0_ from Users this_ where this_.username=?
Hibernate: select this_.username as username1_15_0_, this_.enabled as enabled2_15_0_, this_.password as password3_15_0_, this_.role as role4_15_0_ from Users this_ where this_.username=?
04:51:53.273 [main] DEBUG org.hibernate.loader.Loader - Result set row: 0
04:51:53.273 [main] DEBUG org.hibernate.loader.Loader - Result row: EntityKey[edu.ncsu.csc.itrust2.models.persistent.User#hcp]
04:51:53.273 [main] DEBUG o.h.engine.internal.TwoPhaseLoad - Resolving associations for [edu.ncsu.csc.itrust2.models.persistent.User#hcp]
04:51:53.273 [main] DEBUG o.h.engine.internal.TwoPhaseLoad - Done materializing entity [edu.ncsu.csc.itrust2.models.persistent.User#hcp]
04:51:53.274 [main] DEBUG o.h.e.t.internal.TransactionImpl - committing
04:51:53.274 [main] DEBUG o.h.e.i.AbstractFlushingEventListener - Processing flush-time cascades
04:51:53.274 [main] DEBUG o.h.e.i.AbstractFlushingEventListener - Dirty checking collections
04:51:53.274 [main] DEBUG o.h.e.i.AbstractFlushingEventListener - Flushed: 0 insertions, 0 updates, 0 deletions to 1 objects
04:51:53.274 [main] DEBUG o.h.e.i.AbstractFlushingEventListener - Flushed: 0 (re)creations, 0 updates, 0 removals to 0 collections
04:51:53.274 [main] DEBUG o.h.internal.util.EntityPrinter - Listing entities:
04:51:53.274 [main] DEBUG o.h.internal.util.EntityPrinter - edu.ncsu.csc.itrust2.models.persistent.User{password=$2a$10$EblZqNptyYvcLm/VwDCVAuBjzZOI7khzdyGPBr08PpIi0na624b8., role=ROLE_HCP, enabled=1, username=hcp}
04:51:53.279 [main] DEBUG o.s.w.s.m.m.a.HttpEntityMethodProcessor - Written [{&quot;status&quot;:&quot;failed&quot;,&quot;message&quot;:&quot;User with the id hcp already exists&quot;}] as &quot;text/plain&quot; using [org.springframework.http.converter.StringHttpMessageConverter@6b0d781d]
04:51:53.279 [main] DEBUG o.s.t.w.s.TestDispatcherServlet - Null ModelAndView returned to DispatcherServlet with name &apos;&apos;: assuming HandlerAdapter completed request handling
04:51:53.279 [main] DEBUG o.s.t.w.s.TestDispatcherServlet - Successfully completed request
04:51:53.280 [main] DEBUG o.s.t.w.s.TestDispatcherServlet - DispatcherServlet with name &apos;&apos; processing POST request for [/api/v1/users]
04:51:53.280 [main] DEBUG o.s.w.s.m.m.a.RequestMappingHandlerMapping - Looking up handler method for path /api/v1/users
04:51:53.280 [main] DEBUG o.s.w.s.m.m.a.RequestMappingHandlerMapping - Returning handler method [public org.springframework.http.ResponseEntity edu.ncsu.csc.itrust2.controllers.api.APIUserController.createUser(edu.ncsu.csc.itrust2.forms.admin.UserForm)]
04:51:53.280 [main] DEBUG o.s.b.f.s.DefaultListableBeanFactory - Returning cached instance of singleton bean &apos;APIUserController&apos;
04:51:53.281 [main] DEBUG o.s.w.s.m.m.a.RequestResponseBodyMethodProcessor - Read [class edu.ncsu.csc.itrust2.forms.admin.UserForm] as &quot;application/json&quot; with [org.springframework.http.converter.json.GsonHttpMessageConverter@65b65bdb]
04:51:53.421 [main] DEBUG o.h.e.t.internal.TransactionImpl - begin
04:51:53.422 [main] DEBUG org.hibernate.SQL - select this_.username as username1_15_0_, this_.enabled as enabled2_15_0_, this_.password as password3_15_0_, this_.role as role4_15_0_ from Users this_ where this_.username=?
Hibernate: select this_.username as username1_15_0_, this_.enabled as enabled2_15_0_, this_.password as password3_15_0_, this_.role as role4_15_0_ from Users this_ where this_.username=?
04:51:53.422 [main] DEBUG org.hibernate.loader.Loader - Result set row: 0
04:51:53.423 [main] DEBUG org.hibernate.loader.Loader - Result row: EntityKey[edu.ncsu.csc.itrust2.models.persistent.User#patient]
04:51:53.423 [main] DEBUG o.h.engine.internal.TwoPhaseLoad - Resolving associations for [edu.ncsu.csc.itrust2.models.persistent.User#patient]
04:51:53.423 [main] DEBUG o.h.engine.internal.TwoPhaseLoad - Done materializing entity [edu.ncsu.csc.itrust2.models.persistent.User#patient]
04:51:53.423 [main] DEBUG o.h.e.t.internal.TransactionImpl - committing
04:51:53.423 [main] DEBUG o.h.e.i.AbstractFlushingEventListener - Processing flush-time cascades
04:51:53.423 [main] DEBUG o.h.e.i.AbstractFlushingEventListener - Dirty checking collections
04:51:53.423 [main] DEBUG o.h.e.i.AbstractFlushingEventListener - Flushed: 0 insertions, 0 updates, 0 deletions to 1 objects
04:51:53.423 [main] DEBUG o.h.e.i.AbstractFlushingEventListener - Flushed: 0 (re)creations, 0 updates, 0 removals to 0 collections
04:51:53.423 [main] DEBUG o.h.internal.util.EntityPrinter - Listing entities:
04:51:53.424 [main] DEBUG o.h.internal.util.EntityPrinter - edu.ncsu.csc.itrust2.models.persistent.User{password=$2a$10$EblZqNptyYvcLm/VwDCVAuBjzZOI7khzdyGPBr08PpIi0na624b8., role=ROLE_PATIENT, enabled=1, username=patient}
04:51:53.426 [main] DEBUG o.s.w.s.m.m.a.HttpEntityMethodProcessor - Written [{&quot;status&quot;:&quot;failed&quot;,&quot;message&quot;:&quot;User with the id patient already exists&quot;}] as &quot;text/plain&quot; using [org.springframework.http.converter.StringHttpMessageConverter@6b0d781d]
04:51:53.426 [main] DEBUG o.s.t.w.s.TestDispatcherServlet - Null ModelAndView returned to DispatcherServlet with name &apos;&apos;: assuming HandlerAdapter completed request handling
04:51:53.426 [main] DEBUG o.s.t.w.s.TestDispatcherServlet - Successfully completed request
04:51:53.432 [main] DEBUG o.s.t.w.s.TestDispatcherServlet - DispatcherServlet with name &apos;&apos; processing POST request for [/api/v1/hospitals]
04:51:53.433 [main] DEBUG o.s.w.s.m.m.a.RequestMappingHandlerMapping - Looking up handler method for path /api/v1/hospitals
04:51:53.435 [main] DEBUG o.s.w.s.m.m.a.RequestMappingHandlerMapping - Returning handler method [public org.springframework.http.ResponseEntity edu.ncsu.csc.itrust2.controllers.api.APIHospitalController.createHospital(edu.ncsu.csc.itrust2.forms.admin.HospitalForm)]
04:51:53.440 [main] DEBUG o.s.b.f.s.DefaultListableBeanFactory - Returning cached instance of singleton bean &apos;APIHospitalController&apos;
04:51:53.441 [main] DEBUG o.s.w.s.m.m.a.RequestResponseBodyMethodProcessor - Read [class edu.ncsu.csc.itrust2.forms.admin.HospitalForm] as &quot;application/json&quot; with [org.springframework.http.converter.json.GsonHttpMessageConverter@65b65bdb]
04:51:53.442 [main] DEBUG o.h.e.t.internal.TransactionImpl - begin
04:51:53.443 [main] DEBUG org.hibernate.SQL - select this_.name as name1_4_0_, this_.address as address2_4_0_, this_.state as state3_4_0_, this_.zip as zip4_4_0_ from Hospitals this_ where this_.name=?
Hibernate: select this_.name as name1_4_0_, this_.address as address2_4_0_, this_.state as state3_4_0_, this_.zip as zip4_4_0_ from Hospitals this_ where this_.name=?
04:51:53.444 [main] DEBUG o.h.e.t.internal.TransactionImpl - committing
04:51:53.445 [main] DEBUG o.h.e.t.internal.TransactionImpl - begin
04:51:53.446 [main] DEBUG org.hibernate.SQL - select hospital_.name, hospital_.address as address2_4_, hospital_.state as state3_4_, hospital_.zip as zip4_4_ from Hospitals hospital_ where hospital_.name=?
Hibernate: select hospital_.name, hospital_.address as address2_4_, hospital_.state as state3_4_, hospital_.zip as zip4_4_ from Hospitals hospital_ where hospital_.name=?
04:51:53.446 [main] DEBUG o.h.r.j.i.ResourceRegistryStandardImpl - HHH000387: ResultSet&apos;s statement was not registered
04:51:53.447 [main] DEBUG o.h.e.i.AbstractSaveEventListener - Generated identifier: iTrust Test Hospital 2, using strategy: org.hibernate.id.Assigned
04:51:53.447 [main] DEBUG o.h.e.t.internal.TransactionImpl - committing
04:51:53.447 [main] DEBUG o.h.e.i.AbstractFlushingEventListener - Processing flush-time cascades
04:51:53.448 [main] DEBUG o.h.e.i.AbstractFlushingEventListener - Dirty checking collections
04:51:53.448 [main] DEBUG o.h.e.i.AbstractFlushingEventListener - Flushed: 1 insertions, 0 updates, 0 deletions to 1 objects
04:51:53.448 [main] DEBUG o.h.e.i.AbstractFlushingEventListener - Flushed: 0 (re)creations, 0 updates, 0 removals to 0 collections
04:51:53.448 [main] DEBUG o.h.internal.util.EntityPrinter - Listing entities:
04:51:53.449 [main] DEBUG o.h.internal.util.EntityPrinter - edu.ncsu.csc.itrust2.models.persistent.Hospital{zip=27607, address=1 iTrust Test Street, name=iTrust Test Hospital 2, state=NC}
04:51:53.460 [main] DEBUG org.hibernate.SQL - insert into Hospitals (address, state, zip, name) values (?, ?, ?, ?)
Hibernate: insert into Hospitals (address, state, zip, name) values (?, ?, ?, ?)
04:51:53.465 [main] DEBUG o.h.e.j.internal.JdbcCoordinatorImpl - HHH000420: Closing un-released batch
04:51:53.466 [main] DEBUG o.h.e.t.internal.TransactionImpl - begin
04:51:53.466 [main] DEBUG org.hibernate.SQL - select next_val as id_val from hibernate_sequence for update
Hibernate: select next_val as id_val from hibernate_sequence for update
04:51:53.467 [main] DEBUG org.hibernate.SQL - update hibernate_sequence set next_val= ? where next_val=?
Hibernate: update hibernate_sequence set next_val= ? where next_val=?
04:51:53.472 [main] DEBUG o.h.e.i.AbstractSaveEventListener - Generated identifier: 20, using strategy: org.hibernate.id.enhanced.SequenceStyleGenerator
04:51:53.480 [main] DEBUG o.h.e.t.internal.TransactionImpl - committing
04:51:53.480 [main] DEBUG o.h.e.i.AbstractFlushingEventListener - Processing flush-time cascades
04:51:53.480 [main] DEBUG o.h.e.i.AbstractFlushingEventListener - Dirty checking collections
04:51:53.480 [main] DEBUG o.h.e.i.AbstractFlushingEventListener - Flushed: 1 insertions, 0 updates, 0 deletions to 1 objects
04:51:53.480 [main] DEBUG o.h.e.i.AbstractFlushingEventListener - Flushed: 0 (re)creations, 0 updates, 0 removals to 0 collections
04:51:53.480 [main] DEBUG o.h.internal.util.EntityPrinter - Listing entities:
04:51:53.480 [main] DEBUG o.h.internal.util.EntityPrinter - edu.ncsu.csc.itrust2.models.persistent.LogEntry{secondaryUser=null, logCode=15, primaryUser=SPRING_API_TEST_USER, id=20, time=java.util.GregorianCalendar[time=1521521513466,areFieldsSet=true,areAllFieldsSet=true,lenient=true,zone=sun.util.calendar.ZoneInfo[id=&quot;Etc/UTC&quot;,offset=0,dstSavings=0,useDaylight=false,transitions=0,lastRule=null],firstDayOfWeek=1,minimalDaysInFirstWeek=1,ERA=1,YEAR=2018,MONTH=2,WEEK_OF_YEAR=12,WEEK_OF_MONTH=4,DAY_OF_MONTH=20,DAY_OF_YEAR=79,DAY_OF_WEEK=3,DAY_OF_WEEK_IN_MONTH=3,AM_PM=0,HOUR=4,HOUR_OF_DAY=4,MINUTE=51,SECOND=53,MILLISECOND=466,ZONE_OFFSET=0,DST_OFFSET=0], message=null}
04:51:53.484 [main] DEBUG org.hibernate.SQL - insert into LogEntries (logCode, message, primaryUser, secondaryUser, time, id) values (?, ?, ?, ?, ?, ?)
Hibernate: insert into LogEntries (logCode, message, primaryUser, secondaryUser, time, id) values (?, ?, ?, ?, ?, ?)
04:51:53.487 [main] DEBUG o.h.e.j.internal.JdbcCoordinatorImpl - HHH000420: Closing un-released batch
04:51:53.489 [main] DEBUG o.s.w.s.m.m.a.HttpEntityMethodProcessor - Written [edu.ncsu.csc.itrust2.models.persistent.Hospital@403b9a19] as &quot;application/json&quot; using [org.springframework.http.converter.json.GsonHttpMessageConverter@65b65bdb]
04:51:53.490 [main] DEBUG o.s.t.w.s.TestDispatcherServlet - Null ModelAndView returned to DispatcherServlet with name &apos;&apos;: assuming HandlerAdapter completed request handling
04:51:53.490 [main] DEBUG o.s.t.w.s.TestDispatcherServlet - Successfully completed request
04:51:53.491 [main] DEBUG o.s.t.w.s.TestDispatcherServlet - DispatcherServlet with name &apos;&apos; processing DELETE request for [/api/v1/officevisits]
04:51:53.492 [main] DEBUG o.s.w.s.m.m.a.RequestMappingHandlerMapping - Looking up handler method for path /api/v1/officevisits
04:51:53.493 [main] DEBUG o.s.w.s.m.m.a.RequestMappingHandlerMapping - Returning handler method [public void edu.ncsu.csc.itrust2.controllers.api.APIOfficeVisitController.deleteOfficeVisits()]
04:51:53.493 [main] DEBUG o.s.b.f.s.DefaultListableBeanFactory - Returning cached instance of singleton bean &apos;APIOfficeVisitController&apos;
04:51:53.494 [main] DEBUG o.h.e.t.internal.TransactionImpl - begin
04:51:53.495 [main] DEBUG org.hibernate.SQL - select next_val as id_val from hibernate_sequence for update
Hibernate: select next_val as id_val from hibernate_sequence for update
04:51:53.495 [main] DEBUG org.hibernate.SQL - update hibernate_sequence set next_val= ? where next_val=?
Hibernate: update hibernate_sequence set next_val= ? where next_val=?
04:51:53.497 [main] DEBUG o.h.e.i.AbstractSaveEventListener - Generated identifier: 21, using strategy: org.hibernate.id.enhanced.SequenceStyleGenerator
04:51:53.508 [main] DEBUG o.h.e.t.internal.TransactionImpl - committing
04:51:53.508 [main] DEBUG o.h.e.i.AbstractFlushingEventListener - Processing flush-time cascades
04:51:53.508 [main] DEBUG o.h.e.i.AbstractFlushingEventListener - Dirty checking collections
04:51:53.509 [main] DEBUG o.h.e.i.AbstractFlushingEventListener - Flushed: 1 insertions, 0 updates, 0 deletions to 1 objects
04:51:53.509 [main] DEBUG o.h.e.i.AbstractFlushingEventListener - Flushed: 0 (re)creations, 0 updates, 0 removals to 0 collections
04:51:53.509 [main] DEBUG o.h.internal.util.EntityPrinter - Listing entities:
04:51:53.509 [main] DEBUG o.h.internal.util.EntityPrinter - edu.ncsu.csc.itrust2.models.persistent.LogEntry{secondaryUser=null, logCode=30, primaryUser=SPRING_API_TEST_USER, id=21, time=java.util.GregorianCalendar[time=1521521513494,areFieldsSet=true,areAllFieldsSet=true,lenient=true,zone=sun.util.calendar.ZoneInfo[id=&quot;Etc/UTC&quot;,offset=0,dstSavings=0,useDaylight=false,transitions=0,lastRule=null],firstDayOfWeek=1,minimalDaysInFirstWeek=1,ERA=1,YEAR=2018,MONTH=2,WEEK_OF_YEAR=12,WEEK_OF_MONTH=4,DAY_OF_MONTH=20,DAY_OF_YEAR=79,DAY_OF_WEEK=3,DAY_OF_WEEK_IN_MONTH=3,AM_PM=0,HOUR=4,HOUR_OF_DAY=4,MINUTE=51,SECOND=53,MILLISECOND=494,ZONE_OFFSET=0,DST_OFFSET=0], message=null}
04:51:53.510 [main] DEBUG org.hibernate.SQL - insert into LogEntries (logCode, message, primaryUser, secondaryUser, time, id) values (?, ?, ?, ?, ?, ?)
Hibernate: insert into LogEntries (logCode, message, primaryUser, secondaryUser, time, id) values (?, ?, ?, ?, ?, ?)
04:51:53.511 [main] DEBUG o.h.e.j.internal.JdbcCoordinatorImpl - HHH000420: Closing un-released batch
04:51:53.512 [main] DEBUG o.h.e.t.internal.TransactionImpl - begin
04:51:53.513 [main] DEBUG org.hibernate.SQL - select this_.id as id1_2_8_, this_.code_id as code_id3_2_8_, this_.note as note2_2_8_, this_.visit_id as visit_id4_2_8_, icdcode2_.id as id1_5_0_, icdcode2_.code as code2_5_0_, icdcode2_.description as descript3_5_0_, officevisi3_.id as id1_10_1_, officevisi3_.appointment_id as appointm5_10_1_, officevisi3_.basichealthmetrics_id as basichea6_10_1_, officevisi3_.date as date2_10_1_, officevisi3_.hcp_id as hcp_id7_10_1_, officevisi3_.hospital_id as hospital8_10_1_, officevisi3_.notes as notes3_10_1_, officevisi3_.patient_id as patient_9_10_1_, officevisi3_.type as type4_10_1_, appointmen4_.id as id1_0_2_, appointmen4_.comments as comments2_0_2_, appointmen4_.date as date3_0_2_, appointmen4_.hcp_id as hcp_id6_0_2_, appointmen4_.patient_id as patient_7_0_2_, appointmen4_.status as status4_0_2_, appointmen4_.type as type5_0_2_, basichealt5_.id as id1_1_3_, basichealt5_.diastolic as diastoli2_1_3_, basichealt5_.hcp_id as hcp_id12_1_3_, basichealt5_.hdl as hdl3_1_3_, basichealt5_.headCircumference as headCirc4_1_3_, basichealt5_.height as height5_1_3_, basichealt5_.houseSmokingStatus as houseSmo6_1_3_, basichealt5_.ldl as ldl7_1_3_, basichealt5_.patient_id as patient13_1_3_, basichealt5_.patientSmokingStatus as patientS8_1_3_, basichealt5_.systolic as systolic9_1_3_, basichealt5_.tri as tri10_1_3_, basichealt5_.weight as weight11_1_3_, user6_.username as username1_15_4_, user6_.enabled as enabled2_15_4_, user6_.password as password3_15_4_, user6_.role as role4_15_4_, hospital7_.name as name1_4_5_, hospital7_.address as address2_4_5_, hospital7_.state as state3_4_5_, hospital7_.zip as zip4_4_5_, user8_.username as username1_15_6_, user8_.enabled as enabled2_15_6_, user8_.password as password3_15_6_, user8_.role as role4_15_6_, prescripti9_.prescriptions_id as prescrip8_14_10_, prescripti9_.id as id1_14_10_, prescripti9_.id as id1_14_7_, prescripti9_.dosage as dosage2_14_7_, prescripti9_.drug_id as drug_id6_14_7_, prescripti9_.endDate as endDate3_14_7_, prescripti9_.patient_id as patient_7_14_7_, prescripti9_.renewals as renewals4_14_7_, prescripti9_.startDate as startDat5_14_7_ from Diagnoses this_ inner join ICDCodes icdcode2_ on this_.code_id=icdcode2_.id inner join OfficeVisits officevisi3_ on this_.visit_id=officevisi3_.id left outer join AppointmentRequests appointmen4_ on officevisi3_.appointment_id=appointmen4_.id left outer join BasicHealthMetrics basichealt5_ on officevisi3_.basichealthmetrics_id=basichealt5_.id left outer join Users user6_ on officevisi3_.hcp_id=user6_.username left outer join Hospitals hospital7_ on officevisi3_.hospital_id=hospital7_.name left outer join Users user8_ on officevisi3_.patient_id=user8_.username left outer join Prescriptions prescripti9_ on officevisi3_.id=prescripti9_.prescriptions_id
Hibernate: select this_.id as id1_2_8_, this_.code_id as code_id3_2_8_, this_.note as note2_2_8_, this_.visit_id as visit_id4_2_8_, icdcode2_.id as id1_5_0_, icdcode2_.code as code2_5_0_, icdcode2_.description as descript3_5_0_, officevisi3_.id as id1_10_1_, officevisi3_.appointment_id as appointm5_10_1_, officevisi3_.basichealthmetrics_id as basichea6_10_1_, officevisi3_.date as date2_10_1_, officevisi3_.hcp_id as hcp_id7_10_1_, officevisi3_.hospital_id as hospital8_10_1_, officevisi3_.notes as notes3_10_1_, officevisi3_.patient_id as patient_9_10_1_, officevisi3_.type as type4_10_1_, appointmen4_.id as id1_0_2_, appointmen4_.comments as comments2_0_2_, appointmen4_.date as date3_0_2_, appointmen4_.hcp_id as hcp_id6_0_2_, appointmen4_.patient_id as patient_7_0_2_, appointmen4_.status as status4_0_2_, appointmen4_.type as type5_0_2_, basichealt5_.id as id1_1_3_, basichealt5_.diastolic as diastoli2_1_3_, basichealt5_.hcp_id as hcp_id12_1_3_, basichealt5_.hdl as hdl3_1_3_, basichealt5_.headCircumference as headCirc4_1_3_, basichealt5_.height as height5_1_3_, basichealt5_.houseSmokingStatus as houseSmo6_1_3_, basichealt5_.ldl as ldl7_1_3_, basichealt5_.patient_id as patient13_1_3_, basichealt5_.patientSmokingStatus as patientS8_1_3_, basichealt5_.systolic as systolic9_1_3_, basichealt5_.tri as tri10_1_3_, basichealt5_.weight as weight11_1_3_, user6_.username as username1_15_4_, user6_.enabled as enabled2_15_4_, user6_.password as password3_15_4_, user6_.role as role4_15_4_, hospital7_.name as name1_4_5_, hospital7_.address as address2_4_5_, hospital7_.state as state3_4_5_, hospital7_.zip as zip4_4_5_, user8_.username as username1_15_6_, user8_.enabled as enabled2_15_6_, user8_.password as password3_15_6_, user8_.role as role4_15_6_, prescripti9_.prescriptions_id as prescrip8_14_10_, prescripti9_.id as id1_14_10_, prescripti9_.id as id1_14_7_, prescripti9_.dosage as dosage2_14_7_, prescripti9_.drug_id as drug_id6_14_7_, prescripti9_.endDate as endDate3_14_7_, prescripti9_.patient_id as patient_7_14_7_, prescripti9_.renewals as renewals4_14_7_, prescripti9_.startDate as startDat5_14_7_ from Diagnoses this_ inner join ICDCodes icdcode2_ on this_.code_id=icdcode2_.id inner join OfficeVisits officevisi3_ on this_.visit_id=officevisi3_.id left outer join AppointmentRequests appointmen4_ on officevisi3_.appointment_id=appointmen4_.id left outer join BasicHealthMetrics basichealt5_ on officevisi3_.basichealthmetrics_id=basichealt5_.id left outer join Users user6_ on officevisi3_.hcp_id=user6_.username left outer join Hospitals hospital7_ on officevisi3_.hospital_id=hospital7_.name left outer join Users user8_ on officevisi3_.patient_id=user8_.username left outer join Prescriptions prescripti9_ on officevisi3_.id=prescripti9_.prescriptions_id
04:51:53.514 [main] DEBUG o.h.e.l.i.CollectionLoadContext - No collections were found in result set for role: edu.ncsu.csc.itrust2.models.persistent.OfficeVisit.prescriptions
04:51:53.514 [main] DEBUG o.h.e.t.internal.TransactionImpl - committing
04:51:53.515 [main] DEBUG o.h.e.t.internal.TransactionImpl - begin
04:51:53.519 [main] DEBUG org.hibernate.SQL - select this_.id as id1_10_12_, this_.appointment_id as appointm5_10_12_, this_.basichealthmetrics_id as basichea6_10_12_, this_.date as date2_10_12_, this_.hcp_id as hcp_id7_10_12_, this_.hospital_id as hospital8_10_12_, this_.notes as notes3_10_12_, this_.patient_id as patient_9_10_12_, this_.type as type4_10_12_, appointmen2_.id as id1_0_0_, appointmen2_.comments as comments2_0_0_, appointmen2_.date as date3_0_0_, appointmen2_.hcp_id as hcp_id6_0_0_, appointmen2_.patient_id as patient_7_0_0_, appointmen2_.status as status4_0_0_, appointmen2_.type as type5_0_0_, user3_.username as username1_15_1_, user3_.enabled as enabled2_15_1_, user3_.password as password3_15_1_, user3_.role as role4_15_1_, user4_.username as username1_15_2_, user4_.enabled as enabled2_15_2_, user4_.password as password3_15_2_, user4_.role as role4_15_2_, basichealt5_.id as id1_1_3_, basichealt5_.diastolic as diastoli2_1_3_, basichealt5_.hcp_id as hcp_id12_1_3_, basichealt5_.hdl as hdl3_1_3_, basichealt5_.headCircumference as headCirc4_1_3_, basichealt5_.height as height5_1_3_, basichealt5_.houseSmokingStatus as houseSmo6_1_3_, basichealt5_.ldl as ldl7_1_3_, basichealt5_.patient_id as patient13_1_3_, basichealt5_.patientSmokingStatus as patientS8_1_3_, basichealt5_.systolic as systolic9_1_3_, basichealt5_.tri as tri10_1_3_, basichealt5_.weight as weight11_1_3_, user6_.username as username1_15_4_, user6_.enabled as enabled2_15_4_, user6_.password as password3_15_4_, user6_.role as role4_15_4_, user7_.username as username1_15_5_, user7_.enabled as enabled2_15_5_, user7_.password as password3_15_5_, user7_.role as role4_15_5_, user8_.username as username1_15_6_, user8_.enabled as enabled2_15_6_, user8_.password as password3_15_6_, user8_.role as role4_15_6_, hospital9_.name as name1_4_7_, hospital9_.address as address2_4_7_, hospital9_.state as state3_4_7_, hospital9_.zip as zip4_4_7_, user10_.username as username1_15_8_, user10_.enabled as enabled2_15_8_, user10_.password as password3_15_8_, user10_.role as role4_15_8_, prescripti11_.prescriptions_id as prescrip8_14_14_, prescripti11_.id as id1_14_14_, prescripti11_.id as id1_14_9_, prescripti11_.dosage as dosage2_14_9_, prescripti11_.drug_id as drug_id6_14_9_, prescripti11_.endDate as endDate3_14_9_, prescripti11_.patient_id as patient_7_14_9_, prescripti11_.renewals as renewals4_14_9_, prescripti11_.startDate as startDat5_14_9_, drug12_.id as id1_3_10_, drug12_.code as code2_3_10_, drug12_.description as descript3_3_10_, drug12_.name as name4_3_10_, user13_.username as username1_15_11_, user13_.enabled as enabled2_15_11_, user13_.password as password3_15_11_, user13_.role as role4_15_11_ from OfficeVisits this_ left outer join AppointmentRequests appointmen2_ on this_.appointment_id=appointmen2_.id left outer join Users user3_ on appointmen2_.hcp_id=user3_.username left outer join Users user4_ on appointmen2_.patient_id=user4_.username left outer join BasicHealthMetrics basichealt5_ on this_.basichealthmetrics_id=basichealt5_.id left outer join Users user6_ on basichealt5_.hcp_id=user6_.username left outer join Users user7_ on basichealt5_.patient_id=user7_.username inner join Users user8_ on this_.hcp_id=user8_.username inner join Hospitals hospital9_ on this_.hospital_id=hospital9_.name inner join Users user10_ on this_.patient_id=user10_.username left outer join Prescriptions prescripti11_ on this_.id=prescripti11_.prescriptions_id left outer join Drugs drug12_ on prescripti11_.drug_id=drug12_.id left outer join Users user13_ on prescripti11_.patient_id=user13_.username
Hibernate: select this_.id as id1_10_12_, this_.appointment_id as appointm5_10_12_, this_.basichealthmetrics_id as basichea6_10_12_, this_.date as date2_10_12_, this_.hcp_id as hcp_id7_10_12_, this_.hospital_id as hospital8_10_12_, this_.notes as notes3_10_12_, this_.patient_id as patient_9_10_12_, this_.type as type4_10_12_, appointmen2_.id as id1_0_0_, appointmen2_.comments as comments2_0_0_, appointmen2_.date as date3_0_0_, appointmen2_.hcp_id as hcp_id6_0_0_, appointmen2_.patient_id as patient_7_0_0_, appointmen2_.status as status4_0_0_, appointmen2_.type as type5_0_0_, user3_.username as username1_15_1_, user3_.enabled as enabled2_15_1_, user3_.password as password3_15_1_, user3_.role as role4_15_1_, user4_.username as username1_15_2_, user4_.enabled as enabled2_15_2_, user4_.password as password3_15_2_, user4_.role as role4_15_2_, basichealt5_.id as id1_1_3_, basichealt5_.diastolic as diastoli2_1_3_, basichealt5_.hcp_id as hcp_id12_1_3_, basichealt5_.hdl as hdl3_1_3_, basichealt5_.headCircumference as headCirc4_1_3_, basichealt5_.height as height5_1_3_, basichealt5_.houseSmokingStatus as houseSmo6_1_3_, basichealt5_.ldl as ldl7_1_3_, basichealt5_.patient_id as patient13_1_3_, basichealt5_.patientSmokingStatus as patientS8_1_3_, basichealt5_.systolic as systolic9_1_3_, basichealt5_.tri as tri10_1_3_, basichealt5_.weight as weight11_1_3_, user6_.username as username1_15_4_, user6_.enabled as enabled2_15_4_, user6_.password as password3_15_4_, user6_.role as role4_15_4_, user7_.username as username1_15_5_, user7_.enabled as enabled2_15_5_, user7_.password as password3_15_5_, user7_.role as role4_15_5_, user8_.username as username1_15_6_, user8_.enabled as enabled2_15_6_, user8_.password as password3_15_6_, user8_.role as role4_15_6_, hospital9_.name as name1_4_7_, hospital9_.address as address2_4_7_, hospital9_.state as state3_4_7_, hospital9_.zip as zip4_4_7_, user10_.username as username1_15_8_, user10_.enabled as enabled2_15_8_, user10_.password as password3_15_8_, user10_.role as role4_15_8_, prescripti11_.prescriptions_id as prescrip8_14_14_, prescripti11_.id as id1_14_14_, prescripti11_.id as id1_14_9_, prescripti11_.dosage as dosage2_14_9_, prescripti11_.drug_id as drug_id6_14_9_, prescripti11_.endDate as endDate3_14_9_, prescripti11_.patient_id as patient_7_14_9_, prescripti11_.renewals as renewals4_14_9_, prescripti11_.startDate as startDat5_14_9_, drug12_.id as id1_3_10_, drug12_.code as code2_3_10_, drug12_.description as descript3_3_10_, drug12_.name as name4_3_10_, user13_.username as username1_15_11_, user13_.enabled as enabled2_15_11_, user13_.password as password3_15_11_, user13_.role as role4_15_11_ from OfficeVisits this_ left outer join AppointmentRequests appointmen2_ on this_.appointment_id=appointmen2_.id left outer join Users user3_ on appointmen2_.hcp_id=user3_.username left outer join Users user4_ on appointmen2_.patient_id=user4_.username left outer join BasicHealthMetrics basichealt5_ on this_.basichealthmetrics_id=basichealt5_.id left outer join Users user6_ on basichealt5_.hcp_id=user6_.username left outer join Users user7_ on basichealt5_.patient_id=user7_.username inner join Users user8_ on this_.hcp_id=user8_.username inner join Hospitals hospital9_ on this_.hospital_id=hospital9_.name inner join Users user10_ on this_.patient_id=user10_.username left outer join Prescriptions prescripti11_ on this_.id=prescripti11_.prescriptions_id left outer join Drugs drug12_ on prescripti11_.drug_id=drug12_.id left outer join Users user13_ on prescripti11_.patient_id=user13_.username
04:51:53.530 [main] DEBUG o.h.e.l.i.CollectionLoadContext - No collections were found in result set for role: edu.ncsu.csc.itrust2.models.persistent.OfficeVisit.prescriptions
04:51:53.530 [main] DEBUG o.h.e.t.internal.TransactionImpl - committing
04:51:53.531 [main] DEBUG o.s.t.w.s.TestDispatcherServlet - Null ModelAndView returned to DispatcherServlet with name &apos;&apos;: assuming HandlerAdapter completed request handling
04:51:53.532 [main] DEBUG o.s.t.w.s.TestDispatcherServlet - Successfully completed request
04:51:53.535 [main] DEBUG o.s.t.w.s.TestDispatcherServlet - DispatcherServlet with name &apos;&apos; processing POST request for [/api/v1/officevisits]
04:51:53.535 [main] DEBUG o.s.w.s.m.m.a.RequestMappingHandlerMapping - Looking up handler method for path /api/v1/officevisits
04:51:53.535 [main] DEBUG o.s.w.s.m.m.a.RequestMappingHandlerMapping - Returning handler method [public org.springframework.http.ResponseEntity edu.ncsu.csc.itrust2.controllers.api.APIOfficeVisitController.createOfficeVisit(edu.ncsu.csc.itrust2.forms.hcp.OfficeVisitForm)]
04:51:53.535 [main] DEBUG o.s.b.f.s.DefaultListableBeanFactory - Returning cached instance of singleton bean &apos;APIOfficeVisitController&apos;
04:51:53.536 [main] DEBUG o.s.w.s.m.m.a.RequestResponseBodyMethodProcessor - Read [class edu.ncsu.csc.itrust2.forms.hcp.OfficeVisitForm] as &quot;application/json&quot; with [org.springframework.http.converter.json.GsonHttpMessageConverter@65b65bdb]
04:51:53.538 [main] DEBUG o.h.e.t.internal.TransactionImpl - begin
04:51:53.548 [main] DEBUG org.hibernate.SQL - select this_.username as username1_15_0_, this_.enabled as enabled2_15_0_, this_.password as password3_15_0_, this_.role as role4_15_0_ from Users this_ where this_.username=? and this_.role=?
Hibernate: select this_.username as username1_15_0_, this_.enabled as enabled2_15_0_, this_.password as password3_15_0_, this_.role as role4_15_0_ from Users this_ where this_.username=? and this_.role=?
04:51:53.548 [main] DEBUG org.hibernate.loader.Loader - Result set row: 0
04:51:53.548 [main] DEBUG org.hibernate.loader.Loader - Result row: EntityKey[edu.ncsu.csc.itrust2.models.persistent.User#patient]
04:51:53.549 [main] DEBUG o.h.engine.internal.TwoPhaseLoad - Resolving associations for [edu.ncsu.csc.itrust2.models.persistent.User#patient]
04:51:53.549 [main] DEBUG o.h.engine.internal.TwoPhaseLoad - Done materializing entity [edu.ncsu.csc.itrust2.models.persistent.User#patient]
04:51:53.549 [main] DEBUG o.h.e.t.internal.TransactionImpl - committing
04:51:53.549 [main] DEBUG o.h.e.i.AbstractFlushingEventListener - Processing flush-time cascades
04:51:53.550 [main] DEBUG o.h.e.i.AbstractFlushingEventListener - Dirty checking collections
04:51:53.550 [main] DEBUG o.h.e.i.AbstractFlushingEventListener - Flushed: 0 insertions, 0 updates, 0 deletions to 1 objects
04:51:53.550 [main] DEBUG o.h.e.i.AbstractFlushingEventListener - Flushed: 0 (re)creations, 0 updates, 0 removals to 0 collections
04:51:53.550 [main] DEBUG o.h.internal.util.EntityPrinter - Listing entities:
04:51:53.550 [main] DEBUG o.h.internal.util.EntityPrinter - edu.ncsu.csc.itrust2.models.persistent.User{password=$2a$10$EblZqNptyYvcLm/VwDCVAuBjzZOI7khzdyGPBr08PpIi0na624b8., role=ROLE_PATIENT, enabled=1, username=patient}
04:51:53.551 [main] DEBUG o.h.e.t.internal.TransactionImpl - begin
04:51:53.552 [main] DEBUG org.hibernate.SQL - select this_.username as username1_15_0_, this_.enabled as enabled2_15_0_, this_.password as password3_15_0_, this_.role as role4_15_0_ from Users this_ where this_.username=? and this_.role=?
Hibernate: select this_.username as username1_15_0_, this_.enabled as enabled2_15_0_, this_.password as password3_15_0_, this_.role as role4_15_0_ from Users this_ where this_.username=? and this_.role=?
04:51:53.558 [main] DEBUG org.hibernate.loader.Loader - Result set row: 0
04:51:53.558 [main] DEBUG org.hibernate.loader.Loader - Result row: EntityKey[edu.ncsu.csc.itrust2.models.persistent.User#hcp]
04:51:53.559 [main] DEBUG o.h.engine.internal.TwoPhaseLoad - Resolving associations for [edu.ncsu.csc.itrust2.models.persistent.User#hcp]
04:51:53.559 [main] DEBUG o.h.engine.internal.TwoPhaseLoad - Done materializing entity [edu.ncsu.csc.itrust2.models.persistent.User#hcp]
04:51:53.559 [main] DEBUG o.h.e.t.internal.TransactionImpl - committing
04:51:53.559 [main] DEBUG o.h.e.i.AbstractFlushingEventListener - Processing flush-time cascades
04:51:53.559 [main] DEBUG o.h.e.i.AbstractFlushingEventListener - Dirty checking collections
04:51:53.559 [main] DEBUG o.h.e.i.AbstractFlushingEventListener - Flushed: 0 insertions, 0 updates, 0 deletions to 1 objects
04:51:53.559 [main] DEBUG o.h.e.i.AbstractFlushingEventListener - Flushed: 0 (re)creations, 0 updates, 0 removals to 0 collections
04:51:53.559 [main] DEBUG o.h.internal.util.EntityPrinter - Listing entities:
04:51:53.560 [main] DEBUG o.h.internal.util.EntityPrinter - edu.ncsu.csc.itrust2.models.persistent.User{password=$2a$10$EblZqNptyYvcLm/VwDCVAuBjzZOI7khzdyGPBr08PpIi0na624b8., role=ROLE_HCP, enabled=1, username=hcp}
04:51:53.563 [main] DEBUG o.h.e.t.internal.TransactionImpl - begin
04:51:53.564 [main] DEBUG org.hibernate.SQL - select this_.name as name1_4_0_, this_.address as address2_4_0_, this_.state as state3_4_0_, this_.zip as zip4_4_0_ from Hospitals this_ where this_.name=?
Hibernate: select this_.name as name1_4_0_, this_.address as address2_4_0_, this_.state as state3_4_0_, this_.zip as zip4_4_0_ from Hospitals this_ where this_.name=?
04:51:53.565 [main] DEBUG org.hibernate.loader.Loader - Result set row: 0
04:51:53.566 [main] DEBUG org.hibernate.loader.Loader - Result row: EntityKey[edu.ncsu.csc.itrust2.models.persistent.Hospital#iTrust Test Hospital 2]
04:51:53.566 [main] DEBUG o.h.engine.internal.TwoPhaseLoad - Resolving associations for [edu.ncsu.csc.itrust2.models.persistent.Hospital#iTrust Test Hospital 2]
04:51:53.566 [main] DEBUG o.h.engine.internal.TwoPhaseLoad - Done materializing entity [edu.ncsu.csc.itrust2.models.persistent.Hospital#iTrust Test Hospital 2]
04:51:53.566 [main] DEBUG o.h.e.t.internal.TransactionImpl - committing
04:51:53.566 [main] DEBUG o.h.e.i.AbstractFlushingEventListener - Processing flush-time cascades
04:51:53.566 [main] DEBUG o.h.e.i.AbstractFlushingEventListener - Dirty checking collections
04:51:53.567 [main] DEBUG o.h.e.i.AbstractFlushingEventListener - Flushed: 0 insertions, 0 updates, 0 deletions to 1 objects
04:51:53.567 [main] DEBUG o.h.e.i.AbstractFlushingEventListener - Flushed: 0 (re)creations, 0 updates, 0 removals to 0 collections
04:51:53.567 [main] DEBUG o.h.internal.util.EntityPrinter - Listing entities:
04:51:53.567 [main] DEBUG o.h.internal.util.EntityPrinter - edu.ncsu.csc.itrust2.models.persistent.Hospital{zip=27607, address=1 iTrust Test Street, name=iTrust Test Hospital 2, state=NC}
04:51:53.572 [main] DEBUG o.h.e.t.internal.TransactionImpl - begin
04:51:53.573 [main] DEBUG org.hibernate.SQL - select this_.username as username1_15_0_, this_.enabled as enabled2_15_0_, this_.password as password3_15_0_, this_.role as role4_15_0_ from Users this_ where this_.username=? and this_.role=?
Hibernate: select this_.username as username1_15_0_, this_.enabled as enabled2_15_0_, this_.password as password3_15_0_, this_.role as role4_15_0_ from Users this_ where this_.username=? and this_.role=?
04:51:53.574 [main] DEBUG org.hibernate.loader.Loader - Result set row: 0
04:51:53.574 [main] DEBUG org.hibernate.loader.Loader - Result row: EntityKey[edu.ncsu.csc.itrust2.models.persistent.User#patient]
04:51:53.574 [main] DEBUG o.h.engine.internal.TwoPhaseLoad - Resolving associations for [edu.ncsu.csc.itrust2.models.persistent.User#patient]
04:51:53.574 [main] DEBUG o.h.engine.internal.TwoPhaseLoad - Done materializing entity [edu.ncsu.csc.itrust2.models.persistent.User#patient]
04:51:53.574 [main] DEBUG o.h.e.t.internal.TransactionImpl - committing
04:51:53.574 [main] DEBUG o.h.e.i.AbstractFlushingEventListener - Processing flush-time cascades
04:51:53.575 [main] DEBUG o.h.e.i.AbstractFlushingEventListener - Dirty checking collections
04:51:53.575 [main] DEBUG o.h.e.i.AbstractFlushingEventListener - Flushed: 0 insertions, 0 updates, 0 deletions to 1 objects
04:51:53.575 [main] DEBUG o.h.e.i.AbstractFlushingEventListener - Flushed: 0 (re)creations, 0 updates, 0 removals to 0 collections
04:51:53.575 [main] DEBUG o.h.internal.util.EntityPrinter - Listing entities:
04:51:53.575 [main] DEBUG o.h.internal.util.EntityPrinter - edu.ncsu.csc.itrust2.models.persistent.User{password=$2a$10$EblZqNptyYvcLm/VwDCVAuBjzZOI7khzdyGPBr08PpIi0na624b8., role=ROLE_PATIENT, enabled=1, username=patient}
04:51:53.581 [main] DEBUG o.h.e.t.internal.TransactionImpl - begin
04:51:53.581 [main] DEBUG org.hibernate.SQL - select this_.username as username1_15_0_, this_.enabled as enabled2_15_0_, this_.password as password3_15_0_, this_.role as role4_15_0_ from Users this_ where this_.username=? and this_.role=?
Hibernate: select this_.username as username1_15_0_, this_.enabled as enabled2_15_0_, this_.password as password3_15_0_, this_.role as role4_15_0_ from Users this_ where this_.username=? and this_.role=?
04:51:53.582 [main] DEBUG org.hibernate.loader.Loader - Result set row: 0
04:51:53.582 [main] DEBUG org.hibernate.loader.Loader - Result row: EntityKey[edu.ncsu.csc.itrust2.models.persistent.User#hcp]
04:51:53.583 [main] DEBUG o.h.engine.internal.TwoPhaseLoad - Resolving associations for [edu.ncsu.csc.itrust2.models.persistent.User#hcp]
04:51:53.583 [main] DEBUG o.h.engine.internal.TwoPhaseLoad - Done materializing entity [edu.ncsu.csc.itrust2.models.persistent.User#hcp]
04:51:53.583 [main] DEBUG o.h.e.t.internal.TransactionImpl - committing
04:51:53.583 [main] DEBUG o.h.e.i.AbstractFlushingEventListener - Processing flush-time cascades
04:51:53.583 [main] DEBUG o.h.e.i.AbstractFlushingEventListener - Dirty checking collections
04:51:53.583 [main] DEBUG o.h.e.i.AbstractFlushingEventListener - Flushed: 0 insertions, 0 updates, 0 deletions to 1 objects
04:51:53.583 [main] DEBUG o.h.e.i.AbstractFlushingEventListener - Flushed: 0 (re)creations, 0 updates, 0 removals to 0 collections
04:51:53.583 [main] DEBUG o.h.internal.util.EntityPrinter - Listing entities:
04:51:53.583 [main] DEBUG o.h.internal.util.EntityPrinter - edu.ncsu.csc.itrust2.models.persistent.User{password=$2a$10$EblZqNptyYvcLm/VwDCVAuBjzZOI7khzdyGPBr08PpIi0na624b8., role=ROLE_HCP, enabled=1, username=hcp}
04:51:53.588 [main] DEBUG o.s.w.s.m.m.a.HttpEntityMethodProcessor - Written [{&quot;status&quot;:&quot;failed&quot;,&quot;message&quot;:&quot;Could not validate or save the OfficeVisit provided due to null&quot;}] as &quot;text/plain&quot; using [org.springframework.http.converter.StringHttpMessageConverter@6b0d781d]
04:51:53.588 [main] DEBUG o.s.t.w.s.TestDispatcherServlet - Null ModelAndView returned to DispatcherServlet with name &apos;&apos;: assuming HandlerAdapter completed request handling
04:51:53.588 [main] DEBUG o.s.t.w.s.TestDispatcherServlet - Successfully completed request
04:51:53.588 [main] DEBUG o.s.t.c.s.AbstractDirtiesContextTestExecutionListener - After test method: context [DefaultTestContext@584bb9f9 testClass = APIOfficeVisitTest, testInstance = edu.ncsu.csc.itrust2.apitest.APIOfficeVisitTest@3f1de33e, testMethod = testOfficeVisitAPI@APIOfficeVisitTest, testException = java.lang.AssertionError: Status expected:&lt;200&gt; but was:&lt;400&gt;, mergedContextConfiguration = [WebMergedContextConfiguration@741f8c5c testClass = APIOfficeVisitTest, locations = &apos;{}&apos;, classes = &apos;{class edu.ncsu.csc.itrust2.config.RootConfiguration, class edu.ncsu.csc.itrust2.mvc.config.WebMvcConfiguration}&apos;, contextInitializerClasses = &apos;[]&apos;, activeProfiles = &apos;{}&apos;, propertySourceLocations = &apos;{}&apos;, propertySourceProperties = &apos;{}&apos;, contextCustomizers = set[[empty]], resourceBasePath = &apos;src/main/webapp&apos;, contextLoader = &apos;org.springframework.test.context.web.WebDelegatingSmartContextLoader&apos;, parent = [null]]], class annotated with @DirtiesContext [false] with mode [null], method annotated with @DirtiesContext [false] with mode [null].
04:51:53.588 [main] DEBUG o.s.t.c.w.ServletTestExecutionListener - Resetting RequestContextHolder for test context [DefaultTestContext@584bb9f9 testClass = APIOfficeVisitTest, testInstance = edu.ncsu.csc.itrust2.apitest.APIOfficeVisitTest@3f1de33e, testMethod = testOfficeVisitAPI@APIOfficeVisitTest, testException = java.lang.AssertionError: Status expected:&lt;200&gt; but was:&lt;400&gt;, mergedContextConfiguration = [WebMergedContextConfiguration@741f8c5c testClass = APIOfficeVisitTest, locations = &apos;{}&apos;, classes = &apos;{class edu.ncsu.csc.itrust2.config.RootConfiguration, class edu.ncsu.csc.itrust2.mvc.config.WebMvcConfiguration}&apos;, contextInitializerClasses = &apos;[]&apos;, activeProfiles = &apos;{}&apos;, propertySourceLocations = &apos;{}&apos;, propertySourceProperties = &apos;{}&apos;, contextCustomizers = set[[empty]], resourceBasePath = &apos;src/main/webapp&apos;, contextLoader = &apos;org.springframework.test.context.web.WebDelegatingSmartContextLoader&apos;, parent = [null]]].
</stdout>
          <stderr>HOSPITALS
java.lang.NullPointerException
	at edu.ncsu.csc.itrust2.models.persistent.BasicHealthMetrics.setDiastolic(BasicHealthMetrics.java:389)
	at edu.ncsu.csc.itrust2.models.persistent.BasicHealthMetrics.&lt;init&gt;(BasicHealthMetrics.java:149)
	at edu.ncsu.csc.itrust2.models.persistent.OfficeVisit.&lt;init&gt;(OfficeVisit.java:201)
	at edu.ncsu.csc.itrust2.controllers.api.APIOfficeVisitController.createOfficeVisit(APIOfficeVisitController.java:107)
	at edu.ncsu.csc.itrust2.controllers.api.APIOfficeVisitController$$FastClassBySpringCGLIB$$3e0f2ac1.invoke(&lt;generated&gt;)
	at org.springframework.cglib.proxy.MethodProxy.invoke(MethodProxy.java:204)
	at org.springframework.aop.framework.CglibAopProxy$DynamicAdvisedInterceptor.intercept(CglibAopProxy.java:652)
	at edu.ncsu.csc.itrust2.controllers.api.APIOfficeVisitController$$EnhancerBySpringCGLIB$$e0577e35.createOfficeVisit(&lt;generated&gt;)
	at sun.reflect.NativeMethodAccessorImpl.invoke0(Native Method)
	at sun.reflect.NativeMethodAccessorImpl.invoke(NativeMethodAccessorImpl.java:62)
	at sun.reflect.DelegatingMethodAccessorImpl.invoke(DelegatingMethodAccessorImpl.java:43)
	at java.lang.reflect.Method.invoke(Method.java:498)
	at org.springframework.web.method.support.InvocableHandlerMethod.doInvoke(InvocableHandlerMethod.java:220)
	at org.springframework.web.method.support.InvocableHandlerMethod.invokeForRequest(InvocableHandlerMethod.java:134)
	at org.springframework.web.servlet.mvc.method.annotation.ServletInvocableHandlerMethod.invokeAndHandle(ServletInvocableHandlerMethod.java:116)
	at org.springframework.web.servlet.mvc.method.annotation.RequestMappingHandlerAdapter.invokeHandlerMethod(RequestMappingHandlerAdapter.java:827)
	at org.springframework.web.servlet.mvc.method.annotation.RequestMappingHandlerAdapter.handleInternal(RequestMappingHandlerAdapter.java:738)
	at org.springframework.web.servlet.mvc.method.AbstractHandlerMethodAdapter.handle(AbstractHandlerMethodAdapter.java:85)
	at org.springframework.web.servlet.DispatcherServlet.doDispatch(DispatcherServlet.java:963)
	at org.springframework.web.servlet.DispatcherServlet.doService(DispatcherServlet.java:897)
	at org.springframework.web.servlet.FrameworkServlet.processRequest(FrameworkServlet.java:970)
	at org.springframework.web.servlet.FrameworkServlet.doPost(FrameworkServlet.java:872)
	at javax.servlet.http.HttpServlet.service(HttpServlet.java:688)
	at org.springframework.web.servlet.FrameworkServlet.service(FrameworkServlet.java:846)
	at org.springframework.test.web.servlet.TestDispatcherServlet.service(TestDispatcherServlet.java:65)
	at javax.servlet.http.HttpServlet.service(HttpServlet.java:770)
	at org.springframework.mock.web.MockFilterChain$ServletFilterProxy.doFilter(MockFilterChain.java:167)
	at org.springframework.mock.web.MockFilterChain.doFilter(MockFilterChain.java:134)
	at org.springframework.test.web.servlet.MockMvc.perform(MockMvc.java:155)
	at edu.ncsu.csc.itrust2.apitest.APIOfficeVisitTest.testOfficeVisitAPI(APIOfficeVisitTest.java:193)
	at sun.reflect.NativeMethodAccessorImpl.invoke0(Native Method)
	at sun.reflect.NativeMethodAccessorImpl.invoke(NativeMethodAccessorImpl.java:62)
	at sun.reflect.DelegatingMethodAccessorImpl.invoke(DelegatingMethodAccessorImpl.java:43)
	at java.lang.reflect.Method.invoke(Method.java:498)
	at org.junit.runners.model.FrameworkMethod$1.runReflectiveCall(FrameworkMethod.java:50)
	at org.junit.internal.runners.model.ReflectiveCallable.run(ReflectiveCallable.java:12)
	at org.junit.runners.model.FrameworkMethod.invokeExplosively(FrameworkMethod.java:47)
	at org.junit.internal.runners.statements.InvokeMethod.evaluate(InvokeMethod.java:17)
	at org.junit.internal.runners.statements.RunBefores.evaluate(RunBefores.java:26)
	at org.springframework.test.context.junit4.statements.RunBeforeTestMethodCallbacks.evaluate(RunBeforeTestMethodCallbacks.java:75)
	at org.springframework.test.context.junit4.statements.RunAfterTestMethodCallbacks.evaluate(RunAfterTestMethodCallbacks.java:86)
	at org.springframework.test.context.junit4.statements.SpringRepeat.evaluate(SpringRepeat.java:84)
	at org.junit.runners.ParentRunner.runLeaf(ParentRunner.java:325)
	at org.springframework.test.context.junit4.SpringJUnit4ClassRunner.runChild(SpringJUnit4ClassRunner.java:252)
	at org.springframework.test.context.junit4.SpringJUnit4ClassRunner.runChild(SpringJUnit4ClassRunner.java:94)
	at org.junit.runners.ParentRunner$3.run(ParentRunner.java:290)
	at org.junit.runners.ParentRunner$1.schedule(ParentRunner.java:71)
	at org.junit.runners.ParentRunner.runChildren(ParentRunner.java:288)
	at org.junit.runners.ParentRunner.access$000(ParentRunner.java:58)
	at org.junit.runners.ParentRunner$2.evaluate(ParentRunner.java:268)
	at org.springframework.test.context.junit4.statements.RunBeforeTestClassCallbacks.evaluate(RunBeforeTestClassCallbacks.java:61)
	at org.springframework.test.context.junit4.statements.RunAfterTestClassCallbacks.evaluate(RunAfterTestClassCallbacks.java:70)
	at org.junit.runners.ParentRunner.run(ParentRunner.java:363)
	at org.springframework.test.context.junit4.SpringJUnit4ClassRunner.run(SpringJUnit4ClassRunner.java:191)
	at org.apache.maven.surefire.junit4.JUnit4Provider.execute(JUnit4Provider.java:365)
	at org.apache.maven.surefire.junit4.JUnit4Provider.executeWithRerun(JUnit4Provider.java:272)
	at org.apache.maven.surefire.junit4.JUnit4Provider.executeTestSet(JUnit4Provider.java:236)
	at org.apache.maven.surefire.junit4.JUnit4Provider.invoke(JUnit4Provider.java:159)
	at org.apache.maven.surefire.booter.ForkedBooter.invokeProviderInSameClassLoader(ForkedBooter.java:386)
	at org.apache.maven.surefire.booter.ForkedBooter.runSuitesInProcess(ForkedBooter.java:323)
	at org.apache.maven.surefire.booter.ForkedBooter.main(ForkedBooter.java:143)
</stderr>
          <failedSince>1</failedSince>
        </case>
        <case>
          <duration>0.02</duration>
          <className>edu.ncsu.csc.itrust2.apitest.APIOfficeVisitTest</className>
          <testName>testPreScheduledOfficeVisit</testName>
          <skipped>false</skipped>
          <errorStackTrace>java.lang.AssertionError: Status expected:&lt;200&gt; but was:&lt;400&gt;
	at edu.ncsu.csc.itrust2.apitest.APIOfficeVisitTest.testPreScheduledOfficeVisit(APIOfficeVisitTest.java:143)
</errorStackTrace>
          <errorDetails>Status expected:&lt;200&gt; but was:&lt;400&gt;</errorDetails>
          <stdout>04:51:53.589 [main] DEBUG o.s.t.annotation.ProfileValueUtils - Retrieved @ProfileValueSourceConfiguration [null] for test class [edu.ncsu.csc.itrust2.apitest.APIOfficeVisitTest]
04:51:53.589 [main] DEBUG o.s.t.annotation.ProfileValueUtils - Retrieved ProfileValueSource type [class org.springframework.test.annotation.SystemProfileValueSource] for class [edu.ncsu.csc.itrust2.apitest.APIOfficeVisitTest]
04:51:53.589 [main] DEBUG o.s.t.c.c.DefaultCacheAwareContextLoaderDelegate - Retrieved ApplicationContext from cache with key [[WebMergedContextConfiguration@741f8c5c testClass = APIOfficeVisitTest, locations = &apos;{}&apos;, classes = &apos;{class edu.ncsu.csc.itrust2.config.RootConfiguration, class edu.ncsu.csc.itrust2.mvc.config.WebMvcConfiguration}&apos;, contextInitializerClasses = &apos;[]&apos;, activeProfiles = &apos;{}&apos;, propertySourceLocations = &apos;{}&apos;, propertySourceProperties = &apos;{}&apos;, contextCustomizers = set[[empty]], resourceBasePath = &apos;src/main/webapp&apos;, contextLoader = &apos;org.springframework.test.context.web.WebDelegatingSmartContextLoader&apos;, parent = [null]]]
04:51:53.589 [main] DEBUG o.springframework.test.context.cache - Spring test ApplicationContext cache statistics: [DefaultContextCache@3bc22ada size = 1, maxSize = 32, parentContextCount = 0, hitCount = 29, missCount = 1]
04:51:53.589 [main] DEBUG o.s.t.c.w.ServletTestExecutionListener - Setting up MockHttpServletRequest, MockHttpServletResponse, ServletWebRequest, and RequestContextHolder for test context [DefaultTestContext@584bb9f9 testClass = APIOfficeVisitTest, testInstance = edu.ncsu.csc.itrust2.apitest.APIOfficeVisitTest@303b4420, testMethod = [null], testException = [null], mergedContextConfiguration = [WebMergedContextConfiguration@741f8c5c testClass = APIOfficeVisitTest, locations = &apos;{}&apos;, classes = &apos;{class edu.ncsu.csc.itrust2.config.RootConfiguration, class edu.ncsu.csc.itrust2.mvc.config.WebMvcConfiguration}&apos;, contextInitializerClasses = &apos;[]&apos;, activeProfiles = &apos;{}&apos;, propertySourceLocations = &apos;{}&apos;, propertySourceProperties = &apos;{}&apos;, contextCustomizers = set[[empty]], resourceBasePath = &apos;src/main/webapp&apos;, contextLoader = &apos;org.springframework.test.context.web.WebDelegatingSmartContextLoader&apos;, parent = [null]]].
04:51:53.589 [main] DEBUG o.s.t.c.s.DependencyInjectionTestExecutionListener - Performing dependency injection for test context [[DefaultTestContext@584bb9f9 testClass = APIOfficeVisitTest, testInstance = edu.ncsu.csc.itrust2.apitest.APIOfficeVisitTest@303b4420, testMethod = [null], testException = [null], mergedContextConfiguration = [WebMergedContextConfiguration@741f8c5c testClass = APIOfficeVisitTest, locations = &apos;{}&apos;, classes = &apos;{class edu.ncsu.csc.itrust2.config.RootConfiguration, class edu.ncsu.csc.itrust2.mvc.config.WebMvcConfiguration}&apos;, contextInitializerClasses = &apos;[]&apos;, activeProfiles = &apos;{}&apos;, propertySourceLocations = &apos;{}&apos;, propertySourceProperties = &apos;{}&apos;, contextCustomizers = set[[empty]], resourceBasePath = &apos;src/main/webapp&apos;, contextLoader = &apos;org.springframework.test.context.web.WebDelegatingSmartContextLoader&apos;, parent = [null]]]].
04:51:53.590 [main] DEBUG o.s.t.c.c.DefaultCacheAwareContextLoaderDelegate - Retrieved ApplicationContext from cache with key [[WebMergedContextConfiguration@741f8c5c testClass = APIOfficeVisitTest, locations = &apos;{}&apos;, classes = &apos;{class edu.ncsu.csc.itrust2.config.RootConfiguration, class edu.ncsu.csc.itrust2.mvc.config.WebMvcConfiguration}&apos;, contextInitializerClasses = &apos;[]&apos;, activeProfiles = &apos;{}&apos;, propertySourceLocations = &apos;{}&apos;, propertySourceProperties = &apos;{}&apos;, contextCustomizers = set[[empty]], resourceBasePath = &apos;src/main/webapp&apos;, contextLoader = &apos;org.springframework.test.context.web.WebDelegatingSmartContextLoader&apos;, parent = [null]]]
04:51:53.590 [main] DEBUG o.springframework.test.context.cache - Spring test ApplicationContext cache statistics: [DefaultContextCache@3bc22ada size = 1, maxSize = 32, parentContextCount = 0, hitCount = 30, missCount = 1]
04:51:53.590 [main] DEBUG o.s.b.f.annotation.InjectionMetadata - Processing injected element of bean &apos;edu.ncsu.csc.itrust2.apitest.APIOfficeVisitTest&apos;: AutowiredFieldElement for private org.springframework.web.context.WebApplicationContext edu.ncsu.csc.itrust2.apitest.APIOfficeVisitTest.context
04:51:53.590 [main] DEBUG o.s.t.c.s.AbstractDirtiesContextTestExecutionListener - Before test method: context [DefaultTestContext@584bb9f9 testClass = APIOfficeVisitTest, testInstance = edu.ncsu.csc.itrust2.apitest.APIOfficeVisitTest@303b4420, testMethod = testPreScheduledOfficeVisit@APIOfficeVisitTest, testException = [null], mergedContextConfiguration = [WebMergedContextConfiguration@741f8c5c testClass = APIOfficeVisitTest, locations = &apos;{}&apos;, classes = &apos;{class edu.ncsu.csc.itrust2.config.RootConfiguration, class edu.ncsu.csc.itrust2.mvc.config.WebMvcConfiguration}&apos;, contextInitializerClasses = &apos;[]&apos;, activeProfiles = &apos;{}&apos;, propertySourceLocations = &apos;{}&apos;, propertySourceProperties = &apos;{}&apos;, contextCustomizers = set[[empty]], resourceBasePath = &apos;src/main/webapp&apos;, contextLoader = &apos;org.springframework.test.context.web.WebDelegatingSmartContextLoader&apos;, parent = [null]]], class annotated with @DirtiesContext [false] with mode [null], method annotated with @DirtiesContext [false] with mode [null].
04:51:53.591 [main] DEBUG o.s.t.w.s.TestDispatcherServlet - Initializing servlet &apos;&apos;
04:51:53.591 [main] DEBUG o.s.w.c.s.StandardServletEnvironment - Adding [servletConfigInitParams] PropertySource with lowest search precedence
04:51:53.591 [main] DEBUG o.s.w.c.s.StandardServletEnvironment - Adding [servletContextInitParams] PropertySource with lowest search precedence
04:51:53.591 [main] DEBUG o.s.w.c.s.StandardServletEnvironment - Adding [systemProperties] PropertySource with lowest search precedence
04:51:53.591 [main] DEBUG o.s.w.c.s.StandardServletEnvironment - Adding [systemEnvironment] PropertySource with lowest search precedence
04:51:53.591 [main] DEBUG o.s.w.c.s.StandardServletEnvironment - Initialized StandardServletEnvironment with PropertySources [servletConfigInitParams,servletContextInitParams,systemProperties,systemEnvironment]
04:51:53.591 [main] INFO  o.s.mock.web.MockServletContext - Initializing Spring FrameworkServlet &apos;&apos;
04:51:53.591 [main] INFO  o.s.t.w.s.TestDispatcherServlet - FrameworkServlet &apos;&apos;: initialization started
04:51:53.591 [main] DEBUG o.s.t.w.s.TestDispatcherServlet - Unable to locate MultipartResolver with name &apos;multipartResolver&apos;: no multipart request handling provided
04:51:53.591 [main] DEBUG o.s.b.f.s.DefaultListableBeanFactory - Creating instance of bean &apos;org.springframework.web.servlet.i18n.AcceptHeaderLocaleResolver&apos;
04:51:53.592 [main] DEBUG o.s.b.f.s.DefaultListableBeanFactory - Finished creating instance of bean &apos;org.springframework.web.servlet.i18n.AcceptHeaderLocaleResolver&apos;
04:51:53.592 [main] DEBUG o.s.t.w.s.TestDispatcherServlet - Unable to locate LocaleResolver with name &apos;localeResolver&apos;: using default [org.springframework.web.servlet.i18n.AcceptHeaderLocaleResolver@19869120]
04:51:53.592 [main] DEBUG o.s.b.f.s.DefaultListableBeanFactory - Creating instance of bean &apos;org.springframework.web.servlet.theme.FixedThemeResolver&apos;
04:51:53.592 [main] DEBUG o.s.b.f.s.DefaultListableBeanFactory - Finished creating instance of bean &apos;org.springframework.web.servlet.theme.FixedThemeResolver&apos;
04:51:53.592 [main] DEBUG o.s.t.w.s.TestDispatcherServlet - Unable to locate ThemeResolver with name &apos;themeResolver&apos;: using default [org.springframework.web.servlet.theme.FixedThemeResolver@5c7d574c]
04:51:53.592 [main] DEBUG o.s.b.f.s.DefaultListableBeanFactory - Returning cached instance of singleton bean &apos;requestMappingHandlerMapping&apos;
04:51:53.592 [main] DEBUG o.s.b.f.s.DefaultListableBeanFactory - Returning cached instance of singleton bean &apos;viewControllerHandlerMapping&apos;
04:51:53.592 [main] DEBUG o.s.b.f.s.DefaultListableBeanFactory - Returning cached instance of singleton bean &apos;beanNameHandlerMapping&apos;
04:51:53.592 [main] DEBUG o.s.b.f.s.DefaultListableBeanFactory - Returning cached instance of singleton bean &apos;resourceHandlerMapping&apos;
04:51:53.592 [main] DEBUG o.s.b.f.s.DefaultListableBeanFactory - Returning cached instance of singleton bean &apos;defaultServletHandlerMapping&apos;
04:51:53.593 [main] DEBUG o.s.b.f.s.DefaultListableBeanFactory - Returning cached instance of singleton bean &apos;requestMappingHandlerAdapter&apos;
04:51:53.593 [main] DEBUG o.s.b.f.s.DefaultListableBeanFactory - Returning cached instance of singleton bean &apos;httpRequestHandlerAdapter&apos;
04:51:53.593 [main] DEBUG o.s.b.f.s.DefaultListableBeanFactory - Returning cached instance of singleton bean &apos;simpleControllerHandlerAdapter&apos;
04:51:53.593 [main] DEBUG o.s.b.f.s.DefaultListableBeanFactory - Returning cached instance of singleton bean &apos;handlerExceptionResolver&apos;
04:51:53.593 [main] DEBUG o.s.b.f.s.DefaultListableBeanFactory - Creating instance of bean &apos;org.springframework.web.servlet.view.DefaultRequestToViewNameTranslator&apos;
04:51:53.593 [main] DEBUG o.s.b.f.s.DefaultListableBeanFactory - Finished creating instance of bean &apos;org.springframework.web.servlet.view.DefaultRequestToViewNameTranslator&apos;
04:51:53.593 [main] DEBUG o.s.t.w.s.TestDispatcherServlet - Unable to locate RequestToViewNameTranslator with name &apos;viewNameTranslator&apos;: using default [org.springframework.web.servlet.view.DefaultRequestToViewNameTranslator@360d02a7]
04:51:53.594 [main] DEBUG o.s.b.f.s.DefaultListableBeanFactory - Returning cached instance of singleton bean &apos;mvcViewResolver&apos;
04:51:53.594 [main] DEBUG o.s.b.f.s.DefaultListableBeanFactory - Returning cached instance of singleton bean &apos;viewResolver&apos;
04:51:53.594 [main] DEBUG o.s.b.f.s.DefaultListableBeanFactory - Creating instance of bean &apos;org.springframework.web.servlet.support.SessionFlashMapManager&apos;
04:51:53.606 [main] DEBUG o.s.b.f.s.DefaultListableBeanFactory - Finished creating instance of bean &apos;org.springframework.web.servlet.support.SessionFlashMapManager&apos;
04:51:53.606 [main] DEBUG o.s.t.w.s.TestDispatcherServlet - Unable to locate FlashMapManager with name &apos;flashMapManager&apos;: using default [org.springframework.web.servlet.support.SessionFlashMapManager@46517f89]
04:51:53.607 [main] DEBUG o.s.t.w.s.TestDispatcherServlet - Published WebApplicationContext of servlet &apos;&apos; as ServletContext attribute with name [org.springframework.web.servlet.FrameworkServlet.CONTEXT.]
04:51:53.607 [main] INFO  o.s.t.w.s.TestDispatcherServlet - FrameworkServlet &apos;&apos;: initialization completed in 16 ms
04:51:53.607 [main] DEBUG o.s.t.w.s.TestDispatcherServlet - Servlet &apos;&apos; configured successfully
04:51:53.607 [main] DEBUG o.h.e.t.internal.TransactionImpl - begin
04:51:53.608 [main] DEBUG org.hibernate.SQL - select this_.username as username1_15_0_, this_.enabled as enabled2_15_0_, this_.password as password3_15_0_, this_.role as role4_15_0_ from Users this_ where this_.username=? and this_.role=?
Hibernate: select this_.username as username1_15_0_, this_.enabled as enabled2_15_0_, this_.password as password3_15_0_, this_.role as role4_15_0_ from Users this_ where this_.username=? and this_.role=?
04:51:53.608 [main] DEBUG org.hibernate.loader.Loader - Result set row: 0
04:51:53.608 [main] DEBUG org.hibernate.loader.Loader - Result row: EntityKey[edu.ncsu.csc.itrust2.models.persistent.User#patient]
04:51:53.609 [main] DEBUG o.h.engine.internal.TwoPhaseLoad - Resolving associations for [edu.ncsu.csc.itrust2.models.persistent.User#patient]
04:51:53.609 [main] DEBUG o.h.engine.internal.TwoPhaseLoad - Done materializing entity [edu.ncsu.csc.itrust2.models.persistent.User#patient]
04:51:53.609 [main] DEBUG o.h.e.t.internal.TransactionImpl - committing
04:51:53.609 [main] DEBUG o.h.e.i.AbstractFlushingEventListener - Processing flush-time cascades
04:51:53.609 [main] DEBUG o.h.e.i.AbstractFlushingEventListener - Dirty checking collections
04:51:53.609 [main] DEBUG o.h.e.i.AbstractFlushingEventListener - Flushed: 0 insertions, 0 updates, 0 deletions to 1 objects
04:51:53.609 [main] DEBUG o.h.e.i.AbstractFlushingEventListener - Flushed: 0 (re)creations, 0 updates, 0 removals to 0 collections
04:51:53.609 [main] DEBUG o.h.internal.util.EntityPrinter - Listing entities:
04:51:53.609 [main] DEBUG o.h.internal.util.EntityPrinter - edu.ncsu.csc.itrust2.models.persistent.User{password=$2a$10$EblZqNptyYvcLm/VwDCVAuBjzZOI7khzdyGPBr08PpIi0na624b8., role=ROLE_PATIENT, enabled=1, username=patient}
04:51:53.610 [main] DEBUG o.h.e.t.internal.TransactionImpl - begin
04:51:53.611 [main] DEBUG org.hibernate.SQL - select this_.self_id as self_id18_12_2_, this_.address1 as address1_12_2_, this_.address2 as address2_12_2_, this_.bloodType as bloodTyp3_12_2_, this_.causeOfDeath as causeOfD4_12_2_, this_.city as city5_12_2_, this_.dateOfBirth as dateOfBi6_12_2_, this_.dateOfDeath as dateOfDe7_12_2_, this_.email as email8_12_2_, this_.ethnicity as ethnicit9_12_2_, this_.father_id as father_19_12_2_, this_.firstName as firstNa10_12_2_, this_.gender as gender11_12_2_, this_.id as id12_12_2_, this_.lastName as lastNam13_12_2_, this_.mother_id as mother_20_12_2_, this_.phone as phone14_12_2_, this_.preferredName as preferr15_12_2_, this_.state as state16_12_2_, this_.zip as zip17_12_2_, user2_.username as username1_15_0_, user2_.enabled as enabled2_15_0_, user2_.password as password3_15_0_, user2_.role as role4_15_0_, user3_.username as username1_15_1_, user3_.enabled as enabled2_15_1_, user3_.password as password3_15_1_, user3_.role as role4_15_1_ from Patients this_ left outer join Users user2_ on this_.father_id=user2_.username left outer join Users user3_ on this_.mother_id=user3_.username where this_.self_id=?
Hibernate: select this_.self_id as self_id18_12_2_, this_.address1 as address1_12_2_, this_.address2 as address2_12_2_, this_.bloodType as bloodTyp3_12_2_, this_.causeOfDeath as causeOfD4_12_2_, this_.city as city5_12_2_, this_.dateOfBirth as dateOfBi6_12_2_, this_.dateOfDeath as dateOfDe7_12_2_, this_.email as email8_12_2_, this_.ethnicity as ethnicit9_12_2_, this_.father_id as father_19_12_2_, this_.firstName as firstNa10_12_2_, this_.gender as gender11_12_2_, this_.id as id12_12_2_, this_.lastName as lastNam13_12_2_, this_.mother_id as mother_20_12_2_, this_.phone as phone14_12_2_, this_.preferredName as preferr15_12_2_, this_.state as state16_12_2_, this_.zip as zip17_12_2_, user2_.username as username1_15_0_, user2_.enabled as enabled2_15_0_, user2_.password as password3_15_0_, user2_.role as role4_15_0_, user3_.username as username1_15_1_, user3_.enabled as enabled2_15_1_, user3_.password as password3_15_1_, user3_.role as role4_15_1_ from Patients this_ left outer join Users user2_ on this_.father_id=user2_.username left outer join Users user3_ on this_.mother_id=user3_.username where this_.self_id=?
04:51:53.612 [main] DEBUG o.h.e.t.internal.TransactionImpl - committing
04:51:53.613 [main] DEBUG o.s.t.w.s.TestDispatcherServlet - DispatcherServlet with name &apos;&apos; processing POST request for [/api/v1/users]
04:51:53.613 [main] DEBUG o.s.w.s.m.m.a.RequestMappingHandlerMapping - Looking up handler method for path /api/v1/users
04:51:53.613 [main] DEBUG o.s.w.s.m.m.a.RequestMappingHandlerMapping - Returning handler method [public org.springframework.http.ResponseEntity edu.ncsu.csc.itrust2.controllers.api.APIUserController.createUser(edu.ncsu.csc.itrust2.forms.admin.UserForm)]
04:51:53.613 [main] DEBUG o.s.b.f.s.DefaultListableBeanFactory - Returning cached instance of singleton bean &apos;APIUserController&apos;
04:51:53.613 [main] DEBUG o.s.w.s.m.m.a.RequestResponseBodyMethodProcessor - Read [class edu.ncsu.csc.itrust2.forms.admin.UserForm] as &quot;application/json&quot; with [org.springframework.http.converter.json.GsonHttpMessageConverter@65b65bdb]
04:51:53.751 [main] DEBUG o.h.e.t.internal.TransactionImpl - begin
04:51:53.751 [main] DEBUG org.hibernate.SQL - select this_.username as username1_15_0_, this_.enabled as enabled2_15_0_, this_.password as password3_15_0_, this_.role as role4_15_0_ from Users this_ where this_.username=?
Hibernate: select this_.username as username1_15_0_, this_.enabled as enabled2_15_0_, this_.password as password3_15_0_, this_.role as role4_15_0_ from Users this_ where this_.username=?
04:51:53.754 [main] DEBUG org.hibernate.loader.Loader - Result set row: 0
04:51:53.754 [main] DEBUG org.hibernate.loader.Loader - Result row: EntityKey[edu.ncsu.csc.itrust2.models.persistent.User#hcp]
04:51:53.754 [main] DEBUG o.h.engine.internal.TwoPhaseLoad - Resolving associations for [edu.ncsu.csc.itrust2.models.persistent.User#hcp]
04:51:53.754 [main] DEBUG o.h.engine.internal.TwoPhaseLoad - Done materializing entity [edu.ncsu.csc.itrust2.models.persistent.User#hcp]
04:51:53.754 [main] DEBUG o.h.e.t.internal.TransactionImpl - committing
04:51:53.754 [main] DEBUG o.h.e.i.AbstractFlushingEventListener - Processing flush-time cascades
04:51:53.754 [main] DEBUG o.h.e.i.AbstractFlushingEventListener - Dirty checking collections
04:51:53.754 [main] DEBUG o.h.e.i.AbstractFlushingEventListener - Flushed: 0 insertions, 0 updates, 0 deletions to 1 objects
04:51:53.754 [main] DEBUG o.h.e.i.AbstractFlushingEventListener - Flushed: 0 (re)creations, 0 updates, 0 removals to 0 collections
04:51:53.754 [main] DEBUG o.h.internal.util.EntityPrinter - Listing entities:
04:51:53.755 [main] DEBUG o.h.internal.util.EntityPrinter - edu.ncsu.csc.itrust2.models.persistent.User{password=$2a$10$EblZqNptyYvcLm/VwDCVAuBjzZOI7khzdyGPBr08PpIi0na624b8., role=ROLE_HCP, enabled=1, username=hcp}
04:51:53.763 [main] DEBUG o.s.w.s.m.m.a.HttpEntityMethodProcessor - Written [{&quot;status&quot;:&quot;failed&quot;,&quot;message&quot;:&quot;User with the id hcp already exists&quot;}] as &quot;text/plain&quot; using [org.springframework.http.converter.StringHttpMessageConverter@6b0d781d]
04:51:53.763 [main] DEBUG o.s.t.w.s.TestDispatcherServlet - Null ModelAndView returned to DispatcherServlet with name &apos;&apos;: assuming HandlerAdapter completed request handling
04:51:53.763 [main] DEBUG o.s.t.w.s.TestDispatcherServlet - Successfully completed request
04:51:53.763 [main] DEBUG o.s.t.w.s.TestDispatcherServlet - DispatcherServlet with name &apos;&apos; processing POST request for [/api/v1/users]
04:51:53.763 [main] DEBUG o.s.w.s.m.m.a.RequestMappingHandlerMapping - Looking up handler method for path /api/v1/users
04:51:53.764 [main] DEBUG o.s.w.s.m.m.a.RequestMappingHandlerMapping - Returning handler method [public org.springframework.http.ResponseEntity edu.ncsu.csc.itrust2.controllers.api.APIUserController.createUser(edu.ncsu.csc.itrust2.forms.admin.UserForm)]
04:51:53.764 [main] DEBUG o.s.b.f.s.DefaultListableBeanFactory - Returning cached instance of singleton bean &apos;APIUserController&apos;
04:51:53.764 [main] DEBUG o.s.w.s.m.m.a.RequestResponseBodyMethodProcessor - Read [class edu.ncsu.csc.itrust2.forms.admin.UserForm] as &quot;application/json&quot; with [org.springframework.http.converter.json.GsonHttpMessageConverter@65b65bdb]
04:51:53.884 [main] DEBUG o.h.e.t.internal.TransactionImpl - begin
04:51:53.885 [main] DEBUG org.hibernate.SQL - select this_.username as username1_15_0_, this_.enabled as enabled2_15_0_, this_.password as password3_15_0_, this_.role as role4_15_0_ from Users this_ where this_.username=?
Hibernate: select this_.username as username1_15_0_, this_.enabled as enabled2_15_0_, this_.password as password3_15_0_, this_.role as role4_15_0_ from Users this_ where this_.username=?
04:51:53.886 [main] DEBUG org.hibernate.loader.Loader - Result set row: 0
04:51:53.887 [main] DEBUG org.hibernate.loader.Loader - Result row: EntityKey[edu.ncsu.csc.itrust2.models.persistent.User#patient]
04:51:53.887 [main] DEBUG o.h.engine.internal.TwoPhaseLoad - Resolving associations for [edu.ncsu.csc.itrust2.models.persistent.User#patient]
04:51:53.887 [main] DEBUG o.h.engine.internal.TwoPhaseLoad - Done materializing entity [edu.ncsu.csc.itrust2.models.persistent.User#patient]
04:51:53.887 [main] DEBUG o.h.e.t.internal.TransactionImpl - committing
04:51:53.887 [main] DEBUG o.h.e.i.AbstractFlushingEventListener - Processing flush-time cascades
04:51:53.887 [main] DEBUG o.h.e.i.AbstractFlushingEventListener - Dirty checking collections
04:51:53.888 [main] DEBUG o.h.e.i.AbstractFlushingEventListener - Flushed: 0 insertions, 0 updates, 0 deletions to 1 objects
04:51:53.888 [main] DEBUG o.h.e.i.AbstractFlushingEventListener - Flushed: 0 (re)creations, 0 updates, 0 removals to 0 collections
04:51:53.888 [main] DEBUG o.h.internal.util.EntityPrinter - Listing entities:
04:51:53.888 [main] DEBUG o.h.internal.util.EntityPrinter - edu.ncsu.csc.itrust2.models.persistent.User{password=$2a$10$EblZqNptyYvcLm/VwDCVAuBjzZOI7khzdyGPBr08PpIi0na624b8., role=ROLE_PATIENT, enabled=1, username=patient}
04:51:53.889 [main] DEBUG o.s.w.s.m.m.a.HttpEntityMethodProcessor - Written [{&quot;status&quot;:&quot;failed&quot;,&quot;message&quot;:&quot;User with the id patient already exists&quot;}] as &quot;text/plain&quot; using [org.springframework.http.converter.StringHttpMessageConverter@6b0d781d]
04:51:53.889 [main] DEBUG o.s.t.w.s.TestDispatcherServlet - Null ModelAndView returned to DispatcherServlet with name &apos;&apos;: assuming HandlerAdapter completed request handling
04:51:53.889 [main] DEBUG o.s.t.w.s.TestDispatcherServlet - Successfully completed request
04:51:53.889 [main] DEBUG o.s.t.w.s.TestDispatcherServlet - DispatcherServlet with name &apos;&apos; processing DELETE request for [/api/v1/appointmentrequests]
04:51:53.889 [main] DEBUG o.s.w.s.m.m.a.RequestMappingHandlerMapping - Looking up handler method for path /api/v1/appointmentrequests
04:51:53.890 [main] DEBUG o.s.w.s.m.m.a.RequestMappingHandlerMapping - Returning handler method [public org.springframework.http.ResponseEntity edu.ncsu.csc.itrust2.controllers.api.APIAppointmentRequestController.deleteAppointmentRequests()]
04:51:53.890 [main] DEBUG o.s.b.f.s.DefaultListableBeanFactory - Returning cached instance of singleton bean &apos;APIAppointmentRequestController&apos;
04:51:53.891 [main] DEBUG o.h.e.t.internal.TransactionImpl - begin
04:51:53.892 [main] DEBUG org.hibernate.SQL - select this_.id as id1_0_2_, this_.comments as comments2_0_2_, this_.date as date3_0_2_, this_.hcp_id as hcp_id6_0_2_, this_.patient_id as patient_7_0_2_, this_.status as status4_0_2_, this_.type as type5_0_2_, user2_.username as username1_15_0_, user2_.enabled as enabled2_15_0_, user2_.password as password3_15_0_, user2_.role as role4_15_0_, user3_.username as username1_15_1_, user3_.enabled as enabled2_15_1_, user3_.password as password3_15_1_, user3_.role as role4_15_1_ from AppointmentRequests this_ inner join Users user2_ on this_.hcp_id=user2_.username inner join Users user3_ on this_.patient_id=user3_.username
Hibernate: select this_.id as id1_0_2_, this_.comments as comments2_0_2_, this_.date as date3_0_2_, this_.hcp_id as hcp_id6_0_2_, this_.patient_id as patient_7_0_2_, this_.status as status4_0_2_, this_.type as type5_0_2_, user2_.username as username1_15_0_, user2_.enabled as enabled2_15_0_, user2_.password as password3_15_0_, user2_.role as role4_15_0_, user3_.username as username1_15_1_, user3_.enabled as enabled2_15_1_, user3_.password as password3_15_1_, user3_.role as role4_15_1_ from AppointmentRequests this_ inner join Users user2_ on this_.hcp_id=user2_.username inner join Users user3_ on this_.patient_id=user3_.username
04:51:53.892 [main] DEBUG o.h.e.t.internal.TransactionImpl - committing
04:51:53.893 [main] DEBUG o.s.w.s.m.m.a.HttpEntityMethodProcessor - Written [{&quot;status&quot;:&quot;success&quot;,&quot;message&quot;:&quot;Successfully deleted all AppointmentRequests&quot;}] as &quot;text/plain&quot; using [org.springframework.http.converter.StringHttpMessageConverter@6b0d781d]
04:51:53.894 [main] DEBUG o.s.t.w.s.TestDispatcherServlet - Null ModelAndView returned to DispatcherServlet with name &apos;&apos;: assuming HandlerAdapter completed request handling
04:51:53.894 [main] DEBUG o.s.t.w.s.TestDispatcherServlet - Successfully completed request
04:51:53.900 [main] DEBUG o.s.t.w.s.TestDispatcherServlet - DispatcherServlet with name &apos;&apos; processing POST request for [/api/v1/appointmentrequests]
04:51:53.900 [main] DEBUG o.s.w.s.m.m.a.RequestMappingHandlerMapping - Looking up handler method for path /api/v1/appointmentrequests
04:51:53.901 [main] DEBUG o.s.w.s.m.m.a.RequestMappingHandlerMapping - Returning handler method [public org.springframework.http.ResponseEntity edu.ncsu.csc.itrust2.controllers.api.APIAppointmentRequestController.createAppointmentRequest(edu.ncsu.csc.itrust2.forms.patient.AppointmentRequestForm)]
04:51:53.901 [main] DEBUG o.s.b.f.s.DefaultListableBeanFactory - Returning cached instance of singleton bean &apos;APIAppointmentRequestController&apos;
04:51:53.901 [main] DEBUG o.s.w.s.m.m.a.RequestResponseBodyMethodProcessor - Read [class edu.ncsu.csc.itrust2.forms.patient.AppointmentRequestForm] as &quot;application/json&quot; with [org.springframework.http.converter.json.GsonHttpMessageConverter@65b65bdb]
04:51:53.902 [main] DEBUG o.h.e.t.internal.TransactionImpl - begin
04:51:53.909 [main] DEBUG org.hibernate.SQL - select this_.username as username1_15_0_, this_.enabled as enabled2_15_0_, this_.password as password3_15_0_, this_.role as role4_15_0_ from Users this_ where this_.username=? and this_.role=?
Hibernate: select this_.username as username1_15_0_, this_.enabled as enabled2_15_0_, this_.password as password3_15_0_, this_.role as role4_15_0_ from Users this_ where this_.username=? and this_.role=?
04:51:53.910 [main] DEBUG org.hibernate.loader.Loader - Result set row: 0
04:51:53.910 [main] DEBUG org.hibernate.loader.Loader - Result row: EntityKey[edu.ncsu.csc.itrust2.models.persistent.User#patient]
04:51:53.910 [main] DEBUG o.h.engine.internal.TwoPhaseLoad - Resolving associations for [edu.ncsu.csc.itrust2.models.persistent.User#patient]
04:51:53.910 [main] DEBUG o.h.engine.internal.TwoPhaseLoad - Done materializing entity [edu.ncsu.csc.itrust2.models.persistent.User#patient]
04:51:53.910 [main] DEBUG o.h.e.t.internal.TransactionImpl - committing
04:51:53.910 [main] DEBUG o.h.e.i.AbstractFlushingEventListener - Processing flush-time cascades
04:51:53.910 [main] DEBUG o.h.e.i.AbstractFlushingEventListener - Dirty checking collections
04:51:53.910 [main] DEBUG o.h.e.i.AbstractFlushingEventListener - Flushed: 0 insertions, 0 updates, 0 deletions to 1 objects
04:51:53.910 [main] DEBUG o.h.e.i.AbstractFlushingEventListener - Flushed: 0 (re)creations, 0 updates, 0 removals to 0 collections
04:51:53.910 [main] DEBUG o.h.internal.util.EntityPrinter - Listing entities:
04:51:53.911 [main] DEBUG o.h.internal.util.EntityPrinter - edu.ncsu.csc.itrust2.models.persistent.User{password=$2a$10$EblZqNptyYvcLm/VwDCVAuBjzZOI7khzdyGPBr08PpIi0na624b8., role=ROLE_PATIENT, enabled=1, username=patient}
04:51:53.911 [main] DEBUG o.h.e.t.internal.TransactionImpl - begin
04:51:53.912 [main] DEBUG org.hibernate.SQL - select this_.username as username1_15_0_, this_.enabled as enabled2_15_0_, this_.password as password3_15_0_, this_.role as role4_15_0_ from Users this_ where this_.username=? and this_.role=?
Hibernate: select this_.username as username1_15_0_, this_.enabled as enabled2_15_0_, this_.password as password3_15_0_, this_.role as role4_15_0_ from Users this_ where this_.username=? and this_.role=?
04:51:53.912 [main] DEBUG org.hibernate.loader.Loader - Result set row: 0
04:51:53.912 [main] DEBUG org.hibernate.loader.Loader - Result row: EntityKey[edu.ncsu.csc.itrust2.models.persistent.User#hcp]
04:51:53.912 [main] DEBUG o.h.engine.internal.TwoPhaseLoad - Resolving associations for [edu.ncsu.csc.itrust2.models.persistent.User#hcp]
04:51:53.913 [main] DEBUG o.h.engine.internal.TwoPhaseLoad - Done materializing entity [edu.ncsu.csc.itrust2.models.persistent.User#hcp]
04:51:53.913 [main] DEBUG o.h.e.t.internal.TransactionImpl - committing
04:51:53.913 [main] DEBUG o.h.e.i.AbstractFlushingEventListener - Processing flush-time cascades
04:51:53.913 [main] DEBUG o.h.e.i.AbstractFlushingEventListener - Dirty checking collections
04:51:53.913 [main] DEBUG o.h.e.i.AbstractFlushingEventListener - Flushed: 0 insertions, 0 updates, 0 deletions to 1 objects
04:51:53.913 [main] DEBUG o.h.e.i.AbstractFlushingEventListener - Flushed: 0 (re)creations, 0 updates, 0 removals to 0 collections
04:51:53.913 [main] DEBUG o.h.internal.util.EntityPrinter - Listing entities:
04:51:53.913 [main] DEBUG o.h.internal.util.EntityPrinter - edu.ncsu.csc.itrust2.models.persistent.User{password=$2a$10$EblZqNptyYvcLm/VwDCVAuBjzZOI7khzdyGPBr08PpIi0na624b8., role=ROLE_HCP, enabled=1, username=hcp}
04:51:53.916 [main] DEBUG o.h.e.t.internal.TransactionImpl - begin
04:51:53.918 [main] DEBUG org.hibernate.SQL - select this_.id as id1_0_2_, this_.comments as comments2_0_2_, this_.date as date3_0_2_, this_.hcp_id as hcp_id6_0_2_, this_.patient_id as patient_7_0_2_, this_.status as status4_0_2_, this_.type as type5_0_2_, user2_.username as username1_15_0_, user2_.enabled as enabled2_15_0_, user2_.password as password3_15_0_, user2_.role as role4_15_0_, user3_.username as username1_15_1_, user3_.enabled as enabled2_15_1_, user3_.password as password3_15_1_, user3_.role as role4_15_1_ from AppointmentRequests this_ inner join Users user2_ on this_.hcp_id=user2_.username inner join Users user3_ on this_.patient_id=user3_.username where this_.id=?
Hibernate: select this_.id as id1_0_2_, this_.comments as comments2_0_2_, this_.date as date3_0_2_, this_.hcp_id as hcp_id6_0_2_, this_.patient_id as patient_7_0_2_, this_.status as status4_0_2_, this_.type as type5_0_2_, user2_.username as username1_15_0_, user2_.enabled as enabled2_15_0_, user2_.password as password3_15_0_, user2_.role as role4_15_0_, user3_.username as username1_15_1_, user3_.enabled as enabled2_15_1_, user3_.password as password3_15_1_, user3_.role as role4_15_1_ from AppointmentRequests this_ inner join Users user2_ on this_.hcp_id=user2_.username inner join Users user3_ on this_.patient_id=user3_.username where this_.id=?
04:51:53.918 [main] DEBUG o.h.e.t.internal.TransactionImpl - committing
04:51:53.919 [main] DEBUG o.h.e.t.internal.TransactionImpl - begin
04:51:53.919 [main] DEBUG org.hibernate.SQL - select next_val as id_val from hibernate_sequence for update
Hibernate: select next_val as id_val from hibernate_sequence for update
04:51:53.920 [main] DEBUG org.hibernate.SQL - update hibernate_sequence set next_val= ? where next_val=?
Hibernate: update hibernate_sequence set next_val= ? where next_val=?
04:51:53.925 [main] DEBUG o.h.e.i.AbstractSaveEventListener - Generated identifier: 22, using strategy: org.hibernate.id.enhanced.SequenceStyleGenerator
04:51:53.926 [main] DEBUG org.hibernate.SQL - select user_.username, user_.enabled as enabled2_15_, user_.password as password3_15_, user_.role as role4_15_ from Users user_ where user_.username=?
Hibernate: select user_.username, user_.enabled as enabled2_15_, user_.password as password3_15_, user_.role as role4_15_ from Users user_ where user_.username=?
04:51:53.927 [main] DEBUG o.h.r.j.i.ResourceRegistryStandardImpl - HHH000387: ResultSet&apos;s statement was not registered
04:51:53.927 [main] DEBUG org.hibernate.SQL - select user_.username, user_.enabled as enabled2_15_, user_.password as password3_15_, user_.role as role4_15_ from Users user_ where user_.username=?
Hibernate: select user_.username, user_.enabled as enabled2_15_, user_.password as password3_15_, user_.role as role4_15_ from Users user_ where user_.username=?
04:51:53.928 [main] DEBUG o.h.r.j.i.ResourceRegistryStandardImpl - HHH000387: ResultSet&apos;s statement was not registered
04:51:53.929 [main] DEBUG o.h.e.t.internal.TransactionImpl - committing
04:51:53.929 [main] DEBUG o.h.e.i.AbstractFlushingEventListener - Processing flush-time cascades
04:51:53.929 [main] DEBUG o.h.e.i.AbstractFlushingEventListener - Dirty checking collections
04:51:53.930 [main] DEBUG o.h.e.i.AbstractFlushingEventListener - Flushed: 1 insertions, 0 updates, 0 deletions to 1 objects
04:51:53.931 [main] DEBUG o.h.e.i.AbstractFlushingEventListener - Flushed: 0 (re)creations, 0 updates, 0 removals to 0 collections
04:51:53.932 [main] DEBUG o.h.internal.util.EntityPrinter - Listing entities:
04:51:53.932 [main] DEBUG o.h.internal.util.EntityPrinter - edu.ncsu.csc.itrust2.models.persistent.AppointmentRequest{date=java.util.GregorianCalendar[time=1921294200000,areFieldsSet=true,areAllFieldsSet=true,lenient=true,zone=sun.util.calendar.ZoneInfo[id=&quot;Etc/UTC&quot;,offset=0,dstSavings=0,useDaylight=false,transitions=0,lastRule=null],firstDayOfWeek=1,minimalDaysInFirstWeek=1,ERA=1,YEAR=2030,MONTH=10,WEEK_OF_YEAR=47,WEEK_OF_MONTH=4,DAY_OF_MONTH=19,DAY_OF_YEAR=323,DAY_OF_WEEK=3,DAY_OF_WEEK_IN_MONTH=3,AM_PM=0,HOUR=4,HOUR_OF_DAY=4,MINUTE=50,SECOND=0,MILLISECOND=0,ZONE_OFFSET=0,DST_OFFSET=0], comments=Test appointment please ignore, hcp=edu.ncsu.csc.itrust2.models.persistent.User#hcp, patient=edu.ncsu.csc.itrust2.models.persistent.User#patient, id=22, type=GENERAL_CHECKUP, status=APPROVED}
04:51:53.934 [main] DEBUG org.hibernate.SQL - insert into AppointmentRequests (comments, date, hcp_id, patient_id, status, type, id) values (?, ?, ?, ?, ?, ?, ?)
Hibernate: insert into AppointmentRequests (comments, date, hcp_id, patient_id, status, type, id) values (?, ?, ?, ?, ?, ?, ?)
04:51:53.938 [main] DEBUG o.h.e.j.internal.JdbcCoordinatorImpl - HHH000420: Closing un-released batch
04:51:53.939 [main] DEBUG o.h.e.t.internal.TransactionImpl - begin
04:51:53.940 [main] DEBUG org.hibernate.SQL - select next_val as id_val from hibernate_sequence for update
Hibernate: select next_val as id_val from hibernate_sequence for update
04:51:53.940 [main] DEBUG org.hibernate.SQL - update hibernate_sequence set next_val= ? where next_val=?
Hibernate: update hibernate_sequence set next_val= ? where next_val=?
04:51:53.942 [main] DEBUG o.h.e.i.AbstractSaveEventListener - Generated identifier: 23, using strategy: org.hibernate.id.enhanced.SequenceStyleGenerator
04:51:53.942 [main] DEBUG o.h.e.t.internal.TransactionImpl - committing
04:51:53.942 [main] DEBUG o.h.e.i.AbstractFlushingEventListener - Processing flush-time cascades
04:51:53.942 [main] DEBUG o.h.e.i.AbstractFlushingEventListener - Dirty checking collections
04:51:53.943 [main] DEBUG o.h.e.i.AbstractFlushingEventListener - Flushed: 1 insertions, 0 updates, 0 deletions to 1 objects
04:51:53.943 [main] DEBUG o.h.e.i.AbstractFlushingEventListener - Flushed: 0 (re)creations, 0 updates, 0 removals to 0 collections
04:51:53.943 [main] DEBUG o.h.internal.util.EntityPrinter - Listing entities:
04:51:53.943 [main] DEBUG o.h.internal.util.EntityPrinter - edu.ncsu.csc.itrust2.models.persistent.LogEntry{secondaryUser=hcp, logCode=20, primaryUser=patient, id=23, time=java.util.GregorianCalendar[time=1521521513939,areFieldsSet=true,areAllFieldsSet=true,lenient=true,zone=sun.util.calendar.ZoneInfo[id=&quot;Etc/UTC&quot;,offset=0,dstSavings=0,useDaylight=false,transitions=0,lastRule=null],firstDayOfWeek=1,minimalDaysInFirstWeek=1,ERA=1,YEAR=2018,MONTH=2,WEEK_OF_YEAR=12,WEEK_OF_MONTH=4,DAY_OF_MONTH=20,DAY_OF_YEAR=79,DAY_OF_WEEK=3,DAY_OF_WEEK_IN_MONTH=3,AM_PM=0,HOUR=4,HOUR_OF_DAY=4,MINUTE=51,SECOND=53,MILLISECOND=939,ZONE_OFFSET=0,DST_OFFSET=0], message=null}
04:51:53.944 [main] DEBUG org.hibernate.SQL - insert into LogEntries (logCode, message, primaryUser, secondaryUser, time, id) values (?, ?, ?, ?, ?, ?)
Hibernate: insert into LogEntries (logCode, message, primaryUser, secondaryUser, time, id) values (?, ?, ?, ?, ?, ?)
04:51:53.948 [main] DEBUG o.h.e.j.internal.JdbcCoordinatorImpl - HHH000420: Closing un-released batch
04:51:53.949 [main] DEBUG o.s.w.s.m.m.a.HttpEntityMethodProcessor - Written [edu.ncsu.csc.itrust2.models.persistent.AppointmentRequest@3b568c84] as &quot;application/json&quot; using [org.springframework.http.converter.json.GsonHttpMessageConverter@65b65bdb]
04:51:53.949 [main] DEBUG o.s.t.w.s.TestDispatcherServlet - Null ModelAndView returned to DispatcherServlet with name &apos;&apos;: assuming HandlerAdapter completed request handling
04:51:53.949 [main] DEBUG o.s.t.w.s.TestDispatcherServlet - Successfully completed request
04:51:53.950 [main] DEBUG o.s.t.w.s.TestDispatcherServlet - DispatcherServlet with name &apos;&apos; processing DELETE request for [/api/v1/officevisits]
04:51:53.950 [main] DEBUG o.s.w.s.m.m.a.RequestMappingHandlerMapping - Looking up handler method for path /api/v1/officevisits
04:51:53.950 [main] DEBUG o.s.w.s.m.m.a.RequestMappingHandlerMapping - Returning handler method [public void edu.ncsu.csc.itrust2.controllers.api.APIOfficeVisitController.deleteOfficeVisits()]
04:51:53.950 [main] DEBUG o.s.b.f.s.DefaultListableBeanFactory - Returning cached instance of singleton bean &apos;APIOfficeVisitController&apos;
04:51:53.951 [main] DEBUG o.h.e.t.internal.TransactionImpl - begin
04:51:53.951 [main] DEBUG org.hibernate.SQL - select next_val as id_val from hibernate_sequence for update
Hibernate: select next_val as id_val from hibernate_sequence for update
04:51:53.952 [main] DEBUG org.hibernate.SQL - update hibernate_sequence set next_val= ? where next_val=?
Hibernate: update hibernate_sequence set next_val= ? where next_val=?
04:51:53.953 [main] DEBUG o.h.e.i.AbstractSaveEventListener - Generated identifier: 24, using strategy: org.hibernate.id.enhanced.SequenceStyleGenerator
04:51:53.954 [main] DEBUG o.h.e.t.internal.TransactionImpl - committing
04:51:53.954 [main] DEBUG o.h.e.i.AbstractFlushingEventListener - Processing flush-time cascades
04:51:53.954 [main] DEBUG o.h.e.i.AbstractFlushingEventListener - Dirty checking collections
04:51:53.954 [main] DEBUG o.h.e.i.AbstractFlushingEventListener - Flushed: 1 insertions, 0 updates, 0 deletions to 1 objects
04:51:53.954 [main] DEBUG o.h.e.i.AbstractFlushingEventListener - Flushed: 0 (re)creations, 0 updates, 0 removals to 0 collections
04:51:53.954 [main] DEBUG o.h.internal.util.EntityPrinter - Listing entities:
04:51:53.954 [main] DEBUG o.h.internal.util.EntityPrinter - edu.ncsu.csc.itrust2.models.persistent.LogEntry{secondaryUser=null, logCode=30, primaryUser=SPRING_API_TEST_USER, id=24, time=java.util.GregorianCalendar[time=1521521513951,areFieldsSet=true,areAllFieldsSet=true,lenient=true,zone=sun.util.calendar.ZoneInfo[id=&quot;Etc/UTC&quot;,offset=0,dstSavings=0,useDaylight=false,transitions=0,lastRule=null],firstDayOfWeek=1,minimalDaysInFirstWeek=1,ERA=1,YEAR=2018,MONTH=2,WEEK_OF_YEAR=12,WEEK_OF_MONTH=4,DAY_OF_MONTH=20,DAY_OF_YEAR=79,DAY_OF_WEEK=3,DAY_OF_WEEK_IN_MONTH=3,AM_PM=0,HOUR=4,HOUR_OF_DAY=4,MINUTE=51,SECOND=53,MILLISECOND=951,ZONE_OFFSET=0,DST_OFFSET=0], message=null}
04:51:53.956 [main] DEBUG org.hibernate.SQL - insert into LogEntries (logCode, message, primaryUser, secondaryUser, time, id) values (?, ?, ?, ?, ?, ?)
Hibernate: insert into LogEntries (logCode, message, primaryUser, secondaryUser, time, id) values (?, ?, ?, ?, ?, ?)
04:51:53.958 [main] DEBUG o.h.e.j.internal.JdbcCoordinatorImpl - HHH000420: Closing un-released batch
04:51:53.959 [main] DEBUG o.h.e.t.internal.TransactionImpl - begin
04:51:53.961 [main] DEBUG org.hibernate.SQL - select this_.id as id1_2_8_, this_.code_id as code_id3_2_8_, this_.note as note2_2_8_, this_.visit_id as visit_id4_2_8_, icdcode2_.id as id1_5_0_, icdcode2_.code as code2_5_0_, icdcode2_.description as descript3_5_0_, officevisi3_.id as id1_10_1_, officevisi3_.appointment_id as appointm5_10_1_, officevisi3_.basichealthmetrics_id as basichea6_10_1_, officevisi3_.date as date2_10_1_, officevisi3_.hcp_id as hcp_id7_10_1_, officevisi3_.hospital_id as hospital8_10_1_, officevisi3_.notes as notes3_10_1_, officevisi3_.patient_id as patient_9_10_1_, officevisi3_.type as type4_10_1_, appointmen4_.id as id1_0_2_, appointmen4_.comments as comments2_0_2_, appointmen4_.date as date3_0_2_, appointmen4_.hcp_id as hcp_id6_0_2_, appointmen4_.patient_id as patient_7_0_2_, appointmen4_.status as status4_0_2_, appointmen4_.type as type5_0_2_, basichealt5_.id as id1_1_3_, basichealt5_.diastolic as diastoli2_1_3_, basichealt5_.hcp_id as hcp_id12_1_3_, basichealt5_.hdl as hdl3_1_3_, basichealt5_.headCircumference as headCirc4_1_3_, basichealt5_.height as height5_1_3_, basichealt5_.houseSmokingStatus as houseSmo6_1_3_, basichealt5_.ldl as ldl7_1_3_, basichealt5_.patient_id as patient13_1_3_, basichealt5_.patientSmokingStatus as patientS8_1_3_, basichealt5_.systolic as systolic9_1_3_, basichealt5_.tri as tri10_1_3_, basichealt5_.weight as weight11_1_3_, user6_.username as username1_15_4_, user6_.enabled as enabled2_15_4_, user6_.password as password3_15_4_, user6_.role as role4_15_4_, hospital7_.name as name1_4_5_, hospital7_.address as address2_4_5_, hospital7_.state as state3_4_5_, hospital7_.zip as zip4_4_5_, user8_.username as username1_15_6_, user8_.enabled as enabled2_15_6_, user8_.password as password3_15_6_, user8_.role as role4_15_6_, prescripti9_.prescriptions_id as prescrip8_14_10_, prescripti9_.id as id1_14_10_, prescripti9_.id as id1_14_7_, prescripti9_.dosage as dosage2_14_7_, prescripti9_.drug_id as drug_id6_14_7_, prescripti9_.endDate as endDate3_14_7_, prescripti9_.patient_id as patient_7_14_7_, prescripti9_.renewals as renewals4_14_7_, prescripti9_.startDate as startDat5_14_7_ from Diagnoses this_ inner join ICDCodes icdcode2_ on this_.code_id=icdcode2_.id inner join OfficeVisits officevisi3_ on this_.visit_id=officevisi3_.id left outer join AppointmentRequests appointmen4_ on officevisi3_.appointment_id=appointmen4_.id left outer join BasicHealthMetrics basichealt5_ on officevisi3_.basichealthmetrics_id=basichealt5_.id left outer join Users user6_ on officevisi3_.hcp_id=user6_.username left outer join Hospitals hospital7_ on officevisi3_.hospital_id=hospital7_.name left outer join Users user8_ on officevisi3_.patient_id=user8_.username left outer join Prescriptions prescripti9_ on officevisi3_.id=prescripti9_.prescriptions_id
Hibernate: select this_.id as id1_2_8_, this_.code_id as code_id3_2_8_, this_.note as note2_2_8_, this_.visit_id as visit_id4_2_8_, icdcode2_.id as id1_5_0_, icdcode2_.code as code2_5_0_, icdcode2_.description as descript3_5_0_, officevisi3_.id as id1_10_1_, officevisi3_.appointment_id as appointm5_10_1_, officevisi3_.basichealthmetrics_id as basichea6_10_1_, officevisi3_.date as date2_10_1_, officevisi3_.hcp_id as hcp_id7_10_1_, officevisi3_.hospital_id as hospital8_10_1_, officevisi3_.notes as notes3_10_1_, officevisi3_.patient_id as patient_9_10_1_, officevisi3_.type as type4_10_1_, appointmen4_.id as id1_0_2_, appointmen4_.comments as comments2_0_2_, appointmen4_.date as date3_0_2_, appointmen4_.hcp_id as hcp_id6_0_2_, appointmen4_.patient_id as patient_7_0_2_, appointmen4_.status as status4_0_2_, appointmen4_.type as type5_0_2_, basichealt5_.id as id1_1_3_, basichealt5_.diastolic as diastoli2_1_3_, basichealt5_.hcp_id as hcp_id12_1_3_, basichealt5_.hdl as hdl3_1_3_, basichealt5_.headCircumference as headCirc4_1_3_, basichealt5_.height as height5_1_3_, basichealt5_.houseSmokingStatus as houseSmo6_1_3_, basichealt5_.ldl as ldl7_1_3_, basichealt5_.patient_id as patient13_1_3_, basichealt5_.patientSmokingStatus as patientS8_1_3_, basichealt5_.systolic as systolic9_1_3_, basichealt5_.tri as tri10_1_3_, basichealt5_.weight as weight11_1_3_, user6_.username as username1_15_4_, user6_.enabled as enabled2_15_4_, user6_.password as password3_15_4_, user6_.role as role4_15_4_, hospital7_.name as name1_4_5_, hospital7_.address as address2_4_5_, hospital7_.state as state3_4_5_, hospital7_.zip as zip4_4_5_, user8_.username as username1_15_6_, user8_.enabled as enabled2_15_6_, user8_.password as password3_15_6_, user8_.role as role4_15_6_, prescripti9_.prescriptions_id as prescrip8_14_10_, prescripti9_.id as id1_14_10_, prescripti9_.id as id1_14_7_, prescripti9_.dosage as dosage2_14_7_, prescripti9_.drug_id as drug_id6_14_7_, prescripti9_.endDate as endDate3_14_7_, prescripti9_.patient_id as patient_7_14_7_, prescripti9_.renewals as renewals4_14_7_, prescripti9_.startDate as startDat5_14_7_ from Diagnoses this_ inner join ICDCodes icdcode2_ on this_.code_id=icdcode2_.id inner join OfficeVisits officevisi3_ on this_.visit_id=officevisi3_.id left outer join AppointmentRequests appointmen4_ on officevisi3_.appointment_id=appointmen4_.id left outer join BasicHealthMetrics basichealt5_ on officevisi3_.basichealthmetrics_id=basichealt5_.id left outer join Users user6_ on officevisi3_.hcp_id=user6_.username left outer join Hospitals hospital7_ on officevisi3_.hospital_id=hospital7_.name left outer join Users user8_ on officevisi3_.patient_id=user8_.username left outer join Prescriptions prescripti9_ on officevisi3_.id=prescripti9_.prescriptions_id
04:51:53.964 [main] DEBUG o.h.e.l.i.CollectionLoadContext - No collections were found in result set for role: edu.ncsu.csc.itrust2.models.persistent.OfficeVisit.prescriptions
04:51:53.964 [main] DEBUG o.h.e.t.internal.TransactionImpl - committing
04:51:53.965 [main] DEBUG o.h.e.t.internal.TransactionImpl - begin
04:51:53.967 [main] DEBUG org.hibernate.SQL - select this_.id as id1_10_12_, this_.appointment_id as appointm5_10_12_, this_.basichealthmetrics_id as basichea6_10_12_, this_.date as date2_10_12_, this_.hcp_id as hcp_id7_10_12_, this_.hospital_id as hospital8_10_12_, this_.notes as notes3_10_12_, this_.patient_id as patient_9_10_12_, this_.type as type4_10_12_, appointmen2_.id as id1_0_0_, appointmen2_.comments as comments2_0_0_, appointmen2_.date as date3_0_0_, appointmen2_.hcp_id as hcp_id6_0_0_, appointmen2_.patient_id as patient_7_0_0_, appointmen2_.status as status4_0_0_, appointmen2_.type as type5_0_0_, user3_.username as username1_15_1_, user3_.enabled as enabled2_15_1_, user3_.password as password3_15_1_, user3_.role as role4_15_1_, user4_.username as username1_15_2_, user4_.enabled as enabled2_15_2_, user4_.password as password3_15_2_, user4_.role as role4_15_2_, basichealt5_.id as id1_1_3_, basichealt5_.diastolic as diastoli2_1_3_, basichealt5_.hcp_id as hcp_id12_1_3_, basichealt5_.hdl as hdl3_1_3_, basichealt5_.headCircumference as headCirc4_1_3_, basichealt5_.height as height5_1_3_, basichealt5_.houseSmokingStatus as houseSmo6_1_3_, basichealt5_.ldl as ldl7_1_3_, basichealt5_.patient_id as patient13_1_3_, basichealt5_.patientSmokingStatus as patientS8_1_3_, basichealt5_.systolic as systolic9_1_3_, basichealt5_.tri as tri10_1_3_, basichealt5_.weight as weight11_1_3_, user6_.username as username1_15_4_, user6_.enabled as enabled2_15_4_, user6_.password as password3_15_4_, user6_.role as role4_15_4_, user7_.username as username1_15_5_, user7_.enabled as enabled2_15_5_, user7_.password as password3_15_5_, user7_.role as role4_15_5_, user8_.username as username1_15_6_, user8_.enabled as enabled2_15_6_, user8_.password as password3_15_6_, user8_.role as role4_15_6_, hospital9_.name as name1_4_7_, hospital9_.address as address2_4_7_, hospital9_.state as state3_4_7_, hospital9_.zip as zip4_4_7_, user10_.username as username1_15_8_, user10_.enabled as enabled2_15_8_, user10_.password as password3_15_8_, user10_.role as role4_15_8_, prescripti11_.prescriptions_id as prescrip8_14_14_, prescripti11_.id as id1_14_14_, prescripti11_.id as id1_14_9_, prescripti11_.dosage as dosage2_14_9_, prescripti11_.drug_id as drug_id6_14_9_, prescripti11_.endDate as endDate3_14_9_, prescripti11_.patient_id as patient_7_14_9_, prescripti11_.renewals as renewals4_14_9_, prescripti11_.startDate as startDat5_14_9_, drug12_.id as id1_3_10_, drug12_.code as code2_3_10_, drug12_.description as descript3_3_10_, drug12_.name as name4_3_10_, user13_.username as username1_15_11_, user13_.enabled as enabled2_15_11_, user13_.password as password3_15_11_, user13_.role as role4_15_11_ from OfficeVisits this_ left outer join AppointmentRequests appointmen2_ on this_.appointment_id=appointmen2_.id left outer join Users user3_ on appointmen2_.hcp_id=user3_.username left outer join Users user4_ on appointmen2_.patient_id=user4_.username left outer join BasicHealthMetrics basichealt5_ on this_.basichealthmetrics_id=basichealt5_.id left outer join Users user6_ on basichealt5_.hcp_id=user6_.username left outer join Users user7_ on basichealt5_.patient_id=user7_.username inner join Users user8_ on this_.hcp_id=user8_.username inner join Hospitals hospital9_ on this_.hospital_id=hospital9_.name inner join Users user10_ on this_.patient_id=user10_.username left outer join Prescriptions prescripti11_ on this_.id=prescripti11_.prescriptions_id left outer join Drugs drug12_ on prescripti11_.drug_id=drug12_.id left outer join Users user13_ on prescripti11_.patient_id=user13_.username
Hibernate: select this_.id as id1_10_12_, this_.appointment_id as appointm5_10_12_, this_.basichealthmetrics_id as basichea6_10_12_, this_.date as date2_10_12_, this_.hcp_id as hcp_id7_10_12_, this_.hospital_id as hospital8_10_12_, this_.notes as notes3_10_12_, this_.patient_id as patient_9_10_12_, this_.type as type4_10_12_, appointmen2_.id as id1_0_0_, appointmen2_.comments as comments2_0_0_, appointmen2_.date as date3_0_0_, appointmen2_.hcp_id as hcp_id6_0_0_, appointmen2_.patient_id as patient_7_0_0_, appointmen2_.status as status4_0_0_, appointmen2_.type as type5_0_0_, user3_.username as username1_15_1_, user3_.enabled as enabled2_15_1_, user3_.password as password3_15_1_, user3_.role as role4_15_1_, user4_.username as username1_15_2_, user4_.enabled as enabled2_15_2_, user4_.password as password3_15_2_, user4_.role as role4_15_2_, basichealt5_.id as id1_1_3_, basichealt5_.diastolic as diastoli2_1_3_, basichealt5_.hcp_id as hcp_id12_1_3_, basichealt5_.hdl as hdl3_1_3_, basichealt5_.headCircumference as headCirc4_1_3_, basichealt5_.height as height5_1_3_, basichealt5_.houseSmokingStatus as houseSmo6_1_3_, basichealt5_.ldl as ldl7_1_3_, basichealt5_.patient_id as patient13_1_3_, basichealt5_.patientSmokingStatus as patientS8_1_3_, basichealt5_.systolic as systolic9_1_3_, basichealt5_.tri as tri10_1_3_, basichealt5_.weight as weight11_1_3_, user6_.username as username1_15_4_, user6_.enabled as enabled2_15_4_, user6_.password as password3_15_4_, user6_.role as role4_15_4_, user7_.username as username1_15_5_, user7_.enabled as enabled2_15_5_, user7_.password as password3_15_5_, user7_.role as role4_15_5_, user8_.username as username1_15_6_, user8_.enabled as enabled2_15_6_, user8_.password as password3_15_6_, user8_.role as role4_15_6_, hospital9_.name as name1_4_7_, hospital9_.address as address2_4_7_, hospital9_.state as state3_4_7_, hospital9_.zip as zip4_4_7_, user10_.username as username1_15_8_, user10_.enabled as enabled2_15_8_, user10_.password as password3_15_8_, user10_.role as role4_15_8_, prescripti11_.prescriptions_id as prescrip8_14_14_, prescripti11_.id as id1_14_14_, prescripti11_.id as id1_14_9_, prescripti11_.dosage as dosage2_14_9_, prescripti11_.drug_id as drug_id6_14_9_, prescripti11_.endDate as endDate3_14_9_, prescripti11_.patient_id as patient_7_14_9_, prescripti11_.renewals as renewals4_14_9_, prescripti11_.startDate as startDat5_14_9_, drug12_.id as id1_3_10_, drug12_.code as code2_3_10_, drug12_.description as descript3_3_10_, drug12_.name as name4_3_10_, user13_.username as username1_15_11_, user13_.enabled as enabled2_15_11_, user13_.password as password3_15_11_, user13_.role as role4_15_11_ from OfficeVisits this_ left outer join AppointmentRequests appointmen2_ on this_.appointment_id=appointmen2_.id left outer join Users user3_ on appointmen2_.hcp_id=user3_.username left outer join Users user4_ on appointmen2_.patient_id=user4_.username left outer join BasicHealthMetrics basichealt5_ on this_.basichealthmetrics_id=basichealt5_.id left outer join Users user6_ on basichealt5_.hcp_id=user6_.username left outer join Users user7_ on basichealt5_.patient_id=user7_.username inner join Users user8_ on this_.hcp_id=user8_.username inner join Hospitals hospital9_ on this_.hospital_id=hospital9_.name inner join Users user10_ on this_.patient_id=user10_.username left outer join Prescriptions prescripti11_ on this_.id=prescripti11_.prescriptions_id left outer join Drugs drug12_ on prescripti11_.drug_id=drug12_.id left outer join Users user13_ on prescripti11_.patient_id=user13_.username
04:51:53.969 [main] DEBUG o.h.e.l.i.CollectionLoadContext - No collections were found in result set for role: edu.ncsu.csc.itrust2.models.persistent.OfficeVisit.prescriptions
04:51:53.969 [main] DEBUG o.h.e.t.internal.TransactionImpl - committing
04:51:53.970 [main] DEBUG o.s.t.w.s.TestDispatcherServlet - Null ModelAndView returned to DispatcherServlet with name &apos;&apos;: assuming HandlerAdapter completed request handling
04:51:53.970 [main] DEBUG o.s.t.w.s.TestDispatcherServlet - Successfully completed request
04:51:53.971 [main] DEBUG o.s.t.w.s.TestDispatcherServlet - DispatcherServlet with name &apos;&apos; processing POST request for [/api/v1/officevisits]
04:51:53.971 [main] DEBUG o.s.w.s.m.m.a.RequestMappingHandlerMapping - Looking up handler method for path /api/v1/officevisits
04:51:53.972 [main] DEBUG o.s.w.s.m.m.a.RequestMappingHandlerMapping - Returning handler method [public org.springframework.http.ResponseEntity edu.ncsu.csc.itrust2.controllers.api.APIOfficeVisitController.createOfficeVisit(edu.ncsu.csc.itrust2.forms.hcp.OfficeVisitForm)]
04:51:53.972 [main] DEBUG o.s.b.f.s.DefaultListableBeanFactory - Returning cached instance of singleton bean &apos;APIOfficeVisitController&apos;
04:51:53.973 [main] DEBUG o.s.w.s.m.m.a.RequestResponseBodyMethodProcessor - Read [class edu.ncsu.csc.itrust2.forms.hcp.OfficeVisitForm] as &quot;application/json&quot; with [org.springframework.http.converter.json.GsonHttpMessageConverter@65b65bdb]
04:51:53.974 [main] DEBUG o.h.e.t.internal.TransactionImpl - begin
04:51:53.976 [main] DEBUG org.hibernate.SQL - select this_.username as username1_15_0_, this_.enabled as enabled2_15_0_, this_.password as password3_15_0_, this_.role as role4_15_0_ from Users this_ where this_.username=? and this_.role=?
Hibernate: select this_.username as username1_15_0_, this_.enabled as enabled2_15_0_, this_.password as password3_15_0_, this_.role as role4_15_0_ from Users this_ where this_.username=? and this_.role=?
04:51:53.977 [main] DEBUG org.hibernate.loader.Loader - Result set row: 0
04:51:53.977 [main] DEBUG org.hibernate.loader.Loader - Result row: EntityKey[edu.ncsu.csc.itrust2.models.persistent.User#patient]
04:51:53.978 [main] DEBUG o.h.engine.internal.TwoPhaseLoad - Resolving associations for [edu.ncsu.csc.itrust2.models.persistent.User#patient]
04:51:53.978 [main] DEBUG o.h.engine.internal.TwoPhaseLoad - Done materializing entity [edu.ncsu.csc.itrust2.models.persistent.User#patient]
04:51:53.978 [main] DEBUG o.h.e.t.internal.TransactionImpl - committing
04:51:53.978 [main] DEBUG o.h.e.i.AbstractFlushingEventListener - Processing flush-time cascades
04:51:53.978 [main] DEBUG o.h.e.i.AbstractFlushingEventListener - Dirty checking collections
04:51:53.978 [main] DEBUG o.h.e.i.AbstractFlushingEventListener - Flushed: 0 insertions, 0 updates, 0 deletions to 1 objects
04:51:53.978 [main] DEBUG o.h.e.i.AbstractFlushingEventListener - Flushed: 0 (re)creations, 0 updates, 0 removals to 0 collections
04:51:53.978 [main] DEBUG o.h.internal.util.EntityPrinter - Listing entities:
04:51:53.978 [main] DEBUG o.h.internal.util.EntityPrinter - edu.ncsu.csc.itrust2.models.persistent.User{password=$2a$10$EblZqNptyYvcLm/VwDCVAuBjzZOI7khzdyGPBr08PpIi0na624b8., role=ROLE_PATIENT, enabled=1, username=patient}
04:51:53.980 [main] DEBUG o.h.e.t.internal.TransactionImpl - begin
04:51:53.981 [main] DEBUG org.hibernate.SQL - select this_.username as username1_15_0_, this_.enabled as enabled2_15_0_, this_.password as password3_15_0_, this_.role as role4_15_0_ from Users this_ where this_.username=? and this_.role=?
Hibernate: select this_.username as username1_15_0_, this_.enabled as enabled2_15_0_, this_.password as password3_15_0_, this_.role as role4_15_0_ from Users this_ where this_.username=? and this_.role=?
04:51:53.982 [main] DEBUG org.hibernate.loader.Loader - Result set row: 0
04:51:53.983 [main] DEBUG org.hibernate.loader.Loader - Result row: EntityKey[edu.ncsu.csc.itrust2.models.persistent.User#hcp]
04:51:53.983 [main] DEBUG o.h.engine.internal.TwoPhaseLoad - Resolving associations for [edu.ncsu.csc.itrust2.models.persistent.User#hcp]
04:51:53.983 [main] DEBUG o.h.engine.internal.TwoPhaseLoad - Done materializing entity [edu.ncsu.csc.itrust2.models.persistent.User#hcp]
04:51:53.984 [main] DEBUG o.h.e.t.internal.TransactionImpl - committing
04:51:53.984 [main] DEBUG o.h.e.i.AbstractFlushingEventListener - Processing flush-time cascades
04:51:53.984 [main] DEBUG o.h.e.i.AbstractFlushingEventListener - Dirty checking collections
04:51:53.984 [main] DEBUG o.h.e.i.AbstractFlushingEventListener - Flushed: 0 insertions, 0 updates, 0 deletions to 1 objects
04:51:53.985 [main] DEBUG o.h.e.i.AbstractFlushingEventListener - Flushed: 0 (re)creations, 0 updates, 0 removals to 0 collections
04:51:53.985 [main] DEBUG o.h.internal.util.EntityPrinter - Listing entities:
04:51:53.985 [main] DEBUG o.h.internal.util.EntityPrinter - edu.ncsu.csc.itrust2.models.persistent.User{password=$2a$10$EblZqNptyYvcLm/VwDCVAuBjzZOI7khzdyGPBr08PpIi0na624b8., role=ROLE_HCP, enabled=1, username=hcp}
04:51:53.988 [main] DEBUG o.h.e.t.internal.TransactionImpl - begin
04:51:53.989 [main] DEBUG org.hibernate.SQL - select this_.username as username1_15_0_, this_.enabled as enabled2_15_0_, this_.password as password3_15_0_, this_.role as role4_15_0_ from Users this_ where this_.username=? and this_.role=?
Hibernate: select this_.username as username1_15_0_, this_.enabled as enabled2_15_0_, this_.password as password3_15_0_, this_.role as role4_15_0_ from Users this_ where this_.username=? and this_.role=?
04:51:53.990 [main] DEBUG org.hibernate.loader.Loader - Result set row: 0
04:51:53.990 [main] DEBUG org.hibernate.loader.Loader - Result row: EntityKey[edu.ncsu.csc.itrust2.models.persistent.User#hcp]
04:51:53.991 [main] DEBUG o.h.engine.internal.TwoPhaseLoad - Resolving associations for [edu.ncsu.csc.itrust2.models.persistent.User#hcp]
04:51:53.992 [main] DEBUG o.h.engine.internal.TwoPhaseLoad - Done materializing entity [edu.ncsu.csc.itrust2.models.persistent.User#hcp]
04:51:53.992 [main] DEBUG o.h.e.t.internal.TransactionImpl - committing
04:51:53.992 [main] DEBUG o.h.e.i.AbstractFlushingEventListener - Processing flush-time cascades
04:51:53.992 [main] DEBUG o.h.e.i.AbstractFlushingEventListener - Dirty checking collections
04:51:53.992 [main] DEBUG o.h.e.i.AbstractFlushingEventListener - Flushed: 0 insertions, 0 updates, 0 deletions to 1 objects
04:51:53.992 [main] DEBUG o.h.e.i.AbstractFlushingEventListener - Flushed: 0 (re)creations, 0 updates, 0 removals to 0 collections
04:51:53.993 [main] DEBUG o.h.internal.util.EntityPrinter - Listing entities:
04:51:53.993 [main] DEBUG o.h.internal.util.EntityPrinter - edu.ncsu.csc.itrust2.models.persistent.User{password=$2a$10$EblZqNptyYvcLm/VwDCVAuBjzZOI7khzdyGPBr08PpIi0na624b8., role=ROLE_HCP, enabled=1, username=hcp}
04:51:53.996 [main] DEBUG o.h.e.t.internal.TransactionImpl - begin
04:51:54.001 [main] DEBUG org.hibernate.SQL - select this_.username as username1_15_0_, this_.enabled as enabled2_15_0_, this_.password as password3_15_0_, this_.role as role4_15_0_ from Users this_ where this_.username=? and this_.role=?
Hibernate: select this_.username as username1_15_0_, this_.enabled as enabled2_15_0_, this_.password as password3_15_0_, this_.role as role4_15_0_ from Users this_ where this_.username=? and this_.role=?
04:51:54.003 [main] DEBUG org.hibernate.loader.Loader - Result set row: 0
04:51:54.004 [main] DEBUG org.hibernate.loader.Loader - Result row: EntityKey[edu.ncsu.csc.itrust2.models.persistent.User#patient]
04:51:54.004 [main] DEBUG o.h.engine.internal.TwoPhaseLoad - Resolving associations for [edu.ncsu.csc.itrust2.models.persistent.User#patient]
04:51:54.004 [main] DEBUG o.h.engine.internal.TwoPhaseLoad - Done materializing entity [edu.ncsu.csc.itrust2.models.persistent.User#patient]
04:51:54.005 [main] DEBUG o.h.e.t.internal.TransactionImpl - committing
04:51:54.005 [main] DEBUG o.h.e.i.AbstractFlushingEventListener - Processing flush-time cascades
04:51:54.005 [main] DEBUG o.h.e.i.AbstractFlushingEventListener - Dirty checking collections
04:51:54.006 [main] DEBUG o.h.e.i.AbstractFlushingEventListener - Flushed: 0 insertions, 0 updates, 0 deletions to 1 objects
04:51:54.006 [main] DEBUG o.h.e.i.AbstractFlushingEventListener - Flushed: 0 (re)creations, 0 updates, 0 removals to 0 collections
04:51:54.006 [main] DEBUG o.h.internal.util.EntityPrinter - Listing entities:
04:51:54.006 [main] DEBUG o.h.internal.util.EntityPrinter - edu.ncsu.csc.itrust2.models.persistent.User{password=$2a$10$EblZqNptyYvcLm/VwDCVAuBjzZOI7khzdyGPBr08PpIi0na624b8., role=ROLE_PATIENT, enabled=1, username=patient}
04:51:54.007 [main] DEBUG o.h.e.t.internal.TransactionImpl - begin
04:51:54.009 [main] DEBUG org.hibernate.SQL - select this_.id as id1_0_2_, this_.comments as comments2_0_2_, this_.date as date3_0_2_, this_.hcp_id as hcp_id6_0_2_, this_.patient_id as patient_7_0_2_, this_.status as status4_0_2_, this_.type as type5_0_2_, user2_.username as username1_15_0_, user2_.enabled as enabled2_15_0_, user2_.password as password3_15_0_, user2_.role as role4_15_0_, user3_.username as username1_15_1_, user3_.enabled as enabled2_15_1_, user3_.password as password3_15_1_, user3_.role as role4_15_1_ from AppointmentRequests this_ inner join Users user2_ on this_.hcp_id=user2_.username inner join Users user3_ on this_.patient_id=user3_.username where this_.hcp_id=? and this_.patient_id=?
Hibernate: select this_.id as id1_0_2_, this_.comments as comments2_0_2_, this_.date as date3_0_2_, this_.hcp_id as hcp_id6_0_2_, this_.patient_id as patient_7_0_2_, this_.status as status4_0_2_, this_.type as type5_0_2_, user2_.username as username1_15_0_, user2_.enabled as enabled2_15_0_, user2_.password as password3_15_0_, user2_.role as role4_15_0_, user3_.username as username1_15_1_, user3_.enabled as enabled2_15_1_, user3_.password as password3_15_1_, user3_.role as role4_15_1_ from AppointmentRequests this_ inner join Users user2_ on this_.hcp_id=user2_.username inner join Users user3_ on this_.patient_id=user3_.username where this_.hcp_id=? and this_.patient_id=?
04:51:54.011 [main] DEBUG org.hibernate.loader.Loader - Result set row: 0
04:51:54.011 [main] DEBUG org.hibernate.loader.Loader - Result row: EntityKey[edu.ncsu.csc.itrust2.models.persistent.User#hcp], EntityKey[edu.ncsu.csc.itrust2.models.persistent.User#patient], EntityKey[edu.ncsu.csc.itrust2.models.persistent.AppointmentRequest#22]
04:51:54.012 [main] DEBUG o.h.engine.internal.TwoPhaseLoad - Resolving associations for [edu.ncsu.csc.itrust2.models.persistent.User#hcp]
04:51:54.012 [main] DEBUG o.h.engine.internal.TwoPhaseLoad - Done materializing entity [edu.ncsu.csc.itrust2.models.persistent.User#hcp]
04:51:54.012 [main] DEBUG o.h.engine.internal.TwoPhaseLoad - Resolving associations for [edu.ncsu.csc.itrust2.models.persistent.User#patient]
04:51:54.012 [main] DEBUG o.h.engine.internal.TwoPhaseLoad - Done materializing entity [edu.ncsu.csc.itrust2.models.persistent.User#patient]
04:51:54.012 [main] DEBUG o.h.engine.internal.TwoPhaseLoad - Resolving associations for [edu.ncsu.csc.itrust2.models.persistent.AppointmentRequest#22]
04:51:54.013 [main] DEBUG o.h.engine.internal.TwoPhaseLoad - Done materializing entity [edu.ncsu.csc.itrust2.models.persistent.AppointmentRequest#22]
04:51:54.013 [main] DEBUG o.h.e.t.internal.TransactionImpl - committing
04:51:54.013 [main] DEBUG o.h.e.i.AbstractFlushingEventListener - Processing flush-time cascades
04:51:54.013 [main] DEBUG o.h.e.i.AbstractFlushingEventListener - Dirty checking collections
04:51:54.013 [main] DEBUG o.h.e.i.AbstractFlushingEventListener - Flushed: 0 insertions, 0 updates, 0 deletions to 3 objects
04:51:54.014 [main] DEBUG o.h.e.i.AbstractFlushingEventListener - Flushed: 0 (re)creations, 0 updates, 0 removals to 0 collections
04:51:54.014 [main] DEBUG o.h.internal.util.EntityPrinter - Listing entities:
04:51:54.014 [main] DEBUG o.h.internal.util.EntityPrinter - edu.ncsu.csc.itrust2.models.persistent.User{password=$2a$10$EblZqNptyYvcLm/VwDCVAuBjzZOI7khzdyGPBr08PpIi0na624b8., role=ROLE_PATIENT, enabled=1, username=patient}
04:51:54.018 [main] DEBUG o.h.internal.util.EntityPrinter - edu.ncsu.csc.itrust2.models.persistent.User{password=$2a$10$EblZqNptyYvcLm/VwDCVAuBjzZOI7khzdyGPBr08PpIi0na624b8., role=ROLE_HCP, enabled=1, username=hcp}
04:51:54.018 [main] DEBUG o.h.internal.util.EntityPrinter - edu.ncsu.csc.itrust2.models.persistent.AppointmentRequest{date=java.util.GregorianCalendar[time=1921294200000,areFieldsSet=true,areAllFieldsSet=true,lenient=true,zone=sun.util.calendar.ZoneInfo[id=&quot;Etc/UTC&quot;,offset=0,dstSavings=0,useDaylight=false,transitions=0,lastRule=null],firstDayOfWeek=1,minimalDaysInFirstWeek=1,ERA=1,YEAR=2030,MONTH=10,WEEK_OF_YEAR=47,WEEK_OF_MONTH=4,DAY_OF_MONTH=19,DAY_OF_YEAR=323,DAY_OF_WEEK=3,DAY_OF_WEEK_IN_MONTH=3,AM_PM=0,HOUR=4,HOUR_OF_DAY=4,MINUTE=50,SECOND=0,MILLISECOND=0,ZONE_OFFSET=0,DST_OFFSET=0], comments=Test appointment please ignore, hcp=edu.ncsu.csc.itrust2.models.persistent.User#hcp, patient=edu.ncsu.csc.itrust2.models.persistent.User#patient, id=22, type=GENERAL_CHECKUP, status=APPROVED}
04:51:54.020 [main] DEBUG o.h.e.t.internal.TransactionImpl - begin
04:51:54.022 [main] DEBUG org.hibernate.SQL - select this_.name as name1_4_0_, this_.address as address2_4_0_, this_.state as state3_4_0_, this_.zip as zip4_4_0_ from Hospitals this_ where this_.name=?
Hibernate: select this_.name as name1_4_0_, this_.address as address2_4_0_, this_.state as state3_4_0_, this_.zip as zip4_4_0_ from Hospitals this_ where this_.name=?
04:51:54.023 [main] DEBUG org.hibernate.loader.Loader - Result set row: 0
04:51:54.023 [main] DEBUG org.hibernate.loader.Loader - Result row: EntityKey[edu.ncsu.csc.itrust2.models.persistent.Hospital#iTrust Test Hospital 2]
04:51:54.023 [main] DEBUG o.h.engine.internal.TwoPhaseLoad - Resolving associations for [edu.ncsu.csc.itrust2.models.persistent.Hospital#iTrust Test Hospital 2]
04:51:54.024 [main] DEBUG o.h.engine.internal.TwoPhaseLoad - Done materializing entity [edu.ncsu.csc.itrust2.models.persistent.Hospital#iTrust Test Hospital 2]
04:51:54.024 [main] DEBUG o.h.e.t.internal.TransactionImpl - committing
04:51:54.024 [main] DEBUG o.h.e.i.AbstractFlushingEventListener - Processing flush-time cascades
04:51:54.024 [main] DEBUG o.h.e.i.AbstractFlushingEventListener - Dirty checking collections
04:51:54.024 [main] DEBUG o.h.e.i.AbstractFlushingEventListener - Flushed: 0 insertions, 0 updates, 0 deletions to 1 objects
04:51:54.025 [main] DEBUG o.h.e.i.AbstractFlushingEventListener - Flushed: 0 (re)creations, 0 updates, 0 removals to 0 collections
04:51:54.025 [main] DEBUG o.h.internal.util.EntityPrinter - Listing entities:
04:51:54.025 [main] DEBUG o.h.internal.util.EntityPrinter - edu.ncsu.csc.itrust2.models.persistent.Hospital{zip=27607, address=1 iTrust Test Street, name=iTrust Test Hospital 2, state=NC}
04:51:54.026 [main] DEBUG o.h.e.t.internal.TransactionImpl - begin
04:51:54.026 [main] DEBUG org.hibernate.SQL - select this_.username as username1_15_0_, this_.enabled as enabled2_15_0_, this_.password as password3_15_0_, this_.role as role4_15_0_ from Users this_ where this_.username=? and this_.role=?
Hibernate: select this_.username as username1_15_0_, this_.enabled as enabled2_15_0_, this_.password as password3_15_0_, this_.role as role4_15_0_ from Users this_ where this_.username=? and this_.role=?
04:51:54.027 [main] DEBUG org.hibernate.loader.Loader - Result set row: 0
04:51:54.027 [main] DEBUG org.hibernate.loader.Loader - Result row: EntityKey[edu.ncsu.csc.itrust2.models.persistent.User#patient]
04:51:54.027 [main] DEBUG o.h.engine.internal.TwoPhaseLoad - Resolving associations for [edu.ncsu.csc.itrust2.models.persistent.User#patient]
04:51:54.027 [main] DEBUG o.h.engine.internal.TwoPhaseLoad - Done materializing entity [edu.ncsu.csc.itrust2.models.persistent.User#patient]
04:51:54.028 [main] DEBUG o.h.e.t.internal.TransactionImpl - committing
04:51:54.028 [main] DEBUG o.h.e.i.AbstractFlushingEventListener - Processing flush-time cascades
04:51:54.028 [main] DEBUG o.h.e.i.AbstractFlushingEventListener - Dirty checking collections
04:51:54.028 [main] DEBUG o.h.e.i.AbstractFlushingEventListener - Flushed: 0 insertions, 0 updates, 0 deletions to 1 objects
04:51:54.028 [main] DEBUG o.h.e.i.AbstractFlushingEventListener - Flushed: 0 (re)creations, 0 updates, 0 removals to 0 collections
04:51:54.028 [main] DEBUG o.h.internal.util.EntityPrinter - Listing entities:
04:51:54.028 [main] DEBUG o.h.internal.util.EntityPrinter - edu.ncsu.csc.itrust2.models.persistent.User{password=$2a$10$EblZqNptyYvcLm/VwDCVAuBjzZOI7khzdyGPBr08PpIi0na624b8., role=ROLE_PATIENT, enabled=1, username=patient}
04:51:54.028 [main] DEBUG o.h.e.t.internal.TransactionImpl - begin
04:51:54.029 [main] DEBUG org.hibernate.SQL - select this_.username as username1_15_0_, this_.enabled as enabled2_15_0_, this_.password as password3_15_0_, this_.role as role4_15_0_ from Users this_ where this_.username=? and this_.role=?
Hibernate: select this_.username as username1_15_0_, this_.enabled as enabled2_15_0_, this_.password as password3_15_0_, this_.role as role4_15_0_ from Users this_ where this_.username=? and this_.role=?
04:51:54.029 [main] DEBUG org.hibernate.loader.Loader - Result set row: 0
04:51:54.030 [main] DEBUG org.hibernate.loader.Loader - Result row: EntityKey[edu.ncsu.csc.itrust2.models.persistent.User#hcp]
04:51:54.030 [main] DEBUG o.h.engine.internal.TwoPhaseLoad - Resolving associations for [edu.ncsu.csc.itrust2.models.persistent.User#hcp]
04:51:54.030 [main] DEBUG o.h.engine.internal.TwoPhaseLoad - Done materializing entity [edu.ncsu.csc.itrust2.models.persistent.User#hcp]
04:51:54.030 [main] DEBUG o.h.e.t.internal.TransactionImpl - committing
04:51:54.030 [main] DEBUG o.h.e.i.AbstractFlushingEventListener - Processing flush-time cascades
04:51:54.030 [main] DEBUG o.h.e.i.AbstractFlushingEventListener - Dirty checking collections
04:51:54.030 [main] DEBUG o.h.e.i.AbstractFlushingEventListener - Flushed: 0 insertions, 0 updates, 0 deletions to 1 objects
04:51:54.030 [main] DEBUG o.h.e.i.AbstractFlushingEventListener - Flushed: 0 (re)creations, 0 updates, 0 removals to 0 collections
04:51:54.030 [main] DEBUG o.h.internal.util.EntityPrinter - Listing entities:
04:51:54.030 [main] DEBUG o.h.internal.util.EntityPrinter - edu.ncsu.csc.itrust2.models.persistent.User{password=$2a$10$EblZqNptyYvcLm/VwDCVAuBjzZOI7khzdyGPBr08PpIi0na624b8., role=ROLE_HCP, enabled=1, username=hcp}
04:51:54.041 [main] DEBUG o.s.w.s.m.m.a.HttpEntityMethodProcessor - Written [{&quot;status&quot;:&quot;failed&quot;,&quot;message&quot;:&quot;Could not validate or save the OfficeVisit provided due to null&quot;}] as &quot;text/plain&quot; using [org.springframework.http.converter.StringHttpMessageConverter@6b0d781d]
04:51:54.041 [main] DEBUG o.s.t.w.s.TestDispatcherServlet - Null ModelAndView returned to DispatcherServlet with name &apos;&apos;: assuming HandlerAdapter completed request handling
04:51:54.041 [main] DEBUG o.s.t.w.s.TestDispatcherServlet - Successfully completed request
04:51:54.042 [main] DEBUG o.s.t.c.s.AbstractDirtiesContextTestExecutionListener - After test method: context [DefaultTestContext@584bb9f9 testClass = APIOfficeVisitTest, testInstance = edu.ncsu.csc.itrust2.apitest.APIOfficeVisitTest@303b4420, testMethod = testPreScheduledOfficeVisit@APIOfficeVisitTest, testException = java.lang.AssertionError: Status expected:&lt;200&gt; but was:&lt;400&gt;, mergedContextConfiguration = [WebMergedContextConfiguration@741f8c5c testClass = APIOfficeVisitTest, locations = &apos;{}&apos;, classes = &apos;{class edu.ncsu.csc.itrust2.config.RootConfiguration, class edu.ncsu.csc.itrust2.mvc.config.WebMvcConfiguration}&apos;, contextInitializerClasses = &apos;[]&apos;, activeProfiles = &apos;{}&apos;, propertySourceLocations = &apos;{}&apos;, propertySourceProperties = &apos;{}&apos;, contextCustomizers = set[[empty]], resourceBasePath = &apos;src/main/webapp&apos;, contextLoader = &apos;org.springframework.test.context.web.WebDelegatingSmartContextLoader&apos;, parent = [null]]], class annotated with @DirtiesContext [false] with mode [null], method annotated with @DirtiesContext [false] with mode [null].
04:51:54.042 [main] DEBUG o.s.t.c.w.ServletTestExecutionListener - Resetting RequestContextHolder for test context [DefaultTestContext@584bb9f9 testClass = APIOfficeVisitTest, testInstance = edu.ncsu.csc.itrust2.apitest.APIOfficeVisitTest@303b4420, testMethod = testPreScheduledOfficeVisit@APIOfficeVisitTest, testException = java.lang.AssertionError: Status expected:&lt;200&gt; but was:&lt;400&gt;, mergedContextConfiguration = [WebMergedContextConfiguration@741f8c5c testClass = APIOfficeVisitTest, locations = &apos;{}&apos;, classes = &apos;{class edu.ncsu.csc.itrust2.config.RootConfiguration, class edu.ncsu.csc.itrust2.mvc.config.WebMvcConfiguration}&apos;, contextInitializerClasses = &apos;[]&apos;, activeProfiles = &apos;{}&apos;, propertySourceLocations = &apos;{}&apos;, propertySourceProperties = &apos;{}&apos;, contextCustomizers = set[[empty]], resourceBasePath = &apos;src/main/webapp&apos;, contextLoader = &apos;org.springframework.test.context.web.WebDelegatingSmartContextLoader&apos;, parent = [null]]].
</stdout>
          <stderr>java.lang.NullPointerException
	at edu.ncsu.csc.itrust2.models.persistent.BasicHealthMetrics.setDiastolic(BasicHealthMetrics.java:389)
	at edu.ncsu.csc.itrust2.models.persistent.BasicHealthMetrics.&lt;init&gt;(BasicHealthMetrics.java:149)
	at edu.ncsu.csc.itrust2.models.persistent.OfficeVisit.&lt;init&gt;(OfficeVisit.java:201)
	at edu.ncsu.csc.itrust2.controllers.api.APIOfficeVisitController.createOfficeVisit(APIOfficeVisitController.java:107)
	at edu.ncsu.csc.itrust2.controllers.api.APIOfficeVisitController$$FastClassBySpringCGLIB$$3e0f2ac1.invoke(&lt;generated&gt;)
	at org.springframework.cglib.proxy.MethodProxy.invoke(MethodProxy.java:204)
	at org.springframework.aop.framework.CglibAopProxy$DynamicAdvisedInterceptor.intercept(CglibAopProxy.java:652)
	at edu.ncsu.csc.itrust2.controllers.api.APIOfficeVisitController$$EnhancerBySpringCGLIB$$e0577e35.createOfficeVisit(&lt;generated&gt;)
	at sun.reflect.NativeMethodAccessorImpl.invoke0(Native Method)
	at sun.reflect.NativeMethodAccessorImpl.invoke(NativeMethodAccessorImpl.java:62)
	at sun.reflect.DelegatingMethodAccessorImpl.invoke(DelegatingMethodAccessorImpl.java:43)
	at java.lang.reflect.Method.invoke(Method.java:498)
	at org.springframework.web.method.support.InvocableHandlerMethod.doInvoke(InvocableHandlerMethod.java:220)
	at org.springframework.web.method.support.InvocableHandlerMethod.invokeForRequest(InvocableHandlerMethod.java:134)
	at org.springframework.web.servlet.mvc.method.annotation.ServletInvocableHandlerMethod.invokeAndHandle(ServletInvocableHandlerMethod.java:116)
	at org.springframework.web.servlet.mvc.method.annotation.RequestMappingHandlerAdapter.invokeHandlerMethod(RequestMappingHandlerAdapter.java:827)
	at org.springframework.web.servlet.mvc.method.annotation.RequestMappingHandlerAdapter.handleInternal(RequestMappingHandlerAdapter.java:738)
	at org.springframework.web.servlet.mvc.method.AbstractHandlerMethodAdapter.handle(AbstractHandlerMethodAdapter.java:85)
	at org.springframework.web.servlet.DispatcherServlet.doDispatch(DispatcherServlet.java:963)
	at org.springframework.web.servlet.DispatcherServlet.doService(DispatcherServlet.java:897)
	at org.springframework.web.servlet.FrameworkServlet.processRequest(FrameworkServlet.java:970)
	at org.springframework.web.servlet.FrameworkServlet.doPost(FrameworkServlet.java:872)
	at javax.servlet.http.HttpServlet.service(HttpServlet.java:688)
	at org.springframework.web.servlet.FrameworkServlet.service(FrameworkServlet.java:846)
	at org.springframework.test.web.servlet.TestDispatcherServlet.service(TestDispatcherServlet.java:65)
	at javax.servlet.http.HttpServlet.service(HttpServlet.java:770)
	at org.springframework.mock.web.MockFilterChain$ServletFilterProxy.doFilter(MockFilterChain.java:167)
	at org.springframework.mock.web.MockFilterChain.doFilter(MockFilterChain.java:134)
	at org.springframework.test.web.servlet.MockMvc.perform(MockMvc.java:155)
	at edu.ncsu.csc.itrust2.apitest.APIOfficeVisitTest.testPreScheduledOfficeVisit(APIOfficeVisitTest.java:142)
	at sun.reflect.NativeMethodAccessorImpl.invoke0(Native Method)
	at sun.reflect.NativeMethodAccessorImpl.invoke(NativeMethodAccessorImpl.java:62)
	at sun.reflect.DelegatingMethodAccessorImpl.invoke(DelegatingMethodAccessorImpl.java:43)
	at java.lang.reflect.Method.invoke(Method.java:498)
	at org.junit.runners.model.FrameworkMethod$1.runReflectiveCall(FrameworkMethod.java:50)
	at org.junit.internal.runners.model.ReflectiveCallable.run(ReflectiveCallable.java:12)
	at org.junit.runners.model.FrameworkMethod.invokeExplosively(FrameworkMethod.java:47)
	at org.junit.internal.runners.statements.InvokeMethod.evaluate(InvokeMethod.java:17)
	at org.junit.internal.runners.statements.RunBefores.evaluate(RunBefores.java:26)
	at org.springframework.test.context.junit4.statements.RunBeforeTestMethodCallbacks.evaluate(RunBeforeTestMethodCallbacks.java:75)
	at org.springframework.test.context.junit4.statements.RunAfterTestMethodCallbacks.evaluate(RunAfterTestMethodCallbacks.java:86)
	at org.springframework.test.context.junit4.statements.SpringRepeat.evaluate(SpringRepeat.java:84)
	at org.junit.runners.ParentRunner.runLeaf(ParentRunner.java:325)
	at org.springframework.test.context.junit4.SpringJUnit4ClassRunner.runChild(SpringJUnit4ClassRunner.java:252)
	at org.springframework.test.context.junit4.SpringJUnit4ClassRunner.runChild(SpringJUnit4ClassRunner.java:94)
	at org.junit.runners.ParentRunner$3.run(ParentRunner.java:290)
	at org.junit.runners.ParentRunner$1.schedule(ParentRunner.java:71)
	at org.junit.runners.ParentRunner.runChildren(ParentRunner.java:288)
	at org.junit.runners.ParentRunner.access$000(ParentRunner.java:58)
	at org.junit.runners.ParentRunner$2.evaluate(ParentRunner.java:268)
	at org.springframework.test.context.junit4.statements.RunBeforeTestClassCallbacks.evaluate(RunBeforeTestClassCallbacks.java:61)
	at org.springframework.test.context.junit4.statements.RunAfterTestClassCallbacks.evaluate(RunAfterTestClassCallbacks.java:70)
	at org.junit.runners.ParentRunner.run(ParentRunner.java:363)
	at org.springframework.test.context.junit4.SpringJUnit4ClassRunner.run(SpringJUnit4ClassRunner.java:191)
	at org.apache.maven.surefire.junit4.JUnit4Provider.execute(JUnit4Provider.java:365)
	at org.apache.maven.surefire.junit4.JUnit4Provider.executeWithRerun(JUnit4Provider.java:272)
	at org.apache.maven.surefire.junit4.JUnit4Provider.executeTestSet(JUnit4Provider.java:236)
	at org.apache.maven.surefire.junit4.JUnit4Provider.invoke(JUnit4Provider.java:159)
	at org.apache.maven.surefire.booter.ForkedBooter.invokeProviderInSameClassLoader(ForkedBooter.java:386)
	at org.apache.maven.surefire.booter.ForkedBooter.runSuitesInProcess(ForkedBooter.java:323)
	at org.apache.maven.surefire.booter.ForkedBooter.main(ForkedBooter.java:143)
</stderr>
          <failedSince>5</failedSince>
        </case>
      </cases>
    </suite>
    <suite>
      <file>/var/lib/jenkins/workspace/iTrust-Fuzz-Job/iTrust2-v2/iTrust/iTrust2/target/surefire-reports/TEST-edu.ncsu.csc.itrust2.apitest.APIPasswordTest.xml</file>
      <name>edu.ncsu.csc.itrust2.apitest.APIPasswordTest</name>
      <duration>0.01</duration>
      <time>0.01</time>
      <enclosingBlocks/>
      <enclosingBlockNames/>
      <cases>
        <case>
          <duration>0.003</duration>
          <className>edu.ncsu.csc.itrust2.apitest.APIPasswordTest</className>
          <testName>testRequestReset</testName>
          <skipped>false</skipped>
          <failedSince>0</failedSince>
        </case>
        <case>
          <duration>0.001</duration>
          <className>edu.ncsu.csc.itrust2.apitest.APIPasswordTest</className>
          <testName>testInvalidPasswordChanges</testName>
          <skipped>false</skipped>
          <failedSince>0</failedSince>
        </case>
        <case>
          <duration>0.004</duration>
          <className>edu.ncsu.csc.itrust2.apitest.APIPasswordTest</className>
          <testName>testValidPasswordChanges</testName>
          <skipped>false</skipped>
          <failedSince>0</failedSince>
        </case>
      </cases>
    </suite>
    <suite>
      <file>/var/lib/jenkins/workspace/iTrust-Fuzz-Job/iTrust2-v2/iTrust/iTrust2/target/surefire-reports/TEST-edu.ncsu.csc.itrust2.apitest.APIPatientTest.xml</file>
      <name>edu.ncsu.csc.itrust2.apitest.APIPatientTest</name>
      <duration>0.047</duration>
      <time>0.047</time>
      <enclosingBlocks/>
      <enclosingBlockNames/>
      <cases>
        <case>
          <duration>0.005</duration>
          <className>edu.ncsu.csc.itrust2.apitest.APIPatientTest</className>
          <testName>testGetNonExistentPatient</testName>
          <skipped>false</skipped>
          <failedSince>0</failedSince>
        </case>
        <case>
          <duration>0.022</duration>
          <className>edu.ncsu.csc.itrust2.apitest.APIPatientTest</className>
          <testName>testPatientAPI</testName>
          <skipped>false</skipped>
          <failedSince>0</failedSince>
        </case>
        <case>
          <duration>0.007</duration>
          <className>edu.ncsu.csc.itrust2.apitest.APIPatientTest</className>
          <testName>testPatientAsPatient</testName>
          <skipped>false</skipped>
          <failedSince>0</failedSince>
        </case>
        <case>
          <duration>0.005</duration>
          <className>edu.ncsu.csc.itrust2.apitest.APIPatientTest</className>
          <testName>testPatientUnauthenticated</testName>
          <skipped>false</skipped>
          <failedSince>0</failedSince>
        </case>
      </cases>
    </suite>
    <suite>
      <file>/var/lib/jenkins/workspace/iTrust-Fuzz-Job/iTrust2-v2/iTrust/iTrust2/target/surefire-reports/TEST-edu.ncsu.csc.itrust2.apitest.APIPersonnelTest.xml</file>
      <name>edu.ncsu.csc.itrust2.apitest.APIPersonnelTest</name>
      <duration>11.79</duration>
      <time>11.79</time>
      <enclosingBlocks/>
      <enclosingBlockNames/>
      <cases>
        <case>
          <duration>5.445</duration>
          <className>edu.ncsu.csc.itrust2.apitest.APIPersonnelTest</className>
          <testName>testGetNonExistentPersonnel</testName>
          <skipped>false</skipped>
          <errorStackTrace>java.lang.AssertionError: Status expected:&lt;404&gt; but was:&lt;200&gt;
	at edu.ncsu.csc.itrust2.apitest.APIPersonnelTest.testGetNonExistentPersonnel(APIPersonnelTest.java:61)
</errorStackTrace>
          <errorDetails>Status expected:&lt;404&gt; but was:&lt;200&gt;</errorDetails>
          <stdout>04:51:39.654 [main] DEBUG o.s.t.c.j.SpringJUnit4ClassRunner - SpringJUnit4ClassRunner constructor called with [class edu.ncsu.csc.itrust2.apitest.APIPersonnelTest]
04:51:39.665 [main] DEBUG o.s.test.context.BootstrapUtils - Instantiating CacheAwareContextLoaderDelegate from class [org.springframework.test.context.cache.DefaultCacheAwareContextLoaderDelegate]
04:51:39.687 [main] DEBUG o.s.test.context.BootstrapUtils - Instantiating BootstrapContext using constructor [public org.springframework.test.context.support.DefaultBootstrapContext(java.lang.Class,org.springframework.test.context.CacheAwareContextLoaderDelegate)]
04:51:39.740 [main] DEBUG o.s.test.context.BootstrapUtils - Instantiating TestContextBootstrapper for test class [edu.ncsu.csc.itrust2.apitest.APIPersonnelTest] from class [org.springframework.test.context.web.WebTestContextBootstrapper]
04:51:39.816 [main] DEBUG o.s.t.c.s.AbstractDelegatingSmartContextLoader - Delegating to AnnotationConfigWebContextLoader to process context configuration [ContextConfigurationAttributes@34819867 declaringClass = &apos;edu.ncsu.csc.itrust2.apitest.APIPersonnelTest&apos;, classes = &apos;{class edu.ncsu.csc.itrust2.config.RootConfiguration, class edu.ncsu.csc.itrust2.mvc.config.WebMvcConfiguration}&apos;, locations = &apos;{}&apos;, inheritLocations = true, initializers = &apos;{}&apos;, inheritInitializers = true, name = [null], contextLoaderClass = &apos;org.springframework.test.context.ContextLoader&apos;].
04:51:39.857 [main] DEBUG o.s.t.c.support.ActiveProfilesUtils - Could not find an &apos;annotation declaring class&apos; for annotation type [org.springframework.test.context.ActiveProfiles] and class [edu.ncsu.csc.itrust2.apitest.APIPersonnelTest]
04:51:39.859 [main] DEBUG o.s.t.c.w.WebTestContextBootstrapper - @TestExecutionListeners is not present for class [edu.ncsu.csc.itrust2.apitest.APIPersonnelTest]: using defaults.
04:51:39.864 [main] INFO  o.s.t.c.w.WebTestContextBootstrapper - Loaded default TestExecutionListener class names from location [META-INF/spring.factories]: [org.springframework.security.test.context.support.WithSecurityContextTestExecutionListener, org.springframework.test.context.web.ServletTestExecutionListener, org.springframework.test.context.support.DirtiesContextBeforeModesTestExecutionListener, org.springframework.test.context.support.DependencyInjectionTestExecutionListener, org.springframework.test.context.support.DirtiesContextTestExecutionListener, org.springframework.test.context.transaction.TransactionalTestExecutionListener, org.springframework.test.context.jdbc.SqlScriptsTestExecutionListener]
04:51:39.905 [main] INFO  o.s.t.c.w.WebTestContextBootstrapper - Using TestExecutionListeners: [org.springframework.test.context.web.ServletTestExecutionListener@4d3ca6c7, org.springframework.test.context.support.DirtiesContextBeforeModesTestExecutionListener@22e5f96e, org.springframework.test.context.support.DependencyInjectionTestExecutionListener@6a638c79, org.springframework.test.context.support.DirtiesContextTestExecutionListener@6c931d35, org.springframework.test.context.transaction.TransactionalTestExecutionListener@44b194fe, org.springframework.test.context.jdbc.SqlScriptsTestExecutionListener@49122b8f, org.springframework.security.test.context.support.WithSecurityContextTestExecutionListener@3fe46690]
04:51:39.915 [main] DEBUG o.s.t.annotation.ProfileValueUtils - Retrieved @ProfileValueSourceConfiguration [null] for test class [edu.ncsu.csc.itrust2.apitest.APIPersonnelTest]
04:51:39.916 [main] DEBUG o.s.t.annotation.ProfileValueUtils - Retrieved ProfileValueSource type [class org.springframework.test.annotation.SystemProfileValueSource] for class [edu.ncsu.csc.itrust2.apitest.APIPersonnelTest]
04:51:39.917 [main] DEBUG o.s.t.annotation.ProfileValueUtils - Retrieved @ProfileValueSourceConfiguration [null] for test class [edu.ncsu.csc.itrust2.apitest.APIPersonnelTest]
04:51:39.917 [main] DEBUG o.s.t.annotation.ProfileValueUtils - Retrieved ProfileValueSource type [class org.springframework.test.annotation.SystemProfileValueSource] for class [edu.ncsu.csc.itrust2.apitest.APIPersonnelTest]
04:51:39.920 [main] DEBUG o.s.t.annotation.ProfileValueUtils - Retrieved @ProfileValueSourceConfiguration [null] for test class [edu.ncsu.csc.itrust2.apitest.APIPersonnelTest]
04:51:39.921 [main] DEBUG o.s.t.annotation.ProfileValueUtils - Retrieved ProfileValueSource type [class org.springframework.test.annotation.SystemProfileValueSource] for class [edu.ncsu.csc.itrust2.apitest.APIPersonnelTest]
04:51:39.925 [main] DEBUG o.s.t.c.s.AbstractDirtiesContextTestExecutionListener - Before test class: context [DefaultTestContext@4f66ffc8 testClass = APIPersonnelTest, testInstance = [null], testMethod = [null], testException = [null], mergedContextConfiguration = [WebMergedContextConfiguration@124ac145 testClass = APIPersonnelTest, locations = &apos;{}&apos;, classes = &apos;{class edu.ncsu.csc.itrust2.config.RootConfiguration, class edu.ncsu.csc.itrust2.mvc.config.WebMvcConfiguration}&apos;, contextInitializerClasses = &apos;[]&apos;, activeProfiles = &apos;{}&apos;, propertySourceLocations = &apos;{}&apos;, propertySourceProperties = &apos;{}&apos;, contextCustomizers = set[[empty]], resourceBasePath = &apos;src/main/webapp&apos;, contextLoader = &apos;org.springframework.test.context.web.WebDelegatingSmartContextLoader&apos;, parent = [null]]], class annotated with @DirtiesContext [false] with mode [null].
04:51:39.929 [main] DEBUG o.s.t.annotation.ProfileValueUtils - Retrieved @ProfileValueSourceConfiguration [null] for test class [edu.ncsu.csc.itrust2.apitest.APIPersonnelTest]
04:51:39.930 [main] DEBUG o.s.t.annotation.ProfileValueUtils - Retrieved ProfileValueSource type [class org.springframework.test.annotation.SystemProfileValueSource] for class [edu.ncsu.csc.itrust2.apitest.APIPersonnelTest]
04:51:39.933 [main] DEBUG o.s.t.c.s.AbstractDelegatingSmartContextLoader - Delegating to AnnotationConfigWebContextLoader to load context from [WebMergedContextConfiguration@124ac145 testClass = APIPersonnelTest, locations = &apos;{}&apos;, classes = &apos;{class edu.ncsu.csc.itrust2.config.RootConfiguration, class edu.ncsu.csc.itrust2.mvc.config.WebMvcConfiguration}&apos;, contextInitializerClasses = &apos;[]&apos;, activeProfiles = &apos;{}&apos;, propertySourceLocations = &apos;{}&apos;, propertySourceProperties = &apos;{}&apos;, contextCustomizers = set[[empty]], resourceBasePath = &apos;src/main/webapp&apos;, contextLoader = &apos;org.springframework.test.context.web.WebDelegatingSmartContextLoader&apos;, parent = [null]].
04:51:39.934 [main] DEBUG o.s.t.c.w.AbstractGenericWebContextLoader - Loading WebApplicationContext for merged context configuration [WebMergedContextConfiguration@124ac145 testClass = APIPersonnelTest, locations = &apos;{}&apos;, classes = &apos;{class edu.ncsu.csc.itrust2.config.RootConfiguration, class edu.ncsu.csc.itrust2.mvc.config.WebMvcConfiguration}&apos;, contextInitializerClasses = &apos;[]&apos;, activeProfiles = &apos;{}&apos;, propertySourceLocations = &apos;{}&apos;, propertySourceProperties = &apos;{}&apos;, contextCustomizers = set[[empty]], resourceBasePath = &apos;src/main/webapp&apos;, contextLoader = &apos;org.springframework.test.context.web.WebDelegatingSmartContextLoader&apos;, parent = [null]].
04:51:40.065 [main] DEBUG o.s.w.c.s.StandardServletEnvironment - Adding [servletConfigInitParams] PropertySource with lowest search precedence
04:51:40.065 [main] DEBUG o.s.w.c.s.StandardServletEnvironment - Adding [servletContextInitParams] PropertySource with lowest search precedence
04:51:40.069 [main] DEBUG o.s.w.c.s.StandardServletEnvironment - Adding [systemProperties] PropertySource with lowest search precedence
04:51:40.071 [main] DEBUG o.s.w.c.s.StandardServletEnvironment - Adding [systemEnvironment] PropertySource with lowest search precedence
04:51:40.072 [main] DEBUG o.s.w.c.s.StandardServletEnvironment - Initialized StandardServletEnvironment with PropertySources [servletConfigInitParams,servletContextInitParams,systemProperties,systemEnvironment]
04:51:40.073 [main] DEBUG o.s.t.c.w.AnnotationConfigWebContextLoader - Registering annotated classes: {class edu.ncsu.csc.itrust2.config.RootConfiguration, class edu.ncsu.csc.itrust2.mvc.config.WebMvcConfiguration}
04:51:40.190 [main] INFO  o.s.w.c.s.GenericWebApplicationContext - Refreshing org.springframework.web.context.support.GenericWebApplicationContext@37df14d1: startup date [Tue Mar 20 04:51:40 UTC 2018]; root of context hierarchy
04:51:40.197 [main] DEBUG o.s.w.c.s.StandardServletEnvironment - Replacing [servletContextInitParams] PropertySource with [servletContextInitParams]
04:51:40.198 [main] DEBUG o.s.w.c.s.GenericWebApplicationContext - Bean factory for org.springframework.web.context.support.GenericWebApplicationContext@37df14d1: org.springframework.beans.factory.support.DefaultListableBeanFactory@58687fb7: defining beans [org.springframework.context.annotation.internalConfigurationAnnotationProcessor,org.springframework.context.annotation.internalAutowiredAnnotationProcessor,org.springframework.context.annotation.internalRequiredAnnotationProcessor,org.springframework.context.annotation.internalCommonAnnotationProcessor,org.springframework.context.annotation.internalPersistenceAnnotationProcessor,org.springframework.context.event.internalEventListenerProcessor,org.springframework.context.event.internalEventListenerFactory,rootConfiguration,webMvcConfiguration]; root of factory hierarchy
04:51:40.220 [main] DEBUG o.s.b.f.s.DefaultListableBeanFactory - Registering scope &apos;request&apos; with implementation [org.springframework.web.context.request.RequestScope@b1b471]
04:51:40.223 [main] DEBUG o.s.b.f.s.DefaultListableBeanFactory - Registering scope &apos;session&apos; with implementation [org.springframework.web.context.request.SessionScope@1fb2eec]
04:51:40.223 [main] DEBUG o.s.b.f.s.DefaultListableBeanFactory - Registering scope &apos;globalSession&apos; with implementation [org.springframework.web.context.request.SessionScope@4c18516]
04:51:40.226 [main] DEBUG o.s.b.f.s.DefaultListableBeanFactory - Registering scope &apos;application&apos; with implementation [org.springframework.web.context.support.ServletContextScope@6b2fdffc]
04:51:40.243 [main] DEBUG o.s.b.f.s.DefaultListableBeanFactory - Creating shared instance of singleton bean &apos;org.springframework.context.annotation.internalConfigurationAnnotationProcessor&apos;
04:51:40.244 [main] DEBUG o.s.b.f.s.DefaultListableBeanFactory - Creating instance of bean &apos;org.springframework.context.annotation.internalConfigurationAnnotationProcessor&apos;
04:51:40.286 [main] DEBUG o.s.b.f.s.DefaultListableBeanFactory - Eagerly caching bean &apos;org.springframework.context.annotation.internalConfigurationAnnotationProcessor&apos; to allow for resolving potential circular references
04:51:40.290 [main] DEBUG o.s.b.f.s.DefaultListableBeanFactory - Finished creating instance of bean &apos;org.springframework.context.annotation.internalConfigurationAnnotationProcessor&apos;
04:51:40.342 [main] DEBUG o.s.core.env.StandardEnvironment - Adding [systemProperties] PropertySource with lowest search precedence
04:51:40.342 [main] DEBUG o.s.core.env.StandardEnvironment - Adding [systemEnvironment] PropertySource with lowest search precedence
04:51:40.343 [main] DEBUG o.s.core.env.StandardEnvironment - Initialized StandardEnvironment with PropertySources [systemProperties,systemEnvironment]
04:51:40.352 [main] DEBUG o.s.c.i.s.PathMatchingResourcePatternResolver - Resolved classpath location [edu/ncsu/csc/itrust2/config/] to resources [URL [file:/var/lib/jenkins/workspace/iTrust-Fuzz-Job/iTrust2-v2/iTrust/iTrust2/target/classes/edu/ncsu/csc/itrust2/config/]]
04:51:40.355 [main] DEBUG o.s.c.i.s.PathMatchingResourcePatternResolver - Looking for matching resources in directory tree [/var/lib/jenkins/workspace/iTrust-Fuzz-Job/iTrust2-v2/iTrust/iTrust2/target/classes/edu/ncsu/csc/itrust2/config]
04:51:40.356 [main] DEBUG o.s.c.i.s.PathMatchingResourcePatternResolver - Searching directory [/var/lib/jenkins/workspace/iTrust-Fuzz-Job/iTrust2-v2/iTrust/iTrust2/target/classes/edu/ncsu/csc/itrust2/config] for files matching pattern [/var/lib/jenkins/workspace/iTrust-Fuzz-Job/iTrust2-v2/iTrust/iTrust2/target/classes/edu/ncsu/csc/itrust2/config/**/*.class]
04:51:40.366 [main] DEBUG o.s.c.i.s.PathMatchingResourcePatternResolver - Resolved location pattern [classpath*:edu/ncsu/csc/itrust2/config/**/*.class] to resources [file [/var/lib/jenkins/workspace/iTrust-Fuzz-Job/iTrust2-v2/iTrust/iTrust2/target/classes/edu/ncsu/csc/itrust2/config/ContextListener.class], file [/var/lib/jenkins/workspace/iTrust-Fuzz-Job/iTrust2-v2/iTrust/iTrust2/target/classes/edu/ncsu/csc/itrust2/config/DataConfiguration.class], file [/var/lib/jenkins/workspace/iTrust-Fuzz-Job/iTrust2-v2/iTrust/iTrust2/target/classes/edu/ncsu/csc/itrust2/config/FailureHandler.class], file [/var/lib/jenkins/workspace/iTrust-Fuzz-Job/iTrust2-v2/iTrust/iTrust2/target/classes/edu/ncsu/csc/itrust2/config/IPFilter.class], file [/var/lib/jenkins/workspace/iTrust-Fuzz-Job/iTrust2-v2/iTrust/iTrust2/target/classes/edu/ncsu/csc/itrust2/config/ITrust2ApplicationInitializer.class], file [/var/lib/jenkins/workspace/iTrust-Fuzz-Job/iTrust2-v2/iTrust/iTrust2/target/classes/edu/ncsu/csc/itrust2/config/ITrust2WebApplicationInitializer.class], file [/var/lib/jenkins/workspace/iTrust-Fuzz-Job/iTrust2-v2/iTrust/iTrust2/target/classes/edu/ncsu/csc/itrust2/config/LoginAuditingListener.class], file [/var/lib/jenkins/workspace/iTrust-Fuzz-Job/iTrust2-v2/iTrust/iTrust2/target/classes/edu/ncsu/csc/itrust2/config/RootConfiguration.class], file [/var/lib/jenkins/workspace/iTrust-Fuzz-Job/iTrust2-v2/iTrust/iTrust2/target/classes/edu/ncsu/csc/itrust2/config/SecurityConfig.class]]
04:51:40.422 [main] DEBUG o.s.c.a.ClassPathBeanDefinitionScanner - Identified candidate component class: file [/var/lib/jenkins/workspace/iTrust-Fuzz-Job/iTrust2-v2/iTrust/iTrust2/target/classes/edu/ncsu/csc/itrust2/config/DataConfiguration.class]
04:51:40.430 [main] DEBUG o.s.c.a.ClassPathBeanDefinitionScanner - Identified candidate component class: file [/var/lib/jenkins/workspace/iTrust-Fuzz-Job/iTrust2-v2/iTrust/iTrust2/target/classes/edu/ncsu/csc/itrust2/config/LoginAuditingListener.class]
04:51:40.440 [main] DEBUG o.s.c.a.ClassPathBeanDefinitionScanner - Identified candidate component class: file [/var/lib/jenkins/workspace/iTrust-Fuzz-Job/iTrust2-v2/iTrust/iTrust2/target/classes/edu/ncsu/csc/itrust2/config/SecurityConfig.class]
04:51:40.550 [main] DEBUG o.s.core.env.StandardEnvironment - Adding [systemProperties] PropertySource with lowest search precedence
04:51:40.551 [main] DEBUG o.s.core.env.StandardEnvironment - Adding [systemEnvironment] PropertySource with lowest search precedence
04:51:40.553 [main] DEBUG o.s.core.env.StandardEnvironment - Initialized StandardEnvironment with PropertySources [systemProperties,systemEnvironment]
04:51:40.555 [main] DEBUG o.s.c.i.s.PathMatchingResourcePatternResolver - Resolved classpath location [edu/ncsu/csc/itrust2/controllers/] to resources [URL [file:/var/lib/jenkins/workspace/iTrust-Fuzz-Job/iTrust2-v2/iTrust/iTrust2/target/classes/edu/ncsu/csc/itrust2/controllers/]]
04:51:40.556 [main] DEBUG o.s.c.i.s.PathMatchingResourcePatternResolver - Looking for matching resources in directory tree [/var/lib/jenkins/workspace/iTrust-Fuzz-Job/iTrust2-v2/iTrust/iTrust2/target/classes/edu/ncsu/csc/itrust2/controllers]
04:51:40.556 [main] DEBUG o.s.c.i.s.PathMatchingResourcePatternResolver - Searching directory [/var/lib/jenkins/workspace/iTrust-Fuzz-Job/iTrust2-v2/iTrust/iTrust2/target/classes/edu/ncsu/csc/itrust2/controllers] for files matching pattern [/var/lib/jenkins/workspace/iTrust-Fuzz-Job/iTrust2-v2/iTrust/iTrust2/target/classes/edu/ncsu/csc/itrust2/controllers/**/*.class]
04:51:40.560 [main] DEBUG o.s.c.i.s.PathMatchingResourcePatternResolver - Searching directory [/var/lib/jenkins/workspace/iTrust-Fuzz-Job/iTrust2-v2/iTrust/iTrust2/target/classes/edu/ncsu/csc/itrust2/controllers/admin] for files matching pattern [/var/lib/jenkins/workspace/iTrust-Fuzz-Job/iTrust2-v2/iTrust/iTrust2/target/classes/edu/ncsu/csc/itrust2/controllers/**/*.class]
04:51:40.561 [main] DEBUG o.s.c.i.s.PathMatchingResourcePatternResolver - Searching directory [/var/lib/jenkins/workspace/iTrust-Fuzz-Job/iTrust2-v2/iTrust/iTrust2/target/classes/edu/ncsu/csc/itrust2/controllers/api] for files matching pattern [/var/lib/jenkins/workspace/iTrust-Fuzz-Job/iTrust2-v2/iTrust/iTrust2/target/classes/edu/ncsu/csc/itrust2/controllers/**/*.class]
04:51:40.568 [main] DEBUG o.s.c.i.s.PathMatchingResourcePatternResolver - Searching directory [/var/lib/jenkins/workspace/iTrust-Fuzz-Job/iTrust2-v2/iTrust/iTrust2/target/classes/edu/ncsu/csc/itrust2/controllers/api/comm] for files matching pattern [/var/lib/jenkins/workspace/iTrust-Fuzz-Job/iTrust2-v2/iTrust/iTrust2/target/classes/edu/ncsu/csc/itrust2/controllers/**/*.class]
04:51:40.569 [main] DEBUG o.s.c.i.s.PathMatchingResourcePatternResolver - Searching directory [/var/lib/jenkins/workspace/iTrust-Fuzz-Job/iTrust2-v2/iTrust/iTrust2/target/classes/edu/ncsu/csc/itrust2/controllers/hcp] for files matching pattern [/var/lib/jenkins/workspace/iTrust-Fuzz-Job/iTrust2-v2/iTrust/iTrust2/target/classes/edu/ncsu/csc/itrust2/controllers/**/*.class]
04:51:40.575 [main] DEBUG o.s.c.i.s.PathMatchingResourcePatternResolver - Searching directory [/var/lib/jenkins/workspace/iTrust-Fuzz-Job/iTrust2-v2/iTrust/iTrust2/target/classes/edu/ncsu/csc/itrust2/controllers/patient] for files matching pattern [/var/lib/jenkins/workspace/iTrust-Fuzz-Job/iTrust2-v2/iTrust/iTrust2/target/classes/edu/ncsu/csc/itrust2/controllers/**/*.class]
04:51:40.575 [main] DEBUG o.s.c.i.s.PathMatchingResourcePatternResolver - Searching directory [/var/lib/jenkins/workspace/iTrust-Fuzz-Job/iTrust2-v2/iTrust/iTrust2/target/classes/edu/ncsu/csc/itrust2/controllers/personnel] for files matching pattern [/var/lib/jenkins/workspace/iTrust-Fuzz-Job/iTrust2-v2/iTrust/iTrust2/target/classes/edu/ncsu/csc/itrust2/controllers/**/*.class]
04:51:40.577 [main] DEBUG o.s.c.i.s.PathMatchingResourcePatternResolver - Resolved location pattern [classpath*:edu/ncsu/csc/itrust2/controllers/**/*.class] to resources [file [/var/lib/jenkins/workspace/iTrust-Fuzz-Job/iTrust2-v2/iTrust/iTrust2/target/classes/edu/ncsu/csc/itrust2/controllers/DefaultController.class], file [/var/lib/jenkins/workspace/iTrust-Fuzz-Job/iTrust2-v2/iTrust/iTrust2/target/classes/edu/ncsu/csc/itrust2/controllers/admin/AdminController.class], file [/var/lib/jenkins/workspace/iTrust-Fuzz-Job/iTrust2-v2/iTrust/iTrust2/target/classes/edu/ncsu/csc/itrust2/controllers/admin/AdminUserController$1.class], file [/var/lib/jenkins/workspace/iTrust-Fuzz-Job/iTrust2-v2/iTrust/iTrust2/target/classes/edu/ncsu/csc/itrust2/controllers/admin/AdminUserController.class], file [/var/lib/jenkins/workspace/iTrust-Fuzz-Job/iTrust2-v2/iTrust/iTrust2/target/classes/edu/ncsu/csc/itrust2/controllers/admin/HospitalController.class], file [/var/lib/jenkins/workspace/iTrust-Fuzz-Job/iTrust2-v2/iTrust/iTrust2/target/classes/edu/ncsu/csc/itrust2/controllers/admin/ICDCodesController.class], file [/var/lib/jenkins/workspace/iTrust-Fuzz-Job/iTrust2-v2/iTrust/iTrust2/target/classes/edu/ncsu/csc/itrust2/controllers/api/APIAppointmentRequestController.class], file [/var/lib/jenkins/workspace/iTrust-Fuzz-Job/iTrust2-v2/iTrust/iTrust2/target/classes/edu/ncsu/csc/itrust2/controllers/api/APIController$JSONResponse.class], file [/var/lib/jenkins/workspace/iTrust-Fuzz-Job/iTrust2-v2/iTrust/iTrust2/target/classes/edu/ncsu/csc/itrust2/controllers/api/APIController.class], file [/var/lib/jenkins/workspace/iTrust-Fuzz-Job/iTrust2-v2/iTrust/iTrust2/target/classes/edu/ncsu/csc/itrust2/controllers/api/APIDiagnosisController.class], file [/var/lib/jenkins/workspace/iTrust-Fuzz-Job/iTrust2-v2/iTrust/iTrust2/target/classes/edu/ncsu/csc/itrust2/controllers/api/APIDrugController.class], file [/var/lib/jenkins/workspace/iTrust-Fuzz-Job/iTrust2-v2/iTrust/iTrust2/target/classes/edu/ncsu/csc/itrust2/controllers/api/APIEnumController.class], file [/var/lib/jenkins/workspace/iTrust-Fuzz-Job/iTrust2-v2/iTrust/iTrust2/target/classes/edu/ncsu/csc/itrust2/controllers/api/APIHospitalController.class], file [/var/lib/jenkins/workspace/iTrust-Fuzz-Job/iTrust2-v2/iTrust/iTrust2/target/classes/edu/ncsu/csc/itrust2/controllers/api/APIICDCodeController.class], file [/var/lib/jenkins/workspace/iTrust-Fuzz-Job/iTrust2-v2/iTrust/iTrust2/target/classes/edu/ncsu/csc/itrust2/controllers/api/APILogEntryController.class], file [/var/lib/jenkins/workspace/iTrust-Fuzz-Job/iTrust2-v2/iTrust/iTrust2/target/classes/edu/ncsu/csc/itrust2/controllers/api/APIOfficeVisitController.class], file [/var/lib/jenkins/workspace/iTrust-Fuzz-Job/iTrust2-v2/iTrust/iTrust2/target/classes/edu/ncsu/csc/itrust2/controllers/api/APIPasswordController.class], file [/var/lib/jenkins/workspace/iTrust-Fuzz-Job/iTrust2-v2/iTrust/iTrust2/target/classes/edu/ncsu/csc/itrust2/controllers/api/APIPatientController.class], file [/var/lib/jenkins/workspace/iTrust-Fuzz-Job/iTrust2-v2/iTrust/iTrust2/target/classes/edu/ncsu/csc/itrust2/controllers/api/APIPersonnelController.class], file [/var/lib/jenkins/workspace/iTrust-Fuzz-Job/iTrust2-v2/iTrust/iTrust2/target/classes/edu/ncsu/csc/itrust2/controllers/api/APIPrescriptionController.class], file [/var/lib/jenkins/workspace/iTrust-Fuzz-Job/iTrust2-v2/iTrust/iTrust2/target/classes/edu/ncsu/csc/itrust2/controllers/api/APIUserController.class], file [/var/lib/jenkins/workspace/iTrust-Fuzz-Job/iTrust2-v2/iTrust/iTrust2/target/classes/edu/ncsu/csc/itrust2/controllers/api/comm/LogEntryRequestBody.class], file [/var/lib/jenkins/workspace/iTrust-Fuzz-Job/iTrust2-v2/iTrust/iTrust2/target/classes/edu/ncsu/csc/itrust2/controllers/api/comm/LogEntryTableRow.class], file [/var/lib/jenkins/workspace/iTrust-Fuzz-Job/iTrust2-v2/iTrust/iTrust2/target/classes/edu/ncsu/csc/itrust2/controllers/hcp/AppointmentControllerHCP.class], file [/var/lib/jenkins/workspace/iTrust-Fuzz-Job/iTrust2-v2/iTrust/iTrust2/target/classes/edu/ncsu/csc/itrust2/controllers/hcp/HCPController.class], file [/var/lib/jenkins/workspace/iTrust-Fuzz-Job/iTrust2-v2/iTrust/iTrust2/target/classes/edu/ncsu/csc/itrust2/controllers/hcp/OfficeVisitController.class], file [/var/lib/jenkins/workspace/iTrust-Fuzz-Job/iTrust2-v2/iTrust/iTrust2/target/classes/edu/ncsu/csc/itrust2/controllers/patient/AppointmentController.class], file [/var/lib/jenkins/workspace/iTrust-Fuzz-Job/iTrust2-v2/iTrust/iTrust2/target/classes/edu/ncsu/csc/itrust2/controllers/patient/DiagnosesController.class], file [/var/lib/jenkins/workspace/iTrust-Fuzz-Job/iTrust2-v2/iTrust/iTrust2/target/classes/edu/ncsu/csc/itrust2/controllers/patient/PatientController.class], file [/var/lib/jenkins/workspace/iTrust-Fuzz-Job/iTrust2-v2/iTrust/iTrust2/target/classes/edu/ncsu/csc/itrust2/controllers/personnel/PasswordController.class], file [/var/lib/jenkins/workspace/iTrust-Fuzz-Job/iTrust2-v2/iTrust/iTrust2/target/classes/edu/ncsu/csc/itrust2/controllers/personnel/UserController.class]]
04:51:40.584 [main] DEBUG o.s.c.a.ClassPathBeanDefinitionScanner - Identified candidate component class: file [/var/lib/jenkins/workspace/iTrust-Fuzz-Job/iTrust2-v2/iTrust/iTrust2/target/classes/edu/ncsu/csc/itrust2/controllers/DefaultController.class]
04:51:40.587 [main] DEBUG o.s.c.a.ClassPathBeanDefinitionScanner - Identified candidate component class: file [/var/lib/jenkins/workspace/iTrust-Fuzz-Job/iTrust2-v2/iTrust/iTrust2/target/classes/edu/ncsu/csc/itrust2/controllers/admin/AdminController.class]
04:51:40.603 [main] DEBUG o.s.c.a.ClassPathBeanDefinitionScanner - Identified candidate component class: file [/var/lib/jenkins/workspace/iTrust-Fuzz-Job/iTrust2-v2/iTrust/iTrust2/target/classes/edu/ncsu/csc/itrust2/controllers/admin/AdminUserController.class]
04:51:40.609 [main] DEBUG o.s.c.a.ClassPathBeanDefinitionScanner - Identified candidate component class: file [/var/lib/jenkins/workspace/iTrust-Fuzz-Job/iTrust2-v2/iTrust/iTrust2/target/classes/edu/ncsu/csc/itrust2/controllers/admin/HospitalController.class]
04:51:40.613 [main] DEBUG o.s.c.a.ClassPathBeanDefinitionScanner - Identified candidate component class: file [/var/lib/jenkins/workspace/iTrust-Fuzz-Job/iTrust2-v2/iTrust/iTrust2/target/classes/edu/ncsu/csc/itrust2/controllers/admin/ICDCodesController.class]
04:51:40.633 [main] DEBUG o.s.c.a.ClassPathBeanDefinitionScanner - Identified candidate component class: file [/var/lib/jenkins/workspace/iTrust-Fuzz-Job/iTrust2-v2/iTrust/iTrust2/target/classes/edu/ncsu/csc/itrust2/controllers/api/APIAppointmentRequestController.class]
04:51:40.637 [main] DEBUG o.s.c.a.ClassPathBeanDefinitionScanner - Identified candidate component class: file [/var/lib/jenkins/workspace/iTrust-Fuzz-Job/iTrust2-v2/iTrust/iTrust2/target/classes/edu/ncsu/csc/itrust2/controllers/api/APIDiagnosisController.class]
04:51:40.651 [main] DEBUG o.s.c.a.ClassPathBeanDefinitionScanner - Identified candidate component class: file [/var/lib/jenkins/workspace/iTrust-Fuzz-Job/iTrust2-v2/iTrust/iTrust2/target/classes/edu/ncsu/csc/itrust2/controllers/api/APIDrugController.class]
04:51:40.662 [main] DEBUG o.s.c.a.ClassPathBeanDefinitionScanner - Identified candidate component class: file [/var/lib/jenkins/workspace/iTrust-Fuzz-Job/iTrust2-v2/iTrust/iTrust2/target/classes/edu/ncsu/csc/itrust2/controllers/api/APIEnumController.class]
04:51:40.667 [main] DEBUG o.s.c.a.ClassPathBeanDefinitionScanner - Identified candidate component class: file [/var/lib/jenkins/workspace/iTrust-Fuzz-Job/iTrust2-v2/iTrust/iTrust2/target/classes/edu/ncsu/csc/itrust2/controllers/api/APIHospitalController.class]
04:51:40.671 [main] DEBUG o.s.c.a.ClassPathBeanDefinitionScanner - Identified candidate component class: file [/var/lib/jenkins/workspace/iTrust-Fuzz-Job/iTrust2-v2/iTrust/iTrust2/target/classes/edu/ncsu/csc/itrust2/controllers/api/APIICDCodeController.class]
04:51:40.676 [main] DEBUG o.s.c.a.ClassPathBeanDefinitionScanner - Identified candidate component class: file [/var/lib/jenkins/workspace/iTrust-Fuzz-Job/iTrust2-v2/iTrust/iTrust2/target/classes/edu/ncsu/csc/itrust2/controllers/api/APILogEntryController.class]
04:51:40.681 [main] DEBUG o.s.c.a.ClassPathBeanDefinitionScanner - Identified candidate component class: file [/var/lib/jenkins/workspace/iTrust-Fuzz-Job/iTrust2-v2/iTrust/iTrust2/target/classes/edu/ncsu/csc/itrust2/controllers/api/APIOfficeVisitController.class]
04:51:40.686 [main] DEBUG o.s.c.a.ClassPathBeanDefinitionScanner - Identified candidate component class: file [/var/lib/jenkins/workspace/iTrust-Fuzz-Job/iTrust2-v2/iTrust/iTrust2/target/classes/edu/ncsu/csc/itrust2/controllers/api/APIPasswordController.class]
04:51:40.690 [main] DEBUG o.s.c.a.ClassPathBeanDefinitionScanner - Identified candidate component class: file [/var/lib/jenkins/workspace/iTrust-Fuzz-Job/iTrust2-v2/iTrust/iTrust2/target/classes/edu/ncsu/csc/itrust2/controllers/api/APIPatientController.class]
04:51:40.696 [main] DEBUG o.s.c.a.ClassPathBeanDefinitionScanner - Identified candidate component class: file [/var/lib/jenkins/workspace/iTrust-Fuzz-Job/iTrust2-v2/iTrust/iTrust2/target/classes/edu/ncsu/csc/itrust2/controllers/api/APIPersonnelController.class]
04:51:40.702 [main] DEBUG o.s.c.a.ClassPathBeanDefinitionScanner - Identified candidate component class: file [/var/lib/jenkins/workspace/iTrust-Fuzz-Job/iTrust2-v2/iTrust/iTrust2/target/classes/edu/ncsu/csc/itrust2/controllers/api/APIPrescriptionController.class]
04:51:40.712 [main] DEBUG o.s.c.a.ClassPathBeanDefinitionScanner - Identified candidate component class: file [/var/lib/jenkins/workspace/iTrust-Fuzz-Job/iTrust2-v2/iTrust/iTrust2/target/classes/edu/ncsu/csc/itrust2/controllers/api/APIUserController.class]
04:51:40.721 [main] DEBUG o.s.c.a.ClassPathBeanDefinitionScanner - Identified candidate component class: file [/var/lib/jenkins/workspace/iTrust-Fuzz-Job/iTrust2-v2/iTrust/iTrust2/target/classes/edu/ncsu/csc/itrust2/controllers/hcp/AppointmentControllerHCP.class]
04:51:40.722 [main] DEBUG o.s.c.a.ClassPathBeanDefinitionScanner - Identified candidate component class: file [/var/lib/jenkins/workspace/iTrust-Fuzz-Job/iTrust2-v2/iTrust/iTrust2/target/classes/edu/ncsu/csc/itrust2/controllers/hcp/HCPController.class]
04:51:40.724 [main] DEBUG o.s.c.a.ClassPathBeanDefinitionScanner - Identified candidate component class: file [/var/lib/jenkins/workspace/iTrust-Fuzz-Job/iTrust2-v2/iTrust/iTrust2/target/classes/edu/ncsu/csc/itrust2/controllers/hcp/OfficeVisitController.class]
04:51:40.729 [main] DEBUG o.s.c.a.ClassPathBeanDefinitionScanner - Identified candidate component class: file [/var/lib/jenkins/workspace/iTrust-Fuzz-Job/iTrust2-v2/iTrust/iTrust2/target/classes/edu/ncsu/csc/itrust2/controllers/patient/AppointmentController.class]
04:51:40.734 [main] DEBUG o.s.c.a.ClassPathBeanDefinitionScanner - Identified candidate component class: file [/var/lib/jenkins/workspace/iTrust-Fuzz-Job/iTrust2-v2/iTrust/iTrust2/target/classes/edu/ncsu/csc/itrust2/controllers/patient/DiagnosesController.class]
04:51:40.736 [main] DEBUG o.s.c.a.ClassPathBeanDefinitionScanner - Identified candidate component class: file [/var/lib/jenkins/workspace/iTrust-Fuzz-Job/iTrust2-v2/iTrust/iTrust2/target/classes/edu/ncsu/csc/itrust2/controllers/patient/PatientController.class]
04:51:40.738 [main] DEBUG o.s.c.a.ClassPathBeanDefinitionScanner - Identified candidate component class: file [/var/lib/jenkins/workspace/iTrust-Fuzz-Job/iTrust2-v2/iTrust/iTrust2/target/classes/edu/ncsu/csc/itrust2/controllers/personnel/PasswordController.class]
04:51:40.740 [main] DEBUG o.s.c.a.ClassPathBeanDefinitionScanner - Identified candidate component class: file [/var/lib/jenkins/workspace/iTrust-Fuzz-Job/iTrust2-v2/iTrust/iTrust2/target/classes/edu/ncsu/csc/itrust2/controllers/personnel/UserController.class]
04:51:40.744 [main] DEBUG o.s.c.i.s.PathMatchingResourcePatternResolver - Resolved classpath location [edu/ncsu/csc/itrust2/config/] to resources [URL [file:/var/lib/jenkins/workspace/iTrust-Fuzz-Job/iTrust2-v2/iTrust/iTrust2/target/classes/edu/ncsu/csc/itrust2/config/]]
04:51:40.745 [main] DEBUG o.s.c.i.s.PathMatchingResourcePatternResolver - Looking for matching resources in directory tree [/var/lib/jenkins/workspace/iTrust-Fuzz-Job/iTrust2-v2/iTrust/iTrust2/target/classes/edu/ncsu/csc/itrust2/config]
04:51:40.746 [main] DEBUG o.s.c.i.s.PathMatchingResourcePatternResolver - Searching directory [/var/lib/jenkins/workspace/iTrust-Fuzz-Job/iTrust2-v2/iTrust/iTrust2/target/classes/edu/ncsu/csc/itrust2/config] for files matching pattern [/var/lib/jenkins/workspace/iTrust-Fuzz-Job/iTrust2-v2/iTrust/iTrust2/target/classes/edu/ncsu/csc/itrust2/config/**/*.class]
04:51:40.748 [main] DEBUG o.s.c.i.s.PathMatchingResourcePatternResolver - Resolved location pattern [classpath*:edu/ncsu/csc/itrust2/config/**/*.class] to resources [file [/var/lib/jenkins/workspace/iTrust-Fuzz-Job/iTrust2-v2/iTrust/iTrust2/target/classes/edu/ncsu/csc/itrust2/config/ContextListener.class], file [/var/lib/jenkins/workspace/iTrust-Fuzz-Job/iTrust2-v2/iTrust/iTrust2/target/classes/edu/ncsu/csc/itrust2/config/DataConfiguration.class], file [/var/lib/jenkins/workspace/iTrust-Fuzz-Job/iTrust2-v2/iTrust/iTrust2/target/classes/edu/ncsu/csc/itrust2/config/FailureHandler.class], file [/var/lib/jenkins/workspace/iTrust-Fuzz-Job/iTrust2-v2/iTrust/iTrust2/target/classes/edu/ncsu/csc/itrust2/config/IPFilter.class], file [/var/lib/jenkins/workspace/iTrust-Fuzz-Job/iTrust2-v2/iTrust/iTrust2/target/classes/edu/ncsu/csc/itrust2/config/ITrust2ApplicationInitializer.class], file [/var/lib/jenkins/workspace/iTrust-Fuzz-Job/iTrust2-v2/iTrust/iTrust2/target/classes/edu/ncsu/csc/itrust2/config/ITrust2WebApplicationInitializer.class], file [/var/lib/jenkins/workspace/iTrust-Fuzz-Job/iTrust2-v2/iTrust/iTrust2/target/classes/edu/ncsu/csc/itrust2/config/LoginAuditingListener.class], file [/var/lib/jenkins/workspace/iTrust-Fuzz-Job/iTrust2-v2/iTrust/iTrust2/target/classes/edu/ncsu/csc/itrust2/config/RootConfiguration.class], file [/var/lib/jenkins/workspace/iTrust-Fuzz-Job/iTrust2-v2/iTrust/iTrust2/target/classes/edu/ncsu/csc/itrust2/config/SecurityConfig.class]]
04:51:40.750 [main] DEBUG o.s.c.a.ClassPathBeanDefinitionScanner - Identified candidate component class: file [/var/lib/jenkins/workspace/iTrust-Fuzz-Job/iTrust2-v2/iTrust/iTrust2/target/classes/edu/ncsu/csc/itrust2/config/DataConfiguration.class]
04:51:40.752 [main] DEBUG o.s.c.a.ClassPathBeanDefinitionScanner - Identified candidate component class: file [/var/lib/jenkins/workspace/iTrust-Fuzz-Job/iTrust2-v2/iTrust/iTrust2/target/classes/edu/ncsu/csc/itrust2/config/LoginAuditingListener.class]
04:51:40.753 [main] DEBUG o.s.c.a.ClassPathBeanDefinitionScanner - Identified candidate component class: file [/var/lib/jenkins/workspace/iTrust-Fuzz-Job/iTrust2-v2/iTrust/iTrust2/target/classes/edu/ncsu/csc/itrust2/config/RootConfiguration.class]
04:51:40.756 [main] DEBUG o.s.c.a.ClassPathBeanDefinitionScanner - Identified candidate component class: file [/var/lib/jenkins/workspace/iTrust-Fuzz-Job/iTrust2-v2/iTrust/iTrust2/target/classes/edu/ncsu/csc/itrust2/config/SecurityConfig.class]
04:51:40.921 [main] DEBUG o.s.c.a.ConfigurationClassBeanDefinitionReader - Registering bean definition for @Bean method edu.ncsu.csc.itrust2.config.DataConfiguration.dataSource()
04:51:40.922 [main] DEBUG o.s.c.a.ConfigurationClassBeanDefinitionReader - Registered bean definition for imported class &apos;org.springframework.security.config.annotation.configuration.ObjectPostProcessorConfiguration&apos;
04:51:40.923 [main] DEBUG o.s.c.a.ConfigurationClassBeanDefinitionReader - Registering bean definition for @Bean method org.springframework.security.config.annotation.configuration.ObjectPostProcessorConfiguration.objectPostProcessor()
04:51:40.923 [main] DEBUG o.s.c.a.ConfigurationClassBeanDefinitionReader - Registered bean definition for imported class &apos;org.springframework.security.config.annotation.authentication.configuration.AuthenticationConfiguration&apos;
04:51:40.923 [main] DEBUG o.s.c.a.ConfigurationClassBeanDefinitionReader - Registering bean definition for @Bean method org.springframework.security.config.annotation.authentication.configuration.AuthenticationConfiguration.authenticationManagerBuilder()
04:51:40.924 [main] DEBUG o.s.c.a.ConfigurationClassBeanDefinitionReader - Registering bean definition for @Bean method org.springframework.security.config.annotation.authentication.configuration.AuthenticationConfiguration.enableGlobalAuthenticationAutowiredConfigurer()
04:51:40.924 [main] DEBUG o.s.c.a.ConfigurationClassBeanDefinitionReader - Registering bean definition for @Bean method org.springframework.security.config.annotation.authentication.configuration.AuthenticationConfiguration.initializeUserDetailsBeanManagerConfigurer()
04:51:40.926 [main] DEBUG o.s.c.a.ConfigurationClassBeanDefinitionReader - Registering bean definition for @Bean method org.springframework.security.config.annotation.authentication.configuration.AuthenticationConfiguration.initializeAuthenticationProviderBeanManagerConfigurer()
04:51:40.928 [main] DEBUG o.s.c.a.ConfigurationClassBeanDefinitionReader - Registered bean definition for imported class &apos;org.springframework.security.config.annotation.web.configuration.WebSecurityConfiguration&apos;
04:51:40.929 [main] DEBUG o.s.c.a.ConfigurationClassBeanDefinitionReader - Registering bean definition for @Bean method org.springframework.security.config.annotation.web.configuration.WebSecurityConfiguration.delegatingApplicationListener()
04:51:40.930 [main] DEBUG o.s.c.a.ConfigurationClassBeanDefinitionReader - Registering bean definition for @Bean method org.springframework.security.config.annotation.web.configuration.WebSecurityConfiguration.webSecurityExpressionHandler()
04:51:40.930 [main] DEBUG o.s.c.a.ConfigurationClassBeanDefinitionReader - Registering bean definition for @Bean method org.springframework.security.config.annotation.web.configuration.WebSecurityConfiguration.springSecurityFilterChain()
04:51:40.930 [main] DEBUG o.s.c.a.ConfigurationClassBeanDefinitionReader - Registering bean definition for @Bean method org.springframework.security.config.annotation.web.configuration.WebSecurityConfiguration.privilegeEvaluator()
04:51:40.931 [main] DEBUG o.s.c.a.ConfigurationClassBeanDefinitionReader - Registering bean definition for @Bean method org.springframework.security.config.annotation.web.configuration.WebSecurityConfiguration.autowiredWebSecurityConfigurersIgnoreParents()
04:51:40.931 [main] DEBUG o.s.c.a.ConfigurationClassBeanDefinitionReader - Registered bean definition for imported class &apos;org.springframework.security.config.annotation.web.configuration.WebMvcSecurityConfiguration&apos;
04:51:40.931 [main] DEBUG o.s.c.a.ConfigurationClassBeanDefinitionReader - Registering bean definition for @Bean method org.springframework.security.config.annotation.web.configuration.WebMvcSecurityConfiguration.requestDataValueProcessor()
04:51:40.931 [main] DEBUG o.s.c.a.ConfigurationClassBeanDefinitionReader - Registering bean definition for @Bean method edu.ncsu.csc.itrust2.config.SecurityConfig.passwordEncoder()
04:51:40.932 [main] DEBUG o.s.c.a.ConfigurationClassBeanDefinitionReader - Registering bean definition for @Bean method edu.ncsu.csc.itrust2.config.SecurityConfig.defaultAuthenticationEventPublisher()
04:51:40.932 [main] DEBUG o.s.c.a.ConfigurationClassBeanDefinitionReader - Registering bean definition for @Bean method edu.ncsu.csc.itrust2.config.SecurityConfig.failureHandler()
04:51:40.932 [main] DEBUG o.s.c.a.ConfigurationClassBeanDefinitionReader - Registering bean definition for @Bean method edu.ncsu.csc.itrust2.config.SecurityConfig.ipBlockFilter()
04:51:40.933 [main] DEBUG o.s.c.a.ConfigurationClassBeanDefinitionReader - Registered bean definition for imported class &apos;org.springframework.web.servlet.config.annotation.DelegatingWebMvcConfiguration&apos;
04:51:40.934 [main] DEBUG o.s.c.a.ConfigurationClassBeanDefinitionReader - Registering bean definition for @Bean method org.springframework.web.servlet.config.annotation.DelegatingWebMvcConfiguration.mvcConversionService()
04:51:40.934 [main] DEBUG o.s.c.a.ConfigurationClassBeanDefinitionReader - Registering bean definition for @Bean method org.springframework.web.servlet.config.annotation.DelegatingWebMvcConfiguration.requestMappingHandlerMapping()
04:51:40.935 [main] DEBUG o.s.c.a.ConfigurationClassBeanDefinitionReader - Registering bean definition for @Bean method org.springframework.web.servlet.config.annotation.DelegatingWebMvcConfiguration.mvcPathMatcher()
04:51:40.935 [main] DEBUG o.s.c.a.ConfigurationClassBeanDefinitionReader - Registering bean definition for @Bean method org.springframework.web.servlet.config.annotation.DelegatingWebMvcConfiguration.mvcUrlPathHelper()
04:51:40.936 [main] DEBUG o.s.c.a.ConfigurationClassBeanDefinitionReader - Registering bean definition for @Bean method org.springframework.web.servlet.config.annotation.DelegatingWebMvcConfiguration.mvcContentNegotiationManager()
04:51:40.936 [main] DEBUG o.s.c.a.ConfigurationClassBeanDefinitionReader - Registering bean definition for @Bean method org.springframework.web.servlet.config.annotation.DelegatingWebMvcConfiguration.viewControllerHandlerMapping()
04:51:40.937 [main] DEBUG o.s.c.a.ConfigurationClassBeanDefinitionReader - Registering bean definition for @Bean method org.springframework.web.servlet.config.annotation.DelegatingWebMvcConfiguration.beanNameHandlerMapping()
04:51:40.938 [main] DEBUG o.s.c.a.ConfigurationClassBeanDefinitionReader - Registering bean definition for @Bean method org.springframework.web.servlet.config.annotation.DelegatingWebMvcConfiguration.resourceHandlerMapping()
04:51:40.938 [main] DEBUG o.s.c.a.ConfigurationClassBeanDefinitionReader - Registering bean definition for @Bean method org.springframework.web.servlet.config.annotation.DelegatingWebMvcConfiguration.mvcResourceUrlProvider()
04:51:40.939 [main] DEBUG o.s.c.a.ConfigurationClassBeanDefinitionReader - Registering bean definition for @Bean method org.springframework.web.servlet.config.annotation.DelegatingWebMvcConfiguration.defaultServletHandlerMapping()
04:51:40.940 [main] DEBUG o.s.c.a.ConfigurationClassBeanDefinitionReader - Registering bean definition for @Bean method org.springframework.web.servlet.config.annotation.DelegatingWebMvcConfiguration.requestMappingHandlerAdapter()
04:51:40.941 [main] DEBUG o.s.c.a.ConfigurationClassBeanDefinitionReader - Registering bean definition for @Bean method org.springframework.web.servlet.config.annotation.DelegatingWebMvcConfiguration.mvcValidator()
04:51:40.942 [main] DEBUG o.s.c.a.ConfigurationClassBeanDefinitionReader - Registering bean definition for @Bean method org.springframework.web.servlet.config.annotation.DelegatingWebMvcConfiguration.mvcUriComponentsContributor()
04:51:40.943 [main] DEBUG o.s.c.a.ConfigurationClassBeanDefinitionReader - Registering bean definition for @Bean method org.springframework.web.servlet.config.annotation.DelegatingWebMvcConfiguration.httpRequestHandlerAdapter()
04:51:40.944 [main] DEBUG o.s.c.a.ConfigurationClassBeanDefinitionReader - Registering bean definition for @Bean method org.springframework.web.servlet.config.annotation.DelegatingWebMvcConfiguration.simpleControllerHandlerAdapter()
04:51:40.947 [main] DEBUG o.s.c.a.ConfigurationClassBeanDefinitionReader - Registering bean definition for @Bean method org.springframework.web.servlet.config.annotation.DelegatingWebMvcConfiguration.handlerExceptionResolver()
04:51:40.948 [main] DEBUG o.s.c.a.ConfigurationClassBeanDefinitionReader - Registering bean definition for @Bean method org.springframework.web.servlet.config.annotation.DelegatingWebMvcConfiguration.mvcViewResolver()
04:51:40.948 [main] DEBUG o.s.c.a.ConfigurationClassBeanDefinitionReader - Registered bean definition for imported class &apos;org.springframework.security.config.annotation.method.configuration.GlobalMethodSecurityConfiguration&apos;
04:51:40.949 [main] DEBUG o.s.c.a.ConfigurationClassBeanDefinitionReader - Registering bean definition for @Bean method org.springframework.security.config.annotation.method.configuration.GlobalMethodSecurityConfiguration.methodSecurityInterceptor()
04:51:40.949 [main] DEBUG o.s.c.a.ConfigurationClassBeanDefinitionReader - Registering bean definition for @Bean method org.springframework.security.config.annotation.method.configuration.GlobalMethodSecurityConfiguration.methodSecurityMetadataSource()
04:51:40.950 [main] DEBUG o.s.c.a.ConfigurationClassBeanDefinitionReader - Registering bean definition for @Bean method org.springframework.security.config.annotation.method.configuration.GlobalMethodSecurityConfiguration.preInvocationAuthorizationAdvice()
04:51:40.951 [main] DEBUG o.s.c.a.ConfigurationClassBeanDefinitionReader - Registering bean definition for @Bean method edu.ncsu.csc.itrust2.mvc.config.WebMvcConfiguration.domainClassConverter()
04:51:40.952 [main] DEBUG o.s.c.a.ConfigurationClassBeanDefinitionReader - Registering bean definition for @Bean method edu.ncsu.csc.itrust2.mvc.config.WebMvcConfiguration.viewResolver()
04:51:40.952 [main] DEBUG o.s.c.a.ConfigurationClassBeanDefinitionReader - Registering bean definition for @Bean method edu.ncsu.csc.itrust2.mvc.config.WebMvcConfiguration.templateEngine()
04:51:41.297 [main] DEBUG o.s.c.a.ConfigurationClassEnhancer - Successfully enhanced edu.ncsu.csc.itrust2.config.RootConfiguration; enhanced class name is: edu.ncsu.csc.itrust2.config.RootConfiguration$$EnhancerBySpringCGLIB$$34f44170
04:51:41.298 [main] DEBUG o.s.c.a.ConfigurationClassPostProcessor - Replacing bean definition &apos;rootConfiguration&apos; existing class &apos;edu.ncsu.csc.itrust2.config.RootConfiguration&apos; with enhanced class &apos;edu.ncsu.csc.itrust2.config.RootConfiguration$$EnhancerBySpringCGLIB$$34f44170&apos;
04:51:41.319 [main] DEBUG o.s.c.a.ConfigurationClassEnhancer - Successfully enhanced edu.ncsu.csc.itrust2.mvc.config.WebMvcConfiguration; enhanced class name is: edu.ncsu.csc.itrust2.mvc.config.WebMvcConfiguration$$EnhancerBySpringCGLIB$$519f44c0
04:51:41.320 [main] DEBUG o.s.c.a.ConfigurationClassPostProcessor - Replacing bean definition &apos;webMvcConfiguration&apos; existing class &apos;edu.ncsu.csc.itrust2.mvc.config.WebMvcConfiguration&apos; with enhanced class &apos;edu.ncsu.csc.itrust2.mvc.config.WebMvcConfiguration$$EnhancerBySpringCGLIB$$519f44c0&apos;
04:51:41.324 [main] DEBUG o.s.c.a.ConfigurationClassEnhancer - Successfully enhanced edu.ncsu.csc.itrust2.config.DataConfiguration; enhanced class name is: edu.ncsu.csc.itrust2.config.DataConfiguration$$EnhancerBySpringCGLIB$$793386a8
04:51:41.334 [main] DEBUG o.s.c.a.ConfigurationClassPostProcessor - Replacing bean definition &apos;dataConfiguration&apos; existing class &apos;edu.ncsu.csc.itrust2.config.DataConfiguration&apos; with enhanced class &apos;edu.ncsu.csc.itrust2.config.DataConfiguration$$EnhancerBySpringCGLIB$$793386a8&apos;
04:51:41.359 [main] DEBUG o.s.c.a.ConfigurationClassEnhancer - Successfully enhanced edu.ncsu.csc.itrust2.config.SecurityConfig; enhanced class name is: edu.ncsu.csc.itrust2.config.SecurityConfig$$EnhancerBySpringCGLIB$$6bb40e4c
04:51:41.377 [main] DEBUG o.s.c.a.ConfigurationClassPostProcessor - Replacing bean definition &apos;securityConfig&apos; existing class &apos;edu.ncsu.csc.itrust2.config.SecurityConfig&apos; with enhanced class &apos;edu.ncsu.csc.itrust2.config.SecurityConfig$$EnhancerBySpringCGLIB$$6bb40e4c&apos;
04:51:41.386 [main] DEBUG o.s.c.a.ConfigurationClassEnhancer - Successfully enhanced org.springframework.security.config.annotation.configuration.ObjectPostProcessorConfiguration; enhanced class name is: org.springframework.security.config.annotation.configuration.ObjectPostProcessorConfiguration$$EnhancerBySpringCGLIB$$79a95818
04:51:41.387 [main] DEBUG o.s.c.a.ConfigurationClassPostProcessor - Replacing bean definition &apos;org.springframework.security.config.annotation.configuration.ObjectPostProcessorConfiguration&apos; existing class &apos;org.springframework.security.config.annotation.configuration.ObjectPostProcessorConfiguration&apos; with enhanced class &apos;org.springframework.security.config.annotation.configuration.ObjectPostProcessorConfiguration$$EnhancerBySpringCGLIB$$79a95818&apos;
04:51:41.392 [main] DEBUG o.s.c.a.ConfigurationClassEnhancer - Successfully enhanced org.springframework.security.config.annotation.authentication.configuration.AuthenticationConfiguration; enhanced class name is: org.springframework.security.config.annotation.authentication.configuration.AuthenticationConfiguration$$EnhancerBySpringCGLIB$$c572628d
04:51:41.393 [main] DEBUG o.s.c.a.ConfigurationClassPostProcessor - Replacing bean definition &apos;org.springframework.security.config.annotation.authentication.configuration.AuthenticationConfiguration&apos; existing class &apos;org.springframework.security.config.annotation.authentication.configuration.AuthenticationConfiguration&apos; with enhanced class &apos;org.springframework.security.config.annotation.authentication.configuration.AuthenticationConfiguration$$EnhancerBySpringCGLIB$$c572628d&apos;
04:51:41.393 [main] DEBUG o.s.c.a.ConfigurationClassEnhancer - Successfully enhanced org.springframework.security.config.annotation.authentication.configuration.AuthenticationConfiguration; enhanced class name is: org.springframework.security.config.annotation.authentication.configuration.AuthenticationConfiguration$$EnhancerBySpringCGLIB$$c572628d
04:51:41.400 [main] DEBUG o.s.c.a.ConfigurationClassPostProcessor - Replacing bean definition &apos;enableGlobalAuthenticationAutowiredConfigurer&apos; existing class &apos;org.springframework.security.config.annotation.authentication.configuration.AuthenticationConfiguration&apos; with enhanced class &apos;org.springframework.security.config.annotation.authentication.configuration.AuthenticationConfiguration$$EnhancerBySpringCGLIB$$c572628d&apos;
04:51:41.401 [main] DEBUG o.s.c.a.ConfigurationClassEnhancer - Successfully enhanced org.springframework.security.config.annotation.authentication.configuration.AuthenticationConfiguration; enhanced class name is: org.springframework.security.config.annotation.authentication.configuration.AuthenticationConfiguration$$EnhancerBySpringCGLIB$$c572628d
04:51:41.402 [main] DEBUG o.s.c.a.ConfigurationClassPostProcessor - Replacing bean definition &apos;initializeUserDetailsBeanManagerConfigurer&apos; existing class &apos;org.springframework.security.config.annotation.authentication.configuration.AuthenticationConfiguration&apos; with enhanced class &apos;org.springframework.security.config.annotation.authentication.configuration.AuthenticationConfiguration$$EnhancerBySpringCGLIB$$c572628d&apos;
04:51:41.403 [main] DEBUG o.s.c.a.ConfigurationClassEnhancer - Successfully enhanced org.springframework.security.config.annotation.authentication.configuration.AuthenticationConfiguration; enhanced class name is: org.springframework.security.config.annotation.authentication.configuration.AuthenticationConfiguration$$EnhancerBySpringCGLIB$$c572628d
04:51:41.403 [main] DEBUG o.s.c.a.ConfigurationClassPostProcessor - Replacing bean definition &apos;initializeAuthenticationProviderBeanManagerConfigurer&apos; existing class &apos;org.springframework.security.config.annotation.authentication.configuration.AuthenticationConfiguration&apos; with enhanced class &apos;org.springframework.security.config.annotation.authentication.configuration.AuthenticationConfiguration$$EnhancerBySpringCGLIB$$c572628d&apos;
04:51:41.414 [main] DEBUG o.s.c.a.ConfigurationClassEnhancer - Successfully enhanced org.springframework.security.config.annotation.web.configuration.WebSecurityConfiguration; enhanced class name is: org.springframework.security.config.annotation.web.configuration.WebSecurityConfiguration$$EnhancerBySpringCGLIB$$882cbcd1
04:51:41.414 [main] DEBUG o.s.c.a.ConfigurationClassPostProcessor - Replacing bean definition &apos;org.springframework.security.config.annotation.web.configuration.WebSecurityConfiguration&apos; existing class &apos;org.springframework.security.config.annotation.web.configuration.WebSecurityConfiguration&apos; with enhanced class &apos;org.springframework.security.config.annotation.web.configuration.WebSecurityConfiguration$$EnhancerBySpringCGLIB$$882cbcd1&apos;
04:51:41.414 [main] DEBUG o.s.c.a.ConfigurationClassEnhancer - Successfully enhanced org.springframework.security.config.annotation.web
...[truncated 1048632 chars]...
, ?)
04:51:49.752 [main] DEBUG o.h.p.entity.AbstractEntityPersister -  Update 0: update Prescriptions set dosage=?, drug_id=?, endDate=?, patient_id=?, renewals=?, startDate=? where id=?
04:51:49.752 [main] DEBUG o.h.p.entity.AbstractEntityPersister -  Delete 0: delete from Prescriptions where id=?
04:51:49.752 [main] DEBUG o.h.l.p.b.i.spaces.QuerySpacesImpl - Adding QuerySpace : uid = &lt;gen:0&gt; -&gt; org.hibernate.loader.plan.build.internal.spaces.EntityQuerySpaceImpl@cb5609a]
04:51:49.752 [main] DEBUG o.h.p.w.spi.MetamodelGraphWalker - Visiting attribute path : dosage
04:51:49.752 [main] DEBUG o.h.p.w.spi.MetamodelGraphWalker - Visiting attribute path : drug
04:51:49.752 [main] DEBUG o.h.l.p.b.i.spaces.QuerySpacesImpl - Adding QuerySpace : uid = &lt;gen:1&gt; -&gt; org.hibernate.loader.plan.build.internal.spaces.EntityQuerySpaceImpl@8377893]
04:51:49.752 [main] DEBUG o.h.p.w.spi.MetamodelGraphWalker - Visiting attribute path : drug.code
04:51:49.752 [main] DEBUG o.h.p.w.spi.MetamodelGraphWalker - Visiting attribute path : drug.description
04:51:49.752 [main] DEBUG o.h.p.w.spi.MetamodelGraphWalker - Visiting attribute path : drug.name
04:51:49.753 [main] DEBUG o.h.p.w.spi.MetamodelGraphWalker - Visiting attribute path : endDate
04:51:49.753 [main] DEBUG o.h.p.w.spi.MetamodelGraphWalker - Visiting attribute path : patient
04:51:49.753 [main] DEBUG o.h.l.p.b.i.spaces.QuerySpacesImpl - Adding QuerySpace : uid = &lt;gen:2&gt; -&gt; org.hibernate.loader.plan.build.internal.spaces.EntityQuerySpaceImpl@689c7fc1]
04:51:49.753 [main] DEBUG o.h.p.w.spi.MetamodelGraphWalker - Visiting attribute path : patient.enabled
04:51:49.753 [main] DEBUG o.h.p.w.spi.MetamodelGraphWalker - Visiting attribute path : patient.password
04:51:49.753 [main] DEBUG o.h.p.w.spi.MetamodelGraphWalker - Visiting attribute path : patient.role
04:51:49.753 [main] DEBUG o.h.p.w.spi.MetamodelGraphWalker - Visiting attribute path : renewals
04:51:49.753 [main] DEBUG o.h.p.w.spi.MetamodelGraphWalker - Visiting attribute path : startDate
04:51:49.753 [main] DEBUG o.h.l.p.b.i.FetchStyleLoadPlanBuildingAssociationVisitationStrategy - Building LoadPlan...
04:51:49.753 [main] DEBUG o.h.l.p.e.i.LoadQueryJoinAndFetchProcessor - processing queryspace &lt;gen:0&gt;
04:51:49.754 [main] DEBUG o.h.l.p.b.spi.LoadPlanTreePrinter - LoadPlan(entity=edu.ncsu.csc.itrust2.models.persistent.Prescription)
    - Returns
       - EntityReturnImpl(entity=edu.ncsu.csc.itrust2.models.persistent.Prescription, querySpaceUid=&lt;gen:0&gt;, path=edu.ncsu.csc.itrust2.models.persistent.Prescription)
          - EntityAttributeFetchImpl(entity=edu.ncsu.csc.itrust2.models.persistent.Drug, querySpaceUid=&lt;gen:1&gt;, path=edu.ncsu.csc.itrust2.models.persistent.Prescription.drug)
          - EntityAttributeFetchImpl(entity=edu.ncsu.csc.itrust2.models.persistent.User, querySpaceUid=&lt;gen:2&gt;, path=edu.ncsu.csc.itrust2.models.persistent.Prescription.patient)
    - QuerySpaces
       - EntityQuerySpaceImpl(uid=&lt;gen:0&gt;, entity=edu.ncsu.csc.itrust2.models.persistent.Prescription)
          - SQL table alias mapping - prescripti0_
          - alias suffix - 0_
          - suffixed key columns - {id1_14_0_}
          - JOIN (JoinDefinedByMetadata(drug)) : &lt;gen:0&gt; -&gt; &lt;gen:1&gt;
             - EntityQuerySpaceImpl(uid=&lt;gen:1&gt;, entity=edu.ncsu.csc.itrust2.models.persistent.Drug)
                - SQL table alias mapping - drug1_
                - alias suffix - 1_
                - suffixed key columns - {id1_3_1_}
          - JOIN (JoinDefinedByMetadata(patient)) : &lt;gen:0&gt; -&gt; &lt;gen:2&gt;
             - EntityQuerySpaceImpl(uid=&lt;gen:2&gt;, entity=edu.ncsu.csc.itrust2.models.persistent.User)
                - SQL table alias mapping - user2_
                - alias suffix - 2_
                - suffixed key columns - {username1_15_2_}

04:51:49.754 [main] DEBUG o.h.loader.entity.plan.EntityLoader - Static select for entity edu.ncsu.csc.itrust2.models.persistent.Prescription [NONE]: select prescripti0_.id as id1_14_0_, prescripti0_.dosage as dosage2_14_0_, prescripti0_.drug_id as drug_id6_14_0_, prescripti0_.endDate as endDate3_14_0_, prescripti0_.patient_id as patient_7_14_0_, prescripti0_.renewals as renewals4_14_0_, prescripti0_.startDate as startDat5_14_0_, drug1_.id as id1_3_1_, drug1_.code as code2_3_1_, drug1_.description as descript3_3_1_, drug1_.name as name4_3_1_, user2_.username as username1_15_2_, user2_.enabled as enabled2_15_2_, user2_.password as password3_15_2_, user2_.role as role4_15_2_ from Prescriptions prescripti0_ inner join Drugs drug1_ on prescripti0_.drug_id=drug1_.id inner join Users user2_ on prescripti0_.patient_id=user2_.username where prescripti0_.id=?
04:51:49.754 [main] DEBUG o.h.l.p.b.i.spaces.QuerySpacesImpl - Adding QuerySpace : uid = &lt;gen:0&gt; -&gt; org.hibernate.loader.plan.build.internal.spaces.EntityQuerySpaceImpl@4dce274]
04:51:49.754 [main] DEBUG o.h.p.w.spi.MetamodelGraphWalker - Visiting attribute path : dosage
04:51:49.754 [main] DEBUG o.h.p.w.spi.MetamodelGraphWalker - Visiting attribute path : drug
04:51:49.754 [main] DEBUG o.h.l.p.b.i.spaces.QuerySpacesImpl - Adding QuerySpace : uid = &lt;gen:1&gt; -&gt; org.hibernate.loader.plan.build.internal.spaces.EntityQuerySpaceImpl@131be1ea]
04:51:49.754 [main] DEBUG o.h.p.w.spi.MetamodelGraphWalker - Visiting attribute path : drug.code
04:51:49.754 [main] DEBUG o.h.p.w.spi.MetamodelGraphWalker - Visiting attribute path : drug.description
04:51:49.754 [main] DEBUG o.h.p.w.spi.MetamodelGraphWalker - Visiting attribute path : drug.name
04:51:49.755 [main] DEBUG o.h.p.w.spi.MetamodelGraphWalker - Visiting attribute path : endDate
04:51:49.755 [main] DEBUG o.h.p.w.spi.MetamodelGraphWalker - Visiting attribute path : patient
04:51:49.755 [main] DEBUG o.h.l.p.b.i.spaces.QuerySpacesImpl - Adding QuerySpace : uid = &lt;gen:2&gt; -&gt; org.hibernate.loader.plan.build.internal.spaces.EntityQuerySpaceImpl@20c482f1]
04:51:49.755 [main] DEBUG o.h.p.w.spi.MetamodelGraphWalker - Visiting attribute path : patient.enabled
04:51:49.755 [main] DEBUG o.h.p.w.spi.MetamodelGraphWalker - Visiting attribute path : patient.password
04:51:49.755 [main] DEBUG o.h.p.w.spi.MetamodelGraphWalker - Visiting attribute path : patient.role
04:51:49.755 [main] DEBUG o.h.p.w.spi.MetamodelGraphWalker - Visiting attribute path : renewals
04:51:49.755 [main] DEBUG o.h.p.w.spi.MetamodelGraphWalker - Visiting attribute path : startDate
04:51:49.755 [main] DEBUG o.h.l.p.b.i.FetchStyleLoadPlanBuildingAssociationVisitationStrategy - Building LoadPlan...
04:51:49.755 [main] DEBUG o.h.l.p.e.i.LoadQueryJoinAndFetchProcessor - processing queryspace &lt;gen:0&gt;
04:51:49.756 [main] DEBUG o.h.l.p.b.spi.LoadPlanTreePrinter - LoadPlan(entity=edu.ncsu.csc.itrust2.models.persistent.Prescription)
    - Returns
       - EntityReturnImpl(entity=edu.ncsu.csc.itrust2.models.persistent.Prescription, querySpaceUid=&lt;gen:0&gt;, path=edu.ncsu.csc.itrust2.models.persistent.Prescription)
          - EntityAttributeFetchImpl(entity=edu.ncsu.csc.itrust2.models.persistent.Drug, querySpaceUid=&lt;gen:1&gt;, path=edu.ncsu.csc.itrust2.models.persistent.Prescription.drug)
          - EntityAttributeFetchImpl(entity=edu.ncsu.csc.itrust2.models.persistent.User, querySpaceUid=&lt;gen:2&gt;, path=edu.ncsu.csc.itrust2.models.persistent.Prescription.patient)
    - QuerySpaces
       - EntityQuerySpaceImpl(uid=&lt;gen:0&gt;, entity=edu.ncsu.csc.itrust2.models.persistent.Prescription)
          - SQL table alias mapping - prescripti0_
          - alias suffix - 0_
          - suffixed key columns - {id1_14_0_}
          - JOIN (JoinDefinedByMetadata(drug)) : &lt;gen:0&gt; -&gt; &lt;gen:1&gt;
             - EntityQuerySpaceImpl(uid=&lt;gen:1&gt;, entity=edu.ncsu.csc.itrust2.models.persistent.Drug)
                - SQL table alias mapping - drug1_
                - alias suffix - 1_
                - suffixed key columns - {id1_3_1_}
          - JOIN (JoinDefinedByMetadata(patient)) : &lt;gen:0&gt; -&gt; &lt;gen:2&gt;
             - EntityQuerySpaceImpl(uid=&lt;gen:2&gt;, entity=edu.ncsu.csc.itrust2.models.persistent.User)
                - SQL table alias mapping - user2_
                - alias suffix - 2_
                - suffixed key columns - {username1_15_2_}

04:51:49.756 [main] DEBUG o.h.loader.entity.plan.EntityLoader - Static select for entity edu.ncsu.csc.itrust2.models.persistent.Prescription [READ]: select prescripti0_.id as id1_14_0_, prescripti0_.dosage as dosage2_14_0_, prescripti0_.drug_id as drug_id6_14_0_, prescripti0_.endDate as endDate3_14_0_, prescripti0_.patient_id as patient_7_14_0_, prescripti0_.renewals as renewals4_14_0_, prescripti0_.startDate as startDat5_14_0_, drug1_.id as id1_3_1_, drug1_.code as code2_3_1_, drug1_.description as descript3_3_1_, drug1_.name as name4_3_1_, user2_.username as username1_15_2_, user2_.enabled as enabled2_15_2_, user2_.password as password3_15_2_, user2_.role as role4_15_2_ from Prescriptions prescripti0_ inner join Drugs drug1_ on prescripti0_.drug_id=drug1_.id inner join Users user2_ on prescripti0_.patient_id=user2_.username where prescripti0_.id=?
04:51:49.756 [main] DEBUG o.h.l.p.b.i.spaces.QuerySpacesImpl - Adding QuerySpace : uid = &lt;gen:0&gt; -&gt; org.hibernate.loader.plan.build.internal.spaces.EntityQuerySpaceImpl@635b99f7]
04:51:49.756 [main] DEBUG o.h.p.w.spi.MetamodelGraphWalker - Visiting attribute path : dosage
04:51:49.756 [main] DEBUG o.h.p.w.spi.MetamodelGraphWalker - Visiting attribute path : drug
04:51:49.756 [main] DEBUG o.h.l.p.b.i.spaces.QuerySpacesImpl - Adding QuerySpace : uid = &lt;gen:1&gt; -&gt; org.hibernate.loader.plan.build.internal.spaces.EntityQuerySpaceImpl@645ac28b]
04:51:49.756 [main] DEBUG o.h.p.w.spi.MetamodelGraphWalker - Visiting attribute path : endDate
04:51:49.756 [main] DEBUG o.h.p.w.spi.MetamodelGraphWalker - Visiting attribute path : patient
04:51:49.757 [main] DEBUG o.h.l.p.b.i.spaces.QuerySpacesImpl - Adding QuerySpace : uid = &lt;gen:2&gt; -&gt; org.hibernate.loader.plan.build.internal.spaces.EntityQuerySpaceImpl@52a55e15]
04:51:49.757 [main] DEBUG o.h.p.w.spi.MetamodelGraphWalker - Visiting attribute path : renewals
04:51:49.757 [main] DEBUG o.h.p.w.spi.MetamodelGraphWalker - Visiting attribute path : startDate
04:51:49.757 [main] DEBUG o.h.l.p.b.i.FetchStyleLoadPlanBuildingAssociationVisitationStrategy - Building LoadPlan...
04:51:49.757 [main] DEBUG o.h.l.p.e.i.LoadQueryJoinAndFetchProcessor - processing queryspace &lt;gen:0&gt;
04:51:49.757 [main] DEBUG o.h.l.p.b.spi.LoadPlanTreePrinter - LoadPlan(entity=edu.ncsu.csc.itrust2.models.persistent.Prescription)
    - Returns
       - EntityReturnImpl(entity=edu.ncsu.csc.itrust2.models.persistent.Prescription, querySpaceUid=&lt;gen:0&gt;, path=edu.ncsu.csc.itrust2.models.persistent.Prescription)
          - EntityAttributeFetchImpl(entity=edu.ncsu.csc.itrust2.models.persistent.Drug, querySpaceUid=&lt;gen:1&gt;, path=edu.ncsu.csc.itrust2.models.persistent.Prescription.drug)
          - EntityAttributeFetchImpl(entity=edu.ncsu.csc.itrust2.models.persistent.User, querySpaceUid=&lt;gen:2&gt;, path=edu.ncsu.csc.itrust2.models.persistent.Prescription.patient)
    - QuerySpaces
       - EntityQuerySpaceImpl(uid=&lt;gen:0&gt;, entity=edu.ncsu.csc.itrust2.models.persistent.Prescription)
          - SQL table alias mapping - prescripti0_
          - alias suffix - 0_
          - suffixed key columns - {id1_14_0_}

04:51:49.757 [main] DEBUG o.h.loader.entity.plan.EntityLoader - Static select for entity edu.ncsu.csc.itrust2.models.persistent.Prescription [UPGRADE]: select prescripti0_.id as id1_14_0_, prescripti0_.dosage as dosage2_14_0_, prescripti0_.drug_id as drug_id6_14_0_, prescripti0_.endDate as endDate3_14_0_, prescripti0_.patient_id as patient_7_14_0_, prescripti0_.renewals as renewals4_14_0_, prescripti0_.startDate as startDat5_14_0_ from Prescriptions prescripti0_ where prescripti0_.id=? for update
04:51:49.757 [main] DEBUG o.h.l.p.b.i.spaces.QuerySpacesImpl - Adding QuerySpace : uid = &lt;gen:0&gt; -&gt; org.hibernate.loader.plan.build.internal.spaces.EntityQuerySpaceImpl@6d8ee197]
04:51:49.758 [main] DEBUG o.h.p.w.spi.MetamodelGraphWalker - Visiting attribute path : dosage
04:51:49.758 [main] DEBUG o.h.p.w.spi.MetamodelGraphWalker - Visiting attribute path : drug
04:51:49.758 [main] DEBUG o.h.l.p.b.i.spaces.QuerySpacesImpl - Adding QuerySpace : uid = &lt;gen:1&gt; -&gt; org.hibernate.loader.plan.build.internal.spaces.EntityQuerySpaceImpl@57cc9d6f]
04:51:49.758 [main] DEBUG o.h.p.w.spi.MetamodelGraphWalker - Visiting attribute path : endDate
04:51:49.758 [main] DEBUG o.h.p.w.spi.MetamodelGraphWalker - Visiting attribute path : patient
04:51:49.758 [main] DEBUG o.h.l.p.b.i.spaces.QuerySpacesImpl - Adding QuerySpace : uid = &lt;gen:2&gt; -&gt; org.hibernate.loader.plan.build.internal.spaces.EntityQuerySpaceImpl@2fe12475]
04:51:49.758 [main] DEBUG o.h.p.w.spi.MetamodelGraphWalker - Visiting attribute path : renewals
04:51:49.758 [main] DEBUG o.h.p.w.spi.MetamodelGraphWalker - Visiting attribute path : startDate
04:51:49.758 [main] DEBUG o.h.l.p.b.i.FetchStyleLoadPlanBuildingAssociationVisitationStrategy - Building LoadPlan...
04:51:49.758 [main] DEBUG o.h.l.p.e.i.LoadQueryJoinAndFetchProcessor - processing queryspace &lt;gen:0&gt;
04:51:49.759 [main] DEBUG o.h.l.p.b.spi.LoadPlanTreePrinter - LoadPlan(entity=edu.ncsu.csc.itrust2.models.persistent.Prescription)
    - Returns
       - EntityReturnImpl(entity=edu.ncsu.csc.itrust2.models.persistent.Prescription, querySpaceUid=&lt;gen:0&gt;, path=edu.ncsu.csc.itrust2.models.persistent.Prescription)
          - EntityAttributeFetchImpl(entity=edu.ncsu.csc.itrust2.models.persistent.Drug, querySpaceUid=&lt;gen:1&gt;, path=edu.ncsu.csc.itrust2.models.persistent.Prescription.drug)
          - EntityAttributeFetchImpl(entity=edu.ncsu.csc.itrust2.models.persistent.User, querySpaceUid=&lt;gen:2&gt;, path=edu.ncsu.csc.itrust2.models.persistent.Prescription.patient)
    - QuerySpaces
       - EntityQuerySpaceImpl(uid=&lt;gen:0&gt;, entity=edu.ncsu.csc.itrust2.models.persistent.Prescription)
          - SQL table alias mapping - prescripti0_
          - alias suffix - 0_
          - suffixed key columns - {id1_14_0_}

04:51:49.759 [main] DEBUG o.h.loader.entity.plan.EntityLoader - Static select for entity edu.ncsu.csc.itrust2.models.persistent.Prescription [UPGRADE_NOWAIT]: select prescripti0_.id as id1_14_0_, prescripti0_.dosage as dosage2_14_0_, prescripti0_.drug_id as drug_id6_14_0_, prescripti0_.endDate as endDate3_14_0_, prescripti0_.patient_id as patient_7_14_0_, prescripti0_.renewals as renewals4_14_0_, prescripti0_.startDate as startDat5_14_0_ from Prescriptions prescripti0_ where prescripti0_.id=? for update
04:51:49.759 [main] DEBUG o.h.l.p.b.i.spaces.QuerySpacesImpl - Adding QuerySpace : uid = &lt;gen:0&gt; -&gt; org.hibernate.loader.plan.build.internal.spaces.EntityQuerySpaceImpl@35f9ea47]
04:51:49.759 [main] DEBUG o.h.p.w.spi.MetamodelGraphWalker - Visiting attribute path : dosage
04:51:49.759 [main] DEBUG o.h.p.w.spi.MetamodelGraphWalker - Visiting attribute path : drug
04:51:49.759 [main] DEBUG o.h.l.p.b.i.spaces.QuerySpacesImpl - Adding QuerySpace : uid = &lt;gen:1&gt; -&gt; org.hibernate.loader.plan.build.internal.spaces.EntityQuerySpaceImpl@6194af6f]
04:51:49.759 [main] DEBUG o.h.p.w.spi.MetamodelGraphWalker - Visiting attribute path : endDate
04:51:49.759 [main] DEBUG o.h.p.w.spi.MetamodelGraphWalker - Visiting attribute path : patient
04:51:49.759 [main] DEBUG o.h.l.p.b.i.spaces.QuerySpacesImpl - Adding QuerySpace : uid = &lt;gen:2&gt; -&gt; org.hibernate.loader.plan.build.internal.spaces.EntityQuerySpaceImpl@47f0eda4]
04:51:49.759 [main] DEBUG o.h.p.w.spi.MetamodelGraphWalker - Visiting attribute path : renewals
04:51:49.760 [main] DEBUG o.h.p.w.spi.MetamodelGraphWalker - Visiting attribute path : startDate
04:51:49.760 [main] DEBUG o.h.l.p.b.i.FetchStyleLoadPlanBuildingAssociationVisitationStrategy - Building LoadPlan...
04:51:49.760 [main] DEBUG o.h.l.p.e.i.LoadQueryJoinAndFetchProcessor - processing queryspace &lt;gen:0&gt;
04:51:49.760 [main] DEBUG o.h.l.p.b.spi.LoadPlanTreePrinter - LoadPlan(entity=edu.ncsu.csc.itrust2.models.persistent.Prescription)
    - Returns
       - EntityReturnImpl(entity=edu.ncsu.csc.itrust2.models.persistent.Prescription, querySpaceUid=&lt;gen:0&gt;, path=edu.ncsu.csc.itrust2.models.persistent.Prescription)
          - EntityAttributeFetchImpl(entity=edu.ncsu.csc.itrust2.models.persistent.Drug, querySpaceUid=&lt;gen:1&gt;, path=edu.ncsu.csc.itrust2.models.persistent.Prescription.drug)
          - EntityAttributeFetchImpl(entity=edu.ncsu.csc.itrust2.models.persistent.User, querySpaceUid=&lt;gen:2&gt;, path=edu.ncsu.csc.itrust2.models.persistent.Prescription.patient)
    - QuerySpaces
       - EntityQuerySpaceImpl(uid=&lt;gen:0&gt;, entity=edu.ncsu.csc.itrust2.models.persistent.Prescription)
          - SQL table alias mapping - prescripti0_
          - alias suffix - 0_
          - suffixed key columns - {id1_14_0_}

04:51:49.760 [main] DEBUG o.h.loader.entity.plan.EntityLoader - Static select for entity edu.ncsu.csc.itrust2.models.persistent.Prescription [UPGRADE_SKIPLOCKED]: select prescripti0_.id as id1_14_0_, prescripti0_.dosage as dosage2_14_0_, prescripti0_.drug_id as drug_id6_14_0_, prescripti0_.endDate as endDate3_14_0_, prescripti0_.patient_id as patient_7_14_0_, prescripti0_.renewals as renewals4_14_0_, prescripti0_.startDate as startDat5_14_0_ from Prescriptions prescripti0_ where prescripti0_.id=? for update
04:51:49.760 [main] DEBUG o.h.l.p.b.i.spaces.QuerySpacesImpl - Adding QuerySpace : uid = &lt;gen:0&gt; -&gt; org.hibernate.loader.plan.build.internal.spaces.EntityQuerySpaceImpl@3da18ccf]
04:51:49.760 [main] DEBUG o.h.p.w.spi.MetamodelGraphWalker - Visiting attribute path : dosage
04:51:49.760 [main] DEBUG o.h.p.w.spi.MetamodelGraphWalker - Visiting attribute path : drug
04:51:49.763 [main] DEBUG o.h.l.p.b.i.spaces.QuerySpacesImpl - Adding QuerySpace : uid = &lt;gen:1&gt; -&gt; org.hibernate.loader.plan.build.internal.spaces.EntityQuerySpaceImpl@28e64ca0]
04:51:49.763 [main] DEBUG o.h.p.w.spi.MetamodelGraphWalker - Visiting attribute path : endDate
04:51:49.763 [main] DEBUG o.h.p.w.spi.MetamodelGraphWalker - Visiting attribute path : patient
04:51:49.764 [main] DEBUG o.h.l.p.b.i.spaces.QuerySpacesImpl - Adding QuerySpace : uid = &lt;gen:2&gt; -&gt; org.hibernate.loader.plan.build.internal.spaces.EntityQuerySpaceImpl@683b19d5]
04:51:49.764 [main] DEBUG o.h.p.w.spi.MetamodelGraphWalker - Visiting attribute path : renewals
04:51:49.764 [main] DEBUG o.h.p.w.spi.MetamodelGraphWalker - Visiting attribute path : startDate
04:51:49.764 [main] DEBUG o.h.l.p.b.i.FetchStyleLoadPlanBuildingAssociationVisitationStrategy - Building LoadPlan...
04:51:49.764 [main] DEBUG o.h.l.p.e.i.LoadQueryJoinAndFetchProcessor - processing queryspace &lt;gen:0&gt;
04:51:49.766 [main] DEBUG o.h.l.p.b.spi.LoadPlanTreePrinter - LoadPlan(entity=edu.ncsu.csc.itrust2.models.persistent.Prescription)
    - Returns
       - EntityReturnImpl(entity=edu.ncsu.csc.itrust2.models.persistent.Prescription, querySpaceUid=&lt;gen:0&gt;, path=edu.ncsu.csc.itrust2.models.persistent.Prescription)
          - EntityAttributeFetchImpl(entity=edu.ncsu.csc.itrust2.models.persistent.Drug, querySpaceUid=&lt;gen:1&gt;, path=edu.ncsu.csc.itrust2.models.persistent.Prescription.drug)
          - EntityAttributeFetchImpl(entity=edu.ncsu.csc.itrust2.models.persistent.User, querySpaceUid=&lt;gen:2&gt;, path=edu.ncsu.csc.itrust2.models.persistent.Prescription.patient)
    - QuerySpaces
       - EntityQuerySpaceImpl(uid=&lt;gen:0&gt;, entity=edu.ncsu.csc.itrust2.models.persistent.Prescription)
          - SQL table alias mapping - prescripti0_
          - alias suffix - 0_
          - suffixed key columns - {id1_14_0_}

04:51:49.766 [main] DEBUG o.h.loader.entity.plan.EntityLoader - Static select for entity edu.ncsu.csc.itrust2.models.persistent.Prescription [FORCE]: select prescripti0_.id as id1_14_0_, prescripti0_.dosage as dosage2_14_0_, prescripti0_.drug_id as drug_id6_14_0_, prescripti0_.endDate as endDate3_14_0_, prescripti0_.patient_id as patient_7_14_0_, prescripti0_.renewals as renewals4_14_0_, prescripti0_.startDate as startDat5_14_0_ from Prescriptions prescripti0_ where prescripti0_.id=? for update
04:51:49.766 [main] DEBUG o.h.l.p.b.i.spaces.QuerySpacesImpl - Adding QuerySpace : uid = &lt;gen:0&gt; -&gt; org.hibernate.loader.plan.build.internal.spaces.EntityQuerySpaceImpl@59cd27e9]
04:51:49.767 [main] DEBUG o.h.p.w.spi.MetamodelGraphWalker - Visiting attribute path : dosage
04:51:49.767 [main] DEBUG o.h.p.w.spi.MetamodelGraphWalker - Visiting attribute path : drug
04:51:49.767 [main] DEBUG o.h.l.p.b.i.spaces.QuerySpacesImpl - Adding QuerySpace : uid = &lt;gen:1&gt; -&gt; org.hibernate.loader.plan.build.internal.spaces.EntityQuerySpaceImpl@44521805]
04:51:49.767 [main] DEBUG o.h.p.w.spi.MetamodelGraphWalker - Visiting attribute path : endDate
04:51:49.767 [main] DEBUG o.h.p.w.spi.MetamodelGraphWalker - Visiting attribute path : patient
04:51:49.767 [main] DEBUG o.h.l.p.b.i.spaces.QuerySpacesImpl - Adding QuerySpace : uid = &lt;gen:2&gt; -&gt; org.hibernate.loader.plan.build.internal.spaces.EntityQuerySpaceImpl@741744eb]
04:51:49.767 [main] DEBUG o.h.p.w.spi.MetamodelGraphWalker - Visiting attribute path : renewals
04:51:49.767 [main] DEBUG o.h.p.w.spi.MetamodelGraphWalker - Visiting attribute path : startDate
04:51:49.767 [main] DEBUG o.h.l.p.b.i.FetchStyleLoadPlanBuildingAssociationVisitationStrategy - Building LoadPlan...
04:51:49.768 [main] DEBUG o.h.l.p.e.i.LoadQueryJoinAndFetchProcessor - processing queryspace &lt;gen:0&gt;
04:51:49.768 [main] DEBUG o.h.l.p.b.spi.LoadPlanTreePrinter - LoadPlan(entity=edu.ncsu.csc.itrust2.models.persistent.Prescription)
    - Returns
       - EntityReturnImpl(entity=edu.ncsu.csc.itrust2.models.persistent.Prescription, querySpaceUid=&lt;gen:0&gt;, path=edu.ncsu.csc.itrust2.models.persistent.Prescription)
          - EntityAttributeFetchImpl(entity=edu.ncsu.csc.itrust2.models.persistent.Drug, querySpaceUid=&lt;gen:1&gt;, path=edu.ncsu.csc.itrust2.models.persistent.Prescription.drug)
          - EntityAttributeFetchImpl(entity=edu.ncsu.csc.itrust2.models.persistent.User, querySpaceUid=&lt;gen:2&gt;, path=edu.ncsu.csc.itrust2.models.persistent.Prescription.patient)
    - QuerySpaces
       - EntityQuerySpaceImpl(uid=&lt;gen:0&gt;, entity=edu.ncsu.csc.itrust2.models.persistent.Prescription)
          - SQL table alias mapping - prescripti0_
          - alias suffix - 0_
          - suffixed key columns - {id1_14_0_}

04:51:49.768 [main] DEBUG o.h.loader.entity.plan.EntityLoader - Static select for entity edu.ncsu.csc.itrust2.models.persistent.Prescription [PESSIMISTIC_READ]: select prescripti0_.id as id1_14_0_, prescripti0_.dosage as dosage2_14_0_, prescripti0_.drug_id as drug_id6_14_0_, prescripti0_.endDate as endDate3_14_0_, prescripti0_.patient_id as patient_7_14_0_, prescripti0_.renewals as renewals4_14_0_, prescripti0_.startDate as startDat5_14_0_ from Prescriptions prescripti0_ where prescripti0_.id=? lock in share mode
04:51:49.768 [main] DEBUG o.h.l.p.b.i.spaces.QuerySpacesImpl - Adding QuerySpace : uid = &lt;gen:0&gt; -&gt; org.hibernate.loader.plan.build.internal.spaces.EntityQuerySpaceImpl@44d5d7ef]
04:51:49.768 [main] DEBUG o.h.p.w.spi.MetamodelGraphWalker - Visiting attribute path : dosage
04:51:49.768 [main] DEBUG o.h.p.w.spi.MetamodelGraphWalker - Visiting attribute path : drug
04:51:49.768 [main] DEBUG o.h.l.p.b.i.spaces.QuerySpacesImpl - Adding QuerySpace : uid = &lt;gen:1&gt; -&gt; org.hibernate.loader.plan.build.internal.spaces.EntityQuerySpaceImpl@103983a3]
04:51:49.768 [main] DEBUG o.h.p.w.spi.MetamodelGraphWalker - Visiting attribute path : endDate
04:51:49.768 [main] DEBUG o.h.p.w.spi.MetamodelGraphWalker - Visiting attribute path : patient
04:51:49.769 [main] DEBUG o.h.l.p.b.i.spaces.QuerySpacesImpl - Adding QuerySpace : uid = &lt;gen:2&gt; -&gt; org.hibernate.loader.plan.build.internal.spaces.EntityQuerySpaceImpl@5ec7bd53]
04:51:49.769 [main] DEBUG o.h.p.w.spi.MetamodelGraphWalker - Visiting attribute path : renewals
04:51:49.769 [main] DEBUG o.h.p.w.spi.MetamodelGraphWalker - Visiting attribute path : startDate
04:51:49.769 [main] DEBUG o.h.l.p.b.i.FetchStyleLoadPlanBuildingAssociationVisitationStrategy - Building LoadPlan...
04:51:49.769 [main] DEBUG o.h.l.p.e.i.LoadQueryJoinAndFetchProcessor - processing queryspace &lt;gen:0&gt;
04:51:49.769 [main] DEBUG o.h.l.p.b.spi.LoadPlanTreePrinter - LoadPlan(entity=edu.ncsu.csc.itrust2.models.persistent.Prescription)
    - Returns
       - EntityReturnImpl(entity=edu.ncsu.csc.itrust2.models.persistent.Prescription, querySpaceUid=&lt;gen:0&gt;, path=edu.ncsu.csc.itrust2.models.persistent.Prescription)
          - EntityAttributeFetchImpl(entity=edu.ncsu.csc.itrust2.models.persistent.Drug, querySpaceUid=&lt;gen:1&gt;, path=edu.ncsu.csc.itrust2.models.persistent.Prescription.drug)
          - EntityAttributeFetchImpl(entity=edu.ncsu.csc.itrust2.models.persistent.User, querySpaceUid=&lt;gen:2&gt;, path=edu.ncsu.csc.itrust2.models.persistent.Prescription.patient)
    - QuerySpaces
       - EntityQuerySpaceImpl(uid=&lt;gen:0&gt;, entity=edu.ncsu.csc.itrust2.models.persistent.Prescription)
          - SQL table alias mapping - prescripti0_
          - alias suffix - 0_
          - suffixed key columns - {id1_14_0_}

04:51:49.769 [main] DEBUG o.h.loader.entity.plan.EntityLoader - Static select for entity edu.ncsu.csc.itrust2.models.persistent.Prescription [PESSIMISTIC_WRITE]: select prescripti0_.id as id1_14_0_, prescripti0_.dosage as dosage2_14_0_, prescripti0_.drug_id as drug_id6_14_0_, prescripti0_.endDate as endDate3_14_0_, prescripti0_.patient_id as patient_7_14_0_, prescripti0_.renewals as renewals4_14_0_, prescripti0_.startDate as startDat5_14_0_ from Prescriptions prescripti0_ where prescripti0_.id=? for update
04:51:49.770 [main] DEBUG o.h.l.p.b.i.spaces.QuerySpacesImpl - Adding QuerySpace : uid = &lt;gen:0&gt; -&gt; org.hibernate.loader.plan.build.internal.spaces.EntityQuerySpaceImpl@344773cb]
04:51:49.770 [main] DEBUG o.h.p.w.spi.MetamodelGraphWalker - Visiting attribute path : dosage
04:51:49.770 [main] DEBUG o.h.p.w.spi.MetamodelGraphWalker - Visiting attribute path : drug
04:51:49.770 [main] DEBUG o.h.l.p.b.i.spaces.QuerySpacesImpl - Adding QuerySpace : uid = &lt;gen:1&gt; -&gt; org.hibernate.loader.plan.build.internal.spaces.EntityQuerySpaceImpl@55358d2a]
04:51:49.770 [main] DEBUG o.h.p.w.spi.MetamodelGraphWalker - Visiting attribute path : endDate
04:51:49.770 [main] DEBUG o.h.p.w.spi.MetamodelGraphWalker - Visiting attribute path : patient
04:51:49.770 [main] DEBUG o.h.l.p.b.i.spaces.QuerySpacesImpl - Adding QuerySpace : uid = &lt;gen:2&gt; -&gt; org.hibernate.loader.plan.build.internal.spaces.EntityQuerySpaceImpl@367b9ffa]
04:51:49.770 [main] DEBUG o.h.p.w.spi.MetamodelGraphWalker - Visiting attribute path : renewals
04:51:49.770 [main] DEBUG o.h.p.w.spi.MetamodelGraphWalker - Visiting attribute path : startDate
04:51:49.770 [main] DEBUG o.h.l.p.b.i.FetchStyleLoadPlanBuildingAssociationVisitationStrategy - Building LoadPlan...
04:51:49.771 [main] DEBUG o.h.l.p.e.i.LoadQueryJoinAndFetchProcessor - processing queryspace &lt;gen:0&gt;
04:51:49.771 [main] DEBUG o.h.l.p.b.spi.LoadPlanTreePrinter - LoadPlan(entity=edu.ncsu.csc.itrust2.models.persistent.Prescription)
    - Returns
       - EntityReturnImpl(entity=edu.ncsu.csc.itrust2.models.persistent.Prescription, querySpaceUid=&lt;gen:0&gt;, path=edu.ncsu.csc.itrust2.models.persistent.Prescription)
          - EntityAttributeFetchImpl(entity=edu.ncsu.csc.itrust2.models.persistent.Drug, querySpaceUid=&lt;gen:1&gt;, path=edu.ncsu.csc.itrust2.models.persistent.Prescription.drug)
          - EntityAttributeFetchImpl(entity=edu.ncsu.csc.itrust2.models.persistent.User, querySpaceUid=&lt;gen:2&gt;, path=edu.ncsu.csc.itrust2.models.persistent.Prescription.patient)
    - QuerySpaces
       - EntityQuerySpaceImpl(uid=&lt;gen:0&gt;, entity=edu.ncsu.csc.itrust2.models.persistent.Prescription)
          - SQL table alias mapping - prescripti0_
          - alias suffix - 0_
          - suffixed key columns - {id1_14_0_}

04:51:49.771 [main] DEBUG o.h.loader.entity.plan.EntityLoader - Static select for entity edu.ncsu.csc.itrust2.models.persistent.Prescription [PESSIMISTIC_FORCE_INCREMENT]: select prescripti0_.id as id1_14_0_, prescripti0_.dosage as dosage2_14_0_, prescripti0_.drug_id as drug_id6_14_0_, prescripti0_.endDate as endDate3_14_0_, prescripti0_.patient_id as patient_7_14_0_, prescripti0_.renewals as renewals4_14_0_, prescripti0_.startDate as startDat5_14_0_ from Prescriptions prescripti0_ where prescripti0_.id=? for update
04:51:49.771 [main] DEBUG o.h.l.p.b.i.spaces.QuerySpacesImpl - Adding QuerySpace : uid = &lt;gen:0&gt; -&gt; org.hibernate.loader.plan.build.internal.spaces.EntityQuerySpaceImpl@392d7bd5]
04:51:49.771 [main] DEBUG o.h.p.w.spi.MetamodelGraphWalker - Visiting attribute path : dosage
04:51:49.771 [main] DEBUG o.h.p.w.spi.MetamodelGraphWalker - Visiting attribute path : drug
04:51:49.771 [main] DEBUG o.h.l.p.b.i.spaces.QuerySpacesImpl - Adding QuerySpace : uid = &lt;gen:1&gt; -&gt; org.hibernate.loader.plan.build.internal.spaces.EntityQuerySpaceImpl@20bc49f4]
04:51:49.771 [main] DEBUG o.h.p.w.spi.MetamodelGraphWalker - Visiting attribute path : endDate
04:51:49.771 [main] DEBUG o.h.p.w.spi.MetamodelGraphWalker - Visiting attribute path : patient
04:51:49.771 [main] DEBUG o.h.l.p.b.i.spaces.QuerySpacesImpl - Adding QuerySpace : uid = &lt;gen:2&gt; -&gt; org.hibernate.loader.plan.build.internal.spaces.EntityQuerySpaceImpl@4a529656]
04:51:49.772 [main] DEBUG o.h.p.w.spi.MetamodelGraphWalker - Visiting attribute path : renewals
04:51:49.772 [main] DEBUG o.h.p.w.spi.MetamodelGraphWalker - Visiting attribute path : startDate
04:51:49.772 [main] DEBUG o.h.l.p.b.i.FetchStyleLoadPlanBuildingAssociationVisitationStrategy - Building LoadPlan...
04:51:49.772 [main] DEBUG o.h.l.p.e.i.LoadQueryJoinAndFetchProcessor - processing queryspace &lt;gen:0&gt;
04:51:49.775 [main] DEBUG o.h.l.p.b.spi.LoadPlanTreePrinter - LoadPlan(entity=edu.ncsu.csc.itrust2.models.persistent.Prescription)
    - Returns
       - EntityReturnImpl(entity=edu.ncsu.csc.itrust2.models.persistent.Prescription, querySpaceUid=&lt;gen:0&gt;, path=edu.ncsu.csc.itrust2.models.persistent.Prescription)
          - EntityAttributeFetchImpl(entity=edu.ncsu.csc.itrust2.models.persistent.Drug, querySpaceUid=&lt;gen:1&gt;, path=edu.ncsu.csc.itrust2.models.persistent.Prescription.drug)
          - EntityAttributeFetchImpl(entity=edu.ncsu.csc.itrust2.models.persistent.User, querySpaceUid=&lt;gen:2&gt;, path=edu.ncsu.csc.itrust2.models.persistent.Prescription.patient)
    - QuerySpaces
       - EntityQuerySpaceImpl(uid=&lt;gen:0&gt;, entity=edu.ncsu.csc.itrust2.models.persistent.Prescription)
          - SQL table alias mapping - prescripti0_
          - alias suffix - 0_
          - suffixed key columns - {id1_14_0_}

04:51:49.775 [main] DEBUG o.h.loader.entity.plan.EntityLoader - Static select for entity edu.ncsu.csc.itrust2.models.persistent.Prescription [OPTIMISTIC]: select prescripti0_.id as id1_14_0_, prescripti0_.dosage as dosage2_14_0_, prescripti0_.drug_id as drug_id6_14_0_, prescripti0_.endDate as endDate3_14_0_, prescripti0_.patient_id as patient_7_14_0_, prescripti0_.renewals as renewals4_14_0_, prescripti0_.startDate as startDat5_14_0_ from Prescriptions prescripti0_ where prescripti0_.id=?
04:51:49.775 [main] DEBUG o.h.l.p.b.i.spaces.QuerySpacesImpl - Adding QuerySpace : uid = &lt;gen:0&gt; -&gt; org.hibernate.loader.plan.build.internal.spaces.EntityQuerySpaceImpl@18f3af1a]
04:51:49.775 [main] DEBUG o.h.p.w.spi.MetamodelGraphWalker - Visiting attribute path : dosage
04:51:49.775 [main] DEBUG o.h.p.w.spi.MetamodelGraphWalker - Visiting attribute path : drug
04:51:49.776 [main] DEBUG o.h.l.p.b.i.spaces.QuerySpacesImpl - Adding QuerySpace : uid = &lt;gen:1&gt; -&gt; org.hibernate.loader.plan.build.internal.spaces.EntityQuerySpaceImpl@4d55e486]
04:51:49.776 [main] DEBUG o.h.p.w.spi.MetamodelGraphWalker - Visiting attribute path : endDate
04:51:49.776 [main] DEBUG o.h.p.w.spi.MetamodelGraphWalker - Visiting attribute path : patient
04:51:49.776 [main] DEBUG o.h.l.p.b.i.spaces.QuerySpacesImpl - Adding QuerySpace : uid = &lt;gen:2&gt; -&gt; org.hibernate.loader.plan.build.internal.spaces.EntityQuerySpaceImpl@13eb3b5c]
04:51:49.776 [main] DEBUG o.h.p.w.spi.MetamodelGraphWalker - Visiting attribute path : renewals
04:51:49.776 [main] DEBUG o.h.p.w.spi.MetamodelGraphWalker - Visiting attribute path : startDate
04:51:49.776 [main] DEBUG o.h.l.p.b.i.FetchStyleLoadPlanBuildingAssociationVisitationStrategy - Building LoadPlan...
04:51:49.776 [main] DEBUG o.h.l.p.e.i.LoadQueryJoinAndFetchProcessor - processing queryspace &lt;gen:0&gt;
04:51:49.777 [main] DEBUG o.h.l.p.b.spi.LoadPlanTreePrinter - LoadPlan(entity=edu.ncsu.csc.itrust2.models.persistent.Prescription)
    - Returns
       - EntityReturnImpl(entity=edu.ncsu.csc.itrust2.models.persistent.Prescription, querySpaceUid=&lt;gen:0&gt;, path=edu.ncsu.csc.itrust2.models.persistent.Prescription)
          - EntityAttributeFetchImpl(entity=edu.ncsu.csc.itrust2.models.persistent.Drug, querySpaceUid=&lt;gen:1&gt;, path=edu.ncsu.csc.itrust2.models.persistent.Prescription.drug)
          - EntityAttributeFetchImpl(entity=edu.ncsu.csc.itrust2.models.persistent.User, querySpaceUid=&lt;gen:2&gt;, path=edu.ncsu.csc.itrust2.models.persistent.Prescription.patient)
    - QuerySpaces
       - EntityQuerySpaceImpl(uid=&lt;gen:0&gt;, entity=edu.ncsu.csc.itrust2.models.persistent.Prescription)
          - SQL table alias mapping - prescripti0_
          - alias suffix - 0_
          - suffixed key columns - {id1_14_0_}

04:51:49.777 [main] DEBUG o.h.loader.entity.plan.EntityLoader - Static select for entity edu.ncsu.csc.itrust2.models.persistent.Prescription [OPTIMISTIC_FORCE_INCREMENT]: select prescripti0_.id as id1_14_0_, prescripti0_.dosage as dosage2_14_0_, prescripti0_.drug_id as drug_id6_14_0_, prescripti0_.endDate as endDate3_14_0_, prescripti0_.patient_id as patient_7_14_0_, prescripti0_.renewals as renewals4_14_0_, prescripti0_.startDate as startDat5_14_0_ from Prescriptions prescripti0_ where prescripti0_.id=?
04:51:49.777 [main] DEBUG org.hibernate.loader.Loader - Static select for action ACTION_MERGE on entity edu.ncsu.csc.itrust2.models.persistent.Prescription: select prescripti0_.id as id1_14_0_, prescripti0_.dosage as dosage2_14_0_, prescripti0_.drug_id as drug_id6_14_0_, prescripti0_.endDate as endDate3_14_0_, prescripti0_.patient_id as patient_7_14_0_, prescripti0_.renewals as renewals4_14_0_, prescripti0_.startDate as startDat5_14_0_ from Prescriptions prescripti0_ where prescripti0_.id=?
04:51:49.778 [main] DEBUG org.hibernate.loader.Loader - Static select for action ACTION_REFRESH on entity edu.ncsu.csc.itrust2.models.persistent.Prescription: select prescripti0_.id as id1_14_0_, prescripti0_.dosage as dosage2_14_0_, prescripti0_.drug_id as drug_id6_14_0_, prescripti0_.endDate as endDate3_14_0_, prescripti0_.patient_id as patient_7_14_0_, prescripti0_.renewals as renewals4_14_0_, prescripti0_.startDate as startDat5_14_0_ from Prescriptions prescripti0_ where prescripti0_.id=?
04:51:49.788 [main] DEBUG o.h.l.p.b.i.spaces.QuerySpacesImpl - Adding QuerySpace : uid = &lt;gen:0&gt; -&gt; org.hibernate.loader.plan.build.internal.spaces.CollectionQuerySpaceImpl@504c8c7e]
04:51:49.788 [main] DEBUG o.h.l.p.b.i.spaces.QuerySpacesImpl - Adding QuerySpace : uid = &lt;gen:1&gt; -&gt; org.hibernate.loader.plan.build.internal.spaces.EntityQuerySpaceImpl@47e96c5c]
04:51:49.788 [main] DEBUG o.h.p.w.spi.MetamodelGraphWalker - Visiting attribute path : dosage
04:51:49.788 [main] DEBUG o.h.p.w.spi.MetamodelGraphWalker - Visiting attribute path : drug
04:51:49.789 [main] DEBUG o.h.l.p.b.i.spaces.QuerySpacesImpl - Adding QuerySpace : uid = &lt;gen:2&gt; -&gt; org.hibernate.loader.plan.build.internal.spaces.EntityQuerySpaceImpl@54f096d]
04:51:49.789 [main] DEBUG o.h.p.w.spi.MetamodelGraphWalker - Visiting attribute path : drug.code
04:51:49.789 [main] DEBUG o.h.p.w.spi.MetamodelGraphWalker - Visiting attribute path : drug.description
04:51:49.789 [main] DEBUG o.h.p.w.spi.MetamodelGraphWalker - Visiting attribute path : drug.name
04:51:49.789 [main] DEBUG o.h.p.w.spi.MetamodelGraphWalker - Visiting attribute path : endDate
04:51:49.789 [main] DEBUG o.h.p.w.spi.MetamodelGraphWalker - Visiting attribute path : patient
04:51:49.790 [main] DEBUG o.h.l.p.b.i.spaces.QuerySpacesImpl - Adding QuerySpace : uid = &lt;gen:3&gt; -&gt; org.hibernate.loader.plan.build.internal.spaces.EntityQuerySpaceImpl@2b25a884]
04:51:49.792 [main] DEBUG o.h.p.w.spi.MetamodelGraphWalker - Visiting attribute path : patient.enabled
04:51:49.792 [main] DEBUG o.h.p.w.spi.MetamodelGraphWalker - Visiting attribute path : patient.password
04:51:49.792 [main] DEBUG o.h.p.w.spi.MetamodelGraphWalker - Visiting attribute path : patient.role
04:51:49.793 [main] DEBUG o.h.p.w.spi.MetamodelGraphWalker - Visiting attribute path : renewals
04:51:49.793 [main] DEBUG o.h.p.w.spi.MetamodelGraphWalker - Visiting attribute path : startDate
04:51:49.793 [main] DEBUG o.h.l.p.b.i.FetchStyleLoadPlanBuildingAssociationVisitationStrategy - Building LoadPlan...
04:51:49.796 [main] DEBUG o.h.l.p.e.i.LoadQueryJoinAndFetchProcessor - processing queryspace &lt;gen:0&gt;
04:51:49.797 [main] DEBUG o.h.l.p.b.spi.LoadPlanTreePrinter - LoadPlan(collection=edu.ncsu.csc.itrust2.models.persistent.OfficeVisit.prescriptions)
    - Returns
       - CollectionReturnImpl(collection=edu.ncsu.csc.itrust2.models.persistent.OfficeVisit.prescriptions, querySpaceUid=&lt;gen:0&gt;, path=[edu.ncsu.csc.itrust2.models.persistent.OfficeVisit.prescriptions])
          - (collection element) CollectionFetchableElementEntityGraph(entity=edu.ncsu.csc.itrust2.models.persistent.Prescription, querySpaceUid=&lt;gen:1&gt;, path=[edu.ncsu.csc.itrust2.models.persistent.OfficeVisit.prescriptions].&lt;elements&gt;)
             - EntityAttributeFetchImpl(entity=edu.ncsu.csc.itrust2.models.persistent.Drug, querySpaceUid=&lt;gen:2&gt;, path=[edu.ncsu.csc.itrust2.models.persistent.OfficeVisit.prescriptions].&lt;elements&gt;.drug)
             - EntityAttributeFetchImpl(entity=edu.ncsu.csc.itrust2.models.persistent.User, querySpaceUid=&lt;gen:3&gt;, path=[edu.ncsu.csc.itrust2.models.persistent.OfficeVisit.prescriptions].&lt;elements&gt;.patient)
    - QuerySpaces
       - CollectionQuerySpaceImpl(uid=&lt;gen:0&gt;, collection=edu.ncsu.csc.itrust2.models.persistent.OfficeVisit.prescriptions)
          - SQL table alias mapping - prescripti0_
          - alias suffix - 0_
          - suffixed key columns - {prescrip8_14_0_}
          - entity-element alias suffix - 1_
          - 1_entity-element suffixed key columns - id1_14_1_
          - JOIN (JoinDefinedByMetadata(elements)) : &lt;gen:0&gt; -&gt; &lt;gen:1&gt;
             - EntityQuerySpaceImpl(uid=&lt;gen:1&gt;, entity=edu.ncsu.csc.itrust2.models.persistent.Prescription)
                - SQL table alias mapping - prescripti0_
                - alias suffix - 1_
                - suffixed key columns - {id1_14_1_}
                - JOIN (JoinDefinedByMetadata(drug)) : &lt;gen:1&gt; -&gt; &lt;gen:2&gt;
                   - EntityQuerySpaceImpl(uid=&lt;gen:2&gt;, entity=edu.ncsu.csc.itrust2.models.persistent.Drug)
                      - SQL table alias mapping - drug1_
                      - alias suffix - 2_
                      - suffixed key columns - {id1_3_2_}
                - JOIN (JoinDefinedByMetadata(patient)) : &lt;gen:1&gt; -&gt; &lt;gen:3&gt;
                   - EntityQuerySpaceImpl(uid=&lt;gen:3&gt;, entity=edu.ncsu.csc.itrust2.models.persistent.User)
                      - SQL table alias mapping - user2_
                      - alias suffix - 3_
                      - suffixed key columns - {username1_15_3_}

04:51:49.798 [main] DEBUG o.h.l.c.plan.CollectionLoader - Static select for collection edu.ncsu.csc.itrust2.models.persistent.OfficeVisit.prescriptions: select prescripti0_.prescriptions_id as prescrip8_14_0_, prescripti0_.id as id1_14_0_, prescripti0_.id as id1_14_1_, prescripti0_.dosage as dosage2_14_1_, prescripti0_.drug_id as drug_id6_14_1_, prescripti0_.endDate as endDate3_14_1_, prescripti0_.patient_id as patient_7_14_1_, prescripti0_.renewals as renewals4_14_1_, prescripti0_.startDate as startDat5_14_1_, drug1_.id as id1_3_2_, drug1_.code as code2_3_2_, drug1_.description as descript3_3_2_, drug1_.name as name4_3_2_, user2_.username as username1_15_3_, user2_.enabled as enabled2_15_3_, user2_.password as password3_15_3_, user2_.role as role4_15_3_ from Prescriptions prescripti0_ inner join Drugs drug1_ on prescripti0_.drug_id=drug1_.id inner join Users user2_ on prescripti0_.patient_id=user2_.username where prescripti0_.prescriptions_id=?
04:51:49.798 [main] DEBUG o.h.internal.SessionFactoryImpl - Instantiated session factory
04:51:49.806 [main] INFO  o.h.tool.hbm2ddl.SchemaUpdate - HHH000228: Running hbm2ddl schema update
04:51:49.888 [main] DEBUG org.hibernate.mapping.Table - No alter strings for table : AppointmentRequests
04:51:49.954 [main] DEBUG org.hibernate.mapping.Table - No alter strings for table : BasicHealthMetrics
04:51:49.974 [main] DEBUG org.hibernate.mapping.Table - No alter strings for table : Diagnoses
04:51:49.991 [main] DEBUG org.hibernate.mapping.Table - No alter strings for table : Drugs
04:51:50.006 [main] DEBUG org.hibernate.mapping.Table - No alter strings for table : hibernate_sequence
04:51:50.024 [main] DEBUG org.hibernate.mapping.Table - No alter strings for table : Hospitals
04:51:50.030 [main] DEBUG org.hibernate.mapping.Table - No alter strings for table : ICDCodes
04:51:50.045 [main] DEBUG org.hibernate.mapping.Table - No alter strings for table : LogEntries
04:51:50.055 [main] DEBUG org.hibernate.mapping.Table - No alter strings for table : LoginAttempts
04:51:50.068 [main] DEBUG org.hibernate.mapping.Table - No alter strings for table : LoginBans
04:51:50.080 [main] DEBUG org.hibernate.mapping.Table - No alter strings for table : LoginLockouts
04:51:50.106 [main] DEBUG org.hibernate.mapping.Table - No alter strings for table : OfficeVisits
04:51:50.115 [main] DEBUG org.hibernate.mapping.Table - No alter strings for table : PasswordResetTokens
04:51:50.197 [main] DEBUG org.hibernate.mapping.Table - No alter strings for table : Patients
04:51:50.233 [main] DEBUG org.hibernate.mapping.Table - No alter strings for table : Personnel
04:51:50.250 [main] DEBUG org.hibernate.mapping.Table - No alter strings for table : Prescriptions
04:51:50.260 [main] DEBUG org.hibernate.mapping.Table - No alter strings for table : Users
04:51:50.448 [main] DEBUG o.h.e.t.j.p.i.JtaPlatformInitiator - No JtaPlatform was specified, checking resolver
04:51:50.450 [main] DEBUG o.h.e.t.j.p.i.JtaPlatformResolverInitiator - No JtaPlatformResolver was specified, using default [org.hibernate.engine.transaction.jta.platform.internal.StandardJtaPlatformResolver]
04:51:50.454 [main] DEBUG o.h.e.t.j.p.i.StandardJtaPlatformResolver - Could not resolve JtaPlatform, using default [org.hibernate.engine.transaction.jta.platform.internal.NoJtaPlatform]
04:51:50.456 [main] DEBUG o.h.internal.NamedQueryRepository - Checking 0 named HQL queries
04:51:50.456 [main] DEBUG o.h.internal.NamedQueryRepository - Checking 0 named SQL queries
04:51:50.459 [main] DEBUG o.h.internal.SessionFactoryRegistry - Initializing SessionFactoryRegistry : org.hibernate.internal.SessionFactoryRegistry@476b1388
04:51:50.463 [main] DEBUG o.h.internal.SessionFactoryRegistry - Registering SessionFactory: 78b73131-f549-4fa7-82db-2d9cbd844fd6 (&lt;unnamed&gt;)
04:51:50.463 [main] DEBUG o.h.internal.SessionFactoryRegistry - Not binding SessionFactory to JNDI, no JNDI name configured
04:51:50.563 [main] DEBUG o.h.s.internal.StatisticsInitiator - Statistics initialized [enabled=false]
04:51:50.564 [main] DEBUG o.h.e.t.internal.TransactionImpl - begin
04:51:50.605 [main] DEBUG org.hibernate.SQL - select this_.username as username1_15_0_, this_.enabled as enabled2_15_0_, this_.password as password3_15_0_, this_.role as role4_15_0_ from Users this_ where this_.username=?
Hibernate: select this_.username as username1_15_0_, this_.enabled as enabled2_15_0_, this_.password as password3_15_0_, this_.role as role4_15_0_ from Users this_ where this_.username=?
04:51:50.631 [main] DEBUG o.h.e.t.internal.TransactionImpl - committing
04:51:50.635 [main] DEBUG o.h.e.t.internal.TransactionImpl - begin
04:51:50.638 [main] DEBUG org.hibernate.SQL - select this_.id as id1_13_1_, this_.address1 as address2_13_1_, this_.address2 as address3_13_1_, this_.city as city4_13_1_, this_.email as email5_13_1_, this_.enabled as enabled6_13_1_, this_.firstName as firstNam7_13_1_, this_.lastName as lastName8_13_1_, this_.phone as phone9_13_1_, this_.self_id as self_id13_13_1_, this_.specialty as special10_13_1_, this_.state as state11_13_1_, this_.zip as zip12_13_1_, user2_.username as username1_15_0_, user2_.enabled as enabled2_15_0_, user2_.password as password3_15_0_, user2_.role as role4_15_0_ from Personnel this_ left outer join Users user2_ on this_.self_id=user2_.username where this_.self_id=?
Hibernate: select this_.id as id1_13_1_, this_.address1 as address2_13_1_, this_.address2 as address3_13_1_, this_.city as city4_13_1_, this_.email as email5_13_1_, this_.enabled as enabled6_13_1_, this_.firstName as firstNam7_13_1_, this_.lastName as lastName8_13_1_, this_.phone as phone9_13_1_, this_.self_id as self_id13_13_1_, this_.specialty as special10_13_1_, this_.state as state11_13_1_, this_.zip as zip12_13_1_, user2_.username as username1_15_0_, user2_.enabled as enabled2_15_0_, user2_.password as password3_15_0_, user2_.role as role4_15_0_ from Personnel this_ left outer join Users user2_ on this_.self_id=user2_.username where this_.self_id=?
04:51:50.641 [main] DEBUG o.h.e.t.internal.TransactionImpl - committing
04:51:50.659 [main] DEBUG o.h.e.t.internal.TransactionImpl - begin
04:51:50.673 [main] DEBUG org.hibernate.SQL - select next_val as id_val from hibernate_sequence for update
Hibernate: select next_val as id_val from hibernate_sequence for update
04:51:50.674 [main] DEBUG org.hibernate.SQL - update hibernate_sequence set next_val= ? where next_val=?
Hibernate: update hibernate_sequence set next_val= ? where next_val=?
04:51:50.676 [main] DEBUG o.h.e.i.AbstractSaveEventListener - Generated identifier: 3, using strategy: org.hibernate.id.enhanced.SequenceStyleGenerator
04:51:50.703 [main] DEBUG o.h.e.t.internal.TransactionImpl - committing
04:51:50.704 [main] DEBUG o.h.e.i.AbstractFlushingEventListener - Processing flush-time cascades
04:51:50.705 [main] DEBUG o.h.e.i.AbstractFlushingEventListener - Dirty checking collections
04:51:50.708 [main] DEBUG o.h.e.i.AbstractFlushingEventListener - Flushed: 1 insertions, 0 updates, 0 deletions to 1 objects
04:51:50.708 [main] DEBUG o.h.e.i.AbstractFlushingEventListener - Flushed: 0 (re)creations, 0 updates, 0 removals to 0 collections
04:51:50.710 [main] DEBUG o.h.internal.util.EntityPrinter - Listing entities:
04:51:50.710 [main] DEBUG o.h.internal.util.EntityPrinter - edu.ncsu.csc.itrust2.models.persistent.LogEntry{secondaryUser=null, logCode=12, primaryUser=SPRING_API_TEST_USER, id=3, time=java.util.GregorianCalendar[time=1521521510659,areFieldsSet=true,areAllFieldsSet=true,lenient=true,zone=sun.util.calendar.ZoneInfo[id=&quot;Etc/UTC&quot;,offset=0,dstSavings=0,useDaylight=false,transitions=0,lastRule=null],firstDayOfWeek=1,minimalDaysInFirstWeek=1,ERA=1,YEAR=2018,MONTH=2,WEEK_OF_YEAR=12,WEEK_OF_MONTH=4,DAY_OF_MONTH=20,DAY_OF_YEAR=79,DAY_OF_WEEK=3,DAY_OF_WEEK_IN_MONTH=3,AM_PM=0,HOUR=4,HOUR_OF_DAY=4,MINUTE=51,SECOND=50,MILLISECOND=659,ZONE_OFFSET=0,DST_OFFSET=0], message=null}
04:51:50.753 [main] DEBUG org.hibernate.SQL - insert into LogEntries (logCode, message, primaryUser, secondaryUser, time, id) values (?, ?, ?, ?, ?, ?)
Hibernate: insert into LogEntries (logCode, message, primaryUser, secondaryUser, time, id) values (?, ?, ?, ?, ?, ?)
04:51:50.760 [main] DEBUG o.h.e.j.internal.JdbcCoordinatorImpl - HHH000420: Closing un-released batch
04:51:50.772 [main] DEBUG o.s.t.w.s.TestDispatcherServlet - Null ModelAndView returned to DispatcherServlet with name &apos;&apos;: assuming HandlerAdapter completed request handling
04:51:50.773 [main] DEBUG o.s.t.w.s.TestDispatcherServlet - Successfully completed request
04:51:50.773 [main] DEBUG o.s.b.f.s.DefaultListableBeanFactory - Returning cached instance of singleton bean &apos;loginAuditingListener&apos;
04:51:50.773 [main] DEBUG o.s.b.f.s.DefaultListableBeanFactory - Returning cached instance of singleton bean &apos;delegatingApplicationListener&apos;
04:51:50.779 [main] DEBUG o.s.t.c.s.AbstractDirtiesContextTestExecutionListener - After test method: context [DefaultTestContext@4f66ffc8 testClass = APIPersonnelTest, testInstance = edu.ncsu.csc.itrust2.apitest.APIPersonnelTest@7c47ae7d, testMethod = testGetNonExistentPersonnel@APIPersonnelTest, testException = java.lang.AssertionError: Status expected:&lt;404&gt; but was:&lt;200&gt;, mergedContextConfiguration = [WebMergedContextConfiguration@124ac145 testClass = APIPersonnelTest, locations = &apos;{}&apos;, classes = &apos;{class edu.ncsu.csc.itrust2.config.RootConfiguration, class edu.ncsu.csc.itrust2.mvc.config.WebMvcConfiguration}&apos;, contextInitializerClasses = &apos;[]&apos;, activeProfiles = &apos;{}&apos;, propertySourceLocations = &apos;{}&apos;, propertySourceProperties = &apos;{}&apos;, contextCustomizers = set[[empty]], resourceBasePath = &apos;src/main/webapp&apos;, contextLoader = &apos;org.springframework.test.context.web.WebDelegatingSmartContextLoader&apos;, parent = [null]]], class annotated with @DirtiesContext [false] with mode [null], method annotated with @DirtiesContext [false] with mode [null].
04:51:50.779 [main] DEBUG o.s.t.c.w.ServletTestExecutionListener - Resetting RequestContextHolder for test context [DefaultTestContext@4f66ffc8 testClass = APIPersonnelTest, testInstance = edu.ncsu.csc.itrust2.apitest.APIPersonnelTest@7c47ae7d, testMethod = testGetNonExistentPersonnel@APIPersonnelTest, testException = java.lang.AssertionError: Status expected:&lt;404&gt; but was:&lt;200&gt;, mergedContextConfiguration = [WebMergedContextConfiguration@124ac145 testClass = APIPersonnelTest, locations = &apos;{}&apos;, classes = &apos;{class edu.ncsu.csc.itrust2.config.RootConfiguration, class edu.ncsu.csc.itrust2.mvc.config.WebMvcConfiguration}&apos;, contextInitializerClasses = &apos;[]&apos;, activeProfiles = &apos;{}&apos;, propertySourceLocations = &apos;{}&apos;, propertySourceProperties = &apos;{}&apos;, contextCustomizers = set[[empty]], resourceBasePath = &apos;src/main/webapp&apos;, contextLoader = &apos;org.springframework.test.context.web.WebDelegatingSmartContextLoader&apos;, parent = [null]]].
</stdout>
          <stderr>Tue Mar 20 04:51:47 UTC 2018 WARN: Establishing SSL connection without server&apos;s identity verification is not recommended. According to MySQL 5.5.45+, 5.6.26+ and 5.7.6+ requirements SSL connection must be established by default if explicit option isn&apos;t set. For compliance with existing applications not using SSL the verifyServerCertificate property is set to &apos;false&apos;. You need either to explicitly disable SSL by setting useSSL=false, or set useSSL=true and provide truststore for server certificate verification.
Tue Mar 20 04:51:49 UTC 2018 WARN: Establishing SSL connection without server&apos;s identity verification is not recommended. According to MySQL 5.5.45+, 5.6.26+ and 5.7.6+ requirements SSL connection must be established by default if explicit option isn&apos;t set. For compliance with existing applications not using SSL the verifyServerCertificate property is set to &apos;false&apos;. You need either to explicitly disable SSL by setting useSSL=false, or set useSSL=true and provide truststore for server certificate verification.
</stderr>
          <failedSince>5</failedSince>
        </case>
        <case>
          <duration>0.276</duration>
          <className>edu.ncsu.csc.itrust2.apitest.APIPersonnelTest</className>
          <testName>testPersonnelAPI</testName>
          <skipped>false</skipped>
          <errorStackTrace>java.lang.AssertionError: Status expected:&lt;200&gt; but was:&lt;404&gt;
	at edu.ncsu.csc.itrust2.apitest.APIPersonnelTest.testPersonnelAPI(APIPersonnelTest.java:100)
</errorStackTrace>
          <errorDetails>Status expected:&lt;200&gt; but was:&lt;404&gt;</errorDetails>
          <stdout>04:51:50.788 [main] DEBUG o.s.t.annotation.ProfileValueUtils - Retrieved @ProfileValueSourceConfiguration [null] for test class [edu.ncsu.csc.itrust2.apitest.APIPersonnelTest]
04:51:50.788 [main] DEBUG o.s.t.annotation.ProfileValueUtils - Retrieved ProfileValueSource type [class org.springframework.test.annotation.SystemProfileValueSource] for class [edu.ncsu.csc.itrust2.apitest.APIPersonnelTest]
04:51:50.789 [main] DEBUG o.s.t.c.c.DefaultCacheAwareContextLoaderDelegate - Retrieved ApplicationContext from cache with key [[WebMergedContextConfiguration@124ac145 testClass = APIPersonnelTest, locations = &apos;{}&apos;, classes = &apos;{class edu.ncsu.csc.itrust2.config.RootConfiguration, class edu.ncsu.csc.itrust2.mvc.config.WebMvcConfiguration}&apos;, contextInitializerClasses = &apos;[]&apos;, activeProfiles = &apos;{}&apos;, propertySourceLocations = &apos;{}&apos;, propertySourceProperties = &apos;{}&apos;, contextCustomizers = set[[empty]], resourceBasePath = &apos;src/main/webapp&apos;, contextLoader = &apos;org.springframework.test.context.web.WebDelegatingSmartContextLoader&apos;, parent = [null]]]
04:51:50.789 [main] DEBUG o.springframework.test.context.cache - Spring test ApplicationContext cache statistics: [DefaultContextCache@3bc22ada size = 1, maxSize = 32, parentContextCount = 0, hitCount = 2, missCount = 1]
04:51:50.789 [main] DEBUG o.s.t.c.w.ServletTestExecutionListener - Setting up MockHttpServletRequest, MockHttpServletResponse, ServletWebRequest, and RequestContextHolder for test context [DefaultTestContext@4f66ffc8 testClass = APIPersonnelTest, testInstance = edu.ncsu.csc.itrust2.apitest.APIPersonnelTest@55eb952c, testMethod = [null], testException = [null], mergedContextConfiguration = [WebMergedContextConfiguration@124ac145 testClass = APIPersonnelTest, locations = &apos;{}&apos;, classes = &apos;{class edu.ncsu.csc.itrust2.config.RootConfiguration, class edu.ncsu.csc.itrust2.mvc.config.WebMvcConfiguration}&apos;, contextInitializerClasses = &apos;[]&apos;, activeProfiles = &apos;{}&apos;, propertySourceLocations = &apos;{}&apos;, propertySourceProperties = &apos;{}&apos;, contextCustomizers = set[[empty]], resourceBasePath = &apos;src/main/webapp&apos;, contextLoader = &apos;org.springframework.test.context.web.WebDelegatingSmartContextLoader&apos;, parent = [null]]].
04:51:50.789 [main] DEBUG o.s.t.c.s.DependencyInjectionTestExecutionListener - Performing dependency injection for test context [[DefaultTestContext@4f66ffc8 testClass = APIPersonnelTest, testInstance = edu.ncsu.csc.itrust2.apitest.APIPersonnelTest@55eb952c, testMethod = [null], testException = [null], mergedContextConfiguration = [WebMergedContextConfiguration@124ac145 testClass = APIPersonnelTest, locations = &apos;{}&apos;, classes = &apos;{class edu.ncsu.csc.itrust2.config.RootConfiguration, class edu.ncsu.csc.itrust2.mvc.config.WebMvcConfiguration}&apos;, contextInitializerClasses = &apos;[]&apos;, activeProfiles = &apos;{}&apos;, propertySourceLocations = &apos;{}&apos;, propertySourceProperties = &apos;{}&apos;, contextCustomizers = set[[empty]], resourceBasePath = &apos;src/main/webapp&apos;, contextLoader = &apos;org.springframework.test.context.web.WebDelegatingSmartContextLoader&apos;, parent = [null]]]].
04:51:50.789 [main] DEBUG o.s.t.c.c.DefaultCacheAwareContextLoaderDelegate - Retrieved ApplicationContext from cache with key [[WebMergedContextConfiguration@124ac145 testClass = APIPersonnelTest, locations = &apos;{}&apos;, classes = &apos;{class edu.ncsu.csc.itrust2.config.RootConfiguration, class edu.ncsu.csc.itrust2.mvc.config.WebMvcConfiguration}&apos;, contextInitializerClasses = &apos;[]&apos;, activeProfiles = &apos;{}&apos;, propertySourceLocations = &apos;{}&apos;, propertySourceProperties = &apos;{}&apos;, contextCustomizers = set[[empty]], resourceBasePath = &apos;src/main/webapp&apos;, contextLoader = &apos;org.springframework.test.context.web.WebDelegatingSmartContextLoader&apos;, parent = [null]]]
04:51:50.789 [main] DEBUG o.springframework.test.context.cache - Spring test ApplicationContext cache statistics: [DefaultContextCache@3bc22ada size = 1, maxSize = 32, parentContextCount = 0, hitCount = 3, missCount = 1]
04:51:50.789 [main] DEBUG o.s.b.f.annotation.InjectionMetadata - Processing injected element of bean &apos;edu.ncsu.csc.itrust2.apitest.APIPersonnelTest&apos;: AutowiredFieldElement for private org.springframework.web.context.WebApplicationContext edu.ncsu.csc.itrust2.apitest.APIPersonnelTest.context
04:51:50.790 [main] DEBUG o.s.t.c.s.AbstractDirtiesContextTestExecutionListener - Before test method: context [DefaultTestContext@4f66ffc8 testClass = APIPersonnelTest, testInstance = edu.ncsu.csc.itrust2.apitest.APIPersonnelTest@55eb952c, testMethod = testPersonnelAPI@APIPersonnelTest, testException = [null], mergedContextConfiguration = [WebMergedContextConfiguration@124ac145 testClass = APIPersonnelTest, locations = &apos;{}&apos;, classes = &apos;{class edu.ncsu.csc.itrust2.config.RootConfiguration, class edu.ncsu.csc.itrust2.mvc.config.WebMvcConfiguration}&apos;, contextInitializerClasses = &apos;[]&apos;, activeProfiles = &apos;{}&apos;, propertySourceLocations = &apos;{}&apos;, propertySourceProperties = &apos;{}&apos;, contextCustomizers = set[[empty]], resourceBasePath = &apos;src/main/webapp&apos;, contextLoader = &apos;org.springframework.test.context.web.WebDelegatingSmartContextLoader&apos;, parent = [null]]], class annotated with @DirtiesContext [false] with mode [null], method annotated with @DirtiesContext [false] with mode [null].
04:51:50.791 [main] DEBUG o.s.t.w.s.TestDispatcherServlet - Initializing servlet &apos;&apos;
04:51:50.807 [main] DEBUG o.s.w.c.s.StandardServletEnvironment - Adding [servletConfigInitParams] PropertySource with lowest search precedence
04:51:50.807 [main] DEBUG o.s.w.c.s.StandardServletEnvironment - Adding [servletContextInitParams] PropertySource with lowest search precedence
04:51:50.807 [main] DEBUG o.s.w.c.s.StandardServletEnvironment - Adding [systemProperties] PropertySource with lowest search precedence
04:51:50.807 [main] DEBUG o.s.w.c.s.StandardServletEnvironment - Adding [systemEnvironment] PropertySource with lowest search precedence
04:51:50.807 [main] DEBUG o.s.w.c.s.StandardServletEnvironment - Initialized StandardServletEnvironment with PropertySources [servletConfigInitParams,servletContextInitParams,systemProperties,systemEnvironment]
04:51:50.807 [main] INFO  o.s.mock.web.MockServletContext - Initializing Spring FrameworkServlet &apos;&apos;
04:51:50.807 [main] INFO  o.s.t.w.s.TestDispatcherServlet - FrameworkServlet &apos;&apos;: initialization started
04:51:50.808 [main] DEBUG o.s.t.w.s.TestDispatcherServlet - Unable to locate MultipartResolver with name &apos;multipartResolver&apos;: no multipart request handling provided
04:51:50.808 [main] DEBUG o.s.b.f.s.DefaultListableBeanFactory - Creating instance of bean &apos;org.springframework.web.servlet.i18n.AcceptHeaderLocaleResolver&apos;
04:51:50.808 [main] DEBUG o.s.b.f.s.DefaultListableBeanFactory - Finished creating instance of bean &apos;org.springframework.web.servlet.i18n.AcceptHeaderLocaleResolver&apos;
04:51:50.808 [main] DEBUG o.s.t.w.s.TestDispatcherServlet - Unable to locate LocaleResolver with name &apos;localeResolver&apos;: using default [org.springframework.web.servlet.i18n.AcceptHeaderLocaleResolver@71121a2e]
04:51:50.808 [main] DEBUG o.s.b.f.s.DefaultListableBeanFactory - Creating instance of bean &apos;org.springframework.web.servlet.theme.FixedThemeResolver&apos;
04:51:50.809 [main] DEBUG o.s.b.f.s.DefaultListableBeanFactory - Finished creating instance of bean &apos;org.springframework.web.servlet.theme.FixedThemeResolver&apos;
04:51:50.809 [main] DEBUG o.s.t.w.s.TestDispatcherServlet - Unable to locate ThemeResolver with name &apos;themeResolver&apos;: using default [org.springframework.web.servlet.theme.FixedThemeResolver@7e0d6ccb]
04:51:50.809 [main] DEBUG o.s.b.f.s.DefaultListableBeanFactory - Returning cached instance of singleton bean &apos;requestMappingHandlerMapping&apos;
04:51:50.809 [main] DEBUG o.s.b.f.s.DefaultListableBeanFactory - Returning cached instance of singleton bean &apos;viewControllerHandlerMapping&apos;
04:51:50.809 [main] DEBUG o.s.b.f.s.DefaultListableBeanFactory - Returning cached instance of singleton bean &apos;beanNameHandlerMapping&apos;
04:51:50.809 [main] DEBUG o.s.b.f.s.DefaultListableBeanFactory - Returning cached instance of singleton bean &apos;resourceHandlerMapping&apos;
04:51:50.809 [main] DEBUG o.s.b.f.s.DefaultListableBeanFactory - Returning cached instance of singleton bean &apos;defaultServletHandlerMapping&apos;
04:51:50.810 [main] DEBUG o.s.b.f.s.DefaultListableBeanFactory - Returning cached instance of singleton bean &apos;requestMappingHandlerAdapter&apos;
04:51:50.810 [main] DEBUG o.s.b.f.s.DefaultListableBeanFactory - Returning cached instance of singleton bean &apos;httpRequestHandlerAdapter&apos;
04:51:50.810 [main] DEBUG o.s.b.f.s.DefaultListableBeanFactory - Returning cached instance of singleton bean &apos;simpleControllerHandlerAdapter&apos;
04:51:50.810 [main] DEBUG o.s.b.f.s.DefaultListableBeanFactory - Returning cached instance of singleton bean &apos;handlerExceptionResolver&apos;
04:51:50.810 [main] DEBUG o.s.b.f.s.DefaultListableBeanFactory - Creating instance of bean &apos;org.springframework.web.servlet.view.DefaultRequestToViewNameTranslator&apos;
04:51:50.811 [main] DEBUG o.s.b.f.s.DefaultListableBeanFactory - Finished creating instance of bean &apos;org.springframework.web.servlet.view.DefaultRequestToViewNameTranslator&apos;
04:51:50.811 [main] DEBUG o.s.t.w.s.TestDispatcherServlet - Unable to locate RequestToViewNameTranslator with name &apos;viewNameTranslator&apos;: using default [org.springframework.web.servlet.view.DefaultRequestToViewNameTranslator@77c6c4d3]
04:51:50.811 [main] DEBUG o.s.b.f.s.DefaultListableBeanFactory - Returning cached instance of singleton bean &apos;mvcViewResolver&apos;
04:51:50.817 [main] DEBUG o.s.b.f.s.DefaultListableBeanFactory - Returning cached instance of singleton bean &apos;viewResolver&apos;
04:51:50.817 [main] DEBUG o.s.b.f.s.DefaultListableBeanFactory - Creating instance of bean &apos;org.springframework.web.servlet.support.SessionFlashMapManager&apos;
04:51:50.818 [main] DEBUG o.s.b.f.s.DefaultListableBeanFactory - Finished creating instance of bean &apos;org.springframework.web.servlet.support.SessionFlashMapManager&apos;
04:51:50.818 [main] DEBUG o.s.t.w.s.TestDispatcherServlet - Unable to locate FlashMapManager with name &apos;flashMapManager&apos;: using default [org.springframework.web.servlet.support.SessionFlashMapManager@31799856]
04:51:50.818 [main] DEBUG o.s.t.w.s.TestDispatcherServlet - Published WebApplicationContext of servlet &apos;&apos; as ServletContext attribute with name [org.springframework.web.servlet.FrameworkServlet.CONTEXT.]
04:51:50.818 [main] INFO  o.s.t.w.s.TestDispatcherServlet - FrameworkServlet &apos;&apos;: initialization completed in 10 ms
04:51:50.818 [main] DEBUG o.s.t.w.s.TestDispatcherServlet - Servlet &apos;&apos; configured successfully
04:51:50.822 [main] DEBUG o.s.t.w.s.TestDispatcherServlet - DispatcherServlet with name &apos;&apos; processing DELETE request for [/api/v1/personnel]
04:51:50.822 [main] DEBUG o.s.w.s.m.m.a.RequestMappingHandlerMapping - Looking up handler method for path /api/v1/personnel
04:51:50.828 [main] DEBUG o.s.w.s.m.m.a.ExceptionHandlerExceptionResolver - Resolving exception from handler [null]: org.springframework.web.HttpRequestMethodNotSupportedException: Request method &apos;DELETE&apos; not supported
04:51:50.828 [main] DEBUG o.s.w.s.m.a.ResponseStatusExceptionResolver - Resolving exception from handler [null]: org.springframework.web.HttpRequestMethodNotSupportedException: Request method &apos;DELETE&apos; not supported
04:51:50.838 [main] DEBUG o.s.w.s.m.s.DefaultHandlerExceptionResolver - Resolving exception from handler [null]: org.springframework.web.HttpRequestMethodNotSupportedException: Request method &apos;DELETE&apos; not supported
04:51:50.839 [main] WARN  o.s.web.servlet.PageNotFound - Request method &apos;DELETE&apos; not supported
04:51:50.839 [main] DEBUG o.s.t.w.s.TestDispatcherServlet - Null ModelAndView returned to DispatcherServlet with name &apos;&apos;: assuming HandlerAdapter completed request handling
04:51:50.840 [main] DEBUG o.s.t.w.s.TestDispatcherServlet - Successfully completed request
04:51:50.849 [main] DEBUG o.s.t.w.s.TestDispatcherServlet - DispatcherServlet with name &apos;&apos; processing POST request for [/api/v1/users]
04:51:50.850 [main] DEBUG o.s.w.s.m.m.a.RequestMappingHandlerMapping - Looking up handler method for path /api/v1/users
04:51:50.852 [main] DEBUG o.s.w.s.m.m.a.RequestMappingHandlerMapping - Returning handler method [public org.springframework.http.ResponseEntity edu.ncsu.csc.itrust2.controllers.api.APIUserController.createUser(edu.ncsu.csc.itrust2.forms.admin.UserForm)]
04:51:50.852 [main] DEBUG o.s.b.f.s.DefaultListableBeanFactory - Returning cached instance of singleton bean &apos;APIUserController&apos;
04:51:50.857 [main] DEBUG o.s.w.s.m.m.a.RequestResponseBodyMethodProcessor - Read [class edu.ncsu.csc.itrust2.forms.admin.UserForm] as &quot;application/json&quot; with [org.springframework.http.converter.json.GsonHttpMessageConverter@65b65bdb]
04:51:50.980 [main] DEBUG o.h.e.t.internal.TransactionImpl - begin
04:51:50.981 [main] DEBUG org.hibernate.SQL - select this_.username as username1_15_0_, this_.enabled as enabled2_15_0_, this_.password as password3_15_0_, this_.role as role4_15_0_ from Users this_ where this_.username=?
Hibernate: select this_.username as username1_15_0_, this_.enabled as enabled2_15_0_, this_.password as password3_15_0_, this_.role as role4_15_0_ from Users this_ where this_.username=?
04:51:50.982 [main] DEBUG org.hibernate.loader.Loader - Result set row: 0
04:51:50.986 [main] DEBUG org.hibernate.loader.Loader - Result row: EntityKey[edu.ncsu.csc.itrust2.models.persistent.User#hcp]
04:51:50.991 [main] DEBUG o.h.engine.internal.TwoPhaseLoad - Resolving associations for [edu.ncsu.csc.itrust2.models.persistent.User#hcp]
04:51:50.991 [main] DEBUG o.h.engine.internal.TwoPhaseLoad - Done materializing entity [edu.ncsu.csc.itrust2.models.persistent.User#hcp]
04:51:50.992 [main] DEBUG o.h.e.t.internal.TransactionImpl - committing
04:51:50.992 [main] DEBUG o.h.e.i.AbstractFlushingEventListener - Processing flush-time cascades
04:51:50.992 [main] DEBUG o.h.e.i.AbstractFlushingEventListener - Dirty checking collections
04:51:50.993 [main] DEBUG o.h.e.i.AbstractFlushingEventListener - Flushed: 0 insertions, 0 updates, 0 deletions to 1 objects
04:51:50.994 [main] DEBUG o.h.e.i.AbstractFlushingEventListener - Flushed: 0 (re)creations, 0 updates, 0 removals to 0 collections
04:51:50.994 [main] DEBUG o.h.internal.util.EntityPrinter - Listing entities:
04:51:50.994 [main] DEBUG o.h.internal.util.EntityPrinter - edu.ncsu.csc.itrust2.models.persistent.User{password=$2a$10$EblZqNptyYvcLm/VwDCVAuBjzZOI7khzdyGPBr08PpIi0na624b8., role=ROLE_HCP, enabled=1, username=hcp}
04:51:51.004 [main] DEBUG o.s.w.s.m.m.a.HttpEntityMethodProcessor - Written [{&quot;status&quot;:&quot;failed&quot;,&quot;message&quot;:&quot;User with the id hcp already exists&quot;}] as &quot;text/plain&quot; using [org.springframework.http.converter.StringHttpMessageConverter@6b0d781d]
04:51:51.004 [main] DEBUG o.s.t.w.s.TestDispatcherServlet - Null ModelAndView returned to DispatcherServlet with name &apos;&apos;: assuming HandlerAdapter completed request handling
04:51:51.004 [main] DEBUG o.s.t.w.s.TestDispatcherServlet - Successfully completed request
04:51:51.006 [main] DEBUG o.s.t.w.s.TestDispatcherServlet - DispatcherServlet with name &apos;&apos; processing POST request for [/api/v1/personnel]
04:51:51.006 [main] DEBUG o.s.w.s.m.m.a.RequestMappingHandlerMapping - Looking up handler method for path /api/v1/personnel
04:51:51.010 [main] DEBUG o.s.w.s.m.m.a.RequestMappingHandlerMapping - Returning handler method [public org.springframework.http.ResponseEntity edu.ncsu.csc.itrust2.controllers.api.APIPersonnelController.createPersonnel(edu.ncsu.csc.itrust2.forms.personnel.PersonnelForm)]
04:51:51.010 [main] DEBUG o.s.b.f.s.DefaultListableBeanFactory - Returning cached instance of singleton bean &apos;APIPersonnelController&apos;
04:51:51.010 [main] DEBUG o.s.w.s.m.m.a.RequestResponseBodyMethodProcessor - Read [class edu.ncsu.csc.itrust2.forms.personnel.PersonnelForm] as &quot;application/json&quot; with [org.springframework.http.converter.json.GsonHttpMessageConverter@65b65bdb]
04:51:51.011 [main] DEBUG o.h.e.t.internal.TransactionImpl - begin
04:51:51.012 [main] DEBUG org.hibernate.SQL - select this_.username as username1_15_0_, this_.enabled as enabled2_15_0_, this_.password as password3_15_0_, this_.role as role4_15_0_ from Users this_ where this_.username=?
Hibernate: select this_.username as username1_15_0_, this_.enabled as enabled2_15_0_, this_.password as password3_15_0_, this_.role as role4_15_0_ from Users this_ where this_.username=?
04:51:51.013 [main] DEBUG org.hibernate.loader.Loader - Result set row: 0
04:51:51.013 [main] DEBUG org.hibernate.loader.Loader - Result row: EntityKey[edu.ncsu.csc.itrust2.models.persistent.User#hcp]
04:51:51.014 [main] DEBUG o.h.engine.internal.TwoPhaseLoad - Resolving associations for [edu.ncsu.csc.itrust2.models.persistent.User#hcp]
04:51:51.014 [main] DEBUG o.h.engine.internal.TwoPhaseLoad - Done materializing entity [edu.ncsu.csc.itrust2.models.persistent.User#hcp]
04:51:51.014 [main] DEBUG o.h.e.t.internal.TransactionImpl - committing
04:51:51.014 [main] DEBUG o.h.e.i.AbstractFlushingEventListener - Processing flush-time cascades
04:51:51.014 [main] DEBUG o.h.e.i.AbstractFlushingEventListener - Dirty checking collections
04:51:51.015 [main] DEBUG o.h.e.i.AbstractFlushingEventListener - Flushed: 0 insertions, 0 updates, 0 deletions to 1 objects
04:51:51.015 [main] DEBUG o.h.e.i.AbstractFlushingEventListener - Flushed: 0 (re)creations, 0 updates, 0 removals to 0 collections
04:51:51.015 [main] DEBUG o.h.internal.util.EntityPrinter - Listing entities:
04:51:51.015 [main] DEBUG o.h.internal.util.EntityPrinter - edu.ncsu.csc.itrust2.models.persistent.User{password=$2a$10$EblZqNptyYvcLm/VwDCVAuBjzZOI7khzdyGPBr08PpIi0na624b8., role=ROLE_HCP, enabled=1, username=hcp}
04:51:51.016 [main] DEBUG o.h.e.t.internal.TransactionImpl - begin
04:51:51.017 [main] DEBUG org.hibernate.SQL - select this_.id as id1_13_1_, this_.address1 as address2_13_1_, this_.address2 as address3_13_1_, this_.city as city4_13_1_, this_.email as email5_13_1_, this_.enabled as enabled6_13_1_, this_.firstName as firstNam7_13_1_, this_.lastName as lastName8_13_1_, this_.phone as phone9_13_1_, this_.self_id as self_id13_13_1_, this_.specialty as special10_13_1_, this_.state as state11_13_1_, this_.zip as zip12_13_1_, user2_.username as username1_15_0_, user2_.enabled as enabled2_15_0_, user2_.password as password3_15_0_, user2_.role as role4_15_0_ from Personnel this_ left outer join Users user2_ on this_.self_id=user2_.username where this_.self_id=?
Hibernate: select this_.id as id1_13_1_, this_.address1 as address2_13_1_, this_.address2 as address3_13_1_, this_.city as city4_13_1_, this_.email as email5_13_1_, this_.enabled as enabled6_13_1_, this_.firstName as firstNam7_13_1_, this_.lastName as lastName8_13_1_, this_.phone as phone9_13_1_, this_.self_id as self_id13_13_1_, this_.specialty as special10_13_1_, this_.state as state11_13_1_, this_.zip as zip12_13_1_, user2_.username as username1_15_0_, user2_.enabled as enabled2_15_0_, user2_.password as password3_15_0_, user2_.role as role4_15_0_ from Personnel this_ left outer join Users user2_ on this_.self_id=user2_.username where this_.self_id=?
04:51:51.019 [main] DEBUG org.hibernate.loader.Loader - Result set row: 0
04:51:51.020 [main] DEBUG org.hibernate.loader.Loader - Result row: EntityKey[edu.ncsu.csc.itrust2.models.persistent.User#hcp], EntityKey[edu.ncsu.csc.itrust2.models.persistent.Personnel#1]
04:51:51.021 [main] DEBUG org.hibernate.loader.Loader - Result set row: 1
04:51:51.021 [main] DEBUG org.hibernate.loader.Loader - Result row: EntityKey[edu.ncsu.csc.itrust2.models.persistent.User#hcp], EntityKey[edu.ncsu.csc.itrust2.models.persistent.Personnel#2]
04:51:51.021 [main] DEBUG o.h.engine.internal.TwoPhaseLoad - Resolving associations for [edu.ncsu.csc.itrust2.models.persistent.User#hcp]
04:51:51.021 [main] DEBUG o.h.engine.internal.TwoPhaseLoad - Done materializing entity [edu.ncsu.csc.itrust2.models.persistent.User#hcp]
04:51:51.021 [main] DEBUG o.h.engine.internal.TwoPhaseLoad - Resolving associations for [edu.ncsu.csc.itrust2.models.persistent.Personnel#1]
04:51:51.027 [main] DEBUG o.h.engine.internal.TwoPhaseLoad - Done materializing entity [edu.ncsu.csc.itrust2.models.persistent.Personnel#1]
04:51:51.027 [main] DEBUG o.h.engine.internal.TwoPhaseLoad - Resolving associations for [edu.ncsu.csc.itrust2.models.persistent.Personnel#2]
04:51:51.028 [main] DEBUG o.h.engine.internal.TwoPhaseLoad - Done materializing entity [edu.ncsu.csc.itrust2.models.persistent.Personnel#2]
04:51:51.028 [main] DEBUG o.h.e.t.internal.TransactionImpl - committing
04:51:51.028 [main] DEBUG o.h.e.i.AbstractFlushingEventListener - Processing flush-time cascades
04:51:51.028 [main] DEBUG o.h.e.i.AbstractFlushingEventListener - Dirty checking collections
04:51:51.028 [main] DEBUG o.h.e.i.AbstractFlushingEventListener - Flushed: 0 insertions, 0 updates, 0 deletions to 3 objects
04:51:51.028 [main] DEBUG o.h.e.i.AbstractFlushingEventListener - Flushed: 0 (re)creations, 0 updates, 0 removals to 0 collections
04:51:51.028 [main] DEBUG o.h.internal.util.EntityPrinter - Listing entities:
04:51:51.028 [main] DEBUG o.h.internal.util.EntityPrinter - edu.ncsu.csc.itrust2.models.persistent.User{password=$2a$10$EblZqNptyYvcLm/VwDCVAuBjzZOI7khzdyGPBr08PpIi0na624b8., role=ROLE_HCP, enabled=1, username=hcp}
04:51:51.029 [main] DEBUG o.h.internal.util.EntityPrinter - edu.ncsu.csc.itrust2.models.persistent.Personnel{zip=12345, lastName=HCP, specialty=null, address2=null, city=town, address1=1234 Road St., enabled=null, firstName=HCP, phone=111-222-3333, self=edu.ncsu.csc.itrust2.models.persistent.User#hcp, id=1, state=AK, email=csc326.201.1@gmail.com}
04:51:51.029 [main] DEBUG o.h.internal.util.EntityPrinter - edu.ncsu.csc.itrust2.models.persistent.Personnel{zip=12345, lastName=HCP, specialty=null, address2=null, city=town, address1=1234 Road St., enabled=null, firstName=HCP, phone=111-222-3333, self=edu.ncsu.csc.itrust2.models.persistent.User#hcp, id=2, state=AK, email=csc326.201.1@gmail.com}
04:51:51.030 [main] DEBUG o.s.w.s.m.m.a.HttpEntityMethodProcessor - Written [{&quot;status&quot;:&quot;failed&quot;,&quot;message&quot;:&quot;Personnel with the id edu.ncsu.csc.itrust2.models.persistent.User@d45fdca already exists&quot;}] as &quot;text/plain&quot; using [org.springframework.http.converter.StringHttpMessageConverter@6b0d781d]
04:51:51.030 [main] DEBUG o.s.t.w.s.TestDispatcherServlet - Null ModelAndView returned to DispatcherServlet with name &apos;&apos;: assuming HandlerAdapter completed request handling
04:51:51.030 [main] DEBUG o.s.t.w.s.TestDispatcherServlet - Successfully completed request
04:51:51.031 [main] DEBUG o.s.t.w.s.TestDispatcherServlet - DispatcherServlet with name &apos;&apos; processing POST request for [/api/v1/personnel]
04:51:51.031 [main] DEBUG o.s.w.s.m.m.a.RequestMappingHandlerMapping - Looking up handler method for path /api/v1/personnel
04:51:51.032 [main] DEBUG o.s.w.s.m.m.a.RequestMappingHandlerMapping - Returning handler method [public org.springframework.http.ResponseEntity edu.ncsu.csc.itrust2.controllers.api.APIPersonnelController.createPersonnel(edu.ncsu.csc.itrust2.forms.personnel.PersonnelForm)]
04:51:51.032 [main] DEBUG o.s.b.f.s.DefaultListableBeanFactory - Returning cached instance of singleton bean &apos;APIPersonnelController&apos;
04:51:51.033 [main] DEBUG o.s.w.s.m.m.a.RequestResponseBodyMethodProcessor - Read [class edu.ncsu.csc.itrust2.forms.personnel.PersonnelForm] as &quot;application/json&quot; with [org.springframework.http.converter.json.GsonHttpMessageConverter@65b65bdb]
04:51:51.033 [main] DEBUG o.h.e.t.internal.TransactionImpl - begin
04:51:51.036 [main] DEBUG org.hibernate.SQL - select this_.username as username1_15_0_, this_.enabled as enabled2_15_0_, this_.password as password3_15_0_, this_.role as role4_15_0_ from Users this_ where this_.username=?
Hibernate: select this_.username as username1_15_0_, this_.enabled as enabled2_15_0_, this_.password as password3_15_0_, this_.role as role4_15_0_ from Users this_ where this_.username=?
04:51:51.037 [main] DEBUG org.hibernate.loader.Loader - Result set row: 0
04:51:51.037 [main] DEBUG org.hibernate.loader.Loader - Result row: EntityKey[edu.ncsu.csc.itrust2.models.persistent.User#hcp]
04:51:51.038 [main] DEBUG o.h.engine.internal.TwoPhaseLoad - Resolving associations for [edu.ncsu.csc.itrust2.models.persistent.User#hcp]
04:51:51.038 [main] DEBUG o.h.engine.internal.TwoPhaseLoad - Done materializing entity [edu.ncsu.csc.itrust2.models.persistent.User#hcp]
04:51:51.038 [main] DEBUG o.h.e.t.internal.TransactionImpl - committing
04:51:51.038 [main] DEBUG o.h.e.i.AbstractFlushingEventListener - Processing flush-time cascades
04:51:51.038 [main] DEBUG o.h.e.i.AbstractFlushingEventListener - Dirty checking collections
04:51:51.038 [main] DEBUG o.h.e.i.AbstractFlushingEventListener - Flushed: 0 insertions, 0 updates, 0 deletions to 1 objects
04:51:51.038 [main] DEBUG o.h.e.i.AbstractFlushingEventListener - Flushed: 0 (re)creations, 0 updates, 0 removals to 0 collections
04:51:51.039 [main] DEBUG o.h.internal.util.EntityPrinter - Listing entities:
04:51:51.039 [main] DEBUG o.h.internal.util.EntityPrinter - edu.ncsu.csc.itrust2.models.persistent.User{password=$2a$10$EblZqNptyYvcLm/VwDCVAuBjzZOI7khzdyGPBr08PpIi0na624b8., role=ROLE_HCP, enabled=1, username=hcp}
04:51:51.039 [main] DEBUG o.h.e.t.internal.TransactionImpl - begin
04:51:51.040 [main] DEBUG org.hibernate.SQL - select this_.id as id1_13_1_, this_.address1 as address2_13_1_, this_.address2 as address3_13_1_, this_.city as city4_13_1_, this_.email as email5_13_1_, this_.enabled as enabled6_13_1_, this_.firstName as firstNam7_13_1_, this_.lastName as lastName8_13_1_, this_.phone as phone9_13_1_, this_.self_id as self_id13_13_1_, this_.specialty as special10_13_1_, this_.state as state11_13_1_, this_.zip as zip12_13_1_, user2_.username as username1_15_0_, user2_.enabled as enabled2_15_0_, user2_.password as password3_15_0_, user2_.role as role4_15_0_ from Personnel this_ left outer join Users user2_ on this_.self_id=user2_.username where this_.self_id=?
Hibernate: select this_.id as id1_13_1_, this_.address1 as address2_13_1_, this_.address2 as address3_13_1_, this_.city as city4_13_1_, this_.email as email5_13_1_, this_.enabled as enabled6_13_1_, this_.firstName as firstNam7_13_1_, this_.lastName as lastName8_13_1_, this_.phone as phone9_13_1_, this_.self_id as self_id13_13_1_, this_.specialty as special10_13_1_, this_.state as state11_13_1_, this_.zip as zip12_13_1_, user2_.username as username1_15_0_, user2_.enabled as enabled2_15_0_, user2_.password as password3_15_0_, user2_.role as role4_15_0_ from Personnel this_ left outer join Users user2_ on this_.self_id=user2_.username where this_.self_id=?
04:51:51.041 [main] DEBUG org.hibernate.loader.Loader - Result set row: 0
04:51:51.042 [main] DEBUG org.hibernate.loader.Loader - Result row: EntityKey[edu.ncsu.csc.itrust2.models.persistent.User#hcp], EntityKey[edu.ncsu.csc.itrust2.models.persistent.Personnel#1]
04:51:51.042 [main] DEBUG org.hibernate.loader.Loader - Result set row: 1
04:51:51.042 [main] DEBUG org.hibernate.loader.Loader - Result row: EntityKey[edu.ncsu.csc.itrust2.models.persistent.User#hcp], EntityKey[edu.ncsu.csc.itrust2.models.persistent.Personnel#2]
04:51:51.043 [main] DEBUG o.h.engine.internal.TwoPhaseLoad - Resolving associations for [edu.ncsu.csc.itrust2.models.persistent.User#hcp]
04:51:51.043 [main] DEBUG o.h.engine.internal.TwoPhaseLoad - Done materializing entity [edu.ncsu.csc.itrust2.models.persistent.User#hcp]
04:51:51.043 [main] DEBUG o.h.engine.internal.TwoPhaseLoad - Resolving associations for [edu.ncsu.csc.itrust2.models.persistent.Personnel#1]
04:51:51.043 [main] DEBUG o.h.engine.internal.TwoPhaseLoad - Done materializing entity [edu.ncsu.csc.itrust2.models.persistent.Personnel#1]
04:51:51.043 [main] DEBUG o.h.engine.internal.TwoPhaseLoad - Resolving associations for [edu.ncsu.csc.itrust2.models.persistent.Personnel#2]
04:51:51.044 [main] DEBUG o.h.engine.internal.TwoPhaseLoad - Done materializing entity [edu.ncsu.csc.itrust2.models.persistent.Personnel#2]
04:51:51.044 [main] DEBUG o.h.e.t.internal.TransactionImpl - committing
04:51:51.044 [main] DEBUG o.h.e.i.AbstractFlushingEventListener - Processing flush-time cascades
04:51:51.044 [main] DEBUG o.h.e.i.AbstractFlushingEventListener - Dirty checking collections
04:51:51.045 [main] DEBUG o.h.e.i.AbstractFlushingEventListener - Flushed: 0 insertions, 0 updates, 0 deletions to 3 objects
04:51:51.045 [main] DEBUG o.h.e.i.AbstractFlushingEventListener - Flushed: 0 (re)creations, 0 updates, 0 removals to 0 collections
04:51:51.045 [main] DEBUG o.h.internal.util.EntityPrinter - Listing entities:
04:51:51.045 [main] DEBUG o.h.internal.util.EntityPrinter - edu.ncsu.csc.itrust2.models.persistent.User{password=$2a$10$EblZqNptyYvcLm/VwDCVAuBjzZOI7khzdyGPBr08PpIi0na624b8., role=ROLE_HCP, enabled=1, username=hcp}
04:51:51.045 [main] DEBUG o.h.internal.util.EntityPrinter - edu.ncsu.csc.itrust2.models.persistent.Personnel{zip=12345, lastName=HCP, specialty=null, address2=null, city=town, address1=1234 Road St., enabled=null, firstName=HCP, phone=111-222-3333, self=edu.ncsu.csc.itrust2.models.persistent.User#hcp, id=1, state=AK, email=csc326.201.1@gmail.com}
04:51:51.045 [main] DEBUG o.h.internal.util.EntityPrinter - edu.ncsu.csc.itrust2.models.persistent.Personnel{zip=12345, lastName=HCP, specialty=null, address2=null, city=town, address1=1234 Road St., enabled=null, firstName=HCP, phone=111-222-3333, self=edu.ncsu.csc.itrust2.models.persistent.User#hcp, id=2, state=AK, email=csc326.201.1@gmail.com}
04:51:51.046 [main] DEBUG o.s.w.s.m.m.a.HttpEntityMethodProcessor - Written [{&quot;status&quot;:&quot;failed&quot;,&quot;message&quot;:&quot;Personnel with the id edu.ncsu.csc.itrust2.models.persistent.User@d45fdca already exists&quot;}] as &quot;text/plain&quot; using [org.springframework.http.converter.StringHttpMessageConverter@6b0d781d]
04:51:51.047 [main] DEBUG o.s.t.w.s.TestDispatcherServlet - Null ModelAndView returned to DispatcherServlet with name &apos;&apos;: assuming HandlerAdapter completed request handling
04:51:51.047 [main] DEBUG o.s.t.w.s.TestDispatcherServlet - Successfully completed request
04:51:51.047 [main] DEBUG o.s.t.w.s.TestDispatcherServlet - DispatcherServlet with name &apos;&apos; processing GET request for [/api/v1/personnel]
04:51:51.047 [main] DEBUG o.s.w.s.m.m.a.RequestMappingHandlerMapping - Looking up handler method for path /api/v1/personnel
04:51:51.049 [main] DEBUG o.s.w.s.m.m.a.RequestMappingHandlerMapping - Returning handler method [public java.util.List&lt;edu.ncsu.csc.itrust2.models.persistent.Personnel&gt; edu.ncsu.csc.itrust2.controllers.api.APIPersonnelController.getPersonnel()]
04:51:51.049 [main] DEBUG o.s.b.f.s.DefaultListableBeanFactory - Returning cached instance of singleton bean &apos;APIPersonnelController&apos;
04:51:51.049 [main] DEBUG o.s.t.w.s.TestDispatcherServlet - Last-Modified value for [/api/v1/personnel] is: -1
04:51:51.049 [main] DEBUG o.h.e.t.internal.TransactionImpl - begin
04:51:51.050 [main] DEBUG org.hibernate.SQL - select this_.id as id1_13_1_, this_.address1 as address2_13_1_, this_.address2 as address3_13_1_, this_.city as city4_13_1_, this_.email as email5_13_1_, this_.enabled as enabled6_13_1_, this_.firstName as firstNam7_13_1_, this_.lastName as lastName8_13_1_, this_.phone as phone9_13_1_, this_.self_id as self_id13_13_1_, this_.specialty as special10_13_1_, this_.state as state11_13_1_, this_.zip as zip12_13_1_, user2_.username as username1_15_0_, user2_.enabled as enabled2_15_0_, user2_.password as password3_15_0_, user2_.role as role4_15_0_ from Personnel this_ left outer join Users user2_ on this_.self_id=user2_.username
Hibernate: select this_.id as id1_13_1_, this_.address1 as address2_13_1_, this_.address2 as address3_13_1_, this_.city as city4_13_1_, this_.email as email5_13_1_, this_.enabled as enabled6_13_1_, this_.firstName as firstNam7_13_1_, this_.lastName as lastName8_13_1_, this_.phone as phone9_13_1_, this_.self_id as self_id13_13_1_, this_.specialty as special10_13_1_, this_.state as state11_13_1_, this_.zip as zip12_13_1_, user2_.username as username1_15_0_, user2_.enabled as enabled2_15_0_, user2_.password as password3_15_0_, user2_.role as role4_15_0_ from Personnel this_ left outer join Users user2_ on this_.self_id=user2_.username
04:51:51.052 [main] DEBUG org.hibernate.loader.Loader - Result set row: 0
04:51:51.052 [main] DEBUG org.hibernate.loader.Loader - Result row: EntityKey[edu.ncsu.csc.itrust2.models.persistent.User#hcp], EntityKey[edu.ncsu.csc.itrust2.models.persistent.Personnel#1]
04:51:51.053 [main] DEBUG org.hibernate.loader.Loader - Result set row: 1
04:51:51.053 [main] DEBUG org.hibernate.loader.Loader - Result row: EntityKey[edu.ncsu.csc.itrust2.models.persistent.User#hcp], EntityKey[edu.ncsu.csc.itrust2.models.persistent.Personnel#2]
04:51:51.053 [main] DEBUG o.h.engine.internal.TwoPhaseLoad - Resolving associations for [edu.ncsu.csc.itrust2.models.persistent.User#hcp]
04:51:51.053 [main] DEBUG o.h.engine.internal.TwoPhaseLoad - Done materializing entity [edu.ncsu.csc.itrust2.models.persistent.User#hcp]
04:51:51.054 [main] DEBUG o.h.engine.internal.TwoPhaseLoad - Resolving associations for [edu.ncsu.csc.itrust2.models.persistent.Personnel#1]
04:51:51.054 [main] DEBUG o.h.engine.internal.TwoPhaseLoad - Done materializing entity [edu.ncsu.csc.itrust2.models.persistent.Personnel#1]
04:51:51.054 [main] DEBUG o.h.engine.internal.TwoPhaseLoad - Resolving associations for [edu.ncsu.csc.itrust2.models.persistent.Personnel#2]
04:51:51.054 [main] DEBUG o.h.engine.internal.TwoPhaseLoad - Done materializing entity [edu.ncsu.csc.itrust2.models.persistent.Personnel#2]
04:51:51.054 [main] DEBUG o.h.e.t.internal.TransactionImpl - committing
04:51:51.055 [main] DEBUG o.h.e.i.AbstractFlushingEventListener - Processing flush-time cascades
04:51:51.055 [main] DEBUG o.h.e.i.AbstractFlushingEventListener - Dirty checking collections
04:51:51.055 [main] DEBUG o.h.e.i.AbstractFlushingEventListener - Flushed: 0 insertions, 0 updates, 0 deletions to 3 objects
04:51:51.055 [main] DEBUG o.h.e.i.AbstractFlushingEventListener - Flushed: 0 (re)creations, 0 updates, 0 removals to 0 collections
04:51:51.056 [main] DEBUG o.h.internal.util.EntityPrinter - Listing entities:
04:51:51.056 [main] DEBUG o.h.internal.util.EntityPrinter - edu.ncsu.csc.itrust2.models.persistent.User{password=$2a$10$EblZqNptyYvcLm/VwDCVAuBjzZOI7khzdyGPBr08PpIi0na624b8., role=ROLE_HCP, enabled=1, username=hcp}
04:51:51.056 [main] DEBUG o.h.internal.util.EntityPrinter - edu.ncsu.csc.itrust2.models.persistent.Personnel{zip=12345, lastName=HCP, specialty=null, address2=null, city=town, address1=1234 Road St., enabled=null, firstName=HCP, phone=111-222-3333, self=edu.ncsu.csc.itrust2.models.persistent.User#hcp, id=1, state=AK, email=csc326.201.1@gmail.com}
04:51:51.056 [main] DEBUG o.h.internal.util.EntityPrinter - edu.ncsu.csc.itrust2.models.persistent.Personnel{zip=12345, lastName=HCP, specialty=null, address2=null, city=town, address1=1234 Road St., enabled=null, firstName=HCP, phone=111-222-3333, self=edu.ncsu.csc.itrust2.models.persistent.User#hcp, id=2, state=AK, email=csc326.201.1@gmail.com}
04:51:51.062 [main] DEBUG o.s.w.s.m.m.a.RequestResponseBodyMethodProcessor - Written [[edu.ncsu.csc.itrust2.models.persistent.Personnel@2dc612b7, edu.ncsu.csc.itrust2.models.persistent.Personnel@5fd1fb1b]] as &quot;application/json&quot; using [org.springframework.http.converter.json.GsonHttpMessageConverter@65b65bdb]
04:51:51.062 [main] DEBUG o.s.t.w.s.TestDispatcherServlet - Null ModelAndView returned to DispatcherServlet with name &apos;&apos;: assuming HandlerAdapter completed request handling
04:51:51.062 [main] DEBUG o.s.t.w.s.TestDispatcherServlet - Successfully completed request
04:51:51.065 [main] DEBUG o.s.t.w.s.TestDispatcherServlet - DispatcherServlet with name &apos;&apos; processing GET request for [/api/v1/personnel/hcp]
04:51:51.066 [main] DEBUG o.s.w.s.m.m.a.RequestMappingHandlerMapping - Looking up handler method for path /api/v1/personnel/hcp
04:51:51.067 [main] DEBUG o.s.w.s.m.m.a.RequestMappingHandlerMapping - Returning handler method [public org.springframework.http.ResponseEntity edu.ncsu.csc.itrust2.controllers.api.APIPersonnelController.getPersonnel(java.lang.String)]
04:51:51.067 [main] DEBUG o.s.b.f.s.DefaultListableBeanFactory - Returning cached instance of singleton bean &apos;APIPersonnelController&apos;
04:51:51.068 [main] DEBUG o.s.t.w.s.TestDispatcherServlet - Last-Modified value for [/api/v1/personnel/hcp] is: -1
04:51:51.068 [main] DEBUG o.h.e.t.internal.TransactionImpl - begin
04:51:51.069 [main] DEBUG org.hibernate.SQL - select this_.username as username1_15_0_, this_.enabled as enabled2_15_0_, this_.password as password3_15_0_, this_.role as role4_15_0_ from Users this_ where this_.username=?
Hibernate: select this_.username as username1_15_0_, this_.enabled as enabled2_15_0_, this_.password as password3_15_0_, this_.role as role4_15_0_ from Users this_ where this_.username=?
04:51:51.070 [main] DEBUG org.hibernate.loader.Loader - Result set row: 0
04:51:51.070 [main] DEBUG org.hibernate.loader.Loader - Result row: EntityKey[edu.ncsu.csc.itrust2.models.persistent.User#hcp]
04:51:51.070 [main] DEBUG o.h.engine.internal.TwoPhaseLoad - Resolving associations for [edu.ncsu.csc.itrust2.models.persistent.User#hcp]
04:51:51.071 [main] DEBUG o.h.engine.internal.TwoPhaseLoad - Done materializing entity [edu.ncsu.csc.itrust2.models.persistent.User#hcp]
04:51:51.071 [main] DEBUG o.h.e.t.internal.TransactionImpl - committing
04:51:51.071 [main] DEBUG o.h.e.i.AbstractFlushingEventListener - Processing flush-time cascades
04:51:51.071 [main] DEBUG o.h.e.i.AbstractFlushingEventListener - Dirty checking collections
04:51:51.071 [main] DEBUG o.h.e.i.AbstractFlushingEventListener - Flushed: 0 insertions, 0 updates, 0 deletions to 1 objects
04:51:51.071 [main] DEBUG o.h.e.i.AbstractFlushingEventListener - Flushed: 0 (re)creations, 0 updates, 0 removals to 0 collections
04:51:51.071 [main] DEBUG o.h.internal.util.EntityPrinter - Listing entities:
04:51:51.071 [main] DEBUG o.h.internal.util.EntityPrinter - edu.ncsu.csc.itrust2.models.persistent.User{password=$2a$10$EblZqNptyYvcLm/VwDCVAuBjzZOI7khzdyGPBr08PpIi0na624b8., role=ROLE_HCP, enabled=1, username=hcp}
04:51:51.072 [main] DEBUG o.h.e.t.internal.TransactionImpl - begin
04:51:51.073 [main] DEBUG org.hibernate.SQL - select this_.id as id1_13_1_, this_.address1 as address2_13_1_, this_.address2 as address3_13_1_, this_.city as city4_13_1_, this_.email as email5_13_1_, this_.enabled as enabled6_13_1_, this_.firstName as firstNam7_13_1_, this_.lastName as lastName8_13_1_, this_.phone as phone9_13_1_, this_.self_id as self_id13_13_1_, this_.specialty as special10_13_1_, this_.state as state11_13_1_, this_.zip as zip12_13_1_, user2_.username as username1_15_0_, user2_.enabled as enabled2_15_0_, user2_.password as password3_15_0_, user2_.role as role4_15_0_ from Personnel this_ left outer join Users user2_ on this_.self_id=user2_.username where this_.self_id=?
Hibernate: select this_.id as id1_13_1_, this_.address1 as address2_13_1_, this_.address2 as address3_13_1_, this_.city as city4_13_1_, this_.email as email5_13_1_, this_.enabled as enabled6_13_1_, this_.firstName as firstNam7_13_1_, this_.lastName as lastName8_13_1_, this_.phone as phone9_13_1_, this_.self_id as self_id13_13_1_, this_.specialty as special10_13_1_, this_.state as state11_13_1_, this_.zip as zip12_13_1_, user2_.username as username1_15_0_, user2_.enabled as enabled2_15_0_, user2_.password as password3_15_0_, user2_.role as role4_15_0_ from Personnel this_ left outer join Users user2_ on this_.self_id=user2_.username where this_.self_id=?
04:51:51.074 [main] DEBUG org.hibernate.loader.Loader - Result set row: 0
04:51:51.074 [main] DEBUG org.hibernate.loader.Loader - Result row: EntityKey[edu.ncsu.csc.itrust2.models.persistent.User#hcp], EntityKey[edu.ncsu.csc.itrust2.models.persistent.Personnel#1]
04:51:51.075 [main] DEBUG org.hibernate.loader.Loader - Result set row: 1
04:51:51.075 [main] DEBUG org.hibernate.loader.Loader - Result row: EntityKey[edu.ncsu.csc.itrust2.models.persistent.User#hcp], EntityKey[edu.ncsu.csc.itrust2.models.persistent.Personnel#2]
04:51:51.077 [main] DEBUG o.h.engine.internal.TwoPhaseLoad - Resolving associations for [edu.ncsu.csc.itrust2.models.persistent.User#hcp]
04:51:51.077 [main] DEBUG o.h.engine.internal.TwoPhaseLoad - Done materializing entity [edu.ncsu.csc.itrust2.models.persistent.User#hcp]
04:51:51.078 [main] DEBUG o.h.engine.internal.TwoPhaseLoad - Resolving associations for [edu.ncsu.csc.itrust2.models.persistent.Personnel#1]
04:51:51.078 [main] DEBUG o.h.engine.internal.TwoPhaseLoad - Done materializing entity [edu.ncsu.csc.itrust2.models.persistent.Personnel#1]
04:51:51.078 [main] DEBUG o.h.engine.internal.TwoPhaseLoad - Resolving associations for [edu.ncsu.csc.itrust2.models.persistent.Personnel#2]
04:51:51.078 [main] DEBUG o.h.engine.internal.TwoPhaseLoad - Done materializing entity [edu.ncsu.csc.itrust2.models.persistent.Personnel#2]
04:51:51.078 [main] DEBUG o.h.e.t.internal.TransactionImpl - committing
04:51:51.078 [main] DEBUG o.h.e.i.AbstractFlushingEventListener - Processing flush-time cascades
04:51:51.079 [main] DEBUG o.h.e.i.AbstractFlushingEventListener - Dirty checking collections
04:51:51.079 [main] DEBUG o.h.e.i.AbstractFlushingEventListener - Flushed: 0 insertions, 0 updates, 0 deletions to 3 objects
04:51:51.079 [main] DEBUG o.h.e.i.AbstractFlushingEventListener - Flushed: 0 (re)creations, 0 updates, 0 removals to 0 collections
04:51:51.079 [main] DEBUG o.h.internal.util.EntityPrinter - Listing entities:
04:51:51.079 [main] DEBUG o.h.internal.util.EntityPrinter - edu.ncsu.csc.itrust2.models.persistent.User{password=$2a$10$EblZqNptyYvcLm/VwDCVAuBjzZOI7khzdyGPBr08PpIi0na624b8., role=ROLE_HCP, enabled=1, username=hcp}
04:51:51.079 [main] DEBUG o.h.internal.util.EntityPrinter - edu.ncsu.csc.itrust2.models.persistent.Personnel{zip=12345, lastName=HCP, specialty=null, address2=null, city=town, address1=1234 Road St., enabled=null, firstName=HCP, phone=111-222-3333, self=edu.ncsu.csc.itrust2.models.persistent.User#hcp, id=1, state=AK, email=csc326.201.1@gmail.com}
04:51:51.080 [main] DEBUG o.h.internal.util.EntityPrinter - edu.ncsu.csc.itrust2.models.persistent.Personnel{zip=12345, lastName=HCP, specialty=null, address2=null, city=town, address1=1234 Road St., enabled=null, firstName=HCP, phone=111-222-3333, self=edu.ncsu.csc.itrust2.models.persistent.User#hcp, id=2, state=AK, email=csc326.201.1@gmail.com}
04:51:51.081 [main] DEBUG o.s.w.s.m.m.a.HttpEntityMethodProcessor - Written [{&quot;status&quot;:&quot;failed&quot;,&quot;message&quot;:&quot;No personnel found for id hcp&quot;}] as &quot;text/plain&quot; using [org.springframework.http.converter.StringHttpMessageConverter@6b0d781d]
04:51:51.081 [main] DEBUG o.s.t.w.s.TestDispatcherServlet - Null ModelAndView returned to DispatcherServlet with name &apos;&apos;: assuming HandlerAdapter completed request handling
04:51:51.081 [main] DEBUG o.s.t.w.s.TestDispatcherServlet - Successfully completed request
04:51:51.082 [main] DEBUG o.s.t.c.s.AbstractDirtiesContextTestExecutionListener - After test method: context [DefaultTestContext@4f66ffc8 testClass = APIPersonnelTest, testInstance = edu.ncsu.csc.itrust2.apitest.APIPersonnelTest@55eb952c, testMethod = testPersonnelAPI@APIPersonnelTest, testException = java.lang.AssertionError: Status expected:&lt;200&gt; but was:&lt;404&gt;, mergedContextConfiguration = [WebMergedContextConfiguration@124ac145 testClass = APIPersonnelTest, locations = &apos;{}&apos;, classes = &apos;{class edu.ncsu.csc.itrust2.config.RootConfiguration, class edu.ncsu.csc.itrust2.mvc.config.WebMvcConfiguration}&apos;, contextInitializerClasses = &apos;[]&apos;, activeProfiles = &apos;{}&apos;, propertySourceLocations = &apos;{}&apos;, propertySourceProperties = &apos;{}&apos;, contextCustomizers = set[[empty]], resourceBasePath = &apos;src/main/webapp&apos;, contextLoader = &apos;org.springframework.test.context.web.WebDelegatingSmartContextLoader&apos;, parent = [null]]], class annotated with @DirtiesContext [false] with mode [null], method annotated with @DirtiesContext [false] with mode [null].
04:51:51.082 [main] DEBUG o.s.t.c.w.ServletTestExecutionListener - Resetting RequestContextHolder for test context [DefaultTestContext@4f66ffc8 testClass = APIPersonnelTest, testInstance = edu.ncsu.csc.itrust2.apitest.APIPersonnelTest@55eb952c, testMethod = testPersonnelAPI@APIPersonnelTest, testException = java.lang.AssertionError: Status expected:&lt;200&gt; but was:&lt;404&gt;, mergedContextConfiguration = [WebMergedContextConfiguration@124ac145 testClass = APIPersonnelTest, locations = &apos;{}&apos;, classes = &apos;{class edu.ncsu.csc.itrust2.config.RootConfiguration, class edu.ncsu.csc.itrust2.mvc.config.WebMvcConfiguration}&apos;, contextInitializerClasses = &apos;[]&apos;, activeProfiles = &apos;{}&apos;, propertySourceLocations = &apos;{}&apos;, propertySourceProperties = &apos;{}&apos;, contextCustomizers = set[[empty]], resourceBasePath = &apos;src/main/webapp&apos;, contextLoader = &apos;org.springframework.test.context.web.WebDelegatingSmartContextLoader&apos;, parent = [null]]].
</stdout>
          <failedSince>5</failedSince>
        </case>
      </cases>
    </suite>
    <suite>
      <file>/var/lib/jenkins/workspace/iTrust-Fuzz-Job/iTrust2-v2/iTrust/iTrust2/target/surefire-reports/TEST-edu.ncsu.csc.itrust2.apitest.APIPrescriptionTest.xml</file>
      <name>edu.ncsu.csc.itrust2.apitest.APIPrescriptionTest</name>
      <duration>0.017</duration>
      <time>0.017</time>
      <enclosingBlocks/>
      <enclosingBlockNames/>
      <cases>
        <case>
          <duration>0.015</duration>
          <className>edu.ncsu.csc.itrust2.apitest.APIPrescriptionTest</className>
          <testName>testPrescriptionAPI</testName>
          <skipped>false</skipped>
          <failedSince>0</failedSince>
        </case>
      </cases>
    </suite>
    <suite>
      <file>/var/lib/jenkins/workspace/iTrust-Fuzz-Job/iTrust2-v2/iTrust/iTrust2/target/surefire-reports/TEST-edu.ncsu.csc.itrust2.apitest.APIUserTest.xml</file>
      <name>edu.ncsu.csc.itrust2.apitest.APIUserTest</name>
      <duration>0.028</duration>
      <time>0.028</time>
      <enclosingBlocks/>
      <enclosingBlockNames/>
      <cases>
        <case>
          <duration>0.022</duration>
          <className>edu.ncsu.csc.itrust2.apitest.APIUserTest</className>
          <testName>testUserAPI</testName>
          <skipped>false</skipped>
          <failedSince>0</failedSince>
        </case>
        <case>
          <duration>0.001</duration>
          <className>edu.ncsu.csc.itrust2.apitest.APIUserTest</className>
          <testName>testGetNonExistentUser</testName>
          <skipped>false</skipped>
          <failedSince>0</failedSince>
        </case>
      </cases>
    </suite>
    <suite>
      <file>/var/lib/jenkins/workspace/iTrust-Fuzz-Job/iTrust2-v2/iTrust/iTrust2/target/surefire-reports/TEST-edu.ncsu.csc.itrust2.unit.DomainObjectTest.xml</file>
      <name>edu.ncsu.csc.itrust2.unit.DomainObjectTest</name>
      <duration>0.237</duration>
      <time>0.237</time>
      <enclosingBlocks/>
      <enclosingBlockNames/>
      <cases>
        <case>
          <duration>0.008</duration>
          <className>edu.ncsu.csc.itrust2.unit.DomainObjectTest</className>
          <testName>testCreateDomainObject</testName>
          <skipped>false</skipped>
          <failedSince>0</failedSince>
        </case>
        <case>
          <duration>0.217</duration>
          <className>edu.ncsu.csc.itrust2.unit.DomainObjectTest</className>
          <testName>testRetrieveDomainObject</testName>
          <skipped>false</skipped>
          <failedSince>0</failedSince>
        </case>
        <case>
          <duration>0.011</duration>
          <className>edu.ncsu.csc.itrust2.unit.DomainObjectTest</className>
          <testName>testDelete</testName>
          <skipped>false</skipped>
          <failedSince>0</failedSince>
        </case>
      </cases>
    </suite>
    <suite>
      <file>/var/lib/jenkins/workspace/iTrust-Fuzz-Job/iTrust2-v2/iTrust/iTrust2/target/surefire-reports/TEST-edu.ncsu.csc.itrust2.unit.EmailUtilTest.xml</file>
      <name>edu.ncsu.csc.itrust2.unit.EmailUtilTest</name>
      <duration>0.009</duration>
      <time>0.009</time>
      <enclosingBlocks/>
      <enclosingBlockNames/>
      <cases>
        <case>
          <duration>0.009</duration>
          <className>edu.ncsu.csc.itrust2.unit.EmailUtilTest</className>
          <testName>testEmail</testName>
          <skipped>false</skipped>
          <failedSince>0</failedSince>
        </case>
        <case>
          <duration>0.0</duration>
          <className>edu.ncsu.csc.itrust2.unit.EmailUtilTest</className>
          <testName>testSendEmail</testName>
          <skipped>false</skipped>
          <errorStackTrace>java.lang.NullPointerException: Cannot read input file
	at edu.ncsu.csc.itrust2.unit.EmailUtilTest.testSendEmail(EmailUtilTest.java:31)
</errorStackTrace>
          <errorDetails>Cannot read input file</errorDetails>
          <failedSince>4</failedSince>
        </case>
      </cases>
    </suite>
    <suite>
      <file>/var/lib/jenkins/workspace/iTrust-Fuzz-Job/iTrust2-v2/iTrust/iTrust2/target/surefire-reports/TEST-edu.ncsu.csc.itrust2.unit.HospitalFormTest.xml</file>
      <name>edu.ncsu.csc.itrust2.unit.HospitalFormTest</name>
      <duration>0.0</duration>
      <time>0</time>
      <enclosingBlocks/>
      <enclosingBlockNames/>
      <cases>
        <case>
          <duration>0.0</duration>
          <className>edu.ncsu.csc.itrust2.unit.HospitalFormTest</className>
          <testName>testHospitalForm</testName>
          <skipped>false</skipped>
          <failedSince>0</failedSince>
        </case>
      </cases>
    </suite>
    <suite>
      <file>/var/lib/jenkins/workspace/iTrust-Fuzz-Job/iTrust2-v2/iTrust/iTrust2/target/surefire-reports/TEST-edu.ncsu.csc.itrust2.unit.ICDCodeTest.xml</file>
      <name>edu.ncsu.csc.itrust2.unit.ICDCodeTest</name>
      <duration>0.0</duration>
      <time>0</time>
      <enclosingBlocks/>
      <enclosingBlockNames/>
      <cases>
        <case>
          <duration>0.0</duration>
          <className>edu.ncsu.csc.itrust2.unit.ICDCodeTest</className>
          <testName>testCodes</testName>
          <skipped>false</skipped>
          <failedSince>0</failedSince>
        </case>
        <case>
          <duration>0.0</duration>
          <className>edu.ncsu.csc.itrust2.unit.ICDCodeTest</className>
          <testName>testInvalidCodes</testName>
          <skipped>false</skipped>
          <errorStackTrace>org.junit.ComparisonFailure: expected:&lt;[Code too long! Max 8 characters including decimal: ]A11.1AA1A&gt; but was:&lt;[8ccZfnKRqF]A11.1AA1A&gt;
	at edu.ncsu.csc.itrust2.unit.ICDCodeTest.testInvalidCodes(ICDCodeTest.java:105)
</errorStackTrace>
          <errorDetails>expected:&lt;[Code too long! Max 8 characters including decimal: ]A11.1AA1A&gt; but was:&lt;[8ccZfnKRqF]A11.1AA1A&gt;</errorDetails>
          <failedSince>5</failedSince>
        </case>
      </cases>
    </suite>
    <suite>
      <file>/var/lib/jenkins/workspace/iTrust-Fuzz-Job/iTrust2-v2/iTrust/iTrust2/target/surefire-reports/TEST-edu.ncsu.csc.itrust2.unit.LockoutTest.xml</file>
      <name>edu.ncsu.csc.itrust2.unit.LockoutTest</name>
      <duration>0.014</duration>
      <time>0.014</time>
      <enclosingBlocks/>
      <enclosingBlockNames/>
      <cases>
        <case>
          <duration>0.007</duration>
          <className>edu.ncsu.csc.itrust2.unit.LockoutTest</className>
          <testName>testUserLockouts</testName>
          <skipped>false</skipped>
          <failedSince>0</failedSince>
        </case>
        <case>
          <duration>0.006</duration>
          <className>edu.ncsu.csc.itrust2.unit.LockoutTest</className>
          <testName>testIPLockouts</testName>
          <skipped>false</skipped>
          <failedSince>0</failedSince>
        </case>
      </cases>
    </suite>
    <suite>
      <file>/var/lib/jenkins/workspace/iTrust-Fuzz-Job/iTrust2-v2/iTrust/iTrust2/target/surefire-reports/TEST-edu.ncsu.csc.itrust2.unit.LogTest.xml</file>
      <name>edu.ncsu.csc.itrust2.unit.LogTest</name>
      <duration>0.003</duration>
      <time>0.003</time>
      <enclosingBlocks/>
      <enclosingBlockNames/>
      <cases>
        <case>
          <duration>0.003</duration>
          <className>edu.ncsu.csc.itrust2.unit.LogTest</className>
          <testName>testLogging</testName>
          <skipped>false</skipped>
          <failedSince>0</failedSince>
        </case>
      </cases>
    </suite>
    <suite>
      <file>/var/lib/jenkins/workspace/iTrust-Fuzz-Job/iTrust2-v2/iTrust/iTrust2/target/surefire-reports/TEST-edu.ncsu.csc.itrust2.unit.OfficeVisitTest.xml</file>
      <name>edu.ncsu.csc.itrust2.unit.OfficeVisitTest</name>
      <duration>0.264</duration>
      <time>0.264</time>
      <enclosingBlocks/>
      <enclosingBlockNames/>
      <cases>
        <case>
          <duration>0.263</duration>
          <className>edu.ncsu.csc.itrust2.unit.OfficeVisitTest</className>
          <testName>testOfficeVisit</testName>
          <skipped>false</skipped>
          <errorStackTrace>org.hibernate.exception.ConstraintViolationException: could not execute statement
	at edu.ncsu.csc.itrust2.unit.OfficeVisitTest.testOfficeVisit(OfficeVisitTest.java:99)
Caused by: com.mysql.jdbc.exceptions.jdbc4.MySQLIntegrityConstraintViolationException: Cannot delete or update a parent row: a foreign key constraint fails (`iTrust2`.`Diagnoses`, CONSTRAINT `FKchbkmm1cp30vpspntly0rtey7` FOREIGN KEY (`visit_id`) REFERENCES `OfficeVisits` (`id`))
	at edu.ncsu.csc.itrust2.unit.OfficeVisitTest.testOfficeVisit(OfficeVisitTest.java:99)
</errorStackTrace>
          <errorDetails>could not execute statement</errorDetails>
          <stdout>04:52:07.248 [main] DEBUG o.h.e.t.internal.TransactionImpl - begin
04:52:07.248 [main] DEBUG org.hibernate.SQL - select hospital_.name, hospital_.address as address2_4_, hospital_.state as state3_4_, hospital_.zip as zip4_4_ from Hospitals hospital_ where hospital_.name=?
Hibernate: select hospital_.name, hospital_.address as address2_4_, hospital_.state as state3_4_, hospital_.zip as zip4_4_ from Hospitals hospital_ where hospital_.name=?
04:52:07.249 [main] DEBUG o.h.r.j.i.ResourceRegistryStandardImpl - HHH000387: ResultSet&apos;s statement was not registered
04:52:07.249 [main] DEBUG o.h.e.i.AbstractSaveEventListener - Generated identifier: Dr. Jenkins&apos; Insane Asylum, using strategy: org.hibernate.id.Assigned
04:52:07.249 [main] DEBUG o.h.e.t.internal.TransactionImpl - committing
04:52:07.249 [main] DEBUG o.h.e.i.AbstractFlushingEventListener - Processing flush-time cascades
04:52:07.249 [main] DEBUG o.h.e.i.AbstractFlushingEventListener - Dirty checking collections
04:52:07.249 [main] DEBUG o.h.e.i.AbstractFlushingEventListener - Flushed: 1 insertions, 0 updates, 0 deletions to 1 objects
04:52:07.249 [main] DEBUG o.h.e.i.AbstractFlushingEventListener - Flushed: 0 (re)creations, 0 updates, 0 removals to 0 collections
04:52:07.249 [main] DEBUG o.h.internal.util.EntityPrinter - Listing entities:
04:52:07.249 [main] DEBUG o.h.internal.util.EntityPrinter - edu.ncsu.csc.itrust2.models.persistent.Hospital{zip=12345, address=123 Main St, name=Dr. Jenkins&apos; Insane Asylum, state=NC}
04:52:07.250 [main] DEBUG org.hibernate.SQL - insert into Hospitals (address, state, zip, name) values (?, ?, ?, ?)
Hibernate: insert into Hospitals (address, state, zip, name) values (?, ?, ?, ?)
04:52:07.252 [main] DEBUG o.h.e.j.internal.JdbcCoordinatorImpl - HHH000420: Closing un-released batch
04:52:07.252 [main] DEBUG o.h.e.t.internal.TransactionImpl - begin
04:52:07.253 [main] DEBUG org.hibernate.SQL - select this_.username as username1_15_0_, this_.enabled as enabled2_15_0_, this_.password as password3_15_0_, this_.role as role4_15_0_ from Users this_ where this_.username=?
Hibernate: select this_.username as username1_15_0_, this_.enabled as enabled2_15_0_, this_.password as password3_15_0_, this_.role as role4_15_0_ from Users this_ where this_.username=?
04:52:07.253 [main] DEBUG org.hibernate.loader.Loader - Result set row: 0
04:52:07.253 [main] DEBUG org.hibernate.loader.Loader - Result row: EntityKey[edu.ncsu.csc.itrust2.models.persistent.User#hcp]
04:52:07.254 [main] DEBUG o.h.engine.internal.TwoPhaseLoad - Resolving associations for [edu.ncsu.csc.itrust2.models.persistent.User#hcp]
04:52:07.254 [main] DEBUG o.h.engine.internal.TwoPhaseLoad - Done materializing entity [edu.ncsu.csc.itrust2.models.persistent.User#hcp]
04:52:07.254 [main] DEBUG o.h.e.t.internal.TransactionImpl - committing
04:52:07.254 [main] DEBUG o.h.e.i.AbstractFlushingEventListener - Processing flush-time cascades
04:52:07.254 [main] DEBUG o.h.e.i.AbstractFlushingEventListener - Dirty checking collections
04:52:07.254 [main] DEBUG o.h.e.i.AbstractFlushingEventListener - Flushed: 0 insertions, 0 updates, 0 deletions to 1 objects
04:52:07.254 [main] DEBUG o.h.e.i.AbstractFlushingEventListener - Flushed: 0 (re)creations, 0 updates, 0 removals to 0 collections
04:52:07.254 [main] DEBUG o.h.internal.util.EntityPrinter - Listing entities:
04:52:07.254 [main] DEBUG o.h.internal.util.EntityPrinter - edu.ncsu.csc.itrust2.models.persistent.User{password=$2a$10$EblZqNptyYvcLm/VwDCVAuBjzZOI7khzdyGPBr08PpIi0na624b8., role=ROLE_HCP, enabled=1, username=hcp}
04:52:07.255 [main] DEBUG o.h.e.t.internal.TransactionImpl - begin
04:52:07.256 [main] DEBUG org.hibernate.SQL - select this_.username as username1_15_0_, this_.enabled as enabled2_15_0_, this_.password as password3_15_0_, this_.role as role4_15_0_ from Users this_ where this_.username=?
Hibernate: select this_.username as username1_15_0_, this_.enabled as enabled2_15_0_, this_.password as password3_15_0_, this_.role as role4_15_0_ from Users this_ where this_.username=?
04:52:07.256 [main] DEBUG org.hibernate.loader.Loader - Result set row: 0
04:52:07.256 [main] DEBUG org.hibernate.loader.Loader - Result row: EntityKey[edu.ncsu.csc.itrust2.models.persistent.User#AliceThirteen]
04:52:07.257 [main] DEBUG o.h.engine.internal.TwoPhaseLoad - Resolving associations for [edu.ncsu.csc.itrust2.models.persistent.User#AliceThirteen]
04:52:07.257 [main] DEBUG o.h.engine.internal.TwoPhaseLoad - Done materializing entity [edu.ncsu.csc.itrust2.models.persistent.User#AliceThirteen]
04:52:07.257 [main] DEBUG o.h.e.t.internal.TransactionImpl - committing
04:52:07.258 [main] DEBUG o.h.e.i.AbstractFlushingEventListener - Processing flush-time cascades
04:52:07.258 [main] DEBUG o.h.e.i.AbstractFlushingEventListener - Dirty checking collections
04:52:07.258 [main] DEBUG o.h.e.i.AbstractFlushingEventListener - Flushed: 0 insertions, 0 updates, 0 deletions to 1 objects
04:52:07.258 [main] DEBUG o.h.e.i.AbstractFlushingEventListener - Flushed: 0 (re)creations, 0 updates, 0 removals to 0 collections
04:52:07.258 [main] DEBUG o.h.internal.util.EntityPrinter - Listing entities:
04:52:07.258 [main] DEBUG o.h.internal.util.EntityPrinter - edu.ncsu.csc.itrust2.models.persistent.User{password=$2a$10$EblZqNptyYvcLm/VwDCVAuBjzZOI7khzdyGPBr08PpIi0na624b8., role=ROLE_PATIENT, enabled=1, username=AliceThirteen}
04:52:07.258 [main] DEBUG o.h.e.t.internal.TransactionImpl - begin
04:52:07.259 [main] DEBUG org.hibernate.SQL - select next_val as id_val from hibernate_sequence for update
Hibernate: select next_val as id_val from hibernate_sequence for update
04:52:07.259 [main] DEBUG org.hibernate.SQL - update hibernate_sequence set next_val= ? where next_val=?
Hibernate: update hibernate_sequence set next_val= ? where next_val=?
04:52:07.261 [main] DEBUG o.h.e.i.AbstractSaveEventListener - Generated identifier: 598, using strategy: org.hibernate.id.enhanced.SequenceStyleGenerator
04:52:07.261 [main] DEBUG org.hibernate.SQL - select user_.username, user_.enabled as enabled2_15_, user_.password as password3_15_, user_.role as role4_15_ from Users user_ where user_.username=?
Hibernate: select user_.username, user_.enabled as enabled2_15_, user_.password as password3_15_, user_.role as role4_15_ from Users user_ where user_.username=?
04:52:07.262 [main] DEBUG o.h.r.j.i.ResourceRegistryStandardImpl - HHH000387: ResultSet&apos;s statement was not registered
04:52:07.262 [main] DEBUG org.hibernate.SQL - select user_.username, user_.enabled as enabled2_15_, user_.password as password3_15_, user_.role as role4_15_ from Users user_ where user_.username=?
Hibernate: select user_.username, user_.enabled as enabled2_15_, user_.password as password3_15_, user_.role as role4_15_ from Users user_ where user_.username=?
04:52:07.263 [main] DEBUG o.h.r.j.i.ResourceRegistryStandardImpl - HHH000387: ResultSet&apos;s statement was not registered
04:52:07.263 [main] DEBUG o.h.e.t.internal.TransactionImpl - committing
04:52:07.263 [main] DEBUG o.h.e.i.AbstractFlushingEventListener - Processing flush-time cascades
04:52:07.263 [main] DEBUG o.h.e.i.AbstractFlushingEventListener - Dirty checking collections
04:52:07.264 [main] DEBUG o.h.e.i.AbstractFlushingEventListener - Flushed: 1 insertions, 0 updates, 0 deletions to 1 objects
04:52:07.264 [main] DEBUG o.h.e.i.AbstractFlushingEventListener - Flushed: 0 (re)creations, 0 updates, 0 removals to 0 collections
04:52:07.264 [main] DEBUG o.h.internal.util.EntityPrinter - Listing entities:
04:52:07.264 [main] DEBUG o.h.internal.util.EntityPrinter - edu.ncsu.csc.itrust2.models.persistent.BasicHealthMetrics{patientSmokingStatus=null, headCircumference=null, weight=null, tri=null, hdl=75, diastolic=null, systolic=null, hcp=edu.ncsu.csc.itrust2.models.persistent.User#hcp, ldl=null, houseSmokingStatus=1, patient=edu.ncsu.csc.itrust2.models.persistent.User#AliceThirteen, id=598, height=75.0}
04:52:07.264 [main] DEBUG org.hibernate.SQL - insert into BasicHealthMetrics (diastolic, hcp_id, hdl, headCircumference, height, houseSmokingStatus, ldl, patient_id, patientSmokingStatus, systolic, tri, weight, id) values (?, ?, ?, ?, ?, ?, ?, ?, ?, ?, ?, ?, ?)
Hibernate: insert into BasicHealthMetrics (diastolic, hcp_id, hdl, headCircumference, height, houseSmokingStatus, ldl, patient_id, patientSmokingStatus, systolic, tri, weight, id) values (?, ?, ?, ?, ?, ?, ?, ?, ?, ?, ?, ?, ?)
04:52:07.266 [main] DEBUG o.h.e.j.internal.JdbcCoordinatorImpl - HHH000420: Closing un-released batch
04:52:07.267 [main] DEBUG o.h.e.t.internal.TransactionImpl - begin
04:52:07.268 [main] DEBUG org.hibernate.SQL - select this_.username as username1_15_0_, this_.enabled as enabled2_15_0_, this_.password as password3_15_0_, this_.role as role4_15_0_ from Users this_ where this_.username=?
Hibernate: select this_.username as username1_15_0_, this_.enabled as enabled2_15_0_, this_.password as password3_15_0_, this_.role as role4_15_0_ from Users this_ where this_.username=?
04:52:07.269 [main] DEBUG org.hibernate.loader.Loader - Result set row: 0
04:52:07.269 [main] DEBUG org.hibernate.loader.Loader - Result row: EntityKey[edu.ncsu.csc.itrust2.models.persistent.User#AliceThirteen]
04:52:07.269 [main] DEBUG o.h.engine.internal.TwoPhaseLoad - Resolving associations for [edu.ncsu.csc.itrust2.models.persistent.User#AliceThirteen]
04:52:07.269 [main] DEBUG o.h.engine.internal.TwoPhaseLoad - Done materializing entity [edu.ncsu.csc.itrust2.models.persistent.User#AliceThirteen]
04:52:07.269 [main] DEBUG o.h.e.t.internal.TransactionImpl - committing
04:52:07.269 [main] DEBUG o.h.e.i.AbstractFlushingEventListener - Processing flush-time cascades
04:52:07.270 [main] DEBUG o.h.e.i.AbstractFlushingEventListener - Dirty checking collections
04:52:07.270 [main] DEBUG o.h.e.i.AbstractFlushingEventListener - Flushed: 0 insertions, 0 updates, 0 deletions to 1 objects
04:52:07.270 [main] DEBUG o.h.e.i.AbstractFlushingEventListener - Flushed: 0 (re)creations, 0 updates, 0 removals to 0 collections
04:52:07.270 [main] DEBUG o.h.internal.util.EntityPrinter - Listing entities:
04:52:07.270 [main] DEBUG o.h.internal.util.EntityPrinter - edu.ncsu.csc.itrust2.models.persistent.User{password=$2a$10$EblZqNptyYvcLm/VwDCVAuBjzZOI7khzdyGPBr08PpIi0na624b8., role=ROLE_PATIENT, enabled=1, username=AliceThirteen}
04:52:07.270 [main] DEBUG o.h.e.t.internal.TransactionImpl - begin
04:52:07.271 [main] DEBUG org.hibernate.SQL - select this_.username as username1_15_0_, this_.enabled as enabled2_15_0_, this_.password as password3_15_0_, this_.role as role4_15_0_ from Users this_ where this_.username=?
Hibernate: select this_.username as username1_15_0_, this_.enabled as enabled2_15_0_, this_.password as password3_15_0_, this_.role as role4_15_0_ from Users this_ where this_.username=?
04:52:07.272 [main] DEBUG org.hibernate.loader.Loader - Result set row: 0
04:52:07.272 [main] DEBUG org.hibernate.loader.Loader - Result row: EntityKey[edu.ncsu.csc.itrust2.models.persistent.User#AliceThirteen]
04:52:07.272 [main] DEBUG o.h.engine.internal.TwoPhaseLoad - Resolving associations for [edu.ncsu.csc.itrust2.models.persistent.User#AliceThirteen]
04:52:07.272 [main] DEBUG o.h.engine.internal.TwoPhaseLoad - Done materializing entity [edu.ncsu.csc.itrust2.models.persistent.User#AliceThirteen]
04:52:07.272 [main] DEBUG o.h.e.t.internal.TransactionImpl - committing
04:52:07.272 [main] DEBUG o.h.e.i.AbstractFlushingEventListener - Processing flush-time cascades
04:52:07.272 [main] DEBUG o.h.e.i.AbstractFlushingEventListener - Dirty checking collections
04:52:07.272 [main] DEBUG o.h.e.i.AbstractFlushingEventListener - Flushed: 0 insertions, 0 updates, 0 deletions to 1 objects
04:52:07.272 [main] DEBUG o.h.e.i.AbstractFlushingEventListener - Flushed: 0 (re)creations, 0 updates, 0 removals to 0 collections
04:52:07.272 [main] DEBUG o.h.internal.util.EntityPrinter - Listing entities:
04:52:07.273 [main] DEBUG o.h.internal.util.EntityPrinter - edu.ncsu.csc.itrust2.models.persistent.User{password=$2a$10$EblZqNptyYvcLm/VwDCVAuBjzZOI7khzdyGPBr08PpIi0na624b8., role=ROLE_PATIENT, enabled=1, username=AliceThirteen}
04:52:07.273 [main] DEBUG o.h.e.t.internal.TransactionImpl - begin
04:52:07.274 [main] DEBUG org.hibernate.SQL - select this_.id as id1_1_2_, this_.diastolic as diastoli2_1_2_, this_.hcp_id as hcp_id12_1_2_, this_.hdl as hdl3_1_2_, this_.headCircumference as headCirc4_1_2_, this_.height as height5_1_2_, this_.houseSmokingStatus as houseSmo6_1_2_, this_.ldl as ldl7_1_2_, this_.patient_id as patient13_1_2_, this_.patientSmokingStatus as patientS8_1_2_, this_.systolic as systolic9_1_2_, this_.tri as tri10_1_2_, this_.weight as weight11_1_2_, user2_.username as username1_15_0_, user2_.enabled as enabled2_15_0_, user2_.password as password3_15_0_, user2_.role as role4_15_0_, user3_.username as username1_15_1_, user3_.enabled as enabled2_15_1_, user3_.password as password3_15_1_, user3_.role as role4_15_1_ from BasicHealthMetrics this_ inner join Users user2_ on this_.hcp_id=user2_.username inner join Users user3_ on this_.patient_id=user3_.username where this_.id=?
Hibernate: select this_.id as id1_1_2_, this_.diastolic as diastoli2_1_2_, this_.hcp_id as hcp_id12_1_2_, this_.hdl as hdl3_1_2_, this_.headCircumference as headCirc4_1_2_, this_.height as height5_1_2_, this_.houseSmokingStatus as houseSmo6_1_2_, this_.ldl as ldl7_1_2_, this_.patient_id as patient13_1_2_, this_.patientSmokingStatus as patientS8_1_2_, this_.systolic as systolic9_1_2_, this_.tri as tri10_1_2_, this_.weight as weight11_1_2_, user2_.username as username1_15_0_, user2_.enabled as enabled2_15_0_, user2_.password as password3_15_0_, user2_.role as role4_15_0_, user3_.username as username1_15_1_, user3_.enabled as enabled2_15_1_, user3_.password as password3_15_1_, user3_.role as role4_15_1_ from BasicHealthMetrics this_ inner join Users user2_ on this_.hcp_id=user2_.username inner join Users user3_ on this_.patient_id=user3_.username where this_.id=?
04:52:07.274 [main] DEBUG org.hibernate.loader.Loader - Result set row: 0
04:52:07.275 [main] DEBUG org.hibernate.loader.Loader - Result row: EntityKey[edu.ncsu.csc.itrust2.models.persistent.User#hcp], EntityKey[edu.ncsu.csc.itrust2.models.persistent.User#AliceThirteen], EntityKey[edu.ncsu.csc.itrust2.models.persistent.BasicHealthMetrics#598]
04:52:07.275 [main] DEBUG o.h.engine.internal.TwoPhaseLoad - Resolving associations for [edu.ncsu.csc.itrust2.models.persistent.User#hcp]
04:52:07.275 [main] DEBUG o.h.engine.internal.TwoPhaseLoad - Done materializing entity [edu.ncsu.csc.itrust2.models.persistent.User#hcp]
04:52:07.275 [main] DEBUG o.h.engine.internal.TwoPhaseLoad - Resolving associations for [edu.ncsu.csc.itrust2.models.persistent.User#AliceThirteen]
04:52:07.275 [main] DEBUG o.h.engine.internal.TwoPhaseLoad - Done materializing entity [edu.ncsu.csc.itrust2.models.persistent.User#AliceThirteen]
04:52:07.275 [main] DEBUG o.h.engine.internal.TwoPhaseLoad - Resolving associations for [edu.ncsu.csc.itrust2.models.persistent.BasicHealthMetrics#598]
04:52:07.275 [main] DEBUG o.h.engine.internal.TwoPhaseLoad - Done materializing entity [edu.ncsu.csc.itrust2.models.persistent.BasicHealthMetrics#598]
04:52:07.275 [main] DEBUG o.h.e.t.internal.TransactionImpl - committing
04:52:07.275 [main] DEBUG o.h.e.i.AbstractFlushingEventListener - Processing flush-time cascades
04:52:07.275 [main] DEBUG o.h.e.i.AbstractFlushingEventListener - Dirty checking collections
04:52:07.275 [main] DEBUG o.h.e.i.AbstractFlushingEventListener - Flushed: 0 insertions, 0 updates, 0 deletions to 3 objects
04:52:07.275 [main] DEBUG o.h.e.i.AbstractFlushingEventListener - Flushed: 0 (re)creations, 0 updates, 0 removals to 0 collections
04:52:07.276 [main] DEBUG o.h.internal.util.EntityPrinter - Listing entities:
04:52:07.276 [main] DEBUG o.h.internal.util.EntityPrinter - edu.ncsu.csc.itrust2.models.persistent.User{password=$2a$10$EblZqNptyYvcLm/VwDCVAuBjzZOI7khzdyGPBr08PpIi0na624b8., role=ROLE_PATIENT, enabled=1, username=AliceThirteen}
04:52:07.276 [main] DEBUG o.h.internal.util.EntityPrinter - edu.ncsu.csc.itrust2.models.persistent.User{password=$2a$10$EblZqNptyYvcLm/VwDCVAuBjzZOI7khzdyGPBr08PpIi0na624b8., role=ROLE_HCP, enabled=1, username=hcp}
04:52:07.276 [main] DEBUG o.h.internal.util.EntityPrinter - edu.ncsu.csc.itrust2.models.persistent.BasicHealthMetrics{patientSmokingStatus=null, headCircumference=null, weight=null, tri=null, hdl=75, diastolic=null, systolic=null, hcp=edu.ncsu.csc.itrust2.models.persistent.User#hcp, ldl=null, houseSmokingStatus=1, patient=edu.ncsu.csc.itrust2.models.persistent.User#AliceThirteen, id=598, height=75.0}
04:52:07.276 [main] DEBUG o.h.e.t.internal.TransactionImpl - begin
04:52:07.277 [main] DEBUG o.h.e.t.internal.TransactionImpl - committing
04:52:07.277 [main] DEBUG o.h.e.i.AbstractFlushingEventListener - Processing flush-time cascades
04:52:07.277 [main] DEBUG o.h.e.i.AbstractFlushingEventListener - Dirty checking collections
04:52:07.277 [main] DEBUG o.h.e.i.AbstractFlushingEventListener - Flushed: 0 insertions, 1 updates, 0 deletions to 1 objects
04:52:07.277 [main] DEBUG o.h.e.i.AbstractFlushingEventListener - Flushed: 0 (re)creations, 0 updates, 0 removals to 0 collections
04:52:07.277 [main] DEBUG o.h.internal.util.EntityPrinter - Listing entities:
04:52:07.277 [main] DEBUG o.h.internal.util.EntityPrinter - edu.ncsu.csc.itrust2.models.persistent.BasicHealthMetrics{patientSmokingStatus=null, headCircumference=null, weight=null, tri=null, hdl=75, diastolic=null, systolic=null, hcp=edu.ncsu.csc.itrust2.models.persistent.User#hcp, ldl=null, houseSmokingStatus=1, patient=edu.ncsu.csc.itrust2.models.persistent.User#AliceThirteen, id=598, height=75.0}
04:52:07.277 [main] DEBUG org.hibernate.SQL - update BasicHealthMetrics set diastolic=?, hcp_id=?, hdl=?, headCircumference=?, height=?, houseSmokingStatus=?, ldl=?, patient_id=?, patientSmokingStatus=?, systolic=?, tri=?, weight=? where id=?
Hibernate: update BasicHealthMetrics set diastolic=?, hcp_id=?, hdl=?, headCircumference=?, height=?, houseSmokingStatus=?, ldl=?, patient_id=?, patientSmokingStatus=?, systolic=?, tri=?, weight=? where id=?
04:52:07.278 [main] DEBUG o.h.e.j.internal.JdbcCoordinatorImpl - HHH000420: Closing un-released batch
04:52:07.279 [main] DEBUG o.h.e.t.internal.TransactionImpl - begin
04:52:07.280 [main] DEBUG org.hibernate.SQL - select this_.id as id1_10_12_, this_.appointment_id as appointm5_10_12_, this_.basichealthmetrics_id as basichea6_10_12_, this_.date as date2_10_12_, this_.hcp_id as hcp_id7_10_12_, this_.hospital_id as hospital8_10_12_, this_.notes as notes3_10_12_, this_.patient_id as patient_9_10_12_, this_.type as type4_10_12_, appointmen2_.id as id1_0_0_, appointmen2_.comments as comments2_0_0_, appointmen2_.date as date3_0_0_, appointmen2_.hcp_id as hcp_id6_0_0_, appointmen2_.patient_id as patient_7_0_0_, appointmen2_.status as status4_0_0_, appointmen2_.type as type5_0_0_, user3_.username as username1_15_1_, user3_.enabled as enabled2_15_1_, user3_.password as password3_15_1_, user3_.role as role4_15_1_, user4_.username as username1_15_2_, user4_.enabled as enabled2_15_2_, user4_.password as password3_15_2_, user4_.role as role4_15_2_, basichealt5_.id as id1_1_3_, basichealt5_.diastolic as diastoli2_1_3_, basichealt5_.hcp_id as hcp_id12_1_3_, basichealt5_.hdl as hdl3_1_3_, basichealt5_.headCircumference as headCirc4_1_3_, basichealt5_.height as height5_1_3_, basichealt5_.houseSmokingStatus as houseSmo6_1_3_, basichealt5_.ldl as ldl7_1_3_, basichealt5_.patient_id as patient13_1_3_, basichealt5_.patientSmokingStatus as patientS8_1_3_, basichealt5_.systolic as systolic9_1_3_, basichealt5_.tri as tri10_1_3_, basichealt5_.weight as weight11_1_3_, user6_.username as username1_15_4_, user6_.enabled as enabled2_15_4_, user6_.password as password3_15_4_, user6_.role as role4_15_4_, user7_.username as username1_15_5_, user7_.enabled as enabled2_15_5_, user7_.password as password3_15_5_, user7_.role as role4_15_5_, user8_.username as username1_15_6_, user8_.enabled as enabled2_15_6_, user8_.password as password3_15_6_, user8_.role as role4_15_6_, hospital9_.name as name1_4_7_, hospital9_.address as address2_4_7_, hospital9_.state as state3_4_7_, hospital9_.zip as zip4_4_7_, user10_.username as username1_15_8_, user10_.enabled as enabled2_15_8_, user10_.password as password3_15_8_, user10_.role as role4_15_8_, prescripti11_.prescriptions_id as prescrip8_14_14_, prescripti11_.id as id1_14_14_, prescripti11_.id as id1_14_9_, prescripti11_.dosage as dosage2_14_9_, prescripti11_.drug_id as drug_id6_14_9_, prescripti11_.endDate as endDate3_14_9_, prescripti11_.patient_id as patient_7_14_9_, prescripti11_.renewals as renewals4_14_9_, prescripti11_.startDate as startDat5_14_9_, drug12_.id as id1_3_10_, drug12_.code as code2_3_10_, drug12_.description as descript3_3_10_, drug12_.name as name4_3_10_, user13_.username as username1_15_11_, user13_.enabled as enabled2_15_11_, user13_.password as password3_15_11_, user13_.role as role4_15_11_ from OfficeVisits this_ left outer join AppointmentRequests appointmen2_ on this_.appointment_id=appointmen2_.id left outer join Users user3_ on appointmen2_.hcp_id=user3_.username left outer join Users user4_ on appointmen2_.patient_id=user4_.username left outer join BasicHealthMetrics basichealt5_ on this_.basichealthmetrics_id=basichealt5_.id left outer join Users user6_ on basichealt5_.hcp_id=user6_.username left outer join Users user7_ on basichealt5_.patient_id=user7_.username inner join Users user8_ on this_.hcp_id=user8_.username inner join Hospitals hospital9_ on this_.hospital_id=hospital9_.name inner join Users user10_ on this_.patient_id=user10_.username left outer join Prescriptions prescripti11_ on this_.id=prescripti11_.prescriptions_id left outer join Drugs drug12_ on prescripti11_.drug_id=drug12_.id left outer join Users user13_ on prescripti11_.patient_id=user13_.username where this_.id=?
Hibernate: select this_.id as id1_10_12_, this_.appointment_id as appointm5_10_12_, this_.basichealthmetrics_id as basichea6_10_12_, this_.date as date2_10_12_, this_.hcp_id as hcp_id7_10_12_, this_.hospital_id as hospital8_10_12_, this_.notes as notes3_10_12_, this_.patient_id as patient_9_10_12_, this_.type as type4_10_12_, appointmen2_.id as id1_0_0_, appointmen2_.comments as comments2_0_0_, appointmen2_.date as date3_0_0_, appointmen2_.hcp_id as hcp_id6_0_0_, appointmen2_.patient_id as patient_7_0_0_, appointmen2_.status as status4_0_0_, appointmen2_.type as type5_0_0_, user3_.username as username1_15_1_, user3_.enabled as enabled2_15_1_, user3_.password as password3_15_1_, user3_.role as role4_15_1_, user4_.username as username1_15_2_, user4_.enabled as enabled2_15_2_, user4_.password as password3_15_2_, user4_.role as role4_15_2_, basichealt5_.id as id1_1_3_, basichealt5_.diastolic as diastoli2_1_3_, basichealt5_.hcp_id as hcp_id12_1_3_, basichealt5_.hdl as hdl3_1_3_, basichealt5_.headCircumference as headCirc4_1_3_, basichealt5_.height as height5_1_3_, basichealt5_.houseSmokingStatus as houseSmo6_1_3_, basichealt5_.ldl as ldl7_1_3_, basichealt5_.patient_id as patient13_1_3_, basichealt5_.patientSmokingStatus as patientS8_1_3_, basichealt5_.systolic as systolic9_1_3_, basichealt5_.tri as tri10_1_3_, basichealt5_.weight as weight11_1_3_, user6_.username as username1_15_4_, user6_.enabled as enabled2_15_4_, user6_.password as password3_15_4_, user6_.role as role4_15_4_, user7_.username as username1_15_5_, user7_.enabled as enabled2_15_5_, user7_.password as password3_15_5_, user7_.role as role4_15_5_, user8_.username as username1_15_6_, user8_.enabled as enabled2_15_6_, user8_.password as password3_15_6_, user8_.role as role4_15_6_, hospital9_.name as name1_4_7_, hospital9_.address as address2_4_7_, hospital9_.state as state3_4_7_, hospital9_.zip as zip4_4_7_, user10_.username as username1_15_8_, user10_.enabled as enabled2_15_8_, user10_.password as password3_15_8_, user10_.role as role4_15_8_, prescripti11_.prescriptions_id as prescrip8_14_14_, prescripti11_.id as id1_14_14_, prescripti11_.id as id1_14_9_, prescripti11_.dosage as dosage2_14_9_, prescripti11_.drug_id as drug_id6_14_9_, prescripti11_.endDate as endDate3_14_9_, prescripti11_.patient_id as patient_7_14_9_, prescripti11_.renewals as renewals4_14_9_, prescripti11_.startDate as startDat5_14_9_, drug12_.id as id1_3_10_, drug12_.code as code2_3_10_, drug12_.description as descript3_3_10_, drug12_.name as name4_3_10_, user13_.username as username1_15_11_, user13_.enabled as enabled2_15_11_, user13_.password as password3_15_11_, user13_.role as role4_15_11_ from OfficeVisits this_ left outer join AppointmentRequests appointmen2_ on this_.appointment_id=appointmen2_.id left outer join Users user3_ on appointmen2_.hcp_id=user3_.username left outer join Users user4_ on appointmen2_.patient_id=user4_.username left outer join BasicHealthMetrics basichealt5_ on this_.basichealthmetrics_id=basichealt5_.id left outer join Users user6_ on basichealt5_.hcp_id=user6_.username left outer join Users user7_ on basichealt5_.patient_id=user7_.username inner join Users user8_ on this_.hcp_id=user8_.username inner join Hospitals hospital9_ on this_.hospital_id=hospital9_.name inner join Users user10_ on this_.patient_id=user10_.username left outer join Prescriptions prescripti11_ on this_.id=prescripti11_.prescriptions_id left outer join Drugs drug12_ on prescripti11_.drug_id=drug12_.id left outer join Users user13_ on prescripti11_.patient_id=user13_.username where this_.id=?
04:52:07.281 [main] DEBUG o.h.e.l.i.CollectionLoadContext - No collections were found in result set for role: edu.ncsu.csc.itrust2.models.persistent.OfficeVisit.prescriptions
04:52:07.281 [main] DEBUG o.h.e.t.internal.TransactionImpl - committing
04:52:07.281 [main] DEBUG o.h.e.t.internal.TransactionImpl - begin
04:52:07.281 [main] DEBUG org.hibernate.SQL - select next_val as id_val from hibernate_sequence for update
Hibernate: select next_val as id_val from hibernate_sequence for update
04:52:07.282 [main] DEBUG org.hibernate.SQL - update hibernate_sequence set next_val= ? where next_val=?
Hibernate: update hibernate_sequence set next_val= ? where next_val=?
04:52:07.283 [main] DEBUG o.h.e.i.AbstractSaveEventListener - Generated identifier: 599, using strategy: org.hibernate.id.enhanced.SequenceStyleGenerator
04:52:07.283 [main] DEBUG org.hibernate.SQL - select user_.username, user_.enabled as enabled2_15_, user_.password as password3_15_, user_.role as role4_15_ from Users user_ where user_.username=?
Hibernate: select user_.username, user_.enabled as enabled2_15_, user_.password as password3_15_, user_.role as role4_15_ from Users user_ where user_.username=?
04:52:07.284 [main] DEBUG o.h.r.j.i.ResourceRegistryStandardImpl - HHH000387: ResultSet&apos;s statement was not registered
04:52:07.284 [main] DEBUG org.hibernate.SQL - select hospital_.name, hospital_.address as address2_4_, hospital_.state as state3_4_, hospital_.zip as zip4_4_ from Hospitals hospital_ where hospital_.name=?
Hibernate: select hospital_.name, hospital_.address as address2_4_, hospital_.state as state3_4_, hospital_.zip as zip4_4_ from Hospitals hospital_ where hospital_.name=?
04:52:07.286 [main] DEBUG o.h.r.j.i.ResourceRegistryStandardImpl - HHH000387: ResultSet&apos;s statement was not registered
04:52:07.286 [main] DEBUG o.h.e.t.internal.TransactionImpl - committing
04:52:07.286 [main] DEBUG o.h.e.i.AbstractFlushingEventListener - Processing flush-time cascades
04:52:07.286 [main] DEBUG o.h.e.i.AbstractFlushingEventListener - Dirty checking collections
04:52:07.286 [main] DEBUG o.h.engine.internal.Collections - Collection found: [edu.ncsu.csc.itrust2.models.persistent.OfficeVisit.prescriptions#599], was: [&lt;unreferenced&gt;] (initialized)
04:52:07.286 [main] DEBUG o.h.e.i.AbstractFlushingEventListener - Flushed: 1 insertions, 0 updates, 0 deletions to 1 objects
04:52:07.286 [main] DEBUG o.h.e.i.AbstractFlushingEventListener - Flushed: 1 (re)creations, 0 updates, 0 removals to 1 collections
04:52:07.286 [main] DEBUG o.h.internal.util.EntityPrinter - Listing entities:
04:52:07.286 [main] DEBUG o.h.internal.util.EntityPrinter - edu.ncsu.csc.itrust2.models.persistent.OfficeVisit{date=java.util.GregorianCalendar[time=1521521527273,areFieldsSet=true,areAllFieldsSet=true,lenient=true,zone=sun.util.calendar.ZoneInfo[id=&quot;Etc/UTC&quot;,offset=0,dstSavings=0,useDaylight=false,transitions=0,lastRule=null],firstDayOfWeek=1,minimalDaysInFirstWeek=1,ERA=1,YEAR=2018,MONTH=2,WEEK_OF_YEAR=12,WEEK_OF_MONTH=4,DAY_OF_MONTH=20,DAY_OF_YEAR=79,DAY_OF_WEEK=3,DAY_OF_WEEK_IN_MONTH=3,AM_PM=0,HOUR=4,HOUR_OF_DAY=4,MINUTE=52,SECOND=7,MILLISECOND=273,ZONE_OFFSET=0,DST_OFFSET=0], notes=null, hcp=edu.ncsu.csc.itrust2.models.persistent.User#AliceThirteen, patient=edu.ncsu.csc.itrust2.models.persistent.User#AliceThirteen, basicHealthMetrics=edu.ncsu.csc.itrust2.models.persistent.BasicHealthMetrics#598, appointment=null, id=599, hospital=edu.ncsu.csc.itrust2.models.persistent.Hospital#Dr. Jenkins&apos; Insane Asylum, type=GENERAL_CHECKUP, prescriptions=[]}
04:52:07.287 [main] DEBUG org.hibernate.SQL - insert into OfficeVisits (appointment_id, basichealthmetrics_id, date, hcp_id, hospital_id, notes, patient_id, type, id) values (?, ?, ?, ?, ?, ?, ?, ?, ?)
Hibernate: insert into OfficeVisits (appointment_id, basichealthmetrics_id, date, hcp_id, hospital_id, notes, patient_id, type, id) values (?, ?, ?, ?, ?, ?, ?, ?, ?)
04:52:07.287 [main] DEBUG o.h.p.c.AbstractCollectionPersister - Inserting collection: [edu.ncsu.csc.itrust2.models.persistent.OfficeVisit.prescriptions#599]
04:52:07.288 [main] DEBUG o.h.p.c.AbstractCollectionPersister - Collection was empty
04:52:07.288 [main] DEBUG o.h.e.j.internal.JdbcCoordinatorImpl - HHH000420: Closing un-released batch
04:52:07.288 [main] DEBUG o.h.e.t.internal.TransactionImpl - begin
04:52:07.289 [main] DEBUG org.hibernate.SQL - select this_.id as id1_10_12_, this_.appointment_id as appointm5_10_12_, this_.basichealthmetrics_id as basichea6_10_12_, this_.date as date2_10_12_, this_.hcp_id as hcp_id7_10_12_, this_.hospital_id as hospital8_10_12_, this_.notes as notes3_10_12_, this_.patient_id as patient_9_10_12_, this_.type as type4_10_12_, appointmen2_.id as id1_0_0_, appointmen2_.comments as comments2_0_0_, appointmen2_.date as date3_0_0_, appointmen2_.hcp_id as hcp_id6_0_0_, appointmen2_.patient_id as patient_7_0_0_, appointmen2_.status as status4_0_0_, appointmen2_.type as type5_0_0_, user3_.username as username1_15_1_, user3_.enabled as enabled2_15_1_, user3_.password as password3_15_1_, user3_.role as role4_15_1_, user4_.username as username1_15_2_, user4_.enabled as enabled2_15_2_, user4_.password as password3_15_2_, user4_.role as role4_15_2_, basichealt5_.id as id1_1_3_, basichealt5_.diastolic as diastoli2_1_3_, basichealt5_.hcp_id as hcp_id12_1_3_, basichealt5_.hdl as hdl3_1_3_, basichealt5_.headCircumference as headCirc4_1_3_, basichealt5_.height as height5_1_3_, basichealt5_.houseSmokingStatus as houseSmo6_1_3_, basichealt5_.ldl as ldl7_1_3_, basichealt5_.patient_id as patient13_1_3_, basichealt5_.patientSmokingStatus as patientS8_1_3_, basichealt5_.systolic as systolic9_1_3_, basichealt5_.tri as tri10_1_3_, basichealt5_.weight as weight11_1_3_, user6_.username as username1_15_4_, user6_.enabled as enabled2_15_4_, user6_.password as password3_15_4_, user6_.role as role4_15_4_, user7_.username as username1_15_5_, user7_.enabled as enabled2_15_5_, user7_.password as password3_15_5_, user7_.role as role4_15_5_, user8_.username as username1_15_6_, user8_.enabled as enabled2_15_6_, user8_.password as password3_15_6_, user8_.role as role4_15_6_, hospital9_.name as name1_4_7_, hospital9_.address as address2_4_7_, hospital9_.state as state3_4_7_, hospital9_.zip as zip4_4_7_, user10_.username as username1_15_8_, user10_.enabled as enabled2_15_8_, user10_.password as password3_15_8_, user10_.role as role4_15_8_, prescripti11_.prescriptions_id as prescrip8_14_14_, prescripti11_.id as id1_14_14_, prescripti11_.id as id1_14_9_, prescripti11_.dosage as dosage2_14_9_, prescripti11_.drug_id as drug_id6_14_9_, prescripti11_.endDate as endDate3_14_9_, prescripti11_.patient_id as patient_7_14_9_, prescripti11_.renewals as renewals4_14_9_, prescripti11_.startDate as startDat5_14_9_, drug12_.id as id1_3_10_, drug12_.code as code2_3_10_, drug12_.description as descript3_3_10_, drug12_.name as name4_3_10_, user13_.username as username1_15_11_, user13_.enabled as enabled2_15_11_, user13_.password as password3_15_11_, user13_.role as role4_15_11_ from OfficeVisits this_ left outer join AppointmentRequests appointmen2_ on this_.appointment_id=appointmen2_.id left outer join Users user3_ on appointmen2_.hcp_id=user3_.username left outer join Users user4_ on appointmen2_.patient_id=user4_.username left outer join BasicHealthMetrics basichealt5_ on this_.basichealthmetrics_id=basichealt5_.id left outer join Users user6_ on basichealt5_.hcp_id=user6_.username left outer join Users user7_ on basichealt5_.patient_id=user7_.username inner join Users user8_ on this_.hcp_id=user8_.username inner join Hospitals hospital9_ on this_.hospital_id=hospital9_.name inner join Users user10_ on this_.patient_id=user10_.username left outer join Prescriptions prescripti11_ on this_.id=prescripti11_.prescriptions_id left outer join Drugs drug12_ on prescripti11_.drug_id=drug12_.id left outer join Users user13_ on prescripti11_.patient_id=user13_.username where this_.id=?
Hibernate: select this_.id as id1_10_12_, this_.appointment_id as appointm5_10_12_, this_.basichealthmetrics_id as basichea6_10_12_, this_.date as date2_10_12_, this_.hcp_id as hcp_id7_10_12_, this_.hospital_id as hospital8_10_12_, this_.notes as notes3_10_12_, this_.patient_id as patient_9_10_12_, this_.type as type4_10_12_, appointmen2_.id as id1_0_0_, appointmen2_.comments as comments2_0_0_, appointmen2_.date as date3_0_0_, appointmen2_.hcp_id as hcp_id6_0_0_, appointmen2_.patient_id as patient_7_0_0_, appointmen2_.status as status4_0_0_, appointmen2_.type as type5_0_0_, user3_.username as username1_15_1_, user3_.enabled as enabled2_15_1_, user3_.password as password3_15_1_, user3_.role as role4_15_1_, user4_.username as username1_15_2_, user4_.enabled as enabled2_15_2_, user4_.password as password3_15_2_, user4_.role as role4_15_2_, basichealt5_.id as id1_1_3_, basichealt5_.diastolic as diastoli2_1_3_, basichealt5_.hcp_id as hcp_id12_1_3_, basichealt5_.hdl as hdl3_1_3_, basichealt5_.headCircumference as headCirc4_1_3_, basichealt5_.height as height5_1_3_, basichealt5_.houseSmokingStatus as houseSmo6_1_3_, basichealt5_.ldl as ldl7_1_3_, basichealt5_.patient_id as patient13_1_3_, basichealt5_.patientSmokingStatus as patientS8_1_3_, basichealt5_.systolic as systolic9_1_3_, basichealt5_.tri as tri10_1_3_, basichealt5_.weight as weight11_1_3_, user6_.username as username1_15_4_, user6_.enabled as enabled2_15_4_, user6_.password as password3_15_4_, user6_.role as role4_15_4_, user7_.username as username1_15_5_, user7_.enabled as enabled2_15_5_, user7_.password as password3_15_5_, user7_.role as role4_15_5_, user8_.username as username1_15_6_, user8_.enabled as enabled2_15_6_, user8_.password as password3_15_6_, user8_.role as role4_15_6_, hospital9_.name as name1_4_7_, hospital9_.address as address2_4_7_, hospital9_.state as state3_4_7_, hospital9_.zip as zip4_4_7_, user10_.username as username1_15_8_, user10_.enabled as enabled2_15_8_, user10_.password as password3_15_8_, user10_.role as role4_15_8_, prescripti11_.prescriptions_id as prescrip8_14_14_, prescripti11_.id as id1_14_14_, prescripti11_.id as id1_14_9_, prescripti11_.dosage as dosage2_14_9_, prescripti11_.drug_id as drug_id6_14_9_, prescripti11_.endDate as endDate3_14_9_, prescripti11_.patient_id as patient_7_14_9_, prescripti11_.renewals as renewals4_14_9_, prescripti11_.startDate as startDat5_14_9_, drug12_.id as id1_3_10_, drug12_.code as code2_3_10_, drug12_.description as descript3_3_10_, drug12_.name as name4_3_10_, user13_.username as username1_15_11_, user13_.enabled as enabled2_15_11_, user13_.password as password3_15_11_, user13_.role as role4_15_11_ from OfficeVisits this_ left outer join AppointmentRequests appointmen2_ on this_.appointment_id=appointmen2_.id left outer join Users user3_ on appointmen2_.hcp_id=user3_.username left outer join Users user4_ on appointmen2_.patient_id=user4_.username left outer join BasicHealthMetrics basichealt5_ on this_.basichealthmetrics_id=basichealt5_.id left outer join Users user6_ on basichealt5_.hcp_id=user6_.username left outer join Users user7_ on basichealt5_.patient_id=user7_.username inner join Users user8_ on this_.hcp_id=user8_.username inner join Hospitals hospital9_ on this_.hospital_id=hospital9_.name inner join Users user10_ on this_.patient_id=user10_.username left outer join Prescriptions prescripti11_ on this_.id=prescripti11_.prescriptions_id left outer join Drugs drug12_ on prescripti11_.drug_id=drug12_.id left outer join Users user13_ on prescripti11_.patient_id=user13_.username where this_.id=?
04:52:07.292 [main] DEBUG org.hibernate.loader.Loader - Result set row: 0
04:52:07.292 [main] DEBUG org.hibernate.loader.Loader - Result row: null, null, null, EntityKey[edu.ncsu.csc.itrust2.models.persistent.BasicHealthMetrics#598], EntityKey[edu.ncsu.csc.itrust2.models.persistent.User#hcp], EntityKey[edu.ncsu.csc.itrust2.models.persistent.User#AliceThirteen], EntityKey[edu.ncsu.csc.itrust2.models.persistent.User#AliceThirteen], EntityKey[edu.ncsu.csc.itrust2.models.persistent.Hospital#Dr. Jenkins&apos; Insane Asylum], EntityKey[edu.ncsu.csc.itrust2.models.persistent.User#AliceThirteen], null, null, null, EntityKey[edu.ncsu.csc.itrust2.models.persistent.OfficeVisit#599]
04:52:07.293 [main] DEBUG org.hibernate.loader.Loader - Result set contains (possibly empty) collection: [edu.ncsu.csc.itrust2.models.persistent.OfficeVisit.prescriptions#599]
04:52:07.293 [main] DEBUG o.h.engine.internal.TwoPhaseLoad - Resolving associations for [edu.ncsu.csc.itrust2.models.persistent.BasicHealthMetrics#598]
04:52:07.293 [main] DEBUG o.h.engine.internal.TwoPhaseLoad - Done materializing entity [edu.ncsu.csc.itrust2.models.persistent.BasicHealthMetrics#598]
04:52:07.293 [main] DEBUG o.h.engine.internal.TwoPhaseLoad - Resolving associations for [edu.ncsu.csc.itrust2.models.persistent.User#hcp]
04:52:07.293 [main] DEBUG o.h.engine.internal.TwoPhaseLoad - Done materializing entity [edu.ncsu.csc.itrust2.models.persistent.User#hcp]
04:52:07.293 [main] DEBUG o.h.engine.internal.TwoPhaseLoad - Resolving associations for [edu.ncsu.csc.itrust2.models.persistent.User#AliceThirteen]
04:52:07.293 [main] DEBUG o.h.engine.internal.TwoPhaseLoad - Done materializing entity [edu.ncsu.csc.itrust2.models.persistent.User#AliceThirteen]
04:52:07.294 [main] DEBUG o.h.engine.internal.TwoPhaseLoad - Resolving associations for [edu.ncsu.csc.itrust2.models.persistent.Hospital#Dr. Jenkins&apos; Insane Asylum]
04:52:07.294 [main] DEBUG o.h.engine.internal.TwoPhaseLoad - Done materializing entity [edu.ncsu.csc.itrust2.models.persistent.Hospital#Dr. Jenkins&apos; Insane Asylum]
04:52:07.294 [main] DEBUG o.h.engine.internal.TwoPhaseLoad - Resolving associations for [edu.ncsu.csc.itrust2.models.persistent.OfficeVisit#599]
04:52:07.294 [main] DEBUG o.h.engine.internal.TwoPhaseLoad - Done materializing entity [edu.ncsu.csc.itrust2.models.persistent.OfficeVisit#599]
04:52:07.294 [main] DEBUG o.h.e.l.i.CollectionLoadContext - 1 collections were found in result set for role: edu.ncsu.csc.itrust2.models.persistent.OfficeVisit.prescriptions
04:52:07.294 [main] DEBUG o.h.e.l.i.CollectionLoadContext - Collection fully initialized: [edu.ncsu.csc.itrust2.models.persistent.OfficeVisit.prescriptions#599]
04:52:07.294 [main] DEBUG o.h.e.l.i.CollectionLoadContext - 1 collections initialized for role: edu.ncsu.csc.itrust2.models.persistent.OfficeVisit.prescriptions
04:52:07.294 [main] DEBUG o.h.e.t.internal.TransactionImpl - committing
04:52:07.294 [main] DEBUG o.h.e.i.AbstractFlushingEventListener - Processing flush-time cascades
04:52:07.294 [main] DEBUG o.h.e.i.AbstractFlushingEventListener - Dirty checking collections
04:52:07.295 [main] DEBUG o.h.engine.internal.Collections - Collection found: [edu.ncsu.csc.itrust2.models.persistent.OfficeVisit.prescriptions#599], was: [edu.ncsu.csc.itrust2.models.persistent.OfficeVisit.prescriptions#599] (initialized)
04:52:07.295 [main] DEBUG o.h.e.i.AbstractFlushingEventListener - Flushed: 0 insertions, 0 updates, 0 deletions to 5 objects
04:52:07.295 [main] DEBUG o.h.e.i.AbstractFlushingEventListener - Flushed: 0 (re)creations, 0 updates, 0 removals to 1 collections
04:52:07.295 [main] DEBUG o.h.internal.util.EntityPrinter - Listing entities:
04:52:07.295 [main] DEBUG o.h.internal.util.EntityPrinter - edu.ncsu.csc.itrust2.models.persistent.Hospital{zip=12345, address=123 Main St, name=Dr. Jenkins&apos; Insane Asylum, state=NC}
04:52:07.295 [main] DEBUG o.h.internal.util.EntityPrinter - edu.ncsu.csc.itrust2.models.persistent.User{password=$2a$10$EblZqNptyYvcLm/VwDCVAuBjzZOI7khzdyGPBr08PpIi0na624b8., role=ROLE_PATIENT, enabled=1, username=AliceThirteen}
04:52:07.296 [main] DEBUG o.h.internal.util.EntityPrinter - edu.ncsu.csc.itrust2.models.persistent.BasicHealthMetrics{patientSmokingStatus=null, headCircumference=null, weight=null, tri=null, hdl=75, diastolic=null, systolic=null, hcp=edu.ncsu.csc.itrust2.models.persistent.User#hcp, ldl=null, houseSmokingStatus=1, patient=edu.ncsu.csc.itrust2.models.persistent.User#AliceThirteen, id=598, height=75.0}
04:52:07.296 [main] DEBUG o.h.internal.util.EntityPrinter - edu.ncsu.csc.itrust2.models.persistent.User{password=$2a$10$EblZqNptyYvcLm/VwDCVAuBjzZOI7khzdyGPBr08PpIi0na624b8., role=ROLE_HCP, enabled=1, username=hcp}
04:52:07.296 [main] DEBUG o.h.internal.util.EntityPrinter - edu.ncsu.csc.itrust2.models.persistent.OfficeVisit{date=java.util.GregorianCalendar[time=1521521527000,areFieldsSet=true,areAllFieldsSet=true,lenient=true,zone=sun.util.calendar.ZoneInfo[id=&quot;Etc/UTC&quot;,offset=0,dstSavings=0,useDaylight=false,transitions=0,lastRule=null],firstDayOfWeek=1,minimalDaysInFirstWeek=1,ERA=1,YEAR=2018,MONTH=2,WEEK_OF_YEAR=12,WEEK_OF_MONTH=4,DAY_OF_MONTH=20,DAY_OF_YEAR=79,DAY_OF_WEEK=3,DAY_OF_WEEK_IN_MONTH=3,AM_PM=0,HOUR=4,HOUR_OF_DAY=4,MINUTE=52,SECOND=7,MILLISECOND=0,ZONE_OFFSET=0,DST_OFFSET=0], notes=null, hcp=edu.ncsu.csc.itrust2.models.persistent.User#AliceThirteen, patient=edu.ncsu.csc.itrust2.models.persistent.User#AliceThirteen, basicHealthMetrics=edu.ncsu.csc.itrust2.models.persistent.BasicHealthMetrics#598, appointment=null, id=599, hospital=edu.ncsu.csc.itrust2.models.persistent.Hospital#Dr. Jenkins&apos; Insane Asylum, type=GENERAL_CHECKUP, prescriptions=[]}
04:52:07.296 [main] DEBUG o.h.e.t.internal.TransactionImpl - begin
04:52:07.299 [main] DEBUG org.hibernate.SQL - select this_.id as id1_2_8_, this_.code_id as code_id3_2_8_, this_.note as note2_2_8_, this_.visit_id as visit_id4_2_8_, icdcode2_.id as id1_5_0_, icdcode2_.code as code2_5_0_, icdcode2_.description as descript3_5_0_, officevisi3_.id as id1_10_1_, officevisi3_.appointment_id as appointm5_10_1_, officevisi3_.basichealthmetrics_id as basichea6_10_1_, officevisi3_.date as date2_10_1_, officevisi3_.hcp_id as hcp_id7_10_1_, officevisi3_.hospital_id as hospital8_10_1_, officevisi3_.notes as notes3_10_1_, officevisi3_.patient_id as patient_9_10_1_, officevisi3_.type as type4_10_1_, appointmen4_.id as id1_0_2_, appointmen4_.comments as comments2_0_2_, appointmen4_.date as date3_0_2_, appointmen4_.hcp_id as hcp_id6_0_2_, appointmen4_.patient_id as patient_7_0_2_, appointmen4_.status as status4_0_2_, appointmen4_.type as type5_0_2_, basichealt5_.id as id1_1_3_, basichealt5_.diastolic as diastoli2_1_3_, basichealt5_.hcp_id as hcp_id12_1_3_, basichealt5_.hdl as hdl3_1_3_, basichealt5_.headCircumference as headCirc4_1_3_, basichealt5_.height as height5_1_3_, basichealt5_.houseSmokingStatus as houseSmo6_1_3_, basichealt5_.ldl as ldl7_1_3_, basichealt5_.patient_id as patient13_1_3_, basichealt5_.patientSmokingStatus as patientS8_1_3_, basichealt5_.systolic as systolic9_1_3_, basichealt5_.tri as tri10_1_3_, basichealt5_.weight as weight11_1_3_, user6_.username as username1_15_4_, user6_.enabled as enabled2_15_4_, user6_.password as password3_15_4_, user6_.role as role4_15_4_, hospital7_.name as name1_4_5_, hospital7_.address as address2_4_5_, hospital7_.state as state3_4_5_, hospital7_.zip as zip4_4_5_, user8_.username as username1_15_6_, user8_.enabled as enabled2_15_6_, user8_.password as password3_15_6_, user8_.role as role4_15_6_, prescripti9_.prescriptions_id as prescrip8_14_10_, prescripti9_.id as id1_14_10_, prescripti9_.id as id1_14_7_, prescripti9_.dosage as dosage2_14_7_, prescripti9_.drug_id as drug_id6_14_7_, prescripti9_.endDate as endDate3_14_7_, prescripti9_.patient_id as patient_7_14_7_, prescripti9_.renewals as renewals4_14_7_, prescripti9_.startDate as startDat5_14_7_ from Diagnoses this_ inner join ICDCodes icdcode2_ on this_.code_id=icdcode2_.id inner join OfficeVisits officevisi3_ on this_.visit_id=officevisi3_.id left outer join AppointmentRequests appointmen4_ on officevisi3_.appointment_id=appointmen4_.id left outer join BasicHealthMetrics basichealt5_ on officevisi3_.basichealthmetrics_id=basichealt5_.id left outer join Users user6_ on officevisi3_.hcp_id=user6_.username left outer join Hospitals hospital7_ on officevisi3_.hospital_id=hospital7_.name left outer join Users user8_ on officevisi3_.patient_id=user8_.username left outer join Prescriptions prescripti9_ on officevisi3_.id=prescripti9_.prescriptions_id where this_.visit_id=?
Hibernate: select this_.id as id1_2_8_, this_.code_id as code_id3_2_8_, this_.note as note2_2_8_, this_.visit_id as visit_id4_2_8_, icdcode2_.id as id1_5_0_, icdcode2_.code as code2_5_0_, icdcode2_.description as descript3_5_0_, officevisi3_.id as id1_10_1_, officevisi3_.appointment_id as appointm5_10_1_, officevisi3_.basichealthmetrics_id as basichea6_10_1_, officevisi3_.date as date2_10_1_, officevisi3_.hcp_id as hcp_id7_10_1_, officevisi3_.hospital_id as hospital8_10_1_, officevisi3_.notes as notes3_10_1_, officevisi3_.patient_id as patient_9_10_1_, officevisi3_.type as type4_10_1_, appointmen4_.id as id1_0_2_, appointmen4_.comments as comments2_0_2_, appointmen4_.date as date3_0_2_, appointmen4_.hcp_id as hcp_id6_0_2_, appointmen4_.patient_id as patient_7_0_2_, appointmen4_.status as status4_0_2_, appointmen4_.type as type5_0_2_, basichealt5_.id as id1_1_3_, basichealt5_.diastolic as diastoli2_1_3_, basichealt5_.hcp_id as hcp_id12_1_3_, basichealt5_.hdl as hdl3_1_3_, basichealt5_.headCircumference as headCirc4_1_3_, basichealt5_.height as height5_1_3_, basichealt5_.houseSmokingStatus as houseSmo6_1_3_, basichealt5_.ldl as ldl7_1_3_, basichealt5_.patient_id as patient13_1_3_, basichealt5_.patientSmokingStatus as patientS8_1_3_, basichealt5_.systolic as systolic9_1_3_, basichealt5_.tri as tri10_1_3_, basichealt5_.weight as weight11_1_3_, user6_.username as username1_15_4_, user6_.enabled as enabled2_15_4_, user6_.password as password3_15_4_, user6_.role as role4_15_4_, hospital7_.name as name1_4_5_, hospital7_.address as address2_4_5_, hospital7_.state as state3_4_5_, hospital7_.zip as zip4_4_5_, user8_.username as username1_15_6_, user8_.enabled as enabled2_15_6_, user8_.password as password3_15_6_, user8_.role as role4_15_6_, prescripti9_.prescriptions_id as prescrip8_14_10_, prescripti9_.id as id1_14_10_, prescripti9_.id as id1_14_7_, prescripti9_.dosage as dosage2_14_7_, prescripti9_.drug_id as drug_id6_14_7_, prescripti9_.endDate as endDate3_14_7_, prescripti9_.patient_id as patient_7_14_7_, prescripti9_.renewals as renewals4_14_7_, prescripti9_.startDate as startDat5_14_7_ from Diagnoses this_ inner join ICDCodes icdcode2_ on this_.code_id=icdcode2_.id inner join OfficeVisits officevisi3_ on this_.visit_id=officevisi3_.id left outer join AppointmentRequests appointmen4_ on officevisi3_.appointment_id=appointmen4_.id left outer join BasicHealthMetrics basichealt5_ on officevisi3_.basichealthmetrics_id=basichealt5_.id left outer join Users user6_ on officevisi3_.hcp_id=user6_.username left outer join Hospitals hospital7_ on officevisi3_.hospital_id=hospital7_.name left outer join Users user8_ on officevisi3_.patient_id=user8_.username left outer join Prescriptions prescripti9_ on officevisi3_.id=prescripti9_.prescriptions_id where this_.visit_id=?
04:52:07.300 [main] DEBUG o.h.e.l.i.CollectionLoadContext - No collections were found in result set for role: edu.ncsu.csc.itrust2.models.persistent.OfficeVisit.prescriptions
04:52:07.300 [main] DEBUG o.h.e.t.internal.TransactionImpl - committing
04:52:07.301 [main] DEBUG o.h.e.t.internal.TransactionImpl - begin
04:52:07.302 [main] DEBUG org.hibernate.SQL - select next_val as id_val from hibernate_sequence for update
Hibernate: select next_val as id_val from hibernate_sequence for update
04:52:07.302 [main] DEBUG org.hibernate.SQL - update hibernate_sequence set next_val= ? where next_val=?
Hibernate: update hibernate_sequence set next_val= ? where next_val=?
04:52:07.304 [main] DEBUG o.h.e.i.AbstractSaveEventListener - Generated identifier: 600, using strategy: org.hibernate.id.enhanced.SequenceStyleGenerator
04:52:07.304 [main] DEBUG o.h.e.t.internal.TransactionImpl - committing
04:52:07.304 [main] DEBUG o.h.e.i.AbstractFlushingEventListener - Processing flush-time cascades
04:52:07.305 [main] DEBUG o.h.e.i.AbstractFlushingEventListener - Dirty checking collections
04:52:07.305 [main] DEBUG o.h.e.i.AbstractFlushingEventListener - Flushed: 1 insertions, 0 updates, 0 deletions to 1 objects
04:52:07.305 [main] DEBUG o.h.e.i.AbstractFlushingEventListener - Flushed: 0 (re)creations, 0 updates, 0 removals to 0 collections
04:52:07.305 [main] DEBUG o.h.internal.util.EntityPrinter - Listing entities:
04:52:07.305 [main] DEBUG o.h.internal.util.EntityPrinter - edu.ncsu.csc.itrust2.models.persistent.ICDCode{code=A21, description=Top Quality, id=600}
04:52:07.306 [main]
...[truncated 157384 chars]...
0_, drug12_.name as name4_3_10_, user13_.username as username1_15_11_, user13_.enabled as enabled2_15_11_, user13_.password as password3_15_11_, user13_.role as role4_15_11_ from OfficeVisits this_ left outer join AppointmentRequests appointmen2_ on this_.appointment_id=appointmen2_.id left outer join Users user3_ on appointmen2_.hcp_id=user3_.username left outer join Users user4_ on appointmen2_.patient_id=user4_.username left outer join BasicHealthMetrics basichealt5_ on this_.basichealthmetrics_id=basichealt5_.id left outer join Users user6_ on basichealt5_.hcp_id=user6_.username left outer join Users user7_ on basichealt5_.patient_id=user7_.username inner join Users user8_ on this_.hcp_id=user8_.username inner join Hospitals hospital9_ on this_.hospital_id=hospital9_.name inner join Users user10_ on this_.patient_id=user10_.username left outer join Prescriptions prescripti11_ on this_.id=prescripti11_.prescriptions_id left outer join Drugs drug12_ on prescripti11_.drug_id=drug12_.id left outer join Users user13_ on prescripti11_.patient_id=user13_.username where this_.id=?
04:52:07.473 [main] DEBUG org.hibernate.loader.Loader - Result set row: 0
04:52:07.473 [main] DEBUG org.hibernate.loader.Loader - Result row: null, null, null, EntityKey[edu.ncsu.csc.itrust2.models.persistent.BasicHealthMetrics#598], EntityKey[edu.ncsu.csc.itrust2.models.persistent.User#hcp], EntityKey[edu.ncsu.csc.itrust2.models.persistent.User#AliceThirteen], EntityKey[edu.ncsu.csc.itrust2.models.persistent.User#AliceThirteen], EntityKey[edu.ncsu.csc.itrust2.models.persistent.Hospital#Dr. Jenkins&apos; Insane Asylum], EntityKey[edu.ncsu.csc.itrust2.models.persistent.User#AliceThirteen], null, null, null, EntityKey[edu.ncsu.csc.itrust2.models.persistent.OfficeVisit#599]
04:52:07.474 [main] DEBUG org.hibernate.loader.Loader - Result set contains (possibly empty) collection: [edu.ncsu.csc.itrust2.models.persistent.OfficeVisit.prescriptions#599]
04:52:07.474 [main] DEBUG o.h.engine.internal.TwoPhaseLoad - Resolving associations for [edu.ncsu.csc.itrust2.models.persistent.BasicHealthMetrics#598]
04:52:07.474 [main] DEBUG o.h.engine.internal.TwoPhaseLoad - Done materializing entity [edu.ncsu.csc.itrust2.models.persistent.BasicHealthMetrics#598]
04:52:07.474 [main] DEBUG o.h.engine.internal.TwoPhaseLoad - Resolving associations for [edu.ncsu.csc.itrust2.models.persistent.User#hcp]
04:52:07.474 [main] DEBUG o.h.engine.internal.TwoPhaseLoad - Done materializing entity [edu.ncsu.csc.itrust2.models.persistent.User#hcp]
04:52:07.474 [main] DEBUG o.h.engine.internal.TwoPhaseLoad - Resolving associations for [edu.ncsu.csc.itrust2.models.persistent.User#AliceThirteen]
04:52:07.474 [main] DEBUG o.h.engine.internal.TwoPhaseLoad - Done materializing entity [edu.ncsu.csc.itrust2.models.persistent.User#AliceThirteen]
04:52:07.474 [main] DEBUG o.h.engine.internal.TwoPhaseLoad - Resolving associations for [edu.ncsu.csc.itrust2.models.persistent.Hospital#Dr. Jenkins&apos; Insane Asylum]
04:52:07.474 [main] DEBUG o.h.engine.internal.TwoPhaseLoad - Done materializing entity [edu.ncsu.csc.itrust2.models.persistent.Hospital#Dr. Jenkins&apos; Insane Asylum]
04:52:07.474 [main] DEBUG o.h.engine.internal.TwoPhaseLoad - Resolving associations for [edu.ncsu.csc.itrust2.models.persistent.OfficeVisit#599]
04:52:07.475 [main] DEBUG o.h.engine.internal.TwoPhaseLoad - Done materializing entity [edu.ncsu.csc.itrust2.models.persistent.OfficeVisit#599]
04:52:07.475 [main] DEBUG o.h.e.l.i.CollectionLoadContext - 1 collections were found in result set for role: edu.ncsu.csc.itrust2.models.persistent.OfficeVisit.prescriptions
04:52:07.475 [main] DEBUG o.h.e.l.i.CollectionLoadContext - Collection fully initialized: [edu.ncsu.csc.itrust2.models.persistent.OfficeVisit.prescriptions#599]
04:52:07.475 [main] DEBUG o.h.e.l.i.CollectionLoadContext - 1 collections initialized for role: edu.ncsu.csc.itrust2.models.persistent.OfficeVisit.prescriptions
04:52:07.476 [main] DEBUG o.h.e.t.internal.TransactionImpl - committing
04:52:07.476 [main] DEBUG o.h.e.i.AbstractFlushingEventListener - Processing flush-time cascades
04:52:07.476 [main] DEBUG o.h.e.i.AbstractFlushingEventListener - Dirty checking collections
04:52:07.476 [main] DEBUG o.h.engine.internal.Collections - Collection found: [edu.ncsu.csc.itrust2.models.persistent.OfficeVisit.prescriptions#599], was: [edu.ncsu.csc.itrust2.models.persistent.OfficeVisit.prescriptions#599] (initialized)
04:52:07.476 [main] DEBUG o.h.e.i.AbstractFlushingEventListener - Flushed: 0 insertions, 0 updates, 0 deletions to 5 objects
04:52:07.476 [main] DEBUG o.h.e.i.AbstractFlushingEventListener - Flushed: 0 (re)creations, 0 updates, 0 removals to 1 collections
04:52:07.476 [main] DEBUG o.h.internal.util.EntityPrinter - Listing entities:
04:52:07.476 [main] DEBUG o.h.internal.util.EntityPrinter - edu.ncsu.csc.itrust2.models.persistent.Hospital{zip=12345, address=123 Main St, name=Dr. Jenkins&apos; Insane Asylum, state=NC}
04:52:07.476 [main] DEBUG o.h.internal.util.EntityPrinter - edu.ncsu.csc.itrust2.models.persistent.User{password=$2a$10$EblZqNptyYvcLm/VwDCVAuBjzZOI7khzdyGPBr08PpIi0na624b8., role=ROLE_PATIENT, enabled=1, username=AliceThirteen}
04:52:07.476 [main] DEBUG o.h.internal.util.EntityPrinter - edu.ncsu.csc.itrust2.models.persistent.BasicHealthMetrics{patientSmokingStatus=null, headCircumference=null, weight=null, tri=null, hdl=75, diastolic=null, systolic=null, hcp=edu.ncsu.csc.itrust2.models.persistent.User#hcp, ldl=null, houseSmokingStatus=1, patient=edu.ncsu.csc.itrust2.models.persistent.User#AliceThirteen, id=598, height=75.0}
04:52:07.476 [main] DEBUG o.h.internal.util.EntityPrinter - edu.ncsu.csc.itrust2.models.persistent.User{password=$2a$10$EblZqNptyYvcLm/VwDCVAuBjzZOI7khzdyGPBr08PpIi0na624b8., role=ROLE_HCP, enabled=1, username=hcp}
04:52:07.476 [main] DEBUG o.h.internal.util.EntityPrinter - edu.ncsu.csc.itrust2.models.persistent.OfficeVisit{date=java.util.GregorianCalendar[time=1521521527000,areFieldsSet=true,areAllFieldsSet=true,lenient=true,zone=sun.util.calendar.ZoneInfo[id=&quot;Etc/UTC&quot;,offset=0,dstSavings=0,useDaylight=false,transitions=0,lastRule=null],firstDayOfWeek=1,minimalDaysInFirstWeek=1,ERA=1,YEAR=2018,MONTH=2,WEEK_OF_YEAR=12,WEEK_OF_MONTH=4,DAY_OF_MONTH=20,DAY_OF_YEAR=79,DAY_OF_WEEK=3,DAY_OF_WEEK_IN_MONTH=3,AM_PM=0,HOUR=4,HOUR_OF_DAY=4,MINUTE=52,SECOND=7,MILLISECOND=0,ZONE_OFFSET=0,DST_OFFSET=0], notes=null, hcp=edu.ncsu.csc.itrust2.models.persistent.User#AliceThirteen, patient=edu.ncsu.csc.itrust2.models.persistent.User#AliceThirteen, basicHealthMetrics=edu.ncsu.csc.itrust2.models.persistent.BasicHealthMetrics#598, appointment=null, id=599, hospital=edu.ncsu.csc.itrust2.models.persistent.Hospital#Dr. Jenkins&apos; Insane Asylum, type=GENERAL_CHECKUP, prescriptions=[]}
04:52:07.477 [main] DEBUG o.h.e.t.internal.TransactionImpl - begin
04:52:07.478 [main] DEBUG org.hibernate.SQL - select this_.id as id1_2_8_, this_.code_id as code_id3_2_8_, this_.note as note2_2_8_, this_.visit_id as visit_id4_2_8_, icdcode2_.id as id1_5_0_, icdcode2_.code as code2_5_0_, icdcode2_.description as descript3_5_0_, officevisi3_.id as id1_10_1_, officevisi3_.appointment_id as appointm5_10_1_, officevisi3_.basichealthmetrics_id as basichea6_10_1_, officevisi3_.date as date2_10_1_, officevisi3_.hcp_id as hcp_id7_10_1_, officevisi3_.hospital_id as hospital8_10_1_, officevisi3_.notes as notes3_10_1_, officevisi3_.patient_id as patient_9_10_1_, officevisi3_.type as type4_10_1_, appointmen4_.id as id1_0_2_, appointmen4_.comments as comments2_0_2_, appointmen4_.date as date3_0_2_, appointmen4_.hcp_id as hcp_id6_0_2_, appointmen4_.patient_id as patient_7_0_2_, appointmen4_.status as status4_0_2_, appointmen4_.type as type5_0_2_, basichealt5_.id as id1_1_3_, basichealt5_.diastolic as diastoli2_1_3_, basichealt5_.hcp_id as hcp_id12_1_3_, basichealt5_.hdl as hdl3_1_3_, basichealt5_.headCircumference as headCirc4_1_3_, basichealt5_.height as height5_1_3_, basichealt5_.houseSmokingStatus as houseSmo6_1_3_, basichealt5_.ldl as ldl7_1_3_, basichealt5_.patient_id as patient13_1_3_, basichealt5_.patientSmokingStatus as patientS8_1_3_, basichealt5_.systolic as systolic9_1_3_, basichealt5_.tri as tri10_1_3_, basichealt5_.weight as weight11_1_3_, user6_.username as username1_15_4_, user6_.enabled as enabled2_15_4_, user6_.password as password3_15_4_, user6_.role as role4_15_4_, hospital7_.name as name1_4_5_, hospital7_.address as address2_4_5_, hospital7_.state as state3_4_5_, hospital7_.zip as zip4_4_5_, user8_.username as username1_15_6_, user8_.enabled as enabled2_15_6_, user8_.password as password3_15_6_, user8_.role as role4_15_6_, prescripti9_.prescriptions_id as prescrip8_14_10_, prescripti9_.id as id1_14_10_, prescripti9_.id as id1_14_7_, prescripti9_.dosage as dosage2_14_7_, prescripti9_.drug_id as drug_id6_14_7_, prescripti9_.endDate as endDate3_14_7_, prescripti9_.patient_id as patient_7_14_7_, prescripti9_.renewals as renewals4_14_7_, prescripti9_.startDate as startDat5_14_7_ from Diagnoses this_ inner join ICDCodes icdcode2_ on this_.code_id=icdcode2_.id inner join OfficeVisits officevisi3_ on this_.visit_id=officevisi3_.id left outer join AppointmentRequests appointmen4_ on officevisi3_.appointment_id=appointmen4_.id left outer join BasicHealthMetrics basichealt5_ on officevisi3_.basichealthmetrics_id=basichealt5_.id left outer join Users user6_ on officevisi3_.hcp_id=user6_.username left outer join Hospitals hospital7_ on officevisi3_.hospital_id=hospital7_.name left outer join Users user8_ on officevisi3_.patient_id=user8_.username left outer join Prescriptions prescripti9_ on officevisi3_.id=prescripti9_.prescriptions_id where this_.visit_id=?
Hibernate: select this_.id as id1_2_8_, this_.code_id as code_id3_2_8_, this_.note as note2_2_8_, this_.visit_id as visit_id4_2_8_, icdcode2_.id as id1_5_0_, icdcode2_.code as code2_5_0_, icdcode2_.description as descript3_5_0_, officevisi3_.id as id1_10_1_, officevisi3_.appointment_id as appointm5_10_1_, officevisi3_.basichealthmetrics_id as basichea6_10_1_, officevisi3_.date as date2_10_1_, officevisi3_.hcp_id as hcp_id7_10_1_, officevisi3_.hospital_id as hospital8_10_1_, officevisi3_.notes as notes3_10_1_, officevisi3_.patient_id as patient_9_10_1_, officevisi3_.type as type4_10_1_, appointmen4_.id as id1_0_2_, appointmen4_.comments as comments2_0_2_, appointmen4_.date as date3_0_2_, appointmen4_.hcp_id as hcp_id6_0_2_, appointmen4_.patient_id as patient_7_0_2_, appointmen4_.status as status4_0_2_, appointmen4_.type as type5_0_2_, basichealt5_.id as id1_1_3_, basichealt5_.diastolic as diastoli2_1_3_, basichealt5_.hcp_id as hcp_id12_1_3_, basichealt5_.hdl as hdl3_1_3_, basichealt5_.headCircumference as headCirc4_1_3_, basichealt5_.height as height5_1_3_, basichealt5_.houseSmokingStatus as houseSmo6_1_3_, basichealt5_.ldl as ldl7_1_3_, basichealt5_.patient_id as patient13_1_3_, basichealt5_.patientSmokingStatus as patientS8_1_3_, basichealt5_.systolic as systolic9_1_3_, basichealt5_.tri as tri10_1_3_, basichealt5_.weight as weight11_1_3_, user6_.username as username1_15_4_, user6_.enabled as enabled2_15_4_, user6_.password as password3_15_4_, user6_.role as role4_15_4_, hospital7_.name as name1_4_5_, hospital7_.address as address2_4_5_, hospital7_.state as state3_4_5_, hospital7_.zip as zip4_4_5_, user8_.username as username1_15_6_, user8_.enabled as enabled2_15_6_, user8_.password as password3_15_6_, user8_.role as role4_15_6_, prescripti9_.prescriptions_id as prescrip8_14_10_, prescripti9_.id as id1_14_10_, prescripti9_.id as id1_14_7_, prescripti9_.dosage as dosage2_14_7_, prescripti9_.drug_id as drug_id6_14_7_, prescripti9_.endDate as endDate3_14_7_, prescripti9_.patient_id as patient_7_14_7_, prescripti9_.renewals as renewals4_14_7_, prescripti9_.startDate as startDat5_14_7_ from Diagnoses this_ inner join ICDCodes icdcode2_ on this_.code_id=icdcode2_.id inner join OfficeVisits officevisi3_ on this_.visit_id=officevisi3_.id left outer join AppointmentRequests appointmen4_ on officevisi3_.appointment_id=appointmen4_.id left outer join BasicHealthMetrics basichealt5_ on officevisi3_.basichealthmetrics_id=basichealt5_.id left outer join Users user6_ on officevisi3_.hcp_id=user6_.username left outer join Hospitals hospital7_ on officevisi3_.hospital_id=hospital7_.name left outer join Users user8_ on officevisi3_.patient_id=user8_.username left outer join Prescriptions prescripti9_ on officevisi3_.id=prescripti9_.prescriptions_id where this_.visit_id=?
04:52:07.479 [main] DEBUG org.hibernate.loader.Loader - Result set row: 0
04:52:07.479 [main] DEBUG org.hibernate.loader.Loader - Result row: EntityKey[edu.ncsu.csc.itrust2.models.persistent.ICDCode#600], EntityKey[edu.ncsu.csc.itrust2.models.persistent.OfficeVisit#599], null, EntityKey[edu.ncsu.csc.itrust2.models.persistent.BasicHealthMetrics#598], EntityKey[edu.ncsu.csc.itrust2.models.persistent.User#AliceThirteen], EntityKey[edu.ncsu.csc.itrust2.models.persistent.Hospital#Dr. Jenkins&apos; Insane Asylum], EntityKey[edu.ncsu.csc.itrust2.models.persistent.User#AliceThirteen], null, EntityKey[edu.ncsu.csc.itrust2.models.persistent.Diagnosis#602]
04:52:07.480 [main] DEBUG org.hibernate.loader.Loader - Result set contains (possibly empty) collection: [edu.ncsu.csc.itrust2.models.persistent.OfficeVisit.prescriptions#599]
04:52:07.480 [main] DEBUG o.h.engine.internal.TwoPhaseLoad - Resolving associations for [edu.ncsu.csc.itrust2.models.persistent.ICDCode#600]
04:52:07.480 [main] DEBUG o.h.engine.internal.TwoPhaseLoad - Done materializing entity [edu.ncsu.csc.itrust2.models.persistent.ICDCode#600]
04:52:07.480 [main] DEBUG o.h.engine.internal.TwoPhaseLoad - Resolving associations for [edu.ncsu.csc.itrust2.models.persistent.OfficeVisit#599]
04:52:07.480 [main] DEBUG o.h.engine.internal.TwoPhaseLoad - Done materializing entity [edu.ncsu.csc.itrust2.models.persistent.OfficeVisit#599]
04:52:07.480 [main] DEBUG o.h.engine.internal.TwoPhaseLoad - Resolving associations for [edu.ncsu.csc.itrust2.models.persistent.BasicHealthMetrics#598]
04:52:07.481 [main] DEBUG org.hibernate.SQL - select user0_.username as username1_15_0_, user0_.enabled as enabled2_15_0_, user0_.password as password3_15_0_, user0_.role as role4_15_0_ from Users user0_ where user0_.username=?
Hibernate: select user0_.username as username1_15_0_, user0_.enabled as enabled2_15_0_, user0_.password as password3_15_0_, user0_.role as role4_15_0_ from Users user0_ where user0_.username=?
04:52:07.481 [main] DEBUG o.h.l.p.e.p.i.ResultSetProcessorImpl - Starting ResultSet row #0
04:52:07.481 [main] DEBUG o.h.l.p.e.p.i.EntityReferenceInitializerImpl - On call to EntityIdentifierReaderImpl#resolve, EntityKey was already known; should only happen on root returns with an optional identifier specified
04:52:07.481 [main] DEBUG o.h.engine.internal.TwoPhaseLoad - Resolving associations for [edu.ncsu.csc.itrust2.models.persistent.User#hcp]
04:52:07.481 [main] DEBUG o.h.engine.internal.TwoPhaseLoad - Done materializing entity [edu.ncsu.csc.itrust2.models.persistent.User#hcp]
04:52:07.481 [main] DEBUG o.h.r.j.i.ResourceRegistryStandardImpl - HHH000387: ResultSet&apos;s statement was not registered
04:52:07.482 [main] DEBUG o.h.l.e.p.AbstractLoadPlanBasedEntityLoader - Done entity load : edu.ncsu.csc.itrust2.models.persistent.User#hcp
04:52:07.482 [main] DEBUG o.h.engine.internal.TwoPhaseLoad - Done materializing entity [edu.ncsu.csc.itrust2.models.persistent.BasicHealthMetrics#598]
04:52:07.482 [main] DEBUG o.h.engine.internal.TwoPhaseLoad - Resolving associations for [edu.ncsu.csc.itrust2.models.persistent.User#AliceThirteen]
04:52:07.482 [main] DEBUG o.h.engine.internal.TwoPhaseLoad - Done materializing entity [edu.ncsu.csc.itrust2.models.persistent.User#AliceThirteen]
04:52:07.482 [main] DEBUG o.h.engine.internal.TwoPhaseLoad - Resolving associations for [edu.ncsu.csc.itrust2.models.persistent.Hospital#Dr. Jenkins&apos; Insane Asylum]
04:52:07.482 [main] DEBUG o.h.engine.internal.TwoPhaseLoad - Done materializing entity [edu.ncsu.csc.itrust2.models.persistent.Hospital#Dr. Jenkins&apos; Insane Asylum]
04:52:07.482 [main] DEBUG o.h.engine.internal.TwoPhaseLoad - Resolving associations for [edu.ncsu.csc.itrust2.models.persistent.Diagnosis#602]
04:52:07.482 [main] DEBUG o.h.engine.internal.TwoPhaseLoad - Done materializing entity [edu.ncsu.csc.itrust2.models.persistent.Diagnosis#602]
04:52:07.482 [main] DEBUG o.h.e.l.i.CollectionLoadContext - 1 collections were found in result set for role: edu.ncsu.csc.itrust2.models.persistent.OfficeVisit.prescriptions
04:52:07.482 [main] DEBUG o.h.e.l.i.CollectionLoadContext - Collection fully initialized: [edu.ncsu.csc.itrust2.models.persistent.OfficeVisit.prescriptions#599]
04:52:07.483 [main] DEBUG o.h.e.l.i.CollectionLoadContext - 1 collections initialized for role: edu.ncsu.csc.itrust2.models.persistent.OfficeVisit.prescriptions
04:52:07.483 [main] DEBUG o.h.e.t.internal.TransactionImpl - committing
04:52:07.483 [main] DEBUG o.h.e.i.AbstractFlushingEventListener - Processing flush-time cascades
04:52:07.483 [main] DEBUG o.h.e.i.AbstractFlushingEventListener - Dirty checking collections
04:52:07.483 [main] DEBUG o.h.engine.internal.Collections - Collection found: [edu.ncsu.csc.itrust2.models.persistent.OfficeVisit.prescriptions#599], was: [edu.ncsu.csc.itrust2.models.persistent.OfficeVisit.prescriptions#599] (initialized)
04:52:07.483 [main] DEBUG o.h.e.i.AbstractFlushingEventListener - Flushed: 0 insertions, 0 updates, 0 deletions to 7 objects
04:52:07.483 [main] DEBUG o.h.e.i.AbstractFlushingEventListener - Flushed: 0 (re)creations, 0 updates, 0 removals to 1 collections
04:52:07.483 [main] DEBUG o.h.internal.util.EntityPrinter - Listing entities:
04:52:07.483 [main] DEBUG o.h.internal.util.EntityPrinter - edu.ncsu.csc.itrust2.models.persistent.Hospital{zip=12345, address=123 Main St, name=Dr. Jenkins&apos; Insane Asylum, state=NC}
04:52:07.483 [main] DEBUG o.h.internal.util.EntityPrinter - edu.ncsu.csc.itrust2.models.persistent.User{password=$2a$10$EblZqNptyYvcLm/VwDCVAuBjzZOI7khzdyGPBr08PpIi0na624b8., role=ROLE_PATIENT, enabled=1, username=AliceThirteen}
04:52:07.483 [main] DEBUG o.h.internal.util.EntityPrinter - edu.ncsu.csc.itrust2.models.persistent.BasicHealthMetrics{patientSmokingStatus=null, headCircumference=null, weight=null, tri=null, hdl=75, diastolic=null, systolic=null, hcp=edu.ncsu.csc.itrust2.models.persistent.User#hcp, ldl=null, houseSmokingStatus=1, patient=edu.ncsu.csc.itrust2.models.persistent.User#AliceThirteen, id=598, height=75.0}
04:52:07.483 [main] DEBUG o.h.internal.util.EntityPrinter - edu.ncsu.csc.itrust2.models.persistent.User{password=$2a$10$EblZqNptyYvcLm/VwDCVAuBjzZOI7khzdyGPBr08PpIi0na624b8., role=ROLE_HCP, enabled=1, username=hcp}
04:52:07.483 [main] DEBUG o.h.internal.util.EntityPrinter - edu.ncsu.csc.itrust2.models.persistent.OfficeVisit{date=java.util.GregorianCalendar[time=1521521527000,areFieldsSet=true,areAllFieldsSet=true,lenient=true,zone=sun.util.calendar.ZoneInfo[id=&quot;Etc/UTC&quot;,offset=0,dstSavings=0,useDaylight=false,transitions=0,lastRule=null],firstDayOfWeek=1,minimalDaysInFirstWeek=1,ERA=1,YEAR=2018,MONTH=2,WEEK_OF_YEAR=12,WEEK_OF_MONTH=4,DAY_OF_MONTH=20,DAY_OF_YEAR=79,DAY_OF_WEEK=3,DAY_OF_WEEK_IN_MONTH=3,AM_PM=0,HOUR=4,HOUR_OF_DAY=4,MINUTE=52,SECOND=7,MILLISECOND=0,ZONE_OFFSET=0,DST_OFFSET=0], notes=null, hcp=edu.ncsu.csc.itrust2.models.persistent.User#AliceThirteen, patient=edu.ncsu.csc.itrust2.models.persistent.User#AliceThirteen, basicHealthMetrics=edu.ncsu.csc.itrust2.models.persistent.BasicHealthMetrics#598, appointment=null, id=599, hospital=edu.ncsu.csc.itrust2.models.persistent.Hospital#Dr. Jenkins&apos; Insane Asylum, type=GENERAL_CHECKUP, prescriptions=[]}
04:52:07.483 [main] DEBUG o.h.internal.util.EntityPrinter - edu.ncsu.csc.itrust2.models.persistent.ICDCode{code=A21, description=Top Quality, id=600}
04:52:07.484 [main] DEBUG o.h.internal.util.EntityPrinter - edu.ncsu.csc.itrust2.models.persistent.Diagnosis{note=This is bad, code=edu.ncsu.csc.itrust2.models.persistent.ICDCode#600, id=602, visit=edu.ncsu.csc.itrust2.models.persistent.OfficeVisit#599}
04:52:07.484 [main] DEBUG o.h.e.t.internal.TransactionImpl - begin
04:52:07.486 [main] DEBUG org.hibernate.SQL - select this_.id as id1_2_8_, this_.code_id as code_id3_2_8_, this_.note as note2_2_8_, this_.visit_id as visit_id4_2_8_, icdcode2_.id as id1_5_0_, icdcode2_.code as code2_5_0_, icdcode2_.description as descript3_5_0_, officevisi3_.id as id1_10_1_, officevisi3_.appointment_id as appointm5_10_1_, officevisi3_.basichealthmetrics_id as basichea6_10_1_, officevisi3_.date as date2_10_1_, officevisi3_.hcp_id as hcp_id7_10_1_, officevisi3_.hospital_id as hospital8_10_1_, officevisi3_.notes as notes3_10_1_, officevisi3_.patient_id as patient_9_10_1_, officevisi3_.type as type4_10_1_, appointmen4_.id as id1_0_2_, appointmen4_.comments as comments2_0_2_, appointmen4_.date as date3_0_2_, appointmen4_.hcp_id as hcp_id6_0_2_, appointmen4_.patient_id as patient_7_0_2_, appointmen4_.status as status4_0_2_, appointmen4_.type as type5_0_2_, basichealt5_.id as id1_1_3_, basichealt5_.diastolic as diastoli2_1_3_, basichealt5_.hcp_id as hcp_id12_1_3_, basichealt5_.hdl as hdl3_1_3_, basichealt5_.headCircumference as headCirc4_1_3_, basichealt5_.height as height5_1_3_, basichealt5_.houseSmokingStatus as houseSmo6_1_3_, basichealt5_.ldl as ldl7_1_3_, basichealt5_.patient_id as patient13_1_3_, basichealt5_.patientSmokingStatus as patientS8_1_3_, basichealt5_.systolic as systolic9_1_3_, basichealt5_.tri as tri10_1_3_, basichealt5_.weight as weight11_1_3_, user6_.username as username1_15_4_, user6_.enabled as enabled2_15_4_, user6_.password as password3_15_4_, user6_.role as role4_15_4_, hospital7_.name as name1_4_5_, hospital7_.address as address2_4_5_, hospital7_.state as state3_4_5_, hospital7_.zip as zip4_4_5_, user8_.username as username1_15_6_, user8_.enabled as enabled2_15_6_, user8_.password as password3_15_6_, user8_.role as role4_15_6_, prescripti9_.prescriptions_id as prescrip8_14_10_, prescripti9_.id as id1_14_10_, prescripti9_.id as id1_14_7_, prescripti9_.dosage as dosage2_14_7_, prescripti9_.drug_id as drug_id6_14_7_, prescripti9_.endDate as endDate3_14_7_, prescripti9_.patient_id as patient_7_14_7_, prescripti9_.renewals as renewals4_14_7_, prescripti9_.startDate as startDat5_14_7_ from Diagnoses this_ inner join ICDCodes icdcode2_ on this_.code_id=icdcode2_.id inner join OfficeVisits officevisi3_ on this_.visit_id=officevisi3_.id left outer join AppointmentRequests appointmen4_ on officevisi3_.appointment_id=appointmen4_.id left outer join BasicHealthMetrics basichealt5_ on officevisi3_.basichealthmetrics_id=basichealt5_.id left outer join Users user6_ on officevisi3_.hcp_id=user6_.username left outer join Hospitals hospital7_ on officevisi3_.hospital_id=hospital7_.name left outer join Users user8_ on officevisi3_.patient_id=user8_.username left outer join Prescriptions prescripti9_ on officevisi3_.id=prescripti9_.prescriptions_id where this_.id=?
Hibernate: select this_.id as id1_2_8_, this_.code_id as code_id3_2_8_, this_.note as note2_2_8_, this_.visit_id as visit_id4_2_8_, icdcode2_.id as id1_5_0_, icdcode2_.code as code2_5_0_, icdcode2_.description as descript3_5_0_, officevisi3_.id as id1_10_1_, officevisi3_.appointment_id as appointm5_10_1_, officevisi3_.basichealthmetrics_id as basichea6_10_1_, officevisi3_.date as date2_10_1_, officevisi3_.hcp_id as hcp_id7_10_1_, officevisi3_.hospital_id as hospital8_10_1_, officevisi3_.notes as notes3_10_1_, officevisi3_.patient_id as patient_9_10_1_, officevisi3_.type as type4_10_1_, appointmen4_.id as id1_0_2_, appointmen4_.comments as comments2_0_2_, appointmen4_.date as date3_0_2_, appointmen4_.hcp_id as hcp_id6_0_2_, appointmen4_.patient_id as patient_7_0_2_, appointmen4_.status as status4_0_2_, appointmen4_.type as type5_0_2_, basichealt5_.id as id1_1_3_, basichealt5_.diastolic as diastoli2_1_3_, basichealt5_.hcp_id as hcp_id12_1_3_, basichealt5_.hdl as hdl3_1_3_, basichealt5_.headCircumference as headCirc4_1_3_, basichealt5_.height as height5_1_3_, basichealt5_.houseSmokingStatus as houseSmo6_1_3_, basichealt5_.ldl as ldl7_1_3_, basichealt5_.patient_id as patient13_1_3_, basichealt5_.patientSmokingStatus as patientS8_1_3_, basichealt5_.systolic as systolic9_1_3_, basichealt5_.tri as tri10_1_3_, basichealt5_.weight as weight11_1_3_, user6_.username as username1_15_4_, user6_.enabled as enabled2_15_4_, user6_.password as password3_15_4_, user6_.role as role4_15_4_, hospital7_.name as name1_4_5_, hospital7_.address as address2_4_5_, hospital7_.state as state3_4_5_, hospital7_.zip as zip4_4_5_, user8_.username as username1_15_6_, user8_.enabled as enabled2_15_6_, user8_.password as password3_15_6_, user8_.role as role4_15_6_, prescripti9_.prescriptions_id as prescrip8_14_10_, prescripti9_.id as id1_14_10_, prescripti9_.id as id1_14_7_, prescripti9_.dosage as dosage2_14_7_, prescripti9_.drug_id as drug_id6_14_7_, prescripti9_.endDate as endDate3_14_7_, prescripti9_.patient_id as patient_7_14_7_, prescripti9_.renewals as renewals4_14_7_, prescripti9_.startDate as startDat5_14_7_ from Diagnoses this_ inner join ICDCodes icdcode2_ on this_.code_id=icdcode2_.id inner join OfficeVisits officevisi3_ on this_.visit_id=officevisi3_.id left outer join AppointmentRequests appointmen4_ on officevisi3_.appointment_id=appointmen4_.id left outer join BasicHealthMetrics basichealt5_ on officevisi3_.basichealthmetrics_id=basichealt5_.id left outer join Users user6_ on officevisi3_.hcp_id=user6_.username left outer join Hospitals hospital7_ on officevisi3_.hospital_id=hospital7_.name left outer join Users user8_ on officevisi3_.patient_id=user8_.username left outer join Prescriptions prescripti9_ on officevisi3_.id=prescripti9_.prescriptions_id where this_.id=?
04:52:07.488 [main] DEBUG org.hibernate.loader.Loader - Result set row: 0
04:52:07.488 [main] DEBUG org.hibernate.loader.Loader - Result row: EntityKey[edu.ncsu.csc.itrust2.models.persistent.ICDCode#600], EntityKey[edu.ncsu.csc.itrust2.models.persistent.OfficeVisit#599], null, EntityKey[edu.ncsu.csc.itrust2.models.persistent.BasicHealthMetrics#598], EntityKey[edu.ncsu.csc.itrust2.models.persistent.User#AliceThirteen], EntityKey[edu.ncsu.csc.itrust2.models.persistent.Hospital#Dr. Jenkins&apos; Insane Asylum], EntityKey[edu.ncsu.csc.itrust2.models.persistent.User#AliceThirteen], null, EntityKey[edu.ncsu.csc.itrust2.models.persistent.Diagnosis#602]
04:52:07.489 [main] DEBUG org.hibernate.loader.Loader - Result set contains (possibly empty) collection: [edu.ncsu.csc.itrust2.models.persistent.OfficeVisit.prescriptions#599]
04:52:07.489 [main] DEBUG o.h.engine.internal.TwoPhaseLoad - Resolving associations for [edu.ncsu.csc.itrust2.models.persistent.ICDCode#600]
04:52:07.489 [main] DEBUG o.h.engine.internal.TwoPhaseLoad - Done materializing entity [edu.ncsu.csc.itrust2.models.persistent.ICDCode#600]
04:52:07.489 [main] DEBUG o.h.engine.internal.TwoPhaseLoad - Resolving associations for [edu.ncsu.csc.itrust2.models.persistent.OfficeVisit#599]
04:52:07.489 [main] DEBUG o.h.engine.internal.TwoPhaseLoad - Done materializing entity [edu.ncsu.csc.itrust2.models.persistent.OfficeVisit#599]
04:52:07.489 [main] DEBUG o.h.engine.internal.TwoPhaseLoad - Resolving associations for [edu.ncsu.csc.itrust2.models.persistent.BasicHealthMetrics#598]
04:52:07.489 [main] DEBUG org.hibernate.SQL - select user0_.username as username1_15_0_, user0_.enabled as enabled2_15_0_, user0_.password as password3_15_0_, user0_.role as role4_15_0_ from Users user0_ where user0_.username=?
Hibernate: select user0_.username as username1_15_0_, user0_.enabled as enabled2_15_0_, user0_.password as password3_15_0_, user0_.role as role4_15_0_ from Users user0_ where user0_.username=?
04:52:07.490 [main] DEBUG o.h.l.p.e.p.i.ResultSetProcessorImpl - Starting ResultSet row #0
04:52:07.490 [main] DEBUG o.h.l.p.e.p.i.EntityReferenceInitializerImpl - On call to EntityIdentifierReaderImpl#resolve, EntityKey was already known; should only happen on root returns with an optional identifier specified
04:52:07.490 [main] DEBUG o.h.engine.internal.TwoPhaseLoad - Resolving associations for [edu.ncsu.csc.itrust2.models.persistent.User#hcp]
04:52:07.490 [main] DEBUG o.h.engine.internal.TwoPhaseLoad - Done materializing entity [edu.ncsu.csc.itrust2.models.persistent.User#hcp]
04:52:07.490 [main] DEBUG o.h.r.j.i.ResourceRegistryStandardImpl - HHH000387: ResultSet&apos;s statement was not registered
04:52:07.490 [main] DEBUG o.h.l.e.p.AbstractLoadPlanBasedEntityLoader - Done entity load : edu.ncsu.csc.itrust2.models.persistent.User#hcp
04:52:07.491 [main] DEBUG o.h.engine.internal.TwoPhaseLoad - Done materializing entity [edu.ncsu.csc.itrust2.models.persistent.BasicHealthMetrics#598]
04:52:07.491 [main] DEBUG o.h.engine.internal.TwoPhaseLoad - Resolving associations for [edu.ncsu.csc.itrust2.models.persistent.User#AliceThirteen]
04:52:07.491 [main] DEBUG o.h.engine.internal.TwoPhaseLoad - Done materializing entity [edu.ncsu.csc.itrust2.models.persistent.User#AliceThirteen]
04:52:07.491 [main] DEBUG o.h.engine.internal.TwoPhaseLoad - Resolving associations for [edu.ncsu.csc.itrust2.models.persistent.Hospital#Dr. Jenkins&apos; Insane Asylum]
04:52:07.491 [main] DEBUG o.h.engine.internal.TwoPhaseLoad - Done materializing entity [edu.ncsu.csc.itrust2.models.persistent.Hospital#Dr. Jenkins&apos; Insane Asylum]
04:52:07.491 [main] DEBUG o.h.engine.internal.TwoPhaseLoad - Resolving associations for [edu.ncsu.csc.itrust2.models.persistent.Diagnosis#602]
04:52:07.491 [main] DEBUG o.h.engine.internal.TwoPhaseLoad - Done materializing entity [edu.ncsu.csc.itrust2.models.persistent.Diagnosis#602]
04:52:07.491 [main] DEBUG o.h.e.l.i.CollectionLoadContext - 1 collections were found in result set for role: edu.ncsu.csc.itrust2.models.persistent.OfficeVisit.prescriptions
04:52:07.491 [main] DEBUG o.h.e.l.i.CollectionLoadContext - Collection fully initialized: [edu.ncsu.csc.itrust2.models.persistent.OfficeVisit.prescriptions#599]
04:52:07.491 [main] DEBUG o.h.e.l.i.CollectionLoadContext - 1 collections initialized for role: edu.ncsu.csc.itrust2.models.persistent.OfficeVisit.prescriptions
04:52:07.491 [main] DEBUG o.h.e.t.internal.TransactionImpl - committing
04:52:07.491 [main] DEBUG o.h.e.i.AbstractFlushingEventListener - Processing flush-time cascades
04:52:07.491 [main] DEBUG o.h.e.i.AbstractFlushingEventListener - Dirty checking collections
04:52:07.492 [main] DEBUG o.h.engine.internal.Collections - Collection found: [edu.ncsu.csc.itrust2.models.persistent.OfficeVisit.prescriptions#599], was: [edu.ncsu.csc.itrust2.models.persistent.OfficeVisit.prescriptions#599] (initialized)
04:52:07.492 [main] DEBUG o.h.e.i.AbstractFlushingEventListener - Flushed: 0 insertions, 0 updates, 0 deletions to 7 objects
04:52:07.492 [main] DEBUG o.h.e.i.AbstractFlushingEventListener - Flushed: 0 (re)creations, 0 updates, 0 removals to 1 collections
04:52:07.492 [main] DEBUG o.h.internal.util.EntityPrinter - Listing entities:
04:52:07.492 [main] DEBUG o.h.internal.util.EntityPrinter - edu.ncsu.csc.itrust2.models.persistent.Hospital{zip=12345, address=123 Main St, name=Dr. Jenkins&apos; Insane Asylum, state=NC}
04:52:07.492 [main] DEBUG o.h.internal.util.EntityPrinter - edu.ncsu.csc.itrust2.models.persistent.User{password=$2a$10$EblZqNptyYvcLm/VwDCVAuBjzZOI7khzdyGPBr08PpIi0na624b8., role=ROLE_PATIENT, enabled=1, username=AliceThirteen}
04:52:07.492 [main] DEBUG o.h.internal.util.EntityPrinter - edu.ncsu.csc.itrust2.models.persistent.BasicHealthMetrics{patientSmokingStatus=null, headCircumference=null, weight=null, tri=null, hdl=75, diastolic=null, systolic=null, hcp=edu.ncsu.csc.itrust2.models.persistent.User#hcp, ldl=null, houseSmokingStatus=1, patient=edu.ncsu.csc.itrust2.models.persistent.User#AliceThirteen, id=598, height=75.0}
04:52:07.492 [main] DEBUG o.h.internal.util.EntityPrinter - edu.ncsu.csc.itrust2.models.persistent.User{password=$2a$10$EblZqNptyYvcLm/VwDCVAuBjzZOI7khzdyGPBr08PpIi0na624b8., role=ROLE_HCP, enabled=1, username=hcp}
04:52:07.492 [main] DEBUG o.h.internal.util.EntityPrinter - edu.ncsu.csc.itrust2.models.persistent.OfficeVisit{date=java.util.GregorianCalendar[time=1521521527000,areFieldsSet=true,areAllFieldsSet=true,lenient=true,zone=sun.util.calendar.ZoneInfo[id=&quot;Etc/UTC&quot;,offset=0,dstSavings=0,useDaylight=false,transitions=0,lastRule=null],firstDayOfWeek=1,minimalDaysInFirstWeek=1,ERA=1,YEAR=2018,MONTH=2,WEEK_OF_YEAR=12,WEEK_OF_MONTH=4,DAY_OF_MONTH=20,DAY_OF_YEAR=79,DAY_OF_WEEK=3,DAY_OF_WEEK_IN_MONTH=3,AM_PM=0,HOUR=4,HOUR_OF_DAY=4,MINUTE=52,SECOND=7,MILLISECOND=0,ZONE_OFFSET=0,DST_OFFSET=0], notes=null, hcp=edu.ncsu.csc.itrust2.models.persistent.User#AliceThirteen, patient=edu.ncsu.csc.itrust2.models.persistent.User#AliceThirteen, basicHealthMetrics=edu.ncsu.csc.itrust2.models.persistent.BasicHealthMetrics#598, appointment=null, id=599, hospital=edu.ncsu.csc.itrust2.models.persistent.Hospital#Dr. Jenkins&apos; Insane Asylum, type=GENERAL_CHECKUP, prescriptions=[]}
04:52:07.492 [main] DEBUG o.h.internal.util.EntityPrinter - edu.ncsu.csc.itrust2.models.persistent.ICDCode{code=A21, description=Top Quality, id=600}
04:52:07.492 [main] DEBUG o.h.internal.util.EntityPrinter - edu.ncsu.csc.itrust2.models.persistent.Diagnosis{note=This is bad, code=edu.ncsu.csc.itrust2.models.persistent.ICDCode#600, id=602, visit=edu.ncsu.csc.itrust2.models.persistent.OfficeVisit#599}
04:52:07.493 [main] DEBUG o.h.e.t.internal.TransactionImpl - begin
04:52:07.493 [main] DEBUG o.h.e.t.internal.TransactionImpl - committing
04:52:07.494 [main] DEBUG o.h.e.i.AbstractFlushingEventListener - Processing flush-time cascades
04:52:07.494 [main] DEBUG o.h.e.i.AbstractFlushingEventListener - Dirty checking collections
04:52:07.494 [main] DEBUG o.h.e.i.AbstractFlushingEventListener - Flushed: 0 insertions, 1 updates, 0 deletions to 1 objects
04:52:07.494 [main] DEBUG o.h.e.i.AbstractFlushingEventListener - Flushed: 0 (re)creations, 0 updates, 0 removals to 0 collections
04:52:07.494 [main] DEBUG o.h.internal.util.EntityPrinter - Listing entities:
04:52:07.494 [main] DEBUG o.h.internal.util.EntityPrinter - edu.ncsu.csc.itrust2.models.persistent.Diagnosis{note=This is bad, code=edu.ncsu.csc.itrust2.models.persistent.ICDCode#600, id=602, visit=edu.ncsu.csc.itrust2.models.persistent.OfficeVisit#599}
04:52:07.495 [main] DEBUG org.hibernate.SQL - update Diagnoses set code_id=?, note=?, visit_id=? where id=?
Hibernate: update Diagnoses set code_id=?, note=?, visit_id=? where id=?
04:52:07.496 [main] DEBUG o.h.e.j.internal.JdbcCoordinatorImpl - HHH000420: Closing un-released batch
04:52:07.497 [main] DEBUG o.h.e.t.internal.TransactionImpl - begin
04:52:07.497 [main] DEBUG org.hibernate.SQL - select user_.username, user_.enabled as enabled2_15_, user_.password as password3_15_, user_.role as role4_15_ from Users user_ where user_.username=?
Hibernate: select user_.username, user_.enabled as enabled2_15_, user_.password as password3_15_, user_.role as role4_15_ from Users user_ where user_.username=?
04:52:07.498 [main] DEBUG o.h.r.j.i.ResourceRegistryStandardImpl - HHH000387: ResultSet&apos;s statement was not registered
04:52:07.498 [main] DEBUG org.hibernate.SQL - select hospital_.name, hospital_.address as address2_4_, hospital_.state as state3_4_, hospital_.zip as zip4_4_ from Hospitals hospital_ where hospital_.name=?
Hibernate: select hospital_.name, hospital_.address as address2_4_, hospital_.state as state3_4_, hospital_.zip as zip4_4_ from Hospitals hospital_ where hospital_.name=?
04:52:07.498 [main] DEBUG o.h.r.j.i.ResourceRegistryStandardImpl - HHH000387: ResultSet&apos;s statement was not registered
04:52:07.498 [main] DEBUG o.h.e.t.internal.TransactionImpl - committing
04:52:07.498 [main] DEBUG o.h.e.i.AbstractFlushingEventListener - Processing flush-time cascades
04:52:07.498 [main] DEBUG o.h.e.i.AbstractFlushingEventListener - Dirty checking collections
04:52:07.498 [main] DEBUG o.h.engine.internal.Collections - Collection dereferenced: [edu.ncsu.csc.itrust2.models.persistent.OfficeVisit.prescriptions#599]
04:52:07.499 [main] DEBUG o.h.e.i.AbstractFlushingEventListener - Flushed: 0 insertions, 0 updates, 1 deletions to 1 objects
04:52:07.499 [main] DEBUG o.h.e.i.AbstractFlushingEventListener - Flushed: 0 (re)creations, 0 updates, 1 removals to 1 collections
04:52:07.499 [main] DEBUG o.h.internal.util.EntityPrinter - Listing entities:
04:52:07.499 [main] DEBUG o.h.internal.util.EntityPrinter - edu.ncsu.csc.itrust2.models.persistent.OfficeVisit{date=java.util.GregorianCalendar[time=1521521527273,areFieldsSet=true,areAllFieldsSet=true,lenient=true,zone=sun.util.calendar.ZoneInfo[id=&quot;Etc/UTC&quot;,offset=0,dstSavings=0,useDaylight=false,transitions=0,lastRule=null],firstDayOfWeek=1,minimalDaysInFirstWeek=1,ERA=1,YEAR=2018,MONTH=2,WEEK_OF_YEAR=12,WEEK_OF_MONTH=4,DAY_OF_MONTH=20,DAY_OF_YEAR=79,DAY_OF_WEEK=3,DAY_OF_WEEK_IN_MONTH=3,AM_PM=0,HOUR=4,HOUR_OF_DAY=4,MINUTE=52,SECOND=7,MILLISECOND=273,ZONE_OFFSET=0,DST_OFFSET=0], notes=null, hcp=edu.ncsu.csc.itrust2.models.persistent.User#AliceThirteen, patient=edu.ncsu.csc.itrust2.models.persistent.User#AliceThirteen, basicHealthMetrics=edu.ncsu.csc.itrust2.models.persistent.BasicHealthMetrics#598, appointment=null, id=599, hospital=edu.ncsu.csc.itrust2.models.persistent.Hospital#Dr. Jenkins&apos; Insane Asylum, type=GENERAL_CHECKUP, prescriptions=[]}
04:52:07.499 [main] DEBUG org.hibernate.SQL - delete from OfficeVisits where id=?
Hibernate: delete from OfficeVisits where id=?
04:52:07.502 [main] DEBUG o.h.e.jdbc.spi.SqlExceptionHelper - could not execute statement [n/a]
com.mysql.jdbc.exceptions.jdbc4.MySQLIntegrityConstraintViolationException: Cannot delete or update a parent row: a foreign key constraint fails (`iTrust2`.`Diagnoses`, CONSTRAINT `FKchbkmm1cp30vpspntly0rtey7` FOREIGN KEY (`visit_id`) REFERENCES `OfficeVisits` (`id`))
	at sun.reflect.NativeConstructorAccessorImpl.newInstance0(Native Method) ~[na:1.8.0_161]
	at sun.reflect.NativeConstructorAccessorImpl.newInstance(NativeConstructorAccessorImpl.java:62) ~[na:1.8.0_161]
	at sun.reflect.DelegatingConstructorAccessorImpl.newInstance(DelegatingConstructorAccessorImpl.java:45) ~[na:1.8.0_161]
	at java.lang.reflect.Constructor.newInstance(Constructor.java:423) ~[na:1.8.0_161]
	at com.mysql.jdbc.Util.handleNewInstance(Util.java:425) ~[mysql-connector-java-5.1.40.jar:5.1.40]
	at com.mysql.jdbc.Util.getInstance(Util.java:408) ~[mysql-connector-java-5.1.40.jar:5.1.40]
	at com.mysql.jdbc.SQLError.createSQLException(SQLError.java:935) ~[mysql-connector-java-5.1.40.jar:5.1.40]
	at com.mysql.jdbc.MysqlIO.checkErrorPacket(MysqlIO.java:3970) ~[mysql-connector-java-5.1.40.jar:5.1.40]
	at com.mysql.jdbc.MysqlIO.checkErrorPacket(MysqlIO.java:3906) ~[mysql-connector-java-5.1.40.jar:5.1.40]
	at com.mysql.jdbc.MysqlIO.sendCommand(MysqlIO.java:2524) ~[mysql-connector-java-5.1.40.jar:5.1.40]
	at com.mysql.jdbc.MysqlIO.sqlQueryDirect(MysqlIO.java:2677) ~[mysql-connector-java-5.1.40.jar:5.1.40]
	at com.mysql.jdbc.ConnectionImpl.execSQL(ConnectionImpl.java:2549) ~[mysql-connector-java-5.1.40.jar:5.1.40]
	at com.mysql.jdbc.PreparedStatement.executeInternal(PreparedStatement.java:1861) ~[mysql-connector-java-5.1.40.jar:5.1.40]
	at com.mysql.jdbc.PreparedStatement.executeUpdateInternal(PreparedStatement.java:2073) ~[mysql-connector-java-5.1.40.jar:5.1.40]
	at com.mysql.jdbc.PreparedStatement.executeUpdateInternal(PreparedStatement.java:2009) ~[mysql-connector-java-5.1.40.jar:5.1.40]
	at com.mysql.jdbc.PreparedStatement.executeLargeUpdate(PreparedStatement.java:5098) ~[mysql-connector-java-5.1.40.jar:5.1.40]
	at com.mysql.jdbc.PreparedStatement.executeUpdate(PreparedStatement.java:1994) ~[mysql-connector-java-5.1.40.jar:5.1.40]
	at org.hibernate.engine.jdbc.internal.ResultSetReturnImpl.executeUpdate(ResultSetReturnImpl.java:204) ~[hibernate-core-5.0.11.Final.jar:5.0.11.Final]
	at org.hibernate.engine.jdbc.batch.internal.NonBatchingBatch.addToBatch(NonBatchingBatch.java:45) ~[hibernate-core-5.0.11.Final.jar:5.0.11.Final]
	at org.hibernate.persister.entity.AbstractEntityPersister.delete(AbstractEntityPersister.java:3209) ~[hibernate-core-5.0.11.Final.jar:5.0.11.Final]
	at org.hibernate.persister.entity.AbstractEntityPersister.delete(AbstractEntityPersister.java:3446) ~[hibernate-core-5.0.11.Final.jar:5.0.11.Final]
	at org.hibernate.action.internal.EntityDeleteAction.execute(EntityDeleteAction.java:98) [hibernate-core-5.0.11.Final.jar:5.0.11.Final]
	at org.hibernate.engine.spi.ActionQueue.executeActions(ActionQueue.java:582) [hibernate-core-5.0.11.Final.jar:5.0.11.Final]
	at org.hibernate.engine.spi.ActionQueue.executeActions(ActionQueue.java:456) [hibernate-core-5.0.11.Final.jar:5.0.11.Final]
	at org.hibernate.event.internal.AbstractFlushingEventListener.performExecutions(AbstractFlushingEventListener.java:337) [hibernate-core-5.0.11.Final.jar:5.0.11.Final]
	at org.hibernate.event.internal.DefaultFlushEventListener.onFlush(DefaultFlushEventListener.java:39) [hibernate-core-5.0.11.Final.jar:5.0.11.Final]
	at org.hibernate.internal.SessionImpl.flush(SessionImpl.java:1282) [hibernate-core-5.0.11.Final.jar:5.0.11.Final]
	at org.hibernate.internal.SessionImpl.managedFlush(SessionImpl.java:465) [hibernate-core-5.0.11.Final.jar:5.0.11.Final]
	at org.hibernate.internal.SessionImpl.flushBeforeTransactionCompletion(SessionImpl.java:2963) [hibernate-core-5.0.11.Final.jar:5.0.11.Final]
	at org.hibernate.internal.SessionImpl.beforeTransactionCompletion(SessionImpl.java:2339) [hibernate-core-5.0.11.Final.jar:5.0.11.Final]
	at org.hibernate.engine.jdbc.internal.JdbcCoordinatorImpl.beforeTransactionCompletion(JdbcCoordinatorImpl.java:485) [hibernate-core-5.0.11.Final.jar:5.0.11.Final]
	at org.hibernate.resource.transaction.backend.jdbc.internal.JdbcResourceLocalTransactionCoordinatorImpl.beforeCompletionCallback(JdbcResourceLocalTransactionCoordinatorImpl.java:147) [hibernate-core-5.0.11.Final.jar:5.0.11.Final]
	at org.hibernate.resource.transaction.backend.jdbc.internal.JdbcResourceLocalTransactionCoordinatorImpl.access$100(JdbcResourceLocalTransactionCoordinatorImpl.java:38) [hibernate-core-5.0.11.Final.jar:5.0.11.Final]
	at org.hibernate.resource.transaction.backend.jdbc.internal.JdbcResourceLocalTransactionCoordinatorImpl$TransactionDriverControlImpl.commit(JdbcResourceLocalTransactionCoordinatorImpl.java:231) [hibernate-core-5.0.11.Final.jar:5.0.11.Final]
	at org.hibernate.engine.transaction.internal.TransactionImpl.commit(TransactionImpl.java:65) [hibernate-core-5.0.11.Final.jar:5.0.11.Final]
	at edu.ncsu.csc.itrust2.models.persistent.DomainObject.delete(DomainObject.java:164) [classes/:na]
	at edu.ncsu.csc.itrust2.models.persistent.OfficeVisit.delete(OfficeVisit.java:721) [classes/:na]
	at edu.ncsu.csc.itrust2.unit.OfficeVisitTest.testOfficeVisit(OfficeVisitTest.java:99) [test-classes/:na]
	at sun.reflect.NativeMethodAccessorImpl.invoke0(Native Method) ~[na:1.8.0_161]
	at sun.reflect.NativeMethodAccessorImpl.invoke(NativeMethodAccessorImpl.java:62) ~[na:1.8.0_161]
	at sun.reflect.DelegatingMethodAccessorImpl.invoke(DelegatingMethodAccessorImpl.java:43) ~[na:1.8.0_161]
	at java.lang.reflect.Method.invoke(Method.java:498) ~[na:1.8.0_161]
	at org.junit.runners.model.FrameworkMethod$1.runReflectiveCall(FrameworkMethod.java:50) [junit-4.12.jar:4.12]
	at org.junit.internal.runners.model.ReflectiveCallable.run(ReflectiveCallable.java:12) [junit-4.12.jar:4.12]
	at org.junit.runners.model.FrameworkMethod.invokeExplosively(FrameworkMethod.java:47) [junit-4.12.jar:4.12]
	at org.junit.internal.runners.statements.InvokeMethod.evaluate(InvokeMethod.java:17) [junit-4.12.jar:4.12]
	at org.junit.runners.ParentRunner.runLeaf(ParentRunner.java:325) [junit-4.12.jar:4.12]
	at org.junit.runners.BlockJUnit4ClassRunner.runChild(BlockJUnit4ClassRunner.java:78) [junit-4.12.jar:4.12]
	at org.junit.runners.BlockJUnit4ClassRunner.runChild(BlockJUnit4ClassRunner.java:57) [junit-4.12.jar:4.12]
	at org.junit.runners.ParentRunner$3.run(ParentRunner.java:290) [junit-4.12.jar:4.12]
	at org.junit.runners.ParentRunner$1.schedule(ParentRunner.java:71) [junit-4.12.jar:4.12]
	at org.junit.runners.ParentRunner.runChildren(ParentRunner.java:288) [junit-4.12.jar:4.12]
	at org.junit.runners.ParentRunner.access$000(ParentRunner.java:58) [junit-4.12.jar:4.12]
	at org.junit.runners.ParentRunner$2.evaluate(ParentRunner.java:268) [junit-4.12.jar:4.12]
	at org.junit.runners.ParentRunner.run(ParentRunner.java:363) [junit-4.12.jar:4.12]
	at org.apache.maven.surefire.junit4.JUnit4Provider.execute(JUnit4Provider.java:365) [surefire-junit4-2.20.jar:2.20]
	at org.apache.maven.surefire.junit4.JUnit4Provider.executeWithRerun(JUnit4Provider.java:272) [surefire-junit4-2.20.jar:2.20]
	at org.apache.maven.surefire.junit4.JUnit4Provider.executeTestSet(JUnit4Provider.java:236) [surefire-junit4-2.20.jar:2.20]
	at org.apache.maven.surefire.junit4.JUnit4Provider.invoke(JUnit4Provider.java:159) [surefire-junit4-2.20.jar:2.20]
	at org.apache.maven.surefire.booter.ForkedBooter.invokeProviderInSameClassLoader(ForkedBooter.java:386) [surefire-booter-2.20.jar:2.20]
	at org.apache.maven.surefire.booter.ForkedBooter.runSuitesInProcess(ForkedBooter.java:323) [surefire-booter-2.20.jar:2.20]
	at org.apache.maven.surefire.booter.ForkedBooter.main(ForkedBooter.java:143) [surefire-booter-2.20.jar:2.20]
04:52:07.504 [main] WARN  o.h.e.jdbc.spi.SqlExceptionHelper - SQL Error: 1451, SQLState: 23000
04:52:07.504 [main] ERROR o.h.e.jdbc.spi.SqlExceptionHelper - Cannot delete or update a parent row: a foreign key constraint fails (`iTrust2`.`Diagnoses`, CONSTRAINT `FKchbkmm1cp30vpspntly0rtey7` FOREIGN KEY (`visit_id`) REFERENCES `OfficeVisits` (`id`))
04:52:07.506 [main] INFO  o.h.e.j.b.internal.AbstractBatchImpl - HHH000010: On release of batch it still contained JDBC statements
04:52:07.507 [main] ERROR org.hibernate.internal.SessionImpl - HHH000346: Error during managed flush [could not execute statement]
04:52:07.508 [main] DEBUG o.h.r.t.b.j.i.JdbcResourceLocalTransactionCoordinatorImpl - JDBC transaction marked for rollback-only (exception provided for stack trace)
java.lang.Exception: exception just for purpose of providing stack trace
	at org.hibernate.resource.transaction.backend.jdbc.internal.JdbcResourceLocalTransactionCoordinatorImpl$TransactionDriverControlImpl.markRollbackOnly(JdbcResourceLocalTransactionCoordinatorImpl.java:265) [hibernate-core-5.0.11.Final.jar:5.0.11.Final]
	at org.hibernate.resource.transaction.backend.jdbc.internal.JdbcResourceLocalTransactionCoordinatorImpl.beforeCompletionCallback(JdbcResourceLocalTransactionCoordinatorImpl.java:156) ~[hibernate-core-5.0.11.Final.jar:5.0.11.Final]
	at org.hibernate.resource.transaction.backend.jdbc.internal.JdbcResourceLocalTransactionCoordinatorImpl.access$100(JdbcResourceLocalTransactionCoordinatorImpl.java:38) ~[hibernate-core-5.0.11.Final.jar:5.0.11.Final]
	at org.hibernate.resource.transaction.backend.jdbc.internal.JdbcResourceLocalTransactionCoordinatorImpl$TransactionDriverControlImpl.commit(JdbcResourceLocalTransactionCoordinatorImpl.java:231) [hibernate-core-5.0.11.Final.jar:5.0.11.Final]
	at org.hibernate.engine.transaction.internal.TransactionImpl.commit(TransactionImpl.java:65) [hibernate-core-5.0.11.Final.jar:5.0.11.Final]
	at edu.ncsu.csc.itrust2.models.persistent.DomainObject.delete(DomainObject.java:164) [classes/:na]
	at edu.ncsu.csc.itrust2.models.persistent.OfficeVisit.delete(OfficeVisit.java:721) [classes/:na]
	at edu.ncsu.csc.itrust2.unit.OfficeVisitTest.testOfficeVisit(OfficeVisitTest.java:99) [test-classes/:na]
	at sun.reflect.NativeMethodAccessorImpl.invoke0(Native Method) ~[na:1.8.0_161]
	at sun.reflect.NativeMethodAccessorImpl.invoke(NativeMethodAccessorImpl.java:62) ~[na:1.8.0_161]
	at sun.reflect.DelegatingMethodAccessorImpl.invoke(DelegatingMethodAccessorImpl.java:43) ~[na:1.8.0_161]
	at java.lang.reflect.Method.invoke(Method.java:498) ~[na:1.8.0_161]
	at org.junit.runners.model.FrameworkMethod$1.runReflectiveCall(FrameworkMethod.java:50) [junit-4.12.jar:4.12]
	at org.junit.internal.runners.model.ReflectiveCallable.run(ReflectiveCallable.java:12) [junit-4.12.jar:4.12]
	at org.junit.runners.model.FrameworkMethod.invokeExplosively(FrameworkMethod.java:47) [junit-4.12.jar:4.12]
	at org.junit.internal.runners.statements.InvokeMethod.evaluate(InvokeMethod.java:17) [junit-4.12.jar:4.12]
	at org.junit.runners.ParentRunner.runLeaf(ParentRunner.java:325) [junit-4.12.jar:4.12]
	at org.junit.runners.BlockJUnit4ClassRunner.runChild(BlockJUnit4ClassRunner.java:78) [junit-4.12.jar:4.12]
	at org.junit.runners.BlockJUnit4ClassRunner.runChild(BlockJUnit4ClassRunner.java:57) [junit-4.12.jar:4.12]
	at org.junit.runners.ParentRunner$3.run(ParentRunner.java:290) [junit-4.12.jar:4.12]
	at org.junit.runners.ParentRunner$1.schedule(ParentRunner.java:71) [junit-4.12.jar:4.12]
	at org.junit.runners.ParentRunner.runChildren(ParentRunner.java:288) [junit-4.12.jar:4.12]
	at org.junit.runners.ParentRunner.access$000(ParentRunner.java:58) [junit-4.12.jar:4.12]
	at org.junit.runners.ParentRunner$2.evaluate(ParentRunner.java:268) [junit-4.12.jar:4.12]
	at org.junit.runners.ParentRunner.run(ParentRunner.java:363) [junit-4.12.jar:4.12]
	at org.apache.maven.surefire.junit4.JUnit4Provider.execute(JUnit4Provider.java:365) [surefire-junit4-2.20.jar:2.20]
	at org.apache.maven.surefire.junit4.JUnit4Provider.executeWithRerun(JUnit4Provider.java:272) [surefire-junit4-2.20.jar:2.20]
	at org.apache.maven.surefire.junit4.JUnit4Provider.executeTestSet(JUnit4Provider.java:236) [surefire-junit4-2.20.jar:2.20]
	at org.apache.maven.surefire.junit4.JUnit4Provider.invoke(JUnit4Provider.java:159) [surefire-junit4-2.20.jar:2.20]
	at org.apache.maven.surefire.booter.ForkedBooter.invokeProviderInSameClassLoader(ForkedBooter.java:386) [surefire-booter-2.20.jar:2.20]
	at org.apache.maven.surefire.booter.ForkedBooter.runSuitesInProcess(ForkedBooter.java:323) [surefire-booter-2.20.jar:2.20]
	at org.apache.maven.surefire.booter.ForkedBooter.main(ForkedBooter.java:143) [surefire-booter-2.20.jar:2.20]
</stdout>
          <failedSince>5</failedSince>
        </case>
      </cases>
    </suite>
    <suite>
      <file>/var/lib/jenkins/workspace/iTrust-Fuzz-Job/iTrust2-v2/iTrust/iTrust2/target/surefire-reports/TEST-edu.ncsu.csc.itrust2.unit.PasswordChangeTest.xml</file>
      <name>edu.ncsu.csc.itrust2.unit.PasswordChangeTest</name>
      <duration>1.844</duration>
      <time>1.844</time>
      <enclosingBlocks/>
      <enclosingBlockNames/>
      <cases>
        <case>
          <duration>1.11</duration>
          <className>edu.ncsu.csc.itrust2.unit.PasswordChangeTest</className>
          <testName>testPasswordReset</testName>
          <skipped>false</skipped>
          <failedSince>0</failedSince>
        </case>
        <case>
          <duration>0.733</duration>
          <className>edu.ncsu.csc.itrust2.unit.PasswordChangeTest</className>
          <testName>testPasswordChangeForm</testName>
          <skipped>false</skipped>
          <failedSince>0</failedSince>
        </case>
      </cases>
    </suite>
    <suite>
      <file>/var/lib/jenkins/workspace/iTrust-Fuzz-Job/iTrust2-v2/iTrust/iTrust2/target/surefire-reports/TEST-edu.ncsu.csc.itrust2.unit.PatientTest.xml</file>
      <name>edu.ncsu.csc.itrust2.unit.PatientTest</name>
      <duration>0.002</duration>
      <time>0.002</time>
      <enclosingBlocks/>
      <enclosingBlockNames/>
      <cases>
        <case>
          <duration>0.002</duration>
          <className>edu.ncsu.csc.itrust2.unit.PatientTest</className>
          <testName>testPatientDateOfDeath</testName>
          <skipped>false</skipped>
          <failedSince>0</failedSince>
        </case>
        <case>
          <duration>0.0</duration>
          <className>edu.ncsu.csc.itrust2.unit.PatientTest</className>
          <testName>testFieldValidation</testName>
          <skipped>false</skipped>
          <failedSince>0</failedSince>
        </case>
      </cases>
    </suite>
    <suite>
      <file>/var/lib/jenkins/workspace/iTrust-Fuzz-Job/iTrust2-v2/iTrust/iTrust2/target/surefire-reports/TEST-edu.ncsu.csc.itrust2.unit.PersonnelFormTest.xml</file>
      <name>edu.ncsu.csc.itrust2.unit.PersonnelFormTest</name>
      <duration>0.0</duration>
      <time>0</time>
      <enclosingBlocks/>
      <enclosingBlockNames/>
      <cases>
        <case>
          <duration>0.0</duration>
          <className>edu.ncsu.csc.itrust2.unit.PersonnelFormTest</className>
          <testName>testPersonnelForm</testName>
          <skipped>false</skipped>
          <failedSince>0</failedSince>
        </case>
      </cases>
    </suite>
    <suite>
      <file>/var/lib/jenkins/workspace/iTrust-Fuzz-Job/iTrust2-v2/iTrust/iTrust2/target/surefire-reports/TEST-edu.ncsu.csc.itrust2.unit.UserTest.xml</file>
      <name>edu.ncsu.csc.itrust2.unit.UserTest</name>
      <duration>0.001</duration>
      <time>0.001</time>
      <enclosingBlocks/>
      <enclosingBlockNames/>
      <cases>
        <case>
          <duration>0.0</duration>
          <className>edu.ncsu.csc.itrust2.unit.UserTest</className>
          <testName>testEqualsAndProperties</testName>
          <skipped>false</skipped>
          <failedSince>0</failedSince>
        </case>
      </cases>
    </suite>
  </suites>
  <duration>16.168001</duration>
  <keepLongStdio>false</keepLongStdio>
</result>