<?xml version="1.0" encoding="UTF-8"?>
<testsuite xmlns:xsi="http://www.w3.org/2001/XMLSchema-instance" xsi:noNamespaceSchemaLocation="https://maven.apache.org/surefire/maven-surefire-plugin/xsd/surefire-test-report.xsd" name="edu.ncsu.csc.itrust2.apitest.APIPatientTest" time="1.122" tests="4" errors="0" skipped="0" failures="3">
  <properties>
    <property name="java.runtime.name" value="Java(TM) SE Runtime Environment"/>
    <property name="sun.boot.library.path" value="/usr/lib/jvm/java-8-oracle/jre/lib/amd64"/>
    <property name="java.vm.version" value="25.161-b12"/>
    <property name="java.vm.vendor" value="Oracle Corporation"/>
    <property name="maven.multiModuleProjectDirectory" value="/var/lib/jenkins/workspace/iTrust-Fuzz-Job/iTrust2-v2/iTrust/iTrust2"/>
    <property name="java.vendor.url" value="http://java.oracle.com/"/>
    <property name="path.separator" value=":"/>
    <property name="guice.disable.misplaced.annotation.check" value="true"/>
    <property name="java.vm.name" value="Java HotSpot(TM) 64-Bit Server VM"/>
    <property name="file.encoding.pkg" value="sun.io"/>
    <property name="user.country" value="US"/>
    <property name="sun.java.launcher" value="SUN_STANDARD"/>
    <property name="sun.os.patch.level" value="unknown"/>
    <property name="java.vm.specification.name" value="Java Virtual Machine Specification"/>
    <property name="user.dir" value="/var/lib/jenkins/workspace/iTrust-Fuzz-Job/iTrust2-v2/iTrust/iTrust2"/>
    <property name="java.runtime.version" value="1.8.0_161-b12"/>
    <property name="java.awt.graphicsenv" value="sun.awt.X11GraphicsEnvironment"/>
    <property name="java.endorsed.dirs" value="/usr/lib/jvm/java-8-oracle/jre/lib/endorsed"/>
    <property name="os.arch" value="amd64"/>
    <property name="java.io.tmpdir" value="/tmp"/>
    <property name="line.separator" value="&#10;"/>
    <property name="java.vm.specification.vendor" value="Oracle Corporation"/>
    <property name="os.name" value="Linux"/>
    <property name="classworlds.conf" value="/usr/share/maven/bin/m2.conf"/>
    <property name="sun.jnu.encoding" value="UTF-8"/>
    <property name="java.library.path" value="/usr/java/packages/lib/amd64:/usr/lib64:/lib64:/lib:/usr/lib"/>
    <property name="java.specification.name" value="Java Platform API Specification"/>
    <property name="java.class.version" value="52.0"/>
    <property name="sun.management.compiler" value="HotSpot 64-Bit Tiered Compilers"/>
    <property name="os.version" value="4.4.0-116-generic"/>
    <property name="user.home" value="/root"/>
    <property name="user.timezone" value="Etc/UTC"/>
    <property name="java.awt.printerjob" value="sun.print.PSPrinterJob"/>
    <property name="file.encoding" value="UTF-8"/>
    <property name="java.specification.version" value="1.8"/>
    <property name="user.name" value="root"/>
    <property name="java.class.path" value="/usr/share/maven/boot/plexus-classworlds-2.x.jar"/>
    <property name="java.vm.specification.version" value="1.8"/>
    <property name="sun.arch.data.model" value="64"/>
    <property name="java.home" value="/usr/lib/jvm/java-8-oracle/jre"/>
    <property name="sun.java.command" value="org.codehaus.plexus.classworlds.launcher.Launcher clean test verify checkstyle:checkstyle"/>
    <property name="java.specification.vendor" value="Oracle Corporation"/>
    <property name="user.language" value="en"/>
    <property name="awt.toolkit" value="sun.awt.X11.XToolkit"/>
    <property name="java.vm.info" value="mixed mode"/>
    <property name="java.version" value="1.8.0_161"/>
    <property name="java.ext.dirs" value="/usr/lib/jvm/java-8-oracle/jre/lib/ext:/usr/java/packages/lib/ext"/>
    <property name="securerandom.source" value="file:/dev/./urandom"/>
    <property name="sun.boot.class.path" value="/usr/lib/jvm/java-8-oracle/jre/lib/resources.jar:/usr/lib/jvm/java-8-oracle/jre/lib/rt.jar:/usr/lib/jvm/java-8-oracle/jre/lib/sunrsasign.jar:/usr/lib/jvm/java-8-oracle/jre/lib/jsse.jar:/usr/lib/jvm/java-8-oracle/jre/lib/jce.jar:/usr/lib/jvm/java-8-oracle/jre/lib/charsets.jar:/usr/lib/jvm/java-8-oracle/jre/lib/jfr.jar:/usr/lib/jvm/java-8-oracle/jre/classes"/>
    <property name="java.vendor" value="Oracle Corporation"/>
    <property name="maven.home" value="/usr/share/maven"/>
    <property name="file.separator" value="/"/>
    <property name="java.vendor.url.bug" value="http://bugreport.sun.com/bugreport/"/>
    <property name="sun.cpu.endian" value="little"/>
    <property name="sun.io.unicode.encoding" value="UnicodeLittle"/>
    <property name="sun.cpu.isalist" value=""/>
  </properties>
  <testcase name="testGetNonExistentPatient" classname="edu.ncsu.csc.itrust2.apitest.APIPatientTest" time="0.15">
    <failure message="Status expected:&lt;404&gt; but was:&lt;200&gt;" type="java.lang.AssertionError"><![CDATA[java.lang.AssertionError: Status expected:<404> but was:<200>
	at edu.ncsu.csc.itrust2.apitest.APIPatientTest.testGetNonExistentPatient(APIPatientTest.java:70)
]]></failure>
    <system-out><![CDATA[03:14:02.413 [main] DEBUG o.s.t.c.j.SpringJUnit4ClassRunner - SpringJUnit4ClassRunner constructor called with [class edu.ncsu.csc.itrust2.apitest.APIPatientTest]
03:14:02.413 [main] DEBUG o.s.test.context.BootstrapUtils - Instantiating CacheAwareContextLoaderDelegate from class [org.springframework.test.context.cache.DefaultCacheAwareContextLoaderDelegate]
03:14:02.413 [main] DEBUG o.s.test.context.BootstrapUtils - Instantiating BootstrapContext using constructor [public org.springframework.test.context.support.DefaultBootstrapContext(java.lang.Class,org.springframework.test.context.CacheAwareContextLoaderDelegate)]
03:14:02.414 [main] DEBUG o.s.test.context.BootstrapUtils - Instantiating TestContextBootstrapper for test class [edu.ncsu.csc.itrust2.apitest.APIPatientTest] from class [org.springframework.test.context.web.WebTestContextBootstrapper]
03:14:02.414 [main] DEBUG o.s.t.c.s.AbstractDelegatingSmartContextLoader - Delegating to AnnotationConfigWebContextLoader to process context configuration [ContextConfigurationAttributes@48e708df declaringClass = 'edu.ncsu.csc.itrust2.apitest.APIPatientTest', classes = '{class edu.ncsu.csc.itrust2.config.RootConfiguration, class edu.ncsu.csc.itrust2.mvc.config.WebMvcConfiguration}', locations = '{}', inheritLocations = true, initializers = '{}', inheritInitializers = true, name = [null], contextLoaderClass = 'org.springframework.test.context.ContextLoader'].
03:14:02.421 [main] DEBUG o.s.t.c.support.ActiveProfilesUtils - Could not find an 'annotation declaring class' for annotation type [org.springframework.test.context.ActiveProfiles] and class [edu.ncsu.csc.itrust2.apitest.APIPatientTest]
03:14:02.421 [main] DEBUG o.s.t.c.w.WebTestContextBootstrapper - @TestExecutionListeners is not present for class [edu.ncsu.csc.itrust2.apitest.APIPatientTest]: using defaults.
03:14:02.424 [main] INFO  o.s.t.c.w.WebTestContextBootstrapper - Loaded default TestExecutionListener class names from location [META-INF/spring.factories]: [org.springframework.security.test.context.support.WithSecurityContextTestExecutionListener, org.springframework.test.context.web.ServletTestExecutionListener, org.springframework.test.context.support.DirtiesContextBeforeModesTestExecutionListener, org.springframework.test.context.support.DependencyInjectionTestExecutionListener, org.springframework.test.context.support.DirtiesContextTestExecutionListener, org.springframework.test.context.transaction.TransactionalTestExecutionListener, org.springframework.test.context.jdbc.SqlScriptsTestExecutionListener]
03:14:02.425 [main] INFO  o.s.t.c.w.WebTestContextBootstrapper - Using TestExecutionListeners: [org.springframework.test.context.web.ServletTestExecutionListener@3d7b61ed, org.springframework.test.context.support.DirtiesContextBeforeModesTestExecutionListener@69dc5c20, org.springframework.test.context.support.DependencyInjectionTestExecutionListener@1a639e3f, org.springframework.test.context.support.DirtiesContextTestExecutionListener@21edfc60, org.springframework.test.context.transaction.TransactionalTestExecutionListener@477f95b9, org.springframework.test.context.jdbc.SqlScriptsTestExecutionListener@4c49fc2a, org.springframework.security.test.context.support.WithSecurityContextTestExecutionListener@4a5d01fa]
03:14:02.425 [main] DEBUG o.s.t.annotation.ProfileValueUtils - Retrieved @ProfileValueSourceConfiguration [null] for test class [edu.ncsu.csc.itrust2.apitest.APIPatientTest]
03:14:02.425 [main] DEBUG o.s.t.annotation.ProfileValueUtils - Retrieved ProfileValueSource type [class org.springframework.test.annotation.SystemProfileValueSource] for class [edu.ncsu.csc.itrust2.apitest.APIPatientTest]
03:14:02.426 [main] DEBUG o.s.t.annotation.ProfileValueUtils - Retrieved @ProfileValueSourceConfiguration [null] for test class [edu.ncsu.csc.itrust2.apitest.APIPatientTest]
03:14:02.426 [main] DEBUG o.s.t.annotation.ProfileValueUtils - Retrieved ProfileValueSource type [class org.springframework.test.annotation.SystemProfileValueSource] for class [edu.ncsu.csc.itrust2.apitest.APIPatientTest]
03:14:02.426 [main] DEBUG o.s.t.annotation.ProfileValueUtils - Retrieved @ProfileValueSourceConfiguration [null] for test class [edu.ncsu.csc.itrust2.apitest.APIPatientTest]
03:14:02.427 [main] DEBUG o.s.t.annotation.ProfileValueUtils - Retrieved ProfileValueSource type [class org.springframework.test.annotation.SystemProfileValueSource] for class [edu.ncsu.csc.itrust2.apitest.APIPatientTest]
03:14:02.427 [main] DEBUG o.s.t.c.s.AbstractDirtiesContextTestExecutionListener - Before test class: context [DefaultTestContext@49dea2d testClass = APIPatientTest, testInstance = [null], testMethod = [null], testException = [null], mergedContextConfiguration = [WebMergedContextConfiguration@3ff4655a testClass = APIPatientTest, locations = '{}', classes = '{class edu.ncsu.csc.itrust2.config.RootConfiguration, class edu.ncsu.csc.itrust2.mvc.config.WebMvcConfiguration}', contextInitializerClasses = '[]', activeProfiles = '{}', propertySourceLocations = '{}', propertySourceProperties = '{}', contextCustomizers = set[[empty]], resourceBasePath = 'src/main/webapp', contextLoader = 'org.springframework.test.context.web.WebDelegatingSmartContextLoader', parent = [null]]], class annotated with @DirtiesContext [false] with mode [null].
03:14:02.427 [main] DEBUG o.s.t.annotation.ProfileValueUtils - Retrieved @ProfileValueSourceConfiguration [null] for test class [edu.ncsu.csc.itrust2.apitest.APIPatientTest]
03:14:02.427 [main] DEBUG o.s.t.annotation.ProfileValueUtils - Retrieved ProfileValueSource type [class org.springframework.test.annotation.SystemProfileValueSource] for class [edu.ncsu.csc.itrust2.apitest.APIPatientTest]
03:14:02.428 [main] DEBUG o.s.t.c.c.DefaultCacheAwareContextLoaderDelegate - Retrieved ApplicationContext from cache with key [[WebMergedContextConfiguration@3ff4655a testClass = APIPatientTest, locations = '{}', classes = '{class edu.ncsu.csc.itrust2.config.RootConfiguration, class edu.ncsu.csc.itrust2.mvc.config.WebMvcConfiguration}', contextInitializerClasses = '[]', activeProfiles = '{}', propertySourceLocations = '{}', propertySourceProperties = '{}', contextCustomizers = set[[empty]], resourceBasePath = 'src/main/webapp', contextLoader = 'org.springframework.test.context.web.WebDelegatingSmartContextLoader', parent = [null]]]
03:14:02.428 [main] DEBUG o.springframework.test.context.cache - Spring test ApplicationContext cache statistics: [DefaultContextCache@42bfc11f size = 1, maxSize = 32, parentContextCount = 0, hitCount = 11, missCount = 1]
03:14:02.428 [main] DEBUG o.s.t.c.w.ServletTestExecutionListener - Setting up MockHttpServletRequest, MockHttpServletResponse, ServletWebRequest, and RequestContextHolder for test context [DefaultTestContext@49dea2d testClass = APIPatientTest, testInstance = edu.ncsu.csc.itrust2.apitest.APIPatientTest@3c5f7622, testMethod = [null], testException = [null], mergedContextConfiguration = [WebMergedContextConfiguration@3ff4655a testClass = APIPatientTest, locations = '{}', classes = '{class edu.ncsu.csc.itrust2.config.RootConfiguration, class edu.ncsu.csc.itrust2.mvc.config.WebMvcConfiguration}', contextInitializerClasses = '[]', activeProfiles = '{}', propertySourceLocations = '{}', propertySourceProperties = '{}', contextCustomizers = set[[empty]], resourceBasePath = 'src/main/webapp', contextLoader = 'org.springframework.test.context.web.WebDelegatingSmartContextLoader', parent = [null]]].
03:14:02.429 [main] DEBUG o.s.t.c.s.DependencyInjectionTestExecutionListener - Performing dependency injection for test context [[DefaultTestContext@49dea2d testClass = APIPatientTest, testInstance = edu.ncsu.csc.itrust2.apitest.APIPatientTest@3c5f7622, testMethod = [null], testException = [null], mergedContextConfiguration = [WebMergedContextConfiguration@3ff4655a testClass = APIPatientTest, locations = '{}', classes = '{class edu.ncsu.csc.itrust2.config.RootConfiguration, class edu.ncsu.csc.itrust2.mvc.config.WebMvcConfiguration}', contextInitializerClasses = '[]', activeProfiles = '{}', propertySourceLocations = '{}', propertySourceProperties = '{}', contextCustomizers = set[[empty]], resourceBasePath = 'src/main/webapp', contextLoader = 'org.springframework.test.context.web.WebDelegatingSmartContextLoader', parent = [null]]]].
03:14:02.429 [main] DEBUG o.s.t.c.c.DefaultCacheAwareContextLoaderDelegate - Retrieved ApplicationContext from cache with key [[WebMergedContextConfiguration@3ff4655a testClass = APIPatientTest, locations = '{}', classes = '{class edu.ncsu.csc.itrust2.config.RootConfiguration, class edu.ncsu.csc.itrust2.mvc.config.WebMvcConfiguration}', contextInitializerClasses = '[]', activeProfiles = '{}', propertySourceLocations = '{}', propertySourceProperties = '{}', contextCustomizers = set[[empty]], resourceBasePath = 'src/main/webapp', contextLoader = 'org.springframework.test.context.web.WebDelegatingSmartContextLoader', parent = [null]]]
03:14:02.429 [main] DEBUG o.springframework.test.context.cache - Spring test ApplicationContext cache statistics: [DefaultContextCache@42bfc11f size = 1, maxSize = 32, parentContextCount = 0, hitCount = 12, missCount = 1]
03:14:02.443 [main] DEBUG o.s.b.f.annotation.InjectionMetadata - Processing injected element of bean 'edu.ncsu.csc.itrust2.apitest.APIPatientTest': AutowiredFieldElement for private org.springframework.web.context.WebApplicationContext edu.ncsu.csc.itrust2.apitest.APIPatientTest.context
03:14:02.443 [main] DEBUG o.s.b.f.a.AutowiredAnnotationBeanPostProcessor - Autowiring by type from bean name 'edu.ncsu.csc.itrust2.apitest.APIPatientTest' to bean named 'org.springframework.web.context.support.GenericWebApplicationContext@599e4d41'
03:14:02.444 [main] DEBUG o.s.b.f.s.DefaultListableBeanFactory - Returning cached instance of singleton bean 'metaDataSourceAdvisor'
03:14:02.446 [main] DEBUG o.s.t.c.s.AbstractDirtiesContextTestExecutionListener - Before test method: context [DefaultTestContext@49dea2d testClass = APIPatientTest, testInstance = edu.ncsu.csc.itrust2.apitest.APIPatientTest@3c5f7622, testMethod = testGetNonExistentPatient@APIPatientTest, testException = [null], mergedContextConfiguration = [WebMergedContextConfiguration@3ff4655a testClass = APIPatientTest, locations = '{}', classes = '{class edu.ncsu.csc.itrust2.config.RootConfiguration, class edu.ncsu.csc.itrust2.mvc.config.WebMvcConfiguration}', contextInitializerClasses = '[]', activeProfiles = '{}', propertySourceLocations = '{}', propertySourceProperties = '{}', contextCustomizers = set[[empty]], resourceBasePath = 'src/main/webapp', contextLoader = 'org.springframework.test.context.web.WebDelegatingSmartContextLoader', parent = [null]]], class annotated with @DirtiesContext [false] with mode [null], method annotated with @DirtiesContext [false] with mode [null].
03:14:02.449 [main] DEBUG o.s.t.w.s.TestDispatcherServlet - Initializing servlet ''
03:14:02.449 [main] DEBUG o.s.w.c.s.StandardServletEnvironment - Adding [servletConfigInitParams] PropertySource with lowest search precedence
03:14:02.449 [main] DEBUG o.s.w.c.s.StandardServletEnvironment - Adding [servletContextInitParams] PropertySource with lowest search precedence
03:14:02.450 [main] DEBUG o.s.w.c.s.StandardServletEnvironment - Adding [systemProperties] PropertySource with lowest search precedence
03:14:02.450 [main] DEBUG o.s.w.c.s.StandardServletEnvironment - Adding [systemEnvironment] PropertySource with lowest search precedence
03:14:02.450 [main] DEBUG o.s.w.c.s.StandardServletEnvironment - Initialized StandardServletEnvironment with PropertySources [servletConfigInitParams,servletContextInitParams,systemProperties,systemEnvironment]
03:14:02.450 [main] INFO  o.s.mock.web.MockServletContext - Initializing Spring FrameworkServlet ''
03:14:02.450 [main] INFO  o.s.t.w.s.TestDispatcherServlet - FrameworkServlet '': initialization started
03:14:02.455 [main] DEBUG o.s.t.w.s.TestDispatcherServlet - Unable to locate MultipartResolver with name 'multipartResolver': no multipart request handling provided
03:14:02.456 [main] DEBUG o.s.b.f.s.DefaultListableBeanFactory - Creating instance of bean 'org.springframework.web.servlet.i18n.AcceptHeaderLocaleResolver'
03:14:02.456 [main] DEBUG o.s.b.f.s.DefaultListableBeanFactory - Finished creating instance of bean 'org.springframework.web.servlet.i18n.AcceptHeaderLocaleResolver'
03:14:02.456 [main] DEBUG o.s.t.w.s.TestDispatcherServlet - Unable to locate LocaleResolver with name 'localeResolver': using default [org.springframework.web.servlet.i18n.AcceptHeaderLocaleResolver@7508bfe8]
03:14:02.457 [main] DEBUG o.s.b.f.s.DefaultListableBeanFactory - Creating instance of bean 'org.springframework.web.servlet.theme.FixedThemeResolver'
03:14:02.457 [main] DEBUG o.s.b.f.s.DefaultListableBeanFactory - Finished creating instance of bean 'org.springframework.web.servlet.theme.FixedThemeResolver'
03:14:02.457 [main] DEBUG o.s.t.w.s.TestDispatcherServlet - Unable to locate ThemeResolver with name 'themeResolver': using default [org.springframework.web.servlet.theme.FixedThemeResolver@69cadaa6]
03:14:02.458 [main] DEBUG o.s.b.f.s.DefaultListableBeanFactory - Returning cached instance of singleton bean 'viewControllerHandlerMapping'
03:14:02.458 [main] DEBUG o.s.b.f.s.DefaultListableBeanFactory - Returning cached instance of singleton bean 'beanNameHandlerMapping'
03:14:02.458 [main] DEBUG o.s.b.f.s.DefaultListableBeanFactory - Returning cached instance of singleton bean 'resourceHandlerMapping'
03:14:02.458 [main] DEBUG o.s.b.f.s.DefaultListableBeanFactory - Returning cached instance of singleton bean 'defaultServletHandlerMapping'
03:14:02.458 [main] DEBUG o.s.b.f.s.DefaultListableBeanFactory - Returning cached instance of singleton bean 'requestMappingHandlerMapping'
03:14:02.459 [main] DEBUG o.s.b.f.s.DefaultListableBeanFactory - Returning cached instance of singleton bean 'requestMappingHandlerAdapter'
03:14:02.459 [main] DEBUG o.s.b.f.s.DefaultListableBeanFactory - Returning cached instance of singleton bean 'httpRequestHandlerAdapter'
03:14:02.459 [main] DEBUG o.s.b.f.s.DefaultListableBeanFactory - Returning cached instance of singleton bean 'simpleControllerHandlerAdapter'
03:14:02.459 [main] DEBUG o.s.b.f.s.DefaultListableBeanFactory - Returning cached instance of singleton bean 'handlerExceptionResolver'
03:14:02.459 [main] DEBUG o.s.b.f.s.DefaultListableBeanFactory - Creating instance of bean 'org.springframework.web.servlet.view.DefaultRequestToViewNameTranslator'
03:14:02.460 [main] DEBUG o.s.b.f.s.DefaultListableBeanFactory - Finished creating instance of bean 'org.springframework.web.servlet.view.DefaultRequestToViewNameTranslator'
03:14:02.460 [main] DEBUG o.s.t.w.s.TestDispatcherServlet - Unable to locate RequestToViewNameTranslator with name 'viewNameTranslator': using default [org.springframework.web.servlet.view.DefaultRequestToViewNameTranslator@2e635fdb]
03:14:02.460 [main] DEBUG o.s.b.f.s.DefaultListableBeanFactory - Returning cached instance of singleton bean 'mvcViewResolver'
03:14:02.461 [main] DEBUG o.s.b.f.s.DefaultListableBeanFactory - Returning cached instance of singleton bean 'viewResolver'
03:14:02.461 [main] DEBUG o.s.b.f.s.DefaultListableBeanFactory - Creating instance of bean 'org.springframework.web.servlet.support.SessionFlashMapManager'
03:14:02.462 [main] DEBUG o.s.b.f.s.DefaultListableBeanFactory - Finished creating instance of bean 'org.springframework.web.servlet.support.SessionFlashMapManager'
03:14:02.462 [main] DEBUG o.s.t.w.s.TestDispatcherServlet - Unable to locate FlashMapManager with name 'flashMapManager': using default [org.springframework.web.servlet.support.SessionFlashMapManager@4fb99367]
03:14:02.462 [main] DEBUG o.s.t.w.s.TestDispatcherServlet - Published WebApplicationContext of servlet '' as ServletContext attribute with name [org.springframework.web.servlet.FrameworkServlet.CONTEXT.]
03:14:02.462 [main] INFO  o.s.t.w.s.TestDispatcherServlet - FrameworkServlet '': initialization completed in 12 ms
03:14:02.462 [main] DEBUG o.s.t.w.s.TestDispatcherServlet - Servlet '' configured successfully
03:14:02.462 [main] DEBUG o.s.t.w.s.TestDispatcherServlet - DispatcherServlet with name '' processing GET request for [/api/v1/patients/-1]
03:14:02.464 [main] DEBUG o.s.w.s.m.m.a.RequestMappingHandlerMapping - Looking up handler method for path /api/v1/patients/-1
03:14:02.466 [main] DEBUG o.s.w.s.m.m.a.RequestMappingHandlerMapping - Returning handler method [public org.springframework.http.ResponseEntity edu.ncsu.csc.itrust2.controllers.api.APIPatientController.getPatient(java.lang.String)]
03:14:02.467 [main] DEBUG o.s.b.f.s.DefaultListableBeanFactory - Returning cached instance of singleton bean 'APIPatientController'
03:14:02.467 [main] DEBUG o.s.t.w.s.TestDispatcherServlet - Last-Modified value for [/api/v1/patients/-1] is: -1
03:14:02.534 [main] DEBUG o.h.e.t.internal.TransactionImpl - begin
03:14:02.541 [main] DEBUG org.hibernate.SQL - select this_.username as username1_15_0_, this_.enabled as enabled2_15_0_, this_.password as password3_15_0_, this_.role as role4_15_0_ from Users this_ where this_.username=? and this_.role=?
Hibernate: select this_.username as username1_15_0_, this_.enabled as enabled2_15_0_, this_.password as password3_15_0_, this_.role as role4_15_0_ from Users this_ where this_.username=? and this_.role=?
03:14:02.545 [main] DEBUG o.h.e.t.internal.TransactionImpl - committing
03:14:02.547 [main] DEBUG o.h.e.t.internal.TransactionImpl - begin
03:14:02.551 [main] DEBUG org.hibernate.SQL - select this_.self_id as self_id18_12_2_, this_.address1 as address1_12_2_, this_.address2 as address2_12_2_, this_.bloodType as bloodTyp3_12_2_, this_.causeOfDeath as causeOfD4_12_2_, this_.city as city5_12_2_, this_.dateOfBirth as dateOfBi6_12_2_, this_.dateOfDeath as dateOfDe7_12_2_, this_.email as email8_12_2_, this_.ethnicity as ethnicit9_12_2_, this_.father_id as father_19_12_2_, this_.firstName as firstNa10_12_2_, this_.gender as gender11_12_2_, this_.id as id12_12_2_, this_.lastName as lastNam13_12_2_, this_.mother_id as mother_20_12_2_, this_.phone as phone14_12_2_, this_.preferredName as preferr15_12_2_, this_.state as state16_12_2_, this_.zip as zip17_12_2_, user2_.username as username1_15_0_, user2_.enabled as enabled2_15_0_, user2_.password as password3_15_0_, user2_.role as role4_15_0_, user3_.username as username1_15_1_, user3_.enabled as enabled2_15_1_, user3_.password as password3_15_1_, user3_.role as role4_15_1_ from Patients this_ left outer join Users user2_ on this_.father_id=user2_.username left outer join Users user3_ on this_.mother_id=user3_.username where this_.self_id=?
Hibernate: select this_.self_id as self_id18_12_2_, this_.address1 as address1_12_2_, this_.address2 as address2_12_2_, this_.bloodType as bloodTyp3_12_2_, this_.causeOfDeath as causeOfD4_12_2_, this_.city as city5_12_2_, this_.dateOfBirth as dateOfBi6_12_2_, this_.dateOfDeath as dateOfDe7_12_2_, this_.email as email8_12_2_, this_.ethnicity as ethnicit9_12_2_, this_.father_id as father_19_12_2_, this_.firstName as firstNa10_12_2_, this_.gender as gender11_12_2_, this_.id as id12_12_2_, this_.lastName as lastNam13_12_2_, this_.mother_id as mother_20_12_2_, this_.phone as phone14_12_2_, this_.preferredName as preferr15_12_2_, this_.state as state16_12_2_, this_.zip as zip17_12_2_, user2_.username as username1_15_0_, user2_.enabled as enabled2_15_0_, user2_.password as password3_15_0_, user2_.role as role4_15_0_, user3_.username as username1_15_1_, user3_.enabled as enabled2_15_1_, user3_.password as password3_15_1_, user3_.role as role4_15_1_ from Patients this_ left outer join Users user2_ on this_.father_id=user2_.username left outer join Users user3_ on this_.mother_id=user3_.username where this_.self_id=?
03:14:02.558 [main] DEBUG o.h.e.t.internal.TransactionImpl - committing
03:14:02.560 [main] DEBUG o.h.e.t.internal.TransactionImpl - begin
03:14:02.563 [main] DEBUG org.hibernate.SQL - select next_val as id_val from hibernate_sequence for update
Hibernate: select next_val as id_val from hibernate_sequence for update
03:14:02.565 [main] DEBUG org.hibernate.SQL - update hibernate_sequence set next_val= ? where next_val=?
Hibernate: update hibernate_sequence set next_val= ? where next_val=?
03:14:02.570 [main] DEBUG o.h.e.i.AbstractSaveEventListener - Generated identifier: 15, using strategy: org.hibernate.id.enhanced.SequenceStyleGenerator
03:14:02.570 [main] DEBUG o.h.e.t.internal.TransactionImpl - committing
03:14:02.572 [main] DEBUG o.h.e.i.AbstractFlushingEventListener - Processing flush-time cascades
03:14:02.572 [main] DEBUG o.h.e.i.AbstractFlushingEventListener - Dirty checking collections
03:14:02.573 [main] DEBUG o.h.e.i.AbstractFlushingEventListener - Flushed: 1 insertions, 0 updates, 0 deletions to 1 objects
03:14:02.573 [main] DEBUG o.h.e.i.AbstractFlushingEventListener - Flushed: 0 (re)creations, 0 updates, 0 removals to 0 collections
03:14:02.574 [main] DEBUG o.h.internal.util.EntityPrinter - Listing entities:
03:14:02.574 [main] DEBUG o.h.internal.util.EntityPrinter - edu.ncsu.csc.itrust2.models.persistent.LogEntry{secondaryUser=-1, logCode=53, primaryUser=SPRING_API_TEST_USER, id=15, time=java.util.GregorianCalendar[time=1521602042559,areFieldsSet=true,areAllFieldsSet=true,lenient=true,zone=sun.util.calendar.ZoneInfo[id="Etc/UTC",offset=0,dstSavings=0,useDaylight=false,transitions=0,lastRule=null],firstDayOfWeek=1,minimalDaysInFirstWeek=1,ERA=1,YEAR=2018,MONTH=2,WEEK_OF_YEAR=12,WEEK_OF_MONTH=4,DAY_OF_MONTH=21,DAY_OF_YEAR=80,DAY_OF_WEEK=4,DAY_OF_WEEK_IN_MONTH=3,AM_PM=0,HOUR=3,HOUR_OF_DAY=3,MINUTE=14,SECOND=2,MILLISECOND=559,ZONE_OFFSET=0,DST_OFFSET=0], message=wojxMjPqUX-1}
03:14:02.577 [main] DEBUG org.hibernate.SQL - insert into LogEntries (logCode, message, primaryUser, secondaryUser, time, id) values (?, ?, ?, ?, ?, ?)
Hibernate: insert into LogEntries (logCode, message, primaryUser, secondaryUser, time, id) values (?, ?, ?, ?, ?, ?)
03:14:02.584 [main] DEBUG o.h.e.j.internal.JdbcCoordinatorImpl - HHH000420: Closing un-released batch
03:14:02.586 [main] DEBUG o.s.t.w.s.TestDispatcherServlet - Null ModelAndView returned to DispatcherServlet with name '': assuming HandlerAdapter completed request handling
03:14:02.589 [main] DEBUG o.s.t.w.s.TestDispatcherServlet - Successfully completed request
03:14:02.594 [main] DEBUG o.s.t.c.s.AbstractDirtiesContextTestExecutionListener - After test method: context [DefaultTestContext@49dea2d testClass = APIPatientTest, testInstance = edu.ncsu.csc.itrust2.apitest.APIPatientTest@3c5f7622, testMethod = testGetNonExistentPatient@APIPatientTest, testException = java.lang.AssertionError: Status expected:<404> but was:<200>, mergedContextConfiguration = [WebMergedContextConfiguration@3ff4655a testClass = APIPatientTest, locations = '{}', classes = '{class edu.ncsu.csc.itrust2.config.RootConfiguration, class edu.ncsu.csc.itrust2.mvc.config.WebMvcConfiguration}', contextInitializerClasses = '[]', activeProfiles = '{}', propertySourceLocations = '{}', propertySourceProperties = '{}', contextCustomizers = set[[empty]], resourceBasePath = 'src/main/webapp', contextLoader = 'org.springframework.test.context.web.WebDelegatingSmartContextLoader', parent = [null]]], class annotated with @DirtiesContext [false] with mode [null], method annotated with @DirtiesContext [false] with mode [null].
03:14:02.594 [main] DEBUG o.s.t.c.w.ServletTestExecutionListener - Resetting RequestContextHolder for test context [DefaultTestContext@49dea2d testClass = APIPatientTest, testInstance = edu.ncsu.csc.itrust2.apitest.APIPatientTest@3c5f7622, testMethod = testGetNonExistentPatient@APIPatientTest, testException = java.lang.AssertionError: Status expected:<404> but was:<200>, mergedContextConfiguration = [WebMergedContextConfiguration@3ff4655a testClass = APIPatientTest, locations = '{}', classes = '{class edu.ncsu.csc.itrust2.config.RootConfiguration, class edu.ncsu.csc.itrust2.mvc.config.WebMvcConfiguration}', contextInitializerClasses = '[]', activeProfiles = '{}', propertySourceLocations = '{}', propertySourceProperties = '{}', contextCustomizers = set[[empty]], resourceBasePath = 'src/main/webapp', contextLoader = 'org.springframework.test.context.web.WebDelegatingSmartContextLoader', parent = [null]]].
]]></system-out>
  </testcase>
  <testcase name="testPatientAPI" classname="edu.ncsu.csc.itrust2.apitest.APIPatientTest" time="0.743">
    <failure message="Status expected:&lt;404&gt; but was:&lt;200&gt;" type="java.lang.AssertionError"><![CDATA[java.lang.AssertionError: Status expected:<404> but was:<200>
	at edu.ncsu.csc.itrust2.apitest.APIPatientTest.testPatientAPI(APIPatientTest.java:106)
]]></failure>
    <system-out><![CDATA[03:14:02.598 [main] DEBUG o.s.t.annotation.ProfileValueUtils - Retrieved @ProfileValueSourceConfiguration [null] for test class [edu.ncsu.csc.itrust2.apitest.APIPatientTest]
03:14:02.598 [main] DEBUG o.s.t.annotation.ProfileValueUtils - Retrieved ProfileValueSource type [class org.springframework.test.annotation.SystemProfileValueSource] for class [edu.ncsu.csc.itrust2.apitest.APIPatientTest]
03:14:02.598 [main] DEBUG o.s.t.c.c.DefaultCacheAwareContextLoaderDelegate - Retrieved ApplicationContext from cache with key [[WebMergedContextConfiguration@3ff4655a testClass = APIPatientTest, locations = '{}', classes = '{class edu.ncsu.csc.itrust2.config.RootConfiguration, class edu.ncsu.csc.itrust2.mvc.config.WebMvcConfiguration}', contextInitializerClasses = '[]', activeProfiles = '{}', propertySourceLocations = '{}', propertySourceProperties = '{}', contextCustomizers = set[[empty]], resourceBasePath = 'src/main/webapp', contextLoader = 'org.springframework.test.context.web.WebDelegatingSmartContextLoader', parent = [null]]]
03:14:02.598 [main] DEBUG o.springframework.test.context.cache - Spring test ApplicationContext cache statistics: [DefaultContextCache@42bfc11f size = 1, maxSize = 32, parentContextCount = 0, hitCount = 13, missCount = 1]
03:14:02.599 [main] DEBUG o.s.t.c.w.ServletTestExecutionListener - Setting up MockHttpServletRequest, MockHttpServletResponse, ServletWebRequest, and RequestContextHolder for test context [DefaultTestContext@49dea2d testClass = APIPatientTest, testInstance = edu.ncsu.csc.itrust2.apitest.APIPatientTest@471c315f, testMethod = [null], testException = [null], mergedContextConfiguration = [WebMergedContextConfiguration@3ff4655a testClass = APIPatientTest, locations = '{}', classes = '{class edu.ncsu.csc.itrust2.config.RootConfiguration, class edu.ncsu.csc.itrust2.mvc.config.WebMvcConfiguration}', contextInitializerClasses = '[]', activeProfiles = '{}', propertySourceLocations = '{}', propertySourceProperties = '{}', contextCustomizers = set[[empty]], resourceBasePath = 'src/main/webapp', contextLoader = 'org.springframework.test.context.web.WebDelegatingSmartContextLoader', parent = [null]]].
03:14:02.599 [main] DEBUG o.s.t.c.s.DependencyInjectionTestExecutionListener - Performing dependency injection for test context [[DefaultTestContext@49dea2d testClass = APIPatientTest, testInstance = edu.ncsu.csc.itrust2.apitest.APIPatientTest@471c315f, testMethod = [null], testException = [null], mergedContextConfiguration = [WebMergedContextConfiguration@3ff4655a testClass = APIPatientTest, locations = '{}', classes = '{class edu.ncsu.csc.itrust2.config.RootConfiguration, class edu.ncsu.csc.itrust2.mvc.config.WebMvcConfiguration}', contextInitializerClasses = '[]', activeProfiles = '{}', propertySourceLocations = '{}', propertySourceProperties = '{}', contextCustomizers = set[[empty]], resourceBasePath = 'src/main/webapp', contextLoader = 'org.springframework.test.context.web.WebDelegatingSmartContextLoader', parent = [null]]]].
03:14:02.599 [main] DEBUG o.s.t.c.c.DefaultCacheAwareContextLoaderDelegate - Retrieved ApplicationContext from cache with key [[WebMergedContextConfiguration@3ff4655a testClass = APIPatientTest, locations = '{}', classes = '{class edu.ncsu.csc.itrust2.config.RootConfiguration, class edu.ncsu.csc.itrust2.mvc.config.WebMvcConfiguration}', contextInitializerClasses = '[]', activeProfiles = '{}', propertySourceLocations = '{}', propertySourceProperties = '{}', contextCustomizers = set[[empty]], resourceBasePath = 'src/main/webapp', contextLoader = 'org.springframework.test.context.web.WebDelegatingSmartContextLoader', parent = [null]]]
03:14:02.599 [main] DEBUG o.springframework.test.context.cache - Spring test ApplicationContext cache statistics: [DefaultContextCache@42bfc11f size = 1, maxSize = 32, parentContextCount = 0, hitCount = 14, missCount = 1]
03:14:02.600 [main] DEBUG o.s.b.f.annotation.InjectionMetadata - Processing injected element of bean 'edu.ncsu.csc.itrust2.apitest.APIPatientTest': AutowiredFieldElement for private org.springframework.web.context.WebApplicationContext edu.ncsu.csc.itrust2.apitest.APIPatientTest.context
03:14:02.602 [main] DEBUG o.s.t.c.s.AbstractDirtiesContextTestExecutionListener - Before test method: context [DefaultTestContext@49dea2d testClass = APIPatientTest, testInstance = edu.ncsu.csc.itrust2.apitest.APIPatientTest@471c315f, testMethod = testPatientAPI@APIPatientTest, testException = [null], mergedContextConfiguration = [WebMergedContextConfiguration@3ff4655a testClass = APIPatientTest, locations = '{}', classes = '{class edu.ncsu.csc.itrust2.config.RootConfiguration, class edu.ncsu.csc.itrust2.mvc.config.WebMvcConfiguration}', contextInitializerClasses = '[]', activeProfiles = '{}', propertySourceLocations = '{}', propertySourceProperties = '{}', contextCustomizers = set[[empty]], resourceBasePath = 'src/main/webapp', contextLoader = 'org.springframework.test.context.web.WebDelegatingSmartContextLoader', parent = [null]]], class annotated with @DirtiesContext [false] with mode [null], method annotated with @DirtiesContext [false] with mode [null].
03:14:02.604 [main] DEBUG o.s.t.c.c.DefaultCacheAwareContextLoaderDelegate - Retrieved ApplicationContext from cache with key [[WebMergedContextConfiguration@3ff4655a testClass = APIPatientTest, locations = '{}', classes = '{class edu.ncsu.csc.itrust2.config.RootConfiguration, class edu.ncsu.csc.itrust2.mvc.config.WebMvcConfiguration}', contextInitializerClasses = '[]', activeProfiles = '{}', propertySourceLocations = '{}', propertySourceProperties = '{}', contextCustomizers = set[[empty]], resourceBasePath = 'src/main/webapp', contextLoader = 'org.springframework.test.context.web.WebDelegatingSmartContextLoader', parent = [null]]]
03:14:02.604 [main] DEBUG o.springframework.test.context.cache - Spring test ApplicationContext cache statistics: [DefaultContextCache@42bfc11f size = 1, maxSize = 32, parentContextCount = 0, hitCount = 15, missCount = 1]
03:14:02.605 [main] DEBUG o.s.b.f.s.DefaultListableBeanFactory - Creating instance of bean 'org.springframework.security.test.context.support.WithMockUserSecurityContextFactory'
03:14:02.606 [main] DEBUG o.s.b.f.s.DefaultListableBeanFactory - Finished creating instance of bean 'org.springframework.security.test.context.support.WithMockUserSecurityContextFactory'
03:14:02.608 [main] DEBUG o.s.t.w.s.TestDispatcherServlet - Initializing servlet ''
03:14:02.608 [main] DEBUG o.s.w.c.s.StandardServletEnvironment - Adding [servletConfigInitParams] PropertySource with lowest search precedence
03:14:02.608 [main] DEBUG o.s.w.c.s.StandardServletEnvironment - Adding [servletContextInitParams] PropertySource with lowest search precedence
03:14:02.609 [main] DEBUG o.s.w.c.s.StandardServletEnvironment - Adding [systemProperties] PropertySource with lowest search precedence
03:14:02.609 [main] DEBUG o.s.w.c.s.StandardServletEnvironment - Adding [systemEnvironment] PropertySource with lowest search precedence
03:14:02.609 [main] DEBUG o.s.w.c.s.StandardServletEnvironment - Initialized StandardServletEnvironment with PropertySources [servletConfigInitParams,servletContextInitParams,systemProperties,systemEnvironment]
03:14:02.609 [main] INFO  o.s.mock.web.MockServletContext - Initializing Spring FrameworkServlet ''
03:14:02.610 [main] INFO  o.s.t.w.s.TestDispatcherServlet - FrameworkServlet '': initialization started
03:14:02.610 [main] DEBUG o.s.t.w.s.TestDispatcherServlet - Unable to locate MultipartResolver with name 'multipartResolver': no multipart request handling provided
03:14:02.610 [main] DEBUG o.s.b.f.s.DefaultListableBeanFactory - Creating instance of bean 'org.springframework.web.servlet.i18n.AcceptHeaderLocaleResolver'
03:14:02.611 [main] DEBUG o.s.b.f.s.DefaultListableBeanFactory - Finished creating instance of bean 'org.springframework.web.servlet.i18n.AcceptHeaderLocaleResolver'
03:14:02.611 [main] DEBUG o.s.t.w.s.TestDispatcherServlet - Unable to locate LocaleResolver with name 'localeResolver': using default [org.springframework.web.servlet.i18n.AcceptHeaderLocaleResolver@4b84f4f2]
03:14:02.612 [main] DEBUG o.s.b.f.s.DefaultListableBeanFactory - Creating instance of bean 'org.springframework.web.servlet.theme.FixedThemeResolver'
03:14:02.612 [main] DEBUG o.s.b.f.s.DefaultListableBeanFactory - Finished creating instance of bean 'org.springframework.web.servlet.theme.FixedThemeResolver'
03:14:02.613 [main] DEBUG o.s.t.w.s.TestDispatcherServlet - Unable to locate ThemeResolver with name 'themeResolver': using default [org.springframework.web.servlet.theme.FixedThemeResolver@6502990a]
03:14:02.613 [main] DEBUG o.s.b.f.s.DefaultListableBeanFactory - Returning cached instance of singleton bean 'viewControllerHandlerMapping'
03:14:02.614 [main] DEBUG o.s.b.f.s.DefaultListableBeanFactory - Returning cached instance of singleton bean 'beanNameHandlerMapping'
03:14:02.614 [main] DEBUG o.s.b.f.s.DefaultListableBeanFactory - Returning cached instance of singleton bean 'resourceHandlerMapping'
03:14:02.614 [main] DEBUG o.s.b.f.s.DefaultListableBeanFactory - Returning cached instance of singleton bean 'defaultServletHandlerMapping'
03:14:02.614 [main] DEBUG o.s.b.f.s.DefaultListableBeanFactory - Returning cached instance of singleton bean 'requestMappingHandlerMapping'
03:14:02.615 [main] DEBUG o.s.b.f.s.DefaultListableBeanFactory - Returning cached instance of singleton bean 'requestMappingHandlerAdapter'
03:14:02.616 [main] DEBUG o.s.b.f.s.DefaultListableBeanFactory - Returning cached instance of singleton bean 'httpRequestHandlerAdapter'
03:14:02.616 [main] DEBUG o.s.b.f.s.DefaultListableBeanFactory - Returning cached instance of singleton bean 'simpleControllerHandlerAdapter'
03:14:02.616 [main] DEBUG o.s.b.f.s.DefaultListableBeanFactory - Returning cached instance of singleton bean 'handlerExceptionResolver'
03:14:02.617 [main] DEBUG o.s.b.f.s.DefaultListableBeanFactory - Creating instance of bean 'org.springframework.web.servlet.view.DefaultRequestToViewNameTranslator'
03:14:02.618 [main] DEBUG o.s.b.f.s.DefaultListableBeanFactory - Finished creating instance of bean 'org.springframework.web.servlet.view.DefaultRequestToViewNameTranslator'
03:14:02.618 [main] DEBUG o.s.t.w.s.TestDispatcherServlet - Unable to locate RequestToViewNameTranslator with name 'viewNameTranslator': using default [org.springframework.web.servlet.view.DefaultRequestToViewNameTranslator@4332da3c]
03:14:02.618 [main] DEBUG o.s.b.f.s.DefaultListableBeanFactory - Returning cached instance of singleton bean 'mvcViewResolver'
03:14:02.618 [main] DEBUG o.s.b.f.s.DefaultListableBeanFactory - Returning cached instance of singleton bean 'viewResolver'
03:14:02.619 [main] DEBUG o.s.b.f.s.DefaultListableBeanFactory - Creating instance of bean 'org.springframework.web.servlet.support.SessionFlashMapManager'
03:14:02.620 [main] DEBUG o.s.b.f.s.DefaultListableBeanFactory - Finished creating instance of bean 'org.springframework.web.servlet.support.SessionFlashMapManager'
03:14:02.621 [main] DEBUG o.s.t.w.s.TestDispatcherServlet - Unable to locate FlashMapManager with name 'flashMapManager': using default [org.springframework.web.servlet.support.SessionFlashMapManager@363fcda2]
03:14:02.621 [main] DEBUG o.s.t.w.s.TestDispatcherServlet - Published WebApplicationContext of servlet '' as ServletContext attribute with name [org.springframework.web.servlet.FrameworkServlet.CONTEXT.]
03:14:02.621 [main] INFO  o.s.t.w.s.TestDispatcherServlet - FrameworkServlet '': initialization completed in 11 ms
03:14:02.621 [main] DEBUG o.s.t.w.s.TestDispatcherServlet - Servlet '' configured successfully
03:14:02.622 [main] DEBUG o.h.e.t.internal.TransactionImpl - begin
03:14:02.624 [main] DEBUG org.hibernate.SQL - select this_.self_id as self_id18_12_2_, this_.address1 as address1_12_2_, this_.address2 as address2_12_2_, this_.bloodType as bloodTyp3_12_2_, this_.causeOfDeath as causeOfD4_12_2_, this_.city as city5_12_2_, this_.dateOfBirth as dateOfBi6_12_2_, this_.dateOfDeath as dateOfDe7_12_2_, this_.email as email8_12_2_, this_.ethnicity as ethnicit9_12_2_, this_.father_id as father_19_12_2_, this_.firstName as firstNa10_12_2_, this_.gender as gender11_12_2_, this_.id as id12_12_2_, this_.lastName as lastNam13_12_2_, this_.mother_id as mother_20_12_2_, this_.phone as phone14_12_2_, this_.preferredName as preferr15_12_2_, this_.state as state16_12_2_, this_.zip as zip17_12_2_, user2_.username as username1_15_0_, user2_.enabled as enabled2_15_0_, user2_.password as password3_15_0_, user2_.role as role4_15_0_, user3_.username as username1_15_1_, user3_.enabled as enabled2_15_1_, user3_.password as password3_15_1_, user3_.role as role4_15_1_ from Patients this_ left outer join Users user2_ on this_.father_id=user2_.username left outer join Users user3_ on this_.mother_id=user3_.username
Hibernate: select this_.self_id as self_id18_12_2_, this_.address1 as address1_12_2_, this_.address2 as address2_12_2_, this_.bloodType as bloodTyp3_12_2_, this_.causeOfDeath as causeOfD4_12_2_, this_.city as city5_12_2_, this_.dateOfBirth as dateOfBi6_12_2_, this_.dateOfDeath as dateOfDe7_12_2_, this_.email as email8_12_2_, this_.ethnicity as ethnicit9_12_2_, this_.father_id as father_19_12_2_, this_.firstName as firstNa10_12_2_, this_.gender as gender11_12_2_, this_.id as id12_12_2_, this_.lastName as lastNam13_12_2_, this_.mother_id as mother_20_12_2_, this_.phone as phone14_12_2_, this_.preferredName as preferr15_12_2_, this_.state as state16_12_2_, this_.zip as zip17_12_2_, user2_.username as username1_15_0_, user2_.enabled as enabled2_15_0_, user2_.password as password3_15_0_, user2_.role as role4_15_0_, user3_.username as username1_15_1_, user3_.enabled as enabled2_15_1_, user3_.password as password3_15_1_, user3_.role as role4_15_1_ from Patients this_ left outer join Users user2_ on this_.father_id=user2_.username left outer join Users user3_ on this_.mother_id=user3_.username
03:14:02.629 [main] DEBUG org.hibernate.loader.Loader - Result set row: 0
03:14:02.633 [main] DEBUG org.hibernate.SQL - select user0_.username as username1_15_0_, user0_.enabled as enabled2_15_0_, user0_.password as password3_15_0_, user0_.role as role4_15_0_ from Users user0_ where user0_.username=?
Hibernate: select user0_.username as username1_15_0_, user0_.enabled as enabled2_15_0_, user0_.password as password3_15_0_, user0_.role as role4_15_0_ from Users user0_ where user0_.username=?
03:14:02.639 [main] DEBUG o.h.l.p.e.p.i.ResultSetProcessorImpl - Starting ResultSet row #0
03:14:02.657 [main] DEBUG o.h.l.p.e.p.i.EntityReferenceInitializerImpl - On call to EntityIdentifierReaderImpl#resolve, EntityKey was already known; should only happen on root returns with an optional identifier specified
03:14:02.668 [main] DEBUG o.h.engine.internal.TwoPhaseLoad - Resolving associations for [edu.ncsu.csc.itrust2.models.persistent.User#AliceThirteen]
03:14:02.669 [main] DEBUG o.h.engine.internal.TwoPhaseLoad - Done materializing entity [edu.ncsu.csc.itrust2.models.persistent.User#AliceThirteen]
03:14:02.670 [main] DEBUG o.h.r.j.i.ResourceRegistryStandardImpl - HHH000387: ResultSet's statement was not registered
03:14:02.671 [main] DEBUG o.h.l.e.p.AbstractLoadPlanBasedEntityLoader - Done entity load : edu.ncsu.csc.itrust2.models.persistent.User#AliceThirteen
03:14:02.673 [main] DEBUG org.hibernate.loader.Loader - Result row: null, null, EntityKey[edu.ncsu.csc.itrust2.models.persistent.Patient#component[self]{self=edu.ncsu.csc.itrust2.models.persistent.User#AliceThirteen}]
03:14:02.689 [main] DEBUG org.hibernate.loader.Loader - Result set row: 1
03:14:02.690 [main] DEBUG org.hibernate.SQL - select user0_.username as username1_15_0_, user0_.enabled as enabled2_15_0_, user0_.password as password3_15_0_, user0_.role as role4_15_0_ from Users user0_ where user0_.username=?
Hibernate: select user0_.username as username1_15_0_, user0_.enabled as enabled2_15_0_, user0_.password as password3_15_0_, user0_.role as role4_15_0_ from Users user0_ where user0_.username=?
03:14:02.693 [main] DEBUG o.h.l.p.e.p.i.ResultSetProcessorImpl - Starting ResultSet row #0
03:14:02.694 [main] DEBUG o.h.l.p.e.p.i.EntityReferenceInitializerImpl - On call to EntityIdentifierReaderImpl#resolve, EntityKey was already known; should only happen on root returns with an optional identifier specified
03:14:02.697 [main] DEBUG o.h.engine.internal.TwoPhaseLoad - Resolving associations for [edu.ncsu.csc.itrust2.models.persistent.User#BobTheFourYearOld]
03:14:02.698 [main] DEBUG o.h.engine.internal.TwoPhaseLoad - Done materializing entity [edu.ncsu.csc.itrust2.models.persistent.User#BobTheFourYearOld]
03:14:02.699 [main] DEBUG o.h.r.j.i.ResourceRegistryStandardImpl - HHH000387: ResultSet's statement was not registered
03:14:02.699 [main] DEBUG o.h.l.e.p.AbstractLoadPlanBasedEntityLoader - Done entity load : edu.ncsu.csc.itrust2.models.persistent.User#BobTheFourYearOld
03:14:02.700 [main] DEBUG org.hibernate.loader.Loader - Result row: null, null, EntityKey[edu.ncsu.csc.itrust2.models.persistent.Patient#component[self]{self=edu.ncsu.csc.itrust2.models.persistent.User#BobTheFourYearOld}]
03:14:02.707 [main] DEBUG org.hibernate.loader.Loader - Result set row: 2
03:14:02.708 [main] DEBUG org.hibernate.SQL - select user0_.username as username1_15_0_, user0_.enabled as enabled2_15_0_, user0_.password as password3_15_0_, user0_.role as role4_15_0_ from Users user0_ where user0_.username=?
Hibernate: select user0_.username as username1_15_0_, user0_.enabled as enabled2_15_0_, user0_.password as password3_15_0_, user0_.role as role4_15_0_ from Users user0_ where user0_.username=?
03:14:02.712 [main] DEBUG o.h.l.p.e.p.i.ResultSetProcessorImpl - Starting ResultSet row #0
03:14:02.713 [main] DEBUG o.h.l.p.e.p.i.EntityReferenceInitializerImpl - On call to EntityIdentifierReaderImpl#resolve, EntityKey was already known; should only happen on root returns with an optional identifier specified
03:14:02.716 [main] DEBUG o.h.engine.internal.TwoPhaseLoad - Resolving associations for [edu.ncsu.csc.itrust2.models.persistent.User#TimTheOneYearOld]
03:14:02.717 [main] DEBUG o.h.engine.internal.TwoPhaseLoad - Done materializing entity [edu.ncsu.csc.itrust2.models.persistent.User#TimTheOneYearOld]
03:14:02.718 [main] DEBUG o.h.r.j.i.ResourceRegistryStandardImpl - HHH000387: ResultSet's statement was not registered
03:14:02.719 [main] DEBUG o.h.l.e.p.AbstractLoadPlanBasedEntityLoader - Done entity load : edu.ncsu.csc.itrust2.models.persistent.User#TimTheOneYearOld
03:14:02.719 [main] DEBUG org.hibernate.loader.Loader - Result row: null, null, EntityKey[edu.ncsu.csc.itrust2.models.persistent.Patient#component[self]{self=edu.ncsu.csc.itrust2.models.persistent.User#TimTheOneYearOld}]
03:14:02.722 [main] DEBUG o.h.engine.internal.TwoPhaseLoad - Resolving associations for [edu.ncsu.csc.itrust2.models.persistent.Patient#component[self]{self=edu.ncsu.csc.itrust2.models.persistent.User#AliceThirteen}]
03:14:02.729 [main] DEBUG o.h.engine.internal.TwoPhaseLoad - Done materializing entity [edu.ncsu.csc.itrust2.models.persistent.Patient#component[self]{self=edu.ncsu.csc.itrust2.models.persistent.User#AliceThirteen}]
03:14:02.729 [main] DEBUG o.h.engine.internal.TwoPhaseLoad - Resolving associations for [edu.ncsu.csc.itrust2.models.persistent.Patient#component[self]{self=edu.ncsu.csc.itrust2.models.persistent.User#BobTheFourYearOld}]
03:14:02.733 [main] DEBUG o.h.engine.internal.TwoPhaseLoad - Done materializing entity [edu.ncsu.csc.itrust2.models.persistent.Patient#component[self]{self=edu.ncsu.csc.itrust2.models.persistent.User#BobTheFourYearOld}]
03:14:02.734 [main] DEBUG o.h.engine.internal.TwoPhaseLoad - Resolving associations for [edu.ncsu.csc.itrust2.models.persistent.Patient#component[self]{self=edu.ncsu.csc.itrust2.models.persistent.User#TimTheOneYearOld}]
03:14:02.736 [main] DEBUG o.h.engine.internal.TwoPhaseLoad - Done materializing entity [edu.ncsu.csc.itrust2.models.persistent.Patient#component[self]{self=edu.ncsu.csc.itrust2.models.persistent.User#TimTheOneYearOld}]
03:14:02.739 [main] DEBUG o.h.e.t.internal.TransactionImpl - committing
03:14:02.740 [main] DEBUG o.h.e.i.AbstractFlushingEventListener - Processing flush-time cascades
03:14:02.741 [main] DEBUG o.h.e.i.AbstractFlushingEventListener - Dirty checking collections
03:14:02.748 [main] DEBUG o.h.e.i.AbstractFlushingEventListener - Flushed: 0 insertions, 0 updates, 3 deletions to 6 objects
03:14:02.749 [main] DEBUG o.h.e.i.AbstractFlushingEventListener - Flushed: 0 (re)creations, 0 updates, 0 removals to 0 collections
03:14:02.749 [main] DEBUG o.h.internal.util.EntityPrinter - Listing entities:
03:14:02.750 [main] DEBUG o.h.internal.util.EntityPrinter - edu.ncsu.csc.itrust2.models.persistent.User{password=$2a$10$EblZqNptyYvcLm/VwDCVAuBjzZOI7khzdyGPBr08PpIi0na624b8., role=ROLE_PATIENT, enabled=1, username=BobTheFourYearOld}
03:14:02.754 [main] DEBUG o.h.internal.util.EntityPrinter - edu.ncsu.csc.itrust2.models.persistent.Patient{zip=null, lastName=Smith, ethnicity=null, gender=null, address2=null, city=null, dateOfDeath=null, address1=null, father=null, dateOfBirth=java.util.GregorianCalendar[time=1490065983000,areFieldsSet=true,areAllFieldsSet=true,lenient=true,zone=sun.util.calendar.ZoneInfo[id="Etc/UTC",offset=0,dstSavings=0,useDaylight=false,transitions=0,lastRule=null],firstDayOfWeek=1,minimalDaysInFirstWeek=1,ERA=1,YEAR=2017,MONTH=2,WEEK_OF_YEAR=12,WEEK_OF_MONTH=4,DAY_OF_MONTH=21,DAY_OF_YEAR=80,DAY_OF_WEEK=3,DAY_OF_WEEK_IN_MONTH=3,AM_PM=0,HOUR=3,HOUR_OF_DAY=3,MINUTE=13,SECOND=3,MILLISECOND=0,ZONE_OFFSET=0,DST_OFFSET=0], bloodType=null, firstName=TimTheOneYearOld, mother=null, phone=null, id=null, preferredName=null, state=null, causeOfDeath=null, email=null}
03:14:02.754 [main] DEBUG o.h.internal.util.EntityPrinter - edu.ncsu.csc.itrust2.models.persistent.User{password=$2a$10$EblZqNptyYvcLm/VwDCVAuBjzZOI7khzdyGPBr08PpIi0na624b8., role=ROLE_PATIENT, enabled=1, username=AliceThirteen}
03:14:02.756 [main] DEBUG o.h.internal.util.EntityPrinter - edu.ncsu.csc.itrust2.models.persistent.User{password=$2a$10$EblZqNptyYvcLm/VwDCVAuBjzZOI7khzdyGPBr08PpIi0na624b8., role=ROLE_PATIENT, enabled=1, username=TimTheOneYearOld}
03:14:02.757 [main] DEBUG o.h.internal.util.EntityPrinter - edu.ncsu.csc.itrust2.models.persistent.Patient{zip=null, lastName=Smith, ethnicity=null, gender=null, address2=null, city=null, dateOfDeath=null, address1=null, father=null, dateOfBirth=java.util.GregorianCalendar[time=1111374783000,areFieldsSet=true,areAllFieldsSet=true,lenient=true,zone=sun.util.calendar.ZoneInfo[id="Etc/UTC",offset=0,dstSavings=0,useDaylight=false,transitions=0,lastRule=null],firstDayOfWeek=1,minimalDaysInFirstWeek=1,ERA=1,YEAR=2005,MONTH=2,WEEK_OF_YEAR=13,WEEK_OF_MONTH=4,DAY_OF_MONTH=21,DAY_OF_YEAR=80,DAY_OF_WEEK=2,DAY_OF_WEEK_IN_MONTH=3,AM_PM=0,HOUR=3,HOUR_OF_DAY=3,MINUTE=13,SECOND=3,MILLISECOND=0,ZONE_OFFSET=0,DST_OFFSET=0], bloodType=null, firstName=AliceThirteen, mother=null, phone=null, id=null, preferredName=null, state=null, causeOfDeath=null, email=null}
03:14:02.757 [main] DEBUG o.h.internal.util.EntityPrinter - edu.ncsu.csc.itrust2.models.persistent.Patient{zip=null, lastName=Smith, ethnicity=null, gender=null, address2=null, city=null, dateOfDeath=null, address1=null, father=null, dateOfBirth=java.util.GregorianCalendar[time=1395371583000,areFieldsSet=true,areAllFieldsSet=true,lenient=true,zone=sun.util.calendar.ZoneInfo[id="Etc/UTC",offset=0,dstSavings=0,useDaylight=false,transitions=0,lastRule=null],firstDayOfWeek=1,minimalDaysInFirstWeek=1,ERA=1,YEAR=2014,MONTH=2,WEEK_OF_YEAR=12,WEEK_OF_MONTH=4,DAY_OF_MONTH=21,DAY_OF_YEAR=80,DAY_OF_WEEK=6,DAY_OF_WEEK_IN_MONTH=3,AM_PM=0,HOUR=3,HOUR_OF_DAY=3,MINUTE=13,SECOND=3,MILLISECOND=0,ZONE_OFFSET=0,DST_OFFSET=0], bloodType=null, firstName=BobTheFourYearOld, mother=null, phone=null, id=null, preferredName=null, state=null, causeOfDeath=null, email=null}
03:14:02.760 [main] DEBUG org.hibernate.SQL - delete from Patients where self_id=?
Hibernate: delete from Patients where self_id=?
03:14:02.765 [main] DEBUG org.hibernate.SQL - delete from Patients where self_id=?
Hibernate: delete from Patients where self_id=?
03:14:02.771 [main] DEBUG org.hibernate.SQL - delete from Patients where self_id=?
Hibernate: delete from Patients where self_id=?
03:14:02.776 [main] DEBUG o.h.e.j.internal.JdbcCoordinatorImpl - HHH000420: Closing un-released batch
03:14:02.783 [main] DEBUG o.s.t.w.s.TestDispatcherServlet - DispatcherServlet with name '' processing POST request for [/api/v1/users]
03:14:02.784 [main] DEBUG o.s.w.s.m.m.a.RequestMappingHandlerMapping - Looking up handler method for path /api/v1/users
03:14:02.787 [main] DEBUG o.s.w.s.m.m.a.RequestMappingHandlerMapping - Returning handler method [public org.springframework.http.ResponseEntity edu.ncsu.csc.itrust2.controllers.api.APIUserController.createUser(edu.ncsu.csc.itrust2.forms.admin.UserForm)]
03:14:02.788 [main] DEBUG o.s.b.f.s.DefaultListableBeanFactory - Returning cached instance of singleton bean 'APIUserController'
03:14:02.791 [main] DEBUG o.s.w.s.m.m.a.RequestResponseBodyMethodProcessor - Read [class edu.ncsu.csc.itrust2.forms.admin.UserForm] as "application/json" with [org.springframework.http.converter.json.GsonHttpMessageConverter@378ee665]
03:14:03.106 [main] DEBUG o.h.e.t.internal.TransactionImpl - begin
03:14:03.113 [main] DEBUG org.hibernate.SQL - select this_.username as username1_15_0_, this_.enabled as enabled2_15_0_, this_.password as password3_15_0_, this_.role as role4_15_0_ from Users this_ where this_.username=?
Hibernate: select this_.username as username1_15_0_, this_.enabled as enabled2_15_0_, this_.password as password3_15_0_, this_.role as role4_15_0_ from Users this_ where this_.username=?
03:14:03.116 [main] DEBUG o.h.e.t.internal.TransactionImpl - committing
03:14:03.117 [main] DEBUG o.h.e.t.internal.TransactionImpl - begin
03:14:03.118 [main] DEBUG org.hibernate.SQL - select user_.username, user_.enabled as enabled2_15_, user_.password as password3_15_, user_.role as role4_15_ from Users user_ where user_.username=?
Hibernate: select user_.username, user_.enabled as enabled2_15_, user_.password as password3_15_, user_.role as role4_15_ from Users user_ where user_.username=?
03:14:03.120 [main] DEBUG o.h.r.j.i.ResourceRegistryStandardImpl - HHH000387: ResultSet's statement was not registered
03:14:03.120 [main] DEBUG o.h.e.i.AbstractSaveEventListener - Generated identifier: antti, using strategy: org.hibernate.id.Assigned
03:14:03.121 [main] DEBUG o.h.e.t.internal.TransactionImpl - committing
03:14:03.121 [main] DEBUG o.h.e.i.AbstractFlushingEventListener - Processing flush-time cascades
03:14:03.121 [main] DEBUG o.h.e.i.AbstractFlushingEventListener - Dirty checking collections
03:14:03.121 [main] DEBUG o.h.e.i.AbstractFlushingEventListener - Flushed: 1 insertions, 0 updates, 0 deletions to 1 objects
03:14:03.121 [main] DEBUG o.h.e.i.AbstractFlushingEventListener - Flushed: 0 (re)creations, 0 updates, 0 removals to 0 collections
03:14:03.121 [main] DEBUG o.h.internal.util.EntityPrinter - Listing entities:
03:14:03.122 [main] DEBUG o.h.internal.util.EntityPrinter - edu.ncsu.csc.itrust2.models.persistent.User{password=$2a$10$ZH57Z9nAz35uLjIXykBzyOC/uU1ZnO6lp5VRP0aEw7TtfAU1sBUwy, role=ROLE_PATIENT, enabled=1, username=antti}
03:14:03.133 [main] DEBUG org.hibernate.SQL - insert into Users (enabled, password, role, username) values (?, ?, ?, ?)
Hibernate: insert into Users (enabled, password, role, username) values (?, ?, ?, ?)
03:14:03.154 [main] DEBUG o.h.e.j.internal.JdbcCoordinatorImpl - HHH000420: Closing un-released batch
03:14:03.155 [main] DEBUG o.h.e.t.internal.TransactionImpl - begin
03:14:03.158 [main] DEBUG org.hibernate.SQL - select next_val as id_val from hibernate_sequence for update
Hibernate: select next_val as id_val from hibernate_sequence for update
03:14:03.160 [main] DEBUG org.hibernate.SQL - update hibernate_sequence set next_val= ? where next_val=?
Hibernate: update hibernate_sequence set next_val= ? where next_val=?
03:14:03.162 [main] DEBUG o.h.e.i.AbstractSaveEventListener - Generated identifier: 16, using strategy: org.hibernate.id.enhanced.SequenceStyleGenerator
03:14:03.163 [main] DEBUG o.h.e.t.internal.TransactionImpl - committing
03:14:03.163 [main] DEBUG o.h.e.i.AbstractFlushingEventListener - Processing flush-time cascades
03:14:03.164 [main] DEBUG o.h.e.i.AbstractFlushingEventListener - Dirty checking collections
03:14:03.165 [main] DEBUG o.h.e.i.AbstractFlushingEventListener - Flushed: 1 insertions, 0 updates, 0 deletions to 1 objects
03:14:03.165 [main] DEBUG o.h.e.i.AbstractFlushingEventListener - Flushed: 0 (re)creations, 0 updates, 0 removals to 0 collections
03:14:03.165 [main] DEBUG o.h.internal.util.EntityPrinter - Listing entities:
03:14:03.166 [main] DEBUG o.h.internal.util.EntityPrinter - edu.ncsu.csc.itrust2.models.persistent.LogEntry{secondaryUser=null, logCode=7, primaryUser=hcp, id=16, time=java.util.GregorianCalendar[time=1521602043155,areFieldsSet=true,areAllFieldsSet=true,lenient=true,zone=sun.util.calendar.ZoneInfo[id="Etc/UTC",offset=0,dstSavings=0,useDaylight=false,transitions=0,lastRule=null],firstDayOfWeek=1,minimalDaysInFirstWeek=1,ERA=1,YEAR=2018,MONTH=2,WEEK_OF_YEAR=12,WEEK_OF_MONTH=4,DAY_OF_MONTH=21,DAY_OF_YEAR=80,DAY_OF_WEEK=4,DAY_OF_WEEK_IN_MONTH=3,AM_PM=0,HOUR=3,HOUR_OF_DAY=3,MINUTE=14,SECOND=3,MILLISECOND=155,ZONE_OFFSET=0,DST_OFFSET=0], message=null}
03:14:03.171 [main] DEBUG org.hibernate.SQL - insert into LogEntries (logCode, message, primaryUser, secondaryUser, time, id) values (?, ?, ?, ?, ?, ?)
Hibernate: insert into LogEntries (logCode, message, primaryUser, secondaryUser, time, id) values (?, ?, ?, ?, ?, ?)
03:14:03.180 [main] DEBUG o.h.e.j.internal.JdbcCoordinatorImpl - HHH000420: Closing un-released batch
03:14:03.183 [main] DEBUG o.s.w.s.m.m.a.HttpEntityMethodProcessor - Written [edu.ncsu.csc.itrust2.models.persistent.User@a4f580a5] as "application/json" using [org.springframework.http.converter.json.GsonHttpMessageConverter@378ee665]
03:14:03.184 [main] DEBUG o.s.t.w.s.TestDispatcherServlet - Null ModelAndView returned to DispatcherServlet with name '': assuming HandlerAdapter completed request handling
03:14:03.184 [main] DEBUG o.s.t.w.s.TestDispatcherServlet - Successfully completed request
03:14:03.188 [main] DEBUG o.s.t.w.s.TestDispatcherServlet - DispatcherServlet with name '' processing PUT request for [/api/v1/patients/antti]
03:14:03.189 [main] DEBUG o.s.w.s.m.m.a.RequestMappingHandlerMapping - Looking up handler method for path /api/v1/patients/antti
03:14:03.198 [main] DEBUG o.s.w.s.m.m.a.RequestMappingHandlerMapping - Returning handler method [public org.springframework.http.ResponseEntity edu.ncsu.csc.itrust2.controllers.api.APIPatientController.updatePatient(java.lang.String,edu.ncsu.csc.itrust2.forms.hcp_patient.PatientForm)]
03:14:03.198 [main] DEBUG o.s.b.f.s.DefaultListableBeanFactory - Returning cached instance of singleton bean 'APIPatientController'
03:14:03.208 [main] DEBUG o.s.w.s.m.m.a.RequestResponseBodyMethodProcessor - Read [class edu.ncsu.csc.itrust2.forms.hcp_patient.PatientForm] as "application/json" with [org.springframework.http.converter.json.GsonHttpMessageConverter@378ee665]
03:14:03.214 [main] DEBUG o.h.e.t.internal.TransactionImpl - begin
03:14:03.217 [main] DEBUG org.hibernate.SQL - select this_.username as username1_15_0_, this_.enabled as enabled2_15_0_, this_.password as password3_15_0_, this_.role as role4_15_0_ from Users this_ where this_.username=? and this_.role=?
Hibernate: select this_.username as username1_15_0_, this_.enabled as enabled2_15_0_, this_.password as password3_15_0_, this_.role as role4_15_0_ from Users this_ where this_.username=? and this_.role=?
03:14:03.222 [main] DEBUG org.hibernate.loader.Loader - Result set row: 0
03:14:03.222 [main] DEBUG org.hibernate.loader.Loader - Result row: EntityKey[edu.ncsu.csc.itrust2.models.persistent.User#antti]
03:14:03.223 [main] DEBUG o.h.engine.internal.TwoPhaseLoad - Resolving associations for [edu.ncsu.csc.itrust2.models.persistent.User#antti]
03:14:03.223 [main] DEBUG o.h.engine.internal.TwoPhaseLoad - Done materializing entity [edu.ncsu.csc.itrust2.models.persistent.User#antti]
03:14:03.223 [main] DEBUG o.h.e.t.internal.TransactionImpl - committing
03:14:03.224 [main] DEBUG o.h.e.i.AbstractFlushingEventListener - Processing flush-time cascades
03:14:03.224 [main] DEBUG o.h.e.i.AbstractFlushingEventListener - Dirty checking collections
03:14:03.224 [main] DEBUG o.h.e.i.AbstractFlushingEventListener - Flushed: 0 insertions, 0 updates, 0 deletions to 1 objects
03:14:03.224 [main] DEBUG o.h.e.i.AbstractFlushingEventListener - Flushed: 0 (re)creations, 0 updates, 0 removals to 0 collections
03:14:03.224 [main] DEBUG o.h.internal.util.EntityPrinter - Listing entities:
03:14:03.224 [main] DEBUG o.h.internal.util.EntityPrinter - edu.ncsu.csc.itrust2.models.persistent.User{password=$2a$10$ZH57Z9nAz35uLjIXykBzyOC/uU1ZnO6lp5VRP0aEw7TtfAU1sBUwy, role=ROLE_PATIENT, enabled=1, username=antti}
03:14:03.226 [main] DEBUG o.h.e.t.internal.TransactionImpl - begin
03:14:03.228 [main] DEBUG org.hibernate.SQL - select this_.username as username1_15_0_, this_.enabled as enabled2_15_0_, this_.password as password3_15_0_, this_.role as role4_15_0_ from Users this_ where this_.username=? and this_.role=?
Hibernate: select this_.username as username1_15_0_, this_.enabled as enabled2_15_0_, this_.password as password3_15_0_, this_.role as role4_15_0_ from Users this_ where this_.username=? and this_.role=?
03:14:03.232 [main] DEBUG o.h.e.t.internal.TransactionImpl - committing
03:14:03.236 [main] DEBUG o.h.e.t.internal.TransactionImpl - begin
03:14:03.243 [main] DEBUG org.hibernate.SQL - select this_.username as username1_15_0_, this_.enabled as enabled2_15_0_, this_.password as password3_15_0_, this_.role as role4_15_0_ from Users this_ where this_.username=? and this_.role=?
Hibernate: select this_.username as username1_15_0_, this_.enabled as enabled2_15_0_, this_.password as password3_15_0_, this_.role as role4_15_0_ from Users this_ where this_.username=? and this_.role=?
03:14:03.246 [main] DEBUG o.h.e.t.internal.TransactionImpl - committing
03:14:03.283 [main] DEBUG o.h.e.t.internal.TransactionImpl - begin
03:14:03.285 [main] DEBUG org.hibernate.SQL - select this_.username as username1_15_0_, this_.enabled as enabled2_15_0_, this_.password as password3_15_0_, this_.role as role4_15_0_ from Users this_ where this_.username=? and this_.role=?
Hibernate: select this_.username as username1_15_0_, this_.enabled as enabled2_15_0_, this_.password as password3_15_0_, this_.role as role4_15_0_ from Users this_ where this_.username=? and this_.role=?
03:14:03.286 [main] DEBUG org.hibernate.loader.Loader - Result set row: 0
03:14:03.286 [main] DEBUG org.hibernate.loader.Loader - Result row: EntityKey[edu.ncsu.csc.itrust2.models.persistent.User#antti]
03:14:03.287 [main] DEBUG o.h.engine.internal.TwoPhaseLoad - Resolving associations for [edu.ncsu.csc.itrust2.models.persistent.User#antti]
03:14:03.287 [main] DEBUG o.h.engine.internal.TwoPhaseLoad - Done materializing entity [edu.ncsu.csc.itrust2.models.persistent.User#antti]
03:14:03.288 [main] DEBUG o.h.e.t.internal.TransactionImpl - committing
03:14:03.288 [main] DEBUG o.h.e.i.AbstractFlushingEventListener - Processing flush-time cascades
03:14:03.288 [main] DEBUG o.h.e.i.AbstractFlushingEventListener - Dirty checking collections
03:14:03.289 [main] DEBUG o.h.e.i.AbstractFlushingEventListener - Flushed: 0 insertions, 0 updates, 0 deletions to 1 objects
03:14:03.289 [main] DEBUG o.h.e.i.AbstractFlushingEventListener - Flushed: 0 (re)creations, 0 updates, 0 removals to 0 collections
03:14:03.289 [main] DEBUG o.h.internal.util.EntityPrinter - Listing entities:
03:14:03.289 [main] DEBUG o.h.internal.util.EntityPrinter - edu.ncsu.csc.itrust2.models.persistent.User{password=$2a$10$ZH57Z9nAz35uLjIXykBzyOC/uU1ZnO6lp5VRP0aEw7TtfAU1sBUwy, role=ROLE_PATIENT, enabled=1, username=antti}
03:14:03.291 [main] DEBUG o.h.e.t.internal.TransactionImpl - begin
03:14:03.293 [main] DEBUG org.hibernate.SQL - select this_.self_id as self_id18_12_2_, this_.address1 as address1_12_2_, this_.address2 as address2_12_2_, this_.bloodType as bloodTyp3_12_2_, this_.causeOfDeath as causeOfD4_12_2_, this_.city as city5_12_2_, this_.dateOfBirth as dateOfBi6_12_2_, this_.dateOfDeath as dateOfDe7_12_2_, this_.email as email8_12_2_, this_.ethnicity as ethnicit9_12_2_, this_.father_id as father_19_12_2_, this_.firstName as firstNa10_12_2_, this_.gender as gender11_12_2_, this_.id as id12_12_2_, this_.lastName as lastNam13_12_2_, this_.mother_id as mother_20_12_2_, this_.phone as phone14_12_2_, this_.preferredName as preferr15_12_2_, this_.state as state16_12_2_, this_.zip as zip17_12_2_, user2_.username as username1_15_0_, user2_.enabled as enabled2_15_0_, user2_.password as password3_15_0_, user2_.role as role4_15_0_, user3_.username as username1_15_1_, user3_.enabled as enabled2_15_1_, user3_.password as password3_15_1_, user3_.role as role4_15_1_ from Patients this_ left outer join Users user2_ on this_.father_id=user2_.username left outer join Users user3_ on this_.mother_id=user3_.username where this_.self_id=?
Hibernate: select this_.self_id as self_id18_12_2_, this_.address1 as address1_12_2_, this_.address2 as address2_12_2_, this_.bloodType as bloodTyp3_12_2_, this_.causeOfDeath as causeOfD4_12_2_, this_.city as city5_12_2_, this_.dateOfBirth as dateOfBi6_12_2_, this_.dateOfDeath as dateOfDe7_12_2_, this_.email as email8_12_2_, this_.ethnicity as ethnicit9_12_2_, this_.father_id as father_19_12_2_, this_.firstName as firstNa10_12_2_, this_.gender as gender11_12_2_, this_.id as id12_12_2_, this_.lastName as lastNam13_12_2_, this_.mother_id as mother_20_12_2_, this_.phone as phone14_12_2_, this_.preferredName as preferr15_12_2_, this_.state as state16_12_2_, this_.zip as zip17_12_2_, user2_.username as username1_15_0_, user2_.enabled as enabled2_15_0_, user2_.password as password3_15_0_, user2_.role as role4_15_0_, user3_.username as username1_15_1_, user3_.enabled as enabled2_15_1_, user3_.password as password3_15_1_, user3_.role as role4_15_1_ from Patients this_ left outer join Users user2_ on this_.father_id=user2_.username left outer join Users user3_ on this_.mother_id=user3_.username where this_.self_id=?
03:14:03.297 [main] DEBUG o.h.e.t.internal.TransactionImpl - committing
03:14:03.300 [main] DEBUG o.h.e.t.internal.TransactionImpl - begin
03:14:03.301 [main] DEBUG org.hibernate.SQL - select patient_.self_id, patient_.address1 as address1_12_, patient_.address2 as address2_12_, patient_.bloodType as bloodTyp3_12_, patient_.causeOfDeath as causeOfD4_12_, patient_.city as city5_12_, patient_.dateOfBirth as dateOfBi6_12_, patient_.dateOfDeath as dateOfDe7_12_, patient_.email as email8_12_, patient_.ethnicity as ethnicit9_12_, patient_.father_id as father_19_12_, patient_.firstName as firstNa10_12_, patient_.gender as gender11_12_, patient_.id as id12_12_, patient_.lastName as lastNam13_12_, patient_.mother_id as mother_20_12_, patient_.phone as phone14_12_, patient_.preferredName as preferr15_12_, patient_.state as state16_12_, patient_.zip as zip17_12_ from Patients patient_ where patient_.self_id=?
Hibernate: select patient_.self_id, patient_.address1 as address1_12_, patient_.address2 as address2_12_, patient_.bloodType as bloodTyp3_12_, patient_.causeOfDeath as causeOfD4_12_, patient_.city as city5_12_, patient_.dateOfBirth as dateOfBi6_12_, patient_.dateOfDeath as dateOfDe7_12_, patient_.email as email8_12_, patient_.ethnicity as ethnicit9_12_, patient_.father_id as father_19_12_, patient_.firstName as firstNa10_12_, patient_.gender as gender11_12_, patient_.id as id12_12_, patient_.lastName as lastNam13_12_, patient_.mother_id as mother_20_12_, patient_.phone as phone14_12_, patient_.preferredName as preferr15_12_, patient_.state as state16_12_, patient_.zip as zip17_12_ from Patients patient_ where patient_.self_id=?
03:14:03.304 [main] DEBUG o.h.r.j.i.ResourceRegistryStandardImpl - HHH000387: ResultSet's statement was not registered
03:14:03.305 [main] DEBUG o.h.e.i.AbstractSaveEventListener - Generated identifier: component[self]{self=edu.ncsu.csc.itrust2.models.persistent.User#antti}, using strategy: org.hibernate.id.CompositeNestedGeneratedValueGenerator
03:14:03.307 [main] DEBUG o.h.e.t.internal.TransactionImpl - committing
03:14:03.307 [main] DEBUG o.h.e.i.AbstractFlushingEventListener - Processing flush-time cascades
03:14:03.307 [main] DEBUG o.h.e.i.AbstractFlushingEventListener - Dirty checking collections
03:14:03.308 [main] DEBUG o.h.e.i.AbstractFlushingEventListener - Flushed: 1 insertions, 0 updates, 0 deletions to 1 objects
03:14:03.309 [main] DEBUG o.h.e.i.AbstractFlushingEventListener - Flushed: 0 (re)creations, 0 updates, 0 removals to 0 collections
03:14:03.309 [main] DEBUG o.h.internal.util.EntityPrinter - Listing entities:
03:14:03.309 [main] DEBUG o.h.internal.util.EntityPrinter - edu.ncsu.csc.itrust2.models.persistent.Patient{zip=27514, lastName=Walhelm, ethnicity=Caucasian, gender=Male, address2=Some Location, city=Viipuri, dateOfDeath=null, address1=1 Test Street, father=null, dateOfBirth=java.util.GregorianCalendar[time=235180800000,areFieldsSet=true,areAllFieldsSet=true,lenient=true,zone=sun.util.calendar.ZoneInfo[id="Etc/UTC",offset=0,dstSavings=0,useDaylight=false,transitions=0,lastRule=null],firstDayOfWeek=1,minimalDaysInFirstWeek=1,ERA=1,YEAR=1977,MONTH=5,WEEK_OF_YEAR=25,WEEK_OF_MONTH=3,DAY_OF_MONTH=15,DAY_OF_YEAR=166,DAY_OF_WEEK=4,DAY_OF_WEEK_IN_MONTH=3,AM_PM=0,HOUR=0,HOUR_OF_DAY=0,MINUTE=0,SECOND=0,MILLISECOND=0,ZONE_OFFSET=0,DST_OFFSET=0], bloodType=APos, firstName=Antti, mother=null, phone=123-456-7890, id=null, preferredName=null, state=NC, causeOfDeath=null, email=antti@itrust.fi}
03:14:03.312 [main] DEBUG org.hibernate.SQL - insert into Patients (address1, address2, bloodType, causeOfDeath, city, dateOfBirth, dateOfDeath, email, ethnicity, father_id, firstName, gender, id, lastName, mother_id, phone, preferredName, state, zip, self_id) values (?, ?, ?, ?, ?, ?, ?, ?, ?, ?, ?, ?, ?, ?, ?, ?, ?, ?, ?, ?)
Hibernate: insert into Patients (address1, address2, bloodType, causeOfDeath, city, dateOfBirth, dateOfDeath, email, ethnicity, father_id, firstName, gender, id, lastName, mother_id, phone, preferredName, state, zip, self_id) values (?, ?, ?, ?, ?, ?, ?, ?, ?, ?, ?, ?, ?, ?, ?, ?, ?, ?, ?, ?)
03:14:03.321 [main] DEBUG o.h.e.j.internal.JdbcCoordinatorImpl - HHH000420: Closing un-released batch
03:14:03.323 [main] DEBUG o.h.e.t.internal.TransactionImpl - begin
03:14:03.325 [main] DEBUG org.hibernate.SQL - select next_val as id_val from hibernate_sequence for update
Hibernate: select next_val as id_val from hibernate_sequence for update
03:14:03.326 [main] DEBUG org.hibernate.SQL - update hibernate_sequence set next_val= ? where next_val=?
Hibernate: update hibernate_sequence set next_val= ? where next_val=?
03:14:03.327 [main] DEBUG o.h.e.i.AbstractSaveEventListener - Generated identifier: 17, using strategy: org.hibernate.id.enhanced.SequenceStyleGenerator
03:14:03.328 [main] DEBUG o.h.e.t.internal.TransactionImpl - committing
03:14:03.328 [main] DEBUG o.h.e.i.AbstractFlushingEventListener - Processing flush-time cascades
03:14:03.328 [main] DEBUG o.h.e.i.AbstractFlushingEventListener - Dirty checking collections
03:14:03.328 [main] DEBUG o.h.e.i.AbstractFlushingEventListener - Flushed: 1 insertions, 0 updates, 0 deletions to 1 objects
03:14:03.328 [main] DEBUG o.h.e.i.AbstractFlushingEventListener - Flushed: 0 (re)creations, 0 updates, 0 removals to 0 collections
03:14:03.328 [main] DEBUG o.h.internal.util.EntityPrinter - Listing entities:
03:14:03.328 [main] DEBUG o.h.internal.util.EntityPrinter - edu.ncsu.csc.itrust2.models.persistent.LogEntry{secondaryUser=null, logCode=13, primaryUser=hcp, id=17, time=java.util.GregorianCalendar[time=1521602043323,areFieldsSet=true,areAllFieldsSet=true,lenient=true,zone=sun.util.calendar.ZoneInfo[id="Etc/UTC",offset=0,dstSavings=0,useDaylight=false,transitions=0,lastRule=null],firstDayOfWeek=1,minimalDaysInFirstWeek=1,ERA=1,YEAR=2018,MONTH=2,WEEK_OF_YEAR=12,WEEK_OF_MONTH=4,DAY_OF_MONTH=21,DAY_OF_YEAR=80,DAY_OF_WEEK=4,DAY_OF_WEEK_IN_MONTH=3,AM_PM=0,HOUR=3,HOUR_OF_DAY=3,MINUTE=14,SECOND=3,MILLISECOND=323,ZONE_OFFSET=0,DST_OFFSET=0], message=User with username anttiupdated their demographics}
03:14:03.330 [main] DEBUG org.hibernate.SQL - insert into LogEntries (logCode, message, primaryUser, secondaryUser, time, id) values (?, ?, ?, ?, ?, ?)
Hibernate: insert into LogEntries (logCode, message, primaryUser, secondaryUser, time, id) values (?, ?, ?, ?, ?, ?)
03:14:03.331 [main] DEBUG o.h.e.j.internal.JdbcCoordinatorImpl - HHH000420: Closing un-released batch
03:14:03.333 [main] DEBUG o.s.w.s.m.m.a.HttpEntityMethodProcessor - Written [edu.ncsu.csc.itrust2.models.persistent.Patient@3e5fa966] as "application/json" using [org.springframework.http.converter.json.GsonHttpMessageConverter@378ee665]
03:14:03.333 [main] DEBUG o.s.t.w.s.TestDispatcherServlet - Null ModelAndView returned to DispatcherServlet with name '': assuming HandlerAdapter completed request handling
03:14:03.333 [main] DEBUG o.s.t.w.s.TestDispatcherServlet - Successfully completed request
03:14:03.342 [main] DEBUG o.s.t.c.s.AbstractDirtiesContextTestExecutionListener - After test method: context [DefaultTestContext@49dea2d testClass = APIPatientTest, testInstance = edu.ncsu.csc.itrust2.apitest.APIPatientTest@471c315f, testMethod = testPatientAPI@APIPatientTest, testException = java.lang.AssertionError: Status expected:<404> but was:<200>, mergedContextConfiguration = [WebMergedContextConfiguration@3ff4655a testClass = APIPatientTest, locations = '{}', classes = '{class edu.ncsu.csc.itrust2.config.RootConfiguration, class edu.ncsu.csc.itrust2.mvc.config.WebMvcConfiguration}', contextInitializerClasses = '[]', activeProfiles = '{}', propertySourceLocations = '{}', propertySourceProperties = '{}', contextCustomizers = set[[empty]], resourceBasePath = 'src/main/webapp', contextLoader = 'org.springframework.test.context.web.WebDelegatingSmartContextLoader', parent = [null]]], class annotated with @DirtiesContext [false] with mode [null], method annotated with @DirtiesContext [false] with mode [null].
03:14:03.343 [main] DEBUG o.s.t.c.w.ServletTestExecutionListener - Resetting RequestContextHolder for test context [DefaultTestContext@49dea2d testClass = APIPatientTest, testInstance = edu.ncsu.csc.itrust2.apitest.APIPatientTest@471c315f, testMethod = testPatientAPI@APIPatientTest, testException = java.lang.AssertionError: Status expected:<404> but was:<200>, mergedContextConfiguration = [WebMergedContextConfiguration@3ff4655a testClass = APIPatientTest, locations = '{}', classes = '{class edu.ncsu.csc.itrust2.config.RootConfiguration, class edu.ncsu.csc.itrust2.mvc.config.WebMvcConfiguration}', contextInitializerClasses = '[]', activeProfiles = '{}', propertySourceLocations = '{}', propertySourceProperties = '{}', contextCustomizers = set[[empty]], resourceBasePath = 'src/main/webapp', contextLoader = 'org.springframework.test.context.web.WebDelegatingSmartContextLoader', parent = [null]]].
]]></system-out>
  </testcase>
  <testcase name="testPatientAsPatient" classname="edu.ncsu.csc.itrust2.apitest.APIPatientTest" time="0.124">
    <failure message="Status expected:&lt;200&gt; but was:&lt;404&gt;" type="java.lang.AssertionError"><![CDATA[java.lang.AssertionError: Status expected:<200> but was:<404>
	at edu.ncsu.csc.itrust2.apitest.APIPatientTest.testPatientAsPatient(APIPatientTest.java:190)
]]></failure>
    <system-out><![CDATA[03:14:03.345 [main] DEBUG o.s.t.annotation.ProfileValueUtils - Retrieved @ProfileValueSourceConfiguration [null] for test class [edu.ncsu.csc.itrust2.apitest.APIPatientTest]
03:14:03.345 [main] DEBUG o.s.t.annotation.ProfileValueUtils - Retrieved ProfileValueSource type [class org.springframework.test.annotation.SystemProfileValueSource] for class [edu.ncsu.csc.itrust2.apitest.APIPatientTest]
03:14:03.346 [main] DEBUG o.s.t.c.c.DefaultCacheAwareContextLoaderDelegate - Retrieved ApplicationContext from cache with key [[WebMergedContextConfiguration@3ff4655a testClass = APIPatientTest, locations = '{}', classes = '{class edu.ncsu.csc.itrust2.config.RootConfiguration, class edu.ncsu.csc.itrust2.mvc.config.WebMvcConfiguration}', contextInitializerClasses = '[]', activeProfiles = '{}', propertySourceLocations = '{}', propertySourceProperties = '{}', contextCustomizers = set[[empty]], resourceBasePath = 'src/main/webapp', contextLoader = 'org.springframework.test.context.web.WebDelegatingSmartContextLoader', parent = [null]]]
03:14:03.346 [main] DEBUG o.springframework.test.context.cache - Spring test ApplicationContext cache statistics: [DefaultContextCache@42bfc11f size = 1, maxSize = 32, parentContextCount = 0, hitCount = 16, missCount = 1]
03:14:03.346 [main] DEBUG o.s.t.c.w.ServletTestExecutionListener - Setting up MockHttpServletRequest, MockHttpServletResponse, ServletWebRequest, and RequestContextHolder for test context [DefaultTestContext@49dea2d testClass = APIPatientTest, testInstance = edu.ncsu.csc.itrust2.apitest.APIPatientTest@36f5aa2a, testMethod = [null], testException = [null], mergedContextConfiguration = [WebMergedContextConfiguration@3ff4655a testClass = APIPatientTest, locations = '{}', classes = '{class edu.ncsu.csc.itrust2.config.RootConfiguration, class edu.ncsu.csc.itrust2.mvc.config.WebMvcConfiguration}', contextInitializerClasses = '[]', activeProfiles = '{}', propertySourceLocations = '{}', propertySourceProperties = '{}', contextCustomizers = set[[empty]], resourceBasePath = 'src/main/webapp', contextLoader = 'org.springframework.test.context.web.WebDelegatingSmartContextLoader', parent = [null]]].
03:14:03.346 [main] DEBUG o.s.t.c.s.DependencyInjectionTestExecutionListener - Performing dependency injection for test context [[DefaultTestContext@49dea2d testClass = APIPatientTest, testInstance = edu.ncsu.csc.itrust2.apitest.APIPatientTest@36f5aa2a, testMethod = [null], testException = [null], mergedContextConfiguration = [WebMergedContextConfiguration@3ff4655a testClass = APIPatientTest, locations = '{}', classes = '{class edu.ncsu.csc.itrust2.config.RootConfiguration, class edu.ncsu.csc.itrust2.mvc.config.WebMvcConfiguration}', contextInitializerClasses = '[]', activeProfiles = '{}', propertySourceLocations = '{}', propertySourceProperties = '{}', contextCustomizers = set[[empty]], resourceBasePath = 'src/main/webapp', contextLoader = 'org.springframework.test.context.web.WebDelegatingSmartContextLoader', parent = [null]]]].
03:14:03.346 [main] DEBUG o.s.t.c.c.DefaultCacheAwareContextLoaderDelegate - Retrieved ApplicationContext from cache with key [[WebMergedContextConfiguration@3ff4655a testClass = APIPatientTest, locations = '{}', classes = '{class edu.ncsu.csc.itrust2.config.RootConfiguration, class edu.ncsu.csc.itrust2.mvc.config.WebMvcConfiguration}', contextInitializerClasses = '[]', activeProfiles = '{}', propertySourceLocations = '{}', propertySourceProperties = '{}', contextCustomizers = set[[empty]], resourceBasePath = 'src/main/webapp', contextLoader = 'org.springframework.test.context.web.WebDelegatingSmartContextLoader', parent = [null]]]
03:14:03.347 [main] DEBUG o.springframework.test.context.cache - Spring test ApplicationContext cache statistics: [DefaultContextCache@42bfc11f size = 1, maxSize = 32, parentContextCount = 0, hitCount = 17, missCount = 1]
03:14:03.347 [main] DEBUG o.s.b.f.annotation.InjectionMetadata - Processing injected element of bean 'edu.ncsu.csc.itrust2.apitest.APIPatientTest': AutowiredFieldElement for private org.springframework.web.context.WebApplicationContext edu.ncsu.csc.itrust2.apitest.APIPatientTest.context
03:14:03.348 [main] DEBUG o.s.t.c.s.AbstractDirtiesContextTestExecutionListener - Before test method: context [DefaultTestContext@49dea2d testClass = APIPatientTest, testInstance = edu.ncsu.csc.itrust2.apitest.APIPatientTest@36f5aa2a, testMethod = testPatientAsPatient@APIPatientTest, testException = [null], mergedContextConfiguration = [WebMergedContextConfiguration@3ff4655a testClass = APIPatientTest, locations = '{}', classes = '{class edu.ncsu.csc.itrust2.config.RootConfiguration, class edu.ncsu.csc.itrust2.mvc.config.WebMvcConfiguration}', contextInitializerClasses = '[]', activeProfiles = '{}', propertySourceLocations = '{}', propertySourceProperties = '{}', contextCustomizers = set[[empty]], resourceBasePath = 'src/main/webapp', contextLoader = 'org.springframework.test.context.web.WebDelegatingSmartContextLoader', parent = [null]]], class annotated with @DirtiesContext [false] with mode [null], method annotated with @DirtiesContext [false] with mode [null].
03:14:03.349 [main] DEBUG o.s.t.c.c.DefaultCacheAwareContextLoaderDelegate - Retrieved ApplicationContext from cache with key [[WebMergedContextConfiguration@3ff4655a testClass = APIPatientTest, locations = '{}', classes = '{class edu.ncsu.csc.itrust2.config.RootConfiguration, class edu.ncsu.csc.itrust2.mvc.config.WebMvcConfiguration}', contextInitializerClasses = '[]', activeProfiles = '{}', propertySourceLocations = '{}', propertySourceProperties = '{}', contextCustomizers = set[[empty]], resourceBasePath = 'src/main/webapp', contextLoader = 'org.springframework.test.context.web.WebDelegatingSmartContextLoader', parent = [null]]]
03:14:03.349 [main] DEBUG o.springframework.test.context.cache - Spring test ApplicationContext cache statistics: [DefaultContextCache@42bfc11f size = 1, maxSize = 32, parentContextCount = 0, hitCount = 18, missCount = 1]
03:14:03.350 [main] DEBUG o.s.b.f.s.DefaultListableBeanFactory - Creating instance of bean 'org.springframework.security.test.context.support.WithMockUserSecurityContextFactory'
03:14:03.350 [main] DEBUG o.s.b.f.s.DefaultListableBeanFactory - Finished creating instance of bean 'org.springframework.security.test.context.support.WithMockUserSecurityContextFactory'
03:14:03.350 [main] DEBUG o.s.t.w.s.TestDispatcherServlet - Initializing servlet ''
03:14:03.351 [main] DEBUG o.s.w.c.s.StandardServletEnvironment - Adding [servletConfigInitParams] PropertySource with lowest search precedence
03:14:03.351 [main] DEBUG o.s.w.c.s.StandardServletEnvironment - Adding [servletContextInitParams] PropertySource with lowest search precedence
03:14:03.351 [main] DEBUG o.s.w.c.s.StandardServletEnvironment - Adding [systemProperties] PropertySource with lowest search precedence
03:14:03.353 [main] DEBUG o.s.w.c.s.StandardServletEnvironment - Adding [systemEnvironment] PropertySource with lowest search precedence
03:14:03.354 [main] DEBUG o.s.w.c.s.StandardServletEnvironment - Initialized StandardServletEnvironment with PropertySources [servletConfigInitParams,servletContextInitParams,systemProperties,systemEnvironment]
03:14:03.354 [main] INFO  o.s.mock.web.MockServletContext - Initializing Spring FrameworkServlet ''
03:14:03.354 [main] INFO  o.s.t.w.s.TestDispatcherServlet - FrameworkServlet '': initialization started
03:14:03.355 [main] DEBUG o.s.t.w.s.TestDispatcherServlet - Unable to locate MultipartResolver with name 'multipartResolver': no multipart request handling provided
03:14:03.355 [main] DEBUG o.s.b.f.s.DefaultListableBeanFactory - Creating instance of bean 'org.springframework.web.servlet.i18n.AcceptHeaderLocaleResolver'
03:14:03.356 [main] DEBUG o.s.b.f.s.DefaultListableBeanFactory - Finished creating instance of bean 'org.springframework.web.servlet.i18n.AcceptHeaderLocaleResolver'
03:14:03.356 [main] DEBUG o.s.t.w.s.TestDispatcherServlet - Unable to locate LocaleResolver with name 'localeResolver': using default [org.springframework.web.servlet.i18n.AcceptHeaderLocaleResolver@3a532f5c]
03:14:03.356 [main] DEBUG o.s.b.f.s.DefaultListableBeanFactory - Creating instance of bean 'org.springframework.web.servlet.theme.FixedThemeResolver'
03:14:03.357 [main] DEBUG o.s.b.f.s.DefaultListableBeanFactory - Finished creating instance of bean 'org.springframework.web.servlet.theme.FixedThemeResolver'
03:14:03.357 [main] DEBUG o.s.t.w.s.TestDispatcherServlet - Unable to locate ThemeResolver with name 'themeResolver': using default [org.springframework.web.servlet.theme.FixedThemeResolver@7d524349]
03:14:03.358 [main] DEBUG o.s.b.f.s.DefaultListableBeanFactory - Returning cached instance of singleton bean 'viewControllerHandlerMapping'
03:14:03.358 [main] DEBUG o.s.b.f.s.DefaultListableBeanFactory - Returning cached instance of singleton bean 'beanNameHandlerMapping'
03:14:03.359 [main] DEBUG o.s.b.f.s.DefaultListableBeanFactory - Returning cached instance of singleton bean 'resourceHandlerMapping'
03:14:03.359 [main] DEBUG o.s.b.f.s.DefaultListableBeanFactory - Returning cached instance of singleton bean 'defaultServletHandlerMapping'
03:14:03.359 [main] DEBUG o.s.b.f.s.DefaultListableBeanFactory - Returning cached instance of singleton bean 'requestMappingHandlerMapping'
03:14:03.360 [main] DEBUG o.s.b.f.s.DefaultListableBeanFactory - Returning cached instance of singleton bean 'requestMappingHandlerAdapter'
03:14:03.360 [main] DEBUG o.s.b.f.s.DefaultListableBeanFactory - Returning cached instance of singleton bean 'httpRequestHandlerAdapter'
03:14:03.360 [main] DEBUG o.s.b.f.s.DefaultListableBeanFactory - Returning cached instance of singleton bean 'simpleControllerHandlerAdapter'
03:14:03.361 [main] DEBUG o.s.b.f.s.DefaultListableBeanFactory - Returning cached instance of singleton bean 'handlerExceptionResolver'
03:14:03.362 [main] DEBUG o.s.b.f.s.DefaultListableBeanFactory - Creating instance of bean 'org.springframework.web.servlet.view.DefaultRequestToViewNameTranslator'
03:14:03.362 [main] DEBUG o.s.b.f.s.DefaultListableBeanFactory - Finished creating instance of bean 'org.springframework.web.servlet.view.DefaultRequestToViewNameTranslator'
03:14:03.363 [main] DEBUG o.s.t.w.s.TestDispatcherServlet - Unable to locate RequestToViewNameTranslator with name 'viewNameTranslator': using default [org.springframework.web.servlet.view.DefaultRequestToViewNameTranslator@666d1233]
03:14:03.363 [main] DEBUG o.s.b.f.s.DefaultListableBeanFactory - Returning cached instance of singleton bean 'mvcViewResolver'
03:14:03.364 [main] DEBUG o.s.b.f.s.DefaultListableBeanFactory - Returning cached instance of singleton bean 'viewResolver'
03:14:03.364 [main] DEBUG o.s.b.f.s.DefaultListableBeanFactory - Creating instance of bean 'org.springframework.web.servlet.support.SessionFlashMapManager'
03:14:03.364 [main] DEBUG o.s.b.f.s.DefaultListableBeanFactory - Finished creating instance of bean 'org.springframework.web.servlet.support.SessionFlashMapManager'
03:14:03.365 [main] DEBUG o.s.t.w.s.TestDispatcherServlet - Unable to locate FlashMapManager with name 'flashMapManager': using default [org.springframework.web.servlet.support.SessionFlashMapManager@185aeeb9]
03:14:03.365 [main] DEBUG o.s.t.w.s.TestDispatcherServlet - Published WebApplicationContext of servlet '' as ServletContext attribute with name [org.springframework.web.servlet.FrameworkServlet.CONTEXT.]
03:14:03.365 [main] INFO  o.s.t.w.s.TestDispatcherServlet - FrameworkServlet '': initialization completed in 11 ms
03:14:03.365 [main] DEBUG o.s.t.w.s.TestDispatcherServlet - Servlet '' configured successfully
03:14:03.365 [main] DEBUG o.h.e.t.internal.TransactionImpl - begin
03:14:03.367 [main] DEBUG org.hibernate.SQL - select this_.username as username1_15_0_, this_.enabled as enabled2_15_0_, this_.password as password3_15_0_, this_.role as role4_15_0_ from Users this_ where this_.username=? and this_.role=?
Hibernate: select this_.username as username1_15_0_, this_.enabled as enabled2_15_0_, this_.password as password3_15_0_, this_.role as role4_15_0_ from Users this_ where this_.username=? and this_.role=?
03:14:03.369 [main] DEBUG org.hibernate.loader.Loader - Result set row: 0
03:14:03.369 [main] DEBUG org.hibernate.loader.Loader - Result row: EntityKey[edu.ncsu.csc.itrust2.models.persistent.User#antti]
03:14:03.370 [main] DEBUG o.h.engine.internal.TwoPhaseLoad - Resolving associations for [edu.ncsu.csc.itrust2.models.persistent.User#antti]
03:14:03.370 [main] DEBUG o.h.engine.internal.TwoPhaseLoad - Done materializing entity [edu.ncsu.csc.itrust2.models.persistent.User#antti]
03:14:03.371 [main] DEBUG o.h.e.t.internal.TransactionImpl - committing
03:14:03.371 [main] DEBUG o.h.e.i.AbstractFlushingEventListener - Processing flush-time cascades
03:14:03.371 [main] DEBUG o.h.e.i.AbstractFlushingEventListener - Dirty checking collections
03:14:03.372 [main] DEBUG o.h.e.i.AbstractFlushingEventListener - Flushed: 0 insertions, 0 updates, 0 deletions to 1 objects
03:14:03.372 [main] DEBUG o.h.e.i.AbstractFlushingEventListener - Flushed: 0 (re)creations, 0 updates, 0 removals to 0 collections
03:14:03.372 [main] DEBUG o.h.internal.util.EntityPrinter - Listing entities:
03:14:03.372 [main] DEBUG o.h.internal.util.EntityPrinter - edu.ncsu.csc.itrust2.models.persistent.User{password=$2a$10$ZH57Z9nAz35uLjIXykBzyOC/uU1ZnO6lp5VRP0aEw7TtfAU1sBUwy, role=ROLE_PATIENT, enabled=1, username=antti}
03:14:03.373 [main] DEBUG o.h.e.t.internal.TransactionImpl - begin
03:14:03.374 [main] DEBUG org.hibernate.SQL - select this_.username as username1_15_0_, this_.enabled as enabled2_15_0_, this_.password as password3_15_0_, this_.role as role4_15_0_ from Users this_ where this_.username=? and this_.role=?
Hibernate: select this_.username as username1_15_0_, this_.enabled as enabled2_15_0_, this_.password as password3_15_0_, this_.role as role4_15_0_ from Users this_ where this_.username=? and this_.role=?
03:14:03.376 [main] DEBUG o.h.e.t.internal.TransactionImpl - committing
03:14:03.377 [main] DEBUG o.h.e.t.internal.TransactionImpl - begin
03:14:03.378 [main] DEBUG org.hibernate.SQL - select this_.username as username1_15_0_, this_.enabled as enabled2_15_0_, this_.password as password3_15_0_, this_.role as role4_15_0_ from Users this_ where this_.username=? and this_.role=?
Hibernate: select this_.username as username1_15_0_, this_.enabled as enabled2_15_0_, this_.password as password3_15_0_, this_.role as role4_15_0_ from Users this_ where this_.username=? and this_.role=?
03:14:03.381 [main] DEBUG o.h.e.t.internal.TransactionImpl - committing
03:14:03.382 [main] DEBUG o.h.e.t.internal.TransactionImpl - begin
03:14:03.384 [main] DEBUG org.hibernate.SQL - select patient_.self_id, patient_.address1 as address1_12_, patient_.address2 as address2_12_, patient_.bloodType as bloodTyp3_12_, patient_.causeOfDeath as causeOfD4_12_, patient_.city as city5_12_, patient_.dateOfBirth as dateOfBi6_12_, patient_.dateOfDeath as dateOfDe7_12_, patient_.email as email8_12_, patient_.ethnicity as ethnicit9_12_, patient_.father_id as father_19_12_, patient_.firstName as firstNa10_12_, patient_.gender as gender11_12_, patient_.id as id12_12_, patient_.lastName as lastNam13_12_, patient_.mother_id as mother_20_12_, patient_.phone as phone14_12_, patient_.preferredName as preferr15_12_, patient_.state as state16_12_, patient_.zip as zip17_12_ from Patients patient_ where patient_.self_id=?
Hibernate: select patient_.self_id, patient_.address1 as address1_12_, patient_.address2 as address2_12_, patient_.bloodType as bloodTyp3_12_, patient_.causeOfDeath as causeOfD4_12_, patient_.city as city5_12_, patient_.dateOfBirth as dateOfBi6_12_, patient_.dateOfDeath as dateOfDe7_12_, patient_.email as email8_12_, patient_.ethnicity as ethnicit9_12_, patient_.father_id as father_19_12_, patient_.firstName as firstNa10_12_, patient_.gender as gender11_12_, patient_.id as id12_12_, patient_.lastName as lastNam13_12_, patient_.mother_id as mother_20_12_, patient_.phone as phone14_12_, patient_.preferredName as preferr15_12_, patient_.state as state16_12_, patient_.zip as zip17_12_ from Patients patient_ where patient_.self_id=?
03:14:03.386 [main] DEBUG o.h.r.j.i.ResourceRegistryStandardImpl - HHH000387: ResultSet's statement was not registered
03:14:03.387 [main] DEBUG o.h.e.t.internal.TransactionImpl - committing
03:14:03.387 [main] DEBUG o.h.e.i.AbstractFlushingEventListener - Processing flush-time cascades
03:14:03.387 [main] DEBUG o.h.e.i.AbstractFlushingEventListener - Dirty checking collections
03:14:03.388 [main] DEBUG o.h.e.i.AbstractFlushingEventListener - Flushed: 0 insertions, 0 updates, 0 deletions to 1 objects
03:14:03.388 [main] DEBUG o.h.e.i.AbstractFlushingEventListener - Flushed: 0 (re)creations, 0 updates, 0 removals to 0 collections
03:14:03.388 [main] DEBUG o.h.internal.util.EntityPrinter - Listing entities:
03:14:03.388 [main] DEBUG o.h.internal.util.EntityPrinter - edu.ncsu.csc.itrust2.models.persistent.Patient{zip=27514, lastName=Walhelm, ethnicity=Caucasian, gender=Male, address2=Some Location, city=Viipuri, dateOfDeath=null, address1=1 Test Street, father=null, dateOfBirth=java.util.GregorianCalendar[time=235180800000,areFieldsSet=true,areAllFieldsSet=true,lenient=true,zone=sun.util.calendar.ZoneInfo[id="Etc/UTC",offset=0,dstSavings=0,useDaylight=false,transitions=0,lastRule=null],firstDayOfWeek=1,minimalDaysInFirstWeek=1,ERA=1,YEAR=1977,MONTH=5,WEEK_OF_YEAR=25,WEEK_OF_MONTH=3,DAY_OF_MONTH=15,DAY_OF_YEAR=166,DAY_OF_WEEK=4,DAY_OF_WEEK_IN_MONTH=3,AM_PM=0,HOUR=0,HOUR_OF_DAY=0,MINUTE=0,SECOND=0,MILLISECOND=0,ZONE_OFFSET=0,DST_OFFSET=0], bloodType=APos, firstName=Antti, mother=null, phone=123-456-7890, id=null, preferredName=null, state=NC, causeOfDeath=null, email=antti@itrust.fi}
03:14:03.392 [main] DEBUG o.s.t.w.s.TestDispatcherServlet - DispatcherServlet with name '' processing PUT request for [/api/v1/patients/antti]
03:14:03.392 [main] DEBUG o.s.w.s.m.m.a.RequestMappingHandlerMapping - Looking up handler method for path /api/v1/patients/antti
03:14:03.395 [main] DEBUG o.s.w.s.m.m.a.RequestMappingHandlerMapping - Returning handler method [public org.springframework.http.ResponseEntity edu.ncsu.csc.itrust2.controllers.api.APIPatientController.updatePatient(java.lang.String,edu.ncsu.csc.itrust2.forms.hcp_patient.PatientForm)]
03:14:03.395 [main] DEBUG o.s.b.f.s.DefaultListableBeanFactory - Returning cached instance of singleton bean 'APIPatientController'
03:14:03.396 [main] DEBUG o.s.w.s.m.m.a.RequestResponseBodyMethodProcessor - Read [class edu.ncsu.csc.itrust2.forms.hcp_patient.PatientForm] as "application/json" with [org.springframework.http.converter.json.GsonHttpMessageConverter@378ee665]
03:14:03.399 [main] DEBUG o.h.e.t.internal.TransactionImpl - begin
03:14:03.400 [main] DEBUG org.hibernate.SQL - select this_.username as username1_15_0_, this_.enabled as enabled2_15_0_, this_.password as password3_15_0_, this_.role as role4_15_0_ from Users this_ where this_.username=? and this_.role=?
Hibernate: select this_.username as username1_15_0_, this_.enabled as enabled2_15_0_, this_.password as password3_15_0_, this_.role as role4_15_0_ from Users this_ where this_.username=? and this_.role=?
03:14:03.404 [main] DEBUG org.hibernate.loader.Loader - Result set row: 0
03:14:03.404 [main] DEBUG org.hibernate.loader.Loader - Result row: EntityKey[edu.ncsu.csc.itrust2.models.persistent.User#antti]
03:14:03.405 [main] DEBUG o.h.engine.internal.TwoPhaseLoad - Resolving associations for [edu.ncsu.csc.itrust2.models.persistent.User#antti]
03:14:03.406 [main] DEBUG o.h.engine.internal.TwoPhaseLoad - Done materializing entity [edu.ncsu.csc.itrust2.models.persistent.User#antti]
03:14:03.407 [main] DEBUG o.h.e.t.internal.TransactionImpl - committing
03:14:03.407 [main] DEBUG o.h.e.i.AbstractFlushingEventListener - Processing flush-time cascades
03:14:03.408 [main] DEBUG o.h.e.i.AbstractFlushingEventListener - Dirty checking collections
03:14:03.408 [main] DEBUG o.h.e.i.AbstractFlushingEventListener - Flushed: 0 insertions, 0 updates, 0 deletions to 1 objects
03:14:03.408 [main] DEBUG o.h.e.i.AbstractFlushingEventListener - Flushed: 0 (re)creations, 0 updates, 0 removals to 0 collections
03:14:03.409 [main] DEBUG o.h.internal.util.EntityPrinter - Listing entities:
03:14:03.409 [main] DEBUG o.h.internal.util.EntityPrinter - edu.ncsu.csc.itrust2.models.persistent.User{password=$2a$10$ZH57Z9nAz35uLjIXykBzyOC/uU1ZnO6lp5VRP0aEw7TtfAU1sBUwy, role=ROLE_PATIENT, enabled=1, username=antti}
03:14:03.410 [main] DEBUG o.h.e.t.internal.TransactionImpl - begin
03:14:03.411 [main] DEBUG org.hibernate.SQL - select this_.username as username1_15_0_, this_.enabled as enabled2_15_0_, this_.password as password3_15_0_, this_.role as role4_15_0_ from Users this_ where this_.username=? and this_.role=?
Hibernate: select this_.username as username1_15_0_, this_.enabled as enabled2_15_0_, this_.password as password3_15_0_, this_.role as role4_15_0_ from Users this_ where this_.username=? and this_.role=?
03:14:03.413 [main] DEBUG o.h.e.t.internal.TransactionImpl - committing
03:14:03.414 [main] DEBUG o.h.e.t.internal.TransactionImpl - begin
03:14:03.416 [main] DEBUG org.hibernate.SQL - select this_.username as username1_15_0_, this_.enabled as enabled2_15_0_, this_.password as password3_15_0_, this_.role as role4_15_0_ from Users this_ where this_.username=? and this_.role=?
Hibernate: select this_.username as username1_15_0_, this_.enabled as enabled2_15_0_, this_.password as password3_15_0_, this_.role as role4_15_0_ from Users this_ where this_.username=? and this_.role=?
03:14:03.417 [main] DEBUG o.h.e.t.internal.TransactionImpl - committing
03:14:03.419 [main] DEBUG o.h.e.t.internal.TransactionImpl - begin
03:14:03.421 [main] DEBUG org.hibernate.SQL - select this_.username as username1_15_0_, this_.enabled as enabled2_15_0_, this_.password as password3_15_0_, this_.role as role4_15_0_ from Users this_ where this_.username=? and this_.role=?
Hibernate: select this_.username as username1_15_0_, this_.enabled as enabled2_15_0_, this_.password as password3_15_0_, this_.role as role4_15_0_ from Users this_ where this_.username=? and this_.role=?
03:14:03.422 [main] DEBUG org.hibernate.loader.Loader - Result set row: 0
03:14:03.423 [main] DEBUG org.hibernate.loader.Loader - Result row: EntityKey[edu.ncsu.csc.itrust2.models.persistent.User#antti]
03:14:03.425 [main] DEBUG o.h.engine.internal.TwoPhaseLoad - Resolving associations for [edu.ncsu.csc.itrust2.models.persistent.User#antti]
03:14:03.426 [main] DEBUG o.h.engine.internal.TwoPhaseLoad - Done materializing entity [edu.ncsu.csc.itrust2.models.persistent.User#antti]
03:14:03.427 [main] DEBUG o.h.e.t.internal.TransactionImpl - committing
03:14:03.427 [main] DEBUG o.h.e.i.AbstractFlushingEventListener - Processing flush-time cascades
03:14:03.428 [main] DEBUG o.h.e.i.AbstractFlushingEventListener - Dirty checking collections
03:14:03.428 [main] DEBUG o.h.e.i.AbstractFlushingEventListener - Flushed: 0 insertions, 0 updates, 0 deletions to 1 objects
03:14:03.428 [main] DEBUG o.h.e.i.AbstractFlushingEventListener - Flushed: 0 (re)creations, 0 updates, 0 removals to 0 collections
03:14:03.429 [main] DEBUG o.h.internal.util.EntityPrinter - Listing entities:
03:14:03.429 [main] DEBUG o.h.internal.util.EntityPrinter - edu.ncsu.csc.itrust2.models.persistent.User{password=$2a$10$ZH57Z9nAz35uLjIXykBzyOC/uU1ZnO6lp5VRP0aEw7TtfAU1sBUwy, role=ROLE_PATIENT, enabled=1, username=antti}
03:14:03.431 [main] DEBUG o.h.e.t.internal.TransactionImpl - begin
03:14:03.433 [main] DEBUG org.hibernate.SQL - select this_.self_id as self_id18_12_2_, this_.address1 as address1_12_2_, this_.address2 as address2_12_2_, this_.bloodType as bloodTyp3_12_2_, this_.causeOfDeath as causeOfD4_12_2_, this_.city as city5_12_2_, this_.dateOfBirth as dateOfBi6_12_2_, this_.dateOfDeath as dateOfDe7_12_2_, this_.email as email8_12_2_, this_.ethnicity as ethnicit9_12_2_, this_.father_id as father_19_12_2_, this_.firstName as firstNa10_12_2_, this_.gender as gender11_12_2_, this_.id as id12_12_2_, this_.lastName as lastNam13_12_2_, this_.mother_id as mother_20_12_2_, this_.phone as phone14_12_2_, this_.preferredName as preferr15_12_2_, this_.state as state16_12_2_, this_.zip as zip17_12_2_, user2_.username as username1_15_0_, user2_.enabled as enabled2_15_0_, user2_.password as password3_15_0_, user2_.role as role4_15_0_, user3_.username as username1_15_1_, user3_.enabled as enabled2_15_1_, user3_.password as password3_15_1_, user3_.role as role4_15_1_ from Patients this_ left outer join Users user2_ on this_.father_id=user2_.username left outer join Users user3_ on this_.mother_id=user3_.username where this_.self_id=?
Hibernate: select this_.self_id as self_id18_12_2_, this_.address1 as address1_12_2_, this_.address2 as address2_12_2_, this_.bloodType as bloodTyp3_12_2_, this_.causeOfDeath as causeOfD4_12_2_, this_.city as city5_12_2_, this_.dateOfBirth as dateOfBi6_12_2_, this_.dateOfDeath as dateOfDe7_12_2_, this_.email as email8_12_2_, this_.ethnicity as ethnicit9_12_2_, this_.father_id as father_19_12_2_, this_.firstName as firstNa10_12_2_, this_.gender as gender11_12_2_, this_.id as id12_12_2_, this_.lastName as lastNam13_12_2_, this_.mother_id as mother_20_12_2_, this_.phone as phone14_12_2_, this_.preferredName as preferr15_12_2_, this_.state as state16_12_2_, this_.zip as zip17_12_2_, user2_.username as username1_15_0_, user2_.enabled as enabled2_15_0_, user2_.password as password3_15_0_, user2_.role as role4_15_0_, user3_.username as username1_15_1_, user3_.enabled as enabled2_15_1_, user3_.password as password3_15_1_, user3_.role as role4_15_1_ from Patients this_ left outer join Users user2_ on this_.father_id=user2_.username left outer join Users user3_ on this_.mother_id=user3_.username where this_.self_id=?
03:14:03.434 [main] DEBUG org.hibernate.loader.Loader - Result set row: 0
03:14:03.445 [main] DEBUG org.hibernate.SQL - select user0_.username as username1_15_0_, user0_.enabled as enabled2_15_0_, user0_.password as password3_15_0_, user0_.role as role4_15_0_ from Users user0_ where user0_.username=?
Hibernate: select user0_.username as username1_15_0_, user0_.enabled as enabled2_15_0_, user0_.password as password3_15_0_, user0_.role as role4_15_0_ from Users user0_ where user0_.username=?
03:14:03.447 [main] DEBUG o.h.l.p.e.p.i.ResultSetProcessorImpl - Starting ResultSet row #0
03:14:03.447 [main] DEBUG o.h.l.p.e.p.i.EntityReferenceInitializerImpl - On call to EntityIdentifierReaderImpl#resolve, EntityKey was already known; should only happen on root returns with an optional identifier specified
03:14:03.448 [main] DEBUG o.h.engine.internal.TwoPhaseLoad - Resolving associations for [edu.ncsu.csc.itrust2.models.persistent.User#antti]
03:14:03.449 [main] DEBUG o.h.engine.internal.TwoPhaseLoad - Done materializing entity [edu.ncsu.csc.itrust2.models.persistent.User#antti]
03:14:03.449 [main] DEBUG o.h.r.j.i.ResourceRegistryStandardImpl - HHH000387: ResultSet's statement was not registered
03:14:03.450 [main] DEBUG o.h.l.e.p.AbstractLoadPlanBasedEntityLoader - Done entity load : edu.ncsu.csc.itrust2.models.persistent.User#antti
03:14:03.450 [main] DEBUG org.hibernate.loader.Loader - Result row: null, null, EntityKey[edu.ncsu.csc.itrust2.models.persistent.Patient#component[self]{self=edu.ncsu.csc.itrust2.models.persistent.User#antti}]
03:14:03.452 [main] DEBUG o.h.engine.internal.TwoPhaseLoad - Resolving associations for [edu.ncsu.csc.itrust2.models.persistent.Patient#component[self]{self=edu.ncsu.csc.itrust2.models.persistent.User#antti}]
03:14:03.453 [main] DEBUG o.h.engine.internal.TwoPhaseLoad - Done materializing entity [edu.ncsu.csc.itrust2.models.persistent.Patient#component[self]{self=edu.ncsu.csc.itrust2.models.persistent.User#antti}]
03:14:03.456 [main] DEBUG o.h.e.t.internal.TransactionImpl - committing
03:14:03.457 [main] DEBUG o.h.e.i.AbstractFlushingEventListener - Processing flush-time cascades
03:14:03.457 [main] DEBUG o.h.e.i.AbstractFlushingEventListener - Dirty checking collections
03:14:03.462 [main] DEBUG o.h.e.i.AbstractFlushingEventListener - Flushed: 0 insertions, 0 updates, 0 deletions to 2 objects
03:14:03.463 [main] DEBUG o.h.e.i.AbstractFlushingEventListener - Flushed: 0 (re)creations, 0 updates, 0 removals to 0 collections
03:14:03.463 [main] DEBUG o.h.internal.util.EntityPrinter - Listing entities:
03:14:03.463 [main] DEBUG o.h.internal.util.EntityPrinter - edu.ncsu.csc.itrust2.models.persistent.User{password=$2a$10$ZH57Z9nAz35uLjIXykBzyOC/uU1ZnO6lp5VRP0aEw7TtfAU1sBUwy, role=ROLE_PATIENT, enabled=1, username=antti}
03:14:03.464 [main] DEBUG o.h.internal.util.EntityPrinter - edu.ncsu.csc.itrust2.models.persistent.Patient{zip=27514, lastName=Walhelm, ethnicity=Caucasian, gender=Male, address2=Some Location, city=Viipuri, dateOfDeath=null, address1=1 Test Street, father=null, dateOfBirth=java.util.GregorianCalendar[time=235180800000,areFieldsSet=true,areAllFieldsSet=true,lenient=true,zone=sun.util.calendar.ZoneInfo[id="Etc/UTC",offset=0,dstSavings=0,useDaylight=false,transitions=0,lastRule=null],firstDayOfWeek=1,minimalDaysInFirstWeek=1,ERA=1,YEAR=1977,MONTH=5,WEEK_OF_YEAR=25,WEEK_OF_MONTH=3,DAY_OF_MONTH=15,DAY_OF_YEAR=166,DAY_OF_WEEK=4,DAY_OF_WEEK_IN_MONTH=3,AM_PM=0,HOUR=0,HOUR_OF_DAY=0,MINUTE=0,SECOND=0,MILLISECOND=0,ZONE_OFFSET=0,DST_OFFSET=0], bloodType=APos, firstName=Antti, mother=null, phone=123-456-7890, id=null, preferredName=null, state=NC, causeOfDeath=null, email=antti@itrust.fi}
03:14:03.467 [main] DEBUG o.s.w.s.m.m.a.HttpEntityMethodProcessor - Written [{"status":"failed","message":"No Patient found for id antti"}] as "text/plain" using [org.springframework.http.converter.StringHttpMessageConverter@450b21a2]
03:14:03.468 [main] DEBUG o.s.t.w.s.TestDispatcherServlet - Null ModelAndView returned to DispatcherServlet with name '': assuming HandlerAdapter completed request handling
03:14:03.468 [main] DEBUG o.s.t.w.s.TestDispatcherServlet - Successfully completed request
03:14:03.469 [main] DEBUG o.s.t.c.s.AbstractDirtiesContextTestExecutionListener - After test method: context [DefaultTestContext@49dea2d testClass = APIPatientTest, testInstance = edu.ncsu.csc.itrust2.apitest.APIPatientTest@36f5aa2a, testMethod = testPatientAsPatient@APIPatientTest, testException = java.lang.AssertionError: Status expected:<200> but was:<404>, mergedContextConfiguration = [WebMergedContextConfiguration@3ff4655a testClass = APIPatientTest, locations = '{}', classes = '{class edu.ncsu.csc.itrust2.config.RootConfiguration, class edu.ncsu.csc.itrust2.mvc.config.WebMvcConfiguration}', contextInitializerClasses = '[]', activeProfiles = '{}', propertySourceLocations = '{}', propertySourceProperties = '{}', contextCustomizers = set[[empty]], resourceBasePath = 'src/main/webapp', contextLoader = 'org.springframework.test.context.web.WebDelegatingSmartContextLoader', parent = [null]]], class annotated with @DirtiesContext [false] with mode [null], method annotated with @DirtiesContext [false] with mode [null].
03:14:03.471 [main] DEBUG o.s.t.c.w.ServletTestExecutionListener - Resetting RequestContextHolder for test context [DefaultTestContext@49dea2d testClass = APIPatientTest, testInstance = edu.ncsu.csc.itrust2.apitest.APIPatientTest@36f5aa2a, testMethod = testPatientAsPatient@APIPatientTest, testException = java.lang.AssertionError: Status expected:<200> but was:<404>, mergedContextConfiguration = [WebMergedContextConfiguration@3ff4655a testClass = APIPatientTest, locations = '{}', classes = '{class edu.ncsu.csc.itrust2.config.RootConfiguration, class edu.ncsu.csc.itrust2.mvc.config.WebMvcConfiguration}', contextInitializerClasses = '[]', activeProfiles = '{}', propertySourceLocations = '{}', propertySourceProperties = '{}', contextCustomizers = set[[empty]], resourceBasePath = 'src/main/webapp', contextLoader = 'org.springframework.test.context.web.WebDelegatingSmartContextLoader', parent = [null]]].
]]></system-out>
  </testcase>
  <testcase name="testPatientUnauthenticated" classname="edu.ncsu.csc.itrust2.apitest.APIPatientTest" time="0.052"/>
</testsuite>