<?xml version="1.0" encoding="UTF-8"?>
<testsuite xmlns:xsi="http://www.w3.org/2001/XMLSchema-instance" xsi:noNamespaceSchemaLocation="https://maven.apache.org/surefire/maven-surefire-plugin/xsd/surefire-test-report.xsd" name="edu.ncsu.csc.itrust2.apitest.APILogEntryTest" time="2.945" tests="2" errors="0" skipped="0" failures="2">
  <properties>
    <property name="java.runtime.name" value="Java(TM) SE Runtime Environment"/>
    <property name="sun.boot.library.path" value="/usr/lib/jvm/java-8-oracle/jre/lib/amd64"/>
    <property name="java.vm.version" value="25.161-b12"/>
    <property name="java.vm.vendor" value="Oracle Corporation"/>
    <property name="maven.multiModuleProjectDirectory" value="/var/lib/jenkins/workspace/iTrust-Fuzz-Job/iTrust2-v2/iTrust/iTrust2"/>
    <property name="java.vendor.url" value="http://java.oracle.com/"/>
    <property name="path.separator" value=":"/>
    <property name="guice.disable.misplaced.annotation.check" value="true"/>
    <property name="java.vm.name" value="Java HotSpot(TM) 64-Bit Server VM"/>
    <property name="file.encoding.pkg" value="sun.io"/>
    <property name="user.country" value="US"/>
    <property name="sun.java.launcher" value="SUN_STANDARD"/>
    <property name="sun.os.patch.level" value="unknown"/>
    <property name="java.vm.specification.name" value="Java Virtual Machine Specification"/>
    <property name="user.dir" value="/var/lib/jenkins/workspace/iTrust-Fuzz-Job/iTrust2-v2/iTrust/iTrust2"/>
    <property name="java.runtime.version" value="1.8.0_161-b12"/>
    <property name="java.awt.graphicsenv" value="sun.awt.X11GraphicsEnvironment"/>
    <property name="java.endorsed.dirs" value="/usr/lib/jvm/java-8-oracle/jre/lib/endorsed"/>
    <property name="os.arch" value="amd64"/>
    <property name="java.io.tmpdir" value="/tmp"/>
    <property name="line.separator" value="&#10;"/>
    <property name="java.vm.specification.vendor" value="Oracle Corporation"/>
    <property name="os.name" value="Linux"/>
    <property name="classworlds.conf" value="/usr/share/maven/bin/m2.conf"/>
    <property name="sun.jnu.encoding" value="UTF-8"/>
    <property name="java.library.path" value="/usr/java/packages/lib/amd64:/usr/lib64:/lib64:/lib:/usr/lib"/>
    <property name="java.specification.name" value="Java Platform API Specification"/>
    <property name="java.class.version" value="52.0"/>
    <property name="sun.management.compiler" value="HotSpot 64-Bit Tiered Compilers"/>
    <property name="os.version" value="4.4.0-116-generic"/>
    <property name="user.home" value="/root"/>
    <property name="user.timezone" value="Etc/UTC"/>
    <property name="java.awt.printerjob" value="sun.print.PSPrinterJob"/>
    <property name="file.encoding" value="UTF-8"/>
    <property name="java.specification.version" value="1.8"/>
    <property name="user.name" value="root"/>
    <property name="java.class.path" value="/usr/share/maven/boot/plexus-classworlds-2.x.jar"/>
    <property name="java.vm.specification.version" value="1.8"/>
    <property name="sun.arch.data.model" value="64"/>
    <property name="java.home" value="/usr/lib/jvm/java-8-oracle/jre"/>
    <property name="sun.java.command" value="org.codehaus.plexus.classworlds.launcher.Launcher clean test verify checkstyle:checkstyle"/>
    <property name="java.specification.vendor" value="Oracle Corporation"/>
    <property name="user.language" value="en"/>
    <property name="awt.toolkit" value="sun.awt.X11.XToolkit"/>
    <property name="java.vm.info" value="mixed mode"/>
    <property name="java.version" value="1.8.0_161"/>
    <property name="java.ext.dirs" value="/usr/lib/jvm/java-8-oracle/jre/lib/ext:/usr/java/packages/lib/ext"/>
    <property name="securerandom.source" value="file:/dev/./urandom"/>
    <property name="sun.boot.class.path" value="/usr/lib/jvm/java-8-oracle/jre/lib/resources.jar:/usr/lib/jvm/java-8-oracle/jre/lib/rt.jar:/usr/lib/jvm/java-8-oracle/jre/lib/sunrsasign.jar:/usr/lib/jvm/java-8-oracle/jre/lib/jsse.jar:/usr/lib/jvm/java-8-oracle/jre/lib/jce.jar:/usr/lib/jvm/java-8-oracle/jre/lib/charsets.jar:/usr/lib/jvm/java-8-oracle/jre/lib/jfr.jar:/usr/lib/jvm/java-8-oracle/jre/classes"/>
    <property name="java.vendor" value="Oracle Corporation"/>
    <property name="maven.home" value="/usr/share/maven"/>
    <property name="file.separator" value="/"/>
    <property name="java.vendor.url.bug" value="http://bugreport.sun.com/bugreport/"/>
    <property name="sun.cpu.endian" value="little"/>
    <property name="sun.io.unicode.encoding" value="UnicodeLittle"/>
    <property name="sun.cpu.isalist" value=""/>
  </properties>
  <testcase name="testLogByDateLarge" classname="edu.ncsu.csc.itrust2.apitest.APILogEntryTest" time="2.916">
    <failure message="Status expected:&lt;200&gt; but was:&lt;500&gt;" type="java.lang.AssertionError"><![CDATA[java.lang.AssertionError: Status expected:<200> but was:<500>
	at edu.ncsu.csc.itrust2.apitest.APILogEntryTest.testLogByDateLarge(APILogEntryTest.java:104)
]]></failure>
    <system-out><![CDATA[04:26:47.456 [main] DEBUG o.s.t.c.j.SpringJUnit4ClassRunner - SpringJUnit4ClassRunner constructor called with [class edu.ncsu.csc.itrust2.apitest.APILogEntryTest]
04:26:47.456 [main] DEBUG o.s.test.context.BootstrapUtils - Instantiating CacheAwareContextLoaderDelegate from class [org.springframework.test.context.cache.DefaultCacheAwareContextLoaderDelegate]
04:26:47.456 [main] DEBUG o.s.test.context.BootstrapUtils - Instantiating BootstrapContext using constructor [public org.springframework.test.context.support.DefaultBootstrapContext(java.lang.Class,org.springframework.test.context.CacheAwareContextLoaderDelegate)]
04:26:47.456 [main] DEBUG o.s.test.context.BootstrapUtils - Instantiating TestContextBootstrapper for test class [edu.ncsu.csc.itrust2.apitest.APILogEntryTest] from class [org.springframework.test.context.web.WebTestContextBootstrapper]
04:26:47.460 [main] DEBUG o.s.t.c.s.AbstractDelegatingSmartContextLoader - Delegating to AnnotationConfigWebContextLoader to process context configuration [ContextConfigurationAttributes@36fb90cc declaringClass = 'edu.ncsu.csc.itrust2.apitest.APILogEntryTest', classes = '{class edu.ncsu.csc.itrust2.config.RootConfiguration, class edu.ncsu.csc.itrust2.mvc.config.WebMvcConfiguration}', locations = '{}', inheritLocations = true, initializers = '{}', inheritInitializers = true, name = [null], contextLoaderClass = 'org.springframework.test.context.ContextLoader'].
04:26:47.461 [main] DEBUG o.s.t.c.support.ActiveProfilesUtils - Could not find an 'annotation declaring class' for annotation type [org.springframework.test.context.ActiveProfiles] and class [edu.ncsu.csc.itrust2.apitest.APILogEntryTest]
04:26:47.461 [main] DEBUG o.s.t.c.w.WebTestContextBootstrapper - @TestExecutionListeners is not present for class [edu.ncsu.csc.itrust2.apitest.APILogEntryTest]: using defaults.
04:26:47.465 [main] INFO  o.s.t.c.w.WebTestContextBootstrapper - Loaded default TestExecutionListener class names from location [META-INF/spring.factories]: [org.springframework.security.test.context.support.WithSecurityContextTestExecutionListener, org.springframework.test.context.web.ServletTestExecutionListener, org.springframework.test.context.support.DirtiesContextBeforeModesTestExecutionListener, org.springframework.test.context.support.DependencyInjectionTestExecutionListener, org.springframework.test.context.support.DirtiesContextTestExecutionListener, org.springframework.test.context.transaction.TransactionalTestExecutionListener, org.springframework.test.context.jdbc.SqlScriptsTestExecutionListener]
04:26:47.466 [main] INFO  o.s.t.c.w.WebTestContextBootstrapper - Using TestExecutionListeners: [org.springframework.test.context.web.ServletTestExecutionListener@5119415f, org.springframework.test.context.support.DirtiesContextBeforeModesTestExecutionListener@787b501b, org.springframework.test.context.support.DependencyInjectionTestExecutionListener@18390087, org.springframework.test.context.support.DirtiesContextTestExecutionListener@dc6e8d9, org.springframework.test.context.transaction.TransactionalTestExecutionListener@164e5387, org.springframework.test.context.jdbc.SqlScriptsTestExecutionListener@349722dd, org.springframework.security.test.context.support.WithSecurityContextTestExecutionListener@647a21f0]
04:26:47.466 [main] DEBUG o.s.t.annotation.ProfileValueUtils - Retrieved @ProfileValueSourceConfiguration [null] for test class [edu.ncsu.csc.itrust2.apitest.APILogEntryTest]
04:26:47.466 [main] DEBUG o.s.t.annotation.ProfileValueUtils - Retrieved ProfileValueSource type [class org.springframework.test.annotation.SystemProfileValueSource] for class [edu.ncsu.csc.itrust2.apitest.APILogEntryTest]
04:26:47.467 [main] DEBUG o.s.t.annotation.ProfileValueUtils - Retrieved @ProfileValueSourceConfiguration [null] for test class [edu.ncsu.csc.itrust2.apitest.APILogEntryTest]
04:26:47.467 [main] DEBUG o.s.t.annotation.ProfileValueUtils - Retrieved ProfileValueSource type [class org.springframework.test.annotation.SystemProfileValueSource] for class [edu.ncsu.csc.itrust2.apitest.APILogEntryTest]
04:26:47.467 [main] DEBUG o.s.t.annotation.ProfileValueUtils - Retrieved @ProfileValueSourceConfiguration [null] for test class [edu.ncsu.csc.itrust2.apitest.APILogEntryTest]
04:26:47.467 [main] DEBUG o.s.t.annotation.ProfileValueUtils - Retrieved ProfileValueSource type [class org.springframework.test.annotation.SystemProfileValueSource] for class [edu.ncsu.csc.itrust2.apitest.APILogEntryTest]
04:26:47.467 [main] DEBUG o.s.t.c.s.AbstractDirtiesContextTestExecutionListener - Before test class: context [DefaultTestContext@5e409d86 testClass = APILogEntryTest, testInstance = [null], testMethod = [null], testException = [null], mergedContextConfiguration = [WebMergedContextConfiguration@3af62fa2 testClass = APILogEntryTest, locations = '{}', classes = '{class edu.ncsu.csc.itrust2.config.RootConfiguration, class edu.ncsu.csc.itrust2.mvc.config.WebMvcConfiguration}', contextInitializerClasses = '[]', activeProfiles = '{}', propertySourceLocations = '{}', propertySourceProperties = '{}', contextCustomizers = set[[empty]], resourceBasePath = 'src/main/webapp', contextLoader = 'org.springframework.test.context.web.WebDelegatingSmartContextLoader', parent = [null]]], class annotated with @DirtiesContext [false] with mode [null].
04:26:47.472 [main] DEBUG o.s.t.annotation.ProfileValueUtils - Retrieved @ProfileValueSourceConfiguration [null] for test class [edu.ncsu.csc.itrust2.apitest.APILogEntryTest]
04:26:47.472 [main] DEBUG o.s.t.annotation.ProfileValueUtils - Retrieved ProfileValueSource type [class org.springframework.test.annotation.SystemProfileValueSource] for class [edu.ncsu.csc.itrust2.apitest.APILogEntryTest]
04:26:47.472 [main] DEBUG o.s.t.c.c.DefaultCacheAwareContextLoaderDelegate - Retrieved ApplicationContext from cache with key [[WebMergedContextConfiguration@3af62fa2 testClass = APILogEntryTest, locations = '{}', classes = '{class edu.ncsu.csc.itrust2.config.RootConfiguration, class edu.ncsu.csc.itrust2.mvc.config.WebMvcConfiguration}', contextInitializerClasses = '[]', activeProfiles = '{}', propertySourceLocations = '{}', propertySourceProperties = '{}', contextCustomizers = set[[empty]], resourceBasePath = 'src/main/webapp', contextLoader = 'org.springframework.test.context.web.WebDelegatingSmartContextLoader', parent = [null]]]
04:26:47.473 [main] DEBUG o.springframework.test.context.cache - Spring test ApplicationContext cache statistics: [DefaultContextCache@374d09fa size = 1, maxSize = 32, parentContextCount = 0, hitCount = 31, missCount = 1]
04:26:47.473 [main] DEBUG o.s.t.c.w.ServletTestExecutionListener - Setting up MockHttpServletRequest, MockHttpServletResponse, ServletWebRequest, and RequestContextHolder for test context [DefaultTestContext@5e409d86 testClass = APILogEntryTest, testInstance = edu.ncsu.csc.itrust2.apitest.APILogEntryTest@37fa63eb, testMethod = [null], testException = [null], mergedContextConfiguration = [WebMergedContextConfiguration@3af62fa2 testClass = APILogEntryTest, locations = '{}', classes = '{class edu.ncsu.csc.itrust2.config.RootConfiguration, class edu.ncsu.csc.itrust2.mvc.config.WebMvcConfiguration}', contextInitializerClasses = '[]', activeProfiles = '{}', propertySourceLocations = '{}', propertySourceProperties = '{}', contextCustomizers = set[[empty]], resourceBasePath = 'src/main/webapp', contextLoader = 'org.springframework.test.context.web.WebDelegatingSmartContextLoader', parent = [null]]].
04:26:47.473 [main] DEBUG o.s.t.c.s.DependencyInjectionTestExecutionListener - Performing dependency injection for test context [[DefaultTestContext@5e409d86 testClass = APILogEntryTest, testInstance = edu.ncsu.csc.itrust2.apitest.APILogEntryTest@37fa63eb, testMethod = [null], testException = [null], mergedContextConfiguration = [WebMergedContextConfiguration@3af62fa2 testClass = APILogEntryTest, locations = '{}', classes = '{class edu.ncsu.csc.itrust2.config.RootConfiguration, class edu.ncsu.csc.itrust2.mvc.config.WebMvcConfiguration}', contextInitializerClasses = '[]', activeProfiles = '{}', propertySourceLocations = '{}', propertySourceProperties = '{}', contextCustomizers = set[[empty]], resourceBasePath = 'src/main/webapp', contextLoader = 'org.springframework.test.context.web.WebDelegatingSmartContextLoader', parent = [null]]]].
04:26:47.473 [main] DEBUG o.s.t.c.c.DefaultCacheAwareContextLoaderDelegate - Retrieved ApplicationContext from cache with key [[WebMergedContextConfiguration@3af62fa2 testClass = APILogEntryTest, locations = '{}', classes = '{class edu.ncsu.csc.itrust2.config.RootConfiguration, class edu.ncsu.csc.itrust2.mvc.config.WebMvcConfiguration}', contextInitializerClasses = '[]', activeProfiles = '{}', propertySourceLocations = '{}', propertySourceProperties = '{}', contextCustomizers = set[[empty]], resourceBasePath = 'src/main/webapp', contextLoader = 'org.springframework.test.context.web.WebDelegatingSmartContextLoader', parent = [null]]]
04:26:47.473 [main] DEBUG o.springframework.test.context.cache - Spring test ApplicationContext cache statistics: [DefaultContextCache@374d09fa size = 1, maxSize = 32, parentContextCount = 0, hitCount = 32, missCount = 1]
04:26:47.478 [main] DEBUG o.s.b.f.annotation.InjectionMetadata - Processing injected element of bean 'edu.ncsu.csc.itrust2.apitest.APILogEntryTest': AutowiredFieldElement for private org.springframework.web.context.WebApplicationContext edu.ncsu.csc.itrust2.apitest.APILogEntryTest.context
04:26:47.478 [main] DEBUG o.s.b.f.a.AutowiredAnnotationBeanPostProcessor - Autowiring by type from bean name 'edu.ncsu.csc.itrust2.apitest.APILogEntryTest' to bean named 'org.springframework.web.context.support.GenericWebApplicationContext@a098d76'
04:26:47.478 [main] DEBUG o.s.b.f.s.DefaultListableBeanFactory - Returning cached instance of singleton bean 'metaDataSourceAdvisor'
04:26:47.479 [main] DEBUG o.s.t.c.s.AbstractDirtiesContextTestExecutionListener - Before test method: context [DefaultTestContext@5e409d86 testClass = APILogEntryTest, testInstance = edu.ncsu.csc.itrust2.apitest.APILogEntryTest@37fa63eb, testMethod = testLogByDateLarge@APILogEntryTest, testException = [null], mergedContextConfiguration = [WebMergedContextConfiguration@3af62fa2 testClass = APILogEntryTest, locations = '{}', classes = '{class edu.ncsu.csc.itrust2.config.RootConfiguration, class edu.ncsu.csc.itrust2.mvc.config.WebMvcConfiguration}', contextInitializerClasses = '[]', activeProfiles = '{}', propertySourceLocations = '{}', propertySourceProperties = '{}', contextCustomizers = set[[empty]], resourceBasePath = 'src/main/webapp', contextLoader = 'org.springframework.test.context.web.WebDelegatingSmartContextLoader', parent = [null]]], class annotated with @DirtiesContext [false] with mode [null], method annotated with @DirtiesContext [false] with mode [null].
04:26:47.479 [main] DEBUG o.s.t.c.c.DefaultCacheAwareContextLoaderDelegate - Retrieved ApplicationContext from cache with key [[WebMergedContextConfiguration@3af62fa2 testClass = APILogEntryTest, locations = '{}', classes = '{class edu.ncsu.csc.itrust2.config.RootConfiguration, class edu.ncsu.csc.itrust2.mvc.config.WebMvcConfiguration}', contextInitializerClasses = '[]', activeProfiles = '{}', propertySourceLocations = '{}', propertySourceProperties = '{}', contextCustomizers = set[[empty]], resourceBasePath = 'src/main/webapp', contextLoader = 'org.springframework.test.context.web.WebDelegatingSmartContextLoader', parent = [null]]]
04:26:47.479 [main] DEBUG o.springframework.test.context.cache - Spring test ApplicationContext cache statistics: [DefaultContextCache@374d09fa size = 1, maxSize = 32, parentContextCount = 0, hitCount = 33, missCount = 1]
04:26:47.479 [main] DEBUG o.s.b.f.s.DefaultListableBeanFactory - Creating instance of bean 'org.springframework.security.test.context.support.WithMockUserSecurityContextFactory'
04:26:47.479 [main] DEBUG o.s.b.f.s.DefaultListableBeanFactory - Finished creating instance of bean 'org.springframework.security.test.context.support.WithMockUserSecurityContextFactory'
04:26:47.482 [main] DEBUG o.s.t.w.s.TestDispatcherServlet - Initializing servlet ''
04:26:47.482 [main] DEBUG o.s.w.c.s.StandardServletEnvironment - Adding [servletConfigInitParams] PropertySource with lowest search precedence
04:26:47.482 [main] DEBUG o.s.w.c.s.StandardServletEnvironment - Adding [servletContextInitParams] PropertySource with lowest search precedence
04:26:47.483 [main] DEBUG o.s.w.c.s.StandardServletEnvironment - Adding [systemProperties] PropertySource with lowest search precedence
04:26:47.483 [main] DEBUG o.s.w.c.s.StandardServletEnvironment - Adding [systemEnvironment] PropertySource with lowest search precedence
04:26:47.483 [main] DEBUG o.s.w.c.s.StandardServletEnvironment - Initialized StandardServletEnvironment with PropertySources [servletConfigInitParams,servletContextInitParams,systemProperties,systemEnvironment]
04:26:47.483 [main] INFO  o.s.mock.web.MockServletContext - Initializing Spring FrameworkServlet ''
04:26:47.483 [main] INFO  o.s.t.w.s.TestDispatcherServlet - FrameworkServlet '': initialization started
04:26:47.483 [main] DEBUG o.s.t.w.s.TestDispatcherServlet - Unable to locate MultipartResolver with name 'multipartResolver': no multipart request handling provided
04:26:47.483 [main] DEBUG o.s.b.f.s.DefaultListableBeanFactory - Creating instance of bean 'org.springframework.web.servlet.i18n.AcceptHeaderLocaleResolver'
04:26:47.484 [main] DEBUG o.s.b.f.s.DefaultListableBeanFactory - Finished creating instance of bean 'org.springframework.web.servlet.i18n.AcceptHeaderLocaleResolver'
04:26:47.484 [main] DEBUG o.s.t.w.s.TestDispatcherServlet - Unable to locate LocaleResolver with name 'localeResolver': using default [org.springframework.web.servlet.i18n.AcceptHeaderLocaleResolver@584cb039]
04:26:47.484 [main] DEBUG o.s.b.f.s.DefaultListableBeanFactory - Creating instance of bean 'org.springframework.web.servlet.theme.FixedThemeResolver'
04:26:47.484 [main] DEBUG o.s.b.f.s.DefaultListableBeanFactory - Finished creating instance of bean 'org.springframework.web.servlet.theme.FixedThemeResolver'
04:26:47.484 [main] DEBUG o.s.t.w.s.TestDispatcherServlet - Unable to locate ThemeResolver with name 'themeResolver': using default [org.springframework.web.servlet.theme.FixedThemeResolver@534c1fad]
04:26:47.485 [main] DEBUG o.s.b.f.s.DefaultListableBeanFactory - Returning cached instance of singleton bean 'requestMappingHandlerMapping'
04:26:47.485 [main] DEBUG o.s.b.f.s.DefaultListableBeanFactory - Returning cached instance of singleton bean 'viewControllerHandlerMapping'
04:26:47.485 [main] DEBUG o.s.b.f.s.DefaultListableBeanFactory - Returning cached instance of singleton bean 'beanNameHandlerMapping'
04:26:47.485 [main] DEBUG o.s.b.f.s.DefaultListableBeanFactory - Returning cached instance of singleton bean 'resourceHandlerMapping'
04:26:47.485 [main] DEBUG o.s.b.f.s.DefaultListableBeanFactory - Returning cached instance of singleton bean 'defaultServletHandlerMapping'
04:26:47.489 [main] DEBUG o.s.b.f.s.DefaultListableBeanFactory - Returning cached instance of singleton bean 'requestMappingHandlerAdapter'
04:26:47.489 [main] DEBUG o.s.b.f.s.DefaultListableBeanFactory - Returning cached instance of singleton bean 'httpRequestHandlerAdapter'
04:26:47.489 [main] DEBUG o.s.b.f.s.DefaultListableBeanFactory - Returning cached instance of singleton bean 'simpleControllerHandlerAdapter'
04:26:47.490 [main] DEBUG o.s.b.f.s.DefaultListableBeanFactory - Returning cached instance of singleton bean 'handlerExceptionResolver'
04:26:47.490 [main] DEBUG o.s.b.f.s.DefaultListableBeanFactory - Creating instance of bean 'org.springframework.web.servlet.view.DefaultRequestToViewNameTranslator'
04:26:47.490 [main] DEBUG o.s.b.f.s.DefaultListableBeanFactory - Finished creating instance of bean 'org.springframework.web.servlet.view.DefaultRequestToViewNameTranslator'
04:26:47.490 [main] DEBUG o.s.t.w.s.TestDispatcherServlet - Unable to locate RequestToViewNameTranslator with name 'viewNameTranslator': using default [org.springframework.web.servlet.view.DefaultRequestToViewNameTranslator@37cdcb14]
04:26:47.492 [main] DEBUG o.s.b.f.s.DefaultListableBeanFactory - Returning cached instance of singleton bean 'mvcViewResolver'
04:26:47.492 [main] DEBUG o.s.b.f.s.DefaultListableBeanFactory - Returning cached instance of singleton bean 'viewResolver'
04:26:47.493 [main] DEBUG o.s.b.f.s.DefaultListableBeanFactory - Creating instance of bean 'org.springframework.web.servlet.support.SessionFlashMapManager'
04:26:47.493 [main] DEBUG o.s.b.f.s.DefaultListableBeanFactory - Finished creating instance of bean 'org.springframework.web.servlet.support.SessionFlashMapManager'
04:26:47.493 [main] DEBUG o.s.t.w.s.TestDispatcherServlet - Unable to locate FlashMapManager with name 'flashMapManager': using default [org.springframework.web.servlet.support.SessionFlashMapManager@602af421]
04:26:47.493 [main] DEBUG o.s.t.w.s.TestDispatcherServlet - Published WebApplicationContext of servlet '' as ServletContext attribute with name [org.springframework.web.servlet.FrameworkServlet.CONTEXT.]
04:26:47.493 [main] INFO  o.s.t.w.s.TestDispatcherServlet - FrameworkServlet '': initialization completed in 10 ms
04:26:47.493 [main] DEBUG o.s.t.w.s.TestDispatcherServlet - Servlet '' configured successfully
04:26:47.493 [main] DEBUG o.h.e.t.internal.TransactionImpl - begin
04:26:47.497 [main] DEBUG org.hibernate.SQL - select user_.username, user_.enabled as enabled2_15_, user_.password as password3_15_, user_.role as role4_15_ from Users user_ where user_.username=?
Hibernate: select user_.username, user_.enabled as enabled2_15_, user_.password as password3_15_, user_.role as role4_15_ from Users user_ where user_.username=?
04:26:47.498 [main] DEBUG o.h.r.j.i.ResourceRegistryStandardImpl - HHH000387: ResultSet's statement was not registered
04:26:47.498 [main] DEBUG o.h.e.i.AbstractSaveEventListener - Generated identifier: logapitest, using strategy: org.hibernate.id.Assigned
04:26:47.499 [main] DEBUG o.h.e.t.internal.TransactionImpl - committing
04:26:47.499 [main] DEBUG o.h.e.i.AbstractFlushingEventListener - Processing flush-time cascades
04:26:47.499 [main] DEBUG o.h.e.i.AbstractFlushingEventListener - Dirty checking collections
04:26:47.499 [main] DEBUG o.h.e.i.AbstractFlushingEventListener - Flushed: 1 insertions, 0 updates, 0 deletions to 1 objects
04:26:47.499 [main] DEBUG o.h.e.i.AbstractFlushingEventListener - Flushed: 0 (re)creations, 0 updates, 0 removals to 0 collections
04:26:47.499 [main] DEBUG o.h.internal.util.EntityPrinter - Listing entities:
04:26:47.499 [main] DEBUG o.h.internal.util.EntityPrinter - edu.ncsu.csc.itrust2.models.persistent.User{password=$2a$10$EblZqNptyYvcLm/VwDCVAuBjzZOI7khzdyGPBr08PpIi0na624b8., role=ROLE_PATIENT, enabled=1, username=logapitest}
04:26:47.505 [main] DEBUG org.hibernate.SQL - insert into Users (enabled, password, role, username) values (?, ?, ?, ?)
Hibernate: insert into Users (enabled, password, role, username) values (?, ?, ?, ?)
04:26:47.506 [main] DEBUG o.h.e.j.internal.JdbcCoordinatorImpl - HHH000420: Closing un-released batch
04:26:47.507 [main] DEBUG o.h.e.t.internal.TransactionImpl - begin
04:26:47.511 [main] DEBUG org.hibernate.SQL - select next_val as id_val from hibernate_sequence for update
Hibernate: select next_val as id_val from hibernate_sequence for update
04:26:47.511 [main] DEBUG org.hibernate.SQL - update hibernate_sequence set next_val= ? where next_val=?
Hibernate: update hibernate_sequence set next_val= ? where next_val=?
04:26:47.513 [main] DEBUG o.h.e.i.AbstractSaveEventListener - Generated identifier: 35, using strategy: org.hibernate.id.enhanced.SequenceStyleGenerator
04:26:47.513 [main] DEBUG o.h.e.t.internal.TransactionImpl - committing
04:26:47.513 [main] DEBUG o.h.e.i.AbstractFlushingEventListener - Processing flush-time cascades
04:26:47.513 [main] DEBUG o.h.e.i.AbstractFlushingEventListener - Dirty checking collections
04:26:47.513 [main] DEBUG o.h.e.i.AbstractFlushingEventListener - Flushed: 1 insertions, 0 updates, 0 deletions to 1 objects
04:26:47.513 [main] DEBUG o.h.e.i.AbstractFlushingEventListener - Flushed: 0 (re)creations, 0 updates, 0 removals to 0 collections
04:26:47.513 [main] DEBUG o.h.internal.util.EntityPrinter - Listing entities:
04:26:47.514 [main] DEBUG o.h.internal.util.EntityPrinter - edu.ncsu.csc.itrust2.models.persistent.LogEntry{secondaryUser=null, logCode=5, primaryUser=logapitest, id=35, time=java.util.GregorianCalendar[time=1521606407507,areFieldsSet=true,areAllFieldsSet=true,lenient=true,zone=sun.util.calendar.ZoneInfo[id="Etc/UTC",offset=0,dstSavings=0,useDaylight=false,transitions=0,lastRule=null],firstDayOfWeek=1,minimalDaysInFirstWeek=1,ERA=1,YEAR=2018,MONTH=2,WEEK_OF_YEAR=12,WEEK_OF_MONTH=4,DAY_OF_MONTH=21,DAY_OF_YEAR=80,DAY_OF_WEEK=4,DAY_OF_WEEK_IN_MONTH=3,AM_PM=0,HOUR=4,HOUR_OF_DAY=4,MINUTE=26,SECOND=47,MILLISECOND=507,ZONE_OFFSET=0,DST_OFFSET=0], message=null}
04:26:47.514 [main] DEBUG org.hibernate.SQL - insert into LogEntries (logCode, message, primaryUser, secondaryUser, time, id) values (?, ?, ?, ?, ?, ?)
Hibernate: insert into LogEntries (logCode, message, primaryUser, secondaryUser, time, id) values (?, ?, ?, ?, ?, ?)
04:26:47.519 [main] DEBUG o.h.e.j.internal.JdbcCoordinatorImpl - HHH000420: Closing un-released batch
04:26:47.519 [main] DEBUG o.h.e.t.internal.TransactionImpl - begin
04:26:47.520 [main] DEBUG org.hibernate.SQL - select next_val as id_val from hibernate_sequence for update
Hibernate: select next_val as id_val from hibernate_sequence for update
04:26:47.520 [main] DEBUG org.hibernate.SQL - update hibernate_sequence set next_val= ? where next_val=?
Hibernate: update hibernate_sequence set next_val= ? where next_val=?
04:26:47.521 [main] DEBUG o.h.e.i.AbstractSaveEventListener - Generated identifier: 36, using strategy: org.hibernate.id.enhanced.SequenceStyleGenerator
04:26:47.522 [main] DEBUG o.h.e.t.internal.TransactionImpl - committing
04:26:47.522 [main] DEBUG o.h.e.i.AbstractFlushingEventListener - Processing flush-time cascades
04:26:47.522 [main] DEBUG o.h.e.i.AbstractFlushingEventListener - Dirty checking collections
04:26:47.522 [main] DEBUG o.h.e.i.AbstractFlushingEventListener - Flushed: 1 insertions, 0 updates, 0 deletions to 1 objects
04:26:47.522 [main] DEBUG o.h.e.i.AbstractFlushingEventListener - Flushed: 0 (re)creations, 0 updates, 0 removals to 0 collections
04:26:47.522 [main] DEBUG o.h.internal.util.EntityPrinter - Listing entities:
04:26:47.522 [main] DEBUG o.h.internal.util.EntityPrinter - edu.ncsu.csc.itrust2.models.persistent.LogEntry{secondaryUser=null, logCode=5, primaryUser=logapitest, id=36, time=java.util.GregorianCalendar[time=1521606407519,areFieldsSet=true,areAllFieldsSet=true,lenient=true,zone=sun.util.calendar.ZoneInfo[id="Etc/UTC",offset=0,dstSavings=0,useDaylight=false,transitions=0,lastRule=null],firstDayOfWeek=1,minimalDaysInFirstWeek=1,ERA=1,YEAR=2018,MONTH=2,WEEK_OF_YEAR=12,WEEK_OF_MONTH=4,DAY_OF_MONTH=21,DAY_OF_YEAR=80,DAY_OF_WEEK=4,DAY_OF_WEEK_IN_MONTH=3,AM_PM=0,HOUR=4,HOUR_OF_DAY=4,MINUTE=26,SECOND=47,MILLISECOND=519,ZONE_OFFSET=0,DST_OFFSET=0], message=null}
04:26:47.523 [main] DEBUG org.hibernate.SQL - insert into LogEntries (logCode, message, primaryUser, secondaryUser, time, id) values (?, ?, ?, ?, ?, ?)
Hibernate: insert into LogEntries (logCode, message, primaryUser, secondaryUser, time, id) values (?, ?, ?, ?, ?, ?)
04:26:47.530 [main] DEBUG o.h.e.j.internal.JdbcCoordinatorImpl - HHH000420: Closing un-released batch
04:26:47.530 [main] DEBUG o.h.e.t.internal.TransactionImpl - begin
04:26:47.532 [main] DEBUG org.hibernate.SQL - select next_val as id_val from hibernate_sequence for update
Hibernate: select next_val as id_val from hibernate_sequence for update
04:26:47.532 [main] DEBUG org.hibernate.SQL - update hibernate_sequence set next_val= ? where next_val=?
Hibernate: update hibernate_sequence set next_val= ? where next_val=?
04:26:47.535 [main] DEBUG o.h.e.i.AbstractSaveEventListener - Generated identifier: 37, using strategy: org.hibernate.id.enhanced.SequenceStyleGenerator
04:26:47.536 [main] DEBUG o.h.e.t.internal.TransactionImpl - committing
04:26:47.536 [main] DEBUG o.h.e.i.AbstractFlushingEventListener - Processing flush-time cascades
04:26:47.536 [main] DEBUG o.h.e.i.AbstractFlushingEventListener - Dirty checking collections
04:26:47.536 [main] DEBUG o.h.e.i.AbstractFlushingEventListener - Flushed: 1 insertions, 0 updates, 0 deletions to 1 objects
04:26:47.536 [main] DEBUG o.h.e.i.AbstractFlushingEventListener - Flushed: 0 (re)creations, 0 updates, 0 removals to 0 collections
04:26:47.536 [main] DEBUG o.h.internal.util.EntityPrinter - Listing entities:
04:26:47.536 [main] DEBUG o.h.internal.util.EntityPrinter - edu.ncsu.csc.itrust2.models.persistent.LogEntry{secondaryUser=null, logCode=5, primaryUser=logapitest, id=37, time=java.util.GregorianCalendar[time=1521606407530,areFieldsSet=true,areAllFieldsSet=true,lenient=true,zone=sun.util.calendar.ZoneInfo[id="Etc/UTC",offset=0,dstSavings=0,useDaylight=false,transitions=0,lastRule=null],firstDayOfWeek=1,minimalDaysInFirstWeek=1,ERA=1,YEAR=2018,MONTH=2,WEEK_OF_YEAR=12,WEEK_OF_MONTH=4,DAY_OF_MONTH=21,DAY_OF_YEAR=80,DAY_OF_WEEK=4,DAY_OF_WEEK_IN_MONTH=3,AM_PM=0,HOUR=4,HOUR_OF_DAY=4,MINUTE=26,SECOND=47,MILLISECOND=530,ZONE_OFFSET=0,DST_OFFSET=0], message=null}
04:26:47.537 [main] DEBUG org.hibernate.SQL - insert into LogEntries (logCode, message, primaryUser, secondaryUser, time, id) values (?, ?, ?, ?, ?, ?)
Hibernate: insert into LogEntries (logCode, message, primaryUser, secondaryUser, time, id) values (?, ?, ?, ?, ?, ?)
04:26:47.541 [main] DEBUG o.h.e.j.internal.JdbcCoordinatorImpl - HHH000420: Closing un-released batch
04:26:47.541 [main] DEBUG o.h.e.t.internal.TransactionImpl - begin
04:26:47.542 [main] DEBUG org.hibernate.SQL - select next_val as id_val from hibernate_sequence for update
Hibernate: select next_val as id_val from hibernate_sequence for update
04:26:47.543 [main] DEBUG org.hibernate.SQL - update hibernate_sequence set next_val= ? where next_val=?
Hibernate: update hibernate_sequence set next_val= ? where next_val=?
04:26:47.550 [main] DEBUG o.h.e.i.AbstractSaveEventListener - Generated identifier: 38, using strategy: org.hibernate.id.enhanced.SequenceStyleGenerator
04:26:47.550 [main] DEBUG o.h.e.t.internal.TransactionImpl - committing
04:26:47.550 [main] DEBUG o.h.e.i.AbstractFlushingEventListener - Processing flush-time cascades
04:26:47.550 [main] DEBUG o.h.e.i.AbstractFlushingEventListener - Dirty checking collections
04:26:47.551 [main] DEBUG o.h.e.i.AbstractFlushingEventListener - Flushed: 1 insertions, 0 updates, 0 deletions to 1 objects
04:26:47.551 [main] DEBUG o.h.e.i.AbstractFlushingEventListener - Flushed: 0 (re)creations, 0 updates, 0 removals to 0 collections
04:26:47.551 [main] DEBUG o.h.internal.util.EntityPrinter - Listing entities:
04:26:47.551 [main] DEBUG o.h.internal.util.EntityPrinter - edu.ncsu.csc.itrust2.models.persistent.LogEntry{secondaryUser=null, logCode=5, primaryUser=logapitest, id=38, time=java.util.GregorianCalendar[time=1521606407541,areFieldsSet=true,areAllFieldsSet=true,lenient=true,zone=sun.util.calendar.ZoneInfo[id="Etc/UTC",offset=0,dstSavings=0,useDaylight=false,transitions=0,lastRule=null],firstDayOfWeek=1,minimalDaysInFirstWeek=1,ERA=1,YEAR=2018,MONTH=2,WEEK_OF_YEAR=12,WEEK_OF_MONTH=4,DAY_OF_MONTH=21,DAY_OF_YEAR=80,DAY_OF_WEEK=4,DAY_OF_WEEK_IN_MONTH=3,AM_PM=0,HOUR=4,HOUR_OF_DAY=4,MINUTE=26,SECOND=47,MILLISECOND=541,ZONE_OFFSET=0,DST_OFFSET=0], message=null}
04:26:47.551 [main] DEBUG org.hibernate.SQL - insert into LogEntries (logCode, message, primaryUser, secondaryUser, time, id) values (?, ?, ?, ?, ?, ?)
Hibernate: insert into LogEntries (logCode, message, primaryUser, secondaryUser, time, id) values (?, ?, ?, ?, ?, ?)
04:26:47.554 [main] DEBUG o.h.e.j.internal.JdbcCoordinatorImpl - HHH000420: Closing un-released batch
04:26:47.554 [main] DEBUG o.h.e.t.internal.TransactionImpl - begin
04:26:47.555 [main] DEBUG org.hibernate.SQL - select next_val as id_val from hibernate_sequence for update
Hibernate: select next_val as id_val from hibernate_sequence for update
04:26:47.555 [main] DEBUG org.hibernate.SQL - update hibernate_sequence set next_val= ? where next_val=?
Hibernate: update hibernate_sequence set next_val= ? where next_val=?
04:26:47.556 [main] DEBUG o.h.e.i.AbstractSaveEventListener - Generated identifier: 39, using strategy: org.hibernate.id.enhanced.SequenceStyleGenerator
04:26:47.556 [main] DEBUG o.h.e.t.internal.TransactionImpl - committing
04:26:47.556 [main] DEBUG o.h.e.i.AbstractFlushingEventListener - Processing flush-time cascades
04:26:47.556 [main] DEBUG o.h.e.i.AbstractFlushingEventListener - Dirty checking collections
04:26:47.557 [main] DEBUG o.h.e.i.AbstractFlushingEventListener - Flushed: 1 insertions, 0 updates, 0 deletions to 1 objects
04:26:47.557 [main] DEBUG o.h.e.i.AbstractFlushingEventListener - Flushed: 0 (re)creations, 0 updates, 0 removals to 0 collections
04:26:47.557 [main] DEBUG o.h.internal.util.EntityPrinter - Listing entities:
04:26:47.557 [main] DEBUG o.h.internal.util.EntityPrinter - edu.ncsu.csc.itrust2.models.persistent.LogEntry{secondaryUser=null, logCode=5, primaryUser=logapitest, id=39, time=java.util.GregorianCalendar[time=1521606407554,areFieldsSet=true,areAllFieldsSet=true,lenient=true,zone=sun.util.calendar.ZoneInfo[id="Etc/UTC",offset=0,dstSavings=0,useDaylight=false,transitions=0,lastRule=null],firstDayOfWeek=1,minimalDaysInFirstWeek=1,ERA=1,YEAR=2018,MONTH=2,WEEK_OF_YEAR=12,WEEK_OF_MONTH=4,DAY_OF_MONTH=21,DAY_OF_YEAR=80,DAY_OF_WEEK=4,DAY_OF_WEEK_IN_MONTH=3,AM_PM=0,HOUR=4,HOUR_OF_DAY=4,MINUTE=26,SECOND=47,MILLISECOND=554,ZONE_OFFSET=0,DST_OFFSET=0], message=null}
04:26:47.558 [main] DEBUG org.hibernate.SQL - insert into LogEntries (logCode, message, primaryUser, secondaryUser, time, id) values (?, ?, ?, ?, ?, ?)
Hibernate: insert into LogEntries (logCode, message, primaryUser, secondaryUser, time, id) values (?, ?, ?, ?, ?, ?)
04:26:47.563 [main] DEBUG o.h.e.j.internal.JdbcCoordinatorImpl - HHH000420: Closing un-released batch
04:26:47.563 [main] DEBUG o.h.e.t.internal.TransactionImpl - begin
04:26:47.564 [main] DEBUG org.hibernate.SQL - select next_val as id_val from hibernate_sequence for update
Hibernate: select next_val as id_val from hibernate_sequence for update
04:26:47.564 [main] DEBUG org.hibernate.SQL - update hibernate_sequence set next_val= ? where next_val=?
Hibernate: update hibernate_sequence set next_val= ? where next_val=?
04:26:47.565 [main] DEBUG o.h.e.i.AbstractSaveEventListener - Generated identifier: 40, using strategy: org.hibernate.id.enhanced.SequenceStyleGenerator
04:26:47.566 [main] DEBUG o.h.e.t.internal.TransactionImpl - committing
04:26:47.566 [main] DEBUG o.h.e.i.AbstractFlushingEventListener - Processing flush-time cascades
04:26:47.566 [main] DEBUG o.h.e.i.AbstractFlushingEventListener - Dirty checking collections
04:26:47.566 [main] DEBUG o.h.e.i.AbstractFlushingEventListener - Flushed: 1 insertions, 0 updates, 0 deletions to 1 objects
04:26:47.566 [main] DEBUG o.h.e.i.AbstractFlushingEventListener - Flushed: 0 (re)creations, 0 updates, 0 removals to 0 collections
04:26:47.566 [main] DEBUG o.h.internal.util.EntityPrinter - Listing entities:
04:26:47.566 [main] DEBUG o.h.internal.util.EntityPrinter - edu.ncsu.csc.itrust2.models.persistent.LogEntry{secondaryUser=null, logCode=5, primaryUser=logapitest, id=40, time=java.util.GregorianCalendar[time=1521606407563,areFieldsSet=true,areAllFieldsSet=true,lenient=true,zone=sun.util.calendar.ZoneInfo[id="Etc/UTC",offset=0,dstSavings=0,useDaylight=false,transitions=0,lastRule=null],firstDayOfWeek=1,minimalDaysInFirstWeek=1,ERA=1,YEAR=2018,MONTH=2,WEEK_OF_YEAR=12,WEEK_OF_MONTH=4,DAY_OF_MONTH=21,DAY_OF_YEAR=80,DAY_OF_WEEK=4,DAY_OF_WEEK_IN_MONTH=3,AM_PM=0,HOUR=4,HOUR_OF_DAY=4,MINUTE=26,SECOND=47,MILLISECOND=563,ZONE_OFFSET=0,DST_OFFSET=0], message=null}
04:26:47.568 [main] DEBUG org.hibernate.SQL - insert into LogEntries (logCode, message, primaryUser, secondaryUser, time, id) values (?, ?, ?, ?, ?, ?)
Hibernate: insert into LogEntries (logCode, message, primaryUser, secondaryUser, time, id) values (?, ?, ?, ?, ?, ?)
04:26:47.572 [main] DEBUG o.h.e.j.internal.JdbcCoordinatorImpl - HHH000420: Closing un-released batch
04:26:47.572 [main] DEBUG o.h.e.t.internal.TransactionImpl - begin
04:26:47.573 [main] DEBUG org.hibernate.SQL - select next_val as id_val from hibernate_sequence for update
Hibernate: select next_val as id_val from hibernate_sequence for update
04:26:47.573 [main] DEBUG org.hibernate.SQL - update hibernate_sequence set next_val= ? where next_val=?
Hibernate: update hibernate_sequence set next_val= ? where next_val=?
04:26:47.574 [main] DEBUG o.h.e.i.AbstractSaveEventListener - Generated identifier: 41, using strategy: org.hibernate.id.enhanced.SequenceStyleGenerator
04:26:47.574 [main] DEBUG o.h.e.t.internal.TransactionImpl - committing
04:26:47.574 [main] DEBUG o.h.e.i.AbstractFlushingEventListener - Processing flush-time cascades
04:26:47.574 [main] DEBUG o.h.e.i.AbstractFlushingEventListener - Dirty checking collections
04:26:47.574 [main] DEBUG o.h.e.i.AbstractFlushingEventListener - Flushed: 1 insertions, 0 updates, 0 deletions to 1 objects
04:26:47.574 [main] DEBUG o.h.e.i.AbstractFlushingEventListener - Flushed: 0 (re)creations, 0 updates, 0 removals to 0 collections
04:26:47.574 [main] DEBUG o.h.internal.util.EntityPrinter - Listing entities:
04:26:47.575 [main] DEBUG o.h.internal.util.EntityPrinter - edu.ncsu.csc.itrust2.models.persistent.LogEntry{secondaryUser=null, logCode=5, primaryUser=logapitest, id=41, time=java.util.GregorianCalendar[time=1521606407572,areFieldsSet=true,areAllFieldsSet=true,lenient=true,zone=sun.util.calendar.ZoneInfo[id="Etc/UTC",offset=0,dstSavings=0,useDaylight=false,transitions=0,lastRule=null],firstDayOfWeek=1,minimalDaysInFirstWeek=1,ERA=1,YEAR=2018,MONTH=2,WEEK_OF_YEAR=12,WEEK_OF_MONTH=4,DAY_OF_MONTH=21,DAY_OF_YEAR=80,DAY_OF_WEEK=4,DAY_OF_WEEK_IN_MONTH=3,AM_PM=0,HOUR=4,HOUR_OF_DAY=4,MINUTE=26,SECOND=47,MILLISECOND=572,ZONE_OFFSET=0,DST_OFFSET=0], message=null}
04:26:47.576 [main] DEBUG org.hibernate.SQL - insert into LogEntries (logCode, message, primaryUser, secondaryUser, time, id) values (?, ?, ?, ?, ?, ?)
Hibernate: insert into LogEntries (logCode, message, primaryUser, secondaryUser, time, id) values (?, ?, ?, ?, ?, ?)
04:26:47.577 [main] DEBUG o.h.e.j.internal.JdbcCoordinatorImpl - HHH000420: Closing un-released batch
04:26:47.578 [main] DEBUG o.h.e.t.internal.TransactionImpl - begin
04:26:47.579 [main] DEBUG org.hibernate.SQL - select next_val as id_val from hibernate_sequence for update
Hibernate: select next_val as id_val from hibernate_sequence for update
04:26:47.580 [main] DEBUG org.hibernate.SQL - update hibernate_sequence set next_val= ? where next_val=?
Hibernate: update hibernate_sequence set next_val= ? where next_val=?
04:26:47.583 [main] DEBUG o.h.e.i.AbstractSaveEventListener - Generated identifier: 42, using strategy: org.hibernate.id.enhanced.SequenceStyleGenerator
04:26:47.583 [main] DEBUG o.h.e.t.internal.TransactionImpl - committing
04:26:47.583 [main] DEBUG o.h.e.i.AbstractFlushingEventListener - Processing flush-time cascades
04:26:47.583 [main] DEBUG o.h.e.i.AbstractFlushingEventListener - Dirty checking collections
04:26:47.583 [main] DEBUG o.h.e.i.AbstractFlushingEventListener - Flushed: 1 insertions, 0 updates, 0 deletions to 1 objects
04:26:47.583 [main] DEBUG o.h.e.i.AbstractFlushingEventListener - Flushed: 0 (re)creations, 0 updates, 0 removals to 0 collections
04:26:47.583 [main] DEBUG o.h.internal.util.EntityPrinter - Listing entities:
04:26:47.583 [main] DEBUG o.h.internal.util.EntityPrinter - edu.ncsu.csc.itrust2.models.persistent.LogEntry{secondaryUser=null, logCode=5, primaryUser=logapitest, id=42, time=java.util.GregorianCalendar[time=1521606407578,areFieldsSet=true,areAllFieldsSet=true,lenient=true,zone=sun.util.calendar.ZoneInfo[id="Etc/UTC",offset=0,dstSavings=0,useDaylight=false,transitions=0,lastRule=null],firstDayOfWeek=1,minimalDaysInFirstWeek=1,ERA=1,YEAR=2018,MONTH=2,WEEK_OF_YEAR=12,WEEK_OF_MONTH=4,DAY_OF_MONTH=21,DAY_OF_YEAR=80,DAY_OF_WEEK=4,DAY_OF_WEEK_IN_MONTH=3,AM_PM=0,HOUR=4,HOUR_OF_DAY=4,MINUTE=26,SECOND=47,MILLISECOND=578,ZONE_OFFSET=0,DST_OFFSET=0], message=null}
04:26:47.584 [main] DEBUG org.hibernate.SQL - insert into LogEntries (logCode, message, primaryUser, secondaryUser, time, id) values (?, ?, ?, ?, ?, ?)
Hibernate: insert into LogEntries (logCode, message, primaryUser, secondaryUser, time, id) values (?, ?, ?, ?, ?, ?)
04:26:47.595 [main] DEBUG o.h.e.j.internal.JdbcCoordinatorImpl - HHH000420: Closing un-released batch
04:26:47.595 [main] DEBUG o.h.e.t.internal.TransactionImpl - begin
04:26:47.601 [main] DEBUG org.hibernate.SQL - select next_val as id_val from hibernate_sequence for update
Hibernate: select next_val as id_val from hibernate_sequence for update
04:26:47.601 [main] DEBUG org.hibernate.SQL - update hibernate_sequence set next_val= ? where next_val=?
Hibernate: update hibernate_sequence set next_val= ? where next_val=?
04:26:47.602 [main] DEBUG o.h.e.i.AbstractSaveEventListener - Generated identifier: 43, using strategy: org.hibernate.id.enhanced.SequenceStyleGenerator
04:26:47.603 [main] DEBUG o.h.e.t.internal.TransactionImpl - committing
04:26:47.603 [main] DEBUG o.h.e.i.AbstractFlushingEventListener - Processing flush-time cascades
04:26:47.603 [main] DEBUG o.h.e.i.AbstractFlushingEventListener - Dirty checking collections
04:26:47.603 [main] DEBUG o.h.e.i.AbstractFlushingEventListener - Flushed: 1 insertions, 0 updates, 0 deletions to 1 objects
04:26:47.603 [main] DEBUG o.h.e.i.AbstractFlushingEventListener - Flushed: 0 (re)creations, 0 updates, 0 removals to 0 collections
04:26:47.603 [main] DEBUG o.h.internal.util.EntityPrinter - Listing entities:
04:26:47.603 [main] DEBUG o.h.internal.util.EntityPrinter - edu.ncsu.csc.itrust2.models.persistent.LogEntry{secondaryUser=null, logCode=5, primaryUser=logapitest, id=43, time=java.util.GregorianCalendar[time=1521606407595,areFieldsSet=true,areAllFieldsSet=true,lenient=true,zone=sun.util.calendar.ZoneInfo[id="Etc/UTC",offset=0,dstSavings=0,useDaylight=false,transitions=0,lastRule=null],firstDayOfWeek=1,minimalDaysInFirstWeek=1,ERA=1,YEAR=2018,MONTH=2,WEEK_OF_YEAR=12,WEEK_OF_MONTH=4,DAY_OF_MONTH=21,DAY_OF_YEAR=80,DAY_OF_WEEK=4,DAY_OF_WEEK_IN_MONTH=3,AM_PM=0,HOUR=4,HOUR_OF_DAY=4,MINUTE=26,SECOND=47,MILLISECOND=595,ZONE_OFFSET=0,DST_OFFSET=0], message=null}
04:26:47.604 [main] DEBUG org.hibernate.SQL - insert into LogEntries (logCode, message, primaryUser, secondaryUser, time, id) values (?, ?, ?, ?, ?, ?)
Hibernate: insert into LogEntries (logCode, message, primaryUser, secondaryUser, time, id) values (?, ?, ?, ?, ?, ?)
04:26:47.606 [main] DEBUG o.h.e.j.internal.JdbcCoordinatorImpl - HHH000420: Closing un-released batch
04:26:47.607 [main] DEBUG o.h.e.t.internal.TransactionImpl - begin
04:26:47.607 [main] DEBUG org.hibernate.SQL - select next_val as id_val from hibernate_sequence for update
Hibernate: select next_val as id_val from hibernate_sequence for update
04:26:47.608 [main] DEBUG org.hibernate.SQL - update hibernate_sequence set next_val= ? where next_val=?
Hibernate: update hibernate_sequence set next_val= ? where next_val=?
04:26:47.609 [main] DEBUG o.h.e.i.AbstractSaveEventListener - Generated identifier: 44, using strategy: org.hibernate.id.enhanced.SequenceStyleGenerator
04:26:47.610 [main] DEBUG o.h.e.t.internal.TransactionImpl - committing
04:26:47.610 [main] DEBUG o.h.e.i.AbstractFlushingEventListener - Processing flush-time cascades
04:26:47.610 [main] DEBUG o.h.e.i.AbstractFlushingEventListener - Dirty checking collections
04:26:47.610 [main] DEBUG o.h.e.i.AbstractFlushingEventListener - Flushed: 1 insertions, 0 updates, 0 deletions to 1 objects
04:26:47.610 [main] DEBUG o.h.e.i.AbstractFlushingEventListener - Flushed: 0 (re)creations, 0 updates, 0 removals to 0 collections
04:26:47.610 [main] DEBUG o.h.internal.util.EntityPrinter - Listing entities:
04:26:47.611 [main] DEBUG o.h.internal.util.EntityPrinter - edu.ncsu.csc.itrust2.models.persistent.LogEntry{secondaryUser=null, logCode=5, primaryUser=logapitest, id=44, time=java.util.GregorianCalendar[time=1521606407607,areFieldsSet=true,areAllFieldsSet=true,lenient=true,zone=sun.util.calendar.ZoneInfo[id="Etc/UTC",offset=0,dstSavings=0,useDaylight=false,transitions=0,lastRule=null],firstDayOfWeek=1,minimalDaysInFirstWeek=1,ERA=1,YEAR=2018,MONTH=2,WEEK_OF_YEAR=12,WEEK_OF_MONTH=4,DAY_OF_MONTH=21,DAY_OF_YEAR=80,DAY_OF_WEEK=4,DAY_OF_WEEK_IN_MONTH=3,AM_PM=0,HOUR=4,HOUR_OF_DAY=4,MINUTE=26,SECOND=47,MILLISECOND=607,ZONE_OFFSET=0,DST_OFFSET=0], message=null}
04:26:47.612 [main] DEBUG org.hibernate.SQL - insert into LogEntries (logCode, message, primaryUser, secondaryUser, time, id) values (?, ?, ?, ?, ?, ?)
Hibernate: insert into LogEntries (logCode, message, primaryUser, secondaryUser, time, id) values (?, ?, ?, ?, ?, ?)
04:26:47.615 [main] DEBUG o.h.e.j.internal.JdbcCoordinatorImpl - HHH000420: Closing un-released batch
04:26:47.615 [main] DEBUG o.h.e.t.internal.TransactionImpl - begin
04:26:47.620 [main] DEBUG org.hibernate.SQL - select next_val as id_val from hibernate_sequence for update
Hibernate: select next_val as id_val from hibernate_sequence for update
04:26:47.621 [main] DEBUG org.hibernate.SQL - update hibernate_sequence set next_val= ? where next_val=?
Hibernate: update hibernate_sequence set next_val= ? where next_val=?
04:26:47.622 [main] DEBUG o.h.e.i.AbstractSaveEventListener - Generated identifier: 45, using strategy: org.hibernate.id.enhanced.SequenceStyleGenerator
04:26:47.623 [main] DEBUG o.h.e.t.internal.TransactionImpl - committing
04:26:47.624 [main] DEBUG o.h.e.i.AbstractFlushingEventListener - Processing flush-time cascades
04:26:47.624 [main] DEBUG o.h.e.i.AbstractFlushingEventListener - Dirty checking collections
04:26:47.624 [main] DEBUG o.h.e.i.AbstractFlushingEventListener - Flushed: 1 insertions, 0 updates, 0 deletions to 1 objects
04:26:47.624 [main] DEBUG o.h.e.i.AbstractFlushingEventListener - Flushed: 0 (re)creations, 0 updates, 0 removals to 0 collections
04:26:47.624 [main] DEBUG o.h.internal.util.EntityPrinter - Listing entities:
04:26:47.625 [main] DEBUG o.h.internal.util.EntityPrinter - edu.ncsu.csc.itrust2.models.persistent.LogEntry{secondaryUser=null, logCode=5, primaryUser=logapitest, id=45, time=java.util.GregorianCalendar[time=1521606407615,areFieldsSet=true,areAllFieldsSet=true,lenient=true,zone=sun.util.calendar.ZoneInfo[id="Etc/UTC",offset=0,dstSavings=0,useDaylight=false,transitions=0,lastRule=null],firstDayOfWeek=1,minimalDaysInFirstWeek=1,ERA=1,YEAR=2018,MONTH=2,WEEK_OF_YEAR=12,WEEK_OF_MONTH=4,DAY_OF_MONTH=21,DAY_OF_YEAR=80,DAY_OF_WEEK=4,DAY_OF_WEEK_IN_MONTH=3,AM_PM=0,HOUR=4,HOUR_OF_DAY=4,MINUTE=26,SECOND=47,MILLISECOND=615,ZONE_OFFSET=0,DST_OFFSET=0], message=null}
04:26:47.626 [main] DEBUG org.hibernate.SQL - insert into LogEntries (logCode, message, primaryUser, secondaryUser, time, id) values (?, ?, ?, ?, ?, ?)
Hibernate: insert into LogEntries (logCode, message, primaryUser, secondaryUser, time, id) values (?, ?, ?, ?, ?, ?)
04:26:47.630 [main] DEBUG o.h.e.j.internal.JdbcCoordinatorImpl - HHH000420: Closing un-released batch
04:26:47.631 [main] DEBUG o.h.e.t.internal.TransactionImpl - begin
04:26:47.637 [main] DEBUG org.hibernate.SQL - select next_val as id_val from hibernate_sequence for update
Hibernate: select next_val as id_val from hibernate_sequence for update
04:26:47.637 [main] DEBUG org.hibernate.SQL - update hibernate_sequence set next_val= ? where next_val=?
Hibernate: update hibernate_sequence set next_val= ? where next_val=?
04:26:47.639 [main] DEBUG o.h.e.i.AbstractSaveEventListener - Generated identifier: 46, using strategy: org.hibernate.id.enhanced.SequenceStyleGenerator
04:26:47.639 [main] DEBUG o.h.e.t.internal.TransactionImpl - committing
04:26:47.639 [main] DEBUG o.h.e.i.AbstractFlushingEventListener - Processing flush-time cascades
04:26:47.639 [main] DEBUG o.h.e.i.AbstractFlushingEventListener - Dirty checking collections
04:26:47.639 [main] DEBUG o.h.e.i.AbstractFlushingEventListener - Flushed: 1 insertions, 0 updates, 0 deletions to 1 objects
04:26:47.639 [main] DEBUG o.h.e.i.AbstractFlushingEventListener - Flushed: 0 (re)creations, 0 updates, 0 removals to 0 collections
04:26:47.639 [main] DEBUG o.h.internal.util.EntityPrinter - Listing entities:
04:26:47.639 [main] DEBUG o.h.internal.util.EntityPrinter - edu.ncsu.csc.itrust2.models.persistent.LogEntry{secondaryUser=null, logCode=5, primaryUser=logapitest, id=46, time=java.util.GregorianCalendar[time=1521606407630,areFieldsSet=true,areAllFieldsSet=true,lenient=true,zone=sun.util.calendar.ZoneInfo[id="Etc/UTC",offset=0,dstSavings=0,useDaylight=false,transitions=0,lastRule=null],firstDayOfWeek=1,minimalDaysInFirstWeek=1,ERA=1,YEAR=2018,MONTH=2,WEEK_OF_YEAR=12,WEEK_OF_MONTH=4,DAY_OF_MONTH=21,DAY_OF_YEAR=80,DAY_OF_WEEK=4,DAY_OF_WEEK_IN_MONTH=3,AM_PM=0,HOUR=4,HOUR_OF_DAY=4,MINUTE=26,SECOND=47,MILLISECOND=630,ZONE_OFFSET=0,DST_OFFSET=0], message=null}
04:26:47.640 [main] DEBUG org.hibernate.SQL - insert into LogEntries (logCode, message, primaryUser, secondaryUser, time, id) values (?, ?, ?, ?, ?, ?)
Hibernate: insert into LogEntries (logCode, message, primaryUser, secondaryUser, time, id) values (?, ?, ?, ?, ?, ?)
04:26:47.643 [main] DEBUG o.h.e.j.internal.JdbcCoordinatorImpl - HHH000420: Closing un-released batch
04:26:47.643 [main] DEBUG o.h.e.t.internal.TransactionImpl - begin
04:26:47.645 [main] DEBUG org.hibernate.SQL - select next_val as id_val from hibernate_sequence for update
Hibernate: select next_val as id_val from hibernate_sequence for update
04:26:47.645 [main] DEBUG org.hibernate.SQL - update hibernate_sequence set next_val= ? where next_val=?
Hibernate: update hibernate_sequence set next_val= ? where next_val=?
04:26:47.646 [main] DEBUG o.h.e.i.AbstractSaveEventListener - Generated identifier: 47, using strategy: org.hibernate.id.enhanced.SequenceStyleGenerator
04:26:47.646 [main] DEBUG o.h.e.t.internal.TransactionImpl - committing
04:26:47.646 [main] DEBUG o.h.e.i.AbstractFlushingEventListener - Processing flush-time cascades
04:26:47.647 [main] DEBUG o.h.e.i.AbstractFlushingEventListener - Dirty checking collections
04:26:47.647 [main] DEBUG o.h.e.i.AbstractFlushingEventListener - Flushed: 1 insertions, 0 updates, 0 deletions to 1 objects
04:26:47.647 [main] DEBUG o.h.e.i.AbstractFlushingEventListener - Flushed: 0 (re)creations, 0 updates, 0 removals to 0 collections
04:26:47.647 [main] DEBUG o.h.internal.util.EntityPrinter - Listing entities:
04:26:47.647 [main] DEBUG o.h.internal.util.EntityPrinter - edu.ncsu.csc.itrust2.models.persistent.LogEntry{secondaryUser=null, logCode=5, primaryUser=logapitest, id=47, time=java.util.GregorianCalendar[time=1521606407643,areFieldsSet=true,areAllFieldsSet=true,lenient=true,zone=sun.util.calendar.ZoneInfo[id="Etc/UTC",offset=0,dstSavings=0,useDaylight=false,transitions=0,lastRule=null],firstDayOfWeek=1,minimalDaysInFirstWeek=1,ERA=1,YEAR=2018,MONTH=2,WEEK_OF_YEAR=12,WEEK_OF_MONTH=4,DAY_OF_MONTH=21,DAY_OF_YEAR=80,DAY_OF_WEEK=4,DAY_OF_WEEK_IN_MONTH=3,AM_PM=0,HOUR=4,HOUR_OF_DAY=4,MINUTE=26,SECOND=47,MILLISECOND=643,ZONE_OFFSET=0,DST_OFFSET=0], message=null}
04:26:47.647 [main] DEBUG org.hibernate.SQL - insert into LogEntries (logCode, message, primaryUser, secondaryUser, time, id) values (?, ?, ?, ?, ?, ?)
Hibernate: insert into LogEntries (logCode, message, primaryUser, secondaryUser, time, id) values (?, ?, ?, ?, ?, ?)
04:26:47.650 [main] DEBUG o.h.e.j.internal.JdbcCoordinatorImpl - HHH000420: Closing un-released batch
04:26:47.651 [main] DEBUG o.h.e.t.internal.TransactionImpl - begin
04:26:47.656 [main] DEBUG org.hibernate.SQL - select next_val as id_val from hibernate_sequence for update
Hibernate: select next_val as id_val from hibernate_sequence for update
04:26:47.657 [main] DEBUG org.hibernate.SQL - update hibernate_sequence set next_val= ? where next_val=?
Hibernate: update hibernate_sequence set next_val= ? where next_val=?
04:26:47.658 [main] DEBUG o.h.e.i.AbstractSaveEventListener - Generated identifier: 48, using strategy: org.hibernate.id.enhanced.SequenceStyleGenerator
04:26:47.658 [main] DEBUG o.h.e.t.internal.TransactionImpl - committing
04:26:47.658 [main] DEBUG o.h.e.i.AbstractFlushingEventListener - Processing flush-time cascades
04:26:47.658 [main] DEBUG o.h.e.i.AbstractFlushingEventListener - Dirty checking collections
04:26:47.658 [main] DEBUG o.h.e.i.AbstractFlushingEventListener - Flushed: 1 insertions, 0 updates, 0 deletions to 1 objects
04:26:47.658 [main] DEBUG o.h.e.i.AbstractFlushingEventListener - Flushed: 0 (re)creations, 0 updates, 0 removals to 0 collections
04:26:47.658 [main] DEBUG o.h.internal.util.EntityPrinter - Listing entities:
04:26:47.658 [main] DEBUG o.h.internal.util.EntityPrinter - edu.ncsu.csc.itrust2.models.persistent.LogEntry{secondaryUser=null, logCode=5, primaryUser=logapitest, id=48, time=java.util.GregorianCalendar[time=1521606407651,areFieldsSet=true,areAllFieldsSet=true,lenient=true,zone=sun.util.calendar.ZoneInfo[id="Etc/UTC",offset=0,dstSavings=0,useDaylight=false,transitions=0,lastRule=null],firstDayOfWeek=1,minimalDaysInFirstWeek=1,ERA=1,YEAR=2018,MONTH=2,WEEK_OF_YEAR=12,WEEK_OF_MONTH=4,DAY_OF_MONTH=21,DAY_OF_YEAR=80,DAY_OF_WEEK=4,DAY_OF_WEEK_IN_MONTH=3,AM_PM=0,HOUR=4,HOUR_OF_DAY=4,MINUTE=26,SECOND=47,MILLISECOND=651,ZONE_OFFSET=0,DST_OFFSET=0], message=null}
04:26:47.659 [main] DEBUG org.hibernate.SQL - insert into LogEntries (logCode, message, primaryUser, secondaryUser, time, id) values (?, ?, ?, ?, ?, ?)
Hibernate: insert into LogEntries (logCode, message, primaryUser, secondaryUser, time, id) values (?, ?, ?, ?, ?, ?)
04:26:47.661 [main] DEBUG o.h.e.j.internal.JdbcCoordinatorImpl - HHH000420: Closing un-released batch
04:26:47.661 [main] DEBUG o.h.e.t.internal.TransactionImpl - begin
04:26:47.661 [main] DEBUG org.hibernate.SQL - select next_val as id_val from hibernate_sequence for update
Hibernate: select next_val as id_val from hibernate_sequence for update
04:26:47.662 [main] DEBUG org.hibernate.SQL - update hibernate_sequence set next_val= ? where next_val=?
Hibernate: update hibernate_sequence set next_val= ? where next_val=?
04:26:47.664 [main] DEBUG o.h.e.i.AbstractSaveEventListener - Generated identifier: 49, using strategy: org.hibernate.id.enhanced.SequenceStyleGenerator
04:26:47.664 [main] DEBUG o.h.e.t.internal.TransactionImpl - committing
04:26:47.664 [main] DEBUG o.h.e.i.AbstractFlushingEventListener - Processing flush-time cascades
04:26:47.664 [main] DEBUG o.h.e.i.AbstractFlushingEventListener - Dirty checking collections
04:26:47.664 [main] DEBUG o.h.e.i.AbstractFlushingEventListener - Flushed: 1 insertions, 0 updates, 0 deletions to 1 objects
04:26:47.664 [main] DEBUG o.h.e.i.AbstractFlushingEventListener - Flushed: 0 (re)creations, 0 updates, 0 removals to 0 collections
04:26:47.664 [main] DEBUG o.h.internal.util.EntityPrinter - Listing entities:
04:26:47.664 [main] DEBUG o.h.internal.util.EntityPrinter - edu.ncsu.csc.itrust2.models.persistent.LogEntry{secondaryUser=null, logCode=5, primaryUser=logapitest, id=49, time=java.util.GregorianCalendar[time=1521606407661,areFieldsSet=true,areAllFieldsSet=true,lenient=true,zone=sun.util.calendar.ZoneInfo[id="Etc/UTC",offset=0,dstSavings=0,useDaylight=false,transitions=0,lastRule=null],firstDayOfWeek=1,minimalDaysInFirstWeek=1,ERA=1,YEAR=2018,MONTH=2,WEEK_OF_YEAR=12,WEEK_OF_MONTH=4,DAY_OF_MONTH=21,DAY_OF_YEAR=80,DAY_OF_WEEK=4,DAY_OF_WEEK_IN_MONTH=3,AM_PM=0,HOUR=4,HOUR_OF_DAY=4,MINUTE=26,SECOND=47,MILLISECOND=661,ZONE_OFFSET=0,DST_OFFSET=0], message=null}
04:26:47.665 [main] DEBUG org.hibernate.SQL - insert into LogEntries (logCode, message, primaryUser, secondaryUser, time, id) values (?, ?, ?, ?, ?, ?)
Hibernate: insert into LogEntries (logCode, message, primaryUser, secondaryUser, time, id) values (?, ?, ?, ?, ?, ?)
04:26:47.669 [main] DEBUG o.h.e.j.internal.JdbcCoordinatorImpl - HHH000420: Closing un-released batch
04:26:47.670 [main] DEBUG o.h.e.t.internal.TransactionImpl - begin
04:26:47.677 [main] DEBUG org.hibernate.SQL - select next_val as id_val from hibernate_sequence for update
Hibernate: select next_val as id_val from hibernate_sequence for update
04:26:47.677 [main] DEBUG org.hibernate.SQL - update hibernate_sequence set next_val= ? where next_val=?
Hibernate: update hibernate_sequence set next_val= ? where next_val=?
04:26:47.678 [main] DEBUG o.h.e.i.AbstractSaveEventListener - Generated identifier: 50, using strategy: org.hibernate.id.enhanced.SequenceStyleGenerator
04:26:47.679 [main] DEBUG o.h.e.t.internal.TransactionImpl - committing
04:26:47.679 [main] DEBUG o.h.e.i.AbstractFlushingEventListener - Processing flush-time cascades
04:26:47.679 [main] DEBUG o.h.e.i.AbstractFlushingEventListener - Dirty checking collections
04:26:47.679 [main] DEBUG o.h.e.i.AbstractFlushingEventListener - Flushed: 1 insertions, 0 updates, 0 deletions to 1 objects
04:26:47.679 [main] DEBUG o.h.e.i.AbstractFlushingEventListener - Flushed: 0 (re)creations, 0 updates, 0 removals to 0 collections
04:26:47.679 [main] DEBUG o.h.internal.util.EntityPrinter - Listing entities:
04:26:47.679 [main] DEBUG o.h.internal.util.EntityPrinter - edu.ncsu.csc.itrust2.models.persistent.LogEntry{secondaryUser=null, logCode=5, primaryUser=logapitest, id=50, time=java.util.GregorianCalendar[time=1521606407670,areFieldsSet=true,areAllFieldsSet=true,lenient=true,zone=sun.util.calendar.ZoneInfo[id="Etc/UTC",offset=0,dstSavings=0,useDaylight=false,transitions=0,lastRule=null],firstDayOfWeek=1,minimalDaysInFirstWeek=1,ERA=1,YEAR=2018,MONTH=2,WEEK_OF_YEAR=12,WEEK_OF_MONTH=4,DAY_OF_MONTH=21,DAY_OF_YEAR=80,DAY_OF_WEEK=4,DAY_OF_WEEK_IN_MONTH=3,AM_PM=0,HOUR=4,HOUR_OF_DAY=4,MINUTE=26,SECOND=47,MILLISECOND=670,ZONE_OFFSET=0,DST_OFFSET=0], message=null}
04:26:47.680 [main] DEBUG org.hibernate.SQL - insert into LogEntries (logCode, message, primaryUser, secondaryUser, time, id) values (?, ?, ?, ?, ?, ?)
Hibernate: insert into LogEntries (logCode, message, primaryUser, secondaryUser, time, id) values (?, ?, ?, ?, ?, ?)
04:26:47.683 [main] DEBUG o.h.e.j.internal.JdbcCoordinatorImpl - HHH000420: Closing un-released batch
04:26:47.684 [main] DEBUG o.h.e.t.internal.TransactionImpl - begin
04:26:47.684 [main] DEBUG org.hibernate.SQL - select next_val as id_val from hibernate_sequence for update
Hibernate: select next_val as id_val from hibernate_sequence for update
04:26:47.685 [main] DEBUG org.hibernate.SQL - update hibernate_sequence set next_val= ? where next_val=?
Hibernate: update hibernate_sequence set next_val= ? where next_val=?
04:26:47.686 [main] DEBUG o.h.e.i.AbstractSaveEventListener - Generated identifier: 51, using strategy: org.hibernate.id.enhanced.SequenceStyleGenerator
04:26:47.686 [main] DEBUG o.h.e.t.internal.TransactionImpl - committing
04:26:47.686 [main] DEBUG o.h.e.i.AbstractFlushingEventListener - Processing flush-time cascades
04:26:47.686 [main] DEBUG o.h.e.i.AbstractFlushingEventListener - Dirty checking collections
04:26:47.686 [main] DEBUG o.h.e.i.AbstractFlushingEventListener - Flushed: 1 insertions, 0 updates, 0 deletions to 1 objects
04:26:47.687 [main] DEBUG o.h.e.i.AbstractFlushingEventListener - Flushed: 0 (re)creations, 0 updates, 0 removals to 0 collections
04:26:47.687 [main] DEBUG o.h.internal.util.EntityPrinter - Listing entities:
04:26:47.687 [main] DEBUG o.h.internal.util.EntityPrinter - edu.ncsu.csc.itrust2.models.persistent.LogEntry{secondaryUser=null, logCode=5, primaryUser=logapitest, id=51, time=java.util.GregorianCalendar[time=1521606407684,areFieldsSet=true,areAllFieldsSet=true,lenient=true,zone=sun.util.calendar.ZoneInfo[id="Etc/UTC",offset=0,dstSavings=0,useDaylight=false,transitions=0,lastRule=null],firstDayOfWeek=1,minimalDaysInFirstWeek=1,ERA=1,YEAR=2018,MONTH=2,WEEK_OF_YEAR=12,WEEK_OF_MONTH=4,DAY_OF_MONTH=21,DAY_OF_YEAR=80,DAY_OF_WEEK=4,DAY_OF_WEEK_IN_MONTH=3,AM_PM=0,HOUR=4,HOUR_OF_DAY=4,MINUTE=26,SECOND=47,MILLISECOND=684,ZONE_OFFSET=0,DST_OFFSET=0], message=null}
04:26:47.687 [main] DEBUG org.hibernate.SQL - insert into LogEntries (logCode, message, primaryUser, secondaryUser, time, id) values (?, ?, ?, ?, ?, ?)
Hibernate: insert into LogEntries (logCode, message, primaryUser, secondaryUser, time, id) values (?, ?, ?, ?, ?, ?)
04:26:47.688 [main] DEBUG o.h.e.j.internal.JdbcCoordinatorImpl - HHH000420: Closing un-released batch
04:26:47.689 [main] DEBUG o.h.e.t.internal.TransactionImpl - begin
04:26:47.693 [main] DEBUG org.hibernate.SQL - select next_val as id_val from hibernate_sequence for update
Hibernate: select next_val as id_val from hibernate_sequence for update
04:26:47.694 [main] DEBUG org.hibernate.SQL - update hibernate_sequence set next_val= ? where next_val=?
Hibernate: update hibernate_sequence set next_val= ? where next_val=?
04:26:47.696 [main] DEBUG o.h.e.i.AbstractSaveEventListener - Generated identifier: 52, using strategy: org.hibernate.id.enhanced.SequenceStyleGenerator
04:26:47.696 [main] DEBUG o.h.e.t.internal.TransactionImpl - committing
04:26:47.696 [main] DEBUG o.h.e.i.AbstractFlushingEventListener - Processing flush-time cascades
04:26:47.696 [main] DEBUG o.h.e.i.AbstractFlushingEventListener - Dirty checking collections
04:26:47.696 [main] DEBUG o.h.e.i.AbstractFlushingEventListener - Flushed: 1 insertions, 0 updates, 0 deletions to 1 objects
04:26:47.696 [main] DEBUG o.h.e.i.AbstractFlushingEventListener - Flushed: 0 (re)creations, 0 updates, 0 removals to 0 collections
04:26:47.696 [main] DEBUG o.h.internal.util.EntityPrinter - Listing entities:
04:26:47.697 [main] DEBUG o.h.internal.util.EntityPrinter - edu.ncsu.csc.itrust2.models.persistent.LogEntry{secondaryUser=null, logCode=5, primaryUser=logapitest, id=52, time=java.util.GregorianCalendar[time=1521606407689,areFieldsSet=true,areAllFieldsSet=true,lenient=true,zone=sun.util.calendar.ZoneInfo[id="Etc/UTC",offset=0,dstSavings=0,useDaylight=false,transitions=0,lastRule=null],firstDayOfWeek=1,minimalDaysInFirstWeek=1,ERA=1,YEAR=2018,MONTH=2,WEEK_OF_YEAR=12,WEEK_OF_MONTH=4,DAY_OF_MONTH=21,DAY_OF_YEAR=80,DAY_OF_WEEK=4,DAY_OF_WEEK_IN_MONTH=3,AM_PM=0,HOUR=4,HOUR_OF_DAY=4,MINUTE=26,SECOND=47,MILLISECOND=689,ZONE_OFFSET=0,DST_OFFSET=0], message=null}
04:26:47.697 [main] DEBUG org.hibernate.SQL - insert into LogEntries (logCode, message, primaryUser, secondaryUser, time, id) values (?, ?, ?, ?, ?, ?)
Hibernate: insert into LogEntries (logCode, message, primaryUser, secondaryUser, time, id) values (?, ?, ?, ?, ?, ?)
04:26:47.706 [main] DEBUG o.h.e.j.internal.JdbcCoordinatorImpl - HHH000420: Closing un-released batch
04:26:47.706 [main] DEBUG o.h.e.t.internal.TransactionImpl - begin
04:26:47.707 [main] DEBUG org.hibernate.SQL - select next_val as id_val from hibernate_sequence for update
Hibernate: select next_val as id_val from hibernate_sequence for update
04:26:47.708 [main] DEBUG org.hibernate.SQL - update hibernate_sequence set next_val= ? where next_val=?
Hibernate: update hibernate_sequence set next_val= ? where next_val=?
04:26:47.709 [main] DEBUG o.h.e.i.AbstractSaveEventListener - Generated identifier: 53, using strategy: org.hibernate.id.enhanced.SequenceStyleGenerator
04:26:47.709 [main] DEBUG o.h.e.t.internal.TransactionImpl - committing
04:26:47.709 [main] DEBUG o.h.e.i.AbstractFlushingEventListener - Processing flush-time cascades
04:26:47.709 [main] DEBUG o.h.e.i.AbstractFlushingEventListener - Dirty checking collections
04:26:47.709 [main] DEBUG o.h.e.i.AbstractFlushingEventListener - Flushed: 1 insertions, 0 updates, 0 deletions to 1 objects
04:26:47.709 [main] DEBUG o.h.e.i.AbstractFlushingEventListener - Flushed: 0 (re)creations, 0 updates, 0 removals to 0 collections
04:26:47.709 [main] DEBUG o.h.internal.util.EntityPrinter - Listing entities:
04:26:47.709 [main] DEBUG o.h.internal.util.EntityPrinter - edu.ncsu.csc.itrust2.models.persistent.LogEntry{secondaryUser=null, logCode=5, primaryUser=logapitest, id=53, time=java.util.GregorianCalendar[time=1521606407706,areFieldsSet=true,areAllFieldsSet=true,lenient=true,zone=sun.util.calendar.ZoneInfo[id="Etc/UTC",offset=0,dstSavings=0,useDaylight=false,transitions=0,lastRule=null],firstDayOfWeek=1,minimalDaysInFirstWeek=1,ERA=1,YEAR=2018,MONTH=2,WEEK_OF_YEAR=12,WEEK_OF_MONTH=4,DAY_OF_MONTH=21,DAY_OF_YEAR=80,DAY_OF_WEEK=4,DAY_OF_WEEK_IN_MONTH=3,AM_PM=0,HOUR=4,HOUR_OF_DAY=4,MINUTE=26,SECOND=47,MILLISECOND=706,ZONE_OFFSET=0,DST_OFFSET=0], message=null}
04:26:47.710 [main] DEBUG org.hibernate.SQL - insert into LogEntries (logCode, message, primaryUser, secondaryUser, time, id) values (?, ?, ?, ?, ?, ?)
Hibernate: insert into LogEntries (logCode, message, primaryUser, secondaryUser, time, id) values (?, ?, ?, ?, ?, ?)
04:26:47.713 [main] DEBUG o.h.e.j.internal.JdbcCoordinatorImpl - HHH000420: Closing un-released batch
04:26:47.713 [main] DEBUG o.h.e.t.internal.TransactionImpl - begin
04:26:47.714 [main] DEBUG org.hibernate.SQL - select next_val as id_val from hibernate_sequence for update
Hibernate: select next_val as id_val from hibernate_sequence for update
04:26:47.715 [main] DEBUG org.hibernate.SQL - update hibernate_sequence set next_val= ? where next_val=?
Hibernate: update hibernate_sequence set next_val= ? where next_val=?
04:26:47.716 [main] DEBUG o.h.e.i.AbstractSaveEventListener - Generated identifier: 54, using strategy: org.hibernate.id.enhanced.SequenceStyleGenerator
04:26:47.716 [main] DEBUG o.h.e.t.internal.TransactionImpl - committing
04:26:47.716 [main] DEBUG o.h.e.i.AbstractFlushingEventListener - Processing flush-time cascades
04:26:47.716 [main] DEBUG o.h.e.i.AbstractFlushingEventListener - Dirty checking collections
04:26:47.716 [main] DEBUG o.h.e.i.AbstractFlushingEventListener - Flushed: 1 insertions, 0 updates, 0 deletions to 1 objects
04:26:47.716 [main] DEBUG o.h.e.i.AbstractFlushingEventListener - Flushed: 0 (re)creations, 0 updates, 0 removals to 0 collections
04:26:47.716 [main] DEBUG o.h.internal.util.EntityPrinter - Listing entities:
04:26:47.717 [main] DEBUG o.h.internal.util.EntityPrinter - edu.ncsu.csc.itrust2.models.persistent.LogEntry{secondaryUser=null, logCode=5, primaryUser=logapitest, id=54, time=java.util.GregorianCalendar[time=1521606407713,areFieldsSet=true,areAllFieldsSet=true,lenient=true,zone=sun.util.calendar.ZoneInfo[id="Etc/UTC",offset=0,dstSavings=0,useDaylight=false,transitions=0,lastRule=null],firstDayOfWeek=1,minimalDaysInFirstWeek=1,ERA=1,YEAR=2018,MONTH=2,WEEK_OF_YEAR=12,WEEK_OF_MONTH=4,DAY_OF_MONTH=21,DAY_OF_YEAR=80,DAY_OF_WEEK=4,DAY_OF_WEEK_IN_MONTH=3,AM_PM=0,HOUR=4,HOUR_OF_DAY=4,MINUTE=26,SECOND=47,MILLISECOND=713,ZONE_OFFSET=0,DST_OFFSET=0], message=null}
04:26:47.718 [main] DEBUG org.hibernate.SQL - insert into LogEntries (logCode, message, primaryUser, secondaryUser, time, id) values (?, ?, ?, ?, ?, ?)
Hibernate: insert into LogEntries (logCode, message, primaryUser, secondaryUser, time, id) values (?, ?, ?, ?, ?, ?)
04:26:47.722 [main] DEBUG o.h.e.j.internal.JdbcCoordinatorImpl - HHH000420: Closing un-released batch
04:26:47.723 [main] DEBUG o.h.e.t.internal.TransactionImpl - begin
04:26:47.723 [main] DEBUG org.hibernate.SQL - select next_val as id_val from hibernate_sequence for update
Hibernate: select next_val as id_val from hibernate_sequence for update
04:26:47.726 [main] DEBUG org.hibernate.SQL - update hibernate_sequence set next_val= ? where next_val=?
Hibernate: update hibernate_sequence set next_val= ? where next_val=?
04:26:47.728 [main] DEBUG o.h.e.i.AbstractSaveEventListener - Generated identifier: 55, using strategy: org.hibernate.id.enhanced.SequenceStyleGenerator
04:26:47.728 [main] DEBUG o.h.e.t.internal.TransactionImpl - committing
04:26:47.728 [main] DEBUG o.h.e.i.AbstractFlushingEventListener - Processing flush-time cascades
04:26:47.728 [main] DEBUG o.h.e.i.AbstractFlushingEventListener - Dirty checking collections
04:26:47.728 [main] DEBUG o.h.e.i.AbstractFlushingEventListener - Flushed: 1 insertions, 0 updates, 0 deletions to 1 objects
04:26:47.728 [main] DEBUG o.h.e.i.AbstractFlushingEventListener - Flushed: 0 (re)creations, 0 updates, 0 removals to 0 collections
04:26:47.728 [main] DEBUG o.h.internal.util.EntityPrinter - Listing entities:
04:26:47.728 [main] DEBUG o.h.internal.util.EntityPrinter - edu.ncsu.csc.itrust2.models.persistent.LogEntry{secondaryUser=null, logCode=5, primaryUser=logapitest, id=55, time=java.util.GregorianCalendar[time=1521606407722,areFieldsSet=true,areAllFieldsSet=true,lenient=true,zone=sun.util.calendar.ZoneInfo[id="Etc/UTC",offset=0,dstSavings=0,useDaylight=false,transitions=0,lastRule=null],firstDayOfWeek=1,minimalDaysInFirstWeek=1,ERA=1,YEAR=2018,MONTH=2,WEEK_OF_YEAR=12,WEEK_OF_MONTH=4,DAY_OF_MONTH=21,DAY_OF_YEAR=80,DAY_OF_WEEK=4,DAY_OF_WEEK_IN_MONTH=3,AM_PM=0,HOUR=4,HOUR_OF_DAY=4,MINUTE=26,SECOND=47,MILLISECOND=722,ZONE_OFFSET=0,DST_OFFSET=0], message=null}
04:26:47.729 [main] DEBUG org.hibernate.SQL - insert into LogEntries (logCode, message, primaryUser, secondaryUser, time, id) values (?, ?, ?, ?, ?, ?)
Hibernate: insert into LogEntries (logCode, message, primaryUser, secondaryUser, time, id) values (?, ?, ?, ?, ?, ?)
04:26:47.731 [main] DEBUG o.h.e.j.internal.JdbcCoordinatorImpl - HHH000420: Closing un-released batch
04:26:47.731 [main] DEBUG o.h.e.t.internal.TransactionImpl - begin
04:26:47.731 [main] DEBUG org.hibernate.SQL - select next_val as id_val from hibernate_sequence for update
Hibernate: select next_val as id_val from hibernate_sequence for update
04:26:47.733 [main] DEBUG org.hibernate.SQL - update hibernate_sequence set next_val= ? where next_val=?
Hibernate: update hibernate_sequence set next_val= ? where next_val=?
04:26:47.734 [main] DEBUG o.h.e.i.AbstractSaveEventListener - Generated identifier: 56, using strategy: org.hibernate.id.enhanced.SequenceStyleGenerator
04:26:47.734 [main] DEBUG o.h.e.t.internal.TransactionImpl - committing
04:26:47.735 [main] DEBUG o.h.e.i.AbstractFlushingEventListener - Processing flush-time cascades
04:26:47.735 [main] DEBUG o.h.e.i.AbstractFlushingEventListener - Dirty checking collections
04:26:47.736 [main] DEBUG o.h.e.i.AbstractFlushingEventListener - Flushed: 1 insertions, 0 updates, 0 deletions to 1 objects
04:26:47.736 [main] DEBUG o.h.e.i.AbstractFlushingEventListener - Flushed: 0 (re)creations, 0 updates, 0 removals to 0 collections
04:26:47.736 [main] DEBUG o.h.internal.util.EntityPrinter - Listing entities:
04:26:47.736 [main] DEBUG o.h.internal.util.EntityPrinter - edu.ncsu.csc.itrust2.models.persistent.LogEntry{secondaryUser=null, logCode=5, primaryUser=logapitest, id=56, time=java.util.GregorianCalendar[time=1521606407731,areFieldsSet=true,areAllFieldsSet=true,lenient=true,zone=sun.util.calendar.ZoneInfo[id="Etc/UTC",offset=0,dstSavings=0,useDaylight=false,transitions=0,lastRule=null],firstDayOfWeek=1,minimalDaysInFirstWeek=1,ERA=1,YEAR=2018,MONTH=2,WEEK_OF_YEAR=12,WEEK_OF_MONTH=4,DAY_OF_MONTH=21,DAY_OF_YEAR=80,DAY_OF_WEEK=4,DAY_OF_WEEK_IN_MONTH=3,AM_PM=0,HOUR=4,HOUR_OF_DAY=4,MINUTE=26,SECOND=47,MILLISECOND=731,ZONE_OFFSET=0,DST_OFFSET=0], message=null}
04:26:47.736 [main] DEBUG org.hibernate.SQL - insert into LogEntries (logCode, message, primaryUser, secondaryUser, time, id) values (?, ?, ?, ?, ?, ?)
Hibernate: insert into LogEntries (logCode, message, primaryUser, secondaryUser, time, id) values (?, ?, ?, ?, ?, ?)
04:26:47.738 [main] DEBUG o.h.e.j.internal.JdbcCoordinatorImpl - HHH000420: Closing un-released batch
04:26:47.739 [main] DEBUG o.h.e.t.internal.TransactionImpl - begin
04:26:47.739 [main] DEBUG org.hibernate.SQL - select next_val as id_val from hibernate_sequence for update
Hibernate: select next_val as id_val from hibernate_sequence for update
04:26:47.740 [main] DEBUG org.hibernate.SQL - update hibernate_sequence set next_val= ? where next_val=?
Hibernate: update hibernate_sequence set next_val= ? where next_val=?
04:26:47.741 [main] DEBUG o.h.e.i.AbstractSaveEventListener - Generated identifier: 57, using strategy: org.hibernate.id.enhanced.SequenceStyleGenerator
04:26:47.741 [main] DEBUG o.h.e.t.internal.TransactionImpl - committing
04:26:47.741 [main] DEBUG o.h.e.i.AbstractFlushingEventListener - Processing flush-time cascades
04:26:47.741 [main] DEBUG o.h.e.i.AbstractFlushingEventListener - Dirty checking collections
04:26:47.742 [main] DEBUG o.h.e.i.AbstractFlushingEventListener - Flushed: 1 insertions, 0 updates, 0 deletions to 1 objects
04:26:47.742 [main] DEBUG o.h.e.i.AbstractFlushingEventListener - Flushed: 0 (re)creations, 0 updates, 0 removals to 0 collections
04:26:47.742 [main] DEBUG o.h.internal.util.EntityPrinter - Listing entities:
04:26:47.742 [main] DEBUG o.h.internal.util.EntityPrinter - edu.ncsu.csc.itrust2.models.persistent.LogEntry{secondaryUser=null, logCode=5, primaryUser=logapitest, id=57, time=java.util.GregorianCalendar[time=1521606407738,areFieldsSet=true,areAllFieldsSet=true,lenient=true,zone=sun.util.calendar.ZoneInfo[id="Etc/UTC",offset=0,dstSavings=0,useDaylight=false,transitions=0,lastRule=null],firstDayOfWeek=1,minimalDaysInFirstWeek=1,ERA=1,YEAR=2018,MONTH=2,WEEK_OF_YEAR=12,WEEK_OF_MONTH=4,DAY_OF_MONTH=21,DAY_OF_YEAR=80,DAY_OF_WEEK=4,DAY_OF_WEEK_IN_MONTH=3,AM_PM=0,HOUR=4,HOUR_OF_DAY=4,MINUTE=26,SECOND=47,MILLISECOND=738,ZONE_OFFSET=0,DST_OFFSET=0], message=null}
04:26:47.744 [main] DEBUG org.hibernate.SQL - insert into LogEntries (logCode, message, primaryUser, secondaryUser, time, id) values (?, ?, ?, ?, ?, ?)
Hibernate: insert into LogEntries (logCode, message, primaryUser, secondaryUser, time, id) values (?, ?, ?, ?, ?, ?)
04:26:47.745 [main] DEBUG o.h.e.j.internal.JdbcCoordinatorImpl - HHH000420: Closing un-released batch
04:26:47.745 [main] DEBUG o.h.e.t.internal.TransactionImpl - begin
04:26:47.745 [main] DEBUG org.hibernate.SQL - select next_val as id_val from hibernate_sequence for update
Hibernate: select next_val as id_val from hibernate_sequence for update
04:26:47.746 [main] DEBUG org.hibernate.SQL - update hibernate_sequence set next_val= ? where next_val=?
Hibernate: update hibernate_sequence set next_val= ? where next_val=?
04:26:47.747 [main] DEBUG o.h.e.i.AbstractSaveEventListener - Generated identifier: 58, using strategy: org.hibernate.id.enhanced.SequenceStyleGenerator
04:26:47.747 [main] DEBUG o.h.e.t.internal.TransactionImpl - committing
04:26:47.747 [main] DEBUG o.h.e.i.AbstractFlushingEventListener - Processing flush-time cascades
04:26:47.747 [main] DEBUG o.h.e.i.AbstractFlushingEventListener - Dirty checking collections
04:26:47.747 [main] DEBUG o.h.e.i.AbstractFlushingEventListener - Flushed: 1 insertions, 0 updates, 0 deletions to 1 objects
04:26:47.747 [main] DEBUG o.h.e.i.AbstractFlushingEventListener - Flushed: 0 (re)creations, 0 updates, 0 removals to 0 collections
04:26:47.747 [main] DEBUG o.h.internal.util.EntityPrinter - Listing entities:
04:26:47.748 [main] DEBUG o.h.internal.util.EntityPrinter - edu.ncsu.csc.itrust2.models.persistent.LogEntry{secondaryUser=null, logCode=5, primaryUser=logapitest, id=58, time=java.util.GregorianCalendar[time=1521606407745,areFieldsSet=true,areAllFieldsSet=true,lenient=true,zone=sun.util.calendar.ZoneInfo[id="Etc/UTC",offset=0,dstSavings=0,useDaylight=false,transitions=0,lastRule=null],firstDayOfWeek=1,minimalDaysInFirstWeek=1,ERA=1,YEAR=2018,MONTH=2,WEEK_OF_YEAR=12,WEEK_OF_MONTH=4,DAY_OF_MONTH=21,DAY_OF_YEAR=80,DAY_OF_WEEK=4,DAY_OF_WEEK_IN_MONTH=3,AM_PM=0,HOUR=4,HOUR_OF_DAY=4,MINUTE=26,SECOND=47,MILLISECOND=745,ZONE_OFFSET=0,DST_OFFSET=0], message=null}
04:26:47.750 [main] DEBUG org.hibernate.SQL - insert into LogEntries (logCode, message, primaryUser, secondaryUser, time, id) values (?, ?, ?, ?, ?, ?)
Hibernate: insert into LogEntries (logCode, message, primaryUser, secondaryUser, time, id) values (?, ?, ?, ?, ?, ?)
04:26:47.752 [main] DEBUG o.h.e.j.internal.JdbcCoordinatorImpl - HHH000420: Closing un-released batch
04:26:47.752 [main] DEBUG o.h.e.t.internal.TransactionImpl - begin
04:26:47.753 [main] DEBUG org.hibernate.SQL - select next_val as id_val from hibernate_sequence for update
Hibernate: select next_val as id_val from hibernate_sequence for update
04:26:47.753 [main] DEBUG org.hibernate.SQL - update hibernate_sequence set next_val= ? where next_val=?
Hibernate: update hibernate_sequence set next_val= ? where next_val=?
04:26:47.754 [main] DEBUG o.h.e.i.AbstractSaveEventListener - Generated identifier: 59, using strategy: org.hibernate.id.enhanced.SequenceStyleGenerator
04:26:47.755 [main] DEBUG o.h.e.t.internal.TransactionImpl - committing
04:26:47.755 [main] DEBUG o.h.e.i.AbstractFlushingEventListener - Processing flush-time cascades
04:26:47.756 [main] DEBUG o.h.e.i.AbstractFlushingEventListener - Dirty checking collections
04:26:47.756 [main] DEBUG o.h.e.i.AbstractFlushingEventListener - Flushed: 1 insertions, 0 updates, 0 deletions to 1 objects
04:26:47.756 [main] DEBUG o.h.e.i.AbstractFlushingEventListener - Flushed: 0 (re)creations, 0 updates, 0 removals to 0 collections
04:26:47.756 [main] DEBUG o.h.internal.util.EntityPrinter - Listing entities:
04:26:47.756 [main] DEBUG o.h.internal.util.EntityPrinter - edu.ncsu.csc.itrust2.models.persistent.LogEntry{secondaryUser=null, logCode=5, primaryUser=logapitest, id=59, time=java.util.GregorianCalendar[time=1521606407752,areFieldsSet=true,areAllFieldsSet=true,lenient=true,zone=sun.util.calendar.ZoneInfo[id="Etc/UTC",offset=0,dstSavings=0,useDaylight=false,transitions=0,lastRule=null],firstDayOfWeek=1,minimalDaysInFirstWeek=1,ERA=1,YEAR=2018,MONTH=2,WEEK_OF_YEAR=12,WEEK_OF_MONTH=4,DAY_OF_MONTH=21,DAY_OF_YEAR=80,DAY_OF_WEEK=4,DAY_OF_WEEK_IN_MONTH=3,AM_PM=0,HOUR=4,HOUR_OF_DAY=4,MINUTE=26,SECOND=47,MILLISECOND=752,ZONE_OFFSET=0,DST_OFFSET=0], message=null}
04:26:47.757 [main] DEBUG org.hibernate.SQL - insert into LogEntries (logCode, message, primaryUser, secondaryUser, time, id) values (?, ?, ?, ?, ?, ?)
Hibernate: insert into LogEntries (logCode, message, primaryUser, secondaryUser, time, id) values (?, ?, ?, ?, ?, ?)
04:26:47.758 [main] DEBUG o.h.e.j.internal.JdbcCoordinatorImpl - HHH000420: Closing un-released batch
04:26:47.759 [main] DEBUG o.h.e.t.internal.TransactionImpl - begin
04:26:47.759 [main] DEBUG org.hibernate.SQL - select next_val as id_val from hibernate_sequence for update
Hibernate: select next_val as id_val from hibernate_sequence for update
04:26:47.759 [main] DEBUG org.hibernate.SQL - update hibernate_sequence set next_val= ? where next_val=?
Hibernate: update hibernate_sequence set next_val= ? where next_val=?
04:26:47.761 [main] DEBUG o.h.e.i.AbstractSaveEventListener - Generated identifier: 60, using strategy: org.hibernate.id.enhanced.SequenceStyleGenerator
04:26:47.762 [main] DEBUG o.h.e.t.internal.TransactionImpl - committing
04:26:47.762 [main] DEBUG o.h.e.i.AbstractFlushingEventListener - Processing flush-time cascades
04:26:47.762 [main] DEBUG o.h.e.i.AbstractFlushingEventListener - Dirty checking collections
04:26:47.762 [main] DEBUG o.h.e.i.AbstractFlushingEventListener - Flushed: 1 insertions, 0 updates, 0 deletions to 1 objects
04:26:47.762 [main] DEBUG o.h.e.i.AbstractFlushingEventListener - Flushed: 0 (re)creations, 0 updates, 0 removals to 0 collections
04:26:47.762 [main] DEBUG o.h.internal.util.EntityPrinter - Listing entities:
04:26:47.762 [main] DEBUG o.h.internal.util.EntityPrinter - edu.ncsu.csc.itrust2.models.persistent.LogEntry{secondaryUser=null, logCode=5, primaryUser=logapitest, id=60, time=java.util.GregorianCalendar[time=1521606407759,areFieldsSet=true,areAllFieldsSet=true,lenient=true,zone=sun.util.calendar.ZoneInfo[id="Etc/UTC",offset=0,dstSavings=0,useDaylight=false,transitions=0,lastRule=null],firstDayOfWeek=1,minimalDaysInFirstWeek=1,ERA=1,YEAR=2018,MONTH=2,WEEK_OF_YEAR=12,WEEK_OF_MONTH=4,DAY_OF_MONTH=21,DAY_OF_YEAR=80,DAY_OF_WEEK=4,DAY_OF_WEEK_IN_MONTH=3,AM_PM=0,HOUR=4,HOUR_OF_DAY=4,MINUTE=26,SECOND=47,MILLISECOND=759,ZONE_OFFSET=0,DST_OFFSET=0], message=null}
04:26:47.764 [main] DEBUG org.hibernate.SQL - insert into LogEntries (logCode, message, primaryUser, secondaryUser, time, id) values (?, ?, ?, ?, ?, ?)
Hibernate: insert into LogEntries (logCode, message, primaryUser, secondaryUser, time, id) values (?, ?, ?, ?, ?, ?)
04:26:47.766 [main] DEBUG o.h.e.j.internal.JdbcCoordinatorImpl - HHH000420: Closing un-released batch
04:26:47.766 [main] DEBUG o.h.e.t.internal.TransactionImpl - begin
04:26:47.767 [main] DEBUG org.hibernate.SQL - select next_val as id_val from hibernate_sequence for update
Hibernate: select next_val as id_val from hibernate_sequence for update
04:26:47.769 [main] DEBUG org.hibernate.SQL - update hibernate_sequence set next_val= ? where next_val=?
Hibernate: update hibernate_sequence set next_val= ? where next_val=?
04:26:47.771 [main] DEBUG o.h.e.i.AbstractSaveEventListener - Generated identifier: 61, using strategy: org.hibernate.id.enhanced.SequenceStyleGenerator
04:26:47.771 [main] DEBUG o.h.e.t.internal.TransactionImpl - committing
04:26:47.771 [main] DEBUG o.h.e.i.AbstractFlushingEventListener - Processing flush-time cascades
04:26:47.771 [main] DEBUG o.h.e.i.AbstractFlushingEventListener - Dirty checking collections
04:26:47.772 [main] DEBUG o.h.e.i.AbstractFlushingEventListener - Flushed: 1 insertions, 0 updates, 0 deletions to 1 objects
04:26:47.772 [main] DEBUG o.h.e.i.AbstractFlushingEventListener - Flushed: 0 (re)creations, 0 updates, 0 removals to 0 collections
04:26:47.772 [main] DEBUG o.h.internal.util.EntityPrinter - Listing entities:
04:26:47.772 [main] DEBUG o.h.internal.util.EntityPrinter - edu.ncsu.csc.itrust2.models.persistent.LogEntry{secondaryUser=null, logCode=5, primaryUser=logapitest, id=61, time=java.util.GregorianCalendar[time=1521606407766,areFieldsSet=true,areAllFieldsSet=true,lenient=true,zone=sun.util.calendar.ZoneInfo[id="Etc/UTC",offset=0,dstSavings=0,useDaylight=false,transitions=0,lastRule=null],firstDayOfWeek=1,minimalDaysInFirstWeek=1,ERA=1,YEAR=2018,MONTH=2,WEEK_OF_YEAR=12,WEEK_OF_MONTH=4,DAY_OF_MONTH=21,DAY_OF_YEAR=80,DAY_OF_WEEK=4,DAY_OF_WEEK_IN_MONTH=3,AM_PM=0,HOUR=4,HOUR_OF_DAY=4,MINUTE=26,SECOND=47,MILLISECOND=766,ZONE_OFFSET=0,DST_OFFSET=0], message=null}
04:26:47.773 [main] DEBUG org.hibernate.SQL - insert into LogEntries (logCode, message, primaryUser, secondaryUser, time, id) values (?, ?, ?, ?, ?, ?)
Hibernate: insert into LogEntries (logCode, message, primaryUser, secondaryUser, time, id) values (?, ?, ?, ?, ?, ?)
04:26:47.775 [main] DEBUG o.h.e.j.internal.JdbcCoordinatorImpl - HHH000420: Closing un-released batch
04:26:47.775 [main] DEBUG o.h.e.t.internal.TransactionImpl - begin
04:26:47.778 [main] DEBUG org.hibernate.SQL - select next_val as id_val from hibernate_sequence for update
Hibernate: select next_val as id_val from hibernate_sequence for update
04:26:47.790 [main] DEBUG org.hibernate.SQL - update hibernate_sequence set next_val= ? where next_val=?
Hibernate: update hibernate_sequence set next_val= ? where next_val=?
04:26:47.793 [main] DEBUG o.h.e.i.AbstractSaveEventListener - Generated identifier: 62, using strategy: org.hibernate.id.enhanced.SequenceStyleGenerator
04:26:47.793 [main] DEBUG o.h.e.t.internal.TransactionImpl - committing
04:26:47.793 [main] DEBUG o.h.e.i.AbstractFlushingEventListener - Processing flush-time cascades
04:26:47.793 [main] DEBUG o.h.e.i.AbstractFlushingEventListener - Dirty checking collections
04:26:47.794 [main] DEBUG o.h.e.i.AbstractFlushingEventListener - Flushed: 1 insertions, 0 updates, 0 deletions to 1 objects
04:26:47.794 [main] DEBUG o.h.e.i.AbstractFlushingEventListener - Flushed: 0 (re)creations, 0 updates, 0 removals to 0 collections
04:26:47.794 [main] DEBUG o.h.internal.util.EntityPrinter - Listing entities:
04:26:47.794 [main] DEBUG o.h.internal.util.EntityPrinter - edu.ncsu.csc.itrust2.models.persistent.LogEntry{secondaryUser=null, logCode=5, primaryUser=logapitest, id=62, time=java.util.GregorianCalendar[time=1521606407775,areFieldsSet=true,areAllFieldsSet=true,lenient=true,zone=sun.util.calendar.ZoneInfo[id="Etc/UTC",offset=0,dstSavings=0,useDaylight=false,transitions=0,lastRule=null],firstDayOfWeek=1,minimalDaysInFirstWeek=1,ERA=1,YEAR=2018,MONTH=2,WEEK_OF_YEAR=12,WEEK_OF_MONTH=4,DAY_OF_MONTH=21,DAY_OF_YEAR=80,DAY_OF_WEEK=4,DAY_OF_WEEK_IN_MONTH=3,AM_PM=0,HOUR=4,HOUR_OF_DAY=4,MINUTE=26,SECOND=47,MILLISECOND=775,ZONE_OFFSET=0,DST_OFFSET=0], message=null}
04:26:47.795 [main] DEBUG org.hibernate.SQL - insert into LogEntries (logCode, message, primaryUser, secondaryUser, time, id) values (?, ?, ?, ?, ?, ?)
Hibernate: insert into LogEntries (logCode, message, primaryUser, secondaryUser, time, id) values (?, ?, ?, ?, ?, ?)
04:26:47.798 [main] DEBUG o.h.e.j.internal.JdbcCoordinatorImpl - HHH000420: Closing un-released batch
04:26:47.799 [main] DEBUG o.h.e.t.internal.TransactionImpl - begin
04:26:47.809 [main] DEBUG org.hibernate.SQL - select next_val as id_val from hibernate_sequence for update
Hibernate: select next_val as id_val from hibernate_sequence for update
04:26:47.809 [main] DEBUG org.hibernate.SQL - update hibernate_sequence set next_val= ? where next_val=?
Hibernate: update hibernate_sequence set next_val= ? where next_val=?
04:26:47.811 [main] DEBUG o.h.e.i.AbstractSaveEventListener - Generated identifier: 63, using strategy: org.hibernate.id.enhanced.SequenceStyleGenerator
04:26:47.811 [main] DEBUG o.h.e.t.internal.TransactionImpl - committing
04:26:47.811 [main] DEBUG o.h.e.i.AbstractFlushingEventListener - Processing flush-time cascades
04:26:47.811 [main] DEBUG o.h.e.i.AbstractFlushingEventListener - Dirty checking collections
04:26:47.811 [main] DEBUG o.h.e.i.AbstractFlushingEventListener - Flushed: 1 insertions, 0 updates, 0 deletions to 1 objects
04:26:47.812 [main] DEBUG o.h.e.i.AbstractFlushingEventListener - Flushed: 0 (re)creations, 0 updates, 0 removals to 0 collections
04:26:47.812 [main] DEBUG o.h.internal.util.EntityPrinter - Listing entities:
04:26:47.812 [main] DEBUG o.h.internal.util.EntityPrinter - edu.ncsu.csc.itrust2.models.persistent.LogEntry{secondaryUser=null, logCode=5, primaryUser=logapitest, id=63, time=java.util.GregorianCalendar[time=1521606407799,areFieldsSet=true,areAllFieldsSet=true,lenient=true,zone=sun.util.calendar.ZoneInfo[id="Etc/UTC",offset=0,dstSavings=0,useDaylight=false,transitions=0,lastRule=null],firstDayOfWeek=1,minimalDaysInFirstWeek=1,ERA=1,YEAR=2018,MONTH=2,WEEK_OF_YEAR=12,WEEK_OF_MONTH=4,DAY_OF_MONTH=21,DAY_OF_YEAR=80,DAY_OF_WEEK=4,DAY_OF_WEEK_IN_MONTH=3,AM_PM=0,HOUR=4,HOUR_OF_DAY=4,MINUTE=26,SECOND=47,MILLISECOND=799,ZONE_OFFSET=0,DST_OFFSET=0], message=null}
04:26:47.812 [main] DEBUG org.hibernate.SQL - insert into LogEntries (logCode, message, primaryUser, secondaryUser, time, id) values (?, ?, ?, ?, ?, ?)
Hibernate: insert into LogEntries (logCode, message, primaryUser, secondaryUser, time, id) values (?, ?, ?, ?, ?, ?)
04:26:47.822 [main] DEBUG o.h.e.j.internal.JdbcCoordinatorImpl - HHH000420: Closing un-released batch
04:26:47.822 [main] DEBUG o.h.e.t.internal.TransactionImpl - begin
04:26:47.823 [main] DEBUG org.hibernate.SQL - select next_val as id_val from hibernate_sequence for update
Hibernate: select next_val as id_val from hibernate_sequence for update
04:26:47.824 [main] DEBUG org.hibernate.SQL - update hibernate_sequence set next_val= ? where next_val=?
Hibernate: update hibernate_sequence set next_val= ? where next_val=?
04:26:47.825 [main] DEBUG o.h.e.i.AbstractSaveEventListener - Generated identifier: 64, using strategy: org.hibernate.id.enhanced.SequenceStyleGenerator
04:26:47.825 [main] DEBUG o.h.e.t.internal.TransactionImpl - committing
04:26:47.825 [main] DEBUG o.h.e.i.AbstractFlushingEventListener - Processing flush-time cascades
04:26:47.825 [main] DEBUG o.h.e.i.AbstractFlushingEventListener - Dirty checking collections
04:26:47.825 [main] DEBUG o.h.e.i.AbstractFlushingEventListener - Flushed: 1 insertions, 0 updates, 0 deletions to 1 objects
04:26:47.825 [main] DEBUG o.h.e.i.AbstractFlushingEventListener - Flushed: 0 (re)creations, 0 updates, 0 removals to 0 collections
04:26:47.825 [main] DEBUG o.h.internal.util.EntityPrinter - Listing entities:
04:26:47.826 [main] DEBUG o.h.internal.util.EntityPrinter - edu.ncsu.csc.itrust2.models.persistent.LogEntry{secondaryUser=null, logCode=5, primaryUser=logapitest, id=64, time=java.util.GregorianCalendar[time=1521606407822,areFieldsSet=true,areAllFieldsSet=true,lenient=true,zone=sun.util.calendar.ZoneInfo[id="Etc/UTC",offset=0,dstSavings=0,useDaylight=false,transitions=0,lastRule=null],firstDayOfWeek=1,minimalDaysInFirstWeek=1,ERA=1,YEAR=2018,MONTH=2,WEEK_OF_YEAR=12,WEEK_OF_MONTH=4,DAY_OF_MONTH=21,DAY_OF_YEAR=80,DAY_OF_WEEK=4,DAY_OF_WEEK_IN_MONTH=3,AM_PM=0,HOUR=4,HOUR_OF_DAY=4,MINUTE=26,SECOND=47,MILLISECOND=822,ZONE_OFFSET=0,DST_OFFSET=0], message=null}
04:26:47.826 [main] DEBUG org.hibernate.SQL - insert into LogEntries (logCode, message, primaryUser, secondaryUser, time, id) values (?, ?, ?, ?, ?, ?)
Hibernate: insert into LogEntries (logCode, message, primaryUser, secondaryUser, time, id) values (?, ?, ?, ?, ?, ?)
04:26:47.829 [main] DEBUG o.h.e.j.internal.JdbcCoordinatorImpl - HHH000420: Closing un-released batch
04:26:47.829 [main] DEBUG o.h.e.t.internal.TransactionImpl - begin
04:26:47.835 [main] DEBUG org.hibernate.SQL - select next_val as id_val from hibernate_sequence for update
Hibernate: select next_val as id_val from hibernate_sequence for update
04:26:47.836 [main] DEBUG org.hibernate.SQL - update hibernate_sequence set next_val= ? where next_val=?
Hibernate: update hibernate_sequence set next_val= ? where next_val=?
04:26:47.837 [main] DEBUG o.h.e.i.AbstractSaveEventListener - Generated identifier: 65, using strategy: org.hibernate.id.enhanced.SequenceStyleGenerator
04:26:47.837 [main] DEBUG o.h.e.t.internal.TransactionImpl - committing
04:26:47.837 [main] DEBUG o.h.e.i.AbstractFlushingEventListener - Processing flush-time cascades
04:26:47.837 [main] DEBUG o.h.e.i.AbstractFlushingEventListener - Dirty checking collections
04:26:47.838 [main] DEBUG o.h.e.i.AbstractFlushingEventListener - Flushed: 1 insertions, 0 updates, 0 deletions to 1 objects
04:26:47.838 [main] DEBUG o.h.e.i.AbstractFlushingEventListener - Flushed: 0 (re)creations, 0 updates, 0 removals to 0 collections
04:26:47.838 [main] DEBUG o.h.internal.util.EntityPrinter - Listing entities:
04:26:47.838 [main] DEBUG o.h.internal.util.EntityPrinter - edu.ncsu.csc.itrust2.models.persistent.LogEntry{secondaryUser=null, logCode=5, primaryUser=logapitest, id=65, time=java.util.GregorianCalendar[time=1521606407829,areFieldsSet=true,areAllFieldsSet=true,lenient=true,zone=sun.util.calendar.ZoneInfo[id="Etc/UTC",offset=0,dstSavings=0,useDaylight=false,transitions=0,lastRule=null],firstDayOfWeek=1,minimalDaysInFirstWeek=1,ERA=1,YEAR=2018,MONTH=2,WEEK_OF_YEAR=12,WEEK_OF_MONTH=4,DAY_OF_MONTH=21,DAY_OF_YEAR=80,DAY_OF_WEEK=4,DAY_OF_WEEK_IN_MONTH=3,AM_PM=0,HOUR=4,HOUR_OF_DAY=4,MINUTE=26,SECOND=47,MILLISECOND=829,ZONE_OFFSET=0,DST_OFFSET=0], message=null}
04:26:47.839 [main] DEBUG org.hibernate.SQL - insert into LogEntries (logCode, message, primaryUser, secondaryUser, time, id) values (?, ?, ?, ?, ?, ?)
Hibernate: insert into LogEntries (logCode, message, primaryUser, secondaryUser, time, id) values (?, ?, ?, ?, ?, ?)
04:26:47.848 [main] DEBUG o.h.e.j.internal.JdbcCoordinatorImpl - HHH000420: Closing un-released batch
04:26:47.852 [main] DEBUG o.h.e.t.internal.TransactionImpl - begin
04:26:47.853 [main] DEBUG org.hibernate.SQL - select next_val as id_val from hibernate_sequence for update
Hibernate: select next_val as id_val from hibernate_sequence for update
04:26:47.853 [main] DEBUG org.hibernate.SQL - update hibernate_sequence set next_val= ? where next_val=?
Hibernate: update hibernate_sequence set next_val= ? where next_val=?
04:26:47.854 [main] DEBUG o.h.e.i.AbstractSaveEventListener - Generated identifier: 66, using strategy: org.hibernate.id.enhanced.SequenceStyleGenerator
04:26:47.855 [main] DEBUG o.h.e.t.internal.TransactionImpl - committing
04:26:47.855 [main] DEBUG o.h.e.i.AbstractFlushingEventListener - Processing flush-time cascades
04:26:47.855 [main] DEBUG o.h.e.i.AbstractFlushingEventListener - Dirty checking collections
04:26:47.855 [main] DEBUG o.h.e.i.AbstractFlushingEventListener - Flushed: 1 insertions, 0 updates, 0 deletions to 1 objects
04:26:47.855 [main] DEBUG o.h.e.i.AbstractFlushingEventListener - Flushed: 0 (re)creations, 0 updates, 0 removals to 0 collections
04:26:47.855 [main] DEBUG o.h.internal.util.EntityPrinter - Listing entities:
04:26:47.855 [main] DEBUG o.h.internal.util.EntityPrinter - edu.ncsu.csc.itrust2.models.persistent.LogEntry{secondaryUser=null, logCode=5, primaryUser=logapitest, id=66, time=java.util.GregorianCalendar[time=1521606407852,areFieldsSet=true,areAllFieldsSet=true,lenient=true,zone=sun.util.calendar.ZoneInfo[id="Etc/UTC",offset=0,dstSavings=0,useDaylight=false,transitions=0,lastRule=null],firstDayOfWeek=1,minimalDaysInFirstWeek=1,ERA=1,YEAR=2018,MONTH=2,WEEK_OF_YEAR=12,WEEK_OF_MONTH=4,DAY_OF_MONTH=21,DAY_OF_YEAR=80,DAY_OF_WEEK=4,DAY_OF_WEEK_IN_MONTH=3,AM_PM=0,HOUR=4,HOUR_OF_DAY=4,MINUTE=26,SECOND=47,MILLISECOND=852,ZONE_OFFSET=0,DST_OFFSET=0], message=null}
04:26:47.856 [main] DEBUG org.hibernate.SQL - insert into LogEntries (logCode, message, primaryUser, secondaryUser, time, id) values (?, ?, ?, ?, ?, ?)
Hibernate: insert into LogEntries (logCode, message, primaryUser, secondaryUser, time, id) values (?, ?, ?, ?, ?, ?)
04:26:47.857 [main] DEBUG o.h.e.j.internal.JdbcCoordinatorImpl - HHH000420: Closing un-released batch
04:26:47.857 [main] DEBUG o.h.e.t.internal.TransactionImpl - begin
04:26:47.861 [main] DEBUG org.hibernate.SQL - select next_val as id_val from hibernate_sequence for update
Hibernate: select next_val as id_val from hibernate_sequence for update
04:26:47.862 [main] DEBUG org.hibernate.SQL - update hibernate_sequence set next_val= ? where next_val=?
Hibernate: update hibernate_sequence set next_val= ? where next_val=?
04:26:47.863 [main] DEBUG o.h.e.i.AbstractSaveEventListener - Generated identifier: 67, using strategy: org.hibernate.id.enhanced.SequenceStyleGenerator
04:26:47.863 [main] DEBUG o.h.e.t.internal.TransactionImpl - committing
04:26:47.863 [main] DEBUG o.h.e.i.AbstractFlushingEventListener - Processing flush-time cascades
04:26:47.863 [main] DEBUG o.h.e.i.AbstractFlushingEventListener - Dirty checking collections
04:26:47.864 [main] DEBUG o.h.e.i.AbstractFlushingEventListener - Flushed: 1 insertions, 0 updates, 0 deletions to 1 objects
04:26:47.864 [main] DEBUG o.h.e.i.AbstractFlushingEventListener - Flushed: 0 (re)creations, 0 updates, 0 removals to 0 collections
04:26:47.864 [main] DEBUG o.h.internal.util.EntityPrinter - Listing entities:
04:26:47.864 [main] DEBUG o.h.internal.util.EntityPrinter - edu.ncsu.csc.itrust2.models.persistent.LogEntry{secondaryUser=null, logCode=5, primaryUser=logapitest, id=67, time=java.util.GregorianCalendar[time=1521606407857,areFieldsSet=true,areAllFieldsSet=true,lenient=true,zone=sun.util.calendar.ZoneInfo[id="Etc/UTC",offset=0,dstSavings=0,useDaylight=false,transitions=0,lastRule=null],firstDayOfWeek=1,minimalDaysInFirstWeek=1,ERA=1,YEAR=2018,MONTH=2,WEEK_OF_YEAR=12,WEEK_OF_MONTH=4,DAY_OF_MONTH=21,DAY_OF_YEAR=80,DAY_OF_WEEK=4,DAY_OF_WEEK_IN_MONTH=3,AM_PM=0,HOUR=4,HOUR_OF_DAY=4,MINUTE=26,SECOND=47,MILLISECOND=857,ZONE_OFFSET=0,DST_OFFSET=0], message=null}
04:26:47.864 [main] DEBUG org.hibernate.SQL - insert into LogEntries (logCode, message, primaryUser, secondaryUser, time, id) values (?, ?, ?, ?, ?, ?)
Hibernate: insert into LogEntries (logCode, message, primaryUser, secondaryUser, time, id) values (?, ?, ?, ?, ?, ?)
04:26:47.867 [main] DEBUG o.h.e.j.internal.JdbcCoordinatorImpl - HHH000420: Closing un-released batch
04:26:47.868 [main] DEBUG o.h.e.t.internal.TransactionImpl - begin
04:26:47.876 [main] DEBUG org.hibernate.SQL - select next_val as id_val from hibernate_sequence for update
Hibernate: select next_val as id_val from hibernate_sequence for update
04:26:47.881 [main] DEBUG org.hibernate.SQL - update hibernate_sequence set next_val= ? where next_val=?
Hibernate: update hibernate_sequence set next_val= ? where next_val=?
04:26:47.883 [main] DEBUG o.h.e.i.AbstractSaveEventListener - Generated identifier: 68, using strategy: org.hibernate.id.enhanced.SequenceStyleGenerator
04:26:47.884 [main] DEBUG o.h.e.t.internal.TransactionImpl - committing
04:26:47.884 [main] DEBUG o.h.e.i.AbstractFlushingEventListener - Processing flush-time cascades
04:26:47.884 [main] DEBUG o.h.e.i.AbstractFlushingEventListener - Dirty checking collections
04:26:47.884 [main] DEBUG o.h.e.i.AbstractFlushingEventListener - Flushed: 1 insertions, 0 updates, 0 deletions to 1 objects
04:26:47.884 [main] DEBUG o.h.e.i.AbstractFlushingEventListener - Flushed: 0 (re)creations, 0 updates, 0 removals to 0 collections
04:26:47.884 [main] DEBUG o.h.internal.util.EntityPrinter - Listing entities:
04:26:47.884 [main] DEBUG o.h.internal.util.EntityPrinter - edu.ncsu.csc.itrust2.models.persistent.LogEntry{secondaryUser=null, logCode=5, primaryUser=logapitest, id=68, time=java.util.GregorianCalendar[time=1521606407868,areFieldsSet=true,areAllFieldsSet=true,lenient=true,zone=sun.util.calendar.ZoneInfo[id="Etc/UTC",offset=0,dstSavings=0,useDaylight=false,transitions=0,lastRule=null],firstDayOfWeek=1,minimalDaysInFirstWeek=1,ERA=1,YEAR=2018,MONTH=2,WEEK_OF_YEAR=12,WEEK_OF_MONTH=4,DAY_OF_MONTH=21,DAY_OF_YEAR=80,DAY_OF_WEEK=4,DAY_OF_WEEK_IN_MONTH=3,AM_PM=0,HOUR=4,HOUR_OF_DAY=4,MINUTE=26,SECOND=47,MILLISECOND=868,ZONE_OFFSET=0,DST_OFFSET=0], message=null}
04:26:47.885 [main] DEBUG org.hibernate.SQL - insert into LogEntries (logCode, message, primaryUser, secondaryUser, time, id) values (?, ?, ?, ?, ?, ?)
Hibernate: insert into LogEntries (logCode, message, primaryUser, secondaryUser, time, id) values (?, ?, ?, ?, ?, ?)
04:26:47.887 [main] DEBUG o.h.e.j.internal.JdbcCoordinatorImpl - HHH000420: Closing un-released batch
04:26:47.887 [main] DEBUG o.h.e.t.internal.TransactionImpl - begin
04:26:47.897 [main] DEBUG org.hibernate.SQL - select next_val as id_val from hibernate_sequence for update
Hibernate: select next_val as id_val from hibernate_sequence for update
04:26:47.898 [main] DEBUG org.hibernate.SQL - update hibernate_sequence set next_val= ? where next_val=?
Hibernate: update hibernate_sequence set next_val= ? where next_val=?
04:26:47.899 [main] DEBUG o.h.e.i.AbstractSaveEventListener - Generated identifier: 69, using strategy: org.hibernate.id.enhanced.SequenceStyleGenerator
04:26:47.899 [main] DEBUG o.h.e.t.internal.TransactionImpl - committing
04:26:47.899 [main] DEBUG o.h.e.i.AbstractFlushingEventListener - Processing flush-time cascades
04:26:47.899 [main] DEBUG o.h.e.i.AbstractFlushingEventListener - Dirty checking collections
04:26:47.899 [main] DEBUG o.h.e.i.AbstractFlushingEventListener - Flushed: 1 insertions, 0 updates, 0 deletions to 1 objects
04:26:47.899 [main] DEBUG o.h.e.i.AbstractFlushingEventListener - Flushed: 0 (re)creations, 0 updates, 0 removals to 0 collections
04:26:47.900 [main] DEBUG o.h.internal.util.EntityPrinter - Listing entities:
04:26:47.900 [main] DEBUG o.h.internal.util.EntityPrinter - edu.ncsu.csc.itrust2.models.persistent.LogEntry{secondaryUser=null, logCode=5, primaryUser=logapitest, id=69, time=java.util.GregorianCalendar[time=1521606407887,areFieldsSet=true,areAllFieldsSet=true,lenient=true,zone=sun.util.calendar.ZoneInfo[id="Etc/UTC",offset=0,dstSavings=0,useDaylight=false,transitions=0,lastRule=null],firstDayOfWeek=1,minimalDaysInFirstWeek=1,ERA=1,YEAR=2018,MONTH=2,WEEK_OF_YEAR=12,WEEK_OF_MONTH=4,DAY_OF_MONTH=21,DAY_OF_YEAR=80,DAY_OF_WEEK=4,DAY_OF_WEEK_IN_MONTH=3,AM_PM=0,HOUR=4,HOUR_OF_DAY=4,MINUTE=26,SECOND=47,MILLISECOND=887,ZONE_OFFSET=0,DST_OFFSET=0], message=null}
04:26:47.900 [main] DEBUG org.hibernate.SQL - insert into LogEntries (logCode, message, primaryUser, secondaryUser, time, id) values (?, ?, ?, ?, ?, ?)
Hibernate: insert into LogEntries (logCode, message, primaryUser, secondaryUser, time, id) values (?, ?, ?, ?, ?, ?)
04:26:47.901 [main] DEBUG o.h.e.j.internal.JdbcCoordinatorImpl - HHH000420: Closing un-released batch
04:26:47.902 [main] DEBUG o.h.e.t.internal.TransactionImpl - begin
04:26:47.902 [main] DEBUG org.hibernate.SQL - select next_val as id_val from hibernate_sequence for update
Hibernate: select next_val as id_val from hibernate_sequence for update
04:26:47.903 [main] DEBUG org.hibernate.SQL - update hibernate_sequence set next_val= ? where next_val=?
Hibernate: update hibernate_sequence set next_val= ? where next_val=?
04:26:47.904 [main] DEBUG o.h.e.i.AbstractSaveEventListener - Generated identifier: 70, using strategy: org.hibernate.id.enhanced.SequenceStyleGenerator
04:26:47.904 [main] DEBUG o.h.e.t.internal.TransactionImpl - committing
04:26:47.904 [main] DEBUG o.h.e.i.AbstractFlushingEventListener - Processing flush-time cascades
04:26:47.904 [main] DEBUG o.h.e.i.AbstractFlushingEventListener - Dirty checking collections
04:26:47.904 [main] DEBUG o.h.e.i.AbstractFlushingEventListener - Flushed: 1 insertions, 0 updates, 0 deletions to 1 objects
04:26:47.904 [main] DEBUG o.h.e.i.AbstractFlushingEventListener - Flushed: 0 (re)creations, 0 updates, 0 removals to 0 collections
04:26:47.904 [main] DEBUG o.h.internal.util.EntityPrinter - Listing entities:
04:26:47.904 [main] DEBUG o.h.internal.util.EntityPrinter - edu.ncsu.csc.itrust2.models.persistent.LogEntry{secondaryUser=null, logCode=5, primaryUser=logapitest, id=70, time=java.util.GregorianCalendar[time=1521606407902,areFieldsSet=true,areAllFieldsSet=true,lenient=true,zone=sun.util.calendar.ZoneInfo[id="Etc/UTC",offset=0,dstSavings=0,useDaylight=false,transitions=0,lastRule=null],firstDayOfWeek=1,minimalDaysInFirstWeek=1,ERA=1,YEAR=2018,MONTH=2,WEEK_OF_YEAR=12,WEEK_OF_MONTH=4,DAY_OF_MONTH=21,DAY_OF_YEAR=80,DAY_OF_WEEK=4,DAY_OF_WEEK_IN_MONTH=3,AM_PM=0,HOUR=4,HOUR_OF_DAY=4,MINUTE=26,SECOND=47,MILLISECOND=902,ZONE_OFFSET=0,DST_OFFSET=0], message=null}
04:26:47.905 [main] DEBUG org.hibernate.SQL - insert into LogEntries (logCode, message, primaryUser, secondaryUser, time, id) values (?, ?, ?, ?, ?, ?)
Hibernate: insert into LogEntries (logCode, message, primaryUser, secondaryUser, time, id) values (?, ?, ?, ?, ?, ?)
04:26:47.906 [main] DEBUG o.h.e.j.internal.JdbcCoordinatorImpl - HHH000420: Closing un-released batch
04:26:47.906 [main] DEBUG o.h.e.t.internal.TransactionImpl - begin
04:26:47.914 [main] DEBUG org.hibernate.SQL - select next_val as id_val from hibernate_sequence for update
Hibernate: select next_val as id_val from hibernate_sequence for update
04:26:47.915 [main] DEBUG org.hibernate.SQL - update hibernate_sequence set next_val= ? where next_val=?
Hibernate: update hibernate_sequence set next_val= ? where next_val=?
04:26:47.916 [main] DEBUG o.h.e.i.AbstractSaveEventListener - Generated identifier: 71, using strategy: org.hibernate.id.enhanced.SequenceStyleGenerator
04:26:47.916 [main] DEBUG o.h.e.t.internal.TransactionImpl - committing
04:26:47.916 [main] DEBUG o.h.e.i.AbstractFlushingEventListener - Processing flush-time cascades
04:26:47.916 [main] DEBUG o.h.e.i.AbstractFlushingEventListener - Dirty checking collections
04:26:47.916 [main] DEBUG o.h.e.i.AbstractFlushingEventListener - Flushed: 1 insertions, 0 updates, 0 deletions to 1 objects
04:26:47.916 [main] DEBUG o.h.e.i.AbstractFlushingEventListener - Flushed: 0 (re)creations, 0 updates, 0 removals to 0 collections
04:26:47.916 [main] DEBUG o.h.internal.util.EntityPrinter - Listing entities:
04:26:47.916 [main] DEBUG o.h.internal.util.EntityPrinter - edu.ncsu.csc.itrust2.models.persistent.LogEntry{secondaryUser=null, logCode=5, primaryUser=logapitest, id=71, time=java.util.GregorianCalendar[time=1521606407906,areFieldsSet=true,areAllFieldsSet=true,lenient=true,zone=sun.util.calendar.ZoneInfo[id="Etc/UTC",offset=0,dstSavings=0,useDaylight=false,transitions=0,lastRule=null],firstDayOfWeek=1,minimalDaysInFirstWeek=1,ERA=1,YEAR=2018,MONTH=2,WEEK_OF_YEAR=12,WEEK_OF_MONTH=4,DAY_OF_MONTH=21,DAY_OF_YEAR=80,DAY_OF_WEEK=4,DAY_OF_WEEK_IN_MONTH=3,AM_PM=0,HOUR=4,HOUR_OF_DAY=4,MINUTE=26,SECOND=47,MILLISECOND=906,ZONE_OFFSET=0,DST_OFFSET=0], message=null}
04:26:47.917 [main] DEBUG org.hibernate.SQL - insert into LogEntries (logCode, message, primaryUser, secondaryUser, time, id) values (?, ?, ?, ?, ?, ?)
Hibernate: insert into LogEntries (logCode, message, primaryUser, secondaryUser, time, id) values (?, ?, ?, ?, ?, ?)
04:26:47.930 [main] DEBUG o.h.e.j.internal.JdbcCoordinatorImpl - HHH000420: Closing un-released batch
04:26:47.930 [main] DEBUG o.h.e.t.internal.TransactionImpl - begin
04:26:47.931 [main] DEBUG org.hibernate.SQL - select next_val as id_val from hibernate_sequence for update
Hibernate: select next_val as id_val from hibernate_sequence for update
04:26:47.931 [main] DEBUG org.hibernate.SQL - update hibernate_sequence set next_val= ? where next_val=?
Hibernate: update hibernate_sequence set next_val= ? where next_val=?
04:26:47.932 [main] DEBUG o.h.e.i.AbstractSaveEventListener - Generated identifier: 72, using strategy: org.hibernate.id.enhanced.SequenceStyleGenerator
04:26:47.932 [main] DEBUG o.h.e.t.internal.TransactionImpl - committing
04:26:47.932 [main] DEBUG o.h.e.i.AbstractFlushingEventListener - Processing flush-time cascades
04:26:47.932 [main] DEBUG o.h.e.i.AbstractFlushingEventListener - Dirty checking collections
04:26:47.933 [main] DEBUG o.h.e.i.AbstractFlushingEventListener - Flushed: 1 insertions, 0 updates, 0 deletions to 1 objects
04:26:47.933 [main] DEBUG o.h.e.i.AbstractFlushingEventListener - Flushed: 0 (re)creations, 0 updates, 0 removals to 0 collections
04:26:47.933 [main] DEBUG o.h.internal.util.EntityPrinter - Listing entities:
04:26:47.933 [main] DEBUG o.h.internal.util.EntityPrinter - edu.ncsu.csc.itrust2.models.persistent.LogEntry{secondaryUser=null, logCode=5, primaryUser=logapitest, id=72, time=java.util.GregorianCalendar[time=1521606407930,areFieldsSet=true,areAllFieldsSet=true,lenient=true,zone=sun.util.calendar.ZoneInfo[id="Etc/UTC",offset=0,dstSavings=0,useDaylight=false,transitions=0,lastRule=null],firstDayOfWeek=1,minimalDaysInFirstWeek=1,ERA=1,YEAR=2018,MONTH=2,WEEK_OF_YEAR=12,WEEK_OF_MONTH=4,DAY_OF_MONTH=21,DAY_OF_YEAR=80,DAY_OF_WEEK=4,DAY_OF_WEEK_IN_MONTH=3,AM_PM=0,HOUR=4,HOUR_OF_DAY=4,MINUTE=26,SECOND=47,MILLISECOND=930,ZONE_OFFSET=0,DST_OFFSET=0], message=null}
04:26:47.933 [main] DEBUG org.hibernate.SQL - insert into LogEntries (logCode, message, primaryUser, secondaryUser, time, id) values (?, ?, ?, ?, ?, ?)
Hibernate: insert into LogEntries (logCode, message, primaryUser, secondaryUser, time, id) values (?, ?, ?, ?, ?, ?)
04:26:47.942 [main] DEBUG o.h.e.j.internal.JdbcCoordinatorImpl - HHH000420: Closing un-released batch
04:26:47.942 [main] DEBUG o.h.e.t.internal.TransactionImpl - begin
04:26:47.943 [main] DEBUG org.hibernate.SQL - select next_val as id_val from hibernate_sequence for update
Hibernate: select next_val as id_val from hibernate_sequence for update
04:26:47.943 [main] DEBUG org.hibernate.SQL - update hibernate_sequence set next_val= ? where next_val=?
Hibernate: update hibernate_sequence set next_val= ? where next_val=?
04:26:47.944 [main] DEBUG o.h.e.i.AbstractSaveEventListener - Generated identifier: 73, using strategy: org.hibernate.id.enhanced.SequenceStyleGenerator
04:26:47.944 [main] DEBUG o.h.e.t.internal.TransactionImpl - committing
04:26:47.945 [main] DEBUG o.h.e.i.AbstractFlushingEventListener - Processing flush-time cascades
04:26:47.945 [main] DEBUG o.h.e.i.AbstractFlushingEventListener - Dirty checking collections
04:26:47.945 [main] DEBUG o.h.e.i.AbstractFlushingEventListener - Flushed: 1 insertions, 0 updates, 0 deletions to 1 objects
04:26:47.945 [main] DEBUG o.h.e.i.AbstractFlushingEventListener - Flushed: 0 (re)creations, 0 updates, 0 removals to 0 collections
04:26:47.945 [main] DEBUG o.h.internal.util.EntityPrinter - Listing entities:
04:26:47.945 [main] DEBUG o.h.internal.util.EntityPrinter - edu.ncsu.csc.itrust2.models.persistent.LogEntry{secondaryUser=null, logCode=5, primaryUser=logapitest, id=73, time=java.util.GregorianCalendar[time=1521606407942,areFieldsSet=true,areAllFieldsSet=true,lenient=true,zone=sun.util.calendar.ZoneInfo[id="Etc/UTC",offset=0,dstSavings=0,useDaylight=false,transitions=0,lastRule=null],firstDayOfWeek=1,minimalDaysInFirstWeek=1,ERA=1,YEAR=2018,MONTH=2,WEEK_OF_YEAR=12,WEEK_OF_MONTH=4,DAY_OF_MONTH=21,DAY_OF_YEAR=80,DAY_OF_WEEK=4,DAY_OF_WEEK_IN_MONTH=3,AM_PM=0,HOUR=4,HOUR_OF_DAY=4,MINUTE=26,SECOND=47,MILLISECOND=942,ZONE_OFFSET=0,DST_OFFSET=0], message=null}
04:26:47.945 [main] DEBUG org.hibernate.SQL - insert into LogEntries (logCode, message, primaryUser, secondaryUser, time, id) values (?, ?, ?, ?, ?, ?)
Hibernate: insert into LogEntries (logCode, message, primaryUser, secondaryUser, time, id) values (?, ?, ?, ?, ?, ?)
04:26:47.947 [main] DEBUG o.h.e.j.internal.JdbcCoordinatorImpl - HHH000420: Closing un-released batch
04:26:47.947 [main] DEBUG o.h.e.t.internal.TransactionImpl - begin
04:26:47.948 [main] DEBUG org.hibernate.SQL - select next_val as id_val from hibernate_sequence for update
Hibernate: select next_val as id_val from hibernate_sequence for update
04:26:47.948 [main] DEBUG org.hibernate.SQL - update hibernate_sequence set next_val= ? where next_val=?
Hibernate: update hibernate_sequence set next_val= ? where next_val=?
04:26:47.949 [main] DEBUG o.h.e.i.AbstractSaveEventListener - Generated identifier: 74, using strategy: org.hibernate.id.enhanced.SequenceStyleGenerator
04:26:47.949 [main] DEBUG o.h.e.t.internal.TransactionImpl - committing
04:26:47.949 [main] DEBUG o.h.e.i.AbstractFlushingEventListener - Processing flush-time cascades
04:26:47.949 [main] DEBUG o.h.e.i.AbstractFlushingEventListener - Dirty checking collections
04:26:47.949 [main] DEBUG o.h.e.i.AbstractFlushingEventListener - Flushed: 1 insertions, 0 updates, 0 deletions to 1 objects
04:26:47.950 [main] DEBUG o.h.e.i.AbstractFlushingEventListener - Flushed: 0 (re)creations, 0 updates, 0 removals to 0 collections
04:26:47.950 [main] DEBUG o.h.internal.util.EntityPrinter - Listing entities:
04:26:47.950 [main] DEBUG o.h.internal.util.EntityPrinter - edu.ncsu.csc.itrust2.models.persistent.LogEntry{secondaryUser=null, logCode=5, primaryUser=logapitest, id=74, time=java.util.GregorianCalendar[time=1521606407947,areFieldsSet=true,areAllFieldsSet=true,lenient=true,zone=sun.util.calendar.ZoneInfo[id="Etc/UTC",offset=0,dstSavings=0,useDaylight=false,transitions=0,lastRule=null],firstDayOfWeek=1,minimalDaysInFirstWeek=1,ERA=1,YEAR=2018,MONTH=2,WEEK_OF_YEAR=12,WEEK_OF_MONTH=4,DAY_OF_MONTH=21,DAY_OF_YEAR=80,DAY_OF_WEEK=4,DAY_OF_WEEK_IN_MONTH=3,AM_PM=0,HOUR=4,HOUR_OF_DAY=4,MINUTE=26,SECOND=47,MILLISECOND=947,ZONE_OFFSET=0,DST_OFFSET=0], message=null}
04:26:47.950 [main] DEBUG org.hibernate.SQL - insert into LogEntries (logCode, message, primaryUser, secondaryUser, time, id) values (?, ?, ?, ?, ?, ?)
Hibernate: insert into LogEntries (logCode, message, primaryUser, secondaryUser, time, id) values (?, ?, ?, ?, ?, ?)
04:26:47.958 [main] DEBUG o.h.e.j.internal.JdbcCoordinatorImpl - HHH000420: Closing un-released batch
04:26:47.958 [main] DEBUG o.h.e.t.internal.TransactionImpl - begin
04:26:47.959 [main] DEBUG org.hibernate.SQL - select next_val as id_val from hibernate_sequence for update
Hibernate: select next_val as id_val from hibernate_sequence for update
04:26:47.959 [main] DEBUG org.hibernate.SQL - update hibernate_sequence set next_val= ? where next_val=?
Hibernate: update hibernate_sequence set next_val= ? where next_val=?
04:26:47.960 [main] DEBUG o.h.e.i.AbstractSaveEventListener - Generated identifier: 75, using strategy: org.hibernate.id.enhanced.SequenceStyleGenerator
04:26:47.960 [main] DEBUG o.h.e.t.internal.TransactionImpl - committing
04:26:47.960 [main] DEBUG o.h.e.i.AbstractFlushingEventListener - Processing flush-time cascades
04:26:47.960 [main] DEBUG o.h.e.i.AbstractFlushingEventListener - Dirty checking collections
04:26:47.960 [main] DEBUG o.h.e.i.AbstractFlushingEventListener - Flushed: 1 insertions, 0 updates, 0 deletions to 1 objects
04:26:47.960 [main] DEBUG o.h.e.i.AbstractFlushingEventListener - Flushed: 0 (re)creations, 0 updates, 0 removals to 0 collections
04:26:47.960 [main] DEBUG o.h.internal.util.EntityPrinter - Listing entities:
04:26:47.961 [main] DEBUG o.h.internal.util.EntityPrinter - edu.ncsu.csc.itrust2.models.persistent.LogEntry{secondaryUser=null, logCode=5, primaryUser=logapitest, id=75, time=java.util.GregorianCalendar[time=1521606407958,areFieldsSet=true,areAllFieldsSet=true,lenient=true,zone=sun.util.calendar.ZoneInfo[id="Etc/UTC",offset=0,dstSavings=0,useDaylight=false,transitions=0,lastRule=null],firstDayOfWeek=1,minimalDaysInFirstWeek=1,ERA=1,YEAR=2018,MONTH=2,WEEK_OF_YEAR=12,WEEK_OF_MONTH=4,DAY_OF_MONTH=21,DAY_OF_YEAR=80,DAY_OF_WEEK=4,DAY_OF_WEEK_IN_MONTH=3,AM_PM=0,HOUR=4,HOUR_OF_DAY=4,MINUTE=26,SECOND=47,MILLISECOND=958,ZONE_OFFSET=0,DST_OFFSET=0], message=null}
04:26:47.961 [main] DEBUG org.hibernate.SQL - insert into LogEntries (logCode, message, primaryUser, secondaryUser, time, id) values (?, ?, ?, ?, ?, ?)
Hibernate: insert into LogEntries (logCode, message, primaryUser, secondaryUser, time, id) values (?, ?, ?, ?, ?, ?)
04:26:47.962 [main] DEBUG o.h.e.j.internal.JdbcCoordinatorImpl - HHH000420: Closing un-released batch
04:26:47.963 [main] DEBUG o.h.e.t.internal.TransactionImpl - begin
04:26:47.963 [main] DEBUG org.hibernate.SQL - select next_val as id_val from hibernate_sequence for update
Hibernate: select next_val as id_val from hibernate_sequence for update
04:26:47.964 [main] DEBUG org.hibernate.SQL - update hibernate_sequence set next_val= ? where next_val=?
Hibernate: update hibernate_sequence set next_val= ? where next_val=?
04:26:47.964 [main] DEBUG o.h.e.i.AbstractSaveEventListener - Generated identifier: 76, using strategy: org.hibernate.id.enhanced.SequenceStyleGenerator
04:26:47.965 [main] DEBUG o.h.e.t.internal.TransactionImpl - committing
04:26:47.965 [main] DEBUG o.h.e.i.AbstractFlushingEventListener - Processing flush-time cascades
04:26:47.965 [main] DEBUG o.h.e.i.AbstractFlushingEventListener - Dirty checking collections
04:26:47.965 [main] DEBUG o.h.e.i.AbstractFlushingEventListener - Flushed: 1 insertions, 0 updates, 0 deletions to 1 objects
04:26:47.965 [main] DEBUG o.h.e.i.AbstractFlushingEventListener - Flushed: 0 (re)creations, 0 updates, 0 removals to 0 collections
04:26:47.965 [main] DEBUG o.h.internal.util.EntityPrinter - Listing entities:
04:26:47.965 [main] DEBUG o.h.internal.util.EntityPrinter - edu.ncsu.csc.itrust2.models.persistent.LogEntry{secondaryUser=null, logCode=5, primaryUser=logapitest, id=76, time=java.util.GregorianCalendar[time=1521606407963,areFieldsSet=true,areAllFieldsSet=true,lenient=true,zone=sun.util.calendar.ZoneInfo[id="Etc/UTC",offset=0,dstSavings=0,useDaylight=false,transitions=0,lastRule=null],firstDayOfWeek=1,minimalDaysInFirstWeek=1,ERA=1,YEAR=2018,MONTH=2,WEEK_OF_YEAR=12,WEEK_OF_MONTH=4,DAY_OF_MONTH=21,DAY_OF_YEAR=80,DAY_OF_WEEK=4,DAY_OF_WEEK_IN_MONTH=3,AM_PM=0,HOUR=4,HOUR_OF_DAY=4,MINUTE=26,SECOND=47,MILLISECOND=963,ZONE_OFFSET=0,DST_OFFSET=0], message=null}
04:26:47.966 [main] DEBUG org.hibernate.SQL - insert into LogEntries (logCode, message, primaryUser, secondaryUser, time, id) values (?, ?, ?, ?, ?, ?)
Hibernate: insert into LogEntries (logCode, message, primaryUser, secondaryUser, time, id) values (?, ?, ?, ?, ?, ?)
04:26:47.974 [main] DEBUG o.h.e.j.internal.JdbcCoordinatorImpl - HHH000420: Closing un-released batch
04:26:47.974 [main] DEBUG o.h.e.t.internal.TransactionImpl - begin
04:26:47.975 [main] DEBUG org.hibernate.SQL - select next_val as id_val from hibernate_sequence for update
Hibernate: select next_val as id_val from hibernate_sequence for update
04:26:47.975 [main] DEBUG org.hibernate.SQL - update hibernate_sequence set next_val= ? where next_val=?
Hibernate: update hibernate_sequence set next_val= ? where next_val=?
04:26:47.976 [main] DEBUG o.h.e.i.AbstractSaveEventListener - Generated identifier: 77, using strategy: org.hibernate.id.enhanced.SequenceStyleGenerator
04:26:47.976 [main] DEBUG o.h.e.t.internal.TransactionImpl - committing
04:26:47.976 [main] DEBUG o.h.e.i.AbstractFlushingEventListener - Processing flush-time cascades
04:26:47.976 [main] DEBUG o.h.e.i.AbstractFlushingEventListener - Dirty checking collections
04:26:47.977 [main] DEBUG o.h.e.i.AbstractFlushingEventListener - Flushed: 1 insertions, 0 updates, 0 deletions to 1 objects
04:26:47.977 [main] DEBUG o.h.e.i.AbstractFlushingEventListener - Flushed: 0 (re)creations, 0 updates, 0 removals to 0 collections
04:26:47.977 [main] DEBUG o.h.internal.util.EntityPrinter - Listing entities:
04:26:47.977 [main] DEBUG o.h.internal.util.EntityPrinter - edu.ncsu.csc.itrust2.models.persistent.LogEntry{secondaryUser=null, logCode=5, primaryUser=logapitest, id=77, time=java.util.GregorianCalendar[time=1521606407974,areFieldsSet=true,areAllFieldsSet=true,lenient=true,zone=sun.util.calendar.ZoneInfo[id="Etc/UTC",offset=0,dstSavings=0,useDaylight=false,transitions=0,lastRule=null],firstDayOfWeek=1,minimalDaysInFirstWeek=1,ERA=1,YEAR=2018,MONTH=2,WEEK_OF_YEAR=12,WEEK_OF_MONTH=4,DAY_OF_MONTH=21,DAY_OF_YEAR=80,DAY_OF_WEEK=4,DAY_OF_WEEK_IN_MONTH=3,AM_PM=0,HOUR=4,HOUR_OF_DAY=4,MINUTE=26,SECOND=47,MILLISECOND=974,ZONE_OFFSET=0,DST_OFFSET=0], message=null}
04:26:47.977 [main] DEBUG org.hibernate.SQL - insert into LogEntries (logCode, message, primaryUser, secondaryUser, time, id) values (?, ?, ?, ?, ?, ?)
Hibernate: insert into LogEntries (logCode, message, primaryUser, secondaryUser, time, id) values (?, ?, ?, ?, ?, ?)
04:26:47.979 [main] DEBUG o.h.e.j.internal.JdbcCoordinatorImpl - HHH000420: Closing un-released batch
04:26:47.979 [main] DEBUG o.h.e.t.internal.TransactionImpl - begin
04:26:47.980 [main] DEBUG org.hibernate.SQL - select next_val as id_val from hibernate_sequence for update
Hibernate: select next_val as id_val from hibernate_sequence for update
04:26:47.981 [main] DEBUG org.hibernate.SQL - update hibernate_sequence set next_val= ? where next_val=?
Hibernate: update hibernate_sequence set next_val= ? where next_val=?
04:26:47.982 [main] DEBUG o.h.e.i.AbstractSaveEventListener - Generated identifier: 78, using strategy: org.hibernate.id.enhanced.SequenceStyleGenerator
04:26:47.982 [main] DEBUG o.h.e.t.internal.TransactionImpl - committing
04:26:47.983 [main] DEBUG o.h.e.i.AbstractFlushingEventListener - Processing flush-time cascades
04:26:47.983 [main] DEBUG o.h.e.i.AbstractFlushingEventListener - Dirty checking collections
04:26:47.983 [main] DEBUG o.h.e.i.AbstractFlushingEventListener - Flushed: 1 insertions, 0 updates, 0 deletions to 1 objects
04:26:47.983 [main] DEBUG o.h.e.i.AbstractFlushingEventListener - Flushed: 0 (re)creations, 0 updates, 0 removals to 0 collections
04:26:47.983 [main] DEBUG o.h.internal.util.EntityPrinter - Listing entities:
04:26:47.983 [main] DEBUG o.h.internal.util.EntityPrinter - edu.ncsu.csc.itrust2.models.persistent.LogEntry{secondaryUser=null, logCode=5, primaryUser=logapitest, id=78, time=java.util.GregorianCalendar[time=1521606407979,areFieldsSet=true,areAllFieldsSet=true,lenient=true,zone=sun.util.calendar.ZoneInfo[id="Etc/UTC",offset=0,dstSavings=0,useDaylight=false,transitions=0,lastRule=null],firstDayOfWeek=1,minimalDaysInFirstWeek=1,ERA=1,YEAR=2018,MONTH=2,WEEK_OF_YEAR=12,WEEK_OF_MONTH=4,DAY_OF_MONTH=21,DAY_OF_YEAR=80,DAY_OF_WEEK=4,DAY_OF_WEEK_IN_MONTH=3,AM_PM=0,HOUR=4,HOUR_OF_DAY=4,MINUTE=26,SECOND=47,MILLISECOND=979,ZONE_OFFSET=0,DST_OFFSET=0], message=null}
04:26:47.984 [main] DEBUG org.hibernate.SQL - insert into LogEntries (logCode, message, primaryUser, secondaryUser, time, id) values (?, ?, ?, ?, ?, ?)
Hibernate: insert into LogEntries (logCode, message, primaryUser, secondaryUser, time, id) values (?, ?, ?, ?, ?, ?)
04:26:47.990 [main] DEBUG o.h.e.j.internal.JdbcCoordinatorImpl - HHH000420: Closing un-released batch
04:26:47.990 [main] DEBUG o.h.e.t.internal.TransactionImpl - begin
04:26:47.990 [main] DEBUG org.hibernate.SQL - select next_val as id_val from hibernate_sequence for update
Hibernate: select next_val as id_val from hibernate_sequence for update
04:26:47.991 [main] DEBUG org.hibernate.SQL - update hibernate_sequence set next_val= ? where next_val=?
Hibernate: update hibernate_sequence set next_val= ? where next_val=?
04:26:47.992 [main] DEBUG o.h.e.i.AbstractSaveEventListener - Generated identifier: 79, using strategy: org.hibernate.id.enhanced.SequenceStyleGenerator
04:26:47.992 [main] DEBUG o.h.e.t.internal.TransactionImpl - committing
04:26:47.992 [main] DEBUG o.h.e.i.AbstractFlushingEventListener - Processing flush-time cascades
04:26:47.992 [main] DEBUG o.h.e.i.AbstractFlushingEventListener - Dirty checking collections
04:26:47.992 [main] DEBUG o.h.e.i.AbstractFlushingEventListener - Flushed: 1 insertions, 0 updates, 0 deletions to 1 objects
04:26:47.992 [main] DEBUG o.h.e.i.AbstractFlushingEventListener - Flushed: 0 (re)creations, 0 updates, 0 removals to 0 collections
04:26:47.992 [main] DEBUG o.h.internal.util.EntityPrinter - Listing entities:
04:26:47.992 [main] DEBUG o.h.internal.util.EntityPrinter - edu.ncsu.csc.itrust2.models.persistent.LogEntry{secondaryUser=null, logCode=5, primaryUser=logapitest, id=79, time=java.util.GregorianCalendar[time=1521606407990,areFieldsSet=true,areAllFieldsSet=true,lenient=true,zone=sun.util.calendar.ZoneInfo[id="Etc/UTC",offset=0,dstSavings=0,useDaylight=false,transitions=0,lastRule=null],firstDayOfWeek=1,minimalDaysInFirstWeek=1,ERA=1,YEAR=2018,MONTH=2,WEEK_OF_YEAR=12,WEEK_OF_MONTH=4,DAY_OF_MONTH=21,DAY_OF_YEAR=80,DAY_OF_WEEK=4,DAY_OF_WEEK_IN_MONTH=3,AM_PM=0,HOUR=4,HOUR_OF_DAY=4,MINUTE=26,SECOND=47,MILLISECOND=990,ZONE_OFFSET=0,DST_OFFSET=0], message=null}
04:26:47.993 [main] DEBUG org.hibernate.SQL - insert into LogEntries (logCode, message, primaryUser, secondaryUser, time, id) values (?, ?, ?, ?, ?, ?)
Hibernate: insert into LogEntries (logCode, message, primaryUser, secondaryUser, time, id) values (?, ?, ?, ?, ?, ?)
04:26:47.996 [main] DEBUG o.h.e.j.internal.JdbcCoordinatorImpl - HHH000420: Closing un-released batch
04:26:47.996 [main] DEBUG o.h.e.t.internal.TransactionImpl - begin
04:26:47.997 [main] DEBUG org.hibernate.SQL - select next_val as id_val from hibernate_sequence for update
Hibernate: select next_val as id_val from hibernate_sequence for update
04:26:47.997 [main] DEBUG org.hibernate.SQL - update hibernate_sequence set next_val= ? where next_val=?
Hibernate: update hibernate_sequence set next_val= ? where next_val=?
04:26:47.999 [main] DEBUG o.h.e.i.AbstractSaveEventListener - Generated identifier: 80, using strategy: org.hibernate.id.enhanced.SequenceStyleGenerator
04:26:47.999 [main] DEBUG o.h.e.t.internal.TransactionImpl - committing
04:26:47.999 [main] DEBUG o.h.e.i.AbstractFlushingEventListener - Processing flush-time cascades
04:26:47.999 [main] DEBUG o.h.e.i.AbstractFlushingEventListener - Dirty checking collections
04:26:47.999 [main] DEBUG o.h.e.i.AbstractFlushingEventListener - Flushed: 1 insertions, 0 updates, 0 deletions to 1 objects
04:26:48.000 [main] DEBUG o.h.e.i.AbstractFlushingEventListener - Flushed: 0 (re)creations, 0 updates, 0 removals to 0 collections
04:26:48.000 [main] DEBUG o.h.internal.util.EntityPrinter - Listing entities:
04:26:48.000 [main] DEBUG o.h.internal.util.EntityPrinter - edu.ncsu.csc.itrust2.models.persistent.LogEntry{secondaryUser=null, logCode=5, primaryUser=logapitest, id=80, time=java.util.GregorianCalendar[time=1521606407996,areFieldsSet=true,areAllFieldsSet=true,lenient=true,zone=sun.util.calendar.ZoneInfo[id="Etc/UTC",offset=0,dstSavings=0,useDaylight=false,transitions=0,lastRule=null],firstDayOfWeek=1,minimalDaysInFirstWeek=1,ERA=1,YEAR=2018,MONTH=2,WEEK_OF_YEAR=12,WEEK_OF_MONTH=4,DAY_OF_MONTH=21,DAY_OF_YEAR=80,DAY_OF_WEEK=4,DAY_OF_WEEK_IN_MONTH=3,AM_PM=0,HOUR=4,HOUR_OF_DAY=4,MINUTE=26,SECOND=47,MILLISECOND=996,ZONE_OFFSET=0,DST_OFFSET=0], message=null}
04:26:48.001 [main] DEBUG org.hibernate.SQL - insert into LogEntries (logCode, message, primaryUser, secondaryUser, time, id) values (?, ?, ?, ?, ?, ?)
Hibernate: insert into LogEntries (logCode, message, primaryUser, secondaryUser, time, id) values (?, ?, ?, ?, ?, ?)
04:26:48.041 [main] DEBUG o.h.e.j.internal.JdbcCoordinatorImpl - HHH000420: Closing un-released batch
04:26:48.042 [main] DEBUG o.h.e.t.internal.TransactionImpl - begin
04:26:48.042 [main] DEBUG org.hibernate.SQL - select next_val as id_val from hibernate_sequence for update
Hibernate: select next_val as id_val from hibernate_sequence for update
04:26:48.043 [main] DEBUG org.hibernate.SQL - update hibernate_sequence set next_val= ? where next_val=?
Hibernate: update hibernate_sequence set next_val= ? where next_val=?
04:26:48.044 [main] DEBUG o.h.e.i.AbstractSaveEventListener - Generated identifier: 81, using strategy: org.hibernate.id.enhanced.SequenceStyleGenerator
04:26:48.044 [main] DEBUG o.h.e.t.internal.TransactionImpl - committing
04:26:48.044 [main] DEBUG o.h.e.i.AbstractFlushingEventListener - Processing flush-time cascades
04:26:48.044 [main] DEBUG o.h.e.i.AbstractFlushingEventListener - Dirty checking collections
04:26:48.044 [main] DEBUG o.h.e.i.AbstractFlushingEventListener - Flushed: 1 insertions, 0 updates, 0 deletions to 1 objects
04:26:48.044 [main] DEBUG o.h.e.i.AbstractFlushingEventListener - Flushed: 0 (re)creations, 0 updates, 0 removals to 0 collections
04:26:48.045 [main] DEBUG o.h.internal.util.EntityPrinter - Listing entities:
04:26:48.045 [main] DEBUG o.h.internal.util.EntityPrinter - edu.ncsu.csc.itrust2.models.persistent.LogEntry{secondaryUser=null, logCode=5, primaryUser=logapitest, id=81, time=java.util.GregorianCalendar[time=1521606408042,areFieldsSet=true,areAllFieldsSet=true,lenient=true,zone=sun.util.calendar.ZoneInfo[id="Etc/UTC",offset=0,dstSavings=0,useDaylight=false,transitions=0,lastRule=null],firstDayOfWeek=1,minimalDaysInFirstWeek=1,ERA=1,YEAR=2018,MONTH=2,WEEK_OF_YEAR=12,WEEK_OF_MONTH=4,DAY_OF_MONTH=21,DAY_OF_YEAR=80,DAY_OF_WEEK=4,DAY_OF_WEEK_IN_MONTH=3,AM_PM=0,HOUR=4,HOUR_OF_DAY=4,MINUTE=26,SECOND=48,MILLISECOND=42,ZONE_OFFSET=0,DST_OFFSET=0], message=null}
04:26:48.045 [main] DEBUG org.hibernate.SQL - insert into LogEntries (logCode, message, primaryUser, secondaryUser, time, id) values (?, ?, ?, ?, ?, ?)
Hibernate: insert into LogEntries (logCode, message, primaryUser, secondaryUser, time, id) values (?, ?, ?, ?, ?, ?)
04:26:48.047 [main] DEBUG o.h.e.j.internal.JdbcCoordinatorImpl - HHH000420: Closing un-released batch
04:26:48.048 [main] DEBUG o.h.e.t.internal.TransactionImpl - begin
04:26:48.048 [main] DEBUG org.hibernate.SQL - select next_val as id_val from hibernate_sequence for update
Hibernate: select next_val as id_val from hibernate_sequence for update
04:26:48.049 [main] DEBUG org.hibernate.SQL - update hibernate_sequence set next_val= ? where next_val=?
Hibernate: update hibernate_sequence set next_val= ? where next_val=?
04:26:48.050 [main] DEBUG o.h.e.i.AbstractSaveEventListener - Generated identifier: 82, using strategy: org.hibernate.id.enhanced.SequenceStyleGenerator
04:26:48.050 [main] DEBUG o.h.e.t.internal.TransactionImpl - committing
04:26:48.051 [main] DEBUG o.h.e.i.AbstractFlushingEventListener - Processing flush-time cascades
04:26:48.051 [main] DEBUG o.h.e.i.AbstractFlushingEventListener - Dirty checking collections
04:26:48.051 [main] DEBUG o.h.e.i.AbstractFlushingEventListener - Flushed: 1 insertions, 0 updates, 0 deletions to 1 objects
04:26:48.051 [main] DEBUG o.h.e.i.AbstractFlushingEventListener - Flushed: 0 (re)creations, 0 updates, 0 removals to 0 collections
04:26:48.051 [main] DEBUG o.h.internal.util.EntityPrinter - Listing entities:
04:26:48.051 [main] DEBUG o.h.internal.util.EntityPrinter - edu.ncsu.csc.itrust2.models.persistent.LogEntry{secondaryUser=null, logCode=5, primaryUser=logapitest, id=82, time=java.util.GregorianCalendar[time=1521606408047,areFieldsSet=true,areAllFieldsSet=true,lenient=true,zone=sun.util.calendar.ZoneInfo[id="Etc/UTC",offset=0,dstSavings=0,useDaylight=false,transitions=0,lastRule=null],firstDayOfWeek=1,minimalDaysInFirstWeek=1,ERA=1,YEAR=2018,MONTH=2,WEEK_OF_YEAR=12,WEEK_OF_MONTH=4,DAY_OF_MONTH=21,DAY_OF_YEAR=80,DAY_OF_WEEK=4,DAY_OF_WEEK_IN_MONTH=3,AM_PM=0,HOUR=4,HOUR_OF_DAY=4,MINUTE=26,SECOND=48,MILLISECOND=47,ZONE_OFFSET=0,DST_OFFSET=0], message=null}
04:26:48.051 [main] DEBUG org.hibernate.SQL - insert into LogEntries (logCode, message, primaryUser, secondaryUser, time, id) values (?, ?, ?, ?, ?, ?)
Hibernate: insert into LogEntries (logCode, message, primaryUser, secondaryUser, time, id) values (?, ?, ?, ?, ?, ?)
04:26:48.058 [main] DEBUG o.h.e.j.internal.JdbcCoordinatorImpl - HHH000420: Closing un-released batch
04:26:48.058 [main] DEBUG o.h.e.t.internal.TransactionImpl - begin
04:26:48.059 [main] DEBUG org.hibernate.SQL - select next_val as id_val from hibernate_sequence for update
Hibernate: select next_val as id_val from hibernate_sequence for update
04:26:48.059 [main] DEBUG org.hibernate.SQL - update hibernate_sequence set next_val= ? where next_val=?
Hibernate: update hibernate_sequence set next_val= ? where next_val=?
04:26:48.060 [main] DEBUG o.h.e.i.AbstractSaveEventListener - Generated identifier: 83, using strategy: org.hibernate.id.enhanced.SequenceStyleGenerator
04:26:48.060 [main] DEBUG o.h.e.t.internal.TransactionImpl - committing
04:26:48.060 [main] DEBUG o.h.e.i.AbstractFlushingEventListener - Processing flush-time cascades
04:26:48.060 [main] DEBUG o.h.e.i.AbstractFlushingEventListener - Dirty checking collections
04:26:48.060 [main] DEBUG o.h.e.i.AbstractFlushingEventListener - Flushed: 1 insertions, 0 updates, 0 deletions to 1 objects
04:26:48.060 [main] DEBUG o.h.e.i.AbstractFlushingEventListener - Flushed: 0 (re)creations, 0 updates, 0 removals to 0 collections
04:26:48.060 [main] DEBUG o.h.internal.util.EntityPrinter - Listing entities:
04:26:48.060 [main] DEBUG o.h.internal.util.EntityPrinter - edu.ncsu.csc.itrust2.models.persistent.LogEntry{secondaryUser=null, logCode=5, primaryUser=logapitest, id=83, time=java.util.GregorianCalendar[time=1521606408058,areFieldsSet=true,areAllFieldsSet=true,lenient=true,zone=sun.util.calendar.ZoneInfo[id="Etc/UTC",offset=0,dstSavings=0,useDaylight=false,transitions=0,lastRule=null],firstDayOfWeek=1,minimalDaysInFirstWeek=1,ERA=1,YEAR=2018,MONTH=2,WEEK_OF_YEAR=12,WEEK_OF_MONTH=4,DAY_OF_MONTH=21,DAY_OF_YEAR=80,DAY_OF_WEEK=4,DAY_OF_WEEK_IN_MONTH=3,AM_PM=0,HOUR=4,HOUR_OF_DAY=4,MINUTE=26,SECOND=48,MILLISECOND=58,ZONE_OFFSET=0,DST_OFFSET=0], message=null}
04:26:48.061 [main] DEBUG org.hibernate.SQL - insert into LogEntries (logCode, message, primaryUser, secondaryUser, time, id) values (?, ?, ?, ?, ?, ?)
Hibernate: insert into LogEntries (logCode, message, primaryUser, secondaryUser, time, id) values (?, ?, ?, ?, ?, ?)
04:26:48.063 [main] DEBUG o.h.e.j.internal.JdbcCoordinatorImpl - HHH000420: Closing un-released batch
04:26:48.063 [main] DEBUG o.h.e.t.internal.TransactionImpl - begin
04:26:48.064 [main] DEBUG org.hibernate.SQL - select next_val as id_val from hibernate_sequence for update
Hibernate: select next_val as id_val from hibernate_sequence for update
04:26:48.064 [main] DEBUG org.hibernate.SQL - update hibernate_sequence set next_val= ? where next_val=?
Hibernate: update hibernate_sequence set next_val= ? where next_val=?
04:26:48.065 [main] DEBUG o.h.e.i.AbstractSaveEventListener - Generated identifier: 84, using strategy: org.hibernate.id.enhanced.SequenceStyleGenerator
04:26:48.065 [main] DEBUG o.h.e.t.internal.TransactionImpl - committing
04:26:48.065 [main] DEBUG o.h.e.i.AbstractFlushingEventListener - Processing flush-time cascades
04:26:48.065 [main] DEBUG o.h.e.i.AbstractFlushingEventListener - Dirty checking collections
04:26:48.065 [main] DEBUG o.h.e.i.AbstractFlushingEventListener - Flushed: 1 insertions, 0 updates, 0 deletions to 1 objects
04:26:48.065 [main] DEBUG o.h.e.i.AbstractFlushingEventListener - Flushed: 0 (re)creations, 0 updates, 0 removals to 0 collections
04:26:48.065 [main] DEBUG o.h.internal.util.EntityPrinter - Listing entities:
04:26:48.065 [main] DEBUG o.h.internal.util.EntityPrinter - edu.ncsu.csc.itrust2.models.persistent.LogEntry{secondaryUser=null, logCode=5, primaryUser=logapitest, id=84, time=java.util.GregorianCalendar[time=1521606408063,areFieldsSet=true,areAllFieldsSet=true,lenient=true,zone=sun.util.calendar.ZoneInfo[id="Etc/UTC",offset=0,dstSavings=0,useDaylight=false,transitions=0,lastRule=null],firstDayOfWeek=1,minimalDaysInFirstWeek=1,ERA=1,YEAR=2018,MONTH=2,WEEK_OF_YEAR=12,WEEK_OF_MONTH=4,DAY_OF_MONTH=21,DAY_OF_YEAR=80,DAY_OF_WEEK=4,DAY_OF_WEEK_IN_MONTH=3,AM_PM=0,HOUR=4,HOUR_OF_DAY=4,MINUTE=26,SECOND=48,MILLISECOND=63,ZONE_OFFSET=0,DST_OFFSET=0], message=null}
04:26:48.066 [main] DEBUG org.hibernate.SQL - insert into LogEntries (logCode, message, primaryUser, secondaryUser, time, id) values (?, ?, ?, ?, ?, ?)
Hibernate: insert into LogEntries (logCode, message, primaryUser, secondaryUser, time, id) values (?, ?, ?, ?, ?, ?)
04:26:48.074 [main] DEBUG o.h.e.j.internal.JdbcCoordinatorImpl - HHH000420: Closing un-released batch
04:26:48.074 [main] DEBUG o.h.e.t.internal.TransactionImpl - begin
04:26:48.075 [main] DEBUG org.hibernate.SQL - select next_val as id_val from hibernate_sequence for update
Hibernate: select next_val as id_val from hibernate_sequence for update
04:26:48.075 [main] DEBUG org.hibernate.SQL - update hibernate_sequence set next_val= ? where next_val=?
Hibernate: update hibernate_sequence set next_val= ? where next_val=?
04:26:48.076 [main] DEBUG o.h.e.i.AbstractSaveEventListener - Generated identifier: 85, using strategy: org.hibernate.id.enhanced.SequenceStyleGenerator
04:26:48.076 [main] DEBUG o.h.e.t.internal.TransactionImpl - committing
04:26:48.076 [main] DEBUG o.h.e.i.AbstractFlushingEventListener - Processing flush-time cascades
04:26:48.076 [main] DEBUG o.h.e.i.AbstractFlushingEventListener - Dirty checking collections
04:26:48.076 [main] DEBUG o.h.e.i.AbstractFlushingEventListener - Flushed: 1 insertions, 0 updates, 0 deletions to 1 objects
04:26:48.076 [main] DEBUG o.h.e.i.AbstractFlushingEventListener - Flushed: 0 (re)creations, 0 updates, 0 removals to 0 collections
04:26:48.076 [main] DEBUG o.h.internal.util.EntityPrinter - Listing entities:
04:26:48.076 [main] DEBUG o.h.internal.util.EntityPrinter - edu.ncsu.csc.itrust2.models.persistent.LogEntry{secondaryUser=null, logCode=5, primaryUser=logapitest, id=85, time=java.util.GregorianCalendar[time=1521606408074,areFieldsSet=true,areAllFieldsSet=true,lenient=true,zone=sun.util.calendar.ZoneInfo[id="Etc/UTC",offset=0,dstSavings=0,useDaylight=false,transitions=0,lastRule=null],firstDayOfWeek=1,minimalDaysInFirstWeek=1,ERA=1,YEAR=2018,MONTH=2,WEEK_OF_YEAR=12,WEEK_OF_MONTH=4,DAY_OF_MONTH=21,DAY_OF_YEAR=80,DAY_OF_WEEK=4,DAY_OF_WEEK_IN_MONTH=3,AM_PM=0,HOUR=4,HOUR_OF_DAY=4,MINUTE=26,SECOND=48,MILLISECOND=74,ZONE_OFFSET=0,DST_OFFSET=0], message=null}
04:26:48.077 [main] DEBUG org.hibernate.SQL - insert into LogEntries (logCode, message, primaryUser, secondaryUser, time, id) values (?, ?, ?, ?, ?, ?)
Hibernate: insert into LogEntries (logCode, message, primaryUser, secondaryUser, time, id) values (?, ?, ?, ?, ?, ?)
04:26:48.080 [main] DEBUG o.h.e.j.internal.JdbcCoordinatorImpl - HHH000420: Closing un-released batch
04:26:48.081 [main] DEBUG o.h.e.t.internal.TransactionImpl - begin
04:26:48.082 [main] DEBUG org.hibernate.SQL - select next_val as id_val from hibernate_sequence for update
Hibernate: select next_val as id_val from hibernate_sequence for update
04:26:48.082 [main] DEBUG org.hibernate.SQL - update hibernate_sequence set next_val= ? where next_val=?
Hibernate: update hibernate_sequence set next_val= ? where next_val=?
04:26:48.083 [main] DEBUG o.h.e.i.AbstractSaveEventListener - Generated identifier: 86, using strategy: org.hibernate.id.enhanced.SequenceStyleGenerator
04:26:48.083 [main] DEBUG o.h.e.t.internal.TransactionImpl - committing
04:26:48.084 [main] DEBUG o.h.e.i.AbstractFlushingEventListener - Processing flush-time cascades
04:26:48.084 [main] DEBUG o.h.e.i.AbstractFlushingEventListener - Dirty checking collections
04:26:48.084 [main] DEBUG o.h.e.i.AbstractFlushingEventListener - Flushed: 1 insertions, 0 updates, 0 deletions to 1 objects
04:26:48.084 [main] DEBUG o.h.e.i.AbstractFlushingEventListener - Flushed: 0 (re)creations, 0 updates, 0 removals to 0 collections
04:26:48.084 [main] DEBUG o.h.internal.util.EntityPrinter - Listing entities:
04:26:48.084 [main] DEBUG o.h.internal.util.EntityPrinter - edu.ncsu.csc.itrust2.models.persistent.LogEntry{secondaryUser=null, logCode=5, primaryUser=logapitest, id=86, time=java.util.GregorianCalendar[time=1521606408081,areFieldsSet=true,areAllFieldsSet=true,lenient=true,zone=sun.util.calendar.ZoneInfo[id="Etc/UTC",offset=0,dstSavings=0,useDaylight=false,transitions=0,lastRule=null],firstDayOfWeek=1,minimalDaysInFirstWeek=1,ERA=1,YEAR=2018,MONTH=2,WEEK_OF_YEAR=12,WEEK_OF_MONTH=4,DAY_OF_MONTH=21,DAY_OF_YEAR=80,DAY_OF_WEEK=4,DAY_OF_WEEK_IN_MONTH=3,AM_PM=0,HOUR=4,HOUR_OF_DAY=4,MINUTE=26,SECOND=48,MILLISECOND=81,ZONE_OFFSET=0,DST_OFFSET=0], message=null}
04:26:48.085 [main] DEBUG org.hibernate.SQL - insert into LogEntries (logCode, message, primaryUser, secondaryUser, time, id) values (?, ?, ?, ?, ?, ?)
Hibernate: insert into LogEntries (logCode, message, primaryUser, secondaryUser, time, id) values (?, ?, ?, ?, ?, ?)
04:26:48.089 [main] DEBUG o.h.e.j.internal.JdbcCoordinatorImpl - HHH000420: Closing un-released batch
04:26:48.089 [main] DEBUG o.h.e.t.internal.TransactionImpl - begin
04:26:48.090 [main] DEBUG org.hibernate.SQL - select next_val as id_val from hibernate_sequence for update
Hibernate: select next_val as id_val from hibernate_sequence for update
04:26:48.090 [main] DEBUG org.hibernate.SQL - update hibernate_sequence set next_val= ? where next_val=?
Hibernate: update hibernate_sequence set next_val= ? where next_val=?
04:26:48.092 [main] DEBUG o.h.e.i.AbstractSaveEventListener - Generated identifier: 87, using strategy: org.hibernate.id.enhanced.SequenceStyleGenerator
04:26:48.092 [main] DEBUG o.h.e.t.internal.TransactionImpl - committing
04:26:48.092 [main] DEBUG o.h.e.i.AbstractFlushingEventListener - Processing flush-time cascades
04:26:48.092 [main] DEBUG o.h.e.i.AbstractFlushingEventListener - Dirty checking collections
04:26:48.092 [main] DEBUG o.h.e.i.AbstractFlushingEventListener - Flushed: 1 insertions, 0 updates, 0 deletions to 1 objects
04:26:48.092 [main] DEBUG o.h.e.i.AbstractFlushingEventListener - Flushed: 0 (re)creations, 0 updates, 0 removals to 0 collections
04:26:48.092 [main] DEBUG o.h.internal.util.EntityPrinter - Listing entities:
04:26:48.092 [main] DEBUG o.h.internal.util.EntityPrinter - edu.ncsu.csc.itrust2.models.persistent.LogEntry{secondaryUser=null, logCode=5, primaryUser=logapitest, id=87, time=java.util.GregorianCalendar[time=1521606408089,areFieldsSet=true,areAllFieldsSet=true,lenient=true,zone=sun.util.calendar.ZoneInfo[id="Etc/UTC",offset=0,dstSavings=0,useDaylight=false,transitions=0,lastRule=null],firstDayOfWeek=1,minimalDaysInFirstWeek=1,ERA=1,YEAR=2018,MONTH=2,WEEK_OF_YEAR=12,WEEK_OF_MONTH=4,DAY_OF_MONTH=21,DAY_OF_YEAR=80,DAY_OF_WEEK=4,DAY_OF_WEEK_IN_MONTH=3,AM_PM=0,HOUR=4,HOUR_OF_DAY=4,MINUTE=26,SECOND=48,MILLISECOND=89,ZONE_OFFSET=0,DST_OFFSET=0], message=null}
04:26:48.093 [main] DEBUG org.hibernate.SQL - insert into LogEntries (logCode, message, primaryUser, secondaryUser, time, id) values (?, ?, ?, ?, ?, ?)
Hibernate: insert into LogEntries (logCode, message, primaryUser, secondaryUser, time, id) values (?, ?, ?, ?, ?, ?)
04:26:48.096 [main] DEBUG o.h.e.j.internal.JdbcCoordinatorImpl - HHH000420: Closing un-released batch
04:26:48.096 [main] DEBUG o.h.e.t.internal.TransactionImpl - begin
04:26:48.101 [main] DEBUG org.hibernate.SQL - select next_val as id_val from hibernate_sequence for update
Hibernate: select next_val as id_val from hibernate_sequence for update
04:26:48.101 [main] DEBUG org.hibernate.SQL - update hibernate_sequence set next_val= ? where next_val=?
Hibernate: update hibernate_sequence set next_val= ? where next_val=?
04:26:48.103 [main] DEBUG o.h.e.i.AbstractSaveEventListener - Generated identifier: 88, using strategy: org.hibernate.id.enhanced.SequenceStyleGenerator
04:26:48.103 [main] DEBUG o.h.e.t.internal.TransactionImpl - committing
04:26:48.103 [main] DEBUG o.h.e.i.AbstractFlushingEventListener - Processing flush-time cascades
04:26:48.103 [main] DEBUG o.h.e.i.AbstractFlushingEventListener - Dirty checking collections
04:26:48.103 [main] DEBUG o.h.e.i.AbstractFlushingEventListener - Flushed: 1 insertions, 0 updates, 0 deletions to 1 objects
04:26:48.103 [main] DEBUG o.h.e.i.AbstractFlushingEventListener - Flushed: 0 (re)creations, 0 updates, 0 removals to 0 collections
04:26:48.103 [main] DEBUG o.h.internal.util.EntityPrinter - Listing entities:
04:26:48.103 [main] DEBUG o.h.internal.util.EntityPrinter - edu.ncsu.csc.itrust2.models.persistent.LogEntry{secondaryUser=null, logCode=5, primaryUser=logapitest, id=88, time=java.util.GregorianCalendar[time=1521606408096,areFieldsSet=true,areAllFieldsSet=true,lenient=true,zone=sun.util.calendar.ZoneInfo[id="Etc/UTC",offset=0,dstSavings=0,useDaylight=false,transitions=0,lastRule=null],firstDayOfWeek=1,minimalDaysInFirstWeek=1,ERA=1,YEAR=2018,MONTH=2,WEEK_OF_YEAR=12,WEEK_OF_MONTH=4,DAY_OF_MONTH=21,DAY_OF_YEAR=80,DAY_OF_WEEK=4,DAY_OF_WEEK_IN_MONTH=3,AM_PM=0,HOUR=4,HOUR_OF_DAY=4,MINUTE=26,SECOND=48,MILLISECOND=96,ZONE_OFFSET=0,DST_OFFSET=0], message=null}
04:26:48.104 [main] DEBUG org.hibernate.SQL - insert into LogEntries (logCode, message, primaryUser, secondaryUser, time, id) values (?, ?, ?, ?, ?, ?)
Hibernate: insert into LogEntries (logCode, message, primaryUser, secondaryUser, time, id) values (?, ?, ?, ?, ?, ?)
04:26:48.105 [main] DEBUG o.h.e.j.internal.JdbcCoordinatorImpl - HHH000420: Closing un-released batch
04:26:48.106 [main] DEBUG o.h.e.t.internal.TransactionImpl - begin
04:26:48.106 [main] DEBUG org.hibernate.SQL - select next_val as id_val from hibernate_sequence for update
Hibernate: select next_val as id_val from hibernate_sequence for update
04:26:48.107 [main] DEBUG org.hibernate.SQL - update hibernate_sequence set next_val= ? where next_val=?
Hibernate: update hibernate_sequence set next_val= ? where next_val=?
04:26:48.108 [main] DEBUG o.h.e.i.AbstractSaveEventListener - Generated identifier: 89, using strategy: org.hibernate.id.enhanced.SequenceStyleGenerator
04:26:48.109 [main] DEBUG o.h.e.t.internal.TransactionImpl - committing
04:26:48.109 [main] DEBUG o.h.e.i.AbstractFlushingEventListener - Processing flush-time cascades
04:26:48.109 [main] DEBUG o.h.e.i.AbstractFlushingEventListener - Dirty checking collections
04:26:48.109 [main] DEBUG o.h.e.i.AbstractFlushingEventListener - Flushed: 1 insertions, 0 updates, 0 deletions to 1 objects
04:26:48.109 [main] DEBUG o.h.e.i.AbstractFlushingEventListener - Flushed: 0 (re)creations, 0 updates, 0 removals to 0 collections
04:26:48.109 [main] DEBUG o.h.internal.util.EntityPrinter - Listing entities:
04:26:48.109 [main] DEBUG o.h.internal.util.EntityPrinter - edu.ncsu.csc.itrust2.models.persistent.LogEntry{secondaryUser=null, logCode=5, primaryUser=logapitest, id=89, time=java.util.GregorianCalendar[time=1521606408106,areFieldsSet=true,areAllFieldsSet=true,lenient=true,zone=sun.util.calendar.ZoneInfo[id="Etc/UTC",offset=0,dstSavings=0,useDaylight=false,transitions=0,lastRule=null],firstDayOfWeek=1,minimalDaysInFirstWeek=1,ERA=1,YEAR=2018,MONTH=2,WEEK_OF_YEAR=12,WEEK_OF_MONTH=4,DAY_OF_MONTH=21,DAY_OF_YEAR=80,DAY_OF_WEEK=4,DAY_OF_WEEK_IN_MONTH=3,AM_PM=0,HOUR=4,HOUR_OF_DAY=4,MINUTE=26,SECOND=48,MILLISECOND=106,ZONE_OFFSET=0,DST_OFFSET=0], message=null}
04:26:48.110 [main] DEBUG org.hibernate.SQL - insert into LogEntries (logCode, message, primaryUser, secondaryUser, time, id) values (?, ?, ?, ?, ?, ?)
Hibernate: insert into LogEntries (logCode, message, primaryUser, secondaryUser, time, id) values (?, ?, ?, ?, ?, ?)
04:26:48.117 [main] DEBUG o.h.e.j.internal.JdbcCoordinatorImpl - HHH000420: Closing un-released batch
04:26:48.118 [main] DEBUG o.h.e.t.internal.TransactionImpl - begin
04:26:48.118 [main] DEBUG org.hibernate.SQL - select next_val as id_val from hibernate_sequence for update
Hibernate: select next_val as id_val from hibernate_sequence for update
04:26:48.119 [main] DEBUG org.hibernate.SQL - update hibernate_sequence set next_val= ? where next_val=?
Hibernate: update hibernate_sequence set next_val= ? where next_val=?
04:26:48.120 [main] DEBUG o.h.e.i.AbstractSaveEventListener - Generated identifier: 90, using strategy: org.hibernate.id.enhanced.SequenceStyleGenerator
04:26:48.121 [main] DEBUG o.h.e.t.internal.TransactionImpl - committing
04:26:48.121 [main] DEBUG o.h.e.i.AbstractFlushingEventListener - Processing flush-time cascades
04:26:48.121 [main] DEBUG o.h.e.i.AbstractFlushingEventListener - Dirty checking collections
04:26:48.121 [main] DEBUG o.h.e.i.AbstractFlushingEventListener - Flushed: 1 insertions, 0 updates, 0 deletions to 1 objects
04:26:48.121 [main] DEBUG o.h.e.i.AbstractFlushingEventListener - Flushed: 0 (re)creations, 0 updates, 0 removals to 0 collections
04:26:48.121 [main] DEBUG o.h.internal.util.EntityPrinter - Listing entities:
04:26:48.121 [main] DEBUG o.h.internal.util.EntityPrinter - edu.ncsu.csc.itrust2.models.persistent.LogEntry{secondaryUser=null, logCode=5, primaryUser=logapitest, id=90, time=java.util.GregorianCalendar[time=1521606408118,areFieldsSet=true,areAllFieldsSet=true,lenient=true,zone=sun.util.calendar.ZoneInfo[id="Etc/UTC",offset=0,dstSavings=0,useDaylight=false,transitions=0,lastRule=null],firstDayOfWeek=1,minimalDaysInFirstWeek=1,ERA=1,YEAR=2018,MONTH=2,WEEK_OF_YEAR=12,WEEK_OF_MONTH=4,DAY_OF_MONTH=21,DAY_OF_YEAR=80,DAY_OF_WEEK=4,DAY_OF_WEEK_IN_MONTH=3,AM_PM=0,HOUR=4,HOUR_OF_DAY=4,MINUTE=26,SECOND=48,MILLISECOND=118,ZONE_OFFSET=0,DST_OFFSET=0], message=null}
04:26:48.122 [main] DEBUG org.hibernate.SQL - insert into LogEntries (logCode, message, primaryUser, secondaryUser, time, id) values (?, ?, ?, ?, ?, ?)
Hibernate: insert into LogEntries (logCode, message, primaryUser, secondaryUser, time, id) values (?, ?, ?, ?, ?, ?)
04:26:48.123 [main] DEBUG o.h.e.j.internal.JdbcCoordinatorImpl - HHH000420: Closing un-released batch
04:26:48.124 [main] DEBUG o.h.e.t.internal.TransactionImpl - begin
04:26:48.124 [main] DEBUG org.hibernate.SQL - select next_val as id_val from hibernate_sequence for update
Hibernate: select next_val as id_val from hibernate_sequence for update
04:26:48.125 [main] DEBUG org.hibernate.SQL - update hibernate_sequence set next_val= ? where next_val=?
Hibernate: update hibernate_sequence set next_val= ? where next_val=?
04:26:48.126 [main] DEBUG o.h.e.i.AbstractSaveEventListener - Generated identifier: 91, using strategy: org.hibernate.id.enhanced.SequenceStyleGenerator
04:26:48.126 [main] DEBUG o.h.e.t.internal.TransactionImpl - committing
04:26:48.126 [main] DEBUG o.h.e.i.AbstractFlushingEventListener - Processing flush-time cascades
04:26:48.126 [main] DEBUG o.h.e.i.AbstractFlushingEventListener - Dirty checking collections
04:26:48.126 [main] DEBUG o.h.e.i.AbstractFlushingEventListener - Flushed: 1 insertions, 0 updates, 0 deletions to 1 objects
04:26:48.127 [main] DEBUG o.h.e.i.AbstractFlushingEventListener - Flushed: 0 (re)creations, 0 updates, 0 removals to 0 collections
04:26:48.127 [main] DEBUG o.h.internal.util.EntityPrinter - Listing entities:
04:26:48.127 [main] DEBUG o.h.internal.util.EntityPrinter - edu.ncsu.csc.itrust2.models.persistent.LogEntry{secondaryUser=null, logCode=5, primaryUser=logapitest, id=91, time=java.util.GregorianCalendar[time=1521606408124,areFieldsSet=true,areAllFieldsSet=true,lenient=true,zone=sun.util.calendar.ZoneInfo[id="Etc/UTC",offset=0,dstSavings=0,useDaylight=false,transitions=0,lastRule=null],firstDayOfWeek=1,minimalDaysInFirstWeek=1,ERA=1,YEAR=2018,MONTH=2,WEEK_OF_YEAR=12,WEEK_OF_MONTH=4,DAY_OF_MONTH=21,DAY_OF_YEAR=80,DAY_OF_WEEK=4,DAY_OF_WEEK_IN_MONTH=3,AM_PM=0,HOUR=4,HOUR_OF_DAY=4,MINUTE=26,SECOND=48,MILLISECOND=124,ZONE_OFFSET=0,DST_OFFSET=0], message=null}
04:26:48.127 [main] DEBUG org.hibernate.SQL - insert into LogEntries (logCode, message, primaryUser, secondaryUser, time, id) values (?, ?, ?, ?, ?, ?)
Hibernate: insert into LogEntries (logCode, message, primaryUser, secondaryUser, time, id) values (?, ?, ?, ?, ?, ?)
04:26:48.129 [main] DEBUG o.h.e.j.internal.JdbcCoordinatorImpl - HHH000420: Closing un-released batch
04:26:48.129 [main] DEBUG o.h.e.t.internal.TransactionImpl - begin
04:26:48.137 [main] DEBUG org.hibernate.SQL - select next_val as id_val from hibernate_sequence for update
Hibernate: select next_val as id_val from hibernate_sequence for update
04:26:48.138 [main] DEBUG org.hibernate.SQL - update hibernate_sequence set next_val= ? where next_val=?
Hibernate: update hibernate_sequence set next_val= ? where next_val=?
04:26:48.139 [main] DEBUG o.h.e.i.AbstractSaveEventListener - Generated identifier: 92, using strategy: org.hibernate.id.enhanced.SequenceStyleGenerator
04:26:48.139 [main] DEBUG o.h.e.t.internal.TransactionImpl - committing
04:26:48.139 [main] DEBUG o.h.e.i.AbstractFlushingEventListener - Processing flush-time cascades
04:26:48.139 [main] DEBUG o.h.e.i.AbstractFlushingEventListener - Dirty checking collections
04:26:48.139 [main] DEBUG o.h.e.i.AbstractFlushingEventListener - Flushed: 1 insertions, 0 updates, 0 deletions to 1 objects
04:26:48.139 [main] DEBUG o.h.e.i.AbstractFlushingEventListener - Flushed: 0 (re)creations, 0 updates, 0 removals to 0 collections
04:26:48.139 [main] DEBUG o.h.internal.util.EntityPrinter - Listing entities:
04:26:48.139 [main] DEBUG o.h.internal.util.EntityPrinter - edu.ncsu.csc.itrust2.models.persistent.LogEntry{secondaryUser=null, logCode=5, primaryUser=logapitest, id=92, time=java.util.GregorianCalendar[time=1521606408129,areFieldsSet=true,areAllFieldsSet=true,lenient=true,zone=sun.util.calendar.ZoneInfo[id="Etc/UTC",offset=0,dstSavings=0,useDaylight=false,transitions=0,lastRule=null],firstDayOfWeek=1,minimalDaysInFirstWeek=1,ERA=1,YEAR=2018,MONTH=2,WEEK_OF_YEAR=12,WEEK_OF_MONTH=4,DAY_OF_MONTH=21,DAY_OF_YEAR=80,DAY_OF_WEEK=4,DAY_OF_WEEK_IN_MONTH=3,AM_PM=0,HOUR=4,HOUR_OF_DAY=4,MINUTE=26,SECOND=48,MILLISECOND=129,ZONE_OFFSET=0,DST_OFFSET=0], message=null}
04:26:48.140 [main] DEBUG org.hibernate.SQL - insert into LogEntries (logCode, message, primaryUser, secondaryUser, time, id) values (?, ?, ?, ?, ?, ?)
Hibernate: insert into LogEntries (logCode, message, primaryUser, secondaryUser, time, id) values (?, ?, ?, ?, ?, ?)
04:26:48.141 [main] DEBUG o.h.e.j.internal.JdbcCoordinatorImpl - HHH000420: Closing un-released batch
04:26:48.141 [main] DEBUG o.h.e.t.internal.TransactionImpl - begin
04:26:48.142 [main] DEBUG org.hibernate.SQL - select next_val as id_val from hibernate_sequence for update
Hibernate: select next_val as id_val from hibernate_sequence for update
04:26:48.142 [main] DEBUG org.hibernate.SQL - update hibernate_sequence set next_val= ? where next_val=?
Hibernate: update hibernate_sequence set next_val= ? where next_val=?
04:26:48.143 [main] DEBUG o.h.e.i.AbstractSaveEventListener - Generated identifier: 93, using strategy: org.hibernate.id.enhanced.SequenceStyleGenerator
04:26:48.143 [main] DEBUG o.h.e.t.internal.TransactionImpl - committing
04:26:48.144 [main] DEBUG o.h.e.i.AbstractFlushingEventListener - Processing flush-time cascades
04:26:48.144 [main] DEBUG o.h.e.i.AbstractFlushingEventListener - Dirty checking collections
04:26:48.144 [main] DEBUG o.h.e.i.AbstractFlushingEventListener - Flushed: 1 insertions, 0 updates, 0 deletions to 1 objects
04:26:48.144 [main] DEBUG o.h.e.i.AbstractFlushingEventListener - Flushed: 0 (re)creations, 0 updates, 0 removals to 0 collections
04:26:48.144 [main] DEBUG o.h.internal.util.EntityPrinter - Listing entities:
04:26:48.144 [main] DEBUG o.h.internal.util.EntityPrinter - edu.ncsu.csc.itrust2.models.persistent.LogEntry{secondaryUser=null, logCode=5, primaryUser=logapitest, id=93, time=java.util.GregorianCalendar[time=1521606408141,areFieldsSet=true,areAllFieldsSet=true,lenient=true,zone=sun.util.calendar.ZoneInfo[id="Etc/UTC",offset=0,dstSavings=0,useDaylight=false,transitions=0,lastRule=null],firstDayOfWeek=1,minimalDaysInFirstWeek=1,ERA=1,YEAR=2018,MONTH=2,WEEK_OF_YEAR=12,WEEK_OF_MONTH=4,DAY_OF_MONTH=21,DAY_OF_YEAR=80,DAY_OF_WEEK=4,DAY_OF_WEEK_IN_MONTH=3,AM_PM=0,HOUR=4,HOUR_OF_DAY=4,MINUTE=26,SECOND=48,MILLISECOND=141,ZONE_OFFSET=0,DST_OFFSET=0], message=null}
04:26:48.144 [main] DEBUG org.hibernate.SQL - insert into LogEntries (logCode, message, primaryUser, secondaryUser, time, id) values (?, ?, ?, ?, ?, ?)
Hibernate: insert into LogEntries (logCode, message, primaryUser, secondaryUser, time, id) values (?, ?, ?, ?, ?, ?)
04:26:48.146 [main] DEBUG o.h.e.j.internal.JdbcCoordinatorImpl - HHH000420: Closing un-released batch
04:26:48.146 [main] DEBUG o.h.e.t.internal.TransactionImpl - begin
04:26:48.146 [main] DEBUG org.hibernate.SQL - select next_val as id_val from hibernate_sequence for update
Hibernate: select next_val as id_val from hibernate_sequence for update
04:26:48.147 [main] DEBUG org.hibernate.SQL - update hibernate_sequence set next_val= ? where next_val=?
Hibernate: update hibernate_sequence set next_val= ? where next_val=?
04:26:48.147 [main] DEBUG o.h.e.i.AbstractSaveEventListener - Generated identifier: 94, using strategy: org.hibernate.id.enhanced.SequenceStyleGenerator
04:26:48.148 [main] DEBUG o.h.e.t.internal.TransactionImpl - committing
04:26:48.148 [main] DEBUG o.h.e.i.AbstractFlushingEventListener - Processing flush-time cascades
04:26:48.148 [main] DEBUG o.h.e.i.AbstractFlushingEventListener - Dirty checking collections
04:26:48.148 [main] DEBUG o.h.e.i.AbstractFlushingEventListener - Flushed: 1 insertions, 0 updates, 0 deletions to 1 objects
04:26:48.148 [main] DEBUG o.h.e.i.AbstractFlushingEventListener - Flushed: 0 (re)creations, 0 updates, 0 removals to 0 collections
04:26:48.148 [main] DEBUG o.h.internal.util.EntityPrinter - Listing entities:
04:26:48.148 [main] DEBUG o.h.internal.util.EntityPrinter - edu.ncsu.csc.itrust2.models.persistent.LogEntry{secondaryUser=null, logCode=5, primaryUser=logapitest, id=94, time=java.util.GregorianCalendar[time=1521606408146,areFieldsSet=true,areAllFieldsSet=true,lenient=true,zone=sun.util.calendar.ZoneInfo[id="Etc/UTC",offset=0,dstSavings=0,useDaylight=false,transitions=0,lastRule=null],firstDayOfWeek=1,minimalDaysInFirstWeek=1,ERA=1,YEAR=2018,MONTH=2,WEEK_OF_YEAR=12,WEEK_OF_MONTH=4,DAY_OF_MONTH=21,DAY_OF_YEAR=80,DAY_OF_WEEK=4,DAY_OF_WEEK_IN_MONTH=3,AM_PM=0,HOUR=4,HOUR_OF_DAY=4,MINUTE=26,SECOND=48,MILLISECOND=146,ZONE_OFFSET=0,DST_OFFSET=0], message=null}
04:26:48.149 [main] DEBUG org.hibernate.SQL - insert into LogEntries (logCode, message, primaryUser, secondaryUser, time, id) values (?, ?, ?, ?, ?, ?)
Hibernate: insert into LogEntries (logCode, message, primaryUser, secondaryUser, time, id) values (?, ?, ?, ?, ?, ?)
04:26:48.158 [main] DEBUG o.h.e.j.internal.JdbcCoordinatorImpl - HHH000420: Closing un-released batch
04:26:48.158 [main] DEBUG o.h.e.t.internal.TransactionImpl - begin
04:26:48.158 [main] DEBUG org.hibernate.SQL - select next_val as id_val from hibernate_sequence for update
Hibernate: select next_val as id_val from hibernate_sequence for update
04:26:48.159 [main] DEBUG org.hibernate.SQL - update hibernate_sequence set next_val= ? where next_val=?
Hibernate: update hibernate_sequence set next_val= ? where next_val=?
04:26:48.160 [main] DEBUG o.h.e.i.AbstractSaveEventListener - Generated identifier: 95, using strategy: org.hibernate.id.enhanced.SequenceStyleGenerator
04:26:48.160 [main] DEBUG o.h.e.t.internal.TransactionImpl - committing
04:26:48.160 [main] DEBUG o.h.e.i.AbstractFlushingEventListener - Processing flush-time cascades
04:26:48.160 [main] DEBUG o.h.e.i.AbstractFlushingEventListener - Dirty checking collections
04:26:48.160 [main] DEBUG o.h.e.i.AbstractFlushingEventListener - Flushed: 1 insertions, 0 updates, 0 deletions to 1 objects
04:26:48.160 [main] DEBUG o.h.e.i.AbstractFlushingEventListener - Flushed: 0 (re)creations, 0 updates, 0 removals to 0 collections
04:26:48.160 [main] DEBUG o.h.internal.util.EntityPrinter - Listing entities:
04:26:48.160 [main] DEBUG o.h.internal.util.EntityPrinter - edu.ncsu.csc.itrust2.models.persistent.LogEntry{secondaryUser=null, logCode=5, primaryUser=logapitest, id=95, time=java.util.GregorianCalendar[time=1521606408158,areFieldsSet=true,areAllFieldsSet=true,lenient=true,zone=sun.util.calendar.ZoneInfo[id="Etc/UTC",offset=0,dstSavings=0,useDaylight=false,transitions=0,lastRule=null],firstDayOfWeek=1,minimalDaysInFirstWeek=1,ERA=1,YEAR=2018,MONTH=2,WEEK_OF_YEAR=12,WEEK_OF_MONTH=4,DAY_OF_MONTH=21,DAY_OF_YEAR=80,DAY_OF_WEEK=4,DAY_OF_WEEK_IN_MONTH=3,AM_PM=0,HOUR=4,HOUR_OF_DAY=4,MINUTE=26,SECOND=48,MILLISECOND=158,ZONE_OFFSET=0,DST_OFFSET=0], message=null}
04:26:48.161 [main] DEBUG org.hibernate.SQL - insert into LogEntries (logCode, message, primaryUser, secondaryUser, time, id) values (?, ?, ?, ?, ?, ?)
Hibernate: insert into LogEntries (logCode, message, primaryUser, secondaryUser, time, id) values (?, ?, ?, ?, ?, ?)
04:26:48.162 [main] DEBUG o.h.e.j.internal.JdbcCoordinatorImpl - HHH000420: Closing un-released batch
04:26:48.163 [main] DEBUG o.h.e.t.internal.TransactionImpl - begin
04:26:48.163 [main] DEBUG org.hibernate.SQL - select next_val as id_val from hibernate_sequence for update
Hibernate: select next_val as id_val from hibernate_sequence for update
04:26:48.163 [main] DEBUG org.hibernate.SQL - update hibernate_sequence set next_val= ? where next_val=?
Hibernate: update hibernate_sequence set next_val= ? where next_val=?
04:26:48.164 [main] DEBUG o.h.e.i.AbstractSaveEventListener - Generated identifier: 96, using strategy: org.hibernate.id.enhanced.SequenceStyleGenerator
04:26:48.164 [main] DEBUG o.h.e.t.internal.TransactionImpl - committing
04:26:48.164 [main] DEBUG o.h.e.i.AbstractFlushingEventListener - Processing flush-time cascades
04:26:48.164 [main] DEBUG o.h.e.i.AbstractFlushingEventListener - Dirty checking collections
04:26:48.165 [main] DEBUG o.h.e.i.AbstractFlushingEventListener - Flushed: 1 insertions, 0 updates, 0 deletions to 1 objects
04:26:48.165 [main] DEBUG o.h.e.i.AbstractFlushingEventListener - Flushed: 0 (re)creations, 0 updates, 0 removals to 0 collections
04:26:48.165 [main] DEBUG o.h.internal.util.EntityPrinter - Listing entities:
04:26:48.165 [main] DEBUG o.h.internal.util.EntityPrinter - edu.ncsu.csc.itrust2.models.persistent.LogEntry{secondaryUser=null, logCode=5, primaryUser=logapitest, id=96, time=java.util.GregorianCalendar[time=1521606408162,areFieldsSet=true,areAllFieldsSet=true,lenient=true,zone=sun.util.calendar.ZoneInfo[id="Etc/UTC",offset=0,dstSavings=0,useDaylight=false,transitions=0,lastRule=null],firstDayOfWeek=1,minimalDaysInFirstWeek=1,ERA=1,YEAR=2018,MONTH=2,WEEK_OF_YEAR=12,WEEK_OF_MONTH=4,DAY_OF_MONTH=21,DAY_OF_YEAR=80,DAY_OF_WEEK=4,DAY_OF_WEEK_IN_MONTH=3,AM_PM=0,HOUR=4,HOUR_OF_DAY=4,MINUTE=26,SECOND=48,MILLISECOND=162,ZONE_OFFSET=0,DST_OFFSET=0], message=null}
04:26:48.165 [main] DEBUG org.hibernate.SQL - insert into LogEntries (logCode, message, primaryUser, secondaryUser, time, id) values (?, ?, ?, ?, ?, ?)
Hibernate: insert into LogEntries (logCode, message, primaryUser, secondaryUser, time, id) values (?, ?, ?, ?, ?, ?)
04:26:48.167 [main] DEBUG o.h.e.j.internal.JdbcCoordinatorImpl - HHH000420: Closing un-released batch
04:26:48.167 [main] DEBUG o.h.e.t.internal.TransactionImpl - begin
04:26:48.168 [main] DEBUG org.hibernate.SQL - select next_val as id_val from hibernate_sequence for update
Hibernate: select next_val as id_val from hibernate_sequence for update
04:26:48.168 [main] DEBUG org.hibernate.SQL - update hibernate_sequence set next_val= ? where next_val=?
Hibernate: update hibernate_sequence set next_val= ? where next_val=?
04:26:48.174 [main] DEBUG o.h.e.i.AbstractSaveEventListener - Generated identifier: 97, using strategy: org.hibernate.id.enhanced.SequenceStyleGenerator
04:26:48.174 [main] DEBUG o.h.e.t.internal.TransactionImpl - committing
04:26:48.174 [main] DEBUG o.h.e.i.AbstractFlushingEventListener - Processing flush-time cascades
04:26:48.174 [main] DEBUG o.h.e.i.AbstractFlushingEventListener - Dirty checking collections
04:26:48.174 [main] DEBUG o.h.e.i.AbstractFlushingEventListener - Flushed: 1 insertions, 0 updates, 0 deletions to 1 objects
04:26:48.174 [main] DEBUG o.h.e.i.AbstractFlushingEventListener - Flushed: 0 (re)creations, 0 updates, 0 removals to 0 collections
04:26:48.174 [main] DEBUG o.h.internal.util.EntityPrinter - Listing entities:
04:26:48.175 [main] DEBUG o.h.internal.util.EntityPrinter - edu.ncsu.csc.itrust2.models.persistent.LogEntry{secondaryUser=null, logCode=5, primaryUser=logapitest, id=97, time=java.util.GregorianCalendar[time=1521606408167,areFieldsSet=true,areAllFieldsSet=true,lenient=true,zone=sun.util.calendar.ZoneInfo[id="Etc/UTC",offset=0,dstSavings=0,useDaylight=false,transitions=0,lastRule=null],firstDayOfWeek=1,minimalDaysInFirstWeek=1,ERA=1,YEAR=2018,MONTH=2,WEEK_OF_YEAR=12,WEEK_OF_MONTH=4,DAY_OF_MONTH=21,DAY_OF_YEAR=80,DAY_OF_WEEK=4,DAY_OF_WEEK_IN_MONTH=3,AM_PM=0,HOUR=4,HOUR_OF_DAY=4,MINUTE=26,SECOND=48,MILLISECOND=167,ZONE_OFFSET=0,DST_OFFSET=0], message=null}
04:26:48.175 [main] DEBUG org.hibernate.SQL - insert into LogEntries (logCode, message, primaryUser, secondaryUser, time, id) values (?, ?, ?, ?, ?, ?)
Hibernate: insert into LogEntries (logCode, message, primaryUser, secondaryUser, time, id) values (?, ?, ?, ?, ?, ?)
04:26:48.177 [main] DEBUG o.h.e.j.internal.JdbcCoordinatorImpl - HHH000420: Closing un-released batch
04:26:48.177 [main] DEBUG o.h.e.t.internal.TransactionImpl - begin
04:26:48.178 [main] DEBUG org.hibernate.SQL - select next_val as id_val from hibernate_sequence for update
Hibernate: select next_val as id_val from hibernate_sequence for update
04:26:48.178 [main] DEBUG org.hibernate.SQL - update hibernate_sequence set next_val= ? where next_val=?
Hibernate: update hibernate_sequence set next_val= ? where next_val=?
04:26:48.181 [main] DEBUG o.h.e.i.AbstractSaveEventListener - Generated identifier: 98, using strategy: org.hibernate.id.enhanced.SequenceStyleGenerator
04:26:48.181 [main] DEBUG o.h.e.t.internal.TransactionImpl - committing
04:26:48.182 [main] DEBUG o.h.e.i.AbstractFlushingEventListener - Processing flush-time cascades
04:26:48.182 [main] DEBUG o.h.e.i.AbstractFlushingEventListener - Dirty checking collections
04:26:48.182 [main] DEBUG o.h.e.i.AbstractFlushingEventListener - Flushed: 1 insertions, 0 updates, 0 deletions to 1 objects
04:26:48.182 [main] DEBUG o.h.e.i.AbstractFlushingEventListener - Flushed: 0 (re)creations, 0 updates, 0 removals to 0 collections
04:26:48.182 [main] DEBUG o.h.internal.util.EntityPrinter - Listing entities:
04:26:48.182 [main] DEBUG o.h.internal.util.EntityPrinter - edu.ncsu.csc.itrust2.models.persistent.LogEntry{secondaryUser=null, logCode=5, primaryUser=logapitest, id=98, time=java.util.GregorianCalendar[time=1521606408177,areFieldsSet=true,areAllFieldsSet=true,lenient=true,zone=sun.util.calendar.ZoneInfo[id="Etc/UTC",offset=0,dstSavings=0,useDaylight=false,transitions=0,lastRule=null],firstDayOfWeek=1,minimalDaysInFirstWeek=1,ERA=1,YEAR=2018,MONTH=2,WEEK_OF_YEAR=12,WEEK_OF_MONTH=4,DAY_OF_MONTH=21,DAY_OF_YEAR=80,DAY_OF_WEEK=4,DAY_OF_WEEK_IN_MONTH=3,AM_PM=0,HOUR=4,HOUR_OF_DAY=4,MINUTE=26,SECOND=48,MILLISECOND=177,ZONE_OFFSET=0,DST_OFFSET=0], message=null}
04:26:48.183 [main] DEBUG org.hibernate.SQL - insert into LogEntries (logCode, message, primaryUser, secondaryUser, time, id) values (?, ?, ?, ?, ?, ?)
Hibernate: insert into LogEntries (logCode, message, primaryUser, secondaryUser, time, id) values (?, ?, ?, ?, ?, ?)
04:26:48.190 [main] DEBUG o.h.e.j.internal.JdbcCoordinatorImpl - HHH000420: Closing un-released batch
04:26:48.190 [main] DEBUG o.h.e.t.internal.TransactionImpl - begin
04:26:48.191 [main] DEBUG org.hibernate.SQL - select next_val as id_val from hibernate_sequence for update
Hibernate: select next_val as id_val from hibernate_sequence for update
04:26:48.192 [main] DEBUG org.hibernate.SQL - update hibernate_sequence set next_val= ? where next_val=?
Hibernate: update hibernate_sequence set next_val= ? where next_val=?
04:26:48.194 [main] DEBUG o.h.e.i.AbstractSaveEventListener - Generated identifier: 99, using strategy: org.hibernate.id.enhanced.SequenceStyleGenerator
04:26:48.194 [main] DEBUG o.h.e.t.internal.TransactionImpl - committing
04:26:48.194 [main] DEBUG o.h.e.i.AbstractFlushingEventListener - Processing flush-time cascades
04:26:48.194 [main] DEBUG o.h.e.i.AbstractFlushingEventListener - Dirty checking collections
04:26:48.194 [main] DEBUG o.h.e.i.AbstractFlushingEventListener - Flushed: 1 insertions, 0 updates, 0 deletions to 1 objects
04:26:48.194 [main] DEBUG o.h.e.i.AbstractFlushingEventListener - Flushed: 0 (re)creations, 0 updates, 0 removals to 0 collections
04:26:48.194 [main] DEBUG o.h.internal.util.EntityPrinter - Listing entities:
04:26:48.194 [main] DEBUG o.h.internal.util.EntityPrinter - edu.ncsu.csc.itrust2.models.persistent.LogEntry{secondaryUser=null, logCode=5, primaryUser=logapitest, id=99, time=java.util.GregorianCalendar[time=1521606408190,areFieldsSet=true,areAllFieldsSet=true,lenient=true,zone=sun.util.calendar.ZoneInfo[id="Etc/UTC",offset=0,dstSavings=0,useDaylight=false,transitions=0,lastRule=null],firstDayOfWeek=1,minimalDaysInFirstWeek=1,ERA=1,YEAR=2018,MONTH=2,WEEK_OF_YEAR=12,WEEK_OF_MONTH=4,DAY_OF_MONTH=21,DAY_OF_YEAR=80,DAY_OF_WEEK=4,DAY_OF_WEEK_IN_MONTH=3,AM_PM=0,HOUR=4,HOUR_OF_DAY=4,MINUTE=26,SECOND=48,MILLISECOND=190,ZONE_OFFSET=0,DST_OFFSET=0], message=null}
04:26:48.196 [main] DEBUG org.hibernate.SQL - insert into LogEntries (logCode, message, primaryUser, secondaryUser, time, id) values (?, ?, ?, ?, ?, ?)
Hibernate: insert into LogEntries (logCode, message, primaryUser, secondaryUser, time, id) values (?, ?, ?, ?, ?, ?)
04:26:48.198 [main] DEBUG o.h.e.j.internal.JdbcCoordinatorImpl - HHH000420: Closing un-released batch
04:26:48.198 [main] DEBUG o.h.e.t.internal.TransactionImpl - begin
04:26:48.199 [main] DEBUG org.hibernate.SQL - select next_val as id_val from hibernate_sequence for update
Hibernate: select next_val as id_val from hibernate_sequence for update
04:26:48.199 [main] DEBUG org.hibernate.SQL - update hibernate_sequence set next_val= ? where next_val=?
Hibernate: update hibernate_sequence set next_val= ? where next_val=?
04:26:48.200 [main] DEBUG o.h.e.i.AbstractSaveEventListener - Generated identifier: 100, using strategy: org.hibernate.id.enhanced.SequenceStyleGenerator
04:26:48.201 [main] DEBUG o.h.e.t.internal.TransactionImpl - committing
04:26:48.201 [main] DEBUG o.h.e.i.AbstractFlushingEventListener - Processing flush-time cascades
04:26:48.201 [main] DEBUG o.h.e.i.AbstractFlushingEventListener - Dirty checking collections
04:26:48.201 [main] DEBUG o.h.e.i.AbstractFlushingEventListener - Flushed: 1 insertions, 0 updates, 0 deletions to 1 objects
04:26:48.201 [main] DEBUG o.h.e.i.AbstractFlushingEventListener - Flushed: 0 (re)creations, 0 updates, 0 removals to 0 collections
04:26:48.201 [main] DEBUG o.h.internal.util.EntityPrinter - Listing entities:
04:26:48.202 [main] DEBUG o.h.internal.util.EntityPrinter - edu.ncsu.csc.itrust2.models.persistent.LogEntry{secondaryUser=null, logCode=5, primaryUser=logapitest, id=100, time=java.util.GregorianCalendar[time=1521606408198,areFieldsSet=true,areAllFieldsSet=true,lenient=true,zone=sun.util.calendar.ZoneInfo[id="Etc/UTC",offset=0,dstSavings=0,useDaylight=false,transitions=0,lastRule=null],firstDayOfWeek=1,minimalDaysInFirstWeek=1,ERA=1,YEAR=2018,MONTH=2,WEEK_OF_YEAR=12,WEEK_OF_MONTH=4,DAY_OF_MONTH=21,DAY_OF_YEAR=80,DAY_OF_WEEK=4,DAY_OF_WEEK_IN_MONTH=3,AM_PM=0,HOUR=4,HOUR_OF_DAY=4,MINUTE=26,SECOND=48,MILLISECOND=198,ZONE_OFFSET=0,DST_OFFSET=0], message=null}
04:26:48.202 [main] DEBUG org.hibernate.SQL - insert into LogEntries (logCode, message, primaryUser, secondaryUser, time, id) values (?, ?, ?, ?, ?, ?)
Hibernate: insert into LogEntries (logCode, message, primaryUser, secondaryUser, time, id) values (?, ?, ?, ?, ?, ?)
04:26:48.213 [main] DEBUG o.h.e.j.internal.JdbcCoordinatorImpl - HHH000420: Closing un-released batch
04:26:48.214 [main] DEBUG o.h.e.t.internal.TransactionImpl - begin
04:26:48.214 [main] DEBUG org.hibernate.SQL - select next_val as id_val from hibernate_sequence for update
Hibernate: select next_val as id_val from hibernate_sequence for update
04:26:48.214 [main] DEBUG org.hibernate.SQL - update hibernate_sequence set next_val= ? where next_val=?
Hibernate: update hibernate_sequence set next_val= ? where next_val=?
04:26:48.216 [main] DEBUG o.h.e.i.AbstractSaveEventListener - Generated identifier: 101, using strategy: org.hibernate.id.enhanced.SequenceStyleGenerator
04:26:48.216 [main] DEBUG o.h.e.t.internal.TransactionImpl - committing
04:26:48.216 [main] DEBUG o.h.e.i.AbstractFlushingEventListener - Processing flush-time cascades
04:26:48.216 [main] DEBUG o.h.e.i.AbstractFlushingEventListener - Dirty checking collections
04:26:48.216 [main] DEBUG o.h.e.i.AbstractFlushingEventListener - Flushed: 1 insertions, 0 updates, 0 deletions to 1 objects
04:26:48.216 [main] DEBUG o.h.e.i.AbstractFlushingEventListener - Flushed: 0 (re)creations, 0 updates, 0 removals to 0 collections
04:26:48.216 [main] DEBUG o.h.internal.util.EntityPrinter - Listing entities:
04:26:48.216 [main] DEBUG o.h.internal.util.EntityPrinter - edu.ncsu.csc.itrust2.models.persistent.LogEntry{secondaryUser=null, logCode=5, primaryUser=logapitest, id=101, time=java.util.GregorianCalendar[time=1521606408213,areFieldsSet=true,areAllFieldsSet=true,lenient=true,zone=sun.util.calendar.ZoneInfo[id="Etc/UTC",offset=0,dstSavings=0,useDaylight=false,transitions=0,lastRule=null],firstDayOfWeek=1,minimalDaysInFirstWeek=1,ERA=1,YEAR=2018,MONTH=2,WEEK_OF_YEAR=12,WEEK_OF_MONTH=4,DAY_OF_MONTH=21,DAY_OF_YEAR=80,DAY_OF_WEEK=4,DAY_OF_WEEK_IN_MONTH=3,AM_PM=0,HOUR=4,HOUR_OF_DAY=4,MINUTE=26,SECOND=48,MILLISECOND=213,ZONE_OFFSET=0,DST_OFFSET=0], message=null}
04:26:48.217 [main] DEBUG org.hibernate.SQL - insert into LogEntries (logCode, message, primaryUser, secondaryUser, time, id) values (?, ?, ?, ?, ?, ?)
Hibernate: insert into LogEntries (logCode, message, primaryUser, secondaryUser, time, id) values (?, ?, ?, ?, ?, ?)
04:26:48.218 [main] DEBUG o.h.e.j.internal.JdbcCoordinatorImpl - HHH000420: Closing un-released batch
04:26:48.219 [main] DEBUG o.h.e.t.internal.TransactionImpl - begin
04:26:48.219 [main] DEBUG org.hibernate.SQL - select next_val as id_val from hibernate_sequence for update
Hibernate: select next_val as id_val from hibernate_sequence for update
04:26:48.220 [main] DEBUG org.hibernate.SQL - update hibernate_sequence set next_val= ? where next_val=?
Hibernate: update hibernate_sequence set next_val= ? where next_val=?
04:26:48.220 [main] DEBUG o.h.e.i.AbstractSaveEventListener - Generated identifier: 102, using strategy: org.hibernate.id.enhanced.SequenceStyleGenerator
04:26:48.221 [main] DEBUG o.h.e.t.internal.TransactionImpl - committing
04:26:48.221 [main] DEBUG o.h.e.i.AbstractFlushingEventListener - Processing flush-time cascades
04:26:48.221 [main] DEBUG o.h.e.i.AbstractFlushingEventListener - Dirty checking collections
04:26:48.221 [main] DEBUG o.h.e.i.AbstractFlushingEventListener - Flushed: 1 insertions, 0 updates, 0 deletions to 1 objects
04:26:48.221 [main] DEBUG o.h.e.i.AbstractFlushingEventListener - Flushed: 0 (re)creations, 0 updates, 0 removals to 0 collections
04:26:48.221 [main] DEBUG o.h.internal.util.EntityPrinter - Listing entities:
04:26:48.221 [main] DEBUG o.h.internal.util.EntityPrinter - edu.ncsu.csc.itrust2.models.persistent.LogEntry{secondaryUser=null, logCode=5, primaryUser=logapitest, id=102, time=java.util.GregorianCalendar[time=1521606408219,areFieldsSet=true,areAllFieldsSet=true,lenient=true,zone=sun.util.calendar.ZoneInfo[id="Etc/UTC",offset=0,dstSavings=0,useDaylight=false,transitions=0,lastRule=null],firstDayOfWeek=1,minimalDaysInFirstWeek=1,ERA=1,YEAR=2018,MONTH=2,WEEK_OF_YEAR=12,WEEK_OF_MONTH=4,DAY_OF_MONTH=21,DAY_OF_YEAR=80,DAY_OF_WEEK=4,DAY_OF_WEEK_IN_MONTH=3,AM_PM=0,HOUR=4,HOUR_OF_DAY=4,MINUTE=26,SECOND=48,MILLISECOND=219,ZONE_OFFSET=0,DST_OFFSET=0], message=null}
04:26:48.222 [main] DEBUG org.hibernate.SQL - insert into LogEntries (logCode, message, primaryUser, secondaryUser, time, id) values (?, ?, ?, ?, ?, ?)
Hibernate: insert into LogEntries (logCode, message, primaryUser, secondaryUser, time, id) values (?, ?, ?, ?, ?, ?)
04:26:48.230 [main] DEBUG o.h.e.j.internal.JdbcCoordinatorImpl - HHH000420: Closing un-released batch
04:26:48.230 [main] DEBUG o.h.e.t.internal.TransactionImpl - begin
04:26:48.231 [main] DEBUG org.hibernate.SQL - select next_val as id_val from hibernate_sequence for update
Hibernate: select next_val as id_val from hibernate_sequence for update
04:26:48.242 [main] DEBUG org.hibernate.SQL - update hibernate_sequence set next_val= ? where next_val=?
Hibernate: update hibernate_sequence set next_val= ? where next_val=?
04:26:48.243 [main] DEBUG o.h.e.i.AbstractSaveEventListener - Generated identifier: 103, using strategy: org.hibernate.id.enhanced.SequenceStyleGenerator
04:26:48.243 [main] DEBUG o.h.e.t.internal.TransactionImpl - committing
04:26:48.243 [main] DEBUG o.h.e.i.AbstractFlushingEventListener - Processing flush-time cascades
04:26:48.243 [main] DEBUG o.h.e.i.AbstractFlushingEventListener - Dirty checking collections
04:26:48.243 [main] DEBUG o.h.e.i.AbstractFlushingEventListener - Flushed: 1 insertions, 0 updates, 0 deletions to 1 objects
04:26:48.243 [main] DEBUG o.h.e.i.AbstractFlushingEventListener - Flushed: 0 (re)creations, 0 updates, 0 removals to 0 collections
04:26:48.243 [main] DEBUG o.h.internal.util.EntityPrinter - Listing entities:
04:26:48.243 [main] DEBUG o.h.internal.util.EntityPrinter - edu.ncsu.csc.itrust2.models.persistent.LogEntry{secondaryUser=null, logCode=5, primaryUser=logapitest, id=103, time=java.util.GregorianCalendar[time=1521606408230,areFieldsSet=true,areAllFieldsSet=true,lenient=true,zone=sun.util.calendar.ZoneInfo[id="Etc/UTC",offset=0,dstSavings=0,useDaylight=false,transitions=0,lastRule=null],firstDayOfWeek=1,minimalDaysInFirstWeek=1,ERA=1,YEAR=2018,MONTH=2,WEEK_OF_YEAR=12,WEEK_OF_MONTH=4,DAY_OF_MONTH=21,DAY_OF_YEAR=80,DAY_OF_WEEK=4,DAY_OF_WEEK_IN_MONTH=3,AM_PM=0,HOUR=4,HOUR_OF_DAY=4,MINUTE=26,SECOND=48,MILLISECOND=230,ZONE_OFFSET=0,DST_OFFSET=0], message=null}
04:26:48.244 [main] DEBUG org.hibernate.SQL - insert into LogEntries (logCode, message, primaryUser, secondaryUser, time, id) values (?, ?, ?, ?, ?, ?)
Hibernate: insert into LogEntries (logCode, message, primaryUser, secondaryUser, time, id) values (?, ?, ?, ?, ?, ?)
04:26:48.245 [main] DEBUG o.h.e.j.internal.JdbcCoordinatorImpl - HHH000420: Closing un-released batch
04:26:48.246 [main] DEBUG o.h.e.t.internal.TransactionImpl - begin
04:26:48.246 [main] DEBUG org.hibernate.SQL - select next_val as id_val from hibernate_sequence for update
Hibernate: select next_val as id_val from hibernate_sequence for update
04:26:48.247 [main] DEBUG org.hibernate.SQL - update hibernate_sequence set next_val= ? where next_val=?
Hibernate: update hibernate_sequence set next_val= ? where next_val=?
04:26:48.247 [main] DEBUG o.h.e.i.AbstractSaveEventListener - Generated identifier: 104, using strategy: org.hibernate.id.enhanced.SequenceStyleGenerator
04:26:48.248 [main] DEBUG o.h.e.t.internal.TransactionImpl - committing
04:26:48.248 [main] DEBUG o.h.e.i.AbstractFlushingEventListener - Processing flush-time cascades
04:26:48.248 [main] DEBUG o.h.e.i.AbstractFlushingEventListener - Dirty checking collections
04:26:48.248 [main] DEBUG o.h.e.i.AbstractFlushingEventListener - Flushed: 1 insertions, 0 updates, 0 deletions to 1 objects
04:26:48.248 [main] DEBUG o.h.e.i.AbstractFlushingEventListener - Flushed: 0 (re)creations, 0 updates, 0 removals to 0 collections
04:26:48.248 [main] DEBUG o.h.internal.util.EntityPrinter - Listing entities:
04:26:48.248 [main] DEBUG o.h.internal.util.EntityPrinter - edu.ncsu.csc.itrust2.models.persistent.LogEntry{secondaryUser=null, logCode=5, primaryUser=logapitest, id=104, time=java.util.GregorianCalendar[time=1521606408246,areFieldsSet=true,areAllFieldsSet=true,lenient=true,zone=sun.util.calendar.ZoneInfo[id="Etc/UTC",offset=0,dstSavings=0,useDaylight=false,transitions=0,lastRule=null],firstDayOfWeek=1,minimalDaysInFirstWeek=1,ERA=1,YEAR=2018,MONTH=2,WEEK_OF_YEAR=12,WEEK_OF_MONTH=4,DAY_OF_MONTH=21,DAY_OF_YEAR=80,DAY_OF_WEEK=4,DAY_OF_WEEK_IN_MONTH=3,AM_PM=0,HOUR=4,HOUR_OF_DAY=4,MINUTE=26,SECOND=48,MILLISECOND=246,ZONE_OFFSET=0,DST_OFFSET=0], message=null}
04:26:48.249 [main] DEBUG org.hibernate.SQL - insert into LogEntries (logCode, message, primaryUser, secondaryUser, time, id) values (?, ?, ?, ?, ?, ?)
Hibernate: insert into LogEntries (logCode, message, primaryUser, secondaryUser, time, id) values (?, ?, ?, ?, ?, ?)
04:26:48.250 [main] DEBUG o.h.e.j.internal.JdbcCoordinatorImpl - HHH000420: Closing un-released batch
04:26:48.251 [main] DEBUG o.h.e.t.internal.TransactionImpl - begin
04:26:48.257 [main] DEBUG org.hibernate.SQL - select next_val as id_val from hibernate_sequence for update
Hibernate: select next_val as id_val from hibernate_sequence for update
04:26:48.258 [main] DEBUG org.hibernate.SQL - update hibernate_sequence set next_val= ? where next_val=?
Hibernate: update hibernate_sequence set next_val= ? where next_val=?
04:26:48.260 [main] DEBUG o.h.e.i.AbstractSaveEventListener - Generated identifier: 105, using strategy: org.hibernate.id.enhanced.SequenceStyleGenerator
04:26:48.260 [main] DEBUG o.h.e.t.internal.TransactionImpl - committing
04:26:48.260 [main] DEBUG o.h.e.i.AbstractFlushingEventListener - Processing flush-time cascades
04:26:48.260 [main] DEBUG o.h.e.i.AbstractFlushingEventListener - Dirty checking collections
04:26:48.260 [main] DEBUG o.h.e.i.AbstractFlushingEventListener - Flushed: 1 insertions, 0 updates, 0 deletions to 1 objects
04:26:48.260 [main] DEBUG o.h.e.i.AbstractFlushingEventListener - Flushed: 0 (re)creations, 0 updates, 0 removals to 0 collections
04:26:48.260 [main] DEBUG o.h.internal.util.EntityPrinter - Listing entities:
04:26:48.260 [main] DEBUG o.h.internal.util.EntityPrinter - edu.ncsu.csc.itrust2.models.persistent.LogEntry{secondaryUser=null, logCode=5, primaryUser=logapitest, id=105, time=java.util.GregorianCalendar[time=1521606408250,areFieldsSet=true,areAllFieldsSet=true,lenient=true,zone=sun.util.calendar.ZoneInfo[id="Etc/UTC",offset=0,dstSavings=0,useDaylight=false,transitions=0,lastRule=null],firstDayOfWeek=1,minimalDaysInFirstWeek=1,ERA=1,YEAR=2018,MONTH=2,WEEK_OF_YEAR=12,WEEK_OF_MONTH=4,DAY_OF_MONTH=21,DAY_OF_YEAR=80,DAY_OF_WEEK=4,DAY_OF_WEEK_IN_MONTH=3,AM_PM=0,HOUR=4,HOUR_OF_DAY=4,MINUTE=26,SECOND=48,MILLISECOND=250,ZONE_OFFSET=0,DST_OFFSET=0], message=null}
04:26:48.261 [main] DEBUG org.hibernate.SQL - insert into LogEntries (logCode, message, primaryUser, secondaryUser, time, id) values (?, ?, ?, ?, ?, ?)
Hibernate: insert into LogEntries (logCode, message, primaryUser, secondaryUser, time, id) values (?, ?, ?, ?, ?, ?)
04:26:48.263 [main] DEBUG o.h.e.j.internal.JdbcCoordinatorImpl - HHH000420: Closing un-released batch
04:26:48.263 [main] DEBUG o.h.e.t.internal.TransactionImpl - begin
04:26:48.264 [main] DEBUG org.hibernate.SQL - select next_val as id_val from hibernate_sequence for update
Hibernate: select next_val as id_val from hibernate_sequence for update
04:26:48.264 [main] DEBUG org.hibernate.SQL - update hibernate_sequence set next_val= ? where next_val=?
Hibernate: update hibernate_sequence set next_val= ? where next_val=?
04:26:48.266 [main] DEBUG o.h.e.i.AbstractSaveEventListener - Generated identifier: 106, using strategy: org.hibernate.id.enhanced.SequenceStyleGenerator
04:26:48.266 [main] DEBUG o.h.e.t.internal.TransactionImpl - committing
04:26:48.266 [main] DEBUG o.h.e.i.AbstractFlushingEventListener - Processing flush-time cascades
04:26:48.266 [main] DEBUG o.h.e.i.AbstractFlushingEventListener - Dirty checking collections
04:26:48.266 [main] DEBUG o.h.e.i.AbstractFlushingEventListener - Flushed: 1 insertions, 0 updates, 0 deletions to 1 objects
04:26:48.266 [main] DEBUG o.h.e.i.AbstractFlushingEventListener - Flushed: 0 (re)creations, 0 updates, 0 removals to 0 collections
04:26:48.266 [main] DEBUG o.h.internal.util.EntityPrinter - Listing entities:
04:26:48.266 [main] DEBUG o.h.internal.util.EntityPrinter - edu.ncsu.csc.itrust2.models.persistent.LogEntry{secondaryUser=null, logCode=5, primaryUser=logapitest, id=106, time=java.util.GregorianCalendar[time=1521606408263,areFieldsSet=true,areAllFieldsSet=true,lenient=true,zone=sun.util.calendar.ZoneInfo[id="Etc/UTC",offset=0,dstSavings=0,useDaylight=false,transitions=0,lastRule=null],firstDayOfWeek=1,minimalDaysInFirstWeek=1,ERA=1,YEAR=2018,MONTH=2,WEEK_OF_YEAR=12,WEEK_OF_MONTH=4,DAY_OF_MONTH=21,DAY_OF_YEAR=80,DAY_OF_WEEK=4,DAY_OF_WEEK_IN_MONTH=3,AM_PM=0,HOUR=4,HOUR_OF_DAY=4,MINUTE=26,SECOND=48,MILLISECOND=263,ZONE_OFFSET=0,DST_OFFSET=0], message=null}
04:26:48.267 [main] DEBUG org.hibernate.SQL - insert into LogEntries (logCode, message, primaryUser, secondaryUser, time, id) values (?, ?, ?, ?, ?, ?)
Hibernate: insert into LogEntries (logCode, message, primaryUser, secondaryUser, time, id) values (?, ?, ?, ?, ?, ?)
04:26:48.274 [main] DEBUG o.h.e.j.internal.JdbcCoordinatorImpl - HHH000420: Closing un-released batch
04:26:48.274 [main] DEBUG o.h.e.t.internal.TransactionImpl - begin
04:26:48.275 [main] DEBUG org.hibernate.SQL - select next_val as id_val from hibernate_sequence for update
Hibernate: select next_val as id_val from hibernate_sequence for update
04:26:48.275 [main] DEBUG org.hibernate.SQL - update hibernate_sequence set next_val= ? where next_val=?
Hibernate: update hibernate_sequence set next_val= ? where next_val=?
04:26:48.276 [main] DEBUG o.h.e.i.AbstractSaveEventListener - Generated identifier: 107, using strategy: org.hibernate.id.enhanced.SequenceStyleGenerator
04:26:48.276 [main] DEBUG o.h.e.t.internal.TransactionImpl - committing
04:26:48.276 [main] DEBUG o.h.e.i.AbstractFlushingEventListener - Processing flush-time cascades
04:26:48.276 [main] DEBUG o.h.e.i.AbstractFlushingEventListener - Dirty checking collections
04:26:48.277 [main] DEBUG o.h.e.i.AbstractFlushingEventListener - Flushed: 1 insertions, 0 updates, 0 deletions to 1 objects
04:26:48.277 [main] DEBUG o.h.e.i.AbstractFlushingEventListener - Flushed: 0 (re)creations, 0 updates, 0 removals to 0 collections
04:26:48.277 [main] DEBUG o.h.internal.util.EntityPrinter - Listing entities:
04:26:48.277 [main] DEBUG o.h.internal.util.EntityPrinter - edu.ncsu.csc.itrust2.models.persistent.LogEntry{secondaryUser=null, logCode=5, primaryUser=logapitest, id=107, time=java.util.GregorianCalendar[time=1521606408274,areFieldsSet=true,areAllFieldsSet=true,lenient=true,zone=sun.util.calendar.ZoneInfo[id="Etc/UTC",offset=0,dstSavings=0,useDaylight=false,transitions=0,lastRule=null],firstDayOfWeek=1,minimalDaysInFirstWeek=1,ERA=1,YEAR=2018,MONTH=2,WEEK_OF_YEAR=12,WEEK_OF_MONTH=4,DAY_OF_MONTH=21,DAY_OF_YEAR=80,DAY_OF_WEEK=4,DAY_OF_WEEK_IN_MONTH=3,AM_PM=0,HOUR=4,HOUR_OF_DAY=4,MINUTE=26,SECOND=48,MILLISECOND=274,ZONE_OFFSET=0,DST_OFFSET=0], message=null}
04:26:48.277 [main] DEBUG org.hibernate.SQL - insert into LogEntries (logCode, message, primaryUser, secondaryUser, time, id) values (?, ?, ?, ?, ?, ?)
Hibernate: insert into LogEntries (logCode, message, primaryUser, secondaryUser, time, id) values (?, ?, ?, ?, ?, ?)
04:26:48.279 [main] DEBUG o.h.e.j.internal.JdbcCoordinatorImpl - HHH000420: Closing un-released batch
04:26:48.280 [main] DEBUG o.h.e.t.internal.TransactionImpl - begin
04:26:48.281 [main] DEBUG org.hibernate.SQL - select next_val as id_val from hibernate_sequence for update
Hibernate: select next_val as id_val from hibernate_sequence for update
04:26:48.281 [main] DEBUG org.hibernate.SQL - update hibernate_sequence set next_val= ? where next_val=?
Hibernate: update hibernate_sequence set next_val= ? where next_val=?
04:26:48.283 [main] DEBUG o.h.e.i.AbstractSaveEventListener - Generated identifier: 108, using strategy: org.hibernate.id.enhanced.SequenceStyleGenerator
04:26:48.283 [main] DEBUG o.h.e.t.internal.TransactionImpl - committing
04:26:48.284 [main] DEBUG o.h.e.i.AbstractFlushingEventListener - Processing flush-time cascades
04:26:48.284 [main] DEBUG o.h.e.i.AbstractFlushingEventListener - Dirty checking collections
04:26:48.284 [main] DEBUG o.h.e.i.AbstractFlushingEventListener - Flushed: 1 insertions, 0 updates, 0 deletions to 1 objects
04:26:48.284 [main] DEBUG o.h.e.i.AbstractFlushingEventListener - Flushed: 0 (re)creations, 0 updates, 0 removals to 0 collections
04:26:48.285 [main] DEBUG o.h.internal.util.EntityPrinter - Listing entities:
04:26:48.285 [main] DEBUG o.h.internal.util.EntityPrinter - edu.ncsu.csc.itrust2.models.persistent.LogEntry{secondaryUser=null, logCode=5, primaryUser=logapitest, id=108, time=java.util.GregorianCalendar[time=1521606408280,areFieldsSet=true,areAllFieldsSet=true,lenient=true,zone=sun.util.calendar.ZoneInfo[id="Etc/UTC",offset=0,dstSavings=0,useDaylight=false,transitions=0,lastRule=null],firstDayOfWeek=1,minimalDaysInFirstWeek=1,ERA=1,YEAR=2018,MONTH=2,WEEK_OF_YEAR=12,WEEK_OF_MONTH=4,DAY_OF_MONTH=21,DAY_OF_YEAR=80,DAY_OF_WEEK=4,DAY_OF_WEEK_IN_MONTH=3,AM_PM=0,HOUR=4,HOUR_OF_DAY=4,MINUTE=26,SECOND=48,MILLISECOND=280,ZONE_OFFSET=0,DST_OFFSET=0], message=null}
04:26:48.285 [main] DEBUG org.hibernate.SQL - insert into LogEntries (logCode, message, primaryUser, secondaryUser, time, id) values (?, ?, ?, ?, ?, ?)
Hibernate: insert into LogEntries (logCode, message, primaryUser, secondaryUser, time, id) values (?, ?, ?, ?, ?, ?)
04:26:48.295 [main] DEBUG o.h.e.j.internal.JdbcCoordinatorImpl - HHH000420: Closing un-released batch
04:26:48.295 [main] DEBUG o.h.e.t.internal.TransactionImpl - begin
04:26:48.296 [main] DEBUG org.hibernate.SQL - select next_val as id_val from hibernate_sequence for update
Hibernate: select next_val as id_val from hibernate_sequence for update
04:26:48.296 [main] DEBUG org.hibernate.SQL - update hibernate_sequence set next_val= ? where next_val=?
Hibernate: update hibernate_sequence set next_val= ? where next_val=?
04:26:48.298 [main] DEBUG o.h.e.i.AbstractSaveEventListener - Generated identifier: 109, using strategy: org.hibernate.id.enhanced.SequenceStyleGenerator
04:26:48.298 [main] DEBUG o.h.e.t.internal.TransactionImpl - committing
04:26:48.298 [main] DEBUG o.h.e.i.AbstractFlushingEventListener - Processing flush-time cascades
04:26:48.298 [main] DEBUG o.h.e.i.AbstractFlushingEventListener - Dirty checking collections
04:26:48.298 [main] DEBUG o.h.e.i.AbstractFlushingEventListener - Flushed: 1 insertions, 0 updates, 0 deletions to 1 objects
04:26:48.298 [main] DEBUG o.h.e.i.AbstractFlushingEventListener - Flushed: 0 (re)creations, 0 updates, 0 removals to 0 collections
04:26:48.298 [main] DEBUG o.h.internal.util.EntityPrinter - Listing entities:
04:26:48.298 [main] DEBUG o.h.internal.util.EntityPrinter - edu.ncsu.csc.itrust2.models.persistent.LogEntry{secondaryUser=null, logCode=5, primaryUser=logapitest, id=109, time=java.util.GregorianCalendar[time=1521606408295,areFieldsSet=true,areAllFieldsSet=true,lenient=true,zone=sun.util.calendar.ZoneInfo[id="Etc/UTC",offset=0,dstSavings=0,useDaylight=false,transitions=0,lastRule=null],firstDayOfWeek=1,minimalDaysInFirstWeek=1,ERA=1,YEAR=2018,MONTH=2,WEEK_OF_YEAR=12,WEEK_OF_MONTH=4,DAY_OF_MONTH=21,DAY_OF_YEAR=80,DAY_OF_WEEK=4,DAY_OF_WEEK_IN_MONTH=3,AM_PM=0,HOUR=4,HOUR_OF_DAY=4,MINUTE=26,SECOND=48,MILLISECOND=295,ZONE_OFFSET=0,DST_OFFSET=0], message=null}
04:26:48.299 [main] DEBUG org.hibernate.SQL - insert into LogEntries (logCode, message, primaryUser, secondaryUser, time, id) values (?, ?, ?, ?, ?, ?)
Hibernate: insert into LogEntries (logCode, message, primaryUser, secondaryUser, time, id) values (?, ?, ?, ?, ?, ?)
04:26:48.300 [main] DEBUG o.h.e.j.internal.JdbcCoordinatorImpl - HHH000420: Closing un-released batch
04:26:48.301 [main] DEBUG o.h.e.t.internal.TransactionImpl - begin
04:26:48.301 [main] DEBUG org.hibernate.SQL - select next_val as id_val from hibernate_sequence for update
Hibernate: select next_val as id_val from hibernate_sequence for update
04:26:48.302 [main] DEBUG org.hibernate.SQL - update hibernate_sequence set next_val= ? where next_val=?
Hibernate: update hibernate_sequence set next_val= ? where next_val=?
04:26:48.303 [main] DEBUG o.h.e.i.AbstractSaveEventListener - Generated identifier: 110, using strategy: org.hibernate.id.enhanced.SequenceStyleGenerator
04:26:48.303 [main] DEBUG o.h.e.t.internal.TransactionImpl - committing
04:26:48.303 [main] DEBUG o.h.e.i.AbstractFlushingEventListener - Processing flush-time cascades
04:26:48.303 [main] DEBUG o.h.e.i.AbstractFlushingEventListener - Dirty checking collections
04:26:48.303 [main] DEBUG o.h.e.i.AbstractFlushingEventListener - Flushed: 1 insertions, 0 updates, 0 deletions to 1 objects
04:26:48.303 [main] DEBUG o.h.e.i.AbstractFlushingEventListener - Flushed: 0 (re)creations, 0 updates, 0 removals to 0 collections
04:26:48.303 [main] DEBUG o.h.internal.util.EntityPrinter - Listing entities:
04:26:48.304 [main] DEBUG o.h.internal.util.EntityPrinter - edu.ncsu.csc.itrust2.models.persistent.LogEntry{secondaryUser=null, logCode=5, primaryUser=logapitest, id=110, time=java.util.GregorianCalendar[time=1521606408300,areFieldsSet=true,areAllFieldsSet=true,lenient=true,zone=sun.util.calendar.ZoneInfo[id="Etc/UTC",offset=0,dstSavings=0,useDaylight=false,transitions=0,lastRule=null],firstDayOfWeek=1,minimalDaysInFirstWeek=1,ERA=1,YEAR=2018,MONTH=2,WEEK_OF_YEAR=12,WEEK_OF_MONTH=4,DAY_OF_MONTH=21,DAY_OF_YEAR=80,DAY_OF_WEEK=4,DAY_OF_WEEK_IN_MONTH=3,AM_PM=0,HOUR=4,HOUR_OF_DAY=4,MINUTE=26,SECOND=48,MILLISECOND=300,ZONE_OFFSET=0,DST_OFFSET=0], message=null}
04:26:48.304 [main] DEBUG org.hibernate.SQL - insert into LogEntries (logCode, message, primaryUser, secondaryUser, time, id) values (?, ?, ?, ?, ?, ?)
Hibernate: insert into LogEntries (logCode, message, primaryUser, secondaryUser, time, id) values (?, ?, ?, ?, ?, ?)
04:26:48.314 [main] DEBUG o.h.e.j.internal.JdbcCoordinatorImpl - HHH000420: Closing un-released batch
04:26:48.314 [main] DEBUG o.h.e.t.internal.TransactionImpl - begin
04:26:48.315 [main] DEBUG org.hibernate.SQL - select next_val as id_val from hibernate_sequence for update
Hibernate: select next_val as id_val from hibernate_sequence for update
04:26:48.315 [main] DEBUG org.hibernate.SQL - update hibernate_sequence set next_val= ? where next_val=?
Hibernate: update hibernate_sequence set next_val= ? where next_val=?
04:26:48.316 [main] DEBUG o.h.e.i.AbstractSaveEventListener - Generated identifier: 111, using strategy: org.hibernate.id.enhanced.SequenceStyleGenerator
04:26:48.317 [main] DEBUG o.h.e.t.internal.TransactionImpl - committing
04:26:48.317 [main] DEBUG o.h.e.i.AbstractFlushingEventListener - Processing flush-time cascades
04:26:48.317 [main] DEBUG o.h.e.i.AbstractFlushingEventListener - Dirty checking collections
04:26:48.317 [main] DEBUG o.h.e.i.AbstractFlushingEventListener - Flushed: 1 insertions, 0 updates, 0 deletions to 1 objects
04:26:48.317 [main] DEBUG o.h.e.i.AbstractFlushingEventListener - Flushed: 0 (re)creations, 0 updates, 0 removals to 0 collections
04:26:48.317 [main] DEBUG o.h.internal.util.EntityPrinter - Listing entities:
04:26:48.317 [main] DEBUG o.h.internal.util.EntityPrinter - edu.ncsu.csc.itrust2.models.persistent.LogEntry{secondaryUser=null, logCode=5, primaryUser=logapitest, id=111, time=java.util.GregorianCalendar[time=1521606408314,areFieldsSet=true,areAllFieldsSet=true,lenient=true,zone=sun.util.calendar.ZoneInfo[id="Etc/UTC",offset=0,dstSavings=0,useDaylight=false,transitions=0,lastRule=null],firstDayOfWeek=1,minimalDaysInFirstWeek=1,ERA=1,YEAR=2018,MONTH=2,WEEK_OF_YEAR=12,WEEK_OF_MONTH=4,DAY_OF_MONTH=21,DAY_OF_YEAR=80,DAY_OF_WEEK=4,DAY_OF_WEEK_IN_MONTH=3,AM_PM=0,HOUR=4,HOUR_OF_DAY=4,MINUTE=26,SECOND=48,MILLISECOND=314,ZONE_OFFSET=0,DST_OFFSET=0], message=null}
04:26:48.318 [main] DEBUG org.hibernate.SQL - insert into LogEntries (logCode, message, primaryUser, secondaryUser, time, id) values (?, ?, ?, ?, ?, ?)
Hibernate: insert into LogEntries (logCode, message, primaryUser, secondaryUser, time, id) values (?, ?, ?, ?, ?, ?)
04:26:48.319 [main] DEBUG o.h.e.j.internal.JdbcCoordinatorImpl - HHH000420: Closing un-released batch
04:26:48.319 [main] DEBUG o.h.e.t.internal.TransactionImpl - begin
04:26:48.320 [main] DEBUG org.hibernate.SQL - select next_val as id_val from hibernate_sequence for update
Hibernate: select next_val as id_val from hibernate_sequence for update
04:26:48.320 [main] DEBUG org.hibernate.SQL - update hibernate_sequence set next_val= ? where next_val=?
Hibernate: update hibernate_sequence set next_val= ? where next_val=?
04:26:48.321 [main] DEBUG o.h.e.i.AbstractSaveEventListener - Generated identifier: 112, using strategy: org.hibernate.id.enhanced.SequenceStyleGenerator
04:26:48.322 [main] DEBUG o.h.e.t.internal.TransactionImpl - committing
04:26:48.322 [main] DEBUG o.h.e.i.AbstractFlushingEventListener - Processing flush-time cascades
04:26:48.322 [main] DEBUG o.h.e.i.AbstractFlushingEventListener - Dirty checking collections
04:26:48.322 [main] DEBUG o.h.e.i.AbstractFlushingEventListener - Flushed: 1 insertions, 0 updates, 0 deletions to 1 objects
04:26:48.322 [main] DEBUG o.h.e.i.AbstractFlushingEventListener - Flushed: 0 (re)creations, 0 updates, 0 removals to 0 collections
04:26:48.322 [main] DEBUG o.h.internal.util.EntityPrinter - Listing entities:
04:26:48.322 [main] DEBUG o.h.internal.util.EntityPrinter - edu.ncsu.csc.itrust2.models.persistent.LogEntry{secondaryUser=null, logCode=5, primaryUser=logapitest, id=112, time=java.util.GregorianCalendar[time=1521606408319,areFieldsSet=true,areAllFieldsSet=true,lenient=true,zone=sun.util.calendar.ZoneInfo[id="Etc/UTC",offset=0,dstSavings=0,useDaylight=false,transitions=0,lastRule=null],firstDayOfWeek=1,minimalDaysInFirstWeek=1,ERA=1,YEAR=2018,MONTH=2,WEEK_OF_YEAR=12,WEEK_OF_MONTH=4,DAY_OF_MONTH=21,DAY_OF_YEAR=80,DAY_OF_WEEK=4,DAY_OF_WEEK_IN_MONTH=3,AM_PM=0,HOUR=4,HOUR_OF_DAY=4,MINUTE=26,SECOND=48,MILLISECOND=319,ZONE_OFFSET=0,DST_OFFSET=0], message=null}
04:26:48.322 [main] DEBUG org.hibernate.SQL - insert into LogEntries (logCode, message, primaryUser, secondaryUser, time, id) values (?, ?, ?, ?, ?, ?)
Hibernate: insert into LogEntries (logCode, message, primaryUser, secondaryUser, time, id) values (?, ?, ?, ?, ?, ?)
04:26:48.324 [main] DEBUG o.h.e.j.internal.JdbcCoordinatorImpl - HHH000420: Closing un-released batch
04:26:48.324 [main] DEBUG o.h.e.t.internal.TransactionImpl - begin
04:26:48.329 [main] DEBUG org.hibernate.SQL - select next_val as id_val from hibernate_sequence for update
Hibernate: select next_val as id_val from hibernate_sequence for update
04:26:48.330 [main] DEBUG org.hibernate.SQL - update hibernate_sequence set next_val= ? where next_val=?
Hibernate: update hibernate_sequence set next_val= ? where next_val=?
04:26:48.331 [main] DEBUG o.h.e.i.AbstractSaveEventListener - Generated identifier: 113, using strategy: org.hibernate.id.enhanced.SequenceStyleGenerator
04:26:48.331 [main] DEBUG o.h.e.t.internal.TransactionImpl - committing
04:26:48.331 [main] DEBUG o.h.e.i.AbstractFlushingEventListener - Processing flush-time cascades
04:26:48.331 [main] DEBUG o.h.e.i.AbstractFlushingEventListener - Dirty checking collections
04:26:48.331 [main] DEBUG o.h.e.i.AbstractFlushingEventListener - Flushed: 1 insertions, 0 updates, 0 deletions to 1 objects
04:26:48.331 [main] DEBUG o.h.e.i.AbstractFlushingEventListener - Flushed: 0 (re)creations, 0 updates, 0 removals to 0 collections
04:26:48.331 [main] DEBUG o.h.internal.util.EntityPrinter - Listing entities:
04:26:48.331 [main] DEBUG o.h.internal.util.EntityPrinter - edu.ncsu.csc.itrust2.models.persistent.LogEntry{secondaryUser=null, logCode=5, primaryUser=logapitest, id=113, time=java.util.GregorianCalendar[time=1521606408324,areFieldsSet=true,areAllFieldsSet=true,lenient=true,zone=sun.util.calendar.ZoneInfo[id="Etc/UTC",offset=0,dstSavings=0,useDaylight=false,transitions=0,lastRule=null],firstDayOfWeek=1,minimalDaysInFirstWeek=1,ERA=1,YEAR=2018,MONTH=2,WEEK_OF_YEAR=12,WEEK_OF_MONTH=4,DAY_OF_MONTH=21,DAY_OF_YEAR=80,DAY_OF_WEEK=4,DAY_OF_WEEK_IN_MONTH=3,AM_PM=0,HOUR=4,HOUR_OF_DAY=4,MINUTE=26,SECOND=48,MILLISECOND=324,ZONE_OFFSET=0,DST_OFFSET=0], message=null}
04:26:48.332 [main] DEBUG org.hibernate.SQL - insert into LogEntries (logCode, message, primaryUser, secondaryUser, time, id) values (?, ?, ?, ?, ?, ?)
Hibernate: insert into LogEntries (logCode, message, primaryUser, secondaryUser, time, id) values (?, ?, ?, ?, ?, ?)
04:26:48.334 [main] DEBUG o.h.e.j.internal.JdbcCoordinatorImpl - HHH000420: Closing un-released batch
04:26:48.334 [main] DEBUG o.h.e.t.internal.TransactionImpl - begin
04:26:48.335 [main] DEBUG org.hibernate.SQL - select next_val as id_val from hibernate_sequence for update
Hibernate: select next_val as id_val from hibernate_sequence for update
04:26:48.335 [main] DEBUG org.hibernate.SQL - update hibernate_sequence set next_val= ? where next_val=?
Hibernate: update hibernate_sequence set next_val= ? where next_val=?
04:26:48.336 [main] DEBUG o.h.e.i.AbstractSaveEventListener - Generated identifier: 114, using strategy: org.hibernate.id.enhanced.SequenceStyleGenerator
04:26:48.336 [main] DEBUG o.h.e.t.internal.TransactionImpl - committing
04:26:48.336 [main] DEBUG o.h.e.i.AbstractFlushingEventListener - Processing flush-time cascades
04:26:48.336 [main] DEBUG o.h.e.i.AbstractFlushingEventListener - Dirty checking collections
04:26:48.336 [main] DEBUG o.h.e.i.AbstractFlushingEventListener - Flushed: 1 insertions, 0 updates, 0 deletions to 1 objects
04:26:48.337 [main] DEBUG o.h.e.i.AbstractFlushingEventListener - Flushed: 0 (re)creations, 0 updates, 0 removals to 0 collections
04:26:48.337 [main] DEBUG o.h.internal.util.EntityPrinter - Listing entities:
04:26:48.337 [main] DEBUG o.h.internal.util.EntityPrinter - edu.ncsu.csc.itrust2.models.persistent.LogEntry{secondaryUser=null, logCode=5, primaryUser=logapitest, id=114, time=java.util.GregorianCalendar[time=1521606408334,areFieldsSet=true,areAllFieldsSet=true,lenient=true,zone=sun.util.calendar.ZoneInfo[id="Etc/UTC",offset=0,dstSavings=0,useDaylight=false,transitions=0,lastRule=null],firstDayOfWeek=1,minimalDaysInFirstWeek=1,ERA=1,YEAR=2018,MONTH=2,WEEK_OF_YEAR=12,WEEK_OF_MONTH=4,DAY_OF_MONTH=21,DAY_OF_YEAR=80,DAY_OF_WEEK=4,DAY_OF_WEEK_IN_MONTH=3,AM_PM=0,HOUR=4,HOUR_OF_DAY=4,MINUTE=26,SECOND=48,MILLISECOND=334,ZONE_OFFSET=0,DST_OFFSET=0], message=null}
04:26:48.337 [main] DEBUG org.hibernate.SQL - insert into LogEntries (logCode, message, primaryUser, secondaryUser, time, id) values (?, ?, ?, ?, ?, ?)
Hibernate: insert into LogEntries (logCode, message, primaryUser, secondaryUser, time, id) values (?, ?, ?, ?, ?, ?)
04:26:48.343 [main] DEBUG o.h.e.j.internal.JdbcCoordinatorImpl - HHH000420: Closing un-released batch
04:26:48.344 [main] DEBUG o.h.e.t.internal.TransactionImpl - begin
04:26:48.345 [main] DEBUG org.hibernate.SQL - select next_val as id_val from hibernate_sequence for update
Hibernate: select next_val as id_val from hibernate_sequence for update
04:26:48.345 [main] DEBUG org.hibernate.SQL - update hibernate_sequence set next_val= ? where next_val=?
Hibernate: update hibernate_sequence set next_val= ? where next_val=?
04:26:48.346 [main] DEBUG o.h.e.i.AbstractSaveEventListener - Generated identifier: 115, using strategy: org.hibernate.id.enhanced.SequenceStyleGenerator
04:26:48.346 [main] DEBUG o.h.e.t.internal.TransactionImpl - committing
04:26:48.346 [main] DEBUG o.h.e.i.AbstractFlushingEventListener - Processing flush-time cascades
04:26:48.346 [main] DEBUG o.h.e.i.AbstractFlushingEventListener - Dirty checking collections
04:26:48.347 [main] DEBUG o.h.e.i.AbstractFlushingEventListener - Flushed: 1 insertions, 0 updates, 0 deletions to 1 objects
04:26:48.347 [main] DEBUG o.h.e.i.AbstractFlushingEventListener - Flushed: 0 (re)creations, 0 updates, 0 removals to 0 collections
04:26:48.347 [main] DEBUG o.h.internal.util.EntityPrinter - Listing entities:
04:26:48.347 [main] DEBUG o.h.internal.util.EntityPrinter - edu.ncsu.csc.itrust2.models.persistent.LogEntry{secondaryUser=null, logCode=5, primaryUser=logapitest, id=115, time=java.util.GregorianCalendar[time=1521606408344,areFieldsSet=true,areAllFieldsSet=true,lenient=true,zone=sun.util.calendar.ZoneInfo[id="Etc/UTC",offset=0,dstSavings=0,useDaylight=false,transitions=0,lastRule=null],firstDayOfWeek=1,minimalDaysInFirstWeek=1,ERA=1,YEAR=2018,MONTH=2,WEEK_OF_YEAR=12,WEEK_OF_MONTH=4,DAY_OF_MONTH=21,DAY_OF_YEAR=80,DAY_OF_WEEK=4,DAY_OF_WEEK_IN_MONTH=3,AM_PM=0,HOUR=4,HOUR_OF_DAY=4,MINUTE=26,SECOND=48,MILLISECOND=344,ZONE_OFFSET=0,DST_OFFSET=0], message=null}
04:26:48.347 [main] DEBUG org.hibernate.SQL - insert into LogEntries (logCode, message, primaryUser, secondaryUser, time, id) values (?, ?, ?, ?, ?, ?)
Hibernate: insert into LogEntries (logCode, message, primaryUser, secondaryUser, time, id) values (?, ?, ?, ?, ?, ?)
04:26:48.349 [main] DEBUG o.h.e.j.internal.JdbcCoordinatorImpl - HHH000420: Closing un-released batch
04:26:48.349 [main] DEBUG o.h.e.t.internal.TransactionImpl - begin
04:26:48.350 [main] DEBUG org.hibernate.SQL - select next_val as id_val from hibernate_sequence for update
Hibernate: select next_val as id_val from hibernate_sequence for update
04:26:48.350 [main] DEBUG org.hibernate.SQL - update hibernate_sequence set next_val= ? where next_val=?
Hibernate: update hibernate_sequence set next_val= ? where next_val=?
04:26:48.351 [main] DEBUG o.h.e.i.AbstractSaveEventListener - Generated identifier: 116, using strategy: org.hibernate.id.enhanced.SequenceStyleGenerator
04:26:48.351 [main] DEBUG o.h.e.t.internal.TransactionImpl - committing
04:26:48.351 [main] DEBUG o.h.e.i.AbstractFlushingEventListener - Processing flush-time cascades
04:26:48.351 [main] DEBUG o.h.e.i.AbstractFlushingEventListener - Dirty checking collections
04:26:48.352 [main] DEBUG o.h.e.i.AbstractFlushingEventListener - Flushed: 1 insertions, 0 updates, 0 deletions to 1 objects
04:26:48.352 [main] DEBUG o.h.e.i.AbstractFlushingEventListener - Flushed: 0 (re)creations, 0 updates, 0 removals to 0 collections
04:26:48.352 [main] DEBUG o.h.internal.util.EntityPrinter - Listing entities:
04:26:48.352 [main] DEBUG o.h.internal.util.EntityPrinter - edu.ncsu.csc.itrust2.models.persistent.LogEntry{secondaryUser=null, logCode=5, primaryUser=logapitest, id=116, time=java.util.GregorianCalendar[time=1521606408349,areFieldsSet=true,areAllFieldsSet=true,lenient=true,zone=sun.util.calendar.ZoneInfo[id="Etc/UTC",offset=0,dstSavings=0,useDaylight=false,transitions=0,lastRule=null],firstDayOfWeek=1,minimalDaysInFirstWeek=1,ERA=1,YEAR=2018,MONTH=2,WEEK_OF_YEAR=12,WEEK_OF_MONTH=4,DAY_OF_MONTH=21,DAY_OF_YEAR=80,DAY_OF_WEEK=4,DAY_OF_WEEK_IN_MONTH=3,AM_PM=0,HOUR=4,HOUR_OF_DAY=4,MINUTE=26,SECOND=48,MILLISECOND=349,ZONE_OFFSET=0,DST_OFFSET=0], message=null}
04:26:48.352 [main] DEBUG org.hibernate.SQL - insert into LogEntries (logCode, message, primaryUser, secondaryUser, time, id) values (?, ?, ?, ?, ?, ?)
Hibernate: insert into LogEntries (logCode, message, primaryUser, secondaryUser, time, id) values (?, ?, ?, ?, ?, ?)
04:26:48.361 [main] DEBUG o.h.e.j.internal.JdbcCoordinatorImpl - HHH000420: Closing un-released batch
04:26:48.362 [main] DEBUG o.h.e.t.internal.TransactionImpl - begin
04:26:48.362 [main] DEBUG org.hibernate.SQL - select next_val as id_val from hibernate_sequence for update
Hibernate: select next_val as id_val from hibernate_sequence for update
04:26:48.363 [main] DEBUG org.hibernate.SQL - update hibernate_sequence set next_val= ? where next_val=?
Hibernate: update hibernate_sequence set next_val= ? where next_val=?
04:26:48.364 [main] DEBUG o.h.e.i.AbstractSaveEventListener - Generated identifier: 117, using strategy: org.hibernate.id.enhanced.SequenceStyleGenerator
04:26:48.364 [main] DEBUG o.h.e.t.internal.TransactionImpl - committing
04:26:48.364 [main] DEBUG o.h.e.i.AbstractFlushingEventListener - Processing flush-time cascades
04:26:48.364 [main] DEBUG o.h.e.i.AbstractFlushingEventListener - Dirty checking collections
04:26:48.364 [main] DEBUG o.h.e.i.AbstractFlushingEventListener - Flushed: 1 insertions, 0 updates, 0 deletions to 1 objects
04:26:48.364 [main] DEBUG o.h.e.i.AbstractFlushingEventListener - Flushed: 0 (re)creations, 0 updates, 0 removals to 0 collections
04:26:48.364 [main] DEBUG o.h.internal.util.EntityPrinter - Listing entities:
04:26:48.364 [main] DEBUG o.h.internal.util.EntityPrinter - edu.ncsu.csc.itrust2.models.persistent.LogEntry{secondaryUser=null, logCode=5, primaryUser=logapitest, id=117, time=java.util.GregorianCalendar[time=1521606408362,areFieldsSet=true,areAllFieldsSet=true,lenient=true,zone=sun.util.calendar.ZoneInfo[id="Etc/UTC",offset=0,dstSavings=0,useDaylight=false,transitions=0,lastRule=null],firstDayOfWeek=1,minimalDaysInFirstWeek=1,ERA=1,YEAR=2018,MONTH=2,WEEK_OF_YEAR=12,WEEK_OF_MONTH=4,DAY_OF_MONTH=21,DAY_OF_YEAR=80,DAY_OF_WEEK=4,DAY_OF_WEEK_IN_MONTH=3,AM_PM=0,HOUR=4,HOUR_OF_DAY=4,MINUTE=26,SECOND=48,MILLISECOND=362,ZONE_OFFSET=0,DST_OFFSET=0], message=null}
04:26:48.364 [main] DEBUG org.hibernate.SQL - insert into LogEntries (logCode, message, primaryUser, secondaryUser, time, id) values (?, ?, ?, ?, ?, ?)
Hibernate: insert into LogEntries (logCode, message, primaryUser, secondaryUser, time, id) values (?, ?, ?, ?, ?, ?)
04:26:48.367 [main] DEBUG o.h.e.j.internal.JdbcCoordinatorImpl - HHH000420: Closing un-released batch
04:26:48.367 [main] DEBUG o.h.e.t.internal.TransactionImpl - begin
04:26:48.368 [main] DEBUG org.hibernate.SQL - select next_val as id_val from hibernate_sequence for update
Hibernate: select next_val as id_val from hibernate_sequence for update
04:26:48.369 [main] DEBUG org.hibernate.SQL - update hibernate_sequence set next_val= ? where next_val=?
Hibernate: update hibernate_sequence set next_val= ? where next_val=?
04:26:48.380 [main] DEBUG o.h.e.i.AbstractSaveEventListener - Generated identifier: 118, using strategy: org.hibernate.id.enhanced.SequenceStyleGenerator
04:26:48.380 [main] DEBUG o.h.e.t.internal.TransactionImpl - committing
04:26:48.381 [main] DEBUG o.h.e.i.AbstractFlushingEventListener - Processing flush-time cascades
04:26:48.381 [main] DEBUG o.h.e.i.AbstractFlushingEventListener - Dirty checking collections
04:26:48.381 [main] DEBUG o.h.e.i.AbstractFlushingEventListener - Flushed: 1 insertions, 0 updates, 0 deletions to 1 objects
04:26:48.381 [main] DEBUG o.h.e.i.AbstractFlushingEventListener - Flushed: 0 (re)creations, 0 updates, 0 removals to 0 collections
04:26:48.381 [main] DEBUG o.h.internal.util.EntityPrinter - Listing entities:
04:26:48.381 [main] DEBUG o.h.internal.util.EntityPrinter - edu.ncsu.csc.itrust2.models.persistent.LogEntry{secondaryUser=null, logCode=5, primaryUser=logapitest, id=118, time=java.util.GregorianCalendar[time=1521606408367,areFieldsSet=true,areAllFieldsSet=true,lenient=true,zone=sun.util.calendar.ZoneInfo[id="Etc/UTC",offset=0,dstSavings=0,useDaylight=false,transitions=0,lastRule=null],firstDayOfWeek=1,minimalDaysInFirstWeek=1,ERA=1,YEAR=2018,MONTH=2,WEEK_OF_YEAR=12,WEEK_OF_MONTH=4,DAY_OF_MONTH=21,DAY_OF_YEAR=80,DAY_OF_WEEK=4,DAY_OF_WEEK_IN_MONTH=3,AM_PM=0,HOUR=4,HOUR_OF_DAY=4,MINUTE=26,SECOND=48,MILLISECOND=367,ZONE_OFFSET=0,DST_OFFSET=0], message=null}
04:26:48.382 [main] DEBUG org.hibernate.SQL - insert into LogEntries (logCode, message, primaryUser, secondaryUser, time, id) values (?, ?, ?, ?, ?, ?)
Hibernate: insert into LogEntries (logCode, message, primaryUser, secondaryUser, time, id) values (?, ?, ?, ?, ?, ?)
04:26:48.384 [main] DEBUG o.h.e.j.internal.JdbcCoordinatorImpl - HHH000420: Closing un-released batch
04:26:48.385 [main] DEBUG o.h.e.t.internal.TransactionImpl - begin
04:26:48.385 [main] DEBUG org.hibernate.SQL - select next_val as id_val from hibernate_sequence for update
Hibernate: select next_val as id_val from hibernate_sequence for update
04:26:48.386 [main] DEBUG org.hibernate.SQL - update hibernate_sequence set next_val= ? where next_val=?
Hibernate: update hibernate_sequence set next_val= ? where next_val=?
04:26:48.387 [main] DEBUG o.h.e.i.AbstractSaveEventListener - Generated identifier: 119, using strategy: org.hibernate.id.enhanced.SequenceStyleGenerator
04:26:48.387 [main] DEBUG o.h.e.t.internal.TransactionImpl - committing
04:26:48.387 [main] DEBUG o.h.e.i.AbstractFlushingEventListener - Processing flush-time cascades
04:26:48.388 [main] DEBUG o.h.e.i.AbstractFlushingEventListener - Dirty checking collections
04:26:48.388 [main] DEBUG o.h.e.i.AbstractFlushingEventListener - Flushed: 1 insertions, 0 updates, 0 deletions to 1 objects
04:26:48.388 [main] DEBUG o.h.e.i.AbstractFlushingEventListener - Flushed: 0 (re)creations, 0 updates, 0 removals to 0 collections
04:26:48.388 [main] DEBUG o.h.internal.util.EntityPrinter - Listing entities:
04:26:48.388 [main] DEBUG o.h.internal.util.EntityPrinter - edu.ncsu.csc.itrust2.models.persistent.LogEntry{secondaryUser=null, logCode=5, primaryUser=logapitest, id=119, time=java.util.GregorianCalendar[time=1521606408385,areFieldsSet=true,areAllFieldsSet=true,lenient=true,zone=sun.util.calendar.ZoneInfo[id="Etc/UTC",offset=0,dstSavings=0,useDaylight=false,transitions=0,lastRule=null],firstDayOfWeek=1,minimalDaysInFirstWeek=1,ERA=1,YEAR=2018,MONTH=2,WEEK_OF_YEAR=12,WEEK_OF_MONTH=4,DAY_OF_MONTH=21,DAY_OF_YEAR=80,DAY_OF_WEEK=4,DAY_OF_WEEK_IN_MONTH=3,AM_PM=0,HOUR=4,HOUR_OF_DAY=4,MINUTE=26,SECOND=48,MILLISECOND=385,ZONE_OFFSET=0,DST_OFFSET=0], message=null}
04:26:48.389 [main] DEBUG org.hibernate.SQL - insert into LogEntries (logCode, message, primaryUser, secondaryUser, time, id) values (?, ?, ?, ?, ?, ?)
Hibernate: insert into LogEntries (logCode, message, primaryUser, secondaryUser, time, id) values (?, ?, ?, ?, ?, ?)
04:26:48.390 [main] DEBUG o.h.e.j.internal.JdbcCoordinatorImpl - HHH000420: Closing un-released batch
04:26:48.390 [main] DEBUG o.h.e.t.internal.TransactionImpl - begin
04:26:48.397 [main] DEBUG org.hibernate.SQL - select next_val as id_val from hibernate_sequence for update
Hibernate: select next_val as id_val from hibernate_sequence for update
04:26:48.398 [main] DEBUG org.hibernate.SQL - update hibernate_sequence set next_val= ? where next_val=?
Hibernate: update hibernate_sequence set next_val= ? where next_val=?
04:26:48.399 [main] DEBUG o.h.e.i.AbstractSaveEventListener - Generated identifier: 120, using strategy: org.hibernate.id.enhanced.SequenceStyleGenerator
04:26:48.399 [main] DEBUG o.h.e.t.internal.TransactionImpl - committing
04:26:48.399 [main] DEBUG o.h.e.i.AbstractFlushingEventListener - Processing flush-time cascades
04:26:48.399 [main] DEBUG o.h.e.i.AbstractFlushingEventListener - Dirty checking collections
04:26:48.399 [main] DEBUG o.h.e.i.AbstractFlushingEventListener - Flushed: 1 insertions, 0 updates, 0 deletions to 1 objects
04:26:48.400 [main] DEBUG o.h.e.i.AbstractFlushingEventListener - Flushed: 0 (re)creations, 0 updates, 0 removals to 0 collections
04:26:48.400 [main] DEBUG o.h.internal.util.EntityPrinter - Listing entities:
04:26:48.400 [main] DEBUG o.h.internal.util.EntityPrinter - edu.ncsu.csc.itrust2.models.persistent.LogEntry{secondaryUser=null, logCode=5, primaryUser=logapitest, id=120, time=java.util.GregorianCalendar[time=1521606408390,areFieldsSet=true,areAllFieldsSet=true,lenient=true,zone=sun.util.calendar.ZoneInfo[id="Etc/UTC",offset=0,dstSavings=0,useDaylight=false,transitions=0,lastRule=null],firstDayOfWeek=1,minimalDaysInFirstWeek=1,ERA=1,YEAR=2018,MONTH=2,WEEK_OF_YEAR=12,WEEK_OF_MONTH=4,DAY_OF_MONTH=21,DAY_OF_YEAR=80,DAY_OF_WEEK=4,DAY_OF_WEEK_IN_MONTH=3,AM_PM=0,HOUR=4,HOUR_OF_DAY=4,MINUTE=26,SECOND=48,MILLISECOND=390,ZONE_OFFSET=0,DST_OFFSET=0], message=null}
04:26:48.400 [main] DEBUG org.hibernate.SQL - insert into LogEntries (logCode, message, primaryUser, secondaryUser, time, id) values (?, ?, ?, ?, ?, ?)
Hibernate: insert into LogEntries (logCode, message, primaryUser, secondaryUser, time, id) values (?, ?, ?, ?, ?, ?)
04:26:48.401 [main] DEBUG o.h.e.j.internal.JdbcCoordinatorImpl - HHH000420: Closing un-released batch
04:26:48.402 [main] DEBUG o.h.e.t.internal.TransactionImpl - begin
04:26:48.402 [main] DEBUG org.hibernate.SQL - select next_val as id_val from hibernate_sequence for update
Hibernate: select next_val as id_val from hibernate_sequence for update
04:26:48.403 [main] DEBUG org.hibernate.SQL - update hibernate_sequence set next_val= ? where next_val=?
Hibernate: update hibernate_sequence set next_val= ? where next_val=?
04:26:48.404 [main] DEBUG o.h.e.i.AbstractSaveEventListener - Generated identifier: 121, using strategy: org.hibernate.id.enhanced.SequenceStyleGenerator
04:26:48.404 [main] DEBUG o.h.e.t.internal.TransactionImpl - committing
04:26:48.404 [main] DEBUG o.h.e.i.AbstractFlushingEventListener - Processing flush-time cascades
04:26:48.404 [main] DEBUG o.h.e.i.AbstractFlushingEventListener - Dirty checking collections
04:26:48.404 [main] DEBUG o.h.e.i.AbstractFlushingEventListener - Flushed: 1 insertions, 0 updates, 0 deletions to 1 objects
04:26:48.404 [main] DEBUG o.h.e.i.AbstractFlushingEventListener - Flushed: 0 (re)creations, 0 updates, 0 removals to 0 collections
04:26:48.404 [main] DEBUG o.h.internal.util.EntityPrinter - Listing entities:
04:26:48.404 [main] DEBUG o.h.internal.util.EntityPrinter - edu.ncsu.csc.itrust2.models.persistent.LogEntry{secondaryUser=null, logCode=5, primaryUser=logapitest, id=121, time=java.util.GregorianCalendar[time=1521606408402,areFieldsSet=true,areAllFieldsSet=true,lenient=true,zone=sun.util.calendar.ZoneInfo[id="Etc/UTC",offset=0,dstSavings=0,useDaylight=false,transitions=0,lastRule=null],firstDayOfWeek=1,minimalDaysInFirstWeek=1,ERA=1,YEAR=2018,MONTH=2,WEEK_OF_YEAR=12,WEEK_OF_MONTH=4,DAY_OF_MONTH=21,DAY_OF_YEAR=80,DAY_OF_WEEK=4,DAY_OF_WEEK_IN_MONTH=3,AM_PM=0,HOUR=4,HOUR_OF_DAY=4,MINUTE=26,SECOND=48,MILLISECOND=402,ZONE_OFFSET=0,DST_OFFSET=0], message=null}
04:26:48.405 [main] DEBUG org.hibernate.SQL - insert into LogEntries (logCode, message, primaryUser, secondaryUser, time, id) values (?, ?, ?, ?, ?, ?)
Hibernate: insert into LogEntries (logCode, message, primaryUser, secondaryUser, time, id) values (?, ?, ?, ?, ?, ?)
04:26:48.406 [main] DEBUG o.h.e.j.internal.JdbcCoordinatorImpl - HHH000420: Closing un-released batch
04:26:48.407 [main] DEBUG o.h.e.t.internal.TransactionImpl - begin
04:26:48.413 [main] DEBUG org.hibernate.SQL - select next_val as id_val from hibernate_sequence for update
Hibernate: select next_val as id_val from hibernate_sequence for update
04:26:48.414 [main] DEBUG org.hibernate.SQL - update hibernate_sequence set next_val= ? where next_val=?
Hibernate: update hibernate_sequence set next_val= ? where next_val=?
04:26:48.415 [main] DEBUG o.h.e.i.AbstractSaveEventListener - Generated identifier: 122, using strategy: org.hibernate.id.enhanced.SequenceStyleGenerator
04:26:48.415 [main] DEBUG o.h.e.t.internal.TransactionImpl - committing
04:26:48.415 [main] DEBUG o.h.e.i.AbstractFlushingEventListener - Processing flush-time cascades
04:26:48.415 [main] DEBUG o.h.e.i.AbstractFlushingEventListener - Dirty checking collections
04:26:48.415 [main] DEBUG o.h.e.i.AbstractFlushingEventListener - Flushed: 1 insertions, 0 updates, 0 deletions to 1 objects
04:26:48.415 [main] DEBUG o.h.e.i.AbstractFlushingEventListener - Flushed: 0 (re)creations, 0 updates, 0 removals to 0 collections
04:26:48.415 [main] DEBUG o.h.internal.util.EntityPrinter - Listing entities:
04:26:48.415 [main] DEBUG o.h.internal.util.EntityPrinter - edu.ncsu.csc.itrust2.models.persistent.LogEntry{secondaryUser=null, logCode=5, primaryUser=logapitest, id=122, time=java.util.GregorianCalendar[time=1521606408407,areFieldsSet=true,areAllFieldsSet=true,lenient=true,zone=sun.util.calendar.ZoneInfo[id="Etc/UTC",offset=0,dstSavings=0,useDaylight=false,transitions=0,lastRule=null],firstDayOfWeek=1,minimalDaysInFirstWeek=1,ERA=1,YEAR=2018,MONTH=2,WEEK_OF_YEAR=12,WEEK_OF_MONTH=4,DAY_OF_MONTH=21,DAY_OF_YEAR=80,DAY_OF_WEEK=4,DAY_OF_WEEK_IN_MONTH=3,AM_PM=0,HOUR=4,HOUR_OF_DAY=4,MINUTE=26,SECOND=48,MILLISECOND=407,ZONE_OFFSET=0,DST_OFFSET=0], message=null}
04:26:48.416 [main] DEBUG org.hibernate.SQL - insert into LogEntries (logCode, message, primaryUser, secondaryUser, time, id) values (?, ?, ?, ?, ?, ?)
Hibernate: insert into LogEntries (logCode, message, primaryUser, secondaryUser, time, id) values (?, ?, ?, ?, ?, ?)
04:26:48.417 [main] DEBUG o.h.e.j.internal.JdbcCoordinatorImpl - HHH000420: Closing un-released batch
04:26:48.418 [main] DEBUG o.h.e.t.internal.TransactionImpl - begin
04:26:48.418 [main] DEBUG org.hibernate.SQL - select next_val as id_val from hibernate_sequence for update
Hibernate: select next_val as id_val from hibernate_sequence for update
04:26:48.419 [main] DEBUG org.hibernate.SQL - update hibernate_sequence set next_val= ? where next_val=?
Hibernate: update hibernate_sequence set next_val= ? where next_val=?
04:26:48.420 [main] DEBUG o.h.e.i.AbstractSaveEventListener - Generated identifier: 123, using strategy: org.hibernate.id.enhanced.SequenceStyleGenerator
04:26:48.420 [main] DEBUG o.h.e.t.internal.TransactionImpl - committing
04:26:48.420 [main] DEBUG o.h.e.i.AbstractFlushingEventListener - Processing flush-time cascades
04:26:48.420 [main] DEBUG o.h.e.i.AbstractFlushingEventListener - Dirty checking collections
04:26:48.420 [main] DEBUG o.h.e.i.AbstractFlushingEventListener - Flushed: 1 insertions, 0 updates, 0 deletions to 1 objects
04:26:48.420 [main] DEBUG o.h.e.i.AbstractFlushingEventListener - Flushed: 0 (re)creations, 0 updates, 0 removals to 0 collections
04:26:48.420 [main] DEBUG o.h.internal.util.EntityPrinter - Listing entities:
04:26:48.420 [main] DEBUG o.h.internal.util.EntityPrinter - edu.ncsu.csc.itrust2.models.persistent.LogEntry{secondaryUser=null, logCode=5, primaryUser=logapitest, id=123, time=java.util.GregorianCalendar[time=1521606408418,areFieldsSet=true,areAllFieldsSet=true,lenient=true,zone=sun.util.calendar.ZoneInfo[id="Etc/UTC",offset=0,dstSavings=0,useDaylight=false,transitions=0,lastRule=null],firstDayOfWeek=1,minimalDaysInFirstWeek=1,ERA=1,YEAR=2018,MONTH=2,WEEK_OF_YEAR=12,WEEK_OF_MONTH=4,DAY_OF_MONTH=21,DAY_OF_YEAR=80,DAY_OF_WEEK=4,DAY_OF_WEEK_IN_MONTH=3,AM_PM=0,HOUR=4,HOUR_OF_DAY=4,MINUTE=26,SECOND=48,MILLISECOND=418,ZONE_OFFSET=0,DST_OFFSET=0], message=null}
04:26:48.421 [main] DEBUG org.hibernate.SQL - insert into LogEntries (logCode, message, primaryUser, secondaryUser, time, id) values (?, ?, ?, ?, ?, ?)
Hibernate: insert into LogEntries (logCode, message, primaryUser, secondaryUser, time, id) values (?, ?, ?, ?, ?, ?)
04:26:48.423 [main] DEBUG o.h.e.j.internal.JdbcCoordinatorImpl - HHH000420: Closing un-released batch
04:26:48.423 [main] DEBUG o.h.e.t.internal.TransactionImpl - begin
04:26:48.424 [main] DEBUG org.hibernate.SQL - select next_val as id_val from hibernate_sequence for update
Hibernate: select next_val as id_val from hibernate_sequence for update
04:26:48.424 [main] DEBUG org.hibernate.SQL - update hibernate_sequence set next_val= ? where next_val=?
Hibernate: update hibernate_sequence set next_val= ? where next_val=?
04:26:48.425 [main] DEBUG o.h.e.i.AbstractSaveEventListener - Generated identifier: 124, using strategy: org.hibernate.id.enhanced.SequenceStyleGenerator
04:26:48.425 [main] DEBUG o.h.e.t.internal.TransactionImpl - committing
04:26:48.425 [main] DEBUG o.h.e.i.AbstractFlushingEventListener - Processing flush-time cascades
04:26:48.425 [main] DEBUG o.h.e.i.AbstractFlushingEventListener - Dirty checking collections
04:26:48.425 [main] DEBUG o.h.e.i.AbstractFlushingEventListener - Flushed: 1 insertions, 0 updates, 0 deletions to 1 objects
04:26:48.425 [main] DEBUG o.h.e.i.AbstractFlushingEventListener - Flushed: 0 (re)creations, 0 updates, 0 removals to 0 collections
04:26:48.425 [main] DEBUG o.h.internal.util.EntityPrinter - Listing entities:
04:26:48.426 [main] DEBUG o.h.internal.util.EntityPrinter - edu.ncsu.csc.itrust2.models.persistent.LogEntry{secondaryUser=null, logCode=5, primaryUser=logapitest, id=124, time=java.util.GregorianCalendar[time=1521606408423,areFieldsSet=true,areAllFieldsSet=true,lenient=true,zone=sun.util.calendar.ZoneInfo[id="Etc/UTC",offset=0,dstSavings=0,useDaylight=false,transitions=0,lastRule=null],firstDayOfWeek=1,minimalDaysInFirstWeek=1,ERA=1,YEAR=2018,MONTH=2,WEEK_OF_YEAR=12,WEEK_OF_MONTH=4,DAY_OF_MONTH=21,DAY_OF_YEAR=80,DAY_OF_WEEK=4,DAY_OF_WEEK_IN_MONTH=3,AM_PM=0,HOUR=4,HOUR_OF_DAY=4,MINUTE=26,SECOND=48,MILLISECOND=423,ZONE_OFFSET=0,DST_OFFSET=0], message=null}
04:26:48.426 [main] DEBUG org.hibernate.SQL - insert into LogEntries (logCode, message, primaryUser, secondaryUser, time, id) values (?, ?, ?, ?, ?, ?)
Hibernate: insert into LogEntries (logCode, message, primaryUser, secondaryUser, time, id) values (?, ?, ?, ?, ?, ?)
04:26:48.428 [main] DEBUG o.h.e.j.internal.JdbcCoordinatorImpl - HHH000420: Closing un-released batch
04:26:48.428 [main] DEBUG o.h.e.t.internal.TransactionImpl - begin
04:26:48.430 [main] DEBUG org.hibernate.SQL - select next_val as id_val from hibernate_sequence for update
Hibernate: select next_val as id_val from hibernate_sequence for update
04:26:48.431 [main] DEBUG org.hibernate.SQL - update hibernate_sequence set next_val= ? where next_val=?
Hibernate: update hibernate_sequence set next_val= ? where next_val=?
04:26:48.432 [main] DEBUG o.h.e.i.AbstractSaveEventListener - Generated identifier: 125, using strategy: org.hibernate.id.enhanced.SequenceStyleGenerator
04:26:48.433 [main] DEBUG o.h.e.t.internal.TransactionImpl - committing
04:26:48.434 [main] DEBUG o.h.e.i.AbstractFlushingEventListener - Processing flush-time cascades
04:26:48.434 [main] DEBUG o.h.e.i.AbstractFlushingEventListener - Dirty checking collections
04:26:48.434 [main] DEBUG o.h.e.i.AbstractFlushingEventListener - Flushed: 1 insertions, 0 updates, 0 deletions to 1 objects
04:26:48.435 [main] DEBUG o.h.e.i.AbstractFlushingEventListener - Flushed: 0 (re)creations, 0 updates, 0 removals to 0 collections
04:26:48.435 [main] DEBUG o.h.internal.util.EntityPrinter - Listing entities:
04:26:48.435 [main] DEBUG o.h.internal.util.EntityPrinter - edu.ncsu.csc.itrust2.models.persistent.LogEntry{secondaryUser=null, logCode=5, primaryUser=logapitest, id=125, time=java.util.GregorianCalendar[time=1521606408428,areFieldsSet=true,areAllFieldsSet=true,lenient=true,zone=sun.util.calendar.ZoneInfo[id="Etc/UTC",offset=0,dstSavings=0,useDaylight=false,transitions=0,lastRule=null],firstDayOfWeek=1,minimalDaysInFirstWeek=1,ERA=1,YEAR=2018,MONTH=2,WEEK_OF_YEAR=12,WEEK_OF_MONTH=4,DAY_OF_MONTH=21,DAY_OF_YEAR=80,DAY_OF_WEEK=4,DAY_OF_WEEK_IN_MONTH=3,AM_PM=0,HOUR=4,HOUR_OF_DAY=4,MINUTE=26,SECOND=48,MILLISECOND=428,ZONE_OFFSET=0,DST_OFFSET=0], message=null}
04:26:48.436 [main] DEBUG org.hibernate.SQL - insert into LogEntries (logCode, message, primaryUser, secondaryUser, time, id) values (?, ?, ?, ?, ?, ?)
Hibernate: insert into LogEntries (logCode, message, primaryUser, secondaryUser, time, id) values (?, ?, ?, ?, ?, ?)
04:26:48.441 [main] DEBUG o.h.e.j.internal.JdbcCoordinatorImpl - HHH000420: Closing un-released batch
04:26:48.442 [main] DEBUG o.h.e.t.internal.TransactionImpl - begin
04:26:48.444 [main] DEBUG org.hibernate.SQL - select next_val as id_val from hibernate_sequence for update
Hibernate: select next_val as id_val from hibernate_sequence for update
04:26:48.445 [main] DEBUG org.hibernate.SQL - update hibernate_sequence set next_val= ? where next_val=?
Hibernate: update hibernate_sequence set next_val= ? where next_val=?
04:26:48.447 [main] DEBUG o.h.e.i.AbstractSaveEventListener - Generated identifier: 126, using strategy: org.hibernate.id.enhanced.SequenceStyleGenerator
04:26:48.447 [main] DEBUG o.h.e.t.internal.TransactionImpl - committing
04:26:48.448 [main] DEBUG o.h.e.i.AbstractFlushingEventListener - Processing flush-time cascades
04:26:48.448 [main] DEBUG o.h.e.i.AbstractFlushingEventListener - Dirty checking collections
04:26:48.448 [main] DEBUG o.h.e.i.AbstractFlushingEventListener - Flushed: 1 insertions, 0 updates, 0 deletions to 1 objects
04:26:48.449 [main] DEBUG o.h.e.i.AbstractFlushingEventListener - Flushed: 0 (re)creations, 0 updates, 0 removals to 0 collections
04:26:48.449 [main] DEBUG o.h.internal.util.EntityPrinter - Listing entities:
04:26:48.449 [main] DEBUG o.h.internal.util.EntityPrinter - edu.ncsu.csc.itrust2.models.persistent.LogEntry{secondaryUser=null, logCode=5, primaryUser=logapitest, id=126, time=java.util.GregorianCalendar[time=1521606408442,areFieldsSet=true,areAllFieldsSet=true,lenient=true,zone=sun.util.calendar.ZoneInfo[id="Etc/UTC",offset=0,dstSavings=0,useDaylight=false,transitions=0,lastRule=null],firstDayOfWeek=1,minimalDaysInFirstWeek=1,ERA=1,YEAR=2018,MONTH=2,WEEK_OF_YEAR=12,WEEK_OF_MONTH=4,DAY_OF_MONTH=21,DAY_OF_YEAR=80,DAY_OF_WEEK=4,DAY_OF_WEEK_IN_MONTH=3,AM_PM=0,HOUR=4,HOUR_OF_DAY=4,MINUTE=26,SECOND=48,MILLISECOND=442,ZONE_OFFSET=0,DST_OFFSET=0], message=null}
04:26:48.450 [main] DEBUG org.hibernate.SQL - insert into LogEntries (logCode, message, primaryUser, secondaryUser, time, id) values (?, ?, ?, ?, ?, ?)
Hibernate: insert into LogEntries (logCode, message, primaryUser, secondaryUser, time, id) values (?, ?, ?, ?, ?, ?)
04:26:48.454 [main] DEBUG o.h.e.j.internal.JdbcCoordinatorImpl - HHH000420: Closing un-released batch
04:26:48.455 [main] DEBUG o.h.e.t.internal.TransactionImpl - begin
04:26:48.457 [main] DEBUG org.hibernate.SQL - select next_val as id_val from hibernate_sequence for update
Hibernate: select next_val as id_val from hibernate_sequence for update
04:26:48.459 [main] DEBUG org.hibernate.SQL - update hibernate_sequence set next_val= ? where next_val=?
Hibernate: update hibernate_sequence set next_val= ? where next_val=?
04:26:48.461 [main] DEBUG o.h.e.i.AbstractSaveEventListener - Generated identifier: 127, using strategy: org.hibernate.id.enhanced.SequenceStyleGenerator
04:26:48.461 [main] DEBUG o.h.e.t.internal.TransactionImpl - committing
04:26:48.462 [main] DEBUG o.h.e.i.AbstractFlushingEventListener - Processing flush-time cascades
04:26:48.462 [main] DEBUG o.h.e.i.AbstractFlushingEventListener - Dirty checking collections
04:26:48.462 [main] DEBUG o.h.e.i.AbstractFlushingEventListener - Flushed: 1 insertions, 0 updates, 0 deletions to 1 objects
04:26:48.463 [main] DEBUG o.h.e.i.AbstractFlushingEventListener - Flushed: 0 (re)creations, 0 updates, 0 removals to 0 collections
04:26:48.463 [main] DEBUG o.h.internal.util.EntityPrinter - Listing entities:
04:26:48.464 [main] DEBUG o.h.internal.util.EntityPrinter - edu.ncsu.csc.itrust2.models.persistent.LogEntry{secondaryUser=null, logCode=5, primaryUser=logapitest, id=127, time=java.util.GregorianCalendar[time=1521606408455,areFieldsSet=true,areAllFieldsSet=true,lenient=true,zone=sun.util.calendar.ZoneInfo[id="Etc/UTC",offset=0,dstSavings=0,useDaylight=false,transitions=0,lastRule=null],firstDayOfWeek=1,minimalDaysInFirstWeek=1,ERA=1,YEAR=2018,MONTH=2,WEEK_OF_YEAR=12,WEEK_OF_MONTH=4,DAY_OF_MONTH=21,DAY_OF_YEAR=80,DAY_OF_WEEK=4,DAY_OF_WEEK_IN_MONTH=3,AM_PM=0,HOUR=4,HOUR_OF_DAY=4,MINUTE=26,SECOND=48,MILLISECOND=455,ZONE_OFFSET=0,DST_OFFSET=0], message=null}
04:26:48.464 [main] DEBUG org.hibernate.SQL - insert into LogEntries (logCode, message, primaryUser, secondaryUser, time, id) values (?, ?, ?, ?, ?, ?)
Hibernate: insert into LogEntries (logCode, message, primaryUser, secondaryUser, time, id) values (?, ?, ?, ?, ?, ?)
04:26:48.470 [main] DEBUG o.h.e.j.internal.JdbcCoordinatorImpl - HHH000420: Closing un-released batch
04:26:48.470 [main] DEBUG o.h.e.t.internal.TransactionImpl - begin
04:26:48.471 [main] DEBUG org.hibernate.SQL - select next_val as id_val from hibernate_sequence for update
Hibernate: select next_val as id_val from hibernate_sequence for update
04:26:48.471 [main] DEBUG org.hibernate.SQL - update hibernate_sequence set next_val= ? where next_val=?
Hibernate: update hibernate_sequence set next_val= ? where next_val=?
04:26:48.472 [main] DEBUG o.h.e.i.AbstractSaveEventListener - Generated identifier: 128, using strategy: org.hibernate.id.enhanced.SequenceStyleGenerator
04:26:48.472 [main] DEBUG o.h.e.t.internal.TransactionImpl - committing
04:26:48.472 [main] DEBUG o.h.e.i.AbstractFlushingEventListener - Processing flush-time cascades
04:26:48.472 [main] DEBUG o.h.e.i.AbstractFlushingEventListener - Dirty checking collections
04:26:48.472 [main] DEBUG o.h.e.i.AbstractFlushingEventListener - Flushed: 1 insertions, 0 updates, 0 deletions to 1 objects
04:26:48.472 [main] DEBUG o.h.e.i.AbstractFlushingEventListener - Flushed: 0 (re)creations, 0 updates, 0 removals to 0 collections
04:26:48.472 [main] DEBUG o.h.internal.util.EntityPrinter - Listing entities:
04:26:48.472 [main] DEBUG o.h.internal.util.EntityPrinter - edu.ncsu.csc.itrust2.models.persistent.LogEntry{secondaryUser=null, logCode=5, primaryUser=logapitest, id=128, time=java.util.GregorianCalendar[time=1521606408470,areFieldsSet=true,areAllFieldsSet=true,lenient=true,zone=sun.util.calendar.ZoneInfo[id="Etc/UTC",offset=0,dstSavings=0,useDaylight=false,transitions=0,lastRule=null],firstDayOfWeek=1,minimalDaysInFirstWeek=1,ERA=1,YEAR=2018,MONTH=2,WEEK_OF_YEAR=12,WEEK_OF_MONTH=4,DAY_OF_MONTH=21,DAY_OF_YEAR=80,DAY_OF_WEEK=4,DAY_OF_WEEK_IN_MONTH=3,AM_PM=0,HOUR=4,HOUR_OF_DAY=4,MINUTE=26,SECOND=48,MILLISECOND=470,ZONE_OFFSET=0,DST_OFFSET=0], message=null}
04:26:48.473 [main] DEBUG org.hibernate.SQL - insert into LogEntries (logCode, message, primaryUser, secondaryUser, time, id) values (?, ?, ?, ?, ?, ?)
Hibernate: insert into LogEntries (logCode, message, primaryUser, secondaryUser, time, id) values (?, ?, ?, ?, ?, ?)
04:26:48.475 [main] DEBUG o.h.e.j.internal.JdbcCoordinatorImpl - HHH000420: Closing un-released batch
04:26:48.475 [main] DEBUG o.h.e.t.internal.TransactionImpl - begin
04:26:48.476 [main] DEBUG org.hibernate.SQL - select next_val as id_val from hibernate_sequence for update
Hibernate: select next_val as id_val from hibernate_sequence for update
04:26:48.476 [main] DEBUG org.hibernate.SQL - update hibernate_sequence set next_val= ? where next_val=?
Hibernate: update hibernate_sequence set next_val= ? where next_val=?
04:26:48.477 [main] DEBUG o.h.e.i.AbstractSaveEventListener - Generated identifier: 129, using strategy: org.hibernate.id.enhanced.SequenceStyleGenerator
04:26:48.478 [main] DEBUG o.h.e.t.internal.TransactionImpl - committing
04:26:48.478 [main] DEBUG o.h.e.i.AbstractFlushingEventListener - Processing flush-time cascades
04:26:48.478 [main] DEBUG o.h.e.i.AbstractFlushingEventListener - Dirty checking collections
04:26:48.478 [main] DEBUG o.h.e.i.AbstractFlushingEventListener - Flushed: 1 insertions, 0 updates, 0 deletions to 1 objects
04:26:48.478 [main] DEBUG o.h.e.i.AbstractFlushingEventListener - Flushed: 0 (re)creations, 0 updates, 0 removals to 0 collections
04:26:48.478 [main] DEBUG o.h.internal.util.EntityPrinter - Listing entities:
04:26:48.478 [main] DEBUG o.h.internal.util.EntityPrinter - edu.ncsu.csc.itrust2.models.persistent.LogEntry{secondaryUser=null, logCode=5, primaryUser=logapitest, id=129, time=java.util.GregorianCalendar[time=1521606408475,areFieldsSet=true,areAllFieldsSet=true,lenient=true,zone=sun.util.calendar.ZoneInfo[id="Etc/UTC",offset=0,dstSavings=0,useDaylight=false,transitions=0,lastRule=null],firstDayOfWeek=1,minimalDaysInFirstWeek=1,ERA=1,YEAR=2018,MONTH=2,WEEK_OF_YEAR=12,WEEK_OF_MONTH=4,DAY_OF_MONTH=21,DAY_OF_YEAR=80,DAY_OF_WEEK=4,DAY_OF_WEEK_IN_MONTH=3,AM_PM=0,HOUR=4,HOUR_OF_DAY=4,MINUTE=26,SECOND=48,MILLISECOND=475,ZONE_OFFSET=0,DST_OFFSET=0], message=null}
04:26:48.479 [main] DEBUG org.hibernate.SQL - insert into LogEntries (logCode, message, primaryUser, secondaryUser, time, id) values (?, ?, ?, ?, ?, ?)
Hibernate: insert into LogEntries (logCode, message, primaryUser, secondaryUser, time, id) values (?, ?, ?, ?, ?, ?)
04:26:48.481 [main] DEBUG o.h.e.j.internal.JdbcCoordinatorImpl - HHH000420: Closing un-released batch
04:26:48.482 [main] DEBUG o.h.e.t.internal.TransactionImpl - begin
04:26:48.483 [main] DEBUG org.hibernate.SQL - select next_val as id_val from hibernate_sequence for update
Hibernate: select next_val as id_val from hibernate_sequence for update
04:26:48.484 [main] DEBUG org.hibernate.SQL - update hibernate_sequence set next_val= ? where next_val=?
Hibernate: update hibernate_sequence set next_val= ? where next_val=?
04:26:48.485 [main] DEBUG o.h.e.i.AbstractSaveEventListener - Generated identifier: 130, using strategy: org.hibernate.id.enhanced.SequenceStyleGenerator
04:26:48.486 [main] DEBUG o.h.e.t.internal.TransactionImpl - committing
04:26:48.486 [main] DEBUG o.h.e.i.AbstractFlushingEventListener - Processing flush-time cascades
04:26:48.486 [main] DEBUG o.h.e.i.AbstractFlushingEventListener - Dirty checking collections
04:26:48.486 [main] DEBUG o.h.e.i.AbstractFlushingEventListener - Flushed: 1 insertions, 0 updates, 0 deletions to 1 objects
04:26:48.486 [main] DEBUG o.h.e.i.AbstractFlushingEventListener - Flushed: 0 (re)creations, 0 updates, 0 removals to 0 collections
04:26:48.486 [main] DEBUG o.h.internal.util.EntityPrinter - Listing entities:
04:26:48.487 [main] DEBUG o.h.internal.util.EntityPrinter - edu.ncsu.csc.itrust2.models.persistent.LogEntry{secondaryUser=null, logCode=5, primaryUser=logapitest, id=130, time=java.util.GregorianCalendar[time=1521606408481,areFieldsSet=true,areAllFieldsSet=true,lenient=true,zone=sun.util.calendar.ZoneInfo[id="Etc/UTC",offset=0,dstSavings=0,useDaylight=false,transitions=0,lastRule=null],firstDayOfWeek=1,minimalDaysInFirstWeek=1,ERA=1,YEAR=2018,MONTH=2,WEEK_OF_YEAR=12,WEEK_OF_MONTH=4,DAY_OF_MONTH=21,DAY_OF_YEAR=80,DAY_OF_WEEK=4,DAY_OF_WEEK_IN_MONTH=3,AM_PM=0,HOUR=4,HOUR_OF_DAY=4,MINUTE=26,SECOND=48,MILLISECOND=481,ZONE_OFFSET=0,DST_OFFSET=0], message=null}
04:26:48.487 [main] DEBUG org.hibernate.SQL - insert into LogEntries (logCode, message, primaryUser, secondaryUser, time, id) values (?, ?, ?, ?, ?, ?)
Hibernate: insert into LogEntries (logCode, message, primaryUser, secondaryUser, time, id) values (?, ?, ?, ?, ?, ?)
04:26:48.489 [main] DEBUG o.h.e.j.internal.JdbcCoordinatorImpl - HHH000420: Closing un-released batch
04:26:48.489 [main] DEBUG o.h.e.t.internal.TransactionImpl - begin
04:26:48.490 [main] DEBUG org.hibernate.SQL - select next_val as id_val from hibernate_sequence for update
Hibernate: select next_val as id_val from hibernate_sequence for update
04:26:48.490 [main] DEBUG org.hibernate.SQL - update hibernate_sequence set next_val= ? where next_val=?
Hibernate: update hibernate_sequence set next_val= ? where next_val=?
04:26:48.491 [main] DEBUG o.h.e.i.AbstractSaveEventListener - Generated identifier: 131, using strategy: org.hibernate.id.enhanced.SequenceStyleGenerator
04:26:48.492 [main] DEBUG o.h.e.t.internal.TransactionImpl - committing
04:26:48.492 [main] DEBUG o.h.e.i.AbstractFlushingEventListener - Processing flush-time cascades
04:26:48.492 [main] DEBUG o.h.e.i.AbstractFlushingEventListener - Dirty checking collections
04:26:48.492 [main] DEBUG o.h.e.i.AbstractFlushingEventListener - Flushed: 1 insertions, 0 updates, 0 deletions to 1 objects
04:26:48.492 [main] DEBUG o.h.e.i.AbstractFlushingEventListener - Flushed: 0 (re)creations, 0 updates, 0 removals to 0 collections
04:26:48.492 [main] DEBUG o.h.internal.util.EntityPrinter - Listing entities:
04:26:48.492 [main] DEBUG o.h.internal.util.EntityPrinter - edu.ncsu.csc.itrust2.models.persistent.LogEntry{secondaryUser=null, logCode=5, primaryUser=logapitest, id=131, time=java.util.GregorianCalendar[time=1521606408489,areFieldsSet=true,areAllFieldsSet=true,lenient=true,zone=sun.util.calendar.ZoneInfo[id="Etc/UTC",offset=0,dstSavings=0,useDaylight=false,transitions=0,lastRule=null],firstDayOfWeek=1,minimalDaysInFirstWeek=1,ERA=1,YEAR=2018,MONTH=2,WEEK_OF_YEAR=12,WEEK_OF_MONTH=4,DAY_OF_MONTH=21,DAY_OF_YEAR=80,DAY_OF_WEEK=4,DAY_OF_WEEK_IN_MONTH=3,AM_PM=0,HOUR=4,HOUR_OF_DAY=4,MINUTE=26,SECOND=48,MILLISECOND=489,ZONE_OFFSET=0,DST_OFFSET=0], message=null}
04:26:48.493 [main] DEBUG org.hibernate.SQL - insert into LogEntries (logCode, message, primaryUser, secondaryUser, time, id) values (?, ?, ?, ?, ?, ?)
Hibernate: insert into LogEntries (logCode, message, primaryUser, secondaryUser, time, id) values (?, ?, ?, ?, ?, ?)
04:26:48.495 [main] DEBUG o.h.e.j.internal.JdbcCoordinatorImpl - HHH000420: Closing un-released batch
04:26:48.496 [main] DEBUG o.h.e.t.internal.TransactionImpl - begin
04:26:48.497 [main] DEBUG org.hibernate.SQL - select next_val as id_val from hibernate_sequence for update
Hibernate: select next_val as id_val from hibernate_sequence for update
04:26:48.497 [main] DEBUG org.hibernate.SQL - update hibernate_sequence set next_val= ? where next_val=?
Hibernate: update hibernate_sequence set next_val= ? where next_val=?
04:26:48.498 [main] DEBUG o.h.e.i.AbstractSaveEventListener - Generated identifier: 132, using strategy: org.hibernate.id.enhanced.SequenceStyleGenerator
04:26:48.499 [main] DEBUG o.h.e.t.internal.TransactionImpl - committing
04:26:48.499 [main] DEBUG o.h.e.i.AbstractFlushingEventListener - Processing flush-time cascades
04:26:48.499 [main] DEBUG o.h.e.i.AbstractFlushingEventListener - Dirty checking collections
04:26:48.499 [main] DEBUG o.h.e.i.AbstractFlushingEventListener - Flushed: 1 insertions, 0 updates, 0 deletions to 1 objects
04:26:48.499 [main] DEBUG o.h.e.i.AbstractFlushingEventListener - Flushed: 0 (re)creations, 0 updates, 0 removals to 0 collections
04:26:48.499 [main] DEBUG o.h.internal.util.EntityPrinter - Listing entities:
04:26:48.499 [main] DEBUG o.h.internal.util.EntityPrinter - edu.ncsu.csc.itrust2.models.persistent.LogEntry{secondaryUser=null, logCode=5, primaryUser=logapitest, id=132, time=java.util.GregorianCalendar[time=1521606408496,areFieldsSet=true,areAllFieldsSet=true,lenient=true,zone=sun.util.calendar.ZoneInfo[id="Etc/UTC",offset=0,dstSavings=0,useDaylight=false,transitions=0,lastRule=null],firstDayOfWeek=1,minimalDaysInFirstWeek=1,ERA=1,YEAR=2018,MONTH=2,WEEK_OF_YEAR=12,WEEK_OF_MONTH=4,DAY_OF_MONTH=21,DAY_OF_YEAR=80,DAY_OF_WEEK=4,DAY_OF_WEEK_IN_MONTH=3,AM_PM=0,HOUR=4,HOUR_OF_DAY=4,MINUTE=26,SECOND=48,MILLISECOND=496,ZONE_OFFSET=0,DST_OFFSET=0], message=null}
04:26:48.500 [main] DEBUG org.hibernate.SQL - insert into LogEntries (logCode, message, primaryUser, secondaryUser, time, id) values (?, ?, ?, ?, ?, ?)
Hibernate: insert into LogEntries (logCode, message, primaryUser, secondaryUser, time, id) values (?, ?, ?, ?, ?, ?)
04:26:48.501 [main] DEBUG o.h.e.j.internal.JdbcCoordinatorImpl - HHH000420: Closing un-released batch
04:26:48.502 [main] DEBUG o.h.e.t.internal.TransactionImpl - begin
04:26:48.502 [main] DEBUG org.hibernate.SQL - select next_val as id_val from hibernate_sequence for update
Hibernate: select next_val as id_val from hibernate_sequence for update
04:26:48.503 [main] DEBUG org.hibernate.SQL - update hibernate_sequence set next_val= ? where next_val=?
Hibernate: update hibernate_sequence set next_val= ? where next_val=?
04:26:48.504 [main] DEBUG o.h.e.i.AbstractSaveEventListener - Generated identifier: 133, using strategy: org.hibernate.id.enhanced.SequenceStyleGenerator
04:26:48.509 [main] DEBUG o.h.e.t.internal.TransactionImpl - committing
04:26:48.509 [main] DEBUG o.h.e.i.AbstractFlushingEventListener - Processing flush-time cascades
04:26:48.509 [main] DEBUG o.h.e.i.AbstractFlushingEventListener - Dirty checking collections
04:26:48.509 [main] DEBUG o.h.e.i.AbstractFlushingEventListener - Flushed: 1 insertions, 0 updates, 0 deletions to 1 objects
04:26:48.510 [main] DEBUG o.h.e.i.AbstractFlushingEventListener - Flushed: 0 (re)creations, 0 updates, 0 removals to 0 collections
04:26:48.510 [main] DEBUG o.h.internal.util.EntityPrinter - Listing entities:
04:26:48.510 [main] DEBUG o.h.internal.util.EntityPrinter - edu.ncsu.csc.itrust2.models.persistent.LogEntry{secondaryUser=null, logCode=5, primaryUser=logapitest, id=133, time=java.util.GregorianCalendar[time=1521606408502,areFieldsSet=true,areAllFieldsSet=true,lenient=true,zone=sun.util.calendar.ZoneInfo[id="Etc/UTC",offset=0,dstSavings=0,useDaylight=false,transitions=0,lastRule=null],firstDayOfWeek=1,minimalDaysInFirstWeek=1,ERA=1,YEAR=2018,MONTH=2,WEEK_OF_YEAR=12,WEEK_OF_MONTH=4,DAY_OF_MONTH=21,DAY_OF_YEAR=80,DAY_OF_WEEK=4,DAY_OF_WEEK_IN_MONTH=3,AM_PM=0,HOUR=4,HOUR_OF_DAY=4,MINUTE=26,SECOND=48,MILLISECOND=502,ZONE_OFFSET=0,DST_OFFSET=0], message=null}
04:26:48.511 [main] DEBUG org.hibernate.SQL - insert into LogEntries (logCode, message, primaryUser, secondaryUser, time, id) values (?, ?, ?, ?, ?, ?)
Hibernate: insert into LogEntries (logCode, message, primaryUser, secondaryUser, time, id) values (?, ?, ?, ?, ?, ?)
04:26:48.512 [main] DEBUG o.h.e.j.internal.JdbcCoordinatorImpl - HHH000420: Closing un-released batch
04:26:48.513 [main] DEBUG o.h.e.t.internal.TransactionImpl - begin
04:26:48.514 [main] DEBUG org.hibernate.SQL - select next_val as id_val from hibernate_sequence for update
Hibernate: select next_val as id_val from hibernate_sequence for update
04:26:48.514 [main] DEBUG org.hibernate.SQL - update hibernate_sequence set next_val= ? where next_val=?
Hibernate: update hibernate_sequence set next_val= ? where next_val=?
04:26:48.515 [main] DEBUG o.h.e.i.AbstractSaveEventListener - Generated identifier: 134, using strategy: org.hibernate.id.enhanced.SequenceStyleGenerator
04:26:48.516 [main] DEBUG o.h.e.t.internal.TransactionImpl - committing
04:26:48.516 [main] DEBUG o.h.e.i.AbstractFlushingEventListener - Processing flush-time cascades
04:26:48.516 [main] DEBUG o.h.e.i.AbstractFlushingEventListener - Dirty checking collections
04:26:48.516 [main] DEBUG o.h.e.i.AbstractFlushingEventListener - Flushed: 1 insertions, 0 updates, 0 deletions to 1 objects
04:26:48.516 [main] DEBUG o.h.e.i.AbstractFlushingEventListener - Flushed: 0 (re)creations, 0 updates, 0 removals to 0 collections
04:26:48.516 [main] DEBUG o.h.internal.util.EntityPrinter - Listing entities:
04:26:48.517 [main] DEBUG o.h.internal.util.EntityPrinter - edu.ncsu.csc.itrust2.models.persistent.LogEntry{secondaryUser=null, logCode=5, primaryUser=logapitest, id=134, time=java.util.GregorianCalendar[time=1521606408513,areFieldsSet=true,areAllFieldsSet=true,lenient=true,zone=sun.util.calendar.ZoneInfo[id="Etc/UTC",offset=0,dstSavings=0,useDaylight=false,transitions=0,lastRule=null],firstDayOfWeek=1,minimalDaysInFirstWeek=1,ERA=1,YEAR=2018,MONTH=2,WEEK_OF_YEAR=12,WEEK_OF_MONTH=4,DAY_OF_MONTH=21,DAY_OF_YEAR=80,DAY_OF_WEEK=4,DAY_OF_WEEK_IN_MONTH=3,AM_PM=0,HOUR=4,HOUR_OF_DAY=4,MINUTE=26,SECOND=48,MILLISECOND=513,ZONE_OFFSET=0,DST_OFFSET=0], message=null}
04:26:48.517 [main] DEBUG org.hibernate.SQL - insert into LogEntries (logCode, message, primaryUser, secondaryUser, time, id) values (?, ?, ?, ?, ?, ?)
Hibernate: insert into LogEntries (logCode, message, primaryUser, secondaryUser, time, id) values (?, ?, ?, ?, ?, ?)
04:26:48.519 [main] DEBUG o.h.e.j.internal.JdbcCoordinatorImpl - HHH000420: Closing un-released batch
04:26:48.520 [main] DEBUG o.h.e.t.internal.TransactionImpl - begin
04:26:48.520 [main] DEBUG org.hibernate.SQL - select next_val as id_val from hibernate_sequence for update
Hibernate: select next_val as id_val from hibernate_sequence for update
04:26:48.521 [main] DEBUG org.hibernate.SQL - update hibernate_sequence set next_val= ? where next_val=?
Hibernate: update hibernate_sequence set next_val= ? where next_val=?
04:26:48.522 [main] DEBUG o.h.e.i.AbstractSaveEventListener - Generated identifier: 135, using strategy: org.hibernate.id.enhanced.SequenceStyleGenerator
04:26:48.523 [main] DEBUG o.h.e.t.internal.TransactionImpl - committing
04:26:48.523 [main] DEBUG o.h.e.i.AbstractFlushingEventListener - Processing flush-time cascades
04:26:48.523 [main] DEBUG o.h.e.i.AbstractFlushingEventListener - Dirty checking collections
04:26:48.523 [main] DEBUG o.h.e.i.AbstractFlushingEventListener - Flushed: 1 insertions, 0 updates, 0 deletions to 1 objects
04:26:48.523 [main] DEBUG o.h.e.i.AbstractFlushingEventListener - Flushed: 0 (re)creations, 0 updates, 0 removals to 0 collections
04:26:48.523 [main] DEBUG o.h.internal.util.EntityPrinter - Listing entities:
04:26:48.523 [main] DEBUG o.h.internal.util.EntityPrinter - edu.ncsu.csc.itrust2.models.persistent.LogEntry{secondaryUser=null, logCode=5, primaryUser=logapitest, id=135, time=java.util.GregorianCalendar[time=1521606408519,areFieldsSet=true,areAllFieldsSet=true,lenient=true,zone=sun.util.calendar.ZoneInfo[id="Etc/UTC",offset=0,dstSavings=0,useDaylight=false,transitions=0,lastRule=null],firstDayOfWeek=1,minimalDaysInFirstWeek=1,ERA=1,YEAR=2018,MONTH=2,WEEK_OF_YEAR=12,WEEK_OF_MONTH=4,DAY_OF_MONTH=21,DAY_OF_YEAR=80,DAY_OF_WEEK=4,DAY_OF_WEEK_IN_MONTH=3,AM_PM=0,HOUR=4,HOUR_OF_DAY=4,MINUTE=26,SECOND=48,MILLISECOND=519,ZONE_OFFSET=0,DST_OFFSET=0], message=null}
04:26:48.524 [main] DEBUG org.hibernate.SQL - insert into LogEntries (logCode, message, primaryUser, secondaryUser, time, id) values (?, ?, ?, ?, ?, ?)
Hibernate: insert into LogEntries (logCode, message, primaryUser, secondaryUser, time, id) values (?, ?, ?, ?, ?, ?)
04:26:48.525 [main] DEBUG o.h.e.j.internal.JdbcCoordinatorImpl - HHH000420: Closing un-released batch
04:26:48.526 [main] DEBUG o.h.e.t.internal.TransactionImpl - begin
04:26:48.527 [main] DEBUG org.hibernate.SQL - select next_val as id_val from hibernate_sequence for update
Hibernate: select next_val as id_val from hibernate_sequence for update
04:26:48.527 [main] DEBUG org.hibernate.SQL - update hibernate_sequence set next_val= ? where next_val=?
Hibernate: update hibernate_sequence set next_val= ? where next_val=?
04:26:48.528 [main] DEBUG o.h.e.i.AbstractSaveEventListener - Generated identifier: 136, using strategy: org.hibernate.id.enhanced.SequenceStyleGenerator
04:26:48.528 [main] DEBUG o.h.e.t.internal.TransactionImpl - committing
04:26:48.528 [main] DEBUG o.h.e.i.AbstractFlushingEventListener - Processing flush-time cascades
04:26:48.528 [main] DEBUG o.h.e.i.AbstractFlushingEventListener - Dirty checking collections
04:26:48.529 [main] DEBUG o.h.e.i.AbstractFlushingEventListener - Flushed: 1 insertions, 0 updates, 0 deletions to 1 objects
04:26:48.529 [main] DEBUG o.h.e.i.AbstractFlushingEventListener - Flushed: 0 (re)creations, 0 updates, 0 removals to 0 collections
04:26:48.529 [main] DEBUG o.h.internal.util.EntityPrinter - Listing entities:
04:26:48.529 [main] DEBUG o.h.internal.util.EntityPrinter - edu.ncsu.csc.itrust2.models.persistent.LogEntry{secondaryUser=null, logCode=5, primaryUser=logapitest, id=136, time=java.util.GregorianCalendar[time=1521606408526,areFieldsSet=true,areAllFieldsSet=true,lenient=true,zone=sun.util.calendar.ZoneInfo[id="Etc/UTC",offset=0,dstSavings=0,useDaylight=false,transitions=0,lastRule=null],firstDayOfWeek=1,minimalDaysInFirstWeek=1,ERA=1,YEAR=2018,MONTH=2,WEEK_OF_YEAR=12,WEEK_OF_MONTH=4,DAY_OF_MONTH=21,DAY_OF_YEAR=80,DAY_OF_WEEK=4,DAY_OF_WEEK_IN_MONTH=3,AM_PM=0,HOUR=4,HOUR_OF_DAY=4,MINUTE=26,SECOND=48,MILLISECOND=526,ZONE_OFFSET=0,DST_OFFSET=0], message=null}
04:26:48.529 [main] DEBUG org.hibernate.SQL - insert into LogEntries (logCode, message, primaryUser, secondaryUser, time, id) values (?, ?, ?, ?, ?, ?)
Hibernate: insert into LogEntries (logCode, message, primaryUser, secondaryUser, time, id) values (?, ?, ?, ?, ?, ?)
04:26:48.531 [main] DEBUG o.h.e.j.internal.JdbcCoordinatorImpl - HHH000420: Closing un-released batch
04:26:48.531 [main] DEBUG o.h.e.t.internal.TransactionImpl - begin
04:26:48.532 [main] DEBUG org.hibernate.SQL - select next_val as id_val from hibernate_sequence for update
Hibernate: select next_val as id_val from hibernate_sequence for update
04:26:48.532 [main] DEBUG org.hibernate.SQL - update hibernate_sequence set next_val= ? where next_val=?
Hibernate: update hibernate_sequence set next_val= ? where next_val=?
04:26:48.534 [main] DEBUG o.h.e.i.AbstractSaveEventListener - Generated identifier: 137, using strategy: org.hibernate.id.enhanced.SequenceStyleGenerator
04:26:48.534 [main] DEBUG o.h.e.t.internal.TransactionImpl - committing
04:26:48.534 [main] DEBUG o.h.e.i.AbstractFlushingEventListener - Processing flush-time cascades
04:26:48.534 [main] DEBUG o.h.e.i.AbstractFlushingEventListener - Dirty checking collections
04:26:48.534 [main] DEBUG o.h.e.i.AbstractFlushingEventListener - Flushed: 1 insertions, 0 updates, 0 deletions to 1 objects
04:26:48.534 [main] DEBUG o.h.e.i.AbstractFlushingEventListener - Flushed: 0 (re)creations, 0 updates, 0 removals to 0 collections
04:26:48.535 [main] DEBUG o.h.internal.util.EntityPrinter - Listing entities:
04:26:48.535 [main] DEBUG o.h.internal.util.EntityPrinter - edu.ncsu.csc.itrust2.models.persistent.LogEntry{secondaryUser=null, logCode=5, primaryUser=logapitest, id=137, time=java.util.GregorianCalendar[time=1521606408531,areFieldsSet=true,areAllFieldsSet=true,lenient=true,zone=sun.util.calendar.ZoneInfo[id="Etc/UTC",offset=0,dstSavings=0,useDaylight=false,transitions=0,lastRule=null],firstDayOfWeek=1,minimalDaysInFirstWeek=1,ERA=1,YEAR=2018,MONTH=2,WEEK_OF_YEAR=12,WEEK_OF_MONTH=4,DAY_OF_MONTH=21,DAY_OF_YEAR=80,DAY_OF_WEEK=4,DAY_OF_WEEK_IN_MONTH=3,AM_PM=0,HOUR=4,HOUR_OF_DAY=4,MINUTE=26,SECOND=48,MILLISECOND=531,ZONE_OFFSET=0,DST_OFFSET=0], message=null}
04:26:48.535 [main] DEBUG org.hibernate.SQL - insert into LogEntries (logCode, message, primaryUser, secondaryUser, time, id) values (?, ?, ?, ?, ?, ?)
Hibernate: insert into LogEntries (logCode, message, primaryUser, secondaryUser, time, id) values (?, ?, ?, ?, ?, ?)
04:26:48.536 [main] DEBUG o.h.e.j.internal.JdbcCoordinatorImpl - HHH000420: Closing un-released batch
04:26:48.537 [main] DEBUG o.h.e.t.internal.TransactionImpl - begin
04:26:48.538 [main] DEBUG org.hibernate.SQL - select next_val as id_val from hibernate_sequence for update
Hibernate: select next_val as id_val from hibernate_sequence for update
04:26:48.538 [main] DEBUG org.hibernate.SQL - update hibernate_sequence set next_val= ? where next_val=?
Hibernate: update hibernate_sequence set next_val= ? where next_val=?
04:26:48.539 [main] DEBUG o.h.e.i.AbstractSaveEventListener - Generated identifier: 138, using strategy: org.hibernate.id.enhanced.SequenceStyleGenerator
04:26:48.539 [main] DEBUG o.h.e.t.internal.TransactionImpl - committing
04:26:48.540 [main] DEBUG o.h.e.i.AbstractFlushingEventListener - Processing flush-time cascades
04:26:48.540 [main] DEBUG o.h.e.i.AbstractFlushingEventListener - Dirty checking collections
04:26:48.540 [main] DEBUG o.h.e.i.AbstractFlushingEventListener - Flushed: 1 insertions, 0 updates, 0 deletions to 1 objects
04:26:48.540 [main] DEBUG o.h.e.i.AbstractFlushingEventListener - Flushed: 0 (re)creations, 0 updates, 0 removals to 0 collections
04:26:48.540 [main] DEBUG o.h.internal.util.EntityPrinter - Listing entities:
04:26:48.540 [main] DEBUG o.h.internal.util.EntityPrinter - edu.ncsu.csc.itrust2.models.persistent.LogEntry{secondaryUser=null, logCode=5, primaryUser=logapitest, id=138, time=java.util.GregorianCalendar[time=1521606408537,areFieldsSet=true,areAllFieldsSet=true,lenient=true,zone=sun.util.calendar.ZoneInfo[id="Etc/UTC",offset=0,dstSavings=0,useDaylight=false,transitions=0,lastRule=null],firstDayOfWeek=1,minimalDaysInFirstWeek=1,ERA=1,YEAR=2018,MONTH=2,WEEK_OF_YEAR=12,WEEK_OF_MONTH=4,DAY_OF_MONTH=21,DAY_OF_YEAR=80,DAY_OF_WEEK=4,DAY_OF_WEEK_IN_MONTH=3,AM_PM=0,HOUR=4,HOUR_OF_DAY=4,MINUTE=26,SECOND=48,MILLISECOND=537,ZONE_OFFSET=0,DST_OFFSET=0], message=null}
04:26:48.541 [main] DEBUG org.hibernate.SQL - insert into LogEntries (logCode, message, primaryUser, secondaryUser, time, id) values (?, ?, ?, ?, ?, ?)
Hibernate: insert into LogEntries (logCode, message, primaryUser, secondaryUser, time, id) values (?, ?, ?, ?, ?, ?)
04:26:48.542 [main] DEBUG o.h.e.j.internal.JdbcCoordinatorImpl - HHH000420: Closing un-released batch
04:26:48.543 [main] DEBUG o.h.e.t.internal.TransactionImpl - begin
04:26:48.544 [main] DEBUG org.hibernate.SQL - select next_val as id_val from hibernate_sequence for update
Hibernate: select next_val as id_val from hibernate_sequence for update
04:26:48.544 [main] DEBUG org.hibernate.SQL - update hibernate_sequence set next_val= ? where next_val=?
Hibernate: update hibernate_sequence set next_val= ? where next_val=?
04:26:48.545 [main] DEBUG o.h.e.i.AbstractSaveEventListener - Generated identifier: 139, using strategy: org.hibernate.id.enhanced.SequenceStyleGenerator
04:26:48.546 [main] DEBUG o.h.e.t.internal.TransactionImpl - committing
04:26:48.546 [main] DEBUG o.h.e.i.AbstractFlushingEventListener - Processing flush-time cascades
04:26:48.546 [main] DEBUG o.h.e.i.AbstractFlushingEventListener - Dirty checking collections
04:26:48.546 [main] DEBUG o.h.e.i.AbstractFlushingEventListener - Flushed: 1 insertions, 0 updates, 0 deletions to 1 objects
04:26:48.546 [main] DEBUG o.h.e.i.AbstractFlushingEventListener - Flushed: 0 (re)creations, 0 updates, 0 removals to 0 collections
04:26:48.546 [main] DEBUG o.h.internal.util.EntityPrinter - Listing entities:
04:26:48.546 [main] DEBUG o.h.internal.util.EntityPrinter - edu.ncsu.csc.itrust2.models.persistent.LogEntry{secondaryUser=null, logCode=5, primaryUser=logapitest, id=139, time=java.util.GregorianCalendar[time=1521606408543,areFieldsSet=true,areAllFieldsSet=true,lenient=true,zone=sun.util.calendar.ZoneInfo[id="Etc/UTC",offset=0,dstSavings=0,useDaylight=false,transitions=0,lastRule=null],firstDayOfWeek=1,minimalDaysInFirstWeek=1,ERA=1,YEAR=2018,MONTH=2,WEEK_OF_YEAR=12,WEEK_OF_MONTH=4,DAY_OF_MONTH=21,DAY_OF_YEAR=80,DAY_OF_WEEK=4,DAY_OF_WEEK_IN_MONTH=3,AM_PM=0,HOUR=4,HOUR_OF_DAY=4,MINUTE=26,SECOND=48,MILLISECOND=543,ZONE_OFFSET=0,DST_OFFSET=0], message=null}
04:26:48.547 [main] DEBUG org.hibernate.SQL - insert into LogEntries (logCode, message, primaryUser, secondaryUser, time, id) values (?, ?, ?, ?, ?, ?)
Hibernate: insert into LogEntries (logCode, message, primaryUser, secondaryUser, time, id) values (?, ?, ?, ?, ?, ?)
04:26:48.548 [main] DEBUG o.h.e.j.internal.JdbcCoordinatorImpl - HHH000420: Closing un-released batch
04:26:48.549 [main] DEBUG o.h.e.t.internal.TransactionImpl - begin
04:26:48.549 [main] DEBUG org.hibernate.SQL - select next_val as id_val from hibernate_sequence for update
Hibernate: select next_val as id_val from hibernate_sequence for update
04:26:48.550 [main] DEBUG org.hibernate.SQL - update hibernate_sequence set next_val= ? where next_val=?
Hibernate: update hibernate_sequence set next_val= ? where next_val=?
04:26:48.551 [main] DEBUG o.h.e.i.AbstractSaveEventListener - Generated identifier: 140, using strategy: org.hibernate.id.enhanced.SequenceStyleGenerator
04:26:48.551 [main] DEBUG o.h.e.t.internal.TransactionImpl - committing
04:26:48.551 [main] DEBUG o.h.e.i.AbstractFlushingEventListener - Processing flush-time cascades
04:26:48.551 [main] DEBUG o.h.e.i.AbstractFlushingEventListener - Dirty checking collections
04:26:48.551 [main] DEBUG o.h.e.i.AbstractFlushingEventListener - Flushed: 1 insertions, 0 updates, 0 deletions to 1 objects
04:26:48.551 [main] DEBUG o.h.e.i.AbstractFlushingEventListener - Flushed: 0 (re)creations, 0 updates, 0 removals to 0 collections
04:26:48.551 [main] DEBUG o.h.internal.util.EntityPrinter - Listing entities:
04:26:48.552 [main] DEBUG o.h.internal.util.EntityPrinter - edu.ncsu.csc.itrust2.models.persistent.LogEntry{secondaryUser=null, logCode=5, primaryUser=logapitest, id=140, time=java.util.GregorianCalendar[time=1521606408548,areFieldsSet=true,areAllFieldsSet=true,lenient=true,zone=sun.util.calendar.ZoneInfo[id="Etc/UTC",offset=0,dstSavings=0,useDaylight=false,transitions=0,lastRule=null],firstDayOfWeek=1,minimalDaysInFirstWeek=1,ERA=1,YEAR=2018,MONTH=2,WEEK_OF_YEAR=12,WEEK_OF_MONTH=4,DAY_OF_MONTH=21,DAY_OF_YEAR=80,DAY_OF_WEEK=4,DAY_OF_WEEK_IN_MONTH=3,AM_PM=0,HOUR=4,HOUR_OF_DAY=4,MINUTE=26,SECOND=48,MILLISECOND=548,ZONE_OFFSET=0,DST_OFFSET=0], message=null}
04:26:48.552 [main] DEBUG org.hibernate.SQL - insert into LogEntries (logCode, message, primaryUser, secondaryUser, time, id) values (?, ?, ?, ?, ?, ?)
Hibernate: insert into LogEntries (logCode, message, primaryUser, secondaryUser, time, id) values (?, ?, ?, ?, ?, ?)
04:26:48.554 [main] DEBUG o.h.e.j.internal.JdbcCoordinatorImpl - HHH000420: Closing un-released batch
04:26:48.554 [main] DEBUG o.h.e.t.internal.TransactionImpl - begin
04:26:48.555 [main] DEBUG org.hibernate.SQL - select next_val as id_val from hibernate_sequence for update
Hibernate: select next_val as id_val from hibernate_sequence for update
04:26:48.555 [main] DEBUG org.hibernate.SQL - update hibernate_sequence set next_val= ? where next_val=?
Hibernate: update hibernate_sequence set next_val= ? where next_val=?
04:26:48.556 [main] DEBUG o.h.e.i.AbstractSaveEventListener - Generated identifier: 141, using strategy: org.hibernate.id.enhanced.SequenceStyleGenerator
04:26:48.556 [main] DEBUG o.h.e.t.internal.TransactionImpl - committing
04:26:48.557 [main] DEBUG o.h.e.i.AbstractFlushingEventListener - Processing flush-time cascades
04:26:48.557 [main] DEBUG o.h.e.i.AbstractFlushingEventListener - Dirty checking collections
04:26:48.557 [main] DEBUG o.h.e.i.AbstractFlushingEventListener - Flushed: 1 insertions, 0 updates, 0 deletions to 1 objects
04:26:48.557 [main] DEBUG o.h.e.i.AbstractFlushingEventListener - Flushed: 0 (re)creations, 0 updates, 0 removals to 0 collections
04:26:48.557 [main] DEBUG o.h.internal.util.EntityPrinter - Listing entities:
04:26:48.557 [main] DEBUG o.h.internal.util.EntityPrinter - edu.ncsu.csc.itrust2.models.persistent.LogEntry{secondaryUser=null, logCode=5, primaryUser=logapitest, id=141, time=java.util.GregorianCalendar[time=1521606408554,areFieldsSet=true,areAllFieldsSet=true,lenient=true,zone=sun.util.calendar.ZoneInfo[id="Etc/UTC",offset=0,dstSavings=0,useDaylight=false,transitions=0,lastRule=null],firstDayOfWeek=1,minimalDaysInFirstWeek=1,ERA=1,YEAR=2018,MONTH=2,WEEK_OF_YEAR=12,WEEK_OF_MONTH=4,DAY_OF_MONTH=21,DAY_OF_YEAR=80,DAY_OF_WEEK=4,DAY_OF_WEEK_IN_MONTH=3,AM_PM=0,HOUR=4,HOUR_OF_DAY=4,MINUTE=26,SECOND=48,MILLISECOND=554,ZONE_OFFSET=0,DST_OFFSET=0], message=null}
04:26:48.558 [main] DEBUG org.hibernate.SQL - insert into LogEntries (logCode, message, primaryUser, secondaryUser, time, id) values (?, ?, ?, ?, ?, ?)
Hibernate: insert into LogEntries (logCode, message, primaryUser, secondaryUser, time, id) values (?, ?, ?, ?, ?, ?)
04:26:48.559 [main] DEBUG o.h.e.j.internal.JdbcCoordinatorImpl - HHH000420: Closing un-released batch
04:26:48.559 [main] DEBUG o.h.e.t.internal.TransactionImpl - begin
04:26:48.560 [main] DEBUG org.hibernate.SQL - select next_val as id_val from hibernate_sequence for update
Hibernate: select next_val as id_val from hibernate_sequence for update
04:26:48.560 [main] DEBUG org.hibernate.SQL - update hibernate_sequence set next_val= ? where next_val=?
Hibernate: update hibernate_sequence set next_val= ? where next_val=?
04:26:48.561 [main] DEBUG o.h.e.i.AbstractSaveEventListener - Generated identifier: 142, using strategy: org.hibernate.id.enhanced.SequenceStyleGenerator
04:26:48.561 [main] DEBUG o.h.e.t.internal.TransactionImpl - committing
04:26:48.562 [main] DEBUG o.h.e.i.AbstractFlushingEventListener - Processing flush-time cascades
04:26:48.562 [main] DEBUG o.h.e.i.AbstractFlushingEventListener - Dirty checking collections
04:26:48.562 [main] DEBUG o.h.e.i.AbstractFlushingEventListener - Flushed: 1 insertions, 0 updates, 0 deletions to 1 objects
04:26:48.562 [main] DEBUG o.h.e.i.AbstractFlushingEventListener - Flushed: 0 (re)creations, 0 updates, 0 removals to 0 collections
04:26:48.562 [main] DEBUG o.h.internal.util.EntityPrinter - Listing entities:
04:26:48.562 [main] DEBUG o.h.internal.util.EntityPrinter - edu.ncsu.csc.itrust2.models.persistent.LogEntry{secondaryUser=null, logCode=5, primaryUser=logapitest, id=142, time=java.util.GregorianCalendar[time=1521606408559,areFieldsSet=true,areAllFieldsSet=true,lenient=true,zone=sun.util.calendar.ZoneInfo[id="Etc/UTC",offset=0,dstSavings=0,useDaylight=false,transitions=0,lastRule=null],firstDayOfWeek=1,minimalDaysInFirstWeek=1,ERA=1,YEAR=2018,MONTH=2,WEEK_OF_YEAR=12,WEEK_OF_MONTH=4,DAY_OF_MONTH=21,DAY_OF_YEAR=80,DAY_OF_WEEK=4,DAY_OF_WEEK_IN_MONTH=3,AM_PM=0,HOUR=4,HOUR_OF_DAY=4,MINUTE=26,SECOND=48,MILLISECOND=559,ZONE_OFFSET=0,DST_OFFSET=0], message=null}
04:26:48.563 [main] DEBUG org.hibernate.SQL - insert into LogEntries (logCode, message, primaryUser, secondaryUser, time, id) values (?, ?, ?, ?, ?, ?)
Hibernate: insert into LogEntries (logCode, message, primaryUser, secondaryUser, time, id) values (?, ?, ?, ?, ?, ?)
04:26:48.564 [main] DEBUG o.h.e.j.internal.JdbcCoordinatorImpl - HHH000420: Closing un-released batch
04:26:48.564 [main] DEBUG o.h.e.t.internal.TransactionImpl - begin
04:26:48.565 [main] DEBUG org.hibernate.SQL - select next_val as id_val from hibernate_sequence for update
Hibernate: select next_val as id_val from hibernate_sequence for update
04:26:48.565 [main] DEBUG org.hibernate.SQL - update hibernate_sequence set next_val= ? where next_val=?
Hibernate: update hibernate_sequence set next_val= ? where next_val=?
04:26:48.567 [main] DEBUG o.h.e.i.AbstractSaveEventListener - Generated identifier: 143, using strategy: org.hibernate.id.enhanced.SequenceStyleGenerator
04:26:48.567 [main] DEBUG o.h.e.t.internal.TransactionImpl - committing
04:26:48.567 [main] DEBUG o.h.e.i.AbstractFlushingEventListener - Processing flush-time cascades
04:26:48.568 [main] DEBUG o.h.e.i.AbstractFlushingEventListener - Dirty checking collections
04:26:48.568 [main] DEBUG o.h.e.i.AbstractFlushingEventListener - Flushed: 1 insertions, 0 updates, 0 deletions to 1 objects
04:26:48.568 [main] DEBUG o.h.e.i.AbstractFlushingEventListener - Flushed: 0 (re)creations, 0 updates, 0 removals to 0 collections
04:26:48.568 [main] DEBUG o.h.internal.util.EntityPrinter - Listing entities:
04:26:48.568 [main] DEBUG o.h.internal.util.EntityPrinter - edu.ncsu.csc.itrust2.models.persistent.LogEntry{secondaryUser=null, logCode=5, primaryUser=logapitest, id=143, time=java.util.GregorianCalendar[time=1521606408564,areFieldsSet=true,areAllFieldsSet=true,lenient=true,zone=sun.util.calendar.ZoneInfo[id="Etc/UTC",offset=0,dstSavings=0,useDaylight=false,transitions=0,lastRule=null],firstDayOfWeek=1,minimalDaysInFirstWeek=1,ERA=1,YEAR=2018,MONTH=2,WEEK_OF_YEAR=12,WEEK_OF_MONTH=4,DAY_OF_MONTH=21,DAY_OF_YEAR=80,DAY_OF_WEEK=4,DAY_OF_WEEK_IN_MONTH=3,AM_PM=0,HOUR=4,HOUR_OF_DAY=4,MINUTE=26,SECOND=48,MILLISECOND=564,ZONE_OFFSET=0,DST_OFFSET=0], message=null}
04:26:48.569 [main] DEBUG org.hibernate.SQL - insert into LogEntries (logCode, message, primaryUser, secondaryUser, time, id) values (?, ?, ?, ?, ?, ?)
Hibernate: insert into LogEntries (logCode, message, primaryUser, secondaryUser, time, id) values (?, ?, ?, ?, ?, ?)
04:26:48.570 [main] DEBUG o.h.e.j.internal.JdbcCoordinatorImpl - HHH000420: Closing un-released batch
04:26:48.571 [main] DEBUG o.h.e.t.internal.TransactionImpl - begin
04:26:48.571 [main] DEBUG org.hibernate.SQL - select next_val as id_val from hibernate_sequence for update
Hibernate: select next_val as id_val from hibernate_sequence for update
04:26:48.572 [main] DEBUG org.hibernate.SQL - update hibernate_sequence set next_val= ? where next_val=?
Hibernate: update hibernate_sequence set next_val= ? where next_val=?
04:26:48.573 [main] DEBUG o.h.e.i.AbstractSaveEventListener - Generated identifier: 144, using strategy: org.hibernate.id.enhanced.SequenceStyleGenerator
04:26:48.573 [main] DEBUG o.h.e.t.internal.TransactionImpl - committing
04:26:48.573 [main] DEBUG o.h.e.i.AbstractFlushingEventListener - Processing flush-time cascades
04:26:48.573 [main] DEBUG o.h.e.i.AbstractFlushingEventListener - Dirty checking collections
04:26:48.573 [main] DEBUG o.h.e.i.AbstractFlushingEventListener - Flushed: 1 insertions, 0 updates, 0 deletions to 1 objects
04:26:48.574 [main] DEBUG o.h.e.i.AbstractFlushingEventListener - Flushed: 0 (re)creations, 0 updates, 0 removals to 0 collections
04:26:48.574 [main] DEBUG o.h.internal.util.EntityPrinter - Listing entities:
04:26:48.574 [main] DEBUG o.h.internal.util.EntityPrinter - edu.ncsu.csc.itrust2.models.persistent.LogEntry{secondaryUser=null, logCode=5, primaryUser=logapitest, id=144, time=java.util.GregorianCalendar[time=1521606408571,areFieldsSet=true,areAllFieldsSet=true,lenient=true,zone=sun.util.calendar.ZoneInfo[id="Etc/UTC",offset=0,dstSavings=0,useDaylight=false,transitions=0,lastRule=null],firstDayOfWeek=1,minimalDaysInFirstWeek=1,ERA=1,YEAR=2018,MONTH=2,WEEK_OF_YEAR=12,WEEK_OF_MONTH=4,DAY_OF_MONTH=21,DAY_OF_YEAR=80,DAY_OF_WEEK=4,DAY_OF_WEEK_IN_MONTH=3,AM_PM=0,HOUR=4,HOUR_OF_DAY=4,MINUTE=26,SECOND=48,MILLISECOND=571,ZONE_OFFSET=0,DST_OFFSET=0], message=null}
04:26:48.574 [main] DEBUG org.hibernate.SQL - insert into LogEntries (logCode, message, primaryUser, secondaryUser, time, id) values (?, ?, ?, ?, ?, ?)
Hibernate: insert into LogEntries (logCode, message, primaryUser, secondaryUser, time, id) values (?, ?, ?, ?, ?, ?)
04:26:48.576 [main] DEBUG o.h.e.j.internal.JdbcCoordinatorImpl - HHH000420: Closing un-released batch
04:26:48.576 [main] DEBUG o.h.e.t.internal.TransactionImpl - begin
04:26:48.577 [main] DEBUG org.hibernate.SQL - select next_val as id_val from hibernate_sequence for update
Hibernate: select next_val as id_val from hibernate_sequence for update
04:26:48.578 [main] DEBUG org.hibernate.SQL - update hibernate_sequence set next_val= ? where next_val=?
Hibernate: update hibernate_sequence set next_val= ? where next_val=?
04:26:48.580 [main] DEBUG o.h.e.i.AbstractSaveEventListener - Generated identifier: 145, using strategy: org.hibernate.id.enhanced.SequenceStyleGenerator
04:26:48.581 [main] DEBUG o.h.e.t.internal.TransactionImpl - committing
04:26:48.581 [main] DEBUG o.h.e.i.AbstractFlushingEventListener - Processing flush-time cascades
04:26:48.581 [main] DEBUG o.h.e.i.AbstractFlushingEventListener - Dirty checking collections
04:26:48.582 [main] DEBUG o.h.e.i.AbstractFlushingEventListener - Flushed: 1 insertions, 0 updates, 0 deletions to 1 objects
04:26:48.582 [main] DEBUG o.h.e.i.AbstractFlushingEventListener - Flushed: 0 (re)creations, 0 updates, 0 removals to 0 collections
04:26:48.582 [main] DEBUG o.h.internal.util.EntityPrinter - Listing entities:
04:26:48.582 [main] DEBUG o.h.internal.util.EntityPrinter - edu.ncsu.csc.itrust2.models.persistent.LogEntry{secondaryUser=null, logCode=5, primaryUser=logapitest, id=145, time=java.util.GregorianCalendar[time=1521606408576,areFieldsSet=true,areAllFieldsSet=true,lenient=true,zone=sun.util.calendar.ZoneInfo[id="Etc/UTC",offset=0,dstSavings=0,useDaylight=false,transitions=0,lastRule=null],firstDayOfWeek=1,minimalDaysInFirstWeek=1,ERA=1,YEAR=2018,MONTH=2,WEEK_OF_YEAR=12,WEEK_OF_MONTH=4,DAY_OF_MONTH=21,DAY_OF_YEAR=80,DAY_OF_WEEK=4,DAY_OF_WEEK_IN_MONTH=3,AM_PM=0,HOUR=4,HOUR_OF_DAY=4,MINUTE=26,SECOND=48,MILLISECOND=576,ZONE_OFFSET=0,DST_OFFSET=0], message=null}
04:26:48.582 [main] DEBUG org.hibernate.SQL - insert into LogEntries (logCode, message, primaryUser, secondaryUser, time, id) values (?, ?, ?, ?, ?, ?)
Hibernate: insert into LogEntries (logCode, message, primaryUser, secondaryUser, time, id) values (?, ?, ?, ?, ?, ?)
04:26:48.584 [main] DEBUG o.h.e.j.internal.JdbcCoordinatorImpl - HHH000420: Closing un-released batch
04:26:48.585 [main] DEBUG o.h.e.t.internal.TransactionImpl - begin
04:26:48.585 [main] DEBUG org.hibernate.SQL - select next_val as id_val from hibernate_sequence for update
Hibernate: select next_val as id_val from hibernate_sequence for update
04:26:48.586 [main] DEBUG org.hibernate.SQL - update hibernate_sequence set next_val= ? where next_val=?
Hibernate: update hibernate_sequence set next_val= ? where next_val=?
04:26:48.587 [main] DEBUG o.h.e.i.AbstractSaveEventListener - Generated identifier: 146, using strategy: org.hibernate.id.enhanced.SequenceStyleGenerator
04:26:48.588 [main] DEBUG o.h.e.t.internal.TransactionImpl - committing
04:26:48.588 [main] DEBUG o.h.e.i.AbstractFlushingEventListener - Processing flush-time cascades
04:26:48.588 [main] DEBUG o.h.e.i.AbstractFlushingEventListener - Dirty checking collections
04:26:48.588 [main] DEBUG o.h.e.i.AbstractFlushingEventListener - Flushed: 1 insertions, 0 updates, 0 deletions to 1 objects
04:26:48.588 [main] DEBUG o.h.e.i.AbstractFlushingEventListener - Flushed: 0 (re)creations, 0 updates, 0 removals to 0 collections
04:26:48.588 [main] DEBUG o.h.internal.util.EntityPrinter - Listing entities:
04:26:48.588 [main] DEBUG o.h.internal.util.EntityPrinter - edu.ncsu.csc.itrust2.models.persistent.LogEntry{secondaryUser=null, logCode=5, primaryUser=logapitest, id=146, time=java.util.GregorianCalendar[time=1521606408585,areFieldsSet=true,areAllFieldsSet=true,lenient=true,zone=sun.util.calendar.ZoneInfo[id="Etc/UTC",offset=0,dstSavings=0,useDaylight=false,transitions=0,lastRule=null],firstDayOfWeek=1,minimalDaysInFirstWeek=1,ERA=1,YEAR=2018,MONTH=2,WEEK_OF_YEAR=12,WEEK_OF_MONTH=4,DAY_OF_MONTH=21,DAY_OF_YEAR=80,DAY_OF_WEEK=4,DAY_OF_WEEK_IN_MONTH=3,AM_PM=0,HOUR=4,HOUR_OF_DAY=4,MINUTE=26,SECOND=48,MILLISECOND=585,ZONE_OFFSET=0,DST_OFFSET=0], message=null}
04:26:48.589 [main] DEBUG org.hibernate.SQL - insert into LogEntries (logCode, message, primaryUser, secondaryUser, time, id) values (?, ?, ?, ?, ?, ?)
Hibernate: insert into LogEntries (logCode, message, primaryUser, secondaryUser, time, id) values (?, ?, ?, ?, ?, ?)
04:26:48.591 [main] DEBUG o.h.e.j.internal.JdbcCoordinatorImpl - HHH000420: Closing un-released batch
04:26:48.591 [main] DEBUG o.h.e.t.internal.TransactionImpl - begin
04:26:48.592 [main] DEBUG org.hibernate.SQL - select next_val as id_val from hibernate_sequence for update
Hibernate: select next_val as id_val from hibernate_sequence for update
04:26:48.593 [main] DEBUG org.hibernate.SQL - update hibernate_sequence set next_val= ? where next_val=?
Hibernate: update hibernate_sequence set next_val= ? where next_val=?
04:26:48.595 [main] DEBUG o.h.e.i.AbstractSaveEventListener - Generated identifier: 147, using strategy: org.hibernate.id.enhanced.SequenceStyleGenerator
04:26:48.595 [main] DEBUG o.h.e.t.internal.TransactionImpl - committing
04:26:48.595 [main] DEBUG o.h.e.i.AbstractFlushingEventListener - Processing flush-time cascades
04:26:48.595 [main] DEBUG o.h.e.i.AbstractFlushingEventListener - Dirty checking collections
04:26:48.596 [main] DEBUG o.h.e.i.AbstractFlushingEventListener - Flushed: 1 insertions, 0 updates, 0 deletions to 1 objects
04:26:48.596 [main] DEBUG o.h.e.i.AbstractFlushingEventListener - Flushed: 0 (re)creations, 0 updates, 0 removals to 0 collections
04:26:48.596 [main] DEBUG o.h.internal.util.EntityPrinter - Listing entities:
04:26:48.596 [main] DEBUG o.h.internal.util.EntityPrinter - edu.ncsu.csc.itrust2.models.persistent.LogEntry{secondaryUser=null, logCode=5, primaryUser=logapitest, id=147, time=java.util.GregorianCalendar[time=1521606408591,areFieldsSet=true,areAllFieldsSet=true,lenient=true,zone=sun.util.calendar.ZoneInfo[id="Etc/UTC",offset=0,dstSavings=0,useDaylight=false,transitions=0,lastRule=null],firstDayOfWeek=1,minimalDaysInFirstWeek=1,ERA=1,YEAR=2018,MONTH=2,WEEK_OF_YEAR=12,WEEK_OF_MONTH=4,DAY_OF_MONTH=21,DAY_OF_YEAR=80,DAY_OF_WEEK=4,DAY_OF_WEEK_IN_MONTH=3,AM_PM=0,HOUR=4,HOUR_OF_DAY=4,MINUTE=26,SECOND=48,MILLISECOND=591,ZONE_OFFSET=0,DST_OFFSET=0], message=null}
04:26:48.596 [main] DEBUG org.hibernate.SQL - insert into LogEntries (logCode, message, primaryUser, secondaryUser, time, id) values (?, ?, ?, ?, ?, ?)
Hibernate: insert into LogEntries (logCode, message, primaryUser, secondaryUser, time, id) values (?, ?, ?, ?, ?, ?)
04:26:48.598 [main] DEBUG o.h.e.j.internal.JdbcCoordinatorImpl - HHH000420: Closing un-released batch
04:26:48.598 [main] DEBUG o.h.e.t.internal.TransactionImpl - begin
04:26:48.599 [main] DEBUG org.hibernate.SQL - select next_val as id_val from hibernate_sequence for update
Hibernate: select next_val as id_val from hibernate_sequence for update
04:26:48.599 [main] DEBUG org.hibernate.SQL - update hibernate_sequence set next_val= ? where next_val=?
Hibernate: update hibernate_sequence set next_val= ? where next_val=?
04:26:48.600 [main] DEBUG o.h.e.i.AbstractSaveEventListener - Generated identifier: 148, using strategy: org.hibernate.id.enhanced.SequenceStyleGenerator
04:26:48.601 [main] DEBUG o.h.e.t.internal.TransactionImpl - committing
04:26:48.601 [main] DEBUG o.h.e.i.AbstractFlushingEventListener - Processing flush-time cascades
04:26:48.601 [main] DEBUG o.h.e.i.AbstractFlushingEventListener - Dirty checking collections
04:26:48.601 [main] DEBUG o.h.e.i.AbstractFlushingEventListener - Flushed: 1 insertions, 0 updates, 0 deletions to 1 objects
04:26:48.601 [main] DEBUG o.h.e.i.AbstractFlushingEventListener - Flushed: 0 (re)creations, 0 updates, 0 removals to 0 collections
04:26:48.601 [main] DEBUG o.h.internal.util.EntityPrinter - Listing entities:
04:26:48.602 [main] DEBUG o.h.internal.util.EntityPrinter - edu.ncsu.csc.itrust2.models.persistent.LogEntry{secondaryUser=null, logCode=5, primaryUser=logapitest, id=148, time=java.util.GregorianCalendar[time=1521606408598,areFieldsSet=true,areAllFieldsSet=true,lenient=true,zone=sun.util.calendar.ZoneInfo[id="Etc/UTC",offset=0,dstSavings=0,useDaylight=false,transitions=0,lastRule=null],firstDayOfWeek=1,minimalDaysInFirstWeek=1,ERA=1,YEAR=2018,MONTH=2,WEEK_OF_YEAR=12,WEEK_OF_MONTH=4,DAY_OF_MONTH=21,DAY_OF_YEAR=80,DAY_OF_WEEK=4,DAY_OF_WEEK_IN_MONTH=3,AM_PM=0,HOUR=4,HOUR_OF_DAY=4,MINUTE=26,SECOND=48,MILLISECOND=598,ZONE_OFFSET=0,DST_OFFSET=0], message=null}
04:26:48.602 [main] DEBUG org.hibernate.SQL - insert into LogEntries (logCode, message, primaryUser, secondaryUser, time, id) values (?, ?, ?, ?, ?, ?)
Hibernate: insert into LogEntries (logCode, message, primaryUser, secondaryUser, time, id) values (?, ?, ?, ?, ?, ?)
04:26:48.603 [main] DEBUG o.h.e.j.internal.JdbcCoordinatorImpl - HHH000420: Closing un-released batch
04:26:48.604 [main] DEBUG o.h.e.t.internal.TransactionImpl - begin
04:26:48.604 [main] DEBUG org.hibernate.SQL - select next_val as id_val from hibernate_sequence for update
Hibernate: select next_val as id_val from hibernate_sequence for update
04:26:48.605 [main] DEBUG org.hibernate.SQL - update hibernate_sequence set next_val= ? where next_val=?
Hibernate: update hibernate_sequence set next_val= ? where next_val=?
04:26:48.606 [main] DEBUG o.h.e.i.AbstractSaveEventListener - Generated identifier: 149, using strategy: org.hibernate.id.enhanced.SequenceStyleGenerator
04:26:48.607 [main] DEBUG o.h.e.t.internal.TransactionImpl - committing
04:26:48.607 [main] DEBUG o.h.e.i.AbstractFlushingEventListener - Processing flush-time cascades
04:26:48.607 [main] DEBUG o.h.e.i.AbstractFlushingEventListener - Dirty checking collections
04:26:48.607 [main] DEBUG o.h.e.i.AbstractFlushingEventListener - Flushed: 1 insertions, 0 updates, 0 deletions to 1 objects
04:26:48.607 [main] DEBUG o.h.e.i.AbstractFlushingEventListener - Flushed: 0 (re)creations, 0 updates, 0 removals to 0 collections
04:26:48.607 [main] DEBUG o.h.internal.util.EntityPrinter - Listing entities:
04:26:48.607 [main] DEBUG o.h.internal.util.EntityPrinter - edu.ncsu.csc.itrust2.models.persistent.LogEntry{secondaryUser=null, logCode=5, primaryUser=logapitest, id=149, time=java.util.GregorianCalendar[time=1521606408604,areFieldsSet=true,areAllFieldsSet=true,lenient=true,zone=sun.util.calendar.ZoneInfo[id="Etc/UTC",offset=0,dstSavings=0,useDaylight=false,transitions=0,lastRule=null],firstDayOfWeek=1,minimalDaysInFirstWeek=1,ERA=1,YEAR=2018,MONTH=2,WEEK_OF_YEAR=12,WEEK_OF_MONTH=4,DAY_OF_MONTH=21,DAY_OF_YEAR=80,DAY_OF_WEEK=4,DAY_OF_WEEK_IN_MONTH=3,AM_PM=0,HOUR=4,HOUR_OF_DAY=4,MINUTE=26,SECOND=48,MILLISECOND=604,ZONE_OFFSET=0,DST_OFFSET=0], message=null}
04:26:48.608 [main] DEBUG org.hibernate.SQL - insert into LogEntries (logCode, message, primaryUser, secondaryUser, time, id) values (?, ?, ?, ?, ?, ?)
Hibernate: insert into LogEntries (logCode, message, primaryUser, secondaryUser, time, id) values (?, ?, ?, ?, ?, ?)
04:26:48.609 [main] DEBUG o.h.e.j.internal.JdbcCoordinatorImpl - HHH000420: Closing un-released batch
04:26:48.609 [main] DEBUG o.h.e.t.internal.TransactionImpl - begin
04:26:48.610 [main] DEBUG org.hibernate.SQL - select next_val as id_val from hibernate_sequence for update
Hibernate: select next_val as id_val from hibernate_sequence for update
04:26:48.610 [main] DEBUG org.hibernate.SQL - update hibernate_sequence set next_val= ? where next_val=?
Hibernate: update hibernate_sequence set next_val= ? where next_val=?
04:26:48.612 [main] DEBUG o.h.e.i.AbstractSaveEventListener - Generated identifier: 150, using strategy: org.hibernate.id.enhanced.SequenceStyleGenerator
04:26:48.612 [main] DEBUG o.h.e.t.internal.TransactionImpl - committing
04:26:48.613 [main] DEBUG o.h.e.i.AbstractFlushingEventListener - Processing flush-time cascades
04:26:48.613 [main] DEBUG o.h.e.i.AbstractFlushingEventListener - Dirty checking collections
04:26:48.613 [main] DEBUG o.h.e.i.AbstractFlushingEventListener - Flushed: 1 insertions, 0 updates, 0 deletions to 1 objects
04:26:48.613 [main] DEBUG o.h.e.i.AbstractFlushingEventListener - Flushed: 0 (re)creations, 0 updates, 0 removals to 0 collections
04:26:48.613 [main] DEBUG o.h.internal.util.EntityPrinter - Listing entities:
04:26:48.614 [main] DEBUG o.h.internal.util.EntityPrinter - edu.ncsu.csc.itrust2.models.persistent.LogEntry{secondaryUser=null, logCode=5, primaryUser=logapitest, id=150, time=java.util.GregorianCalendar[time=1521606408609,areFieldsSet=true,areAllFieldsSet=true,lenient=true,zone=sun.util.calendar.ZoneInfo[id="Etc/UTC",offset=0,dstSavings=0,useDaylight=false,transitions=0,lastRule=null],firstDayOfWeek=1,minimalDaysInFirstWeek=1,ERA=1,YEAR=2018,MONTH=2,WEEK_OF_YEAR=12,WEEK_OF_MONTH=4,DAY_OF_MONTH=21,DAY_OF_YEAR=80,DAY_OF_WEEK=4,DAY_OF_WEEK_IN_MONTH=3,AM_PM=0,HOUR=4,HOUR_OF_DAY=4,MINUTE=26,SECOND=48,MILLISECOND=609,ZONE_OFFSET=0,DST_OFFSET=0], message=null}
04:26:48.614 [main] DEBUG org.hibernate.SQL - insert into LogEntries (logCode, message, primaryUser, secondaryUser, time, id) values (?, ?, ?, ?, ?, ?)
Hibernate: insert into LogEntries (logCode, message, primaryUser, secondaryUser, time, id) values (?, ?, ?, ?, ?, ?)
04:26:48.617 [main] DEBUG o.h.e.j.internal.JdbcCoordinatorImpl - HHH000420: Closing un-released batch
04:26:48.618 [main] DEBUG o.h.e.t.internal.TransactionImpl - begin
04:26:48.618 [main] DEBUG org.hibernate.SQL - select next_val as id_val from hibernate_sequence for update
Hibernate: select next_val as id_val from hibernate_sequence for update
04:26:48.619 [main] DEBUG org.hibernate.SQL - update hibernate_sequence set next_val= ? where next_val=?
Hibernate: update hibernate_sequence set next_val= ? where next_val=?
04:26:48.620 [main] DEBUG o.h.e.i.AbstractSaveEventListener - Generated identifier: 151, using strategy: org.hibernate.id.enhanced.SequenceStyleGenerator
04:26:48.620 [main] DEBUG o.h.e.t.internal.TransactionImpl - committing
04:26:48.621 [main] DEBUG o.h.e.i.AbstractFlushingEventListener - Processing flush-time cascades
04:26:48.621 [main] DEBUG o.h.e.i.AbstractFlushingEventListener - Dirty checking collections
04:26:48.621 [main] DEBUG o.h.e.i.AbstractFlushingEventListener - Flushed: 1 insertions, 0 updates, 0 deletions to 1 objects
04:26:48.621 [main] DEBUG o.h.e.i.AbstractFlushingEventListener - Flushed: 0 (re)creations, 0 updates, 0 removals to 0 collections
04:26:48.621 [main] DEBUG o.h.internal.util.EntityPrinter - Listing entities:
04:26:48.621 [main] DEBUG o.h.internal.util.EntityPrinter - edu.ncsu.csc.itrust2.models.persistent.LogEntry{secondaryUser=null, logCode=5, primaryUser=logapitest, id=151, time=java.util.GregorianCalendar[time=1521606408617,areFieldsSet=true,areAllFieldsSet=true,lenient=true,zone=sun.util.calendar.ZoneInfo[id="Etc/UTC",offset=0,dstSavings=0,useDaylight=false,transitions=0,lastRule=null],firstDayOfWeek=1,minimalDaysInFirstWeek=1,ERA=1,YEAR=2018,MONTH=2,WEEK_OF_YEAR=12,WEEK_OF_MONTH=4,DAY_OF_MONTH=21,DAY_OF_YEAR=80,DAY_OF_WEEK=4,DAY_OF_WEEK_IN_MONTH=3,AM_PM=0,HOUR=4,HOUR_OF_DAY=4,MINUTE=26,SECOND=48,MILLISECOND=617,ZONE_OFFSET=0,DST_OFFSET=0], message=null}
04:26:48.622 [main] DEBUG org.hibernate.SQL - insert into LogEntries (logCode, message, primaryUser, secondaryUser, time, id) values (?, ?, ?, ?, ?, ?)
Hibernate: insert into LogEntries (logCode, message, primaryUser, secondaryUser, time, id) values (?, ?, ?, ?, ?, ?)
04:26:48.624 [main] DEBUG o.h.e.j.internal.JdbcCoordinatorImpl - HHH000420: Closing un-released batch
04:26:48.624 [main] DEBUG o.h.e.t.internal.TransactionImpl - begin
04:26:48.627 [main] DEBUG org.hibernate.SQL - select next_val as id_val from hibernate_sequence for update
Hibernate: select next_val as id_val from hibernate_sequence for update
04:26:48.628 [main] DEBUG org.hibernate.SQL - update hibernate_sequence set next_val= ? where next_val=?
Hibernate: update hibernate_sequence set next_val= ? where next_val=?
04:26:48.630 [main] DEBUG o.h.e.i.AbstractSaveEventListener - Generated identifier: 152, using strategy: org.hibernate.id.enhanced.SequenceStyleGenerator
04:26:48.631 [main] DEBUG o.h.e.t.internal.TransactionImpl - committing
04:26:48.631 [main] DEBUG o.h.e.i.AbstractFlushingEventListener - Processing flush-time cascades
04:26:48.631 [main] DEBUG o.h.e.i.AbstractFlushingEventListener - Dirty checking collections
04:26:48.631 [main] DEBUG o.h.e.i.AbstractFlushingEventListener - Flushed: 1 insertions, 0 updates, 0 deletions to 1 objects
04:26:48.631 [main] DEBUG o.h.e.i.AbstractFlushingEventListener - Flushed: 0 (re)creations, 0 updates, 0 removals to 0 collections
04:26:48.631 [main] DEBUG o.h.internal.util.EntityPrinter - Listing entities:
04:26:48.631 [main] DEBUG o.h.internal.util.EntityPrinter - edu.ncsu.csc.itrust2.models.persistent.LogEntry{secondaryUser=null, logCode=5, primaryUser=logapitest, id=152, time=java.util.GregorianCalendar[time=1521606408624,areFieldsSet=true,areAllFieldsSet=true,lenient=true,zone=sun.util.calendar.ZoneInfo[id="Etc/UTC",offset=0,dstSavings=0,useDaylight=false,transitions=0,lastRule=null],firstDayOfWeek=1,minimalDaysInFirstWeek=1,ERA=1,YEAR=2018,MONTH=2,WEEK_OF_YEAR=12,WEEK_OF_MONTH=4,DAY_OF_MONTH=21,DAY_OF_YEAR=80,DAY_OF_WEEK=4,DAY_OF_WEEK_IN_MONTH=3,AM_PM=0,HOUR=4,HOUR_OF_DAY=4,MINUTE=26,SECOND=48,MILLISECOND=624,ZONE_OFFSET=0,DST_OFFSET=0], message=null}
04:26:48.634 [main] DEBUG org.hibernate.SQL - insert into LogEntries (logCode, message, primaryUser, secondaryUser, time, id) values (?, ?, ?, ?, ?, ?)
Hibernate: insert into LogEntries (logCode, message, primaryUser, secondaryUser, time, id) values (?, ?, ?, ?, ?, ?)
04:26:48.637 [main] DEBUG o.h.e.j.internal.JdbcCoordinatorImpl - HHH000420: Closing un-released batch
04:26:48.638 [main] DEBUG o.h.e.t.internal.TransactionImpl - begin
04:26:48.639 [main] DEBUG org.hibernate.SQL - select next_val as id_val from hibernate_sequence for update
Hibernate: select next_val as id_val from hibernate_sequence for update
04:26:48.639 [main] DEBUG org.hibernate.SQL - update hibernate_sequence set next_val= ? where next_val=?
Hibernate: update hibernate_sequence set next_val= ? where next_val=?
04:26:48.640 [main] DEBUG o.h.e.i.AbstractSaveEventListener - Generated identifier: 153, using strategy: org.hibernate.id.enhanced.SequenceStyleGenerator
04:26:48.640 [main] DEBUG o.h.e.t.internal.TransactionImpl - committing
04:26:48.641 [main] DEBUG o.h.e.i.AbstractFlushingEventListener - Processing flush-time cascades
04:26:48.641 [main] DEBUG o.h.e.i.AbstractFlushingEventListener - Dirty checking collections
04:26:48.641 [main] DEBUG o.h.e.i.AbstractFlushingEventListener - Flushed: 1 insertions, 0 updates, 0 deletions to 1 objects
04:26:48.641 [main] DEBUG o.h.e.i.AbstractFlushingEventListener - Flushed: 0 (re)creations, 0 updates, 0 removals to 0 collections
04:26:48.641 [main] DEBUG o.h.internal.util.EntityPrinter - Listing entities:
04:26:48.641 [main] DEBUG o.h.internal.util.EntityPrinter - edu.ncsu.csc.itrust2.models.persistent.LogEntry{secondaryUser=null, logCode=5, primaryUser=logapitest, id=153, time=java.util.GregorianCalendar[time=1521606408638,areFieldsSet=true,areAllFieldsSet=true,lenient=true,zone=sun.util.calendar.ZoneInfo[id="Etc/UTC",offset=0,dstSavings=0,useDaylight=false,transitions=0,lastRule=null],firstDayOfWeek=1,minimalDaysInFirstWeek=1,ERA=1,YEAR=2018,MONTH=2,WEEK_OF_YEAR=12,WEEK_OF_MONTH=4,DAY_OF_MONTH=21,DAY_OF_YEAR=80,DAY_OF_WEEK=4,DAY_OF_WEEK_IN_MONTH=3,AM_PM=0,HOUR=4,HOUR_OF_DAY=4,MINUTE=26,SECOND=48,MILLISECOND=638,ZONE_OFFSET=0,DST_OFFSET=0], message=null}
04:26:48.645 [main] DEBUG org.hibernate.SQL - insert into LogEntries (logCode, message, primaryUser, secondaryUser, time, id) values (?, ?, ?, ?, ?, ?)
Hibernate: insert into LogEntries (logCode, message, primaryUser, secondaryUser, time, id) values (?, ?, ?, ?, ?, ?)
04:26:48.649 [main] DEBUG o.h.e.j.internal.JdbcCoordinatorImpl - HHH000420: Closing un-released batch
04:26:48.650 [main] DEBUG o.h.e.t.internal.TransactionImpl - begin
04:26:48.650 [main] DEBUG org.hibernate.SQL - select next_val as id_val from hibernate_sequence for update
Hibernate: select next_val as id_val from hibernate_sequence for update
04:26:48.651 [main] DEBUG org.hibernate.SQL - update hibernate_sequence set next_val= ? where next_val=?
Hibernate: update hibernate_sequence set next_val= ? where next_val=?
04:26:48.652 [main] DEBUG o.h.e.i.AbstractSaveEventListener - Generated identifier: 154, using strategy: org.hibernate.id.enhanced.SequenceStyleGenerator
04:26:48.652 [main] DEBUG o.h.e.t.internal.TransactionImpl - committing
04:26:48.652 [main] DEBUG o.h.e.i.AbstractFlushingEventListener - Processing flush-time cascades
04:26:48.652 [main] DEBUG o.h.e.i.AbstractFlushingEventListener - Dirty checking collections
04:26:48.652 [main] DEBUG o.h.e.i.AbstractFlushingEventListener - Flushed: 1 insertions, 0 updates, 0 deletions to 1 objects
04:26:48.652 [main] DEBUG o.h.e.i.AbstractFlushingEventListener - Flushed: 0 (re)creations, 0 updates, 0 removals to 0 collections
04:26:48.652 [main] DEBUG o.h.internal.util.EntityPrinter - Listing entities:
04:26:48.653 [main] DEBUG o.h.internal.util.EntityPrinter - edu.ncsu.csc.itrust2.models.persistent.LogEntry{secondaryUser=null, logCode=5, primaryUser=logapitest, id=154, time=java.util.GregorianCalendar[time=1521606408650,areFieldsSet=true,areAllFieldsSet=true,lenient=true,zone=sun.util.calendar.ZoneInfo[id="Etc/UTC",offset=0,dstSavings=0,useDaylight=false,transitions=0,lastRule=null],firstDayOfWeek=1,minimalDaysInFirstWeek=1,ERA=1,YEAR=2018,MONTH=2,WEEK_OF_YEAR=12,WEEK_OF_MONTH=4,DAY_OF_MONTH=21,DAY_OF_YEAR=80,DAY_OF_WEEK=4,DAY_OF_WEEK_IN_MONTH=3,AM_PM=0,HOUR=4,HOUR_OF_DAY=4,MINUTE=26,SECOND=48,MILLISECOND=650,ZONE_OFFSET=0,DST_OFFSET=0], message=null}
04:26:48.653 [main] DEBUG org.hibernate.SQL - insert into LogEntries (logCode, message, primaryUser, secondaryUser, time, id) values (?, ?, ?, ?, ?, ?)
Hibernate: insert into LogEntries (logCode, message, primaryUser, secondaryUser, time, id) values (?, ?, ?, ?, ?, ?)
04:26:48.655 [main] DEBUG o.h.e.j.internal.JdbcCoordinatorImpl - HHH000420: Closing un-released batch
04:26:48.655 [main] DEBUG o.h.e.t.internal.TransactionImpl - begin
04:26:48.656 [main] DEBUG org.hibernate.SQL - select next_val as id_val from hibernate_sequence for update
Hibernate: select next_val as id_val from hibernate_sequence for update
04:26:48.656 [main] DEBUG org.hibernate.SQL - update hibernate_sequence set next_val= ? where next_val=?
Hibernate: update hibernate_sequence set next_val= ? where next_val=?
04:26:48.657 [main] DEBUG o.h.e.i.AbstractSaveEventListener - Generated identifier: 155, using strategy: org.hibernate.id.enhanced.SequenceStyleGenerator
04:26:48.658 [main] DEBUG o.h.e.t.internal.TransactionImpl - committing
04:26:48.658 [main] DEBUG o.h.e.i.AbstractFlushingEventListener - Processing flush-time cascades
04:26:48.658 [main] DEBUG o.h.e.i.AbstractFlushingEventListener - Dirty checking collections
04:26:48.658 [main] DEBUG o.h.e.i.AbstractFlushingEventListener - Flushed: 1 insertions, 0 updates, 0 deletions to 1 objects
04:26:48.658 [main] DEBUG o.h.e.i.AbstractFlushingEventListener - Flushed: 0 (re)creations, 0 updates, 0 removals to 0 collections
04:26:48.658 [main] DEBUG o.h.internal.util.EntityPrinter - Listing entities:
04:26:48.658 [main] DEBUG o.h.internal.util.EntityPrinter - edu.ncsu.csc.itrust2.models.persistent.LogEntry{secondaryUser=null, logCode=5, primaryUser=logapitest, id=155, time=java.util.GregorianCalendar[time=1521606408655,areFieldsSet=true,areAllFieldsSet=true,lenient=true,zone=sun.util.calendar.ZoneInfo[id="Etc/UTC",offset=0,dstSavings=0,useDaylight=false,transitions=0,lastRule=null],firstDayOfWeek=1,minimalDaysInFirstWeek=1,ERA=1,YEAR=2018,MONTH=2,WEEK_OF_YEAR=12,WEEK_OF_MONTH=4,DAY_OF_MONTH=21,DAY_OF_YEAR=80,DAY_OF_WEEK=4,DAY_OF_WEEK_IN_MONTH=3,AM_PM=0,HOUR=4,HOUR_OF_DAY=4,MINUTE=26,SECOND=48,MILLISECOND=655,ZONE_OFFSET=0,DST_OFFSET=0], message=null}
04:26:48.659 [main] DEBUG org.hibernate.SQL - insert into LogEntries (logCode, message, primaryUser, secondaryUser, time, id) values (?, ?, ?, ?, ?, ?)
Hibernate: insert into LogEntries (logCode, message, primaryUser, secondaryUser, time, id) values (?, ?, ?, ?, ?, ?)
04:26:48.660 [main] DEBUG o.h.e.j.internal.JdbcCoordinatorImpl - HHH000420: Closing un-released batch
04:26:48.661 [main] DEBUG o.h.e.t.internal.TransactionImpl - begin
04:26:48.661 [main] DEBUG org.hibernate.SQL - select next_val as id_val from hibernate_sequence for update
Hibernate: select next_val as id_val from hibernate_sequence for update
04:26:48.662 [main] DEBUG org.hibernate.SQL - update hibernate_sequence set next_val= ? where next_val=?
Hibernate: update hibernate_sequence set next_val= ? where next_val=?
04:26:48.663 [main] DEBUG o.h.e.i.AbstractSaveEventListener - Generated identifier: 156, using strategy: org.hibernate.id.enhanced.SequenceStyleGenerator
04:26:48.663 [main] DEBUG o.h.e.t.internal.TransactionImpl - committing
04:26:48.663 [main] DEBUG o.h.e.i.AbstractFlushingEventListener - Processing flush-time cascades
04:26:48.663 [main] DEBUG o.h.e.i.AbstractFlushingEventListener - Dirty checking collections
04:26:48.663 [main] DEBUG o.h.e.i.AbstractFlushingEventListener - Flushed: 1 insertions, 0 updates, 0 deletions to 1 objects
04:26:48.663 [main] DEBUG o.h.e.i.AbstractFlushingEventListener - Flushed: 0 (re)creations, 0 updates, 0 removals to 0 collections
04:26:48.663 [main] DEBUG o.h.internal.util.EntityPrinter - Listing entities:
04:26:48.664 [main] DEBUG o.h.internal.util.EntityPrinter - edu.ncsu.csc.itrust2.models.persistent.LogEntry{secondaryUser=null, logCode=5, primaryUser=logapitest, id=156, time=java.util.GregorianCalendar[time=1521606408660,areFieldsSet=true,areAllFieldsSet=true,lenient=true,zone=sun.util.calendar.ZoneInfo[id="Etc/UTC",offset=0,dstSavings=0,useDaylight=false,transitions=0,lastRule=null],firstDayOfWeek=1,minimalDaysInFirstWeek=1,ERA=1,YEAR=2018,MONTH=2,WEEK_OF_YEAR=12,WEEK_OF_MONTH=4,DAY_OF_MONTH=21,DAY_OF_YEAR=80,DAY_OF_WEEK=4,DAY_OF_WEEK_IN_MONTH=3,AM_PM=0,HOUR=4,HOUR_OF_DAY=4,MINUTE=26,SECOND=48,MILLISECOND=660,ZONE_OFFSET=0,DST_OFFSET=0], message=null}
04:26:48.664 [main] DEBUG org.hibernate.SQL - insert into LogEntries (logCode, message, primaryUser, secondaryUser, time, id) values (?, ?, ?, ?, ?, ?)
Hibernate: insert into LogEntries (logCode, message, primaryUser, secondaryUser, time, id) values (?, ?, ?, ?, ?, ?)
04:26:48.666 [main] DEBUG o.h.e.j.internal.JdbcCoordinatorImpl - HHH000420: Closing un-released batch
04:26:48.666 [main] DEBUG o.h.e.t.internal.TransactionImpl - begin
04:26:48.667 [main] DEBUG org.hibernate.SQL - select next_val as id_val from hibernate_sequence for update
Hibernate: select next_val as id_val from hibernate_sequence for update
04:26:48.667 [main] DEBUG org.hibernate.SQL - update hibernate_sequence set next_val= ? where next_val=?
Hibernate: update hibernate_sequence set next_val= ? where next_val=?
04:26:48.668 [main] DEBUG o.h.e.i.AbstractSaveEventListener - Generated identifier: 157, using strategy: org.hibernate.id.enhanced.SequenceStyleGenerator
04:26:48.669 [main] DEBUG o.h.e.t.internal.TransactionImpl - committing
04:26:48.669 [main] DEBUG o.h.e.i.AbstractFlushingEventListener - Processing flush-time cascades
04:26:48.669 [main] DEBUG o.h.e.i.AbstractFlushingEventListener - Dirty checking collections
04:26:48.669 [main] DEBUG o.h.e.i.AbstractFlushingEventListener - Flushed: 1 insertions, 0 updates, 0 deletions to 1 objects
04:26:48.669 [main] DEBUG o.h.e.i.AbstractFlushingEventListener - Flushed: 0 (re)creations, 0 updates, 0 removals to 0 collections
04:26:48.669 [main] DEBUG o.h.internal.util.EntityPrinter - Listing entities:
04:26:48.669 [main] DEBUG o.h.internal.util.EntityPrinter - edu.ncsu.csc.itrust2.models.persistent.LogEntry{secondaryUser=null, logCode=5, primaryUser=logapitest, id=157, time=java.util.GregorianCalendar[time=1521606408666,areFieldsSet=true,areAllFieldsSet=true,lenient=true,zone=sun.util.calendar.ZoneInfo[id="Etc/UTC",offset=0,dstSavings=0,useDaylight=false,transitions=0,lastRule=null],firstDayOfWeek=1,minimalDaysInFirstWeek=1,ERA=1,YEAR=2018,MONTH=2,WEEK_OF_YEAR=12,WEEK_OF_MONTH=4,DAY_OF_MONTH=21,DAY_OF_YEAR=80,DAY_OF_WEEK=4,DAY_OF_WEEK_IN_MONTH=3,AM_PM=0,HOUR=4,HOUR_OF_DAY=4,MINUTE=26,SECOND=48,MILLISECOND=666,ZONE_OFFSET=0,DST_OFFSET=0], message=null}
04:26:48.670 [main] DEBUG org.hibernate.SQL - insert into LogEntries (logCode, message, primaryUser, secondaryUser, time, id) values (?, ?, ?, ?, ?, ?)
Hibernate: insert into LogEntries (logCode, message, primaryUser, secondaryUser, time, id) values (?, ?, ?, ?, ?, ?)
04:26:48.671 [main] DEBUG o.h.e.j.internal.JdbcCoordinatorImpl - HHH000420: Closing un-released batch
04:26:48.672 [main] DEBUG o.h.e.t.internal.TransactionImpl - begin
04:26:48.672 [main] DEBUG org.hibernate.SQL - select next_val as id_val from hibernate_sequence for update
Hibernate: select next_val as id_val from hibernate_sequence for update
04:26:48.673 [main] DEBUG org.hibernate.SQL - update hibernate_sequence set next_val= ? where next_val=?
Hibernate: update hibernate_sequence set next_val= ? where next_val=?
04:26:48.674 [main] DEBUG o.h.e.i.AbstractSaveEventListener - Generated identifier: 158, using strategy: org.hibernate.id.enhanced.SequenceStyleGenerator
04:26:48.674 [main] DEBUG o.h.e.t.internal.TransactionImpl - committing
04:26:48.674 [main] DEBUG o.h.e.i.AbstractFlushingEventListener - Processing flush-time cascades
04:26:48.674 [main] DEBUG o.h.e.i.AbstractFlushingEventListener - Dirty checking collections
04:26:48.674 [main] DEBUG o.h.e.i.AbstractFlushingEventListener - Flushed: 1 insertions, 0 updates, 0 deletions to 1 objects
04:26:48.674 [main] DEBUG o.h.e.i.AbstractFlushingEventListener - Flushed: 0 (re)creations, 0 updates, 0 removals to 0 collections
04:26:48.675 [main] DEBUG o.h.internal.util.EntityPrinter - Listing entities:
04:26:48.675 [main] DEBUG o.h.internal.util.EntityPrinter - edu.ncsu.csc.itrust2.models.persistent.LogEntry{secondaryUser=null, logCode=5, primaryUser=logapitest, id=158, time=java.util.GregorianCalendar[time=1521606408672,areFieldsSet=true,areAllFieldsSet=true,lenient=true,zone=sun.util.calendar.ZoneInfo[id="Etc/UTC",offset=0,dstSavings=0,useDaylight=false,transitions=0,lastRule=null],firstDayOfWeek=1,minimalDaysInFirstWeek=1,ERA=1,YEAR=2018,MONTH=2,WEEK_OF_YEAR=12,WEEK_OF_MONTH=4,DAY_OF_MONTH=21,DAY_OF_YEAR=80,DAY_OF_WEEK=4,DAY_OF_WEEK_IN_MONTH=3,AM_PM=0,HOUR=4,HOUR_OF_DAY=4,MINUTE=26,SECOND=48,MILLISECOND=672,ZONE_OFFSET=0,DST_OFFSET=0], message=null}
04:26:48.675 [main] DEBUG org.hibernate.SQL - insert into LogEntries (logCode, message, primaryUser, secondaryUser, time, id) values (?, ?, ?, ?, ?, ?)
Hibernate: insert into LogEntries (logCode, message, primaryUser, secondaryUser, time, id) values (?, ?, ?, ?, ?, ?)
04:26:48.676 [main] DEBUG o.h.e.j.internal.JdbcCoordinatorImpl - HHH000420: Closing un-released batch
04:26:48.677 [main] DEBUG o.h.e.t.internal.TransactionImpl - begin
04:26:48.677 [main] DEBUG org.hibernate.SQL - select next_val as id_val from hibernate_sequence for update
Hibernate: select next_val as id_val from hibernate_sequence for update
04:26:48.678 [main] DEBUG org.hibernate.SQL - update hibernate_sequence set next_val= ? where next_val=?
Hibernate: update hibernate_sequence set next_val= ? where next_val=?
04:26:48.680 [main] DEBUG o.h.e.i.AbstractSaveEventListener - Generated identifier: 159, using strategy: org.hibernate.id.enhanced.SequenceStyleGenerator
04:26:48.681 [main] DEBUG o.h.e.t.internal.TransactionImpl - committing
04:26:48.681 [main] DEBUG o.h.e.i.AbstractFlushingEventListener - Processing flush-time cascades
04:26:48.681 [main] DEBUG o.h.e.i.AbstractFlushingEventListener - Dirty checking collections
04:26:48.681 [main] DEBUG o.h.e.i.AbstractFlushingEventListener - Flushed: 1 insertions, 0 updates, 0 deletions to 1 objects
04:26:48.681 [main] DEBUG o.h.e.i.AbstractFlushingEventListener - Flushed: 0 (re)creations, 0 updates, 0 removals to 0 collections
04:26:48.681 [main] DEBUG o.h.internal.util.EntityPrinter - Listing entities:
04:26:48.682 [main] DEBUG o.h.internal.util.EntityPrinter - edu.ncsu.csc.itrust2.models.persistent.LogEntry{secondaryUser=null, logCode=5, primaryUser=logapitest, id=159, time=java.util.GregorianCalendar[time=1521606408677,areFieldsSet=true,areAllFieldsSet=true,lenient=true,zone=sun.util.calendar.ZoneInfo[id="Etc/UTC",offset=0,dstSavings=0,useDaylight=false,transitions=0,lastRule=null],firstDayOfWeek=1,minimalDaysInFirstWeek=1,ERA=1,YEAR=2018,MONTH=2,WEEK_OF_YEAR=12,WEEK_OF_MONTH=4,DAY_OF_MONTH=21,DAY_OF_YEAR=80,DAY_OF_WEEK=4,DAY_OF_WEEK_IN_MONTH=3,AM_PM=0,HOUR=4,HOUR_OF_DAY=4,MINUTE=26,SECOND=48,MILLISECOND=677,ZONE_OFFSET=0,DST_OFFSET=0], message=null}
04:26:48.682 [main] DEBUG org.hibernate.SQL - insert into LogEntries (logCode, message, primaryUser, secondaryUser, time, id) values (?, ?, ?, ?, ?, ?)
Hibernate: insert into LogEntries (logCode, message, primaryUser, secondaryUser, time, id) values (?, ?, ?, ?, ?, ?)
04:26:48.683 [main] DEBUG o.h.e.j.internal.JdbcCoordinatorImpl - HHH000420: Closing un-released batch
04:26:48.684 [main] DEBUG o.h.e.t.internal.TransactionImpl - begin
04:26:48.684 [main] DEBUG org.hibernate.SQL - select next_val as id_val from hibernate_sequence for update
Hibernate: select next_val as id_val from hibernate_sequence for update
04:26:48.685 [main] DEBUG org.hibernate.SQL - update hibernate_sequence set next_val= ? where next_val=?
Hibernate: update hibernate_sequence set next_val= ? where next_val=?
04:26:48.686 [main] DEBUG o.h.e.i.AbstractSaveEventListener - Generated identifier: 160, using strategy: org.hibernate.id.enhanced.SequenceStyleGenerator
04:26:48.686 [main] DEBUG o.h.e.t.internal.TransactionImpl - committing
04:26:48.686 [main] DEBUG o.h.e.i.AbstractFlushingEventListener - Processing flush-time cascades
04:26:48.687 [main] DEBUG o.h.e.i.AbstractFlushingEventListener - Dirty checking collections
04:26:48.687 [main] DEBUG o.h.e.i.AbstractFlushingEventListener - Flushed: 1 insertions, 0 updates, 0 deletions to 1 objects
04:26:48.687 [main] DEBUG o.h.e.i.AbstractFlushingEventListener - Flushed: 0 (re)creations, 0 updates, 0 removals to 0 collections
04:26:48.687 [main] DEBUG o.h.internal.util.EntityPrinter - Listing entities:
04:26:48.687 [main] DEBUG o.h.internal.util.EntityPrinter - edu.ncsu.csc.itrust2.models.persistent.LogEntry{secondaryUser=null, logCode=5, primaryUser=logapitest, id=160, time=java.util.GregorianCalendar[time=1521606408684,areFieldsSet=true,areAllFieldsSet=true,lenient=true,zone=sun.util.calendar.ZoneInfo[id="Etc/UTC",offset=0,dstSavings=0,useDaylight=false,transitions=0,lastRule=null],firstDayOfWeek=1,minimalDaysInFirstWeek=1,ERA=1,YEAR=2018,MONTH=2,WEEK_OF_YEAR=12,WEEK_OF_MONTH=4,DAY_OF_MONTH=21,DAY_OF_YEAR=80,DAY_OF_WEEK=4,DAY_OF_WEEK_IN_MONTH=3,AM_PM=0,HOUR=4,HOUR_OF_DAY=4,MINUTE=26,SECOND=48,MILLISECOND=684,ZONE_OFFSET=0,DST_OFFSET=0], message=null}
04:26:48.688 [main] DEBUG org.hibernate.SQL - insert into LogEntries (logCode, message, primaryUser, secondaryUser, time, id) values (?, ?, ?, ?, ?, ?)
Hibernate: insert into LogEntries (logCode, message, primaryUser, secondaryUser, time, id) values (?, ?, ?, ?, ?, ?)
04:26:48.689 [main] DEBUG o.h.e.j.internal.JdbcCoordinatorImpl - HHH000420: Closing un-released batch
04:26:48.690 [main] DEBUG o.h.e.t.internal.TransactionImpl - begin
04:26:48.690 [main] DEBUG org.hibernate.SQL - select next_val as id_val from hibernate_sequence for update
Hibernate: select next_val as id_val from hibernate_sequence for update
04:26:48.691 [main] DEBUG org.hibernate.SQL - update hibernate_sequence set next_val= ? where next_val=?
Hibernate: update hibernate_sequence set next_val= ? where next_val=?
04:26:48.692 [main] DEBUG o.h.e.i.AbstractSaveEventListener - Generated identifier: 161, using strategy: org.hibernate.id.enhanced.SequenceStyleGenerator
04:26:48.692 [main] DEBUG o.h.e.t.internal.TransactionImpl - committing
04:26:48.692 [main] DEBUG o.h.e.i.AbstractFlushingEventListener - Processing flush-time cascades
04:26:48.692 [main] DEBUG o.h.e.i.AbstractFlushingEventListener - Dirty checking collections
04:26:48.692 [main] DEBUG o.h.e.i.AbstractFlushingEventListener - Flushed: 1 insertions, 0 updates, 0 deletions to 1 objects
04:26:48.693 [main] DEBUG o.h.e.i.AbstractFlushingEventListener - Flushed: 0 (re)creations, 0 updates, 0 removals to 0 collections
04:26:48.693 [main] DEBUG o.h.internal.util.EntityPrinter - Listing entities:
04:26:48.693 [main] DEBUG o.h.internal.util.EntityPrinter - edu.ncsu.csc.itrust2.models.persistent.LogEntry{secondaryUser=null, logCode=5, primaryUser=logapitest, id=161, time=java.util.GregorianCalendar[time=1521606408689,areFieldsSet=true,areAllFieldsSet=true,lenient=true,zone=sun.util.calendar.ZoneInfo[id="Etc/UTC",offset=0,dstSavings=0,useDaylight=false,transitions=0,lastRule=null],firstDayOfWeek=1,minimalDaysInFirstWeek=1,ERA=1,YEAR=2018,MONTH=2,WEEK_OF_YEAR=12,WEEK_OF_MONTH=4,DAY_OF_MONTH=21,DAY_OF_YEAR=80,DAY_OF_WEEK=4,DAY_OF_WEEK_IN_MONTH=3,AM_PM=0,HOUR=4,HOUR_OF_DAY=4,MINUTE=26,SECOND=48,MILLISECOND=689,ZONE_OFFSET=0,DST_OFFSET=0], message=null}
04:26:48.693 [main] DEBUG org.hibernate.SQL - insert into LogEntries (logCode, message, primaryUser, secondaryUser, time, id) values (?, ?, ?, ?, ?, ?)
Hibernate: insert into LogEntries (logCode, message, primaryUser, secondaryUser, time, id) values (?, ?, ?, ?, ?, ?)
04:26:48.696 [main] DEBUG o.h.e.j.internal.JdbcCoordinatorImpl - HHH000420: Closing un-released batch
04:26:48.696 [main] DEBUG o.h.e.t.internal.TransactionImpl - begin
04:26:48.697 [main] DEBUG org.hibernate.SQL - select next_val as id_val from hibernate_sequence for update
Hibernate: select next_val as id_val from hibernate_sequence for update
04:26:48.697 [main] DEBUG org.hibernate.SQL - update hibernate_sequence set next_val= ? where next_val=?
Hibernate: update hibernate_sequence set next_val= ? where next_val=?
04:26:48.699 [main] DEBUG o.h.e.i.AbstractSaveEventListener - Generated identifier: 162, using strategy: org.hibernate.id.enhanced.SequenceStyleGenerator
04:26:48.699 [main] DEBUG o.h.e.t.internal.TransactionImpl - committing
04:26:48.699 [main] DEBUG o.h.e.i.AbstractFlushingEventListener - Processing flush-time cascades
04:26:48.699 [main] DEBUG o.h.e.i.AbstractFlushingEventListener - Dirty checking collections
04:26:48.699 [main] DEBUG o.h.e.i.AbstractFlushingEventListener - Flushed: 1 insertions, 0 updates, 0 deletions to 1 objects
04:26:48.699 [main] DEBUG o.h.e.i.AbstractFlushingEventListener - Flushed: 0 (re)creations, 0 updates, 0 removals to 0 collections
04:26:48.700 [main] DEBUG o.h.internal.util.EntityPrinter - Listing entities:
04:26:48.700 [main] DEBUG o.h.internal.util.EntityPrinter - edu.ncsu.csc.itrust2.models.persistent.LogEntry{secondaryUser=null, logCode=5, primaryUser=logapitest, id=162, time=java.util.GregorianCalendar[time=1521606408696,areFieldsSet=true,areAllFieldsSet=true,lenient=true,zone=sun.util.calendar.ZoneInfo[id="Etc/UTC",offset=0,dstSavings=0,useDaylight=false,transitions=0,lastRule=null],firstDayOfWeek=1,minimalDaysInFirstWeek=1,ERA=1,YEAR=2018,MONTH=2,WEEK_OF_YEAR=12,WEEK_OF_MONTH=4,DAY_OF_MONTH=21,DAY_OF_YEAR=80,DAY_OF_WEEK=4,DAY_OF_WEEK_IN_MONTH=3,AM_PM=0,HOUR=4,HOUR_OF_DAY=4,MINUTE=26,SECOND=48,MILLISECOND=696,ZONE_OFFSET=0,DST_OFFSET=0], message=null}
04:26:48.700 [main] DEBUG org.hibernate.SQL - insert into LogEntries (logCode, message, primaryUser, secondaryUser, time, id) values (?, ?, ?, ?, ?, ?)
Hibernate: insert into LogEntries (logCode, message, primaryUser, secondaryUser, time, id) values (?, ?, ?, ?, ?, ?)
04:26:48.702 [main] DEBUG o.h.e.j.internal.JdbcCoordinatorImpl - HHH000420: Closing un-released batch
04:26:48.702 [main] DEBUG o.h.e.t.internal.TransactionImpl - begin
04:26:48.703 [main] DEBUG org.hibernate.SQL - select next_val as id_val from hibernate_sequence for update
Hibernate: select next_val as id_val from hibernate_sequence for update
04:26:48.703 [main] DEBUG org.hibernate.SQL - update hibernate_sequence set next_val= ? where next_val=?
Hibernate: update hibernate_sequence set next_val= ? where next_val=?
04:26:48.705 [main] DEBUG o.h.e.i.AbstractSaveEventListener - Generated identifier: 163, using strategy: org.hibernate.id.enhanced.SequenceStyleGenerator
04:26:48.705 [main] DEBUG o.h.e.t.internal.TransactionImpl - committing
04:26:48.705 [main] DEBUG o.h.e.i.AbstractFlushingEventListener - Processing flush-time cascades
04:26:48.705 [main] DEBUG o.h.e.i.AbstractFlushingEventListener - Dirty checking collections
04:26:48.705 [main] DEBUG o.h.e.i.AbstractFlushingEventListener - Flushed: 1 insertions, 0 updates, 0 deletions to 1 objects
04:26:48.705 [main] DEBUG o.h.e.i.AbstractFlushingEventListener - Flushed: 0 (re)creations, 0 updates, 0 removals to 0 collections
04:26:48.705 [main] DEBUG o.h.internal.util.EntityPrinter - Listing entities:
04:26:48.706 [main] DEBUG o.h.internal.util.EntityPrinter - edu.ncsu.csc.itrust2.models.persistent.LogEntry{secondaryUser=null, logCode=5, primaryUser=logapitest, id=163, time=java.util.GregorianCalendar[time=1521606408702,areFieldsSet=true,areAllFieldsSet=true,lenient=true,zone=sun.util.calendar.ZoneInfo[id="Etc/UTC",offset=0,dstSavings=0,useDaylight=false,transitions=0,lastRule=null],firstDayOfWeek=1,minimalDaysInFirstWeek=1,ERA=1,YEAR=2018,MONTH=2,WEEK_OF_YEAR=12,WEEK_OF_MONTH=4,DAY_OF_MONTH=21,DAY_OF_YEAR=80,DAY_OF_WEEK=4,DAY_OF_WEEK_IN_MONTH=3,AM_PM=0,HOUR=4,HOUR_OF_DAY=4,MINUTE=26,SECOND=48,MILLISECOND=702,ZONE_OFFSET=0,DST_OFFSET=0], message=null}
04:26:48.706 [main] DEBUG org.hibernate.SQL - insert into LogEntries (logCode, message, primaryUser, secondaryUser, time, id) values (?, ?, ?, ?, ?, ?)
Hibernate: insert into LogEntries (logCode, message, primaryUser, secondaryUser, time, id) values (?, ?, ?, ?, ?, ?)
04:26:48.708 [main] DEBUG o.h.e.j.internal.JdbcCoordinatorImpl - HHH000420: Closing un-released batch
04:26:48.708 [main] DEBUG o.h.e.t.internal.TransactionImpl - begin
04:26:48.709 [main] DEBUG org.hibernate.SQL - select next_val as id_val from hibernate_sequence for update
Hibernate: select next_val as id_val from hibernate_sequence for update
04:26:48.709 [main] DEBUG org.hibernate.SQL - update hibernate_sequence set next_val= ? where next_val=?
Hibernate: update hibernate_sequence set next_val= ? where next_val=?
04:26:48.711 [main] DEBUG o.h.e.i.AbstractSaveEventListener - Generated identifier: 164, using strategy: org.hibernate.id.enhanced.SequenceStyleGenerator
04:26:48.711 [main] DEBUG o.h.e.t.internal.TransactionImpl - committing
04:26:48.711 [main] DEBUG o.h.e.i.AbstractFlushingEventListener - Processing flush-time cascades
04:26:48.711 [main] DEBUG o.h.e.i.AbstractFlushingEventListener - Dirty checking collections
04:26:48.711 [main] DEBUG o.h.e.i.AbstractFlushingEventListener - Flushed: 1 insertions, 0 updates, 0 deletions to 1 objects
04:26:48.711 [main] DEBUG o.h.e.i.AbstractFlushingEventListener - Flushed: 0 (re)creations, 0 updates, 0 removals to 0 collections
04:26:48.711 [main] DEBUG o.h.internal.util.EntityPrinter - Listing entities:
04:26:48.712 [main] DEBUG o.h.internal.util.EntityPrinter - edu.ncsu.csc.itrust2.models.persistent.LogEntry{secondaryUser=null, logCode=5, primaryUser=logapitest, id=164, time=java.util.GregorianCalendar[time=1521606408708,areFieldsSet=true,areAllFieldsSet=true,lenient=true,zone=sun.util.calendar.ZoneInfo[id="Etc/UTC",offset=0,dstSavings=0,useDaylight=false,transitions=0,lastRule=null],firstDayOfWeek=1,minimalDaysInFirstWeek=1,ERA=1,YEAR=2018,MONTH=2,WEEK_OF_YEAR=12,WEEK_OF_MONTH=4,DAY_OF_MONTH=21,DAY_OF_YEAR=80,DAY_OF_WEEK=4,DAY_OF_WEEK_IN_MONTH=3,AM_PM=0,HOUR=4,HOUR_OF_DAY=4,MINUTE=26,SECOND=48,MILLISECOND=708,ZONE_OFFSET=0,DST_OFFSET=0], message=null}
04:26:48.712 [main] DEBUG org.hibernate.SQL - insert into LogEntries (logCode, message, primaryUser, secondaryUser, time, id) values (?, ?, ?, ?, ?, ?)
Hibernate: insert into LogEntries (logCode, message, primaryUser, secondaryUser, time, id) values (?, ?, ?, ?, ?, ?)
04:26:48.714 [main] DEBUG o.h.e.j.internal.JdbcCoordinatorImpl - HHH000420: Closing un-released batch
04:26:48.714 [main] DEBUG o.h.e.t.internal.TransactionImpl - begin
04:26:48.715 [main] DEBUG org.hibernate.SQL - select next_val as id_val from hibernate_sequence for update
Hibernate: select next_val as id_val from hibernate_sequence for update
04:26:48.715 [main] DEBUG org.hibernate.SQL - update hibernate_sequence set next_val= ? where next_val=?
Hibernate: update hibernate_sequence set next_val= ? where next_val=?
04:26:48.716 [main] DEBUG o.h.e.i.AbstractSaveEventListener - Generated identifier: 165, using strategy: org.hibernate.id.enhanced.SequenceStyleGenerator
04:26:48.717 [main] DEBUG o.h.e.t.internal.TransactionImpl - committing
04:26:48.717 [main] DEBUG o.h.e.i.AbstractFlushingEventListener - Processing flush-time cascades
04:26:48.717 [main] DEBUG o.h.e.i.AbstractFlushingEventListener - Dirty checking collections
04:26:48.717 [main] DEBUG o.h.e.i.AbstractFlushingEventListener - Flushed: 1 insertions, 0 updates, 0 deletions to 1 objects
04:26:48.717 [main] DEBUG o.h.e.i.AbstractFlushingEventListener - Flushed: 0 (re)creations, 0 updates, 0 removals to 0 collections
04:26:48.717 [main] DEBUG o.h.internal.util.EntityPrinter - Listing entities:
04:26:48.717 [main] DEBUG o.h.internal.util.EntityPrinter - edu.ncsu.csc.itrust2.models.persistent.LogEntry{secondaryUser=null, logCode=5, primaryUser=logapitest, id=165, time=java.util.GregorianCalendar[time=1521606408714,areFieldsSet=true,areAllFieldsSet=true,lenient=true,zone=sun.util.calendar.ZoneInfo[id="Etc/UTC",offset=0,dstSavings=0,useDaylight=false,transitions=0,lastRule=null],firstDayOfWeek=1,minimalDaysInFirstWeek=1,ERA=1,YEAR=2018,MONTH=2,WEEK_OF_YEAR=12,WEEK_OF_MONTH=4,DAY_OF_MONTH=21,DAY_OF_YEAR=80,DAY_OF_WEEK=4,DAY_OF_WEEK_IN_MONTH=3,AM_PM=0,HOUR=4,HOUR_OF_DAY=4,MINUTE=26,SECOND=48,MILLISECOND=714,ZONE_OFFSET=0,DST_OFFSET=0], message=null}
04:26:48.718 [main] DEBUG org.hibernate.SQL - insert into LogEntries (logCode, message, primaryUser, secondaryUser, time, id) values (?, ?, ?, ?, ?, ?)
Hibernate: insert into LogEntries (logCode, message, primaryUser, secondaryUser, time, id) values (?, ?, ?, ?, ?, ?)
04:26:48.719 [main] DEBUG o.h.e.j.internal.JdbcCoordinatorImpl - HHH000420: Closing un-released batch
04:26:48.720 [main] DEBUG o.h.e.t.internal.TransactionImpl - begin
04:26:48.720 [main] DEBUG org.hibernate.SQL - select next_val as id_val from hibernate_sequence for update
Hibernate: select next_val as id_val from hibernate_sequence for update
04:26:48.721 [main] DEBUG org.hibernate.SQL - update hibernate_sequence set next_val= ? where next_val=?
Hibernate: update hibernate_sequence set next_val= ? where next_val=?
04:26:48.722 [main] DEBUG o.h.e.i.AbstractSaveEventListener - Generated identifier: 166, using strategy: org.hibernate.id.enhanced.SequenceStyleGenerator
04:26:48.722 [main] DEBUG o.h.e.t.internal.TransactionImpl - committing
04:26:48.722 [main] DEBUG o.h.e.i.AbstractFlushingEventListener - Processing flush-time cascades
04:26:48.722 [main] DEBUG o.h.e.i.AbstractFlushingEventListener - Dirty checking collections
04:26:48.722 [main] DEBUG o.h.e.i.AbstractFlushingEventListener - Flushed: 1 insertions, 0 updates, 0 deletions to 1 objects
04:26:48.722 [main] DEBUG o.h.e.i.AbstractFlushingEventListener - Flushed: 0 (re)creations, 0 updates, 0 removals to 0 collections
04:26:48.722 [main] DEBUG o.h.internal.util.EntityPrinter - Listing entities:
04:26:48.723 [main] DEBUG o.h.internal.util.EntityPrinter - edu.ncsu.csc.itrust2.models.persistent.LogEntry{secondaryUser=null, logCode=5, primaryUser=logapitest, id=166, time=java.util.GregorianCalendar[time=1521606408720,areFieldsSet=true,areAllFieldsSet=true,lenient=true,zone=sun.util.calendar.ZoneInfo[id="Etc/UTC",offset=0,dstSavings=0,useDaylight=false,transitions=0,lastRule=null],firstDayOfWeek=1,minimalDaysInFirstWeek=1,ERA=1,YEAR=2018,MONTH=2,WEEK_OF_YEAR=12,WEEK_OF_MONTH=4,DAY_OF_MONTH=21,DAY_OF_YEAR=80,DAY_OF_WEEK=4,DAY_OF_WEEK_IN_MONTH=3,AM_PM=0,HOUR=4,HOUR_OF_DAY=4,MINUTE=26,SECOND=48,MILLISECOND=720,ZONE_OFFSET=0,DST_OFFSET=0], message=null}
04:26:48.723 [main] DEBUG org.hibernate.SQL - insert into LogEntries (logCode, message, primaryUser, secondaryUser, time, id) values (?, ?, ?, ?, ?, ?)
Hibernate: insert into LogEntries (logCode, message, primaryUser, secondaryUser, time, id) values (?, ?, ?, ?, ?, ?)
04:26:48.724 [main] DEBUG o.h.e.j.internal.JdbcCoordinatorImpl - HHH000420: Closing un-released batch
04:26:48.725 [main] DEBUG o.h.e.t.internal.TransactionImpl - begin
04:26:48.725 [main] DEBUG org.hibernate.SQL - select next_val as id_val from hibernate_sequence for update
Hibernate: select next_val as id_val from hibernate_sequence for update
04:26:48.726 [main] DEBUG org.hibernate.SQL - update hibernate_sequence set next_val= ? where next_val=?
Hibernate: update hibernate_sequence set next_val= ? where next_val=?
04:26:48.727 [main] DEBUG o.h.e.i.AbstractSaveEventListener - Generated identifier: 167, using strategy: org.hibernate.id.enhanced.SequenceStyleGenerator
04:26:48.727 [main] DEBUG o.h.e.t.internal.TransactionImpl - committing
04:26:48.727 [main] DEBUG o.h.e.i.AbstractFlushingEventListener - Processing flush-time cascades
04:26:48.728 [main] DEBUG o.h.e.i.AbstractFlushingEventListener - Dirty checking collections
04:26:48.728 [main] DEBUG o.h.e.i.AbstractFlushingEventListener - Flushed: 1 insertions, 0 updates, 0 deletions to 1 objects
04:26:48.728 [main] DEBUG o.h.e.i.AbstractFlushingEventListener - Flushed: 0 (re)creations, 0 updates, 0 removals to 0 collections
04:26:48.728 [main] DEBUG o.h.internal.util.EntityPrinter - Listing entities:
04:26:48.728 [main] DEBUG o.h.internal.util.EntityPrinter - edu.ncsu.csc.itrust2.models.persistent.LogEntry{secondaryUser=null, logCode=5, primaryUser=logapitest, id=167, time=java.util.GregorianCalendar[time=1521606408725,areFieldsSet=true,areAllFieldsSet=true,lenient=true,zone=sun.util.calendar.ZoneInfo[id="Etc/UTC",offset=0,dstSavings=0,useDaylight=false,transitions=0,lastRule=null],firstDayOfWeek=1,minimalDaysInFirstWeek=1,ERA=1,YEAR=2018,MONTH=2,WEEK_OF_YEAR=12,WEEK_OF_MONTH=4,DAY_OF_MONTH=21,DAY_OF_YEAR=80,DAY_OF_WEEK=4,DAY_OF_WEEK_IN_MONTH=3,AM_PM=0,HOUR=4,HOUR_OF_DAY=4,MINUTE=26,SECOND=48,MILLISECOND=725,ZONE_OFFSET=0,DST_OFFSET=0], message=null}
04:26:48.729 [main] DEBUG org.hibernate.SQL - insert into LogEntries (logCode, message, primaryUser, secondaryUser, time, id) values (?, ?, ?, ?, ?, ?)
Hibernate: insert into LogEntries (logCode, message, primaryUser, secondaryUser, time, id) values (?, ?, ?, ?, ?, ?)
04:26:48.730 [main] DEBUG o.h.e.j.internal.JdbcCoordinatorImpl - HHH000420: Closing un-released batch
04:26:48.731 [main] DEBUG o.h.e.t.internal.TransactionImpl - begin
04:26:48.732 [main] DEBUG org.hibernate.SQL - select next_val as id_val from hibernate_sequence for update
Hibernate: select next_val as id_val from hibernate_sequence for update
04:26:48.732 [main] DEBUG org.hibernate.SQL - update hibernate_sequence set next_val= ? where next_val=?
Hibernate: update hibernate_sequence set next_val= ? where next_val=?
04:26:48.734 [main] DEBUG o.h.e.i.AbstractSaveEventListener - Generated identifier: 168, using strategy: org.hibernate.id.enhanced.SequenceStyleGenerator
04:26:48.734 [main] DEBUG o.h.e.t.internal.TransactionImpl - committing
04:26:48.734 [main] DEBUG o.h.e.i.AbstractFlushingEventListener - Processing flush-time cascades
04:26:48.734 [main] DEBUG o.h.e.i.AbstractFlushingEventListener - Dirty checking collections
04:26:48.734 [main] DEBUG o.h.e.i.AbstractFlushingEventListener - Flushed: 1 insertions, 0 updates, 0 deletions to 1 objects
04:26:48.734 [main] DEBUG o.h.e.i.AbstractFlushingEventListener - Flushed: 0 (re)creations, 0 updates, 0 removals to 0 collections
04:26:48.735 [main] DEBUG o.h.internal.util.EntityPrinter - Listing entities:
04:26:48.735 [main] DEBUG o.h.internal.util.EntityPrinter - edu.ncsu.csc.itrust2.models.persistent.LogEntry{secondaryUser=null, logCode=5, primaryUser=logapitest, id=168, time=java.util.GregorianCalendar[time=1521606408731,areFieldsSet=true,areAllFieldsSet=true,lenient=true,zone=sun.util.calendar.ZoneInfo[id="Etc/UTC",offset=0,dstSavings=0,useDaylight=false,transitions=0,lastRule=null],firstDayOfWeek=1,minimalDaysInFirstWeek=1,ERA=1,YEAR=2018,MONTH=2,WEEK_OF_YEAR=12,WEEK_OF_MONTH=4,DAY_OF_MONTH=21,DAY_OF_YEAR=80,DAY_OF_WEEK=4,DAY_OF_WEEK_IN_MONTH=3,AM_PM=0,HOUR=4,HOUR_OF_DAY=4,MINUTE=26,SECOND=48,MILLISECOND=731,ZONE_OFFSET=0,DST_OFFSET=0], message=null}
04:26:48.735 [main] DEBUG org.hibernate.SQL - insert into LogEntries (logCode, message, primaryUser, secondaryUser, time, id) values (?, ?, ?, ?, ?, ?)
Hibernate: insert into LogEntries (logCode, message, primaryUser, secondaryUser, time, id) values (?, ?, ?, ?, ?, ?)
04:26:48.737 [main] DEBUG o.h.e.j.internal.JdbcCoordinatorImpl - HHH000420: Closing un-released batch
04:26:48.737 [main] DEBUG o.h.e.t.internal.TransactionImpl - begin
04:26:48.738 [main] DEBUG org.hibernate.SQL - select next_val as id_val from hibernate_sequence for update
Hibernate: select next_val as id_val from hibernate_sequence for update
04:26:48.738 [main] DEBUG org.hibernate.SQL - update hibernate_sequence set next_val= ? where next_val=?
Hibernate: update hibernate_sequence set next_val= ? where next_val=?
04:26:48.740 [main] DEBUG o.h.e.i.AbstractSaveEventListener - Generated identifier: 169, using strategy: org.hibernate.id.enhanced.SequenceStyleGenerator
04:26:48.741 [main] DEBUG o.h.e.t.internal.TransactionImpl - committing
04:26:48.741 [main] DEBUG o.h.e.i.AbstractFlushingEventListener - Processing flush-time cascades
04:26:48.741 [main] DEBUG o.h.e.i.AbstractFlushingEventListener - Dirty checking collections
04:26:48.741 [main] DEBUG o.h.e.i.AbstractFlushingEventListener - Flushed: 1 insertions, 0 updates, 0 deletions to 1 objects
04:26:48.741 [main] DEBUG o.h.e.i.AbstractFlushingEventListener - Flushed: 0 (re)creations, 0 updates, 0 removals to 0 collections
04:26:48.741 [main] DEBUG o.h.internal.util.EntityPrinter - Listing entities:
04:26:48.741 [main] DEBUG o.h.internal.util.EntityPrinter - edu.ncsu.csc.itrust2.models.persistent.LogEntry{secondaryUser=null, logCode=5, primaryUser=logapitest, id=169, time=java.util.GregorianCalendar[time=1521606408737,areFieldsSet=true,areAllFieldsSet=true,lenient=true,zone=sun.util.calendar.ZoneInfo[id="Etc/UTC",offset=0,dstSavings=0,useDaylight=false,transitions=0,lastRule=null],firstDayOfWeek=1,minimalDaysInFirstWeek=1,ERA=1,YEAR=2018,MONTH=2,WEEK_OF_YEAR=12,WEEK_OF_MONTH=4,DAY_OF_MONTH=21,DAY_OF_YEAR=80,DAY_OF_WEEK=4,DAY_OF_WEEK_IN_MONTH=3,AM_PM=0,HOUR=4,HOUR_OF_DAY=4,MINUTE=26,SECOND=48,MILLISECOND=737,ZONE_OFFSET=0,DST_OFFSET=0], message=null}
04:26:48.742 [main] DEBUG org.hibernate.SQL - insert into LogEntries (logCode, message, primaryUser, secondaryUser, time, id) values (?, ?, ?, ?, ?, ?)
Hibernate: insert into LogEntries (logCode, message, primaryUser, secondaryUser, time, id) values (?, ?, ?, ?, ?, ?)
04:26:48.778 [main] DEBUG o.h.e.j.internal.JdbcCoordinatorImpl - HHH000420: Closing un-released batch
04:26:48.779 [main] DEBUG o.h.e.t.internal.TransactionImpl - begin
04:26:48.780 [main] DEBUG org.hibernate.SQL - select next_val as id_val from hibernate_sequence for update
Hibernate: select next_val as id_val from hibernate_sequence for update
04:26:48.781 [main] DEBUG org.hibernate.SQL - update hibernate_sequence set next_val= ? where next_val=?
Hibernate: update hibernate_sequence set next_val= ? where next_val=?
04:26:48.782 [main] DEBUG o.h.e.i.AbstractSaveEventListener - Generated identifier: 170, using strategy: org.hibernate.id.enhanced.SequenceStyleGenerator
04:26:48.783 [main] DEBUG o.h.e.t.internal.TransactionImpl - committing
04:26:48.783 [main] DEBUG o.h.e.i.AbstractFlushingEventListener - Processing flush-time cascades
04:26:48.783 [main] DEBUG o.h.e.i.AbstractFlushingEventListener - Dirty checking collections
04:26:48.783 [main] DEBUG o.h.e.i.AbstractFlushingEventListener - Flushed: 1 insertions, 0 updates, 0 deletions to 1 objects
04:26:48.783 [main] DEBUG o.h.e.i.AbstractFlushingEventListener - Flushed: 0 (re)creations, 0 updates, 0 removals to 0 collections
04:26:48.783 [main] DEBUG o.h.internal.util.EntityPrinter - Listing entities:
04:26:48.783 [main] DEBUG o.h.internal.util.EntityPrinter - edu.ncsu.csc.itrust2.models.persistent.LogEntry{secondaryUser=null, logCode=5, primaryUser=logapitest, id=170, time=java.util.GregorianCalendar[time=1521606408778,areFieldsSet=true,areAllFieldsSet=true,lenient=true,zone=sun.util.calendar.ZoneInfo[id="Etc/UTC",offset=0,dstSavings=0,useDaylight=false,transitions=0,lastRule=null],firstDayOfWeek=1,minimalDaysInFirstWeek=1,ERA=1,YEAR=2018,MONTH=2,WEEK_OF_YEAR=12,WEEK_OF_MONTH=4,DAY_OF_MONTH=21,DAY_OF_YEAR=80,DAY_OF_WEEK=4,DAY_OF_WEEK_IN_MONTH=3,AM_PM=0,HOUR=4,HOUR_OF_DAY=4,MINUTE=26,SECOND=48,MILLISECOND=778,ZONE_OFFSET=0,DST_OFFSET=0], message=null}
04:26:48.784 [main] DEBUG org.hibernate.SQL - insert into LogEntries (logCode, message, primaryUser, secondaryUser, time, id) values (?, ?, ?, ?, ?, ?)
Hibernate: insert into LogEntries (logCode, message, primaryUser, secondaryUser, time, id) values (?, ?, ?, ?, ?, ?)
04:26:48.785 [main] DEBUG o.h.e.j.internal.JdbcCoordinatorImpl - HHH000420: Closing un-released batch
04:26:48.786 [main] DEBUG o.h.e.t.internal.TransactionImpl - begin
04:26:48.786 [main] DEBUG org.hibernate.SQL - select next_val as id_val from hibernate_sequence for update
Hibernate: select next_val as id_val from hibernate_sequence for update
04:26:48.787 [main] DEBUG org.hibernate.SQL - update hibernate_sequence set next_val= ? where next_val=?
Hibernate: update hibernate_sequence set next_val= ? where next_val=?
04:26:48.788 [main] DEBUG o.h.e.i.AbstractSaveEventListener - Generated identifier: 171, using strategy: org.hibernate.id.enhanced.SequenceStyleGenerator
04:26:48.788 [main] DEBUG o.h.e.t.internal.TransactionImpl - committing
04:26:48.788 [main] DEBUG o.h.e.i.AbstractFlushingEventListener - Processing flush-time cascades
04:26:48.788 [main] DEBUG o.h.e.i.AbstractFlushingEventListener - Dirty checking collections
04:26:48.788 [main] DEBUG o.h.e.i.AbstractFlushingEventListener - Flushed: 1 insertions, 0 updates, 0 deletions to 1 objects
04:26:48.789 [main] DEBUG o.h.e.i.AbstractFlushingEventListener - Flushed: 0 (re)creations, 0 updates, 0 removals to 0 collections
04:26:48.789 [main] DEBUG o.h.internal.util.EntityPrinter - Listing entities:
04:26:48.789 [main] DEBUG o.h.internal.util.EntityPrinter - edu.ncsu.csc.itrust2.models.persistent.LogEntry{secondaryUser=null, logCode=5, primaryUser=logapitest, id=171, time=java.util.GregorianCalendar[time=1521606408786,areFieldsSet=true,areAllFieldsSet=true,lenient=true,zone=sun.util.calendar.ZoneInfo[id="Etc/UTC",offset=0,dstSavings=0,useDaylight=false,transitions=0,lastRule=null],firstDayOfWeek=1,minimalDaysInFirstWeek=1,ERA=1,YEAR=2018,MONTH=2,WEEK_OF_YEAR=12,WEEK_OF_MONTH=4,DAY_OF_MONTH=21,DAY_OF_YEAR=80,DAY_OF_WEEK=4,DAY_OF_WEEK_IN_MONTH=3,AM_PM=0,HOUR=4,HOUR_OF_DAY=4,MINUTE=26,SECOND=48,MILLISECOND=786,ZONE_OFFSET=0,DST_OFFSET=0], message=null}
04:26:48.789 [main] DEBUG org.hibernate.SQL - insert into LogEntries (logCode, message, primaryUser, secondaryUser, time, id) values (?, ?, ?, ?, ?, ?)
Hibernate: insert into LogEntries (logCode, message, primaryUser, secondaryUser, time, id) values (?, ?, ?, ?, ?, ?)
04:26:48.791 [main] DEBUG o.h.e.j.internal.JdbcCoordinatorImpl - HHH000420: Closing un-released batch
04:26:48.791 [main] DEBUG o.h.e.t.internal.TransactionImpl - begin
04:26:48.792 [main] DEBUG org.hibernate.SQL - select next_val as id_val from hibernate_sequence for update
Hibernate: select next_val as id_val from hibernate_sequence for update
04:26:48.792 [main] DEBUG org.hibernate.SQL - update hibernate_sequence set next_val= ? where next_val=?
Hibernate: update hibernate_sequence set next_val= ? where next_val=?
04:26:48.793 [main] DEBUG o.h.e.i.AbstractSaveEventListener - Generated identifier: 172, using strategy: org.hibernate.id.enhanced.SequenceStyleGenerator
04:26:48.794 [main] DEBUG o.h.e.t.internal.TransactionImpl - committing
04:26:48.794 [main] DEBUG o.h.e.i.AbstractFlushingEventListener - Processing flush-time cascades
04:26:48.794 [main] DEBUG o.h.e.i.AbstractFlushingEventListener - Dirty checking collections
04:26:48.795 [main] DEBUG o.h.e.i.AbstractFlushingEventListener - Flushed: 1 insertions, 0 updates, 0 deletions to 1 objects
04:26:48.795 [main] DEBUG o.h.e.i.AbstractFlushingEventListener - Flushed: 0 (re)creations, 0 updates, 0 removals to 0 collections
04:26:48.795 [main] DEBUG o.h.internal.util.EntityPrinter - Listing entities:
04:26:48.795 [main] DEBUG o.h.internal.util.EntityPrinter - edu.ncsu.csc.itrust2.models.persistent.LogEntry{secondaryUser=null, logCode=5, primaryUser=logapitest, id=172, time=java.util.GregorianCalendar[time=1521606408791,areFieldsSet=true,areAllFieldsSet=true,lenient=true,zone=sun.util.calendar.ZoneInfo[id="Etc/UTC",offset=0,dstSavings=0,useDaylight=false,transitions=0,lastRule=null],firstDayOfWeek=1,minimalDaysInFirstWeek=1,ERA=1,YEAR=2018,MONTH=2,WEEK_OF_YEAR=12,WEEK_OF_MONTH=4,DAY_OF_MONTH=21,DAY_OF_YEAR=80,DAY_OF_WEEK=4,DAY_OF_WEEK_IN_MONTH=3,AM_PM=0,HOUR=4,HOUR_OF_DAY=4,MINUTE=26,SECOND=48,MILLISECOND=791,ZONE_OFFSET=0,DST_OFFSET=0], message=null}
04:26:48.795 [main] DEBUG org.hibernate.SQL - insert into LogEntries (logCode, message, primaryUser, secondaryUser, time, id) values (?, ?, ?, ?, ?, ?)
Hibernate: insert into LogEntries (logCode, message, primaryUser, secondaryUser, time, id) values (?, ?, ?, ?, ?, ?)
04:26:48.797 [main] DEBUG o.h.e.j.internal.JdbcCoordinatorImpl - HHH000420: Closing un-released batch
04:26:48.797 [main] DEBUG o.h.e.t.internal.TransactionImpl - begin
04:26:48.798 [main] DEBUG org.hibernate.SQL - select next_val as id_val from hibernate_sequence for update
Hibernate: select next_val as id_val from hibernate_sequence for update
04:26:48.798 [main] DEBUG org.hibernate.SQL - update hibernate_sequence set next_val= ? where next_val=?
Hibernate: update hibernate_sequence set next_val= ? where next_val=?
04:26:48.799 [main] DEBUG o.h.e.i.AbstractSaveEventListener - Generated identifier: 173, using strategy: org.hibernate.id.enhanced.SequenceStyleGenerator
04:26:48.800 [main] DEBUG o.h.e.t.internal.TransactionImpl - committing
04:26:48.800 [main] DEBUG o.h.e.i.AbstractFlushingEventListener - Processing flush-time cascades
04:26:48.800 [main] DEBUG o.h.e.i.AbstractFlushingEventListener - Dirty checking collections
04:26:48.800 [main] DEBUG o.h.e.i.AbstractFlushingEventListener - Flushed: 1 insertions, 0 updates, 0 deletions to 1 objects
04:26:48.800 [main] DEBUG o.h.e.i.AbstractFlushingEventListener - Flushed: 0 (re)creations, 0 updates, 0 removals to 0 collections
04:26:48.800 [main] DEBUG o.h.internal.util.EntityPrinter - Listing entities:
04:26:48.800 [main] DEBUG o.h.internal.util.EntityPrinter - edu.ncsu.csc.itrust2.models.persistent.LogEntry{secondaryUser=null, logCode=5, primaryUser=logapitest, id=173, time=java.util.GregorianCalendar[time=1521606408797,areFieldsSet=true,areAllFieldsSet=true,lenient=true,zone=sun.util.calendar.ZoneInfo[id="Etc/UTC",offset=0,dstSavings=0,useDaylight=false,transitions=0,lastRule=null],firstDayOfWeek=1,minimalDaysInFirstWeek=1,ERA=1,YEAR=2018,MONTH=2,WEEK_OF_YEAR=12,WEEK_OF_MONTH=4,DAY_OF_MONTH=21,DAY_OF_YEAR=80,DAY_OF_WEEK=4,DAY_OF_WEEK_IN_MONTH=3,AM_PM=0,HOUR=4,HOUR_OF_DAY=4,MINUTE=26,SECOND=48,MILLISECOND=797,ZONE_OFFSET=0,DST_OFFSET=0], message=null}
04:26:48.801 [main] DEBUG org.hibernate.SQL - insert into LogEntries (logCode, message, primaryUser, secondaryUser, time, id) values (?, ?, ?, ?, ?, ?)
Hibernate: insert into LogEntries (logCode, message, primaryUser, secondaryUser, time, id) values (?, ?, ?, ?, ?, ?)
04:26:48.804 [main] DEBUG o.h.e.j.internal.JdbcCoordinatorImpl - HHH000420: Closing un-released batch
04:26:48.804 [main] DEBUG o.h.e.t.internal.TransactionImpl - begin
04:26:48.805 [main] DEBUG org.hibernate.SQL - select next_val as id_val from hibernate_sequence for update
Hibernate: select next_val as id_val from hibernate_sequence for update
04:26:48.805 [main] DEBUG org.hibernate.SQL - update hibernate_sequence set next_val= ? where next_val=?
Hibernate: update hibernate_sequence set next_val= ? where next_val=?
04:26:48.806 [main] DEBUG o.h.e.i.AbstractSaveEventListener - Generated identifier: 174, using strategy: org.hibernate.id.enhanced.SequenceStyleGenerator
04:26:48.807 [main] DEBUG o.h.e.t.internal.TransactionImpl - committing
04:26:48.807 [main] DEBUG o.h.e.i.AbstractFlushingEventListener - Processing flush-time cascades
04:26:48.807 [main] DEBUG o.h.e.i.AbstractFlushingEventListener - Dirty checking collections
04:26:48.807 [main] DEBUG o.h.e.i.AbstractFlushingEventListener - Flushed: 1 insertions, 0 updates, 0 deletions to 1 objects
04:26:48.807 [main] DEBUG o.h.e.i.AbstractFlushingEventListener - Flushed: 0 (re)creations, 0 updates, 0 removals to 0 collections
04:26:48.807 [main] DEBUG o.h.internal.util.EntityPrinter - Listing entities:
04:26:48.808 [main] DEBUG o.h.internal.util.EntityPrinter - edu.ncsu.csc.itrust2.models.persistent.LogEntry{secondaryUser=null, logCode=5, primaryUser=logapitest, id=174, time=java.util.GregorianCalendar[time=1521606408804,areFieldsSet=true,areAllFieldsSet=true,lenient=true,zone=sun.util.calendar.ZoneInfo[id="Etc/UTC",offset=0,dstSavings=0,useDaylight=false,transitions=0,lastRule=null],firstDayOfWeek=1,minimalDaysInFirstWeek=1,ERA=1,YEAR=2018,MONTH=2,WEEK_OF_YEAR=12,WEEK_OF_MONTH=4,DAY_OF_MONTH=21,DAY_OF_YEAR=80,DAY_OF_WEEK=4,DAY_OF_WEEK_IN_MONTH=3,AM_PM=0,HOUR=4,HOUR_OF_DAY=4,MINUTE=26,SECOND=48,MILLISECOND=804,ZONE_OFFSET=0,DST_OFFSET=0], message=null}
04:26:48.808 [main] DEBUG org.hibernate.SQL - insert into LogEntries (logCode, message, primaryUser, secondaryUser, time, id) values (?, ?, ?, ?, ?, ?)
Hibernate: insert into LogEntries (logCode, message, primaryUser, secondaryUser, time, id) values (?, ?, ?, ?, ?, ?)
04:26:48.810 [main] DEBUG o.h.e.j.internal.JdbcCoordinatorImpl - HHH000420: Closing un-released batch
04:26:48.811 [main] DEBUG o.h.e.t.internal.TransactionImpl - begin
04:26:48.811 [main] DEBUG org.hibernate.SQL - select next_val as id_val from hibernate_sequence for update
Hibernate: select next_val as id_val from hibernate_sequence for update
04:26:48.811 [main] DEBUG org.hibernate.SQL - update hibernate_sequence set next_val= ? where next_val=?
Hibernate: update hibernate_sequence set next_val= ? where next_val=?
04:26:48.817 [main] DEBUG o.h.e.i.AbstractSaveEventListener - Generated identifier: 175, using strategy: org.hibernate.id.enhanced.SequenceStyleGenerator
04:26:48.818 [main] DEBUG o.h.e.t.internal.TransactionImpl - committing
04:26:48.818 [main] DEBUG o.h.e.i.AbstractFlushingEventListener - Processing flush-time cascades
04:26:48.818 [main] DEBUG o.h.e.i.AbstractFlushingEventListener - Dirty checking collections
04:26:48.818 [main] DEBUG o.h.e.i.AbstractFlushingEventListener - Flushed: 1 insertions, 0 updates, 0 deletions to 1 objects
04:26:48.818 [main] DEBUG o.h.e.i.AbstractFlushingEventListener - Flushed: 0 (re)creations, 0 updates, 0 removals to 0 collections
04:26:48.818 [main] DEBUG o.h.internal.util.EntityPrinter - Listing entities:
04:26:48.818 [main] DEBUG o.h.internal.util.EntityPrinter - edu.ncsu.csc.itrust2.models.persistent.LogEntry{secondaryUser=null, logCode=5, primaryUser=logapitest, id=175, time=java.util.GregorianCalendar[time=1521606408810,areFieldsSet=true,areAllFieldsSet=true,lenient=true,zone=sun.util.calendar.ZoneInfo[id="Etc/UTC",offset=0,dstSavings=0,useDaylight=false,transitions=0,lastRule=null],firstDayOfWeek=1,minimalDaysInFirstWeek=1,ERA=1,YEAR=2018,MONTH=2,WEEK_OF_YEAR=12,WEEK_OF_MONTH=4,DAY_OF_MONTH=21,DAY_OF_YEAR=80,DAY_OF_WEEK=4,DAY_OF_WEEK_IN_MONTH=3,AM_PM=0,HOUR=4,HOUR_OF_DAY=4,MINUTE=26,SECOND=48,MILLISECOND=810,ZONE_OFFSET=0,DST_OFFSET=0], message=null}
04:26:48.819 [main] DEBUG org.hibernate.SQL - insert into LogEntries (logCode, message, primaryUser, secondaryUser, time, id) values (?, ?, ?, ?, ?, ?)
Hibernate: insert into LogEntries (logCode, message, primaryUser, secondaryUser, time, id) values (?, ?, ?, ?, ?, ?)
04:26:48.821 [main] DEBUG o.h.e.j.internal.JdbcCoordinatorImpl - HHH000420: Closing un-released batch
04:26:48.821 [main] DEBUG o.h.e.t.internal.TransactionImpl - begin
04:26:48.822 [main] DEBUG org.hibernate.SQL - select next_val as id_val from hibernate_sequence for update
Hibernate: select next_val as id_val from hibernate_sequence for update
04:26:48.823 [main] DEBUG org.hibernate.SQL - update hibernate_sequence set next_val= ? where next_val=?
Hibernate: update hibernate_sequence set next_val= ? where next_val=?
04:26:48.824 [main] DEBUG o.h.e.i.AbstractSaveEventListener - Generated identifier: 176, using strategy: org.hibernate.id.enhanced.SequenceStyleGenerator
04:26:48.825 [main] DEBUG o.h.e.t.internal.TransactionImpl - committing
04:26:48.825 [main] DEBUG o.h.e.i.AbstractFlushingEventListener - Processing flush-time cascades
04:26:48.825 [main] DEBUG o.h.e.i.AbstractFlushingEventListener - Dirty checking collections
04:26:48.825 [main] DEBUG o.h.e.i.AbstractFlushingEventListener - Flushed: 1 insertions, 0 updates, 0 deletions to 1 objects
04:26:48.825 [main] DEBUG o.h.e.i.AbstractFlushingEventListener - Flushed: 0 (re)creations, 0 updates, 0 removals to 0 collections
04:26:48.825 [main] DEBUG o.h.internal.util.EntityPrinter - Listing entities:
04:26:48.826 [main] DEBUG o.h.internal.util.EntityPrinter - edu.ncsu.csc.itrust2.models.persistent.LogEntry{secondaryUser=null, logCode=5, primaryUser=logapitest, id=176, time=java.util.GregorianCalendar[time=1521606408821,areFieldsSet=true,areAllFieldsSet=true,lenient=true,zone=sun.util.calendar.ZoneInfo[id="Etc/UTC",offset=0,dstSavings=0,useDaylight=false,transitions=0,lastRule=null],firstDayOfWeek=1,minimalDaysInFirstWeek=1,ERA=1,YEAR=2018,MONTH=2,WEEK_OF_YEAR=12,WEEK_OF_MONTH=4,DAY_OF_MONTH=21,DAY_OF_YEAR=80,DAY_OF_WEEK=4,DAY_OF_WEEK_IN_MONTH=3,AM_PM=0,HOUR=4,HOUR_OF_DAY=4,MINUTE=26,SECOND=48,MILLISECOND=821,ZONE_OFFSET=0,DST_OFFSET=0], message=null}
04:26:48.826 [main] DEBUG org.hibernate.SQL - insert into LogEntries (logCode, message, primaryUser, secondaryUser, time, id) values (?, ?, ?, ?, ?, ?)
Hibernate: insert into LogEntries (logCode, message, primaryUser, secondaryUser, time, id) values (?, ?, ?, ?, ?, ?)
04:26:48.829 [main] DEBUG o.h.e.j.internal.JdbcCoordinatorImpl - HHH000420: Closing un-released batch
04:26:48.829 [main] DEBUG o.h.e.t.internal.TransactionImpl - begin
04:26:48.830 [main] DEBUG org.hibernate.SQL - select next_val as id_val from hibernate_sequence for update
Hibernate: select next_val as id_val from hibernate_sequence for update
04:26:48.831 [main] DEBUG org.hibernate.SQL - update hibernate_sequence set next_val= ? where next_val=?
Hibernate: update hibernate_sequence set next_val= ? where next_val=?
04:26:48.832 [main] DEBUG o.h.e.i.AbstractSaveEventListener - Generated identifier: 177, using strategy: org.hibernate.id.enhanced.SequenceStyleGenerator
04:26:48.833 [main] DEBUG o.h.e.t.internal.TransactionImpl - committing
04:26:48.833 [main] DEBUG o.h.e.i.AbstractFlushingEventListener - Processing flush-time cascades
04:26:48.833 [main] DEBUG o.h.e.i.AbstractFlushingEventListener - Dirty checking collections
04:26:48.833 [main] DEBUG o.h.e.i.AbstractFlushingEventListener - Flushed: 1 insertions, 0 updates, 0 deletions to 1 objects
04:26:48.833 [main] DEBUG o.h.e.i.AbstractFlushingEventListener - Flushed: 0 (re)creations, 0 updates, 0 removals to 0 collections
04:26:48.833 [main] DEBUG o.h.internal.util.EntityPrinter - Listing entities:
04:26:48.833 [main] DEBUG o.h.internal.util.EntityPrinter - edu.ncsu.csc.itrust2.models.persistent.LogEntry{secondaryUser=null, logCode=5, primaryUser=logapitest, id=177, time=java.util.GregorianCalendar[time=1521606408829,areFieldsSet=true,areAllFieldsSet=true,lenient=true,zone=sun.util.calendar.ZoneInfo[id="Etc/UTC",offset=0,dstSavings=0,useDaylight=false,transitions=0,lastRule=null],firstDayOfWeek=1,minimalDaysInFirstWeek=1,ERA=1,YEAR=2018,MONTH=2,WEEK_OF_YEAR=12,WEEK_OF_MONTH=4,DAY_OF_MONTH=21,DAY_OF_YEAR=80,DAY_OF_WEEK=4,DAY_OF_WEEK_IN_MONTH=3,AM_PM=0,HOUR=4,HOUR_OF_DAY=4,MINUTE=26,SECOND=48,MILLISECOND=829,ZONE_OFFSET=0,DST_OFFSET=0], message=null}
04:26:48.834 [main] DEBUG org.hibernate.SQL - insert into LogEntries (logCode, message, primaryUser, secondaryUser, time, id) values (?, ?, ?, ?, ?, ?)
Hibernate: insert into LogEntries (logCode, message, primaryUser, secondaryUser, time, id) values (?, ?, ?, ?, ?, ?)
04:26:48.835 [main] DEBUG o.h.e.j.internal.JdbcCoordinatorImpl - HHH000420: Closing un-released batch
04:26:48.836 [main] DEBUG o.h.e.t.internal.TransactionImpl - begin
04:26:48.836 [main] DEBUG org.hibernate.SQL - select next_val as id_val from hibernate_sequence for update
Hibernate: select next_val as id_val from hibernate_sequence for update
04:26:48.837 [main] DEBUG org.hibernate.SQL - update hibernate_sequence set next_val= ? where next_val=?
Hibernate: update hibernate_sequence set next_val= ? where next_val=?
04:26:48.838 [main] DEBUG o.h.e.i.AbstractSaveEventListener - Generated identifier: 178, using strategy: org.hibernate.id.enhanced.SequenceStyleGenerator
04:26:48.838 [main] DEBUG o.h.e.t.internal.TransactionImpl - committing
04:26:48.838 [main] DEBUG o.h.e.i.AbstractFlushingEventListener - Processing flush-time cascades
04:26:48.839 [main] DEBUG o.h.e.i.AbstractFlushingEventListener - Dirty checking collections
04:26:48.839 [main] DEBUG o.h.e.i.AbstractFlushingEventListener - Flushed: 1 insertions, 0 updates, 0 deletions to 1 objects
04:26:48.839 [main] DEBUG o.h.e.i.AbstractFlushingEventListener - Flushed: 0 (re)creations, 0 updates, 0 removals to 0 collections
04:26:48.839 [main] DEBUG o.h.internal.util.EntityPrinter - Listing entities:
04:26:48.839 [main] DEBUG o.h.internal.util.EntityPrinter - edu.ncsu.csc.itrust2.models.persistent.LogEntry{secondaryUser=null, logCode=5, primaryUser=logapitest, id=178, time=java.util.GregorianCalendar[time=1521606408836,areFieldsSet=true,areAllFieldsSet=true,lenient=true,zone=sun.util.calendar.ZoneInfo[id="Etc/UTC",offset=0,dstSavings=0,useDaylight=false,transitions=0,lastRule=null],firstDayOfWeek=1,minimalDaysInFirstWeek=1,ERA=1,YEAR=2018,MONTH=2,WEEK_OF_YEAR=12,WEEK_OF_MONTH=4,DAY_OF_MONTH=21,DAY_OF_YEAR=80,DAY_OF_WEEK=4,DAY_OF_WEEK_IN_MONTH=3,AM_PM=0,HOUR=4,HOUR_OF_DAY=4,MINUTE=26,SECOND=48,MILLISECOND=836,ZONE_OFFSET=0,DST_OFFSET=0], message=null}
04:26:48.840 [main] DEBUG org.hibernate.SQL - insert into LogEntries (logCode, message, primaryUser, secondaryUser, time, id) values (?, ?, ?, ?, ?, ?)
Hibernate: insert into LogEntries (logCode, message, primaryUser, secondaryUser, time, id) values (?, ?, ?, ?, ?, ?)
04:26:48.841 [main] DEBUG o.h.e.j.internal.JdbcCoordinatorImpl - HHH000420: Closing un-released batch
04:26:48.841 [main] DEBUG o.h.e.t.internal.TransactionImpl - begin
04:26:48.842 [main] DEBUG org.hibernate.SQL - select next_val as id_val from hibernate_sequence for update
Hibernate: select next_val as id_val from hibernate_sequence for update
04:26:48.842 [main] DEBUG org.hibernate.SQL - update hibernate_sequence set next_val= ? where next_val=?
Hibernate: update hibernate_sequence set next_val= ? where next_val=?
04:26:48.843 [main] DEBUG o.h.e.i.AbstractSaveEventListener - Generated identifier: 179, using strategy: org.hibernate.id.enhanced.SequenceStyleGenerator
04:26:48.844 [main] DEBUG o.h.e.t.internal.TransactionImpl - committing
04:26:48.844 [main] DEBUG o.h.e.i.AbstractFlushingEventListener - Processing flush-time cascades
04:26:48.844 [main] DEBUG o.h.e.i.AbstractFlushingEventListener - Dirty checking collections
04:26:48.844 [main] DEBUG o.h.e.i.AbstractFlushingEventListener - Flushed: 1 insertions, 0 updates, 0 deletions to 1 objects
04:26:48.844 [main] DEBUG o.h.e.i.AbstractFlushingEventListener - Flushed: 0 (re)creations, 0 updates, 0 removals to 0 collections
04:26:48.844 [main] DEBUG o.h.internal.util.EntityPrinter - Listing entities:
04:26:48.844 [main] DEBUG o.h.internal.util.EntityPrinter - edu.ncsu.csc.itrust2.models.persistent.LogEntry{secondaryUser=null, logCode=5, primaryUser=logapitest, id=179, time=java.util.GregorianCalendar[time=1521606408841,areFieldsSet=true,areAllFieldsSet=true,lenient=true,zone=sun.util.calendar.ZoneInfo[id="Etc/UTC",offset=0,dstSavings=0,useDaylight=false,transitions=0,lastRule=null],firstDayOfWeek=1,minimalDaysInFirstWeek=1,ERA=1,YEAR=2018,MONTH=2,WEEK_OF_YEAR=12,WEEK_OF_MONTH=4,DAY_OF_MONTH=21,DAY_OF_YEAR=80,DAY_OF_WEEK=4,DAY_OF_WEEK_IN_MONTH=3,AM_PM=0,HOUR=4,HOUR_OF_DAY=4,MINUTE=26,SECOND=48,MILLISECOND=841,ZONE_OFFSET=0,DST_OFFSET=0], message=null}
04:26:48.845 [main] DEBUG org.hibernate.SQL - insert into LogEntries (logCode, message, primaryUser, secondaryUser, time, id) values (?, ?, ?, ?, ?, ?)
Hibernate: insert into LogEntries (logCode, message, primaryUser, secondaryUser, time, id) values (?, ?, ?, ?, ?, ?)
04:26:48.847 [main] DEBUG o.h.e.j.internal.JdbcCoordinatorImpl - HHH000420: Closing un-released batch
04:26:48.847 [main] DEBUG o.h.e.t.internal.TransactionImpl - begin
04:26:48.848 [main] DEBUG org.hibernate.SQL - select next_val as id_val from hibernate_sequence for update
Hibernate: select next_val as id_val from hibernate_sequence for update
04:26:48.848 [main] DEBUG org.hibernate.SQL - update hibernate_sequence set next_val= ? where next_val=?
Hibernate: update hibernate_sequence set next_val= ? where next_val=?
04:26:48.849 [main] DEBUG o.h.e.i.AbstractSaveEventListener - Generated identifier: 180, using strategy: org.hibernate.id.enhanced.SequenceStyleGenerator
04:26:48.850 [main] DEBUG o.h.e.t.internal.TransactionImpl - committing
04:26:48.850 [main] DEBUG o.h.e.i.AbstractFlushingEventListener - Processing flush-time cascades
04:26:48.850 [main] DEBUG o.h.e.i.AbstractFlushingEventListener - Dirty checking collections
04:26:48.850 [main] DEBUG o.h.e.i.AbstractFlushingEventListener - Flushed: 1 insertions, 0 updates, 0 deletions to 1 objects
04:26:48.850 [main] DEBUG o.h.e.i.AbstractFlushingEventListener - Flushed: 0 (re)creations, 0 updates, 0 removals to 0 collections
04:26:48.850 [main] DEBUG o.h.internal.util.EntityPrinter - Listing entities:
04:26:48.850 [main] DEBUG o.h.internal.util.EntityPrinter - edu.ncsu.csc.itrust2.models.persistent.LogEntry{secondaryUser=null, logCode=5, primaryUser=logapitest, id=180, time=java.util.GregorianCalendar[time=1521606408847,areFieldsSet=true,areAllFieldsSet=true,lenient=true,zone=sun.util.calendar.ZoneInfo[id="Etc/UTC",offset=0,dstSavings=0,useDaylight=false,transitions=0,lastRule=null],firstDayOfWeek=1,minimalDaysInFirstWeek=1,ERA=1,YEAR=2018,MONTH=2,WEEK_OF_YEAR=12,WEEK_OF_MONTH=4,DAY_OF_MONTH=21,DAY_OF_YEAR=80,DAY_OF_WEEK=4,DAY_OF_WEEK_IN_MONTH=3,AM_PM=0,HOUR=4,HOUR_OF_DAY=4,MINUTE=26,SECOND=48,MILLISECOND=847,ZONE_OFFSET=0,DST_OFFSET=0], message=null}
04:26:48.851 [main] DEBUG org.hibernate.SQL - insert into LogEntries (logCode, message, primaryUser, secondaryUser, time, id) values (?, ?, ?, ?, ?, ?)
Hibernate: insert into LogEntries (logCode, message, primaryUser, secondaryUser, time, id) values (?, ?, ?, ?, ?, ?)
04:26:48.852 [main] DEBUG o.h.e.j.internal.JdbcCoordinatorImpl - HHH000420: Closing un-released batch
04:26:48.853 [main] DEBUG o.h.e.t.internal.TransactionImpl - begin
04:26:48.853 [main] DEBUG org.hibernate.SQL - select next_val as id_val from hibernate_sequence for update
Hibernate: select next_val as id_val from hibernate_sequence for update
04:26:48.854 [main] DEBUG org.hibernate.SQL - update hibernate_sequence set next_val= ? where next_val=?
Hibernate: update hibernate_sequence set next_val= ? where next_val=?
04:26:48.855 [main] DEBUG o.h.e.i.AbstractSaveEventListener - Generated identifier: 181, using strategy: org.hibernate.id.enhanced.SequenceStyleGenerator
04:26:48.856 [main] DEBUG o.h.e.t.internal.TransactionImpl - committing
04:26:48.856 [main] DEBUG o.h.e.i.AbstractFlushingEventListener - Processing flush-time cascades
04:26:48.856 [main] DEBUG o.h.e.i.AbstractFlushingEventListener - Dirty checking collections
04:26:48.856 [main] DEBUG o.h.e.i.AbstractFlushingEventListener - Flushed: 1 insertions, 0 updates, 0 deletions to 1 objects
04:26:48.856 [main] DEBUG o.h.e.i.AbstractFlushingEventListener - Flushed: 0 (re)creations, 0 updates, 0 removals to 0 collections
04:26:48.856 [main] DEBUG o.h.internal.util.EntityPrinter - Listing entities:
04:26:48.856 [main] DEBUG o.h.internal.util.EntityPrinter - edu.ncsu.csc.itrust2.models.persistent.LogEntry{secondaryUser=null, logCode=5, primaryUser=logapitest, id=181, time=java.util.GregorianCalendar[time=1521606408853,areFieldsSet=true,areAllFieldsSet=true,lenient=true,zone=sun.util.calendar.ZoneInfo[id="Etc/UTC",offset=0,dstSavings=0,useDaylight=false,transitions=0,lastRule=null],firstDayOfWeek=1,minimalDaysInFirstWeek=1,ERA=1,YEAR=2018,MONTH=2,WEEK_OF_YEAR=12,WEEK_OF_MONTH=4,DAY_OF_MONTH=21,DAY_OF_YEAR=80,DAY_OF_WEEK=4,DAY_OF_WEEK_IN_MONTH=3,AM_PM=0,HOUR=4,HOUR_OF_DAY=4,MINUTE=26,SECOND=48,MILLISECOND=853,ZONE_OFFSET=0,DST_OFFSET=0], message=null}
04:26:48.857 [main] DEBUG org.hibernate.SQL - insert into LogEntries (logCode, message, primaryUser, secondaryUser, time, id) values (?, ?, ?, ?, ?, ?)
Hibernate: insert into LogEntries (logCode, message, primaryUser, secondaryUser, time, id) values (?, ?, ?, ?, ?, ?)
04:26:48.858 [main] DEBUG o.h.e.j.internal.JdbcCoordinatorImpl - HHH000420: Closing un-released batch
04:26:48.859 [main] DEBUG o.h.e.t.internal.TransactionImpl - begin
04:26:48.859 [main] DEBUG org.hibernate.SQL - select next_val as id_val from hibernate_sequence for update
Hibernate: select next_val as id_val from hibernate_sequence for update
04:26:48.860 [main] DEBUG org.hibernate.SQL - update hibernate_sequence set next_val= ? where next_val=?
Hibernate: update hibernate_sequence set next_val= ? where next_val=?
04:26:48.861 [main] DEBUG o.h.e.i.AbstractSaveEventListener - Generated identifier: 182, using strategy: org.hibernate.id.enhanced.SequenceStyleGenerator
04:26:48.862 [main] DEBUG o.h.e.t.internal.TransactionImpl - committing
04:26:48.862 [main] DEBUG o.h.e.i.AbstractFlushingEventListener - Processing flush-time cascades
04:26:48.862 [main] DEBUG o.h.e.i.AbstractFlushingEventListener - Dirty checking collections
04:26:48.863 [main] DEBUG o.h.e.i.AbstractFlushingEventListener - Flushed: 1 insertions, 0 updates, 0 deletions to 1 objects
04:26:48.863 [main] DEBUG o.h.e.i.AbstractFlushingEventListener - Flushed: 0 (re)creations, 0 updates, 0 removals to 0 collections
04:26:48.863 [main] DEBUG o.h.internal.util.EntityPrinter - Listing entities:
04:26:48.863 [main] DEBUG o.h.internal.util.EntityPrinter - edu.ncsu.csc.itrust2.models.persistent.LogEntry{secondaryUser=null, logCode=5, primaryUser=logapitest, id=182, time=java.util.GregorianCalendar[time=1521606408859,areFieldsSet=true,areAllFieldsSet=true,lenient=true,zone=sun.util.calendar.ZoneInfo[id="Etc/UTC",offset=0,dstSavings=0,useDaylight=false,transitions=0,lastRule=null],firstDayOfWeek=1,minimalDaysInFirstWeek=1,ERA=1,YEAR=2018,MONTH=2,WEEK_OF_YEAR=12,WEEK_OF_MONTH=4,DAY_OF_MONTH=21,DAY_OF_YEAR=80,DAY_OF_WEEK=4,DAY_OF_WEEK_IN_MONTH=3,AM_PM=0,HOUR=4,HOUR_OF_DAY=4,MINUTE=26,SECOND=48,MILLISECOND=859,ZONE_OFFSET=0,DST_OFFSET=0], message=null}
04:26:48.864 [main] DEBUG org.hibernate.SQL - insert into LogEntries (logCode, message, primaryUser, secondaryUser, time, id) values (?, ?, ?, ?, ?, ?)
Hibernate: insert into LogEntries (logCode, message, primaryUser, secondaryUser, time, id) values (?, ?, ?, ?, ?, ?)
04:26:48.866 [main] DEBUG o.h.e.j.internal.JdbcCoordinatorImpl - HHH000420: Closing un-released batch
04:26:48.867 [main] DEBUG o.h.e.t.internal.TransactionImpl - begin
04:26:48.867 [main] DEBUG org.hibernate.SQL - select next_val as id_val from hibernate_sequence for update
Hibernate: select next_val as id_val from hibernate_sequence for update
04:26:48.868 [main] DEBUG org.hibernate.SQL - update hibernate_sequence set next_val= ? where next_val=?
Hibernate: update hibernate_sequence set next_val= ? where next_val=?
04:26:48.870 [main] DEBUG o.h.e.i.AbstractSaveEventListener - Generated identifier: 183, using strategy: org.hibernate.id.enhanced.SequenceStyleGenerator
04:26:48.871 [main] DEBUG o.h.e.t.internal.TransactionImpl - committing
04:26:48.871 [main] DEBUG o.h.e.i.AbstractFlushingEventListener - Processing flush-time cascades
04:26:48.871 [main] DEBUG o.h.e.i.AbstractFlushingEventListener - Dirty checking collections
04:26:48.871 [main] DEBUG o.h.e.i.AbstractFlushingEventListener - Flushed: 1 insertions, 0 updates, 0 deletions to 1 objects
04:26:48.871 [main] DEBUG o.h.e.i.AbstractFlushingEventListener - Flushed: 0 (re)creations, 0 updates, 0 removals to 0 collections
04:26:48.871 [main] DEBUG o.h.internal.util.EntityPrinter - Listing entities:
04:26:48.872 [main] DEBUG o.h.internal.util.EntityPrinter - edu.ncsu.csc.itrust2.models.persistent.LogEntry{secondaryUser=null, logCode=5, primaryUser=logapitest, id=183, time=java.util.GregorianCalendar[time=1521606408866,areFieldsSet=true,areAllFieldsSet=true,lenient=true,zone=sun.util.calendar.ZoneInfo[id="Etc/UTC",offset=0,dstSavings=0,useDaylight=false,transitions=0,lastRule=null],firstDayOfWeek=1,minimalDaysInFirstWeek=1,ERA=1,YEAR=2018,MONTH=2,WEEK_OF_YEAR=12,WEEK_OF_MONTH=4,DAY_OF_MONTH=21,DAY_OF_YEAR=80,DAY_OF_WEEK=4,DAY_OF_WEEK_IN_MONTH=3,AM_PM=0,HOUR=4,HOUR_OF_DAY=4,MINUTE=26,SECOND=48,MILLISECOND=866,ZONE_OFFSET=0,DST_OFFSET=0], message=null}
04:26:48.872 [main] DEBUG org.hibernate.SQL - insert into LogEntries (logCode, message, primaryUser, secondaryUser, time, id) values (?, ?, ?, ?, ?, ?)
Hibernate: insert into LogEntries (logCode, message, primaryUser, secondaryUser, time, id) values (?, ?, ?, ?, ?, ?)
04:26:48.874 [main] DEBUG o.h.e.j.internal.JdbcCoordinatorImpl - HHH000420: Closing un-released batch
04:26:48.875 [main] DEBUG o.h.e.t.internal.TransactionImpl - begin
04:26:48.875 [main] DEBUG org.hibernate.SQL - select next_val as id_val from hibernate_sequence for update
Hibernate: select next_val as id_val from hibernate_sequence for update
04:26:48.876 [main] DEBUG org.hibernate.SQL - update hibernate_sequence set next_val= ? where next_val=?
Hibernate: update hibernate_sequence set next_val= ? where next_val=?
04:26:48.877 [main] DEBUG o.h.e.i.AbstractSaveEventListener - Generated identifier: 184, using strategy: org.hibernate.id.enhanced.SequenceStyleGenerator
04:26:48.877 [main] DEBUG o.h.e.t.internal.TransactionImpl - committing
04:26:48.878 [main] DEBUG o.h.e.i.AbstractFlushingEventListener - Processing flush-time cascades
04:26:48.878 [main] DEBUG o.h.e.i.AbstractFlushingEventListener - Dirty checking collections
04:26:48.878 [main] DEBUG o.h.e.i.AbstractFlushingEventListener - Flushed: 1 insertions, 0 updates, 0 deletions to 1 objects
04:26:48.878 [main] DEBUG o.h.e.i.AbstractFlushingEventListener - Flushed: 0 (re)creations, 0 updates, 0 removals to 0 collections
04:26:48.878 [main] DEBUG o.h.internal.util.EntityPrinter - Listing entities:
04:26:48.878 [main] DEBUG o.h.internal.util.EntityPrinter - edu.ncsu.csc.itrust2.models.persistent.LogEntry{secondaryUser=null, logCode=5, primaryUser=logapitest, id=184, time=java.util.GregorianCalendar[time=1521606408874,areFieldsSet=true,areAllFieldsSet=true,lenient=true,zone=sun.util.calendar.ZoneInfo[id="Etc/UTC",offset=0,dstSavings=0,useDaylight=false,transitions=0,lastRule=null],firstDayOfWeek=1,minimalDaysInFirstWeek=1,ERA=1,YEAR=2018,MONTH=2,WEEK_OF_YEAR=12,WEEK_OF_MONTH=4,DAY_OF_MONTH=21,DAY_OF_YEAR=80,DAY_OF_WEEK=4,DAY_OF_WEEK_IN_MONTH=3,AM_PM=0,HOUR=4,HOUR_OF_DAY=4,MINUTE=26,SECOND=48,MILLISECOND=874,ZONE_OFFSET=0,DST_OFFSET=0], message=null}
04:26:48.879 [main] DEBUG org.hibernate.SQL - insert into LogEntries (logCode, message, primaryUser, secondaryUser, time, id) values (?, ?, ?, ?, ?, ?)
Hibernate: insert into LogEntries (logCode, message, primaryUser, secondaryUser, time, id) values (?, ?, ?, ?, ?, ?)
04:26:48.884 [main] DEBUG o.h.e.j.internal.JdbcCoordinatorImpl - HHH000420: Closing un-released batch
04:26:48.884 [main] DEBUG o.h.e.t.internal.TransactionImpl - begin
04:26:48.885 [main] DEBUG org.hibernate.SQL - select next_val as id_val from hibernate_sequence for update
Hibernate: select next_val as id_val from hibernate_sequence for update
04:26:48.886 [main] DEBUG org.hibernate.SQL - update hibernate_sequence set next_val= ? where next_val=?
Hibernate: update hibernate_sequence set next_val= ? where next_val=?
04:26:48.887 [main] DEBUG o.h.e.i.AbstractSaveEventListener - Generated identifier: 185, using strategy: org.hibernate.id.enhanced.SequenceStyleGenerator
04:26:48.888 [main] DEBUG o.h.e.t.internal.TransactionImpl - committing
04:26:48.888 [main] DEBUG o.h.e.i.AbstractFlushingEventListener - Processing flush-time cascades
04:26:48.888 [main] DEBUG o.h.e.i.AbstractFlushingEventListener - Dirty checking collections
04:26:48.888 [main] DEBUG o.h.e.i.AbstractFlushingEventListener - Flushed: 1 insertions, 0 updates, 0 deletions to 1 objects
04:26:48.889 [main] DEBUG o.h.e.i.AbstractFlushingEventListener - Flushed: 0 (re)creations, 0 updates, 0 removals to 0 collections
04:26:48.889 [main] DEBUG o.h.internal.util.EntityPrinter - Listing entities:
04:26:48.889 [main] DEBUG o.h.internal.util.EntityPrinter - edu.ncsu.csc.itrust2.models.persistent.LogEntry{secondaryUser=null, logCode=5, primaryUser=logapitest, id=185, time=java.util.GregorianCalendar[time=1521606408884,areFieldsSet=true,areAllFieldsSet=true,lenient=true,zone=sun.util.calendar.ZoneInfo[id="Etc/UTC",offset=0,dstSavings=0,useDaylight=false,transitions=0,lastRule=null],firstDayOfWeek=1,minimalDaysInFirstWeek=1,ERA=1,YEAR=2018,MONTH=2,WEEK_OF_YEAR=12,WEEK_OF_MONTH=4,DAY_OF_MONTH=21,DAY_OF_YEAR=80,DAY_OF_WEEK=4,DAY_OF_WEEK_IN_MONTH=3,AM_PM=0,HOUR=4,HOUR_OF_DAY=4,MINUTE=26,SECOND=48,MILLISECOND=884,ZONE_OFFSET=0,DST_OFFSET=0], message=null}
04:26:48.889 [main] DEBUG org.hibernate.SQL - insert into LogEntries (logCode, message, primaryUser, secondaryUser, time, id) values (?, ?, ?, ?, ?, ?)
Hibernate: insert into LogEntries (logCode, message, primaryUser, secondaryUser, time, id) values (?, ?, ?, ?, ?, ?)
04:26:48.891 [main] DEBUG o.h.e.j.internal.JdbcCoordinatorImpl - HHH000420: Closing un-released batch
04:26:48.892 [main] DEBUG o.h.e.t.internal.TransactionImpl - begin
04:26:48.892 [main] DEBUG org.hibernate.SQL - select next_val as id_val from hibernate_sequence for update
Hibernate: select next_val as id_val from hibernate_sequence for update
04:26:48.893 [main] DEBUG org.hibernate.SQL - update hibernate_sequence set next_val= ? where next_val=?
Hibernate: update hibernate_sequence set next_val= ? where next_val=?
04:26:48.898 [main] DEBUG o.h.e.i.AbstractSaveEventListener - Generated identifier: 186, using strategy: org.hibernate.id.enhanced.SequenceStyleGenerator
04:26:48.898 [main] DEBUG o.h.e.t.internal.TransactionImpl - committing
04:26:48.899 [main] DEBUG o.h.e.i.AbstractFlushingEventListener - Processing flush-time cascades
04:26:48.899 [main] DEBUG o.h.e.i.AbstractFlushingEventListener - Dirty checking collections
04:26:48.899 [main] DEBUG o.h.e.i.AbstractFlushingEventListener - Flushed: 1 insertions, 0 updates, 0 deletions to 1 objects
04:26:48.899 [main] DEBUG o.h.e.i.AbstractFlushingEventListener - Flushed: 0 (re)creations, 0 updates, 0 removals to 0 collections
04:26:48.899 [main] DEBUG o.h.internal.util.EntityPrinter - Listing entities:
04:26:48.899 [main] DEBUG o.h.internal.util.EntityPrinter - edu.ncsu.csc.itrust2.models.persistent.LogEntry{secondaryUser=null, logCode=5, primaryUser=logapitest, id=186, time=java.util.GregorianCalendar[time=1521606408892,areFieldsSet=true,areAllFieldsSet=true,lenient=true,zone=sun.util.calendar.ZoneInfo[id="Etc/UTC",offset=0,dstSavings=0,useDaylight=false,transitions=0,lastRule=null],firstDayOfWeek=1,minimalDaysInFirstWeek=1,ERA=1,YEAR=2018,MONTH=2,WEEK_OF_YEAR=12,WEEK_OF_MONTH=4,DAY_OF_MONTH=21,DAY_OF_YEAR=80,DAY_OF_WEEK=4,DAY_OF_WEEK_IN_MONTH=3,AM_PM=0,HOUR=4,HOUR_OF_DAY=4,MINUTE=26,SECOND=48,MILLISECOND=892,ZONE_OFFSET=0,DST_OFFSET=0], message=null}
04:26:48.900 [main] DEBUG org.hibernate.SQL - insert into LogEntries (logCode, message, primaryUser, secondaryUser, time, id) values (?, ?, ?, ?, ?, ?)
Hibernate: insert into LogEntries (logCode, message, primaryUser, secondaryUser, time, id) values (?, ?, ?, ?, ?, ?)
04:26:48.901 [main] DEBUG o.h.e.j.internal.JdbcCoordinatorImpl - HHH000420: Closing un-released batch
04:26:48.901 [main] DEBUG o.h.e.t.internal.TransactionImpl - begin
04:26:48.902 [main] DEBUG org.hibernate.SQL - select next_val as id_val from hibernate_sequence for update
Hibernate: select next_val as id_val from hibernate_sequence for update
04:26:48.902 [main] DEBUG org.hibernate.SQL - update hibernate_sequence set next_val= ? where next_val=?
Hibernate: update hibernate_sequence set next_val= ? where next_val=?
04:26:48.903 [main] DEBUG o.h.e.i.AbstractSaveEventListener - Generated identifier: 187, using strategy: org.hibernate.id.enhanced.SequenceStyleGenerator
04:26:48.904 [main] DEBUG o.h.e.t.internal.TransactionImpl - committing
04:26:48.904 [main] DEBUG o.h.e.i.AbstractFlushingEventListener - Processing flush-time cascades
04:26:48.904 [main] DEBUG o.h.e.i.AbstractFlushingEventListener - Dirty checking collections
04:26:48.904 [main] DEBUG o.h.e.i.AbstractFlushingEventListener - Flushed: 1 insertions, 0 updates, 0 deletions to 1 objects
04:26:48.904 [main] DEBUG o.h.e.i.AbstractFlushingEventListener - Flushed: 0 (re)creations, 0 updates, 0 removals to 0 collections
04:26:48.904 [main] DEBUG o.h.internal.util.EntityPrinter - Listing entities:
04:26:48.904 [main] DEBUG o.h.internal.util.EntityPrinter - edu.ncsu.csc.itrust2.models.persistent.LogEntry{secondaryUser=null, logCode=5, primaryUser=logapitest, id=187, time=java.util.GregorianCalendar[time=1521606408901,areFieldsSet=true,areAllFieldsSet=true,lenient=true,zone=sun.util.calendar.ZoneInfo[id="Etc/UTC",offset=0,dstSavings=0,useDaylight=false,transitions=0,lastRule=null],firstDayOfWeek=1,minimalDaysInFirstWeek=1,ERA=1,YEAR=2018,MONTH=2,WEEK_OF_YEAR=12,WEEK_OF_MONTH=4,DAY_OF_MONTH=21,DAY_OF_YEAR=80,DAY_OF_WEEK=4,DAY_OF_WEEK_IN_MONTH=3,AM_PM=0,HOUR=4,HOUR_OF_DAY=4,MINUTE=26,SECOND=48,MILLISECOND=901,ZONE_OFFSET=0,DST_OFFSET=0], message=null}
04:26:48.905 [main] DEBUG org.hibernate.SQL - insert into LogEntries (logCode, message, primaryUser, secondaryUser, time, id) values (?, ?, ?, ?, ?, ?)
Hibernate: insert into LogEntries (logCode, message, primaryUser, secondaryUser, time, id) values (?, ?, ?, ?, ?, ?)
04:26:48.906 [main] DEBUG o.h.e.j.internal.JdbcCoordinatorImpl - HHH000420: Closing un-released batch
04:26:48.907 [main] DEBUG o.h.e.t.internal.TransactionImpl - begin
04:26:48.907 [main] DEBUG org.hibernate.SQL - select next_val as id_val from hibernate_sequence for update
Hibernate: select next_val as id_val from hibernate_sequence for update
04:26:48.908 [main] DEBUG org.hibernate.SQL - update hibernate_sequence set next_val= ? where next_val=?
Hibernate: update hibernate_sequence set next_val= ? where next_val=?
04:26:48.909 [main] DEBUG o.h.e.i.AbstractSaveEventListener - Generated identifier: 188, using strategy: org.hibernate.id.enhanced.SequenceStyleGenerator
04:26:48.909 [main] DEBUG o.h.e.t.internal.TransactionImpl - committing
04:26:48.909 [main] DEBUG o.h.e.i.AbstractFlushingEventListener - Processing flush-time cascades
04:26:48.909 [main] DEBUG o.h.e.i.AbstractFlushingEventListener - Dirty checking collections
04:26:48.909 [main] DEBUG o.h.e.i.AbstractFlushingEventListener - Flushed: 1 insertions, 0 updates, 0 deletions to 1 objects
04:26:48.909 [main] DEBUG o.h.e.i.AbstractFlushingEventListener - Flushed: 0 (re)creations, 0 updates, 0 removals to 0 collections
04:26:48.909 [main] DEBUG o.h.internal.util.EntityPrinter - Listing entities:
04:26:48.910 [main] DEBUG o.h.internal.util.EntityPrinter - edu.ncsu.csc.itrust2.models.persistent.LogEntry{secondaryUser=null, logCode=5, primaryUser=logapitest, id=188, time=java.util.GregorianCalendar[time=1521606408907,areFieldsSet=true,areAllFieldsSet=true,lenient=true,zone=sun.util.calendar.ZoneInfo[id="Etc/UTC",offset=0,dstSavings=0,useDaylight=false,transitions=0,lastRule=null],firstDayOfWeek=1,minimalDaysInFirstWeek=1,ERA=1,YEAR=2018,MONTH=2,WEEK_OF_YEAR=12,WEEK_OF_MONTH=4,DAY_OF_MONTH=21,DAY_OF_YEAR=80,DAY_OF_WEEK=4,DAY_OF_WEEK_IN_MONTH=3,AM_PM=0,HOUR=4,HOUR_OF_DAY=4,MINUTE=26,SECOND=48,MILLISECOND=907,ZONE_OFFSET=0,DST_OFFSET=0], message=null}
04:26:48.910 [main] DEBUG org.hibernate.SQL - insert into LogEntries (logCode, message, primaryUser, secondaryUser, time, id) values (?, ?, ?, ?, ?, ?)
Hibernate: insert into LogEntries (logCode, message, primaryUser, secondaryUser, time, id) values (?, ?, ?, ?, ?, ?)
04:26:48.912 [main] DEBUG o.h.e.j.internal.JdbcCoordinatorImpl - HHH000420: Closing un-released batch
04:26:48.912 [main] DEBUG o.h.e.t.internal.TransactionImpl - begin
04:26:48.913 [main] DEBUG org.hibernate.SQL - select next_val as id_val from hibernate_sequence for update
Hibernate: select next_val as id_val from hibernate_sequence for update
04:26:48.913 [main] DEBUG org.hibernate.SQL - update hibernate_sequence set next_val= ? where next_val=?
Hibernate: update hibernate_sequence set next_val= ? where next_val=?
04:26:48.914 [main] DEBUG o.h.e.i.AbstractSaveEventListener - Generated identifier: 189, using strategy: org.hibernate.id.enhanced.SequenceStyleGenerator
04:26:48.915 [main] DEBUG o.h.e.t.internal.TransactionImpl - committing
04:26:48.915 [main] DEBUG o.h.e.i.AbstractFlushingEventListener - Processing flush-time cascades
04:26:48.915 [main] DEBUG o.h.e.i.AbstractFlushingEventListener - Dirty checking collections
04:26:48.915 [main] DEBUG o.h.e.i.AbstractFlushingEventListener - Flushed: 1 insertions, 0 updates, 0 deletions to 1 objects
04:26:48.915 [main] DEBUG o.h.e.i.AbstractFlushingEventListener - Flushed: 0 (re)creations, 0 updates, 0 removals to 0 collections
04:26:48.915 [main] DEBUG o.h.internal.util.EntityPrinter - Listing entities:
04:26:48.915 [main] DEBUG o.h.internal.util.EntityPrinter - edu.ncsu.csc.itrust2.models.persistent.LogEntry{secondaryUser=null, logCode=5, primaryUser=logapitest, id=189, time=java.util.GregorianCalendar[time=1521606408912,areFieldsSet=true,areAllFieldsSet=true,lenient=true,zone=sun.util.calendar.ZoneInfo[id="Etc/UTC",offset=0,dstSavings=0,useDaylight=false,transitions=0,lastRule=null],firstDayOfWeek=1,minimalDaysInFirstWeek=1,ERA=1,YEAR=2018,MONTH=2,WEEK_OF_YEAR=12,WEEK_OF_MONTH=4,DAY_OF_MONTH=21,DAY_OF_YEAR=80,DAY_OF_WEEK=4,DAY_OF_WEEK_IN_MONTH=3,AM_PM=0,HOUR=4,HOUR_OF_DAY=4,MINUTE=26,SECOND=48,MILLISECOND=912,ZONE_OFFSET=0,DST_OFFSET=0], message=null}
04:26:48.916 [main] DEBUG org.hibernate.SQL - insert into LogEntries (logCode, message, primaryUser, secondaryUser, time, id) values (?, ?, ?, ?, ?, ?)
Hibernate: insert into LogEntries (logCode, message, primaryUser, secondaryUser, time, id) values (?, ?, ?, ?, ?, ?)
04:26:48.917 [main] DEBUG o.h.e.j.internal.JdbcCoordinatorImpl - HHH000420: Closing un-released batch
04:26:48.918 [main] DEBUG o.h.e.t.internal.TransactionImpl - begin
04:26:48.918 [main] DEBUG org.hibernate.SQL - select next_val as id_val from hibernate_sequence for update
Hibernate: select next_val as id_val from hibernate_sequence for update
04:26:48.919 [main] DEBUG org.hibernate.SQL - update hibernate_sequence set next_val= ? where next_val=?
Hibernate: update hibernate_sequence set next_val= ? where next_val=?
04:26:48.920 [main] DEBUG o.h.e.i.AbstractSaveEventListener - Generated identifier: 190, using strategy: org.hibernate.id.enhanced.SequenceStyleGenerator
04:26:48.920 [main] DEBUG o.h.e.t.internal.TransactionImpl - committing
04:26:48.920 [main] DEBUG o.h.e.i.AbstractFlushingEventListener - Processing flush-time cascades
04:26:48.920 [main] DEBUG o.h.e.i.AbstractFlushingEventListener - Dirty checking collections
04:26:48.920 [main] DEBUG o.h.e.i.AbstractFlushingEventListener - Flushed: 1 insertions, 0 updates, 0 deletions to 1 objects
04:26:48.920 [main] DEBUG o.h.e.i.AbstractFlushingEventListener - Flushed: 0 (re)creations, 0 updates, 0 removals to 0 collections
04:26:48.921 [main] DEBUG o.h.internal.util.EntityPrinter - Listing entities:
04:26:48.921 [main] DEBUG o.h.internal.util.EntityPrinter - edu.ncsu.csc.itrust2.models.persistent.LogEntry{secondaryUser=null, logCode=5, primaryUser=logapitest, id=190, time=java.util.GregorianCalendar[time=1521606408918,areFieldsSet=true,areAllFieldsSet=true,lenient=true,zone=sun.util.calendar.ZoneInfo[id="Etc/UTC",offset=0,dstSavings=0,useDaylight=false,transitions=0,lastRule=null],firstDayOfWeek=1,minimalDaysInFirstWeek=1,ERA=1,YEAR=2018,MONTH=2,WEEK_OF_YEAR=12,WEEK_OF_MONTH=4,DAY_OF_MONTH=21,DAY_OF_YEAR=80,DAY_OF_WEEK=4,DAY_OF_WEEK_IN_MONTH=3,AM_PM=0,HOUR=4,HOUR_OF_DAY=4,MINUTE=26,SECOND=48,MILLISECOND=918,ZONE_OFFSET=0,DST_OFFSET=0], message=null}
04:26:48.921 [main] DEBUG org.hibernate.SQL - insert into LogEntries (logCode, message, primaryUser, secondaryUser, time, id) values (?, ?, ?, ?, ?, ?)
Hibernate: insert into LogEntries (logCode, message, primaryUser, secondaryUser, time, id) values (?, ?, ?, ?, ?, ?)
04:26:48.922 [main] DEBUG o.h.e.j.internal.JdbcCoordinatorImpl - HHH000420: Closing un-released batch
04:26:48.923 [main] DEBUG o.h.e.t.internal.TransactionImpl - begin
04:26:48.923 [main] DEBUG org.hibernate.SQL - select next_val as id_val from hibernate_sequence for update
Hibernate: select next_val as id_val from hibernate_sequence for update
04:26:48.924 [main] DEBUG org.hibernate.SQL - update hibernate_sequence set next_val= ? where next_val=?
Hibernate: update hibernate_sequence set next_val= ? where next_val=?
04:26:48.925 [main] DEBUG o.h.e.i.AbstractSaveEventListener - Generated identifier: 191, using strategy: org.hibernate.id.enhanced.SequenceStyleGenerator
04:26:48.926 [main] DEBUG o.h.e.t.internal.TransactionImpl - committing
04:26:48.926 [main] DEBUG o.h.e.i.AbstractFlushingEventListener - Processing flush-time cascades
04:26:48.926 [main] DEBUG o.h.e.i.AbstractFlushingEventListener - Dirty checking collections
04:26:48.926 [main] DEBUG o.h.e.i.AbstractFlushingEventListener - Flushed: 1 insertions, 0 updates, 0 deletions to 1 objects
04:26:48.926 [main] DEBUG o.h.e.i.AbstractFlushingEventListener - Flushed: 0 (re)creations, 0 updates, 0 removals to 0 collections
04:26:48.926 [main] DEBUG o.h.internal.util.EntityPrinter - Listing entities:
04:26:48.926 [main] DEBUG o.h.internal.util.EntityPrinter - edu.ncsu.csc.itrust2.models.persistent.LogEntry{secondaryUser=null, logCode=5, primaryUser=logapitest, id=191, time=java.util.GregorianCalendar[time=1521606408923,areFieldsSet=true,areAllFieldsSet=true,lenient=true,zone=sun.util.calendar.ZoneInfo[id="Etc/UTC",offset=0,dstSavings=0,useDaylight=false,transitions=0,lastRule=null],firstDayOfWeek=1,minimalDaysInFirstWeek=1,ERA=1,YEAR=2018,MONTH=2,WEEK_OF_YEAR=12,WEEK_OF_MONTH=4,DAY_OF_MONTH=21,DAY_OF_YEAR=80,DAY_OF_WEEK=4,DAY_OF_WEEK_IN_MONTH=3,AM_PM=0,HOUR=4,HOUR_OF_DAY=4,MINUTE=26,SECOND=48,MILLISECOND=923,ZONE_OFFSET=0,DST_OFFSET=0], message=null}
04:26:48.927 [main] DEBUG org.hibernate.SQL - insert into LogEntries (logCode, message, primaryUser, secondaryUser, time, id) values (?, ?, ?, ?, ?, ?)
Hibernate: insert into LogEntries (logCode, message, primaryUser, secondaryUser, time, id) values (?, ?, ?, ?, ?, ?)
04:26:48.928 [main] DEBUG o.h.e.j.internal.JdbcCoordinatorImpl - HHH000420: Closing un-released batch
04:26:48.928 [main] DEBUG o.h.e.t.internal.TransactionImpl - begin
04:26:48.929 [main] DEBUG org.hibernate.SQL - select next_val as id_val from hibernate_sequence for update
Hibernate: select next_val as id_val from hibernate_sequence for update
04:26:48.929 [main] DEBUG org.hibernate.SQL - update hibernate_sequence set next_val= ? where next_val=?
Hibernate: update hibernate_sequence set next_val= ? where next_val=?
04:26:48.930 [main] DEBUG o.h.e.i.AbstractSaveEventListener - Generated identifier: 192, using strategy: org.hibernate.id.enhanced.SequenceStyleGenerator
04:26:48.931 [main] DEBUG o.h.e.t.internal.TransactionImpl - committing
04:26:48.931 [main] DEBUG o.h.e.i.AbstractFlushingEventListener - Processing flush-time cascades
04:26:48.931 [main] DEBUG o.h.e.i.AbstractFlushingEventListener - Dirty checking collections
04:26:48.931 [main] DEBUG o.h.e.i.AbstractFlushingEventListener - Flushed: 1 insertions, 0 updates, 0 deletions to 1 objects
04:26:48.931 [main] DEBUG o.h.e.i.AbstractFlushingEventListener - Flushed: 0 (re)creations, 0 updates, 0 removals to 0 collections
04:26:48.931 [main] DEBUG o.h.internal.util.EntityPrinter - Listing entities:
04:26:48.931 [main] DEBUG o.h.internal.util.EntityPrinter - edu.ncsu.csc.itrust2.models.persistent.LogEntry{secondaryUser=null, logCode=5, primaryUser=logapitest, id=192, time=java.util.GregorianCalendar[time=1521606408928,areFieldsSet=true,areAllFieldsSet=true,lenient=true,zone=sun.util.calendar.ZoneInfo[id="Etc/UTC",offset=0,dstSavings=0,useDaylight=false,transitions=0,lastRule=null],firstDayOfWeek=1,minimalDaysInFirstWeek=1,ERA=1,YEAR=2018,MONTH=2,WEEK_OF_YEAR=12,WEEK_OF_MONTH=4,DAY_OF_MONTH=21,DAY_OF_YEAR=80,DAY_OF_WEEK=4,DAY_OF_WEEK_IN_MONTH=3,AM_PM=0,HOUR=4,HOUR_OF_DAY=4,MINUTE=26,SECOND=48,MILLISECOND=928,ZONE_OFFSET=0,DST_OFFSET=0], message=null}
04:26:48.932 [main] DEBUG org.hibernate.SQL - insert into LogEntries (logCode, message, primaryUser, secondaryUser, time, id) values (?, ?, ?, ?, ?, ?)
Hibernate: insert into LogEntries (logCode, message, primaryUser, secondaryUser, time, id) values (?, ?, ?, ?, ?, ?)
04:26:48.933 [main] DEBUG o.h.e.j.internal.JdbcCoordinatorImpl - HHH000420: Closing un-released batch
04:26:48.934 [main] DEBUG o.h.e.t.internal.TransactionImpl - begin
04:26:48.934 [main] DEBUG org.hibernate.SQL - select next_val as id_val from hibernate_sequence for update
Hibernate: select next_val as id_val from hibernate_sequence for update
04:26:48.935 [main] DEBUG org.hibernate.SQL - update hibernate_sequence set next_val= ? where next_val=?
Hibernate: update hibernate_sequence set next_val= ? where next_val=?
04:26:48.936 [main] DEBUG o.h.e.i.AbstractSaveEventListener - Generated identifier: 193, using strategy: org.hibernate.id.enhanced.SequenceStyleGenerator
04:26:48.936 [main] DEBUG o.h.e.t.internal.TransactionImpl - committing
04:26:48.936 [main] DEBUG o.h.e.i.AbstractFlushingEventListener - Processing flush-time cascades
04:26:48.936 [main] DEBUG o.h.e.i.AbstractFlushingEventListener - Dirty checking collections
04:26:48.936 [main] DEBUG o.h.e.i.AbstractFlushingEventListener - Flushed: 1 insertions, 0 updates, 0 deletions to 1 objects
04:26:48.936 [main] DEBUG o.h.e.i.AbstractFlushingEventListener - Flushed: 0 (re)creations, 0 updates, 0 removals to 0 collections
04:26:48.936 [main] DEBUG o.h.internal.util.EntityPrinter - Listing entities:
04:26:48.936 [main] DEBUG o.h.internal.util.EntityPrinter - edu.ncsu.csc.itrust2.models.persistent.LogEntry{secondaryUser=null, logCode=5, primaryUser=logapitest, id=193, time=java.util.GregorianCalendar[time=1521606408934,areFieldsSet=true,areAllFieldsSet=true,lenient=true,zone=sun.util.calendar.ZoneInfo[id="Etc/UTC",offset=0,dstSavings=0,useDaylight=false,transitions=0,lastRule=null],firstDayOfWeek=1,minimalDaysInFirstWeek=1,ERA=1,YEAR=2018,MONTH=2,WEEK_OF_YEAR=12,WEEK_OF_MONTH=4,DAY_OF_MONTH=21,DAY_OF_YEAR=80,DAY_OF_WEEK=4,DAY_OF_WEEK_IN_MONTH=3,AM_PM=0,HOUR=4,HOUR_OF_DAY=4,MINUTE=26,SECOND=48,MILLISECOND=934,ZONE_OFFSET=0,DST_OFFSET=0], message=null}
04:26:48.937 [main] DEBUG org.hibernate.SQL - insert into LogEntries (logCode, message, primaryUser, secondaryUser, time, id) values (?, ?, ?, ?, ?, ?)
Hibernate: insert into LogEntries (logCode, message, primaryUser, secondaryUser, time, id) values (?, ?, ?, ?, ?, ?)
04:26:48.938 [main] DEBUG o.h.e.j.internal.JdbcCoordinatorImpl - HHH000420: Closing un-released batch
04:26:48.939 [main] DEBUG o.h.e.t.internal.TransactionImpl - begin
04:26:48.939 [main] DEBUG org.hibernate.SQL - select next_val as id_val from hibernate_sequence for update
Hibernate: select next_val as id_val from hibernate_sequence for update
04:26:48.940 [main] DEBUG org.hibernate.SQL - update hibernate_sequence set next_val= ? where next_val=?
Hibernate: update hibernate_sequence set next_val= ? where next_val=?
04:26:48.941 [main] DEBUG o.h.e.i.AbstractSaveEventListener - Generated identifier: 194, using strategy: org.hibernate.id.enhanced.SequenceStyleGenerator
04:26:48.941 [main] DEBUG o.h.e.t.internal.TransactionImpl - committing
04:26:48.941 [main] DEBUG o.h.e.i.AbstractFlushingEventListener - Processing flush-time cascades
04:26:48.941 [main] DEBUG o.h.e.i.AbstractFlushingEventListener - Dirty checking collections
04:26:48.941 [main] DEBUG o.h.e.i.AbstractFlushingEventListener - Flushed: 1 insertions, 0 updates, 0 deletions to 1 objects
04:26:48.941 [main] DEBUG o.h.e.i.AbstractFlushingEventListener - Flushed: 0 (re)creations, 0 updates, 0 removals to 0 collections
04:26:48.941 [main] DEBUG o.h.internal.util.EntityPrinter - Listing entities:
04:26:48.942 [main] DEBUG o.h.internal.util.EntityPrinter - edu.ncsu.csc.itrust2.models.persistent.LogEntry{secondaryUser=null, logCode=5, primaryUser=logapitest, id=194, time=java.util.GregorianCalendar[time=1521606408939,areFieldsSet=true,areAllFieldsSet=true,lenient=true,zone=sun.util.calendar.ZoneInfo[id="Etc/UTC",offset=0,dstSavings=0,useDaylight=false,transitions=0,lastRule=null],firstDayOfWeek=1,minimalDaysInFirstWeek=1,ERA=1,YEAR=2018,MONTH=2,WEEK_OF_YEAR=12,WEEK_OF_MONTH=4,DAY_OF_MONTH=21,DAY_OF_YEAR=80,DAY_OF_WEEK=4,DAY_OF_WEEK_IN_MONTH=3,AM_PM=0,HOUR=4,HOUR_OF_DAY=4,MINUTE=26,SECOND=48,MILLISECOND=939,ZONE_OFFSET=0,DST_OFFSET=0], message=null}
04:26:48.942 [main] DEBUG org.hibernate.SQL - insert into LogEntries (logCode, message, primaryUser, secondaryUser, time, id) values (?, ?, ?, ?, ?, ?)
Hibernate: insert into LogEntries (logCode, message, primaryUser, secondaryUser, time, id) values (?, ?, ?, ?, ?, ?)
04:26:48.943 [main] DEBUG o.h.e.j.internal.JdbcCoordinatorImpl - HHH000420: Closing un-released batch
04:26:48.944 [main] DEBUG o.h.e.t.internal.TransactionImpl - begin
04:26:48.945 [main] DEBUG org.hibernate.SQL - select next_val as id_val from hibernate_sequence for update
Hibernate: select next_val as id_val from hibernate_sequence for update
04:26:48.945 [main] DEBUG org.hibernate.SQL - update hibernate_sequence set next_val= ? where next_val=?
Hibernate: update hibernate_sequence set next_val= ? where next_val=?
04:26:48.946 [main] DEBUG o.h.e.i.AbstractSaveEventListener - Generated identifier: 195, using strategy: org.hibernate.id.enhanced.SequenceStyleGenerator
04:26:48.947 [main] DEBUG o.h.e.t.internal.TransactionImpl - committing
04:26:48.947 [main] DEBUG o.h.e.i.AbstractFlushingEventListener - Processing flush-time cascades
04:26:48.947 [main] DEBUG o.h.e.i.AbstractFlushingEventListener - Dirty checking collections
04:26:48.947 [main] DEBUG o.h.e.i.AbstractFlushingEventListener - Flushed: 1 insertions, 0 updates, 0 deletions to 1 objects
04:26:48.947 [main] DEBUG o.h.e.i.AbstractFlushingEventListener - Flushed: 0 (re)creations, 0 updates, 0 removals to 0 collections
04:26:48.947 [main] DEBUG o.h.internal.util.EntityPrinter - Listing entities:
04:26:48.947 [main] DEBUG o.h.internal.util.EntityPrinter - edu.ncsu.csc.itrust2.models.persistent.LogEntry{secondaryUser=null, logCode=5, primaryUser=logapitest, id=195, time=java.util.GregorianCalendar[time=1521606408944,areFieldsSet=true,areAllFieldsSet=true,lenient=true,zone=sun.util.calendar.ZoneInfo[id="Etc/UTC",offset=0,dstSavings=0,useDaylight=false,transitions=0,lastRule=null],firstDayOfWeek=1,minimalDaysInFirstWeek=1,ERA=1,YEAR=2018,MONTH=2,WEEK_OF_YEAR=12,WEEK_OF_MONTH=4,DAY_OF_MONTH=21,DAY_OF_YEAR=80,DAY_OF_WEEK=4,DAY_OF_WEEK_IN_MONTH=3,AM_PM=0,HOUR=4,HOUR_OF_DAY=4,MINUTE=26,SECOND=48,MILLISECOND=944,ZONE_OFFSET=0,DST_OFFSET=0], message=null}
04:26:48.947 [main] DEBUG org.hibernate.SQL - insert into LogEntries (logCode, message, primaryUser, secondaryUser, time, id) values (?, ?, ?, ?, ?, ?)
Hibernate: insert into LogEntries (logCode, message, primaryUser, secondaryUser, time, id) values (?, ?, ?, ?, ?, ?)
04:26:48.949 [main] DEBUG o.h.e.j.internal.JdbcCoordinatorImpl - HHH000420: Closing un-released batch
04:26:48.949 [main] DEBUG o.h.e.t.internal.TransactionImpl - begin
04:26:48.955 [main] DEBUG org.hibernate.SQL - select next_val as id_val from hibernate_sequence for update
Hibernate: select next_val as id_val from hibernate_sequence for update
04:26:48.955 [main] DEBUG org.hibernate.SQL - update hibernate_sequence set next_val= ? where next_val=?
Hibernate: update hibernate_sequence set next_val= ? where next_val=?
04:26:48.957 [main] DEBUG o.h.e.i.AbstractSaveEventListener - Generated identifier: 196, using strategy: org.hibernate.id.enhanced.SequenceStyleGenerator
04:26:48.957 [main] DEBUG o.h.e.t.internal.TransactionImpl - committing
04:26:48.957 [main] DEBUG o.h.e.i.AbstractFlushingEventListener - Processing flush-time cascades
04:26:48.957 [main] DEBUG o.h.e.i.AbstractFlushingEventListener - Dirty checking collections
04:26:48.957 [main] DEBUG o.h.e.i.AbstractFlushingEventListener - Flushed: 1 insertions, 0 updates, 0 deletions to 1 objects
04:26:48.957 [main] DEBUG o.h.e.i.AbstractFlushingEventListener - Flushed: 0 (re)creations, 0 updates, 0 removals to 0 collections
04:26:48.958 [main] DEBUG o.h.internal.util.EntityPrinter - Listing entities:
04:26:48.958 [main] DEBUG o.h.internal.util.EntityPrinter - edu.ncsu.csc.itrust2.models.persistent.LogEntry{secondaryUser=null, logCode=5, primaryUser=logapitest, id=196, time=java.util.GregorianCalendar[time=1521606408949,areFieldsSet=true,areAllFieldsSet=true,lenient=true,zone=sun.util.calendar.ZoneInfo[id="Etc/UTC",offset=0,dstSavings=0,useDaylight=false,transitions=0,lastRule=null],firstDayOfWeek=1,minimalDaysInFirstWeek=1,ERA=1,YEAR=2018,MONTH=2,WEEK_OF_YEAR=12,WEEK_OF_MONTH=4,DAY_OF_MONTH=21,DAY_OF_YEAR=80,DAY_OF_WEEK=4,DAY_OF_WEEK_IN_MONTH=3,AM_PM=0,HOUR=4,HOUR_OF_DAY=4,MINUTE=26,SECOND=48,MILLISECOND=949,ZONE_OFFSET=0,DST_OFFSET=0], message=null}
04:26:48.958 [main] DEBUG org.hibernate.SQL - insert into LogEntries (logCode, message, primaryUser, secondaryUser, time, id) values (?, ?, ?, ?, ?, ?)
Hibernate: insert into LogEntries (logCode, message, primaryUser, secondaryUser, time, id) values (?, ?, ?, ?, ?, ?)
04:26:48.960 [main] DEBUG o.h.e.j.internal.JdbcCoordinatorImpl - HHH000420: Closing un-released batch
04:26:48.960 [main] DEBUG o.h.e.t.internal.TransactionImpl - begin
04:26:48.961 [main] DEBUG org.hibernate.SQL - select next_val as id_val from hibernate_sequence for update
Hibernate: select next_val as id_val from hibernate_sequence for update
04:26:48.961 [main] DEBUG org.hibernate.SQL - update hibernate_sequence set next_val= ? where next_val=?
Hibernate: update hibernate_sequence set next_val= ? where next_val=?
04:26:48.963 [main] DEBUG o.h.e.i.AbstractSaveEventListener - Generated identifier: 197, using strategy: org.hibernate.id.enhanced.SequenceStyleGenerator
04:26:48.963 [main] DEBUG o.h.e.t.internal.TransactionImpl - committing
04:26:48.963 [main] DEBUG o.h.e.i.AbstractFlushingEventListener - Processing flush-time cascades
04:26:48.964 [main] DEBUG o.h.e.i.AbstractFlushingEventListener - Dirty checking collections
04:26:48.964 [main] DEBUG o.h.e.i.AbstractFlushingEventListener - Flushed: 1 insertions, 0 updates, 0 deletions to 1 objects
04:26:48.964 [main] DEBUG o.h.e.i.AbstractFlushingEventListener - Flushed: 0 (re)creations, 0 updates, 0 removals to 0 collections
04:26:48.964 [main] DEBUG o.h.internal.util.EntityPrinter - Listing entities:
04:26:48.964 [main] DEBUG o.h.internal.util.EntityPrinter - edu.ncsu.csc.itrust2.models.persistent.LogEntry{secondaryUser=null, logCode=5, primaryUser=logapitest, id=197, time=java.util.GregorianCalendar[time=1521606408960,areFieldsSet=true,areAllFieldsSet=true,lenient=true,zone=sun.util.calendar.ZoneInfo[id="Etc/UTC",offset=0,dstSavings=0,useDaylight=false,transitions=0,lastRule=null],firstDayOfWeek=1,minimalDaysInFirstWeek=1,ERA=1,YEAR=2018,MONTH=2,WEEK_OF_YEAR=12,WEEK_OF_MONTH=4,DAY_OF_MONTH=21,DAY_OF_YEAR=80,DAY_OF_WEEK=4,DAY_OF_WEEK_IN_MONTH=3,AM_PM=0,HOUR=4,HOUR_OF_DAY=4,MINUTE=26,SECOND=48,MILLISECOND=960,ZONE_OFFSET=0,DST_OFFSET=0], message=null}
04:26:48.965 [main] DEBUG org.hibernate.SQL - insert into LogEntries (logCode, message, primaryUser, secondaryUser, time, id) values (?, ?, ?, ?, ?, ?)
Hibernate: insert into LogEntries (logCode, message, primaryUser, secondaryUser, time, id) values (?, ?, ?, ?, ?, ?)
04:26:48.967 [main] DEBUG o.h.e.j.internal.JdbcCoordinatorImpl - HHH000420: Closing un-released batch
04:26:48.968 [main] DEBUG o.h.e.t.internal.TransactionImpl - begin
04:26:48.968 [main] DEBUG org.hibernate.SQL - select next_val as id_val from hibernate_sequence for update
Hibernate: select next_val as id_val from hibernate_sequence for update
04:26:48.969 [main] DEBUG org.hibernate.SQL - update hibernate_sequence set next_val= ? where next_val=?
Hibernate: update hibernate_sequence set next_val= ? where next_val=?
04:26:48.970 [main] DEBUG o.h.e.i.AbstractSaveEventListener - Generated identifier: 198, using strategy: org.hibernate.id.enhanced.SequenceStyleGenerator
04:26:48.970 [main] DEBUG o.h.e.t.internal.TransactionImpl - committing
04:26:48.970 [main] DEBUG o.h.e.i.AbstractFlushingEventListener - Processing flush-time cascades
04:26:48.970 [main] DEBUG o.h.e.i.AbstractFlushingEventListener - Dirty checking collections
04:26:48.971 [main] DEBUG o.h.e.i.AbstractFlushingEventListener - Flushed: 1 insertions, 0 updates, 0 deletions to 1 objects
04:26:48.971 [main] DEBUG o.h.e.i.AbstractFlushingEventListener - Flushed: 0 (re)creations, 0 updates, 0 removals to 0 collections
04:26:48.971 [main] DEBUG o.h.internal.util.EntityPrinter - Listing entities:
04:26:48.971 [main] DEBUG o.h.internal.util.EntityPrinter - edu.ncsu.csc.itrust2.models.persistent.LogEntry{secondaryUser=null, logCode=5, primaryUser=logapitest, id=198, time=java.util.GregorianCalendar[time=1521606408967,areFieldsSet=true,areAllFieldsSet=true,lenient=true,zone=sun.util.calendar.ZoneInfo[id="Etc/UTC",offset=0,dstSavings=0,useDaylight=false,transitions=0,lastRule=null],firstDayOfWeek=1,minimalDaysInFirstWeek=1,ERA=1,YEAR=2018,MONTH=2,WEEK_OF_YEAR=12,WEEK_OF_MONTH=4,DAY_OF_MONTH=21,DAY_OF_YEAR=80,DAY_OF_WEEK=4,DAY_OF_WEEK_IN_MONTH=3,AM_PM=0,HOUR=4,HOUR_OF_DAY=4,MINUTE=26,SECOND=48,MILLISECOND=967,ZONE_OFFSET=0,DST_OFFSET=0], message=null}
04:26:48.972 [main] DEBUG org.hibernate.SQL - insert into LogEntries (logCode, message, primaryUser, secondaryUser, time, id) values (?, ?, ?, ?, ?, ?)
Hibernate: insert into LogEntries (logCode, message, primaryUser, secondaryUser, time, id) values (?, ?, ?, ?, ?, ?)
04:26:48.973 [main] DEBUG o.h.e.j.internal.JdbcCoordinatorImpl - HHH000420: Closing un-released batch
04:26:48.974 [main] DEBUG o.h.e.t.internal.TransactionImpl - begin
04:26:48.974 [main] DEBUG org.hibernate.SQL - select next_val as id_val from hibernate_sequence for update
Hibernate: select next_val as id_val from hibernate_sequence for update
04:26:48.975 [main] DEBUG org.hibernate.SQL - update hibernate_sequence set next_val= ? where next_val=?
Hibernate: update hibernate_sequence set next_val= ? where next_val=?
04:26:48.976 [main] DEBUG o.h.e.i.AbstractSaveEventListener - Generated identifier: 199, using strategy: org.hibernate.id.enhanced.SequenceStyleGenerator
04:26:48.976 [main] DEBUG o.h.e.t.internal.TransactionImpl - committing
04:26:48.976 [main] DEBUG o.h.e.i.AbstractFlushingEventListener - Processing flush-time cascades
04:26:48.976 [main] DEBUG o.h.e.i.AbstractFlushingEventListener - Dirty checking collections
04:26:48.976 [main] DEBUG o.h.e.i.AbstractFlushingEventListener - Flushed: 1 insertions, 0 updates, 0 deletions to 1 objects
04:26:48.976 [main] DEBUG o.h.e.i.AbstractFlushingEventListener - Flushed: 0 (re)creations, 0 updates, 0 removals to 0 collections
04:26:48.977 [main] DEBUG o.h.internal.util.EntityPrinter - Listing entities:
04:26:48.977 [main] DEBUG o.h.internal.util.EntityPrinter - edu.ncsu.csc.itrust2.models.persistent.LogEntry{secondaryUser=null, logCode=5, primaryUser=logapitest, id=199, time=java.util.GregorianCalendar[time=1521606408974,areFieldsSet=true,areAllFieldsSet=true,lenient=true,zone=sun.util.calendar.ZoneInfo[id="Etc/UTC",offset=0,dstSavings=0,useDaylight=false,transitions=0,lastRule=null],firstDayOfWeek=1,minimalDaysInFirstWeek=1,ERA=1,YEAR=2018,MONTH=2,WEEK_OF_YEAR=12,WEEK_OF_MONTH=4,DAY_OF_MONTH=21,DAY_OF_YEAR=80,DAY_OF_WEEK=4,DAY_OF_WEEK_IN_MONTH=3,AM_PM=0,HOUR=4,HOUR_OF_DAY=4,MINUTE=26,SECOND=48,MILLISECOND=974,ZONE_OFFSET=0,DST_OFFSET=0], message=null}
04:26:48.977 [main] DEBUG org.hibernate.SQL - insert into LogEntries (logCode, message, primaryUser, secondaryUser, time, id) values (?, ?, ?, ?, ?, ?)
Hibernate: insert into LogEntries (logCode, message, primaryUser, secondaryUser, time, id) values (?, ?, ?, ?, ?, ?)
04:26:48.978 [main] DEBUG o.h.e.j.internal.JdbcCoordinatorImpl - HHH000420: Closing un-released batch
04:26:48.979 [main] DEBUG o.h.e.t.internal.TransactionImpl - begin
04:26:48.980 [main] DEBUG org.hibernate.SQL - select next_val as id_val from hibernate_sequence for update
Hibernate: select next_val as id_val from hibernate_sequence for update
04:26:48.980 [main] DEBUG org.hibernate.SQL - update hibernate_sequence set next_val= ? where next_val=?
Hibernate: update hibernate_sequence set next_val= ? where next_val=?
04:26:48.982 [main] DEBUG o.h.e.i.AbstractSaveEventListener - Generated identifier: 200, using strategy: org.hibernate.id.enhanced.SequenceStyleGenerator
04:26:48.983 [main] DEBUG o.h.e.t.internal.TransactionImpl - committing
04:26:48.983 [main] DEBUG o.h.e.i.AbstractFlushingEventListener - Processing flush-time cascades
04:26:48.983 [main] DEBUG o.h.e.i.AbstractFlushingEventListener - Dirty checking collections
04:26:48.983 [main] DEBUG o.h.e.i.AbstractFlushingEventListener - Flushed: 1 insertions, 0 updates, 0 deletions to 1 objects
04:26:48.983 [main] DEBUG o.h.e.i.AbstractFlushingEventListener - Flushed: 0 (re)creations, 0 updates, 0 removals to 0 collections
04:26:48.983 [main] DEBUG o.h.internal.util.EntityPrinter - Listing entities:
04:26:48.983 [main] DEBUG o.h.internal.util.EntityPrinter - edu.ncsu.csc.itrust2.models.persistent.LogEntry{secondaryUser=null, logCode=5, primaryUser=logapitest, id=200, time=java.util.GregorianCalendar[time=1521606408979,areFieldsSet=true,areAllFieldsSet=true,lenient=true,zone=sun.util.calendar.ZoneInfo[id="Etc/UTC",offset=0,dstSavings=0,useDaylight=false,transitions=0,lastRule=null],firstDayOfWeek=1,minimalDaysInFirstWeek=1,ERA=1,YEAR=2018,MONTH=2,WEEK_OF_YEAR=12,WEEK_OF_MONTH=4,DAY_OF_MONTH=21,DAY_OF_YEAR=80,DAY_OF_WEEK=4,DAY_OF_WEEK_IN_MONTH=3,AM_PM=0,HOUR=4,HOUR_OF_DAY=4,MINUTE=26,SECOND=48,MILLISECOND=979,ZONE_OFFSET=0,DST_OFFSET=0], message=null}
04:26:48.984 [main] DEBUG org.hibernate.SQL - insert into LogEntries (logCode, message, primaryUser, secondaryUser, time, id) values (?, ?, ?, ?, ?, ?)
Hibernate: insert into LogEntries (logCode, message, primaryUser, secondaryUser, time, id) values (?, ?, ?, ?, ?, ?)
04:26:48.985 [main] DEBUG o.h.e.j.internal.JdbcCoordinatorImpl - HHH000420: Closing un-released batch
04:26:48.986 [main] DEBUG o.h.e.t.internal.TransactionImpl - begin
04:26:48.986 [main] DEBUG org.hibernate.SQL - select next_val as id_val from hibernate_sequence for update
Hibernate: select next_val as id_val from hibernate_sequence for update
04:26:48.987 [main] DEBUG org.hibernate.SQL - update hibernate_sequence set next_val= ? where next_val=?
Hibernate: update hibernate_sequence set next_val= ? where next_val=?
04:26:48.988 [main] DEBUG o.h.e.i.AbstractSaveEventListener - Generated identifier: 201, using strategy: org.hibernate.id.enhanced.SequenceStyleGenerator
04:26:48.988 [main] DEBUG o.h.e.t.internal.TransactionImpl - committing
04:26:48.988 [main] DEBUG o.h.e.i.AbstractFlushingEventListener - Processing flush-time cascades
04:26:48.988 [main] DEBUG o.h.e.i.AbstractFlushingEventListener - Dirty checking collections
04:26:48.989 [main] DEBUG o.h.e.i.AbstractFlushingEventListener - Flushed: 1 insertions, 0 updates, 0 deletions to 1 objects
04:26:48.989 [main] DEBUG o.h.e.i.AbstractFlushingEventListener - Flushed: 0 (re)creations, 0 updates, 0 removals to 0 collections
04:26:48.989 [main] DEBUG o.h.internal.util.EntityPrinter - Listing entities:
04:26:48.989 [main] DEBUG o.h.internal.util.EntityPrinter - edu.ncsu.csc.itrust2.models.persistent.LogEntry{secondaryUser=null, logCode=5, primaryUser=logapitest, id=201, time=java.util.GregorianCalendar[time=1521606408986,areFieldsSet=true,areAllFieldsSet=true,lenient=true,zone=sun.util.calendar.ZoneInfo[id="Etc/UTC",offset=0,dstSavings=0,useDaylight=false,transitions=0,lastRule=null],firstDayOfWeek=1,minimalDaysInFirstWeek=1,ERA=1,YEAR=2018,MONTH=2,WEEK_OF_YEAR=12,WEEK_OF_MONTH=4,DAY_OF_MONTH=21,DAY_OF_YEAR=80,DAY_OF_WEEK=4,DAY_OF_WEEK_IN_MONTH=3,AM_PM=0,HOUR=4,HOUR_OF_DAY=4,MINUTE=26,SECOND=48,MILLISECOND=986,ZONE_OFFSET=0,DST_OFFSET=0], message=null}
04:26:48.989 [main] DEBUG org.hibernate.SQL - insert into LogEntries (logCode, message, primaryUser, secondaryUser, time, id) values (?, ?, ?, ?, ?, ?)
Hibernate: insert into LogEntries (logCode, message, primaryUser, secondaryUser, time, id) values (?, ?, ?, ?, ?, ?)
04:26:48.991 [main] DEBUG o.h.e.j.internal.JdbcCoordinatorImpl - HHH000420: Closing un-released batch
04:26:48.991 [main] DEBUG o.h.e.t.internal.TransactionImpl - begin
04:26:48.992 [main] DEBUG org.hibernate.SQL - select next_val as id_val from hibernate_sequence for update
Hibernate: select next_val as id_val from hibernate_sequence for update
04:26:48.992 [main] DEBUG org.hibernate.SQL - update hibernate_sequence set next_val= ? where next_val=?
Hibernate: update hibernate_sequence set next_val= ? where next_val=?
04:26:48.993 [main] DEBUG o.h.e.i.AbstractSaveEventListener - Generated identifier: 202, using strategy: org.hibernate.id.enhanced.SequenceStyleGenerator
04:26:48.993 [main] DEBUG o.h.e.t.internal.TransactionImpl - committing
04:26:48.993 [main] DEBUG o.h.e.i.AbstractFlushingEventListener - Processing flush-time cascades
04:26:48.993 [main] DEBUG o.h.e.i.AbstractFlushingEventListener - Dirty checking collections
04:26:48.994 [main] DEBUG o.h.e.i.AbstractFlushingEventListener - Flushed: 1 insertions, 0 updates, 0 deletions to 1 objects
04:26:48.994 [main] DEBUG o.h.e.i.AbstractFlushingEventListener - Flushed: 0 (re)creations, 0 updates, 0 removals to 0 collections
04:26:48.994 [main] DEBUG o.h.internal.util.EntityPrinter - Listing entities:
04:26:48.995 [main] DEBUG o.h.internal.util.EntityPrinter - edu.ncsu.csc.itrust2.models.persistent.LogEntry{secondaryUser=null, logCode=5, primaryUser=logapitest, id=202, time=java.util.GregorianCalendar[time=1521606408991,areFieldsSet=true,areAllFieldsSet=true,lenient=true,zone=sun.util.calendar.ZoneInfo[id="Etc/UTC",offset=0,dstSavings=0,useDaylight=false,transitions=0,lastRule=null],firstDayOfWeek=1,minimalDaysInFirstWeek=1,ERA=1,YEAR=2018,MONTH=2,WEEK_OF_YEAR=12,WEEK_OF_MONTH=4,DAY_OF_MONTH=21,DAY_OF_YEAR=80,DAY_OF_WEEK=4,DAY_OF_WEEK_IN_MONTH=3,AM_PM=0,HOUR=4,HOUR_OF_DAY=4,MINUTE=26,SECOND=48,MILLISECOND=991,ZONE_OFFSET=0,DST_OFFSET=0], message=null}
04:26:48.995 [main] DEBUG org.hibernate.SQL - insert into LogEntries (logCode, message, primaryUser, secondaryUser, time, id) values (?, ?, ?, ?, ?, ?)
Hibernate: insert into LogEntries (logCode, message, primaryUser, secondaryUser, time, id) values (?, ?, ?, ?, ?, ?)
04:26:48.997 [main] DEBUG o.h.e.j.internal.JdbcCoordinatorImpl - HHH000420: Closing un-released batch
04:26:48.997 [main] DEBUG o.h.e.t.internal.TransactionImpl - begin
04:26:48.998 [main] DEBUG org.hibernate.SQL - select next_val as id_val from hibernate_sequence for update
Hibernate: select next_val as id_val from hibernate_sequence for update
04:26:48.998 [main] DEBUG org.hibernate.SQL - update hibernate_sequence set next_val= ? where next_val=?
Hibernate: update hibernate_sequence set next_val= ? where next_val=?
04:26:49.001 [main] DEBUG o.h.e.i.AbstractSaveEventListener - Generated identifier: 203, using strategy: org.hibernate.id.enhanced.SequenceStyleGenerator
04:26:49.001 [main] DEBUG o.h.e.t.internal.TransactionImpl - committing
04:26:49.002 [main] DEBUG o.h.e.i.AbstractFlushingEventListener - Processing flush-time cascades
04:26:49.003 [main] DEBUG o.h.e.i.AbstractFlushingEventListener - Dirty checking collections
04:26:49.017 [main] DEBUG o.h.e.i.AbstractFlushingEventListener - Flushed: 1 insertions, 0 updates, 0 deletions to 1 objects
04:26:49.017 [main] DEBUG o.h.e.i.AbstractFlushingEventListener - Flushed: 0 (re)creations, 0 updates, 0 removals to 0 collections
04:26:49.018 [main] DEBUG o.h.internal.util.EntityPrinter - Listing entities:
04:26:49.018 [main] DEBUG o.h.internal.util.EntityPrinter - edu.ncsu.csc.itrust2.models.persistent.LogEntry{secondaryUser=null, logCode=5, primaryUser=logapitest, id=203, time=java.util.GregorianCalendar[time=1521606408997,areFieldsSet=true,areAllFieldsSet=true,lenient=true,zone=sun.util.calendar.ZoneInfo[id="Etc/UTC",offset=0,dstSavings=0,useDaylight=false,transitions=0,lastRule=null],firstDayOfWeek=1,minimalDaysInFirstWeek=1,ERA=1,YEAR=2018,MONTH=2,WEEK_OF_YEAR=12,WEEK_OF_MONTH=4,DAY_OF_MONTH=21,DAY_OF_YEAR=80,DAY_OF_WEEK=4,DAY_OF_WEEK_IN_MONTH=3,AM_PM=0,HOUR=4,HOUR_OF_DAY=4,MINUTE=26,SECOND=48,MILLISECOND=997,ZONE_OFFSET=0,DST_OFFSET=0], message=null}
04:26:49.018 [main] DEBUG org.hibernate.SQL - insert into LogEntries (logCode, message, primaryUser, secondaryUser, time, id) values (?, ?, ?, ?, ?, ?)
Hibernate: insert into LogEntries (logCode, message, primaryUser, secondaryUser, time, id) values (?, ?, ?, ?, ?, ?)
04:26:49.027 [main] DEBUG o.h.e.j.internal.JdbcCoordinatorImpl - HHH000420: Closing un-released batch
04:26:49.027 [main] DEBUG o.h.e.t.internal.TransactionImpl - begin
04:26:49.028 [main] DEBUG org.hibernate.SQL - select next_val as id_val from hibernate_sequence for update
Hibernate: select next_val as id_val from hibernate_sequence for update
04:26:49.028 [main] DEBUG org.hibernate.SQL - update hibernate_sequence set next_val= ? where next_val=?
Hibernate: update hibernate_sequence set next_val= ? where next_val=?
04:26:49.030 [main] DEBUG o.h.e.i.AbstractSaveEventListener - Generated identifier: 204, using strategy: org.hibernate.id.enhanced.SequenceStyleGenerator
04:26:49.030 [main] DEBUG o.h.e.t.internal.TransactionImpl - committing
04:26:49.030 [main] DEBUG o.h.e.i.AbstractFlushingEventListener - Processing flush-time cascades
04:26:49.031 [main] DEBUG o.h.e.i.AbstractFlushingEventListener - Dirty checking collections
04:26:49.034 [main] DEBUG o.h.e.i.AbstractFlushingEventListener - Flushed: 1 insertions, 0 updates, 0 deletions to 1 objects
04:26:49.034 [main] DEBUG o.h.e.i.AbstractFlushingEventListener - Flushed: 0 (re)creations, 0 updates, 0 removals to 0 collections
04:26:49.034 [main] DEBUG o.h.internal.util.EntityPrinter - Listing entities:
04:26:49.035 [main] DEBUG o.h.internal.util.EntityPrinter - edu.ncsu.csc.itrust2.models.persistent.LogEntry{secondaryUser=null, logCode=5, primaryUser=logapitest, id=204, time=java.util.GregorianCalendar[time=1521606409027,areFieldsSet=true,areAllFieldsSet=true,lenient=true,zone=sun.util.calendar.ZoneInfo[id="Etc/UTC",offset=0,dstSavings=0,useDaylight=false,transitions=0,lastRule=null],firstDayOfWeek=1,minimalDaysInFirstWeek=1,ERA=1,YEAR=2018,MONTH=2,WEEK_OF_YEAR=12,WEEK_OF_MONTH=4,DAY_OF_MONTH=21,DAY_OF_YEAR=80,DAY_OF_WEEK=4,DAY_OF_WEEK_IN_MONTH=3,AM_PM=0,HOUR=4,HOUR_OF_DAY=4,MINUTE=26,SECOND=49,MILLISECOND=27,ZONE_OFFSET=0,DST_OFFSET=0], message=null}
04:26:49.035 [main] DEBUG org.hibernate.SQL - insert into LogEntries (logCode, message, primaryUser, secondaryUser, time, id) values (?, ?, ?, ?, ?, ?)
Hibernate: insert into LogEntries (logCode, message, primaryUser, secondaryUser, time, id) values (?, ?, ?, ?, ?, ?)
04:26:49.044 [main] DEBUG o.h.e.j.internal.JdbcCoordinatorImpl - HHH000420: Closing un-released batch
04:26:49.046 [main] DEBUG o.h.e.t.internal.TransactionImpl - begin
04:26:49.047 [main] DEBUG org.hibernate.SQL - select next_val as id_val from hibernate_sequence for update
Hibernate: select next_val as id_val from hibernate_sequence for update
04:26:49.047 [main] DEBUG org.hibernate.SQL - update hibernate_sequence set next_val= ? where next_val=?
Hibernate: update hibernate_sequence set next_val= ? where next_val=?
04:26:49.049 [main] DEBUG o.h.e.i.AbstractSaveEventListener - Generated identifier: 205, using strategy: org.hibernate.id.enhanced.SequenceStyleGenerator
04:26:49.049 [main] DEBUG o.h.e.t.internal.TransactionImpl - committing
04:26:49.049 [main] DEBUG o.h.e.i.AbstractFlushingEventListener - Processing flush-time cascades
04:26:49.049 [main] DEBUG o.h.e.i.AbstractFlushingEventListener - Dirty checking collections
04:26:49.049 [main] DEBUG o.h.e.i.AbstractFlushingEventListener - Flushed: 1 insertions, 0 updates, 0 deletions to 1 objects
04:26:49.049 [main] DEBUG o.h.e.i.AbstractFlushingEventListener - Flushed: 0 (re)creations, 0 updates, 0 removals to 0 collections
04:26:49.049 [main] DEBUG o.h.internal.util.EntityPrinter - Listing entities:
04:26:49.049 [main] DEBUG o.h.internal.util.EntityPrinter - edu.ncsu.csc.itrust2.models.persistent.LogEntry{secondaryUser=null, logCode=5, primaryUser=logapitest, id=205, time=java.util.GregorianCalendar[time=1521606409046,areFieldsSet=true,areAllFieldsSet=true,lenient=true,zone=sun.util.calendar.ZoneInfo[id="Etc/UTC",offset=0,dstSavings=0,useDaylight=false,transitions=0,lastRule=null],firstDayOfWeek=1,minimalDaysInFirstWeek=1,ERA=1,YEAR=2018,MONTH=2,WEEK_OF_YEAR=12,WEEK_OF_MONTH=4,DAY_OF_MONTH=21,DAY_OF_YEAR=80,DAY_OF_WEEK=4,DAY_OF_WEEK_IN_MONTH=3,AM_PM=0,HOUR=4,HOUR_OF_DAY=4,MINUTE=26,SECOND=49,MILLISECOND=46,ZONE_OFFSET=0,DST_OFFSET=0], message=null}
04:26:49.050 [main] DEBUG org.hibernate.SQL - insert into LogEntries (logCode, message, primaryUser, secondaryUser, time, id) values (?, ?, ?, ?, ?, ?)
Hibernate: insert into LogEntries (logCode, message, primaryUser, secondaryUser, time, id) values (?, ?, ?, ?, ?, ?)
04:26:49.053 [main] DEBUG o.h.e.j.internal.JdbcCoordinatorImpl - HHH000420: Closing un-released batch
04:26:49.054 [main] DEBUG o.h.e.t.internal.TransactionImpl - begin
04:26:49.058 [main] DEBUG org.hibernate.SQL - select next_val as id_val from hibernate_sequence for update
Hibernate: select next_val as id_val from hibernate_sequence for update
04:26:49.058 [main] DEBUG org.hibernate.SQL - update hibernate_sequence set next_val= ? where next_val=?
Hibernate: update hibernate_sequence set next_val= ? where next_val=?
04:26:49.059 [main] DEBUG o.h.e.i.AbstractSaveEventListener - Generated identifier: 206, using strategy: org.hibernate.id.enhanced.SequenceStyleGenerator
04:26:49.060 [main] DEBUG o.h.e.t.internal.TransactionImpl - committing
04:26:49.060 [main] DEBUG o.h.e.i.AbstractFlushingEventListener - Processing flush-time cascades
04:26:49.060 [main] DEBUG o.h.e.i.AbstractFlushingEventListener - Dirty checking collections
04:26:49.060 [main] DEBUG o.h.e.i.AbstractFlushingEventListener - Flushed: 1 insertions, 0 updates, 0 deletions to 1 objects
04:26:49.060 [main] DEBUG o.h.e.i.AbstractFlushingEventListener - Flushed: 0 (re)creations, 0 updates, 0 removals to 0 collections
04:26:49.060 [main] DEBUG o.h.internal.util.EntityPrinter - Listing entities:
04:26:49.061 [main] DEBUG o.h.internal.util.EntityPrinter - edu.ncsu.csc.itrust2.models.persistent.LogEntry{secondaryUser=null, logCode=5, primaryUser=logapitest, id=206, time=java.util.GregorianCalendar[time=1521606409054,areFieldsSet=true,areAllFieldsSet=true,lenient=true,zone=sun.util.calendar.ZoneInfo[id="Etc/UTC",offset=0,dstSavings=0,useDaylight=false,transitions=0,lastRule=null],firstDayOfWeek=1,minimalDaysInFirstWeek=1,ERA=1,YEAR=2018,MONTH=2,WEEK_OF_YEAR=12,WEEK_OF_MONTH=4,DAY_OF_MONTH=21,DAY_OF_YEAR=80,DAY_OF_WEEK=4,DAY_OF_WEEK_IN_MONTH=3,AM_PM=0,HOUR=4,HOUR_OF_DAY=4,MINUTE=26,SECOND=49,MILLISECOND=54,ZONE_OFFSET=0,DST_OFFSET=0], message=null}
04:26:49.063 [main] DEBUG org.hibernate.SQL - insert into LogEntries (logCode, message, primaryUser, secondaryUser, time, id) values (?, ?, ?, ?, ?, ?)
Hibernate: insert into LogEntries (logCode, message, primaryUser, secondaryUser, time, id) values (?, ?, ?, ?, ?, ?)
04:26:49.064 [main] DEBUG o.h.e.j.internal.JdbcCoordinatorImpl - HHH000420: Closing un-released batch
04:26:49.065 [main] DEBUG o.h.e.t.internal.TransactionImpl - begin
04:26:49.065 [main] DEBUG org.hibernate.SQL - select next_val as id_val from hibernate_sequence for update
Hibernate: select next_val as id_val from hibernate_sequence for update
04:26:49.066 [main] DEBUG org.hibernate.SQL - update hibernate_sequence set next_val= ? where next_val=?
Hibernate: update hibernate_sequence set next_val= ? where next_val=?
04:26:49.067 [main] DEBUG o.h.e.i.AbstractSaveEventListener - Generated identifier: 207, using strategy: org.hibernate.id.enhanced.SequenceStyleGenerator
04:26:49.068 [main] DEBUG o.h.e.t.internal.TransactionImpl - committing
04:26:49.068 [main] DEBUG o.h.e.i.AbstractFlushingEventListener - Processing flush-time cascades
04:26:49.068 [main] DEBUG o.h.e.i.AbstractFlushingEventListener - Dirty checking collections
04:26:49.069 [main] DEBUG o.h.e.i.AbstractFlushingEventListener - Flushed: 1 insertions, 0 updates, 0 deletions to 1 objects
04:26:49.069 [main] DEBUG o.h.e.i.AbstractFlushingEventListener - Flushed: 0 (re)creations, 0 updates, 0 removals to 0 collections
04:26:49.070 [main] DEBUG o.h.internal.util.EntityPrinter - Listing entities:
04:26:49.070 [main] DEBUG o.h.internal.util.EntityPrinter - edu.ncsu.csc.itrust2.models.persistent.LogEntry{secondaryUser=null, logCode=5, primaryUser=logapitest, id=207, time=java.util.GregorianCalendar[time=1521606409064,areFieldsSet=true,areAllFieldsSet=true,lenient=true,zone=sun.util.calendar.ZoneInfo[id="Etc/UTC",offset=0,dstSavings=0,useDaylight=false,transitions=0,lastRule=null],firstDayOfWeek=1,minimalDaysInFirstWeek=1,ERA=1,YEAR=2018,MONTH=2,WEEK_OF_YEAR=12,WEEK_OF_MONTH=4,DAY_OF_MONTH=21,DAY_OF_YEAR=80,DAY_OF_WEEK=4,DAY_OF_WEEK_IN_MONTH=3,AM_PM=0,HOUR=4,HOUR_OF_DAY=4,MINUTE=26,SECOND=49,MILLISECOND=64,ZONE_OFFSET=0,DST_OFFSET=0], message=null}
04:26:49.071 [main] DEBUG org.hibernate.SQL - insert into LogEntries (logCode, message, primaryUser, secondaryUser, time, id) values (?, ?, ?, ?, ?, ?)
Hibernate: insert into LogEntries (logCode, message, primaryUser, secondaryUser, time, id) values (?, ?, ?, ?, ?, ?)
04:26:49.072 [main] DEBUG o.h.e.j.internal.JdbcCoordinatorImpl - HHH000420: Closing un-released batch
04:26:49.072 [main] DEBUG o.h.e.t.internal.TransactionImpl - begin
04:26:49.073 [main] DEBUG org.hibernate.SQL - select next_val as id_val from hibernate_sequence for update
Hibernate: select next_val as id_val from hibernate_sequence for update
04:26:49.073 [main] DEBUG org.hibernate.SQL - update hibernate_sequence set next_val= ? where next_val=?
Hibernate: update hibernate_sequence set next_val= ? where next_val=?
04:26:49.074 [main] DEBUG o.h.e.i.AbstractSaveEventListener - Generated identifier: 208, using strategy: org.hibernate.id.enhanced.SequenceStyleGenerator
04:26:49.075 [main] DEBUG o.h.e.t.internal.TransactionImpl - committing
04:26:49.075 [main] DEBUG o.h.e.i.AbstractFlushingEventListener - Processing flush-time cascades
04:26:49.075 [main] DEBUG o.h.e.i.AbstractFlushingEventListener - Dirty checking collections
04:26:49.075 [main] DEBUG o.h.e.i.AbstractFlushingEventListener - Flushed: 1 insertions, 0 updates, 0 deletions to 1 objects
04:26:49.075 [main] DEBUG o.h.e.i.AbstractFlushingEventListener - Flushed: 0 (re)creations, 0 updates, 0 removals to 0 collections
04:26:49.075 [main] DEBUG o.h.internal.util.EntityPrinter - Listing entities:
04:26:49.075 [main] DEBUG o.h.internal.util.EntityPrinter - edu.ncsu.csc.itrust2.models.persistent.LogEntry{secondaryUser=null, logCode=5, primaryUser=logapitest, id=208, time=java.util.GregorianCalendar[time=1521606409072,areFieldsSet=true,areAllFieldsSet=true,lenient=true,zone=sun.util.calendar.ZoneInfo[id="Etc/UTC",offset=0,dstSavings=0,useDaylight=false,transitions=0,lastRule=null],firstDayOfWeek=1,minimalDaysInFirstWeek=1,ERA=1,YEAR=2018,MONTH=2,WEEK_OF_YEAR=12,WEEK_OF_MONTH=4,DAY_OF_MONTH=21,DAY_OF_YEAR=80,DAY_OF_WEEK=4,DAY_OF_WEEK_IN_MONTH=3,AM_PM=0,HOUR=4,HOUR_OF_DAY=4,MINUTE=26,SECOND=49,MILLISECOND=72,ZONE_OFFSET=0,DST_OFFSET=0], message=null}
04:26:49.075 [main] DEBUG org.hibernate.SQL - insert into LogEntries (logCode, message, primaryUser, secondaryUser, time, id) values (?, ?, ?, ?, ?, ?)
Hibernate: insert into LogEntries (logCode, message, primaryUser, secondaryUser, time, id) values (?, ?, ?, ?, ?, ?)
04:26:49.077 [main] DEBUG o.h.e.j.internal.JdbcCoordinatorImpl - HHH000420: Closing un-released batch
04:26:49.078 [main] DEBUG o.h.e.t.internal.TransactionImpl - begin
04:26:49.080 [main] DEBUG org.hibernate.SQL - select next_val as id_val from hibernate_sequence for update
Hibernate: select next_val as id_val from hibernate_sequence for update
04:26:49.080 [main] DEBUG org.hibernate.SQL - update hibernate_sequence set next_val= ? where next_val=?
Hibernate: update hibernate_sequence set next_val= ? where next_val=?
04:26:49.082 [main] DEBUG o.h.e.i.AbstractSaveEventListener - Generated identifier: 209, using strategy: org.hibernate.id.enhanced.SequenceStyleGenerator
04:26:49.082 [main] DEBUG o.h.e.t.internal.TransactionImpl - committing
04:26:49.083 [main] DEBUG o.h.e.i.AbstractFlushingEventListener - Processing flush-time cascades
04:26:49.083 [main] DEBUG o.h.e.i.AbstractFlushingEventListener - Dirty checking collections
04:26:49.084 [main] DEBUG o.h.e.i.AbstractFlushingEventListener - Flushed: 1 insertions, 0 updates, 0 deletions to 1 objects
04:26:49.084 [main] DEBUG o.h.e.i.AbstractFlushingEventListener - Flushed: 0 (re)creations, 0 updates, 0 removals to 0 collections
04:26:49.085 [main] DEBUG o.h.internal.util.EntityPrinter - Listing entities:
04:26:49.085 [main] DEBUG o.h.internal.util.EntityPrinter - edu.ncsu.csc.itrust2.models.persistent.LogEntry{secondaryUser=null, logCode=5, primaryUser=logapitest, id=209, time=java.util.GregorianCalendar[time=1521606409077,areFieldsSet=true,areAllFieldsSet=true,lenient=true,zone=sun.util.calendar.ZoneInfo[id="Etc/UTC",offset=0,dstSavings=0,useDaylight=false,transitions=0,lastRule=null],firstDayOfWeek=1,minimalDaysInFirstWeek=1,ERA=1,YEAR=2018,MONTH=2,WEEK_OF_YEAR=12,WEEK_OF_MONTH=4,DAY_OF_MONTH=21,DAY_OF_YEAR=80,DAY_OF_WEEK=4,DAY_OF_WEEK_IN_MONTH=3,AM_PM=0,HOUR=4,HOUR_OF_DAY=4,MINUTE=26,SECOND=49,MILLISECOND=77,ZONE_OFFSET=0,DST_OFFSET=0], message=null}
04:26:49.085 [main] DEBUG org.hibernate.SQL - insert into LogEntries (logCode, message, primaryUser, secondaryUser, time, id) values (?, ?, ?, ?, ?, ?)
Hibernate: insert into LogEntries (logCode, message, primaryUser, secondaryUser, time, id) values (?, ?, ?, ?, ?, ?)
04:26:49.087 [main] DEBUG o.h.e.j.internal.JdbcCoordinatorImpl - HHH000420: Closing un-released batch
04:26:49.087 [main] DEBUG o.h.e.t.internal.TransactionImpl - begin
04:26:49.088 [main] DEBUG org.hibernate.SQL - select next_val as id_val from hibernate_sequence for update
Hibernate: select next_val as id_val from hibernate_sequence for update
04:26:49.088 [main] DEBUG org.hibernate.SQL - update hibernate_sequence set next_val= ? where next_val=?
Hibernate: update hibernate_sequence set next_val= ? where next_val=?
04:26:49.089 [main] DEBUG o.h.e.i.AbstractSaveEventListener - Generated identifier: 210, using strategy: org.hibernate.id.enhanced.SequenceStyleGenerator
04:26:49.089 [main] DEBUG o.h.e.t.internal.TransactionImpl - committing
04:26:49.089 [main] DEBUG o.h.e.i.AbstractFlushingEventListener - Processing flush-time cascades
04:26:49.089 [main] DEBUG o.h.e.i.AbstractFlushingEventListener - Dirty checking collections
04:26:49.090 [main] DEBUG o.h.e.i.AbstractFlushingEventListener - Flushed: 1 insertions, 0 updates, 0 deletions to 1 objects
04:26:49.090 [main] DEBUG o.h.e.i.AbstractFlushingEventListener - Flushed: 0 (re)creations, 0 updates, 0 removals to 0 collections
04:26:49.090 [main] DEBUG o.h.internal.util.EntityPrinter - Listing entities:
04:26:49.090 [main] DEBUG o.h.internal.util.EntityPrinter - edu.ncsu.csc.itrust2.models.persistent.LogEntry{secondaryUser=null, logCode=5, primaryUser=logapitest, id=210, time=java.util.GregorianCalendar[time=1521606409087,areFieldsSet=true,areAllFieldsSet=true,lenient=true,zone=sun.util.calendar.ZoneInfo[id="Etc/UTC",offset=0,dstSavings=0,useDaylight=false,transitions=0,lastRule=null],firstDayOfWeek=1,minimalDaysInFirstWeek=1,ERA=1,YEAR=2018,MONTH=2,WEEK_OF_YEAR=12,WEEK_OF_MONTH=4,DAY_OF_MONTH=21,DAY_OF_YEAR=80,DAY_OF_WEEK=4,DAY_OF_WEEK_IN_MONTH=3,AM_PM=0,HOUR=4,HOUR_OF_DAY=4,MINUTE=26,SECOND=49,MILLISECOND=87,ZONE_OFFSET=0,DST_OFFSET=0], message=null}
04:26:49.091 [main] DEBUG org.hibernate.SQL - insert into LogEntries (logCode, message, primaryUser, secondaryUser, time, id) values (?, ?, ?, ?, ?, ?)
Hibernate: insert into LogEntries (logCode, message, primaryUser, secondaryUser, time, id) values (?, ?, ?, ?, ?, ?)
04:26:49.092 [main] DEBUG o.h.e.j.internal.JdbcCoordinatorImpl - HHH000420: Closing un-released batch
04:26:49.093 [main] DEBUG o.h.e.t.internal.TransactionImpl - begin
04:26:49.094 [main] DEBUG org.hibernate.SQL - select next_val as id_val from hibernate_sequence for update
Hibernate: select next_val as id_val from hibernate_sequence for update
04:26:49.096 [main] DEBUG org.hibernate.SQL - update hibernate_sequence set next_val= ? where next_val=?
Hibernate: update hibernate_sequence set next_val= ? where next_val=?
04:26:49.097 [main] DEBUG o.h.e.i.AbstractSaveEventListener - Generated identifier: 211, using strategy: org.hibernate.id.enhanced.SequenceStyleGenerator
04:26:49.098 [main] DEBUG o.h.e.t.internal.TransactionImpl - committing
04:26:49.098 [main] DEBUG o.h.e.i.AbstractFlushingEventListener - Processing flush-time cascades
04:26:49.098 [main] DEBUG o.h.e.i.AbstractFlushingEventListener - Dirty checking collections
04:26:49.098 [main] DEBUG o.h.e.i.AbstractFlushingEventListener - Flushed: 1 insertions, 0 updates, 0 deletions to 1 objects
04:26:49.098 [main] DEBUG o.h.e.i.AbstractFlushingEventListener - Flushed: 0 (re)creations, 0 updates, 0 removals to 0 collections
04:26:49.098 [main] DEBUG o.h.internal.util.EntityPrinter - Listing entities:
04:26:49.098 [main] DEBUG o.h.internal.util.EntityPrinter - edu.ncsu.csc.itrust2.models.persistent.LogEntry{secondaryUser=null, logCode=5, primaryUser=logapitest, id=211, time=java.util.GregorianCalendar[time=1521606409093,areFieldsSet=true,areAllFieldsSet=true,lenient=true,zone=sun.util.calendar.ZoneInfo[id="Etc/UTC",offset=0,dstSavings=0,useDaylight=false,transitions=0,lastRule=null],firstDayOfWeek=1,minimalDaysInFirstWeek=1,ERA=1,YEAR=2018,MONTH=2,WEEK_OF_YEAR=12,WEEK_OF_MONTH=4,DAY_OF_MONTH=21,DAY_OF_YEAR=80,DAY_OF_WEEK=4,DAY_OF_WEEK_IN_MONTH=3,AM_PM=0,HOUR=4,HOUR_OF_DAY=4,MINUTE=26,SECOND=49,MILLISECOND=93,ZONE_OFFSET=0,DST_OFFSET=0], message=null}
04:26:49.099 [main] DEBUG org.hibernate.SQL - insert into LogEntries (logCode, message, primaryUser, secondaryUser, time, id) values (?, ?, ?, ?, ?, ?)
Hibernate: insert into LogEntries (logCode, message, primaryUser, secondaryUser, time, id) values (?, ?, ?, ?, ?, ?)
04:26:49.100 [main] DEBUG o.h.e.j.internal.JdbcCoordinatorImpl - HHH000420: Closing un-released batch
04:26:49.100 [main] DEBUG o.h.e.t.internal.TransactionImpl - begin
04:26:49.101 [main] DEBUG org.hibernate.SQL - select next_val as id_val from hibernate_sequence for update
Hibernate: select next_val as id_val from hibernate_sequence for update
04:26:49.102 [main] DEBUG org.hibernate.SQL - update hibernate_sequence set next_val= ? where next_val=?
Hibernate: update hibernate_sequence set next_val= ? where next_val=?
04:26:49.103 [main] DEBUG o.h.e.i.AbstractSaveEventListener - Generated identifier: 212, using strategy: org.hibernate.id.enhanced.SequenceStyleGenerator
04:26:49.104 [main] DEBUG o.h.e.t.internal.TransactionImpl - committing
04:26:49.104 [main] DEBUG o.h.e.i.AbstractFlushingEventListener - Processing flush-time cascades
04:26:49.104 [main] DEBUG o.h.e.i.AbstractFlushingEventListener - Dirty checking collections
04:26:49.104 [main] DEBUG o.h.e.i.AbstractFlushingEventListener - Flushed: 1 insertions, 0 updates, 0 deletions to 1 objects
04:26:49.104 [main] DEBUG o.h.e.i.AbstractFlushingEventListener - Flushed: 0 (re)creations, 0 updates, 0 removals to 0 collections
04:26:49.104 [main] DEBUG o.h.internal.util.EntityPrinter - Listing entities:
04:26:49.104 [main] DEBUG o.h.internal.util.EntityPrinter - edu.ncsu.csc.itrust2.models.persistent.LogEntry{secondaryUser=null, logCode=5, primaryUser=logapitest, id=212, time=java.util.GregorianCalendar[time=1521606409100,areFieldsSet=true,areAllFieldsSet=true,lenient=true,zone=sun.util.calendar.ZoneInfo[id="Etc/UTC",offset=0,dstSavings=0,useDaylight=false,transitions=0,lastRule=null],firstDayOfWeek=1,minimalDaysInFirstWeek=1,ERA=1,YEAR=2018,MONTH=2,WEEK_OF_YEAR=12,WEEK_OF_MONTH=4,DAY_OF_MONTH=21,DAY_OF_YEAR=80,DAY_OF_WEEK=4,DAY_OF_WEEK_IN_MONTH=3,AM_PM=0,HOUR=4,HOUR_OF_DAY=4,MINUTE=26,SECOND=49,MILLISECOND=100,ZONE_OFFSET=0,DST_OFFSET=0], message=null}
04:26:49.105 [main] DEBUG org.hibernate.SQL - insert into LogEntries (logCode, message, primaryUser, secondaryUser, time, id) values (?, ?, ?, ?, ?, ?)
Hibernate: insert into LogEntries (logCode, message, primaryUser, secondaryUser, time, id) values (?, ?, ?, ?, ?, ?)
04:26:49.106 [main] DEBUG o.h.e.j.internal.JdbcCoordinatorImpl - HHH000420: Closing un-released batch
04:26:49.107 [main] DEBUG o.h.e.t.internal.TransactionImpl - begin
04:26:49.108 [main] DEBUG org.hibernate.SQL - select next_val as id_val from hibernate_sequence for update
Hibernate: select next_val as id_val from hibernate_sequence for update
04:26:49.108 [main] DEBUG org.hibernate.SQL - update hibernate_sequence set next_val= ? where next_val=?
Hibernate: update hibernate_sequence set next_val= ? where next_val=?
04:26:49.110 [main] DEBUG o.h.e.i.AbstractSaveEventListener - Generated identifier: 213, using strategy: org.hibernate.id.enhanced.SequenceStyleGenerator
04:26:49.110 [main] DEBUG o.h.e.t.internal.TransactionImpl - committing
04:26:49.110 [main] DEBUG o.h.e.i.AbstractFlushingEventListener - Processing flush-time cascades
04:26:49.110 [main] DEBUG o.h.e.i.AbstractFlushingEventListener - Dirty checking collections
04:26:49.110 [main] DEBUG o.h.e.i.AbstractFlushingEventListener - Flushed: 1 insertions, 0 updates, 0 deletions to 1 objects
04:26:49.111 [main] DEBUG o.h.e.i.AbstractFlushingEventListener - Flushed: 0 (re)creations, 0 updates, 0 removals to 0 collections
04:26:49.111 [main] DEBUG o.h.internal.util.EntityPrinter - Listing entities:
04:26:49.111 [main] DEBUG o.h.internal.util.EntityPrinter - edu.ncsu.csc.itrust2.models.persistent.LogEntry{secondaryUser=null, logCode=5, primaryUser=logapitest, id=213, time=java.util.GregorianCalendar[time=1521606409107,areFieldsSet=true,areAllFieldsSet=true,lenient=true,zone=sun.util.calendar.ZoneInfo[id="Etc/UTC",offset=0,dstSavings=0,useDaylight=false,transitions=0,lastRule=null],firstDayOfWeek=1,minimalDaysInFirstWeek=1,ERA=1,YEAR=2018,MONTH=2,WEEK_OF_YEAR=12,WEEK_OF_MONTH=4,DAY_OF_MONTH=21,DAY_OF_YEAR=80,DAY_OF_WEEK=4,DAY_OF_WEEK_IN_MONTH=3,AM_PM=0,HOUR=4,HOUR_OF_DAY=4,MINUTE=26,SECOND=49,MILLISECOND=107,ZONE_OFFSET=0,DST_OFFSET=0], message=null}
04:26:49.112 [main] DEBUG org.hibernate.SQL - insert into LogEntries (logCode, message, primaryUser, secondaryUser, time, id) values (?, ?, ?, ?, ?, ?)
Hibernate: insert into LogEntries (logCode, message, primaryUser, secondaryUser, time, id) values (?, ?, ?, ?, ?, ?)
04:26:49.113 [main] DEBUG o.h.e.j.internal.JdbcCoordinatorImpl - HHH000420: Closing un-released batch
04:26:49.114 [main] DEBUG o.h.e.t.internal.TransactionImpl - begin
04:26:49.115 [main] DEBUG org.hibernate.SQL - select next_val as id_val from hibernate_sequence for update
Hibernate: select next_val as id_val from hibernate_sequence for update
04:26:49.115 [main] DEBUG org.hibernate.SQL - update hibernate_sequence set next_val= ? where next_val=?
Hibernate: update hibernate_sequence set next_val= ? where next_val=?
04:26:49.116 [main] DEBUG o.h.e.i.AbstractSaveEventListener - Generated identifier: 214, using strategy: org.hibernate.id.enhanced.SequenceStyleGenerator
04:26:49.117 [main] DEBUG o.h.e.t.internal.TransactionImpl - committing
04:26:49.117 [main] DEBUG o.h.e.i.AbstractFlushingEventListener - Processing flush-time cascades
04:26:49.117 [main] DEBUG o.h.e.i.AbstractFlushingEventListener - Dirty checking collections
04:26:49.117 [main] DEBUG o.h.e.i.AbstractFlushingEventListener - Flushed: 1 insertions, 0 updates, 0 deletions to 1 objects
04:26:49.117 [main] DEBUG o.h.e.i.AbstractFlushingEventListener - Flushed: 0 (re)creations, 0 updates, 0 removals to 0 collections
04:26:49.117 [main] DEBUG o.h.internal.util.EntityPrinter - Listing entities:
04:26:49.117 [main] DEBUG o.h.internal.util.EntityPrinter - edu.ncsu.csc.itrust2.models.persistent.LogEntry{secondaryUser=null, logCode=5, primaryUser=logapitest, id=214, time=java.util.GregorianCalendar[time=1521606409114,areFieldsSet=true,areAllFieldsSet=true,lenient=true,zone=sun.util.calendar.ZoneInfo[id="Etc/UTC",offset=0,dstSavings=0,useDaylight=false,transitions=0,lastRule=null],firstDayOfWeek=1,minimalDaysInFirstWeek=1,ERA=1,YEAR=2018,MONTH=2,WEEK_OF_YEAR=12,WEEK_OF_MONTH=4,DAY_OF_MONTH=21,DAY_OF_YEAR=80,DAY_OF_WEEK=4,DAY_OF_WEEK_IN_MONTH=3,AM_PM=0,HOUR=4,HOUR_OF_DAY=4,MINUTE=26,SECOND=49,MILLISECOND=114,ZONE_OFFSET=0,DST_OFFSET=0], message=null}
04:26:49.118 [main] DEBUG org.hibernate.SQL - insert into LogEntries (logCode, message, primaryUser, secondaryUser, time, id) values (?, ?, ?, ?, ?, ?)
Hibernate: insert into LogEntries (logCode, message, primaryUser, secondaryUser, time, id) values (?, ?, ?, ?, ?, ?)
04:26:49.120 [main] DEBUG o.h.e.j.internal.JdbcCoordinatorImpl - HHH000420: Closing un-released batch
04:26:49.120 [main] DEBUG o.h.e.t.internal.TransactionImpl - begin
04:26:49.121 [main] DEBUG org.hibernate.SQL - select next_val as id_val from hibernate_sequence for update
Hibernate: select next_val as id_val from hibernate_sequence for update
04:26:49.121 [main] DEBUG org.hibernate.SQL - update hibernate_sequence set next_val= ? where next_val=?
Hibernate: update hibernate_sequence set next_val= ? where next_val=?
04:26:49.123 [main] DEBUG o.h.e.i.AbstractSaveEventListener - Generated identifier: 215, using strategy: org.hibernate.id.enhanced.SequenceStyleGenerator
04:26:49.123 [main] DEBUG o.h.e.t.internal.TransactionImpl - committing
04:26:49.123 [main] DEBUG o.h.e.i.AbstractFlushingEventListener - Processing flush-time cascades
04:26:49.123 [main] DEBUG o.h.e.i.AbstractFlushingEventListener - Dirty checking collections
04:26:49.123 [main] DEBUG o.h.e.i.AbstractFlushingEventListener - Flushed: 1 insertions, 0 updates, 0 deletions to 1 objects
04:26:49.123 [main] DEBUG o.h.e.i.AbstractFlushingEventListener - Flushed: 0 (re)creations, 0 updates, 0 removals to 0 collections
04:26:49.123 [main] DEBUG o.h.internal.util.EntityPrinter - Listing entities:
04:26:49.124 [main] DEBUG o.h.internal.util.EntityPrinter - edu.ncsu.csc.itrust2.models.persistent.LogEntry{secondaryUser=null, logCode=5, primaryUser=logapitest, id=215, time=java.util.GregorianCalendar[time=1521606409120,areFieldsSet=true,areAllFieldsSet=true,lenient=true,zone=sun.util.calendar.ZoneInfo[id="Etc/UTC",offset=0,dstSavings=0,useDaylight=false,transitions=0,lastRule=null],firstDayOfWeek=1,minimalDaysInFirstWeek=1,ERA=1,YEAR=2018,MONTH=2,WEEK_OF_YEAR=12,WEEK_OF_MONTH=4,DAY_OF_MONTH=21,DAY_OF_YEAR=80,DAY_OF_WEEK=4,DAY_OF_WEEK_IN_MONTH=3,AM_PM=0,HOUR=4,HOUR_OF_DAY=4,MINUTE=26,SECOND=49,MILLISECOND=120,ZONE_OFFSET=0,DST_OFFSET=0], message=null}
04:26:49.124 [main] DEBUG org.hibernate.SQL - insert into LogEntries (logCode, message, primaryUser, secondaryUser, time, id) values (?, ?, ?, ?, ?, ?)
Hibernate: insert into LogEntries (logCode, message, primaryUser, secondaryUser, time, id) values (?, ?, ?, ?, ?, ?)
04:26:49.125 [main] DEBUG o.h.e.j.internal.JdbcCoordinatorImpl - HHH000420: Closing un-released batch
04:26:49.126 [main] DEBUG o.h.e.t.internal.TransactionImpl - begin
04:26:49.126 [main] DEBUG org.hibernate.SQL - select next_val as id_val from hibernate_sequence for update
Hibernate: select next_val as id_val from hibernate_sequence for update
04:26:49.127 [main] DEBUG org.hibernate.SQL - update hibernate_sequence set next_val= ? where next_val=?
Hibernate: update hibernate_sequence set next_val= ? where next_val=?
04:26:49.128 [main] DEBUG o.h.e.i.AbstractSaveEventListener - Generated identifier: 216, using strategy: org.hibernate.id.enhanced.SequenceStyleGenerator
04:26:49.128 [main] DEBUG o.h.e.t.internal.TransactionImpl - committing
04:26:49.128 [main] DEBUG o.h.e.i.AbstractFlushingEventListener - Processing flush-time cascades
04:26:49.128 [main] DEBUG o.h.e.i.AbstractFlushingEventListener - Dirty checking collections
04:26:49.128 [main] DEBUG o.h.e.i.AbstractFlushingEventListener - Flushed: 1 insertions, 0 updates, 0 deletions to 1 objects
04:26:49.129 [main] DEBUG o.h.e.i.AbstractFlushingEventListener - Flushed: 0 (re)creations, 0 updates, 0 removals to 0 collections
04:26:49.129 [main] DEBUG o.h.internal.util.EntityPrinter - Listing entities:
04:26:49.129 [main] DEBUG o.h.internal.util.EntityPrinter - edu.ncsu.csc.itrust2.models.persistent.LogEntry{secondaryUser=null, logCode=5, primaryUser=logapitest, id=216, time=java.util.GregorianCalendar[time=1521606409126,areFieldsSet=true,areAllFieldsSet=true,lenient=true,zone=sun.util.calendar.ZoneInfo[id="Etc/UTC",offset=0,dstSavings=0,useDaylight=false,transitions=0,lastRule=null],firstDayOfWeek=1,minimalDaysInFirstWeek=1,ERA=1,YEAR=2018,MONTH=2,WEEK_OF_YEAR=12,WEEK_OF_MONTH=4,DAY_OF_MONTH=21,DAY_OF_YEAR=80,DAY_OF_WEEK=4,DAY_OF_WEEK_IN_MONTH=3,AM_PM=0,HOUR=4,HOUR_OF_DAY=4,MINUTE=26,SECOND=49,MILLISECOND=126,ZONE_OFFSET=0,DST_OFFSET=0], message=null}
04:26:49.129 [main] DEBUG org.hibernate.SQL - insert into LogEntries (logCode, message, primaryUser, secondaryUser, time, id) values (?, ?, ?, ?, ?, ?)
Hibernate: insert into LogEntries (logCode, message, primaryUser, secondaryUser, time, id) values (?, ?, ?, ?, ?, ?)
04:26:49.131 [main] DEBUG o.h.e.j.internal.JdbcCoordinatorImpl - HHH000420: Closing un-released batch
04:26:49.132 [main] DEBUG o.h.e.t.internal.TransactionImpl - begin
04:26:49.133 [main] DEBUG org.hibernate.SQL - select next_val as id_val from hibernate_sequence for update
Hibernate: select next_val as id_val from hibernate_sequence for update
04:26:49.133 [main] DEBUG org.hibernate.SQL - update hibernate_sequence set next_val= ? where next_val=?
Hibernate: update hibernate_sequence set next_val= ? where next_val=?
04:26:49.135 [main] DEBUG o.h.e.i.AbstractSaveEventListener - Generated identifier: 217, using strategy: org.hibernate.id.enhanced.SequenceStyleGenerator
04:26:49.135 [main] DEBUG o.h.e.t.internal.TransactionImpl - committing
04:26:49.135 [main] DEBUG o.h.e.i.AbstractFlushingEventListener - Processing flush-time cascades
04:26:49.135 [main] DEBUG o.h.e.i.AbstractFlushingEventListener - Dirty checking collections
04:26:49.135 [main] DEBUG o.h.e.i.AbstractFlushingEventListener - Flushed: 1 insertions, 0 updates, 0 deletions to 1 objects
04:26:49.135 [main] DEBUG o.h.e.i.AbstractFlushingEventListener - Flushed: 0 (re)creations, 0 updates, 0 removals to 0 collections
04:26:49.136 [main] DEBUG o.h.internal.util.EntityPrinter - Listing entities:
04:26:49.136 [main] DEBUG o.h.internal.util.EntityPrinter - edu.ncsu.csc.itrust2.models.persistent.LogEntry{secondaryUser=null, logCode=5, primaryUser=logapitest, id=217, time=java.util.GregorianCalendar[time=1521606409131,areFieldsSet=true,areAllFieldsSet=true,lenient=true,zone=sun.util.calendar.ZoneInfo[id="Etc/UTC",offset=0,dstSavings=0,useDaylight=false,transitions=0,lastRule=null],firstDayOfWeek=1,minimalDaysInFirstWeek=1,ERA=1,YEAR=2018,MONTH=2,WEEK_OF_YEAR=12,WEEK_OF_MONTH=4,DAY_OF_MONTH=21,DAY_OF_YEAR=80,DAY_OF_WEEK=4,DAY_OF_WEEK_IN_MONTH=3,AM_PM=0,HOUR=4,HOUR_OF_DAY=4,MINUTE=26,SECOND=49,MILLISECOND=131,ZONE_OFFSET=0,DST_OFFSET=0], message=null}
04:26:49.136 [main] DEBUG org.hibernate.SQL - insert into LogEntries (logCode, message, primaryUser, secondaryUser, time, id) values (?, ?, ?, ?, ?, ?)
Hibernate: insert into LogEntries (logCode, message, primaryUser, secondaryUser, time, id) values (?, ?, ?, ?, ?, ?)
04:26:49.140 [main] DEBUG o.h.e.j.internal.JdbcCoordinatorImpl - HHH000420: Closing un-released batch
04:26:49.142 [main] DEBUG o.h.e.t.internal.TransactionImpl - begin
04:26:49.143 [main] DEBUG org.hibernate.SQL - select next_val as id_val from hibernate_sequence for update
Hibernate: select next_val as id_val from hibernate_sequence for update
04:26:49.143 [main] DEBUG org.hibernate.SQL - update hibernate_sequence set next_val= ? where next_val=?
Hibernate: update hibernate_sequence set next_val= ? where next_val=?
04:26:49.144 [main] DEBUG o.h.e.i.AbstractSaveEventListener - Generated identifier: 218, using strategy: org.hibernate.id.enhanced.SequenceStyleGenerator
04:26:49.145 [main] DEBUG o.h.e.t.internal.TransactionImpl - committing
04:26:49.145 [main] DEBUG o.h.e.i.AbstractFlushingEventListener - Processing flush-time cascades
04:26:49.145 [main] DEBUG o.h.e.i.AbstractFlushingEventListener - Dirty checking collections
04:26:49.145 [main] DEBUG o.h.e.i.AbstractFlushingEventListener - Flushed: 1 insertions, 0 updates, 0 deletions to 1 objects
04:26:49.145 [main] DEBUG o.h.e.i.AbstractFlushingEventListener - Flushed: 0 (re)creations, 0 updates, 0 removals to 0 collections
04:26:49.145 [main] DEBUG o.h.internal.util.EntityPrinter - Listing entities:
04:26:49.145 [main] DEBUG o.h.internal.util.EntityPrinter - edu.ncsu.csc.itrust2.models.persistent.LogEntry{secondaryUser=null, logCode=5, primaryUser=logapitest, id=218, time=java.util.GregorianCalendar[time=1521606409140,areFieldsSet=true,areAllFieldsSet=true,lenient=true,zone=sun.util.calendar.ZoneInfo[id="Etc/UTC",offset=0,dstSavings=0,useDaylight=false,transitions=0,lastRule=null],firstDayOfWeek=1,minimalDaysInFirstWeek=1,ERA=1,YEAR=2018,MONTH=2,WEEK_OF_YEAR=12,WEEK_OF_MONTH=4,DAY_OF_MONTH=21,DAY_OF_YEAR=80,DAY_OF_WEEK=4,DAY_OF_WEEK_IN_MONTH=3,AM_PM=0,HOUR=4,HOUR_OF_DAY=4,MINUTE=26,SECOND=49,MILLISECOND=140,ZONE_OFFSET=0,DST_OFFSET=0], message=null}
04:26:49.145 [main] DEBUG org.hibernate.SQL - insert into LogEntries (logCode, message, primaryUser, secondaryUser, time, id) values (?, ?, ?, ?, ?, ?)
Hibernate: insert into LogEntries (logCode, message, primaryUser, secondaryUser, time, id) values (?, ?, ?, ?, ?, ?)
04:26:49.146 [main] DEBUG o.h.e.j.internal.JdbcCoordinatorImpl - HHH000420: Closing un-released batch
04:26:49.147 [main] DEBUG o.h.e.t.internal.TransactionImpl - begin
04:26:49.147 [main] DEBUG org.hibernate.SQL - select next_val as id_val from hibernate_sequence for update
Hibernate: select next_val as id_val from hibernate_sequence for update
04:26:49.148 [main] DEBUG org.hibernate.SQL - update hibernate_sequence set next_val= ? where next_val=?
Hibernate: update hibernate_sequence set next_val= ? where next_val=?
04:26:49.148 [main] DEBUG o.h.e.i.AbstractSaveEventListener - Generated identifier: 219, using strategy: org.hibernate.id.enhanced.SequenceStyleGenerator
04:26:49.149 [main] DEBUG o.h.e.t.internal.TransactionImpl - committing
04:26:49.149 [main] DEBUG o.h.e.i.AbstractFlushingEventListener - Processing flush-time cascades
04:26:49.149 [main] DEBUG o.h.e.i.AbstractFlushingEventListener - Dirty checking collections
04:26:49.149 [main] DEBUG o.h.e.i.AbstractFlushingEventListener - Flushed: 1 insertions, 0 updates, 0 deletions to 1 objects
04:26:49.149 [main] DEBUG o.h.e.i.AbstractFlushingEventListener - Flushed: 0 (re)creations, 0 updates, 0 removals to 0 collections
04:26:49.149 [main] DEBUG o.h.internal.util.EntityPrinter - Listing entities:
04:26:49.150 [main] DEBUG o.h.internal.util.EntityPrinter - edu.ncsu.csc.itrust2.models.persistent.LogEntry{secondaryUser=null, logCode=5, primaryUser=logapitest, id=219, time=java.util.GregorianCalendar[time=1521606409147,areFieldsSet=true,areAllFieldsSet=true,lenient=true,zone=sun.util.calendar.ZoneInfo[id="Etc/UTC",offset=0,dstSavings=0,useDaylight=false,transitions=0,lastRule=null],firstDayOfWeek=1,minimalDaysInFirstWeek=1,ERA=1,YEAR=2018,MONTH=2,WEEK_OF_YEAR=12,WEEK_OF_MONTH=4,DAY_OF_MONTH=21,DAY_OF_YEAR=80,DAY_OF_WEEK=4,DAY_OF_WEEK_IN_MONTH=3,AM_PM=0,HOUR=4,HOUR_OF_DAY=4,MINUTE=26,SECOND=49,MILLISECOND=147,ZONE_OFFSET=0,DST_OFFSET=0], message=null}
04:26:49.150 [main] DEBUG org.hibernate.SQL - insert into LogEntries (logCode, message, primaryUser, secondaryUser, time, id) values (?, ?, ?, ?, ?, ?)
Hibernate: insert into LogEntries (logCode, message, primaryUser, secondaryUser, time, id) values (?, ?, ?, ?, ?, ?)
04:26:49.152 [main] DEBUG o.h.e.j.internal.JdbcCoordinatorImpl - HHH000420: Closing un-released batch
04:26:49.152 [main] DEBUG o.h.e.t.internal.TransactionImpl - begin
04:26:49.152 [main] DEBUG org.hibernate.SQL - select next_val as id_val from hibernate_sequence for update
Hibernate: select next_val as id_val from hibernate_sequence for update
04:26:49.153 [main] DEBUG org.hibernate.SQL - update hibernate_sequence set next_val= ? where next_val=?
Hibernate: update hibernate_sequence set next_val= ? where next_val=?
04:26:49.154 [main] DEBUG o.h.e.i.AbstractSaveEventListener - Generated identifier: 220, using strategy: org.hibernate.id.enhanced.SequenceStyleGenerator
04:26:49.154 [main] DEBUG o.h.e.t.internal.TransactionImpl - committing
04:26:49.154 [main] DEBUG o.h.e.i.AbstractFlushingEventListener - Processing flush-time cascades
04:26:49.154 [main] DEBUG o.h.e.i.AbstractFlushingEventListener - Dirty checking collections
04:26:49.154 [main] DEBUG o.h.e.i.AbstractFlushingEventListener - Flushed: 1 insertions, 0 updates, 0 deletions to 1 objects
04:26:49.154 [main] DEBUG o.h.e.i.AbstractFlushingEventListener - Flushed: 0 (re)creations, 0 updates, 0 removals to 0 collections
04:26:49.154 [main] DEBUG o.h.internal.util.EntityPrinter - Listing entities:
04:26:49.154 [main] DEBUG o.h.internal.util.EntityPrinter - edu.ncsu.csc.itrust2.models.persistent.LogEntry{secondaryUser=null, logCode=5, primaryUser=logapitest, id=220, time=java.util.GregorianCalendar[time=1521606409152,areFieldsSet=true,areAllFieldsSet=true,lenient=true,zone=sun.util.calendar.ZoneInfo[id="Etc/UTC",offset=0,dstSavings=0,useDaylight=false,transitions=0,lastRule=null],firstDayOfWeek=1,minimalDaysInFirstWeek=1,ERA=1,YEAR=2018,MONTH=2,WEEK_OF_YEAR=12,WEEK_OF_MONTH=4,DAY_OF_MONTH=21,DAY_OF_YEAR=80,DAY_OF_WEEK=4,DAY_OF_WEEK_IN_MONTH=3,AM_PM=0,HOUR=4,HOUR_OF_DAY=4,MINUTE=26,SECOND=49,MILLISECOND=152,ZONE_OFFSET=0,DST_OFFSET=0], message=null}
04:26:49.155 [main] DEBUG org.hibernate.SQL - insert into LogEntries (logCode, message, primaryUser, secondaryUser, time, id) values (?, ?, ?, ?, ?, ?)
Hibernate: insert into LogEntries (logCode, message, primaryUser, secondaryUser, time, id) values (?, ?, ?, ?, ?, ?)
04:26:49.156 [main] DEBUG o.h.e.j.internal.JdbcCoordinatorImpl - HHH000420: Closing un-released batch
04:26:49.156 [main] DEBUG o.h.e.t.internal.TransactionImpl - begin
04:26:49.156 [main] DEBUG org.hibernate.SQL - select next_val as id_val from hibernate_sequence for update
Hibernate: select next_val as id_val from hibernate_sequence for update
04:26:49.157 [main] DEBUG org.hibernate.SQL - update hibernate_sequence set next_val= ? where next_val=?
Hibernate: update hibernate_sequence set next_val= ? where next_val=?
04:26:49.159 [main] DEBUG o.h.e.i.AbstractSaveEventListener - Generated identifier: 221, using strategy: org.hibernate.id.enhanced.SequenceStyleGenerator
04:26:49.159 [main] DEBUG o.h.e.t.internal.TransactionImpl - committing
04:26:49.159 [main] DEBUG o.h.e.i.AbstractFlushingEventListener - Processing flush-time cascades
04:26:49.159 [main] DEBUG o.h.e.i.AbstractFlushingEventListener - Dirty checking collections
04:26:49.159 [main] DEBUG o.h.e.i.AbstractFlushingEventListener - Flushed: 1 insertions, 0 updates, 0 deletions to 1 objects
04:26:49.159 [main] DEBUG o.h.e.i.AbstractFlushingEventListener - Flushed: 0 (re)creations, 0 updates, 0 removals to 0 collections
04:26:49.159 [main] DEBUG o.h.internal.util.EntityPrinter - Listing entities:
04:26:49.160 [main] DEBUG o.h.internal.util.EntityPrinter - edu.ncsu.csc.itrust2.models.persistent.LogEntry{secondaryUser=null, logCode=5, primaryUser=logapitest, id=221, time=java.util.GregorianCalendar[time=1521606409156,areFieldsSet=true,areAllFieldsSet=true,lenient=true,zone=sun.util.calendar.ZoneInfo[id="Etc/UTC",offset=0,dstSavings=0,useDaylight=false,transitions=0,lastRule=null],firstDayOfWeek=1,minimalDaysInFirstWeek=1,ERA=1,YEAR=2018,MONTH=2,WEEK_OF_YEAR=12,WEEK_OF_MONTH=4,DAY_OF_MONTH=21,DAY_OF_YEAR=80,DAY_OF_WEEK=4,DAY_OF_WEEK_IN_MONTH=3,AM_PM=0,HOUR=4,HOUR_OF_DAY=4,MINUTE=26,SECOND=49,MILLISECOND=156,ZONE_OFFSET=0,DST_OFFSET=0], message=null}
04:26:49.160 [main] DEBUG org.hibernate.SQL - insert into LogEntries (logCode, message, primaryUser, secondaryUser, time, id) values (?, ?, ?, ?, ?, ?)
Hibernate: insert into LogEntries (logCode, message, primaryUser, secondaryUser, time, id) values (?, ?, ?, ?, ?, ?)
04:26:49.167 [main] DEBUG o.h.e.j.internal.JdbcCoordinatorImpl - HHH000420: Closing un-released batch
04:26:49.167 [main] DEBUG o.h.e.t.internal.TransactionImpl - begin
04:26:49.168 [main] DEBUG org.hibernate.SQL - select next_val as id_val from hibernate_sequence for update
Hibernate: select next_val as id_val from hibernate_sequence for update
04:26:49.168 [main] DEBUG org.hibernate.SQL - update hibernate_sequence set next_val= ? where next_val=?
Hibernate: update hibernate_sequence set next_val= ? where next_val=?
04:26:49.169 [main] DEBUG o.h.e.i.AbstractSaveEventListener - Generated identifier: 222, using strategy: org.hibernate.id.enhanced.SequenceStyleGenerator
04:26:49.169 [main] DEBUG o.h.e.t.internal.TransactionImpl - committing
04:26:49.170 [main] DEBUG o.h.e.i.AbstractFlushingEventListener - Processing flush-time cascades
04:26:49.170 [main] DEBUG o.h.e.i.AbstractFlushingEventListener - Dirty checking collections
04:26:49.170 [main] DEBUG o.h.e.i.AbstractFlushingEventListener - Flushed: 1 insertions, 0 updates, 0 deletions to 1 objects
04:26:49.170 [main] DEBUG o.h.e.i.AbstractFlushingEventListener - Flushed: 0 (re)creations, 0 updates, 0 removals to 0 collections
04:26:49.170 [main] DEBUG o.h.internal.util.EntityPrinter - Listing entities:
04:26:49.170 [main] DEBUG o.h.internal.util.EntityPrinter - edu.ncsu.csc.itrust2.models.persistent.LogEntry{secondaryUser=null, logCode=5, primaryUser=logapitest, id=222, time=java.util.GregorianCalendar[time=1521606409167,areFieldsSet=true,areAllFieldsSet=true,lenient=true,zone=sun.util.calendar.ZoneInfo[id="Etc/UTC",offset=0,dstSavings=0,useDaylight=false,transitions=0,lastRule=null],firstDayOfWeek=1,minimalDaysInFirstWeek=1,ERA=1,YEAR=2018,MONTH=2,WEEK_OF_YEAR=12,WEEK_OF_MONTH=4,DAY_OF_MONTH=21,DAY_OF_YEAR=80,DAY_OF_WEEK=4,DAY_OF_WEEK_IN_MONTH=3,AM_PM=0,HOUR=4,HOUR_OF_DAY=4,MINUTE=26,SECOND=49,MILLISECOND=167,ZONE_OFFSET=0,DST_OFFSET=0], message=null}
04:26:49.170 [main] DEBUG org.hibernate.SQL - insert into LogEntries (logCode, message, primaryUser, secondaryUser, time, id) values (?, ?, ?, ?, ?, ?)
Hibernate: insert into LogEntries (logCode, message, primaryUser, secondaryUser, time, id) values (?, ?, ?, ?, ?, ?)
04:26:49.171 [main] DEBUG o.h.e.j.internal.JdbcCoordinatorImpl - HHH000420: Closing un-released batch
04:26:49.171 [main] DEBUG o.h.e.t.internal.TransactionImpl - begin
04:26:49.172 [main] DEBUG org.hibernate.SQL - select next_val as id_val from hibernate_sequence for update
Hibernate: select next_val as id_val from hibernate_sequence for update
04:26:49.172 [main] DEBUG org.hibernate.SQL - update hibernate_sequence set next_val= ? where next_val=?
Hibernate: update hibernate_sequence set next_val= ? where next_val=?
04:26:49.173 [main] DEBUG o.h.e.i.AbstractSaveEventListener - Generated identifier: 223, using strategy: org.hibernate.id.enhanced.SequenceStyleGenerator
04:26:49.173 [main] DEBUG o.h.e.t.internal.TransactionImpl - committing
04:26:49.173 [main] DEBUG o.h.e.i.AbstractFlushingEventListener - Processing flush-time cascades
04:26:49.173 [main] DEBUG o.h.e.i.AbstractFlushingEventListener - Dirty checking collections
04:26:49.174 [main] DEBUG o.h.e.i.AbstractFlushingEventListener - Flushed: 1 insertions, 0 updates, 0 deletions to 1 objects
04:26:49.174 [main] DEBUG o.h.e.i.AbstractFlushingEventListener - Flushed: 0 (re)creations, 0 updates, 0 removals to 0 collections
04:26:49.174 [main] DEBUG o.h.internal.util.EntityPrinter - Listing entities:
04:26:49.174 [main] DEBUG o.h.internal.util.EntityPrinter - edu.ncsu.csc.itrust2.models.persistent.LogEntry{secondaryUser=null, logCode=5, primaryUser=logapitest, id=223, time=java.util.GregorianCalendar[time=1521606409171,areFieldsSet=true,areAllFieldsSet=true,lenient=true,zone=sun.util.calendar.ZoneInfo[id="Etc/UTC",offset=0,dstSavings=0,useDaylight=false,transitions=0,lastRule=null],firstDayOfWeek=1,minimalDaysInFirstWeek=1,ERA=1,YEAR=2018,MONTH=2,WEEK_OF_YEAR=12,WEEK_OF_MONTH=4,DAY_OF_MONTH=21,DAY_OF_YEAR=80,DAY_OF_WEEK=4,DAY_OF_WEEK_IN_MONTH=3,AM_PM=0,HOUR=4,HOUR_OF_DAY=4,MINUTE=26,SECOND=49,MILLISECOND=171,ZONE_OFFSET=0,DST_OFFSET=0], message=null}
04:26:49.174 [main] DEBUG org.hibernate.SQL - insert into LogEntries (logCode, message, primaryUser, secondaryUser, time, id) values (?, ?, ?, ?, ?, ?)
Hibernate: insert into LogEntries (logCode, message, primaryUser, secondaryUser, time, id) values (?, ?, ?, ?, ?, ?)
04:26:49.175 [main] DEBUG o.h.e.j.internal.JdbcCoordinatorImpl - HHH000420: Closing un-released batch
04:26:49.175 [main] DEBUG o.h.e.t.internal.TransactionImpl - begin
04:26:49.176 [main] DEBUG org.hibernate.SQL - select next_val as id_val from hibernate_sequence for update
Hibernate: select next_val as id_val from hibernate_sequence for update
04:26:49.176 [main] DEBUG org.hibernate.SQL - update hibernate_sequence set next_val= ? where next_val=?
Hibernate: update hibernate_sequence set next_val= ? where next_val=?
04:26:49.177 [main] DEBUG o.h.e.i.AbstractSaveEventListener - Generated identifier: 224, using strategy: org.hibernate.id.enhanced.SequenceStyleGenerator
04:26:49.178 [main] DEBUG o.h.e.t.internal.TransactionImpl - committing
04:26:49.178 [main] DEBUG o.h.e.i.AbstractFlushingEventListener - Processing flush-time cascades
04:26:49.178 [main] DEBUG o.h.e.i.AbstractFlushingEventListener - Dirty checking collections
04:26:49.178 [main] DEBUG o.h.e.i.AbstractFlushingEventListener - Flushed: 1 insertions, 0 updates, 0 deletions to 1 objects
04:26:49.178 [main] DEBUG o.h.e.i.AbstractFlushingEventListener - Flushed: 0 (re)creations, 0 updates, 0 removals to 0 collections
04:26:49.178 [main] DEBUG o.h.internal.util.EntityPrinter - Listing entities:
04:26:49.178 [main] DEBUG o.h.internal.util.EntityPrinter - edu.ncsu.csc.itrust2.models.persistent.LogEntry{secondaryUser=null, logCode=5, primaryUser=logapitest, id=224, time=java.util.GregorianCalendar[time=1521606409175,areFieldsSet=true,areAllFieldsSet=true,lenient=true,zone=sun.util.calendar.ZoneInfo[id="Etc/UTC",offset=0,dstSavings=0,useDaylight=false,transitions=0,lastRule=null],firstDayOfWeek=1,minimalDaysInFirstWeek=1,ERA=1,YEAR=2018,MONTH=2,WEEK_OF_YEAR=12,WEEK_OF_MONTH=4,DAY_OF_MONTH=21,DAY_OF_YEAR=80,DAY_OF_WEEK=4,DAY_OF_WEEK_IN_MONTH=3,AM_PM=0,HOUR=4,HOUR_OF_DAY=4,MINUTE=26,SECOND=49,MILLISECOND=175,ZONE_OFFSET=0,DST_OFFSET=0], message=null}
04:26:49.180 [main] DEBUG org.hibernate.SQL - insert into LogEntries (logCode, message, primaryUser, secondaryUser, time, id) values (?, ?, ?, ?, ?, ?)
Hibernate: insert into LogEntries (logCode, message, primaryUser, secondaryUser, time, id) values (?, ?, ?, ?, ?, ?)
04:26:49.183 [main] DEBUG o.h.e.j.internal.JdbcCoordinatorImpl - HHH000420: Closing un-released batch
04:26:49.184 [main] DEBUG o.h.e.t.internal.TransactionImpl - begin
04:26:49.184 [main] DEBUG org.hibernate.SQL - select next_val as id_val from hibernate_sequence for update
Hibernate: select next_val as id_val from hibernate_sequence for update
04:26:49.185 [main] DEBUG org.hibernate.SQL - update hibernate_sequence set next_val= ? where next_val=?
Hibernate: update hibernate_sequence set next_val= ? where next_val=?
04:26:49.186 [main] DEBUG o.h.e.i.AbstractSaveEventListener - Generated identifier: 225, using strategy: org.hibernate.id.enhanced.SequenceStyleGenerator
04:26:49.187 [main] DEBUG o.h.e.t.internal.TransactionImpl - committing
04:26:49.187 [main] DEBUG o.h.e.i.AbstractFlushingEventListener - Processing flush-time cascades
04:26:49.187 [main] DEBUG o.h.e.i.AbstractFlushingEventListener - Dirty checking collections
04:26:49.187 [main] DEBUG o.h.e.i.AbstractFlushingEventListener - Flushed: 1 insertions, 0 updates, 0 deletions to 1 objects
04:26:49.187 [main] DEBUG o.h.e.i.AbstractFlushingEventListener - Flushed: 0 (re)creations, 0 updates, 0 removals to 0 collections
04:26:49.187 [main] DEBUG o.h.internal.util.EntityPrinter - Listing entities:
04:26:49.187 [main] DEBUG o.h.internal.util.EntityPrinter - edu.ncsu.csc.itrust2.models.persistent.LogEntry{secondaryUser=null, logCode=5, primaryUser=logapitest, id=225, time=java.util.GregorianCalendar[time=1521606409184,areFieldsSet=true,areAllFieldsSet=true,lenient=true,zone=sun.util.calendar.ZoneInfo[id="Etc/UTC",offset=0,dstSavings=0,useDaylight=false,transitions=0,lastRule=null],firstDayOfWeek=1,minimalDaysInFirstWeek=1,ERA=1,YEAR=2018,MONTH=2,WEEK_OF_YEAR=12,WEEK_OF_MONTH=4,DAY_OF_MONTH=21,DAY_OF_YEAR=80,DAY_OF_WEEK=4,DAY_OF_WEEK_IN_MONTH=3,AM_PM=0,HOUR=4,HOUR_OF_DAY=4,MINUTE=26,SECOND=49,MILLISECOND=184,ZONE_OFFSET=0,DST_OFFSET=0], message=null}
04:26:49.187 [main] DEBUG org.hibernate.SQL - insert into LogEntries (logCode, message, primaryUser, secondaryUser, time, id) values (?, ?, ?, ?, ?, ?)
Hibernate: insert into LogEntries (logCode, message, primaryUser, secondaryUser, time, id) values (?, ?, ?, ?, ?, ?)
04:26:49.188 [main] DEBUG o.h.e.j.internal.JdbcCoordinatorImpl - HHH000420: Closing un-released batch
04:26:49.191 [main] DEBUG o.h.e.t.internal.TransactionImpl - begin
04:26:49.192 [main] DEBUG org.hibernate.SQL - select next_val as id_val from hibernate_sequence for update
Hibernate: select next_val as id_val from hibernate_sequence for update
04:26:49.192 [main] DEBUG org.hibernate.SQL - update hibernate_sequence set next_val= ? where next_val=?
Hibernate: update hibernate_sequence set next_val= ? where next_val=?
04:26:49.194 [main] DEBUG o.h.e.i.AbstractSaveEventListener - Generated identifier: 226, using strategy: org.hibernate.id.enhanced.SequenceStyleGenerator
04:26:49.194 [main] DEBUG o.h.e.t.internal.TransactionImpl - committing
04:26:49.195 [main] DEBUG o.h.e.i.AbstractFlushingEventListener - Processing flush-time cascades
04:26:49.195 [main] DEBUG o.h.e.i.AbstractFlushingEventListener - Dirty checking collections
04:26:49.195 [main] DEBUG o.h.e.i.AbstractFlushingEventListener - Flushed: 1 insertions, 0 updates, 0 deletions to 1 objects
04:26:49.195 [main] DEBUG o.h.e.i.AbstractFlushingEventListener - Flushed: 0 (re)creations, 0 updates, 0 removals to 0 collections
04:26:49.195 [main] DEBUG o.h.internal.util.EntityPrinter - Listing entities:
04:26:49.195 [main] DEBUG o.h.internal.util.EntityPrinter - edu.ncsu.csc.itrust2.models.persistent.LogEntry{secondaryUser=null, logCode=5, primaryUser=logapitest, id=226, time=java.util.GregorianCalendar[time=1521606409191,areFieldsSet=true,areAllFieldsSet=true,lenient=true,zone=sun.util.calendar.ZoneInfo[id="Etc/UTC",offset=0,dstSavings=0,useDaylight=false,transitions=0,lastRule=null],firstDayOfWeek=1,minimalDaysInFirstWeek=1,ERA=1,YEAR=2018,MONTH=2,WEEK_OF_YEAR=12,WEEK_OF_MONTH=4,DAY_OF_MONTH=21,DAY_OF_YEAR=80,DAY_OF_WEEK=4,DAY_OF_WEEK_IN_MONTH=3,AM_PM=0,HOUR=4,HOUR_OF_DAY=4,MINUTE=26,SECOND=49,MILLISECOND=191,ZONE_OFFSET=0,DST_OFFSET=0], message=null}
04:26:49.197 [main] DEBUG org.hibernate.SQL - insert into LogEntries (logCode, message, primaryUser, secondaryUser, time, id) values (?, ?, ?, ?, ?, ?)
Hibernate: insert into LogEntries (logCode, message, primaryUser, secondaryUser, time, id) values (?, ?, ?, ?, ?, ?)
04:26:49.198 [main] DEBUG o.h.e.j.internal.JdbcCoordinatorImpl - HHH000420: Closing un-released batch
04:26:49.198 [main] DEBUG o.h.e.t.internal.TransactionImpl - begin
04:26:49.199 [main] DEBUG org.hibernate.SQL - select next_val as id_val from hibernate_sequence for update
Hibernate: select next_val as id_val from hibernate_sequence for update
04:26:49.199 [main] DEBUG org.hibernate.SQL - update hibernate_sequence set next_val= ? where next_val=?
Hibernate: update hibernate_sequence set next_val= ? where next_val=?
04:26:49.200 [main] DEBUG o.h.e.i.AbstractSaveEventListener - Generated identifier: 227, using strategy: org.hibernate.id.enhanced.SequenceStyleGenerator
04:26:49.200 [main] DEBUG o.h.e.t.internal.TransactionImpl - committing
04:26:49.200 [main] DEBUG o.h.e.i.AbstractFlushingEventListener - Processing flush-time cascades
04:26:49.200 [main] DEBUG o.h.e.i.AbstractFlushingEventListener - Dirty checking collections
04:26:49.200 [main] DEBUG o.h.e.i.AbstractFlushingEventListener - Flushed: 1 insertions, 0 updates, 0 deletions to 1 objects
04:26:49.200 [main] DEBUG o.h.e.i.AbstractFlushingEventListener - Flushed: 0 (re)creations, 0 updates, 0 removals to 0 collections
04:26:49.200 [main] DEBUG o.h.internal.util.EntityPrinter - Listing entities:
04:26:49.200 [main] DEBUG o.h.internal.util.EntityPrinter - edu.ncsu.csc.itrust2.models.persistent.LogEntry{secondaryUser=null, logCode=5, primaryUser=logapitest, id=227, time=java.util.GregorianCalendar[time=1521606409198,areFieldsSet=true,areAllFieldsSet=true,lenient=true,zone=sun.util.calendar.ZoneInfo[id="Etc/UTC",offset=0,dstSavings=0,useDaylight=false,transitions=0,lastRule=null],firstDayOfWeek=1,minimalDaysInFirstWeek=1,ERA=1,YEAR=2018,MONTH=2,WEEK_OF_YEAR=12,WEEK_OF_MONTH=4,DAY_OF_MONTH=21,DAY_OF_YEAR=80,DAY_OF_WEEK=4,DAY_OF_WEEK_IN_MONTH=3,AM_PM=0,HOUR=4,HOUR_OF_DAY=4,MINUTE=26,SECOND=49,MILLISECOND=198,ZONE_OFFSET=0,DST_OFFSET=0], message=null}
04:26:49.200 [main] DEBUG org.hibernate.SQL - insert into LogEntries (logCode, message, primaryUser, secondaryUser, time, id) values (?, ?, ?, ?, ?, ?)
Hibernate: insert into LogEntries (logCode, message, primaryUser, secondaryUser, time, id) values (?, ?, ?, ?, ?, ?)
04:26:49.202 [main] DEBUG o.h.e.j.internal.JdbcCoordinatorImpl - HHH000420: Closing un-released batch
04:26:49.202 [main] DEBUG o.h.e.t.internal.TransactionImpl - begin
04:26:49.202 [main] DEBUG org.hibernate.SQL - select next_val as id_val from hibernate_sequence for update
Hibernate: select next_val as id_val from hibernate_sequence for update
04:26:49.203 [main] DEBUG org.hibernate.SQL - update hibernate_sequence set next_val= ? where next_val=?
Hibernate: update hibernate_sequence set next_val= ? where next_val=?
04:26:49.204 [main] DEBUG o.h.e.i.AbstractSaveEventListener - Generated identifier: 228, using strategy: org.hibernate.id.enhanced.SequenceStyleGenerator
04:26:49.204 [main] DEBUG o.h.e.t.internal.TransactionImpl - committing
04:26:49.204 [main] DEBUG o.h.e.i.AbstractFlushingEventListener - Processing flush-time cascades
04:26:49.204 [main] DEBUG o.h.e.i.AbstractFlushingEventListener - Dirty checking collections
04:26:49.204 [main] DEBUG o.h.e.i.AbstractFlushingEventListener - Flushed: 1 insertions, 0 updates, 0 deletions to 1 objects
04:26:49.204 [main] DEBUG o.h.e.i.AbstractFlushingEventListener - Flushed: 0 (re)creations, 0 updates, 0 removals to 0 collections
04:26:49.204 [main] DEBUG o.h.internal.util.EntityPrinter - Listing entities:
04:26:49.204 [main] DEBUG o.h.internal.util.EntityPrinter - edu.ncsu.csc.itrust2.models.persistent.LogEntry{secondaryUser=null, logCode=5, primaryUser=logapitest, id=228, time=java.util.GregorianCalendar[time=1521606409202,areFieldsSet=true,areAllFieldsSet=true,lenient=true,zone=sun.util.calendar.ZoneInfo[id="Etc/UTC",offset=0,dstSavings=0,useDaylight=false,transitions=0,lastRule=null],firstDayOfWeek=1,minimalDaysInFirstWeek=1,ERA=1,YEAR=2018,MONTH=2,WEEK_OF_YEAR=12,WEEK_OF_MONTH=4,DAY_OF_MONTH=21,DAY_OF_YEAR=80,DAY_OF_WEEK=4,DAY_OF_WEEK_IN_MONTH=3,AM_PM=0,HOUR=4,HOUR_OF_DAY=4,MINUTE=26,SECOND=49,MILLISECOND=202,ZONE_OFFSET=0,DST_OFFSET=0], message=null}
04:26:49.205 [main] DEBUG org.hibernate.SQL - insert into LogEntries (logCode, message, primaryUser, secondaryUser, time, id) values (?, ?, ?, ?, ?, ?)
Hibernate: insert into LogEntries (logCode, message, primaryUser, secondaryUser, time, id) values (?, ?, ?, ?, ?, ?)
04:26:49.206 [main] DEBUG o.h.e.j.internal.JdbcCoordinatorImpl - HHH000420: Closing un-released batch
04:26:49.206 [main] DEBUG o.h.e.t.internal.TransactionImpl - begin
04:26:49.207 [main] DEBUG org.hibernate.SQL - select next_val as id_val from hibernate_sequence for update
Hibernate: select next_val as id_val from hibernate_sequence for update
04:26:49.207 [main] DEBUG org.hibernate.SQL - update hibernate_sequence set next_val= ? where next_val=?
Hibernate: update hibernate_sequence set next_val= ? where next_val=?
04:26:49.208 [main] DEBUG o.h.e.i.AbstractSaveEventListener - Generated identifier: 229, using strategy: org.hibernate.id.enhanced.SequenceStyleGenerator
04:26:49.208 [main] DEBUG o.h.e.t.internal.TransactionImpl - committing
04:26:49.208 [main] DEBUG o.h.e.i.AbstractFlushingEventListener - Processing flush-time cascades
04:26:49.208 [main] DEBUG o.h.e.i.AbstractFlushingEventListener - Dirty checking collections
04:26:49.208 [main] DEBUG o.h.e.i.AbstractFlushingEventListener - Flushed: 1 insertions, 0 updates, 0 deletions to 1 objects
04:26:49.209 [main] DEBUG o.h.e.i.AbstractFlushingEventListener - Flushed: 0 (re)creations, 0 updates, 0 removals to 0 collections
04:26:49.209 [main] DEBUG o.h.internal.util.EntityPrinter - Listing entities:
04:26:49.209 [main] DEBUG o.h.internal.util.EntityPrinter - edu.ncsu.csc.itrust2.models.persistent.LogEntry{secondaryUser=null, logCode=5, primaryUser=logapitest, id=229, time=java.util.GregorianCalendar[time=1521606409206,areFieldsSet=true,areAllFieldsSet=true,lenient=true,zone=sun.util.calendar.ZoneInfo[id="Etc/UTC",offset=0,dstSavings=0,useDaylight=false,transitions=0,lastRule=null],firstDayOfWeek=1,minimalDaysInFirstWeek=1,ERA=1,YEAR=2018,MONTH=2,WEEK_OF_YEAR=12,WEEK_OF_MONTH=4,DAY_OF_MONTH=21,DAY_OF_YEAR=80,DAY_OF_WEEK=4,DAY_OF_WEEK_IN_MONTH=3,AM_PM=0,HOUR=4,HOUR_OF_DAY=4,MINUTE=26,SECOND=49,MILLISECOND=206,ZONE_OFFSET=0,DST_OFFSET=0], message=null}
04:26:49.209 [main] DEBUG org.hibernate.SQL - insert into LogEntries (logCode, message, primaryUser, secondaryUser, time, id) values (?, ?, ?, ?, ?, ?)
Hibernate: insert into LogEntries (logCode, message, primaryUser, secondaryUser, time, id) values (?, ?, ?, ?, ?, ?)
04:26:49.210 [main] DEBUG o.h.e.j.internal.JdbcCoordinatorImpl - HHH000420: Closing un-released batch
04:26:49.211 [main] DEBUG o.h.e.t.internal.TransactionImpl - begin
04:26:49.211 [main] DEBUG org.hibernate.SQL - select next_val as id_val from hibernate_sequence for update
Hibernate: select next_val as id_val from hibernate_sequence for update
04:26:49.212 [main] DEBUG org.hibernate.SQL - update hibernate_sequence set next_val= ? where next_val=?
Hibernate: update hibernate_sequence set next_val= ? where next_val=?
04:26:49.212 [main] DEBUG o.h.e.i.AbstractSaveEventListener - Generated identifier: 230, using strategy: org.hibernate.id.enhanced.SequenceStyleGenerator
04:26:49.213 [main] DEBUG o.h.e.t.internal.TransactionImpl - committing
04:26:49.213 [main] DEBUG o.h.e.i.AbstractFlushingEventListener - Processing flush-time cascades
04:26:49.213 [main] DEBUG o.h.e.i.AbstractFlushingEventListener - Dirty checking collections
04:26:49.213 [main] DEBUG o.h.e.i.AbstractFlushingEventListener - Flushed: 1 insertions, 0 updates, 0 deletions to 1 objects
04:26:49.213 [main] DEBUG o.h.e.i.AbstractFlushingEventListener - Flushed: 0 (re)creations, 0 updates, 0 removals to 0 collections
04:26:49.213 [main] DEBUG o.h.internal.util.EntityPrinter - Listing entities:
04:26:49.213 [main] DEBUG o.h.internal.util.EntityPrinter - edu.ncsu.csc.itrust2.models.persistent.LogEntry{secondaryUser=null, logCode=5, primaryUser=logapitest, id=230, time=java.util.GregorianCalendar[time=1521606409211,areFieldsSet=true,areAllFieldsSet=true,lenient=true,zone=sun.util.calendar.ZoneInfo[id="Etc/UTC",offset=0,dstSavings=0,useDaylight=false,transitions=0,lastRule=null],firstDayOfWeek=1,minimalDaysInFirstWeek=1,ERA=1,YEAR=2018,MONTH=2,WEEK_OF_YEAR=12,WEEK_OF_MONTH=4,DAY_OF_MONTH=21,DAY_OF_YEAR=80,DAY_OF_WEEK=4,DAY_OF_WEEK_IN_MONTH=3,AM_PM=0,HOUR=4,HOUR_OF_DAY=4,MINUTE=26,SECOND=49,MILLISECOND=211,ZONE_OFFSET=0,DST_OFFSET=0], message=null}
04:26:49.213 [main] DEBUG org.hibernate.SQL - insert into LogEntries (logCode, message, primaryUser, secondaryUser, time, id) values (?, ?, ?, ?, ?, ?)
Hibernate: insert into LogEntries (logCode, message, primaryUser, secondaryUser, time, id) values (?, ?, ?, ?, ?, ?)
04:26:49.215 [main] DEBUG o.h.e.j.internal.JdbcCoordinatorImpl - HHH000420: Closing un-released batch
04:26:49.215 [main] DEBUG o.h.e.t.internal.TransactionImpl - begin
04:26:49.215 [main] DEBUG org.hibernate.SQL - select next_val as id_val from hibernate_sequence for update
Hibernate: select next_val as id_val from hibernate_sequence for update
04:26:49.216 [main] DEBUG org.hibernate.SQL - update hibernate_sequence set next_val= ? where next_val=?
Hibernate: update hibernate_sequence set next_val= ? where next_val=?
04:26:49.216 [main] DEBUG o.h.e.i.AbstractSaveEventListener - Generated identifier: 231, using strategy: org.hibernate.id.enhanced.SequenceStyleGenerator
04:26:49.217 [main] DEBUG o.h.e.t.internal.TransactionImpl - committing
04:26:49.217 [main] DEBUG o.h.e.i.AbstractFlushingEventListener - Processing flush-time cascades
04:26:49.217 [main] DEBUG o.h.e.i.AbstractFlushingEventListener - Dirty checking collections
04:26:49.217 [main] DEBUG o.h.e.i.AbstractFlushingEventListener - Flushed: 1 insertions, 0 updates, 0 deletions to 1 objects
04:26:49.217 [main] DEBUG o.h.e.i.AbstractFlushingEventListener - Flushed: 0 (re)creations, 0 updates, 0 removals to 0 collections
04:26:49.217 [main] DEBUG o.h.internal.util.EntityPrinter - Listing entities:
04:26:49.217 [main] DEBUG o.h.internal.util.EntityPrinter - edu.ncsu.csc.itrust2.models.persistent.LogEntry{secondaryUser=null, logCode=5, primaryUser=logapitest, id=231, time=java.util.GregorianCalendar[time=1521606409215,areFieldsSet=true,areAllFieldsSet=true,lenient=true,zone=sun.util.calendar.ZoneInfo[id="Etc/UTC",offset=0,dstSavings=0,useDaylight=false,transitions=0,lastRule=null],firstDayOfWeek=1,minimalDaysInFirstWeek=1,ERA=1,YEAR=2018,MONTH=2,WEEK_OF_YEAR=12,WEEK_OF_MONTH=4,DAY_OF_MONTH=21,DAY_OF_YEAR=80,DAY_OF_WEEK=4,DAY_OF_WEEK_IN_MONTH=3,AM_PM=0,HOUR=4,HOUR_OF_DAY=4,MINUTE=26,SECOND=49,MILLISECOND=215,ZONE_OFFSET=0,DST_OFFSET=0], message=null}
04:26:49.218 [main] DEBUG org.hibernate.SQL - insert into LogEntries (logCode, message, primaryUser, secondaryUser, time, id) values (?, ?, ?, ?, ?, ?)
Hibernate: insert into LogEntries (logCode, message, primaryUser, secondaryUser, time, id) values (?, ?, ?, ?, ?, ?)
04:26:49.220 [main] DEBUG o.h.e.j.internal.JdbcCoordinatorImpl - HHH000420: Closing un-released batch
04:26:49.220 [main] DEBUG o.h.e.t.internal.TransactionImpl - begin
04:26:49.221 [main] DEBUG org.hibernate.SQL - select next_val as id_val from hibernate_sequence for update
Hibernate: select next_val as id_val from hibernate_sequence for update
04:26:49.221 [main] DEBUG org.hibernate.SQL - update hibernate_sequence set next_val= ? where next_val=?
Hibernate: update hibernate_sequence set next_val= ? where next_val=?
04:26:49.222 [main] DEBUG o.h.e.i.AbstractSaveEventListener - Generated identifier: 232, using strategy: org.hibernate.id.enhanced.SequenceStyleGenerator
04:26:49.222 [main] DEBUG o.h.e.t.internal.TransactionImpl - committing
04:26:49.222 [main] DEBUG o.h.e.i.AbstractFlushingEventListener - Processing flush-time cascades
04:26:49.222 [main] DEBUG o.h.e.i.AbstractFlushingEventListener - Dirty checking collections
04:26:49.223 [main] DEBUG o.h.e.i.AbstractFlushingEventListener - Flushed: 1 insertions, 0 updates, 0 deletions to 1 objects
04:26:49.223 [main] DEBUG o.h.e.i.AbstractFlushingEventListener - Flushed: 0 (re)creations, 0 updates, 0 removals to 0 collections
04:26:49.223 [main] DEBUG o.h.internal.util.EntityPrinter - Listing entities:
04:26:49.223 [main] DEBUG o.h.internal.util.EntityPrinter - edu.ncsu.csc.itrust2.models.persistent.LogEntry{secondaryUser=null, logCode=5, primaryUser=logapitest, id=232, time=java.util.GregorianCalendar[time=1521606409220,areFieldsSet=true,areAllFieldsSet=true,lenient=true,zone=sun.util.calendar.ZoneInfo[id="Etc/UTC",offset=0,dstSavings=0,useDaylight=false,transitions=0,lastRule=null],firstDayOfWeek=1,minimalDaysInFirstWeek=1,ERA=1,YEAR=2018,MONTH=2,WEEK_OF_YEAR=12,WEEK_OF_MONTH=4,DAY_OF_MONTH=21,DAY_OF_YEAR=80,DAY_OF_WEEK=4,DAY_OF_WEEK_IN_MONTH=3,AM_PM=0,HOUR=4,HOUR_OF_DAY=4,MINUTE=26,SECOND=49,MILLISECOND=220,ZONE_OFFSET=0,DST_OFFSET=0], message=null}
04:26:49.223 [main] DEBUG org.hibernate.SQL - insert into LogEntries (logCode, message, primaryUser, secondaryUser, time, id) values (?, ?, ?, ?, ?, ?)
Hibernate: insert into LogEntries (logCode, message, primaryUser, secondaryUser, time, id) values (?, ?, ?, ?, ?, ?)
04:26:49.224 [main] DEBUG o.h.e.j.internal.JdbcCoordinatorImpl - HHH000420: Closing un-released batch
04:26:49.225 [main] DEBUG o.h.e.t.internal.TransactionImpl - begin
04:26:49.225 [main] DEBUG org.hibernate.SQL - select next_val as id_val from hibernate_sequence for update
Hibernate: select next_val as id_val from hibernate_sequence for update
04:26:49.225 [main] DEBUG org.hibernate.SQL - update hibernate_sequence set next_val= ? where next_val=?
Hibernate: update hibernate_sequence set next_val= ? where next_val=?
04:26:49.226 [main] DEBUG o.h.e.i.AbstractSaveEventListener - Generated identifier: 233, using strategy: org.hibernate.id.enhanced.SequenceStyleGenerator
04:26:49.227 [main] DEBUG o.h.e.t.internal.TransactionImpl - committing
04:26:49.227 [main] DEBUG o.h.e.i.AbstractFlushingEventListener - Processing flush-time cascades
04:26:49.227 [main] DEBUG o.h.e.i.AbstractFlushingEventListener - Dirty checking collections
04:26:49.227 [main] DEBUG o.h.e.i.AbstractFlushingEventListener - Flushed: 1 insertions, 0 updates, 0 deletions to 1 objects
04:26:49.227 [main] DEBUG o.h.e.i.AbstractFlushingEventListener - Flushed: 0 (re)creations, 0 updates, 0 removals to 0 collections
04:26:49.227 [main] DEBUG o.h.internal.util.EntityPrinter - Listing entities:
04:26:49.237 [main] DEBUG o.h.internal.util.EntityPrinter - edu.ncsu.csc.itrust2.models.persistent.LogEntry{secondaryUser=null, logCode=5, primaryUser=logapitest, id=233, time=java.util.GregorianCalendar[time=1521606409224,areFieldsSet=true,areAllFieldsSet=true,lenient=true,zone=sun.util.calendar.ZoneInfo[id="Etc/UTC",offset=0,dstSavings=0,useDaylight=false,transitions=0,lastRule=null],firstDayOfWeek=1,minimalDaysInFirstWeek=1,ERA=1,YEAR=2018,MONTH=2,WEEK_OF_YEAR=12,WEEK_OF_MONTH=4,DAY_OF_MONTH=21,DAY_OF_YEAR=80,DAY_OF_WEEK=4,DAY_OF_WEEK_IN_MONTH=3,AM_PM=0,HOUR=4,HOUR_OF_DAY=4,MINUTE=26,SECOND=49,MILLISECOND=224,ZONE_OFFSET=0,DST_OFFSET=0], message=null}
04:26:49.237 [main] DEBUG org.hibernate.SQL - insert into LogEntries (logCode, message, primaryUser, secondaryUser, time, id) values (?, ?, ?, ?, ?, ?)
Hibernate: insert into LogEntries (logCode, message, primaryUser, secondaryUser, time, id) values (?, ?, ?, ?, ?, ?)
04:26:49.240 [main] DEBUG o.h.e.j.internal.JdbcCoordinatorImpl - HHH000420: Closing un-released batch
04:26:49.240 [main] DEBUG o.h.e.t.internal.TransactionImpl - begin
04:26:49.241 [main] DEBUG org.hibernate.SQL - select next_val as id_val from hibernate_sequence for update
Hibernate: select next_val as id_val from hibernate_sequence for update
04:26:49.242 [main] DEBUG org.hibernate.SQL - update hibernate_sequence set next_val= ? where next_val=?
Hibernate: update hibernate_sequence set next_val= ? where next_val=?
04:26:49.243 [main] DEBUG o.h.e.i.AbstractSaveEventListener - Generated identifier: 234, using strategy: org.hibernate.id.enhanced.SequenceStyleGenerator
04:26:49.243 [main] DEBUG o.h.e.t.internal.TransactionImpl - committing
04:26:49.243 [main] DEBUG o.h.e.i.AbstractFlushingEventListener - Processing flush-time cascades
04:26:49.244 [main] DEBUG o.h.e.i.AbstractFlushingEventListener - Dirty checking collections
04:26:49.244 [main] DEBUG o.h.e.i.AbstractFlushingEventListener - Flushed: 1 insertions, 0 updates, 0 deletions to 1 objects
04:26:49.244 [main] DEBUG o.h.e.i.AbstractFlushingEventListener - Flushed: 0 (re)creations, 0 updates, 0 removals to 0 collections
04:26:49.244 [main] DEBUG o.h.internal.util.EntityPrinter - Listing entities:
04:26:49.245 [main] DEBUG o.h.internal.util.EntityPrinter - edu.ncsu.csc.itrust2.models.persistent.LogEntry{secondaryUser=null, logCode=5, primaryUser=logapitest, id=234, time=java.util.GregorianCalendar[time=1521606409240,areFieldsSet=true,areAllFieldsSet=true,lenient=true,zone=sun.util.calendar.ZoneInfo[id="Etc/UTC",offset=0,dstSavings=0,useDaylight=false,transitions=0,lastRule=null],firstDayOfWeek=1,minimalDaysInFirstWeek=1,ERA=1,YEAR=2018,MONTH=2,WEEK_OF_YEAR=12,WEEK_OF_MONTH=4,DAY_OF_MONTH=21,DAY_OF_YEAR=80,DAY_OF_WEEK=4,DAY_OF_WEEK_IN_MONTH=3,AM_PM=0,HOUR=4,HOUR_OF_DAY=4,MINUTE=26,SECOND=49,MILLISECOND=240,ZONE_OFFSET=0,DST_OFFSET=0], message=null}
04:26:49.246 [main] DEBUG org.hibernate.SQL - insert into LogEntries (logCode, message, primaryUser, secondaryUser, time, id) values (?, ?, ?, ?, ?, ?)
Hibernate: insert into LogEntries (logCode, message, primaryUser, secondaryUser, time, id) values (?, ?, ?, ?, ?, ?)
04:26:49.248 [main] DEBUG o.h.e.j.internal.JdbcCoordinatorImpl - HHH000420: Closing un-released batch
04:26:49.248 [main] DEBUG o.h.e.t.internal.TransactionImpl - begin
04:26:49.249 [main] DEBUG org.hibernate.SQL - select next_val as id_val from hibernate_sequence for update
Hibernate: select next_val as id_val from hibernate_sequence for update
04:26:49.249 [main] DEBUG org.hibernate.SQL - update hibernate_sequence set next_val= ? where next_val=?
Hibernate: update hibernate_sequence set next_val= ? where next_val=?
04:26:49.250 [main] DEBUG o.h.e.i.AbstractSaveEventListener - Generated identifier: 235, using strategy: org.hibernate.id.enhanced.SequenceStyleGenerator
04:26:49.251 [main] DEBUG o.h.e.t.internal.TransactionImpl - committing
04:26:49.251 [main] DEBUG o.h.e.i.AbstractFlushingEventListener - Processing flush-time cascades
04:26:49.251 [main] DEBUG o.h.e.i.AbstractFlushingEventListener - Dirty checking collections
04:26:49.251 [main] DEBUG o.h.e.i.AbstractFlushingEventListener - Flushed: 1 insertions, 0 updates, 0 deletions to 1 objects
04:26:49.251 [main] DEBUG o.h.e.i.AbstractFlushingEventListener - Flushed: 0 (re)creations, 0 updates, 0 removals to 0 collections
04:26:49.251 [main] DEBUG o.h.internal.util.EntityPrinter - Listing entities:
04:26:49.251 [main] DEBUG o.h.internal.util.EntityPrinter - edu.ncsu.csc.itrust2.models.persistent.LogEntry{secondaryUser=null, logCode=5, primaryUser=logapitest, id=235, time=java.util.GregorianCalendar[time=1521606409248,areFieldsSet=true,areAllFieldsSet=true,lenient=true,zone=sun.util.calendar.ZoneInfo[id="Etc/UTC",offset=0,dstSavings=0,useDaylight=false,transitions=0,lastRule=null],firstDayOfWeek=1,minimalDaysInFirstWeek=1,ERA=1,YEAR=2018,MONTH=2,WEEK_OF_YEAR=12,WEEK_OF_MONTH=4,DAY_OF_MONTH=21,DAY_OF_YEAR=80,DAY_OF_WEEK=4,DAY_OF_WEEK_IN_MONTH=3,AM_PM=0,HOUR=4,HOUR_OF_DAY=4,MINUTE=26,SECOND=49,MILLISECOND=248,ZONE_OFFSET=0,DST_OFFSET=0], message=null}
04:26:49.252 [main] DEBUG org.hibernate.SQL - insert into LogEntries (logCode, message, primaryUser, secondaryUser, time, id) values (?, ?, ?, ?, ?, ?)
Hibernate: insert into LogEntries (logCode, message, primaryUser, secondaryUser, time, id) values (?, ?, ?, ?, ?, ?)
04:26:49.254 [main] DEBUG o.h.e.j.internal.JdbcCoordinatorImpl - HHH000420: Closing un-released batch
04:26:49.255 [main] DEBUG o.h.e.t.internal.TransactionImpl - begin
04:26:49.255 [main] DEBUG org.hibernate.SQL - select next_val as id_val from hibernate_sequence for update
Hibernate: select next_val as id_val from hibernate_sequence for update
04:26:49.256 [main] DEBUG org.hibernate.SQL - update hibernate_sequence set next_val= ? where next_val=?
Hibernate: update hibernate_sequence set next_val= ? where next_val=?
04:26:49.257 [main] DEBUG o.h.e.i.AbstractSaveEventListener - Generated identifier: 236, using strategy: org.hibernate.id.enhanced.SequenceStyleGenerator
04:26:49.257 [main] DEBUG o.h.e.t.internal.TransactionImpl - committing
04:26:49.257 [main] DEBUG o.h.e.i.AbstractFlushingEventListener - Processing flush-time cascades
04:26:49.257 [main] DEBUG o.h.e.i.AbstractFlushingEventListener - Dirty checking collections
04:26:49.258 [main] DEBUG o.h.e.i.AbstractFlushingEventListener - Flushed: 1 insertions, 0 updates, 0 deletions to 1 objects
04:26:49.258 [main] DEBUG o.h.e.i.AbstractFlushingEventListener - Flushed: 0 (re)creations, 0 updates, 0 removals to 0 collections
04:26:49.258 [main] DEBUG o.h.internal.util.EntityPrinter - Listing entities:
04:26:49.258 [main] DEBUG o.h.internal.util.EntityPrinter - edu.ncsu.csc.itrust2.models.persistent.LogEntry{secondaryUser=null, logCode=5, primaryUser=logapitest, id=236, time=java.util.GregorianCalendar[time=1521606409255,areFieldsSet=true,areAllFieldsSet=true,lenient=true,zone=sun.util.calendar.ZoneInfo[id="Etc/UTC",offset=0,dstSavings=0,useDaylight=false,transitions=0,lastRule=null],firstDayOfWeek=1,minimalDaysInFirstWeek=1,ERA=1,YEAR=2018,MONTH=2,WEEK_OF_YEAR=12,WEEK_OF_MONTH=4,DAY_OF_MONTH=21,DAY_OF_YEAR=80,DAY_OF_WEEK=4,DAY_OF_WEEK_IN_MONTH=3,AM_PM=0,HOUR=4,HOUR_OF_DAY=4,MINUTE=26,SECOND=49,MILLISECOND=255,ZONE_OFFSET=0,DST_OFFSET=0], message=null}
04:26:49.259 [main] DEBUG org.hibernate.SQL - insert into LogEntries (logCode, message, primaryUser, secondaryUser, time, id) values (?, ?, ?, ?, ?, ?)
Hibernate: insert into LogEntries (logCode, message, primaryUser, secondaryUser, time, id) values (?, ?, ?, ?, ?, ?)
04:26:49.261 [main] DEBUG o.h.e.j.internal.JdbcCoordinatorImpl - HHH000420: Closing un-released batch
04:26:49.261 [main] DEBUG o.h.e.t.internal.TransactionImpl - begin
04:26:49.262 [main] DEBUG org.hibernate.SQL - select next_val as id_val from hibernate_sequence for update
Hibernate: select next_val as id_val from hibernate_sequence for update
04:26:49.262 [main] DEBUG org.hibernate.SQL - update hibernate_sequence set next_val= ? where next_val=?
Hibernate: update hibernate_sequence set next_val= ? where next_val=?
04:26:49.263 [main] DEBUG o.h.e.i.AbstractSaveEventListener - Generated identifier: 237, using strategy: org.hibernate.id.enhanced.SequenceStyleGenerator
04:26:49.265 [main] DEBUG o.h.e.t.internal.TransactionImpl - committing
04:26:49.265 [main] DEBUG o.h.e.i.AbstractFlushingEventListener - Processing flush-time cascades
04:26:49.265 [main] DEBUG o.h.e.i.AbstractFlushingEventListener - Dirty checking collections
04:26:49.265 [main] DEBUG o.h.e.i.AbstractFlushingEventListener - Flushed: 1 insertions, 0 updates, 0 deletions to 1 objects
04:26:49.265 [main] DEBUG o.h.e.i.AbstractFlushingEventListener - Flushed: 0 (re)creations, 0 updates, 0 removals to 0 collections
04:26:49.265 [main] DEBUG o.h.internal.util.EntityPrinter - Listing entities:
04:26:49.265 [main] DEBUG o.h.internal.util.EntityPrinter - edu.ncsu.csc.itrust2.models.persistent.LogEntry{secondaryUser=null, logCode=5, primaryUser=logapitest, id=237, time=java.util.GregorianCalendar[time=1521606409261,areFieldsSet=true,areAllFieldsSet=true,lenient=true,zone=sun.util.calendar.ZoneInfo[id="Etc/UTC",offset=0,dstSavings=0,useDaylight=false,transitions=0,lastRule=null],firstDayOfWeek=1,minimalDaysInFirstWeek=1,ERA=1,YEAR=2018,MONTH=2,WEEK_OF_YEAR=12,WEEK_OF_MONTH=4,DAY_OF_MONTH=21,DAY_OF_YEAR=80,DAY_OF_WEEK=4,DAY_OF_WEEK_IN_MONTH=3,AM_PM=0,HOUR=4,HOUR_OF_DAY=4,MINUTE=26,SECOND=49,MILLISECOND=261,ZONE_OFFSET=0,DST_OFFSET=0], message=null}
04:26:49.266 [main] DEBUG org.hibernate.SQL - insert into LogEntries (logCode, message, primaryUser, secondaryUser, time, id) values (?, ?, ?, ?, ?, ?)
Hibernate: insert into LogEntries (logCode, message, primaryUser, secondaryUser, time, id) values (?, ?, ?, ?, ?, ?)
04:26:49.267 [main] DEBUG o.h.e.j.internal.JdbcCoordinatorImpl - HHH000420: Closing un-released batch
04:26:49.268 [main] DEBUG o.h.e.t.internal.TransactionImpl - begin
04:26:49.268 [main] DEBUG org.hibernate.SQL - select next_val as id_val from hibernate_sequence for update
Hibernate: select next_val as id_val from hibernate_sequence for update
04:26:49.270 [main] DEBUG org.hibernate.SQL - update hibernate_sequence set next_val= ? where next_val=?
Hibernate: update hibernate_sequence set next_val= ? where next_val=?
04:26:49.271 [main] DEBUG o.h.e.i.AbstractSaveEventListener - Generated identifier: 238, using strategy: org.hibernate.id.enhanced.SequenceStyleGenerator
04:26:49.271 [main] DEBUG o.h.e.t.internal.TransactionImpl - committing
04:26:49.271 [main] DEBUG o.h.e.i.AbstractFlushingEventListener - Processing flush-time cascades
04:26:49.271 [main] DEBUG o.h.e.i.AbstractFlushingEventListener - Dirty checking collections
04:26:49.272 [main] DEBUG o.h.e.i.AbstractFlushingEventListener - Flushed: 1 insertions, 0 updates, 0 deletions to 1 objects
04:26:49.272 [main] DEBUG o.h.e.i.AbstractFlushingEventListener - Flushed: 0 (re)creations, 0 updates, 0 removals to 0 collections
04:26:49.272 [main] DEBUG o.h.internal.util.EntityPrinter - Listing entities:
04:26:49.272 [main] DEBUG o.h.internal.util.EntityPrinter - edu.ncsu.csc.itrust2.models.persistent.LogEntry{secondaryUser=null, logCode=5, primaryUser=logapitest, id=238, time=java.util.GregorianCalendar[time=1521606409268,areFieldsSet=true,areAllFieldsSet=true,lenient=true,zone=sun.util.calendar.ZoneInfo[id="Etc/UTC",offset=0,dstSavings=0,useDaylight=false,transitions=0,lastRule=null],firstDayOfWeek=1,minimalDaysInFirstWeek=1,ERA=1,YEAR=2018,MONTH=2,WEEK_OF_YEAR=12,WEEK_OF_MONTH=4,DAY_OF_MONTH=21,DAY_OF_YEAR=80,DAY_OF_WEEK=4,DAY_OF_WEEK_IN_MONTH=3,AM_PM=0,HOUR=4,HOUR_OF_DAY=4,MINUTE=26,SECOND=49,MILLISECOND=268,ZONE_OFFSET=0,DST_OFFSET=0], message=null}
04:26:49.273 [main] DEBUG org.hibernate.SQL - insert into LogEntries (logCode, message, primaryUser, secondaryUser, time, id) values (?, ?, ?, ?, ?, ?)
Hibernate: insert into LogEntries (logCode, message, primaryUser, secondaryUser, time, id) values (?, ?, ?, ?, ?, ?)
04:26:49.278 [main] DEBUG o.h.e.j.internal.JdbcCoordinatorImpl - HHH000420: Closing un-released batch
04:26:49.279 [main] DEBUG o.h.e.t.internal.TransactionImpl - begin
04:26:49.280 [main] DEBUG org.hibernate.SQL - select next_val as id_val from hibernate_sequence for update
Hibernate: select next_val as id_val from hibernate_sequence for update
04:26:49.281 [main] DEBUG org.hibernate.SQL - update hibernate_sequence set next_val= ? where next_val=?
Hibernate: update hibernate_sequence set next_val= ? where next_val=?
04:26:49.282 [main] DEBUG o.h.e.i.AbstractSaveEventListener - Generated identifier: 239, using strategy: org.hibernate.id.enhanced.SequenceStyleGenerator
04:26:49.283 [main] DEBUG o.h.e.t.internal.TransactionImpl - committing
04:26:49.283 [main] DEBUG o.h.e.i.AbstractFlushingEventListener - Processing flush-time cascades
04:26:49.283 [main] DEBUG o.h.e.i.AbstractFlushingEventListener - Dirty checking collections
04:26:49.283 [main] DEBUG o.h.e.i.AbstractFlushingEventListener - Flushed: 1 insertions, 0 updates, 0 deletions to 1 objects
04:26:49.283 [main] DEBUG o.h.e.i.AbstractFlushingEventListener - Flushed: 0 (re)creations, 0 updates, 0 removals to 0 collections
04:26:49.283 [main] DEBUG o.h.internal.util.EntityPrinter - Listing entities:
04:26:49.284 [main] DEBUG o.h.internal.util.EntityPrinter - edu.ncsu.csc.itrust2.models.persistent.LogEntry{secondaryUser=null, logCode=5, primaryUser=logapitest, id=239, time=java.util.GregorianCalendar[time=1521606409279,areFieldsSet=true,areAllFieldsSet=true,lenient=true,zone=sun.util.calendar.ZoneInfo[id="Etc/UTC",offset=0,dstSavings=0,useDaylight=false,transitions=0,lastRule=null],firstDayOfWeek=1,minimalDaysInFirstWeek=1,ERA=1,YEAR=2018,MONTH=2,WEEK_OF_YEAR=12,WEEK_OF_MONTH=4,DAY_OF_MONTH=21,DAY_OF_YEAR=80,DAY_OF_WEEK=4,DAY_OF_WEEK_IN_MONTH=3,AM_PM=0,HOUR=4,HOUR_OF_DAY=4,MINUTE=26,SECOND=49,MILLISECOND=279,ZONE_OFFSET=0,DST_OFFSET=0], message=null}
04:26:49.287 [main] DEBUG org.hibernate.SQL - insert into LogEntries (logCode, message, primaryUser, secondaryUser, time, id) values (?, ?, ?, ?, ?, ?)
Hibernate: insert into LogEntries (logCode, message, primaryUser, secondaryUser, time, id) values (?, ?, ?, ?, ?, ?)
04:26:49.289 [main] DEBUG o.h.e.j.internal.JdbcCoordinatorImpl - HHH000420: Closing un-released batch
04:26:49.289 [main] DEBUG o.h.e.t.internal.TransactionImpl - begin
04:26:49.290 [main] DEBUG org.hibernate.SQL - select next_val as id_val from hibernate_sequence for update
Hibernate: select next_val as id_val from hibernate_sequence for update
04:26:49.290 [main] DEBUG org.hibernate.SQL - update hibernate_sequence set next_val= ? where next_val=?
Hibernate: update hibernate_sequence set next_val= ? where next_val=?
04:26:49.291 [main] DEBUG o.h.e.i.AbstractSaveEventListener - Generated identifier: 240, using strategy: org.hibernate.id.enhanced.SequenceStyleGenerator
04:26:49.292 [main] DEBUG o.h.e.t.internal.TransactionImpl - committing
04:26:49.292 [main] DEBUG o.h.e.i.AbstractFlushingEventListener - Processing flush-time cascades
04:26:49.292 [main] DEBUG o.h.e.i.AbstractFlushingEventListener - Dirty checking collections
04:26:49.292 [main] DEBUG o.h.e.i.AbstractFlushingEventListener - Flushed: 1 insertions, 0 updates, 0 deletions to 1 objects
04:26:49.292 [main] DEBUG o.h.e.i.AbstractFlushingEventListener - Flushed: 0 (re)creations, 0 updates, 0 removals to 0 collections
04:26:49.293 [main] DEBUG o.h.internal.util.EntityPrinter - Listing entities:
04:26:49.293 [main] DEBUG o.h.internal.util.EntityPrinter - edu.ncsu.csc.itrust2.models.persistent.LogEntry{secondaryUser=null, logCode=5, primaryUser=logapitest, id=240, time=java.util.GregorianCalendar[time=1521606409289,areFieldsSet=true,areAllFieldsSet=true,lenient=true,zone=sun.util.calendar.ZoneInfo[id="Etc/UTC",offset=0,dstSavings=0,useDaylight=false,transitions=0,lastRule=null],firstDayOfWeek=1,minimalDaysInFirstWeek=1,ERA=1,YEAR=2018,MONTH=2,WEEK_OF_YEAR=12,WEEK_OF_MONTH=4,DAY_OF_MONTH=21,DAY_OF_YEAR=80,DAY_OF_WEEK=4,DAY_OF_WEEK_IN_MONTH=3,AM_PM=0,HOUR=4,HOUR_OF_DAY=4,MINUTE=26,SECOND=49,MILLISECOND=289,ZONE_OFFSET=0,DST_OFFSET=0], message=null}
04:26:49.295 [main] DEBUG org.hibernate.SQL - insert into LogEntries (logCode, message, primaryUser, secondaryUser, time, id) values (?, ?, ?, ?, ?, ?)
Hibernate: insert into LogEntries (logCode, message, primaryUser, secondaryUser, time, id) values (?, ?, ?, ?, ?, ?)
04:26:49.297 [main] DEBUG o.h.e.j.internal.JdbcCoordinatorImpl - HHH000420: Closing un-released batch
04:26:49.297 [main] DEBUG o.h.e.t.internal.TransactionImpl - begin
04:26:49.298 [main] DEBUG org.hibernate.SQL - select next_val as id_val from hibernate_sequence for update
Hibernate: select next_val as id_val from hibernate_sequence for update
04:26:49.298 [main] DEBUG org.hibernate.SQL - update hibernate_sequence set next_val= ? where next_val=?
Hibernate: update hibernate_sequence set next_val= ? where next_val=?
04:26:49.299 [main] DEBUG o.h.e.i.AbstractSaveEventListener - Generated identifier: 241, using strategy: org.hibernate.id.enhanced.SequenceStyleGenerator
04:26:49.300 [main] DEBUG o.h.e.t.internal.TransactionImpl - committing
04:26:49.301 [main] DEBUG o.h.e.i.AbstractFlushingEventListener - Processing flush-time cascades
04:26:49.301 [main] DEBUG o.h.e.i.AbstractFlushingEventListener - Dirty checking collections
04:26:49.301 [main] DEBUG o.h.e.i.AbstractFlushingEventListener - Flushed: 1 insertions, 0 updates, 0 deletions to 1 objects
04:26:49.301 [main] DEBUG o.h.e.i.AbstractFlushingEventListener - Flushed: 0 (re)creations, 0 updates, 0 removals to 0 collections
04:26:49.301 [main] DEBUG o.h.internal.util.EntityPrinter - Listing entities:
04:26:49.301 [main] DEBUG o.h.internal.util.EntityPrinter - edu.ncsu.csc.itrust2.models.persistent.LogEntry{secondaryUser=null, logCode=5, primaryUser=logapitest, id=241, time=java.util.GregorianCalendar[time=1521606409297,areFieldsSet=true,areAllFieldsSet=true,lenient=true,zone=sun.util.calendar.ZoneInfo[id="Etc/UTC",offset=0,dstSavings=0,useDaylight=false,transitions=0,lastRule=null],firstDayOfWeek=1,minimalDaysInFirstWeek=1,ERA=1,YEAR=2018,MONTH=2,WEEK_OF_YEAR=12,WEEK_OF_MONTH=4,DAY_OF_MONTH=21,DAY_OF_YEAR=80,DAY_OF_WEEK=4,DAY_OF_WEEK_IN_MONTH=3,AM_PM=0,HOUR=4,HOUR_OF_DAY=4,MINUTE=26,SECOND=49,MILLISECOND=297,ZONE_OFFSET=0,DST_OFFSET=0], message=null}
04:26:49.306 [main] DEBUG org.hibernate.SQL - insert into LogEntries (logCode, message, primaryUser, secondaryUser, time, id) values (?, ?, ?, ?, ?, ?)
Hibernate: insert into LogEntries (logCode, message, primaryUser, secondaryUser, time, id) values (?, ?, ?, ?, ?, ?)
04:26:49.309 [main] DEBUG o.h.e.j.internal.JdbcCoordinatorImpl - HHH000420: Closing un-released batch
04:26:49.310 [main] DEBUG o.h.e.t.internal.TransactionImpl - begin
04:26:49.311 [main] DEBUG org.hibernate.SQL - select next_val as id_val from hibernate_sequence for update
Hibernate: select next_val as id_val from hibernate_sequence for update
04:26:49.311 [main] DEBUG org.hibernate.SQL - update hibernate_sequence set next_val= ? where next_val=?
Hibernate: update hibernate_sequence set next_val= ? where next_val=?
04:26:49.312 [main] DEBUG o.h.e.i.AbstractSaveEventListener - Generated identifier: 242, using strategy: org.hibernate.id.enhanced.SequenceStyleGenerator
04:26:49.312 [main] DEBUG o.h.e.t.internal.TransactionImpl - committing
04:26:49.312 [main] DEBUG o.h.e.i.AbstractFlushingEventListener - Processing flush-time cascades
04:26:49.312 [main] DEBUG o.h.e.i.AbstractFlushingEventListener - Dirty checking collections
04:26:49.313 [main] DEBUG o.h.e.i.AbstractFlushingEventListener - Flushed: 1 insertions, 0 updates, 0 deletions to 1 objects
04:26:49.313 [main] DEBUG o.h.e.i.AbstractFlushingEventListener - Flushed: 0 (re)creations, 0 updates, 0 removals to 0 collections
04:26:49.313 [main] DEBUG o.h.internal.util.EntityPrinter - Listing entities:
04:26:49.313 [main] DEBUG o.h.internal.util.EntityPrinter - edu.ncsu.csc.itrust2.models.persistent.LogEntry{secondaryUser=null, logCode=5, primaryUser=logapitest, id=242, time=java.util.GregorianCalendar[time=1521606409310,areFieldsSet=true,areAllFieldsSet=true,lenient=true,zone=sun.util.calendar.ZoneInfo[id="Etc/UTC",offset=0,dstSavings=0,useDaylight=false,transitions=0,lastRule=null],firstDayOfWeek=1,minimalDaysInFirstWeek=1,ERA=1,YEAR=2018,MONTH=2,WEEK_OF_YEAR=12,WEEK_OF_MONTH=4,DAY_OF_MONTH=21,DAY_OF_YEAR=80,DAY_OF_WEEK=4,DAY_OF_WEEK_IN_MONTH=3,AM_PM=0,HOUR=4,HOUR_OF_DAY=4,MINUTE=26,SECOND=49,MILLISECOND=310,ZONE_OFFSET=0,DST_OFFSET=0], message=null}
04:26:49.313 [main] DEBUG org.hibernate.SQL - insert into LogEntries (logCode, message, primaryUser, secondaryUser, time, id) values (?, ?, ?, ?, ?, ?)
Hibernate: insert into LogEntries (logCode, message, primaryUser, secondaryUser, time, id) values (?, ?, ?, ?, ?, ?)
04:26:49.318 [main] DEBUG o.h.e.j.internal.JdbcCoordinatorImpl - HHH000420: Closing un-released batch
04:26:49.319 [main] DEBUG o.h.e.t.internal.TransactionImpl - begin
04:26:49.319 [main] DEBUG org.hibernate.SQL - select next_val as id_val from hibernate_sequence for update
Hibernate: select next_val as id_val from hibernate_sequence for update
04:26:49.320 [main] DEBUG org.hibernate.SQL - update hibernate_sequence set next_val= ? where next_val=?
Hibernate: update hibernate_sequence set next_val= ? where next_val=?
04:26:49.321 [main] DEBUG o.h.e.i.AbstractSaveEventListener - Generated identifier: 243, using strategy: org.hibernate.id.enhanced.SequenceStyleGenerator
04:26:49.322 [main] DEBUG o.h.e.t.internal.TransactionImpl - committing
04:26:49.322 [main] DEBUG o.h.e.i.AbstractFlushingEventListener - Processing flush-time cascades
04:26:49.322 [main] DEBUG o.h.e.i.AbstractFlushingEventListener - Dirty checking collections
04:26:49.322 [main] DEBUG o.h.e.i.AbstractFlushingEventListener - Flushed: 1 insertions, 0 updates, 0 deletions to 1 objects
04:26:49.322 [main] DEBUG o.h.e.i.AbstractFlushingEventListener - Flushed: 0 (re)creations, 0 updates, 0 removals to 0 collections
04:26:49.322 [main] DEBUG o.h.internal.util.EntityPrinter - Listing entities:
04:26:49.322 [main] DEBUG o.h.internal.util.EntityPrinter - edu.ncsu.csc.itrust2.models.persistent.LogEntry{secondaryUser=null, logCode=5, primaryUser=logapitest, id=243, time=java.util.GregorianCalendar[time=1521606409319,areFieldsSet=true,areAllFieldsSet=true,lenient=true,zone=sun.util.calendar.ZoneInfo[id="Etc/UTC",offset=0,dstSavings=0,useDaylight=false,transitions=0,lastRule=null],firstDayOfWeek=1,minimalDaysInFirstWeek=1,ERA=1,YEAR=2018,MONTH=2,WEEK_OF_YEAR=12,WEEK_OF_MONTH=4,DAY_OF_MONTH=21,DAY_OF_YEAR=80,DAY_OF_WEEK=4,DAY_OF_WEEK_IN_MONTH=3,AM_PM=0,HOUR=4,HOUR_OF_DAY=4,MINUTE=26,SECOND=49,MILLISECOND=319,ZONE_OFFSET=0,DST_OFFSET=0], message=null}
04:26:49.323 [main] DEBUG org.hibernate.SQL - insert into LogEntries (logCode, message, primaryUser, secondaryUser, time, id) values (?, ?, ?, ?, ?, ?)
Hibernate: insert into LogEntries (logCode, message, primaryUser, secondaryUser, time, id) values (?, ?, ?, ?, ?, ?)
04:26:49.325 [main] DEBUG o.h.e.j.internal.JdbcCoordinatorImpl - HHH000420: Closing un-released batch
04:26:49.326 [main] DEBUG o.h.e.t.internal.TransactionImpl - begin
04:26:49.326 [main] DEBUG org.hibernate.SQL - select next_val as id_val from hibernate_sequence for update
Hibernate: select next_val as id_val from hibernate_sequence for update
04:26:49.327 [main] DEBUG org.hibernate.SQL - update hibernate_sequence set next_val= ? where next_val=?
Hibernate: update hibernate_sequence set next_val= ? where next_val=?
04:26:49.328 [main] DEBUG o.h.e.i.AbstractSaveEventListener - Generated identifier: 244, using strategy: org.hibernate.id.enhanced.SequenceStyleGenerator
04:26:49.329 [main] DEBUG o.h.e.t.internal.TransactionImpl - committing
04:26:49.329 [main] DEBUG o.h.e.i.AbstractFlushingEventListener - Processing flush-time cascades
04:26:49.329 [main] DEBUG o.h.e.i.AbstractFlushingEventListener - Dirty checking collections
04:26:49.329 [main] DEBUG o.h.e.i.AbstractFlushingEventListener - Flushed: 1 insertions, 0 updates, 0 deletions to 1 objects
04:26:49.329 [main] DEBUG o.h.e.i.AbstractFlushingEventListener - Flushed: 0 (re)creations, 0 updates, 0 removals to 0 collections
04:26:49.329 [main] DEBUG o.h.internal.util.EntityPrinter - Listing entities:
04:26:49.329 [main] DEBUG o.h.internal.util.EntityPrinter - edu.ncsu.csc.itrust2.models.persistent.LogEntry{secondaryUser=null, logCode=5, primaryUser=logapitest, id=244, time=java.util.GregorianCalendar[time=1521606409326,areFieldsSet=true,areAllFieldsSet=true,lenient=true,zone=sun.util.calendar.ZoneInfo[id="Etc/UTC",offset=0,dstSavings=0,useDaylight=false,transitions=0,lastRule=null],firstDayOfWeek=1,minimalDaysInFirstWeek=1,ERA=1,YEAR=2018,MONTH=2,WEEK_OF_YEAR=12,WEEK_OF_MONTH=4,DAY_OF_MONTH=21,DAY_OF_YEAR=80,DAY_OF_WEEK=4,DAY_OF_WEEK_IN_MONTH=3,AM_PM=0,HOUR=4,HOUR_OF_DAY=4,MINUTE=26,SECOND=49,MILLISECOND=326,ZONE_OFFSET=0,DST_OFFSET=0], message=null}
04:26:49.330 [main] DEBUG org.hibernate.SQL - insert into LogEntries (logCode, message, primaryUser, secondaryUser, time, id) values (?, ?, ?, ?, ?, ?)
Hibernate: insert into LogEntries (logCode, message, primaryUser, secondaryUser, time, id) values (?, ?, ?, ?, ?, ?)
04:26:49.333 [main] DEBUG o.h.e.j.internal.JdbcCoordinatorImpl - HHH000420: Closing un-released batch
04:26:49.333 [main] DEBUG o.h.e.t.internal.TransactionImpl - begin
04:26:49.333 [main] DEBUG org.hibernate.SQL - select next_val as id_val from hibernate_sequence for update
Hibernate: select next_val as id_val from hibernate_sequence for update
04:26:49.334 [main] DEBUG org.hibernate.SQL - update hibernate_sequence set next_val= ? where next_val=?
Hibernate: update hibernate_sequence set next_val= ? where next_val=?
04:26:49.335 [main] DEBUG o.h.e.i.AbstractSaveEventListener - Generated identifier: 245, using strategy: org.hibernate.id.enhanced.SequenceStyleGenerator
04:26:49.335 [main] DEBUG o.h.e.t.internal.TransactionImpl - committing
04:26:49.336 [main] DEBUG o.h.e.i.AbstractFlushingEventListener - Processing flush-time cascades
04:26:49.336 [main] DEBUG o.h.e.i.AbstractFlushingEventListener - Dirty checking collections
04:26:49.336 [main] DEBUG o.h.e.i.AbstractFlushingEventListener - Flushed: 1 insertions, 0 updates, 0 deletions to 1 objects
04:26:49.336 [main] DEBUG o.h.e.i.AbstractFlushingEventListener - Flushed: 0 (re)creations, 0 updates, 0 removals to 0 collections
04:26:49.336 [main] DEBUG o.h.internal.util.EntityPrinter - Listing entities:
04:26:49.336 [main] DEBUG o.h.internal.util.EntityPrinter - edu.ncsu.csc.itrust2.models.persistent.LogEntry{secondaryUser=null, logCode=5, primaryUser=logapitest, id=245, time=java.util.GregorianCalendar[time=1521606409333,areFieldsSet=true,areAllFieldsSet=true,lenient=true,zone=sun.util.calendar.ZoneInfo[id="Etc/UTC",offset=0,dstSavings=0,useDaylight=false,transitions=0,lastRule=null],firstDayOfWeek=1,minimalDaysInFirstWeek=1,ERA=1,YEAR=2018,MONTH=2,WEEK_OF_YEAR=12,WEEK_OF_MONTH=4,DAY_OF_MONTH=21,DAY_OF_YEAR=80,DAY_OF_WEEK=4,DAY_OF_WEEK_IN_MONTH=3,AM_PM=0,HOUR=4,HOUR_OF_DAY=4,MINUTE=26,SECOND=49,MILLISECOND=333,ZONE_OFFSET=0,DST_OFFSET=0], message=null}
04:26:49.337 [main] DEBUG org.hibernate.SQL - insert into LogEntries (logCode, message, primaryUser, secondaryUser, time, id) values (?, ?, ?, ?, ?, ?)
Hibernate: insert into LogEntries (logCode, message, primaryUser, secondaryUser, time, id) values (?, ?, ?, ?, ?, ?)
04:26:49.338 [main] DEBUG o.h.e.j.internal.JdbcCoordinatorImpl - HHH000420: Closing un-released batch
04:26:49.339 [main] DEBUG o.h.e.t.internal.TransactionImpl - begin
04:26:49.339 [main] DEBUG org.hibernate.SQL - select next_val as id_val from hibernate_sequence for update
Hibernate: select next_val as id_val from hibernate_sequence for update
04:26:49.340 [main] DEBUG org.hibernate.SQL - update hibernate_sequence set next_val= ? where next_val=?
Hibernate: update hibernate_sequence set next_val= ? where next_val=?
04:26:49.340 [main] DEBUG o.h.e.i.AbstractSaveEventListener - Generated identifier: 246, using strategy: org.hibernate.id.enhanced.SequenceStyleGenerator
04:26:49.341 [main] DEBUG o.h.e.t.internal.TransactionImpl - committing
04:26:49.341 [main] DEBUG o.h.e.i.AbstractFlushingEventListener - Processing flush-time cascades
04:26:49.341 [main] DEBUG o.h.e.i.AbstractFlushingEventListener - Dirty checking collections
04:26:49.341 [main] DEBUG o.h.e.i.AbstractFlushingEventListener - Flushed: 1 insertions, 0 updates, 0 deletions to 1 objects
04:26:49.341 [main] DEBUG o.h.e.i.AbstractFlushingEventListener - Flushed: 0 (re)creations, 0 updates, 0 removals to 0 collections
04:26:49.341 [main] DEBUG o.h.internal.util.EntityPrinter - Listing entities:
04:26:49.341 [main] DEBUG o.h.internal.util.EntityPrinter - edu.ncsu.csc.itrust2.models.persistent.LogEntry{secondaryUser=null, logCode=5, primaryUser=logapitest, id=246, time=java.util.GregorianCalendar[time=1521606409339,areFieldsSet=true,areAllFieldsSet=true,lenient=true,zone=sun.util.calendar.ZoneInfo[id="Etc/UTC",offset=0,dstSavings=0,useDaylight=false,transitions=0,lastRule=null],firstDayOfWeek=1,minimalDaysInFirstWeek=1,ERA=1,YEAR=2018,MONTH=2,WEEK_OF_YEAR=12,WEEK_OF_MONTH=4,DAY_OF_MONTH=21,DAY_OF_YEAR=80,DAY_OF_WEEK=4,DAY_OF_WEEK_IN_MONTH=3,AM_PM=0,HOUR=4,HOUR_OF_DAY=4,MINUTE=26,SECOND=49,MILLISECOND=339,ZONE_OFFSET=0,DST_OFFSET=0], message=null}
04:26:49.342 [main] DEBUG org.hibernate.SQL - insert into LogEntries (logCode, message, primaryUser, secondaryUser, time, id) values (?, ?, ?, ?, ?, ?)
Hibernate: insert into LogEntries (logCode, message, primaryUser, secondaryUser, time, id) values (?, ?, ?, ?, ?, ?)
04:26:49.344 [main] DEBUG o.h.e.j.internal.JdbcCoordinatorImpl - HHH000420: Closing un-released batch
04:26:49.345 [main] DEBUG o.h.e.t.internal.TransactionImpl - begin
04:26:49.345 [main] DEBUG org.hibernate.SQL - select next_val as id_val from hibernate_sequence for update
Hibernate: select next_val as id_val from hibernate_sequence for update
04:26:49.346 [main] DEBUG org.hibernate.SQL - update hibernate_sequence set next_val= ? where next_val=?
Hibernate: update hibernate_sequence set next_val= ? where next_val=?
04:26:49.347 [main] DEBUG o.h.e.i.AbstractSaveEventListener - Generated identifier: 247, using strategy: org.hibernate.id.enhanced.SequenceStyleGenerator
04:26:49.347 [main] DEBUG o.h.e.t.internal.TransactionImpl - committing
04:26:49.347 [main] DEBUG o.h.e.i.AbstractFlushingEventListener - Processing flush-time cascades
04:26:49.347 [main] DEBUG o.h.e.i.AbstractFlushingEventListener - Dirty checking collections
04:26:49.347 [main] DEBUG o.h.e.i.AbstractFlushingEventListener - Flushed: 1 insertions, 0 updates, 0 deletions to 1 objects
04:26:49.347 [main] DEBUG o.h.e.i.AbstractFlushingEventListener - Flushed: 0 (re)creations, 0 updates, 0 removals to 0 collections
04:26:49.347 [main] DEBUG o.h.internal.util.EntityPrinter - Listing entities:
04:26:49.347 [main] DEBUG o.h.internal.util.EntityPrinter - edu.ncsu.csc.itrust2.models.persistent.LogEntry{secondaryUser=null, logCode=5, primaryUser=logapitest, id=247, time=java.util.GregorianCalendar[time=1521606409344,areFieldsSet=true,areAllFieldsSet=true,lenient=true,zone=sun.util.calendar.ZoneInfo[id="Etc/UTC",offset=0,dstSavings=0,useDaylight=false,transitions=0,lastRule=null],firstDayOfWeek=1,minimalDaysInFirstWeek=1,ERA=1,YEAR=2018,MONTH=2,WEEK_OF_YEAR=12,WEEK_OF_MONTH=4,DAY_OF_MONTH=21,DAY_OF_YEAR=80,DAY_OF_WEEK=4,DAY_OF_WEEK_IN_MONTH=3,AM_PM=0,HOUR=4,HOUR_OF_DAY=4,MINUTE=26,SECOND=49,MILLISECOND=344,ZONE_OFFSET=0,DST_OFFSET=0], message=null}
04:26:49.347 [main] DEBUG org.hibernate.SQL - insert into LogEntries (logCode, message, primaryUser, secondaryUser, time, id) values (?, ?, ?, ?, ?, ?)
Hibernate: insert into LogEntries (logCode, message, primaryUser, secondaryUser, time, id) values (?, ?, ?, ?, ?, ?)
04:26:49.348 [main] DEBUG o.h.e.j.internal.JdbcCoordinatorImpl - HHH000420: Closing un-released batch
04:26:49.349 [main] DEBUG o.h.e.t.internal.TransactionImpl - begin
04:26:49.349 [main] DEBUG org.hibernate.SQL - select next_val as id_val from hibernate_sequence for update
Hibernate: select next_val as id_val from hibernate_sequence for update
04:26:49.350 [main] DEBUG org.hibernate.SQL - update hibernate_sequence set next_val= ? where next_val=?
Hibernate: update hibernate_sequence set next_val= ? where next_val=?
04:26:49.351 [main] DEBUG o.h.e.i.AbstractSaveEventListener - Generated identifier: 248, using strategy: org.hibernate.id.enhanced.SequenceStyleGenerator
04:26:49.351 [main] DEBUG o.h.e.t.internal.TransactionImpl - committing
04:26:49.351 [main] DEBUG o.h.e.i.AbstractFlushingEventListener - Processing flush-time cascades
04:26:49.351 [main] DEBUG o.h.e.i.AbstractFlushingEventListener - Dirty checking collections
04:26:49.351 [main] DEBUG o.h.e.i.AbstractFlushingEventListener - Flushed: 1 insertions, 0 updates, 0 deletions to 1 objects
04:26:49.351 [main] DEBUG o.h.e.i.AbstractFlushingEventListener - Flushed: 0 (re)creations, 0 updates, 0 removals to 0 collections
04:26:49.351 [main] DEBUG o.h.internal.util.EntityPrinter - Listing entities:
04:26:49.351 [main] DEBUG o.h.internal.util.EntityPrinter - edu.ncsu.csc.itrust2.models.persistent.LogEntry{secondaryUser=null, logCode=5, primaryUser=logapitest, id=248, time=java.util.GregorianCalendar[time=1521606409349,areFieldsSet=true,areAllFieldsSet=true,lenient=true,zone=sun.util.calendar.ZoneInfo[id="Etc/UTC",offset=0,dstSavings=0,useDaylight=false,transitions=0,lastRule=null],firstDayOfWeek=1,minimalDaysInFirstWeek=1,ERA=1,YEAR=2018,MONTH=2,WEEK_OF_YEAR=12,WEEK_OF_MONTH=4,DAY_OF_MONTH=21,DAY_OF_YEAR=80,DAY_OF_WEEK=4,DAY_OF_WEEK_IN_MONTH=3,AM_PM=0,HOUR=4,HOUR_OF_DAY=4,MINUTE=26,SECOND=49,MILLISECOND=349,ZONE_OFFSET=0,DST_OFFSET=0], message=null}
04:26:49.352 [main] DEBUG org.hibernate.SQL - insert into LogEntries (logCode, message, primaryUser, secondaryUser, time, id) values (?, ?, ?, ?, ?, ?)
Hibernate: insert into LogEntries (logCode, message, primaryUser, secondaryUser, time, id) values (?, ?, ?, ?, ?, ?)
04:26:49.353 [main] DEBUG o.h.e.j.internal.JdbcCoordinatorImpl - HHH000420: Closing un-released batch
04:26:49.353 [main] DEBUG o.h.e.t.internal.TransactionImpl - begin
04:26:49.354 [main] DEBUG org.hibernate.SQL - select next_val as id_val from hibernate_sequence for update
Hibernate: select next_val as id_val from hibernate_sequence for update
04:26:49.354 [main] DEBUG org.hibernate.SQL - update hibernate_sequence set next_val= ? where next_val=?
Hibernate: update hibernate_sequence set next_val= ? where next_val=?
04:26:49.355 [main] DEBUG o.h.e.i.AbstractSaveEventListener - Generated identifier: 249, using strategy: org.hibernate.id.enhanced.SequenceStyleGenerator
04:26:49.355 [main] DEBUG o.h.e.t.internal.TransactionImpl - committing
04:26:49.355 [main] DEBUG o.h.e.i.AbstractFlushingEventListener - Processing flush-time cascades
04:26:49.355 [main] DEBUG o.h.e.i.AbstractFlushingEventListener - Dirty checking collections
04:26:49.356 [main] DEBUG o.h.e.i.AbstractFlushingEventListener - Flushed: 1 insertions, 0 updates, 0 deletions to 1 objects
04:26:49.356 [main] DEBUG o.h.e.i.AbstractFlushingEventListener - Flushed: 0 (re)creations, 0 updates, 0 removals to 0 collections
04:26:49.356 [main] DEBUG o.h.internal.util.EntityPrinter - Listing entities:
04:26:49.356 [main] DEBUG o.h.internal.util.EntityPrinter - edu.ncsu.csc.itrust2.models.persistent.LogEntry{secondaryUser=null, logCode=5, primaryUser=logapitest, id=249, time=java.util.GregorianCalendar[time=1521606409353,areFieldsSet=true,areAllFieldsSet=true,lenient=true,zone=sun.util.calendar.ZoneInfo[id="Etc/UTC",offset=0,dstSavings=0,useDaylight=false,transitions=0,lastRule=null],firstDayOfWeek=1,minimalDaysInFirstWeek=1,ERA=1,YEAR=2018,MONTH=2,WEEK_OF_YEAR=12,WEEK_OF_MONTH=4,DAY_OF_MONTH=21,DAY_OF_YEAR=80,DAY_OF_WEEK=4,DAY_OF_WEEK_IN_MONTH=3,AM_PM=0,HOUR=4,HOUR_OF_DAY=4,MINUTE=26,SECOND=49,MILLISECOND=353,ZONE_OFFSET=0,DST_OFFSET=0], message=null}
04:26:49.357 [main] DEBUG org.hibernate.SQL - insert into LogEntries (logCode, message, primaryUser, secondaryUser, time, id) values (?, ?, ?, ?, ?, ?)
Hibernate: insert into LogEntries (logCode, message, primaryUser, secondaryUser, time, id) values (?, ?, ?, ?, ?, ?)
04:26:49.358 [main] DEBUG o.h.e.j.internal.JdbcCoordinatorImpl - HHH000420: Closing un-released batch
04:26:49.359 [main] DEBUG o.h.e.t.internal.TransactionImpl - begin
04:26:49.359 [main] DEBUG org.hibernate.SQL - select next_val as id_val from hibernate_sequence for update
Hibernate: select next_val as id_val from hibernate_sequence for update
04:26:49.359 [main] DEBUG org.hibernate.SQL - update hibernate_sequence set next_val= ? where next_val=?
Hibernate: update hibernate_sequence set next_val= ? where next_val=?
04:26:49.360 [main] DEBUG o.h.e.i.AbstractSaveEventListener - Generated identifier: 250, using strategy: org.hibernate.id.enhanced.SequenceStyleGenerator
04:26:49.360 [main] DEBUG o.h.e.t.internal.TransactionImpl - committing
04:26:49.360 [main] DEBUG o.h.e.i.AbstractFlushingEventListener - Processing flush-time cascades
04:26:49.360 [main] DEBUG o.h.e.i.AbstractFlushingEventListener - Dirty checking collections
04:26:49.361 [main] DEBUG o.h.e.i.AbstractFlushingEventListener - Flushed: 1 insertions, 0 updates, 0 deletions to 1 objects
04:26:49.361 [main] DEBUG o.h.e.i.AbstractFlushingEventListener - Flushed: 0 (re)creations, 0 updates, 0 removals to 0 collections
04:26:49.361 [main] DEBUG o.h.internal.util.EntityPrinter - Listing entities:
04:26:49.361 [main] DEBUG o.h.internal.util.EntityPrinter - edu.ncsu.csc.itrust2.models.persistent.LogEntry{secondaryUser=null, logCode=5, primaryUser=logapitest, id=250, time=java.util.GregorianCalendar[time=1521606409359,areFieldsSet=true,areAllFieldsSet=true,lenient=true,zone=sun.util.calendar.ZoneInfo[id="Etc/UTC",offset=0,dstSavings=0,useDaylight=false,transitions=0,lastRule=null],firstDayOfWeek=1,minimalDaysInFirstWeek=1,ERA=1,YEAR=2018,MONTH=2,WEEK_OF_YEAR=12,WEEK_OF_MONTH=4,DAY_OF_MONTH=21,DAY_OF_YEAR=80,DAY_OF_WEEK=4,DAY_OF_WEEK_IN_MONTH=3,AM_PM=0,HOUR=4,HOUR_OF_DAY=4,MINUTE=26,SECOND=49,MILLISECOND=359,ZONE_OFFSET=0,DST_OFFSET=0], message=null}
04:26:49.361 [main] DEBUG org.hibernate.SQL - insert into LogEntries (logCode, message, primaryUser, secondaryUser, time, id) values (?, ?, ?, ?, ?, ?)
Hibernate: insert into LogEntries (logCode, message, primaryUser, secondaryUser, time, id) values (?, ?, ?, ?, ?, ?)
04:26:49.362 [main] DEBUG o.h.e.j.internal.JdbcCoordinatorImpl - HHH000420: Closing un-released batch
04:26:49.363 [main] DEBUG o.h.e.t.internal.TransactionImpl - begin
04:26:49.363 [main] DEBUG org.hibernate.SQL - select next_val as id_val from hibernate_sequence for update
Hibernate: select next_val as id_val from hibernate_sequence for update
04:26:49.363 [main] DEBUG org.hibernate.SQL - update hibernate_sequence set next_val= ? where next_val=?
Hibernate: update hibernate_sequence set next_val= ? where next_val=?
04:26:49.364 [main] DEBUG o.h.e.i.AbstractSaveEventListener - Generated identifier: 251, using strategy: org.hibernate.id.enhanced.SequenceStyleGenerator
04:26:49.364 [main] DEBUG o.h.e.t.internal.TransactionImpl - committing
04:26:49.364 [main] DEBUG o.h.e.i.AbstractFlushingEventListener - Processing flush-time cascades
04:26:49.364 [main] DEBUG o.h.e.i.AbstractFlushingEventListener - Dirty checking collections
04:26:49.365 [main] DEBUG o.h.e.i.AbstractFlushingEventListener - Flushed: 1 insertions, 0 updates, 0 deletions to 1 objects
04:26:49.365 [main] DEBUG o.h.e.i.AbstractFlushingEventListener - Flushed: 0 (re)creations, 0 updates, 0 removals to 0 collections
04:26:49.365 [main] DEBUG o.h.internal.util.EntityPrinter - Listing entities:
04:26:49.365 [main] DEBUG o.h.internal.util.EntityPrinter - edu.ncsu.csc.itrust2.models.persistent.LogEntry{secondaryUser=null, logCode=5, primaryUser=logapitest, id=251, time=java.util.GregorianCalendar[time=1521606409362,areFieldsSet=true,areAllFieldsSet=true,lenient=true,zone=sun.util.calendar.ZoneInfo[id="Etc/UTC",offset=0,dstSavings=0,useDaylight=false,transitions=0,lastRule=null],firstDayOfWeek=1,minimalDaysInFirstWeek=1,ERA=1,YEAR=2018,MONTH=2,WEEK_OF_YEAR=12,WEEK_OF_MONTH=4,DAY_OF_MONTH=21,DAY_OF_YEAR=80,DAY_OF_WEEK=4,DAY_OF_WEEK_IN_MONTH=3,AM_PM=0,HOUR=4,HOUR_OF_DAY=4,MINUTE=26,SECOND=49,MILLISECOND=362,ZONE_OFFSET=0,DST_OFFSET=0], message=null}
04:26:49.365 [main] DEBUG org.hibernate.SQL - insert into LogEntries (logCode, message, primaryUser, secondaryUser, time, id) values (?, ?, ?, ?, ?, ?)
Hibernate: insert into LogEntries (logCode, message, primaryUser, secondaryUser, time, id) values (?, ?, ?, ?, ?, ?)
04:26:49.367 [main] DEBUG o.h.e.j.internal.JdbcCoordinatorImpl - HHH000420: Closing un-released batch
04:26:49.367 [main] DEBUG o.h.e.t.internal.TransactionImpl - begin
04:26:49.368 [main] DEBUG org.hibernate.SQL - select next_val as id_val from hibernate_sequence for update
Hibernate: select next_val as id_val from hibernate_sequence for update
04:26:49.368 [main] DEBUG org.hibernate.SQL - update hibernate_sequence set next_val= ? where next_val=?
Hibernate: update hibernate_sequence set next_val= ? where next_val=?
04:26:49.369 [main] DEBUG o.h.e.i.AbstractSaveEventListener - Generated identifier: 252, using strategy: org.hibernate.id.enhanced.SequenceStyleGenerator
04:26:49.370 [main] DEBUG o.h.e.t.internal.TransactionImpl - committing
04:26:49.370 [main] DEBUG o.h.e.i.AbstractFlushingEventListener - Processing flush-time cascades
04:26:49.370 [main] DEBUG o.h.e.i.AbstractFlushingEventListener - Dirty checking collections
04:26:49.371 [main] DEBUG o.h.e.i.AbstractFlushingEventListener - Flushed: 1 insertions, 0 updates, 0 deletions to 1 objects
04:26:49.371 [main] DEBUG o.h.e.i.AbstractFlushingEventListener - Flushed: 0 (re)creations, 0 updates, 0 removals to 0 collections
04:26:49.371 [main] DEBUG o.h.internal.util.EntityPrinter - Listing entities:
04:26:49.372 [main] DEBUG o.h.internal.util.EntityPrinter - edu.ncsu.csc.itrust2.models.persistent.LogEntry{secondaryUser=null, logCode=5, primaryUser=logapitest, id=252, time=java.util.GregorianCalendar[time=1521606409367,areFieldsSet=true,areAllFieldsSet=true,lenient=true,zone=sun.util.calendar.ZoneInfo[id="Etc/UTC",offset=0,dstSavings=0,useDaylight=false,transitions=0,lastRule=null],firstDayOfWeek=1,minimalDaysInFirstWeek=1,ERA=1,YEAR=2018,MONTH=2,WEEK_OF_YEAR=12,WEEK_OF_MONTH=4,DAY_OF_MONTH=21,DAY_OF_YEAR=80,DAY_OF_WEEK=4,DAY_OF_WEEK_IN_MONTH=3,AM_PM=0,HOUR=4,HOUR_OF_DAY=4,MINUTE=26,SECOND=49,MILLISECOND=367,ZONE_OFFSET=0,DST_OFFSET=0], message=null}
04:26:49.377 [main] DEBUG org.hibernate.SQL - insert into LogEntries (logCode, message, primaryUser, secondaryUser, time, id) values (?, ?, ?, ?, ?, ?)
Hibernate: insert into LogEntries (logCode, message, primaryUser, secondaryUser, time, id) values (?, ?, ?, ?, ?, ?)
04:26:49.381 [main] DEBUG o.h.e.j.internal.JdbcCoordinatorImpl - HHH000420: Closing un-released batch
04:26:49.382 [main] DEBUG o.h.e.t.internal.TransactionImpl - begin
04:26:49.383 [main] DEBUG org.hibernate.SQL - select next_val as id_val from hibernate_sequence for update
Hibernate: select next_val as id_val from hibernate_sequence for update
04:26:49.383 [main] DEBUG org.hibernate.SQL - update hibernate_sequence set next_val= ? where next_val=?
Hibernate: update hibernate_sequence set next_val= ? where next_val=?
04:26:49.384 [main] DEBUG o.h.e.i.AbstractSaveEventListener - Generated identifier: 253, using strategy: org.hibernate.id.enhanced.SequenceStyleGenerator
04:26:49.385 [main] DEBUG o.h.e.t.internal.TransactionImpl - committing
04:26:49.385 [main] DEBUG o.h.e.i.AbstractFlushingEventListener - Processing flush-time cascades
04:26:49.385 [main] DEBUG o.h.e.i.AbstractFlushingEventListener - Dirty checking collections
04:26:49.385 [main] DEBUG o.h.e.i.AbstractFlushingEventListener - Flushed: 1 insertions, 0 updates, 0 deletions to 1 objects
04:26:49.385 [main] DEBUG o.h.e.i.AbstractFlushingEventListener - Flushed: 0 (re)creations, 0 updates, 0 removals to 0 collections
04:26:49.385 [main] DEBUG o.h.internal.util.EntityPrinter - Listing entities:
04:26:49.385 [main] DEBUG o.h.internal.util.EntityPrinter - edu.ncsu.csc.itrust2.models.persistent.LogEntry{secondaryUser=null, logCode=5, primaryUser=logapitest, id=253, time=java.util.GregorianCalendar[time=1521606409382,areFieldsSet=true,areAllFieldsSet=true,lenient=true,zone=sun.util.calendar.ZoneInfo[id="Etc/UTC",offset=0,dstSavings=0,useDaylight=false,transitions=0,lastRule=null],firstDayOfWeek=1,minimalDaysInFirstWeek=1,ERA=1,YEAR=2018,MONTH=2,WEEK_OF_YEAR=12,WEEK_OF_MONTH=4,DAY_OF_MONTH=21,DAY_OF_YEAR=80,DAY_OF_WEEK=4,DAY_OF_WEEK_IN_MONTH=3,AM_PM=0,HOUR=4,HOUR_OF_DAY=4,MINUTE=26,SECOND=49,MILLISECOND=382,ZONE_OFFSET=0,DST_OFFSET=0], message=null}
04:26:49.385 [main] DEBUG org.hibernate.SQL - insert into LogEntries (logCode, message, primaryUser, secondaryUser, time, id) values (?, ?, ?, ?, ?, ?)
Hibernate: insert into LogEntries (logCode, message, primaryUser, secondaryUser, time, id) values (?, ?, ?, ?, ?, ?)
04:26:49.387 [main] DEBUG o.h.e.j.internal.JdbcCoordinatorImpl - HHH000420: Closing un-released batch
04:26:49.387 [main] DEBUG o.h.e.t.internal.TransactionImpl - begin
04:26:49.387 [main] DEBUG org.hibernate.SQL - select next_val as id_val from hibernate_sequence for update
Hibernate: select next_val as id_val from hibernate_sequence for update
04:26:49.388 [main] DEBUG org.hibernate.SQL - update hibernate_sequence set next_val= ? where next_val=?
Hibernate: update hibernate_sequence set next_val= ? where next_val=?
04:26:49.388 [main] DEBUG o.h.e.i.AbstractSaveEventListener - Generated identifier: 254, using strategy: org.hibernate.id.enhanced.SequenceStyleGenerator
04:26:49.389 [main] DEBUG o.h.e.t.internal.TransactionImpl - committing
04:26:49.389 [main] DEBUG o.h.e.i.AbstractFlushingEventListener - Processing flush-time cascades
04:26:49.389 [main] DEBUG o.h.e.i.AbstractFlushingEventListener - Dirty checking collections
04:26:49.389 [main] DEBUG o.h.e.i.AbstractFlushingEventListener - Flushed: 1 insertions, 0 updates, 0 deletions to 1 objects
04:26:49.389 [main] DEBUG o.h.e.i.AbstractFlushingEventListener - Flushed: 0 (re)creations, 0 updates, 0 removals to 0 collections
04:26:49.389 [main] DEBUG o.h.internal.util.EntityPrinter - Listing entities:
04:26:49.389 [main] DEBUG o.h.internal.util.EntityPrinter - edu.ncsu.csc.itrust2.models.persistent.LogEntry{secondaryUser=null, logCode=5, primaryUser=logapitest, id=254, time=java.util.GregorianCalendar[time=1521606409387,areFieldsSet=true,areAllFieldsSet=true,lenient=true,zone=sun.util.calendar.ZoneInfo[id="Etc/UTC",offset=0,dstSavings=0,useDaylight=false,transitions=0,lastRule=null],firstDayOfWeek=1,minimalDaysInFirstWeek=1,ERA=1,YEAR=2018,MONTH=2,WEEK_OF_YEAR=12,WEEK_OF_MONTH=4,DAY_OF_MONTH=21,DAY_OF_YEAR=80,DAY_OF_WEEK=4,DAY_OF_WEEK_IN_MONTH=3,AM_PM=0,HOUR=4,HOUR_OF_DAY=4,MINUTE=26,SECOND=49,MILLISECOND=387,ZONE_OFFSET=0,DST_OFFSET=0], message=null}
04:26:49.389 [main] DEBUG org.hibernate.SQL - insert into LogEntries (logCode, message, primaryUser, secondaryUser, time, id) values (?, ?, ?, ?, ?, ?)
Hibernate: insert into LogEntries (logCode, message, primaryUser, secondaryUser, time, id) values (?, ?, ?, ?, ?, ?)
04:26:49.391 [main] DEBUG o.h.e.j.internal.JdbcCoordinatorImpl - HHH000420: Closing un-released batch
04:26:49.391 [main] DEBUG o.h.e.t.internal.TransactionImpl - begin
04:26:49.392 [main] DEBUG org.hibernate.SQL - select next_val as id_val from hibernate_sequence for update
Hibernate: select next_val as id_val from hibernate_sequence for update
04:26:49.393 [main] DEBUG org.hibernate.SQL - update hibernate_sequence set next_val= ? where next_val=?
Hibernate: update hibernate_sequence set next_val= ? where next_val=?
04:26:49.421 [main] DEBUG o.h.e.i.AbstractSaveEventListener - Generated identifier: 255, using strategy: org.hibernate.id.enhanced.SequenceStyleGenerator
04:26:49.421 [main] DEBUG o.h.e.t.internal.TransactionImpl - committing
04:26:49.421 [main] DEBUG o.h.e.i.AbstractFlushingEventListener - Processing flush-time cascades
04:26:49.421 [main] DEBUG o.h.e.i.AbstractFlushingEventListener - Dirty checking collections
04:26:49.421 [main] DEBUG o.h.e.i.AbstractFlushingEventListener - Flushed: 1 insertions, 0 updates, 0 deletions to 1 objects
04:26:49.421 [main] DEBUG o.h.e.i.AbstractFlushingEventListener - Flushed: 0 (re)creations, 0 updates, 0 removals to 0 collections
04:26:49.421 [main] DEBUG o.h.internal.util.EntityPrinter - Listing entities:
04:26:49.421 [main] DEBUG o.h.internal.util.EntityPrinter - edu.ncsu.csc.itrust2.models.persistent.LogEntry{secondaryUser=null, logCode=5, primaryUser=logapitest, id=255, time=java.util.GregorianCalendar[time=1521606409391,areFieldsSet=true,areAllFieldsSet=true,lenient=true,zone=sun.util.calendar.ZoneInfo[id="Etc/UTC",offset=0,dstSavings=0,useDaylight=false,transitions=0,lastRule=null],firstDayOfWeek=1,minimalDaysInFirstWeek=1,ERA=1,YEAR=2018,MONTH=2,WEEK_OF_YEAR=12,WEEK_OF_MONTH=4,DAY_OF_MONTH=21,DAY_OF_YEAR=80,DAY_OF_WEEK=4,DAY_OF_WEEK_IN_MONTH=3,AM_PM=0,HOUR=4,HOUR_OF_DAY=4,MINUTE=26,SECOND=49,MILLISECOND=391,ZONE_OFFSET=0,DST_OFFSET=0], message=null}
04:26:49.422 [main] DEBUG org.hibernate.SQL - insert into LogEntries (logCode, message, primaryUser, secondaryUser, time, id) values (?, ?, ?, ?, ?, ?)
Hibernate: insert into LogEntries (logCode, message, primaryUser, secondaryUser, time, id) values (?, ?, ?, ?, ?, ?)
04:26:49.430 [main] DEBUG o.h.e.j.internal.JdbcCoordinatorImpl - HHH000420: Closing un-released batch
04:26:49.430 [main] DEBUG o.h.e.t.internal.TransactionImpl - begin
04:26:49.431 [main] DEBUG org.hibernate.SQL - select next_val as id_val from hibernate_sequence for update
Hibernate: select next_val as id_val from hibernate_sequence for update
04:26:49.431 [main] DEBUG org.hibernate.SQL - update hibernate_sequence set next_val= ? where next_val=?
Hibernate: update hibernate_sequence set next_val= ? where next_val=?
04:26:49.432 [main] DEBUG o.h.e.i.AbstractSaveEventListener - Generated identifier: 256, using strategy: org.hibernate.id.enhanced.SequenceStyleGenerator
04:26:49.433 [main] DEBUG o.h.e.t.internal.TransactionImpl - committing
04:26:49.433 [main] DEBUG o.h.e.i.AbstractFlushingEventListener - Processing flush-time cascades
04:26:49.433 [main] DEBUG o.h.e.i.AbstractFlushingEventListener - Dirty checking collections
04:26:49.433 [main] DEBUG o.h.e.i.AbstractFlushingEventListener - Flushed: 1 insertions, 0 updates, 0 deletions to 1 objects
04:26:49.433 [main] DEBUG o.h.e.i.AbstractFlushingEventListener - Flushed: 0 (re)creations, 0 updates, 0 removals to 0 collections
04:26:49.433 [main] DEBUG o.h.internal.util.EntityPrinter - Listing entities:
04:26:49.433 [main] DEBUG o.h.internal.util.EntityPrinter - edu.ncsu.csc.itrust2.models.persistent.LogEntry{secondaryUser=null, logCode=5, primaryUser=logapitest, id=256, time=java.util.GregorianCalendar[time=1521606409430,areFieldsSet=true,areAllFieldsSet=true,lenient=true,zone=sun.util.calendar.ZoneInfo[id="Etc/UTC",offset=0,dstSavings=0,useDaylight=false,transitions=0,lastRule=null],firstDayOfWeek=1,minimalDaysInFirstWeek=1,ERA=1,YEAR=2018,MONTH=2,WEEK_OF_YEAR=12,WEEK_OF_MONTH=4,DAY_OF_MONTH=21,DAY_OF_YEAR=80,DAY_OF_WEEK=4,DAY_OF_WEEK_IN_MONTH=3,AM_PM=0,HOUR=4,HOUR_OF_DAY=4,MINUTE=26,SECOND=49,MILLISECOND=430,ZONE_OFFSET=0,DST_OFFSET=0], message=null}
04:26:49.433 [main] DEBUG org.hibernate.SQL - insert into LogEntries (logCode, message, primaryUser, secondaryUser, time, id) values (?, ?, ?, ?, ?, ?)
Hibernate: insert into LogEntries (logCode, message, primaryUser, secondaryUser, time, id) values (?, ?, ?, ?, ?, ?)
04:26:49.435 [main] DEBUG o.h.e.j.internal.JdbcCoordinatorImpl - HHH000420: Closing un-released batch
04:26:49.435 [main] DEBUG o.h.e.t.internal.TransactionImpl - begin
04:26:49.435 [main] DEBUG org.hibernate.SQL - select next_val as id_val from hibernate_sequence for update
Hibernate: select next_val as id_val from hibernate_sequence for update
04:26:49.436 [main] DEBUG org.hibernate.SQL - update hibernate_sequence set next_val= ? where next_val=?
Hibernate: update hibernate_sequence set next_val= ? where next_val=?
04:26:49.437 [main] DEBUG o.h.e.i.AbstractSaveEventListener - Generated identifier: 257, using strategy: org.hibernate.id.enhanced.SequenceStyleGenerator
04:26:49.437 [main] DEBUG o.h.e.t.internal.TransactionImpl - committing
04:26:49.437 [main] DEBUG o.h.e.i.AbstractFlushingEventListener - Processing flush-time cascades
04:26:49.437 [main] DEBUG o.h.e.i.AbstractFlushingEventListener - Dirty checking collections
04:26:49.437 [main] DEBUG o.h.e.i.AbstractFlushingEventListener - Flushed: 1 insertions, 0 updates, 0 deletions to 1 objects
04:26:49.437 [main] DEBUG o.h.e.i.AbstractFlushingEventListener - Flushed: 0 (re)creations, 0 updates, 0 removals to 0 collections
04:26:49.437 [main] DEBUG o.h.internal.util.EntityPrinter - Listing entities:
04:26:49.437 [main] DEBUG o.h.internal.util.EntityPrinter - edu.ncsu.csc.itrust2.models.persistent.LogEntry{secondaryUser=null, logCode=5, primaryUser=logapitest, id=257, time=java.util.GregorianCalendar[time=1521606409435,areFieldsSet=true,areAllFieldsSet=true,lenient=true,zone=sun.util.calendar.ZoneInfo[id="Etc/UTC",offset=0,dstSavings=0,useDaylight=false,transitions=0,lastRule=null],firstDayOfWeek=1,minimalDaysInFirstWeek=1,ERA=1,YEAR=2018,MONTH=2,WEEK_OF_YEAR=12,WEEK_OF_MONTH=4,DAY_OF_MONTH=21,DAY_OF_YEAR=80,DAY_OF_WEEK=4,DAY_OF_WEEK_IN_MONTH=3,AM_PM=0,HOUR=4,HOUR_OF_DAY=4,MINUTE=26,SECOND=49,MILLISECOND=435,ZONE_OFFSET=0,DST_OFFSET=0], message=null}
04:26:49.437 [main] DEBUG org.hibernate.SQL - insert into LogEntries (logCode, message, primaryUser, secondaryUser, time, id) values (?, ?, ?, ?, ?, ?)
Hibernate: insert into LogEntries (logCode, message, primaryUser, secondaryUser, time, id) values (?, ?, ?, ?, ?, ?)
04:26:49.439 [main] DEBUG o.h.e.j.internal.JdbcCoordinatorImpl - HHH000420: Closing un-released batch
04:26:49.439 [main] DEBUG o.h.e.t.internal.TransactionImpl - begin
04:26:49.439 [main] DEBUG org.hibernate.SQL - select next_val as id_val from hibernate_sequence for update
Hibernate: select next_val as id_val from hibernate_sequence for update
04:26:49.440 [main] DEBUG org.hibernate.SQL - update hibernate_sequence set next_val= ? where next_val=?
Hibernate: update hibernate_sequence set next_val= ? where next_val=?
04:26:49.441 [main] DEBUG o.h.e.i.AbstractSaveEventListener - Generated identifier: 258, using strategy: org.hibernate.id.enhanced.SequenceStyleGenerator
04:26:49.441 [main] DEBUG o.h.e.t.internal.TransactionImpl - committing
04:26:49.441 [main] DEBUG o.h.e.i.AbstractFlushingEventListener - Processing flush-time cascades
04:26:49.441 [main] DEBUG o.h.e.i.AbstractFlushingEventListener - Dirty checking collections
04:26:49.441 [main] DEBUG o.h.e.i.AbstractFlushingEventListener - Flushed: 1 insertions, 0 updates, 0 deletions to 1 objects
04:26:49.441 [main] DEBUG o.h.e.i.AbstractFlushingEventListener - Flushed: 0 (re)creations, 0 updates, 0 removals to 0 collections
04:26:49.441 [main] DEBUG o.h.internal.util.EntityPrinter - Listing entities:
04:26:49.441 [main] DEBUG o.h.internal.util.EntityPrinter - edu.ncsu.csc.itrust2.models.persistent.LogEntry{secondaryUser=null, logCode=5, primaryUser=logapitest, id=258, time=java.util.GregorianCalendar[time=1521606409439,areFieldsSet=true,areAllFieldsSet=true,lenient=true,zone=sun.util.calendar.ZoneInfo[id="Etc/UTC",offset=0,dstSavings=0,useDaylight=false,transitions=0,lastRule=null],firstDayOfWeek=1,minimalDaysInFirstWeek=1,ERA=1,YEAR=2018,MONTH=2,WEEK_OF_YEAR=12,WEEK_OF_MONTH=4,DAY_OF_MONTH=21,DAY_OF_YEAR=80,DAY_OF_WEEK=4,DAY_OF_WEEK_IN_MONTH=3,AM_PM=0,HOUR=4,HOUR_OF_DAY=4,MINUTE=26,SECOND=49,MILLISECOND=439,ZONE_OFFSET=0,DST_OFFSET=0], message=null}
04:26:49.442 [main] DEBUG org.hibernate.SQL - insert into LogEntries (logCode, message, primaryUser, secondaryUser, time, id) values (?, ?, ?, ?, ?, ?)
Hibernate: insert into LogEntries (logCode, message, primaryUser, secondaryUser, time, id) values (?, ?, ?, ?, ?, ?)
04:26:49.443 [main] DEBUG o.h.e.j.internal.JdbcCoordinatorImpl - HHH000420: Closing un-released batch
04:26:49.443 [main] DEBUG o.h.e.t.internal.TransactionImpl - begin
04:26:49.449 [main] DEBUG org.hibernate.SQL - select next_val as id_val from hibernate_sequence for update
Hibernate: select next_val as id_val from hibernate_sequence for update
04:26:49.450 [main] DEBUG org.hibernate.SQL - update hibernate_sequence set next_val= ? where next_val=?
Hibernate: update hibernate_sequence set next_val= ? where next_val=?
04:26:49.451 [main] DEBUG o.h.e.i.AbstractSaveEventListener - Generated identifier: 259, using strategy: org.hibernate.id.enhanced.SequenceStyleGenerator
04:26:49.451 [main] DEBUG o.h.e.t.internal.TransactionImpl - committing
04:26:49.451 [main] DEBUG o.h.e.i.AbstractFlushingEventListener - Processing flush-time cascades
04:26:49.451 [main] DEBUG o.h.e.i.AbstractFlushingEventListener - Dirty checking collections
04:26:49.451 [main] DEBUG o.h.e.i.AbstractFlushingEventListener - Flushed: 1 insertions, 0 updates, 0 deletions to 1 objects
04:26:49.451 [main] DEBUG o.h.e.i.AbstractFlushingEventListener - Flushed: 0 (re)creations, 0 updates, 0 removals to 0 collections
04:26:49.451 [main] DEBUG o.h.internal.util.EntityPrinter - Listing entities:
04:26:49.451 [main] DEBUG o.h.internal.util.EntityPrinter - edu.ncsu.csc.itrust2.models.persistent.LogEntry{secondaryUser=null, logCode=5, primaryUser=logapitest, id=259, time=java.util.GregorianCalendar[time=1521606409443,areFieldsSet=true,areAllFieldsSet=true,lenient=true,zone=sun.util.calendar.ZoneInfo[id="Etc/UTC",offset=0,dstSavings=0,useDaylight=false,transitions=0,lastRule=null],firstDayOfWeek=1,minimalDaysInFirstWeek=1,ERA=1,YEAR=2018,MONTH=2,WEEK_OF_YEAR=12,WEEK_OF_MONTH=4,DAY_OF_MONTH=21,DAY_OF_YEAR=80,DAY_OF_WEEK=4,DAY_OF_WEEK_IN_MONTH=3,AM_PM=0,HOUR=4,HOUR_OF_DAY=4,MINUTE=26,SECOND=49,MILLISECOND=443,ZONE_OFFSET=0,DST_OFFSET=0], message=null}
04:26:49.452 [main] DEBUG org.hibernate.SQL - insert into LogEntries (logCode, message, primaryUser, secondaryUser, time, id) values (?, ?, ?, ?, ?, ?)
Hibernate: insert into LogEntries (logCode, message, primaryUser, secondaryUser, time, id) values (?, ?, ?, ?, ?, ?)
04:26:49.453 [main] DEBUG o.h.e.j.internal.JdbcCoordinatorImpl - HHH000420: Closing un-released batch
04:26:49.453 [main] DEBUG o.h.e.t.internal.TransactionImpl - begin
04:26:49.453 [main] DEBUG org.hibernate.SQL - select next_val as id_val from hibernate_sequence for update
Hibernate: select next_val as id_val from hibernate_sequence for update
04:26:49.454 [main] DEBUG org.hibernate.SQL - update hibernate_sequence set next_val= ? where next_val=?
Hibernate: update hibernate_sequence set next_val= ? where next_val=?
04:26:49.455 [main] DEBUG o.h.e.i.AbstractSaveEventListener - Generated identifier: 260, using strategy: org.hibernate.id.enhanced.SequenceStyleGenerator
04:26:49.455 [main] DEBUG o.h.e.t.internal.TransactionImpl - committing
04:26:49.455 [main] DEBUG o.h.e.i.AbstractFlushingEventListener - Processing flush-time cascades
04:26:49.455 [main] DEBUG o.h.e.i.AbstractFlushingEventListener - Dirty checking collections
04:26:49.455 [main] DEBUG o.h.e.i.AbstractFlushingEventListener - Flushed: 1 insertions, 0 updates, 0 deletions to 1 objects
04:26:49.456 [main] DEBUG o.h.e.i.AbstractFlushingEventListener - Flushed: 0 (re)creations, 0 updates, 0 removals to 0 collections
04:26:49.456 [main] DEBUG o.h.internal.util.EntityPrinter - Listing entities:
04:26:49.456 [main] DEBUG o.h.internal.util.EntityPrinter - edu.ncsu.csc.itrust2.models.persistent.LogEntry{secondaryUser=null, logCode=5, primaryUser=logapitest, id=260, time=java.util.GregorianCalendar[time=1521606409453,areFieldsSet=true,areAllFieldsSet=true,lenient=true,zone=sun.util.calendar.ZoneInfo[id="Etc/UTC",offset=0,dstSavings=0,useDaylight=false,transitions=0,lastRule=null],firstDayOfWeek=1,minimalDaysInFirstWeek=1,ERA=1,YEAR=2018,MONTH=2,WEEK_OF_YEAR=12,WEEK_OF_MONTH=4,DAY_OF_MONTH=21,DAY_OF_YEAR=80,DAY_OF_WEEK=4,DAY_OF_WEEK_IN_MONTH=3,AM_PM=0,HOUR=4,HOUR_OF_DAY=4,MINUTE=26,SECOND=49,MILLISECOND=453,ZONE_OFFSET=0,DST_OFFSET=0], message=null}
04:26:49.456 [main] DEBUG org.hibernate.SQL - insert into LogEntries (logCode, message, primaryUser, secondaryUser, time, id) values (?, ?, ?, ?, ?, ?)
Hibernate: insert into LogEntries (logCode, message, primaryUser, secondaryUser, time, id) values (?, ?, ?, ?, ?, ?)
04:26:49.458 [main] DEBUG o.h.e.j.internal.JdbcCoordinatorImpl - HHH000420: Closing un-released batch
04:26:49.458 [main] DEBUG o.h.e.t.internal.TransactionImpl - begin
04:26:49.458 [main] DEBUG org.hibernate.SQL - select next_val as id_val from hibernate_sequence for update
Hibernate: select next_val as id_val from hibernate_sequence for update
04:26:49.459 [main] DEBUG org.hibernate.SQL - update hibernate_sequence set next_val= ? where next_val=?
Hibernate: update hibernate_sequence set next_val= ? where next_val=?
04:26:49.460 [main] DEBUG o.h.e.i.AbstractSaveEventListener - Generated identifier: 261, using strategy: org.hibernate.id.enhanced.SequenceStyleGenerator
04:26:49.460 [main] DEBUG o.h.e.t.internal.TransactionImpl - committing
04:26:49.460 [main] DEBUG o.h.e.i.AbstractFlushingEventListener - Processing flush-time cascades
04:26:49.460 [main] DEBUG o.h.e.i.AbstractFlushingEventListener - Dirty checking collections
04:26:49.460 [main] DEBUG o.h.e.i.AbstractFlushingEventListener - Flushed: 1 insertions, 0 updates, 0 deletions to 1 objects
04:26:49.460 [main] DEBUG o.h.e.i.AbstractFlushingEventListener - Flushed: 0 (re)creations, 0 updates, 0 removals to 0 collections
04:26:49.460 [main] DEBUG o.h.internal.util.EntityPrinter - Listing entities:
04:26:49.460 [main] DEBUG o.h.internal.util.EntityPrinter - edu.ncsu.csc.itrust2.models.persistent.LogEntry{secondaryUser=null, logCode=5, primaryUser=logapitest, id=261, time=java.util.GregorianCalendar[time=1521606409458,areFieldsSet=true,areAllFieldsSet=true,lenient=true,zone=sun.util.calendar.ZoneInfo[id="Etc/UTC",offset=0,dstSavings=0,useDaylight=false,transitions=0,lastRule=null],firstDayOfWeek=1,minimalDaysInFirstWeek=1,ERA=1,YEAR=2018,MONTH=2,WEEK_OF_YEAR=12,WEEK_OF_MONTH=4,DAY_OF_MONTH=21,DAY_OF_YEAR=80,DAY_OF_WEEK=4,DAY_OF_WEEK_IN_MONTH=3,AM_PM=0,HOUR=4,HOUR_OF_DAY=4,MINUTE=26,SECOND=49,MILLISECOND=458,ZONE_OFFSET=0,DST_OFFSET=0], message=null}
04:26:49.460 [main] DEBUG org.hibernate.SQL - insert into LogEntries (logCode, message, primaryUser, secondaryUser, time, id) values (?, ?, ?, ?, ?, ?)
Hibernate: insert into LogEntries (logCode, message, primaryUser, secondaryUser, time, id) values (?, ?, ?, ?, ?, ?)
04:26:49.462 [main] DEBUG o.h.e.j.internal.JdbcCoordinatorImpl - HHH000420: Closing un-released batch
04:26:49.462 [main] DEBUG o.h.e.t.internal.TransactionImpl - begin
04:26:49.462 [main] DEBUG org.hibernate.SQL - select next_val as id_val from hibernate_sequence for update
Hibernate: select next_val as id_val from hibernate_sequence for update
04:26:49.463 [main] DEBUG org.hibernate.SQL - update hibernate_sequence set next_val= ? where next_val=?
Hibernate: update hibernate_sequence set next_val= ? where next_val=?
04:26:49.463 [main] DEBUG o.h.e.i.AbstractSaveEventListener - Generated identifier: 262, using strategy: org.hibernate.id.enhanced.SequenceStyleGenerator
04:26:49.464 [main] DEBUG o.h.e.t.internal.TransactionImpl - committing
04:26:49.464 [main] DEBUG o.h.e.i.AbstractFlushingEventListener - Processing flush-time cascades
04:26:49.464 [main] DEBUG o.h.e.i.AbstractFlushingEventListener - Dirty checking collections
04:26:49.464 [main] DEBUG o.h.e.i.AbstractFlushingEventListener - Flushed: 1 insertions, 0 updates, 0 deletions to 1 objects
04:26:49.464 [main] DEBUG o.h.e.i.AbstractFlushingEventListener - Flushed: 0 (re)creations, 0 updates, 0 removals to 0 collections
04:26:49.464 [main] DEBUG o.h.internal.util.EntityPrinter - Listing entities:
04:26:49.464 [main] DEBUG o.h.internal.util.EntityPrinter - edu.ncsu.csc.itrust2.models.persistent.LogEntry{secondaryUser=null, logCode=5, primaryUser=logapitest, id=262, time=java.util.GregorianCalendar[time=1521606409462,areFieldsSet=true,areAllFieldsSet=true,lenient=true,zone=sun.util.calendar.ZoneInfo[id="Etc/UTC",offset=0,dstSavings=0,useDaylight=false,transitions=0,lastRule=null],firstDayOfWeek=1,minimalDaysInFirstWeek=1,ERA=1,YEAR=2018,MONTH=2,WEEK_OF_YEAR=12,WEEK_OF_MONTH=4,DAY_OF_MONTH=21,DAY_OF_YEAR=80,DAY_OF_WEEK=4,DAY_OF_WEEK_IN_MONTH=3,AM_PM=0,HOUR=4,HOUR_OF_DAY=4,MINUTE=26,SECOND=49,MILLISECOND=462,ZONE_OFFSET=0,DST_OFFSET=0], message=null}
04:26:49.464 [main] DEBUG org.hibernate.SQL - insert into LogEntries (logCode, message, primaryUser, secondaryUser, time, id) values (?, ?, ?, ?, ?, ?)
Hibernate: insert into LogEntries (logCode, message, primaryUser, secondaryUser, time, id) values (?, ?, ?, ?, ?, ?)
04:26:49.466 [main] DEBUG o.h.e.j.internal.JdbcCoordinatorImpl - HHH000420: Closing un-released batch
04:26:49.466 [main] DEBUG o.h.e.t.internal.TransactionImpl - begin
04:26:49.467 [main] DEBUG org.hibernate.SQL - select next_val as id_val from hibernate_sequence for update
Hibernate: select next_val as id_val from hibernate_sequence for update
04:26:49.467 [main] DEBUG org.hibernate.SQL - update hibernate_sequence set next_val= ? where next_val=?
Hibernate: update hibernate_sequence set next_val= ? where next_val=?
04:26:49.468 [main] DEBUG o.h.e.i.AbstractSaveEventListener - Generated identifier: 263, using strategy: org.hibernate.id.enhanced.SequenceStyleGenerator
04:26:49.468 [main] DEBUG o.h.e.t.internal.TransactionImpl - committing
04:26:49.468 [main] DEBUG o.h.e.i.AbstractFlushingEventListener - Processing flush-time cascades
04:26:49.468 [main] DEBUG o.h.e.i.AbstractFlushingEventListener - Dirty checking collections
04:26:49.468 [main] DEBUG o.h.e.i.AbstractFlushingEventListener - Flushed: 1 insertions, 0 updates, 0 deletions to 1 objects
04:26:49.468 [main] DEBUG o.h.e.i.AbstractFlushingEventListener - Flushed: 0 (re)creations, 0 updates, 0 removals to 0 collections
04:26:49.468 [main] DEBUG o.h.internal.util.EntityPrinter - Listing entities:
04:26:49.468 [main] DEBUG o.h.internal.util.EntityPrinter - edu.ncsu.csc.itrust2.models.persistent.LogEntry{secondaryUser=null, logCode=5, primaryUser=logapitest, id=263, time=java.util.GregorianCalendar[time=1521606409466,areFieldsSet=true,areAllFieldsSet=true,lenient=true,zone=sun.util.calendar.ZoneInfo[id="Etc/UTC",offset=0,dstSavings=0,useDaylight=false,transitions=0,lastRule=null],firstDayOfWeek=1,minimalDaysInFirstWeek=1,ERA=1,YEAR=2018,MONTH=2,WEEK_OF_YEAR=12,WEEK_OF_MONTH=4,DAY_OF_MONTH=21,DAY_OF_YEAR=80,DAY_OF_WEEK=4,DAY_OF_WEEK_IN_MONTH=3,AM_PM=0,HOUR=4,HOUR_OF_DAY=4,MINUTE=26,SECOND=49,MILLISECOND=466,ZONE_OFFSET=0,DST_OFFSET=0], message=null}
04:26:49.469 [main] DEBUG org.hibernate.SQL - insert into LogEntries (logCode, message, primaryUser, secondaryUser, time, id) values (?, ?, ?, ?, ?, ?)
Hibernate: insert into LogEntries (logCode, message, primaryUser, secondaryUser, time, id) values (?, ?, ?, ?, ?, ?)
04:26:49.470 [main] DEBUG o.h.e.j.internal.JdbcCoordinatorImpl - HHH000420: Closing un-released batch
04:26:49.470 [main] DEBUG o.h.e.t.internal.TransactionImpl - begin
04:26:49.471 [main] DEBUG org.hibernate.SQL - select next_val as id_val from hibernate_sequence for update
Hibernate: select next_val as id_val from hibernate_sequence for update
04:26:49.471 [main] DEBUG org.hibernate.SQL - update hibernate_sequence set next_val= ? where next_val=?
Hibernate: update hibernate_sequence set next_val= ? where next_val=?
04:26:49.472 [main] DEBUG o.h.e.i.AbstractSaveEventListener - Generated identifier: 264, using strategy: org.hibernate.id.enhanced.SequenceStyleGenerator
04:26:49.472 [main] DEBUG o.h.e.t.internal.TransactionImpl - committing
04:26:49.472 [main] DEBUG o.h.e.i.AbstractFlushingEventListener - Processing flush-time cascades
04:26:49.472 [main] DEBUG o.h.e.i.AbstractFlushingEventListener - Dirty checking collections
04:26:49.472 [main] DEBUG o.h.e.i.AbstractFlushingEventListener - Flushed: 1 insertions, 0 updates, 0 deletions to 1 objects
04:26:49.472 [main] DEBUG o.h.e.i.AbstractFlushingEventListener - Flushed: 0 (re)creations, 0 updates, 0 removals to 0 collections
04:26:49.472 [main] DEBUG o.h.internal.util.EntityPrinter - Listing entities:
04:26:49.472 [main] DEBUG o.h.internal.util.EntityPrinter - edu.ncsu.csc.itrust2.models.persistent.LogEntry{secondaryUser=null, logCode=5, primaryUser=logapitest, id=264, time=java.util.GregorianCalendar[time=1521606409470,areFieldsSet=true,areAllFieldsSet=true,lenient=true,zone=sun.util.calendar.ZoneInfo[id="Etc/UTC",offset=0,dstSavings=0,useDaylight=false,transitions=0,lastRule=null],firstDayOfWeek=1,minimalDaysInFirstWeek=1,ERA=1,YEAR=2018,MONTH=2,WEEK_OF_YEAR=12,WEEK_OF_MONTH=4,DAY_OF_MONTH=21,DAY_OF_YEAR=80,DAY_OF_WEEK=4,DAY_OF_WEEK_IN_MONTH=3,AM_PM=0,HOUR=4,HOUR_OF_DAY=4,MINUTE=26,SECOND=49,MILLISECOND=470,ZONE_OFFSET=0,DST_OFFSET=0], message=null}
04:26:49.472 [main] DEBUG org.hibernate.SQL - insert into LogEntries (logCode, message, primaryUser, secondaryUser, time, id) values (?, ?, ?, ?, ?, ?)
Hibernate: insert into LogEntries (logCode, message, primaryUser, secondaryUser, time, id) values (?, ?, ?, ?, ?, ?)
04:26:49.474 [main] DEBUG o.h.e.j.internal.JdbcCoordinatorImpl - HHH000420: Closing un-released batch
04:26:49.474 [main] DEBUG o.h.e.t.internal.TransactionImpl - begin
04:26:49.475 [main] DEBUG org.hibernate.SQL - select next_val as id_val from hibernate_sequence for update
Hibernate: select next_val as id_val from hibernate_sequence for update
04:26:49.475 [main] DEBUG org.hibernate.SQL - update hibernate_sequence set next_val= ? where next_val=?
Hibernate: update hibernate_sequence set next_val= ? where next_val=?
04:26:49.476 [main] DEBUG o.h.e.i.AbstractSaveEventListener - Generated identifier: 265, using strategy: org.hibernate.id.enhanced.SequenceStyleGenerator
04:26:49.476 [main] DEBUG o.h.e.t.internal.TransactionImpl - committing
04:26:49.476 [main] DEBUG o.h.e.i.AbstractFlushingEventListener - Processing flush-time cascades
04:26:49.476 [main] DEBUG o.h.e.i.AbstractFlushingEventListener - Dirty checking collections
04:26:49.476 [main] DEBUG o.h.e.i.AbstractFlushingEventListener - Flushed: 1 insertions, 0 updates, 0 deletions to 1 objects
04:26:49.476 [main] DEBUG o.h.e.i.AbstractFlushingEventListener - Flushed: 0 (re)creations, 0 updates, 0 removals to 0 collections
04:26:49.476 [main] DEBUG o.h.internal.util.EntityPrinter - Listing entities:
04:26:49.476 [main] DEBUG o.h.internal.util.EntityPrinter - edu.ncsu.csc.itrust2.models.persistent.LogEntry{secondaryUser=null, logCode=5, primaryUser=logapitest, id=265, time=java.util.GregorianCalendar[time=1521606409474,areFieldsSet=true,areAllFieldsSet=true,lenient=true,zone=sun.util.calendar.ZoneInfo[id="Etc/UTC",offset=0,dstSavings=0,useDaylight=false,transitions=0,lastRule=null],firstDayOfWeek=1,minimalDaysInFirstWeek=1,ERA=1,YEAR=2018,MONTH=2,WEEK_OF_YEAR=12,WEEK_OF_MONTH=4,DAY_OF_MONTH=21,DAY_OF_YEAR=80,DAY_OF_WEEK=4,DAY_OF_WEEK_IN_MONTH=3,AM_PM=0,HOUR=4,HOUR_OF_DAY=4,MINUTE=26,SECOND=49,MILLISECOND=474,ZONE_OFFSET=0,DST_OFFSET=0], message=null}
04:26:49.477 [main] DEBUG org.hibernate.SQL - insert into LogEntries (logCode, message, primaryUser, secondaryUser, time, id) values (?, ?, ?, ?, ?, ?)
Hibernate: insert into LogEntries (logCode, message, primaryUser, secondaryUser, time, id) values (?, ?, ?, ?, ?, ?)
04:26:49.478 [main] DEBUG o.h.e.j.internal.JdbcCoordinatorImpl - HHH000420: Closing un-released batch
04:26:49.478 [main] DEBUG o.h.e.t.internal.TransactionImpl - begin
04:26:49.479 [main] DEBUG org.hibernate.SQL - select next_val as id_val from hibernate_sequence for update
Hibernate: select next_val as id_val from hibernate_sequence for update
04:26:49.479 [main] DEBUG org.hibernate.SQL - update hibernate_sequence set next_val= ? where next_val=?
Hibernate: update hibernate_sequence set next_val= ? where next_val=?
04:26:49.481 [main] DEBUG o.h.e.i.AbstractSaveEventListener - Generated identifier: 266, using strategy: org.hibernate.id.enhanced.SequenceStyleGenerator
04:26:49.481 [main] DEBUG o.h.e.t.internal.TransactionImpl - committing
04:26:49.481 [main] DEBUG o.h.e.i.AbstractFlushingEventListener - Processing flush-time cascades
04:26:49.481 [main] DEBUG o.h.e.i.AbstractFlushingEventListener - Dirty checking collections
04:26:49.482 [main] DEBUG o.h.e.i.AbstractFlushingEventListener - Flushed: 1 insertions, 0 updates, 0 deletions to 1 objects
04:26:49.482 [main] DEBUG o.h.e.i.AbstractFlushingEventListener - Flushed: 0 (re)creations, 0 updates, 0 removals to 0 collections
04:26:49.482 [main] DEBUG o.h.internal.util.EntityPrinter - Listing entities:
04:26:49.482 [main] DEBUG o.h.internal.util.EntityPrinter - edu.ncsu.csc.itrust2.models.persistent.LogEntry{secondaryUser=null, logCode=5, primaryUser=logapitest, id=266, time=java.util.GregorianCalendar[time=1521606409478,areFieldsSet=true,areAllFieldsSet=true,lenient=true,zone=sun.util.calendar.ZoneInfo[id="Etc/UTC",offset=0,dstSavings=0,useDaylight=false,transitions=0,lastRule=null],firstDayOfWeek=1,minimalDaysInFirstWeek=1,ERA=1,YEAR=2018,MONTH=2,WEEK_OF_YEAR=12,WEEK_OF_MONTH=4,DAY_OF_MONTH=21,DAY_OF_YEAR=80,DAY_OF_WEEK=4,DAY_OF_WEEK_IN_MONTH=3,AM_PM=0,HOUR=4,HOUR_OF_DAY=4,MINUTE=26,SECOND=49,MILLISECOND=478,ZONE_OFFSET=0,DST_OFFSET=0], message=null}
04:26:49.482 [main] DEBUG org.hibernate.SQL - insert into LogEntries (logCode, message, primaryUser, secondaryUser, time, id) values (?, ?, ?, ?, ?, ?)
Hibernate: insert into LogEntries (logCode, message, primaryUser, secondaryUser, time, id) values (?, ?, ?, ?, ?, ?)
04:26:49.484 [main] DEBUG o.h.e.j.internal.JdbcCoordinatorImpl - HHH000420: Closing un-released batch
04:26:49.484 [main] DEBUG o.h.e.t.internal.TransactionImpl - begin
04:26:49.484 [main] DEBUG org.hibernate.SQL - select next_val as id_val from hibernate_sequence for update
Hibernate: select next_val as id_val from hibernate_sequence for update
04:26:49.485 [main] DEBUG org.hibernate.SQL - update hibernate_sequence set next_val= ? where next_val=?
Hibernate: update hibernate_sequence set next_val= ? where next_val=?
04:26:49.486 [main] DEBUG o.h.e.i.AbstractSaveEventListener - Generated identifier: 267, using strategy: org.hibernate.id.enhanced.SequenceStyleGenerator
04:26:49.486 [main] DEBUG o.h.e.t.internal.TransactionImpl - committing
04:26:49.486 [main] DEBUG o.h.e.i.AbstractFlushingEventListener - Processing flush-time cascades
04:26:49.486 [main] DEBUG o.h.e.i.AbstractFlushingEventListener - Dirty checking collections
04:26:49.486 [main] DEBUG o.h.e.i.AbstractFlushingEventListener - Flushed: 1 insertions, 0 updates, 0 deletions to 1 objects
04:26:49.486 [main] DEBUG o.h.e.i.AbstractFlushingEventListener - Flushed: 0 (re)creations, 0 updates, 0 removals to 0 collections
04:26:49.486 [main] DEBUG o.h.internal.util.EntityPrinter - Listing entities:
04:26:49.486 [main] DEBUG o.h.internal.util.EntityPrinter - edu.ncsu.csc.itrust2.models.persistent.LogEntry{secondaryUser=null, logCode=5, primaryUser=logapitest, id=267, time=java.util.GregorianCalendar[time=1521606409484,areFieldsSet=true,areAllFieldsSet=true,lenient=true,zone=sun.util.calendar.ZoneInfo[id="Etc/UTC",offset=0,dstSavings=0,useDaylight=false,transitions=0,lastRule=null],firstDayOfWeek=1,minimalDaysInFirstWeek=1,ERA=1,YEAR=2018,MONTH=2,WEEK_OF_YEAR=12,WEEK_OF_MONTH=4,DAY_OF_MONTH=21,DAY_OF_YEAR=80,DAY_OF_WEEK=4,DAY_OF_WEEK_IN_MONTH=3,AM_PM=0,HOUR=4,HOUR_OF_DAY=4,MINUTE=26,SECOND=49,MILLISECOND=484,ZONE_OFFSET=0,DST_OFFSET=0], message=null}
04:26:49.487 [main] DEBUG org.hibernate.SQL - insert into LogEntries (logCode, message, primaryUser, secondaryUser, time, id) values (?, ?, ?, ?, ?, ?)
Hibernate: insert into LogEntries (logCode, message, primaryUser, secondaryUser, time, id) values (?, ?, ?, ?, ?, ?)
04:26:49.488 [main] DEBUG o.h.e.j.internal.JdbcCoordinatorImpl - HHH000420: Closing un-released batch
04:26:49.488 [main] DEBUG o.h.e.t.internal.TransactionImpl - begin
04:26:49.488 [main] DEBUG org.hibernate.SQL - select next_val as id_val from hibernate_sequence for update
Hibernate: select next_val as id_val from hibernate_sequence for update
04:26:49.489 [main] DEBUG org.hibernate.SQL - update hibernate_sequence set next_val= ? where next_val=?
Hibernate: update hibernate_sequence set next_val= ? where next_val=?
04:26:49.490 [main] DEBUG o.h.e.i.AbstractSaveEventListener - Generated identifier: 268, using strategy: org.hibernate.id.enhanced.SequenceStyleGenerator
04:26:49.490 [main] DEBUG o.h.e.t.internal.TransactionImpl - committing
04:26:49.490 [main] DEBUG o.h.e.i.AbstractFlushingEventListener - Processing flush-time cascades
04:26:49.490 [main] DEBUG o.h.e.i.AbstractFlushingEventListener - Dirty checking collections
04:26:49.490 [main] DEBUG o.h.e.i.AbstractFlushingEventListener - Flushed: 1 insertions, 0 updates, 0 deletions to 1 objects
04:26:49.490 [main] DEBUG o.h.e.i.AbstractFlushingEventListener - Flushed: 0 (re)creations, 0 updates, 0 removals to 0 collections
04:26:49.490 [main] DEBUG o.h.internal.util.EntityPrinter - Listing entities:
04:26:49.490 [main] DEBUG o.h.internal.util.EntityPrinter - edu.ncsu.csc.itrust2.models.persistent.LogEntry{secondaryUser=null, logCode=5, primaryUser=logapitest, id=268, time=java.util.GregorianCalendar[time=1521606409488,areFieldsSet=true,areAllFieldsSet=true,lenient=true,zone=sun.util.calendar.ZoneInfo[id="Etc/UTC",offset=0,dstSavings=0,useDaylight=false,transitions=0,lastRule=null],firstDayOfWeek=1,minimalDaysInFirstWeek=1,ERA=1,YEAR=2018,MONTH=2,WEEK_OF_YEAR=12,WEEK_OF_MONTH=4,DAY_OF_MONTH=21,DAY_OF_YEAR=80,DAY_OF_WEEK=4,DAY_OF_WEEK_IN_MONTH=3,AM_PM=0,HOUR=4,HOUR_OF_DAY=4,MINUTE=26,SECOND=49,MILLISECOND=488,ZONE_OFFSET=0,DST_OFFSET=0], message=null}
04:26:49.491 [main] DEBUG org.hibernate.SQL - insert into LogEntries (logCode, message, primaryUser, secondaryUser, time, id) values (?, ?, ?, ?, ?, ?)
Hibernate: insert into LogEntries (logCode, message, primaryUser, secondaryUser, time, id) values (?, ?, ?, ?, ?, ?)
04:26:49.492 [main] DEBUG o.h.e.j.internal.JdbcCoordinatorImpl - HHH000420: Closing un-released batch
04:26:49.492 [main] DEBUG o.h.e.t.internal.TransactionImpl - begin
04:26:49.492 [main] DEBUG org.hibernate.SQL - select next_val as id_val from hibernate_sequence for update
Hibernate: select next_val as id_val from hibernate_sequence for update
04:26:49.493 [main] DEBUG org.hibernate.SQL - update hibernate_sequence set next_val= ? where next_val=?
Hibernate: update hibernate_sequence set next_val= ? where next_val=?
04:26:49.495 [main] DEBUG o.h.e.i.AbstractSaveEventListener - Generated identifier: 269, using strategy: org.hibernate.id.enhanced.SequenceStyleGenerator
04:26:49.495 [main] DEBUG o.h.e.t.internal.TransactionImpl - committing
04:26:49.495 [main] DEBUG o.h.e.i.AbstractFlushingEventListener - Processing flush-time cascades
04:26:49.495 [main] DEBUG o.h.e.i.AbstractFlushingEventListener - Dirty checking collections
04:26:49.495 [main] DEBUG o.h.e.i.AbstractFlushingEventListener - Flushed: 1 insertions, 0 updates, 0 deletions to 1 objects
04:26:49.495 [main] DEBUG o.h.e.i.AbstractFlushingEventListener - Flushed: 0 (re)creations, 0 updates, 0 removals to 0 collections
04:26:49.495 [main] DEBUG o.h.internal.util.EntityPrinter - Listing entities:
04:26:49.495 [main] DEBUG o.h.internal.util.EntityPrinter - edu.ncsu.csc.itrust2.models.persistent.LogEntry{secondaryUser=null, logCode=5, primaryUser=logapitest, id=269, time=java.util.GregorianCalendar[time=1521606409492,areFieldsSet=true,areAllFieldsSet=true,lenient=true,zone=sun.util.calendar.ZoneInfo[id="Etc/UTC",offset=0,dstSavings=0,useDaylight=false,transitions=0,lastRule=null],firstDayOfWeek=1,minimalDaysInFirstWeek=1,ERA=1,YEAR=2018,MONTH=2,WEEK_OF_YEAR=12,WEEK_OF_MONTH=4,DAY_OF_MONTH=21,DAY_OF_YEAR=80,DAY_OF_WEEK=4,DAY_OF_WEEK_IN_MONTH=3,AM_PM=0,HOUR=4,HOUR_OF_DAY=4,MINUTE=26,SECOND=49,MILLISECOND=492,ZONE_OFFSET=0,DST_OFFSET=0], message=null}
04:26:49.496 [main] DEBUG org.hibernate.SQL - insert into LogEntries (logCode, message, primaryUser, secondaryUser, time, id) values (?, ?, ?, ?, ?, ?)
Hibernate: insert into LogEntries (logCode, message, primaryUser, secondaryUser, time, id) values (?, ?, ?, ?, ?, ?)
04:26:49.500 [main] DEBUG o.h.e.j.internal.JdbcCoordinatorImpl - HHH000420: Closing un-released batch
04:26:49.500 [main] DEBUG o.h.e.t.internal.TransactionImpl - begin
04:26:49.501 [main] DEBUG org.hibernate.SQL - select next_val as id_val from hibernate_sequence for update
Hibernate: select next_val as id_val from hibernate_sequence for update
04:26:49.501 [main] DEBUG org.hibernate.SQL - update hibernate_sequence set next_val= ? where next_val=?
Hibernate: update hibernate_sequence set next_val= ? where next_val=?
04:26:49.502 [main] DEBUG o.h.e.i.AbstractSaveEventListener - Generated identifier: 270, using strategy: org.hibernate.id.enhanced.SequenceStyleGenerator
04:26:49.503 [main] DEBUG o.h.e.t.internal.TransactionImpl - committing
04:26:49.503 [main] DEBUG o.h.e.i.AbstractFlushingEventListener - Processing flush-time cascades
04:26:49.503 [main] DEBUG o.h.e.i.AbstractFlushingEventListener - Dirty checking collections
04:26:49.503 [main] DEBUG o.h.e.i.AbstractFlushingEventListener - Flushed: 1 insertions, 0 updates, 0 deletions to 1 objects
04:26:49.503 [main] DEBUG o.h.e.i.AbstractFlushingEventListener - Flushed: 0 (re)creations, 0 updates, 0 removals to 0 collections
04:26:49.503 [main] DEBUG o.h.internal.util.EntityPrinter - Listing entities:
04:26:49.503 [main] DEBUG o.h.internal.util.EntityPrinter - edu.ncsu.csc.itrust2.models.persistent.LogEntry{secondaryUser=null, logCode=5, primaryUser=logapitest, id=270, time=java.util.GregorianCalendar[time=1521606409500,areFieldsSet=true,areAllFieldsSet=true,lenient=true,zone=sun.util.calendar.ZoneInfo[id="Etc/UTC",offset=0,dstSavings=0,useDaylight=false,transitions=0,lastRule=null],firstDayOfWeek=1,minimalDaysInFirstWeek=1,ERA=1,YEAR=2018,MONTH=2,WEEK_OF_YEAR=12,WEEK_OF_MONTH=4,DAY_OF_MONTH=21,DAY_OF_YEAR=80,DAY_OF_WEEK=4,DAY_OF_WEEK_IN_MONTH=3,AM_PM=0,HOUR=4,HOUR_OF_DAY=4,MINUTE=26,SECOND=49,MILLISECOND=500,ZONE_OFFSET=0,DST_OFFSET=0], message=null}
04:26:49.503 [main] DEBUG org.hibernate.SQL - insert into LogEntries (logCode, message, primaryUser, secondaryUser, time, id) values (?, ?, ?, ?, ?, ?)
Hibernate: insert into LogEntries (logCode, message, primaryUser, secondaryUser, time, id) values (?, ?, ?, ?, ?, ?)
04:26:49.505 [main] DEBUG o.h.e.j.internal.JdbcCoordinatorImpl - HHH000420: Closing un-released batch
04:26:49.505 [main] DEBUG o.h.e.t.internal.TransactionImpl - begin
04:26:49.507 [main] DEBUG org.hibernate.SQL - select next_val as id_val from hibernate_sequence for update
Hibernate: select next_val as id_val from hibernate_sequence for update
04:26:49.507 [main] DEBUG org.hibernate.SQL - update hibernate_sequence set next_val= ? where next_val=?
Hibernate: update hibernate_sequence set next_val= ? where next_val=?
04:26:49.509 [main] DEBUG o.h.e.i.AbstractSaveEventListener - Generated identifier: 271, using strategy: org.hibernate.id.enhanced.SequenceStyleGenerator
04:26:49.509 [main] DEBUG o.h.e.t.internal.TransactionImpl - committing
04:26:49.509 [main] DEBUG o.h.e.i.AbstractFlushingEventListener - Processing flush-time cascades
04:26:49.509 [main] DEBUG o.h.e.i.AbstractFlushingEventListener - Dirty checking collections
04:26:49.509 [main] DEBUG o.h.e.i.AbstractFlushingEventListener - Flushed: 1 insertions, 0 updates, 0 deletions to 1 objects
04:26:49.509 [main] DEBUG o.h.e.i.AbstractFlushingEventListener - Flushed: 0 (re)creations, 0 updates, 0 removals to 0 collections
04:26:49.509 [main] DEBUG o.h.internal.util.EntityPrinter - Listing entities:
04:26:49.509 [main] DEBUG o.h.internal.util.EntityPrinter - edu.ncsu.csc.itrust2.models.persistent.LogEntry{secondaryUser=null, logCode=5, primaryUser=logapitest, id=271, time=java.util.GregorianCalendar[time=1521606409505,areFieldsSet=true,areAllFieldsSet=true,lenient=true,zone=sun.util.calendar.ZoneInfo[id="Etc/UTC",offset=0,dstSavings=0,useDaylight=false,transitions=0,lastRule=null],firstDayOfWeek=1,minimalDaysInFirstWeek=1,ERA=1,YEAR=2018,MONTH=2,WEEK_OF_YEAR=12,WEEK_OF_MONTH=4,DAY_OF_MONTH=21,DAY_OF_YEAR=80,DAY_OF_WEEK=4,DAY_OF_WEEK_IN_MONTH=3,AM_PM=0,HOUR=4,HOUR_OF_DAY=4,MINUTE=26,SECOND=49,MILLISECOND=505,ZONE_OFFSET=0,DST_OFFSET=0], message=null}
04:26:49.509 [main] DEBUG org.hibernate.SQL - insert into LogEntries (logCode, message, primaryUser, secondaryUser, time, id) values (?, ?, ?, ?, ?, ?)
Hibernate: insert into LogEntries (logCode, message, primaryUser, secondaryUser, time, id) values (?, ?, ?, ?, ?, ?)
04:26:49.512 [main] DEBUG o.h.e.j.internal.JdbcCoordinatorImpl - HHH000420: Closing un-released batch
04:26:49.513 [main] DEBUG o.h.e.t.internal.TransactionImpl - begin
04:26:49.516 [main] DEBUG org.hibernate.SQL - select next_val as id_val from hibernate_sequence for update
Hibernate: select next_val as id_val from hibernate_sequence for update
04:26:49.516 [main] DEBUG org.hibernate.SQL - update hibernate_sequence set next_val= ? where next_val=?
Hibernate: update hibernate_sequence set next_val= ? where next_val=?
04:26:49.518 [main] DEBUG o.h.e.i.AbstractSaveEventListener - Generated identifier: 272, using strategy: org.hibernate.id.enhanced.SequenceStyleGenerator
04:26:49.518 [main] DEBUG o.h.e.t.internal.TransactionImpl - committing
04:26:49.518 [main] DEBUG o.h.e.i.AbstractFlushingEventListener - Processing flush-time cascades
04:26:49.518 [main] DEBUG o.h.e.i.AbstractFlushingEventListener - Dirty checking collections
04:26:49.518 [main] DEBUG o.h.e.i.AbstractFlushingEventListener - Flushed: 1 insertions, 0 updates, 0 deletions to 1 objects
04:26:49.518 [main] DEBUG o.h.e.i.AbstractFlushingEventListener - Flushed: 0 (re)creations, 0 updates, 0 removals to 0 collections
04:26:49.518 [main] DEBUG o.h.internal.util.EntityPrinter - Listing entities:
04:26:49.518 [main] DEBUG o.h.internal.util.EntityPrinter - edu.ncsu.csc.itrust2.models.persistent.LogEntry{secondaryUser=null, logCode=5, primaryUser=logapitest, id=272, time=java.util.GregorianCalendar[time=1521606409513,areFieldsSet=true,areAllFieldsSet=true,lenient=true,zone=sun.util.calendar.ZoneInfo[id="Etc/UTC",offset=0,dstSavings=0,useDaylight=false,transitions=0,lastRule=null],firstDayOfWeek=1,minimalDaysInFirstWeek=1,ERA=1,YEAR=2018,MONTH=2,WEEK_OF_YEAR=12,WEEK_OF_MONTH=4,DAY_OF_MONTH=21,DAY_OF_YEAR=80,DAY_OF_WEEK=4,DAY_OF_WEEK_IN_MONTH=3,AM_PM=0,HOUR=4,HOUR_OF_DAY=4,MINUTE=26,SECOND=49,MILLISECOND=513,ZONE_OFFSET=0,DST_OFFSET=0], message=null}
04:26:49.519 [main] DEBUG org.hibernate.SQL - insert into LogEntries (logCode, message, primaryUser, secondaryUser, time, id) values (?, ?, ?, ?, ?, ?)
Hibernate: insert into LogEntries (logCode, message, primaryUser, secondaryUser, time, id) values (?, ?, ?, ?, ?, ?)
04:26:49.520 [main] DEBUG o.h.e.j.internal.JdbcCoordinatorImpl - HHH000420: Closing un-released batch
04:26:49.520 [main] DEBUG o.h.e.t.internal.TransactionImpl - begin
04:26:49.522 [main] DEBUG org.hibernate.SQL - select next_val as id_val from hibernate_sequence for update
Hibernate: select next_val as id_val from hibernate_sequence for update
04:26:49.522 [main] DEBUG org.hibernate.SQL - update hibernate_sequence set next_val= ? where next_val=?
Hibernate: update hibernate_sequence set next_val= ? where next_val=?
04:26:49.523 [main] DEBUG o.h.e.i.AbstractSaveEventListener - Generated identifier: 273, using strategy: org.hibernate.id.enhanced.SequenceStyleGenerator
04:26:49.524 [main] DEBUG o.h.e.t.internal.TransactionImpl - committing
04:26:49.524 [main] DEBUG o.h.e.i.AbstractFlushingEventListener - Processing flush-time cascades
04:26:49.524 [main] DEBUG o.h.e.i.AbstractFlushingEventListener - Dirty checking collections
04:26:49.524 [main] DEBUG o.h.e.i.AbstractFlushingEventListener - Flushed: 1 insertions, 0 updates, 0 deletions to 1 objects
04:26:49.524 [main] DEBUG o.h.e.i.AbstractFlushingEventListener - Flushed: 0 (re)creations, 0 updates, 0 removals to 0 collections
04:26:49.524 [main] DEBUG o.h.internal.util.EntityPrinter - Listing entities:
04:26:49.524 [main] DEBUG o.h.internal.util.EntityPrinter - edu.ncsu.csc.itrust2.models.persistent.LogEntry{secondaryUser=null, logCode=5, primaryUser=logapitest, id=273, time=java.util.GregorianCalendar[time=1521606409520,areFieldsSet=true,areAllFieldsSet=true,lenient=true,zone=sun.util.calendar.ZoneInfo[id="Etc/UTC",offset=0,dstSavings=0,useDaylight=false,transitions=0,lastRule=null],firstDayOfWeek=1,minimalDaysInFirstWeek=1,ERA=1,YEAR=2018,MONTH=2,WEEK_OF_YEAR=12,WEEK_OF_MONTH=4,DAY_OF_MONTH=21,DAY_OF_YEAR=80,DAY_OF_WEEK=4,DAY_OF_WEEK_IN_MONTH=3,AM_PM=0,HOUR=4,HOUR_OF_DAY=4,MINUTE=26,SECOND=49,MILLISECOND=520,ZONE_OFFSET=0,DST_OFFSET=0], message=null}
04:26:49.524 [main] DEBUG org.hibernate.SQL - insert into LogEntries (logCode, message, primaryUser, secondaryUser, time, id) values (?, ?, ?, ?, ?, ?)
Hibernate: insert into LogEntries (logCode, message, primaryUser, secondaryUser, time, id) values (?, ?, ?, ?, ?, ?)
04:26:49.534 [main] DEBUG o.h.e.j.internal.JdbcCoordinatorImpl - HHH000420: Closing un-released batch
04:26:49.535 [main] DEBUG o.h.e.t.internal.TransactionImpl - begin
04:26:49.535 [main] DEBUG org.hibernate.SQL - select next_val as id_val from hibernate_sequence for update
Hibernate: select next_val as id_val from hibernate_sequence for update
04:26:49.535 [main] DEBUG org.hibernate.SQL - update hibernate_sequence set next_val= ? where next_val=?
Hibernate: update hibernate_sequence set next_val= ? where next_val=?
04:26:49.536 [main] DEBUG o.h.e.i.AbstractSaveEventListener - Generated identifier: 274, using strategy: org.hibernate.id.enhanced.SequenceStyleGenerator
04:26:49.537 [main] DEBUG o.h.e.t.internal.TransactionImpl - committing
04:26:49.537 [main] DEBUG o.h.e.i.AbstractFlushingEventListener - Processing flush-time cascades
04:26:49.537 [main] DEBUG o.h.e.i.AbstractFlushingEventListener - Dirty checking collections
04:26:49.537 [main] DEBUG o.h.e.i.AbstractFlushingEventListener - Flushed: 1 insertions, 0 updates, 0 deletions to 1 objects
04:26:49.537 [main] DEBUG o.h.e.i.AbstractFlushingEventListener - Flushed: 0 (re)creations, 0 updates, 0 removals to 0 collections
04:26:49.537 [main] DEBUG o.h.internal.util.EntityPrinter - Listing entities:
04:26:49.537 [main] DEBUG o.h.internal.util.EntityPrinter - edu.ncsu.csc.itrust2.models.persistent.LogEntry{secondaryUser=null, logCode=5, primaryUser=logapitest, id=274, time=java.util.GregorianCalendar[time=1521606409535,areFieldsSet=true,areAllFieldsSet=true,lenient=true,zone=sun.util.calendar.ZoneInfo[id="Etc/UTC",offset=0,dstSavings=0,useDaylight=false,transitions=0,lastRule=null],firstDayOfWeek=1,minimalDaysInFirstWeek=1,ERA=1,YEAR=2018,MONTH=2,WEEK_OF_YEAR=12,WEEK_OF_MONTH=4,DAY_OF_MONTH=21,DAY_OF_YEAR=80,DAY_OF_WEEK=4,DAY_OF_WEEK_IN_MONTH=3,AM_PM=0,HOUR=4,HOUR_OF_DAY=4,MINUTE=26,SECOND=49,MILLISECOND=535,ZONE_OFFSET=0,DST_OFFSET=0], message=null}
04:26:49.537 [main] DEBUG org.hibernate.SQL - insert into LogEntries (logCode, message, primaryUser, secondaryUser, time, id) values (?, ?, ?, ?, ?, ?)
Hibernate: insert into LogEntries (logCode, message, primaryUser, secondaryUser, time, id) values (?, ?, ?, ?, ?, ?)
04:26:49.538 [main] DEBUG o.h.e.j.internal.JdbcCoordinatorImpl - HHH000420: Closing un-released batch
04:26:49.539 [main] DEBUG o.h.e.t.internal.TransactionImpl - begin
04:26:49.539 [main] DEBUG org.hibernate.SQL - select next_val as id_val from hibernate_sequence for update
Hibernate: select next_val as id_val from hibernate_sequence for update
04:26:49.539 [main] DEBUG org.hibernate.SQL - update hibernate_sequence set next_val= ? where next_val=?
Hibernate: update hibernate_sequence set next_val= ? where next_val=?
04:26:49.540 [main] DEBUG o.h.e.i.AbstractSaveEventListener - Generated identifier: 275, using strategy: org.hibernate.id.enhanced.SequenceStyleGenerator
04:26:49.540 [main] DEBUG o.h.e.t.internal.TransactionImpl - committing
04:26:49.541 [main] DEBUG o.h.e.i.AbstractFlushingEventListener - Processing flush-time cascades
04:26:49.541 [main] DEBUG o.h.e.i.AbstractFlushingEventListener - Dirty checking collections
04:26:49.541 [main] DEBUG o.h.e.i.AbstractFlushingEventListener - Flushed: 1 insertions, 0 updates, 0 deletions to 1 objects
04:26:49.541 [main] DEBUG o.h.e.i.AbstractFlushingEventListener - Flushed: 0 (re)creations, 0 updates, 0 removals to 0 collections
04:26:49.541 [main] DEBUG o.h.internal.util.EntityPrinter - Listing entities:
04:26:49.541 [main] DEBUG o.h.internal.util.EntityPrinter - edu.ncsu.csc.itrust2.models.persistent.LogEntry{secondaryUser=null, logCode=5, primaryUser=logapitest, id=275, time=java.util.GregorianCalendar[time=1521606409539,areFieldsSet=true,areAllFieldsSet=true,lenient=true,zone=sun.util.calendar.ZoneInfo[id="Etc/UTC",offset=0,dstSavings=0,useDaylight=false,transitions=0,lastRule=null],firstDayOfWeek=1,minimalDaysInFirstWeek=1,ERA=1,YEAR=2018,MONTH=2,WEEK_OF_YEAR=12,WEEK_OF_MONTH=4,DAY_OF_MONTH=21,DAY_OF_YEAR=80,DAY_OF_WEEK=4,DAY_OF_WEEK_IN_MONTH=3,AM_PM=0,HOUR=4,HOUR_OF_DAY=4,MINUTE=26,SECOND=49,MILLISECOND=539,ZONE_OFFSET=0,DST_OFFSET=0], message=null}
04:26:49.541 [main] DEBUG org.hibernate.SQL - insert into LogEntries (logCode, message, primaryUser, secondaryUser, time, id) values (?, ?, ?, ?, ?, ?)
Hibernate: insert into LogEntries (logCode, message, primaryUser, secondaryUser, time, id) values (?, ?, ?, ?, ?, ?)
04:26:49.542 [main] DEBUG o.h.e.j.internal.JdbcCoordinatorImpl - HHH000420: Closing un-released batch
04:26:49.543 [main] DEBUG o.h.e.t.internal.TransactionImpl - begin
04:26:49.543 [main] DEBUG org.hibernate.SQL - select next_val as id_val from hibernate_sequence for update
Hibernate: select next_val as id_val from hibernate_sequence for update
04:26:49.544 [main] DEBUG org.hibernate.SQL - update hibernate_sequence set next_val= ? where next_val=?
Hibernate: update hibernate_sequence set next_val= ? where next_val=?
04:26:49.544 [main] DEBUG o.h.e.i.AbstractSaveEventListener - Generated identifier: 276, using strategy: org.hibernate.id.enhanced.SequenceStyleGenerator
04:26:49.545 [main] DEBUG o.h.e.t.internal.TransactionImpl - committing
04:26:49.545 [main] DEBUG o.h.e.i.AbstractFlushingEventListener - Processing flush-time cascades
04:26:49.545 [main] DEBUG o.h.e.i.AbstractFlushingEventListener - Dirty checking collections
04:26:49.545 [main] DEBUG o.h.e.i.AbstractFlushingEventListener - Flushed: 1 insertions, 0 updates, 0 deletions to 1 objects
04:26:49.545 [main] DEBUG o.h.e.i.AbstractFlushingEventListener - Flushed: 0 (re)creations, 0 updates, 0 removals to 0 collections
04:26:49.545 [main] DEBUG o.h.internal.util.EntityPrinter - Listing entities:
04:26:49.545 [main] DEBUG o.h.internal.util.EntityPrinter - edu.ncsu.csc.itrust2.models.persistent.LogEntry{secondaryUser=null, logCode=5, primaryUser=logapitest, id=276, time=java.util.GregorianCalendar[time=1521606409543,areFieldsSet=true,areAllFieldsSet=true,lenient=true,zone=sun.util.calendar.ZoneInfo[id="Etc/UTC",offset=0,dstSavings=0,useDaylight=false,transitions=0,lastRule=null],firstDayOfWeek=1,minimalDaysInFirstWeek=1,ERA=1,YEAR=2018,MONTH=2,WEEK_OF_YEAR=12,WEEK_OF_MONTH=4,DAY_OF_MONTH=21,DAY_OF_YEAR=80,DAY_OF_WEEK=4,DAY_OF_WEEK_IN_MONTH=3,AM_PM=0,HOUR=4,HOUR_OF_DAY=4,MINUTE=26,SECOND=49,MILLISECOND=543,ZONE_OFFSET=0,DST_OFFSET=0], message=null}
04:26:49.545 [main] DEBUG org.hibernate.SQL - insert into LogEntries (logCode, message, primaryUser, secondaryUser, time, id) values (?, ?, ?, ?, ?, ?)
Hibernate: insert into LogEntries (logCode, message, primaryUser, secondaryUser, time, id) values (?, ?, ?, ?, ?, ?)
04:26:49.546 [main] DEBUG o.h.e.j.internal.JdbcCoordinatorImpl - HHH000420: Closing un-released batch
04:26:49.547 [main] DEBUG o.h.e.t.internal.TransactionImpl - begin
04:26:49.549 [main] DEBUG org.hibernate.SQL - select next_val as id_val from hibernate_sequence for update
Hibernate: select next_val as id_val from hibernate_sequence for update
04:26:49.550 [main] DEBUG org.hibernate.SQL - update hibernate_sequence set next_val= ? where next_val=?
Hibernate: update hibernate_sequence set next_val= ? where next_val=?
04:26:49.551 [main] DEBUG o.h.e.i.AbstractSaveEventListener - Generated identifier: 277, using strategy: org.hibernate.id.enhanced.SequenceStyleGenerator
04:26:49.552 [main] DEBUG o.h.e.t.internal.TransactionImpl - committing
04:26:49.552 [main] DEBUG o.h.e.i.AbstractFlushingEventListener - Processing flush-time cascades
04:26:49.552 [main] DEBUG o.h.e.i.AbstractFlushingEventListener - Dirty checking collections
04:26:49.552 [main] DEBUG o.h.e.i.AbstractFlushingEventListener - Flushed: 1 insertions, 0 updates, 0 deletions to 1 objects
04:26:49.553 [main] DEBUG o.h.e.i.AbstractFlushingEventListener - Flushed: 0 (re)creations, 0 updates, 0 removals to 0 collections
04:26:49.553 [main] DEBUG o.h.internal.util.EntityPrinter - Listing entities:
04:26:49.553 [main] DEBUG o.h.internal.util.EntityPrinter - edu.ncsu.csc.itrust2.models.persistent.LogEntry{secondaryUser=null, logCode=5, primaryUser=logapitest, id=277, time=java.util.GregorianCalendar[time=1521606409547,areFieldsSet=true,areAllFieldsSet=true,lenient=true,zone=sun.util.calendar.ZoneInfo[id="Etc/UTC",offset=0,dstSavings=0,useDaylight=false,transitions=0,lastRule=null],firstDayOfWeek=1,minimalDaysInFirstWeek=1,ERA=1,YEAR=2018,MONTH=2,WEEK_OF_YEAR=12,WEEK_OF_MONTH=4,DAY_OF_MONTH=21,DAY_OF_YEAR=80,DAY_OF_WEEK=4,DAY_OF_WEEK_IN_MONTH=3,AM_PM=0,HOUR=4,HOUR_OF_DAY=4,MINUTE=26,SECOND=49,MILLISECOND=547,ZONE_OFFSET=0,DST_OFFSET=0], message=null}
04:26:49.553 [main] DEBUG org.hibernate.SQL - insert into LogEntries (logCode, message, primaryUser, secondaryUser, time, id) values (?, ?, ?, ?, ?, ?)
Hibernate: insert into LogEntries (logCode, message, primaryUser, secondaryUser, time, id) values (?, ?, ?, ?, ?, ?)
04:26:49.556 [main] DEBUG o.h.e.j.internal.JdbcCoordinatorImpl - HHH000420: Closing un-released batch
04:26:49.557 [main] DEBUG o.h.e.t.internal.TransactionImpl - begin
04:26:49.557 [main] DEBUG org.hibernate.SQL - select next_val as id_val from hibernate_sequence for update
Hibernate: select next_val as id_val from hibernate_sequence for update
04:26:49.558 [main] DEBUG org.hibernate.SQL - update hibernate_sequence set next_val= ? where next_val=?
Hibernate: update hibernate_sequence set next_val= ? where next_val=?
04:26:49.559 [main] DEBUG o.h.e.i.AbstractSaveEventListener - Generated identifier: 278, using strategy: org.hibernate.id.enhanced.SequenceStyleGenerator
04:26:49.559 [main] DEBUG o.h.e.t.internal.TransactionImpl - committing
04:26:49.559 [main] DEBUG o.h.e.i.AbstractFlushingEventListener - Processing flush-time cascades
04:26:49.559 [main] DEBUG o.h.e.i.AbstractFlushingEventListener - Dirty checking collections
04:26:49.559 [main] DEBUG o.h.e.i.AbstractFlushingEventListener - Flushed: 1 insertions, 0 updates, 0 deletions to 1 objects
04:26:49.560 [main] DEBUG o.h.e.i.AbstractFlushingEventListener - Flushed: 0 (re)creations, 0 updates, 0 removals to 0 collections
04:26:49.560 [main] DEBUG o.h.internal.util.EntityPrinter - Listing entities:
04:26:49.560 [main] DEBUG o.h.internal.util.EntityPrinter - edu.ncsu.csc.itrust2.models.persistent.LogEntry{secondaryUser=null, logCode=5, primaryUser=logapitest, id=278, time=java.util.GregorianCalendar[time=1521606409557,areFieldsSet=true,areAllFieldsSet=true,lenient=true,zone=sun.util.calendar.ZoneInfo[id="Etc/UTC",offset=0,dstSavings=0,useDaylight=false,transitions=0,lastRule=null],firstDayOfWeek=1,minimalDaysInFirstWeek=1,ERA=1,YEAR=2018,MONTH=2,WEEK_OF_YEAR=12,WEEK_OF_MONTH=4,DAY_OF_MONTH=21,DAY_OF_YEAR=80,DAY_OF_WEEK=4,DAY_OF_WEEK_IN_MONTH=3,AM_PM=0,HOUR=4,HOUR_OF_DAY=4,MINUTE=26,SECOND=49,MILLISECOND=557,ZONE_OFFSET=0,DST_OFFSET=0], message=null}
04:26:49.560 [main] DEBUG org.hibernate.SQL - insert into LogEntries (logCode, message, primaryUser, secondaryUser, time, id) values (?, ?, ?, ?, ?, ?)
Hibernate: insert into LogEntries (logCode, message, primaryUser, secondaryUser, time, id) values (?, ?, ?, ?, ?, ?)
04:26:49.561 [main] DEBUG o.h.e.j.internal.JdbcCoordinatorImpl - HHH000420: Closing un-released batch
04:26:49.562 [main] DEBUG o.h.e.t.internal.TransactionImpl - begin
04:26:49.562 [main] DEBUG org.hibernate.SQL - select next_val as id_val from hibernate_sequence for update
Hibernate: select next_val as id_val from hibernate_sequence for update
04:26:49.563 [main] DEBUG org.hibernate.SQL - update hibernate_sequence set next_val= ? where next_val=?
Hibernate: update hibernate_sequence set next_val= ? where next_val=?
04:26:49.564 [main] DEBUG o.h.e.i.AbstractSaveEventListener - Generated identifier: 279, using strategy: org.hibernate.id.enhanced.SequenceStyleGenerator
04:26:49.564 [main] DEBUG o.h.e.t.internal.TransactionImpl - committing
04:26:49.564 [main] DEBUG o.h.e.i.AbstractFlushingEventListener - Processing flush-time cascades
04:26:49.564 [main] DEBUG o.h.e.i.AbstractFlushingEventListener - Dirty checking collections
04:26:49.564 [main] DEBUG o.h.e.i.AbstractFlushingEventListener - Flushed: 1 insertions, 0 updates, 0 deletions to 1 objects
04:26:49.565 [main] DEBUG o.h.e.i.AbstractFlushingEventListener - Flushed: 0 (re)creations, 0 updates, 0 removals to 0 collections
04:26:49.565 [main] DEBUG o.h.internal.util.EntityPrinter - Listing entities:
04:26:49.565 [main] DEBUG o.h.internal.util.EntityPrinter - edu.ncsu.csc.itrust2.models.persistent.LogEntry{secondaryUser=null, logCode=5, primaryUser=logapitest, id=279, time=java.util.GregorianCalendar[time=1521606409562,areFieldsSet=true,areAllFieldsSet=true,lenient=true,zone=sun.util.calendar.ZoneInfo[id="Etc/UTC",offset=0,dstSavings=0,useDaylight=false,transitions=0,lastRule=null],firstDayOfWeek=1,minimalDaysInFirstWeek=1,ERA=1,YEAR=2018,MONTH=2,WEEK_OF_YEAR=12,WEEK_OF_MONTH=4,DAY_OF_MONTH=21,DAY_OF_YEAR=80,DAY_OF_WEEK=4,DAY_OF_WEEK_IN_MONTH=3,AM_PM=0,HOUR=4,HOUR_OF_DAY=4,MINUTE=26,SECOND=49,MILLISECOND=562,ZONE_OFFSET=0,DST_OFFSET=0], message=null}
04:26:49.565 [main] DEBUG org.hibernate.SQL - insert into LogEntries (logCode, message, primaryUser, secondaryUser, time, id) values (?, ?, ?, ?, ?, ?)
Hibernate: insert into LogEntries (logCode, message, primaryUser, secondaryUser, time, id) values (?, ?, ?, ?, ?, ?)
04:26:49.567 [main] DEBUG o.h.e.j.internal.JdbcCoordinatorImpl - HHH000420: Closing un-released batch
04:26:49.568 [main] DEBUG o.h.e.t.internal.TransactionImpl - begin
04:26:49.570 [main] DEBUG org.hibernate.SQL - select next_val as id_val from hibernate_sequence for update
Hibernate: select next_val as id_val from hibernate_sequence for update
04:26:49.570 [main] DEBUG org.hibernate.SQL - update hibernate_sequence set next_val= ? where next_val=?
Hibernate: update hibernate_sequence set next_val= ? where next_val=?
04:26:49.576 [main] DEBUG o.h.e.i.AbstractSaveEventListener - Generated identifier: 280, using strategy: org.hibernate.id.enhanced.SequenceStyleGenerator
04:26:49.577 [main] DEBUG o.h.e.t.internal.TransactionImpl - committing
04:26:49.577 [main] DEBUG o.h.e.i.AbstractFlushingEventListener - Processing flush-time cascades
04:26:49.577 [main] DEBUG o.h.e.i.AbstractFlushingEventListener - Dirty checking collections
04:26:49.577 [main] DEBUG o.h.e.i.AbstractFlushingEventListener - Flushed: 1 insertions, 0 updates, 0 deletions to 1 objects
04:26:49.577 [main] DEBUG o.h.e.i.AbstractFlushingEventListener - Flushed: 0 (re)creations, 0 updates, 0 removals to 0 collections
04:26:49.577 [main] DEBUG o.h.internal.util.EntityPrinter - Listing entities:
04:26:49.577 [main] DEBUG o.h.internal.util.EntityPrinter - edu.ncsu.csc.itrust2.models.persistent.LogEntry{secondaryUser=null, logCode=5, primaryUser=logapitest, id=280, time=java.util.GregorianCalendar[time=1521606409567,areFieldsSet=true,areAllFieldsSet=true,lenient=true,zone=sun.util.calendar.ZoneInfo[id="Etc/UTC",offset=0,dstSavings=0,useDaylight=false,transitions=0,lastRule=null],firstDayOfWeek=1,minimalDaysInFirstWeek=1,ERA=1,YEAR=2018,MONTH=2,WEEK_OF_YEAR=12,WEEK_OF_MONTH=4,DAY_OF_MONTH=21,DAY_OF_YEAR=80,DAY_OF_WEEK=4,DAY_OF_WEEK_IN_MONTH=3,AM_PM=0,HOUR=4,HOUR_OF_DAY=4,MINUTE=26,SECOND=49,MILLISECOND=567,ZONE_OFFSET=0,DST_OFFSET=0], message=null}
04:26:49.578 [main] DEBUG org.hibernate.SQL - insert into LogEntries (logCode, message, primaryUser, secondaryUser, time, id) values (?, ?, ?, ?, ?, ?)
Hibernate: insert into LogEntries (logCode, message, primaryUser, secondaryUser, time, id) values (?, ?, ?, ?, ?, ?)
04:26:49.581 [main] DEBUG o.h.e.j.internal.JdbcCoordinatorImpl - HHH000420: Closing un-released batch
04:26:49.582 [main] DEBUG o.h.e.t.internal.TransactionImpl - begin
04:26:49.582 [main] DEBUG org.hibernate.SQL - select next_val as id_val from hibernate_sequence for update
Hibernate: select next_val as id_val from hibernate_sequence for update
04:26:49.583 [main] DEBUG org.hibernate.SQL - update hibernate_sequence set next_val= ? where next_val=?
Hibernate: update hibernate_sequence set next_val= ? where next_val=?
04:26:49.584 [main] DEBUG o.h.e.i.AbstractSaveEventListener - Generated identifier: 281, using strategy: org.hibernate.id.enhanced.SequenceStyleGenerator
04:26:49.585 [main] DEBUG o.h.e.t.internal.TransactionImpl - committing
04:26:49.585 [main] DEBUG o.h.e.i.AbstractFlushingEventListener - Processing flush-time cascades
04:26:49.585 [main] DEBUG o.h.e.i.AbstractFlushingEventListener - Dirty checking collections
04:26:49.585 [main] DEBUG o.h.e.i.AbstractFlushingEventListener - Flushed: 1 insertions, 0 updates, 0 deletions to 1 objects
04:26:49.585 [main] DEBUG o.h.e.i.AbstractFlushingEventListener - Flushed: 0 (re)creations, 0 updates, 0 removals to 0 collections
04:26:49.585 [main] DEBUG o.h.internal.util.EntityPrinter - Listing entities:
04:26:49.585 [main] DEBUG o.h.internal.util.EntityPrinter - edu.ncsu.csc.itrust2.models.persistent.LogEntry{secondaryUser=null, logCode=5, primaryUser=logapitest, id=281, time=java.util.GregorianCalendar[time=1521606409581,areFieldsSet=true,areAllFieldsSet=true,lenient=true,zone=sun.util.calendar.ZoneInfo[id="Etc/UTC",offset=0,dstSavings=0,useDaylight=false,transitions=0,lastRule=null],firstDayOfWeek=1,minimalDaysInFirstWeek=1,ERA=1,YEAR=2018,MONTH=2,WEEK_OF_YEAR=12,WEEK_OF_MONTH=4,DAY_OF_MONTH=21,DAY_OF_YEAR=80,DAY_OF_WEEK=4,DAY_OF_WEEK_IN_MONTH=3,AM_PM=0,HOUR=4,HOUR_OF_DAY=4,MINUTE=26,SECOND=49,MILLISECOND=581,ZONE_OFFSET=0,DST_OFFSET=0], message=null}
04:26:49.586 [main] DEBUG org.hibernate.SQL - insert into LogEntries (logCode, message, primaryUser, secondaryUser, time, id) values (?, ?, ?, ?, ?, ?)
Hibernate: insert into LogEntries (logCode, message, primaryUser, secondaryUser, time, id) values (?, ?, ?, ?, ?, ?)
04:26:49.587 [main] DEBUG o.h.e.j.internal.JdbcCoordinatorImpl - HHH000420: Closing un-released batch
04:26:49.587 [main] DEBUG o.h.e.t.internal.TransactionImpl - begin
04:26:49.588 [main] DEBUG org.hibernate.SQL - select next_val as id_val from hibernate_sequence for update
Hibernate: select next_val as id_val from hibernate_sequence for update
04:26:49.588 [main] DEBUG org.hibernate.SQL - update hibernate_sequence set next_val= ? where next_val=?
Hibernate: update hibernate_sequence set next_val= ? where next_val=?
04:26:49.590 [main] DEBUG o.h.e.i.AbstractSaveEventListener - Generated identifier: 282, using strategy: org.hibernate.id.enhanced.SequenceStyleGenerator
04:26:49.590 [main] DEBUG o.h.e.t.internal.TransactionImpl - committing
04:26:49.590 [main] DEBUG o.h.e.i.AbstractFlushingEventListener - Processing flush-time cascades
04:26:49.590 [main] DEBUG o.h.e.i.AbstractFlushingEventListener - Dirty checking collections
04:26:49.590 [main] DEBUG o.h.e.i.AbstractFlushingEventListener - Flushed: 1 insertions, 0 updates, 0 deletions to 1 objects
04:26:49.590 [main] DEBUG o.h.e.i.AbstractFlushingEventListener - Flushed: 0 (re)creations, 0 updates, 0 removals to 0 collections
04:26:49.590 [main] DEBUG o.h.internal.util.EntityPrinter - Listing entities:
04:26:49.590 [main] DEBUG o.h.internal.util.EntityPrinter - edu.ncsu.csc.itrust2.models.persistent.LogEntry{secondaryUser=null, logCode=5, primaryUser=logapitest, id=282, time=java.util.GregorianCalendar[time=1521606409587,areFieldsSet=true,areAllFieldsSet=true,lenient=true,zone=sun.util.calendar.ZoneInfo[id="Etc/UTC",offset=0,dstSavings=0,useDaylight=false,transitions=0,lastRule=null],firstDayOfWeek=1,minimalDaysInFirstWeek=1,ERA=1,YEAR=2018,MONTH=2,WEEK_OF_YEAR=12,WEEK_OF_MONTH=4,DAY_OF_MONTH=21,DAY_OF_YEAR=80,DAY_OF_WEEK=4,DAY_OF_WEEK_IN_MONTH=3,AM_PM=0,HOUR=4,HOUR_OF_DAY=4,MINUTE=26,SECOND=49,MILLISECOND=587,ZONE_OFFSET=0,DST_OFFSET=0], message=null}
04:26:49.591 [main] DEBUG org.hibernate.SQL - insert into LogEntries (logCode, message, primaryUser, secondaryUser, time, id) values (?, ?, ?, ?, ?, ?)
Hibernate: insert into LogEntries (logCode, message, primaryUser, secondaryUser, time, id) values (?, ?, ?, ?, ?, ?)
04:26:49.592 [main] DEBUG o.h.e.j.internal.JdbcCoordinatorImpl - HHH000420: Closing un-released batch
04:26:49.592 [main] DEBUG o.h.e.t.internal.TransactionImpl - begin
04:26:49.593 [main] DEBUG org.hibernate.SQL - select next_val as id_val from hibernate_sequence for update
Hibernate: select next_val as id_val from hibernate_sequence for update
04:26:49.595 [main] DEBUG org.hibernate.SQL - update hibernate_sequence set next_val= ? where next_val=?
Hibernate: update hibernate_sequence set next_val= ? where next_val=?
04:26:49.596 [main] DEBUG o.h.e.i.AbstractSaveEventListener - Generated identifier: 283, using strategy: org.hibernate.id.enhanced.SequenceStyleGenerator
04:26:49.597 [main] DEBUG o.h.e.t.internal.TransactionImpl - committing
04:26:49.597 [main] DEBUG o.h.e.i.AbstractFlushingEventListener - Processing flush-time cascades
04:26:49.597 [main] DEBUG o.h.e.i.AbstractFlushingEventListener - Dirty checking collections
04:26:49.597 [main] DEBUG o.h.e.i.AbstractFlushingEventListener - Flushed: 1 insertions, 0 updates, 0 deletions to 1 objects
04:26:49.597 [main] DEBUG o.h.e.i.AbstractFlushingEventListener - Flushed: 0 (re)creations, 0 updates, 0 removals to 0 collections
04:26:49.598 [main] DEBUG o.h.internal.util.EntityPrinter - Listing entities:
04:26:49.598 [main] DEBUG o.h.internal.util.EntityPrinter - edu.ncsu.csc.itrust2.models.persistent.LogEntry{secondaryUser=null, logCode=5, primaryUser=logapitest, id=283, time=java.util.GregorianCalendar[time=1521606409592,areFieldsSet=true,areAllFieldsSet=true,lenient=true,zone=sun.util.calendar.ZoneInfo[id="Etc/UTC",offset=0,dstSavings=0,useDaylight=false,transitions=0,lastRule=null],firstDayOfWeek=1,minimalDaysInFirstWeek=1,ERA=1,YEAR=2018,MONTH=2,WEEK_OF_YEAR=12,WEEK_OF_MONTH=4,DAY_OF_MONTH=21,DAY_OF_YEAR=80,DAY_OF_WEEK=4,DAY_OF_WEEK_IN_MONTH=3,AM_PM=0,HOUR=4,HOUR_OF_DAY=4,MINUTE=26,SECOND=49,MILLISECOND=592,ZONE_OFFSET=0,DST_OFFSET=0], message=null}
04:26:49.598 [main] DEBUG org.hibernate.SQL - insert into LogEntries (logCode, message, primaryUser, secondaryUser, time, id) values (?, ?, ?, ?, ?, ?)
Hibernate: insert into LogEntries (logCode, message, primaryUser, secondaryUser, time, id) values (?, ?, ?, ?, ?, ?)
04:26:49.599 [main] DEBUG o.h.e.j.internal.JdbcCoordinatorImpl - HHH000420: Closing un-released batch
04:26:49.600 [main] DEBUG o.h.e.t.internal.TransactionImpl - begin
04:26:49.600 [main] DEBUG org.hibernate.SQL - select next_val as id_val from hibernate_sequence for update
Hibernate: select next_val as id_val from hibernate_sequence for update
04:26:49.601 [main] DEBUG org.hibernate.SQL - update hibernate_sequence set next_val= ? where next_val=?
Hibernate: update hibernate_sequence set next_val= ? where next_val=?
04:26:49.602 [main] DEBUG o.h.e.i.AbstractSaveEventListener - Generated identifier: 284, using strategy: org.hibernate.id.enhanced.SequenceStyleGenerator
04:26:49.602 [main] DEBUG o.h.e.t.internal.TransactionImpl - committing
04:26:49.602 [main] DEBUG o.h.e.i.AbstractFlushingEventListener - Processing flush-time cascades
04:26:49.602 [main] DEBUG o.h.e.i.AbstractFlushingEventListener - Dirty checking collections
04:26:49.602 [main] DEBUG o.h.e.i.AbstractFlushingEventListener - Flushed: 1 insertions, 0 updates, 0 deletions to 1 objects
04:26:49.602 [main] DEBUG o.h.e.i.AbstractFlushingEventListener - Flushed: 0 (re)creations, 0 updates, 0 removals to 0 collections
04:26:49.602 [main] DEBUG o.h.internal.util.EntityPrinter - Listing entities:
04:26:49.603 [main] DEBUG o.h.internal.util.EntityPrinter - edu.ncsu.csc.itrust2.models.persistent.LogEntry{secondaryUser=null, logCode=5, primaryUser=logapitest, id=284, time=java.util.GregorianCalendar[time=1521606409600,areFieldsSet=true,areAllFieldsSet=true,lenient=true,zone=sun.util.calendar.ZoneInfo[id="Etc/UTC",offset=0,dstSavings=0,useDaylight=false,transitions=0,lastRule=null],firstDayOfWeek=1,minimalDaysInFirstWeek=1,ERA=1,YEAR=2018,MONTH=2,WEEK_OF_YEAR=12,WEEK_OF_MONTH=4,DAY_OF_MONTH=21,DAY_OF_YEAR=80,DAY_OF_WEEK=4,DAY_OF_WEEK_IN_MONTH=3,AM_PM=0,HOUR=4,HOUR_OF_DAY=4,MINUTE=26,SECOND=49,MILLISECOND=600,ZONE_OFFSET=0,DST_OFFSET=0], message=null}
04:26:49.603 [main] DEBUG org.hibernate.SQL - insert into LogEntries (logCode, message, primaryUser, secondaryUser, time, id) values (?, ?, ?, ?, ?, ?)
Hibernate: insert into LogEntries (logCode, message, primaryUser, secondaryUser, time, id) values (?, ?, ?, ?, ?, ?)
04:26:49.604 [main] DEBUG o.h.e.j.internal.JdbcCoordinatorImpl - HHH000420: Closing un-released batch
04:26:49.605 [main] DEBUG o.h.e.t.internal.TransactionImpl - begin
04:26:49.605 [main] DEBUG org.hibernate.SQL - select next_val as id_val from hibernate_sequence for update
Hibernate: select next_val as id_val from hibernate_sequence for update
04:26:49.606 [main] DEBUG org.hibernate.SQL - update hibernate_sequence set next_val= ? where next_val=?
Hibernate: update hibernate_sequence set next_val= ? where next_val=?
04:26:49.607 [main] DEBUG o.h.e.i.AbstractSaveEventListener - Generated identifier: 285, using strategy: org.hibernate.id.enhanced.SequenceStyleGenerator
04:26:49.607 [main] DEBUG o.h.e.t.internal.TransactionImpl - committing
04:26:49.607 [main] DEBUG o.h.e.i.AbstractFlushingEventListener - Processing flush-time cascades
04:26:49.607 [main] DEBUG o.h.e.i.AbstractFlushingEventListener - Dirty checking collections
04:26:49.608 [main] DEBUG o.h.e.i.AbstractFlushingEventListener - Flushed: 1 insertions, 0 updates, 0 deletions to 1 objects
04:26:49.608 [main] DEBUG o.h.e.i.AbstractFlushingEventListener - Flushed: 0 (re)creations, 0 updates, 0 removals to 0 collections
04:26:49.608 [main] DEBUG o.h.internal.util.EntityPrinter - Listing entities:
04:26:49.608 [main] DEBUG o.h.internal.util.EntityPrinter - edu.ncsu.csc.itrust2.models.persistent.LogEntry{secondaryUser=null, logCode=5, primaryUser=logapitest, id=285, time=java.util.GregorianCalendar[time=1521606409604,areFieldsSet=true,areAllFieldsSet=true,lenient=true,zone=sun.util.calendar.ZoneInfo[id="Etc/UTC",offset=0,dstSavings=0,useDaylight=false,transitions=0,lastRule=null],firstDayOfWeek=1,minimalDaysInFirstWeek=1,ERA=1,YEAR=2018,MONTH=2,WEEK_OF_YEAR=12,WEEK_OF_MONTH=4,DAY_OF_MONTH=21,DAY_OF_YEAR=80,DAY_OF_WEEK=4,DAY_OF_WEEK_IN_MONTH=3,AM_PM=0,HOUR=4,HOUR_OF_DAY=4,MINUTE=26,SECOND=49,MILLISECOND=604,ZONE_OFFSET=0,DST_OFFSET=0], message=null}
04:26:49.608 [main] DEBUG org.hibernate.SQL - insert into LogEntries (logCode, message, primaryUser, secondaryUser, time, id) values (?, ?, ?, ?, ?, ?)
Hibernate: insert into LogEntries (logCode, message, primaryUser, secondaryUser, time, id) values (?, ?, ?, ?, ?, ?)
04:26:49.610 [main] DEBUG o.h.e.j.internal.JdbcCoordinatorImpl - HHH000420: Closing un-released batch
04:26:49.610 [main] DEBUG o.h.e.t.internal.TransactionImpl - begin
04:26:49.611 [main] DEBUG org.hibernate.SQL - select next_val as id_val from hibernate_sequence for update
Hibernate: select next_val as id_val from hibernate_sequence for update
04:26:49.611 [main] DEBUG org.hibernate.SQL - update hibernate_sequence set next_val= ? where next_val=?
Hibernate: update hibernate_sequence set next_val= ? where next_val=?
04:26:49.612 [main] DEBUG o.h.e.i.AbstractSaveEventListener - Generated identifier: 286, using strategy: org.hibernate.id.enhanced.SequenceStyleGenerator
04:26:49.612 [main] DEBUG o.h.e.t.internal.TransactionImpl - committing
04:26:49.613 [main] DEBUG o.h.e.i.AbstractFlushingEventListener - Processing flush-time cascades
04:26:49.613 [main] DEBUG o.h.e.i.AbstractFlushingEventListener - Dirty checking collections
04:26:49.613 [main] DEBUG o.h.e.i.AbstractFlushingEventListener - Flushed: 1 insertions, 0 updates, 0 deletions to 1 objects
04:26:49.613 [main] DEBUG o.h.e.i.AbstractFlushingEventListener - Flushed: 0 (re)creations, 0 updates, 0 removals to 0 collections
04:26:49.613 [main] DEBUG o.h.internal.util.EntityPrinter - Listing entities:
04:26:49.613 [main] DEBUG o.h.internal.util.EntityPrinter - edu.ncsu.csc.itrust2.models.persistent.LogEntry{secondaryUser=null, logCode=5, primaryUser=logapitest, id=286, time=java.util.GregorianCalendar[time=1521606409610,areFieldsSet=true,areAllFieldsSet=true,lenient=true,zone=sun.util.calendar.ZoneInfo[id="Etc/UTC",offset=0,dstSavings=0,useDaylight=false,transitions=0,lastRule=null],firstDayOfWeek=1,minimalDaysInFirstWeek=1,ERA=1,YEAR=2018,MONTH=2,WEEK_OF_YEAR=12,WEEK_OF_MONTH=4,DAY_OF_MONTH=21,DAY_OF_YEAR=80,DAY_OF_WEEK=4,DAY_OF_WEEK_IN_MONTH=3,AM_PM=0,HOUR=4,HOUR_OF_DAY=4,MINUTE=26,SECOND=49,MILLISECOND=610,ZONE_OFFSET=0,DST_OFFSET=0], message=null}
04:26:49.613 [main] DEBUG org.hibernate.SQL - insert into LogEntries (logCode, message, primaryUser, secondaryUser, time, id) values (?, ?, ?, ?, ?, ?)
Hibernate: insert into LogEntries (logCode, message, primaryUser, secondaryUser, time, id) values (?, ?, ?, ?, ?, ?)
04:26:49.615 [main] DEBUG o.h.e.j.internal.JdbcCoordinatorImpl - HHH000420: Closing un-released batch
04:26:49.615 [main] DEBUG o.h.e.t.internal.TransactionImpl - begin
04:26:49.616 [main] DEBUG org.hibernate.SQL - select next_val as id_val from hibernate_sequence for update
Hibernate: select next_val as id_val from hibernate_sequence for update
04:26:49.616 [main] DEBUG org.hibernate.SQL - update hibernate_sequence set next_val= ? where next_val=?
Hibernate: update hibernate_sequence set next_val= ? where next_val=?
04:26:49.618 [main] DEBUG o.h.e.i.AbstractSaveEventListener - Generated identifier: 287, using strategy: org.hibernate.id.enhanced.SequenceStyleGenerator
04:26:49.618 [main] DEBUG o.h.e.t.internal.TransactionImpl - committing
04:26:49.618 [main] DEBUG o.h.e.i.AbstractFlushingEventListener - Processing flush-time cascades
04:26:49.618 [main] DEBUG o.h.e.i.AbstractFlushingEventListener - Dirty checking collections
04:26:49.618 [main] DEBUG o.h.e.i.AbstractFlushingEventListener - Flushed: 1 insertions, 0 updates, 0 deletions to 1 objects
04:26:49.618 [main] DEBUG o.h.e.i.AbstractFlushingEventListener - Flushed: 0 (re)creations, 0 updates, 0 removals to 0 collections
04:26:49.618 [main] DEBUG o.h.internal.util.EntityPrinter - Listing entities:
04:26:49.619 [main] DEBUG o.h.internal.util.EntityPrinter - edu.ncsu.csc.itrust2.models.persistent.LogEntry{secondaryUser=null, logCode=5, primaryUser=logapitest, id=287, time=java.util.GregorianCalendar[time=1521606409615,areFieldsSet=true,areAllFieldsSet=true,lenient=true,zone=sun.util.calendar.ZoneInfo[id="Etc/UTC",offset=0,dstSavings=0,useDaylight=false,transitions=0,lastRule=null],firstDayOfWeek=1,minimalDaysInFirstWeek=1,ERA=1,YEAR=2018,MONTH=2,WEEK_OF_YEAR=12,WEEK_OF_MONTH=4,DAY_OF_MONTH=21,DAY_OF_YEAR=80,DAY_OF_WEEK=4,DAY_OF_WEEK_IN_MONTH=3,AM_PM=0,HOUR=4,HOUR_OF_DAY=4,MINUTE=26,SECOND=49,MILLISECOND=615,ZONE_OFFSET=0,DST_OFFSET=0], message=null}
04:26:49.619 [main] DEBUG org.hibernate.SQL - insert into LogEntries (logCode, message, primaryUser, secondaryUser, time, id) values (?, ?, ?, ?, ?, ?)
Hibernate: insert into LogEntries (logCode, message, primaryUser, secondaryUser, time, id) values (?, ?, ?, ?, ?, ?)
04:26:49.620 [main] DEBUG o.h.e.j.internal.JdbcCoordinatorImpl - HHH000420: Closing un-released batch
04:26:49.620 [main] DEBUG o.h.e.t.internal.TransactionImpl - begin
04:26:49.621 [main] DEBUG org.hibernate.SQL - select next_val as id_val from hibernate_sequence for update
Hibernate: select next_val as id_val from hibernate_sequence for update
04:26:49.621 [main] DEBUG org.hibernate.SQL - update hibernate_sequence set next_val= ? where next_val=?
Hibernate: update hibernate_sequence set next_val= ? where next_val=?
04:26:49.622 [main] DEBUG o.h.e.i.AbstractSaveEventListener - Generated identifier: 288, using strategy: org.hibernate.id.enhanced.SequenceStyleGenerator
04:26:49.622 [main] DEBUG o.h.e.t.internal.TransactionImpl - committing
04:26:49.623 [main] DEBUG o.h.e.i.AbstractFlushingEventListener - Processing flush-time cascades
04:26:49.623 [main] DEBUG o.h.e.i.AbstractFlushingEventListener - Dirty checking collections
04:26:49.623 [main] DEBUG o.h.e.i.AbstractFlushingEventListener - Flushed: 1 insertions, 0 updates, 0 deletions to 1 objects
04:26:49.623 [main] DEBUG o.h.e.i.AbstractFlushingEventListener - Flushed: 0 (re)creations, 0 updates, 0 removals to 0 collections
04:26:49.623 [main] DEBUG o.h.internal.util.EntityPrinter - Listing entities:
04:26:49.623 [main] DEBUG o.h.internal.util.EntityPrinter - edu.ncsu.csc.itrust2.models.persistent.LogEntry{secondaryUser=null, logCode=5, primaryUser=logapitest, id=288, time=java.util.GregorianCalendar[time=1521606409620,areFieldsSet=true,areAllFieldsSet=true,lenient=true,zone=sun.util.calendar.ZoneInfo[id="Etc/UTC",offset=0,dstSavings=0,useDaylight=false,transitions=0,lastRule=null],firstDayOfWeek=1,minimalDaysInFirstWeek=1,ERA=1,YEAR=2018,MONTH=2,WEEK_OF_YEAR=12,WEEK_OF_MONTH=4,DAY_OF_MONTH=21,DAY_OF_YEAR=80,DAY_OF_WEEK=4,DAY_OF_WEEK_IN_MONTH=3,AM_PM=0,HOUR=4,HOUR_OF_DAY=4,MINUTE=26,SECOND=49,MILLISECOND=620,ZONE_OFFSET=0,DST_OFFSET=0], message=null}
04:26:49.623 [main] DEBUG org.hibernate.SQL - insert into LogEntries (logCode, message, primaryUser, secondaryUser, time, id) values (?, ?, ?, ?, ?, ?)
Hibernate: insert into LogEntries (logCode, message, primaryUser, secondaryUser, time, id) values (?, ?, ?, ?, ?, ?)
04:26:49.624 [main] DEBUG o.h.e.j.internal.JdbcCoordinatorImpl - HHH000420: Closing un-released batch
04:26:49.626 [main] DEBUG o.h.e.t.internal.TransactionImpl - begin
04:26:49.626 [main] DEBUG org.hibernate.SQL - select next_val as id_val from hibernate_sequence for update
Hibernate: select next_val as id_val from hibernate_sequence for update
04:26:49.627 [main] DEBUG org.hibernate.SQL - update hibernate_sequence set next_val= ? where next_val=?
Hibernate: update hibernate_sequence set next_val= ? where next_val=?
04:26:49.630 [main] DEBUG o.h.e.i.AbstractSaveEventListener - Generated identifier: 289, using strategy: org.hibernate.id.enhanced.SequenceStyleGenerator
04:26:49.630 [main] DEBUG o.h.e.t.internal.TransactionImpl - committing
04:26:49.630 [main] DEBUG o.h.e.i.AbstractFlushingEventListener - Processing flush-time cascades
04:26:49.630 [main] DEBUG o.h.e.i.AbstractFlushingEventListener - Dirty checking collections
04:26:49.630 [main] DEBUG o.h.e.i.AbstractFlushingEventListener - Flushed: 1 insertions, 0 updates, 0 deletions to 1 objects
04:26:49.630 [main] DEBUG o.h.e.i.AbstractFlushingEventListener - Flushed: 0 (re)creations, 0 updates, 0 removals to 0 collections
04:26:49.630 [main] DEBUG o.h.internal.util.EntityPrinter - Listing entities:
04:26:49.630 [main] DEBUG o.h.internal.util.EntityPrinter - edu.ncsu.csc.itrust2.models.persistent.LogEntry{secondaryUser=null, logCode=5, primaryUser=logapitest, id=289, time=java.util.GregorianCalendar[time=1521606409625,areFieldsSet=true,areAllFieldsSet=true,lenient=true,zone=sun.util.calendar.ZoneInfo[id="Etc/UTC",offset=0,dstSavings=0,useDaylight=false,transitions=0,lastRule=null],firstDayOfWeek=1,minimalDaysInFirstWeek=1,ERA=1,YEAR=2018,MONTH=2,WEEK_OF_YEAR=12,WEEK_OF_MONTH=4,DAY_OF_MONTH=21,DAY_OF_YEAR=80,DAY_OF_WEEK=4,DAY_OF_WEEK_IN_MONTH=3,AM_PM=0,HOUR=4,HOUR_OF_DAY=4,MINUTE=26,SECOND=49,MILLISECOND=625,ZONE_OFFSET=0,DST_OFFSET=0], message=null}
04:26:49.632 [main] DEBUG org.hibernate.SQL - insert into LogEntries (logCode, message, primaryUser, secondaryUser, time, id) values (?, ?, ?, ?, ?, ?)
Hibernate: insert into LogEntries (logCode, message, primaryUser, secondaryUser, time, id) values (?, ?, ?, ?, ?, ?)
04:26:49.633 [main] DEBUG o.h.e.j.internal.JdbcCoordinatorImpl - HHH000420: Closing un-released batch
04:26:49.634 [main] DEBUG o.h.e.t.internal.TransactionImpl - begin
04:26:49.634 [main] DEBUG org.hibernate.SQL - select next_val as id_val from hibernate_sequence for update
Hibernate: select next_val as id_val from hibernate_sequence for update
04:26:49.635 [main] DEBUG org.hibernate.SQL - update hibernate_sequence set next_val= ? where next_val=?
Hibernate: update hibernate_sequence set next_val= ? where next_val=?
04:26:49.636 [main] DEBUG o.h.e.i.AbstractSaveEventListener - Generated identifier: 290, using strategy: org.hibernate.id.enhanced.SequenceStyleGenerator
04:26:49.636 [main] DEBUG o.h.e.t.internal.TransactionImpl - committing
04:26:49.636 [main] DEBUG o.h.e.i.AbstractFlushingEventListener - Processing flush-time cascades
04:26:49.636 [main] DEBUG o.h.e.i.AbstractFlushingEventListener - Dirty checking collections
04:26:49.636 [main] DEBUG o.h.e.i.AbstractFlushingEventListener - Flushed: 1 insertions, 0 updates, 0 deletions to 1 objects
04:26:49.636 [main] DEBUG o.h.e.i.AbstractFlushingEventListener - Flushed: 0 (re)creations, 0 updates, 0 removals to 0 collections
04:26:49.636 [main] DEBUG o.h.internal.util.EntityPrinter - Listing entities:
04:26:49.636 [main] DEBUG o.h.internal.util.EntityPrinter - edu.ncsu.csc.itrust2.models.persistent.LogEntry{secondaryUser=null, logCode=5, primaryUser=logapitest, id=290, time=java.util.GregorianCalendar[time=1521606409634,areFieldsSet=true,areAllFieldsSet=true,lenient=true,zone=sun.util.calendar.ZoneInfo[id="Etc/UTC",offset=0,dstSavings=0,useDaylight=false,transitions=0,lastRule=null],firstDayOfWeek=1,minimalDaysInFirstWeek=1,ERA=1,YEAR=2018,MONTH=2,WEEK_OF_YEAR=12,WEEK_OF_MONTH=4,DAY_OF_MONTH=21,DAY_OF_YEAR=80,DAY_OF_WEEK=4,DAY_OF_WEEK_IN_MONTH=3,AM_PM=0,HOUR=4,HOUR_OF_DAY=4,MINUTE=26,SECOND=49,MILLISECOND=634,ZONE_OFFSET=0,DST_OFFSET=0], message=null}
04:26:49.637 [main] DEBUG org.hibernate.SQL - insert into LogEntries (logCode, message, primaryUser, secondaryUser, time, id) values (?, ?, ?, ?, ?, ?)
Hibernate: insert into LogEntries (logCode, message, primaryUser, secondaryUser, time, id) values (?, ?, ?, ?, ?, ?)
04:26:49.638 [main] DEBUG o.h.e.j.internal.JdbcCoordinatorImpl - HHH000420: Closing un-released batch
04:26:49.639 [main] DEBUG o.h.e.t.internal.TransactionImpl - begin
04:26:49.639 [main] DEBUG org.hibernate.SQL - select next_val as id_val from hibernate_sequence for update
Hibernate: select next_val as id_val from hibernate_sequence for update
04:26:49.640 [main] DEBUG org.hibernate.SQL - update hibernate_sequence set next_val= ? where next_val=?
Hibernate: update hibernate_sequence set next_val= ? where next_val=?
04:26:49.641 [main] DEBUG o.h.e.i.AbstractSaveEventListener - Generated identifier: 291, using strategy: org.hibernate.id.enhanced.SequenceStyleGenerator
04:26:49.641 [main] DEBUG o.h.e.t.internal.TransactionImpl - committing
04:26:49.641 [main] DEBUG o.h.e.i.AbstractFlushingEventListener - Processing flush-time cascades
04:26:49.641 [main] DEBUG o.h.e.i.AbstractFlushingEventListener - Dirty checking collections
04:26:49.641 [main] DEBUG o.h.e.i.AbstractFlushingEventListener - Flushed: 1 insertions, 0 updates, 0 deletions to 1 objects
04:26:49.641 [main] DEBUG o.h.e.i.AbstractFlushingEventListener - Flushed: 0 (re)creations, 0 updates, 0 removals to 0 collections
04:26:49.642 [main] DEBUG o.h.internal.util.EntityPrinter - Listing entities:
04:26:49.642 [main] DEBUG o.h.internal.util.EntityPrinter - edu.ncsu.csc.itrust2.models.persistent.LogEntry{secondaryUser=null, logCode=5, primaryUser=logapitest, id=291, time=java.util.GregorianCalendar[time=1521606409639,areFieldsSet=true,areAllFieldsSet=true,lenient=true,zone=sun.util.calendar.ZoneInfo[id="Etc/UTC",offset=0,dstSavings=0,useDaylight=false,transitions=0,lastRule=null],firstDayOfWeek=1,minimalDaysInFirstWeek=1,ERA=1,YEAR=2018,MONTH=2,WEEK_OF_YEAR=12,WEEK_OF_MONTH=4,DAY_OF_MONTH=21,DAY_OF_YEAR=80,DAY_OF_WEEK=4,DAY_OF_WEEK_IN_MONTH=3,AM_PM=0,HOUR=4,HOUR_OF_DAY=4,MINUTE=26,SECOND=49,MILLISECOND=639,ZONE_OFFSET=0,DST_OFFSET=0], message=null}
04:26:49.642 [main] DEBUG org.hibernate.SQL - insert into LogEntries (logCode, message, primaryUser, secondaryUser, time, id) values (?, ?, ?, ?, ?, ?)
Hibernate: insert into LogEntries (logCode, message, primaryUser, secondaryUser, time, id) values (?, ?, ?, ?, ?, ?)
04:26:49.643 [main] DEBUG o.h.e.j.internal.JdbcCoordinatorImpl - HHH000420: Closing un-released batch
04:26:49.644 [main] DEBUG o.h.e.t.internal.TransactionImpl - begin
04:26:49.644 [main] DEBUG org.hibernate.SQL - select next_val as id_val from hibernate_sequence for update
Hibernate: select next_val as id_val from hibernate_sequence for update
04:26:49.645 [main] DEBUG org.hibernate.SQL - update hibernate_sequence set next_val= ? where next_val=?
Hibernate: update hibernate_sequence set next_val= ? where next_val=?
04:26:49.646 [main] DEBUG o.h.e.i.AbstractSaveEventListener - Generated identifier: 292, using strategy: org.hibernate.id.enhanced.SequenceStyleGenerator
04:26:49.646 [main] DEBUG o.h.e.t.internal.TransactionImpl - committing
04:26:49.646 [main] DEBUG o.h.e.i.AbstractFlushingEventListener - Processing flush-time cascades
04:26:49.646 [main] DEBUG o.h.e.i.AbstractFlushingEventListener - Dirty checking collections
04:26:49.646 [main] DEBUG o.h.e.i.AbstractFlushingEventListener - Flushed: 1 insertions, 0 updates, 0 deletions to 1 objects
04:26:49.647 [main] DEBUG o.h.e.i.AbstractFlushingEventListener - Flushed: 0 (re)creations, 0 updates, 0 removals to 0 collections
04:26:49.647 [main] DEBUG o.h.internal.util.EntityPrinter - Listing entities:
04:26:49.647 [main] DEBUG o.h.internal.util.EntityPrinter - edu.ncsu.csc.itrust2.models.persistent.LogEntry{secondaryUser=null, logCode=5, primaryUser=logapitest, id=292, time=java.util.GregorianCalendar[time=1521606409644,areFieldsSet=true,areAllFieldsSet=true,lenient=true,zone=sun.util.calendar.ZoneInfo[id="Etc/UTC",offset=0,dstSavings=0,useDaylight=false,transitions=0,lastRule=null],firstDayOfWeek=1,minimalDaysInFirstWeek=1,ERA=1,YEAR=2018,MONTH=2,WEEK_OF_YEAR=12,WEEK_OF_MONTH=4,DAY_OF_MONTH=21,DAY_OF_YEAR=80,DAY_OF_WEEK=4,DAY_OF_WEEK_IN_MONTH=3,AM_PM=0,HOUR=4,HOUR_OF_DAY=4,MINUTE=26,SECOND=49,MILLISECOND=644,ZONE_OFFSET=0,DST_OFFSET=0], message=null}
04:26:49.647 [main] DEBUG org.hibernate.SQL - insert into LogEntries (logCode, message, primaryUser, secondaryUser, time, id) values (?, ?, ?, ?, ?, ?)
Hibernate: insert into LogEntries (logCode, message, primaryUser, secondaryUser, time, id) values (?, ?, ?, ?, ?, ?)
04:26:49.648 [main] DEBUG o.h.e.j.internal.JdbcCoordinatorImpl - HHH000420: Closing un-released batch
04:26:49.649 [main] DEBUG o.h.e.t.internal.TransactionImpl - begin
04:26:49.651 [main] DEBUG org.hibernate.SQL - select next_val as id_val from hibernate_sequence for update
Hibernate: select next_val as id_val from hibernate_sequence for update
04:26:49.651 [main] DEBUG org.hibernate.SQL - update hibernate_sequence set next_val= ? where next_val=?
Hibernate: update hibernate_sequence set next_val= ? where next_val=?
04:26:49.655 [main] DEBUG o.h.e.i.AbstractSaveEventListener - Generated identifier: 293, using strategy: org.hibernate.id.enhanced.SequenceStyleGenerator
04:26:49.656 [main] DEBUG o.h.e.t.internal.TransactionImpl - committing
04:26:49.656 [main] DEBUG o.h.e.i.AbstractFlushingEventListener - Processing flush-time cascades
04:26:49.656 [main] DEBUG o.h.e.i.AbstractFlushingEventListener - Dirty checking collections
04:26:49.656 [main] DEBUG o.h.e.i.AbstractFlushingEventListener - Flushed: 1 insertions, 0 updates, 0 deletions to 1 objects
04:26:49.657 [main] DEBUG o.h.e.i.AbstractFlushingEventListener - Flushed: 0 (re)creations, 0 updates, 0 removals to 0 collections
04:26:49.657 [main] DEBUG o.h.internal.util.EntityPrinter - Listing entities:
04:26:49.657 [main] DEBUG o.h.internal.util.EntityPrinter - edu.ncsu.csc.itrust2.models.persistent.LogEntry{secondaryUser=null, logCode=5, primaryUser=logapitest, id=293, time=java.util.GregorianCalendar[time=1521606409648,areFieldsSet=true,areAllFieldsSet=true,lenient=true,zone=sun.util.calendar.ZoneInfo[id="Etc/UTC",offset=0,dstSavings=0,useDaylight=false,transitions=0,lastRule=null],firstDayOfWeek=1,minimalDaysInFirstWeek=1,ERA=1,YEAR=2018,MONTH=2,WEEK_OF_YEAR=12,WEEK_OF_MONTH=4,DAY_OF_MONTH=21,DAY_OF_YEAR=80,DAY_OF_WEEK=4,DAY_OF_WEEK_IN_MONTH=3,AM_PM=0,HOUR=4,HOUR_OF_DAY=4,MINUTE=26,SECOND=49,MILLISECOND=648,ZONE_OFFSET=0,DST_OFFSET=0], message=null}
04:26:49.657 [main] DEBUG org.hibernate.SQL - insert into LogEntries (logCode, message, primaryUser, secondaryUser, time, id) values (?, ?, ?, ?, ?, ?)
Hibernate: insert into LogEntries (logCode, message, primaryUser, secondaryUser, time, id) values (?, ?, ?, ?, ?, ?)
04:26:49.659 [main] DEBUG o.h.e.j.internal.JdbcCoordinatorImpl - HHH000420: Closing un-released batch
04:26:49.659 [main] DEBUG o.h.e.t.internal.TransactionImpl - begin
04:26:49.660 [main] DEBUG org.hibernate.SQL - select next_val as id_val from hibernate_sequence for update
Hibernate: select next_val as id_val from hibernate_sequence for update
04:26:49.660 [main] DEBUG org.hibernate.SQL - update hibernate_sequence set next_val= ? where next_val=?
Hibernate: update hibernate_sequence set next_val= ? where next_val=?
04:26:49.661 [main] DEBUG o.h.e.i.AbstractSaveEventListener - Generated identifier: 294, using strategy: org.hibernate.id.enhanced.SequenceStyleGenerator
04:26:49.661 [main] DEBUG o.h.e.t.internal.TransactionImpl - committing
04:26:49.661 [main] DEBUG o.h.e.i.AbstractFlushingEventListener - Processing flush-time cascades
04:26:49.661 [main] DEBUG o.h.e.i.AbstractFlushingEventListener - Dirty checking collections
04:26:49.661 [main] DEBUG o.h.e.i.AbstractFlushingEventListener - Flushed: 1 insertions, 0 updates, 0 deletions to 1 objects
04:26:49.662 [main] DEBUG o.h.e.i.AbstractFlushingEventListener - Flushed: 0 (re)creations, 0 updates, 0 removals to 0 collections
04:26:49.662 [main] DEBUG o.h.internal.util.EntityPrinter - Listing entities:
04:26:49.662 [main] DEBUG o.h.internal.util.EntityPrinter - edu.ncsu.csc.itrust2.models.persistent.LogEntry{secondaryUser=null, logCode=5, primaryUser=logapitest, id=294, time=java.util.GregorianCalendar[time=1521606409659,areFieldsSet=true,areAllFieldsSet=true,lenient=true,zone=sun.util.calendar.ZoneInfo[id="Etc/UTC",offset=0,dstSavings=0,useDaylight=false,transitions=0,lastRule=null],firstDayOfWeek=1,minimalDaysInFirstWeek=1,ERA=1,YEAR=2018,MONTH=2,WEEK_OF_YEAR=12,WEEK_OF_MONTH=4,DAY_OF_MONTH=21,DAY_OF_YEAR=80,DAY_OF_WEEK=4,DAY_OF_WEEK_IN_MONTH=3,AM_PM=0,HOUR=4,HOUR_OF_DAY=4,MINUTE=26,SECOND=49,MILLISECOND=659,ZONE_OFFSET=0,DST_OFFSET=0], message=null}
04:26:49.662 [main] DEBUG org.hibernate.SQL - insert into LogEntries (logCode, message, primaryUser, secondaryUser, time, id) values (?, ?, ?, ?, ?, ?)
Hibernate: insert into LogEntries (logCode, message, primaryUser, secondaryUser, time, id) values (?, ?, ?, ?, ?, ?)
04:26:49.663 [main] DEBUG o.h.e.j.internal.JdbcCoordinatorImpl - HHH000420: Closing un-released batch
04:26:49.664 [main] DEBUG o.h.e.t.internal.TransactionImpl - begin
04:26:49.664 [main] DEBUG org.hibernate.SQL - select next_val as id_val from hibernate_sequence for update
Hibernate: select next_val as id_val from hibernate_sequence for update
04:26:49.665 [main] DEBUG org.hibernate.SQL - update hibernate_sequence set next_val= ? where next_val=?
Hibernate: update hibernate_sequence set next_val= ? where next_val=?
04:26:49.667 [main] DEBUG o.h.e.i.AbstractSaveEventListener - Generated identifier: 295, using strategy: org.hibernate.id.enhanced.SequenceStyleGenerator
04:26:49.667 [main] DEBUG o.h.e.t.internal.TransactionImpl - committing
04:26:49.667 [main] DEBUG o.h.e.i.AbstractFlushingEventListener - Processing flush-time cascades
04:26:49.667 [main] DEBUG o.h.e.i.AbstractFlushingEventListener - Dirty checking collections
04:26:49.667 [main] DEBUG o.h.e.i.AbstractFlushingEventListener - Flushed: 1 insertions, 0 updates, 0 deletions to 1 objects
04:26:49.667 [main] DEBUG o.h.e.i.AbstractFlushingEventListener - Flushed: 0 (re)creations, 0 updates, 0 removals to 0 collections
04:26:49.667 [main] DEBUG o.h.internal.util.EntityPrinter - Listing entities:
04:26:49.667 [main] DEBUG o.h.internal.util.EntityPrinter - edu.ncsu.csc.itrust2.models.persistent.LogEntry{secondaryUser=null, logCode=5, primaryUser=logapitest, id=295, time=java.util.GregorianCalendar[time=1521606409664,areFieldsSet=true,areAllFieldsSet=true,lenient=true,zone=sun.util.calendar.ZoneInfo[id="Etc/UTC",offset=0,dstSavings=0,useDaylight=false,transitions=0,lastRule=null],firstDayOfWeek=1,minimalDaysInFirstWeek=1,ERA=1,YEAR=2018,MONTH=2,WEEK_OF_YEAR=12,WEEK_OF_MONTH=4,DAY_OF_MONTH=21,DAY_OF_YEAR=80,DAY_OF_WEEK=4,DAY_OF_WEEK_IN_MONTH=3,AM_PM=0,HOUR=4,HOUR_OF_DAY=4,MINUTE=26,SECOND=49,MILLISECOND=664,ZONE_OFFSET=0,DST_OFFSET=0], message=null}
04:26:49.668 [main] DEBUG org.hibernate.SQL - insert into LogEntries (logCode, message, primaryUser, secondaryUser, time, id) values (?, ?, ?, ?, ?, ?)
Hibernate: insert into LogEntries (logCode, message, primaryUser, secondaryUser, time, id) values (?, ?, ?, ?, ?, ?)
04:26:49.669 [main] DEBUG o.h.e.j.internal.JdbcCoordinatorImpl - HHH000420: Closing un-released batch
04:26:49.669 [main] DEBUG o.h.e.t.internal.TransactionImpl - begin
04:26:49.670 [main] DEBUG org.hibernate.SQL - select next_val as id_val from hibernate_sequence for update
Hibernate: select next_val as id_val from hibernate_sequence for update
04:26:49.670 [main] DEBUG org.hibernate.SQL - update hibernate_sequence set next_val= ? where next_val=?
Hibernate: update hibernate_sequence set next_val= ? where next_val=?
04:26:49.671 [main] DEBUG o.h.e.i.AbstractSaveEventListener - Generated identifier: 296, using strategy: org.hibernate.id.enhanced.SequenceStyleGenerator
04:26:49.671 [main] DEBUG o.h.e.t.internal.TransactionImpl - committing
04:26:49.671 [main] DEBUG o.h.e.i.AbstractFlushingEventListener - Processing flush-time cascades
04:26:49.671 [main] DEBUG o.h.e.i.AbstractFlushingEventListener - Dirty checking collections
04:26:49.672 [main] DEBUG o.h.e.i.AbstractFlushingEventListener - Flushed: 1 insertions, 0 updates, 0 deletions to 1 objects
04:26:49.672 [main] DEBUG o.h.e.i.AbstractFlushingEventListener - Flushed: 0 (re)creations, 0 updates, 0 removals to 0 collections
04:26:49.672 [main] DEBUG o.h.internal.util.EntityPrinter - Listing entities:
04:26:49.672 [main] DEBUG o.h.internal.util.EntityPrinter - edu.ncsu.csc.itrust2.models.persistent.LogEntry{secondaryUser=null, logCode=5, primaryUser=logapitest, id=296, time=java.util.GregorianCalendar[time=1521606409669,areFieldsSet=true,areAllFieldsSet=true,lenient=true,zone=sun.util.calendar.ZoneInfo[id="Etc/UTC",offset=0,dstSavings=0,useDaylight=false,transitions=0,lastRule=null],firstDayOfWeek=1,minimalDaysInFirstWeek=1,ERA=1,YEAR=2018,MONTH=2,WEEK_OF_YEAR=12,WEEK_OF_MONTH=4,DAY_OF_MONTH=21,DAY_OF_YEAR=80,DAY_OF_WEEK=4,DAY_OF_WEEK_IN_MONTH=3,AM_PM=0,HOUR=4,HOUR_OF_DAY=4,MINUTE=26,SECOND=49,MILLISECOND=669,ZONE_OFFSET=0,DST_OFFSET=0], message=null}
04:26:49.672 [main] DEBUG org.hibernate.SQL - insert into LogEntries (logCode, message, primaryUser, secondaryUser, time, id) values (?, ?, ?, ?, ?, ?)
Hibernate: insert into LogEntries (logCode, message, primaryUser, secondaryUser, time, id) values (?, ?, ?, ?, ?, ?)
04:26:49.674 [main] DEBUG o.h.e.j.internal.JdbcCoordinatorImpl - HHH000420: Closing un-released batch
04:26:49.674 [main] DEBUG o.h.e.t.internal.TransactionImpl - begin
04:26:49.675 [main] DEBUG org.hibernate.SQL - select next_val as id_val from hibernate_sequence for update
Hibernate: select next_val as id_val from hibernate_sequence for update
04:26:49.675 [main] DEBUG org.hibernate.SQL - update hibernate_sequence set next_val= ? where next_val=?
Hibernate: update hibernate_sequence set next_val= ? where next_val=?
04:26:49.676 [main] DEBUG o.h.e.i.AbstractSaveEventListener - Generated identifier: 297, using strategy: org.hibernate.id.enhanced.SequenceStyleGenerator
04:26:49.677 [main] DEBUG o.h.e.t.internal.TransactionImpl - committing
04:26:49.677 [main] DEBUG o.h.e.i.AbstractFlushingEventListener - Processing flush-time cascades
04:26:49.677 [main] DEBUG o.h.e.i.AbstractFlushingEventListener - Dirty checking collections
04:26:49.677 [main] DEBUG o.h.e.i.AbstractFlushingEventListener - Flushed: 1 insertions, 0 updates, 0 deletions to 1 objects
04:26:49.677 [main] DEBUG o.h.e.i.AbstractFlushingEventListener - Flushed: 0 (re)creations, 0 updates, 0 removals to 0 collections
04:26:49.677 [main] DEBUG o.h.internal.util.EntityPrinter - Listing entities:
04:26:49.678 [main] DEBUG o.h.internal.util.EntityPrinter - edu.ncsu.csc.itrust2.models.persistent.LogEntry{secondaryUser=null, logCode=5, primaryUser=logapitest, id=297, time=java.util.GregorianCalendar[time=1521606409674,areFieldsSet=true,areAllFieldsSet=true,lenient=true,zone=sun.util.calendar.ZoneInfo[id="Etc/UTC",offset=0,dstSavings=0,useDaylight=false,transitions=0,lastRule=null],firstDayOfWeek=1,minimalDaysInFirstWeek=1,ERA=1,YEAR=2018,MONTH=2,WEEK_OF_YEAR=12,WEEK_OF_MONTH=4,DAY_OF_MONTH=21,DAY_OF_YEAR=80,DAY_OF_WEEK=4,DAY_OF_WEEK_IN_MONTH=3,AM_PM=0,HOUR=4,HOUR_OF_DAY=4,MINUTE=26,SECOND=49,MILLISECOND=674,ZONE_OFFSET=0,DST_OFFSET=0], message=null}
04:26:49.678 [main] DEBUG org.hibernate.SQL - insert into LogEntries (logCode, message, primaryUser, secondaryUser, time, id) values (?, ?, ?, ?, ?, ?)
Hibernate: insert into LogEntries (logCode, message, primaryUser, secondaryUser, time, id) values (?, ?, ?, ?, ?, ?)
04:26:49.680 [main] DEBUG o.h.e.j.internal.JdbcCoordinatorImpl - HHH000420: Closing un-released batch
04:26:49.681 [main] DEBUG o.h.e.t.internal.TransactionImpl - begin
04:26:49.682 [main] DEBUG org.hibernate.SQL - select next_val as id_val from hibernate_sequence for update
Hibernate: select next_val as id_val from hibernate_sequence for update
04:26:49.682 [main] DEBUG org.hibernate.SQL - update hibernate_sequence set next_val= ? where next_val=?
Hibernate: update hibernate_sequence set next_val= ? where next_val=?
04:26:49.683 [main] DEBUG o.h.e.i.AbstractSaveEventListener - Generated identifier: 298, using strategy: org.hibernate.id.enhanced.SequenceStyleGenerator
04:26:49.683 [main] DEBUG o.h.e.t.internal.TransactionImpl - committing
04:26:49.683 [main] DEBUG o.h.e.i.AbstractFlushingEventListener - Processing flush-time cascades
04:26:49.684 [main] DEBUG o.h.e.i.AbstractFlushingEventListener - Dirty checking collections
04:26:49.684 [main] DEBUG o.h.e.i.AbstractFlushingEventListener - Flushed: 1 insertions, 0 updates, 0 deletions to 1 objects
04:26:49.684 [main] DEBUG o.h.e.i.AbstractFlushingEventListener - Flushed: 0 (re)creations, 0 updates, 0 removals to 0 collections
04:26:49.684 [main] DEBUG o.h.internal.util.EntityPrinter - Listing entities:
04:26:49.684 [main] DEBUG o.h.internal.util.EntityPrinter - edu.ncsu.csc.itrust2.models.persistent.LogEntry{secondaryUser=null, logCode=5, primaryUser=logapitest, id=298, time=java.util.GregorianCalendar[time=1521606409681,areFieldsSet=true,areAllFieldsSet=true,lenient=true,zone=sun.util.calendar.ZoneInfo[id="Etc/UTC",offset=0,dstSavings=0,useDaylight=false,transitions=0,lastRule=null],firstDayOfWeek=1,minimalDaysInFirstWeek=1,ERA=1,YEAR=2018,MONTH=2,WEEK_OF_YEAR=12,WEEK_OF_MONTH=4,DAY_OF_MONTH=21,DAY_OF_YEAR=80,DAY_OF_WEEK=4,DAY_OF_WEEK_IN_MONTH=3,AM_PM=0,HOUR=4,HOUR_OF_DAY=4,MINUTE=26,SECOND=49,MILLISECOND=681,ZONE_OFFSET=0,DST_OFFSET=0], message=null}
04:26:49.684 [main] DEBUG org.hibernate.SQL - insert into LogEntries (logCode, message, primaryUser, secondaryUser, time, id) values (?, ?, ?, ?, ?, ?)
Hibernate: insert into LogEntries (logCode, message, primaryUser, secondaryUser, time, id) values (?, ?, ?, ?, ?, ?)
04:26:49.686 [main] DEBUG o.h.e.j.internal.JdbcCoordinatorImpl - HHH000420: Closing un-released batch
04:26:49.686 [main] DEBUG o.h.e.t.internal.TransactionImpl - begin
04:26:49.687 [main] DEBUG org.hibernate.SQL - select next_val as id_val from hibernate_sequence for update
Hibernate: select next_val as id_val from hibernate_sequence for update
04:26:49.687 [main] DEBUG org.hibernate.SQL - update hibernate_sequence set next_val= ? where next_val=?
Hibernate: update hibernate_sequence set next_val= ? where next_val=?
04:26:49.695 [main] DEBUG o.h.e.i.AbstractSaveEventListener - Generated identifier: 299, using strategy: org.hibernate.id.enhanced.SequenceStyleGenerator
04:26:49.696 [main] DEBUG o.h.e.t.internal.TransactionImpl - committing
04:26:49.696 [main] DEBUG o.h.e.i.AbstractFlushingEventListener - Processing flush-time cascades
04:26:49.696 [main] DEBUG o.h.e.i.AbstractFlushingEventListener - Dirty checking collections
04:26:49.696 [main] DEBUG o.h.e.i.AbstractFlushingEventListener - Flushed: 1 insertions, 0 updates, 0 deletions to 1 objects
04:26:49.696 [main] DEBUG o.h.e.i.AbstractFlushingEventListener - Flushed: 0 (re)creations, 0 updates, 0 removals to 0 collections
04:26:49.696 [main] DEBUG o.h.internal.util.EntityPrinter - Listing entities:
04:26:49.696 [main] DEBUG o.h.internal.util.EntityPrinter - edu.ncsu.csc.itrust2.models.persistent.LogEntry{secondaryUser=null, logCode=5, primaryUser=logapitest, id=299, time=java.util.GregorianCalendar[time=1521606409686,areFieldsSet=true,areAllFieldsSet=true,lenient=true,zone=sun.util.calendar.ZoneInfo[id="Etc/UTC",offset=0,dstSavings=0,useDaylight=false,transitions=0,lastRule=null],firstDayOfWeek=1,minimalDaysInFirstWeek=1,ERA=1,YEAR=2018,MONTH=2,WEEK_OF_YEAR=12,WEEK_OF_MONTH=4,DAY_OF_MONTH=21,DAY_OF_YEAR=80,DAY_OF_WEEK=4,DAY_OF_WEEK_IN_MONTH=3,AM_PM=0,HOUR=4,HOUR_OF_DAY=4,MINUTE=26,SECOND=49,MILLISECOND=686,ZONE_OFFSET=0,DST_OFFSET=0], message=null}
04:26:49.698 [main] DEBUG org.hibernate.SQL - insert into LogEntries (logCode, message, primaryUser, secondaryUser, time, id) values (?, ?, ?, ?, ?, ?)
Hibernate: insert into LogEntries (logCode, message, primaryUser, secondaryUser, time, id) values (?, ?, ?, ?, ?, ?)
04:26:49.700 [main] DEBUG o.h.e.j.internal.JdbcCoordinatorImpl - HHH000420: Closing un-released batch
04:26:49.700 [main] DEBUG o.h.e.t.internal.TransactionImpl - begin
04:26:49.700 [main] DEBUG org.hibernate.SQL - select next_val as id_val from hibernate_sequence for update
Hibernate: select next_val as id_val from hibernate_sequence for update
04:26:49.701 [main] DEBUG org.hibernate.SQL - update hibernate_sequence set next_val= ? where next_val=?
Hibernate: update hibernate_sequence set next_val= ? where next_val=?
04:26:49.702 [main] DEBUG o.h.e.i.AbstractSaveEventListener - Generated identifier: 300, using strategy: org.hibernate.id.enhanced.SequenceStyleGenerator
04:26:49.703 [main] DEBUG o.h.e.t.internal.TransactionImpl - committing
04:26:49.703 [main] DEBUG o.h.e.i.AbstractFlushingEventListener - Processing flush-time cascades
04:26:49.703 [main] DEBUG o.h.e.i.AbstractFlushingEventListener - Dirty checking collections
04:26:49.703 [main] DEBUG o.h.e.i.AbstractFlushingEventListener - Flushed: 1 insertions, 0 updates, 0 deletions to 1 objects
04:26:49.703 [main] DEBUG o.h.e.i.AbstractFlushingEventListener - Flushed: 0 (re)creations, 0 updates, 0 removals to 0 collections
04:26:49.703 [main] DEBUG o.h.internal.util.EntityPrinter - Listing entities:
04:26:49.703 [main] DEBUG o.h.internal.util.EntityPrinter - edu.ncsu.csc.itrust2.models.persistent.LogEntry{secondaryUser=null, logCode=5, primaryUser=logapitest, id=300, time=java.util.GregorianCalendar[time=1521606409700,areFieldsSet=true,areAllFieldsSet=true,lenient=true,zone=sun.util.calendar.ZoneInfo[id="Etc/UTC",offset=0,dstSavings=0,useDaylight=false,transitions=0,lastRule=null],firstDayOfWeek=1,minimalDaysInFirstWeek=1,ERA=1,YEAR=2018,MONTH=2,WEEK_OF_YEAR=12,WEEK_OF_MONTH=4,DAY_OF_MONTH=21,DAY_OF_YEAR=80,DAY_OF_WEEK=4,DAY_OF_WEEK_IN_MONTH=3,AM_PM=0,HOUR=4,HOUR_OF_DAY=4,MINUTE=26,SECOND=49,MILLISECOND=700,ZONE_OFFSET=0,DST_OFFSET=0], message=null}
04:26:49.704 [main] DEBUG org.hibernate.SQL - insert into LogEntries (logCode, message, primaryUser, secondaryUser, time, id) values (?, ?, ?, ?, ?, ?)
Hibernate: insert into LogEntries (logCode, message, primaryUser, secondaryUser, time, id) values (?, ?, ?, ?, ?, ?)
04:26:49.715 [main] DEBUG o.h.e.j.internal.JdbcCoordinatorImpl - HHH000420: Closing un-released batch
04:26:49.715 [main] DEBUG o.h.e.t.internal.TransactionImpl - begin
04:26:49.716 [main] DEBUG org.hibernate.SQL - select next_val as id_val from hibernate_sequence for update
Hibernate: select next_val as id_val from hibernate_sequence for update
04:26:49.716 [main] DEBUG org.hibernate.SQL - update hibernate_sequence set next_val= ? where next_val=?
Hibernate: update hibernate_sequence set next_val= ? where next_val=?
04:26:49.717 [main] DEBUG o.h.e.i.AbstractSaveEventListener - Generated identifier: 301, using strategy: org.hibernate.id.enhanced.SequenceStyleGenerator
04:26:49.717 [main] DEBUG o.h.e.t.internal.TransactionImpl - committing
04:26:49.717 [main] DEBUG o.h.e.i.AbstractFlushingEventListener - Processing flush-time cascades
04:26:49.717 [main] DEBUG o.h.e.i.AbstractFlushingEventListener - Dirty checking collections
04:26:49.718 [main] DEBUG o.h.e.i.AbstractFlushingEventListener - Flushed: 1 insertions, 0 updates, 0 deletions to 1 objects
04:26:49.718 [main] DEBUG o.h.e.i.AbstractFlushingEventListener - Flushed: 0 (re)creations, 0 updates, 0 removals to 0 collections
04:26:49.718 [main] DEBUG o.h.internal.util.EntityPrinter - Listing entities:
04:26:49.718 [main] DEBUG o.h.internal.util.EntityPrinter - edu.ncsu.csc.itrust2.models.persistent.LogEntry{secondaryUser=null, logCode=5, primaryUser=logapitest, id=301, time=java.util.GregorianCalendar[time=1521606409715,areFieldsSet=true,areAllFieldsSet=true,lenient=true,zone=sun.util.calendar.ZoneInfo[id="Etc/UTC",offset=0,dstSavings=0,useDaylight=false,transitions=0,lastRule=null],firstDayOfWeek=1,minimalDaysInFirstWeek=1,ERA=1,YEAR=2018,MONTH=2,WEEK_OF_YEAR=12,WEEK_OF_MONTH=4,DAY_OF_MONTH=21,DAY_OF_YEAR=80,DAY_OF_WEEK=4,DAY_OF_WEEK_IN_MONTH=3,AM_PM=0,HOUR=4,HOUR_OF_DAY=4,MINUTE=26,SECOND=49,MILLISECOND=715,ZONE_OFFSET=0,DST_OFFSET=0], message=null}
04:26:49.718 [main] DEBUG org.hibernate.SQL - insert into LogEntries (logCode, message, primaryUser, secondaryUser, time, id) values (?, ?, ?, ?, ?, ?)
Hibernate: insert into LogEntries (logCode, message, primaryUser, secondaryUser, time, id) values (?, ?, ?, ?, ?, ?)
04:26:49.720 [main] DEBUG o.h.e.j.internal.JdbcCoordinatorImpl - HHH000420: Closing un-released batch
04:26:49.720 [main] DEBUG o.h.e.t.internal.TransactionImpl - begin
04:26:49.721 [main] DEBUG org.hibernate.SQL - select next_val as id_val from hibernate_sequence for update
Hibernate: select next_val as id_val from hibernate_sequence for update
04:26:49.721 [main] DEBUG org.hibernate.SQL - update hibernate_sequence set next_val= ? where next_val=?
Hibernate: update hibernate_sequence set next_val= ? where next_val=?
04:26:49.722 [main] DEBUG o.h.e.i.AbstractSaveEventListener - Generated identifier: 302, using strategy: org.hibernate.id.enhanced.SequenceStyleGenerator
04:26:49.723 [main] DEBUG o.h.e.t.internal.TransactionImpl - committing
04:26:49.723 [main] DEBUG o.h.e.i.AbstractFlushingEventListener - Processing flush-time cascades
04:26:49.723 [main] DEBUG o.h.e.i.AbstractFlushingEventListener - Dirty checking collections
04:26:49.723 [main] DEBUG o.h.e.i.AbstractFlushingEventListener - Flushed: 1 insertions, 0 updates, 0 deletions to 1 objects
04:26:49.723 [main] DEBUG o.h.e.i.AbstractFlushingEventListener - Flushed: 0 (re)creations, 0 updates, 0 removals to 0 collections
04:26:49.723 [main] DEBUG o.h.internal.util.EntityPrinter - Listing entities:
04:26:49.723 [main] DEBUG o.h.internal.util.EntityPrinter - edu.ncsu.csc.itrust2.models.persistent.LogEntry{secondaryUser=null, logCode=5, primaryUser=logapitest, id=302, time=java.util.GregorianCalendar[time=1521606409720,areFieldsSet=true,areAllFieldsSet=true,lenient=true,zone=sun.util.calendar.ZoneInfo[id="Etc/UTC",offset=0,dstSavings=0,useDaylight=false,transitions=0,lastRule=null],firstDayOfWeek=1,minimalDaysInFirstWeek=1,ERA=1,YEAR=2018,MONTH=2,WEEK_OF_YEAR=12,WEEK_OF_MONTH=4,DAY_OF_MONTH=21,DAY_OF_YEAR=80,DAY_OF_WEEK=4,DAY_OF_WEEK_IN_MONTH=3,AM_PM=0,HOUR=4,HOUR_OF_DAY=4,MINUTE=26,SECOND=49,MILLISECOND=720,ZONE_OFFSET=0,DST_OFFSET=0], message=null}
04:26:49.724 [main] DEBUG org.hibernate.SQL - insert into LogEntries (logCode, message, primaryUser, secondaryUser, time, id) values (?, ?, ?, ?, ?, ?)
Hibernate: insert into LogEntries (logCode, message, primaryUser, secondaryUser, time, id) values (?, ?, ?, ?, ?, ?)
04:26:49.725 [main] DEBUG o.h.e.j.internal.JdbcCoordinatorImpl - HHH000420: Closing un-released batch
04:26:49.725 [main] DEBUG o.h.e.t.internal.TransactionImpl - begin
04:26:49.725 [main] DEBUG org.hibernate.SQL - select next_val as id_val from hibernate_sequence for update
Hibernate: select next_val as id_val from hibernate_sequence for update
04:26:49.726 [main] DEBUG org.hibernate.SQL - update hibernate_sequence set next_val= ? where next_val=?
Hibernate: update hibernate_sequence set next_val= ? where next_val=?
04:26:49.727 [main] DEBUG o.h.e.i.AbstractSaveEventListener - Generated identifier: 303, using strategy: org.hibernate.id.enhanced.SequenceStyleGenerator
04:26:49.727 [main] DEBUG o.h.e.t.internal.TransactionImpl - committing
04:26:49.727 [main] DEBUG o.h.e.i.AbstractFlushingEventListener - Processing flush-time cascades
04:26:49.727 [main] DEBUG o.h.e.i.AbstractFlushingEventListener - Dirty checking collections
04:26:49.727 [main] DEBUG o.h.e.i.AbstractFlushingEventListener - Flushed: 1 insertions, 0 updates, 0 deletions to 1 objects
04:26:49.728 [main] DEBUG o.h.e.i.AbstractFlushingEventListener - Flushed: 0 (re)creations, 0 updates, 0 removals to 0 collections
04:26:49.728 [main] DEBUG o.h.internal.util.EntityPrinter - Listing entities:
04:26:49.728 [main] DEBUG o.h.internal.util.EntityPrinter - edu.ncsu.csc.itrust2.models.persistent.LogEntry{secondaryUser=null, logCode=5, primaryUser=logapitest, id=303, time=java.util.GregorianCalendar[time=1521606409725,areFieldsSet=true,areAllFieldsSet=true,lenient=true,zone=sun.util.calendar.ZoneInfo[id="Etc/UTC",offset=0,dstSavings=0,useDaylight=false,transitions=0,lastRule=null],firstDayOfWeek=1,minimalDaysInFirstWeek=1,ERA=1,YEAR=2018,MONTH=2,WEEK_OF_YEAR=12,WEEK_OF_MONTH=4,DAY_OF_MONTH=21,DAY_OF_YEAR=80,DAY_OF_WEEK=4,DAY_OF_WEEK_IN_MONTH=3,AM_PM=0,HOUR=4,HOUR_OF_DAY=4,MINUTE=26,SECOND=49,MILLISECOND=725,ZONE_OFFSET=0,DST_OFFSET=0], message=null}
04:26:49.728 [main] DEBUG org.hibernate.SQL - insert into LogEntries (logCode, message, primaryUser, secondaryUser, time, id) values (?, ?, ?, ?, ?, ?)
Hibernate: insert into LogEntries (logCode, message, primaryUser, secondaryUser, time, id) values (?, ?, ?, ?, ?, ?)
04:26:49.730 [main] DEBUG o.h.e.j.internal.JdbcCoordinatorImpl - HHH000420: Closing un-released batch
04:26:49.730 [main] DEBUG o.h.e.t.internal.TransactionImpl - begin
04:26:49.731 [main] DEBUG org.hibernate.SQL - select next_val as id_val from hibernate_sequence for update
Hibernate: select next_val as id_val from hibernate_sequence for update
04:26:49.731 [main] DEBUG org.hibernate.SQL - update hibernate_sequence set next_val= ? where next_val=?
Hibernate: update hibernate_sequence set next_val= ? where next_val=?
04:26:49.732 [main] DEBUG o.h.e.i.AbstractSaveEventListener - Generated identifier: 304, using strategy: org.hibernate.id.enhanced.SequenceStyleGenerator
04:26:49.732 [main] DEBUG o.h.e.t.internal.TransactionImpl - committing
04:26:49.732 [main] DEBUG o.h.e.i.AbstractFlushingEventListener - Processing flush-time cascades
04:26:49.732 [main] DEBUG o.h.e.i.AbstractFlushingEventListener - Dirty checking collections
04:26:49.733 [main] DEBUG o.h.e.i.AbstractFlushingEventListener - Flushed: 1 insertions, 0 updates, 0 deletions to 1 objects
04:26:49.733 [main] DEBUG o.h.e.i.AbstractFlushingEventListener - Flushed: 0 (re)creations, 0 updates, 0 removals to 0 collections
04:26:49.733 [main] DEBUG o.h.internal.util.EntityPrinter - Listing entities:
04:26:49.733 [main] DEBUG o.h.internal.util.EntityPrinter - edu.ncsu.csc.itrust2.models.persistent.LogEntry{secondaryUser=null, logCode=5, primaryUser=logapitest, id=304, time=java.util.GregorianCalendar[time=1521606409730,areFieldsSet=true,areAllFieldsSet=true,lenient=true,zone=sun.util.calendar.ZoneInfo[id="Etc/UTC",offset=0,dstSavings=0,useDaylight=false,transitions=0,lastRule=null],firstDayOfWeek=1,minimalDaysInFirstWeek=1,ERA=1,YEAR=2018,MONTH=2,WEEK_OF_YEAR=12,WEEK_OF_MONTH=4,DAY_OF_MONTH=21,DAY_OF_YEAR=80,DAY_OF_WEEK=4,DAY_OF_WEEK_IN_MONTH=3,AM_PM=0,HOUR=4,HOUR_OF_DAY=4,MINUTE=26,SECOND=49,MILLISECOND=730,ZONE_OFFSET=0,DST_OFFSET=0], message=null}
04:26:49.733 [main] DEBUG org.hibernate.SQL - insert into LogEntries (logCode, message, primaryUser, secondaryUser, time, id) values (?, ?, ?, ?, ?, ?)
Hibernate: insert into LogEntries (logCode, message, primaryUser, secondaryUser, time, id) values (?, ?, ?, ?, ?, ?)
04:26:49.735 [main] DEBUG o.h.e.j.internal.JdbcCoordinatorImpl - HHH000420: Closing un-released batch
04:26:49.735 [main] DEBUG o.h.e.t.internal.TransactionImpl - begin
04:26:49.736 [main] DEBUG org.hibernate.SQL - select next_val as id_val from hibernate_sequence for update
Hibernate: select next_val as id_val from hibernate_sequence for update
04:26:49.736 [main] DEBUG org.hibernate.SQL - update hibernate_sequence set next_val= ? where next_val=?
Hibernate: update hibernate_sequence set next_val= ? where next_val=?
04:26:49.737 [main] DEBUG o.h.e.i.AbstractSaveEventListener - Generated identifier: 305, using strategy: org.hibernate.id.enhanced.SequenceStyleGenerator
04:26:49.737 [main] DEBUG o.h.e.t.internal.TransactionImpl - committing
04:26:49.737 [main] DEBUG o.h.e.i.AbstractFlushingEventListener - Processing flush-time cascades
04:26:49.737 [main] DEBUG o.h.e.i.AbstractFlushingEventListener - Dirty checking collections
04:26:49.738 [main] DEBUG o.h.e.i.AbstractFlushingEventListener - Flushed: 1 insertions, 0 updates, 0 deletions to 1 objects
04:26:49.738 [main] DEBUG o.h.e.i.AbstractFlushingEventListener - Flushed: 0 (re)creations, 0 updates, 0 removals to 0 collections
04:26:49.738 [main] DEBUG o.h.internal.util.EntityPrinter - Listing entities:
04:26:49.738 [main] DEBUG o.h.internal.util.EntityPrinter - edu.ncsu.csc.itrust2.models.persistent.LogEntry{secondaryUser=null, logCode=5, primaryUser=logapitest, id=305, time=java.util.GregorianCalendar[time=1521606409735,areFieldsSet=true,areAllFieldsSet=true,lenient=true,zone=sun.util.calendar.ZoneInfo[id="Etc/UTC",offset=0,dstSavings=0,useDaylight=false,transitions=0,lastRule=null],firstDayOfWeek=1,minimalDaysInFirstWeek=1,ERA=1,YEAR=2018,MONTH=2,WEEK_OF_YEAR=12,WEEK_OF_MONTH=4,DAY_OF_MONTH=21,DAY_OF_YEAR=80,DAY_OF_WEEK=4,DAY_OF_WEEK_IN_MONTH=3,AM_PM=0,HOUR=4,HOUR_OF_DAY=4,MINUTE=26,SECOND=49,MILLISECOND=735,ZONE_OFFSET=0,DST_OFFSET=0], message=null}
04:26:49.738 [main] DEBUG org.hibernate.SQL - insert into LogEntries (logCode, message, primaryUser, secondaryUser, time, id) values (?, ?, ?, ?, ?, ?)
Hibernate: insert into LogEntries (logCode, message, primaryUser, secondaryUser, time, id) values (?, ?, ?, ?, ?, ?)
04:26:49.740 [main] DEBUG o.h.e.j.internal.JdbcCoordinatorImpl - HHH000420: Closing un-released batch
04:26:49.740 [main] DEBUG o.h.e.t.internal.TransactionImpl - begin
04:26:49.741 [main] DEBUG org.hibernate.SQL - select next_val as id_val from hibernate_sequence for update
Hibernate: select next_val as id_val from hibernate_sequence for update
04:26:49.741 [main] DEBUG org.hibernate.SQL - update hibernate_sequence set next_val= ? where next_val=?
Hibernate: update hibernate_sequence set next_val= ? where next_val=?
04:26:49.742 [main] DEBUG o.h.e.i.AbstractSaveEventListener - Generated identifier: 306, using strategy: org.hibernate.id.enhanced.SequenceStyleGenerator
04:26:49.742 [main] DEBUG o.h.e.t.internal.TransactionImpl - committing
04:26:49.743 [main] DEBUG o.h.e.i.AbstractFlushingEventListener - Processing flush-time cascades
04:26:49.743 [main] DEBUG o.h.e.i.AbstractFlushingEventListener - Dirty checking collections
04:26:49.743 [main] DEBUG o.h.e.i.AbstractFlushingEventListener - Flushed: 1 insertions, 0 updates, 0 deletions to 1 objects
04:26:49.743 [main] DEBUG o.h.e.i.AbstractFlushingEventListener - Flushed: 0 (re)creations, 0 updates, 0 removals to 0 collections
04:26:49.743 [main] DEBUG o.h.internal.util.EntityPrinter - Listing entities:
04:26:49.743 [main] DEBUG o.h.internal.util.EntityPrinter - edu.ncsu.csc.itrust2.models.persistent.LogEntry{secondaryUser=null, logCode=5, primaryUser=logapitest, id=306, time=java.util.GregorianCalendar[time=1521606409740,areFieldsSet=true,areAllFieldsSet=true,lenient=true,zone=sun.util.calendar.ZoneInfo[id="Etc/UTC",offset=0,dstSavings=0,useDaylight=false,transitions=0,lastRule=null],firstDayOfWeek=1,minimalDaysInFirstWeek=1,ERA=1,YEAR=2018,MONTH=2,WEEK_OF_YEAR=12,WEEK_OF_MONTH=4,DAY_OF_MONTH=21,DAY_OF_YEAR=80,DAY_OF_WEEK=4,DAY_OF_WEEK_IN_MONTH=3,AM_PM=0,HOUR=4,HOUR_OF_DAY=4,MINUTE=26,SECOND=49,MILLISECOND=740,ZONE_OFFSET=0,DST_OFFSET=0], message=null}
04:26:49.743 [main] DEBUG org.hibernate.SQL - insert into LogEntries (logCode, message, primaryUser, secondaryUser, time, id) values (?, ?, ?, ?, ?, ?)
Hibernate: insert into LogEntries (logCode, message, primaryUser, secondaryUser, time, id) values (?, ?, ?, ?, ?, ?)
04:26:49.745 [main] DEBUG o.h.e.j.internal.JdbcCoordinatorImpl - HHH000420: Closing un-released batch
04:26:49.745 [main] DEBUG o.h.e.t.internal.TransactionImpl - begin
04:26:49.745 [main] DEBUG org.hibernate.SQL - select next_val as id_val from hibernate_sequence for update
Hibernate: select next_val as id_val from hibernate_sequence for update
04:26:49.746 [main] DEBUG org.hibernate.SQL - update hibernate_sequence set next_val= ? where next_val=?
Hibernate: update hibernate_sequence set next_val= ? where next_val=?
04:26:49.747 [main] DEBUG o.h.e.i.AbstractSaveEventListener - Generated identifier: 307, using strategy: org.hibernate.id.enhanced.SequenceStyleGenerator
04:26:49.747 [main] DEBUG o.h.e.t.internal.TransactionImpl - committing
04:26:49.747 [main] DEBUG o.h.e.i.AbstractFlushingEventListener - Processing flush-time cascades
04:26:49.747 [main] DEBUG o.h.e.i.AbstractFlushingEventListener - Dirty checking collections
04:26:49.747 [main] DEBUG o.h.e.i.AbstractFlushingEventListener - Flushed: 1 insertions, 0 updates, 0 deletions to 1 objects
04:26:49.747 [main] DEBUG o.h.e.i.AbstractFlushingEventListener - Flushed: 0 (re)creations, 0 updates, 0 removals to 0 collections
04:26:49.748 [main] DEBUG o.h.internal.util.EntityPrinter - Listing entities:
04:26:49.748 [main] DEBUG o.h.internal.util.EntityPrinter - edu.ncsu.csc.itrust2.models.persistent.LogEntry{secondaryUser=null, logCode=5, primaryUser=logapitest, id=307, time=java.util.GregorianCalendar[time=1521606409745,areFieldsSet=true,areAllFieldsSet=true,lenient=true,zone=sun.util.calendar.ZoneInfo[id="Etc/UTC",offset=0,dstSavings=0,useDaylight=false,transitions=0,lastRule=null],firstDayOfWeek=1,minimalDaysInFirstWeek=1,ERA=1,YEAR=2018,MONTH=2,WEEK_OF_YEAR=12,WEEK_OF_MONTH=4,DAY_OF_MONTH=21,DAY_OF_YEAR=80,DAY_OF_WEEK=4,DAY_OF_WEEK_IN_MONTH=3,AM_PM=0,HOUR=4,HOUR_OF_DAY=4,MINUTE=26,SECOND=49,MILLISECOND=745,ZONE_OFFSET=0,DST_OFFSET=0], message=null}
04:26:49.748 [main] DEBUG org.hibernate.SQL - insert into LogEntries (logCode, message, primaryUser, secondaryUser, time, id) values (?, ?, ?, ?, ?, ?)
Hibernate: insert into LogEntries (logCode, message, primaryUser, secondaryUser, time, id) values (?, ?, ?, ?, ?, ?)
04:26:49.750 [main] DEBUG o.h.e.j.internal.JdbcCoordinatorImpl - HHH000420: Closing un-released batch
04:26:49.750 [main] DEBUG o.h.e.t.internal.TransactionImpl - begin
04:26:49.750 [main] DEBUG org.hibernate.SQL - select next_val as id_val from hibernate_sequence for update
Hibernate: select next_val as id_val from hibernate_sequence for update
04:26:49.751 [main] DEBUG org.hibernate.SQL - update hibernate_sequence set next_val= ? where next_val=?
Hibernate: update hibernate_sequence set next_val= ? where next_val=?
04:26:49.752 [main] DEBUG o.h.e.i.AbstractSaveEventListener - Generated identifier: 308, using strategy: org.hibernate.id.enhanced.SequenceStyleGenerator
04:26:49.752 [main] DEBUG o.h.e.t.internal.TransactionImpl - committing
04:26:49.752 [main] DEBUG o.h.e.i.AbstractFlushingEventListener - Processing flush-time cascades
04:26:49.752 [main] DEBUG o.h.e.i.AbstractFlushingEventListener - Dirty checking collections
04:26:49.752 [main] DEBUG o.h.e.i.AbstractFlushingEventListener - Flushed: 1 insertions, 0 updates, 0 deletions to 1 objects
04:26:49.752 [main] DEBUG o.h.e.i.AbstractFlushingEventListener - Flushed: 0 (re)creations, 0 updates, 0 removals to 0 collections
04:26:49.752 [main] DEBUG o.h.internal.util.EntityPrinter - Listing entities:
04:26:49.752 [main] DEBUG o.h.internal.util.EntityPrinter - edu.ncsu.csc.itrust2.models.persistent.LogEntry{secondaryUser=null, logCode=5, primaryUser=logapitest, id=308, time=java.util.GregorianCalendar[time=1521606409750,areFieldsSet=true,areAllFieldsSet=true,lenient=true,zone=sun.util.calendar.ZoneInfo[id="Etc/UTC",offset=0,dstSavings=0,useDaylight=false,transitions=0,lastRule=null],firstDayOfWeek=1,minimalDaysInFirstWeek=1,ERA=1,YEAR=2018,MONTH=2,WEEK_OF_YEAR=12,WEEK_OF_MONTH=4,DAY_OF_MONTH=21,DAY_OF_YEAR=80,DAY_OF_WEEK=4,DAY_OF_WEEK_IN_MONTH=3,AM_PM=0,HOUR=4,HOUR_OF_DAY=4,MINUTE=26,SECOND=49,MILLISECOND=750,ZONE_OFFSET=0,DST_OFFSET=0], message=null}
04:26:49.753 [main] DEBUG org.hibernate.SQL - insert into LogEntries (logCode, message, primaryUser, secondaryUser, time, id) values (?, ?, ?, ?, ?, ?)
Hibernate: insert into LogEntries (logCode, message, primaryUser, secondaryUser, time, id) values (?, ?, ?, ?, ?, ?)
04:26:49.755 [main] DEBUG o.h.e.j.internal.JdbcCoordinatorImpl - HHH000420: Closing un-released batch
04:26:49.756 [main] DEBUG o.h.e.t.internal.TransactionImpl - begin
04:26:49.756 [main] DEBUG org.hibernate.SQL - select next_val as id_val from hibernate_sequence for update
Hibernate: select next_val as id_val from hibernate_sequence for update
04:26:49.757 [main] DEBUG org.hibernate.SQL - update hibernate_sequence set next_val= ? where next_val=?
Hibernate: update hibernate_sequence set next_val= ? where next_val=?
04:26:49.758 [main] DEBUG o.h.e.i.AbstractSaveEventListener - Generated identifier: 309, using strategy: org.hibernate.id.enhanced.SequenceStyleGenerator
04:26:49.758 [main] DEBUG o.h.e.t.internal.TransactionImpl - committing
04:26:49.758 [main] DEBUG o.h.e.i.AbstractFlushingEventListener - Processing flush-time cascades
04:26:49.758 [main] DEBUG o.h.e.i.AbstractFlushingEventListener - Dirty checking collections
04:26:49.758 [main] DEBUG o.h.e.i.AbstractFlushingEventListener - Flushed: 1 insertions, 0 updates, 0 deletions to 1 objects
04:26:49.759 [main] DEBUG o.h.e.i.AbstractFlushingEventListener - Flushed: 0 (re)creations, 0 updates, 0 removals to 0 collections
04:26:49.759 [main] DEBUG o.h.internal.util.EntityPrinter - Listing entities:
04:26:49.759 [main] DEBUG o.h.internal.util.EntityPrinter - edu.ncsu.csc.itrust2.models.persistent.LogEntry{secondaryUser=null, logCode=5, primaryUser=logapitest, id=309, time=java.util.GregorianCalendar[time=1521606409755,areFieldsSet=true,areAllFieldsSet=true,lenient=true,zone=sun.util.calendar.ZoneInfo[id="Etc/UTC",offset=0,dstSavings=0,useDaylight=false,transitions=0,lastRule=null],firstDayOfWeek=1,minimalDaysInFirstWeek=1,ERA=1,YEAR=2018,MONTH=2,WEEK_OF_YEAR=12,WEEK_OF_MONTH=4,DAY_OF_MONTH=21,DAY_OF_YEAR=80,DAY_OF_WEEK=4,DAY_OF_WEEK_IN_MONTH=3,AM_PM=0,HOUR=4,HOUR_OF_DAY=4,MINUTE=26,SECOND=49,MILLISECOND=755,ZONE_OFFSET=0,DST_OFFSET=0], message=null}
04:26:49.759 [main] DEBUG org.hibernate.SQL - insert into LogEntries (logCode, message, primaryUser, secondaryUser, time, id) values (?, ?, ?, ?, ?, ?)
Hibernate: insert into LogEntries (logCode, message, primaryUser, secondaryUser, time, id) values (?, ?, ?, ?, ?, ?)
04:26:49.761 [main] DEBUG o.h.e.j.internal.JdbcCoordinatorImpl - HHH000420: Closing un-released batch
04:26:49.761 [main] DEBUG o.h.e.t.internal.TransactionImpl - begin
04:26:49.762 [main] DEBUG org.hibernate.SQL - select next_val as id_val from hibernate_sequence for update
Hibernate: select next_val as id_val from hibernate_sequence for update
04:26:49.762 [main] DEBUG org.hibernate.SQL - update hibernate_sequence set next_val= ? where next_val=?
Hibernate: update hibernate_sequence set next_val= ? where next_val=?
04:26:49.763 [main] DEBUG o.h.e.i.AbstractSaveEventListener - Generated identifier: 310, using strategy: org.hibernate.id.enhanced.SequenceStyleGenerator
04:26:49.764 [main] DEBUG o.h.e.t.internal.TransactionImpl - committing
04:26:49.764 [main] DEBUG o.h.e.i.AbstractFlushingEventListener - Processing flush-time cascades
04:26:49.764 [main] DEBUG o.h.e.i.AbstractFlushingEventListener - Dirty checking collections
04:26:49.764 [main] DEBUG o.h.e.i.AbstractFlushingEventListener - Flushed: 1 insertions, 0 updates, 0 deletions to 1 objects
04:26:49.764 [main] DEBUG o.h.e.i.AbstractFlushingEventListener - Flushed: 0 (re)creations, 0 updates, 0 removals to 0 collections
04:26:49.764 [main] DEBUG o.h.internal.util.EntityPrinter - Listing entities:
04:26:49.764 [main] DEBUG o.h.internal.util.EntityPrinter - edu.ncsu.csc.itrust2.models.persistent.LogEntry{secondaryUser=null, logCode=5, primaryUser=logapitest, id=310, time=java.util.GregorianCalendar[time=1521606409761,areFieldsSet=true,areAllFieldsSet=true,lenient=true,zone=sun.util.calendar.ZoneInfo[id="Etc/UTC",offset=0,dstSavings=0,useDaylight=false,transitions=0,lastRule=null],firstDayOfWeek=1,minimalDaysInFirstWeek=1,ERA=1,YEAR=2018,MONTH=2,WEEK_OF_YEAR=12,WEEK_OF_MONTH=4,DAY_OF_MONTH=21,DAY_OF_YEAR=80,DAY_OF_WEEK=4,DAY_OF_WEEK_IN_MONTH=3,AM_PM=0,HOUR=4,HOUR_OF_DAY=4,MINUTE=26,SECOND=49,MILLISECOND=761,ZONE_OFFSET=0,DST_OFFSET=0], message=null}
04:26:49.765 [main] DEBUG org.hibernate.SQL - insert into LogEntries (logCode, message, primaryUser, secondaryUser, time, id) values (?, ?, ?, ?, ?, ?)
Hibernate: insert into LogEntries (logCode, message, primaryUser, secondaryUser, time, id) values (?, ?, ?, ?, ?, ?)
04:26:49.767 [main] DEBUG o.h.e.j.internal.JdbcCoordinatorImpl - HHH000420: Closing un-released batch
04:26:49.767 [main] DEBUG o.h.e.t.internal.TransactionImpl - begin
04:26:49.767 [main] DEBUG org.hibernate.SQL - select next_val as id_val from hibernate_sequence for update
Hibernate: select next_val as id_val from hibernate_sequence for update
04:26:49.768 [main] DEBUG org.hibernate.SQL - update hibernate_sequence set next_val= ? where next_val=?
Hibernate: update hibernate_sequence set next_val= ? where next_val=?
04:26:49.769 [main] DEBUG o.h.e.i.AbstractSaveEventListener - Generated identifier: 311, using strategy: org.hibernate.id.enhanced.SequenceStyleGenerator
04:26:49.769 [main] DEBUG o.h.e.t.internal.TransactionImpl - committing
04:26:49.769 [main] DEBUG o.h.e.i.AbstractFlushingEventListener - Processing flush-time cascades
04:26:49.769 [main] DEBUG o.h.e.i.AbstractFlushingEventListener - Dirty checking collections
04:26:49.769 [main] DEBUG o.h.e.i.AbstractFlushingEventListener - Flushed: 1 insertions, 0 updates, 0 deletions to 1 objects
04:26:49.769 [main] DEBUG o.h.e.i.AbstractFlushingEventListener - Flushed: 0 (re)creations, 0 updates, 0 removals to 0 collections
04:26:49.769 [main] DEBUG o.h.internal.util.EntityPrinter - Listing entities:
04:26:49.770 [main] DEBUG o.h.internal.util.EntityPrinter - edu.ncsu.csc.itrust2.models.persistent.LogEntry{secondaryUser=null, logCode=5, primaryUser=logapitest, id=311, time=java.util.GregorianCalendar[time=1521606409767,areFieldsSet=true,areAllFieldsSet=true,lenient=true,zone=sun.util.calendar.ZoneInfo[id="Etc/UTC",offset=0,dstSavings=0,useDaylight=false,transitions=0,lastRule=null],firstDayOfWeek=1,minimalDaysInFirstWeek=1,ERA=1,YEAR=2018,MONTH=2,WEEK_OF_YEAR=12,WEEK_OF_MONTH=4,DAY_OF_MONTH=21,DAY_OF_YEAR=80,DAY_OF_WEEK=4,DAY_OF_WEEK_IN_MONTH=3,AM_PM=0,HOUR=4,HOUR_OF_DAY=4,MINUTE=26,SECOND=49,MILLISECOND=767,ZONE_OFFSET=0,DST_OFFSET=0], message=null}
04:26:49.770 [main] DEBUG org.hibernate.SQL - insert into LogEntries (logCode, message, primaryUser, secondaryUser, time, id) values (?, ?, ?, ?, ?, ?)
Hibernate: insert into LogEntries (logCode, message, primaryUser, secondaryUser, time, id) values (?, ?, ?, ?, ?, ?)
04:26:49.772 [main] DEBUG o.h.e.j.internal.JdbcCoordinatorImpl - HHH000420: Closing un-released batch
04:26:49.772 [main] DEBUG o.h.e.t.internal.TransactionImpl - begin
04:26:49.772 [main] DEBUG org.hibernate.SQL - select next_val as id_val from hibernate_sequence for update
Hibernate: select next_val as id_val from hibernate_sequence for update
04:26:49.773 [main] DEBUG org.hibernate.SQL - update hibernate_sequence set next_val= ? where next_val=?
Hibernate: update hibernate_sequence set next_val= ? where next_val=?
04:26:49.774 [main] DEBUG o.h.e.i.AbstractSaveEventListener - Generated identifier: 312, using strategy: org.hibernate.id.enhanced.SequenceStyleGenerator
04:26:49.774 [main] DEBUG o.h.e.t.internal.TransactionImpl - committing
04:26:49.774 [main] DEBUG o.h.e.i.AbstractFlushingEventListener - Processing flush-time cascades
04:26:49.774 [main] DEBUG o.h.e.i.AbstractFlushingEventListener - Dirty checking collections
04:26:49.775 [main] DEBUG o.h.e.i.AbstractFlushingEventListener - Flushed: 1 insertions, 0 updates, 0 deletions to 1 objects
04:26:49.775 [main] DEBUG o.h.e.i.AbstractFlushingEventListener - Flushed: 0 (re)creations, 0 updates, 0 removals to 0 collections
04:26:49.775 [main] DEBUG o.h.internal.util.EntityPrinter - Listing entities:
04:26:49.775 [main] DEBUG o.h.internal.util.EntityPrinter - edu.ncsu.csc.itrust2.models.persistent.LogEntry{secondaryUser=null, logCode=5, primaryUser=logapitest, id=312, time=java.util.GregorianCalendar[time=1521606409772,areFieldsSet=true,areAllFieldsSet=true,lenient=true,zone=sun.util.calendar.ZoneInfo[id="Etc/UTC",offset=0,dstSavings=0,useDaylight=false,transitions=0,lastRule=null],firstDayOfWeek=1,minimalDaysInFirstWeek=1,ERA=1,YEAR=2018,MONTH=2,WEEK_OF_YEAR=12,WEEK_OF_MONTH=4,DAY_OF_MONTH=21,DAY_OF_YEAR=80,DAY_OF_WEEK=4,DAY_OF_WEEK_IN_MONTH=3,AM_PM=0,HOUR=4,HOUR_OF_DAY=4,MINUTE=26,SECOND=49,MILLISECOND=772,ZONE_OFFSET=0,DST_OFFSET=0], message=null}
04:26:49.775 [main] DEBUG org.hibernate.SQL - insert into LogEntries (logCode, message, primaryUser, secondaryUser, time, id) values (?, ?, ?, ?, ?, ?)
Hibernate: insert into LogEntries (logCode, message, primaryUser, secondaryUser, time, id) values (?, ?, ?, ?, ?, ?)
04:26:49.776 [main] DEBUG o.h.e.j.internal.JdbcCoordinatorImpl - HHH000420: Closing un-released batch
04:26:49.776 [main] DEBUG o.h.e.t.internal.TransactionImpl - begin
04:26:49.777 [main] DEBUG org.hibernate.SQL - select next_val as id_val from hibernate_sequence for update
Hibernate: select next_val as id_val from hibernate_sequence for update
04:26:49.777 [main] DEBUG org.hibernate.SQL - update hibernate_sequence set next_val= ? where next_val=?
Hibernate: update hibernate_sequence set next_val= ? where next_val=?
04:26:49.778 [main] DEBUG o.h.e.i.AbstractSaveEventListener - Generated identifier: 313, using strategy: org.hibernate.id.enhanced.SequenceStyleGenerator
04:26:49.779 [main] DEBUG o.h.e.t.internal.TransactionImpl - committing
04:26:49.779 [main] DEBUG o.h.e.i.AbstractFlushingEventListener - Processing flush-time cascades
04:26:49.779 [main] DEBUG o.h.e.i.AbstractFlushingEventListener - Dirty checking collections
04:26:49.779 [main] DEBUG o.h.e.i.AbstractFlushingEventListener - Flushed: 1 insertions, 0 updates, 0 deletions to 1 objects
04:26:49.779 [main] DEBUG o.h.e.i.AbstractFlushingEventListener - Flushed: 0 (re)creations, 0 updates, 0 removals to 0 collections
04:26:49.779 [main] DEBUG o.h.internal.util.EntityPrinter - Listing entities:
04:26:49.779 [main] DEBUG o.h.internal.util.EntityPrinter - edu.ncsu.csc.itrust2.models.persistent.LogEntry{secondaryUser=null, logCode=5, primaryUser=logapitest, id=313, time=java.util.GregorianCalendar[time=1521606409776,areFieldsSet=true,areAllFieldsSet=true,lenient=true,zone=sun.util.calendar.ZoneInfo[id="Etc/UTC",offset=0,dstSavings=0,useDaylight=false,transitions=0,lastRule=null],firstDayOfWeek=1,minimalDaysInFirstWeek=1,ERA=1,YEAR=2018,MONTH=2,WEEK_OF_YEAR=12,WEEK_OF_MONTH=4,DAY_OF_MONTH=21,DAY_OF_YEAR=80,DAY_OF_WEEK=4,DAY_OF_WEEK_IN_MONTH=3,AM_PM=0,HOUR=4,HOUR_OF_DAY=4,MINUTE=26,SECOND=49,MILLISECOND=776,ZONE_OFFSET=0,DST_OFFSET=0], message=null}
04:26:49.780 [main] DEBUG org.hibernate.SQL - insert into LogEntries (logCode, message, primaryUser, secondaryUser, time, id) values (?, ?, ?, ?, ?, ?)
Hibernate: insert into LogEntries (logCode, message, primaryUser, secondaryUser, time, id) values (?, ?, ?, ?, ?, ?)
04:26:49.782 [main] DEBUG o.h.e.j.internal.JdbcCoordinatorImpl - HHH000420: Closing un-released batch
04:26:49.782 [main] DEBUG o.h.e.t.internal.TransactionImpl - begin
04:26:49.783 [main] DEBUG org.hibernate.SQL - select next_val as id_val from hibernate_sequence for update
Hibernate: select next_val as id_val from hibernate_sequence for update
04:26:49.783 [main] DEBUG org.hibernate.SQL - update hibernate_sequence set next_val= ? where next_val=?
Hibernate: update hibernate_sequence set next_val= ? where next_val=?
04:26:49.784 [main] DEBUG o.h.e.i.AbstractSaveEventListener - Generated identifier: 314, using strategy: org.hibernate.id.enhanced.SequenceStyleGenerator
04:26:49.784 [main] DEBUG o.h.e.t.internal.TransactionImpl - committing
04:26:49.784 [main] DEBUG o.h.e.i.AbstractFlushingEventListener - Processing flush-time cascades
04:26:49.784 [main] DEBUG o.h.e.i.AbstractFlushingEventListener - Dirty checking collections
04:26:49.785 [main] DEBUG o.h.e.i.AbstractFlushingEventListener - Flushed: 1 insertions, 0 updates, 0 deletions to 1 objects
04:26:49.785 [main] DEBUG o.h.e.i.AbstractFlushingEventListener - Flushed: 0 (re)creations, 0 updates, 0 removals to 0 collections
04:26:49.785 [main] DEBUG o.h.internal.util.EntityPrinter - Listing entities:
04:26:49.785 [main] DEBUG o.h.internal.util.EntityPrinter - edu.ncsu.csc.itrust2.models.persistent.LogEntry{secondaryUser=null, logCode=5, primaryUser=logapitest, id=314, time=java.util.GregorianCalendar[time=1521606409782,areFieldsSet=true,areAllFieldsSet=true,lenient=true,zone=sun.util.calendar.ZoneInfo[id="Etc/UTC",offset=0,dstSavings=0,useDaylight=false,transitions=0,lastRule=null],firstDayOfWeek=1,minimalDaysInFirstWeek=1,ERA=1,YEAR=2018,MONTH=2,WEEK_OF_YEAR=12,WEEK_OF_MONTH=4,DAY_OF_MONTH=21,DAY_OF_YEAR=80,DAY_OF_WEEK=4,DAY_OF_WEEK_IN_MONTH=3,AM_PM=0,HOUR=4,HOUR_OF_DAY=4,MINUTE=26,SECOND=49,MILLISECOND=782,ZONE_OFFSET=0,DST_OFFSET=0], message=null}
04:26:49.785 [main] DEBUG org.hibernate.SQL - insert into LogEntries (logCode, message, primaryUser, secondaryUser, time, id) values (?, ?, ?, ?, ?, ?)
Hibernate: insert into LogEntries (logCode, message, primaryUser, secondaryUser, time, id) values (?, ?, ?, ?, ?, ?)
04:26:49.786 [main] DEBUG o.h.e.j.internal.JdbcCoordinatorImpl - HHH000420: Closing un-released batch
04:26:49.787 [main] DEBUG o.h.e.t.internal.TransactionImpl - begin
04:26:49.787 [main] DEBUG org.hibernate.SQL - select next_val as id_val from hibernate_sequence for update
Hibernate: select next_val as id_val from hibernate_sequence for update
04:26:49.788 [main] DEBUG org.hibernate.SQL - update hibernate_sequence set next_val= ? where next_val=?
Hibernate: update hibernate_sequence set next_val= ? where next_val=?
04:26:49.788 [main] DEBUG o.h.e.i.AbstractSaveEventListener - Generated identifier: 315, using strategy: org.hibernate.id.enhanced.SequenceStyleGenerator
04:26:49.789 [main] DEBUG o.h.e.t.internal.TransactionImpl - committing
04:26:49.789 [main] DEBUG o.h.e.i.AbstractFlushingEventListener - Processing flush-time cascades
04:26:49.789 [main] DEBUG o.h.e.i.AbstractFlushingEventListener - Dirty checking collections
04:26:49.789 [main] DEBUG o.h.e.i.AbstractFlushingEventListener - Flushed: 1 insertions, 0 updates, 0 deletions to 1 objects
04:26:49.789 [main] DEBUG o.h.e.i.AbstractFlushingEventListener - Flushed: 0 (re)creations, 0 updates, 0 removals to 0 collections
04:26:49.789 [main] DEBUG o.h.internal.util.EntityPrinter - Listing entities:
04:26:49.789 [main] DEBUG o.h.internal.util.EntityPrinter - edu.ncsu.csc.itrust2.models.persistent.LogEntry{secondaryUser=null, logCode=5, primaryUser=logapitest, id=315, time=java.util.GregorianCalendar[time=1521606409787,areFieldsSet=true,areAllFieldsSet=true,lenient=true,zone=sun.util.calendar.ZoneInfo[id="Etc/UTC",offset=0,dstSavings=0,useDaylight=false,transitions=0,lastRule=null],firstDayOfWeek=1,minimalDaysInFirstWeek=1,ERA=1,YEAR=2018,MONTH=2,WEEK_OF_YEAR=12,WEEK_OF_MONTH=4,DAY_OF_MONTH=21,DAY_OF_YEAR=80,DAY_OF_WEEK=4,DAY_OF_WEEK_IN_MONTH=3,AM_PM=0,HOUR=4,HOUR_OF_DAY=4,MINUTE=26,SECOND=49,MILLISECOND=787,ZONE_OFFSET=0,DST_OFFSET=0], message=null}
04:26:49.789 [main] DEBUG org.hibernate.SQL - insert into LogEntries (logCode, message, primaryUser, secondaryUser, time, id) values (?, ?, ?, ?, ?, ?)
Hibernate: insert into LogEntries (logCode, message, primaryUser, secondaryUser, time, id) values (?, ?, ?, ?, ?, ?)
04:26:49.791 [main] DEBUG o.h.e.j.internal.JdbcCoordinatorImpl - HHH000420: Closing un-released batch
04:26:49.791 [main] DEBUG o.h.e.t.internal.TransactionImpl - begin
04:26:49.792 [main] DEBUG org.hibernate.SQL - select next_val as id_val from hibernate_sequence for update
Hibernate: select next_val as id_val from hibernate_sequence for update
04:26:49.792 [main] DEBUG org.hibernate.SQL - update hibernate_sequence set next_val= ? where next_val=?
Hibernate: update hibernate_sequence set next_val= ? where next_val=?
04:26:49.793 [main] DEBUG o.h.e.i.AbstractSaveEventListener - Generated identifier: 316, using strategy: org.hibernate.id.enhanced.SequenceStyleGenerator
04:26:49.793 [main] DEBUG o.h.e.t.internal.TransactionImpl - committing
04:26:49.793 [main] DEBUG o.h.e.i.AbstractFlushingEventListener - Processing flush-time cascades
04:26:49.793 [main] DEBUG o.h.e.i.AbstractFlushingEventListener - Dirty checking collections
04:26:49.794 [main] DEBUG o.h.e.i.AbstractFlushingEventListener - Flushed: 1 insertions, 0 updates, 0 deletions to 1 objects
04:26:49.794 [main] DEBUG o.h.e.i.AbstractFlushingEventListener - Flushed: 0 (re)creations, 0 updates, 0 removals to 0 collections
04:26:49.794 [main] DEBUG o.h.internal.util.EntityPrinter - Listing entities:
04:26:49.794 [main] DEBUG o.h.internal.util.EntityPrinter - edu.ncsu.csc.itrust2.models.persistent.LogEntry{secondaryUser=null, logCode=5, primaryUser=logapitest, id=316, time=java.util.GregorianCalendar[time=1521606409791,areFieldsSet=true,areAllFieldsSet=true,lenient=true,zone=sun.util.calendar.ZoneInfo[id="Etc/UTC",offset=0,dstSavings=0,useDaylight=false,transitions=0,lastRule=null],firstDayOfWeek=1,minimalDaysInFirstWeek=1,ERA=1,YEAR=2018,MONTH=2,WEEK_OF_YEAR=12,WEEK_OF_MONTH=4,DAY_OF_MONTH=21,DAY_OF_YEAR=80,DAY_OF_WEEK=4,DAY_OF_WEEK_IN_MONTH=3,AM_PM=0,HOUR=4,HOUR_OF_DAY=4,MINUTE=26,SECOND=49,MILLISECOND=791,ZONE_OFFSET=0,DST_OFFSET=0], message=null}
04:26:49.795 [main] DEBUG org.hibernate.SQL - insert into LogEntries (logCode, message, primaryUser, secondaryUser, time, id) values (?, ?, ?, ?, ?, ?)
Hibernate: insert into LogEntries (logCode, message, primaryUser, secondaryUser, time, id) values (?, ?, ?, ?, ?, ?)
04:26:49.796 [main] DEBUG o.h.e.j.internal.JdbcCoordinatorImpl - HHH000420: Closing un-released batch
04:26:49.797 [main] DEBUG o.h.e.t.internal.TransactionImpl - begin
04:26:49.797 [main] DEBUG org.hibernate.SQL - select next_val as id_val from hibernate_sequence for update
Hibernate: select next_val as id_val from hibernate_sequence for update
04:26:49.798 [main] DEBUG org.hibernate.SQL - update hibernate_sequence set next_val= ? where next_val=?
Hibernate: update hibernate_sequence set next_val= ? where next_val=?
04:26:49.799 [main] DEBUG o.h.e.i.AbstractSaveEventListener - Generated identifier: 317, using strategy: org.hibernate.id.enhanced.SequenceStyleGenerator
04:26:49.799 [main] DEBUG o.h.e.t.internal.TransactionImpl - committing
04:26:49.799 [main] DEBUG o.h.e.i.AbstractFlushingEventListener - Processing flush-time cascades
04:26:49.799 [main] DEBUG o.h.e.i.AbstractFlushingEventListener - Dirty checking collections
04:26:49.799 [main] DEBUG o.h.e.i.AbstractFlushingEventListener - Flushed: 1 insertions, 0 updates, 0 deletions to 1 objects
04:26:49.799 [main] DEBUG o.h.e.i.AbstractFlushingEventListener - Flushed: 0 (re)creations, 0 updates, 0 removals to 0 collections
04:26:49.799 [main] DEBUG o.h.internal.util.EntityPrinter - Listing entities:
04:26:49.799 [main] DEBUG o.h.internal.util.EntityPrinter - edu.ncsu.csc.itrust2.models.persistent.LogEntry{secondaryUser=null, logCode=5, primaryUser=logapitest, id=317, time=java.util.GregorianCalendar[time=1521606409797,areFieldsSet=true,areAllFieldsSet=true,lenient=true,zone=sun.util.calendar.ZoneInfo[id="Etc/UTC",offset=0,dstSavings=0,useDaylight=false,transitions=0,lastRule=null],firstDayOfWeek=1,minimalDaysInFirstWeek=1,ERA=1,YEAR=2018,MONTH=2,WEEK_OF_YEAR=12,WEEK_OF_MONTH=4,DAY_OF_MONTH=21,DAY_OF_YEAR=80,DAY_OF_WEEK=4,DAY_OF_WEEK_IN_MONTH=3,AM_PM=0,HOUR=4,HOUR_OF_DAY=4,MINUTE=26,SECOND=49,MILLISECOND=797,ZONE_OFFSET=0,DST_OFFSET=0], message=null}
04:26:49.800 [main] DEBUG org.hibernate.SQL - insert into LogEntries (logCode, message, primaryUser, secondaryUser, time, id) values (?, ?, ?, ?, ?, ?)
Hibernate: insert into LogEntries (logCode, message, primaryUser, secondaryUser, time, id) values (?, ?, ?, ?, ?, ?)
04:26:49.801 [main] DEBUG o.h.e.j.internal.JdbcCoordinatorImpl - HHH000420: Closing un-released batch
04:26:49.802 [main] DEBUG o.h.e.t.internal.TransactionImpl - begin
04:26:49.802 [main] DEBUG org.hibernate.SQL - select next_val as id_val from hibernate_sequence for update
Hibernate: select next_val as id_val from hibernate_sequence for update
04:26:49.803 [main] DEBUG org.hibernate.SQL - update hibernate_sequence set next_val= ? where next_val=?
Hibernate: update hibernate_sequence set next_val= ? where next_val=?
04:26:49.804 [main] DEBUG o.h.e.i.AbstractSaveEventListener - Generated identifier: 318, using strategy: org.hibernate.id.enhanced.SequenceStyleGenerator
04:26:49.804 [main] DEBUG o.h.e.t.internal.TransactionImpl - committing
04:26:49.804 [main] DEBUG o.h.e.i.AbstractFlushingEventListener - Processing flush-time cascades
04:26:49.804 [main] DEBUG o.h.e.i.AbstractFlushingEventListener - Dirty checking collections
04:26:49.804 [main] DEBUG o.h.e.i.AbstractFlushingEventListener - Flushed: 1 insertions, 0 updates, 0 deletions to 1 objects
04:26:49.804 [main] DEBUG o.h.e.i.AbstractFlushingEventListener - Flushed: 0 (re)creations, 0 updates, 0 removals to 0 collections
04:26:49.804 [main] DEBUG o.h.internal.util.EntityPrinter - Listing entities:
04:26:49.805 [main] DEBUG o.h.internal.util.EntityPrinter - edu.ncsu.csc.itrust2.models.persistent.LogEntry{secondaryUser=null, logCode=5, primaryUser=logapitest, id=318, time=java.util.GregorianCalendar[time=1521606409802,areFieldsSet=true,areAllFieldsSet=true,lenient=true,zone=sun.util.calendar.ZoneInfo[id="Etc/UTC",offset=0,dstSavings=0,useDaylight=false,transitions=0,lastRule=null],firstDayOfWeek=1,minimalDaysInFirstWeek=1,ERA=1,YEAR=2018,MONTH=2,WEEK_OF_YEAR=12,WEEK_OF_MONTH=4,DAY_OF_MONTH=21,DAY_OF_YEAR=80,DAY_OF_WEEK=4,DAY_OF_WEEK_IN_MONTH=3,AM_PM=0,HOUR=4,HOUR_OF_DAY=4,MINUTE=26,SECOND=49,MILLISECOND=802,ZONE_OFFSET=0,DST_OFFSET=0], message=null}
04:26:49.805 [main] DEBUG org.hibernate.SQL - insert into LogEntries (logCode, message, primaryUser, secondaryUser, time, id) values (?, ?, ?, ?, ?, ?)
Hibernate: insert into LogEntries (logCode, message, primaryUser, secondaryUser, time, id) values (?, ?, ?, ?, ?, ?)
04:26:49.807 [main] DEBUG o.h.e.j.internal.JdbcCoordinatorImpl - HHH000420: Closing un-released batch
04:26:49.807 [main] DEBUG o.h.e.t.internal.TransactionImpl - begin
04:26:49.808 [main] DEBUG org.hibernate.SQL - select next_val as id_val from hibernate_sequence for update
Hibernate: select next_val as id_val from hibernate_sequence for update
04:26:49.808 [main] DEBUG org.hibernate.SQL - update hibernate_sequence set next_val= ? where next_val=?
Hibernate: update hibernate_sequence set next_val= ? where next_val=?
04:26:49.809 [main] DEBUG o.h.e.i.AbstractSaveEventListener - Generated identifier: 319, using strategy: org.hibernate.id.enhanced.SequenceStyleGenerator
04:26:49.809 [main] DEBUG o.h.e.t.internal.TransactionImpl - committing
04:26:49.809 [main] DEBUG o.h.e.i.AbstractFlushingEventListener - Processing flush-time cascades
04:26:49.809 [main] DEBUG o.h.e.i.AbstractFlushingEventListener - Dirty checking collections
04:26:49.809 [main] DEBUG o.h.e.i.AbstractFlushingEventListener - Flushed: 1 insertions, 0 updates, 0 deletions to 1 objects
04:26:49.809 [main] DEBUG o.h.e.i.AbstractFlushingEventListener - Flushed: 0 (re)creations, 0 updates, 0 removals to 0 collections
04:26:49.810 [main] DEBUG o.h.internal.util.EntityPrinter - Listing entities:
04:26:49.810 [main] DEBUG o.h.internal.util.EntityPrinter - edu.ncsu.csc.itrust2.models.persistent.LogEntry{secondaryUser=null, logCode=5, primaryUser=logapitest, id=319, time=java.util.GregorianCalendar[time=1521606409807,areFieldsSet=true,areAllFieldsSet=true,lenient=true,zone=sun.util.calendar.ZoneInfo[id="Etc/UTC",offset=0,dstSavings=0,useDaylight=false,transitions=0,lastRule=null],firstDayOfWeek=1,minimalDaysInFirstWeek=1,ERA=1,YEAR=2018,MONTH=2,WEEK_OF_YEAR=12,WEEK_OF_MONTH=4,DAY_OF_MONTH=21,DAY_OF_YEAR=80,DAY_OF_WEEK=4,DAY_OF_WEEK_IN_MONTH=3,AM_PM=0,HOUR=4,HOUR_OF_DAY=4,MINUTE=26,SECOND=49,MILLISECOND=807,ZONE_OFFSET=0,DST_OFFSET=0], message=null}
04:26:49.810 [main] DEBUG org.hibernate.SQL - insert into LogEntries (logCode, message, primaryUser, secondaryUser, time, id) values (?, ?, ?, ?, ?, ?)
Hibernate: insert into LogEntries (logCode, message, primaryUser, secondaryUser, time, id) values (?, ?, ?, ?, ?, ?)
04:26:49.812 [main] DEBUG o.h.e.j.internal.JdbcCoordinatorImpl - HHH000420: Closing un-released batch
04:26:49.812 [main] DEBUG o.h.e.t.internal.TransactionImpl - begin
04:26:49.813 [main] DEBUG org.hibernate.SQL - select next_val as id_val from hibernate_sequence for update
Hibernate: select next_val as id_val from hibernate_sequence for update
04:26:49.813 [main] DEBUG org.hibernate.SQL - update hibernate_sequence set next_val= ? where next_val=?
Hibernate: update hibernate_sequence set next_val= ? where next_val=?
04:26:49.814 [main] DEBUG o.h.e.i.AbstractSaveEventListener - Generated identifier: 320, using strategy: org.hibernate.id.enhanced.SequenceStyleGenerator
04:26:49.814 [main] DEBUG o.h.e.t.internal.TransactionImpl - committing
04:26:49.815 [main] DEBUG o.h.e.i.AbstractFlushingEventListener - Processing flush-time cascades
04:26:49.815 [main] DEBUG o.h.e.i.AbstractFlushingEventListener - Dirty checking collections
04:26:49.815 [main] DEBUG o.h.e.i.AbstractFlushingEventListener - Flushed: 1 insertions, 0 updates, 0 deletions to 1 objects
04:26:49.815 [main] DEBUG o.h.e.i.AbstractFlushingEventListener - Flushed: 0 (re)creations, 0 updates, 0 removals to 0 collections
04:26:49.815 [main] DEBUG o.h.internal.util.EntityPrinter - Listing entities:
04:26:49.815 [main] DEBUG o.h.internal.util.EntityPrinter - edu.ncsu.csc.itrust2.models.persistent.LogEntry{secondaryUser=null, logCode=5, primaryUser=logapitest, id=320, time=java.util.GregorianCalendar[time=1521606409812,areFieldsSet=true,areAllFieldsSet=true,lenient=true,zone=sun.util.calendar.ZoneInfo[id="Etc/UTC",offset=0,dstSavings=0,useDaylight=false,transitions=0,lastRule=null],firstDayOfWeek=1,minimalDaysInFirstWeek=1,ERA=1,YEAR=2018,MONTH=2,WEEK_OF_YEAR=12,WEEK_OF_MONTH=4,DAY_OF_MONTH=21,DAY_OF_YEAR=80,DAY_OF_WEEK=4,DAY_OF_WEEK_IN_MONTH=3,AM_PM=0,HOUR=4,HOUR_OF_DAY=4,MINUTE=26,SECOND=49,MILLISECOND=812,ZONE_OFFSET=0,DST_OFFSET=0], message=null}
04:26:49.816 [main] DEBUG org.hibernate.SQL - insert into LogEntries (logCode, message, primaryUser, secondaryUser, time, id) values (?, ?, ?, ?, ?, ?)
Hibernate: insert into LogEntries (logCode, message, primaryUser, secondaryUser, time, id) values (?, ?, ?, ?, ?, ?)
04:26:49.817 [main] DEBUG o.h.e.j.internal.JdbcCoordinatorImpl - HHH000420: Closing un-released batch
04:26:49.818 [main] DEBUG o.h.e.t.internal.TransactionImpl - begin
04:26:49.818 [main] DEBUG org.hibernate.SQL - select next_val as id_val from hibernate_sequence for update
Hibernate: select next_val as id_val from hibernate_sequence for update
04:26:49.819 [main] DEBUG org.hibernate.SQL - update hibernate_sequence set next_val= ? where next_val=?
Hibernate: update hibernate_sequence set next_val= ? where next_val=?
04:26:49.820 [main] DEBUG o.h.e.i.AbstractSaveEventListener - Generated identifier: 321, using strategy: org.hibernate.id.enhanced.SequenceStyleGenerator
04:26:49.820 [main] DEBUG o.h.e.t.internal.TransactionImpl - committing
04:26:49.821 [main] DEBUG o.h.e.i.AbstractFlushingEventListener - Processing flush-time cascades
04:26:49.821 [main] DEBUG o.h.e.i.AbstractFlushingEventListener - Dirty checking collections
04:26:49.821 [main] DEBUG o.h.e.i.AbstractFlushingEventListener - Flushed: 1 insertions, 0 updates, 0 deletions to 1 objects
04:26:49.821 [main] DEBUG o.h.e.i.AbstractFlushingEventListener - Flushed: 0 (re)creations, 0 updates, 0 removals to 0 collections
04:26:49.821 [main] DEBUG o.h.internal.util.EntityPrinter - Listing entities:
04:26:49.821 [main] DEBUG o.h.internal.util.EntityPrinter - edu.ncsu.csc.itrust2.models.persistent.LogEntry{secondaryUser=null, logCode=5, primaryUser=logapitest, id=321, time=java.util.GregorianCalendar[time=1521606409818,areFieldsSet=true,areAllFieldsSet=true,lenient=true,zone=sun.util.calendar.ZoneInfo[id="Etc/UTC",offset=0,dstSavings=0,useDaylight=false,transitions=0,lastRule=null],firstDayOfWeek=1,minimalDaysInFirstWeek=1,ERA=1,YEAR=2018,MONTH=2,WEEK_OF_YEAR=12,WEEK_OF_MONTH=4,DAY_OF_MONTH=21,DAY_OF_YEAR=80,DAY_OF_WEEK=4,DAY_OF_WEEK_IN_MONTH=3,AM_PM=0,HOUR=4,HOUR_OF_DAY=4,MINUTE=26,SECOND=49,MILLISECOND=818,ZONE_OFFSET=0,DST_OFFSET=0], message=null}
04:26:49.822 [main] DEBUG org.hibernate.SQL - insert into LogEntries (logCode, message, primaryUser, secondaryUser, time, id) values (?, ?, ?, ?, ?, ?)
Hibernate: insert into LogEntries (logCode, message, primaryUser, secondaryUser, time, id) values (?, ?, ?, ?, ?, ?)
04:26:49.823 [main] DEBUG o.h.e.j.internal.JdbcCoordinatorImpl - HHH000420: Closing un-released batch
04:26:49.823 [main] DEBUG o.h.e.t.internal.TransactionImpl - begin
04:26:49.824 [main] DEBUG org.hibernate.SQL - select next_val as id_val from hibernate_sequence for update
Hibernate: select next_val as id_val from hibernate_sequence for update
04:26:49.824 [main] DEBUG org.hibernate.SQL - update hibernate_sequence set next_val= ? where next_val=?
Hibernate: update hibernate_sequence set next_val= ? where next_val=?
04:26:49.826 [main] DEBUG o.h.e.i.AbstractSaveEventListener - Generated identifier: 322, using strategy: org.hibernate.id.enhanced.SequenceStyleGenerator
04:26:49.826 [main] DEBUG o.h.e.t.internal.TransactionImpl - committing
04:26:49.826 [main] DEBUG o.h.e.i.AbstractFlushingEventListener - Processing flush-time cascades
04:26:49.827 [main] DEBUG o.h.e.i.AbstractFlushingEventListener - Dirty checking collections
04:26:49.827 [main] DEBUG o.h.e.i.AbstractFlushingEventListener - Flushed: 1 insertions, 0 updates, 0 deletions to 1 objects
04:26:49.827 [main] DEBUG o.h.e.i.AbstractFlushingEventListener - Flushed: 0 (re)creations, 0 updates, 0 removals to 0 collections
04:26:49.827 [main] DEBUG o.h.internal.util.EntityPrinter - Listing entities:
04:26:49.827 [main] DEBUG o.h.internal.util.EntityPrinter - edu.ncsu.csc.itrust2.models.persistent.LogEntry{secondaryUser=null, logCode=5, primaryUser=logapitest, id=322, time=java.util.GregorianCalendar[time=1521606409823,areFieldsSet=true,areAllFieldsSet=true,lenient=true,zone=sun.util.calendar.ZoneInfo[id="Etc/UTC",offset=0,dstSavings=0,useDaylight=false,transitions=0,lastRule=null],firstDayOfWeek=1,minimalDaysInFirstWeek=1,ERA=1,YEAR=2018,MONTH=2,WEEK_OF_YEAR=12,WEEK_OF_MONTH=4,DAY_OF_MONTH=21,DAY_OF_YEAR=80,DAY_OF_WEEK=4,DAY_OF_WEEK_IN_MONTH=3,AM_PM=0,HOUR=4,HOUR_OF_DAY=4,MINUTE=26,SECOND=49,MILLISECOND=823,ZONE_OFFSET=0,DST_OFFSET=0], message=null}
04:26:49.828 [main] DEBUG org.hibernate.SQL - insert into LogEntries (logCode, message, primaryUser, secondaryUser, time, id) values (?, ?, ?, ?, ?, ?)
Hibernate: insert into LogEntries (logCode, message, primaryUser, secondaryUser, time, id) values (?, ?, ?, ?, ?, ?)
04:26:49.829 [main] DEBUG o.h.e.j.internal.JdbcCoordinatorImpl - HHH000420: Closing un-released batch
04:26:49.830 [main] DEBUG o.h.e.t.internal.TransactionImpl - begin
04:26:49.830 [main] DEBUG org.hibernate.SQL - select next_val as id_val from hibernate_sequence for update
Hibernate: select next_val as id_val from hibernate_sequence for update
04:26:49.831 [main] DEBUG org.hibernate.SQL - update hibernate_sequence set next_val= ? where next_val=?
Hibernate: update hibernate_sequence set next_val= ? where next_val=?
04:26:49.832 [main] DEBUG o.h.e.i.AbstractSaveEventListener - Generated identifier: 323, using strategy: org.hibernate.id.enhanced.SequenceStyleGenerator
04:26:49.833 [main] DEBUG o.h.e.t.internal.TransactionImpl - committing
04:26:49.833 [main] DEBUG o.h.e.i.AbstractFlushingEventListener - Processing flush-time cascades
04:26:49.833 [main] DEBUG o.h.e.i.AbstractFlushingEventListener - Dirty checking collections
04:26:49.833 [main] DEBUG o.h.e.i.AbstractFlushingEventListener - Flushed: 1 insertions, 0 updates, 0 deletions to 1 objects
04:26:49.833 [main] DEBUG o.h.e.i.AbstractFlushingEventListener - Flushed: 0 (re)creations, 0 updates, 0 removals to 0 collections
04:26:49.833 [main] DEBUG o.h.internal.util.EntityPrinter - Listing entities:
04:26:49.833 [main] DEBUG o.h.internal.util.EntityPrinter - edu.ncsu.csc.itrust2.models.persistent.LogEntry{secondaryUser=null, logCode=5, primaryUser=logapitest, id=323, time=java.util.GregorianCalendar[time=1521606409830,areFieldsSet=true,areAllFieldsSet=true,lenient=true,zone=sun.util.calendar.ZoneInfo[id="Etc/UTC",offset=0,dstSavings=0,useDaylight=false,transitions=0,lastRule=null],firstDayOfWeek=1,minimalDaysInFirstWeek=1,ERA=1,YEAR=2018,MONTH=2,WEEK_OF_YEAR=12,WEEK_OF_MONTH=4,DAY_OF_MONTH=21,DAY_OF_YEAR=80,DAY_OF_WEEK=4,DAY_OF_WEEK_IN_MONTH=3,AM_PM=0,HOUR=4,HOUR_OF_DAY=4,MINUTE=26,SECOND=49,MILLISECOND=830,ZONE_OFFSET=0,DST_OFFSET=0], message=null}
04:26:49.834 [main] DEBUG org.hibernate.SQL - insert into LogEntries (logCode, message, primaryUser, secondaryUser, time, id) values (?, ?, ?, ?, ?, ?)
Hibernate: insert into LogEntries (logCode, message, primaryUser, secondaryUser, time, id) values (?, ?, ?, ?, ?, ?)
04:26:49.835 [main] DEBUG o.h.e.j.internal.JdbcCoordinatorImpl - HHH000420: Closing un-released batch
04:26:49.835 [main] DEBUG o.h.e.t.internal.TransactionImpl - begin
04:26:49.836 [main] DEBUG org.hibernate.SQL - select next_val as id_val from hibernate_sequence for update
Hibernate: select next_val as id_val from hibernate_sequence for update
04:26:49.836 [main] DEBUG org.hibernate.SQL - update hibernate_sequence set next_val= ? where next_val=?
Hibernate: update hibernate_sequence set next_val= ? where next_val=?
04:26:49.837 [main] DEBUG o.h.e.i.AbstractSaveEventListener - Generated identifier: 324, using strategy: org.hibernate.id.enhanced.SequenceStyleGenerator
04:26:49.838 [main] DEBUG o.h.e.t.internal.TransactionImpl - committing
04:26:49.838 [main] DEBUG o.h.e.i.AbstractFlushingEventListener - Processing flush-time cascades
04:26:49.838 [main] DEBUG o.h.e.i.AbstractFlushingEventListener - Dirty checking collections
04:26:49.838 [main] DEBUG o.h.e.i.AbstractFlushingEventListener - Flushed: 1 insertions, 0 updates, 0 deletions to 1 objects
04:26:49.838 [main] DEBUG o.h.e.i.AbstractFlushingEventListener - Flushed: 0 (re)creations, 0 updates, 0 removals to 0 collections
04:26:49.838 [main] DEBUG o.h.internal.util.EntityPrinter - Listing entities:
04:26:49.838 [main] DEBUG o.h.internal.util.EntityPrinter - edu.ncsu.csc.itrust2.models.persistent.LogEntry{secondaryUser=null, logCode=5, primaryUser=logapitest, id=324, time=java.util.GregorianCalendar[time=1521606409835,areFieldsSet=true,areAllFieldsSet=true,lenient=true,zone=sun.util.calendar.ZoneInfo[id="Etc/UTC",offset=0,dstSavings=0,useDaylight=false,transitions=0,lastRule=null],firstDayOfWeek=1,minimalDaysInFirstWeek=1,ERA=1,YEAR=2018,MONTH=2,WEEK_OF_YEAR=12,WEEK_OF_MONTH=4,DAY_OF_MONTH=21,DAY_OF_YEAR=80,DAY_OF_WEEK=4,DAY_OF_WEEK_IN_MONTH=3,AM_PM=0,HOUR=4,HOUR_OF_DAY=4,MINUTE=26,SECOND=49,MILLISECOND=835,ZONE_OFFSET=0,DST_OFFSET=0], message=null}
04:26:49.838 [main] DEBUG org.hibernate.SQL - insert into LogEntries (logCode, message, primaryUser, secondaryUser, time, id) values (?, ?, ?, ?, ?, ?)
Hibernate: insert into LogEntries (logCode, message, primaryUser, secondaryUser, time, id) values (?, ?, ?, ?, ?, ?)
04:26:49.839 [main] DEBUG o.h.e.j.internal.JdbcCoordinatorImpl - HHH000420: Closing un-released batch
04:26:49.840 [main] DEBUG o.h.e.t.internal.TransactionImpl - begin
04:26:49.840 [main] DEBUG org.hibernate.SQL - select next_val as id_val from hibernate_sequence for update
Hibernate: select next_val as id_val from hibernate_sequence for update
04:26:49.841 [main] DEBUG org.hibernate.SQL - update hibernate_sequence set next_val= ? where next_val=?
Hibernate: update hibernate_sequence set next_val= ? where next_val=?
04:26:49.842 [main] DEBUG o.h.e.i.AbstractSaveEventListener - Generated identifier: 325, using strategy: org.hibernate.id.enhanced.SequenceStyleGenerator
04:26:49.842 [main] DEBUG o.h.e.t.internal.TransactionImpl - committing
04:26:49.842 [main] DEBUG o.h.e.i.AbstractFlushingEventListener - Processing flush-time cascades
04:26:49.842 [main] DEBUG o.h.e.i.AbstractFlushingEventListener - Dirty checking collections
04:26:49.842 [main] DEBUG o.h.e.i.AbstractFlushingEventListener - Flushed: 1 insertions, 0 updates, 0 deletions to 1 objects
04:26:49.842 [main] DEBUG o.h.e.i.AbstractFlushingEventListener - Flushed: 0 (re)creations, 0 updates, 0 removals to 0 collections
04:26:49.843 [main] DEBUG o.h.internal.util.EntityPrinter - Listing entities:
04:26:49.843 [main] DEBUG o.h.internal.util.EntityPrinter - edu.ncsu.csc.itrust2.models.persistent.LogEntry{secondaryUser=null, logCode=5, primaryUser=logapitest, id=325, time=java.util.GregorianCalendar[time=1521606409840,areFieldsSet=true,areAllFieldsSet=true,lenient=true,zone=sun.util.calendar.ZoneInfo[id="Etc/UTC",offset=0,dstSavings=0,useDaylight=false,transitions=0,lastRule=null],firstDayOfWeek=1,minimalDaysInFirstWeek=1,ERA=1,YEAR=2018,MONTH=2,WEEK_OF_YEAR=12,WEEK_OF_MONTH=4,DAY_OF_MONTH=21,DAY_OF_YEAR=80,DAY_OF_WEEK=4,DAY_OF_WEEK_IN_MONTH=3,AM_PM=0,HOUR=4,HOUR_OF_DAY=4,MINUTE=26,SECOND=49,MILLISECOND=840,ZONE_OFFSET=0,DST_OFFSET=0], message=null}
04:26:49.843 [main] DEBUG org.hibernate.SQL - insert into LogEntries (logCode, message, primaryUser, secondaryUser, time, id) values (?, ?, ?, ?, ?, ?)
Hibernate: insert into LogEntries (logCode, message, primaryUser, secondaryUser, time, id) values (?, ?, ?, ?, ?, ?)
04:26:49.844 [main] DEBUG o.h.e.j.internal.JdbcCoordinatorImpl - HHH000420: Closing un-released batch
04:26:49.845 [main] DEBUG o.h.e.t.internal.TransactionImpl - begin
04:26:49.845 [main] DEBUG org.hibernate.SQL - select next_val as id_val from hibernate_sequence for update
Hibernate: select next_val as id_val from hibernate_sequence for update
04:26:49.846 [main] DEBUG org.hibernate.SQL - update hibernate_sequence set next_val= ? where next_val=?
Hibernate: update hibernate_sequence set next_val= ? where next_val=?
04:26:49.847 [main] DEBUG o.h.e.i.AbstractSaveEventListener - Generated identifier: 326, using strategy: org.hibernate.id.enhanced.SequenceStyleGenerator
04:26:49.847 [main] DEBUG o.h.e.t.internal.TransactionImpl - committing
04:26:49.847 [main] DEBUG o.h.e.i.AbstractFlushingEventListener - Processing flush-time cascades
04:26:49.847 [main] DEBUG o.h.e.i.AbstractFlushingEventListener - Dirty checking collections
04:26:49.847 [main] DEBUG o.h.e.i.AbstractFlushingEventListener - Flushed: 1 insertions, 0 updates, 0 deletions to 1 objects
04:26:49.847 [main] DEBUG o.h.e.i.AbstractFlushingEventListener - Flushed: 0 (re)creations, 0 updates, 0 removals to 0 collections
04:26:49.847 [main] DEBUG o.h.internal.util.EntityPrinter - Listing entities:
04:26:49.848 [main] DEBUG o.h.internal.util.EntityPrinter - edu.ncsu.csc.itrust2.models.persistent.LogEntry{secondaryUser=null, logCode=5, primaryUser=logapitest, id=326, time=java.util.GregorianCalendar[time=1521606409845,areFieldsSet=true,areAllFieldsSet=true,lenient=true,zone=sun.util.calendar.ZoneInfo[id="Etc/UTC",offset=0,dstSavings=0,useDaylight=false,transitions=0,lastRule=null],firstDayOfWeek=1,minimalDaysInFirstWeek=1,ERA=1,YEAR=2018,MONTH=2,WEEK_OF_YEAR=12,WEEK_OF_MONTH=4,DAY_OF_MONTH=21,DAY_OF_YEAR=80,DAY_OF_WEEK=4,DAY_OF_WEEK_IN_MONTH=3,AM_PM=0,HOUR=4,HOUR_OF_DAY=4,MINUTE=26,SECOND=49,MILLISECOND=845,ZONE_OFFSET=0,DST_OFFSET=0], message=null}
04:26:49.848 [main] DEBUG org.hibernate.SQL - insert into LogEntries (logCode, message, primaryUser, secondaryUser, time, id) values (?, ?, ?, ?, ?, ?)
Hibernate: insert into LogEntries (logCode, message, primaryUser, secondaryUser, time, id) values (?, ?, ?, ?, ?, ?)
04:26:49.849 [main] DEBUG o.h.e.j.internal.JdbcCoordinatorImpl - HHH000420: Closing un-released batch
04:26:49.850 [main] DEBUG o.h.e.t.internal.TransactionImpl - begin
04:26:49.850 [main] DEBUG org.hibernate.SQL - select next_val as id_val from hibernate_sequence for update
Hibernate: select next_val as id_val from hibernate_sequence for update
04:26:49.851 [main] DEBUG org.hibernate.SQL - update hibernate_sequence set next_val= ? where next_val=?
Hibernate: update hibernate_sequence set next_val= ? where next_val=?
04:26:49.851 [main] DEBUG o.h.e.i.AbstractSaveEventListener - Generated identifier: 327, using strategy: org.hibernate.id.enhanced.SequenceStyleGenerator
04:26:49.852 [main] DEBUG o.h.e.t.internal.TransactionImpl - committing
04:26:49.852 [main] DEBUG o.h.e.i.AbstractFlushingEventListener - Processing flush-time cascades
04:26:49.852 [main] DEBUG o.h.e.i.AbstractFlushingEventListener - Dirty checking collections
04:26:49.852 [main] DEBUG o.h.e.i.AbstractFlushingEventListener - Flushed: 1 insertions, 0 updates, 0 deletions to 1 objects
04:26:49.852 [main] DEBUG o.h.e.i.AbstractFlushingEventListener - Flushed: 0 (re)creations, 0 updates, 0 removals to 0 collections
04:26:49.852 [main] DEBUG o.h.internal.util.EntityPrinter - Listing entities:
04:26:49.852 [main] DEBUG o.h.internal.util.EntityPrinter - edu.ncsu.csc.itrust2.models.persistent.LogEntry{secondaryUser=null, logCode=5, primaryUser=logapitest, id=327, time=java.util.GregorianCalendar[time=1521606409850,areFieldsSet=true,areAllFieldsSet=true,lenient=true,zone=sun.util.calendar.ZoneInfo[id="Etc/UTC",offset=0,dstSavings=0,useDaylight=false,transitions=0,lastRule=null],firstDayOfWeek=1,minimalDaysInFirstWeek=1,ERA=1,YEAR=2018,MONTH=2,WEEK_OF_YEAR=12,WEEK_OF_MONTH=4,DAY_OF_MONTH=21,DAY_OF_YEAR=80,DAY_OF_WEEK=4,DAY_OF_WEEK_IN_MONTH=3,AM_PM=0,HOUR=4,HOUR_OF_DAY=4,MINUTE=26,SECOND=49,MILLISECOND=850,ZONE_OFFSET=0,DST_OFFSET=0], message=null}
04:26:49.852 [main] DEBUG org.hibernate.SQL - insert into LogEntries (logCode, message, primaryUser, secondaryUser, time, id) values (?, ?, ?, ?, ?, ?)
Hibernate: insert into LogEntries (logCode, message, primaryUser, secondaryUser, time, id) values (?, ?, ?, ?, ?, ?)
04:26:49.854 [main] DEBUG o.h.e.j.internal.JdbcCoordinatorImpl - HHH000420: Closing un-released batch
04:26:49.854 [main] DEBUG o.h.e.t.internal.TransactionImpl - begin
04:26:49.855 [main] DEBUG org.hibernate.SQL - select next_val as id_val from hibernate_sequence for update
Hibernate: select next_val as id_val from hibernate_sequence for update
04:26:49.855 [main] DEBUG org.hibernate.SQL - update hibernate_sequence set next_val= ? where next_val=?
Hibernate: update hibernate_sequence set next_val= ? where next_val=?
04:26:49.856 [main] DEBUG o.h.e.i.AbstractSaveEventListener - Generated identifier: 328, using strategy: org.hibernate.id.enhanced.SequenceStyleGenerator
04:26:49.856 [main] DEBUG o.h.e.t.internal.TransactionImpl - committing
04:26:49.856 [main] DEBUG o.h.e.i.AbstractFlushingEventListener - Processing flush-time cascades
04:26:49.856 [main] DEBUG o.h.e.i.AbstractFlushingEventListener - Dirty checking collections
04:26:49.857 [main] DEBUG o.h.e.i.AbstractFlushingEventListener - Flushed: 1 insertions, 0 updates, 0 deletions to 1 objects
04:26:49.857 [main] DEBUG o.h.e.i.AbstractFlushingEventListener - Flushed: 0 (re)creations, 0 updates, 0 removals to 0 collections
04:26:49.857 [main] DEBUG o.h.internal.util.EntityPrinter - Listing entities:
04:26:49.857 [main] DEBUG o.h.internal.util.EntityPrinter - edu.ncsu.csc.itrust2.models.persistent.LogEntry{secondaryUser=null, logCode=5, primaryUser=logapitest, id=328, time=java.util.GregorianCalendar[time=1521606409854,areFieldsSet=true,areAllFieldsSet=true,lenient=true,zone=sun.util.calendar.ZoneInfo[id="Etc/UTC",offset=0,dstSavings=0,useDaylight=false,transitions=0,lastRule=null],firstDayOfWeek=1,minimalDaysInFirstWeek=1,ERA=1,YEAR=2018,MONTH=2,WEEK_OF_YEAR=12,WEEK_OF_MONTH=4,DAY_OF_MONTH=21,DAY_OF_YEAR=80,DAY_OF_WEEK=4,DAY_OF_WEEK_IN_MONTH=3,AM_PM=0,HOUR=4,HOUR_OF_DAY=4,MINUTE=26,SECOND=49,MILLISECOND=854,ZONE_OFFSET=0,DST_OFFSET=0], message=null}
04:26:49.857 [main] DEBUG org.hibernate.SQL - insert into LogEntries (logCode, message, primaryUser, secondaryUser, time, id) values (?, ?, ?, ?, ?, ?)
Hibernate: insert into LogEntries (logCode, message, primaryUser, secondaryUser, time, id) values (?, ?, ?, ?, ?, ?)
04:26:49.858 [main] DEBUG o.h.e.j.internal.JdbcCoordinatorImpl - HHH000420: Closing un-released batch
04:26:49.859 [main] DEBUG o.h.e.t.internal.TransactionImpl - begin
04:26:49.859 [main] DEBUG org.hibernate.SQL - select next_val as id_val from hibernate_sequence for update
Hibernate: select next_val as id_val from hibernate_sequence for update
04:26:49.860 [main] DEBUG org.hibernate.SQL - update hibernate_sequence set next_val= ? where next_val=?
Hibernate: update hibernate_sequence set next_val= ? where next_val=?
04:26:49.860 [main] DEBUG o.h.e.i.AbstractSaveEventListener - Generated identifier: 329, using strategy: org.hibernate.id.enhanced.SequenceStyleGenerator
04:26:49.861 [main] DEBUG o.h.e.t.internal.TransactionImpl - committing
04:26:49.861 [main] DEBUG o.h.e.i.AbstractFlushingEventListener - Processing flush-time cascades
04:26:49.861 [main] DEBUG o.h.e.i.AbstractFlushingEventListener - Dirty checking collections
04:26:49.861 [main] DEBUG o.h.e.i.AbstractFlushingEventListener - Flushed: 1 insertions, 0 updates, 0 deletions to 1 objects
04:26:49.861 [main] DEBUG o.h.e.i.AbstractFlushingEventListener - Flushed: 0 (re)creations, 0 updates, 0 removals to 0 collections
04:26:49.861 [main] DEBUG o.h.internal.util.EntityPrinter - Listing entities:
04:26:49.861 [main] DEBUG o.h.internal.util.EntityPrinter - edu.ncsu.csc.itrust2.models.persistent.LogEntry{secondaryUser=null, logCode=5, primaryUser=logapitest, id=329, time=java.util.GregorianCalendar[time=1521606409859,areFieldsSet=true,areAllFieldsSet=true,lenient=true,zone=sun.util.calendar.ZoneInfo[id="Etc/UTC",offset=0,dstSavings=0,useDaylight=false,transitions=0,lastRule=null],firstDayOfWeek=1,minimalDaysInFirstWeek=1,ERA=1,YEAR=2018,MONTH=2,WEEK_OF_YEAR=12,WEEK_OF_MONTH=4,DAY_OF_MONTH=21,DAY_OF_YEAR=80,DAY_OF_WEEK=4,DAY_OF_WEEK_IN_MONTH=3,AM_PM=0,HOUR=4,HOUR_OF_DAY=4,MINUTE=26,SECOND=49,MILLISECOND=859,ZONE_OFFSET=0,DST_OFFSET=0], message=null}
04:26:49.862 [main] DEBUG org.hibernate.SQL - insert into LogEntries (logCode, message, primaryUser, secondaryUser, time, id) values (?, ?, ?, ?, ?, ?)
Hibernate: insert into LogEntries (logCode, message, primaryUser, secondaryUser, time, id) values (?, ?, ?, ?, ?, ?)
04:26:49.863 [main] DEBUG o.h.e.j.internal.JdbcCoordinatorImpl - HHH000420: Closing un-released batch
04:26:49.863 [main] DEBUG o.h.e.t.internal.TransactionImpl - begin
04:26:49.864 [main] DEBUG org.hibernate.SQL - select next_val as id_val from hibernate_sequence for update
Hibernate: select next_val as id_val from hibernate_sequence for update
04:26:49.864 [main] DEBUG org.hibernate.SQL - update hibernate_sequence set next_val= ? where next_val=?
Hibernate: update hibernate_sequence set next_val= ? where next_val=?
04:26:49.865 [main] DEBUG o.h.e.i.AbstractSaveEventListener - Generated identifier: 330, using strategy: org.hibernate.id.enhanced.SequenceStyleGenerator
04:26:49.865 [main] DEBUG o.h.e.t.internal.TransactionImpl - committing
04:26:49.866 [main] DEBUG o.h.e.i.AbstractFlushingEventListener - Processing flush-time cascades
04:26:49.866 [main] DEBUG o.h.e.i.AbstractFlushingEventListener - Dirty checking collections
04:26:49.866 [main] DEBUG o.h.e.i.AbstractFlushingEventListener - Flushed: 1 insertions, 0 updates, 0 deletions to 1 objects
04:26:49.866 [main] DEBUG o.h.e.i.AbstractFlushingEventListener - Flushed: 0 (re)creations, 0 updates, 0 removals to 0 collections
04:26:49.866 [main] DEBUG o.h.internal.util.EntityPrinter - Listing entities:
04:26:49.866 [main] DEBUG o.h.internal.util.EntityPrinter - edu.ncsu.csc.itrust2.models.persistent.LogEntry{secondaryUser=null, logCode=5, primaryUser=logapitest, id=330, time=java.util.GregorianCalendar[time=1521606409863,areFieldsSet=true,areAllFieldsSet=true,lenient=true,zone=sun.util.calendar.ZoneInfo[id="Etc/UTC",offset=0,dstSavings=0,useDaylight=false,transitions=0,lastRule=null],firstDayOfWeek=1,minimalDaysInFirstWeek=1,ERA=1,YEAR=2018,MONTH=2,WEEK_OF_YEAR=12,WEEK_OF_MONTH=4,DAY_OF_MONTH=21,DAY_OF_YEAR=80,DAY_OF_WEEK=4,DAY_OF_WEEK_IN_MONTH=3,AM_PM=0,HOUR=4,HOUR_OF_DAY=4,MINUTE=26,SECOND=49,MILLISECOND=863,ZONE_OFFSET=0,DST_OFFSET=0], message=null}
04:26:49.866 [main] DEBUG org.hibernate.SQL - insert into LogEntries (logCode, message, primaryUser, secondaryUser, time, id) values (?, ?, ?, ?, ?, ?)
Hibernate: insert into LogEntries (logCode, message, primaryUser, secondaryUser, time, id) values (?, ?, ?, ?, ?, ?)
04:26:49.867 [main] DEBUG o.h.e.j.internal.JdbcCoordinatorImpl - HHH000420: Closing un-released batch
04:26:49.868 [main] DEBUG o.h.e.t.internal.TransactionImpl - begin
04:26:49.868 [main] DEBUG org.hibernate.SQL - select next_val as id_val from hibernate_sequence for update
Hibernate: select next_val as id_val from hibernate_sequence for update
04:26:49.869 [main] DEBUG org.hibernate.SQL - update hibernate_sequence set next_val= ? where next_val=?
Hibernate: update hibernate_sequence set next_val= ? where next_val=?
04:26:49.870 [main] DEBUG o.h.e.i.AbstractSaveEventListener - Generated identifier: 331, using strategy: org.hibernate.id.enhanced.SequenceStyleGenerator
04:26:49.871 [main] DEBUG o.h.e.t.internal.TransactionImpl - committing
04:26:49.871 [main] DEBUG o.h.e.i.AbstractFlushingEventListener - Processing flush-time cascades
04:26:49.871 [main] DEBUG o.h.e.i.AbstractFlushingEventListener - Dirty checking collections
04:26:49.871 [main] DEBUG o.h.e.i.AbstractFlushingEventListener - Flushed: 1 insertions, 0 updates, 0 deletions to 1 objects
04:26:49.871 [main] DEBUG o.h.e.i.AbstractFlushingEventListener - Flushed: 0 (re)creations, 0 updates, 0 removals to 0 collections
04:26:49.871 [main] DEBUG o.h.internal.util.EntityPrinter - Listing entities:
04:26:49.871 [main] DEBUG o.h.internal.util.EntityPrinter - edu.ncsu.csc.itrust2.models.persistent.LogEntry{secondaryUser=null, logCode=5, primaryUser=logapitest, id=331, time=java.util.GregorianCalendar[time=1521606409868,areFieldsSet=true,areAllFieldsSet=true,lenient=true,zone=sun.util.calendar.ZoneInfo[id="Etc/UTC",offset=0,dstSavings=0,useDaylight=false,transitions=0,lastRule=null],firstDayOfWeek=1,minimalDaysInFirstWeek=1,ERA=1,YEAR=2018,MONTH=2,WEEK_OF_YEAR=12,WEEK_OF_MONTH=4,DAY_OF_MONTH=21,DAY_OF_YEAR=80,DAY_OF_WEEK=4,DAY_OF_WEEK_IN_MONTH=3,AM_PM=0,HOUR=4,HOUR_OF_DAY=4,MINUTE=26,SECOND=49,MILLISECOND=868,ZONE_OFFSET=0,DST_OFFSET=0], message=null}
04:26:49.872 [main] DEBUG org.hibernate.SQL - insert into LogEntries (logCode, message, primaryUser, secondaryUser, time, id) values (?, ?, ?, ?, ?, ?)
Hibernate: insert into LogEntries (logCode, message, primaryUser, secondaryUser, time, id) values (?, ?, ?, ?, ?, ?)
04:26:49.873 [main] DEBUG o.h.e.j.internal.JdbcCoordinatorImpl - HHH000420: Closing un-released batch
04:26:49.873 [main] DEBUG o.h.e.t.internal.TransactionImpl - begin
04:26:49.874 [main] DEBUG org.hibernate.SQL - select next_val as id_val from hibernate_sequence for update
Hibernate: select next_val as id_val from hibernate_sequence for update
04:26:49.874 [main] DEBUG org.hibernate.SQL - update hibernate_sequence set next_val= ? where next_val=?
Hibernate: update hibernate_sequence set next_val= ? where next_val=?
04:26:49.875 [main] DEBUG o.h.e.i.AbstractSaveEventListener - Generated identifier: 332, using strategy: org.hibernate.id.enhanced.SequenceStyleGenerator
04:26:49.875 [main] DEBUG o.h.e.t.internal.TransactionImpl - committing
04:26:49.875 [main] DEBUG o.h.e.i.AbstractFlushingEventListener - Processing flush-time cascades
04:26:49.876 [main] DEBUG o.h.e.i.AbstractFlushingEventListener - Dirty checking collections
04:26:49.876 [main] DEBUG o.h.e.i.AbstractFlushingEventListener - Flushed: 1 insertions, 0 updates, 0 deletions to 1 objects
04:26:49.876 [main] DEBUG o.h.e.i.AbstractFlushingEventListener - Flushed: 0 (re)creations, 0 updates, 0 removals to 0 collections
04:26:49.876 [main] DEBUG o.h.internal.util.EntityPrinter - Listing entities:
04:26:49.876 [main] DEBUG o.h.internal.util.EntityPrinter - edu.ncsu.csc.itrust2.models.persistent.LogEntry{secondaryUser=null, logCode=5, primaryUser=logapitest, id=332, time=java.util.GregorianCalendar[time=1521606409873,areFieldsSet=true,areAllFieldsSet=true,lenient=true,zone=sun.util.calendar.ZoneInfo[id="Etc/UTC",offset=0,dstSavings=0,useDaylight=false,transitions=0,lastRule=null],firstDayOfWeek=1,minimalDaysInFirstWeek=1,ERA=1,YEAR=2018,MONTH=2,WEEK_OF_YEAR=12,WEEK_OF_MONTH=4,DAY_OF_MONTH=21,DAY_OF_YEAR=80,DAY_OF_WEEK=4,DAY_OF_WEEK_IN_MONTH=3,AM_PM=0,HOUR=4,HOUR_OF_DAY=4,MINUTE=26,SECOND=49,MILLISECOND=873,ZONE_OFFSET=0,DST_OFFSET=0], message=null}
04:26:49.876 [main] DEBUG org.hibernate.SQL - insert into LogEntries (logCode, message, primaryUser, secondaryUser, time, id) values (?, ?, ?, ?, ?, ?)
Hibernate: insert into LogEntries (logCode, message, primaryUser, secondaryUser, time, id) values (?, ?, ?, ?, ?, ?)
04:26:49.878 [main] DEBUG o.h.e.j.internal.JdbcCoordinatorImpl - HHH000420: Closing un-released batch
04:26:49.879 [main] DEBUG o.h.e.t.internal.TransactionImpl - begin
04:26:49.879 [main] DEBUG org.hibernate.SQL - select next_val as id_val from hibernate_sequence for update
Hibernate: select next_val as id_val from hibernate_sequence for update
04:26:49.880 [main] DEBUG org.hibernate.SQL - update hibernate_sequence set next_val= ? where next_val=?
Hibernate: update hibernate_sequence set next_val= ? where next_val=?
04:26:49.882 [main] DEBUG o.h.e.i.AbstractSaveEventListener - Generated identifier: 333, using strategy: org.hibernate.id.enhanced.SequenceStyleGenerator
04:26:49.882 [main] DEBUG o.h.e.t.internal.TransactionImpl - committing
04:26:49.882 [main] DEBUG o.h.e.i.AbstractFlushingEventListener - Processing flush-time cascades
04:26:49.882 [main] DEBUG o.h.e.i.AbstractFlushingEventListener - Dirty checking collections
04:26:49.882 [main] DEBUG o.h.e.i.AbstractFlushingEventListener - Flushed: 1 insertions, 0 updates, 0 deletions to 1 objects
04:26:49.882 [main] DEBUG o.h.e.i.AbstractFlushingEventListener - Flushed: 0 (re)creations, 0 updates, 0 removals to 0 collections
04:26:49.883 [main] DEBUG o.h.internal.util.EntityPrinter - Listing entities:
04:26:49.883 [main] DEBUG o.h.internal.util.EntityPrinter - edu.ncsu.csc.itrust2.models.persistent.LogEntry{secondaryUser=null, logCode=5, primaryUser=logapitest, id=333, time=java.util.GregorianCalendar[time=1521606409878,areFieldsSet=true,areAllFieldsSet=true,lenient=true,zone=sun.util.calendar.ZoneInfo[id="Etc/UTC",offset=0,dstSavings=0,useDaylight=false,transitions=0,lastRule=null],firstDayOfWeek=1,minimalDaysInFirstWeek=1,ERA=1,YEAR=2018,MONTH=2,WEEK_OF_YEAR=12,WEEK_OF_MONTH=4,DAY_OF_MONTH=21,DAY_OF_YEAR=80,DAY_OF_WEEK=4,DAY_OF_WEEK_IN_MONTH=3,AM_PM=0,HOUR=4,HOUR_OF_DAY=4,MINUTE=26,SECOND=49,MILLISECOND=878,ZONE_OFFSET=0,DST_OFFSET=0], message=null}
04:26:49.883 [main] DEBUG org.hibernate.SQL - insert into LogEntries (logCode, message, primaryUser, secondaryUser, time, id) values (?, ?, ?, ?, ?, ?)
Hibernate: insert into LogEntries (logCode, message, primaryUser, secondaryUser, time, id) values (?, ?, ?, ?, ?, ?)
04:26:49.884 [main] DEBUG o.h.e.j.internal.JdbcCoordinatorImpl - HHH000420: Closing un-released batch
04:26:49.884 [main] DEBUG o.h.e.t.internal.TransactionImpl - begin
04:26:49.885 [main] DEBUG org.hibernate.SQL - select next_val as id_val from hibernate_sequence for update
Hibernate: select next_val as id_val from hibernate_sequence for update
04:26:49.885 [main] DEBUG org.hibernate.SQL - update hibernate_sequence set next_val= ? where next_val=?
Hibernate: update hibernate_sequence set next_val= ? where next_val=?
04:26:49.886 [main] DEBUG o.h.e.i.AbstractSaveEventListener - Generated identifier: 334, using strategy: org.hibernate.id.enhanced.SequenceStyleGenerator
04:26:49.886 [main] DEBUG o.h.e.t.internal.TransactionImpl - committing
04:26:49.887 [main] DEBUG o.h.e.i.AbstractFlushingEventListener - Processing flush-time cascades
04:26:49.887 [main] DEBUG o.h.e.i.AbstractFlushingEventListener - Dirty checking collections
04:26:49.887 [main] DEBUG o.h.e.i.AbstractFlushingEventListener - Flushed: 1 insertions, 0 updates, 0 deletions to 1 objects
04:26:49.887 [main] DEBUG o.h.e.i.AbstractFlushingEventListener - Flushed: 0 (re)creations, 0 updates, 0 removals to 0 collections
04:26:49.887 [main] DEBUG o.h.internal.util.EntityPrinter - Listing entities:
04:26:49.887 [main] DEBUG o.h.internal.util.EntityPrinter - edu.ncsu.csc.itrust2.models.persistent.LogEntry{secondaryUser=null, logCode=5, primaryUser=logapitest, id=334, time=java.util.GregorianCalendar[time=1521606409884,areFieldsSet=true,areAllFieldsSet=true,lenient=true,zone=sun.util.calendar.ZoneInfo[id="Etc/UTC",offset=0,dstSavings=0,useDaylight=false,transitions=0,lastRule=null],firstDayOfWeek=1,minimalDaysInFirstWeek=1,ERA=1,YEAR=2018,MONTH=2,WEEK_OF_YEAR=12,WEEK_OF_MONTH=4,DAY_OF_MONTH=21,DAY_OF_YEAR=80,DAY_OF_WEEK=4,DAY_OF_WEEK_IN_MONTH=3,AM_PM=0,HOUR=4,HOUR_OF_DAY=4,MINUTE=26,SECOND=49,MILLISECOND=884,ZONE_OFFSET=0,DST_OFFSET=0], message=null}
04:26:49.887 [main] DEBUG org.hibernate.SQL - insert into LogEntries (logCode, message, primaryUser, secondaryUser, time, id) values (?, ?, ?, ?, ?, ?)
Hibernate: insert into LogEntries (logCode, message, primaryUser, secondaryUser, time, id) values (?, ?, ?, ?, ?, ?)
04:26:49.888 [main] DEBUG o.h.e.j.internal.JdbcCoordinatorImpl - HHH000420: Closing un-released batch
04:26:49.889 [main] DEBUG o.h.e.t.internal.TransactionImpl - begin
04:26:49.889 [main] DEBUG org.hibernate.SQL - select next_val as id_val from hibernate_sequence for update
Hibernate: select next_val as id_val from hibernate_sequence for update
04:26:49.890 [main] DEBUG org.hibernate.SQL - update hibernate_sequence set next_val= ? where next_val=?
Hibernate: update hibernate_sequence set next_val= ? where next_val=?
04:26:49.891 [main] DEBUG o.h.e.i.AbstractSaveEventListener - Generated identifier: 335, using strategy: org.hibernate.id.enhanced.SequenceStyleGenerator
04:26:49.891 [main] DEBUG o.h.e.t.internal.TransactionImpl - committing
04:26:49.891 [main] DEBUG o.h.e.i.AbstractFlushingEventListener - Processing flush-time cascades
04:26:49.891 [main] DEBUG o.h.e.i.AbstractFlushingEventListener - Dirty checking collections
04:26:49.891 [main] DEBUG o.h.e.i.AbstractFlushingEventListener - Flushed: 1 insertions, 0 updates, 0 deletions to 1 objects
04:26:49.891 [main] DEBUG o.h.e.i.AbstractFlushingEventListener - Flushed: 0 (re)creations, 0 updates, 0 removals to 0 collections
04:26:49.892 [main] DEBUG o.h.internal.util.EntityPrinter - Listing entities:
04:26:49.892 [main] DEBUG o.h.internal.util.EntityPrinter - edu.ncsu.csc.itrust2.models.persistent.LogEntry{secondaryUser=null, logCode=5, primaryUser=logapitest, id=335, time=java.util.GregorianCalendar[time=1521606409889,areFieldsSet=true,areAllFieldsSet=true,lenient=true,zone=sun.util.calendar.ZoneInfo[id="Etc/UTC",offset=0,dstSavings=0,useDaylight=false,transitions=0,lastRule=null],firstDayOfWeek=1,minimalDaysInFirstWeek=1,ERA=1,YEAR=2018,MONTH=2,WEEK_OF_YEAR=12,WEEK_OF_MONTH=4,DAY_OF_MONTH=21,DAY_OF_YEAR=80,DAY_OF_WEEK=4,DAY_OF_WEEK_IN_MONTH=3,AM_PM=0,HOUR=4,HOUR_OF_DAY=4,MINUTE=26,SECOND=49,MILLISECOND=889,ZONE_OFFSET=0,DST_OFFSET=0], message=null}
04:26:49.892 [main] DEBUG org.hibernate.SQL - insert into LogEntries (logCode, message, primaryUser, secondaryUser, time, id) values (?, ?, ?, ?, ?, ?)
Hibernate: insert into LogEntries (logCode, message, primaryUser, secondaryUser, time, id) values (?, ?, ?, ?, ?, ?)
04:26:49.894 [main] DEBUG o.h.e.j.internal.JdbcCoordinatorImpl - HHH000420: Closing un-released batch
04:26:49.895 [main] DEBUG o.h.e.t.internal.TransactionImpl - begin
04:26:49.895 [main] DEBUG org.hibernate.SQL - select next_val as id_val from hibernate_sequence for update
Hibernate: select next_val as id_val from hibernate_sequence for update
04:26:49.896 [main] DEBUG org.hibernate.SQL - update hibernate_sequence set next_val= ? where next_val=?
Hibernate: update hibernate_sequence set next_val= ? where next_val=?
04:26:49.897 [main] DEBUG o.h.e.i.AbstractSaveEventListener - Generated identifier: 336, using strategy: org.hibernate.id.enhanced.SequenceStyleGenerator
04:26:49.897 [main] DEBUG o.h.e.t.internal.TransactionImpl - committing
04:26:49.897 [main] DEBUG o.h.e.i.AbstractFlushingEventListener - Processing flush-time cascades
04:26:49.897 [main] DEBUG o.h.e.i.AbstractFlushingEventListener - Dirty checking collections
04:26:49.897 [main] DEBUG o.h.e.i.AbstractFlushingEventListener - Flushed: 1 insertions, 0 updates, 0 deletions to 1 objects
04:26:49.897 [main] DEBUG o.h.e.i.AbstractFlushingEventListener - Flushed: 0 (re)creations, 0 updates, 0 removals to 0 collections
04:26:49.897 [main] DEBUG o.h.internal.util.EntityPrinter - Listing entities:
04:26:49.898 [main] DEBUG o.h.internal.util.EntityPrinter - edu.ncsu.csc.itrust2.models.persistent.LogEntry{secondaryUser=null, logCode=5, primaryUser=logapitest, id=336, time=java.util.GregorianCalendar[time=1521606409894,areFieldsSet=true,areAllFieldsSet=true,lenient=true,zone=sun.util.calendar.ZoneInfo[id="Etc/UTC",offset=0,dstSavings=0,useDaylight=false,transitions=0,lastRule=null],firstDayOfWeek=1,minimalDaysInFirstWeek=1,ERA=1,YEAR=2018,MONTH=2,WEEK_OF_YEAR=12,WEEK_OF_MONTH=4,DAY_OF_MONTH=21,DAY_OF_YEAR=80,DAY_OF_WEEK=4,DAY_OF_WEEK_IN_MONTH=3,AM_PM=0,HOUR=4,HOUR_OF_DAY=4,MINUTE=26,SECOND=49,MILLISECOND=894,ZONE_OFFSET=0,DST_OFFSET=0], message=null}
04:26:49.898 [main] DEBUG org.hibernate.SQL - insert into LogEntries (logCode, message, primaryUser, secondaryUser, time, id) values (?, ?, ?, ?, ?, ?)
Hibernate: insert into LogEntries (logCode, message, primaryUser, secondaryUser, time, id) values (?, ?, ?, ?, ?, ?)
04:26:49.899 [main] DEBUG o.h.e.j.internal.JdbcCoordinatorImpl - HHH000420: Closing un-released batch
04:26:49.900 [main] DEBUG o.h.e.t.internal.TransactionImpl - begin
04:26:49.900 [main] DEBUG org.hibernate.SQL - select next_val as id_val from hibernate_sequence for update
Hibernate: select next_val as id_val from hibernate_sequence for update
04:26:49.901 [main] DEBUG org.hibernate.SQL - update hibernate_sequence set next_val= ? where next_val=?
Hibernate: update hibernate_sequence set next_val= ? where next_val=?
04:26:49.902 [main] DEBUG o.h.e.i.AbstractSaveEventListener - Generated identifier: 337, using strategy: org.hibernate.id.enhanced.SequenceStyleGenerator
04:26:49.902 [main] DEBUG o.h.e.t.internal.TransactionImpl - committing
04:26:49.902 [main] DEBUG o.h.e.i.AbstractFlushingEventListener - Processing flush-time cascades
04:26:49.902 [main] DEBUG o.h.e.i.AbstractFlushingEventListener - Dirty checking collections
04:26:49.902 [main] DEBUG o.h.e.i.AbstractFlushingEventListener - Flushed: 1 insertions, 0 updates, 0 deletions to 1 objects
04:26:49.902 [main] DEBUG o.h.e.i.AbstractFlushingEventListener - Flushed: 0 (re)creations, 0 updates, 0 removals to 0 collections
04:26:49.902 [main] DEBUG o.h.internal.util.EntityPrinter - Listing entities:
04:26:49.903 [main] DEBUG o.h.internal.util.EntityPrinter - edu.ncsu.csc.itrust2.models.persistent.LogEntry{secondaryUser=null, logCode=5, primaryUser=logapitest, id=337, time=java.util.GregorianCalendar[time=1521606409900,areFieldsSet=true,areAllFieldsSet=true,lenient=true,zone=sun.util.calendar.ZoneInfo[id="Etc/UTC",offset=0,dstSavings=0,useDaylight=false,transitions=0,lastRule=null],firstDayOfWeek=1,minimalDaysInFirstWeek=1,ERA=1,YEAR=2018,MONTH=2,WEEK_OF_YEAR=12,WEEK_OF_MONTH=4,DAY_OF_MONTH=21,DAY_OF_YEAR=80,DAY_OF_WEEK=4,DAY_OF_WEEK_IN_MONTH=3,AM_PM=0,HOUR=4,HOUR_OF_DAY=4,MINUTE=26,SECOND=49,MILLISECOND=900,ZONE_OFFSET=0,DST_OFFSET=0], message=null}
04:26:49.903 [main] DEBUG org.hibernate.SQL - insert into LogEntries (logCode, message, primaryUser, secondaryUser, time, id) values (?, ?, ?, ?, ?, ?)
Hibernate: insert into LogEntries (logCode, message, primaryUser, secondaryUser, time, id) values (?, ?, ?, ?, ?, ?)
04:26:49.904 [main] DEBUG o.h.e.j.internal.JdbcCoordinatorImpl - HHH000420: Closing un-released batch
04:26:49.905 [main] DEBUG o.h.e.t.internal.TransactionImpl - begin
04:26:49.905 [main] DEBUG org.hibernate.SQL - select next_val as id_val from hibernate_sequence for update
Hibernate: select next_val as id_val from hibernate_sequence for update
04:26:49.905 [main] DEBUG org.hibernate.SQL - update hibernate_sequence set next_val= ? where next_val=?
Hibernate: update hibernate_sequence set next_val= ? where next_val=?
04:26:49.907 [main] DEBUG o.h.e.i.AbstractSaveEventListener - Generated identifier: 338, using strategy: org.hibernate.id.enhanced.SequenceStyleGenerator
04:26:49.907 [main] DEBUG o.h.e.t.internal.TransactionImpl - committing
04:26:49.907 [main] DEBUG o.h.e.i.AbstractFlushingEventListener - Processing flush-time cascades
04:26:49.907 [main] DEBUG o.h.e.i.AbstractFlushingEventListener - Dirty checking collections
04:26:49.907 [main] DEBUG o.h.e.i.AbstractFlushingEventListener - Flushed: 1 insertions, 0 updates, 0 deletions to 1 objects
04:26:49.907 [main] DEBUG o.h.e.i.AbstractFlushingEventListener - Flushed: 0 (re)creations, 0 updates, 0 removals to 0 collections
04:26:49.907 [main] DEBUG o.h.internal.util.EntityPrinter - Listing entities:
04:26:49.907 [main] DEBUG o.h.internal.util.EntityPrinter - edu.ncsu.csc.itrust2.models.persistent.LogEntry{secondaryUser=null, logCode=5, primaryUser=logapitest, id=338, time=java.util.GregorianCalendar[time=1521606409904,areFieldsSet=true,areAllFieldsSet=true,lenient=true,zone=sun.util.calendar.ZoneInfo[id="Etc/UTC",offset=0,dstSavings=0,useDaylight=false,transitions=0,lastRule=null],firstDayOfWeek=1,minimalDaysInFirstWeek=1,ERA=1,YEAR=2018,MONTH=2,WEEK_OF_YEAR=12,WEEK_OF_MONTH=4,DAY_OF_MONTH=21,DAY_OF_YEAR=80,DAY_OF_WEEK=4,DAY_OF_WEEK_IN_MONTH=3,AM_PM=0,HOUR=4,HOUR_OF_DAY=4,MINUTE=26,SECOND=49,MILLISECOND=904,ZONE_OFFSET=0,DST_OFFSET=0], message=null}
04:26:49.908 [main] DEBUG org.hibernate.SQL - insert into LogEntries (logCode, message, primaryUser, secondaryUser, time, id) values (?, ?, ?, ?, ?, ?)
Hibernate: insert into LogEntries (logCode, message, primaryUser, secondaryUser, time, id) values (?, ?, ?, ?, ?, ?)
04:26:49.909 [main] DEBUG o.h.e.j.internal.JdbcCoordinatorImpl - HHH000420: Closing un-released batch
04:26:49.909 [main] DEBUG o.h.e.t.internal.TransactionImpl - begin
04:26:49.910 [main] DEBUG org.hibernate.SQL - select next_val as id_val from hibernate_sequence for update
Hibernate: select next_val as id_val from hibernate_sequence for update
04:26:49.910 [main] DEBUG org.hibernate.SQL - update hibernate_sequence set next_val= ? where next_val=?
Hibernate: update hibernate_sequence set next_val= ? where next_val=?
04:26:49.912 [main] DEBUG o.h.e.i.AbstractSaveEventListener - Generated identifier: 339, using strategy: org.hibernate.id.enhanced.SequenceStyleGenerator
04:26:49.912 [main] DEBUG o.h.e.t.internal.TransactionImpl - committing
04:26:49.912 [main] DEBUG o.h.e.i.AbstractFlushingEventListener - Processing flush-time cascades
04:26:49.912 [main] DEBUG o.h.e.i.AbstractFlushingEventListener - Dirty checking collections
04:26:49.913 [main] DEBUG o.h.e.i.AbstractFlushingEventListener - Flushed: 1 insertions, 0 updates, 0 deletions to 1 objects
04:26:49.913 [main] DEBUG o.h.e.i.AbstractFlushingEventListener - Flushed: 0 (re)creations, 0 updates, 0 removals to 0 collections
04:26:49.913 [main] DEBUG o.h.internal.util.EntityPrinter - Listing entities:
04:26:49.913 [main] DEBUG o.h.internal.util.EntityPrinter - edu.ncsu.csc.itrust2.models.persistent.LogEntry{secondaryUser=null, logCode=5, primaryUser=logapitest, id=339, time=java.util.GregorianCalendar[time=1521606409909,areFieldsSet=true,areAllFieldsSet=true,lenient=true,zone=sun.util.calendar.ZoneInfo[id="Etc/UTC",offset=0,dstSavings=0,useDaylight=false,transitions=0,lastRule=null],firstDayOfWeek=1,minimalDaysInFirstWeek=1,ERA=1,YEAR=2018,MONTH=2,WEEK_OF_YEAR=12,WEEK_OF_MONTH=4,DAY_OF_MONTH=21,DAY_OF_YEAR=80,DAY_OF_WEEK=4,DAY_OF_WEEK_IN_MONTH=3,AM_PM=0,HOUR=4,HOUR_OF_DAY=4,MINUTE=26,SECOND=49,MILLISECOND=909,ZONE_OFFSET=0,DST_OFFSET=0], message=null}
04:26:49.913 [main] DEBUG org.hibernate.SQL - insert into LogEntries (logCode, message, primaryUser, secondaryUser, time, id) values (?, ?, ?, ?, ?, ?)
Hibernate: insert into LogEntries (logCode, message, primaryUser, secondaryUser, time, id) values (?, ?, ?, ?, ?, ?)
04:26:49.915 [main] DEBUG o.h.e.j.internal.JdbcCoordinatorImpl - HHH000420: Closing un-released batch
04:26:49.915 [main] DEBUG o.h.e.t.internal.TransactionImpl - begin
04:26:49.916 [main] DEBUG org.hibernate.SQL - select next_val as id_val from hibernate_sequence for update
Hibernate: select next_val as id_val from hibernate_sequence for update
04:26:49.916 [main] DEBUG org.hibernate.SQL - update hibernate_sequence set next_val= ? where next_val=?
Hibernate: update hibernate_sequence set next_val= ? where next_val=?
04:26:49.917 [main] DEBUG o.h.e.i.AbstractSaveEventListener - Generated identifier: 340, using strategy: org.hibernate.id.enhanced.SequenceStyleGenerator
04:26:49.917 [main] DEBUG o.h.e.t.internal.TransactionImpl - committing
04:26:49.917 [main] DEBUG o.h.e.i.AbstractFlushingEventListener - Processing flush-time cascades
04:26:49.917 [main] DEBUG o.h.e.i.AbstractFlushingEventListener - Dirty checking collections
04:26:49.918 [main] DEBUG o.h.e.i.AbstractFlushingEventListener - Flushed: 1 insertions, 0 updates, 0 deletions to 1 objects
04:26:49.918 [main] DEBUG o.h.e.i.AbstractFlushingEventListener - Flushed: 0 (re)creations, 0 updates, 0 removals to 0 collections
04:26:49.918 [main] DEBUG o.h.internal.util.EntityPrinter - Listing entities:
04:26:49.918 [main] DEBUG o.h.internal.util.EntityPrinter - edu.ncsu.csc.itrust2.models.persistent.LogEntry{secondaryUser=null, logCode=5, primaryUser=logapitest, id=340, time=java.util.GregorianCalendar[time=1521606409915,areFieldsSet=true,areAllFieldsSet=true,lenient=true,zone=sun.util.calendar.ZoneInfo[id="Etc/UTC",offset=0,dstSavings=0,useDaylight=false,transitions=0,lastRule=null],firstDayOfWeek=1,minimalDaysInFirstWeek=1,ERA=1,YEAR=2018,MONTH=2,WEEK_OF_YEAR=12,WEEK_OF_MONTH=4,DAY_OF_MONTH=21,DAY_OF_YEAR=80,DAY_OF_WEEK=4,DAY_OF_WEEK_IN_MONTH=3,AM_PM=0,HOUR=4,HOUR_OF_DAY=4,MINUTE=26,SECOND=49,MILLISECOND=915,ZONE_OFFSET=0,DST_OFFSET=0], message=null}
04:26:49.918 [main] DEBUG org.hibernate.SQL - insert into LogEntries (logCode, message, primaryUser, secondaryUser, time, id) values (?, ?, ?, ?, ?, ?)
Hibernate: insert into LogEntries (logCode, message, primaryUser, secondaryUser, time, id) values (?, ?, ?, ?, ?, ?)
04:26:49.920 [main] DEBUG o.h.e.j.internal.JdbcCoordinatorImpl - HHH000420: Closing un-released batch
04:26:49.920 [main] DEBUG o.h.e.t.internal.TransactionImpl - begin
04:26:49.920 [main] DEBUG org.hibernate.SQL - select next_val as id_val from hibernate_sequence for update
Hibernate: select next_val as id_val from hibernate_sequence for update
04:26:49.921 [main] DEBUG org.hibernate.SQL - update hibernate_sequence set next_val= ? where next_val=?
Hibernate: update hibernate_sequence set next_val= ? where next_val=?
04:26:49.922 [main] DEBUG o.h.e.i.AbstractSaveEventListener - Generated identifier: 341, using strategy: org.hibernate.id.enhanced.SequenceStyleGenerator
04:26:49.922 [main] DEBUG o.h.e.t.internal.TransactionImpl - committing
04:26:49.922 [main] DEBUG o.h.e.i.AbstractFlushingEventListener - Processing flush-time cascades
04:26:49.922 [main] DEBUG o.h.e.i.AbstractFlushingEventListener - Dirty checking collections
04:26:49.922 [main] DEBUG o.h.e.i.AbstractFlushingEventListener - Flushed: 1 insertions, 0 updates, 0 deletions to 1 objects
04:26:49.922 [main] DEBUG o.h.e.i.AbstractFlushingEventListener - Flushed: 0 (re)creations, 0 updates, 0 removals to 0 collections
04:26:49.923 [main] DEBUG o.h.internal.util.EntityPrinter - Listing entities:
04:26:49.923 [main] DEBUG o.h.internal.util.EntityPrinter - edu.ncsu.csc.itrust2.models.persistent.LogEntry{secondaryUser=null, logCode=5, primaryUser=logapitest, id=341, time=java.util.GregorianCalendar[time=1521606409920,areFieldsSet=true,areAllFieldsSet=true,lenient=true,zone=sun.util.calendar.ZoneInfo[id="Etc/UTC",offset=0,dstSavings=0,useDaylight=false,transitions=0,lastRule=null],firstDayOfWeek=1,minimalDaysInFirstWeek=1,ERA=1,YEAR=2018,MONTH=2,WEEK_OF_YEAR=12,WEEK_OF_MONTH=4,DAY_OF_MONTH=21,DAY_OF_YEAR=80,DAY_OF_WEEK=4,DAY_OF_WEEK_IN_MONTH=3,AM_PM=0,HOUR=4,HOUR_OF_DAY=4,MINUTE=26,SECOND=49,MILLISECOND=920,ZONE_OFFSET=0,DST_OFFSET=0], message=null}
04:26:49.923 [main] DEBUG org.hibernate.SQL - insert into LogEntries (logCode, message, primaryUser, secondaryUser, time, id) values (?, ?, ?, ?, ?, ?)
Hibernate: insert into LogEntries (logCode, message, primaryUser, secondaryUser, time, id) values (?, ?, ?, ?, ?, ?)
04:26:49.924 [main] DEBUG o.h.e.j.internal.JdbcCoordinatorImpl - HHH000420: Closing un-released batch
04:26:49.924 [main] DEBUG o.h.e.t.internal.TransactionImpl - begin
04:26:49.925 [main] DEBUG org.hibernate.SQL - select next_val as id_val from hibernate_sequence for update
Hibernate: select next_val as id_val from hibernate_sequence for update
04:26:49.925 [main] DEBUG org.hibernate.SQL - update hibernate_sequence set next_val= ? where next_val=?
Hibernate: update hibernate_sequence set next_val= ? where next_val=?
04:26:49.926 [main] DEBUG o.h.e.i.AbstractSaveEventListener - Generated identifier: 342, using strategy: org.hibernate.id.enhanced.SequenceStyleGenerator
04:26:49.926 [main] DEBUG o.h.e.t.internal.TransactionImpl - committing
04:26:49.926 [main] DEBUG o.h.e.i.AbstractFlushingEventListener - Processing flush-time cascades
04:26:49.926 [main] DEBUG o.h.e.i.AbstractFlushingEventListener - Dirty checking collections
04:26:49.927 [main] DEBUG o.h.e.i.AbstractFlushingEventListener - Flushed: 1 insertions, 0 updates, 0 deletions to 1 objects
04:26:49.927 [main] DEBUG o.h.e.i.AbstractFlushingEventListener - Flushed: 0 (re)creations, 0 updates, 0 removals to 0 collections
04:26:49.927 [main] DEBUG o.h.internal.util.EntityPrinter - Listing entities:
04:26:49.927 [main] DEBUG o.h.internal.util.EntityPrinter - edu.ncsu.csc.itrust2.models.persistent.LogEntry{secondaryUser=null, logCode=5, primaryUser=logapitest, id=342, time=java.util.GregorianCalendar[time=1521606409924,areFieldsSet=true,areAllFieldsSet=true,lenient=true,zone=sun.util.calendar.ZoneInfo[id="Etc/UTC",offset=0,dstSavings=0,useDaylight=false,transitions=0,lastRule=null],firstDayOfWeek=1,minimalDaysInFirstWeek=1,ERA=1,YEAR=2018,MONTH=2,WEEK_OF_YEAR=12,WEEK_OF_MONTH=4,DAY_OF_MONTH=21,DAY_OF_YEAR=80,DAY_OF_WEEK=4,DAY_OF_WEEK_IN_MONTH=3,AM_PM=0,HOUR=4,HOUR_OF_DAY=4,MINUTE=26,SECOND=49,MILLISECOND=924,ZONE_OFFSET=0,DST_OFFSET=0], message=null}
04:26:49.927 [main] DEBUG org.hibernate.SQL - insert into LogEntries (logCode, message, primaryUser, secondaryUser, time, id) values (?, ?, ?, ?, ?, ?)
Hibernate: insert into LogEntries (logCode, message, primaryUser, secondaryUser, time, id) values (?, ?, ?, ?, ?, ?)
04:26:49.929 [main] DEBUG o.h.e.j.internal.JdbcCoordinatorImpl - HHH000420: Closing un-released batch
04:26:49.929 [main] DEBUG o.h.e.t.internal.TransactionImpl - begin
04:26:49.930 [main] DEBUG org.hibernate.SQL - select next_val as id_val from hibernate_sequence for update
Hibernate: select next_val as id_val from hibernate_sequence for update
04:26:49.930 [main] DEBUG org.hibernate.SQL - update hibernate_sequence set next_val= ? where next_val=?
Hibernate: update hibernate_sequence set next_val= ? where next_val=?
04:26:49.931 [main] DEBUG o.h.e.i.AbstractSaveEventListener - Generated identifier: 343, using strategy: org.hibernate.id.enhanced.SequenceStyleGenerator
04:26:49.932 [main] DEBUG o.h.e.t.internal.TransactionImpl - committing
04:26:49.932 [main] DEBUG o.h.e.i.AbstractFlushingEventListener - Processing flush-time cascades
04:26:49.932 [main] DEBUG o.h.e.i.AbstractFlushingEventListener - Dirty checking collections
04:26:49.932 [main] DEBUG o.h.e.i.AbstractFlushingEventListener - Flushed: 1 insertions, 0 updates, 0 deletions to 1 objects
04:26:49.932 [main] DEBUG o.h.e.i.AbstractFlushingEventListener - Flushed: 0 (re)creations, 0 updates, 0 removals to 0 collections
04:26:49.932 [main] DEBUG o.h.internal.util.EntityPrinter - Listing entities:
04:26:49.932 [main] DEBUG o.h.internal.util.EntityPrinter - edu.ncsu.csc.itrust2.models.persistent.LogEntry{secondaryUser=null, logCode=5, primaryUser=logapitest, id=343, time=java.util.GregorianCalendar[time=1521606409929,areFieldsSet=true,areAllFieldsSet=true,lenient=true,zone=sun.util.calendar.ZoneInfo[id="Etc/UTC",offset=0,dstSavings=0,useDaylight=false,transitions=0,lastRule=null],firstDayOfWeek=1,minimalDaysInFirstWeek=1,ERA=1,YEAR=2018,MONTH=2,WEEK_OF_YEAR=12,WEEK_OF_MONTH=4,DAY_OF_MONTH=21,DAY_OF_YEAR=80,DAY_OF_WEEK=4,DAY_OF_WEEK_IN_MONTH=3,AM_PM=0,HOUR=4,HOUR_OF_DAY=4,MINUTE=26,SECOND=49,MILLISECOND=929,ZONE_OFFSET=0,DST_OFFSET=0], message=null}
04:26:49.933 [main] DEBUG org.hibernate.SQL - insert into LogEntries (logCode, message, primaryUser, secondaryUser, time, id) values (?, ?, ?, ?, ?, ?)
Hibernate: insert into LogEntries (logCode, message, primaryUser, secondaryUser, time, id) values (?, ?, ?, ?, ?, ?)
04:26:49.934 [main] DEBUG o.h.e.j.internal.JdbcCoordinatorImpl - HHH000420: Closing un-released batch
04:26:49.934 [main] DEBUG o.h.e.t.internal.TransactionImpl - begin
04:26:49.935 [main] DEBUG org.hibernate.SQL - select next_val as id_val from hibernate_sequence for update
Hibernate: select next_val as id_val from hibernate_sequence for update
04:26:49.935 [main] DEBUG org.hibernate.SQL - update hibernate_sequence set next_val= ? where next_val=?
Hibernate: update hibernate_sequence set next_val= ? where next_val=?
04:26:49.936 [main] DEBUG o.h.e.i.AbstractSaveEventListener - Generated identifier: 344, using strategy: org.hibernate.id.enhanced.SequenceStyleGenerator
04:26:49.936 [main] DEBUG o.h.e.t.internal.TransactionImpl - committing
04:26:49.936 [main] DEBUG o.h.e.i.AbstractFlushingEventListener - Processing flush-time cascades
04:26:49.936 [main] DEBUG o.h.e.i.AbstractFlushingEventListener - Dirty checking collections
04:26:49.937 [main] DEBUG o.h.e.i.AbstractFlushingEventListener - Flushed: 1 insertions, 0 updates, 0 deletions to 1 objects
04:26:49.937 [main] DEBUG o.h.e.i.AbstractFlushingEventListener - Flushed: 0 (re)creations, 0 updates, 0 removals to 0 collections
04:26:49.937 [main] DEBUG o.h.internal.util.EntityPrinter - Listing entities:
04:26:49.937 [main] DEBUG o.h.internal.util.EntityPrinter - edu.ncsu.csc.itrust2.models.persistent.LogEntry{secondaryUser=null, logCode=5, primaryUser=logapitest, id=344, time=java.util.GregorianCalendar[time=1521606409934,areFieldsSet=true,areAllFieldsSet=true,lenient=true,zone=sun.util.calendar.ZoneInfo[id="Etc/UTC",offset=0,dstSavings=0,useDaylight=false,transitions=0,lastRule=null],firstDayOfWeek=1,minimalDaysInFirstWeek=1,ERA=1,YEAR=2018,MONTH=2,WEEK_OF_YEAR=12,WEEK_OF_MONTH=4,DAY_OF_MONTH=21,DAY_OF_YEAR=80,DAY_OF_WEEK=4,DAY_OF_WEEK_IN_MONTH=3,AM_PM=0,HOUR=4,HOUR_OF_DAY=4,MINUTE=26,SECOND=49,MILLISECOND=934,ZONE_OFFSET=0,DST_OFFSET=0], message=null}
04:26:49.937 [main] DEBUG org.hibernate.SQL - insert into LogEntries (logCode, message, primaryUser, secondaryUser, time, id) values (?, ?, ?, ?, ?, ?)
Hibernate: insert into LogEntries (logCode, message, primaryUser, secondaryUser, time, id) values (?, ?, ?, ?, ?, ?)
04:26:49.938 [main] DEBUG o.h.e.j.internal.JdbcCoordinatorImpl - HHH000420: Closing un-released batch
04:26:49.939 [main] DEBUG o.h.e.t.internal.TransactionImpl - begin
04:26:49.939 [main] DEBUG org.hibernate.SQL - select next_val as id_val from hibernate_sequence for update
Hibernate: select next_val as id_val from hibernate_sequence for update
04:26:49.940 [main] DEBUG org.hibernate.SQL - update hibernate_sequence set next_val= ? where next_val=?
Hibernate: update hibernate_sequence set next_val= ? where next_val=?
04:26:49.941 [main] DEBUG o.h.e.i.AbstractSaveEventListener - Generated identifier: 345, using strategy: org.hibernate.id.enhanced.SequenceStyleGenerator
04:26:49.941 [main] DEBUG o.h.e.t.internal.TransactionImpl - committing
04:26:49.941 [main] DEBUG o.h.e.i.AbstractFlushingEventListener - Processing flush-time cascades
04:26:49.941 [main] DEBUG o.h.e.i.AbstractFlushingEventListener - Dirty checking collections
04:26:49.941 [main] DEBUG o.h.e.i.AbstractFlushingEventListener - Flushed: 1 insertions, 0 updates, 0 deletions to 1 objects
04:26:49.941 [main] DEBUG o.h.e.i.AbstractFlushingEventListener - Flushed: 0 (re)creations, 0 updates, 0 removals to 0 collections
04:26:49.941 [main] DEBUG o.h.internal.util.EntityPrinter - Listing entities:
04:26:49.941 [main] DEBUG o.h.internal.util.EntityPrinter - edu.ncsu.csc.itrust2.models.persistent.LogEntry{secondaryUser=null, logCode=5, primaryUser=logapitest, id=345, time=java.util.GregorianCalendar[time=1521606409939,areFieldsSet=true,areAllFieldsSet=true,lenient=true,zone=sun.util.calendar.ZoneInfo[id="Etc/UTC",offset=0,dstSavings=0,useDaylight=false,transitions=0,lastRule=null],firstDayOfWeek=1,minimalDaysInFirstWeek=1,ERA=1,YEAR=2018,MONTH=2,WEEK_OF_YEAR=12,WEEK_OF_MONTH=4,DAY_OF_MONTH=21,DAY_OF_YEAR=80,DAY_OF_WEEK=4,DAY_OF_WEEK_IN_MONTH=3,AM_PM=0,HOUR=4,HOUR_OF_DAY=4,MINUTE=26,SECOND=49,MILLISECOND=939,ZONE_OFFSET=0,DST_OFFSET=0], message=null}
04:26:49.942 [main] DEBUG org.hibernate.SQL - insert into LogEntries (logCode, message, primaryUser, secondaryUser, time, id) values (?, ?, ?, ?, ?, ?)
Hibernate: insert into LogEntries (logCode, message, primaryUser, secondaryUser, time, id) values (?, ?, ?, ?, ?, ?)
04:26:49.943 [main] DEBUG o.h.e.j.internal.JdbcCoordinatorImpl - HHH000420: Closing un-released batch
04:26:49.944 [main] DEBUG o.h.e.t.internal.TransactionImpl - begin
04:26:49.944 [main] DEBUG org.hibernate.SQL - select next_val as id_val from hibernate_sequence for update
Hibernate: select next_val as id_val from hibernate_sequence for update
04:26:49.945 [main] DEBUG org.hibernate.SQL - update hibernate_sequence set next_val= ? where next_val=?
Hibernate: update hibernate_sequence set next_val= ? where next_val=?
04:26:49.946 [main] DEBUG o.h.e.i.AbstractSaveEventListener - Generated identifier: 346, using strategy: org.hibernate.id.enhanced.SequenceStyleGenerator
04:26:49.946 [main] DEBUG o.h.e.t.internal.TransactionImpl - committing
04:26:49.946 [main] DEBUG o.h.e.i.AbstractFlushingEventListener - Processing flush-time cascades
04:26:49.946 [main] DEBUG o.h.e.i.AbstractFlushingEventListener - Dirty checking collections
04:26:49.947 [main] DEBUG o.h.e.i.AbstractFlushingEventListener - Flushed: 1 insertions, 0 updates, 0 deletions to 1 objects
04:26:49.947 [main] DEBUG o.h.e.i.AbstractFlushingEventListener - Flushed: 0 (re)creations, 0 updates, 0 removals to 0 collections
04:26:49.947 [main] DEBUG o.h.internal.util.EntityPrinter - Listing entities:
04:26:49.947 [main] DEBUG o.h.internal.util.EntityPrinter - edu.ncsu.csc.itrust2.models.persistent.LogEntry{secondaryUser=null, logCode=5, primaryUser=logapitest, id=346, time=java.util.GregorianCalendar[time=1521606409943,areFieldsSet=true,areAllFieldsSet=true,lenient=true,zone=sun.util.calendar.ZoneInfo[id="Etc/UTC",offset=0,dstSavings=0,useDaylight=false,transitions=0,lastRule=null],firstDayOfWeek=1,minimalDaysInFirstWeek=1,ERA=1,YEAR=2018,MONTH=2,WEEK_OF_YEAR=12,WEEK_OF_MONTH=4,DAY_OF_MONTH=21,DAY_OF_YEAR=80,DAY_OF_WEEK=4,DAY_OF_WEEK_IN_MONTH=3,AM_PM=0,HOUR=4,HOUR_OF_DAY=4,MINUTE=26,SECOND=49,MILLISECOND=943,ZONE_OFFSET=0,DST_OFFSET=0], message=null}
04:26:49.947 [main] DEBUG org.hibernate.SQL - insert into LogEntries (logCode, message, primaryUser, secondaryUser, time, id) values (?, ?, ?, ?, ?, ?)
Hibernate: insert into LogEntries (logCode, message, primaryUser, secondaryUser, time, id) values (?, ?, ?, ?, ?, ?)
04:26:49.948 [main] DEBUG o.h.e.j.internal.JdbcCoordinatorImpl - HHH000420: Closing un-released batch
04:26:49.949 [main] DEBUG o.h.e.t.internal.TransactionImpl - begin
04:26:49.949 [main] DEBUG org.hibernate.SQL - select next_val as id_val from hibernate_sequence for update
Hibernate: select next_val as id_val from hibernate_sequence for update
04:26:49.950 [main] DEBUG org.hibernate.SQL - update hibernate_sequence set next_val= ? where next_val=?
Hibernate: update hibernate_sequence set next_val= ? where next_val=?
04:26:49.951 [main] DEBUG o.h.e.i.AbstractSaveEventListener - Generated identifier: 347, using strategy: org.hibernate.id.enhanced.SequenceStyleGenerator
04:26:49.951 [main] DEBUG o.h.e.t.internal.TransactionImpl - committing
04:26:49.951 [main] DEBUG o.h.e.i.AbstractFlushingEventListener - Processing flush-time cascades
04:26:49.951 [main] DEBUG o.h.e.i.AbstractFlushingEventListener - Dirty checking collections
04:26:49.952 [main] DEBUG o.h.e.i.AbstractFlushingEventListener - Flushed: 1 insertions, 0 updates, 0 deletions to 1 objects
04:26:49.952 [main] DEBUG o.h.e.i.AbstractFlushingEventListener - Flushed: 0 (re)creations, 0 updates, 0 removals to 0 collections
04:26:49.952 [main] DEBUG o.h.internal.util.EntityPrinter - Listing entities:
04:26:49.952 [main] DEBUG o.h.internal.util.EntityPrinter - edu.ncsu.csc.itrust2.models.persistent.LogEntry{secondaryUser=null, logCode=5, primaryUser=logapitest, id=347, time=java.util.GregorianCalendar[time=1521606409949,areFieldsSet=true,areAllFieldsSet=true,lenient=true,zone=sun.util.calendar.ZoneInfo[id="Etc/UTC",offset=0,dstSavings=0,useDaylight=false,transitions=0,lastRule=null],firstDayOfWeek=1,minimalDaysInFirstWeek=1,ERA=1,YEAR=2018,MONTH=2,WEEK_OF_YEAR=12,WEEK_OF_MONTH=4,DAY_OF_MONTH=21,DAY_OF_YEAR=80,DAY_OF_WEEK=4,DAY_OF_WEEK_IN_MONTH=3,AM_PM=0,HOUR=4,HOUR_OF_DAY=4,MINUTE=26,SECOND=49,MILLISECOND=949,ZONE_OFFSET=0,DST_OFFSET=0], message=null}
04:26:49.952 [main] DEBUG org.hibernate.SQL - insert into LogEntries (logCode, message, primaryUser, secondaryUser, time, id) values (?, ?, ?, ?, ?, ?)
Hibernate: insert into LogEntries (logCode, message, primaryUser, secondaryUser, time, id) values (?, ?, ?, ?, ?, ?)
04:26:49.954 [main] DEBUG o.h.e.j.internal.JdbcCoordinatorImpl - HHH000420: Closing un-released batch
04:26:49.954 [main] DEBUG o.h.e.t.internal.TransactionImpl - begin
04:26:49.955 [main] DEBUG org.hibernate.SQL - select next_val as id_val from hibernate_sequence for update
Hibernate: select next_val as id_val from hibernate_sequence for update
04:26:49.955 [main] DEBUG org.hibernate.SQL - update hibernate_sequence set next_val= ? where next_val=?
Hibernate: update hibernate_sequence set next_val= ? where next_val=?
04:26:49.956 [main] DEBUG o.h.e.i.AbstractSaveEventListener - Generated identifier: 348, using strategy: org.hibernate.id.enhanced.SequenceStyleGenerator
04:26:49.956 [main] DEBUG o.h.e.t.internal.TransactionImpl - committing
04:26:49.956 [main] DEBUG o.h.e.i.AbstractFlushingEventListener - Processing flush-time cascades
04:26:49.956 [main] DEBUG o.h.e.i.AbstractFlushingEventListener - Dirty checking collections
04:26:49.956 [main] DEBUG o.h.e.i.AbstractFlushingEventListener - Flushed: 1 insertions, 0 updates, 0 deletions to 1 objects
04:26:49.957 [main] DEBUG o.h.e.i.AbstractFlushingEventListener - Flushed: 0 (re)creations, 0 updates, 0 removals to 0 collections
04:26:49.957 [main] DEBUG o.h.internal.util.EntityPrinter - Listing entities:
04:26:49.957 [main] DEBUG o.h.internal.util.EntityPrinter - edu.ncsu.csc.itrust2.models.persistent.LogEntry{secondaryUser=null, logCode=5, primaryUser=logapitest, id=348, time=java.util.GregorianCalendar[time=1521606409954,areFieldsSet=true,areAllFieldsSet=true,lenient=true,zone=sun.util.calendar.ZoneInfo[id="Etc/UTC",offset=0,dstSavings=0,useDaylight=false,transitions=0,lastRule=null],firstDayOfWeek=1,minimalDaysInFirstWeek=1,ERA=1,YEAR=2018,MONTH=2,WEEK_OF_YEAR=12,WEEK_OF_MONTH=4,DAY_OF_MONTH=21,DAY_OF_YEAR=80,DAY_OF_WEEK=4,DAY_OF_WEEK_IN_MONTH=3,AM_PM=0,HOUR=4,HOUR_OF_DAY=4,MINUTE=26,SECOND=49,MILLISECOND=954,ZONE_OFFSET=0,DST_OFFSET=0], message=null}
04:26:49.957 [main] DEBUG org.hibernate.SQL - insert into LogEntries (logCode, message, primaryUser, secondaryUser, time, id) values (?, ?, ?, ?, ?, ?)
Hibernate: insert into LogEntries (logCode, message, primaryUser, secondaryUser, time, id) values (?, ?, ?, ?, ?, ?)
04:26:49.958 [main] DEBUG o.h.e.j.internal.JdbcCoordinatorImpl - HHH000420: Closing un-released batch
04:26:49.959 [main] DEBUG o.h.e.t.internal.TransactionImpl - begin
04:26:49.959 [main] DEBUG org.hibernate.SQL - select next_val as id_val from hibernate_sequence for update
Hibernate: select next_val as id_val from hibernate_sequence for update
04:26:49.960 [main] DEBUG org.hibernate.SQL - update hibernate_sequence set next_val= ? where next_val=?
Hibernate: update hibernate_sequence set next_val= ? where next_val=?
04:26:49.960 [main] DEBUG o.h.e.i.AbstractSaveEventListener - Generated identifier: 349, using strategy: org.hibernate.id.enhanced.SequenceStyleGenerator
04:26:49.961 [main] DEBUG o.h.e.t.internal.TransactionImpl - committing
04:26:49.961 [main] DEBUG o.h.e.i.AbstractFlushingEventListener - Processing flush-time cascades
04:26:49.961 [main] DEBUG o.h.e.i.AbstractFlushingEventListener - Dirty checking collections
04:26:49.961 [main] DEBUG o.h.e.i.AbstractFlushingEventListener - Flushed: 1 insertions, 0 updates, 0 deletions to 1 objects
04:26:49.961 [main] DEBUG o.h.e.i.AbstractFlushingEventListener - Flushed: 0 (re)creations, 0 updates, 0 removals to 0 collections
04:26:49.961 [main] DEBUG o.h.internal.util.EntityPrinter - Listing entities:
04:26:49.961 [main] DEBUG o.h.internal.util.EntityPrinter - edu.ncsu.csc.itrust2.models.persistent.LogEntry{secondaryUser=null, logCode=5, primaryUser=logapitest, id=349, time=java.util.GregorianCalendar[time=1521606409959,areFieldsSet=true,areAllFieldsSet=true,lenient=true,zone=sun.util.calendar.ZoneInfo[id="Etc/UTC",offset=0,dstSavings=0,useDaylight=false,transitions=0,lastRule=null],firstDayOfWeek=1,minimalDaysInFirstWeek=1,ERA=1,YEAR=2018,MONTH=2,WEEK_OF_YEAR=12,WEEK_OF_MONTH=4,DAY_OF_MONTH=21,DAY_OF_YEAR=80,DAY_OF_WEEK=4,DAY_OF_WEEK_IN_MONTH=3,AM_PM=0,HOUR=4,HOUR_OF_DAY=4,MINUTE=26,SECOND=49,MILLISECOND=959,ZONE_OFFSET=0,DST_OFFSET=0], message=null}
04:26:49.962 [main] DEBUG org.hibernate.SQL - insert into LogEntries (logCode, message, primaryUser, secondaryUser, time, id) values (?, ?, ?, ?, ?, ?)
Hibernate: insert into LogEntries (logCode, message, primaryUser, secondaryUser, time, id) values (?, ?, ?, ?, ?, ?)
04:26:49.963 [main] DEBUG o.h.e.j.internal.JdbcCoordinatorImpl - HHH000420: Closing un-released batch
04:26:49.964 [main] DEBUG o.h.e.t.internal.TransactionImpl - begin
04:26:49.964 [main] DEBUG org.hibernate.SQL - select next_val as id_val from hibernate_sequence for update
Hibernate: select next_val as id_val from hibernate_sequence for update
04:26:49.965 [main] DEBUG org.hibernate.SQL - update hibernate_sequence set next_val= ? where next_val=?
Hibernate: update hibernate_sequence set next_val= ? where next_val=?
04:26:49.966 [main] DEBUG o.h.e.i.AbstractSaveEventListener - Generated identifier: 350, using strategy: org.hibernate.id.enhanced.SequenceStyleGenerator
04:26:49.966 [main] DEBUG o.h.e.t.internal.TransactionImpl - committing
04:26:49.966 [main] DEBUG o.h.e.i.AbstractFlushingEventListener - Processing flush-time cascades
04:26:49.966 [main] DEBUG o.h.e.i.AbstractFlushingEventListener - Dirty checking collections
04:26:49.966 [main] DEBUG o.h.e.i.AbstractFlushingEventListener - Flushed: 1 insertions, 0 updates, 0 deletions to 1 objects
04:26:49.967 [main] DEBUG o.h.e.i.AbstractFlushingEventListener - Flushed: 0 (re)creations, 0 updates, 0 removals to 0 collections
04:26:49.967 [main] DEBUG o.h.internal.util.EntityPrinter - Listing entities:
04:26:49.967 [main] DEBUG o.h.internal.util.EntityPrinter - edu.ncsu.csc.itrust2.models.persistent.LogEntry{secondaryUser=null, logCode=5, primaryUser=logapitest, id=350, time=java.util.GregorianCalendar[time=1521606409964,areFieldsSet=true,areAllFieldsSet=true,lenient=true,zone=sun.util.calendar.ZoneInfo[id="Etc/UTC",offset=0,dstSavings=0,useDaylight=false,transitions=0,lastRule=null],firstDayOfWeek=1,minimalDaysInFirstWeek=1,ERA=1,YEAR=2018,MONTH=2,WEEK_OF_YEAR=12,WEEK_OF_MONTH=4,DAY_OF_MONTH=21,DAY_OF_YEAR=80,DAY_OF_WEEK=4,DAY_OF_WEEK_IN_MONTH=3,AM_PM=0,HOUR=4,HOUR_OF_DAY=4,MINUTE=26,SECOND=49,MILLISECOND=964,ZONE_OFFSET=0,DST_OFFSET=0], message=null}
04:26:49.967 [main] DEBUG org.hibernate.SQL - insert into LogEntries (logCode, message, primaryUser, secondaryUser, time, id) values (?, ?, ?, ?, ?, ?)
Hibernate: insert into LogEntries (logCode, message, primaryUser, secondaryUser, time, id) values (?, ?, ?, ?, ?, ?)
04:26:49.969 [main] DEBUG o.h.e.j.internal.JdbcCoordinatorImpl - HHH000420: Closing un-released batch
04:26:49.969 [main] DEBUG o.h.e.t.internal.TransactionImpl - begin
04:26:49.969 [main] DEBUG org.hibernate.SQL - select next_val as id_val from hibernate_sequence for update
Hibernate: select next_val as id_val from hibernate_sequence for update
04:26:49.970 [main] DEBUG org.hibernate.SQL - update hibernate_sequence set next_val= ? where next_val=?
Hibernate: update hibernate_sequence set next_val= ? where next_val=?
04:26:49.971 [main] DEBUG o.h.e.i.AbstractSaveEventListener - Generated identifier: 351, using strategy: org.hibernate.id.enhanced.SequenceStyleGenerator
04:26:49.972 [main] DEBUG o.h.e.t.internal.TransactionImpl - committing
04:26:49.972 [main] DEBUG o.h.e.i.AbstractFlushingEventListener - Processing flush-time cascades
04:26:49.972 [main] DEBUG o.h.e.i.AbstractFlushingEventListener - Dirty checking collections
04:26:49.972 [main] DEBUG o.h.e.i.AbstractFlushingEventListener - Flushed: 1 insertions, 0 updates, 0 deletions to 1 objects
04:26:49.972 [main] DEBUG o.h.e.i.AbstractFlushingEventListener - Flushed: 0 (re)creations, 0 updates, 0 removals to 0 collections
04:26:49.972 [main] DEBUG o.h.internal.util.EntityPrinter - Listing entities:
04:26:49.972 [main] DEBUG o.h.internal.util.EntityPrinter - edu.ncsu.csc.itrust2.models.persistent.LogEntry{secondaryUser=null, logCode=5, primaryUser=logapitest, id=351, time=java.util.GregorianCalendar[time=1521606409969,areFieldsSet=true,areAllFieldsSet=true,lenient=true,zone=sun.util.calendar.ZoneInfo[id="Etc/UTC",offset=0,dstSavings=0,useDaylight=false,transitions=0,lastRule=null],firstDayOfWeek=1,minimalDaysInFirstWeek=1,ERA=1,YEAR=2018,MONTH=2,WEEK_OF_YEAR=12,WEEK_OF_MONTH=4,DAY_OF_MONTH=21,DAY_OF_YEAR=80,DAY_OF_WEEK=4,DAY_OF_WEEK_IN_MONTH=3,AM_PM=0,HOUR=4,HOUR_OF_DAY=4,MINUTE=26,SECOND=49,MILLISECOND=969,ZONE_OFFSET=0,DST_OFFSET=0], message=null}
04:26:49.973 [main] DEBUG org.hibernate.SQL - insert into LogEntries (logCode, message, primaryUser, secondaryUser, time, id) values (?, ?, ?, ?, ?, ?)
Hibernate: insert into LogEntries (logCode, message, primaryUser, secondaryUser, time, id) values (?, ?, ?, ?, ?, ?)
04:26:49.974 [main] DEBUG o.h.e.j.internal.JdbcCoordinatorImpl - HHH000420: Closing un-released batch
04:26:49.975 [main] DEBUG o.h.e.t.internal.TransactionImpl - begin
04:26:49.975 [main] DEBUG org.hibernate.SQL - select next_val as id_val from hibernate_sequence for update
Hibernate: select next_val as id_val from hibernate_sequence for update
04:26:49.976 [main] DEBUG org.hibernate.SQL - update hibernate_sequence set next_val= ? where next_val=?
Hibernate: update hibernate_sequence set next_val= ? where next_val=?
04:26:49.977 [main] DEBUG o.h.e.i.AbstractSaveEventListener - Generated identifier: 352, using strategy: org.hibernate.id.enhanced.SequenceStyleGenerator
04:26:49.978 [main] DEBUG o.h.e.t.internal.TransactionImpl - committing
04:26:49.978 [main] DEBUG o.h.e.i.AbstractFlushingEventListener - Processing flush-time cascades
04:26:49.978 [main] DEBUG o.h.e.i.AbstractFlushingEventListener - Dirty checking collections
04:26:49.978 [main] DEBUG o.h.e.i.AbstractFlushingEventListener - Flushed: 1 insertions, 0 updates, 0 deletions to 1 objects
04:26:49.978 [main] DEBUG o.h.e.i.AbstractFlushingEventListener - Flushed: 0 (re)creations, 0 updates, 0 removals to 0 collections
04:26:49.978 [main] DEBUG o.h.internal.util.EntityPrinter - Listing entities:
04:26:49.979 [main] DEBUG o.h.internal.util.EntityPrinter - edu.ncsu.csc.itrust2.models.persistent.LogEntry{secondaryUser=null, logCode=5, primaryUser=logapitest, id=352, time=java.util.GregorianCalendar[time=1521606409975,areFieldsSet=true,areAllFieldsSet=true,lenient=true,zone=sun.util.calendar.ZoneInfo[id="Etc/UTC",offset=0,dstSavings=0,useDaylight=false,transitions=0,lastRule=null],firstDayOfWeek=1,minimalDaysInFirstWeek=1,ERA=1,YEAR=2018,MONTH=2,WEEK_OF_YEAR=12,WEEK_OF_MONTH=4,DAY_OF_MONTH=21,DAY_OF_YEAR=80,DAY_OF_WEEK=4,DAY_OF_WEEK_IN_MONTH=3,AM_PM=0,HOUR=4,HOUR_OF_DAY=4,MINUTE=26,SECOND=49,MILLISECOND=975,ZONE_OFFSET=0,DST_OFFSET=0], message=null}
04:26:49.979 [main] DEBUG org.hibernate.SQL - insert into LogEntries (logCode, message, primaryUser, secondaryUser, time, id) values (?, ?, ?, ?, ?, ?)
Hibernate: insert into LogEntries (logCode, message, primaryUser, secondaryUser, time, id) values (?, ?, ?, ?, ?, ?)
04:26:49.981 [main] DEBUG o.h.e.j.internal.JdbcCoordinatorImpl - HHH000420: Closing un-released batch
04:26:49.982 [main] DEBUG o.h.e.t.internal.TransactionImpl - begin
04:26:49.982 [main] DEBUG org.hibernate.SQL - select next_val as id_val from hibernate_sequence for update
Hibernate: select next_val as id_val from hibernate_sequence for update
04:26:49.983 [main] DEBUG org.hibernate.SQL - update hibernate_sequence set next_val= ? where next_val=?
Hibernate: update hibernate_sequence set next_val= ? where next_val=?
04:26:49.985 [main] DEBUG o.h.e.i.AbstractSaveEventListener - Generated identifier: 353, using strategy: org.hibernate.id.enhanced.SequenceStyleGenerator
04:26:49.985 [main] DEBUG o.h.e.t.internal.TransactionImpl - committing
04:26:49.985 [main] DEBUG o.h.e.i.AbstractFlushingEventListener - Processing flush-time cascades
04:26:49.985 [main] DEBUG o.h.e.i.AbstractFlushingEventListener - Dirty checking collections
04:26:49.986 [main] DEBUG o.h.e.i.AbstractFlushingEventListener - Flushed: 1 insertions, 0 updates, 0 deletions to 1 objects
04:26:49.986 [main] DEBUG o.h.e.i.AbstractFlushingEventListener - Flushed: 0 (re)creations, 0 updates, 0 removals to 0 collections
04:26:49.986 [main] DEBUG o.h.internal.util.EntityPrinter - Listing entities:
04:26:49.986 [main] DEBUG o.h.internal.util.EntityPrinter - edu.ncsu.csc.itrust2.models.persistent.LogEntry{secondaryUser=null, logCode=5, primaryUser=logapitest, id=353, time=java.util.GregorianCalendar[time=1521606409982,areFieldsSet=true,areAllFieldsSet=true,lenient=true,zone=sun.util.calendar.ZoneInfo[id="Etc/UTC",offset=0,dstSavings=0,useDaylight=false,transitions=0,lastRule=null],firstDayOfWeek=1,minimalDaysInFirstWeek=1,ERA=1,YEAR=2018,MONTH=2,WEEK_OF_YEAR=12,WEEK_OF_MONTH=4,DAY_OF_MONTH=21,DAY_OF_YEAR=80,DAY_OF_WEEK=4,DAY_OF_WEEK_IN_MONTH=3,AM_PM=0,HOUR=4,HOUR_OF_DAY=4,MINUTE=26,SECOND=49,MILLISECOND=982,ZONE_OFFSET=0,DST_OFFSET=0], message=null}
04:26:49.986 [main] DEBUG org.hibernate.SQL - insert into LogEntries (logCode, message, primaryUser, secondaryUser, time, id) values (?, ?, ?, ?, ?, ?)
Hibernate: insert into LogEntries (logCode, message, primaryUser, secondaryUser, time, id) values (?, ?, ?, ?, ?, ?)
04:26:49.988 [main] DEBUG o.h.e.j.internal.JdbcCoordinatorImpl - HHH000420: Closing un-released batch
04:26:49.988 [main] DEBUG o.h.e.t.internal.TransactionImpl - begin
04:26:49.989 [main] DEBUG org.hibernate.SQL - select next_val as id_val from hibernate_sequence for update
Hibernate: select next_val as id_val from hibernate_sequence for update
04:26:49.989 [main] DEBUG org.hibernate.SQL - update hibernate_sequence set next_val= ? where next_val=?
Hibernate: update hibernate_sequence set next_val= ? where next_val=?
04:26:49.991 [main] DEBUG o.h.e.i.AbstractSaveEventListener - Generated identifier: 354, using strategy: org.hibernate.id.enhanced.SequenceStyleGenerator
04:26:49.991 [main] DEBUG o.h.e.t.internal.TransactionImpl - committing
04:26:49.991 [main] DEBUG o.h.e.i.AbstractFlushingEventListener - Processing flush-time cascades
04:26:49.991 [main] DEBUG o.h.e.i.AbstractFlushingEventListener - Dirty checking collections
04:26:49.991 [main] DEBUG o.h.e.i.AbstractFlushingEventListener - Flushed: 1 insertions, 0 updates, 0 deletions to 1 objects
04:26:49.991 [main] DEBUG o.h.e.i.AbstractFlushingEventListener - Flushed: 0 (re)creations, 0 updates, 0 removals to 0 collections
04:26:49.991 [main] DEBUG o.h.internal.util.EntityPrinter - Listing entities:
04:26:49.992 [main] DEBUG o.h.internal.util.EntityPrinter - edu.ncsu.csc.itrust2.models.persistent.LogEntry{secondaryUser=null, logCode=5, primaryUser=logapitest, id=354, time=java.util.GregorianCalendar[time=1521606409988,areFieldsSet=true,areAllFieldsSet=true,lenient=true,zone=sun.util.calendar.ZoneInfo[id="Etc/UTC",offset=0,dstSavings=0,useDaylight=false,transitions=0,lastRule=null],firstDayOfWeek=1,minimalDaysInFirstWeek=1,ERA=1,YEAR=2018,MONTH=2,WEEK_OF_YEAR=12,WEEK_OF_MONTH=4,DAY_OF_MONTH=21,DAY_OF_YEAR=80,DAY_OF_WEEK=4,DAY_OF_WEEK_IN_MONTH=3,AM_PM=0,HOUR=4,HOUR_OF_DAY=4,MINUTE=26,SECOND=49,MILLISECOND=988,ZONE_OFFSET=0,DST_OFFSET=0], message=null}
04:26:49.992 [main] DEBUG org.hibernate.SQL - insert into LogEntries (logCode, message, primaryUser, secondaryUser, time, id) values (?, ?, ?, ?, ?, ?)
Hibernate: insert into LogEntries (logCode, message, primaryUser, secondaryUser, time, id) values (?, ?, ?, ?, ?, ?)
04:26:49.994 [main] DEBUG o.h.e.j.internal.JdbcCoordinatorImpl - HHH000420: Closing un-released batch
04:26:49.995 [main] DEBUG o.h.e.t.internal.TransactionImpl - begin
04:26:49.995 [main] DEBUG org.hibernate.SQL - select next_val as id_val from hibernate_sequence for update
Hibernate: select next_val as id_val from hibernate_sequence for update
04:26:49.996 [main] DEBUG org.hibernate.SQL - update hibernate_sequence set next_val= ? where next_val=?
Hibernate: update hibernate_sequence set next_val= ? where next_val=?
04:26:49.997 [main] DEBUG o.h.e.i.AbstractSaveEventListener - Generated identifier: 355, using strategy: org.hibernate.id.enhanced.SequenceStyleGenerator
04:26:49.997 [main] DEBUG o.h.e.t.internal.TransactionImpl - committing
04:26:49.997 [main] DEBUG o.h.e.i.AbstractFlushingEventListener - Processing flush-time cascades
04:26:49.997 [main] DEBUG o.h.e.i.AbstractFlushingEventListener - Dirty checking collections
04:26:49.997 [main] DEBUG o.h.e.i.AbstractFlushingEventListener - Flushed: 1 insertions, 0 updates, 0 deletions to 1 objects
04:26:49.997 [main] DEBUG o.h.e.i.AbstractFlushingEventListener - Flushed: 0 (re)creations, 0 updates, 0 removals to 0 collections
04:26:49.997 [main] DEBUG o.h.internal.util.EntityPrinter - Listing entities:
04:26:49.997 [main] DEBUG o.h.internal.util.EntityPrinter - edu.ncsu.csc.itrust2.models.persistent.LogEntry{secondaryUser=null, logCode=5, primaryUser=logapitest, id=355, time=java.util.GregorianCalendar[time=1521606409995,areFieldsSet=true,areAllFieldsSet=true,lenient=true,zone=sun.util.calendar.ZoneInfo[id="Etc/UTC",offset=0,dstSavings=0,useDaylight=false,transitions=0,lastRule=null],firstDayOfWeek=1,minimalDaysInFirstWeek=1,ERA=1,YEAR=2018,MONTH=2,WEEK_OF_YEAR=12,WEEK_OF_MONTH=4,DAY_OF_MONTH=21,DAY_OF_YEAR=80,DAY_OF_WEEK=4,DAY_OF_WEEK_IN_MONTH=3,AM_PM=0,HOUR=4,HOUR_OF_DAY=4,MINUTE=26,SECOND=49,MILLISECOND=995,ZONE_OFFSET=0,DST_OFFSET=0], message=null}
04:26:49.998 [main] DEBUG org.hibernate.SQL - insert into LogEntries (logCode, message, primaryUser, secondaryUser, time, id) values (?, ?, ?, ?, ?, ?)
Hibernate: insert into LogEntries (logCode, message, primaryUser, secondaryUser, time, id) values (?, ?, ?, ?, ?, ?)
04:26:49.999 [main] DEBUG o.h.e.j.internal.JdbcCoordinatorImpl - HHH000420: Closing un-released batch
04:26:50.000 [main] DEBUG o.h.e.t.internal.TransactionImpl - begin
04:26:50.000 [main] DEBUG org.hibernate.SQL - select next_val as id_val from hibernate_sequence for update
Hibernate: select next_val as id_val from hibernate_sequence for update
04:26:50.000 [main] DEBUG org.hibernate.SQL - update hibernate_sequence set next_val= ? where next_val=?
Hibernate: update hibernate_sequence set next_val= ? where next_val=?
04:26:50.002 [main] DEBUG o.h.e.i.AbstractSaveEventListener - Generated identifier: 356, using strategy: org.hibernate.id.enhanced.SequenceStyleGenerator
04:26:50.002 [main] DEBUG o.h.e.t.internal.TransactionImpl - committing
04:26:50.002 [main] DEBUG o.h.e.i.AbstractFlushingEventListener - Processing flush-time cascades
04:26:50.002 [main] DEBUG o.h.e.i.AbstractFlushingEventListener - Dirty checking collections
04:26:50.002 [main] DEBUG o.h.e.i.AbstractFlushingEventListener - Flushed: 1 insertions, 0 updates, 0 deletions to 1 objects
04:26:50.002 [main] DEBUG o.h.e.i.AbstractFlushingEventListener - Flushed: 0 (re)creations, 0 updates, 0 removals to 0 collections
04:26:50.003 [main] DEBUG o.h.internal.util.EntityPrinter - Listing entities:
04:26:50.003 [main] DEBUG o.h.internal.util.EntityPrinter - edu.ncsu.csc.itrust2.models.persistent.LogEntry{secondaryUser=null, logCode=5, primaryUser=logapitest, id=356, time=java.util.GregorianCalendar[time=1521606410000,areFieldsSet=true,areAllFieldsSet=true,lenient=true,zone=sun.util.calendar.ZoneInfo[id="Etc/UTC",offset=0,dstSavings=0,useDaylight=false,transitions=0,lastRule=null],firstDayOfWeek=1,minimalDaysInFirstWeek=1,ERA=1,YEAR=2018,MONTH=2,WEEK_OF_YEAR=12,WEEK_OF_MONTH=4,DAY_OF_MONTH=21,DAY_OF_YEAR=80,DAY_OF_WEEK=4,DAY_OF_WEEK_IN_MONTH=3,AM_PM=0,HOUR=4,HOUR_OF_DAY=4,MINUTE=26,SECOND=50,MILLISECOND=0,ZONE_OFFSET=0,DST_OFFSET=0], message=null}
04:26:50.003 [main] DEBUG org.hibernate.SQL - insert into LogEntries (logCode, message, primaryUser, secondaryUser, time, id) values (?, ?, ?, ?, ?, ?)
Hibernate: insert into LogEntries (logCode, message, primaryUser, secondaryUser, time, id) values (?, ?, ?, ?, ?, ?)
04:26:50.005 [main] DEBUG o.h.e.j.internal.JdbcCoordinatorImpl - HHH000420: Closing un-released batch
04:26:50.006 [main] DEBUG o.h.e.t.internal.TransactionImpl - begin
04:26:50.006 [main] DEBUG org.hibernate.SQL - select next_val as id_val from hibernate_sequence for update
Hibernate: select next_val as id_val from hibernate_sequence for update
04:26:50.007 [main] DEBUG org.hibernate.SQL - update hibernate_sequence set next_val= ? where next_val=?
Hibernate: update hibernate_sequence set next_val= ? where next_val=?
04:26:50.008 [main] DEBUG o.h.e.i.AbstractSaveEventListener - Generated identifier: 357, using strategy: org.hibernate.id.enhanced.SequenceStyleGenerator
04:26:50.009 [main] DEBUG o.h.e.t.internal.TransactionImpl - committing
04:26:50.009 [main] DEBUG o.h.e.i.AbstractFlushingEventListener - Processing flush-time cascades
04:26:50.009 [main] DEBUG o.h.e.i.AbstractFlushingEventListener - Dirty checking collections
04:26:50.009 [main] DEBUG o.h.e.i.AbstractFlushingEventListener - Flushed: 1 insertions, 0 updates, 0 deletions to 1 objects
04:26:50.009 [main] DEBUG o.h.e.i.AbstractFlushingEventListener - Flushed: 0 (re)creations, 0 updates, 0 removals to 0 collections
04:26:50.009 [main] DEBUG o.h.internal.util.EntityPrinter - Listing entities:
04:26:50.010 [main] DEBUG o.h.internal.util.EntityPrinter - edu.ncsu.csc.itrust2.models.persistent.LogEntry{secondaryUser=null, logCode=5, primaryUser=logapitest, id=357, time=java.util.GregorianCalendar[time=1521606410006,areFieldsSet=true,areAllFieldsSet=true,lenient=true,zone=sun.util.calendar.ZoneInfo[id="Etc/UTC",offset=0,dstSavings=0,useDaylight=false,transitions=0,lastRule=null],firstDayOfWeek=1,minimalDaysInFirstWeek=1,ERA=1,YEAR=2018,MONTH=2,WEEK_OF_YEAR=12,WEEK_OF_MONTH=4,DAY_OF_MONTH=21,DAY_OF_YEAR=80,DAY_OF_WEEK=4,DAY_OF_WEEK_IN_MONTH=3,AM_PM=0,HOUR=4,HOUR_OF_DAY=4,MINUTE=26,SECOND=50,MILLISECOND=6,ZONE_OFFSET=0,DST_OFFSET=0], message=null}
04:26:50.010 [main] DEBUG org.hibernate.SQL - insert into LogEntries (logCode, message, primaryUser, secondaryUser, time, id) values (?, ?, ?, ?, ?, ?)
Hibernate: insert into LogEntries (logCode, message, primaryUser, secondaryUser, time, id) values (?, ?, ?, ?, ?, ?)
04:26:50.012 [main] DEBUG o.h.e.j.internal.JdbcCoordinatorImpl - HHH000420: Closing un-released batch
04:26:50.013 [main] DEBUG o.h.e.t.internal.TransactionImpl - begin
04:26:50.013 [main] DEBUG org.hibernate.SQL - select next_val as id_val from hibernate_sequence for update
Hibernate: select next_val as id_val from hibernate_sequence for update
04:26:50.014 [main] DEBUG org.hibernate.SQL - update hibernate_sequence set next_val= ? where next_val=?
Hibernate: update hibernate_sequence set next_val= ? where next_val=?
04:26:50.015 [main] DEBUG o.h.e.i.AbstractSaveEventListener - Generated identifier: 358, using strategy: org.hibernate.id.enhanced.SequenceStyleGenerator
04:26:50.015 [main] DEBUG o.h.e.t.internal.TransactionImpl - committing
04:26:50.015 [main] DEBUG o.h.e.i.AbstractFlushingEventListener - Processing flush-time cascades
04:26:50.015 [main] DEBUG o.h.e.i.AbstractFlushingEventListener - Dirty checking collections
04:26:50.016 [main] DEBUG o.h.e.i.AbstractFlushingEventListener - Flushed: 1 insertions, 0 updates, 0 deletions to 1 objects
04:26:50.016 [main] DEBUG o.h.e.i.AbstractFlushingEventListener - Flushed: 0 (re)creations, 0 updates, 0 removals to 0 collections
04:26:50.016 [main] DEBUG o.h.internal.util.EntityPrinter - Listing entities:
04:26:50.016 [main] DEBUG o.h.internal.util.EntityPrinter - edu.ncsu.csc.itrust2.models.persistent.LogEntry{secondaryUser=null, logCode=5, primaryUser=logapitest, id=358, time=java.util.GregorianCalendar[time=1521606410012,areFieldsSet=true,areAllFieldsSet=true,lenient=true,zone=sun.util.calendar.ZoneInfo[id="Etc/UTC",offset=0,dstSavings=0,useDaylight=false,transitions=0,lastRule=null],firstDayOfWeek=1,minimalDaysInFirstWeek=1,ERA=1,YEAR=2018,MONTH=2,WEEK_OF_YEAR=12,WEEK_OF_MONTH=4,DAY_OF_MONTH=21,DAY_OF_YEAR=80,DAY_OF_WEEK=4,DAY_OF_WEEK_IN_MONTH=3,AM_PM=0,HOUR=4,HOUR_OF_DAY=4,MINUTE=26,SECOND=50,MILLISECOND=12,ZONE_OFFSET=0,DST_OFFSET=0], message=null}
04:26:50.016 [main] DEBUG org.hibernate.SQL - insert into LogEntries (logCode, message, primaryUser, secondaryUser, time, id) values (?, ?, ?, ?, ?, ?)
Hibernate: insert into LogEntries (logCode, message, primaryUser, secondaryUser, time, id) values (?, ?, ?, ?, ?, ?)
04:26:50.018 [main] DEBUG o.h.e.j.internal.JdbcCoordinatorImpl - HHH000420: Closing un-released batch
04:26:50.018 [main] DEBUG o.h.e.t.internal.TransactionImpl - begin
04:26:50.019 [main] DEBUG org.hibernate.SQL - select next_val as id_val from hibernate_sequence for update
Hibernate: select next_val as id_val from hibernate_sequence for update
04:26:50.019 [main] DEBUG org.hibernate.SQL - update hibernate_sequence set next_val= ? where next_val=?
Hibernate: update hibernate_sequence set next_val= ? where next_val=?
04:26:50.020 [main] DEBUG o.h.e.i.AbstractSaveEventListener - Generated identifier: 359, using strategy: org.hibernate.id.enhanced.SequenceStyleGenerator
04:26:50.021 [main] DEBUG o.h.e.t.internal.TransactionImpl - committing
04:26:50.021 [main] DEBUG o.h.e.i.AbstractFlushingEventListener - Processing flush-time cascades
04:26:50.021 [main] DEBUG o.h.e.i.AbstractFlushingEventListener - Dirty checking collections
04:26:50.021 [main] DEBUG o.h.e.i.AbstractFlushingEventListener - Flushed: 1 insertions, 0 updates, 0 deletions to 1 objects
04:26:50.021 [main] DEBUG o.h.e.i.AbstractFlushingEventListener - Flushed: 0 (re)creations, 0 updates, 0 removals to 0 collections
04:26:50.021 [main] DEBUG o.h.internal.util.EntityPrinter - Listing entities:
04:26:50.021 [main] DEBUG o.h.internal.util.EntityPrinter - edu.ncsu.csc.itrust2.models.persistent.LogEntry{secondaryUser=null, logCode=5, primaryUser=logapitest, id=359, time=java.util.GregorianCalendar[time=1521606410018,areFieldsSet=true,areAllFieldsSet=true,lenient=true,zone=sun.util.calendar.ZoneInfo[id="Etc/UTC",offset=0,dstSavings=0,useDaylight=false,transitions=0,lastRule=null],firstDayOfWeek=1,minimalDaysInFirstWeek=1,ERA=1,YEAR=2018,MONTH=2,WEEK_OF_YEAR=12,WEEK_OF_MONTH=4,DAY_OF_MONTH=21,DAY_OF_YEAR=80,DAY_OF_WEEK=4,DAY_OF_WEEK_IN_MONTH=3,AM_PM=0,HOUR=4,HOUR_OF_DAY=4,MINUTE=26,SECOND=50,MILLISECOND=18,ZONE_OFFSET=0,DST_OFFSET=0], message=null}
04:26:50.022 [main] DEBUG org.hibernate.SQL - insert into LogEntries (logCode, message, primaryUser, secondaryUser, time, id) values (?, ?, ?, ?, ?, ?)
Hibernate: insert into LogEntries (logCode, message, primaryUser, secondaryUser, time, id) values (?, ?, ?, ?, ?, ?)
04:26:50.023 [main] DEBUG o.h.e.j.internal.JdbcCoordinatorImpl - HHH000420: Closing un-released batch
04:26:50.023 [main] DEBUG o.h.e.t.internal.TransactionImpl - begin
04:26:50.024 [main] DEBUG org.hibernate.SQL - select next_val as id_val from hibernate_sequence for update
Hibernate: select next_val as id_val from hibernate_sequence for update
04:26:50.024 [main] DEBUG org.hibernate.SQL - update hibernate_sequence set next_val= ? where next_val=?
Hibernate: update hibernate_sequence set next_val= ? where next_val=?
04:26:50.026 [main] DEBUG o.h.e.i.AbstractSaveEventListener - Generated identifier: 360, using strategy: org.hibernate.id.enhanced.SequenceStyleGenerator
04:26:50.026 [main] DEBUG o.h.e.t.internal.TransactionImpl - committing
04:26:50.026 [main] DEBUG o.h.e.i.AbstractFlushingEventListener - Processing flush-time cascades
04:26:50.026 [main] DEBUG o.h.e.i.AbstractFlushingEventListener - Dirty checking collections
04:26:50.026 [main] DEBUG o.h.e.i.AbstractFlushingEventListener - Flushed: 1 insertions, 0 updates, 0 deletions to 1 objects
04:26:50.027 [main] DEBUG o.h.e.i.AbstractFlushingEventListener - Flushed: 0 (re)creations, 0 updates, 0 removals to 0 collections
04:26:50.027 [main] DEBUG o.h.internal.util.EntityPrinter - Listing entities:
04:26:50.027 [main] DEBUG o.h.internal.util.EntityPrinter - edu.ncsu.csc.itrust2.models.persistent.LogEntry{secondaryUser=null, logCode=5, primaryUser=logapitest, id=360, time=java.util.GregorianCalendar[time=1521606410023,areFieldsSet=true,areAllFieldsSet=true,lenient=true,zone=sun.util.calendar.ZoneInfo[id="Etc/UTC",offset=0,dstSavings=0,useDaylight=false,transitions=0,lastRule=null],firstDayOfWeek=1,minimalDaysInFirstWeek=1,ERA=1,YEAR=2018,MONTH=2,WEEK_OF_YEAR=12,WEEK_OF_MONTH=4,DAY_OF_MONTH=21,DAY_OF_YEAR=80,DAY_OF_WEEK=4,DAY_OF_WEEK_IN_MONTH=3,AM_PM=0,HOUR=4,HOUR_OF_DAY=4,MINUTE=26,SECOND=50,MILLISECOND=23,ZONE_OFFSET=0,DST_OFFSET=0], message=null}
04:26:50.027 [main] DEBUG org.hibernate.SQL - insert into LogEntries (logCode, message, primaryUser, secondaryUser, time, id) values (?, ?, ?, ?, ?, ?)
Hibernate: insert into LogEntries (logCode, message, primaryUser, secondaryUser, time, id) values (?, ?, ?, ?, ?, ?)
04:26:50.028 [main] DEBUG o.h.e.j.internal.JdbcCoordinatorImpl - HHH000420: Closing un-released batch
04:26:50.029 [main] DEBUG o.h.e.t.internal.TransactionImpl - begin
04:26:50.029 [main] DEBUG org.hibernate.SQL - select next_val as id_val from hibernate_sequence for update
Hibernate: select next_val as id_val from hibernate_sequence for update
04:26:50.030 [main] DEBUG org.hibernate.SQL - update hibernate_sequence set next_val= ? where next_val=?
Hibernate: update hibernate_sequence set next_val= ? where next_val=?
04:26:50.031 [main] DEBUG o.h.e.i.AbstractSaveEventListener - Generated identifier: 361, using strategy: org.hibernate.id.enhanced.SequenceStyleGenerator
04:26:50.032 [main] DEBUG o.h.e.t.internal.TransactionImpl - committing
04:26:50.032 [main] DEBUG o.h.e.i.AbstractFlushingEventListener - Processing flush-time cascades
04:26:50.032 [main] DEBUG o.h.e.i.AbstractFlushingEventListener - Dirty checking collections
04:26:50.032 [main] DEBUG o.h.e.i.AbstractFlushingEventListener - Flushed: 1 insertions, 0 updates, 0 deletions to 1 objects
04:26:50.032 [main] DEBUG o.h.e.i.AbstractFlushingEventListener - Flushed: 0 (re)creations, 0 updates, 0 removals to 0 collections
04:26:50.032 [main] DEBUG o.h.internal.util.EntityPrinter - Listing entities:
04:26:50.032 [main] DEBUG o.h.internal.util.EntityPrinter - edu.ncsu.csc.itrust2.models.persistent.LogEntry{secondaryUser=null, logCode=5, primaryUser=logapitest, id=361, time=java.util.GregorianCalendar[time=1521606410029,areFieldsSet=true,areAllFieldsSet=true,lenient=true,zone=sun.util.calendar.ZoneInfo[id="Etc/UTC",offset=0,dstSavings=0,useDaylight=false,transitions=0,lastRule=null],firstDayOfWeek=1,minimalDaysInFirstWeek=1,ERA=1,YEAR=2018,MONTH=2,WEEK_OF_YEAR=12,WEEK_OF_MONTH=4,DAY_OF_MONTH=21,DAY_OF_YEAR=80,DAY_OF_WEEK=4,DAY_OF_WEEK_IN_MONTH=3,AM_PM=0,HOUR=4,HOUR_OF_DAY=4,MINUTE=26,SECOND=50,MILLISECOND=29,ZONE_OFFSET=0,DST_OFFSET=0], message=null}
04:26:50.033 [main] DEBUG org.hibernate.SQL - insert into LogEntries (logCode, message, primaryUser, secondaryUser, time, id) values (?, ?, ?, ?, ?, ?)
Hibernate: insert into LogEntries (logCode, message, primaryUser, secondaryUser, time, id) values (?, ?, ?, ?, ?, ?)
04:26:50.035 [main] DEBUG o.h.e.j.internal.JdbcCoordinatorImpl - HHH000420: Closing un-released batch
04:26:50.035 [main] DEBUG o.h.e.t.internal.TransactionImpl - begin
04:26:50.036 [main] DEBUG org.hibernate.SQL - select next_val as id_val from hibernate_sequence for update
Hibernate: select next_val as id_val from hibernate_sequence for update
04:26:50.036 [main] DEBUG org.hibernate.SQL - update hibernate_sequence set next_val= ? where next_val=?
Hibernate: update hibernate_sequence set next_val= ? where next_val=?
04:26:50.038 [main] DEBUG o.h.e.i.AbstractSaveEventListener - Generated identifier: 362, using strategy: org.hibernate.id.enhanced.SequenceStyleGenerator
04:26:50.038 [main] DEBUG o.h.e.t.internal.TransactionImpl - committing
04:26:50.038 [main] DEBUG o.h.e.i.AbstractFlushingEventListener - Processing flush-time cascades
04:26:50.038 [main] DEBUG o.h.e.i.AbstractFlushingEventListener - Dirty checking collections
04:26:50.038 [main] DEBUG o.h.e.i.AbstractFlushingEventListener - Flushed: 1 insertions, 0 updates, 0 deletions to 1 objects
04:26:50.039 [main] DEBUG o.h.e.i.AbstractFlushingEventListener - Flushed: 0 (re)creations, 0 updates, 0 removals to 0 collections
04:26:50.039 [main] DEBUG o.h.internal.util.EntityPrinter - Listing entities:
04:26:50.039 [main] DEBUG o.h.internal.util.EntityPrinter - edu.ncsu.csc.itrust2.models.persistent.LogEntry{secondaryUser=null, logCode=5, primaryUser=logapitest, id=362, time=java.util.GregorianCalendar[time=1521606410035,areFieldsSet=true,areAllFieldsSet=true,lenient=true,zone=sun.util.calendar.ZoneInfo[id="Etc/UTC",offset=0,dstSavings=0,useDaylight=false,transitions=0,lastRule=null],firstDayOfWeek=1,minimalDaysInFirstWeek=1,ERA=1,YEAR=2018,MONTH=2,WEEK_OF_YEAR=12,WEEK_OF_MONTH=4,DAY_OF_MONTH=21,DAY_OF_YEAR=80,DAY_OF_WEEK=4,DAY_OF_WEEK_IN_MONTH=3,AM_PM=0,HOUR=4,HOUR_OF_DAY=4,MINUTE=26,SECOND=50,MILLISECOND=35,ZONE_OFFSET=0,DST_OFFSET=0], message=null}
04:26:50.039 [main] DEBUG org.hibernate.SQL - insert into LogEntries (logCode, message, primaryUser, secondaryUser, time, id) values (?, ?, ?, ?, ?, ?)
Hibernate: insert into LogEntries (logCode, message, primaryUser, secondaryUser, time, id) values (?, ?, ?, ?, ?, ?)
04:26:50.040 [main] DEBUG o.h.e.j.internal.JdbcCoordinatorImpl - HHH000420: Closing un-released batch
04:26:50.040 [main] DEBUG o.h.e.t.internal.TransactionImpl - begin
04:26:50.041 [main] DEBUG org.hibernate.SQL - select next_val as id_val from hibernate_sequence for update
Hibernate: select next_val as id_val from hibernate_sequence for update
04:26:50.041 [main] DEBUG org.hibernate.SQL - update hibernate_sequence set next_val= ? where next_val=?
Hibernate: update hibernate_sequence set next_val= ? where next_val=?
04:26:50.042 [main] DEBUG o.h.e.i.AbstractSaveEventListener - Generated identifier: 363, using strategy: org.hibernate.id.enhanced.SequenceStyleGenerator
04:26:50.043 [main] DEBUG o.h.e.t.internal.TransactionImpl - committing
04:26:50.043 [main] DEBUG o.h.e.i.AbstractFlushingEventListener - Processing flush-time cascades
04:26:50.043 [main] DEBUG o.h.e.i.AbstractFlushingEventListener - Dirty checking collections
04:26:50.043 [main] DEBUG o.h.e.i.AbstractFlushingEventListener - Flushed: 1 insertions, 0 updates, 0 deletions to 1 objects
04:26:50.043 [main] DEBUG o.h.e.i.AbstractFlushingEventListener - Flushed: 0 (re)creations, 0 updates, 0 removals to 0 collections
04:26:50.043 [main] DEBUG o.h.internal.util.EntityPrinter - Listing entities:
04:26:50.043 [main] DEBUG o.h.internal.util.EntityPrinter - edu.ncsu.csc.itrust2.models.persistent.LogEntry{secondaryUser=null, logCode=5, primaryUser=logapitest, id=363, time=java.util.GregorianCalendar[time=1521606410040,areFieldsSet=true,areAllFieldsSet=true,lenient=true,zone=sun.util.calendar.ZoneInfo[id="Etc/UTC",offset=0,dstSavings=0,useDaylight=false,transitions=0,lastRule=null],firstDayOfWeek=1,minimalDaysInFirstWeek=1,ERA=1,YEAR=2018,MONTH=2,WEEK_OF_YEAR=12,WEEK_OF_MONTH=4,DAY_OF_MONTH=21,DAY_OF_YEAR=80,DAY_OF_WEEK=4,DAY_OF_WEEK_IN_MONTH=3,AM_PM=0,HOUR=4,HOUR_OF_DAY=4,MINUTE=26,SECOND=50,MILLISECOND=40,ZONE_OFFSET=0,DST_OFFSET=0], message=null}
04:26:50.044 [main] DEBUG org.hibernate.SQL - insert into LogEntries (logCode, message, primaryUser, secondaryUser, time, id) values (?, ?, ?, ?, ?, ?)
Hibernate: insert into LogEntries (logCode, message, primaryUser, secondaryUser, time, id) values (?, ?, ?, ?, ?, ?)
04:26:50.045 [main] DEBUG o.h.e.j.internal.JdbcCoordinatorImpl - HHH000420: Closing un-released batch
04:26:50.045 [main] DEBUG o.h.e.t.internal.TransactionImpl - begin
04:26:50.046 [main] DEBUG org.hibernate.SQL - select next_val as id_val from hibernate_sequence for update
Hibernate: select next_val as id_val from hibernate_sequence for update
04:26:50.046 [main] DEBUG org.hibernate.SQL - update hibernate_sequence set next_val= ? where next_val=?
Hibernate: update hibernate_sequence set next_val= ? where next_val=?
04:26:50.048 [main] DEBUG o.h.e.i.AbstractSaveEventListener - Generated identifier: 364, using strategy: org.hibernate.id.enhanced.SequenceStyleGenerator
04:26:50.048 [main] DEBUG o.h.e.t.internal.TransactionImpl - committing
04:26:50.048 [main] DEBUG o.h.e.i.AbstractFlushingEventListener - Processing flush-time cascades
04:26:50.048 [main] DEBUG o.h.e.i.AbstractFlushingEventListener - Dirty checking collections
04:26:50.048 [main] DEBUG o.h.e.i.AbstractFlushingEventListener - Flushed: 1 insertions, 0 updates, 0 deletions to 1 objects
04:26:50.048 [main] DEBUG o.h.e.i.AbstractFlushingEventListener - Flushed: 0 (re)creations, 0 updates, 0 removals to 0 collections
04:26:50.048 [main] DEBUG o.h.internal.util.EntityPrinter - Listing entities:
04:26:50.048 [main] DEBUG o.h.internal.util.EntityPrinter - edu.ncsu.csc.itrust2.models.persistent.LogEntry{secondaryUser=null, logCode=5, primaryUser=logapitest, id=364, time=java.util.GregorianCalendar[time=1521606410045,areFieldsSet=true,areAllFieldsSet=true,lenient=true,zone=sun.util.calendar.ZoneInfo[id="Etc/UTC",offset=0,dstSavings=0,useDaylight=false,transitions=0,lastRule=null],firstDayOfWeek=1,minimalDaysInFirstWeek=1,ERA=1,YEAR=2018,MONTH=2,WEEK_OF_YEAR=12,WEEK_OF_MONTH=4,DAY_OF_MONTH=21,DAY_OF_YEAR=80,DAY_OF_WEEK=4,DAY_OF_WEEK_IN_MONTH=3,AM_PM=0,HOUR=4,HOUR_OF_DAY=4,MINUTE=26,SECOND=50,MILLISECOND=45,ZONE_OFFSET=0,DST_OFFSET=0], message=null}
04:26:50.049 [main] DEBUG org.hibernate.SQL - insert into LogEntries (logCode, message, primaryUser, secondaryUser, time, id) values (?, ?, ?, ?, ?, ?)
Hibernate: insert into LogEntries (logCode, message, primaryUser, secondaryUser, time, id) values (?, ?, ?, ?, ?, ?)
04:26:50.050 [main] DEBUG o.h.e.j.internal.JdbcCoordinatorImpl - HHH000420: Closing un-released batch
04:26:50.051 [main] DEBUG o.h.e.t.internal.TransactionImpl - begin
04:26:50.051 [main] DEBUG org.hibernate.SQL - select next_val as id_val from hibernate_sequence for update
Hibernate: select next_val as id_val from hibernate_sequence for update
04:26:50.051 [main] DEBUG org.hibernate.SQL - update hibernate_sequence set next_val= ? where next_val=?
Hibernate: update hibernate_sequence set next_val= ? where next_val=?
04:26:50.052 [main] DEBUG o.h.e.i.AbstractSaveEventListener - Generated identifier: 365, using strategy: org.hibernate.id.enhanced.SequenceStyleGenerator
04:26:50.052 [main] DEBUG o.h.e.t.internal.TransactionImpl - committing
04:26:50.052 [main] DEBUG o.h.e.i.AbstractFlushingEventListener - Processing flush-time cascades
04:26:50.053 [main] DEBUG o.h.e.i.AbstractFlushingEventListener - Dirty checking collections
04:26:50.053 [main] DEBUG o.h.e.i.AbstractFlushingEventListener - Flushed: 1 insertions, 0 updates, 0 deletions to 1 objects
04:26:50.053 [main] DEBUG o.h.e.i.AbstractFlushingEventListener - Flushed: 0 (re)creations, 0 updates, 0 removals to 0 collections
04:26:50.053 [main] DEBUG o.h.internal.util.EntityPrinter - Listing entities:
04:26:50.053 [main] DEBUG o.h.internal.util.EntityPrinter - edu.ncsu.csc.itrust2.models.persistent.LogEntry{secondaryUser=null, logCode=5, primaryUser=logapitest, id=365, time=java.util.GregorianCalendar[time=1521606410050,areFieldsSet=true,areAllFieldsSet=true,lenient=true,zone=sun.util.calendar.ZoneInfo[id="Etc/UTC",offset=0,dstSavings=0,useDaylight=false,transitions=0,lastRule=null],firstDayOfWeek=1,minimalDaysInFirstWeek=1,ERA=1,YEAR=2018,MONTH=2,WEEK_OF_YEAR=12,WEEK_OF_MONTH=4,DAY_OF_MONTH=21,DAY_OF_YEAR=80,DAY_OF_WEEK=4,DAY_OF_WEEK_IN_MONTH=3,AM_PM=0,HOUR=4,HOUR_OF_DAY=4,MINUTE=26,SECOND=50,MILLISECOND=50,ZONE_OFFSET=0,DST_OFFSET=0], message=null}
04:26:50.053 [main] DEBUG org.hibernate.SQL - insert into LogEntries (logCode, message, primaryUser, secondaryUser, time, id) values (?, ?, ?, ?, ?, ?)
Hibernate: insert into LogEntries (logCode, message, primaryUser, secondaryUser, time, id) values (?, ?, ?, ?, ?, ?)
04:26:50.055 [main] DEBUG o.h.e.j.internal.JdbcCoordinatorImpl - HHH000420: Closing un-released batch
04:26:50.056 [main] DEBUG o.h.e.t.internal.TransactionImpl - begin
04:26:50.056 [main] DEBUG org.hibernate.SQL - select next_val as id_val from hibernate_sequence for update
Hibernate: select next_val as id_val from hibernate_sequence for update
04:26:50.056 [main] DEBUG org.hibernate.SQL - update hibernate_sequence set next_val= ? where next_val=?
Hibernate: update hibernate_sequence set next_val= ? where next_val=?
04:26:50.094 [main] DEBUG o.h.e.i.AbstractSaveEventListener - Generated identifier: 366, using strategy: org.hibernate.id.enhanced.SequenceStyleGenerator
04:26:50.095 [main] DEBUG o.h.e.t.internal.TransactionImpl - committing
04:26:50.095 [main] DEBUG o.h.e.i.AbstractFlushingEventListener - Processing flush-time cascades
04:26:50.095 [main] DEBUG o.h.e.i.AbstractFlushingEventListener - Dirty checking collections
04:26:50.095 [main] DEBUG o.h.e.i.AbstractFlushingEventListener - Flushed: 1 insertions, 0 updates, 0 deletions to 1 objects
04:26:50.095 [main] DEBUG o.h.e.i.AbstractFlushingEventListener - Flushed: 0 (re)creations, 0 updates, 0 removals to 0 collections
04:26:50.095 [main] DEBUG o.h.internal.util.EntityPrinter - Listing entities:
04:26:50.095 [main] DEBUG o.h.internal.util.EntityPrinter - edu.ncsu.csc.itrust2.models.persistent.LogEntry{secondaryUser=null, logCode=5, primaryUser=logapitest, id=366, time=java.util.GregorianCalendar[time=1521606410055,areFieldsSet=true,areAllFieldsSet=true,lenient=true,zone=sun.util.calendar.ZoneInfo[id="Etc/UTC",offset=0,dstSavings=0,useDaylight=false,transitions=0,lastRule=null],firstDayOfWeek=1,minimalDaysInFirstWeek=1,ERA=1,YEAR=2018,MONTH=2,WEEK_OF_YEAR=12,WEEK_OF_MONTH=4,DAY_OF_MONTH=21,DAY_OF_YEAR=80,DAY_OF_WEEK=4,DAY_OF_WEEK_IN_MONTH=3,AM_PM=0,HOUR=4,HOUR_OF_DAY=4,MINUTE=26,SECOND=50,MILLISECOND=55,ZONE_OFFSET=0,DST_OFFSET=0], message=null}
04:26:50.096 [main] DEBUG org.hibernate.SQL - insert into LogEntries (logCode, message, primaryUser, secondaryUser, time, id) values (?, ?, ?, ?, ?, ?)
Hibernate: insert into LogEntries (logCode, message, primaryUser, secondaryUser, time, id) values (?, ?, ?, ?, ?, ?)
04:26:50.097 [main] DEBUG o.h.e.j.internal.JdbcCoordinatorImpl - HHH000420: Closing un-released batch
04:26:50.097 [main] DEBUG o.h.e.t.internal.TransactionImpl - begin
04:26:50.098 [main] DEBUG org.hibernate.SQL - select next_val as id_val from hibernate_sequence for update
Hibernate: select next_val as id_val from hibernate_sequence for update
04:26:50.098 [main] DEBUG org.hibernate.SQL - update hibernate_sequence set next_val= ? where next_val=?
Hibernate: update hibernate_sequence set next_val= ? where next_val=?
04:26:50.099 [main] DEBUG o.h.e.i.AbstractSaveEventListener - Generated identifier: 367, using strategy: org.hibernate.id.enhanced.SequenceStyleGenerator
04:26:50.099 [main] DEBUG o.h.e.t.internal.TransactionImpl - committing
04:26:50.100 [main] DEBUG o.h.e.i.AbstractFlushingEventListener - Processing flush-time cascades
04:26:50.100 [main] DEBUG o.h.e.i.AbstractFlushingEventListener - Dirty checking collections
04:26:50.100 [main] DEBUG o.h.e.i.AbstractFlushingEventListener - Flushed: 1 insertions, 0 updates, 0 deletions to 1 objects
04:26:50.100 [main] DEBUG o.h.e.i.AbstractFlushingEventListener - Flushed: 0 (re)creations, 0 updates, 0 removals to 0 collections
04:26:50.100 [main] DEBUG o.h.internal.util.EntityPrinter - Listing entities:
04:26:50.100 [main] DEBUG o.h.internal.util.EntityPrinter - edu.ncsu.csc.itrust2.models.persistent.LogEntry{secondaryUser=null, logCode=5, primaryUser=logapitest, id=367, time=java.util.GregorianCalendar[time=1521606410097,areFieldsSet=true,areAllFieldsSet=true,lenient=true,zone=sun.util.calendar.ZoneInfo[id="Etc/UTC",offset=0,dstSavings=0,useDaylight=false,transitions=0,lastRule=null],firstDayOfWeek=1,minimalDaysInFirstWeek=1,ERA=1,YEAR=2018,MONTH=2,WEEK_OF_YEAR=12,WEEK_OF_MONTH=4,DAY_OF_MONTH=21,DAY_OF_YEAR=80,DAY_OF_WEEK=4,DAY_OF_WEEK_IN_MONTH=3,AM_PM=0,HOUR=4,HOUR_OF_DAY=4,MINUTE=26,SECOND=50,MILLISECOND=97,ZONE_OFFSET=0,DST_OFFSET=0], message=null}
04:26:50.100 [main] DEBUG org.hibernate.SQL - insert into LogEntries (logCode, message, primaryUser, secondaryUser, time, id) values (?, ?, ?, ?, ?, ?)
Hibernate: insert into LogEntries (logCode, message, primaryUser, secondaryUser, time, id) values (?, ?, ?, ?, ?, ?)
04:26:50.102 [main] DEBUG o.h.e.j.internal.JdbcCoordinatorImpl - HHH000420: Closing un-released batch
04:26:50.102 [main] DEBUG o.h.e.t.internal.TransactionImpl - begin
04:26:50.103 [main] DEBUG org.hibernate.SQL - select next_val as id_val from hibernate_sequence for update
Hibernate: select next_val as id_val from hibernate_sequence for update
04:26:50.103 [main] DEBUG org.hibernate.SQL - update hibernate_sequence set next_val= ? where next_val=?
Hibernate: update hibernate_sequence set next_val= ? where next_val=?
04:26:50.104 [main] DEBUG o.h.e.i.AbstractSaveEventListener - Generated identifier: 368, using strategy: org.hibernate.id.enhanced.SequenceStyleGenerator
04:26:50.104 [main] DEBUG o.h.e.t.internal.TransactionImpl - committing
04:26:50.104 [main] DEBUG o.h.e.i.AbstractFlushingEventListener - Processing flush-time cascades
04:26:50.105 [main] DEBUG o.h.e.i.AbstractFlushingEventListener - Dirty checking collections
04:26:50.105 [main] DEBUG o.h.e.i.AbstractFlushingEventListener - Flushed: 1 insertions, 0 updates, 0 deletions to 1 objects
04:26:50.105 [main] DEBUG o.h.e.i.AbstractFlushingEventListener - Flushed: 0 (re)creations, 0 updates, 0 removals to 0 collections
04:26:50.105 [main] DEBUG o.h.internal.util.EntityPrinter - Listing entities:
04:26:50.105 [main] DEBUG o.h.internal.util.EntityPrinter - edu.ncsu.csc.itrust2.models.persistent.LogEntry{secondaryUser=null, logCode=5, primaryUser=logapitest, id=368, time=java.util.GregorianCalendar[time=1521606410102,areFieldsSet=true,areAllFieldsSet=true,lenient=true,zone=sun.util.calendar.ZoneInfo[id="Etc/UTC",offset=0,dstSavings=0,useDaylight=false,transitions=0,lastRule=null],firstDayOfWeek=1,minimalDaysInFirstWeek=1,ERA=1,YEAR=2018,MONTH=2,WEEK_OF_YEAR=12,WEEK_OF_MONTH=4,DAY_OF_MONTH=21,DAY_OF_YEAR=80,DAY_OF_WEEK=4,DAY_OF_WEEK_IN_MONTH=3,AM_PM=0,HOUR=4,HOUR_OF_DAY=4,MINUTE=26,SECOND=50,MILLISECOND=102,ZONE_OFFSET=0,DST_OFFSET=0], message=null}
04:26:50.105 [main] DEBUG org.hibernate.SQL - insert into LogEntries (logCode, message, primaryUser, secondaryUser, time, id) values (?, ?, ?, ?, ?, ?)
Hibernate: insert into LogEntries (logCode, message, primaryUser, secondaryUser, time, id) values (?, ?, ?, ?, ?, ?)
04:26:50.107 [main] DEBUG o.h.e.j.internal.JdbcCoordinatorImpl - HHH000420: Closing un-released batch
04:26:50.107 [main] DEBUG o.h.e.t.internal.TransactionImpl - begin
04:26:50.108 [main] DEBUG org.hibernate.SQL - select next_val as id_val from hibernate_sequence for update
Hibernate: select next_val as id_val from hibernate_sequence for update
04:26:50.108 [main] DEBUG org.hibernate.SQL - update hibernate_sequence set next_val= ? where next_val=?
Hibernate: update hibernate_sequence set next_val= ? where next_val=?
04:26:50.109 [main] DEBUG o.h.e.i.AbstractSaveEventListener - Generated identifier: 369, using strategy: org.hibernate.id.enhanced.SequenceStyleGenerator
04:26:50.109 [main] DEBUG o.h.e.t.internal.TransactionImpl - committing
04:26:50.109 [main] DEBUG o.h.e.i.AbstractFlushingEventListener - Processing flush-time cascades
04:26:50.109 [main] DEBUG o.h.e.i.AbstractFlushingEventListener - Dirty checking collections
04:26:50.109 [main] DEBUG o.h.e.i.AbstractFlushingEventListener - Flushed: 1 insertions, 0 updates, 0 deletions to 1 objects
04:26:50.110 [main] DEBUG o.h.e.i.AbstractFlushingEventListener - Flushed: 0 (re)creations, 0 updates, 0 removals to 0 collections
04:26:50.110 [main] DEBUG o.h.internal.util.EntityPrinter - Listing entities:
04:26:50.110 [main] DEBUG o.h.internal.util.EntityPrinter - edu.ncsu.csc.itrust2.models.persistent.LogEntry{secondaryUser=null, logCode=5, primaryUser=logapitest, id=369, time=java.util.GregorianCalendar[time=1521606410107,areFieldsSet=true,areAllFieldsSet=true,lenient=true,zone=sun.util.calendar.ZoneInfo[id="Etc/UTC",offset=0,dstSavings=0,useDaylight=false,transitions=0,lastRule=null],firstDayOfWeek=1,minimalDaysInFirstWeek=1,ERA=1,YEAR=2018,MONTH=2,WEEK_OF_YEAR=12,WEEK_OF_MONTH=4,DAY_OF_MONTH=21,DAY_OF_YEAR=80,DAY_OF_WEEK=4,DAY_OF_WEEK_IN_MONTH=3,AM_PM=0,HOUR=4,HOUR_OF_DAY=4,MINUTE=26,SECOND=50,MILLISECOND=107,ZONE_OFFSET=0,DST_OFFSET=0], message=null}
04:26:50.110 [main] DEBUG org.hibernate.SQL - insert into LogEntries (logCode, message, primaryUser, secondaryUser, time, id) values (?, ?, ?, ?, ?, ?)
Hibernate: insert into LogEntries (logCode, message, primaryUser, secondaryUser, time, id) values (?, ?, ?, ?, ?, ?)
04:26:50.112 [main] DEBUG o.h.e.j.internal.JdbcCoordinatorImpl - HHH000420: Closing un-released batch
04:26:50.112 [main] DEBUG o.h.e.t.internal.TransactionImpl - begin
04:26:50.113 [main] DEBUG org.hibernate.SQL - select next_val as id_val from hibernate_sequence for update
Hibernate: select next_val as id_val from hibernate_sequence for update
04:26:50.113 [main] DEBUG org.hibernate.SQL - update hibernate_sequence set next_val= ? where next_val=?
Hibernate: update hibernate_sequence set next_val= ? where next_val=?
04:26:50.114 [main] DEBUG o.h.e.i.AbstractSaveEventListener - Generated identifier: 370, using strategy: org.hibernate.id.enhanced.SequenceStyleGenerator
04:26:50.114 [main] DEBUG o.h.e.t.internal.TransactionImpl - committing
04:26:50.115 [main] DEBUG o.h.e.i.AbstractFlushingEventListener - Processing flush-time cascades
04:26:50.115 [main] DEBUG o.h.e.i.AbstractFlushingEventListener - Dirty checking collections
04:26:50.115 [main] DEBUG o.h.e.i.AbstractFlushingEventListener - Flushed: 1 insertions, 0 updates, 0 deletions to 1 objects
04:26:50.115 [main] DEBUG o.h.e.i.AbstractFlushingEventListener - Flushed: 0 (re)creations, 0 updates, 0 removals to 0 collections
04:26:50.115 [main] DEBUG o.h.internal.util.EntityPrinter - Listing entities:
04:26:50.115 [main] DEBUG o.h.internal.util.EntityPrinter - edu.ncsu.csc.itrust2.models.persistent.LogEntry{secondaryUser=null, logCode=5, primaryUser=logapitest, id=370, time=java.util.GregorianCalendar[time=1521606410112,areFieldsSet=true,areAllFieldsSet=true,lenient=true,zone=sun.util.calendar.ZoneInfo[id="Etc/UTC",offset=0,dstSavings=0,useDaylight=false,transitions=0,lastRule=null],firstDayOfWeek=1,minimalDaysInFirstWeek=1,ERA=1,YEAR=2018,MONTH=2,WEEK_OF_YEAR=12,WEEK_OF_MONTH=4,DAY_OF_MONTH=21,DAY_OF_YEAR=80,DAY_OF_WEEK=4,DAY_OF_WEEK_IN_MONTH=3,AM_PM=0,HOUR=4,HOUR_OF_DAY=4,MINUTE=26,SECOND=50,MILLISECOND=112,ZONE_OFFSET=0,DST_OFFSET=0], message=null}
04:26:50.115 [main] DEBUG org.hibernate.SQL - insert into LogEntries (logCode, message, primaryUser, secondaryUser, time, id) values (?, ?, ?, ?, ?, ?)
Hibernate: insert into LogEntries (logCode, message, primaryUser, secondaryUser, time, id) values (?, ?, ?, ?, ?, ?)
04:26:50.117 [main] DEBUG o.h.e.j.internal.JdbcCoordinatorImpl - HHH000420: Closing un-released batch
04:26:50.117 [main] DEBUG o.h.e.t.internal.TransactionImpl - begin
04:26:50.118 [main] DEBUG org.hibernate.SQL - select next_val as id_val from hibernate_sequence for update
Hibernate: select next_val as id_val from hibernate_sequence for update
04:26:50.118 [main] DEBUG org.hibernate.SQL - update hibernate_sequence set next_val= ? where next_val=?
Hibernate: update hibernate_sequence set next_val= ? where next_val=?
04:26:50.119 [main] DEBUG o.h.e.i.AbstractSaveEventListener - Generated identifier: 371, using strategy: org.hibernate.id.enhanced.SequenceStyleGenerator
04:26:50.119 [main] DEBUG o.h.e.t.internal.TransactionImpl - committing
04:26:50.119 [main] DEBUG o.h.e.i.AbstractFlushingEventListener - Processing flush-time cascades
04:26:50.119 [main] DEBUG o.h.e.i.AbstractFlushingEventListener - Dirty checking collections
04:26:50.120 [main] DEBUG o.h.e.i.AbstractFlushingEventListener - Flushed: 1 insertions, 0 updates, 0 deletions to 1 objects
04:26:50.120 [main] DEBUG o.h.e.i.AbstractFlushingEventListener - Flushed: 0 (re)creations, 0 updates, 0 removals to 0 collections
04:26:50.120 [main] DEBUG o.h.internal.util.EntityPrinter - Listing entities:
04:26:50.120 [main] DEBUG o.h.internal.util.EntityPrinter - edu.ncsu.csc.itrust2.models.persistent.LogEntry{secondaryUser=null, logCode=5, primaryUser=logapitest, id=371, time=java.util.GregorianCalendar[time=1521606410117,areFieldsSet=true,areAllFieldsSet=true,lenient=true,zone=sun.util.calendar.ZoneInfo[id="Etc/UTC",offset=0,dstSavings=0,useDaylight=false,transitions=0,lastRule=null],firstDayOfWeek=1,minimalDaysInFirstWeek=1,ERA=1,YEAR=2018,MONTH=2,WEEK_OF_YEAR=12,WEEK_OF_MONTH=4,DAY_OF_MONTH=21,DAY_OF_YEAR=80,DAY_OF_WEEK=4,DAY_OF_WEEK_IN_MONTH=3,AM_PM=0,HOUR=4,HOUR_OF_DAY=4,MINUTE=26,SECOND=50,MILLISECOND=117,ZONE_OFFSET=0,DST_OFFSET=0], message=null}
04:26:50.120 [main] DEBUG org.hibernate.SQL - insert into LogEntries (logCode, message, primaryUser, secondaryUser, time, id) values (?, ?, ?, ?, ?, ?)
Hibernate: insert into LogEntries (logCode, message, primaryUser, secondaryUser, time, id) values (?, ?, ?, ?, ?, ?)
04:26:50.122 [main] DEBUG o.h.e.j.internal.JdbcCoordinatorImpl - HHH000420: Closing un-released batch
04:26:50.122 [main] DEBUG o.h.e.t.internal.TransactionImpl - begin
04:26:50.122 [main] DEBUG org.hibernate.SQL - select next_val as id_val from hibernate_sequence for update
Hibernate: select next_val as id_val from hibernate_sequence for update
04:26:50.123 [main] DEBUG org.hibernate.SQL - update hibernate_sequence set next_val= ? where next_val=?
Hibernate: update hibernate_sequence set next_val= ? where next_val=?
04:26:50.124 [main] DEBUG o.h.e.i.AbstractSaveEventListener - Generated identifier: 372, using strategy: org.hibernate.id.enhanced.SequenceStyleGenerator
04:26:50.124 [main] DEBUG o.h.e.t.internal.TransactionImpl - committing
04:26:50.124 [main] DEBUG o.h.e.i.AbstractFlushingEventListener - Processing flush-time cascades
04:26:50.124 [main] DEBUG o.h.e.i.AbstractFlushingEventListener - Dirty checking collections
04:26:50.124 [main] DEBUG o.h.e.i.AbstractFlushingEventListener - Flushed: 1 insertions, 0 updates, 0 deletions to 1 objects
04:26:50.124 [main] DEBUG o.h.e.i.AbstractFlushingEventListener - Flushed: 0 (re)creations, 0 updates, 0 removals to 0 collections
04:26:50.124 [main] DEBUG o.h.internal.util.EntityPrinter - Listing entities:
04:26:50.124 [main] DEBUG o.h.internal.util.EntityPrinter - edu.ncsu.csc.itrust2.models.persistent.LogEntry{secondaryUser=null, logCode=5, primaryUser=logapitest, id=372, time=java.util.GregorianCalendar[time=1521606410122,areFieldsSet=true,areAllFieldsSet=true,lenient=true,zone=sun.util.calendar.ZoneInfo[id="Etc/UTC",offset=0,dstSavings=0,useDaylight=false,transitions=0,lastRule=null],firstDayOfWeek=1,minimalDaysInFirstWeek=1,ERA=1,YEAR=2018,MONTH=2,WEEK_OF_YEAR=12,WEEK_OF_MONTH=4,DAY_OF_MONTH=21,DAY_OF_YEAR=80,DAY_OF_WEEK=4,DAY_OF_WEEK_IN_MONTH=3,AM_PM=0,HOUR=4,HOUR_OF_DAY=4,MINUTE=26,SECOND=50,MILLISECOND=122,ZONE_OFFSET=0,DST_OFFSET=0], message=null}
04:26:50.125 [main] DEBUG org.hibernate.SQL - insert into LogEntries (logCode, message, primaryUser, secondaryUser, time, id) values (?, ?, ?, ?, ?, ?)
Hibernate: insert into LogEntries (logCode, message, primaryUser, secondaryUser, time, id) values (?, ?, ?, ?, ?, ?)
04:26:50.126 [main] DEBUG o.h.e.j.internal.JdbcCoordinatorImpl - HHH000420: Closing un-released batch
04:26:50.126 [main] DEBUG o.h.e.t.internal.TransactionImpl - begin
04:26:50.127 [main] DEBUG org.hibernate.SQL - select next_val as id_val from hibernate_sequence for update
Hibernate: select next_val as id_val from hibernate_sequence for update
04:26:50.127 [main] DEBUG org.hibernate.SQL - update hibernate_sequence set next_val= ? where next_val=?
Hibernate: update hibernate_sequence set next_val= ? where next_val=?
04:26:50.128 [main] DEBUG o.h.e.i.AbstractSaveEventListener - Generated identifier: 373, using strategy: org.hibernate.id.enhanced.SequenceStyleGenerator
04:26:50.128 [main] DEBUG o.h.e.t.internal.TransactionImpl - committing
04:26:50.128 [main] DEBUG o.h.e.i.AbstractFlushingEventListener - Processing flush-time cascades
04:26:50.128 [main] DEBUG o.h.e.i.AbstractFlushingEventListener - Dirty checking collections
04:26:50.129 [main] DEBUG o.h.e.i.AbstractFlushingEventListener - Flushed: 1 insertions, 0 updates, 0 deletions to 1 objects
04:26:50.129 [main] DEBUG o.h.e.i.AbstractFlushingEventListener - Flushed: 0 (re)creations, 0 updates, 0 removals to 0 collections
04:26:50.129 [main] DEBUG o.h.internal.util.EntityPrinter - Listing entities:
04:26:50.129 [main] DEBUG o.h.internal.util.EntityPrinter - edu.ncsu.csc.itrust2.models.persistent.LogEntry{secondaryUser=null, logCode=5, primaryUser=logapitest, id=373, time=java.util.GregorianCalendar[time=1521606410126,areFieldsSet=true,areAllFieldsSet=true,lenient=true,zone=sun.util.calendar.ZoneInfo[id="Etc/UTC",offset=0,dstSavings=0,useDaylight=false,transitions=0,lastRule=null],firstDayOfWeek=1,minimalDaysInFirstWeek=1,ERA=1,YEAR=2018,MONTH=2,WEEK_OF_YEAR=12,WEEK_OF_MONTH=4,DAY_OF_MONTH=21,DAY_OF_YEAR=80,DAY_OF_WEEK=4,DAY_OF_WEEK_IN_MONTH=3,AM_PM=0,HOUR=4,HOUR_OF_DAY=4,MINUTE=26,SECOND=50,MILLISECOND=126,ZONE_OFFSET=0,DST_OFFSET=0], message=null}
04:26:50.129 [main] DEBUG org.hibernate.SQL - insert into LogEntries (logCode, message, primaryUser, secondaryUser, time, id) values (?, ?, ?, ?, ?, ?)
Hibernate: insert into LogEntries (logCode, message, primaryUser, secondaryUser, time, id) values (?, ?, ?, ?, ?, ?)
04:26:50.130 [main] DEBUG o.h.e.j.internal.JdbcCoordinatorImpl - HHH000420: Closing un-released batch
04:26:50.131 [main] DEBUG o.h.e.t.internal.TransactionImpl - begin
04:26:50.131 [main] DEBUG org.hibernate.SQL - select next_val as id_val from hibernate_sequence for update
Hibernate: select next_val as id_val from hibernate_sequence for update
04:26:50.132 [main] DEBUG org.hibernate.SQL - update hibernate_sequence set next_val= ? where next_val=?
Hibernate: update hibernate_sequence set next_val= ? where next_val=?
04:26:50.133 [main] DEBUG o.h.e.i.AbstractSaveEventListener - Generated identifier: 374, using strategy: org.hibernate.id.enhanced.SequenceStyleGenerator
04:26:50.133 [main] DEBUG o.h.e.t.internal.TransactionImpl - committing
04:26:50.133 [main] DEBUG o.h.e.i.AbstractFlushingEventListener - Processing flush-time cascades
04:26:50.133 [main] DEBUG o.h.e.i.AbstractFlushingEventListener - Dirty checking collections
04:26:50.133 [main] DEBUG o.h.e.i.AbstractFlushingEventListener - Flushed: 1 insertions, 0 updates, 0 deletions to 1 objects
04:26:50.133 [main] DEBUG o.h.e.i.AbstractFlushingEventListener - Flushed: 0 (re)creations, 0 updates, 0 removals to 0 collections
04:26:50.134 [main] DEBUG o.h.internal.util.EntityPrinter - Listing entities:
04:26:50.134 [main] DEBUG o.h.internal.util.EntityPrinter - edu.ncsu.csc.itrust2.models.persistent.LogEntry{secondaryUser=null, logCode=5, primaryUser=logapitest, id=374, time=java.util.GregorianCalendar[time=1521606410131,areFieldsSet=true,areAllFieldsSet=true,lenient=true,zone=sun.util.calendar.ZoneInfo[id="Etc/UTC",offset=0,dstSavings=0,useDaylight=false,transitions=0,lastRule=null],firstDayOfWeek=1,minimalDaysInFirstWeek=1,ERA=1,YEAR=2018,MONTH=2,WEEK_OF_YEAR=12,WEEK_OF_MONTH=4,DAY_OF_MONTH=21,DAY_OF_YEAR=80,DAY_OF_WEEK=4,DAY_OF_WEEK_IN_MONTH=3,AM_PM=0,HOUR=4,HOUR_OF_DAY=4,MINUTE=26,SECOND=50,MILLISECOND=131,ZONE_OFFSET=0,DST_OFFSET=0], message=null}
04:26:50.137 [main] DEBUG org.hibernate.SQL - insert into LogEntries (logCode, message, primaryUser, secondaryUser, time, id) values (?, ?, ?, ?, ?, ?)
Hibernate: insert into LogEntries (logCode, message, primaryUser, secondaryUser, time, id) values (?, ?, ?, ?, ?, ?)
04:26:50.139 [main] DEBUG o.h.e.j.internal.JdbcCoordinatorImpl - HHH000420: Closing un-released batch
04:26:50.140 [main] DEBUG o.h.e.t.internal.TransactionImpl - begin
04:26:50.140 [main] DEBUG org.hibernate.SQL - select next_val as id_val from hibernate_sequence for update
Hibernate: select next_val as id_val from hibernate_sequence for update
04:26:50.141 [main] DEBUG org.hibernate.SQL - update hibernate_sequence set next_val= ? where next_val=?
Hibernate: update hibernate_sequence set next_val= ? where next_val=?
04:26:50.142 [main] DEBUG o.h.e.i.AbstractSaveEventListener - Generated identifier: 375, using strategy: org.hibernate.id.enhanced.SequenceStyleGenerator
04:26:50.142 [main] DEBUG o.h.e.t.internal.TransactionImpl - committing
04:26:50.142 [main] DEBUG o.h.e.i.AbstractFlushingEventListener - Processing flush-time cascades
04:26:50.142 [main] DEBUG o.h.e.i.AbstractFlushingEventListener - Dirty checking collections
04:26:50.142 [main] DEBUG o.h.e.i.AbstractFlushingEventListener - Flushed: 1 insertions, 0 updates, 0 deletions to 1 objects
04:26:50.142 [main] DEBUG o.h.e.i.AbstractFlushingEventListener - Flushed: 0 (re)creations, 0 updates, 0 removals to 0 collections
04:26:50.143 [main] DEBUG o.h.internal.util.EntityPrinter - Listing entities:
04:26:50.143 [main] DEBUG o.h.internal.util.EntityPrinter - edu.ncsu.csc.itrust2.models.persistent.LogEntry{secondaryUser=null, logCode=5, primaryUser=logapitest, id=375, time=java.util.GregorianCalendar[time=1521606410140,areFieldsSet=true,areAllFieldsSet=true,lenient=true,zone=sun.util.calendar.ZoneInfo[id="Etc/UTC",offset=0,dstSavings=0,useDaylight=false,transitions=0,lastRule=null],firstDayOfWeek=1,minimalDaysInFirstWeek=1,ERA=1,YEAR=2018,MONTH=2,WEEK_OF_YEAR=12,WEEK_OF_MONTH=4,DAY_OF_MONTH=21,DAY_OF_YEAR=80,DAY_OF_WEEK=4,DAY_OF_WEEK_IN_MONTH=3,AM_PM=0,HOUR=4,HOUR_OF_DAY=4,MINUTE=26,SECOND=50,MILLISECOND=140,ZONE_OFFSET=0,DST_OFFSET=0], message=null}
04:26:50.143 [main] DEBUG org.hibernate.SQL - insert into LogEntries (logCode, message, primaryUser, secondaryUser, time, id) values (?, ?, ?, ?, ?, ?)
Hibernate: insert into LogEntries (logCode, message, primaryUser, secondaryUser, time, id) values (?, ?, ?, ?, ?, ?)
04:26:50.144 [main] DEBUG o.h.e.j.internal.JdbcCoordinatorImpl - HHH000420: Closing un-released batch
04:26:50.144 [main] DEBUG o.h.e.t.internal.TransactionImpl - begin
04:26:50.145 [main] DEBUG org.hibernate.SQL - select next_val as id_val from hibernate_sequence for update
Hibernate: select next_val as id_val from hibernate_sequence for update
04:26:50.145 [main] DEBUG org.hibernate.SQL - update hibernate_sequence set next_val= ? where next_val=?
Hibernate: update hibernate_sequence set next_val= ? where next_val=?
04:26:50.146 [main] DEBUG o.h.e.i.AbstractSaveEventListener - Generated identifier: 376, using strategy: org.hibernate.id.enhanced.SequenceStyleGenerator
04:26:50.147 [main] DEBUG o.h.e.t.internal.TransactionImpl - committing
04:26:50.147 [main] DEBUG o.h.e.i.AbstractFlushingEventListener - Processing flush-time cascades
04:26:50.147 [main] DEBUG o.h.e.i.AbstractFlushingEventListener - Dirty checking collections
04:26:50.147 [main] DEBUG o.h.e.i.AbstractFlushingEventListener - Flushed: 1 insertions, 0 updates, 0 deletions to 1 objects
04:26:50.147 [main] DEBUG o.h.e.i.AbstractFlushingEventListener - Flushed: 0 (re)creations, 0 updates, 0 removals to 0 collections
04:26:50.147 [main] DEBUG o.h.internal.util.EntityPrinter - Listing entities:
04:26:50.147 [main] DEBUG o.h.internal.util.EntityPrinter - edu.ncsu.csc.itrust2.models.persistent.LogEntry{secondaryUser=null, logCode=5, primaryUser=logapitest, id=376, time=java.util.GregorianCalendar[time=1521606410144,areFieldsSet=true,areAllFieldsSet=true,lenient=true,zone=sun.util.calendar.ZoneInfo[id="Etc/UTC",offset=0,dstSavings=0,useDaylight=false,transitions=0,lastRule=null],firstDayOfWeek=1,minimalDaysInFirstWeek=1,ERA=1,YEAR=2018,MONTH=2,WEEK_OF_YEAR=12,WEEK_OF_MONTH=4,DAY_OF_MONTH=21,DAY_OF_YEAR=80,DAY_OF_WEEK=4,DAY_OF_WEEK_IN_MONTH=3,AM_PM=0,HOUR=4,HOUR_OF_DAY=4,MINUTE=26,SECOND=50,MILLISECOND=144,ZONE_OFFSET=0,DST_OFFSET=0], message=null}
04:26:50.148 [main] DEBUG org.hibernate.SQL - insert into LogEntries (logCode, message, primaryUser, secondaryUser, time, id) values (?, ?, ?, ?, ?, ?)
Hibernate: insert into LogEntries (logCode, message, primaryUser, secondaryUser, time, id) values (?, ?, ?, ?, ?, ?)
04:26:50.149 [main] DEBUG o.h.e.j.internal.JdbcCoordinatorImpl - HHH000420: Closing un-released batch
04:26:50.150 [main] DEBUG o.h.e.t.internal.TransactionImpl - begin
04:26:50.150 [main] DEBUG org.hibernate.SQL - select next_val as id_val from hibernate_sequence for update
Hibernate: select next_val as id_val from hibernate_sequence for update
04:26:50.150 [main] DEBUG org.hibernate.SQL - update hibernate_sequence set next_val= ? where next_val=?
Hibernate: update hibernate_sequence set next_val= ? where next_val=?
04:26:50.151 [main] DEBUG o.h.e.i.AbstractSaveEventListener - Generated identifier: 377, using strategy: org.hibernate.id.enhanced.SequenceStyleGenerator
04:26:50.151 [main] DEBUG o.h.e.t.internal.TransactionImpl - committing
04:26:50.152 [main] DEBUG o.h.e.i.AbstractFlushingEventListener - Processing flush-time cascades
04:26:50.152 [main] DEBUG o.h.e.i.AbstractFlushingEventListener - Dirty checking collections
04:26:50.152 [main] DEBUG o.h.e.i.AbstractFlushingEventListener - Flushed: 1 insertions, 0 updates, 0 deletions to 1 objects
04:26:50.152 [main] DEBUG o.h.e.i.AbstractFlushingEventListener - Flushed: 0 (re)creations, 0 updates, 0 removals to 0 collections
04:26:50.152 [main] DEBUG o.h.internal.util.EntityPrinter - Listing entities:
04:26:50.152 [main] DEBUG o.h.internal.util.EntityPrinter - edu.ncsu.csc.itrust2.models.persistent.LogEntry{secondaryUser=null, logCode=5, primaryUser=logapitest, id=377, time=java.util.GregorianCalendar[time=1521606410149,areFieldsSet=true,areAllFieldsSet=true,lenient=true,zone=sun.util.calendar.ZoneInfo[id="Etc/UTC",offset=0,dstSavings=0,useDaylight=false,transitions=0,lastRule=null],firstDayOfWeek=1,minimalDaysInFirstWeek=1,ERA=1,YEAR=2018,MONTH=2,WEEK_OF_YEAR=12,WEEK_OF_MONTH=4,DAY_OF_MONTH=21,DAY_OF_YEAR=80,DAY_OF_WEEK=4,DAY_OF_WEEK_IN_MONTH=3,AM_PM=0,HOUR=4,HOUR_OF_DAY=4,MINUTE=26,SECOND=50,MILLISECOND=149,ZONE_OFFSET=0,DST_OFFSET=0], message=null}
04:26:50.152 [main] DEBUG org.hibernate.SQL - insert into LogEntries (logCode, message, primaryUser, secondaryUser, time, id) values (?, ?, ?, ?, ?, ?)
Hibernate: insert into LogEntries (logCode, message, primaryUser, secondaryUser, time, id) values (?, ?, ?, ?, ?, ?)
04:26:50.154 [main] DEBUG o.h.e.j.internal.JdbcCoordinatorImpl - HHH000420: Closing un-released batch
04:26:50.154 [main] DEBUG o.h.e.t.internal.TransactionImpl - begin
04:26:50.154 [main] DEBUG org.hibernate.SQL - select next_val as id_val from hibernate_sequence for update
Hibernate: select next_val as id_val from hibernate_sequence for update
04:26:50.155 [main] DEBUG org.hibernate.SQL - update hibernate_sequence set next_val= ? where next_val=?
Hibernate: update hibernate_sequence set next_val= ? where next_val=?
04:26:50.156 [main] DEBUG o.h.e.i.AbstractSaveEventListener - Generated identifier: 378, using strategy: org.hibernate.id.enhanced.SequenceStyleGenerator
04:26:50.156 [main] DEBUG o.h.e.t.internal.TransactionImpl - committing
04:26:50.156 [main] DEBUG o.h.e.i.AbstractFlushingEventListener - Processing flush-time cascades
04:26:50.156 [main] DEBUG o.h.e.i.AbstractFlushingEventListener - Dirty checking collections
04:26:50.156 [main] DEBUG o.h.e.i.AbstractFlushingEventListener - Flushed: 1 insertions, 0 updates, 0 deletions to 1 objects
04:26:50.156 [main] DEBUG o.h.e.i.AbstractFlushingEventListener - Flushed: 0 (re)creations, 0 updates, 0 removals to 0 collections
04:26:50.156 [main] DEBUG o.h.internal.util.EntityPrinter - Listing entities:
04:26:50.157 [main] DEBUG o.h.internal.util.EntityPrinter - edu.ncsu.csc.itrust2.models.persistent.LogEntry{secondaryUser=null, logCode=5, primaryUser=logapitest, id=378, time=java.util.GregorianCalendar[time=1521606410154,areFieldsSet=true,areAllFieldsSet=true,lenient=true,zone=sun.util.calendar.ZoneInfo[id="Etc/UTC",offset=0,dstSavings=0,useDaylight=false,transitions=0,lastRule=null],firstDayOfWeek=1,minimalDaysInFirstWeek=1,ERA=1,YEAR=2018,MONTH=2,WEEK_OF_YEAR=12,WEEK_OF_MONTH=4,DAY_OF_MONTH=21,DAY_OF_YEAR=80,DAY_OF_WEEK=4,DAY_OF_WEEK_IN_MONTH=3,AM_PM=0,HOUR=4,HOUR_OF_DAY=4,MINUTE=26,SECOND=50,MILLISECOND=154,ZONE_OFFSET=0,DST_OFFSET=0], message=null}
04:26:50.157 [main] DEBUG org.hibernate.SQL - insert into LogEntries (logCode, message, primaryUser, secondaryUser, time, id) values (?, ?, ?, ?, ?, ?)
Hibernate: insert into LogEntries (logCode, message, primaryUser, secondaryUser, time, id) values (?, ?, ?, ?, ?, ?)
04:26:50.158 [main] DEBUG o.h.e.j.internal.JdbcCoordinatorImpl - HHH000420: Closing un-released batch
04:26:50.159 [main] DEBUG o.h.e.t.internal.TransactionImpl - begin
04:26:50.159 [main] DEBUG org.hibernate.SQL - select next_val as id_val from hibernate_sequence for update
Hibernate: select next_val as id_val from hibernate_sequence for update
04:26:50.160 [main] DEBUG org.hibernate.SQL - update hibernate_sequence set next_val= ? where next_val=?
Hibernate: update hibernate_sequence set next_val= ? where next_val=?
04:26:50.160 [main] DEBUG o.h.e.i.AbstractSaveEventListener - Generated identifier: 379, using strategy: org.hibernate.id.enhanced.SequenceStyleGenerator
04:26:50.161 [main] DEBUG o.h.e.t.internal.TransactionImpl - committing
04:26:50.161 [main] DEBUG o.h.e.i.AbstractFlushingEventListener - Processing flush-time cascades
04:26:50.161 [main] DEBUG o.h.e.i.AbstractFlushingEventListener - Dirty checking collections
04:26:50.161 [main] DEBUG o.h.e.i.AbstractFlushingEventListener - Flushed: 1 insertions, 0 updates, 0 deletions to 1 objects
04:26:50.161 [main] DEBUG o.h.e.i.AbstractFlushingEventListener - Flushed: 0 (re)creations, 0 updates, 0 removals to 0 collections
04:26:50.161 [main] DEBUG o.h.internal.util.EntityPrinter - Listing entities:
04:26:50.161 [main] DEBUG o.h.internal.util.EntityPrinter - edu.ncsu.csc.itrust2.models.persistent.LogEntry{secondaryUser=null, logCode=5, primaryUser=logapitest, id=379, time=java.util.GregorianCalendar[time=1521606410159,areFieldsSet=true,areAllFieldsSet=true,lenient=true,zone=sun.util.calendar.ZoneInfo[id="Etc/UTC",offset=0,dstSavings=0,useDaylight=false,transitions=0,lastRule=null],firstDayOfWeek=1,minimalDaysInFirstWeek=1,ERA=1,YEAR=2018,MONTH=2,WEEK_OF_YEAR=12,WEEK_OF_MONTH=4,DAY_OF_MONTH=21,DAY_OF_YEAR=80,DAY_OF_WEEK=4,DAY_OF_WEEK_IN_MONTH=3,AM_PM=0,HOUR=4,HOUR_OF_DAY=4,MINUTE=26,SECOND=50,MILLISECOND=159,ZONE_OFFSET=0,DST_OFFSET=0], message=null}
04:26:50.162 [main] DEBUG org.hibernate.SQL - insert into LogEntries (logCode, message, primaryUser, secondaryUser, time, id) values (?, ?, ?, ?, ?, ?)
Hibernate: insert into LogEntries (logCode, message, primaryUser, secondaryUser, time, id) values (?, ?, ?, ?, ?, ?)
04:26:50.163 [main] DEBUG o.h.e.j.internal.JdbcCoordinatorImpl - HHH000420: Closing un-released batch
04:26:50.163 [main] DEBUG o.h.e.t.internal.TransactionImpl - begin
04:26:50.164 [main] DEBUG org.hibernate.SQL - select next_val as id_val from hibernate_sequence for update
Hibernate: select next_val as id_val from hibernate_sequence for update
04:26:50.164 [main] DEBUG org.hibernate.SQL - update hibernate_sequence set next_val= ? where next_val=?
Hibernate: update hibernate_sequence set next_val= ? where next_val=?
04:26:50.165 [main] DEBUG o.h.e.i.AbstractSaveEventListener - Generated identifier: 380, using strategy: org.hibernate.id.enhanced.SequenceStyleGenerator
04:26:50.165 [main] DEBUG o.h.e.t.internal.TransactionImpl - committing
04:26:50.165 [main] DEBUG o.h.e.i.AbstractFlushingEventListener - Processing flush-time cascades
04:26:50.165 [main] DEBUG o.h.e.i.AbstractFlushingEventListener - Dirty checking collections
04:26:50.165 [main] DEBUG o.h.e.i.AbstractFlushingEventListener - Flushed: 1 insertions, 0 updates, 0 deletions to 1 objects
04:26:50.166 [main] DEBUG o.h.e.i.AbstractFlushingEventListener - Flushed: 0 (re)creations, 0 updates, 0 removals to 0 collections
04:26:50.166 [main] DEBUG o.h.internal.util.EntityPrinter - Listing entities:
04:26:50.166 [main] DEBUG o.h.internal.util.EntityPrinter - edu.ncsu.csc.itrust2.models.persistent.LogEntry{secondaryUser=null, logCode=5, primaryUser=logapitest, id=380, time=java.util.GregorianCalendar[time=1521606410163,areFieldsSet=true,areAllFieldsSet=true,lenient=true,zone=sun.util.calendar.ZoneInfo[id="Etc/UTC",offset=0,dstSavings=0,useDaylight=false,transitions=0,lastRule=null],firstDayOfWeek=1,minimalDaysInFirstWeek=1,ERA=1,YEAR=2018,MONTH=2,WEEK_OF_YEAR=12,WEEK_OF_MONTH=4,DAY_OF_MONTH=21,DAY_OF_YEAR=80,DAY_OF_WEEK=4,DAY_OF_WEEK_IN_MONTH=3,AM_PM=0,HOUR=4,HOUR_OF_DAY=4,MINUTE=26,SECOND=50,MILLISECOND=163,ZONE_OFFSET=0,DST_OFFSET=0], message=null}
04:26:50.166 [main] DEBUG org.hibernate.SQL - insert into LogEntries (logCode, message, primaryUser, secondaryUser, time, id) values (?, ?, ?, ?, ?, ?)
Hibernate: insert into LogEntries (logCode, message, primaryUser, secondaryUser, time, id) values (?, ?, ?, ?, ?, ?)
04:26:50.168 [main] DEBUG o.h.e.j.internal.JdbcCoordinatorImpl - HHH000420: Closing un-released batch
04:26:50.168 [main] DEBUG o.h.e.t.internal.TransactionImpl - begin
04:26:50.169 [main] DEBUG org.hibernate.SQL - select next_val as id_val from hibernate_sequence for update
Hibernate: select next_val as id_val from hibernate_sequence for update
04:26:50.169 [main] DEBUG org.hibernate.SQL - update hibernate_sequence set next_val= ? where next_val=?
Hibernate: update hibernate_sequence set next_val= ? where next_val=?
04:26:50.170 [main] DEBUG o.h.e.i.AbstractSaveEventListener - Generated identifier: 381, using strategy: org.hibernate.id.enhanced.SequenceStyleGenerator
04:26:50.171 [main] DEBUG o.h.e.t.internal.TransactionImpl - committing
04:26:50.171 [main] DEBUG o.h.e.i.AbstractFlushingEventListener - Processing flush-time cascades
04:26:50.171 [main] DEBUG o.h.e.i.AbstractFlushingEventListener - Dirty checking collections
04:26:50.171 [main] DEBUG o.h.e.i.AbstractFlushingEventListener - Flushed: 1 insertions, 0 updates, 0 deletions to 1 objects
04:26:50.171 [main] DEBUG o.h.e.i.AbstractFlushingEventListener - Flushed: 0 (re)creations, 0 updates, 0 removals to 0 collections
04:26:50.171 [main] DEBUG o.h.internal.util.EntityPrinter - Listing entities:
04:26:50.171 [main] DEBUG o.h.internal.util.EntityPrinter - edu.ncsu.csc.itrust2.models.persistent.LogEntry{secondaryUser=null, logCode=5, primaryUser=logapitest, id=381, time=java.util.GregorianCalendar[time=1521606410168,areFieldsSet=true,areAllFieldsSet=true,lenient=true,zone=sun.util.calendar.ZoneInfo[id="Etc/UTC",offset=0,dstSavings=0,useDaylight=false,transitions=0,lastRule=null],firstDayOfWeek=1,minimalDaysInFirstWeek=1,ERA=1,YEAR=2018,MONTH=2,WEEK_OF_YEAR=12,WEEK_OF_MONTH=4,DAY_OF_MONTH=21,DAY_OF_YEAR=80,DAY_OF_WEEK=4,DAY_OF_WEEK_IN_MONTH=3,AM_PM=0,HOUR=4,HOUR_OF_DAY=4,MINUTE=26,SECOND=50,MILLISECOND=168,ZONE_OFFSET=0,DST_OFFSET=0], message=null}
04:26:50.172 [main] DEBUG org.hibernate.SQL - insert into LogEntries (logCode, message, primaryUser, secondaryUser, time, id) values (?, ?, ?, ?, ?, ?)
Hibernate: insert into LogEntries (logCode, message, primaryUser, secondaryUser, time, id) values (?, ?, ?, ?, ?, ?)
04:26:50.173 [main] DEBUG o.h.e.j.internal.JdbcCoordinatorImpl - HHH000420: Closing un-released batch
04:26:50.173 [main] DEBUG o.h.e.t.internal.TransactionImpl - begin
04:26:50.174 [main] DEBUG org.hibernate.SQL - select next_val as id_val from hibernate_sequence for update
Hibernate: select next_val as id_val from hibernate_sequence for update
04:26:50.174 [main] DEBUG org.hibernate.SQL - update hibernate_sequence set next_val= ? where next_val=?
Hibernate: update hibernate_sequence set next_val= ? where next_val=?
04:26:50.175 [main] DEBUG o.h.e.i.AbstractSaveEventListener - Generated identifier: 382, using strategy: org.hibernate.id.enhanced.SequenceStyleGenerator
04:26:50.175 [main] DEBUG o.h.e.t.internal.TransactionImpl - committing
04:26:50.175 [main] DEBUG o.h.e.i.AbstractFlushingEventListener - Processing flush-time cascades
04:26:50.176 [main] DEBUG o.h.e.i.AbstractFlushingEventListener - Dirty checking collections
04:26:50.176 [main] DEBUG o.h.e.i.AbstractFlushingEventListener - Flushed: 1 insertions, 0 updates, 0 deletions to 1 objects
04:26:50.176 [main] DEBUG o.h.e.i.AbstractFlushingEventListener - Flushed: 0 (re)creations, 0 updates, 0 removals to 0 collections
04:26:50.176 [main] DEBUG o.h.internal.util.EntityPrinter - Listing entities:
04:26:50.176 [main] DEBUG o.h.internal.util.EntityPrinter - edu.ncsu.csc.itrust2.models.persistent.LogEntry{secondaryUser=null, logCode=5, primaryUser=logapitest, id=382, time=java.util.GregorianCalendar[time=1521606410173,areFieldsSet=true,areAllFieldsSet=true,lenient=true,zone=sun.util.calendar.ZoneInfo[id="Etc/UTC",offset=0,dstSavings=0,useDaylight=false,transitions=0,lastRule=null],firstDayOfWeek=1,minimalDaysInFirstWeek=1,ERA=1,YEAR=2018,MONTH=2,WEEK_OF_YEAR=12,WEEK_OF_MONTH=4,DAY_OF_MONTH=21,DAY_OF_YEAR=80,DAY_OF_WEEK=4,DAY_OF_WEEK_IN_MONTH=3,AM_PM=0,HOUR=4,HOUR_OF_DAY=4,MINUTE=26,SECOND=50,MILLISECOND=173,ZONE_OFFSET=0,DST_OFFSET=0], message=null}
04:26:50.176 [main] DEBUG org.hibernate.SQL - insert into LogEntries (logCode, message, primaryUser, secondaryUser, time, id) values (?, ?, ?, ?, ?, ?)
Hibernate: insert into LogEntries (logCode, message, primaryUser, secondaryUser, time, id) values (?, ?, ?, ?, ?, ?)
04:26:50.178 [main] DEBUG o.h.e.j.internal.JdbcCoordinatorImpl - HHH000420: Closing un-released batch
04:26:50.179 [main] DEBUG o.h.e.t.internal.TransactionImpl - begin
04:26:50.180 [main] DEBUG org.hibernate.SQL - select next_val as id_val from hibernate_sequence for update
Hibernate: select next_val as id_val from hibernate_sequence for update
04:26:50.181 [main] DEBUG org.hibernate.SQL - update hibernate_sequence set next_val= ? where next_val=?
Hibernate: update hibernate_sequence set next_val= ? where next_val=?
04:26:50.182 [main] DEBUG o.h.e.i.AbstractSaveEventListener - Generated identifier: 383, using strategy: org.hibernate.id.enhanced.SequenceStyleGenerator
04:26:50.183 [main] DEBUG o.h.e.t.internal.TransactionImpl - committing
04:26:50.183 [main] DEBUG o.h.e.i.AbstractFlushingEventListener - Processing flush-time cascades
04:26:50.183 [main] DEBUG o.h.e.i.AbstractFlushingEventListener - Dirty checking collections
04:26:50.183 [main] DEBUG o.h.e.i.AbstractFlushingEventListener - Flushed: 1 insertions, 0 updates, 0 deletions to 1 objects
04:26:50.183 [main] DEBUG o.h.e.i.AbstractFlushingEventListener - Flushed: 0 (re)creations, 0 updates, 0 removals to 0 collections
04:26:50.183 [main] DEBUG o.h.internal.util.EntityPrinter - Listing entities:
04:26:50.183 [main] DEBUG o.h.internal.util.EntityPrinter - edu.ncsu.csc.itrust2.models.persistent.LogEntry{secondaryUser=null, logCode=5, primaryUser=logapitest, id=383, time=java.util.GregorianCalendar[time=1521606410179,areFieldsSet=true,areAllFieldsSet=true,lenient=true,zone=sun.util.calendar.ZoneInfo[id="Etc/UTC",offset=0,dstSavings=0,useDaylight=false,transitions=0,lastRule=null],firstDayOfWeek=1,minimalDaysInFirstWeek=1,ERA=1,YEAR=2018,MONTH=2,WEEK_OF_YEAR=12,WEEK_OF_MONTH=4,DAY_OF_MONTH=21,DAY_OF_YEAR=80,DAY_OF_WEEK=4,DAY_OF_WEEK_IN_MONTH=3,AM_PM=0,HOUR=4,HOUR_OF_DAY=4,MINUTE=26,SECOND=50,MILLISECOND=179,ZONE_OFFSET=0,DST_OFFSET=0], message=null}
04:26:50.184 [main] DEBUG org.hibernate.SQL - insert into LogEntries (logCode, message, primaryUser, secondaryUser, time, id) values (?, ?, ?, ?, ?, ?)
Hibernate: insert into LogEntries (logCode, message, primaryUser, secondaryUser, time, id) values (?, ?, ?, ?, ?, ?)
04:26:50.184 [main] DEBUG o.h.e.j.internal.JdbcCoordinatorImpl - HHH000420: Closing un-released batch
04:26:50.185 [main] DEBUG o.h.e.t.internal.TransactionImpl - begin
04:26:50.185 [main] DEBUG org.hibernate.SQL - select next_val as id_val from hibernate_sequence for update
Hibernate: select next_val as id_val from hibernate_sequence for update
04:26:50.186 [main] DEBUG org.hibernate.SQL - update hibernate_sequence set next_val= ? where next_val=?
Hibernate: update hibernate_sequence set next_val= ? where next_val=?
04:26:50.187 [main] DEBUG o.h.e.i.AbstractSaveEventListener - Generated identifier: 384, using strategy: org.hibernate.id.enhanced.SequenceStyleGenerator
04:26:50.187 [main] DEBUG o.h.e.t.internal.TransactionImpl - committing
04:26:50.187 [main] DEBUG o.h.e.i.AbstractFlushingEventListener - Processing flush-time cascades
04:26:50.187 [main] DEBUG o.h.e.i.AbstractFlushingEventListener - Dirty checking collections
04:26:50.187 [main] DEBUG o.h.e.i.AbstractFlushingEventListener - Flushed: 1 insertions, 0 updates, 0 deletions to 1 objects
04:26:50.187 [main] DEBUG o.h.e.i.AbstractFlushingEventListener - Flushed: 0 (re)creations, 0 updates, 0 removals to 0 collections
04:26:50.187 [main] DEBUG o.h.internal.util.EntityPrinter - Listing entities:
04:26:50.187 [main] DEBUG o.h.internal.util.EntityPrinter - edu.ncsu.csc.itrust2.models.persistent.LogEntry{secondaryUser=null, logCode=5, primaryUser=logapitest, id=384, time=java.util.GregorianCalendar[time=1521606410185,areFieldsSet=true,areAllFieldsSet=true,lenient=true,zone=sun.util.calendar.ZoneInfo[id="Etc/UTC",offset=0,dstSavings=0,useDaylight=false,transitions=0,lastRule=null],firstDayOfWeek=1,minimalDaysInFirstWeek=1,ERA=1,YEAR=2018,MONTH=2,WEEK_OF_YEAR=12,WEEK_OF_MONTH=4,DAY_OF_MONTH=21,DAY_OF_YEAR=80,DAY_OF_WEEK=4,DAY_OF_WEEK_IN_MONTH=3,AM_PM=0,HOUR=4,HOUR_OF_DAY=4,MINUTE=26,SECOND=50,MILLISECOND=185,ZONE_OFFSET=0,DST_OFFSET=0], message=null}
04:26:50.188 [main] DEBUG org.hibernate.SQL - insert into LogEntries (logCode, message, primaryUser, secondaryUser, time, id) values (?, ?, ?, ?, ?, ?)
Hibernate: insert into LogEntries (logCode, message, primaryUser, secondaryUser, time, id) values (?, ?, ?, ?, ?, ?)
04:26:50.189 [main] DEBUG o.h.e.j.internal.JdbcCoordinatorImpl - HHH000420: Closing un-released batch
04:26:50.189 [main] DEBUG o.h.e.t.internal.TransactionImpl - begin
04:26:50.189 [main] DEBUG org.hibernate.SQL - select next_val as id_val from hibernate_sequence for update
Hibernate: select next_val as id_val from hibernate_sequence for update
04:26:50.190 [main] DEBUG org.hibernate.SQL - update hibernate_sequence set next_val= ? where next_val=?
Hibernate: update hibernate_sequence set next_val= ? where next_val=?
04:26:50.191 [main] DEBUG o.h.e.i.AbstractSaveEventListener - Generated identifier: 385, using strategy: org.hibernate.id.enhanced.SequenceStyleGenerator
04:26:50.191 [main] DEBUG o.h.e.t.internal.TransactionImpl - committing
04:26:50.192 [main] DEBUG o.h.e.i.AbstractFlushingEventListener - Processing flush-time cascades
04:26:50.192 [main] DEBUG o.h.e.i.AbstractFlushingEventListener - Dirty checking collections
04:26:50.192 [main] DEBUG o.h.e.i.AbstractFlushingEventListener - Flushed: 1 insertions, 0 updates, 0 deletions to 1 objects
04:26:50.192 [main] DEBUG o.h.e.i.AbstractFlushingEventListener - Flushed: 0 (re)creations, 0 updates, 0 removals to 0 collections
04:26:50.192 [main] DEBUG o.h.internal.util.EntityPrinter - Listing entities:
04:26:50.192 [main] DEBUG o.h.internal.util.EntityPrinter - edu.ncsu.csc.itrust2.models.persistent.LogEntry{secondaryUser=null, logCode=5, primaryUser=logapitest, id=385, time=java.util.GregorianCalendar[time=1521606410189,areFieldsSet=true,areAllFieldsSet=true,lenient=true,zone=sun.util.calendar.ZoneInfo[id="Etc/UTC",offset=0,dstSavings=0,useDaylight=false,transitions=0,lastRule=null],firstDayOfWeek=1,minimalDaysInFirstWeek=1,ERA=1,YEAR=2018,MONTH=2,WEEK_OF_YEAR=12,WEEK_OF_MONTH=4,DAY_OF_MONTH=21,DAY_OF_YEAR=80,DAY_OF_WEEK=4,DAY_OF_WEEK_IN_MONTH=3,AM_PM=0,HOUR=4,HOUR_OF_DAY=4,MINUTE=26,SECOND=50,MILLISECOND=189,ZONE_OFFSET=0,DST_OFFSET=0], message=null}
04:26:50.193 [main] DEBUG org.hibernate.SQL - insert into LogEntries (logCode, message, primaryUser, secondaryUser, time, id) values (?, ?, ?, ?, ?, ?)
Hibernate: insert into LogEntries (logCode, message, primaryUser, secondaryUser, time, id) values (?, ?, ?, ?, ?, ?)
04:26:50.195 [main] DEBUG o.h.e.j.internal.JdbcCoordinatorImpl - HHH000420: Closing un-released batch
04:26:50.195 [main] DEBUG o.h.e.t.internal.TransactionImpl - begin
04:26:50.196 [main] DEBUG org.hibernate.SQL - select next_val as id_val from hibernate_sequence for update
Hibernate: select next_val as id_val from hibernate_sequence for update
04:26:50.196 [main] DEBUG org.hibernate.SQL - update hibernate_sequence set next_val= ? where next_val=?
Hibernate: update hibernate_sequence set next_val= ? where next_val=?
04:26:50.198 [main] DEBUG o.h.e.i.AbstractSaveEventListener - Generated identifier: 386, using strategy: org.hibernate.id.enhanced.SequenceStyleGenerator
04:26:50.198 [main] DEBUG o.h.e.t.internal.TransactionImpl - committing
04:26:50.198 [main] DEBUG o.h.e.i.AbstractFlushingEventListener - Processing flush-time cascades
04:26:50.198 [main] DEBUG o.h.e.i.AbstractFlushingEventListener - Dirty checking collections
04:26:50.198 [main] DEBUG o.h.e.i.AbstractFlushingEventListener - Flushed: 1 insertions, 0 updates, 0 deletions to 1 objects
04:26:50.198 [main] DEBUG o.h.e.i.AbstractFlushingEventListener - Flushed: 0 (re)creations, 0 updates, 0 removals to 0 collections
04:26:50.198 [main] DEBUG o.h.internal.util.EntityPrinter - Listing entities:
04:26:50.199 [main] DEBUG o.h.internal.util.EntityPrinter - edu.ncsu.csc.itrust2.models.persistent.LogEntry{secondaryUser=null, logCode=5, primaryUser=logapitest, id=386, time=java.util.GregorianCalendar[time=1521606410195,areFieldsSet=true,areAllFieldsSet=true,lenient=true,zone=sun.util.calendar.ZoneInfo[id="Etc/UTC",offset=0,dstSavings=0,useDaylight=false,transitions=0,lastRule=null],firstDayOfWeek=1,minimalDaysInFirstWeek=1,ERA=1,YEAR=2018,MONTH=2,WEEK_OF_YEAR=12,WEEK_OF_MONTH=4,DAY_OF_MONTH=21,DAY_OF_YEAR=80,DAY_OF_WEEK=4,DAY_OF_WEEK_IN_MONTH=3,AM_PM=0,HOUR=4,HOUR_OF_DAY=4,MINUTE=26,SECOND=50,MILLISECOND=195,ZONE_OFFSET=0,DST_OFFSET=0], message=null}
04:26:50.199 [main] DEBUG org.hibernate.SQL - insert into LogEntries (logCode, message, primaryUser, secondaryUser, time, id) values (?, ?, ?, ?, ?, ?)
Hibernate: insert into LogEntries (logCode, message, primaryUser, secondaryUser, time, id) values (?, ?, ?, ?, ?, ?)
04:26:50.200 [main] DEBUG o.h.e.j.internal.JdbcCoordinatorImpl - HHH000420: Closing un-released batch
04:26:50.201 [main] DEBUG o.h.e.t.internal.TransactionImpl - begin
04:26:50.201 [main] DEBUG org.hibernate.SQL - select next_val as id_val from hibernate_sequence for update
Hibernate: select next_val as id_val from hibernate_sequence for update
04:26:50.202 [main] DEBUG org.hibernate.SQL - update hibernate_sequence set next_val= ? where next_val=?
Hibernate: update hibernate_sequence set next_val= ? where next_val=?
04:26:50.203 [main] DEBUG o.h.e.i.AbstractSaveEventListener - Generated identifier: 387, using strategy: org.hibernate.id.enhanced.SequenceStyleGenerator
04:26:50.203 [main] DEBUG o.h.e.t.internal.TransactionImpl - committing
04:26:50.203 [main] DEBUG o.h.e.i.AbstractFlushingEventListener - Processing flush-time cascades
04:26:50.203 [main] DEBUG o.h.e.i.AbstractFlushingEventListener - Dirty checking collections
04:26:50.204 [main] DEBUG o.h.e.i.AbstractFlushingEventListener - Flushed: 1 insertions, 0 updates, 0 deletions to 1 objects
04:26:50.204 [main] DEBUG o.h.e.i.AbstractFlushingEventListener - Flushed: 0 (re)creations, 0 updates, 0 removals to 0 collections
04:26:50.204 [main] DEBUG o.h.internal.util.EntityPrinter - Listing entities:
04:26:50.204 [main] DEBUG o.h.internal.util.EntityPrinter - edu.ncsu.csc.itrust2.models.persistent.LogEntry{secondaryUser=null, logCode=5, primaryUser=logapitest, id=387, time=java.util.GregorianCalendar[time=1521606410201,areFieldsSet=true,areAllFieldsSet=true,lenient=true,zone=sun.util.calendar.ZoneInfo[id="Etc/UTC",offset=0,dstSavings=0,useDaylight=false,transitions=0,lastRule=null],firstDayOfWeek=1,minimalDaysInFirstWeek=1,ERA=1,YEAR=2018,MONTH=2,WEEK_OF_YEAR=12,WEEK_OF_MONTH=4,DAY_OF_MONTH=21,DAY_OF_YEAR=80,DAY_OF_WEEK=4,DAY_OF_WEEK_IN_MONTH=3,AM_PM=0,HOUR=4,HOUR_OF_DAY=4,MINUTE=26,SECOND=50,MILLISECOND=201,ZONE_OFFSET=0,DST_OFFSET=0], message=null}
04:26:50.204 [main] DEBUG org.hibernate.SQL - insert into LogEntries (logCode, message, primaryUser, secondaryUser, time, id) values (?, ?, ?, ?, ?, ?)
Hibernate: insert into LogEntries (logCode, message, primaryUser, secondaryUser, time, id) values (?, ?, ?, ?, ?, ?)
04:26:50.206 [main] DEBUG o.h.e.j.internal.JdbcCoordinatorImpl - HHH000420: Closing un-released batch
04:26:50.206 [main] DEBUG o.h.e.t.internal.TransactionImpl - begin
04:26:50.206 [main] DEBUG org.hibernate.SQL - select next_val as id_val from hibernate_sequence for update
Hibernate: select next_val as id_val from hibernate_sequence for update
04:26:50.207 [main] DEBUG org.hibernate.SQL - update hibernate_sequence set next_val= ? where next_val=?
Hibernate: update hibernate_sequence set next_val= ? where next_val=?
04:26:50.208 [main] DEBUG o.h.e.i.AbstractSaveEventListener - Generated identifier: 388, using strategy: org.hibernate.id.enhanced.SequenceStyleGenerator
04:26:50.208 [main] DEBUG o.h.e.t.internal.TransactionImpl - committing
04:26:50.208 [main] DEBUG o.h.e.i.AbstractFlushingEventListener - Processing flush-time cascades
04:26:50.208 [main] DEBUG o.h.e.i.AbstractFlushingEventListener - Dirty checking collections
04:26:50.208 [main] DEBUG o.h.e.i.AbstractFlushingEventListener - Flushed: 1 insertions, 0 updates, 0 deletions to 1 objects
04:26:50.208 [main] DEBUG o.h.e.i.AbstractFlushingEventListener - Flushed: 0 (re)creations, 0 updates, 0 removals to 0 collections
04:26:50.208 [main] DEBUG o.h.internal.util.EntityPrinter - Listing entities:
04:26:50.208 [main] DEBUG o.h.internal.util.EntityPrinter - edu.ncsu.csc.itrust2.models.persistent.LogEntry{secondaryUser=null, logCode=5, primaryUser=logapitest, id=388, time=java.util.GregorianCalendar[time=1521606410206,areFieldsSet=true,areAllFieldsSet=true,lenient=true,zone=sun.util.calendar.ZoneInfo[id="Etc/UTC",offset=0,dstSavings=0,useDaylight=false,transitions=0,lastRule=null],firstDayOfWeek=1,minimalDaysInFirstWeek=1,ERA=1,YEAR=2018,MONTH=2,WEEK_OF_YEAR=12,WEEK_OF_MONTH=4,DAY_OF_MONTH=21,DAY_OF_YEAR=80,DAY_OF_WEEK=4,DAY_OF_WEEK_IN_MONTH=3,AM_PM=0,HOUR=4,HOUR_OF_DAY=4,MINUTE=26,SECOND=50,MILLISECOND=206,ZONE_OFFSET=0,DST_OFFSET=0], message=null}
04:26:50.209 [main] DEBUG org.hibernate.SQL - insert into LogEntries (logCode, message, primaryUser, secondaryUser, time, id) values (?, ?, ?, ?, ?, ?)
Hibernate: insert into LogEntries (logCode, message, primaryUser, secondaryUser, time, id) values (?, ?, ?, ?, ?, ?)
04:26:50.210 [main] DEBUG o.h.e.j.internal.JdbcCoordinatorImpl - HHH000420: Closing un-released batch
04:26:50.211 [main] DEBUG o.h.e.t.internal.TransactionImpl - begin
04:26:50.211 [main] DEBUG org.hibernate.SQL - select next_val as id_val from hibernate_sequence for update
Hibernate: select next_val as id_val from hibernate_sequence for update
04:26:50.211 [main] DEBUG org.hibernate.SQL - update hibernate_sequence set next_val= ? where next_val=?
Hibernate: update hibernate_sequence set next_val= ? where next_val=?
04:26:50.212 [main] DEBUG o.h.e.i.AbstractSaveEventListener - Generated identifier: 389, using strategy: org.hibernate.id.enhanced.SequenceStyleGenerator
04:26:50.212 [main] DEBUG o.h.e.t.internal.TransactionImpl - committing
04:26:50.213 [main] DEBUG o.h.e.i.AbstractFlushingEventListener - Processing flush-time cascades
04:26:50.213 [main] DEBUG o.h.e.i.AbstractFlushingEventListener - Dirty checking collections
04:26:50.213 [main] DEBUG o.h.e.i.AbstractFlushingEventListener - Flushed: 1 insertions, 0 updates, 0 deletions to 1 objects
04:26:50.213 [main] DEBUG o.h.e.i.AbstractFlushingEventListener - Flushed: 0 (re)creations, 0 updates, 0 removals to 0 collections
04:26:50.213 [main] DEBUG o.h.internal.util.EntityPrinter - Listing entities:
04:26:50.213 [main] DEBUG o.h.internal.util.EntityPrinter - edu.ncsu.csc.itrust2.models.persistent.LogEntry{secondaryUser=null, logCode=5, primaryUser=logapitest, id=389, time=java.util.GregorianCalendar[time=1521606410210,areFieldsSet=true,areAllFieldsSet=true,lenient=true,zone=sun.util.calendar.ZoneInfo[id="Etc/UTC",offset=0,dstSavings=0,useDaylight=false,transitions=0,lastRule=null],firstDayOfWeek=1,minimalDaysInFirstWeek=1,ERA=1,YEAR=2018,MONTH=2,WEEK_OF_YEAR=12,WEEK_OF_MONTH=4,DAY_OF_MONTH=21,DAY_OF_YEAR=80,DAY_OF_WEEK=4,DAY_OF_WEEK_IN_MONTH=3,AM_PM=0,HOUR=4,HOUR_OF_DAY=4,MINUTE=26,SECOND=50,MILLISECOND=210,ZONE_OFFSET=0,DST_OFFSET=0], message=null}
04:26:50.213 [main] DEBUG org.hibernate.SQL - insert into LogEntries (logCode, message, primaryUser, secondaryUser, time, id) values (?, ?, ?, ?, ?, ?)
Hibernate: insert into LogEntries (logCode, message, primaryUser, secondaryUser, time, id) values (?, ?, ?, ?, ?, ?)
04:26:50.215 [main] DEBUG o.h.e.j.internal.JdbcCoordinatorImpl - HHH000420: Closing un-released batch
04:26:50.215 [main] DEBUG o.h.e.t.internal.TransactionImpl - begin
04:26:50.215 [main] DEBUG org.hibernate.SQL - select next_val as id_val from hibernate_sequence for update
Hibernate: select next_val as id_val from hibernate_sequence for update
04:26:50.216 [main] DEBUG org.hibernate.SQL - update hibernate_sequence set next_val= ? where next_val=?
Hibernate: update hibernate_sequence set next_val= ? where next_val=?
04:26:50.216 [main] DEBUG o.h.e.i.AbstractSaveEventListener - Generated identifier: 390, using strategy: org.hibernate.id.enhanced.SequenceStyleGenerator
04:26:50.217 [main] DEBUG o.h.e.t.internal.TransactionImpl - committing
04:26:50.217 [main] DEBUG o.h.e.i.AbstractFlushingEventListener - Processing flush-time cascades
04:26:50.217 [main] DEBUG o.h.e.i.AbstractFlushingEventListener - Dirty checking collections
04:26:50.217 [main] DEBUG o.h.e.i.AbstractFlushingEventListener - Flushed: 1 insertions, 0 updates, 0 deletions to 1 objects
04:26:50.217 [main] DEBUG o.h.e.i.AbstractFlushingEventListener - Flushed: 0 (re)creations, 0 updates, 0 removals to 0 collections
04:26:50.217 [main] DEBUG o.h.internal.util.EntityPrinter - Listing entities:
04:26:50.217 [main] DEBUG o.h.internal.util.EntityPrinter - edu.ncsu.csc.itrust2.models.persistent.LogEntry{secondaryUser=null, logCode=5, primaryUser=logapitest, id=390, time=java.util.GregorianCalendar[time=1521606410215,areFieldsSet=true,areAllFieldsSet=true,lenient=true,zone=sun.util.calendar.ZoneInfo[id="Etc/UTC",offset=0,dstSavings=0,useDaylight=false,transitions=0,lastRule=null],firstDayOfWeek=1,minimalDaysInFirstWeek=1,ERA=1,YEAR=2018,MONTH=2,WEEK_OF_YEAR=12,WEEK_OF_MONTH=4,DAY_OF_MONTH=21,DAY_OF_YEAR=80,DAY_OF_WEEK=4,DAY_OF_WEEK_IN_MONTH=3,AM_PM=0,HOUR=4,HOUR_OF_DAY=4,MINUTE=26,SECOND=50,MILLISECOND=215,ZONE_OFFSET=0,DST_OFFSET=0], message=null}
04:26:50.220 [main] DEBUG org.hibernate.SQL - insert into LogEntries (logCode, message, primaryUser, secondaryUser, time, id) values (?, ?, ?, ?, ?, ?)
Hibernate: insert into LogEntries (logCode, message, primaryUser, secondaryUser, time, id) values (?, ?, ?, ?, ?, ?)
04:26:50.222 [main] DEBUG o.h.e.j.internal.JdbcCoordinatorImpl - HHH000420: Closing un-released batch
04:26:50.222 [main] DEBUG o.h.e.t.internal.TransactionImpl - begin
04:26:50.222 [main] DEBUG org.hibernate.SQL - select next_val as id_val from hibernate_sequence for update
Hibernate: select next_val as id_val from hibernate_sequence for update
04:26:50.223 [main] DEBUG org.hibernate.SQL - update hibernate_sequence set next_val= ? where next_val=?
Hibernate: update hibernate_sequence set next_val= ? where next_val=?
04:26:50.224 [main] DEBUG o.h.e.i.AbstractSaveEventListener - Generated identifier: 391, using strategy: org.hibernate.id.enhanced.SequenceStyleGenerator
04:26:50.224 [main] DEBUG o.h.e.t.internal.TransactionImpl - committing
04:26:50.224 [main] DEBUG o.h.e.i.AbstractFlushingEventListener - Processing flush-time cascades
04:26:50.224 [main] DEBUG o.h.e.i.AbstractFlushingEventListener - Dirty checking collections
04:26:50.224 [main] DEBUG o.h.e.i.AbstractFlushingEventListener - Flushed: 1 insertions, 0 updates, 0 deletions to 1 objects
04:26:50.224 [main] DEBUG o.h.e.i.AbstractFlushingEventListener - Flushed: 0 (re)creations, 0 updates, 0 removals to 0 collections
04:26:50.224 [main] DEBUG o.h.internal.util.EntityPrinter - Listing entities:
04:26:50.224 [main] DEBUG o.h.internal.util.EntityPrinter - edu.ncsu.csc.itrust2.models.persistent.LogEntry{secondaryUser=null, logCode=5, primaryUser=logapitest, id=391, time=java.util.GregorianCalendar[time=1521606410222,areFieldsSet=true,areAllFieldsSet=true,lenient=true,zone=sun.util.calendar.ZoneInfo[id="Etc/UTC",offset=0,dstSavings=0,useDaylight=false,transitions=0,lastRule=null],firstDayOfWeek=1,minimalDaysInFirstWeek=1,ERA=1,YEAR=2018,MONTH=2,WEEK_OF_YEAR=12,WEEK_OF_MONTH=4,DAY_OF_MONTH=21,DAY_OF_YEAR=80,DAY_OF_WEEK=4,DAY_OF_WEEK_IN_MONTH=3,AM_PM=0,HOUR=4,HOUR_OF_DAY=4,MINUTE=26,SECOND=50,MILLISECOND=222,ZONE_OFFSET=0,DST_OFFSET=0], message=null}
04:26:50.224 [main] DEBUG org.hibernate.SQL - insert into LogEntries (logCode, message, primaryUser, secondaryUser, time, id) values (?, ?, ?, ?, ?, ?)
Hibernate: insert into LogEntries (logCode, message, primaryUser, secondaryUser, time, id) values (?, ?, ?, ?, ?, ?)
04:26:50.225 [main] DEBUG o.h.e.j.internal.JdbcCoordinatorImpl - HHH000420: Closing un-released batch
04:26:50.226 [main] DEBUG o.h.e.t.internal.TransactionImpl - begin
04:26:50.226 [main] DEBUG org.hibernate.SQL - select next_val as id_val from hibernate_sequence for update
Hibernate: select next_val as id_val from hibernate_sequence for update
04:26:50.227 [main] DEBUG org.hibernate.SQL - update hibernate_sequence set next_val= ? where next_val=?
Hibernate: update hibernate_sequence set next_val= ? where next_val=?
04:26:50.227 [main] DEBUG o.h.e.i.AbstractSaveEventListener - Generated identifier: 392, using strategy: org.hibernate.id.enhanced.SequenceStyleGenerator
04:26:50.227 [main] DEBUG o.h.e.t.internal.TransactionImpl - committing
04:26:50.227 [main] DEBUG o.h.e.i.AbstractFlushingEventListener - Processing flush-time cascades
04:26:50.227 [main] DEBUG o.h.e.i.AbstractFlushingEventListener - Dirty checking collections
04:26:50.228 [main] DEBUG o.h.e.i.AbstractFlushingEventListener - Flushed: 1 insertions, 0 updates, 0 deletions to 1 objects
04:26:50.228 [main] DEBUG o.h.e.i.AbstractFlushingEventListener - Flushed: 0 (re)creations, 0 updates, 0 removals to 0 collections
04:26:50.228 [main] DEBUG o.h.internal.util.EntityPrinter - Listing entities:
04:26:50.228 [main] DEBUG o.h.internal.util.EntityPrinter - edu.ncsu.csc.itrust2.models.persistent.LogEntry{secondaryUser=null, logCode=5, primaryUser=logapitest, id=392, time=java.util.GregorianCalendar[time=1521606410226,areFieldsSet=true,areAllFieldsSet=true,lenient=true,zone=sun.util.calendar.ZoneInfo[id="Etc/UTC",offset=0,dstSavings=0,useDaylight=false,transitions=0,lastRule=null],firstDayOfWeek=1,minimalDaysInFirstWeek=1,ERA=1,YEAR=2018,MONTH=2,WEEK_OF_YEAR=12,WEEK_OF_MONTH=4,DAY_OF_MONTH=21,DAY_OF_YEAR=80,DAY_OF_WEEK=4,DAY_OF_WEEK_IN_MONTH=3,AM_PM=0,HOUR=4,HOUR_OF_DAY=4,MINUTE=26,SECOND=50,MILLISECOND=226,ZONE_OFFSET=0,DST_OFFSET=0], message=null}
04:26:50.229 [main] DEBUG org.hibernate.SQL - insert into LogEntries (logCode, message, primaryUser, secondaryUser, time, id) values (?, ?, ?, ?, ?, ?)
Hibernate: insert into LogEntries (logCode, message, primaryUser, secondaryUser, time, id) values (?, ?, ?, ?, ?, ?)
04:26:50.230 [main] DEBUG o.h.e.j.internal.JdbcCoordinatorImpl - HHH000420: Closing un-released batch
04:26:50.231 [main] DEBUG o.h.e.t.internal.TransactionImpl - begin
04:26:50.231 [main] DEBUG org.hibernate.SQL - select next_val as id_val from hibernate_sequence for update
Hibernate: select next_val as id_val from hibernate_sequence for update
04:26:50.232 [main] DEBUG org.hibernate.SQL - update hibernate_sequence set next_val= ? where next_val=?
Hibernate: update hibernate_sequence set next_val= ? where next_val=?
04:26:50.232 [main] DEBUG o.h.e.i.AbstractSaveEventListener - Generated identifier: 393, using strategy: org.hibernate.id.enhanced.SequenceStyleGenerator
04:26:50.233 [main] DEBUG o.h.e.t.internal.TransactionImpl - committing
04:26:50.233 [main] DEBUG o.h.e.i.AbstractFlushingEventListener - Processing flush-time cascades
04:26:50.233 [main] DEBUG o.h.e.i.AbstractFlushingEventListener - Dirty checking collections
04:26:50.233 [main] DEBUG o.h.e.i.AbstractFlushingEventListener - Flushed: 1 insertions, 0 updates, 0 deletions to 1 objects
04:26:50.233 [main] DEBUG o.h.e.i.AbstractFlushingEventListener - Flushed: 0 (re)creations, 0 updates, 0 removals to 0 collections
04:26:50.233 [main] DEBUG o.h.internal.util.EntityPrinter - Listing entities:
04:26:50.233 [main] DEBUG o.h.internal.util.EntityPrinter - edu.ncsu.csc.itrust2.models.persistent.LogEntry{secondaryUser=null, logCode=5, primaryUser=logapitest, id=393, time=java.util.GregorianCalendar[time=1521606410231,areFieldsSet=true,areAllFieldsSet=true,lenient=true,zone=sun.util.calendar.ZoneInfo[id="Etc/UTC",offset=0,dstSavings=0,useDaylight=false,transitions=0,lastRule=null],firstDayOfWeek=1,minimalDaysInFirstWeek=1,ERA=1,YEAR=2018,MONTH=2,WEEK_OF_YEAR=12,WEEK_OF_MONTH=4,DAY_OF_MONTH=21,DAY_OF_YEAR=80,DAY_OF_WEEK=4,DAY_OF_WEEK_IN_MONTH=3,AM_PM=0,HOUR=4,HOUR_OF_DAY=4,MINUTE=26,SECOND=50,MILLISECOND=231,ZONE_OFFSET=0,DST_OFFSET=0], message=null}
04:26:50.234 [main] DEBUG org.hibernate.SQL - insert into LogEntries (logCode, message, primaryUser, secondaryUser, time, id) values (?, ?, ?, ?, ?, ?)
Hibernate: insert into LogEntries (logCode, message, primaryUser, secondaryUser, time, id) values (?, ?, ?, ?, ?, ?)
04:26:50.235 [main] DEBUG o.h.e.j.internal.JdbcCoordinatorImpl - HHH000420: Closing un-released batch
04:26:50.235 [main] DEBUG o.h.e.t.internal.TransactionImpl - begin
04:26:50.236 [main] DEBUG org.hibernate.SQL - select next_val as id_val from hibernate_sequence for update
Hibernate: select next_val as id_val from hibernate_sequence for update
04:26:50.236 [main] DEBUG org.hibernate.SQL - update hibernate_sequence set next_val= ? where next_val=?
Hibernate: update hibernate_sequence set next_val= ? where next_val=?
04:26:50.237 [main] DEBUG o.h.e.i.AbstractSaveEventListener - Generated identifier: 394, using strategy: org.hibernate.id.enhanced.SequenceStyleGenerator
04:26:50.238 [main] DEBUG o.h.e.t.internal.TransactionImpl - committing
04:26:50.238 [main] DEBUG o.h.e.i.AbstractFlushingEventListener - Processing flush-time cascades
04:26:50.238 [main] DEBUG o.h.e.i.AbstractFlushingEventListener - Dirty checking collections
04:26:50.238 [main] DEBUG o.h.e.i.AbstractFlushingEventListener - Flushed: 1 insertions, 0 updates, 0 deletions to 1 objects
04:26:50.238 [main] DEBUG o.h.e.i.AbstractFlushingEventListener - Flushed: 0 (re)creations, 0 updates, 0 removals to 0 collections
04:26:50.238 [main] DEBUG o.h.internal.util.EntityPrinter - Listing entities:
04:26:50.238 [main] DEBUG o.h.internal.util.EntityPrinter - edu.ncsu.csc.itrust2.models.persistent.LogEntry{secondaryUser=null, logCode=5, primaryUser=logapitest, id=394, time=java.util.GregorianCalendar[time=1521606410235,areFieldsSet=true,areAllFieldsSet=true,lenient=true,zone=sun.util.calendar.ZoneInfo[id="Etc/UTC",offset=0,dstSavings=0,useDaylight=false,transitions=0,lastRule=null],firstDayOfWeek=1,minimalDaysInFirstWeek=1,ERA=1,YEAR=2018,MONTH=2,WEEK_OF_YEAR=12,WEEK_OF_MONTH=4,DAY_OF_MONTH=21,DAY_OF_YEAR=80,DAY_OF_WEEK=4,DAY_OF_WEEK_IN_MONTH=3,AM_PM=0,HOUR=4,HOUR_OF_DAY=4,MINUTE=26,SECOND=50,MILLISECOND=235,ZONE_OFFSET=0,DST_OFFSET=0], message=null}
04:26:50.238 [main] DEBUG org.hibernate.SQL - insert into LogEntries (logCode, message, primaryUser, secondaryUser, time, id) values (?, ?, ?, ?, ?, ?)
Hibernate: insert into LogEntries (logCode, message, primaryUser, secondaryUser, time, id) values (?, ?, ?, ?, ?, ?)
04:26:50.239 [main] DEBUG o.h.e.j.internal.JdbcCoordinatorImpl - HHH000420: Closing un-released batch
04:26:50.239 [main] DEBUG o.h.e.t.internal.TransactionImpl - begin
04:26:50.240 [main] DEBUG org.hibernate.SQL - select next_val as id_val from hibernate_sequence for update
Hibernate: select next_val as id_val from hibernate_sequence for update
04:26:50.240 [main] DEBUG org.hibernate.SQL - update hibernate_sequence set next_val= ? where next_val=?
Hibernate: update hibernate_sequence set next_val= ? where next_val=?
04:26:50.241 [main] DEBUG o.h.e.i.AbstractSaveEventListener - Generated identifier: 395, using strategy: org.hibernate.id.enhanced.SequenceStyleGenerator
04:26:50.242 [main] DEBUG o.h.e.t.internal.TransactionImpl - committing
04:26:50.242 [main] DEBUG o.h.e.i.AbstractFlushingEventListener - Processing flush-time cascades
04:26:50.242 [main] DEBUG o.h.e.i.AbstractFlushingEventListener - Dirty checking collections
04:26:50.242 [main] DEBUG o.h.e.i.AbstractFlushingEventListener - Flushed: 1 insertions, 0 updates, 0 deletions to 1 objects
04:26:50.242 [main] DEBUG o.h.e.i.AbstractFlushingEventListener - Flushed: 0 (re)creations, 0 updates, 0 removals to 0 collections
04:26:50.242 [main] DEBUG o.h.internal.util.EntityPrinter - Listing entities:
04:26:50.242 [main] DEBUG o.h.internal.util.EntityPrinter - edu.ncsu.csc.itrust2.models.persistent.LogEntry{secondaryUser=null, logCode=5, primaryUser=logapitest, id=395, time=java.util.GregorianCalendar[time=1521606410239,areFieldsSet=true,areAllFieldsSet=true,lenient=true,zone=sun.util.calendar.ZoneInfo[id="Etc/UTC",offset=0,dstSavings=0,useDaylight=false,transitions=0,lastRule=null],firstDayOfWeek=1,minimalDaysInFirstWeek=1,ERA=1,YEAR=2018,MONTH=2,WEEK_OF_YEAR=12,WEEK_OF_MONTH=4,DAY_OF_MONTH=21,DAY_OF_YEAR=80,DAY_OF_WEEK=4,DAY_OF_WEEK_IN_MONTH=3,AM_PM=0,HOUR=4,HOUR_OF_DAY=4,MINUTE=26,SECOND=50,MILLISECOND=239,ZONE_OFFSET=0,DST_OFFSET=0], message=null}
04:26:50.242 [main] DEBUG org.hibernate.SQL - insert into LogEntries (logCode, message, primaryUser, secondaryUser, time, id) values (?, ?, ?, ?, ?, ?)
Hibernate: insert into LogEntries (logCode, message, primaryUser, secondaryUser, time, id) values (?, ?, ?, ?, ?, ?)
04:26:50.243 [main] DEBUG o.h.e.j.internal.JdbcCoordinatorImpl - HHH000420: Closing un-released batch
04:26:50.243 [main] DEBUG o.h.e.t.internal.TransactionImpl - begin
04:26:50.244 [main] DEBUG org.hibernate.SQL - select next_val as id_val from hibernate_sequence for update
Hibernate: select next_val as id_val from hibernate_sequence for update
04:26:50.244 [main] DEBUG org.hibernate.SQL - update hibernate_sequence set next_val= ? where next_val=?
Hibernate: update hibernate_sequence set next_val= ? where next_val=?
04:26:50.245 [main] DEBUG o.h.e.i.AbstractSaveEventListener - Generated identifier: 396, using strategy: org.hibernate.id.enhanced.SequenceStyleGenerator
04:26:50.245 [main] DEBUG o.h.e.t.internal.TransactionImpl - committing
04:26:50.246 [main] DEBUG o.h.e.i.AbstractFlushingEventListener - Processing flush-time cascades
04:26:50.246 [main] DEBUG o.h.e.i.AbstractFlushingEventListener - Dirty checking collections
04:26:50.246 [main] DEBUG o.h.e.i.AbstractFlushingEventListener - Flushed: 1 insertions, 0 updates, 0 deletions to 1 objects
04:26:50.246 [main] DEBUG o.h.e.i.AbstractFlushingEventListener - Flushed: 0 (re)creations, 0 updates, 0 removals to 0 collections
04:26:50.246 [main] DEBUG o.h.internal.util.EntityPrinter - Listing entities:
04:26:50.246 [main] DEBUG o.h.internal.util.EntityPrinter - edu.ncsu.csc.itrust2.models.persistent.LogEntry{secondaryUser=null, logCode=5, primaryUser=logapitest, id=396, time=java.util.GregorianCalendar[time=1521606410243,areFieldsSet=true,areAllFieldsSet=true,lenient=true,zone=sun.util.calendar.ZoneInfo[id="Etc/UTC",offset=0,dstSavings=0,useDaylight=false,transitions=0,lastRule=null],firstDayOfWeek=1,minimalDaysInFirstWeek=1,ERA=1,YEAR=2018,MONTH=2,WEEK_OF_YEAR=12,WEEK_OF_MONTH=4,DAY_OF_MONTH=21,DAY_OF_YEAR=80,DAY_OF_WEEK=4,DAY_OF_WEEK_IN_MONTH=3,AM_PM=0,HOUR=4,HOUR_OF_DAY=4,MINUTE=26,SECOND=50,MILLISECOND=243,ZONE_OFFSET=0,DST_OFFSET=0], message=null}
04:26:50.246 [main] DEBUG org.hibernate.SQL - insert into LogEntries (logCode, message, primaryUser, secondaryUser, time, id) values (?, ?, ?, ?, ?, ?)
Hibernate: insert into LogEntries (logCode, message, primaryUser, secondaryUser, time, id) values (?, ?, ?, ?, ?, ?)
04:26:50.256 [main] DEBUG o.h.e.j.internal.JdbcCoordinatorImpl - HHH000420: Closing un-released batch
04:26:50.256 [main] DEBUG o.h.e.t.internal.TransactionImpl - begin
04:26:50.256 [main] DEBUG org.hibernate.SQL - select next_val as id_val from hibernate_sequence for update
Hibernate: select next_val as id_val from hibernate_sequence for update
04:26:50.257 [main] DEBUG org.hibernate.SQL - update hibernate_sequence set next_val= ? where next_val=?
Hibernate: update hibernate_sequence set next_val= ? where next_val=?
04:26:50.258 [main] DEBUG o.h.e.i.AbstractSaveEventListener - Generated identifier: 397, using strategy: org.hibernate.id.enhanced.SequenceStyleGenerator
04:26:50.259 [main] DEBUG o.h.e.t.internal.TransactionImpl - committing
04:26:50.259 [main] DEBUG o.h.e.i.AbstractFlushingEventListener - Processing flush-time cascades
04:26:50.259 [main] DEBUG o.h.e.i.AbstractFlushingEventListener - Dirty checking collections
04:26:50.259 [main] DEBUG o.h.e.i.AbstractFlushingEventListener - Flushed: 1 insertions, 0 updates, 0 deletions to 1 objects
04:26:50.260 [main] DEBUG o.h.e.i.AbstractFlushingEventListener - Flushed: 0 (re)creations, 0 updates, 0 removals to 0 collections
04:26:50.260 [main] DEBUG o.h.internal.util.EntityPrinter - Listing entities:
04:26:50.260 [main] DEBUG o.h.internal.util.EntityPrinter - edu.ncsu.csc.itrust2.models.persistent.LogEntry{secondaryUser=null, logCode=5, primaryUser=logapitest, id=397, time=java.util.GregorianCalendar[time=1521606410256,areFieldsSet=true,areAllFieldsSet=true,lenient=true,zone=sun.util.calendar.ZoneInfo[id="Etc/UTC",offset=0,dstSavings=0,useDaylight=false,transitions=0,lastRule=null],firstDayOfWeek=1,minimalDaysInFirstWeek=1,ERA=1,YEAR=2018,MONTH=2,WEEK_OF_YEAR=12,WEEK_OF_MONTH=4,DAY_OF_MONTH=21,DAY_OF_YEAR=80,DAY_OF_WEEK=4,DAY_OF_WEEK_IN_MONTH=3,AM_PM=0,HOUR=4,HOUR_OF_DAY=4,MINUTE=26,SECOND=50,MILLISECOND=256,ZONE_OFFSET=0,DST_OFFSET=0], message=null}
04:26:50.260 [main] DEBUG org.hibernate.SQL - insert into LogEntries (logCode, message, primaryUser, secondaryUser, time, id) values (?, ?, ?, ?, ?, ?)
Hibernate: insert into LogEntries (logCode, message, primaryUser, secondaryUser, time, id) values (?, ?, ?, ?, ?, ?)
04:26:50.269 [main] DEBUG o.h.e.j.internal.JdbcCoordinatorImpl - HHH000420: Closing un-released batch
04:26:50.269 [main] DEBUG o.h.e.t.internal.TransactionImpl - begin
04:26:50.270 [main] DEBUG org.hibernate.SQL - select next_val as id_val from hibernate_sequence for update
Hibernate: select next_val as id_val from hibernate_sequence for update
04:26:50.270 [main] DEBUG org.hibernate.SQL - update hibernate_sequence set next_val= ? where next_val=?
Hibernate: update hibernate_sequence set next_val= ? where next_val=?
04:26:50.271 [main] DEBUG o.h.e.i.AbstractSaveEventListener - Generated identifier: 398, using strategy: org.hibernate.id.enhanced.SequenceStyleGenerator
04:26:50.271 [main] DEBUG o.h.e.t.internal.TransactionImpl - committing
04:26:50.271 [main] DEBUG o.h.e.i.AbstractFlushingEventListener - Processing flush-time cascades
04:26:50.271 [main] DEBUG o.h.e.i.AbstractFlushingEventListener - Dirty checking collections
04:26:50.272 [main] DEBUG o.h.e.i.AbstractFlushingEventListener - Flushed: 1 insertions, 0 updates, 0 deletions to 1 objects
04:26:50.272 [main] DEBUG o.h.e.i.AbstractFlushingEventListener - Flushed: 0 (re)creations, 0 updates, 0 removals to 0 collections
04:26:50.272 [main] DEBUG o.h.internal.util.EntityPrinter - Listing entities:
04:26:50.272 [main] DEBUG o.h.internal.util.EntityPrinter - edu.ncsu.csc.itrust2.models.persistent.LogEntry{secondaryUser=null, logCode=5, primaryUser=logapitest, id=398, time=java.util.GregorianCalendar[time=1521606410269,areFieldsSet=true,areAllFieldsSet=true,lenient=true,zone=sun.util.calendar.ZoneInfo[id="Etc/UTC",offset=0,dstSavings=0,useDaylight=false,transitions=0,lastRule=null],firstDayOfWeek=1,minimalDaysInFirstWeek=1,ERA=1,YEAR=2018,MONTH=2,WEEK_OF_YEAR=12,WEEK_OF_MONTH=4,DAY_OF_MONTH=21,DAY_OF_YEAR=80,DAY_OF_WEEK=4,DAY_OF_WEEK_IN_MONTH=3,AM_PM=0,HOUR=4,HOUR_OF_DAY=4,MINUTE=26,SECOND=50,MILLISECOND=269,ZONE_OFFSET=0,DST_OFFSET=0], message=null}
04:26:50.272 [main] DEBUG org.hibernate.SQL - insert into LogEntries (logCode, message, primaryUser, secondaryUser, time, id) values (?, ?, ?, ?, ?, ?)
Hibernate: insert into LogEntries (logCode, message, primaryUser, secondaryUser, time, id) values (?, ?, ?, ?, ?, ?)
04:26:50.273 [main] DEBUG o.h.e.j.internal.JdbcCoordinatorImpl - HHH000420: Closing un-released batch
04:26:50.274 [main] DEBUG o.h.e.t.internal.TransactionImpl - begin
04:26:50.274 [main] DEBUG org.hibernate.SQL - select next_val as id_val from hibernate_sequence for update
Hibernate: select next_val as id_val from hibernate_sequence for update
04:26:50.274 [main] DEBUG org.hibernate.SQL - update hibernate_sequence set next_val= ? where next_val=?
Hibernate: update hibernate_sequence set next_val= ? where next_val=?
04:26:50.275 [main] DEBUG o.h.e.i.AbstractSaveEventListener - Generated identifier: 399, using strategy: org.hibernate.id.enhanced.SequenceStyleGenerator
04:26:50.275 [main] DEBUG o.h.e.t.internal.TransactionImpl - committing
04:26:50.275 [main] DEBUG o.h.e.i.AbstractFlushingEventListener - Processing flush-time cascades
04:26:50.276 [main] DEBUG o.h.e.i.AbstractFlushingEventListener - Dirty checking collections
04:26:50.276 [main] DEBUG o.h.e.i.AbstractFlushingEventListener - Flushed: 1 insertions, 0 updates, 0 deletions to 1 objects
04:26:50.276 [main] DEBUG o.h.e.i.AbstractFlushingEventListener - Flushed: 0 (re)creations, 0 updates, 0 removals to 0 collections
04:26:50.276 [main] DEBUG o.h.internal.util.EntityPrinter - Listing entities:
04:26:50.276 [main] DEBUG o.h.internal.util.EntityPrinter - edu.ncsu.csc.itrust2.models.persistent.LogEntry{secondaryUser=null, logCode=5, primaryUser=logapitest, id=399, time=java.util.GregorianCalendar[time=1521606410274,areFieldsSet=true,areAllFieldsSet=true,lenient=true,zone=sun.util.calendar.ZoneInfo[id="Etc/UTC",offset=0,dstSavings=0,useDaylight=false,transitions=0,lastRule=null],firstDayOfWeek=1,minimalDaysInFirstWeek=1,ERA=1,YEAR=2018,MONTH=2,WEEK_OF_YEAR=12,WEEK_OF_MONTH=4,DAY_OF_MONTH=21,DAY_OF_YEAR=80,DAY_OF_WEEK=4,DAY_OF_WEEK_IN_MONTH=3,AM_PM=0,HOUR=4,HOUR_OF_DAY=4,MINUTE=26,SECOND=50,MILLISECOND=274,ZONE_OFFSET=0,DST_OFFSET=0], message=null}
04:26:50.276 [main] DEBUG org.hibernate.SQL - insert into LogEntries (logCode, message, primaryUser, secondaryUser, time, id) values (?, ?, ?, ?, ?, ?)
Hibernate: insert into LogEntries (logCode, message, primaryUser, secondaryUser, time, id) values (?, ?, ?, ?, ?, ?)
04:26:50.277 [main] DEBUG o.h.e.j.internal.JdbcCoordinatorImpl - HHH000420: Closing un-released batch
04:26:50.277 [main] DEBUG o.h.e.t.internal.TransactionImpl - begin
04:26:50.278 [main] DEBUG org.hibernate.SQL - select next_val as id_val from hibernate_sequence for update
Hibernate: select next_val as id_val from hibernate_sequence for update
04:26:50.278 [main] DEBUG org.hibernate.SQL - update hibernate_sequence set next_val= ? where next_val=?
Hibernate: update hibernate_sequence set next_val= ? where next_val=?
04:26:50.280 [main] DEBUG o.h.e.i.AbstractSaveEventListener - Generated identifier: 400, using strategy: org.hibernate.id.enhanced.SequenceStyleGenerator
04:26:50.280 [main] DEBUG o.h.e.t.internal.TransactionImpl - committing
04:26:50.280 [main] DEBUG o.h.e.i.AbstractFlushingEventListener - Processing flush-time cascades
04:26:50.280 [main] DEBUG o.h.e.i.AbstractFlushingEventListener - Dirty checking collections
04:26:50.280 [main] DEBUG o.h.e.i.AbstractFlushingEventListener - Flushed: 1 insertions, 0 updates, 0 deletions to 1 objects
04:26:50.280 [main] DEBUG o.h.e.i.AbstractFlushingEventListener - Flushed: 0 (re)creations, 0 updates, 0 removals to 0 collections
04:26:50.280 [main] DEBUG o.h.internal.util.EntityPrinter - Listing entities:
04:26:50.280 [main] DEBUG o.h.internal.util.EntityPrinter - edu.ncsu.csc.itrust2.models.persistent.LogEntry{secondaryUser=null, logCode=5, primaryUser=logapitest, id=400, time=java.util.GregorianCalendar[time=1521606410277,areFieldsSet=true,areAllFieldsSet=true,lenient=true,zone=sun.util.calendar.ZoneInfo[id="Etc/UTC",offset=0,dstSavings=0,useDaylight=false,transitions=0,lastRule=null],firstDayOfWeek=1,minimalDaysInFirstWeek=1,ERA=1,YEAR=2018,MONTH=2,WEEK_OF_YEAR=12,WEEK_OF_MONTH=4,DAY_OF_MONTH=21,DAY_OF_YEAR=80,DAY_OF_WEEK=4,DAY_OF_WEEK_IN_MONTH=3,AM_PM=0,HOUR=4,HOUR_OF_DAY=4,MINUTE=26,SECOND=50,MILLISECOND=277,ZONE_OFFSET=0,DST_OFFSET=0], message=null}
04:26:50.281 [main] DEBUG org.hibernate.SQL - insert into LogEntries (logCode, message, primaryUser, secondaryUser, time, id) values (?, ?, ?, ?, ?, ?)
Hibernate: insert into LogEntries (logCode, message, primaryUser, secondaryUser, time, id) values (?, ?, ?, ?, ?, ?)
04:26:50.290 [main] DEBUG o.h.e.j.internal.JdbcCoordinatorImpl - HHH000420: Closing un-released batch
04:26:50.290 [main] DEBUG o.h.e.t.internal.TransactionImpl - begin
04:26:50.290 [main] DEBUG org.hibernate.SQL - select next_val as id_val from hibernate_sequence for update
Hibernate: select next_val as id_val from hibernate_sequence for update
04:26:50.291 [main] DEBUG org.hibernate.SQL - update hibernate_sequence set next_val= ? where next_val=?
Hibernate: update hibernate_sequence set next_val= ? where next_val=?
04:26:50.292 [main] DEBUG o.h.e.i.AbstractSaveEventListener - Generated identifier: 401, using strategy: org.hibernate.id.enhanced.SequenceStyleGenerator
04:26:50.292 [main] DEBUG o.h.e.t.internal.TransactionImpl - committing
04:26:50.292 [main] DEBUG o.h.e.i.AbstractFlushingEventListener - Processing flush-time cascades
04:26:50.292 [main] DEBUG o.h.e.i.AbstractFlushingEventListener - Dirty checking collections
04:26:50.292 [main] DEBUG o.h.e.i.AbstractFlushingEventListener - Flushed: 1 insertions, 0 updates, 0 deletions to 1 objects
04:26:50.292 [main] DEBUG o.h.e.i.AbstractFlushingEventListener - Flushed: 0 (re)creations, 0 updates, 0 removals to 0 collections
04:26:50.292 [main] DEBUG o.h.internal.util.EntityPrinter - Listing entities:
04:26:50.292 [main] DEBUG o.h.internal.util.EntityPrinter - edu.ncsu.csc.itrust2.models.persistent.LogEntry{secondaryUser=null, logCode=5, primaryUser=logapitest, id=401, time=java.util.GregorianCalendar[time=1521606410290,areFieldsSet=true,areAllFieldsSet=true,lenient=true,zone=sun.util.calendar.ZoneInfo[id="Etc/UTC",offset=0,dstSavings=0,useDaylight=false,transitions=0,lastRule=null],firstDayOfWeek=1,minimalDaysInFirstWeek=1,ERA=1,YEAR=2018,MONTH=2,WEEK_OF_YEAR=12,WEEK_OF_MONTH=4,DAY_OF_MONTH=21,DAY_OF_YEAR=80,DAY_OF_WEEK=4,DAY_OF_WEEK_IN_MONTH=3,AM_PM=0,HOUR=4,HOUR_OF_DAY=4,MINUTE=26,SECOND=50,MILLISECOND=290,ZONE_OFFSET=0,DST_OFFSET=0], message=null}
04:26:50.292 [main] DEBUG org.hibernate.SQL - insert into LogEntries (logCode, message, primaryUser, secondaryUser, time, id) values (?, ?, ?, ?, ?, ?)
Hibernate: insert into LogEntries (logCode, message, primaryUser, secondaryUser, time, id) values (?, ?, ?, ?, ?, ?)
04:26:50.295 [main] DEBUG o.h.e.j.internal.JdbcCoordinatorImpl - HHH000420: Closing un-released batch
04:26:50.295 [main] DEBUG o.h.e.t.internal.TransactionImpl - begin
04:26:50.295 [main] DEBUG org.hibernate.SQL - select next_val as id_val from hibernate_sequence for update
Hibernate: select next_val as id_val from hibernate_sequence for update
04:26:50.296 [main] DEBUG org.hibernate.SQL - update hibernate_sequence set next_val= ? where next_val=?
Hibernate: update hibernate_sequence set next_val= ? where next_val=?
04:26:50.297 [main] DEBUG o.h.e.i.AbstractSaveEventListener - Generated identifier: 402, using strategy: org.hibernate.id.enhanced.SequenceStyleGenerator
04:26:50.297 [main] DEBUG o.h.e.t.internal.TransactionImpl - committing
04:26:50.297 [main] DEBUG o.h.e.i.AbstractFlushingEventListener - Processing flush-time cascades
04:26:50.297 [main] DEBUG o.h.e.i.AbstractFlushingEventListener - Dirty checking collections
04:26:50.297 [main] DEBUG o.h.e.i.AbstractFlushingEventListener - Flushed: 1 insertions, 0 updates, 0 deletions to 1 objects
04:26:50.297 [main] DEBUG o.h.e.i.AbstractFlushingEventListener - Flushed: 0 (re)creations, 0 updates, 0 removals to 0 collections
04:26:50.297 [main] DEBUG o.h.internal.util.EntityPrinter - Listing entities:
04:26:50.297 [main] DEBUG o.h.internal.util.EntityPrinter - edu.ncsu.csc.itrust2.models.persistent.LogEntry{secondaryUser=null, logCode=5, primaryUser=logapitest, id=402, time=java.util.GregorianCalendar[time=1521606410295,areFieldsSet=true,areAllFieldsSet=true,lenient=true,zone=sun.util.calendar.ZoneInfo[id="Etc/UTC",offset=0,dstSavings=0,useDaylight=false,transitions=0,lastRule=null],firstDayOfWeek=1,minimalDaysInFirstWeek=1,ERA=1,YEAR=2018,MONTH=2,WEEK_OF_YEAR=12,WEEK_OF_MONTH=4,DAY_OF_MONTH=21,DAY_OF_YEAR=80,DAY_OF_WEEK=4,DAY_OF_WEEK_IN_MONTH=3,AM_PM=0,HOUR=4,HOUR_OF_DAY=4,MINUTE=26,SECOND=50,MILLISECOND=295,ZONE_OFFSET=0,DST_OFFSET=0], message=null}
04:26:50.297 [main] DEBUG org.hibernate.SQL - insert into LogEntries (logCode, message, primaryUser, secondaryUser, time, id) values (?, ?, ?, ?, ?, ?)
Hibernate: insert into LogEntries (logCode, message, primaryUser, secondaryUser, time, id) values (?, ?, ?, ?, ?, ?)
04:26:50.299 [main] DEBUG o.h.e.j.internal.JdbcCoordinatorImpl - HHH000420: Closing un-released batch
04:26:50.299 [main] DEBUG o.h.e.t.internal.TransactionImpl - begin
04:26:50.299 [main] DEBUG org.hibernate.SQL - select next_val as id_val from hibernate_sequence for update
Hibernate: select next_val as id_val from hibernate_sequence for update
04:26:50.300 [main] DEBUG org.hibernate.SQL - update hibernate_sequence set next_val= ? where next_val=?
Hibernate: update hibernate_sequence set next_val= ? where next_val=?
04:26:50.301 [main] DEBUG o.h.e.i.AbstractSaveEventListener - Generated identifier: 403, using strategy: org.hibernate.id.enhanced.SequenceStyleGenerator
04:26:50.301 [main] DEBUG o.h.e.t.internal.TransactionImpl - committing
04:26:50.301 [main] DEBUG o.h.e.i.AbstractFlushingEventListener - Processing flush-time cascades
04:26:50.301 [main] DEBUG o.h.e.i.AbstractFlushingEventListener - Dirty checking collections
04:26:50.302 [main] DEBUG o.h.e.i.AbstractFlushingEventListener - Flushed: 1 insertions, 0 updates, 0 deletions to 1 objects
04:26:50.302 [main] DEBUG o.h.e.i.AbstractFlushingEventListener - Flushed: 0 (re)creations, 0 updates, 0 removals to 0 collections
04:26:50.302 [main] DEBUG o.h.internal.util.EntityPrinter - Listing entities:
04:26:50.302 [main] DEBUG o.h.internal.util.EntityPrinter - edu.ncsu.csc.itrust2.models.persistent.LogEntry{secondaryUser=null, logCode=5, primaryUser=logapitest, id=403, time=java.util.GregorianCalendar[time=1521606410299,areFieldsSet=true,areAllFieldsSet=true,lenient=true,zone=sun.util.calendar.ZoneInfo[id="Etc/UTC",offset=0,dstSavings=0,useDaylight=false,transitions=0,lastRule=null],firstDayOfWeek=1,minimalDaysInFirstWeek=1,ERA=1,YEAR=2018,MONTH=2,WEEK_OF_YEAR=12,WEEK_OF_MONTH=4,DAY_OF_MONTH=21,DAY_OF_YEAR=80,DAY_OF_WEEK=4,DAY_OF_WEEK_IN_MONTH=3,AM_PM=0,HOUR=4,HOUR_OF_DAY=4,MINUTE=26,SECOND=50,MILLISECOND=299,ZONE_OFFSET=0,DST_OFFSET=0], message=null}
04:26:50.302 [main] DEBUG org.hibernate.SQL - insert into LogEntries (logCode, message, primaryUser, secondaryUser, time, id) values (?, ?, ?, ?, ?, ?)
Hibernate: insert into LogEntries (logCode, message, primaryUser, secondaryUser, time, id) values (?, ?, ?, ?, ?, ?)
04:26:50.306 [main] DEBUG o.h.e.j.internal.JdbcCoordinatorImpl - HHH000420: Closing un-released batch
04:26:50.307 [main] DEBUG o.h.e.t.internal.TransactionImpl - begin
04:26:50.307 [main] DEBUG org.hibernate.SQL - select next_val as id_val from hibernate_sequence for update
Hibernate: select next_val as id_val from hibernate_sequence for update
04:26:50.308 [main] DEBUG org.hibernate.SQL - update hibernate_sequence set next_val= ? where next_val=?
Hibernate: update hibernate_sequence set next_val= ? where next_val=?
04:26:50.309 [main] DEBUG o.h.e.i.AbstractSaveEventListener - Generated identifier: 404, using strategy: org.hibernate.id.enhanced.SequenceStyleGenerator
04:26:50.309 [main] DEBUG o.h.e.t.internal.TransactionImpl - committing
04:26:50.309 [main] DEBUG o.h.e.i.AbstractFlushingEventListener - Processing flush-time cascades
04:26:50.309 [main] DEBUG o.h.e.i.AbstractFlushingEventListener - Dirty checking collections
04:26:50.309 [main] DEBUG o.h.e.i.AbstractFlushingEventListener - Flushed: 1 insertions, 0 updates, 0 deletions to 1 objects
04:26:50.309 [main] DEBUG o.h.e.i.AbstractFlushingEventListener - Flushed: 0 (re)creations, 0 updates, 0 removals to 0 collections
04:26:50.309 [main] DEBUG o.h.internal.util.EntityPrinter - Listing entities:
04:26:50.309 [main] DEBUG o.h.internal.util.EntityPrinter - edu.ncsu.csc.itrust2.models.persistent.LogEntry{secondaryUser=null, logCode=5, primaryUser=logapitest, id=404, time=java.util.GregorianCalendar[time=1521606410307,areFieldsSet=true,areAllFieldsSet=true,lenient=true,zone=sun.util.calendar.ZoneInfo[id="Etc/UTC",offset=0,dstSavings=0,useDaylight=false,transitions=0,lastRule=null],firstDayOfWeek=1,minimalDaysInFirstWeek=1,ERA=1,YEAR=2018,MONTH=2,WEEK_OF_YEAR=12,WEEK_OF_MONTH=4,DAY_OF_MONTH=21,DAY_OF_YEAR=80,DAY_OF_WEEK=4,DAY_OF_WEEK_IN_MONTH=3,AM_PM=0,HOUR=4,HOUR_OF_DAY=4,MINUTE=26,SECOND=50,MILLISECOND=307,ZONE_OFFSET=0,DST_OFFSET=0], message=null}
04:26:50.310 [main] DEBUG org.hibernate.SQL - insert into LogEntries (logCode, message, primaryUser, secondaryUser, time, id) values (?, ?, ?, ?, ?, ?)
Hibernate: insert into LogEntries (logCode, message, primaryUser, secondaryUser, time, id) values (?, ?, ?, ?, ?, ?)
04:26:50.311 [main] DEBUG o.h.e.j.internal.JdbcCoordinatorImpl - HHH000420: Closing un-released batch
04:26:50.312 [main] DEBUG o.h.e.t.internal.TransactionImpl - begin
04:26:50.312 [main] DEBUG org.hibernate.SQL - select next_val as id_val from hibernate_sequence for update
Hibernate: select next_val as id_val from hibernate_sequence for update
04:26:50.312 [main] DEBUG org.hibernate.SQL - update hibernate_sequence set next_val= ? where next_val=?
Hibernate: update hibernate_sequence set next_val= ? where next_val=?
04:26:50.314 [main] DEBUG o.h.e.i.AbstractSaveEventListener - Generated identifier: 405, using strategy: org.hibernate.id.enhanced.SequenceStyleGenerator
04:26:50.314 [main] DEBUG o.h.e.t.internal.TransactionImpl - committing
04:26:50.314 [main] DEBUG o.h.e.i.AbstractFlushingEventListener - Processing flush-time cascades
04:26:50.314 [main] DEBUG o.h.e.i.AbstractFlushingEventListener - Dirty checking collections
04:26:50.314 [main] DEBUG o.h.e.i.AbstractFlushingEventListener - Flushed: 1 insertions, 0 updates, 0 deletions to 1 objects
04:26:50.314 [main] DEBUG o.h.e.i.AbstractFlushingEventListener - Flushed: 0 (re)creations, 0 updates, 0 removals to 0 collections
04:26:50.314 [main] DEBUG o.h.internal.util.EntityPrinter - Listing entities:
04:26:50.314 [main] DEBUG o.h.internal.util.EntityPrinter - edu.ncsu.csc.itrust2.models.persistent.LogEntry{secondaryUser=null, logCode=5, primaryUser=logapitest, id=405, time=java.util.GregorianCalendar[time=1521606410312,areFieldsSet=true,areAllFieldsSet=true,lenient=true,zone=sun.util.calendar.ZoneInfo[id="Etc/UTC",offset=0,dstSavings=0,useDaylight=false,transitions=0,lastRule=null],firstDayOfWeek=1,minimalDaysInFirstWeek=1,ERA=1,YEAR=2018,MONTH=2,WEEK_OF_YEAR=12,WEEK_OF_MONTH=4,DAY_OF_MONTH=21,DAY_OF_YEAR=80,DAY_OF_WEEK=4,DAY_OF_WEEK_IN_MONTH=3,AM_PM=0,HOUR=4,HOUR_OF_DAY=4,MINUTE=26,SECOND=50,MILLISECOND=312,ZONE_OFFSET=0,DST_OFFSET=0], message=null}
04:26:50.315 [main] DEBUG org.hibernate.SQL - insert into LogEntries (logCode, message, primaryUser, secondaryUser, time, id) values (?, ?, ?, ?, ?, ?)
Hibernate: insert into LogEntries (logCode, message, primaryUser, secondaryUser, time, id) values (?, ?, ?, ?, ?, ?)
04:26:50.316 [main] DEBUG o.h.e.j.internal.JdbcCoordinatorImpl - HHH000420: Closing un-released batch
04:26:50.316 [main] DEBUG o.h.e.t.internal.TransactionImpl - begin
04:26:50.317 [main] DEBUG org.hibernate.SQL - select next_val as id_val from hibernate_sequence for update
Hibernate: select next_val as id_val from hibernate_sequence for update
04:26:50.317 [main] DEBUG org.hibernate.SQL - update hibernate_sequence set next_val= ? where next_val=?
Hibernate: update hibernate_sequence set next_val= ? where next_val=?
04:26:50.319 [main] DEBUG o.h.e.i.AbstractSaveEventListener - Generated identifier: 406, using strategy: org.hibernate.id.enhanced.SequenceStyleGenerator
04:26:50.319 [main] DEBUG o.h.e.t.internal.TransactionImpl - committing
04:26:50.319 [main] DEBUG o.h.e.i.AbstractFlushingEventListener - Processing flush-time cascades
04:26:50.319 [main] DEBUG o.h.e.i.AbstractFlushingEventListener - Dirty checking collections
04:26:50.319 [main] DEBUG o.h.e.i.AbstractFlushingEventListener - Flushed: 1 insertions, 0 updates, 0 deletions to 1 objects
04:26:50.319 [main] DEBUG o.h.e.i.AbstractFlushingEventListener - Flushed: 0 (re)creations, 0 updates, 0 removals to 0 collections
04:26:50.319 [main] DEBUG o.h.internal.util.EntityPrinter - Listing entities:
04:26:50.320 [main] DEBUG o.h.internal.util.EntityPrinter - edu.ncsu.csc.itrust2.models.persistent.LogEntry{secondaryUser=null, logCode=5, primaryUser=logapitest, id=406, time=java.util.GregorianCalendar[time=1521606410316,areFieldsSet=true,areAllFieldsSet=true,lenient=true,zone=sun.util.calendar.ZoneInfo[id="Etc/UTC",offset=0,dstSavings=0,useDaylight=false,transitions=0,lastRule=null],firstDayOfWeek=1,minimalDaysInFirstWeek=1,ERA=1,YEAR=2018,MONTH=2,WEEK_OF_YEAR=12,WEEK_OF_MONTH=4,DAY_OF_MONTH=21,DAY_OF_YEAR=80,DAY_OF_WEEK=4,DAY_OF_WEEK_IN_MONTH=3,AM_PM=0,HOUR=4,HOUR_OF_DAY=4,MINUTE=26,SECOND=50,MILLISECOND=316,ZONE_OFFSET=0,DST_OFFSET=0], message=null}
04:26:50.320 [main] DEBUG org.hibernate.SQL - insert into LogEntries (logCode, message, primaryUser, secondaryUser, time, id) values (?, ?, ?, ?, ?, ?)
Hibernate: insert into LogEntries (logCode, message, primaryUser, secondaryUser, time, id) values (?, ?, ?, ?, ?, ?)
04:26:50.322 [main] DEBUG o.h.e.j.internal.JdbcCoordinatorImpl - HHH000420: Closing un-released batch
04:26:50.322 [main] DEBUG o.h.e.t.internal.TransactionImpl - begin
04:26:50.322 [main] DEBUG org.hibernate.SQL - select next_val as id_val from hibernate_sequence for update
Hibernate: select next_val as id_val from hibernate_sequence for update
04:26:50.323 [main] DEBUG org.hibernate.SQL - update hibernate_sequence set next_val= ? where next_val=?
Hibernate: update hibernate_sequence set next_val= ? where next_val=?
04:26:50.324 [main] DEBUG o.h.e.i.AbstractSaveEventListener - Generated identifier: 407, using strategy: org.hibernate.id.enhanced.SequenceStyleGenerator
04:26:50.324 [main] DEBUG o.h.e.t.internal.TransactionImpl - committing
04:26:50.324 [main] DEBUG o.h.e.i.AbstractFlushingEventListener - Processing flush-time cascades
04:26:50.324 [main] DEBUG o.h.e.i.AbstractFlushingEventListener - Dirty checking collections
04:26:50.325 [main] DEBUG o.h.e.i.AbstractFlushingEventListener - Flushed: 1 insertions, 0 updates, 0 deletions to 1 objects
04:26:50.325 [main] DEBUG o.h.e.i.AbstractFlushingEventListener - Flushed: 0 (re)creations, 0 updates, 0 removals to 0 collections
04:26:50.325 [main] DEBUG o.h.internal.util.EntityPrinter - Listing entities:
04:26:50.325 [main] DEBUG o.h.internal.util.EntityPrinter - edu.ncsu.csc.itrust2.models.persistent.LogEntry{secondaryUser=null, logCode=5, primaryUser=logapitest, id=407, time=java.util.GregorianCalendar[time=1521606410322,areFieldsSet=true,areAllFieldsSet=true,lenient=true,zone=sun.util.calendar.ZoneInfo[id="Etc/UTC",offset=0,dstSavings=0,useDaylight=false,transitions=0,lastRule=null],firstDayOfWeek=1,minimalDaysInFirstWeek=1,ERA=1,YEAR=2018,MONTH=2,WEEK_OF_YEAR=12,WEEK_OF_MONTH=4,DAY_OF_MONTH=21,DAY_OF_YEAR=80,DAY_OF_WEEK=4,DAY_OF_WEEK_IN_MONTH=3,AM_PM=0,HOUR=4,HOUR_OF_DAY=4,MINUTE=26,SECOND=50,MILLISECOND=322,ZONE_OFFSET=0,DST_OFFSET=0], message=null}
04:26:50.325 [main] DEBUG org.hibernate.SQL - insert into LogEntries (logCode, message, primaryUser, secondaryUser, time, id) values (?, ?, ?, ?, ?, ?)
Hibernate: insert into LogEntries (logCode, message, primaryUser, secondaryUser, time, id) values (?, ?, ?, ?, ?, ?)
04:26:50.327 [main] DEBUG o.h.e.j.internal.JdbcCoordinatorImpl - HHH000420: Closing un-released batch
04:26:50.327 [main] DEBUG o.h.e.t.internal.TransactionImpl - begin
04:26:50.328 [main] DEBUG org.hibernate.SQL - select next_val as id_val from hibernate_sequence for update
Hibernate: select next_val as id_val from hibernate_sequence for update
04:26:50.328 [main] DEBUG org.hibernate.SQL - update hibernate_sequence set next_val= ? where next_val=?
Hibernate: update hibernate_sequence set next_val= ? where next_val=?
04:26:50.329 [main] DEBUG o.h.e.i.AbstractSaveEventListener - Generated identifier: 408, using strategy: org.hibernate.id.enhanced.SequenceStyleGenerator
04:26:50.330 [main] DEBUG o.h.e.t.internal.TransactionImpl - committing
04:26:50.330 [main] DEBUG o.h.e.i.AbstractFlushingEventListener - Processing flush-time cascades
04:26:50.330 [main] DEBUG o.h.e.i.AbstractFlushingEventListener - Dirty checking collections
04:26:50.330 [main] DEBUG o.h.e.i.AbstractFlushingEventListener - Flushed: 1 insertions, 0 updates, 0 deletions to 1 objects
04:26:50.330 [main] DEBUG o.h.e.i.AbstractFlushingEventListener - Flushed: 0 (re)creations, 0 updates, 0 removals to 0 collections
04:26:50.330 [main] DEBUG o.h.internal.util.EntityPrinter - Listing entities:
04:26:50.330 [main] DEBUG o.h.internal.util.EntityPrinter - edu.ncsu.csc.itrust2.models.persistent.LogEntry{secondaryUser=null, logCode=5, primaryUser=logapitest, id=408, time=java.util.GregorianCalendar[time=1521606410327,areFieldsSet=true,areAllFieldsSet=true,lenient=true,zone=sun.util.calendar.ZoneInfo[id="Etc/UTC",offset=0,dstSavings=0,useDaylight=false,transitions=0,lastRule=null],firstDayOfWeek=1,minimalDaysInFirstWeek=1,ERA=1,YEAR=2018,MONTH=2,WEEK_OF_YEAR=12,WEEK_OF_MONTH=4,DAY_OF_MONTH=21,DAY_OF_YEAR=80,DAY_OF_WEEK=4,DAY_OF_WEEK_IN_MONTH=3,AM_PM=0,HOUR=4,HOUR_OF_DAY=4,MINUTE=26,SECOND=50,MILLISECOND=327,ZONE_OFFSET=0,DST_OFFSET=0], message=null}
04:26:50.331 [main] DEBUG org.hibernate.SQL - insert into LogEntries (logCode, message, primaryUser, secondaryUser, time, id) values (?, ?, ?, ?, ?, ?)
Hibernate: insert into LogEntries (logCode, message, primaryUser, secondaryUser, time, id) values (?, ?, ?, ?, ?, ?)
04:26:50.332 [main] DEBUG o.h.e.j.internal.JdbcCoordinatorImpl - HHH000420: Closing un-released batch
04:26:50.332 [main] DEBUG o.h.e.t.internal.TransactionImpl - begin
04:26:50.332 [main] DEBUG org.hibernate.SQL - select next_val as id_val from hibernate_sequence for update
Hibernate: select next_val as id_val from hibernate_sequence for update
04:26:50.333 [main] DEBUG org.hibernate.SQL - update hibernate_sequence set next_val= ? where next_val=?
Hibernate: update hibernate_sequence set next_val= ? where next_val=?
04:26:50.334 [main] DEBUG o.h.e.i.AbstractSaveEventListener - Generated identifier: 409, using strategy: org.hibernate.id.enhanced.SequenceStyleGenerator
04:26:50.334 [main] DEBUG o.h.e.t.internal.TransactionImpl - committing
04:26:50.334 [main] DEBUG o.h.e.i.AbstractFlushingEventListener - Processing flush-time cascades
04:26:50.334 [main] DEBUG o.h.e.i.AbstractFlushingEventListener - Dirty checking collections
04:26:50.334 [main] DEBUG o.h.e.i.AbstractFlushingEventListener - Flushed: 1 insertions, 0 updates, 0 deletions to 1 objects
04:26:50.334 [main] DEBUG o.h.e.i.AbstractFlushingEventListener - Flushed: 0 (re)creations, 0 updates, 0 removals to 0 collections
04:26:50.335 [main] DEBUG o.h.internal.util.EntityPrinter - Listing entities:
04:26:50.335 [main] DEBUG o.h.internal.util.EntityPrinter - edu.ncsu.csc.itrust2.models.persistent.LogEntry{secondaryUser=null, logCode=5, primaryUser=logapitest, id=409, time=java.util.GregorianCalendar[time=1521606410332,areFieldsSet=true,areAllFieldsSet=true,lenient=true,zone=sun.util.calendar.ZoneInfo[id="Etc/UTC",offset=0,dstSavings=0,useDaylight=false,transitions=0,lastRule=null],firstDayOfWeek=1,minimalDaysInFirstWeek=1,ERA=1,YEAR=2018,MONTH=2,WEEK_OF_YEAR=12,WEEK_OF_MONTH=4,DAY_OF_MONTH=21,DAY_OF_YEAR=80,DAY_OF_WEEK=4,DAY_OF_WEEK_IN_MONTH=3,AM_PM=0,HOUR=4,HOUR_OF_DAY=4,MINUTE=26,SECOND=50,MILLISECOND=332,ZONE_OFFSET=0,DST_OFFSET=0], message=null}
04:26:50.335 [main] DEBUG org.hibernate.SQL - insert into LogEntries (logCode, message, primaryUser, secondaryUser, time, id) values (?, ?, ?, ?, ?, ?)
Hibernate: insert into LogEntries (logCode, message, primaryUser, secondaryUser, time, id) values (?, ?, ?, ?, ?, ?)
04:26:50.336 [main] DEBUG o.h.e.j.internal.JdbcCoordinatorImpl - HHH000420: Closing un-released batch
04:26:50.336 [main] DEBUG o.h.e.t.internal.TransactionImpl - begin
04:26:50.337 [main] DEBUG org.hibernate.SQL - select next_val as id_val from hibernate_sequence for update
Hibernate: select next_val as id_val from hibernate_sequence for update
04:26:50.337 [main] DEBUG org.hibernate.SQL - update hibernate_sequence set next_val= ? where next_val=?
Hibernate: update hibernate_sequence set next_val= ? where next_val=?
04:26:50.338 [main] DEBUG o.h.e.i.AbstractSaveEventListener - Generated identifier: 410, using strategy: org.hibernate.id.enhanced.SequenceStyleGenerator
04:26:50.338 [main] DEBUG o.h.e.t.internal.TransactionImpl - committing
04:26:50.338 [main] DEBUG o.h.e.i.AbstractFlushingEventListener - Processing flush-time cascades
04:26:50.338 [main] DEBUG o.h.e.i.AbstractFlushingEventListener - Dirty checking collections
04:26:50.338 [main] DEBUG o.h.e.i.AbstractFlushingEventListener - Flushed: 1 insertions, 0 updates, 0 deletions to 1 objects
04:26:50.338 [main] DEBUG o.h.e.i.AbstractFlushingEventListener - Flushed: 0 (re)creations, 0 updates, 0 removals to 0 collections
04:26:50.339 [main] DEBUG o.h.internal.util.EntityPrinter - Listing entities:
04:26:50.339 [main] DEBUG o.h.internal.util.EntityPrinter - edu.ncsu.csc.itrust2.models.persistent.LogEntry{secondaryUser=null, logCode=5, primaryUser=logapitest, id=410, time=java.util.GregorianCalendar[time=1521606410336,areFieldsSet=true,areAllFieldsSet=true,lenient=true,zone=sun.util.calendar.ZoneInfo[id="Etc/UTC",offset=0,dstSavings=0,useDaylight=false,transitions=0,lastRule=null],firstDayOfWeek=1,minimalDaysInFirstWeek=1,ERA=1,YEAR=2018,MONTH=2,WEEK_OF_YEAR=12,WEEK_OF_MONTH=4,DAY_OF_MONTH=21,DAY_OF_YEAR=80,DAY_OF_WEEK=4,DAY_OF_WEEK_IN_MONTH=3,AM_PM=0,HOUR=4,HOUR_OF_DAY=4,MINUTE=26,SECOND=50,MILLISECOND=336,ZONE_OFFSET=0,DST_OFFSET=0], message=null}
04:26:50.339 [main] DEBUG org.hibernate.SQL - insert into LogEntries (logCode, message, primaryUser, secondaryUser, time, id) values (?, ?, ?, ?, ?, ?)
Hibernate: insert into LogEntries (logCode, message, primaryUser, secondaryUser, time, id) values (?, ?, ?, ?, ?, ?)
04:26:50.340 [main] DEBUG o.h.e.j.internal.JdbcCoordinatorImpl - HHH000420: Closing un-released batch
04:26:50.340 [main] DEBUG o.h.e.t.internal.TransactionImpl - begin
04:26:50.341 [main] DEBUG org.hibernate.SQL - select next_val as id_val from hibernate_sequence for update
Hibernate: select next_val as id_val from hibernate_sequence for update
04:26:50.341 [main] DEBUG org.hibernate.SQL - update hibernate_sequence set next_val= ? where next_val=?
Hibernate: update hibernate_sequence set next_val= ? where next_val=?
04:26:50.342 [main] DEBUG o.h.e.i.AbstractSaveEventListener - Generated identifier: 411, using strategy: org.hibernate.id.enhanced.SequenceStyleGenerator
04:26:50.343 [main] DEBUG o.h.e.t.internal.TransactionImpl - committing
04:26:50.343 [main] DEBUG o.h.e.i.AbstractFlushingEventListener - Processing flush-time cascades
04:26:50.343 [main] DEBUG o.h.e.i.AbstractFlushingEventListener - Dirty checking collections
04:26:50.343 [main] DEBUG o.h.e.i.AbstractFlushingEventListener - Flushed: 1 insertions, 0 updates, 0 deletions to 1 objects
04:26:50.343 [main] DEBUG o.h.e.i.AbstractFlushingEventListener - Flushed: 0 (re)creations, 0 updates, 0 removals to 0 collections
04:26:50.343 [main] DEBUG o.h.internal.util.EntityPrinter - Listing entities:
04:26:50.343 [main] DEBUG o.h.internal.util.EntityPrinter - edu.ncsu.csc.itrust2.models.persistent.LogEntry{secondaryUser=null, logCode=5, primaryUser=logapitest, id=411, time=java.util.GregorianCalendar[time=1521606410340,areFieldsSet=true,areAllFieldsSet=true,lenient=true,zone=sun.util.calendar.ZoneInfo[id="Etc/UTC",offset=0,dstSavings=0,useDaylight=false,transitions=0,lastRule=null],firstDayOfWeek=1,minimalDaysInFirstWeek=1,ERA=1,YEAR=2018,MONTH=2,WEEK_OF_YEAR=12,WEEK_OF_MONTH=4,DAY_OF_MONTH=21,DAY_OF_YEAR=80,DAY_OF_WEEK=4,DAY_OF_WEEK_IN_MONTH=3,AM_PM=0,HOUR=4,HOUR_OF_DAY=4,MINUTE=26,SECOND=50,MILLISECOND=340,ZONE_OFFSET=0,DST_OFFSET=0], message=null}
04:26:50.344 [main] DEBUG org.hibernate.SQL - insert into LogEntries (logCode, message, primaryUser, secondaryUser, time, id) values (?, ?, ?, ?, ?, ?)
Hibernate: insert into LogEntries (logCode, message, primaryUser, secondaryUser, time, id) values (?, ?, ?, ?, ?, ?)
04:26:50.345 [main] DEBUG o.h.e.j.internal.JdbcCoordinatorImpl - HHH000420: Closing un-released batch
04:26:50.345 [main] DEBUG o.h.e.t.internal.TransactionImpl - begin
04:26:50.345 [main] DEBUG org.hibernate.SQL - select next_val as id_val from hibernate_sequence for update
Hibernate: select next_val as id_val from hibernate_sequence for update
04:26:50.346 [main] DEBUG org.hibernate.SQL - update hibernate_sequence set next_val= ? where next_val=?
Hibernate: update hibernate_sequence set next_val= ? where next_val=?
04:26:50.347 [main] DEBUG o.h.e.i.AbstractSaveEventListener - Generated identifier: 412, using strategy: org.hibernate.id.enhanced.SequenceStyleGenerator
04:26:50.347 [main] DEBUG o.h.e.t.internal.TransactionImpl - committing
04:26:50.347 [main] DEBUG o.h.e.i.AbstractFlushingEventListener - Processing flush-time cascades
04:26:50.347 [main] DEBUG o.h.e.i.AbstractFlushingEventListener - Dirty checking collections
04:26:50.347 [main] DEBUG o.h.e.i.AbstractFlushingEventListener - Flushed: 1 insertions, 0 updates, 0 deletions to 1 objects
04:26:50.347 [main] DEBUG o.h.e.i.AbstractFlushingEventListener - Flushed: 0 (re)creations, 0 updates, 0 removals to 0 collections
04:26:50.348 [main] DEBUG o.h.internal.util.EntityPrinter - Listing entities:
04:26:50.348 [main] DEBUG o.h.internal.util.EntityPrinter - edu.ncsu.csc.itrust2.models.persistent.LogEntry{secondaryUser=null, logCode=5, primaryUser=logapitest, id=412, time=java.util.GregorianCalendar[time=1521606410345,areFieldsSet=true,areAllFieldsSet=true,lenient=true,zone=sun.util.calendar.ZoneInfo[id="Etc/UTC",offset=0,dstSavings=0,useDaylight=false,transitions=0,lastRule=null],firstDayOfWeek=1,minimalDaysInFirstWeek=1,ERA=1,YEAR=2018,MONTH=2,WEEK_OF_YEAR=12,WEEK_OF_MONTH=4,DAY_OF_MONTH=21,DAY_OF_YEAR=80,DAY_OF_WEEK=4,DAY_OF_WEEK_IN_MONTH=3,AM_PM=0,HOUR=4,HOUR_OF_DAY=4,MINUTE=26,SECOND=50,MILLISECOND=345,ZONE_OFFSET=0,DST_OFFSET=0], message=null}
04:26:50.348 [main] DEBUG org.hibernate.SQL - insert into LogEntries (logCode, message, primaryUser, secondaryUser, time, id) values (?, ?, ?, ?, ?, ?)
Hibernate: insert into LogEntries (logCode, message, primaryUser, secondaryUser, time, id) values (?, ?, ?, ?, ?, ?)
04:26:50.349 [main] DEBUG o.h.e.j.internal.JdbcCoordinatorImpl - HHH000420: Closing un-released batch
04:26:50.350 [main] DEBUG o.h.e.t.internal.TransactionImpl - begin
04:26:50.351 [main] DEBUG org.hibernate.SQL - select next_val as id_val from hibernate_sequence for update
Hibernate: select next_val as id_val from hibernate_sequence for update
04:26:50.351 [main] DEBUG org.hibernate.SQL - update hibernate_sequence set next_val= ? where next_val=?
Hibernate: update hibernate_sequence set next_val= ? where next_val=?
04:26:50.352 [main] DEBUG o.h.e.i.AbstractSaveEventListener - Generated identifier: 413, using strategy: org.hibernate.id.enhanced.SequenceStyleGenerator
04:26:50.353 [main] DEBUG o.h.e.t.internal.TransactionImpl - committing
04:26:50.353 [main] DEBUG o.h.e.i.AbstractFlushingEventListener - Processing flush-time cascades
04:26:50.353 [main] DEBUG o.h.e.i.AbstractFlushingEventListener - Dirty checking collections
04:26:50.353 [main] DEBUG o.h.e.i.AbstractFlushingEventListener - Flushed: 1 insertions, 0 updates, 0 deletions to 1 objects
04:26:50.353 [main] DEBUG o.h.e.i.AbstractFlushingEventListener - Flushed: 0 (re)creations, 0 updates, 0 removals to 0 collections
04:26:50.353 [main] DEBUG o.h.internal.util.EntityPrinter - Listing entities:
04:26:50.353 [main] DEBUG o.h.internal.util.EntityPrinter - edu.ncsu.csc.itrust2.models.persistent.LogEntry{secondaryUser=null, logCode=5, primaryUser=logapitest, id=413, time=java.util.GregorianCalendar[time=1521606410350,areFieldsSet=true,areAllFieldsSet=true,lenient=true,zone=sun.util.calendar.ZoneInfo[id="Etc/UTC",offset=0,dstSavings=0,useDaylight=false,transitions=0,lastRule=null],firstDayOfWeek=1,minimalDaysInFirstWeek=1,ERA=1,YEAR=2018,MONTH=2,WEEK_OF_YEAR=12,WEEK_OF_MONTH=4,DAY_OF_MONTH=21,DAY_OF_YEAR=80,DAY_OF_WEEK=4,DAY_OF_WEEK_IN_MONTH=3,AM_PM=0,HOUR=4,HOUR_OF_DAY=4,MINUTE=26,SECOND=50,MILLISECOND=350,ZONE_OFFSET=0,DST_OFFSET=0], message=null}
04:26:50.354 [main] DEBUG org.hibernate.SQL - insert into LogEntries (logCode, message, primaryUser, secondaryUser, time, id) values (?, ?, ?, ?, ?, ?)
Hibernate: insert into LogEntries (logCode, message, primaryUser, secondaryUser, time, id) values (?, ?, ?, ?, ?, ?)
04:26:50.355 [main] DEBUG o.h.e.j.internal.JdbcCoordinatorImpl - HHH000420: Closing un-released batch
04:26:50.356 [main] DEBUG o.h.e.t.internal.TransactionImpl - begin
04:26:50.356 [main] DEBUG org.hibernate.SQL - select next_val as id_val from hibernate_sequence for update
Hibernate: select next_val as id_val from hibernate_sequence for update
04:26:50.356 [main] DEBUG org.hibernate.SQL - update hibernate_sequence set next_val= ? where next_val=?
Hibernate: update hibernate_sequence set next_val= ? where next_val=?
04:26:50.357 [main] DEBUG o.h.e.i.AbstractSaveEventListener - Generated identifier: 414, using strategy: org.hibernate.id.enhanced.SequenceStyleGenerator
04:26:50.358 [main] DEBUG o.h.e.t.internal.TransactionImpl - committing
04:26:50.358 [main] DEBUG o.h.e.i.AbstractFlushingEventListener - Processing flush-time cascades
04:26:50.358 [main] DEBUG o.h.e.i.AbstractFlushingEventListener - Dirty checking collections
04:26:50.358 [main] DEBUG o.h.e.i.AbstractFlushingEventListener - Flushed: 1 insertions, 0 updates, 0 deletions to 1 objects
04:26:50.358 [main] DEBUG o.h.e.i.AbstractFlushingEventListener - Flushed: 0 (re)creations, 0 updates, 0 removals to 0 collections
04:26:50.358 [main] DEBUG o.h.internal.util.EntityPrinter - Listing entities:
04:26:50.358 [main] DEBUG o.h.internal.util.EntityPrinter - edu.ncsu.csc.itrust2.models.persistent.LogEntry{secondaryUser=null, logCode=5, primaryUser=logapitest, id=414, time=java.util.GregorianCalendar[time=1521606410356,areFieldsSet=true,areAllFieldsSet=true,lenient=true,zone=sun.util.calendar.ZoneInfo[id="Etc/UTC",offset=0,dstSavings=0,useDaylight=false,transitions=0,lastRule=null],firstDayOfWeek=1,minimalDaysInFirstWeek=1,ERA=1,YEAR=2018,MONTH=2,WEEK_OF_YEAR=12,WEEK_OF_MONTH=4,DAY_OF_MONTH=21,DAY_OF_YEAR=80,DAY_OF_WEEK=4,DAY_OF_WEEK_IN_MONTH=3,AM_PM=0,HOUR=4,HOUR_OF_DAY=4,MINUTE=26,SECOND=50,MILLISECOND=356,ZONE_OFFSET=0,DST_OFFSET=0], message=null}
04:26:50.358 [main] DEBUG org.hibernate.SQL - insert into LogEntries (logCode, message, primaryUser, secondaryUser, time, id) values (?, ?, ?, ?, ?, ?)
Hibernate: insert into LogEntries (logCode, message, primaryUser, secondaryUser, time, id) values (?, ?, ?, ?, ?, ?)
04:26:50.360 [main] DEBUG o.h.e.j.internal.JdbcCoordinatorImpl - HHH000420: Closing un-released batch
04:26:50.360 [main] DEBUG o.h.e.t.internal.TransactionImpl - begin
04:26:50.360 [main] DEBUG org.hibernate.SQL - select next_val as id_val from hibernate_sequence for update
Hibernate: select next_val as id_val from hibernate_sequence for update
04:26:50.361 [main] DEBUG org.hibernate.SQL - update hibernate_sequence set next_val= ? where next_val=?
Hibernate: update hibernate_sequence set next_val= ? where next_val=?
04:26:50.362 [main] DEBUG o.h.e.i.AbstractSaveEventListener - Generated identifier: 415, using strategy: org.hibernate.id.enhanced.SequenceStyleGenerator
04:26:50.362 [main] DEBUG o.h.e.t.internal.TransactionImpl - committing
04:26:50.362 [main] DEBUG o.h.e.i.AbstractFlushingEventListener - Processing flush-time cascades
04:26:50.362 [main] DEBUG o.h.e.i.AbstractFlushingEventListener - Dirty checking collections
04:26:50.362 [main] DEBUG o.h.e.i.AbstractFlushingEventListener - Flushed: 1 insertions, 0 updates, 0 deletions to 1 objects
04:26:50.362 [main] DEBUG o.h.e.i.AbstractFlushingEventListener - Flushed: 0 (re)creations, 0 updates, 0 removals to 0 collections
04:26:50.362 [main] DEBUG o.h.internal.util.EntityPrinter - Listing entities:
04:26:50.363 [main] DEBUG o.h.internal.util.EntityPrinter - edu.ncsu.csc.itrust2.models.persistent.LogEntry{secondaryUser=null, logCode=5, primaryUser=logapitest, id=415, time=java.util.GregorianCalendar[time=1521606410360,areFieldsSet=true,areAllFieldsSet=true,lenient=true,zone=sun.util.calendar.ZoneInfo[id="Etc/UTC",offset=0,dstSavings=0,useDaylight=false,transitions=0,lastRule=null],firstDayOfWeek=1,minimalDaysInFirstWeek=1,ERA=1,YEAR=2018,MONTH=2,WEEK_OF_YEAR=12,WEEK_OF_MONTH=4,DAY_OF_MONTH=21,DAY_OF_YEAR=80,DAY_OF_WEEK=4,DAY_OF_WEEK_IN_MONTH=3,AM_PM=0,HOUR=4,HOUR_OF_DAY=4,MINUTE=26,SECOND=50,MILLISECOND=360,ZONE_OFFSET=0,DST_OFFSET=0], message=null}
04:26:50.363 [main] DEBUG org.hibernate.SQL - insert into LogEntries (logCode, message, primaryUser, secondaryUser, time, id) values (?, ?, ?, ?, ?, ?)
Hibernate: insert into LogEntries (logCode, message, primaryUser, secondaryUser, time, id) values (?, ?, ?, ?, ?, ?)
04:26:50.364 [main] DEBUG o.h.e.j.internal.JdbcCoordinatorImpl - HHH000420: Closing un-released batch
04:26:50.364 [main] DEBUG o.h.e.t.internal.TransactionImpl - begin
04:26:50.365 [main] DEBUG org.hibernate.SQL - select next_val as id_val from hibernate_sequence for update
Hibernate: select next_val as id_val from hibernate_sequence for update
04:26:50.365 [main] DEBUG org.hibernate.SQL - update hibernate_sequence set next_val= ? where next_val=?
Hibernate: update hibernate_sequence set next_val= ? where next_val=?
04:26:50.367 [main] DEBUG o.h.e.i.AbstractSaveEventListener - Generated identifier: 416, using strategy: org.hibernate.id.enhanced.SequenceStyleGenerator
04:26:50.367 [main] DEBUG o.h.e.t.internal.TransactionImpl - committing
04:26:50.367 [main] DEBUG o.h.e.i.AbstractFlushingEventListener - Processing flush-time cascades
04:26:50.367 [main] DEBUG o.h.e.i.AbstractFlushingEventListener - Dirty checking collections
04:26:50.368 [main] DEBUG o.h.e.i.AbstractFlushingEventListener - Flushed: 1 insertions, 0 updates, 0 deletions to 1 objects
04:26:50.368 [main] DEBUG o.h.e.i.AbstractFlushingEventListener - Flushed: 0 (re)creations, 0 updates, 0 removals to 0 collections
04:26:50.368 [main] DEBUG o.h.internal.util.EntityPrinter - Listing entities:
04:26:50.368 [main] DEBUG o.h.internal.util.EntityPrinter - edu.ncsu.csc.itrust2.models.persistent.LogEntry{secondaryUser=null, logCode=5, primaryUser=logapitest, id=416, time=java.util.GregorianCalendar[time=1521606410364,areFieldsSet=true,areAllFieldsSet=true,lenient=true,zone=sun.util.calendar.ZoneInfo[id="Etc/UTC",offset=0,dstSavings=0,useDaylight=false,transitions=0,lastRule=null],firstDayOfWeek=1,minimalDaysInFirstWeek=1,ERA=1,YEAR=2018,MONTH=2,WEEK_OF_YEAR=12,WEEK_OF_MONTH=4,DAY_OF_MONTH=21,DAY_OF_YEAR=80,DAY_OF_WEEK=4,DAY_OF_WEEK_IN_MONTH=3,AM_PM=0,HOUR=4,HOUR_OF_DAY=4,MINUTE=26,SECOND=50,MILLISECOND=364,ZONE_OFFSET=0,DST_OFFSET=0], message=null}
04:26:50.368 [main] DEBUG org.hibernate.SQL - insert into LogEntries (logCode, message, primaryUser, secondaryUser, time, id) values (?, ?, ?, ?, ?, ?)
Hibernate: insert into LogEntries (logCode, message, primaryUser, secondaryUser, time, id) values (?, ?, ?, ?, ?, ?)
04:26:50.370 [main] DEBUG o.h.e.j.internal.JdbcCoordinatorImpl - HHH000420: Closing un-released batch
04:26:50.370 [main] DEBUG o.h.e.t.internal.TransactionImpl - begin
04:26:50.371 [main] DEBUG org.hibernate.SQL - select next_val as id_val from hibernate_sequence for update
Hibernate: select next_val as id_val from hibernate_sequence for update
04:26:50.371 [main] DEBUG org.hibernate.SQL - update hibernate_sequence set next_val= ? where next_val=?
Hibernate: update hibernate_sequence set next_val= ? where next_val=?
04:26:50.372 [main] DEBUG o.h.e.i.AbstractSaveEventListener - Generated identifier: 417, using strategy: org.hibernate.id.enhanced.SequenceStyleGenerator
04:26:50.372 [main] DEBUG o.h.e.t.internal.TransactionImpl - committing
04:26:50.372 [main] DEBUG o.h.e.i.AbstractFlushingEventListener - Processing flush-time cascades
04:26:50.372 [main] DEBUG o.h.e.i.AbstractFlushingEventListener - Dirty checking collections
04:26:50.372 [main] DEBUG o.h.e.i.AbstractFlushingEventListener - Flushed: 1 insertions, 0 updates, 0 deletions to 1 objects
04:26:50.372 [main] DEBUG o.h.e.i.AbstractFlushingEventListener - Flushed: 0 (re)creations, 0 updates, 0 removals to 0 collections
04:26:50.372 [main] DEBUG o.h.internal.util.EntityPrinter - Listing entities:
04:26:50.372 [main] DEBUG o.h.internal.util.EntityPrinter - edu.ncsu.csc.itrust2.models.persistent.LogEntry{secondaryUser=null, logCode=5, primaryUser=logapitest, id=417, time=java.util.GregorianCalendar[time=1521606410370,areFieldsSet=true,areAllFieldsSet=true,lenient=true,zone=sun.util.calendar.ZoneInfo[id="Etc/UTC",offset=0,dstSavings=0,useDaylight=false,transitions=0,lastRule=null],firstDayOfWeek=1,minimalDaysInFirstWeek=1,ERA=1,YEAR=2018,MONTH=2,WEEK_OF_YEAR=12,WEEK_OF_MONTH=4,DAY_OF_MONTH=21,DAY_OF_YEAR=80,DAY_OF_WEEK=4,DAY_OF_WEEK_IN_MONTH=3,AM_PM=0,HOUR=4,HOUR_OF_DAY=4,MINUTE=26,SECOND=50,MILLISECOND=370,ZONE_OFFSET=0,DST_OFFSET=0], message=null}
04:26:50.373 [main] DEBUG org.hibernate.SQL - insert into LogEntries (logCode, message, primaryUser, secondaryUser, time, id) values (?, ?, ?, ?, ?, ?)
Hibernate: insert into LogEntries (logCode, message, primaryUser, secondaryUser, time, id) values (?, ?, ?, ?, ?, ?)
04:26:50.374 [main] DEBUG o.h.e.j.internal.JdbcCoordinatorImpl - HHH000420: Closing un-released batch
04:26:50.374 [main] DEBUG o.h.e.t.internal.TransactionImpl - begin
04:26:50.375 [main] DEBUG org.hibernate.SQL - select next_val as id_val from hibernate_sequence for update
Hibernate: select next_val as id_val from hibernate_sequence for update
04:26:50.375 [main] DEBUG org.hibernate.SQL - update hibernate_sequence set next_val= ? where next_val=?
Hibernate: update hibernate_sequence set next_val= ? where next_val=?
04:26:50.376 [main] DEBUG o.h.e.i.AbstractSaveEventListener - Generated identifier: 418, using strategy: org.hibernate.id.enhanced.SequenceStyleGenerator
04:26:50.376 [main] DEBUG o.h.e.t.internal.TransactionImpl - committing
04:26:50.376 [main] DEBUG o.h.e.i.AbstractFlushingEventListener - Processing flush-time cascades
04:26:50.376 [main] DEBUG o.h.e.i.AbstractFlushingEventListener - Dirty checking collections
04:26:50.376 [main] DEBUG o.h.e.i.AbstractFlushingEventListener - Flushed: 1 insertions, 0 updates, 0 deletions to 1 objects
04:26:50.376 [main] DEBUG o.h.e.i.AbstractFlushingEventListener - Flushed: 0 (re)creations, 0 updates, 0 removals to 0 collections
04:26:50.376 [main] DEBUG o.h.internal.util.EntityPrinter - Listing entities:
04:26:50.376 [main] DEBUG o.h.internal.util.EntityPrinter - edu.ncsu.csc.itrust2.models.persistent.LogEntry{secondaryUser=null, logCode=5, primaryUser=logapitest, id=418, time=java.util.GregorianCalendar[time=1521606410374,areFieldsSet=true,areAllFieldsSet=true,lenient=true,zone=sun.util.calendar.ZoneInfo[id="Etc/UTC",offset=0,dstSavings=0,useDaylight=false,transitions=0,lastRule=null],firstDayOfWeek=1,minimalDaysInFirstWeek=1,ERA=1,YEAR=2018,MONTH=2,WEEK_OF_YEAR=12,WEEK_OF_MONTH=4,DAY_OF_MONTH=21,DAY_OF_YEAR=80,DAY_OF_WEEK=4,DAY_OF_WEEK_IN_MONTH=3,AM_PM=0,HOUR=4,HOUR_OF_DAY=4,MINUTE=26,SECOND=50,MILLISECOND=374,ZONE_OFFSET=0,DST_OFFSET=0], message=null}
04:26:50.377 [main] DEBUG org.hibernate.SQL - insert into LogEntries (logCode, message, primaryUser, secondaryUser, time, id) values (?, ?, ?, ?, ?, ?)
Hibernate: insert into LogEntries (logCode, message, primaryUser, secondaryUser, time, id) values (?, ?, ?, ?, ?, ?)
04:26:50.379 [main] DEBUG o.h.e.j.internal.JdbcCoordinatorImpl - HHH000420: Closing un-released batch
04:26:50.380 [main] DEBUG o.h.e.t.internal.TransactionImpl - begin
04:26:50.380 [main] DEBUG org.hibernate.SQL - select next_val as id_val from hibernate_sequence for update
Hibernate: select next_val as id_val from hibernate_sequence for update
04:26:50.381 [main] DEBUG org.hibernate.SQL - update hibernate_sequence set next_val= ? where next_val=?
Hibernate: update hibernate_sequence set next_val= ? where next_val=?
04:26:50.382 [main] DEBUG o.h.e.i.AbstractSaveEventListener - Generated identifier: 419, using strategy: org.hibernate.id.enhanced.SequenceStyleGenerator
04:26:50.383 [main] DEBUG o.h.e.t.internal.TransactionImpl - committing
04:26:50.383 [main] DEBUG o.h.e.i.AbstractFlushingEventListener - Processing flush-time cascades
04:26:50.383 [main] DEBUG o.h.e.i.AbstractFlushingEventListener - Dirty checking collections
04:26:50.383 [main] DEBUG o.h.e.i.AbstractFlushingEventListener - Flushed: 1 insertions, 0 updates, 0 deletions to 1 objects
04:26:50.383 [main] DEBUG o.h.e.i.AbstractFlushingEventListener - Flushed: 0 (re)creations, 0 updates, 0 removals to 0 collections
04:26:50.383 [main] DEBUG o.h.internal.util.EntityPrinter - Listing entities:
04:26:50.383 [main] DEBUG o.h.internal.util.EntityPrinter - edu.ncsu.csc.itrust2.models.persistent.LogEntry{secondaryUser=null, logCode=5, primaryUser=logapitest, id=419, time=java.util.GregorianCalendar[time=1521606410380,areFieldsSet=true,areAllFieldsSet=true,lenient=true,zone=sun.util.calendar.ZoneInfo[id="Etc/UTC",offset=0,dstSavings=0,useDaylight=false,transitions=0,lastRule=null],firstDayOfWeek=1,minimalDaysInFirstWeek=1,ERA=1,YEAR=2018,MONTH=2,WEEK_OF_YEAR=12,WEEK_OF_MONTH=4,DAY_OF_MONTH=21,DAY_OF_YEAR=80,DAY_OF_WEEK=4,DAY_OF_WEEK_IN_MONTH=3,AM_PM=0,HOUR=4,HOUR_OF_DAY=4,MINUTE=26,SECOND=50,MILLISECOND=380,ZONE_OFFSET=0,DST_OFFSET=0], message=null}
04:26:50.384 [main] DEBUG org.hibernate.SQL - insert into LogEntries (logCode, message, primaryUser, secondaryUser, time, id) values (?, ?, ?, ?, ?, ?)
Hibernate: insert into LogEntries (logCode, message, primaryUser, secondaryUser, time, id) values (?, ?, ?, ?, ?, ?)
04:26:50.385 [main] DEBUG o.h.e.j.internal.JdbcCoordinatorImpl - HHH000420: Closing un-released batch
04:26:50.385 [main] DEBUG o.h.e.t.internal.TransactionImpl - begin
04:26:50.385 [main] DEBUG org.hibernate.SQL - select next_val as id_val from hibernate_sequence for update
Hibernate: select next_val as id_val from hibernate_sequence for update
04:26:50.386 [main] DEBUG org.hibernate.SQL - update hibernate_sequence set next_val= ? where next_val=?
Hibernate: update hibernate_sequence set next_val= ? where next_val=?
04:26:50.387 [main] DEBUG o.h.e.i.AbstractSaveEventListener - Generated identifier: 420, using strategy: org.hibernate.id.enhanced.SequenceStyleGenerator
04:26:50.387 [main] DEBUG o.h.e.t.internal.TransactionImpl - committing
04:26:50.387 [main] DEBUG o.h.e.i.AbstractFlushingEventListener - Processing flush-time cascades
04:26:50.387 [main] DEBUG o.h.e.i.AbstractFlushingEventListener - Dirty checking collections
04:26:50.388 [main] DEBUG o.h.e.i.AbstractFlushingEventListener - Flushed: 1 insertions, 0 updates, 0 deletions to 1 objects
04:26:50.388 [main] DEBUG o.h.e.i.AbstractFlushingEventListener - Flushed: 0 (re)creations, 0 updates, 0 removals to 0 collections
04:26:50.388 [main] DEBUG o.h.internal.util.EntityPrinter - Listing entities:
04:26:50.388 [main] DEBUG o.h.internal.util.EntityPrinter - edu.ncsu.csc.itrust2.models.persistent.LogEntry{secondaryUser=null, logCode=5, primaryUser=logapitest, id=420, time=java.util.GregorianCalendar[time=1521606410385,areFieldsSet=true,areAllFieldsSet=true,lenient=true,zone=sun.util.calendar.ZoneInfo[id="Etc/UTC",offset=0,dstSavings=0,useDaylight=false,transitions=0,lastRule=null],firstDayOfWeek=1,minimalDaysInFirstWeek=1,ERA=1,YEAR=2018,MONTH=2,WEEK_OF_YEAR=12,WEEK_OF_MONTH=4,DAY_OF_MONTH=21,DAY_OF_YEAR=80,DAY_OF_WEEK=4,DAY_OF_WEEK_IN_MONTH=3,AM_PM=0,HOUR=4,HOUR_OF_DAY=4,MINUTE=26,SECOND=50,MILLISECOND=385,ZONE_OFFSET=0,DST_OFFSET=0], message=null}
04:26:50.388 [main] DEBUG org.hibernate.SQL - insert into LogEntries (logCode, message, primaryUser, secondaryUser, time, id) values (?, ?, ?, ?, ?, ?)
Hibernate: insert into LogEntries (logCode, message, primaryUser, secondaryUser, time, id) values (?, ?, ?, ?, ?, ?)
04:26:50.390 [main] DEBUG o.h.e.j.internal.JdbcCoordinatorImpl - HHH000420: Closing un-released batch
04:26:50.390 [main] DEBUG o.h.e.t.internal.TransactionImpl - begin
04:26:50.390 [main] DEBUG org.hibernate.SQL - select next_val as id_val from hibernate_sequence for update
Hibernate: select next_val as id_val from hibernate_sequence for update
04:26:50.391 [main] DEBUG org.hibernate.SQL - update hibernate_sequence set next_val= ? where next_val=?
Hibernate: update hibernate_sequence set next_val= ? where next_val=?
04:26:50.391 [main] DEBUG o.h.e.i.AbstractSaveEventListener - Generated identifier: 421, using strategy: org.hibernate.id.enhanced.SequenceStyleGenerator
04:26:50.392 [main] DEBUG o.h.e.t.internal.TransactionImpl - committing
04:26:50.392 [main] DEBUG o.h.e.i.AbstractFlushingEventListener - Processing flush-time cascades
04:26:50.392 [main] DEBUG o.h.e.i.AbstractFlushingEventListener - Dirty checking collections
04:26:50.392 [main] DEBUG o.h.e.i.AbstractFlushingEventListener - Flushed: 1 insertions, 0 updates, 0 deletions to 1 objects
04:26:50.392 [main] DEBUG o.h.e.i.AbstractFlushingEventListener - Flushed: 0 (re)creations, 0 updates, 0 removals to 0 collections
04:26:50.392 [main] DEBUG o.h.internal.util.EntityPrinter - Listing entities:
04:26:50.392 [main] DEBUG o.h.internal.util.EntityPrinter - edu.ncsu.csc.itrust2.models.persistent.LogEntry{secondaryUser=null, logCode=5, primaryUser=logapitest, id=421, time=java.util.GregorianCalendar[time=1521606410390,areFieldsSet=true,areAllFieldsSet=true,lenient=true,zone=sun.util.calendar.ZoneInfo[id="Etc/UTC",offset=0,dstSavings=0,useDaylight=false,transitions=0,lastRule=null],firstDayOfWeek=1,minimalDaysInFirstWeek=1,ERA=1,YEAR=2018,MONTH=2,WEEK_OF_YEAR=12,WEEK_OF_MONTH=4,DAY_OF_MONTH=21,DAY_OF_YEAR=80,DAY_OF_WEEK=4,DAY_OF_WEEK_IN_MONTH=3,AM_PM=0,HOUR=4,HOUR_OF_DAY=4,MINUTE=26,SECOND=50,MILLISECOND=390,ZONE_OFFSET=0,DST_OFFSET=0], message=null}
04:26:50.393 [main] DEBUG org.hibernate.SQL - insert into LogEntries (logCode, message, primaryUser, secondaryUser, time, id) values (?, ?, ?, ?, ?, ?)
Hibernate: insert into LogEntries (logCode, message, primaryUser, secondaryUser, time, id) values (?, ?, ?, ?, ?, ?)
04:26:50.395 [main] DEBUG o.h.e.j.internal.JdbcCoordinatorImpl - HHH000420: Closing un-released batch
04:26:50.395 [main] DEBUG o.h.e.t.internal.TransactionImpl - begin
04:26:50.395 [main] DEBUG org.hibernate.SQL - select next_val as id_val from hibernate_sequence for update
Hibernate: select next_val as id_val from hibernate_sequence for update
04:26:50.396 [main] DEBUG org.hibernate.SQL - update hibernate_sequence set next_val= ? where next_val=?
Hibernate: update hibernate_sequence set next_val= ? where next_val=?
04:26:50.397 [main] DEBUG o.h.e.i.AbstractSaveEventListener - Generated identifier: 422, using strategy: org.hibernate.id.enhanced.SequenceStyleGenerator
04:26:50.397 [main] DEBUG o.h.e.t.internal.TransactionImpl - committing
04:26:50.397 [main] DEBUG o.h.e.i.AbstractFlushingEventListener - Processing flush-time cascades
04:26:50.397 [main] DEBUG o.h.e.i.AbstractFlushingEventListener - Dirty checking collections
04:26:50.397 [main] DEBUG o.h.e.i.AbstractFlushingEventListener - Flushed: 1 insertions, 0 updates, 0 deletions to 1 objects
04:26:50.397 [main] DEBUG o.h.e.i.AbstractFlushingEventListener - Flushed: 0 (re)creations, 0 updates, 0 removals to 0 collections
04:26:50.397 [main] DEBUG o.h.internal.util.EntityPrinter - Listing entities:
04:26:50.397 [main] DEBUG o.h.internal.util.EntityPrinter - edu.ncsu.csc.itrust2.models.persistent.LogEntry{secondaryUser=null, logCode=5, primaryUser=logapitest, id=422, time=java.util.GregorianCalendar[time=1521606410395,areFieldsSet=true,areAllFieldsSet=true,lenient=true,zone=sun.util.calendar.ZoneInfo[id="Etc/UTC",offset=0,dstSavings=0,useDaylight=false,transitions=0,lastRule=null],firstDayOfWeek=1,minimalDaysInFirstWeek=1,ERA=1,YEAR=2018,MONTH=2,WEEK_OF_YEAR=12,WEEK_OF_MONTH=4,DAY_OF_MONTH=21,DAY_OF_YEAR=80,DAY_OF_WEEK=4,DAY_OF_WEEK_IN_MONTH=3,AM_PM=0,HOUR=4,HOUR_OF_DAY=4,MINUTE=26,SECOND=50,MILLISECOND=395,ZONE_OFFSET=0,DST_OFFSET=0], message=null}
04:26:50.398 [main] DEBUG org.hibernate.SQL - insert into LogEntries (logCode, message, primaryUser, secondaryUser, time, id) values (?, ?, ?, ?, ?, ?)
Hibernate: insert into LogEntries (logCode, message, primaryUser, secondaryUser, time, id) values (?, ?, ?, ?, ?, ?)
04:26:50.399 [main] DEBUG o.h.e.j.internal.JdbcCoordinatorImpl - HHH000420: Closing un-released batch
04:26:50.399 [main] DEBUG o.h.e.t.internal.TransactionImpl - begin
04:26:50.400 [main] DEBUG org.hibernate.SQL - select next_val as id_val from hibernate_sequence for update
Hibernate: select next_val as id_val from hibernate_sequence for update
04:26:50.400 [main] DEBUG org.hibernate.SQL - update hibernate_sequence set next_val= ? where next_val=?
Hibernate: update hibernate_sequence set next_val= ? where next_val=?
04:26:50.401 [main] DEBUG o.h.e.i.AbstractSaveEventListener - Generated identifier: 423, using strategy: org.hibernate.id.enhanced.SequenceStyleGenerator
04:26:50.401 [main] DEBUG o.h.e.t.internal.TransactionImpl - committing
04:26:50.402 [main] DEBUG o.h.e.i.AbstractFlushingEventListener - Processing flush-time cascades
04:26:50.402 [main] DEBUG o.h.e.i.AbstractFlushingEventListener - Dirty checking collections
04:26:50.402 [main] DEBUG o.h.e.i.AbstractFlushingEventListener - Flushed: 1 insertions, 0 updates, 0 deletions to 1 objects
04:26:50.402 [main] DEBUG o.h.e.i.AbstractFlushingEventListener - Flushed: 0 (re)creations, 0 updates, 0 removals to 0 collections
04:26:50.402 [main] DEBUG o.h.internal.util.EntityPrinter - Listing entities:
04:26:50.402 [main] DEBUG o.h.internal.util.EntityPrinter - edu.ncsu.csc.itrust2.models.persistent.LogEntry{secondaryUser=null, logCode=5, primaryUser=logapitest, id=423, time=java.util.GregorianCalendar[time=1521606410399,areFieldsSet=true,areAllFieldsSet=true,lenient=true,zone=sun.util.calendar.ZoneInfo[id="Etc/UTC",offset=0,dstSavings=0,useDaylight=false,transitions=0,lastRule=null],firstDayOfWeek=1,minimalDaysInFirstWeek=1,ERA=1,YEAR=2018,MONTH=2,WEEK_OF_YEAR=12,WEEK_OF_MONTH=4,DAY_OF_MONTH=21,DAY_OF_YEAR=80,DAY_OF_WEEK=4,DAY_OF_WEEK_IN_MONTH=3,AM_PM=0,HOUR=4,HOUR_OF_DAY=4,MINUTE=26,SECOND=50,MILLISECOND=399,ZONE_OFFSET=0,DST_OFFSET=0], message=null}
04:26:50.402 [main] DEBUG org.hibernate.SQL - insert into LogEntries (logCode, message, primaryUser, secondaryUser, time, id) values (?, ?, ?, ?, ?, ?)
Hibernate: insert into LogEntries (logCode, message, primaryUser, secondaryUser, time, id) values (?, ?, ?, ?, ?, ?)
04:26:50.403 [main] DEBUG o.h.e.j.internal.JdbcCoordinatorImpl - HHH000420: Closing un-released batch
04:26:50.404 [main] DEBUG o.h.e.t.internal.TransactionImpl - begin
04:26:50.404 [main] DEBUG org.hibernate.SQL - select next_val as id_val from hibernate_sequence for update
Hibernate: select next_val as id_val from hibernate_sequence for update
04:26:50.405 [main] DEBUG org.hibernate.SQL - update hibernate_sequence set next_val= ? where next_val=?
Hibernate: update hibernate_sequence set next_val= ? where next_val=?
04:26:50.406 [main] DEBUG o.h.e.i.AbstractSaveEventListener - Generated identifier: 424, using strategy: org.hibernate.id.enhanced.SequenceStyleGenerator
04:26:50.406 [main] DEBUG o.h.e.t.internal.TransactionImpl - committing
04:26:50.406 [main] DEBUG o.h.e.i.AbstractFlushingEventListener - Processing flush-time cascades
04:26:50.406 [main] DEBUG o.h.e.i.AbstractFlushingEventListener - Dirty checking collections
04:26:50.406 [main] DEBUG o.h.e.i.AbstractFlushingEventListener - Flushed: 1 insertions, 0 updates, 0 deletions to 1 objects
04:26:50.406 [main] DEBUG o.h.e.i.AbstractFlushingEventListener - Flushed: 0 (re)creations, 0 updates, 0 removals to 0 collections
04:26:50.406 [main] DEBUG o.h.internal.util.EntityPrinter - Listing entities:
04:26:50.406 [main] DEBUG o.h.internal.util.EntityPrinter - edu.ncsu.csc.itrust2.models.persistent.LogEntry{secondaryUser=null, logCode=5, primaryUser=logapitest, id=424, time=java.util.GregorianCalendar[time=1521606410404,areFieldsSet=true,areAllFieldsSet=true,lenient=true,zone=sun.util.calendar.ZoneInfo[id="Etc/UTC",offset=0,dstSavings=0,useDaylight=false,transitions=0,lastRule=null],firstDayOfWeek=1,minimalDaysInFirstWeek=1,ERA=1,YEAR=2018,MONTH=2,WEEK_OF_YEAR=12,WEEK_OF_MONTH=4,DAY_OF_MONTH=21,DAY_OF_YEAR=80,DAY_OF_WEEK=4,DAY_OF_WEEK_IN_MONTH=3,AM_PM=0,HOUR=4,HOUR_OF_DAY=4,MINUTE=26,SECOND=50,MILLISECOND=404,ZONE_OFFSET=0,DST_OFFSET=0], message=null}
04:26:50.407 [main] DEBUG org.hibernate.SQL - insert into LogEntries (logCode, message, primaryUser, secondaryUser, time, id) values (?, ?, ?, ?, ?, ?)
Hibernate: insert into LogEntries (logCode, message, primaryUser, secondaryUser, time, id) values (?, ?, ?, ?, ?, ?)
04:26:50.408 [main] DEBUG o.h.e.j.internal.JdbcCoordinatorImpl - HHH000420: Closing un-released batch
04:26:50.408 [main] DEBUG o.h.e.t.internal.TransactionImpl - begin
04:26:50.409 [main] DEBUG org.hibernate.SQL - select next_val as id_val from hibernate_sequence for update
Hibernate: select next_val as id_val from hibernate_sequence for update
04:26:50.409 [main] DEBUG org.hibernate.SQL - update hibernate_sequence set next_val= ? where next_val=?
Hibernate: update hibernate_sequence set next_val= ? where next_val=?
04:26:50.410 [main] DEBUG o.h.e.i.AbstractSaveEventListener - Generated identifier: 425, using strategy: org.hibernate.id.enhanced.SequenceStyleGenerator
04:26:50.411 [main] DEBUG o.h.e.t.internal.TransactionImpl - committing
04:26:50.411 [main] DEBUG o.h.e.i.AbstractFlushingEventListener - Processing flush-time cascades
04:26:50.411 [main] DEBUG o.h.e.i.AbstractFlushingEventListener - Dirty checking collections
04:26:50.411 [main] DEBUG o.h.e.i.AbstractFlushingEventListener - Flushed: 1 insertions, 0 updates, 0 deletions to 1 objects
04:26:50.411 [main] DEBUG o.h.e.i.AbstractFlushingEventListener - Flushed: 0 (re)creations, 0 updates, 0 removals to 0 collections
04:26:50.411 [main] DEBUG o.h.internal.util.EntityPrinter - Listing entities:
04:26:50.411 [main] DEBUG o.h.internal.util.EntityPrinter - edu.ncsu.csc.itrust2.models.persistent.LogEntry{secondaryUser=null, logCode=5, primaryUser=logapitest, id=425, time=java.util.GregorianCalendar[time=1521606410408,areFieldsSet=true,areAllFieldsSet=true,lenient=true,zone=sun.util.calendar.ZoneInfo[id="Etc/UTC",offset=0,dstSavings=0,useDaylight=false,transitions=0,lastRule=null],firstDayOfWeek=1,minimalDaysInFirstWeek=1,ERA=1,YEAR=2018,MONTH=2,WEEK_OF_YEAR=12,WEEK_OF_MONTH=4,DAY_OF_MONTH=21,DAY_OF_YEAR=80,DAY_OF_WEEK=4,DAY_OF_WEEK_IN_MONTH=3,AM_PM=0,HOUR=4,HOUR_OF_DAY=4,MINUTE=26,SECOND=50,MILLISECOND=408,ZONE_OFFSET=0,DST_OFFSET=0], message=null}
04:26:50.412 [main] DEBUG org.hibernate.SQL - insert into LogEntries (logCode, message, primaryUser, secondaryUser, time, id) values (?, ?, ?, ?, ?, ?)
Hibernate: insert into LogEntries (logCode, message, primaryUser, secondaryUser, time, id) values (?, ?, ?, ?, ?, ?)
04:26:50.414 [main] DEBUG o.h.e.j.internal.JdbcCoordinatorImpl - HHH000420: Closing un-released batch
04:26:50.414 [main] DEBUG o.h.e.t.internal.TransactionImpl - begin
04:26:50.415 [main] DEBUG org.hibernate.SQL - select next_val as id_val from hibernate_sequence for update
Hibernate: select next_val as id_val from hibernate_sequence for update
04:26:50.415 [main] DEBUG org.hibernate.SQL - update hibernate_sequence set next_val= ? where next_val=?
Hibernate: update hibernate_sequence set next_val= ? where next_val=?
04:26:50.416 [main] DEBUG o.h.e.i.AbstractSaveEventListener - Generated identifier: 426, using strategy: org.hibernate.id.enhanced.SequenceStyleGenerator
04:26:50.416 [main] DEBUG o.h.e.t.internal.TransactionImpl - committing
04:26:50.416 [main] DEBUG o.h.e.i.AbstractFlushingEventListener - Processing flush-time cascades
04:26:50.417 [main] DEBUG o.h.e.i.AbstractFlushingEventListener - Dirty checking collections
04:26:50.417 [main] DEBUG o.h.e.i.AbstractFlushingEventListener - Flushed: 1 insertions, 0 updates, 0 deletions to 1 objects
04:26:50.417 [main] DEBUG o.h.e.i.AbstractFlushingEventListener - Flushed: 0 (re)creations, 0 updates, 0 removals to 0 collections
04:26:50.417 [main] DEBUG o.h.internal.util.EntityPrinter - Listing entities:
04:26:50.417 [main] DEBUG o.h.internal.util.EntityPrinter - edu.ncsu.csc.itrust2.models.persistent.LogEntry{secondaryUser=null, logCode=5, primaryUser=logapitest, id=426, time=java.util.GregorianCalendar[time=1521606410414,areFieldsSet=true,areAllFieldsSet=true,lenient=true,zone=sun.util.calendar.ZoneInfo[id="Etc/UTC",offset=0,dstSavings=0,useDaylight=false,transitions=0,lastRule=null],firstDayOfWeek=1,minimalDaysInFirstWeek=1,ERA=1,YEAR=2018,MONTH=2,WEEK_OF_YEAR=12,WEEK_OF_MONTH=4,DAY_OF_MONTH=21,DAY_OF_YEAR=80,DAY_OF_WEEK=4,DAY_OF_WEEK_IN_MONTH=3,AM_PM=0,HOUR=4,HOUR_OF_DAY=4,MINUTE=26,SECOND=50,MILLISECOND=414,ZONE_OFFSET=0,DST_OFFSET=0], message=null}
04:26:50.417 [main] DEBUG org.hibernate.SQL - insert into LogEntries (logCode, message, primaryUser, secondaryUser, time, id) values (?, ?, ?, ?, ?, ?)
Hibernate: insert into LogEntries (logCode, message, primaryUser, secondaryUser, time, id) values (?, ?, ?, ?, ?, ?)
04:26:50.418 [main] DEBUG o.h.e.j.internal.JdbcCoordinatorImpl - HHH000420: Closing un-released batch
04:26:50.419 [main] DEBUG o.h.e.t.internal.TransactionImpl - begin
04:26:50.419 [main] DEBUG org.hibernate.SQL - select next_val as id_val from hibernate_sequence for update
Hibernate: select next_val as id_val from hibernate_sequence for update
04:26:50.420 [main] DEBUG org.hibernate.SQL - update hibernate_sequence set next_val= ? where next_val=?
Hibernate: update hibernate_sequence set next_val= ? where next_val=?
04:26:50.421 [main] DEBUG o.h.e.i.AbstractSaveEventListener - Generated identifier: 427, using strategy: org.hibernate.id.enhanced.SequenceStyleGenerator
04:26:50.421 [main] DEBUG o.h.e.t.internal.TransactionImpl - committing
04:26:50.421 [main] DEBUG o.h.e.i.AbstractFlushingEventListener - Processing flush-time cascades
04:26:50.421 [main] DEBUG o.h.e.i.AbstractFlushingEventListener - Dirty checking collections
04:26:50.421 [main] DEBUG o.h.e.i.AbstractFlushingEventListener - Flushed: 1 insertions, 0 updates, 0 deletions to 1 objects
04:26:50.421 [main] DEBUG o.h.e.i.AbstractFlushingEventListener - Flushed: 0 (re)creations, 0 updates, 0 removals to 0 collections
04:26:50.421 [main] DEBUG o.h.internal.util.EntityPrinter - Listing entities:
04:26:50.421 [main] DEBUG o.h.internal.util.EntityPrinter - edu.ncsu.csc.itrust2.models.persistent.LogEntry{secondaryUser=null, logCode=5, primaryUser=logapitest, id=427, time=java.util.GregorianCalendar[time=1521606410419,areFieldsSet=true,areAllFieldsSet=true,lenient=true,zone=sun.util.calendar.ZoneInfo[id="Etc/UTC",offset=0,dstSavings=0,useDaylight=false,transitions=0,lastRule=null],firstDayOfWeek=1,minimalDaysInFirstWeek=1,ERA=1,YEAR=2018,MONTH=2,WEEK_OF_YEAR=12,WEEK_OF_MONTH=4,DAY_OF_MONTH=21,DAY_OF_YEAR=80,DAY_OF_WEEK=4,DAY_OF_WEEK_IN_MONTH=3,AM_PM=0,HOUR=4,HOUR_OF_DAY=4,MINUTE=26,SECOND=50,MILLISECOND=419,ZONE_OFFSET=0,DST_OFFSET=0], message=null}
04:26:50.422 [main] DEBUG org.hibernate.SQL - insert into LogEntries (logCode, message, primaryUser, secondaryUser, time, id) values (?, ?, ?, ?, ?, ?)
Hibernate: insert into LogEntries (logCode, message, primaryUser, secondaryUser, time, id) values (?, ?, ?, ?, ?, ?)
04:26:50.423 [main] DEBUG o.h.e.j.internal.JdbcCoordinatorImpl - HHH000420: Closing un-released batch
04:26:50.424 [main] DEBUG o.h.e.t.internal.TransactionImpl - begin
04:26:50.425 [main] DEBUG org.hibernate.SQL - select next_val as id_val from hibernate_sequence for update
Hibernate: select next_val as id_val from hibernate_sequence for update
04:26:50.425 [main] DEBUG org.hibernate.SQL - update hibernate_sequence set next_val= ? where next_val=?
Hibernate: update hibernate_sequence set next_val= ? where next_val=?
04:26:50.427 [main] DEBUG o.h.e.i.AbstractSaveEventListener - Generated identifier: 428, using strategy: org.hibernate.id.enhanced.SequenceStyleGenerator
04:26:50.427 [main] DEBUG o.h.e.t.internal.TransactionImpl - committing
04:26:50.427 [main] DEBUG o.h.e.i.AbstractFlushingEventListener - Processing flush-time cascades
04:26:50.427 [main] DEBUG o.h.e.i.AbstractFlushingEventListener - Dirty checking collections
04:26:50.427 [main] DEBUG o.h.e.i.AbstractFlushingEventListener - Flushed: 1 insertions, 0 updates, 0 deletions to 1 objects
04:26:50.427 [main] DEBUG o.h.e.i.AbstractFlushingEventListener - Flushed: 0 (re)creations, 0 updates, 0 removals to 0 collections
04:26:50.427 [main] DEBUG o.h.internal.util.EntityPrinter - Listing entities:
04:26:50.427 [main] DEBUG o.h.internal.util.EntityPrinter - edu.ncsu.csc.itrust2.models.persistent.LogEntry{secondaryUser=null, logCode=5, primaryUser=logapitest, id=428, time=java.util.GregorianCalendar[time=1521606410424,areFieldsSet=true,areAllFieldsSet=true,lenient=true,zone=sun.util.calendar.ZoneInfo[id="Etc/UTC",offset=0,dstSavings=0,useDaylight=false,transitions=0,lastRule=null],firstDayOfWeek=1,minimalDaysInFirstWeek=1,ERA=1,YEAR=2018,MONTH=2,WEEK_OF_YEAR=12,WEEK_OF_MONTH=4,DAY_OF_MONTH=21,DAY_OF_YEAR=80,DAY_OF_WEEK=4,DAY_OF_WEEK_IN_MONTH=3,AM_PM=0,HOUR=4,HOUR_OF_DAY=4,MINUTE=26,SECOND=50,MILLISECOND=424,ZONE_OFFSET=0,DST_OFFSET=0], message=null}
04:26:50.428 [main] DEBUG org.hibernate.SQL - insert into LogEntries (logCode, message, primaryUser, secondaryUser, time, id) values (?, ?, ?, ?, ?, ?)
Hibernate: insert into LogEntries (logCode, message, primaryUser, secondaryUser, time, id) values (?, ?, ?, ?, ?, ?)
04:26:50.429 [main] DEBUG o.h.e.j.internal.JdbcCoordinatorImpl - HHH000420: Closing un-released batch
04:26:50.430 [main] DEBUG o.h.e.t.internal.TransactionImpl - begin
04:26:50.430 [main] DEBUG org.hibernate.SQL - select next_val as id_val from hibernate_sequence for update
Hibernate: select next_val as id_val from hibernate_sequence for update
04:26:50.430 [main] DEBUG org.hibernate.SQL - update hibernate_sequence set next_val= ? where next_val=?
Hibernate: update hibernate_sequence set next_val= ? where next_val=?
04:26:50.431 [main] DEBUG o.h.e.i.AbstractSaveEventListener - Generated identifier: 429, using strategy: org.hibernate.id.enhanced.SequenceStyleGenerator
04:26:50.431 [main] DEBUG o.h.e.t.internal.TransactionImpl - committing
04:26:50.432 [main] DEBUG o.h.e.i.AbstractFlushingEventListener - Processing flush-time cascades
04:26:50.432 [main] DEBUG o.h.e.i.AbstractFlushingEventListener - Dirty checking collections
04:26:50.432 [main] DEBUG o.h.e.i.AbstractFlushingEventListener - Flushed: 1 insertions, 0 updates, 0 deletions to 1 objects
04:26:50.432 [main] DEBUG o.h.e.i.AbstractFlushingEventListener - Flushed: 0 (re)creations, 0 updates, 0 removals to 0 collections
04:26:50.432 [main] DEBUG o.h.internal.util.EntityPrinter - Listing entities:
04:26:50.432 [main] DEBUG o.h.internal.util.EntityPrinter - edu.ncsu.csc.itrust2.models.persistent.LogEntry{secondaryUser=null, logCode=5, primaryUser=logapitest, id=429, time=java.util.GregorianCalendar[time=1521606410429,areFieldsSet=true,areAllFieldsSet=true,lenient=true,zone=sun.util.calendar.ZoneInfo[id="Etc/UTC",offset=0,dstSavings=0,useDaylight=false,transitions=0,lastRule=null],firstDayOfWeek=1,minimalDaysInFirstWeek=1,ERA=1,YEAR=2018,MONTH=2,WEEK_OF_YEAR=12,WEEK_OF_MONTH=4,DAY_OF_MONTH=21,DAY_OF_YEAR=80,DAY_OF_WEEK=4,DAY_OF_WEEK_IN_MONTH=3,AM_PM=0,HOUR=4,HOUR_OF_DAY=4,MINUTE=26,SECOND=50,MILLISECOND=429,ZONE_OFFSET=0,DST_OFFSET=0], message=null}
04:26:50.432 [main] DEBUG org.hibernate.SQL - insert into LogEntries (logCode, message, primaryUser, secondaryUser, time, id) values (?, ?, ?, ?, ?, ?)
Hibernate: insert into LogEntries (logCode, message, primaryUser, secondaryUser, time, id) values (?, ?, ?, ?, ?, ?)
04:26:50.434 [main] DEBUG o.h.e.j.internal.JdbcCoordinatorImpl - HHH000420: Closing un-released batch
04:26:50.434 [main] DEBUG o.h.e.t.internal.TransactionImpl - begin
04:26:50.434 [main] DEBUG org.hibernate.SQL - select next_val as id_val from hibernate_sequence for update
Hibernate: select next_val as id_val from hibernate_sequence for update
04:26:50.435 [main] DEBUG org.hibernate.SQL - update hibernate_sequence set next_val= ? where next_val=?
Hibernate: update hibernate_sequence set next_val= ? where next_val=?
04:26:50.436 [main] DEBUG o.h.e.i.AbstractSaveEventListener - Generated identifier: 430, using strategy: org.hibernate.id.enhanced.SequenceStyleGenerator
04:26:50.436 [main] DEBUG o.h.e.t.internal.TransactionImpl - committing
04:26:50.436 [main] DEBUG o.h.e.i.AbstractFlushingEventListener - Processing flush-time cascades
04:26:50.436 [main] DEBUG o.h.e.i.AbstractFlushingEventListener - Dirty checking collections
04:26:50.436 [main] DEBUG o.h.e.i.AbstractFlushingEventListener - Flushed: 1 insertions, 0 updates, 0 deletions to 1 objects
04:26:50.436 [main] DEBUG o.h.e.i.AbstractFlushingEventListener - Flushed: 0 (re)creations, 0 updates, 0 removals to 0 collections
04:26:50.436 [main] DEBUG o.h.internal.util.EntityPrinter - Listing entities:
04:26:50.436 [main] DEBUG o.h.internal.util.EntityPrinter - edu.ncsu.csc.itrust2.models.persistent.LogEntry{secondaryUser=null, logCode=5, primaryUser=logapitest, id=430, time=java.util.GregorianCalendar[time=1521606410434,areFieldsSet=true,areAllFieldsSet=true,lenient=true,zone=sun.util.calendar.ZoneInfo[id="Etc/UTC",offset=0,dstSavings=0,useDaylight=false,transitions=0,lastRule=null],firstDayOfWeek=1,minimalDaysInFirstWeek=1,ERA=1,YEAR=2018,MONTH=2,WEEK_OF_YEAR=12,WEEK_OF_MONTH=4,DAY_OF_MONTH=21,DAY_OF_YEAR=80,DAY_OF_WEEK=4,DAY_OF_WEEK_IN_MONTH=3,AM_PM=0,HOUR=4,HOUR_OF_DAY=4,MINUTE=26,SECOND=50,MILLISECOND=434,ZONE_OFFSET=0,DST_OFFSET=0], message=null}
04:26:50.437 [main] DEBUG org.hibernate.SQL - insert into LogEntries (logCode, message, primaryUser, secondaryUser, time, id) values (?, ?, ?, ?, ?, ?)
Hibernate: insert into LogEntries (logCode, message, primaryUser, secondaryUser, time, id) values (?, ?, ?, ?, ?, ?)
04:26:50.438 [main] DEBUG o.h.e.j.internal.JdbcCoordinatorImpl - HHH000420: Closing un-released batch
04:26:50.438 [main] DEBUG o.h.e.t.internal.TransactionImpl - begin
04:26:50.439 [main] DEBUG org.hibernate.SQL - select next_val as id_val from hibernate_sequence for update
Hibernate: select next_val as id_val from hibernate_sequence for update
04:26:50.439 [main] DEBUG org.hibernate.SQL - update hibernate_sequence set next_val= ? where next_val=?
Hibernate: update hibernate_sequence set next_val= ? where next_val=?
04:26:50.440 [main] DEBUG o.h.e.i.AbstractSaveEventListener - Generated identifier: 431, using strategy: org.hibernate.id.enhanced.SequenceStyleGenerator
04:26:50.441 [main] DEBUG o.h.e.t.internal.TransactionImpl - committing
04:26:50.441 [main] DEBUG o.h.e.i.AbstractFlushingEventListener - Processing flush-time cascades
04:26:50.441 [main] DEBUG o.h.e.i.AbstractFlushingEventListener - Dirty checking collections
04:26:50.441 [main] DEBUG o.h.e.i.AbstractFlushingEventListener - Flushed: 1 insertions, 0 updates, 0 deletions to 1 objects
04:26:50.441 [main] DEBUG o.h.e.i.AbstractFlushingEventListener - Flushed: 0 (re)creations, 0 updates, 0 removals to 0 collections
04:26:50.441 [main] DEBUG o.h.internal.util.EntityPrinter - Listing entities:
04:26:50.441 [main] DEBUG o.h.internal.util.EntityPrinter - edu.ncsu.csc.itrust2.models.persistent.LogEntry{secondaryUser=null, logCode=5, primaryUser=logapitest, id=431, time=java.util.GregorianCalendar[time=1521606410438,areFieldsSet=true,areAllFieldsSet=true,lenient=true,zone=sun.util.calendar.ZoneInfo[id="Etc/UTC",offset=0,dstSavings=0,useDaylight=false,transitions=0,lastRule=null],firstDayOfWeek=1,minimalDaysInFirstWeek=1,ERA=1,YEAR=2018,MONTH=2,WEEK_OF_YEAR=12,WEEK_OF_MONTH=4,DAY_OF_MONTH=21,DAY_OF_YEAR=80,DAY_OF_WEEK=4,DAY_OF_WEEK_IN_MONTH=3,AM_PM=0,HOUR=4,HOUR_OF_DAY=4,MINUTE=26,SECOND=50,MILLISECOND=438,ZONE_OFFSET=0,DST_OFFSET=0], message=null}
04:26:50.442 [main] DEBUG org.hibernate.SQL - insert into LogEntries (logCode, message, primaryUser, secondaryUser, time, id) values (?, ?, ?, ?, ?, ?)
Hibernate: insert into LogEntries (logCode, message, primaryUser, secondaryUser, time, id) values (?, ?, ?, ?, ?, ?)
04:26:50.444 [main] DEBUG o.h.e.j.internal.JdbcCoordinatorImpl - HHH000420: Closing un-released batch
04:26:50.444 [main] DEBUG o.h.e.t.internal.TransactionImpl - begin
04:26:50.444 [main] DEBUG org.hibernate.SQL - select next_val as id_val from hibernate_sequence for update
Hibernate: select next_val as id_val from hibernate_sequence for update
04:26:50.445 [main] DEBUG org.hibernate.SQL - update hibernate_sequence set next_val= ? where next_val=?
Hibernate: update hibernate_sequence set next_val= ? where next_val=?
04:26:50.446 [main] DEBUG o.h.e.i.AbstractSaveEventListener - Generated identifier: 432, using strategy: org.hibernate.id.enhanced.SequenceStyleGenerator
04:26:50.446 [main] DEBUG o.h.e.t.internal.TransactionImpl - committing
04:26:50.446 [main] DEBUG o.h.e.i.AbstractFlushingEventListener - Processing flush-time cascades
04:26:50.446 [main] DEBUG o.h.e.i.AbstractFlushingEventListener - Dirty checking collections
04:26:50.447 [main] DEBUG o.h.e.i.AbstractFlushingEventListener - Flushed: 1 insertions, 0 updates, 0 deletions to 1 objects
04:26:50.447 [main] DEBUG o.h.e.i.AbstractFlushingEventListener - Flushed: 0 (re)creations, 0 updates, 0 removals to 0 collections
04:26:50.447 [main] DEBUG o.h.internal.util.EntityPrinter - Listing entities:
04:26:50.447 [main] DEBUG o.h.internal.util.EntityPrinter - edu.ncsu.csc.itrust2.models.persistent.LogEntry{secondaryUser=null, logCode=5, primaryUser=logapitest, id=432, time=java.util.GregorianCalendar[time=1521606410444,areFieldsSet=true,areAllFieldsSet=true,lenient=true,zone=sun.util.calendar.ZoneInfo[id="Etc/UTC",offset=0,dstSavings=0,useDaylight=false,transitions=0,lastRule=null],firstDayOfWeek=1,minimalDaysInFirstWeek=1,ERA=1,YEAR=2018,MONTH=2,WEEK_OF_YEAR=12,WEEK_OF_MONTH=4,DAY_OF_MONTH=21,DAY_OF_YEAR=80,DAY_OF_WEEK=4,DAY_OF_WEEK_IN_MONTH=3,AM_PM=0,HOUR=4,HOUR_OF_DAY=4,MINUTE=26,SECOND=50,MILLISECOND=444,ZONE_OFFSET=0,DST_OFFSET=0], message=null}
04:26:50.447 [main] DEBUG org.hibernate.SQL - insert into LogEntries (logCode, message, primaryUser, secondaryUser, time, id) values (?, ?, ?, ?, ?, ?)
Hibernate: insert into LogEntries (logCode, message, primaryUser, secondaryUser, time, id) values (?, ?, ?, ?, ?, ?)
04:26:50.448 [main] DEBUG o.h.e.j.internal.JdbcCoordinatorImpl - HHH000420: Closing un-released batch
04:26:50.448 [main] DEBUG o.h.e.t.internal.TransactionImpl - begin
04:26:50.449 [main] DEBUG org.hibernate.SQL - select next_val as id_val from hibernate_sequence for update
Hibernate: select next_val as id_val from hibernate_sequence for update
04:26:50.449 [main] DEBUG org.hibernate.SQL - update hibernate_sequence set next_val= ? where next_val=?
Hibernate: update hibernate_sequence set next_val= ? where next_val=?
04:26:50.450 [main] DEBUG o.h.e.i.AbstractSaveEventListener - Generated identifier: 433, using strategy: org.hibernate.id.enhanced.SequenceStyleGenerator
04:26:50.450 [main] DEBUG o.h.e.t.internal.TransactionImpl - committing
04:26:50.450 [main] DEBUG o.h.e.i.AbstractFlushingEventListener - Processing flush-time cascades
04:26:50.451 [main] DEBUG o.h.e.i.AbstractFlushingEventListener - Dirty checking collections
04:26:50.451 [main] DEBUG o.h.e.i.AbstractFlushingEventListener - Flushed: 1 insertions, 0 updates, 0 deletions to 1 objects
04:26:50.451 [main] DEBUG o.h.e.i.AbstractFlushingEventListener - Flushed: 0 (re)creations, 0 updates, 0 removals to 0 collections
04:26:50.451 [main] DEBUG o.h.internal.util.EntityPrinter - Listing entities:
04:26:50.451 [main] DEBUG o.h.internal.util.EntityPrinter - edu.ncsu.csc.itrust2.models.persistent.LogEntry{secondaryUser=null, logCode=5, primaryUser=logapitest, id=433, time=java.util.GregorianCalendar[time=1521606410448,areFieldsSet=true,areAllFieldsSet=true,lenient=true,zone=sun.util.calendar.ZoneInfo[id="Etc/UTC",offset=0,dstSavings=0,useDaylight=false,transitions=0,lastRule=null],firstDayOfWeek=1,minimalDaysInFirstWeek=1,ERA=1,YEAR=2018,MONTH=2,WEEK_OF_YEAR=12,WEEK_OF_MONTH=4,DAY_OF_MONTH=21,DAY_OF_YEAR=80,DAY_OF_WEEK=4,DAY_OF_WEEK_IN_MONTH=3,AM_PM=0,HOUR=4,HOUR_OF_DAY=4,MINUTE=26,SECOND=50,MILLISECOND=448,ZONE_OFFSET=0,DST_OFFSET=0], message=null}
04:26:50.451 [main] DEBUG org.hibernate.SQL - insert into LogEntries (logCode, message, primaryUser, secondaryUser, time, id) values (?, ?, ?, ?, ?, ?)
Hibernate: insert into LogEntries (logCode, message, primaryUser, secondaryUser, time, id) values (?, ?, ?, ?, ?, ?)
04:26:50.452 [main] DEBUG o.h.e.j.internal.JdbcCoordinatorImpl - HHH000420: Closing un-released batch
04:26:50.452 [main] DEBUG o.h.e.t.internal.TransactionImpl - begin
04:26:50.453 [main] DEBUG org.hibernate.SQL - select next_val as id_val from hibernate_sequence for update
Hibernate: select next_val as id_val from hibernate_sequence for update
04:26:50.453 [main] DEBUG org.hibernate.SQL - update hibernate_sequence set next_val= ? where next_val=?
Hibernate: update hibernate_sequence set next_val= ? where next_val=?
04:26:50.454 [main] DEBUG o.h.e.i.AbstractSaveEventListener - Generated identifier: 434, using strategy: org.hibernate.id.enhanced.SequenceStyleGenerator
04:26:50.455 [main] DEBUG o.h.e.t.internal.TransactionImpl - committing
04:26:50.455 [main] DEBUG o.h.e.i.AbstractFlushingEventListener - Processing flush-time cascades
04:26:50.455 [main] DEBUG o.h.e.i.AbstractFlushingEventListener - Dirty checking collections
04:26:50.455 [main] DEBUG o.h.e.i.AbstractFlushingEventListener - Flushed: 1 insertions, 0 updates, 0 deletions to 1 objects
04:26:50.455 [main] DEBUG o.h.e.i.AbstractFlushingEventListener - Flushed: 0 (re)creations, 0 updates, 0 removals to 0 collections
04:26:50.455 [main] DEBUG o.h.internal.util.EntityPrinter - Listing entities:
04:26:50.455 [main] DEBUG o.h.internal.util.EntityPrinter - edu.ncsu.csc.itrust2.models.persistent.LogEntry{secondaryUser=null, logCode=5, primaryUser=logapitest, id=434, time=java.util.GregorianCalendar[time=1521606410452,areFieldsSet=true,areAllFieldsSet=true,lenient=true,zone=sun.util.calendar.ZoneInfo[id="Etc/UTC",offset=0,dstSavings=0,useDaylight=false,transitions=0,lastRule=null],firstDayOfWeek=1,minimalDaysInFirstWeek=1,ERA=1,YEAR=2018,MONTH=2,WEEK_OF_YEAR=12,WEEK_OF_MONTH=4,DAY_OF_MONTH=21,DAY_OF_YEAR=80,DAY_OF_WEEK=4,DAY_OF_WEEK_IN_MONTH=3,AM_PM=0,HOUR=4,HOUR_OF_DAY=4,MINUTE=26,SECOND=50,MILLISECOND=452,ZONE_OFFSET=0,DST_OFFSET=0], message=null}
04:26:50.455 [main] DEBUG org.hibernate.SQL - insert into LogEntries (logCode, message, primaryUser, secondaryUser, time, id) values (?, ?, ?, ?, ?, ?)
Hibernate: insert into LogEntries (logCode, message, primaryUser, secondaryUser, time, id) values (?, ?, ?, ?, ?, ?)
04:26:50.456 [main] DEBUG o.h.e.j.internal.JdbcCoordinatorImpl - HHH000420: Closing un-released batch
04:26:50.456 [main] DEBUG o.h.e.t.internal.TransactionImpl - begin
04:26:50.457 [main] DEBUG org.hibernate.SQL - select next_val as id_val from hibernate_sequence for update
Hibernate: select next_val as id_val from hibernate_sequence for update
04:26:50.457 [main] DEBUG org.hibernate.SQL - update hibernate_sequence set next_val= ? where next_val=?
Hibernate: update hibernate_sequence set next_val= ? where next_val=?
04:26:50.458 [main] DEBUG o.h.e.i.AbstractSaveEventListener - Generated identifier: 435, using strategy: org.hibernate.id.enhanced.SequenceStyleGenerator
04:26:50.459 [main] DEBUG o.h.e.t.internal.TransactionImpl - committing
04:26:50.459 [main] DEBUG o.h.e.i.AbstractFlushingEventListener - Processing flush-time cascades
04:26:50.459 [main] DEBUG o.h.e.i.AbstractFlushingEventListener - Dirty checking collections
04:26:50.459 [main] DEBUG o.h.e.i.AbstractFlushingEventListener - Flushed: 1 insertions, 0 updates, 0 deletions to 1 objects
04:26:50.459 [main] DEBUG o.h.e.i.AbstractFlushingEventListener - Flushed: 0 (re)creations, 0 updates, 0 removals to 0 collections
04:26:50.459 [main] DEBUG o.h.internal.util.EntityPrinter - Listing entities:
04:26:50.459 [main] DEBUG o.h.internal.util.EntityPrinter - edu.ncsu.csc.itrust2.models.persistent.LogEntry{secondaryUser=null, logCode=5, primaryUser=logapitest, id=435, time=java.util.GregorianCalendar[time=1521606410456,areFieldsSet=true,areAllFieldsSet=true,lenient=true,zone=sun.util.calendar.ZoneInfo[id="Etc/UTC",offset=0,dstSavings=0,useDaylight=false,transitions=0,lastRule=null],firstDayOfWeek=1,minimalDaysInFirstWeek=1,ERA=1,YEAR=2018,MONTH=2,WEEK_OF_YEAR=12,WEEK_OF_MONTH=4,DAY_OF_MONTH=21,DAY_OF_YEAR=80,DAY_OF_WEEK=4,DAY_OF_WEEK_IN_MONTH=3,AM_PM=0,HOUR=4,HOUR_OF_DAY=4,MINUTE=26,SECOND=50,MILLISECOND=456,ZONE_OFFSET=0,DST_OFFSET=0], message=null}
04:26:50.459 [main] DEBUG org.hibernate.SQL - insert into LogEntries (logCode, message, primaryUser, secondaryUser, time, id) values (?, ?, ?, ?, ?, ?)
Hibernate: insert into LogEntries (logCode, message, primaryUser, secondaryUser, time, id) values (?, ?, ?, ?, ?, ?)
04:26:50.460 [main] DEBUG o.h.e.j.internal.JdbcCoordinatorImpl - HHH000420: Closing un-released batch
04:26:50.461 [main] DEBUG o.h.e.t.internal.TransactionImpl - begin
04:26:50.461 [main] DEBUG org.hibernate.SQL - select next_val as id_val from hibernate_sequence for update
Hibernate: select next_val as id_val from hibernate_sequence for update
04:26:50.462 [main] DEBUG org.hibernate.SQL - update hibernate_sequence set next_val= ? where next_val=?
Hibernate: update hibernate_sequence set next_val= ? where next_val=?
04:26:50.463 [main] DEBUG o.h.e.i.AbstractSaveEventListener - Generated identifier: 436, using strategy: org.hibernate.id.enhanced.SequenceStyleGenerator
04:26:50.463 [main] DEBUG o.h.e.t.internal.TransactionImpl - committing
04:26:50.464 [main] DEBUG o.h.e.i.AbstractFlushingEventListener - Processing flush-time cascades
04:26:50.464 [main] DEBUG o.h.e.i.AbstractFlushingEventListener - Dirty checking collections
04:26:50.464 [main] DEBUG o.h.e.i.AbstractFlushingEventListener - Flushed: 1 insertions, 0 updates, 0 deletions to 1 objects
04:26:50.464 [main] DEBUG o.h.e.i.AbstractFlushingEventListener - Flushed: 0 (re)creations, 0 updates, 0 removals to 0 collections
04:26:50.464 [main] DEBUG o.h.internal.util.EntityPrinter - Listing entities:
04:26:50.464 [main] DEBUG o.h.internal.util.EntityPrinter - edu.ncsu.csc.itrust2.models.persistent.LogEntry{secondaryUser=null, logCode=5, primaryUser=logapitest, id=436, time=java.util.GregorianCalendar[time=1521606410460,areFieldsSet=true,areAllFieldsSet=true,lenient=true,zone=sun.util.calendar.ZoneInfo[id="Etc/UTC",offset=0,dstSavings=0,useDaylight=false,transitions=0,lastRule=null],firstDayOfWeek=1,minimalDaysInFirstWeek=1,ERA=1,YEAR=2018,MONTH=2,WEEK_OF_YEAR=12,WEEK_OF_MONTH=4,DAY_OF_MONTH=21,DAY_OF_YEAR=80,DAY_OF_WEEK=4,DAY_OF_WEEK_IN_MONTH=3,AM_PM=0,HOUR=4,HOUR_OF_DAY=4,MINUTE=26,SECOND=50,MILLISECOND=460,ZONE_OFFSET=0,DST_OFFSET=0], message=null}
04:26:50.464 [main] DEBUG org.hibernate.SQL - insert into LogEntries (logCode, message, primaryUser, secondaryUser, time, id) values (?, ?, ?, ?, ?, ?)
Hibernate: insert into LogEntries (logCode, message, primaryUser, secondaryUser, time, id) values (?, ?, ?, ?, ?, ?)
04:26:50.467 [main] DEBUG o.h.e.j.internal.JdbcCoordinatorImpl - HHH000420: Closing un-released batch
04:26:50.467 [main] DEBUG o.h.e.t.internal.TransactionImpl - begin
04:26:50.468 [main] DEBUG org.hibernate.SQL - select next_val as id_val from hibernate_sequence for update
Hibernate: select next_val as id_val from hibernate_sequence for update
04:26:50.468 [main] DEBUG org.hibernate.SQL - update hibernate_sequence set next_val= ? where next_val=?
Hibernate: update hibernate_sequence set next_val= ? where next_val=?
04:26:50.470 [main] DEBUG o.h.e.i.AbstractSaveEventListener - Generated identifier: 437, using strategy: org.hibernate.id.enhanced.SequenceStyleGenerator
04:26:50.470 [main] DEBUG o.h.e.t.internal.TransactionImpl - committing
04:26:50.470 [main] DEBUG o.h.e.i.AbstractFlushingEventListener - Processing flush-time cascades
04:26:50.470 [main] DEBUG o.h.e.i.AbstractFlushingEventListener - Dirty checking collections
04:26:50.470 [main] DEBUG o.h.e.i.AbstractFlushingEventListener - Flushed: 1 insertions, 0 updates, 0 deletions to 1 objects
04:26:50.470 [main] DEBUG o.h.e.i.AbstractFlushingEventListener - Flushed: 0 (re)creations, 0 updates, 0 removals to 0 collections
04:26:50.470 [main] DEBUG o.h.internal.util.EntityPrinter - Listing entities:
04:26:50.470 [main] DEBUG o.h.internal.util.EntityPrinter - edu.ncsu.csc.itrust2.models.persistent.LogEntry{secondaryUser=null, logCode=5, primaryUser=logapitest, id=437, time=java.util.GregorianCalendar[time=1521606410467,areFieldsSet=true,areAllFieldsSet=true,lenient=true,zone=sun.util.calendar.ZoneInfo[id="Etc/UTC",offset=0,dstSavings=0,useDaylight=false,transitions=0,lastRule=null],firstDayOfWeek=1,minimalDaysInFirstWeek=1,ERA=1,YEAR=2018,MONTH=2,WEEK_OF_YEAR=12,WEEK_OF_MONTH=4,DAY_OF_MONTH=21,DAY_OF_YEAR=80,DAY_OF_WEEK=4,DAY_OF_WEEK_IN_MONTH=3,AM_PM=0,HOUR=4,HOUR_OF_DAY=4,MINUTE=26,SECOND=50,MILLISECOND=467,ZONE_OFFSET=0,DST_OFFSET=0], message=null}
04:26:50.470 [main] DEBUG org.hibernate.SQL - insert into LogEntries (logCode, message, primaryUser, secondaryUser, time, id) values (?, ?, ?, ?, ?, ?)
Hibernate: insert into LogEntries (logCode, message, primaryUser, secondaryUser, time, id) values (?, ?, ?, ?, ?, ?)
04:26:50.472 [main] DEBUG o.h.e.j.internal.JdbcCoordinatorImpl - HHH000420: Closing un-released batch
04:26:50.472 [main] DEBUG o.h.e.t.internal.TransactionImpl - begin
04:26:50.472 [main] DEBUG org.hibernate.SQL - select next_val as id_val from hibernate_sequence for update
Hibernate: select next_val as id_val from hibernate_sequence for update
04:26:50.473 [main] DEBUG org.hibernate.SQL - update hibernate_sequence set next_val= ? where next_val=?
Hibernate: update hibernate_sequence set next_val= ? where next_val=?
04:26:50.474 [main] DEBUG o.h.e.i.AbstractSaveEventListener - Generated identifier: 438, using strategy: org.hibernate.id.enhanced.SequenceStyleGenerator
04:26:50.474 [main] DEBUG o.h.e.t.internal.TransactionImpl - committing
04:26:50.474 [main] DEBUG o.h.e.i.AbstractFlushingEventListener - Processing flush-time cascades
04:26:50.474 [main] DEBUG o.h.e.i.AbstractFlushingEventListener - Dirty checking collections
04:26:50.474 [main] DEBUG o.h.e.i.AbstractFlushingEventListener - Flushed: 1 insertions, 0 updates, 0 deletions to 1 objects
04:26:50.475 [main] DEBUG o.h.e.i.AbstractFlushingEventListener - Flushed: 0 (re)creations, 0 updates, 0 removals to 0 collections
04:26:50.475 [main] DEBUG o.h.internal.util.EntityPrinter - Listing entities:
04:26:50.475 [main] DEBUG o.h.internal.util.EntityPrinter - edu.ncsu.csc.itrust2.models.persistent.LogEntry{secondaryUser=null, logCode=5, primaryUser=logapitest, id=438, time=java.util.GregorianCalendar[time=1521606410472,areFieldsSet=true,areAllFieldsSet=true,lenient=true,zone=sun.util.calendar.ZoneInfo[id="Etc/UTC",offset=0,dstSavings=0,useDaylight=false,transitions=0,lastRule=null],firstDayOfWeek=1,minimalDaysInFirstWeek=1,ERA=1,YEAR=2018,MONTH=2,WEEK_OF_YEAR=12,WEEK_OF_MONTH=4,DAY_OF_MONTH=21,DAY_OF_YEAR=80,DAY_OF_WEEK=4,DAY_OF_WEEK_IN_MONTH=3,AM_PM=0,HOUR=4,HOUR_OF_DAY=4,MINUTE=26,SECOND=50,MILLISECOND=472,ZONE_OFFSET=0,DST_OFFSET=0], message=null}
04:26:50.475 [main] DEBUG org.hibernate.SQL - insert into LogEntries (logCode, message, primaryUser, secondaryUser, time, id) values (?, ?, ?, ?, ?, ?)
Hibernate: insert into LogEntries (logCode, message, primaryUser, secondaryUser, time, id) values (?, ?, ?, ?, ?, ?)
04:26:50.476 [main] DEBUG o.h.e.j.internal.JdbcCoordinatorImpl - HHH000420: Closing un-released batch
04:26:50.476 [main] DEBUG o.h.e.t.internal.TransactionImpl - begin
04:26:50.477 [main] DEBUG org.hibernate.SQL - select next_val as id_val from hibernate_sequence for update
Hibernate: select next_val as id_val from hibernate_sequence for update
04:26:50.477 [main] DEBUG org.hibernate.SQL - update hibernate_sequence set next_val= ? where next_val=?
Hibernate: update hibernate_sequence set next_val= ? where next_val=?
04:26:50.478 [main] DEBUG o.h.e.i.AbstractSaveEventListener - Generated identifier: 439, using strategy: org.hibernate.id.enhanced.SequenceStyleGenerator
04:26:50.479 [main] DEBUG o.h.e.t.internal.TransactionImpl - committing
04:26:50.479 [main] DEBUG o.h.e.i.AbstractFlushingEventListener - Processing flush-time cascades
04:26:50.479 [main] DEBUG o.h.e.i.AbstractFlushingEventListener - Dirty checking collections
04:26:50.479 [main] DEBUG o.h.e.i.AbstractFlushingEventListener - Flushed: 1 insertions, 0 updates, 0 deletions to 1 objects
04:26:50.479 [main] DEBUG o.h.e.i.AbstractFlushingEventListener - Flushed: 0 (re)creations, 0 updates, 0 removals to 0 collections
04:26:50.479 [main] DEBUG o.h.internal.util.EntityPrinter - Listing entities:
04:26:50.479 [main] DEBUG o.h.internal.util.EntityPrinter - edu.ncsu.csc.itrust2.models.persistent.LogEntry{secondaryUser=null, logCode=5, primaryUser=logapitest, id=439, time=java.util.GregorianCalendar[time=1521606410476,areFieldsSet=true,areAllFieldsSet=true,lenient=true,zone=sun.util.calendar.ZoneInfo[id="Etc/UTC",offset=0,dstSavings=0,useDaylight=false,transitions=0,lastRule=null],firstDayOfWeek=1,minimalDaysInFirstWeek=1,ERA=1,YEAR=2018,MONTH=2,WEEK_OF_YEAR=12,WEEK_OF_MONTH=4,DAY_OF_MONTH=21,DAY_OF_YEAR=80,DAY_OF_WEEK=4,DAY_OF_WEEK_IN_MONTH=3,AM_PM=0,HOUR=4,HOUR_OF_DAY=4,MINUTE=26,SECOND=50,MILLISECOND=476,ZONE_OFFSET=0,DST_OFFSET=0], message=null}
04:26:50.481 [main] DEBUG org.hibernate.SQL - insert into LogEntries (logCode, message, primaryUser, secondaryUser, time, id) values (?, ?, ?, ?, ?, ?)
Hibernate: insert into LogEntries (logCode, message, primaryUser, secondaryUser, time, id) values (?, ?, ?, ?, ?, ?)
04:26:50.483 [main] DEBUG o.h.e.j.internal.JdbcCoordinatorImpl - HHH000420: Closing un-released batch
04:26:50.483 [main] DEBUG o.h.e.t.internal.TransactionImpl - begin
04:26:50.483 [main] DEBUG org.hibernate.SQL - select next_val as id_val from hibernate_sequence for update
Hibernate: select next_val as id_val from hibernate_sequence for update
04:26:50.484 [main] DEBUG org.hibernate.SQL - update hibernate_sequence set next_val= ? where next_val=?
Hibernate: update hibernate_sequence set next_val= ? where next_val=?
04:26:50.485 [main] DEBUG o.h.e.i.AbstractSaveEventListener - Generated identifier: 440, using strategy: org.hibernate.id.enhanced.SequenceStyleGenerator
04:26:50.486 [main] DEBUG o.h.e.t.internal.TransactionImpl - committing
04:26:50.486 [main] DEBUG o.h.e.i.AbstractFlushingEventListener - Processing flush-time cascades
04:26:50.486 [main] DEBUG o.h.e.i.AbstractFlushingEventListener - Dirty checking collections
04:26:50.486 [main] DEBUG o.h.e.i.AbstractFlushingEventListener - Flushed: 1 insertions, 0 updates, 0 deletions to 1 objects
04:26:50.486 [main] DEBUG o.h.e.i.AbstractFlushingEventListener - Flushed: 0 (re)creations, 0 updates, 0 removals to 0 collections
04:26:50.486 [main] DEBUG o.h.internal.util.EntityPrinter - Listing entities:
04:26:50.486 [main] DEBUG o.h.internal.util.EntityPrinter - edu.ncsu.csc.itrust2.models.persistent.LogEntry{secondaryUser=null, logCode=5, primaryUser=logapitest, id=440, time=java.util.GregorianCalendar[time=1521606410483,areFieldsSet=true,areAllFieldsSet=true,lenient=true,zone=sun.util.calendar.ZoneInfo[id="Etc/UTC",offset=0,dstSavings=0,useDaylight=false,transitions=0,lastRule=null],firstDayOfWeek=1,minimalDaysInFirstWeek=1,ERA=1,YEAR=2018,MONTH=2,WEEK_OF_YEAR=12,WEEK_OF_MONTH=4,DAY_OF_MONTH=21,DAY_OF_YEAR=80,DAY_OF_WEEK=4,DAY_OF_WEEK_IN_MONTH=3,AM_PM=0,HOUR=4,HOUR_OF_DAY=4,MINUTE=26,SECOND=50,MILLISECOND=483,ZONE_OFFSET=0,DST_OFFSET=0], message=null}
04:26:50.486 [main] DEBUG org.hibernate.SQL - insert into LogEntries (logCode, message, primaryUser, secondaryUser, time, id) values (?, ?, ?, ?, ?, ?)
Hibernate: insert into LogEntries (logCode, message, primaryUser, secondaryUser, time, id) values (?, ?, ?, ?, ?, ?)
04:26:50.487 [main] DEBUG o.h.e.j.internal.JdbcCoordinatorImpl - HHH000420: Closing un-released batch
04:26:50.488 [main] DEBUG o.h.e.t.internal.TransactionImpl - begin
04:26:50.488 [main] DEBUG org.hibernate.SQL - select next_val as id_val from hibernate_sequence for update
Hibernate: select next_val as id_val from hibernate_sequence for update
04:26:50.488 [main] DEBUG org.hibernate.SQL - update hibernate_sequence set next_val= ? where next_val=?
Hibernate: update hibernate_sequence set next_val= ? where next_val=?
04:26:50.490 [main] DEBUG o.h.e.i.AbstractSaveEventListener - Generated identifier: 441, using strategy: org.hibernate.id.enhanced.SequenceStyleGenerator
04:26:50.490 [main] DEBUG o.h.e.t.internal.TransactionImpl - committing
04:26:50.490 [main] DEBUG o.h.e.i.AbstractFlushingEventListener - Processing flush-time cascades
04:26:50.490 [main] DEBUG o.h.e.i.AbstractFlushingEventListener - Dirty checking collections
04:26:50.497 [main] DEBUG o.h.e.i.AbstractFlushingEventListener - Flushed: 1 insertions, 0 updates, 0 deletions to 1 objects
04:26:50.497 [main] DEBUG o.h.e.i.AbstractFlushingEventListener - Flushed: 0 (re)creations, 0 updates, 0 removals to 0 collections
04:26:50.497 [main] DEBUG o.h.internal.util.EntityPrinter - Listing entities:
04:26:50.497 [main] DEBUG o.h.internal.util.EntityPrinter - edu.ncsu.csc.itrust2.models.persistent.LogEntry{secondaryUser=null, logCode=5, primaryUser=logapitest, id=441, time=java.util.GregorianCalendar[time=1521606410487,areFieldsSet=true,areAllFieldsSet=true,lenient=true,zone=sun.util.calendar.ZoneInfo[id="Etc/UTC",offset=0,dstSavings=0,useDaylight=false,transitions=0,lastRule=null],firstDayOfWeek=1,minimalDaysInFirstWeek=1,ERA=1,YEAR=2018,MONTH=2,WEEK_OF_YEAR=12,WEEK_OF_MONTH=4,DAY_OF_MONTH=21,DAY_OF_YEAR=80,DAY_OF_WEEK=4,DAY_OF_WEEK_IN_MONTH=3,AM_PM=0,HOUR=4,HOUR_OF_DAY=4,MINUTE=26,SECOND=50,MILLISECOND=487,ZONE_OFFSET=0,DST_OFFSET=0], message=null}
04:26:50.497 [main] DEBUG org.hibernate.SQL - insert into LogEntries (logCode, message, primaryUser, secondaryUser, time, id) values (?, ?, ?, ?, ?, ?)
Hibernate: insert into LogEntries (logCode, message, primaryUser, secondaryUser, time, id) values (?, ?, ?, ?, ?, ?)
04:26:50.498 [main] DEBUG o.h.e.j.internal.JdbcCoordinatorImpl - HHH000420: Closing un-released batch
04:26:50.499 [main] DEBUG o.h.e.t.internal.TransactionImpl - begin
04:26:50.499 [main] DEBUG org.hibernate.SQL - select next_val as id_val from hibernate_sequence for update
Hibernate: select next_val as id_val from hibernate_sequence for update
04:26:50.500 [main] DEBUG org.hibernate.SQL - update hibernate_sequence set next_val= ? where next_val=?
Hibernate: update hibernate_sequence set next_val= ? where next_val=?
04:26:50.501 [main] DEBUG o.h.e.i.AbstractSaveEventListener - Generated identifier: 442, using strategy: org.hibernate.id.enhanced.SequenceStyleGenerator
04:26:50.501 [main] DEBUG o.h.e.t.internal.TransactionImpl - committing
04:26:50.501 [main] DEBUG o.h.e.i.AbstractFlushingEventListener - Processing flush-time cascades
04:26:50.501 [main] DEBUG o.h.e.i.AbstractFlushingEventListener - Dirty checking collections
04:26:50.501 [main] DEBUG o.h.e.i.AbstractFlushingEventListener - Flushed: 1 insertions, 0 updates, 0 deletions to 1 objects
04:26:50.502 [main] DEBUG o.h.e.i.AbstractFlushingEventListener - Flushed: 0 (re)creations, 0 updates, 0 removals to 0 collections
04:26:50.502 [main] DEBUG o.h.internal.util.EntityPrinter - Listing entities:
04:26:50.502 [main] DEBUG o.h.internal.util.EntityPrinter - edu.ncsu.csc.itrust2.models.persistent.LogEntry{secondaryUser=null, logCode=5, primaryUser=logapitest, id=442, time=java.util.GregorianCalendar[time=1521606410499,areFieldsSet=true,areAllFieldsSet=true,lenient=true,zone=sun.util.calendar.ZoneInfo[id="Etc/UTC",offset=0,dstSavings=0,useDaylight=false,transitions=0,lastRule=null],firstDayOfWeek=1,minimalDaysInFirstWeek=1,ERA=1,YEAR=2018,MONTH=2,WEEK_OF_YEAR=12,WEEK_OF_MONTH=4,DAY_OF_MONTH=21,DAY_OF_YEAR=80,DAY_OF_WEEK=4,DAY_OF_WEEK_IN_MONTH=3,AM_PM=0,HOUR=4,HOUR_OF_DAY=4,MINUTE=26,SECOND=50,MILLISECOND=499,ZONE_OFFSET=0,DST_OFFSET=0], message=null}
04:26:50.503 [main] DEBUG org.hibernate.SQL - insert into LogEntries (logCode, message, primaryUser, secondaryUser, time, id) values (?, ?, ?, ?, ?, ?)
Hibernate: insert into LogEntries (logCode, message, primaryUser, secondaryUser, time, id) values (?, ?, ?, ?, ?, ?)
04:26:50.504 [main] DEBUG o.h.e.j.internal.JdbcCoordinatorImpl - HHH000420: Closing un-released batch
04:26:50.504 [main] DEBUG o.h.e.t.internal.TransactionImpl - begin
04:26:50.505 [main] DEBUG org.hibernate.SQL - select next_val as id_val from hibernate_sequence for update
Hibernate: select next_val as id_val from hibernate_sequence for update
04:26:50.505 [main] DEBUG org.hibernate.SQL - update hibernate_sequence set next_val= ? where next_val=?
Hibernate: update hibernate_sequence set next_val= ? where next_val=?
04:26:50.507 [main] DEBUG o.h.e.i.AbstractSaveEventListener - Generated identifier: 443, using strategy: org.hibernate.id.enhanced.SequenceStyleGenerator
04:26:50.507 [main] DEBUG o.h.e.t.internal.TransactionImpl - committing
04:26:50.507 [main] DEBUG o.h.e.i.AbstractFlushingEventListener - Processing flush-time cascades
04:26:50.507 [main] DEBUG o.h.e.i.AbstractFlushingEventListener - Dirty checking collections
04:26:50.507 [main] DEBUG o.h.e.i.AbstractFlushingEventListener - Flushed: 1 insertions, 0 updates, 0 deletions to 1 objects
04:26:50.507 [main] DEBUG o.h.e.i.AbstractFlushingEventListener - Flushed: 0 (re)creations, 0 updates, 0 removals to 0 collections
04:26:50.507 [main] DEBUG o.h.internal.util.EntityPrinter - Listing entities:
04:26:50.507 [main] DEBUG o.h.internal.util.EntityPrinter - edu.ncsu.csc.itrust2.models.persistent.LogEntry{secondaryUser=null, logCode=5, primaryUser=logapitest, id=443, time=java.util.GregorianCalendar[time=1521606410504,areFieldsSet=true,areAllFieldsSet=true,lenient=true,zone=sun.util.calendar.ZoneInfo[id="Etc/UTC",offset=0,dstSavings=0,useDaylight=false,transitions=0,lastRule=null],firstDayOfWeek=1,minimalDaysInFirstWeek=1,ERA=1,YEAR=2018,MONTH=2,WEEK_OF_YEAR=12,WEEK_OF_MONTH=4,DAY_OF_MONTH=21,DAY_OF_YEAR=80,DAY_OF_WEEK=4,DAY_OF_WEEK_IN_MONTH=3,AM_PM=0,HOUR=4,HOUR_OF_DAY=4,MINUTE=26,SECOND=50,MILLISECOND=504,ZONE_OFFSET=0,DST_OFFSET=0], message=null}
04:26:50.507 [main] DEBUG org.hibernate.SQL - insert into LogEntries (logCode, message, primaryUser, secondaryUser, time, id) values (?, ?, ?, ?, ?, ?)
Hibernate: insert into LogEntries (logCode, message, primaryUser, secondaryUser, time, id) values (?, ?, ?, ?, ?, ?)
04:26:50.508 [main] DEBUG o.h.e.j.internal.JdbcCoordinatorImpl - HHH000420: Closing un-released batch
04:26:50.509 [main] DEBUG o.h.e.t.internal.TransactionImpl - begin
04:26:50.509 [main] DEBUG org.hibernate.SQL - select next_val as id_val from hibernate_sequence for update
Hibernate: select next_val as id_val from hibernate_sequence for update
04:26:50.510 [main] DEBUG org.hibernate.SQL - update hibernate_sequence set next_val= ? where next_val=?
Hibernate: update hibernate_sequence set next_val= ? where next_val=?
04:26:50.511 [main] DEBUG o.h.e.i.AbstractSaveEventListener - Generated identifier: 444, using strategy: org.hibernate.id.enhanced.SequenceStyleGenerator
04:26:50.511 [main] DEBUG o.h.e.t.internal.TransactionImpl - committing
04:26:50.511 [main] DEBUG o.h.e.i.AbstractFlushingEventListener - Processing flush-time cascades
04:26:50.511 [main] DEBUG o.h.e.i.AbstractFlushingEventListener - Dirty checking collections
04:26:50.512 [main] DEBUG o.h.e.i.AbstractFlushingEventListener - Flushed: 1 insertions, 0 updates, 0 deletions to 1 objects
04:26:50.512 [main] DEBUG o.h.e.i.AbstractFlushingEventListener - Flushed: 0 (re)creations, 0 updates, 0 removals to 0 collections
04:26:50.512 [main] DEBUG o.h.internal.util.EntityPrinter - Listing entities:
04:26:50.512 [main] DEBUG o.h.internal.util.EntityPrinter - edu.ncsu.csc.itrust2.models.persistent.LogEntry{secondaryUser=null, logCode=5, primaryUser=logapitest, id=444, time=java.util.GregorianCalendar[time=1521606410509,areFieldsSet=true,areAllFieldsSet=true,lenient=true,zone=sun.util.calendar.ZoneInfo[id="Etc/UTC",offset=0,dstSavings=0,useDaylight=false,transitions=0,lastRule=null],firstDayOfWeek=1,minimalDaysInFirstWeek=1,ERA=1,YEAR=2018,MONTH=2,WEEK_OF_YEAR=12,WEEK_OF_MONTH=4,DAY_OF_MONTH=21,DAY_OF_YEAR=80,DAY_OF_WEEK=4,DAY_OF_WEEK_IN_MONTH=3,AM_PM=0,HOUR=4,HOUR_OF_DAY=4,MINUTE=26,SECOND=50,MILLISECOND=509,ZONE_OFFSET=0,DST_OFFSET=0], message=null}
04:26:50.513 [main] DEBUG org.hibernate.SQL - insert into LogEntries (logCode, message, primaryUser, secondaryUser, time, id) values (?, ?, ?, ?, ?, ?)
Hibernate: insert into LogEntries (logCode, message, primaryUser, secondaryUser, time, id) values (?, ?, ?, ?, ?, ?)
04:26:50.514 [main] DEBUG o.h.e.j.internal.JdbcCoordinatorImpl - HHH000420: Closing un-released batch
04:26:50.515 [main] DEBUG o.h.e.t.internal.TransactionImpl - begin
04:26:50.516 [main] DEBUG org.hibernate.SQL - select next_val as id_val from hibernate_sequence for update
Hibernate: select next_val as id_val from hibernate_sequence for update
04:26:50.516 [main] DEBUG org.hibernate.SQL - update hibernate_sequence set next_val= ? where next_val=?
Hibernate: update hibernate_sequence set next_val= ? where next_val=?
04:26:50.517 [main] DEBUG o.h.e.i.AbstractSaveEventListener - Generated identifier: 445, using strategy: org.hibernate.id.enhanced.SequenceStyleGenerator
04:26:50.518 [main] DEBUG o.h.e.t.internal.TransactionImpl - committing
04:26:50.518 [main] DEBUG o.h.e.i.AbstractFlushingEventListener - Processing flush-time cascades
04:26:50.518 [main] DEBUG o.h.e.i.AbstractFlushingEventListener - Dirty checking collections
04:26:50.518 [main] DEBUG o.h.e.i.AbstractFlushingEventListener - Flushed: 1 insertions, 0 updates, 0 deletions to 1 objects
04:26:50.518 [main] DEBUG o.h.e.i.AbstractFlushingEventListener - Flushed: 0 (re)creations, 0 updates, 0 removals to 0 collections
04:26:50.518 [main] DEBUG o.h.internal.util.EntityPrinter - Listing entities:
04:26:50.518 [main] DEBUG o.h.internal.util.EntityPrinter - edu.ncsu.csc.itrust2.models.persistent.LogEntry{secondaryUser=null, logCode=5, primaryUser=logapitest, id=445, time=java.util.GregorianCalendar[time=1521606410515,areFieldsSet=true,areAllFieldsSet=true,lenient=true,zone=sun.util.calendar.ZoneInfo[id="Etc/UTC",offset=0,dstSavings=0,useDaylight=false,transitions=0,lastRule=null],firstDayOfWeek=1,minimalDaysInFirstWeek=1,ERA=1,YEAR=2018,MONTH=2,WEEK_OF_YEAR=12,WEEK_OF_MONTH=4,DAY_OF_MONTH=21,DAY_OF_YEAR=80,DAY_OF_WEEK=4,DAY_OF_WEEK_IN_MONTH=3,AM_PM=0,HOUR=4,HOUR_OF_DAY=4,MINUTE=26,SECOND=50,MILLISECOND=515,ZONE_OFFSET=0,DST_OFFSET=0], message=null}
04:26:50.518 [main] DEBUG org.hibernate.SQL - insert into LogEntries (logCode, message, primaryUser, secondaryUser, time, id) values (?, ?, ?, ?, ?, ?)
Hibernate: insert into LogEntries (logCode, message, primaryUser, secondaryUser, time, id) values (?, ?, ?, ?, ?, ?)
04:26:50.519 [main] DEBUG o.h.e.j.internal.JdbcCoordinatorImpl - HHH000420: Closing un-released batch
04:26:50.520 [main] DEBUG o.h.e.t.internal.TransactionImpl - begin
04:26:50.520 [main] DEBUG org.hibernate.SQL - select next_val as id_val from hibernate_sequence for update
Hibernate: select next_val as id_val from hibernate_sequence for update
04:26:50.521 [main] DEBUG org.hibernate.SQL - update hibernate_sequence set next_val= ? where next_val=?
Hibernate: update hibernate_sequence set next_val= ? where next_val=?
04:26:50.522 [main] DEBUG o.h.e.i.AbstractSaveEventListener - Generated identifier: 446, using strategy: org.hibernate.id.enhanced.SequenceStyleGenerator
04:26:50.522 [main] DEBUG o.h.e.t.internal.TransactionImpl - committing
04:26:50.522 [main] DEBUG o.h.e.i.AbstractFlushingEventListener - Processing flush-time cascades
04:26:50.522 [main] DEBUG o.h.e.i.AbstractFlushingEventListener - Dirty checking collections
04:26:50.522 [main] DEBUG o.h.e.i.AbstractFlushingEventListener - Flushed: 1 insertions, 0 updates, 0 deletions to 1 objects
04:26:50.522 [main] DEBUG o.h.e.i.AbstractFlushingEventListener - Flushed: 0 (re)creations, 0 updates, 0 removals to 0 collections
04:26:50.522 [main] DEBUG o.h.internal.util.EntityPrinter - Listing entities:
04:26:50.522 [main] DEBUG o.h.internal.util.EntityPrinter - edu.ncsu.csc.itrust2.models.persistent.LogEntry{secondaryUser=null, logCode=5, primaryUser=logapitest, id=446, time=java.util.GregorianCalendar[time=1521606410520,areFieldsSet=true,areAllFieldsSet=true,lenient=true,zone=sun.util.calendar.ZoneInfo[id="Etc/UTC",offset=0,dstSavings=0,useDaylight=false,transitions=0,lastRule=null],firstDayOfWeek=1,minimalDaysInFirstWeek=1,ERA=1,YEAR=2018,MONTH=2,WEEK_OF_YEAR=12,WEEK_OF_MONTH=4,DAY_OF_MONTH=21,DAY_OF_YEAR=80,DAY_OF_WEEK=4,DAY_OF_WEEK_IN_MONTH=3,AM_PM=0,HOUR=4,HOUR_OF_DAY=4,MINUTE=26,SECOND=50,MILLISECOND=520,ZONE_OFFSET=0,DST_OFFSET=0], message=null}
04:26:50.523 [main] DEBUG org.hibernate.SQL - insert into LogEntries (logCode, message, primaryUser, secondaryUser, time, id) values (?, ?, ?, ?, ?, ?)
Hibernate: insert into LogEntries (logCode, message, primaryUser, secondaryUser, time, id) values (?, ?, ?, ?, ?, ?)
04:26:50.524 [main] DEBUG o.h.e.j.internal.JdbcCoordinatorImpl - HHH000420: Closing un-released batch
04:26:50.524 [main] DEBUG o.h.e.t.internal.TransactionImpl - begin
04:26:50.524 [main] DEBUG org.hibernate.SQL - select next_val as id_val from hibernate_sequence for update
Hibernate: select next_val as id_val from hibernate_sequence for update
04:26:50.525 [main] DEBUG org.hibernate.SQL - update hibernate_sequence set next_val= ? where next_val=?
Hibernate: update hibernate_sequence set next_val= ? where next_val=?
04:26:50.526 [main] DEBUG o.h.e.i.AbstractSaveEventListener - Generated identifier: 447, using strategy: org.hibernate.id.enhanced.SequenceStyleGenerator
04:26:50.526 [main] DEBUG o.h.e.t.internal.TransactionImpl - committing
04:26:50.526 [main] DEBUG o.h.e.i.AbstractFlushingEventListener - Processing flush-time cascades
04:26:50.526 [main] DEBUG o.h.e.i.AbstractFlushingEventListener - Dirty checking collections
04:26:50.526 [main] DEBUG o.h.e.i.AbstractFlushingEventListener - Flushed: 1 insertions, 0 updates, 0 deletions to 1 objects
04:26:50.526 [main] DEBUG o.h.e.i.AbstractFlushingEventListener - Flushed: 0 (re)creations, 0 updates, 0 removals to 0 collections
04:26:50.526 [main] DEBUG o.h.internal.util.EntityPrinter - Listing entities:
04:26:50.527 [main] DEBUG o.h.internal.util.EntityPrinter - edu.ncsu.csc.itrust2.models.persistent.LogEntry{secondaryUser=null, logCode=5, primaryUser=logapitest, id=447, time=java.util.GregorianCalendar[time=1521606410524,areFieldsSet=true,areAllFieldsSet=true,lenient=true,zone=sun.util.calendar.ZoneInfo[id="Etc/UTC",offset=0,dstSavings=0,useDaylight=false,transitions=0,lastRule=null],firstDayOfWeek=1,minimalDaysInFirstWeek=1,ERA=1,YEAR=2018,MONTH=2,WEEK_OF_YEAR=12,WEEK_OF_MONTH=4,DAY_OF_MONTH=21,DAY_OF_YEAR=80,DAY_OF_WEEK=4,DAY_OF_WEEK_IN_MONTH=3,AM_PM=0,HOUR=4,HOUR_OF_DAY=4,MINUTE=26,SECOND=50,MILLISECOND=524,ZONE_OFFSET=0,DST_OFFSET=0], message=null}
04:26:50.532 [main] DEBUG org.hibernate.SQL - insert into LogEntries (logCode, message, primaryUser, secondaryUser, time, id) values (?, ?, ?, ?, ?, ?)
Hibernate: insert into LogEntries (logCode, message, primaryUser, secondaryUser, time, id) values (?, ?, ?, ?, ?, ?)
04:26:50.533 [main] DEBUG o.h.e.j.internal.JdbcCoordinatorImpl - HHH000420: Closing un-released batch
04:26:50.534 [main] DEBUG o.h.e.t.internal.TransactionImpl - begin
04:26:50.534 [main] DEBUG org.hibernate.SQL - select next_val as id_val from hibernate_sequence for update
Hibernate: select next_val as id_val from hibernate_sequence for update
04:26:50.534 [main] DEBUG org.hibernate.SQL - update hibernate_sequence set next_val= ? where next_val=?
Hibernate: update hibernate_sequence set next_val= ? where next_val=?
04:26:50.535 [main] DEBUG o.h.e.i.AbstractSaveEventListener - Generated identifier: 448, using strategy: org.hibernate.id.enhanced.SequenceStyleGenerator
04:26:50.535 [main] DEBUG o.h.e.t.internal.TransactionImpl - committing
04:26:50.536 [main] DEBUG o.h.e.i.AbstractFlushingEventListener - Processing flush-time cascades
04:26:50.536 [main] DEBUG o.h.e.i.AbstractFlushingEventListener - Dirty checking collections
04:26:50.536 [main] DEBUG o.h.e.i.AbstractFlushingEventListener - Flushed: 1 insertions, 0 updates, 0 deletions to 1 objects
04:26:50.536 [main] DEBUG o.h.e.i.AbstractFlushingEventListener - Flushed: 0 (re)creations, 0 updates, 0 removals to 0 collections
04:26:50.536 [main] DEBUG o.h.internal.util.EntityPrinter - Listing entities:
04:26:50.536 [main] DEBUG o.h.internal.util.EntityPrinter - edu.ncsu.csc.itrust2.models.persistent.LogEntry{secondaryUser=null, logCode=5, primaryUser=logapitest, id=448, time=java.util.GregorianCalendar[time=1521606410534,areFieldsSet=true,areAllFieldsSet=true,lenient=true,zone=sun.util.calendar.ZoneInfo[id="Etc/UTC",offset=0,dstSavings=0,useDaylight=false,transitions=0,lastRule=null],firstDayOfWeek=1,minimalDaysInFirstWeek=1,ERA=1,YEAR=2018,MONTH=2,WEEK_OF_YEAR=12,WEEK_OF_MONTH=4,DAY_OF_MONTH=21,DAY_OF_YEAR=80,DAY_OF_WEEK=4,DAY_OF_WEEK_IN_MONTH=3,AM_PM=0,HOUR=4,HOUR_OF_DAY=4,MINUTE=26,SECOND=50,MILLISECOND=534,ZONE_OFFSET=0,DST_OFFSET=0], message=null}
04:26:50.536 [main] DEBUG org.hibernate.SQL - insert into LogEntries (logCode, message, primaryUser, secondaryUser, time, id) values (?, ?, ?, ?, ?, ?)
Hibernate: insert into LogEntries (logCode, message, primaryUser, secondaryUser, time, id) values (?, ?, ?, ?, ?, ?)
04:26:50.537 [main] DEBUG o.h.e.j.internal.JdbcCoordinatorImpl - HHH000420: Closing un-released batch
04:26:50.537 [main] DEBUG o.h.e.t.internal.TransactionImpl - begin
04:26:50.538 [main] DEBUG org.hibernate.SQL - select next_val as id_val from hibernate_sequence for update
Hibernate: select next_val as id_val from hibernate_sequence for update
04:26:50.538 [main] DEBUG org.hibernate.SQL - update hibernate_sequence set next_val= ? where next_val=?
Hibernate: update hibernate_sequence set next_val= ? where next_val=?
04:26:50.539 [main] DEBUG o.h.e.i.AbstractSaveEventListener - Generated identifier: 449, using strategy: org.hibernate.id.enhanced.SequenceStyleGenerator
04:26:50.539 [main] DEBUG o.h.e.t.internal.TransactionImpl - committing
04:26:50.539 [main] DEBUG o.h.e.i.AbstractFlushingEventListener - Processing flush-time cascades
04:26:50.539 [main] DEBUG o.h.e.i.AbstractFlushingEventListener - Dirty checking collections
04:26:50.539 [main] DEBUG o.h.e.i.AbstractFlushingEventListener - Flushed: 1 insertions, 0 updates, 0 deletions to 1 objects
04:26:50.540 [main] DEBUG o.h.e.i.AbstractFlushingEventListener - Flushed: 0 (re)creations, 0 updates, 0 removals to 0 collections
04:26:50.540 [main] DEBUG o.h.internal.util.EntityPrinter - Listing entities:
04:26:50.540 [main] DEBUG o.h.internal.util.EntityPrinter - edu.ncsu.csc.itrust2.models.persistent.LogEntry{secondaryUser=null, logCode=5, primaryUser=logapitest, id=449, time=java.util.GregorianCalendar[time=1521606410537,areFieldsSet=true,areAllFieldsSet=true,lenient=true,zone=sun.util.calendar.ZoneInfo[id="Etc/UTC",offset=0,dstSavings=0,useDaylight=false,transitions=0,lastRule=null],firstDayOfWeek=1,minimalDaysInFirstWeek=1,ERA=1,YEAR=2018,MONTH=2,WEEK_OF_YEAR=12,WEEK_OF_MONTH=4,DAY_OF_MONTH=21,DAY_OF_YEAR=80,DAY_OF_WEEK=4,DAY_OF_WEEK_IN_MONTH=3,AM_PM=0,HOUR=4,HOUR_OF_DAY=4,MINUTE=26,SECOND=50,MILLISECOND=537,ZONE_OFFSET=0,DST_OFFSET=0], message=null}
04:26:50.541 [main] DEBUG org.hibernate.SQL - insert into LogEntries (logCode, message, primaryUser, secondaryUser, time, id) values (?, ?, ?, ?, ?, ?)
Hibernate: insert into LogEntries (logCode, message, primaryUser, secondaryUser, time, id) values (?, ?, ?, ?, ?, ?)
04:26:50.543 [main] DEBUG o.h.e.j.internal.JdbcCoordinatorImpl - HHH000420: Closing un-released batch
04:26:50.543 [main] DEBUG o.h.e.t.internal.TransactionImpl - begin
04:26:50.543 [main] DEBUG org.hibernate.SQL - select next_val as id_val from hibernate_sequence for update
Hibernate: select next_val as id_val from hibernate_sequence for update
04:26:50.544 [main] DEBUG org.hibernate.SQL - update hibernate_sequence set next_val= ? where next_val=?
Hibernate: update hibernate_sequence set next_val= ? where next_val=?
04:26:50.545 [main] DEBUG o.h.e.i.AbstractSaveEventListener - Generated identifier: 450, using strategy: org.hibernate.id.enhanced.SequenceStyleGenerator
04:26:50.545 [main] DEBUG o.h.e.t.internal.TransactionImpl - committing
04:26:50.545 [main] DEBUG o.h.e.i.AbstractFlushingEventListener - Processing flush-time cascades
04:26:50.545 [main] DEBUG o.h.e.i.AbstractFlushingEventListener - Dirty checking collections
04:26:50.545 [main] DEBUG o.h.e.i.AbstractFlushingEventListener - Flushed: 1 insertions, 0 updates, 0 deletions to 1 objects
04:26:50.545 [main] DEBUG o.h.e.i.AbstractFlushingEventListener - Flushed: 0 (re)creations, 0 updates, 0 removals to 0 collections
04:26:50.545 [main] DEBUG o.h.internal.util.EntityPrinter - Listing entities:
04:26:50.545 [main] DEBUG o.h.internal.util.EntityPrinter - edu.ncsu.csc.itrust2.models.persistent.LogEntry{secondaryUser=null, logCode=5, primaryUser=logapitest, id=450, time=java.util.GregorianCalendar[time=1521606410543,areFieldsSet=true,areAllFieldsSet=true,lenient=true,zone=sun.util.calendar.ZoneInfo[id="Etc/UTC",offset=0,dstSavings=0,useDaylight=false,transitions=0,lastRule=null],firstDayOfWeek=1,minimalDaysInFirstWeek=1,ERA=1,YEAR=2018,MONTH=2,WEEK_OF_YEAR=12,WEEK_OF_MONTH=4,DAY_OF_MONTH=21,DAY_OF_YEAR=80,DAY_OF_WEEK=4,DAY_OF_WEEK_IN_MONTH=3,AM_PM=0,HOUR=4,HOUR_OF_DAY=4,MINUTE=26,SECOND=50,MILLISECOND=543,ZONE_OFFSET=0,DST_OFFSET=0], message=null}
04:26:50.553 [main] DEBUG org.hibernate.SQL - insert into LogEntries (logCode, message, primaryUser, secondaryUser, time, id) values (?, ?, ?, ?, ?, ?)
Hibernate: insert into LogEntries (logCode, message, primaryUser, secondaryUser, time, id) values (?, ?, ?, ?, ?, ?)
04:26:50.556 [main] DEBUG o.h.e.j.internal.JdbcCoordinatorImpl - HHH000420: Closing un-released batch
04:26:50.557 [main] DEBUG o.h.e.t.internal.TransactionImpl - begin
04:26:50.557 [main] DEBUG org.hibernate.SQL - select next_val as id_val from hibernate_sequence for update
Hibernate: select next_val as id_val from hibernate_sequence for update
04:26:50.557 [main] DEBUG org.hibernate.SQL - update hibernate_sequence set next_val= ? where next_val=?
Hibernate: update hibernate_sequence set next_val= ? where next_val=?
04:26:50.558 [main] DEBUG o.h.e.i.AbstractSaveEventListener - Generated identifier: 451, using strategy: org.hibernate.id.enhanced.SequenceStyleGenerator
04:26:50.559 [main] DEBUG o.h.e.t.internal.TransactionImpl - committing
04:26:50.559 [main] DEBUG o.h.e.i.AbstractFlushingEventListener - Processing flush-time cascades
04:26:50.559 [main] DEBUG o.h.e.i.AbstractFlushingEventListener - Dirty checking collections
04:26:50.559 [main] DEBUG o.h.e.i.AbstractFlushingEventListener - Flushed: 1 insertions, 0 updates, 0 deletions to 1 objects
04:26:50.559 [main] DEBUG o.h.e.i.AbstractFlushingEventListener - Flushed: 0 (re)creations, 0 updates, 0 removals to 0 collections
04:26:50.559 [main] DEBUG o.h.internal.util.EntityPrinter - Listing entities:
04:26:50.559 [main] DEBUG o.h.internal.util.EntityPrinter - edu.ncsu.csc.itrust2.models.persistent.LogEntry{secondaryUser=null, logCode=5, primaryUser=logapitest, id=451, time=java.util.GregorianCalendar[time=1521606410556,areFieldsSet=true,areAllFieldsSet=true,lenient=true,zone=sun.util.calendar.ZoneInfo[id="Etc/UTC",offset=0,dstSavings=0,useDaylight=false,transitions=0,lastRule=null],firstDayOfWeek=1,minimalDaysInFirstWeek=1,ERA=1,YEAR=2018,MONTH=2,WEEK_OF_YEAR=12,WEEK_OF_MONTH=4,DAY_OF_MONTH=21,DAY_OF_YEAR=80,DAY_OF_WEEK=4,DAY_OF_WEEK_IN_MONTH=3,AM_PM=0,HOUR=4,HOUR_OF_DAY=4,MINUTE=26,SECOND=50,MILLISECOND=556,ZONE_OFFSET=0,DST_OFFSET=0], message=null}
04:26:50.559 [main] DEBUG org.hibernate.SQL - insert into LogEntries (logCode, message, primaryUser, secondaryUser, time, id) values (?, ?, ?, ?, ?, ?)
Hibernate: insert into LogEntries (logCode, message, primaryUser, secondaryUser, time, id) values (?, ?, ?, ?, ?, ?)
04:26:50.562 [main] DEBUG o.h.e.j.internal.JdbcCoordinatorImpl - HHH000420: Closing un-released batch
04:26:50.562 [main] DEBUG o.h.e.t.internal.TransactionImpl - begin
04:26:50.563 [main] DEBUG org.hibernate.SQL - select next_val as id_val from hibernate_sequence for update
Hibernate: select next_val as id_val from hibernate_sequence for update
04:26:50.563 [main] DEBUG org.hibernate.SQL - update hibernate_sequence set next_val= ? where next_val=?
Hibernate: update hibernate_sequence set next_val= ? where next_val=?
04:26:50.564 [main] DEBUG o.h.e.i.AbstractSaveEventListener - Generated identifier: 452, using strategy: org.hibernate.id.enhanced.SequenceStyleGenerator
04:26:50.564 [main] DEBUG o.h.e.t.internal.TransactionImpl - committing
04:26:50.564 [main] DEBUG o.h.e.i.AbstractFlushingEventListener - Processing flush-time cascades
04:26:50.564 [main] DEBUG o.h.e.i.AbstractFlushingEventListener - Dirty checking collections
04:26:50.564 [main] DEBUG o.h.e.i.AbstractFlushingEventListener - Flushed: 1 insertions, 0 updates, 0 deletions to 1 objects
04:26:50.564 [main] DEBUG o.h.e.i.AbstractFlushingEventListener - Flushed: 0 (re)creations, 0 updates, 0 removals to 0 collections
04:26:50.564 [main] DEBUG o.h.internal.util.EntityPrinter - Listing entities:
04:26:50.564 [main] DEBUG o.h.internal.util.EntityPrinter - edu.ncsu.csc.itrust2.models.persistent.LogEntry{secondaryUser=null, logCode=5, primaryUser=logapitest, id=452, time=java.util.GregorianCalendar[time=1521606410562,areFieldsSet=true,areAllFieldsSet=true,lenient=true,zone=sun.util.calendar.ZoneInfo[id="Etc/UTC",offset=0,dstSavings=0,useDaylight=false,transitions=0,lastRule=null],firstDayOfWeek=1,minimalDaysInFirstWeek=1,ERA=1,YEAR=2018,MONTH=2,WEEK_OF_YEAR=12,WEEK_OF_MONTH=4,DAY_OF_MONTH=21,DAY_OF_YEAR=80,DAY_OF_WEEK=4,DAY_OF_WEEK_IN_MONTH=3,AM_PM=0,HOUR=4,HOUR_OF_DAY=4,MINUTE=26,SECOND=50,MILLISECOND=562,ZONE_OFFSET=0,DST_OFFSET=0], message=null}
04:26:50.564 [main] DEBUG org.hibernate.SQL - insert into LogEntries (logCode, message, primaryUser, secondaryUser, time, id) values (?, ?, ?, ?, ?, ?)
Hibernate: insert into LogEntries (logCode, message, primaryUser, secondaryUser, time, id) values (?, ?, ?, ?, ?, ?)
04:26:50.566 [main] DEBUG o.h.e.j.internal.JdbcCoordinatorImpl - HHH000420: Closing un-released batch
04:26:50.567 [main] DEBUG o.h.e.t.internal.TransactionImpl - begin
04:26:50.567 [main] DEBUG org.hibernate.SQL - select next_val as id_val from hibernate_sequence for update
Hibernate: select next_val as id_val from hibernate_sequence for update
04:26:50.568 [main] DEBUG org.hibernate.SQL - update hibernate_sequence set next_val= ? where next_val=?
Hibernate: update hibernate_sequence set next_val= ? where next_val=?
04:26:50.569 [main] DEBUG o.h.e.i.AbstractSaveEventListener - Generated identifier: 453, using strategy: org.hibernate.id.enhanced.SequenceStyleGenerator
04:26:50.570 [main] DEBUG o.h.e.t.internal.TransactionImpl - committing
04:26:50.570 [main] DEBUG o.h.e.i.AbstractFlushingEventListener - Processing flush-time cascades
04:26:50.570 [main] DEBUG o.h.e.i.AbstractFlushingEventListener - Dirty checking collections
04:26:50.570 [main] DEBUG o.h.e.i.AbstractFlushingEventListener - Flushed: 1 insertions, 0 updates, 0 deletions to 1 objects
04:26:50.570 [main] DEBUG o.h.e.i.AbstractFlushingEventListener - Flushed: 0 (re)creations, 0 updates, 0 removals to 0 collections
04:26:50.570 [main] DEBUG o.h.internal.util.EntityPrinter - Listing entities:
04:26:50.570 [main] DEBUG o.h.internal.util.EntityPrinter - edu.ncsu.csc.itrust2.models.persistent.LogEntry{secondaryUser=null, logCode=5, primaryUser=logapitest, id=453, time=java.util.GregorianCalendar[time=1521606410567,areFieldsSet=true,areAllFieldsSet=true,lenient=true,zone=sun.util.calendar.ZoneInfo[id="Etc/UTC",offset=0,dstSavings=0,useDaylight=false,transitions=0,lastRule=null],firstDayOfWeek=1,minimalDaysInFirstWeek=1,ERA=1,YEAR=2018,MONTH=2,WEEK_OF_YEAR=12,WEEK_OF_MONTH=4,DAY_OF_MONTH=21,DAY_OF_YEAR=80,DAY_OF_WEEK=4,DAY_OF_WEEK_IN_MONTH=3,AM_PM=0,HOUR=4,HOUR_OF_DAY=4,MINUTE=26,SECOND=50,MILLISECOND=567,ZONE_OFFSET=0,DST_OFFSET=0], message=null}
04:26:50.570 [main] DEBUG org.hibernate.SQL - insert into LogEntries (logCode, message, primaryUser, secondaryUser, time, id) values (?, ?, ?, ?, ?, ?)
Hibernate: insert into LogEntries (logCode, message, primaryUser, secondaryUser, time, id) values (?, ?, ?, ?, ?, ?)
04:26:50.572 [main] DEBUG o.h.e.j.internal.JdbcCoordinatorImpl - HHH000420: Closing un-released batch
04:26:50.572 [main] DEBUG o.h.e.t.internal.TransactionImpl - begin
04:26:50.573 [main] DEBUG org.hibernate.SQL - select next_val as id_val from hibernate_sequence for update
Hibernate: select next_val as id_val from hibernate_sequence for update
04:26:50.573 [main] DEBUG org.hibernate.SQL - update hibernate_sequence set next_val= ? where next_val=?
Hibernate: update hibernate_sequence set next_val= ? where next_val=?
04:26:50.574 [main] DEBUG o.h.e.i.AbstractSaveEventListener - Generated identifier: 454, using strategy: org.hibernate.id.enhanced.SequenceStyleGenerator
04:26:50.575 [main] DEBUG o.h.e.t.internal.TransactionImpl - committing
04:26:50.575 [main] DEBUG o.h.e.i.AbstractFlushingEventListener - Processing flush-time cascades
04:26:50.575 [main] DEBUG o.h.e.i.AbstractFlushingEventListener - Dirty checking collections
04:26:50.575 [main] DEBUG o.h.e.i.AbstractFlushingEventListener - Flushed: 1 insertions, 0 updates, 0 deletions to 1 objects
04:26:50.575 [main] DEBUG o.h.e.i.AbstractFlushingEventListener - Flushed: 0 (re)creations, 0 updates, 0 removals to 0 collections
04:26:50.575 [main] DEBUG o.h.internal.util.EntityPrinter - Listing entities:
04:26:50.575 [main] DEBUG o.h.internal.util.EntityPrinter - edu.ncsu.csc.itrust2.models.persistent.LogEntry{secondaryUser=null, logCode=5, primaryUser=logapitest, id=454, time=java.util.GregorianCalendar[time=1521606410572,areFieldsSet=true,areAllFieldsSet=true,lenient=true,zone=sun.util.calendar.ZoneInfo[id="Etc/UTC",offset=0,dstSavings=0,useDaylight=false,transitions=0,lastRule=null],firstDayOfWeek=1,minimalDaysInFirstWeek=1,ERA=1,YEAR=2018,MONTH=2,WEEK_OF_YEAR=12,WEEK_OF_MONTH=4,DAY_OF_MONTH=21,DAY_OF_YEAR=80,DAY_OF_WEEK=4,DAY_OF_WEEK_IN_MONTH=3,AM_PM=0,HOUR=4,HOUR_OF_DAY=4,MINUTE=26,SECOND=50,MILLISECOND=572,ZONE_OFFSET=0,DST_OFFSET=0], message=null}
04:26:50.576 [main] DEBUG org.hibernate.SQL - insert into LogEntries (logCode, message, primaryUser, secondaryUser, time, id) values (?, ?, ?, ?, ?, ?)
Hibernate: insert into LogEntries (logCode, message, primaryUser, secondaryUser, time, id) values (?, ?, ?, ?, ?, ?)
04:26:50.578 [main] DEBUG o.h.e.j.internal.JdbcCoordinatorImpl - HHH000420: Closing un-released batch
04:26:50.578 [main] DEBUG o.h.e.t.internal.TransactionImpl - begin
04:26:50.578 [main] DEBUG org.hibernate.SQL - select next_val as id_val from hibernate_sequence for update
Hibernate: select next_val as id_val from hibernate_sequence for update
04:26:50.579 [main] DEBUG org.hibernate.SQL - update hibernate_sequence set next_val= ? where next_val=?
Hibernate: update hibernate_sequence set next_val= ? where next_val=?
04:26:50.580 [main] DEBUG o.h.e.i.AbstractSaveEventListener - Generated identifier: 455, using strategy: org.hibernate.id.enhanced.SequenceStyleGenerator
04:26:50.580 [main] DEBUG o.h.e.t.internal.TransactionImpl - committing
04:26:50.580 [main] DEBUG o.h.e.i.AbstractFlushingEventListener - Processing flush-time cascades
04:26:50.581 [main] DEBUG o.h.e.i.AbstractFlushingEventListener - Dirty checking collections
04:26:50.581 [main] DEBUG o.h.e.i.AbstractFlushingEventListener - Flushed: 1 insertions, 0 updates, 0 deletions to 1 objects
04:26:50.581 [main] DEBUG o.h.e.i.AbstractFlushingEventListener - Flushed: 0 (re)creations, 0 updates, 0 removals to 0 collections
04:26:50.581 [main] DEBUG o.h.internal.util.EntityPrinter - Listing entities:
04:26:50.581 [main] DEBUG o.h.internal.util.EntityPrinter - edu.ncsu.csc.itrust2.models.persistent.LogEntry{secondaryUser=null, logCode=5, primaryUser=logapitest, id=455, time=java.util.GregorianCalendar[time=1521606410578,areFieldsSet=true,areAllFieldsSet=true,lenient=true,zone=sun.util.calendar.ZoneInfo[id="Etc/UTC",offset=0,dstSavings=0,useDaylight=false,transitions=0,lastRule=null],firstDayOfWeek=1,minimalDaysInFirstWeek=1,ERA=1,YEAR=2018,MONTH=2,WEEK_OF_YEAR=12,WEEK_OF_MONTH=4,DAY_OF_MONTH=21,DAY_OF_YEAR=80,DAY_OF_WEEK=4,DAY_OF_WEEK_IN_MONTH=3,AM_PM=0,HOUR=4,HOUR_OF_DAY=4,MINUTE=26,SECOND=50,MILLISECOND=578,ZONE_OFFSET=0,DST_OFFSET=0], message=null}
04:26:50.582 [main] DEBUG org.hibernate.SQL - insert into LogEntries (logCode, message, primaryUser, secondaryUser, time, id) values (?, ?, ?, ?, ?, ?)
Hibernate: insert into LogEntries (logCode, message, primaryUser, secondaryUser, time, id) values (?, ?, ?, ?, ?, ?)
04:26:50.584 [main] DEBUG o.h.e.j.internal.JdbcCoordinatorImpl - HHH000420: Closing un-released batch
04:26:50.584 [main] DEBUG o.h.e.t.internal.TransactionImpl - begin
04:26:50.585 [main] DEBUG org.hibernate.SQL - select next_val as id_val from hibernate_sequence for update
Hibernate: select next_val as id_val from hibernate_sequence for update
04:26:50.585 [main] DEBUG org.hibernate.SQL - update hibernate_sequence set next_val= ? where next_val=?
Hibernate: update hibernate_sequence set next_val= ? where next_val=?
04:26:50.587 [main] DEBUG o.h.e.i.AbstractSaveEventListener - Generated identifier: 456, using strategy: org.hibernate.id.enhanced.SequenceStyleGenerator
04:26:50.588 [main] DEBUG o.h.e.t.internal.TransactionImpl - committing
04:26:50.588 [main] DEBUG o.h.e.i.AbstractFlushingEventListener - Processing flush-time cascades
04:26:50.588 [main] DEBUG o.h.e.i.AbstractFlushingEventListener - Dirty checking collections
04:26:50.588 [main] DEBUG o.h.e.i.AbstractFlushingEventListener - Flushed: 1 insertions, 0 updates, 0 deletions to 1 objects
04:26:50.588 [main] DEBUG o.h.e.i.AbstractFlushingEventListener - Flushed: 0 (re)creations, 0 updates, 0 removals to 0 collections
04:26:50.588 [main] DEBUG o.h.internal.util.EntityPrinter - Listing entities:
04:26:50.588 [main] DEBUG o.h.internal.util.EntityPrinter - edu.ncsu.csc.itrust2.models.persistent.LogEntry{secondaryUser=null, logCode=5, primaryUser=logapitest, id=456, time=java.util.GregorianCalendar[time=1521606410584,areFieldsSet=true,areAllFieldsSet=true,lenient=true,zone=sun.util.calendar.ZoneInfo[id="Etc/UTC",offset=0,dstSavings=0,useDaylight=false,transitions=0,lastRule=null],firstDayOfWeek=1,minimalDaysInFirstWeek=1,ERA=1,YEAR=2018,MONTH=2,WEEK_OF_YEAR=12,WEEK_OF_MONTH=4,DAY_OF_MONTH=21,DAY_OF_YEAR=80,DAY_OF_WEEK=4,DAY_OF_WEEK_IN_MONTH=3,AM_PM=0,HOUR=4,HOUR_OF_DAY=4,MINUTE=26,SECOND=50,MILLISECOND=584,ZONE_OFFSET=0,DST_OFFSET=0], message=null}
04:26:50.589 [main] DEBUG org.hibernate.SQL - insert into LogEntries (logCode, message, primaryUser, secondaryUser, time, id) values (?, ?, ?, ?, ?, ?)
Hibernate: insert into LogEntries (logCode, message, primaryUser, secondaryUser, time, id) values (?, ?, ?, ?, ?, ?)
04:26:50.590 [main] DEBUG o.h.e.j.internal.JdbcCoordinatorImpl - HHH000420: Closing un-released batch
04:26:50.590 [main] DEBUG o.h.e.t.internal.TransactionImpl - begin
04:26:50.591 [main] DEBUG org.hibernate.SQL - select next_val as id_val from hibernate_sequence for update
Hibernate: select next_val as id_val from hibernate_sequence for update
04:26:50.591 [main] DEBUG org.hibernate.SQL - update hibernate_sequence set next_val= ? where next_val=?
Hibernate: update hibernate_sequence set next_val= ? where next_val=?
04:26:50.592 [main] DEBUG o.h.e.i.AbstractSaveEventListener - Generated identifier: 457, using strategy: org.hibernate.id.enhanced.SequenceStyleGenerator
04:26:50.592 [main] DEBUG o.h.e.t.internal.TransactionImpl - committing
04:26:50.593 [main] DEBUG o.h.e.i.AbstractFlushingEventListener - Processing flush-time cascades
04:26:50.593 [main] DEBUG o.h.e.i.AbstractFlushingEventListener - Dirty checking collections
04:26:50.593 [main] DEBUG o.h.e.i.AbstractFlushingEventListener - Flushed: 1 insertions, 0 updates, 0 deletions to 1 objects
04:26:50.593 [main] DEBUG o.h.e.i.AbstractFlushingEventListener - Flushed: 0 (re)creations, 0 updates, 0 removals to 0 collections
04:26:50.594 [main] DEBUG o.h.internal.util.EntityPrinter - Listing entities:
04:26:50.594 [main] DEBUG o.h.internal.util.EntityPrinter - edu.ncsu.csc.itrust2.models.persistent.LogEntry{secondaryUser=null, logCode=5, primaryUser=logapitest, id=457, time=java.util.GregorianCalendar[time=1521606410590,areFieldsSet=true,areAllFieldsSet=true,lenient=true,zone=sun.util.calendar.ZoneInfo[id="Etc/UTC",offset=0,dstSavings=0,useDaylight=false,transitions=0,lastRule=null],firstDayOfWeek=1,minimalDaysInFirstWeek=1,ERA=1,YEAR=2018,MONTH=2,WEEK_OF_YEAR=12,WEEK_OF_MONTH=4,DAY_OF_MONTH=21,DAY_OF_YEAR=80,DAY_OF_WEEK=4,DAY_OF_WEEK_IN_MONTH=3,AM_PM=0,HOUR=4,HOUR_OF_DAY=4,MINUTE=26,SECOND=50,MILLISECOND=590,ZONE_OFFSET=0,DST_OFFSET=0], message=null}
04:26:50.594 [main] DEBUG org.hibernate.SQL - insert into LogEntries (logCode, message, primaryUser, secondaryUser, time, id) values (?, ?, ?, ?, ?, ?)
Hibernate: insert into LogEntries (logCode, message, primaryUser, secondaryUser, time, id) values (?, ?, ?, ?, ?, ?)
04:26:50.596 [main] DEBUG o.h.e.j.internal.JdbcCoordinatorImpl - HHH000420: Closing un-released batch
04:26:50.597 [main] DEBUG o.h.e.t.internal.TransactionImpl - begin
04:26:50.597 [main] DEBUG org.hibernate.SQL - select next_val as id_val from hibernate_sequence for update
Hibernate: select next_val as id_val from hibernate_sequence for update
04:26:50.597 [main] DEBUG org.hibernate.SQL - update hibernate_sequence set next_val= ? where next_val=?
Hibernate: update hibernate_sequence set next_val= ? where next_val=?
04:26:50.599 [main] DEBUG o.h.e.i.AbstractSaveEventListener - Generated identifier: 458, using strategy: org.hibernate.id.enhanced.SequenceStyleGenerator
04:26:50.599 [main] DEBUG o.h.e.t.internal.TransactionImpl - committing
04:26:50.599 [main] DEBUG o.h.e.i.AbstractFlushingEventListener - Processing flush-time cascades
04:26:50.599 [main] DEBUG o.h.e.i.AbstractFlushingEventListener - Dirty checking collections
04:26:50.599 [main] DEBUG o.h.e.i.AbstractFlushingEventListener - Flushed: 1 insertions, 0 updates, 0 deletions to 1 objects
04:26:50.599 [main] DEBUG o.h.e.i.AbstractFlushingEventListener - Flushed: 0 (re)creations, 0 updates, 0 removals to 0 collections
04:26:50.599 [main] DEBUG o.h.internal.util.EntityPrinter - Listing entities:
04:26:50.599 [main] DEBUG o.h.internal.util.EntityPrinter - edu.ncsu.csc.itrust2.models.persistent.LogEntry{secondaryUser=null, logCode=5, primaryUser=logapitest, id=458, time=java.util.GregorianCalendar[time=1521606410596,areFieldsSet=true,areAllFieldsSet=true,lenient=true,zone=sun.util.calendar.ZoneInfo[id="Etc/UTC",offset=0,dstSavings=0,useDaylight=false,transitions=0,lastRule=null],firstDayOfWeek=1,minimalDaysInFirstWeek=1,ERA=1,YEAR=2018,MONTH=2,WEEK_OF_YEAR=12,WEEK_OF_MONTH=4,DAY_OF_MONTH=21,DAY_OF_YEAR=80,DAY_OF_WEEK=4,DAY_OF_WEEK_IN_MONTH=3,AM_PM=0,HOUR=4,HOUR_OF_DAY=4,MINUTE=26,SECOND=50,MILLISECOND=596,ZONE_OFFSET=0,DST_OFFSET=0], message=null}
04:26:50.600 [main] DEBUG org.hibernate.SQL - insert into LogEntries (logCode, message, primaryUser, secondaryUser, time, id) values (?, ?, ?, ?, ?, ?)
Hibernate: insert into LogEntries (logCode, message, primaryUser, secondaryUser, time, id) values (?, ?, ?, ?, ?, ?)
04:26:50.601 [main] DEBUG o.h.e.j.internal.JdbcCoordinatorImpl - HHH000420: Closing un-released batch
04:26:50.601 [main] DEBUG o.h.e.t.internal.TransactionImpl - begin
04:26:50.602 [main] DEBUG org.hibernate.SQL - select next_val as id_val from hibernate_sequence for update
Hibernate: select next_val as id_val from hibernate_sequence for update
04:26:50.602 [main] DEBUG org.hibernate.SQL - update hibernate_sequence set next_val= ? where next_val=?
Hibernate: update hibernate_sequence set next_val= ? where next_val=?
04:26:50.604 [main] DEBUG o.h.e.i.AbstractSaveEventListener - Generated identifier: 459, using strategy: org.hibernate.id.enhanced.SequenceStyleGenerator
04:26:50.604 [main] DEBUG o.h.e.t.internal.TransactionImpl - committing
04:26:50.604 [main] DEBUG o.h.e.i.AbstractFlushingEventListener - Processing flush-time cascades
04:26:50.604 [main] DEBUG o.h.e.i.AbstractFlushingEventListener - Dirty checking collections
04:26:50.604 [main] DEBUG o.h.e.i.AbstractFlushingEventListener - Flushed: 1 insertions, 0 updates, 0 deletions to 1 objects
04:26:50.604 [main] DEBUG o.h.e.i.AbstractFlushingEventListener - Flushed: 0 (re)creations, 0 updates, 0 removals to 0 collections
04:26:50.604 [main] DEBUG o.h.internal.util.EntityPrinter - Listing entities:
04:26:50.604 [main] DEBUG o.h.internal.util.EntityPrinter - edu.ncsu.csc.itrust2.models.persistent.LogEntry{secondaryUser=null, logCode=5, primaryUser=logapitest, id=459, time=java.util.GregorianCalendar[time=1521606410601,areFieldsSet=true,areAllFieldsSet=true,lenient=true,zone=sun.util.calendar.ZoneInfo[id="Etc/UTC",offset=0,dstSavings=0,useDaylight=false,transitions=0,lastRule=null],firstDayOfWeek=1,minimalDaysInFirstWeek=1,ERA=1,YEAR=2018,MONTH=2,WEEK_OF_YEAR=12,WEEK_OF_MONTH=4,DAY_OF_MONTH=21,DAY_OF_YEAR=80,DAY_OF_WEEK=4,DAY_OF_WEEK_IN_MONTH=3,AM_PM=0,HOUR=4,HOUR_OF_DAY=4,MINUTE=26,SECOND=50,MILLISECOND=601,ZONE_OFFSET=0,DST_OFFSET=0], message=null}
04:26:50.605 [main] DEBUG org.hibernate.SQL - insert into LogEntries (logCode, message, primaryUser, secondaryUser, time, id) values (?, ?, ?, ?, ?, ?)
Hibernate: insert into LogEntries (logCode, message, primaryUser, secondaryUser, time, id) values (?, ?, ?, ?, ?, ?)
04:26:50.606 [main] DEBUG o.h.e.j.internal.JdbcCoordinatorImpl - HHH000420: Closing un-released batch
04:26:50.607 [main] DEBUG o.h.e.t.internal.TransactionImpl - begin
04:26:50.607 [main] DEBUG org.hibernate.SQL - select next_val as id_val from hibernate_sequence for update
Hibernate: select next_val as id_val from hibernate_sequence for update
04:26:50.608 [main] DEBUG org.hibernate.SQL - update hibernate_sequence set next_val= ? where next_val=?
Hibernate: update hibernate_sequence set next_val= ? where next_val=?
04:26:50.609 [main] DEBUG o.h.e.i.AbstractSaveEventListener - Generated identifier: 460, using strategy: org.hibernate.id.enhanced.SequenceStyleGenerator
04:26:50.609 [main] DEBUG o.h.e.t.internal.TransactionImpl - committing
04:26:50.609 [main] DEBUG o.h.e.i.AbstractFlushingEventListener - Processing flush-time cascades
04:26:50.609 [main] DEBUG o.h.e.i.AbstractFlushingEventListener - Dirty checking collections
04:26:50.609 [main] DEBUG o.h.e.i.AbstractFlushingEventListener - Flushed: 1 insertions, 0 updates, 0 deletions to 1 objects
04:26:50.609 [main] DEBUG o.h.e.i.AbstractFlushingEventListener - Flushed: 0 (re)creations, 0 updates, 0 removals to 0 collections
04:26:50.609 [main] DEBUG o.h.internal.util.EntityPrinter - Listing entities:
04:26:50.610 [main] DEBUG o.h.internal.util.EntityPrinter - edu.ncsu.csc.itrust2.models.persistent.LogEntry{secondaryUser=null, logCode=5, primaryUser=logapitest, id=460, time=java.util.GregorianCalendar[time=1521606410607,areFieldsSet=true,areAllFieldsSet=true,lenient=true,zone=sun.util.calendar.ZoneInfo[id="Etc/UTC",offset=0,dstSavings=0,useDaylight=false,transitions=0,lastRule=null],firstDayOfWeek=1,minimalDaysInFirstWeek=1,ERA=1,YEAR=2018,MONTH=2,WEEK_OF_YEAR=12,WEEK_OF_MONTH=4,DAY_OF_MONTH=21,DAY_OF_YEAR=80,DAY_OF_WEEK=4,DAY_OF_WEEK_IN_MONTH=3,AM_PM=0,HOUR=4,HOUR_OF_DAY=4,MINUTE=26,SECOND=50,MILLISECOND=607,ZONE_OFFSET=0,DST_OFFSET=0], message=null}
04:26:50.610 [main] DEBUG org.hibernate.SQL - insert into LogEntries (logCode, message, primaryUser, secondaryUser, time, id) values (?, ?, ?, ?, ?, ?)
Hibernate: insert into LogEntries (logCode, message, primaryUser, secondaryUser, time, id) values (?, ?, ?, ?, ?, ?)
04:26:50.612 [main] DEBUG o.h.e.j.internal.JdbcCoordinatorImpl - HHH000420: Closing un-released batch
04:26:50.612 [main] DEBUG o.h.e.t.internal.TransactionImpl - begin
04:26:50.613 [main] DEBUG org.hibernate.SQL - select next_val as id_val from hibernate_sequence for update
Hibernate: select next_val as id_val from hibernate_sequence for update
04:26:50.613 [main] DEBUG org.hibernate.SQL - update hibernate_sequence set next_val= ? where next_val=?
Hibernate: update hibernate_sequence set next_val= ? where next_val=?
04:26:50.614 [main] DEBUG o.h.e.i.AbstractSaveEventListener - Generated identifier: 461, using strategy: org.hibernate.id.enhanced.SequenceStyleGenerator
04:26:50.615 [main] DEBUG o.h.e.t.internal.TransactionImpl - committing
04:26:50.615 [main] DEBUG o.h.e.i.AbstractFlushingEventListener - Processing flush-time cascades
04:26:50.615 [main] DEBUG o.h.e.i.AbstractFlushingEventListener - Dirty checking collections
04:26:50.615 [main] DEBUG o.h.e.i.AbstractFlushingEventListener - Flushed: 1 insertions, 0 updates, 0 deletions to 1 objects
04:26:50.615 [main] DEBUG o.h.e.i.AbstractFlushingEventListener - Flushed: 0 (re)creations, 0 updates, 0 removals to 0 collections
04:26:50.615 [main] DEBUG o.h.internal.util.EntityPrinter - Listing entities:
04:26:50.615 [main] DEBUG o.h.internal.util.EntityPrinter - edu.ncsu.csc.itrust2.models.persistent.LogEntry{secondaryUser=null, logCode=5, primaryUser=logapitest, id=461, time=java.util.GregorianCalendar[time=1521606410612,areFieldsSet=true,areAllFieldsSet=true,lenient=true,zone=sun.util.calendar.ZoneInfo[id="Etc/UTC",offset=0,dstSavings=0,useDaylight=false,transitions=0,lastRule=null],firstDayOfWeek=1,minimalDaysInFirstWeek=1,ERA=1,YEAR=2018,MONTH=2,WEEK_OF_YEAR=12,WEEK_OF_MONTH=4,DAY_OF_MONTH=21,DAY_OF_YEAR=80,DAY_OF_WEEK=4,DAY_OF_WEEK_IN_MONTH=3,AM_PM=0,HOUR=4,HOUR_OF_DAY=4,MINUTE=26,SECOND=50,MILLISECOND=612,ZONE_OFFSET=0,DST_OFFSET=0], message=null}
04:26:50.616 [main] DEBUG org.hibernate.SQL - insert into LogEntries (logCode, message, primaryUser, secondaryUser, time, id) values (?, ?, ?, ?, ?, ?)
Hibernate: insert into LogEntries (logCode, message, primaryUser, secondaryUser, time, id) values (?, ?, ?, ?, ?, ?)
04:26:50.617 [main] DEBUG o.h.e.j.internal.JdbcCoordinatorImpl - HHH000420: Closing un-released batch
04:26:50.617 [main] DEBUG o.h.e.t.internal.TransactionImpl - begin
04:26:50.618 [main] DEBUG org.hibernate.SQL - select next_val as id_val from hibernate_sequence for update
Hibernate: select next_val as id_val from hibernate_sequence for update
04:26:50.618 [main] DEBUG org.hibernate.SQL - update hibernate_sequence set next_val= ? where next_val=?
Hibernate: update hibernate_sequence set next_val= ? where next_val=?
04:26:50.620 [main] DEBUG o.h.e.i.AbstractSaveEventListener - Generated identifier: 462, using strategy: org.hibernate.id.enhanced.SequenceStyleGenerator
04:26:50.620 [main] DEBUG o.h.e.t.internal.TransactionImpl - committing
04:26:50.620 [main] DEBUG o.h.e.i.AbstractFlushingEventListener - Processing flush-time cascades
04:26:50.620 [main] DEBUG o.h.e.i.AbstractFlushingEventListener - Dirty checking collections
04:26:50.620 [main] DEBUG o.h.e.i.AbstractFlushingEventListener - Flushed: 1 insertions, 0 updates, 0 deletions to 1 objects
04:26:50.620 [main] DEBUG o.h.e.i.AbstractFlushingEventListener - Flushed: 0 (re)creations, 0 updates, 0 removals to 0 collections
04:26:50.620 [main] DEBUG o.h.internal.util.EntityPrinter - Listing entities:
04:26:50.621 [main] DEBUG o.h.internal.util.EntityPrinter - edu.ncsu.csc.itrust2.models.persistent.LogEntry{secondaryUser=null, logCode=5, primaryUser=logapitest, id=462, time=java.util.GregorianCalendar[time=1521606410617,areFieldsSet=true,areAllFieldsSet=true,lenient=true,zone=sun.util.calendar.ZoneInfo[id="Etc/UTC",offset=0,dstSavings=0,useDaylight=false,transitions=0,lastRule=null],firstDayOfWeek=1,minimalDaysInFirstWeek=1,ERA=1,YEAR=2018,MONTH=2,WEEK_OF_YEAR=12,WEEK_OF_MONTH=4,DAY_OF_MONTH=21,DAY_OF_YEAR=80,DAY_OF_WEEK=4,DAY_OF_WEEK_IN_MONTH=3,AM_PM=0,HOUR=4,HOUR_OF_DAY=4,MINUTE=26,SECOND=50,MILLISECOND=617,ZONE_OFFSET=0,DST_OFFSET=0], message=null}
04:26:50.621 [main] DEBUG org.hibernate.SQL - insert into LogEntries (logCode, message, primaryUser, secondaryUser, time, id) values (?, ?, ?, ?, ?, ?)
Hibernate: insert into LogEntries (logCode, message, primaryUser, secondaryUser, time, id) values (?, ?, ?, ?, ?, ?)
04:26:50.622 [main] DEBUG o.h.e.j.internal.JdbcCoordinatorImpl - HHH000420: Closing un-released batch
04:26:50.623 [main] DEBUG o.h.e.t.internal.TransactionImpl - begin
04:26:50.623 [main] DEBUG org.hibernate.SQL - select next_val as id_val from hibernate_sequence for update
Hibernate: select next_val as id_val from hibernate_sequence for update
04:26:50.624 [main] DEBUG org.hibernate.SQL - update hibernate_sequence set next_val= ? where next_val=?
Hibernate: update hibernate_sequence set next_val= ? where next_val=?
04:26:50.624 [main] DEBUG o.h.e.i.AbstractSaveEventListener - Generated identifier: 463, using strategy: org.hibernate.id.enhanced.SequenceStyleGenerator
04:26:50.625 [main] DEBUG o.h.e.t.internal.TransactionImpl - committing
04:26:50.625 [main] DEBUG o.h.e.i.AbstractFlushingEventListener - Processing flush-time cascades
04:26:50.625 [main] DEBUG o.h.e.i.AbstractFlushingEventListener - Dirty checking collections
04:26:50.625 [main] DEBUG o.h.e.i.AbstractFlushingEventListener - Flushed: 1 insertions, 0 updates, 0 deletions to 1 objects
04:26:50.625 [main] DEBUG o.h.e.i.AbstractFlushingEventListener - Flushed: 0 (re)creations, 0 updates, 0 removals to 0 collections
04:26:50.625 [main] DEBUG o.h.internal.util.EntityPrinter - Listing entities:
04:26:50.625 [main] DEBUG o.h.internal.util.EntityPrinter - edu.ncsu.csc.itrust2.models.persistent.LogEntry{secondaryUser=null, logCode=5, primaryUser=logapitest, id=463, time=java.util.GregorianCalendar[time=1521606410623,areFieldsSet=true,areAllFieldsSet=true,lenient=true,zone=sun.util.calendar.ZoneInfo[id="Etc/UTC",offset=0,dstSavings=0,useDaylight=false,transitions=0,lastRule=null],firstDayOfWeek=1,minimalDaysInFirstWeek=1,ERA=1,YEAR=2018,MONTH=2,WEEK_OF_YEAR=12,WEEK_OF_MONTH=4,DAY_OF_MONTH=21,DAY_OF_YEAR=80,DAY_OF_WEEK=4,DAY_OF_WEEK_IN_MONTH=3,AM_PM=0,HOUR=4,HOUR_OF_DAY=4,MINUTE=26,SECOND=50,MILLISECOND=623,ZONE_OFFSET=0,DST_OFFSET=0], message=null}
04:26:50.626 [main] DEBUG org.hibernate.SQL - insert into LogEntries (logCode, message, primaryUser, secondaryUser, time, id) values (?, ?, ?, ?, ?, ?)
Hibernate: insert into LogEntries (logCode, message, primaryUser, secondaryUser, time, id) values (?, ?, ?, ?, ?, ?)
04:26:50.627 [main] DEBUG o.h.e.j.internal.JdbcCoordinatorImpl - HHH000420: Closing un-released batch
04:26:50.628 [main] DEBUG o.h.e.t.internal.TransactionImpl - begin
04:26:50.628 [main] DEBUG org.hibernate.SQL - select next_val as id_val from hibernate_sequence for update
Hibernate: select next_val as id_val from hibernate_sequence for update
04:26:50.628 [main] DEBUG org.hibernate.SQL - update hibernate_sequence set next_val= ? where next_val=?
Hibernate: update hibernate_sequence set next_val= ? where next_val=?
04:26:50.630 [main] DEBUG o.h.e.i.AbstractSaveEventListener - Generated identifier: 464, using strategy: org.hibernate.id.enhanced.SequenceStyleGenerator
04:26:50.630 [main] DEBUG o.h.e.t.internal.TransactionImpl - committing
04:26:50.630 [main] DEBUG o.h.e.i.AbstractFlushingEventListener - Processing flush-time cascades
04:26:50.630 [main] DEBUG o.h.e.i.AbstractFlushingEventListener - Dirty checking collections
04:26:50.630 [main] DEBUG o.h.e.i.AbstractFlushingEventListener - Flushed: 1 insertions, 0 updates, 0 deletions to 1 objects
04:26:50.630 [main] DEBUG o.h.e.i.AbstractFlushingEventListener - Flushed: 0 (re)creations, 0 updates, 0 removals to 0 collections
04:26:50.630 [main] DEBUG o.h.internal.util.EntityPrinter - Listing entities:
04:26:50.630 [main] DEBUG o.h.internal.util.EntityPrinter - edu.ncsu.csc.itrust2.models.persistent.LogEntry{secondaryUser=null, logCode=5, primaryUser=logapitest, id=464, time=java.util.GregorianCalendar[time=1521606410627,areFieldsSet=true,areAllFieldsSet=true,lenient=true,zone=sun.util.calendar.ZoneInfo[id="Etc/UTC",offset=0,dstSavings=0,useDaylight=false,transitions=0,lastRule=null],firstDayOfWeek=1,minimalDaysInFirstWeek=1,ERA=1,YEAR=2018,MONTH=2,WEEK_OF_YEAR=12,WEEK_OF_MONTH=4,DAY_OF_MONTH=21,DAY_OF_YEAR=80,DAY_OF_WEEK=4,DAY_OF_WEEK_IN_MONTH=3,AM_PM=0,HOUR=4,HOUR_OF_DAY=4,MINUTE=26,SECOND=50,MILLISECOND=627,ZONE_OFFSET=0,DST_OFFSET=0], message=null}
04:26:50.631 [main] DEBUG org.hibernate.SQL - insert into LogEntries (logCode, message, primaryUser, secondaryUser, time, id) values (?, ?, ?, ?, ?, ?)
Hibernate: insert into LogEntries (logCode, message, primaryUser, secondaryUser, time, id) values (?, ?, ?, ?, ?, ?)
04:26:50.632 [main] DEBUG o.h.e.j.internal.JdbcCoordinatorImpl - HHH000420: Closing un-released batch
04:26:50.632 [main] DEBUG o.h.e.t.internal.TransactionImpl - begin
04:26:50.633 [main] DEBUG org.hibernate.SQL - select next_val as id_val from hibernate_sequence for update
Hibernate: select next_val as id_val from hibernate_sequence for update
04:26:50.633 [main] DEBUG org.hibernate.SQL - update hibernate_sequence set next_val= ? where next_val=?
Hibernate: update hibernate_sequence set next_val= ? where next_val=?
04:26:50.634 [main] DEBUG o.h.e.i.AbstractSaveEventListener - Generated identifier: 465, using strategy: org.hibernate.id.enhanced.SequenceStyleGenerator
04:26:50.634 [main] DEBUG o.h.e.t.internal.TransactionImpl - committing
04:26:50.634 [main] DEBUG o.h.e.i.AbstractFlushingEventListener - Processing flush-time cascades
04:26:50.635 [main] DEBUG o.h.e.i.AbstractFlushingEventListener - Dirty checking collections
04:26:50.635 [main] DEBUG o.h.e.i.AbstractFlushingEventListener - Flushed: 1 insertions, 0 updates, 0 deletions to 1 objects
04:26:50.635 [main] DEBUG o.h.e.i.AbstractFlushingEventListener - Flushed: 0 (re)creations, 0 updates, 0 removals to 0 collections
04:26:50.635 [main] DEBUG o.h.internal.util.EntityPrinter - Listing entities:
04:26:50.635 [main] DEBUG o.h.internal.util.EntityPrinter - edu.ncsu.csc.itrust2.models.persistent.LogEntry{secondaryUser=null, logCode=5, primaryUser=logapitest, id=465, time=java.util.GregorianCalendar[time=1521606410632,areFieldsSet=true,areAllFieldsSet=true,lenient=true,zone=sun.util.calendar.ZoneInfo[id="Etc/UTC",offset=0,dstSavings=0,useDaylight=false,transitions=0,lastRule=null],firstDayOfWeek=1,minimalDaysInFirstWeek=1,ERA=1,YEAR=2018,MONTH=2,WEEK_OF_YEAR=12,WEEK_OF_MONTH=4,DAY_OF_MONTH=21,DAY_OF_YEAR=80,DAY_OF_WEEK=4,DAY_OF_WEEK_IN_MONTH=3,AM_PM=0,HOUR=4,HOUR_OF_DAY=4,MINUTE=26,SECOND=50,MILLISECOND=632,ZONE_OFFSET=0,DST_OFFSET=0], message=null}
04:26:50.635 [main] DEBUG org.hibernate.SQL - insert into LogEntries (logCode, message, primaryUser, secondaryUser, time, id) values (?, ?, ?, ?, ?, ?)
Hibernate: insert into LogEntries (logCode, message, primaryUser, secondaryUser, time, id) values (?, ?, ?, ?, ?, ?)
04:26:50.636 [main] DEBUG o.h.e.j.internal.JdbcCoordinatorImpl - HHH000420: Closing un-released batch
04:26:50.637 [main] DEBUG o.h.e.t.internal.TransactionImpl - begin
04:26:50.637 [main] DEBUG org.hibernate.SQL - select next_val as id_val from hibernate_sequence for update
Hibernate: select next_val as id_val from hibernate_sequence for update
04:26:50.637 [main] DEBUG org.hibernate.SQL - update hibernate_sequence set next_val= ? where next_val=?
Hibernate: update hibernate_sequence set next_val= ? where next_val=?
04:26:50.639 [main] DEBUG o.h.e.i.AbstractSaveEventListener - Generated identifier: 466, using strategy: org.hibernate.id.enhanced.SequenceStyleGenerator
04:26:50.639 [main] DEBUG o.h.e.t.internal.TransactionImpl - committing
04:26:50.639 [main] DEBUG o.h.e.i.AbstractFlushingEventListener - Processing flush-time cascades
04:26:50.639 [main] DEBUG o.h.e.i.AbstractFlushingEventListener - Dirty checking collections
04:26:50.639 [main] DEBUG o.h.e.i.AbstractFlushingEventListener - Flushed: 1 insertions, 0 updates, 0 deletions to 1 objects
04:26:50.639 [main] DEBUG o.h.e.i.AbstractFlushingEventListener - Flushed: 0 (re)creations, 0 updates, 0 removals to 0 collections
04:26:50.639 [main] DEBUG o.h.internal.util.EntityPrinter - Listing entities:
04:26:50.639 [main] DEBUG o.h.internal.util.EntityPrinter - edu.ncsu.csc.itrust2.models.persistent.LogEntry{secondaryUser=null, logCode=5, primaryUser=logapitest, id=466, time=java.util.GregorianCalendar[time=1521606410637,areFieldsSet=true,areAllFieldsSet=true,lenient=true,zone=sun.util.calendar.ZoneInfo[id="Etc/UTC",offset=0,dstSavings=0,useDaylight=false,transitions=0,lastRule=null],firstDayOfWeek=1,minimalDaysInFirstWeek=1,ERA=1,YEAR=2018,MONTH=2,WEEK_OF_YEAR=12,WEEK_OF_MONTH=4,DAY_OF_MONTH=21,DAY_OF_YEAR=80,DAY_OF_WEEK=4,DAY_OF_WEEK_IN_MONTH=3,AM_PM=0,HOUR=4,HOUR_OF_DAY=4,MINUTE=26,SECOND=50,MILLISECOND=637,ZONE_OFFSET=0,DST_OFFSET=0], message=null}
04:26:50.640 [main] DEBUG org.hibernate.SQL - insert into LogEntries (logCode, message, primaryUser, secondaryUser, time, id) values (?, ?, ?, ?, ?, ?)
Hibernate: insert into LogEntries (logCode, message, primaryUser, secondaryUser, time, id) values (?, ?, ?, ?, ?, ?)
04:26:50.641 [main] DEBUG o.h.e.j.internal.JdbcCoordinatorImpl - HHH000420: Closing un-released batch
04:26:50.642 [main] DEBUG o.h.e.t.internal.TransactionImpl - begin
04:26:50.642 [main] DEBUG org.hibernate.SQL - select next_val as id_val from hibernate_sequence for update
Hibernate: select next_val as id_val from hibernate_sequence for update
04:26:50.642 [main] DEBUG org.hibernate.SQL - update hibernate_sequence set next_val= ? where next_val=?
Hibernate: update hibernate_sequence set next_val= ? where next_val=?
04:26:50.643 [main] DEBUG o.h.e.i.AbstractSaveEventListener - Generated identifier: 467, using strategy: org.hibernate.id.enhanced.SequenceStyleGenerator
04:26:50.643 [main] DEBUG o.h.e.t.internal.TransactionImpl - committing
04:26:50.643 [main] DEBUG o.h.e.i.AbstractFlushingEventListener - Processing flush-time cascades
04:26:50.644 [main] DEBUG o.h.e.i.AbstractFlushingEventListener - Dirty checking collections
04:26:50.644 [main] DEBUG o.h.e.i.AbstractFlushingEventListener - Flushed: 1 insertions, 0 updates, 0 deletions to 1 objects
04:26:50.644 [main] DEBUG o.h.e.i.AbstractFlushingEventListener - Flushed: 0 (re)creations, 0 updates, 0 removals to 0 collections
04:26:50.644 [main] DEBUG o.h.internal.util.EntityPrinter - Listing entities:
04:26:50.644 [main] DEBUG o.h.internal.util.EntityPrinter - edu.ncsu.csc.itrust2.models.persistent.LogEntry{secondaryUser=null, logCode=5, primaryUser=logapitest, id=467, time=java.util.GregorianCalendar[time=1521606410641,areFieldsSet=true,areAllFieldsSet=true,lenient=true,zone=sun.util.calendar.ZoneInfo[id="Etc/UTC",offset=0,dstSavings=0,useDaylight=false,transitions=0,lastRule=null],firstDayOfWeek=1,minimalDaysInFirstWeek=1,ERA=1,YEAR=2018,MONTH=2,WEEK_OF_YEAR=12,WEEK_OF_MONTH=4,DAY_OF_MONTH=21,DAY_OF_YEAR=80,DAY_OF_WEEK=4,DAY_OF_WEEK_IN_MONTH=3,AM_PM=0,HOUR=4,HOUR_OF_DAY=4,MINUTE=26,SECOND=50,MILLISECOND=641,ZONE_OFFSET=0,DST_OFFSET=0], message=null}
04:26:50.644 [main] DEBUG org.hibernate.SQL - insert into LogEntries (logCode, message, primaryUser, secondaryUser, time, id) values (?, ?, ?, ?, ?, ?)
Hibernate: insert into LogEntries (logCode, message, primaryUser, secondaryUser, time, id) values (?, ?, ?, ?, ?, ?)
04:26:50.645 [main] DEBUG o.h.e.j.internal.JdbcCoordinatorImpl - HHH000420: Closing un-released batch
04:26:50.646 [main] DEBUG o.h.e.t.internal.TransactionImpl - begin
04:26:50.646 [main] DEBUG org.hibernate.SQL - select next_val as id_val from hibernate_sequence for update
Hibernate: select next_val as id_val from hibernate_sequence for update
04:26:50.647 [main] DEBUG org.hibernate.SQL - update hibernate_sequence set next_val= ? where next_val=?
Hibernate: update hibernate_sequence set next_val= ? where next_val=?
04:26:50.647 [main] DEBUG o.h.e.i.AbstractSaveEventListener - Generated identifier: 468, using strategy: org.hibernate.id.enhanced.SequenceStyleGenerator
04:26:50.648 [main] DEBUG o.h.e.t.internal.TransactionImpl - committing
04:26:50.648 [main] DEBUG o.h.e.i.AbstractFlushingEventListener - Processing flush-time cascades
04:26:50.648 [main] DEBUG o.h.e.i.AbstractFlushingEventListener - Dirty checking collections
04:26:50.648 [main] DEBUG o.h.e.i.AbstractFlushingEventListener - Flushed: 1 insertions, 0 updates, 0 deletions to 1 objects
04:26:50.648 [main] DEBUG o.h.e.i.AbstractFlushingEventListener - Flushed: 0 (re)creations, 0 updates, 0 removals to 0 collections
04:26:50.648 [main] DEBUG o.h.internal.util.EntityPrinter - Listing entities:
04:26:50.648 [main] DEBUG o.h.internal.util.EntityPrinter - edu.ncsu.csc.itrust2.models.persistent.LogEntry{secondaryUser=null, logCode=5, primaryUser=logapitest, id=468, time=java.util.GregorianCalendar[time=1521606410646,areFieldsSet=true,areAllFieldsSet=true,lenient=true,zone=sun.util.calendar.ZoneInfo[id="Etc/UTC",offset=0,dstSavings=0,useDaylight=false,transitions=0,lastRule=null],firstDayOfWeek=1,minimalDaysInFirstWeek=1,ERA=1,YEAR=2018,MONTH=2,WEEK_OF_YEAR=12,WEEK_OF_MONTH=4,DAY_OF_MONTH=21,DAY_OF_YEAR=80,DAY_OF_WEEK=4,DAY_OF_WEEK_IN_MONTH=3,AM_PM=0,HOUR=4,HOUR_OF_DAY=4,MINUTE=26,SECOND=50,MILLISECOND=646,ZONE_OFFSET=0,DST_OFFSET=0], message=null}
04:26:50.649 [main] DEBUG org.hibernate.SQL - insert into LogEntries (logCode, message, primaryUser, secondaryUser, time, id) values (?, ?, ?, ?, ?, ?)
Hibernate: insert into LogEntries (logCode, message, primaryUser, secondaryUser, time, id) values (?, ?, ?, ?, ?, ?)
04:26:50.650 [main] DEBUG o.h.e.j.internal.JdbcCoordinatorImpl - HHH000420: Closing un-released batch
04:26:50.650 [main] DEBUG o.h.e.t.internal.TransactionImpl - begin
04:26:50.651 [main] DEBUG org.hibernate.SQL - select next_val as id_val from hibernate_sequence for update
Hibernate: select next_val as id_val from hibernate_sequence for update
04:26:50.651 [main] DEBUG org.hibernate.SQL - update hibernate_sequence set next_val= ? where next_val=?
Hibernate: update hibernate_sequence set next_val= ? where next_val=?
04:26:50.652 [main] DEBUG o.h.e.i.AbstractSaveEventListener - Generated identifier: 469, using strategy: org.hibernate.id.enhanced.SequenceStyleGenerator
04:26:50.652 [main] DEBUG o.h.e.t.internal.TransactionImpl - committing
04:26:50.652 [main] DEBUG o.h.e.i.AbstractFlushingEventListener - Processing flush-time cascades
04:26:50.652 [main] DEBUG o.h.e.i.AbstractFlushingEventListener - Dirty checking collections
04:26:50.652 [main] DEBUG o.h.e.i.AbstractFlushingEventListener - Flushed: 1 insertions, 0 updates, 0 deletions to 1 objects
04:26:50.652 [main] DEBUG o.h.e.i.AbstractFlushingEventListener - Flushed: 0 (re)creations, 0 updates, 0 removals to 0 collections
04:26:50.652 [main] DEBUG o.h.internal.util.EntityPrinter - Listing entities:
04:26:50.652 [main] DEBUG o.h.internal.util.EntityPrinter - edu.ncsu.csc.itrust2.models.persistent.LogEntry{secondaryUser=null, logCode=5, primaryUser=logapitest, id=469, time=java.util.GregorianCalendar[time=1521606410650,areFieldsSet=true,areAllFieldsSet=true,lenient=true,zone=sun.util.calendar.ZoneInfo[id="Etc/UTC",offset=0,dstSavings=0,useDaylight=false,transitions=0,lastRule=null],firstDayOfWeek=1,minimalDaysInFirstWeek=1,ERA=1,YEAR=2018,MONTH=2,WEEK_OF_YEAR=12,WEEK_OF_MONTH=4,DAY_OF_MONTH=21,DAY_OF_YEAR=80,DAY_OF_WEEK=4,DAY_OF_WEEK_IN_MONTH=3,AM_PM=0,HOUR=4,HOUR_OF_DAY=4,MINUTE=26,SECOND=50,MILLISECOND=650,ZONE_OFFSET=0,DST_OFFSET=0], message=null}
04:26:50.653 [main] DEBUG org.hibernate.SQL - insert into LogEntries (logCode, message, primaryUser, secondaryUser, time, id) values (?, ?, ?, ?, ?, ?)
Hibernate: insert into LogEntries (logCode, message, primaryUser, secondaryUser, time, id) values (?, ?, ?, ?, ?, ?)
04:26:50.654 [main] DEBUG o.h.e.j.internal.JdbcCoordinatorImpl - HHH000420: Closing un-released batch
04:26:50.654 [main] DEBUG o.h.e.t.internal.TransactionImpl - begin
04:26:50.655 [main] DEBUG org.hibernate.SQL - select next_val as id_val from hibernate_sequence for update
Hibernate: select next_val as id_val from hibernate_sequence for update
04:26:50.655 [main] DEBUG org.hibernate.SQL - update hibernate_sequence set next_val= ? where next_val=?
Hibernate: update hibernate_sequence set next_val= ? where next_val=?
04:26:50.656 [main] DEBUG o.h.e.i.AbstractSaveEventListener - Generated identifier: 470, using strategy: org.hibernate.id.enhanced.SequenceStyleGenerator
04:26:50.656 [main] DEBUG o.h.e.t.internal.TransactionImpl - committing
04:26:50.657 [main] DEBUG o.h.e.i.AbstractFlushingEventListener - Processing flush-time cascades
04:26:50.657 [main] DEBUG o.h.e.i.AbstractFlushingEventListener - Dirty checking collections
04:26:50.657 [main] DEBUG o.h.e.i.AbstractFlushingEventListener - Flushed: 1 insertions, 0 updates, 0 deletions to 1 objects
04:26:50.657 [main] DEBUG o.h.e.i.AbstractFlushingEventListener - Flushed: 0 (re)creations, 0 updates, 0 removals to 0 collections
04:26:50.657 [main] DEBUG o.h.internal.util.EntityPrinter - Listing entities:
04:26:50.657 [main] DEBUG o.h.internal.util.EntityPrinter - edu.ncsu.csc.itrust2.models.persistent.LogEntry{secondaryUser=null, logCode=5, primaryUser=logapitest, id=470, time=java.util.GregorianCalendar[time=1521606410654,areFieldsSet=true,areAllFieldsSet=true,lenient=true,zone=sun.util.calendar.ZoneInfo[id="Etc/UTC",offset=0,dstSavings=0,useDaylight=false,transitions=0,lastRule=null],firstDayOfWeek=1,minimalDaysInFirstWeek=1,ERA=1,YEAR=2018,MONTH=2,WEEK_OF_YEAR=12,WEEK_OF_MONTH=4,DAY_OF_MONTH=21,DAY_OF_YEAR=80,DAY_OF_WEEK=4,DAY_OF_WEEK_IN_MONTH=3,AM_PM=0,HOUR=4,HOUR_OF_DAY=4,MINUTE=26,SECOND=50,MILLISECOND=654,ZONE_OFFSET=0,DST_OFFSET=0], message=null}
04:26:50.658 [main] DEBUG org.hibernate.SQL - insert into LogEntries (logCode, message, primaryUser, secondaryUser, time, id) values (?, ?, ?, ?, ?, ?)
Hibernate: insert into LogEntries (logCode, message, primaryUser, secondaryUser, time, id) values (?, ?, ?, ?, ?, ?)
04:26:50.659 [main] DEBUG o.h.e.j.internal.JdbcCoordinatorImpl - HHH000420: Closing un-released batch
04:26:50.659 [main] DEBUG o.h.e.t.internal.TransactionImpl - begin
04:26:50.660 [main] DEBUG org.hibernate.SQL - select next_val as id_val from hibernate_sequence for update
Hibernate: select next_val as id_val from hibernate_sequence for update
04:26:50.660 [main] DEBUG org.hibernate.SQL - update hibernate_sequence set next_val= ? where next_val=?
Hibernate: update hibernate_sequence set next_val= ? where next_val=?
04:26:50.661 [main] DEBUG o.h.e.i.AbstractSaveEventListener - Generated identifier: 471, using strategy: org.hibernate.id.enhanced.SequenceStyleGenerator
04:26:50.661 [main] DEBUG o.h.e.t.internal.TransactionImpl - committing
04:26:50.662 [main] DEBUG o.h.e.i.AbstractFlushingEventListener - Processing flush-time cascades
04:26:50.662 [main] DEBUG o.h.e.i.AbstractFlushingEventListener - Dirty checking collections
04:26:50.662 [main] DEBUG o.h.e.i.AbstractFlushingEventListener - Flushed: 1 insertions, 0 updates, 0 deletions to 1 objects
04:26:50.662 [main] DEBUG o.h.e.i.AbstractFlushingEventListener - Flushed: 0 (re)creations, 0 updates, 0 removals to 0 collections
04:26:50.662 [main] DEBUG o.h.internal.util.EntityPrinter - Listing entities:
04:26:50.662 [main] DEBUG o.h.internal.util.EntityPrinter - edu.ncsu.csc.itrust2.models.persistent.LogEntry{secondaryUser=null, logCode=5, primaryUser=logapitest, id=471, time=java.util.GregorianCalendar[time=1521606410659,areFieldsSet=true,areAllFieldsSet=true,lenient=true,zone=sun.util.calendar.ZoneInfo[id="Etc/UTC",offset=0,dstSavings=0,useDaylight=false,transitions=0,lastRule=null],firstDayOfWeek=1,minimalDaysInFirstWeek=1,ERA=1,YEAR=2018,MONTH=2,WEEK_OF_YEAR=12,WEEK_OF_MONTH=4,DAY_OF_MONTH=21,DAY_OF_YEAR=80,DAY_OF_WEEK=4,DAY_OF_WEEK_IN_MONTH=3,AM_PM=0,HOUR=4,HOUR_OF_DAY=4,MINUTE=26,SECOND=50,MILLISECOND=659,ZONE_OFFSET=0,DST_OFFSET=0], message=null}
04:26:50.662 [main] DEBUG org.hibernate.SQL - insert into LogEntries (logCode, message, primaryUser, secondaryUser, time, id) values (?, ?, ?, ?, ?, ?)
Hibernate: insert into LogEntries (logCode, message, primaryUser, secondaryUser, time, id) values (?, ?, ?, ?, ?, ?)
04:26:50.664 [main] DEBUG o.h.e.j.internal.JdbcCoordinatorImpl - HHH000420: Closing un-released batch
04:26:50.665 [main] DEBUG o.h.e.t.internal.TransactionImpl - begin
04:26:50.665 [main] DEBUG org.hibernate.SQL - select next_val as id_val from hibernate_sequence for update
Hibernate: select next_val as id_val from hibernate_sequence for update
04:26:50.666 [main] DEBUG org.hibernate.SQL - update hibernate_sequence set next_val= ? where next_val=?
Hibernate: update hibernate_sequence set next_val= ? where next_val=?
04:26:50.693 [main] DEBUG o.h.e.i.AbstractSaveEventListener - Generated identifier: 472, using strategy: org.hibernate.id.enhanced.SequenceStyleGenerator
04:26:50.694 [main] DEBUG o.h.e.t.internal.TransactionImpl - committing
04:26:50.694 [main] DEBUG o.h.e.i.AbstractFlushingEventListener - Processing flush-time cascades
04:26:50.694 [main] DEBUG o.h.e.i.AbstractFlushingEventListener - Dirty checking collections
04:26:50.694 [main] DEBUG o.h.e.i.AbstractFlushingEventListener - Flushed: 1 insertions, 0 updates, 0 deletions to 1 objects
04:26:50.695 [main] DEBUG o.h.e.i.AbstractFlushingEventListener - Flushed: 0 (re)creations, 0 updates, 0 removals to 0 collections
04:26:50.695 [main] DEBUG o.h.internal.util.EntityPrinter - Listing entities:
04:26:50.695 [main] DEBUG o.h.internal.util.EntityPrinter - edu.ncsu.csc.itrust2.models.persistent.LogEntry{secondaryUser=null, logCode=5, primaryUser=logapitest, id=472, time=java.util.GregorianCalendar[time=1521606410665,areFieldsSet=true,areAllFieldsSet=true,lenient=true,zone=sun.util.calendar.ZoneInfo[id="Etc/UTC",offset=0,dstSavings=0,useDaylight=false,transitions=0,lastRule=null],firstDayOfWeek=1,minimalDaysInFirstWeek=1,ERA=1,YEAR=2018,MONTH=2,WEEK_OF_YEAR=12,WEEK_OF_MONTH=4,DAY_OF_MONTH=21,DAY_OF_YEAR=80,DAY_OF_WEEK=4,DAY_OF_WEEK_IN_MONTH=3,AM_PM=0,HOUR=4,HOUR_OF_DAY=4,MINUTE=26,SECOND=50,MILLISECOND=665,ZONE_OFFSET=0,DST_OFFSET=0], message=null}
04:26:50.696 [main] DEBUG org.hibernate.SQL - insert into LogEntries (logCode, message, primaryUser, secondaryUser, time, id) values (?, ?, ?, ?, ?, ?)
Hibernate: insert into LogEntries (logCode, message, primaryUser, secondaryUser, time, id) values (?, ?, ?, ?, ?, ?)
04:26:50.697 [main] DEBUG o.h.e.j.internal.JdbcCoordinatorImpl - HHH000420: Closing un-released batch
04:26:50.698 [main] DEBUG o.h.e.t.internal.TransactionImpl - begin
04:26:50.698 [main] DEBUG org.hibernate.SQL - select next_val as id_val from hibernate_sequence for update
Hibernate: select next_val as id_val from hibernate_sequence for update
04:26:50.699 [main] DEBUG org.hibernate.SQL - update hibernate_sequence set next_val= ? where next_val=?
Hibernate: update hibernate_sequence set next_val= ? where next_val=?
04:26:50.700 [main] DEBUG o.h.e.i.AbstractSaveEventListener - Generated identifier: 473, using strategy: org.hibernate.id.enhanced.SequenceStyleGenerator
04:26:50.700 [main] DEBUG o.h.e.t.internal.TransactionImpl - committing
04:26:50.700 [main] DEBUG o.h.e.i.AbstractFlushingEventListener - Processing flush-time cascades
04:26:50.700 [main] DEBUG o.h.e.i.AbstractFlushingEventListener - Dirty checking collections
04:26:50.700 [main] DEBUG o.h.e.i.AbstractFlushingEventListener - Flushed: 1 insertions, 0 updates, 0 deletions to 1 objects
04:26:50.700 [main] DEBUG o.h.e.i.AbstractFlushingEventListener - Flushed: 0 (re)creations, 0 updates, 0 removals to 0 collections
04:26:50.700 [main] DEBUG o.h.internal.util.EntityPrinter - Listing entities:
04:26:50.700 [main] DEBUG o.h.internal.util.EntityPrinter - edu.ncsu.csc.itrust2.models.persistent.LogEntry{secondaryUser=null, logCode=5, primaryUser=logapitest, id=473, time=java.util.GregorianCalendar[time=1521606410698,areFieldsSet=true,areAllFieldsSet=true,lenient=true,zone=sun.util.calendar.ZoneInfo[id="Etc/UTC",offset=0,dstSavings=0,useDaylight=false,transitions=0,lastRule=null],firstDayOfWeek=1,minimalDaysInFirstWeek=1,ERA=1,YEAR=2018,MONTH=2,WEEK_OF_YEAR=12,WEEK_OF_MONTH=4,DAY_OF_MONTH=21,DAY_OF_YEAR=80,DAY_OF_WEEK=4,DAY_OF_WEEK_IN_MONTH=3,AM_PM=0,HOUR=4,HOUR_OF_DAY=4,MINUTE=26,SECOND=50,MILLISECOND=698,ZONE_OFFSET=0,DST_OFFSET=0], message=null}
04:26:50.701 [main] DEBUG org.hibernate.SQL - insert into LogEntries (logCode, message, primaryUser, secondaryUser, time, id) values (?, ?, ?, ?, ?, ?)
Hibernate: insert into LogEntries (logCode, message, primaryUser, secondaryUser, time, id) values (?, ?, ?, ?, ?, ?)
04:26:50.702 [main] DEBUG o.h.e.j.internal.JdbcCoordinatorImpl - HHH000420: Closing un-released batch
04:26:50.703 [main] DEBUG o.h.e.t.internal.TransactionImpl - begin
04:26:50.703 [main] DEBUG org.hibernate.SQL - select next_val as id_val from hibernate_sequence for update
Hibernate: select next_val as id_val from hibernate_sequence for update
04:26:50.703 [main] DEBUG org.hibernate.SQL - update hibernate_sequence set next_val= ? where next_val=?
Hibernate: update hibernate_sequence set next_val= ? where next_val=?
04:26:50.704 [main] DEBUG o.h.e.i.AbstractSaveEventListener - Generated identifier: 474, using strategy: org.hibernate.id.enhanced.SequenceStyleGenerator
04:26:50.705 [main] DEBUG o.h.e.t.internal.TransactionImpl - committing
04:26:50.708 [main] DEBUG o.h.e.i.AbstractFlushingEventListener - Processing flush-time cascades
04:26:50.708 [main] DEBUG o.h.e.i.AbstractFlushingEventListener - Dirty checking collections
04:26:50.709 [main] DEBUG o.h.e.i.AbstractFlushingEventListener - Flushed: 1 insertions, 0 updates, 0 deletions to 1 objects
04:26:50.709 [main] DEBUG o.h.e.i.AbstractFlushingEventListener - Flushed: 0 (re)creations, 0 updates, 0 removals to 0 collections
04:26:50.709 [main] DEBUG o.h.internal.util.EntityPrinter - Listing entities:
04:26:50.709 [main] DEBUG o.h.internal.util.EntityPrinter - edu.ncsu.csc.itrust2.models.persistent.LogEntry{secondaryUser=null, logCode=5, primaryUser=logapitest, id=474, time=java.util.GregorianCalendar[time=1521606410702,areFieldsSet=true,areAllFieldsSet=true,lenient=true,zone=sun.util.calendar.ZoneInfo[id="Etc/UTC",offset=0,dstSavings=0,useDaylight=false,transitions=0,lastRule=null],firstDayOfWeek=1,minimalDaysInFirstWeek=1,ERA=1,YEAR=2018,MONTH=2,WEEK_OF_YEAR=12,WEEK_OF_MONTH=4,DAY_OF_MONTH=21,DAY_OF_YEAR=80,DAY_OF_WEEK=4,DAY_OF_WEEK_IN_MONTH=3,AM_PM=0,HOUR=4,HOUR_OF_DAY=4,MINUTE=26,SECOND=50,MILLISECOND=702,ZONE_OFFSET=0,DST_OFFSET=0], message=null}
04:26:50.709 [main] DEBUG org.hibernate.SQL - insert into LogEntries (logCode, message, primaryUser, secondaryUser, time, id) values (?, ?, ?, ?, ?, ?)
Hibernate: insert into LogEntries (logCode, message, primaryUser, secondaryUser, time, id) values (?, ?, ?, ?, ?, ?)
04:26:50.711 [main] DEBUG o.h.e.j.internal.JdbcCoordinatorImpl - HHH000420: Closing un-released batch
04:26:50.712 [main] DEBUG o.h.e.t.internal.TransactionImpl - begin
04:26:50.712 [main] DEBUG org.hibernate.SQL - select next_val as id_val from hibernate_sequence for update
Hibernate: select next_val as id_val from hibernate_sequence for update
04:26:50.712 [main] DEBUG org.hibernate.SQL - update hibernate_sequence set next_val= ? where next_val=?
Hibernate: update hibernate_sequence set next_val= ? where next_val=?
04:26:50.714 [main] DEBUG o.h.e.i.AbstractSaveEventListener - Generated identifier: 475, using strategy: org.hibernate.id.enhanced.SequenceStyleGenerator
04:26:50.714 [main] DEBUG o.h.e.t.internal.TransactionImpl - committing
04:26:50.714 [main] DEBUG o.h.e.i.AbstractFlushingEventListener - Processing flush-time cascades
04:26:50.714 [main] DEBUG o.h.e.i.AbstractFlushingEventListener - Dirty checking collections
04:26:50.714 [main] DEBUG o.h.e.i.AbstractFlushingEventListener - Flushed: 1 insertions, 0 updates, 0 deletions to 1 objects
04:26:50.714 [main] DEBUG o.h.e.i.AbstractFlushingEventListener - Flushed: 0 (re)creations, 0 updates, 0 removals to 0 collections
04:26:50.714 [main] DEBUG o.h.internal.util.EntityPrinter - Listing entities:
04:26:50.715 [main] DEBUG o.h.internal.util.EntityPrinter - edu.ncsu.csc.itrust2.models.persistent.LogEntry{secondaryUser=null, logCode=5, primaryUser=logapitest, id=475, time=java.util.GregorianCalendar[time=1521606410711,areFieldsSet=true,areAllFieldsSet=true,lenient=true,zone=sun.util.calendar.ZoneInfo[id="Etc/UTC",offset=0,dstSavings=0,useDaylight=false,transitions=0,lastRule=null],firstDayOfWeek=1,minimalDaysInFirstWeek=1,ERA=1,YEAR=2018,MONTH=2,WEEK_OF_YEAR=12,WEEK_OF_MONTH=4,DAY_OF_MONTH=21,DAY_OF_YEAR=80,DAY_OF_WEEK=4,DAY_OF_WEEK_IN_MONTH=3,AM_PM=0,HOUR=4,HOUR_OF_DAY=4,MINUTE=26,SECOND=50,MILLISECOND=711,ZONE_OFFSET=0,DST_OFFSET=0], message=null}
04:26:50.715 [main] DEBUG org.hibernate.SQL - insert into LogEntries (logCode, message, primaryUser, secondaryUser, time, id) values (?, ?, ?, ?, ?, ?)
Hibernate: insert into LogEntries (logCode, message, primaryUser, secondaryUser, time, id) values (?, ?, ?, ?, ?, ?)
04:26:50.716 [main] DEBUG o.h.e.j.internal.JdbcCoordinatorImpl - HHH000420: Closing un-released batch
04:26:50.716 [main] DEBUG o.h.e.t.internal.TransactionImpl - begin
04:26:50.717 [main] DEBUG org.hibernate.SQL - select next_val as id_val from hibernate_sequence for update
Hibernate: select next_val as id_val from hibernate_sequence for update
04:26:50.717 [main] DEBUG org.hibernate.SQL - update hibernate_sequence set next_val= ? where next_val=?
Hibernate: update hibernate_sequence set next_val= ? where next_val=?
04:26:50.718 [main] DEBUG o.h.e.i.AbstractSaveEventListener - Generated identifier: 476, using strategy: org.hibernate.id.enhanced.SequenceStyleGenerator
04:26:50.719 [main] DEBUG o.h.e.t.internal.TransactionImpl - committing
04:26:50.719 [main] DEBUG o.h.e.i.AbstractFlushingEventListener - Processing flush-time cascades
04:26:50.719 [main] DEBUG o.h.e.i.AbstractFlushingEventListener - Dirty checking collections
04:26:50.719 [main] DEBUG o.h.e.i.AbstractFlushingEventListener - Flushed: 1 insertions, 0 updates, 0 deletions to 1 objects
04:26:50.719 [main] DEBUG o.h.e.i.AbstractFlushingEventListener - Flushed: 0 (re)creations, 0 updates, 0 removals to 0 collections
04:26:50.719 [main] DEBUG o.h.internal.util.EntityPrinter - Listing entities:
04:26:50.719 [main] DEBUG o.h.internal.util.EntityPrinter - edu.ncsu.csc.itrust2.models.persistent.LogEntry{secondaryUser=null, logCode=5, primaryUser=logapitest, id=476, time=java.util.GregorianCalendar[time=1521606410716,areFieldsSet=true,areAllFieldsSet=true,lenient=true,zone=sun.util.calendar.ZoneInfo[id="Etc/UTC",offset=0,dstSavings=0,useDaylight=false,transitions=0,lastRule=null],firstDayOfWeek=1,minimalDaysInFirstWeek=1,ERA=1,YEAR=2018,MONTH=2,WEEK_OF_YEAR=12,WEEK_OF_MONTH=4,DAY_OF_MONTH=21,DAY_OF_YEAR=80,DAY_OF_WEEK=4,DAY_OF_WEEK_IN_MONTH=3,AM_PM=0,HOUR=4,HOUR_OF_DAY=4,MINUTE=26,SECOND=50,MILLISECOND=716,ZONE_OFFSET=0,DST_OFFSET=0], message=null}
04:26:50.723 [main] DEBUG org.hibernate.SQL - insert into LogEntries (logCode, message, primaryUser, secondaryUser, time, id) values (?, ?, ?, ?, ?, ?)
Hibernate: insert into LogEntries (logCode, message, primaryUser, secondaryUser, time, id) values (?, ?, ?, ?, ?, ?)
04:26:50.724 [main] DEBUG o.h.e.j.internal.JdbcCoordinatorImpl - HHH000420: Closing un-released batch
04:26:50.725 [main] DEBUG o.h.e.t.internal.TransactionImpl - begin
04:26:50.725 [main] DEBUG org.hibernate.SQL - select next_val as id_val from hibernate_sequence for update
Hibernate: select next_val as id_val from hibernate_sequence for update
04:26:50.726 [main] DEBUG org.hibernate.SQL - update hibernate_sequence set next_val= ? where next_val=?
Hibernate: update hibernate_sequence set next_val= ? where next_val=?
04:26:50.727 [main] DEBUG o.h.e.i.AbstractSaveEventListener - Generated identifier: 477, using strategy: org.hibernate.id.enhanced.SequenceStyleGenerator
04:26:50.727 [main] DEBUG o.h.e.t.internal.TransactionImpl - committing
04:26:50.727 [main] DEBUG o.h.e.i.AbstractFlushingEventListener - Processing flush-time cascades
04:26:50.727 [main] DEBUG o.h.e.i.AbstractFlushingEventListener - Dirty checking collections
04:26:50.727 [main] DEBUG o.h.e.i.AbstractFlushingEventListener - Flushed: 1 insertions, 0 updates, 0 deletions to 1 objects
04:26:50.727 [main] DEBUG o.h.e.i.AbstractFlushingEventListener - Flushed: 0 (re)creations, 0 updates, 0 removals to 0 collections
04:26:50.727 [main] DEBUG o.h.internal.util.EntityPrinter - Listing entities:
04:26:50.727 [main] DEBUG o.h.internal.util.EntityPrinter - edu.ncsu.csc.itrust2.models.persistent.LogEntry{secondaryUser=null, logCode=5, primaryUser=logapitest, id=477, time=java.util.GregorianCalendar[time=1521606410725,areFieldsSet=true,areAllFieldsSet=true,lenient=true,zone=sun.util.calendar.ZoneInfo[id="Etc/UTC",offset=0,dstSavings=0,useDaylight=false,transitions=0,lastRule=null],firstDayOfWeek=1,minimalDaysInFirstWeek=1,ERA=1,YEAR=2018,MONTH=2,WEEK_OF_YEAR=12,WEEK_OF_MONTH=4,DAY_OF_MONTH=21,DAY_OF_YEAR=80,DAY_OF_WEEK=4,DAY_OF_WEEK_IN_MONTH=3,AM_PM=0,HOUR=4,HOUR_OF_DAY=4,MINUTE=26,SECOND=50,MILLISECOND=725,ZONE_OFFSET=0,DST_OFFSET=0], message=null}
04:26:50.728 [main] DEBUG org.hibernate.SQL - insert into LogEntries (logCode, message, primaryUser, secondaryUser, time, id) values (?, ?, ?, ?, ?, ?)
Hibernate: insert into LogEntries (logCode, message, primaryUser, secondaryUser, time, id) values (?, ?, ?, ?, ?, ?)
04:26:50.729 [main] DEBUG o.h.e.j.internal.JdbcCoordinatorImpl - HHH000420: Closing un-released batch
04:26:50.729 [main] DEBUG o.h.e.t.internal.TransactionImpl - begin
04:26:50.729 [main] DEBUG org.hibernate.SQL - select next_val as id_val from hibernate_sequence for update
Hibernate: select next_val as id_val from hibernate_sequence for update
04:26:50.730 [main] DEBUG org.hibernate.SQL - update hibernate_sequence set next_val= ? where next_val=?
Hibernate: update hibernate_sequence set next_val= ? where next_val=?
04:26:50.731 [main] DEBUG o.h.e.i.AbstractSaveEventListener - Generated identifier: 478, using strategy: org.hibernate.id.enhanced.SequenceStyleGenerator
04:26:50.731 [main] DEBUG o.h.e.t.internal.TransactionImpl - committing
04:26:50.731 [main] DEBUG o.h.e.i.AbstractFlushingEventListener - Processing flush-time cascades
04:26:50.731 [main] DEBUG o.h.e.i.AbstractFlushingEventListener - Dirty checking collections
04:26:50.731 [main] DEBUG o.h.e.i.AbstractFlushingEventListener - Flushed: 1 insertions, 0 updates, 0 deletions to 1 objects
04:26:50.731 [main] DEBUG o.h.e.i.AbstractFlushingEventListener - Flushed: 0 (re)creations, 0 updates, 0 removals to 0 collections
04:26:50.731 [main] DEBUG o.h.internal.util.EntityPrinter - Listing entities:
04:26:50.731 [main] DEBUG o.h.internal.util.EntityPrinter - edu.ncsu.csc.itrust2.models.persistent.LogEntry{secondaryUser=null, logCode=5, primaryUser=logapitest, id=478, time=java.util.GregorianCalendar[time=1521606410729,areFieldsSet=true,areAllFieldsSet=true,lenient=true,zone=sun.util.calendar.ZoneInfo[id="Etc/UTC",offset=0,dstSavings=0,useDaylight=false,transitions=0,lastRule=null],firstDayOfWeek=1,minimalDaysInFirstWeek=1,ERA=1,YEAR=2018,MONTH=2,WEEK_OF_YEAR=12,WEEK_OF_MONTH=4,DAY_OF_MONTH=21,DAY_OF_YEAR=80,DAY_OF_WEEK=4,DAY_OF_WEEK_IN_MONTH=3,AM_PM=0,HOUR=4,HOUR_OF_DAY=4,MINUTE=26,SECOND=50,MILLISECOND=729,ZONE_OFFSET=0,DST_OFFSET=0], message=null}
04:26:50.732 [main] DEBUG org.hibernate.SQL - insert into LogEntries (logCode, message, primaryUser, secondaryUser, time, id) values (?, ?, ?, ?, ?, ?)
Hibernate: insert into LogEntries (logCode, message, primaryUser, secondaryUser, time, id) values (?, ?, ?, ?, ?, ?)
04:26:50.733 [main] DEBUG o.h.e.j.internal.JdbcCoordinatorImpl - HHH000420: Closing un-released batch
04:26:50.733 [main] DEBUG o.h.e.t.internal.TransactionImpl - begin
04:26:50.733 [main] DEBUG org.hibernate.SQL - select next_val as id_val from hibernate_sequence for update
Hibernate: select next_val as id_val from hibernate_sequence for update
04:26:50.734 [main] DEBUG org.hibernate.SQL - update hibernate_sequence set next_val= ? where next_val=?
Hibernate: update hibernate_sequence set next_val= ? where next_val=?
04:26:50.740 [main] DEBUG o.h.e.i.AbstractSaveEventListener - Generated identifier: 479, using strategy: org.hibernate.id.enhanced.SequenceStyleGenerator
04:26:50.740 [main] DEBUG o.h.e.t.internal.TransactionImpl - committing
04:26:50.740 [main] DEBUG o.h.e.i.AbstractFlushingEventListener - Processing flush-time cascades
04:26:50.740 [main] DEBUG o.h.e.i.AbstractFlushingEventListener - Dirty checking collections
04:26:50.740 [main] DEBUG o.h.e.i.AbstractFlushingEventListener - Flushed: 1 insertions, 0 updates, 0 deletions to 1 objects
04:26:50.740 [main] DEBUG o.h.e.i.AbstractFlushingEventListener - Flushed: 0 (re)creations, 0 updates, 0 removals to 0 collections
04:26:50.741 [main] DEBUG o.h.internal.util.EntityPrinter - Listing entities:
04:26:50.741 [main] DEBUG o.h.internal.util.EntityPrinter - edu.ncsu.csc.itrust2.models.persistent.LogEntry{secondaryUser=null, logCode=5, primaryUser=logapitest, id=479, time=java.util.GregorianCalendar[time=1521606410733,areFieldsSet=true,areAllFieldsSet=true,lenient=true,zone=sun.util.calendar.ZoneInfo[id="Etc/UTC",offset=0,dstSavings=0,useDaylight=false,transitions=0,lastRule=null],firstDayOfWeek=1,minimalDaysInFirstWeek=1,ERA=1,YEAR=2018,MONTH=2,WEEK_OF_YEAR=12,WEEK_OF_MONTH=4,DAY_OF_MONTH=21,DAY_OF_YEAR=80,DAY_OF_WEEK=4,DAY_OF_WEEK_IN_MONTH=3,AM_PM=0,HOUR=4,HOUR_OF_DAY=4,MINUTE=26,SECOND=50,MILLISECOND=733,ZONE_OFFSET=0,DST_OFFSET=0], message=null}
04:26:50.741 [main] DEBUG org.hibernate.SQL - insert into LogEntries (logCode, message, primaryUser, secondaryUser, time, id) values (?, ?, ?, ?, ?, ?)
Hibernate: insert into LogEntries (logCode, message, primaryUser, secondaryUser, time, id) values (?, ?, ?, ?, ?, ?)
04:26:50.743 [main] DEBUG o.h.e.j.internal.JdbcCoordinatorImpl - HHH000420: Closing un-released batch
04:26:50.743 [main] DEBUG o.h.e.t.internal.TransactionImpl - begin
04:26:50.743 [main] DEBUG org.hibernate.SQL - select next_val as id_val from hibernate_sequence for update
Hibernate: select next_val as id_val from hibernate_sequence for update
04:26:50.744 [main] DEBUG org.hibernate.SQL - update hibernate_sequence set next_val= ? where next_val=?
Hibernate: update hibernate_sequence set next_val= ? where next_val=?
04:26:50.745 [main] DEBUG o.h.e.i.AbstractSaveEventListener - Generated identifier: 480, using strategy: org.hibernate.id.enhanced.SequenceStyleGenerator
04:26:50.745 [main] DEBUG o.h.e.t.internal.TransactionImpl - committing
04:26:50.745 [main] DEBUG o.h.e.i.AbstractFlushingEventListener - Processing flush-time cascades
04:26:50.745 [main] DEBUG o.h.e.i.AbstractFlushingEventListener - Dirty checking collections
04:26:50.745 [main] DEBUG o.h.e.i.AbstractFlushingEventListener - Flushed: 1 insertions, 0 updates, 0 deletions to 1 objects
04:26:50.745 [main] DEBUG o.h.e.i.AbstractFlushingEventListener - Flushed: 0 (re)creations, 0 updates, 0 removals to 0 collections
04:26:50.745 [main] DEBUG o.h.internal.util.EntityPrinter - Listing entities:
04:26:50.746 [main] DEBUG o.h.internal.util.EntityPrinter - edu.ncsu.csc.itrust2.models.persistent.LogEntry{secondaryUser=null, logCode=5, primaryUser=logapitest, id=480, time=java.util.GregorianCalendar[time=1521606410743,areFieldsSet=true,areAllFieldsSet=true,lenient=true,zone=sun.util.calendar.ZoneInfo[id="Etc/UTC",offset=0,dstSavings=0,useDaylight=false,transitions=0,lastRule=null],firstDayOfWeek=1,minimalDaysInFirstWeek=1,ERA=1,YEAR=2018,MONTH=2,WEEK_OF_YEAR=12,WEEK_OF_MONTH=4,DAY_OF_MONTH=21,DAY_OF_YEAR=80,DAY_OF_WEEK=4,DAY_OF_WEEK_IN_MONTH=3,AM_PM=0,HOUR=4,HOUR_OF_DAY=4,MINUTE=26,SECOND=50,MILLISECOND=743,ZONE_OFFSET=0,DST_OFFSET=0], message=null}
04:26:50.746 [main] DEBUG org.hibernate.SQL - insert into LogEntries (logCode, message, primaryUser, secondaryUser, time, id) values (?, ?, ?, ?, ?, ?)
Hibernate: insert into LogEntries (logCode, message, primaryUser, secondaryUser, time, id) values (?, ?, ?, ?, ?, ?)
04:26:50.747 [main] DEBUG o.h.e.j.internal.JdbcCoordinatorImpl - HHH000420: Closing un-released batch
04:26:50.747 [main] DEBUG o.h.e.t.internal.TransactionImpl - begin
04:26:50.748 [main] DEBUG org.hibernate.SQL - select next_val as id_val from hibernate_sequence for update
Hibernate: select next_val as id_val from hibernate_sequence for update
04:26:50.748 [main] DEBUG org.hibernate.SQL - update hibernate_sequence set next_val= ? where next_val=?
Hibernate: update hibernate_sequence set next_val= ? where next_val=?
04:26:50.749 [main] DEBUG o.h.e.i.AbstractSaveEventListener - Generated identifier: 481, using strategy: org.hibernate.id.enhanced.SequenceStyleGenerator
04:26:50.749 [main] DEBUG o.h.e.t.internal.TransactionImpl - committing
04:26:50.749 [main] DEBUG o.h.e.i.AbstractFlushingEventListener - Processing flush-time cascades
04:26:50.749 [main] DEBUG o.h.e.i.AbstractFlushingEventListener - Dirty checking collections
04:26:50.750 [main] DEBUG o.h.e.i.AbstractFlushingEventListener - Flushed: 1 insertions, 0 updates, 0 deletions to 1 objects
04:26:50.750 [main] DEBUG o.h.e.i.AbstractFlushingEventListener - Flushed: 0 (re)creations, 0 updates, 0 removals to 0 collections
04:26:50.750 [main] DEBUG o.h.internal.util.EntityPrinter - Listing entities:
04:26:50.750 [main] DEBUG o.h.internal.util.EntityPrinter - edu.ncsu.csc.itrust2.models.persistent.LogEntry{secondaryUser=null, logCode=5, primaryUser=logapitest, id=481, time=java.util.GregorianCalendar[time=1521606410747,areFieldsSet=true,areAllFieldsSet=true,lenient=true,zone=sun.util.calendar.ZoneInfo[id="Etc/UTC",offset=0,dstSavings=0,useDaylight=false,transitions=0,lastRule=null],firstDayOfWeek=1,minimalDaysInFirstWeek=1,ERA=1,YEAR=2018,MONTH=2,WEEK_OF_YEAR=12,WEEK_OF_MONTH=4,DAY_OF_MONTH=21,DAY_OF_YEAR=80,DAY_OF_WEEK=4,DAY_OF_WEEK_IN_MONTH=3,AM_PM=0,HOUR=4,HOUR_OF_DAY=4,MINUTE=26,SECOND=50,MILLISECOND=747,ZONE_OFFSET=0,DST_OFFSET=0], message=null}
04:26:50.750 [main] DEBUG org.hibernate.SQL - insert into LogEntries (logCode, message, primaryUser, secondaryUser, time, id) values (?, ?, ?, ?, ?, ?)
Hibernate: insert into LogEntries (logCode, message, primaryUser, secondaryUser, time, id) values (?, ?, ?, ?, ?, ?)
04:26:50.751 [main] DEBUG o.h.e.j.internal.JdbcCoordinatorImpl - HHH000420: Closing un-released batch
04:26:50.751 [main] DEBUG o.h.e.t.internal.TransactionImpl - begin
04:26:50.751 [main] DEBUG org.hibernate.SQL - select next_val as id_val from hibernate_sequence for update
Hibernate: select next_val as id_val from hibernate_sequence for update
04:26:50.753 [main] DEBUG org.hibernate.SQL - update hibernate_sequence set next_val= ? where next_val=?
Hibernate: update hibernate_sequence set next_val= ? where next_val=?
04:26:50.754 [main] DEBUG o.h.e.i.AbstractSaveEventListener - Generated identifier: 482, using strategy: org.hibernate.id.enhanced.SequenceStyleGenerator
04:26:50.754 [main] DEBUG o.h.e.t.internal.TransactionImpl - committing
04:26:50.754 [main] DEBUG o.h.e.i.AbstractFlushingEventListener - Processing flush-time cascades
04:26:50.754 [main] DEBUG o.h.e.i.AbstractFlushingEventListener - Dirty checking collections
04:26:50.754 [main] DEBUG o.h.e.i.AbstractFlushingEventListener - Flushed: 1 insertions, 0 updates, 0 deletions to 1 objects
04:26:50.754 [main] DEBUG o.h.e.i.AbstractFlushingEventListener - Flushed: 0 (re)creations, 0 updates, 0 removals to 0 collections
04:26:50.754 [main] DEBUG o.h.internal.util.EntityPrinter - Listing entities:
04:26:50.754 [main] DEBUG o.h.internal.util.EntityPrinter - edu.ncsu.csc.itrust2.models.persistent.LogEntry{secondaryUser=null, logCode=5, primaryUser=logapitest, id=482, time=java.util.GregorianCalendar[time=1521606410751,areFieldsSet=true,areAllFieldsSet=true,lenient=true,zone=sun.util.calendar.ZoneInfo[id="Etc/UTC",offset=0,dstSavings=0,useDaylight=false,transitions=0,lastRule=null],firstDayOfWeek=1,minimalDaysInFirstWeek=1,ERA=1,YEAR=2018,MONTH=2,WEEK_OF_YEAR=12,WEEK_OF_MONTH=4,DAY_OF_MONTH=21,DAY_OF_YEAR=80,DAY_OF_WEEK=4,DAY_OF_WEEK_IN_MONTH=3,AM_PM=0,HOUR=4,HOUR_OF_DAY=4,MINUTE=26,SECOND=50,MILLISECOND=751,ZONE_OFFSET=0,DST_OFFSET=0], message=null}
04:26:50.755 [main] DEBUG org.hibernate.SQL - insert into LogEntries (logCode, message, primaryUser, secondaryUser, time, id) values (?, ?, ?, ?, ?, ?)
Hibernate: insert into LogEntries (logCode, message, primaryUser, secondaryUser, time, id) values (?, ?, ?, ?, ?, ?)
04:26:50.756 [main] DEBUG o.h.e.j.internal.JdbcCoordinatorImpl - HHH000420: Closing un-released batch
04:26:50.756 [main] DEBUG o.h.e.t.internal.TransactionImpl - begin
04:26:50.757 [main] DEBUG org.hibernate.SQL - select next_val as id_val from hibernate_sequence for update
Hibernate: select next_val as id_val from hibernate_sequence for update
04:26:50.757 [main] DEBUG org.hibernate.SQL - update hibernate_sequence set next_val= ? where next_val=?
Hibernate: update hibernate_sequence set next_val= ? where next_val=?
04:26:50.759 [main] DEBUG o.h.e.i.AbstractSaveEventListener - Generated identifier: 483, using strategy: org.hibernate.id.enhanced.SequenceStyleGenerator
04:26:50.759 [main] DEBUG o.h.e.t.internal.TransactionImpl - committing
04:26:50.759 [main] DEBUG o.h.e.i.AbstractFlushingEventListener - Processing flush-time cascades
04:26:50.759 [main] DEBUG o.h.e.i.AbstractFlushingEventListener - Dirty checking collections
04:26:50.760 [main] DEBUG o.h.e.i.AbstractFlushingEventListener - Flushed: 1 insertions, 0 updates, 0 deletions to 1 objects
04:26:50.760 [main] DEBUG o.h.e.i.AbstractFlushingEventListener - Flushed: 0 (re)creations, 0 updates, 0 removals to 0 collections
04:26:50.760 [main] DEBUG o.h.internal.util.EntityPrinter - Listing entities:
04:26:50.760 [main] DEBUG o.h.internal.util.EntityPrinter - edu.ncsu.csc.itrust2.models.persistent.LogEntry{secondaryUser=null, logCode=5, primaryUser=logapitest, id=483, time=java.util.GregorianCalendar[time=1521606410756,areFieldsSet=true,areAllFieldsSet=true,lenient=true,zone=sun.util.calendar.ZoneInfo[id="Etc/UTC",offset=0,dstSavings=0,useDaylight=false,transitions=0,lastRule=null],firstDayOfWeek=1,minimalDaysInFirstWeek=1,ERA=1,YEAR=2018,MONTH=2,WEEK_OF_YEAR=12,WEEK_OF_MONTH=4,DAY_OF_MONTH=21,DAY_OF_YEAR=80,DAY_OF_WEEK=4,DAY_OF_WEEK_IN_MONTH=3,AM_PM=0,HOUR=4,HOUR_OF_DAY=4,MINUTE=26,SECOND=50,MILLISECOND=756,ZONE_OFFSET=0,DST_OFFSET=0], message=null}
04:26:50.760 [main] DEBUG org.hibernate.SQL - insert into LogEntries (logCode, message, primaryUser, secondaryUser, time, id) values (?, ?, ?, ?, ?, ?)
Hibernate: insert into LogEntries (logCode, message, primaryUser, secondaryUser, time, id) values (?, ?, ?, ?, ?, ?)
04:26:50.762 [main] DEBUG o.h.e.j.internal.JdbcCoordinatorImpl - HHH000420: Closing un-released batch
04:26:50.762 [main] DEBUG o.h.e.t.internal.TransactionImpl - begin
04:26:50.762 [main] DEBUG org.hibernate.SQL - select next_val as id_val from hibernate_sequence for update
Hibernate: select next_val as id_val from hibernate_sequence for update
04:26:50.764 [main] DEBUG org.hibernate.SQL - update hibernate_sequence set next_val= ? where next_val=?
Hibernate: update hibernate_sequence set next_val= ? where next_val=?
04:26:50.765 [main] DEBUG o.h.e.i.AbstractSaveEventListener - Generated identifier: 484, using strategy: org.hibernate.id.enhanced.SequenceStyleGenerator
04:26:50.765 [main] DEBUG o.h.e.t.internal.TransactionImpl - committing
04:26:50.765 [main] DEBUG o.h.e.i.AbstractFlushingEventListener - Processing flush-time cascades
04:26:50.765 [main] DEBUG o.h.e.i.AbstractFlushingEventListener - Dirty checking collections
04:26:50.765 [main] DEBUG o.h.e.i.AbstractFlushingEventListener - Flushed: 1 insertions, 0 updates, 0 deletions to 1 objects
04:26:50.765 [main] DEBUG o.h.e.i.AbstractFlushingEventListener - Flushed: 0 (re)creations, 0 updates, 0 removals to 0 collections
04:26:50.765 [main] DEBUG o.h.internal.util.EntityPrinter - Listing entities:
04:26:50.765 [main] DEBUG o.h.internal.util.EntityPrinter - edu.ncsu.csc.itrust2.models.persistent.LogEntry{secondaryUser=null, logCode=5, primaryUser=logapitest, id=484, time=java.util.GregorianCalendar[time=1521606410762,areFieldsSet=true,areAllFieldsSet=true,lenient=true,zone=sun.util.calendar.ZoneInfo[id="Etc/UTC",offset=0,dstSavings=0,useDaylight=false,transitions=0,lastRule=null],firstDayOfWeek=1,minimalDaysInFirstWeek=1,ERA=1,YEAR=2018,MONTH=2,WEEK_OF_YEAR=12,WEEK_OF_MONTH=4,DAY_OF_MONTH=21,DAY_OF_YEAR=80,DAY_OF_WEEK=4,DAY_OF_WEEK_IN_MONTH=3,AM_PM=0,HOUR=4,HOUR_OF_DAY=4,MINUTE=26,SECOND=50,MILLISECOND=762,ZONE_OFFSET=0,DST_OFFSET=0], message=null}
04:26:50.765 [main] DEBUG org.hibernate.SQL - insert into LogEntries (logCode, message, primaryUser, secondaryUser, time, id) values (?, ?, ?, ?, ?, ?)
Hibernate: insert into LogEntries (logCode, message, primaryUser, secondaryUser, time, id) values (?, ?, ?, ?, ?, ?)
04:26:50.767 [main] DEBUG o.h.e.j.internal.JdbcCoordinatorImpl - HHH000420: Closing un-released batch
04:26:50.767 [main] DEBUG o.h.e.t.internal.TransactionImpl - begin
04:26:50.767 [main] DEBUG org.hibernate.SQL - select next_val as id_val from hibernate_sequence for update
Hibernate: select next_val as id_val from hibernate_sequence for update
04:26:50.768 [main] DEBUG org.hibernate.SQL - update hibernate_sequence set next_val= ? where next_val=?
Hibernate: update hibernate_sequence set next_val= ? where next_val=?
04:26:50.769 [main] DEBUG o.h.e.i.AbstractSaveEventListener - Generated identifier: 485, using strategy: org.hibernate.id.enhanced.SequenceStyleGenerator
04:26:50.769 [main] DEBUG o.h.e.t.internal.TransactionImpl - committing
04:26:50.769 [main] DEBUG o.h.e.i.AbstractFlushingEventListener - Processing flush-time cascades
04:26:50.769 [main] DEBUG o.h.e.i.AbstractFlushingEventListener - Dirty checking collections
04:26:50.769 [main] DEBUG o.h.e.i.AbstractFlushingEventListener - Flushed: 1 insertions, 0 updates, 0 deletions to 1 objects
04:26:50.769 [main] DEBUG o.h.e.i.AbstractFlushingEventListener - Flushed: 0 (re)creations, 0 updates, 0 removals to 0 collections
04:26:50.769 [main] DEBUG o.h.internal.util.EntityPrinter - Listing entities:
04:26:50.769 [main] DEBUG o.h.internal.util.EntityPrinter - edu.ncsu.csc.itrust2.models.persistent.LogEntry{secondaryUser=null, logCode=5, primaryUser=logapitest, id=485, time=java.util.GregorianCalendar[time=1521606410767,areFieldsSet=true,areAllFieldsSet=true,lenient=true,zone=sun.util.calendar.ZoneInfo[id="Etc/UTC",offset=0,dstSavings=0,useDaylight=false,transitions=0,lastRule=null],firstDayOfWeek=1,minimalDaysInFirstWeek=1,ERA=1,YEAR=2018,MONTH=2,WEEK_OF_YEAR=12,WEEK_OF_MONTH=4,DAY_OF_MONTH=21,DAY_OF_YEAR=80,DAY_OF_WEEK=4,DAY_OF_WEEK_IN_MONTH=3,AM_PM=0,HOUR=4,HOUR_OF_DAY=4,MINUTE=26,SECOND=50,MILLISECOND=767,ZONE_OFFSET=0,DST_OFFSET=0], message=null}
04:26:50.769 [main] DEBUG org.hibernate.SQL - insert into LogEntries (logCode, message, primaryUser, secondaryUser, time, id) values (?, ?, ?, ?, ?, ?)
Hibernate: insert into LogEntries (logCode, message, primaryUser, secondaryUser, time, id) values (?, ?, ?, ?, ?, ?)
04:26:50.770 [main] DEBUG o.h.e.j.internal.JdbcCoordinatorImpl - HHH000420: Closing un-released batch
04:26:50.770 [main] DEBUG o.h.e.t.internal.TransactionImpl - begin
04:26:50.771 [main] DEBUG org.hibernate.SQL - select next_val as id_val from hibernate_sequence for update
Hibernate: select next_val as id_val from hibernate_sequence for update
04:26:50.771 [main] DEBUG org.hibernate.SQL - update hibernate_sequence set next_val= ? where next_val=?
Hibernate: update hibernate_sequence set next_val= ? where next_val=?
04:26:50.772 [main] DEBUG o.h.e.i.AbstractSaveEventListener - Generated identifier: 486, using strategy: org.hibernate.id.enhanced.SequenceStyleGenerator
04:26:50.772 [main] DEBUG o.h.e.t.internal.TransactionImpl - committing
04:26:50.772 [main] DEBUG o.h.e.i.AbstractFlushingEventListener - Processing flush-time cascades
04:26:50.772 [main] DEBUG o.h.e.i.AbstractFlushingEventListener - Dirty checking collections
04:26:50.772 [main] DEBUG o.h.e.i.AbstractFlushingEventListener - Flushed: 1 insertions, 0 updates, 0 deletions to 1 objects
04:26:50.772 [main] DEBUG o.h.e.i.AbstractFlushingEventListener - Flushed: 0 (re)creations, 0 updates, 0 removals to 0 collections
04:26:50.772 [main] DEBUG o.h.internal.util.EntityPrinter - Listing entities:
04:26:50.772 [main] DEBUG o.h.internal.util.EntityPrinter - edu.ncsu.csc.itrust2.models.persistent.LogEntry{secondaryUser=null, logCode=5, primaryUser=logapitest, id=486, time=java.util.GregorianCalendar[time=1521606410770,areFieldsSet=true,areAllFieldsSet=true,lenient=true,zone=sun.util.calendar.ZoneInfo[id="Etc/UTC",offset=0,dstSavings=0,useDaylight=false,transitions=0,lastRule=null],firstDayOfWeek=1,minimalDaysInFirstWeek=1,ERA=1,YEAR=2018,MONTH=2,WEEK_OF_YEAR=12,WEEK_OF_MONTH=4,DAY_OF_MONTH=21,DAY_OF_YEAR=80,DAY_OF_WEEK=4,DAY_OF_WEEK_IN_MONTH=3,AM_PM=0,HOUR=4,HOUR_OF_DAY=4,MINUTE=26,SECOND=50,MILLISECOND=770,ZONE_OFFSET=0,DST_OFFSET=0], message=null}
04:26:50.773 [main] DEBUG org.hibernate.SQL - insert into LogEntries (logCode, message, primaryUser, secondaryUser, time, id) values (?, ?, ?, ?, ?, ?)
Hibernate: insert into LogEntries (logCode, message, primaryUser, secondaryUser, time, id) values (?, ?, ?, ?, ?, ?)
04:26:50.774 [main] DEBUG o.h.e.j.internal.JdbcCoordinatorImpl - HHH000420: Closing un-released batch
04:26:50.774 [main] DEBUG o.h.e.t.internal.TransactionImpl - begin
04:26:50.775 [main] DEBUG org.hibernate.SQL - select next_val as id_val from hibernate_sequence for update
Hibernate: select next_val as id_val from hibernate_sequence for update
04:26:50.775 [main] DEBUG org.hibernate.SQL - update hibernate_sequence set next_val= ? where next_val=?
Hibernate: update hibernate_sequence set next_val= ? where next_val=?
04:26:50.776 [main] DEBUG o.h.e.i.AbstractSaveEventListener - Generated identifier: 487, using strategy: org.hibernate.id.enhanced.SequenceStyleGenerator
04:26:50.776 [main] DEBUG o.h.e.t.internal.TransactionImpl - committing
04:26:50.776 [main] DEBUG o.h.e.i.AbstractFlushingEventListener - Processing flush-time cascades
04:26:50.776 [main] DEBUG o.h.e.i.AbstractFlushingEventListener - Dirty checking collections
04:26:50.776 [main] DEBUG o.h.e.i.AbstractFlushingEventListener - Flushed: 1 insertions, 0 updates, 0 deletions to 1 objects
04:26:50.776 [main] DEBUG o.h.e.i.AbstractFlushingEventListener - Flushed: 0 (re)creations, 0 updates, 0 removals to 0 collections
04:26:50.776 [main] DEBUG o.h.internal.util.EntityPrinter - Listing entities:
04:26:50.776 [main] DEBUG o.h.internal.util.EntityPrinter - edu.ncsu.csc.itrust2.models.persistent.LogEntry{secondaryUser=null, logCode=5, primaryUser=logapitest, id=487, time=java.util.GregorianCalendar[time=1521606410774,areFieldsSet=true,areAllFieldsSet=true,lenient=true,zone=sun.util.calendar.ZoneInfo[id="Etc/UTC",offset=0,dstSavings=0,useDaylight=false,transitions=0,lastRule=null],firstDayOfWeek=1,minimalDaysInFirstWeek=1,ERA=1,YEAR=2018,MONTH=2,WEEK_OF_YEAR=12,WEEK_OF_MONTH=4,DAY_OF_MONTH=21,DAY_OF_YEAR=80,DAY_OF_WEEK=4,DAY_OF_WEEK_IN_MONTH=3,AM_PM=0,HOUR=4,HOUR_OF_DAY=4,MINUTE=26,SECOND=50,MILLISECOND=774,ZONE_OFFSET=0,DST_OFFSET=0], message=null}
04:26:50.777 [main] DEBUG org.hibernate.SQL - insert into LogEntries (logCode, message, primaryUser, secondaryUser, time, id) values (?, ?, ?, ?, ?, ?)
Hibernate: insert into LogEntries (logCode, message, primaryUser, secondaryUser, time, id) values (?, ?, ?, ?, ?, ?)
04:26:50.778 [main] DEBUG o.h.e.j.internal.JdbcCoordinatorImpl - HHH000420: Closing un-released batch
04:26:50.779 [main] DEBUG o.h.e.t.internal.TransactionImpl - begin
04:26:50.780 [main] DEBUG org.hibernate.SQL - select next_val as id_val from hibernate_sequence for update
Hibernate: select next_val as id_val from hibernate_sequence for update
04:26:50.781 [main] DEBUG org.hibernate.SQL - update hibernate_sequence set next_val= ? where next_val=?
Hibernate: update hibernate_sequence set next_val= ? where next_val=?
04:26:50.782 [main] DEBUG o.h.e.i.AbstractSaveEventListener - Generated identifier: 488, using strategy: org.hibernate.id.enhanced.SequenceStyleGenerator
04:26:50.782 [main] DEBUG o.h.e.t.internal.TransactionImpl - committing
04:26:50.782 [main] DEBUG o.h.e.i.AbstractFlushingEventListener - Processing flush-time cascades
04:26:50.782 [main] DEBUG o.h.e.i.AbstractFlushingEventListener - Dirty checking collections
04:26:50.782 [main] DEBUG o.h.e.i.AbstractFlushingEventListener - Flushed: 1 insertions, 0 updates, 0 deletions to 1 objects
04:26:50.782 [main] DEBUG o.h.e.i.AbstractFlushingEventListener - Flushed: 0 (re)creations, 0 updates, 0 removals to 0 collections
04:26:50.782 [main] DEBUG o.h.internal.util.EntityPrinter - Listing entities:
04:26:50.782 [main] DEBUG o.h.internal.util.EntityPrinter - edu.ncsu.csc.itrust2.models.persistent.LogEntry{secondaryUser=null, logCode=5, primaryUser=logapitest, id=488, time=java.util.GregorianCalendar[time=1521606410778,areFieldsSet=true,areAllFieldsSet=true,lenient=true,zone=sun.util.calendar.ZoneInfo[id="Etc/UTC",offset=0,dstSavings=0,useDaylight=false,transitions=0,lastRule=null],firstDayOfWeek=1,minimalDaysInFirstWeek=1,ERA=1,YEAR=2018,MONTH=2,WEEK_OF_YEAR=12,WEEK_OF_MONTH=4,DAY_OF_MONTH=21,DAY_OF_YEAR=80,DAY_OF_WEEK=4,DAY_OF_WEEK_IN_MONTH=3,AM_PM=0,HOUR=4,HOUR_OF_DAY=4,MINUTE=26,SECOND=50,MILLISECOND=778,ZONE_OFFSET=0,DST_OFFSET=0], message=null}
04:26:50.782 [main] DEBUG org.hibernate.SQL - insert into LogEntries (logCode, message, primaryUser, secondaryUser, time, id) values (?, ?, ?, ?, ?, ?)
Hibernate: insert into LogEntries (logCode, message, primaryUser, secondaryUser, time, id) values (?, ?, ?, ?, ?, ?)
04:26:50.783 [main] DEBUG o.h.e.j.internal.JdbcCoordinatorImpl - HHH000420: Closing un-released batch
04:26:50.784 [main] DEBUG o.h.e.t.internal.TransactionImpl - begin
04:26:50.784 [main] DEBUG org.hibernate.SQL - select next_val as id_val from hibernate_sequence for update
Hibernate: select next_val as id_val from hibernate_sequence for update
04:26:50.784 [main] DEBUG org.hibernate.SQL - update hibernate_sequence set next_val= ? where next_val=?
Hibernate: update hibernate_sequence set next_val= ? where next_val=?
04:26:50.785 [main] DEBUG o.h.e.i.AbstractSaveEventListener - Generated identifier: 489, using strategy: org.hibernate.id.enhanced.SequenceStyleGenerator
04:26:50.785 [main] DEBUG o.h.e.t.internal.TransactionImpl - committing
04:26:50.785 [main] DEBUG o.h.e.i.AbstractFlushingEventListener - Processing flush-time cascades
04:26:50.785 [main] DEBUG o.h.e.i.AbstractFlushingEventListener - Dirty checking collections
04:26:50.785 [main] DEBUG o.h.e.i.AbstractFlushingEventListener - Flushed: 1 insertions, 0 updates, 0 deletions to 1 objects
04:26:50.786 [main] DEBUG o.h.e.i.AbstractFlushingEventListener - Flushed: 0 (re)creations, 0 updates, 0 removals to 0 collections
04:26:50.786 [main] DEBUG o.h.internal.util.EntityPrinter - Listing entities:
04:26:50.786 [main] DEBUG o.h.internal.util.EntityPrinter - edu.ncsu.csc.itrust2.models.persistent.LogEntry{secondaryUser=null, logCode=5, primaryUser=logapitest, id=489, time=java.util.GregorianCalendar[time=1521606410784,areFieldsSet=true,areAllFieldsSet=true,lenient=true,zone=sun.util.calendar.ZoneInfo[id="Etc/UTC",offset=0,dstSavings=0,useDaylight=false,transitions=0,lastRule=null],firstDayOfWeek=1,minimalDaysInFirstWeek=1,ERA=1,YEAR=2018,MONTH=2,WEEK_OF_YEAR=12,WEEK_OF_MONTH=4,DAY_OF_MONTH=21,DAY_OF_YEAR=80,DAY_OF_WEEK=4,DAY_OF_WEEK_IN_MONTH=3,AM_PM=0,HOUR=4,HOUR_OF_DAY=4,MINUTE=26,SECOND=50,MILLISECOND=784,ZONE_OFFSET=0,DST_OFFSET=0], message=null}
04:26:50.786 [main] DEBUG org.hibernate.SQL - insert into LogEntries (logCode, message, primaryUser, secondaryUser, time, id) values (?, ?, ?, ?, ?, ?)
Hibernate: insert into LogEntries (logCode, message, primaryUser, secondaryUser, time, id) values (?, ?, ?, ?, ?, ?)
04:26:50.787 [main] DEBUG o.h.e.j.internal.JdbcCoordinatorImpl - HHH000420: Closing un-released batch
04:26:50.787 [main] DEBUG o.h.e.t.internal.TransactionImpl - begin
04:26:50.788 [main] DEBUG org.hibernate.SQL - select next_val as id_val from hibernate_sequence for update
Hibernate: select next_val as id_val from hibernate_sequence for update
04:26:50.788 [main] DEBUG org.hibernate.SQL - update hibernate_sequence set next_val= ? where next_val=?
Hibernate: update hibernate_sequence set next_val= ? where next_val=?
04:26:50.789 [main] DEBUG o.h.e.i.AbstractSaveEventListener - Generated identifier: 490, using strategy: org.hibernate.id.enhanced.SequenceStyleGenerator
04:26:50.789 [main] DEBUG o.h.e.t.internal.TransactionImpl - committing
04:26:50.789 [main] DEBUG o.h.e.i.AbstractFlushingEventListener - Processing flush-time cascades
04:26:50.789 [main] DEBUG o.h.e.i.AbstractFlushingEventListener - Dirty checking collections
04:26:50.789 [main] DEBUG o.h.e.i.AbstractFlushingEventListener - Flushed: 1 insertions, 0 updates, 0 deletions to 1 objects
04:26:50.789 [main] DEBUG o.h.e.i.AbstractFlushingEventListener - Flushed: 0 (re)creations, 0 updates, 0 removals to 0 collections
04:26:50.789 [main] DEBUG o.h.internal.util.EntityPrinter - Listing entities:
04:26:50.789 [main] DEBUG o.h.internal.util.EntityPrinter - edu.ncsu.csc.itrust2.models.persistent.LogEntry{secondaryUser=null, logCode=5, primaryUser=logapitest, id=490, time=java.util.GregorianCalendar[time=1521606410787,areFieldsSet=true,areAllFieldsSet=true,lenient=true,zone=sun.util.calendar.ZoneInfo[id="Etc/UTC",offset=0,dstSavings=0,useDaylight=false,transitions=0,lastRule=null],firstDayOfWeek=1,minimalDaysInFirstWeek=1,ERA=1,YEAR=2018,MONTH=2,WEEK_OF_YEAR=12,WEEK_OF_MONTH=4,DAY_OF_MONTH=21,DAY_OF_YEAR=80,DAY_OF_WEEK=4,DAY_OF_WEEK_IN_MONTH=3,AM_PM=0,HOUR=4,HOUR_OF_DAY=4,MINUTE=26,SECOND=50,MILLISECOND=787,ZONE_OFFSET=0,DST_OFFSET=0], message=null}
04:26:50.789 [main] DEBUG org.hibernate.SQL - insert into LogEntries (logCode, message, primaryUser, secondaryUser, time, id) values (?, ?, ?, ?, ?, ?)
Hibernate: insert into LogEntries (logCode, message, primaryUser, secondaryUser, time, id) values (?, ?, ?, ?, ?, ?)
04:26:50.790 [main] DEBUG o.h.e.j.internal.JdbcCoordinatorImpl - HHH000420: Closing un-released batch
04:26:50.791 [main] DEBUG o.h.e.t.internal.TransactionImpl - begin
04:26:50.791 [main] DEBUG org.hibernate.SQL - select next_val as id_val from hibernate_sequence for update
Hibernate: select next_val as id_val from hibernate_sequence for update
04:26:50.792 [main] DEBUG org.hibernate.SQL - update hibernate_sequence set next_val= ? where next_val=?
Hibernate: update hibernate_sequence set next_val= ? where next_val=?
04:26:50.792 [main] DEBUG o.h.e.i.AbstractSaveEventListener - Generated identifier: 491, using strategy: org.hibernate.id.enhanced.SequenceStyleGenerator
04:26:50.793 [main] DEBUG o.h.e.t.internal.TransactionImpl - committing
04:26:50.793 [main] DEBUG o.h.e.i.AbstractFlushingEventListener - Processing flush-time cascades
04:26:50.793 [main] DEBUG o.h.e.i.AbstractFlushingEventListener - Dirty checking collections
04:26:50.793 [main] DEBUG o.h.e.i.AbstractFlushingEventListener - Flushed: 1 insertions, 0 updates, 0 deletions to 1 objects
04:26:50.793 [main] DEBUG o.h.e.i.AbstractFlushingEventListener - Flushed: 0 (re)creations, 0 updates, 0 removals to 0 collections
04:26:50.793 [main] DEBUG o.h.internal.util.EntityPrinter - Listing entities:
04:26:50.793 [main] DEBUG o.h.internal.util.EntityPrinter - edu.ncsu.csc.itrust2.models.persistent.LogEntry{secondaryUser=null, logCode=5, primaryUser=logapitest, id=491, time=java.util.GregorianCalendar[time=1521606410791,areFieldsSet=true,areAllFieldsSet=true,lenient=true,zone=sun.util.calendar.ZoneInfo[id="Etc/UTC",offset=0,dstSavings=0,useDaylight=false,transitions=0,lastRule=null],firstDayOfWeek=1,minimalDaysInFirstWeek=1,ERA=1,YEAR=2018,MONTH=2,WEEK_OF_YEAR=12,WEEK_OF_MONTH=4,DAY_OF_MONTH=21,DAY_OF_YEAR=80,DAY_OF_WEEK=4,DAY_OF_WEEK_IN_MONTH=3,AM_PM=0,HOUR=4,HOUR_OF_DAY=4,MINUTE=26,SECOND=50,MILLISECOND=791,ZONE_OFFSET=0,DST_OFFSET=0], message=null}
04:26:50.794 [main] DEBUG org.hibernate.SQL - insert into LogEntries (logCode, message, primaryUser, secondaryUser, time, id) values (?, ?, ?, ?, ?, ?)
Hibernate: insert into LogEntries (logCode, message, primaryUser, secondaryUser, time, id) values (?, ?, ?, ?, ?, ?)
04:26:50.795 [main] DEBUG o.h.e.j.internal.JdbcCoordinatorImpl - HHH000420: Closing un-released batch
04:26:50.796 [main] DEBUG o.h.e.t.internal.TransactionImpl - begin
04:26:50.796 [main] DEBUG org.hibernate.SQL - select next_val as id_val from hibernate_sequence for update
Hibernate: select next_val as id_val from hibernate_sequence for update
04:26:50.796 [main] DEBUG org.hibernate.SQL - update hibernate_sequence set next_val= ? where next_val=?
Hibernate: update hibernate_sequence set next_val= ? where next_val=?
04:26:50.797 [main] DEBUG o.h.e.i.AbstractSaveEventListener - Generated identifier: 492, using strategy: org.hibernate.id.enhanced.SequenceStyleGenerator
04:26:50.797 [main] DEBUG o.h.e.t.internal.TransactionImpl - committing
04:26:50.797 [main] DEBUG o.h.e.i.AbstractFlushingEventListener - Processing flush-time cascades
04:26:50.797 [main] DEBUG o.h.e.i.AbstractFlushingEventListener - Dirty checking collections
04:26:50.798 [main] DEBUG o.h.e.i.AbstractFlushingEventListener - Flushed: 1 insertions, 0 updates, 0 deletions to 1 objects
04:26:50.798 [main] DEBUG o.h.e.i.AbstractFlushingEventListener - Flushed: 0 (re)creations, 0 updates, 0 removals to 0 collections
04:26:50.798 [main] DEBUG o.h.internal.util.EntityPrinter - Listing entities:
04:26:50.798 [main] DEBUG o.h.internal.util.EntityPrinter - edu.ncsu.csc.itrust2.models.persistent.LogEntry{secondaryUser=null, logCode=5, primaryUser=logapitest, id=492, time=java.util.GregorianCalendar[time=1521606410796,areFieldsSet=true,areAllFieldsSet=true,lenient=true,zone=sun.util.calendar.ZoneInfo[id="Etc/UTC",offset=0,dstSavings=0,useDaylight=false,transitions=0,lastRule=null],firstDayOfWeek=1,minimalDaysInFirstWeek=1,ERA=1,YEAR=2018,MONTH=2,WEEK_OF_YEAR=12,WEEK_OF_MONTH=4,DAY_OF_MONTH=21,DAY_OF_YEAR=80,DAY_OF_WEEK=4,DAY_OF_WEEK_IN_MONTH=3,AM_PM=0,HOUR=4,HOUR_OF_DAY=4,MINUTE=26,SECOND=50,MILLISECOND=796,ZONE_OFFSET=0,DST_OFFSET=0], message=null}
04:26:50.798 [main] DEBUG org.hibernate.SQL - insert into LogEntries (logCode, message, primaryUser, secondaryUser, time, id) values (?, ?, ?, ?, ?, ?)
Hibernate: insert into LogEntries (logCode, message, primaryUser, secondaryUser, time, id) values (?, ?, ?, ?, ?, ?)
04:26:50.799 [main] DEBUG o.h.e.j.internal.JdbcCoordinatorImpl - HHH000420: Closing un-released batch
04:26:50.799 [main] DEBUG o.h.e.t.internal.TransactionImpl - begin
04:26:50.800 [main] DEBUG org.hibernate.SQL - select next_val as id_val from hibernate_sequence for update
Hibernate: select next_val as id_val from hibernate_sequence for update
04:26:50.800 [main] DEBUG org.hibernate.SQL - update hibernate_sequence set next_val= ? where next_val=?
Hibernate: update hibernate_sequence set next_val= ? where next_val=?
04:26:50.801 [main] DEBUG o.h.e.i.AbstractSaveEventListener - Generated identifier: 493, using strategy: org.hibernate.id.enhanced.SequenceStyleGenerator
04:26:50.801 [main] DEBUG o.h.e.t.internal.TransactionImpl - committing
04:26:50.801 [main] DEBUG o.h.e.i.AbstractFlushingEventListener - Processing flush-time cascades
04:26:50.801 [main] DEBUG o.h.e.i.AbstractFlushingEventListener - Dirty checking collections
04:26:50.801 [main] DEBUG o.h.e.i.AbstractFlushingEventListener - Flushed: 1 insertions, 0 updates, 0 deletions to 1 objects
04:26:50.802 [main] DEBUG o.h.e.i.AbstractFlushingEventListener - Flushed: 0 (re)creations, 0 updates, 0 removals to 0 collections
04:26:50.802 [main] DEBUG o.h.internal.util.EntityPrinter - Listing entities:
04:26:50.802 [main] DEBUG o.h.internal.util.EntityPrinter - edu.ncsu.csc.itrust2.models.persistent.LogEntry{secondaryUser=null, logCode=5, primaryUser=logapitest, id=493, time=java.util.GregorianCalendar[time=1521606410799,areFieldsSet=true,areAllFieldsSet=true,lenient=true,zone=sun.util.calendar.ZoneInfo[id="Etc/UTC",offset=0,dstSavings=0,useDaylight=false,transitions=0,lastRule=null],firstDayOfWeek=1,minimalDaysInFirstWeek=1,ERA=1,YEAR=2018,MONTH=2,WEEK_OF_YEAR=12,WEEK_OF_MONTH=4,DAY_OF_MONTH=21,DAY_OF_YEAR=80,DAY_OF_WEEK=4,DAY_OF_WEEK_IN_MONTH=3,AM_PM=0,HOUR=4,HOUR_OF_DAY=4,MINUTE=26,SECOND=50,MILLISECOND=799,ZONE_OFFSET=0,DST_OFFSET=0], message=null}
04:26:50.802 [main] DEBUG org.hibernate.SQL - insert into LogEntries (logCode, message, primaryUser, secondaryUser, time, id) values (?, ?, ?, ?, ?, ?)
Hibernate: insert into LogEntries (logCode, message, primaryUser, secondaryUser, time, id) values (?, ?, ?, ?, ?, ?)
04:26:50.803 [main] DEBUG o.h.e.j.internal.JdbcCoordinatorImpl - HHH000420: Closing un-released batch
04:26:50.803 [main] DEBUG o.h.e.t.internal.TransactionImpl - begin
04:26:50.804 [main] DEBUG org.hibernate.SQL - select next_val as id_val from hibernate_sequence for update
Hibernate: select next_val as id_val from hibernate_sequence for update
04:26:50.804 [main] DEBUG org.hibernate.SQL - update hibernate_sequence set next_val= ? where next_val=?
Hibernate: update hibernate_sequence set next_val= ? where next_val=?
04:26:50.805 [main] DEBUG o.h.e.i.AbstractSaveEventListener - Generated identifier: 494, using strategy: org.hibernate.id.enhanced.SequenceStyleGenerator
04:26:50.805 [main] DEBUG o.h.e.t.internal.TransactionImpl - committing
04:26:50.805 [main] DEBUG o.h.e.i.AbstractFlushingEventListener - Processing flush-time cascades
04:26:50.805 [main] DEBUG o.h.e.i.AbstractFlushingEventListener - Dirty checking collections
04:26:50.806 [main] DEBUG o.h.e.i.AbstractFlushingEventListener - Flushed: 1 insertions, 0 updates, 0 deletions to 1 objects
04:26:50.806 [main] DEBUG o.h.e.i.AbstractFlushingEventListener - Flushed: 0 (re)creations, 0 updates, 0 removals to 0 collections
04:26:50.806 [main] DEBUG o.h.internal.util.EntityPrinter - Listing entities:
04:26:50.806 [main] DEBUG o.h.internal.util.EntityPrinter - edu.ncsu.csc.itrust2.models.persistent.LogEntry{secondaryUser=null, logCode=5, primaryUser=logapitest, id=494, time=java.util.GregorianCalendar[time=1521606410803,areFieldsSet=true,areAllFieldsSet=true,lenient=true,zone=sun.util.calendar.ZoneInfo[id="Etc/UTC",offset=0,dstSavings=0,useDaylight=false,transitions=0,lastRule=null],firstDayOfWeek=1,minimalDaysInFirstWeek=1,ERA=1,YEAR=2018,MONTH=2,WEEK_OF_YEAR=12,WEEK_OF_MONTH=4,DAY_OF_MONTH=21,DAY_OF_YEAR=80,DAY_OF_WEEK=4,DAY_OF_WEEK_IN_MONTH=3,AM_PM=0,HOUR=4,HOUR_OF_DAY=4,MINUTE=26,SECOND=50,MILLISECOND=803,ZONE_OFFSET=0,DST_OFFSET=0], message=null}
04:26:50.806 [main] DEBUG org.hibernate.SQL - insert into LogEntries (logCode, message, primaryUser, secondaryUser, time, id) values (?, ?, ?, ?, ?, ?)
Hibernate: insert into LogEntries (logCode, message, primaryUser, secondaryUser, time, id) values (?, ?, ?, ?, ?, ?)
04:26:50.807 [main] DEBUG o.h.e.j.internal.JdbcCoordinatorImpl - HHH000420: Closing un-released batch
04:26:50.807 [main] DEBUG o.h.e.t.internal.TransactionImpl - begin
04:26:50.808 [main] DEBUG org.hibernate.SQL - select next_val as id_val from hibernate_sequence for update
Hibernate: select next_val as id_val from hibernate_sequence for update
04:26:50.808 [main] DEBUG org.hibernate.SQL - update hibernate_sequence set next_val= ? where next_val=?
Hibernate: update hibernate_sequence set next_val= ? where next_val=?
04:26:50.809 [main] DEBUG o.h.e.i.AbstractSaveEventListener - Generated identifier: 495, using strategy: org.hibernate.id.enhanced.SequenceStyleGenerator
04:26:50.809 [main] DEBUG o.h.e.t.internal.TransactionImpl - committing
04:26:50.809 [main] DEBUG o.h.e.i.AbstractFlushingEventListener - Processing flush-time cascades
04:26:50.809 [main] DEBUG o.h.e.i.AbstractFlushingEventListener - Dirty checking collections
04:26:50.809 [main] DEBUG o.h.e.i.AbstractFlushingEventListener - Flushed: 1 insertions, 0 updates, 0 deletions to 1 objects
04:26:50.809 [main] DEBUG o.h.e.i.AbstractFlushingEventListener - Flushed: 0 (re)creations, 0 updates, 0 removals to 0 collections
04:26:50.809 [main] DEBUG o.h.internal.util.EntityPrinter - Listing entities:
04:26:50.809 [main] DEBUG o.h.internal.util.EntityPrinter - edu.ncsu.csc.itrust2.models.persistent.LogEntry{secondaryUser=null, logCode=5, primaryUser=logapitest, id=495, time=java.util.GregorianCalendar[time=1521606410807,areFieldsSet=true,areAllFieldsSet=true,lenient=true,zone=sun.util.calendar.ZoneInfo[id="Etc/UTC",offset=0,dstSavings=0,useDaylight=false,transitions=0,lastRule=null],firstDayOfWeek=1,minimalDaysInFirstWeek=1,ERA=1,YEAR=2018,MONTH=2,WEEK_OF_YEAR=12,WEEK_OF_MONTH=4,DAY_OF_MONTH=21,DAY_OF_YEAR=80,DAY_OF_WEEK=4,DAY_OF_WEEK_IN_MONTH=3,AM_PM=0,HOUR=4,HOUR_OF_DAY=4,MINUTE=26,SECOND=50,MILLISECOND=807,ZONE_OFFSET=0,DST_OFFSET=0], message=null}
04:26:50.810 [main] DEBUG org.hibernate.SQL - insert into LogEntries (logCode, message, primaryUser, secondaryUser, time, id) values (?, ?, ?, ?, ?, ?)
Hibernate: insert into LogEntries (logCode, message, primaryUser, secondaryUser, time, id) values (?, ?, ?, ?, ?, ?)
04:26:50.811 [main] DEBUG o.h.e.j.internal.JdbcCoordinatorImpl - HHH000420: Closing un-released batch
04:26:50.811 [main] DEBUG o.h.e.t.internal.TransactionImpl - begin
04:26:50.812 [main] DEBUG org.hibernate.SQL - select next_val as id_val from hibernate_sequence for update
Hibernate: select next_val as id_val from hibernate_sequence for update
04:26:50.812 [main] DEBUG org.hibernate.SQL - update hibernate_sequence set next_val= ? where next_val=?
Hibernate: update hibernate_sequence set next_val= ? where next_val=?
04:26:50.813 [main] DEBUG o.h.e.i.AbstractSaveEventListener - Generated identifier: 496, using strategy: org.hibernate.id.enhanced.SequenceStyleGenerator
04:26:50.813 [main] DEBUG o.h.e.t.internal.TransactionImpl - committing
04:26:50.813 [main] DEBUG o.h.e.i.AbstractFlushingEventListener - Processing flush-time cascades
04:26:50.813 [main] DEBUG o.h.e.i.AbstractFlushingEventListener - Dirty checking collections
04:26:50.813 [main] DEBUG o.h.e.i.AbstractFlushingEventListener - Flushed: 1 insertions, 0 updates, 0 deletions to 1 objects
04:26:50.813 [main] DEBUG o.h.e.i.AbstractFlushingEventListener - Flushed: 0 (re)creations, 0 updates, 0 removals to 0 collections
04:26:50.813 [main] DEBUG o.h.internal.util.EntityPrinter - Listing entities:
04:26:50.813 [main] DEBUG o.h.internal.util.EntityPrinter - edu.ncsu.csc.itrust2.models.persistent.LogEntry{secondaryUser=null, logCode=5, primaryUser=logapitest, id=496, time=java.util.GregorianCalendar[time=1521606410811,areFieldsSet=true,areAllFieldsSet=true,lenient=true,zone=sun.util.calendar.ZoneInfo[id="Etc/UTC",offset=0,dstSavings=0,useDaylight=false,transitions=0,lastRule=null],firstDayOfWeek=1,minimalDaysInFirstWeek=1,ERA=1,YEAR=2018,MONTH=2,WEEK_OF_YEAR=12,WEEK_OF_MONTH=4,DAY_OF_MONTH=21,DAY_OF_YEAR=80,DAY_OF_WEEK=4,DAY_OF_WEEK_IN_MONTH=3,AM_PM=0,HOUR=4,HOUR_OF_DAY=4,MINUTE=26,SECOND=50,MILLISECOND=811,ZONE_OFFSET=0,DST_OFFSET=0], message=null}
04:26:50.814 [main] DEBUG org.hibernate.SQL - insert into LogEntries (logCode, message, primaryUser, secondaryUser, time, id) values (?, ?, ?, ?, ?, ?)
Hibernate: insert into LogEntries (logCode, message, primaryUser, secondaryUser, time, id) values (?, ?, ?, ?, ?, ?)
04:26:50.815 [main] DEBUG o.h.e.j.internal.JdbcCoordinatorImpl - HHH000420: Closing un-released batch
04:26:50.815 [main] DEBUG o.h.e.t.internal.TransactionImpl - begin
04:26:50.816 [main] DEBUG org.hibernate.SQL - select next_val as id_val from hibernate_sequence for update
Hibernate: select next_val as id_val from hibernate_sequence for update
04:26:50.817 [main] DEBUG org.hibernate.SQL - update hibernate_sequence set next_val= ? where next_val=?
Hibernate: update hibernate_sequence set next_val= ? where next_val=?
04:26:50.818 [main] DEBUG o.h.e.i.AbstractSaveEventListener - Generated identifier: 497, using strategy: org.hibernate.id.enhanced.SequenceStyleGenerator
04:26:50.818 [main] DEBUG o.h.e.t.internal.TransactionImpl - committing
04:26:50.818 [main] DEBUG o.h.e.i.AbstractFlushingEventListener - Processing flush-time cascades
04:26:50.818 [main] DEBUG o.h.e.i.AbstractFlushingEventListener - Dirty checking collections
04:26:50.819 [main] DEBUG o.h.e.i.AbstractFlushingEventListener - Flushed: 1 insertions, 0 updates, 0 deletions to 1 objects
04:26:50.819 [main] DEBUG o.h.e.i.AbstractFlushingEventListener - Flushed: 0 (re)creations, 0 updates, 0 removals to 0 collections
04:26:50.819 [main] DEBUG o.h.internal.util.EntityPrinter - Listing entities:
04:26:50.819 [main] DEBUG o.h.internal.util.EntityPrinter - edu.ncsu.csc.itrust2.models.persistent.LogEntry{secondaryUser=null, logCode=5, primaryUser=logapitest, id=497, time=java.util.GregorianCalendar[time=1521606410815,areFieldsSet=true,areAllFieldsSet=true,lenient=true,zone=sun.util.calendar.ZoneInfo[id="Etc/UTC",offset=0,dstSavings=0,useDaylight=false,transitions=0,lastRule=null],firstDayOfWeek=1,minimalDaysInFirstWeek=1,ERA=1,YEAR=2018,MONTH=2,WEEK_OF_YEAR=12,WEEK_OF_MONTH=4,DAY_OF_MONTH=21,DAY_OF_YEAR=80,DAY_OF_WEEK=4,DAY_OF_WEEK_IN_MONTH=3,AM_PM=0,HOUR=4,HOUR_OF_DAY=4,MINUTE=26,SECOND=50,MILLISECOND=815,ZONE_OFFSET=0,DST_OFFSET=0], message=null}
04:26:50.821 [main] DEBUG org.hibernate.SQL - insert into LogEntries (logCode, message, primaryUser, secondaryUser, time, id) values (?, ?, ?, ?, ?, ?)
Hibernate: insert into LogEntries (logCode, message, primaryUser, secondaryUser, time, id) values (?, ?, ?, ?, ?, ?)
04:26:50.830 [main] DEBUG o.h.e.j.internal.JdbcCoordinatorImpl - HHH000420: Closing un-released batch
04:26:50.830 [main] DEBUG o.h.e.t.internal.TransactionImpl - begin
04:26:50.831 [main] DEBUG org.hibernate.SQL - select next_val as id_val from hibernate_sequence for update
Hibernate: select next_val as id_val from hibernate_sequence for update
04:26:50.831 [main] DEBUG org.hibernate.SQL - update hibernate_sequence set next_val= ? where next_val=?
Hibernate: update hibernate_sequence set next_val= ? where next_val=?
04:26:50.833 [main] DEBUG o.h.e.i.AbstractSaveEventListener - Generated identifier: 498, using strategy: org.hibernate.id.enhanced.SequenceStyleGenerator
04:26:50.833 [main] DEBUG o.h.e.t.internal.TransactionImpl - committing
04:26:50.834 [main] DEBUG o.h.e.i.AbstractFlushingEventListener - Processing flush-time cascades
04:26:50.834 [main] DEBUG o.h.e.i.AbstractFlushingEventListener - Dirty checking collections
04:26:50.834 [main] DEBUG o.h.e.i.AbstractFlushingEventListener - Flushed: 1 insertions, 0 updates, 0 deletions to 1 objects
04:26:50.834 [main] DEBUG o.h.e.i.AbstractFlushingEventListener - Flushed: 0 (re)creations, 0 updates, 0 removals to 0 collections
04:26:50.834 [main] DEBUG o.h.internal.util.EntityPrinter - Listing entities:
04:26:50.834 [main] DEBUG o.h.internal.util.EntityPrinter - edu.ncsu.csc.itrust2.models.persistent.LogEntry{secondaryUser=null, logCode=5, primaryUser=logapitest, id=498, time=java.util.GregorianCalendar[time=1521606410830,areFieldsSet=true,areAllFieldsSet=true,lenient=true,zone=sun.util.calendar.ZoneInfo[id="Etc/UTC",offset=0,dstSavings=0,useDaylight=false,transitions=0,lastRule=null],firstDayOfWeek=1,minimalDaysInFirstWeek=1,ERA=1,YEAR=2018,MONTH=2,WEEK_OF_YEAR=12,WEEK_OF_MONTH=4,DAY_OF_MONTH=21,DAY_OF_YEAR=80,DAY_OF_WEEK=4,DAY_OF_WEEK_IN_MONTH=3,AM_PM=0,HOUR=4,HOUR_OF_DAY=4,MINUTE=26,SECOND=50,MILLISECOND=830,ZONE_OFFSET=0,DST_OFFSET=0], message=null}
04:26:50.835 [main] DEBUG org.hibernate.SQL - insert into LogEntries (logCode, message, primaryUser, secondaryUser, time, id) values (?, ?, ?, ?, ?, ?)
Hibernate: insert into LogEntries (logCode, message, primaryUser, secondaryUser, time, id) values (?, ?, ?, ?, ?, ?)
04:26:50.839 [main] DEBUG o.h.e.j.internal.JdbcCoordinatorImpl - HHH000420: Closing un-released batch
04:26:50.839 [main] DEBUG o.h.e.t.internal.TransactionImpl - begin
04:26:50.840 [main] DEBUG org.hibernate.SQL - select next_val as id_val from hibernate_sequence for update
Hibernate: select next_val as id_val from hibernate_sequence for update
04:26:50.840 [main] DEBUG org.hibernate.SQL - update hibernate_sequence set next_val= ? where next_val=?
Hibernate: update hibernate_sequence set next_val= ? where next_val=?
04:26:50.841 [main] DEBUG o.h.e.i.AbstractSaveEventListener - Generated identifier: 499, using strategy: org.hibernate.id.enhanced.SequenceStyleGenerator
04:26:50.842 [main] DEBUG o.h.e.t.internal.TransactionImpl - committing
04:26:50.842 [main] DEBUG o.h.e.i.AbstractFlushingEventListener - Processing flush-time cascades
04:26:50.842 [main] DEBUG o.h.e.i.AbstractFlushingEventListener - Dirty checking collections
04:26:50.842 [main] DEBUG o.h.e.i.AbstractFlushingEventListener - Flushed: 1 insertions, 0 updates, 0 deletions to 1 objects
04:26:50.842 [main] DEBUG o.h.e.i.AbstractFlushingEventListener - Flushed: 0 (re)creations, 0 updates, 0 removals to 0 collections
04:26:50.842 [main] DEBUG o.h.internal.util.EntityPrinter - Listing entities:
04:26:50.842 [main] DEBUG o.h.internal.util.EntityPrinter - edu.ncsu.csc.itrust2.models.persistent.LogEntry{secondaryUser=null, logCode=5, primaryUser=logapitest, id=499, time=java.util.GregorianCalendar[time=1521606410839,areFieldsSet=true,areAllFieldsSet=true,lenient=true,zone=sun.util.calendar.ZoneInfo[id="Etc/UTC",offset=0,dstSavings=0,useDaylight=false,transitions=0,lastRule=null],firstDayOfWeek=1,minimalDaysInFirstWeek=1,ERA=1,YEAR=2018,MONTH=2,WEEK_OF_YEAR=12,WEEK_OF_MONTH=4,DAY_OF_MONTH=21,DAY_OF_YEAR=80,DAY_OF_WEEK=4,DAY_OF_WEEK_IN_MONTH=3,AM_PM=0,HOUR=4,HOUR_OF_DAY=4,MINUTE=26,SECOND=50,MILLISECOND=839,ZONE_OFFSET=0,DST_OFFSET=0], message=null}
04:26:50.842 [main] DEBUG org.hibernate.SQL - insert into LogEntries (logCode, message, primaryUser, secondaryUser, time, id) values (?, ?, ?, ?, ?, ?)
Hibernate: insert into LogEntries (logCode, message, primaryUser, secondaryUser, time, id) values (?, ?, ?, ?, ?, ?)
04:26:50.844 [main] DEBUG o.h.e.j.internal.JdbcCoordinatorImpl - HHH000420: Closing un-released batch
04:26:50.844 [main] DEBUG o.h.e.t.internal.TransactionImpl - begin
04:26:50.844 [main] DEBUG org.hibernate.SQL - select next_val as id_val from hibernate_sequence for update
Hibernate: select next_val as id_val from hibernate_sequence for update
04:26:50.845 [main] DEBUG org.hibernate.SQL - update hibernate_sequence set next_val= ? where next_val=?
Hibernate: update hibernate_sequence set next_val= ? where next_val=?
04:26:50.846 [main] DEBUG o.h.e.i.AbstractSaveEventListener - Generated identifier: 500, using strategy: org.hibernate.id.enhanced.SequenceStyleGenerator
04:26:50.846 [main] DEBUG o.h.e.t.internal.TransactionImpl - committing
04:26:50.846 [main] DEBUG o.h.e.i.AbstractFlushingEventListener - Processing flush-time cascades
04:26:50.846 [main] DEBUG o.h.e.i.AbstractFlushingEventListener - Dirty checking collections
04:26:50.846 [main] DEBUG o.h.e.i.AbstractFlushingEventListener - Flushed: 1 insertions, 0 updates, 0 deletions to 1 objects
04:26:50.846 [main] DEBUG o.h.e.i.AbstractFlushingEventListener - Flushed: 0 (re)creations, 0 updates, 0 removals to 0 collections
04:26:50.846 [main] DEBUG o.h.internal.util.EntityPrinter - Listing entities:
04:26:50.846 [main] DEBUG o.h.internal.util.EntityPrinter - edu.ncsu.csc.itrust2.models.persistent.LogEntry{secondaryUser=null, logCode=5, primaryUser=logapitest, id=500, time=java.util.GregorianCalendar[time=1521606410844,areFieldsSet=true,areAllFieldsSet=true,lenient=true,zone=sun.util.calendar.ZoneInfo[id="Etc/UTC",offset=0,dstSavings=0,useDaylight=false,transitions=0,lastRule=null],firstDayOfWeek=1,minimalDaysInFirstWeek=1,ERA=1,YEAR=2018,MONTH=2,WEEK_OF_YEAR=12,WEEK_OF_MONTH=4,DAY_OF_MONTH=21,DAY_OF_YEAR=80,DAY_OF_WEEK=4,DAY_OF_WEEK_IN_MONTH=3,AM_PM=0,HOUR=4,HOUR_OF_DAY=4,MINUTE=26,SECOND=50,MILLISECOND=844,ZONE_OFFSET=0,DST_OFFSET=0], message=null}
04:26:50.846 [main] DEBUG org.hibernate.SQL - insert into LogEntries (logCode, message, primaryUser, secondaryUser, time, id) values (?, ?, ?, ?, ?, ?)
Hibernate: insert into LogEntries (logCode, message, primaryUser, secondaryUser, time, id) values (?, ?, ?, ?, ?, ?)
04:26:50.847 [main] DEBUG o.h.e.j.internal.JdbcCoordinatorImpl - HHH000420: Closing un-released batch
04:26:50.848 [main] DEBUG o.h.e.t.internal.TransactionImpl - begin
04:26:50.848 [main] DEBUG org.hibernate.SQL - select next_val as id_val from hibernate_sequence for update
Hibernate: select next_val as id_val from hibernate_sequence for update
04:26:50.848 [main] DEBUG org.hibernate.SQL - update hibernate_sequence set next_val= ? where next_val=?
Hibernate: update hibernate_sequence set next_val= ? where next_val=?
04:26:50.849 [main] DEBUG o.h.e.i.AbstractSaveEventListener - Generated identifier: 501, using strategy: org.hibernate.id.enhanced.SequenceStyleGenerator
04:26:50.849 [main] DEBUG o.h.e.t.internal.TransactionImpl - committing
04:26:50.849 [main] DEBUG o.h.e.i.AbstractFlushingEventListener - Processing flush-time cascades
04:26:50.849 [main] DEBUG o.h.e.i.AbstractFlushingEventListener - Dirty checking collections
04:26:50.850 [main] DEBUG o.h.e.i.AbstractFlushingEventListener - Flushed: 1 insertions, 0 updates, 0 deletions to 1 objects
04:26:50.850 [main] DEBUG o.h.e.i.AbstractFlushingEventListener - Flushed: 0 (re)creations, 0 updates, 0 removals to 0 collections
04:26:50.850 [main] DEBUG o.h.internal.util.EntityPrinter - Listing entities:
04:26:50.850 [main] DEBUG o.h.internal.util.EntityPrinter - edu.ncsu.csc.itrust2.models.persistent.LogEntry{secondaryUser=null, logCode=5, primaryUser=logapitest, id=501, time=java.util.GregorianCalendar[time=1521606410848,areFieldsSet=true,areAllFieldsSet=true,lenient=true,zone=sun.util.calendar.ZoneInfo[id="Etc/UTC",offset=0,dstSavings=0,useDaylight=false,transitions=0,lastRule=null],firstDayOfWeek=1,minimalDaysInFirstWeek=1,ERA=1,YEAR=2018,MONTH=2,WEEK_OF_YEAR=12,WEEK_OF_MONTH=4,DAY_OF_MONTH=21,DAY_OF_YEAR=80,DAY_OF_WEEK=4,DAY_OF_WEEK_IN_MONTH=3,AM_PM=0,HOUR=4,HOUR_OF_DAY=4,MINUTE=26,SECOND=50,MILLISECOND=848,ZONE_OFFSET=0,DST_OFFSET=0], message=null}
04:26:50.850 [main] DEBUG org.hibernate.SQL - insert into LogEntries (logCode, message, primaryUser, secondaryUser, time, id) values (?, ?, ?, ?, ?, ?)
Hibernate: insert into LogEntries (logCode, message, primaryUser, secondaryUser, time, id) values (?, ?, ?, ?, ?, ?)
04:26:50.851 [main] DEBUG o.h.e.j.internal.JdbcCoordinatorImpl - HHH000420: Closing un-released batch
04:26:50.851 [main] DEBUG o.h.e.t.internal.TransactionImpl - begin
04:26:50.852 [main] DEBUG org.hibernate.SQL - select next_val as id_val from hibernate_sequence for update
Hibernate: select next_val as id_val from hibernate_sequence for update
04:26:50.852 [main] DEBUG org.hibernate.SQL - update hibernate_sequence set next_val= ? where next_val=?
Hibernate: update hibernate_sequence set next_val= ? where next_val=?
04:26:50.853 [main] DEBUG o.h.e.i.AbstractSaveEventListener - Generated identifier: 502, using strategy: org.hibernate.id.enhanced.SequenceStyleGenerator
04:26:50.853 [main] DEBUG o.h.e.t.internal.TransactionImpl - committing
04:26:50.853 [main] DEBUG o.h.e.i.AbstractFlushingEventListener - Processing flush-time cascades
04:26:50.853 [main] DEBUG o.h.e.i.AbstractFlushingEventListener - Dirty checking collections
04:26:50.853 [main] DEBUG o.h.e.i.AbstractFlushingEventListener - Flushed: 1 insertions, 0 updates, 0 deletions to 1 objects
04:26:50.853 [main] DEBUG o.h.e.i.AbstractFlushingEventListener - Flushed: 0 (re)creations, 0 updates, 0 removals to 0 collections
04:26:50.853 [main] DEBUG o.h.internal.util.EntityPrinter - Listing entities:
04:26:50.853 [main] DEBUG o.h.internal.util.EntityPrinter - edu.ncsu.csc.itrust2.models.persistent.LogEntry{secondaryUser=null, logCode=5, primaryUser=logapitest, id=502, time=java.util.GregorianCalendar[time=1521606410851,areFieldsSet=true,areAllFieldsSet=true,lenient=true,zone=sun.util.calendar.ZoneInfo[id="Etc/UTC",offset=0,dstSavings=0,useDaylight=false,transitions=0,lastRule=null],firstDayOfWeek=1,minimalDaysInFirstWeek=1,ERA=1,YEAR=2018,MONTH=2,WEEK_OF_YEAR=12,WEEK_OF_MONTH=4,DAY_OF_MONTH=21,DAY_OF_YEAR=80,DAY_OF_WEEK=4,DAY_OF_WEEK_IN_MONTH=3,AM_PM=0,HOUR=4,HOUR_OF_DAY=4,MINUTE=26,SECOND=50,MILLISECOND=851,ZONE_OFFSET=0,DST_OFFSET=0], message=null}
04:26:50.854 [main] DEBUG org.hibernate.SQL - insert into LogEntries (logCode, message, primaryUser, secondaryUser, time, id) values (?, ?, ?, ?, ?, ?)
Hibernate: insert into LogEntries (logCode, message, primaryUser, secondaryUser, time, id) values (?, ?, ?, ?, ?, ?)
04:26:50.855 [main] DEBUG o.h.e.j.internal.JdbcCoordinatorImpl - HHH000420: Closing un-released batch
04:26:50.855 [main] DEBUG o.h.e.t.internal.TransactionImpl - begin
04:26:50.856 [main] DEBUG org.hibernate.SQL - select next_val as id_val from hibernate_sequence for update
Hibernate: select next_val as id_val from hibernate_sequence for update
04:26:50.856 [main] DEBUG org.hibernate.SQL - update hibernate_sequence set next_val= ? where next_val=?
Hibernate: update hibernate_sequence set next_val= ? where next_val=?
04:26:50.857 [main] DEBUG o.h.e.i.AbstractSaveEventListener - Generated identifier: 503, using strategy: org.hibernate.id.enhanced.SequenceStyleGenerator
04:26:50.857 [main] DEBUG o.h.e.t.internal.TransactionImpl - committing
04:26:50.857 [main] DEBUG o.h.e.i.AbstractFlushingEventListener - Processing flush-time cascades
04:26:50.857 [main] DEBUG o.h.e.i.AbstractFlushingEventListener - Dirty checking collections
04:26:50.858 [main] DEBUG o.h.e.i.AbstractFlushingEventListener - Flushed: 1 insertions, 0 updates, 0 deletions to 1 objects
04:26:50.858 [main] DEBUG o.h.e.i.AbstractFlushingEventListener - Flushed: 0 (re)creations, 0 updates, 0 removals to 0 collections
04:26:50.858 [main] DEBUG o.h.internal.util.EntityPrinter - Listing entities:
04:26:50.858 [main] DEBUG o.h.internal.util.EntityPrinter - edu.ncsu.csc.itrust2.models.persistent.LogEntry{secondaryUser=null, logCode=5, primaryUser=logapitest, id=503, time=java.util.GregorianCalendar[time=1521606410855,areFieldsSet=true,areAllFieldsSet=true,lenient=true,zone=sun.util.calendar.ZoneInfo[id="Etc/UTC",offset=0,dstSavings=0,useDaylight=false,transitions=0,lastRule=null],firstDayOfWeek=1,minimalDaysInFirstWeek=1,ERA=1,YEAR=2018,MONTH=2,WEEK_OF_YEAR=12,WEEK_OF_MONTH=4,DAY_OF_MONTH=21,DAY_OF_YEAR=80,DAY_OF_WEEK=4,DAY_OF_WEEK_IN_MONTH=3,AM_PM=0,HOUR=4,HOUR_OF_DAY=4,MINUTE=26,SECOND=50,MILLISECOND=855,ZONE_OFFSET=0,DST_OFFSET=0], message=null}
04:26:50.858 [main] DEBUG org.hibernate.SQL - insert into LogEntries (logCode, message, primaryUser, secondaryUser, time, id) values (?, ?, ?, ?, ?, ?)
Hibernate: insert into LogEntries (logCode, message, primaryUser, secondaryUser, time, id) values (?, ?, ?, ?, ?, ?)
04:26:50.859 [main] DEBUG o.h.e.j.internal.JdbcCoordinatorImpl - HHH000420: Closing un-released batch
04:26:50.859 [main] DEBUG o.h.e.t.internal.TransactionImpl - begin
04:26:50.860 [main] DEBUG org.hibernate.SQL - select next_val as id_val from hibernate_sequence for update
Hibernate: select next_val as id_val from hibernate_sequence for update
04:26:50.860 [main] DEBUG org.hibernate.SQL - update hibernate_sequence set next_val= ? where next_val=?
Hibernate: update hibernate_sequence set next_val= ? where next_val=?
04:26:50.861 [main] DEBUG o.h.e.i.AbstractSaveEventListener - Generated identifier: 504, using strategy: org.hibernate.id.enhanced.SequenceStyleGenerator
04:26:50.861 [main] DEBUG o.h.e.t.internal.TransactionImpl - committing
04:26:50.861 [main] DEBUG o.h.e.i.AbstractFlushingEventListener - Processing flush-time cascades
04:26:50.861 [main] DEBUG o.h.e.i.AbstractFlushingEventListener - Dirty checking collections
04:26:50.862 [main] DEBUG o.h.e.i.AbstractFlushingEventListener - Flushed: 1 insertions, 0 updates, 0 deletions to 1 objects
04:26:50.862 [main] DEBUG o.h.e.i.AbstractFlushingEventListener - Flushed: 0 (re)creations, 0 updates, 0 removals to 0 collections
04:26:50.862 [main] DEBUG o.h.internal.util.EntityPrinter - Listing entities:
04:26:50.862 [main] DEBUG o.h.internal.util.EntityPrinter - edu.ncsu.csc.itrust2.models.persistent.LogEntry{secondaryUser=null, logCode=5, primaryUser=logapitest, id=504, time=java.util.GregorianCalendar[time=1521606410859,areFieldsSet=true,areAllFieldsSet=true,lenient=true,zone=sun.util.calendar.ZoneInfo[id="Etc/UTC",offset=0,dstSavings=0,useDaylight=false,transitions=0,lastRule=null],firstDayOfWeek=1,minimalDaysInFirstWeek=1,ERA=1,YEAR=2018,MONTH=2,WEEK_OF_YEAR=12,WEEK_OF_MONTH=4,DAY_OF_MONTH=21,DAY_OF_YEAR=80,DAY_OF_WEEK=4,DAY_OF_WEEK_IN_MONTH=3,AM_PM=0,HOUR=4,HOUR_OF_DAY=4,MINUTE=26,SECOND=50,MILLISECOND=859,ZONE_OFFSET=0,DST_OFFSET=0], message=null}
04:26:50.865 [main] DEBUG org.hibernate.SQL - insert into LogEntries (logCode, message, primaryUser, secondaryUser, time, id) values (?, ?, ?, ?, ?, ?)
Hibernate: insert into LogEntries (logCode, message, primaryUser, secondaryUser, time, id) values (?, ?, ?, ?, ?, ?)
04:26:50.866 [main] DEBUG o.h.e.j.internal.JdbcCoordinatorImpl - HHH000420: Closing un-released batch
04:26:50.866 [main] DEBUG o.h.e.t.internal.TransactionImpl - begin
04:26:50.867 [main] DEBUG org.hibernate.SQL - select next_val as id_val from hibernate_sequence for update
Hibernate: select next_val as id_val from hibernate_sequence for update
04:26:50.867 [main] DEBUG org.hibernate.SQL - update hibernate_sequence set next_val= ? where next_val=?
Hibernate: update hibernate_sequence set next_val= ? where next_val=?
04:26:50.868 [main] DEBUG o.h.e.i.AbstractSaveEventListener - Generated identifier: 505, using strategy: org.hibernate.id.enhanced.SequenceStyleGenerator
04:26:50.869 [main] DEBUG o.h.e.t.internal.TransactionImpl - committing
04:26:50.869 [main] DEBUG o.h.e.i.AbstractFlushingEventListener - Processing flush-time cascades
04:26:50.869 [main] DEBUG o.h.e.i.AbstractFlushingEventListener - Dirty checking collections
04:26:50.869 [main] DEBUG o.h.e.i.AbstractFlushingEventListener - Flushed: 1 insertions, 0 updates, 0 deletions to 1 objects
04:26:50.869 [main] DEBUG o.h.e.i.AbstractFlushingEventListener - Flushed: 0 (re)creations, 0 updates, 0 removals to 0 collections
04:26:50.869 [main] DEBUG o.h.internal.util.EntityPrinter - Listing entities:
04:26:50.869 [main] DEBUG o.h.internal.util.EntityPrinter - edu.ncsu.csc.itrust2.models.persistent.LogEntry{secondaryUser=null, logCode=5, primaryUser=logapitest, id=505, time=java.util.GregorianCalendar[time=1521606410866,areFieldsSet=true,areAllFieldsSet=true,lenient=true,zone=sun.util.calendar.ZoneInfo[id="Etc/UTC",offset=0,dstSavings=0,useDaylight=false,transitions=0,lastRule=null],firstDayOfWeek=1,minimalDaysInFirstWeek=1,ERA=1,YEAR=2018,MONTH=2,WEEK_OF_YEAR=12,WEEK_OF_MONTH=4,DAY_OF_MONTH=21,DAY_OF_YEAR=80,DAY_OF_WEEK=4,DAY_OF_WEEK_IN_MONTH=3,AM_PM=0,HOUR=4,HOUR_OF_DAY=4,MINUTE=26,SECOND=50,MILLISECOND=866,ZONE_OFFSET=0,DST_OFFSET=0], message=null}
04:26:50.872 [main] DEBUG org.hibernate.SQL - insert into LogEntries (logCode, message, primaryUser, secondaryUser, time, id) values (?, ?, ?, ?, ?, ?)
Hibernate: insert into LogEntries (logCode, message, primaryUser, secondaryUser, time, id) values (?, ?, ?, ?, ?, ?)
04:26:50.873 [main] DEBUG o.h.e.j.internal.JdbcCoordinatorImpl - HHH000420: Closing un-released batch
04:26:50.873 [main] DEBUG o.h.e.t.internal.TransactionImpl - begin
04:26:50.874 [main] DEBUG org.hibernate.SQL - select next_val as id_val from hibernate_sequence for update
Hibernate: select next_val as id_val from hibernate_sequence for update
04:26:50.874 [main] DEBUG org.hibernate.SQL - update hibernate_sequence set next_val= ? where next_val=?
Hibernate: update hibernate_sequence set next_val= ? where next_val=?
04:26:50.875 [main] DEBUG o.h.e.i.AbstractSaveEventListener - Generated identifier: 506, using strategy: org.hibernate.id.enhanced.SequenceStyleGenerator
04:26:50.875 [main] DEBUG o.h.e.t.internal.TransactionImpl - committing
04:26:50.875 [main] DEBUG o.h.e.i.AbstractFlushingEventListener - Processing flush-time cascades
04:26:50.875 [main] DEBUG o.h.e.i.AbstractFlushingEventListener - Dirty checking collections
04:26:50.875 [main] DEBUG o.h.e.i.AbstractFlushingEventListener - Flushed: 1 insertions, 0 updates, 0 deletions to 1 objects
04:26:50.875 [main] DEBUG o.h.e.i.AbstractFlushingEventListener - Flushed: 0 (re)creations, 0 updates, 0 removals to 0 collections
04:26:50.875 [main] DEBUG o.h.internal.util.EntityPrinter - Listing entities:
04:26:50.876 [main] DEBUG o.h.internal.util.EntityPrinter - edu.ncsu.csc.itrust2.models.persistent.LogEntry{secondaryUser=null, logCode=5, primaryUser=logapitest, id=506, time=java.util.GregorianCalendar[time=1521606410873,areFieldsSet=true,areAllFieldsSet=true,lenient=true,zone=sun.util.calendar.ZoneInfo[id="Etc/UTC",offset=0,dstSavings=0,useDaylight=false,transitions=0,lastRule=null],firstDayOfWeek=1,minimalDaysInFirstWeek=1,ERA=1,YEAR=2018,MONTH=2,WEEK_OF_YEAR=12,WEEK_OF_MONTH=4,DAY_OF_MONTH=21,DAY_OF_YEAR=80,DAY_OF_WEEK=4,DAY_OF_WEEK_IN_MONTH=3,AM_PM=0,HOUR=4,HOUR_OF_DAY=4,MINUTE=26,SECOND=50,MILLISECOND=873,ZONE_OFFSET=0,DST_OFFSET=0], message=null}
04:26:50.878 [main] DEBUG org.hibernate.SQL - insert into LogEntries (logCode, message, primaryUser, secondaryUser, time, id) values (?, ?, ?, ?, ?, ?)
Hibernate: insert into LogEntries (logCode, message, primaryUser, secondaryUser, time, id) values (?, ?, ?, ?, ?, ?)
04:26:50.879 [main] DEBUG o.h.e.j.internal.JdbcCoordinatorImpl - HHH000420: Closing un-released batch
04:26:50.880 [main] DEBUG o.h.e.t.internal.TransactionImpl - begin
04:26:50.881 [main] DEBUG org.hibernate.SQL - select next_val as id_val from hibernate_sequence for update
Hibernate: select next_val as id_val from hibernate_sequence for update
04:26:50.882 [main] DEBUG org.hibernate.SQL - update hibernate_sequence set next_val= ? where next_val=?
Hibernate: update hibernate_sequence set next_val= ? where next_val=?
04:26:50.883 [main] DEBUG o.h.e.i.AbstractSaveEventListener - Generated identifier: 507, using strategy: org.hibernate.id.enhanced.SequenceStyleGenerator
04:26:50.883 [main] DEBUG o.h.e.t.internal.TransactionImpl - committing
04:26:50.883 [main] DEBUG o.h.e.i.AbstractFlushingEventListener - Processing flush-time cascades
04:26:50.883 [main] DEBUG o.h.e.i.AbstractFlushingEventListener - Dirty checking collections
04:26:50.883 [main] DEBUG o.h.e.i.AbstractFlushingEventListener - Flushed: 1 insertions, 0 updates, 0 deletions to 1 objects
04:26:50.883 [main] DEBUG o.h.e.i.AbstractFlushingEventListener - Flushed: 0 (re)creations, 0 updates, 0 removals to 0 collections
04:26:50.883 [main] DEBUG o.h.internal.util.EntityPrinter - Listing entities:
04:26:50.883 [main] DEBUG o.h.internal.util.EntityPrinter - edu.ncsu.csc.itrust2.models.persistent.LogEntry{secondaryUser=null, logCode=5, primaryUser=logapitest, id=507, time=java.util.GregorianCalendar[time=1521606410880,areFieldsSet=true,areAllFieldsSet=true,lenient=true,zone=sun.util.calendar.ZoneInfo[id="Etc/UTC",offset=0,dstSavings=0,useDaylight=false,transitions=0,lastRule=null],firstDayOfWeek=1,minimalDaysInFirstWeek=1,ERA=1,YEAR=2018,MONTH=2,WEEK_OF_YEAR=12,WEEK_OF_MONTH=4,DAY_OF_MONTH=21,DAY_OF_YEAR=80,DAY_OF_WEEK=4,DAY_OF_WEEK_IN_MONTH=3,AM_PM=0,HOUR=4,HOUR_OF_DAY=4,MINUTE=26,SECOND=50,MILLISECOND=880,ZONE_OFFSET=0,DST_OFFSET=0], message=null}
04:26:50.884 [main] DEBUG org.hibernate.SQL - insert into LogEntries (logCode, message, primaryUser, secondaryUser, time, id) values (?, ?, ?, ?, ?, ?)
Hibernate: insert into LogEntries (logCode, message, primaryUser, secondaryUser, time, id) values (?, ?, ?, ?, ?, ?)
04:26:50.885 [main] DEBUG o.h.e.j.internal.JdbcCoordinatorImpl - HHH000420: Closing un-released batch
04:26:50.885 [main] DEBUG o.h.e.t.internal.TransactionImpl - begin
04:26:50.885 [main] DEBUG org.hibernate.SQL - select next_val as id_val from hibernate_sequence for update
Hibernate: select next_val as id_val from hibernate_sequence for update
04:26:50.886 [main] DEBUG org.hibernate.SQL - update hibernate_sequence set next_val= ? where next_val=?
Hibernate: update hibernate_sequence set next_val= ? where next_val=?
04:26:50.887 [main] DEBUG o.h.e.i.AbstractSaveEventListener - Generated identifier: 508, using strategy: org.hibernate.id.enhanced.SequenceStyleGenerator
04:26:50.892 [main] DEBUG o.h.e.t.internal.TransactionImpl - committing
04:26:50.897 [main] DEBUG o.h.e.i.AbstractFlushingEventListener - Processing flush-time cascades
04:26:50.897 [main] DEBUG o.h.e.i.AbstractFlushingEventListener - Dirty checking collections
04:26:50.898 [main] DEBUG o.h.e.i.AbstractFlushingEventListener - Flushed: 1 insertions, 0 updates, 0 deletions to 1 objects
04:26:50.898 [main] DEBUG o.h.e.i.AbstractFlushingEventListener - Flushed: 0 (re)creations, 0 updates, 0 removals to 0 collections
04:26:50.898 [main] DEBUG o.h.internal.util.EntityPrinter - Listing entities:
04:26:50.898 [main] DEBUG o.h.internal.util.EntityPrinter - edu.ncsu.csc.itrust2.models.persistent.LogEntry{secondaryUser=null, logCode=5, primaryUser=logapitest, id=508, time=java.util.GregorianCalendar[time=1521606410885,areFieldsSet=true,areAllFieldsSet=true,lenient=true,zone=sun.util.calendar.ZoneInfo[id="Etc/UTC",offset=0,dstSavings=0,useDaylight=false,transitions=0,lastRule=null],firstDayOfWeek=1,minimalDaysInFirstWeek=1,ERA=1,YEAR=2018,MONTH=2,WEEK_OF_YEAR=12,WEEK_OF_MONTH=4,DAY_OF_MONTH=21,DAY_OF_YEAR=80,DAY_OF_WEEK=4,DAY_OF_WEEK_IN_MONTH=3,AM_PM=0,HOUR=4,HOUR_OF_DAY=4,MINUTE=26,SECOND=50,MILLISECOND=885,ZONE_OFFSET=0,DST_OFFSET=0], message=null}
04:26:50.898 [main] DEBUG org.hibernate.SQL - insert into LogEntries (logCode, message, primaryUser, secondaryUser, time, id) values (?, ?, ?, ?, ?, ?)
Hibernate: insert into LogEntries (logCode, message, primaryUser, secondaryUser, time, id) values (?, ?, ?, ?, ?, ?)
04:26:50.900 [main] DEBUG o.h.e.j.internal.JdbcCoordinatorImpl - HHH000420: Closing un-released batch
04:26:50.900 [main] DEBUG o.h.e.t.internal.TransactionImpl - begin
04:26:50.900 [main] DEBUG org.hibernate.SQL - select next_val as id_val from hibernate_sequence for update
Hibernate: select next_val as id_val from hibernate_sequence for update
04:26:50.901 [main] DEBUG org.hibernate.SQL - update hibernate_sequence set next_val= ? where next_val=?
Hibernate: update hibernate_sequence set next_val= ? where next_val=?
04:26:50.902 [main] DEBUG o.h.e.i.AbstractSaveEventListener - Generated identifier: 509, using strategy: org.hibernate.id.enhanced.SequenceStyleGenerator
04:26:50.903 [main] DEBUG o.h.e.t.internal.TransactionImpl - committing
04:26:50.903 [main] DEBUG o.h.e.i.AbstractFlushingEventListener - Processing flush-time cascades
04:26:50.903 [main] DEBUG o.h.e.i.AbstractFlushingEventListener - Dirty checking collections
04:26:50.903 [main] DEBUG o.h.e.i.AbstractFlushingEventListener - Flushed: 1 insertions, 0 updates, 0 deletions to 1 objects
04:26:50.903 [main] DEBUG o.h.e.i.AbstractFlushingEventListener - Flushed: 0 (re)creations, 0 updates, 0 removals to 0 collections
04:26:50.903 [main] DEBUG o.h.internal.util.EntityPrinter - Listing entities:
04:26:50.904 [main] DEBUG o.h.internal.util.EntityPrinter - edu.ncsu.csc.itrust2.models.persistent.LogEntry{secondaryUser=null, logCode=5, primaryUser=logapitest, id=509, time=java.util.GregorianCalendar[time=1521606410900,areFieldsSet=true,areAllFieldsSet=true,lenient=true,zone=sun.util.calendar.ZoneInfo[id="Etc/UTC",offset=0,dstSavings=0,useDaylight=false,transitions=0,lastRule=null],firstDayOfWeek=1,minimalDaysInFirstWeek=1,ERA=1,YEAR=2018,MONTH=2,WEEK_OF_YEAR=12,WEEK_OF_MONTH=4,DAY_OF_MONTH=21,DAY_OF_YEAR=80,DAY_OF_WEEK=4,DAY_OF_WEEK_IN_MONTH=3,AM_PM=0,HOUR=4,HOUR_OF_DAY=4,MINUTE=26,SECOND=50,MILLISECOND=900,ZONE_OFFSET=0,DST_OFFSET=0], message=null}
04:26:50.904 [main] DEBUG org.hibernate.SQL - insert into LogEntries (logCode, message, primaryUser, secondaryUser, time, id) values (?, ?, ?, ?, ?, ?)
Hibernate: insert into LogEntries (logCode, message, primaryUser, secondaryUser, time, id) values (?, ?, ?, ?, ?, ?)
04:26:50.906 [main] DEBUG o.h.e.j.internal.JdbcCoordinatorImpl - HHH000420: Closing un-released batch
04:26:50.907 [main] DEBUG o.h.e.t.internal.TransactionImpl - begin
04:26:50.908 [main] DEBUG org.hibernate.SQL - select next_val as id_val from hibernate_sequence for update
Hibernate: select next_val as id_val from hibernate_sequence for update
04:26:50.908 [main] DEBUG org.hibernate.SQL - update hibernate_sequence set next_val= ? where next_val=?
Hibernate: update hibernate_sequence set next_val= ? where next_val=?
04:26:50.910 [main] DEBUG o.h.e.i.AbstractSaveEventListener - Generated identifier: 510, using strategy: org.hibernate.id.enhanced.SequenceStyleGenerator
04:26:50.910 [main] DEBUG o.h.e.t.internal.TransactionImpl - committing
04:26:50.910 [main] DEBUG o.h.e.i.AbstractFlushingEventListener - Processing flush-time cascades
04:26:50.910 [main] DEBUG o.h.e.i.AbstractFlushingEventListener - Dirty checking collections
04:26:50.910 [main] DEBUG o.h.e.i.AbstractFlushingEventListener - Flushed: 1 insertions, 0 updates, 0 deletions to 1 objects
04:26:50.911 [main] DEBUG o.h.e.i.AbstractFlushingEventListener - Flushed: 0 (re)creations, 0 updates, 0 removals to 0 collections
04:26:50.911 [main] DEBUG o.h.internal.util.EntityPrinter - Listing entities:
04:26:50.911 [main] DEBUG o.h.internal.util.EntityPrinter - edu.ncsu.csc.itrust2.models.persistent.LogEntry{secondaryUser=null, logCode=5, primaryUser=logapitest, id=510, time=java.util.GregorianCalendar[time=1521606410907,areFieldsSet=true,areAllFieldsSet=true,lenient=true,zone=sun.util.calendar.ZoneInfo[id="Etc/UTC",offset=0,dstSavings=0,useDaylight=false,transitions=0,lastRule=null],firstDayOfWeek=1,minimalDaysInFirstWeek=1,ERA=1,YEAR=2018,MONTH=2,WEEK_OF_YEAR=12,WEEK_OF_MONTH=4,DAY_OF_MONTH=21,DAY_OF_YEAR=80,DAY_OF_WEEK=4,DAY_OF_WEEK_IN_MONTH=3,AM_PM=0,HOUR=4,HOUR_OF_DAY=4,MINUTE=26,SECOND=50,MILLISECOND=907,ZONE_OFFSET=0,DST_OFFSET=0], message=null}
04:26:50.911 [main] DEBUG org.hibernate.SQL - insert into LogEntries (logCode, message, primaryUser, secondaryUser, time, id) values (?, ?, ?, ?, ?, ?)
Hibernate: insert into LogEntries (logCode, message, primaryUser, secondaryUser, time, id) values (?, ?, ?, ?, ?, ?)
04:26:50.916 [main] DEBUG o.h.e.j.internal.JdbcCoordinatorImpl - HHH000420: Closing un-released batch
04:26:50.916 [main] DEBUG o.h.e.t.internal.TransactionImpl - begin
04:26:50.917 [main] DEBUG org.hibernate.SQL - select next_val as id_val from hibernate_sequence for update
Hibernate: select next_val as id_val from hibernate_sequence for update
04:26:50.917 [main] DEBUG org.hibernate.SQL - update hibernate_sequence set next_val= ? where next_val=?
Hibernate: update hibernate_sequence set next_val= ? where next_val=?
04:26:50.918 [main] DEBUG o.h.e.i.AbstractSaveEventListener - Generated identifier: 511, using strategy: org.hibernate.id.enhanced.SequenceStyleGenerator
04:26:50.919 [main] DEBUG o.h.e.t.internal.TransactionImpl - committing
04:26:50.919 [main] DEBUG o.h.e.i.AbstractFlushingEventListener - Processing flush-time cascades
04:26:50.919 [main] DEBUG o.h.e.i.AbstractFlushingEventListener - Dirty checking collections
04:26:50.919 [main] DEBUG o.h.e.i.AbstractFlushingEventListener - Flushed: 1 insertions, 0 updates, 0 deletions to 1 objects
04:26:50.919 [main] DEBUG o.h.e.i.AbstractFlushingEventListener - Flushed: 0 (re)creations, 0 updates, 0 removals to 0 collections
04:26:50.919 [main] DEBUG o.h.internal.util.EntityPrinter - Listing entities:
04:26:50.919 [main] DEBUG o.h.internal.util.EntityPrinter - edu.ncsu.csc.itrust2.models.persistent.LogEntry{secondaryUser=null, logCode=5, primaryUser=logapitest, id=511, time=java.util.GregorianCalendar[time=1521606410916,areFieldsSet=true,areAllFieldsSet=true,lenient=true,zone=sun.util.calendar.ZoneInfo[id="Etc/UTC",offset=0,dstSavings=0,useDaylight=false,transitions=0,lastRule=null],firstDayOfWeek=1,minimalDaysInFirstWeek=1,ERA=1,YEAR=2018,MONTH=2,WEEK_OF_YEAR=12,WEEK_OF_MONTH=4,DAY_OF_MONTH=21,DAY_OF_YEAR=80,DAY_OF_WEEK=4,DAY_OF_WEEK_IN_MONTH=3,AM_PM=0,HOUR=4,HOUR_OF_DAY=4,MINUTE=26,SECOND=50,MILLISECOND=916,ZONE_OFFSET=0,DST_OFFSET=0], message=null}
04:26:50.919 [main] DEBUG org.hibernate.SQL - insert into LogEntries (logCode, message, primaryUser, secondaryUser, time, id) values (?, ?, ?, ?, ?, ?)
Hibernate: insert into LogEntries (logCode, message, primaryUser, secondaryUser, time, id) values (?, ?, ?, ?, ?, ?)
04:26:50.920 [main] DEBUG o.h.e.j.internal.JdbcCoordinatorImpl - HHH000420: Closing un-released batch
04:26:50.921 [main] DEBUG o.h.e.t.internal.TransactionImpl - begin
04:26:50.921 [main] DEBUG org.hibernate.SQL - select next_val as id_val from hibernate_sequence for update
Hibernate: select next_val as id_val from hibernate_sequence for update
04:26:50.922 [main] DEBUG org.hibernate.SQL - update hibernate_sequence set next_val= ? where next_val=?
Hibernate: update hibernate_sequence set next_val= ? where next_val=?
04:26:50.923 [main] DEBUG o.h.e.i.AbstractSaveEventListener - Generated identifier: 512, using strategy: org.hibernate.id.enhanced.SequenceStyleGenerator
04:26:50.923 [main] DEBUG o.h.e.t.internal.TransactionImpl - committing
04:26:50.923 [main] DEBUG o.h.e.i.AbstractFlushingEventListener - Processing flush-time cascades
04:26:50.923 [main] DEBUG o.h.e.i.AbstractFlushingEventListener - Dirty checking collections
04:26:50.923 [main] DEBUG o.h.e.i.AbstractFlushingEventListener - Flushed: 1 insertions, 0 updates, 0 deletions to 1 objects
04:26:50.923 [main] DEBUG o.h.e.i.AbstractFlushingEventListener - Flushed: 0 (re)creations, 0 updates, 0 removals to 0 collections
04:26:50.923 [main] DEBUG o.h.internal.util.EntityPrinter - Listing entities:
04:26:50.923 [main] DEBUG o.h.internal.util.EntityPrinter - edu.ncsu.csc.itrust2.models.persistent.LogEntry{secondaryUser=null, logCode=5, primaryUser=logapitest, id=512, time=java.util.GregorianCalendar[time=1521606410921,areFieldsSet=true,areAllFieldsSet=true,lenient=true,zone=sun.util.calendar.ZoneInfo[id="Etc/UTC",offset=0,dstSavings=0,useDaylight=false,transitions=0,lastRule=null],firstDayOfWeek=1,minimalDaysInFirstWeek=1,ERA=1,YEAR=2018,MONTH=2,WEEK_OF_YEAR=12,WEEK_OF_MONTH=4,DAY_OF_MONTH=21,DAY_OF_YEAR=80,DAY_OF_WEEK=4,DAY_OF_WEEK_IN_MONTH=3,AM_PM=0,HOUR=4,HOUR_OF_DAY=4,MINUTE=26,SECOND=50,MILLISECOND=921,ZONE_OFFSET=0,DST_OFFSET=0], message=null}
04:26:50.924 [main] DEBUG org.hibernate.SQL - insert into LogEntries (logCode, message, primaryUser, secondaryUser, time, id) values (?, ?, ?, ?, ?, ?)
Hibernate: insert into LogEntries (logCode, message, primaryUser, secondaryUser, time, id) values (?, ?, ?, ?, ?, ?)
04:26:50.925 [main] DEBUG o.h.e.j.internal.JdbcCoordinatorImpl - HHH000420: Closing un-released batch
04:26:50.925 [main] DEBUG o.h.e.t.internal.TransactionImpl - begin
04:26:50.927 [main] DEBUG org.hibernate.SQL - select next_val as id_val from hibernate_sequence for update
Hibernate: select next_val as id_val from hibernate_sequence for update
04:26:50.928 [main] DEBUG org.hibernate.SQL - update hibernate_sequence set next_val= ? where next_val=?
Hibernate: update hibernate_sequence set next_val= ? where next_val=?
04:26:50.929 [main] DEBUG o.h.e.i.AbstractSaveEventListener - Generated identifier: 513, using strategy: org.hibernate.id.enhanced.SequenceStyleGenerator
04:26:50.930 [main] DEBUG o.h.e.t.internal.TransactionImpl - committing
04:26:50.930 [main] DEBUG o.h.e.i.AbstractFlushingEventListener - Processing flush-time cascades
04:26:50.930 [main] DEBUG o.h.e.i.AbstractFlushingEventListener - Dirty checking collections
04:26:50.930 [main] DEBUG o.h.e.i.AbstractFlushingEventListener - Flushed: 1 insertions, 0 updates, 0 deletions to 1 objects
04:26:50.930 [main] DEBUG o.h.e.i.AbstractFlushingEventListener - Flushed: 0 (re)creations, 0 updates, 0 removals to 0 collections
04:26:50.930 [main] DEBUG o.h.internal.util.EntityPrinter - Listing entities:
04:26:50.930 [main] DEBUG o.h.internal.util.EntityPrinter - edu.ncsu.csc.itrust2.models.persistent.LogEntry{secondaryUser=null, logCode=5, primaryUser=logapitest, id=513, time=java.util.GregorianCalendar[time=1521606410925,areFieldsSet=true,areAllFieldsSet=true,lenient=true,zone=sun.util.calendar.ZoneInfo[id="Etc/UTC",offset=0,dstSavings=0,useDaylight=false,transitions=0,lastRule=null],firstDayOfWeek=1,minimalDaysInFirstWeek=1,ERA=1,YEAR=2018,MONTH=2,WEEK_OF_YEAR=12,WEEK_OF_MONTH=4,DAY_OF_MONTH=21,DAY_OF_YEAR=80,DAY_OF_WEEK=4,DAY_OF_WEEK_IN_MONTH=3,AM_PM=0,HOUR=4,HOUR_OF_DAY=4,MINUTE=26,SECOND=50,MILLISECOND=925,ZONE_OFFSET=0,DST_OFFSET=0], message=null}
04:26:50.930 [main] DEBUG org.hibernate.SQL - insert into LogEntries (logCode, message, primaryUser, secondaryUser, time, id) values (?, ?, ?, ?, ?, ?)
Hibernate: insert into LogEntries (logCode, message, primaryUser, secondaryUser, time, id) values (?, ?, ?, ?, ?, ?)
04:26:50.931 [main] DEBUG o.h.e.j.internal.JdbcCoordinatorImpl - HHH000420: Closing un-released batch
04:26:50.932 [main] DEBUG o.h.e.t.internal.TransactionImpl - begin
04:26:50.932 [main] DEBUG org.hibernate.SQL - select next_val as id_val from hibernate_sequence for update
Hibernate: select next_val as id_val from hibernate_sequence for update
04:26:50.933 [main] DEBUG org.hibernate.SQL - update hibernate_sequence set next_val= ? where next_val=?
Hibernate: update hibernate_sequence set next_val= ? where next_val=?
04:26:50.934 [main] DEBUG o.h.e.i.AbstractSaveEventListener - Generated identifier: 514, using strategy: org.hibernate.id.enhanced.SequenceStyleGenerator
04:26:50.934 [main] DEBUG o.h.e.t.internal.TransactionImpl - committing
04:26:50.934 [main] DEBUG o.h.e.i.AbstractFlushingEventListener - Processing flush-time cascades
04:26:50.934 [main] DEBUG o.h.e.i.AbstractFlushingEventListener - Dirty checking collections
04:26:50.934 [main] DEBUG o.h.e.i.AbstractFlushingEventListener - Flushed: 1 insertions, 0 updates, 0 deletions to 1 objects
04:26:50.934 [main] DEBUG o.h.e.i.AbstractFlushingEventListener - Flushed: 0 (re)creations, 0 updates, 0 removals to 0 collections
04:26:50.934 [main] DEBUG o.h.internal.util.EntityPrinter - Listing entities:
04:26:50.934 [main] DEBUG o.h.internal.util.EntityPrinter - edu.ncsu.csc.itrust2.models.persistent.LogEntry{secondaryUser=null, logCode=5, primaryUser=logapitest, id=514, time=java.util.GregorianCalendar[time=1521606410932,areFieldsSet=true,areAllFieldsSet=true,lenient=true,zone=sun.util.calendar.ZoneInfo[id="Etc/UTC",offset=0,dstSavings=0,useDaylight=false,transitions=0,lastRule=null],firstDayOfWeek=1,minimalDaysInFirstWeek=1,ERA=1,YEAR=2018,MONTH=2,WEEK_OF_YEAR=12,WEEK_OF_MONTH=4,DAY_OF_MONTH=21,DAY_OF_YEAR=80,DAY_OF_WEEK=4,DAY_OF_WEEK_IN_MONTH=3,AM_PM=0,HOUR=4,HOUR_OF_DAY=4,MINUTE=26,SECOND=50,MILLISECOND=932,ZONE_OFFSET=0,DST_OFFSET=0], message=null}
04:26:50.935 [main] DEBUG org.hibernate.SQL - insert into LogEntries (logCode, message, primaryUser, secondaryUser, time, id) values (?, ?, ?, ?, ?, ?)
Hibernate: insert into LogEntries (logCode, message, primaryUser, secondaryUser, time, id) values (?, ?, ?, ?, ?, ?)
04:26:50.936 [main] DEBUG o.h.e.j.internal.JdbcCoordinatorImpl - HHH000420: Closing un-released batch
04:26:50.936 [main] DEBUG o.h.e.t.internal.TransactionImpl - begin
04:26:50.940 [main] DEBUG org.hibernate.SQL - select next_val as id_val from hibernate_sequence for update
Hibernate: select next_val as id_val from hibernate_sequence for update
04:26:50.941 [main] DEBUG org.hibernate.SQL - update hibernate_sequence set next_val= ? where next_val=?
Hibernate: update hibernate_sequence set next_val= ? where next_val=?
04:26:50.942 [main] DEBUG o.h.e.i.AbstractSaveEventListener - Generated identifier: 515, using strategy: org.hibernate.id.enhanced.SequenceStyleGenerator
04:26:50.942 [main] DEBUG o.h.e.t.internal.TransactionImpl - committing
04:26:50.942 [main] DEBUG o.h.e.i.AbstractFlushingEventListener - Processing flush-time cascades
04:26:50.942 [main] DEBUG o.h.e.i.AbstractFlushingEventListener - Dirty checking collections
04:26:50.942 [main] DEBUG o.h.e.i.AbstractFlushingEventListener - Flushed: 1 insertions, 0 updates, 0 deletions to 1 objects
04:26:50.942 [main] DEBUG o.h.e.i.AbstractFlushingEventListener - Flushed: 0 (re)creations, 0 updates, 0 removals to 0 collections
04:26:50.942 [main] DEBUG o.h.internal.util.EntityPrinter - Listing entities:
04:26:50.942 [main] DEBUG o.h.internal.util.EntityPrinter - edu.ncsu.csc.itrust2.models.persistent.LogEntry{secondaryUser=null, logCode=5, primaryUser=logapitest, id=515, time=java.util.GregorianCalendar[time=1521606410936,areFieldsSet=true,areAllFieldsSet=true,lenient=true,zone=sun.util.calendar.ZoneInfo[id="Etc/UTC",offset=0,dstSavings=0,useDaylight=false,transitions=0,lastRule=null],firstDayOfWeek=1,minimalDaysInFirstWeek=1,ERA=1,YEAR=2018,MONTH=2,WEEK_OF_YEAR=12,WEEK_OF_MONTH=4,DAY_OF_MONTH=21,DAY_OF_YEAR=80,DAY_OF_WEEK=4,DAY_OF_WEEK_IN_MONTH=3,AM_PM=0,HOUR=4,HOUR_OF_DAY=4,MINUTE=26,SECOND=50,MILLISECOND=936,ZONE_OFFSET=0,DST_OFFSET=0], message=null}
04:26:50.943 [main] DEBUG org.hibernate.SQL - insert into LogEntries (logCode, message, primaryUser, secondaryUser, time, id) values (?, ?, ?, ?, ?, ?)
Hibernate: insert into LogEntries (logCode, message, primaryUser, secondaryUser, time, id) values (?, ?, ?, ?, ?, ?)
04:26:50.944 [main] DEBUG o.h.e.j.internal.JdbcCoordinatorImpl - HHH000420: Closing un-released batch
04:26:50.944 [main] DEBUG o.h.e.t.internal.TransactionImpl - begin
04:26:50.945 [main] DEBUG org.hibernate.SQL - select next_val as id_val from hibernate_sequence for update
Hibernate: select next_val as id_val from hibernate_sequence for update
04:26:50.945 [main] DEBUG org.hibernate.SQL - update hibernate_sequence set next_val= ? where next_val=?
Hibernate: update hibernate_sequence set next_val= ? where next_val=?
04:26:50.946 [main] DEBUG o.h.e.i.AbstractSaveEventListener - Generated identifier: 516, using strategy: org.hibernate.id.enhanced.SequenceStyleGenerator
04:26:50.946 [main] DEBUG o.h.e.t.internal.TransactionImpl - committing
04:26:50.946 [main] DEBUG o.h.e.i.AbstractFlushingEventListener - Processing flush-time cascades
04:26:50.946 [main] DEBUG o.h.e.i.AbstractFlushingEventListener - Dirty checking collections
04:26:50.946 [main] DEBUG o.h.e.i.AbstractFlushingEventListener - Flushed: 1 insertions, 0 updates, 0 deletions to 1 objects
04:26:50.946 [main] DEBUG o.h.e.i.AbstractFlushingEventListener - Flushed: 0 (re)creations, 0 updates, 0 removals to 0 collections
04:26:50.946 [main] DEBUG o.h.internal.util.EntityPrinter - Listing entities:
04:26:50.946 [main] DEBUG o.h.internal.util.EntityPrinter - edu.ncsu.csc.itrust2.models.persistent.LogEntry{secondaryUser=null, logCode=5, primaryUser=logapitest, id=516, time=java.util.GregorianCalendar[time=1521606410944,areFieldsSet=true,areAllFieldsSet=true,lenient=true,zone=sun.util.calendar.ZoneInfo[id="Etc/UTC",offset=0,dstSavings=0,useDaylight=false,transitions=0,lastRule=null],firstDayOfWeek=1,minimalDaysInFirstWeek=1,ERA=1,YEAR=2018,MONTH=2,WEEK_OF_YEAR=12,WEEK_OF_MONTH=4,DAY_OF_MONTH=21,DAY_OF_YEAR=80,DAY_OF_WEEK=4,DAY_OF_WEEK_IN_MONTH=3,AM_PM=0,HOUR=4,HOUR_OF_DAY=4,MINUTE=26,SECOND=50,MILLISECOND=944,ZONE_OFFSET=0,DST_OFFSET=0], message=null}
04:26:50.947 [main] DEBUG org.hibernate.SQL - insert into LogEntries (logCode, message, primaryUser, secondaryUser, time, id) values (?, ?, ?, ?, ?, ?)
Hibernate: insert into LogEntries (logCode, message, primaryUser, secondaryUser, time, id) values (?, ?, ?, ?, ?, ?)
04:26:50.948 [main] DEBUG o.h.e.j.internal.JdbcCoordinatorImpl - HHH000420: Closing un-released batch
04:26:50.948 [main] DEBUG o.h.e.t.internal.TransactionImpl - begin
04:26:50.948 [main] DEBUG org.hibernate.SQL - select next_val as id_val from hibernate_sequence for update
Hibernate: select next_val as id_val from hibernate_sequence for update
04:26:50.949 [main] DEBUG org.hibernate.SQL - update hibernate_sequence set next_val= ? where next_val=?
Hibernate: update hibernate_sequence set next_val= ? where next_val=?
04:26:50.950 [main] DEBUG o.h.e.i.AbstractSaveEventListener - Generated identifier: 517, using strategy: org.hibernate.id.enhanced.SequenceStyleGenerator
04:26:50.950 [main] DEBUG o.h.e.t.internal.TransactionImpl - committing
04:26:50.950 [main] DEBUG o.h.e.i.AbstractFlushingEventListener - Processing flush-time cascades
04:26:50.950 [main] DEBUG o.h.e.i.AbstractFlushingEventListener - Dirty checking collections
04:26:50.950 [main] DEBUG o.h.e.i.AbstractFlushingEventListener - Flushed: 1 insertions, 0 updates, 0 deletions to 1 objects
04:26:50.950 [main] DEBUG o.h.e.i.AbstractFlushingEventListener - Flushed: 0 (re)creations, 0 updates, 0 removals to 0 collections
04:26:50.950 [main] DEBUG o.h.internal.util.EntityPrinter - Listing entities:
04:26:50.950 [main] DEBUG o.h.internal.util.EntityPrinter - edu.ncsu.csc.itrust2.models.persistent.LogEntry{secondaryUser=null, logCode=5, primaryUser=logapitest, id=517, time=java.util.GregorianCalendar[time=1521606410948,areFieldsSet=true,areAllFieldsSet=true,lenient=true,zone=sun.util.calendar.ZoneInfo[id="Etc/UTC",offset=0,dstSavings=0,useDaylight=false,transitions=0,lastRule=null],firstDayOfWeek=1,minimalDaysInFirstWeek=1,ERA=1,YEAR=2018,MONTH=2,WEEK_OF_YEAR=12,WEEK_OF_MONTH=4,DAY_OF_MONTH=21,DAY_OF_YEAR=80,DAY_OF_WEEK=4,DAY_OF_WEEK_IN_MONTH=3,AM_PM=0,HOUR=4,HOUR_OF_DAY=4,MINUTE=26,SECOND=50,MILLISECOND=948,ZONE_OFFSET=0,DST_OFFSET=0], message=null}
04:26:50.951 [main] DEBUG org.hibernate.SQL - insert into LogEntries (logCode, message, primaryUser, secondaryUser, time, id) values (?, ?, ?, ?, ?, ?)
Hibernate: insert into LogEntries (logCode, message, primaryUser, secondaryUser, time, id) values (?, ?, ?, ?, ?, ?)
04:26:50.952 [main] DEBUG o.h.e.j.internal.JdbcCoordinatorImpl - HHH000420: Closing un-released batch
04:26:50.952 [main] DEBUG o.h.e.t.internal.TransactionImpl - begin
04:26:50.952 [main] DEBUG org.hibernate.SQL - select next_val as id_val from hibernate_sequence for update
Hibernate: select next_val as id_val from hibernate_sequence for update
04:26:50.953 [main] DEBUG org.hibernate.SQL - update hibernate_sequence set next_val= ? where next_val=?
Hibernate: update hibernate_sequence set next_val= ? where next_val=?
04:26:50.954 [main] DEBUG o.h.e.i.AbstractSaveEventListener - Generated identifier: 518, using strategy: org.hibernate.id.enhanced.SequenceStyleGenerator
04:26:50.954 [main] DEBUG o.h.e.t.internal.TransactionImpl - committing
04:26:50.954 [main] DEBUG o.h.e.i.AbstractFlushingEventListener - Processing flush-time cascades
04:26:50.954 [main] DEBUG o.h.e.i.AbstractFlushingEventListener - Dirty checking collections
04:26:50.954 [main] DEBUG o.h.e.i.AbstractFlushingEventListener - Flushed: 1 insertions, 0 updates, 0 deletions to 1 objects
04:26:50.954 [main] DEBUG o.h.e.i.AbstractFlushingEventListener - Flushed: 0 (re)creations, 0 updates, 0 removals to 0 collections
04:26:50.954 [main] DEBUG o.h.internal.util.EntityPrinter - Listing entities:
04:26:50.954 [main] DEBUG o.h.internal.util.EntityPrinter - edu.ncsu.csc.itrust2.models.persistent.LogEntry{secondaryUser=null, logCode=5, primaryUser=logapitest, id=518, time=java.util.GregorianCalendar[time=1521606410952,areFieldsSet=true,areAllFieldsSet=true,lenient=true,zone=sun.util.calendar.ZoneInfo[id="Etc/UTC",offset=0,dstSavings=0,useDaylight=false,transitions=0,lastRule=null],firstDayOfWeek=1,minimalDaysInFirstWeek=1,ERA=1,YEAR=2018,MONTH=2,WEEK_OF_YEAR=12,WEEK_OF_MONTH=4,DAY_OF_MONTH=21,DAY_OF_YEAR=80,DAY_OF_WEEK=4,DAY_OF_WEEK_IN_MONTH=3,AM_PM=0,HOUR=4,HOUR_OF_DAY=4,MINUTE=26,SECOND=50,MILLISECOND=952,ZONE_OFFSET=0,DST_OFFSET=0], message=null}
04:26:50.954 [main] DEBUG org.hibernate.SQL - insert into LogEntries (logCode, message, primaryUser, secondaryUser, time, id) values (?, ?, ?, ?, ?, ?)
Hibernate: insert into LogEntries (logCode, message, primaryUser, secondaryUser, time, id) values (?, ?, ?, ?, ?, ?)
04:26:50.955 [main] DEBUG o.h.e.j.internal.JdbcCoordinatorImpl - HHH000420: Closing un-released batch
04:26:50.956 [main] DEBUG o.h.e.t.internal.TransactionImpl - begin
04:26:50.956 [main] DEBUG org.hibernate.SQL - select next_val as id_val from hibernate_sequence for update
Hibernate: select next_val as id_val from hibernate_sequence for update
04:26:50.956 [main] DEBUG org.hibernate.SQL - update hibernate_sequence set next_val= ? where next_val=?
Hibernate: update hibernate_sequence set next_val= ? where next_val=?
04:26:50.957 [main] DEBUG o.h.e.i.AbstractSaveEventListener - Generated identifier: 519, using strategy: org.hibernate.id.enhanced.SequenceStyleGenerator
04:26:50.958 [main] DEBUG o.h.e.t.internal.TransactionImpl - committing
04:26:50.958 [main] DEBUG o.h.e.i.AbstractFlushingEventListener - Processing flush-time cascades
04:26:50.958 [main] DEBUG o.h.e.i.AbstractFlushingEventListener - Dirty checking collections
04:26:50.958 [main] DEBUG o.h.e.i.AbstractFlushingEventListener - Flushed: 1 insertions, 0 updates, 0 deletions to 1 objects
04:26:50.958 [main] DEBUG o.h.e.i.AbstractFlushingEventListener - Flushed: 0 (re)creations, 0 updates, 0 removals to 0 collections
04:26:50.958 [main] DEBUG o.h.internal.util.EntityPrinter - Listing entities:
04:26:50.958 [main] DEBUG o.h.internal.util.EntityPrinter - edu.ncsu.csc.itrust2.models.persistent.LogEntry{secondaryUser=null, logCode=5, primaryUser=logapitest, id=519, time=java.util.GregorianCalendar[time=1521606410956,areFieldsSet=true,areAllFieldsSet=true,lenient=true,zone=sun.util.calendar.ZoneInfo[id="Etc/UTC",offset=0,dstSavings=0,useDaylight=false,transitions=0,lastRule=null],firstDayOfWeek=1,minimalDaysInFirstWeek=1,ERA=1,YEAR=2018,MONTH=2,WEEK_OF_YEAR=12,WEEK_OF_MONTH=4,DAY_OF_MONTH=21,DAY_OF_YEAR=80,DAY_OF_WEEK=4,DAY_OF_WEEK_IN_MONTH=3,AM_PM=0,HOUR=4,HOUR_OF_DAY=4,MINUTE=26,SECOND=50,MILLISECOND=956,ZONE_OFFSET=0,DST_OFFSET=0], message=null}
04:26:50.958 [main] DEBUG org.hibernate.SQL - insert into LogEntries (logCode, message, primaryUser, secondaryUser, time, id) values (?, ?, ?, ?, ?, ?)
Hibernate: insert into LogEntries (logCode, message, primaryUser, secondaryUser, time, id) values (?, ?, ?, ?, ?, ?)
04:26:50.960 [main] DEBUG o.h.e.j.internal.JdbcCoordinatorImpl - HHH000420: Closing un-released batch
04:26:50.961 [main] DEBUG o.h.e.t.internal.TransactionImpl - begin
04:26:50.961 [main] DEBUG org.hibernate.SQL - select next_val as id_val from hibernate_sequence for update
Hibernate: select next_val as id_val from hibernate_sequence for update
04:26:50.962 [main] DEBUG org.hibernate.SQL - update hibernate_sequence set next_val= ? where next_val=?
Hibernate: update hibernate_sequence set next_val= ? where next_val=?
04:26:50.963 [main] DEBUG o.h.e.i.AbstractSaveEventListener - Generated identifier: 520, using strategy: org.hibernate.id.enhanced.SequenceStyleGenerator
04:26:50.963 [main] DEBUG o.h.e.t.internal.TransactionImpl - committing
04:26:50.963 [main] DEBUG o.h.e.i.AbstractFlushingEventListener - Processing flush-time cascades
04:26:50.963 [main] DEBUG o.h.e.i.AbstractFlushingEventListener - Dirty checking collections
04:26:50.963 [main] DEBUG o.h.e.i.AbstractFlushingEventListener - Flushed: 1 insertions, 0 updates, 0 deletions to 1 objects
04:26:50.963 [main] DEBUG o.h.e.i.AbstractFlushingEventListener - Flushed: 0 (re)creations, 0 updates, 0 removals to 0 collections
04:26:50.964 [main] DEBUG o.h.internal.util.EntityPrinter - Listing entities:
04:26:50.964 [main] DEBUG o.h.internal.util.EntityPrinter - edu.ncsu.csc.itrust2.models.persistent.LogEntry{secondaryUser=null, logCode=5, primaryUser=logapitest, id=520, time=java.util.GregorianCalendar[time=1521606410960,areFieldsSet=true,areAllFieldsSet=true,lenient=true,zone=sun.util.calendar.ZoneInfo[id="Etc/UTC",offset=0,dstSavings=0,useDaylight=false,transitions=0,lastRule=null],firstDayOfWeek=1,minimalDaysInFirstWeek=1,ERA=1,YEAR=2018,MONTH=2,WEEK_OF_YEAR=12,WEEK_OF_MONTH=4,DAY_OF_MONTH=21,DAY_OF_YEAR=80,DAY_OF_WEEK=4,DAY_OF_WEEK_IN_MONTH=3,AM_PM=0,HOUR=4,HOUR_OF_DAY=4,MINUTE=26,SECOND=50,MILLISECOND=960,ZONE_OFFSET=0,DST_OFFSET=0], message=null}
04:26:50.964 [main] DEBUG org.hibernate.SQL - insert into LogEntries (logCode, message, primaryUser, secondaryUser, time, id) values (?, ?, ?, ?, ?, ?)
Hibernate: insert into LogEntries (logCode, message, primaryUser, secondaryUser, time, id) values (?, ?, ?, ?, ?, ?)
04:26:50.965 [main] DEBUG o.h.e.j.internal.JdbcCoordinatorImpl - HHH000420: Closing un-released batch
04:26:50.966 [main] DEBUG o.h.e.t.internal.TransactionImpl - begin
04:26:50.966 [main] DEBUG org.hibernate.SQL - select next_val as id_val from hibernate_sequence for update
Hibernate: select next_val as id_val from hibernate_sequence for update
04:26:50.967 [main] DEBUG org.hibernate.SQL - update hibernate_sequence set next_val= ? where next_val=?
Hibernate: update hibernate_sequence set next_val= ? where next_val=?
04:26:50.969 [main] DEBUG o.h.e.i.AbstractSaveEventListener - Generated identifier: 521, using strategy: org.hibernate.id.enhanced.SequenceStyleGenerator
04:26:50.969 [main] DEBUG o.h.e.t.internal.TransactionImpl - committing
04:26:50.969 [main] DEBUG o.h.e.i.AbstractFlushingEventListener - Processing flush-time cascades
04:26:50.969 [main] DEBUG o.h.e.i.AbstractFlushingEventListener - Dirty checking collections
04:26:50.969 [main] DEBUG o.h.e.i.AbstractFlushingEventListener - Flushed: 1 insertions, 0 updates, 0 deletions to 1 objects
04:26:50.969 [main] DEBUG o.h.e.i.AbstractFlushingEventListener - Flushed: 0 (re)creations, 0 updates, 0 removals to 0 collections
04:26:50.969 [main] DEBUG o.h.internal.util.EntityPrinter - Listing entities:
04:26:50.969 [main] DEBUG o.h.internal.util.EntityPrinter - edu.ncsu.csc.itrust2.models.persistent.LogEntry{secondaryUser=null, logCode=5, primaryUser=logapitest, id=521, time=java.util.GregorianCalendar[time=1521606410966,areFieldsSet=true,areAllFieldsSet=true,lenient=true,zone=sun.util.calendar.ZoneInfo[id="Etc/UTC",offset=0,dstSavings=0,useDaylight=false,transitions=0,lastRule=null],firstDayOfWeek=1,minimalDaysInFirstWeek=1,ERA=1,YEAR=2018,MONTH=2,WEEK_OF_YEAR=12,WEEK_OF_MONTH=4,DAY_OF_MONTH=21,DAY_OF_YEAR=80,DAY_OF_WEEK=4,DAY_OF_WEEK_IN_MONTH=3,AM_PM=0,HOUR=4,HOUR_OF_DAY=4,MINUTE=26,SECOND=50,MILLISECOND=966,ZONE_OFFSET=0,DST_OFFSET=0], message=null}
04:26:50.970 [main] DEBUG org.hibernate.SQL - insert into LogEntries (logCode, message, primaryUser, secondaryUser, time, id) values (?, ?, ?, ?, ?, ?)
Hibernate: insert into LogEntries (logCode, message, primaryUser, secondaryUser, time, id) values (?, ?, ?, ?, ?, ?)
04:26:50.971 [main] DEBUG o.h.e.j.internal.JdbcCoordinatorImpl - HHH000420: Closing un-released batch
04:26:50.971 [main] DEBUG o.h.e.t.internal.TransactionImpl - begin
04:26:50.972 [main] DEBUG org.hibernate.SQL - select next_val as id_val from hibernate_sequence for update
Hibernate: select next_val as id_val from hibernate_sequence for update
04:26:50.972 [main] DEBUG org.hibernate.SQL - update hibernate_sequence set next_val= ? where next_val=?
Hibernate: update hibernate_sequence set next_val= ? where next_val=?
04:26:50.973 [main] DEBUG o.h.e.i.AbstractSaveEventListener - Generated identifier: 522, using strategy: org.hibernate.id.enhanced.SequenceStyleGenerator
04:26:50.973 [main] DEBUG o.h.e.t.internal.TransactionImpl - committing
04:26:50.973 [main] DEBUG o.h.e.i.AbstractFlushingEventListener - Processing flush-time cascades
04:26:50.973 [main] DEBUG o.h.e.i.AbstractFlushingEventListener - Dirty checking collections
04:26:50.973 [main] DEBUG o.h.e.i.AbstractFlushingEventListener - Flushed: 1 insertions, 0 updates, 0 deletions to 1 objects
04:26:50.974 [main] DEBUG o.h.e.i.AbstractFlushingEventListener - Flushed: 0 (re)creations, 0 updates, 0 removals to 0 collections
04:26:50.974 [main] DEBUG o.h.internal.util.EntityPrinter - Listing entities:
04:26:50.974 [main] DEBUG o.h.internal.util.EntityPrinter - edu.ncsu.csc.itrust2.models.persistent.LogEntry{secondaryUser=null, logCode=5, primaryUser=logapitest, id=522, time=java.util.GregorianCalendar[time=1521606410971,areFieldsSet=true,areAllFieldsSet=true,lenient=true,zone=sun.util.calendar.ZoneInfo[id="Etc/UTC",offset=0,dstSavings=0,useDaylight=false,transitions=0,lastRule=null],firstDayOfWeek=1,minimalDaysInFirstWeek=1,ERA=1,YEAR=2018,MONTH=2,WEEK_OF_YEAR=12,WEEK_OF_MONTH=4,DAY_OF_MONTH=21,DAY_OF_YEAR=80,DAY_OF_WEEK=4,DAY_OF_WEEK_IN_MONTH=3,AM_PM=0,HOUR=4,HOUR_OF_DAY=4,MINUTE=26,SECOND=50,MILLISECOND=971,ZONE_OFFSET=0,DST_OFFSET=0], message=null}
04:26:50.974 [main] DEBUG org.hibernate.SQL - insert into LogEntries (logCode, message, primaryUser, secondaryUser, time, id) values (?, ?, ?, ?, ?, ?)
Hibernate: insert into LogEntries (logCode, message, primaryUser, secondaryUser, time, id) values (?, ?, ?, ?, ?, ?)
04:26:50.975 [main] DEBUG o.h.e.j.internal.JdbcCoordinatorImpl - HHH000420: Closing un-released batch
04:26:50.975 [main] DEBUG o.h.e.t.internal.TransactionImpl - begin
04:26:50.976 [main] DEBUG org.hibernate.SQL - select next_val as id_val from hibernate_sequence for update
Hibernate: select next_val as id_val from hibernate_sequence for update
04:26:50.976 [main] DEBUG org.hibernate.SQL - update hibernate_sequence set next_val= ? where next_val=?
Hibernate: update hibernate_sequence set next_val= ? where next_val=?
04:26:50.977 [main] DEBUG o.h.e.i.AbstractSaveEventListener - Generated identifier: 523, using strategy: org.hibernate.id.enhanced.SequenceStyleGenerator
04:26:50.977 [main] DEBUG o.h.e.t.internal.TransactionImpl - committing
04:26:50.977 [main] DEBUG o.h.e.i.AbstractFlushingEventListener - Processing flush-time cascades
04:26:50.978 [main] DEBUG o.h.e.i.AbstractFlushingEventListener - Dirty checking collections
04:26:50.978 [main] DEBUG o.h.e.i.AbstractFlushingEventListener - Flushed: 1 insertions, 0 updates, 0 deletions to 1 objects
04:26:50.978 [main] DEBUG o.h.e.i.AbstractFlushingEventListener - Flushed: 0 (re)creations, 0 updates, 0 removals to 0 collections
04:26:50.978 [main] DEBUG o.h.internal.util.EntityPrinter - Listing entities:
04:26:50.978 [main] DEBUG o.h.internal.util.EntityPrinter - edu.ncsu.csc.itrust2.models.persistent.LogEntry{secondaryUser=null, logCode=5, primaryUser=logapitest, id=523, time=java.util.GregorianCalendar[time=1521606410975,areFieldsSet=true,areAllFieldsSet=true,lenient=true,zone=sun.util.calendar.ZoneInfo[id="Etc/UTC",offset=0,dstSavings=0,useDaylight=false,transitions=0,lastRule=null],firstDayOfWeek=1,minimalDaysInFirstWeek=1,ERA=1,YEAR=2018,MONTH=2,WEEK_OF_YEAR=12,WEEK_OF_MONTH=4,DAY_OF_MONTH=21,DAY_OF_YEAR=80,DAY_OF_WEEK=4,DAY_OF_WEEK_IN_MONTH=3,AM_PM=0,HOUR=4,HOUR_OF_DAY=4,MINUTE=26,SECOND=50,MILLISECOND=975,ZONE_OFFSET=0,DST_OFFSET=0], message=null}
04:26:50.978 [main] DEBUG org.hibernate.SQL - insert into LogEntries (logCode, message, primaryUser, secondaryUser, time, id) values (?, ?, ?, ?, ?, ?)
Hibernate: insert into LogEntries (logCode, message, primaryUser, secondaryUser, time, id) values (?, ?, ?, ?, ?, ?)
04:26:50.980 [main] DEBUG o.h.e.j.internal.JdbcCoordinatorImpl - HHH000420: Closing un-released batch
04:26:50.981 [main] DEBUG o.h.e.t.internal.TransactionImpl - begin
04:26:50.981 [main] DEBUG org.hibernate.SQL - select next_val as id_val from hibernate_sequence for update
Hibernate: select next_val as id_val from hibernate_sequence for update
04:26:50.982 [main] DEBUG org.hibernate.SQL - update hibernate_sequence set next_val= ? where next_val=?
Hibernate: update hibernate_sequence set next_val= ? where next_val=?
04:26:50.983 [main] DEBUG o.h.e.i.AbstractSaveEventListener - Generated identifier: 524, using strategy: org.hibernate.id.enhanced.SequenceStyleGenerator
04:26:50.984 [main] DEBUG o.h.e.t.internal.TransactionImpl - committing
04:26:50.984 [main] DEBUG o.h.e.i.AbstractFlushingEventListener - Processing flush-time cascades
04:26:50.984 [main] DEBUG o.h.e.i.AbstractFlushingEventListener - Dirty checking collections
04:26:50.984 [main] DEBUG o.h.e.i.AbstractFlushingEventListener - Flushed: 1 insertions, 0 updates, 0 deletions to 1 objects
04:26:50.984 [main] DEBUG o.h.e.i.AbstractFlushingEventListener - Flushed: 0 (re)creations, 0 updates, 0 removals to 0 collections
04:26:50.984 [main] DEBUG o.h.internal.util.EntityPrinter - Listing entities:
04:26:50.984 [main] DEBUG o.h.internal.util.EntityPrinter - edu.ncsu.csc.itrust2.models.persistent.LogEntry{secondaryUser=null, logCode=5, primaryUser=logapitest, id=524, time=java.util.GregorianCalendar[time=1521606410981,areFieldsSet=true,areAllFieldsSet=true,lenient=true,zone=sun.util.calendar.ZoneInfo[id="Etc/UTC",offset=0,dstSavings=0,useDaylight=false,transitions=0,lastRule=null],firstDayOfWeek=1,minimalDaysInFirstWeek=1,ERA=1,YEAR=2018,MONTH=2,WEEK_OF_YEAR=12,WEEK_OF_MONTH=4,DAY_OF_MONTH=21,DAY_OF_YEAR=80,DAY_OF_WEEK=4,DAY_OF_WEEK_IN_MONTH=3,AM_PM=0,HOUR=4,HOUR_OF_DAY=4,MINUTE=26,SECOND=50,MILLISECOND=981,ZONE_OFFSET=0,DST_OFFSET=0], message=null}
04:26:50.984 [main] DEBUG org.hibernate.SQL - insert into LogEntries (logCode, message, primaryUser, secondaryUser, time, id) values (?, ?, ?, ?, ?, ?)
Hibernate: insert into LogEntries (logCode, message, primaryUser, secondaryUser, time, id) values (?, ?, ?, ?, ?, ?)
04:26:50.985 [main] DEBUG o.h.e.j.internal.JdbcCoordinatorImpl - HHH000420: Closing un-released batch
04:26:50.986 [main] DEBUG o.h.e.t.internal.TransactionImpl - begin
04:26:50.986 [main] DEBUG org.hibernate.SQL - select next_val as id_val from hibernate_sequence for update
Hibernate: select next_val as id_val from hibernate_sequence for update
04:26:50.987 [main] DEBUG org.hibernate.SQL - update hibernate_sequence set next_val= ? where next_val=?
Hibernate: update hibernate_sequence set next_val= ? where next_val=?
04:26:50.988 [main] DEBUG o.h.e.i.AbstractSaveEventListener - Generated identifier: 525, using strategy: org.hibernate.id.enhanced.SequenceStyleGenerator
04:26:50.988 [main] DEBUG o.h.e.t.internal.TransactionImpl - committing
04:26:50.988 [main] DEBUG o.h.e.i.AbstractFlushingEventListener - Processing flush-time cascades
04:26:50.988 [main] DEBUG o.h.e.i.AbstractFlushingEventListener - Dirty checking collections
04:26:50.988 [main] DEBUG o.h.e.i.AbstractFlushingEventListener - Flushed: 1 insertions, 0 updates, 0 deletions to 1 objects
04:26:50.988 [main] DEBUG o.h.e.i.AbstractFlushingEventListener - Flushed: 0 (re)creations, 0 updates, 0 removals to 0 collections
04:26:50.988 [main] DEBUG o.h.internal.util.EntityPrinter - Listing entities:
04:26:50.988 [main] DEBUG o.h.internal.util.EntityPrinter - edu.ncsu.csc.itrust2.models.persistent.LogEntry{secondaryUser=null, logCode=5, primaryUser=logapitest, id=525, time=java.util.GregorianCalendar[time=1521606410986,areFieldsSet=true,areAllFieldsSet=true,lenient=true,zone=sun.util.calendar.ZoneInfo[id="Etc/UTC",offset=0,dstSavings=0,useDaylight=false,transitions=0,lastRule=null],firstDayOfWeek=1,minimalDaysInFirstWeek=1,ERA=1,YEAR=2018,MONTH=2,WEEK_OF_YEAR=12,WEEK_OF_MONTH=4,DAY_OF_MONTH=21,DAY_OF_YEAR=80,DAY_OF_WEEK=4,DAY_OF_WEEK_IN_MONTH=3,AM_PM=0,HOUR=4,HOUR_OF_DAY=4,MINUTE=26,SECOND=50,MILLISECOND=986,ZONE_OFFSET=0,DST_OFFSET=0], message=null}
04:26:50.988 [main] DEBUG org.hibernate.SQL - insert into LogEntries (logCode, message, primaryUser, secondaryUser, time, id) values (?, ?, ?, ?, ?, ?)
Hibernate: insert into LogEntries (logCode, message, primaryUser, secondaryUser, time, id) values (?, ?, ?, ?, ?, ?)
04:26:50.990 [main] DEBUG o.h.e.j.internal.JdbcCoordinatorImpl - HHH000420: Closing un-released batch
04:26:50.990 [main] DEBUG o.h.e.t.internal.TransactionImpl - begin
04:26:50.990 [main] DEBUG org.hibernate.SQL - select next_val as id_val from hibernate_sequence for update
Hibernate: select next_val as id_val from hibernate_sequence for update
04:26:50.991 [main] DEBUG org.hibernate.SQL - update hibernate_sequence set next_val= ? where next_val=?
Hibernate: update hibernate_sequence set next_val= ? where next_val=?
04:26:50.992 [main] DEBUG o.h.e.i.AbstractSaveEventListener - Generated identifier: 526, using strategy: org.hibernate.id.enhanced.SequenceStyleGenerator
04:26:50.992 [main] DEBUG o.h.e.t.internal.TransactionImpl - committing
04:26:50.992 [main] DEBUG o.h.e.i.AbstractFlushingEventListener - Processing flush-time cascades
04:26:50.992 [main] DEBUG o.h.e.i.AbstractFlushingEventListener - Dirty checking collections
04:26:50.992 [main] DEBUG o.h.e.i.AbstractFlushingEventListener - Flushed: 1 insertions, 0 updates, 0 deletions to 1 objects
04:26:50.992 [main] DEBUG o.h.e.i.AbstractFlushingEventListener - Flushed: 0 (re)creations, 0 updates, 0 removals to 0 collections
04:26:50.992 [main] DEBUG o.h.internal.util.EntityPrinter - Listing entities:
04:26:50.992 [main] DEBUG o.h.internal.util.EntityPrinter - edu.ncsu.csc.itrust2.models.persistent.LogEntry{secondaryUser=null, logCode=5, primaryUser=logapitest, id=526, time=java.util.GregorianCalendar[time=1521606410990,areFieldsSet=true,areAllFieldsSet=true,lenient=true,zone=sun.util.calendar.ZoneInfo[id="Etc/UTC",offset=0,dstSavings=0,useDaylight=false,transitions=0,lastRule=null],firstDayOfWeek=1,minimalDaysInFirstWeek=1,ERA=1,YEAR=2018,MONTH=2,WEEK_OF_YEAR=12,WEEK_OF_MONTH=4,DAY_OF_MONTH=21,DAY_OF_YEAR=80,DAY_OF_WEEK=4,DAY_OF_WEEK_IN_MONTH=3,AM_PM=0,HOUR=4,HOUR_OF_DAY=4,MINUTE=26,SECOND=50,MILLISECOND=990,ZONE_OFFSET=0,DST_OFFSET=0], message=null}
04:26:50.993 [main] DEBUG org.hibernate.SQL - insert into LogEntries (logCode, message, primaryUser, secondaryUser, time, id) values (?, ?, ?, ?, ?, ?)
Hibernate: insert into LogEntries (logCode, message, primaryUser, secondaryUser, time, id) values (?, ?, ?, ?, ?, ?)
04:26:50.995 [main] DEBUG o.h.e.j.internal.JdbcCoordinatorImpl - HHH000420: Closing un-released batch
04:26:50.995 [main] DEBUG o.h.e.t.internal.TransactionImpl - begin
04:26:50.995 [main] DEBUG org.hibernate.SQL - select next_val as id_val from hibernate_sequence for update
Hibernate: select next_val as id_val from hibernate_sequence for update
04:26:50.996 [main] DEBUG org.hibernate.SQL - update hibernate_sequence set next_val= ? where next_val=?
Hibernate: update hibernate_sequence set next_val= ? where next_val=?
04:26:50.997 [main] DEBUG o.h.e.i.AbstractSaveEventListener - Generated identifier: 527, using strategy: org.hibernate.id.enhanced.SequenceStyleGenerator
04:26:50.998 [main] DEBUG o.h.e.t.internal.TransactionImpl - committing
04:26:50.998 [main] DEBUG o.h.e.i.AbstractFlushingEventListener - Processing flush-time cascades
04:26:50.998 [main] DEBUG o.h.e.i.AbstractFlushingEventListener - Dirty checking collections
04:26:50.998 [main] DEBUG o.h.e.i.AbstractFlushingEventListener - Flushed: 1 insertions, 0 updates, 0 deletions to 1 objects
04:26:50.998 [main] DEBUG o.h.e.i.AbstractFlushingEventListener - Flushed: 0 (re)creations, 0 updates, 0 removals to 0 collections
04:26:50.998 [main] DEBUG o.h.internal.util.EntityPrinter - Listing entities:
04:26:50.998 [main] DEBUG o.h.internal.util.EntityPrinter - edu.ncsu.csc.itrust2.models.persistent.LogEntry{secondaryUser=null, logCode=5, primaryUser=logapitest, id=527, time=java.util.GregorianCalendar[time=1521606410995,areFieldsSet=true,areAllFieldsSet=true,lenient=true,zone=sun.util.calendar.ZoneInfo[id="Etc/UTC",offset=0,dstSavings=0,useDaylight=false,transitions=0,lastRule=null],firstDayOfWeek=1,minimalDaysInFirstWeek=1,ERA=1,YEAR=2018,MONTH=2,WEEK_OF_YEAR=12,WEEK_OF_MONTH=4,DAY_OF_MONTH=21,DAY_OF_YEAR=80,DAY_OF_WEEK=4,DAY_OF_WEEK_IN_MONTH=3,AM_PM=0,HOUR=4,HOUR_OF_DAY=4,MINUTE=26,SECOND=50,MILLISECOND=995,ZONE_OFFSET=0,DST_OFFSET=0], message=null}
04:26:50.998 [main] DEBUG org.hibernate.SQL - insert into LogEntries (logCode, message, primaryUser, secondaryUser, time, id) values (?, ?, ?, ?, ?, ?)
Hibernate: insert into LogEntries (logCode, message, primaryUser, secondaryUser, time, id) values (?, ?, ?, ?, ?, ?)
04:26:50.999 [main] DEBUG o.h.e.j.internal.JdbcCoordinatorImpl - HHH000420: Closing un-released batch
04:26:51.000 [main] DEBUG o.h.e.t.internal.TransactionImpl - begin
04:26:51.000 [main] DEBUG org.hibernate.SQL - select next_val as id_val from hibernate_sequence for update
Hibernate: select next_val as id_val from hibernate_sequence for update
04:26:51.000 [main] DEBUG org.hibernate.SQL - update hibernate_sequence set next_val= ? where next_val=?
Hibernate: update hibernate_sequence set next_val= ? where next_val=?
04:26:51.001 [main] DEBUG o.h.e.i.AbstractSaveEventListener - Generated identifier: 528, using strategy: org.hibernate.id.enhanced.SequenceStyleGenerator
04:26:51.002 [main] DEBUG o.h.e.t.internal.TransactionImpl - committing
04:26:51.002 [main] DEBUG o.h.e.i.AbstractFlushingEventListener - Processing flush-time cascades
04:26:51.002 [main] DEBUG o.h.e.i.AbstractFlushingEventListener - Dirty checking collections
04:26:51.002 [main] DEBUG o.h.e.i.AbstractFlushingEventListener - Flushed: 1 insertions, 0 updates, 0 deletions to 1 objects
04:26:51.002 [main] DEBUG o.h.e.i.AbstractFlushingEventListener - Flushed: 0 (re)creations, 0 updates, 0 removals to 0 collections
04:26:51.002 [main] DEBUG o.h.internal.util.EntityPrinter - Listing entities:
04:26:51.002 [main] DEBUG o.h.internal.util.EntityPrinter - edu.ncsu.csc.itrust2.models.persistent.LogEntry{secondaryUser=null, logCode=5, primaryUser=logapitest, id=528, time=java.util.GregorianCalendar[time=1521606410999,areFieldsSet=true,areAllFieldsSet=true,lenient=true,zone=sun.util.calendar.ZoneInfo[id="Etc/UTC",offset=0,dstSavings=0,useDaylight=false,transitions=0,lastRule=null],firstDayOfWeek=1,minimalDaysInFirstWeek=1,ERA=1,YEAR=2018,MONTH=2,WEEK_OF_YEAR=12,WEEK_OF_MONTH=4,DAY_OF_MONTH=21,DAY_OF_YEAR=80,DAY_OF_WEEK=4,DAY_OF_WEEK_IN_MONTH=3,AM_PM=0,HOUR=4,HOUR_OF_DAY=4,MINUTE=26,SECOND=50,MILLISECOND=999,ZONE_OFFSET=0,DST_OFFSET=0], message=null}
04:26:51.002 [main] DEBUG org.hibernate.SQL - insert into LogEntries (logCode, message, primaryUser, secondaryUser, time, id) values (?, ?, ?, ?, ?, ?)
Hibernate: insert into LogEntries (logCode, message, primaryUser, secondaryUser, time, id) values (?, ?, ?, ?, ?, ?)
04:26:51.003 [main] DEBUG o.h.e.j.internal.JdbcCoordinatorImpl - HHH000420: Closing un-released batch
04:26:51.003 [main] DEBUG o.h.e.t.internal.TransactionImpl - begin
04:26:51.004 [main] DEBUG org.hibernate.SQL - select next_val as id_val from hibernate_sequence for update
Hibernate: select next_val as id_val from hibernate_sequence for update
04:26:51.004 [main] DEBUG org.hibernate.SQL - update hibernate_sequence set next_val= ? where next_val=?
Hibernate: update hibernate_sequence set next_val= ? where next_val=?
04:26:51.006 [main] DEBUG o.h.e.i.AbstractSaveEventListener - Generated identifier: 529, using strategy: org.hibernate.id.enhanced.SequenceStyleGenerator
04:26:51.006 [main] DEBUG o.h.e.t.internal.TransactionImpl - committing
04:26:51.006 [main] DEBUG o.h.e.i.AbstractFlushingEventListener - Processing flush-time cascades
04:26:51.006 [main] DEBUG o.h.e.i.AbstractFlushingEventListener - Dirty checking collections
04:26:51.006 [main] DEBUG o.h.e.i.AbstractFlushingEventListener - Flushed: 1 insertions, 0 updates, 0 deletions to 1 objects
04:26:51.006 [main] DEBUG o.h.e.i.AbstractFlushingEventListener - Flushed: 0 (re)creations, 0 updates, 0 removals to 0 collections
04:26:51.006 [main] DEBUG o.h.internal.util.EntityPrinter - Listing entities:
04:26:51.006 [main] DEBUG o.h.internal.util.EntityPrinter - edu.ncsu.csc.itrust2.models.persistent.LogEntry{secondaryUser=null, logCode=5, primaryUser=logapitest, id=529, time=java.util.GregorianCalendar[time=1521606411003,areFieldsSet=true,areAllFieldsSet=true,lenient=true,zone=sun.util.calendar.ZoneInfo[id="Etc/UTC",offset=0,dstSavings=0,useDaylight=false,transitions=0,lastRule=null],firstDayOfWeek=1,minimalDaysInFirstWeek=1,ERA=1,YEAR=2018,MONTH=2,WEEK_OF_YEAR=12,WEEK_OF_MONTH=4,DAY_OF_MONTH=21,DAY_OF_YEAR=80,DAY_OF_WEEK=4,DAY_OF_WEEK_IN_MONTH=3,AM_PM=0,HOUR=4,HOUR_OF_DAY=4,MINUTE=26,SECOND=51,MILLISECOND=3,ZONE_OFFSET=0,DST_OFFSET=0], message=null}
04:26:51.007 [main] DEBUG org.hibernate.SQL - insert into LogEntries (logCode, message, primaryUser, secondaryUser, time, id) values (?, ?, ?, ?, ?, ?)
Hibernate: insert into LogEntries (logCode, message, primaryUser, secondaryUser, time, id) values (?, ?, ?, ?, ?, ?)
04:26:51.007 [main] DEBUG o.h.e.j.internal.JdbcCoordinatorImpl - HHH000420: Closing un-released batch
04:26:51.008 [main] DEBUG o.h.e.t.internal.TransactionImpl - begin
04:26:51.008 [main] DEBUG org.hibernate.SQL - select next_val as id_val from hibernate_sequence for update
Hibernate: select next_val as id_val from hibernate_sequence for update
04:26:51.009 [main] DEBUG org.hibernate.SQL - update hibernate_sequence set next_val= ? where next_val=?
Hibernate: update hibernate_sequence set next_val= ? where next_val=?
04:26:51.010 [main] DEBUG o.h.e.i.AbstractSaveEventListener - Generated identifier: 530, using strategy: org.hibernate.id.enhanced.SequenceStyleGenerator
04:26:51.010 [main] DEBUG o.h.e.t.internal.TransactionImpl - committing
04:26:51.010 [main] DEBUG o.h.e.i.AbstractFlushingEventListener - Processing flush-time cascades
04:26:51.010 [main] DEBUG o.h.e.i.AbstractFlushingEventListener - Dirty checking collections
04:26:51.010 [main] DEBUG o.h.e.i.AbstractFlushingEventListener - Flushed: 1 insertions, 0 updates, 0 deletions to 1 objects
04:26:51.010 [main] DEBUG o.h.e.i.AbstractFlushingEventListener - Flushed: 0 (re)creations, 0 updates, 0 removals to 0 collections
04:26:51.010 [main] DEBUG o.h.internal.util.EntityPrinter - Listing entities:
04:26:51.010 [main] DEBUG o.h.internal.util.EntityPrinter - edu.ncsu.csc.itrust2.models.persistent.LogEntry{secondaryUser=null, logCode=5, primaryUser=logapitest, id=530, time=java.util.GregorianCalendar[time=1521606411008,areFieldsSet=true,areAllFieldsSet=true,lenient=true,zone=sun.util.calendar.ZoneInfo[id="Etc/UTC",offset=0,dstSavings=0,useDaylight=false,transitions=0,lastRule=null],firstDayOfWeek=1,minimalDaysInFirstWeek=1,ERA=1,YEAR=2018,MONTH=2,WEEK_OF_YEAR=12,WEEK_OF_MONTH=4,DAY_OF_MONTH=21,DAY_OF_YEAR=80,DAY_OF_WEEK=4,DAY_OF_WEEK_IN_MONTH=3,AM_PM=0,HOUR=4,HOUR_OF_DAY=4,MINUTE=26,SECOND=51,MILLISECOND=8,ZONE_OFFSET=0,DST_OFFSET=0], message=null}
04:26:51.011 [main] DEBUG org.hibernate.SQL - insert into LogEntries (logCode, message, primaryUser, secondaryUser, time, id) values (?, ?, ?, ?, ?, ?)
Hibernate: insert into LogEntries (logCode, message, primaryUser, secondaryUser, time, id) values (?, ?, ?, ?, ?, ?)
04:26:51.013 [main] DEBUG o.h.e.j.internal.JdbcCoordinatorImpl - HHH000420: Closing un-released batch
04:26:51.013 [main] DEBUG o.h.e.t.internal.TransactionImpl - begin
04:26:51.014 [main] DEBUG org.hibernate.SQL - select next_val as id_val from hibernate_sequence for update
Hibernate: select next_val as id_val from hibernate_sequence for update
04:26:51.014 [main] DEBUG org.hibernate.SQL - update hibernate_sequence set next_val= ? where next_val=?
Hibernate: update hibernate_sequence set next_val= ? where next_val=?
04:26:51.015 [main] DEBUG o.h.e.i.AbstractSaveEventListener - Generated identifier: 531, using strategy: org.hibernate.id.enhanced.SequenceStyleGenerator
04:26:51.015 [main] DEBUG o.h.e.t.internal.TransactionImpl - committing
04:26:51.015 [main] DEBUG o.h.e.i.AbstractFlushingEventListener - Processing flush-time cascades
04:26:51.016 [main] DEBUG o.h.e.i.AbstractFlushingEventListener - Dirty checking collections
04:26:51.016 [main] DEBUG o.h.e.i.AbstractFlushingEventListener - Flushed: 1 insertions, 0 updates, 0 deletions to 1 objects
04:26:51.016 [main] DEBUG o.h.e.i.AbstractFlushingEventListener - Flushed: 0 (re)creations, 0 updates, 0 removals to 0 collections
04:26:51.016 [main] DEBUG o.h.internal.util.EntityPrinter - Listing entities:
04:26:51.016 [main] DEBUG o.h.internal.util.EntityPrinter - edu.ncsu.csc.itrust2.models.persistent.LogEntry{secondaryUser=null, logCode=5, primaryUser=logapitest, id=531, time=java.util.GregorianCalendar[time=1521606411013,areFieldsSet=true,areAllFieldsSet=true,lenient=true,zone=sun.util.calendar.ZoneInfo[id="Etc/UTC",offset=0,dstSavings=0,useDaylight=false,transitions=0,lastRule=null],firstDayOfWeek=1,minimalDaysInFirstWeek=1,ERA=1,YEAR=2018,MONTH=2,WEEK_OF_YEAR=12,WEEK_OF_MONTH=4,DAY_OF_MONTH=21,DAY_OF_YEAR=80,DAY_OF_WEEK=4,DAY_OF_WEEK_IN_MONTH=3,AM_PM=0,HOUR=4,HOUR_OF_DAY=4,MINUTE=26,SECOND=51,MILLISECOND=13,ZONE_OFFSET=0,DST_OFFSET=0], message=null}
04:26:51.018 [main] DEBUG org.hibernate.SQL - insert into LogEntries (logCode, message, primaryUser, secondaryUser, time, id) values (?, ?, ?, ?, ?, ?)
Hibernate: insert into LogEntries (logCode, message, primaryUser, secondaryUser, time, id) values (?, ?, ?, ?, ?, ?)
04:26:51.022 [main] DEBUG o.h.e.j.internal.JdbcCoordinatorImpl - HHH000420: Closing un-released batch
04:26:51.023 [main] DEBUG o.h.e.t.internal.TransactionImpl - begin
04:26:51.023 [main] DEBUG org.hibernate.SQL - select next_val as id_val from hibernate_sequence for update
Hibernate: select next_val as id_val from hibernate_sequence for update
04:26:51.023 [main] DEBUG org.hibernate.SQL - update hibernate_sequence set next_val= ? where next_val=?
Hibernate: update hibernate_sequence set next_val= ? where next_val=?
04:26:51.024 [main] DEBUG o.h.e.i.AbstractSaveEventListener - Generated identifier: 532, using strategy: org.hibernate.id.enhanced.SequenceStyleGenerator
04:26:51.024 [main] DEBUG o.h.e.t.internal.TransactionImpl - committing
04:26:51.024 [main] DEBUG o.h.e.i.AbstractFlushingEventListener - Processing flush-time cascades
04:26:51.024 [main] DEBUG o.h.e.i.AbstractFlushingEventListener - Dirty checking collections
04:26:51.025 [main] DEBUG o.h.e.i.AbstractFlushingEventListener - Flushed: 1 insertions, 0 updates, 0 deletions to 1 objects
04:26:51.025 [main] DEBUG o.h.e.i.AbstractFlushingEventListener - Flushed: 0 (re)creations, 0 updates, 0 removals to 0 collections
04:26:51.025 [main] DEBUG o.h.internal.util.EntityPrinter - Listing entities:
04:26:51.025 [main] DEBUG o.h.internal.util.EntityPrinter - edu.ncsu.csc.itrust2.models.persistent.LogEntry{secondaryUser=null, logCode=5, primaryUser=logapitest, id=532, time=java.util.GregorianCalendar[time=1521606411022,areFieldsSet=true,areAllFieldsSet=true,lenient=true,zone=sun.util.calendar.ZoneInfo[id="Etc/UTC",offset=0,dstSavings=0,useDaylight=false,transitions=0,lastRule=null],firstDayOfWeek=1,minimalDaysInFirstWeek=1,ERA=1,YEAR=2018,MONTH=2,WEEK_OF_YEAR=12,WEEK_OF_MONTH=4,DAY_OF_MONTH=21,DAY_OF_YEAR=80,DAY_OF_WEEK=4,DAY_OF_WEEK_IN_MONTH=3,AM_PM=0,HOUR=4,HOUR_OF_DAY=4,MINUTE=26,SECOND=51,MILLISECOND=22,ZONE_OFFSET=0,DST_OFFSET=0], message=null}
04:26:51.025 [main] DEBUG org.hibernate.SQL - insert into LogEntries (logCode, message, primaryUser, secondaryUser, time, id) values (?, ?, ?, ?, ?, ?)
Hibernate: insert into LogEntries (logCode, message, primaryUser, secondaryUser, time, id) values (?, ?, ?, ?, ?, ?)
04:26:51.026 [main] DEBUG o.h.e.j.internal.JdbcCoordinatorImpl - HHH000420: Closing un-released batch
04:26:51.027 [main] DEBUG o.h.e.t.internal.TransactionImpl - begin
04:26:51.027 [main] DEBUG org.hibernate.SQL - select next_val as id_val from hibernate_sequence for update
Hibernate: select next_val as id_val from hibernate_sequence for update
04:26:51.027 [main] DEBUG org.hibernate.SQL - update hibernate_sequence set next_val= ? where next_val=?
Hibernate: update hibernate_sequence set next_val= ? where next_val=?
04:26:51.028 [main] DEBUG o.h.e.i.AbstractSaveEventListener - Generated identifier: 533, using strategy: org.hibernate.id.enhanced.SequenceStyleGenerator
04:26:51.029 [main] DEBUG o.h.e.t.internal.TransactionImpl - committing
04:26:51.029 [main] DEBUG o.h.e.i.AbstractFlushingEventListener - Processing flush-time cascades
04:26:51.029 [main] DEBUG o.h.e.i.AbstractFlushingEventListener - Dirty checking collections
04:26:51.029 [main] DEBUG o.h.e.i.AbstractFlushingEventListener - Flushed: 1 insertions, 0 updates, 0 deletions to 1 objects
04:26:51.029 [main] DEBUG o.h.e.i.AbstractFlushingEventListener - Flushed: 0 (re)creations, 0 updates, 0 removals to 0 collections
04:26:51.029 [main] DEBUG o.h.internal.util.EntityPrinter - Listing entities:
04:26:51.029 [main] DEBUG o.h.internal.util.EntityPrinter - edu.ncsu.csc.itrust2.models.persistent.LogEntry{secondaryUser=null, logCode=5, primaryUser=logapitest, id=533, time=java.util.GregorianCalendar[time=1521606411027,areFieldsSet=true,areAllFieldsSet=true,lenient=true,zone=sun.util.calendar.ZoneInfo[id="Etc/UTC",offset=0,dstSavings=0,useDaylight=false,transitions=0,lastRule=null],firstDayOfWeek=1,minimalDaysInFirstWeek=1,ERA=1,YEAR=2018,MONTH=2,WEEK_OF_YEAR=12,WEEK_OF_MONTH=4,DAY_OF_MONTH=21,DAY_OF_YEAR=80,DAY_OF_WEEK=4,DAY_OF_WEEK_IN_MONTH=3,AM_PM=0,HOUR=4,HOUR_OF_DAY=4,MINUTE=26,SECOND=51,MILLISECOND=27,ZONE_OFFSET=0,DST_OFFSET=0], message=null}
04:26:51.029 [main] DEBUG org.hibernate.SQL - insert into LogEntries (logCode, message, primaryUser, secondaryUser, time, id) values (?, ?, ?, ?, ?, ?)
Hibernate: insert into LogEntries (logCode, message, primaryUser, secondaryUser, time, id) values (?, ?, ?, ?, ?, ?)
04:26:51.030 [main] DEBUG o.h.e.j.internal.JdbcCoordinatorImpl - HHH000420: Closing un-released batch
04:26:51.030 [main] DEBUG o.h.e.t.internal.TransactionImpl - begin
04:26:51.031 [main] DEBUG org.hibernate.SQL - select next_val as id_val from hibernate_sequence for update
Hibernate: select next_val as id_val from hibernate_sequence for update
04:26:51.031 [main] DEBUG org.hibernate.SQL - update hibernate_sequence set next_val= ? where next_val=?
Hibernate: update hibernate_sequence set next_val= ? where next_val=?
04:26:51.032 [main] DEBUG o.h.e.i.AbstractSaveEventListener - Generated identifier: 534, using strategy: org.hibernate.id.enhanced.SequenceStyleGenerator
04:26:51.032 [main] DEBUG o.h.e.t.internal.TransactionImpl - committing
04:26:51.032 [main] DEBUG o.h.e.i.AbstractFlushingEventListener - Processing flush-time cascades
04:26:51.032 [main] DEBUG o.h.e.i.AbstractFlushingEventListener - Dirty checking collections
04:26:51.032 [main] DEBUG o.h.e.i.AbstractFlushingEventListener - Flushed: 1 insertions, 0 updates, 0 deletions to 1 objects
04:26:51.032 [main] DEBUG o.h.e.i.AbstractFlushingEventListener - Flushed: 0 (re)creations, 0 updates, 0 removals to 0 collections
04:26:51.032 [main] DEBUG o.h.internal.util.EntityPrinter - Listing entities:
04:26:51.033 [main] DEBUG o.h.internal.util.EntityPrinter - edu.ncsu.csc.itrust2.models.persistent.LogEntry{secondaryUser=null, logCode=5, primaryUser=logapitest, id=534, time=java.util.GregorianCalendar[time=1521606411030,areFieldsSet=true,areAllFieldsSet=true,lenient=true,zone=sun.util.calendar.ZoneInfo[id="Etc/UTC",offset=0,dstSavings=0,useDaylight=false,transitions=0,lastRule=null],firstDayOfWeek=1,minimalDaysInFirstWeek=1,ERA=1,YEAR=2018,MONTH=2,WEEK_OF_YEAR=12,WEEK_OF_MONTH=4,DAY_OF_MONTH=21,DAY_OF_YEAR=80,DAY_OF_WEEK=4,DAY_OF_WEEK_IN_MONTH=3,AM_PM=0,HOUR=4,HOUR_OF_DAY=4,MINUTE=26,SECOND=51,MILLISECOND=30,ZONE_OFFSET=0,DST_OFFSET=0], message=null}
04:26:51.033 [main] DEBUG org.hibernate.SQL - insert into LogEntries (logCode, message, primaryUser, secondaryUser, time, id) values (?, ?, ?, ?, ?, ?)
Hibernate: insert into LogEntries (logCode, message, primaryUser, secondaryUser, time, id) values (?, ?, ?, ?, ?, ?)
04:26:51.034 [main] DEBUG o.h.e.j.internal.JdbcCoordinatorImpl - HHH000420: Closing un-released batch
04:26:51.039 [main] DEBUG o.s.t.w.s.TestDispatcherServlet - DispatcherServlet with name '' processing POST request for [/api/v1/logentries/range]
04:26:51.039 [main] DEBUG o.s.w.s.m.m.a.RequestMappingHandlerMapping - Looking up handler method for path /api/v1/logentries/range
04:26:51.039 [main] DEBUG o.s.w.s.m.m.a.RequestMappingHandlerMapping - Returning handler method [public org.springframework.http.ResponseEntity edu.ncsu.csc.itrust2.controllers.api.APILogEntryController.getEntryByDateRange(edu.ncsu.csc.itrust2.controllers.api.comm.LogEntryRequestBody)]
04:26:51.039 [main] DEBUG o.s.b.f.s.DefaultListableBeanFactory - Returning cached instance of singleton bean 'APILogEntryController'
04:26:51.043 [main] DEBUG o.s.w.s.m.m.a.RequestResponseBodyMethodProcessor - Read [class edu.ncsu.csc.itrust2.controllers.api.comm.LogEntryRequestBody] as "application/json" with [org.springframework.http.converter.json.GsonHttpMessageConverter@26acf6ea]
04:26:51.046 [main] DEBUG o.h.e.t.internal.TransactionImpl - begin
04:26:51.047 [main] DEBUG org.hibernate.SQL - select this_.id as id1_6_0_, this_.logCode as logCode2_6_0_, this_.message as message3_6_0_, this_.primaryUser as primaryU4_6_0_, this_.secondaryUser as secondar5_6_0_, this_.time as time6_6_0_ from LogEntries this_ where this_.time between ? and ? and (this_.primaryUser=? or this_.secondaryUser=?)
Hibernate: select this_.id as id1_6_0_, this_.logCode as logCode2_6_0_, this_.message as message3_6_0_, this_.primaryUser as primaryU4_6_0_, this_.secondaryUser as secondar5_6_0_, this_.time as time6_6_0_ from LogEntries this_ where this_.time between ? and ? and (this_.primaryUser=? or this_.secondaryUser=?)
04:26:51.052 [main] DEBUG org.hibernate.loader.Loader - Result set row: 0
04:26:51.052 [main] DEBUG org.hibernate.loader.Loader - Result row: EntityKey[edu.ncsu.csc.itrust2.models.persistent.LogEntry#35]
04:26:51.052 [main] DEBUG org.hibernate.loader.Loader - Result set row: 1
04:26:51.053 [main] DEBUG org.hibernate.loader.Loader - Result row: EntityKey[edu.ncsu.csc.itrust2.models.persistent.LogEntry#36]
04:26:51.053 [main] DEBUG org.hibernate.loader.Loader - Result set row: 2
04:26:51.053 [main] DEBUG org.hibernate.loader.Loader - Result row: EntityKey[edu.ncsu.csc.itrust2.models.persistent.LogEntry#37]
04:26:51.053 [main] DEBUG org.hibernate.loader.Loader - Result set row: 3
04:26:51.054 [main] DEBUG org.hibernate.loader.Loader - Result row: EntityKey[edu.ncsu.csc.itrust2.models.persistent.LogEntry#38]
04:26:51.054 [main] DEBUG org.hibernate.loader.Loader - Result set row: 4
04:26:51.054 [main] DEBUG org.hibernate.loader.Loader - Result row: EntityKey[edu.ncsu.csc.itrust2.models.persistent.LogEntry#39]
04:26:51.054 [main] DEBUG org.hibernate.loader.Loader - Result set row: 5
04:26:51.054 [main] DEBUG org.hibernate.loader.Loader - Result row: EntityKey[edu.ncsu.csc.itrust2.models.persistent.LogEntry#40]
04:26:51.054 [main] DEBUG org.hibernate.loader.Loader - Result set row: 6
04:26:51.054 [main] DEBUG org.hibernate.loader.Loader - Result row: EntityKey[edu.ncsu.csc.itrust2.models.persistent.LogEntry#41]
04:26:51.054 [main] DEBUG org.hibernate.loader.Loader - Result set row: 7
04:26:51.055 [main] DEBUG org.hibernate.loader.Loader - Result row: EntityKey[edu.ncsu.csc.itrust2.models.persistent.LogEntry#42]
04:26:51.055 [main] DEBUG org.hibernate.loader.Loader - Result set row: 8
04:26:51.055 [main] DEBUG org.hibernate.loader.Loader - Result row: EntityKey[edu.ncsu.csc.itrust2.models.persistent.LogEntry#43]
04:26:51.055 [main] DEBUG org.hibernate.loader.Loader - Result set row: 9
04:26:51.055 [main] DEBUG org.hibernate.loader.Loader - Result row: EntityKey[edu.ncsu.csc.itrust2.models.persistent.LogEntry#44]
04:26:51.055 [main] DEBUG org.hibernate.loader.Loader - Result set row: 10
04:26:51.055 [main] DEBUG org.hibernate.loader.Loader - Result row: EntityKey[edu.ncsu.csc.itrust2.models.persistent.LogEntry#45]
04:26:51.055 [main] DEBUG org.hibernate.loader.Loader - Result set row: 11
04:26:51.055 [main] DEBUG org.hibernate.loader.Loader - Result row: EntityKey[edu.ncsu.csc.itrust2.models.persistent.LogEntry#46]
04:26:51.056 [main] DEBUG org.hibernate.loader.Loader - Result set row: 12
04:26:51.056 [main] DEBUG org.hibernate.loader.Loader - Result row: EntityKey[edu.ncsu.csc.itrust2.models.persistent.LogEntry#47]
04:26:51.057 [main] DEBUG org.hibernate.loader.Loader - Result set row: 13
04:26:51.057 [main] DEBUG org.hibernate.loader.Loader - Result row: EntityKey[edu.ncsu.csc.itrust2.models.persistent.LogEntry#48]
04:26:51.058 [main] DEBUG org.hibernate.loader.Loader - Result set row: 14
04:26:51.058 [main] DEBUG org.hibernate.loader.Loader - Result row: EntityKey[edu.ncsu.csc.itrust2.models.persistent.LogEntry#49]
04:26:51.058 [main] DEBUG org.hibernate.loader.Loader - Result set row: 15
04:26:51.058 [main] DEBUG org.hibernate.loader.Loader - Result row: EntityKey[edu.ncsu.csc.itrust2.models.persistent.LogEntry#50]
04:26:51.059 [main] DEBUG org.hibernate.loader.Loader - Result set row: 16
04:26:51.059 [main] DEBUG org.hibernate.loader.Loader - Result row: EntityKey[edu.ncsu.csc.itrust2.models.persistent.LogEntry#51]
04:26:51.059 [main] DEBUG org.hibernate.loader.Loader - Result set row: 17
04:26:51.059 [main] DEBUG org.hibernate.loader.Loader - Result row: EntityKey[edu.ncsu.csc.itrust2.models.persistent.LogEntry#52]
04:26:51.059 [main] DEBUG org.hibernate.loader.Loader - Result set row: 18
04:26:51.059 [main] DEBUG org.hibernate.loader.Loader - Result row: EntityKey[edu.ncsu.csc.itrust2.models.persistent.LogEntry#53]
04:26:51.059 [main] DEBUG org.hibernate.loader.Loader - Result set row: 19
04:26:51.059 [main] DEBUG org.hibernate.loader.Loader - Result row: EntityKey[edu.ncsu.csc.itrust2.models.persistent.LogEntry#54]
04:26:51.060 [main] DEBUG org.hibernate.loader.Loader - Result set row: 20
04:26:51.060 [main] DEBUG org.hibernate.loader.Loader - Result row: EntityKey[edu.ncsu.csc.itrust2.models.persistent.LogEntry#55]
04:26:51.060 [main] DEBUG org.hibernate.loader.Loader - Result set row: 21
04:26:51.060 [main] DEBUG org.hibernate.loader.Loader - Result row: EntityKey[edu.ncsu.csc.itrust2.models.persistent.LogEntry#56]
04:26:51.060 [main] DEBUG org.hibernate.loader.Loader - Result set row: 22
04:26:51.060 [main] DEBUG org.hibernate.loader.Loader - Result row: EntityKey[edu.ncsu.csc.itrust2.models.persistent.LogEntry#57]
04:26:51.060 [main] DEBUG org.hibernate.loader.Loader - Result set row: 23
04:26:51.060 [main] DEBUG org.hibernate.loader.Loader - Result row: EntityKey[edu.ncsu.csc.itrust2.models.persistent.LogEntry#58]
04:26:51.060 [main] DEBUG org.hibernate.loader.Loader - Result set row: 24
04:26:51.061 [main] DEBUG org.hibernate.loader.Loader - Result row: EntityKey[edu.ncsu.csc.itrust2.models.persistent.LogEntry#59]
04:26:51.061 [main] DEBUG org.hibernate.loader.Loader - Result set row: 25
04:26:51.061 [main] DEBUG org.hibernate.loader.Loader - Result row: EntityKey[edu.ncsu.csc.itrust2.models.persistent.LogEntry#60]
04:26:51.061 [main] DEBUG org.hibernate.loader.Loader - Result set row: 26
04:26:51.061 [main] DEBUG org.hibernate.loader.Loader - Result row: EntityKey[edu.ncsu.csc.itrust2.models.persistent.LogEntry#61]
04:26:51.061 [main] DEBUG org.hibernate.loader.Loader - Result set row: 27
04:26:51.061 [main] DEBUG org.hibernate.loader.Loader - Result row: EntityKey[edu.ncsu.csc.itrust2.models.persistent.LogEntry#62]
04:26:51.061 [main] DEBUG org.hibernate.loader.Loader - Result set row: 28
04:26:51.062 [main] DEBUG org.hibernate.loader.Loader - Result row: EntityKey[edu.ncsu.csc.itrust2.models.persistent.LogEntry#63]
04:26:51.062 [main] DEBUG org.hibernate.loader.Loader - Result set row: 29
04:26:51.062 [main] DEBUG org.hibernate.loader.Loader - Result row: EntityKey[edu.ncsu.csc.itrust2.models.persistent.LogEntry#64]
04:26:51.062 [main] DEBUG org.hibernate.loader.Loader - Result set row: 30
04:26:51.062 [main] DEBUG org.hibernate.loader.Loader - Result row: EntityKey[edu.ncsu.csc.itrust2.models.persistent.LogEntry#65]
04:26:51.062 [main] DEBUG org.hibernate.loader.Loader - Result set row: 31
04:26:51.062 [main] DEBUG org.hibernate.loader.Loader - Result row: EntityKey[edu.ncsu.csc.itrust2.models.persistent.LogEntry#66]
04:26:51.063 [main] DEBUG org.hibernate.loader.Loader - Result set row: 32
04:26:51.063 [main] DEBUG org.hibernate.loader.Loader - Result row: EntityKey[edu.ncsu.csc.itrust2.models.persistent.LogEntry#67]
04:26:51.063 [main] DEBUG org.hibernate.loader.Loader - Result set row: 33
04:26:51.063 [main] DEBUG org.hibernate.loader.Loader - Result row: EntityKey[edu.ncsu.csc.itrust2.models.persistent.LogEntry#68]
04:26:51.063 [main] DEBUG org.hibernate.loader.Loader - Result set row: 34
04:26:51.064 [main] DEBUG org.hibernate.loader.Loader - Result row: EntityKey[edu.ncsu.csc.itrust2.models.persistent.LogEntry#69]
04:26:51.064 [main] DEBUG org.hibernate.loader.Loader - Result set row: 35
04:26:51.064 [main] DEBUG org.hibernate.loader.Loader - Result row: EntityKey[edu.ncsu.csc.itrust2.models.persistent.LogEntry#70]
04:26:51.065 [main] DEBUG org.hibernate.loader.Loader - Result set row: 36
04:26:51.065 [main] DEBUG org.hibernate.loader.Loader - Result row: EntityKey[edu.ncsu.csc.itrust2.models.persistent.LogEntry#71]
04:26:51.065 [main] DEBUG org.hibernate.loader.Loader - Result set row: 37
04:26:51.066 [main] DEBUG org.hibernate.loader.Loader - Result row: EntityKey[edu.ncsu.csc.itrust2.models.persistent.LogEntry#72]
04:26:51.066 [main] DEBUG org.hibernate.loader.Loader - Result set row: 38
04:26:51.069 [main] DEBUG org.hibernate.loader.Loader - Result row: EntityKey[edu.ncsu.csc.itrust2.models.persistent.LogEntry#73]
04:26:51.069 [main] DEBUG org.hibernate.loader.Loader - Result set row: 39
04:26:51.069 [main] DEBUG org.hibernate.loader.Loader - Result row: EntityKey[edu.ncsu.csc.itrust2.models.persistent.LogEntry#74]
04:26:51.070 [main] DEBUG org.hibernate.loader.Loader - Result set row: 40
04:26:51.070 [main] DEBUG org.hibernate.loader.Loader - Result row: EntityKey[edu.ncsu.csc.itrust2.models.persistent.LogEntry#75]
04:26:51.070 [main] DEBUG org.hibernate.loader.Loader - Result set row: 41
04:26:51.070 [main] DEBUG org.hibernate.loader.Loader - Result row: EntityKey[edu.ncsu.csc.itrust2.models.persistent.LogEntry#76]
04:26:51.070 [main] DEBUG org.hibernate.loader.Loader - Result set row: 42
04:26:51.070 [main] DEBUG org.hibernate.loader.Loader - Result row: EntityKey[edu.ncsu.csc.itrust2.models.persistent.LogEntry#77]
04:26:51.071 [main] DEBUG org.hibernate.loader.Loader - Result set row: 43
04:26:51.071 [main] DEBUG org.hibernate.loader.Loader - Result row: EntityKey[edu.ncsu.csc.itrust2.models.persistent.LogEntry#78]
04:26:51.071 [main] DEBUG org.hibernate.loader.Loader - Result set row: 44
04:26:51.071 [main] DEBUG org.hibernate.loader.Loader - Result row: EntityKey[edu.ncsu.csc.itrust2.models.persistent.LogEntry#79]
04:26:51.071 [main] DEBUG org.hibernate.loader.Loader - Result set row: 45
04:26:51.071 [main] DEBUG org.hibernate.loader.Loader - Result row: EntityKey[edu.ncsu.csc.itrust2.models.persistent.LogEntry#80]
04:26:51.071 [main] DEBUG org.hibernate.loader.Loader - Result set row: 46
04:26:51.072 [main] DEBUG org.hibernate.loader.Loader - Result row: EntityKey[edu.ncsu.csc.itrust2.models.persistent.LogEntry#81]
04:26:51.072 [main] DEBUG org.hibernate.loader.Loader - Result set row: 47
04:26:51.072 [main] DEBUG org.hibernate.loader.Loader - Result row: EntityKey[edu.ncsu.csc.itrust2.models.persistent.LogEntry#82]
04:26:51.072 [main] DEBUG org.hibernate.loader.Loader - Result set row: 48
04:26:51.072 [main] DEBUG org.hibernate.loader.Loader - Result row: EntityKey[edu.ncsu.csc.itrust2.models.persistent.LogEntry#83]
04:26:51.072 [main] DEBUG org.hibernate.loader.Loader - Result set row: 49
04:26:51.072 [main] DEBUG org.hibernate.loader.Loader - Result row: EntityKey[edu.ncsu.csc.itrust2.models.persistent.LogEntry#84]
04:26:51.073 [main] DEBUG org.hibernate.loader.Loader - Result set row: 50
04:26:51.073 [main] DEBUG org.hibernate.loader.Loader - Result row: EntityKey[edu.ncsu.csc.itrust2.models.persistent.LogEntry#85]
04:26:51.073 [main] DEBUG org.hibernate.loader.Loader - Result set row: 51
04:26:51.073 [main] DEBUG org.hibernate.loader.Loader - Result row: EntityKey[edu.ncsu.csc.itrust2.models.persistent.LogEntry#86]
04:26:51.073 [main] DEBUG org.hibernate.loader.Loader - Result set row: 52
04:26:51.074 [main] DEBUG org.hibernate.loader.Loader - Result row: EntityKey[edu.ncsu.csc.itrust2.models.persistent.LogEntry#87]
04:26:51.074 [main] DEBUG org.hibernate.loader.Loader - Result set row: 53
04:26:51.074 [main] DEBUG org.hibernate.loader.Loader - Result row: EntityKey[edu.ncsu.csc.itrust2.models.persistent.LogEntry#88]
04:26:51.074 [main] DEBUG org.hibernate.loader.Loader - Result set row: 54
04:26:51.074 [main] DEBUG org.hibernate.loader.Loader - Result row: EntityKey[edu.ncsu.csc.itrust2.models.persistent.LogEntry#89]
04:26:51.074 [main] DEBUG org.hibernate.loader.Loader - Result set row: 55
04:26:51.074 [main] DEBUG org.hibernate.loader.Loader - Result row: EntityKey[edu.ncsu.csc.itrust2.models.persistent.LogEntry#90]
04:26:51.075 [main] DEBUG org.hibernate.loader.Loader - Result set row: 56
04:26:51.075 [main] DEBUG org.hibernate.loader.Loader - Result row: EntityKey[edu.ncsu.csc.itrust2.models.persistent.LogEntry#91]
04:26:51.075 [main] DEBUG org.hibernate.loader.Loader - Result set row: 57
04:26:51.075 [main] DEBUG org.hibernate.loader.Loader - Result row: EntityKey[edu.ncsu.csc.itrust2.models.persistent.LogEntry#92]
04:26:51.075 [main] DEBUG org.hibernate.loader.Loader - Result set row: 58
04:26:51.075 [main] DEBUG org.hibernate.loader.Loader - Result row: EntityKey[edu.ncsu.csc.itrust2.models.persistent.LogEntry#93]
04:26:51.075 [main] DEBUG org.hibernate.loader.Loader - Result set row: 59
04:26:51.076 [main] DEBUG org.hibernate.loader.Loader - Result row: EntityKey[edu.ncsu.csc.itrust2.models.persistent.LogEntry#94]
04:26:51.076 [main] DEBUG org.hibernate.loader.Loader - Result set row: 60
04:26:51.076 [main] DEBUG org.hibernate.loader.Loader - Result row: EntityKey[edu.ncsu.csc.itrust2.models.persistent.LogEntry#95]
04:26:51.076 [main] DEBUG org.hibernate.loader.Loader - Result set row: 61
04:26:51.077 [main] DEBUG org.hibernate.loader.Loader - Result row: EntityKey[edu.ncsu.csc.itrust2.models.persistent.LogEntry#96]
04:26:51.077 [main] DEBUG org.hibernate.loader.Loader - Result set row: 62
04:26:51.077 [main] DEBUG org.hibernate.loader.Loader - Result row: EntityKey[edu.ncsu.csc.itrust2.models.persistent.LogEntry#97]
04:26:51.077 [main] DEBUG org.hibernate.loader.Loader - Result set row: 63
04:26:51.078 [main] DEBUG org.hibernate.loader.Loader - Result row: EntityKey[edu.ncsu.csc.itrust2.models.persistent.LogEntry#98]
04:26:51.078 [main] DEBUG org.hibernate.loader.Loader - Result set row: 64
04:26:51.078 [main] DEBUG org.hibernate.loader.Loader - Result row: EntityKey[edu.ncsu.csc.itrust2.models.persistent.LogEntry#99]
04:26:51.078 [main] DEBUG org.hibernate.loader.Loader - Result set row: 65
04:26:51.078 [main] DEBUG org.hibernate.loader.Loader - Result row: EntityKey[edu.ncsu.csc.itrust2.models.persistent.LogEntry#100]
04:26:51.078 [main] DEBUG org.hibernate.loader.Loader - Result set row: 66
04:26:51.078 [main] DEBUG org.hibernate.loader.Loader - Result row: EntityKey[edu.ncsu.csc.itrust2.models.persistent.LogEntry#101]
04:26:51.078 [main] DEBUG org.hibernate.loader.Loader - Result set row: 67
04:26:51.078 [main] DEBUG org.hibernate.loader.Loader - Result row: EntityKey[edu.ncsu.csc.itrust2.models.persistent.LogEntry#102]
04:26:51.079 [main] DEBUG org.hibernate.loader.Loader - Result set row: 68
04:26:51.079 [main] DEBUG org.hibernate.loader.Loader - Result row: EntityKey[edu.ncsu.csc.itrust2.models.persistent.LogEntry#103]
04:26:51.079 [main] DEBUG org.hibernate.loader.Loader - Result set row: 69
04:26:51.079 [main] DEBUG org.hibernate.loader.Loader - Result row: EntityKey[edu.ncsu.csc.itrust2.models.persistent.LogEntry#104]
04:26:51.079 [main] DEBUG org.hibernate.loader.Loader - Result set row: 70
04:26:51.079 [main] DEBUG org.hibernate.loader.Loader - Result row: EntityKey[edu.ncsu.csc.itrust2.models.persistent.LogEntry#105]
04:26:51.079 [main] DEBUG org.hibernate.loader.Loader - Result set row: 71
04:26:51.080 [main] DEBUG org.hibernate.loader.Loader - Result row: EntityKey[edu.ncsu.csc.itrust2.models.persistent.LogEntry#106]
04:26:51.080 [main] DEBUG org.hibernate.loader.Loader - Result set row: 72
04:26:51.080 [main] DEBUG org.hibernate.loader.Loader - Result row: EntityKey[edu.ncsu.csc.itrust2.models.persistent.LogEntry#107]
04:26:51.080 [main] DEBUG org.hibernate.loader.Loader - Result set row: 73
04:26:51.080 [main] DEBUG org.hibernate.loader.Loader - Result row: EntityKey[edu.ncsu.csc.itrust2.models.persistent.LogEntry#108]
04:26:51.080 [main] DEBUG org.hibernate.loader.Loader - Result set row: 74
04:26:51.080 [main] DEBUG org.hibernate.loader.Loader - Result row: EntityKey[edu.ncsu.csc.itrust2.models.persistent.LogEntry#109]
04:26:51.081 [main] DEBUG org.hibernate.loader.Loader - Result set row: 75
04:26:51.081 [main] DEBUG org.hibernate.loader.Loader - Result row: EntityKey[edu.ncsu.csc.itrust2.models.persistent.LogEntry#110]
04:26:51.081 [main] DEBUG org.hibernate.loader.Loader - Result set row: 76
04:26:51.082 [main] DEBUG org.hibernate.loader.Loader - Result row: EntityKey[edu.ncsu.csc.itrust2.models.persistent.LogEntry#111]
04:26:51.082 [main] DEBUG org.hibernate.loader.Loader - Result set row: 77
04:26:51.082 [main] DEBUG org.hibernate.loader.Loader - Result row: EntityKey[edu.ncsu.csc.itrust2.models.persistent.LogEntry#112]
04:26:51.082 [main] DEBUG org.hibernate.loader.Loader - Result set row: 78
04:26:51.083 [main] DEBUG org.hibernate.loader.Loader - Result row: EntityKey[edu.ncsu.csc.itrust2.models.persistent.LogEntry#113]
04:26:51.089 [main] DEBUG org.hibernate.loader.Loader - Result set row: 79
04:26:51.091 [main] DEBUG org.hibernate.loader.Loader - Result row: EntityKey[edu.ncsu.csc.itrust2.models.persistent.LogEntry#114]
04:26:51.091 [main] DEBUG org.hibernate.loader.Loader - Result set row: 80
04:26:51.092 [main] DEBUG org.hibernate.loader.Loader - Result row: EntityKey[edu.ncsu.csc.itrust2.models.persistent.LogEntry#115]
04:26:51.092 [main] DEBUG org.hibernate.loader.Loader - Result set row: 81
04:26:51.092 [main] DEBUG org.hibernate.loader.Loader - Result row: EntityKey[edu.ncsu.csc.itrust2.models.persistent.LogEntry#116]
04:26:51.092 [main] DEBUG org.hibernate.loader.Loader - Result set row: 82
04:26:51.092 [main] DEBUG org.hibernate.loader.Loader - Result row: EntityKey[edu.ncsu.csc.itrust2.models.persistent.LogEntry#117]
04:26:51.092 [main] DEBUG org.hibernate.loader.Loader - Result set row: 83
04:26:51.093 [main] DEBUG org.hibernate.loader.Loader - Result row: EntityKey[edu.ncsu.csc.itrust2.models.persistent.LogEntry#118]
04:26:51.093 [main] DEBUG org.hibernate.loader.Loader - Result set row: 84
04:26:51.094 [main] DEBUG org.hibernate.loader.Loader - Result row: EntityKey[edu.ncsu.csc.itrust2.models.persistent.LogEntry#119]
04:26:51.094 [main] DEBUG org.hibernate.loader.Loader - Result set row: 85
04:26:51.094 [main] DEBUG org.hibernate.loader.Loader - Result row: EntityKey[edu.ncsu.csc.itrust2.models.persistent.LogEntry#120]
04:26:51.094 [main] DEBUG org.hibernate.loader.Loader - Result set row: 86
04:26:51.094 [main] DEBUG org.hibernate.loader.Loader - Result row: EntityKey[edu.ncsu.csc.itrust2.models.persistent.LogEntry#121]
04:26:51.094 [main] DEBUG org.hibernate.loader.Loader - Result set row: 87
04:26:51.094 [main] DEBUG org.hibernate.loader.Loader - Result row: EntityKey[edu.ncsu.csc.itrust2.models.persistent.LogEntry#122]
04:26:51.095 [main] DEBUG org.hibernate.loader.Loader - Result set row: 88
04:26:51.095 [main] DEBUG org.hibernate.loader.Loader - Result row: EntityKey[edu.ncsu.csc.itrust2.models.persistent.LogEntry#123]
04:26:51.095 [main] DEBUG org.hibernate.loader.Loader - Result set row: 89
04:26:51.096 [main] DEBUG org.hibernate.loader.Loader - Result row: EntityKey[edu.ncsu.csc.itrust2.models.persistent.LogEntry#124]
04:26:51.097 [main] DEBUG org.hibernate.loader.Loader - Result set row: 90
04:26:51.097 [main] DEBUG org.hibernate.loader.Loader - Result row: EntityKey[edu.ncsu.csc.itrust2.models.persistent.LogEntry#125]
04:26:51.097 [main] DEBUG org.hibernate.loader.Loader - Result set row: 91
04:26:51.097 [main] DEBUG org.hibernate.loader.Loader - Result row: EntityKey[edu.ncsu.csc.itrust2.models.persistent.LogEntry#126]
04:26:51.097 [main] DEBUG org.hibernate.loader.Loader - Result set row: 92
04:26:51.097 [main] DEBUG org.hibernate.loader.Loader - Result row: EntityKey[edu.ncsu.csc.itrust2.models.persistent.LogEntry#127]
04:26:51.097 [main] DEBUG org.hibernate.loader.Loader - Result set row: 93
04:26:51.098 [main] DEBUG org.hibernate.loader.Loader - Result row: EntityKey[edu.ncsu.csc.itrust2.models.persistent.LogEntry#128]
04:26:51.098 [main] DEBUG org.hibernate.loader.Loader - Result set row: 94
04:26:51.098 [main] DEBUG org.hibernate.loader.Loader - Result row: EntityKey[edu.ncsu.csc.itrust2.models.persistent.LogEntry#129]
04:26:51.098 [main] DEBUG org.hibernate.loader.Loader - Result set row: 95
04:26:51.098 [main] DEBUG org.hibernate.loader.Loader - Result row: EntityKey[edu.ncsu.csc.itrust2.models.persistent.LogEntry#130]
04:26:51.098 [main] DEBUG org.hibernate.loader.Loader - Result set row: 96
04:26:51.098 [main] DEBUG org.hibernate.loader.Loader - Result row: EntityKey[edu.ncsu.csc.itrust2.models.persistent.LogEntry#131]
04:26:51.098 [main] DEBUG org.hibernate.loader.Loader - Result set row: 97
04:26:51.098 [main] DEBUG org.hibernate.loader.Loader - Result row: EntityKey[edu.ncsu.csc.itrust2.models.persistent.LogEntry#132]
04:26:51.098 [main] DEBUG org.hibernate.loader.Loader - Result set row: 98
04:26:51.098 [main] DEBUG org.hibernate.loader.Loader - Result row: EntityKey[edu.ncsu.csc.itrust2.models.persistent.LogEntry#133]
04:26:51.099 [main] DEBUG org.hibernate.loader.Loader - Result set row: 99
04:26:51.099 [main] DEBUG org.hibernate.loader.Loader - Result row: EntityKey[edu.ncsu.csc.itrust2.models.persistent.LogEntry#134]
04:26:51.100 [main] DEBUG org.hibernate.loader.Loader - Result set row: 100
04:26:51.100 [main] DEBUG org.hibernate.loader.Loader - Result row: EntityKey[edu.ncsu.csc.itrust2.models.persistent.LogEntry#135]
04:26:51.100 [main] DEBUG org.hibernate.loader.Loader - Result set row: 101
04:26:51.100 [main] DEBUG org.hibernate.loader.Loader - Result row: EntityKey[edu.ncsu.csc.itrust2.models.persistent.LogEntry#136]
04:26:51.100 [main] DEBUG org.hibernate.loader.Loader - Result set row: 102
04:26:51.109 [main] DEBUG org.hibernate.loader.Loader - Result row: EntityKey[edu.ncsu.csc.itrust2.models.persistent.LogEntry#137]
04:26:51.109 [main] DEBUG org.hibernate.loader.Loader - Result set row: 103
04:26:51.110 [main] DEBUG org.hibernate.loader.Loader - Result row: EntityKey[edu.ncsu.csc.itrust2.models.persistent.LogEntry#138]
04:26:51.110 [main] DEBUG org.hibernate.loader.Loader - Result set row: 104
04:26:51.110 [main] DEBUG org.hibernate.loader.Loader - Result row: EntityKey[edu.ncsu.csc.itrust2.models.persistent.LogEntry#139]
04:26:51.110 [main] DEBUG org.hibernate.loader.Loader - Result set row: 105
04:26:51.110 [main] DEBUG org.hibernate.loader.Loader - Result row: EntityKey[edu.ncsu.csc.itrust2.models.persistent.LogEntry#140]
04:26:51.110 [main] DEBUG org.hibernate.loader.Loader - Result set row: 106
04:26:51.110 [main] DEBUG org.hibernate.loader.Loader - Result row: EntityKey[edu.ncsu.csc.itrust2.models.persistent.LogEntry#141]
04:26:51.110 [main] DEBUG org.hibernate.loader.Loader - Result set row: 107
04:26:51.110 [main] DEBUG org.hibernate.loader.Loader - Result row: EntityKey[edu.ncsu.csc.itrust2.models.persistent.LogEntry#142]
04:26:51.110 [main] DEBUG org.hibernate.loader.Loader - Result set row: 108
04:26:51.111 [main] DEBUG org.hibernate.loader.Loader - Result row: EntityKey[edu.ncsu.csc.itrust2.models.persistent.LogEntry#143]
04:26:51.111 [main] DEBUG org.hibernate.loader.Loader - Result set row: 109
04:26:51.111 [main] DEBUG org.hibernate.loader.Loader - Result row: EntityKey[edu.ncsu.csc.itrust2.models.persistent.LogEntry#144]
04:26:51.111 [main] DEBUG org.hibernate.loader.Loader - Result set row: 110
04:26:51.111 [main] DEBUG org.hibernate.loader.Loader - Result row: EntityKey[edu.ncsu.csc.itrust2.models.persistent.LogEntry#145]
04:26:51.111 [main] DEBUG org.hibernate.loader.Loader - Result set row: 111
04:26:51.111 [main] DEBUG org.hibernate.loader.Loader - Result row: EntityKey[edu.ncsu.csc.itrust2.models.persistent.LogEntry#146]
04:26:51.112 [main] DEBUG org.hibernate.loader.Loader - Result set row: 112
04:26:51.112 [main] DEBUG org.hibernate.loader.Loader - Result row: EntityKey[edu.ncsu.csc.itrust2.models.persistent.LogEntry#147]
04:26:51.112 [main] DEBUG org.hibernate.loader.Loader - Result set row: 113
04:26:51.112 [main] DEBUG org.hibernate.loader.Loader - Result row: EntityKey[edu.ncsu.csc.itrust2.models.persistent.LogEntry#148]
04:26:51.112 [main] DEBUG org.hibernate.loader.Loader - Result set row: 114
04:26:51.112 [main] DEBUG org.hibernate.loader.Loader - Result row: EntityKey[edu.ncsu.csc.itrust2.models.persistent.LogEntry#149]
04:26:51.112 [main] DEBUG org.hibernate.loader.Loader - Result set row: 115
04:26:51.113 [main] DEBUG org.hibernate.loader.Loader - Result row: EntityKey[edu.ncsu.csc.itrust2.models.persistent.LogEntry#150]
04:26:51.113 [main] DEBUG org.hibernate.loader.Loader - Result set row: 116
04:26:51.113 [main] DEBUG org.hibernate.loader.Loader - Result row: EntityKey[edu.ncsu.csc.itrust2.models.persistent.LogEntry#151]
04:26:51.113 [main] DEBUG org.hibernate.loader.Loader - Result set row: 117
04:26:51.113 [main] DEBUG org.hibernate.loader.Loader - Result row: EntityKey[edu.ncsu.csc.itrust2.models.persistent.LogEntry#152]
04:26:51.114 [main] DEBUG org.hibernate.loader.Loader - Result set row: 118
04:26:51.114 [main] DEBUG org.hibernate.loader.Loader - Result row: EntityKey[edu.ncsu.csc.itrust2.models.persistent.LogEntry#153]
04:26:51.114 [main] DEBUG org.hibernate.loader.Loader - Result set row: 119
04:26:51.114 [main] DEBUG org.hibernate.loader.Loader - Result row: EntityKey[edu.ncsu.csc.itrust2.models.persistent.LogEntry#154]
04:26:51.114 [main] DEBUG org.hibernate.loader.Loader - Result set row: 120
04:26:51.114 [main] DEBUG org.hibernate.loader.Loader - Result row: EntityKey[edu.ncsu.csc.itrust2.models.persistent.LogEntry#155]
04:26:51.114 [main] DEBUG org.hibernate.loader.Loader - Result set row: 121
04:26:51.114 [main] DEBUG org.hibernate.loader.Loader - Result row: EntityKey[edu.ncsu.csc.itrust2.models.persistent.LogEntry#156]
04:26:51.115 [main] DEBUG org.hibernate.loader.Loader - Result set row: 122
04:26:51.115 [main] DEBUG org.hibernate.loader.Loader - Result row: EntityKey[edu.ncsu.csc.itrust2.models.persistent.LogEntry#157]
04:26:51.115 [main] DEBUG org.hibernate.loader.Loader - Result set row: 123
04:26:51.115 [main] DEBUG org.hibernate.loader.Loader - Result row: EntityKey[edu.ncsu.csc.itrust2.models.persistent.LogEntry#158]
04:26:51.115 [main] DEBUG org.hibernate.loader.Loader - Result set row: 124
04:26:51.115 [main] DEBUG org.hibernate.loader.Loader - Result row: EntityKey[edu.ncsu.csc.itrust2.models.persistent.LogEntry#159]
04:26:51.115 [main] DEBUG org.hibernate.loader.Loader - Result set row: 125
04:26:51.116 [main] DEBUG org.hibernate.loader.Loader - Result row: EntityKey[edu.ncsu.csc.itrust2.models.persistent.LogEntry#160]
04:26:51.116 [main] DEBUG org.hibernate.loader.Loader - Result set row: 126
04:26:51.116 [main] DEBUG org.hibernate.loader.Loader - Result row: EntityKey[edu.ncsu.csc.itrust2.models.persistent.LogEntry#161]
04:26:51.116 [main] DEBUG org.hibernate.loader.Loader - Result set row: 127
04:26:51.116 [main] DEBUG org.hibernate.loader.Loader - Result row: EntityKey[edu.ncsu.csc.itrust2.models.persistent.LogEntry#162]
04:26:51.116 [main] DEBUG org.hibernate.loader.Loader - Result set row: 128
04:26:51.116 [main] DEBUG org.hibernate.loader.Loader - Result row: EntityKey[edu.ncsu.csc.itrust2.models.persistent.LogEntry#163]
04:26:51.117 [main] DEBUG org.hibernate.loader.Loader - Result set row: 129
04:26:51.117 [main] DEBUG org.hibernate.loader.Loader - Result row: EntityKey[edu.ncsu.csc.itrust2.models.persistent.LogEntry#164]
04:26:51.117 [main] DEBUG org.hibernate.loader.Loader - Result set row: 130
04:26:51.117 [main] DEBUG org.hibernate.loader.Loader - Result row: EntityKey[edu.ncsu.csc.itrust2.models.persistent.LogEntry#165]
04:26:51.117 [main] DEBUG org.hibernate.loader.Loader - Result set row: 131
04:26:51.117 [main] DEBUG org.hibernate.loader.Loader - Result row: EntityKey[edu.ncsu.csc.itrust2.models.persistent.LogEntry#166]
04:26:51.117 [main] DEBUG org.hibernate.loader.Loader - Result set row: 132
04:26:51.117 [main] DEBUG org.hibernate.loader.Loader - Result row: EntityKey[edu.ncsu.csc.itrust2.models.persistent.LogEntry#167]
04:26:51.118 [main] DEBUG org.hibernate.loader.Loader - Result set row: 133
04:26:51.118 [main] DEBUG org.hibernate.loader.Loader - Result row: EntityKey[edu.ncsu.csc.itrust2.models.persistent.LogEntry#168]
04:26:51.118 [main] DEBUG org.hibernate.loader.Loader - Result set row: 134
04:26:51.118 [main] DEBUG org.hibernate.loader.Loader - Result row: EntityKey[edu.ncsu.csc.itrust2.models.persistent.LogEntry#169]
04:26:51.118 [main] DEBUG org.hibernate.loader.Loader - Result set row: 135
04:26:51.121 [main] DEBUG org.hibernate.loader.Loader - Result row: EntityKey[edu.ncsu.csc.itrust2.models.persistent.LogEntry#170]
04:26:51.121 [main] DEBUG org.hibernate.loader.Loader - Result set row: 136
04:26:51.121 [main] DEBUG org.hibernate.loader.Loader - Result row: EntityKey[edu.ncsu.csc.itrust2.models.persistent.LogEntry#171]
04:26:51.121 [main] DEBUG org.hibernate.loader.Loader - Result set row: 137
04:26:51.121 [main] DEBUG org.hibernate.loader.Loader - Result row: EntityKey[edu.ncsu.csc.itrust2.models.persistent.LogEntry#172]
04:26:51.122 [main] DEBUG org.hibernate.loader.Loader - Result set row: 138
04:26:51.122 [main] DEBUG org.hibernate.loader.Loader - Result row: EntityKey[edu.ncsu.csc.itrust2.models.persistent.LogEntry#173]
04:26:51.122 [main] DEBUG org.hibernate.loader.Loader - Result set row: 139
04:26:51.122 [main] DEBUG org.hibernate.loader.Loader - Result row: EntityKey[edu.ncsu.csc.itrust2.models.persistent.LogEntry#174]
04:26:51.122 [main] DEBUG org.hibernate.loader.Loader - Result set row: 140
04:26:51.122 [main] DEBUG org.hibernate.loader.Loader - Result row: EntityKey[edu.ncsu.csc.itrust2.models.persistent.LogEntry#175]
04:26:51.122 [main] DEBUG org.hibernate.loader.Loader - Result set row: 141
04:26:51.122 [main] DEBUG org.hibernate.loader.Loader - Result row: EntityKey[edu.ncsu.csc.itrust2.models.persistent.LogEntry#176]
04:26:51.123 [main] DEBUG org.hibernate.loader.Loader - Result set row: 142
04:26:51.123 [main] DEBUG org.hibernate.loader.Loader - Result row: EntityKey[edu.ncsu.csc.itrust2.models.persistent.LogEntry#177]
04:26:51.123 [main] DEBUG org.hibernate.loader.Loader - Result set row: 143
04:26:51.123 [main] DEBUG org.hibernate.loader.Loader - Result row: EntityKey[edu.ncsu.csc.itrust2.models.persistent.LogEntry#178]
04:26:51.123 [main] DEBUG org.hibernate.loader.Loader - Result set row: 144
04:26:51.123 [main] DEBUG org.hibernate.loader.Loader - Result row: EntityKey[edu.ncsu.csc.itrust2.models.persistent.LogEntry#179]
04:26:51.124 [main] DEBUG org.hibernate.loader.Loader - Result set row: 145
04:26:51.124 [main] DEBUG org.hibernate.loader.Loader - Result row: EntityKey[edu.ncsu.csc.itrust2.models.persistent.LogEntry#180]
04:26:51.124 [main] DEBUG org.hibernate.loader.Loader - Result set row: 146
04:26:51.124 [main] DEBUG org.hibernate.loader.Loader - Result row: EntityKey[edu.ncsu.csc.itrust2.models.persistent.LogEntry#181]
04:26:51.124 [main] DEBUG org.hibernate.loader.Loader - Result set row: 147
04:26:51.124 [main] DEBUG org.hibernate.loader.Loader - Result row: EntityKey[edu.ncsu.csc.itrust2.models.persistent.LogEntry#182]
04:26:51.125 [main] DEBUG org.hibernate.loader.Loader - Result set row: 148
04:26:51.125 [main] DEBUG org.hibernate.loader.Loader - Result row: EntityKey[edu.ncsu.csc.itrust2.models.persistent.LogEntry#183]
04:26:51.125 [main] DEBUG org.hibernate.loader.Loader - Result set row: 149
04:26:51.125 [main] DEBUG org.hibernate.loader.Loader - Result row: EntityKey[edu.ncsu.csc.itrust2.models.persistent.LogEntry#184]
04:26:51.126 [main] DEBUG org.hibernate.loader.Loader - Result set row: 150
04:26:51.126 [main] DEBUG org.hibernate.loader.Loader - Result row: EntityKey[edu.ncsu.csc.itrust2.models.persistent.LogEntry#185]
04:26:51.126 [main] DEBUG org.hibernate.loader.Loader - Result set row: 151
04:26:51.126 [main] DEBUG org.hibernate.loader.Loader - Result row: EntityKey[edu.ncsu.csc.itrust2.models.persistent.LogEntry#186]
04:26:51.126 [main] DEBUG org.hibernate.loader.Loader - Result set row: 152
04:26:51.126 [main] DEBUG org.hibernate.loader.Loader - Result row: EntityKey[edu.ncsu.csc.itrust2.models.persistent.LogEntry#187]
04:26:51.126 [main] DEBUG org.hibernate.loader.Loader - Result set row: 153
04:26:51.127 [main] DEBUG org.hibernate.loader.Loader - Result row: EntityKey[edu.ncsu.csc.itrust2.models.persistent.LogEntry#188]
04:26:51.127 [main] DEBUG org.hibernate.loader.Loader - Result set row: 154
04:26:51.127 [main] DEBUG org.hibernate.loader.Loader - Result row: EntityKey[edu.ncsu.csc.itrust2.models.persistent.LogEntry#189]
04:26:51.127 [main] DEBUG org.hibernate.loader.Loader - Result set row: 155
04:26:51.127 [main] DEBUG org.hibernate.loader.Loader - Result row: EntityKey[edu.ncsu.csc.itrust2.models.persistent.LogEntry#190]
04:26:51.127 [main] DEBUG org.hibernate.loader.Loader - Result set row: 156
04:26:51.127 [main] DEBUG org.hibernate.loader.Loader - Result row: EntityKey[edu.ncsu.csc.itrust2.models.persistent.LogEntry#191]
04:26:51.127 [main] DEBUG org.hibernate.loader.Loader - Result set row: 157
04:26:51.128 [main] DEBUG org.hibernate.loader.Loader - Result row: EntityKey[edu.ncsu.csc.itrust2.models.persistent.LogEntry#192]
04:26:51.128 [main] DEBUG org.hibernate.loader.Loader - Result set row: 158
04:26:51.128 [main] DEBUG org.hibernate.loader.Loader - Result row: EntityKey[edu.ncsu.csc.itrust2.models.persistent.LogEntry#193]
04:26:51.128 [main] DEBUG org.hibernate.loader.Loader - Result set row: 159
04:26:51.128 [main] DEBUG org.hibernate.loader.Loader - Result row: EntityKey[edu.ncsu.csc.itrust2.models.persistent.LogEntry#194]
04:26:51.128 [main] DEBUG org.hibernate.loader.Loader - Result set row: 160
04:26:51.128 [main] DEBUG org.hibernate.loader.Loader - Result row: EntityKey[edu.ncsu.csc.itrust2.models.persistent.LogEntry#195]
04:26:51.128 [main] DEBUG org.hibernate.loader.Loader - Result set row: 161
04:26:51.128 [main] DEBUG org.hibernate.loader.Loader - Result row: EntityKey[edu.ncsu.csc.itrust2.models.persistent.LogEntry#196]
04:26:51.128 [main] DEBUG org.hibernate.loader.Loader - Result set row: 162
04:26:51.128 [main] DEBUG org.hibernate.loader.Loader - Result row: EntityKey[edu.ncsu.csc.itrust2.models.persistent.LogEntry#197]
04:26:51.129 [main] DEBUG org.hibernate.loader.Loader - Result set row: 163
04:26:51.129 [main] DEBUG org.hibernate.loader.Loader - Result row: EntityKey[edu.ncsu.csc.itrust2.models.persistent.LogEntry#198]
04:26:51.130 [main] DEBUG org.hibernate.loader.Loader - Result set row: 164
04:26:51.130 [main] DEBUG org.hibernate.loader.Loader - Result row: EntityKey[edu.ncsu.csc.itrust2.models.persistent.LogEntry#199]
04:26:51.130 [main] DEBUG org.hibernate.loader.Loader - Result set row: 165
04:26:51.130 [main] DEBUG org.hibernate.loader.Loader - Result row: EntityKey[edu.ncsu.csc.itrust2.models.persistent.LogEntry#200]
04:26:51.130 [main] DEBUG org.hibernate.loader.Loader - Result set row: 166
04:26:51.130 [main] DEBUG org.hibernate.loader.Loader - Result row: EntityKey[edu.ncsu.csc.itrust2.models.persistent.LogEntry#201]
04:26:51.130 [main] DEBUG org.hibernate.loader.Loader - Result set row: 167
04:26:51.130 [main] DEBUG org.hibernate.loader.Loader - Result row: EntityKey[edu.ncsu.csc.itrust2.models.persistent.LogEntry#202]
04:26:51.130 [main] DEBUG org.hibernate.loader.Loader - Result set row: 168
04:26:51.130 [main] DEBUG org.hibernate.loader.Loader - Result row: EntityKey[edu.ncsu.csc.itrust2.models.persistent.LogEntry#203]
04:26:51.131 [main] DEBUG org.hibernate.loader.Loader - Result set row: 169
04:26:51.131 [main] DEBUG org.hibernate.loader.Loader - Result row: EntityKey[edu.ncsu.csc.itrust2.models.persistent.LogEntry#204]
04:26:51.131 [main] DEBUG org.hibernate.loader.Loader - Result set row: 170
04:26:51.131 [main] DEBUG org.hibernate.loader.Loader - Result row: EntityKey[edu.ncsu.csc.itrust2.models.persistent.LogEntry#205]
04:26:51.132 [main] DEBUG org.hibernate.loader.Loader - Result set row: 171
04:26:51.132 [main] DEBUG org.hibernate.loader.Loader - Result row: EntityKey[edu.ncsu.csc.itrust2.models.persistent.LogEntry#206]
04:26:51.132 [main] DEBUG org.hibernate.loader.Loader - Result set row: 172
04:26:51.132 [main] DEBUG org.hibernate.loader.Loader - Result row: EntityKey[edu.ncsu.csc.itrust2.models.persistent.LogEntry#207]
04:26:51.132 [main] DEBUG org.hibernate.loader.Loader - Result set row: 173
04:26:51.132 [main] DEBUG org.hibernate.loader.Loader - Result row: EntityKey[edu.ncsu.csc.itrust2.models.persistent.LogEntry#208]
04:26:51.132 [main] DEBUG org.hibernate.loader.Loader - Result set row: 174
04:26:51.132 [main] DEBUG org.hibernate.loader.Loader - Result row: EntityKey[edu.ncsu.csc.itrust2.models.persistent.LogEntry#209]
04:26:51.132 [main] DEBUG org.hibernate.loader.Loader - Result set row: 175
04:26:51.132 [main] DEBUG org.hibernate.loader.Loader - Result row: EntityKey[edu.ncsu.csc.itrust2.models.persistent.LogEntry#210]
04:26:51.133 [main] DEBUG org.hibernate.loader.Loader - Result set row: 176
04:26:51.133 [main] DEBUG org.hibernate.loader.Loader - Result row: EntityKey[edu.ncsu.csc.itrust2.models.persistent.LogEntry#211]
04:26:51.133 [main] DEBUG org.hibernate.loader.Loader - Result set row: 177
04:26:51.133 [main] DEBUG org.hibernate.loader.Loader - Result row: EntityKey[edu.ncsu.csc.itrust2.models.persistent.LogEntry#212]
04:26:51.133 [main] DEBUG org.hibernate.loader.Loader - Result set row: 178
04:26:51.133 [main] DEBUG org.hibernate.loader.Loader - Result row: EntityKey[edu.ncsu.csc.itrust2.models.persistent.LogEntry#213]
04:26:51.133 [main] DEBUG org.hibernate.loader.Loader - Result set row: 179
04:26:51.133 [main] DEBUG org.hibernate.loader.Loader - Result row: EntityKey[edu.ncsu.csc.itrust2.models.persistent.LogEntry#214]
04:26:51.133 [main] DEBUG org.hibernate.loader.Loader - Result set row: 180
04:26:51.133 [main] DEBUG org.hibernate.loader.Loader - Result row: EntityKey[edu.ncsu.csc.itrust2.models.persistent.LogEntry#215]
04:26:51.133 [main] DEBUG org.hibernate.loader.Loader - Result set row: 181
04:26:51.134 [main] DEBUG org.hibernate.loader.Loader - Result row: EntityKey[edu.ncsu.csc.itrust2.models.persistent.LogEntry#216]
04:26:51.134 [main] DEBUG org.hibernate.loader.Loader - Result set row: 182
04:26:51.134 [main] DEBUG org.hibernate.loader.Loader - Result row: EntityKey[edu.ncsu.csc.itrust2.models.persistent.LogEntry#217]
04:26:51.134 [main] DEBUG org.hibernate.loader.Loader - Result set row: 183
04:26:51.134 [main] DEBUG org.hibernate.loader.Loader - Result row: EntityKey[edu.ncsu.csc.itrust2.models.persistent.LogEntry#218]
04:26:51.134 [main] DEBUG org.hibernate.loader.Loader - Result set row: 184
04:26:51.134 [main] DEBUG org.hibernate.loader.Loader - Result row: EntityKey[edu.ncsu.csc.itrust2.models.persistent.LogEntry#219]
04:26:51.134 [main] DEBUG org.hibernate.loader.Loader - Result set row: 185
04:26:51.134 [main] DEBUG org.hibernate.loader.Loader - Result row: EntityKey[edu.ncsu.csc.itrust2.models.persistent.LogEntry#220]
04:26:51.134 [main] DEBUG org.hibernate.loader.Loader - Result set row: 186
04:26:51.134 [main] DEBUG org.hibernate.loader.Loader - Result row: EntityKey[edu.ncsu.csc.itrust2.models.persistent.LogEntry#221]
04:26:51.135 [main] DEBUG org.hibernate.loader.Loader - Result set row: 187
04:26:51.135 [main] DEBUG org.hibernate.loader.Loader - Result row: EntityKey[edu.ncsu.csc.itrust2.models.persistent.LogEntry#222]
04:26:51.135 [main] DEBUG org.hibernate.loader.Loader - Result set row: 188
04:26:51.135 [main] DEBUG org.hibernate.loader.Loader - Result row: EntityKey[edu.ncsu.csc.itrust2.models.persistent.LogEntry#223]
04:26:51.135 [main] DEBUG org.hibernate.loader.Loader - Result set row: 189
04:26:51.135 [main] DEBUG org.hibernate.loader.Loader - Result row: EntityKey[edu.ncsu.csc.itrust2.models.persistent.LogEntry#224]
04:26:51.135 [main] DEBUG org.hibernate.loader.Loader - Result set row: 190
04:26:51.135 [main] DEBUG org.hibernate.loader.Loader - Result row: EntityKey[edu.ncsu.csc.itrust2.models.persistent.LogEntry#225]
04:26:51.135 [main] DEBUG org.hibernate.loader.Loader - Result set row: 191
04:26:51.135 [main] DEBUG org.hibernate.loader.Loader - Result row: EntityKey[edu.ncsu.csc.itrust2.models.persistent.LogEntry#226]
04:26:51.135 [main] DEBUG org.hibernate.loader.Loader - Result set row: 192
04:26:51.136 [main] DEBUG org.hibernate.loader.Loader - Result row: EntityKey[edu.ncsu.csc.itrust2.models.persistent.LogEntry#227]
04:26:51.136 [main] DEBUG org.hibernate.loader.Loader - Result set row: 193
04:26:51.136 [main] DEBUG org.hibernate.loader.Loader - Result row: EntityKey[edu.ncsu.csc.itrust2.models.persistent.LogEntry#228]
04:26:51.136 [main] DEBUG org.hibernate.loader.Loader - Result set row: 194
04:26:51.136 [main] DEBUG org.hibernate.loader.Loader - Result row: EntityKey[edu.ncsu.csc.itrust2.models.persistent.LogEntry#229]
04:26:51.136 [main] DEBUG org.hibernate.loader.Loader - Result set row: 195
04:26:51.136 [main] DEBUG org.hibernate.loader.Loader - Result row: EntityKey[edu.ncsu.csc.itrust2.models.persistent.LogEntry#230]
04:26:51.136 [main] DEBUG org.hibernate.loader.Loader - Result set row: 196
04:26:51.136 [main] DEBUG org.hibernate.loader.Loader - Result row: EntityKey[edu.ncsu.csc.itrust2.models.persistent.LogEntry#231]
04:26:51.138 [main] DEBUG org.hibernate.loader.Loader - Result set row: 197
04:26:51.138 [main] DEBUG org.hibernate.loader.Loader - Result row: EntityKey[edu.ncsu.csc.itrust2.models.persistent.LogEntry#232]
04:26:51.138 [main] DEBUG org.hibernate.loader.Loader - Result set row: 198
04:26:51.138 [main] DEBUG org.hibernate.loader.Loader - Result row: EntityKey[edu.ncsu.csc.itrust2.models.persistent.LogEntry#233]
04:26:51.138 [main] DEBUG org.hibernate.loader.Loader - Result set row: 199
04:26:51.138 [main] DEBUG org.hibernate.loader.Loader - Result row: EntityKey[edu.ncsu.csc.itrust2.models.persistent.LogEntry#234]
04:26:51.139 [main] DEBUG org.hibernate.loader.Loader - Result set row: 200
04:26:51.139 [main] DEBUG org.hibernate.loader.Loader - Result row: EntityKey[edu.ncsu.csc.itrust2.models.persistent.LogEntry#235]
04:26:51.139 [main] DEBUG org.hibernate.loader.Loader - Result set row: 201
04:26:51.139 [main] DEBUG org.hibernate.loader.Loader - Result row: EntityKey[edu.ncsu.csc.itrust2.models.persistent.LogEntry#236]
04:26:51.139 [main] DEBUG org.hibernate.loader.Loader - Result set row: 202
04:26:51.139 [main] DEBUG org.hibernate.loader.Loader - Result row: EntityKey[edu.ncsu.csc.itrust2.models.persistent.LogEntry#237]
04:26:51.139 [main] DEBUG org.hibernate.loader.Loader - Result set row: 203
04:26:51.139 [main] DEBUG org.hibernate.loader.Loader - Result row: EntityKey[edu.ncsu.csc.itrust2.models.persistent.LogEntry#238]
04:26:51.139 [main] DEBUG org.hibernate.loader.Loader - Result set row: 204
04:26:51.139 [main] DEBUG org.hibernate.loader.Loader - Result row: EntityKey[edu.ncsu.csc.itrust2.models.persistent.LogEntry#239]
04:26:51.140 [main] DEBUG org.hibernate.loader.Loader - Result set row: 205
04:26:51.142 [main] DEBUG org.hibernate.loader.Loader - Result row: EntityKey[edu.ncsu.csc.itrust2.models.persistent.LogEntry#240]
04:26:51.144 [main] DEBUG org.hibernate.loader.Loader - Result set row: 206
04:26:51.144 [main] DEBUG org.hibernate.loader.Loader - Result row: EntityKey[edu.ncsu.csc.itrust2.models.persistent.LogEntry#241]
04:26:51.144 [main] DEBUG org.hibernate.loader.Loader - Result set row: 207
04:26:51.145 [main] DEBUG org.hibernate.loader.Loader - Result row: EntityKey[edu.ncsu.csc.itrust2.models.persistent.LogEntry#242]
04:26:51.145 [main] DEBUG org.hibernate.loader.Loader - Result set row: 208
04:26:51.145 [main] DEBUG org.hibernate.loader.Loader - Result row: EntityKey[edu.ncsu.csc.itrust2.models.persistent.LogEntry#243]
04:26:51.145 [main] DEBUG org.hibernate.loader.Loader - Result set row: 209
04:26:51.145 [main] DEBUG org.hibernate.loader.Loader - Result row: EntityKey[edu.ncsu.csc.itrust2.models.persistent.LogEntry#244]
04:26:51.146 [main] DEBUG org.hibernate.loader.Loader - Result set row: 210
04:26:51.146 [main] DEBUG org.hibernate.loader.Loader - Result row: EntityKey[edu.ncsu.csc.itrust2.models.persistent.LogEntry#245]
04:26:51.146 [main] DEBUG org.hibernate.loader.Loader - Result set row: 211
04:26:51.146 [main] DEBUG org.hibernate.loader.Loader - Result row: EntityKey[edu.ncsu.csc.itrust2.models.persistent.LogEntry#246]
04:26:51.146 [main] DEBUG org.hibernate.loader.Loader - Result set row: 212
04:26:51.146 [main] DEBUG org.hibernate.loader.Loader - Result row: EntityKey[edu.ncsu.csc.itrust2.models.persistent.LogEntry#247]
04:26:51.146 [main] DEBUG org.hibernate.loader.Loader - Result set row: 213
04:26:51.147 [main] DEBUG org.hibernate.loader.Loader - Result row: EntityKey[edu.ncsu.csc.itrust2.models.persistent.LogEntry#248]
04:26:51.147 [main] DEBUG org.hibernate.loader.Loader - Result set row: 214
04:26:51.147 [main] DEBUG org.hibernate.loader.Loader - Result row: EntityKey[edu.ncsu.csc.itrust2.models.persistent.LogEntry#249]
04:26:51.148 [main] DEBUG org.hibernate.loader.Loader - Result set row: 215
04:26:51.148 [main] DEBUG org.hibernate.loader.Loader - Result row: EntityKey[edu.ncsu.csc.itrust2.models.persistent.LogEntry#250]
04:26:51.148 [main] DEBUG org.hibernate.loader.Loader - Result set row: 216
04:26:51.148 [main] DEBUG org.hibernate.loader.Loader - Result row: EntityKey[edu.ncsu.csc.itrust2.models.persistent.LogEntry#251]
04:26:51.152 [main] DEBUG org.hibernate.loader.Loader - Result set row: 217
04:26:51.153 [main] DEBUG org.hibernate.loader.Loader - Result row: EntityKey[edu.ncsu.csc.itrust2.models.persistent.LogEntry#252]
04:26:51.153 [main] DEBUG org.hibernate.loader.Loader - Result set row: 218
04:26:51.153 [main] DEBUG org.hibernate.loader.Loader - Result row: EntityKey[edu.ncsu.csc.itrust2.models.persistent.LogEntry#253]
04:26:51.153 [main] DEBUG org.hibernate.loader.Loader - Result set row: 219
04:26:51.153 [main] DEBUG org.hibernate.loader.Loader - Result row: EntityKey[edu.ncsu.csc.itrust2.models.persistent.LogEntry#254]
04:26:51.154 [main] DEBUG org.hibernate.loader.Loader - Result set row: 220
04:26:51.154 [main] DEBUG org.hibernate.loader.Loader - Result row: EntityKey[edu.ncsu.csc.itrust2.models.persistent.LogEntry#255]
04:26:51.154 [main] DEBUG org.hibernate.loader.Loader - Result set row: 221
04:26:51.154 [main] DEBUG org.hibernate.loader.Loader - Result row: EntityKey[edu.ncsu.csc.itrust2.models.persistent.LogEntry#256]
04:26:51.154 [main] DEBUG org.hibernate.loader.Loader - Result set row: 222
04:26:51.154 [main] DEBUG org.hibernate.loader.Loader - Result row: EntityKey[edu.ncsu.csc.itrust2.models.persistent.LogEntry#257]
04:26:51.154 [main] DEBUG org.hibernate.loader.Loader - Result set row: 223
04:26:51.154 [main] DEBUG org.hibernate.loader.Loader - Result row: EntityKey[edu.ncsu.csc.itrust2.models.persistent.LogEntry#258]
04:26:51.154 [main] DEBUG org.hibernate.loader.Loader - Result set row: 224
04:26:51.154 [main] DEBUG org.hibernate.loader.Loader - Result row: EntityKey[edu.ncsu.csc.itrust2.models.persistent.LogEntry#259]
04:26:51.154 [main] DEBUG org.hibernate.loader.Loader - Result set row: 225
04:26:51.155 [main] DEBUG org.hibernate.loader.Loader - Result row: EntityKey[edu.ncsu.csc.itrust2.models.persistent.LogEntry#260]
04:26:51.155 [main] DEBUG org.hibernate.loader.Loader - Result set row: 226
04:26:51.155 [main] DEBUG org.hibernate.loader.Loader - Result row: EntityKey[edu.ncsu.csc.itrust2.models.persistent.LogEntry#261]
04:26:51.155 [main] DEBUG org.hibernate.loader.Loader - Result set row: 227
04:26:51.155 [main] DEBUG org.hibernate.loader.Loader - Result row: EntityKey[edu.ncsu.csc.itrust2.models.persistent.LogEntry#262]
04:26:51.156 [main] DEBUG org.hibernate.loader.Loader - Result set row: 228
04:26:51.156 [main] DEBUG org.hibernate.loader.Loader - Result row: EntityKey[edu.ncsu.csc.itrust2.models.persistent.LogEntry#263]
04:26:51.156 [main] DEBUG org.hibernate.loader.Loader - Result set row: 229
04:26:51.156 [main] DEBUG org.hibernate.loader.Loader - Result row: EntityKey[edu.ncsu.csc.itrust2.models.persistent.LogEntry#264]
04:26:51.156 [main] DEBUG org.hibernate.loader.Loader - Result set row: 230
04:26:51.158 [main] DEBUG org.hibernate.loader.Loader - Result row: EntityKey[edu.ncsu.csc.itrust2.models.persistent.LogEntry#265]
04:26:51.158 [main] DEBUG org.hibernate.loader.Loader - Result set row: 231
04:26:51.158 [main] DEBUG org.hibernate.loader.Loader - Result row: EntityKey[edu.ncsu.csc.itrust2.models.persistent.LogEntry#266]
04:26:51.159 [main] DEBUG org.hibernate.loader.Loader - Result set row: 232
04:26:51.159 [main] DEBUG org.hibernate.loader.Loader - Result row: EntityKey[edu.ncsu.csc.itrust2.models.persistent.LogEntry#267]
04:26:51.159 [main] DEBUG org.hibernate.loader.Loader - Result set row: 233
04:26:51.159 [main] DEBUG org.hibernate.loader.Loader - Result row: EntityKey[edu.ncsu.csc.itrust2.models.persistent.LogEntry#268]
04:26:51.159 [main] DEBUG org.hibernate.loader.Loader - Result set row: 234
04:26:51.159 [main] DEBUG org.hibernate.loader.Loader - Result row: EntityKey[edu.ncsu.csc.itrust2.models.persistent.LogEntry#269]
04:26:51.159 [main] DEBUG org.hibernate.loader.Loader - Result set row: 235
04:26:51.159 [main] DEBUG org.hibernate.loader.Loader - Result row: EntityKey[edu.ncsu.csc.itrust2.models.persistent.LogEntry#270]
04:26:51.159 [main] DEBUG org.hibernate.loader.Loader - Result set row: 236
04:26:51.159 [main] DEBUG org.hibernate.loader.Loader - Result row: EntityKey[edu.ncsu.csc.itrust2.models.persistent.LogEntry#271]
04:26:51.159 [main] DEBUG org.hibernate.loader.Loader - Result set row: 237
04:26:51.160 [main] DEBUG org.hibernate.loader.Loader - Result row: EntityKey[edu.ncsu.csc.itrust2.models.persistent.LogEntry#272]
04:26:51.160 [main] DEBUG org.hibernate.loader.Loader - Result set row: 238
04:26:51.160 [main] DEBUG org.hibernate.loader.Loader - Result row: EntityKey[edu.ncsu.csc.itrust2.models.persistent.LogEntry#273]
04:26:51.160 [main] DEBUG org.hibernate.loader.Loader - Result set row: 239
04:26:51.160 [main] DEBUG org.hibernate.loader.Loader - Result row: EntityKey[edu.ncsu.csc.itrust2.models.persistent.LogEntry#274]
04:26:51.160 [main] DEBUG org.hibernate.loader.Loader - Result set row: 240
04:26:51.162 [main] DEBUG org.hibernate.loader.Loader - Result row: EntityKey[edu.ncsu.csc.itrust2.models.persistent.LogEntry#275]
04:26:51.162 [main] DEBUG org.hibernate.loader.Loader - Result set row: 241
04:26:51.162 [main] DEBUG org.hibernate.loader.Loader - Result row: EntityKey[edu.ncsu.csc.itrust2.models.persistent.LogEntry#276]
04:26:51.162 [main] DEBUG org.hibernate.loader.Loader - Result set row: 242
04:26:51.162 [main] DEBUG org.hibernate.loader.Loader - Result row: EntityKey[edu.ncsu.csc.itrust2.models.persistent.LogEntry#277]
04:26:51.163 [main] DEBUG org.hibernate.loader.Loader - Result set row: 243
04:26:51.163 [main] DEBUG org.hibernate.loader.Loader - Result row: EntityKey[edu.ncsu.csc.itrust2.models.persistent.LogEntry#278]
04:26:51.163 [main] DEBUG org.hibernate.loader.Loader - Result set row: 244
04:26:51.163 [main] DEBUG org.hibernate.loader.Loader - Result row: EntityKey[edu.ncsu.csc.itrust2.models.persistent.LogEntry#279]
04:26:51.163 [main] DEBUG org.hibernate.loader.Loader - Result set row: 245
04:26:51.163 [main] DEBUG org.hibernate.loader.Loader - Result row: EntityKey[edu.ncsu.csc.itrust2.models.persistent.LogEntry#280]
04:26:51.163 [main] DEBUG org.hibernate.loader.Loader - Result set row: 246
04:26:51.163 [main] DEBUG org.hibernate.loader.Loader - Result row: EntityKey[edu.ncsu.csc.itrust2.models.persistent.LogEntry#281]
04:26:51.163 [main] DEBUG org.hibernate.loader.Loader - Result set row: 247
04:26:51.163 [main] DEBUG org.hibernate.loader.Loader - Result row: EntityKey[edu.ncsu.csc.itrust2.models.persistent.LogEntry#282]
04:26:51.163 [main] DEBUG org.hibernate.loader.Loader - Result set row: 248
04:26:51.164 [main] DEBUG org.hibernate.loader.Loader - Result row: EntityKey[edu.ncsu.csc.itrust2.models.persistent.LogEntry#283]
04:26:51.164 [main] DEBUG org.hibernate.loader.Loader - Result set row: 249
04:26:51.164 [main] DEBUG org.hibernate.loader.Loader - Result row: EntityKey[edu.ncsu.csc.itrust2.models.persistent.LogEntry#284]
04:26:51.164 [main] DEBUG org.hibernate.loader.Loader - Result set row: 250
04:26:51.164 [main] DEBUG org.hibernate.loader.Loader - Result row: EntityKey[edu.ncsu.csc.itrust2.models.persistent.LogEntry#285]
04:26:51.164 [main] DEBUG org.hibernate.loader.Loader - Result set row: 251
04:26:51.164 [main] DEBUG org.hibernate.loader.Loader - Result row: EntityKey[edu.ncsu.csc.itrust2.models.persistent.LogEntry#286]
04:26:51.164 [main] DEBUG org.hibernate.loader.Loader - Result set row: 252
04:26:51.164 [main] DEBUG org.hibernate.loader.Loader - Result row: EntityKey[edu.ncsu.csc.itrust2.models.persistent.LogEntry#287]
04:26:51.164 [main] DEBUG org.hibernate.loader.Loader - Result set row: 253
04:26:51.166 [main] DEBUG org.hibernate.loader.Loader - Result row: EntityKey[edu.ncsu.csc.itrust2.models.persistent.LogEntry#288]
04:26:51.167 [main] DEBUG org.hibernate.loader.Loader - Result set row: 254
04:26:51.167 [main] DEBUG org.hibernate.loader.Loader - Result row: EntityKey[edu.ncsu.csc.itrust2.models.persistent.LogEntry#289]
04:26:51.167 [main] DEBUG org.hibernate.loader.Loader - Result set row: 255
04:26:51.168 [main] DEBUG org.hibernate.loader.Loader - Result row: EntityKey[edu.ncsu.csc.itrust2.models.persistent.LogEntry#290]
04:26:51.168 [main] DEBUG org.hibernate.loader.Loader - Result set row: 256
04:26:51.170 [main] DEBUG org.hibernate.loader.Loader - Result row: EntityKey[edu.ncsu.csc.itrust2.models.persistent.LogEntry#291]
04:26:51.170 [main] DEBUG org.hibernate.loader.Loader - Result set row: 257
04:26:51.170 [main] DEBUG org.hibernate.loader.Loader - Result row: EntityKey[edu.ncsu.csc.itrust2.models.persistent.LogEntry#292]
04:26:51.170 [main] DEBUG org.hibernate.loader.Loader - Result set row: 258
04:26:51.170 [main] DEBUG org.hibernate.loader.Loader - Result row: EntityKey[edu.ncsu.csc.itrust2.models.persistent.LogEntry#293]
04:26:51.171 [main] DEBUG org.hibernate.loader.Loader - Result set row: 259
04:26:51.171 [main] DEBUG org.hibernate.loader.Loader - Result row: EntityKey[edu.ncsu.csc.itrust2.models.persistent.LogEntry#294]
04:26:51.171 [main] DEBUG org.hibernate.loader.Loader - Result set row: 260
04:26:51.171 [main] DEBUG org.hibernate.loader.Loader - Result row: EntityKey[edu.ncsu.csc.itrust2.models.persistent.LogEntry#295]
04:26:51.175 [main] DEBUG org.hibernate.loader.Loader - Result set row: 261
04:26:51.175 [main] DEBUG org.hibernate.loader.Loader - Result row: EntityKey[edu.ncsu.csc.itrust2.models.persistent.LogEntry#296]
04:26:51.175 [main] DEBUG org.hibernate.loader.Loader - Result set row: 262
04:26:51.176 [main] DEBUG org.hibernate.loader.Loader - Result row: EntityKey[edu.ncsu.csc.itrust2.models.persistent.LogEntry#297]
04:26:51.176 [main] DEBUG org.hibernate.loader.Loader - Result set row: 263
04:26:51.176 [main] DEBUG org.hibernate.loader.Loader - Result row: EntityKey[edu.ncsu.csc.itrust2.models.persistent.LogEntry#298]
04:26:51.176 [main] DEBUG org.hibernate.loader.Loader - Result set row: 264
04:26:51.176 [main] DEBUG org.hibernate.loader.Loader - Result row: EntityKey[edu.ncsu.csc.itrust2.models.persistent.LogEntry#299]
04:26:51.176 [main] DEBUG org.hibernate.loader.Loader - Result set row: 265
04:26:51.176 [main] DEBUG org.hibernate.loader.Loader - Result row: EntityKey[edu.ncsu.csc.itrust2.models.persistent.LogEntry#300]
04:26:51.176 [main] DEBUG org.hibernate.loader.Loader - Result set row: 266
04:26:51.176 [main] DEBUG org.hibernate.loader.Loader - Result row: EntityKey[edu.ncsu.csc.itrust2.models.persistent.LogEntry#301]
04:26:51.176 [main] DEBUG org.hibernate.loader.Loader - Result set row: 267
04:26:51.176 [main] DEBUG org.hibernate.loader.Loader - Result row: EntityKey[edu.ncsu.csc.itrust2.models.persistent.LogEntry#302]
04:26:51.176 [main] DEBUG org.hibernate.loader.Loader - Result set row: 268
04:26:51.177 [main] DEBUG org.hibernate.loader.Loader - Result row: EntityKey[edu.ncsu.csc.itrust2.models.persistent.LogEntry#303]
04:26:51.177 [main] DEBUG org.hibernate.loader.Loader - Result set row: 269
04:26:51.177 [main] DEBUG org.hibernate.loader.Loader - Result row: EntityKey[edu.ncsu.csc.itrust2.models.persistent.LogEntry#304]
04:26:51.177 [main] DEBUG org.hibernate.loader.Loader - Result set row: 270
04:26:51.177 [main] DEBUG org.hibernate.loader.Loader - Result row: EntityKey[edu.ncsu.csc.itrust2.models.persistent.LogEntry#305]
04:26:51.177 [main] DEBUG org.hibernate.loader.Loader - Result set row: 271
04:26:51.177 [main] DEBUG org.hibernate.loader.Loader - Result row: EntityKey[edu.ncsu.csc.itrust2.models.persistent.LogEntry#306]
04:26:51.177 [main] DEBUG org.hibernate.loader.Loader - Result set row: 272
04:26:51.177 [main] DEBUG org.hibernate.loader.Loader - Result row: EntityKey[edu.ncsu.csc.itrust2.models.persistent.LogEntry#307]
04:26:51.177 [main] DEBUG org.hibernate.loader.Loader - Result set row: 273
04:26:51.177 [main] DEBUG org.hibernate.loader.Loader - Result row: EntityKey[edu.ncsu.csc.itrust2.models.persistent.LogEntry#308]
04:26:51.178 [main] DEBUG org.hibernate.loader.Loader - Result set row: 274
04:26:51.178 [main] DEBUG org.hibernate.loader.Loader - Result row: EntityKey[edu.ncsu.csc.itrust2.models.persistent.LogEntry#309]
04:26:51.178 [main] DEBUG org.hibernate.loader.Loader - Result set row: 275
04:26:51.178 [main] DEBUG org.hibernate.loader.Loader - Result row: EntityKey[edu.ncsu.csc.itrust2.models.persistent.LogEntry#310]
04:26:51.178 [main] DEBUG org.hibernate.loader.Loader - Result set row: 276
04:26:51.178 [main] DEBUG org.hibernate.loader.Loader - Result row: EntityKey[edu.ncsu.csc.itrust2.models.persistent.LogEntry#311]
04:26:51.179 [main] DEBUG org.hibernate.loader.Loader - Result set row: 277
04:26:51.179 [main] DEBUG org.hibernate.loader.Loader - Result row: EntityKey[edu.ncsu.csc.itrust2.models.persistent.LogEntry#312]
04:26:51.179 [main] DEBUG org.hibernate.loader.Loader - Result set row: 278
04:26:51.179 [main] DEBUG org.hibernate.loader.Loader - Result row: EntityKey[edu.ncsu.csc.itrust2.models.persistent.LogEntry#313]
04:26:51.179 [main] DEBUG org.hibernate.loader.Loader - Result set row: 279
04:26:51.179 [main] DEBUG org.hibernate.loader.Loader - Result row: EntityKey[edu.ncsu.csc.itrust2.models.persistent.LogEntry#314]
04:26:51.179 [main] DEBUG org.hibernate.loader.Loader - Result set row: 280
04:26:51.179 [main] DEBUG org.hibernate.loader.Loader - Result row: EntityKey[edu.ncsu.csc.itrust2.models.persistent.LogEntry#315]
04:26:51.180 [main] DEBUG org.hibernate.loader.Loader - Result set row: 281
04:26:51.180 [main] DEBUG org.hibernate.loader.Loader - Result row: EntityKey[edu.ncsu.csc.itrust2.models.persistent.LogEntry#316]
04:26:51.180 [main] DEBUG org.hibernate.loader.Loader - Result set row: 282
04:26:51.180 [main] DEBUG org.hibernate.loader.Loader - Result row: EntityKey[edu.ncsu.csc.itrust2.models.persistent.LogEntry#317]
04:26:51.184 [main] DEBUG org.hibernate.loader.Loader - Result set row: 283
04:26:51.184 [main] DEBUG org.hibernate.loader.Loader - Result row: EntityKey[edu.ncsu.csc.itrust2.models.persistent.LogEntry#318]
04:26:51.184 [main] DEBUG org.hibernate.loader.Loader - Result set row: 284
04:26:51.184 [main] DEBUG org.hibernate.loader.Loader - Result row: EntityKey[edu.ncsu.csc.itrust2.models.persistent.LogEntry#319]
04:26:51.184 [main] DEBUG org.hibernate.loader.Loader - Result set row: 285
04:26:51.184 [main] DEBUG org.hibernate.loader.Loader - Result row: EntityKey[edu.ncsu.csc.itrust2.models.persistent.LogEntry#320]
04:26:51.185 [main] DEBUG org.hibernate.loader.Loader - Result set row: 286
04:26:51.185 [main] DEBUG org.hibernate.loader.Loader - Result row: EntityKey[edu.ncsu.csc.itrust2.models.persistent.LogEntry#321]
04:26:51.185 [main] DEBUG org.hibernate.loader.Loader - Result set row: 287
04:26:51.185 [main] DEBUG org.hibernate.loader.Loader - Result row: EntityKey[edu.ncsu.csc.itrust2.models.persistent.LogEntry#322]
04:26:51.185 [main] DEBUG org.hibernate.loader.Loader - Result set row: 288
04:26:51.185 [main] DEBUG org.hibernate.loader.Loader - Result row: EntityKey[edu.ncsu.csc.itrust2.models.persistent.LogEntry#323]
04:26:51.185 [main] DEBUG org.hibernate.loader.Loader - Result set row: 289
04:26:51.185 [main] DEBUG org.hibernate.loader.Loader - Result row: EntityKey[edu.ncsu.csc.itrust2.models.persistent.LogEntry#324]
04:26:51.185 [main] DEBUG org.hibernate.loader.Loader - Result set row: 290
04:26:51.185 [main] DEBUG org.hibernate.loader.Loader - Result row: EntityKey[edu.ncsu.csc.itrust2.models.persistent.LogEntry#325]
04:26:51.186 [main] DEBUG org.hibernate.loader.Loader - Result set row: 291
04:26:51.186 [main] DEBUG org.hibernate.loader.Loader - Result row: EntityKey[edu.ncsu.csc.itrust2.models.persistent.LogEntry#326]
04:26:51.186 [main] DEBUG org.hibernate.loader.Loader - Result set row: 292
04:26:51.186 [main] DEBUG org.hibernate.loader.Loader - Result row: EntityKey[edu.ncsu.csc.itrust2.models.persistent.LogEntry#327]
04:26:51.186 [main] DEBUG org.hibernate.loader.Loader - Result set row: 293
04:26:51.186 [main] DEBUG org.hibernate.loader.Loader - Result row: EntityKey[edu.ncsu.csc.itrust2.models.persistent.LogEntry#328]
04:26:51.186 [main] DEBUG org.hibernate.loader.Loader - Result set row: 294
04:26:51.186 [main] DEBUG org.hibernate.loader.Loader - Result row: EntityKey[edu.ncsu.csc.itrust2.models.persistent.LogEntry#329]
04:26:51.186 [main] DEBUG org.hibernate.loader.Loader - Result set row: 295
04:26:51.186 [main] DEBUG org.hibernate.loader.Loader - Result row: EntityKey[edu.ncsu.csc.itrust2.models.persistent.LogEntry#330]
04:26:51.186 [main] DEBUG org.hibernate.loader.Loader - Result set row: 296
04:26:51.186 [main] DEBUG org.hibernate.loader.Loader - Result row: EntityKey[edu.ncsu.csc.itrust2.models.persistent.LogEntry#331]
04:26:51.187 [main] DEBUG org.hibernate.loader.Loader - Result set row: 297
04:26:51.187 [main] DEBUG org.hibernate.loader.Loader - Result row: EntityKey[edu.ncsu.csc.itrust2.models.persistent.LogEntry#332]
04:26:51.187 [main] DEBUG org.hibernate.loader.Loader - Result set row: 298
04:26:51.187 [main] DEBUG org.hibernate.loader.Loader - Result row: EntityKey[edu.ncsu.csc.itrust2.models.persistent.LogEntry#333]
04:26:51.187 [main] DEBUG org.hibernate.loader.Loader - Result set row: 299
04:26:51.187 [main] DEBUG org.hibernate.loader.Loader - Result row: EntityKey[edu.ncsu.csc.itrust2.models.persistent.LogEntry#334]
04:26:51.187 [main] DEBUG org.hibernate.loader.Loader - Result set row: 300
04:26:51.187 [main] DEBUG org.hibernate.loader.Loader - Result row: EntityKey[edu.ncsu.csc.itrust2.models.persistent.LogEntry#335]
04:26:51.187 [main] DEBUG org.hibernate.loader.Loader - Result set row: 301
04:26:51.187 [main] DEBUG org.hibernate.loader.Loader - Result row: EntityKey[edu.ncsu.csc.itrust2.models.persistent.LogEntry#336]
04:26:51.187 [main] DEBUG org.hibernate.loader.Loader - Result set row: 302
04:26:51.187 [main] DEBUG org.hibernate.loader.Loader - Result row: EntityKey[edu.ncsu.csc.itrust2.models.persistent.LogEntry#337]
04:26:51.187 [main] DEBUG org.hibernate.loader.Loader - Result set row: 303
04:26:51.188 [main] DEBUG org.hibernate.loader.Loader - Result row: EntityKey[edu.ncsu.csc.itrust2.models.persistent.LogEntry#338]
04:26:51.189 [main] DEBUG org.hibernate.loader.Loader - Result set row: 304
04:26:51.189 [main] DEBUG org.hibernate.loader.Loader - Result row: EntityKey[edu.ncsu.csc.itrust2.models.persistent.LogEntry#339]
04:26:51.189 [main] DEBUG org.hibernate.loader.Loader - Result set row: 305
04:26:51.190 [main] DEBUG org.hibernate.loader.Loader - Result row: EntityKey[edu.ncsu.csc.itrust2.models.persistent.LogEntry#340]
04:26:51.190 [main] DEBUG org.hibernate.loader.Loader - Result set row: 306
04:26:51.190 [main] DEBUG org.hibernate.loader.Loader - Result row: EntityKey[edu.ncsu.csc.itrust2.models.persistent.LogEntry#341]
04:26:51.190 [main] DEBUG org.hibernate.loader.Loader - Result set row: 307
04:26:51.190 [main] DEBUG org.hibernate.loader.Loader - Result row: EntityKey[edu.ncsu.csc.itrust2.models.persistent.LogEntry#342]
04:26:51.190 [main] DEBUG org.hibernate.loader.Loader - Result set row: 308
04:26:51.190 [main] DEBUG org.hibernate.loader.Loader - Result row: EntityKey[edu.ncsu.csc.itrust2.models.persistent.LogEntry#343]
04:26:51.191 [main] DEBUG org.hibernate.loader.Loader - Result set row: 309
04:26:51.191 [main] DEBUG org.hibernate.loader.Loader - Result row: EntityKey[edu.ncsu.csc.itrust2.models.persistent.LogEntry#344]
04:26:51.191 [main] DEBUG org.hibernate.loader.Loader - Result set row: 310
04:26:51.191 [main] DEBUG org.hibernate.loader.Loader - Result row: EntityKey[edu.ncsu.csc.itrust2.models.persistent.LogEntry#345]
04:26:51.191 [main] DEBUG org.hibernate.loader.Loader - Result set row: 311
04:26:51.191 [main] DEBUG org.hibernate.loader.Loader - Result row: EntityKey[edu.ncsu.csc.itrust2.models.persistent.LogEntry#346]
04:26:51.191 [main] DEBUG org.hibernate.loader.Loader - Result set row: 312
04:26:51.191 [main] DEBUG org.hibernate.loader.Loader - Result row: EntityKey[edu.ncsu.csc.itrust2.models.persistent.LogEntry#347]
04:26:51.192 [main] DEBUG org.hibernate.loader.Loader - Result set row: 313
04:26:51.192 [main] DEBUG org.hibernate.loader.Loader - Result row: EntityKey[edu.ncsu.csc.itrust2.models.persistent.LogEntry#348]
04:26:51.192 [main] DEBUG org.hibernate.loader.Loader - Result set row: 314
04:26:51.192 [main] DEBUG org.hibernate.loader.Loader - Result row: EntityKey[edu.ncsu.csc.itrust2.models.persistent.LogEntry#349]
04:26:51.192 [main] DEBUG org.hibernate.loader.Loader - Result set row: 315
04:26:51.193 [main] DEBUG org.hibernate.loader.Loader - Result row: EntityKey[edu.ncsu.csc.itrust2.models.persistent.LogEntry#350]
04:26:51.194 [main] DEBUG org.hibernate.loader.Loader - Result set row: 316
04:26:51.195 [main] DEBUG org.hibernate.loader.Loader - Result row: EntityKey[edu.ncsu.csc.itrust2.models.persistent.LogEntry#351]
04:26:51.196 [main] DEBUG org.hibernate.loader.Loader - Result set row: 317
04:26:51.196 [main] DEBUG org.hibernate.loader.Loader - Result row: EntityKey[edu.ncsu.csc.itrust2.models.persistent.LogEntry#352]
04:26:51.196 [main] DEBUG org.hibernate.loader.Loader - Result set row: 318
04:26:51.196 [main] DEBUG org.hibernate.loader.Loader - Result row: EntityKey[edu.ncsu.csc.itrust2.models.persistent.LogEntry#353]
04:26:51.196 [main] DEBUG org.hibernate.loader.Loader - Result set row: 319
04:26:51.196 [main] DEBUG org.hibernate.loader.Loader - Result row: EntityKey[edu.ncsu.csc.itrust2.models.persistent.LogEntry#354]
04:26:51.196 [main] DEBUG org.hibernate.loader.Loader - Result set row: 320
04:26:51.197 [main] DEBUG org.hibernate.loader.Loader - Result row: EntityKey[edu.ncsu.csc.itrust2.models.persistent.LogEntry#355]
04:26:51.197 [main] DEBUG org.hibernate.loader.Loader - Result set row: 321
04:26:51.199 [main] DEBUG org.hibernate.loader.Loader - Result row: EntityKey[edu.ncsu.csc.itrust2.models.persistent.LogEntry#356]
04:26:51.200 [main] DEBUG org.hibernate.loader.Loader - Result set row: 322
04:26:51.200 [main] DEBUG org.hibernate.loader.Loader - Result row: EntityKey[edu.ncsu.csc.itrust2.models.persistent.LogEntry#357]
04:26:51.200 [main] DEBUG org.hibernate.loader.Loader - Result set row: 323
04:26:51.200 [main] DEBUG org.hibernate.loader.Loader - Result row: EntityKey[edu.ncsu.csc.itrust2.models.persistent.LogEntry#358]
04:26:51.200 [main] DEBUG org.hibernate.loader.Loader - Result set row: 324
04:26:51.200 [main] DEBUG org.hibernate.loader.Loader - Result row: EntityKey[edu.ncsu.csc.itrust2.models.persistent.LogEntry#359]
04:26:51.200 [main] DEBUG org.hibernate.loader.Loader - Result set row: 325
04:26:51.200 [main] DEBUG org.hibernate.loader.Loader - Result row: EntityKey[edu.ncsu.csc.itrust2.models.persistent.LogEntry#360]
04:26:51.200 [main] DEBUG org.hibernate.loader.Loader - Result set row: 326
04:26:51.200 [main] DEBUG org.hibernate.loader.Loader - Result row: EntityKey[edu.ncsu.csc.itrust2.models.persistent.LogEntry#361]
04:26:51.200 [main] DEBUG org.hibernate.loader.Loader - Result set row: 327
04:26:51.201 [main] DEBUG org.hibernate.loader.Loader - Result row: EntityKey[edu.ncsu.csc.itrust2.models.persistent.LogEntry#362]
04:26:51.201 [main] DEBUG org.hibernate.loader.Loader - Result set row: 328
04:26:51.201 [main] DEBUG org.hibernate.loader.Loader - Result row: EntityKey[edu.ncsu.csc.itrust2.models.persistent.LogEntry#363]
04:26:51.201 [main] DEBUG org.hibernate.loader.Loader - Result set row: 329
04:26:51.201 [main] DEBUG org.hibernate.loader.Loader - Result row: EntityKey[edu.ncsu.csc.itrust2.models.persistent.LogEntry#364]
04:26:51.201 [main] DEBUG org.hibernate.loader.Loader - Result set row: 330
04:26:51.201 [main] DEBUG org.hibernate.loader.Loader - Result row: EntityKey[edu.ncsu.csc.itrust2.models.persistent.LogEntry#365]
04:26:51.201 [main] DEBUG org.hibernate.loader.Loader - Result set row: 331
04:26:51.201 [main] DEBUG org.hibernate.loader.Loader - Result row: EntityKey[edu.ncsu.csc.itrust2.models.persistent.LogEntry#366]
04:26:51.201 [main] DEBUG org.hibernate.loader.Loader - Result set row: 332
04:26:51.202 [main] DEBUG org.hibernate.loader.Loader - Result row: EntityKey[edu.ncsu.csc.itrust2.models.persistent.LogEntry#367]
04:26:51.202 [main] DEBUG org.hibernate.loader.Loader - Result set row: 333
04:26:51.202 [main] DEBUG org.hibernate.loader.Loader - Result row: EntityKey[edu.ncsu.csc.itrust2.models.persistent.LogEntry#368]
04:26:51.202 [main] DEBUG org.hibernate.loader.Loader - Result set row: 334
04:26:51.202 [main] DEBUG org.hibernate.loader.Loader - Result row: EntityKey[edu.ncsu.csc.itrust2.models.persistent.LogEntry#369]
04:26:51.202 [main] DEBUG org.hibernate.loader.Loader - Result set row: 335
04:26:51.203 [main] DEBUG org.hibernate.loader.Loader - Result row: EntityKey[edu.ncsu.csc.itrust2.models.persistent.LogEntry#370]
04:26:51.203 [main] DEBUG org.hibernate.loader.Loader - Result set row: 336
04:26:51.203 [main] DEBUG org.hibernate.loader.Loader - Result row: EntityKey[edu.ncsu.csc.itrust2.models.persistent.LogEntry#371]
04:26:51.203 [main] DEBUG org.hibernate.loader.Loader - Result set row: 337
04:26:51.203 [main] DEBUG org.hibernate.loader.Loader - Result row: EntityKey[edu.ncsu.csc.itrust2.models.persistent.LogEntry#372]
04:26:51.203 [main] DEBUG org.hibernate.loader.Loader - Result set row: 338
04:26:51.203 [main] DEBUG org.hibernate.loader.Loader - Result row: EntityKey[edu.ncsu.csc.itrust2.models.persistent.LogEntry#373]
04:26:51.203 [main] DEBUG org.hibernate.loader.Loader - Result set row: 339
04:26:51.203 [main] DEBUG org.hibernate.loader.Loader - Result row: EntityKey[edu.ncsu.csc.itrust2.models.persistent.LogEntry#374]
04:26:51.203 [main] DEBUG org.hibernate.loader.Loader - Result set row: 340
04:26:51.203 [main] DEBUG org.hibernate.loader.Loader - Result row: EntityKey[edu.ncsu.csc.itrust2.models.persistent.LogEntry#375]
04:26:51.203 [main] DEBUG org.hibernate.loader.Loader - Result set row: 341
04:26:51.203 [main] DEBUG org.hibernate.loader.Loader - Result row: EntityKey[edu.ncsu.csc.itrust2.models.persistent.LogEntry#376]
04:26:51.204 [main] DEBUG org.hibernate.loader.Loader - Result set row: 342
04:26:51.204 [main] DEBUG org.hibernate.loader.Loader - Result row: EntityKey[edu.ncsu.csc.itrust2.models.persistent.LogEntry#377]
04:26:51.204 [main] DEBUG org.hibernate.loader.Loader - Result set row: 343
04:26:51.204 [main] DEBUG org.hibernate.loader.Loader - Result row: EntityKey[edu.ncsu.csc.itrust2.models.persistent.LogEntry#378]
04:26:51.204 [main] DEBUG org.hibernate.loader.Loader - Result set row: 344
04:26:51.205 [main] DEBUG org.hibernate.loader.Loader - Result row: EntityKey[edu.ncsu.csc.itrust2.models.persistent.LogEntry#379]
04:26:51.205 [main] DEBUG org.hibernate.loader.Loader - Result set row: 345
04:26:51.207 [main] DEBUG org.hibernate.loader.Loader - Result row: EntityKey[edu.ncsu.csc.itrust2.models.persistent.LogEntry#380]
04:26:51.207 [main] DEBUG org.hibernate.loader.Loader - Result set row: 346
04:26:51.207 [main] DEBUG org.hibernate.loader.Loader - Result row: EntityKey[edu.ncsu.csc.itrust2.models.persistent.LogEntry#381]
04:26:51.207 [main] DEBUG org.hibernate.loader.Loader - Result set row: 347
04:26:51.207 [main] DEBUG org.hibernate.loader.Loader - Result row: EntityKey[edu.ncsu.csc.itrust2.models.persistent.LogEntry#382]
04:26:51.208 [main] DEBUG org.hibernate.loader.Loader - Result set row: 348
04:26:51.208 [main] DEBUG org.hibernate.loader.Loader - Result row: EntityKey[edu.ncsu.csc.itrust2.models.persistent.LogEntry#383]
04:26:51.208 [main] DEBUG org.hibernate.loader.Loader - Result set row: 349
04:26:51.208 [main] DEBUG org.hibernate.loader.Loader - Result row: EntityKey[edu.ncsu.csc.itrust2.models.persistent.LogEntry#384]
04:26:51.208 [main] DEBUG org.hibernate.loader.Loader - Result set row: 350
04:26:51.208 [main] DEBUG org.hibernate.loader.Loader - Result row: EntityKey[edu.ncsu.csc.itrust2.models.persistent.LogEntry#385]
04:26:51.208 [main] DEBUG org.hibernate.loader.Loader - Result set row: 351
04:26:51.208 [main] DEBUG org.hibernate.loader.Loader - Result row: EntityKey[edu.ncsu.csc.itrust2.models.persistent.LogEntry#386]
04:26:51.208 [main] DEBUG org.hibernate.loader.Loader - Result set row: 352
04:26:51.208 [main] DEBUG org.hibernate.loader.Loader - Result row: EntityKey[edu.ncsu.csc.itrust2.models.persistent.LogEntry#387]
04:26:51.208 [main] DEBUG org.hibernate.loader.Loader - Result set row: 353
04:26:51.208 [main] DEBUG org.hibernate.loader.Loader - Result row: EntityKey[edu.ncsu.csc.itrust2.models.persistent.LogEntry#388]
04:26:51.209 [main] DEBUG org.hibernate.loader.Loader - Result set row: 354
04:26:51.209 [main] DEBUG org.hibernate.loader.Loader - Result row: EntityKey[edu.ncsu.csc.itrust2.models.persistent.LogEntry#389]
04:26:51.209 [main] DEBUG org.hibernate.loader.Loader - Result set row: 355
04:26:51.209 [main] DEBUG org.hibernate.loader.Loader - Result row: EntityKey[edu.ncsu.csc.itrust2.models.persistent.LogEntry#390]
04:26:51.209 [main] DEBUG org.hibernate.loader.Loader - Result set row: 356
04:26:51.209 [main] DEBUG org.hibernate.loader.Loader - Result row: EntityKey[edu.ncsu.csc.itrust2.models.persistent.LogEntry#391]
04:26:51.209 [main] DEBUG org.hibernate.loader.Loader - Result set row: 357
04:26:51.209 [main] DEBUG org.hibernate.loader.Loader - Result row: EntityKey[edu.ncsu.csc.itrust2.models.persistent.LogEntry#392]
04:26:51.209 [main] DEBUG org.hibernate.loader.Loader - Result set row: 358
04:26:51.211 [main] DEBUG org.hibernate.loader.Loader - Result row: EntityKey[edu.ncsu.csc.itrust2.models.persistent.LogEntry#393]
04:26:51.211 [main] DEBUG org.hibernate.loader.Loader - Result set row: 359
04:26:51.211 [main] DEBUG org.hibernate.loader.Loader - Result row: EntityKey[edu.ncsu.csc.itrust2.models.persistent.LogEntry#394]
04:26:51.211 [main] DEBUG org.hibernate.loader.Loader - Result set row: 360
04:26:51.211 [main] DEBUG org.hibernate.loader.Loader - Result row: EntityKey[edu.ncsu.csc.itrust2.models.persistent.LogEntry#395]
04:26:51.211 [main] DEBUG org.hibernate.loader.Loader - Result set row: 361
04:26:51.211 [main] DEBUG org.hibernate.loader.Loader - Result row: EntityKey[edu.ncsu.csc.itrust2.models.persistent.LogEntry#396]
04:26:51.212 [main] DEBUG org.hibernate.loader.Loader - Result set row: 362
04:26:51.212 [main] DEBUG org.hibernate.loader.Loader - Result row: EntityKey[edu.ncsu.csc.itrust2.models.persistent.LogEntry#397]
04:26:51.212 [main] DEBUG org.hibernate.loader.Loader - Result set row: 363
04:26:51.212 [main] DEBUG org.hibernate.loader.Loader - Result row: EntityKey[edu.ncsu.csc.itrust2.models.persistent.LogEntry#398]
04:26:51.212 [main] DEBUG org.hibernate.loader.Loader - Result set row: 364
04:26:51.212 [main] DEBUG org.hibernate.loader.Loader - Result row: EntityKey[edu.ncsu.csc.itrust2.models.persistent.LogEntry#399]
04:26:51.212 [main] DEBUG org.hibernate.loader.Loader - Result set row: 365
04:26:51.212 [main] DEBUG org.hibernate.loader.Loader - Result row: EntityKey[edu.ncsu.csc.itrust2.models.persistent.LogEntry#400]
04:26:51.212 [main] DEBUG org.hibernate.loader.Loader - Result set row: 366
04:26:51.212 [main] DEBUG org.hibernate.loader.Loader - Result row: EntityKey[edu.ncsu.csc.itrust2.models.persistent.LogEntry#401]
04:26:51.212 [main] DEBUG org.hibernate.loader.Loader - Result set row: 367
04:26:51.212 [main] DEBUG org.hibernate.loader.Loader - Result row: EntityKey[edu.ncsu.csc.itrust2.models.persistent.LogEntry#402]
04:26:51.212 [main] DEBUG org.hibernate.loader.Loader - Result set row: 368
04:26:51.214 [main] DEBUG org.hibernate.loader.Loader - Result row: EntityKey[edu.ncsu.csc.itrust2.models.persistent.LogEntry#403]
04:26:51.214 [main] DEBUG org.hibernate.loader.Loader - Result set row: 369
04:26:51.214 [main] DEBUG org.hibernate.loader.Loader - Result row: EntityKey[edu.ncsu.csc.itrust2.models.persistent.LogEntry#404]
04:26:51.214 [main] DEBUG org.hibernate.loader.Loader - Result set row: 370
04:26:51.214 [main] DEBUG org.hibernate.loader.Loader - Result row: EntityKey[edu.ncsu.csc.itrust2.models.persistent.LogEntry#405]
04:26:51.214 [main] DEBUG org.hibernate.loader.Loader - Result set row: 371
04:26:51.215 [main] DEBUG org.hibernate.loader.Loader - Result row: EntityKey[edu.ncsu.csc.itrust2.models.persistent.LogEntry#406]
04:26:51.215 [main] DEBUG org.hibernate.loader.Loader - Result set row: 372
04:26:51.215 [main] DEBUG org.hibernate.loader.Loader - Result row: EntityKey[edu.ncsu.csc.itrust2.models.persistent.LogEntry#407]
04:26:51.215 [main] DEBUG org.hibernate.loader.Loader - Result set row: 373
04:26:51.215 [main] DEBUG org.hibernate.loader.Loader - Result row: EntityKey[edu.ncsu.csc.itrust2.models.persistent.LogEntry#408]
04:26:51.215 [main] DEBUG org.hibernate.loader.Loader - Result set row: 374
04:26:51.215 [main] DEBUG org.hibernate.loader.Loader - Result row: EntityKey[edu.ncsu.csc.itrust2.models.persistent.LogEntry#409]
04:26:51.215 [main] DEBUG org.hibernate.loader.Loader - Result set row: 375
04:26:51.215 [main] DEBUG org.hibernate.loader.Loader - Result row: EntityKey[edu.ncsu.csc.itrust2.models.persistent.LogEntry#410]
04:26:51.215 [main] DEBUG org.hibernate.loader.Loader - Result set row: 376
04:26:51.215 [main] DEBUG org.hibernate.loader.Loader - Result row: EntityKey[edu.ncsu.csc.itrust2.models.persistent.LogEntry#411]
04:26:51.215 [main] DEBUG org.hibernate.loader.Loader - Result set row: 377
04:26:51.216 [main] DEBUG org.hibernate.loader.Loader - Result row: EntityKey[edu.ncsu.csc.itrust2.models.persistent.LogEntry#412]
04:26:51.216 [main] DEBUG org.hibernate.loader.Loader - Result set row: 378
04:26:51.216 [main] DEBUG org.hibernate.loader.Loader - Result row: EntityKey[edu.ncsu.csc.itrust2.models.persistent.LogEntry#413]
04:26:51.216 [main] DEBUG org.hibernate.loader.Loader - Result set row: 379
04:26:51.216 [main] DEBUG org.hibernate.loader.Loader - Result row: EntityKey[edu.ncsu.csc.itrust2.models.persistent.LogEntry#414]
04:26:51.216 [main] DEBUG org.hibernate.loader.Loader - Result set row: 380
04:26:51.216 [main] DEBUG org.hibernate.loader.Loader - Result row: EntityKey[edu.ncsu.csc.itrust2.models.persistent.LogEntry#415]
04:26:51.216 [main] DEBUG org.hibernate.loader.Loader - Result set row: 381
04:26:51.216 [main] DEBUG org.hibernate.loader.Loader - Result row: EntityKey[edu.ncsu.csc.itrust2.models.persistent.LogEntry#416]
04:26:51.216 [main] DEBUG org.hibernate.loader.Loader - Result set row: 382
04:26:51.216 [main] DEBUG org.hibernate.loader.Loader - Result row: EntityKey[edu.ncsu.csc.itrust2.models.persistent.LogEntry#417]
04:26:51.216 [main] DEBUG org.hibernate.loader.Loader - Result set row: 383
04:26:51.216 [main] DEBUG org.hibernate.loader.Loader - Result row: EntityKey[edu.ncsu.csc.itrust2.models.persistent.LogEntry#418]
04:26:51.217 [main] DEBUG org.hibernate.loader.Loader - Result set row: 384
04:26:51.217 [main] DEBUG org.hibernate.loader.Loader - Result row: EntityKey[edu.ncsu.csc.itrust2.models.persistent.LogEntry#419]
04:26:51.217 [main] DEBUG org.hibernate.loader.Loader - Result set row: 385
04:26:51.217 [main] DEBUG org.hibernate.loader.Loader - Result row: EntityKey[edu.ncsu.csc.itrust2.models.persistent.LogEntry#420]
04:26:51.217 [main] DEBUG org.hibernate.loader.Loader - Result set row: 386
04:26:51.217 [main] DEBUG org.hibernate.loader.Loader - Result row: EntityKey[edu.ncsu.csc.itrust2.models.persistent.LogEntry#421]
04:26:51.217 [main] DEBUG org.hibernate.loader.Loader - Result set row: 387
04:26:51.217 [main] DEBUG org.hibernate.loader.Loader - Result row: EntityKey[edu.ncsu.csc.itrust2.models.persistent.LogEntry#422]
04:26:51.218 [main] DEBUG org.hibernate.loader.Loader - Result set row: 388
04:26:51.220 [main] DEBUG org.hibernate.loader.Loader - Result row: EntityKey[edu.ncsu.csc.itrust2.models.persistent.LogEntry#423]
04:26:51.220 [main] DEBUG org.hibernate.loader.Loader - Result set row: 389
04:26:51.220 [main] DEBUG org.hibernate.loader.Loader - Result row: EntityKey[edu.ncsu.csc.itrust2.models.persistent.LogEntry#424]
04:26:51.221 [main] DEBUG org.hibernate.loader.Loader - Result set row: 390
04:26:51.221 [main] DEBUG org.hibernate.loader.Loader - Result row: EntityKey[edu.ncsu.csc.itrust2.models.persistent.LogEntry#425]
04:26:51.221 [main] DEBUG org.hibernate.loader.Loader - Result set row: 391
04:26:51.221 [main] DEBUG org.hibernate.loader.Loader - Result row: EntityKey[edu.ncsu.csc.itrust2.models.persistent.LogEntry#426]
04:26:51.221 [main] DEBUG org.hibernate.loader.Loader - Result set row: 392
04:26:51.221 [main] DEBUG org.hibernate.loader.Loader - Result row: EntityKey[edu.ncsu.csc.itrust2.models.persistent.LogEntry#427]
04:26:51.221 [main] DEBUG org.hibernate.loader.Loader - Result set row: 393
04:26:51.221 [main] DEBUG org.hibernate.loader.Loader - Result row: EntityKey[edu.ncsu.csc.itrust2.models.persistent.LogEntry#428]
04:26:51.221 [main] DEBUG org.hibernate.loader.Loader - Result set row: 394
04:26:51.221 [main] DEBUG org.hibernate.loader.Loader - Result row: EntityKey[edu.ncsu.csc.itrust2.models.persistent.LogEntry#429]
04:26:51.222 [main] DEBUG org.hibernate.loader.Loader - Result set row: 395
04:26:51.222 [main] DEBUG org.hibernate.loader.Loader - Result row: EntityKey[edu.ncsu.csc.itrust2.models.persistent.LogEntry#430]
04:26:51.222 [main] DEBUG org.hibernate.loader.Loader - Result set row: 396
04:26:51.222 [main] DEBUG org.hibernate.loader.Loader - Result row: EntityKey[edu.ncsu.csc.itrust2.models.persistent.LogEntry#431]
04:26:51.222 [main] DEBUG org.hibernate.loader.Loader - Result set row: 397
04:26:51.222 [main] DEBUG org.hibernate.loader.Loader - Result row: EntityKey[edu.ncsu.csc.itrust2.models.persistent.LogEntry#432]
04:26:51.222 [main] DEBUG org.hibernate.loader.Loader - Result set row: 398
04:26:51.222 [main] DEBUG org.hibernate.loader.Loader - Result row: EntityKey[edu.ncsu.csc.itrust2.models.persistent.LogEntry#433]
04:26:51.223 [main] DEBUG org.hibernate.loader.Loader - Result set row: 399
04:26:51.223 [main] DEBUG org.hibernate.loader.Loader - Result row: EntityKey[edu.ncsu.csc.itrust2.models.persistent.LogEntry#434]
04:26:51.223 [main] DEBUG org.hibernate.loader.Loader - Result set row: 400
04:26:51.223 [main] DEBUG org.hibernate.loader.Loader - Result row: EntityKey[edu.ncsu.csc.itrust2.models.persistent.LogEntry#435]
04:26:51.223 [main] DEBUG org.hibernate.loader.Loader - Result set row: 401
04:26:51.223 [main] DEBUG org.hibernate.loader.Loader - Result row: EntityKey[edu.ncsu.csc.itrust2.models.persistent.LogEntry#436]
04:26:51.223 [main] DEBUG org.hibernate.loader.Loader - Result set row: 402
04:26:51.223 [main] DEBUG org.hibernate.loader.Loader - Result row: EntityKey[edu.ncsu.csc.itrust2.models.persistent.LogEntry#437]
04:26:51.223 [main] DEBUG org.hibernate.loader.Loader - Result set row: 403
04:26:51.224 [main] DEBUG org.hibernate.loader.Loader - Result row: EntityKey[edu.ncsu.csc.itrust2.models.persistent.LogEntry#438]
04:26:51.224 [main] DEBUG org.hibernate.loader.Loader - Result set row: 404
04:26:51.224 [main] DEBUG org.hibernate.loader.Loader - Result row: EntityKey[edu.ncsu.csc.itrust2.models.persistent.LogEntry#439]
04:26:51.224 [main] DEBUG org.hibernate.loader.Loader - Result set row: 405
04:26:51.224 [main] DEBUG org.hibernate.loader.Loader - Result row: EntityKey[edu.ncsu.csc.itrust2.models.persistent.LogEntry#440]
04:26:51.224 [main] DEBUG org.hibernate.loader.Loader - Result set row: 406
04:26:51.224 [main] DEBUG org.hibernate.loader.Loader - Result row: EntityKey[edu.ncsu.csc.itrust2.models.persistent.LogEntry#441]
04:26:51.225 [main] DEBUG org.hibernate.loader.Loader - Result set row: 407
04:26:51.225 [main] DEBUG org.hibernate.loader.Loader - Result row: EntityKey[edu.ncsu.csc.itrust2.models.persistent.LogEntry#442]
04:26:51.225 [main] DEBUG org.hibernate.loader.Loader - Result set row: 408
04:26:51.225 [main] DEBUG org.hibernate.loader.Loader - Result row: EntityKey[edu.ncsu.csc.itrust2.models.persistent.LogEntry#443]
04:26:51.225 [main] DEBUG org.hibernate.loader.Loader - Result set row: 409
04:26:51.226 [main] DEBUG org.hibernate.loader.Loader - Result row: EntityKey[edu.ncsu.csc.itrust2.models.persistent.LogEntry#444]
04:26:51.226 [main] DEBUG org.hibernate.loader.Loader - Result set row: 410
04:26:51.226 [main] DEBUG org.hibernate.loader.Loader - Result row: EntityKey[edu.ncsu.csc.itrust2.models.persistent.LogEntry#445]
04:26:51.226 [main] DEBUG org.hibernate.loader.Loader - Result set row: 411
04:26:51.226 [main] DEBUG org.hibernate.loader.Loader - Result row: EntityKey[edu.ncsu.csc.itrust2.models.persistent.LogEntry#446]
04:26:51.226 [main] DEBUG org.hibernate.loader.Loader - Result set row: 412
04:26:51.226 [main] DEBUG org.hibernate.loader.Loader - Result row: EntityKey[edu.ncsu.csc.itrust2.models.persistent.LogEntry#447]
04:26:51.226 [main] DEBUG org.hibernate.loader.Loader - Result set row: 413
04:26:51.226 [main] DEBUG org.hibernate.loader.Loader - Result row: EntityKey[edu.ncsu.csc.itrust2.models.persistent.LogEntry#448]
04:26:51.227 [main] DEBUG org.hibernate.loader.Loader - Result set row: 414
04:26:51.227 [main] DEBUG org.hibernate.loader.Loader - Result row: EntityKey[edu.ncsu.csc.itrust2.models.persistent.LogEntry#449]
04:26:51.227 [main] DEBUG org.hibernate.loader.Loader - Result set row: 415
04:26:51.227 [main] DEBUG org.hibernate.loader.Loader - Result row: EntityKey[edu.ncsu.csc.itrust2.models.persistent.LogEntry#450]
04:26:51.227 [main] DEBUG org.hibernate.loader.Loader - Result set row: 416
04:26:51.227 [main] DEBUG org.hibernate.loader.Loader - Result row: EntityKey[edu.ncsu.csc.itrust2.models.persistent.LogEntry#451]
04:26:51.228 [main] DEBUG org.hibernate.loader.Loader - Result set row: 417
04:26:51.228 [main] DEBUG org.hibernate.loader.Loader - Result row: EntityKey[edu.ncsu.csc.itrust2.models.persistent.LogEntry#452]
04:26:51.228 [main] DEBUG org.hibernate.loader.Loader - Result set row: 418
04:26:51.228 [main] DEBUG org.hibernate.loader.Loader - Result row: EntityKey[edu.ncsu.csc.itrust2.models.persistent.LogEntry#453]
04:26:51.228 [main] DEBUG org.hibernate.loader.Loader - Result set row: 419
04:26:51.228 [main] DEBUG org.hibernate.loader.Loader - Result row: EntityKey[edu.ncsu.csc.itrust2.models.persistent.LogEntry#454]
04:26:51.228 [main] DEBUG org.hibernate.loader.Loader - Result set row: 420
04:26:51.228 [main] DEBUG org.hibernate.loader.Loader - Result row: EntityKey[edu.ncsu.csc.itrust2.models.persistent.LogEntry#455]
04:26:51.228 [main] DEBUG org.hibernate.loader.Loader - Result set row: 421
04:26:51.228 [main] DEBUG org.hibernate.loader.Loader - Result row: EntityKey[edu.ncsu.csc.itrust2.models.persistent.LogEntry#456]
04:26:51.228 [main] DEBUG org.hibernate.loader.Loader - Result set row: 422
04:26:51.229 [main] DEBUG org.hibernate.loader.Loader - Result row: EntityKey[edu.ncsu.csc.itrust2.models.persistent.LogEntry#457]
04:26:51.229 [main] DEBUG org.hibernate.loader.Loader - Result set row: 423
04:26:51.229 [main] DEBUG org.hibernate.loader.Loader - Result row: EntityKey[edu.ncsu.csc.itrust2.models.persistent.LogEntry#458]
04:26:51.229 [main] DEBUG org.hibernate.loader.Loader - Result set row: 424
04:26:51.229 [main] DEBUG org.hibernate.loader.Loader - Result row: EntityKey[edu.ncsu.csc.itrust2.models.persistent.LogEntry#459]
04:26:51.229 [main] DEBUG org.hibernate.loader.Loader - Result set row: 425
04:26:51.229 [main] DEBUG org.hibernate.loader.Loader - Result row: EntityKey[edu.ncsu.csc.itrust2.models.persistent.LogEntry#460]
04:26:51.229 [main] DEBUG org.hibernate.loader.Loader - Result set row: 426
04:26:51.229 [main] DEBUG org.hibernate.loader.Loader - Result row: EntityKey[edu.ncsu.csc.itrust2.models.persistent.LogEntry#461]
04:26:51.229 [main] DEBUG org.hibernate.loader.Loader - Result set row: 427
04:26:51.229 [main] DEBUG org.hibernate.loader.Loader - Result row: EntityKey[edu.ncsu.csc.itrust2.models.persistent.LogEntry#462]
04:26:51.229 [main] DEBUG org.hibernate.loader.Loader - Result set row: 428
04:26:51.229 [main] DEBUG org.hibernate.loader.Loader - Result row: EntityKey[edu.ncsu.csc.itrust2.models.persistent.LogEntry#463]
04:26:51.230 [main] DEBUG org.hibernate.loader.Loader - Result set row: 429
04:26:51.230 [main] DEBUG org.hibernate.loader.Loader - Result row: EntityKey[edu.ncsu.csc.itrust2.models.persistent.LogEntry#464]
04:26:51.230 [main] DEBUG org.hibernate.loader.Loader - Result set row: 430
04:26:51.230 [main] DEBUG org.hibernate.loader.Loader - Result row: EntityKey[edu.ncsu.csc.itrust2.models.persistent.LogEntry#465]
04:26:51.230 [main] DEBUG org.hibernate.loader.Loader - Result set row: 431
04:26:51.230 [main] DEBUG org.hibernate.loader.Loader - Result row: EntityKey[edu.ncsu.csc.itrust2.models.persistent.LogEntry#466]
04:26:51.230 [main] DEBUG org.hibernate.loader.Loader - Result set row: 432
04:26:51.230 [main] DEBUG org.hibernate.loader.Loader - Result row: EntityKey[edu.ncsu.csc.itrust2.models.persistent.LogEntry#467]
04:26:51.230 [main] DEBUG org.hibernate.loader.Loader - Result set row: 433
04:26:51.230 [main] DEBUG org.hibernate.loader.Loader - Result row: EntityKey[edu.ncsu.csc.itrust2.models.persistent.LogEntry#468]
04:26:51.230 [main] DEBUG org.hibernate.loader.Loader - Result set row: 434
04:26:51.230 [main] DEBUG org.hibernate.loader.Loader - Result row: EntityKey[edu.ncsu.csc.itrust2.models.persistent.LogEntry#469]
04:26:51.230 [main] DEBUG org.hibernate.loader.Loader - Result set row: 435
04:26:51.231 [main] DEBUG org.hibernate.loader.Loader - Result row: EntityKey[edu.ncsu.csc.itrust2.models.persistent.LogEntry#470]
04:26:51.231 [main] DEBUG org.hibernate.loader.Loader - Result set row: 436
04:26:51.231 [main] DEBUG org.hibernate.loader.Loader - Result row: EntityKey[edu.ncsu.csc.itrust2.models.persistent.LogEntry#471]
04:26:51.231 [main] DEBUG org.hibernate.loader.Loader - Result set row: 437
04:26:51.231 [main] DEBUG org.hibernate.loader.Loader - Result row: EntityKey[edu.ncsu.csc.itrust2.models.persistent.LogEntry#472]
04:26:51.231 [main] DEBUG org.hibernate.loader.Loader - Result set row: 438
04:26:51.231 [main] DEBUG org.hibernate.loader.Loader - Result row: EntityKey[edu.ncsu.csc.itrust2.models.persistent.LogEntry#473]
04:26:51.231 [main] DEBUG org.hibernate.loader.Loader - Result set row: 439
04:26:51.231 [main] DEBUG org.hibernate.loader.Loader - Result row: EntityKey[edu.ncsu.csc.itrust2.models.persistent.LogEntry#474]
04:26:51.231 [main] DEBUG org.hibernate.loader.Loader - Result set row: 440
04:26:51.231 [main] DEBUG org.hibernate.loader.Loader - Result row: EntityKey[edu.ncsu.csc.itrust2.models.persistent.LogEntry#475]
04:26:51.231 [main] DEBUG org.hibernate.loader.Loader - Result set row: 441
04:26:51.231 [main] DEBUG org.hibernate.loader.Loader - Result row: EntityKey[edu.ncsu.csc.itrust2.models.persistent.LogEntry#476]
04:26:51.232 [main] DEBUG org.hibernate.loader.Loader - Result set row: 442
04:26:51.232 [main] DEBUG org.hibernate.loader.Loader - Result row: EntityKey[edu.ncsu.csc.itrust2.models.persistent.LogEntry#477]
04:26:51.232 [main] DEBUG org.hibernate.loader.Loader - Result set row: 443
04:26:51.232 [main] DEBUG org.hibernate.loader.Loader - Result row: EntityKey[edu.ncsu.csc.itrust2.models.persistent.LogEntry#478]
04:26:51.232 [main] DEBUG org.hibernate.loader.Loader - Result set row: 444
04:26:51.232 [main] DEBUG org.hibernate.loader.Loader - Result row: EntityKey[edu.ncsu.csc.itrust2.models.persistent.LogEntry#479]
04:26:51.232 [main] DEBUG org.hibernate.loader.Loader - Result set row: 445
04:26:51.233 [main] DEBUG org.hibernate.loader.Loader - Result row: EntityKey[edu.ncsu.csc.itrust2.models.persistent.LogEntry#480]
04:26:51.233 [main] DEBUG org.hibernate.loader.Loader - Result set row: 446
04:26:51.233 [main] DEBUG org.hibernate.loader.Loader - Result row: EntityKey[edu.ncsu.csc.itrust2.models.persistent.LogEntry#481]
04:26:51.233 [main] DEBUG org.hibernate.loader.Loader - Result set row: 447
04:26:51.233 [main] DEBUG org.hibernate.loader.Loader - Result row: EntityKey[edu.ncsu.csc.itrust2.models.persistent.LogEntry#482]
04:26:51.233 [main] DEBUG org.hibernate.loader.Loader - Result set row: 448
04:26:51.233 [main] DEBUG org.hibernate.loader.Loader - Result row: EntityKey[edu.ncsu.csc.itrust2.models.persistent.LogEntry#483]
04:26:51.233 [main] DEBUG org.hibernate.loader.Loader - Result set row: 449
04:26:51.234 [main] DEBUG org.hibernate.loader.Loader - Result row: EntityKey[edu.ncsu.csc.itrust2.models.persistent.LogEntry#484]
04:26:51.234 [main] DEBUG org.hibernate.loader.Loader - Result set row: 450
04:26:51.234 [main] DEBUG org.hibernate.loader.Loader - Result row: EntityKey[edu.ncsu.csc.itrust2.models.persistent.LogEntry#485]
04:26:51.234 [main] DEBUG org.hibernate.loader.Loader - Result set row: 451
04:26:51.234 [main] DEBUG org.hibernate.loader.Loader - Result row: EntityKey[edu.ncsu.csc.itrust2.models.persistent.LogEntry#486]
04:26:51.234 [main] DEBUG org.hibernate.loader.Loader - Result set row: 452
04:26:51.234 [main] DEBUG org.hibernate.loader.Loader - Result row: EntityKey[edu.ncsu.csc.itrust2.models.persistent.LogEntry#487]
04:26:51.234 [main] DEBUG org.hibernate.loader.Loader - Result set row: 453
04:26:51.234 [main] DEBUG org.hibernate.loader.Loader - Result row: EntityKey[edu.ncsu.csc.itrust2.models.persistent.LogEntry#488]
04:26:51.234 [main] DEBUG org.hibernate.loader.Loader - Result set row: 454
04:26:51.234 [main] DEBUG org.hibernate.loader.Loader - Result row: EntityKey[edu.ncsu.csc.itrust2.models.persistent.LogEntry#489]
04:26:51.234 [main] DEBUG org.hibernate.loader.Loader - Result set row: 455
04:26:51.234 [main] DEBUG org.hibernate.loader.Loader - Result row: EntityKey[edu.ncsu.csc.itrust2.models.persistent.LogEntry#490]
04:26:51.235 [main] DEBUG org.hibernate.loader.Loader - Result set row: 456
04:26:51.235 [main] DEBUG org.hibernate.loader.Loader - Result row: EntityKey[edu.ncsu.csc.itrust2.models.persistent.LogEntry#491]
04:26:51.235 [main] DEBUG org.hibernate.loader.Loader - Result set row: 457
04:26:51.235 [main] DEBUG org.hibernate.loader.Loader - Result row: EntityKey[edu.ncsu.csc.itrust2.models.persistent.LogEntry#492]
04:26:51.235 [main] DEBUG org.hibernate.loader.Loader - Result set row: 458
04:26:51.235 [main] DEBUG org.hibernate.loader.Loader - Result row: EntityKey[edu.ncsu.csc.itrust2.models.persistent.LogEntry#493]
04:26:51.235 [main] DEBUG org.hibernate.loader.Loader - Result set row: 459
04:26:51.235 [main] DEBUG org.hibernate.loader.Loader - Result row: EntityKey[edu.ncsu.csc.itrust2.models.persistent.LogEntry#494]
04:26:51.235 [main] DEBUG org.hibernate.loader.Loader - Result set row: 460
04:26:51.235 [main] DEBUG org.hibernate.loader.Loader - Result row: EntityKey[edu.ncsu.csc.itrust2.models.persistent.LogEntry#495]
04:26:51.235 [main] DEBUG org.hibernate.loader.Loader - Result set row: 461
04:26:51.235 [main] DEBUG org.hibernate.loader.Loader - Result row: EntityKey[edu.ncsu.csc.itrust2.models.persistent.LogEntry#496]
04:26:51.235 [main] DEBUG org.hibernate.loader.Loader - Result set row: 462
04:26:51.235 [main] DEBUG org.hibernate.loader.Loader - Result row: EntityKey[edu.ncsu.csc.itrust2.models.persistent.LogEntry#497]
04:26:51.236 [main] DEBUG org.hibernate.loader.Loader - Result set row: 463
04:26:51.236 [main] DEBUG org.hibernate.loader.Loader - Result row: EntityKey[edu.ncsu.csc.itrust2.models.persistent.LogEntry#498]
04:26:51.236 [main] DEBUG org.hibernate.loader.Loader - Result set row: 464
04:26:51.236 [main] DEBUG org.hibernate.loader.Loader - Result row: EntityKey[edu.ncsu.csc.itrust2.models.persistent.LogEntry#499]
04:26:51.236 [main] DEBUG org.hibernate.loader.Loader - Result set row: 465
04:26:51.236 [main] DEBUG org.hibernate.loader.Loader - Result row: EntityKey[edu.ncsu.csc.itrust2.models.persistent.LogEntry#500]
04:26:51.236 [main] DEBUG org.hibernate.loader.Loader - Result set row: 466
04:26:51.236 [main] DEBUG org.hibernate.loader.Loader - Result row: EntityKey[edu.ncsu.csc.itrust2.models.persistent.LogEntry#501]
04:26:51.236 [main] DEBUG org.hibernate.loader.Loader - Result set row: 467
04:26:51.236 [main] DEBUG org.hibernate.loader.Loader - Result row: EntityKey[edu.ncsu.csc.itrust2.models.persistent.LogEntry#502]
04:26:51.236 [main] DEBUG org.hibernate.loader.Loader - Result set row: 468
04:26:51.236 [main] DEBUG org.hibernate.loader.Loader - Result row: EntityKey[edu.ncsu.csc.itrust2.models.persistent.LogEntry#503]
04:26:51.236 [main] DEBUG org.hibernate.loader.Loader - Result set row: 469
04:26:51.236 [main] DEBUG org.hibernate.loader.Loader - Result row: EntityKey[edu.ncsu.csc.itrust2.models.persistent.LogEntry#504]
04:26:51.237 [main] DEBUG org.hibernate.loader.Loader - Result set row: 470
04:26:51.237 [main] DEBUG org.hibernate.loader.Loader - Result row: EntityKey[edu.ncsu.csc.itrust2.models.persistent.LogEntry#505]
04:26:51.237 [main] DEBUG org.hibernate.loader.Loader - Result set row: 471
04:26:51.237 [main] DEBUG org.hibernate.loader.Loader - Result row: EntityKey[edu.ncsu.csc.itrust2.models.persistent.LogEntry#506]
04:26:51.238 [main] DEBUG org.hibernate.loader.Loader - Result set row: 472
04:26:51.238 [main] DEBUG org.hibernate.loader.Loader - Result row: EntityKey[edu.ncsu.csc.itrust2.models.persistent.LogEntry#507]
04:26:51.239 [main] DEBUG org.hibernate.loader.Loader - Result set row: 473
04:26:51.239 [main] DEBUG org.hibernate.loader.Loader - Result row: EntityKey[edu.ncsu.csc.itrust2.models.persistent.LogEntry#508]
04:26:51.239 [main] DEBUG org.hibernate.loader.Loader - Result set row: 474
04:26:51.240 [main] DEBUG org.hibernate.loader.Loader - Result row: EntityKey[edu.ncsu.csc.itrust2.models.persistent.LogEntry#509]
04:26:51.240 [main] DEBUG org.hibernate.loader.Loader - Result set row: 475
04:26:51.240 [main] DEBUG org.hibernate.loader.Loader - Result row: EntityKey[edu.ncsu.csc.itrust2.models.persistent.LogEntry#510]
04:26:51.240 [main] DEBUG org.hibernate.loader.Loader - Result set row: 476
04:26:51.240 [main] DEBUG org.hibernate.loader.Loader - Result row: EntityKey[edu.ncsu.csc.itrust2.models.persistent.LogEntry#511]
04:26:51.240 [main] DEBUG org.hibernate.loader.Loader - Result set row: 477
04:26:51.240 [main] DEBUG org.hibernate.loader.Loader - Result row: EntityKey[edu.ncsu.csc.itrust2.models.persistent.LogEntry#512]
04:26:51.240 [main] DEBUG org.hibernate.loader.Loader - Result set row: 478
04:26:51.240 [main] DEBUG org.hibernate.loader.Loader - Result row: EntityKey[edu.ncsu.csc.itrust2.models.persistent.LogEntry#513]
04:26:51.240 [main] DEBUG org.hibernate.loader.Loader - Result set row: 479
04:26:51.241 [main] DEBUG org.hibernate.loader.Loader - Result row: EntityKey[edu.ncsu.csc.itrust2.models.persistent.LogEntry#514]
04:26:51.241 [main] DEBUG org.hibernate.loader.Loader - Result set row: 480
04:26:51.241 [main] DEBUG org.hibernate.loader.Loader - Result row: EntityKey[edu.ncsu.csc.itrust2.models.persistent.LogEntry#515]
04:26:51.241 [main] DEBUG org.hibernate.loader.Loader - Result set row: 481
04:26:51.241 [main] DEBUG org.hibernate.loader.Loader - Result row: EntityKey[edu.ncsu.csc.itrust2.models.persistent.LogEntry#516]
04:26:51.241 [main] DEBUG org.hibernate.loader.Loader - Result set row: 482
04:26:51.241 [main] DEBUG org.hibernate.loader.Loader - Result row: EntityKey[edu.ncsu.csc.itrust2.models.persistent.LogEntry#517]
04:26:51.241 [main] DEBUG org.hibernate.loader.Loader - Result set row: 483
04:26:51.241 [main] DEBUG org.hibernate.loader.Loader - Result row: EntityKey[edu.ncsu.csc.itrust2.models.persistent.LogEntry#518]
04:26:51.241 [main] DEBUG org.hibernate.loader.Loader - Result set row: 484
04:26:51.241 [main] DEBUG org.hibernate.loader.Loader - Result row: EntityKey[edu.ncsu.csc.itrust2.models.persistent.LogEntry#519]
04:26:51.241 [main] DEBUG org.hibernate.loader.Loader - Result set row: 485
04:26:51.242 [main] DEBUG org.hibernate.loader.Loader - Result row: EntityKey[edu.ncsu.csc.itrust2.models.persistent.LogEntry#520]
04:26:51.242 [main] DEBUG org.hibernate.loader.Loader - Result set row: 486
04:26:51.242 [main] DEBUG org.hibernate.loader.Loader - Result row: EntityKey[edu.ncsu.csc.itrust2.models.persistent.LogEntry#521]
04:26:51.242 [main] DEBUG org.hibernate.loader.Loader - Result set row: 487
04:26:51.242 [main] DEBUG org.hibernate.loader.Loader - Result row: EntityKey[edu.ncsu.csc.itrust2.models.persistent.LogEntry#522]
04:26:51.242 [main] DEBUG org.hibernate.loader.Loader - Result set row: 488
04:26:51.242 [main] DEBUG org.hibernate.loader.Loader - Result row: EntityKey[edu.ncsu.csc.itrust2.models.persistent.LogEntry#523]
04:26:51.242 [main] DEBUG org.hibernate.loader.Loader - Result set row: 489
04:26:51.242 [main] DEBUG org.hibernate.loader.Loader - Result row: EntityKey[edu.ncsu.csc.itrust2.models.persistent.LogEntry#524]
04:26:51.242 [main] DEBUG org.hibernate.loader.Loader - Result set row: 490
04:26:51.242 [main] DEBUG org.hibernate.loader.Loader - Result row: EntityKey[edu.ncsu.csc.itrust2.models.persistent.LogEntry#525]
04:26:51.242 [main] DEBUG org.hibernate.loader.Loader - Result set row: 491
04:26:51.242 [main] DEBUG org.hibernate.loader.Loader - Result row: EntityKey[edu.ncsu.csc.itrust2.models.persistent.LogEntry#526]
04:26:51.243 [main] DEBUG org.hibernate.loader.Loader - Result set row: 492
04:26:51.243 [main] DEBUG org.hibernate.loader.Loader - Result row: EntityKey[edu.ncsu.csc.itrust2.models.persistent.LogEntry#527]
04:26:51.243 [main] DEBUG org.hibernate.loader.Loader - Result set row: 493
04:26:51.243 [main] DEBUG org.hibernate.loader.Loader - Result row: EntityKey[edu.ncsu.csc.itrust2.models.persistent.LogEntry#528]
04:26:51.243 [main] DEBUG org.hibernate.loader.Loader - Result set row: 494
04:26:51.243 [main] DEBUG org.hibernate.loader.Loader - Result row: EntityKey[edu.ncsu.csc.itrust2.models.persistent.LogEntry#529]
04:26:51.243 [main] DEBUG org.hibernate.loader.Loader - Result set row: 495
04:26:51.243 [main] DEBUG org.hibernate.loader.Loader - Result row: EntityKey[edu.ncsu.csc.itrust2.models.persistent.LogEntry#530]
04:26:51.243 [main] DEBUG org.hibernate.loader.Loader - Result set row: 496
04:26:51.243 [main] DEBUG org.hibernate.loader.Loader - Result row: EntityKey[edu.ncsu.csc.itrust2.models.persistent.LogEntry#531]
04:26:51.243 [main] DEBUG org.hibernate.loader.Loader - Result set row: 497
04:26:51.243 [main] DEBUG org.hibernate.loader.Loader - Result row: EntityKey[edu.ncsu.csc.itrust2.models.persistent.LogEntry#532]
04:26:51.243 [main] DEBUG org.hibernate.loader.Loader - Result set row: 498
04:26:51.243 [main] DEBUG org.hibernate.loader.Loader - Result row: EntityKey[edu.ncsu.csc.itrust2.models.persistent.LogEntry#533]
04:26:51.244 [main] DEBUG org.hibernate.loader.Loader - Result set row: 499
04:26:51.244 [main] DEBUG org.hibernate.loader.Loader - Result row: EntityKey[edu.ncsu.csc.itrust2.models.persistent.LogEntry#534]
04:26:51.244 [main] DEBUG o.h.engine.internal.TwoPhaseLoad - Resolving associations for [edu.ncsu.csc.itrust2.models.persistent.LogEntry#35]
04:26:51.244 [main] DEBUG o.h.engine.internal.TwoPhaseLoad - Done materializing entity [edu.ncsu.csc.itrust2.models.persistent.LogEntry#35]
04:26:51.244 [main] DEBUG o.h.engine.internal.TwoPhaseLoad - Resolving associations for [edu.ncsu.csc.itrust2.models.persistent.LogEntry#36]
04:26:51.244 [main] DEBUG o.h.engine.internal.TwoPhaseLoad - Done materializing entity [edu.ncsu.csc.itrust2.models.persistent.LogEntry#36]
04:26:51.244 [main] DEBUG o.h.engine.internal.TwoPhaseLoad - Resolving associations for [edu.ncsu.csc.itrust2.models.persistent.LogEntry#37]
04:26:51.244 [main] DEBUG o.h.engine.internal.TwoPhaseLoad - Done materializing entity [edu.ncsu.csc.itrust2.models.persistent.LogEntry#37]
04:26:51.244 [main] DEBUG o.h.engine.internal.TwoPhaseLoad - Resolving associations for [edu.ncsu.csc.itrust2.models.persistent.LogEntry#38]
04:26:51.244 [main] DEBUG o.h.engine.internal.TwoPhaseLoad - Done materializing entity [edu.ncsu.csc.itrust2.models.persistent.LogEntry#38]
04:26:51.244 [main] DEBUG o.h.engine.internal.TwoPhaseLoad - Resolving associations for [edu.ncsu.csc.itrust2.models.persistent.LogEntry#39]
04:26:51.244 [main] DEBUG o.h.engine.internal.TwoPhaseLoad - Done materializing entity [edu.ncsu.csc.itrust2.models.persistent.LogEntry#39]
04:26:51.244 [main] DEBUG o.h.engine.internal.TwoPhaseLoad - Resolving associations for [edu.ncsu.csc.itrust2.models.persistent.LogEntry#40]
04:26:51.245 [main] DEBUG o.h.engine.internal.TwoPhaseLoad - Done materializing entity [edu.ncsu.csc.itrust2.models.persistent.LogEntry#40]
04:26:51.245 [main] DEBUG o.h.engine.internal.TwoPhaseLoad - Resolving associations for [edu.ncsu.csc.itrust2.models.persistent.LogEntry#41]
04:26:51.245 [main] DEBUG o.h.engine.internal.TwoPhaseLoad - Done materializing entity [edu.ncsu.csc.itrust2.models.persistent.LogEntry#41]
04:26:51.245 [main] DEBUG o.h.engine.internal.TwoPhaseLoad - Resolving associations for [edu.ncsu.csc.itrust2.models.persistent.LogEntry#42]
04:26:51.245 [main] DEBUG o.h.engine.internal.TwoPhaseLoad - Done materializing entity [edu.ncsu.csc.itrust2.models.persistent.LogEntry#42]
04:26:51.245 [main] DEBUG o.h.engine.internal.TwoPhaseLoad - Resolving associations for [edu.ncsu.csc.itrust2.models.persistent.LogEntry#43]
04:26:51.245 [main] DEBUG o.h.engine.internal.TwoPhaseLoad - Done materializing entity [edu.ncsu.csc.itrust2.models.persistent.LogEntry#43]
04:26:51.245 [main] DEBUG o.h.engine.internal.TwoPhaseLoad - Resolving associations for [edu.ncsu.csc.itrust2.models.persistent.LogEntry#44]
04:26:51.245 [main] DEBUG o.h.engine.internal.TwoPhaseLoad - Done materializing entity [edu.ncsu.csc.itrust2.models.persistent.LogEntry#44]
04:26:51.245 [main] DEBUG o.h.engine.internal.TwoPhaseLoad - Resolving associations for [edu.ncsu.csc.itrust2.models.persistent.LogEntry#45]
04:26:51.245 [main] DEBUG o.h.engine.internal.TwoPhaseLoad - Done materializing entity [edu.ncsu.csc.itrust2.models.persistent.LogEntry#45]
04:26:51.245 [main] DEBUG o.h.engine.internal.TwoPhaseLoad - Resolving associations for [edu.ncsu.csc.itrust2.models.persistent.LogEntry#46]
04:26:51.245 [main] DEBUG o.h.engine.internal.TwoPhaseLoad - Done materializing entity [edu.ncsu.csc.itrust2.models.persistent.LogEntry#46]
04:26:51.245 [main] DEBUG o.h.engine.internal.TwoPhaseLoad - Resolving associations for [edu.ncsu.csc.itrust2.models.persistent.LogEntry#47]
04:26:51.245 [main] DEBUG o.h.engine.internal.TwoPhaseLoad - Done materializing entity [edu.ncsu.csc.itrust2.models.persistent.LogEntry#47]
04:26:51.245 [main] DEBUG o.h.engine.internal.TwoPhaseLoad - Resolving associations for [edu.ncsu.csc.itrust2.models.persistent.LogEntry#48]
04:26:51.246 [main] DEBUG o.h.engine.internal.TwoPhaseLoad - Done materializing entity [edu.ncsu.csc.itrust2.models.persistent.LogEntry#48]
04:26:51.246 [main] DEBUG o.h.engine.internal.TwoPhaseLoad - Resolving associations for [edu.ncsu.csc.itrust2.models.persistent.LogEntry#49]
04:26:51.246 [main] DEBUG o.h.engine.internal.TwoPhaseLoad - Done materializing entity [edu.ncsu.csc.itrust2.models.persistent.LogEntry#49]
04:26:51.246 [main] DEBUG o.h.engine.internal.TwoPhaseLoad - Resolving associations for [edu.ncsu.csc.itrust2.models.persistent.LogEntry#50]
04:26:51.246 [main] DEBUG o.h.engine.internal.TwoPhaseLoad - Done materializing entity [edu.ncsu.csc.itrust2.models.persistent.LogEntry#50]
04:26:51.246 [main] DEBUG o.h.engine.internal.TwoPhaseLoad - Resolving associations for [edu.ncsu.csc.itrust2.models.persistent.LogEntry#51]
04:26:51.246 [main] DEBUG o.h.engine.internal.TwoPhaseLoad - Done materializing entity [edu.ncsu.csc.itrust2.models.persistent.LogEntry#51]
04:26:51.246 [main] DEBUG o.h.engine.internal.TwoPhaseLoad - Resolving associations for [edu.ncsu.csc.itrust2.models.persistent.LogEntry#52]
04:26:51.246 [main] DEBUG o.h.engine.internal.TwoPhaseLoad - Done materializing entity [edu.ncsu.csc.itrust2.models.persistent.LogEntry#52]
04:26:51.246 [main] DEBUG o.h.engine.internal.TwoPhaseLoad - Resolving associations for [edu.ncsu.csc.itrust2.models.persistent.LogEntry#53]
04:26:51.246 [main] DEBUG o.h.engine.internal.TwoPhaseLoad - Done materializing entity [edu.ncsu.csc.itrust2.models.persistent.LogEntry#53]
04:26:51.246 [main] DEBUG o.h.engine.internal.TwoPhaseLoad - Resolving associations for [edu.ncsu.csc.itrust2.models.persistent.LogEntry#54]
04:26:51.246 [main] DEBUG o.h.engine.internal.TwoPhaseLoad - Done materializing entity [edu.ncsu.csc.itrust2.models.persistent.LogEntry#54]
04:26:51.246 [main] DEBUG o.h.engine.internal.TwoPhaseLoad - Resolving associations for [edu.ncsu.csc.itrust2.models.persistent.LogEntry#55]
04:26:51.246 [main] DEBUG o.h.engine.internal.TwoPhaseLoad - Done materializing entity [edu.ncsu.csc.itrust2.models.persistent.LogEntry#55]
04:26:51.246 [main] DEBUG o.h.engine.internal.TwoPhaseLoad - Resolving associations for [edu.ncsu.csc.itrust2.models.persistent.LogEntry#56]
04:26:51.247 [main] DEBUG o.h.engine.internal.TwoPhaseLoad - Done materializing entity [edu.ncsu.csc.itrust2.models.persistent.LogEntry#56]
04:26:51.247 [main] DEBUG o.h.engine.internal.TwoPhaseLoad - Resolving associations for [edu.ncsu.csc.itrust2.models.persistent.LogEntry#57]
04:26:51.247 [main] DEBUG o.h.engine.internal.TwoPhaseLoad - Done materializing entity [edu.ncsu.csc.itrust2.models.persistent.LogEntry#57]
04:26:51.247 [main] DEBUG o.h.engine.internal.TwoPhaseLoad - Resolving associations for [edu.ncsu.csc.itrust2.models.persistent.LogEntry#58]
04:26:51.247 [main] DEBUG o.h.engine.internal.TwoPhaseLoad - Done materializing entity [edu.ncsu.csc.itrust2.models.persistent.LogEntry#58]
04:26:51.247 [main] DEBUG o.h.engine.internal.TwoPhaseLoad - Resolving associations for [edu.ncsu.csc.itrust2.models.persistent.LogEntry#59]
04:26:51.247 [main] DEBUG o.h.engine.internal.TwoPhaseLoad - Done materializing entity [edu.ncsu.csc.itrust2.models.persistent.LogEntry#59]
04:26:51.247 [main] DEBUG o.h.engine.internal.TwoPhaseLoad - Resolving associations for [edu.ncsu.csc.itrust2.models.persistent.LogEntry#60]
04:26:51.247 [main] DEBUG o.h.engine.internal.TwoPhaseLoad - Done materializing entity [edu.ncsu.csc.itrust2.models.persistent.LogEntry#60]
04:26:51.247 [main] DEBUG o.h.engine.internal.TwoPhaseLoad - Resolving associations for [edu.ncsu.csc.itrust2.models.persistent.LogEntry#61]
04:26:51.247 [main] DEBUG o.h.engine.internal.TwoPhaseLoad - Done materializing entity [edu.ncsu.csc.itrust2.models.persistent.LogEntry#61]
04:26:51.247 [main] DEBUG o.h.engine.internal.TwoPhaseLoad - Resolving associations for [edu.ncsu.csc.itrust2.models.persistent.LogEntry#62]
04:26:51.247 [main] DEBUG o.h.engine.internal.TwoPhaseLoad - Done materializing entity [edu.ncsu.csc.itrust2.models.persistent.LogEntry#62]
04:26:51.247 [main] DEBUG o.h.engine.internal.TwoPhaseLoad - Resolving associations for [edu.ncsu.csc.itrust2.models.persistent.LogEntry#63]
04:26:51.247 [main] DEBUG o.h.engine.internal.TwoPhaseLoad - Done materializing entity [edu.ncsu.csc.itrust2.models.persistent.LogEntry#63]
04:26:51.247 [main] DEBUG o.h.engine.internal.TwoPhaseLoad - Resolving associations for [edu.ncsu.csc.itrust2.models.persistent.LogEntry#64]
04:26:51.247 [main] DEBUG o.h.engine.internal.TwoPhaseLoad - Done materializing entity [edu.ncsu.csc.itrust2.models.persistent.LogEntry#64]
04:26:51.247 [main] DEBUG o.h.engine.internal.TwoPhaseLoad - Resolving associations for [edu.ncsu.csc.itrust2.models.persistent.LogEntry#65]
04:26:51.248 [main] DEBUG o.h.engine.internal.TwoPhaseLoad - Done materializing entity [edu.ncsu.csc.itrust2.models.persistent.LogEntry#65]
04:26:51.248 [main] DEBUG o.h.engine.internal.TwoPhaseLoad - Resolving associations for [edu.ncsu.csc.itrust2.models.persistent.LogEntry#66]
04:26:51.248 [main] DEBUG o.h.engine.internal.TwoPhaseLoad - Done materializing entity [edu.ncsu.csc.itrust2.models.persistent.LogEntry#66]
04:26:51.248 [main] DEBUG o.h.engine.internal.TwoPhaseLoad - Resolving associations for [edu.ncsu.csc.itrust2.models.persistent.LogEntry#67]
04:26:51.248 [main] DEBUG o.h.engine.internal.TwoPhaseLoad - Done materializing entity [edu.ncsu.csc.itrust2.models.persistent.LogEntry#67]
04:26:51.248 [main] DEBUG o.h.engine.internal.TwoPhaseLoad - Resolving associations for [edu.ncsu.csc.itrust2.models.persistent.LogEntry#68]
04:26:51.248 [main] DEBUG o.h.engine.internal.TwoPhaseLoad - Done materializing entity [edu.ncsu.csc.itrust2.models.persistent.LogEntry#68]
04:26:51.248 [main] DEBUG o.h.engine.internal.TwoPhaseLoad - Resolving associations for [edu.ncsu.csc.itrust2.models.persistent.LogEntry#69]
04:26:51.248 [main] DEBUG o.h.engine.internal.TwoPhaseLoad - Done materializing entity [edu.ncsu.csc.itrust2.models.persistent.LogEntry#69]
04:26:51.248 [main] DEBUG o.h.engine.internal.TwoPhaseLoad - Resolving associations for [edu.ncsu.csc.itrust2.models.persistent.LogEntry#70]
04:26:51.248 [main] DEBUG o.h.engine.internal.TwoPhaseLoad - Done materializing entity [edu.ncsu.csc.itrust2.models.persistent.LogEntry#70]
04:26:51.248 [main] DEBUG o.h.engine.internal.TwoPhaseLoad - Resolving associations for [edu.ncsu.csc.itrust2.models.persistent.LogEntry#71]
04:26:51.248 [main] DEBUG o.h.engine.internal.TwoPhaseLoad - Done materializing entity [edu.ncsu.csc.itrust2.models.persistent.LogEntry#71]
04:26:51.248 [main] DEBUG o.h.engine.internal.TwoPhaseLoad - Resolving associations for [edu.ncsu.csc.itrust2.models.persistent.LogEntry#72]
04:26:51.248 [main] DEBUG o.h.engine.internal.TwoPhaseLoad - Done materializing entity [edu.ncsu.csc.itrust2.models.persistent.LogEntry#72]
04:26:51.248 [main] DEBUG o.h.engine.internal.TwoPhaseLoad - Resolving associations for [edu.ncsu.csc.itrust2.models.persistent.LogEntry#73]
04:26:51.248 [main] DEBUG o.h.engine.internal.TwoPhaseLoad - Done materializing entity [edu.ncsu.csc.itrust2.models.persistent.LogEntry#73]
04:26:51.249 [main] DEBUG o.h.engine.internal.TwoPhaseLoad - Resolving associations for [edu.ncsu.csc.itrust2.models.persistent.LogEntry#74]
04:26:51.249 [main] DEBUG o.h.engine.internal.TwoPhaseLoad - Done materializing entity [edu.ncsu.csc.itrust2.models.persistent.LogEntry#74]
04:26:51.249 [main] DEBUG o.h.engine.internal.TwoPhaseLoad - Resolving associations for [edu.ncsu.csc.itrust2.models.persistent.LogEntry#75]
04:26:51.249 [main] DEBUG o.h.engine.internal.TwoPhaseLoad - Done materializing entity [edu.ncsu.csc.itrust2.models.persistent.LogEntry#75]
04:26:51.249 [main] DEBUG o.h.engine.internal.TwoPhaseLoad - Resolving associations for [edu.ncsu.csc.itrust2.models.persistent.LogEntry#76]
04:26:51.249 [main] DEBUG o.h.engine.internal.TwoPhaseLoad - Done materializing entity [edu.ncsu.csc.itrust2.models.persistent.LogEntry#76]
04:26:51.249 [main] DEBUG o.h.engine.internal.TwoPhaseLoad - Resolving associations for [edu.ncsu.csc.itrust2.models.persistent.LogEntry#77]
04:26:51.249 [main] DEBUG o.h.engine.internal.TwoPhaseLoad - Done materializing entity [edu.ncsu.csc.itrust2.models.persistent.LogEntry#77]
04:26:51.249 [main] DEBUG o.h.engine.internal.TwoPhaseLoad - Resolving associations for [edu.ncsu.csc.itrust2.models.persistent.LogEntry#78]
04:26:51.249 [main] DEBUG o.h.engine.internal.TwoPhaseLoad - Done materializing entity [edu.ncsu.csc.itrust2.models.persistent.LogEntry#78]
04:26:51.249 [main] DEBUG o.h.engine.internal.TwoPhaseLoad - Resolving associations for [edu.ncsu.csc.itrust2.models.persistent.LogEntry#79]
04:26:51.250 [main] DEBUG o.h.engine.internal.TwoPhaseLoad - Done materializing entity [edu.ncsu.csc.itrust2.models.persistent.LogEntry#79]
04:26:51.250 [main] DEBUG o.h.engine.internal.TwoPhaseLoad - Resolving associations for [edu.ncsu.csc.itrust2.models.persistent.LogEntry#80]
04:26:51.250 [main] DEBUG o.h.engine.internal.TwoPhaseLoad - Done materializing entity [edu.ncsu.csc.itrust2.models.persistent.LogEntry#80]
04:26:51.250 [main] DEBUG o.h.engine.internal.TwoPhaseLoad - Resolving associations for [edu.ncsu.csc.itrust2.models.persistent.LogEntry#81]
04:26:51.250 [main] DEBUG o.h.engine.internal.TwoPhaseLoad - Done materializing entity [edu.ncsu.csc.itrust2.models.persistent.LogEntry#81]
04:26:51.250 [main] DEBUG o.h.engine.internal.TwoPhaseLoad - Resolving associations for [edu.ncsu.csc.itrust2.models.persistent.LogEntry#82]
04:26:51.250 [main] DEBUG o.h.engine.internal.TwoPhaseLoad - Done materializing entity [edu.ncsu.csc.itrust2.models.persistent.LogEntry#82]
04:26:51.250 [main] DEBUG o.h.engine.internal.TwoPhaseLoad - Resolving associations for [edu.ncsu.csc.itrust2.models.persistent.LogEntry#83]
04:26:51.250 [main] DEBUG o.h.engine.internal.TwoPhaseLoad - Done materializing entity [edu.ncsu.csc.itrust2.models.persistent.LogEntry#83]
04:26:51.250 [main] DEBUG o.h.engine.internal.TwoPhaseLoad - Resolving associations for [edu.ncsu.csc.itrust2.models.persistent.LogEntry#84]
04:26:51.250 [main] DEBUG o.h.engine.internal.TwoPhaseLoad - Done materializing entity [edu.ncsu.csc.itrust2.models.persistent.LogEntry#84]
04:26:51.250 [main] DEBUG o.h.engine.internal.TwoPhaseLoad - Resolving associations for [edu.ncsu.csc.itrust2.models.persistent.LogEntry#85]
04:26:51.250 [main] DEBUG o.h.engine.internal.TwoPhaseLoad - Done materializing entity [edu.ncsu.csc.itrust2.models.persistent.LogEntry#85]
04:26:51.250 [main] DEBUG o.h.engine.internal.TwoPhaseLoad - Resolving associations for [edu.ncsu.csc.itrust2.models.persistent.LogEntry#86]
04:26:51.250 [main] DEBUG o.h.engine.internal.TwoPhaseLoad - Done materializing entity [edu.ncsu.csc.itrust2.models.persistent.LogEntry#86]
04:26:51.250 [main] DEBUG o.h.engine.internal.TwoPhaseLoad - Resolving associations for [edu.ncsu.csc.itrust2.models.persistent.LogEntry#87]
04:26:51.251 [main] DEBUG o.h.engine.internal.TwoPhaseLoad - Done materializing entity [edu.ncsu.csc.itrust2.models.persistent.LogEntry#87]
04:26:51.251 [main] DEBUG o.h.engine.internal.TwoPhaseLoad - Resolving associations for [edu.ncsu.csc.itrust2.models.persistent.LogEntry#88]
04:26:51.251 [main] DEBUG o.h.engine.internal.TwoPhaseLoad - Done materializing entity [edu.ncsu.csc.itrust2.models.persistent.LogEntry#88]
04:26:51.251 [main] DEBUG o.h.engine.internal.TwoPhaseLoad - Resolving associations for [edu.ncsu.csc.itrust2.models.persistent.LogEntry#89]
04:26:51.251 [main] DEBUG o.h.engine.internal.TwoPhaseLoad - Done materializing entity [edu.ncsu.csc.itrust2.models.persistent.LogEntry#89]
04:26:51.251 [main] DEBUG o.h.engine.internal.TwoPhaseLoad - Resolving associations for [edu.ncsu.csc.itrust2.models.persistent.LogEntry#90]
04:26:51.251 [main] DEBUG o.h.engine.internal.TwoPhaseLoad - Done materializing entity [edu.ncsu.csc.itrust2.models.persistent.LogEntry#90]
04:26:51.252 [main] DEBUG o.h.engine.internal.TwoPhaseLoad - Resolving associations for [edu.ncsu.csc.itrust2.models.persistent.LogEntry#91]
04:26:51.252 [main] DEBUG o.h.engine.internal.TwoPhaseLoad - Done materializing entity [edu.ncsu.csc.itrust2.models.persistent.LogEntry#91]
04:26:51.252 [main] DEBUG o.h.engine.internal.TwoPhaseLoad - Resolving associations for [edu.ncsu.csc.itrust2.models.persistent.LogEntry#92]
04:26:51.252 [main] DEBUG o.h.engine.internal.TwoPhaseLoad - Done materializing entity [edu.ncsu.csc.itrust2.models.persistent.LogEntry#92]
04:26:51.252 [main] DEBUG o.h.engine.internal.TwoPhaseLoad - Resolving associations for [edu.ncsu.csc.itrust2.models.persistent.LogEntry#93]
04:26:51.252 [main] DEBUG o.h.engine.internal.TwoPhaseLoad - Done materializing entity [edu.ncsu.csc.itrust2.models.persistent.LogEntry#93]
04:26:51.252 [main] DEBUG o.h.engine.internal.TwoPhaseLoad - Resolving associations for [edu.ncsu.csc.itrust2.models.persistent.LogEntry#94]
04:26:51.252 [main] DEBUG o.h.engine.internal.TwoPhaseLoad - Done materializing entity [edu.ncsu.csc.itrust2.models.persistent.LogEntry#94]
04:26:51.252 [main] DEBUG o.h.engine.internal.TwoPhaseLoad - Resolving associations for [edu.ncsu.csc.itrust2.models.persistent.LogEntry#95]
04:26:51.252 [main] DEBUG o.h.engine.internal.TwoPhaseLoad - Done materializing entity [edu.ncsu.csc.itrust2.models.persistent.LogEntry#95]
04:26:51.252 [main] DEBUG o.h.engine.internal.TwoPhaseLoad - Resolving associations for [edu.ncsu.csc.itrust2.models.persistent.LogEntry#96]
04:26:51.252 [main] DEBUG o.h.engine.internal.TwoPhaseLoad - Done materializing entity [edu.ncsu.csc.itrust2.models.persistent.LogEntry#96]
04:26:51.252 [main] DEBUG o.h.engine.internal.TwoPhaseLoad - Resolving associations for [edu.ncsu.csc.itrust2.models.persistent.LogEntry#97]
04:26:51.252 [main] DEBUG o.h.engine.internal.TwoPhaseLoad - Done materializing entity [edu.ncsu.csc.itrust2.models.persistent.LogEntry#97]
04:26:51.253 [main] DEBUG o.h.engine.internal.TwoPhaseLoad - Resolving associations for [edu.ncsu.csc.itrust2.models.persistent.LogEntry#98]
04:26:51.253 [main] DEBUG o.h.engine.internal.TwoPhaseLoad - Done materializing entity [edu.ncsu.csc.itrust2.models.persistent.LogEntry#98]
04:26:51.253 [main] DEBUG o.h.engine.internal.TwoPhaseLoad - Resolving associations for [edu.ncsu.csc.itrust2.models.persistent.LogEntry#99]
04:26:51.253 [main] DEBUG o.h.engine.internal.TwoPhaseLoad - Done materializing entity [edu.ncsu.csc.itrust2.models.persistent.LogEntry#99]
04:26:51.253 [main] DEBUG o.h.engine.internal.TwoPhaseLoad - Resolving associations for [edu.ncsu.csc.itrust2.models.persistent.LogEntry#100]
04:26:51.253 [main] DEBUG o.h.engine.internal.TwoPhaseLoad - Done materializing entity [edu.ncsu.csc.itrust2.models.persistent.LogEntry#100]
04:26:51.253 [main] DEBUG o.h.engine.internal.TwoPhaseLoad - Resolving associations for [edu.ncsu.csc.itrust2.models.persistent.LogEntry#101]
04:26:51.253 [main] DEBUG o.h.engine.internal.TwoPhaseLoad - Done materializing entity [edu.ncsu.csc.itrust2.models.persistent.LogEntry#101]
04:26:51.253 [main] DEBUG o.h.engine.internal.TwoPhaseLoad - Resolving associations for [edu.ncsu.csc.itrust2.models.persistent.LogEntry#102]
04:26:51.253 [main] DEBUG o.h.engine.internal.TwoPhaseLoad - Done materializing entity [edu.ncsu.csc.itrust2.models.persistent.LogEntry#102]
04:26:51.253 [main] DEBUG o.h.engine.internal.TwoPhaseLoad - Resolving associations for [edu.ncsu.csc.itrust2.models.persistent.LogEntry#103]
04:26:51.254 [main] DEBUG o.h.engine.internal.TwoPhaseLoad - Done materializing entity [edu.ncsu.csc.itrust2.models.persistent.LogEntry#103]
04:26:51.254 [main] DEBUG o.h.engine.internal.TwoPhaseLoad - Resolving associations for [edu.ncsu.csc.itrust2.models.persistent.LogEntry#104]
04:26:51.254 [main] DEBUG o.h.engine.internal.TwoPhaseLoad - Done materializing entity [edu.ncsu.csc.itrust2.models.persistent.LogEntry#104]
04:26:51.254 [main] DEBUG o.h.engine.internal.TwoPhaseLoad - Resolving associations for [edu.ncsu.csc.itrust2.models.persistent.LogEntry#105]
04:26:51.254 [main] DEBUG o.h.engine.internal.TwoPhaseLoad - Done materializing entity [edu.ncsu.csc.itrust2.models.persistent.LogEntry#105]
04:26:51.254 [main] DEBUG o.h.engine.internal.TwoPhaseLoad - Resolving associations for [edu.ncsu.csc.itrust2.models.persistent.LogEntry#106]
04:26:51.254 [main] DEBUG o.h.engine.internal.TwoPhaseLoad - Done materializing entity [edu.ncsu.csc.itrust2.models.persistent.LogEntry#106]
04:26:51.254 [main] DEBUG o.h.engine.internal.TwoPhaseLoad - Resolving associations for [edu.ncsu.csc.itrust2.models.persistent.LogEntry#107]
04:26:51.254 [main] DEBUG o.h.engine.internal.TwoPhaseLoad - Done materializing entity [edu.ncsu.csc.itrust2.models.persistent.LogEntry#107]
04:26:51.255 [main] DEBUG o.h.engine.internal.TwoPhaseLoad - Resolving associations for [edu.ncsu.csc.itrust2.models.persistent.LogEntry#108]
04:26:51.255 [main] DEBUG o.h.engine.internal.TwoPhaseLoad - Done materializing entity [edu.ncsu.csc.itrust2.models.persistent.LogEntry#108]
04:26:51.255 [main] DEBUG o.h.engine.internal.TwoPhaseLoad - Resolving associations for [edu.ncsu.csc.itrust2.models.persistent.LogEntry#109]
04:26:51.255 [main] DEBUG o.h.engine.internal.TwoPhaseLoad - Done materializing entity [edu.ncsu.csc.itrust2.models.persistent.LogEntry#109]
04:26:51.255 [main] DEBUG o.h.engine.internal.TwoPhaseLoad - Resolving associations for [edu.ncsu.csc.itrust2.models.persistent.LogEntry#110]
04:26:51.255 [main] DEBUG o.h.engine.internal.TwoPhaseLoad - Done materializing entity [edu.ncsu.csc.itrust2.models.persistent.LogEntry#110]
04:26:51.256 [main] DEBUG o.h.engine.internal.TwoPhaseLoad - Resolving associations for [edu.ncsu.csc.itrust2.models.persistent.LogEntry#111]
04:26:51.257 [main] DEBUG o.h.engine.internal.TwoPhaseLoad - Done materializing entity [edu.ncsu.csc.itrust2.models.persistent.LogEntry#111]
04:26:51.257 [main] DEBUG o.h.engine.internal.TwoPhaseLoad - Resolving associations for [edu.ncsu.csc.itrust2.models.persistent.LogEntry#112]
04:26:51.258 [main] DEBUG o.h.engine.internal.TwoPhaseLoad - Done materializing entity [edu.ncsu.csc.itrust2.models.persistent.LogEntry#112]
04:26:51.259 [main] DEBUG o.h.engine.internal.TwoPhaseLoad - Resolving associations for [edu.ncsu.csc.itrust2.models.persistent.LogEntry#113]
04:26:51.261 [main] DEBUG o.h.engine.internal.TwoPhaseLoad - Done materializing entity [edu.ncsu.csc.itrust2.models.persistent.LogEntry#113]
04:26:51.262 [main] DEBUG o.h.engine.internal.TwoPhaseLoad - Resolving associations for [edu.ncsu.csc.itrust2.models.persistent.LogEntry#114]
04:26:51.264 [main] DEBUG o.h.engine.internal.TwoPhaseLoad - Done materializing entity [edu.ncsu.csc.itrust2.models.persistent.LogEntry#114]
04:26:51.264 [main] DEBUG o.h.engine.internal.TwoPhaseLoad - Resolving associations for [edu.ncsu.csc.itrust2.models.persistent.LogEntry#115]
04:26:51.264 [main] DEBUG o.h.engine.internal.TwoPhaseLoad - Done materializing entity [edu.ncsu.csc.itrust2.models.persistent.LogEntry#115]
04:26:51.264 [main] DEBUG o.h.engine.internal.TwoPhaseLoad - Resolving associations for [edu.ncsu.csc.itrust2.models.persistent.LogEntry#116]
04:26:51.264 [main] DEBUG o.h.engine.internal.TwoPhaseLoad - Done materializing entity [edu.ncsu.csc.itrust2.models.persistent.LogEntry#116]
04:26:51.265 [main] DEBUG o.h.engine.internal.TwoPhaseLoad - Resolving associations for [edu.ncsu.csc.itrust2.models.persistent.LogEntry#117]
04:26:51.265 [main] DEBUG o.h.engine.internal.TwoPhaseLoad - Done materializing entity [edu.ncsu.csc.itrust2.models.persistent.LogEntry#117]
04:26:51.265 [main] DEBUG o.h.engine.internal.TwoPhaseLoad - Resolving associations for [edu.ncsu.csc.itrust2.models.persistent.LogEntry#118]
04:26:51.265 [main] DEBUG o.h.engine.internal.TwoPhaseLoad - Done materializing entity [edu.ncsu.csc.itrust2.models.persistent.LogEntry#118]
04:26:51.265 [main] DEBUG o.h.engine.internal.TwoPhaseLoad - Resolving associations for [edu.ncsu.csc.itrust2.models.persistent.LogEntry#119]
04:26:51.265 [main] DEBUG o.h.engine.internal.TwoPhaseLoad - Done materializing entity [edu.ncsu.csc.itrust2.models.persistent.LogEntry#119]
04:26:51.265 [main] DEBUG o.h.engine.internal.TwoPhaseLoad - Resolving associations for [edu.ncsu.csc.itrust2.models.persistent.LogEntry#120]
04:26:51.265 [main] DEBUG o.h.engine.internal.TwoPhaseLoad - Done materializing entity [edu.ncsu.csc.itrust2.models.persistent.LogEntry#120]
04:26:51.265 [main] DEBUG o.h.engine.internal.TwoPhaseLoad - Resolving associations for [edu.ncsu.csc.itrust2.models.persistent.LogEntry#121]
04:26:51.265 [main] DEBUG o.h.engine.internal.TwoPhaseLoad - Done materializing entity [edu.ncsu.csc.itrust2.models.persistent.LogEntry#121]
04:26:51.265 [main] DEBUG o.h.engine.internal.TwoPhaseLoad - Resolving associations for [edu.ncsu.csc.itrust2.models.persistent.LogEntry#122]
04:26:51.265 [main] DEBUG o.h.engine.internal.TwoPhaseLoad - Done materializing entity [edu.ncsu.csc.itrust2.models.persistent.LogEntry#122]
04:26:51.265 [main] DEBUG o.h.engine.internal.TwoPhaseLoad - Resolving associations for [edu.ncsu.csc.itrust2.models.persistent.LogEntry#123]
04:26:51.265 [main] DEBUG o.h.engine.internal.TwoPhaseLoad - Done materializing entity [edu.ncsu.csc.itrust2.models.persistent.LogEntry#123]
04:26:51.265 [main] DEBUG o.h.engine.internal.TwoPhaseLoad - Resolving associations for [edu.ncsu.csc.itrust2.models.persistent.LogEntry#124]
04:26:51.265 [main] DEBUG o.h.engine.internal.TwoPhaseLoad - Done materializing entity [edu.ncsu.csc.itrust2.models.persistent.LogEntry#124]
04:26:51.265 [main] DEBUG o.h.engine.internal.TwoPhaseLoad - Resolving associations for [edu.ncsu.csc.itrust2.models.persistent.LogEntry#125]
04:26:51.266 [main] DEBUG o.h.engine.internal.TwoPhaseLoad - Done materializing entity [edu.ncsu.csc.itrust2.models.persistent.LogEntry#125]
04:26:51.266 [main] DEBUG o.h.engine.internal.TwoPhaseLoad - Resolving associations for [edu.ncsu.csc.itrust2.models.persistent.LogEntry#126]
04:26:51.266 [main] DEBUG o.h.engine.internal.TwoPhaseLoad - Done materializing entity [edu.ncsu.csc.itrust2.models.persistent.LogEntry#126]
04:26:51.266 [main] DEBUG o.h.engine.internal.TwoPhaseLoad - Resolving associations for [edu.ncsu.csc.itrust2.models.persistent.LogEntry#127]
04:26:51.266 [main] DEBUG o.h.engine.internal.TwoPhaseLoad - Done materializing entity [edu.ncsu.csc.itrust2.models.persistent.LogEntry#127]
04:26:51.266 [main] DEBUG o.h.engine.internal.TwoPhaseLoad - Resolving associations for [edu.ncsu.csc.itrust2.models.persistent.LogEntry#128]
04:26:51.266 [main] DEBUG o.h.engine.internal.TwoPhaseLoad - Done materializing entity [edu.ncsu.csc.itrust2.models.persistent.LogEntry#128]
04:26:51.266 [main] DEBUG o.h.engine.internal.TwoPhaseLoad - Resolving associations for [edu.ncsu.csc.itrust2.models.persistent.LogEntry#129]
04:26:51.266 [main] DEBUG o.h.engine.internal.TwoPhaseLoad - Done materializing entity [edu.ncsu.csc.itrust2.models.persistent.LogEntry#129]
04:26:51.266 [main] DEBUG o.h.engine.internal.TwoPhaseLoad - Resolving associations for [edu.ncsu.csc.itrust2.models.persistent.LogEntry#130]
04:26:51.266 [main] DEBUG o.h.engine.internal.TwoPhaseLoad - Done materializing entity [edu.ncsu.csc.itrust2.models.persistent.LogEntry#130]
04:26:51.266 [main] DEBUG o.h.engine.internal.TwoPhaseLoad - Resolving associations for [edu.ncsu.csc.itrust2.models.persistent.LogEntry#131]
04:26:51.266 [main] DEBUG o.h.engine.internal.TwoPhaseLoad - Done materializing entity [edu.ncsu.csc.itrust2.models.persistent.LogEntry#131]
04:26:51.266 [main] DEBUG o.h.engine.internal.TwoPhaseLoad - Resolving associations for [edu.ncsu.csc.itrust2.models.persistent.LogEntry#132]
04:26:51.266 [main] DEBUG o.h.engine.internal.TwoPhaseLoad - Done materializing entity [edu.ncsu.csc.itrust2.models.persistent.LogEntry#132]
04:26:51.266 [main] DEBUG o.h.engine.internal.TwoPhaseLoad - Resolving associations for [edu.ncsu.csc.itrust2.models.persistent.LogEntry#133]
04:26:51.266 [main] DEBUG o.h.engine.internal.TwoPhaseLoad - Done materializing entity [edu.ncsu.csc.itrust2.models.persistent.LogEntry#133]
04:26:51.266 [main] DEBUG o.h.engine.internal.TwoPhaseLoad - Resolving associations for [edu.ncsu.csc.itrust2.models.persistent.LogEntry#134]
04:26:51.267 [main] DEBUG o.h.engine.internal.TwoPhaseLoad - Done materializing entity [edu.ncsu.csc.itrust2.models.persistent.LogEntry#134]
04:26:51.267 [main] DEBUG o.h.engine.internal.TwoPhaseLoad - Resolving associations for [edu.ncsu.csc.itrust2.models.persistent.LogEntry#135]
04:26:51.267 [main] DEBUG o.h.engine.internal.TwoPhaseLoad - Done materializing entity [edu.ncsu.csc.itrust2.models.persistent.LogEntry#135]
04:26:51.267 [main] DEBUG o.h.engine.internal.TwoPhaseLoad - Resolving associations for [edu.ncsu.csc.itrust2.models.persistent.LogEntry#136]
04:26:51.267 [main] DEBUG o.h.engine.internal.TwoPhaseLoad - Done materializing entity [edu.ncsu.csc.itrust2.models.persistent.LogEntry#136]
04:26:51.267 [main] DEBUG o.h.engine.internal.TwoPhaseLoad - Resolving associations for [edu.ncsu.csc.itrust2.models.persistent.LogEntry#137]
04:26:51.267 [main] DEBUG o.h.engine.internal.TwoPhaseLoad - Done materializing entity [edu.ncsu.csc.itrust2.models.persistent.LogEntry#137]
04:26:51.267 [main] DEBUG o.h.engine.internal.TwoPhaseLoad - Resolving associations for [edu.ncsu.csc.itrust2.models.persistent.LogEntry#138]
04:26:51.267 [main] DEBUG o.h.engine.internal.TwoPhaseLoad - Done materializing entity [edu.ncsu.csc.itrust2.models.persistent.LogEntry#138]
04:26:51.267 [main] DEBUG o.h.engine.internal.TwoPhaseLoad - Resolving associations for [edu.ncsu.csc.itrust2.models.persistent.LogEntry#139]
04:26:51.267 [main] DEBUG o.h.engine.internal.TwoPhaseLoad - Done materializing entity [edu.ncsu.csc.itrust2.models.persistent.LogEntry#139]
04:26:51.267 [main] DEBUG o.h.engine.internal.TwoPhaseLoad - Resolving associations for [edu.ncsu.csc.itrust2.models.persistent.LogEntry#140]
04:26:51.267 [main] DEBUG o.h.engine.internal.TwoPhaseLoad - Done materializing entity [edu.ncsu.csc.itrust2.models.persistent.LogEntry#140]
04:26:51.267 [main] DEBUG o.h.engine.internal.TwoPhaseLoad - Resolving associations for [edu.ncsu.csc.itrust2.models.persistent.LogEntry#141]
04:26:51.267 [main] DEBUG o.h.engine.internal.TwoPhaseLoad - Done materializing entity [edu.ncsu.csc.itrust2.models.persistent.LogEntry#141]
04:26:51.267 [main] DEBUG o.h.engine.internal.TwoPhaseLoad - Resolving associations for [edu.ncsu.csc.itrust2.models.persistent.LogEntry#142]
04:26:51.267 [main] DEBUG o.h.engine.internal.TwoPhaseLoad - Done materializing entity [edu.ncsu.csc.itrust2.models.persistent.LogEntry#142]
04:26:51.268 [main] DEBUG o.h.engine.internal.TwoPhaseLoad - Resolving associations for [edu.ncsu.csc.itrust2.models.persistent.LogEntry#143]
04:26:51.268 [main] DEBUG o.h.engine.internal.TwoPhaseLoad - Done materializing entity [edu.ncsu.csc.itrust2.models.persistent.LogEntry#143]
04:26:51.268 [main] DEBUG o.h.engine.internal.TwoPhaseLoad - Resolving associations for [edu.ncsu.csc.itrust2.models.persistent.LogEntry#144]
04:26:51.268 [main] DEBUG o.h.engine.internal.TwoPhaseLoad - Done materializing entity [edu.ncsu.csc.itrust2.models.persistent.LogEntry#144]
04:26:51.268 [main] DEBUG o.h.engine.internal.TwoPhaseLoad - Resolving associations for [edu.ncsu.csc.itrust2.models.persistent.LogEntry#145]
04:26:51.268 [main] DEBUG o.h.engine.internal.TwoPhaseLoad - Done materializing entity [edu.ncsu.csc.itrust2.models.persistent.LogEntry#145]
04:26:51.268 [main] DEBUG o.h.engine.internal.TwoPhaseLoad - Resolving associations for [edu.ncsu.csc.itrust2.models.persistent.LogEntry#146]
04:26:51.268 [main] DEBUG o.h.engine.internal.TwoPhaseLoad - Done materializing entity [edu.ncsu.csc.itrust2.models.persistent.LogEntry#146]
04:26:51.268 [main] DEBUG o.h.engine.internal.TwoPhaseLoad - Resolving associations for [edu.ncsu.csc.itrust2.models.persistent.LogEntry#147]
04:26:51.268 [main] DEBUG o.h.engine.internal.TwoPhaseLoad - Done materializing entity [edu.ncsu.csc.itrust2.models.persistent.LogEntry#147]
04:26:51.268 [main] DEBUG o.h.engine.internal.TwoPhaseLoad - Resolving associations for [edu.ncsu.csc.itrust2.models.persistent.LogEntry#148]
04:26:51.268 [main] DEBUG o.h.engine.internal.TwoPhaseLoad - Done materializing entity [edu.ncsu.csc.itrust2.models.persistent.LogEntry#148]
04:26:51.268 [main] DEBUG o.h.engine.internal.TwoPhaseLoad - Resolving associations for [edu.ncsu.csc.itrust2.models.persistent.LogEntry#149]
04:26:51.268 [main] DEBUG o.h.engine.internal.TwoPhaseLoad - Done materializing entity [edu.ncsu.csc.itrust2.models.persistent.LogEntry#149]
04:26:51.268 [main] DEBUG o.h.engine.internal.TwoPhaseLoad - Resolving associations for [edu.ncsu.csc.itrust2.models.persistent.LogEntry#150]
04:26:51.269 [main] DEBUG o.h.engine.internal.TwoPhaseLoad - Done materializing entity [edu.ncsu.csc.itrust2.models.persistent.LogEntry#150]
04:26:51.269 [main] DEBUG o.h.engine.internal.TwoPhaseLoad - Resolving associations for [edu.ncsu.csc.itrust2.models.persistent.LogEntry#151]
04:26:51.269 [main] DEBUG o.h.engine.internal.TwoPhaseLoad - Done materializing entity [edu.ncsu.csc.itrust2.models.persistent.LogEntry#151]
04:26:51.269 [main] DEBUG o.h.engine.internal.TwoPhaseLoad - Resolving associations for [edu.ncsu.csc.itrust2.models.persistent.LogEntry#152]
04:26:51.269 [main] DEBUG o.h.engine.internal.TwoPhaseLoad - Done materializing entity [edu.ncsu.csc.itrust2.models.persistent.LogEntry#152]
04:26:51.269 [main] DEBUG o.h.engine.internal.TwoPhaseLoad - Resolving associations for [edu.ncsu.csc.itrust2.models.persistent.LogEntry#153]
04:26:51.269 [main] DEBUG o.h.engine.internal.TwoPhaseLoad - Done materializing entity [edu.ncsu.csc.itrust2.models.persistent.LogEntry#153]
04:26:51.269 [main] DEBUG o.h.engine.internal.TwoPhaseLoad - Resolving associations for [edu.ncsu.csc.itrust2.models.persistent.LogEntry#154]
04:26:51.269 [main] DEBUG o.h.engine.internal.TwoPhaseLoad - Done materializing entity [edu.ncsu.csc.itrust2.models.persistent.LogEntry#154]
04:26:51.269 [main] DEBUG o.h.engine.internal.TwoPhaseLoad - Resolving associations for [edu.ncsu.csc.itrust2.models.persistent.LogEntry#155]
04:26:51.270 [main] DEBUG o.h.engine.internal.TwoPhaseLoad - Done materializing entity [edu.ncsu.csc.itrust2.models.persistent.LogEntry#155]
04:26:51.270 [main] DEBUG o.h.engine.internal.TwoPhaseLoad - Resolving associations for [edu.ncsu.csc.itrust2.models.persistent.LogEntry#156]
04:26:51.270 [main] DEBUG o.h.engine.internal.TwoPhaseLoad - Done materializing entity [edu.ncsu.csc.itrust2.models.persistent.LogEntry#156]
04:26:51.270 [main] DEBUG o.h.engine.internal.TwoPhaseLoad - Resolving associations for [edu.ncsu.csc.itrust2.models.persistent.LogEntry#157]
04:26:51.270 [main] DEBUG o.h.engine.internal.TwoPhaseLoad - Done materializing entity [edu.ncsu.csc.itrust2.models.persistent.LogEntry#157]
04:26:51.270 [main] DEBUG o.h.engine.internal.TwoPhaseLoad - Resolving associations for [edu.ncsu.csc.itrust2.models.persistent.LogEntry#158]
04:26:51.270 [main] DEBUG o.h.engine.internal.TwoPhaseLoad - Done materializing entity [edu.ncsu.csc.itrust2.models.persistent.LogEntry#158]
04:26:51.270 [main] DEBUG o.h.engine.internal.TwoPhaseLoad - Resolving associations for [edu.ncsu.csc.itrust2.models.persistent.LogEntry#159]
04:26:51.270 [main] DEBUG o.h.engine.internal.TwoPhaseLoad - Done materializing entity [edu.ncsu.csc.itrust2.models.persistent.LogEntry#159]
04:26:51.270 [main] DEBUG o.h.engine.internal.TwoPhaseLoad - Resolving associations for [edu.ncsu.csc.itrust2.models.persistent.LogEntry#160]
04:26:51.271 [main] DEBUG o.h.engine.internal.TwoPhaseLoad - Done materializing entity [edu.ncsu.csc.itrust2.models.persistent.LogEntry#160]
04:26:51.271 [main] DEBUG o.h.engine.internal.TwoPhaseLoad - Resolving associations for [edu.ncsu.csc.itrust2.models.persistent.LogEntry#161]
04:26:51.271 [main] DEBUG o.h.engine.internal.TwoPhaseLoad - Done materializing entity [edu.ncsu.csc.itrust2.models.persistent.LogEntry#161]
04:26:51.271 [main] DEBUG o.h.engine.internal.TwoPhaseLoad - Resolving associations for [edu.ncsu.csc.itrust2.models.persistent.LogEntry#162]
04:26:51.271 [main] DEBUG o.h.engine.internal.TwoPhaseLoad - Done materializing entity [edu.ncsu.csc.itrust2.models.persistent.LogEntry#162]
04:26:51.271 [main] DEBUG o.h.engine.internal.TwoPhaseLoad - Resolving associations for [edu.ncsu.csc.itrust2.models.persistent.LogEntry#163]
04:26:51.271 [main] DEBUG o.h.engine.internal.TwoPhaseLoad - Done materializing entity [edu.ncsu.csc.itrust2.models.persistent.LogEntry#163]
04:26:51.271 [main] DEBUG o.h.engine.internal.TwoPhaseLoad - Resolving associations for [edu.ncsu.csc.itrust2.models.persistent.LogEntry#164]
04:26:51.271 [main] DEBUG o.h.engine.internal.TwoPhaseLoad - Done materializing entity [edu.ncsu.csc.itrust2.models.persistent.LogEntry#164]
04:26:51.272 [main] DEBUG o.h.engine.internal.TwoPhaseLoad - Resolving associations for [edu.ncsu.csc.itrust2.models.persistent.LogEntry#165]
04:26:51.272 [main] DEBUG o.h.engine.internal.TwoPhaseLoad - Done materializing entity [edu.ncsu.csc.itrust2.models.persistent.LogEntry#165]
04:26:51.272 [main] DEBUG o.h.engine.internal.TwoPhaseLoad - Resolving associations for [edu.ncsu.csc.itrust2.models.persistent.LogEntry#166]
04:26:51.272 [main] DEBUG o.h.engine.internal.TwoPhaseLoad - Done materializing entity [edu.ncsu.csc.itrust2.models.persistent.LogEntry#166]
04:26:51.272 [main] DEBUG o.h.engine.internal.TwoPhaseLoad - Resolving associations for [edu.ncsu.csc.itrust2.models.persistent.LogEntry#167]
04:26:51.272 [main] DEBUG o.h.engine.internal.TwoPhaseLoad - Done materializing entity [edu.ncsu.csc.itrust2.models.persistent.LogEntry#167]
04:26:51.272 [main] DEBUG o.h.engine.internal.TwoPhaseLoad - Resolving associations for [edu.ncsu.csc.itrust2.models.persistent.LogEntry#168]
04:26:51.272 [main] DEBUG o.h.engine.internal.TwoPhaseLoad - Done materializing entity [edu.ncsu.csc.itrust2.models.persistent.LogEntry#168]
04:26:51.272 [main] DEBUG o.h.engine.internal.TwoPhaseLoad - Resolving associations for [edu.ncsu.csc.itrust2.models.persistent.LogEntry#169]
04:26:51.272 [main] DEBUG o.h.engine.internal.TwoPhaseLoad - Done materializing entity [edu.ncsu.csc.itrust2.models.persistent.LogEntry#169]
04:26:51.272 [main] DEBUG o.h.engine.internal.TwoPhaseLoad - Resolving associations for [edu.ncsu.csc.itrust2.models.persistent.LogEntry#170]
04:26:51.272 [main] DEBUG o.h.engine.internal.TwoPhaseLoad - Done materializing entity [edu.ncsu.csc.itrust2.models.persistent.LogEntry#170]
04:26:51.272 [main] DEBUG o.h.engine.internal.TwoPhaseLoad - Resolving associations for [edu.ncsu.csc.itrust2.models.persistent.LogEntry#171]
04:26:51.272 [main] DEBUG o.h.engine.internal.TwoPhaseLoad - Done materializing entity [edu.ncsu.csc.itrust2.models.persistent.LogEntry#171]
04:26:51.272 [main] DEBUG o.h.engine.internal.TwoPhaseLoad - Resolving associations for [edu.ncsu.csc.itrust2.models.persistent.LogEntry#172]
04:26:51.272 [main] DEBUG o.h.engine.internal.TwoPhaseLoad - Done materializing entity [edu.ncsu.csc.itrust2.models.persistent.LogEntry#172]
04:26:51.272 [main] DEBUG o.h.engine.internal.TwoPhaseLoad - Resolving associations for [edu.ncsu.csc.itrust2.models.persistent.LogEntry#173]
04:26:51.273 [main] DEBUG o.h.engine.internal.TwoPhaseLoad - Done materializing entity [edu.ncsu.csc.itrust2.models.persistent.LogEntry#173]
04:26:51.273 [main] DEBUG o.h.engine.internal.TwoPhaseLoad - Resolving associations for [edu.ncsu.csc.itrust2.models.persistent.LogEntry#174]
04:26:51.273 [main] DEBUG o.h.engine.internal.TwoPhaseLoad - Done materializing entity [edu.ncsu.csc.itrust2.models.persistent.LogEntry#174]
04:26:51.273 [main] DEBUG o.h.engine.internal.TwoPhaseLoad - Resolving associations for [edu.ncsu.csc.itrust2.models.persistent.LogEntry#175]
04:26:51.273 [main] DEBUG o.h.engine.internal.TwoPhaseLoad - Done materializing entity [edu.ncsu.csc.itrust2.models.persistent.LogEntry#175]
04:26:51.273 [main] DEBUG o.h.engine.internal.TwoPhaseLoad - Resolving associations for [edu.ncsu.csc.itrust2.models.persistent.LogEntry#176]
04:26:51.273 [main] DEBUG o.h.engine.internal.TwoPhaseLoad - Done materializing entity [edu.ncsu.csc.itrust2.models.persistent.LogEntry#176]
04:26:51.273 [main] DEBUG o.h.engine.internal.TwoPhaseLoad - Resolving associations for [edu.ncsu.csc.itrust2.models.persistent.LogEntry#177]
04:26:51.273 [main] DEBUG o.h.engine.internal.TwoPhaseLoad - Done materializing entity [edu.ncsu.csc.itrust2.models.persistent.LogEntry#177]
04:26:51.273 [main] DEBUG o.h.engine.internal.TwoPhaseLoad - Resolving associations for [edu.ncsu.csc.itrust2.models.persistent.LogEntry#178]
04:26:51.273 [main] DEBUG o.h.engine.internal.TwoPhaseLoad - Done materializing entity [edu.ncsu.csc.itrust2.models.persistent.LogEntry#178]
04:26:51.273 [main] DEBUG o.h.engine.internal.TwoPhaseLoad - Resolving associations for [edu.ncsu.csc.itrust2.models.persistent.LogEntry#179]
04:26:51.273 [main] DEBUG o.h.engine.internal.TwoPhaseLoad - Done materializing entity [edu.ncsu.csc.itrust2.models.persistent.LogEntry#179]
04:26:51.273 [main] DEBUG o.h.engine.internal.TwoPhaseLoad - Resolving associations for [edu.ncsu.csc.itrust2.models.persistent.LogEntry#180]
04:26:51.273 [main] DEBUG o.h.engine.internal.TwoPhaseLoad - Done materializing entity [edu.ncsu.csc.itrust2.models.persistent.LogEntry#180]
04:26:51.273 [main] DEBUG o.h.engine.internal.TwoPhaseLoad - Resolving associations for [edu.ncsu.csc.itrust2.models.persistent.LogEntry#181]
04:26:51.273 [main] DEBUG o.h.engine.internal.TwoPhaseLoad - Done materializing entity [edu.ncsu.csc.itrust2.models.persistent.LogEntry#181]
04:26:51.273 [main] DEBUG o.h.engine.internal.TwoPhaseLoad - Resolving associations for [edu.ncsu.csc.itrust2.models.persistent.LogEntry#182]
04:26:51.274 [main] DEBUG o.h.engine.internal.TwoPhaseLoad - Done materializing entity [edu.ncsu.csc.itrust2.models.persistent.LogEntry#182]
04:26:51.274 [main] DEBUG o.h.engine.internal.TwoPhaseLoad - Resolving associations for [edu.ncsu.csc.itrust2.models.persistent.LogEntry#183]
04:26:51.274 [main] DEBUG o.h.engine.internal.TwoPhaseLoad - Done materializing entity [edu.ncsu.csc.itrust2.models.persistent.LogEntry#183]
04:26:51.274 [main] DEBUG o.h.engine.internal.TwoPhaseLoad - Resolving associations for [edu.ncsu.csc.itrust2.models.persistent.LogEntry#184]
04:26:51.274 [main] DEBUG o.h.engine.internal.TwoPhaseLoad - Done materializing entity [edu.ncsu.csc.itrust2.models.persistent.LogEntry#184]
04:26:51.274 [main] DEBUG o.h.engine.internal.TwoPhaseLoad - Resolving associations for [edu.ncsu.csc.itrust2.models.persistent.LogEntry#185]
04:26:51.274 [main] DEBUG o.h.engine.internal.TwoPhaseLoad - Done materializing entity [edu.ncsu.csc.itrust2.models.persistent.LogEntry#185]
04:26:51.274 [main] DEBUG o.h.engine.internal.TwoPhaseLoad - Resolving associations for [edu.ncsu.csc.itrust2.models.persistent.LogEntry#186]
04:26:51.274 [main] DEBUG o.h.engine.internal.TwoPhaseLoad - Done materializing entity [edu.ncsu.csc.itrust2.models.persistent.LogEntry#186]
04:26:51.274 [main] DEBUG o.h.engine.internal.TwoPhaseLoad - Resolving associations for [edu.ncsu.csc.itrust2.models.persistent.LogEntry#187]
04:26:51.274 [main] DEBUG o.h.engine.internal.TwoPhaseLoad - Done materializing entity [edu.ncsu.csc.itrust2.models.persistent.LogEntry#187]
04:26:51.274 [main] DEBUG o.h.engine.internal.TwoPhaseLoad - Resolving associations for [edu.ncsu.csc.itrust2.models.persistent.LogEntry#188]
04:26:51.274 [main] DEBUG o.h.engine.internal.TwoPhaseLoad - Done materializing entity [edu.ncsu.csc.itrust2.models.persistent.LogEntry#188]
04:26:51.274 [main] DEBUG o.h.engine.internal.TwoPhaseLoad - Resolving associations for [edu.ncsu.csc.itrust2.models.persistent.LogEntry#189]
04:26:51.274 [main] DEBUG o.h.engine.internal.TwoPhaseLoad - Done materializing entity [edu.ncsu.csc.itrust2.models.persistent.LogEntry#189]
04:26:51.274 [main] DEBUG o.h.engine.internal.TwoPhaseLoad - Resolving associations for [edu.ncsu.csc.itrust2.models.persistent.LogEntry#190]
04:26:51.274 [main] DEBUG o.h.engine.internal.TwoPhaseLoad - Done materializing entity [edu.ncsu.csc.itrust2.models.persistent.LogEntry#190]
04:26:51.274 [main] DEBUG o.h.engine.internal.TwoPhaseLoad - Resolving associations for [edu.ncsu.csc.itrust2.models.persistent.LogEntry#191]
04:26:51.275 [main] DEBUG o.h.engine.internal.TwoPhaseLoad - Done materializing entity [edu.ncsu.csc.itrust2.models.persistent.LogEntry#191]
04:26:51.275 [main] DEBUG o.h.engine.internal.TwoPhaseLoad - Resolving associations for [edu.ncsu.csc.itrust2.models.persistent.LogEntry#192]
04:26:51.275 [main] DEBUG o.h.engine.internal.TwoPhaseLoad - Done materializing entity [edu.ncsu.csc.itrust2.models.persistent.LogEntry#192]
04:26:51.275 [main] DEBUG o.h.engine.internal.TwoPhaseLoad - Resolving associations for [edu.ncsu.csc.itrust2.models.persistent.LogEntry#193]
04:26:51.275 [main] DEBUG o.h.engine.internal.TwoPhaseLoad - Done materializing entity [edu.ncsu.csc.itrust2.models.persistent.LogEntry#193]
04:26:51.275 [main] DEBUG o.h.engine.internal.TwoPhaseLoad - Resolving associations for [edu.ncsu.csc.itrust2.models.persistent.LogEntry#194]
04:26:51.275 [main] DEBUG o.h.engine.internal.TwoPhaseLoad - Done materializing entity [edu.ncsu.csc.itrust2.models.persistent.LogEntry#194]
04:26:51.275 [main] DEBUG o.h.engine.internal.TwoPhaseLoad - Resolving associations for [edu.ncsu.csc.itrust2.models.persistent.LogEntry#195]
04:26:51.275 [main] DEBUG o.h.engine.internal.TwoPhaseLoad - Done materializing entity [edu.ncsu.csc.itrust2.models.persistent.LogEntry#195]
04:26:51.275 [main] DEBUG o.h.engine.internal.TwoPhaseLoad - Resolving associations for [edu.ncsu.csc.itrust2.models.persistent.LogEntry#196]
04:26:51.275 [main] DEBUG o.h.engine.internal.TwoPhaseLoad - Done materializing entity [edu.ncsu.csc.itrust2.models.persistent.LogEntry#196]
04:26:51.275 [main] DEBUG o.h.engine.internal.TwoPhaseLoad - Resolving associations for [edu.ncsu.csc.itrust2.models.persistent.LogEntry#197]
04:26:51.275 [main] DEBUG o.h.engine.internal.TwoPhaseLoad - Done materializing entity [edu.ncsu.csc.itrust2.models.persistent.LogEntry#197]
04:26:51.276 [main] DEBUG o.h.engine.internal.TwoPhaseLoad - Resolving associations for [edu.ncsu.csc.itrust2.models.persistent.LogEntry#198]
04:26:51.276 [main] DEBUG o.h.engine.internal.TwoPhaseLoad - Done materializing entity [edu.ncsu.csc.itrust2.models.persistent.LogEntry#198]
04:26:51.276 [main] DEBUG o.h.engine.internal.TwoPhaseLoad - Resolving associations for [edu.ncsu.csc.itrust2.models.persistent.LogEntry#199]
04:26:51.276 [main] DEBUG o.h.engine.internal.TwoPhaseLoad - Done materializing entity [edu.ncsu.csc.itrust2.models.persistent.LogEntry#199]
04:26:51.276 [main] DEBUG o.h.engine.internal.TwoPhaseLoad - Resolving associations for [edu.ncsu.csc.itrust2.models.persistent.LogEntry#200]
04:26:51.276 [main] DEBUG o.h.engine.internal.TwoPhaseLoad - Done materializing entity [edu.ncsu.csc.itrust2.models.persistent.LogEntry#200]
04:26:51.276 [main] DEBUG o.h.engine.internal.TwoPhaseLoad - Resolving associations for [edu.ncsu.csc.itrust2.models.persistent.LogEntry#201]
04:26:51.276 [main] DEBUG o.h.engine.internal.TwoPhaseLoad - Done materializing entity [edu.ncsu.csc.itrust2.models.persistent.LogEntry#201]
04:26:51.276 [main] DEBUG o.h.engine.internal.TwoPhaseLoad - Resolving associations for [edu.ncsu.csc.itrust2.models.persistent.LogEntry#202]
04:26:51.276 [main] DEBUG o.h.engine.internal.TwoPhaseLoad - Done materializing entity [edu.ncsu.csc.itrust2.models.persistent.LogEntry#202]
04:26:51.276 [main] DEBUG o.h.engine.internal.TwoPhaseLoad - Resolving associations for [edu.ncsu.csc.itrust2.models.persistent.LogEntry#203]
04:26:51.277 [main] DEBUG o.h.engine.internal.TwoPhaseLoad - Done materializing entity [edu.ncsu.csc.itrust2.models.persistent.LogEntry#203]
04:26:51.277 [main] DEBUG o.h.engine.internal.TwoPhaseLoad - Resolving associations for [edu.ncsu.csc.itrust2.models.persistent.LogEntry#204]
04:26:51.277 [main] DEBUG o.h.engine.internal.TwoPhaseLoad - Done materializing entity [edu.ncsu.csc.itrust2.models.persistent.LogEntry#204]
04:26:51.277 [main] DEBUG o.h.engine.internal.TwoPhaseLoad - Resolving associations for [edu.ncsu.csc.itrust2.models.persistent.LogEntry#205]
04:26:51.277 [main] DEBUG o.h.engine.internal.TwoPhaseLoad - Done materializing entity [edu.ncsu.csc.itrust2.models.persistent.LogEntry#205]
04:26:51.277 [main] DEBUG o.h.engine.internal.TwoPhaseLoad - Resolving associations for [edu.ncsu.csc.itrust2.models.persistent.LogEntry#206]
04:26:51.277 [main] DEBUG o.h.engine.internal.TwoPhaseLoad - Done materializing entity [edu.ncsu.csc.itrust2.models.persistent.LogEntry#206]
04:26:51.277 [main] DEBUG o.h.engine.internal.TwoPhaseLoad - Resolving associations for [edu.ncsu.csc.itrust2.models.persistent.LogEntry#207]
04:26:51.277 [main] DEBUG o.h.engine.internal.TwoPhaseLoad - Done materializing entity [edu.ncsu.csc.itrust2.models.persistent.LogEntry#207]
04:26:51.277 [main] DEBUG o.h.engine.internal.TwoPhaseLoad - Resolving associations for [edu.ncsu.csc.itrust2.models.persistent.LogEntry#208]
04:26:51.278 [main] DEBUG o.h.engine.internal.TwoPhaseLoad - Done materializing entity [edu.ncsu.csc.itrust2.models.persistent.LogEntry#208]
04:26:51.278 [main] DEBUG o.h.engine.internal.TwoPhaseLoad - Resolving associations for [edu.ncsu.csc.itrust2.models.persistent.LogEntry#209]
04:26:51.278 [main] DEBUG o.h.engine.internal.TwoPhaseLoad - Done materializing entity [edu.ncsu.csc.itrust2.models.persistent.LogEntry#209]
04:26:51.278 [main] DEBUG o.h.engine.internal.TwoPhaseLoad - Resolving associations for [edu.ncsu.csc.itrust2.models.persistent.LogEntry#210]
04:26:51.278 [main] DEBUG o.h.engine.internal.TwoPhaseLoad - Done materializing entity [edu.ncsu.csc.itrust2.models.persistent.LogEntry#210]
04:26:51.278 [main] DEBUG o.h.engine.internal.TwoPhaseLoad - Resolving associations for [edu.ncsu.csc.itrust2.models.persistent.LogEntry#211]
04:26:51.278 [main] DEBUG o.h.engine.internal.TwoPhaseLoad - Done materializing entity [edu.ncsu.csc.itrust2.models.persistent.LogEntry#211]
04:26:51.278 [main] DEBUG o.h.engine.internal.TwoPhaseLoad - Resolving associations for [edu.ncsu.csc.itrust2.models.persistent.LogEntry#212]
04:26:51.278 [main] DEBUG o.h.engine.internal.TwoPhaseLoad - Done materializing entity [edu.ncsu.csc.itrust2.models.persistent.LogEntry#212]
04:26:51.278 [main] DEBUG o.h.engine.internal.TwoPhaseLoad - Resolving associations for [edu.ncsu.csc.itrust2.models.persistent.LogEntry#213]
04:26:51.279 [main] DEBUG o.h.engine.internal.TwoPhaseLoad - Done materializing entity [edu.ncsu.csc.itrust2.models.persistent.LogEntry#213]
04:26:51.279 [main] DEBUG o.h.engine.internal.TwoPhaseLoad - Resolving associations for [edu.ncsu.csc.itrust2.models.persistent.LogEntry#214]
04:26:51.279 [main] DEBUG o.h.engine.internal.TwoPhaseLoad - Done materializing entity [edu.ncsu.csc.itrust2.models.persistent.LogEntry#214]
04:26:51.279 [main] DEBUG o.h.engine.internal.TwoPhaseLoad - Resolving associations for [edu.ncsu.csc.itrust2.models.persistent.LogEntry#215]
04:26:51.279 [main] DEBUG o.h.engine.internal.TwoPhaseLoad - Done materializing entity [edu.ncsu.csc.itrust2.models.persistent.LogEntry#215]
04:26:51.279 [main] DEBUG o.h.engine.internal.TwoPhaseLoad - Resolving associations for [edu.ncsu.csc.itrust2.models.persistent.LogEntry#216]
04:26:51.279 [main] DEBUG o.h.engine.internal.TwoPhaseLoad - Done materializing entity [edu.ncsu.csc.itrust2.models.persistent.LogEntry#216]
04:26:51.280 [main] DEBUG o.h.engine.internal.TwoPhaseLoad - Resolving associations for [edu.ncsu.csc.itrust2.models.persistent.LogEntry#217]
04:26:51.280 [main] DEBUG o.h.engine.internal.TwoPhaseLoad - Done materializing entity [edu.ncsu.csc.itrust2.models.persistent.LogEntry#217]
04:26:51.280 [main] DEBUG o.h.engine.internal.TwoPhaseLoad - Resolving associations for [edu.ncsu.csc.itrust2.models.persistent.LogEntry#218]
04:26:51.280 [main] DEBUG o.h.engine.internal.TwoPhaseLoad - Done materializing entity [edu.ncsu.csc.itrust2.models.persistent.LogEntry#218]
04:26:51.280 [main] DEBUG o.h.engine.internal.TwoPhaseLoad - Resolving associations for [edu.ncsu.csc.itrust2.models.persistent.LogEntry#219]
04:26:51.280 [main] DEBUG o.h.engine.internal.TwoPhaseLoad - Done materializing entity [edu.ncsu.csc.itrust2.models.persistent.LogEntry#219]
04:26:51.280 [main] DEBUG o.h.engine.internal.TwoPhaseLoad - Resolving associations for [edu.ncsu.csc.itrust2.models.persistent.LogEntry#220]
04:26:51.280 [main] DEBUG o.h.engine.internal.TwoPhaseLoad - Done materializing entity [edu.ncsu.csc.itrust2.models.persistent.LogEntry#220]
04:26:51.280 [main] DEBUG o.h.engine.internal.TwoPhaseLoad - Resolving associations for [edu.ncsu.csc.itrust2.models.persistent.LogEntry#221]
04:26:51.280 [main] DEBUG o.h.engine.internal.TwoPhaseLoad - Done materializing entity [edu.ncsu.csc.itrust2.models.persistent.LogEntry#221]
04:26:51.280 [main] DEBUG o.h.engine.internal.TwoPhaseLoad - Resolving associations for [edu.ncsu.csc.itrust2.models.persistent.LogEntry#222]
04:26:51.281 [main] DEBUG o.h.engine.internal.TwoPhaseLoad - Done materializing entity [edu.ncsu.csc.itrust2.models.persistent.LogEntry#222]
04:26:51.281 [main] DEBUG o.h.engine.internal.TwoPhaseLoad - Resolving associations for [edu.ncsu.csc.itrust2.models.persistent.LogEntry#223]
04:26:51.281 [main] DEBUG o.h.engine.internal.TwoPhaseLoad - Done materializing entity [edu.ncsu.csc.itrust2.models.persistent.LogEntry#223]
04:26:51.281 [main] DEBUG o.h.engine.internal.TwoPhaseLoad - Resolving associations for [edu.ncsu.csc.itrust2.models.persistent.LogEntry#224]
04:26:51.281 [main] DEBUG o.h.engine.internal.TwoPhaseLoad - Done materializing entity [edu.ncsu.csc.itrust2.models.persistent.LogEntry#224]
04:26:51.281 [main] DEBUG o.h.engine.internal.TwoPhaseLoad - Resolving associations for [edu.ncsu.csc.itrust2.models.persistent.LogEntry#225]
04:26:51.281 [main] DEBUG o.h.engine.internal.TwoPhaseLoad - Done materializing entity [edu.ncsu.csc.itrust2.models.persistent.LogEntry#225]
04:26:51.281 [main] DEBUG o.h.engine.internal.TwoPhaseLoad - Resolving associations for [edu.ncsu.csc.itrust2.models.persistent.LogEntry#226]
04:26:51.281 [main] DEBUG o.h.engine.internal.TwoPhaseLoad - Done materializing entity [edu.ncsu.csc.itrust2.models.persistent.LogEntry#226]
04:26:51.281 [main] DEBUG o.h.engine.internal.TwoPhaseLoad - Resolving associations for [edu.ncsu.csc.itrust2.models.persistent.LogEntry#227]
04:26:51.282 [main] DEBUG o.h.engine.internal.TwoPhaseLoad - Done materializing entity [edu.ncsu.csc.itrust2.models.persistent.LogEntry#227]
04:26:51.282 [main] DEBUG o.h.engine.internal.TwoPhaseLoad - Resolving associations for [edu.ncsu.csc.itrust2.models.persistent.LogEntry#228]
04:26:51.282 [main] DEBUG o.h.engine.internal.TwoPhaseLoad - Done materializing entity [edu.ncsu.csc.itrust2.models.persistent.LogEntry#228]
04:26:51.282 [main] DEBUG o.h.engine.internal.TwoPhaseLoad - Resolving associations for [edu.ncsu.csc.itrust2.models.persistent.LogEntry#229]
04:26:51.282 [main] DEBUG o.h.engine.internal.TwoPhaseLoad - Done materializing entity [edu.ncsu.csc.itrust2.models.persistent.LogEntry#229]
04:26:51.282 [main] DEBUG o.h.engine.internal.TwoPhaseLoad - Resolving associations for [edu.ncsu.csc.itrust2.models.persistent.LogEntry#230]
04:26:51.282 [main] DEBUG o.h.engine.internal.TwoPhaseLoad - Done materializing entity [edu.ncsu.csc.itrust2.models.persistent.LogEntry#230]
04:26:51.282 [main] DEBUG o.h.engine.internal.TwoPhaseLoad - Resolving associations for [edu.ncsu.csc.itrust2.models.persistent.LogEntry#231]
04:26:51.282 [main] DEBUG o.h.engine.internal.TwoPhaseLoad - Done materializing entity [edu.ncsu.csc.itrust2.models.persistent.LogEntry#231]
04:26:51.282 [main] DEBUG o.h.engine.internal.TwoPhaseLoad - Resolving associations for [edu.ncsu.csc.itrust2.models.persistent.LogEntry#232]
04:26:51.282 [main] DEBUG o.h.engine.internal.TwoPhaseLoad - Done materializing entity [edu.ncsu.csc.itrust2.models.persistent.LogEntry#232]
04:26:51.282 [main] DEBUG o.h.engine.internal.TwoPhaseLoad - Resolving associations for [edu.ncsu.csc.itrust2.models.persistent.LogEntry#233]
04:26:51.283 [main] DEBUG o.h.engine.internal.TwoPhaseLoad - Done materializing entity [edu.ncsu.csc.itrust2.models.persistent.LogEntry#233]
04:26:51.283 [main] DEBUG o.h.engine.internal.TwoPhaseLoad - Resolving associations for [edu.ncsu.csc.itrust2.models.persistent.LogEntry#234]
04:26:51.283 [main] DEBUG o.h.engine.internal.TwoPhaseLoad - Done materializing entity [edu.ncsu.csc.itrust2.models.persistent.LogEntry#234]
04:26:51.283 [main] DEBUG o.h.engine.internal.TwoPhaseLoad - Resolving associations for [edu.ncsu.csc.itrust2.models.persistent.LogEntry#235]
04:26:51.283 [main] DEBUG o.h.engine.internal.TwoPhaseLoad - Done materializing entity [edu.ncsu.csc.itrust2.models.persistent.LogEntry#235]
04:26:51.283 [main] DEBUG o.h.engine.internal.TwoPhaseLoad - Resolving associations for [edu.ncsu.csc.itrust2.models.persistent.LogEntry#236]
04:26:51.284 [main] DEBUG o.h.engine.internal.TwoPhaseLoad - Done materializing entity [edu.ncsu.csc.itrust2.models.persistent.LogEntry#236]
04:26:51.284 [main] DEBUG o.h.engine.internal.TwoPhaseLoad - Resolving associations for [edu.ncsu.csc.itrust2.models.persistent.LogEntry#237]
04:26:51.284 [main] DEBUG o.h.engine.internal.TwoPhaseLoad - Done materializing entity [edu.ncsu.csc.itrust2.models.persistent.LogEntry#237]
04:26:51.284 [main] DEBUG o.h.engine.internal.TwoPhaseLoad - Resolving associations for [edu.ncsu.csc.itrust2.models.persistent.LogEntry#238]
04:26:51.285 [main] DEBUG o.h.engine.internal.TwoPhaseLoad - Done materializing entity [edu.ncsu.csc.itrust2.models.persistent.LogEntry#238]
04:26:51.286 [main] DEBUG o.h.engine.internal.TwoPhaseLoad - Resolving associations for [edu.ncsu.csc.itrust2.models.persistent.LogEntry#239]
04:26:51.286 [main] DEBUG o.h.engine.internal.TwoPhaseLoad - Done materializing entity [edu.ncsu.csc.itrust2.models.persistent.LogEntry#239]
04:26:51.292 [main] DEBUG o.h.engine.internal.TwoPhaseLoad - Resolving associations for [edu.ncsu.csc.itrust2.models.persistent.LogEntry#240]
04:26:51.292 [main] DEBUG o.h.engine.internal.TwoPhaseLoad - Done materializing entity [edu.ncsu.csc.itrust2.models.persistent.LogEntry#240]
04:26:51.292 [main] DEBUG o.h.engine.internal.TwoPhaseLoad - Resolving associations for [edu.ncsu.csc.itrust2.models.persistent.LogEntry#241]
04:26:51.292 [main] DEBUG o.h.engine.internal.TwoPhaseLoad - Done materializing entity [edu.ncsu.csc.itrust2.models.persistent.LogEntry#241]
04:26:51.293 [main] DEBUG o.h.engine.internal.TwoPhaseLoad - Resolving associations for [edu.ncsu.csc.itrust2.models.persistent.LogEntry#242]
04:26:51.293 [main] DEBUG o.h.engine.internal.TwoPhaseLoad - Done materializing entity [edu.ncsu.csc.itrust2.models.persistent.LogEntry#242]
04:26:51.294 [main] DEBUG o.h.engine.internal.TwoPhaseLoad - Resolving associations for [edu.ncsu.csc.itrust2.models.persistent.LogEntry#243]
04:26:51.294 [main] DEBUG o.h.engine.internal.TwoPhaseLoad - Done materializing entity [edu.ncsu.csc.itrust2.models.persistent.LogEntry#243]
04:26:51.294 [main] DEBUG o.h.engine.internal.TwoPhaseLoad - Resolving associations for [edu.ncsu.csc.itrust2.models.persistent.LogEntry#244]
04:26:51.294 [main] DEBUG o.h.engine.internal.TwoPhaseLoad - Done materializing entity [edu.ncsu.csc.itrust2.models.persistent.LogEntry#244]
04:26:51.294 [main] DEBUG o.h.engine.internal.TwoPhaseLoad - Resolving associations for [edu.ncsu.csc.itrust2.models.persistent.LogEntry#245]
04:26:51.294 [main] DEBUG o.h.engine.internal.TwoPhaseLoad - Done materializing entity [edu.ncsu.csc.itrust2.models.persistent.LogEntry#245]
04:26:51.294 [main] DEBUG o.h.engine.internal.TwoPhaseLoad - Resolving associations for [edu.ncsu.csc.itrust2.models.persistent.LogEntry#246]
04:26:51.294 [main] DEBUG o.h.engine.internal.TwoPhaseLoad - Done materializing entity [edu.ncsu.csc.itrust2.models.persistent.LogEntry#246]
04:26:51.294 [main] DEBUG o.h.engine.internal.TwoPhaseLoad - Resolving associations for [edu.ncsu.csc.itrust2.models.persistent.LogEntry#247]
04:26:51.294 [main] DEBUG o.h.engine.internal.TwoPhaseLoad - Done materializing entity [edu.ncsu.csc.itrust2.models.persistent.LogEntry#247]
04:26:51.294 [main] DEBUG o.h.engine.internal.TwoPhaseLoad - Resolving associations for [edu.ncsu.csc.itrust2.models.persistent.LogEntry#248]
04:26:51.294 [main] DEBUG o.h.engine.internal.TwoPhaseLoad - Done materializing entity [edu.ncsu.csc.itrust2.models.persistent.LogEntry#248]
04:26:51.294 [main] DEBUG o.h.engine.internal.TwoPhaseLoad - Resolving associations for [edu.ncsu.csc.itrust2.models.persistent.LogEntry#249]
04:26:51.294 [main] DEBUG o.h.engine.internal.TwoPhaseLoad - Done materializing entity [edu.ncsu.csc.itrust2.models.persistent.LogEntry#249]
04:26:51.294 [main] DEBUG o.h.engine.internal.TwoPhaseLoad - Resolving associations for [edu.ncsu.csc.itrust2.models.persistent.LogEntry#250]
04:26:51.295 [main] DEBUG o.h.engine.internal.TwoPhaseLoad - Done materializing entity [edu.ncsu.csc.itrust2.models.persistent.LogEntry#250]
04:26:51.295 [main] DEBUG o.h.engine.internal.TwoPhaseLoad - Resolving associations for [edu.ncsu.csc.itrust2.models.persistent.LogEntry#251]
04:26:51.295 [main] DEBUG o.h.engine.internal.TwoPhaseLoad - Done materializing entity [edu.ncsu.csc.itrust2.models.persistent.LogEntry#251]
04:26:51.295 [main] DEBUG o.h.engine.internal.TwoPhaseLoad - Resolving associations for [edu.ncsu.csc.itrust2.models.persistent.LogEntry#252]
04:26:51.295 [main] DEBUG o.h.engine.internal.TwoPhaseLoad - Done materializing entity [edu.ncsu.csc.itrust2.models.persistent.LogEntry#252]
04:26:51.295 [main] DEBUG o.h.engine.internal.TwoPhaseLoad - Resolving associations for [edu.ncsu.csc.itrust2.models.persistent.LogEntry#253]
04:26:51.295 [main] DEBUG o.h.engine.internal.TwoPhaseLoad - Done materializing entity [edu.ncsu.csc.itrust2.models.persistent.LogEntry#253]
04:26:51.295 [main] DEBUG o.h.engine.internal.TwoPhaseLoad - Resolving associations for [edu.ncsu.csc.itrust2.models.persistent.LogEntry#254]
04:26:51.295 [main] DEBUG o.h.engine.internal.TwoPhaseLoad - Done materializing entity [edu.ncsu.csc.itrust2.models.persistent.LogEntry#254]
04:26:51.295 [main] DEBUG o.h.engine.internal.TwoPhaseLoad - Resolving associations for [edu.ncsu.csc.itrust2.models.persistent.LogEntry#255]
04:26:51.295 [main] DEBUG o.h.engine.internal.TwoPhaseLoad - Done materializing entity [edu.ncsu.csc.itrust2.models.persistent.LogEntry#255]
04:26:51.295 [main] DEBUG o.h.engine.internal.TwoPhaseLoad - Resolving associations for [edu.ncsu.csc.itrust2.models.persistent.LogEntry#256]
04:26:51.295 [main] DEBUG o.h.engine.internal.TwoPhaseLoad - Done materializing entity [edu.ncsu.csc.itrust2.models.persistent.LogEntry#256]
04:26:51.295 [main] DEBUG o.h.engine.internal.TwoPhaseLoad - Resolving associations for [edu.ncsu.csc.itrust2.models.persistent.LogEntry#257]
04:26:51.295 [main] DEBUG o.h.engine.internal.TwoPhaseLoad - Done materializing entity [edu.ncsu.csc.itrust2.models.persistent.LogEntry#257]
04:26:51.295 [main] DEBUG o.h.engine.internal.TwoPhaseLoad - Resolving associations for [edu.ncsu.csc.itrust2.models.persistent.LogEntry#258]
04:26:51.295 [main] DEBUG o.h.engine.internal.TwoPhaseLoad - Done materializing entity [edu.ncsu.csc.itrust2.models.persistent.LogEntry#258]
04:26:51.295 [main] DEBUG o.h.engine.internal.TwoPhaseLoad - Resolving associations for [edu.ncsu.csc.itrust2.models.persistent.LogEntry#259]
04:26:51.295 [main] DEBUG o.h.engine.internal.TwoPhaseLoad - Done materializing entity [edu.ncsu.csc.itrust2.models.persistent.LogEntry#259]
04:26:51.296 [main] DEBUG o.h.engine.internal.TwoPhaseLoad - Resolving associations for [edu.ncsu.csc.itrust2.models.persistent.LogEntry#260]
04:26:51.296 [main] DEBUG o.h.engine.internal.TwoPhaseLoad - Done materializing entity [edu.ncsu.csc.itrust2.models.persistent.LogEntry#260]
04:26:51.296 [main] DEBUG o.h.engine.internal.TwoPhaseLoad - Resolving associations for [edu.ncsu.csc.itrust2.models.persistent.LogEntry#261]
04:26:51.296 [main] DEBUG o.h.engine.internal.TwoPhaseLoad - Done materializing entity [edu.ncsu.csc.itrust2.models.persistent.LogEntry#261]
04:26:51.296 [main] DEBUG o.h.engine.internal.TwoPhaseLoad - Resolving associations for [edu.ncsu.csc.itrust2.models.persistent.LogEntry#262]
04:26:51.296 [main] DEBUG o.h.engine.internal.TwoPhaseLoad - Done materializing entity [edu.ncsu.csc.itrust2.models.persistent.LogEntry#262]
04:26:51.296 [main] DEBUG o.h.engine.internal.TwoPhaseLoad - Resolving associations for [edu.ncsu.csc.itrust2.models.persistent.LogEntry#263]
04:26:51.296 [main] DEBUG o.h.engine.internal.TwoPhaseLoad - Done materializing entity [edu.ncsu.csc.itrust2.models.persistent.LogEntry#263]
04:26:51.296 [main] DEBUG o.h.engine.internal.TwoPhaseLoad - Resolving associations for [edu.ncsu.csc.itrust2.models.persistent.LogEntry#264]
04:26:51.296 [main] DEBUG o.h.engine.internal.TwoPhaseLoad - Done materializing entity [edu.ncsu.csc.itrust2.models.persistent.LogEntry#264]
04:26:51.296 [main] DEBUG o.h.engine.internal.TwoPhaseLoad - Resolving associations for [edu.ncsu.csc.itrust2.models.persistent.LogEntry#265]
04:26:51.296 [main] DEBUG o.h.engine.internal.TwoPhaseLoad - Done materializing entity [edu.ncsu.csc.itrust2.models.persistent.LogEntry#265]
04:26:51.296 [main] DEBUG o.h.engine.internal.TwoPhaseLoad - Resolving associations for [edu.ncsu.csc.itrust2.models.persistent.LogEntry#266]
04:26:51.296 [main] DEBUG o.h.engine.internal.TwoPhaseLoad - Done materializing entity [edu.ncsu.csc.itrust2.models.persistent.LogEntry#266]
04:26:51.296 [main] DEBUG o.h.engine.internal.TwoPhaseLoad - Resolving associations for [edu.ncsu.csc.itrust2.models.persistent.LogEntry#267]
04:26:51.296 [main] DEBUG o.h.engine.internal.TwoPhaseLoad - Done materializing entity [edu.ncsu.csc.itrust2.models.persistent.LogEntry#267]
04:26:51.296 [main] DEBUG o.h.engine.internal.TwoPhaseLoad - Resolving associations for [edu.ncsu.csc.itrust2.models.persistent.LogEntry#268]
04:26:51.296 [main] DEBUG o.h.engine.internal.TwoPhaseLoad - Done materializing entity [edu.ncsu.csc.itrust2.models.persistent.LogEntry#268]
04:26:51.296 [main] DEBUG o.h.engine.internal.TwoPhaseLoad - Resolving associations for [edu.ncsu.csc.itrust2.models.persistent.LogEntry#269]
04:26:51.296 [main] DEBUG o.h.engine.internal.TwoPhaseLoad - Done materializing entity [edu.ncsu.csc.itrust2.models.persistent.LogEntry#269]
04:26:51.297 [main] DEBUG o.h.engine.internal.TwoPhaseLoad - Resolving associations for [edu.ncsu.csc.itrust2.models.persistent.LogEntry#270]
04:26:51.297 [main] DEBUG o.h.engine.internal.TwoPhaseLoad - Done materializing entity [edu.ncsu.csc.itrust2.models.persistent.LogEntry#270]
04:26:51.297 [main] DEBUG o.h.engine.internal.TwoPhaseLoad - Resolving associations for [edu.ncsu.csc.itrust2.models.persistent.LogEntry#271]
04:26:51.297 [main] DEBUG o.h.engine.internal.TwoPhaseLoad - Done materializing entity [edu.ncsu.csc.itrust2.models.persistent.LogEntry#271]
04:26:51.297 [main] DEBUG o.h.engine.internal.TwoPhaseLoad - Resolving associations for [edu.ncsu.csc.itrust2.models.persistent.LogEntry#272]
04:26:51.297 [main] DEBUG o.h.engine.internal.TwoPhaseLoad - Done materializing entity [edu.ncsu.csc.itrust2.models.persistent.LogEntry#272]
04:26:51.297 [main] DEBUG o.h.engine.internal.TwoPhaseLoad - Resolving associations for [edu.ncsu.csc.itrust2.models.persistent.LogEntry#273]
04:26:51.297 [main] DEBUG o.h.engine.internal.TwoPhaseLoad - Done materializing entity [edu.ncsu.csc.itrust2.models.persistent.LogEntry#273]
04:26:51.297 [main] DEBUG o.h.engine.internal.TwoPhaseLoad - Resolving associations for [edu.ncsu.csc.itrust2.models.persistent.LogEntry#274]
04:26:51.297 [main] DEBUG o.h.engine.internal.TwoPhaseLoad - Done materializing entity [edu.ncsu.csc.itrust2.models.persistent.LogEntry#274]
04:26:51.297 [main] DEBUG o.h.engine.internal.TwoPhaseLoad - Resolving associations for [edu.ncsu.csc.itrust2.models.persistent.LogEntry#275]
04:26:51.297 [main] DEBUG o.h.engine.internal.TwoPhaseLoad - Done materializing entity [edu.ncsu.csc.itrust2.models.persistent.LogEntry#275]
04:26:51.297 [main] DEBUG o.h.engine.internal.TwoPhaseLoad - Resolving associations for [edu.ncsu.csc.itrust2.models.persistent.LogEntry#276]
04:26:51.297 [main] DEBUG o.h.engine.internal.TwoPhaseLoad - Done materializing entity [edu.ncsu.csc.itrust2.models.persistent.LogEntry#276]
04:26:51.297 [main] DEBUG o.h.engine.internal.TwoPhaseLoad - Resolving associations for [edu.ncsu.csc.itrust2.models.persistent.LogEntry#277]
04:26:51.297 [main] DEBUG o.h.engine.internal.TwoPhaseLoad - Done materializing entity [edu.ncsu.csc.itrust2.models.persistent.LogEntry#277]
04:26:51.297 [main] DEBUG o.h.engine.internal.TwoPhaseLoad - Resolving associations for [edu.ncsu.csc.itrust2.models.persistent.LogEntry#278]
04:26:51.297 [main] DEBUG o.h.engine.internal.TwoPhaseLoad - Done materializing entity [edu.ncsu.csc.itrust2.models.persistent.LogEntry#278]
04:26:51.298 [main] DEBUG o.h.engine.internal.TwoPhaseLoad - Resolving associations for [edu.ncsu.csc.itrust2.models.persistent.LogEntry#279]
04:26:51.298 [main] DEBUG o.h.engine.internal.TwoPhaseLoad - Done materializing entity [edu.ncsu.csc.itrust2.models.persistent.LogEntry#279]
04:26:51.298 [main] DEBUG o.h.engine.internal.TwoPhaseLoad - Resolving associations for [edu.ncsu.csc.itrust2.models.persistent.LogEntry#280]
04:26:51.298 [main] DEBUG o.h.engine.internal.TwoPhaseLoad - Done materializing entity [edu.ncsu.csc.itrust2.models.persistent.LogEntry#280]
04:26:51.298 [main] DEBUG o.h.engine.internal.TwoPhaseLoad - Resolving associations for [edu.ncsu.csc.itrust2.models.persistent.LogEntry#281]
04:26:51.298 [main] DEBUG o.h.engine.internal.TwoPhaseLoad - Done materializing entity [edu.ncsu.csc.itrust2.models.persistent.LogEntry#281]
04:26:51.298 [main] DEBUG o.h.engine.internal.TwoPhaseLoad - Resolving associations for [edu.ncsu.csc.itrust2.models.persistent.LogEntry#282]
04:26:51.298 [main] DEBUG o.h.engine.internal.TwoPhaseLoad - Done materializing entity [edu.ncsu.csc.itrust2.models.persistent.LogEntry#282]
04:26:51.298 [main] DEBUG o.h.engine.internal.TwoPhaseLoad - Resolving associations for [edu.ncsu.csc.itrust2.models.persistent.LogEntry#283]
04:26:51.298 [main] DEBUG o.h.engine.internal.TwoPhaseLoad - Done materializing entity [edu.ncsu.csc.itrust2.models.persistent.LogEntry#283]
04:26:51.298 [main] DEBUG o.h.engine.internal.TwoPhaseLoad - Resolving associations for [edu.ncsu.csc.itrust2.models.persistent.LogEntry#284]
04:26:51.298 [main] DEBUG o.h.engine.internal.TwoPhaseLoad - Done materializing entity [edu.ncsu.csc.itrust2.models.persistent.LogEntry#284]
04:26:51.298 [main] DEBUG o.h.engine.internal.TwoPhaseLoad - Resolving associations for [edu.ncsu.csc.itrust2.models.persistent.LogEntry#285]
04:26:51.298 [main] DEBUG o.h.engine.internal.TwoPhaseLoad - Done materializing entity [edu.ncsu.csc.itrust2.models.persistent.LogEntry#285]
04:26:51.298 [main] DEBUG o.h.engine.internal.TwoPhaseLoad - Resolving associations for [edu.ncsu.csc.itrust2.models.persistent.LogEntry#286]
04:26:51.298 [main] DEBUG o.h.engine.internal.TwoPhaseLoad - Done materializing entity [edu.ncsu.csc.itrust2.models.persistent.LogEntry#286]
04:26:51.298 [main] DEBUG o.h.engine.internal.TwoPhaseLoad - Resolving associations for [edu.ncsu.csc.itrust2.models.persistent.LogEntry#287]
04:26:51.298 [main] DEBUG o.h.engine.internal.TwoPhaseLoad - Done materializing entity [edu.ncsu.csc.itrust2.models.persistent.LogEntry#287]
04:26:51.298 [main] DEBUG o.h.engine.internal.TwoPhaseLoad - Resolving associations for [edu.ncsu.csc.itrust2.models.persistent.LogEntry#288]
04:26:51.298 [main] DEBUG o.h.engine.internal.TwoPhaseLoad - Done materializing entity [edu.ncsu.csc.itrust2.models.persistent.LogEntry#288]
04:26:51.299 [main] DEBUG o.h.engine.internal.TwoPhaseLoad - Resolving associations for [edu.ncsu.csc.itrust2.models.persistent.LogEntry#289]
04:26:51.299 [main] DEBUG o.h.engine.internal.TwoPhaseLoad - Done materializing entity [edu.ncsu.csc.itrust2.models.persistent.LogEntry#289]
04:26:51.299 [main] DEBUG o.h.engine.internal.TwoPhaseLoad - Resolving associations for [edu.ncsu.csc.itrust2.models.persistent.LogEntry#290]
04:26:51.299 [main] DEBUG o.h.engine.internal.TwoPhaseLoad - Done materializing entity [edu.ncsu.csc.itrust2.models.persistent.LogEntry#290]
04:26:51.299 [main] DEBUG o.h.engine.internal.TwoPhaseLoad - Resolving associations for [edu.ncsu.csc.itrust2.models.persistent.LogEntry#291]
04:26:51.299 [main] DEBUG o.h.engine.internal.TwoPhaseLoad - Done materializing entity [edu.ncsu.csc.itrust2.models.persistent.LogEntry#291]
04:26:51.299 [main] DEBUG o.h.engine.internal.TwoPhaseLoad - Resolving associations for [edu.ncsu.csc.itrust2.models.persistent.LogEntry#292]
04:26:51.299 [main] DEBUG o.h.engine.internal.TwoPhaseLoad - Done materializing entity [edu.ncsu.csc.itrust2.models.persistent.LogEntry#292]
04:26:51.299 [main] DEBUG o.h.engine.internal.TwoPhaseLoad - Resolving associations for [edu.ncsu.csc.itrust2.models.persistent.LogEntry#293]
04:26:51.299 [main] DEBUG o.h.engine.internal.TwoPhaseLoad - Done materializing entity [edu.ncsu.csc.itrust2.models.persistent.LogEntry#293]
04:26:51.299 [main] DEBUG o.h.engine.internal.TwoPhaseLoad - Resolving associations for [edu.ncsu.csc.itrust2.models.persistent.LogEntry#294]
04:26:51.299 [main] DEBUG o.h.engine.internal.TwoPhaseLoad - Done materializing entity [edu.ncsu.csc.itrust2.models.persistent.LogEntry#294]
04:26:51.299 [main] DEBUG o.h.engine.internal.TwoPhaseLoad - Resolving associations for [edu.ncsu.csc.itrust2.models.persistent.LogEntry#295]
04:26:51.299 [main] DEBUG o.h.engine.internal.TwoPhaseLoad - Done materializing entity [edu.ncsu.csc.itrust2.models.persistent.LogEntry#295]
04:26:51.299 [main] DEBUG o.h.engine.internal.TwoPhaseLoad - Resolving associations for [edu.ncsu.csc.itrust2.models.persistent.LogEntry#296]
04:26:51.299 [main] DEBUG o.h.engine.internal.TwoPhaseLoad - Done materializing entity [edu.ncsu.csc.itrust2.models.persistent.LogEntry#296]
04:26:51.299 [main] DEBUG o.h.engine.internal.TwoPhaseLoad - Resolving associations for [edu.ncsu.csc.itrust2.models.persistent.LogEntry#297]
04:26:51.299 [main] DEBUG o.h.engine.internal.TwoPhaseLoad - Done materializing entity [edu.ncsu.csc.itrust2.models.persistent.LogEntry#297]
04:26:51.299 [main] DEBUG o.h.engine.internal.TwoPhaseLoad - Resolving associations for [edu.ncsu.csc.itrust2.models.persistent.LogEntry#298]
04:26:51.299 [main] DEBUG o.h.engine.internal.TwoPhaseLoad - Done materializing entity [edu.ncsu.csc.itrust2.models.persistent.LogEntry#298]
04:26:51.300 [main] DEBUG o.h.engine.internal.TwoPhaseLoad - Resolving associations for [edu.ncsu.csc.itrust2.models.persistent.LogEntry#299]
04:26:51.300 [main] DEBUG o.h.engine.internal.TwoPhaseLoad - Done materializing entity [edu.ncsu.csc.itrust2.models.persistent.LogEntry#299]
04:26:51.300 [main] DEBUG o.h.engine.internal.TwoPhaseLoad - Resolving associations for [edu.ncsu.csc.itrust2.models.persistent.LogEntry#300]
04:26:51.300 [main] DEBUG o.h.engine.internal.TwoPhaseLoad - Done materializing entity [edu.ncsu.csc.itrust2.models.persistent.LogEntry#300]
04:26:51.300 [main] DEBUG o.h.engine.internal.TwoPhaseLoad - Resolving associations for [edu.ncsu.csc.itrust2.models.persistent.LogEntry#301]
04:26:51.300 [main] DEBUG o.h.engine.internal.TwoPhaseLoad - Done materializing entity [edu.ncsu.csc.itrust2.models.persistent.LogEntry#301]
04:26:51.300 [main] DEBUG o.h.engine.internal.TwoPhaseLoad - Resolving associations for [edu.ncsu.csc.itrust2.models.persistent.LogEntry#302]
04:26:51.300 [main] DEBUG o.h.engine.internal.TwoPhaseLoad - Done materializing entity [edu.ncsu.csc.itrust2.models.persistent.LogEntry#302]
04:26:51.300 [main] DEBUG o.h.engine.internal.TwoPhaseLoad - Resolving associations for [edu.ncsu.csc.itrust2.models.persistent.LogEntry#303]
04:26:51.300 [main] DEBUG o.h.engine.internal.TwoPhaseLoad - Done materializing entity [edu.ncsu.csc.itrust2.models.persistent.LogEntry#303]
04:26:51.300 [main] DEBUG o.h.engine.internal.TwoPhaseLoad - Resolving associations for [edu.ncsu.csc.itrust2.models.persistent.LogEntry#304]
04:26:51.300 [main] DEBUG o.h.engine.internal.TwoPhaseLoad - Done materializing entity [edu.ncsu.csc.itrust2.models.persistent.LogEntry#304]
04:26:51.300 [main] DEBUG o.h.engine.internal.TwoPhaseLoad - Resolving associations for [edu.ncsu.csc.itrust2.models.persistent.LogEntry#305]
04:26:51.300 [main] DEBUG o.h.engine.internal.TwoPhaseLoad - Done materializing entity [edu.ncsu.csc.itrust2.models.persistent.LogEntry#305]
04:26:51.300 [main] DEBUG o.h.engine.internal.TwoPhaseLoad - Resolving associations for [edu.ncsu.csc.itrust2.models.persistent.LogEntry#306]
04:26:51.300 [main] DEBUG o.h.engine.internal.TwoPhaseLoad - Done materializing entity [edu.ncsu.csc.itrust2.models.persistent.LogEntry#306]
04:26:51.300 [main] DEBUG o.h.engine.internal.TwoPhaseLoad - Resolving associations for [edu.ncsu.csc.itrust2.models.persistent.LogEntry#307]
04:26:51.300 [main] DEBUG o.h.engine.internal.TwoPhaseLoad - Done materializing entity [edu.ncsu.csc.itrust2.models.persistent.LogEntry#307]
04:26:51.300 [main] DEBUG o.h.engine.internal.TwoPhaseLoad - Resolving associations for [edu.ncsu.csc.itrust2.models.persistent.LogEntry#308]
04:26:51.301 [main] DEBUG o.h.engine.internal.TwoPhaseLoad - Done materializing entity [edu.ncsu.csc.itrust2.models.persistent.LogEntry#308]
04:26:51.301 [main] DEBUG o.h.engine.internal.TwoPhaseLoad - Resolving associations for [edu.ncsu.csc.itrust2.models.persistent.LogEntry#309]
04:26:51.301 [main] DEBUG o.h.engine.internal.TwoPhaseLoad - Done materializing entity [edu.ncsu.csc.itrust2.models.persistent.LogEntry#309]
04:26:51.301 [main] DEBUG o.h.engine.internal.TwoPhaseLoad - Resolving associations for [edu.ncsu.csc.itrust2.models.persistent.LogEntry#310]
04:26:51.301 [main] DEBUG o.h.engine.internal.TwoPhaseLoad - Done materializing entity [edu.ncsu.csc.itrust2.models.persistent.LogEntry#310]
04:26:51.301 [main] DEBUG o.h.engine.internal.TwoPhaseLoad - Resolving associations for [edu.ncsu.csc.itrust2.models.persistent.LogEntry#311]
04:26:51.301 [main] DEBUG o.h.engine.internal.TwoPhaseLoad - Done materializing entity [edu.ncsu.csc.itrust2.models.persistent.LogEntry#311]
04:26:51.301 [main] DEBUG o.h.engine.internal.TwoPhaseLoad - Resolving associations for [edu.ncsu.csc.itrust2.models.persistent.LogEntry#312]
04:26:51.301 [main] DEBUG o.h.engine.internal.TwoPhaseLoad - Done materializing entity [edu.ncsu.csc.itrust2.models.persistent.LogEntry#312]
04:26:51.301 [main] DEBUG o.h.engine.internal.TwoPhaseLoad - Resolving associations for [edu.ncsu.csc.itrust2.models.persistent.LogEntry#313]
04:26:51.301 [main] DEBUG o.h.engine.internal.TwoPhaseLoad - Done materializing entity [edu.ncsu.csc.itrust2.models.persistent.LogEntry#313]
04:26:51.301 [main] DEBUG o.h.engine.internal.TwoPhaseLoad - Resolving associations for [edu.ncsu.csc.itrust2.models.persistent.LogEntry#314]
04:26:51.301 [main] DEBUG o.h.engine.internal.TwoPhaseLoad - Done materializing entity [edu.ncsu.csc.itrust2.models.persistent.LogEntry#314]
04:26:51.301 [main] DEBUG o.h.engine.internal.TwoPhaseLoad - Resolving associations for [edu.ncsu.csc.itrust2.models.persistent.LogEntry#315]
04:26:51.301 [main] DEBUG o.h.engine.internal.TwoPhaseLoad - Done materializing entity [edu.ncsu.csc.itrust2.models.persistent.LogEntry#315]
04:26:51.301 [main] DEBUG o.h.engine.internal.TwoPhaseLoad - Resolving associations for [edu.ncsu.csc.itrust2.models.persistent.LogEntry#316]
04:26:51.302 [main] DEBUG o.h.engine.internal.TwoPhaseLoad - Done materializing entity [edu.ncsu.csc.itrust2.models.persistent.LogEntry#316]
04:26:51.302 [main] DEBUG o.h.engine.internal.TwoPhaseLoad - Resolving associations for [edu.ncsu.csc.itrust2.models.persistent.LogEntry#317]
04:26:51.302 [main] DEBUG o.h.engine.internal.TwoPhaseLoad - Done materializing entity [edu.ncsu.csc.itrust2.models.persistent.LogEntry#317]
04:26:51.302 [main] DEBUG o.h.engine.internal.TwoPhaseLoad - Resolving associations for [edu.ncsu.csc.itrust2.models.persistent.LogEntry#318]
04:26:51.302 [main] DEBUG o.h.engine.internal.TwoPhaseLoad - Done materializing entity [edu.ncsu.csc.itrust2.models.persistent.LogEntry#318]
04:26:51.302 [main] DEBUG o.h.engine.internal.TwoPhaseLoad - Resolving associations for [edu.ncsu.csc.itrust2.models.persistent.LogEntry#319]
04:26:51.302 [main] DEBUG o.h.engine.internal.TwoPhaseLoad - Done materializing entity [edu.ncsu.csc.itrust2.models.persistent.LogEntry#319]
04:26:51.302 [main] DEBUG o.h.engine.internal.TwoPhaseLoad - Resolving associations for [edu.ncsu.csc.itrust2.models.persistent.LogEntry#320]
04:26:51.302 [main] DEBUG o.h.engine.internal.TwoPhaseLoad - Done materializing entity [edu.ncsu.csc.itrust2.models.persistent.LogEntry#320]
04:26:51.302 [main] DEBUG o.h.engine.internal.TwoPhaseLoad - Resolving associations for [edu.ncsu.csc.itrust2.models.persistent.LogEntry#321]
04:26:51.302 [main] DEBUG o.h.engine.internal.TwoPhaseLoad - Done materializing entity [edu.ncsu.csc.itrust2.models.persistent.LogEntry#321]
04:26:51.302 [main] DEBUG o.h.engine.internal.TwoPhaseLoad - Resolving associations for [edu.ncsu.csc.itrust2.models.persistent.LogEntry#322]
04:26:51.302 [main] DEBUG o.h.engine.internal.TwoPhaseLoad - Done materializing entity [edu.ncsu.csc.itrust2.models.persistent.LogEntry#322]
04:26:51.303 [main] DEBUG o.h.engine.internal.TwoPhaseLoad - Resolving associations for [edu.ncsu.csc.itrust2.models.persistent.LogEntry#323]
04:26:51.303 [main] DEBUG o.h.engine.internal.TwoPhaseLoad - Done materializing entity [edu.ncsu.csc.itrust2.models.persistent.LogEntry#323]
04:26:51.303 [main] DEBUG o.h.engine.internal.TwoPhaseLoad - Resolving associations for [edu.ncsu.csc.itrust2.models.persistent.LogEntry#324]
04:26:51.303 [main] DEBUG o.h.engine.internal.TwoPhaseLoad - Done materializing entity [edu.ncsu.csc.itrust2.models.persistent.LogEntry#324]
04:26:51.303 [main] DEBUG o.h.engine.internal.TwoPhaseLoad - Resolving associations for [edu.ncsu.csc.itrust2.models.persistent.LogEntry#325]
04:26:51.303 [main] DEBUG o.h.engine.internal.TwoPhaseLoad - Done materializing entity [edu.ncsu.csc.itrust2.models.persistent.LogEntry#325]
04:26:51.303 [main] DEBUG o.h.engine.internal.TwoPhaseLoad - Resolving associations for [edu.ncsu.csc.itrust2.models.persistent.LogEntry#326]
04:26:51.303 [main] DEBUG o.h.engine.internal.TwoPhaseLoad - Done materializing entity [edu.ncsu.csc.itrust2.models.persistent.LogEntry#326]
04:26:51.303 [main] DEBUG o.h.engine.internal.TwoPhaseLoad - Resolving associations for [edu.ncsu.csc.itrust2.models.persistent.LogEntry#327]
04:26:51.303 [main] DEBUG o.h.engine.internal.TwoPhaseLoad - Done materializing entity [edu.ncsu.csc.itrust2.models.persistent.LogEntry#327]
04:26:51.303 [main] DEBUG o.h.engine.internal.TwoPhaseLoad - Resolving associations for [edu.ncsu.csc.itrust2.models.persistent.LogEntry#328]
04:26:51.303 [main] DEBUG o.h.engine.internal.TwoPhaseLoad - Done materializing entity [edu.ncsu.csc.itrust2.models.persistent.LogEntry#328]
04:26:51.303 [main] DEBUG o.h.engine.internal.TwoPhaseLoad - Resolving associations for [edu.ncsu.csc.itrust2.models.persistent.LogEntry#329]
04:26:51.303 [main] DEBUG o.h.engine.internal.TwoPhaseLoad - Done materializing entity [edu.ncsu.csc.itrust2.models.persistent.LogEntry#329]
04:26:51.304 [main] DEBUG o.h.engine.internal.TwoPhaseLoad - Resolving associations for [edu.ncsu.csc.itrust2.models.persistent.LogEntry#330]
04:26:51.304 [main] DEBUG o.h.engine.internal.TwoPhaseLoad - Done materializing entity [edu.ncsu.csc.itrust2.models.persistent.LogEntry#330]
04:26:51.304 [main] DEBUG o.h.engine.internal.TwoPhaseLoad - Resolving associations for [edu.ncsu.csc.itrust2.models.persistent.LogEntry#331]
04:26:51.304 [main] DEBUG o.h.engine.internal.TwoPhaseLoad - Done materializing entity [edu.ncsu.csc.itrust2.models.persistent.LogEntry#331]
04:26:51.304 [main] DEBUG o.h.engine.internal.TwoPhaseLoad - Resolving associations for [edu.ncsu.csc.itrust2.models.persistent.LogEntry#332]
04:26:51.304 [main] DEBUG o.h.engine.internal.TwoPhaseLoad - Done materializing entity [edu.ncsu.csc.itrust2.models.persistent.LogEntry#332]
04:26:51.304 [main] DEBUG o.h.engine.internal.TwoPhaseLoad - Resolving associations for [edu.ncsu.csc.itrust2.models.persistent.LogEntry#333]
04:26:51.304 [main] DEBUG o.h.engine.internal.TwoPhaseLoad - Done materializing entity [edu.ncsu.csc.itrust2.models.persistent.LogEntry#333]
04:26:51.304 [main] DEBUG o.h.engine.internal.TwoPhaseLoad - Resolving associations for [edu.ncsu.csc.itrust2.models.persistent.LogEntry#334]
04:26:51.304 [main] DEBUG o.h.engine.internal.TwoPhaseLoad - Done materializing entity [edu.ncsu.csc.itrust2.models.persistent.LogEntry#334]
04:26:51.304 [main] DEBUG o.h.engine.internal.TwoPhaseLoad - Resolving associations for [edu.ncsu.csc.itrust2.models.persistent.LogEntry#335]
04:26:51.304 [main] DEBUG o.h.engine.internal.TwoPhaseLoad - Done materializing entity [edu.ncsu.csc.itrust2.models.persistent.LogEntry#335]
04:26:51.304 [main] DEBUG o.h.engine.internal.TwoPhaseLoad - Resolving associations for [edu.ncsu.csc.itrust2.models.persistent.LogEntry#336]
04:26:51.305 [main] DEBUG o.h.engine.internal.TwoPhaseLoad - Done materializing entity [edu.ncsu.csc.itrust2.models.persistent.LogEntry#336]
04:26:51.305 [main] DEBUG o.h.engine.internal.TwoPhaseLoad - Resolving associations for [edu.ncsu.csc.itrust2.models.persistent.LogEntry#337]
04:26:51.305 [main] DEBUG o.h.engine.internal.TwoPhaseLoad - Done materializing entity [edu.ncsu.csc.itrust2.models.persistent.LogEntry#337]
04:26:51.305 [main] DEBUG o.h.engine.internal.TwoPhaseLoad - Resolving associations for [edu.ncsu.csc.itrust2.models.persistent.LogEntry#338]
04:26:51.305 [main] DEBUG o.h.engine.internal.TwoPhaseLoad - Done materializing entity [edu.ncsu.csc.itrust2.models.persistent.LogEntry#338]
04:26:51.305 [main] DEBUG o.h.engine.internal.TwoPhaseLoad - Resolving associations for [edu.ncsu.csc.itrust2.models.persistent.LogEntry#339]
04:26:51.305 [main] DEBUG o.h.engine.internal.TwoPhaseLoad - Done materializing entity [edu.ncsu.csc.itrust2.models.persistent.LogEntry#339]
04:26:51.305 [main] DEBUG o.h.engine.internal.TwoPhaseLoad - Resolving associations for [edu.ncsu.csc.itrust2.models.persistent.LogEntry#340]
04:26:51.305 [main] DEBUG o.h.engine.internal.TwoPhaseLoad - Done materializing entity [edu.ncsu.csc.itrust2.models.persistent.LogEntry#340]
04:26:51.305 [main] DEBUG o.h.engine.internal.TwoPhaseLoad - Resolving associations for [edu.ncsu.csc.itrust2.models.persistent.LogEntry#341]
04:26:51.305 [main] DEBUG o.h.engine.internal.TwoPhaseLoad - Done materializing entity [edu.ncsu.csc.itrust2.models.persistent.LogEntry#341]
04:26:51.305 [main] DEBUG o.h.engine.internal.TwoPhaseLoad - Resolving associations for [edu.ncsu.csc.itrust2.models.persistent.LogEntry#342]
04:26:51.305 [main] DEBUG o.h.engine.internal.TwoPhaseLoad - Done materializing entity [edu.ncsu.csc.itrust2.models.persistent.LogEntry#342]
04:26:51.306 [main] DEBUG o.h.engine.internal.TwoPhaseLoad - Resolving associations for [edu.ncsu.csc.itrust2.models.persistent.LogEntry#343]
04:26:51.306 [main] DEBUG o.h.engine.internal.TwoPhaseLoad - Done materializing entity [edu.ncsu.csc.itrust2.models.persistent.LogEntry#343]
04:26:51.306 [main] DEBUG o.h.engine.internal.TwoPhaseLoad - Resolving associations for [edu.ncsu.csc.itrust2.models.persistent.LogEntry#344]
04:26:51.306 [main] DEBUG o.h.engine.internal.TwoPhaseLoad - Done materializing entity [edu.ncsu.csc.itrust2.models.persistent.LogEntry#344]
04:26:51.306 [main] DEBUG o.h.engine.internal.TwoPhaseLoad - Resolving associations for [edu.ncsu.csc.itrust2.models.persistent.LogEntry#345]
04:26:51.306 [main] DEBUG o.h.engine.internal.TwoPhaseLoad - Done materializing entity [edu.ncsu.csc.itrust2.models.persistent.LogEntry#345]
04:26:51.306 [main] DEBUG o.h.engine.internal.TwoPhaseLoad - Resolving associations for [edu.ncsu.csc.itrust2.models.persistent.LogEntry#346]
04:26:51.306 [main] DEBUG o.h.engine.internal.TwoPhaseLoad - Done materializing entity [edu.ncsu.csc.itrust2.models.persistent.LogEntry#346]
04:26:51.306 [main] DEBUG o.h.engine.internal.TwoPhaseLoad - Resolving associations for [edu.ncsu.csc.itrust2.models.persistent.LogEntry#347]
04:26:51.306 [main] DEBUG o.h.engine.internal.TwoPhaseLoad - Done materializing entity [edu.ncsu.csc.itrust2.models.persistent.LogEntry#347]
04:26:51.306 [main] DEBUG o.h.engine.internal.TwoPhaseLoad - Resolving associations for [edu.ncsu.csc.itrust2.models.persistent.LogEntry#348]
04:26:51.306 [main] DEBUG o.h.engine.internal.TwoPhaseLoad - Done materializing entity [edu.ncsu.csc.itrust2.models.persistent.LogEntry#348]
04:26:51.306 [main] DEBUG o.h.engine.internal.TwoPhaseLoad - Resolving associations for [edu.ncsu.csc.itrust2.models.persistent.LogEntry#349]
04:26:51.306 [main] DEBUG o.h.engine.internal.TwoPhaseLoad - Done materializing entity [edu.ncsu.csc.itrust2.models.persistent.LogEntry#349]
04:26:51.307 [main] DEBUG o.h.engine.internal.TwoPhaseLoad - Resolving associations for [edu.ncsu.csc.itrust2.models.persistent.LogEntry#350]
04:26:51.307 [main] DEBUG o.h.engine.internal.TwoPhaseLoad - Done materializing entity [edu.ncsu.csc.itrust2.models.persistent.LogEntry#350]
04:26:51.307 [main] DEBUG o.h.engine.internal.TwoPhaseLoad - Resolving associations for [edu.ncsu.csc.itrust2.models.persistent.LogEntry#351]
04:26:51.307 [main] DEBUG o.h.engine.internal.TwoPhaseLoad - Done materializing entity [edu.ncsu.csc.itrust2.models.persistent.LogEntry#351]
04:26:51.307 [main] DEBUG o.h.engine.internal.TwoPhaseLoad - Resolving associations for [edu.ncsu.csc.itrust2.models.persistent.LogEntry#352]
04:26:51.307 [main] DEBUG o.h.engine.internal.TwoPhaseLoad - Done materializing entity [edu.ncsu.csc.itrust2.models.persistent.LogEntry#352]
04:26:51.307 [main] DEBUG o.h.engine.internal.TwoPhaseLoad - Resolving associations for [edu.ncsu.csc.itrust2.models.persistent.LogEntry#353]
04:26:51.307 [main] DEBUG o.h.engine.internal.TwoPhaseLoad - Done materializing entity [edu.ncsu.csc.itrust2.models.persistent.LogEntry#353]
04:26:51.307 [main] DEBUG o.h.engine.internal.TwoPhaseLoad - Resolving associations for [edu.ncsu.csc.itrust2.models.persistent.LogEntry#354]
04:26:51.307 [main] DEBUG o.h.engine.internal.TwoPhaseLoad - Done materializing entity [edu.ncsu.csc.itrust2.models.persistent.LogEntry#354]
04:26:51.307 [main] DEBUG o.h.engine.internal.TwoPhaseLoad - Resolving associations for [edu.ncsu.csc.itrust2.models.persistent.LogEntry#355]
04:26:51.307 [main] DEBUG o.h.engine.internal.TwoPhaseLoad - Done materializing entity [edu.ncsu.csc.itrust2.models.persistent.LogEntry#355]
04:26:51.307 [main] DEBUG o.h.engine.internal.TwoPhaseLoad - Resolving associations for [edu.ncsu.csc.itrust2.models.persistent.LogEntry#356]
04:26:51.307 [main] DEBUG o.h.engine.internal.TwoPhaseLoad - Done materializing entity [edu.ncsu.csc.itrust2.models.persistent.LogEntry#356]
04:26:51.307 [main] DEBUG o.h.engine.internal.TwoPhaseLoad - Resolving associations for [edu.ncsu.csc.itrust2.models.persistent.LogEntry#357]
04:26:51.307 [main] DEBUG o.h.engine.internal.TwoPhaseLoad - Done materializing entity [edu.ncsu.csc.itrust2.models.persistent.LogEntry#357]
04:26:51.307 [main] DEBUG o.h.engine.internal.TwoPhaseLoad - Resolving associations for [edu.ncsu.csc.itrust2.models.persistent.LogEntry#358]
04:26:51.308 [main] DEBUG o.h.engine.internal.TwoPhaseLoad - Done materializing entity [edu.ncsu.csc.itrust2.models.persistent.LogEntry#358]
04:26:51.308 [main] DEBUG o.h.engine.internal.TwoPhaseLoad - Resolving associations for [edu.ncsu.csc.itrust2.models.persistent.LogEntry#359]
04:26:51.308 [main] DEBUG o.h.engine.internal.TwoPhaseLoad - Done materializing entity [edu.ncsu.csc.itrust2.models.persistent.LogEntry#359]
04:26:51.308 [main] DEBUG o.h.engine.internal.TwoPhaseLoad - Resolving associations for [edu.ncsu.csc.itrust2.models.persistent.LogEntry#360]
04:26:51.308 [main] DEBUG o.h.engine.internal.TwoPhaseLoad - Done materializing entity [edu.ncsu.csc.itrust2.models.persistent.LogEntry#360]
04:26:51.308 [main] DEBUG o.h.engine.internal.TwoPhaseLoad - Resolving associations for [edu.ncsu.csc.itrust2.models.persistent.LogEntry#361]
04:26:51.308 [main] DEBUG o.h.engine.internal.TwoPhaseLoad - Done materializing entity [edu.ncsu.csc.itrust2.models.persistent.LogEntry#361]
04:26:51.308 [main] DEBUG o.h.engine.internal.TwoPhaseLoad - Resolving associations for [edu.ncsu.csc.itrust2.models.persistent.LogEntry#362]
04:26:51.308 [main] DEBUG o.h.engine.internal.TwoPhaseLoad - Done materializing entity [edu.ncsu.csc.itrust2.models.persistent.LogEntry#362]
04:26:51.308 [main] DEBUG o.h.engine.internal.TwoPhaseLoad - Resolving associations for [edu.ncsu.csc.itrust2.models.persistent.LogEntry#363]
04:26:51.308 [main] DEBUG o.h.engine.internal.TwoPhaseLoad - Done materializing entity [edu.ncsu.csc.itrust2.models.persistent.LogEntry#363]
04:26:51.308 [main] DEBUG o.h.engine.internal.TwoPhaseLoad - Resolving associations for [edu.ncsu.csc.itrust2.models.persistent.LogEntry#364]
04:26:51.308 [main] DEBUG o.h.engine.internal.TwoPhaseLoad - Done materializing entity [edu.ncsu.csc.itrust2.models.persistent.LogEntry#364]
04:26:51.308 [main] DEBUG o.h.engine.internal.TwoPhaseLoad - Resolving associations for [edu.ncsu.csc.itrust2.models.persistent.LogEntry#365]
04:26:51.308 [main] DEBUG o.h.engine.internal.TwoPhaseLoad - Done materializing entity [edu.ncsu.csc.itrust2.models.persistent.LogEntry#365]
04:26:51.308 [main] DEBUG o.h.engine.internal.TwoPhaseLoad - Resolving associations for [edu.ncsu.csc.itrust2.models.persistent.LogEntry#366]
04:26:51.308 [main] DEBUG o.h.engine.internal.TwoPhaseLoad - Done materializing entity [edu.ncsu.csc.itrust2.models.persistent.LogEntry#366]
04:26:51.308 [main] DEBUG o.h.engine.internal.TwoPhaseLoad - Resolving associations for [edu.ncsu.csc.itrust2.models.persistent.LogEntry#367]
04:26:51.308 [main] DEBUG o.h.engine.internal.TwoPhaseLoad - Done materializing entity [edu.ncsu.csc.itrust2.models.persistent.LogEntry#367]
04:26:51.309 [main] DEBUG o.h.engine.internal.TwoPhaseLoad - Resolving associations for [edu.ncsu.csc.itrust2.models.persistent.LogEntry#368]
04:26:51.309 [main] DEBUG o.h.engine.internal.TwoPhaseLoad - Done materializing entity [edu.ncsu.csc.itrust2.models.persistent.LogEntry#368]
04:26:51.309 [main] DEBUG o.h.engine.internal.TwoPhaseLoad - Resolving associations for [edu.ncsu.csc.itrust2.models.persistent.LogEntry#369]
04:26:51.309 [main] DEBUG o.h.engine.internal.TwoPhaseLoad - Done materializing entity [edu.ncsu.csc.itrust2.models.persistent.LogEntry#369]
04:26:51.309 [main] DEBUG o.h.engine.internal.TwoPhaseLoad - Resolving associations for [edu.ncsu.csc.itrust2.models.persistent.LogEntry#370]
04:26:51.309 [main] DEBUG o.h.engine.internal.TwoPhaseLoad - Done materializing entity [edu.ncsu.csc.itrust2.models.persistent.LogEntry#370]
04:26:51.309 [main] DEBUG o.h.engine.internal.TwoPhaseLoad - Resolving associations for [edu.ncsu.csc.itrust2.models.persistent.LogEntry#371]
04:26:51.309 [main] DEBUG o.h.engine.internal.TwoPhaseLoad - Done materializing entity [edu.ncsu.csc.itrust2.models.persistent.LogEntry#371]
04:26:51.309 [main] DEBUG o.h.engine.internal.TwoPhaseLoad - Resolving associations for [edu.ncsu.csc.itrust2.models.persistent.LogEntry#372]
04:26:51.309 [main] DEBUG o.h.engine.internal.TwoPhaseLoad - Done materializing entity [edu.ncsu.csc.itrust2.models.persistent.LogEntry#372]
04:26:51.309 [main] DEBUG o.h.engine.internal.TwoPhaseLoad - Resolving associations for [edu.ncsu.csc.itrust2.models.persistent.LogEntry#373]
04:26:51.309 [main] DEBUG o.h.engine.internal.TwoPhaseLoad - Done materializing entity [edu.ncsu.csc.itrust2.models.persistent.LogEntry#373]
04:26:51.309 [main] DEBUG o.h.engine.internal.TwoPhaseLoad - Resolving associations for [edu.ncsu.csc.itrust2.models.persistent.LogEntry#374]
04:26:51.309 [main] DEBUG o.h.engine.internal.TwoPhaseLoad - Done materializing entity [edu.ncsu.csc.itrust2.models.persistent.LogEntry#374]
04:26:51.309 [main] DEBUG o.h.engine.internal.TwoPhaseLoad - Resolving associations for [edu.ncsu.csc.itrust2.models.persistent.LogEntry#375]
04:26:51.309 [main] DEBUG o.h.engine.internal.TwoPhaseLoad - Done materializing entity [edu.ncsu.csc.itrust2.models.persistent.LogEntry#375]
04:26:51.309 [main] DEBUG o.h.engine.internal.TwoPhaseLoad - Resolving associations for [edu.ncsu.csc.itrust2.models.persistent.LogEntry#376]
04:26:51.309 [main] DEBUG o.h.engine.internal.TwoPhaseLoad - Done materializing entity [edu.ncsu.csc.itrust2.models.persistent.LogEntry#376]
04:26:51.309 [main] DEBUG o.h.engine.internal.TwoPhaseLoad - Resolving associations for [edu.ncsu.csc.itrust2.models.persistent.LogEntry#377]
04:26:51.310 [main] DEBUG o.h.engine.internal.TwoPhaseLoad - Done materializing entity [edu.ncsu.csc.itrust2.models.persistent.LogEntry#377]
04:26:51.310 [main] DEBUG o.h.engine.internal.TwoPhaseLoad - Resolving associations for [edu.ncsu.csc.itrust2.models.persistent.LogEntry#378]
04:26:51.310 [main] DEBUG o.h.engine.internal.TwoPhaseLoad - Done materializing entity [edu.ncsu.csc.itrust2.models.persistent.LogEntry#378]
04:26:51.310 [main] DEBUG o.h.engine.internal.TwoPhaseLoad - Resolving associations for [edu.ncsu.csc.itrust2.models.persistent.LogEntry#379]
04:26:51.310 [main] DEBUG o.h.engine.internal.TwoPhaseLoad - Done materializing entity [edu.ncsu.csc.itrust2.models.persistent.LogEntry#379]
04:26:51.310 [main] DEBUG o.h.engine.internal.TwoPhaseLoad - Resolving associations for [edu.ncsu.csc.itrust2.models.persistent.LogEntry#380]
04:26:51.310 [main] DEBUG o.h.engine.internal.TwoPhaseLoad - Done materializing entity [edu.ncsu.csc.itrust2.models.persistent.LogEntry#380]
04:26:51.310 [main] DEBUG o.h.engine.internal.TwoPhaseLoad - Resolving associations for [edu.ncsu.csc.itrust2.models.persistent.LogEntry#381]
04:26:51.310 [main] DEBUG o.h.engine.internal.TwoPhaseLoad - Done materializing entity [edu.ncsu.csc.itrust2.models.persistent.LogEntry#381]
04:26:51.310 [main] DEBUG o.h.engine.internal.TwoPhaseLoad - Resolving associations for [edu.ncsu.csc.itrust2.models.persistent.LogEntry#382]
04:26:51.310 [main] DEBUG o.h.engine.internal.TwoPhaseLoad - Done materializing entity [edu.ncsu.csc.itrust2.models.persistent.LogEntry#382]
04:26:51.310 [main] DEBUG o.h.engine.internal.TwoPhaseLoad - Resolving associations for [edu.ncsu.csc.itrust2.models.persistent.LogEntry#383]
04:26:51.310 [main] DEBUG o.h.engine.internal.TwoPhaseLoad - Done materializing entity [edu.ncsu.csc.itrust2.models.persistent.LogEntry#383]
04:26:51.310 [main] DEBUG o.h.engine.internal.TwoPhaseLoad - Resolving associations for [edu.ncsu.csc.itrust2.models.persistent.LogEntry#384]
04:26:51.311 [main] DEBUG o.h.engine.internal.TwoPhaseLoad - Done materializing entity [edu.ncsu.csc.itrust2.models.persistent.LogEntry#384]
04:26:51.311 [main] DEBUG o.h.engine.internal.TwoPhaseLoad - Resolving associations for [edu.ncsu.csc.itrust2.models.persistent.LogEntry#385]
04:26:51.311 [main] DEBUG o.h.engine.internal.TwoPhaseLoad - Done materializing entity [edu.ncsu.csc.itrust2.models.persistent.LogEntry#385]
04:26:51.311 [main] DEBUG o.h.engine.internal.TwoPhaseLoad - Resolving associations for [edu.ncsu.csc.itrust2.models.persistent.LogEntry#386]
04:26:51.311 [main] DEBUG o.h.engine.internal.TwoPhaseLoad - Done materializing entity [edu.ncsu.csc.itrust2.models.persistent.LogEntry#386]
04:26:51.311 [main] DEBUG o.h.engine.internal.TwoPhaseLoad - Resolving associations for [edu.ncsu.csc.itrust2.models.persistent.LogEntry#387]
04:26:51.311 [main] DEBUG o.h.engine.internal.TwoPhaseLoad - Done materializing entity [edu.ncsu.csc.itrust2.models.persistent.LogEntry#387]
04:26:51.311 [main] DEBUG o.h.engine.internal.TwoPhaseLoad - Resolving associations for [edu.ncsu.csc.itrust2.models.persistent.LogEntry#388]
04:26:51.311 [main] DEBUG o.h.engine.internal.TwoPhaseLoad - Done materializing entity [edu.ncsu.csc.itrust2.models.persistent.LogEntry#388]
04:26:51.311 [main] DEBUG o.h.engine.internal.TwoPhaseLoad - Resolving associations for [edu.ncsu.csc.itrust2.models.persistent.LogEntry#389]
04:26:51.311 [main] DEBUG o.h.engine.internal.TwoPhaseLoad - Done materializing entity [edu.ncsu.csc.itrust2.models.persistent.LogEntry#389]
04:26:51.311 [main] DEBUG o.h.engine.internal.TwoPhaseLoad - Resolving associations for [edu.ncsu.csc.itrust2.models.persistent.LogEntry#390]
04:26:51.311 [main] DEBUG o.h.engine.internal.TwoPhaseLoad - Done materializing entity [edu.ncsu.csc.itrust2.models.persistent.LogEntry#390]
04:26:51.311 [main] DEBUG o.h.engine.internal.TwoPhaseLoad - Resolving associations for [edu.ncsu.csc.itrust2.models.persistent.LogEntry#391]
04:26:51.311 [main] DEBUG o.h.engine.internal.TwoPhaseLoad - Done materializing entity [edu.ncsu.csc.itrust2.models.persistent.LogEntry#391]
04:26:51.311 [main] DEBUG o.h.engine.internal.TwoPhaseLoad - Resolving associations for [edu.ncsu.csc.itrust2.models.persistent.LogEntry#392]
04:26:51.311 [main] DEBUG o.h.engine.internal.TwoPhaseLoad - Done materializing entity [edu.ncsu.csc.itrust2.models.persistent.LogEntry#392]
04:26:51.312 [main] DEBUG o.h.engine.internal.TwoPhaseLoad - Resolving associations for [edu.ncsu.csc.itrust2.models.persistent.LogEntry#393]
04:26:51.312 [main] DEBUG o.h.engine.internal.TwoPhaseLoad - Done materializing entity [edu.ncsu.csc.itrust2.models.persistent.LogEntry#393]
04:26:51.312 [main] DEBUG o.h.engine.internal.TwoPhaseLoad - Resolving associations for [edu.ncsu.csc.itrust2.models.persistent.LogEntry#394]
04:26:51.312 [main] DEBUG o.h.engine.internal.TwoPhaseLoad - Done materializing entity [edu.ncsu.csc.itrust2.models.persistent.LogEntry#394]
04:26:51.312 [main] DEBUG o.h.engine.internal.TwoPhaseLoad - Resolving associations for [edu.ncsu.csc.itrust2.models.persistent.LogEntry#395]
04:26:51.312 [main] DEBUG o.h.engine.internal.TwoPhaseLoad - Done materializing entity [edu.ncsu.csc.itrust2.models.persistent.LogEntry#395]
04:26:51.312 [main] DEBUG o.h.engine.internal.TwoPhaseLoad - Resolving associations for [edu.ncsu.csc.itrust2.models.persistent.LogEntry#396]
04:26:51.312 [main] DEBUG o.h.engine.internal.TwoPhaseLoad - Done materializing entity [edu.ncsu.csc.itrust2.models.persistent.LogEntry#396]
04:26:51.312 [main] DEBUG o.h.engine.internal.TwoPhaseLoad - Resolving associations for [edu.ncsu.csc.itrust2.models.persistent.LogEntry#397]
04:26:51.312 [main] DEBUG o.h.engine.internal.TwoPhaseLoad - Done materializing entity [edu.ncsu.csc.itrust2.models.persistent.LogEntry#397]
04:26:51.312 [main] DEBUG o.h.engine.internal.TwoPhaseLoad - Resolving associations for [edu.ncsu.csc.itrust2.models.persistent.LogEntry#398]
04:26:51.312 [main] DEBUG o.h.engine.internal.TwoPhaseLoad - Done materializing entity [edu.ncsu.csc.itrust2.models.persistent.LogEntry#398]
04:26:51.312 [main] DEBUG o.h.engine.internal.TwoPhaseLoad - Resolving associations for [edu.ncsu.csc.itrust2.models.persistent.LogEntry#399]
04:26:51.312 [main] DEBUG o.h.engine.internal.TwoPhaseLoad - Done materializing entity [edu.ncsu.csc.itrust2.models.persistent.LogEntry#399]
04:26:51.312 [main] DEBUG o.h.engine.internal.TwoPhaseLoad - Resolving associations for [edu.ncsu.csc.itrust2.models.persistent.LogEntry#400]
04:26:51.312 [main] DEBUG o.h.engine.internal.TwoPhaseLoad - Done materializing entity [edu.ncsu.csc.itrust2.models.persistent.LogEntry#400]
04:26:51.312 [main] DEBUG o.h.engine.internal.TwoPhaseLoad - Resolving associations for [edu.ncsu.csc.itrust2.models.persistent.LogEntry#401]
04:26:51.312 [main] DEBUG o.h.engine.internal.TwoPhaseLoad - Done materializing entity [edu.ncsu.csc.itrust2.models.persistent.LogEntry#401]
04:26:51.313 [main] DEBUG o.h.engine.internal.TwoPhaseLoad - Resolving associations for [edu.ncsu.csc.itrust2.models.persistent.LogEntry#402]
04:26:51.313 [main] DEBUG o.h.engine.internal.TwoPhaseLoad - Done materializing entity [edu.ncsu.csc.itrust2.models.persistent.LogEntry#402]
04:26:51.313 [main] DEBUG o.h.engine.internal.TwoPhaseLoad - Resolving associations for [edu.ncsu.csc.itrust2.models.persistent.LogEntry#403]
04:26:51.313 [main] DEBUG o.h.engine.internal.TwoPhaseLoad - Done materializing entity [edu.ncsu.csc.itrust2.models.persistent.LogEntry#403]
04:26:51.313 [main] DEBUG o.h.engine.internal.TwoPhaseLoad - Resolving associations for [edu.ncsu.csc.itrust2.models.persistent.LogEntry#404]
04:26:51.313 [main] DEBUG o.h.engine.internal.TwoPhaseLoad - Done materializing entity [edu.ncsu.csc.itrust2.models.persistent.LogEntry#404]
04:26:51.313 [main] DEBUG o.h.engine.internal.TwoPhaseLoad - Resolving associations for [edu.ncsu.csc.itrust2.models.persistent.LogEntry#405]
04:26:51.313 [main] DEBUG o.h.engine.internal.TwoPhaseLoad - Done materializing entity [edu.ncsu.csc.itrust2.models.persistent.LogEntry#405]
04:26:51.313 [main] DEBUG o.h.engine.internal.TwoPhaseLoad - Resolving associations for [edu.ncsu.csc.itrust2.models.persistent.LogEntry#406]
04:26:51.313 [main] DEBUG o.h.engine.internal.TwoPhaseLoad - Done materializing entity [edu.ncsu.csc.itrust2.models.persistent.LogEntry#406]
04:26:51.313 [main] DEBUG o.h.engine.internal.TwoPhaseLoad - Resolving associations for [edu.ncsu.csc.itrust2.models.persistent.LogEntry#407]
04:26:51.313 [main] DEBUG o.h.engine.internal.TwoPhaseLoad - Done materializing entity [edu.ncsu.csc.itrust2.models.persistent.LogEntry#407]
04:26:51.313 [main] DEBUG o.h.engine.internal.TwoPhaseLoad - Resolving associations for [edu.ncsu.csc.itrust2.models.persistent.LogEntry#408]
04:26:51.313 [main] DEBUG o.h.engine.internal.TwoPhaseLoad - Done materializing entity [edu.ncsu.csc.itrust2.models.persistent.LogEntry#408]
04:26:51.313 [main] DEBUG o.h.engine.internal.TwoPhaseLoad - Resolving associations for [edu.ncsu.csc.itrust2.models.persistent.LogEntry#409]
04:26:51.313 [main] DEBUG o.h.engine.internal.TwoPhaseLoad - Done materializing entity [edu.ncsu.csc.itrust2.models.persistent.LogEntry#409]
04:26:51.313 [main] DEBUG o.h.engine.internal.TwoPhaseLoad - Resolving associations for [edu.ncsu.csc.itrust2.models.persistent.LogEntry#410]
04:26:51.313 [main] DEBUG o.h.engine.internal.TwoPhaseLoad - Done materializing entity [edu.ncsu.csc.itrust2.models.persistent.LogEntry#410]
04:26:51.313 [main] DEBUG o.h.engine.internal.TwoPhaseLoad - Resolving associations for [edu.ncsu.csc.itrust2.models.persistent.LogEntry#411]
04:26:51.313 [main] DEBUG o.h.engine.internal.TwoPhaseLoad - Done materializing entity [edu.ncsu.csc.itrust2.models.persistent.LogEntry#411]
04:26:51.314 [main] DEBUG o.h.engine.internal.TwoPhaseLoad - Resolving associations for [edu.ncsu.csc.itrust2.models.persistent.LogEntry#412]
04:26:51.314 [main] DEBUG o.h.engine.internal.TwoPhaseLoad - Done materializing entity [edu.ncsu.csc.itrust2.models.persistent.LogEntry#412]
04:26:51.314 [main] DEBUG o.h.engine.internal.TwoPhaseLoad - Resolving associations for [edu.ncsu.csc.itrust2.models.persistent.LogEntry#413]
04:26:51.314 [main] DEBUG o.h.engine.internal.TwoPhaseLoad - Done materializing entity [edu.ncsu.csc.itrust2.models.persistent.LogEntry#413]
04:26:51.314 [main] DEBUG o.h.engine.internal.TwoPhaseLoad - Resolving associations for [edu.ncsu.csc.itrust2.models.persistent.LogEntry#414]
04:26:51.314 [main] DEBUG o.h.engine.internal.TwoPhaseLoad - Done materializing entity [edu.ncsu.csc.itrust2.models.persistent.LogEntry#414]
04:26:51.314 [main] DEBUG o.h.engine.internal.TwoPhaseLoad - Resolving associations for [edu.ncsu.csc.itrust2.models.persistent.LogEntry#415]
04:26:51.314 [main] DEBUG o.h.engine.internal.TwoPhaseLoad - Done materializing entity [edu.ncsu.csc.itrust2.models.persistent.LogEntry#415]
04:26:51.314 [main] DEBUG o.h.engine.internal.TwoPhaseLoad - Resolving associations for [edu.ncsu.csc.itrust2.models.persistent.LogEntry#416]
04:26:51.314 [main] DEBUG o.h.engine.internal.TwoPhaseLoad - Done materializing entity [edu.ncsu.csc.itrust2.models.persistent.LogEntry#416]
04:26:51.314 [main] DEBUG o.h.engine.internal.TwoPhaseLoad - Resolving associations for [edu.ncsu.csc.itrust2.models.persistent.LogEntry#417]
04:26:51.314 [main] DEBUG o.h.engine.internal.TwoPhaseLoad - Done materializing entity [edu.ncsu.csc.itrust2.models.persistent.LogEntry#417]
04:26:51.314 [main] DEBUG o.h.engine.internal.TwoPhaseLoad - Resolving associations for [edu.ncsu.csc.itrust2.models.persistent.LogEntry#418]
04:26:51.314 [main] DEBUG o.h.engine.internal.TwoPhaseLoad - Done materializing entity [edu.ncsu.csc.itrust2.models.persistent.LogEntry#418]
04:26:51.314 [main] DEBUG o.h.engine.internal.TwoPhaseLoad - Resolving associations for [edu.ncsu.csc.itrust2.models.persistent.LogEntry#419]
04:26:51.314 [main] DEBUG o.h.engine.internal.TwoPhaseLoad - Done materializing entity [edu.ncsu.csc.itrust2.models.persistent.LogEntry#419]
04:26:51.314 [main] DEBUG o.h.engine.internal.TwoPhaseLoad - Resolving associations for [edu.ncsu.csc.itrust2.models.persistent.LogEntry#420]
04:26:51.314 [main] DEBUG o.h.engine.internal.TwoPhaseLoad - Done materializing entity [edu.ncsu.csc.itrust2.models.persistent.LogEntry#420]
04:26:51.314 [main] DEBUG o.h.engine.internal.TwoPhaseLoad - Resolving associations for [edu.ncsu.csc.itrust2.models.persistent.LogEntry#421]
04:26:51.315 [main] DEBUG o.h.engine.internal.TwoPhaseLoad - Done materializing entity [edu.ncsu.csc.itrust2.models.persistent.LogEntry#421]
04:26:51.315 [main] DEBUG o.h.engine.internal.TwoPhaseLoad - Resolving associations for [edu.ncsu.csc.itrust2.models.persistent.LogEntry#422]
04:26:51.315 [main] DEBUG o.h.engine.internal.TwoPhaseLoad - Done materializing entity [edu.ncsu.csc.itrust2.models.persistent.LogEntry#422]
04:26:51.315 [main] DEBUG o.h.engine.internal.TwoPhaseLoad - Resolving associations for [edu.ncsu.csc.itrust2.models.persistent.LogEntry#423]
04:26:51.315 [main] DEBUG o.h.engine.internal.TwoPhaseLoad - Done materializing entity [edu.ncsu.csc.itrust2.models.persistent.LogEntry#423]
04:26:51.315 [main] DEBUG o.h.engine.internal.TwoPhaseLoad - Resolving associations for [edu.ncsu.csc.itrust2.models.persistent.LogEntry#424]
04:26:51.315 [main] DEBUG o.h.engine.internal.TwoPhaseLoad - Done materializing entity [edu.ncsu.csc.itrust2.models.persistent.LogEntry#424]
04:26:51.315 [main] DEBUG o.h.engine.internal.TwoPhaseLoad - Resolving associations for [edu.ncsu.csc.itrust2.models.persistent.LogEntry#425]
04:26:51.315 [main] DEBUG o.h.engine.internal.TwoPhaseLoad - Done materializing entity [edu.ncsu.csc.itrust2.models.persistent.LogEntry#425]
04:26:51.315 [main] DEBUG o.h.engine.internal.TwoPhaseLoad - Resolving associations for [edu.ncsu.csc.itrust2.models.persistent.LogEntry#426]
04:26:51.315 [main] DEBUG o.h.engine.internal.TwoPhaseLoad - Done materializing entity [edu.ncsu.csc.itrust2.models.persistent.LogEntry#426]
04:26:51.315 [main] DEBUG o.h.engine.internal.TwoPhaseLoad - Resolving associations for [edu.ncsu.csc.itrust2.models.persistent.LogEntry#427]
04:26:51.315 [main] DEBUG o.h.engine.internal.TwoPhaseLoad - Done materializing entity [edu.ncsu.csc.itrust2.models.persistent.LogEntry#427]
04:26:51.315 [main] DEBUG o.h.engine.internal.TwoPhaseLoad - Resolving associations for [edu.ncsu.csc.itrust2.models.persistent.LogEntry#428]
04:26:51.315 [main] DEBUG o.h.engine.internal.TwoPhaseLoad - Done materializing entity [edu.ncsu.csc.itrust2.models.persistent.LogEntry#428]
04:26:51.315 [main] DEBUG o.h.engine.internal.TwoPhaseLoad - Resolving associations for [edu.ncsu.csc.itrust2.models.persistent.LogEntry#429]
04:26:51.315 [main] DEBUG o.h.engine.internal.TwoPhaseLoad - Done materializing entity [edu.ncsu.csc.itrust2.models.persistent.LogEntry#429]
04:26:51.315 [main] DEBUG o.h.engine.internal.TwoPhaseLoad - Resolving associations for [edu.ncsu.csc.itrust2.models.persistent.LogEntry#430]
04:26:51.315 [main] DEBUG o.h.engine.internal.TwoPhaseLoad - Done materializing entity [edu.ncsu.csc.itrust2.models.persistent.LogEntry#430]
04:26:51.316 [main] DEBUG o.h.engine.internal.TwoPhaseLoad - Resolving associations for [edu.ncsu.csc.itrust2.models.persistent.LogEntry#431]
04:26:51.316 [main] DEBUG o.h.engine.internal.TwoPhaseLoad - Done materializing entity [edu.ncsu.csc.itrust2.models.persistent.LogEntry#431]
04:26:51.316 [main] DEBUG o.h.engine.internal.TwoPhaseLoad - Resolving associations for [edu.ncsu.csc.itrust2.models.persistent.LogEntry#432]
04:26:51.316 [main] DEBUG o.h.engine.internal.TwoPhaseLoad - Done materializing entity [edu.ncsu.csc.itrust2.models.persistent.LogEntry#432]
04:26:51.316 [main] DEBUG o.h.engine.internal.TwoPhaseLoad - Resolving associations for [edu.ncsu.csc.itrust2.models.persistent.LogEntry#433]
04:26:51.316 [main] DEBUG o.h.engine.internal.TwoPhaseLoad - Done materializing entity [edu.ncsu.csc.itrust2.models.persistent.LogEntry#433]
04:26:51.316 [main] DEBUG o.h.engine.internal.TwoPhaseLoad - Resolving associations for [edu.ncsu.csc.itrust2.models.persistent.LogEntry#434]
04:26:51.316 [main] DEBUG o.h.engine.internal.TwoPhaseLoad - Done materializing entity [edu.ncsu.csc.itrust2.models.persistent.LogEntry#434]
04:26:51.316 [main] DEBUG o.h.engine.internal.TwoPhaseLoad - Resolving associations for [edu.ncsu.csc.itrust2.models.persistent.LogEntry#435]
04:26:51.316 [main] DEBUG o.h.engine.internal.TwoPhaseLoad - Done materializing entity [edu.ncsu.csc.itrust2.models.persistent.LogEntry#435]
04:26:51.316 [main] DEBUG o.h.engine.internal.TwoPhaseLoad - Resolving associations for [edu.ncsu.csc.itrust2.models.persistent.LogEntry#436]
04:26:51.316 [main] DEBUG o.h.engine.internal.TwoPhaseLoad - Done materializing entity [edu.ncsu.csc.itrust2.models.persistent.LogEntry#436]
04:26:51.316 [main] DEBUG o.h.engine.internal.TwoPhaseLoad - Resolving associations for [edu.ncsu.csc.itrust2.models.persistent.LogEntry#437]
04:26:51.316 [main] DEBUG o.h.engine.internal.TwoPhaseLoad - Done materializing entity [edu.ncsu.csc.itrust2.models.persistent.LogEntry#437]
04:26:51.316 [main] DEBUG o.h.engine.internal.TwoPhaseLoad - Resolving associations for [edu.ncsu.csc.itrust2.models.persistent.LogEntry#438]
04:26:51.316 [main] DEBUG o.h.engine.internal.TwoPhaseLoad - Done materializing entity [edu.ncsu.csc.itrust2.models.persistent.LogEntry#438]
04:26:51.316 [main] DEBUG o.h.engine.internal.TwoPhaseLoad - Resolving associations for [edu.ncsu.csc.itrust2.models.persistent.LogEntry#439]
04:26:51.316 [main] DEBUG o.h.engine.internal.TwoPhaseLoad - Done materializing entity [edu.ncsu.csc.itrust2.models.persistent.LogEntry#439]
04:26:51.316 [main] DEBUG o.h.engine.internal.TwoPhaseLoad - Resolving associations for [edu.ncsu.csc.itrust2.models.persistent.LogEntry#440]
04:26:51.317 [main] DEBUG o.h.engine.internal.TwoPhaseLoad - Done materializing entity [edu.ncsu.csc.itrust2.models.persistent.LogEntry#440]
04:26:51.317 [main] DEBUG o.h.engine.internal.TwoPhaseLoad - Resolving associations for [edu.ncsu.csc.itrust2.models.persistent.LogEntry#441]
04:26:51.317 [main] DEBUG o.h.engine.internal.TwoPhaseLoad - Done materializing entity [edu.ncsu.csc.itrust2.models.persistent.LogEntry#441]
04:26:51.317 [main] DEBUG o.h.engine.internal.TwoPhaseLoad - Resolving associations for [edu.ncsu.csc.itrust2.models.persistent.LogEntry#442]
04:26:51.317 [main] DEBUG o.h.engine.internal.TwoPhaseLoad - Done materializing entity [edu.ncsu.csc.itrust2.models.persistent.LogEntry#442]
04:26:51.317 [main] DEBUG o.h.engine.internal.TwoPhaseLoad - Resolving associations for [edu.ncsu.csc.itrust2.models.persistent.LogEntry#443]
04:26:51.317 [main] DEBUG o.h.engine.internal.TwoPhaseLoad - Done materializing entity [edu.ncsu.csc.itrust2.models.persistent.LogEntry#443]
04:26:51.317 [main] DEBUG o.h.engine.internal.TwoPhaseLoad - Resolving associations for [edu.ncsu.csc.itrust2.models.persistent.LogEntry#444]
04:26:51.317 [main] DEBUG o.h.engine.internal.TwoPhaseLoad - Done materializing entity [edu.ncsu.csc.itrust2.models.persistent.LogEntry#444]
04:26:51.317 [main] DEBUG o.h.engine.internal.TwoPhaseLoad - Resolving associations for [edu.ncsu.csc.itrust2.models.persistent.LogEntry#445]
04:26:51.317 [main] DEBUG o.h.engine.internal.TwoPhaseLoad - Done materializing entity [edu.ncsu.csc.itrust2.models.persistent.LogEntry#445]
04:26:51.317 [main] DEBUG o.h.engine.internal.TwoPhaseLoad - Resolving associations for [edu.ncsu.csc.itrust2.models.persistent.LogEntry#446]
04:26:51.317 [main] DEBUG o.h.engine.internal.TwoPhaseLoad - Done materializing entity [edu.ncsu.csc.itrust2.models.persistent.LogEntry#446]
04:26:51.317 [main] DEBUG o.h.engine.internal.TwoPhaseLoad - Resolving associations for [edu.ncsu.csc.itrust2.models.persistent.LogEntry#447]
04:26:51.318 [main] DEBUG o.h.engine.internal.TwoPhaseLoad - Done materializing entity [edu.ncsu.csc.itrust2.models.persistent.LogEntry#447]
04:26:51.318 [main] DEBUG o.h.engine.internal.TwoPhaseLoad - Resolving associations for [edu.ncsu.csc.itrust2.models.persistent.LogEntry#448]
04:26:51.318 [main] DEBUG o.h.engine.internal.TwoPhaseLoad - Done materializing entity [edu.ncsu.csc.itrust2.models.persistent.LogEntry#448]
04:26:51.318 [main] DEBUG o.h.engine.internal.TwoPhaseLoad - Resolving associations for [edu.ncsu.csc.itrust2.models.persistent.LogEntry#449]
04:26:51.318 [main] DEBUG o.h.engine.internal.TwoPhaseLoad - Done materializing entity [edu.ncsu.csc.itrust2.models.persistent.LogEntry#449]
04:26:51.318 [main] DEBUG o.h.engine.internal.TwoPhaseLoad - Resolving associations for [edu.ncsu.csc.itrust2.models.persistent.LogEntry#450]
04:26:51.318 [main] DEBUG o.h.engine.internal.TwoPhaseLoad - Done materializing entity [edu.ncsu.csc.itrust2.models.persistent.LogEntry#450]
04:26:51.318 [main] DEBUG o.h.engine.internal.TwoPhaseLoad - Resolving associations for [edu.ncsu.csc.itrust2.models.persistent.LogEntry#451]
04:26:51.318 [main] DEBUG o.h.engine.internal.TwoPhaseLoad - Done materializing entity [edu.ncsu.csc.itrust2.models.persistent.LogEntry#451]
04:26:51.318 [main] DEBUG o.h.engine.internal.TwoPhaseLoad - Resolving associations for [edu.ncsu.csc.itrust2.models.persistent.LogEntry#452]
04:26:51.318 [main] DEBUG o.h.engine.internal.TwoPhaseLoad - Done materializing entity [edu.ncsu.csc.itrust2.models.persistent.LogEntry#452]
04:26:51.318 [main] DEBUG o.h.engine.internal.TwoPhaseLoad - Resolving associations for [edu.ncsu.csc.itrust2.models.persistent.LogEntry#453]
04:26:51.318 [main] DEBUG o.h.engine.internal.TwoPhaseLoad - Done materializing entity [edu.ncsu.csc.itrust2.models.persistent.LogEntry#453]
04:26:51.321 [main] DEBUG o.h.engine.internal.TwoPhaseLoad - Resolving associations for [edu.ncsu.csc.itrust2.models.persistent.LogEntry#454]
04:26:51.322 [main] DEBUG o.h.engine.internal.TwoPhaseLoad - Done materializing entity [edu.ncsu.csc.itrust2.models.persistent.LogEntry#454]
04:26:51.322 [main] DEBUG o.h.engine.internal.TwoPhaseLoad - Resolving associations for [edu.ncsu.csc.itrust2.models.persistent.LogEntry#455]
04:26:51.322 [main] DEBUG o.h.engine.internal.TwoPhaseLoad - Done materializing entity [edu.ncsu.csc.itrust2.models.persistent.LogEntry#455]
04:26:51.322 [main] DEBUG o.h.engine.internal.TwoPhaseLoad - Resolving associations for [edu.ncsu.csc.itrust2.models.persistent.LogEntry#456]
04:26:51.322 [main] DEBUG o.h.engine.internal.TwoPhaseLoad - Done materializing entity [edu.ncsu.csc.itrust2.models.persistent.LogEntry#456]
04:26:51.322 [main] DEBUG o.h.engine.internal.TwoPhaseLoad - Resolving associations for [edu.ncsu.csc.itrust2.models.persistent.LogEntry#457]
04:26:51.322 [main] DEBUG o.h.engine.internal.TwoPhaseLoad - Done materializing entity [edu.ncsu.csc.itrust2.models.persistent.LogEntry#457]
04:26:51.322 [main] DEBUG o.h.engine.internal.TwoPhaseLoad - Resolving associations for [edu.ncsu.csc.itrust2.models.persistent.LogEntry#458]
04:26:51.322 [main] DEBUG o.h.engine.internal.TwoPhaseLoad - Done materializing entity [edu.ncsu.csc.itrust2.models.persistent.LogEntry#458]
04:26:51.322 [main] DEBUG o.h.engine.internal.TwoPhaseLoad - Resolving associations for [edu.ncsu.csc.itrust2.models.persistent.LogEntry#459]
04:26:51.322 [main] DEBUG o.h.engine.internal.TwoPhaseLoad - Done materializing entity [edu.ncsu.csc.itrust2.models.persistent.LogEntry#459]
04:26:51.322 [main] DEBUG o.h.engine.internal.TwoPhaseLoad - Resolving associations for [edu.ncsu.csc.itrust2.models.persistent.LogEntry#460]
04:26:51.322 [main] DEBUG o.h.engine.internal.TwoPhaseLoad - Done materializing entity [edu.ncsu.csc.itrust2.models.persistent.LogEntry#460]
04:26:51.322 [main] DEBUG o.h.engine.internal.TwoPhaseLoad - Resolving associations for [edu.ncsu.csc.itrust2.models.persistent.LogEntry#461]
04:26:51.322 [main] DEBUG o.h.engine.internal.TwoPhaseLoad - Done materializing entity [edu.ncsu.csc.itrust2.models.persistent.LogEntry#461]
04:26:51.322 [main] DEBUG o.h.engine.internal.TwoPhaseLoad - Resolving associations for [edu.ncsu.csc.itrust2.models.persistent.LogEntry#462]
04:26:51.322 [main] DEBUG o.h.engine.internal.TwoPhaseLoad - Done materializing entity [edu.ncsu.csc.itrust2.models.persistent.LogEntry#462]
04:26:51.322 [main] DEBUG o.h.engine.internal.TwoPhaseLoad - Resolving associations for [edu.ncsu.csc.itrust2.models.persistent.LogEntry#463]
04:26:51.322 [main] DEBUG o.h.engine.internal.TwoPhaseLoad - Done materializing entity [edu.ncsu.csc.itrust2.models.persistent.LogEntry#463]
04:26:51.322 [main] DEBUG o.h.engine.internal.TwoPhaseLoad - Resolving associations for [edu.ncsu.csc.itrust2.models.persistent.LogEntry#464]
04:26:51.322 [main] DEBUG o.h.engine.internal.TwoPhaseLoad - Done materializing entity [edu.ncsu.csc.itrust2.models.persistent.LogEntry#464]
04:26:51.322 [main] DEBUG o.h.engine.internal.TwoPhaseLoad - Resolving associations for [edu.ncsu.csc.itrust2.models.persistent.LogEntry#465]
04:26:51.322 [main] DEBUG o.h.engine.internal.TwoPhaseLoad - Done materializing entity [edu.ncsu.csc.itrust2.models.persistent.LogEntry#465]
04:26:51.322 [main] DEBUG o.h.engine.internal.TwoPhaseLoad - Resolving associations for [edu.ncsu.csc.itrust2.models.persistent.LogEntry#466]
04:26:51.323 [main] DEBUG o.h.engine.internal.TwoPhaseLoad - Done materializing entity [edu.ncsu.csc.itrust2.models.persistent.LogEntry#466]
04:26:51.323 [main] DEBUG o.h.engine.internal.TwoPhaseLoad - Resolving associations for [edu.ncsu.csc.itrust2.models.persistent.LogEntry#467]
04:26:51.323 [main] DEBUG o.h.engine.internal.TwoPhaseLoad - Done materializing entity [edu.ncsu.csc.itrust2.models.persistent.LogEntry#467]
04:26:51.323 [main] DEBUG o.h.engine.internal.TwoPhaseLoad - Resolving associations for [edu.ncsu.csc.itrust2.models.persistent.LogEntry#468]
04:26:51.323 [main] DEBUG o.h.engine.internal.TwoPhaseLoad - Done materializing entity [edu.ncsu.csc.itrust2.models.persistent.LogEntry#468]
04:26:51.323 [main] DEBUG o.h.engine.internal.TwoPhaseLoad - Resolving associations for [edu.ncsu.csc.itrust2.models.persistent.LogEntry#469]
04:26:51.323 [main] DEBUG o.h.engine.internal.TwoPhaseLoad - Done materializing entity [edu.ncsu.csc.itrust2.models.persistent.LogEntry#469]
04:26:51.323 [main] DEBUG o.h.engine.internal.TwoPhaseLoad - Resolving associations for [edu.ncsu.csc.itrust2.models.persistent.LogEntry#470]
04:26:51.323 [main] DEBUG o.h.engine.internal.TwoPhaseLoad - Done materializing entity [edu.ncsu.csc.itrust2.models.persistent.LogEntry#470]
04:26:51.323 [main] DEBUG o.h.engine.internal.TwoPhaseLoad - Resolving associations for [edu.ncsu.csc.itrust2.models.persistent.LogEntry#471]
04:26:51.323 [main] DEBUG o.h.engine.internal.TwoPhaseLoad - Done materializing entity [edu.ncsu.csc.itrust2.models.persistent.LogEntry#471]
04:26:51.323 [main] DEBUG o.h.engine.internal.TwoPhaseLoad - Resolving associations for [edu.ncsu.csc.itrust2.models.persistent.LogEntry#472]
04:26:51.323 [main] DEBUG o.h.engine.internal.TwoPhaseLoad - Done materializing entity [edu.ncsu.csc.itrust2.models.persistent.LogEntry#472]
04:26:51.323 [main] DEBUG o.h.engine.internal.TwoPhaseLoad - Resolving associations for [edu.ncsu.csc.itrust2.models.persistent.LogEntry#473]
04:26:51.323 [main] DEBUG o.h.engine.internal.TwoPhaseLoad - Done materializing entity [edu.ncsu.csc.itrust2.models.persistent.LogEntry#473]
04:26:51.323 [main] DEBUG o.h.engine.internal.TwoPhaseLoad - Resolving associations for [edu.ncsu.csc.itrust2.models.persistent.LogEntry#474]
04:26:51.323 [main] DEBUG o.h.engine.internal.TwoPhaseLoad - Done materializing entity [edu.ncsu.csc.itrust2.models.persistent.LogEntry#474]
04:26:51.323 [main] DEBUG o.h.engine.internal.TwoPhaseLoad - Resolving associations for [edu.ncsu.csc.itrust2.models.persistent.LogEntry#475]
04:26:51.323 [main] DEBUG o.h.engine.internal.TwoPhaseLoad - Done materializing entity [edu.ncsu.csc.itrust2.models.persistent.LogEntry#475]
04:26:51.323 [main] DEBUG o.h.engine.internal.TwoPhaseLoad - Resolving associations for [edu.ncsu.csc.itrust2.models.persistent.LogEntry#476]
04:26:51.323 [main] DEBUG o.h.engine.internal.TwoPhaseLoad - Done materializing entity [edu.ncsu.csc.itrust2.models.persistent.LogEntry#476]
04:26:51.323 [main] DEBUG o.h.engine.internal.TwoPhaseLoad - Resolving associations for [edu.ncsu.csc.itrust2.models.persistent.LogEntry#477]
04:26:51.323 [main] DEBUG o.h.engine.internal.TwoPhaseLoad - Done materializing entity [edu.ncsu.csc.itrust2.models.persistent.LogEntry#477]
04:26:51.323 [main] DEBUG o.h.engine.internal.TwoPhaseLoad - Resolving associations for [edu.ncsu.csc.itrust2.models.persistent.LogEntry#478]
04:26:51.324 [main] DEBUG o.h.engine.internal.TwoPhaseLoad - Done materializing entity [edu.ncsu.csc.itrust2.models.persistent.LogEntry#478]
04:26:51.324 [main] DEBUG o.h.engine.internal.TwoPhaseLoad - Resolving associations for [edu.ncsu.csc.itrust2.models.persistent.LogEntry#479]
04:26:51.324 [main] DEBUG o.h.engine.internal.TwoPhaseLoad - Done materializing entity [edu.ncsu.csc.itrust2.models.persistent.LogEntry#479]
04:26:51.324 [main] DEBUG o.h.engine.internal.TwoPhaseLoad - Resolving associations for [edu.ncsu.csc.itrust2.models.persistent.LogEntry#480]
04:26:51.324 [main] DEBUG o.h.engine.internal.TwoPhaseLoad - Done materializing entity [edu.ncsu.csc.itrust2.models.persistent.LogEntry#480]
04:26:51.324 [main] DEBUG o.h.engine.internal.TwoPhaseLoad - Resolving associations for [edu.ncsu.csc.itrust2.models.persistent.LogEntry#481]
04:26:51.324 [main] DEBUG o.h.engine.internal.TwoPhaseLoad - Done materializing entity [edu.ncsu.csc.itrust2.models.persistent.LogEntry#481]
04:26:51.324 [main] DEBUG o.h.engine.internal.TwoPhaseLoad - Resolving associations for [edu.ncsu.csc.itrust2.models.persistent.LogEntry#482]
04:26:51.324 [main] DEBUG o.h.engine.internal.TwoPhaseLoad - Done materializing entity [edu.ncsu.csc.itrust2.models.persistent.LogEntry#482]
04:26:51.324 [main] DEBUG o.h.engine.internal.TwoPhaseLoad - Resolving associations for [edu.ncsu.csc.itrust2.models.persistent.LogEntry#483]
04:26:51.324 [main] DEBUG o.h.engine.internal.TwoPhaseLoad - Done materializing entity [edu.ncsu.csc.itrust2.models.persistent.LogEntry#483]
04:26:51.324 [main] DEBUG o.h.engine.internal.TwoPhaseLoad - Resolving associations for [edu.ncsu.csc.itrust2.models.persistent.LogEntry#484]
04:26:51.324 [main] DEBUG o.h.engine.internal.TwoPhaseLoad - Done materializing entity [edu.ncsu.csc.itrust2.models.persistent.LogEntry#484]
04:26:51.324 [main] DEBUG o.h.engine.internal.TwoPhaseLoad - Resolving associations for [edu.ncsu.csc.itrust2.models.persistent.LogEntry#485]
04:26:51.324 [main] DEBUG o.h.engine.internal.TwoPhaseLoad - Done materializing entity [edu.ncsu.csc.itrust2.models.persistent.LogEntry#485]
04:26:51.324 [main] DEBUG o.h.engine.internal.TwoPhaseLoad - Resolving associations for [edu.ncsu.csc.itrust2.models.persistent.LogEntry#486]
04:26:51.324 [main] DEBUG o.h.engine.internal.TwoPhaseLoad - Done materializing entity [edu.ncsu.csc.itrust2.models.persistent.LogEntry#486]
04:26:51.324 [main] DEBUG o.h.engine.internal.TwoPhaseLoad - Resolving associations for [edu.ncsu.csc.itrust2.models.persistent.LogEntry#487]
04:26:51.324 [main] DEBUG o.h.engine.internal.TwoPhaseLoad - Done materializing entity [edu.ncsu.csc.itrust2.models.persistent.LogEntry#487]
04:26:51.324 [main] DEBUG o.h.engine.internal.TwoPhaseLoad - Resolving associations for [edu.ncsu.csc.itrust2.models.persistent.LogEntry#488]
04:26:51.324 [main] DEBUG o.h.engine.internal.TwoPhaseLoad - Done materializing entity [edu.ncsu.csc.itrust2.models.persistent.LogEntry#488]
04:26:51.324 [main] DEBUG o.h.engine.internal.TwoPhaseLoad - Resolving associations for [edu.ncsu.csc.itrust2.models.persistent.LogEntry#489]
04:26:51.324 [main] DEBUG o.h.engine.internal.TwoPhaseLoad - Done materializing entity [edu.ncsu.csc.itrust2.models.persistent.LogEntry#489]
04:26:51.325 [main] DEBUG o.h.engine.internal.TwoPhaseLoad - Resolving associations for [edu.ncsu.csc.itrust2.models.persistent.LogEntry#490]
04:26:51.325 [main] DEBUG o.h.engine.internal.TwoPhaseLoad - Done materializing entity [edu.ncsu.csc.itrust2.models.persistent.LogEntry#490]
04:26:51.325 [main] DEBUG o.h.engine.internal.TwoPhaseLoad - Resolving associations for [edu.ncsu.csc.itrust2.models.persistent.LogEntry#491]
04:26:51.325 [main] DEBUG o.h.engine.internal.TwoPhaseLoad - Done materializing entity [edu.ncsu.csc.itrust2.models.persistent.LogEntry#491]
04:26:51.325 [main] DEBUG o.h.engine.internal.TwoPhaseLoad - Resolving associations for [edu.ncsu.csc.itrust2.models.persistent.LogEntry#492]
04:26:51.325 [main] DEBUG o.h.engine.internal.TwoPhaseLoad - Done materializing entity [edu.ncsu.csc.itrust2.models.persistent.LogEntry#492]
04:26:51.325 [main] DEBUG o.h.engine.internal.TwoPhaseLoad - Resolving associations for [edu.ncsu.csc.itrust2.models.persistent.LogEntry#493]
04:26:51.325 [main] DEBUG o.h.engine.internal.TwoPhaseLoad - Done materializing entity [edu.ncsu.csc.itrust2.models.persistent.LogEntry#493]
04:26:51.325 [main] DEBUG o.h.engine.internal.TwoPhaseLoad - Resolving associations for [edu.ncsu.csc.itrust2.models.persistent.LogEntry#494]
04:26:51.325 [main] DEBUG o.h.engine.internal.TwoPhaseLoad - Done materializing entity [edu.ncsu.csc.itrust2.models.persistent.LogEntry#494]
04:26:51.325 [main] DEBUG o.h.engine.internal.TwoPhaseLoad - Resolving associations for [edu.ncsu.csc.itrust2.models.persistent.LogEntry#495]
04:26:51.325 [main] DEBUG o.h.engine.internal.TwoPhaseLoad - Done materializing entity [edu.ncsu.csc.itrust2.models.persistent.LogEntry#495]
04:26:51.325 [main] DEBUG o.h.engine.internal.TwoPhaseLoad - Resolving associations for [edu.ncsu.csc.itrust2.models.persistent.LogEntry#496]
04:26:51.325 [main] DEBUG o.h.engine.internal.TwoPhaseLoad - Done materializing entity [edu.ncsu.csc.itrust2.models.persistent.LogEntry#496]
04:26:51.325 [main] DEBUG o.h.engine.internal.TwoPhaseLoad - Resolving associations for [edu.ncsu.csc.itrust2.models.persistent.LogEntry#497]
04:26:51.325 [main] DEBUG o.h.engine.internal.TwoPhaseLoad - Done materializing entity [edu.ncsu.csc.itrust2.models.persistent.LogEntry#497]
04:26:51.325 [main] DEBUG o.h.engine.internal.TwoPhaseLoad - Resolving associations for [edu.ncsu.csc.itrust2.models.persistent.LogEntry#498]
04:26:51.325 [main] DEBUG o.h.engine.internal.TwoPhaseLoad - Done materializing entity [edu.ncsu.csc.itrust2.models.persistent.LogEntry#498]
04:26:51.325 [main] DEBUG o.h.engine.internal.TwoPhaseLoad - Resolving associations for [edu.ncsu.csc.itrust2.models.persistent.LogEntry#499]
04:26:51.325 [main] DEBUG o.h.engine.internal.TwoPhaseLoad - Done materializing entity [edu.ncsu.csc.itrust2.models.persistent.LogEntry#499]
04:26:51.326 [main] DEBUG o.h.engine.internal.TwoPhaseLoad - Resolving associations for [edu.ncsu.csc.itrust2.models.persistent.LogEntry#500]
04:26:51.326 [main] DEBUG o.h.engine.internal.TwoPhaseLoad - Done materializing entity [edu.ncsu.csc.itrust2.models.persistent.LogEntry#500]
04:26:51.326 [main] DEBUG o.h.engine.internal.TwoPhaseLoad - Resolving associations for [edu.ncsu.csc.itrust2.models.persistent.LogEntry#501]
04:26:51.326 [main] DEBUG o.h.engine.internal.TwoPhaseLoad - Done materializing entity [edu.ncsu.csc.itrust2.models.persistent.LogEntry#501]
04:26:51.326 [main] DEBUG o.h.engine.internal.TwoPhaseLoad - Resolving associations for [edu.ncsu.csc.itrust2.models.persistent.LogEntry#502]
04:26:51.326 [main] DEBUG o.h.engine.internal.TwoPhaseLoad - Done materializing entity [edu.ncsu.csc.itrust2.models.persistent.LogEntry#502]
04:26:51.326 [main] DEBUG o.h.engine.internal.TwoPhaseLoad - Resolving associations for [edu.ncsu.csc.itrust2.models.persistent.LogEntry#503]
04:26:51.326 [main] DEBUG o.h.engine.internal.TwoPhaseLoad - Done materializing entity [edu.ncsu.csc.itrust2.models.persistent.LogEntry#503]
04:26:51.326 [main] DEBUG o.h.engine.internal.TwoPhaseLoad - Resolving associations for [edu.ncsu.csc.itrust2.models.persistent.LogEntry#504]
04:26:51.326 [main] DEBUG o.h.engine.internal.TwoPhaseLoad - Done materializing entity [edu.ncsu.csc.itrust2.models.persistent.LogEntry#504]
04:26:51.326 [main] DEBUG o.h.engine.internal.TwoPhaseLoad - Resolving associations for [edu.ncsu.csc.itrust2.models.persistent.LogEntry#505]
04:26:51.326 [main] DEBUG o.h.engine.internal.TwoPhaseLoad - Done materializing entity [edu.ncsu.csc.itrust2.models.persistent.LogEntry#505]
04:26:51.326 [main] DEBUG o.h.engine.internal.TwoPhaseLoad - Resolving associations for [edu.ncsu.csc.itrust2.models.persistent.LogEntry#506]
04:26:51.326 [main] DEBUG o.h.engine.internal.TwoPhaseLoad - Done materializing entity [edu.ncsu.csc.itrust2.models.persistent.LogEntry#506]
04:26:51.326 [main] DEBUG o.h.engine.internal.TwoPhaseLoad - Resolving associations for [edu.ncsu.csc.itrust2.models.persistent.LogEntry#507]
04:26:51.326 [main] DEBUG o.h.engine.internal.TwoPhaseLoad - Done materializing entity [edu.ncsu.csc.itrust2.models.persistent.LogEntry#507]
04:26:51.326 [main] DEBUG o.h.engine.internal.TwoPhaseLoad - Resolving associations for [edu.ncsu.csc.itrust2.models.persistent.LogEntry#508]
04:26:51.326 [main] DEBUG o.h.engine.internal.TwoPhaseLoad - Done materializing entity [edu.ncsu.csc.itrust2.models.persistent.LogEntry#508]
04:26:51.326 [main] DEBUG o.h.engine.internal.TwoPhaseLoad - Resolving associations for [edu.ncsu.csc.itrust2.models.persistent.LogEntry#509]
04:26:51.326 [main] DEBUG o.h.engine.internal.TwoPhaseLoad - Done materializing entity [edu.ncsu.csc.itrust2.models.persistent.LogEntry#509]
04:26:51.326 [main] DEBUG o.h.engine.internal.TwoPhaseLoad - Resolving associations for [edu.ncsu.csc.itrust2.models.persistent.LogEntry#510]
04:26:51.327 [main] DEBUG o.h.engine.internal.TwoPhaseLoad - Done materializing entity [edu.ncsu.csc.itrust2.models.persistent.LogEntry#510]
04:26:51.327 [main] DEBUG o.h.engine.internal.TwoPhaseLoad - Resolving associations for [edu.ncsu.csc.itrust2.models.persistent.LogEntry#511]
04:26:51.327 [main] DEBUG o.h.engine.internal.TwoPhaseLoad - Done materializing entity [edu.ncsu.csc.itrust2.models.persistent.LogEntry#511]
04:26:51.327 [main] DEBUG o.h.engine.internal.TwoPhaseLoad - Resolving associations for [edu.ncsu.csc.itrust2.models.persistent.LogEntry#512]
04:26:51.327 [main] DEBUG o.h.engine.internal.TwoPhaseLoad - Done materializing entity [edu.ncsu.csc.itrust2.models.persistent.LogEntry#512]
04:26:51.327 [main] DEBUG o.h.engine.internal.TwoPhaseLoad - Resolving associations for [edu.ncsu.csc.itrust2.models.persistent.LogEntry#513]
04:26:51.327 [main] DEBUG o.h.engine.internal.TwoPhaseLoad - Done materializing entity [edu.ncsu.csc.itrust2.models.persistent.LogEntry#513]
04:26:51.327 [main] DEBUG o.h.engine.internal.TwoPhaseLoad - Resolving associations for [edu.ncsu.csc.itrust2.models.persistent.LogEntry#514]
04:26:51.327 [main] DEBUG o.h.engine.internal.TwoPhaseLoad - Done materializing entity [edu.ncsu.csc.itrust2.models.persistent.LogEntry#514]
04:26:51.327 [main] DEBUG o.h.engine.internal.TwoPhaseLoad - Resolving associations for [edu.ncsu.csc.itrust2.models.persistent.LogEntry#515]
04:26:51.327 [main] DEBUG o.h.engine.internal.TwoPhaseLoad - Done materializing entity [edu.ncsu.csc.itrust2.models.persistent.LogEntry#515]
04:26:51.327 [main] DEBUG o.h.engine.internal.TwoPhaseLoad - Resolving associations for [edu.ncsu.csc.itrust2.models.persistent.LogEntry#516]
04:26:51.327 [main] DEBUG o.h.engine.internal.TwoPhaseLoad - Done materializing entity [edu.ncsu.csc.itrust2.models.persistent.LogEntry#516]
04:26:51.327 [main] DEBUG o.h.engine.internal.TwoPhaseLoad - Resolving associations for [edu.ncsu.csc.itrust2.models.persistent.LogEntry#517]
04:26:51.327 [main] DEBUG o.h.engine.internal.TwoPhaseLoad - Done materializing entity [edu.ncsu.csc.itrust2.models.persistent.LogEntry#517]
04:26:51.327 [main] DEBUG o.h.engine.internal.TwoPhaseLoad - Resolving associations for [edu.ncsu.csc.itrust2.models.persistent.LogEntry#518]
04:26:51.327 [main] DEBUG o.h.engine.internal.TwoPhaseLoad - Done materializing entity [edu.ncsu.csc.itrust2.models.persistent.LogEntry#518]
04:26:51.327 [main] DEBUG o.h.engine.internal.TwoPhaseLoad - Resolving associations for [edu.ncsu.csc.itrust2.models.persistent.LogEntry#519]
04:26:51.327 [main] DEBUG o.h.engine.internal.TwoPhaseLoad - Done materializing entity [edu.ncsu.csc.itrust2.models.persistent.LogEntry#519]
04:26:51.327 [main] DEBUG o.h.engine.internal.TwoPhaseLoad - Resolving associations for [edu.ncsu.csc.itrust2.models.persistent.LogEntry#520]
04:26:51.327 [main] DEBUG o.h.engine.internal.TwoPhaseLoad - Done materializing entity [edu.ncsu.csc.itrust2.models.persistent.LogEntry#520]
04:26:51.327 [main] DEBUG o.h.engine.internal.TwoPhaseLoad - Resolving associations for [edu.ncsu.csc.itrust2.models.persistent.LogEntry#521]
04:26:51.327 [main] DEBUG o.h.engine.internal.TwoPhaseLoad - Done materializing entity [edu.ncsu.csc.itrust2.models.persistent.LogEntry#521]
04:26:51.327 [main] DEBUG o.h.engine.internal.TwoPhaseLoad - Resolving associations for [edu.ncsu.csc.itrust2.models.persistent.LogEntry#522]
04:26:51.328 [main] DEBUG o.h.engine.internal.TwoPhaseLoad - Done materializing entity [edu.ncsu.csc.itrust2.models.persistent.LogEntry#522]
04:26:51.328 [main] DEBUG o.h.engine.internal.TwoPhaseLoad - Resolving associations for [edu.ncsu.csc.itrust2.models.persistent.LogEntry#523]
04:26:51.328 [main] DEBUG o.h.engine.internal.TwoPhaseLoad - Done materializing entity [edu.ncsu.csc.itrust2.models.persistent.LogEntry#523]
04:26:51.328 [main] DEBUG o.h.engine.internal.TwoPhaseLoad - Resolving associations for [edu.ncsu.csc.itrust2.models.persistent.LogEntry#524]
04:26:51.328 [main] DEBUG o.h.engine.internal.TwoPhaseLoad - Done materializing entity [edu.ncsu.csc.itrust2.models.persistent.LogEntry#524]
04:26:51.328 [main] DEBUG o.h.engine.internal.TwoPhaseLoad - Resolving associations for [edu.ncsu.csc.itrust2.models.persistent.LogEntry#525]
04:26:51.328 [main] DEBUG o.h.engine.internal.TwoPhaseLoad - Done materializing entity [edu.ncsu.csc.itrust2.models.persistent.LogEntry#525]
04:26:51.328 [main] DEBUG o.h.engine.internal.TwoPhaseLoad - Resolving associations for [edu.ncsu.csc.itrust2.models.persistent.LogEntry#526]
04:26:51.328 [main] DEBUG o.h.engine.internal.TwoPhaseLoad - Done materializing entity [edu.ncsu.csc.itrust2.models.persistent.LogEntry#526]
04:26:51.328 [main] DEBUG o.h.engine.internal.TwoPhaseLoad - Resolving associations for [edu.ncsu.csc.itrust2.models.persistent.LogEntry#527]
04:26:51.328 [main] DEBUG o.h.engine.internal.TwoPhaseLoad - Done materializing entity [edu.ncsu.csc.itrust2.models.persistent.LogEntry#527]
04:26:51.328 [main] DEBUG o.h.engine.internal.TwoPhaseLoad - Resolving associations for [edu.ncsu.csc.itrust2.models.persistent.LogEntry#528]
04:26:51.328 [main] DEBUG o.h.engine.internal.TwoPhaseLoad - Done materializing entity [edu.ncsu.csc.itrust2.models.persistent.LogEntry#528]
04:26:51.328 [main] DEBUG o.h.engine.internal.TwoPhaseLoad - Resolving associations for [edu.ncsu.csc.itrust2.models.persistent.LogEntry#529]
04:26:51.328 [main] DEBUG o.h.engine.internal.TwoPhaseLoad - Done materializing entity [edu.ncsu.csc.itrust2.models.persistent.LogEntry#529]
04:26:51.328 [main] DEBUG o.h.engine.internal.TwoPhaseLoad - Resolving associations for [edu.ncsu.csc.itrust2.models.persistent.LogEntry#530]
04:26:51.328 [main] DEBUG o.h.engine.internal.TwoPhaseLoad - Done materializing entity [edu.ncsu.csc.itrust2.models.persistent.LogEntry#530]
04:26:51.328 [main] DEBUG o.h.engine.internal.TwoPhaseLoad - Resolving associations for [edu.ncsu.csc.itrust2.models.persistent.LogEntry#531]
04:26:51.328 [main] DEBUG o.h.engine.internal.TwoPhaseLoad - Done materializing entity [edu.ncsu.csc.itrust2.models.persistent.LogEntry#531]
04:26:51.328 [main] DEBUG o.h.engine.internal.TwoPhaseLoad - Resolving associations for [edu.ncsu.csc.itrust2.models.persistent.LogEntry#532]
04:26:51.328 [main] DEBUG o.h.engine.internal.TwoPhaseLoad - Done materializing entity [edu.ncsu.csc.itrust2.models.persistent.LogEntry#532]
04:26:51.328 [main] DEBUG o.h.engine.internal.TwoPhaseLoad - Resolving associations for [edu.ncsu.csc.itrust2.models.persistent.LogEntry#533]
04:26:51.328 [main] DEBUG o.h.engine.internal.TwoPhaseLoad - Done materializing entity [edu.ncsu.csc.itrust2.models.persistent.LogEntry#533]
04:26:51.328 [main] DEBUG o.h.engine.internal.TwoPhaseLoad - Resolving associations for [edu.ncsu.csc.itrust2.models.persistent.LogEntry#534]
04:26:51.329 [main] DEBUG o.h.engine.internal.TwoPhaseLoad - Done materializing entity [edu.ncsu.csc.itrust2.models.persistent.LogEntry#534]
04:26:51.334 [main] DEBUG o.h.e.t.internal.TransactionImpl - committing
04:26:51.334 [main] DEBUG o.h.e.i.AbstractFlushingEventListener - Processing flush-time cascades
04:26:51.334 [main] DEBUG o.h.e.i.AbstractFlushingEventListener - Dirty checking collections
04:26:51.339 [main] DEBUG o.h.e.i.AbstractFlushingEventListener - Flushed: 0 insertions, 0 updates, 0 deletions to 500 objects
04:26:51.339 [main] DEBUG o.h.e.i.AbstractFlushingEventListener - Flushed: 0 (re)creations, 0 updates, 0 removals to 0 collections
04:26:51.339 [main] DEBUG o.h.internal.util.EntityPrinter - Listing entities:
04:26:51.339 [main] DEBUG o.h.internal.util.EntityPrinter - edu.ncsu.csc.itrust2.models.persistent.LogEntry{secondaryUser=null, logCode=5, primaryUser=logapitest, id=395, time=java.util.GregorianCalendar[time=1521606410000,areFieldsSet=true,areAllFieldsSet=true,lenient=true,zone=sun.util.calendar.ZoneInfo[id="Etc/UTC",offset=0,dstSavings=0,useDaylight=false,transitions=0,lastRule=null],firstDayOfWeek=1,minimalDaysInFirstWeek=1,ERA=1,YEAR=2018,MONTH=2,WEEK_OF_YEAR=12,WEEK_OF_MONTH=4,DAY_OF_MONTH=21,DAY_OF_YEAR=80,DAY_OF_WEEK=4,DAY_OF_WEEK_IN_MONTH=3,AM_PM=0,HOUR=4,HOUR_OF_DAY=4,MINUTE=26,SECOND=50,MILLISECOND=0,ZONE_OFFSET=0,DST_OFFSET=0], message=null}
04:26:51.339 [main] DEBUG o.h.internal.util.EntityPrinter - edu.ncsu.csc.itrust2.models.persistent.LogEntry{secondaryUser=null, logCode=5, primaryUser=logapitest, id=396, time=java.util.GregorianCalendar[time=1521606410000,areFieldsSet=true,areAllFieldsSet=true,lenient=true,zone=sun.util.calendar.ZoneInfo[id="Etc/UTC",offset=0,dstSavings=0,useDaylight=false,transitions=0,lastRule=null],firstDayOfWeek=1,minimalDaysInFirstWeek=1,ERA=1,YEAR=2018,MONTH=2,WEEK_OF_YEAR=12,WEEK_OF_MONTH=4,DAY_OF_MONTH=21,DAY_OF_YEAR=80,DAY_OF_WEEK=4,DAY_OF_WEEK_IN_MONTH=3,AM_PM=0,HOUR=4,HOUR_OF_DAY=4,MINUTE=26,SECOND=50,MILLISECOND=0,ZONE_OFFSET=0,DST_OFFSET=0], message=null}
04:26:51.339 [main] DEBUG o.h.internal.util.EntityPrinter - edu.ncsu.csc.itrust2.models.persistent.LogEntry{secondaryUser=null, logCode=5, primaryUser=logapitest, id=397, time=java.util.GregorianCalendar[time=1521606410000,areFieldsSet=true,areAllFieldsSet=true,lenient=true,zone=sun.util.calendar.ZoneInfo[id="Etc/UTC",offset=0,dstSavings=0,useDaylight=false,transitions=0,lastRule=null],firstDayOfWeek=1,minimalDaysInFirstWeek=1,ERA=1,YEAR=2018,MONTH=2,WEEK_OF_YEAR=12,WEEK_OF_MONTH=4,DAY_OF_MONTH=21,DAY_OF_YEAR=80,DAY_OF_WEEK=4,DAY_OF_WEEK_IN_MONTH=3,AM_PM=0,HOUR=4,HOUR_OF_DAY=4,MINUTE=26,SECOND=50,MILLISECOND=0,ZONE_OFFSET=0,DST_OFFSET=0], message=null}
04:26:51.339 [main] DEBUG o.h.internal.util.EntityPrinter - edu.ncsu.csc.itrust2.models.persistent.LogEntry{secondaryUser=null, logCode=5, primaryUser=logapitest, id=398, time=java.util.GregorianCalendar[time=1521606410000,areFieldsSet=true,areAllFieldsSet=true,lenient=true,zone=sun.util.calendar.ZoneInfo[id="Etc/UTC",offset=0,dstSavings=0,useDaylight=false,transitions=0,lastRule=null],firstDayOfWeek=1,minimalDaysInFirstWeek=1,ERA=1,YEAR=2018,MONTH=2,WEEK_OF_YEAR=12,WEEK_OF_MONTH=4,DAY_OF_MONTH=21,DAY_OF_YEAR=80,DAY_OF_WEEK=4,DAY_OF_WEEK_IN_MONTH=3,AM_PM=0,HOUR=4,HOUR_OF_DAY=4,MINUTE=26,SECOND=50,MILLISECOND=0,ZONE_OFFSET=0,DST_OFFSET=0], message=null}
04:26:51.339 [main] DEBUG o.h.internal.util.EntityPrinter - edu.ncsu.csc.itrust2.models.persistent.LogEntry{secondaryUser=null, logCode=5, primaryUser=logapitest, id=399, time=java.util.GregorianCalendar[time=1521606410000,areFieldsSet=true,areAllFieldsSet=true,lenient=true,zone=sun.util.calendar.ZoneInfo[id="Etc/UTC",offset=0,dstSavings=0,useDaylight=false,transitions=0,lastRule=null],firstDayOfWeek=1,minimalDaysInFirstWeek=1,ERA=1,YEAR=2018,MONTH=2,WEEK_OF_YEAR=12,WEEK_OF_MONTH=4,DAY_OF_MONTH=21,DAY_OF_YEAR=80,DAY_OF_WEEK=4,DAY_OF_WEEK_IN_MONTH=3,AM_PM=0,HOUR=4,HOUR_OF_DAY=4,MINUTE=26,SECOND=50,MILLISECOND=0,ZONE_OFFSET=0,DST_OFFSET=0], message=null}
04:26:51.339 [main] DEBUG o.h.internal.util.EntityPrinter - edu.ncsu.csc.itrust2.models.persistent.LogEntry{secondaryUser=null, logCode=5, primaryUser=logapitest, id=400, time=java.util.GregorianCalendar[time=1521606410000,areFieldsSet=true,areAllFieldsSet=true,lenient=true,zone=sun.util.calendar.ZoneInfo[id="Etc/UTC",offset=0,dstSavings=0,useDaylight=false,transitions=0,lastRule=null],firstDayOfWeek=1,minimalDaysInFirstWeek=1,ERA=1,YEAR=2018,MONTH=2,WEEK_OF_YEAR=12,WEEK_OF_MONTH=4,DAY_OF_MONTH=21,DAY_OF_YEAR=80,DAY_OF_WEEK=4,DAY_OF_WEEK_IN_MONTH=3,AM_PM=0,HOUR=4,HOUR_OF_DAY=4,MINUTE=26,SECOND=50,MILLISECOND=0,ZONE_OFFSET=0,DST_OFFSET=0], message=null}
04:26:51.339 [main] DEBUG o.h.internal.util.EntityPrinter - edu.ncsu.csc.itrust2.models.persistent.LogEntry{secondaryUser=null, logCode=5, primaryUser=logapitest, id=401, time=java.util.GregorianCalendar[time=1521606410000,areFieldsSet=true,areAllFieldsSet=true,lenient=true,zone=sun.util.calendar.ZoneInfo[id="Etc/UTC",offset=0,dstSavings=0,useDaylight=false,transitions=0,lastRule=null],firstDayOfWeek=1,minimalDaysInFirstWeek=1,ERA=1,YEAR=2018,MONTH=2,WEEK_OF_YEAR=12,WEEK_OF_MONTH=4,DAY_OF_MONTH=21,DAY_OF_YEAR=80,DAY_OF_WEEK=4,DAY_OF_WEEK_IN_MONTH=3,AM_PM=0,HOUR=4,HOUR_OF_DAY=4,MINUTE=26,SECOND=50,MILLISECOND=0,ZONE_OFFSET=0,DST_OFFSET=0], message=null}
04:26:51.340 [main] DEBUG o.h.internal.util.EntityPrinter - edu.ncsu.csc.itrust2.models.persistent.LogEntry{secondaryUser=null, logCode=5, primaryUser=logapitest, id=402, time=java.util.GregorianCalendar[time=1521606410000,areFieldsSet=true,areAllFieldsSet=true,lenient=true,zone=sun.util.calendar.ZoneInfo[id="Etc/UTC",offset=0,dstSavings=0,useDaylight=false,transitions=0,lastRule=null],firstDayOfWeek=1,minimalDaysInFirstWeek=1,ERA=1,YEAR=2018,MONTH=2,WEEK_OF_YEAR=12,WEEK_OF_MONTH=4,DAY_OF_MONTH=21,DAY_OF_YEAR=80,DAY_OF_WEEK=4,DAY_OF_WEEK_IN_MONTH=3,AM_PM=0,HOUR=4,HOUR_OF_DAY=4,MINUTE=26,SECOND=50,MILLISECOND=0,ZONE_OFFSET=0,DST_OFFSET=0], message=null}
04:26:51.340 [main] DEBUG o.h.internal.util.EntityPrinter - edu.ncsu.csc.itrust2.models.persistent.LogEntry{secondaryUser=null, logCode=5, primaryUser=logapitest, id=403, time=java.util.GregorianCalendar[time=1521606410000,areFieldsSet=true,areAllFieldsSet=true,lenient=true,zone=sun.util.calendar.ZoneInfo[id="Etc/UTC",offset=0,dstSavings=0,useDaylight=false,transitions=0,lastRule=null],firstDayOfWeek=1,minimalDaysInFirstWeek=1,ERA=1,YEAR=2018,MONTH=2,WEEK_OF_YEAR=12,WEEK_OF_MONTH=4,DAY_OF_MONTH=21,DAY_OF_YEAR=80,DAY_OF_WEEK=4,DAY_OF_WEEK_IN_MONTH=3,AM_PM=0,HOUR=4,HOUR_OF_DAY=4,MINUTE=26,SECOND=50,MILLISECOND=0,ZONE_OFFSET=0,DST_OFFSET=0], message=null}
04:26:51.340 [main] DEBUG o.h.internal.util.EntityPrinter - edu.ncsu.csc.itrust2.models.persistent.LogEntry{secondaryUser=null, logCode=5, primaryUser=logapitest, id=404, time=java.util.GregorianCalendar[time=1521606410000,areFieldsSet=true,areAllFieldsSet=true,lenient=true,zone=sun.util.calendar.ZoneInfo[id="Etc/UTC",offset=0,dstSavings=0,useDaylight=false,transitions=0,lastRule=null],firstDayOfWeek=1,minimalDaysInFirstWeek=1,ERA=1,YEAR=2018,MONTH=2,WEEK_OF_YEAR=12,WEEK_OF_MONTH=4,DAY_OF_MONTH=21,DAY_OF_YEAR=80,DAY_OF_WEEK=4,DAY_OF_WEEK_IN_MONTH=3,AM_PM=0,HOUR=4,HOUR_OF_DAY=4,MINUTE=26,SECOND=50,MILLISECOND=0,ZONE_OFFSET=0,DST_OFFSET=0], message=null}
04:26:51.340 [main] DEBUG o.h.internal.util.EntityPrinter - edu.ncsu.csc.itrust2.models.persistent.LogEntry{secondaryUser=null, logCode=5, primaryUser=logapitest, id=405, time=java.util.GregorianCalendar[time=1521606410000,areFieldsSet=true,areAllFieldsSet=true,lenient=true,zone=sun.util.calendar.ZoneInfo[id="Etc/UTC",offset=0,dstSavings=0,useDaylight=false,transitions=0,lastRule=null],firstDayOfWeek=1,minimalDaysInFirstWeek=1,ERA=1,YEAR=2018,MONTH=2,WEEK_OF_YEAR=12,WEEK_OF_MONTH=4,DAY_OF_MONTH=21,DAY_OF_YEAR=80,DAY_OF_WEEK=4,DAY_OF_WEEK_IN_MONTH=3,AM_PM=0,HOUR=4,HOUR_OF_DAY=4,MINUTE=26,SECOND=50,MILLISECOND=0,ZONE_OFFSET=0,DST_OFFSET=0], message=null}
04:26:51.340 [main] DEBUG o.h.internal.util.EntityPrinter - edu.ncsu.csc.itrust2.models.persistent.LogEntry{secondaryUser=null, logCode=5, primaryUser=logapitest, id=406, time=java.util.GregorianCalendar[time=1521606410000,areFieldsSet=true,areAllFieldsSet=true,lenient=true,zone=sun.util.calendar.ZoneInfo[id="Etc/UTC",offset=0,dstSavings=0,useDaylight=false,transitions=0,lastRule=null],firstDayOfWeek=1,minimalDaysInFirstWeek=1,ERA=1,YEAR=2018,MONTH=2,WEEK_OF_YEAR=12,WEEK_OF_MONTH=4,DAY_OF_MONTH=21,DAY_OF_YEAR=80,DAY_OF_WEEK=4,DAY_OF_WEEK_IN_MONTH=3,AM_PM=0,HOUR=4,HOUR_OF_DAY=4,MINUTE=26,SECOND=50,MILLISECOND=0,ZONE_OFFSET=0,DST_OFFSET=0], message=null}
04:26:51.340 [main] DEBUG o.h.internal.util.EntityPrinter - edu.ncsu.csc.itrust2.models.persistent.LogEntry{secondaryUser=null, logCode=5, primaryUser=logapitest, id=407, time=java.util.GregorianCalendar[time=1521606410000,areFieldsSet=true,areAllFieldsSet=true,lenient=true,zone=sun.util.calendar.ZoneInfo[id="Etc/UTC",offset=0,dstSavings=0,useDaylight=false,transitions=0,lastRule=null],firstDayOfWeek=1,minimalDaysInFirstWeek=1,ERA=1,YEAR=2018,MONTH=2,WEEK_OF_YEAR=12,WEEK_OF_MONTH=4,DAY_OF_MONTH=21,DAY_OF_YEAR=80,DAY_OF_WEEK=4,DAY_OF_WEEK_IN_MONTH=3,AM_PM=0,HOUR=4,HOUR_OF_DAY=4,MINUTE=26,SECOND=50,MILLISECOND=0,ZONE_OFFSET=0,DST_OFFSET=0], message=null}
04:26:51.340 [main] DEBUG o.h.internal.util.EntityPrinter - edu.ncsu.csc.itrust2.models.persistent.LogEntry{secondaryUser=null, logCode=5, primaryUser=logapitest, id=408, time=java.util.GregorianCalendar[time=1521606410000,areFieldsSet=true,areAllFieldsSet=true,lenient=true,zone=sun.util.calendar.ZoneInfo[id="Etc/UTC",offset=0,dstSavings=0,useDaylight=false,transitions=0,lastRule=null],firstDayOfWeek=1,minimalDaysInFirstWeek=1,ERA=1,YEAR=2018,MONTH=2,WEEK_OF_YEAR=12,WEEK_OF_MONTH=4,DAY_OF_MONTH=21,DAY_OF_YEAR=80,DAY_OF_WEEK=4,DAY_OF_WEEK_IN_MONTH=3,AM_PM=0,HOUR=4,HOUR_OF_DAY=4,MINUTE=26,SECOND=50,MILLISECOND=0,ZONE_OFFSET=0,DST_OFFSET=0], message=null}
04:26:51.340 [main] DEBUG o.h.internal.util.EntityPrinter - edu.ncsu.csc.itrust2.models.persistent.LogEntry{secondaryUser=null, logCode=5, primaryUser=logapitest, id=409, time=java.util.GregorianCalendar[time=1521606410000,areFieldsSet=true,areAllFieldsSet=true,lenient=true,zone=sun.util.calendar.ZoneInfo[id="Etc/UTC",offset=0,dstSavings=0,useDaylight=false,transitions=0,lastRule=null],firstDayOfWeek=1,minimalDaysInFirstWeek=1,ERA=1,YEAR=2018,MONTH=2,WEEK_OF_YEAR=12,WEEK_OF_MONTH=4,DAY_OF_MONTH=21,DAY_OF_YEAR=80,DAY_OF_WEEK=4,DAY_OF_WEEK_IN_MONTH=3,AM_PM=0,HOUR=4,HOUR_OF_DAY=4,MINUTE=26,SECOND=50,MILLISECOND=0,ZONE_OFFSET=0,DST_OFFSET=0], message=null}
04:26:51.340 [main] DEBUG o.h.internal.util.EntityPrinter - edu.ncsu.csc.itrust2.models.persistent.LogEntry{secondaryUser=null, logCode=5, primaryUser=logapitest, id=410, time=java.util.GregorianCalendar[time=1521606410000,areFieldsSet=true,areAllFieldsSet=true,lenient=true,zone=sun.util.calendar.ZoneInfo[id="Etc/UTC",offset=0,dstSavings=0,useDaylight=false,transitions=0,lastRule=null],firstDayOfWeek=1,minimalDaysInFirstWeek=1,ERA=1,YEAR=2018,MONTH=2,WEEK_OF_YEAR=12,WEEK_OF_MONTH=4,DAY_OF_MONTH=21,DAY_OF_YEAR=80,DAY_OF_WEEK=4,DAY_OF_WEEK_IN_MONTH=3,AM_PM=0,HOUR=4,HOUR_OF_DAY=4,MINUTE=26,SECOND=50,MILLISECOND=0,ZONE_OFFSET=0,DST_OFFSET=0], message=null}
04:26:51.340 [main] DEBUG o.h.internal.util.EntityPrinter - edu.ncsu.csc.itrust2.models.persistent.LogEntry{secondaryUser=null, logCode=5, primaryUser=logapitest, id=411, time=java.util.GregorianCalendar[time=1521606410000,areFieldsSet=true,areAllFieldsSet=true,lenient=true,zone=sun.util.calendar.ZoneInfo[id="Etc/UTC",offset=0,dstSavings=0,useDaylight=false,transitions=0,lastRule=null],firstDayOfWeek=1,minimalDaysInFirstWeek=1,ERA=1,YEAR=2018,MONTH=2,WEEK_OF_YEAR=12,WEEK_OF_MONTH=4,DAY_OF_MONTH=21,DAY_OF_YEAR=80,DAY_OF_WEEK=4,DAY_OF_WEEK_IN_MONTH=3,AM_PM=0,HOUR=4,HOUR_OF_DAY=4,MINUTE=26,SECOND=50,MILLISECOND=0,ZONE_OFFSET=0,DST_OFFSET=0], message=null}
04:26:51.340 [main] DEBUG o.h.internal.util.EntityPrinter - edu.ncsu.csc.itrust2.models.persistent.LogEntry{secondaryUser=null, logCode=5, primaryUser=logapitest, id=412, time=java.util.GregorianCalendar[time=1521606410000,areFieldsSet=true,areAllFieldsSet=true,lenient=true,zone=sun.util.calendar.ZoneInfo[id="Etc/UTC",offset=0,dstSavings=0,useDaylight=false,transitions=0,lastRule=null],firstDayOfWeek=1,minimalDaysInFirstWeek=1,ERA=1,YEAR=2018,MONTH=2,WEEK_OF_YEAR=12,WEEK_OF_MONTH=4,DAY_OF_MONTH=21,DAY_OF_YEAR=80,DAY_OF_WEEK=4,DAY_OF_WEEK_IN_MONTH=3,AM_PM=0,HOUR=4,HOUR_OF_DAY=4,MINUTE=26,SECOND=50,MILLISECOND=0,ZONE_OFFSET=0,DST_OFFSET=0], message=null}
04:26:51.340 [main] DEBUG o.h.internal.util.EntityPrinter - edu.ncsu.csc.itrust2.models.persistent.LogEntry{secondaryUser=null, logCode=5, primaryUser=logapitest, id=413, time=java.util.GregorianCalendar[time=1521606410000,areFieldsSet=true,areAllFieldsSet=true,lenient=true,zone=sun.util.calendar.ZoneInfo[id="Etc/UTC",offset=0,dstSavings=0,useDaylight=false,transitions=0,lastRule=null],firstDayOfWeek=1,minimalDaysInFirstWeek=1,ERA=1,YEAR=2018,MONTH=2,WEEK_OF_YEAR=12,WEEK_OF_MONTH=4,DAY_OF_MONTH=21,DAY_OF_YEAR=80,DAY_OF_WEEK=4,DAY_OF_WEEK_IN_MONTH=3,AM_PM=0,HOUR=4,HOUR_OF_DAY=4,MINUTE=26,SECOND=50,MILLISECOND=0,ZONE_OFFSET=0,DST_OFFSET=0], message=null}
04:26:51.340 [main] DEBUG o.h.internal.util.EntityPrinter - edu.ncsu.csc.itrust2.models.persistent.LogEntry{secondaryUser=null, logCode=5, primaryUser=logapitest, id=414, time=java.util.GregorianCalendar[time=1521606410000,areFieldsSet=true,areAllFieldsSet=true,lenient=true,zone=sun.util.calendar.ZoneInfo[id="Etc/UTC",offset=0,dstSavings=0,useDaylight=false,transitions=0,lastRule=null],firstDayOfWeek=1,minimalDaysInFirstWeek=1,ERA=1,YEAR=2018,MONTH=2,WEEK_OF_YEAR=12,WEEK_OF_MONTH=4,DAY_OF_MONTH=21,DAY_OF_YEAR=80,DAY_OF_WEEK=4,DAY_OF_WEEK_IN_MONTH=3,AM_PM=0,HOUR=4,HOUR_OF_DAY=4,MINUTE=26,SECOND=50,MILLISECOND=0,ZONE_OFFSET=0,DST_OFFSET=0], message=null}
04:26:51.340 [main] DEBUG o.h.internal.util.EntityPrinter - edu.ncsu.csc.itrust2.models.persistent.LogEntry{secondaryUser=null, logCode=5, primaryUser=logapitest, id=415, time=java.util.GregorianCalendar[time=1521606410000,areFieldsSet=true,areAllFieldsSet=true,lenient=true,zone=sun.util.calendar.ZoneInfo[id="Etc/UTC",offset=0,dstSavings=0,useDaylight=false,transitions=0,lastRule=null],firstDayOfWeek=1,minimalDaysInFirstWeek=1,ERA=1,YEAR=2018,MONTH=2,WEEK_OF_YEAR=12,WEEK_OF_MONTH=4,DAY_OF_MONTH=21,DAY_OF_YEAR=80,DAY_OF_WEEK=4,DAY_OF_WEEK_IN_MONTH=3,AM_PM=0,HOUR=4,HOUR_OF_DAY=4,MINUTE=26,SECOND=50,MILLISECOND=0,ZONE_OFFSET=0,DST_OFFSET=0], message=null}
04:26:51.340 [main] DEBUG o.h.internal.util.EntityPrinter - More......
04:26:51.342 [main] DEBUG o.s.w.s.m.m.a.HttpEntityMethodProcessor - Written [{"status":"failed","message":"Error retrieving Log Entries"}] as "text/plain" using [org.springframework.http.converter.StringHttpMessageConverter@44167adf]
04:26:51.342 [main] DEBUG o.s.t.w.s.TestDispatcherServlet - Null ModelAndView returned to DispatcherServlet with name '': assuming HandlerAdapter completed request handling
04:26:51.342 [main] DEBUG o.s.t.w.s.TestDispatcherServlet - Successfully completed request
04:26:51.343 [main] DEBUG o.s.t.c.s.AbstractDirtiesContextTestExecutionListener - After test method: context [DefaultTestContext@5e409d86 testClass = APILogEntryTest, testInstance = edu.ncsu.csc.itrust2.apitest.APILogEntryTest@37fa63eb, testMethod = testLogByDateLarge@APILogEntryTest, testException = java.lang.AssertionError: Status expected:<200> but was:<500>, mergedContextConfiguration = [WebMergedContextConfiguration@3af62fa2 testClass = APILogEntryTest, locations = '{}', classes = '{class edu.ncsu.csc.itrust2.config.RootConfiguration, class edu.ncsu.csc.itrust2.mvc.config.WebMvcConfiguration}', contextInitializerClasses = '[]', activeProfiles = '{}', propertySourceLocations = '{}', propertySourceProperties = '{}', contextCustomizers = set[[empty]], resourceBasePath = 'src/main/webapp', contextLoader = 'org.springframework.test.context.web.WebDelegatingSmartContextLoader', parent = [null]]], class annotated with @DirtiesContext [false] with mode [null], method annotated with @DirtiesContext [false] with mode [null].
04:26:51.343 [main] DEBUG o.s.t.c.w.ServletTestExecutionListener - Resetting RequestContextHolder for test context [DefaultTestContext@5e409d86 testClass = APILogEntryTest, testInstance = edu.ncsu.csc.itrust2.apitest.APILogEntryTest@37fa63eb, testMethod = testLogByDateLarge@APILogEntryTest, testException = java.lang.AssertionError: Status expected:<200> but was:<500>, mergedContextConfiguration = [WebMergedContextConfiguration@3af62fa2 testClass = APILogEntryTest, locations = '{}', classes = '{class edu.ncsu.csc.itrust2.config.RootConfiguration, class edu.ncsu.csc.itrust2.mvc.config.WebMvcConfiguration}', contextInitializerClasses = '[]', activeProfiles = '{}', propertySourceLocations = '{}', propertySourceProperties = '{}', contextCustomizers = set[[empty]], resourceBasePath = 'src/main/webapp', contextLoader = 'org.springframework.test.context.web.WebDelegatingSmartContextLoader', parent = [null]]].
]]></system-out>
  </testcase>
  <testcase name="testLogByDate" classname="edu.ncsu.csc.itrust2.apitest.APILogEntryTest" time="0.023">
    <failure message="Status expected:&lt;200&gt; but was:&lt;500&gt;" type="java.lang.AssertionError"><![CDATA[java.lang.AssertionError: Status expected:<200> but was:<500>
	at edu.ncsu.csc.itrust2.apitest.APILogEntryTest.testLogByDate(APILogEntryTest.java:69)
]]></failure>
    <system-out><![CDATA[04:26:51.344 [main] DEBUG o.s.t.annotation.ProfileValueUtils - Retrieved @ProfileValueSourceConfiguration [null] for test class [edu.ncsu.csc.itrust2.apitest.APILogEntryTest]
04:26:51.344 [main] DEBUG o.s.t.annotation.ProfileValueUtils - Retrieved ProfileValueSource type [class org.springframework.test.annotation.SystemProfileValueSource] for class [edu.ncsu.csc.itrust2.apitest.APILogEntryTest]
04:26:51.345 [main] DEBUG o.s.t.c.c.DefaultCacheAwareContextLoaderDelegate - Retrieved ApplicationContext from cache with key [[WebMergedContextConfiguration@3af62fa2 testClass = APILogEntryTest, locations = '{}', classes = '{class edu.ncsu.csc.itrust2.config.RootConfiguration, class edu.ncsu.csc.itrust2.mvc.config.WebMvcConfiguration}', contextInitializerClasses = '[]', activeProfiles = '{}', propertySourceLocations = '{}', propertySourceProperties = '{}', contextCustomizers = set[[empty]], resourceBasePath = 'src/main/webapp', contextLoader = 'org.springframework.test.context.web.WebDelegatingSmartContextLoader', parent = [null]]]
04:26:51.345 [main] DEBUG o.springframework.test.context.cache - Spring test ApplicationContext cache statistics: [DefaultContextCache@374d09fa size = 1, maxSize = 32, parentContextCount = 0, hitCount = 34, missCount = 1]
04:26:51.345 [main] DEBUG o.s.t.c.w.ServletTestExecutionListener - Setting up MockHttpServletRequest, MockHttpServletResponse, ServletWebRequest, and RequestContextHolder for test context [DefaultTestContext@5e409d86 testClass = APILogEntryTest, testInstance = edu.ncsu.csc.itrust2.apitest.APILogEntryTest@10e356c1, testMethod = [null], testException = [null], mergedContextConfiguration = [WebMergedContextConfiguration@3af62fa2 testClass = APILogEntryTest, locations = '{}', classes = '{class edu.ncsu.csc.itrust2.config.RootConfiguration, class edu.ncsu.csc.itrust2.mvc.config.WebMvcConfiguration}', contextInitializerClasses = '[]', activeProfiles = '{}', propertySourceLocations = '{}', propertySourceProperties = '{}', contextCustomizers = set[[empty]], resourceBasePath = 'src/main/webapp', contextLoader = 'org.springframework.test.context.web.WebDelegatingSmartContextLoader', parent = [null]]].
04:26:51.345 [main] DEBUG o.s.t.c.s.DependencyInjectionTestExecutionListener - Performing dependency injection for test context [[DefaultTestContext@5e409d86 testClass = APILogEntryTest, testInstance = edu.ncsu.csc.itrust2.apitest.APILogEntryTest@10e356c1, testMethod = [null], testException = [null], mergedContextConfiguration = [WebMergedContextConfiguration@3af62fa2 testClass = APILogEntryTest, locations = '{}', classes = '{class edu.ncsu.csc.itrust2.config.RootConfiguration, class edu.ncsu.csc.itrust2.mvc.config.WebMvcConfiguration}', contextInitializerClasses = '[]', activeProfiles = '{}', propertySourceLocations = '{}', propertySourceProperties = '{}', contextCustomizers = set[[empty]], resourceBasePath = 'src/main/webapp', contextLoader = 'org.springframework.test.context.web.WebDelegatingSmartContextLoader', parent = [null]]]].
04:26:51.345 [main] DEBUG o.s.t.c.c.DefaultCacheAwareContextLoaderDelegate - Retrieved ApplicationContext from cache with key [[WebMergedContextConfiguration@3af62fa2 testClass = APILogEntryTest, locations = '{}', classes = '{class edu.ncsu.csc.itrust2.config.RootConfiguration, class edu.ncsu.csc.itrust2.mvc.config.WebMvcConfiguration}', contextInitializerClasses = '[]', activeProfiles = '{}', propertySourceLocations = '{}', propertySourceProperties = '{}', contextCustomizers = set[[empty]], resourceBasePath = 'src/main/webapp', contextLoader = 'org.springframework.test.context.web.WebDelegatingSmartContextLoader', parent = [null]]]
04:26:51.346 [main] DEBUG o.springframework.test.context.cache - Spring test ApplicationContext cache statistics: [DefaultContextCache@374d09fa size = 1, maxSize = 32, parentContextCount = 0, hitCount = 35, missCount = 1]
04:26:51.346 [main] DEBUG o.s.b.f.annotation.InjectionMetadata - Processing injected element of bean 'edu.ncsu.csc.itrust2.apitest.APILogEntryTest': AutowiredFieldElement for private org.springframework.web.context.WebApplicationContext edu.ncsu.csc.itrust2.apitest.APILogEntryTest.context
04:26:51.348 [main] DEBUG o.s.t.c.s.AbstractDirtiesContextTestExecutionListener - Before test method: context [DefaultTestContext@5e409d86 testClass = APILogEntryTest, testInstance = edu.ncsu.csc.itrust2.apitest.APILogEntryTest@10e356c1, testMethod = testLogByDate@APILogEntryTest, testException = [null], mergedContextConfiguration = [WebMergedContextConfiguration@3af62fa2 testClass = APILogEntryTest, locations = '{}', classes = '{class edu.ncsu.csc.itrust2.config.RootConfiguration, class edu.ncsu.csc.itrust2.mvc.config.WebMvcConfiguration}', contextInitializerClasses = '[]', activeProfiles = '{}', propertySourceLocations = '{}', propertySourceProperties = '{}', contextCustomizers = set[[empty]], resourceBasePath = 'src/main/webapp', contextLoader = 'org.springframework.test.context.web.WebDelegatingSmartContextLoader', parent = [null]]], class annotated with @DirtiesContext [false] with mode [null], method annotated with @DirtiesContext [false] with mode [null].
04:26:51.350 [main] DEBUG o.s.t.c.c.DefaultCacheAwareContextLoaderDelegate - Retrieved ApplicationContext from cache with key [[WebMergedContextConfiguration@3af62fa2 testClass = APILogEntryTest, locations = '{}', classes = '{class edu.ncsu.csc.itrust2.config.RootConfiguration, class edu.ncsu.csc.itrust2.mvc.config.WebMvcConfiguration}', contextInitializerClasses = '[]', activeProfiles = '{}', propertySourceLocations = '{}', propertySourceProperties = '{}', contextCustomizers = set[[empty]], resourceBasePath = 'src/main/webapp', contextLoader = 'org.springframework.test.context.web.WebDelegatingSmartContextLoader', parent = [null]]]
04:26:51.350 [main] DEBUG o.springframework.test.context.cache - Spring test ApplicationContext cache statistics: [DefaultContextCache@374d09fa size = 1, maxSize = 32, parentContextCount = 0, hitCount = 36, missCount = 1]
04:26:51.350 [main] DEBUG o.s.b.f.s.DefaultListableBeanFactory - Creating instance of bean 'org.springframework.security.test.context.support.WithMockUserSecurityContextFactory'
04:26:51.351 [main] DEBUG o.s.b.f.s.DefaultListableBeanFactory - Finished creating instance of bean 'org.springframework.security.test.context.support.WithMockUserSecurityContextFactory'
04:26:51.351 [main] DEBUG o.s.t.w.s.TestDispatcherServlet - Initializing servlet ''
04:26:51.351 [main] DEBUG o.s.w.c.s.StandardServletEnvironment - Adding [servletConfigInitParams] PropertySource with lowest search precedence
04:26:51.351 [main] DEBUG o.s.w.c.s.StandardServletEnvironment - Adding [servletContextInitParams] PropertySource with lowest search precedence
04:26:51.351 [main] DEBUG o.s.w.c.s.StandardServletEnvironment - Adding [systemProperties] PropertySource with lowest search precedence
04:26:51.351 [main] DEBUG o.s.w.c.s.StandardServletEnvironment - Adding [systemEnvironment] PropertySource with lowest search precedence
04:26:51.352 [main] DEBUG o.s.w.c.s.StandardServletEnvironment - Initialized StandardServletEnvironment with PropertySources [servletConfigInitParams,servletContextInitParams,systemProperties,systemEnvironment]
04:26:51.352 [main] INFO  o.s.mock.web.MockServletContext - Initializing Spring FrameworkServlet ''
04:26:51.352 [main] INFO  o.s.t.w.s.TestDispatcherServlet - FrameworkServlet '': initialization started
04:26:51.352 [main] DEBUG o.s.t.w.s.TestDispatcherServlet - Unable to locate MultipartResolver with name 'multipartResolver': no multipart request handling provided
04:26:51.352 [main] DEBUG o.s.b.f.s.DefaultListableBeanFactory - Creating instance of bean 'org.springframework.web.servlet.i18n.AcceptHeaderLocaleResolver'
04:26:51.353 [main] DEBUG o.s.b.f.s.DefaultListableBeanFactory - Finished creating instance of bean 'org.springframework.web.servlet.i18n.AcceptHeaderLocaleResolver'
04:26:51.353 [main] DEBUG o.s.t.w.s.TestDispatcherServlet - Unable to locate LocaleResolver with name 'localeResolver': using default [org.springframework.web.servlet.i18n.AcceptHeaderLocaleResolver@7d7d52b7]
04:26:51.353 [main] DEBUG o.s.b.f.s.DefaultListableBeanFactory - Creating instance of bean 'org.springframework.web.servlet.theme.FixedThemeResolver'
04:26:51.353 [main] DEBUG o.s.b.f.s.DefaultListableBeanFactory - Finished creating instance of bean 'org.springframework.web.servlet.theme.FixedThemeResolver'
04:26:51.353 [main] DEBUG o.s.t.w.s.TestDispatcherServlet - Unable to locate ThemeResolver with name 'themeResolver': using default [org.springframework.web.servlet.theme.FixedThemeResolver@66df2548]
04:26:51.354 [main] DEBUG o.s.b.f.s.DefaultListableBeanFactory - Returning cached instance of singleton bean 'requestMappingHandlerMapping'
04:26:51.354 [main] DEBUG o.s.b.f.s.DefaultListableBeanFactory - Returning cached instance of singleton bean 'viewControllerHandlerMapping'
04:26:51.354 [main] DEBUG o.s.b.f.s.DefaultListableBeanFactory - Returning cached instance of singleton bean 'beanNameHandlerMapping'
04:26:51.354 [main] DEBUG o.s.b.f.s.DefaultListableBeanFactory - Returning cached instance of singleton bean 'resourceHandlerMapping'
04:26:51.354 [main] DEBUG o.s.b.f.s.DefaultListableBeanFactory - Returning cached instance of singleton bean 'defaultServletHandlerMapping'
04:26:51.354 [main] DEBUG o.s.b.f.s.DefaultListableBeanFactory - Returning cached instance of singleton bean 'requestMappingHandlerAdapter'
04:26:51.355 [main] DEBUG o.s.b.f.s.DefaultListableBeanFactory - Returning cached instance of singleton bean 'httpRequestHandlerAdapter'
04:26:51.355 [main] DEBUG o.s.b.f.s.DefaultListableBeanFactory - Returning cached instance of singleton bean 'simpleControllerHandlerAdapter'
04:26:51.355 [main] DEBUG o.s.b.f.s.DefaultListableBeanFactory - Returning cached instance of singleton bean 'handlerExceptionResolver'
04:26:51.355 [main] DEBUG o.s.b.f.s.DefaultListableBeanFactory - Creating instance of bean 'org.springframework.web.servlet.view.DefaultRequestToViewNameTranslator'
04:26:51.356 [main] DEBUG o.s.b.f.s.DefaultListableBeanFactory - Finished creating instance of bean 'org.springframework.web.servlet.view.DefaultRequestToViewNameTranslator'
04:26:51.356 [main] DEBUG o.s.t.w.s.TestDispatcherServlet - Unable to locate RequestToViewNameTranslator with name 'viewNameTranslator': using default [org.springframework.web.servlet.view.DefaultRequestToViewNameTranslator@14d900c1]
04:26:51.356 [main] DEBUG o.s.b.f.s.DefaultListableBeanFactory - Returning cached instance of singleton bean 'mvcViewResolver'
04:26:51.356 [main] DEBUG o.s.b.f.s.DefaultListableBeanFactory - Returning cached instance of singleton bean 'viewResolver'
04:26:51.356 [main] DEBUG o.s.b.f.s.DefaultListableBeanFactory - Creating instance of bean 'org.springframework.web.servlet.support.SessionFlashMapManager'
04:26:51.357 [main] DEBUG o.s.b.f.s.DefaultListableBeanFactory - Finished creating instance of bean 'org.springframework.web.servlet.support.SessionFlashMapManager'
04:26:51.357 [main] DEBUG o.s.t.w.s.TestDispatcherServlet - Unable to locate FlashMapManager with name 'flashMapManager': using default [org.springframework.web.servlet.support.SessionFlashMapManager@55ec3725]
04:26:51.357 [main] DEBUG o.s.t.w.s.TestDispatcherServlet - Published WebApplicationContext of servlet '' as ServletContext attribute with name [org.springframework.web.servlet.FrameworkServlet.CONTEXT.]
04:26:51.357 [main] INFO  o.s.t.w.s.TestDispatcherServlet - FrameworkServlet '': initialization completed in 5 ms
04:26:51.357 [main] DEBUG o.s.t.w.s.TestDispatcherServlet - Servlet '' configured successfully
04:26:51.359 [main] DEBUG o.s.t.w.s.TestDispatcherServlet - DispatcherServlet with name '' processing POST request for [/api/v1/logentries/range]
04:26:51.359 [main] DEBUG o.s.w.s.m.m.a.RequestMappingHandlerMapping - Looking up handler method for path /api/v1/logentries/range
04:26:51.359 [main] DEBUG o.s.w.s.m.m.a.RequestMappingHandlerMapping - Returning handler method [public org.springframework.http.ResponseEntity edu.ncsu.csc.itrust2.controllers.api.APILogEntryController.getEntryByDateRange(edu.ncsu.csc.itrust2.controllers.api.comm.LogEntryRequestBody)]
04:26:51.360 [main] DEBUG o.s.b.f.s.DefaultListableBeanFactory - Returning cached instance of singleton bean 'APILogEntryController'
04:26:51.360 [main] DEBUG o.s.w.s.m.m.a.RequestResponseBodyMethodProcessor - Read [class edu.ncsu.csc.itrust2.controllers.api.comm.LogEntryRequestBody] as "application/json" with [org.springframework.http.converter.json.GsonHttpMessageConverter@26acf6ea]
04:26:51.362 [main] DEBUG o.h.e.t.internal.TransactionImpl - begin
04:26:51.363 [main] DEBUG org.hibernate.SQL - select this_.id as id1_6_0_, this_.logCode as logCode2_6_0_, this_.message as message3_6_0_, this_.primaryUser as primaryU4_6_0_, this_.secondaryUser as secondar5_6_0_, this_.time as time6_6_0_ from LogEntries this_ where this_.time between ? and ? and (this_.primaryUser=? or this_.secondaryUser=?)
Hibernate: select this_.id as id1_6_0_, this_.logCode as logCode2_6_0_, this_.message as message3_6_0_, this_.primaryUser as primaryU4_6_0_, this_.secondaryUser as secondar5_6_0_, this_.time as time6_6_0_ from LogEntries this_ where this_.time between ? and ? and (this_.primaryUser=? or this_.secondaryUser=?)
04:26:51.364 [main] DEBUG org.hibernate.loader.Loader - Result set row: 0
04:26:51.364 [main] DEBUG org.hibernate.loader.Loader - Result row: EntityKey[edu.ncsu.csc.itrust2.models.persistent.LogEntry#7]
04:26:51.364 [main] DEBUG org.hibernate.loader.Loader - Result set row: 1
04:26:51.364 [main] DEBUG org.hibernate.loader.Loader - Result row: EntityKey[edu.ncsu.csc.itrust2.models.persistent.LogEntry#8]
04:26:51.364 [main] DEBUG org.hibernate.loader.Loader - Result set row: 2
04:26:51.364 [main] DEBUG org.hibernate.loader.Loader - Result row: EntityKey[edu.ncsu.csc.itrust2.models.persistent.LogEntry#9]
04:26:51.364 [main] DEBUG org.hibernate.loader.Loader - Result set row: 3
04:26:51.364 [main] DEBUG org.hibernate.loader.Loader - Result row: EntityKey[edu.ncsu.csc.itrust2.models.persistent.LogEntry#10]
04:26:51.364 [main] DEBUG org.hibernate.loader.Loader - Result set row: 4
04:26:51.364 [main] DEBUG org.hibernate.loader.Loader - Result row: EntityKey[edu.ncsu.csc.itrust2.models.persistent.LogEntry#11]
04:26:51.365 [main] DEBUG o.h.engine.internal.TwoPhaseLoad - Resolving associations for [edu.ncsu.csc.itrust2.models.persistent.LogEntry#7]
04:26:51.365 [main] DEBUG o.h.engine.internal.TwoPhaseLoad - Done materializing entity [edu.ncsu.csc.itrust2.models.persistent.LogEntry#7]
04:26:51.365 [main] DEBUG o.h.engine.internal.TwoPhaseLoad - Resolving associations for [edu.ncsu.csc.itrust2.models.persistent.LogEntry#8]
04:26:51.365 [main] DEBUG o.h.engine.internal.TwoPhaseLoad - Done materializing entity [edu.ncsu.csc.itrust2.models.persistent.LogEntry#8]
04:26:51.365 [main] DEBUG o.h.engine.internal.TwoPhaseLoad - Resolving associations for [edu.ncsu.csc.itrust2.models.persistent.LogEntry#9]
04:26:51.365 [main] DEBUG o.h.engine.internal.TwoPhaseLoad - Done materializing entity [edu.ncsu.csc.itrust2.models.persistent.LogEntry#9]
04:26:51.365 [main] DEBUG o.h.engine.internal.TwoPhaseLoad - Resolving associations for [edu.ncsu.csc.itrust2.models.persistent.LogEntry#10]
04:26:51.365 [main] DEBUG o.h.engine.internal.TwoPhaseLoad - Done materializing entity [edu.ncsu.csc.itrust2.models.persistent.LogEntry#10]
04:26:51.365 [main] DEBUG o.h.engine.internal.TwoPhaseLoad - Resolving associations for [edu.ncsu.csc.itrust2.models.persistent.LogEntry#11]
04:26:51.365 [main] DEBUG o.h.engine.internal.TwoPhaseLoad - Done materializing entity [edu.ncsu.csc.itrust2.models.persistent.LogEntry#11]
04:26:51.365 [main] DEBUG o.h.e.t.internal.TransactionImpl - committing
04:26:51.365 [main] DEBUG o.h.e.i.AbstractFlushingEventListener - Processing flush-time cascades
04:26:51.365 [main] DEBUG o.h.e.i.AbstractFlushingEventListener - Dirty checking collections
04:26:51.365 [main] DEBUG o.h.e.i.AbstractFlushingEventListener - Flushed: 0 insertions, 0 updates, 0 deletions to 5 objects
04:26:51.366 [main] DEBUG o.h.e.i.AbstractFlushingEventListener - Flushed: 0 (re)creations, 0 updates, 0 removals to 0 collections
04:26:51.366 [main] DEBUG o.h.internal.util.EntityPrinter - Listing entities:
04:26:51.366 [main] DEBUG o.h.internal.util.EntityPrinter - edu.ncsu.csc.itrust2.models.persistent.LogEntry{secondaryUser=null, logCode=32, primaryUser=admin, id=11, time=java.util.GregorianCalendar[time=1521606405000,areFieldsSet=true,areAllFieldsSet=true,lenient=true,zone=sun.util.calendar.ZoneInfo[id="Etc/UTC",offset=0,dstSavings=0,useDaylight=false,transitions=0,lastRule=null],firstDayOfWeek=1,minimalDaysInFirstWeek=1,ERA=1,YEAR=2018,MONTH=2,WEEK_OF_YEAR=12,WEEK_OF_MONTH=4,DAY_OF_MONTH=21,DAY_OF_YEAR=80,DAY_OF_WEEK=4,DAY_OF_WEEK_IN_MONTH=3,AM_PM=0,HOUR=4,HOUR_OF_DAY=4,MINUTE=26,SECOND=45,MILLISECOND=0,ZONE_OFFSET=0,DST_OFFSET=0], message=admin deleted an ICD Code}
04:26:51.366 [main] DEBUG o.h.internal.util.EntityPrinter - edu.ncsu.csc.itrust2.models.persistent.LogEntry{secondaryUser=null, logCode=31, primaryUser=admin, id=7, time=java.util.GregorianCalendar[time=1521606405000,areFieldsSet=true,areAllFieldsSet=true,lenient=true,zone=sun.util.calendar.ZoneInfo[id="Etc/UTC",offset=0,dstSavings=0,useDaylight=false,transitions=0,lastRule=null],firstDayOfWeek=1,minimalDaysInFirstWeek=1,ERA=1,YEAR=2018,MONTH=2,WEEK_OF_YEAR=12,WEEK_OF_MONTH=4,DAY_OF_MONTH=21,DAY_OF_YEAR=80,DAY_OF_WEEK=4,DAY_OF_WEEK_IN_MONTH=3,AM_PM=0,HOUR=4,HOUR_OF_DAY=4,MINUTE=26,SECOND=45,MILLISECOND=0,ZONE_OFFSET=0,DST_OFFSET=0], message=admin created an ICD Code}
04:26:51.366 [main] DEBUG o.h.internal.util.EntityPrinter - edu.ncsu.csc.itrust2.models.persistent.LogEntry{secondaryUser=null, logCode=34, primaryUser=admin, id=8, time=java.util.GregorianCalendar[time=1521606405000,areFieldsSet=true,areAllFieldsSet=true,lenient=true,zone=sun.util.calendar.ZoneInfo[id="Etc/UTC",offset=0,dstSavings=0,useDaylight=false,transitions=0,lastRule=null],firstDayOfWeek=1,minimalDaysInFirstWeek=1,ERA=1,YEAR=2018,MONTH=2,WEEK_OF_YEAR=12,WEEK_OF_MONTH=4,DAY_OF_MONTH=21,DAY_OF_YEAR=80,DAY_OF_WEEK=4,DAY_OF_WEEK_IN_MONTH=3,AM_PM=0,HOUR=4,HOUR_OF_DAY=4,MINUTE=26,SECOND=45,MILLISECOND=0,ZONE_OFFSET=0,DST_OFFSET=0], message=Fetched icd code with id 6}
04:26:51.366 [main] DEBUG o.h.internal.util.EntityPrinter - edu.ncsu.csc.itrust2.models.persistent.LogEntry{secondaryUser=null, logCode=33, primaryUser=admin, id=9, time=java.util.GregorianCalendar[time=1521606405000,areFieldsSet=true,areAllFieldsSet=true,lenient=true,zone=sun.util.calendar.ZoneInfo[id="Etc/UTC",offset=0,dstSavings=0,useDaylight=false,transitions=0,lastRule=null],firstDayOfWeek=1,minimalDaysInFirstWeek=1,ERA=1,YEAR=2018,MONTH=2,WEEK_OF_YEAR=12,WEEK_OF_MONTH=4,DAY_OF_MONTH=21,DAY_OF_YEAR=80,DAY_OF_WEEK=4,DAY_OF_WEEK_IN_MONTH=3,AM_PM=0,HOUR=4,HOUR_OF_DAY=4,MINUTE=26,SECOND=45,MILLISECOND=0,ZONE_OFFSET=0,DST_OFFSET=0], message=admin edited an ICD Code}
04:26:51.366 [main] DEBUG o.h.internal.util.EntityPrinter - edu.ncsu.csc.itrust2.models.persistent.LogEntry{secondaryUser=null, logCode=34, primaryUser=admin, id=10, time=java.util.GregorianCalendar[time=1521606405000,areFieldsSet=true,areAllFieldsSet=true,lenient=true,zone=sun.util.calendar.ZoneInfo[id="Etc/UTC",offset=0,dstSavings=0,useDaylight=false,transitions=0,lastRule=null],firstDayOfWeek=1,minimalDaysInFirstWeek=1,ERA=1,YEAR=2018,MONTH=2,WEEK_OF_YEAR=12,WEEK_OF_MONTH=4,DAY_OF_MONTH=21,DAY_OF_YEAR=80,DAY_OF_WEEK=4,DAY_OF_WEEK_IN_MONTH=3,AM_PM=0,HOUR=4,HOUR_OF_DAY=4,MINUTE=26,SECOND=45,MILLISECOND=0,ZONE_OFFSET=0,DST_OFFSET=0], message=Fetched icd code with id 6}
04:26:51.367 [main] DEBUG o.s.w.s.m.m.a.HttpEntityMethodProcessor - Written [{"status":"failed","message":"Error retrieving Log Entries"}] as "text/plain" using [org.springframework.http.converter.StringHttpMessageConverter@44167adf]
04:26:51.368 [main] DEBUG o.s.t.w.s.TestDispatcherServlet - Null ModelAndView returned to DispatcherServlet with name '': assuming HandlerAdapter completed request handling
04:26:51.369 [main] DEBUG o.s.t.w.s.TestDispatcherServlet - Successfully completed request
04:26:51.370 [main] DEBUG o.s.t.c.s.AbstractDirtiesContextTestExecutionListener - After test method: context [DefaultTestContext@5e409d86 testClass = APILogEntryTest, testInstance = edu.ncsu.csc.itrust2.apitest.APILogEntryTest@10e356c1, testMethod = testLogByDate@APILogEntryTest, testException = java.lang.AssertionError: Status expected:<200> but was:<500>, mergedContextConfiguration = [WebMergedContextConfiguration@3af62fa2 testClass = APILogEntryTest, locations = '{}', classes = '{class edu.ncsu.csc.itrust2.config.RootConfiguration, class edu.ncsu.csc.itrust2.mvc.config.WebMvcConfiguration}', contextInitializerClasses = '[]', activeProfiles = '{}', propertySourceLocations = '{}', propertySourceProperties = '{}', contextCustomizers = set[[empty]], resourceBasePath = 'src/main/webapp', contextLoader = 'org.springframework.test.context.web.WebDelegatingSmartContextLoader', parent = [null]]], class annotated with @DirtiesContext [false] with mode [null], method annotated with @DirtiesContext [false] with mode [null].
04:26:51.370 [main] DEBUG o.s.t.c.w.ServletTestExecutionListener - Resetting RequestContextHolder for test context [DefaultTestContext@5e409d86 testClass = APILogEntryTest, testInstance = edu.ncsu.csc.itrust2.apitest.APILogEntryTest@10e356c1, testMethod = testLogByDate@APILogEntryTest, testException = java.lang.AssertionError: Status expected:<200> but was:<500>, mergedContextConfiguration = [WebMergedContextConfiguration@3af62fa2 testClass = APILogEntryTest, locations = '{}', classes = '{class edu.ncsu.csc.itrust2.config.RootConfiguration, class edu.ncsu.csc.itrust2.mvc.config.WebMvcConfiguration}', contextInitializerClasses = '[]', activeProfiles = '{}', propertySourceLocations = '{}', propertySourceProperties = '{}', contextCustomizers = set[[empty]], resourceBasePath = 'src/main/webapp', contextLoader = 'org.springframework.test.context.web.WebDelegatingSmartContextLoader', parent = [null]]].
]]></system-out>
  </testcase>
</testsuite>