<?xml version="1.0" encoding="UTF-8"?>
<testsuite xmlns:xsi="http://www.w3.org/2001/XMLSchema-instance" xsi:noNamespaceSchemaLocation="https://maven.apache.org/surefire/maven-surefire-plugin/xsd/surefire-test-report.xsd" name="edu.ncsu.csc.itrust2.apitest.APILogEntryTest" time="5.928" tests="2" errors="0" skipped="0" failures="2">
  <properties>
    <property name="java.runtime.name" value="Java(TM) SE Runtime Environment"/>
    <property name="sun.boot.library.path" value="/usr/lib/jvm/java-8-oracle/jre/lib/amd64"/>
    <property name="java.vm.version" value="25.161-b12"/>
    <property name="java.vm.vendor" value="Oracle Corporation"/>
    <property name="maven.multiModuleProjectDirectory" value="/var/lib/jenkins/workspace/iTrust-Fuzz-Job/iTrust2-v2/iTrust/iTrust2"/>
    <property name="java.vendor.url" value="http://java.oracle.com/"/>
    <property name="path.separator" value=":"/>
    <property name="guice.disable.misplaced.annotation.check" value="true"/>
    <property name="java.vm.name" value="Java HotSpot(TM) 64-Bit Server VM"/>
    <property name="file.encoding.pkg" value="sun.io"/>
    <property name="user.country" value="US"/>
    <property name="sun.java.launcher" value="SUN_STANDARD"/>
    <property name="sun.os.patch.level" value="unknown"/>
    <property name="java.vm.specification.name" value="Java Virtual Machine Specification"/>
    <property name="user.dir" value="/var/lib/jenkins/workspace/iTrust-Fuzz-Job/iTrust2-v2/iTrust/iTrust2"/>
    <property name="java.runtime.version" value="1.8.0_161-b12"/>
    <property name="java.awt.graphicsenv" value="sun.awt.X11GraphicsEnvironment"/>
    <property name="java.endorsed.dirs" value="/usr/lib/jvm/java-8-oracle/jre/lib/endorsed"/>
    <property name="os.arch" value="amd64"/>
    <property name="java.io.tmpdir" value="/tmp"/>
    <property name="line.separator" value="&#10;"/>
    <property name="java.vm.specification.vendor" value="Oracle Corporation"/>
    <property name="os.name" value="Linux"/>
    <property name="classworlds.conf" value="/usr/share/maven/bin/m2.conf"/>
    <property name="sun.jnu.encoding" value="UTF-8"/>
    <property name="java.library.path" value="/usr/java/packages/lib/amd64:/usr/lib64:/lib64:/lib:/usr/lib"/>
    <property name="java.specification.name" value="Java Platform API Specification"/>
    <property name="java.class.version" value="52.0"/>
    <property name="sun.management.compiler" value="HotSpot 64-Bit Tiered Compilers"/>
    <property name="os.version" value="4.4.0-116-generic"/>
    <property name="user.home" value="/root"/>
    <property name="user.timezone" value="Etc/UTC"/>
    <property name="java.awt.printerjob" value="sun.print.PSPrinterJob"/>
    <property name="file.encoding" value="UTF-8"/>
    <property name="java.specification.version" value="1.8"/>
    <property name="user.name" value="root"/>
    <property name="java.class.path" value="/usr/share/maven/boot/plexus-classworlds-2.x.jar"/>
    <property name="java.vm.specification.version" value="1.8"/>
    <property name="sun.arch.data.model" value="64"/>
    <property name="java.home" value="/usr/lib/jvm/java-8-oracle/jre"/>
    <property name="sun.java.command" value="org.codehaus.plexus.classworlds.launcher.Launcher clean test verify checkstyle:checkstyle"/>
    <property name="java.specification.vendor" value="Oracle Corporation"/>
    <property name="user.language" value="en"/>
    <property name="awt.toolkit" value="sun.awt.X11.XToolkit"/>
    <property name="java.vm.info" value="mixed mode"/>
    <property name="java.version" value="1.8.0_161"/>
    <property name="java.ext.dirs" value="/usr/lib/jvm/java-8-oracle/jre/lib/ext:/usr/java/packages/lib/ext"/>
    <property name="securerandom.source" value="file:/dev/./urandom"/>
    <property name="sun.boot.class.path" value="/usr/lib/jvm/java-8-oracle/jre/lib/resources.jar:/usr/lib/jvm/java-8-oracle/jre/lib/rt.jar:/usr/lib/jvm/java-8-oracle/jre/lib/sunrsasign.jar:/usr/lib/jvm/java-8-oracle/jre/lib/jsse.jar:/usr/lib/jvm/java-8-oracle/jre/lib/jce.jar:/usr/lib/jvm/java-8-oracle/jre/lib/charsets.jar:/usr/lib/jvm/java-8-oracle/jre/lib/jfr.jar:/usr/lib/jvm/java-8-oracle/jre/classes"/>
    <property name="java.vendor" value="Oracle Corporation"/>
    <property name="maven.home" value="/usr/share/maven"/>
    <property name="file.separator" value="/"/>
    <property name="java.vendor.url.bug" value="http://bugreport.sun.com/bugreport/"/>
    <property name="sun.cpu.endian" value="little"/>
    <property name="sun.io.unicode.encoding" value="UnicodeLittle"/>
    <property name="sun.cpu.isalist" value=""/>
  </properties>
  <testcase name="testLogByDateLarge" classname="edu.ncsu.csc.itrust2.apitest.APILogEntryTest" time="5.876">
    <failure message="Status expected:&lt;200&gt; but was:&lt;500&gt;" type="java.lang.AssertionError"><![CDATA[java.lang.AssertionError: Status expected:<200> but was:<500>
	at edu.ncsu.csc.itrust2.apitest.APILogEntryTest.testLogByDateLarge(APILogEntryTest.java:104)
]]></failure>
    <system-out><![CDATA[21:20:55.065 [main] DEBUG o.s.t.c.j.SpringJUnit4ClassRunner - SpringJUnit4ClassRunner constructor called with [class edu.ncsu.csc.itrust2.apitest.APILogEntryTest]
21:20:55.065 [main] DEBUG o.s.test.context.BootstrapUtils - Instantiating CacheAwareContextLoaderDelegate from class [org.springframework.test.context.cache.DefaultCacheAwareContextLoaderDelegate]
21:20:55.068 [main] DEBUG o.s.test.context.BootstrapUtils - Instantiating BootstrapContext using constructor [public org.springframework.test.context.support.DefaultBootstrapContext(java.lang.Class,org.springframework.test.context.CacheAwareContextLoaderDelegate)]
21:20:55.068 [main] DEBUG o.s.test.context.BootstrapUtils - Instantiating TestContextBootstrapper for test class [edu.ncsu.csc.itrust2.apitest.APILogEntryTest] from class [org.springframework.test.context.web.WebTestContextBootstrapper]
21:20:55.069 [main] DEBUG o.s.t.c.s.AbstractDelegatingSmartContextLoader - Delegating to AnnotationConfigWebContextLoader to process context configuration [ContextConfigurationAttributes@42abe228 declaringClass = 'edu.ncsu.csc.itrust2.apitest.APILogEntryTest', classes = '{class edu.ncsu.csc.itrust2.config.RootConfiguration, class edu.ncsu.csc.itrust2.mvc.config.WebMvcConfiguration}', locations = '{}', inheritLocations = true, initializers = '{}', inheritInitializers = true, name = [null], contextLoaderClass = 'org.springframework.test.context.ContextLoader'].
21:20:55.070 [main] DEBUG o.s.t.c.support.ActiveProfilesUtils - Could not find an 'annotation declaring class' for annotation type [org.springframework.test.context.ActiveProfiles] and class [edu.ncsu.csc.itrust2.apitest.APILogEntryTest]
21:20:55.072 [main] DEBUG o.s.t.c.w.WebTestContextBootstrapper - @TestExecutionListeners is not present for class [edu.ncsu.csc.itrust2.apitest.APILogEntryTest]: using defaults.
21:20:55.078 [main] INFO  o.s.t.c.w.WebTestContextBootstrapper - Loaded default TestExecutionListener class names from location [META-INF/spring.factories]: [org.springframework.security.test.context.support.WithSecurityContextTestExecutionListener, org.springframework.test.context.web.ServletTestExecutionListener, org.springframework.test.context.support.DirtiesContextBeforeModesTestExecutionListener, org.springframework.test.context.support.DependencyInjectionTestExecutionListener, org.springframework.test.context.support.DirtiesContextTestExecutionListener, org.springframework.test.context.transaction.TransactionalTestExecutionListener, org.springframework.test.context.jdbc.SqlScriptsTestExecutionListener]
21:20:55.083 [main] INFO  o.s.t.c.w.WebTestContextBootstrapper - Using TestExecutionListeners: [org.springframework.test.context.web.ServletTestExecutionListener@751c7e5c, org.springframework.test.context.support.DirtiesContextBeforeModesTestExecutionListener@71aed1d8, org.springframework.test.context.support.DependencyInjectionTestExecutionListener@ba5d504, org.springframework.test.context.support.DirtiesContextTestExecutionListener@552a61a2, org.springframework.test.context.transaction.TransactionalTestExecutionListener@43d20bc5, org.springframework.test.context.jdbc.SqlScriptsTestExecutionListener@44752276, org.springframework.security.test.context.support.WithSecurityContextTestExecutionListener@61ddd209]
21:20:55.083 [main] DEBUG o.s.t.annotation.ProfileValueUtils - Retrieved @ProfileValueSourceConfiguration [null] for test class [edu.ncsu.csc.itrust2.apitest.APILogEntryTest]
21:20:55.083 [main] DEBUG o.s.t.annotation.ProfileValueUtils - Retrieved ProfileValueSource type [class org.springframework.test.annotation.SystemProfileValueSource] for class [edu.ncsu.csc.itrust2.apitest.APILogEntryTest]
21:20:55.083 [main] DEBUG o.s.t.annotation.ProfileValueUtils - Retrieved @ProfileValueSourceConfiguration [null] for test class [edu.ncsu.csc.itrust2.apitest.APILogEntryTest]
21:20:55.083 [main] DEBUG o.s.t.annotation.ProfileValueUtils - Retrieved ProfileValueSource type [class org.springframework.test.annotation.SystemProfileValueSource] for class [edu.ncsu.csc.itrust2.apitest.APILogEntryTest]
21:20:55.084 [main] DEBUG o.s.t.annotation.ProfileValueUtils - Retrieved @ProfileValueSourceConfiguration [null] for test class [edu.ncsu.csc.itrust2.apitest.APILogEntryTest]
21:20:55.084 [main] DEBUG o.s.t.annotation.ProfileValueUtils - Retrieved ProfileValueSource type [class org.springframework.test.annotation.SystemProfileValueSource] for class [edu.ncsu.csc.itrust2.apitest.APILogEntryTest]
21:20:55.084 [main] DEBUG o.s.t.c.s.AbstractDirtiesContextTestExecutionListener - Before test class: context [DefaultTestContext@677c98e1 testClass = APILogEntryTest, testInstance = [null], testMethod = [null], testException = [null], mergedContextConfiguration = [WebMergedContextConfiguration@34a33be8 testClass = APILogEntryTest, locations = '{}', classes = '{class edu.ncsu.csc.itrust2.config.RootConfiguration, class edu.ncsu.csc.itrust2.mvc.config.WebMvcConfiguration}', contextInitializerClasses = '[]', activeProfiles = '{}', propertySourceLocations = '{}', propertySourceProperties = '{}', contextCustomizers = set[[empty]], resourceBasePath = 'src/main/webapp', contextLoader = 'org.springframework.test.context.web.WebDelegatingSmartContextLoader', parent = [null]]], class annotated with @DirtiesContext [false] with mode [null].
21:20:55.085 [main] DEBUG o.s.t.annotation.ProfileValueUtils - Retrieved @ProfileValueSourceConfiguration [null] for test class [edu.ncsu.csc.itrust2.apitest.APILogEntryTest]
21:20:55.085 [main] DEBUG o.s.t.annotation.ProfileValueUtils - Retrieved ProfileValueSource type [class org.springframework.test.annotation.SystemProfileValueSource] for class [edu.ncsu.csc.itrust2.apitest.APILogEntryTest]
21:20:55.087 [main] DEBUG o.s.t.c.c.DefaultCacheAwareContextLoaderDelegate - Retrieved ApplicationContext from cache with key [[WebMergedContextConfiguration@34a33be8 testClass = APILogEntryTest, locations = '{}', classes = '{class edu.ncsu.csc.itrust2.config.RootConfiguration, class edu.ncsu.csc.itrust2.mvc.config.WebMvcConfiguration}', contextInitializerClasses = '[]', activeProfiles = '{}', propertySourceLocations = '{}', propertySourceProperties = '{}', contextCustomizers = set[[empty]], resourceBasePath = 'src/main/webapp', contextLoader = 'org.springframework.test.context.web.WebDelegatingSmartContextLoader', parent = [null]]]
21:20:55.087 [main] DEBUG o.springframework.test.context.cache - Spring test ApplicationContext cache statistics: [DefaultContextCache@4740e12f size = 1, maxSize = 32, parentContextCount = 0, hitCount = 31, missCount = 1]
21:20:55.088 [main] DEBUG o.s.t.c.w.ServletTestExecutionListener - Setting up MockHttpServletRequest, MockHttpServletResponse, ServletWebRequest, and RequestContextHolder for test context [DefaultTestContext@677c98e1 testClass = APILogEntryTest, testInstance = edu.ncsu.csc.itrust2.apitest.APILogEntryTest@5928c998, testMethod = [null], testException = [null], mergedContextConfiguration = [WebMergedContextConfiguration@34a33be8 testClass = APILogEntryTest, locations = '{}', classes = '{class edu.ncsu.csc.itrust2.config.RootConfiguration, class edu.ncsu.csc.itrust2.mvc.config.WebMvcConfiguration}', contextInitializerClasses = '[]', activeProfiles = '{}', propertySourceLocations = '{}', propertySourceProperties = '{}', contextCustomizers = set[[empty]], resourceBasePath = 'src/main/webapp', contextLoader = 'org.springframework.test.context.web.WebDelegatingSmartContextLoader', parent = [null]]].
21:20:55.088 [main] DEBUG o.s.t.c.s.DependencyInjectionTestExecutionListener - Performing dependency injection for test context [[DefaultTestContext@677c98e1 testClass = APILogEntryTest, testInstance = edu.ncsu.csc.itrust2.apitest.APILogEntryTest@5928c998, testMethod = [null], testException = [null], mergedContextConfiguration = [WebMergedContextConfiguration@34a33be8 testClass = APILogEntryTest, locations = '{}', classes = '{class edu.ncsu.csc.itrust2.config.RootConfiguration, class edu.ncsu.csc.itrust2.mvc.config.WebMvcConfiguration}', contextInitializerClasses = '[]', activeProfiles = '{}', propertySourceLocations = '{}', propertySourceProperties = '{}', contextCustomizers = set[[empty]], resourceBasePath = 'src/main/webapp', contextLoader = 'org.springframework.test.context.web.WebDelegatingSmartContextLoader', parent = [null]]]].
21:20:55.094 [main] DEBUG o.s.t.c.c.DefaultCacheAwareContextLoaderDelegate - Retrieved ApplicationContext from cache with key [[WebMergedContextConfiguration@34a33be8 testClass = APILogEntryTest, locations = '{}', classes = '{class edu.ncsu.csc.itrust2.config.RootConfiguration, class edu.ncsu.csc.itrust2.mvc.config.WebMvcConfiguration}', contextInitializerClasses = '[]', activeProfiles = '{}', propertySourceLocations = '{}', propertySourceProperties = '{}', contextCustomizers = set[[empty]], resourceBasePath = 'src/main/webapp', contextLoader = 'org.springframework.test.context.web.WebDelegatingSmartContextLoader', parent = [null]]]
21:20:55.095 [main] DEBUG o.springframework.test.context.cache - Spring test ApplicationContext cache statistics: [DefaultContextCache@4740e12f size = 1, maxSize = 32, parentContextCount = 0, hitCount = 32, missCount = 1]
21:20:55.101 [main] DEBUG o.s.b.f.annotation.InjectionMetadata - Processing injected element of bean 'edu.ncsu.csc.itrust2.apitest.APILogEntryTest': AutowiredFieldElement for private org.springframework.web.context.WebApplicationContext edu.ncsu.csc.itrust2.apitest.APILogEntryTest.context
21:20:55.101 [main] DEBUG o.s.b.f.a.AutowiredAnnotationBeanPostProcessor - Autowiring by type from bean name 'edu.ncsu.csc.itrust2.apitest.APILogEntryTest' to bean named 'org.springframework.web.context.support.GenericWebApplicationContext@434514d8'
21:20:55.102 [main] DEBUG o.s.b.f.s.DefaultListableBeanFactory - Returning cached instance of singleton bean 'metaDataSourceAdvisor'
21:20:55.105 [main] DEBUG o.s.t.c.s.AbstractDirtiesContextTestExecutionListener - Before test method: context [DefaultTestContext@677c98e1 testClass = APILogEntryTest, testInstance = edu.ncsu.csc.itrust2.apitest.APILogEntryTest@5928c998, testMethod = testLogByDateLarge@APILogEntryTest, testException = [null], mergedContextConfiguration = [WebMergedContextConfiguration@34a33be8 testClass = APILogEntryTest, locations = '{}', classes = '{class edu.ncsu.csc.itrust2.config.RootConfiguration, class edu.ncsu.csc.itrust2.mvc.config.WebMvcConfiguration}', contextInitializerClasses = '[]', activeProfiles = '{}', propertySourceLocations = '{}', propertySourceProperties = '{}', contextCustomizers = set[[empty]], resourceBasePath = 'src/main/webapp', contextLoader = 'org.springframework.test.context.web.WebDelegatingSmartContextLoader', parent = [null]]], class annotated with @DirtiesContext [false] with mode [null], method annotated with @DirtiesContext [false] with mode [null].
21:20:55.106 [main] DEBUG o.s.t.c.c.DefaultCacheAwareContextLoaderDelegate - Retrieved ApplicationContext from cache with key [[WebMergedContextConfiguration@34a33be8 testClass = APILogEntryTest, locations = '{}', classes = '{class edu.ncsu.csc.itrust2.config.RootConfiguration, class edu.ncsu.csc.itrust2.mvc.config.WebMvcConfiguration}', contextInitializerClasses = '[]', activeProfiles = '{}', propertySourceLocations = '{}', propertySourceProperties = '{}', contextCustomizers = set[[empty]], resourceBasePath = 'src/main/webapp', contextLoader = 'org.springframework.test.context.web.WebDelegatingSmartContextLoader', parent = [null]]]
21:20:55.106 [main] DEBUG o.springframework.test.context.cache - Spring test ApplicationContext cache statistics: [DefaultContextCache@4740e12f size = 1, maxSize = 32, parentContextCount = 0, hitCount = 33, missCount = 1]
21:20:55.107 [main] DEBUG o.s.b.f.s.DefaultListableBeanFactory - Creating instance of bean 'org.springframework.security.test.context.support.WithMockUserSecurityContextFactory'
21:20:55.108 [main] DEBUG o.s.b.f.s.DefaultListableBeanFactory - Finished creating instance of bean 'org.springframework.security.test.context.support.WithMockUserSecurityContextFactory'
21:20:55.109 [main] DEBUG o.s.t.w.s.TestDispatcherServlet - Initializing servlet ''
21:20:55.110 [main] DEBUG o.s.w.c.s.StandardServletEnvironment - Adding [servletConfigInitParams] PropertySource with lowest search precedence
21:20:55.112 [main] DEBUG o.s.w.c.s.StandardServletEnvironment - Adding [servletContextInitParams] PropertySource with lowest search precedence
21:20:55.112 [main] DEBUG o.s.w.c.s.StandardServletEnvironment - Adding [systemProperties] PropertySource with lowest search precedence
21:20:55.113 [main] DEBUG o.s.w.c.s.StandardServletEnvironment - Adding [systemEnvironment] PropertySource with lowest search precedence
21:20:55.114 [main] DEBUG o.s.w.c.s.StandardServletEnvironment - Initialized StandardServletEnvironment with PropertySources [servletConfigInitParams,servletContextInitParams,systemProperties,systemEnvironment]
21:20:55.115 [main] INFO  o.s.mock.web.MockServletContext - Initializing Spring FrameworkServlet ''
21:20:55.115 [main] INFO  o.s.t.w.s.TestDispatcherServlet - FrameworkServlet '': initialization started
21:20:55.115 [main] DEBUG o.s.t.w.s.TestDispatcherServlet - Unable to locate MultipartResolver with name 'multipartResolver': no multipart request handling provided
21:20:55.115 [main] DEBUG o.s.b.f.s.DefaultListableBeanFactory - Creating instance of bean 'org.springframework.web.servlet.i18n.AcceptHeaderLocaleResolver'
21:20:55.122 [main] DEBUG o.s.b.f.s.DefaultListableBeanFactory - Finished creating instance of bean 'org.springframework.web.servlet.i18n.AcceptHeaderLocaleResolver'
21:20:55.123 [main] DEBUG o.s.t.w.s.TestDispatcherServlet - Unable to locate LocaleResolver with name 'localeResolver': using default [org.springframework.web.servlet.i18n.AcceptHeaderLocaleResolver@55523492]
21:20:55.123 [main] DEBUG o.s.b.f.s.DefaultListableBeanFactory - Creating instance of bean 'org.springframework.web.servlet.theme.FixedThemeResolver'
21:20:55.124 [main] DEBUG o.s.b.f.s.DefaultListableBeanFactory - Finished creating instance of bean 'org.springframework.web.servlet.theme.FixedThemeResolver'
21:20:55.124 [main] DEBUG o.s.t.w.s.TestDispatcherServlet - Unable to locate ThemeResolver with name 'themeResolver': using default [org.springframework.web.servlet.theme.FixedThemeResolver@780339ab]
21:20:55.127 [main] DEBUG o.s.b.f.s.DefaultListableBeanFactory - Returning cached instance of singleton bean 'beanNameHandlerMapping'
21:20:55.127 [main] DEBUG o.s.b.f.s.DefaultListableBeanFactory - Returning cached instance of singleton bean 'resourceHandlerMapping'
21:20:55.127 [main] DEBUG o.s.b.f.s.DefaultListableBeanFactory - Returning cached instance of singleton bean 'defaultServletHandlerMapping'
21:20:55.127 [main] DEBUG o.s.b.f.s.DefaultListableBeanFactory - Returning cached instance of singleton bean 'requestMappingHandlerMapping'
21:20:55.128 [main] DEBUG o.s.b.f.s.DefaultListableBeanFactory - Returning cached instance of singleton bean 'viewControllerHandlerMapping'
21:20:55.130 [main] DEBUG o.s.b.f.s.DefaultListableBeanFactory - Returning cached instance of singleton bean 'requestMappingHandlerAdapter'
21:20:55.130 [main] DEBUG o.s.b.f.s.DefaultListableBeanFactory - Returning cached instance of singleton bean 'httpRequestHandlerAdapter'
21:20:55.130 [main] DEBUG o.s.b.f.s.DefaultListableBeanFactory - Returning cached instance of singleton bean 'simpleControllerHandlerAdapter'
21:20:55.132 [main] DEBUG o.s.b.f.s.DefaultListableBeanFactory - Returning cached instance of singleton bean 'handlerExceptionResolver'
21:20:55.133 [main] DEBUG o.s.b.f.s.DefaultListableBeanFactory - Creating instance of bean 'org.springframework.web.servlet.view.DefaultRequestToViewNameTranslator'
21:20:55.134 [main] DEBUG o.s.b.f.s.DefaultListableBeanFactory - Finished creating instance of bean 'org.springframework.web.servlet.view.DefaultRequestToViewNameTranslator'
21:20:55.134 [main] DEBUG o.s.t.w.s.TestDispatcherServlet - Unable to locate RequestToViewNameTranslator with name 'viewNameTranslator': using default [org.springframework.web.servlet.view.DefaultRequestToViewNameTranslator@67f85b3a]
21:20:55.136 [main] DEBUG o.s.b.f.s.DefaultListableBeanFactory - Returning cached instance of singleton bean 'mvcViewResolver'
21:20:55.136 [main] DEBUG o.s.b.f.s.DefaultListableBeanFactory - Returning cached instance of singleton bean 'viewResolver'
21:20:55.138 [main] DEBUG o.s.b.f.s.DefaultListableBeanFactory - Creating instance of bean 'org.springframework.web.servlet.support.SessionFlashMapManager'
21:20:55.138 [main] DEBUG o.s.b.f.s.DefaultListableBeanFactory - Finished creating instance of bean 'org.springframework.web.servlet.support.SessionFlashMapManager'
21:20:55.138 [main] DEBUG o.s.t.w.s.TestDispatcherServlet - Unable to locate FlashMapManager with name 'flashMapManager': using default [org.springframework.web.servlet.support.SessionFlashMapManager@613d719e]
21:20:55.139 [main] DEBUG o.s.t.w.s.TestDispatcherServlet - Published WebApplicationContext of servlet '' as ServletContext attribute with name [org.springframework.web.servlet.FrameworkServlet.CONTEXT.]
21:20:55.139 [main] INFO  o.s.t.w.s.TestDispatcherServlet - FrameworkServlet '': initialization completed in 24 ms
21:20:55.139 [main] DEBUG o.s.t.w.s.TestDispatcherServlet - Servlet '' configured successfully
21:20:55.139 [main] DEBUG o.h.e.t.internal.TransactionImpl - begin
21:20:55.140 [main] DEBUG org.hibernate.SQL - select user_.username, user_.enabled as enabled2_15_, user_.password as password3_15_, user_.role as role4_15_ from Users user_ where user_.username=?
Hibernate: select user_.username, user_.enabled as enabled2_15_, user_.password as password3_15_, user_.role as role4_15_ from Users user_ where user_.username=?
21:20:55.142 [main] DEBUG o.h.r.j.i.ResourceRegistryStandardImpl - HHH000387: ResultSet's statement was not registered
21:20:55.143 [main] DEBUG o.h.e.i.AbstractSaveEventListener - Generated identifier: logapitest, using strategy: org.hibernate.id.Assigned
21:20:55.144 [main] DEBUG o.h.e.t.internal.TransactionImpl - committing
21:20:55.146 [main] DEBUG o.h.e.i.AbstractFlushingEventListener - Processing flush-time cascades
21:20:55.146 [main] DEBUG o.h.e.i.AbstractFlushingEventListener - Dirty checking collections
21:20:55.147 [main] DEBUG o.h.e.i.AbstractFlushingEventListener - Flushed: 1 insertions, 0 updates, 0 deletions to 1 objects
21:20:55.148 [main] DEBUG o.h.e.i.AbstractFlushingEventListener - Flushed: 0 (re)creations, 0 updates, 0 removals to 0 collections
21:20:55.148 [main] DEBUG o.h.internal.util.EntityPrinter - Listing entities:
21:20:55.149 [main] DEBUG o.h.internal.util.EntityPrinter - edu.ncsu.csc.itrust2.models.persistent.User{password=$2a$10$EblZqNptyYvcLm/VwDCVAuBjzZOI7khzdyGPBr08PpIi0na624b8., role=ROLE_PATIENT, enabled=1, username=logapitest}
21:20:55.152 [main] DEBUG org.hibernate.SQL - insert into Users (enabled, password, role, username) values (?, ?, ?, ?)
Hibernate: insert into Users (enabled, password, role, username) values (?, ?, ?, ?)
21:20:55.159 [main] DEBUG o.h.e.j.internal.JdbcCoordinatorImpl - HHH000420: Closing un-released batch
21:20:55.161 [main] DEBUG o.h.e.t.internal.TransactionImpl - begin
21:20:55.162 [main] DEBUG org.hibernate.SQL - select next_val as id_val from hibernate_sequence for update
Hibernate: select next_val as id_val from hibernate_sequence for update
21:20:55.163 [main] DEBUG org.hibernate.SQL - update hibernate_sequence set next_val= ? where next_val=?
Hibernate: update hibernate_sequence set next_val= ? where next_val=?
21:20:55.167 [main] DEBUG o.h.e.i.AbstractSaveEventListener - Generated identifier: 21, using strategy: org.hibernate.id.enhanced.SequenceStyleGenerator
21:20:55.169 [main] DEBUG o.h.e.t.internal.TransactionImpl - committing
21:20:55.170 [main] DEBUG o.h.e.i.AbstractFlushingEventListener - Processing flush-time cascades
21:20:55.170 [main] DEBUG o.h.e.i.AbstractFlushingEventListener - Dirty checking collections
21:20:55.170 [main] DEBUG o.h.e.i.AbstractFlushingEventListener - Flushed: 1 insertions, 0 updates, 0 deletions to 1 objects
21:20:55.171 [main] DEBUG o.h.e.i.AbstractFlushingEventListener - Flushed: 0 (re)creations, 0 updates, 0 removals to 0 collections
21:20:55.171 [main] DEBUG o.h.internal.util.EntityPrinter - Listing entities:
21:20:55.176 [main] DEBUG o.h.internal.util.EntityPrinter - edu.ncsu.csc.itrust2.models.persistent.LogEntry{secondaryUser=null, logCode=5, primaryUser=logapitest, id=21, time=java.util.GregorianCalendar[time=1521667255160,areFieldsSet=true,areAllFieldsSet=true,lenient=true,zone=sun.util.calendar.ZoneInfo[id="Etc/UTC",offset=0,dstSavings=0,useDaylight=false,transitions=0,lastRule=null],firstDayOfWeek=1,minimalDaysInFirstWeek=1,ERA=1,YEAR=2018,MONTH=2,WEEK_OF_YEAR=12,WEEK_OF_MONTH=4,DAY_OF_MONTH=21,DAY_OF_YEAR=80,DAY_OF_WEEK=4,DAY_OF_WEEK_IN_MONTH=3,AM_PM=1,HOUR=9,HOUR_OF_DAY=21,MINUTE=20,SECOND=55,MILLISECOND=160,ZONE_OFFSET=0,DST_OFFSET=0], message=null}
21:20:55.177 [main] DEBUG org.hibernate.SQL - insert into LogEntries (logCode, message, primaryUser, secondaryUser, time, id) values (?, ?, ?, ?, ?, ?)
Hibernate: insert into LogEntries (logCode, message, primaryUser, secondaryUser, time, id) values (?, ?, ?, ?, ?, ?)
21:20:55.179 [main] DEBUG o.h.e.j.internal.JdbcCoordinatorImpl - HHH000420: Closing un-released batch
21:20:55.180 [main] DEBUG o.h.e.t.internal.TransactionImpl - begin
21:20:55.181 [main] DEBUG org.hibernate.SQL - select next_val as id_val from hibernate_sequence for update
Hibernate: select next_val as id_val from hibernate_sequence for update
21:20:55.181 [main] DEBUG org.hibernate.SQL - update hibernate_sequence set next_val= ? where next_val=?
Hibernate: update hibernate_sequence set next_val= ? where next_val=?
21:20:55.184 [main] DEBUG o.h.e.i.AbstractSaveEventListener - Generated identifier: 22, using strategy: org.hibernate.id.enhanced.SequenceStyleGenerator
21:20:55.186 [main] DEBUG o.h.e.t.internal.TransactionImpl - committing
21:20:55.187 [main] DEBUG o.h.e.i.AbstractFlushingEventListener - Processing flush-time cascades
21:20:55.187 [main] DEBUG o.h.e.i.AbstractFlushingEventListener - Dirty checking collections
21:20:55.189 [main] DEBUG o.h.e.i.AbstractFlushingEventListener - Flushed: 1 insertions, 0 updates, 0 deletions to 1 objects
21:20:55.189 [main] DEBUG o.h.e.i.AbstractFlushingEventListener - Flushed: 0 (re)creations, 0 updates, 0 removals to 0 collections
21:20:55.190 [main] DEBUG o.h.internal.util.EntityPrinter - Listing entities:
21:20:55.191 [main] DEBUG o.h.internal.util.EntityPrinter - edu.ncsu.csc.itrust2.models.persistent.LogEntry{secondaryUser=null, logCode=5, primaryUser=logapitest, id=22, time=java.util.GregorianCalendar[time=1521667255180,areFieldsSet=true,areAllFieldsSet=true,lenient=true,zone=sun.util.calendar.ZoneInfo[id="Etc/UTC",offset=0,dstSavings=0,useDaylight=false,transitions=0,lastRule=null],firstDayOfWeek=1,minimalDaysInFirstWeek=1,ERA=1,YEAR=2018,MONTH=2,WEEK_OF_YEAR=12,WEEK_OF_MONTH=4,DAY_OF_MONTH=21,DAY_OF_YEAR=80,DAY_OF_WEEK=4,DAY_OF_WEEK_IN_MONTH=3,AM_PM=1,HOUR=9,HOUR_OF_DAY=21,MINUTE=20,SECOND=55,MILLISECOND=180,ZONE_OFFSET=0,DST_OFFSET=0], message=null}
21:20:55.192 [main] DEBUG org.hibernate.SQL - insert into LogEntries (logCode, message, primaryUser, secondaryUser, time, id) values (?, ?, ?, ?, ?, ?)
Hibernate: insert into LogEntries (logCode, message, primaryUser, secondaryUser, time, id) values (?, ?, ?, ?, ?, ?)
21:20:55.196 [main] DEBUG o.h.e.j.internal.JdbcCoordinatorImpl - HHH000420: Closing un-released batch
21:20:55.197 [main] DEBUG o.h.e.t.internal.TransactionImpl - begin
21:20:55.200 [main] DEBUG org.hibernate.SQL - select next_val as id_val from hibernate_sequence for update
Hibernate: select next_val as id_val from hibernate_sequence for update
21:20:55.206 [main] DEBUG org.hibernate.SQL - update hibernate_sequence set next_val= ? where next_val=?
Hibernate: update hibernate_sequence set next_val= ? where next_val=?
21:20:55.212 [main] DEBUG o.h.e.i.AbstractSaveEventListener - Generated identifier: 23, using strategy: org.hibernate.id.enhanced.SequenceStyleGenerator
21:20:55.212 [main] DEBUG o.h.e.t.internal.TransactionImpl - committing
21:20:55.212 [main] DEBUG o.h.e.i.AbstractFlushingEventListener - Processing flush-time cascades
21:20:55.212 [main] DEBUG o.h.e.i.AbstractFlushingEventListener - Dirty checking collections
21:20:55.213 [main] DEBUG o.h.e.i.AbstractFlushingEventListener - Flushed: 1 insertions, 0 updates, 0 deletions to 1 objects
21:20:55.213 [main] DEBUG o.h.e.i.AbstractFlushingEventListener - Flushed: 0 (re)creations, 0 updates, 0 removals to 0 collections
21:20:55.213 [main] DEBUG o.h.internal.util.EntityPrinter - Listing entities:
21:20:55.213 [main] DEBUG o.h.internal.util.EntityPrinter - edu.ncsu.csc.itrust2.models.persistent.LogEntry{secondaryUser=null, logCode=5, primaryUser=logapitest, id=23, time=java.util.GregorianCalendar[time=1521667255196,areFieldsSet=true,areAllFieldsSet=true,lenient=true,zone=sun.util.calendar.ZoneInfo[id="Etc/UTC",offset=0,dstSavings=0,useDaylight=false,transitions=0,lastRule=null],firstDayOfWeek=1,minimalDaysInFirstWeek=1,ERA=1,YEAR=2018,MONTH=2,WEEK_OF_YEAR=12,WEEK_OF_MONTH=4,DAY_OF_MONTH=21,DAY_OF_YEAR=80,DAY_OF_WEEK=4,DAY_OF_WEEK_IN_MONTH=3,AM_PM=1,HOUR=9,HOUR_OF_DAY=21,MINUTE=20,SECOND=55,MILLISECOND=196,ZONE_OFFSET=0,DST_OFFSET=0], message=null}
21:20:55.215 [main] DEBUG org.hibernate.SQL - insert into LogEntries (logCode, message, primaryUser, secondaryUser, time, id) values (?, ?, ?, ?, ?, ?)
Hibernate: insert into LogEntries (logCode, message, primaryUser, secondaryUser, time, id) values (?, ?, ?, ?, ?, ?)
21:20:55.219 [main] DEBUG o.h.e.j.internal.JdbcCoordinatorImpl - HHH000420: Closing un-released batch
21:20:55.221 [main] DEBUG o.h.e.t.internal.TransactionImpl - begin
21:20:55.224 [main] DEBUG org.hibernate.SQL - select next_val as id_val from hibernate_sequence for update
Hibernate: select next_val as id_val from hibernate_sequence for update
21:20:55.226 [main] DEBUG org.hibernate.SQL - update hibernate_sequence set next_val= ? where next_val=?
Hibernate: update hibernate_sequence set next_val= ? where next_val=?
21:20:55.234 [main] DEBUG o.h.e.i.AbstractSaveEventListener - Generated identifier: 24, using strategy: org.hibernate.id.enhanced.SequenceStyleGenerator
21:20:55.235 [main] DEBUG o.h.e.t.internal.TransactionImpl - committing
21:20:55.236 [main] DEBUG o.h.e.i.AbstractFlushingEventListener - Processing flush-time cascades
21:20:55.236 [main] DEBUG o.h.e.i.AbstractFlushingEventListener - Dirty checking collections
21:20:55.236 [main] DEBUG o.h.e.i.AbstractFlushingEventListener - Flushed: 1 insertions, 0 updates, 0 deletions to 1 objects
21:20:55.236 [main] DEBUG o.h.e.i.AbstractFlushingEventListener - Flushed: 0 (re)creations, 0 updates, 0 removals to 0 collections
21:20:55.236 [main] DEBUG o.h.internal.util.EntityPrinter - Listing entities:
21:20:55.237 [main] DEBUG o.h.internal.util.EntityPrinter - edu.ncsu.csc.itrust2.models.persistent.LogEntry{secondaryUser=null, logCode=5, primaryUser=logapitest, id=24, time=java.util.GregorianCalendar[time=1521667255220,areFieldsSet=true,areAllFieldsSet=true,lenient=true,zone=sun.util.calendar.ZoneInfo[id="Etc/UTC",offset=0,dstSavings=0,useDaylight=false,transitions=0,lastRule=null],firstDayOfWeek=1,minimalDaysInFirstWeek=1,ERA=1,YEAR=2018,MONTH=2,WEEK_OF_YEAR=12,WEEK_OF_MONTH=4,DAY_OF_MONTH=21,DAY_OF_YEAR=80,DAY_OF_WEEK=4,DAY_OF_WEEK_IN_MONTH=3,AM_PM=1,HOUR=9,HOUR_OF_DAY=21,MINUTE=20,SECOND=55,MILLISECOND=220,ZONE_OFFSET=0,DST_OFFSET=0], message=null}
21:20:55.239 [main] DEBUG org.hibernate.SQL - insert into LogEntries (logCode, message, primaryUser, secondaryUser, time, id) values (?, ?, ?, ?, ?, ?)
Hibernate: insert into LogEntries (logCode, message, primaryUser, secondaryUser, time, id) values (?, ?, ?, ?, ?, ?)
21:20:55.253 [main] DEBUG o.h.e.j.internal.JdbcCoordinatorImpl - HHH000420: Closing un-released batch
21:20:55.256 [main] DEBUG o.h.e.t.internal.TransactionImpl - begin
21:20:55.257 [main] DEBUG org.hibernate.SQL - select next_val as id_val from hibernate_sequence for update
Hibernate: select next_val as id_val from hibernate_sequence for update
21:20:55.261 [main] DEBUG org.hibernate.SQL - update hibernate_sequence set next_val= ? where next_val=?
Hibernate: update hibernate_sequence set next_val= ? where next_val=?
21:20:55.274 [main] DEBUG o.h.e.i.AbstractSaveEventListener - Generated identifier: 25, using strategy: org.hibernate.id.enhanced.SequenceStyleGenerator
21:20:55.278 [main] DEBUG o.h.e.t.internal.TransactionImpl - committing
21:20:55.278 [main] DEBUG o.h.e.i.AbstractFlushingEventListener - Processing flush-time cascades
21:20:55.278 [main] DEBUG o.h.e.i.AbstractFlushingEventListener - Dirty checking collections
21:20:55.279 [main] DEBUG o.h.e.i.AbstractFlushingEventListener - Flushed: 1 insertions, 0 updates, 0 deletions to 1 objects
21:20:55.279 [main] DEBUG o.h.e.i.AbstractFlushingEventListener - Flushed: 0 (re)creations, 0 updates, 0 removals to 0 collections
21:20:55.280 [main] DEBUG o.h.internal.util.EntityPrinter - Listing entities:
21:20:55.282 [main] DEBUG o.h.internal.util.EntityPrinter - edu.ncsu.csc.itrust2.models.persistent.LogEntry{secondaryUser=null, logCode=5, primaryUser=logapitest, id=25, time=java.util.GregorianCalendar[time=1521667255256,areFieldsSet=true,areAllFieldsSet=true,lenient=true,zone=sun.util.calendar.ZoneInfo[id="Etc/UTC",offset=0,dstSavings=0,useDaylight=false,transitions=0,lastRule=null],firstDayOfWeek=1,minimalDaysInFirstWeek=1,ERA=1,YEAR=2018,MONTH=2,WEEK_OF_YEAR=12,WEEK_OF_MONTH=4,DAY_OF_MONTH=21,DAY_OF_YEAR=80,DAY_OF_WEEK=4,DAY_OF_WEEK_IN_MONTH=3,AM_PM=1,HOUR=9,HOUR_OF_DAY=21,MINUTE=20,SECOND=55,MILLISECOND=256,ZONE_OFFSET=0,DST_OFFSET=0], message=null}
21:20:55.289 [main] DEBUG org.hibernate.SQL - insert into LogEntries (logCode, message, primaryUser, secondaryUser, time, id) values (?, ?, ?, ?, ?, ?)
Hibernate: insert into LogEntries (logCode, message, primaryUser, secondaryUser, time, id) values (?, ?, ?, ?, ?, ?)
21:20:55.294 [main] DEBUG o.h.e.j.internal.JdbcCoordinatorImpl - HHH000420: Closing un-released batch
21:20:55.294 [main] DEBUG o.h.e.t.internal.TransactionImpl - begin
21:20:55.295 [main] DEBUG org.hibernate.SQL - select next_val as id_val from hibernate_sequence for update
Hibernate: select next_val as id_val from hibernate_sequence for update
21:20:55.297 [main] DEBUG org.hibernate.SQL - update hibernate_sequence set next_val= ? where next_val=?
Hibernate: update hibernate_sequence set next_val= ? where next_val=?
21:20:55.301 [main] DEBUG o.h.e.i.AbstractSaveEventListener - Generated identifier: 26, using strategy: org.hibernate.id.enhanced.SequenceStyleGenerator
21:20:55.301 [main] DEBUG o.h.e.t.internal.TransactionImpl - committing
21:20:55.301 [main] DEBUG o.h.e.i.AbstractFlushingEventListener - Processing flush-time cascades
21:20:55.301 [main] DEBUG o.h.e.i.AbstractFlushingEventListener - Dirty checking collections
21:20:55.301 [main] DEBUG o.h.e.i.AbstractFlushingEventListener - Flushed: 1 insertions, 0 updates, 0 deletions to 1 objects
21:20:55.301 [main] DEBUG o.h.e.i.AbstractFlushingEventListener - Flushed: 0 (re)creations, 0 updates, 0 removals to 0 collections
21:20:55.301 [main] DEBUG o.h.internal.util.EntityPrinter - Listing entities:
21:20:55.302 [main] DEBUG o.h.internal.util.EntityPrinter - edu.ncsu.csc.itrust2.models.persistent.LogEntry{secondaryUser=null, logCode=5, primaryUser=logapitest, id=26, time=java.util.GregorianCalendar[time=1521667255294,areFieldsSet=true,areAllFieldsSet=true,lenient=true,zone=sun.util.calendar.ZoneInfo[id="Etc/UTC",offset=0,dstSavings=0,useDaylight=false,transitions=0,lastRule=null],firstDayOfWeek=1,minimalDaysInFirstWeek=1,ERA=1,YEAR=2018,MONTH=2,WEEK_OF_YEAR=12,WEEK_OF_MONTH=4,DAY_OF_MONTH=21,DAY_OF_YEAR=80,DAY_OF_WEEK=4,DAY_OF_WEEK_IN_MONTH=3,AM_PM=1,HOUR=9,HOUR_OF_DAY=21,MINUTE=20,SECOND=55,MILLISECOND=294,ZONE_OFFSET=0,DST_OFFSET=0], message=null}
21:20:55.304 [main] DEBUG org.hibernate.SQL - insert into LogEntries (logCode, message, primaryUser, secondaryUser, time, id) values (?, ?, ?, ?, ?, ?)
Hibernate: insert into LogEntries (logCode, message, primaryUser, secondaryUser, time, id) values (?, ?, ?, ?, ?, ?)
21:20:55.317 [main] DEBUG o.h.e.j.internal.JdbcCoordinatorImpl - HHH000420: Closing un-released batch
21:20:55.319 [main] DEBUG o.h.e.t.internal.TransactionImpl - begin
21:20:55.320 [main] DEBUG org.hibernate.SQL - select next_val as id_val from hibernate_sequence for update
Hibernate: select next_val as id_val from hibernate_sequence for update
21:20:55.322 [main] DEBUG org.hibernate.SQL - update hibernate_sequence set next_val= ? where next_val=?
Hibernate: update hibernate_sequence set next_val= ? where next_val=?
21:20:55.324 [main] DEBUG o.h.e.i.AbstractSaveEventListener - Generated identifier: 27, using strategy: org.hibernate.id.enhanced.SequenceStyleGenerator
21:20:55.324 [main] DEBUG o.h.e.t.internal.TransactionImpl - committing
21:20:55.324 [main] DEBUG o.h.e.i.AbstractFlushingEventListener - Processing flush-time cascades
21:20:55.324 [main] DEBUG o.h.e.i.AbstractFlushingEventListener - Dirty checking collections
21:20:55.324 [main] DEBUG o.h.e.i.AbstractFlushingEventListener - Flushed: 1 insertions, 0 updates, 0 deletions to 1 objects
21:20:55.324 [main] DEBUG o.h.e.i.AbstractFlushingEventListener - Flushed: 0 (re)creations, 0 updates, 0 removals to 0 collections
21:20:55.324 [main] DEBUG o.h.internal.util.EntityPrinter - Listing entities:
21:20:55.324 [main] DEBUG o.h.internal.util.EntityPrinter - edu.ncsu.csc.itrust2.models.persistent.LogEntry{secondaryUser=null, logCode=5, primaryUser=logapitest, id=27, time=java.util.GregorianCalendar[time=1521667255317,areFieldsSet=true,areAllFieldsSet=true,lenient=true,zone=sun.util.calendar.ZoneInfo[id="Etc/UTC",offset=0,dstSavings=0,useDaylight=false,transitions=0,lastRule=null],firstDayOfWeek=1,minimalDaysInFirstWeek=1,ERA=1,YEAR=2018,MONTH=2,WEEK_OF_YEAR=12,WEEK_OF_MONTH=4,DAY_OF_MONTH=21,DAY_OF_YEAR=80,DAY_OF_WEEK=4,DAY_OF_WEEK_IN_MONTH=3,AM_PM=1,HOUR=9,HOUR_OF_DAY=21,MINUTE=20,SECOND=55,MILLISECOND=317,ZONE_OFFSET=0,DST_OFFSET=0], message=null}
21:20:55.329 [main] DEBUG org.hibernate.SQL - insert into LogEntries (logCode, message, primaryUser, secondaryUser, time, id) values (?, ?, ?, ?, ?, ?)
Hibernate: insert into LogEntries (logCode, message, primaryUser, secondaryUser, time, id) values (?, ?, ?, ?, ?, ?)
21:20:55.333 [main] DEBUG o.h.e.j.internal.JdbcCoordinatorImpl - HHH000420: Closing un-released batch
21:20:55.334 [main] DEBUG o.h.e.t.internal.TransactionImpl - begin
21:20:55.335 [main] DEBUG org.hibernate.SQL - select next_val as id_val from hibernate_sequence for update
Hibernate: select next_val as id_val from hibernate_sequence for update
21:20:55.339 [main] DEBUG org.hibernate.SQL - update hibernate_sequence set next_val= ? where next_val=?
Hibernate: update hibernate_sequence set next_val= ? where next_val=?
21:20:55.341 [main] DEBUG o.h.e.i.AbstractSaveEventListener - Generated identifier: 28, using strategy: org.hibernate.id.enhanced.SequenceStyleGenerator
21:20:55.343 [main] DEBUG o.h.e.t.internal.TransactionImpl - committing
21:20:55.344 [main] DEBUG o.h.e.i.AbstractFlushingEventListener - Processing flush-time cascades
21:20:55.345 [main] DEBUG o.h.e.i.AbstractFlushingEventListener - Dirty checking collections
21:20:55.345 [main] DEBUG o.h.e.i.AbstractFlushingEventListener - Flushed: 1 insertions, 0 updates, 0 deletions to 1 objects
21:20:55.345 [main] DEBUG o.h.e.i.AbstractFlushingEventListener - Flushed: 0 (re)creations, 0 updates, 0 removals to 0 collections
21:20:55.345 [main] DEBUG o.h.internal.util.EntityPrinter - Listing entities:
21:20:55.345 [main] DEBUG o.h.internal.util.EntityPrinter - edu.ncsu.csc.itrust2.models.persistent.LogEntry{secondaryUser=null, logCode=5, primaryUser=logapitest, id=28, time=java.util.GregorianCalendar[time=1521667255333,areFieldsSet=true,areAllFieldsSet=true,lenient=true,zone=sun.util.calendar.ZoneInfo[id="Etc/UTC",offset=0,dstSavings=0,useDaylight=false,transitions=0,lastRule=null],firstDayOfWeek=1,minimalDaysInFirstWeek=1,ERA=1,YEAR=2018,MONTH=2,WEEK_OF_YEAR=12,WEEK_OF_MONTH=4,DAY_OF_MONTH=21,DAY_OF_YEAR=80,DAY_OF_WEEK=4,DAY_OF_WEEK_IN_MONTH=3,AM_PM=1,HOUR=9,HOUR_OF_DAY=21,MINUTE=20,SECOND=55,MILLISECOND=333,ZONE_OFFSET=0,DST_OFFSET=0], message=null}
21:20:55.345 [main] DEBUG org.hibernate.SQL - insert into LogEntries (logCode, message, primaryUser, secondaryUser, time, id) values (?, ?, ?, ?, ?, ?)
Hibernate: insert into LogEntries (logCode, message, primaryUser, secondaryUser, time, id) values (?, ?, ?, ?, ?, ?)
21:20:55.350 [main] DEBUG o.h.e.j.internal.JdbcCoordinatorImpl - HHH000420: Closing un-released batch
21:20:55.351 [main] DEBUG o.h.e.t.internal.TransactionImpl - begin
21:20:55.353 [main] DEBUG org.hibernate.SQL - select next_val as id_val from hibernate_sequence for update
Hibernate: select next_val as id_val from hibernate_sequence for update
21:20:55.354 [main] DEBUG org.hibernate.SQL - update hibernate_sequence set next_val= ? where next_val=?
Hibernate: update hibernate_sequence set next_val= ? where next_val=?
21:20:55.356 [main] DEBUG o.h.e.i.AbstractSaveEventListener - Generated identifier: 29, using strategy: org.hibernate.id.enhanced.SequenceStyleGenerator
21:20:55.358 [main] DEBUG o.h.e.t.internal.TransactionImpl - committing
21:20:55.358 [main] DEBUG o.h.e.i.AbstractFlushingEventListener - Processing flush-time cascades
21:20:55.359 [main] DEBUG o.h.e.i.AbstractFlushingEventListener - Dirty checking collections
21:20:55.359 [main] DEBUG o.h.e.i.AbstractFlushingEventListener - Flushed: 1 insertions, 0 updates, 0 deletions to 1 objects
21:20:55.359 [main] DEBUG o.h.e.i.AbstractFlushingEventListener - Flushed: 0 (re)creations, 0 updates, 0 removals to 0 collections
21:20:55.359 [main] DEBUG o.h.internal.util.EntityPrinter - Listing entities:
21:20:55.359 [main] DEBUG o.h.internal.util.EntityPrinter - edu.ncsu.csc.itrust2.models.persistent.LogEntry{secondaryUser=null, logCode=5, primaryUser=logapitest, id=29, time=java.util.GregorianCalendar[time=1521667255351,areFieldsSet=true,areAllFieldsSet=true,lenient=true,zone=sun.util.calendar.ZoneInfo[id="Etc/UTC",offset=0,dstSavings=0,useDaylight=false,transitions=0,lastRule=null],firstDayOfWeek=1,minimalDaysInFirstWeek=1,ERA=1,YEAR=2018,MONTH=2,WEEK_OF_YEAR=12,WEEK_OF_MONTH=4,DAY_OF_MONTH=21,DAY_OF_YEAR=80,DAY_OF_WEEK=4,DAY_OF_WEEK_IN_MONTH=3,AM_PM=1,HOUR=9,HOUR_OF_DAY=21,MINUTE=20,SECOND=55,MILLISECOND=351,ZONE_OFFSET=0,DST_OFFSET=0], message=null}
21:20:55.362 [main] DEBUG org.hibernate.SQL - insert into LogEntries (logCode, message, primaryUser, secondaryUser, time, id) values (?, ?, ?, ?, ?, ?)
Hibernate: insert into LogEntries (logCode, message, primaryUser, secondaryUser, time, id) values (?, ?, ?, ?, ?, ?)
21:20:55.370 [main] DEBUG o.h.e.j.internal.JdbcCoordinatorImpl - HHH000420: Closing un-released batch
21:20:55.373 [main] DEBUG o.h.e.t.internal.TransactionImpl - begin
21:20:55.383 [main] DEBUG org.hibernate.SQL - select next_val as id_val from hibernate_sequence for update
Hibernate: select next_val as id_val from hibernate_sequence for update
21:20:55.384 [main] DEBUG org.hibernate.SQL - update hibernate_sequence set next_val= ? where next_val=?
Hibernate: update hibernate_sequence set next_val= ? where next_val=?
21:20:55.386 [main] DEBUG o.h.e.i.AbstractSaveEventListener - Generated identifier: 30, using strategy: org.hibernate.id.enhanced.SequenceStyleGenerator
21:20:55.387 [main] DEBUG o.h.e.t.internal.TransactionImpl - committing
21:20:55.387 [main] DEBUG o.h.e.i.AbstractFlushingEventListener - Processing flush-time cascades
21:20:55.387 [main] DEBUG o.h.e.i.AbstractFlushingEventListener - Dirty checking collections
21:20:55.387 [main] DEBUG o.h.e.i.AbstractFlushingEventListener - Flushed: 1 insertions, 0 updates, 0 deletions to 1 objects
21:20:55.387 [main] DEBUG o.h.e.i.AbstractFlushingEventListener - Flushed: 0 (re)creations, 0 updates, 0 removals to 0 collections
21:20:55.387 [main] DEBUG o.h.internal.util.EntityPrinter - Listing entities:
21:20:55.387 [main] DEBUG o.h.internal.util.EntityPrinter - edu.ncsu.csc.itrust2.models.persistent.LogEntry{secondaryUser=null, logCode=5, primaryUser=logapitest, id=30, time=java.util.GregorianCalendar[time=1521667255371,areFieldsSet=true,areAllFieldsSet=true,lenient=true,zone=sun.util.calendar.ZoneInfo[id="Etc/UTC",offset=0,dstSavings=0,useDaylight=false,transitions=0,lastRule=null],firstDayOfWeek=1,minimalDaysInFirstWeek=1,ERA=1,YEAR=2018,MONTH=2,WEEK_OF_YEAR=12,WEEK_OF_MONTH=4,DAY_OF_MONTH=21,DAY_OF_YEAR=80,DAY_OF_WEEK=4,DAY_OF_WEEK_IN_MONTH=3,AM_PM=1,HOUR=9,HOUR_OF_DAY=21,MINUTE=20,SECOND=55,MILLISECOND=371,ZONE_OFFSET=0,DST_OFFSET=0], message=null}
21:20:55.390 [main] DEBUG org.hibernate.SQL - insert into LogEntries (logCode, message, primaryUser, secondaryUser, time, id) values (?, ?, ?, ?, ?, ?)
Hibernate: insert into LogEntries (logCode, message, primaryUser, secondaryUser, time, id) values (?, ?, ?, ?, ?, ?)
21:20:55.394 [main] DEBUG o.h.e.j.internal.JdbcCoordinatorImpl - HHH000420: Closing un-released batch
21:20:55.395 [main] DEBUG o.h.e.t.internal.TransactionImpl - begin
21:20:55.396 [main] DEBUG org.hibernate.SQL - select next_val as id_val from hibernate_sequence for update
Hibernate: select next_val as id_val from hibernate_sequence for update
21:20:55.397 [main] DEBUG org.hibernate.SQL - update hibernate_sequence set next_val= ? where next_val=?
Hibernate: update hibernate_sequence set next_val= ? where next_val=?
21:20:55.403 [main] DEBUG o.h.e.i.AbstractSaveEventListener - Generated identifier: 31, using strategy: org.hibernate.id.enhanced.SequenceStyleGenerator
21:20:55.404 [main] DEBUG o.h.e.t.internal.TransactionImpl - committing
21:20:55.404 [main] DEBUG o.h.e.i.AbstractFlushingEventListener - Processing flush-time cascades
21:20:55.404 [main] DEBUG o.h.e.i.AbstractFlushingEventListener - Dirty checking collections
21:20:55.404 [main] DEBUG o.h.e.i.AbstractFlushingEventListener - Flushed: 1 insertions, 0 updates, 0 deletions to 1 objects
21:20:55.404 [main] DEBUG o.h.e.i.AbstractFlushingEventListener - Flushed: 0 (re)creations, 0 updates, 0 removals to 0 collections
21:20:55.404 [main] DEBUG o.h.internal.util.EntityPrinter - Listing entities:
21:20:55.404 [main] DEBUG o.h.internal.util.EntityPrinter - edu.ncsu.csc.itrust2.models.persistent.LogEntry{secondaryUser=null, logCode=5, primaryUser=logapitest, id=31, time=java.util.GregorianCalendar[time=1521667255395,areFieldsSet=true,areAllFieldsSet=true,lenient=true,zone=sun.util.calendar.ZoneInfo[id="Etc/UTC",offset=0,dstSavings=0,useDaylight=false,transitions=0,lastRule=null],firstDayOfWeek=1,minimalDaysInFirstWeek=1,ERA=1,YEAR=2018,MONTH=2,WEEK_OF_YEAR=12,WEEK_OF_MONTH=4,DAY_OF_MONTH=21,DAY_OF_YEAR=80,DAY_OF_WEEK=4,DAY_OF_WEEK_IN_MONTH=3,AM_PM=1,HOUR=9,HOUR_OF_DAY=21,MINUTE=20,SECOND=55,MILLISECOND=395,ZONE_OFFSET=0,DST_OFFSET=0], message=null}
21:20:55.405 [main] DEBUG org.hibernate.SQL - insert into LogEntries (logCode, message, primaryUser, secondaryUser, time, id) values (?, ?, ?, ?, ?, ?)
Hibernate: insert into LogEntries (logCode, message, primaryUser, secondaryUser, time, id) values (?, ?, ?, ?, ?, ?)
21:20:55.428 [main] DEBUG o.h.e.j.internal.JdbcCoordinatorImpl - HHH000420: Closing un-released batch
21:20:55.428 [main] DEBUG o.h.e.t.internal.TransactionImpl - begin
21:20:55.429 [main] DEBUG org.hibernate.SQL - select next_val as id_val from hibernate_sequence for update
Hibernate: select next_val as id_val from hibernate_sequence for update
21:20:55.429 [main] DEBUG org.hibernate.SQL - update hibernate_sequence set next_val= ? where next_val=?
Hibernate: update hibernate_sequence set next_val= ? where next_val=?
21:20:55.431 [main] DEBUG o.h.e.i.AbstractSaveEventListener - Generated identifier: 32, using strategy: org.hibernate.id.enhanced.SequenceStyleGenerator
21:20:55.431 [main] DEBUG o.h.e.t.internal.TransactionImpl - committing
21:20:55.431 [main] DEBUG o.h.e.i.AbstractFlushingEventListener - Processing flush-time cascades
21:20:55.431 [main] DEBUG o.h.e.i.AbstractFlushingEventListener - Dirty checking collections
21:20:55.431 [main] DEBUG o.h.e.i.AbstractFlushingEventListener - Flushed: 1 insertions, 0 updates, 0 deletions to 1 objects
21:20:55.431 [main] DEBUG o.h.e.i.AbstractFlushingEventListener - Flushed: 0 (re)creations, 0 updates, 0 removals to 0 collections
21:20:55.431 [main] DEBUG o.h.internal.util.EntityPrinter - Listing entities:
21:20:55.431 [main] DEBUG o.h.internal.util.EntityPrinter - edu.ncsu.csc.itrust2.models.persistent.LogEntry{secondaryUser=null, logCode=5, primaryUser=logapitest, id=32, time=java.util.GregorianCalendar[time=1521667255428,areFieldsSet=true,areAllFieldsSet=true,lenient=true,zone=sun.util.calendar.ZoneInfo[id="Etc/UTC",offset=0,dstSavings=0,useDaylight=false,transitions=0,lastRule=null],firstDayOfWeek=1,minimalDaysInFirstWeek=1,ERA=1,YEAR=2018,MONTH=2,WEEK_OF_YEAR=12,WEEK_OF_MONTH=4,DAY_OF_MONTH=21,DAY_OF_YEAR=80,DAY_OF_WEEK=4,DAY_OF_WEEK_IN_MONTH=3,AM_PM=1,HOUR=9,HOUR_OF_DAY=21,MINUTE=20,SECOND=55,MILLISECOND=428,ZONE_OFFSET=0,DST_OFFSET=0], message=null}
21:20:55.434 [main] DEBUG org.hibernate.SQL - insert into LogEntries (logCode, message, primaryUser, secondaryUser, time, id) values (?, ?, ?, ?, ?, ?)
Hibernate: insert into LogEntries (logCode, message, primaryUser, secondaryUser, time, id) values (?, ?, ?, ?, ?, ?)
21:20:55.436 [main] DEBUG o.h.e.j.internal.JdbcCoordinatorImpl - HHH000420: Closing un-released batch
21:20:55.437 [main] DEBUG o.h.e.t.internal.TransactionImpl - begin
21:20:55.437 [main] DEBUG org.hibernate.SQL - select next_val as id_val from hibernate_sequence for update
Hibernate: select next_val as id_val from hibernate_sequence for update
21:20:55.438 [main] DEBUG org.hibernate.SQL - update hibernate_sequence set next_val= ? where next_val=?
Hibernate: update hibernate_sequence set next_val= ? where next_val=?
21:20:55.439 [main] DEBUG o.h.e.i.AbstractSaveEventListener - Generated identifier: 33, using strategy: org.hibernate.id.enhanced.SequenceStyleGenerator
21:20:55.440 [main] DEBUG o.h.e.t.internal.TransactionImpl - committing
21:20:55.440 [main] DEBUG o.h.e.i.AbstractFlushingEventListener - Processing flush-time cascades
21:20:55.440 [main] DEBUG o.h.e.i.AbstractFlushingEventListener - Dirty checking collections
21:20:55.441 [main] DEBUG o.h.e.i.AbstractFlushingEventListener - Flushed: 1 insertions, 0 updates, 0 deletions to 1 objects
21:20:55.441 [main] DEBUG o.h.e.i.AbstractFlushingEventListener - Flushed: 0 (re)creations, 0 updates, 0 removals to 0 collections
21:20:55.441 [main] DEBUG o.h.internal.util.EntityPrinter - Listing entities:
21:20:55.441 [main] DEBUG o.h.internal.util.EntityPrinter - edu.ncsu.csc.itrust2.models.persistent.LogEntry{secondaryUser=null, logCode=5, primaryUser=logapitest, id=33, time=java.util.GregorianCalendar[time=1521667255436,areFieldsSet=true,areAllFieldsSet=true,lenient=true,zone=sun.util.calendar.ZoneInfo[id="Etc/UTC",offset=0,dstSavings=0,useDaylight=false,transitions=0,lastRule=null],firstDayOfWeek=1,minimalDaysInFirstWeek=1,ERA=1,YEAR=2018,MONTH=2,WEEK_OF_YEAR=12,WEEK_OF_MONTH=4,DAY_OF_MONTH=21,DAY_OF_YEAR=80,DAY_OF_WEEK=4,DAY_OF_WEEK_IN_MONTH=3,AM_PM=1,HOUR=9,HOUR_OF_DAY=21,MINUTE=20,SECOND=55,MILLISECOND=436,ZONE_OFFSET=0,DST_OFFSET=0], message=null}
21:20:55.445 [main] DEBUG org.hibernate.SQL - insert into LogEntries (logCode, message, primaryUser, secondaryUser, time, id) values (?, ?, ?, ?, ?, ?)
Hibernate: insert into LogEntries (logCode, message, primaryUser, secondaryUser, time, id) values (?, ?, ?, ?, ?, ?)
21:20:55.460 [main] DEBUG o.h.e.j.internal.JdbcCoordinatorImpl - HHH000420: Closing un-released batch
21:20:55.460 [main] DEBUG o.h.e.t.internal.TransactionImpl - begin
21:20:55.461 [main] DEBUG org.hibernate.SQL - select next_val as id_val from hibernate_sequence for update
Hibernate: select next_val as id_val from hibernate_sequence for update
21:20:55.462 [main] DEBUG org.hibernate.SQL - update hibernate_sequence set next_val= ? where next_val=?
Hibernate: update hibernate_sequence set next_val= ? where next_val=?
21:20:55.467 [main] DEBUG o.h.e.i.AbstractSaveEventListener - Generated identifier: 34, using strategy: org.hibernate.id.enhanced.SequenceStyleGenerator
21:20:55.467 [main] DEBUG o.h.e.t.internal.TransactionImpl - committing
21:20:55.467 [main] DEBUG o.h.e.i.AbstractFlushingEventListener - Processing flush-time cascades
21:20:55.467 [main] DEBUG o.h.e.i.AbstractFlushingEventListener - Dirty checking collections
21:20:55.467 [main] DEBUG o.h.e.i.AbstractFlushingEventListener - Flushed: 1 insertions, 0 updates, 0 deletions to 1 objects
21:20:55.467 [main] DEBUG o.h.e.i.AbstractFlushingEventListener - Flushed: 0 (re)creations, 0 updates, 0 removals to 0 collections
21:20:55.467 [main] DEBUG o.h.internal.util.EntityPrinter - Listing entities:
21:20:55.468 [main] DEBUG o.h.internal.util.EntityPrinter - edu.ncsu.csc.itrust2.models.persistent.LogEntry{secondaryUser=null, logCode=5, primaryUser=logapitest, id=34, time=java.util.GregorianCalendar[time=1521667255460,areFieldsSet=true,areAllFieldsSet=true,lenient=true,zone=sun.util.calendar.ZoneInfo[id="Etc/UTC",offset=0,dstSavings=0,useDaylight=false,transitions=0,lastRule=null],firstDayOfWeek=1,minimalDaysInFirstWeek=1,ERA=1,YEAR=2018,MONTH=2,WEEK_OF_YEAR=12,WEEK_OF_MONTH=4,DAY_OF_MONTH=21,DAY_OF_YEAR=80,DAY_OF_WEEK=4,DAY_OF_WEEK_IN_MONTH=3,AM_PM=1,HOUR=9,HOUR_OF_DAY=21,MINUTE=20,SECOND=55,MILLISECOND=460,ZONE_OFFSET=0,DST_OFFSET=0], message=null}
21:20:55.468 [main] DEBUG org.hibernate.SQL - insert into LogEntries (logCode, message, primaryUser, secondaryUser, time, id) values (?, ?, ?, ?, ?, ?)
Hibernate: insert into LogEntries (logCode, message, primaryUser, secondaryUser, time, id) values (?, ?, ?, ?, ?, ?)
21:20:55.474 [main] DEBUG o.h.e.j.internal.JdbcCoordinatorImpl - HHH000420: Closing un-released batch
21:20:55.474 [main] DEBUG o.h.e.t.internal.TransactionImpl - begin
21:20:55.475 [main] DEBUG org.hibernate.SQL - select next_val as id_val from hibernate_sequence for update
Hibernate: select next_val as id_val from hibernate_sequence for update
21:20:55.476 [main] DEBUG org.hibernate.SQL - update hibernate_sequence set next_val= ? where next_val=?
Hibernate: update hibernate_sequence set next_val= ? where next_val=?
21:20:55.481 [main] DEBUG o.h.e.i.AbstractSaveEventListener - Generated identifier: 35, using strategy: org.hibernate.id.enhanced.SequenceStyleGenerator
21:20:55.483 [main] DEBUG o.h.e.t.internal.TransactionImpl - committing
21:20:55.483 [main] DEBUG o.h.e.i.AbstractFlushingEventListener - Processing flush-time cascades
21:20:55.483 [main] DEBUG o.h.e.i.AbstractFlushingEventListener - Dirty checking collections
21:20:55.483 [main] DEBUG o.h.e.i.AbstractFlushingEventListener - Flushed: 1 insertions, 0 updates, 0 deletions to 1 objects
21:20:55.483 [main] DEBUG o.h.e.i.AbstractFlushingEventListener - Flushed: 0 (re)creations, 0 updates, 0 removals to 0 collections
21:20:55.483 [main] DEBUG o.h.internal.util.EntityPrinter - Listing entities:
21:20:55.483 [main] DEBUG o.h.internal.util.EntityPrinter - edu.ncsu.csc.itrust2.models.persistent.LogEntry{secondaryUser=null, logCode=5, primaryUser=logapitest, id=35, time=java.util.GregorianCalendar[time=1521667255474,areFieldsSet=true,areAllFieldsSet=true,lenient=true,zone=sun.util.calendar.ZoneInfo[id="Etc/UTC",offset=0,dstSavings=0,useDaylight=false,transitions=0,lastRule=null],firstDayOfWeek=1,minimalDaysInFirstWeek=1,ERA=1,YEAR=2018,MONTH=2,WEEK_OF_YEAR=12,WEEK_OF_MONTH=4,DAY_OF_MONTH=21,DAY_OF_YEAR=80,DAY_OF_WEEK=4,DAY_OF_WEEK_IN_MONTH=3,AM_PM=1,HOUR=9,HOUR_OF_DAY=21,MINUTE=20,SECOND=55,MILLISECOND=474,ZONE_OFFSET=0,DST_OFFSET=0], message=null}
21:20:55.489 [main] DEBUG org.hibernate.SQL - insert into LogEntries (logCode, message, primaryUser, secondaryUser, time, id) values (?, ?, ?, ?, ?, ?)
Hibernate: insert into LogEntries (logCode, message, primaryUser, secondaryUser, time, id) values (?, ?, ?, ?, ?, ?)
21:20:55.499 [main] DEBUG o.h.e.j.internal.JdbcCoordinatorImpl - HHH000420: Closing un-released batch
21:20:55.499 [main] DEBUG o.h.e.t.internal.TransactionImpl - begin
21:20:55.501 [main] DEBUG org.hibernate.SQL - select next_val as id_val from hibernate_sequence for update
Hibernate: select next_val as id_val from hibernate_sequence for update
21:20:55.501 [main] DEBUG org.hibernate.SQL - update hibernate_sequence set next_val= ? where next_val=?
Hibernate: update hibernate_sequence set next_val= ? where next_val=?
21:20:55.504 [main] DEBUG o.h.e.i.AbstractSaveEventListener - Generated identifier: 36, using strategy: org.hibernate.id.enhanced.SequenceStyleGenerator
21:20:55.506 [main] DEBUG o.h.e.t.internal.TransactionImpl - committing
21:20:55.506 [main] DEBUG o.h.e.i.AbstractFlushingEventListener - Processing flush-time cascades
21:20:55.506 [main] DEBUG o.h.e.i.AbstractFlushingEventListener - Dirty checking collections
21:20:55.507 [main] DEBUG o.h.e.i.AbstractFlushingEventListener - Flushed: 1 insertions, 0 updates, 0 deletions to 1 objects
21:20:55.507 [main] DEBUG o.h.e.i.AbstractFlushingEventListener - Flushed: 0 (re)creations, 0 updates, 0 removals to 0 collections
21:20:55.507 [main] DEBUG o.h.internal.util.EntityPrinter - Listing entities:
21:20:55.507 [main] DEBUG o.h.internal.util.EntityPrinter - edu.ncsu.csc.itrust2.models.persistent.LogEntry{secondaryUser=null, logCode=5, primaryUser=logapitest, id=36, time=java.util.GregorianCalendar[time=1521667255499,areFieldsSet=true,areAllFieldsSet=true,lenient=true,zone=sun.util.calendar.ZoneInfo[id="Etc/UTC",offset=0,dstSavings=0,useDaylight=false,transitions=0,lastRule=null],firstDayOfWeek=1,minimalDaysInFirstWeek=1,ERA=1,YEAR=2018,MONTH=2,WEEK_OF_YEAR=12,WEEK_OF_MONTH=4,DAY_OF_MONTH=21,DAY_OF_YEAR=80,DAY_OF_WEEK=4,DAY_OF_WEEK_IN_MONTH=3,AM_PM=1,HOUR=9,HOUR_OF_DAY=21,MINUTE=20,SECOND=55,MILLISECOND=499,ZONE_OFFSET=0,DST_OFFSET=0], message=null}
21:20:55.508 [main] DEBUG org.hibernate.SQL - insert into LogEntries (logCode, message, primaryUser, secondaryUser, time, id) values (?, ?, ?, ?, ?, ?)
Hibernate: insert into LogEntries (logCode, message, primaryUser, secondaryUser, time, id) values (?, ?, ?, ?, ?, ?)
21:20:55.518 [main] DEBUG o.h.e.j.internal.JdbcCoordinatorImpl - HHH000420: Closing un-released batch
21:20:55.519 [main] DEBUG o.h.e.t.internal.TransactionImpl - begin
21:20:55.520 [main] DEBUG org.hibernate.SQL - select next_val as id_val from hibernate_sequence for update
Hibernate: select next_val as id_val from hibernate_sequence for update
21:20:55.521 [main] DEBUG org.hibernate.SQL - update hibernate_sequence set next_val= ? where next_val=?
Hibernate: update hibernate_sequence set next_val= ? where next_val=?
21:20:55.523 [main] DEBUG o.h.e.i.AbstractSaveEventListener - Generated identifier: 37, using strategy: org.hibernate.id.enhanced.SequenceStyleGenerator
21:20:55.524 [main] DEBUG o.h.e.t.internal.TransactionImpl - committing
21:20:55.524 [main] DEBUG o.h.e.i.AbstractFlushingEventListener - Processing flush-time cascades
21:20:55.524 [main] DEBUG o.h.e.i.AbstractFlushingEventListener - Dirty checking collections
21:20:55.524 [main] DEBUG o.h.e.i.AbstractFlushingEventListener - Flushed: 1 insertions, 0 updates, 0 deletions to 1 objects
21:20:55.524 [main] DEBUG o.h.e.i.AbstractFlushingEventListener - Flushed: 0 (re)creations, 0 updates, 0 removals to 0 collections
21:20:55.524 [main] DEBUG o.h.internal.util.EntityPrinter - Listing entities:
21:20:55.524 [main] DEBUG o.h.internal.util.EntityPrinter - edu.ncsu.csc.itrust2.models.persistent.LogEntry{secondaryUser=null, logCode=5, primaryUser=logapitest, id=37, time=java.util.GregorianCalendar[time=1521667255519,areFieldsSet=true,areAllFieldsSet=true,lenient=true,zone=sun.util.calendar.ZoneInfo[id="Etc/UTC",offset=0,dstSavings=0,useDaylight=false,transitions=0,lastRule=null],firstDayOfWeek=1,minimalDaysInFirstWeek=1,ERA=1,YEAR=2018,MONTH=2,WEEK_OF_YEAR=12,WEEK_OF_MONTH=4,DAY_OF_MONTH=21,DAY_OF_YEAR=80,DAY_OF_WEEK=4,DAY_OF_WEEK_IN_MONTH=3,AM_PM=1,HOUR=9,HOUR_OF_DAY=21,MINUTE=20,SECOND=55,MILLISECOND=519,ZONE_OFFSET=0,DST_OFFSET=0], message=null}
21:20:55.528 [main] DEBUG org.hibernate.SQL - insert into LogEntries (logCode, message, primaryUser, secondaryUser, time, id) values (?, ?, ?, ?, ?, ?)
Hibernate: insert into LogEntries (logCode, message, primaryUser, secondaryUser, time, id) values (?, ?, ?, ?, ?, ?)
21:20:55.536 [main] DEBUG o.h.e.j.internal.JdbcCoordinatorImpl - HHH000420: Closing un-released batch
21:20:55.537 [main] DEBUG o.h.e.t.internal.TransactionImpl - begin
21:20:55.539 [main] DEBUG org.hibernate.SQL - select next_val as id_val from hibernate_sequence for update
Hibernate: select next_val as id_val from hibernate_sequence for update
21:20:55.540 [main] DEBUG org.hibernate.SQL - update hibernate_sequence set next_val= ? where next_val=?
Hibernate: update hibernate_sequence set next_val= ? where next_val=?
21:20:55.543 [main] DEBUG o.h.e.i.AbstractSaveEventListener - Generated identifier: 38, using strategy: org.hibernate.id.enhanced.SequenceStyleGenerator
21:20:55.544 [main] DEBUG o.h.e.t.internal.TransactionImpl - committing
21:20:55.544 [main] DEBUG o.h.e.i.AbstractFlushingEventListener - Processing flush-time cascades
21:20:55.544 [main] DEBUG o.h.e.i.AbstractFlushingEventListener - Dirty checking collections
21:20:55.544 [main] DEBUG o.h.e.i.AbstractFlushingEventListener - Flushed: 1 insertions, 0 updates, 0 deletions to 1 objects
21:20:55.544 [main] DEBUG o.h.e.i.AbstractFlushingEventListener - Flushed: 0 (re)creations, 0 updates, 0 removals to 0 collections
21:20:55.544 [main] DEBUG o.h.internal.util.EntityPrinter - Listing entities:
21:20:55.544 [main] DEBUG o.h.internal.util.EntityPrinter - edu.ncsu.csc.itrust2.models.persistent.LogEntry{secondaryUser=null, logCode=5, primaryUser=logapitest, id=38, time=java.util.GregorianCalendar[time=1521667255537,areFieldsSet=true,areAllFieldsSet=true,lenient=true,zone=sun.util.calendar.ZoneInfo[id="Etc/UTC",offset=0,dstSavings=0,useDaylight=false,transitions=0,lastRule=null],firstDayOfWeek=1,minimalDaysInFirstWeek=1,ERA=1,YEAR=2018,MONTH=2,WEEK_OF_YEAR=12,WEEK_OF_MONTH=4,DAY_OF_MONTH=21,DAY_OF_YEAR=80,DAY_OF_WEEK=4,DAY_OF_WEEK_IN_MONTH=3,AM_PM=1,HOUR=9,HOUR_OF_DAY=21,MINUTE=20,SECOND=55,MILLISECOND=537,ZONE_OFFSET=0,DST_OFFSET=0], message=null}
21:20:55.545 [main] DEBUG org.hibernate.SQL - insert into LogEntries (logCode, message, primaryUser, secondaryUser, time, id) values (?, ?, ?, ?, ?, ?)
Hibernate: insert into LogEntries (logCode, message, primaryUser, secondaryUser, time, id) values (?, ?, ?, ?, ?, ?)
21:20:55.552 [main] DEBUG o.h.e.j.internal.JdbcCoordinatorImpl - HHH000420: Closing un-released batch
21:20:55.552 [main] DEBUG o.h.e.t.internal.TransactionImpl - begin
21:20:55.554 [main] DEBUG org.hibernate.SQL - select next_val as id_val from hibernate_sequence for update
Hibernate: select next_val as id_val from hibernate_sequence for update
21:20:55.554 [main] DEBUG org.hibernate.SQL - update hibernate_sequence set next_val= ? where next_val=?
Hibernate: update hibernate_sequence set next_val= ? where next_val=?
21:20:55.558 [main] DEBUG o.h.e.i.AbstractSaveEventListener - Generated identifier: 39, using strategy: org.hibernate.id.enhanced.SequenceStyleGenerator
21:20:55.558 [main] DEBUG o.h.e.t.internal.TransactionImpl - committing
21:20:55.558 [main] DEBUG o.h.e.i.AbstractFlushingEventListener - Processing flush-time cascades
21:20:55.558 [main] DEBUG o.h.e.i.AbstractFlushingEventListener - Dirty checking collections
21:20:55.558 [main] DEBUG o.h.e.i.AbstractFlushingEventListener - Flushed: 1 insertions, 0 updates, 0 deletions to 1 objects
21:20:55.559 [main] DEBUG o.h.e.i.AbstractFlushingEventListener - Flushed: 0 (re)creations, 0 updates, 0 removals to 0 collections
21:20:55.559 [main] DEBUG o.h.internal.util.EntityPrinter - Listing entities:
21:20:55.559 [main] DEBUG o.h.internal.util.EntityPrinter - edu.ncsu.csc.itrust2.models.persistent.LogEntry{secondaryUser=null, logCode=5, primaryUser=logapitest, id=39, time=java.util.GregorianCalendar[time=1521667255552,areFieldsSet=true,areAllFieldsSet=true,lenient=true,zone=sun.util.calendar.ZoneInfo[id="Etc/UTC",offset=0,dstSavings=0,useDaylight=false,transitions=0,lastRule=null],firstDayOfWeek=1,minimalDaysInFirstWeek=1,ERA=1,YEAR=2018,MONTH=2,WEEK_OF_YEAR=12,WEEK_OF_MONTH=4,DAY_OF_MONTH=21,DAY_OF_YEAR=80,DAY_OF_WEEK=4,DAY_OF_WEEK_IN_MONTH=3,AM_PM=1,HOUR=9,HOUR_OF_DAY=21,MINUTE=20,SECOND=55,MILLISECOND=552,ZONE_OFFSET=0,DST_OFFSET=0], message=null}
21:20:55.559 [main] DEBUG org.hibernate.SQL - insert into LogEntries (logCode, message, primaryUser, secondaryUser, time, id) values (?, ?, ?, ?, ?, ?)
Hibernate: insert into LogEntries (logCode, message, primaryUser, secondaryUser, time, id) values (?, ?, ?, ?, ?, ?)
21:20:55.563 [main] DEBUG o.h.e.j.internal.JdbcCoordinatorImpl - HHH000420: Closing un-released batch
21:20:55.570 [main] DEBUG o.h.e.t.internal.TransactionImpl - begin
21:20:55.574 [main] DEBUG org.hibernate.SQL - select next_val as id_val from hibernate_sequence for update
Hibernate: select next_val as id_val from hibernate_sequence for update
21:20:55.574 [main] DEBUG org.hibernate.SQL - update hibernate_sequence set next_val= ? where next_val=?
Hibernate: update hibernate_sequence set next_val= ? where next_val=?
21:20:55.577 [main] DEBUG o.h.e.i.AbstractSaveEventListener - Generated identifier: 40, using strategy: org.hibernate.id.enhanced.SequenceStyleGenerator
21:20:55.586 [main] DEBUG o.h.e.t.internal.TransactionImpl - committing
21:20:55.586 [main] DEBUG o.h.e.i.AbstractFlushingEventListener - Processing flush-time cascades
21:20:55.586 [main] DEBUG o.h.e.i.AbstractFlushingEventListener - Dirty checking collections
21:20:55.587 [main] DEBUG o.h.e.i.AbstractFlushingEventListener - Flushed: 1 insertions, 0 updates, 0 deletions to 1 objects
21:20:55.587 [main] DEBUG o.h.e.i.AbstractFlushingEventListener - Flushed: 0 (re)creations, 0 updates, 0 removals to 0 collections
21:20:55.587 [main] DEBUG o.h.internal.util.EntityPrinter - Listing entities:
21:20:55.587 [main] DEBUG o.h.internal.util.EntityPrinter - edu.ncsu.csc.itrust2.models.persistent.LogEntry{secondaryUser=null, logCode=5, primaryUser=logapitest, id=40, time=java.util.GregorianCalendar[time=1521667255570,areFieldsSet=true,areAllFieldsSet=true,lenient=true,zone=sun.util.calendar.ZoneInfo[id="Etc/UTC",offset=0,dstSavings=0,useDaylight=false,transitions=0,lastRule=null],firstDayOfWeek=1,minimalDaysInFirstWeek=1,ERA=1,YEAR=2018,MONTH=2,WEEK_OF_YEAR=12,WEEK_OF_MONTH=4,DAY_OF_MONTH=21,DAY_OF_YEAR=80,DAY_OF_WEEK=4,DAY_OF_WEEK_IN_MONTH=3,AM_PM=1,HOUR=9,HOUR_OF_DAY=21,MINUTE=20,SECOND=55,MILLISECOND=570,ZONE_OFFSET=0,DST_OFFSET=0], message=null}
21:20:55.598 [main] DEBUG org.hibernate.SQL - insert into LogEntries (logCode, message, primaryUser, secondaryUser, time, id) values (?, ?, ?, ?, ?, ?)
Hibernate: insert into LogEntries (logCode, message, primaryUser, secondaryUser, time, id) values (?, ?, ?, ?, ?, ?)
21:20:56.041 [main] DEBUG o.h.e.j.internal.JdbcCoordinatorImpl - HHH000420: Closing un-released batch
21:20:56.041 [main] DEBUG o.h.e.t.internal.TransactionImpl - begin
21:20:56.043 [main] DEBUG org.hibernate.SQL - select next_val as id_val from hibernate_sequence for update
Hibernate: select next_val as id_val from hibernate_sequence for update
21:20:56.043 [main] DEBUG org.hibernate.SQL - update hibernate_sequence set next_val= ? where next_val=?
Hibernate: update hibernate_sequence set next_val= ? where next_val=?
21:20:56.045 [main] DEBUG o.h.e.i.AbstractSaveEventListener - Generated identifier: 41, using strategy: org.hibernate.id.enhanced.SequenceStyleGenerator
21:20:56.045 [main] DEBUG o.h.e.t.internal.TransactionImpl - committing
21:20:56.045 [main] DEBUG o.h.e.i.AbstractFlushingEventListener - Processing flush-time cascades
21:20:56.045 [main] DEBUG o.h.e.i.AbstractFlushingEventListener - Dirty checking collections
21:20:56.045 [main] DEBUG o.h.e.i.AbstractFlushingEventListener - Flushed: 1 insertions, 0 updates, 0 deletions to 1 objects
21:20:56.045 [main] DEBUG o.h.e.i.AbstractFlushingEventListener - Flushed: 0 (re)creations, 0 updates, 0 removals to 0 collections
21:20:56.045 [main] DEBUG o.h.internal.util.EntityPrinter - Listing entities:
21:20:56.045 [main] DEBUG o.h.internal.util.EntityPrinter - edu.ncsu.csc.itrust2.models.persistent.LogEntry{secondaryUser=null, logCode=5, primaryUser=logapitest, id=41, time=java.util.GregorianCalendar[time=1521667256041,areFieldsSet=true,areAllFieldsSet=true,lenient=true,zone=sun.util.calendar.ZoneInfo[id="Etc/UTC",offset=0,dstSavings=0,useDaylight=false,transitions=0,lastRule=null],firstDayOfWeek=1,minimalDaysInFirstWeek=1,ERA=1,YEAR=2018,MONTH=2,WEEK_OF_YEAR=12,WEEK_OF_MONTH=4,DAY_OF_MONTH=21,DAY_OF_YEAR=80,DAY_OF_WEEK=4,DAY_OF_WEEK_IN_MONTH=3,AM_PM=1,HOUR=9,HOUR_OF_DAY=21,MINUTE=20,SECOND=56,MILLISECOND=41,ZONE_OFFSET=0,DST_OFFSET=0], message=null}
21:20:56.046 [main] DEBUG org.hibernate.SQL - insert into LogEntries (logCode, message, primaryUser, secondaryUser, time, id) values (?, ?, ?, ?, ?, ?)
Hibernate: insert into LogEntries (logCode, message, primaryUser, secondaryUser, time, id) values (?, ?, ?, ?, ?, ?)
21:20:56.048 [main] DEBUG o.h.e.j.internal.JdbcCoordinatorImpl - HHH000420: Closing un-released batch
21:20:56.049 [main] DEBUG o.h.e.t.internal.TransactionImpl - begin
21:20:56.050 [main] DEBUG org.hibernate.SQL - select next_val as id_val from hibernate_sequence for update
Hibernate: select next_val as id_val from hibernate_sequence for update
21:20:56.051 [main] DEBUG org.hibernate.SQL - update hibernate_sequence set next_val= ? where next_val=?
Hibernate: update hibernate_sequence set next_val= ? where next_val=?
21:20:56.052 [main] DEBUG o.h.e.i.AbstractSaveEventListener - Generated identifier: 42, using strategy: org.hibernate.id.enhanced.SequenceStyleGenerator
21:20:56.053 [main] DEBUG o.h.e.t.internal.TransactionImpl - committing
21:20:56.053 [main] DEBUG o.h.e.i.AbstractFlushingEventListener - Processing flush-time cascades
21:20:56.053 [main] DEBUG o.h.e.i.AbstractFlushingEventListener - Dirty checking collections
21:20:56.053 [main] DEBUG o.h.e.i.AbstractFlushingEventListener - Flushed: 1 insertions, 0 updates, 0 deletions to 1 objects
21:20:56.053 [main] DEBUG o.h.e.i.AbstractFlushingEventListener - Flushed: 0 (re)creations, 0 updates, 0 removals to 0 collections
21:20:56.053 [main] DEBUG o.h.internal.util.EntityPrinter - Listing entities:
21:20:56.053 [main] DEBUG o.h.internal.util.EntityPrinter - edu.ncsu.csc.itrust2.models.persistent.LogEntry{secondaryUser=null, logCode=5, primaryUser=logapitest, id=42, time=java.util.GregorianCalendar[time=1521667256049,areFieldsSet=true,areAllFieldsSet=true,lenient=true,zone=sun.util.calendar.ZoneInfo[id="Etc/UTC",offset=0,dstSavings=0,useDaylight=false,transitions=0,lastRule=null],firstDayOfWeek=1,minimalDaysInFirstWeek=1,ERA=1,YEAR=2018,MONTH=2,WEEK_OF_YEAR=12,WEEK_OF_MONTH=4,DAY_OF_MONTH=21,DAY_OF_YEAR=80,DAY_OF_WEEK=4,DAY_OF_WEEK_IN_MONTH=3,AM_PM=1,HOUR=9,HOUR_OF_DAY=21,MINUTE=20,SECOND=56,MILLISECOND=49,ZONE_OFFSET=0,DST_OFFSET=0], message=null}
21:20:56.055 [main] DEBUG org.hibernate.SQL - insert into LogEntries (logCode, message, primaryUser, secondaryUser, time, id) values (?, ?, ?, ?, ?, ?)
Hibernate: insert into LogEntries (logCode, message, primaryUser, secondaryUser, time, id) values (?, ?, ?, ?, ?, ?)
21:20:56.060 [main] DEBUG o.h.e.j.internal.JdbcCoordinatorImpl - HHH000420: Closing un-released batch
21:20:56.061 [main] DEBUG o.h.e.t.internal.TransactionImpl - begin
21:20:56.063 [main] DEBUG org.hibernate.SQL - select next_val as id_val from hibernate_sequence for update
Hibernate: select next_val as id_val from hibernate_sequence for update
21:20:56.064 [main] DEBUG org.hibernate.SQL - update hibernate_sequence set next_val= ? where next_val=?
Hibernate: update hibernate_sequence set next_val= ? where next_val=?
21:20:56.066 [main] DEBUG o.h.e.i.AbstractSaveEventListener - Generated identifier: 43, using strategy: org.hibernate.id.enhanced.SequenceStyleGenerator
21:20:56.066 [main] DEBUG o.h.e.t.internal.TransactionImpl - committing
21:20:56.066 [main] DEBUG o.h.e.i.AbstractFlushingEventListener - Processing flush-time cascades
21:20:56.066 [main] DEBUG o.h.e.i.AbstractFlushingEventListener - Dirty checking collections
21:20:56.067 [main] DEBUG o.h.e.i.AbstractFlushingEventListener - Flushed: 1 insertions, 0 updates, 0 deletions to 1 objects
21:20:56.068 [main] DEBUG o.h.e.i.AbstractFlushingEventListener - Flushed: 0 (re)creations, 0 updates, 0 removals to 0 collections
21:20:56.068 [main] DEBUG o.h.internal.util.EntityPrinter - Listing entities:
21:20:56.068 [main] DEBUG o.h.internal.util.EntityPrinter - edu.ncsu.csc.itrust2.models.persistent.LogEntry{secondaryUser=null, logCode=5, primaryUser=logapitest, id=43, time=java.util.GregorianCalendar[time=1521667256061,areFieldsSet=true,areAllFieldsSet=true,lenient=true,zone=sun.util.calendar.ZoneInfo[id="Etc/UTC",offset=0,dstSavings=0,useDaylight=false,transitions=0,lastRule=null],firstDayOfWeek=1,minimalDaysInFirstWeek=1,ERA=1,YEAR=2018,MONTH=2,WEEK_OF_YEAR=12,WEEK_OF_MONTH=4,DAY_OF_MONTH=21,DAY_OF_YEAR=80,DAY_OF_WEEK=4,DAY_OF_WEEK_IN_MONTH=3,AM_PM=1,HOUR=9,HOUR_OF_DAY=21,MINUTE=20,SECOND=56,MILLISECOND=61,ZONE_OFFSET=0,DST_OFFSET=0], message=null}
21:20:56.071 [main] DEBUG org.hibernate.SQL - insert into LogEntries (logCode, message, primaryUser, secondaryUser, time, id) values (?, ?, ?, ?, ?, ?)
Hibernate: insert into LogEntries (logCode, message, primaryUser, secondaryUser, time, id) values (?, ?, ?, ?, ?, ?)
21:20:56.074 [main] DEBUG o.h.e.j.internal.JdbcCoordinatorImpl - HHH000420: Closing un-released batch
21:20:56.075 [main] DEBUG o.h.e.t.internal.TransactionImpl - begin
21:20:56.077 [main] DEBUG org.hibernate.SQL - select next_val as id_val from hibernate_sequence for update
Hibernate: select next_val as id_val from hibernate_sequence for update
21:20:56.078 [main] DEBUG org.hibernate.SQL - update hibernate_sequence set next_val= ? where next_val=?
Hibernate: update hibernate_sequence set next_val= ? where next_val=?
21:20:56.081 [main] DEBUG o.h.e.i.AbstractSaveEventListener - Generated identifier: 44, using strategy: org.hibernate.id.enhanced.SequenceStyleGenerator
21:20:56.083 [main] DEBUG o.h.e.t.internal.TransactionImpl - committing
21:20:56.083 [main] DEBUG o.h.e.i.AbstractFlushingEventListener - Processing flush-time cascades
21:20:56.083 [main] DEBUG o.h.e.i.AbstractFlushingEventListener - Dirty checking collections
21:20:56.085 [main] DEBUG o.h.e.i.AbstractFlushingEventListener - Flushed: 1 insertions, 0 updates, 0 deletions to 1 objects
21:20:56.085 [main] DEBUG o.h.e.i.AbstractFlushingEventListener - Flushed: 0 (re)creations, 0 updates, 0 removals to 0 collections
21:20:56.085 [main] DEBUG o.h.internal.util.EntityPrinter - Listing entities:
21:20:56.085 [main] DEBUG o.h.internal.util.EntityPrinter - edu.ncsu.csc.itrust2.models.persistent.LogEntry{secondaryUser=null, logCode=5, primaryUser=logapitest, id=44, time=java.util.GregorianCalendar[time=1521667256075,areFieldsSet=true,areAllFieldsSet=true,lenient=true,zone=sun.util.calendar.ZoneInfo[id="Etc/UTC",offset=0,dstSavings=0,useDaylight=false,transitions=0,lastRule=null],firstDayOfWeek=1,minimalDaysInFirstWeek=1,ERA=1,YEAR=2018,MONTH=2,WEEK_OF_YEAR=12,WEEK_OF_MONTH=4,DAY_OF_MONTH=21,DAY_OF_YEAR=80,DAY_OF_WEEK=4,DAY_OF_WEEK_IN_MONTH=3,AM_PM=1,HOUR=9,HOUR_OF_DAY=21,MINUTE=20,SECOND=56,MILLISECOND=75,ZONE_OFFSET=0,DST_OFFSET=0], message=null}
21:20:56.086 [main] DEBUG org.hibernate.SQL - insert into LogEntries (logCode, message, primaryUser, secondaryUser, time, id) values (?, ?, ?, ?, ?, ?)
Hibernate: insert into LogEntries (logCode, message, primaryUser, secondaryUser, time, id) values (?, ?, ?, ?, ?, ?)
21:20:56.089 [main] DEBUG o.h.e.j.internal.JdbcCoordinatorImpl - HHH000420: Closing un-released batch
21:20:56.090 [main] DEBUG o.h.e.t.internal.TransactionImpl - begin
21:20:56.092 [main] DEBUG org.hibernate.SQL - select next_val as id_val from hibernate_sequence for update
Hibernate: select next_val as id_val from hibernate_sequence for update
21:20:56.095 [main] DEBUG org.hibernate.SQL - update hibernate_sequence set next_val= ? where next_val=?
Hibernate: update hibernate_sequence set next_val= ? where next_val=?
21:20:56.096 [main] DEBUG o.h.e.i.AbstractSaveEventListener - Generated identifier: 45, using strategy: org.hibernate.id.enhanced.SequenceStyleGenerator
21:20:56.097 [main] DEBUG o.h.e.t.internal.TransactionImpl - committing
21:20:56.097 [main] DEBUG o.h.e.i.AbstractFlushingEventListener - Processing flush-time cascades
21:20:56.097 [main] DEBUG o.h.e.i.AbstractFlushingEventListener - Dirty checking collections
21:20:56.097 [main] DEBUG o.h.e.i.AbstractFlushingEventListener - Flushed: 1 insertions, 0 updates, 0 deletions to 1 objects
21:20:56.097 [main] DEBUG o.h.e.i.AbstractFlushingEventListener - Flushed: 0 (re)creations, 0 updates, 0 removals to 0 collections
21:20:56.097 [main] DEBUG o.h.internal.util.EntityPrinter - Listing entities:
21:20:56.098 [main] DEBUG o.h.internal.util.EntityPrinter - edu.ncsu.csc.itrust2.models.persistent.LogEntry{secondaryUser=null, logCode=5, primaryUser=logapitest, id=45, time=java.util.GregorianCalendar[time=1521667256090,areFieldsSet=true,areAllFieldsSet=true,lenient=true,zone=sun.util.calendar.ZoneInfo[id="Etc/UTC",offset=0,dstSavings=0,useDaylight=false,transitions=0,lastRule=null],firstDayOfWeek=1,minimalDaysInFirstWeek=1,ERA=1,YEAR=2018,MONTH=2,WEEK_OF_YEAR=12,WEEK_OF_MONTH=4,DAY_OF_MONTH=21,DAY_OF_YEAR=80,DAY_OF_WEEK=4,DAY_OF_WEEK_IN_MONTH=3,AM_PM=1,HOUR=9,HOUR_OF_DAY=21,MINUTE=20,SECOND=56,MILLISECOND=90,ZONE_OFFSET=0,DST_OFFSET=0], message=null}
21:20:56.098 [main] DEBUG org.hibernate.SQL - insert into LogEntries (logCode, message, primaryUser, secondaryUser, time, id) values (?, ?, ?, ?, ?, ?)
Hibernate: insert into LogEntries (logCode, message, primaryUser, secondaryUser, time, id) values (?, ?, ?, ?, ?, ?)
21:20:56.101 [main] DEBUG o.h.e.j.internal.JdbcCoordinatorImpl - HHH000420: Closing un-released batch
21:20:56.102 [main] DEBUG o.h.e.t.internal.TransactionImpl - begin
21:20:56.103 [main] DEBUG org.hibernate.SQL - select next_val as id_val from hibernate_sequence for update
Hibernate: select next_val as id_val from hibernate_sequence for update
21:20:56.104 [main] DEBUG org.hibernate.SQL - update hibernate_sequence set next_val= ? where next_val=?
Hibernate: update hibernate_sequence set next_val= ? where next_val=?
21:20:56.106 [main] DEBUG o.h.e.i.AbstractSaveEventListener - Generated identifier: 46, using strategy: org.hibernate.id.enhanced.SequenceStyleGenerator
21:20:56.107 [main] DEBUG o.h.e.t.internal.TransactionImpl - committing
21:20:56.107 [main] DEBUG o.h.e.i.AbstractFlushingEventListener - Processing flush-time cascades
21:20:56.107 [main] DEBUG o.h.e.i.AbstractFlushingEventListener - Dirty checking collections
21:20:56.107 [main] DEBUG o.h.e.i.AbstractFlushingEventListener - Flushed: 1 insertions, 0 updates, 0 deletions to 1 objects
21:20:56.108 [main] DEBUG o.h.e.i.AbstractFlushingEventListener - Flushed: 0 (re)creations, 0 updates, 0 removals to 0 collections
21:20:56.108 [main] DEBUG o.h.internal.util.EntityPrinter - Listing entities:
21:20:56.108 [main] DEBUG o.h.internal.util.EntityPrinter - edu.ncsu.csc.itrust2.models.persistent.LogEntry{secondaryUser=null, logCode=5, primaryUser=logapitest, id=46, time=java.util.GregorianCalendar[time=1521667256102,areFieldsSet=true,areAllFieldsSet=true,lenient=true,zone=sun.util.calendar.ZoneInfo[id="Etc/UTC",offset=0,dstSavings=0,useDaylight=false,transitions=0,lastRule=null],firstDayOfWeek=1,minimalDaysInFirstWeek=1,ERA=1,YEAR=2018,MONTH=2,WEEK_OF_YEAR=12,WEEK_OF_MONTH=4,DAY_OF_MONTH=21,DAY_OF_YEAR=80,DAY_OF_WEEK=4,DAY_OF_WEEK_IN_MONTH=3,AM_PM=1,HOUR=9,HOUR_OF_DAY=21,MINUTE=20,SECOND=56,MILLISECOND=102,ZONE_OFFSET=0,DST_OFFSET=0], message=null}
21:20:56.110 [main] DEBUG org.hibernate.SQL - insert into LogEntries (logCode, message, primaryUser, secondaryUser, time, id) values (?, ?, ?, ?, ?, ?)
Hibernate: insert into LogEntries (logCode, message, primaryUser, secondaryUser, time, id) values (?, ?, ?, ?, ?, ?)
21:20:56.121 [main] DEBUG o.h.e.j.internal.JdbcCoordinatorImpl - HHH000420: Closing un-released batch
21:20:56.122 [main] DEBUG o.h.e.t.internal.TransactionImpl - begin
21:20:56.122 [main] DEBUG org.hibernate.SQL - select next_val as id_val from hibernate_sequence for update
Hibernate: select next_val as id_val from hibernate_sequence for update
21:20:56.123 [main] DEBUG org.hibernate.SQL - update hibernate_sequence set next_val= ? where next_val=?
Hibernate: update hibernate_sequence set next_val= ? where next_val=?
21:20:56.135 [main] DEBUG o.h.e.i.AbstractSaveEventListener - Generated identifier: 47, using strategy: org.hibernate.id.enhanced.SequenceStyleGenerator
21:20:56.136 [main] DEBUG o.h.e.t.internal.TransactionImpl - committing
21:20:56.137 [main] DEBUG o.h.e.i.AbstractFlushingEventListener - Processing flush-time cascades
21:20:56.137 [main] DEBUG o.h.e.i.AbstractFlushingEventListener - Dirty checking collections
21:20:56.137 [main] DEBUG o.h.e.i.AbstractFlushingEventListener - Flushed: 1 insertions, 0 updates, 0 deletions to 1 objects
21:20:56.137 [main] DEBUG o.h.e.i.AbstractFlushingEventListener - Flushed: 0 (re)creations, 0 updates, 0 removals to 0 collections
21:20:56.137 [main] DEBUG o.h.internal.util.EntityPrinter - Listing entities:
21:20:56.137 [main] DEBUG o.h.internal.util.EntityPrinter - edu.ncsu.csc.itrust2.models.persistent.LogEntry{secondaryUser=null, logCode=5, primaryUser=logapitest, id=47, time=java.util.GregorianCalendar[time=1521667256121,areFieldsSet=true,areAllFieldsSet=true,lenient=true,zone=sun.util.calendar.ZoneInfo[id="Etc/UTC",offset=0,dstSavings=0,useDaylight=false,transitions=0,lastRule=null],firstDayOfWeek=1,minimalDaysInFirstWeek=1,ERA=1,YEAR=2018,MONTH=2,WEEK_OF_YEAR=12,WEEK_OF_MONTH=4,DAY_OF_MONTH=21,DAY_OF_YEAR=80,DAY_OF_WEEK=4,DAY_OF_WEEK_IN_MONTH=3,AM_PM=1,HOUR=9,HOUR_OF_DAY=21,MINUTE=20,SECOND=56,MILLISECOND=121,ZONE_OFFSET=0,DST_OFFSET=0], message=null}
21:20:56.138 [main] DEBUG org.hibernate.SQL - insert into LogEntries (logCode, message, primaryUser, secondaryUser, time, id) values (?, ?, ?, ?, ?, ?)
Hibernate: insert into LogEntries (logCode, message, primaryUser, secondaryUser, time, id) values (?, ?, ?, ?, ?, ?)
21:20:56.140 [main] DEBUG o.h.e.j.internal.JdbcCoordinatorImpl - HHH000420: Closing un-released batch
21:20:56.141 [main] DEBUG o.h.e.t.internal.TransactionImpl - begin
21:20:56.142 [main] DEBUG org.hibernate.SQL - select next_val as id_val from hibernate_sequence for update
Hibernate: select next_val as id_val from hibernate_sequence for update
21:20:56.143 [main] DEBUG org.hibernate.SQL - update hibernate_sequence set next_val= ? where next_val=?
Hibernate: update hibernate_sequence set next_val= ? where next_val=?
21:20:56.146 [main] DEBUG o.h.e.i.AbstractSaveEventListener - Generated identifier: 48, using strategy: org.hibernate.id.enhanced.SequenceStyleGenerator
21:20:56.146 [main] DEBUG o.h.e.t.internal.TransactionImpl - committing
21:20:56.147 [main] DEBUG o.h.e.i.AbstractFlushingEventListener - Processing flush-time cascades
21:20:56.147 [main] DEBUG o.h.e.i.AbstractFlushingEventListener - Dirty checking collections
21:20:56.147 [main] DEBUG o.h.e.i.AbstractFlushingEventListener - Flushed: 1 insertions, 0 updates, 0 deletions to 1 objects
21:20:56.147 [main] DEBUG o.h.e.i.AbstractFlushingEventListener - Flushed: 0 (re)creations, 0 updates, 0 removals to 0 collections
21:20:56.147 [main] DEBUG o.h.internal.util.EntityPrinter - Listing entities:
21:20:56.147 [main] DEBUG o.h.internal.util.EntityPrinter - edu.ncsu.csc.itrust2.models.persistent.LogEntry{secondaryUser=null, logCode=5, primaryUser=logapitest, id=48, time=java.util.GregorianCalendar[time=1521667256140,areFieldsSet=true,areAllFieldsSet=true,lenient=true,zone=sun.util.calendar.ZoneInfo[id="Etc/UTC",offset=0,dstSavings=0,useDaylight=false,transitions=0,lastRule=null],firstDayOfWeek=1,minimalDaysInFirstWeek=1,ERA=1,YEAR=2018,MONTH=2,WEEK_OF_YEAR=12,WEEK_OF_MONTH=4,DAY_OF_MONTH=21,DAY_OF_YEAR=80,DAY_OF_WEEK=4,DAY_OF_WEEK_IN_MONTH=3,AM_PM=1,HOUR=9,HOUR_OF_DAY=21,MINUTE=20,SECOND=56,MILLISECOND=140,ZONE_OFFSET=0,DST_OFFSET=0], message=null}
21:20:56.149 [main] DEBUG org.hibernate.SQL - insert into LogEntries (logCode, message, primaryUser, secondaryUser, time, id) values (?, ?, ?, ?, ?, ?)
Hibernate: insert into LogEntries (logCode, message, primaryUser, secondaryUser, time, id) values (?, ?, ?, ?, ?, ?)
21:20:56.153 [main] DEBUG o.h.e.j.internal.JdbcCoordinatorImpl - HHH000420: Closing un-released batch
21:20:56.154 [main] DEBUG o.h.e.t.internal.TransactionImpl - begin
21:20:56.154 [main] DEBUG org.hibernate.SQL - select next_val as id_val from hibernate_sequence for update
Hibernate: select next_val as id_val from hibernate_sequence for update
21:20:56.155 [main] DEBUG org.hibernate.SQL - update hibernate_sequence set next_val= ? where next_val=?
Hibernate: update hibernate_sequence set next_val= ? where next_val=?
21:20:56.164 [main] DEBUG o.h.e.i.AbstractSaveEventListener - Generated identifier: 49, using strategy: org.hibernate.id.enhanced.SequenceStyleGenerator
21:20:56.165 [main] DEBUG o.h.e.t.internal.TransactionImpl - committing
21:20:56.165 [main] DEBUG o.h.e.i.AbstractFlushingEventListener - Processing flush-time cascades
21:20:56.165 [main] DEBUG o.h.e.i.AbstractFlushingEventListener - Dirty checking collections
21:20:56.171 [main] DEBUG o.h.e.i.AbstractFlushingEventListener - Flushed: 1 insertions, 0 updates, 0 deletions to 1 objects
21:20:56.171 [main] DEBUG o.h.e.i.AbstractFlushingEventListener - Flushed: 0 (re)creations, 0 updates, 0 removals to 0 collections
21:20:56.172 [main] DEBUG o.h.internal.util.EntityPrinter - Listing entities:
21:20:56.172 [main] DEBUG o.h.internal.util.EntityPrinter - edu.ncsu.csc.itrust2.models.persistent.LogEntry{secondaryUser=null, logCode=5, primaryUser=logapitest, id=49, time=java.util.GregorianCalendar[time=1521667256153,areFieldsSet=true,areAllFieldsSet=true,lenient=true,zone=sun.util.calendar.ZoneInfo[id="Etc/UTC",offset=0,dstSavings=0,useDaylight=false,transitions=0,lastRule=null],firstDayOfWeek=1,minimalDaysInFirstWeek=1,ERA=1,YEAR=2018,MONTH=2,WEEK_OF_YEAR=12,WEEK_OF_MONTH=4,DAY_OF_MONTH=21,DAY_OF_YEAR=80,DAY_OF_WEEK=4,DAY_OF_WEEK_IN_MONTH=3,AM_PM=1,HOUR=9,HOUR_OF_DAY=21,MINUTE=20,SECOND=56,MILLISECOND=153,ZONE_OFFSET=0,DST_OFFSET=0], message=null}
21:20:56.174 [main] DEBUG org.hibernate.SQL - insert into LogEntries (logCode, message, primaryUser, secondaryUser, time, id) values (?, ?, ?, ?, ?, ?)
Hibernate: insert into LogEntries (logCode, message, primaryUser, secondaryUser, time, id) values (?, ?, ?, ?, ?, ?)
21:20:56.178 [main] DEBUG o.h.e.j.internal.JdbcCoordinatorImpl - HHH000420: Closing un-released batch
21:20:56.180 [main] DEBUG o.h.e.t.internal.TransactionImpl - begin
21:20:56.181 [main] DEBUG org.hibernate.SQL - select next_val as id_val from hibernate_sequence for update
Hibernate: select next_val as id_val from hibernate_sequence for update
21:20:56.183 [main] DEBUG org.hibernate.SQL - update hibernate_sequence set next_val= ? where next_val=?
Hibernate: update hibernate_sequence set next_val= ? where next_val=?
21:20:56.186 [main] DEBUG o.h.e.i.AbstractSaveEventListener - Generated identifier: 50, using strategy: org.hibernate.id.enhanced.SequenceStyleGenerator
21:20:56.187 [main] DEBUG o.h.e.t.internal.TransactionImpl - committing
21:20:56.188 [main] DEBUG o.h.e.i.AbstractFlushingEventListener - Processing flush-time cascades
21:20:56.188 [main] DEBUG o.h.e.i.AbstractFlushingEventListener - Dirty checking collections
21:20:56.189 [main] DEBUG o.h.e.i.AbstractFlushingEventListener - Flushed: 1 insertions, 0 updates, 0 deletions to 1 objects
21:20:56.189 [main] DEBUG o.h.e.i.AbstractFlushingEventListener - Flushed: 0 (re)creations, 0 updates, 0 removals to 0 collections
21:20:56.189 [main] DEBUG o.h.internal.util.EntityPrinter - Listing entities:
21:20:56.190 [main] DEBUG o.h.internal.util.EntityPrinter - edu.ncsu.csc.itrust2.models.persistent.LogEntry{secondaryUser=null, logCode=5, primaryUser=logapitest, id=50, time=java.util.GregorianCalendar[time=1521667256179,areFieldsSet=true,areAllFieldsSet=true,lenient=true,zone=sun.util.calendar.ZoneInfo[id="Etc/UTC",offset=0,dstSavings=0,useDaylight=false,transitions=0,lastRule=null],firstDayOfWeek=1,minimalDaysInFirstWeek=1,ERA=1,YEAR=2018,MONTH=2,WEEK_OF_YEAR=12,WEEK_OF_MONTH=4,DAY_OF_MONTH=21,DAY_OF_YEAR=80,DAY_OF_WEEK=4,DAY_OF_WEEK_IN_MONTH=3,AM_PM=1,HOUR=9,HOUR_OF_DAY=21,MINUTE=20,SECOND=56,MILLISECOND=179,ZONE_OFFSET=0,DST_OFFSET=0], message=null}
21:20:56.197 [main] DEBUG org.hibernate.SQL - insert into LogEntries (logCode, message, primaryUser, secondaryUser, time, id) values (?, ?, ?, ?, ?, ?)
Hibernate: insert into LogEntries (logCode, message, primaryUser, secondaryUser, time, id) values (?, ?, ?, ?, ?, ?)
21:20:56.199 [main] DEBUG o.h.e.j.internal.JdbcCoordinatorImpl - HHH000420: Closing un-released batch
21:20:56.200 [main] DEBUG o.h.e.t.internal.TransactionImpl - begin
21:20:56.201 [main] DEBUG org.hibernate.SQL - select next_val as id_val from hibernate_sequence for update
Hibernate: select next_val as id_val from hibernate_sequence for update
21:20:56.208 [main] DEBUG org.hibernate.SQL - update hibernate_sequence set next_val= ? where next_val=?
Hibernate: update hibernate_sequence set next_val= ? where next_val=?
21:20:56.211 [main] DEBUG o.h.e.i.AbstractSaveEventListener - Generated identifier: 51, using strategy: org.hibernate.id.enhanced.SequenceStyleGenerator
21:20:56.211 [main] DEBUG o.h.e.t.internal.TransactionImpl - committing
21:20:56.211 [main] DEBUG o.h.e.i.AbstractFlushingEventListener - Processing flush-time cascades
21:20:56.211 [main] DEBUG o.h.e.i.AbstractFlushingEventListener - Dirty checking collections
21:20:56.212 [main] DEBUG o.h.e.i.AbstractFlushingEventListener - Flushed: 1 insertions, 0 updates, 0 deletions to 1 objects
21:20:56.212 [main] DEBUG o.h.e.i.AbstractFlushingEventListener - Flushed: 0 (re)creations, 0 updates, 0 removals to 0 collections
21:20:56.212 [main] DEBUG o.h.internal.util.EntityPrinter - Listing entities:
21:20:56.212 [main] DEBUG o.h.internal.util.EntityPrinter - edu.ncsu.csc.itrust2.models.persistent.LogEntry{secondaryUser=null, logCode=5, primaryUser=logapitest, id=51, time=java.util.GregorianCalendar[time=1521667256200,areFieldsSet=true,areAllFieldsSet=true,lenient=true,zone=sun.util.calendar.ZoneInfo[id="Etc/UTC",offset=0,dstSavings=0,useDaylight=false,transitions=0,lastRule=null],firstDayOfWeek=1,minimalDaysInFirstWeek=1,ERA=1,YEAR=2018,MONTH=2,WEEK_OF_YEAR=12,WEEK_OF_MONTH=4,DAY_OF_MONTH=21,DAY_OF_YEAR=80,DAY_OF_WEEK=4,DAY_OF_WEEK_IN_MONTH=3,AM_PM=1,HOUR=9,HOUR_OF_DAY=21,MINUTE=20,SECOND=56,MILLISECOND=200,ZONE_OFFSET=0,DST_OFFSET=0], message=null}
21:20:56.213 [main] DEBUG org.hibernate.SQL - insert into LogEntries (logCode, message, primaryUser, secondaryUser, time, id) values (?, ?, ?, ?, ?, ?)
Hibernate: insert into LogEntries (logCode, message, primaryUser, secondaryUser, time, id) values (?, ?, ?, ?, ?, ?)
21:20:56.216 [main] DEBUG o.h.e.j.internal.JdbcCoordinatorImpl - HHH000420: Closing un-released batch
21:20:56.216 [main] DEBUG o.h.e.t.internal.TransactionImpl - begin
21:20:56.218 [main] DEBUG org.hibernate.SQL - select next_val as id_val from hibernate_sequence for update
Hibernate: select next_val as id_val from hibernate_sequence for update
21:20:56.219 [main] DEBUG org.hibernate.SQL - update hibernate_sequence set next_val= ? where next_val=?
Hibernate: update hibernate_sequence set next_val= ? where next_val=?
21:20:56.221 [main] DEBUG o.h.e.i.AbstractSaveEventListener - Generated identifier: 52, using strategy: org.hibernate.id.enhanced.SequenceStyleGenerator
21:20:56.221 [main] DEBUG o.h.e.t.internal.TransactionImpl - committing
21:20:56.221 [main] DEBUG o.h.e.i.AbstractFlushingEventListener - Processing flush-time cascades
21:20:56.221 [main] DEBUG o.h.e.i.AbstractFlushingEventListener - Dirty checking collections
21:20:56.222 [main] DEBUG o.h.e.i.AbstractFlushingEventListener - Flushed: 1 insertions, 0 updates, 0 deletions to 1 objects
21:20:56.222 [main] DEBUG o.h.e.i.AbstractFlushingEventListener - Flushed: 0 (re)creations, 0 updates, 0 removals to 0 collections
21:20:56.222 [main] DEBUG o.h.internal.util.EntityPrinter - Listing entities:
21:20:56.222 [main] DEBUG o.h.internal.util.EntityPrinter - edu.ncsu.csc.itrust2.models.persistent.LogEntry{secondaryUser=null, logCode=5, primaryUser=logapitest, id=52, time=java.util.GregorianCalendar[time=1521667256216,areFieldsSet=true,areAllFieldsSet=true,lenient=true,zone=sun.util.calendar.ZoneInfo[id="Etc/UTC",offset=0,dstSavings=0,useDaylight=false,transitions=0,lastRule=null],firstDayOfWeek=1,minimalDaysInFirstWeek=1,ERA=1,YEAR=2018,MONTH=2,WEEK_OF_YEAR=12,WEEK_OF_MONTH=4,DAY_OF_MONTH=21,DAY_OF_YEAR=80,DAY_OF_WEEK=4,DAY_OF_WEEK_IN_MONTH=3,AM_PM=1,HOUR=9,HOUR_OF_DAY=21,MINUTE=20,SECOND=56,MILLISECOND=216,ZONE_OFFSET=0,DST_OFFSET=0], message=null}
21:20:56.223 [main] DEBUG org.hibernate.SQL - insert into LogEntries (logCode, message, primaryUser, secondaryUser, time, id) values (?, ?, ?, ?, ?, ?)
Hibernate: insert into LogEntries (logCode, message, primaryUser, secondaryUser, time, id) values (?, ?, ?, ?, ?, ?)
21:20:56.229 [main] DEBUG o.h.e.j.internal.JdbcCoordinatorImpl - HHH000420: Closing un-released batch
21:20:56.231 [main] DEBUG o.h.e.t.internal.TransactionImpl - begin
21:20:56.232 [main] DEBUG org.hibernate.SQL - select next_val as id_val from hibernate_sequence for update
Hibernate: select next_val as id_val from hibernate_sequence for update
21:20:56.233 [main] DEBUG org.hibernate.SQL - update hibernate_sequence set next_val= ? where next_val=?
Hibernate: update hibernate_sequence set next_val= ? where next_val=?
21:20:56.241 [main] DEBUG o.h.e.i.AbstractSaveEventListener - Generated identifier: 53, using strategy: org.hibernate.id.enhanced.SequenceStyleGenerator
21:20:56.241 [main] DEBUG o.h.e.t.internal.TransactionImpl - committing
21:20:56.242 [main] DEBUG o.h.e.i.AbstractFlushingEventListener - Processing flush-time cascades
21:20:56.242 [main] DEBUG o.h.e.i.AbstractFlushingEventListener - Dirty checking collections
21:20:56.242 [main] DEBUG o.h.e.i.AbstractFlushingEventListener - Flushed: 1 insertions, 0 updates, 0 deletions to 1 objects
21:20:56.242 [main] DEBUG o.h.e.i.AbstractFlushingEventListener - Flushed: 0 (re)creations, 0 updates, 0 removals to 0 collections
21:20:56.242 [main] DEBUG o.h.internal.util.EntityPrinter - Listing entities:
21:20:56.243 [main] DEBUG o.h.internal.util.EntityPrinter - edu.ncsu.csc.itrust2.models.persistent.LogEntry{secondaryUser=null, logCode=5, primaryUser=logapitest, id=53, time=java.util.GregorianCalendar[time=1521667256231,areFieldsSet=true,areAllFieldsSet=true,lenient=true,zone=sun.util.calendar.ZoneInfo[id="Etc/UTC",offset=0,dstSavings=0,useDaylight=false,transitions=0,lastRule=null],firstDayOfWeek=1,minimalDaysInFirstWeek=1,ERA=1,YEAR=2018,MONTH=2,WEEK_OF_YEAR=12,WEEK_OF_MONTH=4,DAY_OF_MONTH=21,DAY_OF_YEAR=80,DAY_OF_WEEK=4,DAY_OF_WEEK_IN_MONTH=3,AM_PM=1,HOUR=9,HOUR_OF_DAY=21,MINUTE=20,SECOND=56,MILLISECOND=231,ZONE_OFFSET=0,DST_OFFSET=0], message=null}
21:20:56.243 [main] DEBUG org.hibernate.SQL - insert into LogEntries (logCode, message, primaryUser, secondaryUser, time, id) values (?, ?, ?, ?, ?, ?)
Hibernate: insert into LogEntries (logCode, message, primaryUser, secondaryUser, time, id) values (?, ?, ?, ?, ?, ?)
21:20:56.246 [main] DEBUG o.h.e.j.internal.JdbcCoordinatorImpl - HHH000420: Closing un-released batch
21:20:56.247 [main] DEBUG o.h.e.t.internal.TransactionImpl - begin
21:20:56.251 [main] DEBUG org.hibernate.SQL - select next_val as id_val from hibernate_sequence for update
Hibernate: select next_val as id_val from hibernate_sequence for update
21:20:56.252 [main] DEBUG org.hibernate.SQL - update hibernate_sequence set next_val= ? where next_val=?
Hibernate: update hibernate_sequence set next_val= ? where next_val=?
21:20:56.254 [main] DEBUG o.h.e.i.AbstractSaveEventListener - Generated identifier: 54, using strategy: org.hibernate.id.enhanced.SequenceStyleGenerator
21:20:56.254 [main] DEBUG o.h.e.t.internal.TransactionImpl - committing
21:20:56.256 [main] DEBUG o.h.e.i.AbstractFlushingEventListener - Processing flush-time cascades
21:20:56.256 [main] DEBUG o.h.e.i.AbstractFlushingEventListener - Dirty checking collections
21:20:56.256 [main] DEBUG o.h.e.i.AbstractFlushingEventListener - Flushed: 1 insertions, 0 updates, 0 deletions to 1 objects
21:20:56.256 [main] DEBUG o.h.e.i.AbstractFlushingEventListener - Flushed: 0 (re)creations, 0 updates, 0 removals to 0 collections
21:20:56.256 [main] DEBUG o.h.internal.util.EntityPrinter - Listing entities:
21:20:56.256 [main] DEBUG o.h.internal.util.EntityPrinter - edu.ncsu.csc.itrust2.models.persistent.LogEntry{secondaryUser=null, logCode=5, primaryUser=logapitest, id=54, time=java.util.GregorianCalendar[time=1521667256247,areFieldsSet=true,areAllFieldsSet=true,lenient=true,zone=sun.util.calendar.ZoneInfo[id="Etc/UTC",offset=0,dstSavings=0,useDaylight=false,transitions=0,lastRule=null],firstDayOfWeek=1,minimalDaysInFirstWeek=1,ERA=1,YEAR=2018,MONTH=2,WEEK_OF_YEAR=12,WEEK_OF_MONTH=4,DAY_OF_MONTH=21,DAY_OF_YEAR=80,DAY_OF_WEEK=4,DAY_OF_WEEK_IN_MONTH=3,AM_PM=1,HOUR=9,HOUR_OF_DAY=21,MINUTE=20,SECOND=56,MILLISECOND=247,ZONE_OFFSET=0,DST_OFFSET=0], message=null}
21:20:56.257 [main] DEBUG org.hibernate.SQL - insert into LogEntries (logCode, message, primaryUser, secondaryUser, time, id) values (?, ?, ?, ?, ?, ?)
Hibernate: insert into LogEntries (logCode, message, primaryUser, secondaryUser, time, id) values (?, ?, ?, ?, ?, ?)
21:20:56.269 [main] DEBUG o.h.e.j.internal.JdbcCoordinatorImpl - HHH000420: Closing un-released batch
21:20:56.269 [main] DEBUG o.h.e.t.internal.TransactionImpl - begin
21:20:56.270 [main] DEBUG org.hibernate.SQL - select next_val as id_val from hibernate_sequence for update
Hibernate: select next_val as id_val from hibernate_sequence for update
21:20:56.271 [main] DEBUG org.hibernate.SQL - update hibernate_sequence set next_val= ? where next_val=?
Hibernate: update hibernate_sequence set next_val= ? where next_val=?
21:20:56.272 [main] DEBUG o.h.e.i.AbstractSaveEventListener - Generated identifier: 55, using strategy: org.hibernate.id.enhanced.SequenceStyleGenerator
21:20:56.272 [main] DEBUG o.h.e.t.internal.TransactionImpl - committing
21:20:56.272 [main] DEBUG o.h.e.i.AbstractFlushingEventListener - Processing flush-time cascades
21:20:56.273 [main] DEBUG o.h.e.i.AbstractFlushingEventListener - Dirty checking collections
21:20:56.273 [main] DEBUG o.h.e.i.AbstractFlushingEventListener - Flushed: 1 insertions, 0 updates, 0 deletions to 1 objects
21:20:56.273 [main] DEBUG o.h.e.i.AbstractFlushingEventListener - Flushed: 0 (re)creations, 0 updates, 0 removals to 0 collections
21:20:56.273 [main] DEBUG o.h.internal.util.EntityPrinter - Listing entities:
21:20:56.273 [main] DEBUG o.h.internal.util.EntityPrinter - edu.ncsu.csc.itrust2.models.persistent.LogEntry{secondaryUser=null, logCode=5, primaryUser=logapitest, id=55, time=java.util.GregorianCalendar[time=1521667256269,areFieldsSet=true,areAllFieldsSet=true,lenient=true,zone=sun.util.calendar.ZoneInfo[id="Etc/UTC",offset=0,dstSavings=0,useDaylight=false,transitions=0,lastRule=null],firstDayOfWeek=1,minimalDaysInFirstWeek=1,ERA=1,YEAR=2018,MONTH=2,WEEK_OF_YEAR=12,WEEK_OF_MONTH=4,DAY_OF_MONTH=21,DAY_OF_YEAR=80,DAY_OF_WEEK=4,DAY_OF_WEEK_IN_MONTH=3,AM_PM=1,HOUR=9,HOUR_OF_DAY=21,MINUTE=20,SECOND=56,MILLISECOND=269,ZONE_OFFSET=0,DST_OFFSET=0], message=null}
21:20:56.274 [main] DEBUG org.hibernate.SQL - insert into LogEntries (logCode, message, primaryUser, secondaryUser, time, id) values (?, ?, ?, ?, ?, ?)
Hibernate: insert into LogEntries (logCode, message, primaryUser, secondaryUser, time, id) values (?, ?, ?, ?, ?, ?)
21:20:56.275 [main] DEBUG o.h.e.j.internal.JdbcCoordinatorImpl - HHH000420: Closing un-released batch
21:20:56.282 [main] DEBUG o.h.e.t.internal.TransactionImpl - begin
21:20:56.287 [main] DEBUG org.hibernate.SQL - select next_val as id_val from hibernate_sequence for update
Hibernate: select next_val as id_val from hibernate_sequence for update
21:20:56.288 [main] DEBUG org.hibernate.SQL - update hibernate_sequence set next_val= ? where next_val=?
Hibernate: update hibernate_sequence set next_val= ? where next_val=?
21:20:56.289 [main] DEBUG o.h.e.i.AbstractSaveEventListener - Generated identifier: 56, using strategy: org.hibernate.id.enhanced.SequenceStyleGenerator
21:20:56.290 [main] DEBUG o.h.e.t.internal.TransactionImpl - committing
21:20:56.290 [main] DEBUG o.h.e.i.AbstractFlushingEventListener - Processing flush-time cascades
21:20:56.290 [main] DEBUG o.h.e.i.AbstractFlushingEventListener - Dirty checking collections
21:20:56.290 [main] DEBUG o.h.e.i.AbstractFlushingEventListener - Flushed: 1 insertions, 0 updates, 0 deletions to 1 objects
21:20:56.290 [main] DEBUG o.h.e.i.AbstractFlushingEventListener - Flushed: 0 (re)creations, 0 updates, 0 removals to 0 collections
21:20:56.290 [main] DEBUG o.h.internal.util.EntityPrinter - Listing entities:
21:20:56.290 [main] DEBUG o.h.internal.util.EntityPrinter - edu.ncsu.csc.itrust2.models.persistent.LogEntry{secondaryUser=null, logCode=5, primaryUser=logapitest, id=56, time=java.util.GregorianCalendar[time=1521667256282,areFieldsSet=true,areAllFieldsSet=true,lenient=true,zone=sun.util.calendar.ZoneInfo[id="Etc/UTC",offset=0,dstSavings=0,useDaylight=false,transitions=0,lastRule=null],firstDayOfWeek=1,minimalDaysInFirstWeek=1,ERA=1,YEAR=2018,MONTH=2,WEEK_OF_YEAR=12,WEEK_OF_MONTH=4,DAY_OF_MONTH=21,DAY_OF_YEAR=80,DAY_OF_WEEK=4,DAY_OF_WEEK_IN_MONTH=3,AM_PM=1,HOUR=9,HOUR_OF_DAY=21,MINUTE=20,SECOND=56,MILLISECOND=282,ZONE_OFFSET=0,DST_OFFSET=0], message=null}
21:20:56.291 [main] DEBUG org.hibernate.SQL - insert into LogEntries (logCode, message, primaryUser, secondaryUser, time, id) values (?, ?, ?, ?, ?, ?)
Hibernate: insert into LogEntries (logCode, message, primaryUser, secondaryUser, time, id) values (?, ?, ?, ?, ?, ?)
21:20:56.293 [main] DEBUG o.h.e.j.internal.JdbcCoordinatorImpl - HHH000420: Closing un-released batch
21:20:56.293 [main] DEBUG o.h.e.t.internal.TransactionImpl - begin
21:20:56.295 [main] DEBUG org.hibernate.SQL - select next_val as id_val from hibernate_sequence for update
Hibernate: select next_val as id_val from hibernate_sequence for update
21:20:56.297 [main] DEBUG org.hibernate.SQL - update hibernate_sequence set next_val= ? where next_val=?
Hibernate: update hibernate_sequence set next_val= ? where next_val=?
21:20:56.299 [main] DEBUG o.h.e.i.AbstractSaveEventListener - Generated identifier: 57, using strategy: org.hibernate.id.enhanced.SequenceStyleGenerator
21:20:56.299 [main] DEBUG o.h.e.t.internal.TransactionImpl - committing
21:20:56.299 [main] DEBUG o.h.e.i.AbstractFlushingEventListener - Processing flush-time cascades
21:20:56.299 [main] DEBUG o.h.e.i.AbstractFlushingEventListener - Dirty checking collections
21:20:56.299 [main] DEBUG o.h.e.i.AbstractFlushingEventListener - Flushed: 1 insertions, 0 updates, 0 deletions to 1 objects
21:20:56.299 [main] DEBUG o.h.e.i.AbstractFlushingEventListener - Flushed: 0 (re)creations, 0 updates, 0 removals to 0 collections
21:20:56.299 [main] DEBUG o.h.internal.util.EntityPrinter - Listing entities:
21:20:56.300 [main] DEBUG o.h.internal.util.EntityPrinter - edu.ncsu.csc.itrust2.models.persistent.LogEntry{secondaryUser=null, logCode=5, primaryUser=logapitest, id=57, time=java.util.GregorianCalendar[time=1521667256293,areFieldsSet=true,areAllFieldsSet=true,lenient=true,zone=sun.util.calendar.ZoneInfo[id="Etc/UTC",offset=0,dstSavings=0,useDaylight=false,transitions=0,lastRule=null],firstDayOfWeek=1,minimalDaysInFirstWeek=1,ERA=1,YEAR=2018,MONTH=2,WEEK_OF_YEAR=12,WEEK_OF_MONTH=4,DAY_OF_MONTH=21,DAY_OF_YEAR=80,DAY_OF_WEEK=4,DAY_OF_WEEK_IN_MONTH=3,AM_PM=1,HOUR=9,HOUR_OF_DAY=21,MINUTE=20,SECOND=56,MILLISECOND=293,ZONE_OFFSET=0,DST_OFFSET=0], message=null}
21:20:56.300 [main] DEBUG org.hibernate.SQL - insert into LogEntries (logCode, message, primaryUser, secondaryUser, time, id) values (?, ?, ?, ?, ?, ?)
Hibernate: insert into LogEntries (logCode, message, primaryUser, secondaryUser, time, id) values (?, ?, ?, ?, ?, ?)
21:20:56.302 [main] DEBUG o.h.e.j.internal.JdbcCoordinatorImpl - HHH000420: Closing un-released batch
21:20:56.307 [main] DEBUG o.h.e.t.internal.TransactionImpl - begin
21:20:56.309 [main] DEBUG org.hibernate.SQL - select next_val as id_val from hibernate_sequence for update
Hibernate: select next_val as id_val from hibernate_sequence for update
21:20:56.310 [main] DEBUG org.hibernate.SQL - update hibernate_sequence set next_val= ? where next_val=?
Hibernate: update hibernate_sequence set next_val= ? where next_val=?
21:20:56.314 [main] DEBUG o.h.e.i.AbstractSaveEventListener - Generated identifier: 58, using strategy: org.hibernate.id.enhanced.SequenceStyleGenerator
21:20:56.315 [main] DEBUG o.h.e.t.internal.TransactionImpl - committing
21:20:56.316 [main] DEBUG o.h.e.i.AbstractFlushingEventListener - Processing flush-time cascades
21:20:56.316 [main] DEBUG o.h.e.i.AbstractFlushingEventListener - Dirty checking collections
21:20:56.317 [main] DEBUG o.h.e.i.AbstractFlushingEventListener - Flushed: 1 insertions, 0 updates, 0 deletions to 1 objects
21:20:56.317 [main] DEBUG o.h.e.i.AbstractFlushingEventListener - Flushed: 0 (re)creations, 0 updates, 0 removals to 0 collections
21:20:56.317 [main] DEBUG o.h.internal.util.EntityPrinter - Listing entities:
21:20:56.317 [main] DEBUG o.h.internal.util.EntityPrinter - edu.ncsu.csc.itrust2.models.persistent.LogEntry{secondaryUser=null, logCode=5, primaryUser=logapitest, id=58, time=java.util.GregorianCalendar[time=1521667256307,areFieldsSet=true,areAllFieldsSet=true,lenient=true,zone=sun.util.calendar.ZoneInfo[id="Etc/UTC",offset=0,dstSavings=0,useDaylight=false,transitions=0,lastRule=null],firstDayOfWeek=1,minimalDaysInFirstWeek=1,ERA=1,YEAR=2018,MONTH=2,WEEK_OF_YEAR=12,WEEK_OF_MONTH=4,DAY_OF_MONTH=21,DAY_OF_YEAR=80,DAY_OF_WEEK=4,DAY_OF_WEEK_IN_MONTH=3,AM_PM=1,HOUR=9,HOUR_OF_DAY=21,MINUTE=20,SECOND=56,MILLISECOND=307,ZONE_OFFSET=0,DST_OFFSET=0], message=null}
21:20:56.318 [main] DEBUG org.hibernate.SQL - insert into LogEntries (logCode, message, primaryUser, secondaryUser, time, id) values (?, ?, ?, ?, ?, ?)
Hibernate: insert into LogEntries (logCode, message, primaryUser, secondaryUser, time, id) values (?, ?, ?, ?, ?, ?)
21:20:56.322 [main] DEBUG o.h.e.j.internal.JdbcCoordinatorImpl - HHH000420: Closing un-released batch
21:20:56.322 [main] DEBUG o.h.e.t.internal.TransactionImpl - begin
21:20:56.328 [main] DEBUG org.hibernate.SQL - select next_val as id_val from hibernate_sequence for update
Hibernate: select next_val as id_val from hibernate_sequence for update
21:20:56.329 [main] DEBUG org.hibernate.SQL - update hibernate_sequence set next_val= ? where next_val=?
Hibernate: update hibernate_sequence set next_val= ? where next_val=?
21:20:56.331 [main] DEBUG o.h.e.i.AbstractSaveEventListener - Generated identifier: 59, using strategy: org.hibernate.id.enhanced.SequenceStyleGenerator
21:20:56.331 [main] DEBUG o.h.e.t.internal.TransactionImpl - committing
21:20:56.331 [main] DEBUG o.h.e.i.AbstractFlushingEventListener - Processing flush-time cascades
21:20:56.331 [main] DEBUG o.h.e.i.AbstractFlushingEventListener - Dirty checking collections
21:20:56.331 [main] DEBUG o.h.e.i.AbstractFlushingEventListener - Flushed: 1 insertions, 0 updates, 0 deletions to 1 objects
21:20:56.331 [main] DEBUG o.h.e.i.AbstractFlushingEventListener - Flushed: 0 (re)creations, 0 updates, 0 removals to 0 collections
21:20:56.331 [main] DEBUG o.h.internal.util.EntityPrinter - Listing entities:
21:20:56.331 [main] DEBUG o.h.internal.util.EntityPrinter - edu.ncsu.csc.itrust2.models.persistent.LogEntry{secondaryUser=null, logCode=5, primaryUser=logapitest, id=59, time=java.util.GregorianCalendar[time=1521667256322,areFieldsSet=true,areAllFieldsSet=true,lenient=true,zone=sun.util.calendar.ZoneInfo[id="Etc/UTC",offset=0,dstSavings=0,useDaylight=false,transitions=0,lastRule=null],firstDayOfWeek=1,minimalDaysInFirstWeek=1,ERA=1,YEAR=2018,MONTH=2,WEEK_OF_YEAR=12,WEEK_OF_MONTH=4,DAY_OF_MONTH=21,DAY_OF_YEAR=80,DAY_OF_WEEK=4,DAY_OF_WEEK_IN_MONTH=3,AM_PM=1,HOUR=9,HOUR_OF_DAY=21,MINUTE=20,SECOND=56,MILLISECOND=322,ZONE_OFFSET=0,DST_OFFSET=0], message=null}
21:20:56.332 [main] DEBUG org.hibernate.SQL - insert into LogEntries (logCode, message, primaryUser, secondaryUser, time, id) values (?, ?, ?, ?, ?, ?)
Hibernate: insert into LogEntries (logCode, message, primaryUser, secondaryUser, time, id) values (?, ?, ?, ?, ?, ?)
21:20:56.340 [main] DEBUG o.h.e.j.internal.JdbcCoordinatorImpl - HHH000420: Closing un-released batch
21:20:56.341 [main] DEBUG o.h.e.t.internal.TransactionImpl - begin
21:20:56.344 [main] DEBUG org.hibernate.SQL - select next_val as id_val from hibernate_sequence for update
Hibernate: select next_val as id_val from hibernate_sequence for update
21:20:56.345 [main] DEBUG org.hibernate.SQL - update hibernate_sequence set next_val= ? where next_val=?
Hibernate: update hibernate_sequence set next_val= ? where next_val=?
21:20:56.351 [main] DEBUG o.h.e.i.AbstractSaveEventListener - Generated identifier: 60, using strategy: org.hibernate.id.enhanced.SequenceStyleGenerator
21:20:56.351 [main] DEBUG o.h.e.t.internal.TransactionImpl - committing
21:20:56.351 [main] DEBUG o.h.e.i.AbstractFlushingEventListener - Processing flush-time cascades
21:20:56.351 [main] DEBUG o.h.e.i.AbstractFlushingEventListener - Dirty checking collections
21:20:56.352 [main] DEBUG o.h.e.i.AbstractFlushingEventListener - Flushed: 1 insertions, 0 updates, 0 deletions to 1 objects
21:20:56.352 [main] DEBUG o.h.e.i.AbstractFlushingEventListener - Flushed: 0 (re)creations, 0 updates, 0 removals to 0 collections
21:20:56.352 [main] DEBUG o.h.internal.util.EntityPrinter - Listing entities:
21:20:56.352 [main] DEBUG o.h.internal.util.EntityPrinter - edu.ncsu.csc.itrust2.models.persistent.LogEntry{secondaryUser=null, logCode=5, primaryUser=logapitest, id=60, time=java.util.GregorianCalendar[time=1521667256341,areFieldsSet=true,areAllFieldsSet=true,lenient=true,zone=sun.util.calendar.ZoneInfo[id="Etc/UTC",offset=0,dstSavings=0,useDaylight=false,transitions=0,lastRule=null],firstDayOfWeek=1,minimalDaysInFirstWeek=1,ERA=1,YEAR=2018,MONTH=2,WEEK_OF_YEAR=12,WEEK_OF_MONTH=4,DAY_OF_MONTH=21,DAY_OF_YEAR=80,DAY_OF_WEEK=4,DAY_OF_WEEK_IN_MONTH=3,AM_PM=1,HOUR=9,HOUR_OF_DAY=21,MINUTE=20,SECOND=56,MILLISECOND=341,ZONE_OFFSET=0,DST_OFFSET=0], message=null}
21:20:56.352 [main] DEBUG org.hibernate.SQL - insert into LogEntries (logCode, message, primaryUser, secondaryUser, time, id) values (?, ?, ?, ?, ?, ?)
Hibernate: insert into LogEntries (logCode, message, primaryUser, secondaryUser, time, id) values (?, ?, ?, ?, ?, ?)
21:20:56.359 [main] DEBUG o.h.e.j.internal.JdbcCoordinatorImpl - HHH000420: Closing un-released batch
21:20:56.361 [main] DEBUG o.h.e.t.internal.TransactionImpl - begin
21:20:56.363 [main] DEBUG org.hibernate.SQL - select next_val as id_val from hibernate_sequence for update
Hibernate: select next_val as id_val from hibernate_sequence for update
21:20:56.364 [main] DEBUG org.hibernate.SQL - update hibernate_sequence set next_val= ? where next_val=?
Hibernate: update hibernate_sequence set next_val= ? where next_val=?
21:20:56.366 [main] DEBUG o.h.e.i.AbstractSaveEventListener - Generated identifier: 61, using strategy: org.hibernate.id.enhanced.SequenceStyleGenerator
21:20:56.367 [main] DEBUG o.h.e.t.internal.TransactionImpl - committing
21:20:56.367 [main] DEBUG o.h.e.i.AbstractFlushingEventListener - Processing flush-time cascades
21:20:56.367 [main] DEBUG o.h.e.i.AbstractFlushingEventListener - Dirty checking collections
21:20:56.367 [main] DEBUG o.h.e.i.AbstractFlushingEventListener - Flushed: 1 insertions, 0 updates, 0 deletions to 1 objects
21:20:56.367 [main] DEBUG o.h.e.i.AbstractFlushingEventListener - Flushed: 0 (re)creations, 0 updates, 0 removals to 0 collections
21:20:56.367 [main] DEBUG o.h.internal.util.EntityPrinter - Listing entities:
21:20:56.367 [main] DEBUG o.h.internal.util.EntityPrinter - edu.ncsu.csc.itrust2.models.persistent.LogEntry{secondaryUser=null, logCode=5, primaryUser=logapitest, id=61, time=java.util.GregorianCalendar[time=1521667256361,areFieldsSet=true,areAllFieldsSet=true,lenient=true,zone=sun.util.calendar.ZoneInfo[id="Etc/UTC",offset=0,dstSavings=0,useDaylight=false,transitions=0,lastRule=null],firstDayOfWeek=1,minimalDaysInFirstWeek=1,ERA=1,YEAR=2018,MONTH=2,WEEK_OF_YEAR=12,WEEK_OF_MONTH=4,DAY_OF_MONTH=21,DAY_OF_YEAR=80,DAY_OF_WEEK=4,DAY_OF_WEEK_IN_MONTH=3,AM_PM=1,HOUR=9,HOUR_OF_DAY=21,MINUTE=20,SECOND=56,MILLISECOND=361,ZONE_OFFSET=0,DST_OFFSET=0], message=null}
21:20:56.368 [main] DEBUG org.hibernate.SQL - insert into LogEntries (logCode, message, primaryUser, secondaryUser, time, id) values (?, ?, ?, ?, ?, ?)
Hibernate: insert into LogEntries (logCode, message, primaryUser, secondaryUser, time, id) values (?, ?, ?, ?, ?, ?)
21:20:56.375 [main] DEBUG o.h.e.j.internal.JdbcCoordinatorImpl - HHH000420: Closing un-released batch
21:20:56.376 [main] DEBUG o.h.e.t.internal.TransactionImpl - begin
21:20:56.378 [main] DEBUG org.hibernate.SQL - select next_val as id_val from hibernate_sequence for update
Hibernate: select next_val as id_val from hibernate_sequence for update
21:20:56.379 [main] DEBUG org.hibernate.SQL - update hibernate_sequence set next_val= ? where next_val=?
Hibernate: update hibernate_sequence set next_val= ? where next_val=?
21:20:56.381 [main] DEBUG o.h.e.i.AbstractSaveEventListener - Generated identifier: 62, using strategy: org.hibernate.id.enhanced.SequenceStyleGenerator
21:20:56.382 [main] DEBUG o.h.e.t.internal.TransactionImpl - committing
21:20:56.382 [main] DEBUG o.h.e.i.AbstractFlushingEventListener - Processing flush-time cascades
21:20:56.382 [main] DEBUG o.h.e.i.AbstractFlushingEventListener - Dirty checking collections
21:20:56.382 [main] DEBUG o.h.e.i.AbstractFlushingEventListener - Flushed: 1 insertions, 0 updates, 0 deletions to 1 objects
21:20:56.382 [main] DEBUG o.h.e.i.AbstractFlushingEventListener - Flushed: 0 (re)creations, 0 updates, 0 removals to 0 collections
21:20:56.382 [main] DEBUG o.h.internal.util.EntityPrinter - Listing entities:
21:20:56.382 [main] DEBUG o.h.internal.util.EntityPrinter - edu.ncsu.csc.itrust2.models.persistent.LogEntry{secondaryUser=null, logCode=5, primaryUser=logapitest, id=62, time=java.util.GregorianCalendar[time=1521667256376,areFieldsSet=true,areAllFieldsSet=true,lenient=true,zone=sun.util.calendar.ZoneInfo[id="Etc/UTC",offset=0,dstSavings=0,useDaylight=false,transitions=0,lastRule=null],firstDayOfWeek=1,minimalDaysInFirstWeek=1,ERA=1,YEAR=2018,MONTH=2,WEEK_OF_YEAR=12,WEEK_OF_MONTH=4,DAY_OF_MONTH=21,DAY_OF_YEAR=80,DAY_OF_WEEK=4,DAY_OF_WEEK_IN_MONTH=3,AM_PM=1,HOUR=9,HOUR_OF_DAY=21,MINUTE=20,SECOND=56,MILLISECOND=376,ZONE_OFFSET=0,DST_OFFSET=0], message=null}
21:20:56.387 [main] DEBUG org.hibernate.SQL - insert into LogEntries (logCode, message, primaryUser, secondaryUser, time, id) values (?, ?, ?, ?, ?, ?)
Hibernate: insert into LogEntries (logCode, message, primaryUser, secondaryUser, time, id) values (?, ?, ?, ?, ?, ?)
21:20:56.391 [main] DEBUG o.h.e.j.internal.JdbcCoordinatorImpl - HHH000420: Closing un-released batch
21:20:56.393 [main] DEBUG o.h.e.t.internal.TransactionImpl - begin
21:20:56.395 [main] DEBUG org.hibernate.SQL - select next_val as id_val from hibernate_sequence for update
Hibernate: select next_val as id_val from hibernate_sequence for update
21:20:56.395 [main] DEBUG org.hibernate.SQL - update hibernate_sequence set next_val= ? where next_val=?
Hibernate: update hibernate_sequence set next_val= ? where next_val=?
21:20:56.398 [main] DEBUG o.h.e.i.AbstractSaveEventListener - Generated identifier: 63, using strategy: org.hibernate.id.enhanced.SequenceStyleGenerator
21:20:56.398 [main] DEBUG o.h.e.t.internal.TransactionImpl - committing
21:20:56.398 [main] DEBUG o.h.e.i.AbstractFlushingEventListener - Processing flush-time cascades
21:20:56.399 [main] DEBUG o.h.e.i.AbstractFlushingEventListener - Dirty checking collections
21:20:56.401 [main] DEBUG o.h.e.i.AbstractFlushingEventListener - Flushed: 1 insertions, 0 updates, 0 deletions to 1 objects
21:20:56.407 [main] DEBUG o.h.e.i.AbstractFlushingEventListener - Flushed: 0 (re)creations, 0 updates, 0 removals to 0 collections
21:20:56.407 [main] DEBUG o.h.internal.util.EntityPrinter - Listing entities:
21:20:56.407 [main] DEBUG o.h.internal.util.EntityPrinter - edu.ncsu.csc.itrust2.models.persistent.LogEntry{secondaryUser=null, logCode=5, primaryUser=logapitest, id=63, time=java.util.GregorianCalendar[time=1521667256392,areFieldsSet=true,areAllFieldsSet=true,lenient=true,zone=sun.util.calendar.ZoneInfo[id="Etc/UTC",offset=0,dstSavings=0,useDaylight=false,transitions=0,lastRule=null],firstDayOfWeek=1,minimalDaysInFirstWeek=1,ERA=1,YEAR=2018,MONTH=2,WEEK_OF_YEAR=12,WEEK_OF_MONTH=4,DAY_OF_MONTH=21,DAY_OF_YEAR=80,DAY_OF_WEEK=4,DAY_OF_WEEK_IN_MONTH=3,AM_PM=1,HOUR=9,HOUR_OF_DAY=21,MINUTE=20,SECOND=56,MILLISECOND=392,ZONE_OFFSET=0,DST_OFFSET=0], message=null}
21:20:56.416 [main] DEBUG org.hibernate.SQL - insert into LogEntries (logCode, message, primaryUser, secondaryUser, time, id) values (?, ?, ?, ?, ?, ?)
Hibernate: insert into LogEntries (logCode, message, primaryUser, secondaryUser, time, id) values (?, ?, ?, ?, ?, ?)
21:20:56.420 [main] DEBUG o.h.e.j.internal.JdbcCoordinatorImpl - HHH000420: Closing un-released batch
21:20:56.422 [main] DEBUG o.h.e.t.internal.TransactionImpl - begin
21:20:56.423 [main] DEBUG org.hibernate.SQL - select next_val as id_val from hibernate_sequence for update
Hibernate: select next_val as id_val from hibernate_sequence for update
21:20:56.424 [main] DEBUG org.hibernate.SQL - update hibernate_sequence set next_val= ? where next_val=?
Hibernate: update hibernate_sequence set next_val= ? where next_val=?
21:20:56.427 [main] DEBUG o.h.e.i.AbstractSaveEventListener - Generated identifier: 64, using strategy: org.hibernate.id.enhanced.SequenceStyleGenerator
21:20:56.428 [main] DEBUG o.h.e.t.internal.TransactionImpl - committing
21:20:56.428 [main] DEBUG o.h.e.i.AbstractFlushingEventListener - Processing flush-time cascades
21:20:56.428 [main] DEBUG o.h.e.i.AbstractFlushingEventListener - Dirty checking collections
21:20:56.429 [main] DEBUG o.h.e.i.AbstractFlushingEventListener - Flushed: 1 insertions, 0 updates, 0 deletions to 1 objects
21:20:56.429 [main] DEBUG o.h.e.i.AbstractFlushingEventListener - Flushed: 0 (re)creations, 0 updates, 0 removals to 0 collections
21:20:56.429 [main] DEBUG o.h.internal.util.EntityPrinter - Listing entities:
21:20:56.429 [main] DEBUG o.h.internal.util.EntityPrinter - edu.ncsu.csc.itrust2.models.persistent.LogEntry{secondaryUser=null, logCode=5, primaryUser=logapitest, id=64, time=java.util.GregorianCalendar[time=1521667256421,areFieldsSet=true,areAllFieldsSet=true,lenient=true,zone=sun.util.calendar.ZoneInfo[id="Etc/UTC",offset=0,dstSavings=0,useDaylight=false,transitions=0,lastRule=null],firstDayOfWeek=1,minimalDaysInFirstWeek=1,ERA=1,YEAR=2018,MONTH=2,WEEK_OF_YEAR=12,WEEK_OF_MONTH=4,DAY_OF_MONTH=21,DAY_OF_YEAR=80,DAY_OF_WEEK=4,DAY_OF_WEEK_IN_MONTH=3,AM_PM=1,HOUR=9,HOUR_OF_DAY=21,MINUTE=20,SECOND=56,MILLISECOND=421,ZONE_OFFSET=0,DST_OFFSET=0], message=null}
21:20:56.430 [main] DEBUG org.hibernate.SQL - insert into LogEntries (logCode, message, primaryUser, secondaryUser, time, id) values (?, ?, ?, ?, ?, ?)
Hibernate: insert into LogEntries (logCode, message, primaryUser, secondaryUser, time, id) values (?, ?, ?, ?, ?, ?)
21:20:56.437 [main] DEBUG o.h.e.j.internal.JdbcCoordinatorImpl - HHH000420: Closing un-released batch
21:20:56.438 [main] DEBUG o.h.e.t.internal.TransactionImpl - begin
21:20:56.439 [main] DEBUG org.hibernate.SQL - select next_val as id_val from hibernate_sequence for update
Hibernate: select next_val as id_val from hibernate_sequence for update
21:20:56.439 [main] DEBUG org.hibernate.SQL - update hibernate_sequence set next_val= ? where next_val=?
Hibernate: update hibernate_sequence set next_val= ? where next_val=?
21:20:56.441 [main] DEBUG o.h.e.i.AbstractSaveEventListener - Generated identifier: 65, using strategy: org.hibernate.id.enhanced.SequenceStyleGenerator
21:20:56.441 [main] DEBUG o.h.e.t.internal.TransactionImpl - committing
21:20:56.442 [main] DEBUG o.h.e.i.AbstractFlushingEventListener - Processing flush-time cascades
21:20:56.442 [main] DEBUG o.h.e.i.AbstractFlushingEventListener - Dirty checking collections
21:20:56.442 [main] DEBUG o.h.e.i.AbstractFlushingEventListener - Flushed: 1 insertions, 0 updates, 0 deletions to 1 objects
21:20:56.443 [main] DEBUG o.h.e.i.AbstractFlushingEventListener - Flushed: 0 (re)creations, 0 updates, 0 removals to 0 collections
21:20:56.443 [main] DEBUG o.h.internal.util.EntityPrinter - Listing entities:
21:20:56.443 [main] DEBUG o.h.internal.util.EntityPrinter - edu.ncsu.csc.itrust2.models.persistent.LogEntry{secondaryUser=null, logCode=5, primaryUser=logapitest, id=65, time=java.util.GregorianCalendar[time=1521667256437,areFieldsSet=true,areAllFieldsSet=true,lenient=true,zone=sun.util.calendar.ZoneInfo[id="Etc/UTC",offset=0,dstSavings=0,useDaylight=false,transitions=0,lastRule=null],firstDayOfWeek=1,minimalDaysInFirstWeek=1,ERA=1,YEAR=2018,MONTH=2,WEEK_OF_YEAR=12,WEEK_OF_MONTH=4,DAY_OF_MONTH=21,DAY_OF_YEAR=80,DAY_OF_WEEK=4,DAY_OF_WEEK_IN_MONTH=3,AM_PM=1,HOUR=9,HOUR_OF_DAY=21,MINUTE=20,SECOND=56,MILLISECOND=437,ZONE_OFFSET=0,DST_OFFSET=0], message=null}
21:20:56.445 [main] DEBUG org.hibernate.SQL - insert into LogEntries (logCode, message, primaryUser, secondaryUser, time, id) values (?, ?, ?, ?, ?, ?)
Hibernate: insert into LogEntries (logCode, message, primaryUser, secondaryUser, time, id) values (?, ?, ?, ?, ?, ?)
21:20:56.448 [main] DEBUG o.h.e.j.internal.JdbcCoordinatorImpl - HHH000420: Closing un-released batch
21:20:56.448 [main] DEBUG o.h.e.t.internal.TransactionImpl - begin
21:20:56.451 [main] DEBUG org.hibernate.SQL - select next_val as id_val from hibernate_sequence for update
Hibernate: select next_val as id_val from hibernate_sequence for update
21:20:56.452 [main] DEBUG org.hibernate.SQL - update hibernate_sequence set next_val= ? where next_val=?
Hibernate: update hibernate_sequence set next_val= ? where next_val=?
21:20:56.454 [main] DEBUG o.h.e.i.AbstractSaveEventListener - Generated identifier: 66, using strategy: org.hibernate.id.enhanced.SequenceStyleGenerator
21:20:56.456 [main] DEBUG o.h.e.t.internal.TransactionImpl - committing
21:20:56.456 [main] DEBUG o.h.e.i.AbstractFlushingEventListener - Processing flush-time cascades
21:20:56.456 [main] DEBUG o.h.e.i.AbstractFlushingEventListener - Dirty checking collections
21:20:56.458 [main] DEBUG o.h.e.i.AbstractFlushingEventListener - Flushed: 1 insertions, 0 updates, 0 deletions to 1 objects
21:20:56.458 [main] DEBUG o.h.e.i.AbstractFlushingEventListener - Flushed: 0 (re)creations, 0 updates, 0 removals to 0 collections
21:20:56.459 [main] DEBUG o.h.internal.util.EntityPrinter - Listing entities:
21:20:56.459 [main] DEBUG o.h.internal.util.EntityPrinter - edu.ncsu.csc.itrust2.models.persistent.LogEntry{secondaryUser=null, logCode=5, primaryUser=logapitest, id=66, time=java.util.GregorianCalendar[time=1521667256448,areFieldsSet=true,areAllFieldsSet=true,lenient=true,zone=sun.util.calendar.ZoneInfo[id="Etc/UTC",offset=0,dstSavings=0,useDaylight=false,transitions=0,lastRule=null],firstDayOfWeek=1,minimalDaysInFirstWeek=1,ERA=1,YEAR=2018,MONTH=2,WEEK_OF_YEAR=12,WEEK_OF_MONTH=4,DAY_OF_MONTH=21,DAY_OF_YEAR=80,DAY_OF_WEEK=4,DAY_OF_WEEK_IN_MONTH=3,AM_PM=1,HOUR=9,HOUR_OF_DAY=21,MINUTE=20,SECOND=56,MILLISECOND=448,ZONE_OFFSET=0,DST_OFFSET=0], message=null}
21:20:56.465 [main] DEBUG org.hibernate.SQL - insert into LogEntries (logCode, message, primaryUser, secondaryUser, time, id) values (?, ?, ?, ?, ?, ?)
Hibernate: insert into LogEntries (logCode, message, primaryUser, secondaryUser, time, id) values (?, ?, ?, ?, ?, ?)
21:20:56.468 [main] DEBUG o.h.e.j.internal.JdbcCoordinatorImpl - HHH000420: Closing un-released batch
21:20:56.469 [main] DEBUG o.h.e.t.internal.TransactionImpl - begin
21:20:56.470 [main] DEBUG org.hibernate.SQL - select next_val as id_val from hibernate_sequence for update
Hibernate: select next_val as id_val from hibernate_sequence for update
21:20:56.470 [main] DEBUG org.hibernate.SQL - update hibernate_sequence set next_val= ? where next_val=?
Hibernate: update hibernate_sequence set next_val= ? where next_val=?
21:20:56.472 [main] DEBUG o.h.e.i.AbstractSaveEventListener - Generated identifier: 67, using strategy: org.hibernate.id.enhanced.SequenceStyleGenerator
21:20:56.473 [main] DEBUG o.h.e.t.internal.TransactionImpl - committing
21:20:56.473 [main] DEBUG o.h.e.i.AbstractFlushingEventListener - Processing flush-time cascades
21:20:56.473 [main] DEBUG o.h.e.i.AbstractFlushingEventListener - Dirty checking collections
21:20:56.474 [main] DEBUG o.h.e.i.AbstractFlushingEventListener - Flushed: 1 insertions, 0 updates, 0 deletions to 1 objects
21:20:56.474 [main] DEBUG o.h.e.i.AbstractFlushingEventListener - Flushed: 0 (re)creations, 0 updates, 0 removals to 0 collections
21:20:56.475 [main] DEBUG o.h.internal.util.EntityPrinter - Listing entities:
21:20:56.475 [main] DEBUG o.h.internal.util.EntityPrinter - edu.ncsu.csc.itrust2.models.persistent.LogEntry{secondaryUser=null, logCode=5, primaryUser=logapitest, id=67, time=java.util.GregorianCalendar[time=1521667256468,areFieldsSet=true,areAllFieldsSet=true,lenient=true,zone=sun.util.calendar.ZoneInfo[id="Etc/UTC",offset=0,dstSavings=0,useDaylight=false,transitions=0,lastRule=null],firstDayOfWeek=1,minimalDaysInFirstWeek=1,ERA=1,YEAR=2018,MONTH=2,WEEK_OF_YEAR=12,WEEK_OF_MONTH=4,DAY_OF_MONTH=21,DAY_OF_YEAR=80,DAY_OF_WEEK=4,DAY_OF_WEEK_IN_MONTH=3,AM_PM=1,HOUR=9,HOUR_OF_DAY=21,MINUTE=20,SECOND=56,MILLISECOND=468,ZONE_OFFSET=0,DST_OFFSET=0], message=null}
21:20:56.476 [main] DEBUG org.hibernate.SQL - insert into LogEntries (logCode, message, primaryUser, secondaryUser, time, id) values (?, ?, ?, ?, ?, ?)
Hibernate: insert into LogEntries (logCode, message, primaryUser, secondaryUser, time, id) values (?, ?, ?, ?, ?, ?)
21:20:56.479 [main] DEBUG o.h.e.j.internal.JdbcCoordinatorImpl - HHH000420: Closing un-released batch
21:20:56.480 [main] DEBUG o.h.e.t.internal.TransactionImpl - begin
21:20:56.481 [main] DEBUG org.hibernate.SQL - select next_val as id_val from hibernate_sequence for update
Hibernate: select next_val as id_val from hibernate_sequence for update
21:20:56.482 [main] DEBUG org.hibernate.SQL - update hibernate_sequence set next_val= ? where next_val=?
Hibernate: update hibernate_sequence set next_val= ? where next_val=?
21:20:56.484 [main] DEBUG o.h.e.i.AbstractSaveEventListener - Generated identifier: 68, using strategy: org.hibernate.id.enhanced.SequenceStyleGenerator
21:20:56.487 [main] DEBUG o.h.e.t.internal.TransactionImpl - committing
21:20:56.488 [main] DEBUG o.h.e.i.AbstractFlushingEventListener - Processing flush-time cascades
21:20:56.489 [main] DEBUG o.h.e.i.AbstractFlushingEventListener - Dirty checking collections
21:20:56.489 [main] DEBUG o.h.e.i.AbstractFlushingEventListener - Flushed: 1 insertions, 0 updates, 0 deletions to 1 objects
21:20:56.489 [main] DEBUG o.h.e.i.AbstractFlushingEventListener - Flushed: 0 (re)creations, 0 updates, 0 removals to 0 collections
21:20:56.489 [main] DEBUG o.h.internal.util.EntityPrinter - Listing entities:
21:20:56.490 [main] DEBUG o.h.internal.util.EntityPrinter - edu.ncsu.csc.itrust2.models.persistent.LogEntry{secondaryUser=null, logCode=5, primaryUser=logapitest, id=68, time=java.util.GregorianCalendar[time=1521667256480,areFieldsSet=true,areAllFieldsSet=true,lenient=true,zone=sun.util.calendar.ZoneInfo[id="Etc/UTC",offset=0,dstSavings=0,useDaylight=false,transitions=0,lastRule=null],firstDayOfWeek=1,minimalDaysInFirstWeek=1,ERA=1,YEAR=2018,MONTH=2,WEEK_OF_YEAR=12,WEEK_OF_MONTH=4,DAY_OF_MONTH=21,DAY_OF_YEAR=80,DAY_OF_WEEK=4,DAY_OF_WEEK_IN_MONTH=3,AM_PM=1,HOUR=9,HOUR_OF_DAY=21,MINUTE=20,SECOND=56,MILLISECOND=480,ZONE_OFFSET=0,DST_OFFSET=0], message=null}
21:20:56.490 [main] DEBUG org.hibernate.SQL - insert into LogEntries (logCode, message, primaryUser, secondaryUser, time, id) values (?, ?, ?, ?, ?, ?)
Hibernate: insert into LogEntries (logCode, message, primaryUser, secondaryUser, time, id) values (?, ?, ?, ?, ?, ?)
21:20:56.493 [main] DEBUG o.h.e.j.internal.JdbcCoordinatorImpl - HHH000420: Closing un-released batch
21:20:56.494 [main] DEBUG o.h.e.t.internal.TransactionImpl - begin
21:20:56.495 [main] DEBUG org.hibernate.SQL - select next_val as id_val from hibernate_sequence for update
Hibernate: select next_val as id_val from hibernate_sequence for update
21:20:56.496 [main] DEBUG org.hibernate.SQL - update hibernate_sequence set next_val= ? where next_val=?
Hibernate: update hibernate_sequence set next_val= ? where next_val=?
21:20:56.498 [main] DEBUG o.h.e.i.AbstractSaveEventListener - Generated identifier: 69, using strategy: org.hibernate.id.enhanced.SequenceStyleGenerator
21:20:56.499 [main] DEBUG o.h.e.t.internal.TransactionImpl - committing
21:20:56.499 [main] DEBUG o.h.e.i.AbstractFlushingEventListener - Processing flush-time cascades
21:20:56.499 [main] DEBUG o.h.e.i.AbstractFlushingEventListener - Dirty checking collections
21:20:56.499 [main] DEBUG o.h.e.i.AbstractFlushingEventListener - Flushed: 1 insertions, 0 updates, 0 deletions to 1 objects
21:20:56.499 [main] DEBUG o.h.e.i.AbstractFlushingEventListener - Flushed: 0 (re)creations, 0 updates, 0 removals to 0 collections
21:20:56.500 [main] DEBUG o.h.internal.util.EntityPrinter - Listing entities:
21:20:56.500 [main] DEBUG o.h.internal.util.EntityPrinter - edu.ncsu.csc.itrust2.models.persistent.LogEntry{secondaryUser=null, logCode=5, primaryUser=logapitest, id=69, time=java.util.GregorianCalendar[time=1521667256494,areFieldsSet=true,areAllFieldsSet=true,lenient=true,zone=sun.util.calendar.ZoneInfo[id="Etc/UTC",offset=0,dstSavings=0,useDaylight=false,transitions=0,lastRule=null],firstDayOfWeek=1,minimalDaysInFirstWeek=1,ERA=1,YEAR=2018,MONTH=2,WEEK_OF_YEAR=12,WEEK_OF_MONTH=4,DAY_OF_MONTH=21,DAY_OF_YEAR=80,DAY_OF_WEEK=4,DAY_OF_WEEK_IN_MONTH=3,AM_PM=1,HOUR=9,HOUR_OF_DAY=21,MINUTE=20,SECOND=56,MILLISECOND=494,ZONE_OFFSET=0,DST_OFFSET=0], message=null}
21:20:56.502 [main] DEBUG org.hibernate.SQL - insert into LogEntries (logCode, message, primaryUser, secondaryUser, time, id) values (?, ?, ?, ?, ?, ?)
Hibernate: insert into LogEntries (logCode, message, primaryUser, secondaryUser, time, id) values (?, ?, ?, ?, ?, ?)
21:20:56.506 [main] DEBUG o.h.e.j.internal.JdbcCoordinatorImpl - HHH000420: Closing un-released batch
21:20:56.507 [main] DEBUG o.h.e.t.internal.TransactionImpl - begin
21:20:56.508 [main] DEBUG org.hibernate.SQL - select next_val as id_val from hibernate_sequence for update
Hibernate: select next_val as id_val from hibernate_sequence for update
21:20:56.509 [main] DEBUG org.hibernate.SQL - update hibernate_sequence set next_val= ? where next_val=?
Hibernate: update hibernate_sequence set next_val= ? where next_val=?
21:20:56.513 [main] DEBUG o.h.e.i.AbstractSaveEventListener - Generated identifier: 70, using strategy: org.hibernate.id.enhanced.SequenceStyleGenerator
21:20:56.513 [main] DEBUG o.h.e.t.internal.TransactionImpl - committing
21:20:56.514 [main] DEBUG o.h.e.i.AbstractFlushingEventListener - Processing flush-time cascades
21:20:56.514 [main] DEBUG o.h.e.i.AbstractFlushingEventListener - Dirty checking collections
21:20:56.514 [main] DEBUG o.h.e.i.AbstractFlushingEventListener - Flushed: 1 insertions, 0 updates, 0 deletions to 1 objects
21:20:56.515 [main] DEBUG o.h.e.i.AbstractFlushingEventListener - Flushed: 0 (re)creations, 0 updates, 0 removals to 0 collections
21:20:56.515 [main] DEBUG o.h.internal.util.EntityPrinter - Listing entities:
21:20:56.515 [main] DEBUG o.h.internal.util.EntityPrinter - edu.ncsu.csc.itrust2.models.persistent.LogEntry{secondaryUser=null, logCode=5, primaryUser=logapitest, id=70, time=java.util.GregorianCalendar[time=1521667256507,areFieldsSet=true,areAllFieldsSet=true,lenient=true,zone=sun.util.calendar.ZoneInfo[id="Etc/UTC",offset=0,dstSavings=0,useDaylight=false,transitions=0,lastRule=null],firstDayOfWeek=1,minimalDaysInFirstWeek=1,ERA=1,YEAR=2018,MONTH=2,WEEK_OF_YEAR=12,WEEK_OF_MONTH=4,DAY_OF_MONTH=21,DAY_OF_YEAR=80,DAY_OF_WEEK=4,DAY_OF_WEEK_IN_MONTH=3,AM_PM=1,HOUR=9,HOUR_OF_DAY=21,MINUTE=20,SECOND=56,MILLISECOND=507,ZONE_OFFSET=0,DST_OFFSET=0], message=null}
21:20:56.519 [main] DEBUG org.hibernate.SQL - insert into LogEntries (logCode, message, primaryUser, secondaryUser, time, id) values (?, ?, ?, ?, ?, ?)
Hibernate: insert into LogEntries (logCode, message, primaryUser, secondaryUser, time, id) values (?, ?, ?, ?, ?, ?)
21:20:56.525 [main] DEBUG o.h.e.j.internal.JdbcCoordinatorImpl - HHH000420: Closing un-released batch
21:20:56.527 [main] DEBUG o.h.e.t.internal.TransactionImpl - begin
21:20:56.528 [main] DEBUG org.hibernate.SQL - select next_val as id_val from hibernate_sequence for update
Hibernate: select next_val as id_val from hibernate_sequence for update
21:20:56.529 [main] DEBUG org.hibernate.SQL - update hibernate_sequence set next_val= ? where next_val=?
Hibernate: update hibernate_sequence set next_val= ? where next_val=?
21:20:56.531 [main] DEBUG o.h.e.i.AbstractSaveEventListener - Generated identifier: 71, using strategy: org.hibernate.id.enhanced.SequenceStyleGenerator
21:20:56.531 [main] DEBUG o.h.e.t.internal.TransactionImpl - committing
21:20:56.532 [main] DEBUG o.h.e.i.AbstractFlushingEventListener - Processing flush-time cascades
21:20:56.532 [main] DEBUG o.h.e.i.AbstractFlushingEventListener - Dirty checking collections
21:20:56.532 [main] DEBUG o.h.e.i.AbstractFlushingEventListener - Flushed: 1 insertions, 0 updates, 0 deletions to 1 objects
21:20:56.532 [main] DEBUG o.h.e.i.AbstractFlushingEventListener - Flushed: 0 (re)creations, 0 updates, 0 removals to 0 collections
21:20:56.532 [main] DEBUG o.h.internal.util.EntityPrinter - Listing entities:
21:20:56.533 [main] DEBUG o.h.internal.util.EntityPrinter - edu.ncsu.csc.itrust2.models.persistent.LogEntry{secondaryUser=null, logCode=5, primaryUser=logapitest, id=71, time=java.util.GregorianCalendar[time=1521667256527,areFieldsSet=true,areAllFieldsSet=true,lenient=true,zone=sun.util.calendar.ZoneInfo[id="Etc/UTC",offset=0,dstSavings=0,useDaylight=false,transitions=0,lastRule=null],firstDayOfWeek=1,minimalDaysInFirstWeek=1,ERA=1,YEAR=2018,MONTH=2,WEEK_OF_YEAR=12,WEEK_OF_MONTH=4,DAY_OF_MONTH=21,DAY_OF_YEAR=80,DAY_OF_WEEK=4,DAY_OF_WEEK_IN_MONTH=3,AM_PM=1,HOUR=9,HOUR_OF_DAY=21,MINUTE=20,SECOND=56,MILLISECOND=527,ZONE_OFFSET=0,DST_OFFSET=0], message=null}
21:20:56.538 [main] DEBUG org.hibernate.SQL - insert into LogEntries (logCode, message, primaryUser, secondaryUser, time, id) values (?, ?, ?, ?, ?, ?)
Hibernate: insert into LogEntries (logCode, message, primaryUser, secondaryUser, time, id) values (?, ?, ?, ?, ?, ?)
21:20:56.545 [main] DEBUG o.h.e.j.internal.JdbcCoordinatorImpl - HHH000420: Closing un-released batch
21:20:56.547 [main] DEBUG o.h.e.t.internal.TransactionImpl - begin
21:20:56.548 [main] DEBUG org.hibernate.SQL - select next_val as id_val from hibernate_sequence for update
Hibernate: select next_val as id_val from hibernate_sequence for update
21:20:56.554 [main] DEBUG org.hibernate.SQL - update hibernate_sequence set next_val= ? where next_val=?
Hibernate: update hibernate_sequence set next_val= ? where next_val=?
21:20:56.560 [main] DEBUG o.h.e.i.AbstractSaveEventListener - Generated identifier: 72, using strategy: org.hibernate.id.enhanced.SequenceStyleGenerator
21:20:56.560 [main] DEBUG o.h.e.t.internal.TransactionImpl - committing
21:20:56.561 [main] DEBUG o.h.e.i.AbstractFlushingEventListener - Processing flush-time cascades
21:20:56.561 [main] DEBUG o.h.e.i.AbstractFlushingEventListener - Dirty checking collections
21:20:56.561 [main] DEBUG o.h.e.i.AbstractFlushingEventListener - Flushed: 1 insertions, 0 updates, 0 deletions to 1 objects
21:20:56.561 [main] DEBUG o.h.e.i.AbstractFlushingEventListener - Flushed: 0 (re)creations, 0 updates, 0 removals to 0 collections
21:20:56.561 [main] DEBUG o.h.internal.util.EntityPrinter - Listing entities:
21:20:56.561 [main] DEBUG o.h.internal.util.EntityPrinter - edu.ncsu.csc.itrust2.models.persistent.LogEntry{secondaryUser=null, logCode=5, primaryUser=logapitest, id=72, time=java.util.GregorianCalendar[time=1521667256547,areFieldsSet=true,areAllFieldsSet=true,lenient=true,zone=sun.util.calendar.ZoneInfo[id="Etc/UTC",offset=0,dstSavings=0,useDaylight=false,transitions=0,lastRule=null],firstDayOfWeek=1,minimalDaysInFirstWeek=1,ERA=1,YEAR=2018,MONTH=2,WEEK_OF_YEAR=12,WEEK_OF_MONTH=4,DAY_OF_MONTH=21,DAY_OF_YEAR=80,DAY_OF_WEEK=4,DAY_OF_WEEK_IN_MONTH=3,AM_PM=1,HOUR=9,HOUR_OF_DAY=21,MINUTE=20,SECOND=56,MILLISECOND=547,ZONE_OFFSET=0,DST_OFFSET=0], message=null}
21:20:56.562 [main] DEBUG org.hibernate.SQL - insert into LogEntries (logCode, message, primaryUser, secondaryUser, time, id) values (?, ?, ?, ?, ?, ?)
Hibernate: insert into LogEntries (logCode, message, primaryUser, secondaryUser, time, id) values (?, ?, ?, ?, ?, ?)
21:20:56.570 [main] DEBUG o.h.e.j.internal.JdbcCoordinatorImpl - HHH000420: Closing un-released batch
21:20:56.571 [main] DEBUG o.h.e.t.internal.TransactionImpl - begin
21:20:56.573 [main] DEBUG org.hibernate.SQL - select next_val as id_val from hibernate_sequence for update
Hibernate: select next_val as id_val from hibernate_sequence for update
21:20:56.574 [main] DEBUG org.hibernate.SQL - update hibernate_sequence set next_val= ? where next_val=?
Hibernate: update hibernate_sequence set next_val= ? where next_val=?
21:20:56.577 [main] DEBUG o.h.e.i.AbstractSaveEventListener - Generated identifier: 73, using strategy: org.hibernate.id.enhanced.SequenceStyleGenerator
21:20:56.577 [main] DEBUG o.h.e.t.internal.TransactionImpl - committing
21:20:56.577 [main] DEBUG o.h.e.i.AbstractFlushingEventListener - Processing flush-time cascades
21:20:56.577 [main] DEBUG o.h.e.i.AbstractFlushingEventListener - Dirty checking collections
21:20:56.578 [main] DEBUG o.h.e.i.AbstractFlushingEventListener - Flushed: 1 insertions, 0 updates, 0 deletions to 1 objects
21:20:56.578 [main] DEBUG o.h.e.i.AbstractFlushingEventListener - Flushed: 0 (re)creations, 0 updates, 0 removals to 0 collections
21:20:56.578 [main] DEBUG o.h.internal.util.EntityPrinter - Listing entities:
21:20:56.578 [main] DEBUG o.h.internal.util.EntityPrinter - edu.ncsu.csc.itrust2.models.persistent.LogEntry{secondaryUser=null, logCode=5, primaryUser=logapitest, id=73, time=java.util.GregorianCalendar[time=1521667256571,areFieldsSet=true,areAllFieldsSet=true,lenient=true,zone=sun.util.calendar.ZoneInfo[id="Etc/UTC",offset=0,dstSavings=0,useDaylight=false,transitions=0,lastRule=null],firstDayOfWeek=1,minimalDaysInFirstWeek=1,ERA=1,YEAR=2018,MONTH=2,WEEK_OF_YEAR=12,WEEK_OF_MONTH=4,DAY_OF_MONTH=21,DAY_OF_YEAR=80,DAY_OF_WEEK=4,DAY_OF_WEEK_IN_MONTH=3,AM_PM=1,HOUR=9,HOUR_OF_DAY=21,MINUTE=20,SECOND=56,MILLISECOND=571,ZONE_OFFSET=0,DST_OFFSET=0], message=null}
21:20:56.579 [main] DEBUG org.hibernate.SQL - insert into LogEntries (logCode, message, primaryUser, secondaryUser, time, id) values (?, ?, ?, ?, ?, ?)
Hibernate: insert into LogEntries (logCode, message, primaryUser, secondaryUser, time, id) values (?, ?, ?, ?, ?, ?)
21:20:56.589 [main] DEBUG o.h.e.j.internal.JdbcCoordinatorImpl - HHH000420: Closing un-released batch
21:20:56.589 [main] DEBUG o.h.e.t.internal.TransactionImpl - begin
21:20:56.590 [main] DEBUG org.hibernate.SQL - select next_val as id_val from hibernate_sequence for update
Hibernate: select next_val as id_val from hibernate_sequence for update
21:20:56.591 [main] DEBUG org.hibernate.SQL - update hibernate_sequence set next_val= ? where next_val=?
Hibernate: update hibernate_sequence set next_val= ? where next_val=?
21:20:56.593 [main] DEBUG o.h.e.i.AbstractSaveEventListener - Generated identifier: 74, using strategy: org.hibernate.id.enhanced.SequenceStyleGenerator
21:20:56.594 [main] DEBUG o.h.e.t.internal.TransactionImpl - committing
21:20:56.594 [main] DEBUG o.h.e.i.AbstractFlushingEventListener - Processing flush-time cascades
21:20:56.594 [main] DEBUG o.h.e.i.AbstractFlushingEventListener - Dirty checking collections
21:20:56.595 [main] DEBUG o.h.e.i.AbstractFlushingEventListener - Flushed: 1 insertions, 0 updates, 0 deletions to 1 objects
21:20:56.595 [main] DEBUG o.h.e.i.AbstractFlushingEventListener - Flushed: 0 (re)creations, 0 updates, 0 removals to 0 collections
21:20:56.595 [main] DEBUG o.h.internal.util.EntityPrinter - Listing entities:
21:20:56.595 [main] DEBUG o.h.internal.util.EntityPrinter - edu.ncsu.csc.itrust2.models.persistent.LogEntry{secondaryUser=null, logCode=5, primaryUser=logapitest, id=74, time=java.util.GregorianCalendar[time=1521667256589,areFieldsSet=true,areAllFieldsSet=true,lenient=true,zone=sun.util.calendar.ZoneInfo[id="Etc/UTC",offset=0,dstSavings=0,useDaylight=false,transitions=0,lastRule=null],firstDayOfWeek=1,minimalDaysInFirstWeek=1,ERA=1,YEAR=2018,MONTH=2,WEEK_OF_YEAR=12,WEEK_OF_MONTH=4,DAY_OF_MONTH=21,DAY_OF_YEAR=80,DAY_OF_WEEK=4,DAY_OF_WEEK_IN_MONTH=3,AM_PM=1,HOUR=9,HOUR_OF_DAY=21,MINUTE=20,SECOND=56,MILLISECOND=589,ZONE_OFFSET=0,DST_OFFSET=0], message=null}
21:20:56.597 [main] DEBUG org.hibernate.SQL - insert into LogEntries (logCode, message, primaryUser, secondaryUser, time, id) values (?, ?, ?, ?, ?, ?)
Hibernate: insert into LogEntries (logCode, message, primaryUser, secondaryUser, time, id) values (?, ?, ?, ?, ?, ?)
21:20:56.601 [main] DEBUG o.h.e.j.internal.JdbcCoordinatorImpl - HHH000420: Closing un-released batch
21:20:56.602 [main] DEBUG o.h.e.t.internal.TransactionImpl - begin
21:20:56.605 [main] DEBUG org.hibernate.SQL - select next_val as id_val from hibernate_sequence for update
Hibernate: select next_val as id_val from hibernate_sequence for update
21:20:56.606 [main] DEBUG org.hibernate.SQL - update hibernate_sequence set next_val= ? where next_val=?
Hibernate: update hibernate_sequence set next_val= ? where next_val=?
21:20:56.609 [main] DEBUG o.h.e.i.AbstractSaveEventListener - Generated identifier: 75, using strategy: org.hibernate.id.enhanced.SequenceStyleGenerator
21:20:56.616 [main] DEBUG o.h.e.t.internal.TransactionImpl - committing
21:20:56.617 [main] DEBUG o.h.e.i.AbstractFlushingEventListener - Processing flush-time cascades
21:20:56.617 [main] DEBUG o.h.e.i.AbstractFlushingEventListener - Dirty checking collections
21:20:56.617 [main] DEBUG o.h.e.i.AbstractFlushingEventListener - Flushed: 1 insertions, 0 updates, 0 deletions to 1 objects
21:20:56.618 [main] DEBUG o.h.e.i.AbstractFlushingEventListener - Flushed: 0 (re)creations, 0 updates, 0 removals to 0 collections
21:20:56.618 [main] DEBUG o.h.internal.util.EntityPrinter - Listing entities:
21:20:56.618 [main] DEBUG o.h.internal.util.EntityPrinter - edu.ncsu.csc.itrust2.models.persistent.LogEntry{secondaryUser=null, logCode=5, primaryUser=logapitest, id=75, time=java.util.GregorianCalendar[time=1521667256602,areFieldsSet=true,areAllFieldsSet=true,lenient=true,zone=sun.util.calendar.ZoneInfo[id="Etc/UTC",offset=0,dstSavings=0,useDaylight=false,transitions=0,lastRule=null],firstDayOfWeek=1,minimalDaysInFirstWeek=1,ERA=1,YEAR=2018,MONTH=2,WEEK_OF_YEAR=12,WEEK_OF_MONTH=4,DAY_OF_MONTH=21,DAY_OF_YEAR=80,DAY_OF_WEEK=4,DAY_OF_WEEK_IN_MONTH=3,AM_PM=1,HOUR=9,HOUR_OF_DAY=21,MINUTE=20,SECOND=56,MILLISECOND=602,ZONE_OFFSET=0,DST_OFFSET=0], message=null}
21:20:56.625 [main] DEBUG org.hibernate.SQL - insert into LogEntries (logCode, message, primaryUser, secondaryUser, time, id) values (?, ?, ?, ?, ?, ?)
Hibernate: insert into LogEntries (logCode, message, primaryUser, secondaryUser, time, id) values (?, ?, ?, ?, ?, ?)
21:20:56.630 [main] DEBUG o.h.e.j.internal.JdbcCoordinatorImpl - HHH000420: Closing un-released batch
21:20:56.630 [main] DEBUG o.h.e.t.internal.TransactionImpl - begin
21:20:56.641 [main] DEBUG org.hibernate.SQL - select next_val as id_val from hibernate_sequence for update
Hibernate: select next_val as id_val from hibernate_sequence for update
21:20:56.641 [main] DEBUG org.hibernate.SQL - update hibernate_sequence set next_val= ? where next_val=?
Hibernate: update hibernate_sequence set next_val= ? where next_val=?
21:20:56.643 [main] DEBUG o.h.e.i.AbstractSaveEventListener - Generated identifier: 76, using strategy: org.hibernate.id.enhanced.SequenceStyleGenerator
21:20:56.643 [main] DEBUG o.h.e.t.internal.TransactionImpl - committing
21:20:56.643 [main] DEBUG o.h.e.i.AbstractFlushingEventListener - Processing flush-time cascades
21:20:56.643 [main] DEBUG o.h.e.i.AbstractFlushingEventListener - Dirty checking collections
21:20:56.643 [main] DEBUG o.h.e.i.AbstractFlushingEventListener - Flushed: 1 insertions, 0 updates, 0 deletions to 1 objects
21:20:56.644 [main] DEBUG o.h.e.i.AbstractFlushingEventListener - Flushed: 0 (re)creations, 0 updates, 0 removals to 0 collections
21:20:56.644 [main] DEBUG o.h.internal.util.EntityPrinter - Listing entities:
21:20:56.644 [main] DEBUG o.h.internal.util.EntityPrinter - edu.ncsu.csc.itrust2.models.persistent.LogEntry{secondaryUser=null, logCode=5, primaryUser=logapitest, id=76, time=java.util.GregorianCalendar[time=1521667256630,areFieldsSet=true,areAllFieldsSet=true,lenient=true,zone=sun.util.calendar.ZoneInfo[id="Etc/UTC",offset=0,dstSavings=0,useDaylight=false,transitions=0,lastRule=null],firstDayOfWeek=1,minimalDaysInFirstWeek=1,ERA=1,YEAR=2018,MONTH=2,WEEK_OF_YEAR=12,WEEK_OF_MONTH=4,DAY_OF_MONTH=21,DAY_OF_YEAR=80,DAY_OF_WEEK=4,DAY_OF_WEEK_IN_MONTH=3,AM_PM=1,HOUR=9,HOUR_OF_DAY=21,MINUTE=20,SECOND=56,MILLISECOND=630,ZONE_OFFSET=0,DST_OFFSET=0], message=null}
21:20:56.644 [main] DEBUG org.hibernate.SQL - insert into LogEntries (logCode, message, primaryUser, secondaryUser, time, id) values (?, ?, ?, ?, ?, ?)
Hibernate: insert into LogEntries (logCode, message, primaryUser, secondaryUser, time, id) values (?, ?, ?, ?, ?, ?)
21:20:56.647 [main] DEBUG o.h.e.j.internal.JdbcCoordinatorImpl - HHH000420: Closing un-released batch
21:20:56.648 [main] DEBUG o.h.e.t.internal.TransactionImpl - begin
21:20:56.650 [main] DEBUG org.hibernate.SQL - select next_val as id_val from hibernate_sequence for update
Hibernate: select next_val as id_val from hibernate_sequence for update
21:20:56.650 [main] DEBUG org.hibernate.SQL - update hibernate_sequence set next_val= ? where next_val=?
Hibernate: update hibernate_sequence set next_val= ? where next_val=?
21:20:56.652 [main] DEBUG o.h.e.i.AbstractSaveEventListener - Generated identifier: 77, using strategy: org.hibernate.id.enhanced.SequenceStyleGenerator
21:20:56.653 [main] DEBUG o.h.e.t.internal.TransactionImpl - committing
21:20:56.653 [main] DEBUG o.h.e.i.AbstractFlushingEventListener - Processing flush-time cascades
21:20:56.654 [main] DEBUG o.h.e.i.AbstractFlushingEventListener - Dirty checking collections
21:20:56.654 [main] DEBUG o.h.e.i.AbstractFlushingEventListener - Flushed: 1 insertions, 0 updates, 0 deletions to 1 objects
21:20:56.654 [main] DEBUG o.h.e.i.AbstractFlushingEventListener - Flushed: 0 (re)creations, 0 updates, 0 removals to 0 collections
21:20:56.654 [main] DEBUG o.h.internal.util.EntityPrinter - Listing entities:
21:20:56.654 [main] DEBUG o.h.internal.util.EntityPrinter - edu.ncsu.csc.itrust2.models.persistent.LogEntry{secondaryUser=null, logCode=5, primaryUser=logapitest, id=77, time=java.util.GregorianCalendar[time=1521667256648,areFieldsSet=true,areAllFieldsSet=true,lenient=true,zone=sun.util.calendar.ZoneInfo[id="Etc/UTC",offset=0,dstSavings=0,useDaylight=false,transitions=0,lastRule=null],firstDayOfWeek=1,minimalDaysInFirstWeek=1,ERA=1,YEAR=2018,MONTH=2,WEEK_OF_YEAR=12,WEEK_OF_MONTH=4,DAY_OF_MONTH=21,DAY_OF_YEAR=80,DAY_OF_WEEK=4,DAY_OF_WEEK_IN_MONTH=3,AM_PM=1,HOUR=9,HOUR_OF_DAY=21,MINUTE=20,SECOND=56,MILLISECOND=648,ZONE_OFFSET=0,DST_OFFSET=0], message=null}
21:20:56.657 [main] DEBUG org.hibernate.SQL - insert into LogEntries (logCode, message, primaryUser, secondaryUser, time, id) values (?, ?, ?, ?, ?, ?)
Hibernate: insert into LogEntries (logCode, message, primaryUser, secondaryUser, time, id) values (?, ?, ?, ?, ?, ?)
21:20:56.663 [main] DEBUG o.h.e.j.internal.JdbcCoordinatorImpl - HHH000420: Closing un-released batch
21:20:56.663 [main] DEBUG o.h.e.t.internal.TransactionImpl - begin
21:20:56.670 [main] DEBUG org.hibernate.SQL - select next_val as id_val from hibernate_sequence for update
Hibernate: select next_val as id_val from hibernate_sequence for update
21:20:56.671 [main] DEBUG org.hibernate.SQL - update hibernate_sequence set next_val= ? where next_val=?
Hibernate: update hibernate_sequence set next_val= ? where next_val=?
21:20:56.673 [main] DEBUG o.h.e.i.AbstractSaveEventListener - Generated identifier: 78, using strategy: org.hibernate.id.enhanced.SequenceStyleGenerator
21:20:56.673 [main] DEBUG o.h.e.t.internal.TransactionImpl - committing
21:20:56.673 [main] DEBUG o.h.e.i.AbstractFlushingEventListener - Processing flush-time cascades
21:20:56.673 [main] DEBUG o.h.e.i.AbstractFlushingEventListener - Dirty checking collections
21:20:56.673 [main] DEBUG o.h.e.i.AbstractFlushingEventListener - Flushed: 1 insertions, 0 updates, 0 deletions to 1 objects
21:20:56.673 [main] DEBUG o.h.e.i.AbstractFlushingEventListener - Flushed: 0 (re)creations, 0 updates, 0 removals to 0 collections
21:20:56.673 [main] DEBUG o.h.internal.util.EntityPrinter - Listing entities:
21:20:56.673 [main] DEBUG o.h.internal.util.EntityPrinter - edu.ncsu.csc.itrust2.models.persistent.LogEntry{secondaryUser=null, logCode=5, primaryUser=logapitest, id=78, time=java.util.GregorianCalendar[time=1521667256663,areFieldsSet=true,areAllFieldsSet=true,lenient=true,zone=sun.util.calendar.ZoneInfo[id="Etc/UTC",offset=0,dstSavings=0,useDaylight=false,transitions=0,lastRule=null],firstDayOfWeek=1,minimalDaysInFirstWeek=1,ERA=1,YEAR=2018,MONTH=2,WEEK_OF_YEAR=12,WEEK_OF_MONTH=4,DAY_OF_MONTH=21,DAY_OF_YEAR=80,DAY_OF_WEEK=4,DAY_OF_WEEK_IN_MONTH=3,AM_PM=1,HOUR=9,HOUR_OF_DAY=21,MINUTE=20,SECOND=56,MILLISECOND=663,ZONE_OFFSET=0,DST_OFFSET=0], message=null}
21:20:56.674 [main] DEBUG org.hibernate.SQL - insert into LogEntries (logCode, message, primaryUser, secondaryUser, time, id) values (?, ?, ?, ?, ?, ?)
Hibernate: insert into LogEntries (logCode, message, primaryUser, secondaryUser, time, id) values (?, ?, ?, ?, ?, ?)
21:20:56.679 [main] DEBUG o.h.e.j.internal.JdbcCoordinatorImpl - HHH000420: Closing un-released batch
21:20:56.679 [main] DEBUG o.h.e.t.internal.TransactionImpl - begin
21:20:56.680 [main] DEBUG org.hibernate.SQL - select next_val as id_val from hibernate_sequence for update
Hibernate: select next_val as id_val from hibernate_sequence for update
21:20:56.680 [main] DEBUG org.hibernate.SQL - update hibernate_sequence set next_val= ? where next_val=?
Hibernate: update hibernate_sequence set next_val= ? where next_val=?
21:20:56.682 [main] DEBUG o.h.e.i.AbstractSaveEventListener - Generated identifier: 79, using strategy: org.hibernate.id.enhanced.SequenceStyleGenerator
21:20:56.682 [main] DEBUG o.h.e.t.internal.TransactionImpl - committing
21:20:56.682 [main] DEBUG o.h.e.i.AbstractFlushingEventListener - Processing flush-time cascades
21:20:56.682 [main] DEBUG o.h.e.i.AbstractFlushingEventListener - Dirty checking collections
21:20:56.682 [main] DEBUG o.h.e.i.AbstractFlushingEventListener - Flushed: 1 insertions, 0 updates, 0 deletions to 1 objects
21:20:56.682 [main] DEBUG o.h.e.i.AbstractFlushingEventListener - Flushed: 0 (re)creations, 0 updates, 0 removals to 0 collections
21:20:56.682 [main] DEBUG o.h.internal.util.EntityPrinter - Listing entities:
21:20:56.683 [main] DEBUG o.h.internal.util.EntityPrinter - edu.ncsu.csc.itrust2.models.persistent.LogEntry{secondaryUser=null, logCode=5, primaryUser=logapitest, id=79, time=java.util.GregorianCalendar[time=1521667256679,areFieldsSet=true,areAllFieldsSet=true,lenient=true,zone=sun.util.calendar.ZoneInfo[id="Etc/UTC",offset=0,dstSavings=0,useDaylight=false,transitions=0,lastRule=null],firstDayOfWeek=1,minimalDaysInFirstWeek=1,ERA=1,YEAR=2018,MONTH=2,WEEK_OF_YEAR=12,WEEK_OF_MONTH=4,DAY_OF_MONTH=21,DAY_OF_YEAR=80,DAY_OF_WEEK=4,DAY_OF_WEEK_IN_MONTH=3,AM_PM=1,HOUR=9,HOUR_OF_DAY=21,MINUTE=20,SECOND=56,MILLISECOND=679,ZONE_OFFSET=0,DST_OFFSET=0], message=null}
21:20:56.683 [main] DEBUG org.hibernate.SQL - insert into LogEntries (logCode, message, primaryUser, secondaryUser, time, id) values (?, ?, ?, ?, ?, ?)
Hibernate: insert into LogEntries (logCode, message, primaryUser, secondaryUser, time, id) values (?, ?, ?, ?, ?, ?)
21:20:56.684 [main] DEBUG o.h.e.j.internal.JdbcCoordinatorImpl - HHH000420: Closing un-released batch
21:20:56.685 [main] DEBUG o.h.e.t.internal.TransactionImpl - begin
21:20:56.692 [main] DEBUG org.hibernate.SQL - select next_val as id_val from hibernate_sequence for update
Hibernate: select next_val as id_val from hibernate_sequence for update
21:20:56.693 [main] DEBUG org.hibernate.SQL - update hibernate_sequence set next_val= ? where next_val=?
Hibernate: update hibernate_sequence set next_val= ? where next_val=?
21:20:56.695 [main] DEBUG o.h.e.i.AbstractSaveEventListener - Generated identifier: 80, using strategy: org.hibernate.id.enhanced.SequenceStyleGenerator
21:20:56.695 [main] DEBUG o.h.e.t.internal.TransactionImpl - committing
21:20:56.695 [main] DEBUG o.h.e.i.AbstractFlushingEventListener - Processing flush-time cascades
21:20:56.695 [main] DEBUG o.h.e.i.AbstractFlushingEventListener - Dirty checking collections
21:20:56.695 [main] DEBUG o.h.e.i.AbstractFlushingEventListener - Flushed: 1 insertions, 0 updates, 0 deletions to 1 objects
21:20:56.695 [main] DEBUG o.h.e.i.AbstractFlushingEventListener - Flushed: 0 (re)creations, 0 updates, 0 removals to 0 collections
21:20:56.696 [main] DEBUG o.h.internal.util.EntityPrinter - Listing entities:
21:20:56.696 [main] DEBUG o.h.internal.util.EntityPrinter - edu.ncsu.csc.itrust2.models.persistent.LogEntry{secondaryUser=null, logCode=5, primaryUser=logapitest, id=80, time=java.util.GregorianCalendar[time=1521667256685,areFieldsSet=true,areAllFieldsSet=true,lenient=true,zone=sun.util.calendar.ZoneInfo[id="Etc/UTC",offset=0,dstSavings=0,useDaylight=false,transitions=0,lastRule=null],firstDayOfWeek=1,minimalDaysInFirstWeek=1,ERA=1,YEAR=2018,MONTH=2,WEEK_OF_YEAR=12,WEEK_OF_MONTH=4,DAY_OF_MONTH=21,DAY_OF_YEAR=80,DAY_OF_WEEK=4,DAY_OF_WEEK_IN_MONTH=3,AM_PM=1,HOUR=9,HOUR_OF_DAY=21,MINUTE=20,SECOND=56,MILLISECOND=685,ZONE_OFFSET=0,DST_OFFSET=0], message=null}
21:20:56.696 [main] DEBUG org.hibernate.SQL - insert into LogEntries (logCode, message, primaryUser, secondaryUser, time, id) values (?, ?, ?, ?, ?, ?)
Hibernate: insert into LogEntries (logCode, message, primaryUser, secondaryUser, time, id) values (?, ?, ?, ?, ?, ?)
21:20:56.699 [main] DEBUG o.h.e.j.internal.JdbcCoordinatorImpl - HHH000420: Closing un-released batch
21:20:56.700 [main] DEBUG o.h.e.t.internal.TransactionImpl - begin
21:20:56.701 [main] DEBUG org.hibernate.SQL - select next_val as id_val from hibernate_sequence for update
Hibernate: select next_val as id_val from hibernate_sequence for update
21:20:56.705 [main] DEBUG org.hibernate.SQL - update hibernate_sequence set next_val= ? where next_val=?
Hibernate: update hibernate_sequence set next_val= ? where next_val=?
21:20:56.707 [main] DEBUG o.h.e.i.AbstractSaveEventListener - Generated identifier: 81, using strategy: org.hibernate.id.enhanced.SequenceStyleGenerator
21:20:56.707 [main] DEBUG o.h.e.t.internal.TransactionImpl - committing
21:20:56.707 [main] DEBUG o.h.e.i.AbstractFlushingEventListener - Processing flush-time cascades
21:20:56.707 [main] DEBUG o.h.e.i.AbstractFlushingEventListener - Dirty checking collections
21:20:56.707 [main] DEBUG o.h.e.i.AbstractFlushingEventListener - Flushed: 1 insertions, 0 updates, 0 deletions to 1 objects
21:20:56.707 [main] DEBUG o.h.e.i.AbstractFlushingEventListener - Flushed: 0 (re)creations, 0 updates, 0 removals to 0 collections
21:20:56.707 [main] DEBUG o.h.internal.util.EntityPrinter - Listing entities:
21:20:56.708 [main] DEBUG o.h.internal.util.EntityPrinter - edu.ncsu.csc.itrust2.models.persistent.LogEntry{secondaryUser=null, logCode=5, primaryUser=logapitest, id=81, time=java.util.GregorianCalendar[time=1521667256700,areFieldsSet=true,areAllFieldsSet=true,lenient=true,zone=sun.util.calendar.ZoneInfo[id="Etc/UTC",offset=0,dstSavings=0,useDaylight=false,transitions=0,lastRule=null],firstDayOfWeek=1,minimalDaysInFirstWeek=1,ERA=1,YEAR=2018,MONTH=2,WEEK_OF_YEAR=12,WEEK_OF_MONTH=4,DAY_OF_MONTH=21,DAY_OF_YEAR=80,DAY_OF_WEEK=4,DAY_OF_WEEK_IN_MONTH=3,AM_PM=1,HOUR=9,HOUR_OF_DAY=21,MINUTE=20,SECOND=56,MILLISECOND=700,ZONE_OFFSET=0,DST_OFFSET=0], message=null}
21:20:56.712 [main] DEBUG org.hibernate.SQL - insert into LogEntries (logCode, message, primaryUser, secondaryUser, time, id) values (?, ?, ?, ?, ?, ?)
Hibernate: insert into LogEntries (logCode, message, primaryUser, secondaryUser, time, id) values (?, ?, ?, ?, ?, ?)
21:20:56.716 [main] DEBUG o.h.e.j.internal.JdbcCoordinatorImpl - HHH000420: Closing un-released batch
21:20:56.716 [main] DEBUG o.h.e.t.internal.TransactionImpl - begin
21:20:56.717 [main] DEBUG org.hibernate.SQL - select next_val as id_val from hibernate_sequence for update
Hibernate: select next_val as id_val from hibernate_sequence for update
21:20:56.717 [main] DEBUG org.hibernate.SQL - update hibernate_sequence set next_val= ? where next_val=?
Hibernate: update hibernate_sequence set next_val= ? where next_val=?
21:20:56.718 [main] DEBUG o.h.e.i.AbstractSaveEventListener - Generated identifier: 82, using strategy: org.hibernate.id.enhanced.SequenceStyleGenerator
21:20:56.719 [main] DEBUG o.h.e.t.internal.TransactionImpl - committing
21:20:56.719 [main] DEBUG o.h.e.i.AbstractFlushingEventListener - Processing flush-time cascades
21:20:56.719 [main] DEBUG o.h.e.i.AbstractFlushingEventListener - Dirty checking collections
21:20:56.720 [main] DEBUG o.h.e.i.AbstractFlushingEventListener - Flushed: 1 insertions, 0 updates, 0 deletions to 1 objects
21:20:56.720 [main] DEBUG o.h.e.i.AbstractFlushingEventListener - Flushed: 0 (re)creations, 0 updates, 0 removals to 0 collections
21:20:56.720 [main] DEBUG o.h.internal.util.EntityPrinter - Listing entities:
21:20:56.720 [main] DEBUG o.h.internal.util.EntityPrinter - edu.ncsu.csc.itrust2.models.persistent.LogEntry{secondaryUser=null, logCode=5, primaryUser=logapitest, id=82, time=java.util.GregorianCalendar[time=1521667256716,areFieldsSet=true,areAllFieldsSet=true,lenient=true,zone=sun.util.calendar.ZoneInfo[id="Etc/UTC",offset=0,dstSavings=0,useDaylight=false,transitions=0,lastRule=null],firstDayOfWeek=1,minimalDaysInFirstWeek=1,ERA=1,YEAR=2018,MONTH=2,WEEK_OF_YEAR=12,WEEK_OF_MONTH=4,DAY_OF_MONTH=21,DAY_OF_YEAR=80,DAY_OF_WEEK=4,DAY_OF_WEEK_IN_MONTH=3,AM_PM=1,HOUR=9,HOUR_OF_DAY=21,MINUTE=20,SECOND=56,MILLISECOND=716,ZONE_OFFSET=0,DST_OFFSET=0], message=null}
21:20:56.722 [main] DEBUG org.hibernate.SQL - insert into LogEntries (logCode, message, primaryUser, secondaryUser, time, id) values (?, ?, ?, ?, ?, ?)
Hibernate: insert into LogEntries (logCode, message, primaryUser, secondaryUser, time, id) values (?, ?, ?, ?, ?, ?)
21:20:56.726 [main] DEBUG o.h.e.j.internal.JdbcCoordinatorImpl - HHH000420: Closing un-released batch
21:20:56.728 [main] DEBUG o.h.e.t.internal.TransactionImpl - begin
21:20:56.729 [main] DEBUG org.hibernate.SQL - select next_val as id_val from hibernate_sequence for update
Hibernate: select next_val as id_val from hibernate_sequence for update
21:20:56.730 [main] DEBUG org.hibernate.SQL - update hibernate_sequence set next_val= ? where next_val=?
Hibernate: update hibernate_sequence set next_val= ? where next_val=?
21:20:56.739 [main] DEBUG o.h.e.i.AbstractSaveEventListener - Generated identifier: 83, using strategy: org.hibernate.id.enhanced.SequenceStyleGenerator
21:20:56.739 [main] DEBUG o.h.e.t.internal.TransactionImpl - committing
21:20:56.739 [main] DEBUG o.h.e.i.AbstractFlushingEventListener - Processing flush-time cascades
21:20:56.739 [main] DEBUG o.h.e.i.AbstractFlushingEventListener - Dirty checking collections
21:20:56.740 [main] DEBUG o.h.e.i.AbstractFlushingEventListener - Flushed: 1 insertions, 0 updates, 0 deletions to 1 objects
21:20:56.740 [main] DEBUG o.h.e.i.AbstractFlushingEventListener - Flushed: 0 (re)creations, 0 updates, 0 removals to 0 collections
21:20:56.740 [main] DEBUG o.h.internal.util.EntityPrinter - Listing entities:
21:20:56.740 [main] DEBUG o.h.internal.util.EntityPrinter - edu.ncsu.csc.itrust2.models.persistent.LogEntry{secondaryUser=null, logCode=5, primaryUser=logapitest, id=83, time=java.util.GregorianCalendar[time=1521667256728,areFieldsSet=true,areAllFieldsSet=true,lenient=true,zone=sun.util.calendar.ZoneInfo[id="Etc/UTC",offset=0,dstSavings=0,useDaylight=false,transitions=0,lastRule=null],firstDayOfWeek=1,minimalDaysInFirstWeek=1,ERA=1,YEAR=2018,MONTH=2,WEEK_OF_YEAR=12,WEEK_OF_MONTH=4,DAY_OF_MONTH=21,DAY_OF_YEAR=80,DAY_OF_WEEK=4,DAY_OF_WEEK_IN_MONTH=3,AM_PM=1,HOUR=9,HOUR_OF_DAY=21,MINUTE=20,SECOND=56,MILLISECOND=728,ZONE_OFFSET=0,DST_OFFSET=0], message=null}
21:20:56.740 [main] DEBUG org.hibernate.SQL - insert into LogEntries (logCode, message, primaryUser, secondaryUser, time, id) values (?, ?, ?, ?, ?, ?)
Hibernate: insert into LogEntries (logCode, message, primaryUser, secondaryUser, time, id) values (?, ?, ?, ?, ?, ?)
21:20:56.743 [main] DEBUG o.h.e.j.internal.JdbcCoordinatorImpl - HHH000420: Closing un-released batch
21:20:56.744 [main] DEBUG o.h.e.t.internal.TransactionImpl - begin
21:20:56.744 [main] DEBUG org.hibernate.SQL - select next_val as id_val from hibernate_sequence for update
Hibernate: select next_val as id_val from hibernate_sequence for update
21:20:56.745 [main] DEBUG org.hibernate.SQL - update hibernate_sequence set next_val= ? where next_val=?
Hibernate: update hibernate_sequence set next_val= ? where next_val=?
21:20:56.746 [main] DEBUG o.h.e.i.AbstractSaveEventListener - Generated identifier: 84, using strategy: org.hibernate.id.enhanced.SequenceStyleGenerator
21:20:56.747 [main] DEBUG o.h.e.t.internal.TransactionImpl - committing
21:20:56.747 [main] DEBUG o.h.e.i.AbstractFlushingEventListener - Processing flush-time cascades
21:20:56.748 [main] DEBUG o.h.e.i.AbstractFlushingEventListener - Dirty checking collections
21:20:56.748 [main] DEBUG o.h.e.i.AbstractFlushingEventListener - Flushed: 1 insertions, 0 updates, 0 deletions to 1 objects
21:20:56.748 [main] DEBUG o.h.e.i.AbstractFlushingEventListener - Flushed: 0 (re)creations, 0 updates, 0 removals to 0 collections
21:20:56.748 [main] DEBUG o.h.internal.util.EntityPrinter - Listing entities:
21:20:56.748 [main] DEBUG o.h.internal.util.EntityPrinter - edu.ncsu.csc.itrust2.models.persistent.LogEntry{secondaryUser=null, logCode=5, primaryUser=logapitest, id=84, time=java.util.GregorianCalendar[time=1521667256743,areFieldsSet=true,areAllFieldsSet=true,lenient=true,zone=sun.util.calendar.ZoneInfo[id="Etc/UTC",offset=0,dstSavings=0,useDaylight=false,transitions=0,lastRule=null],firstDayOfWeek=1,minimalDaysInFirstWeek=1,ERA=1,YEAR=2018,MONTH=2,WEEK_OF_YEAR=12,WEEK_OF_MONTH=4,DAY_OF_MONTH=21,DAY_OF_YEAR=80,DAY_OF_WEEK=4,DAY_OF_WEEK_IN_MONTH=3,AM_PM=1,HOUR=9,HOUR_OF_DAY=21,MINUTE=20,SECOND=56,MILLISECOND=743,ZONE_OFFSET=0,DST_OFFSET=0], message=null}
21:20:56.749 [main] DEBUG org.hibernate.SQL - insert into LogEntries (logCode, message, primaryUser, secondaryUser, time, id) values (?, ?, ?, ?, ?, ?)
Hibernate: insert into LogEntries (logCode, message, primaryUser, secondaryUser, time, id) values (?, ?, ?, ?, ?, ?)
21:20:56.757 [main] DEBUG o.h.e.j.internal.JdbcCoordinatorImpl - HHH000420: Closing un-released batch
21:20:56.758 [main] DEBUG o.h.e.t.internal.TransactionImpl - begin
21:20:56.758 [main] DEBUG org.hibernate.SQL - select next_val as id_val from hibernate_sequence for update
Hibernate: select next_val as id_val from hibernate_sequence for update
21:20:56.759 [main] DEBUG org.hibernate.SQL - update hibernate_sequence set next_val= ? where next_val=?
Hibernate: update hibernate_sequence set next_val= ? where next_val=?
21:20:56.760 [main] DEBUG o.h.e.i.AbstractSaveEventListener - Generated identifier: 85, using strategy: org.hibernate.id.enhanced.SequenceStyleGenerator
21:20:56.761 [main] DEBUG o.h.e.t.internal.TransactionImpl - committing
21:20:56.761 [main] DEBUG o.h.e.i.AbstractFlushingEventListener - Processing flush-time cascades
21:20:56.761 [main] DEBUG o.h.e.i.AbstractFlushingEventListener - Dirty checking collections
21:20:56.761 [main] DEBUG o.h.e.i.AbstractFlushingEventListener - Flushed: 1 insertions, 0 updates, 0 deletions to 1 objects
21:20:56.761 [main] DEBUG o.h.e.i.AbstractFlushingEventListener - Flushed: 0 (re)creations, 0 updates, 0 removals to 0 collections
21:20:56.761 [main] DEBUG o.h.internal.util.EntityPrinter - Listing entities:
21:20:56.761 [main] DEBUG o.h.internal.util.EntityPrinter - edu.ncsu.csc.itrust2.models.persistent.LogEntry{secondaryUser=null, logCode=5, primaryUser=logapitest, id=85, time=java.util.GregorianCalendar[time=1521667256758,areFieldsSet=true,areAllFieldsSet=true,lenient=true,zone=sun.util.calendar.ZoneInfo[id="Etc/UTC",offset=0,dstSavings=0,useDaylight=false,transitions=0,lastRule=null],firstDayOfWeek=1,minimalDaysInFirstWeek=1,ERA=1,YEAR=2018,MONTH=2,WEEK_OF_YEAR=12,WEEK_OF_MONTH=4,DAY_OF_MONTH=21,DAY_OF_YEAR=80,DAY_OF_WEEK=4,DAY_OF_WEEK_IN_MONTH=3,AM_PM=1,HOUR=9,HOUR_OF_DAY=21,MINUTE=20,SECOND=56,MILLISECOND=758,ZONE_OFFSET=0,DST_OFFSET=0], message=null}
21:20:56.764 [main] DEBUG org.hibernate.SQL - insert into LogEntries (logCode, message, primaryUser, secondaryUser, time, id) values (?, ?, ?, ?, ?, ?)
Hibernate: insert into LogEntries (logCode, message, primaryUser, secondaryUser, time, id) values (?, ?, ?, ?, ?, ?)
21:20:56.766 [main] DEBUG o.h.e.j.internal.JdbcCoordinatorImpl - HHH000420: Closing un-released batch
21:20:56.766 [main] DEBUG o.h.e.t.internal.TransactionImpl - begin
21:20:56.767 [main] DEBUG org.hibernate.SQL - select next_val as id_val from hibernate_sequence for update
Hibernate: select next_val as id_val from hibernate_sequence for update
21:20:56.767 [main] DEBUG org.hibernate.SQL - update hibernate_sequence set next_val= ? where next_val=?
Hibernate: update hibernate_sequence set next_val= ? where next_val=?
21:20:56.768 [main] DEBUG o.h.e.i.AbstractSaveEventListener - Generated identifier: 86, using strategy: org.hibernate.id.enhanced.SequenceStyleGenerator
21:20:56.769 [main] DEBUG o.h.e.t.internal.TransactionImpl - committing
21:20:56.769 [main] DEBUG o.h.e.i.AbstractFlushingEventListener - Processing flush-time cascades
21:20:56.769 [main] DEBUG o.h.e.i.AbstractFlushingEventListener - Dirty checking collections
21:20:56.769 [main] DEBUG o.h.e.i.AbstractFlushingEventListener - Flushed: 1 insertions, 0 updates, 0 deletions to 1 objects
21:20:56.769 [main] DEBUG o.h.e.i.AbstractFlushingEventListener - Flushed: 0 (re)creations, 0 updates, 0 removals to 0 collections
21:20:56.769 [main] DEBUG o.h.internal.util.EntityPrinter - Listing entities:
21:20:56.769 [main] DEBUG o.h.internal.util.EntityPrinter - edu.ncsu.csc.itrust2.models.persistent.LogEntry{secondaryUser=null, logCode=5, primaryUser=logapitest, id=86, time=java.util.GregorianCalendar[time=1521667256766,areFieldsSet=true,areAllFieldsSet=true,lenient=true,zone=sun.util.calendar.ZoneInfo[id="Etc/UTC",offset=0,dstSavings=0,useDaylight=false,transitions=0,lastRule=null],firstDayOfWeek=1,minimalDaysInFirstWeek=1,ERA=1,YEAR=2018,MONTH=2,WEEK_OF_YEAR=12,WEEK_OF_MONTH=4,DAY_OF_MONTH=21,DAY_OF_YEAR=80,DAY_OF_WEEK=4,DAY_OF_WEEK_IN_MONTH=3,AM_PM=1,HOUR=9,HOUR_OF_DAY=21,MINUTE=20,SECOND=56,MILLISECOND=766,ZONE_OFFSET=0,DST_OFFSET=0], message=null}
21:20:56.770 [main] DEBUG org.hibernate.SQL - insert into LogEntries (logCode, message, primaryUser, secondaryUser, time, id) values (?, ?, ?, ?, ?, ?)
Hibernate: insert into LogEntries (logCode, message, primaryUser, secondaryUser, time, id) values (?, ?, ?, ?, ?, ?)
21:20:56.774 [main] DEBUG o.h.e.j.internal.JdbcCoordinatorImpl - HHH000420: Closing un-released batch
21:20:56.775 [main] DEBUG o.h.e.t.internal.TransactionImpl - begin
21:20:56.775 [main] DEBUG org.hibernate.SQL - select next_val as id_val from hibernate_sequence for update
Hibernate: select next_val as id_val from hibernate_sequence for update
21:20:56.778 [main] DEBUG org.hibernate.SQL - update hibernate_sequence set next_val= ? where next_val=?
Hibernate: update hibernate_sequence set next_val= ? where next_val=?
21:20:56.780 [main] DEBUG o.h.e.i.AbstractSaveEventListener - Generated identifier: 87, using strategy: org.hibernate.id.enhanced.SequenceStyleGenerator
21:20:56.781 [main] DEBUG o.h.e.t.internal.TransactionImpl - committing
21:20:56.781 [main] DEBUG o.h.e.i.AbstractFlushingEventListener - Processing flush-time cascades
21:20:56.781 [main] DEBUG o.h.e.i.AbstractFlushingEventListener - Dirty checking collections
21:20:56.782 [main] DEBUG o.h.e.i.AbstractFlushingEventListener - Flushed: 1 insertions, 0 updates, 0 deletions to 1 objects
21:20:56.783 [main] DEBUG o.h.e.i.AbstractFlushingEventListener - Flushed: 0 (re)creations, 0 updates, 0 removals to 0 collections
21:20:56.783 [main] DEBUG o.h.internal.util.EntityPrinter - Listing entities:
21:20:56.783 [main] DEBUG o.h.internal.util.EntityPrinter - edu.ncsu.csc.itrust2.models.persistent.LogEntry{secondaryUser=null, logCode=5, primaryUser=logapitest, id=87, time=java.util.GregorianCalendar[time=1521667256774,areFieldsSet=true,areAllFieldsSet=true,lenient=true,zone=sun.util.calendar.ZoneInfo[id="Etc/UTC",offset=0,dstSavings=0,useDaylight=false,transitions=0,lastRule=null],firstDayOfWeek=1,minimalDaysInFirstWeek=1,ERA=1,YEAR=2018,MONTH=2,WEEK_OF_YEAR=12,WEEK_OF_MONTH=4,DAY_OF_MONTH=21,DAY_OF_YEAR=80,DAY_OF_WEEK=4,DAY_OF_WEEK_IN_MONTH=3,AM_PM=1,HOUR=9,HOUR_OF_DAY=21,MINUTE=20,SECOND=56,MILLISECOND=774,ZONE_OFFSET=0,DST_OFFSET=0], message=null}
21:20:56.784 [main] DEBUG org.hibernate.SQL - insert into LogEntries (logCode, message, primaryUser, secondaryUser, time, id) values (?, ?, ?, ?, ?, ?)
Hibernate: insert into LogEntries (logCode, message, primaryUser, secondaryUser, time, id) values (?, ?, ?, ?, ?, ?)
21:20:56.786 [main] DEBUG o.h.e.j.internal.JdbcCoordinatorImpl - HHH000420: Closing un-released batch
21:20:56.787 [main] DEBUG o.h.e.t.internal.TransactionImpl - begin
21:20:56.792 [main] DEBUG org.hibernate.SQL - select next_val as id_val from hibernate_sequence for update
Hibernate: select next_val as id_val from hibernate_sequence for update
21:20:56.793 [main] DEBUG org.hibernate.SQL - update hibernate_sequence set next_val= ? where next_val=?
Hibernate: update hibernate_sequence set next_val= ? where next_val=?
21:20:56.794 [main] DEBUG o.h.e.i.AbstractSaveEventListener - Generated identifier: 88, using strategy: org.hibernate.id.enhanced.SequenceStyleGenerator
21:20:56.795 [main] DEBUG o.h.e.t.internal.TransactionImpl - committing
21:20:56.795 [main] DEBUG o.h.e.i.AbstractFlushingEventListener - Processing flush-time cascades
21:20:56.795 [main] DEBUG o.h.e.i.AbstractFlushingEventListener - Dirty checking collections
21:20:56.795 [main] DEBUG o.h.e.i.AbstractFlushingEventListener - Flushed: 1 insertions, 0 updates, 0 deletions to 1 objects
21:20:56.796 [main] DEBUG o.h.e.i.AbstractFlushingEventListener - Flushed: 0 (re)creations, 0 updates, 0 removals to 0 collections
21:20:56.797 [main] DEBUG o.h.internal.util.EntityPrinter - Listing entities:
21:20:56.797 [main] DEBUG o.h.internal.util.EntityPrinter - edu.ncsu.csc.itrust2.models.persistent.LogEntry{secondaryUser=null, logCode=5, primaryUser=logapitest, id=88, time=java.util.GregorianCalendar[time=1521667256787,areFieldsSet=true,areAllFieldsSet=true,lenient=true,zone=sun.util.calendar.ZoneInfo[id="Etc/UTC",offset=0,dstSavings=0,useDaylight=false,transitions=0,lastRule=null],firstDayOfWeek=1,minimalDaysInFirstWeek=1,ERA=1,YEAR=2018,MONTH=2,WEEK_OF_YEAR=12,WEEK_OF_MONTH=4,DAY_OF_MONTH=21,DAY_OF_YEAR=80,DAY_OF_WEEK=4,DAY_OF_WEEK_IN_MONTH=3,AM_PM=1,HOUR=9,HOUR_OF_DAY=21,MINUTE=20,SECOND=56,MILLISECOND=787,ZONE_OFFSET=0,DST_OFFSET=0], message=null}
21:20:56.798 [main] DEBUG org.hibernate.SQL - insert into LogEntries (logCode, message, primaryUser, secondaryUser, time, id) values (?, ?, ?, ?, ?, ?)
Hibernate: insert into LogEntries (logCode, message, primaryUser, secondaryUser, time, id) values (?, ?, ?, ?, ?, ?)
21:20:56.810 [main] DEBUG o.h.e.j.internal.JdbcCoordinatorImpl - HHH000420: Closing un-released batch
21:20:56.811 [main] DEBUG o.h.e.t.internal.TransactionImpl - begin
21:20:56.812 [main] DEBUG org.hibernate.SQL - select next_val as id_val from hibernate_sequence for update
Hibernate: select next_val as id_val from hibernate_sequence for update
21:20:56.812 [main] DEBUG org.hibernate.SQL - update hibernate_sequence set next_val= ? where next_val=?
Hibernate: update hibernate_sequence set next_val= ? where next_val=?
21:20:56.815 [main] DEBUG o.h.e.i.AbstractSaveEventListener - Generated identifier: 89, using strategy: org.hibernate.id.enhanced.SequenceStyleGenerator
21:20:56.815 [main] DEBUG o.h.e.t.internal.TransactionImpl - committing
21:20:56.815 [main] DEBUG o.h.e.i.AbstractFlushingEventListener - Processing flush-time cascades
21:20:56.815 [main] DEBUG o.h.e.i.AbstractFlushingEventListener - Dirty checking collections
21:20:56.815 [main] DEBUG o.h.e.i.AbstractFlushingEventListener - Flushed: 1 insertions, 0 updates, 0 deletions to 1 objects
21:20:56.816 [main] DEBUG o.h.e.i.AbstractFlushingEventListener - Flushed: 0 (re)creations, 0 updates, 0 removals to 0 collections
21:20:56.816 [main] DEBUG o.h.internal.util.EntityPrinter - Listing entities:
21:20:56.816 [main] DEBUG o.h.internal.util.EntityPrinter - edu.ncsu.csc.itrust2.models.persistent.LogEntry{secondaryUser=null, logCode=5, primaryUser=logapitest, id=89, time=java.util.GregorianCalendar[time=1521667256811,areFieldsSet=true,areAllFieldsSet=true,lenient=true,zone=sun.util.calendar.ZoneInfo[id="Etc/UTC",offset=0,dstSavings=0,useDaylight=false,transitions=0,lastRule=null],firstDayOfWeek=1,minimalDaysInFirstWeek=1,ERA=1,YEAR=2018,MONTH=2,WEEK_OF_YEAR=12,WEEK_OF_MONTH=4,DAY_OF_MONTH=21,DAY_OF_YEAR=80,DAY_OF_WEEK=4,DAY_OF_WEEK_IN_MONTH=3,AM_PM=1,HOUR=9,HOUR_OF_DAY=21,MINUTE=20,SECOND=56,MILLISECOND=811,ZONE_OFFSET=0,DST_OFFSET=0], message=null}
21:20:56.816 [main] DEBUG org.hibernate.SQL - insert into LogEntries (logCode, message, primaryUser, secondaryUser, time, id) values (?, ?, ?, ?, ?, ?)
Hibernate: insert into LogEntries (logCode, message, primaryUser, secondaryUser, time, id) values (?, ?, ?, ?, ?, ?)
21:20:56.818 [main] DEBUG o.h.e.j.internal.JdbcCoordinatorImpl - HHH000420: Closing un-released batch
21:20:56.818 [main] DEBUG o.h.e.t.internal.TransactionImpl - begin
21:20:56.825 [main] DEBUG org.hibernate.SQL - select next_val as id_val from hibernate_sequence for update
Hibernate: select next_val as id_val from hibernate_sequence for update
21:20:56.827 [main] DEBUG org.hibernate.SQL - update hibernate_sequence set next_val= ? where next_val=?
Hibernate: update hibernate_sequence set next_val= ? where next_val=?
21:20:56.828 [main] DEBUG o.h.e.i.AbstractSaveEventListener - Generated identifier: 90, using strategy: org.hibernate.id.enhanced.SequenceStyleGenerator
21:20:56.828 [main] DEBUG o.h.e.t.internal.TransactionImpl - committing
21:20:56.828 [main] DEBUG o.h.e.i.AbstractFlushingEventListener - Processing flush-time cascades
21:20:56.829 [main] DEBUG o.h.e.i.AbstractFlushingEventListener - Dirty checking collections
21:20:56.829 [main] DEBUG o.h.e.i.AbstractFlushingEventListener - Flushed: 1 insertions, 0 updates, 0 deletions to 1 objects
21:20:56.829 [main] DEBUG o.h.e.i.AbstractFlushingEventListener - Flushed: 0 (re)creations, 0 updates, 0 removals to 0 collections
21:20:56.829 [main] DEBUG o.h.internal.util.EntityPrinter - Listing entities:
21:20:56.829 [main] DEBUG o.h.internal.util.EntityPrinter - edu.ncsu.csc.itrust2.models.persistent.LogEntry{secondaryUser=null, logCode=5, primaryUser=logapitest, id=90, time=java.util.GregorianCalendar[time=1521667256818,areFieldsSet=true,areAllFieldsSet=true,lenient=true,zone=sun.util.calendar.ZoneInfo[id="Etc/UTC",offset=0,dstSavings=0,useDaylight=false,transitions=0,lastRule=null],firstDayOfWeek=1,minimalDaysInFirstWeek=1,ERA=1,YEAR=2018,MONTH=2,WEEK_OF_YEAR=12,WEEK_OF_MONTH=4,DAY_OF_MONTH=21,DAY_OF_YEAR=80,DAY_OF_WEEK=4,DAY_OF_WEEK_IN_MONTH=3,AM_PM=1,HOUR=9,HOUR_OF_DAY=21,MINUTE=20,SECOND=56,MILLISECOND=818,ZONE_OFFSET=0,DST_OFFSET=0], message=null}
21:20:56.830 [main] DEBUG org.hibernate.SQL - insert into LogEntries (logCode, message, primaryUser, secondaryUser, time, id) values (?, ?, ?, ?, ?, ?)
Hibernate: insert into LogEntries (logCode, message, primaryUser, secondaryUser, time, id) values (?, ?, ?, ?, ?, ?)
21:20:56.835 [main] DEBUG o.h.e.j.internal.JdbcCoordinatorImpl - HHH000420: Closing un-released batch
21:20:56.836 [main] DEBUG o.h.e.t.internal.TransactionImpl - begin
21:20:56.836 [main] DEBUG org.hibernate.SQL - select next_val as id_val from hibernate_sequence for update
Hibernate: select next_val as id_val from hibernate_sequence for update
21:20:56.837 [main] DEBUG org.hibernate.SQL - update hibernate_sequence set next_val= ? where next_val=?
Hibernate: update hibernate_sequence set next_val= ? where next_val=?
21:20:56.838 [main] DEBUG o.h.e.i.AbstractSaveEventListener - Generated identifier: 91, using strategy: org.hibernate.id.enhanced.SequenceStyleGenerator
21:20:56.839 [main] DEBUG o.h.e.t.internal.TransactionImpl - committing
21:20:56.839 [main] DEBUG o.h.e.i.AbstractFlushingEventListener - Processing flush-time cascades
21:20:56.839 [main] DEBUG o.h.e.i.AbstractFlushingEventListener - Dirty checking collections
21:20:56.839 [main] DEBUG o.h.e.i.AbstractFlushingEventListener - Flushed: 1 insertions, 0 updates, 0 deletions to 1 objects
21:20:56.839 [main] DEBUG o.h.e.i.AbstractFlushingEventListener - Flushed: 0 (re)creations, 0 updates, 0 removals to 0 collections
21:20:56.839 [main] DEBUG o.h.internal.util.EntityPrinter - Listing entities:
21:20:56.839 [main] DEBUG o.h.internal.util.EntityPrinter - edu.ncsu.csc.itrust2.models.persistent.LogEntry{secondaryUser=null, logCode=5, primaryUser=logapitest, id=91, time=java.util.GregorianCalendar[time=1521667256836,areFieldsSet=true,areAllFieldsSet=true,lenient=true,zone=sun.util.calendar.ZoneInfo[id="Etc/UTC",offset=0,dstSavings=0,useDaylight=false,transitions=0,lastRule=null],firstDayOfWeek=1,minimalDaysInFirstWeek=1,ERA=1,YEAR=2018,MONTH=2,WEEK_OF_YEAR=12,WEEK_OF_MONTH=4,DAY_OF_MONTH=21,DAY_OF_YEAR=80,DAY_OF_WEEK=4,DAY_OF_WEEK_IN_MONTH=3,AM_PM=1,HOUR=9,HOUR_OF_DAY=21,MINUTE=20,SECOND=56,MILLISECOND=836,ZONE_OFFSET=0,DST_OFFSET=0], message=null}
21:20:56.840 [main] DEBUG org.hibernate.SQL - insert into LogEntries (logCode, message, primaryUser, secondaryUser, time, id) values (?, ?, ?, ?, ?, ?)
Hibernate: insert into LogEntries (logCode, message, primaryUser, secondaryUser, time, id) values (?, ?, ?, ?, ?, ?)
21:20:56.841 [main] DEBUG o.h.e.j.internal.JdbcCoordinatorImpl - HHH000420: Closing un-released batch
21:20:56.841 [main] DEBUG o.h.e.t.internal.TransactionImpl - begin
21:20:56.848 [main] DEBUG org.hibernate.SQL - select next_val as id_val from hibernate_sequence for update
Hibernate: select next_val as id_val from hibernate_sequence for update
21:20:56.849 [main] DEBUG org.hibernate.SQL - update hibernate_sequence set next_val= ? where next_val=?
Hibernate: update hibernate_sequence set next_val= ? where next_val=?
21:20:56.850 [main] DEBUG o.h.e.i.AbstractSaveEventListener - Generated identifier: 92, using strategy: org.hibernate.id.enhanced.SequenceStyleGenerator
21:20:56.851 [main] DEBUG o.h.e.t.internal.TransactionImpl - committing
21:20:56.851 [main] DEBUG o.h.e.i.AbstractFlushingEventListener - Processing flush-time cascades
21:20:56.851 [main] DEBUG o.h.e.i.AbstractFlushingEventListener - Dirty checking collections
21:20:56.851 [main] DEBUG o.h.e.i.AbstractFlushingEventListener - Flushed: 1 insertions, 0 updates, 0 deletions to 1 objects
21:20:56.851 [main] DEBUG o.h.e.i.AbstractFlushingEventListener - Flushed: 0 (re)creations, 0 updates, 0 removals to 0 collections
21:20:56.851 [main] DEBUG o.h.internal.util.EntityPrinter - Listing entities:
21:20:56.851 [main] DEBUG o.h.internal.util.EntityPrinter - edu.ncsu.csc.itrust2.models.persistent.LogEntry{secondaryUser=null, logCode=5, primaryUser=logapitest, id=92, time=java.util.GregorianCalendar[time=1521667256841,areFieldsSet=true,areAllFieldsSet=true,lenient=true,zone=sun.util.calendar.ZoneInfo[id="Etc/UTC",offset=0,dstSavings=0,useDaylight=false,transitions=0,lastRule=null],firstDayOfWeek=1,minimalDaysInFirstWeek=1,ERA=1,YEAR=2018,MONTH=2,WEEK_OF_YEAR=12,WEEK_OF_MONTH=4,DAY_OF_MONTH=21,DAY_OF_YEAR=80,DAY_OF_WEEK=4,DAY_OF_WEEK_IN_MONTH=3,AM_PM=1,HOUR=9,HOUR_OF_DAY=21,MINUTE=20,SECOND=56,MILLISECOND=841,ZONE_OFFSET=0,DST_OFFSET=0], message=null}
21:20:56.852 [main] DEBUG org.hibernate.SQL - insert into LogEntries (logCode, message, primaryUser, secondaryUser, time, id) values (?, ?, ?, ?, ?, ?)
Hibernate: insert into LogEntries (logCode, message, primaryUser, secondaryUser, time, id) values (?, ?, ?, ?, ?, ?)
21:20:56.859 [main] DEBUG o.h.e.j.internal.JdbcCoordinatorImpl - HHH000420: Closing un-released batch
21:20:56.860 [main] DEBUG o.h.e.t.internal.TransactionImpl - begin
21:20:56.860 [main] DEBUG org.hibernate.SQL - select next_val as id_val from hibernate_sequence for update
Hibernate: select next_val as id_val from hibernate_sequence for update
21:20:56.861 [main] DEBUG org.hibernate.SQL - update hibernate_sequence set next_val= ? where next_val=?
Hibernate: update hibernate_sequence set next_val= ? where next_val=?
21:20:56.862 [main] DEBUG o.h.e.i.AbstractSaveEventListener - Generated identifier: 93, using strategy: org.hibernate.id.enhanced.SequenceStyleGenerator
21:20:56.862 [main] DEBUG o.h.e.t.internal.TransactionImpl - committing
21:20:56.862 [main] DEBUG o.h.e.i.AbstractFlushingEventListener - Processing flush-time cascades
21:20:56.862 [main] DEBUG o.h.e.i.AbstractFlushingEventListener - Dirty checking collections
21:20:56.862 [main] DEBUG o.h.e.i.AbstractFlushingEventListener - Flushed: 1 insertions, 0 updates, 0 deletions to 1 objects
21:20:56.863 [main] DEBUG o.h.e.i.AbstractFlushingEventListener - Flushed: 0 (re)creations, 0 updates, 0 removals to 0 collections
21:20:56.863 [main] DEBUG o.h.internal.util.EntityPrinter - Listing entities:
21:20:56.863 [main] DEBUG o.h.internal.util.EntityPrinter - edu.ncsu.csc.itrust2.models.persistent.LogEntry{secondaryUser=null, logCode=5, primaryUser=logapitest, id=93, time=java.util.GregorianCalendar[time=1521667256860,areFieldsSet=true,areAllFieldsSet=true,lenient=true,zone=sun.util.calendar.ZoneInfo[id="Etc/UTC",offset=0,dstSavings=0,useDaylight=false,transitions=0,lastRule=null],firstDayOfWeek=1,minimalDaysInFirstWeek=1,ERA=1,YEAR=2018,MONTH=2,WEEK_OF_YEAR=12,WEEK_OF_MONTH=4,DAY_OF_MONTH=21,DAY_OF_YEAR=80,DAY_OF_WEEK=4,DAY_OF_WEEK_IN_MONTH=3,AM_PM=1,HOUR=9,HOUR_OF_DAY=21,MINUTE=20,SECOND=56,MILLISECOND=860,ZONE_OFFSET=0,DST_OFFSET=0], message=null}
21:20:56.863 [main] DEBUG org.hibernate.SQL - insert into LogEntries (logCode, message, primaryUser, secondaryUser, time, id) values (?, ?, ?, ?, ?, ?)
Hibernate: insert into LogEntries (logCode, message, primaryUser, secondaryUser, time, id) values (?, ?, ?, ?, ?, ?)
21:20:56.865 [main] DEBUG o.h.e.j.internal.JdbcCoordinatorImpl - HHH000420: Closing un-released batch
21:20:56.865 [main] DEBUG o.h.e.t.internal.TransactionImpl - begin
21:20:56.866 [main] DEBUG org.hibernate.SQL - select next_val as id_val from hibernate_sequence for update
Hibernate: select next_val as id_val from hibernate_sequence for update
21:20:56.869 [main] DEBUG org.hibernate.SQL - update hibernate_sequence set next_val= ? where next_val=?
Hibernate: update hibernate_sequence set next_val= ? where next_val=?
21:20:56.871 [main] DEBUG o.h.e.i.AbstractSaveEventListener - Generated identifier: 94, using strategy: org.hibernate.id.enhanced.SequenceStyleGenerator
21:20:56.871 [main] DEBUG o.h.e.t.internal.TransactionImpl - committing
21:20:56.871 [main] DEBUG o.h.e.i.AbstractFlushingEventListener - Processing flush-time cascades
21:20:56.871 [main] DEBUG o.h.e.i.AbstractFlushingEventListener - Dirty checking collections
21:20:56.872 [main] DEBUG o.h.e.i.AbstractFlushingEventListener - Flushed: 1 insertions, 0 updates, 0 deletions to 1 objects
21:20:56.872 [main] DEBUG o.h.e.i.AbstractFlushingEventListener - Flushed: 0 (re)creations, 0 updates, 0 removals to 0 collections
21:20:56.872 [main] DEBUG o.h.internal.util.EntityPrinter - Listing entities:
21:20:56.873 [main] DEBUG o.h.internal.util.EntityPrinter - edu.ncsu.csc.itrust2.models.persistent.LogEntry{secondaryUser=null, logCode=5, primaryUser=logapitest, id=94, time=java.util.GregorianCalendar[time=1521667256865,areFieldsSet=true,areAllFieldsSet=true,lenient=true,zone=sun.util.calendar.ZoneInfo[id="Etc/UTC",offset=0,dstSavings=0,useDaylight=false,transitions=0,lastRule=null],firstDayOfWeek=1,minimalDaysInFirstWeek=1,ERA=1,YEAR=2018,MONTH=2,WEEK_OF_YEAR=12,WEEK_OF_MONTH=4,DAY_OF_MONTH=21,DAY_OF_YEAR=80,DAY_OF_WEEK=4,DAY_OF_WEEK_IN_MONTH=3,AM_PM=1,HOUR=9,HOUR_OF_DAY=21,MINUTE=20,SECOND=56,MILLISECOND=865,ZONE_OFFSET=0,DST_OFFSET=0], message=null}
21:20:56.874 [main] DEBUG org.hibernate.SQL - insert into LogEntries (logCode, message, primaryUser, secondaryUser, time, id) values (?, ?, ?, ?, ?, ?)
Hibernate: insert into LogEntries (logCode, message, primaryUser, secondaryUser, time, id) values (?, ?, ?, ?, ?, ?)
21:20:56.879 [main] DEBUG o.h.e.j.internal.JdbcCoordinatorImpl - HHH000420: Closing un-released batch
21:20:56.880 [main] DEBUG o.h.e.t.internal.TransactionImpl - begin
21:20:56.881 [main] DEBUG org.hibernate.SQL - select next_val as id_val from hibernate_sequence for update
Hibernate: select next_val as id_val from hibernate_sequence for update
21:20:56.890 [main] DEBUG org.hibernate.SQL - update hibernate_sequence set next_val= ? where next_val=?
Hibernate: update hibernate_sequence set next_val= ? where next_val=?
21:20:56.892 [main] DEBUG o.h.e.i.AbstractSaveEventListener - Generated identifier: 95, using strategy: org.hibernate.id.enhanced.SequenceStyleGenerator
21:20:56.892 [main] DEBUG o.h.e.t.internal.TransactionImpl - committing
21:20:56.892 [main] DEBUG o.h.e.i.AbstractFlushingEventListener - Processing flush-time cascades
21:20:56.892 [main] DEBUG o.h.e.i.AbstractFlushingEventListener - Dirty checking collections
21:20:56.893 [main] DEBUG o.h.e.i.AbstractFlushingEventListener - Flushed: 1 insertions, 0 updates, 0 deletions to 1 objects
21:20:56.893 [main] DEBUG o.h.e.i.AbstractFlushingEventListener - Flushed: 0 (re)creations, 0 updates, 0 removals to 0 collections
21:20:56.893 [main] DEBUG o.h.internal.util.EntityPrinter - Listing entities:
21:20:56.893 [main] DEBUG o.h.internal.util.EntityPrinter - edu.ncsu.csc.itrust2.models.persistent.LogEntry{secondaryUser=null, logCode=5, primaryUser=logapitest, id=95, time=java.util.GregorianCalendar[time=1521667256880,areFieldsSet=true,areAllFieldsSet=true,lenient=true,zone=sun.util.calendar.ZoneInfo[id="Etc/UTC",offset=0,dstSavings=0,useDaylight=false,transitions=0,lastRule=null],firstDayOfWeek=1,minimalDaysInFirstWeek=1,ERA=1,YEAR=2018,MONTH=2,WEEK_OF_YEAR=12,WEEK_OF_MONTH=4,DAY_OF_MONTH=21,DAY_OF_YEAR=80,DAY_OF_WEEK=4,DAY_OF_WEEK_IN_MONTH=3,AM_PM=1,HOUR=9,HOUR_OF_DAY=21,MINUTE=20,SECOND=56,MILLISECOND=880,ZONE_OFFSET=0,DST_OFFSET=0], message=null}
21:20:56.893 [main] DEBUG org.hibernate.SQL - insert into LogEntries (logCode, message, primaryUser, secondaryUser, time, id) values (?, ?, ?, ?, ?, ?)
Hibernate: insert into LogEntries (logCode, message, primaryUser, secondaryUser, time, id) values (?, ?, ?, ?, ?, ?)
21:20:56.899 [main] DEBUG o.h.e.j.internal.JdbcCoordinatorImpl - HHH000420: Closing un-released batch
21:20:56.899 [main] DEBUG o.h.e.t.internal.TransactionImpl - begin
21:20:56.902 [main] DEBUG org.hibernate.SQL - select next_val as id_val from hibernate_sequence for update
Hibernate: select next_val as id_val from hibernate_sequence for update
21:20:56.903 [main] DEBUG org.hibernate.SQL - update hibernate_sequence set next_val= ? where next_val=?
Hibernate: update hibernate_sequence set next_val= ? where next_val=?
21:20:56.904 [main] DEBUG o.h.e.i.AbstractSaveEventListener - Generated identifier: 96, using strategy: org.hibernate.id.enhanced.SequenceStyleGenerator
21:20:56.904 [main] DEBUG o.h.e.t.internal.TransactionImpl - committing
21:20:56.905 [main] DEBUG o.h.e.i.AbstractFlushingEventListener - Processing flush-time cascades
21:20:56.905 [main] DEBUG o.h.e.i.AbstractFlushingEventListener - Dirty checking collections
21:20:56.905 [main] DEBUG o.h.e.i.AbstractFlushingEventListener - Flushed: 1 insertions, 0 updates, 0 deletions to 1 objects
21:20:56.905 [main] DEBUG o.h.e.i.AbstractFlushingEventListener - Flushed: 0 (re)creations, 0 updates, 0 removals to 0 collections
21:20:56.905 [main] DEBUG o.h.internal.util.EntityPrinter - Listing entities:
21:20:56.905 [main] DEBUG o.h.internal.util.EntityPrinter - edu.ncsu.csc.itrust2.models.persistent.LogEntry{secondaryUser=null, logCode=5, primaryUser=logapitest, id=96, time=java.util.GregorianCalendar[time=1521667256899,areFieldsSet=true,areAllFieldsSet=true,lenient=true,zone=sun.util.calendar.ZoneInfo[id="Etc/UTC",offset=0,dstSavings=0,useDaylight=false,transitions=0,lastRule=null],firstDayOfWeek=1,minimalDaysInFirstWeek=1,ERA=1,YEAR=2018,MONTH=2,WEEK_OF_YEAR=12,WEEK_OF_MONTH=4,DAY_OF_MONTH=21,DAY_OF_YEAR=80,DAY_OF_WEEK=4,DAY_OF_WEEK_IN_MONTH=3,AM_PM=1,HOUR=9,HOUR_OF_DAY=21,MINUTE=20,SECOND=56,MILLISECOND=899,ZONE_OFFSET=0,DST_OFFSET=0], message=null}
21:20:56.906 [main] DEBUG org.hibernate.SQL - insert into LogEntries (logCode, message, primaryUser, secondaryUser, time, id) values (?, ?, ?, ?, ?, ?)
Hibernate: insert into LogEntries (logCode, message, primaryUser, secondaryUser, time, id) values (?, ?, ?, ?, ?, ?)
21:20:56.911 [main] DEBUG o.h.e.j.internal.JdbcCoordinatorImpl - HHH000420: Closing un-released batch
21:20:56.915 [main] DEBUG o.h.e.t.internal.TransactionImpl - begin
21:20:56.915 [main] DEBUG org.hibernate.SQL - select next_val as id_val from hibernate_sequence for update
Hibernate: select next_val as id_val from hibernate_sequence for update
21:20:56.916 [main] DEBUG org.hibernate.SQL - update hibernate_sequence set next_val= ? where next_val=?
Hibernate: update hibernate_sequence set next_val= ? where next_val=?
21:20:56.917 [main] DEBUG o.h.e.i.AbstractSaveEventListener - Generated identifier: 97, using strategy: org.hibernate.id.enhanced.SequenceStyleGenerator
21:20:56.917 [main] DEBUG o.h.e.t.internal.TransactionImpl - committing
21:20:56.917 [main] DEBUG o.h.e.i.AbstractFlushingEventListener - Processing flush-time cascades
21:20:56.917 [main] DEBUG o.h.e.i.AbstractFlushingEventListener - Dirty checking collections
21:20:56.917 [main] DEBUG o.h.e.i.AbstractFlushingEventListener - Flushed: 1 insertions, 0 updates, 0 deletions to 1 objects
21:20:56.917 [main] DEBUG o.h.e.i.AbstractFlushingEventListener - Flushed: 0 (re)creations, 0 updates, 0 removals to 0 collections
21:20:56.917 [main] DEBUG o.h.internal.util.EntityPrinter - Listing entities:
21:20:56.918 [main] DEBUG o.h.internal.util.EntityPrinter - edu.ncsu.csc.itrust2.models.persistent.LogEntry{secondaryUser=null, logCode=5, primaryUser=logapitest, id=97, time=java.util.GregorianCalendar[time=1521667256914,areFieldsSet=true,areAllFieldsSet=true,lenient=true,zone=sun.util.calendar.ZoneInfo[id="Etc/UTC",offset=0,dstSavings=0,useDaylight=false,transitions=0,lastRule=null],firstDayOfWeek=1,minimalDaysInFirstWeek=1,ERA=1,YEAR=2018,MONTH=2,WEEK_OF_YEAR=12,WEEK_OF_MONTH=4,DAY_OF_MONTH=21,DAY_OF_YEAR=80,DAY_OF_WEEK=4,DAY_OF_WEEK_IN_MONTH=3,AM_PM=1,HOUR=9,HOUR_OF_DAY=21,MINUTE=20,SECOND=56,MILLISECOND=914,ZONE_OFFSET=0,DST_OFFSET=0], message=null}
21:20:56.918 [main] DEBUG org.hibernate.SQL - insert into LogEntries (logCode, message, primaryUser, secondaryUser, time, id) values (?, ?, ?, ?, ?, ?)
Hibernate: insert into LogEntries (logCode, message, primaryUser, secondaryUser, time, id) values (?, ?, ?, ?, ?, ?)
21:20:56.920 [main] DEBUG o.h.e.j.internal.JdbcCoordinatorImpl - HHH000420: Closing un-released batch
21:20:56.921 [main] DEBUG o.h.e.t.internal.TransactionImpl - begin
21:20:56.922 [main] DEBUG org.hibernate.SQL - select next_val as id_val from hibernate_sequence for update
Hibernate: select next_val as id_val from hibernate_sequence for update
21:20:56.923 [main] DEBUG org.hibernate.SQL - update hibernate_sequence set next_val= ? where next_val=?
Hibernate: update hibernate_sequence set next_val= ? where next_val=?
21:20:56.924 [main] DEBUG o.h.e.i.AbstractSaveEventListener - Generated identifier: 98, using strategy: org.hibernate.id.enhanced.SequenceStyleGenerator
21:20:56.924 [main] DEBUG o.h.e.t.internal.TransactionImpl - committing
21:20:56.925 [main] DEBUG o.h.e.i.AbstractFlushingEventListener - Processing flush-time cascades
21:20:56.925 [main] DEBUG o.h.e.i.AbstractFlushingEventListener - Dirty checking collections
21:20:56.925 [main] DEBUG o.h.e.i.AbstractFlushingEventListener - Flushed: 1 insertions, 0 updates, 0 deletions to 1 objects
21:20:56.925 [main] DEBUG o.h.e.i.AbstractFlushingEventListener - Flushed: 0 (re)creations, 0 updates, 0 removals to 0 collections
21:20:56.925 [main] DEBUG o.h.internal.util.EntityPrinter - Listing entities:
21:20:56.925 [main] DEBUG o.h.internal.util.EntityPrinter - edu.ncsu.csc.itrust2.models.persistent.LogEntry{secondaryUser=null, logCode=5, primaryUser=logapitest, id=98, time=java.util.GregorianCalendar[time=1521667256921,areFieldsSet=true,areAllFieldsSet=true,lenient=true,zone=sun.util.calendar.ZoneInfo[id="Etc/UTC",offset=0,dstSavings=0,useDaylight=false,transitions=0,lastRule=null],firstDayOfWeek=1,minimalDaysInFirstWeek=1,ERA=1,YEAR=2018,MONTH=2,WEEK_OF_YEAR=12,WEEK_OF_MONTH=4,DAY_OF_MONTH=21,DAY_OF_YEAR=80,DAY_OF_WEEK=4,DAY_OF_WEEK_IN_MONTH=3,AM_PM=1,HOUR=9,HOUR_OF_DAY=21,MINUTE=20,SECOND=56,MILLISECOND=921,ZONE_OFFSET=0,DST_OFFSET=0], message=null}
21:20:56.934 [main] DEBUG org.hibernate.SQL - insert into LogEntries (logCode, message, primaryUser, secondaryUser, time, id) values (?, ?, ?, ?, ?, ?)
Hibernate: insert into LogEntries (logCode, message, primaryUser, secondaryUser, time, id) values (?, ?, ?, ?, ?, ?)
21:20:56.936 [main] DEBUG o.h.e.j.internal.JdbcCoordinatorImpl - HHH000420: Closing un-released batch
21:20:56.936 [main] DEBUG o.h.e.t.internal.TransactionImpl - begin
21:20:56.937 [main] DEBUG org.hibernate.SQL - select next_val as id_val from hibernate_sequence for update
Hibernate: select next_val as id_val from hibernate_sequence for update
21:20:56.937 [main] DEBUG org.hibernate.SQL - update hibernate_sequence set next_val= ? where next_val=?
Hibernate: update hibernate_sequence set next_val= ? where next_val=?
21:20:56.939 [main] DEBUG o.h.e.i.AbstractSaveEventListener - Generated identifier: 99, using strategy: org.hibernate.id.enhanced.SequenceStyleGenerator
21:20:56.939 [main] DEBUG o.h.e.t.internal.TransactionImpl - committing
21:20:56.939 [main] DEBUG o.h.e.i.AbstractFlushingEventListener - Processing flush-time cascades
21:20:56.939 [main] DEBUG o.h.e.i.AbstractFlushingEventListener - Dirty checking collections
21:20:56.939 [main] DEBUG o.h.e.i.AbstractFlushingEventListener - Flushed: 1 insertions, 0 updates, 0 deletions to 1 objects
21:20:56.939 [main] DEBUG o.h.e.i.AbstractFlushingEventListener - Flushed: 0 (re)creations, 0 updates, 0 removals to 0 collections
21:20:56.939 [main] DEBUG o.h.internal.util.EntityPrinter - Listing entities:
21:20:56.939 [main] DEBUG o.h.internal.util.EntityPrinter - edu.ncsu.csc.itrust2.models.persistent.LogEntry{secondaryUser=null, logCode=5, primaryUser=logapitest, id=99, time=java.util.GregorianCalendar[time=1521667256936,areFieldsSet=true,areAllFieldsSet=true,lenient=true,zone=sun.util.calendar.ZoneInfo[id="Etc/UTC",offset=0,dstSavings=0,useDaylight=false,transitions=0,lastRule=null],firstDayOfWeek=1,minimalDaysInFirstWeek=1,ERA=1,YEAR=2018,MONTH=2,WEEK_OF_YEAR=12,WEEK_OF_MONTH=4,DAY_OF_MONTH=21,DAY_OF_YEAR=80,DAY_OF_WEEK=4,DAY_OF_WEEK_IN_MONTH=3,AM_PM=1,HOUR=9,HOUR_OF_DAY=21,MINUTE=20,SECOND=56,MILLISECOND=936,ZONE_OFFSET=0,DST_OFFSET=0], message=null}
21:20:56.940 [main] DEBUG org.hibernate.SQL - insert into LogEntries (logCode, message, primaryUser, secondaryUser, time, id) values (?, ?, ?, ?, ?, ?)
Hibernate: insert into LogEntries (logCode, message, primaryUser, secondaryUser, time, id) values (?, ?, ?, ?, ?, ?)
21:20:56.962 [main] DEBUG o.h.e.j.internal.JdbcCoordinatorImpl - HHH000420: Closing un-released batch
21:20:56.962 [main] DEBUG o.h.e.t.internal.TransactionImpl - begin
21:20:56.963 [main] DEBUG org.hibernate.SQL - select next_val as id_val from hibernate_sequence for update
Hibernate: select next_val as id_val from hibernate_sequence for update
21:20:56.963 [main] DEBUG org.hibernate.SQL - update hibernate_sequence set next_val= ? where next_val=?
Hibernate: update hibernate_sequence set next_val= ? where next_val=?
21:20:56.965 [main] DEBUG o.h.e.i.AbstractSaveEventListener - Generated identifier: 100, using strategy: org.hibernate.id.enhanced.SequenceStyleGenerator
21:20:56.965 [main] DEBUG o.h.e.t.internal.TransactionImpl - committing
21:20:56.965 [main] DEBUG o.h.e.i.AbstractFlushingEventListener - Processing flush-time cascades
21:20:56.965 [main] DEBUG o.h.e.i.AbstractFlushingEventListener - Dirty checking collections
21:20:56.965 [main] DEBUG o.h.e.i.AbstractFlushingEventListener - Flushed: 1 insertions, 0 updates, 0 deletions to 1 objects
21:20:56.965 [main] DEBUG o.h.e.i.AbstractFlushingEventListener - Flushed: 0 (re)creations, 0 updates, 0 removals to 0 collections
21:20:56.965 [main] DEBUG o.h.internal.util.EntityPrinter - Listing entities:
21:20:56.965 [main] DEBUG o.h.internal.util.EntityPrinter - edu.ncsu.csc.itrust2.models.persistent.LogEntry{secondaryUser=null, logCode=5, primaryUser=logapitest, id=100, time=java.util.GregorianCalendar[time=1521667256962,areFieldsSet=true,areAllFieldsSet=true,lenient=true,zone=sun.util.calendar.ZoneInfo[id="Etc/UTC",offset=0,dstSavings=0,useDaylight=false,transitions=0,lastRule=null],firstDayOfWeek=1,minimalDaysInFirstWeek=1,ERA=1,YEAR=2018,MONTH=2,WEEK_OF_YEAR=12,WEEK_OF_MONTH=4,DAY_OF_MONTH=21,DAY_OF_YEAR=80,DAY_OF_WEEK=4,DAY_OF_WEEK_IN_MONTH=3,AM_PM=1,HOUR=9,HOUR_OF_DAY=21,MINUTE=20,SECOND=56,MILLISECOND=962,ZONE_OFFSET=0,DST_OFFSET=0], message=null}
21:20:56.966 [main] DEBUG org.hibernate.SQL - insert into LogEntries (logCode, message, primaryUser, secondaryUser, time, id) values (?, ?, ?, ?, ?, ?)
Hibernate: insert into LogEntries (logCode, message, primaryUser, secondaryUser, time, id) values (?, ?, ?, ?, ?, ?)
21:20:56.969 [main] DEBUG o.h.e.j.internal.JdbcCoordinatorImpl - HHH000420: Closing un-released batch
21:20:56.969 [main] DEBUG o.h.e.t.internal.TransactionImpl - begin
21:20:56.975 [main] DEBUG org.hibernate.SQL - select next_val as id_val from hibernate_sequence for update
Hibernate: select next_val as id_val from hibernate_sequence for update
21:20:56.975 [main] DEBUG org.hibernate.SQL - update hibernate_sequence set next_val= ? where next_val=?
Hibernate: update hibernate_sequence set next_val= ? where next_val=?
21:20:56.976 [main] DEBUG o.h.e.i.AbstractSaveEventListener - Generated identifier: 101, using strategy: org.hibernate.id.enhanced.SequenceStyleGenerator
21:20:56.977 [main] DEBUG o.h.e.t.internal.TransactionImpl - committing
21:20:56.977 [main] DEBUG o.h.e.i.AbstractFlushingEventListener - Processing flush-time cascades
21:20:56.977 [main] DEBUG o.h.e.i.AbstractFlushingEventListener - Dirty checking collections
21:20:56.977 [main] DEBUG o.h.e.i.AbstractFlushingEventListener - Flushed: 1 insertions, 0 updates, 0 deletions to 1 objects
21:20:56.977 [main] DEBUG o.h.e.i.AbstractFlushingEventListener - Flushed: 0 (re)creations, 0 updates, 0 removals to 0 collections
21:20:56.977 [main] DEBUG o.h.internal.util.EntityPrinter - Listing entities:
21:20:56.977 [main] DEBUG o.h.internal.util.EntityPrinter - edu.ncsu.csc.itrust2.models.persistent.LogEntry{secondaryUser=null, logCode=5, primaryUser=logapitest, id=101, time=java.util.GregorianCalendar[time=1521667256969,areFieldsSet=true,areAllFieldsSet=true,lenient=true,zone=sun.util.calendar.ZoneInfo[id="Etc/UTC",offset=0,dstSavings=0,useDaylight=false,transitions=0,lastRule=null],firstDayOfWeek=1,minimalDaysInFirstWeek=1,ERA=1,YEAR=2018,MONTH=2,WEEK_OF_YEAR=12,WEEK_OF_MONTH=4,DAY_OF_MONTH=21,DAY_OF_YEAR=80,DAY_OF_WEEK=4,DAY_OF_WEEK_IN_MONTH=3,AM_PM=1,HOUR=9,HOUR_OF_DAY=21,MINUTE=20,SECOND=56,MILLISECOND=969,ZONE_OFFSET=0,DST_OFFSET=0], message=null}
21:20:56.977 [main] DEBUG org.hibernate.SQL - insert into LogEntries (logCode, message, primaryUser, secondaryUser, time, id) values (?, ?, ?, ?, ?, ?)
Hibernate: insert into LogEntries (logCode, message, primaryUser, secondaryUser, time, id) values (?, ?, ?, ?, ?, ?)
21:20:56.980 [main] DEBUG o.h.e.j.internal.JdbcCoordinatorImpl - HHH000420: Closing un-released batch
21:20:56.980 [main] DEBUG o.h.e.t.internal.TransactionImpl - begin
21:20:56.981 [main] DEBUG org.hibernate.SQL - select next_val as id_val from hibernate_sequence for update
Hibernate: select next_val as id_val from hibernate_sequence for update
21:20:56.981 [main] DEBUG org.hibernate.SQL - update hibernate_sequence set next_val= ? where next_val=?
Hibernate: update hibernate_sequence set next_val= ? where next_val=?
21:20:56.982 [main] DEBUG o.h.e.i.AbstractSaveEventListener - Generated identifier: 102, using strategy: org.hibernate.id.enhanced.SequenceStyleGenerator
21:20:56.983 [main] DEBUG o.h.e.t.internal.TransactionImpl - committing
21:20:56.983 [main] DEBUG o.h.e.i.AbstractFlushingEventListener - Processing flush-time cascades
21:20:56.983 [main] DEBUG o.h.e.i.AbstractFlushingEventListener - Dirty checking collections
21:20:56.983 [main] DEBUG o.h.e.i.AbstractFlushingEventListener - Flushed: 1 insertions, 0 updates, 0 deletions to 1 objects
21:20:56.983 [main] DEBUG o.h.e.i.AbstractFlushingEventListener - Flushed: 0 (re)creations, 0 updates, 0 removals to 0 collections
21:20:56.983 [main] DEBUG o.h.internal.util.EntityPrinter - Listing entities:
21:20:56.983 [main] DEBUG o.h.internal.util.EntityPrinter - edu.ncsu.csc.itrust2.models.persistent.LogEntry{secondaryUser=null, logCode=5, primaryUser=logapitest, id=102, time=java.util.GregorianCalendar[time=1521667256980,areFieldsSet=true,areAllFieldsSet=true,lenient=true,zone=sun.util.calendar.ZoneInfo[id="Etc/UTC",offset=0,dstSavings=0,useDaylight=false,transitions=0,lastRule=null],firstDayOfWeek=1,minimalDaysInFirstWeek=1,ERA=1,YEAR=2018,MONTH=2,WEEK_OF_YEAR=12,WEEK_OF_MONTH=4,DAY_OF_MONTH=21,DAY_OF_YEAR=80,DAY_OF_WEEK=4,DAY_OF_WEEK_IN_MONTH=3,AM_PM=1,HOUR=9,HOUR_OF_DAY=21,MINUTE=20,SECOND=56,MILLISECOND=980,ZONE_OFFSET=0,DST_OFFSET=0], message=null}
21:20:56.984 [main] DEBUG org.hibernate.SQL - insert into LogEntries (logCode, message, primaryUser, secondaryUser, time, id) values (?, ?, ?, ?, ?, ?)
Hibernate: insert into LogEntries (logCode, message, primaryUser, secondaryUser, time, id) values (?, ?, ?, ?, ?, ?)
21:20:56.986 [main] DEBUG o.h.e.j.internal.JdbcCoordinatorImpl - HHH000420: Closing un-released batch
21:20:56.987 [main] DEBUG o.h.e.t.internal.TransactionImpl - begin
21:20:56.987 [main] DEBUG org.hibernate.SQL - select next_val as id_val from hibernate_sequence for update
Hibernate: select next_val as id_val from hibernate_sequence for update
21:20:56.988 [main] DEBUG org.hibernate.SQL - update hibernate_sequence set next_val= ? where next_val=?
Hibernate: update hibernate_sequence set next_val= ? where next_val=?
21:20:56.989 [main] DEBUG o.h.e.i.AbstractSaveEventListener - Generated identifier: 103, using strategy: org.hibernate.id.enhanced.SequenceStyleGenerator
21:20:56.989 [main] DEBUG o.h.e.t.internal.TransactionImpl - committing
21:20:56.989 [main] DEBUG o.h.e.i.AbstractFlushingEventListener - Processing flush-time cascades
21:20:56.989 [main] DEBUG o.h.e.i.AbstractFlushingEventListener - Dirty checking collections
21:20:56.989 [main] DEBUG o.h.e.i.AbstractFlushingEventListener - Flushed: 1 insertions, 0 updates, 0 deletions to 1 objects
21:20:56.989 [main] DEBUG o.h.e.i.AbstractFlushingEventListener - Flushed: 0 (re)creations, 0 updates, 0 removals to 0 collections
21:20:56.989 [main] DEBUG o.h.internal.util.EntityPrinter - Listing entities:
21:20:56.990 [main] DEBUG o.h.internal.util.EntityPrinter - edu.ncsu.csc.itrust2.models.persistent.LogEntry{secondaryUser=null, logCode=5, primaryUser=logapitest, id=103, time=java.util.GregorianCalendar[time=1521667256987,areFieldsSet=true,areAllFieldsSet=true,lenient=true,zone=sun.util.calendar.ZoneInfo[id="Etc/UTC",offset=0,dstSavings=0,useDaylight=false,transitions=0,lastRule=null],firstDayOfWeek=1,minimalDaysInFirstWeek=1,ERA=1,YEAR=2018,MONTH=2,WEEK_OF_YEAR=12,WEEK_OF_MONTH=4,DAY_OF_MONTH=21,DAY_OF_YEAR=80,DAY_OF_WEEK=4,DAY_OF_WEEK_IN_MONTH=3,AM_PM=1,HOUR=9,HOUR_OF_DAY=21,MINUTE=20,SECOND=56,MILLISECOND=987,ZONE_OFFSET=0,DST_OFFSET=0], message=null}
21:20:56.990 [main] DEBUG org.hibernate.SQL - insert into LogEntries (logCode, message, primaryUser, secondaryUser, time, id) values (?, ?, ?, ?, ?, ?)
Hibernate: insert into LogEntries (logCode, message, primaryUser, secondaryUser, time, id) values (?, ?, ?, ?, ?, ?)
21:20:56.992 [main] DEBUG o.h.e.j.internal.JdbcCoordinatorImpl - HHH000420: Closing un-released batch
21:20:56.993 [main] DEBUG o.h.e.t.internal.TransactionImpl - begin
21:20:56.993 [main] DEBUG org.hibernate.SQL - select next_val as id_val from hibernate_sequence for update
Hibernate: select next_val as id_val from hibernate_sequence for update
21:20:56.994 [main] DEBUG org.hibernate.SQL - update hibernate_sequence set next_val= ? where next_val=?
Hibernate: update hibernate_sequence set next_val= ? where next_val=?
21:20:56.995 [main] DEBUG o.h.e.i.AbstractSaveEventListener - Generated identifier: 104, using strategy: org.hibernate.id.enhanced.SequenceStyleGenerator
21:20:56.995 [main] DEBUG o.h.e.t.internal.TransactionImpl - committing
21:20:56.995 [main] DEBUG o.h.e.i.AbstractFlushingEventListener - Processing flush-time cascades
21:20:56.996 [main] DEBUG o.h.e.i.AbstractFlushingEventListener - Dirty checking collections
21:20:56.996 [main] DEBUG o.h.e.i.AbstractFlushingEventListener - Flushed: 1 insertions, 0 updates, 0 deletions to 1 objects
21:20:56.996 [main] DEBUG o.h.e.i.AbstractFlushingEventListener - Flushed: 0 (re)creations, 0 updates, 0 removals to 0 collections
21:20:56.996 [main] DEBUG o.h.internal.util.EntityPrinter - Listing entities:
21:20:56.996 [main] DEBUG o.h.internal.util.EntityPrinter - edu.ncsu.csc.itrust2.models.persistent.LogEntry{secondaryUser=null, logCode=5, primaryUser=logapitest, id=104, time=java.util.GregorianCalendar[time=1521667256993,areFieldsSet=true,areAllFieldsSet=true,lenient=true,zone=sun.util.calendar.ZoneInfo[id="Etc/UTC",offset=0,dstSavings=0,useDaylight=false,transitions=0,lastRule=null],firstDayOfWeek=1,minimalDaysInFirstWeek=1,ERA=1,YEAR=2018,MONTH=2,WEEK_OF_YEAR=12,WEEK_OF_MONTH=4,DAY_OF_MONTH=21,DAY_OF_YEAR=80,DAY_OF_WEEK=4,DAY_OF_WEEK_IN_MONTH=3,AM_PM=1,HOUR=9,HOUR_OF_DAY=21,MINUTE=20,SECOND=56,MILLISECOND=993,ZONE_OFFSET=0,DST_OFFSET=0], message=null}
21:20:56.998 [main] DEBUG org.hibernate.SQL - insert into LogEntries (logCode, message, primaryUser, secondaryUser, time, id) values (?, ?, ?, ?, ?, ?)
Hibernate: insert into LogEntries (logCode, message, primaryUser, secondaryUser, time, id) values (?, ?, ?, ?, ?, ?)
21:20:57.000 [main] DEBUG o.h.e.j.internal.JdbcCoordinatorImpl - HHH000420: Closing un-released batch
21:20:57.002 [main] DEBUG o.h.e.t.internal.TransactionImpl - begin
21:20:57.003 [main] DEBUG org.hibernate.SQL - select next_val as id_val from hibernate_sequence for update
Hibernate: select next_val as id_val from hibernate_sequence for update
21:20:57.003 [main] DEBUG org.hibernate.SQL - update hibernate_sequence set next_val= ? where next_val=?
Hibernate: update hibernate_sequence set next_val= ? where next_val=?
21:20:57.004 [main] DEBUG o.h.e.i.AbstractSaveEventListener - Generated identifier: 105, using strategy: org.hibernate.id.enhanced.SequenceStyleGenerator
21:20:57.004 [main] DEBUG o.h.e.t.internal.TransactionImpl - committing
21:20:57.004 [main] DEBUG o.h.e.i.AbstractFlushingEventListener - Processing flush-time cascades
21:20:57.005 [main] DEBUG o.h.e.i.AbstractFlushingEventListener - Dirty checking collections
21:20:57.005 [main] DEBUG o.h.e.i.AbstractFlushingEventListener - Flushed: 1 insertions, 0 updates, 0 deletions to 1 objects
21:20:57.005 [main] DEBUG o.h.e.i.AbstractFlushingEventListener - Flushed: 0 (re)creations, 0 updates, 0 removals to 0 collections
21:20:57.005 [main] DEBUG o.h.internal.util.EntityPrinter - Listing entities:
21:20:57.005 [main] DEBUG o.h.internal.util.EntityPrinter - edu.ncsu.csc.itrust2.models.persistent.LogEntry{secondaryUser=null, logCode=5, primaryUser=logapitest, id=105, time=java.util.GregorianCalendar[time=1521667257002,areFieldsSet=true,areAllFieldsSet=true,lenient=true,zone=sun.util.calendar.ZoneInfo[id="Etc/UTC",offset=0,dstSavings=0,useDaylight=false,transitions=0,lastRule=null],firstDayOfWeek=1,minimalDaysInFirstWeek=1,ERA=1,YEAR=2018,MONTH=2,WEEK_OF_YEAR=12,WEEK_OF_MONTH=4,DAY_OF_MONTH=21,DAY_OF_YEAR=80,DAY_OF_WEEK=4,DAY_OF_WEEK_IN_MONTH=3,AM_PM=1,HOUR=9,HOUR_OF_DAY=21,MINUTE=20,SECOND=57,MILLISECOND=2,ZONE_OFFSET=0,DST_OFFSET=0], message=null}
21:20:57.008 [main] DEBUG org.hibernate.SQL - insert into LogEntries (logCode, message, primaryUser, secondaryUser, time, id) values (?, ?, ?, ?, ?, ?)
Hibernate: insert into LogEntries (logCode, message, primaryUser, secondaryUser, time, id) values (?, ?, ?, ?, ?, ?)
21:20:57.011 [main] DEBUG o.h.e.j.internal.JdbcCoordinatorImpl - HHH000420: Closing un-released batch
21:20:57.012 [main] DEBUG o.h.e.t.internal.TransactionImpl - begin
21:20:57.013 [main] DEBUG org.hibernate.SQL - select next_val as id_val from hibernate_sequence for update
Hibernate: select next_val as id_val from hibernate_sequence for update
21:20:57.014 [main] DEBUG org.hibernate.SQL - update hibernate_sequence set next_val= ? where next_val=?
Hibernate: update hibernate_sequence set next_val= ? where next_val=?
21:20:57.016 [main] DEBUG o.h.e.i.AbstractSaveEventListener - Generated identifier: 106, using strategy: org.hibernate.id.enhanced.SequenceStyleGenerator
21:20:57.017 [main] DEBUG o.h.e.t.internal.TransactionImpl - committing
21:20:57.017 [main] DEBUG o.h.e.i.AbstractFlushingEventListener - Processing flush-time cascades
21:20:57.017 [main] DEBUG o.h.e.i.AbstractFlushingEventListener - Dirty checking collections
21:20:57.017 [main] DEBUG o.h.e.i.AbstractFlushingEventListener - Flushed: 1 insertions, 0 updates, 0 deletions to 1 objects
21:20:57.017 [main] DEBUG o.h.e.i.AbstractFlushingEventListener - Flushed: 0 (re)creations, 0 updates, 0 removals to 0 collections
21:20:57.017 [main] DEBUG o.h.internal.util.EntityPrinter - Listing entities:
21:20:57.017 [main] DEBUG o.h.internal.util.EntityPrinter - edu.ncsu.csc.itrust2.models.persistent.LogEntry{secondaryUser=null, logCode=5, primaryUser=logapitest, id=106, time=java.util.GregorianCalendar[time=1521667257011,areFieldsSet=true,areAllFieldsSet=true,lenient=true,zone=sun.util.calendar.ZoneInfo[id="Etc/UTC",offset=0,dstSavings=0,useDaylight=false,transitions=0,lastRule=null],firstDayOfWeek=1,minimalDaysInFirstWeek=1,ERA=1,YEAR=2018,MONTH=2,WEEK_OF_YEAR=12,WEEK_OF_MONTH=4,DAY_OF_MONTH=21,DAY_OF_YEAR=80,DAY_OF_WEEK=4,DAY_OF_WEEK_IN_MONTH=3,AM_PM=1,HOUR=9,HOUR_OF_DAY=21,MINUTE=20,SECOND=57,MILLISECOND=11,ZONE_OFFSET=0,DST_OFFSET=0], message=null}
21:20:57.018 [main] DEBUG org.hibernate.SQL - insert into LogEntries (logCode, message, primaryUser, secondaryUser, time, id) values (?, ?, ?, ?, ?, ?)
Hibernate: insert into LogEntries (logCode, message, primaryUser, secondaryUser, time, id) values (?, ?, ?, ?, ?, ?)
21:20:57.020 [main] DEBUG o.h.e.j.internal.JdbcCoordinatorImpl - HHH000420: Closing un-released batch
21:20:57.023 [main] DEBUG o.h.e.t.internal.TransactionImpl - begin
21:20:57.024 [main] DEBUG org.hibernate.SQL - select next_val as id_val from hibernate_sequence for update
Hibernate: select next_val as id_val from hibernate_sequence for update
21:20:57.028 [main] DEBUG org.hibernate.SQL - update hibernate_sequence set next_val= ? where next_val=?
Hibernate: update hibernate_sequence set next_val= ? where next_val=?
21:20:57.030 [main] DEBUG o.h.e.i.AbstractSaveEventListener - Generated identifier: 107, using strategy: org.hibernate.id.enhanced.SequenceStyleGenerator
21:20:57.030 [main] DEBUG o.h.e.t.internal.TransactionImpl - committing
21:20:57.030 [main] DEBUG o.h.e.i.AbstractFlushingEventListener - Processing flush-time cascades
21:20:57.030 [main] DEBUG o.h.e.i.AbstractFlushingEventListener - Dirty checking collections
21:20:57.030 [main] DEBUG o.h.e.i.AbstractFlushingEventListener - Flushed: 1 insertions, 0 updates, 0 deletions to 1 objects
21:20:57.031 [main] DEBUG o.h.e.i.AbstractFlushingEventListener - Flushed: 0 (re)creations, 0 updates, 0 removals to 0 collections
21:20:57.031 [main] DEBUG o.h.internal.util.EntityPrinter - Listing entities:
21:20:57.031 [main] DEBUG o.h.internal.util.EntityPrinter - edu.ncsu.csc.itrust2.models.persistent.LogEntry{secondaryUser=null, logCode=5, primaryUser=logapitest, id=107, time=java.util.GregorianCalendar[time=1521667257023,areFieldsSet=true,areAllFieldsSet=true,lenient=true,zone=sun.util.calendar.ZoneInfo[id="Etc/UTC",offset=0,dstSavings=0,useDaylight=false,transitions=0,lastRule=null],firstDayOfWeek=1,minimalDaysInFirstWeek=1,ERA=1,YEAR=2018,MONTH=2,WEEK_OF_YEAR=12,WEEK_OF_MONTH=4,DAY_OF_MONTH=21,DAY_OF_YEAR=80,DAY_OF_WEEK=4,DAY_OF_WEEK_IN_MONTH=3,AM_PM=1,HOUR=9,HOUR_OF_DAY=21,MINUTE=20,SECOND=57,MILLISECOND=23,ZONE_OFFSET=0,DST_OFFSET=0], message=null}
21:20:57.033 [main] DEBUG org.hibernate.SQL - insert into LogEntries (logCode, message, primaryUser, secondaryUser, time, id) values (?, ?, ?, ?, ?, ?)
Hibernate: insert into LogEntries (logCode, message, primaryUser, secondaryUser, time, id) values (?, ?, ?, ?, ?, ?)
21:20:57.042 [main] DEBUG o.h.e.j.internal.JdbcCoordinatorImpl - HHH000420: Closing un-released batch
21:20:57.043 [main] DEBUG o.h.e.t.internal.TransactionImpl - begin
21:20:57.046 [main] DEBUG org.hibernate.SQL - select next_val as id_val from hibernate_sequence for update
Hibernate: select next_val as id_val from hibernate_sequence for update
21:20:57.047 [main] DEBUG org.hibernate.SQL - update hibernate_sequence set next_val= ? where next_val=?
Hibernate: update hibernate_sequence set next_val= ? where next_val=?
21:20:57.048 [main] DEBUG o.h.e.i.AbstractSaveEventListener - Generated identifier: 108, using strategy: org.hibernate.id.enhanced.SequenceStyleGenerator
21:20:57.049 [main] DEBUG o.h.e.t.internal.TransactionImpl - committing
21:20:57.050 [main] DEBUG o.h.e.i.AbstractFlushingEventListener - Processing flush-time cascades
21:20:57.050 [main] DEBUG o.h.e.i.AbstractFlushingEventListener - Dirty checking collections
21:20:57.050 [main] DEBUG o.h.e.i.AbstractFlushingEventListener - Flushed: 1 insertions, 0 updates, 0 deletions to 1 objects
21:20:57.050 [main] DEBUG o.h.e.i.AbstractFlushingEventListener - Flushed: 0 (re)creations, 0 updates, 0 removals to 0 collections
21:20:57.050 [main] DEBUG o.h.internal.util.EntityPrinter - Listing entities:
21:20:57.050 [main] DEBUG o.h.internal.util.EntityPrinter - edu.ncsu.csc.itrust2.models.persistent.LogEntry{secondaryUser=null, logCode=5, primaryUser=logapitest, id=108, time=java.util.GregorianCalendar[time=1521667257043,areFieldsSet=true,areAllFieldsSet=true,lenient=true,zone=sun.util.calendar.ZoneInfo[id="Etc/UTC",offset=0,dstSavings=0,useDaylight=false,transitions=0,lastRule=null],firstDayOfWeek=1,minimalDaysInFirstWeek=1,ERA=1,YEAR=2018,MONTH=2,WEEK_OF_YEAR=12,WEEK_OF_MONTH=4,DAY_OF_MONTH=21,DAY_OF_YEAR=80,DAY_OF_WEEK=4,DAY_OF_WEEK_IN_MONTH=3,AM_PM=1,HOUR=9,HOUR_OF_DAY=21,MINUTE=20,SECOND=57,MILLISECOND=43,ZONE_OFFSET=0,DST_OFFSET=0], message=null}
21:20:57.051 [main] DEBUG org.hibernate.SQL - insert into LogEntries (logCode, message, primaryUser, secondaryUser, time, id) values (?, ?, ?, ?, ?, ?)
Hibernate: insert into LogEntries (logCode, message, primaryUser, secondaryUser, time, id) values (?, ?, ?, ?, ?, ?)
21:20:57.059 [main] DEBUG o.h.e.j.internal.JdbcCoordinatorImpl - HHH000420: Closing un-released batch
21:20:57.060 [main] DEBUG o.h.e.t.internal.TransactionImpl - begin
21:20:57.060 [main] DEBUG org.hibernate.SQL - select next_val as id_val from hibernate_sequence for update
Hibernate: select next_val as id_val from hibernate_sequence for update
21:20:57.061 [main] DEBUG org.hibernate.SQL - update hibernate_sequence set next_val= ? where next_val=?
Hibernate: update hibernate_sequence set next_val= ? where next_val=?
21:20:57.062 [main] DEBUG o.h.e.i.AbstractSaveEventListener - Generated identifier: 109, using strategy: org.hibernate.id.enhanced.SequenceStyleGenerator
21:20:57.062 [main] DEBUG o.h.e.t.internal.TransactionImpl - committing
21:20:57.062 [main] DEBUG o.h.e.i.AbstractFlushingEventListener - Processing flush-time cascades
21:20:57.062 [main] DEBUG o.h.e.i.AbstractFlushingEventListener - Dirty checking collections
21:20:57.062 [main] DEBUG o.h.e.i.AbstractFlushingEventListener - Flushed: 1 insertions, 0 updates, 0 deletions to 1 objects
21:20:57.062 [main] DEBUG o.h.e.i.AbstractFlushingEventListener - Flushed: 0 (re)creations, 0 updates, 0 removals to 0 collections
21:20:57.062 [main] DEBUG o.h.internal.util.EntityPrinter - Listing entities:
21:20:57.062 [main] DEBUG o.h.internal.util.EntityPrinter - edu.ncsu.csc.itrust2.models.persistent.LogEntry{secondaryUser=null, logCode=5, primaryUser=logapitest, id=109, time=java.util.GregorianCalendar[time=1521667257059,areFieldsSet=true,areAllFieldsSet=true,lenient=true,zone=sun.util.calendar.ZoneInfo[id="Etc/UTC",offset=0,dstSavings=0,useDaylight=false,transitions=0,lastRule=null],firstDayOfWeek=1,minimalDaysInFirstWeek=1,ERA=1,YEAR=2018,MONTH=2,WEEK_OF_YEAR=12,WEEK_OF_MONTH=4,DAY_OF_MONTH=21,DAY_OF_YEAR=80,DAY_OF_WEEK=4,DAY_OF_WEEK_IN_MONTH=3,AM_PM=1,HOUR=9,HOUR_OF_DAY=21,MINUTE=20,SECOND=57,MILLISECOND=59,ZONE_OFFSET=0,DST_OFFSET=0], message=null}
21:20:57.063 [main] DEBUG org.hibernate.SQL - insert into LogEntries (logCode, message, primaryUser, secondaryUser, time, id) values (?, ?, ?, ?, ?, ?)
Hibernate: insert into LogEntries (logCode, message, primaryUser, secondaryUser, time, id) values (?, ?, ?, ?, ?, ?)
21:20:57.065 [main] DEBUG o.h.e.j.internal.JdbcCoordinatorImpl - HHH000420: Closing un-released batch
21:20:57.066 [main] DEBUG o.h.e.t.internal.TransactionImpl - begin
21:20:57.066 [main] DEBUG org.hibernate.SQL - select next_val as id_val from hibernate_sequence for update
Hibernate: select next_val as id_val from hibernate_sequence for update
21:20:57.067 [main] DEBUG org.hibernate.SQL - update hibernate_sequence set next_val= ? where next_val=?
Hibernate: update hibernate_sequence set next_val= ? where next_val=?
21:20:57.068 [main] DEBUG o.h.e.i.AbstractSaveEventListener - Generated identifier: 110, using strategy: org.hibernate.id.enhanced.SequenceStyleGenerator
21:20:57.069 [main] DEBUG o.h.e.t.internal.TransactionImpl - committing
21:20:57.069 [main] DEBUG o.h.e.i.AbstractFlushingEventListener - Processing flush-time cascades
21:20:57.069 [main] DEBUG o.h.e.i.AbstractFlushingEventListener - Dirty checking collections
21:20:57.069 [main] DEBUG o.h.e.i.AbstractFlushingEventListener - Flushed: 1 insertions, 0 updates, 0 deletions to 1 objects
21:20:57.069 [main] DEBUG o.h.e.i.AbstractFlushingEventListener - Flushed: 0 (re)creations, 0 updates, 0 removals to 0 collections
21:20:57.069 [main] DEBUG o.h.internal.util.EntityPrinter - Listing entities:
21:20:57.070 [main] DEBUG o.h.internal.util.EntityPrinter - edu.ncsu.csc.itrust2.models.persistent.LogEntry{secondaryUser=null, logCode=5, primaryUser=logapitest, id=110, time=java.util.GregorianCalendar[time=1521667257066,areFieldsSet=true,areAllFieldsSet=true,lenient=true,zone=sun.util.calendar.ZoneInfo[id="Etc/UTC",offset=0,dstSavings=0,useDaylight=false,transitions=0,lastRule=null],firstDayOfWeek=1,minimalDaysInFirstWeek=1,ERA=1,YEAR=2018,MONTH=2,WEEK_OF_YEAR=12,WEEK_OF_MONTH=4,DAY_OF_MONTH=21,DAY_OF_YEAR=80,DAY_OF_WEEK=4,DAY_OF_WEEK_IN_MONTH=3,AM_PM=1,HOUR=9,HOUR_OF_DAY=21,MINUTE=20,SECOND=57,MILLISECOND=66,ZONE_OFFSET=0,DST_OFFSET=0], message=null}
21:20:57.071 [main] DEBUG org.hibernate.SQL - insert into LogEntries (logCode, message, primaryUser, secondaryUser, time, id) values (?, ?, ?, ?, ?, ?)
Hibernate: insert into LogEntries (logCode, message, primaryUser, secondaryUser, time, id) values (?, ?, ?, ?, ?, ?)
21:20:57.077 [main] DEBUG o.h.e.j.internal.JdbcCoordinatorImpl - HHH000420: Closing un-released batch
21:20:57.078 [main] DEBUG o.h.e.t.internal.TransactionImpl - begin
21:20:57.078 [main] DEBUG org.hibernate.SQL - select next_val as id_val from hibernate_sequence for update
Hibernate: select next_val as id_val from hibernate_sequence for update
21:20:57.079 [main] DEBUG org.hibernate.SQL - update hibernate_sequence set next_val= ? where next_val=?
Hibernate: update hibernate_sequence set next_val= ? where next_val=?
21:20:57.080 [main] DEBUG o.h.e.i.AbstractSaveEventListener - Generated identifier: 111, using strategy: org.hibernate.id.enhanced.SequenceStyleGenerator
21:20:57.081 [main] DEBUG o.h.e.t.internal.TransactionImpl - committing
21:20:57.081 [main] DEBUG o.h.e.i.AbstractFlushingEventListener - Processing flush-time cascades
21:20:57.081 [main] DEBUG o.h.e.i.AbstractFlushingEventListener - Dirty checking collections
21:20:57.081 [main] DEBUG o.h.e.i.AbstractFlushingEventListener - Flushed: 1 insertions, 0 updates, 0 deletions to 1 objects
21:20:57.081 [main] DEBUG o.h.e.i.AbstractFlushingEventListener - Flushed: 0 (re)creations, 0 updates, 0 removals to 0 collections
21:20:57.081 [main] DEBUG o.h.internal.util.EntityPrinter - Listing entities:
21:20:57.084 [main] DEBUG o.h.internal.util.EntityPrinter - edu.ncsu.csc.itrust2.models.persistent.LogEntry{secondaryUser=null, logCode=5, primaryUser=logapitest, id=111, time=java.util.GregorianCalendar[time=1521667257077,areFieldsSet=true,areAllFieldsSet=true,lenient=true,zone=sun.util.calendar.ZoneInfo[id="Etc/UTC",offset=0,dstSavings=0,useDaylight=false,transitions=0,lastRule=null],firstDayOfWeek=1,minimalDaysInFirstWeek=1,ERA=1,YEAR=2018,MONTH=2,WEEK_OF_YEAR=12,WEEK_OF_MONTH=4,DAY_OF_MONTH=21,DAY_OF_YEAR=80,DAY_OF_WEEK=4,DAY_OF_WEEK_IN_MONTH=3,AM_PM=1,HOUR=9,HOUR_OF_DAY=21,MINUTE=20,SECOND=57,MILLISECOND=77,ZONE_OFFSET=0,DST_OFFSET=0], message=null}
21:20:57.085 [main] DEBUG org.hibernate.SQL - insert into LogEntries (logCode, message, primaryUser, secondaryUser, time, id) values (?, ?, ?, ?, ?, ?)
Hibernate: insert into LogEntries (logCode, message, primaryUser, secondaryUser, time, id) values (?, ?, ?, ?, ?, ?)
21:20:57.087 [main] DEBUG o.h.e.j.internal.JdbcCoordinatorImpl - HHH000420: Closing un-released batch
21:20:57.087 [main] DEBUG o.h.e.t.internal.TransactionImpl - begin
21:20:57.091 [main] DEBUG org.hibernate.SQL - select next_val as id_val from hibernate_sequence for update
Hibernate: select next_val as id_val from hibernate_sequence for update
21:20:57.092 [main] DEBUG org.hibernate.SQL - update hibernate_sequence set next_val= ? where next_val=?
Hibernate: update hibernate_sequence set next_val= ? where next_val=?
21:20:57.093 [main] DEBUG o.h.e.i.AbstractSaveEventListener - Generated identifier: 112, using strategy: org.hibernate.id.enhanced.SequenceStyleGenerator
21:20:57.094 [main] DEBUG o.h.e.t.internal.TransactionImpl - committing
21:20:57.094 [main] DEBUG o.h.e.i.AbstractFlushingEventListener - Processing flush-time cascades
21:20:57.094 [main] DEBUG o.h.e.i.AbstractFlushingEventListener - Dirty checking collections
21:20:57.094 [main] DEBUG o.h.e.i.AbstractFlushingEventListener - Flushed: 1 insertions, 0 updates, 0 deletions to 1 objects
21:20:57.094 [main] DEBUG o.h.e.i.AbstractFlushingEventListener - Flushed: 0 (re)creations, 0 updates, 0 removals to 0 collections
21:20:57.094 [main] DEBUG o.h.internal.util.EntityPrinter - Listing entities:
21:20:57.094 [main] DEBUG o.h.internal.util.EntityPrinter - edu.ncsu.csc.itrust2.models.persistent.LogEntry{secondaryUser=null, logCode=5, primaryUser=logapitest, id=112, time=java.util.GregorianCalendar[time=1521667257087,areFieldsSet=true,areAllFieldsSet=true,lenient=true,zone=sun.util.calendar.ZoneInfo[id="Etc/UTC",offset=0,dstSavings=0,useDaylight=false,transitions=0,lastRule=null],firstDayOfWeek=1,minimalDaysInFirstWeek=1,ERA=1,YEAR=2018,MONTH=2,WEEK_OF_YEAR=12,WEEK_OF_MONTH=4,DAY_OF_MONTH=21,DAY_OF_YEAR=80,DAY_OF_WEEK=4,DAY_OF_WEEK_IN_MONTH=3,AM_PM=1,HOUR=9,HOUR_OF_DAY=21,MINUTE=20,SECOND=57,MILLISECOND=87,ZONE_OFFSET=0,DST_OFFSET=0], message=null}
21:20:57.095 [main] DEBUG org.hibernate.SQL - insert into LogEntries (logCode, message, primaryUser, secondaryUser, time, id) values (?, ?, ?, ?, ?, ?)
Hibernate: insert into LogEntries (logCode, message, primaryUser, secondaryUser, time, id) values (?, ?, ?, ?, ?, ?)
21:20:57.097 [main] DEBUG o.h.e.j.internal.JdbcCoordinatorImpl - HHH000420: Closing un-released batch
21:20:57.097 [main] DEBUG o.h.e.t.internal.TransactionImpl - begin
21:20:57.098 [main] DEBUG org.hibernate.SQL - select next_val as id_val from hibernate_sequence for update
Hibernate: select next_val as id_val from hibernate_sequence for update
21:20:57.099 [main] DEBUG org.hibernate.SQL - update hibernate_sequence set next_val= ? where next_val=?
Hibernate: update hibernate_sequence set next_val= ? where next_val=?
21:20:57.102 [main] DEBUG o.h.e.i.AbstractSaveEventListener - Generated identifier: 113, using strategy: org.hibernate.id.enhanced.SequenceStyleGenerator
21:20:57.102 [main] DEBUG o.h.e.t.internal.TransactionImpl - committing
21:20:57.103 [main] DEBUG o.h.e.i.AbstractFlushingEventListener - Processing flush-time cascades
21:20:57.103 [main] DEBUG o.h.e.i.AbstractFlushingEventListener - Dirty checking collections
21:20:57.103 [main] DEBUG o.h.e.i.AbstractFlushingEventListener - Flushed: 1 insertions, 0 updates, 0 deletions to 1 objects
21:20:57.103 [main] DEBUG o.h.e.i.AbstractFlushingEventListener - Flushed: 0 (re)creations, 0 updates, 0 removals to 0 collections
21:20:57.103 [main] DEBUG o.h.internal.util.EntityPrinter - Listing entities:
21:20:57.103 [main] DEBUG o.h.internal.util.EntityPrinter - edu.ncsu.csc.itrust2.models.persistent.LogEntry{secondaryUser=null, logCode=5, primaryUser=logapitest, id=113, time=java.util.GregorianCalendar[time=1521667257097,areFieldsSet=true,areAllFieldsSet=true,lenient=true,zone=sun.util.calendar.ZoneInfo[id="Etc/UTC",offset=0,dstSavings=0,useDaylight=false,transitions=0,lastRule=null],firstDayOfWeek=1,minimalDaysInFirstWeek=1,ERA=1,YEAR=2018,MONTH=2,WEEK_OF_YEAR=12,WEEK_OF_MONTH=4,DAY_OF_MONTH=21,DAY_OF_YEAR=80,DAY_OF_WEEK=4,DAY_OF_WEEK_IN_MONTH=3,AM_PM=1,HOUR=9,HOUR_OF_DAY=21,MINUTE=20,SECOND=57,MILLISECOND=97,ZONE_OFFSET=0,DST_OFFSET=0], message=null}
21:20:57.107 [main] DEBUG org.hibernate.SQL - insert into LogEntries (logCode, message, primaryUser, secondaryUser, time, id) values (?, ?, ?, ?, ?, ?)
Hibernate: insert into LogEntries (logCode, message, primaryUser, secondaryUser, time, id) values (?, ?, ?, ?, ?, ?)
21:20:57.114 [main] DEBUG o.h.e.j.internal.JdbcCoordinatorImpl - HHH000420: Closing un-released batch
21:20:57.115 [main] DEBUG o.h.e.t.internal.TransactionImpl - begin
21:20:57.122 [main] DEBUG org.hibernate.SQL - select next_val as id_val from hibernate_sequence for update
Hibernate: select next_val as id_val from hibernate_sequence for update
21:20:57.123 [main] DEBUG org.hibernate.SQL - update hibernate_sequence set next_val= ? where next_val=?
Hibernate: update hibernate_sequence set next_val= ? where next_val=?
21:20:57.124 [main] DEBUG o.h.e.i.AbstractSaveEventListener - Generated identifier: 114, using strategy: org.hibernate.id.enhanced.SequenceStyleGenerator
21:20:57.125 [main] DEBUG o.h.e.t.internal.TransactionImpl - committing
21:20:57.126 [main] DEBUG o.h.e.i.AbstractFlushingEventListener - Processing flush-time cascades
21:20:57.126 [main] DEBUG o.h.e.i.AbstractFlushingEventListener - Dirty checking collections
21:20:57.126 [main] DEBUG o.h.e.i.AbstractFlushingEventListener - Flushed: 1 insertions, 0 updates, 0 deletions to 1 objects
21:20:57.126 [main] DEBUG o.h.e.i.AbstractFlushingEventListener - Flushed: 0 (re)creations, 0 updates, 0 removals to 0 collections
21:20:57.126 [main] DEBUG o.h.internal.util.EntityPrinter - Listing entities:
21:20:57.127 [main] DEBUG o.h.internal.util.EntityPrinter - edu.ncsu.csc.itrust2.models.persistent.LogEntry{secondaryUser=null, logCode=5, primaryUser=logapitest, id=114, time=java.util.GregorianCalendar[time=1521667257115,areFieldsSet=true,areAllFieldsSet=true,lenient=true,zone=sun.util.calendar.ZoneInfo[id="Etc/UTC",offset=0,dstSavings=0,useDaylight=false,transitions=0,lastRule=null],firstDayOfWeek=1,minimalDaysInFirstWeek=1,ERA=1,YEAR=2018,MONTH=2,WEEK_OF_YEAR=12,WEEK_OF_MONTH=4,DAY_OF_MONTH=21,DAY_OF_YEAR=80,DAY_OF_WEEK=4,DAY_OF_WEEK_IN_MONTH=3,AM_PM=1,HOUR=9,HOUR_OF_DAY=21,MINUTE=20,SECOND=57,MILLISECOND=115,ZONE_OFFSET=0,DST_OFFSET=0], message=null}
21:20:57.127 [main] DEBUG org.hibernate.SQL - insert into LogEntries (logCode, message, primaryUser, secondaryUser, time, id) values (?, ?, ?, ?, ?, ?)
Hibernate: insert into LogEntries (logCode, message, primaryUser, secondaryUser, time, id) values (?, ?, ?, ?, ?, ?)
21:20:57.129 [main] DEBUG o.h.e.j.internal.JdbcCoordinatorImpl - HHH000420: Closing un-released batch
21:20:57.135 [main] DEBUG o.h.e.t.internal.TransactionImpl - begin
21:20:57.136 [main] DEBUG org.hibernate.SQL - select next_val as id_val from hibernate_sequence for update
Hibernate: select next_val as id_val from hibernate_sequence for update
21:20:57.136 [main] DEBUG org.hibernate.SQL - update hibernate_sequence set next_val= ? where next_val=?
Hibernate: update hibernate_sequence set next_val= ? where next_val=?
21:20:57.137 [main] DEBUG o.h.e.i.AbstractSaveEventListener - Generated identifier: 115, using strategy: org.hibernate.id.enhanced.SequenceStyleGenerator
21:20:57.138 [main] DEBUG o.h.e.t.internal.TransactionImpl - committing
21:20:57.138 [main] DEBUG o.h.e.i.AbstractFlushingEventListener - Processing flush-time cascades
21:20:57.138 [main] DEBUG o.h.e.i.AbstractFlushingEventListener - Dirty checking collections
21:20:57.138 [main] DEBUG o.h.e.i.AbstractFlushingEventListener - Flushed: 1 insertions, 0 updates, 0 deletions to 1 objects
21:20:57.138 [main] DEBUG o.h.e.i.AbstractFlushingEventListener - Flushed: 0 (re)creations, 0 updates, 0 removals to 0 collections
21:20:57.138 [main] DEBUG o.h.internal.util.EntityPrinter - Listing entities:
21:20:57.138 [main] DEBUG o.h.internal.util.EntityPrinter - edu.ncsu.csc.itrust2.models.persistent.LogEntry{secondaryUser=null, logCode=5, primaryUser=logapitest, id=115, time=java.util.GregorianCalendar[time=1521667257135,areFieldsSet=true,areAllFieldsSet=true,lenient=true,zone=sun.util.calendar.ZoneInfo[id="Etc/UTC",offset=0,dstSavings=0,useDaylight=false,transitions=0,lastRule=null],firstDayOfWeek=1,minimalDaysInFirstWeek=1,ERA=1,YEAR=2018,MONTH=2,WEEK_OF_YEAR=12,WEEK_OF_MONTH=4,DAY_OF_MONTH=21,DAY_OF_YEAR=80,DAY_OF_WEEK=4,DAY_OF_WEEK_IN_MONTH=3,AM_PM=1,HOUR=9,HOUR_OF_DAY=21,MINUTE=20,SECOND=57,MILLISECOND=135,ZONE_OFFSET=0,DST_OFFSET=0], message=null}
21:20:57.138 [main] DEBUG org.hibernate.SQL - insert into LogEntries (logCode, message, primaryUser, secondaryUser, time, id) values (?, ?, ?, ?, ?, ?)
Hibernate: insert into LogEntries (logCode, message, primaryUser, secondaryUser, time, id) values (?, ?, ?, ?, ?, ?)
21:20:57.142 [main] DEBUG o.h.e.j.internal.JdbcCoordinatorImpl - HHH000420: Closing un-released batch
21:20:57.144 [main] DEBUG o.h.e.t.internal.TransactionImpl - begin
21:20:57.146 [main] DEBUG org.hibernate.SQL - select next_val as id_val from hibernate_sequence for update
Hibernate: select next_val as id_val from hibernate_sequence for update
21:20:57.147 [main] DEBUG org.hibernate.SQL - update hibernate_sequence set next_val= ? where next_val=?
Hibernate: update hibernate_sequence set next_val= ? where next_val=?
21:20:57.149 [main] DEBUG o.h.e.i.AbstractSaveEventListener - Generated identifier: 116, using strategy: org.hibernate.id.enhanced.SequenceStyleGenerator
21:20:57.149 [main] DEBUG o.h.e.t.internal.TransactionImpl - committing
21:20:57.149 [main] DEBUG o.h.e.i.AbstractFlushingEventListener - Processing flush-time cascades
21:20:57.149 [main] DEBUG o.h.e.i.AbstractFlushingEventListener - Dirty checking collections
21:20:57.150 [main] DEBUG o.h.e.i.AbstractFlushingEventListener - Flushed: 1 insertions, 0 updates, 0 deletions to 1 objects
21:20:57.150 [main] DEBUG o.h.e.i.AbstractFlushingEventListener - Flushed: 0 (re)creations, 0 updates, 0 removals to 0 collections
21:20:57.150 [main] DEBUG o.h.internal.util.EntityPrinter - Listing entities:
21:20:57.150 [main] DEBUG o.h.internal.util.EntityPrinter - edu.ncsu.csc.itrust2.models.persistent.LogEntry{secondaryUser=null, logCode=5, primaryUser=logapitest, id=116, time=java.util.GregorianCalendar[time=1521667257144,areFieldsSet=true,areAllFieldsSet=true,lenient=true,zone=sun.util.calendar.ZoneInfo[id="Etc/UTC",offset=0,dstSavings=0,useDaylight=false,transitions=0,lastRule=null],firstDayOfWeek=1,minimalDaysInFirstWeek=1,ERA=1,YEAR=2018,MONTH=2,WEEK_OF_YEAR=12,WEEK_OF_MONTH=4,DAY_OF_MONTH=21,DAY_OF_YEAR=80,DAY_OF_WEEK=4,DAY_OF_WEEK_IN_MONTH=3,AM_PM=1,HOUR=9,HOUR_OF_DAY=21,MINUTE=20,SECOND=57,MILLISECOND=144,ZONE_OFFSET=0,DST_OFFSET=0], message=null}
21:20:57.150 [main] DEBUG org.hibernate.SQL - insert into LogEntries (logCode, message, primaryUser, secondaryUser, time, id) values (?, ?, ?, ?, ?, ?)
Hibernate: insert into LogEntries (logCode, message, primaryUser, secondaryUser, time, id) values (?, ?, ?, ?, ?, ?)
21:20:57.159 [main] DEBUG o.h.e.j.internal.JdbcCoordinatorImpl - HHH000420: Closing un-released batch
21:20:57.160 [main] DEBUG o.h.e.t.internal.TransactionImpl - begin
21:20:57.162 [main] DEBUG org.hibernate.SQL - select next_val as id_val from hibernate_sequence for update
Hibernate: select next_val as id_val from hibernate_sequence for update
21:20:57.163 [main] DEBUG org.hibernate.SQL - update hibernate_sequence set next_val= ? where next_val=?
Hibernate: update hibernate_sequence set next_val= ? where next_val=?
21:20:57.166 [main] DEBUG o.h.e.i.AbstractSaveEventListener - Generated identifier: 117, using strategy: org.hibernate.id.enhanced.SequenceStyleGenerator
21:20:57.166 [main] DEBUG o.h.e.t.internal.TransactionImpl - committing
21:20:57.166 [main] DEBUG o.h.e.i.AbstractFlushingEventListener - Processing flush-time cascades
21:20:57.166 [main] DEBUG o.h.e.i.AbstractFlushingEventListener - Dirty checking collections
21:20:57.167 [main] DEBUG o.h.e.i.AbstractFlushingEventListener - Flushed: 1 insertions, 0 updates, 0 deletions to 1 objects
21:20:57.167 [main] DEBUG o.h.e.i.AbstractFlushingEventListener - Flushed: 0 (re)creations, 0 updates, 0 removals to 0 collections
21:20:57.167 [main] DEBUG o.h.internal.util.EntityPrinter - Listing entities:
21:20:57.167 [main] DEBUG o.h.internal.util.EntityPrinter - edu.ncsu.csc.itrust2.models.persistent.LogEntry{secondaryUser=null, logCode=5, primaryUser=logapitest, id=117, time=java.util.GregorianCalendar[time=1521667257160,areFieldsSet=true,areAllFieldsSet=true,lenient=true,zone=sun.util.calendar.ZoneInfo[id="Etc/UTC",offset=0,dstSavings=0,useDaylight=false,transitions=0,lastRule=null],firstDayOfWeek=1,minimalDaysInFirstWeek=1,ERA=1,YEAR=2018,MONTH=2,WEEK_OF_YEAR=12,WEEK_OF_MONTH=4,DAY_OF_MONTH=21,DAY_OF_YEAR=80,DAY_OF_WEEK=4,DAY_OF_WEEK_IN_MONTH=3,AM_PM=1,HOUR=9,HOUR_OF_DAY=21,MINUTE=20,SECOND=57,MILLISECOND=160,ZONE_OFFSET=0,DST_OFFSET=0], message=null}
21:20:57.167 [main] DEBUG org.hibernate.SQL - insert into LogEntries (logCode, message, primaryUser, secondaryUser, time, id) values (?, ?, ?, ?, ?, ?)
Hibernate: insert into LogEntries (logCode, message, primaryUser, secondaryUser, time, id) values (?, ?, ?, ?, ?, ?)
21:20:57.174 [main] DEBUG o.h.e.j.internal.JdbcCoordinatorImpl - HHH000420: Closing un-released batch
21:20:57.175 [main] DEBUG o.h.e.t.internal.TransactionImpl - begin
21:20:57.178 [main] DEBUG org.hibernate.SQL - select next_val as id_val from hibernate_sequence for update
Hibernate: select next_val as id_val from hibernate_sequence for update
21:20:57.179 [main] DEBUG org.hibernate.SQL - update hibernate_sequence set next_val= ? where next_val=?
Hibernate: update hibernate_sequence set next_val= ? where next_val=?
21:20:57.181 [main] DEBUG o.h.e.i.AbstractSaveEventListener - Generated identifier: 118, using strategy: org.hibernate.id.enhanced.SequenceStyleGenerator
21:20:57.182 [main] DEBUG o.h.e.t.internal.TransactionImpl - committing
21:20:57.182 [main] DEBUG o.h.e.i.AbstractFlushingEventListener - Processing flush-time cascades
21:20:57.182 [main] DEBUG o.h.e.i.AbstractFlushingEventListener - Dirty checking collections
21:20:57.182 [main] DEBUG o.h.e.i.AbstractFlushingEventListener - Flushed: 1 insertions, 0 updates, 0 deletions to 1 objects
21:20:57.182 [main] DEBUG o.h.e.i.AbstractFlushingEventListener - Flushed: 0 (re)creations, 0 updates, 0 removals to 0 collections
21:20:57.182 [main] DEBUG o.h.internal.util.EntityPrinter - Listing entities:
21:20:57.182 [main] DEBUG o.h.internal.util.EntityPrinter - edu.ncsu.csc.itrust2.models.persistent.LogEntry{secondaryUser=null, logCode=5, primaryUser=logapitest, id=118, time=java.util.GregorianCalendar[time=1521667257175,areFieldsSet=true,areAllFieldsSet=true,lenient=true,zone=sun.util.calendar.ZoneInfo[id="Etc/UTC",offset=0,dstSavings=0,useDaylight=false,transitions=0,lastRule=null],firstDayOfWeek=1,minimalDaysInFirstWeek=1,ERA=1,YEAR=2018,MONTH=2,WEEK_OF_YEAR=12,WEEK_OF_MONTH=4,DAY_OF_MONTH=21,DAY_OF_YEAR=80,DAY_OF_WEEK=4,DAY_OF_WEEK_IN_MONTH=3,AM_PM=1,HOUR=9,HOUR_OF_DAY=21,MINUTE=20,SECOND=57,MILLISECOND=175,ZONE_OFFSET=0,DST_OFFSET=0], message=null}
21:20:57.183 [main] DEBUG org.hibernate.SQL - insert into LogEntries (logCode, message, primaryUser, secondaryUser, time, id) values (?, ?, ?, ?, ?, ?)
Hibernate: insert into LogEntries (logCode, message, primaryUser, secondaryUser, time, id) values (?, ?, ?, ?, ?, ?)
21:20:57.190 [main] DEBUG o.h.e.j.internal.JdbcCoordinatorImpl - HHH000420: Closing un-released batch
21:20:57.191 [main] DEBUG o.h.e.t.internal.TransactionImpl - begin
21:20:57.194 [main] DEBUG org.hibernate.SQL - select next_val as id_val from hibernate_sequence for update
Hibernate: select next_val as id_val from hibernate_sequence for update
21:20:57.195 [main] DEBUG org.hibernate.SQL - update hibernate_sequence set next_val= ? where next_val=?
Hibernate: update hibernate_sequence set next_val= ? where next_val=?
21:20:57.198 [main] DEBUG o.h.e.i.AbstractSaveEventListener - Generated identifier: 119, using strategy: org.hibernate.id.enhanced.SequenceStyleGenerator
21:20:57.198 [main] DEBUG o.h.e.t.internal.TransactionImpl - committing
21:20:57.198 [main] DEBUG o.h.e.i.AbstractFlushingEventListener - Processing flush-time cascades
21:20:57.198 [main] DEBUG o.h.e.i.AbstractFlushingEventListener - Dirty checking collections
21:20:57.198 [main] DEBUG o.h.e.i.AbstractFlushingEventListener - Flushed: 1 insertions, 0 updates, 0 deletions to 1 objects
21:20:57.198 [main] DEBUG o.h.e.i.AbstractFlushingEventListener - Flushed: 0 (re)creations, 0 updates, 0 removals to 0 collections
21:20:57.198 [main] DEBUG o.h.internal.util.EntityPrinter - Listing entities:
21:20:57.198 [main] DEBUG o.h.internal.util.EntityPrinter - edu.ncsu.csc.itrust2.models.persistent.LogEntry{secondaryUser=null, logCode=5, primaryUser=logapitest, id=119, time=java.util.GregorianCalendar[time=1521667257191,areFieldsSet=true,areAllFieldsSet=true,lenient=true,zone=sun.util.calendar.ZoneInfo[id="Etc/UTC",offset=0,dstSavings=0,useDaylight=false,transitions=0,lastRule=null],firstDayOfWeek=1,minimalDaysInFirstWeek=1,ERA=1,YEAR=2018,MONTH=2,WEEK_OF_YEAR=12,WEEK_OF_MONTH=4,DAY_OF_MONTH=21,DAY_OF_YEAR=80,DAY_OF_WEEK=4,DAY_OF_WEEK_IN_MONTH=3,AM_PM=1,HOUR=9,HOUR_OF_DAY=21,MINUTE=20,SECOND=57,MILLISECOND=191,ZONE_OFFSET=0,DST_OFFSET=0], message=null}
21:20:57.199 [main] DEBUG org.hibernate.SQL - insert into LogEntries (logCode, message, primaryUser, secondaryUser, time, id) values (?, ?, ?, ?, ?, ?)
Hibernate: insert into LogEntries (logCode, message, primaryUser, secondaryUser, time, id) values (?, ?, ?, ?, ?, ?)
21:20:57.206 [main] DEBUG o.h.e.j.internal.JdbcCoordinatorImpl - HHH000420: Closing un-released batch
21:20:57.208 [main] DEBUG o.h.e.t.internal.TransactionImpl - begin
21:20:57.210 [main] DEBUG org.hibernate.SQL - select next_val as id_val from hibernate_sequence for update
Hibernate: select next_val as id_val from hibernate_sequence for update
21:20:57.212 [main] DEBUG org.hibernate.SQL - update hibernate_sequence set next_val= ? where next_val=?
Hibernate: update hibernate_sequence set next_val= ? where next_val=?
21:20:57.215 [main] DEBUG o.h.e.i.AbstractSaveEventListener - Generated identifier: 120, using strategy: org.hibernate.id.enhanced.SequenceStyleGenerator
21:20:57.215 [main] DEBUG o.h.e.t.internal.TransactionImpl - committing
21:20:57.216 [main] DEBUG o.h.e.i.AbstractFlushingEventListener - Processing flush-time cascades
21:20:57.216 [main] DEBUG o.h.e.i.AbstractFlushingEventListener - Dirty checking collections
21:20:57.216 [main] DEBUG o.h.e.i.AbstractFlushingEventListener - Flushed: 1 insertions, 0 updates, 0 deletions to 1 objects
21:20:57.216 [main] DEBUG o.h.e.i.AbstractFlushingEventListener - Flushed: 0 (re)creations, 0 updates, 0 removals to 0 collections
21:20:57.216 [main] DEBUG o.h.internal.util.EntityPrinter - Listing entities:
21:20:57.216 [main] DEBUG o.h.internal.util.EntityPrinter - edu.ncsu.csc.itrust2.models.persistent.LogEntry{secondaryUser=null, logCode=5, primaryUser=logapitest, id=120, time=java.util.GregorianCalendar[time=1521667257208,areFieldsSet=true,areAllFieldsSet=true,lenient=true,zone=sun.util.calendar.ZoneInfo[id="Etc/UTC",offset=0,dstSavings=0,useDaylight=false,transitions=0,lastRule=null],firstDayOfWeek=1,minimalDaysInFirstWeek=1,ERA=1,YEAR=2018,MONTH=2,WEEK_OF_YEAR=12,WEEK_OF_MONTH=4,DAY_OF_MONTH=21,DAY_OF_YEAR=80,DAY_OF_WEEK=4,DAY_OF_WEEK_IN_MONTH=3,AM_PM=1,HOUR=9,HOUR_OF_DAY=21,MINUTE=20,SECOND=57,MILLISECOND=208,ZONE_OFFSET=0,DST_OFFSET=0], message=null}
21:20:57.216 [main] DEBUG org.hibernate.SQL - insert into LogEntries (logCode, message, primaryUser, secondaryUser, time, id) values (?, ?, ?, ?, ?, ?)
Hibernate: insert into LogEntries (logCode, message, primaryUser, secondaryUser, time, id) values (?, ?, ?, ?, ?, ?)
21:20:57.223 [main] DEBUG o.h.e.j.internal.JdbcCoordinatorImpl - HHH000420: Closing un-released batch
21:20:57.224 [main] DEBUG o.h.e.t.internal.TransactionImpl - begin
21:20:57.229 [main] DEBUG org.hibernate.SQL - select next_val as id_val from hibernate_sequence for update
Hibernate: select next_val as id_val from hibernate_sequence for update
21:20:57.230 [main] DEBUG org.hibernate.SQL - update hibernate_sequence set next_val= ? where next_val=?
Hibernate: update hibernate_sequence set next_val= ? where next_val=?
21:20:57.232 [main] DEBUG o.h.e.i.AbstractSaveEventListener - Generated identifier: 121, using strategy: org.hibernate.id.enhanced.SequenceStyleGenerator
21:20:57.233 [main] DEBUG o.h.e.t.internal.TransactionImpl - committing
21:20:57.233 [main] DEBUG o.h.e.i.AbstractFlushingEventListener - Processing flush-time cascades
21:20:57.233 [main] DEBUG o.h.e.i.AbstractFlushingEventListener - Dirty checking collections
21:20:57.233 [main] DEBUG o.h.e.i.AbstractFlushingEventListener - Flushed: 1 insertions, 0 updates, 0 deletions to 1 objects
21:20:57.233 [main] DEBUG o.h.e.i.AbstractFlushingEventListener - Flushed: 0 (re)creations, 0 updates, 0 removals to 0 collections
21:20:57.233 [main] DEBUG o.h.internal.util.EntityPrinter - Listing entities:
21:20:57.233 [main] DEBUG o.h.internal.util.EntityPrinter - edu.ncsu.csc.itrust2.models.persistent.LogEntry{secondaryUser=null, logCode=5, primaryUser=logapitest, id=121, time=java.util.GregorianCalendar[time=1521667257224,areFieldsSet=true,areAllFieldsSet=true,lenient=true,zone=sun.util.calendar.ZoneInfo[id="Etc/UTC",offset=0,dstSavings=0,useDaylight=false,transitions=0,lastRule=null],firstDayOfWeek=1,minimalDaysInFirstWeek=1,ERA=1,YEAR=2018,MONTH=2,WEEK_OF_YEAR=12,WEEK_OF_MONTH=4,DAY_OF_MONTH=21,DAY_OF_YEAR=80,DAY_OF_WEEK=4,DAY_OF_WEEK_IN_MONTH=3,AM_PM=1,HOUR=9,HOUR_OF_DAY=21,MINUTE=20,SECOND=57,MILLISECOND=224,ZONE_OFFSET=0,DST_OFFSET=0], message=null}
21:20:57.234 [main] DEBUG org.hibernate.SQL - insert into LogEntries (logCode, message, primaryUser, secondaryUser, time, id) values (?, ?, ?, ?, ?, ?)
Hibernate: insert into LogEntries (logCode, message, primaryUser, secondaryUser, time, id) values (?, ?, ?, ?, ?, ?)
21:20:57.241 [main] DEBUG o.h.e.j.internal.JdbcCoordinatorImpl - HHH000420: Closing un-released batch
21:20:57.243 [main] DEBUG o.h.e.t.internal.TransactionImpl - begin
21:20:57.246 [main] DEBUG org.hibernate.SQL - select next_val as id_val from hibernate_sequence for update
Hibernate: select next_val as id_val from hibernate_sequence for update
21:20:57.247 [main] DEBUG org.hibernate.SQL - update hibernate_sequence set next_val= ? where next_val=?
Hibernate: update hibernate_sequence set next_val= ? where next_val=?
21:20:57.249 [main] DEBUG o.h.e.i.AbstractSaveEventListener - Generated identifier: 122, using strategy: org.hibernate.id.enhanced.SequenceStyleGenerator
21:20:57.250 [main] DEBUG o.h.e.t.internal.TransactionImpl - committing
21:20:57.250 [main] DEBUG o.h.e.i.AbstractFlushingEventListener - Processing flush-time cascades
21:20:57.250 [main] DEBUG o.h.e.i.AbstractFlushingEventListener - Dirty checking collections
21:20:57.250 [main] DEBUG o.h.e.i.AbstractFlushingEventListener - Flushed: 1 insertions, 0 updates, 0 deletions to 1 objects
21:20:57.250 [main] DEBUG o.h.e.i.AbstractFlushingEventListener - Flushed: 0 (re)creations, 0 updates, 0 removals to 0 collections
21:20:57.250 [main] DEBUG o.h.internal.util.EntityPrinter - Listing entities:
21:20:57.250 [main] DEBUG o.h.internal.util.EntityPrinter - edu.ncsu.csc.itrust2.models.persistent.LogEntry{secondaryUser=null, logCode=5, primaryUser=logapitest, id=122, time=java.util.GregorianCalendar[time=1521667257243,areFieldsSet=true,areAllFieldsSet=true,lenient=true,zone=sun.util.calendar.ZoneInfo[id="Etc/UTC",offset=0,dstSavings=0,useDaylight=false,transitions=0,lastRule=null],firstDayOfWeek=1,minimalDaysInFirstWeek=1,ERA=1,YEAR=2018,MONTH=2,WEEK_OF_YEAR=12,WEEK_OF_MONTH=4,DAY_OF_MONTH=21,DAY_OF_YEAR=80,DAY_OF_WEEK=4,DAY_OF_WEEK_IN_MONTH=3,AM_PM=1,HOUR=9,HOUR_OF_DAY=21,MINUTE=20,SECOND=57,MILLISECOND=243,ZONE_OFFSET=0,DST_OFFSET=0], message=null}
21:20:57.250 [main] DEBUG org.hibernate.SQL - insert into LogEntries (logCode, message, primaryUser, secondaryUser, time, id) values (?, ?, ?, ?, ?, ?)
Hibernate: insert into LogEntries (logCode, message, primaryUser, secondaryUser, time, id) values (?, ?, ?, ?, ?, ?)
21:20:57.258 [main] DEBUG o.h.e.j.internal.JdbcCoordinatorImpl - HHH000420: Closing un-released batch
21:20:57.259 [main] DEBUG o.h.e.t.internal.TransactionImpl - begin
21:20:57.262 [main] DEBUG org.hibernate.SQL - select next_val as id_val from hibernate_sequence for update
Hibernate: select next_val as id_val from hibernate_sequence for update
21:20:57.264 [main] DEBUG org.hibernate.SQL - update hibernate_sequence set next_val= ? where next_val=?
Hibernate: update hibernate_sequence set next_val= ? where next_val=?
21:20:57.267 [main] DEBUG o.h.e.i.AbstractSaveEventListener - Generated identifier: 123, using strategy: org.hibernate.id.enhanced.SequenceStyleGenerator
21:20:57.267 [main] DEBUG o.h.e.t.internal.TransactionImpl - committing
21:20:57.267 [main] DEBUG o.h.e.i.AbstractFlushingEventListener - Processing flush-time cascades
21:20:57.267 [main] DEBUG o.h.e.i.AbstractFlushingEventListener - Dirty checking collections
21:20:57.267 [main] DEBUG o.h.e.i.AbstractFlushingEventListener - Flushed: 1 insertions, 0 updates, 0 deletions to 1 objects
21:20:57.267 [main] DEBUG o.h.e.i.AbstractFlushingEventListener - Flushed: 0 (re)creations, 0 updates, 0 removals to 0 collections
21:20:57.267 [main] DEBUG o.h.internal.util.EntityPrinter - Listing entities:
21:20:57.268 [main] DEBUG o.h.internal.util.EntityPrinter - edu.ncsu.csc.itrust2.models.persistent.LogEntry{secondaryUser=null, logCode=5, primaryUser=logapitest, id=123, time=java.util.GregorianCalendar[time=1521667257259,areFieldsSet=true,areAllFieldsSet=true,lenient=true,zone=sun.util.calendar.ZoneInfo[id="Etc/UTC",offset=0,dstSavings=0,useDaylight=false,transitions=0,lastRule=null],firstDayOfWeek=1,minimalDaysInFirstWeek=1,ERA=1,YEAR=2018,MONTH=2,WEEK_OF_YEAR=12,WEEK_OF_MONTH=4,DAY_OF_MONTH=21,DAY_OF_YEAR=80,DAY_OF_WEEK=4,DAY_OF_WEEK_IN_MONTH=3,AM_PM=1,HOUR=9,HOUR_OF_DAY=21,MINUTE=20,SECOND=57,MILLISECOND=259,ZONE_OFFSET=0,DST_OFFSET=0], message=null}
21:20:57.268 [main] DEBUG org.hibernate.SQL - insert into LogEntries (logCode, message, primaryUser, secondaryUser, time, id) values (?, ?, ?, ?, ?, ?)
Hibernate: insert into LogEntries (logCode, message, primaryUser, secondaryUser, time, id) values (?, ?, ?, ?, ?, ?)
21:20:57.277 [main] DEBUG o.h.e.j.internal.JdbcCoordinatorImpl - HHH000420: Closing un-released batch
21:20:57.278 [main] DEBUG o.h.e.t.internal.TransactionImpl - begin
21:20:57.282 [main] DEBUG org.hibernate.SQL - select next_val as id_val from hibernate_sequence for update
Hibernate: select next_val as id_val from hibernate_sequence for update
21:20:57.283 [main] DEBUG org.hibernate.SQL - update hibernate_sequence set next_val= ? where next_val=?
Hibernate: update hibernate_sequence set next_val= ? where next_val=?
21:20:57.288 [main] DEBUG o.h.e.i.AbstractSaveEventListener - Generated identifier: 124, using strategy: org.hibernate.id.enhanced.SequenceStyleGenerator
21:20:57.296 [main] DEBUG o.h.e.t.internal.TransactionImpl - committing
21:20:57.297 [main] DEBUG o.h.e.i.AbstractFlushingEventListener - Processing flush-time cascades
21:20:57.297 [main] DEBUG o.h.e.i.AbstractFlushingEventListener - Dirty checking collections
21:20:57.297 [main] DEBUG o.h.e.i.AbstractFlushingEventListener - Flushed: 1 insertions, 0 updates, 0 deletions to 1 objects
21:20:57.297 [main] DEBUG o.h.e.i.AbstractFlushingEventListener - Flushed: 0 (re)creations, 0 updates, 0 removals to 0 collections
21:20:57.297 [main] DEBUG o.h.internal.util.EntityPrinter - Listing entities:
21:20:57.297 [main] DEBUG o.h.internal.util.EntityPrinter - edu.ncsu.csc.itrust2.models.persistent.LogEntry{secondaryUser=null, logCode=5, primaryUser=logapitest, id=124, time=java.util.GregorianCalendar[time=1521667257278,areFieldsSet=true,areAllFieldsSet=true,lenient=true,zone=sun.util.calendar.ZoneInfo[id="Etc/UTC",offset=0,dstSavings=0,useDaylight=false,transitions=0,lastRule=null],firstDayOfWeek=1,minimalDaysInFirstWeek=1,ERA=1,YEAR=2018,MONTH=2,WEEK_OF_YEAR=12,WEEK_OF_MONTH=4,DAY_OF_MONTH=21,DAY_OF_YEAR=80,DAY_OF_WEEK=4,DAY_OF_WEEK_IN_MONTH=3,AM_PM=1,HOUR=9,HOUR_OF_DAY=21,MINUTE=20,SECOND=57,MILLISECOND=278,ZONE_OFFSET=0,DST_OFFSET=0], message=null}
21:20:57.299 [main] DEBUG org.hibernate.SQL - insert into LogEntries (logCode, message, primaryUser, secondaryUser, time, id) values (?, ?, ?, ?, ?, ?)
Hibernate: insert into LogEntries (logCode, message, primaryUser, secondaryUser, time, id) values (?, ?, ?, ?, ?, ?)
21:20:57.301 [main] DEBUG o.h.e.j.internal.JdbcCoordinatorImpl - HHH000420: Closing un-released batch
21:20:57.302 [main] DEBUG o.h.e.t.internal.TransactionImpl - begin
21:20:57.303 [main] DEBUG org.hibernate.SQL - select next_val as id_val from hibernate_sequence for update
Hibernate: select next_val as id_val from hibernate_sequence for update
21:20:57.303 [main] DEBUG org.hibernate.SQL - update hibernate_sequence set next_val= ? where next_val=?
Hibernate: update hibernate_sequence set next_val= ? where next_val=?
21:20:57.310 [main] DEBUG o.h.e.i.AbstractSaveEventListener - Generated identifier: 125, using strategy: org.hibernate.id.enhanced.SequenceStyleGenerator
21:20:57.311 [main] DEBUG o.h.e.t.internal.TransactionImpl - committing
21:20:57.311 [main] DEBUG o.h.e.i.AbstractFlushingEventListener - Processing flush-time cascades
21:20:57.311 [main] DEBUG o.h.e.i.AbstractFlushingEventListener - Dirty checking collections
21:20:57.311 [main] DEBUG o.h.e.i.AbstractFlushingEventListener - Flushed: 1 insertions, 0 updates, 0 deletions to 1 objects
21:20:57.311 [main] DEBUG o.h.e.i.AbstractFlushingEventListener - Flushed: 0 (re)creations, 0 updates, 0 removals to 0 collections
21:20:57.311 [main] DEBUG o.h.internal.util.EntityPrinter - Listing entities:
21:20:57.312 [main] DEBUG o.h.internal.util.EntityPrinter - edu.ncsu.csc.itrust2.models.persistent.LogEntry{secondaryUser=null, logCode=5, primaryUser=logapitest, id=125, time=java.util.GregorianCalendar[time=1521667257302,areFieldsSet=true,areAllFieldsSet=true,lenient=true,zone=sun.util.calendar.ZoneInfo[id="Etc/UTC",offset=0,dstSavings=0,useDaylight=false,transitions=0,lastRule=null],firstDayOfWeek=1,minimalDaysInFirstWeek=1,ERA=1,YEAR=2018,MONTH=2,WEEK_OF_YEAR=12,WEEK_OF_MONTH=4,DAY_OF_MONTH=21,DAY_OF_YEAR=80,DAY_OF_WEEK=4,DAY_OF_WEEK_IN_MONTH=3,AM_PM=1,HOUR=9,HOUR_OF_DAY=21,MINUTE=20,SECOND=57,MILLISECOND=302,ZONE_OFFSET=0,DST_OFFSET=0], message=null}
21:20:57.312 [main] DEBUG org.hibernate.SQL - insert into LogEntries (logCode, message, primaryUser, secondaryUser, time, id) values (?, ?, ?, ?, ?, ?)
Hibernate: insert into LogEntries (logCode, message, primaryUser, secondaryUser, time, id) values (?, ?, ?, ?, ?, ?)
21:20:57.315 [main] DEBUG o.h.e.j.internal.JdbcCoordinatorImpl - HHH000420: Closing un-released batch
21:20:57.316 [main] DEBUG o.h.e.t.internal.TransactionImpl - begin
21:20:57.321 [main] DEBUG org.hibernate.SQL - select next_val as id_val from hibernate_sequence for update
Hibernate: select next_val as id_val from hibernate_sequence for update
21:20:57.322 [main] DEBUG org.hibernate.SQL - update hibernate_sequence set next_val= ? where next_val=?
Hibernate: update hibernate_sequence set next_val= ? where next_val=?
21:20:57.323 [main] DEBUG o.h.e.i.AbstractSaveEventListener - Generated identifier: 126, using strategy: org.hibernate.id.enhanced.SequenceStyleGenerator
21:20:57.324 [main] DEBUG o.h.e.t.internal.TransactionImpl - committing
21:20:57.324 [main] DEBUG o.h.e.i.AbstractFlushingEventListener - Processing flush-time cascades
21:20:57.324 [main] DEBUG o.h.e.i.AbstractFlushingEventListener - Dirty checking collections
21:20:57.324 [main] DEBUG o.h.e.i.AbstractFlushingEventListener - Flushed: 1 insertions, 0 updates, 0 deletions to 1 objects
21:20:57.324 [main] DEBUG o.h.e.i.AbstractFlushingEventListener - Flushed: 0 (re)creations, 0 updates, 0 removals to 0 collections
21:20:57.324 [main] DEBUG o.h.internal.util.EntityPrinter - Listing entities:
21:20:57.324 [main] DEBUG o.h.internal.util.EntityPrinter - edu.ncsu.csc.itrust2.models.persistent.LogEntry{secondaryUser=null, logCode=5, primaryUser=logapitest, id=126, time=java.util.GregorianCalendar[time=1521667257316,areFieldsSet=true,areAllFieldsSet=true,lenient=true,zone=sun.util.calendar.ZoneInfo[id="Etc/UTC",offset=0,dstSavings=0,useDaylight=false,transitions=0,lastRule=null],firstDayOfWeek=1,minimalDaysInFirstWeek=1,ERA=1,YEAR=2018,MONTH=2,WEEK_OF_YEAR=12,WEEK_OF_MONTH=4,DAY_OF_MONTH=21,DAY_OF_YEAR=80,DAY_OF_WEEK=4,DAY_OF_WEEK_IN_MONTH=3,AM_PM=1,HOUR=9,HOUR_OF_DAY=21,MINUTE=20,SECOND=57,MILLISECOND=316,ZONE_OFFSET=0,DST_OFFSET=0], message=null}
21:20:57.326 [main] DEBUG org.hibernate.SQL - insert into LogEntries (logCode, message, primaryUser, secondaryUser, time, id) values (?, ?, ?, ?, ?, ?)
Hibernate: insert into LogEntries (logCode, message, primaryUser, secondaryUser, time, id) values (?, ?, ?, ?, ?, ?)
21:20:57.331 [main] DEBUG o.h.e.j.internal.JdbcCoordinatorImpl - HHH000420: Closing un-released batch
21:20:57.332 [main] DEBUG o.h.e.t.internal.TransactionImpl - begin
21:20:57.332 [main] DEBUG org.hibernate.SQL - select next_val as id_val from hibernate_sequence for update
Hibernate: select next_val as id_val from hibernate_sequence for update
21:20:57.333 [main] DEBUG org.hibernate.SQL - update hibernate_sequence set next_val= ? where next_val=?
Hibernate: update hibernate_sequence set next_val= ? where next_val=?
21:20:57.334 [main] DEBUG o.h.e.i.AbstractSaveEventListener - Generated identifier: 127, using strategy: org.hibernate.id.enhanced.SequenceStyleGenerator
21:20:57.334 [main] DEBUG o.h.e.t.internal.TransactionImpl - committing
21:20:57.335 [main] DEBUG o.h.e.i.AbstractFlushingEventListener - Processing flush-time cascades
21:20:57.335 [main] DEBUG o.h.e.i.AbstractFlushingEventListener - Dirty checking collections
21:20:57.335 [main] DEBUG o.h.e.i.AbstractFlushingEventListener - Flushed: 1 insertions, 0 updates, 0 deletions to 1 objects
21:20:57.335 [main] DEBUG o.h.e.i.AbstractFlushingEventListener - Flushed: 0 (re)creations, 0 updates, 0 removals to 0 collections
21:20:57.336 [main] DEBUG o.h.internal.util.EntityPrinter - Listing entities:
21:20:57.336 [main] DEBUG o.h.internal.util.EntityPrinter - edu.ncsu.csc.itrust2.models.persistent.LogEntry{secondaryUser=null, logCode=5, primaryUser=logapitest, id=127, time=java.util.GregorianCalendar[time=1521667257331,areFieldsSet=true,areAllFieldsSet=true,lenient=true,zone=sun.util.calendar.ZoneInfo[id="Etc/UTC",offset=0,dstSavings=0,useDaylight=false,transitions=0,lastRule=null],firstDayOfWeek=1,minimalDaysInFirstWeek=1,ERA=1,YEAR=2018,MONTH=2,WEEK_OF_YEAR=12,WEEK_OF_MONTH=4,DAY_OF_MONTH=21,DAY_OF_YEAR=80,DAY_OF_WEEK=4,DAY_OF_WEEK_IN_MONTH=3,AM_PM=1,HOUR=9,HOUR_OF_DAY=21,MINUTE=20,SECOND=57,MILLISECOND=331,ZONE_OFFSET=0,DST_OFFSET=0], message=null}
21:20:57.336 [main] DEBUG org.hibernate.SQL - insert into LogEntries (logCode, message, primaryUser, secondaryUser, time, id) values (?, ?, ?, ?, ?, ?)
Hibernate: insert into LogEntries (logCode, message, primaryUser, secondaryUser, time, id) values (?, ?, ?, ?, ?, ?)
21:20:57.338 [main] DEBUG o.h.e.j.internal.JdbcCoordinatorImpl - HHH000420: Closing un-released batch
21:20:57.344 [main] DEBUG o.h.e.t.internal.TransactionImpl - begin
21:20:57.345 [main] DEBUG org.hibernate.SQL - select next_val as id_val from hibernate_sequence for update
Hibernate: select next_val as id_val from hibernate_sequence for update
21:20:57.345 [main] DEBUG org.hibernate.SQL - update hibernate_sequence set next_val= ? where next_val=?
Hibernate: update hibernate_sequence set next_val= ? where next_val=?
21:20:57.346 [main] DEBUG o.h.e.i.AbstractSaveEventListener - Generated identifier: 128, using strategy: org.hibernate.id.enhanced.SequenceStyleGenerator
21:20:57.347 [main] DEBUG o.h.e.t.internal.TransactionImpl - committing
21:20:57.347 [main] DEBUG o.h.e.i.AbstractFlushingEventListener - Processing flush-time cascades
21:20:57.347 [main] DEBUG o.h.e.i.AbstractFlushingEventListener - Dirty checking collections
21:20:57.347 [main] DEBUG o.h.e.i.AbstractFlushingEventListener - Flushed: 1 insertions, 0 updates, 0 deletions to 1 objects
21:20:57.347 [main] DEBUG o.h.e.i.AbstractFlushingEventListener - Flushed: 0 (re)creations, 0 updates, 0 removals to 0 collections
21:20:57.347 [main] DEBUG o.h.internal.util.EntityPrinter - Listing entities:
21:20:57.347 [main] DEBUG o.h.internal.util.EntityPrinter - edu.ncsu.csc.itrust2.models.persistent.LogEntry{secondaryUser=null, logCode=5, primaryUser=logapitest, id=128, time=java.util.GregorianCalendar[time=1521667257344,areFieldsSet=true,areAllFieldsSet=true,lenient=true,zone=sun.util.calendar.ZoneInfo[id="Etc/UTC",offset=0,dstSavings=0,useDaylight=false,transitions=0,lastRule=null],firstDayOfWeek=1,minimalDaysInFirstWeek=1,ERA=1,YEAR=2018,MONTH=2,WEEK_OF_YEAR=12,WEEK_OF_MONTH=4,DAY_OF_MONTH=21,DAY_OF_YEAR=80,DAY_OF_WEEK=4,DAY_OF_WEEK_IN_MONTH=3,AM_PM=1,HOUR=9,HOUR_OF_DAY=21,MINUTE=20,SECOND=57,MILLISECOND=344,ZONE_OFFSET=0,DST_OFFSET=0], message=null}
21:20:57.348 [main] DEBUG org.hibernate.SQL - insert into LogEntries (logCode, message, primaryUser, secondaryUser, time, id) values (?, ?, ?, ?, ?, ?)
Hibernate: insert into LogEntries (logCode, message, primaryUser, secondaryUser, time, id) values (?, ?, ?, ?, ?, ?)
21:20:57.349 [main] DEBUG o.h.e.j.internal.JdbcCoordinatorImpl - HHH000420: Closing un-released batch
21:20:57.350 [main] DEBUG o.h.e.t.internal.TransactionImpl - begin
21:20:57.350 [main] DEBUG org.hibernate.SQL - select next_val as id_val from hibernate_sequence for update
Hibernate: select next_val as id_val from hibernate_sequence for update
21:20:57.351 [main] DEBUG org.hibernate.SQL - update hibernate_sequence set next_val= ? where next_val=?
Hibernate: update hibernate_sequence set next_val= ? where next_val=?
21:20:57.352 [main] DEBUG o.h.e.i.AbstractSaveEventListener - Generated identifier: 129, using strategy: org.hibernate.id.enhanced.SequenceStyleGenerator
21:20:57.352 [main] DEBUG o.h.e.t.internal.TransactionImpl - committing
21:20:57.352 [main] DEBUG o.h.e.i.AbstractFlushingEventListener - Processing flush-time cascades
21:20:57.352 [main] DEBUG o.h.e.i.AbstractFlushingEventListener - Dirty checking collections
21:20:57.353 [main] DEBUG o.h.e.i.AbstractFlushingEventListener - Flushed: 1 insertions, 0 updates, 0 deletions to 1 objects
21:20:57.353 [main] DEBUG o.h.e.i.AbstractFlushingEventListener - Flushed: 0 (re)creations, 0 updates, 0 removals to 0 collections
21:20:57.353 [main] DEBUG o.h.internal.util.EntityPrinter - Listing entities:
21:20:57.353 [main] DEBUG o.h.internal.util.EntityPrinter - edu.ncsu.csc.itrust2.models.persistent.LogEntry{secondaryUser=null, logCode=5, primaryUser=logapitest, id=129, time=java.util.GregorianCalendar[time=1521667257350,areFieldsSet=true,areAllFieldsSet=true,lenient=true,zone=sun.util.calendar.ZoneInfo[id="Etc/UTC",offset=0,dstSavings=0,useDaylight=false,transitions=0,lastRule=null],firstDayOfWeek=1,minimalDaysInFirstWeek=1,ERA=1,YEAR=2018,MONTH=2,WEEK_OF_YEAR=12,WEEK_OF_MONTH=4,DAY_OF_MONTH=21,DAY_OF_YEAR=80,DAY_OF_WEEK=4,DAY_OF_WEEK_IN_MONTH=3,AM_PM=1,HOUR=9,HOUR_OF_DAY=21,MINUTE=20,SECOND=57,MILLISECOND=350,ZONE_OFFSET=0,DST_OFFSET=0], message=null}
21:20:57.354 [main] DEBUG org.hibernate.SQL - insert into LogEntries (logCode, message, primaryUser, secondaryUser, time, id) values (?, ?, ?, ?, ?, ?)
Hibernate: insert into LogEntries (logCode, message, primaryUser, secondaryUser, time, id) values (?, ?, ?, ?, ?, ?)
21:20:57.356 [main] DEBUG o.h.e.j.internal.JdbcCoordinatorImpl - HHH000420: Closing un-released batch
21:20:57.357 [main] DEBUG o.h.e.t.internal.TransactionImpl - begin
21:20:57.363 [main] DEBUG org.hibernate.SQL - select next_val as id_val from hibernate_sequence for update
Hibernate: select next_val as id_val from hibernate_sequence for update
21:20:57.365 [main] DEBUG org.hibernate.SQL - update hibernate_sequence set next_val= ? where next_val=?
Hibernate: update hibernate_sequence set next_val= ? where next_val=?
21:20:57.368 [main] DEBUG o.h.e.i.AbstractSaveEventListener - Generated identifier: 130, using strategy: org.hibernate.id.enhanced.SequenceStyleGenerator
21:20:57.368 [main] DEBUG o.h.e.t.internal.TransactionImpl - committing
21:20:57.369 [main] DEBUG o.h.e.i.AbstractFlushingEventListener - Processing flush-time cascades
21:20:57.369 [main] DEBUG o.h.e.i.AbstractFlushingEventListener - Dirty checking collections
21:20:57.369 [main] DEBUG o.h.e.i.AbstractFlushingEventListener - Flushed: 1 insertions, 0 updates, 0 deletions to 1 objects
21:20:57.369 [main] DEBUG o.h.e.i.AbstractFlushingEventListener - Flushed: 0 (re)creations, 0 updates, 0 removals to 0 collections
21:20:57.370 [main] DEBUG o.h.internal.util.EntityPrinter - Listing entities:
21:20:57.370 [main] DEBUG o.h.internal.util.EntityPrinter - edu.ncsu.csc.itrust2.models.persistent.LogEntry{secondaryUser=null, logCode=5, primaryUser=logapitest, id=130, time=java.util.GregorianCalendar[time=1521667257356,areFieldsSet=true,areAllFieldsSet=true,lenient=true,zone=sun.util.calendar.ZoneInfo[id="Etc/UTC",offset=0,dstSavings=0,useDaylight=false,transitions=0,lastRule=null],firstDayOfWeek=1,minimalDaysInFirstWeek=1,ERA=1,YEAR=2018,MONTH=2,WEEK_OF_YEAR=12,WEEK_OF_MONTH=4,DAY_OF_MONTH=21,DAY_OF_YEAR=80,DAY_OF_WEEK=4,DAY_OF_WEEK_IN_MONTH=3,AM_PM=1,HOUR=9,HOUR_OF_DAY=21,MINUTE=20,SECOND=57,MILLISECOND=356,ZONE_OFFSET=0,DST_OFFSET=0], message=null}
21:20:57.371 [main] DEBUG org.hibernate.SQL - insert into LogEntries (logCode, message, primaryUser, secondaryUser, time, id) values (?, ?, ?, ?, ?, ?)
Hibernate: insert into LogEntries (logCode, message, primaryUser, secondaryUser, time, id) values (?, ?, ?, ?, ?, ?)
21:20:57.379 [main] DEBUG o.h.e.j.internal.JdbcCoordinatorImpl - HHH000420: Closing un-released batch
21:20:57.379 [main] DEBUG o.h.e.t.internal.TransactionImpl - begin
21:20:57.380 [main] DEBUG org.hibernate.SQL - select next_val as id_val from hibernate_sequence for update
Hibernate: select next_val as id_val from hibernate_sequence for update
21:20:57.381 [main] DEBUG org.hibernate.SQL - update hibernate_sequence set next_val= ? where next_val=?
Hibernate: update hibernate_sequence set next_val= ? where next_val=?
21:20:57.385 [main] DEBUG o.h.e.i.AbstractSaveEventListener - Generated identifier: 131, using strategy: org.hibernate.id.enhanced.SequenceStyleGenerator
21:20:57.385 [main] DEBUG o.h.e.t.internal.TransactionImpl - committing
21:20:57.385 [main] DEBUG o.h.e.i.AbstractFlushingEventListener - Processing flush-time cascades
21:20:57.385 [main] DEBUG o.h.e.i.AbstractFlushingEventListener - Dirty checking collections
21:20:57.386 [main] DEBUG o.h.e.i.AbstractFlushingEventListener - Flushed: 1 insertions, 0 updates, 0 deletions to 1 objects
21:20:57.386 [main] DEBUG o.h.e.i.AbstractFlushingEventListener - Flushed: 0 (re)creations, 0 updates, 0 removals to 0 collections
21:20:57.386 [main] DEBUG o.h.internal.util.EntityPrinter - Listing entities:
21:20:57.386 [main] DEBUG o.h.internal.util.EntityPrinter - edu.ncsu.csc.itrust2.models.persistent.LogEntry{secondaryUser=null, logCode=5, primaryUser=logapitest, id=131, time=java.util.GregorianCalendar[time=1521667257379,areFieldsSet=true,areAllFieldsSet=true,lenient=true,zone=sun.util.calendar.ZoneInfo[id="Etc/UTC",offset=0,dstSavings=0,useDaylight=false,transitions=0,lastRule=null],firstDayOfWeek=1,minimalDaysInFirstWeek=1,ERA=1,YEAR=2018,MONTH=2,WEEK_OF_YEAR=12,WEEK_OF_MONTH=4,DAY_OF_MONTH=21,DAY_OF_YEAR=80,DAY_OF_WEEK=4,DAY_OF_WEEK_IN_MONTH=3,AM_PM=1,HOUR=9,HOUR_OF_DAY=21,MINUTE=20,SECOND=57,MILLISECOND=379,ZONE_OFFSET=0,DST_OFFSET=0], message=null}
21:20:57.386 [main] DEBUG org.hibernate.SQL - insert into LogEntries (logCode, message, primaryUser, secondaryUser, time, id) values (?, ?, ?, ?, ?, ?)
Hibernate: insert into LogEntries (logCode, message, primaryUser, secondaryUser, time, id) values (?, ?, ?, ?, ?, ?)
21:20:57.393 [main] DEBUG o.h.e.j.internal.JdbcCoordinatorImpl - HHH000420: Closing un-released batch
21:20:57.394 [main] DEBUG o.h.e.t.internal.TransactionImpl - begin
21:20:57.395 [main] DEBUG org.hibernate.SQL - select next_val as id_val from hibernate_sequence for update
Hibernate: select next_val as id_val from hibernate_sequence for update
21:20:57.396 [main] DEBUG org.hibernate.SQL - update hibernate_sequence set next_val= ? where next_val=?
Hibernate: update hibernate_sequence set next_val= ? where next_val=?
21:20:57.398 [main] DEBUG o.h.e.i.AbstractSaveEventListener - Generated identifier: 132, using strategy: org.hibernate.id.enhanced.SequenceStyleGenerator
21:20:57.399 [main] DEBUG o.h.e.t.internal.TransactionImpl - committing
21:20:57.399 [main] DEBUG o.h.e.i.AbstractFlushingEventListener - Processing flush-time cascades
21:20:57.399 [main] DEBUG o.h.e.i.AbstractFlushingEventListener - Dirty checking collections
21:20:57.399 [main] DEBUG o.h.e.i.AbstractFlushingEventListener - Flushed: 1 insertions, 0 updates, 0 deletions to 1 objects
21:20:57.399 [main] DEBUG o.h.e.i.AbstractFlushingEventListener - Flushed: 0 (re)creations, 0 updates, 0 removals to 0 collections
21:20:57.399 [main] DEBUG o.h.internal.util.EntityPrinter - Listing entities:
21:20:57.399 [main] DEBUG o.h.internal.util.EntityPrinter - edu.ncsu.csc.itrust2.models.persistent.LogEntry{secondaryUser=null, logCode=5, primaryUser=logapitest, id=132, time=java.util.GregorianCalendar[time=1521667257394,areFieldsSet=true,areAllFieldsSet=true,lenient=true,zone=sun.util.calendar.ZoneInfo[id="Etc/UTC",offset=0,dstSavings=0,useDaylight=false,transitions=0,lastRule=null],firstDayOfWeek=1,minimalDaysInFirstWeek=1,ERA=1,YEAR=2018,MONTH=2,WEEK_OF_YEAR=12,WEEK_OF_MONTH=4,DAY_OF_MONTH=21,DAY_OF_YEAR=80,DAY_OF_WEEK=4,DAY_OF_WEEK_IN_MONTH=3,AM_PM=1,HOUR=9,HOUR_OF_DAY=21,MINUTE=20,SECOND=57,MILLISECOND=394,ZONE_OFFSET=0,DST_OFFSET=0], message=null}
21:20:57.400 [main] DEBUG org.hibernate.SQL - insert into LogEntries (logCode, message, primaryUser, secondaryUser, time, id) values (?, ?, ?, ?, ?, ?)
Hibernate: insert into LogEntries (logCode, message, primaryUser, secondaryUser, time, id) values (?, ?, ?, ?, ?, ?)
21:20:57.406 [main] DEBUG o.h.e.j.internal.JdbcCoordinatorImpl - HHH000420: Closing un-released batch
21:20:57.407 [main] DEBUG o.h.e.t.internal.TransactionImpl - begin
21:20:57.408 [main] DEBUG org.hibernate.SQL - select next_val as id_val from hibernate_sequence for update
Hibernate: select next_val as id_val from hibernate_sequence for update
21:20:57.408 [main] DEBUG org.hibernate.SQL - update hibernate_sequence set next_val= ? where next_val=?
Hibernate: update hibernate_sequence set next_val= ? where next_val=?
21:20:57.410 [main] DEBUG o.h.e.i.AbstractSaveEventListener - Generated identifier: 133, using strategy: org.hibernate.id.enhanced.SequenceStyleGenerator
21:20:57.410 [main] DEBUG o.h.e.t.internal.TransactionImpl - committing
21:20:57.410 [main] DEBUG o.h.e.i.AbstractFlushingEventListener - Processing flush-time cascades
21:20:57.411 [main] DEBUG o.h.e.i.AbstractFlushingEventListener - Dirty checking collections
21:20:57.411 [main] DEBUG o.h.e.i.AbstractFlushingEventListener - Flushed: 1 insertions, 0 updates, 0 deletions to 1 objects
21:20:57.411 [main] DEBUG o.h.e.i.AbstractFlushingEventListener - Flushed: 0 (re)creations, 0 updates, 0 removals to 0 collections
21:20:57.411 [main] DEBUG o.h.internal.util.EntityPrinter - Listing entities:
21:20:57.411 [main] DEBUG o.h.internal.util.EntityPrinter - edu.ncsu.csc.itrust2.models.persistent.LogEntry{secondaryUser=null, logCode=5, primaryUser=logapitest, id=133, time=java.util.GregorianCalendar[time=1521667257407,areFieldsSet=true,areAllFieldsSet=true,lenient=true,zone=sun.util.calendar.ZoneInfo[id="Etc/UTC",offset=0,dstSavings=0,useDaylight=false,transitions=0,lastRule=null],firstDayOfWeek=1,minimalDaysInFirstWeek=1,ERA=1,YEAR=2018,MONTH=2,WEEK_OF_YEAR=12,WEEK_OF_MONTH=4,DAY_OF_MONTH=21,DAY_OF_YEAR=80,DAY_OF_WEEK=4,DAY_OF_WEEK_IN_MONTH=3,AM_PM=1,HOUR=9,HOUR_OF_DAY=21,MINUTE=20,SECOND=57,MILLISECOND=407,ZONE_OFFSET=0,DST_OFFSET=0], message=null}
21:20:57.412 [main] DEBUG org.hibernate.SQL - insert into LogEntries (logCode, message, primaryUser, secondaryUser, time, id) values (?, ?, ?, ?, ?, ?)
Hibernate: insert into LogEntries (logCode, message, primaryUser, secondaryUser, time, id) values (?, ?, ?, ?, ?, ?)
21:20:57.416 [main] DEBUG o.h.e.j.internal.JdbcCoordinatorImpl - HHH000420: Closing un-released batch
21:20:57.420 [main] DEBUG o.h.e.t.internal.TransactionImpl - begin
21:20:57.421 [main] DEBUG org.hibernate.SQL - select next_val as id_val from hibernate_sequence for update
Hibernate: select next_val as id_val from hibernate_sequence for update
21:20:57.422 [main] DEBUG org.hibernate.SQL - update hibernate_sequence set next_val= ? where next_val=?
Hibernate: update hibernate_sequence set next_val= ? where next_val=?
21:20:57.423 [main] DEBUG o.h.e.i.AbstractSaveEventListener - Generated identifier: 134, using strategy: org.hibernate.id.enhanced.SequenceStyleGenerator
21:20:57.424 [main] DEBUG o.h.e.t.internal.TransactionImpl - committing
21:20:57.424 [main] DEBUG o.h.e.i.AbstractFlushingEventListener - Processing flush-time cascades
21:20:57.424 [main] DEBUG o.h.e.i.AbstractFlushingEventListener - Dirty checking collections
21:20:57.424 [main] DEBUG o.h.e.i.AbstractFlushingEventListener - Flushed: 1 insertions, 0 updates, 0 deletions to 1 objects
21:20:57.424 [main] DEBUG o.h.e.i.AbstractFlushingEventListener - Flushed: 0 (re)creations, 0 updates, 0 removals to 0 collections
21:20:57.424 [main] DEBUG o.h.internal.util.EntityPrinter - Listing entities:
21:20:57.424 [main] DEBUG o.h.internal.util.EntityPrinter - edu.ncsu.csc.itrust2.models.persistent.LogEntry{secondaryUser=null, logCode=5, primaryUser=logapitest, id=134, time=java.util.GregorianCalendar[time=1521667257420,areFieldsSet=true,areAllFieldsSet=true,lenient=true,zone=sun.util.calendar.ZoneInfo[id="Etc/UTC",offset=0,dstSavings=0,useDaylight=false,transitions=0,lastRule=null],firstDayOfWeek=1,minimalDaysInFirstWeek=1,ERA=1,YEAR=2018,MONTH=2,WEEK_OF_YEAR=12,WEEK_OF_MONTH=4,DAY_OF_MONTH=21,DAY_OF_YEAR=80,DAY_OF_WEEK=4,DAY_OF_WEEK_IN_MONTH=3,AM_PM=1,HOUR=9,HOUR_OF_DAY=21,MINUTE=20,SECOND=57,MILLISECOND=420,ZONE_OFFSET=0,DST_OFFSET=0], message=null}
21:20:57.426 [main] DEBUG org.hibernate.SQL - insert into LogEntries (logCode, message, primaryUser, secondaryUser, time, id) values (?, ?, ?, ?, ?, ?)
Hibernate: insert into LogEntries (logCode, message, primaryUser, secondaryUser, time, id) values (?, ?, ?, ?, ?, ?)
21:20:57.432 [main] DEBUG o.h.e.j.internal.JdbcCoordinatorImpl - HHH000420: Closing un-released batch
21:20:57.433 [main] DEBUG o.h.e.t.internal.TransactionImpl - begin
21:20:57.434 [main] DEBUG org.hibernate.SQL - select next_val as id_val from hibernate_sequence for update
Hibernate: select next_val as id_val from hibernate_sequence for update
21:20:57.434 [main] DEBUG org.hibernate.SQL - update hibernate_sequence set next_val= ? where next_val=?
Hibernate: update hibernate_sequence set next_val= ? where next_val=?
21:20:57.435 [main] DEBUG o.h.e.i.AbstractSaveEventListener - Generated identifier: 135, using strategy: org.hibernate.id.enhanced.SequenceStyleGenerator
21:20:57.436 [main] DEBUG o.h.e.t.internal.TransactionImpl - committing
21:20:57.436 [main] DEBUG o.h.e.i.AbstractFlushingEventListener - Processing flush-time cascades
21:20:57.436 [main] DEBUG o.h.e.i.AbstractFlushingEventListener - Dirty checking collections
21:20:57.436 [main] DEBUG o.h.e.i.AbstractFlushingEventListener - Flushed: 1 insertions, 0 updates, 0 deletions to 1 objects
21:20:57.436 [main] DEBUG o.h.e.i.AbstractFlushingEventListener - Flushed: 0 (re)creations, 0 updates, 0 removals to 0 collections
21:20:57.436 [main] DEBUG o.h.internal.util.EntityPrinter - Listing entities:
21:20:57.436 [main] DEBUG o.h.internal.util.EntityPrinter - edu.ncsu.csc.itrust2.models.persistent.LogEntry{secondaryUser=null, logCode=5, primaryUser=logapitest, id=135, time=java.util.GregorianCalendar[time=1521667257433,areFieldsSet=true,areAllFieldsSet=true,lenient=true,zone=sun.util.calendar.ZoneInfo[id="Etc/UTC",offset=0,dstSavings=0,useDaylight=false,transitions=0,lastRule=null],firstDayOfWeek=1,minimalDaysInFirstWeek=1,ERA=1,YEAR=2018,MONTH=2,WEEK_OF_YEAR=12,WEEK_OF_MONTH=4,DAY_OF_MONTH=21,DAY_OF_YEAR=80,DAY_OF_WEEK=4,DAY_OF_WEEK_IN_MONTH=3,AM_PM=1,HOUR=9,HOUR_OF_DAY=21,MINUTE=20,SECOND=57,MILLISECOND=433,ZONE_OFFSET=0,DST_OFFSET=0], message=null}
21:20:57.437 [main] DEBUG org.hibernate.SQL - insert into LogEntries (logCode, message, primaryUser, secondaryUser, time, id) values (?, ?, ?, ?, ?, ?)
Hibernate: insert into LogEntries (logCode, message, primaryUser, secondaryUser, time, id) values (?, ?, ?, ?, ?, ?)
21:20:57.438 [main] DEBUG o.h.e.j.internal.JdbcCoordinatorImpl - HHH000420: Closing un-released batch
21:20:57.439 [main] DEBUG o.h.e.t.internal.TransactionImpl - begin
21:20:57.446 [main] DEBUG org.hibernate.SQL - select next_val as id_val from hibernate_sequence for update
Hibernate: select next_val as id_val from hibernate_sequence for update
21:20:57.446 [main] DEBUG org.hibernate.SQL - update hibernate_sequence set next_val= ? where next_val=?
Hibernate: update hibernate_sequence set next_val= ? where next_val=?
21:20:57.448 [main] DEBUG o.h.e.i.AbstractSaveEventListener - Generated identifier: 136, using strategy: org.hibernate.id.enhanced.SequenceStyleGenerator
21:20:57.448 [main] DEBUG o.h.e.t.internal.TransactionImpl - committing
21:20:57.448 [main] DEBUG o.h.e.i.AbstractFlushingEventListener - Processing flush-time cascades
21:20:57.448 [main] DEBUG o.h.e.i.AbstractFlushingEventListener - Dirty checking collections
21:20:57.448 [main] DEBUG o.h.e.i.AbstractFlushingEventListener - Flushed: 1 insertions, 0 updates, 0 deletions to 1 objects
21:20:57.448 [main] DEBUG o.h.e.i.AbstractFlushingEventListener - Flushed: 0 (re)creations, 0 updates, 0 removals to 0 collections
21:20:57.448 [main] DEBUG o.h.internal.util.EntityPrinter - Listing entities:
21:20:57.448 [main] DEBUG o.h.internal.util.EntityPrinter - edu.ncsu.csc.itrust2.models.persistent.LogEntry{secondaryUser=null, logCode=5, primaryUser=logapitest, id=136, time=java.util.GregorianCalendar[time=1521667257439,areFieldsSet=true,areAllFieldsSet=true,lenient=true,zone=sun.util.calendar.ZoneInfo[id="Etc/UTC",offset=0,dstSavings=0,useDaylight=false,transitions=0,lastRule=null],firstDayOfWeek=1,minimalDaysInFirstWeek=1,ERA=1,YEAR=2018,MONTH=2,WEEK_OF_YEAR=12,WEEK_OF_MONTH=4,DAY_OF_MONTH=21,DAY_OF_YEAR=80,DAY_OF_WEEK=4,DAY_OF_WEEK_IN_MONTH=3,AM_PM=1,HOUR=9,HOUR_OF_DAY=21,MINUTE=20,SECOND=57,MILLISECOND=439,ZONE_OFFSET=0,DST_OFFSET=0], message=null}
21:20:57.448 [main] DEBUG org.hibernate.SQL - insert into LogEntries (logCode, message, primaryUser, secondaryUser, time, id) values (?, ?, ?, ?, ?, ?)
Hibernate: insert into LogEntries (logCode, message, primaryUser, secondaryUser, time, id) values (?, ?, ?, ?, ?, ?)
21:20:57.451 [main] DEBUG o.h.e.j.internal.JdbcCoordinatorImpl - HHH000420: Closing un-released batch
21:20:57.451 [main] DEBUG o.h.e.t.internal.TransactionImpl - begin
21:20:57.453 [main] DEBUG org.hibernate.SQL - select next_val as id_val from hibernate_sequence for update
Hibernate: select next_val as id_val from hibernate_sequence for update
21:20:57.453 [main] DEBUG org.hibernate.SQL - update hibernate_sequence set next_val= ? where next_val=?
Hibernate: update hibernate_sequence set next_val= ? where next_val=?
21:20:57.455 [main] DEBUG o.h.e.i.AbstractSaveEventListener - Generated identifier: 137, using strategy: org.hibernate.id.enhanced.SequenceStyleGenerator
21:20:57.455 [main] DEBUG o.h.e.t.internal.TransactionImpl - committing
21:20:57.455 [main] DEBUG o.h.e.i.AbstractFlushingEventListener - Processing flush-time cascades
21:20:57.455 [main] DEBUG o.h.e.i.AbstractFlushingEventListener - Dirty checking collections
21:20:57.455 [main] DEBUG o.h.e.i.AbstractFlushingEventListener - Flushed: 1 insertions, 0 updates, 0 deletions to 1 objects
21:20:57.455 [main] DEBUG o.h.e.i.AbstractFlushingEventListener - Flushed: 0 (re)creations, 0 updates, 0 removals to 0 collections
21:20:57.455 [main] DEBUG o.h.internal.util.EntityPrinter - Listing entities:
21:20:57.455 [main] DEBUG o.h.internal.util.EntityPrinter - edu.ncsu.csc.itrust2.models.persistent.LogEntry{secondaryUser=null, logCode=5, primaryUser=logapitest, id=137, time=java.util.GregorianCalendar[time=1521667257451,areFieldsSet=true,areAllFieldsSet=true,lenient=true,zone=sun.util.calendar.ZoneInfo[id="Etc/UTC",offset=0,dstSavings=0,useDaylight=false,transitions=0,lastRule=null],firstDayOfWeek=1,minimalDaysInFirstWeek=1,ERA=1,YEAR=2018,MONTH=2,WEEK_OF_YEAR=12,WEEK_OF_MONTH=4,DAY_OF_MONTH=21,DAY_OF_YEAR=80,DAY_OF_WEEK=4,DAY_OF_WEEK_IN_MONTH=3,AM_PM=1,HOUR=9,HOUR_OF_DAY=21,MINUTE=20,SECOND=57,MILLISECOND=451,ZONE_OFFSET=0,DST_OFFSET=0], message=null}
21:20:57.457 [main] DEBUG org.hibernate.SQL - insert into LogEntries (logCode, message, primaryUser, secondaryUser, time, id) values (?, ?, ?, ?, ?, ?)
Hibernate: insert into LogEntries (logCode, message, primaryUser, secondaryUser, time, id) values (?, ?, ?, ?, ?, ?)
21:20:57.459 [main] DEBUG o.h.e.j.internal.JdbcCoordinatorImpl - HHH000420: Closing un-released batch
21:20:57.459 [main] DEBUG o.h.e.t.internal.TransactionImpl - begin
21:20:57.465 [main] DEBUG org.hibernate.SQL - select next_val as id_val from hibernate_sequence for update
Hibernate: select next_val as id_val from hibernate_sequence for update
21:20:57.466 [main] DEBUG org.hibernate.SQL - update hibernate_sequence set next_val= ? where next_val=?
Hibernate: update hibernate_sequence set next_val= ? where next_val=?
21:20:57.467 [main] DEBUG o.h.e.i.AbstractSaveEventListener - Generated identifier: 138, using strategy: org.hibernate.id.enhanced.SequenceStyleGenerator
21:20:57.467 [main] DEBUG o.h.e.t.internal.TransactionImpl - committing
21:20:57.467 [main] DEBUG o.h.e.i.AbstractFlushingEventListener - Processing flush-time cascades
21:20:57.467 [main] DEBUG o.h.e.i.AbstractFlushingEventListener - Dirty checking collections
21:20:57.468 [main] DEBUG o.h.e.i.AbstractFlushingEventListener - Flushed: 1 insertions, 0 updates, 0 deletions to 1 objects
21:20:57.468 [main] DEBUG o.h.e.i.AbstractFlushingEventListener - Flushed: 0 (re)creations, 0 updates, 0 removals to 0 collections
21:20:57.468 [main] DEBUG o.h.internal.util.EntityPrinter - Listing entities:
21:20:57.468 [main] DEBUG o.h.internal.util.EntityPrinter - edu.ncsu.csc.itrust2.models.persistent.LogEntry{secondaryUser=null, logCode=5, primaryUser=logapitest, id=138, time=java.util.GregorianCalendar[time=1521667257459,areFieldsSet=true,areAllFieldsSet=true,lenient=true,zone=sun.util.calendar.ZoneInfo[id="Etc/UTC",offset=0,dstSavings=0,useDaylight=false,transitions=0,lastRule=null],firstDayOfWeek=1,minimalDaysInFirstWeek=1,ERA=1,YEAR=2018,MONTH=2,WEEK_OF_YEAR=12,WEEK_OF_MONTH=4,DAY_OF_MONTH=21,DAY_OF_YEAR=80,DAY_OF_WEEK=4,DAY_OF_WEEK_IN_MONTH=3,AM_PM=1,HOUR=9,HOUR_OF_DAY=21,MINUTE=20,SECOND=57,MILLISECOND=459,ZONE_OFFSET=0,DST_OFFSET=0], message=null}
21:20:57.468 [main] DEBUG org.hibernate.SQL - insert into LogEntries (logCode, message, primaryUser, secondaryUser, time, id) values (?, ?, ?, ?, ?, ?)
Hibernate: insert into LogEntries (logCode, message, primaryUser, secondaryUser, time, id) values (?, ?, ?, ?, ?, ?)
21:20:57.469 [main] DEBUG o.h.e.j.internal.JdbcCoordinatorImpl - HHH000420: Closing un-released batch
21:20:57.470 [main] DEBUG o.h.e.t.internal.TransactionImpl - begin
21:20:57.471 [main] DEBUG org.hibernate.SQL - select next_val as id_val from hibernate_sequence for update
Hibernate: select next_val as id_val from hibernate_sequence for update
21:20:57.471 [main] DEBUG org.hibernate.SQL - update hibernate_sequence set next_val= ? where next_val=?
Hibernate: update hibernate_sequence set next_val= ? where next_val=?
21:20:57.473 [main] DEBUG o.h.e.i.AbstractSaveEventListener - Generated identifier: 139, using strategy: org.hibernate.id.enhanced.SequenceStyleGenerator
21:20:57.473 [main] DEBUG o.h.e.t.internal.TransactionImpl - committing
21:20:57.473 [main] DEBUG o.h.e.i.AbstractFlushingEventListener - Processing flush-time cascades
21:20:57.473 [main] DEBUG o.h.e.i.AbstractFlushingEventListener - Dirty checking collections
21:20:57.473 [main] DEBUG o.h.e.i.AbstractFlushingEventListener - Flushed: 1 insertions, 0 updates, 0 deletions to 1 objects
21:20:57.473 [main] DEBUG o.h.e.i.AbstractFlushingEventListener - Flushed: 0 (re)creations, 0 updates, 0 removals to 0 collections
21:20:57.474 [main] DEBUG o.h.internal.util.EntityPrinter - Listing entities:
21:20:57.474 [main] DEBUG o.h.internal.util.EntityPrinter - edu.ncsu.csc.itrust2.models.persistent.LogEntry{secondaryUser=null, logCode=5, primaryUser=logapitest, id=139, time=java.util.GregorianCalendar[time=1521667257470,areFieldsSet=true,areAllFieldsSet=true,lenient=true,zone=sun.util.calendar.ZoneInfo[id="Etc/UTC",offset=0,dstSavings=0,useDaylight=false,transitions=0,lastRule=null],firstDayOfWeek=1,minimalDaysInFirstWeek=1,ERA=1,YEAR=2018,MONTH=2,WEEK_OF_YEAR=12,WEEK_OF_MONTH=4,DAY_OF_MONTH=21,DAY_OF_YEAR=80,DAY_OF_WEEK=4,DAY_OF_WEEK_IN_MONTH=3,AM_PM=1,HOUR=9,HOUR_OF_DAY=21,MINUTE=20,SECOND=57,MILLISECOND=470,ZONE_OFFSET=0,DST_OFFSET=0], message=null}
21:20:57.474 [main] DEBUG org.hibernate.SQL - insert into LogEntries (logCode, message, primaryUser, secondaryUser, time, id) values (?, ?, ?, ?, ?, ?)
Hibernate: insert into LogEntries (logCode, message, primaryUser, secondaryUser, time, id) values (?, ?, ?, ?, ?, ?)
21:20:57.476 [main] DEBUG o.h.e.j.internal.JdbcCoordinatorImpl - HHH000420: Closing un-released batch
21:20:57.476 [main] DEBUG o.h.e.t.internal.TransactionImpl - begin
21:20:57.478 [main] DEBUG org.hibernate.SQL - select next_val as id_val from hibernate_sequence for update
Hibernate: select next_val as id_val from hibernate_sequence for update
21:20:57.479 [main] DEBUG org.hibernate.SQL - update hibernate_sequence set next_val= ? where next_val=?
Hibernate: update hibernate_sequence set next_val= ? where next_val=?
21:20:57.481 [main] DEBUG o.h.e.i.AbstractSaveEventListener - Generated identifier: 140, using strategy: org.hibernate.id.enhanced.SequenceStyleGenerator
21:20:57.481 [main] DEBUG o.h.e.t.internal.TransactionImpl - committing
21:20:57.481 [main] DEBUG o.h.e.i.AbstractFlushingEventListener - Processing flush-time cascades
21:20:57.481 [main] DEBUG o.h.e.i.AbstractFlushingEventListener - Dirty checking collections
21:20:57.481 [main] DEBUG o.h.e.i.AbstractFlushingEventListener - Flushed: 1 insertions, 0 updates, 0 deletions to 1 objects
21:20:57.481 [main] DEBUG o.h.e.i.AbstractFlushingEventListener - Flushed: 0 (re)creations, 0 updates, 0 removals to 0 collections
21:20:57.481 [main] DEBUG o.h.internal.util.EntityPrinter - Listing entities:
21:20:57.481 [main] DEBUG o.h.internal.util.EntityPrinter - edu.ncsu.csc.itrust2.models.persistent.LogEntry{secondaryUser=null, logCode=5, primaryUser=logapitest, id=140, time=java.util.GregorianCalendar[time=1521667257476,areFieldsSet=true,areAllFieldsSet=true,lenient=true,zone=sun.util.calendar.ZoneInfo[id="Etc/UTC",offset=0,dstSavings=0,useDaylight=false,transitions=0,lastRule=null],firstDayOfWeek=1,minimalDaysInFirstWeek=1,ERA=1,YEAR=2018,MONTH=2,WEEK_OF_YEAR=12,WEEK_OF_MONTH=4,DAY_OF_MONTH=21,DAY_OF_YEAR=80,DAY_OF_WEEK=4,DAY_OF_WEEK_IN_MONTH=3,AM_PM=1,HOUR=9,HOUR_OF_DAY=21,MINUTE=20,SECOND=57,MILLISECOND=476,ZONE_OFFSET=0,DST_OFFSET=0], message=null}
21:20:57.482 [main] DEBUG org.hibernate.SQL - insert into LogEntries (logCode, message, primaryUser, secondaryUser, time, id) values (?, ?, ?, ?, ?, ?)
Hibernate: insert into LogEntries (logCode, message, primaryUser, secondaryUser, time, id) values (?, ?, ?, ?, ?, ?)
21:20:57.485 [main] DEBUG o.h.e.j.internal.JdbcCoordinatorImpl - HHH000420: Closing un-released batch
21:20:57.486 [main] DEBUG o.h.e.t.internal.TransactionImpl - begin
21:20:57.489 [main] DEBUG org.hibernate.SQL - select next_val as id_val from hibernate_sequence for update
Hibernate: select next_val as id_val from hibernate_sequence for update
21:20:57.491 [main] DEBUG org.hibernate.SQL - update hibernate_sequence set next_val= ? where next_val=?
Hibernate: update hibernate_sequence set next_val= ? where next_val=?
21:20:57.493 [main] DEBUG o.h.e.i.AbstractSaveEventListener - Generated identifier: 141, using strategy: org.hibernate.id.enhanced.SequenceStyleGenerator
21:20:57.493 [main] DEBUG o.h.e.t.internal.TransactionImpl - committing
21:20:57.493 [main] DEBUG o.h.e.i.AbstractFlushingEventListener - Processing flush-time cascades
21:20:57.493 [main] DEBUG o.h.e.i.AbstractFlushingEventListener - Dirty checking collections
21:20:57.494 [main] DEBUG o.h.e.i.AbstractFlushingEventListener - Flushed: 1 insertions, 0 updates, 0 deletions to 1 objects
21:20:57.494 [main] DEBUG o.h.e.i.AbstractFlushingEventListener - Flushed: 0 (re)creations, 0 updates, 0 removals to 0 collections
21:20:57.494 [main] DEBUG o.h.internal.util.EntityPrinter - Listing entities:
21:20:57.494 [main] DEBUG o.h.internal.util.EntityPrinter - edu.ncsu.csc.itrust2.models.persistent.LogEntry{secondaryUser=null, logCode=5, primaryUser=logapitest, id=141, time=java.util.GregorianCalendar[time=1521667257486,areFieldsSet=true,areAllFieldsSet=true,lenient=true,zone=sun.util.calendar.ZoneInfo[id="Etc/UTC",offset=0,dstSavings=0,useDaylight=false,transitions=0,lastRule=null],firstDayOfWeek=1,minimalDaysInFirstWeek=1,ERA=1,YEAR=2018,MONTH=2,WEEK_OF_YEAR=12,WEEK_OF_MONTH=4,DAY_OF_MONTH=21,DAY_OF_YEAR=80,DAY_OF_WEEK=4,DAY_OF_WEEK_IN_MONTH=3,AM_PM=1,HOUR=9,HOUR_OF_DAY=21,MINUTE=20,SECOND=57,MILLISECOND=486,ZONE_OFFSET=0,DST_OFFSET=0], message=null}
21:20:57.498 [main] DEBUG org.hibernate.SQL - insert into LogEntries (logCode, message, primaryUser, secondaryUser, time, id) values (?, ?, ?, ?, ?, ?)
Hibernate: insert into LogEntries (logCode, message, primaryUser, secondaryUser, time, id) values (?, ?, ?, ?, ?, ?)
21:20:57.502 [main] DEBUG o.h.e.j.internal.JdbcCoordinatorImpl - HHH000420: Closing un-released batch
21:20:57.503 [main] DEBUG o.h.e.t.internal.TransactionImpl - begin
21:20:57.506 [main] DEBUG org.hibernate.SQL - select next_val as id_val from hibernate_sequence for update
Hibernate: select next_val as id_val from hibernate_sequence for update
21:20:57.507 [main] DEBUG org.hibernate.SQL - update hibernate_sequence set next_val= ? where next_val=?
Hibernate: update hibernate_sequence set next_val= ? where next_val=?
21:20:57.509 [main] DEBUG o.h.e.i.AbstractSaveEventListener - Generated identifier: 142, using strategy: org.hibernate.id.enhanced.SequenceStyleGenerator
21:20:57.510 [main] DEBUG o.h.e.t.internal.TransactionImpl - committing
21:20:57.510 [main] DEBUG o.h.e.i.AbstractFlushingEventListener - Processing flush-time cascades
21:20:57.510 [main] DEBUG o.h.e.i.AbstractFlushingEventListener - Dirty checking collections
21:20:57.510 [main] DEBUG o.h.e.i.AbstractFlushingEventListener - Flushed: 1 insertions, 0 updates, 0 deletions to 1 objects
21:20:57.510 [main] DEBUG o.h.e.i.AbstractFlushingEventListener - Flushed: 0 (re)creations, 0 updates, 0 removals to 0 collections
21:20:57.510 [main] DEBUG o.h.internal.util.EntityPrinter - Listing entities:
21:20:57.510 [main] DEBUG o.h.internal.util.EntityPrinter - edu.ncsu.csc.itrust2.models.persistent.LogEntry{secondaryUser=null, logCode=5, primaryUser=logapitest, id=142, time=java.util.GregorianCalendar[time=1521667257503,areFieldsSet=true,areAllFieldsSet=true,lenient=true,zone=sun.util.calendar.ZoneInfo[id="Etc/UTC",offset=0,dstSavings=0,useDaylight=false,transitions=0,lastRule=null],firstDayOfWeek=1,minimalDaysInFirstWeek=1,ERA=1,YEAR=2018,MONTH=2,WEEK_OF_YEAR=12,WEEK_OF_MONTH=4,DAY_OF_MONTH=21,DAY_OF_YEAR=80,DAY_OF_WEEK=4,DAY_OF_WEEK_IN_MONTH=3,AM_PM=1,HOUR=9,HOUR_OF_DAY=21,MINUTE=20,SECOND=57,MILLISECOND=503,ZONE_OFFSET=0,DST_OFFSET=0], message=null}
21:20:57.510 [main] DEBUG org.hibernate.SQL - insert into LogEntries (logCode, message, primaryUser, secondaryUser, time, id) values (?, ?, ?, ?, ?, ?)
Hibernate: insert into LogEntries (logCode, message, primaryUser, secondaryUser, time, id) values (?, ?, ?, ?, ?, ?)
21:20:57.518 [main] DEBUG o.h.e.j.internal.JdbcCoordinatorImpl - HHH000420: Closing un-released batch
21:20:57.519 [main] DEBUG o.h.e.t.internal.TransactionImpl - begin
21:20:57.521 [main] DEBUG org.hibernate.SQL - select next_val as id_val from hibernate_sequence for update
Hibernate: select next_val as id_val from hibernate_sequence for update
21:20:57.522 [main] DEBUG org.hibernate.SQL - update hibernate_sequence set next_val= ? where next_val=?
Hibernate: update hibernate_sequence set next_val= ? where next_val=?
21:20:57.525 [main] DEBUG o.h.e.i.AbstractSaveEventListener - Generated identifier: 143, using strategy: org.hibernate.id.enhanced.SequenceStyleGenerator
21:20:57.526 [main] DEBUG o.h.e.t.internal.TransactionImpl - committing
21:20:57.526 [main] DEBUG o.h.e.i.AbstractFlushingEventListener - Processing flush-time cascades
21:20:57.526 [main] DEBUG o.h.e.i.AbstractFlushingEventListener - Dirty checking collections
21:20:57.526 [main] DEBUG o.h.e.i.AbstractFlushingEventListener - Flushed: 1 insertions, 0 updates, 0 deletions to 1 objects
21:20:57.527 [main] DEBUG o.h.e.i.AbstractFlushingEventListener - Flushed: 0 (re)creations, 0 updates, 0 removals to 0 collections
21:20:57.527 [main] DEBUG o.h.internal.util.EntityPrinter - Listing entities:
21:20:57.527 [main] DEBUG o.h.internal.util.EntityPrinter - edu.ncsu.csc.itrust2.models.persistent.LogEntry{secondaryUser=null, logCode=5, primaryUser=logapitest, id=143, time=java.util.GregorianCalendar[time=1521667257519,areFieldsSet=true,areAllFieldsSet=true,lenient=true,zone=sun.util.calendar.ZoneInfo[id="Etc/UTC",offset=0,dstSavings=0,useDaylight=false,transitions=0,lastRule=null],firstDayOfWeek=1,minimalDaysInFirstWeek=1,ERA=1,YEAR=2018,MONTH=2,WEEK_OF_YEAR=12,WEEK_OF_MONTH=4,DAY_OF_MONTH=21,DAY_OF_YEAR=80,DAY_OF_WEEK=4,DAY_OF_WEEK_IN_MONTH=3,AM_PM=1,HOUR=9,HOUR_OF_DAY=21,MINUTE=20,SECOND=57,MILLISECOND=519,ZONE_OFFSET=0,DST_OFFSET=0], message=null}
21:20:57.527 [main] DEBUG org.hibernate.SQL - insert into LogEntries (logCode, message, primaryUser, secondaryUser, time, id) values (?, ?, ?, ?, ?, ?)
Hibernate: insert into LogEntries (logCode, message, primaryUser, secondaryUser, time, id) values (?, ?, ?, ?, ?, ?)
21:20:57.538 [main] DEBUG o.h.e.j.internal.JdbcCoordinatorImpl - HHH000420: Closing un-released batch
21:20:57.539 [main] DEBUG o.h.e.t.internal.TransactionImpl - begin
21:20:57.543 [main] DEBUG org.hibernate.SQL - select next_val as id_val from hibernate_sequence for update
Hibernate: select next_val as id_val from hibernate_sequence for update
21:20:57.544 [main] DEBUG org.hibernate.SQL - update hibernate_sequence set next_val= ? where next_val=?
Hibernate: update hibernate_sequence set next_val= ? where next_val=?
21:20:57.547 [main] DEBUG o.h.e.i.AbstractSaveEventListener - Generated identifier: 144, using strategy: org.hibernate.id.enhanced.SequenceStyleGenerator
21:20:57.547 [main] DEBUG o.h.e.t.internal.TransactionImpl - committing
21:20:57.547 [main] DEBUG o.h.e.i.AbstractFlushingEventListener - Processing flush-time cascades
21:20:57.547 [main] DEBUG o.h.e.i.AbstractFlushingEventListener - Dirty checking collections
21:20:57.547 [main] DEBUG o.h.e.i.AbstractFlushingEventListener - Flushed: 1 insertions, 0 updates, 0 deletions to 1 objects
21:20:57.547 [main] DEBUG o.h.e.i.AbstractFlushingEventListener - Flushed: 0 (re)creations, 0 updates, 0 removals to 0 collections
21:20:57.547 [main] DEBUG o.h.internal.util.EntityPrinter - Listing entities:
21:20:57.547 [main] DEBUG o.h.internal.util.EntityPrinter - edu.ncsu.csc.itrust2.models.persistent.LogEntry{secondaryUser=null, logCode=5, primaryUser=logapitest, id=144, time=java.util.GregorianCalendar[time=1521667257539,areFieldsSet=true,areAllFieldsSet=true,lenient=true,zone=sun.util.calendar.ZoneInfo[id="Etc/UTC",offset=0,dstSavings=0,useDaylight=false,transitions=0,lastRule=null],firstDayOfWeek=1,minimalDaysInFirstWeek=1,ERA=1,YEAR=2018,MONTH=2,WEEK_OF_YEAR=12,WEEK_OF_MONTH=4,DAY_OF_MONTH=21,DAY_OF_YEAR=80,DAY_OF_WEEK=4,DAY_OF_WEEK_IN_MONTH=3,AM_PM=1,HOUR=9,HOUR_OF_DAY=21,MINUTE=20,SECOND=57,MILLISECOND=539,ZONE_OFFSET=0,DST_OFFSET=0], message=null}
21:20:57.548 [main] DEBUG org.hibernate.SQL - insert into LogEntries (logCode, message, primaryUser, secondaryUser, time, id) values (?, ?, ?, ?, ?, ?)
Hibernate: insert into LogEntries (logCode, message, primaryUser, secondaryUser, time, id) values (?, ?, ?, ?, ?, ?)
21:20:57.555 [main] DEBUG o.h.e.j.internal.JdbcCoordinatorImpl - HHH000420: Closing un-released batch
21:20:57.556 [main] DEBUG o.h.e.t.internal.TransactionImpl - begin
21:20:57.558 [main] DEBUG org.hibernate.SQL - select next_val as id_val from hibernate_sequence for update
Hibernate: select next_val as id_val from hibernate_sequence for update
21:20:57.560 [main] DEBUG org.hibernate.SQL - update hibernate_sequence set next_val= ? where next_val=?
Hibernate: update hibernate_sequence set next_val= ? where next_val=?
21:20:57.562 [main] DEBUG o.h.e.i.AbstractSaveEventListener - Generated identifier: 145, using strategy: org.hibernate.id.enhanced.SequenceStyleGenerator
21:20:57.562 [main] DEBUG o.h.e.t.internal.TransactionImpl - committing
21:20:57.562 [main] DEBUG o.h.e.i.AbstractFlushingEventListener - Processing flush-time cascades
21:20:57.563 [main] DEBUG o.h.e.i.AbstractFlushingEventListener - Dirty checking collections
21:20:57.563 [main] DEBUG o.h.e.i.AbstractFlushingEventListener - Flushed: 1 insertions, 0 updates, 0 deletions to 1 objects
21:20:57.563 [main] DEBUG o.h.e.i.AbstractFlushingEventListener - Flushed: 0 (re)creations, 0 updates, 0 removals to 0 collections
21:20:57.563 [main] DEBUG o.h.internal.util.EntityPrinter - Listing entities:
21:20:57.563 [main] DEBUG o.h.internal.util.EntityPrinter - edu.ncsu.csc.itrust2.models.persistent.LogEntry{secondaryUser=null, logCode=5, primaryUser=logapitest, id=145, time=java.util.GregorianCalendar[time=1521667257555,areFieldsSet=true,areAllFieldsSet=true,lenient=true,zone=sun.util.calendar.ZoneInfo[id="Etc/UTC",offset=0,dstSavings=0,useDaylight=false,transitions=0,lastRule=null],firstDayOfWeek=1,minimalDaysInFirstWeek=1,ERA=1,YEAR=2018,MONTH=2,WEEK_OF_YEAR=12,WEEK_OF_MONTH=4,DAY_OF_MONTH=21,DAY_OF_YEAR=80,DAY_OF_WEEK=4,DAY_OF_WEEK_IN_MONTH=3,AM_PM=1,HOUR=9,HOUR_OF_DAY=21,MINUTE=20,SECOND=57,MILLISECOND=555,ZONE_OFFSET=0,DST_OFFSET=0], message=null}
21:20:57.564 [main] DEBUG org.hibernate.SQL - insert into LogEntries (logCode, message, primaryUser, secondaryUser, time, id) values (?, ?, ?, ?, ?, ?)
Hibernate: insert into LogEntries (logCode, message, primaryUser, secondaryUser, time, id) values (?, ?, ?, ?, ?, ?)
21:20:57.573 [main] DEBUG o.h.e.j.internal.JdbcCoordinatorImpl - HHH000420: Closing un-released batch
21:20:57.575 [main] DEBUG o.h.e.t.internal.TransactionImpl - begin
21:20:57.577 [main] DEBUG org.hibernate.SQL - select next_val as id_val from hibernate_sequence for update
Hibernate: select next_val as id_val from hibernate_sequence for update
21:20:57.578 [main] DEBUG org.hibernate.SQL - update hibernate_sequence set next_val= ? where next_val=?
Hibernate: update hibernate_sequence set next_val= ? where next_val=?
21:20:57.580 [main] DEBUG o.h.e.i.AbstractSaveEventListener - Generated identifier: 146, using strategy: org.hibernate.id.enhanced.SequenceStyleGenerator
21:20:57.581 [main] DEBUG o.h.e.t.internal.TransactionImpl - committing
21:20:57.581 [main] DEBUG o.h.e.i.AbstractFlushingEventListener - Processing flush-time cascades
21:20:57.581 [main] DEBUG o.h.e.i.AbstractFlushingEventListener - Dirty checking collections
21:20:57.581 [main] DEBUG o.h.e.i.AbstractFlushingEventListener - Flushed: 1 insertions, 0 updates, 0 deletions to 1 objects
21:20:57.581 [main] DEBUG o.h.e.i.AbstractFlushingEventListener - Flushed: 0 (re)creations, 0 updates, 0 removals to 0 collections
21:20:57.581 [main] DEBUG o.h.internal.util.EntityPrinter - Listing entities:
21:20:57.581 [main] DEBUG o.h.internal.util.EntityPrinter - edu.ncsu.csc.itrust2.models.persistent.LogEntry{secondaryUser=null, logCode=5, primaryUser=logapitest, id=146, time=java.util.GregorianCalendar[time=1521667257575,areFieldsSet=true,areAllFieldsSet=true,lenient=true,zone=sun.util.calendar.ZoneInfo[id="Etc/UTC",offset=0,dstSavings=0,useDaylight=false,transitions=0,lastRule=null],firstDayOfWeek=1,minimalDaysInFirstWeek=1,ERA=1,YEAR=2018,MONTH=2,WEEK_OF_YEAR=12,WEEK_OF_MONTH=4,DAY_OF_MONTH=21,DAY_OF_YEAR=80,DAY_OF_WEEK=4,DAY_OF_WEEK_IN_MONTH=3,AM_PM=1,HOUR=9,HOUR_OF_DAY=21,MINUTE=20,SECOND=57,MILLISECOND=575,ZONE_OFFSET=0,DST_OFFSET=0], message=null}
21:20:57.582 [main] DEBUG org.hibernate.SQL - insert into LogEntries (logCode, message, primaryUser, secondaryUser, time, id) values (?, ?, ?, ?, ?, ?)
Hibernate: insert into LogEntries (logCode, message, primaryUser, secondaryUser, time, id) values (?, ?, ?, ?, ?, ?)
21:20:57.588 [main] DEBUG o.h.e.j.internal.JdbcCoordinatorImpl - HHH000420: Closing un-released batch
21:20:57.589 [main] DEBUG o.h.e.t.internal.TransactionImpl - begin
21:20:57.592 [main] DEBUG org.hibernate.SQL - select next_val as id_val from hibernate_sequence for update
Hibernate: select next_val as id_val from hibernate_sequence for update
21:20:57.593 [main] DEBUG org.hibernate.SQL - update hibernate_sequence set next_val= ? where next_val=?
Hibernate: update hibernate_sequence set next_val= ? where next_val=?
21:20:57.595 [main] DEBUG o.h.e.i.AbstractSaveEventListener - Generated identifier: 147, using strategy: org.hibernate.id.enhanced.SequenceStyleGenerator
21:20:57.595 [main] DEBUG o.h.e.t.internal.TransactionImpl - committing
21:20:57.595 [main] DEBUG o.h.e.i.AbstractFlushingEventListener - Processing flush-time cascades
21:20:57.596 [main] DEBUG o.h.e.i.AbstractFlushingEventListener - Dirty checking collections
21:20:57.596 [main] DEBUG o.h.e.i.AbstractFlushingEventListener - Flushed: 1 insertions, 0 updates, 0 deletions to 1 objects
21:20:57.596 [main] DEBUG o.h.e.i.AbstractFlushingEventListener - Flushed: 0 (re)creations, 0 updates, 0 removals to 0 collections
21:20:57.596 [main] DEBUG o.h.internal.util.EntityPrinter - Listing entities:
21:20:57.596 [main] DEBUG o.h.internal.util.EntityPrinter - edu.ncsu.csc.itrust2.models.persistent.LogEntry{secondaryUser=null, logCode=5, primaryUser=logapitest, id=147, time=java.util.GregorianCalendar[time=1521667257589,areFieldsSet=true,areAllFieldsSet=true,lenient=true,zone=sun.util.calendar.ZoneInfo[id="Etc/UTC",offset=0,dstSavings=0,useDaylight=false,transitions=0,lastRule=null],firstDayOfWeek=1,minimalDaysInFirstWeek=1,ERA=1,YEAR=2018,MONTH=2,WEEK_OF_YEAR=12,WEEK_OF_MONTH=4,DAY_OF_MONTH=21,DAY_OF_YEAR=80,DAY_OF_WEEK=4,DAY_OF_WEEK_IN_MONTH=3,AM_PM=1,HOUR=9,HOUR_OF_DAY=21,MINUTE=20,SECOND=57,MILLISECOND=589,ZONE_OFFSET=0,DST_OFFSET=0], message=null}
21:20:57.596 [main] DEBUG org.hibernate.SQL - insert into LogEntries (logCode, message, primaryUser, secondaryUser, time, id) values (?, ?, ?, ?, ?, ?)
Hibernate: insert into LogEntries (logCode, message, primaryUser, secondaryUser, time, id) values (?, ?, ?, ?, ?, ?)
21:20:57.603 [main] DEBUG o.h.e.j.internal.JdbcCoordinatorImpl - HHH000420: Closing un-released batch
21:20:57.605 [main] DEBUG o.h.e.t.internal.TransactionImpl - begin
21:20:57.607 [main] DEBUG org.hibernate.SQL - select next_val as id_val from hibernate_sequence for update
Hibernate: select next_val as id_val from hibernate_sequence for update
21:20:57.608 [main] DEBUG org.hibernate.SQL - update hibernate_sequence set next_val= ? where next_val=?
Hibernate: update hibernate_sequence set next_val= ? where next_val=?
21:20:57.611 [main] DEBUG o.h.e.i.AbstractSaveEventListener - Generated identifier: 148, using strategy: org.hibernate.id.enhanced.SequenceStyleGenerator
21:20:57.611 [main] DEBUG o.h.e.t.internal.TransactionImpl - committing
21:20:57.611 [main] DEBUG o.h.e.i.AbstractFlushingEventListener - Processing flush-time cascades
21:20:57.611 [main] DEBUG o.h.e.i.AbstractFlushingEventListener - Dirty checking collections
21:20:57.611 [main] DEBUG o.h.e.i.AbstractFlushingEventListener - Flushed: 1 insertions, 0 updates, 0 deletions to 1 objects
21:20:57.611 [main] DEBUG o.h.e.i.AbstractFlushingEventListener - Flushed: 0 (re)creations, 0 updates, 0 removals to 0 collections
21:20:57.611 [main] DEBUG o.h.internal.util.EntityPrinter - Listing entities:
21:20:57.611 [main] DEBUG o.h.internal.util.EntityPrinter - edu.ncsu.csc.itrust2.models.persistent.LogEntry{secondaryUser=null, logCode=5, primaryUser=logapitest, id=148, time=java.util.GregorianCalendar[time=1521667257604,areFieldsSet=true,areAllFieldsSet=true,lenient=true,zone=sun.util.calendar.ZoneInfo[id="Etc/UTC",offset=0,dstSavings=0,useDaylight=false,transitions=0,lastRule=null],firstDayOfWeek=1,minimalDaysInFirstWeek=1,ERA=1,YEAR=2018,MONTH=2,WEEK_OF_YEAR=12,WEEK_OF_MONTH=4,DAY_OF_MONTH=21,DAY_OF_YEAR=80,DAY_OF_WEEK=4,DAY_OF_WEEK_IN_MONTH=3,AM_PM=1,HOUR=9,HOUR_OF_DAY=21,MINUTE=20,SECOND=57,MILLISECOND=604,ZONE_OFFSET=0,DST_OFFSET=0], message=null}
21:20:57.612 [main] DEBUG org.hibernate.SQL - insert into LogEntries (logCode, message, primaryUser, secondaryUser, time, id) values (?, ?, ?, ?, ?, ?)
Hibernate: insert into LogEntries (logCode, message, primaryUser, secondaryUser, time, id) values (?, ?, ?, ?, ?, ?)
21:20:57.620 [main] DEBUG o.h.e.j.internal.JdbcCoordinatorImpl - HHH000420: Closing un-released batch
21:20:57.621 [main] DEBUG o.h.e.t.internal.TransactionImpl - begin
21:20:57.624 [main] DEBUG org.hibernate.SQL - select next_val as id_val from hibernate_sequence for update
Hibernate: select next_val as id_val from hibernate_sequence for update
21:20:57.626 [main] DEBUG org.hibernate.SQL - update hibernate_sequence set next_val= ? where next_val=?
Hibernate: update hibernate_sequence set next_val= ? where next_val=?
21:20:57.629 [main] DEBUG o.h.e.i.AbstractSaveEventListener - Generated identifier: 149, using strategy: org.hibernate.id.enhanced.SequenceStyleGenerator
21:20:57.630 [main] DEBUG o.h.e.t.internal.TransactionImpl - committing
21:20:57.630 [main] DEBUG o.h.e.i.AbstractFlushingEventListener - Processing flush-time cascades
21:20:57.630 [main] DEBUG o.h.e.i.AbstractFlushingEventListener - Dirty checking collections
21:20:57.630 [main] DEBUG o.h.e.i.AbstractFlushingEventListener - Flushed: 1 insertions, 0 updates, 0 deletions to 1 objects
21:20:57.630 [main] DEBUG o.h.e.i.AbstractFlushingEventListener - Flushed: 0 (re)creations, 0 updates, 0 removals to 0 collections
21:20:57.630 [main] DEBUG o.h.internal.util.EntityPrinter - Listing entities:
21:20:57.630 [main] DEBUG o.h.internal.util.EntityPrinter - edu.ncsu.csc.itrust2.models.persistent.LogEntry{secondaryUser=null, logCode=5, primaryUser=logapitest, id=149, time=java.util.GregorianCalendar[time=1521667257621,areFieldsSet=true,areAllFieldsSet=true,lenient=true,zone=sun.util.calendar.ZoneInfo[id="Etc/UTC",offset=0,dstSavings=0,useDaylight=false,transitions=0,lastRule=null],firstDayOfWeek=1,minimalDaysInFirstWeek=1,ERA=1,YEAR=2018,MONTH=2,WEEK_OF_YEAR=12,WEEK_OF_MONTH=4,DAY_OF_MONTH=21,DAY_OF_YEAR=80,DAY_OF_WEEK=4,DAY_OF_WEEK_IN_MONTH=3,AM_PM=1,HOUR=9,HOUR_OF_DAY=21,MINUTE=20,SECOND=57,MILLISECOND=621,ZONE_OFFSET=0,DST_OFFSET=0], message=null}
21:20:57.633 [main] DEBUG org.hibernate.SQL - insert into LogEntries (logCode, message, primaryUser, secondaryUser, time, id) values (?, ?, ?, ?, ?, ?)
Hibernate: insert into LogEntries (logCode, message, primaryUser, secondaryUser, time, id) values (?, ?, ?, ?, ?, ?)
21:20:57.637 [main] DEBUG o.h.e.j.internal.JdbcCoordinatorImpl - HHH000420: Closing un-released batch
21:20:57.638 [main] DEBUG o.h.e.t.internal.TransactionImpl - begin
21:20:57.641 [main] DEBUG org.hibernate.SQL - select next_val as id_val from hibernate_sequence for update
Hibernate: select next_val as id_val from hibernate_sequence for update
21:20:57.642 [main] DEBUG org.hibernate.SQL - update hibernate_sequence set next_val= ? where next_val=?
Hibernate: update hibernate_sequence set next_val= ? where next_val=?
21:20:57.645 [main] DEBUG o.h.e.i.AbstractSaveEventListener - Generated identifier: 150, using strategy: org.hibernate.id.enhanced.SequenceStyleGenerator
21:20:57.645 [main] DEBUG o.h.e.t.internal.TransactionImpl - committing
21:20:57.645 [main] DEBUG o.h.e.i.AbstractFlushingEventListener - Processing flush-time cascades
21:20:57.645 [main] DEBUG o.h.e.i.AbstractFlushingEventListener - Dirty checking collections
21:20:57.646 [main] DEBUG o.h.e.i.AbstractFlushingEventListener - Flushed: 1 insertions, 0 updates, 0 deletions to 1 objects
21:20:57.646 [main] DEBUG o.h.e.i.AbstractFlushingEventListener - Flushed: 0 (re)creations, 0 updates, 0 removals to 0 collections
21:20:57.646 [main] DEBUG o.h.internal.util.EntityPrinter - Listing entities:
21:20:57.646 [main] DEBUG o.h.internal.util.EntityPrinter - edu.ncsu.csc.itrust2.models.persistent.LogEntry{secondaryUser=null, logCode=5, primaryUser=logapitest, id=150, time=java.util.GregorianCalendar[time=1521667257638,areFieldsSet=true,areAllFieldsSet=true,lenient=true,zone=sun.util.calendar.ZoneInfo[id="Etc/UTC",offset=0,dstSavings=0,useDaylight=false,transitions=0,lastRule=null],firstDayOfWeek=1,minimalDaysInFirstWeek=1,ERA=1,YEAR=2018,MONTH=2,WEEK_OF_YEAR=12,WEEK_OF_MONTH=4,DAY_OF_MONTH=21,DAY_OF_YEAR=80,DAY_OF_WEEK=4,DAY_OF_WEEK_IN_MONTH=3,AM_PM=1,HOUR=9,HOUR_OF_DAY=21,MINUTE=20,SECOND=57,MILLISECOND=638,ZONE_OFFSET=0,DST_OFFSET=0], message=null}
21:20:57.649 [main] DEBUG org.hibernate.SQL - insert into LogEntries (logCode, message, primaryUser, secondaryUser, time, id) values (?, ?, ?, ?, ?, ?)
Hibernate: insert into LogEntries (logCode, message, primaryUser, secondaryUser, time, id) values (?, ?, ?, ?, ?, ?)
21:20:57.654 [main] DEBUG o.h.e.j.internal.JdbcCoordinatorImpl - HHH000420: Closing un-released batch
21:20:57.655 [main] DEBUG o.h.e.t.internal.TransactionImpl - begin
21:20:57.657 [main] DEBUG org.hibernate.SQL - select next_val as id_val from hibernate_sequence for update
Hibernate: select next_val as id_val from hibernate_sequence for update
21:20:57.658 [main] DEBUG org.hibernate.SQL - update hibernate_sequence set next_val= ? where next_val=?
Hibernate: update hibernate_sequence set next_val= ? where next_val=?
21:20:57.660 [main] DEBUG o.h.e.i.AbstractSaveEventListener - Generated identifier: 151, using strategy: org.hibernate.id.enhanced.SequenceStyleGenerator
21:20:57.661 [main] DEBUG o.h.e.t.internal.TransactionImpl - committing
21:20:57.661 [main] DEBUG o.h.e.i.AbstractFlushingEventListener - Processing flush-time cascades
21:20:57.661 [main] DEBUG o.h.e.i.AbstractFlushingEventListener - Dirty checking collections
21:20:57.661 [main] DEBUG o.h.e.i.AbstractFlushingEventListener - Flushed: 1 insertions, 0 updates, 0 deletions to 1 objects
21:20:57.661 [main] DEBUG o.h.e.i.AbstractFlushingEventListener - Flushed: 0 (re)creations, 0 updates, 0 removals to 0 collections
21:20:57.661 [main] DEBUG o.h.internal.util.EntityPrinter - Listing entities:
21:20:57.661 [main] DEBUG o.h.internal.util.EntityPrinter - edu.ncsu.csc.itrust2.models.persistent.LogEntry{secondaryUser=null, logCode=5, primaryUser=logapitest, id=151, time=java.util.GregorianCalendar[time=1521667257655,areFieldsSet=true,areAllFieldsSet=true,lenient=true,zone=sun.util.calendar.ZoneInfo[id="Etc/UTC",offset=0,dstSavings=0,useDaylight=false,transitions=0,lastRule=null],firstDayOfWeek=1,minimalDaysInFirstWeek=1,ERA=1,YEAR=2018,MONTH=2,WEEK_OF_YEAR=12,WEEK_OF_MONTH=4,DAY_OF_MONTH=21,DAY_OF_YEAR=80,DAY_OF_WEEK=4,DAY_OF_WEEK_IN_MONTH=3,AM_PM=1,HOUR=9,HOUR_OF_DAY=21,MINUTE=20,SECOND=57,MILLISECOND=655,ZONE_OFFSET=0,DST_OFFSET=0], message=null}
21:20:57.661 [main] DEBUG org.hibernate.SQL - insert into LogEntries (logCode, message, primaryUser, secondaryUser, time, id) values (?, ?, ?, ?, ?, ?)
Hibernate: insert into LogEntries (logCode, message, primaryUser, secondaryUser, time, id) values (?, ?, ?, ?, ?, ?)
21:20:57.669 [main] DEBUG o.h.e.j.internal.JdbcCoordinatorImpl - HHH000420: Closing un-released batch
21:20:57.674 [main] DEBUG o.h.e.t.internal.TransactionImpl - begin
21:20:57.680 [main] DEBUG org.hibernate.SQL - select next_val as id_val from hibernate_sequence for update
Hibernate: select next_val as id_val from hibernate_sequence for update
21:20:57.681 [main] DEBUG org.hibernate.SQL - update hibernate_sequence set next_val= ? where next_val=?
Hibernate: update hibernate_sequence set next_val= ? where next_val=?
21:20:57.682 [main] DEBUG o.h.e.i.AbstractSaveEventListener - Generated identifier: 152, using strategy: org.hibernate.id.enhanced.SequenceStyleGenerator
21:20:57.682 [main] DEBUG o.h.e.t.internal.TransactionImpl - committing
21:20:57.685 [main] DEBUG o.h.e.i.AbstractFlushingEventListener - Processing flush-time cascades
21:20:57.685 [main] DEBUG o.h.e.i.AbstractFlushingEventListener - Dirty checking collections
21:20:57.685 [main] DEBUG o.h.e.i.AbstractFlushingEventListener - Flushed: 1 insertions, 0 updates, 0 deletions to 1 objects
21:20:57.685 [main] DEBUG o.h.e.i.AbstractFlushingEventListener - Flushed: 0 (re)creations, 0 updates, 0 removals to 0 collections
21:20:57.685 [main] DEBUG o.h.internal.util.EntityPrinter - Listing entities:
21:20:57.686 [main] DEBUG o.h.internal.util.EntityPrinter - edu.ncsu.csc.itrust2.models.persistent.LogEntry{secondaryUser=null, logCode=5, primaryUser=logapitest, id=152, time=java.util.GregorianCalendar[time=1521667257671,areFieldsSet=true,areAllFieldsSet=true,lenient=true,zone=sun.util.calendar.ZoneInfo[id="Etc/UTC",offset=0,dstSavings=0,useDaylight=false,transitions=0,lastRule=null],firstDayOfWeek=1,minimalDaysInFirstWeek=1,ERA=1,YEAR=2018,MONTH=2,WEEK_OF_YEAR=12,WEEK_OF_MONTH=4,DAY_OF_MONTH=21,DAY_OF_YEAR=80,DAY_OF_WEEK=4,DAY_OF_WEEK_IN_MONTH=3,AM_PM=1,HOUR=9,HOUR_OF_DAY=21,MINUTE=20,SECOND=57,MILLISECOND=671,ZONE_OFFSET=0,DST_OFFSET=0], message=null}
21:20:57.686 [main] DEBUG org.hibernate.SQL - insert into LogEntries (logCode, message, primaryUser, secondaryUser, time, id) values (?, ?, ?, ?, ?, ?)
Hibernate: insert into LogEntries (logCode, message, primaryUser, secondaryUser, time, id) values (?, ?, ?, ?, ?, ?)
21:20:57.692 [main] DEBUG o.h.e.j.internal.JdbcCoordinatorImpl - HHH000420: Closing un-released batch
21:20:57.693 [main] DEBUG o.h.e.t.internal.TransactionImpl - begin
21:20:57.698 [main] DEBUG org.hibernate.SQL - select next_val as id_val from hibernate_sequence for update
Hibernate: select next_val as id_val from hibernate_sequence for update
21:20:57.700 [main] DEBUG org.hibernate.SQL - update hibernate_sequence set next_val= ? where next_val=?
Hibernate: update hibernate_sequence set next_val= ? where next_val=?
21:20:57.708 [main] DEBUG o.h.e.i.AbstractSaveEventListener - Generated identifier: 153, using strategy: org.hibernate.id.enhanced.SequenceStyleGenerator
21:20:57.708 [main] DEBUG o.h.e.t.internal.TransactionImpl - committing
21:20:57.708 [main] DEBUG o.h.e.i.AbstractFlushingEventListener - Processing flush-time cascades
21:20:57.708 [main] DEBUG o.h.e.i.AbstractFlushingEventListener - Dirty checking collections
21:20:57.709 [main] DEBUG o.h.e.i.AbstractFlushingEventListener - Flushed: 1 insertions, 0 updates, 0 deletions to 1 objects
21:20:57.709 [main] DEBUG o.h.e.i.AbstractFlushingEventListener - Flushed: 0 (re)creations, 0 updates, 0 removals to 0 collections
21:20:57.709 [main] DEBUG o.h.internal.util.EntityPrinter - Listing entities:
21:20:57.709 [main] DEBUG o.h.internal.util.EntityPrinter - edu.ncsu.csc.itrust2.models.persistent.LogEntry{secondaryUser=null, logCode=5, primaryUser=logapitest, id=153, time=java.util.GregorianCalendar[time=1521667257693,areFieldsSet=true,areAllFieldsSet=true,lenient=true,zone=sun.util.calendar.ZoneInfo[id="Etc/UTC",offset=0,dstSavings=0,useDaylight=false,transitions=0,lastRule=null],firstDayOfWeek=1,minimalDaysInFirstWeek=1,ERA=1,YEAR=2018,MONTH=2,WEEK_OF_YEAR=12,WEEK_OF_MONTH=4,DAY_OF_MONTH=21,DAY_OF_YEAR=80,DAY_OF_WEEK=4,DAY_OF_WEEK_IN_MONTH=3,AM_PM=1,HOUR=9,HOUR_OF_DAY=21,MINUTE=20,SECOND=57,MILLISECOND=693,ZONE_OFFSET=0,DST_OFFSET=0], message=null}
21:20:57.709 [main] DEBUG org.hibernate.SQL - insert into LogEntries (logCode, message, primaryUser, secondaryUser, time, id) values (?, ?, ?, ?, ?, ?)
Hibernate: insert into LogEntries (logCode, message, primaryUser, secondaryUser, time, id) values (?, ?, ?, ?, ?, ?)
21:20:57.715 [main] DEBUG o.h.e.j.internal.JdbcCoordinatorImpl - HHH000420: Closing un-released batch
21:20:57.715 [main] DEBUG o.h.e.t.internal.TransactionImpl - begin
21:20:57.717 [main] DEBUG org.hibernate.SQL - select next_val as id_val from hibernate_sequence for update
Hibernate: select next_val as id_val from hibernate_sequence for update
21:20:57.718 [main] DEBUG org.hibernate.SQL - update hibernate_sequence set next_val= ? where next_val=?
Hibernate: update hibernate_sequence set next_val= ? where next_val=?
21:20:57.719 [main] DEBUG o.h.e.i.AbstractSaveEventListener - Generated identifier: 154, using strategy: org.hibernate.id.enhanced.SequenceStyleGenerator
21:20:57.719 [main] DEBUG o.h.e.t.internal.TransactionImpl - committing
21:20:57.719 [main] DEBUG o.h.e.i.AbstractFlushingEventListener - Processing flush-time cascades
21:20:57.720 [main] DEBUG o.h.e.i.AbstractFlushingEventListener - Dirty checking collections
21:20:57.723 [main] DEBUG o.h.e.i.AbstractFlushingEventListener - Flushed: 1 insertions, 0 updates, 0 deletions to 1 objects
21:20:57.723 [main] DEBUG o.h.e.i.AbstractFlushingEventListener - Flushed: 0 (re)creations, 0 updates, 0 removals to 0 collections
21:20:57.723 [main] DEBUG o.h.internal.util.EntityPrinter - Listing entities:
21:20:57.723 [main] DEBUG o.h.internal.util.EntityPrinter - edu.ncsu.csc.itrust2.models.persistent.LogEntry{secondaryUser=null, logCode=5, primaryUser=logapitest, id=154, time=java.util.GregorianCalendar[time=1521667257715,areFieldsSet=true,areAllFieldsSet=true,lenient=true,zone=sun.util.calendar.ZoneInfo[id="Etc/UTC",offset=0,dstSavings=0,useDaylight=false,transitions=0,lastRule=null],firstDayOfWeek=1,minimalDaysInFirstWeek=1,ERA=1,YEAR=2018,MONTH=2,WEEK_OF_YEAR=12,WEEK_OF_MONTH=4,DAY_OF_MONTH=21,DAY_OF_YEAR=80,DAY_OF_WEEK=4,DAY_OF_WEEK_IN_MONTH=3,AM_PM=1,HOUR=9,HOUR_OF_DAY=21,MINUTE=20,SECOND=57,MILLISECOND=715,ZONE_OFFSET=0,DST_OFFSET=0], message=null}
21:20:57.724 [main] DEBUG org.hibernate.SQL - insert into LogEntries (logCode, message, primaryUser, secondaryUser, time, id) values (?, ?, ?, ?, ?, ?)
Hibernate: insert into LogEntries (logCode, message, primaryUser, secondaryUser, time, id) values (?, ?, ?, ?, ?, ?)
21:20:57.729 [main] DEBUG o.h.e.j.internal.JdbcCoordinatorImpl - HHH000420: Closing un-released batch
21:20:57.730 [main] DEBUG o.h.e.t.internal.TransactionImpl - begin
21:20:57.730 [main] DEBUG org.hibernate.SQL - select next_val as id_val from hibernate_sequence for update
Hibernate: select next_val as id_val from hibernate_sequence for update
21:20:57.731 [main] DEBUG org.hibernate.SQL - update hibernate_sequence set next_val= ? where next_val=?
Hibernate: update hibernate_sequence set next_val= ? where next_val=?
21:20:57.732 [main] DEBUG o.h.e.i.AbstractSaveEventListener - Generated identifier: 155, using strategy: org.hibernate.id.enhanced.SequenceStyleGenerator
21:20:57.733 [main] DEBUG o.h.e.t.internal.TransactionImpl - committing
21:20:57.733 [main] DEBUG o.h.e.i.AbstractFlushingEventListener - Processing flush-time cascades
21:20:57.733 [main] DEBUG o.h.e.i.AbstractFlushingEventListener - Dirty checking collections
21:20:57.735 [main] DEBUG o.h.e.i.AbstractFlushingEventListener - Flushed: 1 insertions, 0 updates, 0 deletions to 1 objects
21:20:57.740 [main] DEBUG o.h.e.i.AbstractFlushingEventListener - Flushed: 0 (re)creations, 0 updates, 0 removals to 0 collections
21:20:57.740 [main] DEBUG o.h.internal.util.EntityPrinter - Listing entities:
21:20:57.741 [main] DEBUG o.h.internal.util.EntityPrinter - edu.ncsu.csc.itrust2.models.persistent.LogEntry{secondaryUser=null, logCode=5, primaryUser=logapitest, id=155, time=java.util.GregorianCalendar[time=1521667257729,areFieldsSet=true,areAllFieldsSet=true,lenient=true,zone=sun.util.calendar.ZoneInfo[id="Etc/UTC",offset=0,dstSavings=0,useDaylight=false,transitions=0,lastRule=null],firstDayOfWeek=1,minimalDaysInFirstWeek=1,ERA=1,YEAR=2018,MONTH=2,WEEK_OF_YEAR=12,WEEK_OF_MONTH=4,DAY_OF_MONTH=21,DAY_OF_YEAR=80,DAY_OF_WEEK=4,DAY_OF_WEEK_IN_MONTH=3,AM_PM=1,HOUR=9,HOUR_OF_DAY=21,MINUTE=20,SECOND=57,MILLISECOND=729,ZONE_OFFSET=0,DST_OFFSET=0], message=null}
21:20:57.741 [main] DEBUG org.hibernate.SQL - insert into LogEntries (logCode, message, primaryUser, secondaryUser, time, id) values (?, ?, ?, ?, ?, ?)
Hibernate: insert into LogEntries (logCode, message, primaryUser, secondaryUser, time, id) values (?, ?, ?, ?, ?, ?)
21:20:57.743 [main] DEBUG o.h.e.j.internal.JdbcCoordinatorImpl - HHH000420: Closing un-released batch
21:20:57.749 [main] DEBUG o.h.e.t.internal.TransactionImpl - begin
21:20:57.750 [main] DEBUG org.hibernate.SQL - select next_val as id_val from hibernate_sequence for update
Hibernate: select next_val as id_val from hibernate_sequence for update
21:20:57.750 [main] DEBUG org.hibernate.SQL - update hibernate_sequence set next_val= ? where next_val=?
Hibernate: update hibernate_sequence set next_val= ? where next_val=?
21:20:57.752 [main] DEBUG o.h.e.i.AbstractSaveEventListener - Generated identifier: 156, using strategy: org.hibernate.id.enhanced.SequenceStyleGenerator
21:20:57.752 [main] DEBUG o.h.e.t.internal.TransactionImpl - committing
21:20:57.752 [main] DEBUG o.h.e.i.AbstractFlushingEventListener - Processing flush-time cascades
21:20:57.753 [main] DEBUG o.h.e.i.AbstractFlushingEventListener - Dirty checking collections
21:20:57.753 [main] DEBUG o.h.e.i.AbstractFlushingEventListener - Flushed: 1 insertions, 0 updates, 0 deletions to 1 objects
21:20:57.756 [main] DEBUG o.h.e.i.AbstractFlushingEventListener - Flushed: 0 (re)creations, 0 updates, 0 removals to 0 collections
21:20:57.756 [main] DEBUG o.h.internal.util.EntityPrinter - Listing entities:
21:20:57.756 [main] DEBUG o.h.internal.util.EntityPrinter - edu.ncsu.csc.itrust2.models.persistent.LogEntry{secondaryUser=null, logCode=5, primaryUser=logapitest, id=156, time=java.util.GregorianCalendar[time=1521667257749,areFieldsSet=true,areAllFieldsSet=true,lenient=true,zone=sun.util.calendar.ZoneInfo[id="Etc/UTC",offset=0,dstSavings=0,useDaylight=false,transitions=0,lastRule=null],firstDayOfWeek=1,minimalDaysInFirstWeek=1,ERA=1,YEAR=2018,MONTH=2,WEEK_OF_YEAR=12,WEEK_OF_MONTH=4,DAY_OF_MONTH=21,DAY_OF_YEAR=80,DAY_OF_WEEK=4,DAY_OF_WEEK_IN_MONTH=3,AM_PM=1,HOUR=9,HOUR_OF_DAY=21,MINUTE=20,SECOND=57,MILLISECOND=749,ZONE_OFFSET=0,DST_OFFSET=0], message=null}
21:20:57.757 [main] DEBUG org.hibernate.SQL - insert into LogEntries (logCode, message, primaryUser, secondaryUser, time, id) values (?, ?, ?, ?, ?, ?)
Hibernate: insert into LogEntries (logCode, message, primaryUser, secondaryUser, time, id) values (?, ?, ?, ?, ?, ?)
21:20:57.766 [main] DEBUG o.h.e.j.internal.JdbcCoordinatorImpl - HHH000420: Closing un-released batch
21:20:57.767 [main] DEBUG o.h.e.t.internal.TransactionImpl - begin
21:20:57.767 [main] DEBUG org.hibernate.SQL - select next_val as id_val from hibernate_sequence for update
Hibernate: select next_val as id_val from hibernate_sequence for update
21:20:57.768 [main] DEBUG org.hibernate.SQL - update hibernate_sequence set next_val= ? where next_val=?
Hibernate: update hibernate_sequence set next_val= ? where next_val=?
21:20:57.769 [main] DEBUG o.h.e.i.AbstractSaveEventListener - Generated identifier: 157, using strategy: org.hibernate.id.enhanced.SequenceStyleGenerator
21:20:57.770 [main] DEBUG o.h.e.t.internal.TransactionImpl - committing
21:20:57.770 [main] DEBUG o.h.e.i.AbstractFlushingEventListener - Processing flush-time cascades
21:20:57.770 [main] DEBUG o.h.e.i.AbstractFlushingEventListener - Dirty checking collections
21:20:57.770 [main] DEBUG o.h.e.i.AbstractFlushingEventListener - Flushed: 1 insertions, 0 updates, 0 deletions to 1 objects
21:20:57.770 [main] DEBUG o.h.e.i.AbstractFlushingEventListener - Flushed: 0 (re)creations, 0 updates, 0 removals to 0 collections
21:20:57.771 [main] DEBUG o.h.internal.util.EntityPrinter - Listing entities:
21:20:57.771 [main] DEBUG o.h.internal.util.EntityPrinter - edu.ncsu.csc.itrust2.models.persistent.LogEntry{secondaryUser=null, logCode=5, primaryUser=logapitest, id=157, time=java.util.GregorianCalendar[time=1521667257766,areFieldsSet=true,areAllFieldsSet=true,lenient=true,zone=sun.util.calendar.ZoneInfo[id="Etc/UTC",offset=0,dstSavings=0,useDaylight=false,transitions=0,lastRule=null],firstDayOfWeek=1,minimalDaysInFirstWeek=1,ERA=1,YEAR=2018,MONTH=2,WEEK_OF_YEAR=12,WEEK_OF_MONTH=4,DAY_OF_MONTH=21,DAY_OF_YEAR=80,DAY_OF_WEEK=4,DAY_OF_WEEK_IN_MONTH=3,AM_PM=1,HOUR=9,HOUR_OF_DAY=21,MINUTE=20,SECOND=57,MILLISECOND=766,ZONE_OFFSET=0,DST_OFFSET=0], message=null}
21:20:57.772 [main] DEBUG org.hibernate.SQL - insert into LogEntries (logCode, message, primaryUser, secondaryUser, time, id) values (?, ?, ?, ?, ?, ?)
Hibernate: insert into LogEntries (logCode, message, primaryUser, secondaryUser, time, id) values (?, ?, ?, ?, ?, ?)
21:20:57.773 [main] DEBUG o.h.e.j.internal.JdbcCoordinatorImpl - HHH000420: Closing un-released batch
21:20:57.774 [main] DEBUG o.h.e.t.internal.TransactionImpl - begin
21:20:57.780 [main] DEBUG org.hibernate.SQL - select next_val as id_val from hibernate_sequence for update
Hibernate: select next_val as id_val from hibernate_sequence for update
21:20:57.780 [main] DEBUG org.hibernate.SQL - update hibernate_sequence set next_val= ? where next_val=?
Hibernate: update hibernate_sequence set next_val= ? where next_val=?
21:20:57.782 [main] DEBUG o.h.e.i.AbstractSaveEventListener - Generated identifier: 158, using strategy: org.hibernate.id.enhanced.SequenceStyleGenerator
21:20:57.782 [main] DEBUG o.h.e.t.internal.TransactionImpl - committing
21:20:57.782 [main] DEBUG o.h.e.i.AbstractFlushingEventListener - Processing flush-time cascades
21:20:57.782 [main] DEBUG o.h.e.i.AbstractFlushingEventListener - Dirty checking collections
21:20:57.782 [main] DEBUG o.h.e.i.AbstractFlushingEventListener - Flushed: 1 insertions, 0 updates, 0 deletions to 1 objects
21:20:57.782 [main] DEBUG o.h.e.i.AbstractFlushingEventListener - Flushed: 0 (re)creations, 0 updates, 0 removals to 0 collections
21:20:57.782 [main] DEBUG o.h.internal.util.EntityPrinter - Listing entities:
21:20:57.782 [main] DEBUG o.h.internal.util.EntityPrinter - edu.ncsu.csc.itrust2.models.persistent.LogEntry{secondaryUser=null, logCode=5, primaryUser=logapitest, id=158, time=java.util.GregorianCalendar[time=1521667257774,areFieldsSet=true,areAllFieldsSet=true,lenient=true,zone=sun.util.calendar.ZoneInfo[id="Etc/UTC",offset=0,dstSavings=0,useDaylight=false,transitions=0,lastRule=null],firstDayOfWeek=1,minimalDaysInFirstWeek=1,ERA=1,YEAR=2018,MONTH=2,WEEK_OF_YEAR=12,WEEK_OF_MONTH=4,DAY_OF_MONTH=21,DAY_OF_YEAR=80,DAY_OF_WEEK=4,DAY_OF_WEEK_IN_MONTH=3,AM_PM=1,HOUR=9,HOUR_OF_DAY=21,MINUTE=20,SECOND=57,MILLISECOND=774,ZONE_OFFSET=0,DST_OFFSET=0], message=null}
21:20:57.783 [main] DEBUG org.hibernate.SQL - insert into LogEntries (logCode, message, primaryUser, secondaryUser, time, id) values (?, ?, ?, ?, ?, ?)
Hibernate: insert into LogEntries (logCode, message, primaryUser, secondaryUser, time, id) values (?, ?, ?, ?, ?, ?)
21:20:57.789 [main] DEBUG o.h.e.j.internal.JdbcCoordinatorImpl - HHH000420: Closing un-released batch
21:20:57.790 [main] DEBUG o.h.e.t.internal.TransactionImpl - begin
21:20:57.791 [main] DEBUG org.hibernate.SQL - select next_val as id_val from hibernate_sequence for update
Hibernate: select next_val as id_val from hibernate_sequence for update
21:20:57.792 [main] DEBUG org.hibernate.SQL - update hibernate_sequence set next_val= ? where next_val=?
Hibernate: update hibernate_sequence set next_val= ? where next_val=?
21:20:57.793 [main] DEBUG o.h.e.i.AbstractSaveEventListener - Generated identifier: 159, using strategy: org.hibernate.id.enhanced.SequenceStyleGenerator
21:20:57.793 [main] DEBUG o.h.e.t.internal.TransactionImpl - committing
21:20:57.794 [main] DEBUG o.h.e.i.AbstractFlushingEventListener - Processing flush-time cascades
21:20:57.794 [main] DEBUG o.h.e.i.AbstractFlushingEventListener - Dirty checking collections
21:20:57.794 [main] DEBUG o.h.e.i.AbstractFlushingEventListener - Flushed: 1 insertions, 0 updates, 0 deletions to 1 objects
21:20:57.794 [main] DEBUG o.h.e.i.AbstractFlushingEventListener - Flushed: 0 (re)creations, 0 updates, 0 removals to 0 collections
21:20:57.794 [main] DEBUG o.h.internal.util.EntityPrinter - Listing entities:
21:20:57.794 [main] DEBUG o.h.internal.util.EntityPrinter - edu.ncsu.csc.itrust2.models.persistent.LogEntry{secondaryUser=null, logCode=5, primaryUser=logapitest, id=159, time=java.util.GregorianCalendar[time=1521667257790,areFieldsSet=true,areAllFieldsSet=true,lenient=true,zone=sun.util.calendar.ZoneInfo[id="Etc/UTC",offset=0,dstSavings=0,useDaylight=false,transitions=0,lastRule=null],firstDayOfWeek=1,minimalDaysInFirstWeek=1,ERA=1,YEAR=2018,MONTH=2,WEEK_OF_YEAR=12,WEEK_OF_MONTH=4,DAY_OF_MONTH=21,DAY_OF_YEAR=80,DAY_OF_WEEK=4,DAY_OF_WEEK_IN_MONTH=3,AM_PM=1,HOUR=9,HOUR_OF_DAY=21,MINUTE=20,SECOND=57,MILLISECOND=790,ZONE_OFFSET=0,DST_OFFSET=0], message=null}
21:20:57.795 [main] DEBUG org.hibernate.SQL - insert into LogEntries (logCode, message, primaryUser, secondaryUser, time, id) values (?, ?, ?, ?, ?, ?)
Hibernate: insert into LogEntries (logCode, message, primaryUser, secondaryUser, time, id) values (?, ?, ?, ?, ?, ?)
21:20:57.800 [main] DEBUG o.h.e.j.internal.JdbcCoordinatorImpl - HHH000420: Closing un-released batch
21:20:57.800 [main] DEBUG o.h.e.t.internal.TransactionImpl - begin
21:20:57.801 [main] DEBUG org.hibernate.SQL - select next_val as id_val from hibernate_sequence for update
Hibernate: select next_val as id_val from hibernate_sequence for update
21:20:57.801 [main] DEBUG org.hibernate.SQL - update hibernate_sequence set next_val= ? where next_val=?
Hibernate: update hibernate_sequence set next_val= ? where next_val=?
21:20:57.802 [main] DEBUG o.h.e.i.AbstractSaveEventListener - Generated identifier: 160, using strategy: org.hibernate.id.enhanced.SequenceStyleGenerator
21:20:57.803 [main] DEBUG o.h.e.t.internal.TransactionImpl - committing
21:20:57.803 [main] DEBUG o.h.e.i.AbstractFlushingEventListener - Processing flush-time cascades
21:20:57.803 [main] DEBUG o.h.e.i.AbstractFlushingEventListener - Dirty checking collections
21:20:57.803 [main] DEBUG o.h.e.i.AbstractFlushingEventListener - Flushed: 1 insertions, 0 updates, 0 deletions to 1 objects
21:20:57.803 [main] DEBUG o.h.e.i.AbstractFlushingEventListener - Flushed: 0 (re)creations, 0 updates, 0 removals to 0 collections
21:20:57.803 [main] DEBUG o.h.internal.util.EntityPrinter - Listing entities:
21:20:57.803 [main] DEBUG o.h.internal.util.EntityPrinter - edu.ncsu.csc.itrust2.models.persistent.LogEntry{secondaryUser=null, logCode=5, primaryUser=logapitest, id=160, time=java.util.GregorianCalendar[time=1521667257800,areFieldsSet=true,areAllFieldsSet=true,lenient=true,zone=sun.util.calendar.ZoneInfo[id="Etc/UTC",offset=0,dstSavings=0,useDaylight=false,transitions=0,lastRule=null],firstDayOfWeek=1,minimalDaysInFirstWeek=1,ERA=1,YEAR=2018,MONTH=2,WEEK_OF_YEAR=12,WEEK_OF_MONTH=4,DAY_OF_MONTH=21,DAY_OF_YEAR=80,DAY_OF_WEEK=4,DAY_OF_WEEK_IN_MONTH=3,AM_PM=1,HOUR=9,HOUR_OF_DAY=21,MINUTE=20,SECOND=57,MILLISECOND=800,ZONE_OFFSET=0,DST_OFFSET=0], message=null}
21:20:57.804 [main] DEBUG org.hibernate.SQL - insert into LogEntries (logCode, message, primaryUser, secondaryUser, time, id) values (?, ?, ?, ?, ?, ?)
Hibernate: insert into LogEntries (logCode, message, primaryUser, secondaryUser, time, id) values (?, ?, ?, ?, ?, ?)
21:20:57.806 [main] DEBUG o.h.e.j.internal.JdbcCoordinatorImpl - HHH000420: Closing un-released batch
21:20:57.812 [main] DEBUG o.h.e.t.internal.TransactionImpl - begin
21:20:57.813 [main] DEBUG org.hibernate.SQL - select next_val as id_val from hibernate_sequence for update
Hibernate: select next_val as id_val from hibernate_sequence for update
21:20:57.814 [main] DEBUG org.hibernate.SQL - update hibernate_sequence set next_val= ? where next_val=?
Hibernate: update hibernate_sequence set next_val= ? where next_val=?
21:20:57.816 [main] DEBUG o.h.e.i.AbstractSaveEventListener - Generated identifier: 161, using strategy: org.hibernate.id.enhanced.SequenceStyleGenerator
21:20:57.816 [main] DEBUG o.h.e.t.internal.TransactionImpl - committing
21:20:57.816 [main] DEBUG o.h.e.i.AbstractFlushingEventListener - Processing flush-time cascades
21:20:57.816 [main] DEBUG o.h.e.i.AbstractFlushingEventListener - Dirty checking collections
21:20:57.816 [main] DEBUG o.h.e.i.AbstractFlushingEventListener - Flushed: 1 insertions, 0 updates, 0 deletions to 1 objects
21:20:57.817 [main] DEBUG o.h.e.i.AbstractFlushingEventListener - Flushed: 0 (re)creations, 0 updates, 0 removals to 0 collections
21:20:57.817 [main] DEBUG o.h.internal.util.EntityPrinter - Listing entities:
21:20:57.817 [main] DEBUG o.h.internal.util.EntityPrinter - edu.ncsu.csc.itrust2.models.persistent.LogEntry{secondaryUser=null, logCode=5, primaryUser=logapitest, id=161, time=java.util.GregorianCalendar[time=1521667257811,areFieldsSet=true,areAllFieldsSet=true,lenient=true,zone=sun.util.calendar.ZoneInfo[id="Etc/UTC",offset=0,dstSavings=0,useDaylight=false,transitions=0,lastRule=null],firstDayOfWeek=1,minimalDaysInFirstWeek=1,ERA=1,YEAR=2018,MONTH=2,WEEK_OF_YEAR=12,WEEK_OF_MONTH=4,DAY_OF_MONTH=21,DAY_OF_YEAR=80,DAY_OF_WEEK=4,DAY_OF_WEEK_IN_MONTH=3,AM_PM=1,HOUR=9,HOUR_OF_DAY=21,MINUTE=20,SECOND=57,MILLISECOND=811,ZONE_OFFSET=0,DST_OFFSET=0], message=null}
21:20:57.817 [main] DEBUG org.hibernate.SQL - insert into LogEntries (logCode, message, primaryUser, secondaryUser, time, id) values (?, ?, ?, ?, ?, ?)
Hibernate: insert into LogEntries (logCode, message, primaryUser, secondaryUser, time, id) values (?, ?, ?, ?, ?, ?)
21:20:57.819 [main] DEBUG o.h.e.j.internal.JdbcCoordinatorImpl - HHH000420: Closing un-released batch
21:20:57.820 [main] DEBUG o.h.e.t.internal.TransactionImpl - begin
21:20:57.826 [main] DEBUG org.hibernate.SQL - select next_val as id_val from hibernate_sequence for update
Hibernate: select next_val as id_val from hibernate_sequence for update
21:20:57.827 [main] DEBUG org.hibernate.SQL - update hibernate_sequence set next_val= ? where next_val=?
Hibernate: update hibernate_sequence set next_val= ? where next_val=?
21:20:57.829 [main] DEBUG o.h.e.i.AbstractSaveEventListener - Generated identifier: 162, using strategy: org.hibernate.id.enhanced.SequenceStyleGenerator
21:20:57.829 [main] DEBUG o.h.e.t.internal.TransactionImpl - committing
21:20:57.829 [main] DEBUG o.h.e.i.AbstractFlushingEventListener - Processing flush-time cascades
21:20:57.829 [main] DEBUG o.h.e.i.AbstractFlushingEventListener - Dirty checking collections
21:20:57.829 [main] DEBUG o.h.e.i.AbstractFlushingEventListener - Flushed: 1 insertions, 0 updates, 0 deletions to 1 objects
21:20:57.829 [main] DEBUG o.h.e.i.AbstractFlushingEventListener - Flushed: 0 (re)creations, 0 updates, 0 removals to 0 collections
21:20:57.829 [main] DEBUG o.h.internal.util.EntityPrinter - Listing entities:
21:20:57.829 [main] DEBUG o.h.internal.util.EntityPrinter - edu.ncsu.csc.itrust2.models.persistent.LogEntry{secondaryUser=null, logCode=5, primaryUser=logapitest, id=162, time=java.util.GregorianCalendar[time=1521667257819,areFieldsSet=true,areAllFieldsSet=true,lenient=true,zone=sun.util.calendar.ZoneInfo[id="Etc/UTC",offset=0,dstSavings=0,useDaylight=false,transitions=0,lastRule=null],firstDayOfWeek=1,minimalDaysInFirstWeek=1,ERA=1,YEAR=2018,MONTH=2,WEEK_OF_YEAR=12,WEEK_OF_MONTH=4,DAY_OF_MONTH=21,DAY_OF_YEAR=80,DAY_OF_WEEK=4,DAY_OF_WEEK_IN_MONTH=3,AM_PM=1,HOUR=9,HOUR_OF_DAY=21,MINUTE=20,SECOND=57,MILLISECOND=819,ZONE_OFFSET=0,DST_OFFSET=0], message=null}
21:20:57.830 [main] DEBUG org.hibernate.SQL - insert into LogEntries (logCode, message, primaryUser, secondaryUser, time, id) values (?, ?, ?, ?, ?, ?)
Hibernate: insert into LogEntries (logCode, message, primaryUser, secondaryUser, time, id) values (?, ?, ?, ?, ?, ?)
21:20:57.832 [main] DEBUG o.h.e.j.internal.JdbcCoordinatorImpl - HHH000420: Closing un-released batch
21:20:57.833 [main] DEBUG o.h.e.t.internal.TransactionImpl - begin
21:20:57.833 [main] DEBUG org.hibernate.SQL - select next_val as id_val from hibernate_sequence for update
Hibernate: select next_val as id_val from hibernate_sequence for update
21:20:57.834 [main] DEBUG org.hibernate.SQL - update hibernate_sequence set next_val= ? where next_val=?
Hibernate: update hibernate_sequence set next_val= ? where next_val=?
21:20:57.835 [main] DEBUG o.h.e.i.AbstractSaveEventListener - Generated identifier: 163, using strategy: org.hibernate.id.enhanced.SequenceStyleGenerator
21:20:57.836 [main] DEBUG o.h.e.t.internal.TransactionImpl - committing
21:20:57.836 [main] DEBUG o.h.e.i.AbstractFlushingEventListener - Processing flush-time cascades
21:20:57.836 [main] DEBUG o.h.e.i.AbstractFlushingEventListener - Dirty checking collections
21:20:57.836 [main] DEBUG o.h.e.i.AbstractFlushingEventListener - Flushed: 1 insertions, 0 updates, 0 deletions to 1 objects
21:20:57.836 [main] DEBUG o.h.e.i.AbstractFlushingEventListener - Flushed: 0 (re)creations, 0 updates, 0 removals to 0 collections
21:20:57.836 [main] DEBUG o.h.internal.util.EntityPrinter - Listing entities:
21:20:57.837 [main] DEBUG o.h.internal.util.EntityPrinter - edu.ncsu.csc.itrust2.models.persistent.LogEntry{secondaryUser=null, logCode=5, primaryUser=logapitest, id=163, time=java.util.GregorianCalendar[time=1521667257832,areFieldsSet=true,areAllFieldsSet=true,lenient=true,zone=sun.util.calendar.ZoneInfo[id="Etc/UTC",offset=0,dstSavings=0,useDaylight=false,transitions=0,lastRule=null],firstDayOfWeek=1,minimalDaysInFirstWeek=1,ERA=1,YEAR=2018,MONTH=2,WEEK_OF_YEAR=12,WEEK_OF_MONTH=4,DAY_OF_MONTH=21,DAY_OF_YEAR=80,DAY_OF_WEEK=4,DAY_OF_WEEK_IN_MONTH=3,AM_PM=1,HOUR=9,HOUR_OF_DAY=21,MINUTE=20,SECOND=57,MILLISECOND=832,ZONE_OFFSET=0,DST_OFFSET=0], message=null}
21:20:57.837 [main] DEBUG org.hibernate.SQL - insert into LogEntries (logCode, message, primaryUser, secondaryUser, time, id) values (?, ?, ?, ?, ?, ?)
Hibernate: insert into LogEntries (logCode, message, primaryUser, secondaryUser, time, id) values (?, ?, ?, ?, ?, ?)
21:20:57.839 [main] DEBUG o.h.e.j.internal.JdbcCoordinatorImpl - HHH000420: Closing un-released batch
21:20:57.839 [main] DEBUG o.h.e.t.internal.TransactionImpl - begin
21:20:57.842 [main] DEBUG org.hibernate.SQL - select next_val as id_val from hibernate_sequence for update
Hibernate: select next_val as id_val from hibernate_sequence for update
21:20:57.842 [main] DEBUG org.hibernate.SQL - update hibernate_sequence set next_val= ? where next_val=?
Hibernate: update hibernate_sequence set next_val= ? where next_val=?
21:20:57.844 [main] DEBUG o.h.e.i.AbstractSaveEventListener - Generated identifier: 164, using strategy: org.hibernate.id.enhanced.SequenceStyleGenerator
21:20:57.844 [main] DEBUG o.h.e.t.internal.TransactionImpl - committing
21:20:57.844 [main] DEBUG o.h.e.i.AbstractFlushingEventListener - Processing flush-time cascades
21:20:57.844 [main] DEBUG o.h.e.i.AbstractFlushingEventListener - Dirty checking collections
21:20:57.845 [main] DEBUG o.h.e.i.AbstractFlushingEventListener - Flushed: 1 insertions, 0 updates, 0 deletions to 1 objects
21:20:57.846 [main] DEBUG o.h.e.i.AbstractFlushingEventListener - Flushed: 0 (re)creations, 0 updates, 0 removals to 0 collections
21:20:57.846 [main] DEBUG o.h.internal.util.EntityPrinter - Listing entities:
21:20:57.846 [main] DEBUG o.h.internal.util.EntityPrinter - edu.ncsu.csc.itrust2.models.persistent.LogEntry{secondaryUser=null, logCode=5, primaryUser=logapitest, id=164, time=java.util.GregorianCalendar[time=1521667257839,areFieldsSet=true,areAllFieldsSet=true,lenient=true,zone=sun.util.calendar.ZoneInfo[id="Etc/UTC",offset=0,dstSavings=0,useDaylight=false,transitions=0,lastRule=null],firstDayOfWeek=1,minimalDaysInFirstWeek=1,ERA=1,YEAR=2018,MONTH=2,WEEK_OF_YEAR=12,WEEK_OF_MONTH=4,DAY_OF_MONTH=21,DAY_OF_YEAR=80,DAY_OF_WEEK=4,DAY_OF_WEEK_IN_MONTH=3,AM_PM=1,HOUR=9,HOUR_OF_DAY=21,MINUTE=20,SECOND=57,MILLISECOND=839,ZONE_OFFSET=0,DST_OFFSET=0], message=null}
21:20:57.847 [main] DEBUG org.hibernate.SQL - insert into LogEntries (logCode, message, primaryUser, secondaryUser, time, id) values (?, ?, ?, ?, ?, ?)
Hibernate: insert into LogEntries (logCode, message, primaryUser, secondaryUser, time, id) values (?, ?, ?, ?, ?, ?)
21:20:57.849 [main] DEBUG o.h.e.j.internal.JdbcCoordinatorImpl - HHH000420: Closing un-released batch
21:20:57.849 [main] DEBUG o.h.e.t.internal.TransactionImpl - begin
21:20:57.850 [main] DEBUG org.hibernate.SQL - select next_val as id_val from hibernate_sequence for update
Hibernate: select next_val as id_val from hibernate_sequence for update
21:20:57.850 [main] DEBUG org.hibernate.SQL - update hibernate_sequence set next_val= ? where next_val=?
Hibernate: update hibernate_sequence set next_val= ? where next_val=?
21:20:57.852 [main] DEBUG o.h.e.i.AbstractSaveEventListener - Generated identifier: 165, using strategy: org.hibernate.id.enhanced.SequenceStyleGenerator
21:20:57.852 [main] DEBUG o.h.e.t.internal.TransactionImpl - committing
21:20:57.852 [main] DEBUG o.h.e.i.AbstractFlushingEventListener - Processing flush-time cascades
21:20:57.852 [main] DEBUG o.h.e.i.AbstractFlushingEventListener - Dirty checking collections
21:20:57.852 [main] DEBUG o.h.e.i.AbstractFlushingEventListener - Flushed: 1 insertions, 0 updates, 0 deletions to 1 objects
21:20:57.853 [main] DEBUG o.h.e.i.AbstractFlushingEventListener - Flushed: 0 (re)creations, 0 updates, 0 removals to 0 collections
21:20:57.853 [main] DEBUG o.h.internal.util.EntityPrinter - Listing entities:
21:20:57.853 [main] DEBUG o.h.internal.util.EntityPrinter - edu.ncsu.csc.itrust2.models.persistent.LogEntry{secondaryUser=null, logCode=5, primaryUser=logapitest, id=165, time=java.util.GregorianCalendar[time=1521667257849,areFieldsSet=true,areAllFieldsSet=true,lenient=true,zone=sun.util.calendar.ZoneInfo[id="Etc/UTC",offset=0,dstSavings=0,useDaylight=false,transitions=0,lastRule=null],firstDayOfWeek=1,minimalDaysInFirstWeek=1,ERA=1,YEAR=2018,MONTH=2,WEEK_OF_YEAR=12,WEEK_OF_MONTH=4,DAY_OF_MONTH=21,DAY_OF_YEAR=80,DAY_OF_WEEK=4,DAY_OF_WEEK_IN_MONTH=3,AM_PM=1,HOUR=9,HOUR_OF_DAY=21,MINUTE=20,SECOND=57,MILLISECOND=849,ZONE_OFFSET=0,DST_OFFSET=0], message=null}
21:20:57.853 [main] DEBUG org.hibernate.SQL - insert into LogEntries (logCode, message, primaryUser, secondaryUser, time, id) values (?, ?, ?, ?, ?, ?)
Hibernate: insert into LogEntries (logCode, message, primaryUser, secondaryUser, time, id) values (?, ?, ?, ?, ?, ?)
21:20:57.855 [main] DEBUG o.h.e.j.internal.JdbcCoordinatorImpl - HHH000420: Closing un-released batch
21:20:57.855 [main] DEBUG o.h.e.t.internal.TransactionImpl - begin
21:20:57.856 [main] DEBUG org.hibernate.SQL - select next_val as id_val from hibernate_sequence for update
Hibernate: select next_val as id_val from hibernate_sequence for update
21:20:57.856 [main] DEBUG org.hibernate.SQL - update hibernate_sequence set next_val= ? where next_val=?
Hibernate: update hibernate_sequence set next_val= ? where next_val=?
21:20:57.857 [main] DEBUG o.h.e.i.AbstractSaveEventListener - Generated identifier: 166, using strategy: org.hibernate.id.enhanced.SequenceStyleGenerator
21:20:57.858 [main] DEBUG o.h.e.t.internal.TransactionImpl - committing
21:20:57.858 [main] DEBUG o.h.e.i.AbstractFlushingEventListener - Processing flush-time cascades
21:20:57.858 [main] DEBUG o.h.e.i.AbstractFlushingEventListener - Dirty checking collections
21:20:57.858 [main] DEBUG o.h.e.i.AbstractFlushingEventListener - Flushed: 1 insertions, 0 updates, 0 deletions to 1 objects
21:20:57.858 [main] DEBUG o.h.e.i.AbstractFlushingEventListener - Flushed: 0 (re)creations, 0 updates, 0 removals to 0 collections
21:20:57.859 [main] DEBUG o.h.internal.util.EntityPrinter - Listing entities:
21:20:57.859 [main] DEBUG o.h.internal.util.EntityPrinter - edu.ncsu.csc.itrust2.models.persistent.LogEntry{secondaryUser=null, logCode=5, primaryUser=logapitest, id=166, time=java.util.GregorianCalendar[time=1521667257855,areFieldsSet=true,areAllFieldsSet=true,lenient=true,zone=sun.util.calendar.ZoneInfo[id="Etc/UTC",offset=0,dstSavings=0,useDaylight=false,transitions=0,lastRule=null],firstDayOfWeek=1,minimalDaysInFirstWeek=1,ERA=1,YEAR=2018,MONTH=2,WEEK_OF_YEAR=12,WEEK_OF_MONTH=4,DAY_OF_MONTH=21,DAY_OF_YEAR=80,DAY_OF_WEEK=4,DAY_OF_WEEK_IN_MONTH=3,AM_PM=1,HOUR=9,HOUR_OF_DAY=21,MINUTE=20,SECOND=57,MILLISECOND=855,ZONE_OFFSET=0,DST_OFFSET=0], message=null}
21:20:57.859 [main] DEBUG org.hibernate.SQL - insert into LogEntries (logCode, message, primaryUser, secondaryUser, time, id) values (?, ?, ?, ?, ?, ?)
Hibernate: insert into LogEntries (logCode, message, primaryUser, secondaryUser, time, id) values (?, ?, ?, ?, ?, ?)
21:20:57.861 [main] DEBUG o.h.e.j.internal.JdbcCoordinatorImpl - HHH000420: Closing un-released batch
21:20:57.861 [main] DEBUG o.h.e.t.internal.TransactionImpl - begin
21:20:57.862 [main] DEBUG org.hibernate.SQL - select next_val as id_val from hibernate_sequence for update
Hibernate: select next_val as id_val from hibernate_sequence for update
21:20:57.863 [main] DEBUG org.hibernate.SQL - update hibernate_sequence set next_val= ? where next_val=?
Hibernate: update hibernate_sequence set next_val= ? where next_val=?
21:20:57.864 [main] DEBUG o.h.e.i.AbstractSaveEventListener - Generated identifier: 167, using strategy: org.hibernate.id.enhanced.SequenceStyleGenerator
21:20:57.864 [main] DEBUG o.h.e.t.internal.TransactionImpl - committing
21:20:57.864 [main] DEBUG o.h.e.i.AbstractFlushingEventListener - Processing flush-time cascades
21:20:57.864 [main] DEBUG o.h.e.i.AbstractFlushingEventListener - Dirty checking collections
21:20:57.864 [main] DEBUG o.h.e.i.AbstractFlushingEventListener - Flushed: 1 insertions, 0 updates, 0 deletions to 1 objects
21:20:57.865 [main] DEBUG o.h.e.i.AbstractFlushingEventListener - Flushed: 0 (re)creations, 0 updates, 0 removals to 0 collections
21:20:57.865 [main] DEBUG o.h.internal.util.EntityPrinter - Listing entities:
21:20:57.865 [main] DEBUG o.h.internal.util.EntityPrinter - edu.ncsu.csc.itrust2.models.persistent.LogEntry{secondaryUser=null, logCode=5, primaryUser=logapitest, id=167, time=java.util.GregorianCalendar[time=1521667257861,areFieldsSet=true,areAllFieldsSet=true,lenient=true,zone=sun.util.calendar.ZoneInfo[id="Etc/UTC",offset=0,dstSavings=0,useDaylight=false,transitions=0,lastRule=null],firstDayOfWeek=1,minimalDaysInFirstWeek=1,ERA=1,YEAR=2018,MONTH=2,WEEK_OF_YEAR=12,WEEK_OF_MONTH=4,DAY_OF_MONTH=21,DAY_OF_YEAR=80,DAY_OF_WEEK=4,DAY_OF_WEEK_IN_MONTH=3,AM_PM=1,HOUR=9,HOUR_OF_DAY=21,MINUTE=20,SECOND=57,MILLISECOND=861,ZONE_OFFSET=0,DST_OFFSET=0], message=null}
21:20:57.865 [main] DEBUG org.hibernate.SQL - insert into LogEntries (logCode, message, primaryUser, secondaryUser, time, id) values (?, ?, ?, ?, ?, ?)
Hibernate: insert into LogEntries (logCode, message, primaryUser, secondaryUser, time, id) values (?, ?, ?, ?, ?, ?)
21:20:57.867 [main] DEBUG o.h.e.j.internal.JdbcCoordinatorImpl - HHH000420: Closing un-released batch
21:20:57.867 [main] DEBUG o.h.e.t.internal.TransactionImpl - begin
21:20:57.868 [main] DEBUG org.hibernate.SQL - select next_val as id_val from hibernate_sequence for update
Hibernate: select next_val as id_val from hibernate_sequence for update
21:20:57.868 [main] DEBUG org.hibernate.SQL - update hibernate_sequence set next_val= ? where next_val=?
Hibernate: update hibernate_sequence set next_val= ? where next_val=?
21:20:57.869 [main] DEBUG o.h.e.i.AbstractSaveEventListener - Generated identifier: 168, using strategy: org.hibernate.id.enhanced.SequenceStyleGenerator
21:20:57.870 [main] DEBUG o.h.e.t.internal.TransactionImpl - committing
21:20:57.870 [main] DEBUG o.h.e.i.AbstractFlushingEventListener - Processing flush-time cascades
21:20:57.870 [main] DEBUG o.h.e.i.AbstractFlushingEventListener - Dirty checking collections
21:20:57.870 [main] DEBUG o.h.e.i.AbstractFlushingEventListener - Flushed: 1 insertions, 0 updates, 0 deletions to 1 objects
21:20:57.870 [main] DEBUG o.h.e.i.AbstractFlushingEventListener - Flushed: 0 (re)creations, 0 updates, 0 removals to 0 collections
21:20:57.870 [main] DEBUG o.h.internal.util.EntityPrinter - Listing entities:
21:20:57.870 [main] DEBUG o.h.internal.util.EntityPrinter - edu.ncsu.csc.itrust2.models.persistent.LogEntry{secondaryUser=null, logCode=5, primaryUser=logapitest, id=168, time=java.util.GregorianCalendar[time=1521667257867,areFieldsSet=true,areAllFieldsSet=true,lenient=true,zone=sun.util.calendar.ZoneInfo[id="Etc/UTC",offset=0,dstSavings=0,useDaylight=false,transitions=0,lastRule=null],firstDayOfWeek=1,minimalDaysInFirstWeek=1,ERA=1,YEAR=2018,MONTH=2,WEEK_OF_YEAR=12,WEEK_OF_MONTH=4,DAY_OF_MONTH=21,DAY_OF_YEAR=80,DAY_OF_WEEK=4,DAY_OF_WEEK_IN_MONTH=3,AM_PM=1,HOUR=9,HOUR_OF_DAY=21,MINUTE=20,SECOND=57,MILLISECOND=867,ZONE_OFFSET=0,DST_OFFSET=0], message=null}
21:20:57.871 [main] DEBUG org.hibernate.SQL - insert into LogEntries (logCode, message, primaryUser, secondaryUser, time, id) values (?, ?, ?, ?, ?, ?)
Hibernate: insert into LogEntries (logCode, message, primaryUser, secondaryUser, time, id) values (?, ?, ?, ?, ?, ?)
21:20:57.872 [main] DEBUG o.h.e.j.internal.JdbcCoordinatorImpl - HHH000420: Closing un-released batch
21:20:57.873 [main] DEBUG o.h.e.t.internal.TransactionImpl - begin
21:20:57.873 [main] DEBUG org.hibernate.SQL - select next_val as id_val from hibernate_sequence for update
Hibernate: select next_val as id_val from hibernate_sequence for update
21:20:57.874 [main] DEBUG org.hibernate.SQL - update hibernate_sequence set next_val= ? where next_val=?
Hibernate: update hibernate_sequence set next_val= ? where next_val=?
21:20:57.875 [main] DEBUG o.h.e.i.AbstractSaveEventListener - Generated identifier: 169, using strategy: org.hibernate.id.enhanced.SequenceStyleGenerator
21:20:57.875 [main] DEBUG o.h.e.t.internal.TransactionImpl - committing
21:20:57.875 [main] DEBUG o.h.e.i.AbstractFlushingEventListener - Processing flush-time cascades
21:20:57.875 [main] DEBUG o.h.e.i.AbstractFlushingEventListener - Dirty checking collections
21:20:57.876 [main] DEBUG o.h.e.i.AbstractFlushingEventListener - Flushed: 1 insertions, 0 updates, 0 deletions to 1 objects
21:20:57.876 [main] DEBUG o.h.e.i.AbstractFlushingEventListener - Flushed: 0 (re)creations, 0 updates, 0 removals to 0 collections
21:20:57.876 [main] DEBUG o.h.internal.util.EntityPrinter - Listing entities:
21:20:57.876 [main] DEBUG o.h.internal.util.EntityPrinter - edu.ncsu.csc.itrust2.models.persistent.LogEntry{secondaryUser=null, logCode=5, primaryUser=logapitest, id=169, time=java.util.GregorianCalendar[time=1521667257873,areFieldsSet=true,areAllFieldsSet=true,lenient=true,zone=sun.util.calendar.ZoneInfo[id="Etc/UTC",offset=0,dstSavings=0,useDaylight=false,transitions=0,lastRule=null],firstDayOfWeek=1,minimalDaysInFirstWeek=1,ERA=1,YEAR=2018,MONTH=2,WEEK_OF_YEAR=12,WEEK_OF_MONTH=4,DAY_OF_MONTH=21,DAY_OF_YEAR=80,DAY_OF_WEEK=4,DAY_OF_WEEK_IN_MONTH=3,AM_PM=1,HOUR=9,HOUR_OF_DAY=21,MINUTE=20,SECOND=57,MILLISECOND=873,ZONE_OFFSET=0,DST_OFFSET=0], message=null}
21:20:57.876 [main] DEBUG org.hibernate.SQL - insert into LogEntries (logCode, message, primaryUser, secondaryUser, time, id) values (?, ?, ?, ?, ?, ?)
Hibernate: insert into LogEntries (logCode, message, primaryUser, secondaryUser, time, id) values (?, ?, ?, ?, ?, ?)
21:20:57.877 [main] DEBUG o.h.e.j.internal.JdbcCoordinatorImpl - HHH000420: Closing un-released batch
21:20:57.878 [main] DEBUG o.h.e.t.internal.TransactionImpl - begin
21:20:57.878 [main] DEBUG org.hibernate.SQL - select next_val as id_val from hibernate_sequence for update
Hibernate: select next_val as id_val from hibernate_sequence for update
21:20:57.879 [main] DEBUG org.hibernate.SQL - update hibernate_sequence set next_val= ? where next_val=?
Hibernate: update hibernate_sequence set next_val= ? where next_val=?
21:20:57.880 [main] DEBUG o.h.e.i.AbstractSaveEventListener - Generated identifier: 170, using strategy: org.hibernate.id.enhanced.SequenceStyleGenerator
21:20:57.880 [main] DEBUG o.h.e.t.internal.TransactionImpl - committing
21:20:57.880 [main] DEBUG o.h.e.i.AbstractFlushingEventListener - Processing flush-time cascades
21:20:57.880 [main] DEBUG o.h.e.i.AbstractFlushingEventListener - Dirty checking collections
21:20:57.881 [main] DEBUG o.h.e.i.AbstractFlushingEventListener - Flushed: 1 insertions, 0 updates, 0 deletions to 1 objects
21:20:57.881 [main] DEBUG o.h.e.i.AbstractFlushingEventListener - Flushed: 0 (re)creations, 0 updates, 0 removals to 0 collections
21:20:57.881 [main] DEBUG o.h.internal.util.EntityPrinter - Listing entities:
21:20:57.881 [main] DEBUG o.h.internal.util.EntityPrinter - edu.ncsu.csc.itrust2.models.persistent.LogEntry{secondaryUser=null, logCode=5, primaryUser=logapitest, id=170, time=java.util.GregorianCalendar[time=1521667257878,areFieldsSet=true,areAllFieldsSet=true,lenient=true,zone=sun.util.calendar.ZoneInfo[id="Etc/UTC",offset=0,dstSavings=0,useDaylight=false,transitions=0,lastRule=null],firstDayOfWeek=1,minimalDaysInFirstWeek=1,ERA=1,YEAR=2018,MONTH=2,WEEK_OF_YEAR=12,WEEK_OF_MONTH=4,DAY_OF_MONTH=21,DAY_OF_YEAR=80,DAY_OF_WEEK=4,DAY_OF_WEEK_IN_MONTH=3,AM_PM=1,HOUR=9,HOUR_OF_DAY=21,MINUTE=20,SECOND=57,MILLISECOND=878,ZONE_OFFSET=0,DST_OFFSET=0], message=null}
21:20:57.881 [main] DEBUG org.hibernate.SQL - insert into LogEntries (logCode, message, primaryUser, secondaryUser, time, id) values (?, ?, ?, ?, ?, ?)
Hibernate: insert into LogEntries (logCode, message, primaryUser, secondaryUser, time, id) values (?, ?, ?, ?, ?, ?)
21:20:57.883 [main] DEBUG o.h.e.j.internal.JdbcCoordinatorImpl - HHH000420: Closing un-released batch
21:20:57.883 [main] DEBUG o.h.e.t.internal.TransactionImpl - begin
21:20:57.884 [main] DEBUG org.hibernate.SQL - select next_val as id_val from hibernate_sequence for update
Hibernate: select next_val as id_val from hibernate_sequence for update
21:20:57.884 [main] DEBUG org.hibernate.SQL - update hibernate_sequence set next_val= ? where next_val=?
Hibernate: update hibernate_sequence set next_val= ? where next_val=?
21:20:57.885 [main] DEBUG o.h.e.i.AbstractSaveEventListener - Generated identifier: 171, using strategy: org.hibernate.id.enhanced.SequenceStyleGenerator
21:20:57.886 [main] DEBUG o.h.e.t.internal.TransactionImpl - committing
21:20:57.886 [main] DEBUG o.h.e.i.AbstractFlushingEventListener - Processing flush-time cascades
21:20:57.886 [main] DEBUG o.h.e.i.AbstractFlushingEventListener - Dirty checking collections
21:20:57.886 [main] DEBUG o.h.e.i.AbstractFlushingEventListener - Flushed: 1 insertions, 0 updates, 0 deletions to 1 objects
21:20:57.886 [main] DEBUG o.h.e.i.AbstractFlushingEventListener - Flushed: 0 (re)creations, 0 updates, 0 removals to 0 collections
21:20:57.886 [main] DEBUG o.h.internal.util.EntityPrinter - Listing entities:
21:20:57.886 [main] DEBUG o.h.internal.util.EntityPrinter - edu.ncsu.csc.itrust2.models.persistent.LogEntry{secondaryUser=null, logCode=5, primaryUser=logapitest, id=171, time=java.util.GregorianCalendar[time=1521667257883,areFieldsSet=true,areAllFieldsSet=true,lenient=true,zone=sun.util.calendar.ZoneInfo[id="Etc/UTC",offset=0,dstSavings=0,useDaylight=false,transitions=0,lastRule=null],firstDayOfWeek=1,minimalDaysInFirstWeek=1,ERA=1,YEAR=2018,MONTH=2,WEEK_OF_YEAR=12,WEEK_OF_MONTH=4,DAY_OF_MONTH=21,DAY_OF_YEAR=80,DAY_OF_WEEK=4,DAY_OF_WEEK_IN_MONTH=3,AM_PM=1,HOUR=9,HOUR_OF_DAY=21,MINUTE=20,SECOND=57,MILLISECOND=883,ZONE_OFFSET=0,DST_OFFSET=0], message=null}
21:20:57.887 [main] DEBUG org.hibernate.SQL - insert into LogEntries (logCode, message, primaryUser, secondaryUser, time, id) values (?, ?, ?, ?, ?, ?)
Hibernate: insert into LogEntries (logCode, message, primaryUser, secondaryUser, time, id) values (?, ?, ?, ?, ?, ?)
21:20:57.888 [main] DEBUG o.h.e.j.internal.JdbcCoordinatorImpl - HHH000420: Closing un-released batch
21:20:57.889 [main] DEBUG o.h.e.t.internal.TransactionImpl - begin
21:20:57.889 [main] DEBUG org.hibernate.SQL - select next_val as id_val from hibernate_sequence for update
Hibernate: select next_val as id_val from hibernate_sequence for update
21:20:57.890 [main] DEBUG org.hibernate.SQL - update hibernate_sequence set next_val= ? where next_val=?
Hibernate: update hibernate_sequence set next_val= ? where next_val=?
21:20:57.891 [main] DEBUG o.h.e.i.AbstractSaveEventListener - Generated identifier: 172, using strategy: org.hibernate.id.enhanced.SequenceStyleGenerator
21:20:57.891 [main] DEBUG o.h.e.t.internal.TransactionImpl - committing
21:20:57.891 [main] DEBUG o.h.e.i.AbstractFlushingEventListener - Processing flush-time cascades
21:20:57.891 [main] DEBUG o.h.e.i.AbstractFlushingEventListener - Dirty checking collections
21:20:57.892 [main] DEBUG o.h.e.i.AbstractFlushingEventListener - Flushed: 1 insertions, 0 updates, 0 deletions to 1 objects
21:20:57.892 [main] DEBUG o.h.e.i.AbstractFlushingEventListener - Flushed: 0 (re)creations, 0 updates, 0 removals to 0 collections
21:20:57.892 [main] DEBUG o.h.internal.util.EntityPrinter - Listing entities:
21:20:57.892 [main] DEBUG o.h.internal.util.EntityPrinter - edu.ncsu.csc.itrust2.models.persistent.LogEntry{secondaryUser=null, logCode=5, primaryUser=logapitest, id=172, time=java.util.GregorianCalendar[time=1521667257889,areFieldsSet=true,areAllFieldsSet=true,lenient=true,zone=sun.util.calendar.ZoneInfo[id="Etc/UTC",offset=0,dstSavings=0,useDaylight=false,transitions=0,lastRule=null],firstDayOfWeek=1,minimalDaysInFirstWeek=1,ERA=1,YEAR=2018,MONTH=2,WEEK_OF_YEAR=12,WEEK_OF_MONTH=4,DAY_OF_MONTH=21,DAY_OF_YEAR=80,DAY_OF_WEEK=4,DAY_OF_WEEK_IN_MONTH=3,AM_PM=1,HOUR=9,HOUR_OF_DAY=21,MINUTE=20,SECOND=57,MILLISECOND=889,ZONE_OFFSET=0,DST_OFFSET=0], message=null}
21:20:57.892 [main] DEBUG org.hibernate.SQL - insert into LogEntries (logCode, message, primaryUser, secondaryUser, time, id) values (?, ?, ?, ?, ?, ?)
Hibernate: insert into LogEntries (logCode, message, primaryUser, secondaryUser, time, id) values (?, ?, ?, ?, ?, ?)
21:20:57.893 [main] DEBUG o.h.e.j.internal.JdbcCoordinatorImpl - HHH000420: Closing un-released batch
21:20:57.894 [main] DEBUG o.h.e.t.internal.TransactionImpl - begin
21:20:57.894 [main] DEBUG org.hibernate.SQL - select next_val as id_val from hibernate_sequence for update
Hibernate: select next_val as id_val from hibernate_sequence for update
21:20:57.896 [main] DEBUG org.hibernate.SQL - update hibernate_sequence set next_val= ? where next_val=?
Hibernate: update hibernate_sequence set next_val= ? where next_val=?
21:20:57.898 [main] DEBUG o.h.e.i.AbstractSaveEventListener - Generated identifier: 173, using strategy: org.hibernate.id.enhanced.SequenceStyleGenerator
21:20:57.898 [main] DEBUG o.h.e.t.internal.TransactionImpl - committing
21:20:57.898 [main] DEBUG o.h.e.i.AbstractFlushingEventListener - Processing flush-time cascades
21:20:57.898 [main] DEBUG o.h.e.i.AbstractFlushingEventListener - Dirty checking collections
21:20:57.898 [main] DEBUG o.h.e.i.AbstractFlushingEventListener - Flushed: 1 insertions, 0 updates, 0 deletions to 1 objects
21:20:57.899 [main] DEBUG o.h.e.i.AbstractFlushingEventListener - Flushed: 0 (re)creations, 0 updates, 0 removals to 0 collections
21:20:57.899 [main] DEBUG o.h.internal.util.EntityPrinter - Listing entities:
21:20:57.899 [main] DEBUG o.h.internal.util.EntityPrinter - edu.ncsu.csc.itrust2.models.persistent.LogEntry{secondaryUser=null, logCode=5, primaryUser=logapitest, id=173, time=java.util.GregorianCalendar[time=1521667257894,areFieldsSet=true,areAllFieldsSet=true,lenient=true,zone=sun.util.calendar.ZoneInfo[id="Etc/UTC",offset=0,dstSavings=0,useDaylight=false,transitions=0,lastRule=null],firstDayOfWeek=1,minimalDaysInFirstWeek=1,ERA=1,YEAR=2018,MONTH=2,WEEK_OF_YEAR=12,WEEK_OF_MONTH=4,DAY_OF_MONTH=21,DAY_OF_YEAR=80,DAY_OF_WEEK=4,DAY_OF_WEEK_IN_MONTH=3,AM_PM=1,HOUR=9,HOUR_OF_DAY=21,MINUTE=20,SECOND=57,MILLISECOND=894,ZONE_OFFSET=0,DST_OFFSET=0], message=null}
21:20:57.899 [main] DEBUG org.hibernate.SQL - insert into LogEntries (logCode, message, primaryUser, secondaryUser, time, id) values (?, ?, ?, ?, ?, ?)
Hibernate: insert into LogEntries (logCode, message, primaryUser, secondaryUser, time, id) values (?, ?, ?, ?, ?, ?)
21:20:57.901 [main] DEBUG o.h.e.j.internal.JdbcCoordinatorImpl - HHH000420: Closing un-released batch
21:20:57.901 [main] DEBUG o.h.e.t.internal.TransactionImpl - begin
21:20:57.902 [main] DEBUG org.hibernate.SQL - select next_val as id_val from hibernate_sequence for update
Hibernate: select next_val as id_val from hibernate_sequence for update
21:20:57.902 [main] DEBUG org.hibernate.SQL - update hibernate_sequence set next_val= ? where next_val=?
Hibernate: update hibernate_sequence set next_val= ? where next_val=?
21:20:57.904 [main] DEBUG o.h.e.i.AbstractSaveEventListener - Generated identifier: 174, using strategy: org.hibernate.id.enhanced.SequenceStyleGenerator
21:20:57.904 [main] DEBUG o.h.e.t.internal.TransactionImpl - committing
21:20:57.904 [main] DEBUG o.h.e.i.AbstractFlushingEventListener - Processing flush-time cascades
21:20:57.904 [main] DEBUG o.h.e.i.AbstractFlushingEventListener - Dirty checking collections
21:20:57.905 [main] DEBUG o.h.e.i.AbstractFlushingEventListener - Flushed: 1 insertions, 0 updates, 0 deletions to 1 objects
21:20:57.905 [main] DEBUG o.h.e.i.AbstractFlushingEventListener - Flushed: 0 (re)creations, 0 updates, 0 removals to 0 collections
21:20:57.905 [main] DEBUG o.h.internal.util.EntityPrinter - Listing entities:
21:20:57.905 [main] DEBUG o.h.internal.util.EntityPrinter - edu.ncsu.csc.itrust2.models.persistent.LogEntry{secondaryUser=null, logCode=5, primaryUser=logapitest, id=174, time=java.util.GregorianCalendar[time=1521667257901,areFieldsSet=true,areAllFieldsSet=true,lenient=true,zone=sun.util.calendar.ZoneInfo[id="Etc/UTC",offset=0,dstSavings=0,useDaylight=false,transitions=0,lastRule=null],firstDayOfWeek=1,minimalDaysInFirstWeek=1,ERA=1,YEAR=2018,MONTH=2,WEEK_OF_YEAR=12,WEEK_OF_MONTH=4,DAY_OF_MONTH=21,DAY_OF_YEAR=80,DAY_OF_WEEK=4,DAY_OF_WEEK_IN_MONTH=3,AM_PM=1,HOUR=9,HOUR_OF_DAY=21,MINUTE=20,SECOND=57,MILLISECOND=901,ZONE_OFFSET=0,DST_OFFSET=0], message=null}
21:20:57.906 [main] DEBUG org.hibernate.SQL - insert into LogEntries (logCode, message, primaryUser, secondaryUser, time, id) values (?, ?, ?, ?, ?, ?)
Hibernate: insert into LogEntries (logCode, message, primaryUser, secondaryUser, time, id) values (?, ?, ?, ?, ?, ?)
21:20:57.909 [main] DEBUG o.h.e.j.internal.JdbcCoordinatorImpl - HHH000420: Closing un-released batch
21:20:57.909 [main] DEBUG o.h.e.t.internal.TransactionImpl - begin
21:20:57.910 [main] DEBUG org.hibernate.SQL - select next_val as id_val from hibernate_sequence for update
Hibernate: select next_val as id_val from hibernate_sequence for update
21:20:57.911 [main] DEBUG org.hibernate.SQL - update hibernate_sequence set next_val= ? where next_val=?
Hibernate: update hibernate_sequence set next_val= ? where next_val=?
21:20:57.913 [main] DEBUG o.h.e.i.AbstractSaveEventListener - Generated identifier: 175, using strategy: org.hibernate.id.enhanced.SequenceStyleGenerator
21:20:57.913 [main] DEBUG o.h.e.t.internal.TransactionImpl - committing
21:20:57.913 [main] DEBUG o.h.e.i.AbstractFlushingEventListener - Processing flush-time cascades
21:20:57.913 [main] DEBUG o.h.e.i.AbstractFlushingEventListener - Dirty checking collections
21:20:57.913 [main] DEBUG o.h.e.i.AbstractFlushingEventListener - Flushed: 1 insertions, 0 updates, 0 deletions to 1 objects
21:20:57.913 [main] DEBUG o.h.e.i.AbstractFlushingEventListener - Flushed: 0 (re)creations, 0 updates, 0 removals to 0 collections
21:20:57.913 [main] DEBUG o.h.internal.util.EntityPrinter - Listing entities:
21:20:57.914 [main] DEBUG o.h.internal.util.EntityPrinter - edu.ncsu.csc.itrust2.models.persistent.LogEntry{secondaryUser=null, logCode=5, primaryUser=logapitest, id=175, time=java.util.GregorianCalendar[time=1521667257909,areFieldsSet=true,areAllFieldsSet=true,lenient=true,zone=sun.util.calendar.ZoneInfo[id="Etc/UTC",offset=0,dstSavings=0,useDaylight=false,transitions=0,lastRule=null],firstDayOfWeek=1,minimalDaysInFirstWeek=1,ERA=1,YEAR=2018,MONTH=2,WEEK_OF_YEAR=12,WEEK_OF_MONTH=4,DAY_OF_MONTH=21,DAY_OF_YEAR=80,DAY_OF_WEEK=4,DAY_OF_WEEK_IN_MONTH=3,AM_PM=1,HOUR=9,HOUR_OF_DAY=21,MINUTE=20,SECOND=57,MILLISECOND=909,ZONE_OFFSET=0,DST_OFFSET=0], message=null}
21:20:57.914 [main] DEBUG org.hibernate.SQL - insert into LogEntries (logCode, message, primaryUser, secondaryUser, time, id) values (?, ?, ?, ?, ?, ?)
Hibernate: insert into LogEntries (logCode, message, primaryUser, secondaryUser, time, id) values (?, ?, ?, ?, ?, ?)
21:20:57.915 [main] DEBUG o.h.e.j.internal.JdbcCoordinatorImpl - HHH000420: Closing un-released batch
21:20:57.916 [main] DEBUG o.h.e.t.internal.TransactionImpl - begin
21:20:57.916 [main] DEBUG org.hibernate.SQL - select next_val as id_val from hibernate_sequence for update
Hibernate: select next_val as id_val from hibernate_sequence for update
21:20:57.917 [main] DEBUG org.hibernate.SQL - update hibernate_sequence set next_val= ? where next_val=?
Hibernate: update hibernate_sequence set next_val= ? where next_val=?
21:20:57.918 [main] DEBUG o.h.e.i.AbstractSaveEventListener - Generated identifier: 176, using strategy: org.hibernate.id.enhanced.SequenceStyleGenerator
21:20:57.918 [main] DEBUG o.h.e.t.internal.TransactionImpl - committing
21:20:57.919 [main] DEBUG o.h.e.i.AbstractFlushingEventListener - Processing flush-time cascades
21:20:57.919 [main] DEBUG o.h.e.i.AbstractFlushingEventListener - Dirty checking collections
21:20:57.919 [main] DEBUG o.h.e.i.AbstractFlushingEventListener - Flushed: 1 insertions, 0 updates, 0 deletions to 1 objects
21:20:57.919 [main] DEBUG o.h.e.i.AbstractFlushingEventListener - Flushed: 0 (re)creations, 0 updates, 0 removals to 0 collections
21:20:57.919 [main] DEBUG o.h.internal.util.EntityPrinter - Listing entities:
21:20:57.919 [main] DEBUG o.h.internal.util.EntityPrinter - edu.ncsu.csc.itrust2.models.persistent.LogEntry{secondaryUser=null, logCode=5, primaryUser=logapitest, id=176, time=java.util.GregorianCalendar[time=1521667257916,areFieldsSet=true,areAllFieldsSet=true,lenient=true,zone=sun.util.calendar.ZoneInfo[id="Etc/UTC",offset=0,dstSavings=0,useDaylight=false,transitions=0,lastRule=null],firstDayOfWeek=1,minimalDaysInFirstWeek=1,ERA=1,YEAR=2018,MONTH=2,WEEK_OF_YEAR=12,WEEK_OF_MONTH=4,DAY_OF_MONTH=21,DAY_OF_YEAR=80,DAY_OF_WEEK=4,DAY_OF_WEEK_IN_MONTH=3,AM_PM=1,HOUR=9,HOUR_OF_DAY=21,MINUTE=20,SECOND=57,MILLISECOND=916,ZONE_OFFSET=0,DST_OFFSET=0], message=null}
21:20:57.947 [main] DEBUG org.hibernate.SQL - insert into LogEntries (logCode, message, primaryUser, secondaryUser, time, id) values (?, ?, ?, ?, ?, ?)
Hibernate: insert into LogEntries (logCode, message, primaryUser, secondaryUser, time, id) values (?, ?, ?, ?, ?, ?)
21:20:57.949 [main] DEBUG o.h.e.j.internal.JdbcCoordinatorImpl - HHH000420: Closing un-released batch
21:20:57.950 [main] DEBUG o.h.e.t.internal.TransactionImpl - begin
21:20:57.951 [main] DEBUG org.hibernate.SQL - select next_val as id_val from hibernate_sequence for update
Hibernate: select next_val as id_val from hibernate_sequence for update
21:20:57.952 [main] DEBUG org.hibernate.SQL - update hibernate_sequence set next_val= ? where next_val=?
Hibernate: update hibernate_sequence set next_val= ? where next_val=?
21:20:57.954 [main] DEBUG o.h.e.i.AbstractSaveEventListener - Generated identifier: 177, using strategy: org.hibernate.id.enhanced.SequenceStyleGenerator
21:20:57.954 [main] DEBUG o.h.e.t.internal.TransactionImpl - committing
21:20:57.954 [main] DEBUG o.h.e.i.AbstractFlushingEventListener - Processing flush-time cascades
21:20:57.954 [main] DEBUG o.h.e.i.AbstractFlushingEventListener - Dirty checking collections
21:20:57.955 [main] DEBUG o.h.e.i.AbstractFlushingEventListener - Flushed: 1 insertions, 0 updates, 0 deletions to 1 objects
21:20:57.955 [main] DEBUG o.h.e.i.AbstractFlushingEventListener - Flushed: 0 (re)creations, 0 updates, 0 removals to 0 collections
21:20:57.955 [main] DEBUG o.h.internal.util.EntityPrinter - Listing entities:
21:20:57.955 [main] DEBUG o.h.internal.util.EntityPrinter - edu.ncsu.csc.itrust2.models.persistent.LogEntry{secondaryUser=null, logCode=5, primaryUser=logapitest, id=177, time=java.util.GregorianCalendar[time=1521667257950,areFieldsSet=true,areAllFieldsSet=true,lenient=true,zone=sun.util.calendar.ZoneInfo[id="Etc/UTC",offset=0,dstSavings=0,useDaylight=false,transitions=0,lastRule=null],firstDayOfWeek=1,minimalDaysInFirstWeek=1,ERA=1,YEAR=2018,MONTH=2,WEEK_OF_YEAR=12,WEEK_OF_MONTH=4,DAY_OF_MONTH=21,DAY_OF_YEAR=80,DAY_OF_WEEK=4,DAY_OF_WEEK_IN_MONTH=3,AM_PM=1,HOUR=9,HOUR_OF_DAY=21,MINUTE=20,SECOND=57,MILLISECOND=950,ZONE_OFFSET=0,DST_OFFSET=0], message=null}
21:20:57.960 [main] DEBUG org.hibernate.SQL - insert into LogEntries (logCode, message, primaryUser, secondaryUser, time, id) values (?, ?, ?, ?, ?, ?)
Hibernate: insert into LogEntries (logCode, message, primaryUser, secondaryUser, time, id) values (?, ?, ?, ?, ?, ?)
21:20:57.966 [main] DEBUG o.h.e.j.internal.JdbcCoordinatorImpl - HHH000420: Closing un-released batch
21:20:57.966 [main] DEBUG o.h.e.t.internal.TransactionImpl - begin
21:20:57.967 [main] DEBUG org.hibernate.SQL - select next_val as id_val from hibernate_sequence for update
Hibernate: select next_val as id_val from hibernate_sequence for update
21:20:57.968 [main] DEBUG org.hibernate.SQL - update hibernate_sequence set next_val= ? where next_val=?
Hibernate: update hibernate_sequence set next_val= ? where next_val=?
21:20:57.969 [main] DEBUG o.h.e.i.AbstractSaveEventListener - Generated identifier: 178, using strategy: org.hibernate.id.enhanced.SequenceStyleGenerator
21:20:57.969 [main] DEBUG o.h.e.t.internal.TransactionImpl - committing
21:20:57.969 [main] DEBUG o.h.e.i.AbstractFlushingEventListener - Processing flush-time cascades
21:20:57.969 [main] DEBUG o.h.e.i.AbstractFlushingEventListener - Dirty checking collections
21:20:57.970 [main] DEBUG o.h.e.i.AbstractFlushingEventListener - Flushed: 1 insertions, 0 updates, 0 deletions to 1 objects
21:20:57.970 [main] DEBUG o.h.e.i.AbstractFlushingEventListener - Flushed: 0 (re)creations, 0 updates, 0 removals to 0 collections
21:20:57.970 [main] DEBUG o.h.internal.util.EntityPrinter - Listing entities:
21:20:57.970 [main] DEBUG o.h.internal.util.EntityPrinter - edu.ncsu.csc.itrust2.models.persistent.LogEntry{secondaryUser=null, logCode=5, primaryUser=logapitest, id=178, time=java.util.GregorianCalendar[time=1521667257966,areFieldsSet=true,areAllFieldsSet=true,lenient=true,zone=sun.util.calendar.ZoneInfo[id="Etc/UTC",offset=0,dstSavings=0,useDaylight=false,transitions=0,lastRule=null],firstDayOfWeek=1,minimalDaysInFirstWeek=1,ERA=1,YEAR=2018,MONTH=2,WEEK_OF_YEAR=12,WEEK_OF_MONTH=4,DAY_OF_MONTH=21,DAY_OF_YEAR=80,DAY_OF_WEEK=4,DAY_OF_WEEK_IN_MONTH=3,AM_PM=1,HOUR=9,HOUR_OF_DAY=21,MINUTE=20,SECOND=57,MILLISECOND=966,ZONE_OFFSET=0,DST_OFFSET=0], message=null}
21:20:57.971 [main] DEBUG org.hibernate.SQL - insert into LogEntries (logCode, message, primaryUser, secondaryUser, time, id) values (?, ?, ?, ?, ?, ?)
Hibernate: insert into LogEntries (logCode, message, primaryUser, secondaryUser, time, id) values (?, ?, ?, ?, ?, ?)
21:20:57.972 [main] DEBUG o.h.e.j.internal.JdbcCoordinatorImpl - HHH000420: Closing un-released batch
21:20:57.973 [main] DEBUG o.h.e.t.internal.TransactionImpl - begin
21:20:57.974 [main] DEBUG org.hibernate.SQL - select next_val as id_val from hibernate_sequence for update
Hibernate: select next_val as id_val from hibernate_sequence for update
21:20:57.976 [main] DEBUG org.hibernate.SQL - update hibernate_sequence set next_val= ? where next_val=?
Hibernate: update hibernate_sequence set next_val= ? where next_val=?
21:20:57.978 [main] DEBUG o.h.e.i.AbstractSaveEventListener - Generated identifier: 179, using strategy: org.hibernate.id.enhanced.SequenceStyleGenerator
21:20:57.978 [main] DEBUG o.h.e.t.internal.TransactionImpl - committing
21:20:57.979 [main] DEBUG o.h.e.i.AbstractFlushingEventListener - Processing flush-time cascades
21:20:57.979 [main] DEBUG o.h.e.i.AbstractFlushingEventListener - Dirty checking collections
21:20:57.979 [main] DEBUG o.h.e.i.AbstractFlushingEventListener - Flushed: 1 insertions, 0 updates, 0 deletions to 1 objects
21:20:57.979 [main] DEBUG o.h.e.i.AbstractFlushingEventListener - Flushed: 0 (re)creations, 0 updates, 0 removals to 0 collections
21:20:57.979 [main] DEBUG o.h.internal.util.EntityPrinter - Listing entities:
21:20:57.979 [main] DEBUG o.h.internal.util.EntityPrinter - edu.ncsu.csc.itrust2.models.persistent.LogEntry{secondaryUser=null, logCode=5, primaryUser=logapitest, id=179, time=java.util.GregorianCalendar[time=1521667257972,areFieldsSet=true,areAllFieldsSet=true,lenient=true,zone=sun.util.calendar.ZoneInfo[id="Etc/UTC",offset=0,dstSavings=0,useDaylight=false,transitions=0,lastRule=null],firstDayOfWeek=1,minimalDaysInFirstWeek=1,ERA=1,YEAR=2018,MONTH=2,WEEK_OF_YEAR=12,WEEK_OF_MONTH=4,DAY_OF_MONTH=21,DAY_OF_YEAR=80,DAY_OF_WEEK=4,DAY_OF_WEEK_IN_MONTH=3,AM_PM=1,HOUR=9,HOUR_OF_DAY=21,MINUTE=20,SECOND=57,MILLISECOND=972,ZONE_OFFSET=0,DST_OFFSET=0], message=null}
21:20:57.980 [main] DEBUG org.hibernate.SQL - insert into LogEntries (logCode, message, primaryUser, secondaryUser, time, id) values (?, ?, ?, ?, ?, ?)
Hibernate: insert into LogEntries (logCode, message, primaryUser, secondaryUser, time, id) values (?, ?, ?, ?, ?, ?)
21:20:57.981 [main] DEBUG o.h.e.j.internal.JdbcCoordinatorImpl - HHH000420: Closing un-released batch
21:20:57.981 [main] DEBUG o.h.e.t.internal.TransactionImpl - begin
21:20:57.982 [main] DEBUG org.hibernate.SQL - select next_val as id_val from hibernate_sequence for update
Hibernate: select next_val as id_val from hibernate_sequence for update
21:20:57.983 [main] DEBUG org.hibernate.SQL - update hibernate_sequence set next_val= ? where next_val=?
Hibernate: update hibernate_sequence set next_val= ? where next_val=?
21:20:57.984 [main] DEBUG o.h.e.i.AbstractSaveEventListener - Generated identifier: 180, using strategy: org.hibernate.id.enhanced.SequenceStyleGenerator
21:20:57.984 [main] DEBUG o.h.e.t.internal.TransactionImpl - committing
21:20:57.985 [main] DEBUG o.h.e.i.AbstractFlushingEventListener - Processing flush-time cascades
21:20:57.985 [main] DEBUG o.h.e.i.AbstractFlushingEventListener - Dirty checking collections
21:20:57.985 [main] DEBUG o.h.e.i.AbstractFlushingEventListener - Flushed: 1 insertions, 0 updates, 0 deletions to 1 objects
21:20:57.985 [main] DEBUG o.h.e.i.AbstractFlushingEventListener - Flushed: 0 (re)creations, 0 updates, 0 removals to 0 collections
21:20:57.985 [main] DEBUG o.h.internal.util.EntityPrinter - Listing entities:
21:20:57.985 [main] DEBUG o.h.internal.util.EntityPrinter - edu.ncsu.csc.itrust2.models.persistent.LogEntry{secondaryUser=null, logCode=5, primaryUser=logapitest, id=180, time=java.util.GregorianCalendar[time=1521667257981,areFieldsSet=true,areAllFieldsSet=true,lenient=true,zone=sun.util.calendar.ZoneInfo[id="Etc/UTC",offset=0,dstSavings=0,useDaylight=false,transitions=0,lastRule=null],firstDayOfWeek=1,minimalDaysInFirstWeek=1,ERA=1,YEAR=2018,MONTH=2,WEEK_OF_YEAR=12,WEEK_OF_MONTH=4,DAY_OF_MONTH=21,DAY_OF_YEAR=80,DAY_OF_WEEK=4,DAY_OF_WEEK_IN_MONTH=3,AM_PM=1,HOUR=9,HOUR_OF_DAY=21,MINUTE=20,SECOND=57,MILLISECOND=981,ZONE_OFFSET=0,DST_OFFSET=0], message=null}
21:20:57.987 [main] DEBUG org.hibernate.SQL - insert into LogEntries (logCode, message, primaryUser, secondaryUser, time, id) values (?, ?, ?, ?, ?, ?)
Hibernate: insert into LogEntries (logCode, message, primaryUser, secondaryUser, time, id) values (?, ?, ?, ?, ?, ?)
21:20:57.989 [main] DEBUG o.h.e.j.internal.JdbcCoordinatorImpl - HHH000420: Closing un-released batch
21:20:57.990 [main] DEBUG o.h.e.t.internal.TransactionImpl - begin
21:20:57.990 [main] DEBUG org.hibernate.SQL - select next_val as id_val from hibernate_sequence for update
Hibernate: select next_val as id_val from hibernate_sequence for update
21:20:57.991 [main] DEBUG org.hibernate.SQL - update hibernate_sequence set next_val= ? where next_val=?
Hibernate: update hibernate_sequence set next_val= ? where next_val=?
21:20:57.992 [main] DEBUG o.h.e.i.AbstractSaveEventListener - Generated identifier: 181, using strategy: org.hibernate.id.enhanced.SequenceStyleGenerator
21:20:57.992 [main] DEBUG o.h.e.t.internal.TransactionImpl - committing
21:20:57.992 [main] DEBUG o.h.e.i.AbstractFlushingEventListener - Processing flush-time cascades
21:20:57.992 [main] DEBUG o.h.e.i.AbstractFlushingEventListener - Dirty checking collections
21:20:57.993 [main] DEBUG o.h.e.i.AbstractFlushingEventListener - Flushed: 1 insertions, 0 updates, 0 deletions to 1 objects
21:20:57.993 [main] DEBUG o.h.e.i.AbstractFlushingEventListener - Flushed: 0 (re)creations, 0 updates, 0 removals to 0 collections
21:20:57.993 [main] DEBUG o.h.internal.util.EntityPrinter - Listing entities:
21:20:57.993 [main] DEBUG o.h.internal.util.EntityPrinter - edu.ncsu.csc.itrust2.models.persistent.LogEntry{secondaryUser=null, logCode=5, primaryUser=logapitest, id=181, time=java.util.GregorianCalendar[time=1521667257990,areFieldsSet=true,areAllFieldsSet=true,lenient=true,zone=sun.util.calendar.ZoneInfo[id="Etc/UTC",offset=0,dstSavings=0,useDaylight=false,transitions=0,lastRule=null],firstDayOfWeek=1,minimalDaysInFirstWeek=1,ERA=1,YEAR=2018,MONTH=2,WEEK_OF_YEAR=12,WEEK_OF_MONTH=4,DAY_OF_MONTH=21,DAY_OF_YEAR=80,DAY_OF_WEEK=4,DAY_OF_WEEK_IN_MONTH=3,AM_PM=1,HOUR=9,HOUR_OF_DAY=21,MINUTE=20,SECOND=57,MILLISECOND=990,ZONE_OFFSET=0,DST_OFFSET=0], message=null}
21:20:57.993 [main] DEBUG org.hibernate.SQL - insert into LogEntries (logCode, message, primaryUser, secondaryUser, time, id) values (?, ?, ?, ?, ?, ?)
Hibernate: insert into LogEntries (logCode, message, primaryUser, secondaryUser, time, id) values (?, ?, ?, ?, ?, ?)
21:20:57.997 [main] DEBUG o.h.e.j.internal.JdbcCoordinatorImpl - HHH000420: Closing un-released batch
21:20:57.998 [main] DEBUG o.h.e.t.internal.TransactionImpl - begin
21:20:57.998 [main] DEBUG org.hibernate.SQL - select next_val as id_val from hibernate_sequence for update
Hibernate: select next_val as id_val from hibernate_sequence for update
21:20:57.999 [main] DEBUG org.hibernate.SQL - update hibernate_sequence set next_val= ? where next_val=?
Hibernate: update hibernate_sequence set next_val= ? where next_val=?
21:20:58.000 [main] DEBUG o.h.e.i.AbstractSaveEventListener - Generated identifier: 182, using strategy: org.hibernate.id.enhanced.SequenceStyleGenerator
21:20:58.000 [main] DEBUG o.h.e.t.internal.TransactionImpl - committing
21:20:58.000 [main] DEBUG o.h.e.i.AbstractFlushingEventListener - Processing flush-time cascades
21:20:58.000 [main] DEBUG o.h.e.i.AbstractFlushingEventListener - Dirty checking collections
21:20:58.001 [main] DEBUG o.h.e.i.AbstractFlushingEventListener - Flushed: 1 insertions, 0 updates, 0 deletions to 1 objects
21:20:58.001 [main] DEBUG o.h.e.i.AbstractFlushingEventListener - Flushed: 0 (re)creations, 0 updates, 0 removals to 0 collections
21:20:58.001 [main] DEBUG o.h.internal.util.EntityPrinter - Listing entities:
21:20:58.001 [main] DEBUG o.h.internal.util.EntityPrinter - edu.ncsu.csc.itrust2.models.persistent.LogEntry{secondaryUser=null, logCode=5, primaryUser=logapitest, id=182, time=java.util.GregorianCalendar[time=1521667257998,areFieldsSet=true,areAllFieldsSet=true,lenient=true,zone=sun.util.calendar.ZoneInfo[id="Etc/UTC",offset=0,dstSavings=0,useDaylight=false,transitions=0,lastRule=null],firstDayOfWeek=1,minimalDaysInFirstWeek=1,ERA=1,YEAR=2018,MONTH=2,WEEK_OF_YEAR=12,WEEK_OF_MONTH=4,DAY_OF_MONTH=21,DAY_OF_YEAR=80,DAY_OF_WEEK=4,DAY_OF_WEEK_IN_MONTH=3,AM_PM=1,HOUR=9,HOUR_OF_DAY=21,MINUTE=20,SECOND=57,MILLISECOND=998,ZONE_OFFSET=0,DST_OFFSET=0], message=null}
21:20:58.001 [main] DEBUG org.hibernate.SQL - insert into LogEntries (logCode, message, primaryUser, secondaryUser, time, id) values (?, ?, ?, ?, ?, ?)
Hibernate: insert into LogEntries (logCode, message, primaryUser, secondaryUser, time, id) values (?, ?, ?, ?, ?, ?)
21:20:58.004 [main] DEBUG o.h.e.j.internal.JdbcCoordinatorImpl - HHH000420: Closing un-released batch
21:20:58.005 [main] DEBUG o.h.e.t.internal.TransactionImpl - begin
21:20:58.005 [main] DEBUG org.hibernate.SQL - select next_val as id_val from hibernate_sequence for update
Hibernate: select next_val as id_val from hibernate_sequence for update
21:20:58.012 [main] DEBUG org.hibernate.SQL - update hibernate_sequence set next_val= ? where next_val=?
Hibernate: update hibernate_sequence set next_val= ? where next_val=?
21:20:58.014 [main] DEBUG o.h.e.i.AbstractSaveEventListener - Generated identifier: 183, using strategy: org.hibernate.id.enhanced.SequenceStyleGenerator
21:20:58.015 [main] DEBUG o.h.e.t.internal.TransactionImpl - committing
21:20:58.015 [main] DEBUG o.h.e.i.AbstractFlushingEventListener - Processing flush-time cascades
21:20:58.015 [main] DEBUG o.h.e.i.AbstractFlushingEventListener - Dirty checking collections
21:20:58.015 [main] DEBUG o.h.e.i.AbstractFlushingEventListener - Flushed: 1 insertions, 0 updates, 0 deletions to 1 objects
21:20:58.016 [main] DEBUG o.h.e.i.AbstractFlushingEventListener - Flushed: 0 (re)creations, 0 updates, 0 removals to 0 collections
21:20:58.016 [main] DEBUG o.h.internal.util.EntityPrinter - Listing entities:
21:20:58.016 [main] DEBUG o.h.internal.util.EntityPrinter - edu.ncsu.csc.itrust2.models.persistent.LogEntry{secondaryUser=null, logCode=5, primaryUser=logapitest, id=183, time=java.util.GregorianCalendar[time=1521667258004,areFieldsSet=true,areAllFieldsSet=true,lenient=true,zone=sun.util.calendar.ZoneInfo[id="Etc/UTC",offset=0,dstSavings=0,useDaylight=false,transitions=0,lastRule=null],firstDayOfWeek=1,minimalDaysInFirstWeek=1,ERA=1,YEAR=2018,MONTH=2,WEEK_OF_YEAR=12,WEEK_OF_MONTH=4,DAY_OF_MONTH=21,DAY_OF_YEAR=80,DAY_OF_WEEK=4,DAY_OF_WEEK_IN_MONTH=3,AM_PM=1,HOUR=9,HOUR_OF_DAY=21,MINUTE=20,SECOND=58,MILLISECOND=4,ZONE_OFFSET=0,DST_OFFSET=0], message=null}
21:20:58.017 [main] DEBUG org.hibernate.SQL - insert into LogEntries (logCode, message, primaryUser, secondaryUser, time, id) values (?, ?, ?, ?, ?, ?)
Hibernate: insert into LogEntries (logCode, message, primaryUser, secondaryUser, time, id) values (?, ?, ?, ?, ?, ?)
21:20:58.025 [main] DEBUG o.h.e.j.internal.JdbcCoordinatorImpl - HHH000420: Closing un-released batch
21:20:58.027 [main] DEBUG o.h.e.t.internal.TransactionImpl - begin
21:20:58.027 [main] DEBUG org.hibernate.SQL - select next_val as id_val from hibernate_sequence for update
Hibernate: select next_val as id_val from hibernate_sequence for update
21:20:58.028 [main] DEBUG org.hibernate.SQL - update hibernate_sequence set next_val= ? where next_val=?
Hibernate: update hibernate_sequence set next_val= ? where next_val=?
21:20:58.029 [main] DEBUG o.h.e.i.AbstractSaveEventListener - Generated identifier: 184, using strategy: org.hibernate.id.enhanced.SequenceStyleGenerator
21:20:58.029 [main] DEBUG o.h.e.t.internal.TransactionImpl - committing
21:20:58.029 [main] DEBUG o.h.e.i.AbstractFlushingEventListener - Processing flush-time cascades
21:20:58.029 [main] DEBUG o.h.e.i.AbstractFlushingEventListener - Dirty checking collections
21:20:58.029 [main] DEBUG o.h.e.i.AbstractFlushingEventListener - Flushed: 1 insertions, 0 updates, 0 deletions to 1 objects
21:20:58.029 [main] DEBUG o.h.e.i.AbstractFlushingEventListener - Flushed: 0 (re)creations, 0 updates, 0 removals to 0 collections
21:20:58.030 [main] DEBUG o.h.internal.util.EntityPrinter - Listing entities:
21:20:58.030 [main] DEBUG o.h.internal.util.EntityPrinter - edu.ncsu.csc.itrust2.models.persistent.LogEntry{secondaryUser=null, logCode=5, primaryUser=logapitest, id=184, time=java.util.GregorianCalendar[time=1521667258026,areFieldsSet=true,areAllFieldsSet=true,lenient=true,zone=sun.util.calendar.ZoneInfo[id="Etc/UTC",offset=0,dstSavings=0,useDaylight=false,transitions=0,lastRule=null],firstDayOfWeek=1,minimalDaysInFirstWeek=1,ERA=1,YEAR=2018,MONTH=2,WEEK_OF_YEAR=12,WEEK_OF_MONTH=4,DAY_OF_MONTH=21,DAY_OF_YEAR=80,DAY_OF_WEEK=4,DAY_OF_WEEK_IN_MONTH=3,AM_PM=1,HOUR=9,HOUR_OF_DAY=21,MINUTE=20,SECOND=58,MILLISECOND=26,ZONE_OFFSET=0,DST_OFFSET=0], message=null}
21:20:58.031 [main] DEBUG org.hibernate.SQL - insert into LogEntries (logCode, message, primaryUser, secondaryUser, time, id) values (?, ?, ?, ?, ?, ?)
Hibernate: insert into LogEntries (logCode, message, primaryUser, secondaryUser, time, id) values (?, ?, ?, ?, ?, ?)
21:20:58.034 [main] DEBUG o.h.e.j.internal.JdbcCoordinatorImpl - HHH000420: Closing un-released batch
21:20:58.034 [main] DEBUG o.h.e.t.internal.TransactionImpl - begin
21:20:58.035 [main] DEBUG org.hibernate.SQL - select next_val as id_val from hibernate_sequence for update
Hibernate: select next_val as id_val from hibernate_sequence for update
21:20:58.035 [main] DEBUG org.hibernate.SQL - update hibernate_sequence set next_val= ? where next_val=?
Hibernate: update hibernate_sequence set next_val= ? where next_val=?
21:20:58.036 [main] DEBUG o.h.e.i.AbstractSaveEventListener - Generated identifier: 185, using strategy: org.hibernate.id.enhanced.SequenceStyleGenerator
21:20:58.037 [main] DEBUG o.h.e.t.internal.TransactionImpl - committing
21:20:58.037 [main] DEBUG o.h.e.i.AbstractFlushingEventListener - Processing flush-time cascades
21:20:58.037 [main] DEBUG o.h.e.i.AbstractFlushingEventListener - Dirty checking collections
21:20:58.038 [main] DEBUG o.h.e.i.AbstractFlushingEventListener - Flushed: 1 insertions, 0 updates, 0 deletions to 1 objects
21:20:58.039 [main] DEBUG o.h.e.i.AbstractFlushingEventListener - Flushed: 0 (re)creations, 0 updates, 0 removals to 0 collections
21:20:58.039 [main] DEBUG o.h.internal.util.EntityPrinter - Listing entities:
21:20:58.039 [main] DEBUG o.h.internal.util.EntityPrinter - edu.ncsu.csc.itrust2.models.persistent.LogEntry{secondaryUser=null, logCode=5, primaryUser=logapitest, id=185, time=java.util.GregorianCalendar[time=1521667258034,areFieldsSet=true,areAllFieldsSet=true,lenient=true,zone=sun.util.calendar.ZoneInfo[id="Etc/UTC",offset=0,dstSavings=0,useDaylight=false,transitions=0,lastRule=null],firstDayOfWeek=1,minimalDaysInFirstWeek=1,ERA=1,YEAR=2018,MONTH=2,WEEK_OF_YEAR=12,WEEK_OF_MONTH=4,DAY_OF_MONTH=21,DAY_OF_YEAR=80,DAY_OF_WEEK=4,DAY_OF_WEEK_IN_MONTH=3,AM_PM=1,HOUR=9,HOUR_OF_DAY=21,MINUTE=20,SECOND=58,MILLISECOND=34,ZONE_OFFSET=0,DST_OFFSET=0], message=null}
21:20:58.039 [main] DEBUG org.hibernate.SQL - insert into LogEntries (logCode, message, primaryUser, secondaryUser, time, id) values (?, ?, ?, ?, ?, ?)
Hibernate: insert into LogEntries (logCode, message, primaryUser, secondaryUser, time, id) values (?, ?, ?, ?, ?, ?)
21:20:58.041 [main] DEBUG o.h.e.j.internal.JdbcCoordinatorImpl - HHH000420: Closing un-released batch
21:20:58.041 [main] DEBUG o.h.e.t.internal.TransactionImpl - begin
21:20:58.042 [main] DEBUG org.hibernate.SQL - select next_val as id_val from hibernate_sequence for update
Hibernate: select next_val as id_val from hibernate_sequence for update
21:20:58.043 [main] DEBUG org.hibernate.SQL - update hibernate_sequence set next_val= ? where next_val=?
Hibernate: update hibernate_sequence set next_val= ? where next_val=?
21:20:58.046 [main] DEBUG o.h.e.i.AbstractSaveEventListener - Generated identifier: 186, using strategy: org.hibernate.id.enhanced.SequenceStyleGenerator
21:20:58.046 [main] DEBUG o.h.e.t.internal.TransactionImpl - committing
21:20:58.046 [main] DEBUG o.h.e.i.AbstractFlushingEventListener - Processing flush-time cascades
21:20:58.046 [main] DEBUG o.h.e.i.AbstractFlushingEventListener - Dirty checking collections
21:20:58.047 [main] DEBUG o.h.e.i.AbstractFlushingEventListener - Flushed: 1 insertions, 0 updates, 0 deletions to 1 objects
21:20:58.047 [main] DEBUG o.h.e.i.AbstractFlushingEventListener - Flushed: 0 (re)creations, 0 updates, 0 removals to 0 collections
21:20:58.047 [main] DEBUG o.h.internal.util.EntityPrinter - Listing entities:
21:20:58.047 [main] DEBUG o.h.internal.util.EntityPrinter - edu.ncsu.csc.itrust2.models.persistent.LogEntry{secondaryUser=null, logCode=5, primaryUser=logapitest, id=186, time=java.util.GregorianCalendar[time=1521667258041,areFieldsSet=true,areAllFieldsSet=true,lenient=true,zone=sun.util.calendar.ZoneInfo[id="Etc/UTC",offset=0,dstSavings=0,useDaylight=false,transitions=0,lastRule=null],firstDayOfWeek=1,minimalDaysInFirstWeek=1,ERA=1,YEAR=2018,MONTH=2,WEEK_OF_YEAR=12,WEEK_OF_MONTH=4,DAY_OF_MONTH=21,DAY_OF_YEAR=80,DAY_OF_WEEK=4,DAY_OF_WEEK_IN_MONTH=3,AM_PM=1,HOUR=9,HOUR_OF_DAY=21,MINUTE=20,SECOND=58,MILLISECOND=41,ZONE_OFFSET=0,DST_OFFSET=0], message=null}
21:20:58.047 [main] DEBUG org.hibernate.SQL - insert into LogEntries (logCode, message, primaryUser, secondaryUser, time, id) values (?, ?, ?, ?, ?, ?)
Hibernate: insert into LogEntries (logCode, message, primaryUser, secondaryUser, time, id) values (?, ?, ?, ?, ?, ?)
21:20:58.050 [main] DEBUG o.h.e.j.internal.JdbcCoordinatorImpl - HHH000420: Closing un-released batch
21:20:58.050 [main] DEBUG o.h.e.t.internal.TransactionImpl - begin
21:20:58.051 [main] DEBUG org.hibernate.SQL - select next_val as id_val from hibernate_sequence for update
Hibernate: select next_val as id_val from hibernate_sequence for update
21:20:58.051 [main] DEBUG org.hibernate.SQL - update hibernate_sequence set next_val= ? where next_val=?
Hibernate: update hibernate_sequence set next_val= ? where next_val=?
21:20:58.053 [main] DEBUG o.h.e.i.AbstractSaveEventListener - Generated identifier: 187, using strategy: org.hibernate.id.enhanced.SequenceStyleGenerator
21:20:58.054 [main] DEBUG o.h.e.t.internal.TransactionImpl - committing
21:20:58.055 [main] DEBUG o.h.e.i.AbstractFlushingEventListener - Processing flush-time cascades
21:20:58.055 [main] DEBUG o.h.e.i.AbstractFlushingEventListener - Dirty checking collections
21:20:58.056 [main] DEBUG o.h.e.i.AbstractFlushingEventListener - Flushed: 1 insertions, 0 updates, 0 deletions to 1 objects
21:20:58.056 [main] DEBUG o.h.e.i.AbstractFlushingEventListener - Flushed: 0 (re)creations, 0 updates, 0 removals to 0 collections
21:20:58.056 [main] DEBUG o.h.internal.util.EntityPrinter - Listing entities:
21:20:58.056 [main] DEBUG o.h.internal.util.EntityPrinter - edu.ncsu.csc.itrust2.models.persistent.LogEntry{secondaryUser=null, logCode=5, primaryUser=logapitest, id=187, time=java.util.GregorianCalendar[time=1521667258050,areFieldsSet=true,areAllFieldsSet=true,lenient=true,zone=sun.util.calendar.ZoneInfo[id="Etc/UTC",offset=0,dstSavings=0,useDaylight=false,transitions=0,lastRule=null],firstDayOfWeek=1,minimalDaysInFirstWeek=1,ERA=1,YEAR=2018,MONTH=2,WEEK_OF_YEAR=12,WEEK_OF_MONTH=4,DAY_OF_MONTH=21,DAY_OF_YEAR=80,DAY_OF_WEEK=4,DAY_OF_WEEK_IN_MONTH=3,AM_PM=1,HOUR=9,HOUR_OF_DAY=21,MINUTE=20,SECOND=58,MILLISECOND=50,ZONE_OFFSET=0,DST_OFFSET=0], message=null}
21:20:58.057 [main] DEBUG org.hibernate.SQL - insert into LogEntries (logCode, message, primaryUser, secondaryUser, time, id) values (?, ?, ?, ?, ?, ?)
Hibernate: insert into LogEntries (logCode, message, primaryUser, secondaryUser, time, id) values (?, ?, ?, ?, ?, ?)
21:20:58.058 [main] DEBUG o.h.e.j.internal.JdbcCoordinatorImpl - HHH000420: Closing un-released batch
21:20:58.059 [main] DEBUG o.h.e.t.internal.TransactionImpl - begin
21:20:58.059 [main] DEBUG org.hibernate.SQL - select next_val as id_val from hibernate_sequence for update
Hibernate: select next_val as id_val from hibernate_sequence for update
21:20:58.061 [main] DEBUG org.hibernate.SQL - update hibernate_sequence set next_val= ? where next_val=?
Hibernate: update hibernate_sequence set next_val= ? where next_val=?
21:20:58.063 [main] DEBUG o.h.e.i.AbstractSaveEventListener - Generated identifier: 188, using strategy: org.hibernate.id.enhanced.SequenceStyleGenerator
21:20:58.063 [main] DEBUG o.h.e.t.internal.TransactionImpl - committing
21:20:58.063 [main] DEBUG o.h.e.i.AbstractFlushingEventListener - Processing flush-time cascades
21:20:58.063 [main] DEBUG o.h.e.i.AbstractFlushingEventListener - Dirty checking collections
21:20:58.063 [main] DEBUG o.h.e.i.AbstractFlushingEventListener - Flushed: 1 insertions, 0 updates, 0 deletions to 1 objects
21:20:58.063 [main] DEBUG o.h.e.i.AbstractFlushingEventListener - Flushed: 0 (re)creations, 0 updates, 0 removals to 0 collections
21:20:58.063 [main] DEBUG o.h.internal.util.EntityPrinter - Listing entities:
21:20:58.064 [main] DEBUG o.h.internal.util.EntityPrinter - edu.ncsu.csc.itrust2.models.persistent.LogEntry{secondaryUser=null, logCode=5, primaryUser=logapitest, id=188, time=java.util.GregorianCalendar[time=1521667258059,areFieldsSet=true,areAllFieldsSet=true,lenient=true,zone=sun.util.calendar.ZoneInfo[id="Etc/UTC",offset=0,dstSavings=0,useDaylight=false,transitions=0,lastRule=null],firstDayOfWeek=1,minimalDaysInFirstWeek=1,ERA=1,YEAR=2018,MONTH=2,WEEK_OF_YEAR=12,WEEK_OF_MONTH=4,DAY_OF_MONTH=21,DAY_OF_YEAR=80,DAY_OF_WEEK=4,DAY_OF_WEEK_IN_MONTH=3,AM_PM=1,HOUR=9,HOUR_OF_DAY=21,MINUTE=20,SECOND=58,MILLISECOND=59,ZONE_OFFSET=0,DST_OFFSET=0], message=null}
21:20:58.065 [main] DEBUG org.hibernate.SQL - insert into LogEntries (logCode, message, primaryUser, secondaryUser, time, id) values (?, ?, ?, ?, ?, ?)
Hibernate: insert into LogEntries (logCode, message, primaryUser, secondaryUser, time, id) values (?, ?, ?, ?, ?, ?)
21:20:58.068 [main] DEBUG o.h.e.j.internal.JdbcCoordinatorImpl - HHH000420: Closing un-released batch
21:20:58.081 [main] DEBUG o.h.e.t.internal.TransactionImpl - begin
21:20:58.082 [main] DEBUG org.hibernate.SQL - select next_val as id_val from hibernate_sequence for update
Hibernate: select next_val as id_val from hibernate_sequence for update
21:20:58.083 [main] DEBUG org.hibernate.SQL - update hibernate_sequence set next_val= ? where next_val=?
Hibernate: update hibernate_sequence set next_val= ? where next_val=?
21:20:58.084 [main] DEBUG o.h.e.i.AbstractSaveEventListener - Generated identifier: 189, using strategy: org.hibernate.id.enhanced.SequenceStyleGenerator
21:20:58.085 [main] DEBUG o.h.e.t.internal.TransactionImpl - committing
21:20:58.085 [main] DEBUG o.h.e.i.AbstractFlushingEventListener - Processing flush-time cascades
21:20:58.085 [main] DEBUG o.h.e.i.AbstractFlushingEventListener - Dirty checking collections
21:20:58.085 [main] DEBUG o.h.e.i.AbstractFlushingEventListener - Flushed: 1 insertions, 0 updates, 0 deletions to 1 objects
21:20:58.085 [main] DEBUG o.h.e.i.AbstractFlushingEventListener - Flushed: 0 (re)creations, 0 updates, 0 removals to 0 collections
21:20:58.085 [main] DEBUG o.h.internal.util.EntityPrinter - Listing entities:
21:20:58.086 [main] DEBUG o.h.internal.util.EntityPrinter - edu.ncsu.csc.itrust2.models.persistent.LogEntry{secondaryUser=null, logCode=5, primaryUser=logapitest, id=189, time=java.util.GregorianCalendar[time=1521667258081,areFieldsSet=true,areAllFieldsSet=true,lenient=true,zone=sun.util.calendar.ZoneInfo[id="Etc/UTC",offset=0,dstSavings=0,useDaylight=false,transitions=0,lastRule=null],firstDayOfWeek=1,minimalDaysInFirstWeek=1,ERA=1,YEAR=2018,MONTH=2,WEEK_OF_YEAR=12,WEEK_OF_MONTH=4,DAY_OF_MONTH=21,DAY_OF_YEAR=80,DAY_OF_WEEK=4,DAY_OF_WEEK_IN_MONTH=3,AM_PM=1,HOUR=9,HOUR_OF_DAY=21,MINUTE=20,SECOND=58,MILLISECOND=81,ZONE_OFFSET=0,DST_OFFSET=0], message=null}
21:20:58.086 [main] DEBUG org.hibernate.SQL - insert into LogEntries (logCode, message, primaryUser, secondaryUser, time, id) values (?, ?, ?, ?, ?, ?)
Hibernate: insert into LogEntries (logCode, message, primaryUser, secondaryUser, time, id) values (?, ?, ?, ?, ?, ?)
21:20:58.090 [main] DEBUG o.h.e.j.internal.JdbcCoordinatorImpl - HHH000420: Closing un-released batch
21:20:58.091 [main] DEBUG o.h.e.t.internal.TransactionImpl - begin
21:20:58.091 [main] DEBUG org.hibernate.SQL - select next_val as id_val from hibernate_sequence for update
Hibernate: select next_val as id_val from hibernate_sequence for update
21:20:58.092 [main] DEBUG org.hibernate.SQL - update hibernate_sequence set next_val= ? where next_val=?
Hibernate: update hibernate_sequence set next_val= ? where next_val=?
21:20:58.093 [main] DEBUG o.h.e.i.AbstractSaveEventListener - Generated identifier: 190, using strategy: org.hibernate.id.enhanced.SequenceStyleGenerator
21:20:58.093 [main] DEBUG o.h.e.t.internal.TransactionImpl - committing
21:20:58.093 [main] DEBUG o.h.e.i.AbstractFlushingEventListener - Processing flush-time cascades
21:20:58.094 [main] DEBUG o.h.e.i.AbstractFlushingEventListener - Dirty checking collections
21:20:58.094 [main] DEBUG o.h.e.i.AbstractFlushingEventListener - Flushed: 1 insertions, 0 updates, 0 deletions to 1 objects
21:20:58.094 [main] DEBUG o.h.e.i.AbstractFlushingEventListener - Flushed: 0 (re)creations, 0 updates, 0 removals to 0 collections
21:20:58.094 [main] DEBUG o.h.internal.util.EntityPrinter - Listing entities:
21:20:58.094 [main] DEBUG o.h.internal.util.EntityPrinter - edu.ncsu.csc.itrust2.models.persistent.LogEntry{secondaryUser=null, logCode=5, primaryUser=logapitest, id=190, time=java.util.GregorianCalendar[time=1521667258090,areFieldsSet=true,areAllFieldsSet=true,lenient=true,zone=sun.util.calendar.ZoneInfo[id="Etc/UTC",offset=0,dstSavings=0,useDaylight=false,transitions=0,lastRule=null],firstDayOfWeek=1,minimalDaysInFirstWeek=1,ERA=1,YEAR=2018,MONTH=2,WEEK_OF_YEAR=12,WEEK_OF_MONTH=4,DAY_OF_MONTH=21,DAY_OF_YEAR=80,DAY_OF_WEEK=4,DAY_OF_WEEK_IN_MONTH=3,AM_PM=1,HOUR=9,HOUR_OF_DAY=21,MINUTE=20,SECOND=58,MILLISECOND=90,ZONE_OFFSET=0,DST_OFFSET=0], message=null}
21:20:58.096 [main] DEBUG org.hibernate.SQL - insert into LogEntries (logCode, message, primaryUser, secondaryUser, time, id) values (?, ?, ?, ?, ?, ?)
Hibernate: insert into LogEntries (logCode, message, primaryUser, secondaryUser, time, id) values (?, ?, ?, ?, ?, ?)
21:20:58.101 [main] DEBUG o.h.e.j.internal.JdbcCoordinatorImpl - HHH000420: Closing un-released batch
21:20:58.102 [main] DEBUG o.h.e.t.internal.TransactionImpl - begin
21:20:58.102 [main] DEBUG org.hibernate.SQL - select next_val as id_val from hibernate_sequence for update
Hibernate: select next_val as id_val from hibernate_sequence for update
21:20:58.103 [main] DEBUG org.hibernate.SQL - update hibernate_sequence set next_val= ? where next_val=?
Hibernate: update hibernate_sequence set next_val= ? where next_val=?
21:20:58.104 [main] DEBUG o.h.e.i.AbstractSaveEventListener - Generated identifier: 191, using strategy: org.hibernate.id.enhanced.SequenceStyleGenerator
21:20:58.104 [main] DEBUG o.h.e.t.internal.TransactionImpl - committing
21:20:58.105 [main] DEBUG o.h.e.i.AbstractFlushingEventListener - Processing flush-time cascades
21:20:58.106 [main] DEBUG o.h.e.i.AbstractFlushingEventListener - Dirty checking collections
21:20:58.106 [main] DEBUG o.h.e.i.AbstractFlushingEventListener - Flushed: 1 insertions, 0 updates, 0 deletions to 1 objects
21:20:58.106 [main] DEBUG o.h.e.i.AbstractFlushingEventListener - Flushed: 0 (re)creations, 0 updates, 0 removals to 0 collections
21:20:58.106 [main] DEBUG o.h.internal.util.EntityPrinter - Listing entities:
21:20:58.106 [main] DEBUG o.h.internal.util.EntityPrinter - edu.ncsu.csc.itrust2.models.persistent.LogEntry{secondaryUser=null, logCode=5, primaryUser=logapitest, id=191, time=java.util.GregorianCalendar[time=1521667258102,areFieldsSet=true,areAllFieldsSet=true,lenient=true,zone=sun.util.calendar.ZoneInfo[id="Etc/UTC",offset=0,dstSavings=0,useDaylight=false,transitions=0,lastRule=null],firstDayOfWeek=1,minimalDaysInFirstWeek=1,ERA=1,YEAR=2018,MONTH=2,WEEK_OF_YEAR=12,WEEK_OF_MONTH=4,DAY_OF_MONTH=21,DAY_OF_YEAR=80,DAY_OF_WEEK=4,DAY_OF_WEEK_IN_MONTH=3,AM_PM=1,HOUR=9,HOUR_OF_DAY=21,MINUTE=20,SECOND=58,MILLISECOND=102,ZONE_OFFSET=0,DST_OFFSET=0], message=null}
21:20:58.107 [main] DEBUG org.hibernate.SQL - insert into LogEntries (logCode, message, primaryUser, secondaryUser, time, id) values (?, ?, ?, ?, ?, ?)
Hibernate: insert into LogEntries (logCode, message, primaryUser, secondaryUser, time, id) values (?, ?, ?, ?, ?, ?)
21:20:58.110 [main] DEBUG o.h.e.j.internal.JdbcCoordinatorImpl - HHH000420: Closing un-released batch
21:20:58.111 [main] DEBUG o.h.e.t.internal.TransactionImpl - begin
21:20:58.112 [main] DEBUG org.hibernate.SQL - select next_val as id_val from hibernate_sequence for update
Hibernate: select next_val as id_val from hibernate_sequence for update
21:20:58.113 [main] DEBUG org.hibernate.SQL - update hibernate_sequence set next_val= ? where next_val=?
Hibernate: update hibernate_sequence set next_val= ? where next_val=?
21:20:58.115 [main] DEBUG o.h.e.i.AbstractSaveEventListener - Generated identifier: 192, using strategy: org.hibernate.id.enhanced.SequenceStyleGenerator
21:20:58.115 [main] DEBUG o.h.e.t.internal.TransactionImpl - committing
21:20:58.115 [main] DEBUG o.h.e.i.AbstractFlushingEventListener - Processing flush-time cascades
21:20:58.115 [main] DEBUG o.h.e.i.AbstractFlushingEventListener - Dirty checking collections
21:20:58.115 [main] DEBUG o.h.e.i.AbstractFlushingEventListener - Flushed: 1 insertions, 0 updates, 0 deletions to 1 objects
21:20:58.116 [main] DEBUG o.h.e.i.AbstractFlushingEventListener - Flushed: 0 (re)creations, 0 updates, 0 removals to 0 collections
21:20:58.116 [main] DEBUG o.h.internal.util.EntityPrinter - Listing entities:
21:20:58.116 [main] DEBUG o.h.internal.util.EntityPrinter - edu.ncsu.csc.itrust2.models.persistent.LogEntry{secondaryUser=null, logCode=5, primaryUser=logapitest, id=192, time=java.util.GregorianCalendar[time=1521667258111,areFieldsSet=true,areAllFieldsSet=true,lenient=true,zone=sun.util.calendar.ZoneInfo[id="Etc/UTC",offset=0,dstSavings=0,useDaylight=false,transitions=0,lastRule=null],firstDayOfWeek=1,minimalDaysInFirstWeek=1,ERA=1,YEAR=2018,MONTH=2,WEEK_OF_YEAR=12,WEEK_OF_MONTH=4,DAY_OF_MONTH=21,DAY_OF_YEAR=80,DAY_OF_WEEK=4,DAY_OF_WEEK_IN_MONTH=3,AM_PM=1,HOUR=9,HOUR_OF_DAY=21,MINUTE=20,SECOND=58,MILLISECOND=111,ZONE_OFFSET=0,DST_OFFSET=0], message=null}
21:20:58.116 [main] DEBUG org.hibernate.SQL - insert into LogEntries (logCode, message, primaryUser, secondaryUser, time, id) values (?, ?, ?, ?, ?, ?)
Hibernate: insert into LogEntries (logCode, message, primaryUser, secondaryUser, time, id) values (?, ?, ?, ?, ?, ?)
21:20:58.118 [main] DEBUG o.h.e.j.internal.JdbcCoordinatorImpl - HHH000420: Closing un-released batch
21:20:58.119 [main] DEBUG o.h.e.t.internal.TransactionImpl - begin
21:20:58.120 [main] DEBUG org.hibernate.SQL - select next_val as id_val from hibernate_sequence for update
Hibernate: select next_val as id_val from hibernate_sequence for update
21:20:58.120 [main] DEBUG org.hibernate.SQL - update hibernate_sequence set next_val= ? where next_val=?
Hibernate: update hibernate_sequence set next_val= ? where next_val=?
21:20:58.121 [main] DEBUG o.h.e.i.AbstractSaveEventListener - Generated identifier: 193, using strategy: org.hibernate.id.enhanced.SequenceStyleGenerator
21:20:58.122 [main] DEBUG o.h.e.t.internal.TransactionImpl - committing
21:20:58.122 [main] DEBUG o.h.e.i.AbstractFlushingEventListener - Processing flush-time cascades
21:20:58.122 [main] DEBUG o.h.e.i.AbstractFlushingEventListener - Dirty checking collections
21:20:58.122 [main] DEBUG o.h.e.i.AbstractFlushingEventListener - Flushed: 1 insertions, 0 updates, 0 deletions to 1 objects
21:20:58.122 [main] DEBUG o.h.e.i.AbstractFlushingEventListener - Flushed: 0 (re)creations, 0 updates, 0 removals to 0 collections
21:20:58.122 [main] DEBUG o.h.internal.util.EntityPrinter - Listing entities:
21:20:58.122 [main] DEBUG o.h.internal.util.EntityPrinter - edu.ncsu.csc.itrust2.models.persistent.LogEntry{secondaryUser=null, logCode=5, primaryUser=logapitest, id=193, time=java.util.GregorianCalendar[time=1521667258119,areFieldsSet=true,areAllFieldsSet=true,lenient=true,zone=sun.util.calendar.ZoneInfo[id="Etc/UTC",offset=0,dstSavings=0,useDaylight=false,transitions=0,lastRule=null],firstDayOfWeek=1,minimalDaysInFirstWeek=1,ERA=1,YEAR=2018,MONTH=2,WEEK_OF_YEAR=12,WEEK_OF_MONTH=4,DAY_OF_MONTH=21,DAY_OF_YEAR=80,DAY_OF_WEEK=4,DAY_OF_WEEK_IN_MONTH=3,AM_PM=1,HOUR=9,HOUR_OF_DAY=21,MINUTE=20,SECOND=58,MILLISECOND=119,ZONE_OFFSET=0,DST_OFFSET=0], message=null}
21:20:58.128 [main] DEBUG org.hibernate.SQL - insert into LogEntries (logCode, message, primaryUser, secondaryUser, time, id) values (?, ?, ?, ?, ?, ?)
Hibernate: insert into LogEntries (logCode, message, primaryUser, secondaryUser, time, id) values (?, ?, ?, ?, ?, ?)
21:20:58.129 [main] DEBUG o.h.e.j.internal.JdbcCoordinatorImpl - HHH000420: Closing un-released batch
21:20:58.129 [main] DEBUG o.h.e.t.internal.TransactionImpl - begin
21:20:58.132 [main] DEBUG org.hibernate.SQL - select next_val as id_val from hibernate_sequence for update
Hibernate: select next_val as id_val from hibernate_sequence for update
21:20:58.132 [main] DEBUG org.hibernate.SQL - update hibernate_sequence set next_val= ? where next_val=?
Hibernate: update hibernate_sequence set next_val= ? where next_val=?
21:20:58.136 [main] DEBUG o.h.e.i.AbstractSaveEventListener - Generated identifier: 194, using strategy: org.hibernate.id.enhanced.SequenceStyleGenerator
21:20:58.138 [main] DEBUG o.h.e.t.internal.TransactionImpl - committing
21:20:58.138 [main] DEBUG o.h.e.i.AbstractFlushingEventListener - Processing flush-time cascades
21:20:58.138 [main] DEBUG o.h.e.i.AbstractFlushingEventListener - Dirty checking collections
21:20:58.138 [main] DEBUG o.h.e.i.AbstractFlushingEventListener - Flushed: 1 insertions, 0 updates, 0 deletions to 1 objects
21:20:58.139 [main] DEBUG o.h.e.i.AbstractFlushingEventListener - Flushed: 0 (re)creations, 0 updates, 0 removals to 0 collections
21:20:58.139 [main] DEBUG o.h.internal.util.EntityPrinter - Listing entities:
21:20:58.139 [main] DEBUG o.h.internal.util.EntityPrinter - edu.ncsu.csc.itrust2.models.persistent.LogEntry{secondaryUser=null, logCode=5, primaryUser=logapitest, id=194, time=java.util.GregorianCalendar[time=1521667258129,areFieldsSet=true,areAllFieldsSet=true,lenient=true,zone=sun.util.calendar.ZoneInfo[id="Etc/UTC",offset=0,dstSavings=0,useDaylight=false,transitions=0,lastRule=null],firstDayOfWeek=1,minimalDaysInFirstWeek=1,ERA=1,YEAR=2018,MONTH=2,WEEK_OF_YEAR=12,WEEK_OF_MONTH=4,DAY_OF_MONTH=21,DAY_OF_YEAR=80,DAY_OF_WEEK=4,DAY_OF_WEEK_IN_MONTH=3,AM_PM=1,HOUR=9,HOUR_OF_DAY=21,MINUTE=20,SECOND=58,MILLISECOND=129,ZONE_OFFSET=0,DST_OFFSET=0], message=null}
21:20:58.139 [main] DEBUG org.hibernate.SQL - insert into LogEntries (logCode, message, primaryUser, secondaryUser, time, id) values (?, ?, ?, ?, ?, ?)
Hibernate: insert into LogEntries (logCode, message, primaryUser, secondaryUser, time, id) values (?, ?, ?, ?, ?, ?)
21:20:58.141 [main] DEBUG o.h.e.j.internal.JdbcCoordinatorImpl - HHH000420: Closing un-released batch
21:20:58.142 [main] DEBUG o.h.e.t.internal.TransactionImpl - begin
21:20:58.142 [main] DEBUG org.hibernate.SQL - select next_val as id_val from hibernate_sequence for update
Hibernate: select next_val as id_val from hibernate_sequence for update
21:20:58.143 [main] DEBUG org.hibernate.SQL - update hibernate_sequence set next_val= ? where next_val=?
Hibernate: update hibernate_sequence set next_val= ? where next_val=?
21:20:58.144 [main] DEBUG o.h.e.i.AbstractSaveEventListener - Generated identifier: 195, using strategy: org.hibernate.id.enhanced.SequenceStyleGenerator
21:20:58.144 [main] DEBUG o.h.e.t.internal.TransactionImpl - committing
21:20:58.144 [main] DEBUG o.h.e.i.AbstractFlushingEventListener - Processing flush-time cascades
21:20:58.144 [main] DEBUG o.h.e.i.AbstractFlushingEventListener - Dirty checking collections
21:20:58.145 [main] DEBUG o.h.e.i.AbstractFlushingEventListener - Flushed: 1 insertions, 0 updates, 0 deletions to 1 objects
21:20:58.145 [main] DEBUG o.h.e.i.AbstractFlushingEventListener - Flushed: 0 (re)creations, 0 updates, 0 removals to 0 collections
21:20:58.145 [main] DEBUG o.h.internal.util.EntityPrinter - Listing entities:
21:20:58.145 [main] DEBUG o.h.internal.util.EntityPrinter - edu.ncsu.csc.itrust2.models.persistent.LogEntry{secondaryUser=null, logCode=5, primaryUser=logapitest, id=195, time=java.util.GregorianCalendar[time=1521667258142,areFieldsSet=true,areAllFieldsSet=true,lenient=true,zone=sun.util.calendar.ZoneInfo[id="Etc/UTC",offset=0,dstSavings=0,useDaylight=false,transitions=0,lastRule=null],firstDayOfWeek=1,minimalDaysInFirstWeek=1,ERA=1,YEAR=2018,MONTH=2,WEEK_OF_YEAR=12,WEEK_OF_MONTH=4,DAY_OF_MONTH=21,DAY_OF_YEAR=80,DAY_OF_WEEK=4,DAY_OF_WEEK_IN_MONTH=3,AM_PM=1,HOUR=9,HOUR_OF_DAY=21,MINUTE=20,SECOND=58,MILLISECOND=142,ZONE_OFFSET=0,DST_OFFSET=0], message=null}
21:20:58.147 [main] DEBUG org.hibernate.SQL - insert into LogEntries (logCode, message, primaryUser, secondaryUser, time, id) values (?, ?, ?, ?, ?, ?)
Hibernate: insert into LogEntries (logCode, message, primaryUser, secondaryUser, time, id) values (?, ?, ?, ?, ?, ?)
21:20:58.148 [main] DEBUG o.h.e.j.internal.JdbcCoordinatorImpl - HHH000420: Closing un-released batch
21:20:58.149 [main] DEBUG o.h.e.t.internal.TransactionImpl - begin
21:20:58.149 [main] DEBUG org.hibernate.SQL - select next_val as id_val from hibernate_sequence for update
Hibernate: select next_val as id_val from hibernate_sequence for update
21:20:58.150 [main] DEBUG org.hibernate.SQL - update hibernate_sequence set next_val= ? where next_val=?
Hibernate: update hibernate_sequence set next_val= ? where next_val=?
21:20:58.151 [main] DEBUG o.h.e.i.AbstractSaveEventListener - Generated identifier: 196, using strategy: org.hibernate.id.enhanced.SequenceStyleGenerator
21:20:58.151 [main] DEBUG o.h.e.t.internal.TransactionImpl - committing
21:20:58.151 [main] DEBUG o.h.e.i.AbstractFlushingEventListener - Processing flush-time cascades
21:20:58.151 [main] DEBUG o.h.e.i.AbstractFlushingEventListener - Dirty checking collections
21:20:58.152 [main] DEBUG o.h.e.i.AbstractFlushingEventListener - Flushed: 1 insertions, 0 updates, 0 deletions to 1 objects
21:20:58.152 [main] DEBUG o.h.e.i.AbstractFlushingEventListener - Flushed: 0 (re)creations, 0 updates, 0 removals to 0 collections
21:20:58.152 [main] DEBUG o.h.internal.util.EntityPrinter - Listing entities:
21:20:58.161 [main] DEBUG o.h.internal.util.EntityPrinter - edu.ncsu.csc.itrust2.models.persistent.LogEntry{secondaryUser=null, logCode=5, primaryUser=logapitest, id=196, time=java.util.GregorianCalendar[time=1521667258149,areFieldsSet=true,areAllFieldsSet=true,lenient=true,zone=sun.util.calendar.ZoneInfo[id="Etc/UTC",offset=0,dstSavings=0,useDaylight=false,transitions=0,lastRule=null],firstDayOfWeek=1,minimalDaysInFirstWeek=1,ERA=1,YEAR=2018,MONTH=2,WEEK_OF_YEAR=12,WEEK_OF_MONTH=4,DAY_OF_MONTH=21,DAY_OF_YEAR=80,DAY_OF_WEEK=4,DAY_OF_WEEK_IN_MONTH=3,AM_PM=1,HOUR=9,HOUR_OF_DAY=21,MINUTE=20,SECOND=58,MILLISECOND=149,ZONE_OFFSET=0,DST_OFFSET=0], message=null}
21:20:58.161 [main] DEBUG org.hibernate.SQL - insert into LogEntries (logCode, message, primaryUser, secondaryUser, time, id) values (?, ?, ?, ?, ?, ?)
Hibernate: insert into LogEntries (logCode, message, primaryUser, secondaryUser, time, id) values (?, ?, ?, ?, ?, ?)
21:20:58.164 [main] DEBUG o.h.e.j.internal.JdbcCoordinatorImpl - HHH000420: Closing un-released batch
21:20:58.165 [main] DEBUG o.h.e.t.internal.TransactionImpl - begin
21:20:58.166 [main] DEBUG org.hibernate.SQL - select next_val as id_val from hibernate_sequence for update
Hibernate: select next_val as id_val from hibernate_sequence for update
21:20:58.166 [main] DEBUG org.hibernate.SQL - update hibernate_sequence set next_val= ? where next_val=?
Hibernate: update hibernate_sequence set next_val= ? where next_val=?
21:20:58.168 [main] DEBUG o.h.e.i.AbstractSaveEventListener - Generated identifier: 197, using strategy: org.hibernate.id.enhanced.SequenceStyleGenerator
21:20:58.168 [main] DEBUG o.h.e.t.internal.TransactionImpl - committing
21:20:58.168 [main] DEBUG o.h.e.i.AbstractFlushingEventListener - Processing flush-time cascades
21:20:58.168 [main] DEBUG o.h.e.i.AbstractFlushingEventListener - Dirty checking collections
21:20:58.169 [main] DEBUG o.h.e.i.AbstractFlushingEventListener - Flushed: 1 insertions, 0 updates, 0 deletions to 1 objects
21:20:58.169 [main] DEBUG o.h.e.i.AbstractFlushingEventListener - Flushed: 0 (re)creations, 0 updates, 0 removals to 0 collections
21:20:58.169 [main] DEBUG o.h.internal.util.EntityPrinter - Listing entities:
21:20:58.169 [main] DEBUG o.h.internal.util.EntityPrinter - edu.ncsu.csc.itrust2.models.persistent.LogEntry{secondaryUser=null, logCode=5, primaryUser=logapitest, id=197, time=java.util.GregorianCalendar[time=1521667258165,areFieldsSet=true,areAllFieldsSet=true,lenient=true,zone=sun.util.calendar.ZoneInfo[id="Etc/UTC",offset=0,dstSavings=0,useDaylight=false,transitions=0,lastRule=null],firstDayOfWeek=1,minimalDaysInFirstWeek=1,ERA=1,YEAR=2018,MONTH=2,WEEK_OF_YEAR=12,WEEK_OF_MONTH=4,DAY_OF_MONTH=21,DAY_OF_YEAR=80,DAY_OF_WEEK=4,DAY_OF_WEEK_IN_MONTH=3,AM_PM=1,HOUR=9,HOUR_OF_DAY=21,MINUTE=20,SECOND=58,MILLISECOND=165,ZONE_OFFSET=0,DST_OFFSET=0], message=null}
21:20:58.170 [main] DEBUG org.hibernate.SQL - insert into LogEntries (logCode, message, primaryUser, secondaryUser, time, id) values (?, ?, ?, ?, ?, ?)
Hibernate: insert into LogEntries (logCode, message, primaryUser, secondaryUser, time, id) values (?, ?, ?, ?, ?, ?)
21:20:58.174 [main] DEBUG o.h.e.j.internal.JdbcCoordinatorImpl - HHH000420: Closing un-released batch
21:20:58.175 [main] DEBUG o.h.e.t.internal.TransactionImpl - begin
21:20:58.178 [main] DEBUG org.hibernate.SQL - select next_val as id_val from hibernate_sequence for update
Hibernate: select next_val as id_val from hibernate_sequence for update
21:20:58.178 [main] DEBUG org.hibernate.SQL - update hibernate_sequence set next_val= ? where next_val=?
Hibernate: update hibernate_sequence set next_val= ? where next_val=?
21:20:58.179 [main] DEBUG o.h.e.i.AbstractSaveEventListener - Generated identifier: 198, using strategy: org.hibernate.id.enhanced.SequenceStyleGenerator
21:20:58.180 [main] DEBUG o.h.e.t.internal.TransactionImpl - committing
21:20:58.180 [main] DEBUG o.h.e.i.AbstractFlushingEventListener - Processing flush-time cascades
21:20:58.180 [main] DEBUG o.h.e.i.AbstractFlushingEventListener - Dirty checking collections
21:20:58.180 [main] DEBUG o.h.e.i.AbstractFlushingEventListener - Flushed: 1 insertions, 0 updates, 0 deletions to 1 objects
21:20:58.180 [main] DEBUG o.h.e.i.AbstractFlushingEventListener - Flushed: 0 (re)creations, 0 updates, 0 removals to 0 collections
21:20:58.180 [main] DEBUG o.h.internal.util.EntityPrinter - Listing entities:
21:20:58.180 [main] DEBUG o.h.internal.util.EntityPrinter - edu.ncsu.csc.itrust2.models.persistent.LogEntry{secondaryUser=null, logCode=5, primaryUser=logapitest, id=198, time=java.util.GregorianCalendar[time=1521667258175,areFieldsSet=true,areAllFieldsSet=true,lenient=true,zone=sun.util.calendar.ZoneInfo[id="Etc/UTC",offset=0,dstSavings=0,useDaylight=false,transitions=0,lastRule=null],firstDayOfWeek=1,minimalDaysInFirstWeek=1,ERA=1,YEAR=2018,MONTH=2,WEEK_OF_YEAR=12,WEEK_OF_MONTH=4,DAY_OF_MONTH=21,DAY_OF_YEAR=80,DAY_OF_WEEK=4,DAY_OF_WEEK_IN_MONTH=3,AM_PM=1,HOUR=9,HOUR_OF_DAY=21,MINUTE=20,SECOND=58,MILLISECOND=175,ZONE_OFFSET=0,DST_OFFSET=0], message=null}
21:20:58.181 [main] DEBUG org.hibernate.SQL - insert into LogEntries (logCode, message, primaryUser, secondaryUser, time, id) values (?, ?, ?, ?, ?, ?)
Hibernate: insert into LogEntries (logCode, message, primaryUser, secondaryUser, time, id) values (?, ?, ?, ?, ?, ?)
21:20:58.185 [main] DEBUG o.h.e.j.internal.JdbcCoordinatorImpl - HHH000420: Closing un-released batch
21:20:58.189 [main] DEBUG o.h.e.t.internal.TransactionImpl - begin
21:20:58.190 [main] DEBUG org.hibernate.SQL - select next_val as id_val from hibernate_sequence for update
Hibernate: select next_val as id_val from hibernate_sequence for update
21:20:58.191 [main] DEBUG org.hibernate.SQL - update hibernate_sequence set next_val= ? where next_val=?
Hibernate: update hibernate_sequence set next_val= ? where next_val=?
21:20:58.192 [main] DEBUG o.h.e.i.AbstractSaveEventListener - Generated identifier: 199, using strategy: org.hibernate.id.enhanced.SequenceStyleGenerator
21:20:58.192 [main] DEBUG o.h.e.t.internal.TransactionImpl - committing
21:20:58.192 [main] DEBUG o.h.e.i.AbstractFlushingEventListener - Processing flush-time cascades
21:20:58.192 [main] DEBUG o.h.e.i.AbstractFlushingEventListener - Dirty checking collections
21:20:58.192 [main] DEBUG o.h.e.i.AbstractFlushingEventListener - Flushed: 1 insertions, 0 updates, 0 deletions to 1 objects
21:20:58.192 [main] DEBUG o.h.e.i.AbstractFlushingEventListener - Flushed: 0 (re)creations, 0 updates, 0 removals to 0 collections
21:20:58.192 [main] DEBUG o.h.internal.util.EntityPrinter - Listing entities:
21:20:58.192 [main] DEBUG o.h.internal.util.EntityPrinter - edu.ncsu.csc.itrust2.models.persistent.LogEntry{secondaryUser=null, logCode=5, primaryUser=logapitest, id=199, time=java.util.GregorianCalendar[time=1521667258189,areFieldsSet=true,areAllFieldsSet=true,lenient=true,zone=sun.util.calendar.ZoneInfo[id="Etc/UTC",offset=0,dstSavings=0,useDaylight=false,transitions=0,lastRule=null],firstDayOfWeek=1,minimalDaysInFirstWeek=1,ERA=1,YEAR=2018,MONTH=2,WEEK_OF_YEAR=12,WEEK_OF_MONTH=4,DAY_OF_MONTH=21,DAY_OF_YEAR=80,DAY_OF_WEEK=4,DAY_OF_WEEK_IN_MONTH=3,AM_PM=1,HOUR=9,HOUR_OF_DAY=21,MINUTE=20,SECOND=58,MILLISECOND=189,ZONE_OFFSET=0,DST_OFFSET=0], message=null}
21:20:58.193 [main] DEBUG org.hibernate.SQL - insert into LogEntries (logCode, message, primaryUser, secondaryUser, time, id) values (?, ?, ?, ?, ?, ?)
Hibernate: insert into LogEntries (logCode, message, primaryUser, secondaryUser, time, id) values (?, ?, ?, ?, ?, ?)
21:20:58.194 [main] DEBUG o.h.e.j.internal.JdbcCoordinatorImpl - HHH000420: Closing un-released batch
21:20:58.195 [main] DEBUG o.h.e.t.internal.TransactionImpl - begin
21:20:58.196 [main] DEBUG org.hibernate.SQL - select next_val as id_val from hibernate_sequence for update
Hibernate: select next_val as id_val from hibernate_sequence for update
21:20:58.196 [main] DEBUG org.hibernate.SQL - update hibernate_sequence set next_val= ? where next_val=?
Hibernate: update hibernate_sequence set next_val= ? where next_val=?
21:20:58.197 [main] DEBUG o.h.e.i.AbstractSaveEventListener - Generated identifier: 200, using strategy: org.hibernate.id.enhanced.SequenceStyleGenerator
21:20:58.198 [main] DEBUG o.h.e.t.internal.TransactionImpl - committing
21:20:58.198 [main] DEBUG o.h.e.i.AbstractFlushingEventListener - Processing flush-time cascades
21:20:58.198 [main] DEBUG o.h.e.i.AbstractFlushingEventListener - Dirty checking collections
21:20:58.198 [main] DEBUG o.h.e.i.AbstractFlushingEventListener - Flushed: 1 insertions, 0 updates, 0 deletions to 1 objects
21:20:58.198 [main] DEBUG o.h.e.i.AbstractFlushingEventListener - Flushed: 0 (re)creations, 0 updates, 0 removals to 0 collections
21:20:58.199 [main] DEBUG o.h.internal.util.EntityPrinter - Listing entities:
21:20:58.199 [main] DEBUG o.h.internal.util.EntityPrinter - edu.ncsu.csc.itrust2.models.persistent.LogEntry{secondaryUser=null, logCode=5, primaryUser=logapitest, id=200, time=java.util.GregorianCalendar[time=1521667258195,areFieldsSet=true,areAllFieldsSet=true,lenient=true,zone=sun.util.calendar.ZoneInfo[id="Etc/UTC",offset=0,dstSavings=0,useDaylight=false,transitions=0,lastRule=null],firstDayOfWeek=1,minimalDaysInFirstWeek=1,ERA=1,YEAR=2018,MONTH=2,WEEK_OF_YEAR=12,WEEK_OF_MONTH=4,DAY_OF_MONTH=21,DAY_OF_YEAR=80,DAY_OF_WEEK=4,DAY_OF_WEEK_IN_MONTH=3,AM_PM=1,HOUR=9,HOUR_OF_DAY=21,MINUTE=20,SECOND=58,MILLISECOND=195,ZONE_OFFSET=0,DST_OFFSET=0], message=null}
21:20:58.199 [main] DEBUG org.hibernate.SQL - insert into LogEntries (logCode, message, primaryUser, secondaryUser, time, id) values (?, ?, ?, ?, ?, ?)
Hibernate: insert into LogEntries (logCode, message, primaryUser, secondaryUser, time, id) values (?, ?, ?, ?, ?, ?)
21:20:58.210 [main] DEBUG o.h.e.j.internal.JdbcCoordinatorImpl - HHH000420: Closing un-released batch
21:20:58.211 [main] DEBUG o.h.e.t.internal.TransactionImpl - begin
21:20:58.212 [main] DEBUG org.hibernate.SQL - select next_val as id_val from hibernate_sequence for update
Hibernate: select next_val as id_val from hibernate_sequence for update
21:20:58.213 [main] DEBUG org.hibernate.SQL - update hibernate_sequence set next_val= ? where next_val=?
Hibernate: update hibernate_sequence set next_val= ? where next_val=?
21:20:58.214 [main] DEBUG o.h.e.i.AbstractSaveEventListener - Generated identifier: 201, using strategy: org.hibernate.id.enhanced.SequenceStyleGenerator
21:20:58.214 [main] DEBUG o.h.e.t.internal.TransactionImpl - committing
21:20:58.214 [main] DEBUG o.h.e.i.AbstractFlushingEventListener - Processing flush-time cascades
21:20:58.214 [main] DEBUG o.h.e.i.AbstractFlushingEventListener - Dirty checking collections
21:20:58.214 [main] DEBUG o.h.e.i.AbstractFlushingEventListener - Flushed: 1 insertions, 0 updates, 0 deletions to 1 objects
21:20:58.215 [main] DEBUG o.h.e.i.AbstractFlushingEventListener - Flushed: 0 (re)creations, 0 updates, 0 removals to 0 collections
21:20:58.215 [main] DEBUG o.h.internal.util.EntityPrinter - Listing entities:
21:20:58.215 [main] DEBUG o.h.internal.util.EntityPrinter - edu.ncsu.csc.itrust2.models.persistent.LogEntry{secondaryUser=null, logCode=5, primaryUser=logapitest, id=201, time=java.util.GregorianCalendar[time=1521667258211,areFieldsSet=true,areAllFieldsSet=true,lenient=true,zone=sun.util.calendar.ZoneInfo[id="Etc/UTC",offset=0,dstSavings=0,useDaylight=false,transitions=0,lastRule=null],firstDayOfWeek=1,minimalDaysInFirstWeek=1,ERA=1,YEAR=2018,MONTH=2,WEEK_OF_YEAR=12,WEEK_OF_MONTH=4,DAY_OF_MONTH=21,DAY_OF_YEAR=80,DAY_OF_WEEK=4,DAY_OF_WEEK_IN_MONTH=3,AM_PM=1,HOUR=9,HOUR_OF_DAY=21,MINUTE=20,SECOND=58,MILLISECOND=211,ZONE_OFFSET=0,DST_OFFSET=0], message=null}
21:20:58.215 [main] DEBUG org.hibernate.SQL - insert into LogEntries (logCode, message, primaryUser, secondaryUser, time, id) values (?, ?, ?, ?, ?, ?)
Hibernate: insert into LogEntries (logCode, message, primaryUser, secondaryUser, time, id) values (?, ?, ?, ?, ?, ?)
21:20:58.223 [main] DEBUG o.h.e.j.internal.JdbcCoordinatorImpl - HHH000420: Closing un-released batch
21:20:58.223 [main] DEBUG o.h.e.t.internal.TransactionImpl - begin
21:20:58.227 [main] DEBUG org.hibernate.SQL - select next_val as id_val from hibernate_sequence for update
Hibernate: select next_val as id_val from hibernate_sequence for update
21:20:58.228 [main] DEBUG org.hibernate.SQL - update hibernate_sequence set next_val= ? where next_val=?
Hibernate: update hibernate_sequence set next_val= ? where next_val=?
21:20:58.229 [main] DEBUG o.h.e.i.AbstractSaveEventListener - Generated identifier: 202, using strategy: org.hibernate.id.enhanced.SequenceStyleGenerator
21:20:58.229 [main] DEBUG o.h.e.t.internal.TransactionImpl - committing
21:20:58.229 [main] DEBUG o.h.e.i.AbstractFlushingEventListener - Processing flush-time cascades
21:20:58.230 [main] DEBUG o.h.e.i.AbstractFlushingEventListener - Dirty checking collections
21:20:58.230 [main] DEBUG o.h.e.i.AbstractFlushingEventListener - Flushed: 1 insertions, 0 updates, 0 deletions to 1 objects
21:20:58.230 [main] DEBUG o.h.e.i.AbstractFlushingEventListener - Flushed: 0 (re)creations, 0 updates, 0 removals to 0 collections
21:20:58.230 [main] DEBUG o.h.internal.util.EntityPrinter - Listing entities:
21:20:58.230 [main] DEBUG o.h.internal.util.EntityPrinter - edu.ncsu.csc.itrust2.models.persistent.LogEntry{secondaryUser=null, logCode=5, primaryUser=logapitest, id=202, time=java.util.GregorianCalendar[time=1521667258223,areFieldsSet=true,areAllFieldsSet=true,lenient=true,zone=sun.util.calendar.ZoneInfo[id="Etc/UTC",offset=0,dstSavings=0,useDaylight=false,transitions=0,lastRule=null],firstDayOfWeek=1,minimalDaysInFirstWeek=1,ERA=1,YEAR=2018,MONTH=2,WEEK_OF_YEAR=12,WEEK_OF_MONTH=4,DAY_OF_MONTH=21,DAY_OF_YEAR=80,DAY_OF_WEEK=4,DAY_OF_WEEK_IN_MONTH=3,AM_PM=1,HOUR=9,HOUR_OF_DAY=21,MINUTE=20,SECOND=58,MILLISECOND=223,ZONE_OFFSET=0,DST_OFFSET=0], message=null}
21:20:58.231 [main] DEBUG org.hibernate.SQL - insert into LogEntries (logCode, message, primaryUser, secondaryUser, time, id) values (?, ?, ?, ?, ?, ?)
Hibernate: insert into LogEntries (logCode, message, primaryUser, secondaryUser, time, id) values (?, ?, ?, ?, ?, ?)
21:20:58.233 [main] DEBUG o.h.e.j.internal.JdbcCoordinatorImpl - HHH000420: Closing un-released batch
21:20:58.234 [main] DEBUG o.h.e.t.internal.TransactionImpl - begin
21:20:58.234 [main] DEBUG org.hibernate.SQL - select next_val as id_val from hibernate_sequence for update
Hibernate: select next_val as id_val from hibernate_sequence for update
21:20:58.235 [main] DEBUG org.hibernate.SQL - update hibernate_sequence set next_val= ? where next_val=?
Hibernate: update hibernate_sequence set next_val= ? where next_val=?
21:20:58.236 [main] DEBUG o.h.e.i.AbstractSaveEventListener - Generated identifier: 203, using strategy: org.hibernate.id.enhanced.SequenceStyleGenerator
21:20:58.237 [main] DEBUG o.h.e.t.internal.TransactionImpl - committing
21:20:58.237 [main] DEBUG o.h.e.i.AbstractFlushingEventListener - Processing flush-time cascades
21:20:58.237 [main] DEBUG o.h.e.i.AbstractFlushingEventListener - Dirty checking collections
21:20:58.237 [main] DEBUG o.h.e.i.AbstractFlushingEventListener - Flushed: 1 insertions, 0 updates, 0 deletions to 1 objects
21:20:58.237 [main] DEBUG o.h.e.i.AbstractFlushingEventListener - Flushed: 0 (re)creations, 0 updates, 0 removals to 0 collections
21:20:58.237 [main] DEBUG o.h.internal.util.EntityPrinter - Listing entities:
21:20:58.237 [main] DEBUG o.h.internal.util.EntityPrinter - edu.ncsu.csc.itrust2.models.persistent.LogEntry{secondaryUser=null, logCode=5, primaryUser=logapitest, id=203, time=java.util.GregorianCalendar[time=1521667258234,areFieldsSet=true,areAllFieldsSet=true,lenient=true,zone=sun.util.calendar.ZoneInfo[id="Etc/UTC",offset=0,dstSavings=0,useDaylight=false,transitions=0,lastRule=null],firstDayOfWeek=1,minimalDaysInFirstWeek=1,ERA=1,YEAR=2018,MONTH=2,WEEK_OF_YEAR=12,WEEK_OF_MONTH=4,DAY_OF_MONTH=21,DAY_OF_YEAR=80,DAY_OF_WEEK=4,DAY_OF_WEEK_IN_MONTH=3,AM_PM=1,HOUR=9,HOUR_OF_DAY=21,MINUTE=20,SECOND=58,MILLISECOND=234,ZONE_OFFSET=0,DST_OFFSET=0], message=null}
21:20:58.238 [main] DEBUG org.hibernate.SQL - insert into LogEntries (logCode, message, primaryUser, secondaryUser, time, id) values (?, ?, ?, ?, ?, ?)
Hibernate: insert into LogEntries (logCode, message, primaryUser, secondaryUser, time, id) values (?, ?, ?, ?, ?, ?)
21:20:58.240 [main] DEBUG o.h.e.j.internal.JdbcCoordinatorImpl - HHH000420: Closing un-released batch
21:20:58.240 [main] DEBUG o.h.e.t.internal.TransactionImpl - begin
21:20:58.241 [main] DEBUG org.hibernate.SQL - select next_val as id_val from hibernate_sequence for update
Hibernate: select next_val as id_val from hibernate_sequence for update
21:20:58.241 [main] DEBUG org.hibernate.SQL - update hibernate_sequence set next_val= ? where next_val=?
Hibernate: update hibernate_sequence set next_val= ? where next_val=?
21:20:58.243 [main] DEBUG o.h.e.i.AbstractSaveEventListener - Generated identifier: 204, using strategy: org.hibernate.id.enhanced.SequenceStyleGenerator
21:20:58.244 [main] DEBUG o.h.e.t.internal.TransactionImpl - committing
21:20:58.244 [main] DEBUG o.h.e.i.AbstractFlushingEventListener - Processing flush-time cascades
21:20:58.244 [main] DEBUG o.h.e.i.AbstractFlushingEventListener - Dirty checking collections
21:20:58.244 [main] DEBUG o.h.e.i.AbstractFlushingEventListener - Flushed: 1 insertions, 0 updates, 0 deletions to 1 objects
21:20:58.244 [main] DEBUG o.h.e.i.AbstractFlushingEventListener - Flushed: 0 (re)creations, 0 updates, 0 removals to 0 collections
21:20:58.244 [main] DEBUG o.h.internal.util.EntityPrinter - Listing entities:
21:20:58.244 [main] DEBUG o.h.internal.util.EntityPrinter - edu.ncsu.csc.itrust2.models.persistent.LogEntry{secondaryUser=null, logCode=5, primaryUser=logapitest, id=204, time=java.util.GregorianCalendar[time=1521667258240,areFieldsSet=true,areAllFieldsSet=true,lenient=true,zone=sun.util.calendar.ZoneInfo[id="Etc/UTC",offset=0,dstSavings=0,useDaylight=false,transitions=0,lastRule=null],firstDayOfWeek=1,minimalDaysInFirstWeek=1,ERA=1,YEAR=2018,MONTH=2,WEEK_OF_YEAR=12,WEEK_OF_MONTH=4,DAY_OF_MONTH=21,DAY_OF_YEAR=80,DAY_OF_WEEK=4,DAY_OF_WEEK_IN_MONTH=3,AM_PM=1,HOUR=9,HOUR_OF_DAY=21,MINUTE=20,SECOND=58,MILLISECOND=240,ZONE_OFFSET=0,DST_OFFSET=0], message=null}
21:20:58.245 [main] DEBUG org.hibernate.SQL - insert into LogEntries (logCode, message, primaryUser, secondaryUser, time, id) values (?, ?, ?, ?, ?, ?)
Hibernate: insert into LogEntries (logCode, message, primaryUser, secondaryUser, time, id) values (?, ?, ?, ?, ?, ?)
21:20:58.247 [main] DEBUG o.h.e.j.internal.JdbcCoordinatorImpl - HHH000420: Closing un-released batch
21:20:58.248 [main] DEBUG o.h.e.t.internal.TransactionImpl - begin
21:20:58.248 [main] DEBUG org.hibernate.SQL - select next_val as id_val from hibernate_sequence for update
Hibernate: select next_val as id_val from hibernate_sequence for update
21:20:58.249 [main] DEBUG org.hibernate.SQL - update hibernate_sequence set next_val= ? where next_val=?
Hibernate: update hibernate_sequence set next_val= ? where next_val=?
21:20:58.250 [main] DEBUG o.h.e.i.AbstractSaveEventListener - Generated identifier: 205, using strategy: org.hibernate.id.enhanced.SequenceStyleGenerator
21:20:58.250 [main] DEBUG o.h.e.t.internal.TransactionImpl - committing
21:20:58.250 [main] DEBUG o.h.e.i.AbstractFlushingEventListener - Processing flush-time cascades
21:20:58.250 [main] DEBUG o.h.e.i.AbstractFlushingEventListener - Dirty checking collections
21:20:58.250 [main] DEBUG o.h.e.i.AbstractFlushingEventListener - Flushed: 1 insertions, 0 updates, 0 deletions to 1 objects
21:20:58.250 [main] DEBUG o.h.e.i.AbstractFlushingEventListener - Flushed: 0 (re)creations, 0 updates, 0 removals to 0 collections
21:20:58.251 [main] DEBUG o.h.internal.util.EntityPrinter - Listing entities:
21:20:58.251 [main] DEBUG o.h.internal.util.EntityPrinter - edu.ncsu.csc.itrust2.models.persistent.LogEntry{secondaryUser=null, logCode=5, primaryUser=logapitest, id=205, time=java.util.GregorianCalendar[time=1521667258248,areFieldsSet=true,areAllFieldsSet=true,lenient=true,zone=sun.util.calendar.ZoneInfo[id="Etc/UTC",offset=0,dstSavings=0,useDaylight=false,transitions=0,lastRule=null],firstDayOfWeek=1,minimalDaysInFirstWeek=1,ERA=1,YEAR=2018,MONTH=2,WEEK_OF_YEAR=12,WEEK_OF_MONTH=4,DAY_OF_MONTH=21,DAY_OF_YEAR=80,DAY_OF_WEEK=4,DAY_OF_WEEK_IN_MONTH=3,AM_PM=1,HOUR=9,HOUR_OF_DAY=21,MINUTE=20,SECOND=58,MILLISECOND=248,ZONE_OFFSET=0,DST_OFFSET=0], message=null}
21:20:58.251 [main] DEBUG org.hibernate.SQL - insert into LogEntries (logCode, message, primaryUser, secondaryUser, time, id) values (?, ?, ?, ?, ?, ?)
Hibernate: insert into LogEntries (logCode, message, primaryUser, secondaryUser, time, id) values (?, ?, ?, ?, ?, ?)
21:20:58.253 [main] DEBUG o.h.e.j.internal.JdbcCoordinatorImpl - HHH000420: Closing un-released batch
21:20:58.253 [main] DEBUG o.h.e.t.internal.TransactionImpl - begin
21:20:58.254 [main] DEBUG org.hibernate.SQL - select next_val as id_val from hibernate_sequence for update
Hibernate: select next_val as id_val from hibernate_sequence for update
21:20:58.254 [main] DEBUG org.hibernate.SQL - update hibernate_sequence set next_val= ? where next_val=?
Hibernate: update hibernate_sequence set next_val= ? where next_val=?
21:20:58.255 [main] DEBUG o.h.e.i.AbstractSaveEventListener - Generated identifier: 206, using strategy: org.hibernate.id.enhanced.SequenceStyleGenerator
21:20:58.255 [main] DEBUG o.h.e.t.internal.TransactionImpl - committing
21:20:58.256 [main] DEBUG o.h.e.i.AbstractFlushingEventListener - Processing flush-time cascades
21:20:58.256 [main] DEBUG o.h.e.i.AbstractFlushingEventListener - Dirty checking collections
21:20:58.256 [main] DEBUG o.h.e.i.AbstractFlushingEventListener - Flushed: 1 insertions, 0 updates, 0 deletions to 1 objects
21:20:58.256 [main] DEBUG o.h.e.i.AbstractFlushingEventListener - Flushed: 0 (re)creations, 0 updates, 0 removals to 0 collections
21:20:58.256 [main] DEBUG o.h.internal.util.EntityPrinter - Listing entities:
21:20:58.262 [main] DEBUG o.h.internal.util.EntityPrinter - edu.ncsu.csc.itrust2.models.persistent.LogEntry{secondaryUser=null, logCode=5, primaryUser=logapitest, id=206, time=java.util.GregorianCalendar[time=1521667258253,areFieldsSet=true,areAllFieldsSet=true,lenient=true,zone=sun.util.calendar.ZoneInfo[id="Etc/UTC",offset=0,dstSavings=0,useDaylight=false,transitions=0,lastRule=null],firstDayOfWeek=1,minimalDaysInFirstWeek=1,ERA=1,YEAR=2018,MONTH=2,WEEK_OF_YEAR=12,WEEK_OF_MONTH=4,DAY_OF_MONTH=21,DAY_OF_YEAR=80,DAY_OF_WEEK=4,DAY_OF_WEEK_IN_MONTH=3,AM_PM=1,HOUR=9,HOUR_OF_DAY=21,MINUTE=20,SECOND=58,MILLISECOND=253,ZONE_OFFSET=0,DST_OFFSET=0], message=null}
21:20:58.264 [main] DEBUG org.hibernate.SQL - insert into LogEntries (logCode, message, primaryUser, secondaryUser, time, id) values (?, ?, ?, ?, ?, ?)
Hibernate: insert into LogEntries (logCode, message, primaryUser, secondaryUser, time, id) values (?, ?, ?, ?, ?, ?)
21:20:58.267 [main] DEBUG o.h.e.j.internal.JdbcCoordinatorImpl - HHH000420: Closing un-released batch
21:20:58.268 [main] DEBUG o.h.e.t.internal.TransactionImpl - begin
21:20:58.268 [main] DEBUG org.hibernate.SQL - select next_val as id_val from hibernate_sequence for update
Hibernate: select next_val as id_val from hibernate_sequence for update
21:20:58.269 [main] DEBUG org.hibernate.SQL - update hibernate_sequence set next_val= ? where next_val=?
Hibernate: update hibernate_sequence set next_val= ? where next_val=?
21:20:58.270 [main] DEBUG o.h.e.i.AbstractSaveEventListener - Generated identifier: 207, using strategy: org.hibernate.id.enhanced.SequenceStyleGenerator
21:20:58.271 [main] DEBUG o.h.e.t.internal.TransactionImpl - committing
21:20:58.271 [main] DEBUG o.h.e.i.AbstractFlushingEventListener - Processing flush-time cascades
21:20:58.271 [main] DEBUG o.h.e.i.AbstractFlushingEventListener - Dirty checking collections
21:20:58.272 [main] DEBUG o.h.e.i.AbstractFlushingEventListener - Flushed: 1 insertions, 0 updates, 0 deletions to 1 objects
21:20:58.272 [main] DEBUG o.h.e.i.AbstractFlushingEventListener - Flushed: 0 (re)creations, 0 updates, 0 removals to 0 collections
21:20:58.272 [main] DEBUG o.h.internal.util.EntityPrinter - Listing entities:
21:20:58.272 [main] DEBUG o.h.internal.util.EntityPrinter - edu.ncsu.csc.itrust2.models.persistent.LogEntry{secondaryUser=null, logCode=5, primaryUser=logapitest, id=207, time=java.util.GregorianCalendar[time=1521667258268,areFieldsSet=true,areAllFieldsSet=true,lenient=true,zone=sun.util.calendar.ZoneInfo[id="Etc/UTC",offset=0,dstSavings=0,useDaylight=false,transitions=0,lastRule=null],firstDayOfWeek=1,minimalDaysInFirstWeek=1,ERA=1,YEAR=2018,MONTH=2,WEEK_OF_YEAR=12,WEEK_OF_MONTH=4,DAY_OF_MONTH=21,DAY_OF_YEAR=80,DAY_OF_WEEK=4,DAY_OF_WEEK_IN_MONTH=3,AM_PM=1,HOUR=9,HOUR_OF_DAY=21,MINUTE=20,SECOND=58,MILLISECOND=268,ZONE_OFFSET=0,DST_OFFSET=0], message=null}
21:20:58.273 [main] DEBUG org.hibernate.SQL - insert into LogEntries (logCode, message, primaryUser, secondaryUser, time, id) values (?, ?, ?, ?, ?, ?)
Hibernate: insert into LogEntries (logCode, message, primaryUser, secondaryUser, time, id) values (?, ?, ?, ?, ?, ?)
21:20:58.274 [main] DEBUG o.h.e.j.internal.JdbcCoordinatorImpl - HHH000420: Closing un-released batch
21:20:58.277 [main] DEBUG o.h.e.t.internal.TransactionImpl - begin
21:20:58.277 [main] DEBUG org.hibernate.SQL - select next_val as id_val from hibernate_sequence for update
Hibernate: select next_val as id_val from hibernate_sequence for update
21:20:58.278 [main] DEBUG org.hibernate.SQL - update hibernate_sequence set next_val= ? where next_val=?
Hibernate: update hibernate_sequence set next_val= ? where next_val=?
21:20:58.279 [main] DEBUG o.h.e.i.AbstractSaveEventListener - Generated identifier: 208, using strategy: org.hibernate.id.enhanced.SequenceStyleGenerator
21:20:58.279 [main] DEBUG o.h.e.t.internal.TransactionImpl - committing
21:20:58.279 [main] DEBUG o.h.e.i.AbstractFlushingEventListener - Processing flush-time cascades
21:20:58.279 [main] DEBUG o.h.e.i.AbstractFlushingEventListener - Dirty checking collections
21:20:58.279 [main] DEBUG o.h.e.i.AbstractFlushingEventListener - Flushed: 1 insertions, 0 updates, 0 deletions to 1 objects
21:20:58.279 [main] DEBUG o.h.e.i.AbstractFlushingEventListener - Flushed: 0 (re)creations, 0 updates, 0 removals to 0 collections
21:20:58.280 [main] DEBUG o.h.internal.util.EntityPrinter - Listing entities:
21:20:58.280 [main] DEBUG o.h.internal.util.EntityPrinter - edu.ncsu.csc.itrust2.models.persistent.LogEntry{secondaryUser=null, logCode=5, primaryUser=logapitest, id=208, time=java.util.GregorianCalendar[time=1521667258276,areFieldsSet=true,areAllFieldsSet=true,lenient=true,zone=sun.util.calendar.ZoneInfo[id="Etc/UTC",offset=0,dstSavings=0,useDaylight=false,transitions=0,lastRule=null],firstDayOfWeek=1,minimalDaysInFirstWeek=1,ERA=1,YEAR=2018,MONTH=2,WEEK_OF_YEAR=12,WEEK_OF_MONTH=4,DAY_OF_MONTH=21,DAY_OF_YEAR=80,DAY_OF_WEEK=4,DAY_OF_WEEK_IN_MONTH=3,AM_PM=1,HOUR=9,HOUR_OF_DAY=21,MINUTE=20,SECOND=58,MILLISECOND=276,ZONE_OFFSET=0,DST_OFFSET=0], message=null}
21:20:58.280 [main] DEBUG org.hibernate.SQL - insert into LogEntries (logCode, message, primaryUser, secondaryUser, time, id) values (?, ?, ?, ?, ?, ?)
Hibernate: insert into LogEntries (logCode, message, primaryUser, secondaryUser, time, id) values (?, ?, ?, ?, ?, ?)
21:20:58.282 [main] DEBUG o.h.e.j.internal.JdbcCoordinatorImpl - HHH000420: Closing un-released batch
21:20:58.282 [main] DEBUG o.h.e.t.internal.TransactionImpl - begin
21:20:58.283 [main] DEBUG org.hibernate.SQL - select next_val as id_val from hibernate_sequence for update
Hibernate: select next_val as id_val from hibernate_sequence for update
21:20:58.283 [main] DEBUG org.hibernate.SQL - update hibernate_sequence set next_val= ? where next_val=?
Hibernate: update hibernate_sequence set next_val= ? where next_val=?
21:20:58.284 [main] DEBUG o.h.e.i.AbstractSaveEventListener - Generated identifier: 209, using strategy: org.hibernate.id.enhanced.SequenceStyleGenerator
21:20:58.284 [main] DEBUG o.h.e.t.internal.TransactionImpl - committing
21:20:58.284 [main] DEBUG o.h.e.i.AbstractFlushingEventListener - Processing flush-time cascades
21:20:58.285 [main] DEBUG o.h.e.i.AbstractFlushingEventListener - Dirty checking collections
21:20:58.285 [main] DEBUG o.h.e.i.AbstractFlushingEventListener - Flushed: 1 insertions, 0 updates, 0 deletions to 1 objects
21:20:58.285 [main] DEBUG o.h.e.i.AbstractFlushingEventListener - Flushed: 0 (re)creations, 0 updates, 0 removals to 0 collections
21:20:58.285 [main] DEBUG o.h.internal.util.EntityPrinter - Listing entities:
21:20:58.285 [main] DEBUG o.h.internal.util.EntityPrinter - edu.ncsu.csc.itrust2.models.persistent.LogEntry{secondaryUser=null, logCode=5, primaryUser=logapitest, id=209, time=java.util.GregorianCalendar[time=1521667258282,areFieldsSet=true,areAllFieldsSet=true,lenient=true,zone=sun.util.calendar.ZoneInfo[id="Etc/UTC",offset=0,dstSavings=0,useDaylight=false,transitions=0,lastRule=null],firstDayOfWeek=1,minimalDaysInFirstWeek=1,ERA=1,YEAR=2018,MONTH=2,WEEK_OF_YEAR=12,WEEK_OF_MONTH=4,DAY_OF_MONTH=21,DAY_OF_YEAR=80,DAY_OF_WEEK=4,DAY_OF_WEEK_IN_MONTH=3,AM_PM=1,HOUR=9,HOUR_OF_DAY=21,MINUTE=20,SECOND=58,MILLISECOND=282,ZONE_OFFSET=0,DST_OFFSET=0], message=null}
21:20:58.286 [main] DEBUG org.hibernate.SQL - insert into LogEntries (logCode, message, primaryUser, secondaryUser, time, id) values (?, ?, ?, ?, ?, ?)
Hibernate: insert into LogEntries (logCode, message, primaryUser, secondaryUser, time, id) values (?, ?, ?, ?, ?, ?)
21:20:58.287 [main] DEBUG o.h.e.j.internal.JdbcCoordinatorImpl - HHH000420: Closing un-released batch
21:20:58.288 [main] DEBUG o.h.e.t.internal.TransactionImpl - begin
21:20:58.288 [main] DEBUG org.hibernate.SQL - select next_val as id_val from hibernate_sequence for update
Hibernate: select next_val as id_val from hibernate_sequence for update
21:20:58.289 [main] DEBUG org.hibernate.SQL - update hibernate_sequence set next_val= ? where next_val=?
Hibernate: update hibernate_sequence set next_val= ? where next_val=?
21:20:58.290 [main] DEBUG o.h.e.i.AbstractSaveEventListener - Generated identifier: 210, using strategy: org.hibernate.id.enhanced.SequenceStyleGenerator
21:20:58.290 [main] DEBUG o.h.e.t.internal.TransactionImpl - committing
21:20:58.290 [main] DEBUG o.h.e.i.AbstractFlushingEventListener - Processing flush-time cascades
21:20:58.290 [main] DEBUG o.h.e.i.AbstractFlushingEventListener - Dirty checking collections
21:20:58.290 [main] DEBUG o.h.e.i.AbstractFlushingEventListener - Flushed: 1 insertions, 0 updates, 0 deletions to 1 objects
21:20:58.290 [main] DEBUG o.h.e.i.AbstractFlushingEventListener - Flushed: 0 (re)creations, 0 updates, 0 removals to 0 collections
21:20:58.290 [main] DEBUG o.h.internal.util.EntityPrinter - Listing entities:
21:20:58.291 [main] DEBUG o.h.internal.util.EntityPrinter - edu.ncsu.csc.itrust2.models.persistent.LogEntry{secondaryUser=null, logCode=5, primaryUser=logapitest, id=210, time=java.util.GregorianCalendar[time=1521667258288,areFieldsSet=true,areAllFieldsSet=true,lenient=true,zone=sun.util.calendar.ZoneInfo[id="Etc/UTC",offset=0,dstSavings=0,useDaylight=false,transitions=0,lastRule=null],firstDayOfWeek=1,minimalDaysInFirstWeek=1,ERA=1,YEAR=2018,MONTH=2,WEEK_OF_YEAR=12,WEEK_OF_MONTH=4,DAY_OF_MONTH=21,DAY_OF_YEAR=80,DAY_OF_WEEK=4,DAY_OF_WEEK_IN_MONTH=3,AM_PM=1,HOUR=9,HOUR_OF_DAY=21,MINUTE=20,SECOND=58,MILLISECOND=288,ZONE_OFFSET=0,DST_OFFSET=0], message=null}
21:20:58.291 [main] DEBUG org.hibernate.SQL - insert into LogEntries (logCode, message, primaryUser, secondaryUser, time, id) values (?, ?, ?, ?, ?, ?)
Hibernate: insert into LogEntries (logCode, message, primaryUser, secondaryUser, time, id) values (?, ?, ?, ?, ?, ?)
21:20:58.293 [main] DEBUG o.h.e.j.internal.JdbcCoordinatorImpl - HHH000420: Closing un-released batch
21:20:58.294 [main] DEBUG o.h.e.t.internal.TransactionImpl - begin
21:20:58.304 [main] DEBUG org.hibernate.SQL - select next_val as id_val from hibernate_sequence for update
Hibernate: select next_val as id_val from hibernate_sequence for update
21:20:58.305 [main] DEBUG org.hibernate.SQL - update hibernate_sequence set next_val= ? where next_val=?
Hibernate: update hibernate_sequence set next_val= ? where next_val=?
21:20:58.306 [main] DEBUG o.h.e.i.AbstractSaveEventListener - Generated identifier: 211, using strategy: org.hibernate.id.enhanced.SequenceStyleGenerator
21:20:58.307 [main] DEBUG o.h.e.t.internal.TransactionImpl - committing
21:20:58.307 [main] DEBUG o.h.e.i.AbstractFlushingEventListener - Processing flush-time cascades
21:20:58.307 [main] DEBUG o.h.e.i.AbstractFlushingEventListener - Dirty checking collections
21:20:58.307 [main] DEBUG o.h.e.i.AbstractFlushingEventListener - Flushed: 1 insertions, 0 updates, 0 deletions to 1 objects
21:20:58.307 [main] DEBUG o.h.e.i.AbstractFlushingEventListener - Flushed: 0 (re)creations, 0 updates, 0 removals to 0 collections
21:20:58.308 [main] DEBUG o.h.internal.util.EntityPrinter - Listing entities:
21:20:58.308 [main] DEBUG o.h.internal.util.EntityPrinter - edu.ncsu.csc.itrust2.models.persistent.LogEntry{secondaryUser=null, logCode=5, primaryUser=logapitest, id=211, time=java.util.GregorianCalendar[time=1521667258294,areFieldsSet=true,areAllFieldsSet=true,lenient=true,zone=sun.util.calendar.ZoneInfo[id="Etc/UTC",offset=0,dstSavings=0,useDaylight=false,transitions=0,lastRule=null],firstDayOfWeek=1,minimalDaysInFirstWeek=1,ERA=1,YEAR=2018,MONTH=2,WEEK_OF_YEAR=12,WEEK_OF_MONTH=4,DAY_OF_MONTH=21,DAY_OF_YEAR=80,DAY_OF_WEEK=4,DAY_OF_WEEK_IN_MONTH=3,AM_PM=1,HOUR=9,HOUR_OF_DAY=21,MINUTE=20,SECOND=58,MILLISECOND=294,ZONE_OFFSET=0,DST_OFFSET=0], message=null}
21:20:58.308 [main] DEBUG org.hibernate.SQL - insert into LogEntries (logCode, message, primaryUser, secondaryUser, time, id) values (?, ?, ?, ?, ?, ?)
Hibernate: insert into LogEntries (logCode, message, primaryUser, secondaryUser, time, id) values (?, ?, ?, ?, ?, ?)
21:20:58.310 [main] DEBUG o.h.e.j.internal.JdbcCoordinatorImpl - HHH000420: Closing un-released batch
21:20:58.311 [main] DEBUG o.h.e.t.internal.TransactionImpl - begin
21:20:58.313 [main] DEBUG org.hibernate.SQL - select next_val as id_val from hibernate_sequence for update
Hibernate: select next_val as id_val from hibernate_sequence for update
21:20:58.313 [main] DEBUG org.hibernate.SQL - update hibernate_sequence set next_val= ? where next_val=?
Hibernate: update hibernate_sequence set next_val= ? where next_val=?
21:20:58.315 [main] DEBUG o.h.e.i.AbstractSaveEventListener - Generated identifier: 212, using strategy: org.hibernate.id.enhanced.SequenceStyleGenerator
21:20:58.315 [main] DEBUG o.h.e.t.internal.TransactionImpl - committing
21:20:58.315 [main] DEBUG o.h.e.i.AbstractFlushingEventListener - Processing flush-time cascades
21:20:58.315 [main] DEBUG o.h.e.i.AbstractFlushingEventListener - Dirty checking collections
21:20:58.316 [main] DEBUG o.h.e.i.AbstractFlushingEventListener - Flushed: 1 insertions, 0 updates, 0 deletions to 1 objects
21:20:58.316 [main] DEBUG o.h.e.i.AbstractFlushingEventListener - Flushed: 0 (re)creations, 0 updates, 0 removals to 0 collections
21:20:58.316 [main] DEBUG o.h.internal.util.EntityPrinter - Listing entities:
21:20:58.316 [main] DEBUG o.h.internal.util.EntityPrinter - edu.ncsu.csc.itrust2.models.persistent.LogEntry{secondaryUser=null, logCode=5, primaryUser=logapitest, id=212, time=java.util.GregorianCalendar[time=1521667258310,areFieldsSet=true,areAllFieldsSet=true,lenient=true,zone=sun.util.calendar.ZoneInfo[id="Etc/UTC",offset=0,dstSavings=0,useDaylight=false,transitions=0,lastRule=null],firstDayOfWeek=1,minimalDaysInFirstWeek=1,ERA=1,YEAR=2018,MONTH=2,WEEK_OF_YEAR=12,WEEK_OF_MONTH=4,DAY_OF_MONTH=21,DAY_OF_YEAR=80,DAY_OF_WEEK=4,DAY_OF_WEEK_IN_MONTH=3,AM_PM=1,HOUR=9,HOUR_OF_DAY=21,MINUTE=20,SECOND=58,MILLISECOND=310,ZONE_OFFSET=0,DST_OFFSET=0], message=null}
21:20:58.316 [main] DEBUG org.hibernate.SQL - insert into LogEntries (logCode, message, primaryUser, secondaryUser, time, id) values (?, ?, ?, ?, ?, ?)
Hibernate: insert into LogEntries (logCode, message, primaryUser, secondaryUser, time, id) values (?, ?, ?, ?, ?, ?)
21:20:58.318 [main] DEBUG o.h.e.j.internal.JdbcCoordinatorImpl - HHH000420: Closing un-released batch
21:20:58.318 [main] DEBUG o.h.e.t.internal.TransactionImpl - begin
21:20:58.319 [main] DEBUG org.hibernate.SQL - select next_val as id_val from hibernate_sequence for update
Hibernate: select next_val as id_val from hibernate_sequence for update
21:20:58.320 [main] DEBUG org.hibernate.SQL - update hibernate_sequence set next_val= ? where next_val=?
Hibernate: update hibernate_sequence set next_val= ? where next_val=?
21:20:58.321 [main] DEBUG o.h.e.i.AbstractSaveEventListener - Generated identifier: 213, using strategy: org.hibernate.id.enhanced.SequenceStyleGenerator
21:20:58.321 [main] DEBUG o.h.e.t.internal.TransactionImpl - committing
21:20:58.322 [main] DEBUG o.h.e.i.AbstractFlushingEventListener - Processing flush-time cascades
21:20:58.322 [main] DEBUG o.h.e.i.AbstractFlushingEventListener - Dirty checking collections
21:20:58.322 [main] DEBUG o.h.e.i.AbstractFlushingEventListener - Flushed: 1 insertions, 0 updates, 0 deletions to 1 objects
21:20:58.322 [main] DEBUG o.h.e.i.AbstractFlushingEventListener - Flushed: 0 (re)creations, 0 updates, 0 removals to 0 collections
21:20:58.322 [main] DEBUG o.h.internal.util.EntityPrinter - Listing entities:
21:20:58.322 [main] DEBUG o.h.internal.util.EntityPrinter - edu.ncsu.csc.itrust2.models.persistent.LogEntry{secondaryUser=null, logCode=5, primaryUser=logapitest, id=213, time=java.util.GregorianCalendar[time=1521667258318,areFieldsSet=true,areAllFieldsSet=true,lenient=true,zone=sun.util.calendar.ZoneInfo[id="Etc/UTC",offset=0,dstSavings=0,useDaylight=false,transitions=0,lastRule=null],firstDayOfWeek=1,minimalDaysInFirstWeek=1,ERA=1,YEAR=2018,MONTH=2,WEEK_OF_YEAR=12,WEEK_OF_MONTH=4,DAY_OF_MONTH=21,DAY_OF_YEAR=80,DAY_OF_WEEK=4,DAY_OF_WEEK_IN_MONTH=3,AM_PM=1,HOUR=9,HOUR_OF_DAY=21,MINUTE=20,SECOND=58,MILLISECOND=318,ZONE_OFFSET=0,DST_OFFSET=0], message=null}
21:20:58.323 [main] DEBUG org.hibernate.SQL - insert into LogEntries (logCode, message, primaryUser, secondaryUser, time, id) values (?, ?, ?, ?, ?, ?)
Hibernate: insert into LogEntries (logCode, message, primaryUser, secondaryUser, time, id) values (?, ?, ?, ?, ?, ?)
21:20:58.324 [main] DEBUG o.h.e.j.internal.JdbcCoordinatorImpl - HHH000420: Closing un-released batch
21:20:58.325 [main] DEBUG o.h.e.t.internal.TransactionImpl - begin
21:20:58.326 [main] DEBUG org.hibernate.SQL - select next_val as id_val from hibernate_sequence for update
Hibernate: select next_val as id_val from hibernate_sequence for update
21:20:58.327 [main] DEBUG org.hibernate.SQL - update hibernate_sequence set next_val= ? where next_val=?
Hibernate: update hibernate_sequence set next_val= ? where next_val=?
21:20:58.328 [main] DEBUG o.h.e.i.AbstractSaveEventListener - Generated identifier: 214, using strategy: org.hibernate.id.enhanced.SequenceStyleGenerator
21:20:58.329 [main] DEBUG o.h.e.t.internal.TransactionImpl - committing
21:20:58.329 [main] DEBUG o.h.e.i.AbstractFlushingEventListener - Processing flush-time cascades
21:20:58.329 [main] DEBUG o.h.e.i.AbstractFlushingEventListener - Dirty checking collections
21:20:58.330 [main] DEBUG o.h.e.i.AbstractFlushingEventListener - Flushed: 1 insertions, 0 updates, 0 deletions to 1 objects
21:20:58.330 [main] DEBUG o.h.e.i.AbstractFlushingEventListener - Flushed: 0 (re)creations, 0 updates, 0 removals to 0 collections
21:20:58.330 [main] DEBUG o.h.internal.util.EntityPrinter - Listing entities:
21:20:58.330 [main] DEBUG o.h.internal.util.EntityPrinter - edu.ncsu.csc.itrust2.models.persistent.LogEntry{secondaryUser=null, logCode=5, primaryUser=logapitest, id=214, time=java.util.GregorianCalendar[time=1521667258324,areFieldsSet=true,areAllFieldsSet=true,lenient=true,zone=sun.util.calendar.ZoneInfo[id="Etc/UTC",offset=0,dstSavings=0,useDaylight=false,transitions=0,lastRule=null],firstDayOfWeek=1,minimalDaysInFirstWeek=1,ERA=1,YEAR=2018,MONTH=2,WEEK_OF_YEAR=12,WEEK_OF_MONTH=4,DAY_OF_MONTH=21,DAY_OF_YEAR=80,DAY_OF_WEEK=4,DAY_OF_WEEK_IN_MONTH=3,AM_PM=1,HOUR=9,HOUR_OF_DAY=21,MINUTE=20,SECOND=58,MILLISECOND=324,ZONE_OFFSET=0,DST_OFFSET=0], message=null}
21:20:58.330 [main] DEBUG org.hibernate.SQL - insert into LogEntries (logCode, message, primaryUser, secondaryUser, time, id) values (?, ?, ?, ?, ?, ?)
Hibernate: insert into LogEntries (logCode, message, primaryUser, secondaryUser, time, id) values (?, ?, ?, ?, ?, ?)
21:20:58.332 [main] DEBUG o.h.e.j.internal.JdbcCoordinatorImpl - HHH000420: Closing un-released batch
21:20:58.332 [main] DEBUG o.h.e.t.internal.TransactionImpl - begin
21:20:58.333 [main] DEBUG org.hibernate.SQL - select next_val as id_val from hibernate_sequence for update
Hibernate: select next_val as id_val from hibernate_sequence for update
21:20:58.333 [main] DEBUG org.hibernate.SQL - update hibernate_sequence set next_val= ? where next_val=?
Hibernate: update hibernate_sequence set next_val= ? where next_val=?
21:20:58.334 [main] DEBUG o.h.e.i.AbstractSaveEventListener - Generated identifier: 215, using strategy: org.hibernate.id.enhanced.SequenceStyleGenerator
21:20:58.335 [main] DEBUG o.h.e.t.internal.TransactionImpl - committing
21:20:58.335 [main] DEBUG o.h.e.i.AbstractFlushingEventListener - Processing flush-time cascades
21:20:58.335 [main] DEBUG o.h.e.i.AbstractFlushingEventListener - Dirty checking collections
21:20:58.336 [main] DEBUG o.h.e.i.AbstractFlushingEventListener - Flushed: 1 insertions, 0 updates, 0 deletions to 1 objects
21:20:58.336 [main] DEBUG o.h.e.i.AbstractFlushingEventListener - Flushed: 0 (re)creations, 0 updates, 0 removals to 0 collections
21:20:58.336 [main] DEBUG o.h.internal.util.EntityPrinter - Listing entities:
21:20:58.336 [main] DEBUG o.h.internal.util.EntityPrinter - edu.ncsu.csc.itrust2.models.persistent.LogEntry{secondaryUser=null, logCode=5, primaryUser=logapitest, id=215, time=java.util.GregorianCalendar[time=1521667258332,areFieldsSet=true,areAllFieldsSet=true,lenient=true,zone=sun.util.calendar.ZoneInfo[id="Etc/UTC",offset=0,dstSavings=0,useDaylight=false,transitions=0,lastRule=null],firstDayOfWeek=1,minimalDaysInFirstWeek=1,ERA=1,YEAR=2018,MONTH=2,WEEK_OF_YEAR=12,WEEK_OF_MONTH=4,DAY_OF_MONTH=21,DAY_OF_YEAR=80,DAY_OF_WEEK=4,DAY_OF_WEEK_IN_MONTH=3,AM_PM=1,HOUR=9,HOUR_OF_DAY=21,MINUTE=20,SECOND=58,MILLISECOND=332,ZONE_OFFSET=0,DST_OFFSET=0], message=null}
21:20:58.339 [main] DEBUG org.hibernate.SQL - insert into LogEntries (logCode, message, primaryUser, secondaryUser, time, id) values (?, ?, ?, ?, ?, ?)
Hibernate: insert into LogEntries (logCode, message, primaryUser, secondaryUser, time, id) values (?, ?, ?, ?, ?, ?)
21:20:58.341 [main] DEBUG o.h.e.j.internal.JdbcCoordinatorImpl - HHH000420: Closing un-released batch
21:20:58.341 [main] DEBUG o.h.e.t.internal.TransactionImpl - begin
21:20:58.342 [main] DEBUG org.hibernate.SQL - select next_val as id_val from hibernate_sequence for update
Hibernate: select next_val as id_val from hibernate_sequence for update
21:20:58.342 [main] DEBUG org.hibernate.SQL - update hibernate_sequence set next_val= ? where next_val=?
Hibernate: update hibernate_sequence set next_val= ? where next_val=?
21:20:58.343 [main] DEBUG o.h.e.i.AbstractSaveEventListener - Generated identifier: 216, using strategy: org.hibernate.id.enhanced.SequenceStyleGenerator
21:20:58.344 [main] DEBUG o.h.e.t.internal.TransactionImpl - committing
21:20:58.344 [main] DEBUG o.h.e.i.AbstractFlushingEventListener - Processing flush-time cascades
21:20:58.344 [main] DEBUG o.h.e.i.AbstractFlushingEventListener - Dirty checking collections
21:20:58.344 [main] DEBUG o.h.e.i.AbstractFlushingEventListener - Flushed: 1 insertions, 0 updates, 0 deletions to 1 objects
21:20:58.345 [main] DEBUG o.h.e.i.AbstractFlushingEventListener - Flushed: 0 (re)creations, 0 updates, 0 removals to 0 collections
21:20:58.345 [main] DEBUG o.h.internal.util.EntityPrinter - Listing entities:
21:20:58.345 [main] DEBUG o.h.internal.util.EntityPrinter - edu.ncsu.csc.itrust2.models.persistent.LogEntry{secondaryUser=null, logCode=5, primaryUser=logapitest, id=216, time=java.util.GregorianCalendar[time=1521667258341,areFieldsSet=true,areAllFieldsSet=true,lenient=true,zone=sun.util.calendar.ZoneInfo[id="Etc/UTC",offset=0,dstSavings=0,useDaylight=false,transitions=0,lastRule=null],firstDayOfWeek=1,minimalDaysInFirstWeek=1,ERA=1,YEAR=2018,MONTH=2,WEEK_OF_YEAR=12,WEEK_OF_MONTH=4,DAY_OF_MONTH=21,DAY_OF_YEAR=80,DAY_OF_WEEK=4,DAY_OF_WEEK_IN_MONTH=3,AM_PM=1,HOUR=9,HOUR_OF_DAY=21,MINUTE=20,SECOND=58,MILLISECOND=341,ZONE_OFFSET=0,DST_OFFSET=0], message=null}
21:20:58.346 [main] DEBUG org.hibernate.SQL - insert into LogEntries (logCode, message, primaryUser, secondaryUser, time, id) values (?, ?, ?, ?, ?, ?)
Hibernate: insert into LogEntries (logCode, message, primaryUser, secondaryUser, time, id) values (?, ?, ?, ?, ?, ?)
21:20:58.347 [main] DEBUG o.h.e.j.internal.JdbcCoordinatorImpl - HHH000420: Closing un-released batch
21:20:58.348 [main] DEBUG o.h.e.t.internal.TransactionImpl - begin
21:20:58.348 [main] DEBUG org.hibernate.SQL - select next_val as id_val from hibernate_sequence for update
Hibernate: select next_val as id_val from hibernate_sequence for update
21:20:58.349 [main] DEBUG org.hibernate.SQL - update hibernate_sequence set next_val= ? where next_val=?
Hibernate: update hibernate_sequence set next_val= ? where next_val=?
21:20:58.352 [main] DEBUG o.h.e.i.AbstractSaveEventListener - Generated identifier: 217, using strategy: org.hibernate.id.enhanced.SequenceStyleGenerator
21:20:58.352 [main] DEBUG o.h.e.t.internal.TransactionImpl - committing
21:20:58.353 [main] DEBUG o.h.e.i.AbstractFlushingEventListener - Processing flush-time cascades
21:20:58.353 [main] DEBUG o.h.e.i.AbstractFlushingEventListener - Dirty checking collections
21:20:58.353 [main] DEBUG o.h.e.i.AbstractFlushingEventListener - Flushed: 1 insertions, 0 updates, 0 deletions to 1 objects
21:20:58.353 [main] DEBUG o.h.e.i.AbstractFlushingEventListener - Flushed: 0 (re)creations, 0 updates, 0 removals to 0 collections
21:20:58.353 [main] DEBUG o.h.internal.util.EntityPrinter - Listing entities:
21:20:58.353 [main] DEBUG o.h.internal.util.EntityPrinter - edu.ncsu.csc.itrust2.models.persistent.LogEntry{secondaryUser=null, logCode=5, primaryUser=logapitest, id=217, time=java.util.GregorianCalendar[time=1521667258348,areFieldsSet=true,areAllFieldsSet=true,lenient=true,zone=sun.util.calendar.ZoneInfo[id="Etc/UTC",offset=0,dstSavings=0,useDaylight=false,transitions=0,lastRule=null],firstDayOfWeek=1,minimalDaysInFirstWeek=1,ERA=1,YEAR=2018,MONTH=2,WEEK_OF_YEAR=12,WEEK_OF_MONTH=4,DAY_OF_MONTH=21,DAY_OF_YEAR=80,DAY_OF_WEEK=4,DAY_OF_WEEK_IN_MONTH=3,AM_PM=1,HOUR=9,HOUR_OF_DAY=21,MINUTE=20,SECOND=58,MILLISECOND=348,ZONE_OFFSET=0,DST_OFFSET=0], message=null}
21:20:58.353 [main] DEBUG org.hibernate.SQL - insert into LogEntries (logCode, message, primaryUser, secondaryUser, time, id) values (?, ?, ?, ?, ?, ?)
Hibernate: insert into LogEntries (logCode, message, primaryUser, secondaryUser, time, id) values (?, ?, ?, ?, ?, ?)
21:20:58.356 [main] DEBUG o.h.e.j.internal.JdbcCoordinatorImpl - HHH000420: Closing un-released batch
21:20:58.358 [main] DEBUG o.h.e.t.internal.TransactionImpl - begin
21:20:58.358 [main] DEBUG org.hibernate.SQL - select next_val as id_val from hibernate_sequence for update
Hibernate: select next_val as id_val from hibernate_sequence for update
21:20:58.359 [main] DEBUG org.hibernate.SQL - update hibernate_sequence set next_val= ? where next_val=?
Hibernate: update hibernate_sequence set next_val= ? where next_val=?
21:20:58.360 [main] DEBUG o.h.e.i.AbstractSaveEventListener - Generated identifier: 218, using strategy: org.hibernate.id.enhanced.SequenceStyleGenerator
21:20:58.360 [main] DEBUG o.h.e.t.internal.TransactionImpl - committing
21:20:58.360 [main] DEBUG o.h.e.i.AbstractFlushingEventListener - Processing flush-time cascades
21:20:58.360 [main] DEBUG o.h.e.i.AbstractFlushingEventListener - Dirty checking collections
21:20:58.360 [main] DEBUG o.h.e.i.AbstractFlushingEventListener - Flushed: 1 insertions, 0 updates, 0 deletions to 1 objects
21:20:58.360 [main] DEBUG o.h.e.i.AbstractFlushingEventListener - Flushed: 0 (re)creations, 0 updates, 0 removals to 0 collections
21:20:58.360 [main] DEBUG o.h.internal.util.EntityPrinter - Listing entities:
21:20:58.361 [main] DEBUG o.h.internal.util.EntityPrinter - edu.ncsu.csc.itrust2.models.persistent.LogEntry{secondaryUser=null, logCode=5, primaryUser=logapitest, id=218, time=java.util.GregorianCalendar[time=1521667258357,areFieldsSet=true,areAllFieldsSet=true,lenient=true,zone=sun.util.calendar.ZoneInfo[id="Etc/UTC",offset=0,dstSavings=0,useDaylight=false,transitions=0,lastRule=null],firstDayOfWeek=1,minimalDaysInFirstWeek=1,ERA=1,YEAR=2018,MONTH=2,WEEK_OF_YEAR=12,WEEK_OF_MONTH=4,DAY_OF_MONTH=21,DAY_OF_YEAR=80,DAY_OF_WEEK=4,DAY_OF_WEEK_IN_MONTH=3,AM_PM=1,HOUR=9,HOUR_OF_DAY=21,MINUTE=20,SECOND=58,MILLISECOND=357,ZONE_OFFSET=0,DST_OFFSET=0], message=null}
21:20:58.361 [main] DEBUG org.hibernate.SQL - insert into LogEntries (logCode, message, primaryUser, secondaryUser, time, id) values (?, ?, ?, ?, ?, ?)
Hibernate: insert into LogEntries (logCode, message, primaryUser, secondaryUser, time, id) values (?, ?, ?, ?, ?, ?)
21:20:58.363 [main] DEBUG o.h.e.j.internal.JdbcCoordinatorImpl - HHH000420: Closing un-released batch
21:20:58.363 [main] DEBUG o.h.e.t.internal.TransactionImpl - begin
21:20:58.364 [main] DEBUG org.hibernate.SQL - select next_val as id_val from hibernate_sequence for update
Hibernate: select next_val as id_val from hibernate_sequence for update
21:20:58.364 [main] DEBUG org.hibernate.SQL - update hibernate_sequence set next_val= ? where next_val=?
Hibernate: update hibernate_sequence set next_val= ? where next_val=?
21:20:58.365 [main] DEBUG o.h.e.i.AbstractSaveEventListener - Generated identifier: 219, using strategy: org.hibernate.id.enhanced.SequenceStyleGenerator
21:20:58.365 [main] DEBUG o.h.e.t.internal.TransactionImpl - committing
21:20:58.365 [main] DEBUG o.h.e.i.AbstractFlushingEventListener - Processing flush-time cascades
21:20:58.365 [main] DEBUG o.h.e.i.AbstractFlushingEventListener - Dirty checking collections
21:20:58.365 [main] DEBUG o.h.e.i.AbstractFlushingEventListener - Flushed: 1 insertions, 0 updates, 0 deletions to 1 objects
21:20:58.366 [main] DEBUG o.h.e.i.AbstractFlushingEventListener - Flushed: 0 (re)creations, 0 updates, 0 removals to 0 collections
21:20:58.366 [main] DEBUG o.h.internal.util.EntityPrinter - Listing entities:
21:20:58.366 [main] DEBUG o.h.internal.util.EntityPrinter - edu.ncsu.csc.itrust2.models.persistent.LogEntry{secondaryUser=null, logCode=5, primaryUser=logapitest, id=219, time=java.util.GregorianCalendar[time=1521667258363,areFieldsSet=true,areAllFieldsSet=true,lenient=true,zone=sun.util.calendar.ZoneInfo[id="Etc/UTC",offset=0,dstSavings=0,useDaylight=false,transitions=0,lastRule=null],firstDayOfWeek=1,minimalDaysInFirstWeek=1,ERA=1,YEAR=2018,MONTH=2,WEEK_OF_YEAR=12,WEEK_OF_MONTH=4,DAY_OF_MONTH=21,DAY_OF_YEAR=80,DAY_OF_WEEK=4,DAY_OF_WEEK_IN_MONTH=3,AM_PM=1,HOUR=9,HOUR_OF_DAY=21,MINUTE=20,SECOND=58,MILLISECOND=363,ZONE_OFFSET=0,DST_OFFSET=0], message=null}
21:20:58.366 [main] DEBUG org.hibernate.SQL - insert into LogEntries (logCode, message, primaryUser, secondaryUser, time, id) values (?, ?, ?, ?, ?, ?)
Hibernate: insert into LogEntries (logCode, message, primaryUser, secondaryUser, time, id) values (?, ?, ?, ?, ?, ?)
21:20:58.367 [main] DEBUG o.h.e.j.internal.JdbcCoordinatorImpl - HHH000420: Closing un-released batch
21:20:58.368 [main] DEBUG o.h.e.t.internal.TransactionImpl - begin
21:20:58.371 [main] DEBUG org.hibernate.SQL - select next_val as id_val from hibernate_sequence for update
Hibernate: select next_val as id_val from hibernate_sequence for update
21:20:58.372 [main] DEBUG org.hibernate.SQL - update hibernate_sequence set next_val= ? where next_val=?
Hibernate: update hibernate_sequence set next_val= ? where next_val=?
21:20:58.373 [main] DEBUG o.h.e.i.AbstractSaveEventListener - Generated identifier: 220, using strategy: org.hibernate.id.enhanced.SequenceStyleGenerator
21:20:58.377 [main] DEBUG o.h.e.t.internal.TransactionImpl - committing
21:20:58.378 [main] DEBUG o.h.e.i.AbstractFlushingEventListener - Processing flush-time cascades
21:20:58.378 [main] DEBUG o.h.e.i.AbstractFlushingEventListener - Dirty checking collections
21:20:58.378 [main] DEBUG o.h.e.i.AbstractFlushingEventListener - Flushed: 1 insertions, 0 updates, 0 deletions to 1 objects
21:20:58.378 [main] DEBUG o.h.e.i.AbstractFlushingEventListener - Flushed: 0 (re)creations, 0 updates, 0 removals to 0 collections
21:20:58.378 [main] DEBUG o.h.internal.util.EntityPrinter - Listing entities:
21:20:58.378 [main] DEBUG o.h.internal.util.EntityPrinter - edu.ncsu.csc.itrust2.models.persistent.LogEntry{secondaryUser=null, logCode=5, primaryUser=logapitest, id=220, time=java.util.GregorianCalendar[time=1521667258368,areFieldsSet=true,areAllFieldsSet=true,lenient=true,zone=sun.util.calendar.ZoneInfo[id="Etc/UTC",offset=0,dstSavings=0,useDaylight=false,transitions=0,lastRule=null],firstDayOfWeek=1,minimalDaysInFirstWeek=1,ERA=1,YEAR=2018,MONTH=2,WEEK_OF_YEAR=12,WEEK_OF_MONTH=4,DAY_OF_MONTH=21,DAY_OF_YEAR=80,DAY_OF_WEEK=4,DAY_OF_WEEK_IN_MONTH=3,AM_PM=1,HOUR=9,HOUR_OF_DAY=21,MINUTE=20,SECOND=58,MILLISECOND=368,ZONE_OFFSET=0,DST_OFFSET=0], message=null}
21:20:58.379 [main] DEBUG org.hibernate.SQL - insert into LogEntries (logCode, message, primaryUser, secondaryUser, time, id) values (?, ?, ?, ?, ?, ?)
Hibernate: insert into LogEntries (logCode, message, primaryUser, secondaryUser, time, id) values (?, ?, ?, ?, ?, ?)
21:20:58.380 [main] DEBUG o.h.e.j.internal.JdbcCoordinatorImpl - HHH000420: Closing un-released batch
21:20:58.380 [main] DEBUG o.h.e.t.internal.TransactionImpl - begin
21:20:58.381 [main] DEBUG org.hibernate.SQL - select next_val as id_val from hibernate_sequence for update
Hibernate: select next_val as id_val from hibernate_sequence for update
21:20:58.382 [main] DEBUG org.hibernate.SQL - update hibernate_sequence set next_val= ? where next_val=?
Hibernate: update hibernate_sequence set next_val= ? where next_val=?
21:20:58.383 [main] DEBUG o.h.e.i.AbstractSaveEventListener - Generated identifier: 221, using strategy: org.hibernate.id.enhanced.SequenceStyleGenerator
21:20:58.383 [main] DEBUG o.h.e.t.internal.TransactionImpl - committing
21:20:58.384 [main] DEBUG o.h.e.i.AbstractFlushingEventListener - Processing flush-time cascades
21:20:58.384 [main] DEBUG o.h.e.i.AbstractFlushingEventListener - Dirty checking collections
21:20:58.384 [main] DEBUG o.h.e.i.AbstractFlushingEventListener - Flushed: 1 insertions, 0 updates, 0 deletions to 1 objects
21:20:58.384 [main] DEBUG o.h.e.i.AbstractFlushingEventListener - Flushed: 0 (re)creations, 0 updates, 0 removals to 0 collections
21:20:58.384 [main] DEBUG o.h.internal.util.EntityPrinter - Listing entities:
21:20:58.384 [main] DEBUG o.h.internal.util.EntityPrinter - edu.ncsu.csc.itrust2.models.persistent.LogEntry{secondaryUser=null, logCode=5, primaryUser=logapitest, id=221, time=java.util.GregorianCalendar[time=1521667258380,areFieldsSet=true,areAllFieldsSet=true,lenient=true,zone=sun.util.calendar.ZoneInfo[id="Etc/UTC",offset=0,dstSavings=0,useDaylight=false,transitions=0,lastRule=null],firstDayOfWeek=1,minimalDaysInFirstWeek=1,ERA=1,YEAR=2018,MONTH=2,WEEK_OF_YEAR=12,WEEK_OF_MONTH=4,DAY_OF_MONTH=21,DAY_OF_YEAR=80,DAY_OF_WEEK=4,DAY_OF_WEEK_IN_MONTH=3,AM_PM=1,HOUR=9,HOUR_OF_DAY=21,MINUTE=20,SECOND=58,MILLISECOND=380,ZONE_OFFSET=0,DST_OFFSET=0], message=null}
21:20:58.393 [main] DEBUG org.hibernate.SQL - insert into LogEntries (logCode, message, primaryUser, secondaryUser, time, id) values (?, ?, ?, ?, ?, ?)
Hibernate: insert into LogEntries (logCode, message, primaryUser, secondaryUser, time, id) values (?, ?, ?, ?, ?, ?)
21:20:58.396 [main] DEBUG o.h.e.j.internal.JdbcCoordinatorImpl - HHH000420: Closing un-released batch
21:20:58.396 [main] DEBUG o.h.e.t.internal.TransactionImpl - begin
21:20:58.397 [main] DEBUG org.hibernate.SQL - select next_val as id_val from hibernate_sequence for update
Hibernate: select next_val as id_val from hibernate_sequence for update
21:20:58.398 [main] DEBUG org.hibernate.SQL - update hibernate_sequence set next_val= ? where next_val=?
Hibernate: update hibernate_sequence set next_val= ? where next_val=?
21:20:58.399 [main] DEBUG o.h.e.i.AbstractSaveEventListener - Generated identifier: 222, using strategy: org.hibernate.id.enhanced.SequenceStyleGenerator
21:20:58.399 [main] DEBUG o.h.e.t.internal.TransactionImpl - committing
21:20:58.399 [main] DEBUG o.h.e.i.AbstractFlushingEventListener - Processing flush-time cascades
21:20:58.400 [main] DEBUG o.h.e.i.AbstractFlushingEventListener - Dirty checking collections
21:20:58.400 [main] DEBUG o.h.e.i.AbstractFlushingEventListener - Flushed: 1 insertions, 0 updates, 0 deletions to 1 objects
21:20:58.400 [main] DEBUG o.h.e.i.AbstractFlushingEventListener - Flushed: 0 (re)creations, 0 updates, 0 removals to 0 collections
21:20:58.400 [main] DEBUG o.h.internal.util.EntityPrinter - Listing entities:
21:20:58.400 [main] DEBUG o.h.internal.util.EntityPrinter - edu.ncsu.csc.itrust2.models.persistent.LogEntry{secondaryUser=null, logCode=5, primaryUser=logapitest, id=222, time=java.util.GregorianCalendar[time=1521667258396,areFieldsSet=true,areAllFieldsSet=true,lenient=true,zone=sun.util.calendar.ZoneInfo[id="Etc/UTC",offset=0,dstSavings=0,useDaylight=false,transitions=0,lastRule=null],firstDayOfWeek=1,minimalDaysInFirstWeek=1,ERA=1,YEAR=2018,MONTH=2,WEEK_OF_YEAR=12,WEEK_OF_MONTH=4,DAY_OF_MONTH=21,DAY_OF_YEAR=80,DAY_OF_WEEK=4,DAY_OF_WEEK_IN_MONTH=3,AM_PM=1,HOUR=9,HOUR_OF_DAY=21,MINUTE=20,SECOND=58,MILLISECOND=396,ZONE_OFFSET=0,DST_OFFSET=0], message=null}
21:20:58.400 [main] DEBUG org.hibernate.SQL - insert into LogEntries (logCode, message, primaryUser, secondaryUser, time, id) values (?, ?, ?, ?, ?, ?)
Hibernate: insert into LogEntries (logCode, message, primaryUser, secondaryUser, time, id) values (?, ?, ?, ?, ?, ?)
21:20:58.409 [main] DEBUG o.h.e.j.internal.JdbcCoordinatorImpl - HHH000420: Closing un-released batch
21:20:58.410 [main] DEBUG o.h.e.t.internal.TransactionImpl - begin
21:20:58.411 [main] DEBUG org.hibernate.SQL - select next_val as id_val from hibernate_sequence for update
Hibernate: select next_val as id_val from hibernate_sequence for update
21:20:58.412 [main] DEBUG org.hibernate.SQL - update hibernate_sequence set next_val= ? where next_val=?
Hibernate: update hibernate_sequence set next_val= ? where next_val=?
21:20:58.440 [main] DEBUG o.h.e.i.AbstractSaveEventListener - Generated identifier: 223, using strategy: org.hibernate.id.enhanced.SequenceStyleGenerator
21:20:58.441 [main] DEBUG o.h.e.t.internal.TransactionImpl - committing
21:20:58.441 [main] DEBUG o.h.e.i.AbstractFlushingEventListener - Processing flush-time cascades
21:20:58.441 [main] DEBUG o.h.e.i.AbstractFlushingEventListener - Dirty checking collections
21:20:58.441 [main] DEBUG o.h.e.i.AbstractFlushingEventListener - Flushed: 1 insertions, 0 updates, 0 deletions to 1 objects
21:20:58.441 [main] DEBUG o.h.e.i.AbstractFlushingEventListener - Flushed: 0 (re)creations, 0 updates, 0 removals to 0 collections
21:20:58.441 [main] DEBUG o.h.internal.util.EntityPrinter - Listing entities:
21:20:58.441 [main] DEBUG o.h.internal.util.EntityPrinter - edu.ncsu.csc.itrust2.models.persistent.LogEntry{secondaryUser=null, logCode=5, primaryUser=logapitest, id=223, time=java.util.GregorianCalendar[time=1521667258410,areFieldsSet=true,areAllFieldsSet=true,lenient=true,zone=sun.util.calendar.ZoneInfo[id="Etc/UTC",offset=0,dstSavings=0,useDaylight=false,transitions=0,lastRule=null],firstDayOfWeek=1,minimalDaysInFirstWeek=1,ERA=1,YEAR=2018,MONTH=2,WEEK_OF_YEAR=12,WEEK_OF_MONTH=4,DAY_OF_MONTH=21,DAY_OF_YEAR=80,DAY_OF_WEEK=4,DAY_OF_WEEK_IN_MONTH=3,AM_PM=1,HOUR=9,HOUR_OF_DAY=21,MINUTE=20,SECOND=58,MILLISECOND=410,ZONE_OFFSET=0,DST_OFFSET=0], message=null}
21:20:58.441 [main] DEBUG org.hibernate.SQL - insert into LogEntries (logCode, message, primaryUser, secondaryUser, time, id) values (?, ?, ?, ?, ?, ?)
Hibernate: insert into LogEntries (logCode, message, primaryUser, secondaryUser, time, id) values (?, ?, ?, ?, ?, ?)
21:20:58.444 [main] DEBUG o.h.e.j.internal.JdbcCoordinatorImpl - HHH000420: Closing un-released batch
21:20:58.444 [main] DEBUG o.h.e.t.internal.TransactionImpl - begin
21:20:58.445 [main] DEBUG org.hibernate.SQL - select next_val as id_val from hibernate_sequence for update
Hibernate: select next_val as id_val from hibernate_sequence for update
21:20:58.446 [main] DEBUG org.hibernate.SQL - update hibernate_sequence set next_val= ? where next_val=?
Hibernate: update hibernate_sequence set next_val= ? where next_val=?
21:20:58.447 [main] DEBUG o.h.e.i.AbstractSaveEventListener - Generated identifier: 224, using strategy: org.hibernate.id.enhanced.SequenceStyleGenerator
21:20:58.448 [main] DEBUG o.h.e.t.internal.TransactionImpl - committing
21:20:58.448 [main] DEBUG o.h.e.i.AbstractFlushingEventListener - Processing flush-time cascades
21:20:58.448 [main] DEBUG o.h.e.i.AbstractFlushingEventListener - Dirty checking collections
21:20:58.448 [main] DEBUG o.h.e.i.AbstractFlushingEventListener - Flushed: 1 insertions, 0 updates, 0 deletions to 1 objects
21:20:58.449 [main] DEBUG o.h.e.i.AbstractFlushingEventListener - Flushed: 0 (re)creations, 0 updates, 0 removals to 0 collections
21:20:58.449 [main] DEBUG o.h.internal.util.EntityPrinter - Listing entities:
21:20:58.449 [main] DEBUG o.h.internal.util.EntityPrinter - edu.ncsu.csc.itrust2.models.persistent.LogEntry{secondaryUser=null, logCode=5, primaryUser=logapitest, id=224, time=java.util.GregorianCalendar[time=1521667258444,areFieldsSet=true,areAllFieldsSet=true,lenient=true,zone=sun.util.calendar.ZoneInfo[id="Etc/UTC",offset=0,dstSavings=0,useDaylight=false,transitions=0,lastRule=null],firstDayOfWeek=1,minimalDaysInFirstWeek=1,ERA=1,YEAR=2018,MONTH=2,WEEK_OF_YEAR=12,WEEK_OF_MONTH=4,DAY_OF_MONTH=21,DAY_OF_YEAR=80,DAY_OF_WEEK=4,DAY_OF_WEEK_IN_MONTH=3,AM_PM=1,HOUR=9,HOUR_OF_DAY=21,MINUTE=20,SECOND=58,MILLISECOND=444,ZONE_OFFSET=0,DST_OFFSET=0], message=null}
21:20:58.449 [main] DEBUG org.hibernate.SQL - insert into LogEntries (logCode, message, primaryUser, secondaryUser, time, id) values (?, ?, ?, ?, ?, ?)
Hibernate: insert into LogEntries (logCode, message, primaryUser, secondaryUser, time, id) values (?, ?, ?, ?, ?, ?)
21:20:58.452 [main] DEBUG o.h.e.j.internal.JdbcCoordinatorImpl - HHH000420: Closing un-released batch
21:20:58.453 [main] DEBUG o.h.e.t.internal.TransactionImpl - begin
21:20:58.454 [main] DEBUG org.hibernate.SQL - select next_val as id_val from hibernate_sequence for update
Hibernate: select next_val as id_val from hibernate_sequence for update
21:20:58.455 [main] DEBUG org.hibernate.SQL - update hibernate_sequence set next_val= ? where next_val=?
Hibernate: update hibernate_sequence set next_val= ? where next_val=?
21:20:58.458 [main] DEBUG o.h.e.i.AbstractSaveEventListener - Generated identifier: 225, using strategy: org.hibernate.id.enhanced.SequenceStyleGenerator
21:20:58.459 [main] DEBUG o.h.e.t.internal.TransactionImpl - committing
21:20:58.459 [main] DEBUG o.h.e.i.AbstractFlushingEventListener - Processing flush-time cascades
21:20:58.459 [main] DEBUG o.h.e.i.AbstractFlushingEventListener - Dirty checking collections
21:20:58.459 [main] DEBUG o.h.e.i.AbstractFlushingEventListener - Flushed: 1 insertions, 0 updates, 0 deletions to 1 objects
21:20:58.460 [main] DEBUG o.h.e.i.AbstractFlushingEventListener - Flushed: 0 (re)creations, 0 updates, 0 removals to 0 collections
21:20:58.460 [main] DEBUG o.h.internal.util.EntityPrinter - Listing entities:
21:20:58.461 [main] DEBUG o.h.internal.util.EntityPrinter - edu.ncsu.csc.itrust2.models.persistent.LogEntry{secondaryUser=null, logCode=5, primaryUser=logapitest, id=225, time=java.util.GregorianCalendar[time=1521667258453,areFieldsSet=true,areAllFieldsSet=true,lenient=true,zone=sun.util.calendar.ZoneInfo[id="Etc/UTC",offset=0,dstSavings=0,useDaylight=false,transitions=0,lastRule=null],firstDayOfWeek=1,minimalDaysInFirstWeek=1,ERA=1,YEAR=2018,MONTH=2,WEEK_OF_YEAR=12,WEEK_OF_MONTH=4,DAY_OF_MONTH=21,DAY_OF_YEAR=80,DAY_OF_WEEK=4,DAY_OF_WEEK_IN_MONTH=3,AM_PM=1,HOUR=9,HOUR_OF_DAY=21,MINUTE=20,SECOND=58,MILLISECOND=453,ZONE_OFFSET=0,DST_OFFSET=0], message=null}
21:20:58.463 [main] DEBUG org.hibernate.SQL - insert into LogEntries (logCode, message, primaryUser, secondaryUser, time, id) values (?, ?, ?, ?, ?, ?)
Hibernate: insert into LogEntries (logCode, message, primaryUser, secondaryUser, time, id) values (?, ?, ?, ?, ?, ?)
21:20:58.465 [main] DEBUG o.h.e.j.internal.JdbcCoordinatorImpl - HHH000420: Closing un-released batch
21:20:58.465 [main] DEBUG o.h.e.t.internal.TransactionImpl - begin
21:20:58.466 [main] DEBUG org.hibernate.SQL - select next_val as id_val from hibernate_sequence for update
Hibernate: select next_val as id_val from hibernate_sequence for update
21:20:58.467 [main] DEBUG org.hibernate.SQL - update hibernate_sequence set next_val= ? where next_val=?
Hibernate: update hibernate_sequence set next_val= ? where next_val=?
21:20:58.468 [main] DEBUG o.h.e.i.AbstractSaveEventListener - Generated identifier: 226, using strategy: org.hibernate.id.enhanced.SequenceStyleGenerator
21:20:58.468 [main] DEBUG o.h.e.t.internal.TransactionImpl - committing
21:20:58.468 [main] DEBUG o.h.e.i.AbstractFlushingEventListener - Processing flush-time cascades
21:20:58.468 [main] DEBUG o.h.e.i.AbstractFlushingEventListener - Dirty checking collections
21:20:58.468 [main] DEBUG o.h.e.i.AbstractFlushingEventListener - Flushed: 1 insertions, 0 updates, 0 deletions to 1 objects
21:20:58.469 [main] DEBUG o.h.e.i.AbstractFlushingEventListener - Flushed: 0 (re)creations, 0 updates, 0 removals to 0 collections
21:20:58.469 [main] DEBUG o.h.internal.util.EntityPrinter - Listing entities:
21:20:58.469 [main] DEBUG o.h.internal.util.EntityPrinter - edu.ncsu.csc.itrust2.models.persistent.LogEntry{secondaryUser=null, logCode=5, primaryUser=logapitest, id=226, time=java.util.GregorianCalendar[time=1521667258465,areFieldsSet=true,areAllFieldsSet=true,lenient=true,zone=sun.util.calendar.ZoneInfo[id="Etc/UTC",offset=0,dstSavings=0,useDaylight=false,transitions=0,lastRule=null],firstDayOfWeek=1,minimalDaysInFirstWeek=1,ERA=1,YEAR=2018,MONTH=2,WEEK_OF_YEAR=12,WEEK_OF_MONTH=4,DAY_OF_MONTH=21,DAY_OF_YEAR=80,DAY_OF_WEEK=4,DAY_OF_WEEK_IN_MONTH=3,AM_PM=1,HOUR=9,HOUR_OF_DAY=21,MINUTE=20,SECOND=58,MILLISECOND=465,ZONE_OFFSET=0,DST_OFFSET=0], message=null}
21:20:58.469 [main] DEBUG org.hibernate.SQL - insert into LogEntries (logCode, message, primaryUser, secondaryUser, time, id) values (?, ?, ?, ?, ?, ?)
Hibernate: insert into LogEntries (logCode, message, primaryUser, secondaryUser, time, id) values (?, ?, ?, ?, ?, ?)
21:20:58.485 [main] DEBUG o.h.e.j.internal.JdbcCoordinatorImpl - HHH000420: Closing un-released batch
21:20:58.486 [main] DEBUG o.h.e.t.internal.TransactionImpl - begin
21:20:58.486 [main] DEBUG org.hibernate.SQL - select next_val as id_val from hibernate_sequence for update
Hibernate: select next_val as id_val from hibernate_sequence for update
21:20:58.486 [main] DEBUG org.hibernate.SQL - update hibernate_sequence set next_val= ? where next_val=?
Hibernate: update hibernate_sequence set next_val= ? where next_val=?
21:20:58.487 [main] DEBUG o.h.e.i.AbstractSaveEventListener - Generated identifier: 227, using strategy: org.hibernate.id.enhanced.SequenceStyleGenerator
21:20:58.488 [main] DEBUG o.h.e.t.internal.TransactionImpl - committing
21:20:58.488 [main] DEBUG o.h.e.i.AbstractFlushingEventListener - Processing flush-time cascades
21:20:58.488 [main] DEBUG o.h.e.i.AbstractFlushingEventListener - Dirty checking collections
21:20:58.488 [main] DEBUG o.h.e.i.AbstractFlushingEventListener - Flushed: 1 insertions, 0 updates, 0 deletions to 1 objects
21:20:58.488 [main] DEBUG o.h.e.i.AbstractFlushingEventListener - Flushed: 0 (re)creations, 0 updates, 0 removals to 0 collections
21:20:58.488 [main] DEBUG o.h.internal.util.EntityPrinter - Listing entities:
21:20:58.488 [main] DEBUG o.h.internal.util.EntityPrinter - edu.ncsu.csc.itrust2.models.persistent.LogEntry{secondaryUser=null, logCode=5, primaryUser=logapitest, id=227, time=java.util.GregorianCalendar[time=1521667258485,areFieldsSet=true,areAllFieldsSet=true,lenient=true,zone=sun.util.calendar.ZoneInfo[id="Etc/UTC",offset=0,dstSavings=0,useDaylight=false,transitions=0,lastRule=null],firstDayOfWeek=1,minimalDaysInFirstWeek=1,ERA=1,YEAR=2018,MONTH=2,WEEK_OF_YEAR=12,WEEK_OF_MONTH=4,DAY_OF_MONTH=21,DAY_OF_YEAR=80,DAY_OF_WEEK=4,DAY_OF_WEEK_IN_MONTH=3,AM_PM=1,HOUR=9,HOUR_OF_DAY=21,MINUTE=20,SECOND=58,MILLISECOND=485,ZONE_OFFSET=0,DST_OFFSET=0], message=null}
21:20:58.488 [main] DEBUG org.hibernate.SQL - insert into LogEntries (logCode, message, primaryUser, secondaryUser, time, id) values (?, ?, ?, ?, ?, ?)
Hibernate: insert into LogEntries (logCode, message, primaryUser, secondaryUser, time, id) values (?, ?, ?, ?, ?, ?)
21:20:58.489 [main] DEBUG o.h.e.j.internal.JdbcCoordinatorImpl - HHH000420: Closing un-released batch
21:20:58.490 [main] DEBUG o.h.e.t.internal.TransactionImpl - begin
21:20:58.491 [main] DEBUG org.hibernate.SQL - select next_val as id_val from hibernate_sequence for update
Hibernate: select next_val as id_val from hibernate_sequence for update
21:20:58.492 [main] DEBUG org.hibernate.SQL - update hibernate_sequence set next_val= ? where next_val=?
Hibernate: update hibernate_sequence set next_val= ? where next_val=?
21:20:58.493 [main] DEBUG o.h.e.i.AbstractSaveEventListener - Generated identifier: 228, using strategy: org.hibernate.id.enhanced.SequenceStyleGenerator
21:20:58.493 [main] DEBUG o.h.e.t.internal.TransactionImpl - committing
21:20:58.493 [main] DEBUG o.h.e.i.AbstractFlushingEventListener - Processing flush-time cascades
21:20:58.493 [main] DEBUG o.h.e.i.AbstractFlushingEventListener - Dirty checking collections
21:20:58.494 [main] DEBUG o.h.e.i.AbstractFlushingEventListener - Flushed: 1 insertions, 0 updates, 0 deletions to 1 objects
21:20:58.494 [main] DEBUG o.h.e.i.AbstractFlushingEventListener - Flushed: 0 (re)creations, 0 updates, 0 removals to 0 collections
21:20:58.494 [main] DEBUG o.h.internal.util.EntityPrinter - Listing entities:
21:20:58.494 [main] DEBUG o.h.internal.util.EntityPrinter - edu.ncsu.csc.itrust2.models.persistent.LogEntry{secondaryUser=null, logCode=5, primaryUser=logapitest, id=228, time=java.util.GregorianCalendar[time=1521667258490,areFieldsSet=true,areAllFieldsSet=true,lenient=true,zone=sun.util.calendar.ZoneInfo[id="Etc/UTC",offset=0,dstSavings=0,useDaylight=false,transitions=0,lastRule=null],firstDayOfWeek=1,minimalDaysInFirstWeek=1,ERA=1,YEAR=2018,MONTH=2,WEEK_OF_YEAR=12,WEEK_OF_MONTH=4,DAY_OF_MONTH=21,DAY_OF_YEAR=80,DAY_OF_WEEK=4,DAY_OF_WEEK_IN_MONTH=3,AM_PM=1,HOUR=9,HOUR_OF_DAY=21,MINUTE=20,SECOND=58,MILLISECOND=490,ZONE_OFFSET=0,DST_OFFSET=0], message=null}
21:20:58.496 [main] DEBUG org.hibernate.SQL - insert into LogEntries (logCode, message, primaryUser, secondaryUser, time, id) values (?, ?, ?, ?, ?, ?)
Hibernate: insert into LogEntries (logCode, message, primaryUser, secondaryUser, time, id) values (?, ?, ?, ?, ?, ?)
21:20:58.504 [main] DEBUG o.h.e.j.internal.JdbcCoordinatorImpl - HHH000420: Closing un-released batch
21:20:58.504 [main] DEBUG o.h.e.t.internal.TransactionImpl - begin
21:20:58.505 [main] DEBUG org.hibernate.SQL - select next_val as id_val from hibernate_sequence for update
Hibernate: select next_val as id_val from hibernate_sequence for update
21:20:58.505 [main] DEBUG org.hibernate.SQL - update hibernate_sequence set next_val= ? where next_val=?
Hibernate: update hibernate_sequence set next_val= ? where next_val=?
21:20:58.506 [main] DEBUG o.h.e.i.AbstractSaveEventListener - Generated identifier: 229, using strategy: org.hibernate.id.enhanced.SequenceStyleGenerator
21:20:58.507 [main] DEBUG o.h.e.t.internal.TransactionImpl - committing
21:20:58.507 [main] DEBUG o.h.e.i.AbstractFlushingEventListener - Processing flush-time cascades
21:20:58.507 [main] DEBUG o.h.e.i.AbstractFlushingEventListener - Dirty checking collections
21:20:58.507 [main] DEBUG o.h.e.i.AbstractFlushingEventListener - Flushed: 1 insertions, 0 updates, 0 deletions to 1 objects
21:20:58.507 [main] DEBUG o.h.e.i.AbstractFlushingEventListener - Flushed: 0 (re)creations, 0 updates, 0 removals to 0 collections
21:20:58.507 [main] DEBUG o.h.internal.util.EntityPrinter - Listing entities:
21:20:58.507 [main] DEBUG o.h.internal.util.EntityPrinter - edu.ncsu.csc.itrust2.models.persistent.LogEntry{secondaryUser=null, logCode=5, primaryUser=logapitest, id=229, time=java.util.GregorianCalendar[time=1521667258504,areFieldsSet=true,areAllFieldsSet=true,lenient=true,zone=sun.util.calendar.ZoneInfo[id="Etc/UTC",offset=0,dstSavings=0,useDaylight=false,transitions=0,lastRule=null],firstDayOfWeek=1,minimalDaysInFirstWeek=1,ERA=1,YEAR=2018,MONTH=2,WEEK_OF_YEAR=12,WEEK_OF_MONTH=4,DAY_OF_MONTH=21,DAY_OF_YEAR=80,DAY_OF_WEEK=4,DAY_OF_WEEK_IN_MONTH=3,AM_PM=1,HOUR=9,HOUR_OF_DAY=21,MINUTE=20,SECOND=58,MILLISECOND=504,ZONE_OFFSET=0,DST_OFFSET=0], message=null}
21:20:58.507 [main] DEBUG org.hibernate.SQL - insert into LogEntries (logCode, message, primaryUser, secondaryUser, time, id) values (?, ?, ?, ?, ?, ?)
Hibernate: insert into LogEntries (logCode, message, primaryUser, secondaryUser, time, id) values (?, ?, ?, ?, ?, ?)
21:20:58.513 [main] DEBUG o.h.e.j.internal.JdbcCoordinatorImpl - HHH000420: Closing un-released batch
21:20:58.514 [main] DEBUG o.h.e.t.internal.TransactionImpl - begin
21:20:58.517 [main] DEBUG org.hibernate.SQL - select next_val as id_val from hibernate_sequence for update
Hibernate: select next_val as id_val from hibernate_sequence for update
21:20:58.518 [main] DEBUG org.hibernate.SQL - update hibernate_sequence set next_val= ? where next_val=?
Hibernate: update hibernate_sequence set next_val= ? where next_val=?
21:20:58.519 [main] DEBUG o.h.e.i.AbstractSaveEventListener - Generated identifier: 230, using strategy: org.hibernate.id.enhanced.SequenceStyleGenerator
21:20:58.520 [main] DEBUG o.h.e.t.internal.TransactionImpl - committing
21:20:58.520 [main] DEBUG o.h.e.i.AbstractFlushingEventListener - Processing flush-time cascades
21:20:58.520 [main] DEBUG o.h.e.i.AbstractFlushingEventListener - Dirty checking collections
21:20:58.520 [main] DEBUG o.h.e.i.AbstractFlushingEventListener - Flushed: 1 insertions, 0 updates, 0 deletions to 1 objects
21:20:58.520 [main] DEBUG o.h.e.i.AbstractFlushingEventListener - Flushed: 0 (re)creations, 0 updates, 0 removals to 0 collections
21:20:58.520 [main] DEBUG o.h.internal.util.EntityPrinter - Listing entities:
21:20:58.520 [main] DEBUG o.h.internal.util.EntityPrinter - edu.ncsu.csc.itrust2.models.persistent.LogEntry{secondaryUser=null, logCode=5, primaryUser=logapitest, id=230, time=java.util.GregorianCalendar[time=1521667258514,areFieldsSet=true,areAllFieldsSet=true,lenient=true,zone=sun.util.calendar.ZoneInfo[id="Etc/UTC",offset=0,dstSavings=0,useDaylight=false,transitions=0,lastRule=null],firstDayOfWeek=1,minimalDaysInFirstWeek=1,ERA=1,YEAR=2018,MONTH=2,WEEK_OF_YEAR=12,WEEK_OF_MONTH=4,DAY_OF_MONTH=21,DAY_OF_YEAR=80,DAY_OF_WEEK=4,DAY_OF_WEEK_IN_MONTH=3,AM_PM=1,HOUR=9,HOUR_OF_DAY=21,MINUTE=20,SECOND=58,MILLISECOND=514,ZONE_OFFSET=0,DST_OFFSET=0], message=null}
21:20:58.521 [main] DEBUG org.hibernate.SQL - insert into LogEntries (logCode, message, primaryUser, secondaryUser, time, id) values (?, ?, ?, ?, ?, ?)
Hibernate: insert into LogEntries (logCode, message, primaryUser, secondaryUser, time, id) values (?, ?, ?, ?, ?, ?)
21:20:58.534 [main] DEBUG o.h.e.j.internal.JdbcCoordinatorImpl - HHH000420: Closing un-released batch
21:20:58.534 [main] DEBUG o.h.e.t.internal.TransactionImpl - begin
21:20:58.535 [main] DEBUG org.hibernate.SQL - select next_val as id_val from hibernate_sequence for update
Hibernate: select next_val as id_val from hibernate_sequence for update
21:20:58.536 [main] DEBUG org.hibernate.SQL - update hibernate_sequence set next_val= ? where next_val=?
Hibernate: update hibernate_sequence set next_val= ? where next_val=?
21:20:58.537 [main] DEBUG o.h.e.i.AbstractSaveEventListener - Generated identifier: 231, using strategy: org.hibernate.id.enhanced.SequenceStyleGenerator
21:20:58.537 [main] DEBUG o.h.e.t.internal.TransactionImpl - committing
21:20:58.537 [main] DEBUG o.h.e.i.AbstractFlushingEventListener - Processing flush-time cascades
21:20:58.537 [main] DEBUG o.h.e.i.AbstractFlushingEventListener - Dirty checking collections
21:20:58.537 [main] DEBUG o.h.e.i.AbstractFlushingEventListener - Flushed: 1 insertions, 0 updates, 0 deletions to 1 objects
21:20:58.537 [main] DEBUG o.h.e.i.AbstractFlushingEventListener - Flushed: 0 (re)creations, 0 updates, 0 removals to 0 collections
21:20:58.537 [main] DEBUG o.h.internal.util.EntityPrinter - Listing entities:
21:20:58.538 [main] DEBUG o.h.internal.util.EntityPrinter - edu.ncsu.csc.itrust2.models.persistent.LogEntry{secondaryUser=null, logCode=5, primaryUser=logapitest, id=231, time=java.util.GregorianCalendar[time=1521667258534,areFieldsSet=true,areAllFieldsSet=true,lenient=true,zone=sun.util.calendar.ZoneInfo[id="Etc/UTC",offset=0,dstSavings=0,useDaylight=false,transitions=0,lastRule=null],firstDayOfWeek=1,minimalDaysInFirstWeek=1,ERA=1,YEAR=2018,MONTH=2,WEEK_OF_YEAR=12,WEEK_OF_MONTH=4,DAY_OF_MONTH=21,DAY_OF_YEAR=80,DAY_OF_WEEK=4,DAY_OF_WEEK_IN_MONTH=3,AM_PM=1,HOUR=9,HOUR_OF_DAY=21,MINUTE=20,SECOND=58,MILLISECOND=534,ZONE_OFFSET=0,DST_OFFSET=0], message=null}
21:20:58.538 [main] DEBUG org.hibernate.SQL - insert into LogEntries (logCode, message, primaryUser, secondaryUser, time, id) values (?, ?, ?, ?, ?, ?)
Hibernate: insert into LogEntries (logCode, message, primaryUser, secondaryUser, time, id) values (?, ?, ?, ?, ?, ?)
21:20:58.540 [main] DEBUG o.h.e.j.internal.JdbcCoordinatorImpl - HHH000420: Closing un-released batch
21:20:58.540 [main] DEBUG o.h.e.t.internal.TransactionImpl - begin
21:20:58.541 [main] DEBUG org.hibernate.SQL - select next_val as id_val from hibernate_sequence for update
Hibernate: select next_val as id_val from hibernate_sequence for update
21:20:58.541 [main] DEBUG org.hibernate.SQL - update hibernate_sequence set next_val= ? where next_val=?
Hibernate: update hibernate_sequence set next_val= ? where next_val=?
21:20:58.543 [main] DEBUG o.h.e.i.AbstractSaveEventListener - Generated identifier: 232, using strategy: org.hibernate.id.enhanced.SequenceStyleGenerator
21:20:58.543 [main] DEBUG o.h.e.t.internal.TransactionImpl - committing
21:20:58.543 [main] DEBUG o.h.e.i.AbstractFlushingEventListener - Processing flush-time cascades
21:20:58.543 [main] DEBUG o.h.e.i.AbstractFlushingEventListener - Dirty checking collections
21:20:58.544 [main] DEBUG o.h.e.i.AbstractFlushingEventListener - Flushed: 1 insertions, 0 updates, 0 deletions to 1 objects
21:20:58.544 [main] DEBUG o.h.e.i.AbstractFlushingEventListener - Flushed: 0 (re)creations, 0 updates, 0 removals to 0 collections
21:20:58.544 [main] DEBUG o.h.internal.util.EntityPrinter - Listing entities:
21:20:58.544 [main] DEBUG o.h.internal.util.EntityPrinter - edu.ncsu.csc.itrust2.models.persistent.LogEntry{secondaryUser=null, logCode=5, primaryUser=logapitest, id=232, time=java.util.GregorianCalendar[time=1521667258540,areFieldsSet=true,areAllFieldsSet=true,lenient=true,zone=sun.util.calendar.ZoneInfo[id="Etc/UTC",offset=0,dstSavings=0,useDaylight=false,transitions=0,lastRule=null],firstDayOfWeek=1,minimalDaysInFirstWeek=1,ERA=1,YEAR=2018,MONTH=2,WEEK_OF_YEAR=12,WEEK_OF_MONTH=4,DAY_OF_MONTH=21,DAY_OF_YEAR=80,DAY_OF_WEEK=4,DAY_OF_WEEK_IN_MONTH=3,AM_PM=1,HOUR=9,HOUR_OF_DAY=21,MINUTE=20,SECOND=58,MILLISECOND=540,ZONE_OFFSET=0,DST_OFFSET=0], message=null}
21:20:58.544 [main] DEBUG org.hibernate.SQL - insert into LogEntries (logCode, message, primaryUser, secondaryUser, time, id) values (?, ?, ?, ?, ?, ?)
Hibernate: insert into LogEntries (logCode, message, primaryUser, secondaryUser, time, id) values (?, ?, ?, ?, ?, ?)
21:20:58.553 [main] DEBUG o.h.e.j.internal.JdbcCoordinatorImpl - HHH000420: Closing un-released batch
21:20:58.553 [main] DEBUG o.h.e.t.internal.TransactionImpl - begin
21:20:58.554 [main] DEBUG org.hibernate.SQL - select next_val as id_val from hibernate_sequence for update
Hibernate: select next_val as id_val from hibernate_sequence for update
21:20:58.554 [main] DEBUG org.hibernate.SQL - update hibernate_sequence set next_val= ? where next_val=?
Hibernate: update hibernate_sequence set next_val= ? where next_val=?
21:20:58.555 [main] DEBUG o.h.e.i.AbstractSaveEventListener - Generated identifier: 233, using strategy: org.hibernate.id.enhanced.SequenceStyleGenerator
21:20:58.556 [main] DEBUG o.h.e.t.internal.TransactionImpl - committing
21:20:58.556 [main] DEBUG o.h.e.i.AbstractFlushingEventListener - Processing flush-time cascades
21:20:58.556 [main] DEBUG o.h.e.i.AbstractFlushingEventListener - Dirty checking collections
21:20:58.556 [main] DEBUG o.h.e.i.AbstractFlushingEventListener - Flushed: 1 insertions, 0 updates, 0 deletions to 1 objects
21:20:58.556 [main] DEBUG o.h.e.i.AbstractFlushingEventListener - Flushed: 0 (re)creations, 0 updates, 0 removals to 0 collections
21:20:58.556 [main] DEBUG o.h.internal.util.EntityPrinter - Listing entities:
21:20:58.556 [main] DEBUG o.h.internal.util.EntityPrinter - edu.ncsu.csc.itrust2.models.persistent.LogEntry{secondaryUser=null, logCode=5, primaryUser=logapitest, id=233, time=java.util.GregorianCalendar[time=1521667258553,areFieldsSet=true,areAllFieldsSet=true,lenient=true,zone=sun.util.calendar.ZoneInfo[id="Etc/UTC",offset=0,dstSavings=0,useDaylight=false,transitions=0,lastRule=null],firstDayOfWeek=1,minimalDaysInFirstWeek=1,ERA=1,YEAR=2018,MONTH=2,WEEK_OF_YEAR=12,WEEK_OF_MONTH=4,DAY_OF_MONTH=21,DAY_OF_YEAR=80,DAY_OF_WEEK=4,DAY_OF_WEEK_IN_MONTH=3,AM_PM=1,HOUR=9,HOUR_OF_DAY=21,MINUTE=20,SECOND=58,MILLISECOND=553,ZONE_OFFSET=0,DST_OFFSET=0], message=null}
21:20:58.556 [main] DEBUG org.hibernate.SQL - insert into LogEntries (logCode, message, primaryUser, secondaryUser, time, id) values (?, ?, ?, ?, ?, ?)
Hibernate: insert into LogEntries (logCode, message, primaryUser, secondaryUser, time, id) values (?, ?, ?, ?, ?, ?)
21:20:58.558 [main] DEBUG o.h.e.j.internal.JdbcCoordinatorImpl - HHH000420: Closing un-released batch
21:20:58.558 [main] DEBUG o.h.e.t.internal.TransactionImpl - begin
21:20:58.559 [main] DEBUG org.hibernate.SQL - select next_val as id_val from hibernate_sequence for update
Hibernate: select next_val as id_val from hibernate_sequence for update
21:20:58.559 [main] DEBUG org.hibernate.SQL - update hibernate_sequence set next_val= ? where next_val=?
Hibernate: update hibernate_sequence set next_val= ? where next_val=?
21:20:58.560 [main] DEBUG o.h.e.i.AbstractSaveEventListener - Generated identifier: 234, using strategy: org.hibernate.id.enhanced.SequenceStyleGenerator
21:20:58.561 [main] DEBUG o.h.e.t.internal.TransactionImpl - committing
21:20:58.561 [main] DEBUG o.h.e.i.AbstractFlushingEventListener - Processing flush-time cascades
21:20:58.561 [main] DEBUG o.h.e.i.AbstractFlushingEventListener - Dirty checking collections
21:20:58.561 [main] DEBUG o.h.e.i.AbstractFlushingEventListener - Flushed: 1 insertions, 0 updates, 0 deletions to 1 objects
21:20:58.561 [main] DEBUG o.h.e.i.AbstractFlushingEventListener - Flushed: 0 (re)creations, 0 updates, 0 removals to 0 collections
21:20:58.561 [main] DEBUG o.h.internal.util.EntityPrinter - Listing entities:
21:20:58.561 [main] DEBUG o.h.internal.util.EntityPrinter - edu.ncsu.csc.itrust2.models.persistent.LogEntry{secondaryUser=null, logCode=5, primaryUser=logapitest, id=234, time=java.util.GregorianCalendar[time=1521667258558,areFieldsSet=true,areAllFieldsSet=true,lenient=true,zone=sun.util.calendar.ZoneInfo[id="Etc/UTC",offset=0,dstSavings=0,useDaylight=false,transitions=0,lastRule=null],firstDayOfWeek=1,minimalDaysInFirstWeek=1,ERA=1,YEAR=2018,MONTH=2,WEEK_OF_YEAR=12,WEEK_OF_MONTH=4,DAY_OF_MONTH=21,DAY_OF_YEAR=80,DAY_OF_WEEK=4,DAY_OF_WEEK_IN_MONTH=3,AM_PM=1,HOUR=9,HOUR_OF_DAY=21,MINUTE=20,SECOND=58,MILLISECOND=558,ZONE_OFFSET=0,DST_OFFSET=0], message=null}
21:20:58.561 [main] DEBUG org.hibernate.SQL - insert into LogEntries (logCode, message, primaryUser, secondaryUser, time, id) values (?, ?, ?, ?, ?, ?)
Hibernate: insert into LogEntries (logCode, message, primaryUser, secondaryUser, time, id) values (?, ?, ?, ?, ?, ?)
21:20:58.568 [main] DEBUG o.h.e.j.internal.JdbcCoordinatorImpl - HHH000420: Closing un-released batch
21:20:58.569 [main] DEBUG o.h.e.t.internal.TransactionImpl - begin
21:20:58.569 [main] DEBUG org.hibernate.SQL - select next_val as id_val from hibernate_sequence for update
Hibernate: select next_val as id_val from hibernate_sequence for update
21:20:58.569 [main] DEBUG org.hibernate.SQL - update hibernate_sequence set next_val= ? where next_val=?
Hibernate: update hibernate_sequence set next_val= ? where next_val=?
21:20:58.571 [main] DEBUG o.h.e.i.AbstractSaveEventListener - Generated identifier: 235, using strategy: org.hibernate.id.enhanced.SequenceStyleGenerator
21:20:58.571 [main] DEBUG o.h.e.t.internal.TransactionImpl - committing
21:20:58.571 [main] DEBUG o.h.e.i.AbstractFlushingEventListener - Processing flush-time cascades
21:20:58.571 [main] DEBUG o.h.e.i.AbstractFlushingEventListener - Dirty checking collections
21:20:58.571 [main] DEBUG o.h.e.i.AbstractFlushingEventListener - Flushed: 1 insertions, 0 updates, 0 deletions to 1 objects
21:20:58.571 [main] DEBUG o.h.e.i.AbstractFlushingEventListener - Flushed: 0 (re)creations, 0 updates, 0 removals to 0 collections
21:20:58.571 [main] DEBUG o.h.internal.util.EntityPrinter - Listing entities:
21:20:58.571 [main] DEBUG o.h.internal.util.EntityPrinter - edu.ncsu.csc.itrust2.models.persistent.LogEntry{secondaryUser=null, logCode=5, primaryUser=logapitest, id=235, time=java.util.GregorianCalendar[time=1521667258568,areFieldsSet=true,areAllFieldsSet=true,lenient=true,zone=sun.util.calendar.ZoneInfo[id="Etc/UTC",offset=0,dstSavings=0,useDaylight=false,transitions=0,lastRule=null],firstDayOfWeek=1,minimalDaysInFirstWeek=1,ERA=1,YEAR=2018,MONTH=2,WEEK_OF_YEAR=12,WEEK_OF_MONTH=4,DAY_OF_MONTH=21,DAY_OF_YEAR=80,DAY_OF_WEEK=4,DAY_OF_WEEK_IN_MONTH=3,AM_PM=1,HOUR=9,HOUR_OF_DAY=21,MINUTE=20,SECOND=58,MILLISECOND=568,ZONE_OFFSET=0,DST_OFFSET=0], message=null}
21:20:58.572 [main] DEBUG org.hibernate.SQL - insert into LogEntries (logCode, message, primaryUser, secondaryUser, time, id) values (?, ?, ?, ?, ?, ?)
Hibernate: insert into LogEntries (logCode, message, primaryUser, secondaryUser, time, id) values (?, ?, ?, ?, ?, ?)
21:20:58.573 [main] DEBUG o.h.e.j.internal.JdbcCoordinatorImpl - HHH000420: Closing un-released batch
21:20:58.574 [main] DEBUG o.h.e.t.internal.TransactionImpl - begin
21:20:58.575 [main] DEBUG org.hibernate.SQL - select next_val as id_val from hibernate_sequence for update
Hibernate: select next_val as id_val from hibernate_sequence for update
21:20:58.575 [main] DEBUG org.hibernate.SQL - update hibernate_sequence set next_val= ? where next_val=?
Hibernate: update hibernate_sequence set next_val= ? where next_val=?
21:20:58.576 [main] DEBUG o.h.e.i.AbstractSaveEventListener - Generated identifier: 236, using strategy: org.hibernate.id.enhanced.SequenceStyleGenerator
21:20:58.577 [main] DEBUG o.h.e.t.internal.TransactionImpl - committing
21:20:58.577 [main] DEBUG o.h.e.i.AbstractFlushingEventListener - Processing flush-time cascades
21:20:58.577 [main] DEBUG o.h.e.i.AbstractFlushingEventListener - Dirty checking collections
21:20:58.577 [main] DEBUG o.h.e.i.AbstractFlushingEventListener - Flushed: 1 insertions, 0 updates, 0 deletions to 1 objects
21:20:58.577 [main] DEBUG o.h.e.i.AbstractFlushingEventListener - Flushed: 0 (re)creations, 0 updates, 0 removals to 0 collections
21:20:58.577 [main] DEBUG o.h.internal.util.EntityPrinter - Listing entities:
21:20:58.577 [main] DEBUG o.h.internal.util.EntityPrinter - edu.ncsu.csc.itrust2.models.persistent.LogEntry{secondaryUser=null, logCode=5, primaryUser=logapitest, id=236, time=java.util.GregorianCalendar[time=1521667258574,areFieldsSet=true,areAllFieldsSet=true,lenient=true,zone=sun.util.calendar.ZoneInfo[id="Etc/UTC",offset=0,dstSavings=0,useDaylight=false,transitions=0,lastRule=null],firstDayOfWeek=1,minimalDaysInFirstWeek=1,ERA=1,YEAR=2018,MONTH=2,WEEK_OF_YEAR=12,WEEK_OF_MONTH=4,DAY_OF_MONTH=21,DAY_OF_YEAR=80,DAY_OF_WEEK=4,DAY_OF_WEEK_IN_MONTH=3,AM_PM=1,HOUR=9,HOUR_OF_DAY=21,MINUTE=20,SECOND=58,MILLISECOND=574,ZONE_OFFSET=0,DST_OFFSET=0], message=null}
21:20:58.578 [main] DEBUG org.hibernate.SQL - insert into LogEntries (logCode, message, primaryUser, secondaryUser, time, id) values (?, ?, ?, ?, ?, ?)
Hibernate: insert into LogEntries (logCode, message, primaryUser, secondaryUser, time, id) values (?, ?, ?, ?, ?, ?)
21:20:58.586 [main] DEBUG o.h.e.j.internal.JdbcCoordinatorImpl - HHH000420: Closing un-released batch
21:20:58.586 [main] DEBUG o.h.e.t.internal.TransactionImpl - begin
21:20:58.587 [main] DEBUG org.hibernate.SQL - select next_val as id_val from hibernate_sequence for update
Hibernate: select next_val as id_val from hibernate_sequence for update
21:20:58.588 [main] DEBUG org.hibernate.SQL - update hibernate_sequence set next_val= ? where next_val=?
Hibernate: update hibernate_sequence set next_val= ? where next_val=?
21:20:58.589 [main] DEBUG o.h.e.i.AbstractSaveEventListener - Generated identifier: 237, using strategy: org.hibernate.id.enhanced.SequenceStyleGenerator
21:20:58.589 [main] DEBUG o.h.e.t.internal.TransactionImpl - committing
21:20:58.589 [main] DEBUG o.h.e.i.AbstractFlushingEventListener - Processing flush-time cascades
21:20:58.589 [main] DEBUG o.h.e.i.AbstractFlushingEventListener - Dirty checking collections
21:20:58.590 [main] DEBUG o.h.e.i.AbstractFlushingEventListener - Flushed: 1 insertions, 0 updates, 0 deletions to 1 objects
21:20:58.590 [main] DEBUG o.h.e.i.AbstractFlushingEventListener - Flushed: 0 (re)creations, 0 updates, 0 removals to 0 collections
21:20:58.590 [main] DEBUG o.h.internal.util.EntityPrinter - Listing entities:
21:20:58.590 [main] DEBUG o.h.internal.util.EntityPrinter - edu.ncsu.csc.itrust2.models.persistent.LogEntry{secondaryUser=null, logCode=5, primaryUser=logapitest, id=237, time=java.util.GregorianCalendar[time=1521667258586,areFieldsSet=true,areAllFieldsSet=true,lenient=true,zone=sun.util.calendar.ZoneInfo[id="Etc/UTC",offset=0,dstSavings=0,useDaylight=false,transitions=0,lastRule=null],firstDayOfWeek=1,minimalDaysInFirstWeek=1,ERA=1,YEAR=2018,MONTH=2,WEEK_OF_YEAR=12,WEEK_OF_MONTH=4,DAY_OF_MONTH=21,DAY_OF_YEAR=80,DAY_OF_WEEK=4,DAY_OF_WEEK_IN_MONTH=3,AM_PM=1,HOUR=9,HOUR_OF_DAY=21,MINUTE=20,SECOND=58,MILLISECOND=586,ZONE_OFFSET=0,DST_OFFSET=0], message=null}
21:20:58.590 [main] DEBUG org.hibernate.SQL - insert into LogEntries (logCode, message, primaryUser, secondaryUser, time, id) values (?, ?, ?, ?, ?, ?)
Hibernate: insert into LogEntries (logCode, message, primaryUser, secondaryUser, time, id) values (?, ?, ?, ?, ?, ?)
21:20:58.592 [main] DEBUG o.h.e.j.internal.JdbcCoordinatorImpl - HHH000420: Closing un-released batch
21:20:58.593 [main] DEBUG o.h.e.t.internal.TransactionImpl - begin
21:20:58.593 [main] DEBUG org.hibernate.SQL - select next_val as id_val from hibernate_sequence for update
Hibernate: select next_val as id_val from hibernate_sequence for update
21:20:58.594 [main] DEBUG org.hibernate.SQL - update hibernate_sequence set next_val= ? where next_val=?
Hibernate: update hibernate_sequence set next_val= ? where next_val=?
21:20:58.595 [main] DEBUG o.h.e.i.AbstractSaveEventListener - Generated identifier: 238, using strategy: org.hibernate.id.enhanced.SequenceStyleGenerator
21:20:58.595 [main] DEBUG o.h.e.t.internal.TransactionImpl - committing
21:20:58.595 [main] DEBUG o.h.e.i.AbstractFlushingEventListener - Processing flush-time cascades
21:20:58.595 [main] DEBUG o.h.e.i.AbstractFlushingEventListener - Dirty checking collections
21:20:58.596 [main] DEBUG o.h.e.i.AbstractFlushingEventListener - Flushed: 1 insertions, 0 updates, 0 deletions to 1 objects
21:20:58.596 [main] DEBUG o.h.e.i.AbstractFlushingEventListener - Flushed: 0 (re)creations, 0 updates, 0 removals to 0 collections
21:20:58.596 [main] DEBUG o.h.internal.util.EntityPrinter - Listing entities:
21:20:58.596 [main] DEBUG o.h.internal.util.EntityPrinter - edu.ncsu.csc.itrust2.models.persistent.LogEntry{secondaryUser=null, logCode=5, primaryUser=logapitest, id=238, time=java.util.GregorianCalendar[time=1521667258592,areFieldsSet=true,areAllFieldsSet=true,lenient=true,zone=sun.util.calendar.ZoneInfo[id="Etc/UTC",offset=0,dstSavings=0,useDaylight=false,transitions=0,lastRule=null],firstDayOfWeek=1,minimalDaysInFirstWeek=1,ERA=1,YEAR=2018,MONTH=2,WEEK_OF_YEAR=12,WEEK_OF_MONTH=4,DAY_OF_MONTH=21,DAY_OF_YEAR=80,DAY_OF_WEEK=4,DAY_OF_WEEK_IN_MONTH=3,AM_PM=1,HOUR=9,HOUR_OF_DAY=21,MINUTE=20,SECOND=58,MILLISECOND=592,ZONE_OFFSET=0,DST_OFFSET=0], message=null}
21:20:58.596 [main] DEBUG org.hibernate.SQL - insert into LogEntries (logCode, message, primaryUser, secondaryUser, time, id) values (?, ?, ?, ?, ?, ?)
Hibernate: insert into LogEntries (logCode, message, primaryUser, secondaryUser, time, id) values (?, ?, ?, ?, ?, ?)
21:20:58.603 [main] DEBUG o.h.e.j.internal.JdbcCoordinatorImpl - HHH000420: Closing un-released batch
21:20:58.603 [main] DEBUG o.h.e.t.internal.TransactionImpl - begin
21:20:58.604 [main] DEBUG org.hibernate.SQL - select next_val as id_val from hibernate_sequence for update
Hibernate: select next_val as id_val from hibernate_sequence for update
21:20:58.605 [main] DEBUG org.hibernate.SQL - update hibernate_sequence set next_val= ? where next_val=?
Hibernate: update hibernate_sequence set next_val= ? where next_val=?
21:20:58.605 [main] DEBUG o.h.e.i.AbstractSaveEventListener - Generated identifier: 239, using strategy: org.hibernate.id.enhanced.SequenceStyleGenerator
21:20:58.606 [main] DEBUG o.h.e.t.internal.TransactionImpl - committing
21:20:58.606 [main] DEBUG o.h.e.i.AbstractFlushingEventListener - Processing flush-time cascades
21:20:58.606 [main] DEBUG o.h.e.i.AbstractFlushingEventListener - Dirty checking collections
21:20:58.606 [main] DEBUG o.h.e.i.AbstractFlushingEventListener - Flushed: 1 insertions, 0 updates, 0 deletions to 1 objects
21:20:58.606 [main] DEBUG o.h.e.i.AbstractFlushingEventListener - Flushed: 0 (re)creations, 0 updates, 0 removals to 0 collections
21:20:58.606 [main] DEBUG o.h.internal.util.EntityPrinter - Listing entities:
21:20:58.606 [main] DEBUG o.h.internal.util.EntityPrinter - edu.ncsu.csc.itrust2.models.persistent.LogEntry{secondaryUser=null, logCode=5, primaryUser=logapitest, id=239, time=java.util.GregorianCalendar[time=1521667258603,areFieldsSet=true,areAllFieldsSet=true,lenient=true,zone=sun.util.calendar.ZoneInfo[id="Etc/UTC",offset=0,dstSavings=0,useDaylight=false,transitions=0,lastRule=null],firstDayOfWeek=1,minimalDaysInFirstWeek=1,ERA=1,YEAR=2018,MONTH=2,WEEK_OF_YEAR=12,WEEK_OF_MONTH=4,DAY_OF_MONTH=21,DAY_OF_YEAR=80,DAY_OF_WEEK=4,DAY_OF_WEEK_IN_MONTH=3,AM_PM=1,HOUR=9,HOUR_OF_DAY=21,MINUTE=20,SECOND=58,MILLISECOND=603,ZONE_OFFSET=0,DST_OFFSET=0], message=null}
21:20:58.607 [main] DEBUG org.hibernate.SQL - insert into LogEntries (logCode, message, primaryUser, secondaryUser, time, id) values (?, ?, ?, ?, ?, ?)
Hibernate: insert into LogEntries (logCode, message, primaryUser, secondaryUser, time, id) values (?, ?, ?, ?, ?, ?)
21:20:58.608 [main] DEBUG o.h.e.j.internal.JdbcCoordinatorImpl - HHH000420: Closing un-released batch
21:20:58.608 [main] DEBUG o.h.e.t.internal.TransactionImpl - begin
21:20:58.609 [main] DEBUG org.hibernate.SQL - select next_val as id_val from hibernate_sequence for update
Hibernate: select next_val as id_val from hibernate_sequence for update
21:20:58.610 [main] DEBUG org.hibernate.SQL - update hibernate_sequence set next_val= ? where next_val=?
Hibernate: update hibernate_sequence set next_val= ? where next_val=?
21:20:58.612 [main] DEBUG o.h.e.i.AbstractSaveEventListener - Generated identifier: 240, using strategy: org.hibernate.id.enhanced.SequenceStyleGenerator
21:20:58.612 [main] DEBUG o.h.e.t.internal.TransactionImpl - committing
21:20:58.612 [main] DEBUG o.h.e.i.AbstractFlushingEventListener - Processing flush-time cascades
21:20:58.612 [main] DEBUG o.h.e.i.AbstractFlushingEventListener - Dirty checking collections
21:20:58.613 [main] DEBUG o.h.e.i.AbstractFlushingEventListener - Flushed: 1 insertions, 0 updates, 0 deletions to 1 objects
21:20:58.614 [main] DEBUG o.h.e.i.AbstractFlushingEventListener - Flushed: 0 (re)creations, 0 updates, 0 removals to 0 collections
21:20:58.614 [main] DEBUG o.h.internal.util.EntityPrinter - Listing entities:
21:20:58.614 [main] DEBUG o.h.internal.util.EntityPrinter - edu.ncsu.csc.itrust2.models.persistent.LogEntry{secondaryUser=null, logCode=5, primaryUser=logapitest, id=240, time=java.util.GregorianCalendar[time=1521667258608,areFieldsSet=true,areAllFieldsSet=true,lenient=true,zone=sun.util.calendar.ZoneInfo[id="Etc/UTC",offset=0,dstSavings=0,useDaylight=false,transitions=0,lastRule=null],firstDayOfWeek=1,minimalDaysInFirstWeek=1,ERA=1,YEAR=2018,MONTH=2,WEEK_OF_YEAR=12,WEEK_OF_MONTH=4,DAY_OF_MONTH=21,DAY_OF_YEAR=80,DAY_OF_WEEK=4,DAY_OF_WEEK_IN_MONTH=3,AM_PM=1,HOUR=9,HOUR_OF_DAY=21,MINUTE=20,SECOND=58,MILLISECOND=608,ZONE_OFFSET=0,DST_OFFSET=0], message=null}
21:20:58.614 [main] DEBUG org.hibernate.SQL - insert into LogEntries (logCode, message, primaryUser, secondaryUser, time, id) values (?, ?, ?, ?, ?, ?)
Hibernate: insert into LogEntries (logCode, message, primaryUser, secondaryUser, time, id) values (?, ?, ?, ?, ?, ?)
21:20:58.621 [main] DEBUG o.h.e.j.internal.JdbcCoordinatorImpl - HHH000420: Closing un-released batch
21:20:58.621 [main] DEBUG o.h.e.t.internal.TransactionImpl - begin
21:20:58.622 [main] DEBUG org.hibernate.SQL - select next_val as id_val from hibernate_sequence for update
Hibernate: select next_val as id_val from hibernate_sequence for update
21:20:58.622 [main] DEBUG org.hibernate.SQL - update hibernate_sequence set next_val= ? where next_val=?
Hibernate: update hibernate_sequence set next_val= ? where next_val=?
21:20:58.623 [main] DEBUG o.h.e.i.AbstractSaveEventListener - Generated identifier: 241, using strategy: org.hibernate.id.enhanced.SequenceStyleGenerator
21:20:58.624 [main] DEBUG o.h.e.t.internal.TransactionImpl - committing
21:20:58.624 [main] DEBUG o.h.e.i.AbstractFlushingEventListener - Processing flush-time cascades
21:20:58.624 [main] DEBUG o.h.e.i.AbstractFlushingEventListener - Dirty checking collections
21:20:58.625 [main] DEBUG o.h.e.i.AbstractFlushingEventListener - Flushed: 1 insertions, 0 updates, 0 deletions to 1 objects
21:20:58.626 [main] DEBUG o.h.e.i.AbstractFlushingEventListener - Flushed: 0 (re)creations, 0 updates, 0 removals to 0 collections
21:20:58.626 [main] DEBUG o.h.internal.util.EntityPrinter - Listing entities:
21:20:58.626 [main] DEBUG o.h.internal.util.EntityPrinter - edu.ncsu.csc.itrust2.models.persistent.LogEntry{secondaryUser=null, logCode=5, primaryUser=logapitest, id=241, time=java.util.GregorianCalendar[time=1521667258621,areFieldsSet=true,areAllFieldsSet=true,lenient=true,zone=sun.util.calendar.ZoneInfo[id="Etc/UTC",offset=0,dstSavings=0,useDaylight=false,transitions=0,lastRule=null],firstDayOfWeek=1,minimalDaysInFirstWeek=1,ERA=1,YEAR=2018,MONTH=2,WEEK_OF_YEAR=12,WEEK_OF_MONTH=4,DAY_OF_MONTH=21,DAY_OF_YEAR=80,DAY_OF_WEEK=4,DAY_OF_WEEK_IN_MONTH=3,AM_PM=1,HOUR=9,HOUR_OF_DAY=21,MINUTE=20,SECOND=58,MILLISECOND=621,ZONE_OFFSET=0,DST_OFFSET=0], message=null}
21:20:58.626 [main] DEBUG org.hibernate.SQL - insert into LogEntries (logCode, message, primaryUser, secondaryUser, time, id) values (?, ?, ?, ?, ?, ?)
Hibernate: insert into LogEntries (logCode, message, primaryUser, secondaryUser, time, id) values (?, ?, ?, ?, ?, ?)
21:20:58.628 [main] DEBUG o.h.e.j.internal.JdbcCoordinatorImpl - HHH000420: Closing un-released batch
21:20:58.628 [main] DEBUG o.h.e.t.internal.TransactionImpl - begin
21:20:58.634 [main] DEBUG org.hibernate.SQL - select next_val as id_val from hibernate_sequence for update
Hibernate: select next_val as id_val from hibernate_sequence for update
21:20:58.634 [main] DEBUG org.hibernate.SQL - update hibernate_sequence set next_val= ? where next_val=?
Hibernate: update hibernate_sequence set next_val= ? where next_val=?
21:20:58.636 [main] DEBUG o.h.e.i.AbstractSaveEventListener - Generated identifier: 242, using strategy: org.hibernate.id.enhanced.SequenceStyleGenerator
21:20:58.636 [main] DEBUG o.h.e.t.internal.TransactionImpl - committing
21:20:58.636 [main] DEBUG o.h.e.i.AbstractFlushingEventListener - Processing flush-time cascades
21:20:58.636 [main] DEBUG o.h.e.i.AbstractFlushingEventListener - Dirty checking collections
21:20:58.636 [main] DEBUG o.h.e.i.AbstractFlushingEventListener - Flushed: 1 insertions, 0 updates, 0 deletions to 1 objects
21:20:58.636 [main] DEBUG o.h.e.i.AbstractFlushingEventListener - Flushed: 0 (re)creations, 0 updates, 0 removals to 0 collections
21:20:58.636 [main] DEBUG o.h.internal.util.EntityPrinter - Listing entities:
21:20:58.636 [main] DEBUG o.h.internal.util.EntityPrinter - edu.ncsu.csc.itrust2.models.persistent.LogEntry{secondaryUser=null, logCode=5, primaryUser=logapitest, id=242, time=java.util.GregorianCalendar[time=1521667258628,areFieldsSet=true,areAllFieldsSet=true,lenient=true,zone=sun.util.calendar.ZoneInfo[id="Etc/UTC",offset=0,dstSavings=0,useDaylight=false,transitions=0,lastRule=null],firstDayOfWeek=1,minimalDaysInFirstWeek=1,ERA=1,YEAR=2018,MONTH=2,WEEK_OF_YEAR=12,WEEK_OF_MONTH=4,DAY_OF_MONTH=21,DAY_OF_YEAR=80,DAY_OF_WEEK=4,DAY_OF_WEEK_IN_MONTH=3,AM_PM=1,HOUR=9,HOUR_OF_DAY=21,MINUTE=20,SECOND=58,MILLISECOND=628,ZONE_OFFSET=0,DST_OFFSET=0], message=null}
21:20:58.637 [main] DEBUG org.hibernate.SQL - insert into LogEntries (logCode, message, primaryUser, secondaryUser, time, id) values (?, ?, ?, ?, ?, ?)
Hibernate: insert into LogEntries (logCode, message, primaryUser, secondaryUser, time, id) values (?, ?, ?, ?, ?, ?)
21:20:58.638 [main] DEBUG o.h.e.j.internal.JdbcCoordinatorImpl - HHH000420: Closing un-released batch
21:20:58.639 [main] DEBUG o.h.e.t.internal.TransactionImpl - begin
21:20:58.639 [main] DEBUG org.hibernate.SQL - select next_val as id_val from hibernate_sequence for update
Hibernate: select next_val as id_val from hibernate_sequence for update
21:20:58.640 [main] DEBUG org.hibernate.SQL - update hibernate_sequence set next_val= ? where next_val=?
Hibernate: update hibernate_sequence set next_val= ? where next_val=?
21:20:58.641 [main] DEBUG o.h.e.i.AbstractSaveEventListener - Generated identifier: 243, using strategy: org.hibernate.id.enhanced.SequenceStyleGenerator
21:20:58.641 [main] DEBUG o.h.e.t.internal.TransactionImpl - committing
21:20:58.641 [main] DEBUG o.h.e.i.AbstractFlushingEventListener - Processing flush-time cascades
21:20:58.641 [main] DEBUG o.h.e.i.AbstractFlushingEventListener - Dirty checking collections
21:20:58.642 [main] DEBUG o.h.e.i.AbstractFlushingEventListener - Flushed: 1 insertions, 0 updates, 0 deletions to 1 objects
21:20:58.642 [main] DEBUG o.h.e.i.AbstractFlushingEventListener - Flushed: 0 (re)creations, 0 updates, 0 removals to 0 collections
21:20:58.642 [main] DEBUG o.h.internal.util.EntityPrinter - Listing entities:
21:20:58.642 [main] DEBUG o.h.internal.util.EntityPrinter - edu.ncsu.csc.itrust2.models.persistent.LogEntry{secondaryUser=null, logCode=5, primaryUser=logapitest, id=243, time=java.util.GregorianCalendar[time=1521667258639,areFieldsSet=true,areAllFieldsSet=true,lenient=true,zone=sun.util.calendar.ZoneInfo[id="Etc/UTC",offset=0,dstSavings=0,useDaylight=false,transitions=0,lastRule=null],firstDayOfWeek=1,minimalDaysInFirstWeek=1,ERA=1,YEAR=2018,MONTH=2,WEEK_OF_YEAR=12,WEEK_OF_MONTH=4,DAY_OF_MONTH=21,DAY_OF_YEAR=80,DAY_OF_WEEK=4,DAY_OF_WEEK_IN_MONTH=3,AM_PM=1,HOUR=9,HOUR_OF_DAY=21,MINUTE=20,SECOND=58,MILLISECOND=639,ZONE_OFFSET=0,DST_OFFSET=0], message=null}
21:20:58.642 [main] DEBUG org.hibernate.SQL - insert into LogEntries (logCode, message, primaryUser, secondaryUser, time, id) values (?, ?, ?, ?, ?, ?)
Hibernate: insert into LogEntries (logCode, message, primaryUser, secondaryUser, time, id) values (?, ?, ?, ?, ?, ?)
21:20:58.644 [main] DEBUG o.h.e.j.internal.JdbcCoordinatorImpl - HHH000420: Closing un-released batch
21:20:58.645 [main] DEBUG o.h.e.t.internal.TransactionImpl - begin
21:20:58.647 [main] DEBUG org.hibernate.SQL - select next_val as id_val from hibernate_sequence for update
Hibernate: select next_val as id_val from hibernate_sequence for update
21:20:58.647 [main] DEBUG org.hibernate.SQL - update hibernate_sequence set next_val= ? where next_val=?
Hibernate: update hibernate_sequence set next_val= ? where next_val=?
21:20:58.648 [main] DEBUG o.h.e.i.AbstractSaveEventListener - Generated identifier: 244, using strategy: org.hibernate.id.enhanced.SequenceStyleGenerator
21:20:58.649 [main] DEBUG o.h.e.t.internal.TransactionImpl - committing
21:20:58.649 [main] DEBUG o.h.e.i.AbstractFlushingEventListener - Processing flush-time cascades
21:20:58.649 [main] DEBUG o.h.e.i.AbstractFlushingEventListener - Dirty checking collections
21:20:58.649 [main] DEBUG o.h.e.i.AbstractFlushingEventListener - Flushed: 1 insertions, 0 updates, 0 deletions to 1 objects
21:20:58.649 [main] DEBUG o.h.e.i.AbstractFlushingEventListener - Flushed: 0 (re)creations, 0 updates, 0 removals to 0 collections
21:20:58.649 [main] DEBUG o.h.internal.util.EntityPrinter - Listing entities:
21:20:58.649 [main] DEBUG o.h.internal.util.EntityPrinter - edu.ncsu.csc.itrust2.models.persistent.LogEntry{secondaryUser=null, logCode=5, primaryUser=logapitest, id=244, time=java.util.GregorianCalendar[time=1521667258645,areFieldsSet=true,areAllFieldsSet=true,lenient=true,zone=sun.util.calendar.ZoneInfo[id="Etc/UTC",offset=0,dstSavings=0,useDaylight=false,transitions=0,lastRule=null],firstDayOfWeek=1,minimalDaysInFirstWeek=1,ERA=1,YEAR=2018,MONTH=2,WEEK_OF_YEAR=12,WEEK_OF_MONTH=4,DAY_OF_MONTH=21,DAY_OF_YEAR=80,DAY_OF_WEEK=4,DAY_OF_WEEK_IN_MONTH=3,AM_PM=1,HOUR=9,HOUR_OF_DAY=21,MINUTE=20,SECOND=58,MILLISECOND=645,ZONE_OFFSET=0,DST_OFFSET=0], message=null}
21:20:58.649 [main] DEBUG org.hibernate.SQL - insert into LogEntries (logCode, message, primaryUser, secondaryUser, time, id) values (?, ?, ?, ?, ?, ?)
Hibernate: insert into LogEntries (logCode, message, primaryUser, secondaryUser, time, id) values (?, ?, ?, ?, ?, ?)
21:20:58.653 [main] DEBUG o.h.e.j.internal.JdbcCoordinatorImpl - HHH000420: Closing un-released batch
21:20:58.653 [main] DEBUG o.h.e.t.internal.TransactionImpl - begin
21:20:58.659 [main] DEBUG org.hibernate.SQL - select next_val as id_val from hibernate_sequence for update
Hibernate: select next_val as id_val from hibernate_sequence for update
21:20:58.659 [main] DEBUG org.hibernate.SQL - update hibernate_sequence set next_val= ? where next_val=?
Hibernate: update hibernate_sequence set next_val= ? where next_val=?
21:20:58.660 [main] DEBUG o.h.e.i.AbstractSaveEventListener - Generated identifier: 245, using strategy: org.hibernate.id.enhanced.SequenceStyleGenerator
21:20:58.660 [main] DEBUG o.h.e.t.internal.TransactionImpl - committing
21:20:58.661 [main] DEBUG o.h.e.i.AbstractFlushingEventListener - Processing flush-time cascades
21:20:58.661 [main] DEBUG o.h.e.i.AbstractFlushingEventListener - Dirty checking collections
21:20:58.661 [main] DEBUG o.h.e.i.AbstractFlushingEventListener - Flushed: 1 insertions, 0 updates, 0 deletions to 1 objects
21:20:58.661 [main] DEBUG o.h.e.i.AbstractFlushingEventListener - Flushed: 0 (re)creations, 0 updates, 0 removals to 0 collections
21:20:58.661 [main] DEBUG o.h.internal.util.EntityPrinter - Listing entities:
21:20:58.661 [main] DEBUG o.h.internal.util.EntityPrinter - edu.ncsu.csc.itrust2.models.persistent.LogEntry{secondaryUser=null, logCode=5, primaryUser=logapitest, id=245, time=java.util.GregorianCalendar[time=1521667258653,areFieldsSet=true,areAllFieldsSet=true,lenient=true,zone=sun.util.calendar.ZoneInfo[id="Etc/UTC",offset=0,dstSavings=0,useDaylight=false,transitions=0,lastRule=null],firstDayOfWeek=1,minimalDaysInFirstWeek=1,ERA=1,YEAR=2018,MONTH=2,WEEK_OF_YEAR=12,WEEK_OF_MONTH=4,DAY_OF_MONTH=21,DAY_OF_YEAR=80,DAY_OF_WEEK=4,DAY_OF_WEEK_IN_MONTH=3,AM_PM=1,HOUR=9,HOUR_OF_DAY=21,MINUTE=20,SECOND=58,MILLISECOND=653,ZONE_OFFSET=0,DST_OFFSET=0], message=null}
21:20:58.661 [main] DEBUG org.hibernate.SQL - insert into LogEntries (logCode, message, primaryUser, secondaryUser, time, id) values (?, ?, ?, ?, ?, ?)
Hibernate: insert into LogEntries (logCode, message, primaryUser, secondaryUser, time, id) values (?, ?, ?, ?, ?, ?)
21:20:58.663 [main] DEBUG o.h.e.j.internal.JdbcCoordinatorImpl - HHH000420: Closing un-released batch
21:20:58.663 [main] DEBUG o.h.e.t.internal.TransactionImpl - begin
21:20:58.664 [main] DEBUG org.hibernate.SQL - select next_val as id_val from hibernate_sequence for update
Hibernate: select next_val as id_val from hibernate_sequence for update
21:20:58.664 [main] DEBUG org.hibernate.SQL - update hibernate_sequence set next_val= ? where next_val=?
Hibernate: update hibernate_sequence set next_val= ? where next_val=?
21:20:58.665 [main] DEBUG o.h.e.i.AbstractSaveEventListener - Generated identifier: 246, using strategy: org.hibernate.id.enhanced.SequenceStyleGenerator
21:20:58.666 [main] DEBUG o.h.e.t.internal.TransactionImpl - committing
21:20:58.666 [main] DEBUG o.h.e.i.AbstractFlushingEventListener - Processing flush-time cascades
21:20:58.666 [main] DEBUG o.h.e.i.AbstractFlushingEventListener - Dirty checking collections
21:20:58.666 [main] DEBUG o.h.e.i.AbstractFlushingEventListener - Flushed: 1 insertions, 0 updates, 0 deletions to 1 objects
21:20:58.666 [main] DEBUG o.h.e.i.AbstractFlushingEventListener - Flushed: 0 (re)creations, 0 updates, 0 removals to 0 collections
21:20:58.666 [main] DEBUG o.h.internal.util.EntityPrinter - Listing entities:
21:20:58.666 [main] DEBUG o.h.internal.util.EntityPrinter - edu.ncsu.csc.itrust2.models.persistent.LogEntry{secondaryUser=null, logCode=5, primaryUser=logapitest, id=246, time=java.util.GregorianCalendar[time=1521667258663,areFieldsSet=true,areAllFieldsSet=true,lenient=true,zone=sun.util.calendar.ZoneInfo[id="Etc/UTC",offset=0,dstSavings=0,useDaylight=false,transitions=0,lastRule=null],firstDayOfWeek=1,minimalDaysInFirstWeek=1,ERA=1,YEAR=2018,MONTH=2,WEEK_OF_YEAR=12,WEEK_OF_MONTH=4,DAY_OF_MONTH=21,DAY_OF_YEAR=80,DAY_OF_WEEK=4,DAY_OF_WEEK_IN_MONTH=3,AM_PM=1,HOUR=9,HOUR_OF_DAY=21,MINUTE=20,SECOND=58,MILLISECOND=663,ZONE_OFFSET=0,DST_OFFSET=0], message=null}
21:20:58.666 [main] DEBUG org.hibernate.SQL - insert into LogEntries (logCode, message, primaryUser, secondaryUser, time, id) values (?, ?, ?, ?, ?, ?)
Hibernate: insert into LogEntries (logCode, message, primaryUser, secondaryUser, time, id) values (?, ?, ?, ?, ?, ?)
21:20:58.670 [main] DEBUG o.h.e.j.internal.JdbcCoordinatorImpl - HHH000420: Closing un-released batch
21:20:58.671 [main] DEBUG o.h.e.t.internal.TransactionImpl - begin
21:20:58.672 [main] DEBUG org.hibernate.SQL - select next_val as id_val from hibernate_sequence for update
Hibernate: select next_val as id_val from hibernate_sequence for update
21:20:58.672 [main] DEBUG org.hibernate.SQL - update hibernate_sequence set next_val= ? where next_val=?
Hibernate: update hibernate_sequence set next_val= ? where next_val=?
21:20:58.673 [main] DEBUG o.h.e.i.AbstractSaveEventListener - Generated identifier: 247, using strategy: org.hibernate.id.enhanced.SequenceStyleGenerator
21:20:58.674 [main] DEBUG o.h.e.t.internal.TransactionImpl - committing
21:20:58.674 [main] DEBUG o.h.e.i.AbstractFlushingEventListener - Processing flush-time cascades
21:20:58.674 [main] DEBUG o.h.e.i.AbstractFlushingEventListener - Dirty checking collections
21:20:58.674 [main] DEBUG o.h.e.i.AbstractFlushingEventListener - Flushed: 1 insertions, 0 updates, 0 deletions to 1 objects
21:20:58.674 [main] DEBUG o.h.e.i.AbstractFlushingEventListener - Flushed: 0 (re)creations, 0 updates, 0 removals to 0 collections
21:20:58.674 [main] DEBUG o.h.internal.util.EntityPrinter - Listing entities:
21:20:58.674 [main] DEBUG o.h.internal.util.EntityPrinter - edu.ncsu.csc.itrust2.models.persistent.LogEntry{secondaryUser=null, logCode=5, primaryUser=logapitest, id=247, time=java.util.GregorianCalendar[time=1521667258671,areFieldsSet=true,areAllFieldsSet=true,lenient=true,zone=sun.util.calendar.ZoneInfo[id="Etc/UTC",offset=0,dstSavings=0,useDaylight=false,transitions=0,lastRule=null],firstDayOfWeek=1,minimalDaysInFirstWeek=1,ERA=1,YEAR=2018,MONTH=2,WEEK_OF_YEAR=12,WEEK_OF_MONTH=4,DAY_OF_MONTH=21,DAY_OF_YEAR=80,DAY_OF_WEEK=4,DAY_OF_WEEK_IN_MONTH=3,AM_PM=1,HOUR=9,HOUR_OF_DAY=21,MINUTE=20,SECOND=58,MILLISECOND=671,ZONE_OFFSET=0,DST_OFFSET=0], message=null}
21:20:58.675 [main] DEBUG org.hibernate.SQL - insert into LogEntries (logCode, message, primaryUser, secondaryUser, time, id) values (?, ?, ?, ?, ?, ?)
Hibernate: insert into LogEntries (logCode, message, primaryUser, secondaryUser, time, id) values (?, ?, ?, ?, ?, ?)
21:20:58.676 [main] DEBUG o.h.e.j.internal.JdbcCoordinatorImpl - HHH000420: Closing un-released batch
21:20:58.677 [main] DEBUG o.h.e.t.internal.TransactionImpl - begin
21:20:58.684 [main] DEBUG org.hibernate.SQL - select next_val as id_val from hibernate_sequence for update
Hibernate: select next_val as id_val from hibernate_sequence for update
21:20:58.684 [main] DEBUG org.hibernate.SQL - update hibernate_sequence set next_val= ? where next_val=?
Hibernate: update hibernate_sequence set next_val= ? where next_val=?
21:20:58.686 [main] DEBUG o.h.e.i.AbstractSaveEventListener - Generated identifier: 248, using strategy: org.hibernate.id.enhanced.SequenceStyleGenerator
21:20:58.686 [main] DEBUG o.h.e.t.internal.TransactionImpl - committing
21:20:58.686 [main] DEBUG o.h.e.i.AbstractFlushingEventListener - Processing flush-time cascades
21:20:58.686 [main] DEBUG o.h.e.i.AbstractFlushingEventListener - Dirty checking collections
21:20:58.687 [main] DEBUG o.h.e.i.AbstractFlushingEventListener - Flushed: 1 insertions, 0 updates, 0 deletions to 1 objects
21:20:58.687 [main] DEBUG o.h.e.i.AbstractFlushingEventListener - Flushed: 0 (re)creations, 0 updates, 0 removals to 0 collections
21:20:58.687 [main] DEBUG o.h.internal.util.EntityPrinter - Listing entities:
21:20:58.687 [main] DEBUG o.h.internal.util.EntityPrinter - edu.ncsu.csc.itrust2.models.persistent.LogEntry{secondaryUser=null, logCode=5, primaryUser=logapitest, id=248, time=java.util.GregorianCalendar[time=1521667258677,areFieldsSet=true,areAllFieldsSet=true,lenient=true,zone=sun.util.calendar.ZoneInfo[id="Etc/UTC",offset=0,dstSavings=0,useDaylight=false,transitions=0,lastRule=null],firstDayOfWeek=1,minimalDaysInFirstWeek=1,ERA=1,YEAR=2018,MONTH=2,WEEK_OF_YEAR=12,WEEK_OF_MONTH=4,DAY_OF_MONTH=21,DAY_OF_YEAR=80,DAY_OF_WEEK=4,DAY_OF_WEEK_IN_MONTH=3,AM_PM=1,HOUR=9,HOUR_OF_DAY=21,MINUTE=20,SECOND=58,MILLISECOND=677,ZONE_OFFSET=0,DST_OFFSET=0], message=null}
21:20:58.687 [main] DEBUG org.hibernate.SQL - insert into LogEntries (logCode, message, primaryUser, secondaryUser, time, id) values (?, ?, ?, ?, ?, ?)
Hibernate: insert into LogEntries (logCode, message, primaryUser, secondaryUser, time, id) values (?, ?, ?, ?, ?, ?)
21:20:58.689 [main] DEBUG o.h.e.j.internal.JdbcCoordinatorImpl - HHH000420: Closing un-released batch
21:20:58.690 [main] DEBUG o.h.e.t.internal.TransactionImpl - begin
21:20:58.690 [main] DEBUG org.hibernate.SQL - select next_val as id_val from hibernate_sequence for update
Hibernate: select next_val as id_val from hibernate_sequence for update
21:20:58.691 [main] DEBUG org.hibernate.SQL - update hibernate_sequence set next_val= ? where next_val=?
Hibernate: update hibernate_sequence set next_val= ? where next_val=?
21:20:58.692 [main] DEBUG o.h.e.i.AbstractSaveEventListener - Generated identifier: 249, using strategy: org.hibernate.id.enhanced.SequenceStyleGenerator
21:20:58.693 [main] DEBUG o.h.e.t.internal.TransactionImpl - committing
21:20:58.693 [main] DEBUG o.h.e.i.AbstractFlushingEventListener - Processing flush-time cascades
21:20:58.693 [main] DEBUG o.h.e.i.AbstractFlushingEventListener - Dirty checking collections
21:20:58.693 [main] DEBUG o.h.e.i.AbstractFlushingEventListener - Flushed: 1 insertions, 0 updates, 0 deletions to 1 objects
21:20:58.693 [main] DEBUG o.h.e.i.AbstractFlushingEventListener - Flushed: 0 (re)creations, 0 updates, 0 removals to 0 collections
21:20:58.693 [main] DEBUG o.h.internal.util.EntityPrinter - Listing entities:
21:20:58.693 [main] DEBUG o.h.internal.util.EntityPrinter - edu.ncsu.csc.itrust2.models.persistent.LogEntry{secondaryUser=null, logCode=5, primaryUser=logapitest, id=249, time=java.util.GregorianCalendar[time=1521667258690,areFieldsSet=true,areAllFieldsSet=true,lenient=true,zone=sun.util.calendar.ZoneInfo[id="Etc/UTC",offset=0,dstSavings=0,useDaylight=false,transitions=0,lastRule=null],firstDayOfWeek=1,minimalDaysInFirstWeek=1,ERA=1,YEAR=2018,MONTH=2,WEEK_OF_YEAR=12,WEEK_OF_MONTH=4,DAY_OF_MONTH=21,DAY_OF_YEAR=80,DAY_OF_WEEK=4,DAY_OF_WEEK_IN_MONTH=3,AM_PM=1,HOUR=9,HOUR_OF_DAY=21,MINUTE=20,SECOND=58,MILLISECOND=690,ZONE_OFFSET=0,DST_OFFSET=0], message=null}
21:20:58.694 [main] DEBUG org.hibernate.SQL - insert into LogEntries (logCode, message, primaryUser, secondaryUser, time, id) values (?, ?, ?, ?, ?, ?)
Hibernate: insert into LogEntries (logCode, message, primaryUser, secondaryUser, time, id) values (?, ?, ?, ?, ?, ?)
21:20:58.695 [main] DEBUG o.h.e.j.internal.JdbcCoordinatorImpl - HHH000420: Closing un-released batch
21:20:58.695 [main] DEBUG o.h.e.t.internal.TransactionImpl - begin
21:20:58.702 [main] DEBUG org.hibernate.SQL - select next_val as id_val from hibernate_sequence for update
Hibernate: select next_val as id_val from hibernate_sequence for update
21:20:58.703 [main] DEBUG org.hibernate.SQL - update hibernate_sequence set next_val= ? where next_val=?
Hibernate: update hibernate_sequence set next_val= ? where next_val=?
21:20:58.704 [main] DEBUG o.h.e.i.AbstractSaveEventListener - Generated identifier: 250, using strategy: org.hibernate.id.enhanced.SequenceStyleGenerator
21:20:58.704 [main] DEBUG o.h.e.t.internal.TransactionImpl - committing
21:20:58.704 [main] DEBUG o.h.e.i.AbstractFlushingEventListener - Processing flush-time cascades
21:20:58.704 [main] DEBUG o.h.e.i.AbstractFlushingEventListener - Dirty checking collections
21:20:58.704 [main] DEBUG o.h.e.i.AbstractFlushingEventListener - Flushed: 1 insertions, 0 updates, 0 deletions to 1 objects
21:20:58.704 [main] DEBUG o.h.e.i.AbstractFlushingEventListener - Flushed: 0 (re)creations, 0 updates, 0 removals to 0 collections
21:20:58.704 [main] DEBUG o.h.internal.util.EntityPrinter - Listing entities:
21:20:58.704 [main] DEBUG o.h.internal.util.EntityPrinter - edu.ncsu.csc.itrust2.models.persistent.LogEntry{secondaryUser=null, logCode=5, primaryUser=logapitest, id=250, time=java.util.GregorianCalendar[time=1521667258695,areFieldsSet=true,areAllFieldsSet=true,lenient=true,zone=sun.util.calendar.ZoneInfo[id="Etc/UTC",offset=0,dstSavings=0,useDaylight=false,transitions=0,lastRule=null],firstDayOfWeek=1,minimalDaysInFirstWeek=1,ERA=1,YEAR=2018,MONTH=2,WEEK_OF_YEAR=12,WEEK_OF_MONTH=4,DAY_OF_MONTH=21,DAY_OF_YEAR=80,DAY_OF_WEEK=4,DAY_OF_WEEK_IN_MONTH=3,AM_PM=1,HOUR=9,HOUR_OF_DAY=21,MINUTE=20,SECOND=58,MILLISECOND=695,ZONE_OFFSET=0,DST_OFFSET=0], message=null}
21:20:58.705 [main] DEBUG org.hibernate.SQL - insert into LogEntries (logCode, message, primaryUser, secondaryUser, time, id) values (?, ?, ?, ?, ?, ?)
Hibernate: insert into LogEntries (logCode, message, primaryUser, secondaryUser, time, id) values (?, ?, ?, ?, ?, ?)
21:20:58.706 [main] DEBUG o.h.e.j.internal.JdbcCoordinatorImpl - HHH000420: Closing un-released batch
21:20:58.706 [main] DEBUG o.h.e.t.internal.TransactionImpl - begin
21:20:58.707 [main] DEBUG org.hibernate.SQL - select next_val as id_val from hibernate_sequence for update
Hibernate: select next_val as id_val from hibernate_sequence for update
21:20:58.707 [main] DEBUG org.hibernate.SQL - update hibernate_sequence set next_val= ? where next_val=?
Hibernate: update hibernate_sequence set next_val= ? where next_val=?
21:20:58.708 [main] DEBUG o.h.e.i.AbstractSaveEventListener - Generated identifier: 251, using strategy: org.hibernate.id.enhanced.SequenceStyleGenerator
21:20:58.708 [main] DEBUG o.h.e.t.internal.TransactionImpl - committing
21:20:58.708 [main] DEBUG o.h.e.i.AbstractFlushingEventListener - Processing flush-time cascades
21:20:58.708 [main] DEBUG o.h.e.i.AbstractFlushingEventListener - Dirty checking collections
21:20:58.709 [main] DEBUG o.h.e.i.AbstractFlushingEventListener - Flushed: 1 insertions, 0 updates, 0 deletions to 1 objects
21:20:58.709 [main] DEBUG o.h.e.i.AbstractFlushingEventListener - Flushed: 0 (re)creations, 0 updates, 0 removals to 0 collections
21:20:58.709 [main] DEBUG o.h.internal.util.EntityPrinter - Listing entities:
21:20:58.709 [main] DEBUG o.h.internal.util.EntityPrinter - edu.ncsu.csc.itrust2.models.persistent.LogEntry{secondaryUser=null, logCode=5, primaryUser=logapitest, id=251, time=java.util.GregorianCalendar[time=1521667258706,areFieldsSet=true,areAllFieldsSet=true,lenient=true,zone=sun.util.calendar.ZoneInfo[id="Etc/UTC",offset=0,dstSavings=0,useDaylight=false,transitions=0,lastRule=null],firstDayOfWeek=1,minimalDaysInFirstWeek=1,ERA=1,YEAR=2018,MONTH=2,WEEK_OF_YEAR=12,WEEK_OF_MONTH=4,DAY_OF_MONTH=21,DAY_OF_YEAR=80,DAY_OF_WEEK=4,DAY_OF_WEEK_IN_MONTH=3,AM_PM=1,HOUR=9,HOUR_OF_DAY=21,MINUTE=20,SECOND=58,MILLISECOND=706,ZONE_OFFSET=0,DST_OFFSET=0], message=null}
21:20:58.709 [main] DEBUG org.hibernate.SQL - insert into LogEntries (logCode, message, primaryUser, secondaryUser, time, id) values (?, ?, ?, ?, ?, ?)
Hibernate: insert into LogEntries (logCode, message, primaryUser, secondaryUser, time, id) values (?, ?, ?, ?, ?, ?)
21:20:58.712 [main] DEBUG o.h.e.j.internal.JdbcCoordinatorImpl - HHH000420: Closing un-released batch
21:20:58.712 [main] DEBUG o.h.e.t.internal.TransactionImpl - begin
21:20:58.714 [main] DEBUG org.hibernate.SQL - select next_val as id_val from hibernate_sequence for update
Hibernate: select next_val as id_val from hibernate_sequence for update
21:20:58.714 [main] DEBUG org.hibernate.SQL - update hibernate_sequence set next_val= ? where next_val=?
Hibernate: update hibernate_sequence set next_val= ? where next_val=?
21:20:58.715 [main] DEBUG o.h.e.i.AbstractSaveEventListener - Generated identifier: 252, using strategy: org.hibernate.id.enhanced.SequenceStyleGenerator
21:20:58.716 [main] DEBUG o.h.e.t.internal.TransactionImpl - committing
21:20:58.716 [main] DEBUG o.h.e.i.AbstractFlushingEventListener - Processing flush-time cascades
21:20:58.716 [main] DEBUG o.h.e.i.AbstractFlushingEventListener - Dirty checking collections
21:20:58.716 [main] DEBUG o.h.e.i.AbstractFlushingEventListener - Flushed: 1 insertions, 0 updates, 0 deletions to 1 objects
21:20:58.716 [main] DEBUG o.h.e.i.AbstractFlushingEventListener - Flushed: 0 (re)creations, 0 updates, 0 removals to 0 collections
21:20:58.716 [main] DEBUG o.h.internal.util.EntityPrinter - Listing entities:
21:20:58.716 [main] DEBUG o.h.internal.util.EntityPrinter - edu.ncsu.csc.itrust2.models.persistent.LogEntry{secondaryUser=null, logCode=5, primaryUser=logapitest, id=252, time=java.util.GregorianCalendar[time=1521667258712,areFieldsSet=true,areAllFieldsSet=true,lenient=true,zone=sun.util.calendar.ZoneInfo[id="Etc/UTC",offset=0,dstSavings=0,useDaylight=false,transitions=0,lastRule=null],firstDayOfWeek=1,minimalDaysInFirstWeek=1,ERA=1,YEAR=2018,MONTH=2,WEEK_OF_YEAR=12,WEEK_OF_MONTH=4,DAY_OF_MONTH=21,DAY_OF_YEAR=80,DAY_OF_WEEK=4,DAY_OF_WEEK_IN_MONTH=3,AM_PM=1,HOUR=9,HOUR_OF_DAY=21,MINUTE=20,SECOND=58,MILLISECOND=712,ZONE_OFFSET=0,DST_OFFSET=0], message=null}
21:20:58.717 [main] DEBUG org.hibernate.SQL - insert into LogEntries (logCode, message, primaryUser, secondaryUser, time, id) values (?, ?, ?, ?, ?, ?)
Hibernate: insert into LogEntries (logCode, message, primaryUser, secondaryUser, time, id) values (?, ?, ?, ?, ?, ?)
21:20:58.721 [main] DEBUG o.h.e.j.internal.JdbcCoordinatorImpl - HHH000420: Closing un-released batch
21:20:58.721 [main] DEBUG o.h.e.t.internal.TransactionImpl - begin
21:20:58.723 [main] DEBUG org.hibernate.SQL - select next_val as id_val from hibernate_sequence for update
Hibernate: select next_val as id_val from hibernate_sequence for update
21:20:58.726 [main] DEBUG org.hibernate.SQL - update hibernate_sequence set next_val= ? where next_val=?
Hibernate: update hibernate_sequence set next_val= ? where next_val=?
21:20:58.727 [main] DEBUG o.h.e.i.AbstractSaveEventListener - Generated identifier: 253, using strategy: org.hibernate.id.enhanced.SequenceStyleGenerator
21:20:58.728 [main] DEBUG o.h.e.t.internal.TransactionImpl - committing
21:20:58.728 [main] DEBUG o.h.e.i.AbstractFlushingEventListener - Processing flush-time cascades
21:20:58.728 [main] DEBUG o.h.e.i.AbstractFlushingEventListener - Dirty checking collections
21:20:58.728 [main] DEBUG o.h.e.i.AbstractFlushingEventListener - Flushed: 1 insertions, 0 updates, 0 deletions to 1 objects
21:20:58.728 [main] DEBUG o.h.e.i.AbstractFlushingEventListener - Flushed: 0 (re)creations, 0 updates, 0 removals to 0 collections
21:20:58.728 [main] DEBUG o.h.internal.util.EntityPrinter - Listing entities:
21:20:58.728 [main] DEBUG o.h.internal.util.EntityPrinter - edu.ncsu.csc.itrust2.models.persistent.LogEntry{secondaryUser=null, logCode=5, primaryUser=logapitest, id=253, time=java.util.GregorianCalendar[time=1521667258721,areFieldsSet=true,areAllFieldsSet=true,lenient=true,zone=sun.util.calendar.ZoneInfo[id="Etc/UTC",offset=0,dstSavings=0,useDaylight=false,transitions=0,lastRule=null],firstDayOfWeek=1,minimalDaysInFirstWeek=1,ERA=1,YEAR=2018,MONTH=2,WEEK_OF_YEAR=12,WEEK_OF_MONTH=4,DAY_OF_MONTH=21,DAY_OF_YEAR=80,DAY_OF_WEEK=4,DAY_OF_WEEK_IN_MONTH=3,AM_PM=1,HOUR=9,HOUR_OF_DAY=21,MINUTE=20,SECOND=58,MILLISECOND=721,ZONE_OFFSET=0,DST_OFFSET=0], message=null}
21:20:58.729 [main] DEBUG org.hibernate.SQL - insert into LogEntries (logCode, message, primaryUser, secondaryUser, time, id) values (?, ?, ?, ?, ?, ?)
Hibernate: insert into LogEntries (logCode, message, primaryUser, secondaryUser, time, id) values (?, ?, ?, ?, ?, ?)
21:20:58.731 [main] DEBUG o.h.e.j.internal.JdbcCoordinatorImpl - HHH000420: Closing un-released batch
21:20:58.731 [main] DEBUG o.h.e.t.internal.TransactionImpl - begin
21:20:58.735 [main] DEBUG org.hibernate.SQL - select next_val as id_val from hibernate_sequence for update
Hibernate: select next_val as id_val from hibernate_sequence for update
21:20:58.735 [main] DEBUG org.hibernate.SQL - update hibernate_sequence set next_val= ? where next_val=?
Hibernate: update hibernate_sequence set next_val= ? where next_val=?
21:20:58.736 [main] DEBUG o.h.e.i.AbstractSaveEventListener - Generated identifier: 254, using strategy: org.hibernate.id.enhanced.SequenceStyleGenerator
21:20:58.736 [main] DEBUG o.h.e.t.internal.TransactionImpl - committing
21:20:58.737 [main] DEBUG o.h.e.i.AbstractFlushingEventListener - Processing flush-time cascades
21:20:58.737 [main] DEBUG o.h.e.i.AbstractFlushingEventListener - Dirty checking collections
21:20:58.737 [main] DEBUG o.h.e.i.AbstractFlushingEventListener - Flushed: 1 insertions, 0 updates, 0 deletions to 1 objects
21:20:58.737 [main] DEBUG o.h.e.i.AbstractFlushingEventListener - Flushed: 0 (re)creations, 0 updates, 0 removals to 0 collections
21:20:58.737 [main] DEBUG o.h.internal.util.EntityPrinter - Listing entities:
21:20:58.738 [main] DEBUG o.h.internal.util.EntityPrinter - edu.ncsu.csc.itrust2.models.persistent.LogEntry{secondaryUser=null, logCode=5, primaryUser=logapitest, id=254, time=java.util.GregorianCalendar[time=1521667258731,areFieldsSet=true,areAllFieldsSet=true,lenient=true,zone=sun.util.calendar.ZoneInfo[id="Etc/UTC",offset=0,dstSavings=0,useDaylight=false,transitions=0,lastRule=null],firstDayOfWeek=1,minimalDaysInFirstWeek=1,ERA=1,YEAR=2018,MONTH=2,WEEK_OF_YEAR=12,WEEK_OF_MONTH=4,DAY_OF_MONTH=21,DAY_OF_YEAR=80,DAY_OF_WEEK=4,DAY_OF_WEEK_IN_MONTH=3,AM_PM=1,HOUR=9,HOUR_OF_DAY=21,MINUTE=20,SECOND=58,MILLISECOND=731,ZONE_OFFSET=0,DST_OFFSET=0], message=null}
21:20:58.739 [main] DEBUG org.hibernate.SQL - insert into LogEntries (logCode, message, primaryUser, secondaryUser, time, id) values (?, ?, ?, ?, ?, ?)
Hibernate: insert into LogEntries (logCode, message, primaryUser, secondaryUser, time, id) values (?, ?, ?, ?, ?, ?)
21:20:58.740 [main] DEBUG o.h.e.j.internal.JdbcCoordinatorImpl - HHH000420: Closing un-released batch
21:20:58.741 [main] DEBUG o.h.e.t.internal.TransactionImpl - begin
21:20:58.741 [main] DEBUG org.hibernate.SQL - select next_val as id_val from hibernate_sequence for update
Hibernate: select next_val as id_val from hibernate_sequence for update
21:20:58.742 [main] DEBUG org.hibernate.SQL - update hibernate_sequence set next_val= ? where next_val=?
Hibernate: update hibernate_sequence set next_val= ? where next_val=?
21:20:58.744 [main] DEBUG o.h.e.i.AbstractSaveEventListener - Generated identifier: 255, using strategy: org.hibernate.id.enhanced.SequenceStyleGenerator
21:20:58.744 [main] DEBUG o.h.e.t.internal.TransactionImpl - committing
21:20:58.745 [main] DEBUG o.h.e.i.AbstractFlushingEventListener - Processing flush-time cascades
21:20:58.745 [main] DEBUG o.h.e.i.AbstractFlushingEventListener - Dirty checking collections
21:20:58.745 [main] DEBUG o.h.e.i.AbstractFlushingEventListener - Flushed: 1 insertions, 0 updates, 0 deletions to 1 objects
21:20:58.745 [main] DEBUG o.h.e.i.AbstractFlushingEventListener - Flushed: 0 (re)creations, 0 updates, 0 removals to 0 collections
21:20:58.745 [main] DEBUG o.h.internal.util.EntityPrinter - Listing entities:
21:20:58.745 [main] DEBUG o.h.internal.util.EntityPrinter - edu.ncsu.csc.itrust2.models.persistent.LogEntry{secondaryUser=null, logCode=5, primaryUser=logapitest, id=255, time=java.util.GregorianCalendar[time=1521667258740,areFieldsSet=true,areAllFieldsSet=true,lenient=true,zone=sun.util.calendar.ZoneInfo[id="Etc/UTC",offset=0,dstSavings=0,useDaylight=false,transitions=0,lastRule=null],firstDayOfWeek=1,minimalDaysInFirstWeek=1,ERA=1,YEAR=2018,MONTH=2,WEEK_OF_YEAR=12,WEEK_OF_MONTH=4,DAY_OF_MONTH=21,DAY_OF_YEAR=80,DAY_OF_WEEK=4,DAY_OF_WEEK_IN_MONTH=3,AM_PM=1,HOUR=9,HOUR_OF_DAY=21,MINUTE=20,SECOND=58,MILLISECOND=740,ZONE_OFFSET=0,DST_OFFSET=0], message=null}
21:20:58.745 [main] DEBUG org.hibernate.SQL - insert into LogEntries (logCode, message, primaryUser, secondaryUser, time, id) values (?, ?, ?, ?, ?, ?)
Hibernate: insert into LogEntries (logCode, message, primaryUser, secondaryUser, time, id) values (?, ?, ?, ?, ?, ?)
21:20:58.748 [main] DEBUG o.h.e.j.internal.JdbcCoordinatorImpl - HHH000420: Closing un-released batch
21:20:58.748 [main] DEBUG o.h.e.t.internal.TransactionImpl - begin
21:20:58.749 [main] DEBUG org.hibernate.SQL - select next_val as id_val from hibernate_sequence for update
Hibernate: select next_val as id_val from hibernate_sequence for update
21:20:58.749 [main] DEBUG org.hibernate.SQL - update hibernate_sequence set next_val= ? where next_val=?
Hibernate: update hibernate_sequence set next_val= ? where next_val=?
21:20:58.751 [main] DEBUG o.h.e.i.AbstractSaveEventListener - Generated identifier: 256, using strategy: org.hibernate.id.enhanced.SequenceStyleGenerator
21:20:58.751 [main] DEBUG o.h.e.t.internal.TransactionImpl - committing
21:20:58.751 [main] DEBUG o.h.e.i.AbstractFlushingEventListener - Processing flush-time cascades
21:20:58.751 [main] DEBUG o.h.e.i.AbstractFlushingEventListener - Dirty checking collections
21:20:58.751 [main] DEBUG o.h.e.i.AbstractFlushingEventListener - Flushed: 1 insertions, 0 updates, 0 deletions to 1 objects
21:20:58.752 [main] DEBUG o.h.e.i.AbstractFlushingEventListener - Flushed: 0 (re)creations, 0 updates, 0 removals to 0 collections
21:20:58.752 [main] DEBUG o.h.internal.util.EntityPrinter - Listing entities:
21:20:58.752 [main] DEBUG o.h.internal.util.EntityPrinter - edu.ncsu.csc.itrust2.models.persistent.LogEntry{secondaryUser=null, logCode=5, primaryUser=logapitest, id=256, time=java.util.GregorianCalendar[time=1521667258748,areFieldsSet=true,areAllFieldsSet=true,lenient=true,zone=sun.util.calendar.ZoneInfo[id="Etc/UTC",offset=0,dstSavings=0,useDaylight=false,transitions=0,lastRule=null],firstDayOfWeek=1,minimalDaysInFirstWeek=1,ERA=1,YEAR=2018,MONTH=2,WEEK_OF_YEAR=12,WEEK_OF_MONTH=4,DAY_OF_MONTH=21,DAY_OF_YEAR=80,DAY_OF_WEEK=4,DAY_OF_WEEK_IN_MONTH=3,AM_PM=1,HOUR=9,HOUR_OF_DAY=21,MINUTE=20,SECOND=58,MILLISECOND=748,ZONE_OFFSET=0,DST_OFFSET=0], message=null}
21:20:58.752 [main] DEBUG org.hibernate.SQL - insert into LogEntries (logCode, message, primaryUser, secondaryUser, time, id) values (?, ?, ?, ?, ?, ?)
Hibernate: insert into LogEntries (logCode, message, primaryUser, secondaryUser, time, id) values (?, ?, ?, ?, ?, ?)
21:20:58.759 [main] DEBUG o.h.e.j.internal.JdbcCoordinatorImpl - HHH000420: Closing un-released batch
21:20:58.759 [main] DEBUG o.h.e.t.internal.TransactionImpl - begin
21:20:58.760 [main] DEBUG org.hibernate.SQL - select next_val as id_val from hibernate_sequence for update
Hibernate: select next_val as id_val from hibernate_sequence for update
21:20:58.761 [main] DEBUG org.hibernate.SQL - update hibernate_sequence set next_val= ? where next_val=?
Hibernate: update hibernate_sequence set next_val= ? where next_val=?
21:20:58.762 [main] DEBUG o.h.e.i.AbstractSaveEventListener - Generated identifier: 257, using strategy: org.hibernate.id.enhanced.SequenceStyleGenerator
21:20:58.762 [main] DEBUG o.h.e.t.internal.TransactionImpl - committing
21:20:58.762 [main] DEBUG o.h.e.i.AbstractFlushingEventListener - Processing flush-time cascades
21:20:58.762 [main] DEBUG o.h.e.i.AbstractFlushingEventListener - Dirty checking collections
21:20:58.762 [main] DEBUG o.h.e.i.AbstractFlushingEventListener - Flushed: 1 insertions, 0 updates, 0 deletions to 1 objects
21:20:58.762 [main] DEBUG o.h.e.i.AbstractFlushingEventListener - Flushed: 0 (re)creations, 0 updates, 0 removals to 0 collections
21:20:58.762 [main] DEBUG o.h.internal.util.EntityPrinter - Listing entities:
21:20:58.762 [main] DEBUG o.h.internal.util.EntityPrinter - edu.ncsu.csc.itrust2.models.persistent.LogEntry{secondaryUser=null, logCode=5, primaryUser=logapitest, id=257, time=java.util.GregorianCalendar[time=1521667258759,areFieldsSet=true,areAllFieldsSet=true,lenient=true,zone=sun.util.calendar.ZoneInfo[id="Etc/UTC",offset=0,dstSavings=0,useDaylight=false,transitions=0,lastRule=null],firstDayOfWeek=1,minimalDaysInFirstWeek=1,ERA=1,YEAR=2018,MONTH=2,WEEK_OF_YEAR=12,WEEK_OF_MONTH=4,DAY_OF_MONTH=21,DAY_OF_YEAR=80,DAY_OF_WEEK=4,DAY_OF_WEEK_IN_MONTH=3,AM_PM=1,HOUR=9,HOUR_OF_DAY=21,MINUTE=20,SECOND=58,MILLISECOND=759,ZONE_OFFSET=0,DST_OFFSET=0], message=null}
21:20:58.763 [main] DEBUG org.hibernate.SQL - insert into LogEntries (logCode, message, primaryUser, secondaryUser, time, id) values (?, ?, ?, ?, ?, ?)
Hibernate: insert into LogEntries (logCode, message, primaryUser, secondaryUser, time, id) values (?, ?, ?, ?, ?, ?)
21:20:58.764 [main] DEBUG o.h.e.j.internal.JdbcCoordinatorImpl - HHH000420: Closing un-released batch
21:20:58.769 [main] DEBUG o.h.e.t.internal.TransactionImpl - begin
21:20:58.775 [main] DEBUG org.hibernate.SQL - select next_val as id_val from hibernate_sequence for update
Hibernate: select next_val as id_val from hibernate_sequence for update
21:20:58.776 [main] DEBUG org.hibernate.SQL - update hibernate_sequence set next_val= ? where next_val=?
Hibernate: update hibernate_sequence set next_val= ? where next_val=?
21:20:58.777 [main] DEBUG o.h.e.i.AbstractSaveEventListener - Generated identifier: 258, using strategy: org.hibernate.id.enhanced.SequenceStyleGenerator
21:20:58.778 [main] DEBUG o.h.e.t.internal.TransactionImpl - committing
21:20:58.779 [main] DEBUG o.h.e.i.AbstractFlushingEventListener - Processing flush-time cascades
21:20:58.779 [main] DEBUG o.h.e.i.AbstractFlushingEventListener - Dirty checking collections
21:20:58.779 [main] DEBUG o.h.e.i.AbstractFlushingEventListener - Flushed: 1 insertions, 0 updates, 0 deletions to 1 objects
21:20:58.779 [main] DEBUG o.h.e.i.AbstractFlushingEventListener - Flushed: 0 (re)creations, 0 updates, 0 removals to 0 collections
21:20:58.779 [main] DEBUG o.h.internal.util.EntityPrinter - Listing entities:
21:20:58.782 [main] DEBUG o.h.internal.util.EntityPrinter - edu.ncsu.csc.itrust2.models.persistent.LogEntry{secondaryUser=null, logCode=5, primaryUser=logapitest, id=258, time=java.util.GregorianCalendar[time=1521667258769,areFieldsSet=true,areAllFieldsSet=true,lenient=true,zone=sun.util.calendar.ZoneInfo[id="Etc/UTC",offset=0,dstSavings=0,useDaylight=false,transitions=0,lastRule=null],firstDayOfWeek=1,minimalDaysInFirstWeek=1,ERA=1,YEAR=2018,MONTH=2,WEEK_OF_YEAR=12,WEEK_OF_MONTH=4,DAY_OF_MONTH=21,DAY_OF_YEAR=80,DAY_OF_WEEK=4,DAY_OF_WEEK_IN_MONTH=3,AM_PM=1,HOUR=9,HOUR_OF_DAY=21,MINUTE=20,SECOND=58,MILLISECOND=769,ZONE_OFFSET=0,DST_OFFSET=0], message=null}
21:20:58.783 [main] DEBUG org.hibernate.SQL - insert into LogEntries (logCode, message, primaryUser, secondaryUser, time, id) values (?, ?, ?, ?, ?, ?)
Hibernate: insert into LogEntries (logCode, message, primaryUser, secondaryUser, time, id) values (?, ?, ?, ?, ?, ?)
21:20:58.784 [main] DEBUG o.h.e.j.internal.JdbcCoordinatorImpl - HHH000420: Closing un-released batch
21:20:58.785 [main] DEBUG o.h.e.t.internal.TransactionImpl - begin
21:20:58.785 [main] DEBUG org.hibernate.SQL - select next_val as id_val from hibernate_sequence for update
Hibernate: select next_val as id_val from hibernate_sequence for update
21:20:58.786 [main] DEBUG org.hibernate.SQL - update hibernate_sequence set next_val= ? where next_val=?
Hibernate: update hibernate_sequence set next_val= ? where next_val=?
21:20:58.787 [main] DEBUG o.h.e.i.AbstractSaveEventListener - Generated identifier: 259, using strategy: org.hibernate.id.enhanced.SequenceStyleGenerator
21:20:58.788 [main] DEBUG o.h.e.t.internal.TransactionImpl - committing
21:20:58.788 [main] DEBUG o.h.e.i.AbstractFlushingEventListener - Processing flush-time cascades
21:20:58.788 [main] DEBUG o.h.e.i.AbstractFlushingEventListener - Dirty checking collections
21:20:58.788 [main] DEBUG o.h.e.i.AbstractFlushingEventListener - Flushed: 1 insertions, 0 updates, 0 deletions to 1 objects
21:20:58.788 [main] DEBUG o.h.e.i.AbstractFlushingEventListener - Flushed: 0 (re)creations, 0 updates, 0 removals to 0 collections
21:20:58.788 [main] DEBUG o.h.internal.util.EntityPrinter - Listing entities:
21:20:58.788 [main] DEBUG o.h.internal.util.EntityPrinter - edu.ncsu.csc.itrust2.models.persistent.LogEntry{secondaryUser=null, logCode=5, primaryUser=logapitest, id=259, time=java.util.GregorianCalendar[time=1521667258785,areFieldsSet=true,areAllFieldsSet=true,lenient=true,zone=sun.util.calendar.ZoneInfo[id="Etc/UTC",offset=0,dstSavings=0,useDaylight=false,transitions=0,lastRule=null],firstDayOfWeek=1,minimalDaysInFirstWeek=1,ERA=1,YEAR=2018,MONTH=2,WEEK_OF_YEAR=12,WEEK_OF_MONTH=4,DAY_OF_MONTH=21,DAY_OF_YEAR=80,DAY_OF_WEEK=4,DAY_OF_WEEK_IN_MONTH=3,AM_PM=1,HOUR=9,HOUR_OF_DAY=21,MINUTE=20,SECOND=58,MILLISECOND=785,ZONE_OFFSET=0,DST_OFFSET=0], message=null}
21:20:58.789 [main] DEBUG org.hibernate.SQL - insert into LogEntries (logCode, message, primaryUser, secondaryUser, time, id) values (?, ?, ?, ?, ?, ?)
Hibernate: insert into LogEntries (logCode, message, primaryUser, secondaryUser, time, id) values (?, ?, ?, ?, ?, ?)
21:20:58.790 [main] DEBUG o.h.e.j.internal.JdbcCoordinatorImpl - HHH000420: Closing un-released batch
21:20:58.791 [main] DEBUG o.h.e.t.internal.TransactionImpl - begin
21:20:58.792 [main] DEBUG org.hibernate.SQL - select next_val as id_val from hibernate_sequence for update
Hibernate: select next_val as id_val from hibernate_sequence for update
21:20:58.792 [main] DEBUG org.hibernate.SQL - update hibernate_sequence set next_val= ? where next_val=?
Hibernate: update hibernate_sequence set next_val= ? where next_val=?
21:20:58.793 [main] DEBUG o.h.e.i.AbstractSaveEventListener - Generated identifier: 260, using strategy: org.hibernate.id.enhanced.SequenceStyleGenerator
21:20:58.794 [main] DEBUG o.h.e.t.internal.TransactionImpl - committing
21:20:58.794 [main] DEBUG o.h.e.i.AbstractFlushingEventListener - Processing flush-time cascades
21:20:58.794 [main] DEBUG o.h.e.i.AbstractFlushingEventListener - Dirty checking collections
21:20:58.798 [main] DEBUG o.h.e.i.AbstractFlushingEventListener - Flushed: 1 insertions, 0 updates, 0 deletions to 1 objects
21:20:58.798 [main] DEBUG o.h.e.i.AbstractFlushingEventListener - Flushed: 0 (re)creations, 0 updates, 0 removals to 0 collections
21:20:58.798 [main] DEBUG o.h.internal.util.EntityPrinter - Listing entities:
21:20:58.798 [main] DEBUG o.h.internal.util.EntityPrinter - edu.ncsu.csc.itrust2.models.persistent.LogEntry{secondaryUser=null, logCode=5, primaryUser=logapitest, id=260, time=java.util.GregorianCalendar[time=1521667258791,areFieldsSet=true,areAllFieldsSet=true,lenient=true,zone=sun.util.calendar.ZoneInfo[id="Etc/UTC",offset=0,dstSavings=0,useDaylight=false,transitions=0,lastRule=null],firstDayOfWeek=1,minimalDaysInFirstWeek=1,ERA=1,YEAR=2018,MONTH=2,WEEK_OF_YEAR=12,WEEK_OF_MONTH=4,DAY_OF_MONTH=21,DAY_OF_YEAR=80,DAY_OF_WEEK=4,DAY_OF_WEEK_IN_MONTH=3,AM_PM=1,HOUR=9,HOUR_OF_DAY=21,MINUTE=20,SECOND=58,MILLISECOND=791,ZONE_OFFSET=0,DST_OFFSET=0], message=null}
21:20:58.802 [main] DEBUG org.hibernate.SQL - insert into LogEntries (logCode, message, primaryUser, secondaryUser, time, id) values (?, ?, ?, ?, ?, ?)
Hibernate: insert into LogEntries (logCode, message, primaryUser, secondaryUser, time, id) values (?, ?, ?, ?, ?, ?)
21:20:58.811 [main] DEBUG o.h.e.j.internal.JdbcCoordinatorImpl - HHH000420: Closing un-released batch
21:20:58.813 [main] DEBUG o.h.e.t.internal.TransactionImpl - begin
21:20:58.815 [main] DEBUG org.hibernate.SQL - select next_val as id_val from hibernate_sequence for update
Hibernate: select next_val as id_val from hibernate_sequence for update
21:20:58.816 [main] DEBUG org.hibernate.SQL - update hibernate_sequence set next_val= ? where next_val=?
Hibernate: update hibernate_sequence set next_val= ? where next_val=?
21:20:58.817 [main] DEBUG o.h.e.i.AbstractSaveEventListener - Generated identifier: 261, using strategy: org.hibernate.id.enhanced.SequenceStyleGenerator
21:20:58.817 [main] DEBUG o.h.e.t.internal.TransactionImpl - committing
21:20:58.818 [main] DEBUG o.h.e.i.AbstractFlushingEventListener - Processing flush-time cascades
21:20:58.818 [main] DEBUG o.h.e.i.AbstractFlushingEventListener - Dirty checking collections
21:20:58.818 [main] DEBUG o.h.e.i.AbstractFlushingEventListener - Flushed: 1 insertions, 0 updates, 0 deletions to 1 objects
21:20:58.818 [main] DEBUG o.h.e.i.AbstractFlushingEventListener - Flushed: 0 (re)creations, 0 updates, 0 removals to 0 collections
21:20:58.818 [main] DEBUG o.h.internal.util.EntityPrinter - Listing entities:
21:20:58.818 [main] DEBUG o.h.internal.util.EntityPrinter - edu.ncsu.csc.itrust2.models.persistent.LogEntry{secondaryUser=null, logCode=5, primaryUser=logapitest, id=261, time=java.util.GregorianCalendar[time=1521667258812,areFieldsSet=true,areAllFieldsSet=true,lenient=true,zone=sun.util.calendar.ZoneInfo[id="Etc/UTC",offset=0,dstSavings=0,useDaylight=false,transitions=0,lastRule=null],firstDayOfWeek=1,minimalDaysInFirstWeek=1,ERA=1,YEAR=2018,MONTH=2,WEEK_OF_YEAR=12,WEEK_OF_MONTH=4,DAY_OF_MONTH=21,DAY_OF_YEAR=80,DAY_OF_WEEK=4,DAY_OF_WEEK_IN_MONTH=3,AM_PM=1,HOUR=9,HOUR_OF_DAY=21,MINUTE=20,SECOND=58,MILLISECOND=812,ZONE_OFFSET=0,DST_OFFSET=0], message=null}
21:20:58.818 [main] DEBUG org.hibernate.SQL - insert into LogEntries (logCode, message, primaryUser, secondaryUser, time, id) values (?, ?, ?, ?, ?, ?)
Hibernate: insert into LogEntries (logCode, message, primaryUser, secondaryUser, time, id) values (?, ?, ?, ?, ?, ?)
21:20:58.820 [main] DEBUG o.h.e.j.internal.JdbcCoordinatorImpl - HHH000420: Closing un-released batch
21:20:58.820 [main] DEBUG o.h.e.t.internal.TransactionImpl - begin
21:20:58.827 [main] DEBUG org.hibernate.SQL - select next_val as id_val from hibernate_sequence for update
Hibernate: select next_val as id_val from hibernate_sequence for update
21:20:58.828 [main] DEBUG org.hibernate.SQL - update hibernate_sequence set next_val= ? where next_val=?
Hibernate: update hibernate_sequence set next_val= ? where next_val=?
21:20:58.829 [main] DEBUG o.h.e.i.AbstractSaveEventListener - Generated identifier: 262, using strategy: org.hibernate.id.enhanced.SequenceStyleGenerator
21:20:58.829 [main] DEBUG o.h.e.t.internal.TransactionImpl - committing
21:20:58.830 [main] DEBUG o.h.e.i.AbstractFlushingEventListener - Processing flush-time cascades
21:20:58.830 [main] DEBUG o.h.e.i.AbstractFlushingEventListener - Dirty checking collections
21:20:58.830 [main] DEBUG o.h.e.i.AbstractFlushingEventListener - Flushed: 1 insertions, 0 updates, 0 deletions to 1 objects
21:20:58.830 [main] DEBUG o.h.e.i.AbstractFlushingEventListener - Flushed: 0 (re)creations, 0 updates, 0 removals to 0 collections
21:20:58.830 [main] DEBUG o.h.internal.util.EntityPrinter - Listing entities:
21:20:58.830 [main] DEBUG o.h.internal.util.EntityPrinter - edu.ncsu.csc.itrust2.models.persistent.LogEntry{secondaryUser=null, logCode=5, primaryUser=logapitest, id=262, time=java.util.GregorianCalendar[time=1521667258820,areFieldsSet=true,areAllFieldsSet=true,lenient=true,zone=sun.util.calendar.ZoneInfo[id="Etc/UTC",offset=0,dstSavings=0,useDaylight=false,transitions=0,lastRule=null],firstDayOfWeek=1,minimalDaysInFirstWeek=1,ERA=1,YEAR=2018,MONTH=2,WEEK_OF_YEAR=12,WEEK_OF_MONTH=4,DAY_OF_MONTH=21,DAY_OF_YEAR=80,DAY_OF_WEEK=4,DAY_OF_WEEK_IN_MONTH=3,AM_PM=1,HOUR=9,HOUR_OF_DAY=21,MINUTE=20,SECOND=58,MILLISECOND=820,ZONE_OFFSET=0,DST_OFFSET=0], message=null}
21:20:58.830 [main] DEBUG org.hibernate.SQL - insert into LogEntries (logCode, message, primaryUser, secondaryUser, time, id) values (?, ?, ?, ?, ?, ?)
Hibernate: insert into LogEntries (logCode, message, primaryUser, secondaryUser, time, id) values (?, ?, ?, ?, ?, ?)
21:20:58.832 [main] DEBUG o.h.e.j.internal.JdbcCoordinatorImpl - HHH000420: Closing un-released batch
21:20:58.832 [main] DEBUG o.h.e.t.internal.TransactionImpl - begin
21:20:58.833 [main] DEBUG org.hibernate.SQL - select next_val as id_val from hibernate_sequence for update
Hibernate: select next_val as id_val from hibernate_sequence for update
21:20:58.833 [main] DEBUG org.hibernate.SQL - update hibernate_sequence set next_val= ? where next_val=?
Hibernate: update hibernate_sequence set next_val= ? where next_val=?
21:20:58.835 [main] DEBUG o.h.e.i.AbstractSaveEventListener - Generated identifier: 263, using strategy: org.hibernate.id.enhanced.SequenceStyleGenerator
21:20:58.835 [main] DEBUG o.h.e.t.internal.TransactionImpl - committing
21:20:58.835 [main] DEBUG o.h.e.i.AbstractFlushingEventListener - Processing flush-time cascades
21:20:58.835 [main] DEBUG o.h.e.i.AbstractFlushingEventListener - Dirty checking collections
21:20:58.835 [main] DEBUG o.h.e.i.AbstractFlushingEventListener - Flushed: 1 insertions, 0 updates, 0 deletions to 1 objects
21:20:58.835 [main] DEBUG o.h.e.i.AbstractFlushingEventListener - Flushed: 0 (re)creations, 0 updates, 0 removals to 0 collections
21:20:58.835 [main] DEBUG o.h.internal.util.EntityPrinter - Listing entities:
21:20:58.836 [main] DEBUG o.h.internal.util.EntityPrinter - edu.ncsu.csc.itrust2.models.persistent.LogEntry{secondaryUser=null, logCode=5, primaryUser=logapitest, id=263, time=java.util.GregorianCalendar[time=1521667258832,areFieldsSet=true,areAllFieldsSet=true,lenient=true,zone=sun.util.calendar.ZoneInfo[id="Etc/UTC",offset=0,dstSavings=0,useDaylight=false,transitions=0,lastRule=null],firstDayOfWeek=1,minimalDaysInFirstWeek=1,ERA=1,YEAR=2018,MONTH=2,WEEK_OF_YEAR=12,WEEK_OF_MONTH=4,DAY_OF_MONTH=21,DAY_OF_YEAR=80,DAY_OF_WEEK=4,DAY_OF_WEEK_IN_MONTH=3,AM_PM=1,HOUR=9,HOUR_OF_DAY=21,MINUTE=20,SECOND=58,MILLISECOND=832,ZONE_OFFSET=0,DST_OFFSET=0], message=null}
21:20:58.836 [main] DEBUG org.hibernate.SQL - insert into LogEntries (logCode, message, primaryUser, secondaryUser, time, id) values (?, ?, ?, ?, ?, ?)
Hibernate: insert into LogEntries (logCode, message, primaryUser, secondaryUser, time, id) values (?, ?, ?, ?, ?, ?)
21:20:58.837 [main] DEBUG o.h.e.j.internal.JdbcCoordinatorImpl - HHH000420: Closing un-released batch
21:20:58.838 [main] DEBUG o.h.e.t.internal.TransactionImpl - begin
21:20:58.838 [main] DEBUG org.hibernate.SQL - select next_val as id_val from hibernate_sequence for update
Hibernate: select next_val as id_val from hibernate_sequence for update
21:20:58.838 [main] DEBUG org.hibernate.SQL - update hibernate_sequence set next_val= ? where next_val=?
Hibernate: update hibernate_sequence set next_val= ? where next_val=?
21:20:58.840 [main] DEBUG o.h.e.i.AbstractSaveEventListener - Generated identifier: 264, using strategy: org.hibernate.id.enhanced.SequenceStyleGenerator
21:20:58.840 [main] DEBUG o.h.e.t.internal.TransactionImpl - committing
21:20:58.840 [main] DEBUG o.h.e.i.AbstractFlushingEventListener - Processing flush-time cascades
21:20:58.840 [main] DEBUG o.h.e.i.AbstractFlushingEventListener - Dirty checking collections
21:20:58.840 [main] DEBUG o.h.e.i.AbstractFlushingEventListener - Flushed: 1 insertions, 0 updates, 0 deletions to 1 objects
21:20:58.840 [main] DEBUG o.h.e.i.AbstractFlushingEventListener - Flushed: 0 (re)creations, 0 updates, 0 removals to 0 collections
21:20:58.840 [main] DEBUG o.h.internal.util.EntityPrinter - Listing entities:
21:20:58.840 [main] DEBUG o.h.internal.util.EntityPrinter - edu.ncsu.csc.itrust2.models.persistent.LogEntry{secondaryUser=null, logCode=5, primaryUser=logapitest, id=264, time=java.util.GregorianCalendar[time=1521667258837,areFieldsSet=true,areAllFieldsSet=true,lenient=true,zone=sun.util.calendar.ZoneInfo[id="Etc/UTC",offset=0,dstSavings=0,useDaylight=false,transitions=0,lastRule=null],firstDayOfWeek=1,minimalDaysInFirstWeek=1,ERA=1,YEAR=2018,MONTH=2,WEEK_OF_YEAR=12,WEEK_OF_MONTH=4,DAY_OF_MONTH=21,DAY_OF_YEAR=80,DAY_OF_WEEK=4,DAY_OF_WEEK_IN_MONTH=3,AM_PM=1,HOUR=9,HOUR_OF_DAY=21,MINUTE=20,SECOND=58,MILLISECOND=837,ZONE_OFFSET=0,DST_OFFSET=0], message=null}
21:20:58.841 [main] DEBUG org.hibernate.SQL - insert into LogEntries (logCode, message, primaryUser, secondaryUser, time, id) values (?, ?, ?, ?, ?, ?)
Hibernate: insert into LogEntries (logCode, message, primaryUser, secondaryUser, time, id) values (?, ?, ?, ?, ?, ?)
21:20:58.842 [main] DEBUG o.h.e.j.internal.JdbcCoordinatorImpl - HHH000420: Closing un-released batch
21:20:58.843 [main] DEBUG o.h.e.t.internal.TransactionImpl - begin
21:20:58.844 [main] DEBUG org.hibernate.SQL - select next_val as id_val from hibernate_sequence for update
Hibernate: select next_val as id_val from hibernate_sequence for update
21:20:58.845 [main] DEBUG org.hibernate.SQL - update hibernate_sequence set next_val= ? where next_val=?
Hibernate: update hibernate_sequence set next_val= ? where next_val=?
21:20:58.846 [main] DEBUG o.h.e.i.AbstractSaveEventListener - Generated identifier: 265, using strategy: org.hibernate.id.enhanced.SequenceStyleGenerator
21:20:58.846 [main] DEBUG o.h.e.t.internal.TransactionImpl - committing
21:20:58.846 [main] DEBUG o.h.e.i.AbstractFlushingEventListener - Processing flush-time cascades
21:20:58.846 [main] DEBUG o.h.e.i.AbstractFlushingEventListener - Dirty checking collections
21:20:58.847 [main] DEBUG o.h.e.i.AbstractFlushingEventListener - Flushed: 1 insertions, 0 updates, 0 deletions to 1 objects
21:20:58.847 [main] DEBUG o.h.e.i.AbstractFlushingEventListener - Flushed: 0 (re)creations, 0 updates, 0 removals to 0 collections
21:20:58.847 [main] DEBUG o.h.internal.util.EntityPrinter - Listing entities:
21:20:58.847 [main] DEBUG o.h.internal.util.EntityPrinter - edu.ncsu.csc.itrust2.models.persistent.LogEntry{secondaryUser=null, logCode=5, primaryUser=logapitest, id=265, time=java.util.GregorianCalendar[time=1521667258843,areFieldsSet=true,areAllFieldsSet=true,lenient=true,zone=sun.util.calendar.ZoneInfo[id="Etc/UTC",offset=0,dstSavings=0,useDaylight=false,transitions=0,lastRule=null],firstDayOfWeek=1,minimalDaysInFirstWeek=1,ERA=1,YEAR=2018,MONTH=2,WEEK_OF_YEAR=12,WEEK_OF_MONTH=4,DAY_OF_MONTH=21,DAY_OF_YEAR=80,DAY_OF_WEEK=4,DAY_OF_WEEK_IN_MONTH=3,AM_PM=1,HOUR=9,HOUR_OF_DAY=21,MINUTE=20,SECOND=58,MILLISECOND=843,ZONE_OFFSET=0,DST_OFFSET=0], message=null}
21:20:58.848 [main] DEBUG org.hibernate.SQL - insert into LogEntries (logCode, message, primaryUser, secondaryUser, time, id) values (?, ?, ?, ?, ?, ?)
Hibernate: insert into LogEntries (logCode, message, primaryUser, secondaryUser, time, id) values (?, ?, ?, ?, ?, ?)
21:20:58.849 [main] DEBUG o.h.e.j.internal.JdbcCoordinatorImpl - HHH000420: Closing un-released batch
21:20:58.849 [main] DEBUG o.h.e.t.internal.TransactionImpl - begin
21:20:58.850 [main] DEBUG org.hibernate.SQL - select next_val as id_val from hibernate_sequence for update
Hibernate: select next_val as id_val from hibernate_sequence for update
21:20:58.850 [main] DEBUG org.hibernate.SQL - update hibernate_sequence set next_val= ? where next_val=?
Hibernate: update hibernate_sequence set next_val= ? where next_val=?
21:20:58.851 [main] DEBUG o.h.e.i.AbstractSaveEventListener - Generated identifier: 266, using strategy: org.hibernate.id.enhanced.SequenceStyleGenerator
21:20:58.852 [main] DEBUG o.h.e.t.internal.TransactionImpl - committing
21:20:58.852 [main] DEBUG o.h.e.i.AbstractFlushingEventListener - Processing flush-time cascades
21:20:58.852 [main] DEBUG o.h.e.i.AbstractFlushingEventListener - Dirty checking collections
21:20:58.852 [main] DEBUG o.h.e.i.AbstractFlushingEventListener - Flushed: 1 insertions, 0 updates, 0 deletions to 1 objects
21:20:58.852 [main] DEBUG o.h.e.i.AbstractFlushingEventListener - Flushed: 0 (re)creations, 0 updates, 0 removals to 0 collections
21:20:58.852 [main] DEBUG o.h.internal.util.EntityPrinter - Listing entities:
21:20:58.852 [main] DEBUG o.h.internal.util.EntityPrinter - edu.ncsu.csc.itrust2.models.persistent.LogEntry{secondaryUser=null, logCode=5, primaryUser=logapitest, id=266, time=java.util.GregorianCalendar[time=1521667258849,areFieldsSet=true,areAllFieldsSet=true,lenient=true,zone=sun.util.calendar.ZoneInfo[id="Etc/UTC",offset=0,dstSavings=0,useDaylight=false,transitions=0,lastRule=null],firstDayOfWeek=1,minimalDaysInFirstWeek=1,ERA=1,YEAR=2018,MONTH=2,WEEK_OF_YEAR=12,WEEK_OF_MONTH=4,DAY_OF_MONTH=21,DAY_OF_YEAR=80,DAY_OF_WEEK=4,DAY_OF_WEEK_IN_MONTH=3,AM_PM=1,HOUR=9,HOUR_OF_DAY=21,MINUTE=20,SECOND=58,MILLISECOND=849,ZONE_OFFSET=0,DST_OFFSET=0], message=null}
21:20:58.852 [main] DEBUG org.hibernate.SQL - insert into LogEntries (logCode, message, primaryUser, secondaryUser, time, id) values (?, ?, ?, ?, ?, ?)
Hibernate: insert into LogEntries (logCode, message, primaryUser, secondaryUser, time, id) values (?, ?, ?, ?, ?, ?)
21:20:58.853 [main] DEBUG o.h.e.j.internal.JdbcCoordinatorImpl - HHH000420: Closing un-released batch
21:20:58.854 [main] DEBUG o.h.e.t.internal.TransactionImpl - begin
21:20:58.854 [main] DEBUG org.hibernate.SQL - select next_val as id_val from hibernate_sequence for update
Hibernate: select next_val as id_val from hibernate_sequence for update
21:20:58.855 [main] DEBUG org.hibernate.SQL - update hibernate_sequence set next_val= ? where next_val=?
Hibernate: update hibernate_sequence set next_val= ? where next_val=?
21:20:58.856 [main] DEBUG o.h.e.i.AbstractSaveEventListener - Generated identifier: 267, using strategy: org.hibernate.id.enhanced.SequenceStyleGenerator
21:20:58.857 [main] DEBUG o.h.e.t.internal.TransactionImpl - committing
21:20:58.857 [main] DEBUG o.h.e.i.AbstractFlushingEventListener - Processing flush-time cascades
21:20:58.857 [main] DEBUG o.h.e.i.AbstractFlushingEventListener - Dirty checking collections
21:20:58.857 [main] DEBUG o.h.e.i.AbstractFlushingEventListener - Flushed: 1 insertions, 0 updates, 0 deletions to 1 objects
21:20:58.857 [main] DEBUG o.h.e.i.AbstractFlushingEventListener - Flushed: 0 (re)creations, 0 updates, 0 removals to 0 collections
21:20:58.857 [main] DEBUG o.h.internal.util.EntityPrinter - Listing entities:
21:20:58.857 [main] DEBUG o.h.internal.util.EntityPrinter - edu.ncsu.csc.itrust2.models.persistent.LogEntry{secondaryUser=null, logCode=5, primaryUser=logapitest, id=267, time=java.util.GregorianCalendar[time=1521667258854,areFieldsSet=true,areAllFieldsSet=true,lenient=true,zone=sun.util.calendar.ZoneInfo[id="Etc/UTC",offset=0,dstSavings=0,useDaylight=false,transitions=0,lastRule=null],firstDayOfWeek=1,minimalDaysInFirstWeek=1,ERA=1,YEAR=2018,MONTH=2,WEEK_OF_YEAR=12,WEEK_OF_MONTH=4,DAY_OF_MONTH=21,DAY_OF_YEAR=80,DAY_OF_WEEK=4,DAY_OF_WEEK_IN_MONTH=3,AM_PM=1,HOUR=9,HOUR_OF_DAY=21,MINUTE=20,SECOND=58,MILLISECOND=854,ZONE_OFFSET=0,DST_OFFSET=0], message=null}
21:20:58.858 [main] DEBUG org.hibernate.SQL - insert into LogEntries (logCode, message, primaryUser, secondaryUser, time, id) values (?, ?, ?, ?, ?, ?)
Hibernate: insert into LogEntries (logCode, message, primaryUser, secondaryUser, time, id) values (?, ?, ?, ?, ?, ?)
21:20:58.859 [main] DEBUG o.h.e.j.internal.JdbcCoordinatorImpl - HHH000420: Closing un-released batch
21:20:58.859 [main] DEBUG o.h.e.t.internal.TransactionImpl - begin
21:20:58.860 [main] DEBUG org.hibernate.SQL - select next_val as id_val from hibernate_sequence for update
Hibernate: select next_val as id_val from hibernate_sequence for update
21:20:58.862 [main] DEBUG org.hibernate.SQL - update hibernate_sequence set next_val= ? where next_val=?
Hibernate: update hibernate_sequence set next_val= ? where next_val=?
21:20:58.864 [main] DEBUG o.h.e.i.AbstractSaveEventListener - Generated identifier: 268, using strategy: org.hibernate.id.enhanced.SequenceStyleGenerator
21:20:58.864 [main] DEBUG o.h.e.t.internal.TransactionImpl - committing
21:20:58.864 [main] DEBUG o.h.e.i.AbstractFlushingEventListener - Processing flush-time cascades
21:20:58.864 [main] DEBUG o.h.e.i.AbstractFlushingEventListener - Dirty checking collections
21:20:58.864 [main] DEBUG o.h.e.i.AbstractFlushingEventListener - Flushed: 1 insertions, 0 updates, 0 deletions to 1 objects
21:20:58.864 [main] DEBUG o.h.e.i.AbstractFlushingEventListener - Flushed: 0 (re)creations, 0 updates, 0 removals to 0 collections
21:20:58.864 [main] DEBUG o.h.internal.util.EntityPrinter - Listing entities:
21:20:58.864 [main] DEBUG o.h.internal.util.EntityPrinter - edu.ncsu.csc.itrust2.models.persistent.LogEntry{secondaryUser=null, logCode=5, primaryUser=logapitest, id=268, time=java.util.GregorianCalendar[time=1521667258859,areFieldsSet=true,areAllFieldsSet=true,lenient=true,zone=sun.util.calendar.ZoneInfo[id="Etc/UTC",offset=0,dstSavings=0,useDaylight=false,transitions=0,lastRule=null],firstDayOfWeek=1,minimalDaysInFirstWeek=1,ERA=1,YEAR=2018,MONTH=2,WEEK_OF_YEAR=12,WEEK_OF_MONTH=4,DAY_OF_MONTH=21,DAY_OF_YEAR=80,DAY_OF_WEEK=4,DAY_OF_WEEK_IN_MONTH=3,AM_PM=1,HOUR=9,HOUR_OF_DAY=21,MINUTE=20,SECOND=58,MILLISECOND=859,ZONE_OFFSET=0,DST_OFFSET=0], message=null}
21:20:58.865 [main] DEBUG org.hibernate.SQL - insert into LogEntries (logCode, message, primaryUser, secondaryUser, time, id) values (?, ?, ?, ?, ?, ?)
Hibernate: insert into LogEntries (logCode, message, primaryUser, secondaryUser, time, id) values (?, ?, ?, ?, ?, ?)
21:20:58.867 [main] DEBUG o.h.e.j.internal.JdbcCoordinatorImpl - HHH000420: Closing un-released batch
21:20:58.868 [main] DEBUG o.h.e.t.internal.TransactionImpl - begin
21:20:58.868 [main] DEBUG org.hibernate.SQL - select next_val as id_val from hibernate_sequence for update
Hibernate: select next_val as id_val from hibernate_sequence for update
21:20:58.869 [main] DEBUG org.hibernate.SQL - update hibernate_sequence set next_val= ? where next_val=?
Hibernate: update hibernate_sequence set next_val= ? where next_val=?
21:20:58.870 [main] DEBUG o.h.e.i.AbstractSaveEventListener - Generated identifier: 269, using strategy: org.hibernate.id.enhanced.SequenceStyleGenerator
21:20:58.870 [main] DEBUG o.h.e.t.internal.TransactionImpl - committing
21:20:58.870 [main] DEBUG o.h.e.i.AbstractFlushingEventListener - Processing flush-time cascades
21:20:58.870 [main] DEBUG o.h.e.i.AbstractFlushingEventListener - Dirty checking collections
21:20:58.870 [main] DEBUG o.h.e.i.AbstractFlushingEventListener - Flushed: 1 insertions, 0 updates, 0 deletions to 1 objects
21:20:58.870 [main] DEBUG o.h.e.i.AbstractFlushingEventListener - Flushed: 0 (re)creations, 0 updates, 0 removals to 0 collections
21:20:58.870 [main] DEBUG o.h.internal.util.EntityPrinter - Listing entities:
21:20:58.871 [main] DEBUG o.h.internal.util.EntityPrinter - edu.ncsu.csc.itrust2.models.persistent.LogEntry{secondaryUser=null, logCode=5, primaryUser=logapitest, id=269, time=java.util.GregorianCalendar[time=1521667258868,areFieldsSet=true,areAllFieldsSet=true,lenient=true,zone=sun.util.calendar.ZoneInfo[id="Etc/UTC",offset=0,dstSavings=0,useDaylight=false,transitions=0,lastRule=null],firstDayOfWeek=1,minimalDaysInFirstWeek=1,ERA=1,YEAR=2018,MONTH=2,WEEK_OF_YEAR=12,WEEK_OF_MONTH=4,DAY_OF_MONTH=21,DAY_OF_YEAR=80,DAY_OF_WEEK=4,DAY_OF_WEEK_IN_MONTH=3,AM_PM=1,HOUR=9,HOUR_OF_DAY=21,MINUTE=20,SECOND=58,MILLISECOND=868,ZONE_OFFSET=0,DST_OFFSET=0], message=null}
21:20:58.871 [main] DEBUG org.hibernate.SQL - insert into LogEntries (logCode, message, primaryUser, secondaryUser, time, id) values (?, ?, ?, ?, ?, ?)
Hibernate: insert into LogEntries (logCode, message, primaryUser, secondaryUser, time, id) values (?, ?, ?, ?, ?, ?)
21:20:58.873 [main] DEBUG o.h.e.j.internal.JdbcCoordinatorImpl - HHH000420: Closing un-released batch
21:20:58.873 [main] DEBUG o.h.e.t.internal.TransactionImpl - begin
21:20:58.873 [main] DEBUG org.hibernate.SQL - select next_val as id_val from hibernate_sequence for update
Hibernate: select next_val as id_val from hibernate_sequence for update
21:20:58.874 [main] DEBUG org.hibernate.SQL - update hibernate_sequence set next_val= ? where next_val=?
Hibernate: update hibernate_sequence set next_val= ? where next_val=?
21:20:58.875 [main] DEBUG o.h.e.i.AbstractSaveEventListener - Generated identifier: 270, using strategy: org.hibernate.id.enhanced.SequenceStyleGenerator
21:20:58.875 [main] DEBUG o.h.e.t.internal.TransactionImpl - committing
21:20:58.875 [main] DEBUG o.h.e.i.AbstractFlushingEventListener - Processing flush-time cascades
21:20:58.875 [main] DEBUG o.h.e.i.AbstractFlushingEventListener - Dirty checking collections
21:20:58.875 [main] DEBUG o.h.e.i.AbstractFlushingEventListener - Flushed: 1 insertions, 0 updates, 0 deletions to 1 objects
21:20:58.875 [main] DEBUG o.h.e.i.AbstractFlushingEventListener - Flushed: 0 (re)creations, 0 updates, 0 removals to 0 collections
21:20:58.875 [main] DEBUG o.h.internal.util.EntityPrinter - Listing entities:
21:20:58.876 [main] DEBUG o.h.internal.util.EntityPrinter - edu.ncsu.csc.itrust2.models.persistent.LogEntry{secondaryUser=null, logCode=5, primaryUser=logapitest, id=270, time=java.util.GregorianCalendar[time=1521667258873,areFieldsSet=true,areAllFieldsSet=true,lenient=true,zone=sun.util.calendar.ZoneInfo[id="Etc/UTC",offset=0,dstSavings=0,useDaylight=false,transitions=0,lastRule=null],firstDayOfWeek=1,minimalDaysInFirstWeek=1,ERA=1,YEAR=2018,MONTH=2,WEEK_OF_YEAR=12,WEEK_OF_MONTH=4,DAY_OF_MONTH=21,DAY_OF_YEAR=80,DAY_OF_WEEK=4,DAY_OF_WEEK_IN_MONTH=3,AM_PM=1,HOUR=9,HOUR_OF_DAY=21,MINUTE=20,SECOND=58,MILLISECOND=873,ZONE_OFFSET=0,DST_OFFSET=0], message=null}
21:20:58.876 [main] DEBUG org.hibernate.SQL - insert into LogEntries (logCode, message, primaryUser, secondaryUser, time, id) values (?, ?, ?, ?, ?, ?)
Hibernate: insert into LogEntries (logCode, message, primaryUser, secondaryUser, time, id) values (?, ?, ?, ?, ?, ?)
21:20:58.877 [main] DEBUG o.h.e.j.internal.JdbcCoordinatorImpl - HHH000420: Closing un-released batch
21:20:58.877 [main] DEBUG o.h.e.t.internal.TransactionImpl - begin
21:20:58.878 [main] DEBUG org.hibernate.SQL - select next_val as id_val from hibernate_sequence for update
Hibernate: select next_val as id_val from hibernate_sequence for update
21:20:58.878 [main] DEBUG org.hibernate.SQL - update hibernate_sequence set next_val= ? where next_val=?
Hibernate: update hibernate_sequence set next_val= ? where next_val=?
21:20:58.879 [main] DEBUG o.h.e.i.AbstractSaveEventListener - Generated identifier: 271, using strategy: org.hibernate.id.enhanced.SequenceStyleGenerator
21:20:58.880 [main] DEBUG o.h.e.t.internal.TransactionImpl - committing
21:20:58.880 [main] DEBUG o.h.e.i.AbstractFlushingEventListener - Processing flush-time cascades
21:20:58.880 [main] DEBUG o.h.e.i.AbstractFlushingEventListener - Dirty checking collections
21:20:58.880 [main] DEBUG o.h.e.i.AbstractFlushingEventListener - Flushed: 1 insertions, 0 updates, 0 deletions to 1 objects
21:20:58.880 [main] DEBUG o.h.e.i.AbstractFlushingEventListener - Flushed: 0 (re)creations, 0 updates, 0 removals to 0 collections
21:20:58.880 [main] DEBUG o.h.internal.util.EntityPrinter - Listing entities:
21:20:58.880 [main] DEBUG o.h.internal.util.EntityPrinter - edu.ncsu.csc.itrust2.models.persistent.LogEntry{secondaryUser=null, logCode=5, primaryUser=logapitest, id=271, time=java.util.GregorianCalendar[time=1521667258877,areFieldsSet=true,areAllFieldsSet=true,lenient=true,zone=sun.util.calendar.ZoneInfo[id="Etc/UTC",offset=0,dstSavings=0,useDaylight=false,transitions=0,lastRule=null],firstDayOfWeek=1,minimalDaysInFirstWeek=1,ERA=1,YEAR=2018,MONTH=2,WEEK_OF_YEAR=12,WEEK_OF_MONTH=4,DAY_OF_MONTH=21,DAY_OF_YEAR=80,DAY_OF_WEEK=4,DAY_OF_WEEK_IN_MONTH=3,AM_PM=1,HOUR=9,HOUR_OF_DAY=21,MINUTE=20,SECOND=58,MILLISECOND=877,ZONE_OFFSET=0,DST_OFFSET=0], message=null}
21:20:58.881 [main] DEBUG org.hibernate.SQL - insert into LogEntries (logCode, message, primaryUser, secondaryUser, time, id) values (?, ?, ?, ?, ?, ?)
Hibernate: insert into LogEntries (logCode, message, primaryUser, secondaryUser, time, id) values (?, ?, ?, ?, ?, ?)
21:20:58.882 [main] DEBUG o.h.e.j.internal.JdbcCoordinatorImpl - HHH000420: Closing un-released batch
21:20:58.882 [main] DEBUG o.h.e.t.internal.TransactionImpl - begin
21:20:58.883 [main] DEBUG org.hibernate.SQL - select next_val as id_val from hibernate_sequence for update
Hibernate: select next_val as id_val from hibernate_sequence for update
21:20:58.883 [main] DEBUG org.hibernate.SQL - update hibernate_sequence set next_val= ? where next_val=?
Hibernate: update hibernate_sequence set next_val= ? where next_val=?
21:20:58.884 [main] DEBUG o.h.e.i.AbstractSaveEventListener - Generated identifier: 272, using strategy: org.hibernate.id.enhanced.SequenceStyleGenerator
21:20:58.884 [main] DEBUG o.h.e.t.internal.TransactionImpl - committing
21:20:58.884 [main] DEBUG o.h.e.i.AbstractFlushingEventListener - Processing flush-time cascades
21:20:58.884 [main] DEBUG o.h.e.i.AbstractFlushingEventListener - Dirty checking collections
21:20:58.885 [main] DEBUG o.h.e.i.AbstractFlushingEventListener - Flushed: 1 insertions, 0 updates, 0 deletions to 1 objects
21:20:58.885 [main] DEBUG o.h.e.i.AbstractFlushingEventListener - Flushed: 0 (re)creations, 0 updates, 0 removals to 0 collections
21:20:58.885 [main] DEBUG o.h.internal.util.EntityPrinter - Listing entities:
21:20:58.885 [main] DEBUG o.h.internal.util.EntityPrinter - edu.ncsu.csc.itrust2.models.persistent.LogEntry{secondaryUser=null, logCode=5, primaryUser=logapitest, id=272, time=java.util.GregorianCalendar[time=1521667258882,areFieldsSet=true,areAllFieldsSet=true,lenient=true,zone=sun.util.calendar.ZoneInfo[id="Etc/UTC",offset=0,dstSavings=0,useDaylight=false,transitions=0,lastRule=null],firstDayOfWeek=1,minimalDaysInFirstWeek=1,ERA=1,YEAR=2018,MONTH=2,WEEK_OF_YEAR=12,WEEK_OF_MONTH=4,DAY_OF_MONTH=21,DAY_OF_YEAR=80,DAY_OF_WEEK=4,DAY_OF_WEEK_IN_MONTH=3,AM_PM=1,HOUR=9,HOUR_OF_DAY=21,MINUTE=20,SECOND=58,MILLISECOND=882,ZONE_OFFSET=0,DST_OFFSET=0], message=null}
21:20:58.886 [main] DEBUG org.hibernate.SQL - insert into LogEntries (logCode, message, primaryUser, secondaryUser, time, id) values (?, ?, ?, ?, ?, ?)
Hibernate: insert into LogEntries (logCode, message, primaryUser, secondaryUser, time, id) values (?, ?, ?, ?, ?, ?)
21:20:58.887 [main] DEBUG o.h.e.j.internal.JdbcCoordinatorImpl - HHH000420: Closing un-released batch
21:20:58.888 [main] DEBUG o.h.e.t.internal.TransactionImpl - begin
21:20:58.888 [main] DEBUG org.hibernate.SQL - select next_val as id_val from hibernate_sequence for update
Hibernate: select next_val as id_val from hibernate_sequence for update
21:20:58.889 [main] DEBUG org.hibernate.SQL - update hibernate_sequence set next_val= ? where next_val=?
Hibernate: update hibernate_sequence set next_val= ? where next_val=?
21:20:58.890 [main] DEBUG o.h.e.i.AbstractSaveEventListener - Generated identifier: 273, using strategy: org.hibernate.id.enhanced.SequenceStyleGenerator
21:20:58.890 [main] DEBUG o.h.e.t.internal.TransactionImpl - committing
21:20:58.890 [main] DEBUG o.h.e.i.AbstractFlushingEventListener - Processing flush-time cascades
21:20:58.890 [main] DEBUG o.h.e.i.AbstractFlushingEventListener - Dirty checking collections
21:20:58.890 [main] DEBUG o.h.e.i.AbstractFlushingEventListener - Flushed: 1 insertions, 0 updates, 0 deletions to 1 objects
21:20:58.890 [main] DEBUG o.h.e.i.AbstractFlushingEventListener - Flushed: 0 (re)creations, 0 updates, 0 removals to 0 collections
21:20:58.890 [main] DEBUG o.h.internal.util.EntityPrinter - Listing entities:
21:20:58.890 [main] DEBUG o.h.internal.util.EntityPrinter - edu.ncsu.csc.itrust2.models.persistent.LogEntry{secondaryUser=null, logCode=5, primaryUser=logapitest, id=273, time=java.util.GregorianCalendar[time=1521667258888,areFieldsSet=true,areAllFieldsSet=true,lenient=true,zone=sun.util.calendar.ZoneInfo[id="Etc/UTC",offset=0,dstSavings=0,useDaylight=false,transitions=0,lastRule=null],firstDayOfWeek=1,minimalDaysInFirstWeek=1,ERA=1,YEAR=2018,MONTH=2,WEEK_OF_YEAR=12,WEEK_OF_MONTH=4,DAY_OF_MONTH=21,DAY_OF_YEAR=80,DAY_OF_WEEK=4,DAY_OF_WEEK_IN_MONTH=3,AM_PM=1,HOUR=9,HOUR_OF_DAY=21,MINUTE=20,SECOND=58,MILLISECOND=888,ZONE_OFFSET=0,DST_OFFSET=0], message=null}
21:20:58.891 [main] DEBUG org.hibernate.SQL - insert into LogEntries (logCode, message, primaryUser, secondaryUser, time, id) values (?, ?, ?, ?, ?, ?)
Hibernate: insert into LogEntries (logCode, message, primaryUser, secondaryUser, time, id) values (?, ?, ?, ?, ?, ?)
21:20:58.892 [main] DEBUG o.h.e.j.internal.JdbcCoordinatorImpl - HHH000420: Closing un-released batch
21:20:58.893 [main] DEBUG o.h.e.t.internal.TransactionImpl - begin
21:20:58.893 [main] DEBUG org.hibernate.SQL - select next_val as id_val from hibernate_sequence for update
Hibernate: select next_val as id_val from hibernate_sequence for update
21:20:58.894 [main] DEBUG org.hibernate.SQL - update hibernate_sequence set next_val= ? where next_val=?
Hibernate: update hibernate_sequence set next_val= ? where next_val=?
21:20:58.895 [main] DEBUG o.h.e.i.AbstractSaveEventListener - Generated identifier: 274, using strategy: org.hibernate.id.enhanced.SequenceStyleGenerator
21:20:58.895 [main] DEBUG o.h.e.t.internal.TransactionImpl - committing
21:20:58.895 [main] DEBUG o.h.e.i.AbstractFlushingEventListener - Processing flush-time cascades
21:20:58.895 [main] DEBUG o.h.e.i.AbstractFlushingEventListener - Dirty checking collections
21:20:58.896 [main] DEBUG o.h.e.i.AbstractFlushingEventListener - Flushed: 1 insertions, 0 updates, 0 deletions to 1 objects
21:20:58.896 [main] DEBUG o.h.e.i.AbstractFlushingEventListener - Flushed: 0 (re)creations, 0 updates, 0 removals to 0 collections
21:20:58.896 [main] DEBUG o.h.internal.util.EntityPrinter - Listing entities:
21:20:58.896 [main] DEBUG o.h.internal.util.EntityPrinter - edu.ncsu.csc.itrust2.models.persistent.LogEntry{secondaryUser=null, logCode=5, primaryUser=logapitest, id=274, time=java.util.GregorianCalendar[time=1521667258893,areFieldsSet=true,areAllFieldsSet=true,lenient=true,zone=sun.util.calendar.ZoneInfo[id="Etc/UTC",offset=0,dstSavings=0,useDaylight=false,transitions=0,lastRule=null],firstDayOfWeek=1,minimalDaysInFirstWeek=1,ERA=1,YEAR=2018,MONTH=2,WEEK_OF_YEAR=12,WEEK_OF_MONTH=4,DAY_OF_MONTH=21,DAY_OF_YEAR=80,DAY_OF_WEEK=4,DAY_OF_WEEK_IN_MONTH=3,AM_PM=1,HOUR=9,HOUR_OF_DAY=21,MINUTE=20,SECOND=58,MILLISECOND=893,ZONE_OFFSET=0,DST_OFFSET=0], message=null}
21:20:58.897 [main] DEBUG org.hibernate.SQL - insert into LogEntries (logCode, message, primaryUser, secondaryUser, time, id) values (?, ?, ?, ?, ?, ?)
Hibernate: insert into LogEntries (logCode, message, primaryUser, secondaryUser, time, id) values (?, ?, ?, ?, ?, ?)
21:20:58.898 [main] DEBUG o.h.e.j.internal.JdbcCoordinatorImpl - HHH000420: Closing un-released batch
21:20:58.899 [main] DEBUG o.h.e.t.internal.TransactionImpl - begin
21:20:58.900 [main] DEBUG org.hibernate.SQL - select next_val as id_val from hibernate_sequence for update
Hibernate: select next_val as id_val from hibernate_sequence for update
21:20:58.900 [main] DEBUG org.hibernate.SQL - update hibernate_sequence set next_val= ? where next_val=?
Hibernate: update hibernate_sequence set next_val= ? where next_val=?
21:20:58.901 [main] DEBUG o.h.e.i.AbstractSaveEventListener - Generated identifier: 275, using strategy: org.hibernate.id.enhanced.SequenceStyleGenerator
21:20:58.907 [main] DEBUG o.h.e.t.internal.TransactionImpl - committing
21:20:58.907 [main] DEBUG o.h.e.i.AbstractFlushingEventListener - Processing flush-time cascades
21:20:58.907 [main] DEBUG o.h.e.i.AbstractFlushingEventListener - Dirty checking collections
21:20:58.907 [main] DEBUG o.h.e.i.AbstractFlushingEventListener - Flushed: 1 insertions, 0 updates, 0 deletions to 1 objects
21:20:58.907 [main] DEBUG o.h.e.i.AbstractFlushingEventListener - Flushed: 0 (re)creations, 0 updates, 0 removals to 0 collections
21:20:58.907 [main] DEBUG o.h.internal.util.EntityPrinter - Listing entities:
21:20:58.908 [main] DEBUG o.h.internal.util.EntityPrinter - edu.ncsu.csc.itrust2.models.persistent.LogEntry{secondaryUser=null, logCode=5, primaryUser=logapitest, id=275, time=java.util.GregorianCalendar[time=1521667258899,areFieldsSet=true,areAllFieldsSet=true,lenient=true,zone=sun.util.calendar.ZoneInfo[id="Etc/UTC",offset=0,dstSavings=0,useDaylight=false,transitions=0,lastRule=null],firstDayOfWeek=1,minimalDaysInFirstWeek=1,ERA=1,YEAR=2018,MONTH=2,WEEK_OF_YEAR=12,WEEK_OF_MONTH=4,DAY_OF_MONTH=21,DAY_OF_YEAR=80,DAY_OF_WEEK=4,DAY_OF_WEEK_IN_MONTH=3,AM_PM=1,HOUR=9,HOUR_OF_DAY=21,MINUTE=20,SECOND=58,MILLISECOND=899,ZONE_OFFSET=0,DST_OFFSET=0], message=null}
21:20:58.908 [main] DEBUG org.hibernate.SQL - insert into LogEntries (logCode, message, primaryUser, secondaryUser, time, id) values (?, ?, ?, ?, ?, ?)
Hibernate: insert into LogEntries (logCode, message, primaryUser, secondaryUser, time, id) values (?, ?, ?, ?, ?, ?)
21:20:58.910 [main] DEBUG o.h.e.j.internal.JdbcCoordinatorImpl - HHH000420: Closing un-released batch
21:20:58.918 [main] DEBUG o.h.e.t.internal.TransactionImpl - begin
21:20:58.919 [main] DEBUG org.hibernate.SQL - select next_val as id_val from hibernate_sequence for update
Hibernate: select next_val as id_val from hibernate_sequence for update
21:20:58.919 [main] DEBUG org.hibernate.SQL - update hibernate_sequence set next_val= ? where next_val=?
Hibernate: update hibernate_sequence set next_val= ? where next_val=?
21:20:58.920 [main] DEBUG o.h.e.i.AbstractSaveEventListener - Generated identifier: 276, using strategy: org.hibernate.id.enhanced.SequenceStyleGenerator
21:20:58.920 [main] DEBUG o.h.e.t.internal.TransactionImpl - committing
21:20:58.921 [main] DEBUG o.h.e.i.AbstractFlushingEventListener - Processing flush-time cascades
21:20:58.921 [main] DEBUG o.h.e.i.AbstractFlushingEventListener - Dirty checking collections
21:20:58.921 [main] DEBUG o.h.e.i.AbstractFlushingEventListener - Flushed: 1 insertions, 0 updates, 0 deletions to 1 objects
21:20:58.921 [main] DEBUG o.h.e.i.AbstractFlushingEventListener - Flushed: 0 (re)creations, 0 updates, 0 removals to 0 collections
21:20:58.921 [main] DEBUG o.h.internal.util.EntityPrinter - Listing entities:
21:20:58.921 [main] DEBUG o.h.internal.util.EntityPrinter - edu.ncsu.csc.itrust2.models.persistent.LogEntry{secondaryUser=null, logCode=5, primaryUser=logapitest, id=276, time=java.util.GregorianCalendar[time=1521667258918,areFieldsSet=true,areAllFieldsSet=true,lenient=true,zone=sun.util.calendar.ZoneInfo[id="Etc/UTC",offset=0,dstSavings=0,useDaylight=false,transitions=0,lastRule=null],firstDayOfWeek=1,minimalDaysInFirstWeek=1,ERA=1,YEAR=2018,MONTH=2,WEEK_OF_YEAR=12,WEEK_OF_MONTH=4,DAY_OF_MONTH=21,DAY_OF_YEAR=80,DAY_OF_WEEK=4,DAY_OF_WEEK_IN_MONTH=3,AM_PM=1,HOUR=9,HOUR_OF_DAY=21,MINUTE=20,SECOND=58,MILLISECOND=918,ZONE_OFFSET=0,DST_OFFSET=0], message=null}
21:20:58.921 [main] DEBUG org.hibernate.SQL - insert into LogEntries (logCode, message, primaryUser, secondaryUser, time, id) values (?, ?, ?, ?, ?, ?)
Hibernate: insert into LogEntries (logCode, message, primaryUser, secondaryUser, time, id) values (?, ?, ?, ?, ?, ?)
21:20:58.927 [main] DEBUG o.h.e.j.internal.JdbcCoordinatorImpl - HHH000420: Closing un-released batch
21:20:58.927 [main] DEBUG o.h.e.t.internal.TransactionImpl - begin
21:20:58.927 [main] DEBUG org.hibernate.SQL - select next_val as id_val from hibernate_sequence for update
Hibernate: select next_val as id_val from hibernate_sequence for update
21:20:58.928 [main] DEBUG org.hibernate.SQL - update hibernate_sequence set next_val= ? where next_val=?
Hibernate: update hibernate_sequence set next_val= ? where next_val=?
21:20:58.929 [main] DEBUG o.h.e.i.AbstractSaveEventListener - Generated identifier: 277, using strategy: org.hibernate.id.enhanced.SequenceStyleGenerator
21:20:58.929 [main] DEBUG o.h.e.t.internal.TransactionImpl - committing
21:20:58.929 [main] DEBUG o.h.e.i.AbstractFlushingEventListener - Processing flush-time cascades
21:20:58.929 [main] DEBUG o.h.e.i.AbstractFlushingEventListener - Dirty checking collections
21:20:58.929 [main] DEBUG o.h.e.i.AbstractFlushingEventListener - Flushed: 1 insertions, 0 updates, 0 deletions to 1 objects
21:20:58.929 [main] DEBUG o.h.e.i.AbstractFlushingEventListener - Flushed: 0 (re)creations, 0 updates, 0 removals to 0 collections
21:20:58.929 [main] DEBUG o.h.internal.util.EntityPrinter - Listing entities:
21:20:58.929 [main] DEBUG o.h.internal.util.EntityPrinter - edu.ncsu.csc.itrust2.models.persistent.LogEntry{secondaryUser=null, logCode=5, primaryUser=logapitest, id=277, time=java.util.GregorianCalendar[time=1521667258927,areFieldsSet=true,areAllFieldsSet=true,lenient=true,zone=sun.util.calendar.ZoneInfo[id="Etc/UTC",offset=0,dstSavings=0,useDaylight=false,transitions=0,lastRule=null],firstDayOfWeek=1,minimalDaysInFirstWeek=1,ERA=1,YEAR=2018,MONTH=2,WEEK_OF_YEAR=12,WEEK_OF_MONTH=4,DAY_OF_MONTH=21,DAY_OF_YEAR=80,DAY_OF_WEEK=4,DAY_OF_WEEK_IN_MONTH=3,AM_PM=1,HOUR=9,HOUR_OF_DAY=21,MINUTE=20,SECOND=58,MILLISECOND=927,ZONE_OFFSET=0,DST_OFFSET=0], message=null}
21:20:58.930 [main] DEBUG org.hibernate.SQL - insert into LogEntries (logCode, message, primaryUser, secondaryUser, time, id) values (?, ?, ?, ?, ?, ?)
Hibernate: insert into LogEntries (logCode, message, primaryUser, secondaryUser, time, id) values (?, ?, ?, ?, ?, ?)
21:20:58.932 [main] DEBUG o.h.e.j.internal.JdbcCoordinatorImpl - HHH000420: Closing un-released batch
21:20:58.933 [main] DEBUG o.h.e.t.internal.TransactionImpl - begin
21:20:58.934 [main] DEBUG org.hibernate.SQL - select next_val as id_val from hibernate_sequence for update
Hibernate: select next_val as id_val from hibernate_sequence for update
21:20:58.934 [main] DEBUG org.hibernate.SQL - update hibernate_sequence set next_val= ? where next_val=?
Hibernate: update hibernate_sequence set next_val= ? where next_val=?
21:20:58.936 [main] DEBUG o.h.e.i.AbstractSaveEventListener - Generated identifier: 278, using strategy: org.hibernate.id.enhanced.SequenceStyleGenerator
21:20:58.936 [main] DEBUG o.h.e.t.internal.TransactionImpl - committing
21:20:58.936 [main] DEBUG o.h.e.i.AbstractFlushingEventListener - Processing flush-time cascades
21:20:58.936 [main] DEBUG o.h.e.i.AbstractFlushingEventListener - Dirty checking collections
21:20:58.936 [main] DEBUG o.h.e.i.AbstractFlushingEventListener - Flushed: 1 insertions, 0 updates, 0 deletions to 1 objects
21:20:58.937 [main] DEBUG o.h.e.i.AbstractFlushingEventListener - Flushed: 0 (re)creations, 0 updates, 0 removals to 0 collections
21:20:58.937 [main] DEBUG o.h.internal.util.EntityPrinter - Listing entities:
21:20:58.937 [main] DEBUG o.h.internal.util.EntityPrinter - edu.ncsu.csc.itrust2.models.persistent.LogEntry{secondaryUser=null, logCode=5, primaryUser=logapitest, id=278, time=java.util.GregorianCalendar[time=1521667258933,areFieldsSet=true,areAllFieldsSet=true,lenient=true,zone=sun.util.calendar.ZoneInfo[id="Etc/UTC",offset=0,dstSavings=0,useDaylight=false,transitions=0,lastRule=null],firstDayOfWeek=1,minimalDaysInFirstWeek=1,ERA=1,YEAR=2018,MONTH=2,WEEK_OF_YEAR=12,WEEK_OF_MONTH=4,DAY_OF_MONTH=21,DAY_OF_YEAR=80,DAY_OF_WEEK=4,DAY_OF_WEEK_IN_MONTH=3,AM_PM=1,HOUR=9,HOUR_OF_DAY=21,MINUTE=20,SECOND=58,MILLISECOND=933,ZONE_OFFSET=0,DST_OFFSET=0], message=null}
21:20:58.937 [main] DEBUG org.hibernate.SQL - insert into LogEntries (logCode, message, primaryUser, secondaryUser, time, id) values (?, ?, ?, ?, ?, ?)
Hibernate: insert into LogEntries (logCode, message, primaryUser, secondaryUser, time, id) values (?, ?, ?, ?, ?, ?)
21:20:58.944 [main] DEBUG o.h.e.j.internal.JdbcCoordinatorImpl - HHH000420: Closing un-released batch
21:20:58.944 [main] DEBUG o.h.e.t.internal.TransactionImpl - begin
21:20:58.945 [main] DEBUG org.hibernate.SQL - select next_val as id_val from hibernate_sequence for update
Hibernate: select next_val as id_val from hibernate_sequence for update
21:20:58.945 [main] DEBUG org.hibernate.SQL - update hibernate_sequence set next_val= ? where next_val=?
Hibernate: update hibernate_sequence set next_val= ? where next_val=?
21:20:58.946 [main] DEBUG o.h.e.i.AbstractSaveEventListener - Generated identifier: 279, using strategy: org.hibernate.id.enhanced.SequenceStyleGenerator
21:20:58.947 [main] DEBUG o.h.e.t.internal.TransactionImpl - committing
21:20:58.947 [main] DEBUG o.h.e.i.AbstractFlushingEventListener - Processing flush-time cascades
21:20:58.947 [main] DEBUG o.h.e.i.AbstractFlushingEventListener - Dirty checking collections
21:20:58.947 [main] DEBUG o.h.e.i.AbstractFlushingEventListener - Flushed: 1 insertions, 0 updates, 0 deletions to 1 objects
21:20:58.947 [main] DEBUG o.h.e.i.AbstractFlushingEventListener - Flushed: 0 (re)creations, 0 updates, 0 removals to 0 collections
21:20:58.947 [main] DEBUG o.h.internal.util.EntityPrinter - Listing entities:
21:20:58.947 [main] DEBUG o.h.internal.util.EntityPrinter - edu.ncsu.csc.itrust2.models.persistent.LogEntry{secondaryUser=null, logCode=5, primaryUser=logapitest, id=279, time=java.util.GregorianCalendar[time=1521667258944,areFieldsSet=true,areAllFieldsSet=true,lenient=true,zone=sun.util.calendar.ZoneInfo[id="Etc/UTC",offset=0,dstSavings=0,useDaylight=false,transitions=0,lastRule=null],firstDayOfWeek=1,minimalDaysInFirstWeek=1,ERA=1,YEAR=2018,MONTH=2,WEEK_OF_YEAR=12,WEEK_OF_MONTH=4,DAY_OF_MONTH=21,DAY_OF_YEAR=80,DAY_OF_WEEK=4,DAY_OF_WEEK_IN_MONTH=3,AM_PM=1,HOUR=9,HOUR_OF_DAY=21,MINUTE=20,SECOND=58,MILLISECOND=944,ZONE_OFFSET=0,DST_OFFSET=0], message=null}
21:20:58.948 [main] DEBUG org.hibernate.SQL - insert into LogEntries (logCode, message, primaryUser, secondaryUser, time, id) values (?, ?, ?, ?, ?, ?)
Hibernate: insert into LogEntries (logCode, message, primaryUser, secondaryUser, time, id) values (?, ?, ?, ?, ?, ?)
21:20:58.949 [main] DEBUG o.h.e.j.internal.JdbcCoordinatorImpl - HHH000420: Closing un-released batch
21:20:58.949 [main] DEBUG o.h.e.t.internal.TransactionImpl - begin
21:20:58.950 [main] DEBUG org.hibernate.SQL - select next_val as id_val from hibernate_sequence for update
Hibernate: select next_val as id_val from hibernate_sequence for update
21:20:58.950 [main] DEBUG org.hibernate.SQL - update hibernate_sequence set next_val= ? where next_val=?
Hibernate: update hibernate_sequence set next_val= ? where next_val=?
21:20:58.951 [main] DEBUG o.h.e.i.AbstractSaveEventListener - Generated identifier: 280, using strategy: org.hibernate.id.enhanced.SequenceStyleGenerator
21:20:58.952 [main] DEBUG o.h.e.t.internal.TransactionImpl - committing
21:20:58.952 [main] DEBUG o.h.e.i.AbstractFlushingEventListener - Processing flush-time cascades
21:20:58.952 [main] DEBUG o.h.e.i.AbstractFlushingEventListener - Dirty checking collections
21:20:58.954 [main] DEBUG o.h.e.i.AbstractFlushingEventListener - Flushed: 1 insertions, 0 updates, 0 deletions to 1 objects
21:20:58.954 [main] DEBUG o.h.e.i.AbstractFlushingEventListener - Flushed: 0 (re)creations, 0 updates, 0 removals to 0 collections
21:20:58.955 [main] DEBUG o.h.internal.util.EntityPrinter - Listing entities:
21:20:58.961 [main] DEBUG o.h.internal.util.EntityPrinter - edu.ncsu.csc.itrust2.models.persistent.LogEntry{secondaryUser=null, logCode=5, primaryUser=logapitest, id=280, time=java.util.GregorianCalendar[time=1521667258949,areFieldsSet=true,areAllFieldsSet=true,lenient=true,zone=sun.util.calendar.ZoneInfo[id="Etc/UTC",offset=0,dstSavings=0,useDaylight=false,transitions=0,lastRule=null],firstDayOfWeek=1,minimalDaysInFirstWeek=1,ERA=1,YEAR=2018,MONTH=2,WEEK_OF_YEAR=12,WEEK_OF_MONTH=4,DAY_OF_MONTH=21,DAY_OF_YEAR=80,DAY_OF_WEEK=4,DAY_OF_WEEK_IN_MONTH=3,AM_PM=1,HOUR=9,HOUR_OF_DAY=21,MINUTE=20,SECOND=58,MILLISECOND=949,ZONE_OFFSET=0,DST_OFFSET=0], message=null}
21:20:58.962 [main] DEBUG org.hibernate.SQL - insert into LogEntries (logCode, message, primaryUser, secondaryUser, time, id) values (?, ?, ?, ?, ?, ?)
Hibernate: insert into LogEntries (logCode, message, primaryUser, secondaryUser, time, id) values (?, ?, ?, ?, ?, ?)
21:20:58.971 [main] DEBUG o.h.e.j.internal.JdbcCoordinatorImpl - HHH000420: Closing un-released batch
21:20:58.971 [main] DEBUG o.h.e.t.internal.TransactionImpl - begin
21:20:58.972 [main] DEBUG org.hibernate.SQL - select next_val as id_val from hibernate_sequence for update
Hibernate: select next_val as id_val from hibernate_sequence for update
21:20:58.972 [main] DEBUG org.hibernate.SQL - update hibernate_sequence set next_val= ? where next_val=?
Hibernate: update hibernate_sequence set next_val= ? where next_val=?
21:20:59.029 [main] DEBUG o.h.e.i.AbstractSaveEventListener - Generated identifier: 281, using strategy: org.hibernate.id.enhanced.SequenceStyleGenerator
21:20:59.029 [main] DEBUG o.h.e.t.internal.TransactionImpl - committing
21:20:59.029 [main] DEBUG o.h.e.i.AbstractFlushingEventListener - Processing flush-time cascades
21:20:59.029 [main] DEBUG o.h.e.i.AbstractFlushingEventListener - Dirty checking collections
21:20:59.030 [main] DEBUG o.h.e.i.AbstractFlushingEventListener - Flushed: 1 insertions, 0 updates, 0 deletions to 1 objects
21:20:59.030 [main] DEBUG o.h.e.i.AbstractFlushingEventListener - Flushed: 0 (re)creations, 0 updates, 0 removals to 0 collections
21:20:59.030 [main] DEBUG o.h.internal.util.EntityPrinter - Listing entities:
21:20:59.030 [main] DEBUG o.h.internal.util.EntityPrinter - edu.ncsu.csc.itrust2.models.persistent.LogEntry{secondaryUser=null, logCode=5, primaryUser=logapitest, id=281, time=java.util.GregorianCalendar[time=1521667258971,areFieldsSet=true,areAllFieldsSet=true,lenient=true,zone=sun.util.calendar.ZoneInfo[id="Etc/UTC",offset=0,dstSavings=0,useDaylight=false,transitions=0,lastRule=null],firstDayOfWeek=1,minimalDaysInFirstWeek=1,ERA=1,YEAR=2018,MONTH=2,WEEK_OF_YEAR=12,WEEK_OF_MONTH=4,DAY_OF_MONTH=21,DAY_OF_YEAR=80,DAY_OF_WEEK=4,DAY_OF_WEEK_IN_MONTH=3,AM_PM=1,HOUR=9,HOUR_OF_DAY=21,MINUTE=20,SECOND=58,MILLISECOND=971,ZONE_OFFSET=0,DST_OFFSET=0], message=null}
21:20:59.030 [main] DEBUG org.hibernate.SQL - insert into LogEntries (logCode, message, primaryUser, secondaryUser, time, id) values (?, ?, ?, ?, ?, ?)
Hibernate: insert into LogEntries (logCode, message, primaryUser, secondaryUser, time, id) values (?, ?, ?, ?, ?, ?)
21:20:59.034 [main] DEBUG o.h.e.j.internal.JdbcCoordinatorImpl - HHH000420: Closing un-released batch
21:20:59.035 [main] DEBUG o.h.e.t.internal.TransactionImpl - begin
21:20:59.037 [main] DEBUG org.hibernate.SQL - select next_val as id_val from hibernate_sequence for update
Hibernate: select next_val as id_val from hibernate_sequence for update
21:20:59.038 [main] DEBUG org.hibernate.SQL - update hibernate_sequence set next_val= ? where next_val=?
Hibernate: update hibernate_sequence set next_val= ? where next_val=?
21:20:59.039 [main] DEBUG o.h.e.i.AbstractSaveEventListener - Generated identifier: 282, using strategy: org.hibernate.id.enhanced.SequenceStyleGenerator
21:20:59.039 [main] DEBUG o.h.e.t.internal.TransactionImpl - committing
21:20:59.040 [main] DEBUG o.h.e.i.AbstractFlushingEventListener - Processing flush-time cascades
21:20:59.040 [main] DEBUG o.h.e.i.AbstractFlushingEventListener - Dirty checking collections
21:20:59.040 [main] DEBUG o.h.e.i.AbstractFlushingEventListener - Flushed: 1 insertions, 0 updates, 0 deletions to 1 objects
21:20:59.040 [main] DEBUG o.h.e.i.AbstractFlushingEventListener - Flushed: 0 (re)creations, 0 updates, 0 removals to 0 collections
21:20:59.040 [main] DEBUG o.h.internal.util.EntityPrinter - Listing entities:
21:20:59.040 [main] DEBUG o.h.internal.util.EntityPrinter - edu.ncsu.csc.itrust2.models.persistent.LogEntry{secondaryUser=null, logCode=5, primaryUser=logapitest, id=282, time=java.util.GregorianCalendar[time=1521667259035,areFieldsSet=true,areAllFieldsSet=true,lenient=true,zone=sun.util.calendar.ZoneInfo[id="Etc/UTC",offset=0,dstSavings=0,useDaylight=false,transitions=0,lastRule=null],firstDayOfWeek=1,minimalDaysInFirstWeek=1,ERA=1,YEAR=2018,MONTH=2,WEEK_OF_YEAR=12,WEEK_OF_MONTH=4,DAY_OF_MONTH=21,DAY_OF_YEAR=80,DAY_OF_WEEK=4,DAY_OF_WEEK_IN_MONTH=3,AM_PM=1,HOUR=9,HOUR_OF_DAY=21,MINUTE=20,SECOND=59,MILLISECOND=35,ZONE_OFFSET=0,DST_OFFSET=0], message=null}
21:20:59.041 [main] DEBUG org.hibernate.SQL - insert into LogEntries (logCode, message, primaryUser, secondaryUser, time, id) values (?, ?, ?, ?, ?, ?)
Hibernate: insert into LogEntries (logCode, message, primaryUser, secondaryUser, time, id) values (?, ?, ?, ?, ?, ?)
21:20:59.046 [main] DEBUG o.h.e.j.internal.JdbcCoordinatorImpl - HHH000420: Closing un-released batch
21:20:59.046 [main] DEBUG o.h.e.t.internal.TransactionImpl - begin
21:20:59.047 [main] DEBUG org.hibernate.SQL - select next_val as id_val from hibernate_sequence for update
Hibernate: select next_val as id_val from hibernate_sequence for update
21:20:59.048 [main] DEBUG org.hibernate.SQL - update hibernate_sequence set next_val= ? where next_val=?
Hibernate: update hibernate_sequence set next_val= ? where next_val=?
21:20:59.050 [main] DEBUG o.h.e.i.AbstractSaveEventListener - Generated identifier: 283, using strategy: org.hibernate.id.enhanced.SequenceStyleGenerator
21:20:59.050 [main] DEBUG o.h.e.t.internal.TransactionImpl - committing
21:20:59.050 [main] DEBUG o.h.e.i.AbstractFlushingEventListener - Processing flush-time cascades
21:20:59.050 [main] DEBUG o.h.e.i.AbstractFlushingEventListener - Dirty checking collections
21:20:59.050 [main] DEBUG o.h.e.i.AbstractFlushingEventListener - Flushed: 1 insertions, 0 updates, 0 deletions to 1 objects
21:20:59.050 [main] DEBUG o.h.e.i.AbstractFlushingEventListener - Flushed: 0 (re)creations, 0 updates, 0 removals to 0 collections
21:20:59.050 [main] DEBUG o.h.internal.util.EntityPrinter - Listing entities:
21:20:59.050 [main] DEBUG o.h.internal.util.EntityPrinter - edu.ncsu.csc.itrust2.models.persistent.LogEntry{secondaryUser=null, logCode=5, primaryUser=logapitest, id=283, time=java.util.GregorianCalendar[time=1521667259046,areFieldsSet=true,areAllFieldsSet=true,lenient=true,zone=sun.util.calendar.ZoneInfo[id="Etc/UTC",offset=0,dstSavings=0,useDaylight=false,transitions=0,lastRule=null],firstDayOfWeek=1,minimalDaysInFirstWeek=1,ERA=1,YEAR=2018,MONTH=2,WEEK_OF_YEAR=12,WEEK_OF_MONTH=4,DAY_OF_MONTH=21,DAY_OF_YEAR=80,DAY_OF_WEEK=4,DAY_OF_WEEK_IN_MONTH=3,AM_PM=1,HOUR=9,HOUR_OF_DAY=21,MINUTE=20,SECOND=59,MILLISECOND=46,ZONE_OFFSET=0,DST_OFFSET=0], message=null}
21:20:59.051 [main] DEBUG org.hibernate.SQL - insert into LogEntries (logCode, message, primaryUser, secondaryUser, time, id) values (?, ?, ?, ?, ?, ?)
Hibernate: insert into LogEntries (logCode, message, primaryUser, secondaryUser, time, id) values (?, ?, ?, ?, ?, ?)
21:20:59.052 [main] DEBUG o.h.e.j.internal.JdbcCoordinatorImpl - HHH000420: Closing un-released batch
21:20:59.053 [main] DEBUG o.h.e.t.internal.TransactionImpl - begin
21:20:59.054 [main] DEBUG org.hibernate.SQL - select next_val as id_val from hibernate_sequence for update
Hibernate: select next_val as id_val from hibernate_sequence for update
21:20:59.055 [main] DEBUG org.hibernate.SQL - update hibernate_sequence set next_val= ? where next_val=?
Hibernate: update hibernate_sequence set next_val= ? where next_val=?
21:20:59.056 [main] DEBUG o.h.e.i.AbstractSaveEventListener - Generated identifier: 284, using strategy: org.hibernate.id.enhanced.SequenceStyleGenerator
21:20:59.056 [main] DEBUG o.h.e.t.internal.TransactionImpl - committing
21:20:59.056 [main] DEBUG o.h.e.i.AbstractFlushingEventListener - Processing flush-time cascades
21:20:59.056 [main] DEBUG o.h.e.i.AbstractFlushingEventListener - Dirty checking collections
21:20:59.057 [main] DEBUG o.h.e.i.AbstractFlushingEventListener - Flushed: 1 insertions, 0 updates, 0 deletions to 1 objects
21:20:59.057 [main] DEBUG o.h.e.i.AbstractFlushingEventListener - Flushed: 0 (re)creations, 0 updates, 0 removals to 0 collections
21:20:59.057 [main] DEBUG o.h.internal.util.EntityPrinter - Listing entities:
21:20:59.057 [main] DEBUG o.h.internal.util.EntityPrinter - edu.ncsu.csc.itrust2.models.persistent.LogEntry{secondaryUser=null, logCode=5, primaryUser=logapitest, id=284, time=java.util.GregorianCalendar[time=1521667259052,areFieldsSet=true,areAllFieldsSet=true,lenient=true,zone=sun.util.calendar.ZoneInfo[id="Etc/UTC",offset=0,dstSavings=0,useDaylight=false,transitions=0,lastRule=null],firstDayOfWeek=1,minimalDaysInFirstWeek=1,ERA=1,YEAR=2018,MONTH=2,WEEK_OF_YEAR=12,WEEK_OF_MONTH=4,DAY_OF_MONTH=21,DAY_OF_YEAR=80,DAY_OF_WEEK=4,DAY_OF_WEEK_IN_MONTH=3,AM_PM=1,HOUR=9,HOUR_OF_DAY=21,MINUTE=20,SECOND=59,MILLISECOND=52,ZONE_OFFSET=0,DST_OFFSET=0], message=null}
21:20:59.057 [main] DEBUG org.hibernate.SQL - insert into LogEntries (logCode, message, primaryUser, secondaryUser, time, id) values (?, ?, ?, ?, ?, ?)
Hibernate: insert into LogEntries (logCode, message, primaryUser, secondaryUser, time, id) values (?, ?, ?, ?, ?, ?)
21:20:59.060 [main] DEBUG o.h.e.j.internal.JdbcCoordinatorImpl - HHH000420: Closing un-released batch
21:20:59.060 [main] DEBUG o.h.e.t.internal.TransactionImpl - begin
21:20:59.061 [main] DEBUG org.hibernate.SQL - select next_val as id_val from hibernate_sequence for update
Hibernate: select next_val as id_val from hibernate_sequence for update
21:20:59.061 [main] DEBUG org.hibernate.SQL - update hibernate_sequence set next_val= ? where next_val=?
Hibernate: update hibernate_sequence set next_val= ? where next_val=?
21:20:59.062 [main] DEBUG o.h.e.i.AbstractSaveEventListener - Generated identifier: 285, using strategy: org.hibernate.id.enhanced.SequenceStyleGenerator
21:20:59.063 [main] DEBUG o.h.e.t.internal.TransactionImpl - committing
21:20:59.063 [main] DEBUG o.h.e.i.AbstractFlushingEventListener - Processing flush-time cascades
21:20:59.063 [main] DEBUG o.h.e.i.AbstractFlushingEventListener - Dirty checking collections
21:20:59.063 [main] DEBUG o.h.e.i.AbstractFlushingEventListener - Flushed: 1 insertions, 0 updates, 0 deletions to 1 objects
21:20:59.063 [main] DEBUG o.h.e.i.AbstractFlushingEventListener - Flushed: 0 (re)creations, 0 updates, 0 removals to 0 collections
21:20:59.063 [main] DEBUG o.h.internal.util.EntityPrinter - Listing entities:
21:20:59.063 [main] DEBUG o.h.internal.util.EntityPrinter - edu.ncsu.csc.itrust2.models.persistent.LogEntry{secondaryUser=null, logCode=5, primaryUser=logapitest, id=285, time=java.util.GregorianCalendar[time=1521667259060,areFieldsSet=true,areAllFieldsSet=true,lenient=true,zone=sun.util.calendar.ZoneInfo[id="Etc/UTC",offset=0,dstSavings=0,useDaylight=false,transitions=0,lastRule=null],firstDayOfWeek=1,minimalDaysInFirstWeek=1,ERA=1,YEAR=2018,MONTH=2,WEEK_OF_YEAR=12,WEEK_OF_MONTH=4,DAY_OF_MONTH=21,DAY_OF_YEAR=80,DAY_OF_WEEK=4,DAY_OF_WEEK_IN_MONTH=3,AM_PM=1,HOUR=9,HOUR_OF_DAY=21,MINUTE=20,SECOND=59,MILLISECOND=60,ZONE_OFFSET=0,DST_OFFSET=0], message=null}
21:20:59.063 [main] DEBUG org.hibernate.SQL - insert into LogEntries (logCode, message, primaryUser, secondaryUser, time, id) values (?, ?, ?, ?, ?, ?)
Hibernate: insert into LogEntries (logCode, message, primaryUser, secondaryUser, time, id) values (?, ?, ?, ?, ?, ?)
21:20:59.064 [main] DEBUG o.h.e.j.internal.JdbcCoordinatorImpl - HHH000420: Closing un-released batch
21:20:59.065 [main] DEBUG o.h.e.t.internal.TransactionImpl - begin
21:20:59.065 [main] DEBUG org.hibernate.SQL - select next_val as id_val from hibernate_sequence for update
Hibernate: select next_val as id_val from hibernate_sequence for update
21:20:59.066 [main] DEBUG org.hibernate.SQL - update hibernate_sequence set next_val= ? where next_val=?
Hibernate: update hibernate_sequence set next_val= ? where next_val=?
21:20:59.067 [main] DEBUG o.h.e.i.AbstractSaveEventListener - Generated identifier: 286, using strategy: org.hibernate.id.enhanced.SequenceStyleGenerator
21:20:59.067 [main] DEBUG o.h.e.t.internal.TransactionImpl - committing
21:20:59.067 [main] DEBUG o.h.e.i.AbstractFlushingEventListener - Processing flush-time cascades
21:20:59.067 [main] DEBUG o.h.e.i.AbstractFlushingEventListener - Dirty checking collections
21:20:59.067 [main] DEBUG o.h.e.i.AbstractFlushingEventListener - Flushed: 1 insertions, 0 updates, 0 deletions to 1 objects
21:20:59.067 [main] DEBUG o.h.e.i.AbstractFlushingEventListener - Flushed: 0 (re)creations, 0 updates, 0 removals to 0 collections
21:20:59.067 [main] DEBUG o.h.internal.util.EntityPrinter - Listing entities:
21:20:59.068 [main] DEBUG o.h.internal.util.EntityPrinter - edu.ncsu.csc.itrust2.models.persistent.LogEntry{secondaryUser=null, logCode=5, primaryUser=logapitest, id=286, time=java.util.GregorianCalendar[time=1521667259065,areFieldsSet=true,areAllFieldsSet=true,lenient=true,zone=sun.util.calendar.ZoneInfo[id="Etc/UTC",offset=0,dstSavings=0,useDaylight=false,transitions=0,lastRule=null],firstDayOfWeek=1,minimalDaysInFirstWeek=1,ERA=1,YEAR=2018,MONTH=2,WEEK_OF_YEAR=12,WEEK_OF_MONTH=4,DAY_OF_MONTH=21,DAY_OF_YEAR=80,DAY_OF_WEEK=4,DAY_OF_WEEK_IN_MONTH=3,AM_PM=1,HOUR=9,HOUR_OF_DAY=21,MINUTE=20,SECOND=59,MILLISECOND=65,ZONE_OFFSET=0,DST_OFFSET=0], message=null}
21:20:59.068 [main] DEBUG org.hibernate.SQL - insert into LogEntries (logCode, message, primaryUser, secondaryUser, time, id) values (?, ?, ?, ?, ?, ?)
Hibernate: insert into LogEntries (logCode, message, primaryUser, secondaryUser, time, id) values (?, ?, ?, ?, ?, ?)
21:20:59.069 [main] DEBUG o.h.e.j.internal.JdbcCoordinatorImpl - HHH000420: Closing un-released batch
21:20:59.069 [main] DEBUG o.h.e.t.internal.TransactionImpl - begin
21:20:59.070 [main] DEBUG org.hibernate.SQL - select next_val as id_val from hibernate_sequence for update
Hibernate: select next_val as id_val from hibernate_sequence for update
21:20:59.070 [main] DEBUG org.hibernate.SQL - update hibernate_sequence set next_val= ? where next_val=?
Hibernate: update hibernate_sequence set next_val= ? where next_val=?
21:20:59.072 [main] DEBUG o.h.e.i.AbstractSaveEventListener - Generated identifier: 287, using strategy: org.hibernate.id.enhanced.SequenceStyleGenerator
21:20:59.072 [main] DEBUG o.h.e.t.internal.TransactionImpl - committing
21:20:59.072 [main] DEBUG o.h.e.i.AbstractFlushingEventListener - Processing flush-time cascades
21:20:59.072 [main] DEBUG o.h.e.i.AbstractFlushingEventListener - Dirty checking collections
21:20:59.072 [main] DEBUG o.h.e.i.AbstractFlushingEventListener - Flushed: 1 insertions, 0 updates, 0 deletions to 1 objects
21:20:59.072 [main] DEBUG o.h.e.i.AbstractFlushingEventListener - Flushed: 0 (re)creations, 0 updates, 0 removals to 0 collections
21:20:59.072 [main] DEBUG o.h.internal.util.EntityPrinter - Listing entities:
21:20:59.072 [main] DEBUG o.h.internal.util.EntityPrinter - edu.ncsu.csc.itrust2.models.persistent.LogEntry{secondaryUser=null, logCode=5, primaryUser=logapitest, id=287, time=java.util.GregorianCalendar[time=1521667259069,areFieldsSet=true,areAllFieldsSet=true,lenient=true,zone=sun.util.calendar.ZoneInfo[id="Etc/UTC",offset=0,dstSavings=0,useDaylight=false,transitions=0,lastRule=null],firstDayOfWeek=1,minimalDaysInFirstWeek=1,ERA=1,YEAR=2018,MONTH=2,WEEK_OF_YEAR=12,WEEK_OF_MONTH=4,DAY_OF_MONTH=21,DAY_OF_YEAR=80,DAY_OF_WEEK=4,DAY_OF_WEEK_IN_MONTH=3,AM_PM=1,HOUR=9,HOUR_OF_DAY=21,MINUTE=20,SECOND=59,MILLISECOND=69,ZONE_OFFSET=0,DST_OFFSET=0], message=null}
21:20:59.073 [main] DEBUG org.hibernate.SQL - insert into LogEntries (logCode, message, primaryUser, secondaryUser, time, id) values (?, ?, ?, ?, ?, ?)
Hibernate: insert into LogEntries (logCode, message, primaryUser, secondaryUser, time, id) values (?, ?, ?, ?, ?, ?)
21:20:59.074 [main] DEBUG o.h.e.j.internal.JdbcCoordinatorImpl - HHH000420: Closing un-released batch
21:20:59.074 [main] DEBUG o.h.e.t.internal.TransactionImpl - begin
21:20:59.075 [main] DEBUG org.hibernate.SQL - select next_val as id_val from hibernate_sequence for update
Hibernate: select next_val as id_val from hibernate_sequence for update
21:20:59.075 [main] DEBUG org.hibernate.SQL - update hibernate_sequence set next_val= ? where next_val=?
Hibernate: update hibernate_sequence set next_val= ? where next_val=?
21:20:59.076 [main] DEBUG o.h.e.i.AbstractSaveEventListener - Generated identifier: 288, using strategy: org.hibernate.id.enhanced.SequenceStyleGenerator
21:20:59.076 [main] DEBUG o.h.e.t.internal.TransactionImpl - committing
21:20:59.076 [main] DEBUG o.h.e.i.AbstractFlushingEventListener - Processing flush-time cascades
21:20:59.076 [main] DEBUG o.h.e.i.AbstractFlushingEventListener - Dirty checking collections
21:20:59.076 [main] DEBUG o.h.e.i.AbstractFlushingEventListener - Flushed: 1 insertions, 0 updates, 0 deletions to 1 objects
21:20:59.077 [main] DEBUG o.h.e.i.AbstractFlushingEventListener - Flushed: 0 (re)creations, 0 updates, 0 removals to 0 collections
21:20:59.077 [main] DEBUG o.h.internal.util.EntityPrinter - Listing entities:
21:20:59.077 [main] DEBUG o.h.internal.util.EntityPrinter - edu.ncsu.csc.itrust2.models.persistent.LogEntry{secondaryUser=null, logCode=5, primaryUser=logapitest, id=288, time=java.util.GregorianCalendar[time=1521667259074,areFieldsSet=true,areAllFieldsSet=true,lenient=true,zone=sun.util.calendar.ZoneInfo[id="Etc/UTC",offset=0,dstSavings=0,useDaylight=false,transitions=0,lastRule=null],firstDayOfWeek=1,minimalDaysInFirstWeek=1,ERA=1,YEAR=2018,MONTH=2,WEEK_OF_YEAR=12,WEEK_OF_MONTH=4,DAY_OF_MONTH=21,DAY_OF_YEAR=80,DAY_OF_WEEK=4,DAY_OF_WEEK_IN_MONTH=3,AM_PM=1,HOUR=9,HOUR_OF_DAY=21,MINUTE=20,SECOND=59,MILLISECOND=74,ZONE_OFFSET=0,DST_OFFSET=0], message=null}
21:20:59.077 [main] DEBUG org.hibernate.SQL - insert into LogEntries (logCode, message, primaryUser, secondaryUser, time, id) values (?, ?, ?, ?, ?, ?)
Hibernate: insert into LogEntries (logCode, message, primaryUser, secondaryUser, time, id) values (?, ?, ?, ?, ?, ?)
21:20:59.078 [main] DEBUG o.h.e.j.internal.JdbcCoordinatorImpl - HHH000420: Closing un-released batch
21:20:59.079 [main] DEBUG o.h.e.t.internal.TransactionImpl - begin
21:20:59.079 [main] DEBUG org.hibernate.SQL - select next_val as id_val from hibernate_sequence for update
Hibernate: select next_val as id_val from hibernate_sequence for update
21:20:59.080 [main] DEBUG org.hibernate.SQL - update hibernate_sequence set next_val= ? where next_val=?
Hibernate: update hibernate_sequence set next_val= ? where next_val=?
21:20:59.081 [main] DEBUG o.h.e.i.AbstractSaveEventListener - Generated identifier: 289, using strategy: org.hibernate.id.enhanced.SequenceStyleGenerator
21:20:59.081 [main] DEBUG o.h.e.t.internal.TransactionImpl - committing
21:20:59.081 [main] DEBUG o.h.e.i.AbstractFlushingEventListener - Processing flush-time cascades
21:20:59.082 [main] DEBUG o.h.e.i.AbstractFlushingEventListener - Dirty checking collections
21:20:59.082 [main] DEBUG o.h.e.i.AbstractFlushingEventListener - Flushed: 1 insertions, 0 updates, 0 deletions to 1 objects
21:20:59.082 [main] DEBUG o.h.e.i.AbstractFlushingEventListener - Flushed: 0 (re)creations, 0 updates, 0 removals to 0 collections
21:20:59.082 [main] DEBUG o.h.internal.util.EntityPrinter - Listing entities:
21:20:59.082 [main] DEBUG o.h.internal.util.EntityPrinter - edu.ncsu.csc.itrust2.models.persistent.LogEntry{secondaryUser=null, logCode=5, primaryUser=logapitest, id=289, time=java.util.GregorianCalendar[time=1521667259079,areFieldsSet=true,areAllFieldsSet=true,lenient=true,zone=sun.util.calendar.ZoneInfo[id="Etc/UTC",offset=0,dstSavings=0,useDaylight=false,transitions=0,lastRule=null],firstDayOfWeek=1,minimalDaysInFirstWeek=1,ERA=1,YEAR=2018,MONTH=2,WEEK_OF_YEAR=12,WEEK_OF_MONTH=4,DAY_OF_MONTH=21,DAY_OF_YEAR=80,DAY_OF_WEEK=4,DAY_OF_WEEK_IN_MONTH=3,AM_PM=1,HOUR=9,HOUR_OF_DAY=21,MINUTE=20,SECOND=59,MILLISECOND=79,ZONE_OFFSET=0,DST_OFFSET=0], message=null}
21:20:59.084 [main] DEBUG org.hibernate.SQL - insert into LogEntries (logCode, message, primaryUser, secondaryUser, time, id) values (?, ?, ?, ?, ?, ?)
Hibernate: insert into LogEntries (logCode, message, primaryUser, secondaryUser, time, id) values (?, ?, ?, ?, ?, ?)
21:20:59.086 [main] DEBUG o.h.e.j.internal.JdbcCoordinatorImpl - HHH000420: Closing un-released batch
21:20:59.086 [main] DEBUG o.h.e.t.internal.TransactionImpl - begin
21:20:59.087 [main] DEBUG org.hibernate.SQL - select next_val as id_val from hibernate_sequence for update
Hibernate: select next_val as id_val from hibernate_sequence for update
21:20:59.088 [main] DEBUG org.hibernate.SQL - update hibernate_sequence set next_val= ? where next_val=?
Hibernate: update hibernate_sequence set next_val= ? where next_val=?
21:20:59.089 [main] DEBUG o.h.e.i.AbstractSaveEventListener - Generated identifier: 290, using strategy: org.hibernate.id.enhanced.SequenceStyleGenerator
21:20:59.090 [main] DEBUG o.h.e.t.internal.TransactionImpl - committing
21:20:59.090 [main] DEBUG o.h.e.i.AbstractFlushingEventListener - Processing flush-time cascades
21:20:59.090 [main] DEBUG o.h.e.i.AbstractFlushingEventListener - Dirty checking collections
21:20:59.090 [main] DEBUG o.h.e.i.AbstractFlushingEventListener - Flushed: 1 insertions, 0 updates, 0 deletions to 1 objects
21:20:59.090 [main] DEBUG o.h.e.i.AbstractFlushingEventListener - Flushed: 0 (re)creations, 0 updates, 0 removals to 0 collections
21:20:59.090 [main] DEBUG o.h.internal.util.EntityPrinter - Listing entities:
21:20:59.090 [main] DEBUG o.h.internal.util.EntityPrinter - edu.ncsu.csc.itrust2.models.persistent.LogEntry{secondaryUser=null, logCode=5, primaryUser=logapitest, id=290, time=java.util.GregorianCalendar[time=1521667259086,areFieldsSet=true,areAllFieldsSet=true,lenient=true,zone=sun.util.calendar.ZoneInfo[id="Etc/UTC",offset=0,dstSavings=0,useDaylight=false,transitions=0,lastRule=null],firstDayOfWeek=1,minimalDaysInFirstWeek=1,ERA=1,YEAR=2018,MONTH=2,WEEK_OF_YEAR=12,WEEK_OF_MONTH=4,DAY_OF_MONTH=21,DAY_OF_YEAR=80,DAY_OF_WEEK=4,DAY_OF_WEEK_IN_MONTH=3,AM_PM=1,HOUR=9,HOUR_OF_DAY=21,MINUTE=20,SECOND=59,MILLISECOND=86,ZONE_OFFSET=0,DST_OFFSET=0], message=null}
21:20:59.091 [main] DEBUG org.hibernate.SQL - insert into LogEntries (logCode, message, primaryUser, secondaryUser, time, id) values (?, ?, ?, ?, ?, ?)
Hibernate: insert into LogEntries (logCode, message, primaryUser, secondaryUser, time, id) values (?, ?, ?, ?, ?, ?)
21:20:59.092 [main] DEBUG o.h.e.j.internal.JdbcCoordinatorImpl - HHH000420: Closing un-released batch
21:20:59.093 [main] DEBUG o.h.e.t.internal.TransactionImpl - begin
21:20:59.093 [main] DEBUG org.hibernate.SQL - select next_val as id_val from hibernate_sequence for update
Hibernate: select next_val as id_val from hibernate_sequence for update
21:20:59.094 [main] DEBUG org.hibernate.SQL - update hibernate_sequence set next_val= ? where next_val=?
Hibernate: update hibernate_sequence set next_val= ? where next_val=?
21:20:59.095 [main] DEBUG o.h.e.i.AbstractSaveEventListener - Generated identifier: 291, using strategy: org.hibernate.id.enhanced.SequenceStyleGenerator
21:20:59.095 [main] DEBUG o.h.e.t.internal.TransactionImpl - committing
21:20:59.095 [main] DEBUG o.h.e.i.AbstractFlushingEventListener - Processing flush-time cascades
21:20:59.095 [main] DEBUG o.h.e.i.AbstractFlushingEventListener - Dirty checking collections
21:20:59.095 [main] DEBUG o.h.e.i.AbstractFlushingEventListener - Flushed: 1 insertions, 0 updates, 0 deletions to 1 objects
21:20:59.096 [main] DEBUG o.h.e.i.AbstractFlushingEventListener - Flushed: 0 (re)creations, 0 updates, 0 removals to 0 collections
21:20:59.096 [main] DEBUG o.h.internal.util.EntityPrinter - Listing entities:
21:20:59.096 [main] DEBUG o.h.internal.util.EntityPrinter - edu.ncsu.csc.itrust2.models.persistent.LogEntry{secondaryUser=null, logCode=5, primaryUser=logapitest, id=291, time=java.util.GregorianCalendar[time=1521667259093,areFieldsSet=true,areAllFieldsSet=true,lenient=true,zone=sun.util.calendar.ZoneInfo[id="Etc/UTC",offset=0,dstSavings=0,useDaylight=false,transitions=0,lastRule=null],firstDayOfWeek=1,minimalDaysInFirstWeek=1,ERA=1,YEAR=2018,MONTH=2,WEEK_OF_YEAR=12,WEEK_OF_MONTH=4,DAY_OF_MONTH=21,DAY_OF_YEAR=80,DAY_OF_WEEK=4,DAY_OF_WEEK_IN_MONTH=3,AM_PM=1,HOUR=9,HOUR_OF_DAY=21,MINUTE=20,SECOND=59,MILLISECOND=93,ZONE_OFFSET=0,DST_OFFSET=0], message=null}
21:20:59.096 [main] DEBUG org.hibernate.SQL - insert into LogEntries (logCode, message, primaryUser, secondaryUser, time, id) values (?, ?, ?, ?, ?, ?)
Hibernate: insert into LogEntries (logCode, message, primaryUser, secondaryUser, time, id) values (?, ?, ?, ?, ?, ?)
21:20:59.097 [main] DEBUG o.h.e.j.internal.JdbcCoordinatorImpl - HHH000420: Closing un-released batch
21:20:59.098 [main] DEBUG o.h.e.t.internal.TransactionImpl - begin
21:20:59.099 [main] DEBUG org.hibernate.SQL - select next_val as id_val from hibernate_sequence for update
Hibernate: select next_val as id_val from hibernate_sequence for update
21:20:59.099 [main] DEBUG org.hibernate.SQL - update hibernate_sequence set next_val= ? where next_val=?
Hibernate: update hibernate_sequence set next_val= ? where next_val=?
21:20:59.100 [main] DEBUG o.h.e.i.AbstractSaveEventListener - Generated identifier: 292, using strategy: org.hibernate.id.enhanced.SequenceStyleGenerator
21:20:59.100 [main] DEBUG o.h.e.t.internal.TransactionImpl - committing
21:20:59.101 [main] DEBUG o.h.e.i.AbstractFlushingEventListener - Processing flush-time cascades
21:20:59.101 [main] DEBUG o.h.e.i.AbstractFlushingEventListener - Dirty checking collections
21:20:59.101 [main] DEBUG o.h.e.i.AbstractFlushingEventListener - Flushed: 1 insertions, 0 updates, 0 deletions to 1 objects
21:20:59.101 [main] DEBUG o.h.e.i.AbstractFlushingEventListener - Flushed: 0 (re)creations, 0 updates, 0 removals to 0 collections
21:20:59.101 [main] DEBUG o.h.internal.util.EntityPrinter - Listing entities:
21:20:59.101 [main] DEBUG o.h.internal.util.EntityPrinter - edu.ncsu.csc.itrust2.models.persistent.LogEntry{secondaryUser=null, logCode=5, primaryUser=logapitest, id=292, time=java.util.GregorianCalendar[time=1521667259098,areFieldsSet=true,areAllFieldsSet=true,lenient=true,zone=sun.util.calendar.ZoneInfo[id="Etc/UTC",offset=0,dstSavings=0,useDaylight=false,transitions=0,lastRule=null],firstDayOfWeek=1,minimalDaysInFirstWeek=1,ERA=1,YEAR=2018,MONTH=2,WEEK_OF_YEAR=12,WEEK_OF_MONTH=4,DAY_OF_MONTH=21,DAY_OF_YEAR=80,DAY_OF_WEEK=4,DAY_OF_WEEK_IN_MONTH=3,AM_PM=1,HOUR=9,HOUR_OF_DAY=21,MINUTE=20,SECOND=59,MILLISECOND=98,ZONE_OFFSET=0,DST_OFFSET=0], message=null}
21:20:59.101 [main] DEBUG org.hibernate.SQL - insert into LogEntries (logCode, message, primaryUser, secondaryUser, time, id) values (?, ?, ?, ?, ?, ?)
Hibernate: insert into LogEntries (logCode, message, primaryUser, secondaryUser, time, id) values (?, ?, ?, ?, ?, ?)
21:20:59.103 [main] DEBUG o.h.e.j.internal.JdbcCoordinatorImpl - HHH000420: Closing un-released batch
21:20:59.104 [main] DEBUG o.h.e.t.internal.TransactionImpl - begin
21:20:59.104 [main] DEBUG org.hibernate.SQL - select next_val as id_val from hibernate_sequence for update
Hibernate: select next_val as id_val from hibernate_sequence for update
21:20:59.105 [main] DEBUG org.hibernate.SQL - update hibernate_sequence set next_val= ? where next_val=?
Hibernate: update hibernate_sequence set next_val= ? where next_val=?
21:20:59.106 [main] DEBUG o.h.e.i.AbstractSaveEventListener - Generated identifier: 293, using strategy: org.hibernate.id.enhanced.SequenceStyleGenerator
21:20:59.106 [main] DEBUG o.h.e.t.internal.TransactionImpl - committing
21:20:59.106 [main] DEBUG o.h.e.i.AbstractFlushingEventListener - Processing flush-time cascades
21:20:59.106 [main] DEBUG o.h.e.i.AbstractFlushingEventListener - Dirty checking collections
21:20:59.106 [main] DEBUG o.h.e.i.AbstractFlushingEventListener - Flushed: 1 insertions, 0 updates, 0 deletions to 1 objects
21:20:59.106 [main] DEBUG o.h.e.i.AbstractFlushingEventListener - Flushed: 0 (re)creations, 0 updates, 0 removals to 0 collections
21:20:59.106 [main] DEBUG o.h.internal.util.EntityPrinter - Listing entities:
21:20:59.107 [main] DEBUG o.h.internal.util.EntityPrinter - edu.ncsu.csc.itrust2.models.persistent.LogEntry{secondaryUser=null, logCode=5, primaryUser=logapitest, id=293, time=java.util.GregorianCalendar[time=1521667259104,areFieldsSet=true,areAllFieldsSet=true,lenient=true,zone=sun.util.calendar.ZoneInfo[id="Etc/UTC",offset=0,dstSavings=0,useDaylight=false,transitions=0,lastRule=null],firstDayOfWeek=1,minimalDaysInFirstWeek=1,ERA=1,YEAR=2018,MONTH=2,WEEK_OF_YEAR=12,WEEK_OF_MONTH=4,DAY_OF_MONTH=21,DAY_OF_YEAR=80,DAY_OF_WEEK=4,DAY_OF_WEEK_IN_MONTH=3,AM_PM=1,HOUR=9,HOUR_OF_DAY=21,MINUTE=20,SECOND=59,MILLISECOND=104,ZONE_OFFSET=0,DST_OFFSET=0], message=null}
21:20:59.107 [main] DEBUG org.hibernate.SQL - insert into LogEntries (logCode, message, primaryUser, secondaryUser, time, id) values (?, ?, ?, ?, ?, ?)
Hibernate: insert into LogEntries (logCode, message, primaryUser, secondaryUser, time, id) values (?, ?, ?, ?, ?, ?)
21:20:59.109 [main] DEBUG o.h.e.j.internal.JdbcCoordinatorImpl - HHH000420: Closing un-released batch
21:20:59.109 [main] DEBUG o.h.e.t.internal.TransactionImpl - begin
21:20:59.111 [main] DEBUG org.hibernate.SQL - select next_val as id_val from hibernate_sequence for update
Hibernate: select next_val as id_val from hibernate_sequence for update
21:20:59.112 [main] DEBUG org.hibernate.SQL - update hibernate_sequence set next_val= ? where next_val=?
Hibernate: update hibernate_sequence set next_val= ? where next_val=?
21:20:59.114 [main] DEBUG o.h.e.i.AbstractSaveEventListener - Generated identifier: 294, using strategy: org.hibernate.id.enhanced.SequenceStyleGenerator
21:20:59.115 [main] DEBUG o.h.e.t.internal.TransactionImpl - committing
21:20:59.115 [main] DEBUG o.h.e.i.AbstractFlushingEventListener - Processing flush-time cascades
21:20:59.115 [main] DEBUG o.h.e.i.AbstractFlushingEventListener - Dirty checking collections
21:20:59.115 [main] DEBUG o.h.e.i.AbstractFlushingEventListener - Flushed: 1 insertions, 0 updates, 0 deletions to 1 objects
21:20:59.116 [main] DEBUG o.h.e.i.AbstractFlushingEventListener - Flushed: 0 (re)creations, 0 updates, 0 removals to 0 collections
21:20:59.116 [main] DEBUG o.h.internal.util.EntityPrinter - Listing entities:
21:20:59.116 [main] DEBUG o.h.internal.util.EntityPrinter - edu.ncsu.csc.itrust2.models.persistent.LogEntry{secondaryUser=null, logCode=5, primaryUser=logapitest, id=294, time=java.util.GregorianCalendar[time=1521667259109,areFieldsSet=true,areAllFieldsSet=true,lenient=true,zone=sun.util.calendar.ZoneInfo[id="Etc/UTC",offset=0,dstSavings=0,useDaylight=false,transitions=0,lastRule=null],firstDayOfWeek=1,minimalDaysInFirstWeek=1,ERA=1,YEAR=2018,MONTH=2,WEEK_OF_YEAR=12,WEEK_OF_MONTH=4,DAY_OF_MONTH=21,DAY_OF_YEAR=80,DAY_OF_WEEK=4,DAY_OF_WEEK_IN_MONTH=3,AM_PM=1,HOUR=9,HOUR_OF_DAY=21,MINUTE=20,SECOND=59,MILLISECOND=109,ZONE_OFFSET=0,DST_OFFSET=0], message=null}
21:20:59.116 [main] DEBUG org.hibernate.SQL - insert into LogEntries (logCode, message, primaryUser, secondaryUser, time, id) values (?, ?, ?, ?, ?, ?)
Hibernate: insert into LogEntries (logCode, message, primaryUser, secondaryUser, time, id) values (?, ?, ?, ?, ?, ?)
21:20:59.118 [main] DEBUG o.h.e.j.internal.JdbcCoordinatorImpl - HHH000420: Closing un-released batch
21:20:59.119 [main] DEBUG o.h.e.t.internal.TransactionImpl - begin
21:20:59.120 [main] DEBUG org.hibernate.SQL - select next_val as id_val from hibernate_sequence for update
Hibernate: select next_val as id_val from hibernate_sequence for update
21:20:59.120 [main] DEBUG org.hibernate.SQL - update hibernate_sequence set next_val= ? where next_val=?
Hibernate: update hibernate_sequence set next_val= ? where next_val=?
21:20:59.122 [main] DEBUG o.h.e.i.AbstractSaveEventListener - Generated identifier: 295, using strategy: org.hibernate.id.enhanced.SequenceStyleGenerator
21:20:59.122 [main] DEBUG o.h.e.t.internal.TransactionImpl - committing
21:20:59.122 [main] DEBUG o.h.e.i.AbstractFlushingEventListener - Processing flush-time cascades
21:20:59.122 [main] DEBUG o.h.e.i.AbstractFlushingEventListener - Dirty checking collections
21:20:59.123 [main] DEBUG o.h.e.i.AbstractFlushingEventListener - Flushed: 1 insertions, 0 updates, 0 deletions to 1 objects
21:20:59.123 [main] DEBUG o.h.e.i.AbstractFlushingEventListener - Flushed: 0 (re)creations, 0 updates, 0 removals to 0 collections
21:20:59.123 [main] DEBUG o.h.internal.util.EntityPrinter - Listing entities:
21:20:59.123 [main] DEBUG o.h.internal.util.EntityPrinter - edu.ncsu.csc.itrust2.models.persistent.LogEntry{secondaryUser=null, logCode=5, primaryUser=logapitest, id=295, time=java.util.GregorianCalendar[time=1521667259119,areFieldsSet=true,areAllFieldsSet=true,lenient=true,zone=sun.util.calendar.ZoneInfo[id="Etc/UTC",offset=0,dstSavings=0,useDaylight=false,transitions=0,lastRule=null],firstDayOfWeek=1,minimalDaysInFirstWeek=1,ERA=1,YEAR=2018,MONTH=2,WEEK_OF_YEAR=12,WEEK_OF_MONTH=4,DAY_OF_MONTH=21,DAY_OF_YEAR=80,DAY_OF_WEEK=4,DAY_OF_WEEK_IN_MONTH=3,AM_PM=1,HOUR=9,HOUR_OF_DAY=21,MINUTE=20,SECOND=59,MILLISECOND=119,ZONE_OFFSET=0,DST_OFFSET=0], message=null}
21:20:59.124 [main] DEBUG org.hibernate.SQL - insert into LogEntries (logCode, message, primaryUser, secondaryUser, time, id) values (?, ?, ?, ?, ?, ?)
Hibernate: insert into LogEntries (logCode, message, primaryUser, secondaryUser, time, id) values (?, ?, ?, ?, ?, ?)
21:20:59.127 [main] DEBUG o.h.e.j.internal.JdbcCoordinatorImpl - HHH000420: Closing un-released batch
21:20:59.128 [main] DEBUG o.h.e.t.internal.TransactionImpl - begin
21:20:59.129 [main] DEBUG org.hibernate.SQL - select next_val as id_val from hibernate_sequence for update
Hibernate: select next_val as id_val from hibernate_sequence for update
21:20:59.130 [main] DEBUG org.hibernate.SQL - update hibernate_sequence set next_val= ? where next_val=?
Hibernate: update hibernate_sequence set next_val= ? where next_val=?
21:20:59.131 [main] DEBUG o.h.e.i.AbstractSaveEventListener - Generated identifier: 296, using strategy: org.hibernate.id.enhanced.SequenceStyleGenerator
21:20:59.132 [main] DEBUG o.h.e.t.internal.TransactionImpl - committing
21:20:59.132 [main] DEBUG o.h.e.i.AbstractFlushingEventListener - Processing flush-time cascades
21:20:59.132 [main] DEBUG o.h.e.i.AbstractFlushingEventListener - Dirty checking collections
21:20:59.132 [main] DEBUG o.h.e.i.AbstractFlushingEventListener - Flushed: 1 insertions, 0 updates, 0 deletions to 1 objects
21:20:59.132 [main] DEBUG o.h.e.i.AbstractFlushingEventListener - Flushed: 0 (re)creations, 0 updates, 0 removals to 0 collections
21:20:59.132 [main] DEBUG o.h.internal.util.EntityPrinter - Listing entities:
21:20:59.133 [main] DEBUG o.h.internal.util.EntityPrinter - edu.ncsu.csc.itrust2.models.persistent.LogEntry{secondaryUser=null, logCode=5, primaryUser=logapitest, id=296, time=java.util.GregorianCalendar[time=1521667259128,areFieldsSet=true,areAllFieldsSet=true,lenient=true,zone=sun.util.calendar.ZoneInfo[id="Etc/UTC",offset=0,dstSavings=0,useDaylight=false,transitions=0,lastRule=null],firstDayOfWeek=1,minimalDaysInFirstWeek=1,ERA=1,YEAR=2018,MONTH=2,WEEK_OF_YEAR=12,WEEK_OF_MONTH=4,DAY_OF_MONTH=21,DAY_OF_YEAR=80,DAY_OF_WEEK=4,DAY_OF_WEEK_IN_MONTH=3,AM_PM=1,HOUR=9,HOUR_OF_DAY=21,MINUTE=20,SECOND=59,MILLISECOND=128,ZONE_OFFSET=0,DST_OFFSET=0], message=null}
21:20:59.133 [main] DEBUG org.hibernate.SQL - insert into LogEntries (logCode, message, primaryUser, secondaryUser, time, id) values (?, ?, ?, ?, ?, ?)
Hibernate: insert into LogEntries (logCode, message, primaryUser, secondaryUser, time, id) values (?, ?, ?, ?, ?, ?)
21:20:59.136 [main] DEBUG o.h.e.j.internal.JdbcCoordinatorImpl - HHH000420: Closing un-released batch
21:20:59.136 [main] DEBUG o.h.e.t.internal.TransactionImpl - begin
21:20:59.137 [main] DEBUG org.hibernate.SQL - select next_val as id_val from hibernate_sequence for update
Hibernate: select next_val as id_val from hibernate_sequence for update
21:20:59.138 [main] DEBUG org.hibernate.SQL - update hibernate_sequence set next_val= ? where next_val=?
Hibernate: update hibernate_sequence set next_val= ? where next_val=?
21:20:59.140 [main] DEBUG o.h.e.i.AbstractSaveEventListener - Generated identifier: 297, using strategy: org.hibernate.id.enhanced.SequenceStyleGenerator
21:20:59.140 [main] DEBUG o.h.e.t.internal.TransactionImpl - committing
21:20:59.140 [main] DEBUG o.h.e.i.AbstractFlushingEventListener - Processing flush-time cascades
21:20:59.140 [main] DEBUG o.h.e.i.AbstractFlushingEventListener - Dirty checking collections
21:20:59.141 [main] DEBUG o.h.e.i.AbstractFlushingEventListener - Flushed: 1 insertions, 0 updates, 0 deletions to 1 objects
21:20:59.141 [main] DEBUG o.h.e.i.AbstractFlushingEventListener - Flushed: 0 (re)creations, 0 updates, 0 removals to 0 collections
21:20:59.141 [main] DEBUG o.h.internal.util.EntityPrinter - Listing entities:
21:20:59.141 [main] DEBUG o.h.internal.util.EntityPrinter - edu.ncsu.csc.itrust2.models.persistent.LogEntry{secondaryUser=null, logCode=5, primaryUser=logapitest, id=297, time=java.util.GregorianCalendar[time=1521667259136,areFieldsSet=true,areAllFieldsSet=true,lenient=true,zone=sun.util.calendar.ZoneInfo[id="Etc/UTC",offset=0,dstSavings=0,useDaylight=false,transitions=0,lastRule=null],firstDayOfWeek=1,minimalDaysInFirstWeek=1,ERA=1,YEAR=2018,MONTH=2,WEEK_OF_YEAR=12,WEEK_OF_MONTH=4,DAY_OF_MONTH=21,DAY_OF_YEAR=80,DAY_OF_WEEK=4,DAY_OF_WEEK_IN_MONTH=3,AM_PM=1,HOUR=9,HOUR_OF_DAY=21,MINUTE=20,SECOND=59,MILLISECOND=136,ZONE_OFFSET=0,DST_OFFSET=0], message=null}
21:20:59.142 [main] DEBUG org.hibernate.SQL - insert into LogEntries (logCode, message, primaryUser, secondaryUser, time, id) values (?, ?, ?, ?, ?, ?)
Hibernate: insert into LogEntries (logCode, message, primaryUser, secondaryUser, time, id) values (?, ?, ?, ?, ?, ?)
21:20:59.145 [main] DEBUG o.h.e.j.internal.JdbcCoordinatorImpl - HHH000420: Closing un-released batch
21:20:59.146 [main] DEBUG o.h.e.t.internal.TransactionImpl - begin
21:20:59.147 [main] DEBUG org.hibernate.SQL - select next_val as id_val from hibernate_sequence for update
Hibernate: select next_val as id_val from hibernate_sequence for update
21:20:59.147 [main] DEBUG org.hibernate.SQL - update hibernate_sequence set next_val= ? where next_val=?
Hibernate: update hibernate_sequence set next_val= ? where next_val=?
21:20:59.149 [main] DEBUG o.h.e.i.AbstractSaveEventListener - Generated identifier: 298, using strategy: org.hibernate.id.enhanced.SequenceStyleGenerator
21:20:59.150 [main] DEBUG o.h.e.t.internal.TransactionImpl - committing
21:20:59.150 [main] DEBUG o.h.e.i.AbstractFlushingEventListener - Processing flush-time cascades
21:20:59.150 [main] DEBUG o.h.e.i.AbstractFlushingEventListener - Dirty checking collections
21:20:59.151 [main] DEBUG o.h.e.i.AbstractFlushingEventListener - Flushed: 1 insertions, 0 updates, 0 deletions to 1 objects
21:20:59.151 [main] DEBUG o.h.e.i.AbstractFlushingEventListener - Flushed: 0 (re)creations, 0 updates, 0 removals to 0 collections
21:20:59.151 [main] DEBUG o.h.internal.util.EntityPrinter - Listing entities:
21:20:59.151 [main] DEBUG o.h.internal.util.EntityPrinter - edu.ncsu.csc.itrust2.models.persistent.LogEntry{secondaryUser=null, logCode=5, primaryUser=logapitest, id=298, time=java.util.GregorianCalendar[time=1521667259145,areFieldsSet=true,areAllFieldsSet=true,lenient=true,zone=sun.util.calendar.ZoneInfo[id="Etc/UTC",offset=0,dstSavings=0,useDaylight=false,transitions=0,lastRule=null],firstDayOfWeek=1,minimalDaysInFirstWeek=1,ERA=1,YEAR=2018,MONTH=2,WEEK_OF_YEAR=12,WEEK_OF_MONTH=4,DAY_OF_MONTH=21,DAY_OF_YEAR=80,DAY_OF_WEEK=4,DAY_OF_WEEK_IN_MONTH=3,AM_PM=1,HOUR=9,HOUR_OF_DAY=21,MINUTE=20,SECOND=59,MILLISECOND=145,ZONE_OFFSET=0,DST_OFFSET=0], message=null}
21:20:59.152 [main] DEBUG org.hibernate.SQL - insert into LogEntries (logCode, message, primaryUser, secondaryUser, time, id) values (?, ?, ?, ?, ?, ?)
Hibernate: insert into LogEntries (logCode, message, primaryUser, secondaryUser, time, id) values (?, ?, ?, ?, ?, ?)
21:20:59.154 [main] DEBUG o.h.e.j.internal.JdbcCoordinatorImpl - HHH000420: Closing un-released batch
21:20:59.154 [main] DEBUG o.h.e.t.internal.TransactionImpl - begin
21:20:59.156 [main] DEBUG org.hibernate.SQL - select next_val as id_val from hibernate_sequence for update
Hibernate: select next_val as id_val from hibernate_sequence for update
21:20:59.157 [main] DEBUG org.hibernate.SQL - update hibernate_sequence set next_val= ? where next_val=?
Hibernate: update hibernate_sequence set next_val= ? where next_val=?
21:20:59.158 [main] DEBUG o.h.e.i.AbstractSaveEventListener - Generated identifier: 299, using strategy: org.hibernate.id.enhanced.SequenceStyleGenerator
21:20:59.159 [main] DEBUG o.h.e.t.internal.TransactionImpl - committing
21:20:59.159 [main] DEBUG o.h.e.i.AbstractFlushingEventListener - Processing flush-time cascades
21:20:59.159 [main] DEBUG o.h.e.i.AbstractFlushingEventListener - Dirty checking collections
21:20:59.159 [main] DEBUG o.h.e.i.AbstractFlushingEventListener - Flushed: 1 insertions, 0 updates, 0 deletions to 1 objects
21:20:59.159 [main] DEBUG o.h.e.i.AbstractFlushingEventListener - Flushed: 0 (re)creations, 0 updates, 0 removals to 0 collections
21:20:59.159 [main] DEBUG o.h.internal.util.EntityPrinter - Listing entities:
21:20:59.160 [main] DEBUG o.h.internal.util.EntityPrinter - edu.ncsu.csc.itrust2.models.persistent.LogEntry{secondaryUser=null, logCode=5, primaryUser=logapitest, id=299, time=java.util.GregorianCalendar[time=1521667259154,areFieldsSet=true,areAllFieldsSet=true,lenient=true,zone=sun.util.calendar.ZoneInfo[id="Etc/UTC",offset=0,dstSavings=0,useDaylight=false,transitions=0,lastRule=null],firstDayOfWeek=1,minimalDaysInFirstWeek=1,ERA=1,YEAR=2018,MONTH=2,WEEK_OF_YEAR=12,WEEK_OF_MONTH=4,DAY_OF_MONTH=21,DAY_OF_YEAR=80,DAY_OF_WEEK=4,DAY_OF_WEEK_IN_MONTH=3,AM_PM=1,HOUR=9,HOUR_OF_DAY=21,MINUTE=20,SECOND=59,MILLISECOND=154,ZONE_OFFSET=0,DST_OFFSET=0], message=null}
21:20:59.160 [main] DEBUG org.hibernate.SQL - insert into LogEntries (logCode, message, primaryUser, secondaryUser, time, id) values (?, ?, ?, ?, ?, ?)
Hibernate: insert into LogEntries (logCode, message, primaryUser, secondaryUser, time, id) values (?, ?, ?, ?, ?, ?)
21:20:59.163 [main] DEBUG o.h.e.j.internal.JdbcCoordinatorImpl - HHH000420: Closing un-released batch
21:20:59.163 [main] DEBUG o.h.e.t.internal.TransactionImpl - begin
21:20:59.166 [main] DEBUG org.hibernate.SQL - select next_val as id_val from hibernate_sequence for update
Hibernate: select next_val as id_val from hibernate_sequence for update
21:20:59.166 [main] DEBUG org.hibernate.SQL - update hibernate_sequence set next_val= ? where next_val=?
Hibernate: update hibernate_sequence set next_val= ? where next_val=?
21:20:59.168 [main] DEBUG o.h.e.i.AbstractSaveEventListener - Generated identifier: 300, using strategy: org.hibernate.id.enhanced.SequenceStyleGenerator
21:20:59.169 [main] DEBUG o.h.e.t.internal.TransactionImpl - committing
21:20:59.169 [main] DEBUG o.h.e.i.AbstractFlushingEventListener - Processing flush-time cascades
21:20:59.169 [main] DEBUG o.h.e.i.AbstractFlushingEventListener - Dirty checking collections
21:20:59.169 [main] DEBUG o.h.e.i.AbstractFlushingEventListener - Flushed: 1 insertions, 0 updates, 0 deletions to 1 objects
21:20:59.170 [main] DEBUG o.h.e.i.AbstractFlushingEventListener - Flushed: 0 (re)creations, 0 updates, 0 removals to 0 collections
21:20:59.170 [main] DEBUG o.h.internal.util.EntityPrinter - Listing entities:
21:20:59.170 [main] DEBUG o.h.internal.util.EntityPrinter - edu.ncsu.csc.itrust2.models.persistent.LogEntry{secondaryUser=null, logCode=5, primaryUser=logapitest, id=300, time=java.util.GregorianCalendar[time=1521667259163,areFieldsSet=true,areAllFieldsSet=true,lenient=true,zone=sun.util.calendar.ZoneInfo[id="Etc/UTC",offset=0,dstSavings=0,useDaylight=false,transitions=0,lastRule=null],firstDayOfWeek=1,minimalDaysInFirstWeek=1,ERA=1,YEAR=2018,MONTH=2,WEEK_OF_YEAR=12,WEEK_OF_MONTH=4,DAY_OF_MONTH=21,DAY_OF_YEAR=80,DAY_OF_WEEK=4,DAY_OF_WEEK_IN_MONTH=3,AM_PM=1,HOUR=9,HOUR_OF_DAY=21,MINUTE=20,SECOND=59,MILLISECOND=163,ZONE_OFFSET=0,DST_OFFSET=0], message=null}
21:20:59.171 [main] DEBUG org.hibernate.SQL - insert into LogEntries (logCode, message, primaryUser, secondaryUser, time, id) values (?, ?, ?, ?, ?, ?)
Hibernate: insert into LogEntries (logCode, message, primaryUser, secondaryUser, time, id) values (?, ?, ?, ?, ?, ?)
21:20:59.175 [main] DEBUG o.h.e.j.internal.JdbcCoordinatorImpl - HHH000420: Closing un-released batch
21:20:59.175 [main] DEBUG o.h.e.t.internal.TransactionImpl - begin
21:20:59.176 [main] DEBUG org.hibernate.SQL - select next_val as id_val from hibernate_sequence for update
Hibernate: select next_val as id_val from hibernate_sequence for update
21:20:59.177 [main] DEBUG org.hibernate.SQL - update hibernate_sequence set next_val= ? where next_val=?
Hibernate: update hibernate_sequence set next_val= ? where next_val=?
21:20:59.179 [main] DEBUG o.h.e.i.AbstractSaveEventListener - Generated identifier: 301, using strategy: org.hibernate.id.enhanced.SequenceStyleGenerator
21:20:59.179 [main] DEBUG o.h.e.t.internal.TransactionImpl - committing
21:20:59.179 [main] DEBUG o.h.e.i.AbstractFlushingEventListener - Processing flush-time cascades
21:20:59.179 [main] DEBUG o.h.e.i.AbstractFlushingEventListener - Dirty checking collections
21:20:59.180 [main] DEBUG o.h.e.i.AbstractFlushingEventListener - Flushed: 1 insertions, 0 updates, 0 deletions to 1 objects
21:20:59.180 [main] DEBUG o.h.e.i.AbstractFlushingEventListener - Flushed: 0 (re)creations, 0 updates, 0 removals to 0 collections
21:20:59.180 [main] DEBUG o.h.internal.util.EntityPrinter - Listing entities:
21:20:59.180 [main] DEBUG o.h.internal.util.EntityPrinter - edu.ncsu.csc.itrust2.models.persistent.LogEntry{secondaryUser=null, logCode=5, primaryUser=logapitest, id=301, time=java.util.GregorianCalendar[time=1521667259175,areFieldsSet=true,areAllFieldsSet=true,lenient=true,zone=sun.util.calendar.ZoneInfo[id="Etc/UTC",offset=0,dstSavings=0,useDaylight=false,transitions=0,lastRule=null],firstDayOfWeek=1,minimalDaysInFirstWeek=1,ERA=1,YEAR=2018,MONTH=2,WEEK_OF_YEAR=12,WEEK_OF_MONTH=4,DAY_OF_MONTH=21,DAY_OF_YEAR=80,DAY_OF_WEEK=4,DAY_OF_WEEK_IN_MONTH=3,AM_PM=1,HOUR=9,HOUR_OF_DAY=21,MINUTE=20,SECOND=59,MILLISECOND=175,ZONE_OFFSET=0,DST_OFFSET=0], message=null}
21:20:59.181 [main] DEBUG org.hibernate.SQL - insert into LogEntries (logCode, message, primaryUser, secondaryUser, time, id) values (?, ?, ?, ?, ?, ?)
Hibernate: insert into LogEntries (logCode, message, primaryUser, secondaryUser, time, id) values (?, ?, ?, ?, ?, ?)
21:20:59.183 [main] DEBUG o.h.e.j.internal.JdbcCoordinatorImpl - HHH000420: Closing un-released batch
21:20:59.184 [main] DEBUG o.h.e.t.internal.TransactionImpl - begin
21:20:59.185 [main] DEBUG org.hibernate.SQL - select next_val as id_val from hibernate_sequence for update
Hibernate: select next_val as id_val from hibernate_sequence for update
21:20:59.186 [main] DEBUG org.hibernate.SQL - update hibernate_sequence set next_val= ? where next_val=?
Hibernate: update hibernate_sequence set next_val= ? where next_val=?
21:20:59.187 [main] DEBUG o.h.e.i.AbstractSaveEventListener - Generated identifier: 302, using strategy: org.hibernate.id.enhanced.SequenceStyleGenerator
21:20:59.188 [main] DEBUG o.h.e.t.internal.TransactionImpl - committing
21:20:59.188 [main] DEBUG o.h.e.i.AbstractFlushingEventListener - Processing flush-time cascades
21:20:59.188 [main] DEBUG o.h.e.i.AbstractFlushingEventListener - Dirty checking collections
21:20:59.188 [main] DEBUG o.h.e.i.AbstractFlushingEventListener - Flushed: 1 insertions, 0 updates, 0 deletions to 1 objects
21:20:59.189 [main] DEBUG o.h.e.i.AbstractFlushingEventListener - Flushed: 0 (re)creations, 0 updates, 0 removals to 0 collections
21:20:59.189 [main] DEBUG o.h.internal.util.EntityPrinter - Listing entities:
21:20:59.189 [main] DEBUG o.h.internal.util.EntityPrinter - edu.ncsu.csc.itrust2.models.persistent.LogEntry{secondaryUser=null, logCode=5, primaryUser=logapitest, id=302, time=java.util.GregorianCalendar[time=1521667259183,areFieldsSet=true,areAllFieldsSet=true,lenient=true,zone=sun.util.calendar.ZoneInfo[id="Etc/UTC",offset=0,dstSavings=0,useDaylight=false,transitions=0,lastRule=null],firstDayOfWeek=1,minimalDaysInFirstWeek=1,ERA=1,YEAR=2018,MONTH=2,WEEK_OF_YEAR=12,WEEK_OF_MONTH=4,DAY_OF_MONTH=21,DAY_OF_YEAR=80,DAY_OF_WEEK=4,DAY_OF_WEEK_IN_MONTH=3,AM_PM=1,HOUR=9,HOUR_OF_DAY=21,MINUTE=20,SECOND=59,MILLISECOND=183,ZONE_OFFSET=0,DST_OFFSET=0], message=null}
21:20:59.189 [main] DEBUG org.hibernate.SQL - insert into LogEntries (logCode, message, primaryUser, secondaryUser, time, id) values (?, ?, ?, ?, ?, ?)
Hibernate: insert into LogEntries (logCode, message, primaryUser, secondaryUser, time, id) values (?, ?, ?, ?, ?, ?)
21:20:59.192 [main] DEBUG o.h.e.j.internal.JdbcCoordinatorImpl - HHH000420: Closing un-released batch
21:20:59.193 [main] DEBUG o.h.e.t.internal.TransactionImpl - begin
21:20:59.194 [main] DEBUG org.hibernate.SQL - select next_val as id_val from hibernate_sequence for update
Hibernate: select next_val as id_val from hibernate_sequence for update
21:20:59.194 [main] DEBUG org.hibernate.SQL - update hibernate_sequence set next_val= ? where next_val=?
Hibernate: update hibernate_sequence set next_val= ? where next_val=?
21:20:59.196 [main] DEBUG o.h.e.i.AbstractSaveEventListener - Generated identifier: 303, using strategy: org.hibernate.id.enhanced.SequenceStyleGenerator
21:20:59.196 [main] DEBUG o.h.e.t.internal.TransactionImpl - committing
21:20:59.197 [main] DEBUG o.h.e.i.AbstractFlushingEventListener - Processing flush-time cascades
21:20:59.197 [main] DEBUG o.h.e.i.AbstractFlushingEventListener - Dirty checking collections
21:20:59.197 [main] DEBUG o.h.e.i.AbstractFlushingEventListener - Flushed: 1 insertions, 0 updates, 0 deletions to 1 objects
21:20:59.197 [main] DEBUG o.h.e.i.AbstractFlushingEventListener - Flushed: 0 (re)creations, 0 updates, 0 removals to 0 collections
21:20:59.197 [main] DEBUG o.h.internal.util.EntityPrinter - Listing entities:
21:20:59.197 [main] DEBUG o.h.internal.util.EntityPrinter - edu.ncsu.csc.itrust2.models.persistent.LogEntry{secondaryUser=null, logCode=5, primaryUser=logapitest, id=303, time=java.util.GregorianCalendar[time=1521667259192,areFieldsSet=true,areAllFieldsSet=true,lenient=true,zone=sun.util.calendar.ZoneInfo[id="Etc/UTC",offset=0,dstSavings=0,useDaylight=false,transitions=0,lastRule=null],firstDayOfWeek=1,minimalDaysInFirstWeek=1,ERA=1,YEAR=2018,MONTH=2,WEEK_OF_YEAR=12,WEEK_OF_MONTH=4,DAY_OF_MONTH=21,DAY_OF_YEAR=80,DAY_OF_WEEK=4,DAY_OF_WEEK_IN_MONTH=3,AM_PM=1,HOUR=9,HOUR_OF_DAY=21,MINUTE=20,SECOND=59,MILLISECOND=192,ZONE_OFFSET=0,DST_OFFSET=0], message=null}
21:20:59.198 [main] DEBUG org.hibernate.SQL - insert into LogEntries (logCode, message, primaryUser, secondaryUser, time, id) values (?, ?, ?, ?, ?, ?)
Hibernate: insert into LogEntries (logCode, message, primaryUser, secondaryUser, time, id) values (?, ?, ?, ?, ?, ?)
21:20:59.201 [main] DEBUG o.h.e.j.internal.JdbcCoordinatorImpl - HHH000420: Closing un-released batch
21:20:59.202 [main] DEBUG o.h.e.t.internal.TransactionImpl - begin
21:20:59.203 [main] DEBUG org.hibernate.SQL - select next_val as id_val from hibernate_sequence for update
Hibernate: select next_val as id_val from hibernate_sequence for update
21:20:59.204 [main] DEBUG org.hibernate.SQL - update hibernate_sequence set next_val= ? where next_val=?
Hibernate: update hibernate_sequence set next_val= ? where next_val=?
21:20:59.207 [main] DEBUG o.h.e.i.AbstractSaveEventListener - Generated identifier: 304, using strategy: org.hibernate.id.enhanced.SequenceStyleGenerator
21:20:59.207 [main] DEBUG o.h.e.t.internal.TransactionImpl - committing
21:20:59.207 [main] DEBUG o.h.e.i.AbstractFlushingEventListener - Processing flush-time cascades
21:20:59.208 [main] DEBUG o.h.e.i.AbstractFlushingEventListener - Dirty checking collections
21:20:59.208 [main] DEBUG o.h.e.i.AbstractFlushingEventListener - Flushed: 1 insertions, 0 updates, 0 deletions to 1 objects
21:20:59.208 [main] DEBUG o.h.e.i.AbstractFlushingEventListener - Flushed: 0 (re)creations, 0 updates, 0 removals to 0 collections
21:20:59.208 [main] DEBUG o.h.internal.util.EntityPrinter - Listing entities:
21:20:59.209 [main] DEBUG o.h.internal.util.EntityPrinter - edu.ncsu.csc.itrust2.models.persistent.LogEntry{secondaryUser=null, logCode=5, primaryUser=logapitest, id=304, time=java.util.GregorianCalendar[time=1521667259202,areFieldsSet=true,areAllFieldsSet=true,lenient=true,zone=sun.util.calendar.ZoneInfo[id="Etc/UTC",offset=0,dstSavings=0,useDaylight=false,transitions=0,lastRule=null],firstDayOfWeek=1,minimalDaysInFirstWeek=1,ERA=1,YEAR=2018,MONTH=2,WEEK_OF_YEAR=12,WEEK_OF_MONTH=4,DAY_OF_MONTH=21,DAY_OF_YEAR=80,DAY_OF_WEEK=4,DAY_OF_WEEK_IN_MONTH=3,AM_PM=1,HOUR=9,HOUR_OF_DAY=21,MINUTE=20,SECOND=59,MILLISECOND=202,ZONE_OFFSET=0,DST_OFFSET=0], message=null}
21:20:59.210 [main] DEBUG org.hibernate.SQL - insert into LogEntries (logCode, message, primaryUser, secondaryUser, time, id) values (?, ?, ?, ?, ?, ?)
Hibernate: insert into LogEntries (logCode, message, primaryUser, secondaryUser, time, id) values (?, ?, ?, ?, ?, ?)
21:20:59.214 [main] DEBUG o.h.e.j.internal.JdbcCoordinatorImpl - HHH000420: Closing un-released batch
21:20:59.215 [main] DEBUG o.h.e.t.internal.TransactionImpl - begin
21:20:59.216 [main] DEBUG org.hibernate.SQL - select next_val as id_val from hibernate_sequence for update
Hibernate: select next_val as id_val from hibernate_sequence for update
21:20:59.217 [main] DEBUG org.hibernate.SQL - update hibernate_sequence set next_val= ? where next_val=?
Hibernate: update hibernate_sequence set next_val= ? where next_val=?
21:20:59.218 [main] DEBUG o.h.e.i.AbstractSaveEventListener - Generated identifier: 305, using strategy: org.hibernate.id.enhanced.SequenceStyleGenerator
21:20:59.219 [main] DEBUG o.h.e.t.internal.TransactionImpl - committing
21:20:59.219 [main] DEBUG o.h.e.i.AbstractFlushingEventListener - Processing flush-time cascades
21:20:59.219 [main] DEBUG o.h.e.i.AbstractFlushingEventListener - Dirty checking collections
21:20:59.219 [main] DEBUG o.h.e.i.AbstractFlushingEventListener - Flushed: 1 insertions, 0 updates, 0 deletions to 1 objects
21:20:59.219 [main] DEBUG o.h.e.i.AbstractFlushingEventListener - Flushed: 0 (re)creations, 0 updates, 0 removals to 0 collections
21:20:59.220 [main] DEBUG o.h.internal.util.EntityPrinter - Listing entities:
21:20:59.220 [main] DEBUG o.h.internal.util.EntityPrinter - edu.ncsu.csc.itrust2.models.persistent.LogEntry{secondaryUser=null, logCode=5, primaryUser=logapitest, id=305, time=java.util.GregorianCalendar[time=1521667259214,areFieldsSet=true,areAllFieldsSet=true,lenient=true,zone=sun.util.calendar.ZoneInfo[id="Etc/UTC",offset=0,dstSavings=0,useDaylight=false,transitions=0,lastRule=null],firstDayOfWeek=1,minimalDaysInFirstWeek=1,ERA=1,YEAR=2018,MONTH=2,WEEK_OF_YEAR=12,WEEK_OF_MONTH=4,DAY_OF_MONTH=21,DAY_OF_YEAR=80,DAY_OF_WEEK=4,DAY_OF_WEEK_IN_MONTH=3,AM_PM=1,HOUR=9,HOUR_OF_DAY=21,MINUTE=20,SECOND=59,MILLISECOND=214,ZONE_OFFSET=0,DST_OFFSET=0], message=null}
21:20:59.220 [main] DEBUG org.hibernate.SQL - insert into LogEntries (logCode, message, primaryUser, secondaryUser, time, id) values (?, ?, ?, ?, ?, ?)
Hibernate: insert into LogEntries (logCode, message, primaryUser, secondaryUser, time, id) values (?, ?, ?, ?, ?, ?)
21:20:59.223 [main] DEBUG o.h.e.j.internal.JdbcCoordinatorImpl - HHH000420: Closing un-released batch
21:20:59.224 [main] DEBUG o.h.e.t.internal.TransactionImpl - begin
21:20:59.226 [main] DEBUG org.hibernate.SQL - select next_val as id_val from hibernate_sequence for update
Hibernate: select next_val as id_val from hibernate_sequence for update
21:20:59.227 [main] DEBUG org.hibernate.SQL - update hibernate_sequence set next_val= ? where next_val=?
Hibernate: update hibernate_sequence set next_val= ? where next_val=?
21:20:59.229 [main] DEBUG o.h.e.i.AbstractSaveEventListener - Generated identifier: 306, using strategy: org.hibernate.id.enhanced.SequenceStyleGenerator
21:20:59.230 [main] DEBUG o.h.e.t.internal.TransactionImpl - committing
21:20:59.230 [main] DEBUG o.h.e.i.AbstractFlushingEventListener - Processing flush-time cascades
21:20:59.230 [main] DEBUG o.h.e.i.AbstractFlushingEventListener - Dirty checking collections
21:20:59.230 [main] DEBUG o.h.e.i.AbstractFlushingEventListener - Flushed: 1 insertions, 0 updates, 0 deletions to 1 objects
21:20:59.230 [main] DEBUG o.h.e.i.AbstractFlushingEventListener - Flushed: 0 (re)creations, 0 updates, 0 removals to 0 collections
21:20:59.230 [main] DEBUG o.h.internal.util.EntityPrinter - Listing entities:
21:20:59.231 [main] DEBUG o.h.internal.util.EntityPrinter - edu.ncsu.csc.itrust2.models.persistent.LogEntry{secondaryUser=null, logCode=5, primaryUser=logapitest, id=306, time=java.util.GregorianCalendar[time=1521667259223,areFieldsSet=true,areAllFieldsSet=true,lenient=true,zone=sun.util.calendar.ZoneInfo[id="Etc/UTC",offset=0,dstSavings=0,useDaylight=false,transitions=0,lastRule=null],firstDayOfWeek=1,minimalDaysInFirstWeek=1,ERA=1,YEAR=2018,MONTH=2,WEEK_OF_YEAR=12,WEEK_OF_MONTH=4,DAY_OF_MONTH=21,DAY_OF_YEAR=80,DAY_OF_WEEK=4,DAY_OF_WEEK_IN_MONTH=3,AM_PM=1,HOUR=9,HOUR_OF_DAY=21,MINUTE=20,SECOND=59,MILLISECOND=223,ZONE_OFFSET=0,DST_OFFSET=0], message=null}
21:20:59.231 [main] DEBUG org.hibernate.SQL - insert into LogEntries (logCode, message, primaryUser, secondaryUser, time, id) values (?, ?, ?, ?, ?, ?)
Hibernate: insert into LogEntries (logCode, message, primaryUser, secondaryUser, time, id) values (?, ?, ?, ?, ?, ?)
21:20:59.234 [main] DEBUG o.h.e.j.internal.JdbcCoordinatorImpl - HHH000420: Closing un-released batch
21:20:59.234 [main] DEBUG o.h.e.t.internal.TransactionImpl - begin
21:20:59.235 [main] DEBUG org.hibernate.SQL - select next_val as id_val from hibernate_sequence for update
Hibernate: select next_val as id_val from hibernate_sequence for update
21:20:59.236 [main] DEBUG org.hibernate.SQL - update hibernate_sequence set next_val= ? where next_val=?
Hibernate: update hibernate_sequence set next_val= ? where next_val=?
21:20:59.238 [main] DEBUG o.h.e.i.AbstractSaveEventListener - Generated identifier: 307, using strategy: org.hibernate.id.enhanced.SequenceStyleGenerator
21:20:59.238 [main] DEBUG o.h.e.t.internal.TransactionImpl - committing
21:20:59.238 [main] DEBUG o.h.e.i.AbstractFlushingEventListener - Processing flush-time cascades
21:20:59.238 [main] DEBUG o.h.e.i.AbstractFlushingEventListener - Dirty checking collections
21:20:59.239 [main] DEBUG o.h.e.i.AbstractFlushingEventListener - Flushed: 1 insertions, 0 updates, 0 deletions to 1 objects
21:20:59.239 [main] DEBUG o.h.e.i.AbstractFlushingEventListener - Flushed: 0 (re)creations, 0 updates, 0 removals to 0 collections
21:20:59.239 [main] DEBUG o.h.internal.util.EntityPrinter - Listing entities:
21:20:59.239 [main] DEBUG o.h.internal.util.EntityPrinter - edu.ncsu.csc.itrust2.models.persistent.LogEntry{secondaryUser=null, logCode=5, primaryUser=logapitest, id=307, time=java.util.GregorianCalendar[time=1521667259234,areFieldsSet=true,areAllFieldsSet=true,lenient=true,zone=sun.util.calendar.ZoneInfo[id="Etc/UTC",offset=0,dstSavings=0,useDaylight=false,transitions=0,lastRule=null],firstDayOfWeek=1,minimalDaysInFirstWeek=1,ERA=1,YEAR=2018,MONTH=2,WEEK_OF_YEAR=12,WEEK_OF_MONTH=4,DAY_OF_MONTH=21,DAY_OF_YEAR=80,DAY_OF_WEEK=4,DAY_OF_WEEK_IN_MONTH=3,AM_PM=1,HOUR=9,HOUR_OF_DAY=21,MINUTE=20,SECOND=59,MILLISECOND=234,ZONE_OFFSET=0,DST_OFFSET=0], message=null}
21:20:59.240 [main] DEBUG org.hibernate.SQL - insert into LogEntries (logCode, message, primaryUser, secondaryUser, time, id) values (?, ?, ?, ?, ?, ?)
Hibernate: insert into LogEntries (logCode, message, primaryUser, secondaryUser, time, id) values (?, ?, ?, ?, ?, ?)
21:20:59.243 [main] DEBUG o.h.e.j.internal.JdbcCoordinatorImpl - HHH000420: Closing un-released batch
21:20:59.244 [main] DEBUG o.h.e.t.internal.TransactionImpl - begin
21:20:59.245 [main] DEBUG org.hibernate.SQL - select next_val as id_val from hibernate_sequence for update
Hibernate: select next_val as id_val from hibernate_sequence for update
21:20:59.246 [main] DEBUG org.hibernate.SQL - update hibernate_sequence set next_val= ? where next_val=?
Hibernate: update hibernate_sequence set next_val= ? where next_val=?
21:20:59.247 [main] DEBUG o.h.e.i.AbstractSaveEventListener - Generated identifier: 308, using strategy: org.hibernate.id.enhanced.SequenceStyleGenerator
21:20:59.247 [main] DEBUG o.h.e.t.internal.TransactionImpl - committing
21:20:59.248 [main] DEBUG o.h.e.i.AbstractFlushingEventListener - Processing flush-time cascades
21:20:59.248 [main] DEBUG o.h.e.i.AbstractFlushingEventListener - Dirty checking collections
21:20:59.248 [main] DEBUG o.h.e.i.AbstractFlushingEventListener - Flushed: 1 insertions, 0 updates, 0 deletions to 1 objects
21:20:59.248 [main] DEBUG o.h.e.i.AbstractFlushingEventListener - Flushed: 0 (re)creations, 0 updates, 0 removals to 0 collections
21:20:59.249 [main] DEBUG o.h.internal.util.EntityPrinter - Listing entities:
21:20:59.249 [main] DEBUG o.h.internal.util.EntityPrinter - edu.ncsu.csc.itrust2.models.persistent.LogEntry{secondaryUser=null, logCode=5, primaryUser=logapitest, id=308, time=java.util.GregorianCalendar[time=1521667259243,areFieldsSet=true,areAllFieldsSet=true,lenient=true,zone=sun.util.calendar.ZoneInfo[id="Etc/UTC",offset=0,dstSavings=0,useDaylight=false,transitions=0,lastRule=null],firstDayOfWeek=1,minimalDaysInFirstWeek=1,ERA=1,YEAR=2018,MONTH=2,WEEK_OF_YEAR=12,WEEK_OF_MONTH=4,DAY_OF_MONTH=21,DAY_OF_YEAR=80,DAY_OF_WEEK=4,DAY_OF_WEEK_IN_MONTH=3,AM_PM=1,HOUR=9,HOUR_OF_DAY=21,MINUTE=20,SECOND=59,MILLISECOND=243,ZONE_OFFSET=0,DST_OFFSET=0], message=null}
21:20:59.249 [main] DEBUG org.hibernate.SQL - insert into LogEntries (logCode, message, primaryUser, secondaryUser, time, id) values (?, ?, ?, ?, ?, ?)
Hibernate: insert into LogEntries (logCode, message, primaryUser, secondaryUser, time, id) values (?, ?, ?, ?, ?, ?)
21:20:59.252 [main] DEBUG o.h.e.j.internal.JdbcCoordinatorImpl - HHH000420: Closing un-released batch
21:20:59.252 [main] DEBUG o.h.e.t.internal.TransactionImpl - begin
21:20:59.253 [main] DEBUG org.hibernate.SQL - select next_val as id_val from hibernate_sequence for update
Hibernate: select next_val as id_val from hibernate_sequence for update
21:20:59.254 [main] DEBUG org.hibernate.SQL - update hibernate_sequence set next_val= ? where next_val=?
Hibernate: update hibernate_sequence set next_val= ? where next_val=?
21:20:59.256 [main] DEBUG o.h.e.i.AbstractSaveEventListener - Generated identifier: 309, using strategy: org.hibernate.id.enhanced.SequenceStyleGenerator
21:20:59.256 [main] DEBUG o.h.e.t.internal.TransactionImpl - committing
21:20:59.256 [main] DEBUG o.h.e.i.AbstractFlushingEventListener - Processing flush-time cascades
21:20:59.257 [main] DEBUG o.h.e.i.AbstractFlushingEventListener - Dirty checking collections
21:20:59.257 [main] DEBUG o.h.e.i.AbstractFlushingEventListener - Flushed: 1 insertions, 0 updates, 0 deletions to 1 objects
21:20:59.257 [main] DEBUG o.h.e.i.AbstractFlushingEventListener - Flushed: 0 (re)creations, 0 updates, 0 removals to 0 collections
21:20:59.257 [main] DEBUG o.h.internal.util.EntityPrinter - Listing entities:
21:20:59.257 [main] DEBUG o.h.internal.util.EntityPrinter - edu.ncsu.csc.itrust2.models.persistent.LogEntry{secondaryUser=null, logCode=5, primaryUser=logapitest, id=309, time=java.util.GregorianCalendar[time=1521667259252,areFieldsSet=true,areAllFieldsSet=true,lenient=true,zone=sun.util.calendar.ZoneInfo[id="Etc/UTC",offset=0,dstSavings=0,useDaylight=false,transitions=0,lastRule=null],firstDayOfWeek=1,minimalDaysInFirstWeek=1,ERA=1,YEAR=2018,MONTH=2,WEEK_OF_YEAR=12,WEEK_OF_MONTH=4,DAY_OF_MONTH=21,DAY_OF_YEAR=80,DAY_OF_WEEK=4,DAY_OF_WEEK_IN_MONTH=3,AM_PM=1,HOUR=9,HOUR_OF_DAY=21,MINUTE=20,SECOND=59,MILLISECOND=252,ZONE_OFFSET=0,DST_OFFSET=0], message=null}
21:20:59.258 [main] DEBUG org.hibernate.SQL - insert into LogEntries (logCode, message, primaryUser, secondaryUser, time, id) values (?, ?, ?, ?, ?, ?)
Hibernate: insert into LogEntries (logCode, message, primaryUser, secondaryUser, time, id) values (?, ?, ?, ?, ?, ?)
21:20:59.260 [main] DEBUG o.h.e.j.internal.JdbcCoordinatorImpl - HHH000420: Closing un-released batch
21:20:59.261 [main] DEBUG o.h.e.t.internal.TransactionImpl - begin
21:20:59.262 [main] DEBUG org.hibernate.SQL - select next_val as id_val from hibernate_sequence for update
Hibernate: select next_val as id_val from hibernate_sequence for update
21:20:59.263 [main] DEBUG org.hibernate.SQL - update hibernate_sequence set next_val= ? where next_val=?
Hibernate: update hibernate_sequence set next_val= ? where next_val=?
21:20:59.264 [main] DEBUG o.h.e.i.AbstractSaveEventListener - Generated identifier: 310, using strategy: org.hibernate.id.enhanced.SequenceStyleGenerator
21:20:59.265 [main] DEBUG o.h.e.t.internal.TransactionImpl - committing
21:20:59.265 [main] DEBUG o.h.e.i.AbstractFlushingEventListener - Processing flush-time cascades
21:20:59.265 [main] DEBUG o.h.e.i.AbstractFlushingEventListener - Dirty checking collections
21:20:59.266 [main] DEBUG o.h.e.i.AbstractFlushingEventListener - Flushed: 1 insertions, 0 updates, 0 deletions to 1 objects
21:20:59.266 [main] DEBUG o.h.e.i.AbstractFlushingEventListener - Flushed: 0 (re)creations, 0 updates, 0 removals to 0 collections
21:20:59.266 [main] DEBUG o.h.internal.util.EntityPrinter - Listing entities:
21:20:59.266 [main] DEBUG o.h.internal.util.EntityPrinter - edu.ncsu.csc.itrust2.models.persistent.LogEntry{secondaryUser=null, logCode=5, primaryUser=logapitest, id=310, time=java.util.GregorianCalendar[time=1521667259261,areFieldsSet=true,areAllFieldsSet=true,lenient=true,zone=sun.util.calendar.ZoneInfo[id="Etc/UTC",offset=0,dstSavings=0,useDaylight=false,transitions=0,lastRule=null],firstDayOfWeek=1,minimalDaysInFirstWeek=1,ERA=1,YEAR=2018,MONTH=2,WEEK_OF_YEAR=12,WEEK_OF_MONTH=4,DAY_OF_MONTH=21,DAY_OF_YEAR=80,DAY_OF_WEEK=4,DAY_OF_WEEK_IN_MONTH=3,AM_PM=1,HOUR=9,HOUR_OF_DAY=21,MINUTE=20,SECOND=59,MILLISECOND=261,ZONE_OFFSET=0,DST_OFFSET=0], message=null}
21:20:59.267 [main] DEBUG org.hibernate.SQL - insert into LogEntries (logCode, message, primaryUser, secondaryUser, time, id) values (?, ?, ?, ?, ?, ?)
Hibernate: insert into LogEntries (logCode, message, primaryUser, secondaryUser, time, id) values (?, ?, ?, ?, ?, ?)
21:20:59.269 [main] DEBUG o.h.e.j.internal.JdbcCoordinatorImpl - HHH000420: Closing un-released batch
21:20:59.270 [main] DEBUG o.h.e.t.internal.TransactionImpl - begin
21:20:59.271 [main] DEBUG org.hibernate.SQL - select next_val as id_val from hibernate_sequence for update
Hibernate: select next_val as id_val from hibernate_sequence for update
21:20:59.272 [main] DEBUG org.hibernate.SQL - update hibernate_sequence set next_val= ? where next_val=?
Hibernate: update hibernate_sequence set next_val= ? where next_val=?
21:20:59.274 [main] DEBUG o.h.e.i.AbstractSaveEventListener - Generated identifier: 311, using strategy: org.hibernate.id.enhanced.SequenceStyleGenerator
21:20:59.274 [main] DEBUG o.h.e.t.internal.TransactionImpl - committing
21:20:59.274 [main] DEBUG o.h.e.i.AbstractFlushingEventListener - Processing flush-time cascades
21:20:59.274 [main] DEBUG o.h.e.i.AbstractFlushingEventListener - Dirty checking collections
21:20:59.275 [main] DEBUG o.h.e.i.AbstractFlushingEventListener - Flushed: 1 insertions, 0 updates, 0 deletions to 1 objects
21:20:59.275 [main] DEBUG o.h.e.i.AbstractFlushingEventListener - Flushed: 0 (re)creations, 0 updates, 0 removals to 0 collections
21:20:59.275 [main] DEBUG o.h.internal.util.EntityPrinter - Listing entities:
21:20:59.275 [main] DEBUG o.h.internal.util.EntityPrinter - edu.ncsu.csc.itrust2.models.persistent.LogEntry{secondaryUser=null, logCode=5, primaryUser=logapitest, id=311, time=java.util.GregorianCalendar[time=1521667259270,areFieldsSet=true,areAllFieldsSet=true,lenient=true,zone=sun.util.calendar.ZoneInfo[id="Etc/UTC",offset=0,dstSavings=0,useDaylight=false,transitions=0,lastRule=null],firstDayOfWeek=1,minimalDaysInFirstWeek=1,ERA=1,YEAR=2018,MONTH=2,WEEK_OF_YEAR=12,WEEK_OF_MONTH=4,DAY_OF_MONTH=21,DAY_OF_YEAR=80,DAY_OF_WEEK=4,DAY_OF_WEEK_IN_MONTH=3,AM_PM=1,HOUR=9,HOUR_OF_DAY=21,MINUTE=20,SECOND=59,MILLISECOND=270,ZONE_OFFSET=0,DST_OFFSET=0], message=null}
21:20:59.276 [main] DEBUG org.hibernate.SQL - insert into LogEntries (logCode, message, primaryUser, secondaryUser, time, id) values (?, ?, ?, ?, ?, ?)
Hibernate: insert into LogEntries (logCode, message, primaryUser, secondaryUser, time, id) values (?, ?, ?, ?, ?, ?)
21:20:59.279 [main] DEBUG o.h.e.j.internal.JdbcCoordinatorImpl - HHH000420: Closing un-released batch
21:20:59.280 [main] DEBUG o.h.e.t.internal.TransactionImpl - begin
21:20:59.281 [main] DEBUG org.hibernate.SQL - select next_val as id_val from hibernate_sequence for update
Hibernate: select next_val as id_val from hibernate_sequence for update
21:20:59.282 [main] DEBUG org.hibernate.SQL - update hibernate_sequence set next_val= ? where next_val=?
Hibernate: update hibernate_sequence set next_val= ? where next_val=?
21:20:59.284 [main] DEBUG o.h.e.i.AbstractSaveEventListener - Generated identifier: 312, using strategy: org.hibernate.id.enhanced.SequenceStyleGenerator
21:20:59.284 [main] DEBUG o.h.e.t.internal.TransactionImpl - committing
21:20:59.284 [main] DEBUG o.h.e.i.AbstractFlushingEventListener - Processing flush-time cascades
21:20:59.284 [main] DEBUG o.h.e.i.AbstractFlushingEventListener - Dirty checking collections
21:20:59.285 [main] DEBUG o.h.e.i.AbstractFlushingEventListener - Flushed: 1 insertions, 0 updates, 0 deletions to 1 objects
21:20:59.285 [main] DEBUG o.h.e.i.AbstractFlushingEventListener - Flushed: 0 (re)creations, 0 updates, 0 removals to 0 collections
21:20:59.285 [main] DEBUG o.h.internal.util.EntityPrinter - Listing entities:
21:20:59.285 [main] DEBUG o.h.internal.util.EntityPrinter - edu.ncsu.csc.itrust2.models.persistent.LogEntry{secondaryUser=null, logCode=5, primaryUser=logapitest, id=312, time=java.util.GregorianCalendar[time=1521667259279,areFieldsSet=true,areAllFieldsSet=true,lenient=true,zone=sun.util.calendar.ZoneInfo[id="Etc/UTC",offset=0,dstSavings=0,useDaylight=false,transitions=0,lastRule=null],firstDayOfWeek=1,minimalDaysInFirstWeek=1,ERA=1,YEAR=2018,MONTH=2,WEEK_OF_YEAR=12,WEEK_OF_MONTH=4,DAY_OF_MONTH=21,DAY_OF_YEAR=80,DAY_OF_WEEK=4,DAY_OF_WEEK_IN_MONTH=3,AM_PM=1,HOUR=9,HOUR_OF_DAY=21,MINUTE=20,SECOND=59,MILLISECOND=279,ZONE_OFFSET=0,DST_OFFSET=0], message=null}
21:20:59.285 [main] DEBUG org.hibernate.SQL - insert into LogEntries (logCode, message, primaryUser, secondaryUser, time, id) values (?, ?, ?, ?, ?, ?)
Hibernate: insert into LogEntries (logCode, message, primaryUser, secondaryUser, time, id) values (?, ?, ?, ?, ?, ?)
21:20:59.288 [main] DEBUG o.h.e.j.internal.JdbcCoordinatorImpl - HHH000420: Closing un-released batch
21:20:59.289 [main] DEBUG o.h.e.t.internal.TransactionImpl - begin
21:20:59.290 [main] DEBUG org.hibernate.SQL - select next_val as id_val from hibernate_sequence for update
Hibernate: select next_val as id_val from hibernate_sequence for update
21:20:59.291 [main] DEBUG org.hibernate.SQL - update hibernate_sequence set next_val= ? where next_val=?
Hibernate: update hibernate_sequence set next_val= ? where next_val=?
21:20:59.293 [main] DEBUG o.h.e.i.AbstractSaveEventListener - Generated identifier: 313, using strategy: org.hibernate.id.enhanced.SequenceStyleGenerator
21:20:59.294 [main] DEBUG o.h.e.t.internal.TransactionImpl - committing
21:20:59.294 [main] DEBUG o.h.e.i.AbstractFlushingEventListener - Processing flush-time cascades
21:20:59.294 [main] DEBUG o.h.e.i.AbstractFlushingEventListener - Dirty checking collections
21:20:59.294 [main] DEBUG o.h.e.i.AbstractFlushingEventListener - Flushed: 1 insertions, 0 updates, 0 deletions to 1 objects
21:20:59.295 [main] DEBUG o.h.e.i.AbstractFlushingEventListener - Flushed: 0 (re)creations, 0 updates, 0 removals to 0 collections
21:20:59.295 [main] DEBUG o.h.internal.util.EntityPrinter - Listing entities:
21:20:59.295 [main] DEBUG o.h.internal.util.EntityPrinter - edu.ncsu.csc.itrust2.models.persistent.LogEntry{secondaryUser=null, logCode=5, primaryUser=logapitest, id=313, time=java.util.GregorianCalendar[time=1521667259289,areFieldsSet=true,areAllFieldsSet=true,lenient=true,zone=sun.util.calendar.ZoneInfo[id="Etc/UTC",offset=0,dstSavings=0,useDaylight=false,transitions=0,lastRule=null],firstDayOfWeek=1,minimalDaysInFirstWeek=1,ERA=1,YEAR=2018,MONTH=2,WEEK_OF_YEAR=12,WEEK_OF_MONTH=4,DAY_OF_MONTH=21,DAY_OF_YEAR=80,DAY_OF_WEEK=4,DAY_OF_WEEK_IN_MONTH=3,AM_PM=1,HOUR=9,HOUR_OF_DAY=21,MINUTE=20,SECOND=59,MILLISECOND=289,ZONE_OFFSET=0,DST_OFFSET=0], message=null}
21:20:59.296 [main] DEBUG org.hibernate.SQL - insert into LogEntries (logCode, message, primaryUser, secondaryUser, time, id) values (?, ?, ?, ?, ?, ?)
Hibernate: insert into LogEntries (logCode, message, primaryUser, secondaryUser, time, id) values (?, ?, ?, ?, ?, ?)
21:20:59.298 [main] DEBUG o.h.e.j.internal.JdbcCoordinatorImpl - HHH000420: Closing un-released batch
21:20:59.299 [main] DEBUG o.h.e.t.internal.TransactionImpl - begin
21:20:59.300 [main] DEBUG org.hibernate.SQL - select next_val as id_val from hibernate_sequence for update
Hibernate: select next_val as id_val from hibernate_sequence for update
21:20:59.301 [main] DEBUG org.hibernate.SQL - update hibernate_sequence set next_val= ? where next_val=?
Hibernate: update hibernate_sequence set next_val= ? where next_val=?
21:20:59.303 [main] DEBUG o.h.e.i.AbstractSaveEventListener - Generated identifier: 314, using strategy: org.hibernate.id.enhanced.SequenceStyleGenerator
21:20:59.303 [main] DEBUG o.h.e.t.internal.TransactionImpl - committing
21:20:59.303 [main] DEBUG o.h.e.i.AbstractFlushingEventListener - Processing flush-time cascades
21:20:59.304 [main] DEBUG o.h.e.i.AbstractFlushingEventListener - Dirty checking collections
21:20:59.304 [main] DEBUG o.h.e.i.AbstractFlushingEventListener - Flushed: 1 insertions, 0 updates, 0 deletions to 1 objects
21:20:59.304 [main] DEBUG o.h.e.i.AbstractFlushingEventListener - Flushed: 0 (re)creations, 0 updates, 0 removals to 0 collections
21:20:59.304 [main] DEBUG o.h.internal.util.EntityPrinter - Listing entities:
21:20:59.304 [main] DEBUG o.h.internal.util.EntityPrinter - edu.ncsu.csc.itrust2.models.persistent.LogEntry{secondaryUser=null, logCode=5, primaryUser=logapitest, id=314, time=java.util.GregorianCalendar[time=1521667259299,areFieldsSet=true,areAllFieldsSet=true,lenient=true,zone=sun.util.calendar.ZoneInfo[id="Etc/UTC",offset=0,dstSavings=0,useDaylight=false,transitions=0,lastRule=null],firstDayOfWeek=1,minimalDaysInFirstWeek=1,ERA=1,YEAR=2018,MONTH=2,WEEK_OF_YEAR=12,WEEK_OF_MONTH=4,DAY_OF_MONTH=21,DAY_OF_YEAR=80,DAY_OF_WEEK=4,DAY_OF_WEEK_IN_MONTH=3,AM_PM=1,HOUR=9,HOUR_OF_DAY=21,MINUTE=20,SECOND=59,MILLISECOND=299,ZONE_OFFSET=0,DST_OFFSET=0], message=null}
21:20:59.305 [main] DEBUG org.hibernate.SQL - insert into LogEntries (logCode, message, primaryUser, secondaryUser, time, id) values (?, ?, ?, ?, ?, ?)
Hibernate: insert into LogEntries (logCode, message, primaryUser, secondaryUser, time, id) values (?, ?, ?, ?, ?, ?)
21:20:59.308 [main] DEBUG o.h.e.j.internal.JdbcCoordinatorImpl - HHH000420: Closing un-released batch
21:20:59.310 [main] DEBUG o.h.e.t.internal.TransactionImpl - begin
21:20:59.313 [main] DEBUG org.hibernate.SQL - select next_val as id_val from hibernate_sequence for update
Hibernate: select next_val as id_val from hibernate_sequence for update
21:20:59.314 [main] DEBUG org.hibernate.SQL - update hibernate_sequence set next_val= ? where next_val=?
Hibernate: update hibernate_sequence set next_val= ? where next_val=?
21:20:59.316 [main] DEBUG o.h.e.i.AbstractSaveEventListener - Generated identifier: 315, using strategy: org.hibernate.id.enhanced.SequenceStyleGenerator
21:20:59.317 [main] DEBUG o.h.e.t.internal.TransactionImpl - committing
21:20:59.317 [main] DEBUG o.h.e.i.AbstractFlushingEventListener - Processing flush-time cascades
21:20:59.317 [main] DEBUG o.h.e.i.AbstractFlushingEventListener - Dirty checking collections
21:20:59.317 [main] DEBUG o.h.e.i.AbstractFlushingEventListener - Flushed: 1 insertions, 0 updates, 0 deletions to 1 objects
21:20:59.318 [main] DEBUG o.h.e.i.AbstractFlushingEventListener - Flushed: 0 (re)creations, 0 updates, 0 removals to 0 collections
21:20:59.318 [main] DEBUG o.h.internal.util.EntityPrinter - Listing entities:
21:20:59.318 [main] DEBUG o.h.internal.util.EntityPrinter - edu.ncsu.csc.itrust2.models.persistent.LogEntry{secondaryUser=null, logCode=5, primaryUser=logapitest, id=315, time=java.util.GregorianCalendar[time=1521667259309,areFieldsSet=true,areAllFieldsSet=true,lenient=true,zone=sun.util.calendar.ZoneInfo[id="Etc/UTC",offset=0,dstSavings=0,useDaylight=false,transitions=0,lastRule=null],firstDayOfWeek=1,minimalDaysInFirstWeek=1,ERA=1,YEAR=2018,MONTH=2,WEEK_OF_YEAR=12,WEEK_OF_MONTH=4,DAY_OF_MONTH=21,DAY_OF_YEAR=80,DAY_OF_WEEK=4,DAY_OF_WEEK_IN_MONTH=3,AM_PM=1,HOUR=9,HOUR_OF_DAY=21,MINUTE=20,SECOND=59,MILLISECOND=309,ZONE_OFFSET=0,DST_OFFSET=0], message=null}
21:20:59.318 [main] DEBUG org.hibernate.SQL - insert into LogEntries (logCode, message, primaryUser, secondaryUser, time, id) values (?, ?, ?, ?, ?, ?)
Hibernate: insert into LogEntries (logCode, message, primaryUser, secondaryUser, time, id) values (?, ?, ?, ?, ?, ?)
21:20:59.320 [main] DEBUG o.h.e.j.internal.JdbcCoordinatorImpl - HHH000420: Closing un-released batch
21:20:59.321 [main] DEBUG o.h.e.t.internal.TransactionImpl - begin
21:20:59.321 [main] DEBUG org.hibernate.SQL - select next_val as id_val from hibernate_sequence for update
Hibernate: select next_val as id_val from hibernate_sequence for update
21:20:59.322 [main] DEBUG org.hibernate.SQL - update hibernate_sequence set next_val= ? where next_val=?
Hibernate: update hibernate_sequence set next_val= ? where next_val=?
21:20:59.328 [main] DEBUG o.h.e.i.AbstractSaveEventListener - Generated identifier: 316, using strategy: org.hibernate.id.enhanced.SequenceStyleGenerator
21:20:59.328 [main] DEBUG o.h.e.t.internal.TransactionImpl - committing
21:20:59.328 [main] DEBUG o.h.e.i.AbstractFlushingEventListener - Processing flush-time cascades
21:20:59.328 [main] DEBUG o.h.e.i.AbstractFlushingEventListener - Dirty checking collections
21:20:59.329 [main] DEBUG o.h.e.i.AbstractFlushingEventListener - Flushed: 1 insertions, 0 updates, 0 deletions to 1 objects
21:20:59.329 [main] DEBUG o.h.e.i.AbstractFlushingEventListener - Flushed: 0 (re)creations, 0 updates, 0 removals to 0 collections
21:20:59.329 [main] DEBUG o.h.internal.util.EntityPrinter - Listing entities:
21:20:59.329 [main] DEBUG o.h.internal.util.EntityPrinter - edu.ncsu.csc.itrust2.models.persistent.LogEntry{secondaryUser=null, logCode=5, primaryUser=logapitest, id=316, time=java.util.GregorianCalendar[time=1521667259320,areFieldsSet=true,areAllFieldsSet=true,lenient=true,zone=sun.util.calendar.ZoneInfo[id="Etc/UTC",offset=0,dstSavings=0,useDaylight=false,transitions=0,lastRule=null],firstDayOfWeek=1,minimalDaysInFirstWeek=1,ERA=1,YEAR=2018,MONTH=2,WEEK_OF_YEAR=12,WEEK_OF_MONTH=4,DAY_OF_MONTH=21,DAY_OF_YEAR=80,DAY_OF_WEEK=4,DAY_OF_WEEK_IN_MONTH=3,AM_PM=1,HOUR=9,HOUR_OF_DAY=21,MINUTE=20,SECOND=59,MILLISECOND=320,ZONE_OFFSET=0,DST_OFFSET=0], message=null}
21:20:59.330 [main] DEBUG org.hibernate.SQL - insert into LogEntries (logCode, message, primaryUser, secondaryUser, time, id) values (?, ?, ?, ?, ?, ?)
Hibernate: insert into LogEntries (logCode, message, primaryUser, secondaryUser, time, id) values (?, ?, ?, ?, ?, ?)
21:20:59.332 [main] DEBUG o.h.e.j.internal.JdbcCoordinatorImpl - HHH000420: Closing un-released batch
21:20:59.333 [main] DEBUG o.h.e.t.internal.TransactionImpl - begin
21:20:59.334 [main] DEBUG org.hibernate.SQL - select next_val as id_val from hibernate_sequence for update
Hibernate: select next_val as id_val from hibernate_sequence for update
21:20:59.335 [main] DEBUG org.hibernate.SQL - update hibernate_sequence set next_val= ? where next_val=?
Hibernate: update hibernate_sequence set next_val= ? where next_val=?
21:20:59.338 [main] DEBUG o.h.e.i.AbstractSaveEventListener - Generated identifier: 317, using strategy: org.hibernate.id.enhanced.SequenceStyleGenerator
21:20:59.341 [main] DEBUG o.h.e.t.internal.TransactionImpl - committing
21:20:59.341 [main] DEBUG o.h.e.i.AbstractFlushingEventListener - Processing flush-time cascades
21:20:59.342 [main] DEBUG o.h.e.i.AbstractFlushingEventListener - Dirty checking collections
21:20:59.342 [main] DEBUG o.h.e.i.AbstractFlushingEventListener - Flushed: 1 insertions, 0 updates, 0 deletions to 1 objects
21:20:59.342 [main] DEBUG o.h.e.i.AbstractFlushingEventListener - Flushed: 0 (re)creations, 0 updates, 0 removals to 0 collections
21:20:59.343 [main] DEBUG o.h.internal.util.EntityPrinter - Listing entities:
21:20:59.343 [main] DEBUG o.h.internal.util.EntityPrinter - edu.ncsu.csc.itrust2.models.persistent.LogEntry{secondaryUser=null, logCode=5, primaryUser=logapitest, id=317, time=java.util.GregorianCalendar[time=1521667259333,areFieldsSet=true,areAllFieldsSet=true,lenient=true,zone=sun.util.calendar.ZoneInfo[id="Etc/UTC",offset=0,dstSavings=0,useDaylight=false,transitions=0,lastRule=null],firstDayOfWeek=1,minimalDaysInFirstWeek=1,ERA=1,YEAR=2018,MONTH=2,WEEK_OF_YEAR=12,WEEK_OF_MONTH=4,DAY_OF_MONTH=21,DAY_OF_YEAR=80,DAY_OF_WEEK=4,DAY_OF_WEEK_IN_MONTH=3,AM_PM=1,HOUR=9,HOUR_OF_DAY=21,MINUTE=20,SECOND=59,MILLISECOND=333,ZONE_OFFSET=0,DST_OFFSET=0], message=null}
21:20:59.343 [main] DEBUG org.hibernate.SQL - insert into LogEntries (logCode, message, primaryUser, secondaryUser, time, id) values (?, ?, ?, ?, ?, ?)
Hibernate: insert into LogEntries (logCode, message, primaryUser, secondaryUser, time, id) values (?, ?, ?, ?, ?, ?)
21:20:59.346 [main] DEBUG o.h.e.j.internal.JdbcCoordinatorImpl - HHH000420: Closing un-released batch
21:20:59.346 [main] DEBUG o.h.e.t.internal.TransactionImpl - begin
21:20:59.348 [main] DEBUG org.hibernate.SQL - select next_val as id_val from hibernate_sequence for update
Hibernate: select next_val as id_val from hibernate_sequence for update
21:20:59.350 [main] DEBUG org.hibernate.SQL - update hibernate_sequence set next_val= ? where next_val=?
Hibernate: update hibernate_sequence set next_val= ? where next_val=?
21:20:59.352 [main] DEBUG o.h.e.i.AbstractSaveEventListener - Generated identifier: 318, using strategy: org.hibernate.id.enhanced.SequenceStyleGenerator
21:20:59.352 [main] DEBUG o.h.e.t.internal.TransactionImpl - committing
21:20:59.352 [main] DEBUG o.h.e.i.AbstractFlushingEventListener - Processing flush-time cascades
21:20:59.353 [main] DEBUG o.h.e.i.AbstractFlushingEventListener - Dirty checking collections
21:20:59.353 [main] DEBUG o.h.e.i.AbstractFlushingEventListener - Flushed: 1 insertions, 0 updates, 0 deletions to 1 objects
21:20:59.353 [main] DEBUG o.h.e.i.AbstractFlushingEventListener - Flushed: 0 (re)creations, 0 updates, 0 removals to 0 collections
21:20:59.353 [main] DEBUG o.h.internal.util.EntityPrinter - Listing entities:
21:20:59.354 [main] DEBUG o.h.internal.util.EntityPrinter - edu.ncsu.csc.itrust2.models.persistent.LogEntry{secondaryUser=null, logCode=5, primaryUser=logapitest, id=318, time=java.util.GregorianCalendar[time=1521667259346,areFieldsSet=true,areAllFieldsSet=true,lenient=true,zone=sun.util.calendar.ZoneInfo[id="Etc/UTC",offset=0,dstSavings=0,useDaylight=false,transitions=0,lastRule=null],firstDayOfWeek=1,minimalDaysInFirstWeek=1,ERA=1,YEAR=2018,MONTH=2,WEEK_OF_YEAR=12,WEEK_OF_MONTH=4,DAY_OF_MONTH=21,DAY_OF_YEAR=80,DAY_OF_WEEK=4,DAY_OF_WEEK_IN_MONTH=3,AM_PM=1,HOUR=9,HOUR_OF_DAY=21,MINUTE=20,SECOND=59,MILLISECOND=346,ZONE_OFFSET=0,DST_OFFSET=0], message=null}
21:20:59.354 [main] DEBUG org.hibernate.SQL - insert into LogEntries (logCode, message, primaryUser, secondaryUser, time, id) values (?, ?, ?, ?, ?, ?)
Hibernate: insert into LogEntries (logCode, message, primaryUser, secondaryUser, time, id) values (?, ?, ?, ?, ?, ?)
21:20:59.358 [main] DEBUG o.h.e.j.internal.JdbcCoordinatorImpl - HHH000420: Closing un-released batch
21:20:59.359 [main] DEBUG o.h.e.t.internal.TransactionImpl - begin
21:20:59.360 [main] DEBUG org.hibernate.SQL - select next_val as id_val from hibernate_sequence for update
Hibernate: select next_val as id_val from hibernate_sequence for update
21:20:59.362 [main] DEBUG org.hibernate.SQL - update hibernate_sequence set next_val= ? where next_val=?
Hibernate: update hibernate_sequence set next_val= ? where next_val=?
21:20:59.364 [main] DEBUG o.h.e.i.AbstractSaveEventListener - Generated identifier: 319, using strategy: org.hibernate.id.enhanced.SequenceStyleGenerator
21:20:59.364 [main] DEBUG o.h.e.t.internal.TransactionImpl - committing
21:20:59.366 [main] DEBUG o.h.e.i.AbstractFlushingEventListener - Processing flush-time cascades
21:20:59.368 [main] DEBUG o.h.e.i.AbstractFlushingEventListener - Dirty checking collections
21:20:59.371 [main] DEBUG o.h.e.i.AbstractFlushingEventListener - Flushed: 1 insertions, 0 updates, 0 deletions to 1 objects
21:20:59.374 [main] DEBUG o.h.e.i.AbstractFlushingEventListener - Flushed: 0 (re)creations, 0 updates, 0 removals to 0 collections
21:20:59.375 [main] DEBUG o.h.internal.util.EntityPrinter - Listing entities:
21:20:59.375 [main] DEBUG o.h.internal.util.EntityPrinter - edu.ncsu.csc.itrust2.models.persistent.LogEntry{secondaryUser=null, logCode=5, primaryUser=logapitest, id=319, time=java.util.GregorianCalendar[time=1521667259359,areFieldsSet=true,areAllFieldsSet=true,lenient=true,zone=sun.util.calendar.ZoneInfo[id="Etc/UTC",offset=0,dstSavings=0,useDaylight=false,transitions=0,lastRule=null],firstDayOfWeek=1,minimalDaysInFirstWeek=1,ERA=1,YEAR=2018,MONTH=2,WEEK_OF_YEAR=12,WEEK_OF_MONTH=4,DAY_OF_MONTH=21,DAY_OF_YEAR=80,DAY_OF_WEEK=4,DAY_OF_WEEK_IN_MONTH=3,AM_PM=1,HOUR=9,HOUR_OF_DAY=21,MINUTE=20,SECOND=59,MILLISECOND=359,ZONE_OFFSET=0,DST_OFFSET=0], message=null}
21:20:59.376 [main] DEBUG org.hibernate.SQL - insert into LogEntries (logCode, message, primaryUser, secondaryUser, time, id) values (?, ?, ?, ?, ?, ?)
Hibernate: insert into LogEntries (logCode, message, primaryUser, secondaryUser, time, id) values (?, ?, ?, ?, ?, ?)
21:20:59.382 [main] DEBUG o.h.e.j.internal.JdbcCoordinatorImpl - HHH000420: Closing un-released batch
21:20:59.383 [main] DEBUG o.h.e.t.internal.TransactionImpl - begin
21:20:59.385 [main] DEBUG org.hibernate.SQL - select next_val as id_val from hibernate_sequence for update
Hibernate: select next_val as id_val from hibernate_sequence for update
21:20:59.386 [main] DEBUG org.hibernate.SQL - update hibernate_sequence set next_val= ? where next_val=?
Hibernate: update hibernate_sequence set next_val= ? where next_val=?
21:20:59.388 [main] DEBUG o.h.e.i.AbstractSaveEventListener - Generated identifier: 320, using strategy: org.hibernate.id.enhanced.SequenceStyleGenerator
21:20:59.388 [main] DEBUG o.h.e.t.internal.TransactionImpl - committing
21:20:59.389 [main] DEBUG o.h.e.i.AbstractFlushingEventListener - Processing flush-time cascades
21:20:59.389 [main] DEBUG o.h.e.i.AbstractFlushingEventListener - Dirty checking collections
21:20:59.389 [main] DEBUG o.h.e.i.AbstractFlushingEventListener - Flushed: 1 insertions, 0 updates, 0 deletions to 1 objects
21:20:59.390 [main] DEBUG o.h.e.i.AbstractFlushingEventListener - Flushed: 0 (re)creations, 0 updates, 0 removals to 0 collections
21:20:59.390 [main] DEBUG o.h.internal.util.EntityPrinter - Listing entities:
21:20:59.390 [main] DEBUG o.h.internal.util.EntityPrinter - edu.ncsu.csc.itrust2.models.persistent.LogEntry{secondaryUser=null, logCode=5, primaryUser=logapitest, id=320, time=java.util.GregorianCalendar[time=1521667259383,areFieldsSet=true,areAllFieldsSet=true,lenient=true,zone=sun.util.calendar.ZoneInfo[id="Etc/UTC",offset=0,dstSavings=0,useDaylight=false,transitions=0,lastRule=null],firstDayOfWeek=1,minimalDaysInFirstWeek=1,ERA=1,YEAR=2018,MONTH=2,WEEK_OF_YEAR=12,WEEK_OF_MONTH=4,DAY_OF_MONTH=21,DAY_OF_YEAR=80,DAY_OF_WEEK=4,DAY_OF_WEEK_IN_MONTH=3,AM_PM=1,HOUR=9,HOUR_OF_DAY=21,MINUTE=20,SECOND=59,MILLISECOND=383,ZONE_OFFSET=0,DST_OFFSET=0], message=null}
21:20:59.391 [main] DEBUG org.hibernate.SQL - insert into LogEntries (logCode, message, primaryUser, secondaryUser, time, id) values (?, ?, ?, ?, ?, ?)
Hibernate: insert into LogEntries (logCode, message, primaryUser, secondaryUser, time, id) values (?, ?, ?, ?, ?, ?)
21:20:59.393 [main] DEBUG o.h.e.j.internal.JdbcCoordinatorImpl - HHH000420: Closing un-released batch
21:20:59.394 [main] DEBUG o.h.e.t.internal.TransactionImpl - begin
21:20:59.398 [main] DEBUG org.hibernate.SQL - select next_val as id_val from hibernate_sequence for update
Hibernate: select next_val as id_val from hibernate_sequence for update
21:20:59.399 [main] DEBUG org.hibernate.SQL - update hibernate_sequence set next_val= ? where next_val=?
Hibernate: update hibernate_sequence set next_val= ? where next_val=?
21:20:59.402 [main] DEBUG o.h.e.i.AbstractSaveEventListener - Generated identifier: 321, using strategy: org.hibernate.id.enhanced.SequenceStyleGenerator
21:20:59.402 [main] DEBUG o.h.e.t.internal.TransactionImpl - committing
21:20:59.403 [main] DEBUG o.h.e.i.AbstractFlushingEventListener - Processing flush-time cascades
21:20:59.403 [main] DEBUG o.h.e.i.AbstractFlushingEventListener - Dirty checking collections
21:20:59.404 [main] DEBUG o.h.e.i.AbstractFlushingEventListener - Flushed: 1 insertions, 0 updates, 0 deletions to 1 objects
21:20:59.404 [main] DEBUG o.h.e.i.AbstractFlushingEventListener - Flushed: 0 (re)creations, 0 updates, 0 removals to 0 collections
21:20:59.404 [main] DEBUG o.h.internal.util.EntityPrinter - Listing entities:
21:20:59.404 [main] DEBUG o.h.internal.util.EntityPrinter - edu.ncsu.csc.itrust2.models.persistent.LogEntry{secondaryUser=null, logCode=5, primaryUser=logapitest, id=321, time=java.util.GregorianCalendar[time=1521667259394,areFieldsSet=true,areAllFieldsSet=true,lenient=true,zone=sun.util.calendar.ZoneInfo[id="Etc/UTC",offset=0,dstSavings=0,useDaylight=false,transitions=0,lastRule=null],firstDayOfWeek=1,minimalDaysInFirstWeek=1,ERA=1,YEAR=2018,MONTH=2,WEEK_OF_YEAR=12,WEEK_OF_MONTH=4,DAY_OF_MONTH=21,DAY_OF_YEAR=80,DAY_OF_WEEK=4,DAY_OF_WEEK_IN_MONTH=3,AM_PM=1,HOUR=9,HOUR_OF_DAY=21,MINUTE=20,SECOND=59,MILLISECOND=394,ZONE_OFFSET=0,DST_OFFSET=0], message=null}
21:20:59.405 [main] DEBUG org.hibernate.SQL - insert into LogEntries (logCode, message, primaryUser, secondaryUser, time, id) values (?, ?, ?, ?, ?, ?)
Hibernate: insert into LogEntries (logCode, message, primaryUser, secondaryUser, time, id) values (?, ?, ?, ?, ?, ?)
21:20:59.407 [main] DEBUG o.h.e.j.internal.JdbcCoordinatorImpl - HHH000420: Closing un-released batch
21:20:59.409 [main] DEBUG o.h.e.t.internal.TransactionImpl - begin
21:20:59.413 [main] DEBUG org.hibernate.SQL - select next_val as id_val from hibernate_sequence for update
Hibernate: select next_val as id_val from hibernate_sequence for update
21:20:59.414 [main] DEBUG org.hibernate.SQL - update hibernate_sequence set next_val= ? where next_val=?
Hibernate: update hibernate_sequence set next_val= ? where next_val=?
21:20:59.416 [main] DEBUG o.h.e.i.AbstractSaveEventListener - Generated identifier: 322, using strategy: org.hibernate.id.enhanced.SequenceStyleGenerator
21:20:59.417 [main] DEBUG o.h.e.t.internal.TransactionImpl - committing
21:20:59.417 [main] DEBUG o.h.e.i.AbstractFlushingEventListener - Processing flush-time cascades
21:20:59.417 [main] DEBUG o.h.e.i.AbstractFlushingEventListener - Dirty checking collections
21:20:59.418 [main] DEBUG o.h.e.i.AbstractFlushingEventListener - Flushed: 1 insertions, 0 updates, 0 deletions to 1 objects
21:20:59.418 [main] DEBUG o.h.e.i.AbstractFlushingEventListener - Flushed: 0 (re)creations, 0 updates, 0 removals to 0 collections
21:20:59.418 [main] DEBUG o.h.internal.util.EntityPrinter - Listing entities:
21:20:59.419 [main] DEBUG o.h.internal.util.EntityPrinter - edu.ncsu.csc.itrust2.models.persistent.LogEntry{secondaryUser=null, logCode=5, primaryUser=logapitest, id=322, time=java.util.GregorianCalendar[time=1521667259408,areFieldsSet=true,areAllFieldsSet=true,lenient=true,zone=sun.util.calendar.ZoneInfo[id="Etc/UTC",offset=0,dstSavings=0,useDaylight=false,transitions=0,lastRule=null],firstDayOfWeek=1,minimalDaysInFirstWeek=1,ERA=1,YEAR=2018,MONTH=2,WEEK_OF_YEAR=12,WEEK_OF_MONTH=4,DAY_OF_MONTH=21,DAY_OF_YEAR=80,DAY_OF_WEEK=4,DAY_OF_WEEK_IN_MONTH=3,AM_PM=1,HOUR=9,HOUR_OF_DAY=21,MINUTE=20,SECOND=59,MILLISECOND=408,ZONE_OFFSET=0,DST_OFFSET=0], message=null}
21:20:59.420 [main] DEBUG org.hibernate.SQL - insert into LogEntries (logCode, message, primaryUser, secondaryUser, time, id) values (?, ?, ?, ?, ?, ?)
Hibernate: insert into LogEntries (logCode, message, primaryUser, secondaryUser, time, id) values (?, ?, ?, ?, ?, ?)
21:20:59.422 [main] DEBUG o.h.e.j.internal.JdbcCoordinatorImpl - HHH000420: Closing un-released batch
21:20:59.422 [main] DEBUG o.h.e.t.internal.TransactionImpl - begin
21:20:59.424 [main] DEBUG org.hibernate.SQL - select next_val as id_val from hibernate_sequence for update
Hibernate: select next_val as id_val from hibernate_sequence for update
21:20:59.427 [main] DEBUG org.hibernate.SQL - update hibernate_sequence set next_val= ? where next_val=?
Hibernate: update hibernate_sequence set next_val= ? where next_val=?
21:20:59.428 [main] DEBUG o.h.e.i.AbstractSaveEventListener - Generated identifier: 323, using strategy: org.hibernate.id.enhanced.SequenceStyleGenerator
21:20:59.429 [main] DEBUG o.h.e.t.internal.TransactionImpl - committing
21:20:59.430 [main] DEBUG o.h.e.i.AbstractFlushingEventListener - Processing flush-time cascades
21:20:59.430 [main] DEBUG o.h.e.i.AbstractFlushingEventListener - Dirty checking collections
21:20:59.431 [main] DEBUG o.h.e.i.AbstractFlushingEventListener - Flushed: 1 insertions, 0 updates, 0 deletions to 1 objects
21:20:59.431 [main] DEBUG o.h.e.i.AbstractFlushingEventListener - Flushed: 0 (re)creations, 0 updates, 0 removals to 0 collections
21:20:59.431 [main] DEBUG o.h.internal.util.EntityPrinter - Listing entities:
21:20:59.432 [main] DEBUG o.h.internal.util.EntityPrinter - edu.ncsu.csc.itrust2.models.persistent.LogEntry{secondaryUser=null, logCode=5, primaryUser=logapitest, id=323, time=java.util.GregorianCalendar[time=1521667259422,areFieldsSet=true,areAllFieldsSet=true,lenient=true,zone=sun.util.calendar.ZoneInfo[id="Etc/UTC",offset=0,dstSavings=0,useDaylight=false,transitions=0,lastRule=null],firstDayOfWeek=1,minimalDaysInFirstWeek=1,ERA=1,YEAR=2018,MONTH=2,WEEK_OF_YEAR=12,WEEK_OF_MONTH=4,DAY_OF_MONTH=21,DAY_OF_YEAR=80,DAY_OF_WEEK=4,DAY_OF_WEEK_IN_MONTH=3,AM_PM=1,HOUR=9,HOUR_OF_DAY=21,MINUTE=20,SECOND=59,MILLISECOND=422,ZONE_OFFSET=0,DST_OFFSET=0], message=null}
21:20:59.432 [main] DEBUG org.hibernate.SQL - insert into LogEntries (logCode, message, primaryUser, secondaryUser, time, id) values (?, ?, ?, ?, ?, ?)
Hibernate: insert into LogEntries (logCode, message, primaryUser, secondaryUser, time, id) values (?, ?, ?, ?, ?, ?)
21:20:59.434 [main] DEBUG o.h.e.j.internal.JdbcCoordinatorImpl - HHH000420: Closing un-released batch
21:20:59.435 [main] DEBUG o.h.e.t.internal.TransactionImpl - begin
21:20:59.437 [main] DEBUG org.hibernate.SQL - select next_val as id_val from hibernate_sequence for update
Hibernate: select next_val as id_val from hibernate_sequence for update
21:20:59.438 [main] DEBUG org.hibernate.SQL - update hibernate_sequence set next_val= ? where next_val=?
Hibernate: update hibernate_sequence set next_val= ? where next_val=?
21:20:59.440 [main] DEBUG o.h.e.i.AbstractSaveEventListener - Generated identifier: 324, using strategy: org.hibernate.id.enhanced.SequenceStyleGenerator
21:20:59.441 [main] DEBUG o.h.e.t.internal.TransactionImpl - committing
21:20:59.442 [main] DEBUG o.h.e.i.AbstractFlushingEventListener - Processing flush-time cascades
21:20:59.442 [main] DEBUG o.h.e.i.AbstractFlushingEventListener - Dirty checking collections
21:20:59.443 [main] DEBUG o.h.e.i.AbstractFlushingEventListener - Flushed: 1 insertions, 0 updates, 0 deletions to 1 objects
21:20:59.443 [main] DEBUG o.h.e.i.AbstractFlushingEventListener - Flushed: 0 (re)creations, 0 updates, 0 removals to 0 collections
21:20:59.443 [main] DEBUG o.h.internal.util.EntityPrinter - Listing entities:
21:20:59.443 [main] DEBUG o.h.internal.util.EntityPrinter - edu.ncsu.csc.itrust2.models.persistent.LogEntry{secondaryUser=null, logCode=5, primaryUser=logapitest, id=324, time=java.util.GregorianCalendar[time=1521667259435,areFieldsSet=true,areAllFieldsSet=true,lenient=true,zone=sun.util.calendar.ZoneInfo[id="Etc/UTC",offset=0,dstSavings=0,useDaylight=false,transitions=0,lastRule=null],firstDayOfWeek=1,minimalDaysInFirstWeek=1,ERA=1,YEAR=2018,MONTH=2,WEEK_OF_YEAR=12,WEEK_OF_MONTH=4,DAY_OF_MONTH=21,DAY_OF_YEAR=80,DAY_OF_WEEK=4,DAY_OF_WEEK_IN_MONTH=3,AM_PM=1,HOUR=9,HOUR_OF_DAY=21,MINUTE=20,SECOND=59,MILLISECOND=435,ZONE_OFFSET=0,DST_OFFSET=0], message=null}
21:20:59.444 [main] DEBUG org.hibernate.SQL - insert into LogEntries (logCode, message, primaryUser, secondaryUser, time, id) values (?, ?, ?, ?, ?, ?)
Hibernate: insert into LogEntries (logCode, message, primaryUser, secondaryUser, time, id) values (?, ?, ?, ?, ?, ?)
21:20:59.457 [main] DEBUG o.h.e.j.internal.JdbcCoordinatorImpl - HHH000420: Closing un-released batch
21:20:59.459 [main] DEBUG o.h.e.t.internal.TransactionImpl - begin
21:20:59.460 [main] DEBUG org.hibernate.SQL - select next_val as id_val from hibernate_sequence for update
Hibernate: select next_val as id_val from hibernate_sequence for update
21:20:59.461 [main] DEBUG org.hibernate.SQL - update hibernate_sequence set next_val= ? where next_val=?
Hibernate: update hibernate_sequence set next_val= ? where next_val=?
21:20:59.463 [main] DEBUG o.h.e.i.AbstractSaveEventListener - Generated identifier: 325, using strategy: org.hibernate.id.enhanced.SequenceStyleGenerator
21:20:59.464 [main] DEBUG o.h.e.t.internal.TransactionImpl - committing
21:20:59.464 [main] DEBUG o.h.e.i.AbstractFlushingEventListener - Processing flush-time cascades
21:20:59.464 [main] DEBUG o.h.e.i.AbstractFlushingEventListener - Dirty checking collections
21:20:59.465 [main] DEBUG o.h.e.i.AbstractFlushingEventListener - Flushed: 1 insertions, 0 updates, 0 deletions to 1 objects
21:20:59.465 [main] DEBUG o.h.e.i.AbstractFlushingEventListener - Flushed: 0 (re)creations, 0 updates, 0 removals to 0 collections
21:20:59.465 [main] DEBUG o.h.internal.util.EntityPrinter - Listing entities:
21:20:59.466 [main] DEBUG o.h.internal.util.EntityPrinter - edu.ncsu.csc.itrust2.models.persistent.LogEntry{secondaryUser=null, logCode=5, primaryUser=logapitest, id=325, time=java.util.GregorianCalendar[time=1521667259459,areFieldsSet=true,areAllFieldsSet=true,lenient=true,zone=sun.util.calendar.ZoneInfo[id="Etc/UTC",offset=0,dstSavings=0,useDaylight=false,transitions=0,lastRule=null],firstDayOfWeek=1,minimalDaysInFirstWeek=1,ERA=1,YEAR=2018,MONTH=2,WEEK_OF_YEAR=12,WEEK_OF_MONTH=4,DAY_OF_MONTH=21,DAY_OF_YEAR=80,DAY_OF_WEEK=4,DAY_OF_WEEK_IN_MONTH=3,AM_PM=1,HOUR=9,HOUR_OF_DAY=21,MINUTE=20,SECOND=59,MILLISECOND=459,ZONE_OFFSET=0,DST_OFFSET=0], message=null}
21:20:59.467 [main] DEBUG org.hibernate.SQL - insert into LogEntries (logCode, message, primaryUser, secondaryUser, time, id) values (?, ?, ?, ?, ?, ?)
Hibernate: insert into LogEntries (logCode, message, primaryUser, secondaryUser, time, id) values (?, ?, ?, ?, ?, ?)
21:20:59.469 [main] DEBUG o.h.e.j.internal.JdbcCoordinatorImpl - HHH000420: Closing un-released batch
21:20:59.470 [main] DEBUG o.h.e.t.internal.TransactionImpl - begin
21:20:59.472 [main] DEBUG org.hibernate.SQL - select next_val as id_val from hibernate_sequence for update
Hibernate: select next_val as id_val from hibernate_sequence for update
21:20:59.473 [main] DEBUG org.hibernate.SQL - update hibernate_sequence set next_val= ? where next_val=?
Hibernate: update hibernate_sequence set next_val= ? where next_val=?
21:20:59.475 [main] DEBUG o.h.e.i.AbstractSaveEventListener - Generated identifier: 326, using strategy: org.hibernate.id.enhanced.SequenceStyleGenerator
21:20:59.476 [main] DEBUG o.h.e.t.internal.TransactionImpl - committing
21:20:59.476 [main] DEBUG o.h.e.i.AbstractFlushingEventListener - Processing flush-time cascades
21:20:59.476 [main] DEBUG o.h.e.i.AbstractFlushingEventListener - Dirty checking collections
21:20:59.476 [main] DEBUG o.h.e.i.AbstractFlushingEventListener - Flushed: 1 insertions, 0 updates, 0 deletions to 1 objects
21:20:59.476 [main] DEBUG o.h.e.i.AbstractFlushingEventListener - Flushed: 0 (re)creations, 0 updates, 0 removals to 0 collections
21:20:59.477 [main] DEBUG o.h.internal.util.EntityPrinter - Listing entities:
21:20:59.477 [main] DEBUG o.h.internal.util.EntityPrinter - edu.ncsu.csc.itrust2.models.persistent.LogEntry{secondaryUser=null, logCode=5, primaryUser=logapitest, id=326, time=java.util.GregorianCalendar[time=1521667259470,areFieldsSet=true,areAllFieldsSet=true,lenient=true,zone=sun.util.calendar.ZoneInfo[id="Etc/UTC",offset=0,dstSavings=0,useDaylight=false,transitions=0,lastRule=null],firstDayOfWeek=1,minimalDaysInFirstWeek=1,ERA=1,YEAR=2018,MONTH=2,WEEK_OF_YEAR=12,WEEK_OF_MONTH=4,DAY_OF_MONTH=21,DAY_OF_YEAR=80,DAY_OF_WEEK=4,DAY_OF_WEEK_IN_MONTH=3,AM_PM=1,HOUR=9,HOUR_OF_DAY=21,MINUTE=20,SECOND=59,MILLISECOND=470,ZONE_OFFSET=0,DST_OFFSET=0], message=null}
21:20:59.478 [main] DEBUG org.hibernate.SQL - insert into LogEntries (logCode, message, primaryUser, secondaryUser, time, id) values (?, ?, ?, ?, ?, ?)
Hibernate: insert into LogEntries (logCode, message, primaryUser, secondaryUser, time, id) values (?, ?, ?, ?, ?, ?)
21:20:59.480 [main] DEBUG o.h.e.j.internal.JdbcCoordinatorImpl - HHH000420: Closing un-released batch
21:20:59.481 [main] DEBUG o.h.e.t.internal.TransactionImpl - begin
21:20:59.482 [main] DEBUG org.hibernate.SQL - select next_val as id_val from hibernate_sequence for update
Hibernate: select next_val as id_val from hibernate_sequence for update
21:20:59.483 [main] DEBUG org.hibernate.SQL - update hibernate_sequence set next_val= ? where next_val=?
Hibernate: update hibernate_sequence set next_val= ? where next_val=?
21:20:59.485 [main] DEBUG o.h.e.i.AbstractSaveEventListener - Generated identifier: 327, using strategy: org.hibernate.id.enhanced.SequenceStyleGenerator
21:20:59.486 [main] DEBUG o.h.e.t.internal.TransactionImpl - committing
21:20:59.487 [main] DEBUG o.h.e.i.AbstractFlushingEventListener - Processing flush-time cascades
21:20:59.487 [main] DEBUG o.h.e.i.AbstractFlushingEventListener - Dirty checking collections
21:20:59.487 [main] DEBUG o.h.e.i.AbstractFlushingEventListener - Flushed: 1 insertions, 0 updates, 0 deletions to 1 objects
21:20:59.488 [main] DEBUG o.h.e.i.AbstractFlushingEventListener - Flushed: 0 (re)creations, 0 updates, 0 removals to 0 collections
21:20:59.488 [main] DEBUG o.h.internal.util.EntityPrinter - Listing entities:
21:20:59.489 [main] DEBUG o.h.internal.util.EntityPrinter - edu.ncsu.csc.itrust2.models.persistent.LogEntry{secondaryUser=null, logCode=5, primaryUser=logapitest, id=327, time=java.util.GregorianCalendar[time=1521667259481,areFieldsSet=true,areAllFieldsSet=true,lenient=true,zone=sun.util.calendar.ZoneInfo[id="Etc/UTC",offset=0,dstSavings=0,useDaylight=false,transitions=0,lastRule=null],firstDayOfWeek=1,minimalDaysInFirstWeek=1,ERA=1,YEAR=2018,MONTH=2,WEEK_OF_YEAR=12,WEEK_OF_MONTH=4,DAY_OF_MONTH=21,DAY_OF_YEAR=80,DAY_OF_WEEK=4,DAY_OF_WEEK_IN_MONTH=3,AM_PM=1,HOUR=9,HOUR_OF_DAY=21,MINUTE=20,SECOND=59,MILLISECOND=481,ZONE_OFFSET=0,DST_OFFSET=0], message=null}
21:20:59.489 [main] DEBUG org.hibernate.SQL - insert into LogEntries (logCode, message, primaryUser, secondaryUser, time, id) values (?, ?, ?, ?, ?, ?)
Hibernate: insert into LogEntries (logCode, message, primaryUser, secondaryUser, time, id) values (?, ?, ?, ?, ?, ?)
21:20:59.492 [main] DEBUG o.h.e.j.internal.JdbcCoordinatorImpl - HHH000420: Closing un-released batch
21:20:59.493 [main] DEBUG o.h.e.t.internal.TransactionImpl - begin
21:20:59.494 [main] DEBUG org.hibernate.SQL - select next_val as id_val from hibernate_sequence for update
Hibernate: select next_val as id_val from hibernate_sequence for update
21:20:59.496 [main] DEBUG org.hibernate.SQL - update hibernate_sequence set next_val= ? where next_val=?
Hibernate: update hibernate_sequence set next_val= ? where next_val=?
21:20:59.498 [main] DEBUG o.h.e.i.AbstractSaveEventListener - Generated identifier: 328, using strategy: org.hibernate.id.enhanced.SequenceStyleGenerator
21:20:59.499 [main] DEBUG o.h.e.t.internal.TransactionImpl - committing
21:20:59.499 [main] DEBUG o.h.e.i.AbstractFlushingEventListener - Processing flush-time cascades
21:20:59.499 [main] DEBUG o.h.e.i.AbstractFlushingEventListener - Dirty checking collections
21:20:59.499 [main] DEBUG o.h.e.i.AbstractFlushingEventListener - Flushed: 1 insertions, 0 updates, 0 deletions to 1 objects
21:20:59.500 [main] DEBUG o.h.e.i.AbstractFlushingEventListener - Flushed: 0 (re)creations, 0 updates, 0 removals to 0 collections
21:20:59.500 [main] DEBUG o.h.internal.util.EntityPrinter - Listing entities:
21:20:59.500 [main] DEBUG o.h.internal.util.EntityPrinter - edu.ncsu.csc.itrust2.models.persistent.LogEntry{secondaryUser=null, logCode=5, primaryUser=logapitest, id=328, time=java.util.GregorianCalendar[time=1521667259493,areFieldsSet=true,areAllFieldsSet=true,lenient=true,zone=sun.util.calendar.ZoneInfo[id="Etc/UTC",offset=0,dstSavings=0,useDaylight=false,transitions=0,lastRule=null],firstDayOfWeek=1,minimalDaysInFirstWeek=1,ERA=1,YEAR=2018,MONTH=2,WEEK_OF_YEAR=12,WEEK_OF_MONTH=4,DAY_OF_MONTH=21,DAY_OF_YEAR=80,DAY_OF_WEEK=4,DAY_OF_WEEK_IN_MONTH=3,AM_PM=1,HOUR=9,HOUR_OF_DAY=21,MINUTE=20,SECOND=59,MILLISECOND=493,ZONE_OFFSET=0,DST_OFFSET=0], message=null}
21:20:59.501 [main] DEBUG org.hibernate.SQL - insert into LogEntries (logCode, message, primaryUser, secondaryUser, time, id) values (?, ?, ?, ?, ?, ?)
Hibernate: insert into LogEntries (logCode, message, primaryUser, secondaryUser, time, id) values (?, ?, ?, ?, ?, ?)
21:20:59.503 [main] DEBUG o.h.e.j.internal.JdbcCoordinatorImpl - HHH000420: Closing un-released batch
21:20:59.504 [main] DEBUG o.h.e.t.internal.TransactionImpl - begin
21:20:59.505 [main] DEBUG org.hibernate.SQL - select next_val as id_val from hibernate_sequence for update
Hibernate: select next_val as id_val from hibernate_sequence for update
21:20:59.506 [main] DEBUG org.hibernate.SQL - update hibernate_sequence set next_val= ? where next_val=?
Hibernate: update hibernate_sequence set next_val= ? where next_val=?
21:20:59.509 [main] DEBUG o.h.e.i.AbstractSaveEventListener - Generated identifier: 329, using strategy: org.hibernate.id.enhanced.SequenceStyleGenerator
21:20:59.510 [main] DEBUG o.h.e.t.internal.TransactionImpl - committing
21:20:59.511 [main] DEBUG o.h.e.i.AbstractFlushingEventListener - Processing flush-time cascades
21:20:59.511 [main] DEBUG o.h.e.i.AbstractFlushingEventListener - Dirty checking collections
21:20:59.512 [main] DEBUG o.h.e.i.AbstractFlushingEventListener - Flushed: 1 insertions, 0 updates, 0 deletions to 1 objects
21:20:59.512 [main] DEBUG o.h.e.i.AbstractFlushingEventListener - Flushed: 0 (re)creations, 0 updates, 0 removals to 0 collections
21:20:59.512 [main] DEBUG o.h.internal.util.EntityPrinter - Listing entities:
21:20:59.513 [main] DEBUG o.h.internal.util.EntityPrinter - edu.ncsu.csc.itrust2.models.persistent.LogEntry{secondaryUser=null, logCode=5, primaryUser=logapitest, id=329, time=java.util.GregorianCalendar[time=1521667259504,areFieldsSet=true,areAllFieldsSet=true,lenient=true,zone=sun.util.calendar.ZoneInfo[id="Etc/UTC",offset=0,dstSavings=0,useDaylight=false,transitions=0,lastRule=null],firstDayOfWeek=1,minimalDaysInFirstWeek=1,ERA=1,YEAR=2018,MONTH=2,WEEK_OF_YEAR=12,WEEK_OF_MONTH=4,DAY_OF_MONTH=21,DAY_OF_YEAR=80,DAY_OF_WEEK=4,DAY_OF_WEEK_IN_MONTH=3,AM_PM=1,HOUR=9,HOUR_OF_DAY=21,MINUTE=20,SECOND=59,MILLISECOND=504,ZONE_OFFSET=0,DST_OFFSET=0], message=null}
21:20:59.514 [main] DEBUG org.hibernate.SQL - insert into LogEntries (logCode, message, primaryUser, secondaryUser, time, id) values (?, ?, ?, ?, ?, ?)
Hibernate: insert into LogEntries (logCode, message, primaryUser, secondaryUser, time, id) values (?, ?, ?, ?, ?, ?)
21:20:59.518 [main] DEBUG o.h.e.j.internal.JdbcCoordinatorImpl - HHH000420: Closing un-released batch
21:20:59.519 [main] DEBUG o.h.e.t.internal.TransactionImpl - begin
21:20:59.521 [main] DEBUG org.hibernate.SQL - select next_val as id_val from hibernate_sequence for update
Hibernate: select next_val as id_val from hibernate_sequence for update
21:20:59.522 [main] DEBUG org.hibernate.SQL - update hibernate_sequence set next_val= ? where next_val=?
Hibernate: update hibernate_sequence set next_val= ? where next_val=?
21:20:59.525 [main] DEBUG o.h.e.i.AbstractSaveEventListener - Generated identifier: 330, using strategy: org.hibernate.id.enhanced.SequenceStyleGenerator
21:20:59.526 [main] DEBUG o.h.e.t.internal.TransactionImpl - committing
21:20:59.526 [main] DEBUG o.h.e.i.AbstractFlushingEventListener - Processing flush-time cascades
21:20:59.526 [main] DEBUG o.h.e.i.AbstractFlushingEventListener - Dirty checking collections
21:20:59.527 [main] DEBUG o.h.e.i.AbstractFlushingEventListener - Flushed: 1 insertions, 0 updates, 0 deletions to 1 objects
21:20:59.527 [main] DEBUG o.h.e.i.AbstractFlushingEventListener - Flushed: 0 (re)creations, 0 updates, 0 removals to 0 collections
21:20:59.528 [main] DEBUG o.h.internal.util.EntityPrinter - Listing entities:
21:20:59.528 [main] DEBUG o.h.internal.util.EntityPrinter - edu.ncsu.csc.itrust2.models.persistent.LogEntry{secondaryUser=null, logCode=5, primaryUser=logapitest, id=330, time=java.util.GregorianCalendar[time=1521667259519,areFieldsSet=true,areAllFieldsSet=true,lenient=true,zone=sun.util.calendar.ZoneInfo[id="Etc/UTC",offset=0,dstSavings=0,useDaylight=false,transitions=0,lastRule=null],firstDayOfWeek=1,minimalDaysInFirstWeek=1,ERA=1,YEAR=2018,MONTH=2,WEEK_OF_YEAR=12,WEEK_OF_MONTH=4,DAY_OF_MONTH=21,DAY_OF_YEAR=80,DAY_OF_WEEK=4,DAY_OF_WEEK_IN_MONTH=3,AM_PM=1,HOUR=9,HOUR_OF_DAY=21,MINUTE=20,SECOND=59,MILLISECOND=519,ZONE_OFFSET=0,DST_OFFSET=0], message=null}
21:20:59.528 [main] DEBUG org.hibernate.SQL - insert into LogEntries (logCode, message, primaryUser, secondaryUser, time, id) values (?, ?, ?, ?, ?, ?)
Hibernate: insert into LogEntries (logCode, message, primaryUser, secondaryUser, time, id) values (?, ?, ?, ?, ?, ?)
21:20:59.531 [main] DEBUG o.h.e.j.internal.JdbcCoordinatorImpl - HHH000420: Closing un-released batch
21:20:59.532 [main] DEBUG o.h.e.t.internal.TransactionImpl - begin
21:20:59.533 [main] DEBUG org.hibernate.SQL - select next_val as id_val from hibernate_sequence for update
Hibernate: select next_val as id_val from hibernate_sequence for update
21:20:59.534 [main] DEBUG org.hibernate.SQL - update hibernate_sequence set next_val= ? where next_val=?
Hibernate: update hibernate_sequence set next_val= ? where next_val=?
21:20:59.536 [main] DEBUG o.h.e.i.AbstractSaveEventListener - Generated identifier: 331, using strategy: org.hibernate.id.enhanced.SequenceStyleGenerator
21:20:59.537 [main] DEBUG o.h.e.t.internal.TransactionImpl - committing
21:20:59.537 [main] DEBUG o.h.e.i.AbstractFlushingEventListener - Processing flush-time cascades
21:20:59.537 [main] DEBUG o.h.e.i.AbstractFlushingEventListener - Dirty checking collections
21:20:59.538 [main] DEBUG o.h.e.i.AbstractFlushingEventListener - Flushed: 1 insertions, 0 updates, 0 deletions to 1 objects
21:20:59.538 [main] DEBUG o.h.e.i.AbstractFlushingEventListener - Flushed: 0 (re)creations, 0 updates, 0 removals to 0 collections
21:20:59.538 [main] DEBUG o.h.internal.util.EntityPrinter - Listing entities:
21:20:59.539 [main] DEBUG o.h.internal.util.EntityPrinter - edu.ncsu.csc.itrust2.models.persistent.LogEntry{secondaryUser=null, logCode=5, primaryUser=logapitest, id=331, time=java.util.GregorianCalendar[time=1521667259531,areFieldsSet=true,areAllFieldsSet=true,lenient=true,zone=sun.util.calendar.ZoneInfo[id="Etc/UTC",offset=0,dstSavings=0,useDaylight=false,transitions=0,lastRule=null],firstDayOfWeek=1,minimalDaysInFirstWeek=1,ERA=1,YEAR=2018,MONTH=2,WEEK_OF_YEAR=12,WEEK_OF_MONTH=4,DAY_OF_MONTH=21,DAY_OF_YEAR=80,DAY_OF_WEEK=4,DAY_OF_WEEK_IN_MONTH=3,AM_PM=1,HOUR=9,HOUR_OF_DAY=21,MINUTE=20,SECOND=59,MILLISECOND=531,ZONE_OFFSET=0,DST_OFFSET=0], message=null}
21:20:59.540 [main] DEBUG org.hibernate.SQL - insert into LogEntries (logCode, message, primaryUser, secondaryUser, time, id) values (?, ?, ?, ?, ?, ?)
Hibernate: insert into LogEntries (logCode, message, primaryUser, secondaryUser, time, id) values (?, ?, ?, ?, ?, ?)
21:20:59.542 [main] DEBUG o.h.e.j.internal.JdbcCoordinatorImpl - HHH000420: Closing un-released batch
21:20:59.543 [main] DEBUG o.h.e.t.internal.TransactionImpl - begin
21:20:59.545 [main] DEBUG org.hibernate.SQL - select next_val as id_val from hibernate_sequence for update
Hibernate: select next_val as id_val from hibernate_sequence for update
21:20:59.546 [main] DEBUG org.hibernate.SQL - update hibernate_sequence set next_val= ? where next_val=?
Hibernate: update hibernate_sequence set next_val= ? where next_val=?
21:20:59.548 [main] DEBUG o.h.e.i.AbstractSaveEventListener - Generated identifier: 332, using strategy: org.hibernate.id.enhanced.SequenceStyleGenerator
21:20:59.549 [main] DEBUG o.h.e.t.internal.TransactionImpl - committing
21:20:59.549 [main] DEBUG o.h.e.i.AbstractFlushingEventListener - Processing flush-time cascades
21:20:59.549 [main] DEBUG o.h.e.i.AbstractFlushingEventListener - Dirty checking collections
21:20:59.550 [main] DEBUG o.h.e.i.AbstractFlushingEventListener - Flushed: 1 insertions, 0 updates, 0 deletions to 1 objects
21:20:59.550 [main] DEBUG o.h.e.i.AbstractFlushingEventListener - Flushed: 0 (re)creations, 0 updates, 0 removals to 0 collections
21:20:59.550 [main] DEBUG o.h.internal.util.EntityPrinter - Listing entities:
21:20:59.551 [main] DEBUG o.h.internal.util.EntityPrinter - edu.ncsu.csc.itrust2.models.persistent.LogEntry{secondaryUser=null, logCode=5, primaryUser=logapitest, id=332, time=java.util.GregorianCalendar[time=1521667259543,areFieldsSet=true,areAllFieldsSet=true,lenient=true,zone=sun.util.calendar.ZoneInfo[id="Etc/UTC",offset=0,dstSavings=0,useDaylight=false,transitions=0,lastRule=null],firstDayOfWeek=1,minimalDaysInFirstWeek=1,ERA=1,YEAR=2018,MONTH=2,WEEK_OF_YEAR=12,WEEK_OF_MONTH=4,DAY_OF_MONTH=21,DAY_OF_YEAR=80,DAY_OF_WEEK=4,DAY_OF_WEEK_IN_MONTH=3,AM_PM=1,HOUR=9,HOUR_OF_DAY=21,MINUTE=20,SECOND=59,MILLISECOND=543,ZONE_OFFSET=0,DST_OFFSET=0], message=null}
21:20:59.551 [main] DEBUG org.hibernate.SQL - insert into LogEntries (logCode, message, primaryUser, secondaryUser, time, id) values (?, ?, ?, ?, ?, ?)
Hibernate: insert into LogEntries (logCode, message, primaryUser, secondaryUser, time, id) values (?, ?, ?, ?, ?, ?)
21:20:59.555 [main] DEBUG o.h.e.j.internal.JdbcCoordinatorImpl - HHH000420: Closing un-released batch
21:20:59.556 [main] DEBUG o.h.e.t.internal.TransactionImpl - begin
21:20:59.559 [main] DEBUG org.hibernate.SQL - select next_val as id_val from hibernate_sequence for update
Hibernate: select next_val as id_val from hibernate_sequence for update
21:20:59.561 [main] DEBUG org.hibernate.SQL - update hibernate_sequence set next_val= ? where next_val=?
Hibernate: update hibernate_sequence set next_val= ? where next_val=?
21:20:59.578 [main] DEBUG o.h.e.i.AbstractSaveEventListener - Generated identifier: 333, using strategy: org.hibernate.id.enhanced.SequenceStyleGenerator
21:20:59.578 [main] DEBUG o.h.e.t.internal.TransactionImpl - committing
21:20:59.578 [main] DEBUG o.h.e.i.AbstractFlushingEventListener - Processing flush-time cascades
21:20:59.578 [main] DEBUG o.h.e.i.AbstractFlushingEventListener - Dirty checking collections
21:20:59.578 [main] DEBUG o.h.e.i.AbstractFlushingEventListener - Flushed: 1 insertions, 0 updates, 0 deletions to 1 objects
21:20:59.578 [main] DEBUG o.h.e.i.AbstractFlushingEventListener - Flushed: 0 (re)creations, 0 updates, 0 removals to 0 collections
21:20:59.578 [main] DEBUG o.h.internal.util.EntityPrinter - Listing entities:
21:20:59.578 [main] DEBUG o.h.internal.util.EntityPrinter - edu.ncsu.csc.itrust2.models.persistent.LogEntry{secondaryUser=null, logCode=5, primaryUser=logapitest, id=333, time=java.util.GregorianCalendar[time=1521667259556,areFieldsSet=true,areAllFieldsSet=true,lenient=true,zone=sun.util.calendar.ZoneInfo[id="Etc/UTC",offset=0,dstSavings=0,useDaylight=false,transitions=0,lastRule=null],firstDayOfWeek=1,minimalDaysInFirstWeek=1,ERA=1,YEAR=2018,MONTH=2,WEEK_OF_YEAR=12,WEEK_OF_MONTH=4,DAY_OF_MONTH=21,DAY_OF_YEAR=80,DAY_OF_WEEK=4,DAY_OF_WEEK_IN_MONTH=3,AM_PM=1,HOUR=9,HOUR_OF_DAY=21,MINUTE=20,SECOND=59,MILLISECOND=556,ZONE_OFFSET=0,DST_OFFSET=0], message=null}
21:20:59.579 [main] DEBUG org.hibernate.SQL - insert into LogEntries (logCode, message, primaryUser, secondaryUser, time, id) values (?, ?, ?, ?, ?, ?)
Hibernate: insert into LogEntries (logCode, message, primaryUser, secondaryUser, time, id) values (?, ?, ?, ?, ?, ?)
21:20:59.580 [main] DEBUG o.h.e.j.internal.JdbcCoordinatorImpl - HHH000420: Closing un-released batch
21:20:59.581 [main] DEBUG o.h.e.t.internal.TransactionImpl - begin
21:20:59.582 [main] DEBUG org.hibernate.SQL - select next_val as id_val from hibernate_sequence for update
Hibernate: select next_val as id_val from hibernate_sequence for update
21:20:59.582 [main] DEBUG org.hibernate.SQL - update hibernate_sequence set next_val= ? where next_val=?
Hibernate: update hibernate_sequence set next_val= ? where next_val=?
21:20:59.584 [main] DEBUG o.h.e.i.AbstractSaveEventListener - Generated identifier: 334, using strategy: org.hibernate.id.enhanced.SequenceStyleGenerator
21:20:59.584 [main] DEBUG o.h.e.t.internal.TransactionImpl - committing
21:20:59.584 [main] DEBUG o.h.e.i.AbstractFlushingEventListener - Processing flush-time cascades
21:20:59.584 [main] DEBUG o.h.e.i.AbstractFlushingEventListener - Dirty checking collections
21:20:59.584 [main] DEBUG o.h.e.i.AbstractFlushingEventListener - Flushed: 1 insertions, 0 updates, 0 deletions to 1 objects
21:20:59.584 [main] DEBUG o.h.e.i.AbstractFlushingEventListener - Flushed: 0 (re)creations, 0 updates, 0 removals to 0 collections
21:20:59.585 [main] DEBUG o.h.internal.util.EntityPrinter - Listing entities:
21:20:59.585 [main] DEBUG o.h.internal.util.EntityPrinter - edu.ncsu.csc.itrust2.models.persistent.LogEntry{secondaryUser=null, logCode=5, primaryUser=logapitest, id=334, time=java.util.GregorianCalendar[time=1521667259581,areFieldsSet=true,areAllFieldsSet=true,lenient=true,zone=sun.util.calendar.ZoneInfo[id="Etc/UTC",offset=0,dstSavings=0,useDaylight=false,transitions=0,lastRule=null],firstDayOfWeek=1,minimalDaysInFirstWeek=1,ERA=1,YEAR=2018,MONTH=2,WEEK_OF_YEAR=12,WEEK_OF_MONTH=4,DAY_OF_MONTH=21,DAY_OF_YEAR=80,DAY_OF_WEEK=4,DAY_OF_WEEK_IN_MONTH=3,AM_PM=1,HOUR=9,HOUR_OF_DAY=21,MINUTE=20,SECOND=59,MILLISECOND=581,ZONE_OFFSET=0,DST_OFFSET=0], message=null}
21:20:59.585 [main] DEBUG org.hibernate.SQL - insert into LogEntries (logCode, message, primaryUser, secondaryUser, time, id) values (?, ?, ?, ?, ?, ?)
Hibernate: insert into LogEntries (logCode, message, primaryUser, secondaryUser, time, id) values (?, ?, ?, ?, ?, ?)
21:20:59.587 [main] DEBUG o.h.e.j.internal.JdbcCoordinatorImpl - HHH000420: Closing un-released batch
21:20:59.588 [main] DEBUG o.h.e.t.internal.TransactionImpl - begin
21:20:59.589 [main] DEBUG org.hibernate.SQL - select next_val as id_val from hibernate_sequence for update
Hibernate: select next_val as id_val from hibernate_sequence for update
21:20:59.589 [main] DEBUG org.hibernate.SQL - update hibernate_sequence set next_val= ? where next_val=?
Hibernate: update hibernate_sequence set next_val= ? where next_val=?
21:20:59.591 [main] DEBUG o.h.e.i.AbstractSaveEventListener - Generated identifier: 335, using strategy: org.hibernate.id.enhanced.SequenceStyleGenerator
21:20:59.591 [main] DEBUG o.h.e.t.internal.TransactionImpl - committing
21:20:59.591 [main] DEBUG o.h.e.i.AbstractFlushingEventListener - Processing flush-time cascades
21:20:59.592 [main] DEBUG o.h.e.i.AbstractFlushingEventListener - Dirty checking collections
21:20:59.592 [main] DEBUG o.h.e.i.AbstractFlushingEventListener - Flushed: 1 insertions, 0 updates, 0 deletions to 1 objects
21:20:59.592 [main] DEBUG o.h.e.i.AbstractFlushingEventListener - Flushed: 0 (re)creations, 0 updates, 0 removals to 0 collections
21:20:59.592 [main] DEBUG o.h.internal.util.EntityPrinter - Listing entities:
21:20:59.592 [main] DEBUG o.h.internal.util.EntityPrinter - edu.ncsu.csc.itrust2.models.persistent.LogEntry{secondaryUser=null, logCode=5, primaryUser=logapitest, id=335, time=java.util.GregorianCalendar[time=1521667259588,areFieldsSet=true,areAllFieldsSet=true,lenient=true,zone=sun.util.calendar.ZoneInfo[id="Etc/UTC",offset=0,dstSavings=0,useDaylight=false,transitions=0,lastRule=null],firstDayOfWeek=1,minimalDaysInFirstWeek=1,ERA=1,YEAR=2018,MONTH=2,WEEK_OF_YEAR=12,WEEK_OF_MONTH=4,DAY_OF_MONTH=21,DAY_OF_YEAR=80,DAY_OF_WEEK=4,DAY_OF_WEEK_IN_MONTH=3,AM_PM=1,HOUR=9,HOUR_OF_DAY=21,MINUTE=20,SECOND=59,MILLISECOND=588,ZONE_OFFSET=0,DST_OFFSET=0], message=null}
21:20:59.592 [main] DEBUG org.hibernate.SQL - insert into LogEntries (logCode, message, primaryUser, secondaryUser, time, id) values (?, ?, ?, ?, ?, ?)
Hibernate: insert into LogEntries (logCode, message, primaryUser, secondaryUser, time, id) values (?, ?, ?, ?, ?, ?)
21:20:59.594 [main] DEBUG o.h.e.j.internal.JdbcCoordinatorImpl - HHH000420: Closing un-released batch
21:20:59.595 [main] DEBUG o.h.e.t.internal.TransactionImpl - begin
21:20:59.596 [main] DEBUG org.hibernate.SQL - select next_val as id_val from hibernate_sequence for update
Hibernate: select next_val as id_val from hibernate_sequence for update
21:20:59.598 [main] DEBUG org.hibernate.SQL - update hibernate_sequence set next_val= ? where next_val=?
Hibernate: update hibernate_sequence set next_val= ? where next_val=?
21:20:59.600 [main] DEBUG o.h.e.i.AbstractSaveEventListener - Generated identifier: 336, using strategy: org.hibernate.id.enhanced.SequenceStyleGenerator
21:20:59.601 [main] DEBUG o.h.e.t.internal.TransactionImpl - committing
21:20:59.601 [main] DEBUG o.h.e.i.AbstractFlushingEventListener - Processing flush-time cascades
21:20:59.601 [main] DEBUG o.h.e.i.AbstractFlushingEventListener - Dirty checking collections
21:20:59.601 [main] DEBUG o.h.e.i.AbstractFlushingEventListener - Flushed: 1 insertions, 0 updates, 0 deletions to 1 objects
21:20:59.602 [main] DEBUG o.h.e.i.AbstractFlushingEventListener - Flushed: 0 (re)creations, 0 updates, 0 removals to 0 collections
21:20:59.602 [main] DEBUG o.h.internal.util.EntityPrinter - Listing entities:
21:20:59.602 [main] DEBUG o.h.internal.util.EntityPrinter - edu.ncsu.csc.itrust2.models.persistent.LogEntry{secondaryUser=null, logCode=5, primaryUser=logapitest, id=336, time=java.util.GregorianCalendar[time=1521667259595,areFieldsSet=true,areAllFieldsSet=true,lenient=true,zone=sun.util.calendar.ZoneInfo[id="Etc/UTC",offset=0,dstSavings=0,useDaylight=false,transitions=0,lastRule=null],firstDayOfWeek=1,minimalDaysInFirstWeek=1,ERA=1,YEAR=2018,MONTH=2,WEEK_OF_YEAR=12,WEEK_OF_MONTH=4,DAY_OF_MONTH=21,DAY_OF_YEAR=80,DAY_OF_WEEK=4,DAY_OF_WEEK_IN_MONTH=3,AM_PM=1,HOUR=9,HOUR_OF_DAY=21,MINUTE=20,SECOND=59,MILLISECOND=595,ZONE_OFFSET=0,DST_OFFSET=0], message=null}
21:20:59.603 [main] DEBUG org.hibernate.SQL - insert into LogEntries (logCode, message, primaryUser, secondaryUser, time, id) values (?, ?, ?, ?, ?, ?)
Hibernate: insert into LogEntries (logCode, message, primaryUser, secondaryUser, time, id) values (?, ?, ?, ?, ?, ?)
21:20:59.607 [main] DEBUG o.h.e.j.internal.JdbcCoordinatorImpl - HHH000420: Closing un-released batch
21:20:59.608 [main] DEBUG o.h.e.t.internal.TransactionImpl - begin
21:20:59.609 [main] DEBUG org.hibernate.SQL - select next_val as id_val from hibernate_sequence for update
Hibernate: select next_val as id_val from hibernate_sequence for update
21:20:59.612 [main] DEBUG org.hibernate.SQL - update hibernate_sequence set next_val= ? where next_val=?
Hibernate: update hibernate_sequence set next_val= ? where next_val=?
21:20:59.614 [main] DEBUG o.h.e.i.AbstractSaveEventListener - Generated identifier: 337, using strategy: org.hibernate.id.enhanced.SequenceStyleGenerator
21:20:59.614 [main] DEBUG o.h.e.t.internal.TransactionImpl - committing
21:20:59.615 [main] DEBUG o.h.e.i.AbstractFlushingEventListener - Processing flush-time cascades
21:20:59.615 [main] DEBUG o.h.e.i.AbstractFlushingEventListener - Dirty checking collections
21:20:59.615 [main] DEBUG o.h.e.i.AbstractFlushingEventListener - Flushed: 1 insertions, 0 updates, 0 deletions to 1 objects
21:20:59.615 [main] DEBUG o.h.e.i.AbstractFlushingEventListener - Flushed: 0 (re)creations, 0 updates, 0 removals to 0 collections
21:20:59.615 [main] DEBUG o.h.internal.util.EntityPrinter - Listing entities:
21:20:59.616 [main] DEBUG o.h.internal.util.EntityPrinter - edu.ncsu.csc.itrust2.models.persistent.LogEntry{secondaryUser=null, logCode=5, primaryUser=logapitest, id=337, time=java.util.GregorianCalendar[time=1521667259608,areFieldsSet=true,areAllFieldsSet=true,lenient=true,zone=sun.util.calendar.ZoneInfo[id="Etc/UTC",offset=0,dstSavings=0,useDaylight=false,transitions=0,lastRule=null],firstDayOfWeek=1,minimalDaysInFirstWeek=1,ERA=1,YEAR=2018,MONTH=2,WEEK_OF_YEAR=12,WEEK_OF_MONTH=4,DAY_OF_MONTH=21,DAY_OF_YEAR=80,DAY_OF_WEEK=4,DAY_OF_WEEK_IN_MONTH=3,AM_PM=1,HOUR=9,HOUR_OF_DAY=21,MINUTE=20,SECOND=59,MILLISECOND=608,ZONE_OFFSET=0,DST_OFFSET=0], message=null}
21:20:59.619 [main] DEBUG org.hibernate.SQL - insert into LogEntries (logCode, message, primaryUser, secondaryUser, time, id) values (?, ?, ?, ?, ?, ?)
Hibernate: insert into LogEntries (logCode, message, primaryUser, secondaryUser, time, id) values (?, ?, ?, ?, ?, ?)
21:20:59.621 [main] DEBUG o.h.e.j.internal.JdbcCoordinatorImpl - HHH000420: Closing un-released batch
21:20:59.622 [main] DEBUG o.h.e.t.internal.TransactionImpl - begin
21:20:59.624 [main] DEBUG org.hibernate.SQL - select next_val as id_val from hibernate_sequence for update
Hibernate: select next_val as id_val from hibernate_sequence for update
21:20:59.626 [main] DEBUG org.hibernate.SQL - update hibernate_sequence set next_val= ? where next_val=?
Hibernate: update hibernate_sequence set next_val= ? where next_val=?
21:20:59.628 [main] DEBUG o.h.e.i.AbstractSaveEventListener - Generated identifier: 338, using strategy: org.hibernate.id.enhanced.SequenceStyleGenerator
21:20:59.629 [main] DEBUG o.h.e.t.internal.TransactionImpl - committing
21:20:59.629 [main] DEBUG o.h.e.i.AbstractFlushingEventListener - Processing flush-time cascades
21:20:59.629 [main] DEBUG o.h.e.i.AbstractFlushingEventListener - Dirty checking collections
21:20:59.630 [main] DEBUG o.h.e.i.AbstractFlushingEventListener - Flushed: 1 insertions, 0 updates, 0 deletions to 1 objects
21:20:59.630 [main] DEBUG o.h.e.i.AbstractFlushingEventListener - Flushed: 0 (re)creations, 0 updates, 0 removals to 0 collections
21:20:59.630 [main] DEBUG o.h.internal.util.EntityPrinter - Listing entities:
21:20:59.631 [main] DEBUG o.h.internal.util.EntityPrinter - edu.ncsu.csc.itrust2.models.persistent.LogEntry{secondaryUser=null, logCode=5, primaryUser=logapitest, id=338, time=java.util.GregorianCalendar[time=1521667259622,areFieldsSet=true,areAllFieldsSet=true,lenient=true,zone=sun.util.calendar.ZoneInfo[id="Etc/UTC",offset=0,dstSavings=0,useDaylight=false,transitions=0,lastRule=null],firstDayOfWeek=1,minimalDaysInFirstWeek=1,ERA=1,YEAR=2018,MONTH=2,WEEK_OF_YEAR=12,WEEK_OF_MONTH=4,DAY_OF_MONTH=21,DAY_OF_YEAR=80,DAY_OF_WEEK=4,DAY_OF_WEEK_IN_MONTH=3,AM_PM=1,HOUR=9,HOUR_OF_DAY=21,MINUTE=20,SECOND=59,MILLISECOND=622,ZONE_OFFSET=0,DST_OFFSET=0], message=null}
21:20:59.631 [main] DEBUG org.hibernate.SQL - insert into LogEntries (logCode, message, primaryUser, secondaryUser, time, id) values (?, ?, ?, ?, ?, ?)
Hibernate: insert into LogEntries (logCode, message, primaryUser, secondaryUser, time, id) values (?, ?, ?, ?, ?, ?)
21:20:59.633 [main] DEBUG o.h.e.j.internal.JdbcCoordinatorImpl - HHH000420: Closing un-released batch
21:20:59.634 [main] DEBUG o.h.e.t.internal.TransactionImpl - begin
21:20:59.635 [main] DEBUG org.hibernate.SQL - select next_val as id_val from hibernate_sequence for update
Hibernate: select next_val as id_val from hibernate_sequence for update
21:20:59.636 [main] DEBUG org.hibernate.SQL - update hibernate_sequence set next_val= ? where next_val=?
Hibernate: update hibernate_sequence set next_val= ? where next_val=?
21:20:59.638 [main] DEBUG o.h.e.i.AbstractSaveEventListener - Generated identifier: 339, using strategy: org.hibernate.id.enhanced.SequenceStyleGenerator
21:20:59.639 [main] DEBUG o.h.e.t.internal.TransactionImpl - committing
21:20:59.639 [main] DEBUG o.h.e.i.AbstractFlushingEventListener - Processing flush-time cascades
21:20:59.639 [main] DEBUG o.h.e.i.AbstractFlushingEventListener - Dirty checking collections
21:20:59.640 [main] DEBUG o.h.e.i.AbstractFlushingEventListener - Flushed: 1 insertions, 0 updates, 0 deletions to 1 objects
21:20:59.640 [main] DEBUG o.h.e.i.AbstractFlushingEventListener - Flushed: 0 (re)creations, 0 updates, 0 removals to 0 collections
21:20:59.640 [main] DEBUG o.h.internal.util.EntityPrinter - Listing entities:
21:20:59.640 [main] DEBUG o.h.internal.util.EntityPrinter - edu.ncsu.csc.itrust2.models.persistent.LogEntry{secondaryUser=null, logCode=5, primaryUser=logapitest, id=339, time=java.util.GregorianCalendar[time=1521667259634,areFieldsSet=true,areAllFieldsSet=true,lenient=true,zone=sun.util.calendar.ZoneInfo[id="Etc/UTC",offset=0,dstSavings=0,useDaylight=false,transitions=0,lastRule=null],firstDayOfWeek=1,minimalDaysInFirstWeek=1,ERA=1,YEAR=2018,MONTH=2,WEEK_OF_YEAR=12,WEEK_OF_MONTH=4,DAY_OF_MONTH=21,DAY_OF_YEAR=80,DAY_OF_WEEK=4,DAY_OF_WEEK_IN_MONTH=3,AM_PM=1,HOUR=9,HOUR_OF_DAY=21,MINUTE=20,SECOND=59,MILLISECOND=634,ZONE_OFFSET=0,DST_OFFSET=0], message=null}
21:20:59.641 [main] DEBUG org.hibernate.SQL - insert into LogEntries (logCode, message, primaryUser, secondaryUser, time, id) values (?, ?, ?, ?, ?, ?)
Hibernate: insert into LogEntries (logCode, message, primaryUser, secondaryUser, time, id) values (?, ?, ?, ?, ?, ?)
21:20:59.644 [main] DEBUG o.h.e.j.internal.JdbcCoordinatorImpl - HHH000420: Closing un-released batch
21:20:59.645 [main] DEBUG o.h.e.t.internal.TransactionImpl - begin
21:20:59.647 [main] DEBUG org.hibernate.SQL - select next_val as id_val from hibernate_sequence for update
Hibernate: select next_val as id_val from hibernate_sequence for update
21:20:59.648 [main] DEBUG org.hibernate.SQL - update hibernate_sequence set next_val= ? where next_val=?
Hibernate: update hibernate_sequence set next_val= ? where next_val=?
21:20:59.650 [main] DEBUG o.h.e.i.AbstractSaveEventListener - Generated identifier: 340, using strategy: org.hibernate.id.enhanced.SequenceStyleGenerator
21:20:59.651 [main] DEBUG o.h.e.t.internal.TransactionImpl - committing
21:20:59.651 [main] DEBUG o.h.e.i.AbstractFlushingEventListener - Processing flush-time cascades
21:20:59.651 [main] DEBUG o.h.e.i.AbstractFlushingEventListener - Dirty checking collections
21:20:59.651 [main] DEBUG o.h.e.i.AbstractFlushingEventListener - Flushed: 1 insertions, 0 updates, 0 deletions to 1 objects
21:20:59.651 [main] DEBUG o.h.e.i.AbstractFlushingEventListener - Flushed: 0 (re)creations, 0 updates, 0 removals to 0 collections
21:20:59.651 [main] DEBUG o.h.internal.util.EntityPrinter - Listing entities:
21:20:59.652 [main] DEBUG o.h.internal.util.EntityPrinter - edu.ncsu.csc.itrust2.models.persistent.LogEntry{secondaryUser=null, logCode=5, primaryUser=logapitest, id=340, time=java.util.GregorianCalendar[time=1521667259645,areFieldsSet=true,areAllFieldsSet=true,lenient=true,zone=sun.util.calendar.ZoneInfo[id="Etc/UTC",offset=0,dstSavings=0,useDaylight=false,transitions=0,lastRule=null],firstDayOfWeek=1,minimalDaysInFirstWeek=1,ERA=1,YEAR=2018,MONTH=2,WEEK_OF_YEAR=12,WEEK_OF_MONTH=4,DAY_OF_MONTH=21,DAY_OF_YEAR=80,DAY_OF_WEEK=4,DAY_OF_WEEK_IN_MONTH=3,AM_PM=1,HOUR=9,HOUR_OF_DAY=21,MINUTE=20,SECOND=59,MILLISECOND=645,ZONE_OFFSET=0,DST_OFFSET=0], message=null}
21:20:59.653 [main] DEBUG org.hibernate.SQL - insert into LogEntries (logCode, message, primaryUser, secondaryUser, time, id) values (?, ?, ?, ?, ?, ?)
Hibernate: insert into LogEntries (logCode, message, primaryUser, secondaryUser, time, id) values (?, ?, ?, ?, ?, ?)
21:20:59.655 [main] DEBUG o.h.e.j.internal.JdbcCoordinatorImpl - HHH000420: Closing un-released batch
21:20:59.655 [main] DEBUG o.h.e.t.internal.TransactionImpl - begin
21:20:59.657 [main] DEBUG org.hibernate.SQL - select next_val as id_val from hibernate_sequence for update
Hibernate: select next_val as id_val from hibernate_sequence for update
21:20:59.658 [main] DEBUG org.hibernate.SQL - update hibernate_sequence set next_val= ? where next_val=?
Hibernate: update hibernate_sequence set next_val= ? where next_val=?
21:20:59.660 [main] DEBUG o.h.e.i.AbstractSaveEventListener - Generated identifier: 341, using strategy: org.hibernate.id.enhanced.SequenceStyleGenerator
21:20:59.661 [main] DEBUG o.h.e.t.internal.TransactionImpl - committing
21:20:59.661 [main] DEBUG o.h.e.i.AbstractFlushingEventListener - Processing flush-time cascades
21:20:59.661 [main] DEBUG o.h.e.i.AbstractFlushingEventListener - Dirty checking collections
21:20:59.661 [main] DEBUG o.h.e.i.AbstractFlushingEventListener - Flushed: 1 insertions, 0 updates, 0 deletions to 1 objects
21:20:59.662 [main] DEBUG o.h.e.i.AbstractFlushingEventListener - Flushed: 0 (re)creations, 0 updates, 0 removals to 0 collections
21:20:59.662 [main] DEBUG o.h.internal.util.EntityPrinter - Listing entities:
21:20:59.662 [main] DEBUG o.h.internal.util.EntityPrinter - edu.ncsu.csc.itrust2.models.persistent.LogEntry{secondaryUser=null, logCode=5, primaryUser=logapitest, id=341, time=java.util.GregorianCalendar[time=1521667259655,areFieldsSet=true,areAllFieldsSet=true,lenient=true,zone=sun.util.calendar.ZoneInfo[id="Etc/UTC",offset=0,dstSavings=0,useDaylight=false,transitions=0,lastRule=null],firstDayOfWeek=1,minimalDaysInFirstWeek=1,ERA=1,YEAR=2018,MONTH=2,WEEK_OF_YEAR=12,WEEK_OF_MONTH=4,DAY_OF_MONTH=21,DAY_OF_YEAR=80,DAY_OF_WEEK=4,DAY_OF_WEEK_IN_MONTH=3,AM_PM=1,HOUR=9,HOUR_OF_DAY=21,MINUTE=20,SECOND=59,MILLISECOND=655,ZONE_OFFSET=0,DST_OFFSET=0], message=null}
21:20:59.663 [main] DEBUG org.hibernate.SQL - insert into LogEntries (logCode, message, primaryUser, secondaryUser, time, id) values (?, ?, ?, ?, ?, ?)
Hibernate: insert into LogEntries (logCode, message, primaryUser, secondaryUser, time, id) values (?, ?, ?, ?, ?, ?)
21:20:59.665 [main] DEBUG o.h.e.j.internal.JdbcCoordinatorImpl - HHH000420: Closing un-released batch
21:20:59.666 [main] DEBUG o.h.e.t.internal.TransactionImpl - begin
21:20:59.667 [main] DEBUG org.hibernate.SQL - select next_val as id_val from hibernate_sequence for update
Hibernate: select next_val as id_val from hibernate_sequence for update
21:20:59.669 [main] DEBUG org.hibernate.SQL - update hibernate_sequence set next_val= ? where next_val=?
Hibernate: update hibernate_sequence set next_val= ? where next_val=?
21:20:59.671 [main] DEBUG o.h.e.i.AbstractSaveEventListener - Generated identifier: 342, using strategy: org.hibernate.id.enhanced.SequenceStyleGenerator
21:20:59.671 [main] DEBUG o.h.e.t.internal.TransactionImpl - committing
21:20:59.671 [main] DEBUG o.h.e.i.AbstractFlushingEventListener - Processing flush-time cascades
21:20:59.672 [main] DEBUG o.h.e.i.AbstractFlushingEventListener - Dirty checking collections
21:20:59.672 [main] DEBUG o.h.e.i.AbstractFlushingEventListener - Flushed: 1 insertions, 0 updates, 0 deletions to 1 objects
21:20:59.672 [main] DEBUG o.h.e.i.AbstractFlushingEventListener - Flushed: 0 (re)creations, 0 updates, 0 removals to 0 collections
21:20:59.673 [main] DEBUG o.h.internal.util.EntityPrinter - Listing entities:
21:20:59.673 [main] DEBUG o.h.internal.util.EntityPrinter - edu.ncsu.csc.itrust2.models.persistent.LogEntry{secondaryUser=null, logCode=5, primaryUser=logapitest, id=342, time=java.util.GregorianCalendar[time=1521667259666,areFieldsSet=true,areAllFieldsSet=true,lenient=true,zone=sun.util.calendar.ZoneInfo[id="Etc/UTC",offset=0,dstSavings=0,useDaylight=false,transitions=0,lastRule=null],firstDayOfWeek=1,minimalDaysInFirstWeek=1,ERA=1,YEAR=2018,MONTH=2,WEEK_OF_YEAR=12,WEEK_OF_MONTH=4,DAY_OF_MONTH=21,DAY_OF_YEAR=80,DAY_OF_WEEK=4,DAY_OF_WEEK_IN_MONTH=3,AM_PM=1,HOUR=9,HOUR_OF_DAY=21,MINUTE=20,SECOND=59,MILLISECOND=666,ZONE_OFFSET=0,DST_OFFSET=0], message=null}
21:20:59.674 [main] DEBUG org.hibernate.SQL - insert into LogEntries (logCode, message, primaryUser, secondaryUser, time, id) values (?, ?, ?, ?, ?, ?)
Hibernate: insert into LogEntries (logCode, message, primaryUser, secondaryUser, time, id) values (?, ?, ?, ?, ?, ?)
21:20:59.676 [main] DEBUG o.h.e.j.internal.JdbcCoordinatorImpl - HHH000420: Closing un-released batch
21:20:59.677 [main] DEBUG o.h.e.t.internal.TransactionImpl - begin
21:20:59.678 [main] DEBUG org.hibernate.SQL - select next_val as id_val from hibernate_sequence for update
Hibernate: select next_val as id_val from hibernate_sequence for update
21:20:59.679 [main] DEBUG org.hibernate.SQL - update hibernate_sequence set next_val= ? where next_val=?
Hibernate: update hibernate_sequence set next_val= ? where next_val=?
21:20:59.681 [main] DEBUG o.h.e.i.AbstractSaveEventListener - Generated identifier: 343, using strategy: org.hibernate.id.enhanced.SequenceStyleGenerator
21:20:59.682 [main] DEBUG o.h.e.t.internal.TransactionImpl - committing
21:20:59.682 [main] DEBUG o.h.e.i.AbstractFlushingEventListener - Processing flush-time cascades
21:20:59.683 [main] DEBUG o.h.e.i.AbstractFlushingEventListener - Dirty checking collections
21:20:59.683 [main] DEBUG o.h.e.i.AbstractFlushingEventListener - Flushed: 1 insertions, 0 updates, 0 deletions to 1 objects
21:20:59.683 [main] DEBUG o.h.e.i.AbstractFlushingEventListener - Flushed: 0 (re)creations, 0 updates, 0 removals to 0 collections
21:20:59.684 [main] DEBUG o.h.internal.util.EntityPrinter - Listing entities:
21:20:59.684 [main] DEBUG o.h.internal.util.EntityPrinter - edu.ncsu.csc.itrust2.models.persistent.LogEntry{secondaryUser=null, logCode=5, primaryUser=logapitest, id=343, time=java.util.GregorianCalendar[time=1521667259677,areFieldsSet=true,areAllFieldsSet=true,lenient=true,zone=sun.util.calendar.ZoneInfo[id="Etc/UTC",offset=0,dstSavings=0,useDaylight=false,transitions=0,lastRule=null],firstDayOfWeek=1,minimalDaysInFirstWeek=1,ERA=1,YEAR=2018,MONTH=2,WEEK_OF_YEAR=12,WEEK_OF_MONTH=4,DAY_OF_MONTH=21,DAY_OF_YEAR=80,DAY_OF_WEEK=4,DAY_OF_WEEK_IN_MONTH=3,AM_PM=1,HOUR=9,HOUR_OF_DAY=21,MINUTE=20,SECOND=59,MILLISECOND=677,ZONE_OFFSET=0,DST_OFFSET=0], message=null}
21:20:59.685 [main] DEBUG org.hibernate.SQL - insert into LogEntries (logCode, message, primaryUser, secondaryUser, time, id) values (?, ?, ?, ?, ?, ?)
Hibernate: insert into LogEntries (logCode, message, primaryUser, secondaryUser, time, id) values (?, ?, ?, ?, ?, ?)
21:20:59.687 [main] DEBUG o.h.e.j.internal.JdbcCoordinatorImpl - HHH000420: Closing un-released batch
21:20:59.688 [main] DEBUG o.h.e.t.internal.TransactionImpl - begin
21:20:59.691 [main] DEBUG org.hibernate.SQL - select next_val as id_val from hibernate_sequence for update
Hibernate: select next_val as id_val from hibernate_sequence for update
21:20:59.692 [main] DEBUG org.hibernate.SQL - update hibernate_sequence set next_val= ? where next_val=?
Hibernate: update hibernate_sequence set next_val= ? where next_val=?
21:20:59.695 [main] DEBUG o.h.e.i.AbstractSaveEventListener - Generated identifier: 344, using strategy: org.hibernate.id.enhanced.SequenceStyleGenerator
21:20:59.696 [main] DEBUG o.h.e.t.internal.TransactionImpl - committing
21:20:59.696 [main] DEBUG o.h.e.i.AbstractFlushingEventListener - Processing flush-time cascades
21:20:59.697 [main] DEBUG o.h.e.i.AbstractFlushingEventListener - Dirty checking collections
21:20:59.697 [main] DEBUG o.h.e.i.AbstractFlushingEventListener - Flushed: 1 insertions, 0 updates, 0 deletions to 1 objects
21:20:59.697 [main] DEBUG o.h.e.i.AbstractFlushingEventListener - Flushed: 0 (re)creations, 0 updates, 0 removals to 0 collections
21:20:59.698 [main] DEBUG o.h.internal.util.EntityPrinter - Listing entities:
21:20:59.698 [main] DEBUG o.h.internal.util.EntityPrinter - edu.ncsu.csc.itrust2.models.persistent.LogEntry{secondaryUser=null, logCode=5, primaryUser=logapitest, id=344, time=java.util.GregorianCalendar[time=1521667259688,areFieldsSet=true,areAllFieldsSet=true,lenient=true,zone=sun.util.calendar.ZoneInfo[id="Etc/UTC",offset=0,dstSavings=0,useDaylight=false,transitions=0,lastRule=null],firstDayOfWeek=1,minimalDaysInFirstWeek=1,ERA=1,YEAR=2018,MONTH=2,WEEK_OF_YEAR=12,WEEK_OF_MONTH=4,DAY_OF_MONTH=21,DAY_OF_YEAR=80,DAY_OF_WEEK=4,DAY_OF_WEEK_IN_MONTH=3,AM_PM=1,HOUR=9,HOUR_OF_DAY=21,MINUTE=20,SECOND=59,MILLISECOND=688,ZONE_OFFSET=0,DST_OFFSET=0], message=null}
21:20:59.699 [main] DEBUG org.hibernate.SQL - insert into LogEntries (logCode, message, primaryUser, secondaryUser, time, id) values (?, ?, ?, ?, ?, ?)
Hibernate: insert into LogEntries (logCode, message, primaryUser, secondaryUser, time, id) values (?, ?, ?, ?, ?, ?)
21:20:59.701 [main] DEBUG o.h.e.j.internal.JdbcCoordinatorImpl - HHH000420: Closing un-released batch
21:20:59.702 [main] DEBUG o.h.e.t.internal.TransactionImpl - begin
21:20:59.703 [main] DEBUG org.hibernate.SQL - select next_val as id_val from hibernate_sequence for update
Hibernate: select next_val as id_val from hibernate_sequence for update
21:20:59.705 [main] DEBUG org.hibernate.SQL - update hibernate_sequence set next_val= ? where next_val=?
Hibernate: update hibernate_sequence set next_val= ? where next_val=?
21:20:59.707 [main] DEBUG o.h.e.i.AbstractSaveEventListener - Generated identifier: 345, using strategy: org.hibernate.id.enhanced.SequenceStyleGenerator
21:20:59.708 [main] DEBUG o.h.e.t.internal.TransactionImpl - committing
21:20:59.708 [main] DEBUG o.h.e.i.AbstractFlushingEventListener - Processing flush-time cascades
21:20:59.709 [main] DEBUG o.h.e.i.AbstractFlushingEventListener - Dirty checking collections
21:20:59.709 [main] DEBUG o.h.e.i.AbstractFlushingEventListener - Flushed: 1 insertions, 0 updates, 0 deletions to 1 objects
21:20:59.709 [main] DEBUG o.h.e.i.AbstractFlushingEventListener - Flushed: 0 (re)creations, 0 updates, 0 removals to 0 collections
21:20:59.710 [main] DEBUG o.h.internal.util.EntityPrinter - Listing entities:
21:20:59.710 [main] DEBUG o.h.internal.util.EntityPrinter - edu.ncsu.csc.itrust2.models.persistent.LogEntry{secondaryUser=null, logCode=5, primaryUser=logapitest, id=345, time=java.util.GregorianCalendar[time=1521667259702,areFieldsSet=true,areAllFieldsSet=true,lenient=true,zone=sun.util.calendar.ZoneInfo[id="Etc/UTC",offset=0,dstSavings=0,useDaylight=false,transitions=0,lastRule=null],firstDayOfWeek=1,minimalDaysInFirstWeek=1,ERA=1,YEAR=2018,MONTH=2,WEEK_OF_YEAR=12,WEEK_OF_MONTH=4,DAY_OF_MONTH=21,DAY_OF_YEAR=80,DAY_OF_WEEK=4,DAY_OF_WEEK_IN_MONTH=3,AM_PM=1,HOUR=9,HOUR_OF_DAY=21,MINUTE=20,SECOND=59,MILLISECOND=702,ZONE_OFFSET=0,DST_OFFSET=0], message=null}
21:20:59.712 [main] DEBUG org.hibernate.SQL - insert into LogEntries (logCode, message, primaryUser, secondaryUser, time, id) values (?, ?, ?, ?, ?, ?)
Hibernate: insert into LogEntries (logCode, message, primaryUser, secondaryUser, time, id) values (?, ?, ?, ?, ?, ?)
21:20:59.715 [main] DEBUG o.h.e.j.internal.JdbcCoordinatorImpl - HHH000420: Closing un-released batch
21:20:59.716 [main] DEBUG o.h.e.t.internal.TransactionImpl - begin
21:20:59.717 [main] DEBUG org.hibernate.SQL - select next_val as id_val from hibernate_sequence for update
Hibernate: select next_val as id_val from hibernate_sequence for update
21:20:59.719 [main] DEBUG org.hibernate.SQL - update hibernate_sequence set next_val= ? where next_val=?
Hibernate: update hibernate_sequence set next_val= ? where next_val=?
21:20:59.721 [main] DEBUG o.h.e.i.AbstractSaveEventListener - Generated identifier: 346, using strategy: org.hibernate.id.enhanced.SequenceStyleGenerator
21:20:59.722 [main] DEBUG o.h.e.t.internal.TransactionImpl - committing
21:20:59.722 [main] DEBUG o.h.e.i.AbstractFlushingEventListener - Processing flush-time cascades
21:20:59.723 [main] DEBUG o.h.e.i.AbstractFlushingEventListener - Dirty checking collections
21:20:59.723 [main] DEBUG o.h.e.i.AbstractFlushingEventListener - Flushed: 1 insertions, 0 updates, 0 deletions to 1 objects
21:20:59.724 [main] DEBUG o.h.e.i.AbstractFlushingEventListener - Flushed: 0 (re)creations, 0 updates, 0 removals to 0 collections
21:20:59.724 [main] DEBUG o.h.internal.util.EntityPrinter - Listing entities:
21:20:59.724 [main] DEBUG o.h.internal.util.EntityPrinter - edu.ncsu.csc.itrust2.models.persistent.LogEntry{secondaryUser=null, logCode=5, primaryUser=logapitest, id=346, time=java.util.GregorianCalendar[time=1521667259716,areFieldsSet=true,areAllFieldsSet=true,lenient=true,zone=sun.util.calendar.ZoneInfo[id="Etc/UTC",offset=0,dstSavings=0,useDaylight=false,transitions=0,lastRule=null],firstDayOfWeek=1,minimalDaysInFirstWeek=1,ERA=1,YEAR=2018,MONTH=2,WEEK_OF_YEAR=12,WEEK_OF_MONTH=4,DAY_OF_MONTH=21,DAY_OF_YEAR=80,DAY_OF_WEEK=4,DAY_OF_WEEK_IN_MONTH=3,AM_PM=1,HOUR=9,HOUR_OF_DAY=21,MINUTE=20,SECOND=59,MILLISECOND=716,ZONE_OFFSET=0,DST_OFFSET=0], message=null}
21:20:59.726 [main] DEBUG org.hibernate.SQL - insert into LogEntries (logCode, message, primaryUser, secondaryUser, time, id) values (?, ?, ?, ?, ?, ?)
Hibernate: insert into LogEntries (logCode, message, primaryUser, secondaryUser, time, id) values (?, ?, ?, ?, ?, ?)
21:20:59.730 [main] DEBUG o.h.e.j.internal.JdbcCoordinatorImpl - HHH000420: Closing un-released batch
21:20:59.730 [main] DEBUG o.h.e.t.internal.TransactionImpl - begin
21:20:59.732 [main] DEBUG org.hibernate.SQL - select next_val as id_val from hibernate_sequence for update
Hibernate: select next_val as id_val from hibernate_sequence for update
21:20:59.733 [main] DEBUG org.hibernate.SQL - update hibernate_sequence set next_val= ? where next_val=?
Hibernate: update hibernate_sequence set next_val= ? where next_val=?
21:20:59.734 [main] DEBUG o.h.e.i.AbstractSaveEventListener - Generated identifier: 347, using strategy: org.hibernate.id.enhanced.SequenceStyleGenerator
21:20:59.735 [main] DEBUG o.h.e.t.internal.TransactionImpl - committing
21:20:59.735 [main] DEBUG o.h.e.i.AbstractFlushingEventListener - Processing flush-time cascades
21:20:59.735 [main] DEBUG o.h.e.i.AbstractFlushingEventListener - Dirty checking collections
21:20:59.736 [main] DEBUG o.h.e.i.AbstractFlushingEventListener - Flushed: 1 insertions, 0 updates, 0 deletions to 1 objects
21:20:59.736 [main] DEBUG o.h.e.i.AbstractFlushingEventListener - Flushed: 0 (re)creations, 0 updates, 0 removals to 0 collections
21:20:59.736 [main] DEBUG o.h.internal.util.EntityPrinter - Listing entities:
21:20:59.736 [main] DEBUG o.h.internal.util.EntityPrinter - edu.ncsu.csc.itrust2.models.persistent.LogEntry{secondaryUser=null, logCode=5, primaryUser=logapitest, id=347, time=java.util.GregorianCalendar[time=1521667259730,areFieldsSet=true,areAllFieldsSet=true,lenient=true,zone=sun.util.calendar.ZoneInfo[id="Etc/UTC",offset=0,dstSavings=0,useDaylight=false,transitions=0,lastRule=null],firstDayOfWeek=1,minimalDaysInFirstWeek=1,ERA=1,YEAR=2018,MONTH=2,WEEK_OF_YEAR=12,WEEK_OF_MONTH=4,DAY_OF_MONTH=21,DAY_OF_YEAR=80,DAY_OF_WEEK=4,DAY_OF_WEEK_IN_MONTH=3,AM_PM=1,HOUR=9,HOUR_OF_DAY=21,MINUTE=20,SECOND=59,MILLISECOND=730,ZONE_OFFSET=0,DST_OFFSET=0], message=null}
21:20:59.737 [main] DEBUG org.hibernate.SQL - insert into LogEntries (logCode, message, primaryUser, secondaryUser, time, id) values (?, ?, ?, ?, ?, ?)
Hibernate: insert into LogEntries (logCode, message, primaryUser, secondaryUser, time, id) values (?, ?, ?, ?, ?, ?)
21:20:59.739 [main] DEBUG o.h.e.j.internal.JdbcCoordinatorImpl - HHH000420: Closing un-released batch
21:20:59.740 [main] DEBUG o.h.e.t.internal.TransactionImpl - begin
21:20:59.742 [main] DEBUG org.hibernate.SQL - select next_val as id_val from hibernate_sequence for update
Hibernate: select next_val as id_val from hibernate_sequence for update
21:20:59.744 [main] DEBUG org.hibernate.SQL - update hibernate_sequence set next_val= ? where next_val=?
Hibernate: update hibernate_sequence set next_val= ? where next_val=?
21:20:59.746 [main] DEBUG o.h.e.i.AbstractSaveEventListener - Generated identifier: 348, using strategy: org.hibernate.id.enhanced.SequenceStyleGenerator
21:20:59.746 [main] DEBUG o.h.e.t.internal.TransactionImpl - committing
21:20:59.747 [main] DEBUG o.h.e.i.AbstractFlushingEventListener - Processing flush-time cascades
21:20:59.747 [main] DEBUG o.h.e.i.AbstractFlushingEventListener - Dirty checking collections
21:20:59.747 [main] DEBUG o.h.e.i.AbstractFlushingEventListener - Flushed: 1 insertions, 0 updates, 0 deletions to 1 objects
21:20:59.748 [main] DEBUG o.h.e.i.AbstractFlushingEventListener - Flushed: 0 (re)creations, 0 updates, 0 removals to 0 collections
21:20:59.748 [main] DEBUG o.h.internal.util.EntityPrinter - Listing entities:
21:20:59.748 [main] DEBUG o.h.internal.util.EntityPrinter - edu.ncsu.csc.itrust2.models.persistent.LogEntry{secondaryUser=null, logCode=5, primaryUser=logapitest, id=348, time=java.util.GregorianCalendar[time=1521667259740,areFieldsSet=true,areAllFieldsSet=true,lenient=true,zone=sun.util.calendar.ZoneInfo[id="Etc/UTC",offset=0,dstSavings=0,useDaylight=false,transitions=0,lastRule=null],firstDayOfWeek=1,minimalDaysInFirstWeek=1,ERA=1,YEAR=2018,MONTH=2,WEEK_OF_YEAR=12,WEEK_OF_MONTH=4,DAY_OF_MONTH=21,DAY_OF_YEAR=80,DAY_OF_WEEK=4,DAY_OF_WEEK_IN_MONTH=3,AM_PM=1,HOUR=9,HOUR_OF_DAY=21,MINUTE=20,SECOND=59,MILLISECOND=740,ZONE_OFFSET=0,DST_OFFSET=0], message=null}
21:20:59.749 [main] DEBUG org.hibernate.SQL - insert into LogEntries (logCode, message, primaryUser, secondaryUser, time, id) values (?, ?, ?, ?, ?, ?)
Hibernate: insert into LogEntries (logCode, message, primaryUser, secondaryUser, time, id) values (?, ?, ?, ?, ?, ?)
21:20:59.751 [main] DEBUG o.h.e.j.internal.JdbcCoordinatorImpl - HHH000420: Closing un-released batch
21:20:59.752 [main] DEBUG o.h.e.t.internal.TransactionImpl - begin
21:20:59.754 [main] DEBUG org.hibernate.SQL - select next_val as id_val from hibernate_sequence for update
Hibernate: select next_val as id_val from hibernate_sequence for update
21:20:59.755 [main] DEBUG org.hibernate.SQL - update hibernate_sequence set next_val= ? where next_val=?
Hibernate: update hibernate_sequence set next_val= ? where next_val=?
21:20:59.757 [main] DEBUG o.h.e.i.AbstractSaveEventListener - Generated identifier: 349, using strategy: org.hibernate.id.enhanced.SequenceStyleGenerator
21:20:59.757 [main] DEBUG o.h.e.t.internal.TransactionImpl - committing
21:20:59.758 [main] DEBUG o.h.e.i.AbstractFlushingEventListener - Processing flush-time cascades
21:20:59.758 [main] DEBUG o.h.e.i.AbstractFlushingEventListener - Dirty checking collections
21:20:59.758 [main] DEBUG o.h.e.i.AbstractFlushingEventListener - Flushed: 1 insertions, 0 updates, 0 deletions to 1 objects
21:20:59.759 [main] DEBUG o.h.e.i.AbstractFlushingEventListener - Flushed: 0 (re)creations, 0 updates, 0 removals to 0 collections
21:20:59.759 [main] DEBUG o.h.internal.util.EntityPrinter - Listing entities:
21:20:59.759 [main] DEBUG o.h.internal.util.EntityPrinter - edu.ncsu.csc.itrust2.models.persistent.LogEntry{secondaryUser=null, logCode=5, primaryUser=logapitest, id=349, time=java.util.GregorianCalendar[time=1521667259752,areFieldsSet=true,areAllFieldsSet=true,lenient=true,zone=sun.util.calendar.ZoneInfo[id="Etc/UTC",offset=0,dstSavings=0,useDaylight=false,transitions=0,lastRule=null],firstDayOfWeek=1,minimalDaysInFirstWeek=1,ERA=1,YEAR=2018,MONTH=2,WEEK_OF_YEAR=12,WEEK_OF_MONTH=4,DAY_OF_MONTH=21,DAY_OF_YEAR=80,DAY_OF_WEEK=4,DAY_OF_WEEK_IN_MONTH=3,AM_PM=1,HOUR=9,HOUR_OF_DAY=21,MINUTE=20,SECOND=59,MILLISECOND=752,ZONE_OFFSET=0,DST_OFFSET=0], message=null}
21:20:59.760 [main] DEBUG org.hibernate.SQL - insert into LogEntries (logCode, message, primaryUser, secondaryUser, time, id) values (?, ?, ?, ?, ?, ?)
Hibernate: insert into LogEntries (logCode, message, primaryUser, secondaryUser, time, id) values (?, ?, ?, ?, ?, ?)
21:20:59.768 [main] DEBUG o.h.e.j.internal.JdbcCoordinatorImpl - HHH000420: Closing un-released batch
21:20:59.769 [main] DEBUG o.h.e.t.internal.TransactionImpl - begin
21:20:59.770 [main] DEBUG org.hibernate.SQL - select next_val as id_val from hibernate_sequence for update
Hibernate: select next_val as id_val from hibernate_sequence for update
21:20:59.770 [main] DEBUG org.hibernate.SQL - update hibernate_sequence set next_val= ? where next_val=?
Hibernate: update hibernate_sequence set next_val= ? where next_val=?
21:20:59.772 [main] DEBUG o.h.e.i.AbstractSaveEventListener - Generated identifier: 350, using strategy: org.hibernate.id.enhanced.SequenceStyleGenerator
21:20:59.773 [main] DEBUG o.h.e.t.internal.TransactionImpl - committing
21:20:59.773 [main] DEBUG o.h.e.i.AbstractFlushingEventListener - Processing flush-time cascades
21:20:59.773 [main] DEBUG o.h.e.i.AbstractFlushingEventListener - Dirty checking collections
21:20:59.774 [main] DEBUG o.h.e.i.AbstractFlushingEventListener - Flushed: 1 insertions, 0 updates, 0 deletions to 1 objects
21:20:59.774 [main] DEBUG o.h.e.i.AbstractFlushingEventListener - Flushed: 0 (re)creations, 0 updates, 0 removals to 0 collections
21:20:59.774 [main] DEBUG o.h.internal.util.EntityPrinter - Listing entities:
21:20:59.775 [main] DEBUG o.h.internal.util.EntityPrinter - edu.ncsu.csc.itrust2.models.persistent.LogEntry{secondaryUser=null, logCode=5, primaryUser=logapitest, id=350, time=java.util.GregorianCalendar[time=1521667259769,areFieldsSet=true,areAllFieldsSet=true,lenient=true,zone=sun.util.calendar.ZoneInfo[id="Etc/UTC",offset=0,dstSavings=0,useDaylight=false,transitions=0,lastRule=null],firstDayOfWeek=1,minimalDaysInFirstWeek=1,ERA=1,YEAR=2018,MONTH=2,WEEK_OF_YEAR=12,WEEK_OF_MONTH=4,DAY_OF_MONTH=21,DAY_OF_YEAR=80,DAY_OF_WEEK=4,DAY_OF_WEEK_IN_MONTH=3,AM_PM=1,HOUR=9,HOUR_OF_DAY=21,MINUTE=20,SECOND=59,MILLISECOND=769,ZONE_OFFSET=0,DST_OFFSET=0], message=null}
21:20:59.775 [main] DEBUG org.hibernate.SQL - insert into LogEntries (logCode, message, primaryUser, secondaryUser, time, id) values (?, ?, ?, ?, ?, ?)
Hibernate: insert into LogEntries (logCode, message, primaryUser, secondaryUser, time, id) values (?, ?, ?, ?, ?, ?)
21:20:59.777 [main] DEBUG o.h.e.j.internal.JdbcCoordinatorImpl - HHH000420: Closing un-released batch
21:20:59.778 [main] DEBUG o.h.e.t.internal.TransactionImpl - begin
21:20:59.780 [main] DEBUG org.hibernate.SQL - select next_val as id_val from hibernate_sequence for update
Hibernate: select next_val as id_val from hibernate_sequence for update
21:20:59.781 [main] DEBUG org.hibernate.SQL - update hibernate_sequence set next_val= ? where next_val=?
Hibernate: update hibernate_sequence set next_val= ? where next_val=?
21:20:59.782 [main] DEBUG o.h.e.i.AbstractSaveEventListener - Generated identifier: 351, using strategy: org.hibernate.id.enhanced.SequenceStyleGenerator
21:20:59.783 [main] DEBUG o.h.e.t.internal.TransactionImpl - committing
21:20:59.783 [main] DEBUG o.h.e.i.AbstractFlushingEventListener - Processing flush-time cascades
21:20:59.784 [main] DEBUG o.h.e.i.AbstractFlushingEventListener - Dirty checking collections
21:20:59.784 [main] DEBUG o.h.e.i.AbstractFlushingEventListener - Flushed: 1 insertions, 0 updates, 0 deletions to 1 objects
21:20:59.784 [main] DEBUG o.h.e.i.AbstractFlushingEventListener - Flushed: 0 (re)creations, 0 updates, 0 removals to 0 collections
21:20:59.785 [main] DEBUG o.h.internal.util.EntityPrinter - Listing entities:
21:20:59.785 [main] DEBUG o.h.internal.util.EntityPrinter - edu.ncsu.csc.itrust2.models.persistent.LogEntry{secondaryUser=null, logCode=5, primaryUser=logapitest, id=351, time=java.util.GregorianCalendar[time=1521667259778,areFieldsSet=true,areAllFieldsSet=true,lenient=true,zone=sun.util.calendar.ZoneInfo[id="Etc/UTC",offset=0,dstSavings=0,useDaylight=false,transitions=0,lastRule=null],firstDayOfWeek=1,minimalDaysInFirstWeek=1,ERA=1,YEAR=2018,MONTH=2,WEEK_OF_YEAR=12,WEEK_OF_MONTH=4,DAY_OF_MONTH=21,DAY_OF_YEAR=80,DAY_OF_WEEK=4,DAY_OF_WEEK_IN_MONTH=3,AM_PM=1,HOUR=9,HOUR_OF_DAY=21,MINUTE=20,SECOND=59,MILLISECOND=778,ZONE_OFFSET=0,DST_OFFSET=0], message=null}
21:20:59.786 [main] DEBUG org.hibernate.SQL - insert into LogEntries (logCode, message, primaryUser, secondaryUser, time, id) values (?, ?, ?, ?, ?, ?)
Hibernate: insert into LogEntries (logCode, message, primaryUser, secondaryUser, time, id) values (?, ?, ?, ?, ?, ?)
21:20:59.788 [main] DEBUG o.h.e.j.internal.JdbcCoordinatorImpl - HHH000420: Closing un-released batch
21:20:59.789 [main] DEBUG o.h.e.t.internal.TransactionImpl - begin
21:20:59.790 [main] DEBUG org.hibernate.SQL - select next_val as id_val from hibernate_sequence for update
Hibernate: select next_val as id_val from hibernate_sequence for update
21:20:59.791 [main] DEBUG org.hibernate.SQL - update hibernate_sequence set next_val= ? where next_val=?
Hibernate: update hibernate_sequence set next_val= ? where next_val=?
21:20:59.793 [main] DEBUG o.h.e.i.AbstractSaveEventListener - Generated identifier: 352, using strategy: org.hibernate.id.enhanced.SequenceStyleGenerator
21:20:59.795 [main] DEBUG o.h.e.t.internal.TransactionImpl - committing
21:20:59.795 [main] DEBUG o.h.e.i.AbstractFlushingEventListener - Processing flush-time cascades
21:20:59.795 [main] DEBUG o.h.e.i.AbstractFlushingEventListener - Dirty checking collections
21:20:59.795 [main] DEBUG o.h.e.i.AbstractFlushingEventListener - Flushed: 1 insertions, 0 updates, 0 deletions to 1 objects
21:20:59.796 [main] DEBUG o.h.e.i.AbstractFlushingEventListener - Flushed: 0 (re)creations, 0 updates, 0 removals to 0 collections
21:20:59.796 [main] DEBUG o.h.internal.util.EntityPrinter - Listing entities:
21:20:59.796 [main] DEBUG o.h.internal.util.EntityPrinter - edu.ncsu.csc.itrust2.models.persistent.LogEntry{secondaryUser=null, logCode=5, primaryUser=logapitest, id=352, time=java.util.GregorianCalendar[time=1521667259788,areFieldsSet=true,areAllFieldsSet=true,lenient=true,zone=sun.util.calendar.ZoneInfo[id="Etc/UTC",offset=0,dstSavings=0,useDaylight=false,transitions=0,lastRule=null],firstDayOfWeek=1,minimalDaysInFirstWeek=1,ERA=1,YEAR=2018,MONTH=2,WEEK_OF_YEAR=12,WEEK_OF_MONTH=4,DAY_OF_MONTH=21,DAY_OF_YEAR=80,DAY_OF_WEEK=4,DAY_OF_WEEK_IN_MONTH=3,AM_PM=1,HOUR=9,HOUR_OF_DAY=21,MINUTE=20,SECOND=59,MILLISECOND=788,ZONE_OFFSET=0,DST_OFFSET=0], message=null}
21:20:59.797 [main] DEBUG org.hibernate.SQL - insert into LogEntries (logCode, message, primaryUser, secondaryUser, time, id) values (?, ?, ?, ?, ?, ?)
Hibernate: insert into LogEntries (logCode, message, primaryUser, secondaryUser, time, id) values (?, ?, ?, ?, ?, ?)
21:20:59.799 [main] DEBUG o.h.e.j.internal.JdbcCoordinatorImpl - HHH000420: Closing un-released batch
21:20:59.800 [main] DEBUG o.h.e.t.internal.TransactionImpl - begin
21:20:59.801 [main] DEBUG org.hibernate.SQL - select next_val as id_val from hibernate_sequence for update
Hibernate: select next_val as id_val from hibernate_sequence for update
21:20:59.802 [main] DEBUG org.hibernate.SQL - update hibernate_sequence set next_val= ? where next_val=?
Hibernate: update hibernate_sequence set next_val= ? where next_val=?
21:20:59.805 [main] DEBUG o.h.e.i.AbstractSaveEventListener - Generated identifier: 353, using strategy: org.hibernate.id.enhanced.SequenceStyleGenerator
21:20:59.805 [main] DEBUG o.h.e.t.internal.TransactionImpl - committing
21:20:59.805 [main] DEBUG o.h.e.i.AbstractFlushingEventListener - Processing flush-time cascades
21:20:59.806 [main] DEBUG o.h.e.i.AbstractFlushingEventListener - Dirty checking collections
21:20:59.806 [main] DEBUG o.h.e.i.AbstractFlushingEventListener - Flushed: 1 insertions, 0 updates, 0 deletions to 1 objects
21:20:59.806 [main] DEBUG o.h.e.i.AbstractFlushingEventListener - Flushed: 0 (re)creations, 0 updates, 0 removals to 0 collections
21:20:59.807 [main] DEBUG o.h.internal.util.EntityPrinter - Listing entities:
21:20:59.807 [main] DEBUG o.h.internal.util.EntityPrinter - edu.ncsu.csc.itrust2.models.persistent.LogEntry{secondaryUser=null, logCode=5, primaryUser=logapitest, id=353, time=java.util.GregorianCalendar[time=1521667259800,areFieldsSet=true,areAllFieldsSet=true,lenient=true,zone=sun.util.calendar.ZoneInfo[id="Etc/UTC",offset=0,dstSavings=0,useDaylight=false,transitions=0,lastRule=null],firstDayOfWeek=1,minimalDaysInFirstWeek=1,ERA=1,YEAR=2018,MONTH=2,WEEK_OF_YEAR=12,WEEK_OF_MONTH=4,DAY_OF_MONTH=21,DAY_OF_YEAR=80,DAY_OF_WEEK=4,DAY_OF_WEEK_IN_MONTH=3,AM_PM=1,HOUR=9,HOUR_OF_DAY=21,MINUTE=20,SECOND=59,MILLISECOND=800,ZONE_OFFSET=0,DST_OFFSET=0], message=null}
21:20:59.808 [main] DEBUG org.hibernate.SQL - insert into LogEntries (logCode, message, primaryUser, secondaryUser, time, id) values (?, ?, ?, ?, ?, ?)
Hibernate: insert into LogEntries (logCode, message, primaryUser, secondaryUser, time, id) values (?, ?, ?, ?, ?, ?)
21:20:59.811 [main] DEBUG o.h.e.j.internal.JdbcCoordinatorImpl - HHH000420: Closing un-released batch
21:20:59.812 [main] DEBUG o.h.e.t.internal.TransactionImpl - begin
21:20:59.813 [main] DEBUG org.hibernate.SQL - select next_val as id_val from hibernate_sequence for update
Hibernate: select next_val as id_val from hibernate_sequence for update
21:20:59.814 [main] DEBUG org.hibernate.SQL - update hibernate_sequence set next_val= ? where next_val=?
Hibernate: update hibernate_sequence set next_val= ? where next_val=?
21:20:59.816 [main] DEBUG o.h.e.i.AbstractSaveEventListener - Generated identifier: 354, using strategy: org.hibernate.id.enhanced.SequenceStyleGenerator
21:20:59.817 [main] DEBUG o.h.e.t.internal.TransactionImpl - committing
21:20:59.817 [main] DEBUG o.h.e.i.AbstractFlushingEventListener - Processing flush-time cascades
21:20:59.817 [main] DEBUG o.h.e.i.AbstractFlushingEventListener - Dirty checking collections
21:20:59.818 [main] DEBUG o.h.e.i.AbstractFlushingEventListener - Flushed: 1 insertions, 0 updates, 0 deletions to 1 objects
21:20:59.818 [main] DEBUG o.h.e.i.AbstractFlushingEventListener - Flushed: 0 (re)creations, 0 updates, 0 removals to 0 collections
21:20:59.818 [main] DEBUG o.h.internal.util.EntityPrinter - Listing entities:
21:20:59.819 [main] DEBUG o.h.internal.util.EntityPrinter - edu.ncsu.csc.itrust2.models.persistent.LogEntry{secondaryUser=null, logCode=5, primaryUser=logapitest, id=354, time=java.util.GregorianCalendar[time=1521667259812,areFieldsSet=true,areAllFieldsSet=true,lenient=true,zone=sun.util.calendar.ZoneInfo[id="Etc/UTC",offset=0,dstSavings=0,useDaylight=false,transitions=0,lastRule=null],firstDayOfWeek=1,minimalDaysInFirstWeek=1,ERA=1,YEAR=2018,MONTH=2,WEEK_OF_YEAR=12,WEEK_OF_MONTH=4,DAY_OF_MONTH=21,DAY_OF_YEAR=80,DAY_OF_WEEK=4,DAY_OF_WEEK_IN_MONTH=3,AM_PM=1,HOUR=9,HOUR_OF_DAY=21,MINUTE=20,SECOND=59,MILLISECOND=812,ZONE_OFFSET=0,DST_OFFSET=0], message=null}
21:20:59.819 [main] DEBUG org.hibernate.SQL - insert into LogEntries (logCode, message, primaryUser, secondaryUser, time, id) values (?, ?, ?, ?, ?, ?)
Hibernate: insert into LogEntries (logCode, message, primaryUser, secondaryUser, time, id) values (?, ?, ?, ?, ?, ?)
21:20:59.821 [main] DEBUG o.h.e.j.internal.JdbcCoordinatorImpl - HHH000420: Closing un-released batch
21:20:59.822 [main] DEBUG o.h.e.t.internal.TransactionImpl - begin
21:20:59.824 [main] DEBUG org.hibernate.SQL - select next_val as id_val from hibernate_sequence for update
Hibernate: select next_val as id_val from hibernate_sequence for update
21:20:59.826 [main] DEBUG org.hibernate.SQL - update hibernate_sequence set next_val= ? where next_val=?
Hibernate: update hibernate_sequence set next_val= ? where next_val=?
21:20:59.827 [main] DEBUG o.h.e.i.AbstractSaveEventListener - Generated identifier: 355, using strategy: org.hibernate.id.enhanced.SequenceStyleGenerator
21:20:59.828 [main] DEBUG o.h.e.t.internal.TransactionImpl - committing
21:20:59.828 [main] DEBUG o.h.e.i.AbstractFlushingEventListener - Processing flush-time cascades
21:20:59.828 [main] DEBUG o.h.e.i.AbstractFlushingEventListener - Dirty checking collections
21:20:59.828 [main] DEBUG o.h.e.i.AbstractFlushingEventListener - Flushed: 1 insertions, 0 updates, 0 deletions to 1 objects
21:20:59.828 [main] DEBUG o.h.e.i.AbstractFlushingEventListener - Flushed: 0 (re)creations, 0 updates, 0 removals to 0 collections
21:20:59.828 [main] DEBUG o.h.internal.util.EntityPrinter - Listing entities:
21:20:59.828 [main] DEBUG o.h.internal.util.EntityPrinter - edu.ncsu.csc.itrust2.models.persistent.LogEntry{secondaryUser=null, logCode=5, primaryUser=logapitest, id=355, time=java.util.GregorianCalendar[time=1521667259822,areFieldsSet=true,areAllFieldsSet=true,lenient=true,zone=sun.util.calendar.ZoneInfo[id="Etc/UTC",offset=0,dstSavings=0,useDaylight=false,transitions=0,lastRule=null],firstDayOfWeek=1,minimalDaysInFirstWeek=1,ERA=1,YEAR=2018,MONTH=2,WEEK_OF_YEAR=12,WEEK_OF_MONTH=4,DAY_OF_MONTH=21,DAY_OF_YEAR=80,DAY_OF_WEEK=4,DAY_OF_WEEK_IN_MONTH=3,AM_PM=1,HOUR=9,HOUR_OF_DAY=21,MINUTE=20,SECOND=59,MILLISECOND=822,ZONE_OFFSET=0,DST_OFFSET=0], message=null}
21:20:59.829 [main] DEBUG org.hibernate.SQL - insert into LogEntries (logCode, message, primaryUser, secondaryUser, time, id) values (?, ?, ?, ?, ?, ?)
Hibernate: insert into LogEntries (logCode, message, primaryUser, secondaryUser, time, id) values (?, ?, ?, ?, ?, ?)
21:20:59.830 [main] DEBUG o.h.e.j.internal.JdbcCoordinatorImpl - HHH000420: Closing un-released batch
21:20:59.831 [main] DEBUG o.h.e.t.internal.TransactionImpl - begin
21:20:59.832 [main] DEBUG org.hibernate.SQL - select next_val as id_val from hibernate_sequence for update
Hibernate: select next_val as id_val from hibernate_sequence for update
21:20:59.832 [main] DEBUG org.hibernate.SQL - update hibernate_sequence set next_val= ? where next_val=?
Hibernate: update hibernate_sequence set next_val= ? where next_val=?
21:20:59.834 [main] DEBUG o.h.e.i.AbstractSaveEventListener - Generated identifier: 356, using strategy: org.hibernate.id.enhanced.SequenceStyleGenerator
21:20:59.834 [main] DEBUG o.h.e.t.internal.TransactionImpl - committing
21:20:59.835 [main] DEBUG o.h.e.i.AbstractFlushingEventListener - Processing flush-time cascades
21:20:59.835 [main] DEBUG o.h.e.i.AbstractFlushingEventListener - Dirty checking collections
21:20:59.835 [main] DEBUG o.h.e.i.AbstractFlushingEventListener - Flushed: 1 insertions, 0 updates, 0 deletions to 1 objects
21:20:59.835 [main] DEBUG o.h.e.i.AbstractFlushingEventListener - Flushed: 0 (re)creations, 0 updates, 0 removals to 0 collections
21:20:59.835 [main] DEBUG o.h.internal.util.EntityPrinter - Listing entities:
21:20:59.835 [main] DEBUG o.h.internal.util.EntityPrinter - edu.ncsu.csc.itrust2.models.persistent.LogEntry{secondaryUser=null, logCode=5, primaryUser=logapitest, id=356, time=java.util.GregorianCalendar[time=1521667259831,areFieldsSet=true,areAllFieldsSet=true,lenient=true,zone=sun.util.calendar.ZoneInfo[id="Etc/UTC",offset=0,dstSavings=0,useDaylight=false,transitions=0,lastRule=null],firstDayOfWeek=1,minimalDaysInFirstWeek=1,ERA=1,YEAR=2018,MONTH=2,WEEK_OF_YEAR=12,WEEK_OF_MONTH=4,DAY_OF_MONTH=21,DAY_OF_YEAR=80,DAY_OF_WEEK=4,DAY_OF_WEEK_IN_MONTH=3,AM_PM=1,HOUR=9,HOUR_OF_DAY=21,MINUTE=20,SECOND=59,MILLISECOND=831,ZONE_OFFSET=0,DST_OFFSET=0], message=null}
21:20:59.836 [main] DEBUG org.hibernate.SQL - insert into LogEntries (logCode, message, primaryUser, secondaryUser, time, id) values (?, ?, ?, ?, ?, ?)
Hibernate: insert into LogEntries (logCode, message, primaryUser, secondaryUser, time, id) values (?, ?, ?, ?, ?, ?)
21:20:59.837 [main] DEBUG o.h.e.j.internal.JdbcCoordinatorImpl - HHH000420: Closing un-released batch
21:20:59.838 [main] DEBUG o.h.e.t.internal.TransactionImpl - begin
21:20:59.839 [main] DEBUG org.hibernate.SQL - select next_val as id_val from hibernate_sequence for update
Hibernate: select next_val as id_val from hibernate_sequence for update
21:20:59.840 [main] DEBUG org.hibernate.SQL - update hibernate_sequence set next_val= ? where next_val=?
Hibernate: update hibernate_sequence set next_val= ? where next_val=?
21:20:59.842 [main] DEBUG o.h.e.i.AbstractSaveEventListener - Generated identifier: 357, using strategy: org.hibernate.id.enhanced.SequenceStyleGenerator
21:20:59.842 [main] DEBUG o.h.e.t.internal.TransactionImpl - committing
21:20:59.842 [main] DEBUG o.h.e.i.AbstractFlushingEventListener - Processing flush-time cascades
21:20:59.842 [main] DEBUG o.h.e.i.AbstractFlushingEventListener - Dirty checking collections
21:20:59.842 [main] DEBUG o.h.e.i.AbstractFlushingEventListener - Flushed: 1 insertions, 0 updates, 0 deletions to 1 objects
21:20:59.842 [main] DEBUG o.h.e.i.AbstractFlushingEventListener - Flushed: 0 (re)creations, 0 updates, 0 removals to 0 collections
21:20:59.842 [main] DEBUG o.h.internal.util.EntityPrinter - Listing entities:
21:20:59.842 [main] DEBUG o.h.internal.util.EntityPrinter - edu.ncsu.csc.itrust2.models.persistent.LogEntry{secondaryUser=null, logCode=5, primaryUser=logapitest, id=357, time=java.util.GregorianCalendar[time=1521667259838,areFieldsSet=true,areAllFieldsSet=true,lenient=true,zone=sun.util.calendar.ZoneInfo[id="Etc/UTC",offset=0,dstSavings=0,useDaylight=false,transitions=0,lastRule=null],firstDayOfWeek=1,minimalDaysInFirstWeek=1,ERA=1,YEAR=2018,MONTH=2,WEEK_OF_YEAR=12,WEEK_OF_MONTH=4,DAY_OF_MONTH=21,DAY_OF_YEAR=80,DAY_OF_WEEK=4,DAY_OF_WEEK_IN_MONTH=3,AM_PM=1,HOUR=9,HOUR_OF_DAY=21,MINUTE=20,SECOND=59,MILLISECOND=838,ZONE_OFFSET=0,DST_OFFSET=0], message=null}
21:20:59.843 [main] DEBUG org.hibernate.SQL - insert into LogEntries (logCode, message, primaryUser, secondaryUser, time, id) values (?, ?, ?, ?, ?, ?)
Hibernate: insert into LogEntries (logCode, message, primaryUser, secondaryUser, time, id) values (?, ?, ?, ?, ?, ?)
21:20:59.844 [main] DEBUG o.h.e.j.internal.JdbcCoordinatorImpl - HHH000420: Closing un-released batch
21:20:59.844 [main] DEBUG o.h.e.t.internal.TransactionImpl - begin
21:20:59.845 [main] DEBUG org.hibernate.SQL - select next_val as id_val from hibernate_sequence for update
Hibernate: select next_val as id_val from hibernate_sequence for update
21:20:59.846 [main] DEBUG org.hibernate.SQL - update hibernate_sequence set next_val= ? where next_val=?
Hibernate: update hibernate_sequence set next_val= ? where next_val=?
21:20:59.848 [main] DEBUG o.h.e.i.AbstractSaveEventListener - Generated identifier: 358, using strategy: org.hibernate.id.enhanced.SequenceStyleGenerator
21:20:59.848 [main] DEBUG o.h.e.t.internal.TransactionImpl - committing
21:20:59.849 [main] DEBUG o.h.e.i.AbstractFlushingEventListener - Processing flush-time cascades
21:20:59.849 [main] DEBUG o.h.e.i.AbstractFlushingEventListener - Dirty checking collections
21:20:59.849 [main] DEBUG o.h.e.i.AbstractFlushingEventListener - Flushed: 1 insertions, 0 updates, 0 deletions to 1 objects
21:20:59.849 [main] DEBUG o.h.e.i.AbstractFlushingEventListener - Flushed: 0 (re)creations, 0 updates, 0 removals to 0 collections
21:20:59.849 [main] DEBUG o.h.internal.util.EntityPrinter - Listing entities:
21:20:59.850 [main] DEBUG o.h.internal.util.EntityPrinter - edu.ncsu.csc.itrust2.models.persistent.LogEntry{secondaryUser=null, logCode=5, primaryUser=logapitest, id=358, time=java.util.GregorianCalendar[time=1521667259844,areFieldsSet=true,areAllFieldsSet=true,lenient=true,zone=sun.util.calendar.ZoneInfo[id="Etc/UTC",offset=0,dstSavings=0,useDaylight=false,transitions=0,lastRule=null],firstDayOfWeek=1,minimalDaysInFirstWeek=1,ERA=1,YEAR=2018,MONTH=2,WEEK_OF_YEAR=12,WEEK_OF_MONTH=4,DAY_OF_MONTH=21,DAY_OF_YEAR=80,DAY_OF_WEEK=4,DAY_OF_WEEK_IN_MONTH=3,AM_PM=1,HOUR=9,HOUR_OF_DAY=21,MINUTE=20,SECOND=59,MILLISECOND=844,ZONE_OFFSET=0,DST_OFFSET=0], message=null}
21:20:59.852 [main] DEBUG org.hibernate.SQL - insert into LogEntries (logCode, message, primaryUser, secondaryUser, time, id) values (?, ?, ?, ?, ?, ?)
Hibernate: insert into LogEntries (logCode, message, primaryUser, secondaryUser, time, id) values (?, ?, ?, ?, ?, ?)
21:20:59.854 [main] DEBUG o.h.e.j.internal.JdbcCoordinatorImpl - HHH000420: Closing un-released batch
21:20:59.854 [main] DEBUG o.h.e.t.internal.TransactionImpl - begin
21:20:59.855 [main] DEBUG org.hibernate.SQL - select next_val as id_val from hibernate_sequence for update
Hibernate: select next_val as id_val from hibernate_sequence for update
21:20:59.856 [main] DEBUG org.hibernate.SQL - update hibernate_sequence set next_val= ? where next_val=?
Hibernate: update hibernate_sequence set next_val= ? where next_val=?
21:20:59.858 [main] DEBUG o.h.e.i.AbstractSaveEventListener - Generated identifier: 359, using strategy: org.hibernate.id.enhanced.SequenceStyleGenerator
21:20:59.858 [main] DEBUG o.h.e.t.internal.TransactionImpl - committing
21:20:59.859 [main] DEBUG o.h.e.i.AbstractFlushingEventListener - Processing flush-time cascades
21:20:59.859 [main] DEBUG o.h.e.i.AbstractFlushingEventListener - Dirty checking collections
21:20:59.859 [main] DEBUG o.h.e.i.AbstractFlushingEventListener - Flushed: 1 insertions, 0 updates, 0 deletions to 1 objects
21:20:59.859 [main] DEBUG o.h.e.i.AbstractFlushingEventListener - Flushed: 0 (re)creations, 0 updates, 0 removals to 0 collections
21:20:59.859 [main] DEBUG o.h.internal.util.EntityPrinter - Listing entities:
21:20:59.859 [main] DEBUG o.h.internal.util.EntityPrinter - edu.ncsu.csc.itrust2.models.persistent.LogEntry{secondaryUser=null, logCode=5, primaryUser=logapitest, id=359, time=java.util.GregorianCalendar[time=1521667259854,areFieldsSet=true,areAllFieldsSet=true,lenient=true,zone=sun.util.calendar.ZoneInfo[id="Etc/UTC",offset=0,dstSavings=0,useDaylight=false,transitions=0,lastRule=null],firstDayOfWeek=1,minimalDaysInFirstWeek=1,ERA=1,YEAR=2018,MONTH=2,WEEK_OF_YEAR=12,WEEK_OF_MONTH=4,DAY_OF_MONTH=21,DAY_OF_YEAR=80,DAY_OF_WEEK=4,DAY_OF_WEEK_IN_MONTH=3,AM_PM=1,HOUR=9,HOUR_OF_DAY=21,MINUTE=20,SECOND=59,MILLISECOND=854,ZONE_OFFSET=0,DST_OFFSET=0], message=null}
21:20:59.861 [main] DEBUG org.hibernate.SQL - insert into LogEntries (logCode, message, primaryUser, secondaryUser, time, id) values (?, ?, ?, ?, ?, ?)
Hibernate: insert into LogEntries (logCode, message, primaryUser, secondaryUser, time, id) values (?, ?, ?, ?, ?, ?)
21:20:59.863 [main] DEBUG o.h.e.j.internal.JdbcCoordinatorImpl - HHH000420: Closing un-released batch
21:20:59.864 [main] DEBUG o.h.e.t.internal.TransactionImpl - begin
21:20:59.865 [main] DEBUG org.hibernate.SQL - select next_val as id_val from hibernate_sequence for update
Hibernate: select next_val as id_val from hibernate_sequence for update
21:20:59.867 [main] DEBUG org.hibernate.SQL - update hibernate_sequence set next_val= ? where next_val=?
Hibernate: update hibernate_sequence set next_val= ? where next_val=?
21:20:59.869 [main] DEBUG o.h.e.i.AbstractSaveEventListener - Generated identifier: 360, using strategy: org.hibernate.id.enhanced.SequenceStyleGenerator
21:20:59.870 [main] DEBUG o.h.e.t.internal.TransactionImpl - committing
21:20:59.870 [main] DEBUG o.h.e.i.AbstractFlushingEventListener - Processing flush-time cascades
21:20:59.870 [main] DEBUG o.h.e.i.AbstractFlushingEventListener - Dirty checking collections
21:20:59.870 [main] DEBUG o.h.e.i.AbstractFlushingEventListener - Flushed: 1 insertions, 0 updates, 0 deletions to 1 objects
21:20:59.870 [main] DEBUG o.h.e.i.AbstractFlushingEventListener - Flushed: 0 (re)creations, 0 updates, 0 removals to 0 collections
21:20:59.870 [main] DEBUG o.h.internal.util.EntityPrinter - Listing entities:
21:20:59.870 [main] DEBUG o.h.internal.util.EntityPrinter - edu.ncsu.csc.itrust2.models.persistent.LogEntry{secondaryUser=null, logCode=5, primaryUser=logapitest, id=360, time=java.util.GregorianCalendar[time=1521667259864,areFieldsSet=true,areAllFieldsSet=true,lenient=true,zone=sun.util.calendar.ZoneInfo[id="Etc/UTC",offset=0,dstSavings=0,useDaylight=false,transitions=0,lastRule=null],firstDayOfWeek=1,minimalDaysInFirstWeek=1,ERA=1,YEAR=2018,MONTH=2,WEEK_OF_YEAR=12,WEEK_OF_MONTH=4,DAY_OF_MONTH=21,DAY_OF_YEAR=80,DAY_OF_WEEK=4,DAY_OF_WEEK_IN_MONTH=3,AM_PM=1,HOUR=9,HOUR_OF_DAY=21,MINUTE=20,SECOND=59,MILLISECOND=864,ZONE_OFFSET=0,DST_OFFSET=0], message=null}
21:20:59.871 [main] DEBUG org.hibernate.SQL - insert into LogEntries (logCode, message, primaryUser, secondaryUser, time, id) values (?, ?, ?, ?, ?, ?)
Hibernate: insert into LogEntries (logCode, message, primaryUser, secondaryUser, time, id) values (?, ?, ?, ?, ?, ?)
21:20:59.873 [main] DEBUG o.h.e.j.internal.JdbcCoordinatorImpl - HHH000420: Closing un-released batch
21:20:59.873 [main] DEBUG o.h.e.t.internal.TransactionImpl - begin
21:20:59.874 [main] DEBUG org.hibernate.SQL - select next_val as id_val from hibernate_sequence for update
Hibernate: select next_val as id_val from hibernate_sequence for update
21:20:59.875 [main] DEBUG org.hibernate.SQL - update hibernate_sequence set next_val= ? where next_val=?
Hibernate: update hibernate_sequence set next_val= ? where next_val=?
21:20:59.876 [main] DEBUG o.h.e.i.AbstractSaveEventListener - Generated identifier: 361, using strategy: org.hibernate.id.enhanced.SequenceStyleGenerator
21:20:59.877 [main] DEBUG o.h.e.t.internal.TransactionImpl - committing
21:20:59.877 [main] DEBUG o.h.e.i.AbstractFlushingEventListener - Processing flush-time cascades
21:20:59.877 [main] DEBUG o.h.e.i.AbstractFlushingEventListener - Dirty checking collections
21:20:59.877 [main] DEBUG o.h.e.i.AbstractFlushingEventListener - Flushed: 1 insertions, 0 updates, 0 deletions to 1 objects
21:20:59.877 [main] DEBUG o.h.e.i.AbstractFlushingEventListener - Flushed: 0 (re)creations, 0 updates, 0 removals to 0 collections
21:20:59.877 [main] DEBUG o.h.internal.util.EntityPrinter - Listing entities:
21:20:59.878 [main] DEBUG o.h.internal.util.EntityPrinter - edu.ncsu.csc.itrust2.models.persistent.LogEntry{secondaryUser=null, logCode=5, primaryUser=logapitest, id=361, time=java.util.GregorianCalendar[time=1521667259873,areFieldsSet=true,areAllFieldsSet=true,lenient=true,zone=sun.util.calendar.ZoneInfo[id="Etc/UTC",offset=0,dstSavings=0,useDaylight=false,transitions=0,lastRule=null],firstDayOfWeek=1,minimalDaysInFirstWeek=1,ERA=1,YEAR=2018,MONTH=2,WEEK_OF_YEAR=12,WEEK_OF_MONTH=4,DAY_OF_MONTH=21,DAY_OF_YEAR=80,DAY_OF_WEEK=4,DAY_OF_WEEK_IN_MONTH=3,AM_PM=1,HOUR=9,HOUR_OF_DAY=21,MINUTE=20,SECOND=59,MILLISECOND=873,ZONE_OFFSET=0,DST_OFFSET=0], message=null}
21:20:59.878 [main] DEBUG org.hibernate.SQL - insert into LogEntries (logCode, message, primaryUser, secondaryUser, time, id) values (?, ?, ?, ?, ?, ?)
Hibernate: insert into LogEntries (logCode, message, primaryUser, secondaryUser, time, id) values (?, ?, ?, ?, ?, ?)
21:20:59.879 [main] DEBUG o.h.e.j.internal.JdbcCoordinatorImpl - HHH000420: Closing un-released batch
21:20:59.880 [main] DEBUG o.h.e.t.internal.TransactionImpl - begin
21:20:59.880 [main] DEBUG org.hibernate.SQL - select next_val as id_val from hibernate_sequence for update
Hibernate: select next_val as id_val from hibernate_sequence for update
21:20:59.881 [main] DEBUG org.hibernate.SQL - update hibernate_sequence set next_val= ? where next_val=?
Hibernate: update hibernate_sequence set next_val= ? where next_val=?
21:20:59.883 [main] DEBUG o.h.e.i.AbstractSaveEventListener - Generated identifier: 362, using strategy: org.hibernate.id.enhanced.SequenceStyleGenerator
21:20:59.884 [main] DEBUG o.h.e.t.internal.TransactionImpl - committing
21:20:59.884 [main] DEBUG o.h.e.i.AbstractFlushingEventListener - Processing flush-time cascades
21:20:59.884 [main] DEBUG o.h.e.i.AbstractFlushingEventListener - Dirty checking collections
21:20:59.884 [main] DEBUG o.h.e.i.AbstractFlushingEventListener - Flushed: 1 insertions, 0 updates, 0 deletions to 1 objects
21:20:59.884 [main] DEBUG o.h.e.i.AbstractFlushingEventListener - Flushed: 0 (re)creations, 0 updates, 0 removals to 0 collections
21:20:59.885 [main] DEBUG o.h.internal.util.EntityPrinter - Listing entities:
21:20:59.885 [main] DEBUG o.h.internal.util.EntityPrinter - edu.ncsu.csc.itrust2.models.persistent.LogEntry{secondaryUser=null, logCode=5, primaryUser=logapitest, id=362, time=java.util.GregorianCalendar[time=1521667259880,areFieldsSet=true,areAllFieldsSet=true,lenient=true,zone=sun.util.calendar.ZoneInfo[id="Etc/UTC",offset=0,dstSavings=0,useDaylight=false,transitions=0,lastRule=null],firstDayOfWeek=1,minimalDaysInFirstWeek=1,ERA=1,YEAR=2018,MONTH=2,WEEK_OF_YEAR=12,WEEK_OF_MONTH=4,DAY_OF_MONTH=21,DAY_OF_YEAR=80,DAY_OF_WEEK=4,DAY_OF_WEEK_IN_MONTH=3,AM_PM=1,HOUR=9,HOUR_OF_DAY=21,MINUTE=20,SECOND=59,MILLISECOND=880,ZONE_OFFSET=0,DST_OFFSET=0], message=null}
21:20:59.886 [main] DEBUG org.hibernate.SQL - insert into LogEntries (logCode, message, primaryUser, secondaryUser, time, id) values (?, ?, ?, ?, ?, ?)
Hibernate: insert into LogEntries (logCode, message, primaryUser, secondaryUser, time, id) values (?, ?, ?, ?, ?, ?)
21:20:59.887 [main] DEBUG o.h.e.j.internal.JdbcCoordinatorImpl - HHH000420: Closing un-released batch
21:20:59.888 [main] DEBUG o.h.e.t.internal.TransactionImpl - begin
21:20:59.889 [main] DEBUG org.hibernate.SQL - select next_val as id_val from hibernate_sequence for update
Hibernate: select next_val as id_val from hibernate_sequence for update
21:20:59.890 [main] DEBUG org.hibernate.SQL - update hibernate_sequence set next_val= ? where next_val=?
Hibernate: update hibernate_sequence set next_val= ? where next_val=?
21:20:59.892 [main] DEBUG o.h.e.i.AbstractSaveEventListener - Generated identifier: 363, using strategy: org.hibernate.id.enhanced.SequenceStyleGenerator
21:20:59.892 [main] DEBUG o.h.e.t.internal.TransactionImpl - committing
21:20:59.893 [main] DEBUG o.h.e.i.AbstractFlushingEventListener - Processing flush-time cascades
21:20:59.893 [main] DEBUG o.h.e.i.AbstractFlushingEventListener - Dirty checking collections
21:20:59.893 [main] DEBUG o.h.e.i.AbstractFlushingEventListener - Flushed: 1 insertions, 0 updates, 0 deletions to 1 objects
21:20:59.893 [main] DEBUG o.h.e.i.AbstractFlushingEventListener - Flushed: 0 (re)creations, 0 updates, 0 removals to 0 collections
21:20:59.893 [main] DEBUG o.h.internal.util.EntityPrinter - Listing entities:
21:20:59.893 [main] DEBUG o.h.internal.util.EntityPrinter - edu.ncsu.csc.itrust2.models.persistent.LogEntry{secondaryUser=null, logCode=5, primaryUser=logapitest, id=363, time=java.util.GregorianCalendar[time=1521667259888,areFieldsSet=true,areAllFieldsSet=true,lenient=true,zone=sun.util.calendar.ZoneInfo[id="Etc/UTC",offset=0,dstSavings=0,useDaylight=false,transitions=0,lastRule=null],firstDayOfWeek=1,minimalDaysInFirstWeek=1,ERA=1,YEAR=2018,MONTH=2,WEEK_OF_YEAR=12,WEEK_OF_MONTH=4,DAY_OF_MONTH=21,DAY_OF_YEAR=80,DAY_OF_WEEK=4,DAY_OF_WEEK_IN_MONTH=3,AM_PM=1,HOUR=9,HOUR_OF_DAY=21,MINUTE=20,SECOND=59,MILLISECOND=888,ZONE_OFFSET=0,DST_OFFSET=0], message=null}
21:20:59.894 [main] DEBUG org.hibernate.SQL - insert into LogEntries (logCode, message, primaryUser, secondaryUser, time, id) values (?, ?, ?, ?, ?, ?)
Hibernate: insert into LogEntries (logCode, message, primaryUser, secondaryUser, time, id) values (?, ?, ?, ?, ?, ?)
21:20:59.895 [main] DEBUG o.h.e.j.internal.JdbcCoordinatorImpl - HHH000420: Closing un-released batch
21:20:59.895 [main] DEBUG o.h.e.t.internal.TransactionImpl - begin
21:20:59.896 [main] DEBUG org.hibernate.SQL - select next_val as id_val from hibernate_sequence for update
Hibernate: select next_val as id_val from hibernate_sequence for update
21:20:59.897 [main] DEBUG org.hibernate.SQL - update hibernate_sequence set next_val= ? where next_val=?
Hibernate: update hibernate_sequence set next_val= ? where next_val=?
21:20:59.899 [main] DEBUG o.h.e.i.AbstractSaveEventListener - Generated identifier: 364, using strategy: org.hibernate.id.enhanced.SequenceStyleGenerator
21:20:59.900 [main] DEBUG o.h.e.t.internal.TransactionImpl - committing
21:20:59.900 [main] DEBUG o.h.e.i.AbstractFlushingEventListener - Processing flush-time cascades
21:20:59.900 [main] DEBUG o.h.e.i.AbstractFlushingEventListener - Dirty checking collections
21:20:59.900 [main] DEBUG o.h.e.i.AbstractFlushingEventListener - Flushed: 1 insertions, 0 updates, 0 deletions to 1 objects
21:20:59.901 [main] DEBUG o.h.e.i.AbstractFlushingEventListener - Flushed: 0 (re)creations, 0 updates, 0 removals to 0 collections
21:20:59.901 [main] DEBUG o.h.internal.util.EntityPrinter - Listing entities:
21:20:59.901 [main] DEBUG o.h.internal.util.EntityPrinter - edu.ncsu.csc.itrust2.models.persistent.LogEntry{secondaryUser=null, logCode=5, primaryUser=logapitest, id=364, time=java.util.GregorianCalendar[time=1521667259895,areFieldsSet=true,areAllFieldsSet=true,lenient=true,zone=sun.util.calendar.ZoneInfo[id="Etc/UTC",offset=0,dstSavings=0,useDaylight=false,transitions=0,lastRule=null],firstDayOfWeek=1,minimalDaysInFirstWeek=1,ERA=1,YEAR=2018,MONTH=2,WEEK_OF_YEAR=12,WEEK_OF_MONTH=4,DAY_OF_MONTH=21,DAY_OF_YEAR=80,DAY_OF_WEEK=4,DAY_OF_WEEK_IN_MONTH=3,AM_PM=1,HOUR=9,HOUR_OF_DAY=21,MINUTE=20,SECOND=59,MILLISECOND=895,ZONE_OFFSET=0,DST_OFFSET=0], message=null}
21:20:59.903 [main] DEBUG org.hibernate.SQL - insert into LogEntries (logCode, message, primaryUser, secondaryUser, time, id) values (?, ?, ?, ?, ?, ?)
Hibernate: insert into LogEntries (logCode, message, primaryUser, secondaryUser, time, id) values (?, ?, ?, ?, ?, ?)
21:20:59.905 [main] DEBUG o.h.e.j.internal.JdbcCoordinatorImpl - HHH000420: Closing un-released batch
21:20:59.906 [main] DEBUG o.h.e.t.internal.TransactionImpl - begin
21:20:59.907 [main] DEBUG org.hibernate.SQL - select next_val as id_val from hibernate_sequence for update
Hibernate: select next_val as id_val from hibernate_sequence for update
21:20:59.909 [main] DEBUG org.hibernate.SQL - update hibernate_sequence set next_val= ? where next_val=?
Hibernate: update hibernate_sequence set next_val= ? where next_val=?
21:20:59.911 [main] DEBUG o.h.e.i.AbstractSaveEventListener - Generated identifier: 365, using strategy: org.hibernate.id.enhanced.SequenceStyleGenerator
21:20:59.912 [main] DEBUG o.h.e.t.internal.TransactionImpl - committing
21:20:59.912 [main] DEBUG o.h.e.i.AbstractFlushingEventListener - Processing flush-time cascades
21:20:59.912 [main] DEBUG o.h.e.i.AbstractFlushingEventListener - Dirty checking collections
21:20:59.913 [main] DEBUG o.h.e.i.AbstractFlushingEventListener - Flushed: 1 insertions, 0 updates, 0 deletions to 1 objects
21:20:59.913 [main] DEBUG o.h.e.i.AbstractFlushingEventListener - Flushed: 0 (re)creations, 0 updates, 0 removals to 0 collections
21:20:59.913 [main] DEBUG o.h.internal.util.EntityPrinter - Listing entities:
21:20:59.913 [main] DEBUG o.h.internal.util.EntityPrinter - edu.ncsu.csc.itrust2.models.persistent.LogEntry{secondaryUser=null, logCode=5, primaryUser=logapitest, id=365, time=java.util.GregorianCalendar[time=1521667259906,areFieldsSet=true,areAllFieldsSet=true,lenient=true,zone=sun.util.calendar.ZoneInfo[id="Etc/UTC",offset=0,dstSavings=0,useDaylight=false,transitions=0,lastRule=null],firstDayOfWeek=1,minimalDaysInFirstWeek=1,ERA=1,YEAR=2018,MONTH=2,WEEK_OF_YEAR=12,WEEK_OF_MONTH=4,DAY_OF_MONTH=21,DAY_OF_YEAR=80,DAY_OF_WEEK=4,DAY_OF_WEEK_IN_MONTH=3,AM_PM=1,HOUR=9,HOUR_OF_DAY=21,MINUTE=20,SECOND=59,MILLISECOND=906,ZONE_OFFSET=0,DST_OFFSET=0], message=null}
21:20:59.914 [main] DEBUG org.hibernate.SQL - insert into LogEntries (logCode, message, primaryUser, secondaryUser, time, id) values (?, ?, ?, ?, ?, ?)
Hibernate: insert into LogEntries (logCode, message, primaryUser, secondaryUser, time, id) values (?, ?, ?, ?, ?, ?)
21:20:59.915 [main] DEBUG o.h.e.j.internal.JdbcCoordinatorImpl - HHH000420: Closing un-released batch
21:20:59.915 [main] DEBUG o.h.e.t.internal.TransactionImpl - begin
21:20:59.916 [main] DEBUG org.hibernate.SQL - select next_val as id_val from hibernate_sequence for update
Hibernate: select next_val as id_val from hibernate_sequence for update
21:20:59.917 [main] DEBUG org.hibernate.SQL - update hibernate_sequence set next_val= ? where next_val=?
Hibernate: update hibernate_sequence set next_val= ? where next_val=?
21:20:59.918 [main] DEBUG o.h.e.i.AbstractSaveEventListener - Generated identifier: 366, using strategy: org.hibernate.id.enhanced.SequenceStyleGenerator
21:20:59.919 [main] DEBUG o.h.e.t.internal.TransactionImpl - committing
21:20:59.919 [main] DEBUG o.h.e.i.AbstractFlushingEventListener - Processing flush-time cascades
21:20:59.919 [main] DEBUG o.h.e.i.AbstractFlushingEventListener - Dirty checking collections
21:20:59.920 [main] DEBUG o.h.e.i.AbstractFlushingEventListener - Flushed: 1 insertions, 0 updates, 0 deletions to 1 objects
21:20:59.920 [main] DEBUG o.h.e.i.AbstractFlushingEventListener - Flushed: 0 (re)creations, 0 updates, 0 removals to 0 collections
21:20:59.920 [main] DEBUG o.h.internal.util.EntityPrinter - Listing entities:
21:20:59.920 [main] DEBUG o.h.internal.util.EntityPrinter - edu.ncsu.csc.itrust2.models.persistent.LogEntry{secondaryUser=null, logCode=5, primaryUser=logapitest, id=366, time=java.util.GregorianCalendar[time=1521667259915,areFieldsSet=true,areAllFieldsSet=true,lenient=true,zone=sun.util.calendar.ZoneInfo[id="Etc/UTC",offset=0,dstSavings=0,useDaylight=false,transitions=0,lastRule=null],firstDayOfWeek=1,minimalDaysInFirstWeek=1,ERA=1,YEAR=2018,MONTH=2,WEEK_OF_YEAR=12,WEEK_OF_MONTH=4,DAY_OF_MONTH=21,DAY_OF_YEAR=80,DAY_OF_WEEK=4,DAY_OF_WEEK_IN_MONTH=3,AM_PM=1,HOUR=9,HOUR_OF_DAY=21,MINUTE=20,SECOND=59,MILLISECOND=915,ZONE_OFFSET=0,DST_OFFSET=0], message=null}
21:20:59.921 [main] DEBUG org.hibernate.SQL - insert into LogEntries (logCode, message, primaryUser, secondaryUser, time, id) values (?, ?, ?, ?, ?, ?)
Hibernate: insert into LogEntries (logCode, message, primaryUser, secondaryUser, time, id) values (?, ?, ?, ?, ?, ?)
21:20:59.922 [main] DEBUG o.h.e.j.internal.JdbcCoordinatorImpl - HHH000420: Closing un-released batch
21:20:59.923 [main] DEBUG o.h.e.t.internal.TransactionImpl - begin
21:20:59.924 [main] DEBUG org.hibernate.SQL - select next_val as id_val from hibernate_sequence for update
Hibernate: select next_val as id_val from hibernate_sequence for update
21:20:59.926 [main] DEBUG org.hibernate.SQL - update hibernate_sequence set next_val= ? where next_val=?
Hibernate: update hibernate_sequence set next_val= ? where next_val=?
21:20:59.927 [main] DEBUG o.h.e.i.AbstractSaveEventListener - Generated identifier: 367, using strategy: org.hibernate.id.enhanced.SequenceStyleGenerator
21:20:59.927 [main] DEBUG o.h.e.t.internal.TransactionImpl - committing
21:20:59.928 [main] DEBUG o.h.e.i.AbstractFlushingEventListener - Processing flush-time cascades
21:20:59.928 [main] DEBUG o.h.e.i.AbstractFlushingEventListener - Dirty checking collections
21:20:59.928 [main] DEBUG o.h.e.i.AbstractFlushingEventListener - Flushed: 1 insertions, 0 updates, 0 deletions to 1 objects
21:20:59.928 [main] DEBUG o.h.e.i.AbstractFlushingEventListener - Flushed: 0 (re)creations, 0 updates, 0 removals to 0 collections
21:20:59.928 [main] DEBUG o.h.internal.util.EntityPrinter - Listing entities:
21:20:59.928 [main] DEBUG o.h.internal.util.EntityPrinter - edu.ncsu.csc.itrust2.models.persistent.LogEntry{secondaryUser=null, logCode=5, primaryUser=logapitest, id=367, time=java.util.GregorianCalendar[time=1521667259923,areFieldsSet=true,areAllFieldsSet=true,lenient=true,zone=sun.util.calendar.ZoneInfo[id="Etc/UTC",offset=0,dstSavings=0,useDaylight=false,transitions=0,lastRule=null],firstDayOfWeek=1,minimalDaysInFirstWeek=1,ERA=1,YEAR=2018,MONTH=2,WEEK_OF_YEAR=12,WEEK_OF_MONTH=4,DAY_OF_MONTH=21,DAY_OF_YEAR=80,DAY_OF_WEEK=4,DAY_OF_WEEK_IN_MONTH=3,AM_PM=1,HOUR=9,HOUR_OF_DAY=21,MINUTE=20,SECOND=59,MILLISECOND=923,ZONE_OFFSET=0,DST_OFFSET=0], message=null}
21:20:59.929 [main] DEBUG org.hibernate.SQL - insert into LogEntries (logCode, message, primaryUser, secondaryUser, time, id) values (?, ?, ?, ?, ?, ?)
Hibernate: insert into LogEntries (logCode, message, primaryUser, secondaryUser, time, id) values (?, ?, ?, ?, ?, ?)
21:20:59.931 [main] DEBUG o.h.e.j.internal.JdbcCoordinatorImpl - HHH000420: Closing un-released batch
21:20:59.932 [main] DEBUG o.h.e.t.internal.TransactionImpl - begin
21:20:59.933 [main] DEBUG org.hibernate.SQL - select next_val as id_val from hibernate_sequence for update
Hibernate: select next_val as id_val from hibernate_sequence for update
21:20:59.934 [main] DEBUG org.hibernate.SQL - update hibernate_sequence set next_val= ? where next_val=?
Hibernate: update hibernate_sequence set next_val= ? where next_val=?
21:20:59.936 [main] DEBUG o.h.e.i.AbstractSaveEventListener - Generated identifier: 368, using strategy: org.hibernate.id.enhanced.SequenceStyleGenerator
21:20:59.936 [main] DEBUG o.h.e.t.internal.TransactionImpl - committing
21:20:59.937 [main] DEBUG o.h.e.i.AbstractFlushingEventListener - Processing flush-time cascades
21:20:59.937 [main] DEBUG o.h.e.i.AbstractFlushingEventListener - Dirty checking collections
21:20:59.937 [main] DEBUG o.h.e.i.AbstractFlushingEventListener - Flushed: 1 insertions, 0 updates, 0 deletions to 1 objects
21:20:59.937 [main] DEBUG o.h.e.i.AbstractFlushingEventListener - Flushed: 0 (re)creations, 0 updates, 0 removals to 0 collections
21:20:59.937 [main] DEBUG o.h.internal.util.EntityPrinter - Listing entities:
21:20:59.937 [main] DEBUG o.h.internal.util.EntityPrinter - edu.ncsu.csc.itrust2.models.persistent.LogEntry{secondaryUser=null, logCode=5, primaryUser=logapitest, id=368, time=java.util.GregorianCalendar[time=1521667259932,areFieldsSet=true,areAllFieldsSet=true,lenient=true,zone=sun.util.calendar.ZoneInfo[id="Etc/UTC",offset=0,dstSavings=0,useDaylight=false,transitions=0,lastRule=null],firstDayOfWeek=1,minimalDaysInFirstWeek=1,ERA=1,YEAR=2018,MONTH=2,WEEK_OF_YEAR=12,WEEK_OF_MONTH=4,DAY_OF_MONTH=21,DAY_OF_YEAR=80,DAY_OF_WEEK=4,DAY_OF_WEEK_IN_MONTH=3,AM_PM=1,HOUR=9,HOUR_OF_DAY=21,MINUTE=20,SECOND=59,MILLISECOND=932,ZONE_OFFSET=0,DST_OFFSET=0], message=null}
21:20:59.938 [main] DEBUG org.hibernate.SQL - insert into LogEntries (logCode, message, primaryUser, secondaryUser, time, id) values (?, ?, ?, ?, ?, ?)
Hibernate: insert into LogEntries (logCode, message, primaryUser, secondaryUser, time, id) values (?, ?, ?, ?, ?, ?)
21:20:59.941 [main] DEBUG o.h.e.j.internal.JdbcCoordinatorImpl - HHH000420: Closing un-released batch
21:20:59.941 [main] DEBUG o.h.e.t.internal.TransactionImpl - begin
21:20:59.942 [main] DEBUG org.hibernate.SQL - select next_val as id_val from hibernate_sequence for update
Hibernate: select next_val as id_val from hibernate_sequence for update
21:20:59.943 [main] DEBUG org.hibernate.SQL - update hibernate_sequence set next_val= ? where next_val=?
Hibernate: update hibernate_sequence set next_val= ? where next_val=?
21:20:59.945 [main] DEBUG o.h.e.i.AbstractSaveEventListener - Generated identifier: 369, using strategy: org.hibernate.id.enhanced.SequenceStyleGenerator
21:20:59.946 [main] DEBUG o.h.e.t.internal.TransactionImpl - committing
21:20:59.946 [main] DEBUG o.h.e.i.AbstractFlushingEventListener - Processing flush-time cascades
21:20:59.946 [main] DEBUG o.h.e.i.AbstractFlushingEventListener - Dirty checking collections
21:20:59.946 [main] DEBUG o.h.e.i.AbstractFlushingEventListener - Flushed: 1 insertions, 0 updates, 0 deletions to 1 objects
21:20:59.946 [main] DEBUG o.h.e.i.AbstractFlushingEventListener - Flushed: 0 (re)creations, 0 updates, 0 removals to 0 collections
21:20:59.946 [main] DEBUG o.h.internal.util.EntityPrinter - Listing entities:
21:20:59.947 [main] DEBUG o.h.internal.util.EntityPrinter - edu.ncsu.csc.itrust2.models.persistent.LogEntry{secondaryUser=null, logCode=5, primaryUser=logapitest, id=369, time=java.util.GregorianCalendar[time=1521667259941,areFieldsSet=true,areAllFieldsSet=true,lenient=true,zone=sun.util.calendar.ZoneInfo[id="Etc/UTC",offset=0,dstSavings=0,useDaylight=false,transitions=0,lastRule=null],firstDayOfWeek=1,minimalDaysInFirstWeek=1,ERA=1,YEAR=2018,MONTH=2,WEEK_OF_YEAR=12,WEEK_OF_MONTH=4,DAY_OF_MONTH=21,DAY_OF_YEAR=80,DAY_OF_WEEK=4,DAY_OF_WEEK_IN_MONTH=3,AM_PM=1,HOUR=9,HOUR_OF_DAY=21,MINUTE=20,SECOND=59,MILLISECOND=941,ZONE_OFFSET=0,DST_OFFSET=0], message=null}
21:20:59.948 [main] DEBUG org.hibernate.SQL - insert into LogEntries (logCode, message, primaryUser, secondaryUser, time, id) values (?, ?, ?, ?, ?, ?)
Hibernate: insert into LogEntries (logCode, message, primaryUser, secondaryUser, time, id) values (?, ?, ?, ?, ?, ?)
21:20:59.950 [main] DEBUG o.h.e.j.internal.JdbcCoordinatorImpl - HHH000420: Closing un-released batch
21:20:59.951 [main] DEBUG o.h.e.t.internal.TransactionImpl - begin
21:20:59.952 [main] DEBUG org.hibernate.SQL - select next_val as id_val from hibernate_sequence for update
Hibernate: select next_val as id_val from hibernate_sequence for update
21:20:59.953 [main] DEBUG org.hibernate.SQL - update hibernate_sequence set next_val= ? where next_val=?
Hibernate: update hibernate_sequence set next_val= ? where next_val=?
21:20:59.955 [main] DEBUG o.h.e.i.AbstractSaveEventListener - Generated identifier: 370, using strategy: org.hibernate.id.enhanced.SequenceStyleGenerator
21:20:59.955 [main] DEBUG o.h.e.t.internal.TransactionImpl - committing
21:20:59.956 [main] DEBUG o.h.e.i.AbstractFlushingEventListener - Processing flush-time cascades
21:20:59.956 [main] DEBUG o.h.e.i.AbstractFlushingEventListener - Dirty checking collections
21:20:59.956 [main] DEBUG o.h.e.i.AbstractFlushingEventListener - Flushed: 1 insertions, 0 updates, 0 deletions to 1 objects
21:20:59.956 [main] DEBUG o.h.e.i.AbstractFlushingEventListener - Flushed: 0 (re)creations, 0 updates, 0 removals to 0 collections
21:20:59.956 [main] DEBUG o.h.internal.util.EntityPrinter - Listing entities:
21:20:59.957 [main] DEBUG o.h.internal.util.EntityPrinter - edu.ncsu.csc.itrust2.models.persistent.LogEntry{secondaryUser=null, logCode=5, primaryUser=logapitest, id=370, time=java.util.GregorianCalendar[time=1521667259951,areFieldsSet=true,areAllFieldsSet=true,lenient=true,zone=sun.util.calendar.ZoneInfo[id="Etc/UTC",offset=0,dstSavings=0,useDaylight=false,transitions=0,lastRule=null],firstDayOfWeek=1,minimalDaysInFirstWeek=1,ERA=1,YEAR=2018,MONTH=2,WEEK_OF_YEAR=12,WEEK_OF_MONTH=4,DAY_OF_MONTH=21,DAY_OF_YEAR=80,DAY_OF_WEEK=4,DAY_OF_WEEK_IN_MONTH=3,AM_PM=1,HOUR=9,HOUR_OF_DAY=21,MINUTE=20,SECOND=59,MILLISECOND=951,ZONE_OFFSET=0,DST_OFFSET=0], message=null}
21:20:59.958 [main] DEBUG org.hibernate.SQL - insert into LogEntries (logCode, message, primaryUser, secondaryUser, time, id) values (?, ?, ?, ?, ?, ?)
Hibernate: insert into LogEntries (logCode, message, primaryUser, secondaryUser, time, id) values (?, ?, ?, ?, ?, ?)
21:20:59.961 [main] DEBUG o.h.e.j.internal.JdbcCoordinatorImpl - HHH000420: Closing un-released batch
21:20:59.962 [main] DEBUG o.h.e.t.internal.TransactionImpl - begin
21:20:59.963 [main] DEBUG org.hibernate.SQL - select next_val as id_val from hibernate_sequence for update
Hibernate: select next_val as id_val from hibernate_sequence for update
21:20:59.963 [main] DEBUG org.hibernate.SQL - update hibernate_sequence set next_val= ? where next_val=?
Hibernate: update hibernate_sequence set next_val= ? where next_val=?
21:20:59.965 [main] DEBUG o.h.e.i.AbstractSaveEventListener - Generated identifier: 371, using strategy: org.hibernate.id.enhanced.SequenceStyleGenerator
21:20:59.965 [main] DEBUG o.h.e.t.internal.TransactionImpl - committing
21:20:59.965 [main] DEBUG o.h.e.i.AbstractFlushingEventListener - Processing flush-time cascades
21:20:59.965 [main] DEBUG o.h.e.i.AbstractFlushingEventListener - Dirty checking collections
21:20:59.966 [main] DEBUG o.h.e.i.AbstractFlushingEventListener - Flushed: 1 insertions, 0 updates, 0 deletions to 1 objects
21:20:59.966 [main] DEBUG o.h.e.i.AbstractFlushingEventListener - Flushed: 0 (re)creations, 0 updates, 0 removals to 0 collections
21:20:59.966 [main] DEBUG o.h.internal.util.EntityPrinter - Listing entities:
21:20:59.966 [main] DEBUG o.h.internal.util.EntityPrinter - edu.ncsu.csc.itrust2.models.persistent.LogEntry{secondaryUser=null, logCode=5, primaryUser=logapitest, id=371, time=java.util.GregorianCalendar[time=1521667259962,areFieldsSet=true,areAllFieldsSet=true,lenient=true,zone=sun.util.calendar.ZoneInfo[id="Etc/UTC",offset=0,dstSavings=0,useDaylight=false,transitions=0,lastRule=null],firstDayOfWeek=1,minimalDaysInFirstWeek=1,ERA=1,YEAR=2018,MONTH=2,WEEK_OF_YEAR=12,WEEK_OF_MONTH=4,DAY_OF_MONTH=21,DAY_OF_YEAR=80,DAY_OF_WEEK=4,DAY_OF_WEEK_IN_MONTH=3,AM_PM=1,HOUR=9,HOUR_OF_DAY=21,MINUTE=20,SECOND=59,MILLISECOND=962,ZONE_OFFSET=0,DST_OFFSET=0], message=null}
21:20:59.967 [main] DEBUG org.hibernate.SQL - insert into LogEntries (logCode, message, primaryUser, secondaryUser, time, id) values (?, ?, ?, ?, ?, ?)
Hibernate: insert into LogEntries (logCode, message, primaryUser, secondaryUser, time, id) values (?, ?, ?, ?, ?, ?)
21:20:59.970 [main] DEBUG o.h.e.j.internal.JdbcCoordinatorImpl - HHH000420: Closing un-released batch
21:20:59.971 [main] DEBUG o.h.e.t.internal.TransactionImpl - begin
21:20:59.971 [main] DEBUG org.hibernate.SQL - select next_val as id_val from hibernate_sequence for update
Hibernate: select next_val as id_val from hibernate_sequence for update
21:20:59.972 [main] DEBUG org.hibernate.SQL - update hibernate_sequence set next_val= ? where next_val=?
Hibernate: update hibernate_sequence set next_val= ? where next_val=?
21:20:59.974 [main] DEBUG o.h.e.i.AbstractSaveEventListener - Generated identifier: 372, using strategy: org.hibernate.id.enhanced.SequenceStyleGenerator
21:20:59.976 [main] DEBUG o.h.e.t.internal.TransactionImpl - committing
21:20:59.976 [main] DEBUG o.h.e.i.AbstractFlushingEventListener - Processing flush-time cascades
21:20:59.976 [main] DEBUG o.h.e.i.AbstractFlushingEventListener - Dirty checking collections
21:20:59.976 [main] DEBUG o.h.e.i.AbstractFlushingEventListener - Flushed: 1 insertions, 0 updates, 0 deletions to 1 objects
21:20:59.976 [main] DEBUG o.h.e.i.AbstractFlushingEventListener - Flushed: 0 (re)creations, 0 updates, 0 removals to 0 collections
21:20:59.977 [main] DEBUG o.h.internal.util.EntityPrinter - Listing entities:
21:20:59.977 [main] DEBUG o.h.internal.util.EntityPrinter - edu.ncsu.csc.itrust2.models.persistent.LogEntry{secondaryUser=null, logCode=5, primaryUser=logapitest, id=372, time=java.util.GregorianCalendar[time=1521667259970,areFieldsSet=true,areAllFieldsSet=true,lenient=true,zone=sun.util.calendar.ZoneInfo[id="Etc/UTC",offset=0,dstSavings=0,useDaylight=false,transitions=0,lastRule=null],firstDayOfWeek=1,minimalDaysInFirstWeek=1,ERA=1,YEAR=2018,MONTH=2,WEEK_OF_YEAR=12,WEEK_OF_MONTH=4,DAY_OF_MONTH=21,DAY_OF_YEAR=80,DAY_OF_WEEK=4,DAY_OF_WEEK_IN_MONTH=3,AM_PM=1,HOUR=9,HOUR_OF_DAY=21,MINUTE=20,SECOND=59,MILLISECOND=970,ZONE_OFFSET=0,DST_OFFSET=0], message=null}
21:20:59.978 [main] DEBUG org.hibernate.SQL - insert into LogEntries (logCode, message, primaryUser, secondaryUser, time, id) values (?, ?, ?, ?, ?, ?)
Hibernate: insert into LogEntries (logCode, message, primaryUser, secondaryUser, time, id) values (?, ?, ?, ?, ?, ?)
21:20:59.988 [main] DEBUG o.h.e.j.internal.JdbcCoordinatorImpl - HHH000420: Closing un-released batch
21:20:59.989 [main] DEBUG o.h.e.t.internal.TransactionImpl - begin
21:20:59.990 [main] DEBUG org.hibernate.SQL - select next_val as id_val from hibernate_sequence for update
Hibernate: select next_val as id_val from hibernate_sequence for update
21:20:59.991 [main] DEBUG org.hibernate.SQL - update hibernate_sequence set next_val= ? where next_val=?
Hibernate: update hibernate_sequence set next_val= ? where next_val=?
21:20:59.993 [main] DEBUG o.h.e.i.AbstractSaveEventListener - Generated identifier: 373, using strategy: org.hibernate.id.enhanced.SequenceStyleGenerator
21:20:59.994 [main] DEBUG o.h.e.t.internal.TransactionImpl - committing
21:20:59.994 [main] DEBUG o.h.e.i.AbstractFlushingEventListener - Processing flush-time cascades
21:20:59.994 [main] DEBUG o.h.e.i.AbstractFlushingEventListener - Dirty checking collections
21:20:59.995 [main] DEBUG o.h.e.i.AbstractFlushingEventListener - Flushed: 1 insertions, 0 updates, 0 deletions to 1 objects
21:20:59.995 [main] DEBUG o.h.e.i.AbstractFlushingEventListener - Flushed: 0 (re)creations, 0 updates, 0 removals to 0 collections
21:20:59.995 [main] DEBUG o.h.internal.util.EntityPrinter - Listing entities:
21:20:59.995 [main] DEBUG o.h.internal.util.EntityPrinter - edu.ncsu.csc.itrust2.models.persistent.LogEntry{secondaryUser=null, logCode=5, primaryUser=logapitest, id=373, time=java.util.GregorianCalendar[time=1521667259989,areFieldsSet=true,areAllFieldsSet=true,lenient=true,zone=sun.util.calendar.ZoneInfo[id="Etc/UTC",offset=0,dstSavings=0,useDaylight=false,transitions=0,lastRule=null],firstDayOfWeek=1,minimalDaysInFirstWeek=1,ERA=1,YEAR=2018,MONTH=2,WEEK_OF_YEAR=12,WEEK_OF_MONTH=4,DAY_OF_MONTH=21,DAY_OF_YEAR=80,DAY_OF_WEEK=4,DAY_OF_WEEK_IN_MONTH=3,AM_PM=1,HOUR=9,HOUR_OF_DAY=21,MINUTE=20,SECOND=59,MILLISECOND=989,ZONE_OFFSET=0,DST_OFFSET=0], message=null}
21:20:59.996 [main] DEBUG org.hibernate.SQL - insert into LogEntries (logCode, message, primaryUser, secondaryUser, time, id) values (?, ?, ?, ?, ?, ?)
Hibernate: insert into LogEntries (logCode, message, primaryUser, secondaryUser, time, id) values (?, ?, ?, ?, ?, ?)
21:20:59.999 [main] DEBUG o.h.e.j.internal.JdbcCoordinatorImpl - HHH000420: Closing un-released batch
21:21:00.000 [main] DEBUG o.h.e.t.internal.TransactionImpl - begin
21:21:00.000 [main] DEBUG org.hibernate.SQL - select next_val as id_val from hibernate_sequence for update
Hibernate: select next_val as id_val from hibernate_sequence for update
21:21:00.004 [main] DEBUG org.hibernate.SQL - update hibernate_sequence set next_val= ? where next_val=?
Hibernate: update hibernate_sequence set next_val= ? where next_val=?
21:21:00.006 [main] DEBUG o.h.e.i.AbstractSaveEventListener - Generated identifier: 374, using strategy: org.hibernate.id.enhanced.SequenceStyleGenerator
21:21:00.007 [main] DEBUG o.h.e.t.internal.TransactionImpl - committing
21:21:00.007 [main] DEBUG o.h.e.i.AbstractFlushingEventListener - Processing flush-time cascades
21:21:00.007 [main] DEBUG o.h.e.i.AbstractFlushingEventListener - Dirty checking collections
21:21:00.008 [main] DEBUG o.h.e.i.AbstractFlushingEventListener - Flushed: 1 insertions, 0 updates, 0 deletions to 1 objects
21:21:00.008 [main] DEBUG o.h.e.i.AbstractFlushingEventListener - Flushed: 0 (re)creations, 0 updates, 0 removals to 0 collections
21:21:00.008 [main] DEBUG o.h.internal.util.EntityPrinter - Listing entities:
21:21:00.008 [main] DEBUG o.h.internal.util.EntityPrinter - edu.ncsu.csc.itrust2.models.persistent.LogEntry{secondaryUser=null, logCode=5, primaryUser=logapitest, id=374, time=java.util.GregorianCalendar[time=1521667259999,areFieldsSet=true,areAllFieldsSet=true,lenient=true,zone=sun.util.calendar.ZoneInfo[id="Etc/UTC",offset=0,dstSavings=0,useDaylight=false,transitions=0,lastRule=null],firstDayOfWeek=1,minimalDaysInFirstWeek=1,ERA=1,YEAR=2018,MONTH=2,WEEK_OF_YEAR=12,WEEK_OF_MONTH=4,DAY_OF_MONTH=21,DAY_OF_YEAR=80,DAY_OF_WEEK=4,DAY_OF_WEEK_IN_MONTH=3,AM_PM=1,HOUR=9,HOUR_OF_DAY=21,MINUTE=20,SECOND=59,MILLISECOND=999,ZONE_OFFSET=0,DST_OFFSET=0], message=null}
21:21:00.009 [main] DEBUG org.hibernate.SQL - insert into LogEntries (logCode, message, primaryUser, secondaryUser, time, id) values (?, ?, ?, ?, ?, ?)
Hibernate: insert into LogEntries (logCode, message, primaryUser, secondaryUser, time, id) values (?, ?, ?, ?, ?, ?)
21:21:00.012 [main] DEBUG o.h.e.j.internal.JdbcCoordinatorImpl - HHH000420: Closing un-released batch
21:21:00.013 [main] DEBUG o.h.e.t.internal.TransactionImpl - begin
21:21:00.014 [main] DEBUG org.hibernate.SQL - select next_val as id_val from hibernate_sequence for update
Hibernate: select next_val as id_val from hibernate_sequence for update
21:21:00.015 [main] DEBUG org.hibernate.SQL - update hibernate_sequence set next_val= ? where next_val=?
Hibernate: update hibernate_sequence set next_val= ? where next_val=?
21:21:00.016 [main] DEBUG o.h.e.i.AbstractSaveEventListener - Generated identifier: 375, using strategy: org.hibernate.id.enhanced.SequenceStyleGenerator
21:21:00.019 [main] DEBUG o.h.e.t.internal.TransactionImpl - committing
21:21:00.020 [main] DEBUG o.h.e.i.AbstractFlushingEventListener - Processing flush-time cascades
21:21:00.020 [main] DEBUG o.h.e.i.AbstractFlushingEventListener - Dirty checking collections
21:21:00.020 [main] DEBUG o.h.e.i.AbstractFlushingEventListener - Flushed: 1 insertions, 0 updates, 0 deletions to 1 objects
21:21:00.020 [main] DEBUG o.h.e.i.AbstractFlushingEventListener - Flushed: 0 (re)creations, 0 updates, 0 removals to 0 collections
21:21:00.020 [main] DEBUG o.h.internal.util.EntityPrinter - Listing entities:
21:21:00.020 [main] DEBUG o.h.internal.util.EntityPrinter - edu.ncsu.csc.itrust2.models.persistent.LogEntry{secondaryUser=null, logCode=5, primaryUser=logapitest, id=375, time=java.util.GregorianCalendar[time=1521667260013,areFieldsSet=true,areAllFieldsSet=true,lenient=true,zone=sun.util.calendar.ZoneInfo[id="Etc/UTC",offset=0,dstSavings=0,useDaylight=false,transitions=0,lastRule=null],firstDayOfWeek=1,minimalDaysInFirstWeek=1,ERA=1,YEAR=2018,MONTH=2,WEEK_OF_YEAR=12,WEEK_OF_MONTH=4,DAY_OF_MONTH=21,DAY_OF_YEAR=80,DAY_OF_WEEK=4,DAY_OF_WEEK_IN_MONTH=3,AM_PM=1,HOUR=9,HOUR_OF_DAY=21,MINUTE=21,SECOND=0,MILLISECOND=13,ZONE_OFFSET=0,DST_OFFSET=0], message=null}
21:21:00.032 [main] DEBUG org.hibernate.SQL - insert into LogEntries (logCode, message, primaryUser, secondaryUser, time, id) values (?, ?, ?, ?, ?, ?)
Hibernate: insert into LogEntries (logCode, message, primaryUser, secondaryUser, time, id) values (?, ?, ?, ?, ?, ?)
21:21:00.036 [main] DEBUG o.h.e.j.internal.JdbcCoordinatorImpl - HHH000420: Closing un-released batch
21:21:00.038 [main] DEBUG o.h.e.t.internal.TransactionImpl - begin
21:21:00.039 [main] DEBUG org.hibernate.SQL - select next_val as id_val from hibernate_sequence for update
Hibernate: select next_val as id_val from hibernate_sequence for update
21:21:00.039 [main] DEBUG org.hibernate.SQL - update hibernate_sequence set next_val= ? where next_val=?
Hibernate: update hibernate_sequence set next_val= ? where next_val=?
21:21:00.041 [main] DEBUG o.h.e.i.AbstractSaveEventListener - Generated identifier: 376, using strategy: org.hibernate.id.enhanced.SequenceStyleGenerator
21:21:00.041 [main] DEBUG o.h.e.t.internal.TransactionImpl - committing
21:21:00.041 [main] DEBUG o.h.e.i.AbstractFlushingEventListener - Processing flush-time cascades
21:21:00.041 [main] DEBUG o.h.e.i.AbstractFlushingEventListener - Dirty checking collections
21:21:00.042 [main] DEBUG o.h.e.i.AbstractFlushingEventListener - Flushed: 1 insertions, 0 updates, 0 deletions to 1 objects
21:21:00.042 [main] DEBUG o.h.e.i.AbstractFlushingEventListener - Flushed: 0 (re)creations, 0 updates, 0 removals to 0 collections
21:21:00.042 [main] DEBUG o.h.internal.util.EntityPrinter - Listing entities:
21:21:00.042 [main] DEBUG o.h.internal.util.EntityPrinter - edu.ncsu.csc.itrust2.models.persistent.LogEntry{secondaryUser=null, logCode=5, primaryUser=logapitest, id=376, time=java.util.GregorianCalendar[time=1521667260038,areFieldsSet=true,areAllFieldsSet=true,lenient=true,zone=sun.util.calendar.ZoneInfo[id="Etc/UTC",offset=0,dstSavings=0,useDaylight=false,transitions=0,lastRule=null],firstDayOfWeek=1,minimalDaysInFirstWeek=1,ERA=1,YEAR=2018,MONTH=2,WEEK_OF_YEAR=12,WEEK_OF_MONTH=4,DAY_OF_MONTH=21,DAY_OF_YEAR=80,DAY_OF_WEEK=4,DAY_OF_WEEK_IN_MONTH=3,AM_PM=1,HOUR=9,HOUR_OF_DAY=21,MINUTE=21,SECOND=0,MILLISECOND=38,ZONE_OFFSET=0,DST_OFFSET=0], message=null}
21:21:00.042 [main] DEBUG org.hibernate.SQL - insert into LogEntries (logCode, message, primaryUser, secondaryUser, time, id) values (?, ?, ?, ?, ?, ?)
Hibernate: insert into LogEntries (logCode, message, primaryUser, secondaryUser, time, id) values (?, ?, ?, ?, ?, ?)
21:21:00.045 [main] DEBUG o.h.e.j.internal.JdbcCoordinatorImpl - HHH000420: Closing un-released batch
21:21:00.048 [main] DEBUG o.h.e.t.internal.TransactionImpl - begin
21:21:00.051 [main] DEBUG org.hibernate.SQL - select next_val as id_val from hibernate_sequence for update
Hibernate: select next_val as id_val from hibernate_sequence for update
21:21:00.055 [main] DEBUG org.hibernate.SQL - update hibernate_sequence set next_val= ? where next_val=?
Hibernate: update hibernate_sequence set next_val= ? where next_val=?
21:21:00.056 [main] DEBUG o.h.e.i.AbstractSaveEventListener - Generated identifier: 377, using strategy: org.hibernate.id.enhanced.SequenceStyleGenerator
21:21:00.057 [main] DEBUG o.h.e.t.internal.TransactionImpl - committing
21:21:00.057 [main] DEBUG o.h.e.i.AbstractFlushingEventListener - Processing flush-time cascades
21:21:00.057 [main] DEBUG o.h.e.i.AbstractFlushingEventListener - Dirty checking collections
21:21:00.057 [main] DEBUG o.h.e.i.AbstractFlushingEventListener - Flushed: 1 insertions, 0 updates, 0 deletions to 1 objects
21:21:00.057 [main] DEBUG o.h.e.i.AbstractFlushingEventListener - Flushed: 0 (re)creations, 0 updates, 0 removals to 0 collections
21:21:00.057 [main] DEBUG o.h.internal.util.EntityPrinter - Listing entities:
21:21:00.057 [main] DEBUG o.h.internal.util.EntityPrinter - edu.ncsu.csc.itrust2.models.persistent.LogEntry{secondaryUser=null, logCode=5, primaryUser=logapitest, id=377, time=java.util.GregorianCalendar[time=1521667260048,areFieldsSet=true,areAllFieldsSet=true,lenient=true,zone=sun.util.calendar.ZoneInfo[id="Etc/UTC",offset=0,dstSavings=0,useDaylight=false,transitions=0,lastRule=null],firstDayOfWeek=1,minimalDaysInFirstWeek=1,ERA=1,YEAR=2018,MONTH=2,WEEK_OF_YEAR=12,WEEK_OF_MONTH=4,DAY_OF_MONTH=21,DAY_OF_YEAR=80,DAY_OF_WEEK=4,DAY_OF_WEEK_IN_MONTH=3,AM_PM=1,HOUR=9,HOUR_OF_DAY=21,MINUTE=21,SECOND=0,MILLISECOND=48,ZONE_OFFSET=0,DST_OFFSET=0], message=null}
21:21:00.058 [main] DEBUG org.hibernate.SQL - insert into LogEntries (logCode, message, primaryUser, secondaryUser, time, id) values (?, ?, ?, ?, ?, ?)
Hibernate: insert into LogEntries (logCode, message, primaryUser, secondaryUser, time, id) values (?, ?, ?, ?, ?, ?)
21:21:00.059 [main] DEBUG o.h.e.j.internal.JdbcCoordinatorImpl - HHH000420: Closing un-released batch
21:21:00.059 [main] DEBUG o.h.e.t.internal.TransactionImpl - begin
21:21:00.066 [main] DEBUG org.hibernate.SQL - select next_val as id_val from hibernate_sequence for update
Hibernate: select next_val as id_val from hibernate_sequence for update
21:21:00.066 [main] DEBUG org.hibernate.SQL - update hibernate_sequence set next_val= ? where next_val=?
Hibernate: update hibernate_sequence set next_val= ? where next_val=?
21:21:00.067 [main] DEBUG o.h.e.i.AbstractSaveEventListener - Generated identifier: 378, using strategy: org.hibernate.id.enhanced.SequenceStyleGenerator
21:21:00.068 [main] DEBUG o.h.e.t.internal.TransactionImpl - committing
21:21:00.068 [main] DEBUG o.h.e.i.AbstractFlushingEventListener - Processing flush-time cascades
21:21:00.068 [main] DEBUG o.h.e.i.AbstractFlushingEventListener - Dirty checking collections
21:21:00.068 [main] DEBUG o.h.e.i.AbstractFlushingEventListener - Flushed: 1 insertions, 0 updates, 0 deletions to 1 objects
21:21:00.068 [main] DEBUG o.h.e.i.AbstractFlushingEventListener - Flushed: 0 (re)creations, 0 updates, 0 removals to 0 collections
21:21:00.068 [main] DEBUG o.h.internal.util.EntityPrinter - Listing entities:
21:21:00.068 [main] DEBUG o.h.internal.util.EntityPrinter - edu.ncsu.csc.itrust2.models.persistent.LogEntry{secondaryUser=null, logCode=5, primaryUser=logapitest, id=378, time=java.util.GregorianCalendar[time=1521667260059,areFieldsSet=true,areAllFieldsSet=true,lenient=true,zone=sun.util.calendar.ZoneInfo[id="Etc/UTC",offset=0,dstSavings=0,useDaylight=false,transitions=0,lastRule=null],firstDayOfWeek=1,minimalDaysInFirstWeek=1,ERA=1,YEAR=2018,MONTH=2,WEEK_OF_YEAR=12,WEEK_OF_MONTH=4,DAY_OF_MONTH=21,DAY_OF_YEAR=80,DAY_OF_WEEK=4,DAY_OF_WEEK_IN_MONTH=3,AM_PM=1,HOUR=9,HOUR_OF_DAY=21,MINUTE=21,SECOND=0,MILLISECOND=59,ZONE_OFFSET=0,DST_OFFSET=0], message=null}
21:21:00.069 [main] DEBUG org.hibernate.SQL - insert into LogEntries (logCode, message, primaryUser, secondaryUser, time, id) values (?, ?, ?, ?, ?, ?)
Hibernate: insert into LogEntries (logCode, message, primaryUser, secondaryUser, time, id) values (?, ?, ?, ?, ?, ?)
21:21:00.073 [main] DEBUG o.h.e.j.internal.JdbcCoordinatorImpl - HHH000420: Closing un-released batch
21:21:00.073 [main] DEBUG o.h.e.t.internal.TransactionImpl - begin
21:21:00.074 [main] DEBUG org.hibernate.SQL - select next_val as id_val from hibernate_sequence for update
Hibernate: select next_val as id_val from hibernate_sequence for update
21:21:00.074 [main] DEBUG org.hibernate.SQL - update hibernate_sequence set next_val= ? where next_val=?
Hibernate: update hibernate_sequence set next_val= ? where next_val=?
21:21:00.076 [main] DEBUG o.h.e.i.AbstractSaveEventListener - Generated identifier: 379, using strategy: org.hibernate.id.enhanced.SequenceStyleGenerator
21:21:00.076 [main] DEBUG o.h.e.t.internal.TransactionImpl - committing
21:21:00.076 [main] DEBUG o.h.e.i.AbstractFlushingEventListener - Processing flush-time cascades
21:21:00.076 [main] DEBUG o.h.e.i.AbstractFlushingEventListener - Dirty checking collections
21:21:00.077 [main] DEBUG o.h.e.i.AbstractFlushingEventListener - Flushed: 1 insertions, 0 updates, 0 deletions to 1 objects
21:21:00.077 [main] DEBUG o.h.e.i.AbstractFlushingEventListener - Flushed: 0 (re)creations, 0 updates, 0 removals to 0 collections
21:21:00.077 [main] DEBUG o.h.internal.util.EntityPrinter - Listing entities:
21:21:00.077 [main] DEBUG o.h.internal.util.EntityPrinter - edu.ncsu.csc.itrust2.models.persistent.LogEntry{secondaryUser=null, logCode=5, primaryUser=logapitest, id=379, time=java.util.GregorianCalendar[time=1521667260073,areFieldsSet=true,areAllFieldsSet=true,lenient=true,zone=sun.util.calendar.ZoneInfo[id="Etc/UTC",offset=0,dstSavings=0,useDaylight=false,transitions=0,lastRule=null],firstDayOfWeek=1,minimalDaysInFirstWeek=1,ERA=1,YEAR=2018,MONTH=2,WEEK_OF_YEAR=12,WEEK_OF_MONTH=4,DAY_OF_MONTH=21,DAY_OF_YEAR=80,DAY_OF_WEEK=4,DAY_OF_WEEK_IN_MONTH=3,AM_PM=1,HOUR=9,HOUR_OF_DAY=21,MINUTE=21,SECOND=0,MILLISECOND=73,ZONE_OFFSET=0,DST_OFFSET=0], message=null}
21:21:00.077 [main] DEBUG org.hibernate.SQL - insert into LogEntries (logCode, message, primaryUser, secondaryUser, time, id) values (?, ?, ?, ?, ?, ?)
Hibernate: insert into LogEntries (logCode, message, primaryUser, secondaryUser, time, id) values (?, ?, ?, ?, ?, ?)
21:21:00.078 [main] DEBUG o.h.e.j.internal.JdbcCoordinatorImpl - HHH000420: Closing un-released batch
21:21:00.079 [main] DEBUG o.h.e.t.internal.TransactionImpl - begin
21:21:00.083 [main] DEBUG org.hibernate.SQL - select next_val as id_val from hibernate_sequence for update
Hibernate: select next_val as id_val from hibernate_sequence for update
21:21:00.084 [main] DEBUG org.hibernate.SQL - update hibernate_sequence set next_val= ? where next_val=?
Hibernate: update hibernate_sequence set next_val= ? where next_val=?
21:21:00.085 [main] DEBUG o.h.e.i.AbstractSaveEventListener - Generated identifier: 380, using strategy: org.hibernate.id.enhanced.SequenceStyleGenerator
21:21:00.085 [main] DEBUG o.h.e.t.internal.TransactionImpl - committing
21:21:00.085 [main] DEBUG o.h.e.i.AbstractFlushingEventListener - Processing flush-time cascades
21:21:00.085 [main] DEBUG o.h.e.i.AbstractFlushingEventListener - Dirty checking collections
21:21:00.086 [main] DEBUG o.h.e.i.AbstractFlushingEventListener - Flushed: 1 insertions, 0 updates, 0 deletions to 1 objects
21:21:00.086 [main] DEBUG o.h.e.i.AbstractFlushingEventListener - Flushed: 0 (re)creations, 0 updates, 0 removals to 0 collections
21:21:00.086 [main] DEBUG o.h.internal.util.EntityPrinter - Listing entities:
21:21:00.086 [main] DEBUG o.h.internal.util.EntityPrinter - edu.ncsu.csc.itrust2.models.persistent.LogEntry{secondaryUser=null, logCode=5, primaryUser=logapitest, id=380, time=java.util.GregorianCalendar[time=1521667260079,areFieldsSet=true,areAllFieldsSet=true,lenient=true,zone=sun.util.calendar.ZoneInfo[id="Etc/UTC",offset=0,dstSavings=0,useDaylight=false,transitions=0,lastRule=null],firstDayOfWeek=1,minimalDaysInFirstWeek=1,ERA=1,YEAR=2018,MONTH=2,WEEK_OF_YEAR=12,WEEK_OF_MONTH=4,DAY_OF_MONTH=21,DAY_OF_YEAR=80,DAY_OF_WEEK=4,DAY_OF_WEEK_IN_MONTH=3,AM_PM=1,HOUR=9,HOUR_OF_DAY=21,MINUTE=21,SECOND=0,MILLISECOND=79,ZONE_OFFSET=0,DST_OFFSET=0], message=null}
21:21:00.086 [main] DEBUG org.hibernate.SQL - insert into LogEntries (logCode, message, primaryUser, secondaryUser, time, id) values (?, ?, ?, ?, ?, ?)
Hibernate: insert into LogEntries (logCode, message, primaryUser, secondaryUser, time, id) values (?, ?, ?, ?, ?, ?)
21:21:00.090 [main] DEBUG o.h.e.j.internal.JdbcCoordinatorImpl - HHH000420: Closing un-released batch
21:21:00.091 [main] DEBUG o.h.e.t.internal.TransactionImpl - begin
21:21:00.092 [main] DEBUG org.hibernate.SQL - select next_val as id_val from hibernate_sequence for update
Hibernate: select next_val as id_val from hibernate_sequence for update
21:21:00.094 [main] DEBUG org.hibernate.SQL - update hibernate_sequence set next_val= ? where next_val=?
Hibernate: update hibernate_sequence set next_val= ? where next_val=?
21:21:00.096 [main] DEBUG o.h.e.i.AbstractSaveEventListener - Generated identifier: 381, using strategy: org.hibernate.id.enhanced.SequenceStyleGenerator
21:21:00.096 [main] DEBUG o.h.e.t.internal.TransactionImpl - committing
21:21:00.097 [main] DEBUG o.h.e.i.AbstractFlushingEventListener - Processing flush-time cascades
21:21:00.097 [main] DEBUG o.h.e.i.AbstractFlushingEventListener - Dirty checking collections
21:21:00.097 [main] DEBUG o.h.e.i.AbstractFlushingEventListener - Flushed: 1 insertions, 0 updates, 0 deletions to 1 objects
21:21:00.097 [main] DEBUG o.h.e.i.AbstractFlushingEventListener - Flushed: 0 (re)creations, 0 updates, 0 removals to 0 collections
21:21:00.097 [main] DEBUG o.h.internal.util.EntityPrinter - Listing entities:
21:21:00.097 [main] DEBUG o.h.internal.util.EntityPrinter - edu.ncsu.csc.itrust2.models.persistent.LogEntry{secondaryUser=null, logCode=5, primaryUser=logapitest, id=381, time=java.util.GregorianCalendar[time=1521667260091,areFieldsSet=true,areAllFieldsSet=true,lenient=true,zone=sun.util.calendar.ZoneInfo[id="Etc/UTC",offset=0,dstSavings=0,useDaylight=false,transitions=0,lastRule=null],firstDayOfWeek=1,minimalDaysInFirstWeek=1,ERA=1,YEAR=2018,MONTH=2,WEEK_OF_YEAR=12,WEEK_OF_MONTH=4,DAY_OF_MONTH=21,DAY_OF_YEAR=80,DAY_OF_WEEK=4,DAY_OF_WEEK_IN_MONTH=3,AM_PM=1,HOUR=9,HOUR_OF_DAY=21,MINUTE=21,SECOND=0,MILLISECOND=91,ZONE_OFFSET=0,DST_OFFSET=0], message=null}
21:21:00.098 [main] DEBUG org.hibernate.SQL - insert into LogEntries (logCode, message, primaryUser, secondaryUser, time, id) values (?, ?, ?, ?, ?, ?)
Hibernate: insert into LogEntries (logCode, message, primaryUser, secondaryUser, time, id) values (?, ?, ?, ?, ?, ?)
21:21:00.103 [main] DEBUG o.h.e.j.internal.JdbcCoordinatorImpl - HHH000420: Closing un-released batch
21:21:00.103 [main] DEBUG o.h.e.t.internal.TransactionImpl - begin
21:21:00.107 [main] DEBUG org.hibernate.SQL - select next_val as id_val from hibernate_sequence for update
Hibernate: select next_val as id_val from hibernate_sequence for update
21:21:00.109 [main] DEBUG org.hibernate.SQL - update hibernate_sequence set next_val= ? where next_val=?
Hibernate: update hibernate_sequence set next_val= ? where next_val=?
21:21:00.111 [main] DEBUG o.h.e.i.AbstractSaveEventListener - Generated identifier: 382, using strategy: org.hibernate.id.enhanced.SequenceStyleGenerator
21:21:00.112 [main] DEBUG o.h.e.t.internal.TransactionImpl - committing
21:21:00.112 [main] DEBUG o.h.e.i.AbstractFlushingEventListener - Processing flush-time cascades
21:21:00.112 [main] DEBUG o.h.e.i.AbstractFlushingEventListener - Dirty checking collections
21:21:00.112 [main] DEBUG o.h.e.i.AbstractFlushingEventListener - Flushed: 1 insertions, 0 updates, 0 deletions to 1 objects
21:21:00.112 [main] DEBUG o.h.e.i.AbstractFlushingEventListener - Flushed: 0 (re)creations, 0 updates, 0 removals to 0 collections
21:21:00.112 [main] DEBUG o.h.internal.util.EntityPrinter - Listing entities:
21:21:00.112 [main] DEBUG o.h.internal.util.EntityPrinter - edu.ncsu.csc.itrust2.models.persistent.LogEntry{secondaryUser=null, logCode=5, primaryUser=logapitest, id=382, time=java.util.GregorianCalendar[time=1521667260103,areFieldsSet=true,areAllFieldsSet=true,lenient=true,zone=sun.util.calendar.ZoneInfo[id="Etc/UTC",offset=0,dstSavings=0,useDaylight=false,transitions=0,lastRule=null],firstDayOfWeek=1,minimalDaysInFirstWeek=1,ERA=1,YEAR=2018,MONTH=2,WEEK_OF_YEAR=12,WEEK_OF_MONTH=4,DAY_OF_MONTH=21,DAY_OF_YEAR=80,DAY_OF_WEEK=4,DAY_OF_WEEK_IN_MONTH=3,AM_PM=1,HOUR=9,HOUR_OF_DAY=21,MINUTE=21,SECOND=0,MILLISECOND=103,ZONE_OFFSET=0,DST_OFFSET=0], message=null}
21:21:00.113 [main] DEBUG org.hibernate.SQL - insert into LogEntries (logCode, message, primaryUser, secondaryUser, time, id) values (?, ?, ?, ?, ?, ?)
Hibernate: insert into LogEntries (logCode, message, primaryUser, secondaryUser, time, id) values (?, ?, ?, ?, ?, ?)
21:21:00.121 [main] DEBUG o.h.e.j.internal.JdbcCoordinatorImpl - HHH000420: Closing un-released batch
21:21:00.122 [main] DEBUG o.h.e.t.internal.TransactionImpl - begin
21:21:00.124 [main] DEBUG org.hibernate.SQL - select next_val as id_val from hibernate_sequence for update
Hibernate: select next_val as id_val from hibernate_sequence for update
21:21:00.127 [main] DEBUG org.hibernate.SQL - update hibernate_sequence set next_val= ? where next_val=?
Hibernate: update hibernate_sequence set next_val= ? where next_val=?
21:21:00.129 [main] DEBUG o.h.e.i.AbstractSaveEventListener - Generated identifier: 383, using strategy: org.hibernate.id.enhanced.SequenceStyleGenerator
21:21:00.129 [main] DEBUG o.h.e.t.internal.TransactionImpl - committing
21:21:00.129 [main] DEBUG o.h.e.i.AbstractFlushingEventListener - Processing flush-time cascades
21:21:00.129 [main] DEBUG o.h.e.i.AbstractFlushingEventListener - Dirty checking collections
21:21:00.129 [main] DEBUG o.h.e.i.AbstractFlushingEventListener - Flushed: 1 insertions, 0 updates, 0 deletions to 1 objects
21:21:00.129 [main] DEBUG o.h.e.i.AbstractFlushingEventListener - Flushed: 0 (re)creations, 0 updates, 0 removals to 0 collections
21:21:00.130 [main] DEBUG o.h.internal.util.EntityPrinter - Listing entities:
21:21:00.130 [main] DEBUG o.h.internal.util.EntityPrinter - edu.ncsu.csc.itrust2.models.persistent.LogEntry{secondaryUser=null, logCode=5, primaryUser=logapitest, id=383, time=java.util.GregorianCalendar[time=1521667260121,areFieldsSet=true,areAllFieldsSet=true,lenient=true,zone=sun.util.calendar.ZoneInfo[id="Etc/UTC",offset=0,dstSavings=0,useDaylight=false,transitions=0,lastRule=null],firstDayOfWeek=1,minimalDaysInFirstWeek=1,ERA=1,YEAR=2018,MONTH=2,WEEK_OF_YEAR=12,WEEK_OF_MONTH=4,DAY_OF_MONTH=21,DAY_OF_YEAR=80,DAY_OF_WEEK=4,DAY_OF_WEEK_IN_MONTH=3,AM_PM=1,HOUR=9,HOUR_OF_DAY=21,MINUTE=21,SECOND=0,MILLISECOND=121,ZONE_OFFSET=0,DST_OFFSET=0], message=null}
21:21:00.130 [main] DEBUG org.hibernate.SQL - insert into LogEntries (logCode, message, primaryUser, secondaryUser, time, id) values (?, ?, ?, ?, ?, ?)
Hibernate: insert into LogEntries (logCode, message, primaryUser, secondaryUser, time, id) values (?, ?, ?, ?, ?, ?)
21:21:00.131 [main] DEBUG o.h.e.j.internal.JdbcCoordinatorImpl - HHH000420: Closing un-released batch
21:21:00.132 [main] DEBUG o.h.e.t.internal.TransactionImpl - begin
21:21:00.138 [main] DEBUG org.hibernate.SQL - select next_val as id_val from hibernate_sequence for update
Hibernate: select next_val as id_val from hibernate_sequence for update
21:21:00.139 [main] DEBUG org.hibernate.SQL - update hibernate_sequence set next_val= ? where next_val=?
Hibernate: update hibernate_sequence set next_val= ? where next_val=?
21:21:00.140 [main] DEBUG o.h.e.i.AbstractSaveEventListener - Generated identifier: 384, using strategy: org.hibernate.id.enhanced.SequenceStyleGenerator
21:21:00.141 [main] DEBUG o.h.e.t.internal.TransactionImpl - committing
21:21:00.141 [main] DEBUG o.h.e.i.AbstractFlushingEventListener - Processing flush-time cascades
21:21:00.141 [main] DEBUG o.h.e.i.AbstractFlushingEventListener - Dirty checking collections
21:21:00.141 [main] DEBUG o.h.e.i.AbstractFlushingEventListener - Flushed: 1 insertions, 0 updates, 0 deletions to 1 objects
21:21:00.141 [main] DEBUG o.h.e.i.AbstractFlushingEventListener - Flushed: 0 (re)creations, 0 updates, 0 removals to 0 collections
21:21:00.142 [main] DEBUG o.h.internal.util.EntityPrinter - Listing entities:
21:21:00.142 [main] DEBUG o.h.internal.util.EntityPrinter - edu.ncsu.csc.itrust2.models.persistent.LogEntry{secondaryUser=null, logCode=5, primaryUser=logapitest, id=384, time=java.util.GregorianCalendar[time=1521667260132,areFieldsSet=true,areAllFieldsSet=true,lenient=true,zone=sun.util.calendar.ZoneInfo[id="Etc/UTC",offset=0,dstSavings=0,useDaylight=false,transitions=0,lastRule=null],firstDayOfWeek=1,minimalDaysInFirstWeek=1,ERA=1,YEAR=2018,MONTH=2,WEEK_OF_YEAR=12,WEEK_OF_MONTH=4,DAY_OF_MONTH=21,DAY_OF_YEAR=80,DAY_OF_WEEK=4,DAY_OF_WEEK_IN_MONTH=3,AM_PM=1,HOUR=9,HOUR_OF_DAY=21,MINUTE=21,SECOND=0,MILLISECOND=132,ZONE_OFFSET=0,DST_OFFSET=0], message=null}
21:21:00.143 [main] DEBUG org.hibernate.SQL - insert into LogEntries (logCode, message, primaryUser, secondaryUser, time, id) values (?, ?, ?, ?, ?, ?)
Hibernate: insert into LogEntries (logCode, message, primaryUser, secondaryUser, time, id) values (?, ?, ?, ?, ?, ?)
21:21:00.148 [main] DEBUG o.h.e.j.internal.JdbcCoordinatorImpl - HHH000420: Closing un-released batch
21:21:00.148 [main] DEBUG o.h.e.t.internal.TransactionImpl - begin
21:21:00.150 [main] DEBUG org.hibernate.SQL - select next_val as id_val from hibernate_sequence for update
Hibernate: select next_val as id_val from hibernate_sequence for update
21:21:00.151 [main] DEBUG org.hibernate.SQL - update hibernate_sequence set next_val= ? where next_val=?
Hibernate: update hibernate_sequence set next_val= ? where next_val=?
21:21:00.152 [main] DEBUG o.h.e.i.AbstractSaveEventListener - Generated identifier: 385, using strategy: org.hibernate.id.enhanced.SequenceStyleGenerator
21:21:00.152 [main] DEBUG o.h.e.t.internal.TransactionImpl - committing
21:21:00.153 [main] DEBUG o.h.e.i.AbstractFlushingEventListener - Processing flush-time cascades
21:21:00.153 [main] DEBUG o.h.e.i.AbstractFlushingEventListener - Dirty checking collections
21:21:00.153 [main] DEBUG o.h.e.i.AbstractFlushingEventListener - Flushed: 1 insertions, 0 updates, 0 deletions to 1 objects
21:21:00.153 [main] DEBUG o.h.e.i.AbstractFlushingEventListener - Flushed: 0 (re)creations, 0 updates, 0 removals to 0 collections
21:21:00.153 [main] DEBUG o.h.internal.util.EntityPrinter - Listing entities:
21:21:00.153 [main] DEBUG o.h.internal.util.EntityPrinter - edu.ncsu.csc.itrust2.models.persistent.LogEntry{secondaryUser=null, logCode=5, primaryUser=logapitest, id=385, time=java.util.GregorianCalendar[time=1521667260148,areFieldsSet=true,areAllFieldsSet=true,lenient=true,zone=sun.util.calendar.ZoneInfo[id="Etc/UTC",offset=0,dstSavings=0,useDaylight=false,transitions=0,lastRule=null],firstDayOfWeek=1,minimalDaysInFirstWeek=1,ERA=1,YEAR=2018,MONTH=2,WEEK_OF_YEAR=12,WEEK_OF_MONTH=4,DAY_OF_MONTH=21,DAY_OF_YEAR=80,DAY_OF_WEEK=4,DAY_OF_WEEK_IN_MONTH=3,AM_PM=1,HOUR=9,HOUR_OF_DAY=21,MINUTE=21,SECOND=0,MILLISECOND=148,ZONE_OFFSET=0,DST_OFFSET=0], message=null}
21:21:00.154 [main] DEBUG org.hibernate.SQL - insert into LogEntries (logCode, message, primaryUser, secondaryUser, time, id) values (?, ?, ?, ?, ?, ?)
Hibernate: insert into LogEntries (logCode, message, primaryUser, secondaryUser, time, id) values (?, ?, ?, ?, ?, ?)
21:21:00.156 [main] DEBUG o.h.e.j.internal.JdbcCoordinatorImpl - HHH000420: Closing un-released batch
21:21:00.162 [main] DEBUG o.h.e.t.internal.TransactionImpl - begin
21:21:00.167 [main] DEBUG org.hibernate.SQL - select next_val as id_val from hibernate_sequence for update
Hibernate: select next_val as id_val from hibernate_sequence for update
21:21:00.167 [main] DEBUG org.hibernate.SQL - update hibernate_sequence set next_val= ? where next_val=?
Hibernate: update hibernate_sequence set next_val= ? where next_val=?
21:21:00.168 [main] DEBUG o.h.e.i.AbstractSaveEventListener - Generated identifier: 386, using strategy: org.hibernate.id.enhanced.SequenceStyleGenerator
21:21:00.168 [main] DEBUG o.h.e.t.internal.TransactionImpl - committing
21:21:00.169 [main] DEBUG o.h.e.i.AbstractFlushingEventListener - Processing flush-time cascades
21:21:00.169 [main] DEBUG o.h.e.i.AbstractFlushingEventListener - Dirty checking collections
21:21:00.169 [main] DEBUG o.h.e.i.AbstractFlushingEventListener - Flushed: 1 insertions, 0 updates, 0 deletions to 1 objects
21:21:00.169 [main] DEBUG o.h.e.i.AbstractFlushingEventListener - Flushed: 0 (re)creations, 0 updates, 0 removals to 0 collections
21:21:00.169 [main] DEBUG o.h.internal.util.EntityPrinter - Listing entities:
21:21:00.169 [main] DEBUG o.h.internal.util.EntityPrinter - edu.ncsu.csc.itrust2.models.persistent.LogEntry{secondaryUser=null, logCode=5, primaryUser=logapitest, id=386, time=java.util.GregorianCalendar[time=1521667260162,areFieldsSet=true,areAllFieldsSet=true,lenient=true,zone=sun.util.calendar.ZoneInfo[id="Etc/UTC",offset=0,dstSavings=0,useDaylight=false,transitions=0,lastRule=null],firstDayOfWeek=1,minimalDaysInFirstWeek=1,ERA=1,YEAR=2018,MONTH=2,WEEK_OF_YEAR=12,WEEK_OF_MONTH=4,DAY_OF_MONTH=21,DAY_OF_YEAR=80,DAY_OF_WEEK=4,DAY_OF_WEEK_IN_MONTH=3,AM_PM=1,HOUR=9,HOUR_OF_DAY=21,MINUTE=21,SECOND=0,MILLISECOND=162,ZONE_OFFSET=0,DST_OFFSET=0], message=null}
21:21:00.170 [main] DEBUG org.hibernate.SQL - insert into LogEntries (logCode, message, primaryUser, secondaryUser, time, id) values (?, ?, ?, ?, ?, ?)
Hibernate: insert into LogEntries (logCode, message, primaryUser, secondaryUser, time, id) values (?, ?, ?, ?, ?, ?)
21:21:00.171 [main] DEBUG o.h.e.j.internal.JdbcCoordinatorImpl - HHH000420: Closing un-released batch
21:21:00.172 [main] DEBUG o.h.e.t.internal.TransactionImpl - begin
21:21:00.175 [main] DEBUG org.hibernate.SQL - select next_val as id_val from hibernate_sequence for update
Hibernate: select next_val as id_val from hibernate_sequence for update
21:21:00.178 [main] DEBUG org.hibernate.SQL - update hibernate_sequence set next_val= ? where next_val=?
Hibernate: update hibernate_sequence set next_val= ? where next_val=?
21:21:00.179 [main] DEBUG o.h.e.i.AbstractSaveEventListener - Generated identifier: 387, using strategy: org.hibernate.id.enhanced.SequenceStyleGenerator
21:21:00.180 [main] DEBUG o.h.e.t.internal.TransactionImpl - committing
21:21:00.180 [main] DEBUG o.h.e.i.AbstractFlushingEventListener - Processing flush-time cascades
21:21:00.180 [main] DEBUG o.h.e.i.AbstractFlushingEventListener - Dirty checking collections
21:21:00.180 [main] DEBUG o.h.e.i.AbstractFlushingEventListener - Flushed: 1 insertions, 0 updates, 0 deletions to 1 objects
21:21:00.180 [main] DEBUG o.h.e.i.AbstractFlushingEventListener - Flushed: 0 (re)creations, 0 updates, 0 removals to 0 collections
21:21:00.180 [main] DEBUG o.h.internal.util.EntityPrinter - Listing entities:
21:21:00.180 [main] DEBUG o.h.internal.util.EntityPrinter - edu.ncsu.csc.itrust2.models.persistent.LogEntry{secondaryUser=null, logCode=5, primaryUser=logapitest, id=387, time=java.util.GregorianCalendar[time=1521667260171,areFieldsSet=true,areAllFieldsSet=true,lenient=true,zone=sun.util.calendar.ZoneInfo[id="Etc/UTC",offset=0,dstSavings=0,useDaylight=false,transitions=0,lastRule=null],firstDayOfWeek=1,minimalDaysInFirstWeek=1,ERA=1,YEAR=2018,MONTH=2,WEEK_OF_YEAR=12,WEEK_OF_MONTH=4,DAY_OF_MONTH=21,DAY_OF_YEAR=80,DAY_OF_WEEK=4,DAY_OF_WEEK_IN_MONTH=3,AM_PM=1,HOUR=9,HOUR_OF_DAY=21,MINUTE=21,SECOND=0,MILLISECOND=171,ZONE_OFFSET=0,DST_OFFSET=0], message=null}
21:21:00.180 [main] DEBUG org.hibernate.SQL - insert into LogEntries (logCode, message, primaryUser, secondaryUser, time, id) values (?, ?, ?, ?, ?, ?)
Hibernate: insert into LogEntries (logCode, message, primaryUser, secondaryUser, time, id) values (?, ?, ?, ?, ?, ?)
21:21:00.182 [main] DEBUG o.h.e.j.internal.JdbcCoordinatorImpl - HHH000420: Closing un-released batch
21:21:00.182 [main] DEBUG o.h.e.t.internal.TransactionImpl - begin
21:21:00.185 [main] DEBUG org.hibernate.SQL - select next_val as id_val from hibernate_sequence for update
Hibernate: select next_val as id_val from hibernate_sequence for update
21:21:00.185 [main] DEBUG org.hibernate.SQL - update hibernate_sequence set next_val= ? where next_val=?
Hibernate: update hibernate_sequence set next_val= ? where next_val=?
21:21:00.187 [main] DEBUG o.h.e.i.AbstractSaveEventListener - Generated identifier: 388, using strategy: org.hibernate.id.enhanced.SequenceStyleGenerator
21:21:00.187 [main] DEBUG o.h.e.t.internal.TransactionImpl - committing
21:21:00.187 [main] DEBUG o.h.e.i.AbstractFlushingEventListener - Processing flush-time cascades
21:21:00.187 [main] DEBUG o.h.e.i.AbstractFlushingEventListener - Dirty checking collections
21:21:00.188 [main] DEBUG o.h.e.i.AbstractFlushingEventListener - Flushed: 1 insertions, 0 updates, 0 deletions to 1 objects
21:21:00.188 [main] DEBUG o.h.e.i.AbstractFlushingEventListener - Flushed: 0 (re)creations, 0 updates, 0 removals to 0 collections
21:21:00.188 [main] DEBUG o.h.internal.util.EntityPrinter - Listing entities:
21:21:00.188 [main] DEBUG o.h.internal.util.EntityPrinter - edu.ncsu.csc.itrust2.models.persistent.LogEntry{secondaryUser=null, logCode=5, primaryUser=logapitest, id=388, time=java.util.GregorianCalendar[time=1521667260182,areFieldsSet=true,areAllFieldsSet=true,lenient=true,zone=sun.util.calendar.ZoneInfo[id="Etc/UTC",offset=0,dstSavings=0,useDaylight=false,transitions=0,lastRule=null],firstDayOfWeek=1,minimalDaysInFirstWeek=1,ERA=1,YEAR=2018,MONTH=2,WEEK_OF_YEAR=12,WEEK_OF_MONTH=4,DAY_OF_MONTH=21,DAY_OF_YEAR=80,DAY_OF_WEEK=4,DAY_OF_WEEK_IN_MONTH=3,AM_PM=1,HOUR=9,HOUR_OF_DAY=21,MINUTE=21,SECOND=0,MILLISECOND=182,ZONE_OFFSET=0,DST_OFFSET=0], message=null}
21:21:00.189 [main] DEBUG org.hibernate.SQL - insert into LogEntries (logCode, message, primaryUser, secondaryUser, time, id) values (?, ?, ?, ?, ?, ?)
Hibernate: insert into LogEntries (logCode, message, primaryUser, secondaryUser, time, id) values (?, ?, ?, ?, ?, ?)
21:21:00.194 [main] DEBUG o.h.e.j.internal.JdbcCoordinatorImpl - HHH000420: Closing un-released batch
21:21:00.195 [main] DEBUG o.h.e.t.internal.TransactionImpl - begin
21:21:00.195 [main] DEBUG org.hibernate.SQL - select next_val as id_val from hibernate_sequence for update
Hibernate: select next_val as id_val from hibernate_sequence for update
21:21:00.196 [main] DEBUG org.hibernate.SQL - update hibernate_sequence set next_val= ? where next_val=?
Hibernate: update hibernate_sequence set next_val= ? where next_val=?
21:21:00.197 [main] DEBUG o.h.e.i.AbstractSaveEventListener - Generated identifier: 389, using strategy: org.hibernate.id.enhanced.SequenceStyleGenerator
21:21:00.197 [main] DEBUG o.h.e.t.internal.TransactionImpl - committing
21:21:00.197 [main] DEBUG o.h.e.i.AbstractFlushingEventListener - Processing flush-time cascades
21:21:00.197 [main] DEBUG o.h.e.i.AbstractFlushingEventListener - Dirty checking collections
21:21:00.197 [main] DEBUG o.h.e.i.AbstractFlushingEventListener - Flushed: 1 insertions, 0 updates, 0 deletions to 1 objects
21:21:00.197 [main] DEBUG o.h.e.i.AbstractFlushingEventListener - Flushed: 0 (re)creations, 0 updates, 0 removals to 0 collections
21:21:00.198 [main] DEBUG o.h.internal.util.EntityPrinter - Listing entities:
21:21:00.198 [main] DEBUG o.h.internal.util.EntityPrinter - edu.ncsu.csc.itrust2.models.persistent.LogEntry{secondaryUser=null, logCode=5, primaryUser=logapitest, id=389, time=java.util.GregorianCalendar[time=1521667260195,areFieldsSet=true,areAllFieldsSet=true,lenient=true,zone=sun.util.calendar.ZoneInfo[id="Etc/UTC",offset=0,dstSavings=0,useDaylight=false,transitions=0,lastRule=null],firstDayOfWeek=1,minimalDaysInFirstWeek=1,ERA=1,YEAR=2018,MONTH=2,WEEK_OF_YEAR=12,WEEK_OF_MONTH=4,DAY_OF_MONTH=21,DAY_OF_YEAR=80,DAY_OF_WEEK=4,DAY_OF_WEEK_IN_MONTH=3,AM_PM=1,HOUR=9,HOUR_OF_DAY=21,MINUTE=21,SECOND=0,MILLISECOND=195,ZONE_OFFSET=0,DST_OFFSET=0], message=null}
21:21:00.198 [main] DEBUG org.hibernate.SQL - insert into LogEntries (logCode, message, primaryUser, secondaryUser, time, id) values (?, ?, ?, ?, ?, ?)
Hibernate: insert into LogEntries (logCode, message, primaryUser, secondaryUser, time, id) values (?, ?, ?, ?, ?, ?)
21:21:00.200 [main] DEBUG o.h.e.j.internal.JdbcCoordinatorImpl - HHH000420: Closing un-released batch
21:21:00.200 [main] DEBUG o.h.e.t.internal.TransactionImpl - begin
21:21:00.203 [main] DEBUG org.hibernate.SQL - select next_val as id_val from hibernate_sequence for update
Hibernate: select next_val as id_val from hibernate_sequence for update
21:21:00.204 [main] DEBUG org.hibernate.SQL - update hibernate_sequence set next_val= ? where next_val=?
Hibernate: update hibernate_sequence set next_val= ? where next_val=?
21:21:00.205 [main] DEBUG o.h.e.i.AbstractSaveEventListener - Generated identifier: 390, using strategy: org.hibernate.id.enhanced.SequenceStyleGenerator
21:21:00.205 [main] DEBUG o.h.e.t.internal.TransactionImpl - committing
21:21:00.205 [main] DEBUG o.h.e.i.AbstractFlushingEventListener - Processing flush-time cascades
21:21:00.205 [main] DEBUG o.h.e.i.AbstractFlushingEventListener - Dirty checking collections
21:21:00.206 [main] DEBUG o.h.e.i.AbstractFlushingEventListener - Flushed: 1 insertions, 0 updates, 0 deletions to 1 objects
21:21:00.206 [main] DEBUG o.h.e.i.AbstractFlushingEventListener - Flushed: 0 (re)creations, 0 updates, 0 removals to 0 collections
21:21:00.206 [main] DEBUG o.h.internal.util.EntityPrinter - Listing entities:
21:21:00.206 [main] DEBUG o.h.internal.util.EntityPrinter - edu.ncsu.csc.itrust2.models.persistent.LogEntry{secondaryUser=null, logCode=5, primaryUser=logapitest, id=390, time=java.util.GregorianCalendar[time=1521667260200,areFieldsSet=true,areAllFieldsSet=true,lenient=true,zone=sun.util.calendar.ZoneInfo[id="Etc/UTC",offset=0,dstSavings=0,useDaylight=false,transitions=0,lastRule=null],firstDayOfWeek=1,minimalDaysInFirstWeek=1,ERA=1,YEAR=2018,MONTH=2,WEEK_OF_YEAR=12,WEEK_OF_MONTH=4,DAY_OF_MONTH=21,DAY_OF_YEAR=80,DAY_OF_WEEK=4,DAY_OF_WEEK_IN_MONTH=3,AM_PM=1,HOUR=9,HOUR_OF_DAY=21,MINUTE=21,SECOND=0,MILLISECOND=200,ZONE_OFFSET=0,DST_OFFSET=0], message=null}
21:21:00.206 [main] DEBUG org.hibernate.SQL - insert into LogEntries (logCode, message, primaryUser, secondaryUser, time, id) values (?, ?, ?, ?, ?, ?)
Hibernate: insert into LogEntries (logCode, message, primaryUser, secondaryUser, time, id) values (?, ?, ?, ?, ?, ?)
21:21:00.208 [main] DEBUG o.h.e.j.internal.JdbcCoordinatorImpl - HHH000420: Closing un-released batch
21:21:00.208 [main] DEBUG o.h.e.t.internal.TransactionImpl - begin
21:21:00.209 [main] DEBUG org.hibernate.SQL - select next_val as id_val from hibernate_sequence for update
Hibernate: select next_val as id_val from hibernate_sequence for update
21:21:00.210 [main] DEBUG org.hibernate.SQL - update hibernate_sequence set next_val= ? where next_val=?
Hibernate: update hibernate_sequence set next_val= ? where next_val=?
21:21:00.212 [main] DEBUG o.h.e.i.AbstractSaveEventListener - Generated identifier: 391, using strategy: org.hibernate.id.enhanced.SequenceStyleGenerator
21:21:00.212 [main] DEBUG o.h.e.t.internal.TransactionImpl - committing
21:21:00.212 [main] DEBUG o.h.e.i.AbstractFlushingEventListener - Processing flush-time cascades
21:21:00.213 [main] DEBUG o.h.e.i.AbstractFlushingEventListener - Dirty checking collections
21:21:00.213 [main] DEBUG o.h.e.i.AbstractFlushingEventListener - Flushed: 1 insertions, 0 updates, 0 deletions to 1 objects
21:21:00.213 [main] DEBUG o.h.e.i.AbstractFlushingEventListener - Flushed: 0 (re)creations, 0 updates, 0 removals to 0 collections
21:21:00.213 [main] DEBUG o.h.internal.util.EntityPrinter - Listing entities:
21:21:00.213 [main] DEBUG o.h.internal.util.EntityPrinter - edu.ncsu.csc.itrust2.models.persistent.LogEntry{secondaryUser=null, logCode=5, primaryUser=logapitest, id=391, time=java.util.GregorianCalendar[time=1521667260208,areFieldsSet=true,areAllFieldsSet=true,lenient=true,zone=sun.util.calendar.ZoneInfo[id="Etc/UTC",offset=0,dstSavings=0,useDaylight=false,transitions=0,lastRule=null],firstDayOfWeek=1,minimalDaysInFirstWeek=1,ERA=1,YEAR=2018,MONTH=2,WEEK_OF_YEAR=12,WEEK_OF_MONTH=4,DAY_OF_MONTH=21,DAY_OF_YEAR=80,DAY_OF_WEEK=4,DAY_OF_WEEK_IN_MONTH=3,AM_PM=1,HOUR=9,HOUR_OF_DAY=21,MINUTE=21,SECOND=0,MILLISECOND=208,ZONE_OFFSET=0,DST_OFFSET=0], message=null}
21:21:00.213 [main] DEBUG org.hibernate.SQL - insert into LogEntries (logCode, message, primaryUser, secondaryUser, time, id) values (?, ?, ?, ?, ?, ?)
Hibernate: insert into LogEntries (logCode, message, primaryUser, secondaryUser, time, id) values (?, ?, ?, ?, ?, ?)
21:21:00.214 [main] DEBUG o.h.e.j.internal.JdbcCoordinatorImpl - HHH000420: Closing un-released batch
21:21:00.215 [main] DEBUG o.h.e.t.internal.TransactionImpl - begin
21:21:00.217 [main] DEBUG org.hibernate.SQL - select next_val as id_val from hibernate_sequence for update
Hibernate: select next_val as id_val from hibernate_sequence for update
21:21:00.217 [main] DEBUG org.hibernate.SQL - update hibernate_sequence set next_val= ? where next_val=?
Hibernate: update hibernate_sequence set next_val= ? where next_val=?
21:21:00.218 [main] DEBUG o.h.e.i.AbstractSaveEventListener - Generated identifier: 392, using strategy: org.hibernate.id.enhanced.SequenceStyleGenerator
21:21:00.219 [main] DEBUG o.h.e.t.internal.TransactionImpl - committing
21:21:00.219 [main] DEBUG o.h.e.i.AbstractFlushingEventListener - Processing flush-time cascades
21:21:00.219 [main] DEBUG o.h.e.i.AbstractFlushingEventListener - Dirty checking collections
21:21:00.219 [main] DEBUG o.h.e.i.AbstractFlushingEventListener - Flushed: 1 insertions, 0 updates, 0 deletions to 1 objects
21:21:00.219 [main] DEBUG o.h.e.i.AbstractFlushingEventListener - Flushed: 0 (re)creations, 0 updates, 0 removals to 0 collections
21:21:00.219 [main] DEBUG o.h.internal.util.EntityPrinter - Listing entities:
21:21:00.219 [main] DEBUG o.h.internal.util.EntityPrinter - edu.ncsu.csc.itrust2.models.persistent.LogEntry{secondaryUser=null, logCode=5, primaryUser=logapitest, id=392, time=java.util.GregorianCalendar[time=1521667260215,areFieldsSet=true,areAllFieldsSet=true,lenient=true,zone=sun.util.calendar.ZoneInfo[id="Etc/UTC",offset=0,dstSavings=0,useDaylight=false,transitions=0,lastRule=null],firstDayOfWeek=1,minimalDaysInFirstWeek=1,ERA=1,YEAR=2018,MONTH=2,WEEK_OF_YEAR=12,WEEK_OF_MONTH=4,DAY_OF_MONTH=21,DAY_OF_YEAR=80,DAY_OF_WEEK=4,DAY_OF_WEEK_IN_MONTH=3,AM_PM=1,HOUR=9,HOUR_OF_DAY=21,MINUTE=21,SECOND=0,MILLISECOND=215,ZONE_OFFSET=0,DST_OFFSET=0], message=null}
21:21:00.220 [main] DEBUG org.hibernate.SQL - insert into LogEntries (logCode, message, primaryUser, secondaryUser, time, id) values (?, ?, ?, ?, ?, ?)
Hibernate: insert into LogEntries (logCode, message, primaryUser, secondaryUser, time, id) values (?, ?, ?, ?, ?, ?)
21:21:00.222 [main] DEBUG o.h.e.j.internal.JdbcCoordinatorImpl - HHH000420: Closing un-released batch
21:21:00.223 [main] DEBUG o.h.e.t.internal.TransactionImpl - begin
21:21:00.223 [main] DEBUG org.hibernate.SQL - select next_val as id_val from hibernate_sequence for update
Hibernate: select next_val as id_val from hibernate_sequence for update
21:21:00.224 [main] DEBUG org.hibernate.SQL - update hibernate_sequence set next_val= ? where next_val=?
Hibernate: update hibernate_sequence set next_val= ? where next_val=?
21:21:00.226 [main] DEBUG o.h.e.i.AbstractSaveEventListener - Generated identifier: 393, using strategy: org.hibernate.id.enhanced.SequenceStyleGenerator
21:21:00.227 [main] DEBUG o.h.e.t.internal.TransactionImpl - committing
21:21:00.227 [main] DEBUG o.h.e.i.AbstractFlushingEventListener - Processing flush-time cascades
21:21:00.227 [main] DEBUG o.h.e.i.AbstractFlushingEventListener - Dirty checking collections
21:21:00.227 [main] DEBUG o.h.e.i.AbstractFlushingEventListener - Flushed: 1 insertions, 0 updates, 0 deletions to 1 objects
21:21:00.227 [main] DEBUG o.h.e.i.AbstractFlushingEventListener - Flushed: 0 (re)creations, 0 updates, 0 removals to 0 collections
21:21:00.227 [main] DEBUG o.h.internal.util.EntityPrinter - Listing entities:
21:21:00.227 [main] DEBUG o.h.internal.util.EntityPrinter - edu.ncsu.csc.itrust2.models.persistent.LogEntry{secondaryUser=null, logCode=5, primaryUser=logapitest, id=393, time=java.util.GregorianCalendar[time=1521667260222,areFieldsSet=true,areAllFieldsSet=true,lenient=true,zone=sun.util.calendar.ZoneInfo[id="Etc/UTC",offset=0,dstSavings=0,useDaylight=false,transitions=0,lastRule=null],firstDayOfWeek=1,minimalDaysInFirstWeek=1,ERA=1,YEAR=2018,MONTH=2,WEEK_OF_YEAR=12,WEEK_OF_MONTH=4,DAY_OF_MONTH=21,DAY_OF_YEAR=80,DAY_OF_WEEK=4,DAY_OF_WEEK_IN_MONTH=3,AM_PM=1,HOUR=9,HOUR_OF_DAY=21,MINUTE=21,SECOND=0,MILLISECOND=222,ZONE_OFFSET=0,DST_OFFSET=0], message=null}
21:21:00.228 [main] DEBUG org.hibernate.SQL - insert into LogEntries (logCode, message, primaryUser, secondaryUser, time, id) values (?, ?, ?, ?, ?, ?)
Hibernate: insert into LogEntries (logCode, message, primaryUser, secondaryUser, time, id) values (?, ?, ?, ?, ?, ?)
21:21:00.229 [main] DEBUG o.h.e.j.internal.JdbcCoordinatorImpl - HHH000420: Closing un-released batch
21:21:00.229 [main] DEBUG o.h.e.t.internal.TransactionImpl - begin
21:21:00.231 [main] DEBUG org.hibernate.SQL - select next_val as id_val from hibernate_sequence for update
Hibernate: select next_val as id_val from hibernate_sequence for update
21:21:00.232 [main] DEBUG org.hibernate.SQL - update hibernate_sequence set next_val= ? where next_val=?
Hibernate: update hibernate_sequence set next_val= ? where next_val=?
21:21:00.233 [main] DEBUG o.h.e.i.AbstractSaveEventListener - Generated identifier: 394, using strategy: org.hibernate.id.enhanced.SequenceStyleGenerator
21:21:00.233 [main] DEBUG o.h.e.t.internal.TransactionImpl - committing
21:21:00.233 [main] DEBUG o.h.e.i.AbstractFlushingEventListener - Processing flush-time cascades
21:21:00.233 [main] DEBUG o.h.e.i.AbstractFlushingEventListener - Dirty checking collections
21:21:00.233 [main] DEBUG o.h.e.i.AbstractFlushingEventListener - Flushed: 1 insertions, 0 updates, 0 deletions to 1 objects
21:21:00.234 [main] DEBUG o.h.e.i.AbstractFlushingEventListener - Flushed: 0 (re)creations, 0 updates, 0 removals to 0 collections
21:21:00.234 [main] DEBUG o.h.internal.util.EntityPrinter - Listing entities:
21:21:00.234 [main] DEBUG o.h.internal.util.EntityPrinter - edu.ncsu.csc.itrust2.models.persistent.LogEntry{secondaryUser=null, logCode=5, primaryUser=logapitest, id=394, time=java.util.GregorianCalendar[time=1521667260229,areFieldsSet=true,areAllFieldsSet=true,lenient=true,zone=sun.util.calendar.ZoneInfo[id="Etc/UTC",offset=0,dstSavings=0,useDaylight=false,transitions=0,lastRule=null],firstDayOfWeek=1,minimalDaysInFirstWeek=1,ERA=1,YEAR=2018,MONTH=2,WEEK_OF_YEAR=12,WEEK_OF_MONTH=4,DAY_OF_MONTH=21,DAY_OF_YEAR=80,DAY_OF_WEEK=4,DAY_OF_WEEK_IN_MONTH=3,AM_PM=1,HOUR=9,HOUR_OF_DAY=21,MINUTE=21,SECOND=0,MILLISECOND=229,ZONE_OFFSET=0,DST_OFFSET=0], message=null}
21:21:00.235 [main] DEBUG org.hibernate.SQL - insert into LogEntries (logCode, message, primaryUser, secondaryUser, time, id) values (?, ?, ?, ?, ?, ?)
Hibernate: insert into LogEntries (logCode, message, primaryUser, secondaryUser, time, id) values (?, ?, ?, ?, ?, ?)
21:21:00.238 [main] DEBUG o.h.e.j.internal.JdbcCoordinatorImpl - HHH000420: Closing un-released batch
21:21:00.238 [main] DEBUG o.h.e.t.internal.TransactionImpl - begin
21:21:00.239 [main] DEBUG org.hibernate.SQL - select next_val as id_val from hibernate_sequence for update
Hibernate: select next_val as id_val from hibernate_sequence for update
21:21:00.239 [main] DEBUG org.hibernate.SQL - update hibernate_sequence set next_val= ? where next_val=?
Hibernate: update hibernate_sequence set next_val= ? where next_val=?
21:21:00.241 [main] DEBUG o.h.e.i.AbstractSaveEventListener - Generated identifier: 395, using strategy: org.hibernate.id.enhanced.SequenceStyleGenerator
21:21:00.241 [main] DEBUG o.h.e.t.internal.TransactionImpl - committing
21:21:00.241 [main] DEBUG o.h.e.i.AbstractFlushingEventListener - Processing flush-time cascades
21:21:00.241 [main] DEBUG o.h.e.i.AbstractFlushingEventListener - Dirty checking collections
21:21:00.241 [main] DEBUG o.h.e.i.AbstractFlushingEventListener - Flushed: 1 insertions, 0 updates, 0 deletions to 1 objects
21:21:00.242 [main] DEBUG o.h.e.i.AbstractFlushingEventListener - Flushed: 0 (re)creations, 0 updates, 0 removals to 0 collections
21:21:00.242 [main] DEBUG o.h.internal.util.EntityPrinter - Listing entities:
21:21:00.242 [main] DEBUG o.h.internal.util.EntityPrinter - edu.ncsu.csc.itrust2.models.persistent.LogEntry{secondaryUser=null, logCode=5, primaryUser=logapitest, id=395, time=java.util.GregorianCalendar[time=1521667260238,areFieldsSet=true,areAllFieldsSet=true,lenient=true,zone=sun.util.calendar.ZoneInfo[id="Etc/UTC",offset=0,dstSavings=0,useDaylight=false,transitions=0,lastRule=null],firstDayOfWeek=1,minimalDaysInFirstWeek=1,ERA=1,YEAR=2018,MONTH=2,WEEK_OF_YEAR=12,WEEK_OF_MONTH=4,DAY_OF_MONTH=21,DAY_OF_YEAR=80,DAY_OF_WEEK=4,DAY_OF_WEEK_IN_MONTH=3,AM_PM=1,HOUR=9,HOUR_OF_DAY=21,MINUTE=21,SECOND=0,MILLISECOND=238,ZONE_OFFSET=0,DST_OFFSET=0], message=null}
21:21:00.243 [main] DEBUG org.hibernate.SQL - insert into LogEntries (logCode, message, primaryUser, secondaryUser, time, id) values (?, ?, ?, ?, ?, ?)
Hibernate: insert into LogEntries (logCode, message, primaryUser, secondaryUser, time, id) values (?, ?, ?, ?, ?, ?)
21:21:00.249 [main] DEBUG o.h.e.j.internal.JdbcCoordinatorImpl - HHH000420: Closing un-released batch
21:21:00.250 [main] DEBUG o.h.e.t.internal.TransactionImpl - begin
21:21:00.252 [main] DEBUG org.hibernate.SQL - select next_val as id_val from hibernate_sequence for update
Hibernate: select next_val as id_val from hibernate_sequence for update
21:21:00.252 [main] DEBUG org.hibernate.SQL - update hibernate_sequence set next_val= ? where next_val=?
Hibernate: update hibernate_sequence set next_val= ? where next_val=?
21:21:00.254 [main] DEBUG o.h.e.i.AbstractSaveEventListener - Generated identifier: 396, using strategy: org.hibernate.id.enhanced.SequenceStyleGenerator
21:21:00.254 [main] DEBUG o.h.e.t.internal.TransactionImpl - committing
21:21:00.254 [main] DEBUG o.h.e.i.AbstractFlushingEventListener - Processing flush-time cascades
21:21:00.254 [main] DEBUG o.h.e.i.AbstractFlushingEventListener - Dirty checking collections
21:21:00.254 [main] DEBUG o.h.e.i.AbstractFlushingEventListener - Flushed: 1 insertions, 0 updates, 0 deletions to 1 objects
21:21:00.254 [main] DEBUG o.h.e.i.AbstractFlushingEventListener - Flushed: 0 (re)creations, 0 updates, 0 removals to 0 collections
21:21:00.254 [main] DEBUG o.h.internal.util.EntityPrinter - Listing entities:
21:21:00.255 [main] DEBUG o.h.internal.util.EntityPrinter - edu.ncsu.csc.itrust2.models.persistent.LogEntry{secondaryUser=null, logCode=5, primaryUser=logapitest, id=396, time=java.util.GregorianCalendar[time=1521667260250,areFieldsSet=true,areAllFieldsSet=true,lenient=true,zone=sun.util.calendar.ZoneInfo[id="Etc/UTC",offset=0,dstSavings=0,useDaylight=false,transitions=0,lastRule=null],firstDayOfWeek=1,minimalDaysInFirstWeek=1,ERA=1,YEAR=2018,MONTH=2,WEEK_OF_YEAR=12,WEEK_OF_MONTH=4,DAY_OF_MONTH=21,DAY_OF_YEAR=80,DAY_OF_WEEK=4,DAY_OF_WEEK_IN_MONTH=3,AM_PM=1,HOUR=9,HOUR_OF_DAY=21,MINUTE=21,SECOND=0,MILLISECOND=250,ZONE_OFFSET=0,DST_OFFSET=0], message=null}
21:21:00.255 [main] DEBUG org.hibernate.SQL - insert into LogEntries (logCode, message, primaryUser, secondaryUser, time, id) values (?, ?, ?, ?, ?, ?)
Hibernate: insert into LogEntries (logCode, message, primaryUser, secondaryUser, time, id) values (?, ?, ?, ?, ?, ?)
21:21:00.258 [main] DEBUG o.h.e.j.internal.JdbcCoordinatorImpl - HHH000420: Closing un-released batch
21:21:00.259 [main] DEBUG o.h.e.t.internal.TransactionImpl - begin
21:21:00.260 [main] DEBUG org.hibernate.SQL - select next_val as id_val from hibernate_sequence for update
Hibernate: select next_val as id_val from hibernate_sequence for update
21:21:00.260 [main] DEBUG org.hibernate.SQL - update hibernate_sequence set next_val= ? where next_val=?
Hibernate: update hibernate_sequence set next_val= ? where next_val=?
21:21:00.273 [main] DEBUG o.h.e.i.AbstractSaveEventListener - Generated identifier: 397, using strategy: org.hibernate.id.enhanced.SequenceStyleGenerator
21:21:00.273 [main] DEBUG o.h.e.t.internal.TransactionImpl - committing
21:21:00.273 [main] DEBUG o.h.e.i.AbstractFlushingEventListener - Processing flush-time cascades
21:21:00.273 [main] DEBUG o.h.e.i.AbstractFlushingEventListener - Dirty checking collections
21:21:00.273 [main] DEBUG o.h.e.i.AbstractFlushingEventListener - Flushed: 1 insertions, 0 updates, 0 deletions to 1 objects
21:21:00.273 [main] DEBUG o.h.e.i.AbstractFlushingEventListener - Flushed: 0 (re)creations, 0 updates, 0 removals to 0 collections
21:21:00.273 [main] DEBUG o.h.internal.util.EntityPrinter - Listing entities:
21:21:00.273 [main] DEBUG o.h.internal.util.EntityPrinter - edu.ncsu.csc.itrust2.models.persistent.LogEntry{secondaryUser=null, logCode=5, primaryUser=logapitest, id=397, time=java.util.GregorianCalendar[time=1521667260259,areFieldsSet=true,areAllFieldsSet=true,lenient=true,zone=sun.util.calendar.ZoneInfo[id="Etc/UTC",offset=0,dstSavings=0,useDaylight=false,transitions=0,lastRule=null],firstDayOfWeek=1,minimalDaysInFirstWeek=1,ERA=1,YEAR=2018,MONTH=2,WEEK_OF_YEAR=12,WEEK_OF_MONTH=4,DAY_OF_MONTH=21,DAY_OF_YEAR=80,DAY_OF_WEEK=4,DAY_OF_WEEK_IN_MONTH=3,AM_PM=1,HOUR=9,HOUR_OF_DAY=21,MINUTE=21,SECOND=0,MILLISECOND=259,ZONE_OFFSET=0,DST_OFFSET=0], message=null}
21:21:00.274 [main] DEBUG org.hibernate.SQL - insert into LogEntries (logCode, message, primaryUser, secondaryUser, time, id) values (?, ?, ?, ?, ?, ?)
Hibernate: insert into LogEntries (logCode, message, primaryUser, secondaryUser, time, id) values (?, ?, ?, ?, ?, ?)
21:21:00.275 [main] DEBUG o.h.e.j.internal.JdbcCoordinatorImpl - HHH000420: Closing un-released batch
21:21:00.276 [main] DEBUG o.h.e.t.internal.TransactionImpl - begin
21:21:00.276 [main] DEBUG org.hibernate.SQL - select next_val as id_val from hibernate_sequence for update
Hibernate: select next_val as id_val from hibernate_sequence for update
21:21:00.277 [main] DEBUG org.hibernate.SQL - update hibernate_sequence set next_val= ? where next_val=?
Hibernate: update hibernate_sequence set next_val= ? where next_val=?
21:21:00.278 [main] DEBUG o.h.e.i.AbstractSaveEventListener - Generated identifier: 398, using strategy: org.hibernate.id.enhanced.SequenceStyleGenerator
21:21:00.278 [main] DEBUG o.h.e.t.internal.TransactionImpl - committing
21:21:00.279 [main] DEBUG o.h.e.i.AbstractFlushingEventListener - Processing flush-time cascades
21:21:00.279 [main] DEBUG o.h.e.i.AbstractFlushingEventListener - Dirty checking collections
21:21:00.279 [main] DEBUG o.h.e.i.AbstractFlushingEventListener - Flushed: 1 insertions, 0 updates, 0 deletions to 1 objects
21:21:00.279 [main] DEBUG o.h.e.i.AbstractFlushingEventListener - Flushed: 0 (re)creations, 0 updates, 0 removals to 0 collections
21:21:00.279 [main] DEBUG o.h.internal.util.EntityPrinter - Listing entities:
21:21:00.280 [main] DEBUG o.h.internal.util.EntityPrinter - edu.ncsu.csc.itrust2.models.persistent.LogEntry{secondaryUser=null, logCode=5, primaryUser=logapitest, id=398, time=java.util.GregorianCalendar[time=1521667260276,areFieldsSet=true,areAllFieldsSet=true,lenient=true,zone=sun.util.calendar.ZoneInfo[id="Etc/UTC",offset=0,dstSavings=0,useDaylight=false,transitions=0,lastRule=null],firstDayOfWeek=1,minimalDaysInFirstWeek=1,ERA=1,YEAR=2018,MONTH=2,WEEK_OF_YEAR=12,WEEK_OF_MONTH=4,DAY_OF_MONTH=21,DAY_OF_YEAR=80,DAY_OF_WEEK=4,DAY_OF_WEEK_IN_MONTH=3,AM_PM=1,HOUR=9,HOUR_OF_DAY=21,MINUTE=21,SECOND=0,MILLISECOND=276,ZONE_OFFSET=0,DST_OFFSET=0], message=null}
21:21:00.281 [main] DEBUG org.hibernate.SQL - insert into LogEntries (logCode, message, primaryUser, secondaryUser, time, id) values (?, ?, ?, ?, ?, ?)
Hibernate: insert into LogEntries (logCode, message, primaryUser, secondaryUser, time, id) values (?, ?, ?, ?, ?, ?)
21:21:00.283 [main] DEBUG o.h.e.j.internal.JdbcCoordinatorImpl - HHH000420: Closing un-released batch
21:21:00.283 [main] DEBUG o.h.e.t.internal.TransactionImpl - begin
21:21:00.284 [main] DEBUG org.hibernate.SQL - select next_val as id_val from hibernate_sequence for update
Hibernate: select next_val as id_val from hibernate_sequence for update
21:21:00.284 [main] DEBUG org.hibernate.SQL - update hibernate_sequence set next_val= ? where next_val=?
Hibernate: update hibernate_sequence set next_val= ? where next_val=?
21:21:00.285 [main] DEBUG o.h.e.i.AbstractSaveEventListener - Generated identifier: 399, using strategy: org.hibernate.id.enhanced.SequenceStyleGenerator
21:21:00.286 [main] DEBUG o.h.e.t.internal.TransactionImpl - committing
21:21:00.286 [main] DEBUG o.h.e.i.AbstractFlushingEventListener - Processing flush-time cascades
21:21:00.286 [main] DEBUG o.h.e.i.AbstractFlushingEventListener - Dirty checking collections
21:21:00.286 [main] DEBUG o.h.e.i.AbstractFlushingEventListener - Flushed: 1 insertions, 0 updates, 0 deletions to 1 objects
21:21:00.286 [main] DEBUG o.h.e.i.AbstractFlushingEventListener - Flushed: 0 (re)creations, 0 updates, 0 removals to 0 collections
21:21:00.286 [main] DEBUG o.h.internal.util.EntityPrinter - Listing entities:
21:21:00.286 [main] DEBUG o.h.internal.util.EntityPrinter - edu.ncsu.csc.itrust2.models.persistent.LogEntry{secondaryUser=null, logCode=5, primaryUser=logapitest, id=399, time=java.util.GregorianCalendar[time=1521667260283,areFieldsSet=true,areAllFieldsSet=true,lenient=true,zone=sun.util.calendar.ZoneInfo[id="Etc/UTC",offset=0,dstSavings=0,useDaylight=false,transitions=0,lastRule=null],firstDayOfWeek=1,minimalDaysInFirstWeek=1,ERA=1,YEAR=2018,MONTH=2,WEEK_OF_YEAR=12,WEEK_OF_MONTH=4,DAY_OF_MONTH=21,DAY_OF_YEAR=80,DAY_OF_WEEK=4,DAY_OF_WEEK_IN_MONTH=3,AM_PM=1,HOUR=9,HOUR_OF_DAY=21,MINUTE=21,SECOND=0,MILLISECOND=283,ZONE_OFFSET=0,DST_OFFSET=0], message=null}
21:21:00.287 [main] DEBUG org.hibernate.SQL - insert into LogEntries (logCode, message, primaryUser, secondaryUser, time, id) values (?, ?, ?, ?, ?, ?)
Hibernate: insert into LogEntries (logCode, message, primaryUser, secondaryUser, time, id) values (?, ?, ?, ?, ?, ?)
21:21:00.288 [main] DEBUG o.h.e.j.internal.JdbcCoordinatorImpl - HHH000420: Closing un-released batch
21:21:00.288 [main] DEBUG o.h.e.t.internal.TransactionImpl - begin
21:21:00.290 [main] DEBUG org.hibernate.SQL - select next_val as id_val from hibernate_sequence for update
Hibernate: select next_val as id_val from hibernate_sequence for update
21:21:00.290 [main] DEBUG org.hibernate.SQL - update hibernate_sequence set next_val= ? where next_val=?
Hibernate: update hibernate_sequence set next_val= ? where next_val=?
21:21:00.291 [main] DEBUG o.h.e.i.AbstractSaveEventListener - Generated identifier: 400, using strategy: org.hibernate.id.enhanced.SequenceStyleGenerator
21:21:00.291 [main] DEBUG o.h.e.t.internal.TransactionImpl - committing
21:21:00.292 [main] DEBUG o.h.e.i.AbstractFlushingEventListener - Processing flush-time cascades
21:21:00.292 [main] DEBUG o.h.e.i.AbstractFlushingEventListener - Dirty checking collections
21:21:00.293 [main] DEBUG o.h.e.i.AbstractFlushingEventListener - Flushed: 1 insertions, 0 updates, 0 deletions to 1 objects
21:21:00.293 [main] DEBUG o.h.e.i.AbstractFlushingEventListener - Flushed: 0 (re)creations, 0 updates, 0 removals to 0 collections
21:21:00.293 [main] DEBUG o.h.internal.util.EntityPrinter - Listing entities:
21:21:00.293 [main] DEBUG o.h.internal.util.EntityPrinter - edu.ncsu.csc.itrust2.models.persistent.LogEntry{secondaryUser=null, logCode=5, primaryUser=logapitest, id=400, time=java.util.GregorianCalendar[time=1521667260288,areFieldsSet=true,areAllFieldsSet=true,lenient=true,zone=sun.util.calendar.ZoneInfo[id="Etc/UTC",offset=0,dstSavings=0,useDaylight=false,transitions=0,lastRule=null],firstDayOfWeek=1,minimalDaysInFirstWeek=1,ERA=1,YEAR=2018,MONTH=2,WEEK_OF_YEAR=12,WEEK_OF_MONTH=4,DAY_OF_MONTH=21,DAY_OF_YEAR=80,DAY_OF_WEEK=4,DAY_OF_WEEK_IN_MONTH=3,AM_PM=1,HOUR=9,HOUR_OF_DAY=21,MINUTE=21,SECOND=0,MILLISECOND=288,ZONE_OFFSET=0,DST_OFFSET=0], message=null}
21:21:00.293 [main] DEBUG org.hibernate.SQL - insert into LogEntries (logCode, message, primaryUser, secondaryUser, time, id) values (?, ?, ?, ?, ?, ?)
Hibernate: insert into LogEntries (logCode, message, primaryUser, secondaryUser, time, id) values (?, ?, ?, ?, ?, ?)
21:21:00.295 [main] DEBUG o.h.e.j.internal.JdbcCoordinatorImpl - HHH000420: Closing un-released batch
21:21:00.296 [main] DEBUG o.h.e.t.internal.TransactionImpl - begin
21:21:00.296 [main] DEBUG org.hibernate.SQL - select next_val as id_val from hibernate_sequence for update
Hibernate: select next_val as id_val from hibernate_sequence for update
21:21:00.297 [main] DEBUG org.hibernate.SQL - update hibernate_sequence set next_val= ? where next_val=?
Hibernate: update hibernate_sequence set next_val= ? where next_val=?
21:21:00.298 [main] DEBUG o.h.e.i.AbstractSaveEventListener - Generated identifier: 401, using strategy: org.hibernate.id.enhanced.SequenceStyleGenerator
21:21:00.298 [main] DEBUG o.h.e.t.internal.TransactionImpl - committing
21:21:00.298 [main] DEBUG o.h.e.i.AbstractFlushingEventListener - Processing flush-time cascades
21:21:00.298 [main] DEBUG o.h.e.i.AbstractFlushingEventListener - Dirty checking collections
21:21:00.298 [main] DEBUG o.h.e.i.AbstractFlushingEventListener - Flushed: 1 insertions, 0 updates, 0 deletions to 1 objects
21:21:00.298 [main] DEBUG o.h.e.i.AbstractFlushingEventListener - Flushed: 0 (re)creations, 0 updates, 0 removals to 0 collections
21:21:00.298 [main] DEBUG o.h.internal.util.EntityPrinter - Listing entities:
21:21:00.298 [main] DEBUG o.h.internal.util.EntityPrinter - edu.ncsu.csc.itrust2.models.persistent.LogEntry{secondaryUser=null, logCode=5, primaryUser=logapitest, id=401, time=java.util.GregorianCalendar[time=1521667260295,areFieldsSet=true,areAllFieldsSet=true,lenient=true,zone=sun.util.calendar.ZoneInfo[id="Etc/UTC",offset=0,dstSavings=0,useDaylight=false,transitions=0,lastRule=null],firstDayOfWeek=1,minimalDaysInFirstWeek=1,ERA=1,YEAR=2018,MONTH=2,WEEK_OF_YEAR=12,WEEK_OF_MONTH=4,DAY_OF_MONTH=21,DAY_OF_YEAR=80,DAY_OF_WEEK=4,DAY_OF_WEEK_IN_MONTH=3,AM_PM=1,HOUR=9,HOUR_OF_DAY=21,MINUTE=21,SECOND=0,MILLISECOND=295,ZONE_OFFSET=0,DST_OFFSET=0], message=null}
21:21:00.299 [main] DEBUG org.hibernate.SQL - insert into LogEntries (logCode, message, primaryUser, secondaryUser, time, id) values (?, ?, ?, ?, ?, ?)
Hibernate: insert into LogEntries (logCode, message, primaryUser, secondaryUser, time, id) values (?, ?, ?, ?, ?, ?)
21:21:00.300 [main] DEBUG o.h.e.j.internal.JdbcCoordinatorImpl - HHH000420: Closing un-released batch
21:21:00.300 [main] DEBUG o.h.e.t.internal.TransactionImpl - begin
21:21:00.301 [main] DEBUG org.hibernate.SQL - select next_val as id_val from hibernate_sequence for update
Hibernate: select next_val as id_val from hibernate_sequence for update
21:21:00.302 [main] DEBUG org.hibernate.SQL - update hibernate_sequence set next_val= ? where next_val=?
Hibernate: update hibernate_sequence set next_val= ? where next_val=?
21:21:00.305 [main] DEBUG o.h.e.i.AbstractSaveEventListener - Generated identifier: 402, using strategy: org.hibernate.id.enhanced.SequenceStyleGenerator
21:21:00.305 [main] DEBUG o.h.e.t.internal.TransactionImpl - committing
21:21:00.305 [main] DEBUG o.h.e.i.AbstractFlushingEventListener - Processing flush-time cascades
21:21:00.305 [main] DEBUG o.h.e.i.AbstractFlushingEventListener - Dirty checking collections
21:21:00.306 [main] DEBUG o.h.e.i.AbstractFlushingEventListener - Flushed: 1 insertions, 0 updates, 0 deletions to 1 objects
21:21:00.306 [main] DEBUG o.h.e.i.AbstractFlushingEventListener - Flushed: 0 (re)creations, 0 updates, 0 removals to 0 collections
21:21:00.306 [main] DEBUG o.h.internal.util.EntityPrinter - Listing entities:
21:21:00.306 [main] DEBUG o.h.internal.util.EntityPrinter - edu.ncsu.csc.itrust2.models.persistent.LogEntry{secondaryUser=null, logCode=5, primaryUser=logapitest, id=402, time=java.util.GregorianCalendar[time=1521667260300,areFieldsSet=true,areAllFieldsSet=true,lenient=true,zone=sun.util.calendar.ZoneInfo[id="Etc/UTC",offset=0,dstSavings=0,useDaylight=false,transitions=0,lastRule=null],firstDayOfWeek=1,minimalDaysInFirstWeek=1,ERA=1,YEAR=2018,MONTH=2,WEEK_OF_YEAR=12,WEEK_OF_MONTH=4,DAY_OF_MONTH=21,DAY_OF_YEAR=80,DAY_OF_WEEK=4,DAY_OF_WEEK_IN_MONTH=3,AM_PM=1,HOUR=9,HOUR_OF_DAY=21,MINUTE=21,SECOND=0,MILLISECOND=300,ZONE_OFFSET=0,DST_OFFSET=0], message=null}
21:21:00.307 [main] DEBUG org.hibernate.SQL - insert into LogEntries (logCode, message, primaryUser, secondaryUser, time, id) values (?, ?, ?, ?, ?, ?)
Hibernate: insert into LogEntries (logCode, message, primaryUser, secondaryUser, time, id) values (?, ?, ?, ?, ?, ?)
21:21:00.310 [main] DEBUG o.h.e.j.internal.JdbcCoordinatorImpl - HHH000420: Closing un-released batch
21:21:00.312 [main] DEBUG o.h.e.t.internal.TransactionImpl - begin
21:21:00.313 [main] DEBUG org.hibernate.SQL - select next_val as id_val from hibernate_sequence for update
Hibernate: select next_val as id_val from hibernate_sequence for update
21:21:00.314 [main] DEBUG org.hibernate.SQL - update hibernate_sequence set next_val= ? where next_val=?
Hibernate: update hibernate_sequence set next_val= ? where next_val=?
21:21:00.316 [main] DEBUG o.h.e.i.AbstractSaveEventListener - Generated identifier: 403, using strategy: org.hibernate.id.enhanced.SequenceStyleGenerator
21:21:00.317 [main] DEBUG o.h.e.t.internal.TransactionImpl - committing
21:21:00.317 [main] DEBUG o.h.e.i.AbstractFlushingEventListener - Processing flush-time cascades
21:21:00.317 [main] DEBUG o.h.e.i.AbstractFlushingEventListener - Dirty checking collections
21:21:00.318 [main] DEBUG o.h.e.i.AbstractFlushingEventListener - Flushed: 1 insertions, 0 updates, 0 deletions to 1 objects
21:21:00.318 [main] DEBUG o.h.e.i.AbstractFlushingEventListener - Flushed: 0 (re)creations, 0 updates, 0 removals to 0 collections
21:21:00.318 [main] DEBUG o.h.internal.util.EntityPrinter - Listing entities:
21:21:00.318 [main] DEBUG o.h.internal.util.EntityPrinter - edu.ncsu.csc.itrust2.models.persistent.LogEntry{secondaryUser=null, logCode=5, primaryUser=logapitest, id=403, time=java.util.GregorianCalendar[time=1521667260311,areFieldsSet=true,areAllFieldsSet=true,lenient=true,zone=sun.util.calendar.ZoneInfo[id="Etc/UTC",offset=0,dstSavings=0,useDaylight=false,transitions=0,lastRule=null],firstDayOfWeek=1,minimalDaysInFirstWeek=1,ERA=1,YEAR=2018,MONTH=2,WEEK_OF_YEAR=12,WEEK_OF_MONTH=4,DAY_OF_MONTH=21,DAY_OF_YEAR=80,DAY_OF_WEEK=4,DAY_OF_WEEK_IN_MONTH=3,AM_PM=1,HOUR=9,HOUR_OF_DAY=21,MINUTE=21,SECOND=0,MILLISECOND=311,ZONE_OFFSET=0,DST_OFFSET=0], message=null}
21:21:00.318 [main] DEBUG org.hibernate.SQL - insert into LogEntries (logCode, message, primaryUser, secondaryUser, time, id) values (?, ?, ?, ?, ?, ?)
Hibernate: insert into LogEntries (logCode, message, primaryUser, secondaryUser, time, id) values (?, ?, ?, ?, ?, ?)
21:21:00.320 [main] DEBUG o.h.e.j.internal.JdbcCoordinatorImpl - HHH000420: Closing un-released batch
21:21:00.320 [main] DEBUG o.h.e.t.internal.TransactionImpl - begin
21:21:00.321 [main] DEBUG org.hibernate.SQL - select next_val as id_val from hibernate_sequence for update
Hibernate: select next_val as id_val from hibernate_sequence for update
21:21:00.321 [main] DEBUG org.hibernate.SQL - update hibernate_sequence set next_val= ? where next_val=?
Hibernate: update hibernate_sequence set next_val= ? where next_val=?
21:21:00.323 [main] DEBUG o.h.e.i.AbstractSaveEventListener - Generated identifier: 404, using strategy: org.hibernate.id.enhanced.SequenceStyleGenerator
21:21:00.324 [main] DEBUG o.h.e.t.internal.TransactionImpl - committing
21:21:00.325 [main] DEBUG o.h.e.i.AbstractFlushingEventListener - Processing flush-time cascades
21:21:00.325 [main] DEBUG o.h.e.i.AbstractFlushingEventListener - Dirty checking collections
21:21:00.325 [main] DEBUG o.h.e.i.AbstractFlushingEventListener - Flushed: 1 insertions, 0 updates, 0 deletions to 1 objects
21:21:00.326 [main] DEBUG o.h.e.i.AbstractFlushingEventListener - Flushed: 0 (re)creations, 0 updates, 0 removals to 0 collections
21:21:00.326 [main] DEBUG o.h.internal.util.EntityPrinter - Listing entities:
21:21:00.326 [main] DEBUG o.h.internal.util.EntityPrinter - edu.ncsu.csc.itrust2.models.persistent.LogEntry{secondaryUser=null, logCode=5, primaryUser=logapitest, id=404, time=java.util.GregorianCalendar[time=1521667260320,areFieldsSet=true,areAllFieldsSet=true,lenient=true,zone=sun.util.calendar.ZoneInfo[id="Etc/UTC",offset=0,dstSavings=0,useDaylight=false,transitions=0,lastRule=null],firstDayOfWeek=1,minimalDaysInFirstWeek=1,ERA=1,YEAR=2018,MONTH=2,WEEK_OF_YEAR=12,WEEK_OF_MONTH=4,DAY_OF_MONTH=21,DAY_OF_YEAR=80,DAY_OF_WEEK=4,DAY_OF_WEEK_IN_MONTH=3,AM_PM=1,HOUR=9,HOUR_OF_DAY=21,MINUTE=21,SECOND=0,MILLISECOND=320,ZONE_OFFSET=0,DST_OFFSET=0], message=null}
21:21:00.326 [main] DEBUG org.hibernate.SQL - insert into LogEntries (logCode, message, primaryUser, secondaryUser, time, id) values (?, ?, ?, ?, ?, ?)
Hibernate: insert into LogEntries (logCode, message, primaryUser, secondaryUser, time, id) values (?, ?, ?, ?, ?, ?)
21:21:00.327 [main] DEBUG o.h.e.j.internal.JdbcCoordinatorImpl - HHH000420: Closing un-released batch
21:21:00.328 [main] DEBUG o.h.e.t.internal.TransactionImpl - begin
21:21:00.329 [main] DEBUG org.hibernate.SQL - select next_val as id_val from hibernate_sequence for update
Hibernate: select next_val as id_val from hibernate_sequence for update
21:21:00.330 [main] DEBUG org.hibernate.SQL - update hibernate_sequence set next_val= ? where next_val=?
Hibernate: update hibernate_sequence set next_val= ? where next_val=?
21:21:00.331 [main] DEBUG o.h.e.i.AbstractSaveEventListener - Generated identifier: 405, using strategy: org.hibernate.id.enhanced.SequenceStyleGenerator
21:21:00.331 [main] DEBUG o.h.e.t.internal.TransactionImpl - committing
21:21:00.331 [main] DEBUG o.h.e.i.AbstractFlushingEventListener - Processing flush-time cascades
21:21:00.331 [main] DEBUG o.h.e.i.AbstractFlushingEventListener - Dirty checking collections
21:21:00.332 [main] DEBUG o.h.e.i.AbstractFlushingEventListener - Flushed: 1 insertions, 0 updates, 0 deletions to 1 objects
21:21:00.332 [main] DEBUG o.h.e.i.AbstractFlushingEventListener - Flushed: 0 (re)creations, 0 updates, 0 removals to 0 collections
21:21:00.332 [main] DEBUG o.h.internal.util.EntityPrinter - Listing entities:
21:21:00.332 [main] DEBUG o.h.internal.util.EntityPrinter - edu.ncsu.csc.itrust2.models.persistent.LogEntry{secondaryUser=null, logCode=5, primaryUser=logapitest, id=405, time=java.util.GregorianCalendar[time=1521667260328,areFieldsSet=true,areAllFieldsSet=true,lenient=true,zone=sun.util.calendar.ZoneInfo[id="Etc/UTC",offset=0,dstSavings=0,useDaylight=false,transitions=0,lastRule=null],firstDayOfWeek=1,minimalDaysInFirstWeek=1,ERA=1,YEAR=2018,MONTH=2,WEEK_OF_YEAR=12,WEEK_OF_MONTH=4,DAY_OF_MONTH=21,DAY_OF_YEAR=80,DAY_OF_WEEK=4,DAY_OF_WEEK_IN_MONTH=3,AM_PM=1,HOUR=9,HOUR_OF_DAY=21,MINUTE=21,SECOND=0,MILLISECOND=328,ZONE_OFFSET=0,DST_OFFSET=0], message=null}
21:21:00.332 [main] DEBUG org.hibernate.SQL - insert into LogEntries (logCode, message, primaryUser, secondaryUser, time, id) values (?, ?, ?, ?, ?, ?)
Hibernate: insert into LogEntries (logCode, message, primaryUser, secondaryUser, time, id) values (?, ?, ?, ?, ?, ?)
21:21:00.334 [main] DEBUG o.h.e.j.internal.JdbcCoordinatorImpl - HHH000420: Closing un-released batch
21:21:00.334 [main] DEBUG o.h.e.t.internal.TransactionImpl - begin
21:21:00.337 [main] DEBUG org.hibernate.SQL - select next_val as id_val from hibernate_sequence for update
Hibernate: select next_val as id_val from hibernate_sequence for update
21:21:00.338 [main] DEBUG org.hibernate.SQL - update hibernate_sequence set next_val= ? where next_val=?
Hibernate: update hibernate_sequence set next_val= ? where next_val=?
21:21:00.339 [main] DEBUG o.h.e.i.AbstractSaveEventListener - Generated identifier: 406, using strategy: org.hibernate.id.enhanced.SequenceStyleGenerator
21:21:00.341 [main] DEBUG o.h.e.t.internal.TransactionImpl - committing
21:21:00.341 [main] DEBUG o.h.e.i.AbstractFlushingEventListener - Processing flush-time cascades
21:21:00.341 [main] DEBUG o.h.e.i.AbstractFlushingEventListener - Dirty checking collections
21:21:00.341 [main] DEBUG o.h.e.i.AbstractFlushingEventListener - Flushed: 1 insertions, 0 updates, 0 deletions to 1 objects
21:21:00.341 [main] DEBUG o.h.e.i.AbstractFlushingEventListener - Flushed: 0 (re)creations, 0 updates, 0 removals to 0 collections
21:21:00.341 [main] DEBUG o.h.internal.util.EntityPrinter - Listing entities:
21:21:00.341 [main] DEBUG o.h.internal.util.EntityPrinter - edu.ncsu.csc.itrust2.models.persistent.LogEntry{secondaryUser=null, logCode=5, primaryUser=logapitest, id=406, time=java.util.GregorianCalendar[time=1521667260334,areFieldsSet=true,areAllFieldsSet=true,lenient=true,zone=sun.util.calendar.ZoneInfo[id="Etc/UTC",offset=0,dstSavings=0,useDaylight=false,transitions=0,lastRule=null],firstDayOfWeek=1,minimalDaysInFirstWeek=1,ERA=1,YEAR=2018,MONTH=2,WEEK_OF_YEAR=12,WEEK_OF_MONTH=4,DAY_OF_MONTH=21,DAY_OF_YEAR=80,DAY_OF_WEEK=4,DAY_OF_WEEK_IN_MONTH=3,AM_PM=1,HOUR=9,HOUR_OF_DAY=21,MINUTE=21,SECOND=0,MILLISECOND=334,ZONE_OFFSET=0,DST_OFFSET=0], message=null}
21:21:00.342 [main] DEBUG org.hibernate.SQL - insert into LogEntries (logCode, message, primaryUser, secondaryUser, time, id) values (?, ?, ?, ?, ?, ?)
Hibernate: insert into LogEntries (logCode, message, primaryUser, secondaryUser, time, id) values (?, ?, ?, ?, ?, ?)
21:21:00.343 [main] DEBUG o.h.e.j.internal.JdbcCoordinatorImpl - HHH000420: Closing un-released batch
21:21:00.344 [main] DEBUG o.h.e.t.internal.TransactionImpl - begin
21:21:00.345 [main] DEBUG org.hibernate.SQL - select next_val as id_val from hibernate_sequence for update
Hibernate: select next_val as id_val from hibernate_sequence for update
21:21:00.346 [main] DEBUG org.hibernate.SQL - update hibernate_sequence set next_val= ? where next_val=?
Hibernate: update hibernate_sequence set next_val= ? where next_val=?
21:21:00.348 [main] DEBUG o.h.e.i.AbstractSaveEventListener - Generated identifier: 407, using strategy: org.hibernate.id.enhanced.SequenceStyleGenerator
21:21:00.349 [main] DEBUG o.h.e.t.internal.TransactionImpl - committing
21:21:00.349 [main] DEBUG o.h.e.i.AbstractFlushingEventListener - Processing flush-time cascades
21:21:00.349 [main] DEBUG o.h.e.i.AbstractFlushingEventListener - Dirty checking collections
21:21:00.354 [main] DEBUG o.h.e.i.AbstractFlushingEventListener - Flushed: 1 insertions, 0 updates, 0 deletions to 1 objects
21:21:00.354 [main] DEBUG o.h.e.i.AbstractFlushingEventListener - Flushed: 0 (re)creations, 0 updates, 0 removals to 0 collections
21:21:00.354 [main] DEBUG o.h.internal.util.EntityPrinter - Listing entities:
21:21:00.355 [main] DEBUG o.h.internal.util.EntityPrinter - edu.ncsu.csc.itrust2.models.persistent.LogEntry{secondaryUser=null, logCode=5, primaryUser=logapitest, id=407, time=java.util.GregorianCalendar[time=1521667260344,areFieldsSet=true,areAllFieldsSet=true,lenient=true,zone=sun.util.calendar.ZoneInfo[id="Etc/UTC",offset=0,dstSavings=0,useDaylight=false,transitions=0,lastRule=null],firstDayOfWeek=1,minimalDaysInFirstWeek=1,ERA=1,YEAR=2018,MONTH=2,WEEK_OF_YEAR=12,WEEK_OF_MONTH=4,DAY_OF_MONTH=21,DAY_OF_YEAR=80,DAY_OF_WEEK=4,DAY_OF_WEEK_IN_MONTH=3,AM_PM=1,HOUR=9,HOUR_OF_DAY=21,MINUTE=21,SECOND=0,MILLISECOND=344,ZONE_OFFSET=0,DST_OFFSET=0], message=null}
21:21:00.355 [main] DEBUG org.hibernate.SQL - insert into LogEntries (logCode, message, primaryUser, secondaryUser, time, id) values (?, ?, ?, ?, ?, ?)
Hibernate: insert into LogEntries (logCode, message, primaryUser, secondaryUser, time, id) values (?, ?, ?, ?, ?, ?)
21:21:00.357 [main] DEBUG o.h.e.j.internal.JdbcCoordinatorImpl - HHH000420: Closing un-released batch
21:21:00.357 [main] DEBUG o.h.e.t.internal.TransactionImpl - begin
21:21:00.358 [main] DEBUG org.hibernate.SQL - select next_val as id_val from hibernate_sequence for update
Hibernate: select next_val as id_val from hibernate_sequence for update
21:21:00.360 [main] DEBUG org.hibernate.SQL - update hibernate_sequence set next_val= ? where next_val=?
Hibernate: update hibernate_sequence set next_val= ? where next_val=?
21:21:00.362 [main] DEBUG o.h.e.i.AbstractSaveEventListener - Generated identifier: 408, using strategy: org.hibernate.id.enhanced.SequenceStyleGenerator
21:21:00.362 [main] DEBUG o.h.e.t.internal.TransactionImpl - committing
21:21:00.363 [main] DEBUG o.h.e.i.AbstractFlushingEventListener - Processing flush-time cascades
21:21:00.363 [main] DEBUG o.h.e.i.AbstractFlushingEventListener - Dirty checking collections
21:21:00.367 [main] DEBUG o.h.e.i.AbstractFlushingEventListener - Flushed: 1 insertions, 0 updates, 0 deletions to 1 objects
21:21:00.367 [main] DEBUG o.h.e.i.AbstractFlushingEventListener - Flushed: 0 (re)creations, 0 updates, 0 removals to 0 collections
21:21:00.367 [main] DEBUG o.h.internal.util.EntityPrinter - Listing entities:
21:21:00.368 [main] DEBUG o.h.internal.util.EntityPrinter - edu.ncsu.csc.itrust2.models.persistent.LogEntry{secondaryUser=null, logCode=5, primaryUser=logapitest, id=408, time=java.util.GregorianCalendar[time=1521667260357,areFieldsSet=true,areAllFieldsSet=true,lenient=true,zone=sun.util.calendar.ZoneInfo[id="Etc/UTC",offset=0,dstSavings=0,useDaylight=false,transitions=0,lastRule=null],firstDayOfWeek=1,minimalDaysInFirstWeek=1,ERA=1,YEAR=2018,MONTH=2,WEEK_OF_YEAR=12,WEEK_OF_MONTH=4,DAY_OF_MONTH=21,DAY_OF_YEAR=80,DAY_OF_WEEK=4,DAY_OF_WEEK_IN_MONTH=3,AM_PM=1,HOUR=9,HOUR_OF_DAY=21,MINUTE=21,SECOND=0,MILLISECOND=357,ZONE_OFFSET=0,DST_OFFSET=0], message=null}
21:21:00.369 [main] DEBUG org.hibernate.SQL - insert into LogEntries (logCode, message, primaryUser, secondaryUser, time, id) values (?, ?, ?, ?, ?, ?)
Hibernate: insert into LogEntries (logCode, message, primaryUser, secondaryUser, time, id) values (?, ?, ?, ?, ?, ?)
21:21:00.376 [main] DEBUG o.h.e.j.internal.JdbcCoordinatorImpl - HHH000420: Closing un-released batch
21:21:00.378 [main] DEBUG o.h.e.t.internal.TransactionImpl - begin
21:21:00.387 [main] DEBUG org.hibernate.SQL - select next_val as id_val from hibernate_sequence for update
Hibernate: select next_val as id_val from hibernate_sequence for update
21:21:00.387 [main] DEBUG org.hibernate.SQL - update hibernate_sequence set next_val= ? where next_val=?
Hibernate: update hibernate_sequence set next_val= ? where next_val=?
21:21:00.388 [main] DEBUG o.h.e.i.AbstractSaveEventListener - Generated identifier: 409, using strategy: org.hibernate.id.enhanced.SequenceStyleGenerator
21:21:00.389 [main] DEBUG o.h.e.t.internal.TransactionImpl - committing
21:21:00.389 [main] DEBUG o.h.e.i.AbstractFlushingEventListener - Processing flush-time cascades
21:21:00.390 [main] DEBUG o.h.e.i.AbstractFlushingEventListener - Dirty checking collections
21:21:00.390 [main] DEBUG o.h.e.i.AbstractFlushingEventListener - Flushed: 1 insertions, 0 updates, 0 deletions to 1 objects
21:21:00.391 [main] DEBUG o.h.e.i.AbstractFlushingEventListener - Flushed: 0 (re)creations, 0 updates, 0 removals to 0 collections
21:21:00.391 [main] DEBUG o.h.internal.util.EntityPrinter - Listing entities:
21:21:00.391 [main] DEBUG o.h.internal.util.EntityPrinter - edu.ncsu.csc.itrust2.models.persistent.LogEntry{secondaryUser=null, logCode=5, primaryUser=logapitest, id=409, time=java.util.GregorianCalendar[time=1521667260378,areFieldsSet=true,areAllFieldsSet=true,lenient=true,zone=sun.util.calendar.ZoneInfo[id="Etc/UTC",offset=0,dstSavings=0,useDaylight=false,transitions=0,lastRule=null],firstDayOfWeek=1,minimalDaysInFirstWeek=1,ERA=1,YEAR=2018,MONTH=2,WEEK_OF_YEAR=12,WEEK_OF_MONTH=4,DAY_OF_MONTH=21,DAY_OF_YEAR=80,DAY_OF_WEEK=4,DAY_OF_WEEK_IN_MONTH=3,AM_PM=1,HOUR=9,HOUR_OF_DAY=21,MINUTE=21,SECOND=0,MILLISECOND=378,ZONE_OFFSET=0,DST_OFFSET=0], message=null}
21:21:00.392 [main] DEBUG org.hibernate.SQL - insert into LogEntries (logCode, message, primaryUser, secondaryUser, time, id) values (?, ?, ?, ?, ?, ?)
Hibernate: insert into LogEntries (logCode, message, primaryUser, secondaryUser, time, id) values (?, ?, ?, ?, ?, ?)
21:21:00.394 [main] DEBUG o.h.e.j.internal.JdbcCoordinatorImpl - HHH000420: Closing un-released batch
21:21:00.395 [main] DEBUG o.h.e.t.internal.TransactionImpl - begin
21:21:00.400 [main] DEBUG org.hibernate.SQL - select next_val as id_val from hibernate_sequence for update
Hibernate: select next_val as id_val from hibernate_sequence for update
21:21:00.401 [main] DEBUG org.hibernate.SQL - update hibernate_sequence set next_val= ? where next_val=?
Hibernate: update hibernate_sequence set next_val= ? where next_val=?
21:21:00.404 [main] DEBUG o.h.e.i.AbstractSaveEventListener - Generated identifier: 410, using strategy: org.hibernate.id.enhanced.SequenceStyleGenerator
21:21:00.404 [main] DEBUG o.h.e.t.internal.TransactionImpl - committing
21:21:00.404 [main] DEBUG o.h.e.i.AbstractFlushingEventListener - Processing flush-time cascades
21:21:00.405 [main] DEBUG o.h.e.i.AbstractFlushingEventListener - Dirty checking collections
21:21:00.405 [main] DEBUG o.h.e.i.AbstractFlushingEventListener - Flushed: 1 insertions, 0 updates, 0 deletions to 1 objects
21:21:00.405 [main] DEBUG o.h.e.i.AbstractFlushingEventListener - Flushed: 0 (re)creations, 0 updates, 0 removals to 0 collections
21:21:00.405 [main] DEBUG o.h.internal.util.EntityPrinter - Listing entities:
21:21:00.406 [main] DEBUG o.h.internal.util.EntityPrinter - edu.ncsu.csc.itrust2.models.persistent.LogEntry{secondaryUser=null, logCode=5, primaryUser=logapitest, id=410, time=java.util.GregorianCalendar[time=1521667260395,areFieldsSet=true,areAllFieldsSet=true,lenient=true,zone=sun.util.calendar.ZoneInfo[id="Etc/UTC",offset=0,dstSavings=0,useDaylight=false,transitions=0,lastRule=null],firstDayOfWeek=1,minimalDaysInFirstWeek=1,ERA=1,YEAR=2018,MONTH=2,WEEK_OF_YEAR=12,WEEK_OF_MONTH=4,DAY_OF_MONTH=21,DAY_OF_YEAR=80,DAY_OF_WEEK=4,DAY_OF_WEEK_IN_MONTH=3,AM_PM=1,HOUR=9,HOUR_OF_DAY=21,MINUTE=21,SECOND=0,MILLISECOND=395,ZONE_OFFSET=0,DST_OFFSET=0], message=null}
21:21:00.407 [main] DEBUG org.hibernate.SQL - insert into LogEntries (logCode, message, primaryUser, secondaryUser, time, id) values (?, ?, ?, ?, ?, ?)
Hibernate: insert into LogEntries (logCode, message, primaryUser, secondaryUser, time, id) values (?, ?, ?, ?, ?, ?)
21:21:00.409 [main] DEBUG o.h.e.j.internal.JdbcCoordinatorImpl - HHH000420: Closing un-released batch
21:21:00.411 [main] DEBUG o.h.e.t.internal.TransactionImpl - begin
21:21:00.414 [main] DEBUG org.hibernate.SQL - select next_val as id_val from hibernate_sequence for update
Hibernate: select next_val as id_val from hibernate_sequence for update
21:21:00.416 [main] DEBUG org.hibernate.SQL - update hibernate_sequence set next_val= ? where next_val=?
Hibernate: update hibernate_sequence set next_val= ? where next_val=?
21:21:00.417 [main] DEBUG o.h.e.i.AbstractSaveEventListener - Generated identifier: 411, using strategy: org.hibernate.id.enhanced.SequenceStyleGenerator
21:21:00.418 [main] DEBUG o.h.e.t.internal.TransactionImpl - committing
21:21:00.418 [main] DEBUG o.h.e.i.AbstractFlushingEventListener - Processing flush-time cascades
21:21:00.418 [main] DEBUG o.h.e.i.AbstractFlushingEventListener - Dirty checking collections
21:21:00.419 [main] DEBUG o.h.e.i.AbstractFlushingEventListener - Flushed: 1 insertions, 0 updates, 0 deletions to 1 objects
21:21:00.419 [main] DEBUG o.h.e.i.AbstractFlushingEventListener - Flushed: 0 (re)creations, 0 updates, 0 removals to 0 collections
21:21:00.419 [main] DEBUG o.h.internal.util.EntityPrinter - Listing entities:
21:21:00.419 [main] DEBUG o.h.internal.util.EntityPrinter - edu.ncsu.csc.itrust2.models.persistent.LogEntry{secondaryUser=null, logCode=5, primaryUser=logapitest, id=411, time=java.util.GregorianCalendar[time=1521667260411,areFieldsSet=true,areAllFieldsSet=true,lenient=true,zone=sun.util.calendar.ZoneInfo[id="Etc/UTC",offset=0,dstSavings=0,useDaylight=false,transitions=0,lastRule=null],firstDayOfWeek=1,minimalDaysInFirstWeek=1,ERA=1,YEAR=2018,MONTH=2,WEEK_OF_YEAR=12,WEEK_OF_MONTH=4,DAY_OF_MONTH=21,DAY_OF_YEAR=80,DAY_OF_WEEK=4,DAY_OF_WEEK_IN_MONTH=3,AM_PM=1,HOUR=9,HOUR_OF_DAY=21,MINUTE=21,SECOND=0,MILLISECOND=411,ZONE_OFFSET=0,DST_OFFSET=0], message=null}
21:21:00.420 [main] DEBUG org.hibernate.SQL - insert into LogEntries (logCode, message, primaryUser, secondaryUser, time, id) values (?, ?, ?, ?, ?, ?)
Hibernate: insert into LogEntries (logCode, message, primaryUser, secondaryUser, time, id) values (?, ?, ?, ?, ?, ?)
21:21:00.422 [main] DEBUG o.h.e.j.internal.JdbcCoordinatorImpl - HHH000420: Closing un-released batch
21:21:00.423 [main] DEBUG o.h.e.t.internal.TransactionImpl - begin
21:21:00.426 [main] DEBUG org.hibernate.SQL - select next_val as id_val from hibernate_sequence for update
Hibernate: select next_val as id_val from hibernate_sequence for update
21:21:00.427 [main] DEBUG org.hibernate.SQL - update hibernate_sequence set next_val= ? where next_val=?
Hibernate: update hibernate_sequence set next_val= ? where next_val=?
21:21:00.430 [main] DEBUG o.h.e.i.AbstractSaveEventListener - Generated identifier: 412, using strategy: org.hibernate.id.enhanced.SequenceStyleGenerator
21:21:00.430 [main] DEBUG o.h.e.t.internal.TransactionImpl - committing
21:21:00.430 [main] DEBUG o.h.e.i.AbstractFlushingEventListener - Processing flush-time cascades
21:21:00.430 [main] DEBUG o.h.e.i.AbstractFlushingEventListener - Dirty checking collections
21:21:00.431 [main] DEBUG o.h.e.i.AbstractFlushingEventListener - Flushed: 1 insertions, 0 updates, 0 deletions to 1 objects
21:21:00.431 [main] DEBUG o.h.e.i.AbstractFlushingEventListener - Flushed: 0 (re)creations, 0 updates, 0 removals to 0 collections
21:21:00.432 [main] DEBUG o.h.internal.util.EntityPrinter - Listing entities:
21:21:00.432 [main] DEBUG o.h.internal.util.EntityPrinter - edu.ncsu.csc.itrust2.models.persistent.LogEntry{secondaryUser=null, logCode=5, primaryUser=logapitest, id=412, time=java.util.GregorianCalendar[time=1521667260423,areFieldsSet=true,areAllFieldsSet=true,lenient=true,zone=sun.util.calendar.ZoneInfo[id="Etc/UTC",offset=0,dstSavings=0,useDaylight=false,transitions=0,lastRule=null],firstDayOfWeek=1,minimalDaysInFirstWeek=1,ERA=1,YEAR=2018,MONTH=2,WEEK_OF_YEAR=12,WEEK_OF_MONTH=4,DAY_OF_MONTH=21,DAY_OF_YEAR=80,DAY_OF_WEEK=4,DAY_OF_WEEK_IN_MONTH=3,AM_PM=1,HOUR=9,HOUR_OF_DAY=21,MINUTE=21,SECOND=0,MILLISECOND=423,ZONE_OFFSET=0,DST_OFFSET=0], message=null}
21:21:00.433 [main] DEBUG org.hibernate.SQL - insert into LogEntries (logCode, message, primaryUser, secondaryUser, time, id) values (?, ?, ?, ?, ?, ?)
Hibernate: insert into LogEntries (logCode, message, primaryUser, secondaryUser, time, id) values (?, ?, ?, ?, ?, ?)
21:21:00.436 [main] DEBUG o.h.e.j.internal.JdbcCoordinatorImpl - HHH000420: Closing un-released batch
21:21:00.437 [main] DEBUG o.h.e.t.internal.TransactionImpl - begin
21:21:00.438 [main] DEBUG org.hibernate.SQL - select next_val as id_val from hibernate_sequence for update
Hibernate: select next_val as id_val from hibernate_sequence for update
21:21:00.440 [main] DEBUG org.hibernate.SQL - update hibernate_sequence set next_val= ? where next_val=?
Hibernate: update hibernate_sequence set next_val= ? where next_val=?
21:21:00.442 [main] DEBUG o.h.e.i.AbstractSaveEventListener - Generated identifier: 413, using strategy: org.hibernate.id.enhanced.SequenceStyleGenerator
21:21:00.443 [main] DEBUG o.h.e.t.internal.TransactionImpl - committing
21:21:00.443 [main] DEBUG o.h.e.i.AbstractFlushingEventListener - Processing flush-time cascades
21:21:00.444 [main] DEBUG o.h.e.i.AbstractFlushingEventListener - Dirty checking collections
21:21:00.444 [main] DEBUG o.h.e.i.AbstractFlushingEventListener - Flushed: 1 insertions, 0 updates, 0 deletions to 1 objects
21:21:00.444 [main] DEBUG o.h.e.i.AbstractFlushingEventListener - Flushed: 0 (re)creations, 0 updates, 0 removals to 0 collections
21:21:00.444 [main] DEBUG o.h.internal.util.EntityPrinter - Listing entities:
21:21:00.445 [main] DEBUG o.h.internal.util.EntityPrinter - edu.ncsu.csc.itrust2.models.persistent.LogEntry{secondaryUser=null, logCode=5, primaryUser=logapitest, id=413, time=java.util.GregorianCalendar[time=1521667260437,areFieldsSet=true,areAllFieldsSet=true,lenient=true,zone=sun.util.calendar.ZoneInfo[id="Etc/UTC",offset=0,dstSavings=0,useDaylight=false,transitions=0,lastRule=null],firstDayOfWeek=1,minimalDaysInFirstWeek=1,ERA=1,YEAR=2018,MONTH=2,WEEK_OF_YEAR=12,WEEK_OF_MONTH=4,DAY_OF_MONTH=21,DAY_OF_YEAR=80,DAY_OF_WEEK=4,DAY_OF_WEEK_IN_MONTH=3,AM_PM=1,HOUR=9,HOUR_OF_DAY=21,MINUTE=21,SECOND=0,MILLISECOND=437,ZONE_OFFSET=0,DST_OFFSET=0], message=null}
21:21:00.445 [main] DEBUG org.hibernate.SQL - insert into LogEntries (logCode, message, primaryUser, secondaryUser, time, id) values (?, ?, ?, ?, ?, ?)
Hibernate: insert into LogEntries (logCode, message, primaryUser, secondaryUser, time, id) values (?, ?, ?, ?, ?, ?)
21:21:00.448 [main] DEBUG o.h.e.j.internal.JdbcCoordinatorImpl - HHH000420: Closing un-released batch
21:21:00.449 [main] DEBUG o.h.e.t.internal.TransactionImpl - begin
21:21:00.450 [main] DEBUG org.hibernate.SQL - select next_val as id_val from hibernate_sequence for update
Hibernate: select next_val as id_val from hibernate_sequence for update
21:21:00.452 [main] DEBUG org.hibernate.SQL - update hibernate_sequence set next_val= ? where next_val=?
Hibernate: update hibernate_sequence set next_val= ? where next_val=?
21:21:00.454 [main] DEBUG o.h.e.i.AbstractSaveEventListener - Generated identifier: 414, using strategy: org.hibernate.id.enhanced.SequenceStyleGenerator
21:21:00.454 [main] DEBUG o.h.e.t.internal.TransactionImpl - committing
21:21:00.454 [main] DEBUG o.h.e.i.AbstractFlushingEventListener - Processing flush-time cascades
21:21:00.454 [main] DEBUG o.h.e.i.AbstractFlushingEventListener - Dirty checking collections
21:21:00.455 [main] DEBUG o.h.e.i.AbstractFlushingEventListener - Flushed: 1 insertions, 0 updates, 0 deletions to 1 objects
21:21:00.455 [main] DEBUG o.h.e.i.AbstractFlushingEventListener - Flushed: 0 (re)creations, 0 updates, 0 removals to 0 collections
21:21:00.455 [main] DEBUG o.h.internal.util.EntityPrinter - Listing entities:
21:21:00.456 [main] DEBUG o.h.internal.util.EntityPrinter - edu.ncsu.csc.itrust2.models.persistent.LogEntry{secondaryUser=null, logCode=5, primaryUser=logapitest, id=414, time=java.util.GregorianCalendar[time=1521667260449,areFieldsSet=true,areAllFieldsSet=true,lenient=true,zone=sun.util.calendar.ZoneInfo[id="Etc/UTC",offset=0,dstSavings=0,useDaylight=false,transitions=0,lastRule=null],firstDayOfWeek=1,minimalDaysInFirstWeek=1,ERA=1,YEAR=2018,MONTH=2,WEEK_OF_YEAR=12,WEEK_OF_MONTH=4,DAY_OF_MONTH=21,DAY_OF_YEAR=80,DAY_OF_WEEK=4,DAY_OF_WEEK_IN_MONTH=3,AM_PM=1,HOUR=9,HOUR_OF_DAY=21,MINUTE=21,SECOND=0,MILLISECOND=449,ZONE_OFFSET=0,DST_OFFSET=0], message=null}
21:21:00.457 [main] DEBUG org.hibernate.SQL - insert into LogEntries (logCode, message, primaryUser, secondaryUser, time, id) values (?, ?, ?, ?, ?, ?)
Hibernate: insert into LogEntries (logCode, message, primaryUser, secondaryUser, time, id) values (?, ?, ?, ?, ?, ?)
21:21:00.459 [main] DEBUG o.h.e.j.internal.JdbcCoordinatorImpl - HHH000420: Closing un-released batch
21:21:00.459 [main] DEBUG o.h.e.t.internal.TransactionImpl - begin
21:21:00.461 [main] DEBUG org.hibernate.SQL - select next_val as id_val from hibernate_sequence for update
Hibernate: select next_val as id_val from hibernate_sequence for update
21:21:00.463 [main] DEBUG org.hibernate.SQL - update hibernate_sequence set next_val= ? where next_val=?
Hibernate: update hibernate_sequence set next_val= ? where next_val=?
21:21:00.464 [main] DEBUG o.h.e.i.AbstractSaveEventListener - Generated identifier: 415, using strategy: org.hibernate.id.enhanced.SequenceStyleGenerator
21:21:00.465 [main] DEBUG o.h.e.t.internal.TransactionImpl - committing
21:21:00.465 [main] DEBUG o.h.e.i.AbstractFlushingEventListener - Processing flush-time cascades
21:21:00.465 [main] DEBUG o.h.e.i.AbstractFlushingEventListener - Dirty checking collections
21:21:00.466 [main] DEBUG o.h.e.i.AbstractFlushingEventListener - Flushed: 1 insertions, 0 updates, 0 deletions to 1 objects
21:21:00.466 [main] DEBUG o.h.e.i.AbstractFlushingEventListener - Flushed: 0 (re)creations, 0 updates, 0 removals to 0 collections
21:21:00.466 [main] DEBUG o.h.internal.util.EntityPrinter - Listing entities:
21:21:00.466 [main] DEBUG o.h.internal.util.EntityPrinter - edu.ncsu.csc.itrust2.models.persistent.LogEntry{secondaryUser=null, logCode=5, primaryUser=logapitest, id=415, time=java.util.GregorianCalendar[time=1521667260459,areFieldsSet=true,areAllFieldsSet=true,lenient=true,zone=sun.util.calendar.ZoneInfo[id="Etc/UTC",offset=0,dstSavings=0,useDaylight=false,transitions=0,lastRule=null],firstDayOfWeek=1,minimalDaysInFirstWeek=1,ERA=1,YEAR=2018,MONTH=2,WEEK_OF_YEAR=12,WEEK_OF_MONTH=4,DAY_OF_MONTH=21,DAY_OF_YEAR=80,DAY_OF_WEEK=4,DAY_OF_WEEK_IN_MONTH=3,AM_PM=1,HOUR=9,HOUR_OF_DAY=21,MINUTE=21,SECOND=0,MILLISECOND=459,ZONE_OFFSET=0,DST_OFFSET=0], message=null}
21:21:00.467 [main] DEBUG org.hibernate.SQL - insert into LogEntries (logCode, message, primaryUser, secondaryUser, time, id) values (?, ?, ?, ?, ?, ?)
Hibernate: insert into LogEntries (logCode, message, primaryUser, secondaryUser, time, id) values (?, ?, ?, ?, ?, ?)
21:21:00.469 [main] DEBUG o.h.e.j.internal.JdbcCoordinatorImpl - HHH000420: Closing un-released batch
21:21:00.470 [main] DEBUG o.h.e.t.internal.TransactionImpl - begin
21:21:00.471 [main] DEBUG org.hibernate.SQL - select next_val as id_val from hibernate_sequence for update
Hibernate: select next_val as id_val from hibernate_sequence for update
21:21:00.472 [main] DEBUG org.hibernate.SQL - update hibernate_sequence set next_val= ? where next_val=?
Hibernate: update hibernate_sequence set next_val= ? where next_val=?
21:21:00.474 [main] DEBUG o.h.e.i.AbstractSaveEventListener - Generated identifier: 416, using strategy: org.hibernate.id.enhanced.SequenceStyleGenerator
21:21:00.475 [main] DEBUG o.h.e.t.internal.TransactionImpl - committing
21:21:00.475 [main] DEBUG o.h.e.i.AbstractFlushingEventListener - Processing flush-time cascades
21:21:00.475 [main] DEBUG o.h.e.i.AbstractFlushingEventListener - Dirty checking collections
21:21:00.475 [main] DEBUG o.h.e.i.AbstractFlushingEventListener - Flushed: 1 insertions, 0 updates, 0 deletions to 1 objects
21:21:00.476 [main] DEBUG o.h.e.i.AbstractFlushingEventListener - Flushed: 0 (re)creations, 0 updates, 0 removals to 0 collections
21:21:00.476 [main] DEBUG o.h.internal.util.EntityPrinter - Listing entities:
21:21:00.476 [main] DEBUG o.h.internal.util.EntityPrinter - edu.ncsu.csc.itrust2.models.persistent.LogEntry{secondaryUser=null, logCode=5, primaryUser=logapitest, id=416, time=java.util.GregorianCalendar[time=1521667260470,areFieldsSet=true,areAllFieldsSet=true,lenient=true,zone=sun.util.calendar.ZoneInfo[id="Etc/UTC",offset=0,dstSavings=0,useDaylight=false,transitions=0,lastRule=null],firstDayOfWeek=1,minimalDaysInFirstWeek=1,ERA=1,YEAR=2018,MONTH=2,WEEK_OF_YEAR=12,WEEK_OF_MONTH=4,DAY_OF_MONTH=21,DAY_OF_YEAR=80,DAY_OF_WEEK=4,DAY_OF_WEEK_IN_MONTH=3,AM_PM=1,HOUR=9,HOUR_OF_DAY=21,MINUTE=21,SECOND=0,MILLISECOND=470,ZONE_OFFSET=0,DST_OFFSET=0], message=null}
21:21:00.477 [main] DEBUG org.hibernate.SQL - insert into LogEntries (logCode, message, primaryUser, secondaryUser, time, id) values (?, ?, ?, ?, ?, ?)
Hibernate: insert into LogEntries (logCode, message, primaryUser, secondaryUser, time, id) values (?, ?, ?, ?, ?, ?)
21:21:00.479 [main] DEBUG o.h.e.j.internal.JdbcCoordinatorImpl - HHH000420: Closing un-released batch
21:21:00.480 [main] DEBUG o.h.e.t.internal.TransactionImpl - begin
21:21:00.481 [main] DEBUG org.hibernate.SQL - select next_val as id_val from hibernate_sequence for update
Hibernate: select next_val as id_val from hibernate_sequence for update
21:21:00.482 [main] DEBUG org.hibernate.SQL - update hibernate_sequence set next_val= ? where next_val=?
Hibernate: update hibernate_sequence set next_val= ? where next_val=?
21:21:00.484 [main] DEBUG o.h.e.i.AbstractSaveEventListener - Generated identifier: 417, using strategy: org.hibernate.id.enhanced.SequenceStyleGenerator
21:21:00.484 [main] DEBUG o.h.e.t.internal.TransactionImpl - committing
21:21:00.485 [main] DEBUG o.h.e.i.AbstractFlushingEventListener - Processing flush-time cascades
21:21:00.485 [main] DEBUG o.h.e.i.AbstractFlushingEventListener - Dirty checking collections
21:21:00.485 [main] DEBUG o.h.e.i.AbstractFlushingEventListener - Flushed: 1 insertions, 0 updates, 0 deletions to 1 objects
21:21:00.486 [main] DEBUG o.h.e.i.AbstractFlushingEventListener - Flushed: 0 (re)creations, 0 updates, 0 removals to 0 collections
21:21:00.486 [main] DEBUG o.h.internal.util.EntityPrinter - Listing entities:
21:21:00.486 [main] DEBUG o.h.internal.util.EntityPrinter - edu.ncsu.csc.itrust2.models.persistent.LogEntry{secondaryUser=null, logCode=5, primaryUser=logapitest, id=417, time=java.util.GregorianCalendar[time=1521667260480,areFieldsSet=true,areAllFieldsSet=true,lenient=true,zone=sun.util.calendar.ZoneInfo[id="Etc/UTC",offset=0,dstSavings=0,useDaylight=false,transitions=0,lastRule=null],firstDayOfWeek=1,minimalDaysInFirstWeek=1,ERA=1,YEAR=2018,MONTH=2,WEEK_OF_YEAR=12,WEEK_OF_MONTH=4,DAY_OF_MONTH=21,DAY_OF_YEAR=80,DAY_OF_WEEK=4,DAY_OF_WEEK_IN_MONTH=3,AM_PM=1,HOUR=9,HOUR_OF_DAY=21,MINUTE=21,SECOND=0,MILLISECOND=480,ZONE_OFFSET=0,DST_OFFSET=0], message=null}
21:21:00.486 [main] DEBUG org.hibernate.SQL - insert into LogEntries (logCode, message, primaryUser, secondaryUser, time, id) values (?, ?, ?, ?, ?, ?)
Hibernate: insert into LogEntries (logCode, message, primaryUser, secondaryUser, time, id) values (?, ?, ?, ?, ?, ?)
21:21:00.488 [main] DEBUG o.h.e.j.internal.JdbcCoordinatorImpl - HHH000420: Closing un-released batch
21:21:00.489 [main] DEBUG o.h.e.t.internal.TransactionImpl - begin
21:21:00.489 [main] DEBUG org.hibernate.SQL - select next_val as id_val from hibernate_sequence for update
Hibernate: select next_val as id_val from hibernate_sequence for update
21:21:00.490 [main] DEBUG org.hibernate.SQL - update hibernate_sequence set next_val= ? where next_val=?
Hibernate: update hibernate_sequence set next_val= ? where next_val=?
21:21:00.492 [main] DEBUG o.h.e.i.AbstractSaveEventListener - Generated identifier: 418, using strategy: org.hibernate.id.enhanced.SequenceStyleGenerator
21:21:00.493 [main] DEBUG o.h.e.t.internal.TransactionImpl - committing
21:21:00.493 [main] DEBUG o.h.e.i.AbstractFlushingEventListener - Processing flush-time cascades
21:21:00.493 [main] DEBUG o.h.e.i.AbstractFlushingEventListener - Dirty checking collections
21:21:00.493 [main] DEBUG o.h.e.i.AbstractFlushingEventListener - Flushed: 1 insertions, 0 updates, 0 deletions to 1 objects
21:21:00.493 [main] DEBUG o.h.e.i.AbstractFlushingEventListener - Flushed: 0 (re)creations, 0 updates, 0 removals to 0 collections
21:21:00.494 [main] DEBUG o.h.internal.util.EntityPrinter - Listing entities:
21:21:00.494 [main] DEBUG o.h.internal.util.EntityPrinter - edu.ncsu.csc.itrust2.models.persistent.LogEntry{secondaryUser=null, logCode=5, primaryUser=logapitest, id=418, time=java.util.GregorianCalendar[time=1521667260489,areFieldsSet=true,areAllFieldsSet=true,lenient=true,zone=sun.util.calendar.ZoneInfo[id="Etc/UTC",offset=0,dstSavings=0,useDaylight=false,transitions=0,lastRule=null],firstDayOfWeek=1,minimalDaysInFirstWeek=1,ERA=1,YEAR=2018,MONTH=2,WEEK_OF_YEAR=12,WEEK_OF_MONTH=4,DAY_OF_MONTH=21,DAY_OF_YEAR=80,DAY_OF_WEEK=4,DAY_OF_WEEK_IN_MONTH=3,AM_PM=1,HOUR=9,HOUR_OF_DAY=21,MINUTE=21,SECOND=0,MILLISECOND=489,ZONE_OFFSET=0,DST_OFFSET=0], message=null}
21:21:00.495 [main] DEBUG org.hibernate.SQL - insert into LogEntries (logCode, message, primaryUser, secondaryUser, time, id) values (?, ?, ?, ?, ?, ?)
Hibernate: insert into LogEntries (logCode, message, primaryUser, secondaryUser, time, id) values (?, ?, ?, ?, ?, ?)
21:21:00.498 [main] DEBUG o.h.e.j.internal.JdbcCoordinatorImpl - HHH000420: Closing un-released batch
21:21:00.499 [main] DEBUG o.h.e.t.internal.TransactionImpl - begin
21:21:00.500 [main] DEBUG org.hibernate.SQL - select next_val as id_val from hibernate_sequence for update
Hibernate: select next_val as id_val from hibernate_sequence for update
21:21:00.501 [main] DEBUG org.hibernate.SQL - update hibernate_sequence set next_val= ? where next_val=?
Hibernate: update hibernate_sequence set next_val= ? where next_val=?
21:21:00.503 [main] DEBUG o.h.e.i.AbstractSaveEventListener - Generated identifier: 419, using strategy: org.hibernate.id.enhanced.SequenceStyleGenerator
21:21:00.503 [main] DEBUG o.h.e.t.internal.TransactionImpl - committing
21:21:00.504 [main] DEBUG o.h.e.i.AbstractFlushingEventListener - Processing flush-time cascades
21:21:00.504 [main] DEBUG o.h.e.i.AbstractFlushingEventListener - Dirty checking collections
21:21:00.504 [main] DEBUG o.h.e.i.AbstractFlushingEventListener - Flushed: 1 insertions, 0 updates, 0 deletions to 1 objects
21:21:00.505 [main] DEBUG o.h.e.i.AbstractFlushingEventListener - Flushed: 0 (re)creations, 0 updates, 0 removals to 0 collections
21:21:00.505 [main] DEBUG o.h.internal.util.EntityPrinter - Listing entities:
21:21:00.505 [main] DEBUG o.h.internal.util.EntityPrinter - edu.ncsu.csc.itrust2.models.persistent.LogEntry{secondaryUser=null, logCode=5, primaryUser=logapitest, id=419, time=java.util.GregorianCalendar[time=1521667260499,areFieldsSet=true,areAllFieldsSet=true,lenient=true,zone=sun.util.calendar.ZoneInfo[id="Etc/UTC",offset=0,dstSavings=0,useDaylight=false,transitions=0,lastRule=null],firstDayOfWeek=1,minimalDaysInFirstWeek=1,ERA=1,YEAR=2018,MONTH=2,WEEK_OF_YEAR=12,WEEK_OF_MONTH=4,DAY_OF_MONTH=21,DAY_OF_YEAR=80,DAY_OF_WEEK=4,DAY_OF_WEEK_IN_MONTH=3,AM_PM=1,HOUR=9,HOUR_OF_DAY=21,MINUTE=21,SECOND=0,MILLISECOND=499,ZONE_OFFSET=0,DST_OFFSET=0], message=null}
21:21:00.506 [main] DEBUG org.hibernate.SQL - insert into LogEntries (logCode, message, primaryUser, secondaryUser, time, id) values (?, ?, ?, ?, ?, ?)
Hibernate: insert into LogEntries (logCode, message, primaryUser, secondaryUser, time, id) values (?, ?, ?, ?, ?, ?)
21:21:00.508 [main] DEBUG o.h.e.j.internal.JdbcCoordinatorImpl - HHH000420: Closing un-released batch
21:21:00.510 [main] DEBUG o.h.e.t.internal.TransactionImpl - begin
21:21:00.511 [main] DEBUG org.hibernate.SQL - select next_val as id_val from hibernate_sequence for update
Hibernate: select next_val as id_val from hibernate_sequence for update
21:21:00.513 [main] DEBUG org.hibernate.SQL - update hibernate_sequence set next_val= ? where next_val=?
Hibernate: update hibernate_sequence set next_val= ? where next_val=?
21:21:00.515 [main] DEBUG o.h.e.i.AbstractSaveEventListener - Generated identifier: 420, using strategy: org.hibernate.id.enhanced.SequenceStyleGenerator
21:21:00.516 [main] DEBUG o.h.e.t.internal.TransactionImpl - committing
21:21:00.518 [main] DEBUG o.h.e.i.AbstractFlushingEventListener - Processing flush-time cascades
21:21:00.518 [main] DEBUG o.h.e.i.AbstractFlushingEventListener - Dirty checking collections
21:21:00.519 [main] DEBUG o.h.e.i.AbstractFlushingEventListener - Flushed: 1 insertions, 0 updates, 0 deletions to 1 objects
21:21:00.519 [main] DEBUG o.h.e.i.AbstractFlushingEventListener - Flushed: 0 (re)creations, 0 updates, 0 removals to 0 collections
21:21:00.519 [main] DEBUG o.h.internal.util.EntityPrinter - Listing entities:
21:21:00.519 [main] DEBUG o.h.internal.util.EntityPrinter - edu.ncsu.csc.itrust2.models.persistent.LogEntry{secondaryUser=null, logCode=5, primaryUser=logapitest, id=420, time=java.util.GregorianCalendar[time=1521667260509,areFieldsSet=true,areAllFieldsSet=true,lenient=true,zone=sun.util.calendar.ZoneInfo[id="Etc/UTC",offset=0,dstSavings=0,useDaylight=false,transitions=0,lastRule=null],firstDayOfWeek=1,minimalDaysInFirstWeek=1,ERA=1,YEAR=2018,MONTH=2,WEEK_OF_YEAR=12,WEEK_OF_MONTH=4,DAY_OF_MONTH=21,DAY_OF_YEAR=80,DAY_OF_WEEK=4,DAY_OF_WEEK_IN_MONTH=3,AM_PM=1,HOUR=9,HOUR_OF_DAY=21,MINUTE=21,SECOND=0,MILLISECOND=509,ZONE_OFFSET=0,DST_OFFSET=0], message=null}
21:21:00.520 [main] DEBUG org.hibernate.SQL - insert into LogEntries (logCode, message, primaryUser, secondaryUser, time, id) values (?, ?, ?, ?, ?, ?)
Hibernate: insert into LogEntries (logCode, message, primaryUser, secondaryUser, time, id) values (?, ?, ?, ?, ?, ?)
21:21:00.522 [main] DEBUG o.h.e.j.internal.JdbcCoordinatorImpl - HHH000420: Closing un-released batch
21:21:00.523 [main] DEBUG o.h.e.t.internal.TransactionImpl - begin
21:21:00.525 [main] DEBUG org.hibernate.SQL - select next_val as id_val from hibernate_sequence for update
Hibernate: select next_val as id_val from hibernate_sequence for update
21:21:00.526 [main] DEBUG org.hibernate.SQL - update hibernate_sequence set next_val= ? where next_val=?
Hibernate: update hibernate_sequence set next_val= ? where next_val=?
21:21:00.528 [main] DEBUG o.h.e.i.AbstractSaveEventListener - Generated identifier: 421, using strategy: org.hibernate.id.enhanced.SequenceStyleGenerator
21:21:00.529 [main] DEBUG o.h.e.t.internal.TransactionImpl - committing
21:21:00.530 [main] DEBUG o.h.e.i.AbstractFlushingEventListener - Processing flush-time cascades
21:21:00.530 [main] DEBUG o.h.e.i.AbstractFlushingEventListener - Dirty checking collections
21:21:00.531 [main] DEBUG o.h.e.i.AbstractFlushingEventListener - Flushed: 1 insertions, 0 updates, 0 deletions to 1 objects
21:21:00.531 [main] DEBUG o.h.e.i.AbstractFlushingEventListener - Flushed: 0 (re)creations, 0 updates, 0 removals to 0 collections
21:21:00.531 [main] DEBUG o.h.internal.util.EntityPrinter - Listing entities:
21:21:00.532 [main] DEBUG o.h.internal.util.EntityPrinter - edu.ncsu.csc.itrust2.models.persistent.LogEntry{secondaryUser=null, logCode=5, primaryUser=logapitest, id=421, time=java.util.GregorianCalendar[time=1521667260523,areFieldsSet=true,areAllFieldsSet=true,lenient=true,zone=sun.util.calendar.ZoneInfo[id="Etc/UTC",offset=0,dstSavings=0,useDaylight=false,transitions=0,lastRule=null],firstDayOfWeek=1,minimalDaysInFirstWeek=1,ERA=1,YEAR=2018,MONTH=2,WEEK_OF_YEAR=12,WEEK_OF_MONTH=4,DAY_OF_MONTH=21,DAY_OF_YEAR=80,DAY_OF_WEEK=4,DAY_OF_WEEK_IN_MONTH=3,AM_PM=1,HOUR=9,HOUR_OF_DAY=21,MINUTE=21,SECOND=0,MILLISECOND=523,ZONE_OFFSET=0,DST_OFFSET=0], message=null}
21:21:00.533 [main] DEBUG org.hibernate.SQL - insert into LogEntries (logCode, message, primaryUser, secondaryUser, time, id) values (?, ?, ?, ?, ?, ?)
Hibernate: insert into LogEntries (logCode, message, primaryUser, secondaryUser, time, id) values (?, ?, ?, ?, ?, ?)
21:21:00.535 [main] DEBUG o.h.e.j.internal.JdbcCoordinatorImpl - HHH000420: Closing un-released batch
21:21:00.536 [main] DEBUG o.h.e.t.internal.TransactionImpl - begin
21:21:00.537 [main] DEBUG org.hibernate.SQL - select next_val as id_val from hibernate_sequence for update
Hibernate: select next_val as id_val from hibernate_sequence for update
21:21:00.539 [main] DEBUG org.hibernate.SQL - update hibernate_sequence set next_val= ? where next_val=?
Hibernate: update hibernate_sequence set next_val= ? where next_val=?
21:21:00.542 [main] DEBUG o.h.e.i.AbstractSaveEventListener - Generated identifier: 422, using strategy: org.hibernate.id.enhanced.SequenceStyleGenerator
21:21:00.542 [main] DEBUG o.h.e.t.internal.TransactionImpl - committing
21:21:00.543 [main] DEBUG o.h.e.i.AbstractFlushingEventListener - Processing flush-time cascades
21:21:00.543 [main] DEBUG o.h.e.i.AbstractFlushingEventListener - Dirty checking collections
21:21:00.543 [main] DEBUG o.h.e.i.AbstractFlushingEventListener - Flushed: 1 insertions, 0 updates, 0 deletions to 1 objects
21:21:00.543 [main] DEBUG o.h.e.i.AbstractFlushingEventListener - Flushed: 0 (re)creations, 0 updates, 0 removals to 0 collections
21:21:00.544 [main] DEBUG o.h.internal.util.EntityPrinter - Listing entities:
21:21:00.544 [main] DEBUG o.h.internal.util.EntityPrinter - edu.ncsu.csc.itrust2.models.persistent.LogEntry{secondaryUser=null, logCode=5, primaryUser=logapitest, id=422, time=java.util.GregorianCalendar[time=1521667260536,areFieldsSet=true,areAllFieldsSet=true,lenient=true,zone=sun.util.calendar.ZoneInfo[id="Etc/UTC",offset=0,dstSavings=0,useDaylight=false,transitions=0,lastRule=null],firstDayOfWeek=1,minimalDaysInFirstWeek=1,ERA=1,YEAR=2018,MONTH=2,WEEK_OF_YEAR=12,WEEK_OF_MONTH=4,DAY_OF_MONTH=21,DAY_OF_YEAR=80,DAY_OF_WEEK=4,DAY_OF_WEEK_IN_MONTH=3,AM_PM=1,HOUR=9,HOUR_OF_DAY=21,MINUTE=21,SECOND=0,MILLISECOND=536,ZONE_OFFSET=0,DST_OFFSET=0], message=null}
21:21:00.545 [main] DEBUG org.hibernate.SQL - insert into LogEntries (logCode, message, primaryUser, secondaryUser, time, id) values (?, ?, ?, ?, ?, ?)
Hibernate: insert into LogEntries (logCode, message, primaryUser, secondaryUser, time, id) values (?, ?, ?, ?, ?, ?)
21:21:00.549 [main] DEBUG o.h.e.j.internal.JdbcCoordinatorImpl - HHH000420: Closing un-released batch
21:21:00.550 [main] DEBUG o.h.e.t.internal.TransactionImpl - begin
21:21:00.551 [main] DEBUG org.hibernate.SQL - select next_val as id_val from hibernate_sequence for update
Hibernate: select next_val as id_val from hibernate_sequence for update
21:21:00.552 [main] DEBUG org.hibernate.SQL - update hibernate_sequence set next_val= ? where next_val=?
Hibernate: update hibernate_sequence set next_val= ? where next_val=?
21:21:00.554 [main] DEBUG o.h.e.i.AbstractSaveEventListener - Generated identifier: 423, using strategy: org.hibernate.id.enhanced.SequenceStyleGenerator
21:21:00.555 [main] DEBUG o.h.e.t.internal.TransactionImpl - committing
21:21:00.555 [main] DEBUG o.h.e.i.AbstractFlushingEventListener - Processing flush-time cascades
21:21:00.555 [main] DEBUG o.h.e.i.AbstractFlushingEventListener - Dirty checking collections
21:21:00.555 [main] DEBUG o.h.e.i.AbstractFlushingEventListener - Flushed: 1 insertions, 0 updates, 0 deletions to 1 objects
21:21:00.555 [main] DEBUG o.h.e.i.AbstractFlushingEventListener - Flushed: 0 (re)creations, 0 updates, 0 removals to 0 collections
21:21:00.555 [main] DEBUG o.h.internal.util.EntityPrinter - Listing entities:
21:21:00.556 [main] DEBUG o.h.internal.util.EntityPrinter - edu.ncsu.csc.itrust2.models.persistent.LogEntry{secondaryUser=null, logCode=5, primaryUser=logapitest, id=423, time=java.util.GregorianCalendar[time=1521667260550,areFieldsSet=true,areAllFieldsSet=true,lenient=true,zone=sun.util.calendar.ZoneInfo[id="Etc/UTC",offset=0,dstSavings=0,useDaylight=false,transitions=0,lastRule=null],firstDayOfWeek=1,minimalDaysInFirstWeek=1,ERA=1,YEAR=2018,MONTH=2,WEEK_OF_YEAR=12,WEEK_OF_MONTH=4,DAY_OF_MONTH=21,DAY_OF_YEAR=80,DAY_OF_WEEK=4,DAY_OF_WEEK_IN_MONTH=3,AM_PM=1,HOUR=9,HOUR_OF_DAY=21,MINUTE=21,SECOND=0,MILLISECOND=550,ZONE_OFFSET=0,DST_OFFSET=0], message=null}
21:21:00.557 [main] DEBUG org.hibernate.SQL - insert into LogEntries (logCode, message, primaryUser, secondaryUser, time, id) values (?, ?, ?, ?, ?, ?)
Hibernate: insert into LogEntries (logCode, message, primaryUser, secondaryUser, time, id) values (?, ?, ?, ?, ?, ?)
21:21:00.559 [main] DEBUG o.h.e.j.internal.JdbcCoordinatorImpl - HHH000420: Closing un-released batch
21:21:00.560 [main] DEBUG o.h.e.t.internal.TransactionImpl - begin
21:21:00.561 [main] DEBUG org.hibernate.SQL - select next_val as id_val from hibernate_sequence for update
Hibernate: select next_val as id_val from hibernate_sequence for update
21:21:00.562 [main] DEBUG org.hibernate.SQL - update hibernate_sequence set next_val= ? where next_val=?
Hibernate: update hibernate_sequence set next_val= ? where next_val=?
21:21:00.565 [main] DEBUG o.h.e.i.AbstractSaveEventListener - Generated identifier: 424, using strategy: org.hibernate.id.enhanced.SequenceStyleGenerator
21:21:00.565 [main] DEBUG o.h.e.t.internal.TransactionImpl - committing
21:21:00.566 [main] DEBUG o.h.e.i.AbstractFlushingEventListener - Processing flush-time cascades
21:21:00.566 [main] DEBUG o.h.e.i.AbstractFlushingEventListener - Dirty checking collections
21:21:00.567 [main] DEBUG o.h.e.i.AbstractFlushingEventListener - Flushed: 1 insertions, 0 updates, 0 deletions to 1 objects
21:21:00.567 [main] DEBUG o.h.e.i.AbstractFlushingEventListener - Flushed: 0 (re)creations, 0 updates, 0 removals to 0 collections
21:21:00.567 [main] DEBUG o.h.internal.util.EntityPrinter - Listing entities:
21:21:00.567 [main] DEBUG o.h.internal.util.EntityPrinter - edu.ncsu.csc.itrust2.models.persistent.LogEntry{secondaryUser=null, logCode=5, primaryUser=logapitest, id=424, time=java.util.GregorianCalendar[time=1521667260560,areFieldsSet=true,areAllFieldsSet=true,lenient=true,zone=sun.util.calendar.ZoneInfo[id="Etc/UTC",offset=0,dstSavings=0,useDaylight=false,transitions=0,lastRule=null],firstDayOfWeek=1,minimalDaysInFirstWeek=1,ERA=1,YEAR=2018,MONTH=2,WEEK_OF_YEAR=12,WEEK_OF_MONTH=4,DAY_OF_MONTH=21,DAY_OF_YEAR=80,DAY_OF_WEEK=4,DAY_OF_WEEK_IN_MONTH=3,AM_PM=1,HOUR=9,HOUR_OF_DAY=21,MINUTE=21,SECOND=0,MILLISECOND=560,ZONE_OFFSET=0,DST_OFFSET=0], message=null}
21:21:00.568 [main] DEBUG org.hibernate.SQL - insert into LogEntries (logCode, message, primaryUser, secondaryUser, time, id) values (?, ?, ?, ?, ?, ?)
Hibernate: insert into LogEntries (logCode, message, primaryUser, secondaryUser, time, id) values (?, ?, ?, ?, ?, ?)
21:21:00.570 [main] DEBUG o.h.e.j.internal.JdbcCoordinatorImpl - HHH000420: Closing un-released batch
21:21:00.571 [main] DEBUG o.h.e.t.internal.TransactionImpl - begin
21:21:00.572 [main] DEBUG org.hibernate.SQL - select next_val as id_val from hibernate_sequence for update
Hibernate: select next_val as id_val from hibernate_sequence for update
21:21:00.573 [main] DEBUG org.hibernate.SQL - update hibernate_sequence set next_val= ? where next_val=?
Hibernate: update hibernate_sequence set next_val= ? where next_val=?
21:21:00.575 [main] DEBUG o.h.e.i.AbstractSaveEventListener - Generated identifier: 425, using strategy: org.hibernate.id.enhanced.SequenceStyleGenerator
21:21:00.576 [main] DEBUG o.h.e.t.internal.TransactionImpl - committing
21:21:00.576 [main] DEBUG o.h.e.i.AbstractFlushingEventListener - Processing flush-time cascades
21:21:00.576 [main] DEBUG o.h.e.i.AbstractFlushingEventListener - Dirty checking collections
21:21:00.577 [main] DEBUG o.h.e.i.AbstractFlushingEventListener - Flushed: 1 insertions, 0 updates, 0 deletions to 1 objects
21:21:00.577 [main] DEBUG o.h.e.i.AbstractFlushingEventListener - Flushed: 0 (re)creations, 0 updates, 0 removals to 0 collections
21:21:00.577 [main] DEBUG o.h.internal.util.EntityPrinter - Listing entities:
21:21:00.578 [main] DEBUG o.h.internal.util.EntityPrinter - edu.ncsu.csc.itrust2.models.persistent.LogEntry{secondaryUser=null, logCode=5, primaryUser=logapitest, id=425, time=java.util.GregorianCalendar[time=1521667260571,areFieldsSet=true,areAllFieldsSet=true,lenient=true,zone=sun.util.calendar.ZoneInfo[id="Etc/UTC",offset=0,dstSavings=0,useDaylight=false,transitions=0,lastRule=null],firstDayOfWeek=1,minimalDaysInFirstWeek=1,ERA=1,YEAR=2018,MONTH=2,WEEK_OF_YEAR=12,WEEK_OF_MONTH=4,DAY_OF_MONTH=21,DAY_OF_YEAR=80,DAY_OF_WEEK=4,DAY_OF_WEEK_IN_MONTH=3,AM_PM=1,HOUR=9,HOUR_OF_DAY=21,MINUTE=21,SECOND=0,MILLISECOND=571,ZONE_OFFSET=0,DST_OFFSET=0], message=null}
21:21:00.579 [main] DEBUG org.hibernate.SQL - insert into LogEntries (logCode, message, primaryUser, secondaryUser, time, id) values (?, ?, ?, ?, ?, ?)
Hibernate: insert into LogEntries (logCode, message, primaryUser, secondaryUser, time, id) values (?, ?, ?, ?, ?, ?)
21:21:00.581 [main] DEBUG o.h.e.j.internal.JdbcCoordinatorImpl - HHH000420: Closing un-released batch
21:21:00.582 [main] DEBUG o.h.e.t.internal.TransactionImpl - begin
21:21:00.584 [main] DEBUG org.hibernate.SQL - select next_val as id_val from hibernate_sequence for update
Hibernate: select next_val as id_val from hibernate_sequence for update
21:21:00.586 [main] DEBUG org.hibernate.SQL - update hibernate_sequence set next_val= ? where next_val=?
Hibernate: update hibernate_sequence set next_val= ? where next_val=?
21:21:00.588 [main] DEBUG o.h.e.i.AbstractSaveEventListener - Generated identifier: 426, using strategy: org.hibernate.id.enhanced.SequenceStyleGenerator
21:21:00.589 [main] DEBUG o.h.e.t.internal.TransactionImpl - committing
21:21:00.590 [main] DEBUG o.h.e.i.AbstractFlushingEventListener - Processing flush-time cascades
21:21:00.590 [main] DEBUG o.h.e.i.AbstractFlushingEventListener - Dirty checking collections
21:21:00.591 [main] DEBUG o.h.e.i.AbstractFlushingEventListener - Flushed: 1 insertions, 0 updates, 0 deletions to 1 objects
21:21:00.591 [main] DEBUG o.h.e.i.AbstractFlushingEventListener - Flushed: 0 (re)creations, 0 updates, 0 removals to 0 collections
21:21:00.591 [main] DEBUG o.h.internal.util.EntityPrinter - Listing entities:
21:21:00.591 [main] DEBUG o.h.internal.util.EntityPrinter - edu.ncsu.csc.itrust2.models.persistent.LogEntry{secondaryUser=null, logCode=5, primaryUser=logapitest, id=426, time=java.util.GregorianCalendar[time=1521667260582,areFieldsSet=true,areAllFieldsSet=true,lenient=true,zone=sun.util.calendar.ZoneInfo[id="Etc/UTC",offset=0,dstSavings=0,useDaylight=false,transitions=0,lastRule=null],firstDayOfWeek=1,minimalDaysInFirstWeek=1,ERA=1,YEAR=2018,MONTH=2,WEEK_OF_YEAR=12,WEEK_OF_MONTH=4,DAY_OF_MONTH=21,DAY_OF_YEAR=80,DAY_OF_WEEK=4,DAY_OF_WEEK_IN_MONTH=3,AM_PM=1,HOUR=9,HOUR_OF_DAY=21,MINUTE=21,SECOND=0,MILLISECOND=582,ZONE_OFFSET=0,DST_OFFSET=0], message=null}
21:21:00.593 [main] DEBUG org.hibernate.SQL - insert into LogEntries (logCode, message, primaryUser, secondaryUser, time, id) values (?, ?, ?, ?, ?, ?)
Hibernate: insert into LogEntries (logCode, message, primaryUser, secondaryUser, time, id) values (?, ?, ?, ?, ?, ?)
21:21:00.595 [main] DEBUG o.h.e.j.internal.JdbcCoordinatorImpl - HHH000420: Closing un-released batch
21:21:00.596 [main] DEBUG o.h.e.t.internal.TransactionImpl - begin
21:21:00.597 [main] DEBUG org.hibernate.SQL - select next_val as id_val from hibernate_sequence for update
Hibernate: select next_val as id_val from hibernate_sequence for update
21:21:00.599 [main] DEBUG org.hibernate.SQL - update hibernate_sequence set next_val= ? where next_val=?
Hibernate: update hibernate_sequence set next_val= ? where next_val=?
21:21:00.601 [main] DEBUG o.h.e.i.AbstractSaveEventListener - Generated identifier: 427, using strategy: org.hibernate.id.enhanced.SequenceStyleGenerator
21:21:00.601 [main] DEBUG o.h.e.t.internal.TransactionImpl - committing
21:21:00.602 [main] DEBUG o.h.e.i.AbstractFlushingEventListener - Processing flush-time cascades
21:21:00.602 [main] DEBUG o.h.e.i.AbstractFlushingEventListener - Dirty checking collections
21:21:00.602 [main] DEBUG o.h.e.i.AbstractFlushingEventListener - Flushed: 1 insertions, 0 updates, 0 deletions to 1 objects
21:21:00.603 [main] DEBUG o.h.e.i.AbstractFlushingEventListener - Flushed: 0 (re)creations, 0 updates, 0 removals to 0 collections
21:21:00.603 [main] DEBUG o.h.internal.util.EntityPrinter - Listing entities:
21:21:00.603 [main] DEBUG o.h.internal.util.EntityPrinter - edu.ncsu.csc.itrust2.models.persistent.LogEntry{secondaryUser=null, logCode=5, primaryUser=logapitest, id=427, time=java.util.GregorianCalendar[time=1521667260596,areFieldsSet=true,areAllFieldsSet=true,lenient=true,zone=sun.util.calendar.ZoneInfo[id="Etc/UTC",offset=0,dstSavings=0,useDaylight=false,transitions=0,lastRule=null],firstDayOfWeek=1,minimalDaysInFirstWeek=1,ERA=1,YEAR=2018,MONTH=2,WEEK_OF_YEAR=12,WEEK_OF_MONTH=4,DAY_OF_MONTH=21,DAY_OF_YEAR=80,DAY_OF_WEEK=4,DAY_OF_WEEK_IN_MONTH=3,AM_PM=1,HOUR=9,HOUR_OF_DAY=21,MINUTE=21,SECOND=0,MILLISECOND=596,ZONE_OFFSET=0,DST_OFFSET=0], message=null}
21:21:00.604 [main] DEBUG org.hibernate.SQL - insert into LogEntries (logCode, message, primaryUser, secondaryUser, time, id) values (?, ?, ?, ?, ?, ?)
Hibernate: insert into LogEntries (logCode, message, primaryUser, secondaryUser, time, id) values (?, ?, ?, ?, ?, ?)
21:21:00.606 [main] DEBUG o.h.e.j.internal.JdbcCoordinatorImpl - HHH000420: Closing un-released batch
21:21:00.607 [main] DEBUG o.h.e.t.internal.TransactionImpl - begin
21:21:00.609 [main] DEBUG org.hibernate.SQL - select next_val as id_val from hibernate_sequence for update
Hibernate: select next_val as id_val from hibernate_sequence for update
21:21:00.612 [main] DEBUG org.hibernate.SQL - update hibernate_sequence set next_val= ? where next_val=?
Hibernate: update hibernate_sequence set next_val= ? where next_val=?
21:21:00.614 [main] DEBUG o.h.e.i.AbstractSaveEventListener - Generated identifier: 428, using strategy: org.hibernate.id.enhanced.SequenceStyleGenerator
21:21:00.615 [main] DEBUG o.h.e.t.internal.TransactionImpl - committing
21:21:00.615 [main] DEBUG o.h.e.i.AbstractFlushingEventListener - Processing flush-time cascades
21:21:00.615 [main] DEBUG o.h.e.i.AbstractFlushingEventListener - Dirty checking collections
21:21:00.616 [main] DEBUG o.h.e.i.AbstractFlushingEventListener - Flushed: 1 insertions, 0 updates, 0 deletions to 1 objects
21:21:00.616 [main] DEBUG o.h.e.i.AbstractFlushingEventListener - Flushed: 0 (re)creations, 0 updates, 0 removals to 0 collections
21:21:00.616 [main] DEBUG o.h.internal.util.EntityPrinter - Listing entities:
21:21:00.617 [main] DEBUG o.h.internal.util.EntityPrinter - edu.ncsu.csc.itrust2.models.persistent.LogEntry{secondaryUser=null, logCode=5, primaryUser=logapitest, id=428, time=java.util.GregorianCalendar[time=1521667260607,areFieldsSet=true,areAllFieldsSet=true,lenient=true,zone=sun.util.calendar.ZoneInfo[id="Etc/UTC",offset=0,dstSavings=0,useDaylight=false,transitions=0,lastRule=null],firstDayOfWeek=1,minimalDaysInFirstWeek=1,ERA=1,YEAR=2018,MONTH=2,WEEK_OF_YEAR=12,WEEK_OF_MONTH=4,DAY_OF_MONTH=21,DAY_OF_YEAR=80,DAY_OF_WEEK=4,DAY_OF_WEEK_IN_MONTH=3,AM_PM=1,HOUR=9,HOUR_OF_DAY=21,MINUTE=21,SECOND=0,MILLISECOND=607,ZONE_OFFSET=0,DST_OFFSET=0], message=null}
21:21:00.617 [main] DEBUG org.hibernate.SQL - insert into LogEntries (logCode, message, primaryUser, secondaryUser, time, id) values (?, ?, ?, ?, ?, ?)
Hibernate: insert into LogEntries (logCode, message, primaryUser, secondaryUser, time, id) values (?, ?, ?, ?, ?, ?)
21:21:00.619 [main] DEBUG o.h.e.j.internal.JdbcCoordinatorImpl - HHH000420: Closing un-released batch
21:21:00.620 [main] DEBUG o.h.e.t.internal.TransactionImpl - begin
21:21:00.621 [main] DEBUG org.hibernate.SQL - select next_val as id_val from hibernate_sequence for update
Hibernate: select next_val as id_val from hibernate_sequence for update
21:21:00.622 [main] DEBUG org.hibernate.SQL - update hibernate_sequence set next_val= ? where next_val=?
Hibernate: update hibernate_sequence set next_val= ? where next_val=?
21:21:00.626 [main] DEBUG o.h.e.i.AbstractSaveEventListener - Generated identifier: 429, using strategy: org.hibernate.id.enhanced.SequenceStyleGenerator
21:21:00.627 [main] DEBUG o.h.e.t.internal.TransactionImpl - committing
21:21:00.627 [main] DEBUG o.h.e.i.AbstractFlushingEventListener - Processing flush-time cascades
21:21:00.628 [main] DEBUG o.h.e.i.AbstractFlushingEventListener - Dirty checking collections
21:21:00.628 [main] DEBUG o.h.e.i.AbstractFlushingEventListener - Flushed: 1 insertions, 0 updates, 0 deletions to 1 objects
21:21:00.629 [main] DEBUG o.h.e.i.AbstractFlushingEventListener - Flushed: 0 (re)creations, 0 updates, 0 removals to 0 collections
21:21:00.629 [main] DEBUG o.h.internal.util.EntityPrinter - Listing entities:
21:21:00.630 [main] DEBUG o.h.internal.util.EntityPrinter - edu.ncsu.csc.itrust2.models.persistent.LogEntry{secondaryUser=null, logCode=5, primaryUser=logapitest, id=429, time=java.util.GregorianCalendar[time=1521667260620,areFieldsSet=true,areAllFieldsSet=true,lenient=true,zone=sun.util.calendar.ZoneInfo[id="Etc/UTC",offset=0,dstSavings=0,useDaylight=false,transitions=0,lastRule=null],firstDayOfWeek=1,minimalDaysInFirstWeek=1,ERA=1,YEAR=2018,MONTH=2,WEEK_OF_YEAR=12,WEEK_OF_MONTH=4,DAY_OF_MONTH=21,DAY_OF_YEAR=80,DAY_OF_WEEK=4,DAY_OF_WEEK_IN_MONTH=3,AM_PM=1,HOUR=9,HOUR_OF_DAY=21,MINUTE=21,SECOND=0,MILLISECOND=620,ZONE_OFFSET=0,DST_OFFSET=0], message=null}
21:21:00.630 [main] DEBUG org.hibernate.SQL - insert into LogEntries (logCode, message, primaryUser, secondaryUser, time, id) values (?, ?, ?, ?, ?, ?)
Hibernate: insert into LogEntries (logCode, message, primaryUser, secondaryUser, time, id) values (?, ?, ?, ?, ?, ?)
21:21:00.633 [main] DEBUG o.h.e.j.internal.JdbcCoordinatorImpl - HHH000420: Closing un-released batch
21:21:00.634 [main] DEBUG o.h.e.t.internal.TransactionImpl - begin
21:21:00.635 [main] DEBUG org.hibernate.SQL - select next_val as id_val from hibernate_sequence for update
Hibernate: select next_val as id_val from hibernate_sequence for update
21:21:00.637 [main] DEBUG org.hibernate.SQL - update hibernate_sequence set next_val= ? where next_val=?
Hibernate: update hibernate_sequence set next_val= ? where next_val=?
21:21:00.640 [main] DEBUG o.h.e.i.AbstractSaveEventListener - Generated identifier: 430, using strategy: org.hibernate.id.enhanced.SequenceStyleGenerator
21:21:00.642 [main] DEBUG o.h.e.t.internal.TransactionImpl - committing
21:21:00.643 [main] DEBUG o.h.e.i.AbstractFlushingEventListener - Processing flush-time cascades
21:21:00.643 [main] DEBUG o.h.e.i.AbstractFlushingEventListener - Dirty checking collections
21:21:00.643 [main] DEBUG o.h.e.i.AbstractFlushingEventListener - Flushed: 1 insertions, 0 updates, 0 deletions to 1 objects
21:21:00.644 [main] DEBUG o.h.e.i.AbstractFlushingEventListener - Flushed: 0 (re)creations, 0 updates, 0 removals to 0 collections
21:21:00.644 [main] DEBUG o.h.internal.util.EntityPrinter - Listing entities:
21:21:00.644 [main] DEBUG o.h.internal.util.EntityPrinter - edu.ncsu.csc.itrust2.models.persistent.LogEntry{secondaryUser=null, logCode=5, primaryUser=logapitest, id=430, time=java.util.GregorianCalendar[time=1521667260634,areFieldsSet=true,areAllFieldsSet=true,lenient=true,zone=sun.util.calendar.ZoneInfo[id="Etc/UTC",offset=0,dstSavings=0,useDaylight=false,transitions=0,lastRule=null],firstDayOfWeek=1,minimalDaysInFirstWeek=1,ERA=1,YEAR=2018,MONTH=2,WEEK_OF_YEAR=12,WEEK_OF_MONTH=4,DAY_OF_MONTH=21,DAY_OF_YEAR=80,DAY_OF_WEEK=4,DAY_OF_WEEK_IN_MONTH=3,AM_PM=1,HOUR=9,HOUR_OF_DAY=21,MINUTE=21,SECOND=0,MILLISECOND=634,ZONE_OFFSET=0,DST_OFFSET=0], message=null}
21:21:00.645 [main] DEBUG org.hibernate.SQL - insert into LogEntries (logCode, message, primaryUser, secondaryUser, time, id) values (?, ?, ?, ?, ?, ?)
Hibernate: insert into LogEntries (logCode, message, primaryUser, secondaryUser, time, id) values (?, ?, ?, ?, ?, ?)
21:21:00.648 [main] DEBUG o.h.e.j.internal.JdbcCoordinatorImpl - HHH000420: Closing un-released batch
21:21:00.649 [main] DEBUG o.h.e.t.internal.TransactionImpl - begin
21:21:00.653 [main] DEBUG org.hibernate.SQL - select next_val as id_val from hibernate_sequence for update
Hibernate: select next_val as id_val from hibernate_sequence for update
21:21:00.655 [main] DEBUG org.hibernate.SQL - update hibernate_sequence set next_val= ? where next_val=?
Hibernate: update hibernate_sequence set next_val= ? where next_val=?
21:21:00.672 [main] DEBUG o.h.e.i.AbstractSaveEventListener - Generated identifier: 431, using strategy: org.hibernate.id.enhanced.SequenceStyleGenerator
21:21:00.672 [main] DEBUG o.h.e.t.internal.TransactionImpl - committing
21:21:00.672 [main] DEBUG o.h.e.i.AbstractFlushingEventListener - Processing flush-time cascades
21:21:00.672 [main] DEBUG o.h.e.i.AbstractFlushingEventListener - Dirty checking collections
21:21:00.673 [main] DEBUG o.h.e.i.AbstractFlushingEventListener - Flushed: 1 insertions, 0 updates, 0 deletions to 1 objects
21:21:00.673 [main] DEBUG o.h.e.i.AbstractFlushingEventListener - Flushed: 0 (re)creations, 0 updates, 0 removals to 0 collections
21:21:00.673 [main] DEBUG o.h.internal.util.EntityPrinter - Listing entities:
21:21:00.673 [main] DEBUG o.h.internal.util.EntityPrinter - edu.ncsu.csc.itrust2.models.persistent.LogEntry{secondaryUser=null, logCode=5, primaryUser=logapitest, id=431, time=java.util.GregorianCalendar[time=1521667260648,areFieldsSet=true,areAllFieldsSet=true,lenient=true,zone=sun.util.calendar.ZoneInfo[id="Etc/UTC",offset=0,dstSavings=0,useDaylight=false,transitions=0,lastRule=null],firstDayOfWeek=1,minimalDaysInFirstWeek=1,ERA=1,YEAR=2018,MONTH=2,WEEK_OF_YEAR=12,WEEK_OF_MONTH=4,DAY_OF_MONTH=21,DAY_OF_YEAR=80,DAY_OF_WEEK=4,DAY_OF_WEEK_IN_MONTH=3,AM_PM=1,HOUR=9,HOUR_OF_DAY=21,MINUTE=21,SECOND=0,MILLISECOND=648,ZONE_OFFSET=0,DST_OFFSET=0], message=null}
21:21:00.673 [main] DEBUG org.hibernate.SQL - insert into LogEntries (logCode, message, primaryUser, secondaryUser, time, id) values (?, ?, ?, ?, ?, ?)
Hibernate: insert into LogEntries (logCode, message, primaryUser, secondaryUser, time, id) values (?, ?, ?, ?, ?, ?)
21:21:00.675 [main] DEBUG o.h.e.j.internal.JdbcCoordinatorImpl - HHH000420: Closing un-released batch
21:21:00.675 [main] DEBUG o.h.e.t.internal.TransactionImpl - begin
21:21:00.676 [main] DEBUG org.hibernate.SQL - select next_val as id_val from hibernate_sequence for update
Hibernate: select next_val as id_val from hibernate_sequence for update
21:21:00.676 [main] DEBUG org.hibernate.SQL - update hibernate_sequence set next_val= ? where next_val=?
Hibernate: update hibernate_sequence set next_val= ? where next_val=?
21:21:00.677 [main] DEBUG o.h.e.i.AbstractSaveEventListener - Generated identifier: 432, using strategy: org.hibernate.id.enhanced.SequenceStyleGenerator
21:21:00.678 [main] DEBUG o.h.e.t.internal.TransactionImpl - committing
21:21:00.678 [main] DEBUG o.h.e.i.AbstractFlushingEventListener - Processing flush-time cascades
21:21:00.678 [main] DEBUG o.h.e.i.AbstractFlushingEventListener - Dirty checking collections
21:21:00.678 [main] DEBUG o.h.e.i.AbstractFlushingEventListener - Flushed: 1 insertions, 0 updates, 0 deletions to 1 objects
21:21:00.678 [main] DEBUG o.h.e.i.AbstractFlushingEventListener - Flushed: 0 (re)creations, 0 updates, 0 removals to 0 collections
21:21:00.678 [main] DEBUG o.h.internal.util.EntityPrinter - Listing entities:
21:21:00.678 [main] DEBUG o.h.internal.util.EntityPrinter - edu.ncsu.csc.itrust2.models.persistent.LogEntry{secondaryUser=null, logCode=5, primaryUser=logapitest, id=432, time=java.util.GregorianCalendar[time=1521667260675,areFieldsSet=true,areAllFieldsSet=true,lenient=true,zone=sun.util.calendar.ZoneInfo[id="Etc/UTC",offset=0,dstSavings=0,useDaylight=false,transitions=0,lastRule=null],firstDayOfWeek=1,minimalDaysInFirstWeek=1,ERA=1,YEAR=2018,MONTH=2,WEEK_OF_YEAR=12,WEEK_OF_MONTH=4,DAY_OF_MONTH=21,DAY_OF_YEAR=80,DAY_OF_WEEK=4,DAY_OF_WEEK_IN_MONTH=3,AM_PM=1,HOUR=9,HOUR_OF_DAY=21,MINUTE=21,SECOND=0,MILLISECOND=675,ZONE_OFFSET=0,DST_OFFSET=0], message=null}
21:21:00.679 [main] DEBUG org.hibernate.SQL - insert into LogEntries (logCode, message, primaryUser, secondaryUser, time, id) values (?, ?, ?, ?, ?, ?)
Hibernate: insert into LogEntries (logCode, message, primaryUser, secondaryUser, time, id) values (?, ?, ?, ?, ?, ?)
21:21:00.680 [main] DEBUG o.h.e.j.internal.JdbcCoordinatorImpl - HHH000420: Closing un-released batch
21:21:00.681 [main] DEBUG o.h.e.t.internal.TransactionImpl - begin
21:21:00.682 [main] DEBUG org.hibernate.SQL - select next_val as id_val from hibernate_sequence for update
Hibernate: select next_val as id_val from hibernate_sequence for update
21:21:00.683 [main] DEBUG org.hibernate.SQL - update hibernate_sequence set next_val= ? where next_val=?
Hibernate: update hibernate_sequence set next_val= ? where next_val=?
21:21:00.685 [main] DEBUG o.h.e.i.AbstractSaveEventListener - Generated identifier: 433, using strategy: org.hibernate.id.enhanced.SequenceStyleGenerator
21:21:00.685 [main] DEBUG o.h.e.t.internal.TransactionImpl - committing
21:21:00.685 [main] DEBUG o.h.e.i.AbstractFlushingEventListener - Processing flush-time cascades
21:21:00.685 [main] DEBUG o.h.e.i.AbstractFlushingEventListener - Dirty checking collections
21:21:00.685 [main] DEBUG o.h.e.i.AbstractFlushingEventListener - Flushed: 1 insertions, 0 updates, 0 deletions to 1 objects
21:21:00.686 [main] DEBUG o.h.e.i.AbstractFlushingEventListener - Flushed: 0 (re)creations, 0 updates, 0 removals to 0 collections
21:21:00.686 [main] DEBUG o.h.internal.util.EntityPrinter - Listing entities:
21:21:00.686 [main] DEBUG o.h.internal.util.EntityPrinter - edu.ncsu.csc.itrust2.models.persistent.LogEntry{secondaryUser=null, logCode=5, primaryUser=logapitest, id=433, time=java.util.GregorianCalendar[time=1521667260681,areFieldsSet=true,areAllFieldsSet=true,lenient=true,zone=sun.util.calendar.ZoneInfo[id="Etc/UTC",offset=0,dstSavings=0,useDaylight=false,transitions=0,lastRule=null],firstDayOfWeek=1,minimalDaysInFirstWeek=1,ERA=1,YEAR=2018,MONTH=2,WEEK_OF_YEAR=12,WEEK_OF_MONTH=4,DAY_OF_MONTH=21,DAY_OF_YEAR=80,DAY_OF_WEEK=4,DAY_OF_WEEK_IN_MONTH=3,AM_PM=1,HOUR=9,HOUR_OF_DAY=21,MINUTE=21,SECOND=0,MILLISECOND=681,ZONE_OFFSET=0,DST_OFFSET=0], message=null}
21:21:00.687 [main] DEBUG org.hibernate.SQL - insert into LogEntries (logCode, message, primaryUser, secondaryUser, time, id) values (?, ?, ?, ?, ?, ?)
Hibernate: insert into LogEntries (logCode, message, primaryUser, secondaryUser, time, id) values (?, ?, ?, ?, ?, ?)
21:21:00.689 [main] DEBUG o.h.e.j.internal.JdbcCoordinatorImpl - HHH000420: Closing un-released batch
21:21:00.690 [main] DEBUG o.h.e.t.internal.TransactionImpl - begin
21:21:00.691 [main] DEBUG org.hibernate.SQL - select next_val as id_val from hibernate_sequence for update
Hibernate: select next_val as id_val from hibernate_sequence for update
21:21:00.691 [main] DEBUG org.hibernate.SQL - update hibernate_sequence set next_val= ? where next_val=?
Hibernate: update hibernate_sequence set next_val= ? where next_val=?
21:21:00.693 [main] DEBUG o.h.e.i.AbstractSaveEventListener - Generated identifier: 434, using strategy: org.hibernate.id.enhanced.SequenceStyleGenerator
21:21:00.694 [main] DEBUG o.h.e.t.internal.TransactionImpl - committing
21:21:00.694 [main] DEBUG o.h.e.i.AbstractFlushingEventListener - Processing flush-time cascades
21:21:00.695 [main] DEBUG o.h.e.i.AbstractFlushingEventListener - Dirty checking collections
21:21:00.695 [main] DEBUG o.h.e.i.AbstractFlushingEventListener - Flushed: 1 insertions, 0 updates, 0 deletions to 1 objects
21:21:00.695 [main] DEBUG o.h.e.i.AbstractFlushingEventListener - Flushed: 0 (re)creations, 0 updates, 0 removals to 0 collections
21:21:00.696 [main] DEBUG o.h.internal.util.EntityPrinter - Listing entities:
21:21:00.696 [main] DEBUG o.h.internal.util.EntityPrinter - edu.ncsu.csc.itrust2.models.persistent.LogEntry{secondaryUser=null, logCode=5, primaryUser=logapitest, id=434, time=java.util.GregorianCalendar[time=1521667260690,areFieldsSet=true,areAllFieldsSet=true,lenient=true,zone=sun.util.calendar.ZoneInfo[id="Etc/UTC",offset=0,dstSavings=0,useDaylight=false,transitions=0,lastRule=null],firstDayOfWeek=1,minimalDaysInFirstWeek=1,ERA=1,YEAR=2018,MONTH=2,WEEK_OF_YEAR=12,WEEK_OF_MONTH=4,DAY_OF_MONTH=21,DAY_OF_YEAR=80,DAY_OF_WEEK=4,DAY_OF_WEEK_IN_MONTH=3,AM_PM=1,HOUR=9,HOUR_OF_DAY=21,MINUTE=21,SECOND=0,MILLISECOND=690,ZONE_OFFSET=0,DST_OFFSET=0], message=null}
21:21:00.697 [main] DEBUG org.hibernate.SQL - insert into LogEntries (logCode, message, primaryUser, secondaryUser, time, id) values (?, ?, ?, ?, ?, ?)
Hibernate: insert into LogEntries (logCode, message, primaryUser, secondaryUser, time, id) values (?, ?, ?, ?, ?, ?)
21:21:00.699 [main] DEBUG o.h.e.j.internal.JdbcCoordinatorImpl - HHH000420: Closing un-released batch
21:21:00.700 [main] DEBUG o.h.e.t.internal.TransactionImpl - begin
21:21:00.700 [main] DEBUG org.hibernate.SQL - select next_val as id_val from hibernate_sequence for update
Hibernate: select next_val as id_val from hibernate_sequence for update
21:21:00.701 [main] DEBUG org.hibernate.SQL - update hibernate_sequence set next_val= ? where next_val=?
Hibernate: update hibernate_sequence set next_val= ? where next_val=?
21:21:00.702 [main] DEBUG o.h.e.i.AbstractSaveEventListener - Generated identifier: 435, using strategy: org.hibernate.id.enhanced.SequenceStyleGenerator
21:21:00.703 [main] DEBUG o.h.e.t.internal.TransactionImpl - committing
21:21:00.703 [main] DEBUG o.h.e.i.AbstractFlushingEventListener - Processing flush-time cascades
21:21:00.703 [main] DEBUG o.h.e.i.AbstractFlushingEventListener - Dirty checking collections
21:21:00.704 [main] DEBUG o.h.e.i.AbstractFlushingEventListener - Flushed: 1 insertions, 0 updates, 0 deletions to 1 objects
21:21:00.704 [main] DEBUG o.h.e.i.AbstractFlushingEventListener - Flushed: 0 (re)creations, 0 updates, 0 removals to 0 collections
21:21:00.704 [main] DEBUG o.h.internal.util.EntityPrinter - Listing entities:
21:21:00.704 [main] DEBUG o.h.internal.util.EntityPrinter - edu.ncsu.csc.itrust2.models.persistent.LogEntry{secondaryUser=null, logCode=5, primaryUser=logapitest, id=435, time=java.util.GregorianCalendar[time=1521667260700,areFieldsSet=true,areAllFieldsSet=true,lenient=true,zone=sun.util.calendar.ZoneInfo[id="Etc/UTC",offset=0,dstSavings=0,useDaylight=false,transitions=0,lastRule=null],firstDayOfWeek=1,minimalDaysInFirstWeek=1,ERA=1,YEAR=2018,MONTH=2,WEEK_OF_YEAR=12,WEEK_OF_MONTH=4,DAY_OF_MONTH=21,DAY_OF_YEAR=80,DAY_OF_WEEK=4,DAY_OF_WEEK_IN_MONTH=3,AM_PM=1,HOUR=9,HOUR_OF_DAY=21,MINUTE=21,SECOND=0,MILLISECOND=700,ZONE_OFFSET=0,DST_OFFSET=0], message=null}
21:21:00.705 [main] DEBUG org.hibernate.SQL - insert into LogEntries (logCode, message, primaryUser, secondaryUser, time, id) values (?, ?, ?, ?, ?, ?)
Hibernate: insert into LogEntries (logCode, message, primaryUser, secondaryUser, time, id) values (?, ?, ?, ?, ?, ?)
21:21:00.706 [main] DEBUG o.h.e.j.internal.JdbcCoordinatorImpl - HHH000420: Closing un-released batch
21:21:00.707 [main] DEBUG o.h.e.t.internal.TransactionImpl - begin
21:21:00.708 [main] DEBUG org.hibernate.SQL - select next_val as id_val from hibernate_sequence for update
Hibernate: select next_val as id_val from hibernate_sequence for update
21:21:00.709 [main] DEBUG org.hibernate.SQL - update hibernate_sequence set next_val= ? where next_val=?
Hibernate: update hibernate_sequence set next_val= ? where next_val=?
21:21:00.711 [main] DEBUG o.h.e.i.AbstractSaveEventListener - Generated identifier: 436, using strategy: org.hibernate.id.enhanced.SequenceStyleGenerator
21:21:00.712 [main] DEBUG o.h.e.t.internal.TransactionImpl - committing
21:21:00.712 [main] DEBUG o.h.e.i.AbstractFlushingEventListener - Processing flush-time cascades
21:21:00.712 [main] DEBUG o.h.e.i.AbstractFlushingEventListener - Dirty checking collections
21:21:00.713 [main] DEBUG o.h.e.i.AbstractFlushingEventListener - Flushed: 1 insertions, 0 updates, 0 deletions to 1 objects
21:21:00.713 [main] DEBUG o.h.e.i.AbstractFlushingEventListener - Flushed: 0 (re)creations, 0 updates, 0 removals to 0 collections
21:21:00.713 [main] DEBUG o.h.internal.util.EntityPrinter - Listing entities:
21:21:00.713 [main] DEBUG o.h.internal.util.EntityPrinter - edu.ncsu.csc.itrust2.models.persistent.LogEntry{secondaryUser=null, logCode=5, primaryUser=logapitest, id=436, time=java.util.GregorianCalendar[time=1521667260707,areFieldsSet=true,areAllFieldsSet=true,lenient=true,zone=sun.util.calendar.ZoneInfo[id="Etc/UTC",offset=0,dstSavings=0,useDaylight=false,transitions=0,lastRule=null],firstDayOfWeek=1,minimalDaysInFirstWeek=1,ERA=1,YEAR=2018,MONTH=2,WEEK_OF_YEAR=12,WEEK_OF_MONTH=4,DAY_OF_MONTH=21,DAY_OF_YEAR=80,DAY_OF_WEEK=4,DAY_OF_WEEK_IN_MONTH=3,AM_PM=1,HOUR=9,HOUR_OF_DAY=21,MINUTE=21,SECOND=0,MILLISECOND=707,ZONE_OFFSET=0,DST_OFFSET=0], message=null}
21:21:00.714 [main] DEBUG org.hibernate.SQL - insert into LogEntries (logCode, message, primaryUser, secondaryUser, time, id) values (?, ?, ?, ?, ?, ?)
Hibernate: insert into LogEntries (logCode, message, primaryUser, secondaryUser, time, id) values (?, ?, ?, ?, ?, ?)
21:21:00.715 [main] DEBUG o.h.e.j.internal.JdbcCoordinatorImpl - HHH000420: Closing un-released batch
21:21:00.716 [main] DEBUG o.h.e.t.internal.TransactionImpl - begin
21:21:00.717 [main] DEBUG org.hibernate.SQL - select next_val as id_val from hibernate_sequence for update
Hibernate: select next_val as id_val from hibernate_sequence for update
21:21:00.717 [main] DEBUG org.hibernate.SQL - update hibernate_sequence set next_val= ? where next_val=?
Hibernate: update hibernate_sequence set next_val= ? where next_val=?
21:21:00.719 [main] DEBUG o.h.e.i.AbstractSaveEventListener - Generated identifier: 437, using strategy: org.hibernate.id.enhanced.SequenceStyleGenerator
21:21:00.719 [main] DEBUG o.h.e.t.internal.TransactionImpl - committing
21:21:00.719 [main] DEBUG o.h.e.i.AbstractFlushingEventListener - Processing flush-time cascades
21:21:00.720 [main] DEBUG o.h.e.i.AbstractFlushingEventListener - Dirty checking collections
21:21:00.720 [main] DEBUG o.h.e.i.AbstractFlushingEventListener - Flushed: 1 insertions, 0 updates, 0 deletions to 1 objects
21:21:00.720 [main] DEBUG o.h.e.i.AbstractFlushingEventListener - Flushed: 0 (re)creations, 0 updates, 0 removals to 0 collections
21:21:00.720 [main] DEBUG o.h.internal.util.EntityPrinter - Listing entities:
21:21:00.720 [main] DEBUG o.h.internal.util.EntityPrinter - edu.ncsu.csc.itrust2.models.persistent.LogEntry{secondaryUser=null, logCode=5, primaryUser=logapitest, id=437, time=java.util.GregorianCalendar[time=1521667260716,areFieldsSet=true,areAllFieldsSet=true,lenient=true,zone=sun.util.calendar.ZoneInfo[id="Etc/UTC",offset=0,dstSavings=0,useDaylight=false,transitions=0,lastRule=null],firstDayOfWeek=1,minimalDaysInFirstWeek=1,ERA=1,YEAR=2018,MONTH=2,WEEK_OF_YEAR=12,WEEK_OF_MONTH=4,DAY_OF_MONTH=21,DAY_OF_YEAR=80,DAY_OF_WEEK=4,DAY_OF_WEEK_IN_MONTH=3,AM_PM=1,HOUR=9,HOUR_OF_DAY=21,MINUTE=21,SECOND=0,MILLISECOND=716,ZONE_OFFSET=0,DST_OFFSET=0], message=null}
21:21:00.721 [main] DEBUG org.hibernate.SQL - insert into LogEntries (logCode, message, primaryUser, secondaryUser, time, id) values (?, ?, ?, ?, ?, ?)
Hibernate: insert into LogEntries (logCode, message, primaryUser, secondaryUser, time, id) values (?, ?, ?, ?, ?, ?)
21:21:00.723 [main] DEBUG o.h.e.j.internal.JdbcCoordinatorImpl - HHH000420: Closing un-released batch
21:21:00.723 [main] DEBUG o.h.e.t.internal.TransactionImpl - begin
21:21:00.725 [main] DEBUG org.hibernate.SQL - select next_val as id_val from hibernate_sequence for update
Hibernate: select next_val as id_val from hibernate_sequence for update
21:21:00.726 [main] DEBUG org.hibernate.SQL - update hibernate_sequence set next_val= ? where next_val=?
Hibernate: update hibernate_sequence set next_val= ? where next_val=?
21:21:00.728 [main] DEBUG o.h.e.i.AbstractSaveEventListener - Generated identifier: 438, using strategy: org.hibernate.id.enhanced.SequenceStyleGenerator
21:21:00.728 [main] DEBUG o.h.e.t.internal.TransactionImpl - committing
21:21:00.729 [main] DEBUG o.h.e.i.AbstractFlushingEventListener - Processing flush-time cascades
21:21:00.729 [main] DEBUG o.h.e.i.AbstractFlushingEventListener - Dirty checking collections
21:21:00.729 [main] DEBUG o.h.e.i.AbstractFlushingEventListener - Flushed: 1 insertions, 0 updates, 0 deletions to 1 objects
21:21:00.729 [main] DEBUG o.h.e.i.AbstractFlushingEventListener - Flushed: 0 (re)creations, 0 updates, 0 removals to 0 collections
21:21:00.729 [main] DEBUG o.h.internal.util.EntityPrinter - Listing entities:
21:21:00.730 [main] DEBUG o.h.internal.util.EntityPrinter - edu.ncsu.csc.itrust2.models.persistent.LogEntry{secondaryUser=null, logCode=5, primaryUser=logapitest, id=438, time=java.util.GregorianCalendar[time=1521667260723,areFieldsSet=true,areAllFieldsSet=true,lenient=true,zone=sun.util.calendar.ZoneInfo[id="Etc/UTC",offset=0,dstSavings=0,useDaylight=false,transitions=0,lastRule=null],firstDayOfWeek=1,minimalDaysInFirstWeek=1,ERA=1,YEAR=2018,MONTH=2,WEEK_OF_YEAR=12,WEEK_OF_MONTH=4,DAY_OF_MONTH=21,DAY_OF_YEAR=80,DAY_OF_WEEK=4,DAY_OF_WEEK_IN_MONTH=3,AM_PM=1,HOUR=9,HOUR_OF_DAY=21,MINUTE=21,SECOND=0,MILLISECOND=723,ZONE_OFFSET=0,DST_OFFSET=0], message=null}
21:21:00.730 [main] DEBUG org.hibernate.SQL - insert into LogEntries (logCode, message, primaryUser, secondaryUser, time, id) values (?, ?, ?, ?, ?, ?)
Hibernate: insert into LogEntries (logCode, message, primaryUser, secondaryUser, time, id) values (?, ?, ?, ?, ?, ?)
21:21:00.732 [main] DEBUG o.h.e.j.internal.JdbcCoordinatorImpl - HHH000420: Closing un-released batch
21:21:00.733 [main] DEBUG o.h.e.t.internal.TransactionImpl - begin
21:21:00.734 [main] DEBUG org.hibernate.SQL - select next_val as id_val from hibernate_sequence for update
Hibernate: select next_val as id_val from hibernate_sequence for update
21:21:00.734 [main] DEBUG org.hibernate.SQL - update hibernate_sequence set next_val= ? where next_val=?
Hibernate: update hibernate_sequence set next_val= ? where next_val=?
21:21:00.736 [main] DEBUG o.h.e.i.AbstractSaveEventListener - Generated identifier: 439, using strategy: org.hibernate.id.enhanced.SequenceStyleGenerator
21:21:00.736 [main] DEBUG o.h.e.t.internal.TransactionImpl - committing
21:21:00.736 [main] DEBUG o.h.e.i.AbstractFlushingEventListener - Processing flush-time cascades
21:21:00.737 [main] DEBUG o.h.e.i.AbstractFlushingEventListener - Dirty checking collections
21:21:00.737 [main] DEBUG o.h.e.i.AbstractFlushingEventListener - Flushed: 1 insertions, 0 updates, 0 deletions to 1 objects
21:21:00.737 [main] DEBUG o.h.e.i.AbstractFlushingEventListener - Flushed: 0 (re)creations, 0 updates, 0 removals to 0 collections
21:21:00.737 [main] DEBUG o.h.internal.util.EntityPrinter - Listing entities:
21:21:00.737 [main] DEBUG o.h.internal.util.EntityPrinter - edu.ncsu.csc.itrust2.models.persistent.LogEntry{secondaryUser=null, logCode=5, primaryUser=logapitest, id=439, time=java.util.GregorianCalendar[time=1521667260733,areFieldsSet=true,areAllFieldsSet=true,lenient=true,zone=sun.util.calendar.ZoneInfo[id="Etc/UTC",offset=0,dstSavings=0,useDaylight=false,transitions=0,lastRule=null],firstDayOfWeek=1,minimalDaysInFirstWeek=1,ERA=1,YEAR=2018,MONTH=2,WEEK_OF_YEAR=12,WEEK_OF_MONTH=4,DAY_OF_MONTH=21,DAY_OF_YEAR=80,DAY_OF_WEEK=4,DAY_OF_WEEK_IN_MONTH=3,AM_PM=1,HOUR=9,HOUR_OF_DAY=21,MINUTE=21,SECOND=0,MILLISECOND=733,ZONE_OFFSET=0,DST_OFFSET=0], message=null}
21:21:00.739 [main] DEBUG org.hibernate.SQL - insert into LogEntries (logCode, message, primaryUser, secondaryUser, time, id) values (?, ?, ?, ?, ?, ?)
Hibernate: insert into LogEntries (logCode, message, primaryUser, secondaryUser, time, id) values (?, ?, ?, ?, ?, ?)
21:21:00.741 [main] DEBUG o.h.e.j.internal.JdbcCoordinatorImpl - HHH000420: Closing un-released batch
21:21:00.742 [main] DEBUG o.h.e.t.internal.TransactionImpl - begin
21:21:00.743 [main] DEBUG org.hibernate.SQL - select next_val as id_val from hibernate_sequence for update
Hibernate: select next_val as id_val from hibernate_sequence for update
21:21:00.744 [main] DEBUG org.hibernate.SQL - update hibernate_sequence set next_val= ? where next_val=?
Hibernate: update hibernate_sequence set next_val= ? where next_val=?
21:21:00.745 [main] DEBUG o.h.e.i.AbstractSaveEventListener - Generated identifier: 440, using strategy: org.hibernate.id.enhanced.SequenceStyleGenerator
21:21:00.746 [main] DEBUG o.h.e.t.internal.TransactionImpl - committing
21:21:00.746 [main] DEBUG o.h.e.i.AbstractFlushingEventListener - Processing flush-time cascades
21:21:00.746 [main] DEBUG o.h.e.i.AbstractFlushingEventListener - Dirty checking collections
21:21:00.746 [main] DEBUG o.h.e.i.AbstractFlushingEventListener - Flushed: 1 insertions, 0 updates, 0 deletions to 1 objects
21:21:00.746 [main] DEBUG o.h.e.i.AbstractFlushingEventListener - Flushed: 0 (re)creations, 0 updates, 0 removals to 0 collections
21:21:00.747 [main] DEBUG o.h.internal.util.EntityPrinter - Listing entities:
21:21:00.747 [main] DEBUG o.h.internal.util.EntityPrinter - edu.ncsu.csc.itrust2.models.persistent.LogEntry{secondaryUser=null, logCode=5, primaryUser=logapitest, id=440, time=java.util.GregorianCalendar[time=1521667260742,areFieldsSet=true,areAllFieldsSet=true,lenient=true,zone=sun.util.calendar.ZoneInfo[id="Etc/UTC",offset=0,dstSavings=0,useDaylight=false,transitions=0,lastRule=null],firstDayOfWeek=1,minimalDaysInFirstWeek=1,ERA=1,YEAR=2018,MONTH=2,WEEK_OF_YEAR=12,WEEK_OF_MONTH=4,DAY_OF_MONTH=21,DAY_OF_YEAR=80,DAY_OF_WEEK=4,DAY_OF_WEEK_IN_MONTH=3,AM_PM=1,HOUR=9,HOUR_OF_DAY=21,MINUTE=21,SECOND=0,MILLISECOND=742,ZONE_OFFSET=0,DST_OFFSET=0], message=null}
21:21:00.747 [main] DEBUG org.hibernate.SQL - insert into LogEntries (logCode, message, primaryUser, secondaryUser, time, id) values (?, ?, ?, ?, ?, ?)
Hibernate: insert into LogEntries (logCode, message, primaryUser, secondaryUser, time, id) values (?, ?, ?, ?, ?, ?)
21:21:00.749 [main] DEBUG o.h.e.j.internal.JdbcCoordinatorImpl - HHH000420: Closing un-released batch
21:21:00.750 [main] DEBUG o.h.e.t.internal.TransactionImpl - begin
21:21:00.751 [main] DEBUG org.hibernate.SQL - select next_val as id_val from hibernate_sequence for update
Hibernate: select next_val as id_val from hibernate_sequence for update
21:21:00.751 [main] DEBUG org.hibernate.SQL - update hibernate_sequence set next_val= ? where next_val=?
Hibernate: update hibernate_sequence set next_val= ? where next_val=?
21:21:00.754 [main] DEBUG o.h.e.i.AbstractSaveEventListener - Generated identifier: 441, using strategy: org.hibernate.id.enhanced.SequenceStyleGenerator
21:21:00.754 [main] DEBUG o.h.e.t.internal.TransactionImpl - committing
21:21:00.754 [main] DEBUG o.h.e.i.AbstractFlushingEventListener - Processing flush-time cascades
21:21:00.754 [main] DEBUG o.h.e.i.AbstractFlushingEventListener - Dirty checking collections
21:21:00.755 [main] DEBUG o.h.e.i.AbstractFlushingEventListener - Flushed: 1 insertions, 0 updates, 0 deletions to 1 objects
21:21:00.755 [main] DEBUG o.h.e.i.AbstractFlushingEventListener - Flushed: 0 (re)creations, 0 updates, 0 removals to 0 collections
21:21:00.755 [main] DEBUG o.h.internal.util.EntityPrinter - Listing entities:
21:21:00.755 [main] DEBUG o.h.internal.util.EntityPrinter - edu.ncsu.csc.itrust2.models.persistent.LogEntry{secondaryUser=null, logCode=5, primaryUser=logapitest, id=441, time=java.util.GregorianCalendar[time=1521667260749,areFieldsSet=true,areAllFieldsSet=true,lenient=true,zone=sun.util.calendar.ZoneInfo[id="Etc/UTC",offset=0,dstSavings=0,useDaylight=false,transitions=0,lastRule=null],firstDayOfWeek=1,minimalDaysInFirstWeek=1,ERA=1,YEAR=2018,MONTH=2,WEEK_OF_YEAR=12,WEEK_OF_MONTH=4,DAY_OF_MONTH=21,DAY_OF_YEAR=80,DAY_OF_WEEK=4,DAY_OF_WEEK_IN_MONTH=3,AM_PM=1,HOUR=9,HOUR_OF_DAY=21,MINUTE=21,SECOND=0,MILLISECOND=749,ZONE_OFFSET=0,DST_OFFSET=0], message=null}
21:21:00.756 [main] DEBUG org.hibernate.SQL - insert into LogEntries (logCode, message, primaryUser, secondaryUser, time, id) values (?, ?, ?, ?, ?, ?)
Hibernate: insert into LogEntries (logCode, message, primaryUser, secondaryUser, time, id) values (?, ?, ?, ?, ?, ?)
21:21:00.758 [main] DEBUG o.h.e.j.internal.JdbcCoordinatorImpl - HHH000420: Closing un-released batch
21:21:00.758 [main] DEBUG o.h.e.t.internal.TransactionImpl - begin
21:21:00.759 [main] DEBUG org.hibernate.SQL - select next_val as id_val from hibernate_sequence for update
Hibernate: select next_val as id_val from hibernate_sequence for update
21:21:00.760 [main] DEBUG org.hibernate.SQL - update hibernate_sequence set next_val= ? where next_val=?
Hibernate: update hibernate_sequence set next_val= ? where next_val=?
21:21:00.762 [main] DEBUG o.h.e.i.AbstractSaveEventListener - Generated identifier: 442, using strategy: org.hibernate.id.enhanced.SequenceStyleGenerator
21:21:00.762 [main] DEBUG o.h.e.t.internal.TransactionImpl - committing
21:21:00.763 [main] DEBUG o.h.e.i.AbstractFlushingEventListener - Processing flush-time cascades
21:21:00.763 [main] DEBUG o.h.e.i.AbstractFlushingEventListener - Dirty checking collections
21:21:00.763 [main] DEBUG o.h.e.i.AbstractFlushingEventListener - Flushed: 1 insertions, 0 updates, 0 deletions to 1 objects
21:21:00.763 [main] DEBUG o.h.e.i.AbstractFlushingEventListener - Flushed: 0 (re)creations, 0 updates, 0 removals to 0 collections
21:21:00.763 [main] DEBUG o.h.internal.util.EntityPrinter - Listing entities:
21:21:00.763 [main] DEBUG o.h.internal.util.EntityPrinter - edu.ncsu.csc.itrust2.models.persistent.LogEntry{secondaryUser=null, logCode=5, primaryUser=logapitest, id=442, time=java.util.GregorianCalendar[time=1521667260758,areFieldsSet=true,areAllFieldsSet=true,lenient=true,zone=sun.util.calendar.ZoneInfo[id="Etc/UTC",offset=0,dstSavings=0,useDaylight=false,transitions=0,lastRule=null],firstDayOfWeek=1,minimalDaysInFirstWeek=1,ERA=1,YEAR=2018,MONTH=2,WEEK_OF_YEAR=12,WEEK_OF_MONTH=4,DAY_OF_MONTH=21,DAY_OF_YEAR=80,DAY_OF_WEEK=4,DAY_OF_WEEK_IN_MONTH=3,AM_PM=1,HOUR=9,HOUR_OF_DAY=21,MINUTE=21,SECOND=0,MILLISECOND=758,ZONE_OFFSET=0,DST_OFFSET=0], message=null}
21:21:00.764 [main] DEBUG org.hibernate.SQL - insert into LogEntries (logCode, message, primaryUser, secondaryUser, time, id) values (?, ?, ?, ?, ?, ?)
Hibernate: insert into LogEntries (logCode, message, primaryUser, secondaryUser, time, id) values (?, ?, ?, ?, ?, ?)
21:21:00.766 [main] DEBUG o.h.e.j.internal.JdbcCoordinatorImpl - HHH000420: Closing un-released batch
21:21:00.766 [main] DEBUG o.h.e.t.internal.TransactionImpl - begin
21:21:00.767 [main] DEBUG org.hibernate.SQL - select next_val as id_val from hibernate_sequence for update
Hibernate: select next_val as id_val from hibernate_sequence for update
21:21:00.768 [main] DEBUG org.hibernate.SQL - update hibernate_sequence set next_val= ? where next_val=?
Hibernate: update hibernate_sequence set next_val= ? where next_val=?
21:21:00.769 [main] DEBUG o.h.e.i.AbstractSaveEventListener - Generated identifier: 443, using strategy: org.hibernate.id.enhanced.SequenceStyleGenerator
21:21:00.769 [main] DEBUG o.h.e.t.internal.TransactionImpl - committing
21:21:00.770 [main] DEBUG o.h.e.i.AbstractFlushingEventListener - Processing flush-time cascades
21:21:00.770 [main] DEBUG o.h.e.i.AbstractFlushingEventListener - Dirty checking collections
21:21:00.770 [main] DEBUG o.h.e.i.AbstractFlushingEventListener - Flushed: 1 insertions, 0 updates, 0 deletions to 1 objects
21:21:00.770 [main] DEBUG o.h.e.i.AbstractFlushingEventListener - Flushed: 0 (re)creations, 0 updates, 0 removals to 0 collections
21:21:00.770 [main] DEBUG o.h.internal.util.EntityPrinter - Listing entities:
21:21:00.770 [main] DEBUG o.h.internal.util.EntityPrinter - edu.ncsu.csc.itrust2.models.persistent.LogEntry{secondaryUser=null, logCode=5, primaryUser=logapitest, id=443, time=java.util.GregorianCalendar[time=1521667260766,areFieldsSet=true,areAllFieldsSet=true,lenient=true,zone=sun.util.calendar.ZoneInfo[id="Etc/UTC",offset=0,dstSavings=0,useDaylight=false,transitions=0,lastRule=null],firstDayOfWeek=1,minimalDaysInFirstWeek=1,ERA=1,YEAR=2018,MONTH=2,WEEK_OF_YEAR=12,WEEK_OF_MONTH=4,DAY_OF_MONTH=21,DAY_OF_YEAR=80,DAY_OF_WEEK=4,DAY_OF_WEEK_IN_MONTH=3,AM_PM=1,HOUR=9,HOUR_OF_DAY=21,MINUTE=21,SECOND=0,MILLISECOND=766,ZONE_OFFSET=0,DST_OFFSET=0], message=null}
21:21:00.771 [main] DEBUG org.hibernate.SQL - insert into LogEntries (logCode, message, primaryUser, secondaryUser, time, id) values (?, ?, ?, ?, ?, ?)
Hibernate: insert into LogEntries (logCode, message, primaryUser, secondaryUser, time, id) values (?, ?, ?, ?, ?, ?)
21:21:00.773 [main] DEBUG o.h.e.j.internal.JdbcCoordinatorImpl - HHH000420: Closing un-released batch
21:21:00.774 [main] DEBUG o.h.e.t.internal.TransactionImpl - begin
21:21:00.775 [main] DEBUG org.hibernate.SQL - select next_val as id_val from hibernate_sequence for update
Hibernate: select next_val as id_val from hibernate_sequence for update
21:21:00.775 [main] DEBUG org.hibernate.SQL - update hibernate_sequence set next_val= ? where next_val=?
Hibernate: update hibernate_sequence set next_val= ? where next_val=?
21:21:00.777 [main] DEBUG o.h.e.i.AbstractSaveEventListener - Generated identifier: 444, using strategy: org.hibernate.id.enhanced.SequenceStyleGenerator
21:21:00.777 [main] DEBUG o.h.e.t.internal.TransactionImpl - committing
21:21:00.777 [main] DEBUG o.h.e.i.AbstractFlushingEventListener - Processing flush-time cascades
21:21:00.777 [main] DEBUG o.h.e.i.AbstractFlushingEventListener - Dirty checking collections
21:21:00.778 [main] DEBUG o.h.e.i.AbstractFlushingEventListener - Flushed: 1 insertions, 0 updates, 0 deletions to 1 objects
21:21:00.778 [main] DEBUG o.h.e.i.AbstractFlushingEventListener - Flushed: 0 (re)creations, 0 updates, 0 removals to 0 collections
21:21:00.778 [main] DEBUG o.h.internal.util.EntityPrinter - Listing entities:
21:21:00.778 [main] DEBUG o.h.internal.util.EntityPrinter - edu.ncsu.csc.itrust2.models.persistent.LogEntry{secondaryUser=null, logCode=5, primaryUser=logapitest, id=444, time=java.util.GregorianCalendar[time=1521667260774,areFieldsSet=true,areAllFieldsSet=true,lenient=true,zone=sun.util.calendar.ZoneInfo[id="Etc/UTC",offset=0,dstSavings=0,useDaylight=false,transitions=0,lastRule=null],firstDayOfWeek=1,minimalDaysInFirstWeek=1,ERA=1,YEAR=2018,MONTH=2,WEEK_OF_YEAR=12,WEEK_OF_MONTH=4,DAY_OF_MONTH=21,DAY_OF_YEAR=80,DAY_OF_WEEK=4,DAY_OF_WEEK_IN_MONTH=3,AM_PM=1,HOUR=9,HOUR_OF_DAY=21,MINUTE=21,SECOND=0,MILLISECOND=774,ZONE_OFFSET=0,DST_OFFSET=0], message=null}
21:21:00.778 [main] DEBUG org.hibernate.SQL - insert into LogEntries (logCode, message, primaryUser, secondaryUser, time, id) values (?, ?, ?, ?, ?, ?)
Hibernate: insert into LogEntries (logCode, message, primaryUser, secondaryUser, time, id) values (?, ?, ?, ?, ?, ?)
21:21:00.780 [main] DEBUG o.h.e.j.internal.JdbcCoordinatorImpl - HHH000420: Closing un-released batch
21:21:00.781 [main] DEBUG o.h.e.t.internal.TransactionImpl - begin
21:21:00.782 [main] DEBUG org.hibernate.SQL - select next_val as id_val from hibernate_sequence for update
Hibernate: select next_val as id_val from hibernate_sequence for update
21:21:00.782 [main] DEBUG org.hibernate.SQL - update hibernate_sequence set next_val= ? where next_val=?
Hibernate: update hibernate_sequence set next_val= ? where next_val=?
21:21:00.784 [main] DEBUG o.h.e.i.AbstractSaveEventListener - Generated identifier: 445, using strategy: org.hibernate.id.enhanced.SequenceStyleGenerator
21:21:00.784 [main] DEBUG o.h.e.t.internal.TransactionImpl - committing
21:21:00.785 [main] DEBUG o.h.e.i.AbstractFlushingEventListener - Processing flush-time cascades
21:21:00.785 [main] DEBUG o.h.e.i.AbstractFlushingEventListener - Dirty checking collections
21:21:00.785 [main] DEBUG o.h.e.i.AbstractFlushingEventListener - Flushed: 1 insertions, 0 updates, 0 deletions to 1 objects
21:21:00.785 [main] DEBUG o.h.e.i.AbstractFlushingEventListener - Flushed: 0 (re)creations, 0 updates, 0 removals to 0 collections
21:21:00.785 [main] DEBUG o.h.internal.util.EntityPrinter - Listing entities:
21:21:00.785 [main] DEBUG o.h.internal.util.EntityPrinter - edu.ncsu.csc.itrust2.models.persistent.LogEntry{secondaryUser=null, logCode=5, primaryUser=logapitest, id=445, time=java.util.GregorianCalendar[time=1521667260781,areFieldsSet=true,areAllFieldsSet=true,lenient=true,zone=sun.util.calendar.ZoneInfo[id="Etc/UTC",offset=0,dstSavings=0,useDaylight=false,transitions=0,lastRule=null],firstDayOfWeek=1,minimalDaysInFirstWeek=1,ERA=1,YEAR=2018,MONTH=2,WEEK_OF_YEAR=12,WEEK_OF_MONTH=4,DAY_OF_MONTH=21,DAY_OF_YEAR=80,DAY_OF_WEEK=4,DAY_OF_WEEK_IN_MONTH=3,AM_PM=1,HOUR=9,HOUR_OF_DAY=21,MINUTE=21,SECOND=0,MILLISECOND=781,ZONE_OFFSET=0,DST_OFFSET=0], message=null}
21:21:00.786 [main] DEBUG org.hibernate.SQL - insert into LogEntries (logCode, message, primaryUser, secondaryUser, time, id) values (?, ?, ?, ?, ?, ?)
Hibernate: insert into LogEntries (logCode, message, primaryUser, secondaryUser, time, id) values (?, ?, ?, ?, ?, ?)
21:21:00.788 [main] DEBUG o.h.e.j.internal.JdbcCoordinatorImpl - HHH000420: Closing un-released batch
21:21:00.788 [main] DEBUG o.h.e.t.internal.TransactionImpl - begin
21:21:00.789 [main] DEBUG org.hibernate.SQL - select next_val as id_val from hibernate_sequence for update
Hibernate: select next_val as id_val from hibernate_sequence for update
21:21:00.790 [main] DEBUG org.hibernate.SQL - update hibernate_sequence set next_val= ? where next_val=?
Hibernate: update hibernate_sequence set next_val= ? where next_val=?
21:21:00.791 [main] DEBUG o.h.e.i.AbstractSaveEventListener - Generated identifier: 446, using strategy: org.hibernate.id.enhanced.SequenceStyleGenerator
21:21:00.792 [main] DEBUG o.h.e.t.internal.TransactionImpl - committing
21:21:00.792 [main] DEBUG o.h.e.i.AbstractFlushingEventListener - Processing flush-time cascades
21:21:00.792 [main] DEBUG o.h.e.i.AbstractFlushingEventListener - Dirty checking collections
21:21:00.794 [main] DEBUG o.h.e.i.AbstractFlushingEventListener - Flushed: 1 insertions, 0 updates, 0 deletions to 1 objects
21:21:00.794 [main] DEBUG o.h.e.i.AbstractFlushingEventListener - Flushed: 0 (re)creations, 0 updates, 0 removals to 0 collections
21:21:00.794 [main] DEBUG o.h.internal.util.EntityPrinter - Listing entities:
21:21:00.794 [main] DEBUG o.h.internal.util.EntityPrinter - edu.ncsu.csc.itrust2.models.persistent.LogEntry{secondaryUser=null, logCode=5, primaryUser=logapitest, id=446, time=java.util.GregorianCalendar[time=1521667260788,areFieldsSet=true,areAllFieldsSet=true,lenient=true,zone=sun.util.calendar.ZoneInfo[id="Etc/UTC",offset=0,dstSavings=0,useDaylight=false,transitions=0,lastRule=null],firstDayOfWeek=1,minimalDaysInFirstWeek=1,ERA=1,YEAR=2018,MONTH=2,WEEK_OF_YEAR=12,WEEK_OF_MONTH=4,DAY_OF_MONTH=21,DAY_OF_YEAR=80,DAY_OF_WEEK=4,DAY_OF_WEEK_IN_MONTH=3,AM_PM=1,HOUR=9,HOUR_OF_DAY=21,MINUTE=21,SECOND=0,MILLISECOND=788,ZONE_OFFSET=0,DST_OFFSET=0], message=null}
21:21:00.795 [main] DEBUG org.hibernate.SQL - insert into LogEntries (logCode, message, primaryUser, secondaryUser, time, id) values (?, ?, ?, ?, ?, ?)
Hibernate: insert into LogEntries (logCode, message, primaryUser, secondaryUser, time, id) values (?, ?, ?, ?, ?, ?)
21:21:00.797 [main] DEBUG o.h.e.j.internal.JdbcCoordinatorImpl - HHH000420: Closing un-released batch
21:21:00.797 [main] DEBUG o.h.e.t.internal.TransactionImpl - begin
21:21:00.798 [main] DEBUG org.hibernate.SQL - select next_val as id_val from hibernate_sequence for update
Hibernate: select next_val as id_val from hibernate_sequence for update
21:21:00.799 [main] DEBUG org.hibernate.SQL - update hibernate_sequence set next_val= ? where next_val=?
Hibernate: update hibernate_sequence set next_val= ? where next_val=?
21:21:00.801 [main] DEBUG o.h.e.i.AbstractSaveEventListener - Generated identifier: 447, using strategy: org.hibernate.id.enhanced.SequenceStyleGenerator
21:21:00.801 [main] DEBUG o.h.e.t.internal.TransactionImpl - committing
21:21:00.801 [main] DEBUG o.h.e.i.AbstractFlushingEventListener - Processing flush-time cascades
21:21:00.801 [main] DEBUG o.h.e.i.AbstractFlushingEventListener - Dirty checking collections
21:21:00.802 [main] DEBUG o.h.e.i.AbstractFlushingEventListener - Flushed: 1 insertions, 0 updates, 0 deletions to 1 objects
21:21:00.802 [main] DEBUG o.h.e.i.AbstractFlushingEventListener - Flushed: 0 (re)creations, 0 updates, 0 removals to 0 collections
21:21:00.804 [main] DEBUG o.h.internal.util.EntityPrinter - Listing entities:
21:21:00.804 [main] DEBUG o.h.internal.util.EntityPrinter - edu.ncsu.csc.itrust2.models.persistent.LogEntry{secondaryUser=null, logCode=5, primaryUser=logapitest, id=447, time=java.util.GregorianCalendar[time=1521667260797,areFieldsSet=true,areAllFieldsSet=true,lenient=true,zone=sun.util.calendar.ZoneInfo[id="Etc/UTC",offset=0,dstSavings=0,useDaylight=false,transitions=0,lastRule=null],firstDayOfWeek=1,minimalDaysInFirstWeek=1,ERA=1,YEAR=2018,MONTH=2,WEEK_OF_YEAR=12,WEEK_OF_MONTH=4,DAY_OF_MONTH=21,DAY_OF_YEAR=80,DAY_OF_WEEK=4,DAY_OF_WEEK_IN_MONTH=3,AM_PM=1,HOUR=9,HOUR_OF_DAY=21,MINUTE=21,SECOND=0,MILLISECOND=797,ZONE_OFFSET=0,DST_OFFSET=0], message=null}
21:21:00.807 [main] DEBUG org.hibernate.SQL - insert into LogEntries (logCode, message, primaryUser, secondaryUser, time, id) values (?, ?, ?, ?, ?, ?)
Hibernate: insert into LogEntries (logCode, message, primaryUser, secondaryUser, time, id) values (?, ?, ?, ?, ?, ?)
21:21:00.815 [main] DEBUG o.h.e.j.internal.JdbcCoordinatorImpl - HHH000420: Closing un-released batch
21:21:00.815 [main] DEBUG o.h.e.t.internal.TransactionImpl - begin
21:21:00.816 [main] DEBUG org.hibernate.SQL - select next_val as id_val from hibernate_sequence for update
Hibernate: select next_val as id_val from hibernate_sequence for update
21:21:00.817 [main] DEBUG org.hibernate.SQL - update hibernate_sequence set next_val= ? where next_val=?
Hibernate: update hibernate_sequence set next_val= ? where next_val=?
21:21:00.819 [main] DEBUG o.h.e.i.AbstractSaveEventListener - Generated identifier: 448, using strategy: org.hibernate.id.enhanced.SequenceStyleGenerator
21:21:00.819 [main] DEBUG o.h.e.t.internal.TransactionImpl - committing
21:21:00.820 [main] DEBUG o.h.e.i.AbstractFlushingEventListener - Processing flush-time cascades
21:21:00.820 [main] DEBUG o.h.e.i.AbstractFlushingEventListener - Dirty checking collections
21:21:00.820 [main] DEBUG o.h.e.i.AbstractFlushingEventListener - Flushed: 1 insertions, 0 updates, 0 deletions to 1 objects
21:21:00.820 [main] DEBUG o.h.e.i.AbstractFlushingEventListener - Flushed: 0 (re)creations, 0 updates, 0 removals to 0 collections
21:21:00.820 [main] DEBUG o.h.internal.util.EntityPrinter - Listing entities:
21:21:00.821 [main] DEBUG o.h.internal.util.EntityPrinter - edu.ncsu.csc.itrust2.models.persistent.LogEntry{secondaryUser=null, logCode=5, primaryUser=logapitest, id=448, time=java.util.GregorianCalendar[time=1521667260815,areFieldsSet=true,areAllFieldsSet=true,lenient=true,zone=sun.util.calendar.ZoneInfo[id="Etc/UTC",offset=0,dstSavings=0,useDaylight=false,transitions=0,lastRule=null],firstDayOfWeek=1,minimalDaysInFirstWeek=1,ERA=1,YEAR=2018,MONTH=2,WEEK_OF_YEAR=12,WEEK_OF_MONTH=4,DAY_OF_MONTH=21,DAY_OF_YEAR=80,DAY_OF_WEEK=4,DAY_OF_WEEK_IN_MONTH=3,AM_PM=1,HOUR=9,HOUR_OF_DAY=21,MINUTE=21,SECOND=0,MILLISECOND=815,ZONE_OFFSET=0,DST_OFFSET=0], message=null}
21:21:00.821 [main] DEBUG org.hibernate.SQL - insert into LogEntries (logCode, message, primaryUser, secondaryUser, time, id) values (?, ?, ?, ?, ?, ?)
Hibernate: insert into LogEntries (logCode, message, primaryUser, secondaryUser, time, id) values (?, ?, ?, ?, ?, ?)
21:21:00.834 [main] DEBUG o.h.e.j.internal.JdbcCoordinatorImpl - HHH000420: Closing un-released batch
21:21:00.835 [main] DEBUG o.h.e.t.internal.TransactionImpl - begin
21:21:00.835 [main] DEBUG org.hibernate.SQL - select next_val as id_val from hibernate_sequence for update
Hibernate: select next_val as id_val from hibernate_sequence for update
21:21:00.836 [main] DEBUG org.hibernate.SQL - update hibernate_sequence set next_val= ? where next_val=?
Hibernate: update hibernate_sequence set next_val= ? where next_val=?
21:21:00.837 [main] DEBUG o.h.e.i.AbstractSaveEventListener - Generated identifier: 449, using strategy: org.hibernate.id.enhanced.SequenceStyleGenerator
21:21:00.837 [main] DEBUG o.h.e.t.internal.TransactionImpl - committing
21:21:00.837 [main] DEBUG o.h.e.i.AbstractFlushingEventListener - Processing flush-time cascades
21:21:00.837 [main] DEBUG o.h.e.i.AbstractFlushingEventListener - Dirty checking collections
21:21:00.838 [main] DEBUG o.h.e.i.AbstractFlushingEventListener - Flushed: 1 insertions, 0 updates, 0 deletions to 1 objects
21:21:00.838 [main] DEBUG o.h.e.i.AbstractFlushingEventListener - Flushed: 0 (re)creations, 0 updates, 0 removals to 0 collections
21:21:00.838 [main] DEBUG o.h.internal.util.EntityPrinter - Listing entities:
21:21:00.838 [main] DEBUG o.h.internal.util.EntityPrinter - edu.ncsu.csc.itrust2.models.persistent.LogEntry{secondaryUser=null, logCode=5, primaryUser=logapitest, id=449, time=java.util.GregorianCalendar[time=1521667260835,areFieldsSet=true,areAllFieldsSet=true,lenient=true,zone=sun.util.calendar.ZoneInfo[id="Etc/UTC",offset=0,dstSavings=0,useDaylight=false,transitions=0,lastRule=null],firstDayOfWeek=1,minimalDaysInFirstWeek=1,ERA=1,YEAR=2018,MONTH=2,WEEK_OF_YEAR=12,WEEK_OF_MONTH=4,DAY_OF_MONTH=21,DAY_OF_YEAR=80,DAY_OF_WEEK=4,DAY_OF_WEEK_IN_MONTH=3,AM_PM=1,HOUR=9,HOUR_OF_DAY=21,MINUTE=21,SECOND=0,MILLISECOND=835,ZONE_OFFSET=0,DST_OFFSET=0], message=null}
21:21:00.838 [main] DEBUG org.hibernate.SQL - insert into LogEntries (logCode, message, primaryUser, secondaryUser, time, id) values (?, ?, ?, ?, ?, ?)
Hibernate: insert into LogEntries (logCode, message, primaryUser, secondaryUser, time, id) values (?, ?, ?, ?, ?, ?)
21:21:00.841 [main] DEBUG o.h.e.j.internal.JdbcCoordinatorImpl - HHH000420: Closing un-released batch
21:21:00.842 [main] DEBUG o.h.e.t.internal.TransactionImpl - begin
21:21:00.842 [main] DEBUG org.hibernate.SQL - select next_val as id_val from hibernate_sequence for update
Hibernate: select next_val as id_val from hibernate_sequence for update
21:21:00.843 [main] DEBUG org.hibernate.SQL - update hibernate_sequence set next_val= ? where next_val=?
Hibernate: update hibernate_sequence set next_val= ? where next_val=?
21:21:00.844 [main] DEBUG o.h.e.i.AbstractSaveEventListener - Generated identifier: 450, using strategy: org.hibernate.id.enhanced.SequenceStyleGenerator
21:21:00.844 [main] DEBUG o.h.e.t.internal.TransactionImpl - committing
21:21:00.844 [main] DEBUG o.h.e.i.AbstractFlushingEventListener - Processing flush-time cascades
21:21:00.844 [main] DEBUG o.h.e.i.AbstractFlushingEventListener - Dirty checking collections
21:21:00.844 [main] DEBUG o.h.e.i.AbstractFlushingEventListener - Flushed: 1 insertions, 0 updates, 0 deletions to 1 objects
21:21:00.845 [main] DEBUG o.h.e.i.AbstractFlushingEventListener - Flushed: 0 (re)creations, 0 updates, 0 removals to 0 collections
21:21:00.845 [main] DEBUG o.h.internal.util.EntityPrinter - Listing entities:
21:21:00.845 [main] DEBUG o.h.internal.util.EntityPrinter - edu.ncsu.csc.itrust2.models.persistent.LogEntry{secondaryUser=null, logCode=5, primaryUser=logapitest, id=450, time=java.util.GregorianCalendar[time=1521667260842,areFieldsSet=true,areAllFieldsSet=true,lenient=true,zone=sun.util.calendar.ZoneInfo[id="Etc/UTC",offset=0,dstSavings=0,useDaylight=false,transitions=0,lastRule=null],firstDayOfWeek=1,minimalDaysInFirstWeek=1,ERA=1,YEAR=2018,MONTH=2,WEEK_OF_YEAR=12,WEEK_OF_MONTH=4,DAY_OF_MONTH=21,DAY_OF_YEAR=80,DAY_OF_WEEK=4,DAY_OF_WEEK_IN_MONTH=3,AM_PM=1,HOUR=9,HOUR_OF_DAY=21,MINUTE=21,SECOND=0,MILLISECOND=842,ZONE_OFFSET=0,DST_OFFSET=0], message=null}
21:21:00.845 [main] DEBUG org.hibernate.SQL - insert into LogEntries (logCode, message, primaryUser, secondaryUser, time, id) values (?, ?, ?, ?, ?, ?)
Hibernate: insert into LogEntries (logCode, message, primaryUser, secondaryUser, time, id) values (?, ?, ?, ?, ?, ?)
21:21:00.847 [main] DEBUG o.h.e.j.internal.JdbcCoordinatorImpl - HHH000420: Closing un-released batch
21:21:00.847 [main] DEBUG o.h.e.t.internal.TransactionImpl - begin
21:21:00.852 [main] DEBUG org.hibernate.SQL - select next_val as id_val from hibernate_sequence for update
Hibernate: select next_val as id_val from hibernate_sequence for update
21:21:00.852 [main] DEBUG org.hibernate.SQL - update hibernate_sequence set next_val= ? where next_val=?
Hibernate: update hibernate_sequence set next_val= ? where next_val=?
21:21:00.853 [main] DEBUG o.h.e.i.AbstractSaveEventListener - Generated identifier: 451, using strategy: org.hibernate.id.enhanced.SequenceStyleGenerator
21:21:00.853 [main] DEBUG o.h.e.t.internal.TransactionImpl - committing
21:21:00.853 [main] DEBUG o.h.e.i.AbstractFlushingEventListener - Processing flush-time cascades
21:21:00.853 [main] DEBUG o.h.e.i.AbstractFlushingEventListener - Dirty checking collections
21:21:00.854 [main] DEBUG o.h.e.i.AbstractFlushingEventListener - Flushed: 1 insertions, 0 updates, 0 deletions to 1 objects
21:21:00.854 [main] DEBUG o.h.e.i.AbstractFlushingEventListener - Flushed: 0 (re)creations, 0 updates, 0 removals to 0 collections
21:21:00.854 [main] DEBUG o.h.internal.util.EntityPrinter - Listing entities:
21:21:00.854 [main] DEBUG o.h.internal.util.EntityPrinter - edu.ncsu.csc.itrust2.models.persistent.LogEntry{secondaryUser=null, logCode=5, primaryUser=logapitest, id=451, time=java.util.GregorianCalendar[time=1521667260847,areFieldsSet=true,areAllFieldsSet=true,lenient=true,zone=sun.util.calendar.ZoneInfo[id="Etc/UTC",offset=0,dstSavings=0,useDaylight=false,transitions=0,lastRule=null],firstDayOfWeek=1,minimalDaysInFirstWeek=1,ERA=1,YEAR=2018,MONTH=2,WEEK_OF_YEAR=12,WEEK_OF_MONTH=4,DAY_OF_MONTH=21,DAY_OF_YEAR=80,DAY_OF_WEEK=4,DAY_OF_WEEK_IN_MONTH=3,AM_PM=1,HOUR=9,HOUR_OF_DAY=21,MINUTE=21,SECOND=0,MILLISECOND=847,ZONE_OFFSET=0,DST_OFFSET=0], message=null}
21:21:00.854 [main] DEBUG org.hibernate.SQL - insert into LogEntries (logCode, message, primaryUser, secondaryUser, time, id) values (?, ?, ?, ?, ?, ?)
Hibernate: insert into LogEntries (logCode, message, primaryUser, secondaryUser, time, id) values (?, ?, ?, ?, ?, ?)
21:21:00.856 [main] DEBUG o.h.e.j.internal.JdbcCoordinatorImpl - HHH000420: Closing un-released batch
21:21:00.856 [main] DEBUG o.h.e.t.internal.TransactionImpl - begin
21:21:00.857 [main] DEBUG org.hibernate.SQL - select next_val as id_val from hibernate_sequence for update
Hibernate: select next_val as id_val from hibernate_sequence for update
21:21:00.858 [main] DEBUG org.hibernate.SQL - update hibernate_sequence set next_val= ? where next_val=?
Hibernate: update hibernate_sequence set next_val= ? where next_val=?
21:21:00.859 [main] DEBUG o.h.e.i.AbstractSaveEventListener - Generated identifier: 452, using strategy: org.hibernate.id.enhanced.SequenceStyleGenerator
21:21:00.859 [main] DEBUG o.h.e.t.internal.TransactionImpl - committing
21:21:00.859 [main] DEBUG o.h.e.i.AbstractFlushingEventListener - Processing flush-time cascades
21:21:00.859 [main] DEBUG o.h.e.i.AbstractFlushingEventListener - Dirty checking collections
21:21:00.859 [main] DEBUG o.h.e.i.AbstractFlushingEventListener - Flushed: 1 insertions, 0 updates, 0 deletions to 1 objects
21:21:00.859 [main] DEBUG o.h.e.i.AbstractFlushingEventListener - Flushed: 0 (re)creations, 0 updates, 0 removals to 0 collections
21:21:00.859 [main] DEBUG o.h.internal.util.EntityPrinter - Listing entities:
21:21:00.859 [main] DEBUG o.h.internal.util.EntityPrinter - edu.ncsu.csc.itrust2.models.persistent.LogEntry{secondaryUser=null, logCode=5, primaryUser=logapitest, id=452, time=java.util.GregorianCalendar[time=1521667260856,areFieldsSet=true,areAllFieldsSet=true,lenient=true,zone=sun.util.calendar.ZoneInfo[id="Etc/UTC",offset=0,dstSavings=0,useDaylight=false,transitions=0,lastRule=null],firstDayOfWeek=1,minimalDaysInFirstWeek=1,ERA=1,YEAR=2018,MONTH=2,WEEK_OF_YEAR=12,WEEK_OF_MONTH=4,DAY_OF_MONTH=21,DAY_OF_YEAR=80,DAY_OF_WEEK=4,DAY_OF_WEEK_IN_MONTH=3,AM_PM=1,HOUR=9,HOUR_OF_DAY=21,MINUTE=21,SECOND=0,MILLISECOND=856,ZONE_OFFSET=0,DST_OFFSET=0], message=null}
21:21:00.860 [main] DEBUG org.hibernate.SQL - insert into LogEntries (logCode, message, primaryUser, secondaryUser, time, id) values (?, ?, ?, ?, ?, ?)
Hibernate: insert into LogEntries (logCode, message, primaryUser, secondaryUser, time, id) values (?, ?, ?, ?, ?, ?)
21:21:00.861 [main] DEBUG o.h.e.j.internal.JdbcCoordinatorImpl - HHH000420: Closing un-released batch
21:21:00.861 [main] DEBUG o.h.e.t.internal.TransactionImpl - begin
21:21:00.862 [main] DEBUG org.hibernate.SQL - select next_val as id_val from hibernate_sequence for update
Hibernate: select next_val as id_val from hibernate_sequence for update
21:21:00.862 [main] DEBUG org.hibernate.SQL - update hibernate_sequence set next_val= ? where next_val=?
Hibernate: update hibernate_sequence set next_val= ? where next_val=?
21:21:00.864 [main] DEBUG o.h.e.i.AbstractSaveEventListener - Generated identifier: 453, using strategy: org.hibernate.id.enhanced.SequenceStyleGenerator
21:21:00.864 [main] DEBUG o.h.e.t.internal.TransactionImpl - committing
21:21:00.864 [main] DEBUG o.h.e.i.AbstractFlushingEventListener - Processing flush-time cascades
21:21:00.864 [main] DEBUG o.h.e.i.AbstractFlushingEventListener - Dirty checking collections
21:21:00.864 [main] DEBUG o.h.e.i.AbstractFlushingEventListener - Flushed: 1 insertions, 0 updates, 0 deletions to 1 objects
21:21:00.864 [main] DEBUG o.h.e.i.AbstractFlushingEventListener - Flushed: 0 (re)creations, 0 updates, 0 removals to 0 collections
21:21:00.864 [main] DEBUG o.h.internal.util.EntityPrinter - Listing entities:
21:21:00.864 [main] DEBUG o.h.internal.util.EntityPrinter - edu.ncsu.csc.itrust2.models.persistent.LogEntry{secondaryUser=null, logCode=5, primaryUser=logapitest, id=453, time=java.util.GregorianCalendar[time=1521667260861,areFieldsSet=true,areAllFieldsSet=true,lenient=true,zone=sun.util.calendar.ZoneInfo[id="Etc/UTC",offset=0,dstSavings=0,useDaylight=false,transitions=0,lastRule=null],firstDayOfWeek=1,minimalDaysInFirstWeek=1,ERA=1,YEAR=2018,MONTH=2,WEEK_OF_YEAR=12,WEEK_OF_MONTH=4,DAY_OF_MONTH=21,DAY_OF_YEAR=80,DAY_OF_WEEK=4,DAY_OF_WEEK_IN_MONTH=3,AM_PM=1,HOUR=9,HOUR_OF_DAY=21,MINUTE=21,SECOND=0,MILLISECOND=861,ZONE_OFFSET=0,DST_OFFSET=0], message=null}
21:21:00.865 [main] DEBUG org.hibernate.SQL - insert into LogEntries (logCode, message, primaryUser, secondaryUser, time, id) values (?, ?, ?, ?, ?, ?)
Hibernate: insert into LogEntries (logCode, message, primaryUser, secondaryUser, time, id) values (?, ?, ?, ?, ?, ?)
21:21:00.866 [main] DEBUG o.h.e.j.internal.JdbcCoordinatorImpl - HHH000420: Closing un-released batch
21:21:00.866 [main] DEBUG o.h.e.t.internal.TransactionImpl - begin
21:21:00.874 [main] DEBUG org.hibernate.SQL - select next_val as id_val from hibernate_sequence for update
Hibernate: select next_val as id_val from hibernate_sequence for update
21:21:00.874 [main] DEBUG org.hibernate.SQL - update hibernate_sequence set next_val= ? where next_val=?
Hibernate: update hibernate_sequence set next_val= ? where next_val=?
21:21:00.875 [main] DEBUG o.h.e.i.AbstractSaveEventListener - Generated identifier: 454, using strategy: org.hibernate.id.enhanced.SequenceStyleGenerator
21:21:00.876 [main] DEBUG o.h.e.t.internal.TransactionImpl - committing
21:21:00.876 [main] DEBUG o.h.e.i.AbstractFlushingEventListener - Processing flush-time cascades
21:21:00.876 [main] DEBUG o.h.e.i.AbstractFlushingEventListener - Dirty checking collections
21:21:00.876 [main] DEBUG o.h.e.i.AbstractFlushingEventListener - Flushed: 1 insertions, 0 updates, 0 deletions to 1 objects
21:21:00.876 [main] DEBUG o.h.e.i.AbstractFlushingEventListener - Flushed: 0 (re)creations, 0 updates, 0 removals to 0 collections
21:21:00.876 [main] DEBUG o.h.internal.util.EntityPrinter - Listing entities:
21:21:00.876 [main] DEBUG o.h.internal.util.EntityPrinter - edu.ncsu.csc.itrust2.models.persistent.LogEntry{secondaryUser=null, logCode=5, primaryUser=logapitest, id=454, time=java.util.GregorianCalendar[time=1521667260866,areFieldsSet=true,areAllFieldsSet=true,lenient=true,zone=sun.util.calendar.ZoneInfo[id="Etc/UTC",offset=0,dstSavings=0,useDaylight=false,transitions=0,lastRule=null],firstDayOfWeek=1,minimalDaysInFirstWeek=1,ERA=1,YEAR=2018,MONTH=2,WEEK_OF_YEAR=12,WEEK_OF_MONTH=4,DAY_OF_MONTH=21,DAY_OF_YEAR=80,DAY_OF_WEEK=4,DAY_OF_WEEK_IN_MONTH=3,AM_PM=1,HOUR=9,HOUR_OF_DAY=21,MINUTE=21,SECOND=0,MILLISECOND=866,ZONE_OFFSET=0,DST_OFFSET=0], message=null}
21:21:00.876 [main] DEBUG org.hibernate.SQL - insert into LogEntries (logCode, message, primaryUser, secondaryUser, time, id) values (?, ?, ?, ?, ?, ?)
Hibernate: insert into LogEntries (logCode, message, primaryUser, secondaryUser, time, id) values (?, ?, ?, ?, ?, ?)
21:21:00.877 [main] DEBUG o.h.e.j.internal.JdbcCoordinatorImpl - HHH000420: Closing un-released batch
21:21:00.878 [main] DEBUG o.h.e.t.internal.TransactionImpl - begin
21:21:00.878 [main] DEBUG org.hibernate.SQL - select next_val as id_val from hibernate_sequence for update
Hibernate: select next_val as id_val from hibernate_sequence for update
21:21:00.879 [main] DEBUG org.hibernate.SQL - update hibernate_sequence set next_val= ? where next_val=?
Hibernate: update hibernate_sequence set next_val= ? where next_val=?
21:21:00.880 [main] DEBUG o.h.e.i.AbstractSaveEventListener - Generated identifier: 455, using strategy: org.hibernate.id.enhanced.SequenceStyleGenerator
21:21:00.880 [main] DEBUG o.h.e.t.internal.TransactionImpl - committing
21:21:00.880 [main] DEBUG o.h.e.i.AbstractFlushingEventListener - Processing flush-time cascades
21:21:00.881 [main] DEBUG o.h.e.i.AbstractFlushingEventListener - Dirty checking collections
21:21:00.881 [main] DEBUG o.h.e.i.AbstractFlushingEventListener - Flushed: 1 insertions, 0 updates, 0 deletions to 1 objects
21:21:00.881 [main] DEBUG o.h.e.i.AbstractFlushingEventListener - Flushed: 0 (re)creations, 0 updates, 0 removals to 0 collections
21:21:00.881 [main] DEBUG o.h.internal.util.EntityPrinter - Listing entities:
21:21:00.881 [main] DEBUG o.h.internal.util.EntityPrinter - edu.ncsu.csc.itrust2.models.persistent.LogEntry{secondaryUser=null, logCode=5, primaryUser=logapitest, id=455, time=java.util.GregorianCalendar[time=1521667260877,areFieldsSet=true,areAllFieldsSet=true,lenient=true,zone=sun.util.calendar.ZoneInfo[id="Etc/UTC",offset=0,dstSavings=0,useDaylight=false,transitions=0,lastRule=null],firstDayOfWeek=1,minimalDaysInFirstWeek=1,ERA=1,YEAR=2018,MONTH=2,WEEK_OF_YEAR=12,WEEK_OF_MONTH=4,DAY_OF_MONTH=21,DAY_OF_YEAR=80,DAY_OF_WEEK=4,DAY_OF_WEEK_IN_MONTH=3,AM_PM=1,HOUR=9,HOUR_OF_DAY=21,MINUTE=21,SECOND=0,MILLISECOND=877,ZONE_OFFSET=0,DST_OFFSET=0], message=null}
21:21:00.882 [main] DEBUG org.hibernate.SQL - insert into LogEntries (logCode, message, primaryUser, secondaryUser, time, id) values (?, ?, ?, ?, ?, ?)
Hibernate: insert into LogEntries (logCode, message, primaryUser, secondaryUser, time, id) values (?, ?, ?, ?, ?, ?)
21:21:00.883 [main] DEBUG o.h.e.j.internal.JdbcCoordinatorImpl - HHH000420: Closing un-released batch
21:21:00.884 [main] DEBUG o.h.e.t.internal.TransactionImpl - begin
21:21:00.884 [main] DEBUG org.hibernate.SQL - select next_val as id_val from hibernate_sequence for update
Hibernate: select next_val as id_val from hibernate_sequence for update
21:21:00.885 [main] DEBUG org.hibernate.SQL - update hibernate_sequence set next_val= ? where next_val=?
Hibernate: update hibernate_sequence set next_val= ? where next_val=?
21:21:00.886 [main] DEBUG o.h.e.i.AbstractSaveEventListener - Generated identifier: 456, using strategy: org.hibernate.id.enhanced.SequenceStyleGenerator
21:21:00.887 [main] DEBUG o.h.e.t.internal.TransactionImpl - committing
21:21:00.887 [main] DEBUG o.h.e.i.AbstractFlushingEventListener - Processing flush-time cascades
21:21:00.887 [main] DEBUG o.h.e.i.AbstractFlushingEventListener - Dirty checking collections
21:21:00.887 [main] DEBUG o.h.e.i.AbstractFlushingEventListener - Flushed: 1 insertions, 0 updates, 0 deletions to 1 objects
21:21:00.887 [main] DEBUG o.h.e.i.AbstractFlushingEventListener - Flushed: 0 (re)creations, 0 updates, 0 removals to 0 collections
21:21:00.887 [main] DEBUG o.h.internal.util.EntityPrinter - Listing entities:
21:21:00.887 [main] DEBUG o.h.internal.util.EntityPrinter - edu.ncsu.csc.itrust2.models.persistent.LogEntry{secondaryUser=null, logCode=5, primaryUser=logapitest, id=456, time=java.util.GregorianCalendar[time=1521667260883,areFieldsSet=true,areAllFieldsSet=true,lenient=true,zone=sun.util.calendar.ZoneInfo[id="Etc/UTC",offset=0,dstSavings=0,useDaylight=false,transitions=0,lastRule=null],firstDayOfWeek=1,minimalDaysInFirstWeek=1,ERA=1,YEAR=2018,MONTH=2,WEEK_OF_YEAR=12,WEEK_OF_MONTH=4,DAY_OF_MONTH=21,DAY_OF_YEAR=80,DAY_OF_WEEK=4,DAY_OF_WEEK_IN_MONTH=3,AM_PM=1,HOUR=9,HOUR_OF_DAY=21,MINUTE=21,SECOND=0,MILLISECOND=883,ZONE_OFFSET=0,DST_OFFSET=0], message=null}
21:21:00.888 [main] DEBUG org.hibernate.SQL - insert into LogEntries (logCode, message, primaryUser, secondaryUser, time, id) values (?, ?, ?, ?, ?, ?)
Hibernate: insert into LogEntries (logCode, message, primaryUser, secondaryUser, time, id) values (?, ?, ?, ?, ?, ?)
21:21:00.897 [main] DEBUG o.h.e.j.internal.JdbcCoordinatorImpl - HHH000420: Closing un-released batch
21:21:00.897 [main] DEBUG o.h.e.t.internal.TransactionImpl - begin
21:21:00.898 [main] DEBUG org.hibernate.SQL - select next_val as id_val from hibernate_sequence for update
Hibernate: select next_val as id_val from hibernate_sequence for update
21:21:00.898 [main] DEBUG org.hibernate.SQL - update hibernate_sequence set next_val= ? where next_val=?
Hibernate: update hibernate_sequence set next_val= ? where next_val=?
21:21:00.899 [main] DEBUG o.h.e.i.AbstractSaveEventListener - Generated identifier: 457, using strategy: org.hibernate.id.enhanced.SequenceStyleGenerator
21:21:00.900 [main] DEBUG o.h.e.t.internal.TransactionImpl - committing
21:21:00.900 [main] DEBUG o.h.e.i.AbstractFlushingEventListener - Processing flush-time cascades
21:21:00.900 [main] DEBUG o.h.e.i.AbstractFlushingEventListener - Dirty checking collections
21:21:00.900 [main] DEBUG o.h.e.i.AbstractFlushingEventListener - Flushed: 1 insertions, 0 updates, 0 deletions to 1 objects
21:21:00.900 [main] DEBUG o.h.e.i.AbstractFlushingEventListener - Flushed: 0 (re)creations, 0 updates, 0 removals to 0 collections
21:21:00.900 [main] DEBUG o.h.internal.util.EntityPrinter - Listing entities:
21:21:00.900 [main] DEBUG o.h.internal.util.EntityPrinter - edu.ncsu.csc.itrust2.models.persistent.LogEntry{secondaryUser=null, logCode=5, primaryUser=logapitest, id=457, time=java.util.GregorianCalendar[time=1521667260897,areFieldsSet=true,areAllFieldsSet=true,lenient=true,zone=sun.util.calendar.ZoneInfo[id="Etc/UTC",offset=0,dstSavings=0,useDaylight=false,transitions=0,lastRule=null],firstDayOfWeek=1,minimalDaysInFirstWeek=1,ERA=1,YEAR=2018,MONTH=2,WEEK_OF_YEAR=12,WEEK_OF_MONTH=4,DAY_OF_MONTH=21,DAY_OF_YEAR=80,DAY_OF_WEEK=4,DAY_OF_WEEK_IN_MONTH=3,AM_PM=1,HOUR=9,HOUR_OF_DAY=21,MINUTE=21,SECOND=0,MILLISECOND=897,ZONE_OFFSET=0,DST_OFFSET=0], message=null}
21:21:00.900 [main] DEBUG org.hibernate.SQL - insert into LogEntries (logCode, message, primaryUser, secondaryUser, time, id) values (?, ?, ?, ?, ?, ?)
Hibernate: insert into LogEntries (logCode, message, primaryUser, secondaryUser, time, id) values (?, ?, ?, ?, ?, ?)
21:21:00.901 [main] DEBUG o.h.e.j.internal.JdbcCoordinatorImpl - HHH000420: Closing un-released batch
21:21:00.901 [main] DEBUG o.h.e.t.internal.TransactionImpl - begin
21:21:00.902 [main] DEBUG org.hibernate.SQL - select next_val as id_val from hibernate_sequence for update
Hibernate: select next_val as id_val from hibernate_sequence for update
21:21:00.902 [main] DEBUG org.hibernate.SQL - update hibernate_sequence set next_val= ? where next_val=?
Hibernate: update hibernate_sequence set next_val= ? where next_val=?
21:21:00.903 [main] DEBUG o.h.e.i.AbstractSaveEventListener - Generated identifier: 458, using strategy: org.hibernate.id.enhanced.SequenceStyleGenerator
21:21:00.904 [main] DEBUG o.h.e.t.internal.TransactionImpl - committing
21:21:00.904 [main] DEBUG o.h.e.i.AbstractFlushingEventListener - Processing flush-time cascades
21:21:00.904 [main] DEBUG o.h.e.i.AbstractFlushingEventListener - Dirty checking collections
21:21:00.904 [main] DEBUG o.h.e.i.AbstractFlushingEventListener - Flushed: 1 insertions, 0 updates, 0 deletions to 1 objects
21:21:00.904 [main] DEBUG o.h.e.i.AbstractFlushingEventListener - Flushed: 0 (re)creations, 0 updates, 0 removals to 0 collections
21:21:00.904 [main] DEBUG o.h.internal.util.EntityPrinter - Listing entities:
21:21:00.904 [main] DEBUG o.h.internal.util.EntityPrinter - edu.ncsu.csc.itrust2.models.persistent.LogEntry{secondaryUser=null, logCode=5, primaryUser=logapitest, id=458, time=java.util.GregorianCalendar[time=1521667260901,areFieldsSet=true,areAllFieldsSet=true,lenient=true,zone=sun.util.calendar.ZoneInfo[id="Etc/UTC",offset=0,dstSavings=0,useDaylight=false,transitions=0,lastRule=null],firstDayOfWeek=1,minimalDaysInFirstWeek=1,ERA=1,YEAR=2018,MONTH=2,WEEK_OF_YEAR=12,WEEK_OF_MONTH=4,DAY_OF_MONTH=21,DAY_OF_YEAR=80,DAY_OF_WEEK=4,DAY_OF_WEEK_IN_MONTH=3,AM_PM=1,HOUR=9,HOUR_OF_DAY=21,MINUTE=21,SECOND=0,MILLISECOND=901,ZONE_OFFSET=0,DST_OFFSET=0], message=null}
21:21:00.905 [main] DEBUG org.hibernate.SQL - insert into LogEntries (logCode, message, primaryUser, secondaryUser, time, id) values (?, ?, ?, ?, ?, ?)
Hibernate: insert into LogEntries (logCode, message, primaryUser, secondaryUser, time, id) values (?, ?, ?, ?, ?, ?)
21:21:00.906 [main] DEBUG o.h.e.j.internal.JdbcCoordinatorImpl - HHH000420: Closing un-released batch
21:21:00.906 [main] DEBUG o.h.e.t.internal.TransactionImpl - begin
21:21:00.906 [main] DEBUG org.hibernate.SQL - select next_val as id_val from hibernate_sequence for update
Hibernate: select next_val as id_val from hibernate_sequence for update
21:21:00.907 [main] DEBUG org.hibernate.SQL - update hibernate_sequence set next_val= ? where next_val=?
Hibernate: update hibernate_sequence set next_val= ? where next_val=?
21:21:00.908 [main] DEBUG o.h.e.i.AbstractSaveEventListener - Generated identifier: 459, using strategy: org.hibernate.id.enhanced.SequenceStyleGenerator
21:21:00.909 [main] DEBUG o.h.e.t.internal.TransactionImpl - committing
21:21:00.909 [main] DEBUG o.h.e.i.AbstractFlushingEventListener - Processing flush-time cascades
21:21:00.909 [main] DEBUG o.h.e.i.AbstractFlushingEventListener - Dirty checking collections
21:21:00.909 [main] DEBUG o.h.e.i.AbstractFlushingEventListener - Flushed: 1 insertions, 0 updates, 0 deletions to 1 objects
21:21:00.909 [main] DEBUG o.h.e.i.AbstractFlushingEventListener - Flushed: 0 (re)creations, 0 updates, 0 removals to 0 collections
21:21:00.909 [main] DEBUG o.h.internal.util.EntityPrinter - Listing entities:
21:21:00.909 [main] DEBUG o.h.internal.util.EntityPrinter - edu.ncsu.csc.itrust2.models.persistent.LogEntry{secondaryUser=null, logCode=5, primaryUser=logapitest, id=459, time=java.util.GregorianCalendar[time=1521667260906,areFieldsSet=true,areAllFieldsSet=true,lenient=true,zone=sun.util.calendar.ZoneInfo[id="Etc/UTC",offset=0,dstSavings=0,useDaylight=false,transitions=0,lastRule=null],firstDayOfWeek=1,minimalDaysInFirstWeek=1,ERA=1,YEAR=2018,MONTH=2,WEEK_OF_YEAR=12,WEEK_OF_MONTH=4,DAY_OF_MONTH=21,DAY_OF_YEAR=80,DAY_OF_WEEK=4,DAY_OF_WEEK_IN_MONTH=3,AM_PM=1,HOUR=9,HOUR_OF_DAY=21,MINUTE=21,SECOND=0,MILLISECOND=906,ZONE_OFFSET=0,DST_OFFSET=0], message=null}
21:21:00.910 [main] DEBUG org.hibernate.SQL - insert into LogEntries (logCode, message, primaryUser, secondaryUser, time, id) values (?, ?, ?, ?, ?, ?)
Hibernate: insert into LogEntries (logCode, message, primaryUser, secondaryUser, time, id) values (?, ?, ?, ?, ?, ?)
21:21:00.912 [main] DEBUG o.h.e.j.internal.JdbcCoordinatorImpl - HHH000420: Closing un-released batch
21:21:00.912 [main] DEBUG o.h.e.t.internal.TransactionImpl - begin
21:21:00.918 [main] DEBUG org.hibernate.SQL - select next_val as id_val from hibernate_sequence for update
Hibernate: select next_val as id_val from hibernate_sequence for update
21:21:00.919 [main] DEBUG org.hibernate.SQL - update hibernate_sequence set next_val= ? where next_val=?
Hibernate: update hibernate_sequence set next_val= ? where next_val=?
21:21:00.920 [main] DEBUG o.h.e.i.AbstractSaveEventListener - Generated identifier: 460, using strategy: org.hibernate.id.enhanced.SequenceStyleGenerator
21:21:00.920 [main] DEBUG o.h.e.t.internal.TransactionImpl - committing
21:21:00.920 [main] DEBUG o.h.e.i.AbstractFlushingEventListener - Processing flush-time cascades
21:21:00.920 [main] DEBUG o.h.e.i.AbstractFlushingEventListener - Dirty checking collections
21:21:00.920 [main] DEBUG o.h.e.i.AbstractFlushingEventListener - Flushed: 1 insertions, 0 updates, 0 deletions to 1 objects
21:21:00.920 [main] DEBUG o.h.e.i.AbstractFlushingEventListener - Flushed: 0 (re)creations, 0 updates, 0 removals to 0 collections
21:21:00.920 [main] DEBUG o.h.internal.util.EntityPrinter - Listing entities:
21:21:00.920 [main] DEBUG o.h.internal.util.EntityPrinter - edu.ncsu.csc.itrust2.models.persistent.LogEntry{secondaryUser=null, logCode=5, primaryUser=logapitest, id=460, time=java.util.GregorianCalendar[time=1521667260912,areFieldsSet=true,areAllFieldsSet=true,lenient=true,zone=sun.util.calendar.ZoneInfo[id="Etc/UTC",offset=0,dstSavings=0,useDaylight=false,transitions=0,lastRule=null],firstDayOfWeek=1,minimalDaysInFirstWeek=1,ERA=1,YEAR=2018,MONTH=2,WEEK_OF_YEAR=12,WEEK_OF_MONTH=4,DAY_OF_MONTH=21,DAY_OF_YEAR=80,DAY_OF_WEEK=4,DAY_OF_WEEK_IN_MONTH=3,AM_PM=1,HOUR=9,HOUR_OF_DAY=21,MINUTE=21,SECOND=0,MILLISECOND=912,ZONE_OFFSET=0,DST_OFFSET=0], message=null}
21:21:00.921 [main] DEBUG org.hibernate.SQL - insert into LogEntries (logCode, message, primaryUser, secondaryUser, time, id) values (?, ?, ?, ?, ?, ?)
Hibernate: insert into LogEntries (logCode, message, primaryUser, secondaryUser, time, id) values (?, ?, ?, ?, ?, ?)
21:21:00.923 [main] DEBUG o.h.e.j.internal.JdbcCoordinatorImpl - HHH000420: Closing un-released batch
21:21:00.924 [main] DEBUG o.h.e.t.internal.TransactionImpl - begin
21:21:00.925 [main] DEBUG org.hibernate.SQL - select next_val as id_val from hibernate_sequence for update
Hibernate: select next_val as id_val from hibernate_sequence for update
21:21:00.926 [main] DEBUG org.hibernate.SQL - update hibernate_sequence set next_val= ? where next_val=?
Hibernate: update hibernate_sequence set next_val= ? where next_val=?
21:21:00.927 [main] DEBUG o.h.e.i.AbstractSaveEventListener - Generated identifier: 461, using strategy: org.hibernate.id.enhanced.SequenceStyleGenerator
21:21:00.928 [main] DEBUG o.h.e.t.internal.TransactionImpl - committing
21:21:00.928 [main] DEBUG o.h.e.i.AbstractFlushingEventListener - Processing flush-time cascades
21:21:00.928 [main] DEBUG o.h.e.i.AbstractFlushingEventListener - Dirty checking collections
21:21:00.928 [main] DEBUG o.h.e.i.AbstractFlushingEventListener - Flushed: 1 insertions, 0 updates, 0 deletions to 1 objects
21:21:00.928 [main] DEBUG o.h.e.i.AbstractFlushingEventListener - Flushed: 0 (re)creations, 0 updates, 0 removals to 0 collections
21:21:00.928 [main] DEBUG o.h.internal.util.EntityPrinter - Listing entities:
21:21:00.928 [main] DEBUG o.h.internal.util.EntityPrinter - edu.ncsu.csc.itrust2.models.persistent.LogEntry{secondaryUser=null, logCode=5, primaryUser=logapitest, id=461, time=java.util.GregorianCalendar[time=1521667260924,areFieldsSet=true,areAllFieldsSet=true,lenient=true,zone=sun.util.calendar.ZoneInfo[id="Etc/UTC",offset=0,dstSavings=0,useDaylight=false,transitions=0,lastRule=null],firstDayOfWeek=1,minimalDaysInFirstWeek=1,ERA=1,YEAR=2018,MONTH=2,WEEK_OF_YEAR=12,WEEK_OF_MONTH=4,DAY_OF_MONTH=21,DAY_OF_YEAR=80,DAY_OF_WEEK=4,DAY_OF_WEEK_IN_MONTH=3,AM_PM=1,HOUR=9,HOUR_OF_DAY=21,MINUTE=21,SECOND=0,MILLISECOND=924,ZONE_OFFSET=0,DST_OFFSET=0], message=null}
21:21:00.928 [main] DEBUG org.hibernate.SQL - insert into LogEntries (logCode, message, primaryUser, secondaryUser, time, id) values (?, ?, ?, ?, ?, ?)
Hibernate: insert into LogEntries (logCode, message, primaryUser, secondaryUser, time, id) values (?, ?, ?, ?, ?, ?)
21:21:00.930 [main] DEBUG o.h.e.j.internal.JdbcCoordinatorImpl - HHH000420: Closing un-released batch
21:21:00.930 [main] DEBUG o.h.e.t.internal.TransactionImpl - begin
21:21:00.931 [main] DEBUG org.hibernate.SQL - select next_val as id_val from hibernate_sequence for update
Hibernate: select next_val as id_val from hibernate_sequence for update
21:21:00.932 [main] DEBUG org.hibernate.SQL - update hibernate_sequence set next_val= ? where next_val=?
Hibernate: update hibernate_sequence set next_val= ? where next_val=?
21:21:00.933 [main] DEBUG o.h.e.i.AbstractSaveEventListener - Generated identifier: 462, using strategy: org.hibernate.id.enhanced.SequenceStyleGenerator
21:21:00.933 [main] DEBUG o.h.e.t.internal.TransactionImpl - committing
21:21:00.933 [main] DEBUG o.h.e.i.AbstractFlushingEventListener - Processing flush-time cascades
21:21:00.933 [main] DEBUG o.h.e.i.AbstractFlushingEventListener - Dirty checking collections
21:21:00.934 [main] DEBUG o.h.e.i.AbstractFlushingEventListener - Flushed: 1 insertions, 0 updates, 0 deletions to 1 objects
21:21:00.934 [main] DEBUG o.h.e.i.AbstractFlushingEventListener - Flushed: 0 (re)creations, 0 updates, 0 removals to 0 collections
21:21:00.934 [main] DEBUG o.h.internal.util.EntityPrinter - Listing entities:
21:21:00.934 [main] DEBUG o.h.internal.util.EntityPrinter - edu.ncsu.csc.itrust2.models.persistent.LogEntry{secondaryUser=null, logCode=5, primaryUser=logapitest, id=462, time=java.util.GregorianCalendar[time=1521667260930,areFieldsSet=true,areAllFieldsSet=true,lenient=true,zone=sun.util.calendar.ZoneInfo[id="Etc/UTC",offset=0,dstSavings=0,useDaylight=false,transitions=0,lastRule=null],firstDayOfWeek=1,minimalDaysInFirstWeek=1,ERA=1,YEAR=2018,MONTH=2,WEEK_OF_YEAR=12,WEEK_OF_MONTH=4,DAY_OF_MONTH=21,DAY_OF_YEAR=80,DAY_OF_WEEK=4,DAY_OF_WEEK_IN_MONTH=3,AM_PM=1,HOUR=9,HOUR_OF_DAY=21,MINUTE=21,SECOND=0,MILLISECOND=930,ZONE_OFFSET=0,DST_OFFSET=0], message=null}
21:21:00.935 [main] DEBUG org.hibernate.SQL - insert into LogEntries (logCode, message, primaryUser, secondaryUser, time, id) values (?, ?, ?, ?, ?, ?)
Hibernate: insert into LogEntries (logCode, message, primaryUser, secondaryUser, time, id) values (?, ?, ?, ?, ?, ?)
21:21:00.943 [main] DEBUG o.h.e.j.internal.JdbcCoordinatorImpl - HHH000420: Closing un-released batch
21:21:00.944 [main] DEBUG o.h.e.t.internal.TransactionImpl - begin
21:21:00.945 [main] DEBUG org.hibernate.SQL - select next_val as id_val from hibernate_sequence for update
Hibernate: select next_val as id_val from hibernate_sequence for update
21:21:00.945 [main] DEBUG org.hibernate.SQL - update hibernate_sequence set next_val= ? where next_val=?
Hibernate: update hibernate_sequence set next_val= ? where next_val=?
21:21:00.947 [main] DEBUG o.h.e.i.AbstractSaveEventListener - Generated identifier: 463, using strategy: org.hibernate.id.enhanced.SequenceStyleGenerator
21:21:00.947 [main] DEBUG o.h.e.t.internal.TransactionImpl - committing
21:21:00.947 [main] DEBUG o.h.e.i.AbstractFlushingEventListener - Processing flush-time cascades
21:21:00.947 [main] DEBUG o.h.e.i.AbstractFlushingEventListener - Dirty checking collections
21:21:00.947 [main] DEBUG o.h.e.i.AbstractFlushingEventListener - Flushed: 1 insertions, 0 updates, 0 deletions to 1 objects
21:21:00.947 [main] DEBUG o.h.e.i.AbstractFlushingEventListener - Flushed: 0 (re)creations, 0 updates, 0 removals to 0 collections
21:21:00.947 [main] DEBUG o.h.internal.util.EntityPrinter - Listing entities:
21:21:00.948 [main] DEBUG o.h.internal.util.EntityPrinter - edu.ncsu.csc.itrust2.models.persistent.LogEntry{secondaryUser=null, logCode=5, primaryUser=logapitest, id=463, time=java.util.GregorianCalendar[time=1521667260944,areFieldsSet=true,areAllFieldsSet=true,lenient=true,zone=sun.util.calendar.ZoneInfo[id="Etc/UTC",offset=0,dstSavings=0,useDaylight=false,transitions=0,lastRule=null],firstDayOfWeek=1,minimalDaysInFirstWeek=1,ERA=1,YEAR=2018,MONTH=2,WEEK_OF_YEAR=12,WEEK_OF_MONTH=4,DAY_OF_MONTH=21,DAY_OF_YEAR=80,DAY_OF_WEEK=4,DAY_OF_WEEK_IN_MONTH=3,AM_PM=1,HOUR=9,HOUR_OF_DAY=21,MINUTE=21,SECOND=0,MILLISECOND=944,ZONE_OFFSET=0,DST_OFFSET=0], message=null}
21:21:00.948 [main] DEBUG org.hibernate.SQL - insert into LogEntries (logCode, message, primaryUser, secondaryUser, time, id) values (?, ?, ?, ?, ?, ?)
Hibernate: insert into LogEntries (logCode, message, primaryUser, secondaryUser, time, id) values (?, ?, ?, ?, ?, ?)
21:21:00.949 [main] DEBUG o.h.e.j.internal.JdbcCoordinatorImpl - HHH000420: Closing un-released batch
21:21:00.950 [main] DEBUG o.h.e.t.internal.TransactionImpl - begin
21:21:00.952 [main] DEBUG org.hibernate.SQL - select next_val as id_val from hibernate_sequence for update
Hibernate: select next_val as id_val from hibernate_sequence for update
21:21:00.953 [main] DEBUG org.hibernate.SQL - update hibernate_sequence set next_val= ? where next_val=?
Hibernate: update hibernate_sequence set next_val= ? where next_val=?
21:21:00.955 [main] DEBUG o.h.e.i.AbstractSaveEventListener - Generated identifier: 464, using strategy: org.hibernate.id.enhanced.SequenceStyleGenerator
21:21:00.955 [main] DEBUG o.h.e.t.internal.TransactionImpl - committing
21:21:00.955 [main] DEBUG o.h.e.i.AbstractFlushingEventListener - Processing flush-time cascades
21:21:00.955 [main] DEBUG o.h.e.i.AbstractFlushingEventListener - Dirty checking collections
21:21:00.955 [main] DEBUG o.h.e.i.AbstractFlushingEventListener - Flushed: 1 insertions, 0 updates, 0 deletions to 1 objects
21:21:00.955 [main] DEBUG o.h.e.i.AbstractFlushingEventListener - Flushed: 0 (re)creations, 0 updates, 0 removals to 0 collections
21:21:00.955 [main] DEBUG o.h.internal.util.EntityPrinter - Listing entities:
21:21:00.955 [main] DEBUG o.h.internal.util.EntityPrinter - edu.ncsu.csc.itrust2.models.persistent.LogEntry{secondaryUser=null, logCode=5, primaryUser=logapitest, id=464, time=java.util.GregorianCalendar[time=1521667260950,areFieldsSet=true,areAllFieldsSet=true,lenient=true,zone=sun.util.calendar.ZoneInfo[id="Etc/UTC",offset=0,dstSavings=0,useDaylight=false,transitions=0,lastRule=null],firstDayOfWeek=1,minimalDaysInFirstWeek=1,ERA=1,YEAR=2018,MONTH=2,WEEK_OF_YEAR=12,WEEK_OF_MONTH=4,DAY_OF_MONTH=21,DAY_OF_YEAR=80,DAY_OF_WEEK=4,DAY_OF_WEEK_IN_MONTH=3,AM_PM=1,HOUR=9,HOUR_OF_DAY=21,MINUTE=21,SECOND=0,MILLISECOND=950,ZONE_OFFSET=0,DST_OFFSET=0], message=null}
21:21:00.956 [main] DEBUG org.hibernate.SQL - insert into LogEntries (logCode, message, primaryUser, secondaryUser, time, id) values (?, ?, ?, ?, ?, ?)
Hibernate: insert into LogEntries (logCode, message, primaryUser, secondaryUser, time, id) values (?, ?, ?, ?, ?, ?)
21:21:00.957 [main] DEBUG o.h.e.j.internal.JdbcCoordinatorImpl - HHH000420: Closing un-released batch
21:21:00.957 [main] DEBUG o.h.e.t.internal.TransactionImpl - begin
21:21:00.958 [main] DEBUG org.hibernate.SQL - select next_val as id_val from hibernate_sequence for update
Hibernate: select next_val as id_val from hibernate_sequence for update
21:21:00.959 [main] DEBUG org.hibernate.SQL - update hibernate_sequence set next_val= ? where next_val=?
Hibernate: update hibernate_sequence set next_val= ? where next_val=?
21:21:00.960 [main] DEBUG o.h.e.i.AbstractSaveEventListener - Generated identifier: 465, using strategy: org.hibernate.id.enhanced.SequenceStyleGenerator
21:21:00.960 [main] DEBUG o.h.e.t.internal.TransactionImpl - committing
21:21:00.960 [main] DEBUG o.h.e.i.AbstractFlushingEventListener - Processing flush-time cascades
21:21:00.960 [main] DEBUG o.h.e.i.AbstractFlushingEventListener - Dirty checking collections
21:21:00.961 [main] DEBUG o.h.e.i.AbstractFlushingEventListener - Flushed: 1 insertions, 0 updates, 0 deletions to 1 objects
21:21:00.961 [main] DEBUG o.h.e.i.AbstractFlushingEventListener - Flushed: 0 (re)creations, 0 updates, 0 removals to 0 collections
21:21:00.961 [main] DEBUG o.h.internal.util.EntityPrinter - Listing entities:
21:21:00.961 [main] DEBUG o.h.internal.util.EntityPrinter - edu.ncsu.csc.itrust2.models.persistent.LogEntry{secondaryUser=null, logCode=5, primaryUser=logapitest, id=465, time=java.util.GregorianCalendar[time=1521667260957,areFieldsSet=true,areAllFieldsSet=true,lenient=true,zone=sun.util.calendar.ZoneInfo[id="Etc/UTC",offset=0,dstSavings=0,useDaylight=false,transitions=0,lastRule=null],firstDayOfWeek=1,minimalDaysInFirstWeek=1,ERA=1,YEAR=2018,MONTH=2,WEEK_OF_YEAR=12,WEEK_OF_MONTH=4,DAY_OF_MONTH=21,DAY_OF_YEAR=80,DAY_OF_WEEK=4,DAY_OF_WEEK_IN_MONTH=3,AM_PM=1,HOUR=9,HOUR_OF_DAY=21,MINUTE=21,SECOND=0,MILLISECOND=957,ZONE_OFFSET=0,DST_OFFSET=0], message=null}
21:21:00.962 [main] DEBUG org.hibernate.SQL - insert into LogEntries (logCode, message, primaryUser, secondaryUser, time, id) values (?, ?, ?, ?, ?, ?)
Hibernate: insert into LogEntries (logCode, message, primaryUser, secondaryUser, time, id) values (?, ?, ?, ?, ?, ?)
21:21:00.964 [main] DEBUG o.h.e.j.internal.JdbcCoordinatorImpl - HHH000420: Closing un-released batch
21:21:00.964 [main] DEBUG o.h.e.t.internal.TransactionImpl - begin
21:21:00.966 [main] DEBUG org.hibernate.SQL - select next_val as id_val from hibernate_sequence for update
Hibernate: select next_val as id_val from hibernate_sequence for update
21:21:00.967 [main] DEBUG org.hibernate.SQL - update hibernate_sequence set next_val= ? where next_val=?
Hibernate: update hibernate_sequence set next_val= ? where next_val=?
21:21:00.968 [main] DEBUG o.h.e.i.AbstractSaveEventListener - Generated identifier: 466, using strategy: org.hibernate.id.enhanced.SequenceStyleGenerator
21:21:00.968 [main] DEBUG o.h.e.t.internal.TransactionImpl - committing
21:21:00.969 [main] DEBUG o.h.e.i.AbstractFlushingEventListener - Processing flush-time cascades
21:21:00.969 [main] DEBUG o.h.e.i.AbstractFlushingEventListener - Dirty checking collections
21:21:00.969 [main] DEBUG o.h.e.i.AbstractFlushingEventListener - Flushed: 1 insertions, 0 updates, 0 deletions to 1 objects
21:21:00.969 [main] DEBUG o.h.e.i.AbstractFlushingEventListener - Flushed: 0 (re)creations, 0 updates, 0 removals to 0 collections
21:21:00.969 [main] DEBUG o.h.internal.util.EntityPrinter - Listing entities:
21:21:00.969 [main] DEBUG o.h.internal.util.EntityPrinter - edu.ncsu.csc.itrust2.models.persistent.LogEntry{secondaryUser=null, logCode=5, primaryUser=logapitest, id=466, time=java.util.GregorianCalendar[time=1521667260964,areFieldsSet=true,areAllFieldsSet=true,lenient=true,zone=sun.util.calendar.ZoneInfo[id="Etc/UTC",offset=0,dstSavings=0,useDaylight=false,transitions=0,lastRule=null],firstDayOfWeek=1,minimalDaysInFirstWeek=1,ERA=1,YEAR=2018,MONTH=2,WEEK_OF_YEAR=12,WEEK_OF_MONTH=4,DAY_OF_MONTH=21,DAY_OF_YEAR=80,DAY_OF_WEEK=4,DAY_OF_WEEK_IN_MONTH=3,AM_PM=1,HOUR=9,HOUR_OF_DAY=21,MINUTE=21,SECOND=0,MILLISECOND=964,ZONE_OFFSET=0,DST_OFFSET=0], message=null}
21:21:00.970 [main] DEBUG org.hibernate.SQL - insert into LogEntries (logCode, message, primaryUser, secondaryUser, time, id) values (?, ?, ?, ?, ?, ?)
Hibernate: insert into LogEntries (logCode, message, primaryUser, secondaryUser, time, id) values (?, ?, ?, ?, ?, ?)
21:21:00.974 [main] DEBUG o.h.e.j.internal.JdbcCoordinatorImpl - HHH000420: Closing un-released batch
21:21:00.975 [main] DEBUG o.h.e.t.internal.TransactionImpl - begin
21:21:00.976 [main] DEBUG org.hibernate.SQL - select next_val as id_val from hibernate_sequence for update
Hibernate: select next_val as id_val from hibernate_sequence for update
21:21:00.976 [main] DEBUG org.hibernate.SQL - update hibernate_sequence set next_val= ? where next_val=?
Hibernate: update hibernate_sequence set next_val= ? where next_val=?
21:21:00.978 [main] DEBUG o.h.e.i.AbstractSaveEventListener - Generated identifier: 467, using strategy: org.hibernate.id.enhanced.SequenceStyleGenerator
21:21:00.978 [main] DEBUG o.h.e.t.internal.TransactionImpl - committing
21:21:00.978 [main] DEBUG o.h.e.i.AbstractFlushingEventListener - Processing flush-time cascades
21:21:00.978 [main] DEBUG o.h.e.i.AbstractFlushingEventListener - Dirty checking collections
21:21:00.979 [main] DEBUG o.h.e.i.AbstractFlushingEventListener - Flushed: 1 insertions, 0 updates, 0 deletions to 1 objects
21:21:00.979 [main] DEBUG o.h.e.i.AbstractFlushingEventListener - Flushed: 0 (re)creations, 0 updates, 0 removals to 0 collections
21:21:00.979 [main] DEBUG o.h.internal.util.EntityPrinter - Listing entities:
21:21:00.979 [main] DEBUG o.h.internal.util.EntityPrinter - edu.ncsu.csc.itrust2.models.persistent.LogEntry{secondaryUser=null, logCode=5, primaryUser=logapitest, id=467, time=java.util.GregorianCalendar[time=1521667260975,areFieldsSet=true,areAllFieldsSet=true,lenient=true,zone=sun.util.calendar.ZoneInfo[id="Etc/UTC",offset=0,dstSavings=0,useDaylight=false,transitions=0,lastRule=null],firstDayOfWeek=1,minimalDaysInFirstWeek=1,ERA=1,YEAR=2018,MONTH=2,WEEK_OF_YEAR=12,WEEK_OF_MONTH=4,DAY_OF_MONTH=21,DAY_OF_YEAR=80,DAY_OF_WEEK=4,DAY_OF_WEEK_IN_MONTH=3,AM_PM=1,HOUR=9,HOUR_OF_DAY=21,MINUTE=21,SECOND=0,MILLISECOND=975,ZONE_OFFSET=0,DST_OFFSET=0], message=null}
21:21:00.979 [main] DEBUG org.hibernate.SQL - insert into LogEntries (logCode, message, primaryUser, secondaryUser, time, id) values (?, ?, ?, ?, ?, ?)
Hibernate: insert into LogEntries (logCode, message, primaryUser, secondaryUser, time, id) values (?, ?, ?, ?, ?, ?)
21:21:00.981 [main] DEBUG o.h.e.j.internal.JdbcCoordinatorImpl - HHH000420: Closing un-released batch
21:21:00.982 [main] DEBUG o.h.e.t.internal.TransactionImpl - begin
21:21:00.988 [main] DEBUG org.hibernate.SQL - select next_val as id_val from hibernate_sequence for update
Hibernate: select next_val as id_val from hibernate_sequence for update
21:21:00.989 [main] DEBUG org.hibernate.SQL - update hibernate_sequence set next_val= ? where next_val=?
Hibernate: update hibernate_sequence set next_val= ? where next_val=?
21:21:00.990 [main] DEBUG o.h.e.i.AbstractSaveEventListener - Generated identifier: 468, using strategy: org.hibernate.id.enhanced.SequenceStyleGenerator
21:21:00.990 [main] DEBUG o.h.e.t.internal.TransactionImpl - committing
21:21:00.990 [main] DEBUG o.h.e.i.AbstractFlushingEventListener - Processing flush-time cascades
21:21:00.990 [main] DEBUG o.h.e.i.AbstractFlushingEventListener - Dirty checking collections
21:21:00.990 [main] DEBUG o.h.e.i.AbstractFlushingEventListener - Flushed: 1 insertions, 0 updates, 0 deletions to 1 objects
21:21:00.990 [main] DEBUG o.h.e.i.AbstractFlushingEventListener - Flushed: 0 (re)creations, 0 updates, 0 removals to 0 collections
21:21:00.990 [main] DEBUG o.h.internal.util.EntityPrinter - Listing entities:
21:21:00.990 [main] DEBUG o.h.internal.util.EntityPrinter - edu.ncsu.csc.itrust2.models.persistent.LogEntry{secondaryUser=null, logCode=5, primaryUser=logapitest, id=468, time=java.util.GregorianCalendar[time=1521667260981,areFieldsSet=true,areAllFieldsSet=true,lenient=true,zone=sun.util.calendar.ZoneInfo[id="Etc/UTC",offset=0,dstSavings=0,useDaylight=false,transitions=0,lastRule=null],firstDayOfWeek=1,minimalDaysInFirstWeek=1,ERA=1,YEAR=2018,MONTH=2,WEEK_OF_YEAR=12,WEEK_OF_MONTH=4,DAY_OF_MONTH=21,DAY_OF_YEAR=80,DAY_OF_WEEK=4,DAY_OF_WEEK_IN_MONTH=3,AM_PM=1,HOUR=9,HOUR_OF_DAY=21,MINUTE=21,SECOND=0,MILLISECOND=981,ZONE_OFFSET=0,DST_OFFSET=0], message=null}
21:21:00.991 [main] DEBUG org.hibernate.SQL - insert into LogEntries (logCode, message, primaryUser, secondaryUser, time, id) values (?, ?, ?, ?, ?, ?)
Hibernate: insert into LogEntries (logCode, message, primaryUser, secondaryUser, time, id) values (?, ?, ?, ?, ?, ?)
21:21:00.992 [main] DEBUG o.h.e.j.internal.JdbcCoordinatorImpl - HHH000420: Closing un-released batch
21:21:00.992 [main] DEBUG o.h.e.t.internal.TransactionImpl - begin
21:21:00.993 [main] DEBUG org.hibernate.SQL - select next_val as id_val from hibernate_sequence for update
Hibernate: select next_val as id_val from hibernate_sequence for update
21:21:00.993 [main] DEBUG org.hibernate.SQL - update hibernate_sequence set next_val= ? where next_val=?
Hibernate: update hibernate_sequence set next_val= ? where next_val=?
21:21:00.994 [main] DEBUG o.h.e.i.AbstractSaveEventListener - Generated identifier: 469, using strategy: org.hibernate.id.enhanced.SequenceStyleGenerator
21:21:00.994 [main] DEBUG o.h.e.t.internal.TransactionImpl - committing
21:21:00.994 [main] DEBUG o.h.e.i.AbstractFlushingEventListener - Processing flush-time cascades
21:21:00.994 [main] DEBUG o.h.e.i.AbstractFlushingEventListener - Dirty checking collections
21:21:00.994 [main] DEBUG o.h.e.i.AbstractFlushingEventListener - Flushed: 1 insertions, 0 updates, 0 deletions to 1 objects
21:21:00.994 [main] DEBUG o.h.e.i.AbstractFlushingEventListener - Flushed: 0 (re)creations, 0 updates, 0 removals to 0 collections
21:21:00.994 [main] DEBUG o.h.internal.util.EntityPrinter - Listing entities:
21:21:00.995 [main] DEBUG o.h.internal.util.EntityPrinter - edu.ncsu.csc.itrust2.models.persistent.LogEntry{secondaryUser=null, logCode=5, primaryUser=logapitest, id=469, time=java.util.GregorianCalendar[time=1521667260992,areFieldsSet=true,areAllFieldsSet=true,lenient=true,zone=sun.util.calendar.ZoneInfo[id="Etc/UTC",offset=0,dstSavings=0,useDaylight=false,transitions=0,lastRule=null],firstDayOfWeek=1,minimalDaysInFirstWeek=1,ERA=1,YEAR=2018,MONTH=2,WEEK_OF_YEAR=12,WEEK_OF_MONTH=4,DAY_OF_MONTH=21,DAY_OF_YEAR=80,DAY_OF_WEEK=4,DAY_OF_WEEK_IN_MONTH=3,AM_PM=1,HOUR=9,HOUR_OF_DAY=21,MINUTE=21,SECOND=0,MILLISECOND=992,ZONE_OFFSET=0,DST_OFFSET=0], message=null}
21:21:00.995 [main] DEBUG org.hibernate.SQL - insert into LogEntries (logCode, message, primaryUser, secondaryUser, time, id) values (?, ?, ?, ?, ?, ?)
Hibernate: insert into LogEntries (logCode, message, primaryUser, secondaryUser, time, id) values (?, ?, ?, ?, ?, ?)
21:21:00.996 [main] DEBUG o.h.e.j.internal.JdbcCoordinatorImpl - HHH000420: Closing un-released batch
21:21:00.996 [main] DEBUG o.h.e.t.internal.TransactionImpl - begin
21:21:00.997 [main] DEBUG org.hibernate.SQL - select next_val as id_val from hibernate_sequence for update
Hibernate: select next_val as id_val from hibernate_sequence for update
21:21:00.997 [main] DEBUG org.hibernate.SQL - update hibernate_sequence set next_val= ? where next_val=?
Hibernate: update hibernate_sequence set next_val= ? where next_val=?
21:21:01.000 [main] DEBUG o.h.e.i.AbstractSaveEventListener - Generated identifier: 470, using strategy: org.hibernate.id.enhanced.SequenceStyleGenerator
21:21:01.000 [main] DEBUG o.h.e.t.internal.TransactionImpl - committing
21:21:01.000 [main] DEBUG o.h.e.i.AbstractFlushingEventListener - Processing flush-time cascades
21:21:01.000 [main] DEBUG o.h.e.i.AbstractFlushingEventListener - Dirty checking collections
21:21:01.001 [main] DEBUG o.h.e.i.AbstractFlushingEventListener - Flushed: 1 insertions, 0 updates, 0 deletions to 1 objects
21:21:01.001 [main] DEBUG o.h.e.i.AbstractFlushingEventListener - Flushed: 0 (re)creations, 0 updates, 0 removals to 0 collections
21:21:01.001 [main] DEBUG o.h.internal.util.EntityPrinter - Listing entities:
21:21:01.001 [main] DEBUG o.h.internal.util.EntityPrinter - edu.ncsu.csc.itrust2.models.persistent.LogEntry{secondaryUser=null, logCode=5, primaryUser=logapitest, id=470, time=java.util.GregorianCalendar[time=1521667260996,areFieldsSet=true,areAllFieldsSet=true,lenient=true,zone=sun.util.calendar.ZoneInfo[id="Etc/UTC",offset=0,dstSavings=0,useDaylight=false,transitions=0,lastRule=null],firstDayOfWeek=1,minimalDaysInFirstWeek=1,ERA=1,YEAR=2018,MONTH=2,WEEK_OF_YEAR=12,WEEK_OF_MONTH=4,DAY_OF_MONTH=21,DAY_OF_YEAR=80,DAY_OF_WEEK=4,DAY_OF_WEEK_IN_MONTH=3,AM_PM=1,HOUR=9,HOUR_OF_DAY=21,MINUTE=21,SECOND=0,MILLISECOND=996,ZONE_OFFSET=0,DST_OFFSET=0], message=null}
21:21:01.001 [main] DEBUG org.hibernate.SQL - insert into LogEntries (logCode, message, primaryUser, secondaryUser, time, id) values (?, ?, ?, ?, ?, ?)
Hibernate: insert into LogEntries (logCode, message, primaryUser, secondaryUser, time, id) values (?, ?, ?, ?, ?, ?)
21:21:01.003 [main] DEBUG o.h.e.j.internal.JdbcCoordinatorImpl - HHH000420: Closing un-released batch
21:21:01.004 [main] DEBUG o.h.e.t.internal.TransactionImpl - begin
21:21:01.004 [main] DEBUG org.hibernate.SQL - select next_val as id_val from hibernate_sequence for update
Hibernate: select next_val as id_val from hibernate_sequence for update
21:21:01.004 [main] DEBUG org.hibernate.SQL - update hibernate_sequence set next_val= ? where next_val=?
Hibernate: update hibernate_sequence set next_val= ? where next_val=?
21:21:01.005 [main] DEBUG o.h.e.i.AbstractSaveEventListener - Generated identifier: 471, using strategy: org.hibernate.id.enhanced.SequenceStyleGenerator
21:21:01.006 [main] DEBUG o.h.e.t.internal.TransactionImpl - committing
21:21:01.006 [main] DEBUG o.h.e.i.AbstractFlushingEventListener - Processing flush-time cascades
21:21:01.006 [main] DEBUG o.h.e.i.AbstractFlushingEventListener - Dirty checking collections
21:21:01.006 [main] DEBUG o.h.e.i.AbstractFlushingEventListener - Flushed: 1 insertions, 0 updates, 0 deletions to 1 objects
21:21:01.006 [main] DEBUG o.h.e.i.AbstractFlushingEventListener - Flushed: 0 (re)creations, 0 updates, 0 removals to 0 collections
21:21:01.006 [main] DEBUG o.h.internal.util.EntityPrinter - Listing entities:
21:21:01.006 [main] DEBUG o.h.internal.util.EntityPrinter - edu.ncsu.csc.itrust2.models.persistent.LogEntry{secondaryUser=null, logCode=5, primaryUser=logapitest, id=471, time=java.util.GregorianCalendar[time=1521667261004,areFieldsSet=true,areAllFieldsSet=true,lenient=true,zone=sun.util.calendar.ZoneInfo[id="Etc/UTC",offset=0,dstSavings=0,useDaylight=false,transitions=0,lastRule=null],firstDayOfWeek=1,minimalDaysInFirstWeek=1,ERA=1,YEAR=2018,MONTH=2,WEEK_OF_YEAR=12,WEEK_OF_MONTH=4,DAY_OF_MONTH=21,DAY_OF_YEAR=80,DAY_OF_WEEK=4,DAY_OF_WEEK_IN_MONTH=3,AM_PM=1,HOUR=9,HOUR_OF_DAY=21,MINUTE=21,SECOND=1,MILLISECOND=4,ZONE_OFFSET=0,DST_OFFSET=0], message=null}
21:21:01.006 [main] DEBUG org.hibernate.SQL - insert into LogEntries (logCode, message, primaryUser, secondaryUser, time, id) values (?, ?, ?, ?, ?, ?)
Hibernate: insert into LogEntries (logCode, message, primaryUser, secondaryUser, time, id) values (?, ?, ?, ?, ?, ?)
21:21:01.009 [main] DEBUG o.h.e.j.internal.JdbcCoordinatorImpl - HHH000420: Closing un-released batch
21:21:01.009 [main] DEBUG o.h.e.t.internal.TransactionImpl - begin
21:21:01.016 [main] DEBUG org.hibernate.SQL - select next_val as id_val from hibernate_sequence for update
Hibernate: select next_val as id_val from hibernate_sequence for update
21:21:01.017 [main] DEBUG org.hibernate.SQL - update hibernate_sequence set next_val= ? where next_val=?
Hibernate: update hibernate_sequence set next_val= ? where next_val=?
21:21:01.018 [main] DEBUG o.h.e.i.AbstractSaveEventListener - Generated identifier: 472, using strategy: org.hibernate.id.enhanced.SequenceStyleGenerator
21:21:01.018 [main] DEBUG o.h.e.t.internal.TransactionImpl - committing
21:21:01.018 [main] DEBUG o.h.e.i.AbstractFlushingEventListener - Processing flush-time cascades
21:21:01.018 [main] DEBUG o.h.e.i.AbstractFlushingEventListener - Dirty checking collections
21:21:01.018 [main] DEBUG o.h.e.i.AbstractFlushingEventListener - Flushed: 1 insertions, 0 updates, 0 deletions to 1 objects
21:21:01.018 [main] DEBUG o.h.e.i.AbstractFlushingEventListener - Flushed: 0 (re)creations, 0 updates, 0 removals to 0 collections
21:21:01.018 [main] DEBUG o.h.internal.util.EntityPrinter - Listing entities:
21:21:01.019 [main] DEBUG o.h.internal.util.EntityPrinter - edu.ncsu.csc.itrust2.models.persistent.LogEntry{secondaryUser=null, logCode=5, primaryUser=logapitest, id=472, time=java.util.GregorianCalendar[time=1521667261009,areFieldsSet=true,areAllFieldsSet=true,lenient=true,zone=sun.util.calendar.ZoneInfo[id="Etc/UTC",offset=0,dstSavings=0,useDaylight=false,transitions=0,lastRule=null],firstDayOfWeek=1,minimalDaysInFirstWeek=1,ERA=1,YEAR=2018,MONTH=2,WEEK_OF_YEAR=12,WEEK_OF_MONTH=4,DAY_OF_MONTH=21,DAY_OF_YEAR=80,DAY_OF_WEEK=4,DAY_OF_WEEK_IN_MONTH=3,AM_PM=1,HOUR=9,HOUR_OF_DAY=21,MINUTE=21,SECOND=1,MILLISECOND=9,ZONE_OFFSET=0,DST_OFFSET=0], message=null}
21:21:01.019 [main] DEBUG org.hibernate.SQL - insert into LogEntries (logCode, message, primaryUser, secondaryUser, time, id) values (?, ?, ?, ?, ?, ?)
Hibernate: insert into LogEntries (logCode, message, primaryUser, secondaryUser, time, id) values (?, ?, ?, ?, ?, ?)
21:21:01.020 [main] DEBUG o.h.e.j.internal.JdbcCoordinatorImpl - HHH000420: Closing un-released batch
21:21:01.021 [main] DEBUG o.h.e.t.internal.TransactionImpl - begin
21:21:01.021 [main] DEBUG org.hibernate.SQL - select next_val as id_val from hibernate_sequence for update
Hibernate: select next_val as id_val from hibernate_sequence for update
21:21:01.022 [main] DEBUG org.hibernate.SQL - update hibernate_sequence set next_val= ? where next_val=?
Hibernate: update hibernate_sequence set next_val= ? where next_val=?
21:21:01.023 [main] DEBUG o.h.e.i.AbstractSaveEventListener - Generated identifier: 473, using strategy: org.hibernate.id.enhanced.SequenceStyleGenerator
21:21:01.023 [main] DEBUG o.h.e.t.internal.TransactionImpl - committing
21:21:01.023 [main] DEBUG o.h.e.i.AbstractFlushingEventListener - Processing flush-time cascades
21:21:01.023 [main] DEBUG o.h.e.i.AbstractFlushingEventListener - Dirty checking collections
21:21:01.023 [main] DEBUG o.h.e.i.AbstractFlushingEventListener - Flushed: 1 insertions, 0 updates, 0 deletions to 1 objects
21:21:01.023 [main] DEBUG o.h.e.i.AbstractFlushingEventListener - Flushed: 0 (re)creations, 0 updates, 0 removals to 0 collections
21:21:01.023 [main] DEBUG o.h.internal.util.EntityPrinter - Listing entities:
21:21:01.023 [main] DEBUG o.h.internal.util.EntityPrinter - edu.ncsu.csc.itrust2.models.persistent.LogEntry{secondaryUser=null, logCode=5, primaryUser=logapitest, id=473, time=java.util.GregorianCalendar[time=1521667261021,areFieldsSet=true,areAllFieldsSet=true,lenient=true,zone=sun.util.calendar.ZoneInfo[id="Etc/UTC",offset=0,dstSavings=0,useDaylight=false,transitions=0,lastRule=null],firstDayOfWeek=1,minimalDaysInFirstWeek=1,ERA=1,YEAR=2018,MONTH=2,WEEK_OF_YEAR=12,WEEK_OF_MONTH=4,DAY_OF_MONTH=21,DAY_OF_YEAR=80,DAY_OF_WEEK=4,DAY_OF_WEEK_IN_MONTH=3,AM_PM=1,HOUR=9,HOUR_OF_DAY=21,MINUTE=21,SECOND=1,MILLISECOND=21,ZONE_OFFSET=0,DST_OFFSET=0], message=null}
21:21:01.023 [main] DEBUG org.hibernate.SQL - insert into LogEntries (logCode, message, primaryUser, secondaryUser, time, id) values (?, ?, ?, ?, ?, ?)
Hibernate: insert into LogEntries (logCode, message, primaryUser, secondaryUser, time, id) values (?, ?, ?, ?, ?, ?)
21:21:01.026 [main] DEBUG o.h.e.j.internal.JdbcCoordinatorImpl - HHH000420: Closing un-released batch
21:21:01.027 [main] DEBUG o.h.e.t.internal.TransactionImpl - begin
21:21:01.033 [main] DEBUG org.hibernate.SQL - select next_val as id_val from hibernate_sequence for update
Hibernate: select next_val as id_val from hibernate_sequence for update
21:21:01.033 [main] DEBUG org.hibernate.SQL - update hibernate_sequence set next_val= ? where next_val=?
Hibernate: update hibernate_sequence set next_val= ? where next_val=?
21:21:01.035 [main] DEBUG o.h.e.i.AbstractSaveEventListener - Generated identifier: 474, using strategy: org.hibernate.id.enhanced.SequenceStyleGenerator
21:21:01.035 [main] DEBUG o.h.e.t.internal.TransactionImpl - committing
21:21:01.035 [main] DEBUG o.h.e.i.AbstractFlushingEventListener - Processing flush-time cascades
21:21:01.035 [main] DEBUG o.h.e.i.AbstractFlushingEventListener - Dirty checking collections
21:21:01.035 [main] DEBUG o.h.e.i.AbstractFlushingEventListener - Flushed: 1 insertions, 0 updates, 0 deletions to 1 objects
21:21:01.035 [main] DEBUG o.h.e.i.AbstractFlushingEventListener - Flushed: 0 (re)creations, 0 updates, 0 removals to 0 collections
21:21:01.035 [main] DEBUG o.h.internal.util.EntityPrinter - Listing entities:
21:21:01.035 [main] DEBUG o.h.internal.util.EntityPrinter - edu.ncsu.csc.itrust2.models.persistent.LogEntry{secondaryUser=null, logCode=5, primaryUser=logapitest, id=474, time=java.util.GregorianCalendar[time=1521667261027,areFieldsSet=true,areAllFieldsSet=true,lenient=true,zone=sun.util.calendar.ZoneInfo[id="Etc/UTC",offset=0,dstSavings=0,useDaylight=false,transitions=0,lastRule=null],firstDayOfWeek=1,minimalDaysInFirstWeek=1,ERA=1,YEAR=2018,MONTH=2,WEEK_OF_YEAR=12,WEEK_OF_MONTH=4,DAY_OF_MONTH=21,DAY_OF_YEAR=80,DAY_OF_WEEK=4,DAY_OF_WEEK_IN_MONTH=3,AM_PM=1,HOUR=9,HOUR_OF_DAY=21,MINUTE=21,SECOND=1,MILLISECOND=27,ZONE_OFFSET=0,DST_OFFSET=0], message=null}
21:21:01.035 [main] DEBUG org.hibernate.SQL - insert into LogEntries (logCode, message, primaryUser, secondaryUser, time, id) values (?, ?, ?, ?, ?, ?)
Hibernate: insert into LogEntries (logCode, message, primaryUser, secondaryUser, time, id) values (?, ?, ?, ?, ?, ?)
21:21:01.037 [main] DEBUG o.h.e.j.internal.JdbcCoordinatorImpl - HHH000420: Closing un-released batch
21:21:01.037 [main] DEBUG o.h.e.t.internal.TransactionImpl - begin
21:21:01.038 [main] DEBUG org.hibernate.SQL - select next_val as id_val from hibernate_sequence for update
Hibernate: select next_val as id_val from hibernate_sequence for update
21:21:01.038 [main] DEBUG org.hibernate.SQL - update hibernate_sequence set next_val= ? where next_val=?
Hibernate: update hibernate_sequence set next_val= ? where next_val=?
21:21:01.040 [main] DEBUG o.h.e.i.AbstractSaveEventListener - Generated identifier: 475, using strategy: org.hibernate.id.enhanced.SequenceStyleGenerator
21:21:01.040 [main] DEBUG o.h.e.t.internal.TransactionImpl - committing
21:21:01.040 [main] DEBUG o.h.e.i.AbstractFlushingEventListener - Processing flush-time cascades
21:21:01.040 [main] DEBUG o.h.e.i.AbstractFlushingEventListener - Dirty checking collections
21:21:01.040 [main] DEBUG o.h.e.i.AbstractFlushingEventListener - Flushed: 1 insertions, 0 updates, 0 deletions to 1 objects
21:21:01.040 [main] DEBUG o.h.e.i.AbstractFlushingEventListener - Flushed: 0 (re)creations, 0 updates, 0 removals to 0 collections
21:21:01.040 [main] DEBUG o.h.internal.util.EntityPrinter - Listing entities:
21:21:01.040 [main] DEBUG o.h.internal.util.EntityPrinter - edu.ncsu.csc.itrust2.models.persistent.LogEntry{secondaryUser=null, logCode=5, primaryUser=logapitest, id=475, time=java.util.GregorianCalendar[time=1521667261037,areFieldsSet=true,areAllFieldsSet=true,lenient=true,zone=sun.util.calendar.ZoneInfo[id="Etc/UTC",offset=0,dstSavings=0,useDaylight=false,transitions=0,lastRule=null],firstDayOfWeek=1,minimalDaysInFirstWeek=1,ERA=1,YEAR=2018,MONTH=2,WEEK_OF_YEAR=12,WEEK_OF_MONTH=4,DAY_OF_MONTH=21,DAY_OF_YEAR=80,DAY_OF_WEEK=4,DAY_OF_WEEK_IN_MONTH=3,AM_PM=1,HOUR=9,HOUR_OF_DAY=21,MINUTE=21,SECOND=1,MILLISECOND=37,ZONE_OFFSET=0,DST_OFFSET=0], message=null}
21:21:01.040 [main] DEBUG org.hibernate.SQL - insert into LogEntries (logCode, message, primaryUser, secondaryUser, time, id) values (?, ?, ?, ?, ?, ?)
Hibernate: insert into LogEntries (logCode, message, primaryUser, secondaryUser, time, id) values (?, ?, ?, ?, ?, ?)
21:21:01.042 [main] DEBUG o.h.e.j.internal.JdbcCoordinatorImpl - HHH000420: Closing un-released batch
21:21:01.042 [main] DEBUG o.h.e.t.internal.TransactionImpl - begin
21:21:01.043 [main] DEBUG org.hibernate.SQL - select next_val as id_val from hibernate_sequence for update
Hibernate: select next_val as id_val from hibernate_sequence for update
21:21:01.044 [main] DEBUG org.hibernate.SQL - update hibernate_sequence set next_val= ? where next_val=?
Hibernate: update hibernate_sequence set next_val= ? where next_val=?
21:21:01.045 [main] DEBUG o.h.e.i.AbstractSaveEventListener - Generated identifier: 476, using strategy: org.hibernate.id.enhanced.SequenceStyleGenerator
21:21:01.045 [main] DEBUG o.h.e.t.internal.TransactionImpl - committing
21:21:01.045 [main] DEBUG o.h.e.i.AbstractFlushingEventListener - Processing flush-time cascades
21:21:01.045 [main] DEBUG o.h.e.i.AbstractFlushingEventListener - Dirty checking collections
21:21:01.046 [main] DEBUG o.h.e.i.AbstractFlushingEventListener - Flushed: 1 insertions, 0 updates, 0 deletions to 1 objects
21:21:01.046 [main] DEBUG o.h.e.i.AbstractFlushingEventListener - Flushed: 0 (re)creations, 0 updates, 0 removals to 0 collections
21:21:01.046 [main] DEBUG o.h.internal.util.EntityPrinter - Listing entities:
21:21:01.046 [main] DEBUG o.h.internal.util.EntityPrinter - edu.ncsu.csc.itrust2.models.persistent.LogEntry{secondaryUser=null, logCode=5, primaryUser=logapitest, id=476, time=java.util.GregorianCalendar[time=1521667261042,areFieldsSet=true,areAllFieldsSet=true,lenient=true,zone=sun.util.calendar.ZoneInfo[id="Etc/UTC",offset=0,dstSavings=0,useDaylight=false,transitions=0,lastRule=null],firstDayOfWeek=1,minimalDaysInFirstWeek=1,ERA=1,YEAR=2018,MONTH=2,WEEK_OF_YEAR=12,WEEK_OF_MONTH=4,DAY_OF_MONTH=21,DAY_OF_YEAR=80,DAY_OF_WEEK=4,DAY_OF_WEEK_IN_MONTH=3,AM_PM=1,HOUR=9,HOUR_OF_DAY=21,MINUTE=21,SECOND=1,MILLISECOND=42,ZONE_OFFSET=0,DST_OFFSET=0], message=null}
21:21:01.046 [main] DEBUG org.hibernate.SQL - insert into LogEntries (logCode, message, primaryUser, secondaryUser, time, id) values (?, ?, ?, ?, ?, ?)
Hibernate: insert into LogEntries (logCode, message, primaryUser, secondaryUser, time, id) values (?, ?, ?, ?, ?, ?)
21:21:01.054 [main] DEBUG o.h.e.j.internal.JdbcCoordinatorImpl - HHH000420: Closing un-released batch
21:21:01.054 [main] DEBUG o.h.e.t.internal.TransactionImpl - begin
21:21:01.054 [main] DEBUG org.hibernate.SQL - select next_val as id_val from hibernate_sequence for update
Hibernate: select next_val as id_val from hibernate_sequence for update
21:21:01.055 [main] DEBUG org.hibernate.SQL - update hibernate_sequence set next_val= ? where next_val=?
Hibernate: update hibernate_sequence set next_val= ? where next_val=?
21:21:01.056 [main] DEBUG o.h.e.i.AbstractSaveEventListener - Generated identifier: 477, using strategy: org.hibernate.id.enhanced.SequenceStyleGenerator
21:21:01.056 [main] DEBUG o.h.e.t.internal.TransactionImpl - committing
21:21:01.056 [main] DEBUG o.h.e.i.AbstractFlushingEventListener - Processing flush-time cascades
21:21:01.056 [main] DEBUG o.h.e.i.AbstractFlushingEventListener - Dirty checking collections
21:21:01.056 [main] DEBUG o.h.e.i.AbstractFlushingEventListener - Flushed: 1 insertions, 0 updates, 0 deletions to 1 objects
21:21:01.056 [main] DEBUG o.h.e.i.AbstractFlushingEventListener - Flushed: 0 (re)creations, 0 updates, 0 removals to 0 collections
21:21:01.056 [main] DEBUG o.h.internal.util.EntityPrinter - Listing entities:
21:21:01.057 [main] DEBUG o.h.internal.util.EntityPrinter - edu.ncsu.csc.itrust2.models.persistent.LogEntry{secondaryUser=null, logCode=5, primaryUser=logapitest, id=477, time=java.util.GregorianCalendar[time=1521667261054,areFieldsSet=true,areAllFieldsSet=true,lenient=true,zone=sun.util.calendar.ZoneInfo[id="Etc/UTC",offset=0,dstSavings=0,useDaylight=false,transitions=0,lastRule=null],firstDayOfWeek=1,minimalDaysInFirstWeek=1,ERA=1,YEAR=2018,MONTH=2,WEEK_OF_YEAR=12,WEEK_OF_MONTH=4,DAY_OF_MONTH=21,DAY_OF_YEAR=80,DAY_OF_WEEK=4,DAY_OF_WEEK_IN_MONTH=3,AM_PM=1,HOUR=9,HOUR_OF_DAY=21,MINUTE=21,SECOND=1,MILLISECOND=54,ZONE_OFFSET=0,DST_OFFSET=0], message=null}
21:21:01.057 [main] DEBUG org.hibernate.SQL - insert into LogEntries (logCode, message, primaryUser, secondaryUser, time, id) values (?, ?, ?, ?, ?, ?)
Hibernate: insert into LogEntries (logCode, message, primaryUser, secondaryUser, time, id) values (?, ?, ?, ?, ?, ?)
21:21:01.060 [main] DEBUG o.h.e.j.internal.JdbcCoordinatorImpl - HHH000420: Closing un-released batch
21:21:01.060 [main] DEBUG o.h.e.t.internal.TransactionImpl - begin
21:21:01.061 [main] DEBUG org.hibernate.SQL - select next_val as id_val from hibernate_sequence for update
Hibernate: select next_val as id_val from hibernate_sequence for update
21:21:01.061 [main] DEBUG org.hibernate.SQL - update hibernate_sequence set next_val= ? where next_val=?
Hibernate: update hibernate_sequence set next_val= ? where next_val=?
21:21:01.063 [main] DEBUG o.h.e.i.AbstractSaveEventListener - Generated identifier: 478, using strategy: org.hibernate.id.enhanced.SequenceStyleGenerator
21:21:01.064 [main] DEBUG o.h.e.t.internal.TransactionImpl - committing
21:21:01.064 [main] DEBUG o.h.e.i.AbstractFlushingEventListener - Processing flush-time cascades
21:21:01.064 [main] DEBUG o.h.e.i.AbstractFlushingEventListener - Dirty checking collections
21:21:01.064 [main] DEBUG o.h.e.i.AbstractFlushingEventListener - Flushed: 1 insertions, 0 updates, 0 deletions to 1 objects
21:21:01.064 [main] DEBUG o.h.e.i.AbstractFlushingEventListener - Flushed: 0 (re)creations, 0 updates, 0 removals to 0 collections
21:21:01.064 [main] DEBUG o.h.internal.util.EntityPrinter - Listing entities:
21:21:01.064 [main] DEBUG o.h.internal.util.EntityPrinter - edu.ncsu.csc.itrust2.models.persistent.LogEntry{secondaryUser=null, logCode=5, primaryUser=logapitest, id=478, time=java.util.GregorianCalendar[time=1521667261060,areFieldsSet=true,areAllFieldsSet=true,lenient=true,zone=sun.util.calendar.ZoneInfo[id="Etc/UTC",offset=0,dstSavings=0,useDaylight=false,transitions=0,lastRule=null],firstDayOfWeek=1,minimalDaysInFirstWeek=1,ERA=1,YEAR=2018,MONTH=2,WEEK_OF_YEAR=12,WEEK_OF_MONTH=4,DAY_OF_MONTH=21,DAY_OF_YEAR=80,DAY_OF_WEEK=4,DAY_OF_WEEK_IN_MONTH=3,AM_PM=1,HOUR=9,HOUR_OF_DAY=21,MINUTE=21,SECOND=1,MILLISECOND=60,ZONE_OFFSET=0,DST_OFFSET=0], message=null}
21:21:01.064 [main] DEBUG org.hibernate.SQL - insert into LogEntries (logCode, message, primaryUser, secondaryUser, time, id) values (?, ?, ?, ?, ?, ?)
Hibernate: insert into LogEntries (logCode, message, primaryUser, secondaryUser, time, id) values (?, ?, ?, ?, ?, ?)
21:21:01.066 [main] DEBUG o.h.e.j.internal.JdbcCoordinatorImpl - HHH000420: Closing un-released batch
21:21:01.066 [main] DEBUG o.h.e.t.internal.TransactionImpl - begin
21:21:01.067 [main] DEBUG org.hibernate.SQL - select next_val as id_val from hibernate_sequence for update
Hibernate: select next_val as id_val from hibernate_sequence for update
21:21:01.067 [main] DEBUG org.hibernate.SQL - update hibernate_sequence set next_val= ? where next_val=?
Hibernate: update hibernate_sequence set next_val= ? where next_val=?
21:21:01.069 [main] DEBUG o.h.e.i.AbstractSaveEventListener - Generated identifier: 479, using strategy: org.hibernate.id.enhanced.SequenceStyleGenerator
21:21:01.069 [main] DEBUG o.h.e.t.internal.TransactionImpl - committing
21:21:01.069 [main] DEBUG o.h.e.i.AbstractFlushingEventListener - Processing flush-time cascades
21:21:01.070 [main] DEBUG o.h.e.i.AbstractFlushingEventListener - Dirty checking collections
21:21:01.070 [main] DEBUG o.h.e.i.AbstractFlushingEventListener - Flushed: 1 insertions, 0 updates, 0 deletions to 1 objects
21:21:01.070 [main] DEBUG o.h.e.i.AbstractFlushingEventListener - Flushed: 0 (re)creations, 0 updates, 0 removals to 0 collections
21:21:01.070 [main] DEBUG o.h.internal.util.EntityPrinter - Listing entities:
21:21:01.070 [main] DEBUG o.h.internal.util.EntityPrinter - edu.ncsu.csc.itrust2.models.persistent.LogEntry{secondaryUser=null, logCode=5, primaryUser=logapitest, id=479, time=java.util.GregorianCalendar[time=1521667261066,areFieldsSet=true,areAllFieldsSet=true,lenient=true,zone=sun.util.calendar.ZoneInfo[id="Etc/UTC",offset=0,dstSavings=0,useDaylight=false,transitions=0,lastRule=null],firstDayOfWeek=1,minimalDaysInFirstWeek=1,ERA=1,YEAR=2018,MONTH=2,WEEK_OF_YEAR=12,WEEK_OF_MONTH=4,DAY_OF_MONTH=21,DAY_OF_YEAR=80,DAY_OF_WEEK=4,DAY_OF_WEEK_IN_MONTH=3,AM_PM=1,HOUR=9,HOUR_OF_DAY=21,MINUTE=21,SECOND=1,MILLISECOND=66,ZONE_OFFSET=0,DST_OFFSET=0], message=null}
21:21:01.070 [main] DEBUG org.hibernate.SQL - insert into LogEntries (logCode, message, primaryUser, secondaryUser, time, id) values (?, ?, ?, ?, ?, ?)
Hibernate: insert into LogEntries (logCode, message, primaryUser, secondaryUser, time, id) values (?, ?, ?, ?, ?, ?)
21:21:01.072 [main] DEBUG o.h.e.j.internal.JdbcCoordinatorImpl - HHH000420: Closing un-released batch
21:21:01.072 [main] DEBUG o.h.e.t.internal.TransactionImpl - begin
21:21:01.078 [main] DEBUG org.hibernate.SQL - select next_val as id_val from hibernate_sequence for update
Hibernate: select next_val as id_val from hibernate_sequence for update
21:21:01.079 [main] DEBUG org.hibernate.SQL - update hibernate_sequence set next_val= ? where next_val=?
Hibernate: update hibernate_sequence set next_val= ? where next_val=?
21:21:01.080 [main] DEBUG o.h.e.i.AbstractSaveEventListener - Generated identifier: 480, using strategy: org.hibernate.id.enhanced.SequenceStyleGenerator
21:21:01.080 [main] DEBUG o.h.e.t.internal.TransactionImpl - committing
21:21:01.080 [main] DEBUG o.h.e.i.AbstractFlushingEventListener - Processing flush-time cascades
21:21:01.080 [main] DEBUG o.h.e.i.AbstractFlushingEventListener - Dirty checking collections
21:21:01.080 [main] DEBUG o.h.e.i.AbstractFlushingEventListener - Flushed: 1 insertions, 0 updates, 0 deletions to 1 objects
21:21:01.080 [main] DEBUG o.h.e.i.AbstractFlushingEventListener - Flushed: 0 (re)creations, 0 updates, 0 removals to 0 collections
21:21:01.080 [main] DEBUG o.h.internal.util.EntityPrinter - Listing entities:
21:21:01.080 [main] DEBUG o.h.internal.util.EntityPrinter - edu.ncsu.csc.itrust2.models.persistent.LogEntry{secondaryUser=null, logCode=5, primaryUser=logapitest, id=480, time=java.util.GregorianCalendar[time=1521667261072,areFieldsSet=true,areAllFieldsSet=true,lenient=true,zone=sun.util.calendar.ZoneInfo[id="Etc/UTC",offset=0,dstSavings=0,useDaylight=false,transitions=0,lastRule=null],firstDayOfWeek=1,minimalDaysInFirstWeek=1,ERA=1,YEAR=2018,MONTH=2,WEEK_OF_YEAR=12,WEEK_OF_MONTH=4,DAY_OF_MONTH=21,DAY_OF_YEAR=80,DAY_OF_WEEK=4,DAY_OF_WEEK_IN_MONTH=3,AM_PM=1,HOUR=9,HOUR_OF_DAY=21,MINUTE=21,SECOND=1,MILLISECOND=72,ZONE_OFFSET=0,DST_OFFSET=0], message=null}
21:21:01.080 [main] DEBUG org.hibernate.SQL - insert into LogEntries (logCode, message, primaryUser, secondaryUser, time, id) values (?, ?, ?, ?, ?, ?)
Hibernate: insert into LogEntries (logCode, message, primaryUser, secondaryUser, time, id) values (?, ?, ?, ?, ?, ?)
21:21:01.081 [main] DEBUG o.h.e.j.internal.JdbcCoordinatorImpl - HHH000420: Closing un-released batch
21:21:01.082 [main] DEBUG o.h.e.t.internal.TransactionImpl - begin
21:21:01.082 [main] DEBUG org.hibernate.SQL - select next_val as id_val from hibernate_sequence for update
Hibernate: select next_val as id_val from hibernate_sequence for update
21:21:01.083 [main] DEBUG org.hibernate.SQL - update hibernate_sequence set next_val= ? where next_val=?
Hibernate: update hibernate_sequence set next_val= ? where next_val=?
21:21:01.084 [main] DEBUG o.h.e.i.AbstractSaveEventListener - Generated identifier: 481, using strategy: org.hibernate.id.enhanced.SequenceStyleGenerator
21:21:01.084 [main] DEBUG o.h.e.t.internal.TransactionImpl - committing
21:21:01.084 [main] DEBUG o.h.e.i.AbstractFlushingEventListener - Processing flush-time cascades
21:21:01.084 [main] DEBUG o.h.e.i.AbstractFlushingEventListener - Dirty checking collections
21:21:01.084 [main] DEBUG o.h.e.i.AbstractFlushingEventListener - Flushed: 1 insertions, 0 updates, 0 deletions to 1 objects
21:21:01.084 [main] DEBUG o.h.e.i.AbstractFlushingEventListener - Flushed: 0 (re)creations, 0 updates, 0 removals to 0 collections
21:21:01.084 [main] DEBUG o.h.internal.util.EntityPrinter - Listing entities:
21:21:01.084 [main] DEBUG o.h.internal.util.EntityPrinter - edu.ncsu.csc.itrust2.models.persistent.LogEntry{secondaryUser=null, logCode=5, primaryUser=logapitest, id=481, time=java.util.GregorianCalendar[time=1521667261082,areFieldsSet=true,areAllFieldsSet=true,lenient=true,zone=sun.util.calendar.ZoneInfo[id="Etc/UTC",offset=0,dstSavings=0,useDaylight=false,transitions=0,lastRule=null],firstDayOfWeek=1,minimalDaysInFirstWeek=1,ERA=1,YEAR=2018,MONTH=2,WEEK_OF_YEAR=12,WEEK_OF_MONTH=4,DAY_OF_MONTH=21,DAY_OF_YEAR=80,DAY_OF_WEEK=4,DAY_OF_WEEK_IN_MONTH=3,AM_PM=1,HOUR=9,HOUR_OF_DAY=21,MINUTE=21,SECOND=1,MILLISECOND=82,ZONE_OFFSET=0,DST_OFFSET=0], message=null}
21:21:01.084 [main] DEBUG org.hibernate.SQL - insert into LogEntries (logCode, message, primaryUser, secondaryUser, time, id) values (?, ?, ?, ?, ?, ?)
Hibernate: insert into LogEntries (logCode, message, primaryUser, secondaryUser, time, id) values (?, ?, ?, ?, ?, ?)
21:21:01.085 [main] DEBUG o.h.e.j.internal.JdbcCoordinatorImpl - HHH000420: Closing un-released batch
21:21:01.086 [main] DEBUG o.h.e.t.internal.TransactionImpl - begin
21:21:01.086 [main] DEBUG org.hibernate.SQL - select next_val as id_val from hibernate_sequence for update
Hibernate: select next_val as id_val from hibernate_sequence for update
21:21:01.087 [main] DEBUG org.hibernate.SQL - update hibernate_sequence set next_val= ? where next_val=?
Hibernate: update hibernate_sequence set next_val= ? where next_val=?
21:21:01.088 [main] DEBUG o.h.e.i.AbstractSaveEventListener - Generated identifier: 482, using strategy: org.hibernate.id.enhanced.SequenceStyleGenerator
21:21:01.088 [main] DEBUG o.h.e.t.internal.TransactionImpl - committing
21:21:01.088 [main] DEBUG o.h.e.i.AbstractFlushingEventListener - Processing flush-time cascades
21:21:01.088 [main] DEBUG o.h.e.i.AbstractFlushingEventListener - Dirty checking collections
21:21:01.088 [main] DEBUG o.h.e.i.AbstractFlushingEventListener - Flushed: 1 insertions, 0 updates, 0 deletions to 1 objects
21:21:01.088 [main] DEBUG o.h.e.i.AbstractFlushingEventListener - Flushed: 0 (re)creations, 0 updates, 0 removals to 0 collections
21:21:01.088 [main] DEBUG o.h.internal.util.EntityPrinter - Listing entities:
21:21:01.089 [main] DEBUG o.h.internal.util.EntityPrinter - edu.ncsu.csc.itrust2.models.persistent.LogEntry{secondaryUser=null, logCode=5, primaryUser=logapitest, id=482, time=java.util.GregorianCalendar[time=1521667261086,areFieldsSet=true,areAllFieldsSet=true,lenient=true,zone=sun.util.calendar.ZoneInfo[id="Etc/UTC",offset=0,dstSavings=0,useDaylight=false,transitions=0,lastRule=null],firstDayOfWeek=1,minimalDaysInFirstWeek=1,ERA=1,YEAR=2018,MONTH=2,WEEK_OF_YEAR=12,WEEK_OF_MONTH=4,DAY_OF_MONTH=21,DAY_OF_YEAR=80,DAY_OF_WEEK=4,DAY_OF_WEEK_IN_MONTH=3,AM_PM=1,HOUR=9,HOUR_OF_DAY=21,MINUTE=21,SECOND=1,MILLISECOND=86,ZONE_OFFSET=0,DST_OFFSET=0], message=null}
21:21:01.089 [main] DEBUG org.hibernate.SQL - insert into LogEntries (logCode, message, primaryUser, secondaryUser, time, id) values (?, ?, ?, ?, ?, ?)
Hibernate: insert into LogEntries (logCode, message, primaryUser, secondaryUser, time, id) values (?, ?, ?, ?, ?, ?)
21:21:01.091 [main] DEBUG o.h.e.j.internal.JdbcCoordinatorImpl - HHH000420: Closing un-released batch
21:21:01.091 [main] DEBUG o.h.e.t.internal.TransactionImpl - begin
21:21:01.097 [main] DEBUG org.hibernate.SQL - select next_val as id_val from hibernate_sequence for update
Hibernate: select next_val as id_val from hibernate_sequence for update
21:21:01.098 [main] DEBUG org.hibernate.SQL - update hibernate_sequence set next_val= ? where next_val=?
Hibernate: update hibernate_sequence set next_val= ? where next_val=?
21:21:01.099 [main] DEBUG o.h.e.i.AbstractSaveEventListener - Generated identifier: 483, using strategy: org.hibernate.id.enhanced.SequenceStyleGenerator
21:21:01.100 [main] DEBUG o.h.e.t.internal.TransactionImpl - committing
21:21:01.100 [main] DEBUG o.h.e.i.AbstractFlushingEventListener - Processing flush-time cascades
21:21:01.100 [main] DEBUG o.h.e.i.AbstractFlushingEventListener - Dirty checking collections
21:21:01.100 [main] DEBUG o.h.e.i.AbstractFlushingEventListener - Flushed: 1 insertions, 0 updates, 0 deletions to 1 objects
21:21:01.100 [main] DEBUG o.h.e.i.AbstractFlushingEventListener - Flushed: 0 (re)creations, 0 updates, 0 removals to 0 collections
21:21:01.100 [main] DEBUG o.h.internal.util.EntityPrinter - Listing entities:
21:21:01.100 [main] DEBUG o.h.internal.util.EntityPrinter - edu.ncsu.csc.itrust2.models.persistent.LogEntry{secondaryUser=null, logCode=5, primaryUser=logapitest, id=483, time=java.util.GregorianCalendar[time=1521667261091,areFieldsSet=true,areAllFieldsSet=true,lenient=true,zone=sun.util.calendar.ZoneInfo[id="Etc/UTC",offset=0,dstSavings=0,useDaylight=false,transitions=0,lastRule=null],firstDayOfWeek=1,minimalDaysInFirstWeek=1,ERA=1,YEAR=2018,MONTH=2,WEEK_OF_YEAR=12,WEEK_OF_MONTH=4,DAY_OF_MONTH=21,DAY_OF_YEAR=80,DAY_OF_WEEK=4,DAY_OF_WEEK_IN_MONTH=3,AM_PM=1,HOUR=9,HOUR_OF_DAY=21,MINUTE=21,SECOND=1,MILLISECOND=91,ZONE_OFFSET=0,DST_OFFSET=0], message=null}
21:21:01.101 [main] DEBUG org.hibernate.SQL - insert into LogEntries (logCode, message, primaryUser, secondaryUser, time, id) values (?, ?, ?, ?, ?, ?)
Hibernate: insert into LogEntries (logCode, message, primaryUser, secondaryUser, time, id) values (?, ?, ?, ?, ?, ?)
21:21:01.102 [main] DEBUG o.h.e.j.internal.JdbcCoordinatorImpl - HHH000420: Closing un-released batch
21:21:01.102 [main] DEBUG o.h.e.t.internal.TransactionImpl - begin
21:21:01.103 [main] DEBUG org.hibernate.SQL - select next_val as id_val from hibernate_sequence for update
Hibernate: select next_val as id_val from hibernate_sequence for update
21:21:01.103 [main] DEBUG org.hibernate.SQL - update hibernate_sequence set next_val= ? where next_val=?
Hibernate: update hibernate_sequence set next_val= ? where next_val=?
21:21:01.104 [main] DEBUG o.h.e.i.AbstractSaveEventListener - Generated identifier: 484, using strategy: org.hibernate.id.enhanced.SequenceStyleGenerator
21:21:01.105 [main] DEBUG o.h.e.t.internal.TransactionImpl - committing
21:21:01.105 [main] DEBUG o.h.e.i.AbstractFlushingEventListener - Processing flush-time cascades
21:21:01.105 [main] DEBUG o.h.e.i.AbstractFlushingEventListener - Dirty checking collections
21:21:01.105 [main] DEBUG o.h.e.i.AbstractFlushingEventListener - Flushed: 1 insertions, 0 updates, 0 deletions to 1 objects
21:21:01.105 [main] DEBUG o.h.e.i.AbstractFlushingEventListener - Flushed: 0 (re)creations, 0 updates, 0 removals to 0 collections
21:21:01.105 [main] DEBUG o.h.internal.util.EntityPrinter - Listing entities:
21:21:01.105 [main] DEBUG o.h.internal.util.EntityPrinter - edu.ncsu.csc.itrust2.models.persistent.LogEntry{secondaryUser=null, logCode=5, primaryUser=logapitest, id=484, time=java.util.GregorianCalendar[time=1521667261102,areFieldsSet=true,areAllFieldsSet=true,lenient=true,zone=sun.util.calendar.ZoneInfo[id="Etc/UTC",offset=0,dstSavings=0,useDaylight=false,transitions=0,lastRule=null],firstDayOfWeek=1,minimalDaysInFirstWeek=1,ERA=1,YEAR=2018,MONTH=2,WEEK_OF_YEAR=12,WEEK_OF_MONTH=4,DAY_OF_MONTH=21,DAY_OF_YEAR=80,DAY_OF_WEEK=4,DAY_OF_WEEK_IN_MONTH=3,AM_PM=1,HOUR=9,HOUR_OF_DAY=21,MINUTE=21,SECOND=1,MILLISECOND=102,ZONE_OFFSET=0,DST_OFFSET=0], message=null}
21:21:01.106 [main] DEBUG org.hibernate.SQL - insert into LogEntries (logCode, message, primaryUser, secondaryUser, time, id) values (?, ?, ?, ?, ?, ?)
Hibernate: insert into LogEntries (logCode, message, primaryUser, secondaryUser, time, id) values (?, ?, ?, ?, ?, ?)
21:21:01.107 [main] DEBUG o.h.e.j.internal.JdbcCoordinatorImpl - HHH000420: Closing un-released batch
21:21:01.107 [main] DEBUG o.h.e.t.internal.TransactionImpl - begin
21:21:01.108 [main] DEBUG org.hibernate.SQL - select next_val as id_val from hibernate_sequence for update
Hibernate: select next_val as id_val from hibernate_sequence for update
21:21:01.109 [main] DEBUG org.hibernate.SQL - update hibernate_sequence set next_val= ? where next_val=?
Hibernate: update hibernate_sequence set next_val= ? where next_val=?
21:21:01.111 [main] DEBUG o.h.e.i.AbstractSaveEventListener - Generated identifier: 485, using strategy: org.hibernate.id.enhanced.SequenceStyleGenerator
21:21:01.111 [main] DEBUG o.h.e.t.internal.TransactionImpl - committing
21:21:01.111 [main] DEBUG o.h.e.i.AbstractFlushingEventListener - Processing flush-time cascades
21:21:01.111 [main] DEBUG o.h.e.i.AbstractFlushingEventListener - Dirty checking collections
21:21:01.111 [main] DEBUG o.h.e.i.AbstractFlushingEventListener - Flushed: 1 insertions, 0 updates, 0 deletions to 1 objects
21:21:01.111 [main] DEBUG o.h.e.i.AbstractFlushingEventListener - Flushed: 0 (re)creations, 0 updates, 0 removals to 0 collections
21:21:01.112 [main] DEBUG o.h.internal.util.EntityPrinter - Listing entities:
21:21:01.112 [main] DEBUG o.h.internal.util.EntityPrinter - edu.ncsu.csc.itrust2.models.persistent.LogEntry{secondaryUser=null, logCode=5, primaryUser=logapitest, id=485, time=java.util.GregorianCalendar[time=1521667261107,areFieldsSet=true,areAllFieldsSet=true,lenient=true,zone=sun.util.calendar.ZoneInfo[id="Etc/UTC",offset=0,dstSavings=0,useDaylight=false,transitions=0,lastRule=null],firstDayOfWeek=1,minimalDaysInFirstWeek=1,ERA=1,YEAR=2018,MONTH=2,WEEK_OF_YEAR=12,WEEK_OF_MONTH=4,DAY_OF_MONTH=21,DAY_OF_YEAR=80,DAY_OF_WEEK=4,DAY_OF_WEEK_IN_MONTH=3,AM_PM=1,HOUR=9,HOUR_OF_DAY=21,MINUTE=21,SECOND=1,MILLISECOND=107,ZONE_OFFSET=0,DST_OFFSET=0], message=null}
21:21:01.112 [main] DEBUG org.hibernate.SQL - insert into LogEntries (logCode, message, primaryUser, secondaryUser, time, id) values (?, ?, ?, ?, ?, ?)
Hibernate: insert into LogEntries (logCode, message, primaryUser, secondaryUser, time, id) values (?, ?, ?, ?, ?, ?)
21:21:01.113 [main] DEBUG o.h.e.j.internal.JdbcCoordinatorImpl - HHH000420: Closing un-released batch
21:21:01.113 [main] DEBUG o.h.e.t.internal.TransactionImpl - begin
21:21:01.121 [main] DEBUG org.hibernate.SQL - select next_val as id_val from hibernate_sequence for update
Hibernate: select next_val as id_val from hibernate_sequence for update
21:21:01.121 [main] DEBUG org.hibernate.SQL - update hibernate_sequence set next_val= ? where next_val=?
Hibernate: update hibernate_sequence set next_val= ? where next_val=?
21:21:01.122 [main] DEBUG o.h.e.i.AbstractSaveEventListener - Generated identifier: 486, using strategy: org.hibernate.id.enhanced.SequenceStyleGenerator
21:21:01.122 [main] DEBUG o.h.e.t.internal.TransactionImpl - committing
21:21:01.122 [main] DEBUG o.h.e.i.AbstractFlushingEventListener - Processing flush-time cascades
21:21:01.122 [main] DEBUG o.h.e.i.AbstractFlushingEventListener - Dirty checking collections
21:21:01.122 [main] DEBUG o.h.e.i.AbstractFlushingEventListener - Flushed: 1 insertions, 0 updates, 0 deletions to 1 objects
21:21:01.122 [main] DEBUG o.h.e.i.AbstractFlushingEventListener - Flushed: 0 (re)creations, 0 updates, 0 removals to 0 collections
21:21:01.122 [main] DEBUG o.h.internal.util.EntityPrinter - Listing entities:
21:21:01.122 [main] DEBUG o.h.internal.util.EntityPrinter - edu.ncsu.csc.itrust2.models.persistent.LogEntry{secondaryUser=null, logCode=5, primaryUser=logapitest, id=486, time=java.util.GregorianCalendar[time=1521667261113,areFieldsSet=true,areAllFieldsSet=true,lenient=true,zone=sun.util.calendar.ZoneInfo[id="Etc/UTC",offset=0,dstSavings=0,useDaylight=false,transitions=0,lastRule=null],firstDayOfWeek=1,minimalDaysInFirstWeek=1,ERA=1,YEAR=2018,MONTH=2,WEEK_OF_YEAR=12,WEEK_OF_MONTH=4,DAY_OF_MONTH=21,DAY_OF_YEAR=80,DAY_OF_WEEK=4,DAY_OF_WEEK_IN_MONTH=3,AM_PM=1,HOUR=9,HOUR_OF_DAY=21,MINUTE=21,SECOND=1,MILLISECOND=113,ZONE_OFFSET=0,DST_OFFSET=0], message=null}
21:21:01.123 [main] DEBUG org.hibernate.SQL - insert into LogEntries (logCode, message, primaryUser, secondaryUser, time, id) values (?, ?, ?, ?, ?, ?)
Hibernate: insert into LogEntries (logCode, message, primaryUser, secondaryUser, time, id) values (?, ?, ?, ?, ?, ?)
21:21:01.125 [main] DEBUG o.h.e.j.internal.JdbcCoordinatorImpl - HHH000420: Closing un-released batch
21:21:01.126 [main] DEBUG o.h.e.t.internal.TransactionImpl - begin
21:21:01.126 [main] DEBUG org.hibernate.SQL - select next_val as id_val from hibernate_sequence for update
Hibernate: select next_val as id_val from hibernate_sequence for update
21:21:01.126 [main] DEBUG org.hibernate.SQL - update hibernate_sequence set next_val= ? where next_val=?
Hibernate: update hibernate_sequence set next_val= ? where next_val=?
21:21:01.128 [main] DEBUG o.h.e.i.AbstractSaveEventListener - Generated identifier: 487, using strategy: org.hibernate.id.enhanced.SequenceStyleGenerator
21:21:01.128 [main] DEBUG o.h.e.t.internal.TransactionImpl - committing
21:21:01.128 [main] DEBUG o.h.e.i.AbstractFlushingEventListener - Processing flush-time cascades
21:21:01.128 [main] DEBUG o.h.e.i.AbstractFlushingEventListener - Dirty checking collections
21:21:01.128 [main] DEBUG o.h.e.i.AbstractFlushingEventListener - Flushed: 1 insertions, 0 updates, 0 deletions to 1 objects
21:21:01.128 [main] DEBUG o.h.e.i.AbstractFlushingEventListener - Flushed: 0 (re)creations, 0 updates, 0 removals to 0 collections
21:21:01.128 [main] DEBUG o.h.internal.util.EntityPrinter - Listing entities:
21:21:01.128 [main] DEBUG o.h.internal.util.EntityPrinter - edu.ncsu.csc.itrust2.models.persistent.LogEntry{secondaryUser=null, logCode=5, primaryUser=logapitest, id=487, time=java.util.GregorianCalendar[time=1521667261125,areFieldsSet=true,areAllFieldsSet=true,lenient=true,zone=sun.util.calendar.ZoneInfo[id="Etc/UTC",offset=0,dstSavings=0,useDaylight=false,transitions=0,lastRule=null],firstDayOfWeek=1,minimalDaysInFirstWeek=1,ERA=1,YEAR=2018,MONTH=2,WEEK_OF_YEAR=12,WEEK_OF_MONTH=4,DAY_OF_MONTH=21,DAY_OF_YEAR=80,DAY_OF_WEEK=4,DAY_OF_WEEK_IN_MONTH=3,AM_PM=1,HOUR=9,HOUR_OF_DAY=21,MINUTE=21,SECOND=1,MILLISECOND=125,ZONE_OFFSET=0,DST_OFFSET=0], message=null}
21:21:01.128 [main] DEBUG org.hibernate.SQL - insert into LogEntries (logCode, message, primaryUser, secondaryUser, time, id) values (?, ?, ?, ?, ?, ?)
Hibernate: insert into LogEntries (logCode, message, primaryUser, secondaryUser, time, id) values (?, ?, ?, ?, ?, ?)
21:21:01.129 [main] DEBUG o.h.e.j.internal.JdbcCoordinatorImpl - HHH000420: Closing un-released batch
21:21:01.130 [main] DEBUG o.h.e.t.internal.TransactionImpl - begin
21:21:01.130 [main] DEBUG org.hibernate.SQL - select next_val as id_val from hibernate_sequence for update
Hibernate: select next_val as id_val from hibernate_sequence for update
21:21:01.131 [main] DEBUG org.hibernate.SQL - update hibernate_sequence set next_val= ? where next_val=?
Hibernate: update hibernate_sequence set next_val= ? where next_val=?
21:21:01.132 [main] DEBUG o.h.e.i.AbstractSaveEventListener - Generated identifier: 488, using strategy: org.hibernate.id.enhanced.SequenceStyleGenerator
21:21:01.132 [main] DEBUG o.h.e.t.internal.TransactionImpl - committing
21:21:01.132 [main] DEBUG o.h.e.i.AbstractFlushingEventListener - Processing flush-time cascades
21:21:01.132 [main] DEBUG o.h.e.i.AbstractFlushingEventListener - Dirty checking collections
21:21:01.132 [main] DEBUG o.h.e.i.AbstractFlushingEventListener - Flushed: 1 insertions, 0 updates, 0 deletions to 1 objects
21:21:01.132 [main] DEBUG o.h.e.i.AbstractFlushingEventListener - Flushed: 0 (re)creations, 0 updates, 0 removals to 0 collections
21:21:01.132 [main] DEBUG o.h.internal.util.EntityPrinter - Listing entities:
21:21:01.132 [main] DEBUG o.h.internal.util.EntityPrinter - edu.ncsu.csc.itrust2.models.persistent.LogEntry{secondaryUser=null, logCode=5, primaryUser=logapitest, id=488, time=java.util.GregorianCalendar[time=1521667261130,areFieldsSet=true,areAllFieldsSet=true,lenient=true,zone=sun.util.calendar.ZoneInfo[id="Etc/UTC",offset=0,dstSavings=0,useDaylight=false,transitions=0,lastRule=null],firstDayOfWeek=1,minimalDaysInFirstWeek=1,ERA=1,YEAR=2018,MONTH=2,WEEK_OF_YEAR=12,WEEK_OF_MONTH=4,DAY_OF_MONTH=21,DAY_OF_YEAR=80,DAY_OF_WEEK=4,DAY_OF_WEEK_IN_MONTH=3,AM_PM=1,HOUR=9,HOUR_OF_DAY=21,MINUTE=21,SECOND=1,MILLISECOND=130,ZONE_OFFSET=0,DST_OFFSET=0], message=null}
21:21:01.133 [main] DEBUG org.hibernate.SQL - insert into LogEntries (logCode, message, primaryUser, secondaryUser, time, id) values (?, ?, ?, ?, ?, ?)
Hibernate: insert into LogEntries (logCode, message, primaryUser, secondaryUser, time, id) values (?, ?, ?, ?, ?, ?)
21:21:01.141 [main] DEBUG o.h.e.j.internal.JdbcCoordinatorImpl - HHH000420: Closing un-released batch
21:21:01.141 [main] DEBUG o.h.e.t.internal.TransactionImpl - begin
21:21:01.142 [main] DEBUG org.hibernate.SQL - select next_val as id_val from hibernate_sequence for update
Hibernate: select next_val as id_val from hibernate_sequence for update
21:21:01.142 [main] DEBUG org.hibernate.SQL - update hibernate_sequence set next_val= ? where next_val=?
Hibernate: update hibernate_sequence set next_val= ? where next_val=?
21:21:01.144 [main] DEBUG o.h.e.i.AbstractSaveEventListener - Generated identifier: 489, using strategy: org.hibernate.id.enhanced.SequenceStyleGenerator
21:21:01.144 [main] DEBUG o.h.e.t.internal.TransactionImpl - committing
21:21:01.144 [main] DEBUG o.h.e.i.AbstractFlushingEventListener - Processing flush-time cascades
21:21:01.144 [main] DEBUG o.h.e.i.AbstractFlushingEventListener - Dirty checking collections
21:21:01.144 [main] DEBUG o.h.e.i.AbstractFlushingEventListener - Flushed: 1 insertions, 0 updates, 0 deletions to 1 objects
21:21:01.144 [main] DEBUG o.h.e.i.AbstractFlushingEventListener - Flushed: 0 (re)creations, 0 updates, 0 removals to 0 collections
21:21:01.144 [main] DEBUG o.h.internal.util.EntityPrinter - Listing entities:
21:21:01.144 [main] DEBUG o.h.internal.util.EntityPrinter - edu.ncsu.csc.itrust2.models.persistent.LogEntry{secondaryUser=null, logCode=5, primaryUser=logapitest, id=489, time=java.util.GregorianCalendar[time=1521667261141,areFieldsSet=true,areAllFieldsSet=true,lenient=true,zone=sun.util.calendar.ZoneInfo[id="Etc/UTC",offset=0,dstSavings=0,useDaylight=false,transitions=0,lastRule=null],firstDayOfWeek=1,minimalDaysInFirstWeek=1,ERA=1,YEAR=2018,MONTH=2,WEEK_OF_YEAR=12,WEEK_OF_MONTH=4,DAY_OF_MONTH=21,DAY_OF_YEAR=80,DAY_OF_WEEK=4,DAY_OF_WEEK_IN_MONTH=3,AM_PM=1,HOUR=9,HOUR_OF_DAY=21,MINUTE=21,SECOND=1,MILLISECOND=141,ZONE_OFFSET=0,DST_OFFSET=0], message=null}
21:21:01.145 [main] DEBUG org.hibernate.SQL - insert into LogEntries (logCode, message, primaryUser, secondaryUser, time, id) values (?, ?, ?, ?, ?, ?)
Hibernate: insert into LogEntries (logCode, message, primaryUser, secondaryUser, time, id) values (?, ?, ?, ?, ?, ?)
21:21:01.146 [main] DEBUG o.h.e.j.internal.JdbcCoordinatorImpl - HHH000420: Closing un-released batch
21:21:01.147 [main] DEBUG o.h.e.t.internal.TransactionImpl - begin
21:21:01.148 [main] DEBUG org.hibernate.SQL - select next_val as id_val from hibernate_sequence for update
Hibernate: select next_val as id_val from hibernate_sequence for update
21:21:01.149 [main] DEBUG org.hibernate.SQL - update hibernate_sequence set next_val= ? where next_val=?
Hibernate: update hibernate_sequence set next_val= ? where next_val=?
21:21:01.151 [main] DEBUG o.h.e.i.AbstractSaveEventListener - Generated identifier: 490, using strategy: org.hibernate.id.enhanced.SequenceStyleGenerator
21:21:01.151 [main] DEBUG o.h.e.t.internal.TransactionImpl - committing
21:21:01.151 [main] DEBUG o.h.e.i.AbstractFlushingEventListener - Processing flush-time cascades
21:21:01.151 [main] DEBUG o.h.e.i.AbstractFlushingEventListener - Dirty checking collections
21:21:01.151 [main] DEBUG o.h.e.i.AbstractFlushingEventListener - Flushed: 1 insertions, 0 updates, 0 deletions to 1 objects
21:21:01.151 [main] DEBUG o.h.e.i.AbstractFlushingEventListener - Flushed: 0 (re)creations, 0 updates, 0 removals to 0 collections
21:21:01.152 [main] DEBUG o.h.internal.util.EntityPrinter - Listing entities:
21:21:01.152 [main] DEBUG o.h.internal.util.EntityPrinter - edu.ncsu.csc.itrust2.models.persistent.LogEntry{secondaryUser=null, logCode=5, primaryUser=logapitest, id=490, time=java.util.GregorianCalendar[time=1521667261147,areFieldsSet=true,areAllFieldsSet=true,lenient=true,zone=sun.util.calendar.ZoneInfo[id="Etc/UTC",offset=0,dstSavings=0,useDaylight=false,transitions=0,lastRule=null],firstDayOfWeek=1,minimalDaysInFirstWeek=1,ERA=1,YEAR=2018,MONTH=2,WEEK_OF_YEAR=12,WEEK_OF_MONTH=4,DAY_OF_MONTH=21,DAY_OF_YEAR=80,DAY_OF_WEEK=4,DAY_OF_WEEK_IN_MONTH=3,AM_PM=1,HOUR=9,HOUR_OF_DAY=21,MINUTE=21,SECOND=1,MILLISECOND=147,ZONE_OFFSET=0,DST_OFFSET=0], message=null}
21:21:01.152 [main] DEBUG org.hibernate.SQL - insert into LogEntries (logCode, message, primaryUser, secondaryUser, time, id) values (?, ?, ?, ?, ?, ?)
Hibernate: insert into LogEntries (logCode, message, primaryUser, secondaryUser, time, id) values (?, ?, ?, ?, ?, ?)
21:21:01.153 [main] DEBUG o.h.e.j.internal.JdbcCoordinatorImpl - HHH000420: Closing un-released batch
21:21:01.153 [main] DEBUG o.h.e.t.internal.TransactionImpl - begin
21:21:01.158 [main] DEBUG org.hibernate.SQL - select next_val as id_val from hibernate_sequence for update
Hibernate: select next_val as id_val from hibernate_sequence for update
21:21:01.159 [main] DEBUG org.hibernate.SQL - update hibernate_sequence set next_val= ? where next_val=?
Hibernate: update hibernate_sequence set next_val= ? where next_val=?
21:21:01.160 [main] DEBUG o.h.e.i.AbstractSaveEventListener - Generated identifier: 491, using strategy: org.hibernate.id.enhanced.SequenceStyleGenerator
21:21:01.160 [main] DEBUG o.h.e.t.internal.TransactionImpl - committing
21:21:01.160 [main] DEBUG o.h.e.i.AbstractFlushingEventListener - Processing flush-time cascades
21:21:01.160 [main] DEBUG o.h.e.i.AbstractFlushingEventListener - Dirty checking collections
21:21:01.160 [main] DEBUG o.h.e.i.AbstractFlushingEventListener - Flushed: 1 insertions, 0 updates, 0 deletions to 1 objects
21:21:01.160 [main] DEBUG o.h.e.i.AbstractFlushingEventListener - Flushed: 0 (re)creations, 0 updates, 0 removals to 0 collections
21:21:01.160 [main] DEBUG o.h.internal.util.EntityPrinter - Listing entities:
21:21:01.160 [main] DEBUG o.h.internal.util.EntityPrinter - edu.ncsu.csc.itrust2.models.persistent.LogEntry{secondaryUser=null, logCode=5, primaryUser=logapitest, id=491, time=java.util.GregorianCalendar[time=1521667261153,areFieldsSet=true,areAllFieldsSet=true,lenient=true,zone=sun.util.calendar.ZoneInfo[id="Etc/UTC",offset=0,dstSavings=0,useDaylight=false,transitions=0,lastRule=null],firstDayOfWeek=1,minimalDaysInFirstWeek=1,ERA=1,YEAR=2018,MONTH=2,WEEK_OF_YEAR=12,WEEK_OF_MONTH=4,DAY_OF_MONTH=21,DAY_OF_YEAR=80,DAY_OF_WEEK=4,DAY_OF_WEEK_IN_MONTH=3,AM_PM=1,HOUR=9,HOUR_OF_DAY=21,MINUTE=21,SECOND=1,MILLISECOND=153,ZONE_OFFSET=0,DST_OFFSET=0], message=null}
21:21:01.161 [main] DEBUG org.hibernate.SQL - insert into LogEntries (logCode, message, primaryUser, secondaryUser, time, id) values (?, ?, ?, ?, ?, ?)
Hibernate: insert into LogEntries (logCode, message, primaryUser, secondaryUser, time, id) values (?, ?, ?, ?, ?, ?)
21:21:01.162 [main] DEBUG o.h.e.j.internal.JdbcCoordinatorImpl - HHH000420: Closing un-released batch
21:21:01.163 [main] DEBUG o.h.e.t.internal.TransactionImpl - begin
21:21:01.164 [main] DEBUG org.hibernate.SQL - select next_val as id_val from hibernate_sequence for update
Hibernate: select next_val as id_val from hibernate_sequence for update
21:21:01.164 [main] DEBUG org.hibernate.SQL - update hibernate_sequence set next_val= ? where next_val=?
Hibernate: update hibernate_sequence set next_val= ? where next_val=?
21:21:01.165 [main] DEBUG o.h.e.i.AbstractSaveEventListener - Generated identifier: 492, using strategy: org.hibernate.id.enhanced.SequenceStyleGenerator
21:21:01.165 [main] DEBUG o.h.e.t.internal.TransactionImpl - committing
21:21:01.166 [main] DEBUG o.h.e.i.AbstractFlushingEventListener - Processing flush-time cascades
21:21:01.166 [main] DEBUG o.h.e.i.AbstractFlushingEventListener - Dirty checking collections
21:21:01.166 [main] DEBUG o.h.e.i.AbstractFlushingEventListener - Flushed: 1 insertions, 0 updates, 0 deletions to 1 objects
21:21:01.166 [main] DEBUG o.h.e.i.AbstractFlushingEventListener - Flushed: 0 (re)creations, 0 updates, 0 removals to 0 collections
21:21:01.166 [main] DEBUG o.h.internal.util.EntityPrinter - Listing entities:
21:21:01.166 [main] DEBUG o.h.internal.util.EntityPrinter - edu.ncsu.csc.itrust2.models.persistent.LogEntry{secondaryUser=null, logCode=5, primaryUser=logapitest, id=492, time=java.util.GregorianCalendar[time=1521667261163,areFieldsSet=true,areAllFieldsSet=true,lenient=true,zone=sun.util.calendar.ZoneInfo[id="Etc/UTC",offset=0,dstSavings=0,useDaylight=false,transitions=0,lastRule=null],firstDayOfWeek=1,minimalDaysInFirstWeek=1,ERA=1,YEAR=2018,MONTH=2,WEEK_OF_YEAR=12,WEEK_OF_MONTH=4,DAY_OF_MONTH=21,DAY_OF_YEAR=80,DAY_OF_WEEK=4,DAY_OF_WEEK_IN_MONTH=3,AM_PM=1,HOUR=9,HOUR_OF_DAY=21,MINUTE=21,SECOND=1,MILLISECOND=163,ZONE_OFFSET=0,DST_OFFSET=0], message=null}
21:21:01.167 [main] DEBUG org.hibernate.SQL - insert into LogEntries (logCode, message, primaryUser, secondaryUser, time, id) values (?, ?, ?, ?, ?, ?)
Hibernate: insert into LogEntries (logCode, message, primaryUser, secondaryUser, time, id) values (?, ?, ?, ?, ?, ?)
21:21:01.168 [main] DEBUG o.h.e.j.internal.JdbcCoordinatorImpl - HHH000420: Closing un-released batch
21:21:01.169 [main] DEBUG o.h.e.t.internal.TransactionImpl - begin
21:21:01.175 [main] DEBUG org.hibernate.SQL - select next_val as id_val from hibernate_sequence for update
Hibernate: select next_val as id_val from hibernate_sequence for update
21:21:01.176 [main] DEBUG org.hibernate.SQL - update hibernate_sequence set next_val= ? where next_val=?
Hibernate: update hibernate_sequence set next_val= ? where next_val=?
21:21:01.178 [main] DEBUG o.h.e.i.AbstractSaveEventListener - Generated identifier: 493, using strategy: org.hibernate.id.enhanced.SequenceStyleGenerator
21:21:01.178 [main] DEBUG o.h.e.t.internal.TransactionImpl - committing
21:21:01.178 [main] DEBUG o.h.e.i.AbstractFlushingEventListener - Processing flush-time cascades
21:21:01.178 [main] DEBUG o.h.e.i.AbstractFlushingEventListener - Dirty checking collections
21:21:01.178 [main] DEBUG o.h.e.i.AbstractFlushingEventListener - Flushed: 1 insertions, 0 updates, 0 deletions to 1 objects
21:21:01.178 [main] DEBUG o.h.e.i.AbstractFlushingEventListener - Flushed: 0 (re)creations, 0 updates, 0 removals to 0 collections
21:21:01.178 [main] DEBUG o.h.internal.util.EntityPrinter - Listing entities:
21:21:01.178 [main] DEBUG o.h.internal.util.EntityPrinter - edu.ncsu.csc.itrust2.models.persistent.LogEntry{secondaryUser=null, logCode=5, primaryUser=logapitest, id=493, time=java.util.GregorianCalendar[time=1521667261169,areFieldsSet=true,areAllFieldsSet=true,lenient=true,zone=sun.util.calendar.ZoneInfo[id="Etc/UTC",offset=0,dstSavings=0,useDaylight=false,transitions=0,lastRule=null],firstDayOfWeek=1,minimalDaysInFirstWeek=1,ERA=1,YEAR=2018,MONTH=2,WEEK_OF_YEAR=12,WEEK_OF_MONTH=4,DAY_OF_MONTH=21,DAY_OF_YEAR=80,DAY_OF_WEEK=4,DAY_OF_WEEK_IN_MONTH=3,AM_PM=1,HOUR=9,HOUR_OF_DAY=21,MINUTE=21,SECOND=1,MILLISECOND=169,ZONE_OFFSET=0,DST_OFFSET=0], message=null}
21:21:01.179 [main] DEBUG org.hibernate.SQL - insert into LogEntries (logCode, message, primaryUser, secondaryUser, time, id) values (?, ?, ?, ?, ?, ?)
Hibernate: insert into LogEntries (logCode, message, primaryUser, secondaryUser, time, id) values (?, ?, ?, ?, ?, ?)
21:21:01.180 [main] DEBUG o.h.e.j.internal.JdbcCoordinatorImpl - HHH000420: Closing un-released batch
21:21:01.181 [main] DEBUG o.h.e.t.internal.TransactionImpl - begin
21:21:01.182 [main] DEBUG org.hibernate.SQL - select next_val as id_val from hibernate_sequence for update
Hibernate: select next_val as id_val from hibernate_sequence for update
21:21:01.182 [main] DEBUG org.hibernate.SQL - update hibernate_sequence set next_val= ? where next_val=?
Hibernate: update hibernate_sequence set next_val= ? where next_val=?
21:21:01.184 [main] DEBUG o.h.e.i.AbstractSaveEventListener - Generated identifier: 494, using strategy: org.hibernate.id.enhanced.SequenceStyleGenerator
21:21:01.184 [main] DEBUG o.h.e.t.internal.TransactionImpl - committing
21:21:01.184 [main] DEBUG o.h.e.i.AbstractFlushingEventListener - Processing flush-time cascades
21:21:01.184 [main] DEBUG o.h.e.i.AbstractFlushingEventListener - Dirty checking collections
21:21:01.184 [main] DEBUG o.h.e.i.AbstractFlushingEventListener - Flushed: 1 insertions, 0 updates, 0 deletions to 1 objects
21:21:01.185 [main] DEBUG o.h.e.i.AbstractFlushingEventListener - Flushed: 0 (re)creations, 0 updates, 0 removals to 0 collections
21:21:01.185 [main] DEBUG o.h.internal.util.EntityPrinter - Listing entities:
21:21:01.185 [main] DEBUG o.h.internal.util.EntityPrinter - edu.ncsu.csc.itrust2.models.persistent.LogEntry{secondaryUser=null, logCode=5, primaryUser=logapitest, id=494, time=java.util.GregorianCalendar[time=1521667261181,areFieldsSet=true,areAllFieldsSet=true,lenient=true,zone=sun.util.calendar.ZoneInfo[id="Etc/UTC",offset=0,dstSavings=0,useDaylight=false,transitions=0,lastRule=null],firstDayOfWeek=1,minimalDaysInFirstWeek=1,ERA=1,YEAR=2018,MONTH=2,WEEK_OF_YEAR=12,WEEK_OF_MONTH=4,DAY_OF_MONTH=21,DAY_OF_YEAR=80,DAY_OF_WEEK=4,DAY_OF_WEEK_IN_MONTH=3,AM_PM=1,HOUR=9,HOUR_OF_DAY=21,MINUTE=21,SECOND=1,MILLISECOND=181,ZONE_OFFSET=0,DST_OFFSET=0], message=null}
21:21:01.185 [main] DEBUG org.hibernate.SQL - insert into LogEntries (logCode, message, primaryUser, secondaryUser, time, id) values (?, ?, ?, ?, ?, ?)
Hibernate: insert into LogEntries (logCode, message, primaryUser, secondaryUser, time, id) values (?, ?, ?, ?, ?, ?)
21:21:01.195 [main] DEBUG o.h.e.j.internal.JdbcCoordinatorImpl - HHH000420: Closing un-released batch
21:21:01.195 [main] DEBUG o.h.e.t.internal.TransactionImpl - begin
21:21:01.196 [main] DEBUG org.hibernate.SQL - select next_val as id_val from hibernate_sequence for update
Hibernate: select next_val as id_val from hibernate_sequence for update
21:21:01.196 [main] DEBUG org.hibernate.SQL - update hibernate_sequence set next_val= ? where next_val=?
Hibernate: update hibernate_sequence set next_val= ? where next_val=?
21:21:01.197 [main] DEBUG o.h.e.i.AbstractSaveEventListener - Generated identifier: 495, using strategy: org.hibernate.id.enhanced.SequenceStyleGenerator
21:21:01.197 [main] DEBUG o.h.e.t.internal.TransactionImpl - committing
21:21:01.197 [main] DEBUG o.h.e.i.AbstractFlushingEventListener - Processing flush-time cascades
21:21:01.198 [main] DEBUG o.h.e.i.AbstractFlushingEventListener - Dirty checking collections
21:21:01.198 [main] DEBUG o.h.e.i.AbstractFlushingEventListener - Flushed: 1 insertions, 0 updates, 0 deletions to 1 objects
21:21:01.198 [main] DEBUG o.h.e.i.AbstractFlushingEventListener - Flushed: 0 (re)creations, 0 updates, 0 removals to 0 collections
21:21:01.198 [main] DEBUG o.h.internal.util.EntityPrinter - Listing entities:
21:21:01.198 [main] DEBUG o.h.internal.util.EntityPrinter - edu.ncsu.csc.itrust2.models.persistent.LogEntry{secondaryUser=null, logCode=5, primaryUser=logapitest, id=495, time=java.util.GregorianCalendar[time=1521667261195,areFieldsSet=true,areAllFieldsSet=true,lenient=true,zone=sun.util.calendar.ZoneInfo[id="Etc/UTC",offset=0,dstSavings=0,useDaylight=false,transitions=0,lastRule=null],firstDayOfWeek=1,minimalDaysInFirstWeek=1,ERA=1,YEAR=2018,MONTH=2,WEEK_OF_YEAR=12,WEEK_OF_MONTH=4,DAY_OF_MONTH=21,DAY_OF_YEAR=80,DAY_OF_WEEK=4,DAY_OF_WEEK_IN_MONTH=3,AM_PM=1,HOUR=9,HOUR_OF_DAY=21,MINUTE=21,SECOND=1,MILLISECOND=195,ZONE_OFFSET=0,DST_OFFSET=0], message=null}
21:21:01.198 [main] DEBUG org.hibernate.SQL - insert into LogEntries (logCode, message, primaryUser, secondaryUser, time, id) values (?, ?, ?, ?, ?, ?)
Hibernate: insert into LogEntries (logCode, message, primaryUser, secondaryUser, time, id) values (?, ?, ?, ?, ?, ?)
21:21:01.200 [main] DEBUG o.h.e.j.internal.JdbcCoordinatorImpl - HHH000420: Closing un-released batch
21:21:01.200 [main] DEBUG o.h.e.t.internal.TransactionImpl - begin
21:21:01.202 [main] DEBUG org.hibernate.SQL - select next_val as id_val from hibernate_sequence for update
Hibernate: select next_val as id_val from hibernate_sequence for update
21:21:01.203 [main] DEBUG org.hibernate.SQL - update hibernate_sequence set next_val= ? where next_val=?
Hibernate: update hibernate_sequence set next_val= ? where next_val=?
21:21:01.204 [main] DEBUG o.h.e.i.AbstractSaveEventListener - Generated identifier: 496, using strategy: org.hibernate.id.enhanced.SequenceStyleGenerator
21:21:01.204 [main] DEBUG o.h.e.t.internal.TransactionImpl - committing
21:21:01.204 [main] DEBUG o.h.e.i.AbstractFlushingEventListener - Processing flush-time cascades
21:21:01.204 [main] DEBUG o.h.e.i.AbstractFlushingEventListener - Dirty checking collections
21:21:01.205 [main] DEBUG o.h.e.i.AbstractFlushingEventListener - Flushed: 1 insertions, 0 updates, 0 deletions to 1 objects
21:21:01.205 [main] DEBUG o.h.e.i.AbstractFlushingEventListener - Flushed: 0 (re)creations, 0 updates, 0 removals to 0 collections
21:21:01.205 [main] DEBUG o.h.internal.util.EntityPrinter - Listing entities:
21:21:01.205 [main] DEBUG o.h.internal.util.EntityPrinter - edu.ncsu.csc.itrust2.models.persistent.LogEntry{secondaryUser=null, logCode=5, primaryUser=logapitest, id=496, time=java.util.GregorianCalendar[time=1521667261200,areFieldsSet=true,areAllFieldsSet=true,lenient=true,zone=sun.util.calendar.ZoneInfo[id="Etc/UTC",offset=0,dstSavings=0,useDaylight=false,transitions=0,lastRule=null],firstDayOfWeek=1,minimalDaysInFirstWeek=1,ERA=1,YEAR=2018,MONTH=2,WEEK_OF_YEAR=12,WEEK_OF_MONTH=4,DAY_OF_MONTH=21,DAY_OF_YEAR=80,DAY_OF_WEEK=4,DAY_OF_WEEK_IN_MONTH=3,AM_PM=1,HOUR=9,HOUR_OF_DAY=21,MINUTE=21,SECOND=1,MILLISECOND=200,ZONE_OFFSET=0,DST_OFFSET=0], message=null}
21:21:01.205 [main] DEBUG org.hibernate.SQL - insert into LogEntries (logCode, message, primaryUser, secondaryUser, time, id) values (?, ?, ?, ?, ?, ?)
Hibernate: insert into LogEntries (logCode, message, primaryUser, secondaryUser, time, id) values (?, ?, ?, ?, ?, ?)
21:21:01.207 [main] DEBUG o.h.e.j.internal.JdbcCoordinatorImpl - HHH000420: Closing un-released batch
21:21:01.207 [main] DEBUG o.h.e.t.internal.TransactionImpl - begin
21:21:01.208 [main] DEBUG org.hibernate.SQL - select next_val as id_val from hibernate_sequence for update
Hibernate: select next_val as id_val from hibernate_sequence for update
21:21:01.208 [main] DEBUG org.hibernate.SQL - update hibernate_sequence set next_val= ? where next_val=?
Hibernate: update hibernate_sequence set next_val= ? where next_val=?
21:21:01.210 [main] DEBUG o.h.e.i.AbstractSaveEventListener - Generated identifier: 497, using strategy: org.hibernate.id.enhanced.SequenceStyleGenerator
21:21:01.210 [main] DEBUG o.h.e.t.internal.TransactionImpl - committing
21:21:01.211 [main] DEBUG o.h.e.i.AbstractFlushingEventListener - Processing flush-time cascades
21:21:01.211 [main] DEBUG o.h.e.i.AbstractFlushingEventListener - Dirty checking collections
21:21:01.211 [main] DEBUG o.h.e.i.AbstractFlushingEventListener - Flushed: 1 insertions, 0 updates, 0 deletions to 1 objects
21:21:01.211 [main] DEBUG o.h.e.i.AbstractFlushingEventListener - Flushed: 0 (re)creations, 0 updates, 0 removals to 0 collections
21:21:01.211 [main] DEBUG o.h.internal.util.EntityPrinter - Listing entities:
21:21:01.211 [main] DEBUG o.h.internal.util.EntityPrinter - edu.ncsu.csc.itrust2.models.persistent.LogEntry{secondaryUser=null, logCode=5, primaryUser=logapitest, id=497, time=java.util.GregorianCalendar[time=1521667261207,areFieldsSet=true,areAllFieldsSet=true,lenient=true,zone=sun.util.calendar.ZoneInfo[id="Etc/UTC",offset=0,dstSavings=0,useDaylight=false,transitions=0,lastRule=null],firstDayOfWeek=1,minimalDaysInFirstWeek=1,ERA=1,YEAR=2018,MONTH=2,WEEK_OF_YEAR=12,WEEK_OF_MONTH=4,DAY_OF_MONTH=21,DAY_OF_YEAR=80,DAY_OF_WEEK=4,DAY_OF_WEEK_IN_MONTH=3,AM_PM=1,HOUR=9,HOUR_OF_DAY=21,MINUTE=21,SECOND=1,MILLISECOND=207,ZONE_OFFSET=0,DST_OFFSET=0], message=null}
21:21:01.212 [main] DEBUG org.hibernate.SQL - insert into LogEntries (logCode, message, primaryUser, secondaryUser, time, id) values (?, ?, ?, ?, ?, ?)
Hibernate: insert into LogEntries (logCode, message, primaryUser, secondaryUser, time, id) values (?, ?, ?, ?, ?, ?)
21:21:01.213 [main] DEBUG o.h.e.j.internal.JdbcCoordinatorImpl - HHH000420: Closing un-released batch
21:21:01.214 [main] DEBUG o.h.e.t.internal.TransactionImpl - begin
21:21:01.215 [main] DEBUG org.hibernate.SQL - select next_val as id_val from hibernate_sequence for update
Hibernate: select next_val as id_val from hibernate_sequence for update
21:21:01.215 [main] DEBUG org.hibernate.SQL - update hibernate_sequence set next_val= ? where next_val=?
Hibernate: update hibernate_sequence set next_val= ? where next_val=?
21:21:01.217 [main] DEBUG o.h.e.i.AbstractSaveEventListener - Generated identifier: 498, using strategy: org.hibernate.id.enhanced.SequenceStyleGenerator
21:21:01.217 [main] DEBUG o.h.e.t.internal.TransactionImpl - committing
21:21:01.217 [main] DEBUG o.h.e.i.AbstractFlushingEventListener - Processing flush-time cascades
21:21:01.218 [main] DEBUG o.h.e.i.AbstractFlushingEventListener - Dirty checking collections
21:21:01.218 [main] DEBUG o.h.e.i.AbstractFlushingEventListener - Flushed: 1 insertions, 0 updates, 0 deletions to 1 objects
21:21:01.218 [main] DEBUG o.h.e.i.AbstractFlushingEventListener - Flushed: 0 (re)creations, 0 updates, 0 removals to 0 collections
21:21:01.218 [main] DEBUG o.h.internal.util.EntityPrinter - Listing entities:
21:21:01.219 [main] DEBUG o.h.internal.util.EntityPrinter - edu.ncsu.csc.itrust2.models.persistent.LogEntry{secondaryUser=null, logCode=5, primaryUser=logapitest, id=498, time=java.util.GregorianCalendar[time=1521667261214,areFieldsSet=true,areAllFieldsSet=true,lenient=true,zone=sun.util.calendar.ZoneInfo[id="Etc/UTC",offset=0,dstSavings=0,useDaylight=false,transitions=0,lastRule=null],firstDayOfWeek=1,minimalDaysInFirstWeek=1,ERA=1,YEAR=2018,MONTH=2,WEEK_OF_YEAR=12,WEEK_OF_MONTH=4,DAY_OF_MONTH=21,DAY_OF_YEAR=80,DAY_OF_WEEK=4,DAY_OF_WEEK_IN_MONTH=3,AM_PM=1,HOUR=9,HOUR_OF_DAY=21,MINUTE=21,SECOND=1,MILLISECOND=214,ZONE_OFFSET=0,DST_OFFSET=0], message=null}
21:21:01.219 [main] DEBUG org.hibernate.SQL - insert into LogEntries (logCode, message, primaryUser, secondaryUser, time, id) values (?, ?, ?, ?, ?, ?)
Hibernate: insert into LogEntries (logCode, message, primaryUser, secondaryUser, time, id) values (?, ?, ?, ?, ?, ?)
21:21:01.221 [main] DEBUG o.h.e.j.internal.JdbcCoordinatorImpl - HHH000420: Closing un-released batch
21:21:01.222 [main] DEBUG o.h.e.t.internal.TransactionImpl - begin
21:21:01.223 [main] DEBUG org.hibernate.SQL - select next_val as id_val from hibernate_sequence for update
Hibernate: select next_val as id_val from hibernate_sequence for update
21:21:01.225 [main] DEBUG org.hibernate.SQL - update hibernate_sequence set next_val= ? where next_val=?
Hibernate: update hibernate_sequence set next_val= ? where next_val=?
21:21:01.227 [main] DEBUG o.h.e.i.AbstractSaveEventListener - Generated identifier: 499, using strategy: org.hibernate.id.enhanced.SequenceStyleGenerator
21:21:01.227 [main] DEBUG o.h.e.t.internal.TransactionImpl - committing
21:21:01.227 [main] DEBUG o.h.e.i.AbstractFlushingEventListener - Processing flush-time cascades
21:21:01.228 [main] DEBUG o.h.e.i.AbstractFlushingEventListener - Dirty checking collections
21:21:01.228 [main] DEBUG o.h.e.i.AbstractFlushingEventListener - Flushed: 1 insertions, 0 updates, 0 deletions to 1 objects
21:21:01.228 [main] DEBUG o.h.e.i.AbstractFlushingEventListener - Flushed: 0 (re)creations, 0 updates, 0 removals to 0 collections
21:21:01.228 [main] DEBUG o.h.internal.util.EntityPrinter - Listing entities:
21:21:01.228 [main] DEBUG o.h.internal.util.EntityPrinter - edu.ncsu.csc.itrust2.models.persistent.LogEntry{secondaryUser=null, logCode=5, primaryUser=logapitest, id=499, time=java.util.GregorianCalendar[time=1521667261222,areFieldsSet=true,areAllFieldsSet=true,lenient=true,zone=sun.util.calendar.ZoneInfo[id="Etc/UTC",offset=0,dstSavings=0,useDaylight=false,transitions=0,lastRule=null],firstDayOfWeek=1,minimalDaysInFirstWeek=1,ERA=1,YEAR=2018,MONTH=2,WEEK_OF_YEAR=12,WEEK_OF_MONTH=4,DAY_OF_MONTH=21,DAY_OF_YEAR=80,DAY_OF_WEEK=4,DAY_OF_WEEK_IN_MONTH=3,AM_PM=1,HOUR=9,HOUR_OF_DAY=21,MINUTE=21,SECOND=1,MILLISECOND=222,ZONE_OFFSET=0,DST_OFFSET=0], message=null}
21:21:01.229 [main] DEBUG org.hibernate.SQL - insert into LogEntries (logCode, message, primaryUser, secondaryUser, time, id) values (?, ?, ?, ?, ?, ?)
Hibernate: insert into LogEntries (logCode, message, primaryUser, secondaryUser, time, id) values (?, ?, ?, ?, ?, ?)
21:21:01.231 [main] DEBUG o.h.e.j.internal.JdbcCoordinatorImpl - HHH000420: Closing un-released batch
21:21:01.231 [main] DEBUG o.h.e.t.internal.TransactionImpl - begin
21:21:01.232 [main] DEBUG org.hibernate.SQL - select next_val as id_val from hibernate_sequence for update
Hibernate: select next_val as id_val from hibernate_sequence for update
21:21:01.233 [main] DEBUG org.hibernate.SQL - update hibernate_sequence set next_val= ? where next_val=?
Hibernate: update hibernate_sequence set next_val= ? where next_val=?
21:21:01.234 [main] DEBUG o.h.e.i.AbstractSaveEventListener - Generated identifier: 500, using strategy: org.hibernate.id.enhanced.SequenceStyleGenerator
21:21:01.235 [main] DEBUG o.h.e.t.internal.TransactionImpl - committing
21:21:01.235 [main] DEBUG o.h.e.i.AbstractFlushingEventListener - Processing flush-time cascades
21:21:01.235 [main] DEBUG o.h.e.i.AbstractFlushingEventListener - Dirty checking collections
21:21:01.235 [main] DEBUG o.h.e.i.AbstractFlushingEventListener - Flushed: 1 insertions, 0 updates, 0 deletions to 1 objects
21:21:01.235 [main] DEBUG o.h.e.i.AbstractFlushingEventListener - Flushed: 0 (re)creations, 0 updates, 0 removals to 0 collections
21:21:01.236 [main] DEBUG o.h.internal.util.EntityPrinter - Listing entities:
21:21:01.236 [main] DEBUG o.h.internal.util.EntityPrinter - edu.ncsu.csc.itrust2.models.persistent.LogEntry{secondaryUser=null, logCode=5, primaryUser=logapitest, id=500, time=java.util.GregorianCalendar[time=1521667261231,areFieldsSet=true,areAllFieldsSet=true,lenient=true,zone=sun.util.calendar.ZoneInfo[id="Etc/UTC",offset=0,dstSavings=0,useDaylight=false,transitions=0,lastRule=null],firstDayOfWeek=1,minimalDaysInFirstWeek=1,ERA=1,YEAR=2018,MONTH=2,WEEK_OF_YEAR=12,WEEK_OF_MONTH=4,DAY_OF_MONTH=21,DAY_OF_YEAR=80,DAY_OF_WEEK=4,DAY_OF_WEEK_IN_MONTH=3,AM_PM=1,HOUR=9,HOUR_OF_DAY=21,MINUTE=21,SECOND=1,MILLISECOND=231,ZONE_OFFSET=0,DST_OFFSET=0], message=null}
21:21:01.236 [main] DEBUG org.hibernate.SQL - insert into LogEntries (logCode, message, primaryUser, secondaryUser, time, id) values (?, ?, ?, ?, ?, ?)
Hibernate: insert into LogEntries (logCode, message, primaryUser, secondaryUser, time, id) values (?, ?, ?, ?, ?, ?)
21:21:01.242 [main] DEBUG o.h.e.j.internal.JdbcCoordinatorImpl - HHH000420: Closing un-released batch
21:21:01.243 [main] DEBUG o.h.e.t.internal.TransactionImpl - begin
21:21:01.244 [main] DEBUG org.hibernate.SQL - select next_val as id_val from hibernate_sequence for update
Hibernate: select next_val as id_val from hibernate_sequence for update
21:21:01.244 [main] DEBUG org.hibernate.SQL - update hibernate_sequence set next_val= ? where next_val=?
Hibernate: update hibernate_sequence set next_val= ? where next_val=?
21:21:01.246 [main] DEBUG o.h.e.i.AbstractSaveEventListener - Generated identifier: 501, using strategy: org.hibernate.id.enhanced.SequenceStyleGenerator
21:21:01.246 [main] DEBUG o.h.e.t.internal.TransactionImpl - committing
21:21:01.246 [main] DEBUG o.h.e.i.AbstractFlushingEventListener - Processing flush-time cascades
21:21:01.246 [main] DEBUG o.h.e.i.AbstractFlushingEventListener - Dirty checking collections
21:21:01.247 [main] DEBUG o.h.e.i.AbstractFlushingEventListener - Flushed: 1 insertions, 0 updates, 0 deletions to 1 objects
21:21:01.247 [main] DEBUG o.h.e.i.AbstractFlushingEventListener - Flushed: 0 (re)creations, 0 updates, 0 removals to 0 collections
21:21:01.247 [main] DEBUG o.h.internal.util.EntityPrinter - Listing entities:
21:21:01.247 [main] DEBUG o.h.internal.util.EntityPrinter - edu.ncsu.csc.itrust2.models.persistent.LogEntry{secondaryUser=null, logCode=5, primaryUser=logapitest, id=501, time=java.util.GregorianCalendar[time=1521667261243,areFieldsSet=true,areAllFieldsSet=true,lenient=true,zone=sun.util.calendar.ZoneInfo[id="Etc/UTC",offset=0,dstSavings=0,useDaylight=false,transitions=0,lastRule=null],firstDayOfWeek=1,minimalDaysInFirstWeek=1,ERA=1,YEAR=2018,MONTH=2,WEEK_OF_YEAR=12,WEEK_OF_MONTH=4,DAY_OF_MONTH=21,DAY_OF_YEAR=80,DAY_OF_WEEK=4,DAY_OF_WEEK_IN_MONTH=3,AM_PM=1,HOUR=9,HOUR_OF_DAY=21,MINUTE=21,SECOND=1,MILLISECOND=243,ZONE_OFFSET=0,DST_OFFSET=0], message=null}
21:21:01.248 [main] DEBUG org.hibernate.SQL - insert into LogEntries (logCode, message, primaryUser, secondaryUser, time, id) values (?, ?, ?, ?, ?, ?)
Hibernate: insert into LogEntries (logCode, message, primaryUser, secondaryUser, time, id) values (?, ?, ?, ?, ?, ?)
21:21:01.249 [main] DEBUG o.h.e.j.internal.JdbcCoordinatorImpl - HHH000420: Closing un-released batch
21:21:01.250 [main] DEBUG o.h.e.t.internal.TransactionImpl - begin
21:21:01.251 [main] DEBUG org.hibernate.SQL - select next_val as id_val from hibernate_sequence for update
Hibernate: select next_val as id_val from hibernate_sequence for update
21:21:01.252 [main] DEBUG org.hibernate.SQL - update hibernate_sequence set next_val= ? where next_val=?
Hibernate: update hibernate_sequence set next_val= ? where next_val=?
21:21:01.253 [main] DEBUG o.h.e.i.AbstractSaveEventListener - Generated identifier: 502, using strategy: org.hibernate.id.enhanced.SequenceStyleGenerator
21:21:01.254 [main] DEBUG o.h.e.t.internal.TransactionImpl - committing
21:21:01.254 [main] DEBUG o.h.e.i.AbstractFlushingEventListener - Processing flush-time cascades
21:21:01.254 [main] DEBUG o.h.e.i.AbstractFlushingEventListener - Dirty checking collections
21:21:01.254 [main] DEBUG o.h.e.i.AbstractFlushingEventListener - Flushed: 1 insertions, 0 updates, 0 deletions to 1 objects
21:21:01.254 [main] DEBUG o.h.e.i.AbstractFlushingEventListener - Flushed: 0 (re)creations, 0 updates, 0 removals to 0 collections
21:21:01.254 [main] DEBUG o.h.internal.util.EntityPrinter - Listing entities:
21:21:01.255 [main] DEBUG o.h.internal.util.EntityPrinter - edu.ncsu.csc.itrust2.models.persistent.LogEntry{secondaryUser=null, logCode=5, primaryUser=logapitest, id=502, time=java.util.GregorianCalendar[time=1521667261250,areFieldsSet=true,areAllFieldsSet=true,lenient=true,zone=sun.util.calendar.ZoneInfo[id="Etc/UTC",offset=0,dstSavings=0,useDaylight=false,transitions=0,lastRule=null],firstDayOfWeek=1,minimalDaysInFirstWeek=1,ERA=1,YEAR=2018,MONTH=2,WEEK_OF_YEAR=12,WEEK_OF_MONTH=4,DAY_OF_MONTH=21,DAY_OF_YEAR=80,DAY_OF_WEEK=4,DAY_OF_WEEK_IN_MONTH=3,AM_PM=1,HOUR=9,HOUR_OF_DAY=21,MINUTE=21,SECOND=1,MILLISECOND=250,ZONE_OFFSET=0,DST_OFFSET=0], message=null}
21:21:01.255 [main] DEBUG org.hibernate.SQL - insert into LogEntries (logCode, message, primaryUser, secondaryUser, time, id) values (?, ?, ?, ?, ?, ?)
Hibernate: insert into LogEntries (logCode, message, primaryUser, secondaryUser, time, id) values (?, ?, ?, ?, ?, ?)
21:21:01.257 [main] DEBUG o.h.e.j.internal.JdbcCoordinatorImpl - HHH000420: Closing un-released batch
21:21:01.257 [main] DEBUG o.h.e.t.internal.TransactionImpl - begin
21:21:01.258 [main] DEBUG org.hibernate.SQL - select next_val as id_val from hibernate_sequence for update
Hibernate: select next_val as id_val from hibernate_sequence for update
21:21:01.259 [main] DEBUG org.hibernate.SQL - update hibernate_sequence set next_val= ? where next_val=?
Hibernate: update hibernate_sequence set next_val= ? where next_val=?
21:21:01.260 [main] DEBUG o.h.e.i.AbstractSaveEventListener - Generated identifier: 503, using strategy: org.hibernate.id.enhanced.SequenceStyleGenerator
21:21:01.261 [main] DEBUG o.h.e.t.internal.TransactionImpl - committing
21:21:01.261 [main] DEBUG o.h.e.i.AbstractFlushingEventListener - Processing flush-time cascades
21:21:01.261 [main] DEBUG o.h.e.i.AbstractFlushingEventListener - Dirty checking collections
21:21:01.261 [main] DEBUG o.h.e.i.AbstractFlushingEventListener - Flushed: 1 insertions, 0 updates, 0 deletions to 1 objects
21:21:01.261 [main] DEBUG o.h.e.i.AbstractFlushingEventListener - Flushed: 0 (re)creations, 0 updates, 0 removals to 0 collections
21:21:01.262 [main] DEBUG o.h.internal.util.EntityPrinter - Listing entities:
21:21:01.262 [main] DEBUG o.h.internal.util.EntityPrinter - edu.ncsu.csc.itrust2.models.persistent.LogEntry{secondaryUser=null, logCode=5, primaryUser=logapitest, id=503, time=java.util.GregorianCalendar[time=1521667261257,areFieldsSet=true,areAllFieldsSet=true,lenient=true,zone=sun.util.calendar.ZoneInfo[id="Etc/UTC",offset=0,dstSavings=0,useDaylight=false,transitions=0,lastRule=null],firstDayOfWeek=1,minimalDaysInFirstWeek=1,ERA=1,YEAR=2018,MONTH=2,WEEK_OF_YEAR=12,WEEK_OF_MONTH=4,DAY_OF_MONTH=21,DAY_OF_YEAR=80,DAY_OF_WEEK=4,DAY_OF_WEEK_IN_MONTH=3,AM_PM=1,HOUR=9,HOUR_OF_DAY=21,MINUTE=21,SECOND=1,MILLISECOND=257,ZONE_OFFSET=0,DST_OFFSET=0], message=null}
21:21:01.265 [main] DEBUG org.hibernate.SQL - insert into LogEntries (logCode, message, primaryUser, secondaryUser, time, id) values (?, ?, ?, ?, ?, ?)
Hibernate: insert into LogEntries (logCode, message, primaryUser, secondaryUser, time, id) values (?, ?, ?, ?, ?, ?)
21:21:01.272 [main] DEBUG o.h.e.j.internal.JdbcCoordinatorImpl - HHH000420: Closing un-released batch
21:21:01.274 [main] DEBUG o.h.e.t.internal.TransactionImpl - begin
21:21:01.275 [main] DEBUG org.hibernate.SQL - select next_val as id_val from hibernate_sequence for update
Hibernate: select next_val as id_val from hibernate_sequence for update
21:21:01.276 [main] DEBUG org.hibernate.SQL - update hibernate_sequence set next_val= ? where next_val=?
Hibernate: update hibernate_sequence set next_val= ? where next_val=?
21:21:01.277 [main] DEBUG o.h.e.i.AbstractSaveEventListener - Generated identifier: 504, using strategy: org.hibernate.id.enhanced.SequenceStyleGenerator
21:21:01.277 [main] DEBUG o.h.e.t.internal.TransactionImpl - committing
21:21:01.278 [main] DEBUG o.h.e.i.AbstractFlushingEventListener - Processing flush-time cascades
21:21:01.278 [main] DEBUG o.h.e.i.AbstractFlushingEventListener - Dirty checking collections
21:21:01.278 [main] DEBUG o.h.e.i.AbstractFlushingEventListener - Flushed: 1 insertions, 0 updates, 0 deletions to 1 objects
21:21:01.278 [main] DEBUG o.h.e.i.AbstractFlushingEventListener - Flushed: 0 (re)creations, 0 updates, 0 removals to 0 collections
21:21:01.278 [main] DEBUG o.h.internal.util.EntityPrinter - Listing entities:
21:21:01.278 [main] DEBUG o.h.internal.util.EntityPrinter - edu.ncsu.csc.itrust2.models.persistent.LogEntry{secondaryUser=null, logCode=5, primaryUser=logapitest, id=504, time=java.util.GregorianCalendar[time=1521667261274,areFieldsSet=true,areAllFieldsSet=true,lenient=true,zone=sun.util.calendar.ZoneInfo[id="Etc/UTC",offset=0,dstSavings=0,useDaylight=false,transitions=0,lastRule=null],firstDayOfWeek=1,minimalDaysInFirstWeek=1,ERA=1,YEAR=2018,MONTH=2,WEEK_OF_YEAR=12,WEEK_OF_MONTH=4,DAY_OF_MONTH=21,DAY_OF_YEAR=80,DAY_OF_WEEK=4,DAY_OF_WEEK_IN_MONTH=3,AM_PM=1,HOUR=9,HOUR_OF_DAY=21,MINUTE=21,SECOND=1,MILLISECOND=274,ZONE_OFFSET=0,DST_OFFSET=0], message=null}
21:21:01.279 [main] DEBUG org.hibernate.SQL - insert into LogEntries (logCode, message, primaryUser, secondaryUser, time, id) values (?, ?, ?, ?, ?, ?)
Hibernate: insert into LogEntries (logCode, message, primaryUser, secondaryUser, time, id) values (?, ?, ?, ?, ?, ?)
21:21:01.282 [main] DEBUG o.h.e.j.internal.JdbcCoordinatorImpl - HHH000420: Closing un-released batch
21:21:01.282 [main] DEBUG o.h.e.t.internal.TransactionImpl - begin
21:21:01.286 [main] DEBUG org.hibernate.SQL - select next_val as id_val from hibernate_sequence for update
Hibernate: select next_val as id_val from hibernate_sequence for update
21:21:01.287 [main] DEBUG org.hibernate.SQL - update hibernate_sequence set next_val= ? where next_val=?
Hibernate: update hibernate_sequence set next_val= ? where next_val=?
21:21:01.288 [main] DEBUG o.h.e.i.AbstractSaveEventListener - Generated identifier: 505, using strategy: org.hibernate.id.enhanced.SequenceStyleGenerator
21:21:01.289 [main] DEBUG o.h.e.t.internal.TransactionImpl - committing
21:21:01.289 [main] DEBUG o.h.e.i.AbstractFlushingEventListener - Processing flush-time cascades
21:21:01.289 [main] DEBUG o.h.e.i.AbstractFlushingEventListener - Dirty checking collections
21:21:01.289 [main] DEBUG o.h.e.i.AbstractFlushingEventListener - Flushed: 1 insertions, 0 updates, 0 deletions to 1 objects
21:21:01.289 [main] DEBUG o.h.e.i.AbstractFlushingEventListener - Flushed: 0 (re)creations, 0 updates, 0 removals to 0 collections
21:21:01.289 [main] DEBUG o.h.internal.util.EntityPrinter - Listing entities:
21:21:01.289 [main] DEBUG o.h.internal.util.EntityPrinter - edu.ncsu.csc.itrust2.models.persistent.LogEntry{secondaryUser=null, logCode=5, primaryUser=logapitest, id=505, time=java.util.GregorianCalendar[time=1521667261282,areFieldsSet=true,areAllFieldsSet=true,lenient=true,zone=sun.util.calendar.ZoneInfo[id="Etc/UTC",offset=0,dstSavings=0,useDaylight=false,transitions=0,lastRule=null],firstDayOfWeek=1,minimalDaysInFirstWeek=1,ERA=1,YEAR=2018,MONTH=2,WEEK_OF_YEAR=12,WEEK_OF_MONTH=4,DAY_OF_MONTH=21,DAY_OF_YEAR=80,DAY_OF_WEEK=4,DAY_OF_WEEK_IN_MONTH=3,AM_PM=1,HOUR=9,HOUR_OF_DAY=21,MINUTE=21,SECOND=1,MILLISECOND=282,ZONE_OFFSET=0,DST_OFFSET=0], message=null}
21:21:01.290 [main] DEBUG org.hibernate.SQL - insert into LogEntries (logCode, message, primaryUser, secondaryUser, time, id) values (?, ?, ?, ?, ?, ?)
Hibernate: insert into LogEntries (logCode, message, primaryUser, secondaryUser, time, id) values (?, ?, ?, ?, ?, ?)
21:21:01.291 [main] DEBUG o.h.e.j.internal.JdbcCoordinatorImpl - HHH000420: Closing un-released batch
21:21:01.292 [main] DEBUG o.h.e.t.internal.TransactionImpl - begin
21:21:01.292 [main] DEBUG org.hibernate.SQL - select next_val as id_val from hibernate_sequence for update
Hibernate: select next_val as id_val from hibernate_sequence for update
21:21:01.293 [main] DEBUG org.hibernate.SQL - update hibernate_sequence set next_val= ? where next_val=?
Hibernate: update hibernate_sequence set next_val= ? where next_val=?
21:21:01.294 [main] DEBUG o.h.e.i.AbstractSaveEventListener - Generated identifier: 506, using strategy: org.hibernate.id.enhanced.SequenceStyleGenerator
21:21:01.295 [main] DEBUG o.h.e.t.internal.TransactionImpl - committing
21:21:01.295 [main] DEBUG o.h.e.i.AbstractFlushingEventListener - Processing flush-time cascades
21:21:01.295 [main] DEBUG o.h.e.i.AbstractFlushingEventListener - Dirty checking collections
21:21:01.295 [main] DEBUG o.h.e.i.AbstractFlushingEventListener - Flushed: 1 insertions, 0 updates, 0 deletions to 1 objects
21:21:01.295 [main] DEBUG o.h.e.i.AbstractFlushingEventListener - Flushed: 0 (re)creations, 0 updates, 0 removals to 0 collections
21:21:01.295 [main] DEBUG o.h.internal.util.EntityPrinter - Listing entities:
21:21:01.295 [main] DEBUG o.h.internal.util.EntityPrinter - edu.ncsu.csc.itrust2.models.persistent.LogEntry{secondaryUser=null, logCode=5, primaryUser=logapitest, id=506, time=java.util.GregorianCalendar[time=1521667261292,areFieldsSet=true,areAllFieldsSet=true,lenient=true,zone=sun.util.calendar.ZoneInfo[id="Etc/UTC",offset=0,dstSavings=0,useDaylight=false,transitions=0,lastRule=null],firstDayOfWeek=1,minimalDaysInFirstWeek=1,ERA=1,YEAR=2018,MONTH=2,WEEK_OF_YEAR=12,WEEK_OF_MONTH=4,DAY_OF_MONTH=21,DAY_OF_YEAR=80,DAY_OF_WEEK=4,DAY_OF_WEEK_IN_MONTH=3,AM_PM=1,HOUR=9,HOUR_OF_DAY=21,MINUTE=21,SECOND=1,MILLISECOND=292,ZONE_OFFSET=0,DST_OFFSET=0], message=null}
21:21:01.298 [main] DEBUG org.hibernate.SQL - insert into LogEntries (logCode, message, primaryUser, secondaryUser, time, id) values (?, ?, ?, ?, ?, ?)
Hibernate: insert into LogEntries (logCode, message, primaryUser, secondaryUser, time, id) values (?, ?, ?, ?, ?, ?)
21:21:01.305 [main] DEBUG o.h.e.j.internal.JdbcCoordinatorImpl - HHH000420: Closing un-released batch
21:21:01.305 [main] DEBUG o.h.e.t.internal.TransactionImpl - begin
21:21:01.306 [main] DEBUG org.hibernate.SQL - select next_val as id_val from hibernate_sequence for update
Hibernate: select next_val as id_val from hibernate_sequence for update
21:21:01.307 [main] DEBUG org.hibernate.SQL - update hibernate_sequence set next_val= ? where next_val=?
Hibernate: update hibernate_sequence set next_val= ? where next_val=?
21:21:01.310 [main] DEBUG o.h.e.i.AbstractSaveEventListener - Generated identifier: 507, using strategy: org.hibernate.id.enhanced.SequenceStyleGenerator
21:21:01.310 [main] DEBUG o.h.e.t.internal.TransactionImpl - committing
21:21:01.310 [main] DEBUG o.h.e.i.AbstractFlushingEventListener - Processing flush-time cascades
21:21:01.310 [main] DEBUG o.h.e.i.AbstractFlushingEventListener - Dirty checking collections
21:21:01.310 [main] DEBUG o.h.e.i.AbstractFlushingEventListener - Flushed: 1 insertions, 0 updates, 0 deletions to 1 objects
21:21:01.310 [main] DEBUG o.h.e.i.AbstractFlushingEventListener - Flushed: 0 (re)creations, 0 updates, 0 removals to 0 collections
21:21:01.310 [main] DEBUG o.h.internal.util.EntityPrinter - Listing entities:
21:21:01.310 [main] DEBUG o.h.internal.util.EntityPrinter - edu.ncsu.csc.itrust2.models.persistent.LogEntry{secondaryUser=null, logCode=5, primaryUser=logapitest, id=507, time=java.util.GregorianCalendar[time=1521667261305,areFieldsSet=true,areAllFieldsSet=true,lenient=true,zone=sun.util.calendar.ZoneInfo[id="Etc/UTC",offset=0,dstSavings=0,useDaylight=false,transitions=0,lastRule=null],firstDayOfWeek=1,minimalDaysInFirstWeek=1,ERA=1,YEAR=2018,MONTH=2,WEEK_OF_YEAR=12,WEEK_OF_MONTH=4,DAY_OF_MONTH=21,DAY_OF_YEAR=80,DAY_OF_WEEK=4,DAY_OF_WEEK_IN_MONTH=3,AM_PM=1,HOUR=9,HOUR_OF_DAY=21,MINUTE=21,SECOND=1,MILLISECOND=305,ZONE_OFFSET=0,DST_OFFSET=0], message=null}
21:21:01.311 [main] DEBUG org.hibernate.SQL - insert into LogEntries (logCode, message, primaryUser, secondaryUser, time, id) values (?, ?, ?, ?, ?, ?)
Hibernate: insert into LogEntries (logCode, message, primaryUser, secondaryUser, time, id) values (?, ?, ?, ?, ?, ?)
21:21:01.313 [main] DEBUG o.h.e.j.internal.JdbcCoordinatorImpl - HHH000420: Closing un-released batch
21:21:01.313 [main] DEBUG o.h.e.t.internal.TransactionImpl - begin
21:21:01.314 [main] DEBUG org.hibernate.SQL - select next_val as id_val from hibernate_sequence for update
Hibernate: select next_val as id_val from hibernate_sequence for update
21:21:01.315 [main] DEBUG org.hibernate.SQL - update hibernate_sequence set next_val= ? where next_val=?
Hibernate: update hibernate_sequence set next_val= ? where next_val=?
21:21:01.317 [main] DEBUG o.h.e.i.AbstractSaveEventListener - Generated identifier: 508, using strategy: org.hibernate.id.enhanced.SequenceStyleGenerator
21:21:01.317 [main] DEBUG o.h.e.t.internal.TransactionImpl - committing
21:21:01.317 [main] DEBUG o.h.e.i.AbstractFlushingEventListener - Processing flush-time cascades
21:21:01.317 [main] DEBUG o.h.e.i.AbstractFlushingEventListener - Dirty checking collections
21:21:01.317 [main] DEBUG o.h.e.i.AbstractFlushingEventListener - Flushed: 1 insertions, 0 updates, 0 deletions to 1 objects
21:21:01.318 [main] DEBUG o.h.e.i.AbstractFlushingEventListener - Flushed: 0 (re)creations, 0 updates, 0 removals to 0 collections
21:21:01.318 [main] DEBUG o.h.internal.util.EntityPrinter - Listing entities:
21:21:01.318 [main] DEBUG o.h.internal.util.EntityPrinter - edu.ncsu.csc.itrust2.models.persistent.LogEntry{secondaryUser=null, logCode=5, primaryUser=logapitest, id=508, time=java.util.GregorianCalendar[time=1521667261313,areFieldsSet=true,areAllFieldsSet=true,lenient=true,zone=sun.util.calendar.ZoneInfo[id="Etc/UTC",offset=0,dstSavings=0,useDaylight=false,transitions=0,lastRule=null],firstDayOfWeek=1,minimalDaysInFirstWeek=1,ERA=1,YEAR=2018,MONTH=2,WEEK_OF_YEAR=12,WEEK_OF_MONTH=4,DAY_OF_MONTH=21,DAY_OF_YEAR=80,DAY_OF_WEEK=4,DAY_OF_WEEK_IN_MONTH=3,AM_PM=1,HOUR=9,HOUR_OF_DAY=21,MINUTE=21,SECOND=1,MILLISECOND=313,ZONE_OFFSET=0,DST_OFFSET=0], message=null}
21:21:01.318 [main] DEBUG org.hibernate.SQL - insert into LogEntries (logCode, message, primaryUser, secondaryUser, time, id) values (?, ?, ?, ?, ?, ?)
Hibernate: insert into LogEntries (logCode, message, primaryUser, secondaryUser, time, id) values (?, ?, ?, ?, ?, ?)
21:21:01.325 [main] DEBUG o.h.e.j.internal.JdbcCoordinatorImpl - HHH000420: Closing un-released batch
21:21:01.325 [main] DEBUG o.h.e.t.internal.TransactionImpl - begin
21:21:01.326 [main] DEBUG org.hibernate.SQL - select next_val as id_val from hibernate_sequence for update
Hibernate: select next_val as id_val from hibernate_sequence for update
21:21:01.326 [main] DEBUG org.hibernate.SQL - update hibernate_sequence set next_val= ? where next_val=?
Hibernate: update hibernate_sequence set next_val= ? where next_val=?
21:21:01.328 [main] DEBUG o.h.e.i.AbstractSaveEventListener - Generated identifier: 509, using strategy: org.hibernate.id.enhanced.SequenceStyleGenerator
21:21:01.329 [main] DEBUG o.h.e.t.internal.TransactionImpl - committing
21:21:01.329 [main] DEBUG o.h.e.i.AbstractFlushingEventListener - Processing flush-time cascades
21:21:01.329 [main] DEBUG o.h.e.i.AbstractFlushingEventListener - Dirty checking collections
21:21:01.329 [main] DEBUG o.h.e.i.AbstractFlushingEventListener - Flushed: 1 insertions, 0 updates, 0 deletions to 1 objects
21:21:01.329 [main] DEBUG o.h.e.i.AbstractFlushingEventListener - Flushed: 0 (re)creations, 0 updates, 0 removals to 0 collections
21:21:01.329 [main] DEBUG o.h.internal.util.EntityPrinter - Listing entities:
21:21:01.329 [main] DEBUG o.h.internal.util.EntityPrinter - edu.ncsu.csc.itrust2.models.persistent.LogEntry{secondaryUser=null, logCode=5, primaryUser=logapitest, id=509, time=java.util.GregorianCalendar[time=1521667261325,areFieldsSet=true,areAllFieldsSet=true,lenient=true,zone=sun.util.calendar.ZoneInfo[id="Etc/UTC",offset=0,dstSavings=0,useDaylight=false,transitions=0,lastRule=null],firstDayOfWeek=1,minimalDaysInFirstWeek=1,ERA=1,YEAR=2018,MONTH=2,WEEK_OF_YEAR=12,WEEK_OF_MONTH=4,DAY_OF_MONTH=21,DAY_OF_YEAR=80,DAY_OF_WEEK=4,DAY_OF_WEEK_IN_MONTH=3,AM_PM=1,HOUR=9,HOUR_OF_DAY=21,MINUTE=21,SECOND=1,MILLISECOND=325,ZONE_OFFSET=0,DST_OFFSET=0], message=null}
21:21:01.330 [main] DEBUG org.hibernate.SQL - insert into LogEntries (logCode, message, primaryUser, secondaryUser, time, id) values (?, ?, ?, ?, ?, ?)
Hibernate: insert into LogEntries (logCode, message, primaryUser, secondaryUser, time, id) values (?, ?, ?, ?, ?, ?)
21:21:01.332 [main] DEBUG o.h.e.j.internal.JdbcCoordinatorImpl - HHH000420: Closing un-released batch
21:21:01.332 [main] DEBUG o.h.e.t.internal.TransactionImpl - begin
21:21:01.334 [main] DEBUG org.hibernate.SQL - select next_val as id_val from hibernate_sequence for update
Hibernate: select next_val as id_val from hibernate_sequence for update
21:21:01.335 [main] DEBUG org.hibernate.SQL - update hibernate_sequence set next_val= ? where next_val=?
Hibernate: update hibernate_sequence set next_val= ? where next_val=?
21:21:01.336 [main] DEBUG o.h.e.i.AbstractSaveEventListener - Generated identifier: 510, using strategy: org.hibernate.id.enhanced.SequenceStyleGenerator
21:21:01.336 [main] DEBUG o.h.e.t.internal.TransactionImpl - committing
21:21:01.337 [main] DEBUG o.h.e.i.AbstractFlushingEventListener - Processing flush-time cascades
21:21:01.337 [main] DEBUG o.h.e.i.AbstractFlushingEventListener - Dirty checking collections
21:21:01.337 [main] DEBUG o.h.e.i.AbstractFlushingEventListener - Flushed: 1 insertions, 0 updates, 0 deletions to 1 objects
21:21:01.337 [main] DEBUG o.h.e.i.AbstractFlushingEventListener - Flushed: 0 (re)creations, 0 updates, 0 removals to 0 collections
21:21:01.337 [main] DEBUG o.h.internal.util.EntityPrinter - Listing entities:
21:21:01.337 [main] DEBUG o.h.internal.util.EntityPrinter - edu.ncsu.csc.itrust2.models.persistent.LogEntry{secondaryUser=null, logCode=5, primaryUser=logapitest, id=510, time=java.util.GregorianCalendar[time=1521667261332,areFieldsSet=true,areAllFieldsSet=true,lenient=true,zone=sun.util.calendar.ZoneInfo[id="Etc/UTC",offset=0,dstSavings=0,useDaylight=false,transitions=0,lastRule=null],firstDayOfWeek=1,minimalDaysInFirstWeek=1,ERA=1,YEAR=2018,MONTH=2,WEEK_OF_YEAR=12,WEEK_OF_MONTH=4,DAY_OF_MONTH=21,DAY_OF_YEAR=80,DAY_OF_WEEK=4,DAY_OF_WEEK_IN_MONTH=3,AM_PM=1,HOUR=9,HOUR_OF_DAY=21,MINUTE=21,SECOND=1,MILLISECOND=332,ZONE_OFFSET=0,DST_OFFSET=0], message=null}
21:21:01.338 [main] DEBUG org.hibernate.SQL - insert into LogEntries (logCode, message, primaryUser, secondaryUser, time, id) values (?, ?, ?, ?, ?, ?)
Hibernate: insert into LogEntries (logCode, message, primaryUser, secondaryUser, time, id) values (?, ?, ?, ?, ?, ?)
21:21:01.343 [main] DEBUG o.h.e.j.internal.JdbcCoordinatorImpl - HHH000420: Closing un-released batch
21:21:01.344 [main] DEBUG o.h.e.t.internal.TransactionImpl - begin
21:21:01.344 [main] DEBUG org.hibernate.SQL - select next_val as id_val from hibernate_sequence for update
Hibernate: select next_val as id_val from hibernate_sequence for update
21:21:01.344 [main] DEBUG org.hibernate.SQL - update hibernate_sequence set next_val= ? where next_val=?
Hibernate: update hibernate_sequence set next_val= ? where next_val=?
21:21:01.345 [main] DEBUG o.h.e.i.AbstractSaveEventListener - Generated identifier: 511, using strategy: org.hibernate.id.enhanced.SequenceStyleGenerator
21:21:01.345 [main] DEBUG o.h.e.t.internal.TransactionImpl - committing
21:21:01.346 [main] DEBUG o.h.e.i.AbstractFlushingEventListener - Processing flush-time cascades
21:21:01.346 [main] DEBUG o.h.e.i.AbstractFlushingEventListener - Dirty checking collections
21:21:01.346 [main] DEBUG o.h.e.i.AbstractFlushingEventListener - Flushed: 1 insertions, 0 updates, 0 deletions to 1 objects
21:21:01.346 [main] DEBUG o.h.e.i.AbstractFlushingEventListener - Flushed: 0 (re)creations, 0 updates, 0 removals to 0 collections
21:21:01.346 [main] DEBUG o.h.internal.util.EntityPrinter - Listing entities:
21:21:01.346 [main] DEBUG o.h.internal.util.EntityPrinter - edu.ncsu.csc.itrust2.models.persistent.LogEntry{secondaryUser=null, logCode=5, primaryUser=logapitest, id=511, time=java.util.GregorianCalendar[time=1521667261343,areFieldsSet=true,areAllFieldsSet=true,lenient=true,zone=sun.util.calendar.ZoneInfo[id="Etc/UTC",offset=0,dstSavings=0,useDaylight=false,transitions=0,lastRule=null],firstDayOfWeek=1,minimalDaysInFirstWeek=1,ERA=1,YEAR=2018,MONTH=2,WEEK_OF_YEAR=12,WEEK_OF_MONTH=4,DAY_OF_MONTH=21,DAY_OF_YEAR=80,DAY_OF_WEEK=4,DAY_OF_WEEK_IN_MONTH=3,AM_PM=1,HOUR=9,HOUR_OF_DAY=21,MINUTE=21,SECOND=1,MILLISECOND=343,ZONE_OFFSET=0,DST_OFFSET=0], message=null}
21:21:01.346 [main] DEBUG org.hibernate.SQL - insert into LogEntries (logCode, message, primaryUser, secondaryUser, time, id) values (?, ?, ?, ?, ?, ?)
Hibernate: insert into LogEntries (logCode, message, primaryUser, secondaryUser, time, id) values (?, ?, ?, ?, ?, ?)
21:21:01.348 [main] DEBUG o.h.e.j.internal.JdbcCoordinatorImpl - HHH000420: Closing un-released batch
21:21:01.348 [main] DEBUG o.h.e.t.internal.TransactionImpl - begin
21:21:01.349 [main] DEBUG org.hibernate.SQL - select next_val as id_val from hibernate_sequence for update
Hibernate: select next_val as id_val from hibernate_sequence for update
21:21:01.350 [main] DEBUG org.hibernate.SQL - update hibernate_sequence set next_val= ? where next_val=?
Hibernate: update hibernate_sequence set next_val= ? where next_val=?
21:21:01.351 [main] DEBUG o.h.e.i.AbstractSaveEventListener - Generated identifier: 512, using strategy: org.hibernate.id.enhanced.SequenceStyleGenerator
21:21:01.352 [main] DEBUG o.h.e.t.internal.TransactionImpl - committing
21:21:01.352 [main] DEBUG o.h.e.i.AbstractFlushingEventListener - Processing flush-time cascades
21:21:01.352 [main] DEBUG o.h.e.i.AbstractFlushingEventListener - Dirty checking collections
21:21:01.352 [main] DEBUG o.h.e.i.AbstractFlushingEventListener - Flushed: 1 insertions, 0 updates, 0 deletions to 1 objects
21:21:01.352 [main] DEBUG o.h.e.i.AbstractFlushingEventListener - Flushed: 0 (re)creations, 0 updates, 0 removals to 0 collections
21:21:01.352 [main] DEBUG o.h.internal.util.EntityPrinter - Listing entities:
21:21:01.352 [main] DEBUG o.h.internal.util.EntityPrinter - edu.ncsu.csc.itrust2.models.persistent.LogEntry{secondaryUser=null, logCode=5, primaryUser=logapitest, id=512, time=java.util.GregorianCalendar[time=1521667261348,areFieldsSet=true,areAllFieldsSet=true,lenient=true,zone=sun.util.calendar.ZoneInfo[id="Etc/UTC",offset=0,dstSavings=0,useDaylight=false,transitions=0,lastRule=null],firstDayOfWeek=1,minimalDaysInFirstWeek=1,ERA=1,YEAR=2018,MONTH=2,WEEK_OF_YEAR=12,WEEK_OF_MONTH=4,DAY_OF_MONTH=21,DAY_OF_YEAR=80,DAY_OF_WEEK=4,DAY_OF_WEEK_IN_MONTH=3,AM_PM=1,HOUR=9,HOUR_OF_DAY=21,MINUTE=21,SECOND=1,MILLISECOND=348,ZONE_OFFSET=0,DST_OFFSET=0], message=null}
21:21:01.353 [main] DEBUG org.hibernate.SQL - insert into LogEntries (logCode, message, primaryUser, secondaryUser, time, id) values (?, ?, ?, ?, ?, ?)
Hibernate: insert into LogEntries (logCode, message, primaryUser, secondaryUser, time, id) values (?, ?, ?, ?, ?, ?)
21:21:01.354 [main] DEBUG o.h.e.j.internal.JdbcCoordinatorImpl - HHH000420: Closing un-released batch
21:21:01.355 [main] DEBUG o.h.e.t.internal.TransactionImpl - begin
21:21:01.355 [main] DEBUG org.hibernate.SQL - select next_val as id_val from hibernate_sequence for update
Hibernate: select next_val as id_val from hibernate_sequence for update
21:21:01.356 [main] DEBUG org.hibernate.SQL - update hibernate_sequence set next_val= ? where next_val=?
Hibernate: update hibernate_sequence set next_val= ? where next_val=?
21:21:01.357 [main] DEBUG o.h.e.i.AbstractSaveEventListener - Generated identifier: 513, using strategy: org.hibernate.id.enhanced.SequenceStyleGenerator
21:21:01.358 [main] DEBUG o.h.e.t.internal.TransactionImpl - committing
21:21:01.358 [main] DEBUG o.h.e.i.AbstractFlushingEventListener - Processing flush-time cascades
21:21:01.358 [main] DEBUG o.h.e.i.AbstractFlushingEventListener - Dirty checking collections
21:21:01.358 [main] DEBUG o.h.e.i.AbstractFlushingEventListener - Flushed: 1 insertions, 0 updates, 0 deletions to 1 objects
21:21:01.358 [main] DEBUG o.h.e.i.AbstractFlushingEventListener - Flushed: 0 (re)creations, 0 updates, 0 removals to 0 collections
21:21:01.358 [main] DEBUG o.h.internal.util.EntityPrinter - Listing entities:
21:21:01.358 [main] DEBUG o.h.internal.util.EntityPrinter - edu.ncsu.csc.itrust2.models.persistent.LogEntry{secondaryUser=null, logCode=5, primaryUser=logapitest, id=513, time=java.util.GregorianCalendar[time=1521667261354,areFieldsSet=true,areAllFieldsSet=true,lenient=true,zone=sun.util.calendar.ZoneInfo[id="Etc/UTC",offset=0,dstSavings=0,useDaylight=false,transitions=0,lastRule=null],firstDayOfWeek=1,minimalDaysInFirstWeek=1,ERA=1,YEAR=2018,MONTH=2,WEEK_OF_YEAR=12,WEEK_OF_MONTH=4,DAY_OF_MONTH=21,DAY_OF_YEAR=80,DAY_OF_WEEK=4,DAY_OF_WEEK_IN_MONTH=3,AM_PM=1,HOUR=9,HOUR_OF_DAY=21,MINUTE=21,SECOND=1,MILLISECOND=354,ZONE_OFFSET=0,DST_OFFSET=0], message=null}
21:21:01.358 [main] DEBUG org.hibernate.SQL - insert into LogEntries (logCode, message, primaryUser, secondaryUser, time, id) values (?, ?, ?, ?, ?, ?)
Hibernate: insert into LogEntries (logCode, message, primaryUser, secondaryUser, time, id) values (?, ?, ?, ?, ?, ?)
21:21:01.360 [main] DEBUG o.h.e.j.internal.JdbcCoordinatorImpl - HHH000420: Closing un-released batch
21:21:01.360 [main] DEBUG o.h.e.t.internal.TransactionImpl - begin
21:21:01.361 [main] DEBUG org.hibernate.SQL - select next_val as id_val from hibernate_sequence for update
Hibernate: select next_val as id_val from hibernate_sequence for update
21:21:01.361 [main] DEBUG org.hibernate.SQL - update hibernate_sequence set next_val= ? where next_val=?
Hibernate: update hibernate_sequence set next_val= ? where next_val=?
21:21:01.363 [main] DEBUG o.h.e.i.AbstractSaveEventListener - Generated identifier: 514, using strategy: org.hibernate.id.enhanced.SequenceStyleGenerator
21:21:01.363 [main] DEBUG o.h.e.t.internal.TransactionImpl - committing
21:21:01.363 [main] DEBUG o.h.e.i.AbstractFlushingEventListener - Processing flush-time cascades
21:21:01.363 [main] DEBUG o.h.e.i.AbstractFlushingEventListener - Dirty checking collections
21:21:01.364 [main] DEBUG o.h.e.i.AbstractFlushingEventListener - Flushed: 1 insertions, 0 updates, 0 deletions to 1 objects
21:21:01.364 [main] DEBUG o.h.e.i.AbstractFlushingEventListener - Flushed: 0 (re)creations, 0 updates, 0 removals to 0 collections
21:21:01.364 [main] DEBUG o.h.internal.util.EntityPrinter - Listing entities:
21:21:01.364 [main] DEBUG o.h.internal.util.EntityPrinter - edu.ncsu.csc.itrust2.models.persistent.LogEntry{secondaryUser=null, logCode=5, primaryUser=logapitest, id=514, time=java.util.GregorianCalendar[time=1521667261360,areFieldsSet=true,areAllFieldsSet=true,lenient=true,zone=sun.util.calendar.ZoneInfo[id="Etc/UTC",offset=0,dstSavings=0,useDaylight=false,transitions=0,lastRule=null],firstDayOfWeek=1,minimalDaysInFirstWeek=1,ERA=1,YEAR=2018,MONTH=2,WEEK_OF_YEAR=12,WEEK_OF_MONTH=4,DAY_OF_MONTH=21,DAY_OF_YEAR=80,DAY_OF_WEEK=4,DAY_OF_WEEK_IN_MONTH=3,AM_PM=1,HOUR=9,HOUR_OF_DAY=21,MINUTE=21,SECOND=1,MILLISECOND=360,ZONE_OFFSET=0,DST_OFFSET=0], message=null}
21:21:01.364 [main] DEBUG org.hibernate.SQL - insert into LogEntries (logCode, message, primaryUser, secondaryUser, time, id) values (?, ?, ?, ?, ?, ?)
Hibernate: insert into LogEntries (logCode, message, primaryUser, secondaryUser, time, id) values (?, ?, ?, ?, ?, ?)
21:21:01.391 [main] DEBUG o.h.e.j.internal.JdbcCoordinatorImpl - HHH000420: Closing un-released batch
21:21:01.391 [main] DEBUG o.h.e.t.internal.TransactionImpl - begin
21:21:01.392 [main] DEBUG org.hibernate.SQL - select next_val as id_val from hibernate_sequence for update
Hibernate: select next_val as id_val from hibernate_sequence for update
21:21:01.392 [main] DEBUG org.hibernate.SQL - update hibernate_sequence set next_val= ? where next_val=?
Hibernate: update hibernate_sequence set next_val= ? where next_val=?
21:21:01.393 [main] DEBUG o.h.e.i.AbstractSaveEventListener - Generated identifier: 515, using strategy: org.hibernate.id.enhanced.SequenceStyleGenerator
21:21:01.393 [main] DEBUG o.h.e.t.internal.TransactionImpl - committing
21:21:01.393 [main] DEBUG o.h.e.i.AbstractFlushingEventListener - Processing flush-time cascades
21:21:01.393 [main] DEBUG o.h.e.i.AbstractFlushingEventListener - Dirty checking collections
21:21:01.394 [main] DEBUG o.h.e.i.AbstractFlushingEventListener - Flushed: 1 insertions, 0 updates, 0 deletions to 1 objects
21:21:01.394 [main] DEBUG o.h.e.i.AbstractFlushingEventListener - Flushed: 0 (re)creations, 0 updates, 0 removals to 0 collections
21:21:01.394 [main] DEBUG o.h.internal.util.EntityPrinter - Listing entities:
21:21:01.394 [main] DEBUG o.h.internal.util.EntityPrinter - edu.ncsu.csc.itrust2.models.persistent.LogEntry{secondaryUser=null, logCode=5, primaryUser=logapitest, id=515, time=java.util.GregorianCalendar[time=1521667261391,areFieldsSet=true,areAllFieldsSet=true,lenient=true,zone=sun.util.calendar.ZoneInfo[id="Etc/UTC",offset=0,dstSavings=0,useDaylight=false,transitions=0,lastRule=null],firstDayOfWeek=1,minimalDaysInFirstWeek=1,ERA=1,YEAR=2018,MONTH=2,WEEK_OF_YEAR=12,WEEK_OF_MONTH=4,DAY_OF_MONTH=21,DAY_OF_YEAR=80,DAY_OF_WEEK=4,DAY_OF_WEEK_IN_MONTH=3,AM_PM=1,HOUR=9,HOUR_OF_DAY=21,MINUTE=21,SECOND=1,MILLISECOND=391,ZONE_OFFSET=0,DST_OFFSET=0], message=null}
21:21:01.394 [main] DEBUG org.hibernate.SQL - insert into LogEntries (logCode, message, primaryUser, secondaryUser, time, id) values (?, ?, ?, ?, ?, ?)
Hibernate: insert into LogEntries (logCode, message, primaryUser, secondaryUser, time, id) values (?, ?, ?, ?, ?, ?)
21:21:01.396 [main] DEBUG o.h.e.j.internal.JdbcCoordinatorImpl - HHH000420: Closing un-released batch
21:21:01.396 [main] DEBUG o.h.e.t.internal.TransactionImpl - begin
21:21:01.397 [main] DEBUG org.hibernate.SQL - select next_val as id_val from hibernate_sequence for update
Hibernate: select next_val as id_val from hibernate_sequence for update
21:21:01.397 [main] DEBUG org.hibernate.SQL - update hibernate_sequence set next_val= ? where next_val=?
Hibernate: update hibernate_sequence set next_val= ? where next_val=?
21:21:01.398 [main] DEBUG o.h.e.i.AbstractSaveEventListener - Generated identifier: 516, using strategy: org.hibernate.id.enhanced.SequenceStyleGenerator
21:21:01.398 [main] DEBUG o.h.e.t.internal.TransactionImpl - committing
21:21:01.398 [main] DEBUG o.h.e.i.AbstractFlushingEventListener - Processing flush-time cascades
21:21:01.399 [main] DEBUG o.h.e.i.AbstractFlushingEventListener - Dirty checking collections
21:21:01.399 [main] DEBUG o.h.e.i.AbstractFlushingEventListener - Flushed: 1 insertions, 0 updates, 0 deletions to 1 objects
21:21:01.399 [main] DEBUG o.h.e.i.AbstractFlushingEventListener - Flushed: 0 (re)creations, 0 updates, 0 removals to 0 collections
21:21:01.399 [main] DEBUG o.h.internal.util.EntityPrinter - Listing entities:
21:21:01.399 [main] DEBUG o.h.internal.util.EntityPrinter - edu.ncsu.csc.itrust2.models.persistent.LogEntry{secondaryUser=null, logCode=5, primaryUser=logapitest, id=516, time=java.util.GregorianCalendar[time=1521667261396,areFieldsSet=true,areAllFieldsSet=true,lenient=true,zone=sun.util.calendar.ZoneInfo[id="Etc/UTC",offset=0,dstSavings=0,useDaylight=false,transitions=0,lastRule=null],firstDayOfWeek=1,minimalDaysInFirstWeek=1,ERA=1,YEAR=2018,MONTH=2,WEEK_OF_YEAR=12,WEEK_OF_MONTH=4,DAY_OF_MONTH=21,DAY_OF_YEAR=80,DAY_OF_WEEK=4,DAY_OF_WEEK_IN_MONTH=3,AM_PM=1,HOUR=9,HOUR_OF_DAY=21,MINUTE=21,SECOND=1,MILLISECOND=396,ZONE_OFFSET=0,DST_OFFSET=0], message=null}
21:21:01.399 [main] DEBUG org.hibernate.SQL - insert into LogEntries (logCode, message, primaryUser, secondaryUser, time, id) values (?, ?, ?, ?, ?, ?)
Hibernate: insert into LogEntries (logCode, message, primaryUser, secondaryUser, time, id) values (?, ?, ?, ?, ?, ?)
21:21:01.401 [main] DEBUG o.h.e.j.internal.JdbcCoordinatorImpl - HHH000420: Closing un-released batch
21:21:01.401 [main] DEBUG o.h.e.t.internal.TransactionImpl - begin
21:21:01.402 [main] DEBUG org.hibernate.SQL - select next_val as id_val from hibernate_sequence for update
Hibernate: select next_val as id_val from hibernate_sequence for update
21:21:01.402 [main] DEBUG org.hibernate.SQL - update hibernate_sequence set next_val= ? where next_val=?
Hibernate: update hibernate_sequence set next_val= ? where next_val=?
21:21:01.403 [main] DEBUG o.h.e.i.AbstractSaveEventListener - Generated identifier: 517, using strategy: org.hibernate.id.enhanced.SequenceStyleGenerator
21:21:01.403 [main] DEBUG o.h.e.t.internal.TransactionImpl - committing
21:21:01.403 [main] DEBUG o.h.e.i.AbstractFlushingEventListener - Processing flush-time cascades
21:21:01.403 [main] DEBUG o.h.e.i.AbstractFlushingEventListener - Dirty checking collections
21:21:01.404 [main] DEBUG o.h.e.i.AbstractFlushingEventListener - Flushed: 1 insertions, 0 updates, 0 deletions to 1 objects
21:21:01.404 [main] DEBUG o.h.e.i.AbstractFlushingEventListener - Flushed: 0 (re)creations, 0 updates, 0 removals to 0 collections
21:21:01.404 [main] DEBUG o.h.internal.util.EntityPrinter - Listing entities:
21:21:01.404 [main] DEBUG o.h.internal.util.EntityPrinter - edu.ncsu.csc.itrust2.models.persistent.LogEntry{secondaryUser=null, logCode=5, primaryUser=logapitest, id=517, time=java.util.GregorianCalendar[time=1521667261401,areFieldsSet=true,areAllFieldsSet=true,lenient=true,zone=sun.util.calendar.ZoneInfo[id="Etc/UTC",offset=0,dstSavings=0,useDaylight=false,transitions=0,lastRule=null],firstDayOfWeek=1,minimalDaysInFirstWeek=1,ERA=1,YEAR=2018,MONTH=2,WEEK_OF_YEAR=12,WEEK_OF_MONTH=4,DAY_OF_MONTH=21,DAY_OF_YEAR=80,DAY_OF_WEEK=4,DAY_OF_WEEK_IN_MONTH=3,AM_PM=1,HOUR=9,HOUR_OF_DAY=21,MINUTE=21,SECOND=1,MILLISECOND=401,ZONE_OFFSET=0,DST_OFFSET=0], message=null}
21:21:01.412 [main] DEBUG org.hibernate.SQL - insert into LogEntries (logCode, message, primaryUser, secondaryUser, time, id) values (?, ?, ?, ?, ?, ?)
Hibernate: insert into LogEntries (logCode, message, primaryUser, secondaryUser, time, id) values (?, ?, ?, ?, ?, ?)
21:21:01.414 [main] DEBUG o.h.e.j.internal.JdbcCoordinatorImpl - HHH000420: Closing un-released batch
21:21:01.414 [main] DEBUG o.h.e.t.internal.TransactionImpl - begin
21:21:01.415 [main] DEBUG org.hibernate.SQL - select next_val as id_val from hibernate_sequence for update
Hibernate: select next_val as id_val from hibernate_sequence for update
21:21:01.415 [main] DEBUG org.hibernate.SQL - update hibernate_sequence set next_val= ? where next_val=?
Hibernate: update hibernate_sequence set next_val= ? where next_val=?
21:21:01.417 [main] DEBUG o.h.e.i.AbstractSaveEventListener - Generated identifier: 518, using strategy: org.hibernate.id.enhanced.SequenceStyleGenerator
21:21:01.417 [main] DEBUG o.h.e.t.internal.TransactionImpl - committing
21:21:01.417 [main] DEBUG o.h.e.i.AbstractFlushingEventListener - Processing flush-time cascades
21:21:01.417 [main] DEBUG o.h.e.i.AbstractFlushingEventListener - Dirty checking collections
21:21:01.417 [main] DEBUG o.h.e.i.AbstractFlushingEventListener - Flushed: 1 insertions, 0 updates, 0 deletions to 1 objects
21:21:01.417 [main] DEBUG o.h.e.i.AbstractFlushingEventListener - Flushed: 0 (re)creations, 0 updates, 0 removals to 0 collections
21:21:01.417 [main] DEBUG o.h.internal.util.EntityPrinter - Listing entities:
21:21:01.417 [main] DEBUG o.h.internal.util.EntityPrinter - edu.ncsu.csc.itrust2.models.persistent.LogEntry{secondaryUser=null, logCode=5, primaryUser=logapitest, id=518, time=java.util.GregorianCalendar[time=1521667261414,areFieldsSet=true,areAllFieldsSet=true,lenient=true,zone=sun.util.calendar.ZoneInfo[id="Etc/UTC",offset=0,dstSavings=0,useDaylight=false,transitions=0,lastRule=null],firstDayOfWeek=1,minimalDaysInFirstWeek=1,ERA=1,YEAR=2018,MONTH=2,WEEK_OF_YEAR=12,WEEK_OF_MONTH=4,DAY_OF_MONTH=21,DAY_OF_YEAR=80,DAY_OF_WEEK=4,DAY_OF_WEEK_IN_MONTH=3,AM_PM=1,HOUR=9,HOUR_OF_DAY=21,MINUTE=21,SECOND=1,MILLISECOND=414,ZONE_OFFSET=0,DST_OFFSET=0], message=null}
21:21:01.418 [main] DEBUG org.hibernate.SQL - insert into LogEntries (logCode, message, primaryUser, secondaryUser, time, id) values (?, ?, ?, ?, ?, ?)
Hibernate: insert into LogEntries (logCode, message, primaryUser, secondaryUser, time, id) values (?, ?, ?, ?, ?, ?)
21:21:01.419 [main] DEBUG o.h.e.j.internal.JdbcCoordinatorImpl - HHH000420: Closing un-released batch
21:21:01.420 [main] DEBUG o.h.e.t.internal.TransactionImpl - begin
21:21:01.420 [main] DEBUG org.hibernate.SQL - select next_val as id_val from hibernate_sequence for update
Hibernate: select next_val as id_val from hibernate_sequence for update
21:21:01.420 [main] DEBUG org.hibernate.SQL - update hibernate_sequence set next_val= ? where next_val=?
Hibernate: update hibernate_sequence set next_val= ? where next_val=?
21:21:01.421 [main] DEBUG o.h.e.i.AbstractSaveEventListener - Generated identifier: 519, using strategy: org.hibernate.id.enhanced.SequenceStyleGenerator
21:21:01.422 [main] DEBUG o.h.e.t.internal.TransactionImpl - committing
21:21:01.422 [main] DEBUG o.h.e.i.AbstractFlushingEventListener - Processing flush-time cascades
21:21:01.422 [main] DEBUG o.h.e.i.AbstractFlushingEventListener - Dirty checking collections
21:21:01.422 [main] DEBUG o.h.e.i.AbstractFlushingEventListener - Flushed: 1 insertions, 0 updates, 0 deletions to 1 objects
21:21:01.422 [main] DEBUG o.h.e.i.AbstractFlushingEventListener - Flushed: 0 (re)creations, 0 updates, 0 removals to 0 collections
21:21:01.422 [main] DEBUG o.h.internal.util.EntityPrinter - Listing entities:
21:21:01.422 [main] DEBUG o.h.internal.util.EntityPrinter - edu.ncsu.csc.itrust2.models.persistent.LogEntry{secondaryUser=null, logCode=5, primaryUser=logapitest, id=519, time=java.util.GregorianCalendar[time=1521667261419,areFieldsSet=true,areAllFieldsSet=true,lenient=true,zone=sun.util.calendar.ZoneInfo[id="Etc/UTC",offset=0,dstSavings=0,useDaylight=false,transitions=0,lastRule=null],firstDayOfWeek=1,minimalDaysInFirstWeek=1,ERA=1,YEAR=2018,MONTH=2,WEEK_OF_YEAR=12,WEEK_OF_MONTH=4,DAY_OF_MONTH=21,DAY_OF_YEAR=80,DAY_OF_WEEK=4,DAY_OF_WEEK_IN_MONTH=3,AM_PM=1,HOUR=9,HOUR_OF_DAY=21,MINUTE=21,SECOND=1,MILLISECOND=419,ZONE_OFFSET=0,DST_OFFSET=0], message=null}
21:21:01.422 [main] DEBUG org.hibernate.SQL - insert into LogEntries (logCode, message, primaryUser, secondaryUser, time, id) values (?, ?, ?, ?, ?, ?)
Hibernate: insert into LogEntries (logCode, message, primaryUser, secondaryUser, time, id) values (?, ?, ?, ?, ?, ?)
21:21:01.425 [main] DEBUG o.h.e.j.internal.JdbcCoordinatorImpl - HHH000420: Closing un-released batch
21:21:01.425 [main] DEBUG o.h.e.t.internal.TransactionImpl - begin
21:21:01.426 [main] DEBUG org.hibernate.SQL - select next_val as id_val from hibernate_sequence for update
Hibernate: select next_val as id_val from hibernate_sequence for update
21:21:01.426 [main] DEBUG org.hibernate.SQL - update hibernate_sequence set next_val= ? where next_val=?
Hibernate: update hibernate_sequence set next_val= ? where next_val=?
21:21:01.428 [main] DEBUG o.h.e.i.AbstractSaveEventListener - Generated identifier: 520, using strategy: org.hibernate.id.enhanced.SequenceStyleGenerator
21:21:01.428 [main] DEBUG o.h.e.t.internal.TransactionImpl - committing
21:21:01.428 [main] DEBUG o.h.e.i.AbstractFlushingEventListener - Processing flush-time cascades
21:21:01.428 [main] DEBUG o.h.e.i.AbstractFlushingEventListener - Dirty checking collections
21:21:01.428 [main] DEBUG o.h.e.i.AbstractFlushingEventListener - Flushed: 1 insertions, 0 updates, 0 deletions to 1 objects
21:21:01.428 [main] DEBUG o.h.e.i.AbstractFlushingEventListener - Flushed: 0 (re)creations, 0 updates, 0 removals to 0 collections
21:21:01.428 [main] DEBUG o.h.internal.util.EntityPrinter - Listing entities:
21:21:01.428 [main] DEBUG o.h.internal.util.EntityPrinter - edu.ncsu.csc.itrust2.models.persistent.LogEntry{secondaryUser=null, logCode=5, primaryUser=logapitest, id=520, time=java.util.GregorianCalendar[time=1521667261425,areFieldsSet=true,areAllFieldsSet=true,lenient=true,zone=sun.util.calendar.ZoneInfo[id="Etc/UTC",offset=0,dstSavings=0,useDaylight=false,transitions=0,lastRule=null],firstDayOfWeek=1,minimalDaysInFirstWeek=1,ERA=1,YEAR=2018,MONTH=2,WEEK_OF_YEAR=12,WEEK_OF_MONTH=4,DAY_OF_MONTH=21,DAY_OF_YEAR=80,DAY_OF_WEEK=4,DAY_OF_WEEK_IN_MONTH=3,AM_PM=1,HOUR=9,HOUR_OF_DAY=21,MINUTE=21,SECOND=1,MILLISECOND=425,ZONE_OFFSET=0,DST_OFFSET=0], message=null}
21:21:01.429 [main] DEBUG org.hibernate.SQL - insert into LogEntries (logCode, message, primaryUser, secondaryUser, time, id) values (?, ?, ?, ?, ?, ?)
Hibernate: insert into LogEntries (logCode, message, primaryUser, secondaryUser, time, id) values (?, ?, ?, ?, ?, ?)
21:21:01.435 [main] DEBUG o.h.e.j.internal.JdbcCoordinatorImpl - HHH000420: Closing un-released batch
21:21:01.436 [main] DEBUG o.s.t.w.s.TestDispatcherServlet - DispatcherServlet with name '' processing POST request for [/api/v1/logentries/range]
21:21:01.436 [main] DEBUG o.s.w.s.m.m.a.RequestMappingHandlerMapping - Looking up handler method for path /api/v1/logentries/range
21:21:01.437 [main] DEBUG o.s.w.s.m.m.a.RequestMappingHandlerMapping - Returning handler method [public org.springframework.http.ResponseEntity edu.ncsu.csc.itrust2.controllers.api.APILogEntryController.getEntryByDateRange(edu.ncsu.csc.itrust2.controllers.api.comm.LogEntryRequestBody)]
21:21:01.437 [main] DEBUG o.s.b.f.s.DefaultListableBeanFactory - Returning cached instance of singleton bean 'APILogEntryController'
21:21:01.439 [main] DEBUG o.s.w.s.m.m.a.RequestResponseBodyMethodProcessor - Read [class edu.ncsu.csc.itrust2.controllers.api.comm.LogEntryRequestBody] as "application/json" with [org.springframework.http.converter.json.GsonHttpMessageConverter@62271948]
21:21:01.442 [main] DEBUG o.h.e.t.internal.TransactionImpl - begin
21:21:01.451 [main] DEBUG org.hibernate.SQL - select this_.id as id1_6_0_, this_.logCode as logCode2_6_0_, this_.message as message3_6_0_, this_.primaryUser as primaryU4_6_0_, this_.secondaryUser as secondar5_6_0_, this_.time as time6_6_0_ from LogEntries this_ where this_.time between ? and ? and (this_.primaryUser=? or this_.secondaryUser=?)
Hibernate: select this_.id as id1_6_0_, this_.logCode as logCode2_6_0_, this_.message as message3_6_0_, this_.primaryUser as primaryU4_6_0_, this_.secondaryUser as secondar5_6_0_, this_.time as time6_6_0_ from LogEntries this_ where this_.time between ? and ? and (this_.primaryUser=? or this_.secondaryUser=?)
21:21:01.459 [main] DEBUG org.hibernate.loader.Loader - Result set row: 0
21:21:01.459 [main] DEBUG org.hibernate.loader.Loader - Result row: EntityKey[edu.ncsu.csc.itrust2.models.persistent.LogEntry#21]
21:21:01.460 [main] DEBUG org.hibernate.loader.Loader - Result set row: 1
21:21:01.460 [main] DEBUG org.hibernate.loader.Loader - Result row: EntityKey[edu.ncsu.csc.itrust2.models.persistent.LogEntry#22]
21:21:01.461 [main] DEBUG org.hibernate.loader.Loader - Result set row: 2
21:21:01.461 [main] DEBUG org.hibernate.loader.Loader - Result row: EntityKey[edu.ncsu.csc.itrust2.models.persistent.LogEntry#23]
21:21:01.461 [main] DEBUG org.hibernate.loader.Loader - Result set row: 3
21:21:01.461 [main] DEBUG org.hibernate.loader.Loader - Result row: EntityKey[edu.ncsu.csc.itrust2.models.persistent.LogEntry#24]
21:21:01.461 [main] DEBUG org.hibernate.loader.Loader - Result set row: 4
21:21:01.462 [main] DEBUG org.hibernate.loader.Loader - Result row: EntityKey[edu.ncsu.csc.itrust2.models.persistent.LogEntry#25]
21:21:01.462 [main] DEBUG org.hibernate.loader.Loader - Result set row: 5
21:21:01.462 [main] DEBUG org.hibernate.loader.Loader - Result row: EntityKey[edu.ncsu.csc.itrust2.models.persistent.LogEntry#26]
21:21:01.462 [main] DEBUG org.hibernate.loader.Loader - Result set row: 6
21:21:01.462 [main] DEBUG org.hibernate.loader.Loader - Result row: EntityKey[edu.ncsu.csc.itrust2.models.persistent.LogEntry#27]
21:21:01.463 [main] DEBUG org.hibernate.loader.Loader - Result set row: 7
21:21:01.463 [main] DEBUG org.hibernate.loader.Loader - Result row: EntityKey[edu.ncsu.csc.itrust2.models.persistent.LogEntry#28]
21:21:01.463 [main] DEBUG org.hibernate.loader.Loader - Result set row: 8
21:21:01.464 [main] DEBUG org.hibernate.loader.Loader - Result row: EntityKey[edu.ncsu.csc.itrust2.models.persistent.LogEntry#29]
21:21:01.464 [main] DEBUG org.hibernate.loader.Loader - Result set row: 9
21:21:01.464 [main] DEBUG org.hibernate.loader.Loader - Result row: EntityKey[edu.ncsu.csc.itrust2.models.persistent.LogEntry#30]
21:21:01.464 [main] DEBUG org.hibernate.loader.Loader - Result set row: 10
21:21:01.464 [main] DEBUG org.hibernate.loader.Loader - Result row: EntityKey[edu.ncsu.csc.itrust2.models.persistent.LogEntry#31]
21:21:01.464 [main] DEBUG org.hibernate.loader.Loader - Result set row: 11
21:21:01.465 [main] DEBUG org.hibernate.loader.Loader - Result row: EntityKey[edu.ncsu.csc.itrust2.models.persistent.LogEntry#32]
21:21:01.470 [main] DEBUG org.hibernate.loader.Loader - Result set row: 12
21:21:01.470 [main] DEBUG org.hibernate.loader.Loader - Result row: EntityKey[edu.ncsu.csc.itrust2.models.persistent.LogEntry#33]
21:21:01.470 [main] DEBUG org.hibernate.loader.Loader - Result set row: 13
21:21:01.470 [main] DEBUG org.hibernate.loader.Loader - Result row: EntityKey[edu.ncsu.csc.itrust2.models.persistent.LogEntry#34]
21:21:01.471 [main] DEBUG org.hibernate.loader.Loader - Result set row: 14
21:21:01.478 [main] DEBUG org.hibernate.loader.Loader - Result row: EntityKey[edu.ncsu.csc.itrust2.models.persistent.LogEntry#35]
21:21:01.480 [main] DEBUG org.hibernate.loader.Loader - Result set row: 15
21:21:01.483 [main] DEBUG org.hibernate.loader.Loader - Result row: EntityKey[edu.ncsu.csc.itrust2.models.persistent.LogEntry#36]
21:21:01.484 [main] DEBUG org.hibernate.loader.Loader - Result set row: 16
21:21:01.484 [main] DEBUG org.hibernate.loader.Loader - Result row: EntityKey[edu.ncsu.csc.itrust2.models.persistent.LogEntry#37]
21:21:01.484 [main] DEBUG org.hibernate.loader.Loader - Result set row: 17
21:21:01.485 [main] DEBUG org.hibernate.loader.Loader - Result row: EntityKey[edu.ncsu.csc.itrust2.models.persistent.LogEntry#38]
21:21:01.485 [main] DEBUG org.hibernate.loader.Loader - Result set row: 18
21:21:01.485 [main] DEBUG org.hibernate.loader.Loader - Result row: EntityKey[edu.ncsu.csc.itrust2.models.persistent.LogEntry#39]
21:21:01.485 [main] DEBUG org.hibernate.loader.Loader - Result set row: 19
21:21:01.485 [main] DEBUG org.hibernate.loader.Loader - Result row: EntityKey[edu.ncsu.csc.itrust2.models.persistent.LogEntry#40]
21:21:01.485 [main] DEBUG org.hibernate.loader.Loader - Result set row: 20
21:21:01.486 [main] DEBUG org.hibernate.loader.Loader - Result row: EntityKey[edu.ncsu.csc.itrust2.models.persistent.LogEntry#41]
21:21:01.486 [main] DEBUG org.hibernate.loader.Loader - Result set row: 21
21:21:01.486 [main] DEBUG org.hibernate.loader.Loader - Result row: EntityKey[edu.ncsu.csc.itrust2.models.persistent.LogEntry#42]
21:21:01.486 [main] DEBUG org.hibernate.loader.Loader - Result set row: 22
21:21:01.486 [main] DEBUG org.hibernate.loader.Loader - Result row: EntityKey[edu.ncsu.csc.itrust2.models.persistent.LogEntry#43]
21:21:01.486 [main] DEBUG org.hibernate.loader.Loader - Result set row: 23
21:21:01.486 [main] DEBUG org.hibernate.loader.Loader - Result row: EntityKey[edu.ncsu.csc.itrust2.models.persistent.LogEntry#44]
21:21:01.487 [main] DEBUG org.hibernate.loader.Loader - Result set row: 24
21:21:01.487 [main] DEBUG org.hibernate.loader.Loader - Result row: EntityKey[edu.ncsu.csc.itrust2.models.persistent.LogEntry#45]
21:21:01.487 [main] DEBUG org.hibernate.loader.Loader - Result set row: 25
21:21:01.487 [main] DEBUG org.hibernate.loader.Loader - Result row: EntityKey[edu.ncsu.csc.itrust2.models.persistent.LogEntry#46]
21:21:01.487 [main] DEBUG org.hibernate.loader.Loader - Result set row: 26
21:21:01.487 [main] DEBUG org.hibernate.loader.Loader - Result row: EntityKey[edu.ncsu.csc.itrust2.models.persistent.LogEntry#47]
21:21:01.487 [main] DEBUG org.hibernate.loader.Loader - Result set row: 27
21:21:01.487 [main] DEBUG org.hibernate.loader.Loader - Result row: EntityKey[edu.ncsu.csc.itrust2.models.persistent.LogEntry#48]
21:21:01.488 [main] DEBUG org.hibernate.loader.Loader - Result set row: 28
21:21:01.488 [main] DEBUG org.hibernate.loader.Loader - Result row: EntityKey[edu.ncsu.csc.itrust2.models.persistent.LogEntry#49]
21:21:01.488 [main] DEBUG org.hibernate.loader.Loader - Result set row: 29
21:21:01.488 [main] DEBUG org.hibernate.loader.Loader - Result row: EntityKey[edu.ncsu.csc.itrust2.models.persistent.LogEntry#50]
21:21:01.491 [main] DEBUG org.hibernate.loader.Loader - Result set row: 30
21:21:01.491 [main] DEBUG org.hibernate.loader.Loader - Result row: EntityKey[edu.ncsu.csc.itrust2.models.persistent.LogEntry#51]
21:21:01.491 [main] DEBUG org.hibernate.loader.Loader - Result set row: 31
21:21:01.491 [main] DEBUG org.hibernate.loader.Loader - Result row: EntityKey[edu.ncsu.csc.itrust2.models.persistent.LogEntry#52]
21:21:01.491 [main] DEBUG org.hibernate.loader.Loader - Result set row: 32
21:21:01.492 [main] DEBUG org.hibernate.loader.Loader - Result row: EntityKey[edu.ncsu.csc.itrust2.models.persistent.LogEntry#53]
21:21:01.492 [main] DEBUG org.hibernate.loader.Loader - Result set row: 33
21:21:01.492 [main] DEBUG org.hibernate.loader.Loader - Result row: EntityKey[edu.ncsu.csc.itrust2.models.persistent.LogEntry#54]
21:21:01.492 [main] DEBUG org.hibernate.loader.Loader - Result set row: 34
21:21:01.492 [main] DEBUG org.hibernate.loader.Loader - Result row: EntityKey[edu.ncsu.csc.itrust2.models.persistent.LogEntry#55]
21:21:01.492 [main] DEBUG org.hibernate.loader.Loader - Result set row: 35
21:21:01.492 [main] DEBUG org.hibernate.loader.Loader - Result row: EntityKey[edu.ncsu.csc.itrust2.models.persistent.LogEntry#56]
21:21:01.493 [main] DEBUG org.hibernate.loader.Loader - Result set row: 36
21:21:01.493 [main] DEBUG org.hibernate.loader.Loader - Result row: EntityKey[edu.ncsu.csc.itrust2.models.persistent.LogEntry#57]
21:21:01.493 [main] DEBUG org.hibernate.loader.Loader - Result set row: 37
21:21:01.493 [main] DEBUG org.hibernate.loader.Loader - Result row: EntityKey[edu.ncsu.csc.itrust2.models.persistent.LogEntry#58]
21:21:01.493 [main] DEBUG org.hibernate.loader.Loader - Result set row: 38
21:21:01.493 [main] DEBUG org.hibernate.loader.Loader - Result row: EntityKey[edu.ncsu.csc.itrust2.models.persistent.LogEntry#59]
21:21:01.494 [main] DEBUG org.hibernate.loader.Loader - Result set row: 39
21:21:01.494 [main] DEBUG org.hibernate.loader.Loader - Result row: EntityKey[edu.ncsu.csc.itrust2.models.persistent.LogEntry#60]
21:21:01.494 [main] DEBUG org.hibernate.loader.Loader - Result set row: 40
21:21:01.494 [main] DEBUG org.hibernate.loader.Loader - Result row: EntityKey[edu.ncsu.csc.itrust2.models.persistent.LogEntry#61]
21:21:01.494 [main] DEBUG org.hibernate.loader.Loader - Result set row: 41
21:21:01.494 [main] DEBUG org.hibernate.loader.Loader - Result row: EntityKey[edu.ncsu.csc.itrust2.models.persistent.LogEntry#62]
21:21:01.495 [main] DEBUG org.hibernate.loader.Loader - Result set row: 42
21:21:01.497 [main] DEBUG org.hibernate.loader.Loader - Result row: EntityKey[edu.ncsu.csc.itrust2.models.persistent.LogEntry#63]
21:21:01.501 [main] DEBUG org.hibernate.loader.Loader - Result set row: 43
21:21:01.501 [main] DEBUG org.hibernate.loader.Loader - Result row: EntityKey[edu.ncsu.csc.itrust2.models.persistent.LogEntry#64]
21:21:01.502 [main] DEBUG org.hibernate.loader.Loader - Result set row: 44
21:21:01.502 [main] DEBUG org.hibernate.loader.Loader - Result row: EntityKey[edu.ncsu.csc.itrust2.models.persistent.LogEntry#65]
21:21:01.502 [main] DEBUG org.hibernate.loader.Loader - Result set row: 45
21:21:01.502 [main] DEBUG org.hibernate.loader.Loader - Result row: EntityKey[edu.ncsu.csc.itrust2.models.persistent.LogEntry#66]
21:21:01.502 [main] DEBUG org.hibernate.loader.Loader - Result set row: 46
21:21:01.504 [main] DEBUG org.hibernate.loader.Loader - Result row: EntityKey[edu.ncsu.csc.itrust2.models.persistent.LogEntry#67]
21:21:01.504 [main] DEBUG org.hibernate.loader.Loader - Result set row: 47
21:21:01.504 [main] DEBUG org.hibernate.loader.Loader - Result row: EntityKey[edu.ncsu.csc.itrust2.models.persistent.LogEntry#68]
21:21:01.505 [main] DEBUG org.hibernate.loader.Loader - Result set row: 48
21:21:01.505 [main] DEBUG org.hibernate.loader.Loader - Result row: EntityKey[edu.ncsu.csc.itrust2.models.persistent.LogEntry#69]
21:21:01.505 [main] DEBUG org.hibernate.loader.Loader - Result set row: 49
21:21:01.505 [main] DEBUG org.hibernate.loader.Loader - Result row: EntityKey[edu.ncsu.csc.itrust2.models.persistent.LogEntry#70]
21:21:01.505 [main] DEBUG org.hibernate.loader.Loader - Result set row: 50
21:21:01.505 [main] DEBUG org.hibernate.loader.Loader - Result row: EntityKey[edu.ncsu.csc.itrust2.models.persistent.LogEntry#71]
21:21:01.505 [main] DEBUG org.hibernate.loader.Loader - Result set row: 51
21:21:01.506 [main] DEBUG org.hibernate.loader.Loader - Result row: EntityKey[edu.ncsu.csc.itrust2.models.persistent.LogEntry#72]
21:21:01.506 [main] DEBUG org.hibernate.loader.Loader - Result set row: 52
21:21:01.506 [main] DEBUG org.hibernate.loader.Loader - Result row: EntityKey[edu.ncsu.csc.itrust2.models.persistent.LogEntry#73]
21:21:01.506 [main] DEBUG org.hibernate.loader.Loader - Result set row: 53
21:21:01.507 [main] DEBUG org.hibernate.loader.Loader - Result row: EntityKey[edu.ncsu.csc.itrust2.models.persistent.LogEntry#74]
21:21:01.507 [main] DEBUG org.hibernate.loader.Loader - Result set row: 54
21:21:01.507 [main] DEBUG org.hibernate.loader.Loader - Result row: EntityKey[edu.ncsu.csc.itrust2.models.persistent.LogEntry#75]
21:21:01.507 [main] DEBUG org.hibernate.loader.Loader - Result set row: 55
21:21:01.507 [main] DEBUG org.hibernate.loader.Loader - Result row: EntityKey[edu.ncsu.csc.itrust2.models.persistent.LogEntry#76]
21:21:01.507 [main] DEBUG org.hibernate.loader.Loader - Result set row: 56
21:21:01.508 [main] DEBUG org.hibernate.loader.Loader - Result row: EntityKey[edu.ncsu.csc.itrust2.models.persistent.LogEntry#77]
21:21:01.508 [main] DEBUG org.hibernate.loader.Loader - Result set row: 57
21:21:01.508 [main] DEBUG org.hibernate.loader.Loader - Result row: EntityKey[edu.ncsu.csc.itrust2.models.persistent.LogEntry#78]
21:21:01.508 [main] DEBUG org.hibernate.loader.Loader - Result set row: 58
21:21:01.517 [main] DEBUG org.hibernate.loader.Loader - Result row: EntityKey[edu.ncsu.csc.itrust2.models.persistent.LogEntry#79]
21:21:01.518 [main] DEBUG org.hibernate.loader.Loader - Result set row: 59
21:21:01.518 [main] DEBUG org.hibernate.loader.Loader - Result row: EntityKey[edu.ncsu.csc.itrust2.models.persistent.LogEntry#80]
21:21:01.519 [main] DEBUG org.hibernate.loader.Loader - Result set row: 60
21:21:01.519 [main] DEBUG org.hibernate.loader.Loader - Result row: EntityKey[edu.ncsu.csc.itrust2.models.persistent.LogEntry#81]
21:21:01.519 [main] DEBUG org.hibernate.loader.Loader - Result set row: 61
21:21:01.519 [main] DEBUG org.hibernate.loader.Loader - Result row: EntityKey[edu.ncsu.csc.itrust2.models.persistent.LogEntry#82]
21:21:01.519 [main] DEBUG org.hibernate.loader.Loader - Result set row: 62
21:21:01.519 [main] DEBUG org.hibernate.loader.Loader - Result row: EntityKey[edu.ncsu.csc.itrust2.models.persistent.LogEntry#83]
21:21:01.519 [main] DEBUG org.hibernate.loader.Loader - Result set row: 63
21:21:01.520 [main] DEBUG org.hibernate.loader.Loader - Result row: EntityKey[edu.ncsu.csc.itrust2.models.persistent.LogEntry#84]
21:21:01.520 [main] DEBUG org.hibernate.loader.Loader - Result set row: 64
21:21:01.520 [main] DEBUG org.hibernate.loader.Loader - Result row: EntityKey[edu.ncsu.csc.itrust2.models.persistent.LogEntry#85]
21:21:01.520 [main] DEBUG org.hibernate.loader.Loader - Result set row: 65
21:21:01.520 [main] DEBUG org.hibernate.loader.Loader - Result row: EntityKey[edu.ncsu.csc.itrust2.models.persistent.LogEntry#86]
21:21:01.520 [main] DEBUG org.hibernate.loader.Loader - Result set row: 66
21:21:01.520 [main] DEBUG org.hibernate.loader.Loader - Result row: EntityKey[edu.ncsu.csc.itrust2.models.persistent.LogEntry#87]
21:21:01.520 [main] DEBUG org.hibernate.loader.Loader - Result set row: 67
21:21:01.521 [main] DEBUG org.hibernate.loader.Loader - Result row: EntityKey[edu.ncsu.csc.itrust2.models.persistent.LogEntry#88]
21:21:01.521 [main] DEBUG org.hibernate.loader.Loader - Result set row: 68
21:21:01.521 [main] DEBUG org.hibernate.loader.Loader - Result row: EntityKey[edu.ncsu.csc.itrust2.models.persistent.LogEntry#89]
21:21:01.521 [main] DEBUG org.hibernate.loader.Loader - Result set row: 69
21:21:01.521 [main] DEBUG org.hibernate.loader.Loader - Result row: EntityKey[edu.ncsu.csc.itrust2.models.persistent.LogEntry#90]
21:21:01.522 [main] DEBUG org.hibernate.loader.Loader - Result set row: 70
21:21:01.522 [main] DEBUG org.hibernate.loader.Loader - Result row: EntityKey[edu.ncsu.csc.itrust2.models.persistent.LogEntry#91]
21:21:01.522 [main] DEBUG org.hibernate.loader.Loader - Result set row: 71
21:21:01.522 [main] DEBUG org.hibernate.loader.Loader - Result row: EntityKey[edu.ncsu.csc.itrust2.models.persistent.LogEntry#92]
21:21:01.522 [main] DEBUG org.hibernate.loader.Loader - Result set row: 72
21:21:01.522 [main] DEBUG org.hibernate.loader.Loader - Result row: EntityKey[edu.ncsu.csc.itrust2.models.persistent.LogEntry#93]
21:21:01.522 [main] DEBUG org.hibernate.loader.Loader - Result set row: 73
21:21:01.522 [main] DEBUG org.hibernate.loader.Loader - Result row: EntityKey[edu.ncsu.csc.itrust2.models.persistent.LogEntry#94]
21:21:01.523 [main] DEBUG org.hibernate.loader.Loader - Result set row: 74
21:21:01.523 [main] DEBUG org.hibernate.loader.Loader - Result row: EntityKey[edu.ncsu.csc.itrust2.models.persistent.LogEntry#95]
21:21:01.523 [main] DEBUG org.hibernate.loader.Loader - Result set row: 75
21:21:01.523 [main] DEBUG org.hibernate.loader.Loader - Result row: EntityKey[edu.ncsu.csc.itrust2.models.persistent.LogEntry#96]
21:21:01.523 [main] DEBUG org.hibernate.loader.Loader - Result set row: 76
21:21:01.523 [main] DEBUG org.hibernate.loader.Loader - Result row: EntityKey[edu.ncsu.csc.itrust2.models.persistent.LogEntry#97]
21:21:01.523 [main] DEBUG org.hibernate.loader.Loader - Result set row: 77
21:21:01.523 [main] DEBUG org.hibernate.loader.Loader - Result row: EntityKey[edu.ncsu.csc.itrust2.models.persistent.LogEntry#98]
21:21:01.526 [main] DEBUG org.hibernate.loader.Loader - Result set row: 78
21:21:01.526 [main] DEBUG org.hibernate.loader.Loader - Result row: EntityKey[edu.ncsu.csc.itrust2.models.persistent.LogEntry#99]
21:21:01.527 [main] DEBUG org.hibernate.loader.Loader - Result set row: 79
21:21:01.527 [main] DEBUG org.hibernate.loader.Loader - Result row: EntityKey[edu.ncsu.csc.itrust2.models.persistent.LogEntry#100]
21:21:01.527 [main] DEBUG org.hibernate.loader.Loader - Result set row: 80
21:21:01.527 [main] DEBUG org.hibernate.loader.Loader - Result row: EntityKey[edu.ncsu.csc.itrust2.models.persistent.LogEntry#101]
21:21:01.527 [main] DEBUG org.hibernate.loader.Loader - Result set row: 81
21:21:01.528 [main] DEBUG org.hibernate.loader.Loader - Result row: EntityKey[edu.ncsu.csc.itrust2.models.persistent.LogEntry#102]
21:21:01.528 [main] DEBUG org.hibernate.loader.Loader - Result set row: 82
21:21:01.528 [main] DEBUG org.hibernate.loader.Loader - Result row: EntityKey[edu.ncsu.csc.itrust2.models.persistent.LogEntry#103]
21:21:01.528 [main] DEBUG org.hibernate.loader.Loader - Result set row: 83
21:21:01.528 [main] DEBUG org.hibernate.loader.Loader - Result row: EntityKey[edu.ncsu.csc.itrust2.models.persistent.LogEntry#104]
21:21:01.528 [main] DEBUG org.hibernate.loader.Loader - Result set row: 84
21:21:01.528 [main] DEBUG org.hibernate.loader.Loader - Result row: EntityKey[edu.ncsu.csc.itrust2.models.persistent.LogEntry#105]
21:21:01.529 [main] DEBUG org.hibernate.loader.Loader - Result set row: 85
21:21:01.529 [main] DEBUG org.hibernate.loader.Loader - Result row: EntityKey[edu.ncsu.csc.itrust2.models.persistent.LogEntry#106]
21:21:01.529 [main] DEBUG org.hibernate.loader.Loader - Result set row: 86
21:21:01.529 [main] DEBUG org.hibernate.loader.Loader - Result row: EntityKey[edu.ncsu.csc.itrust2.models.persistent.LogEntry#107]
21:21:01.529 [main] DEBUG org.hibernate.loader.Loader - Result set row: 87
21:21:01.529 [main] DEBUG org.hibernate.loader.Loader - Result row: EntityKey[edu.ncsu.csc.itrust2.models.persistent.LogEntry#108]
21:21:01.530 [main] DEBUG org.hibernate.loader.Loader - Result set row: 88
21:21:01.530 [main] DEBUG org.hibernate.loader.Loader - Result row: EntityKey[edu.ncsu.csc.itrust2.models.persistent.LogEntry#109]
21:21:01.530 [main] DEBUG org.hibernate.loader.Loader - Result set row: 89
21:21:01.530 [main] DEBUG org.hibernate.loader.Loader - Result row: EntityKey[edu.ncsu.csc.itrust2.models.persistent.LogEntry#110]
21:21:01.530 [main] DEBUG org.hibernate.loader.Loader - Result set row: 90
21:21:01.530 [main] DEBUG org.hibernate.loader.Loader - Result row: EntityKey[edu.ncsu.csc.itrust2.models.persistent.LogEntry#111]
21:21:01.531 [main] DEBUG org.hibernate.loader.Loader - Result set row: 91
21:21:01.531 [main] DEBUG org.hibernate.loader.Loader - Result row: EntityKey[edu.ncsu.csc.itrust2.models.persistent.LogEntry#112]
21:21:01.531 [main] DEBUG org.hibernate.loader.Loader - Result set row: 92
21:21:01.531 [main] DEBUG org.hibernate.loader.Loader - Result row: EntityKey[edu.ncsu.csc.itrust2.models.persistent.LogEntry#113]
21:21:01.531 [main] DEBUG org.hibernate.loader.Loader - Result set row: 93
21:21:01.531 [main] DEBUG org.hibernate.loader.Loader - Result row: EntityKey[edu.ncsu.csc.itrust2.models.persistent.LogEntry#114]
21:21:01.532 [main] DEBUG org.hibernate.loader.Loader - Result set row: 94
21:21:01.532 [main] DEBUG org.hibernate.loader.Loader - Result row: EntityKey[edu.ncsu.csc.itrust2.models.persistent.LogEntry#115]
21:21:01.533 [main] DEBUG org.hibernate.loader.Loader - Result set row: 95
21:21:01.533 [main] DEBUG org.hibernate.loader.Loader - Result row: EntityKey[edu.ncsu.csc.itrust2.models.persistent.LogEntry#116]
21:21:01.536 [main] DEBUG org.hibernate.loader.Loader - Result set row: 96
21:21:01.536 [main] DEBUG org.hibernate.loader.Loader - Result row: EntityKey[edu.ncsu.csc.itrust2.models.persistent.LogEntry#117]
21:21:01.536 [main] DEBUG org.hibernate.loader.Loader - Result set row: 97
21:21:01.536 [main] DEBUG org.hibernate.loader.Loader - Result row: EntityKey[edu.ncsu.csc.itrust2.models.persistent.LogEntry#118]
21:21:01.536 [main] DEBUG org.hibernate.loader.Loader - Result set row: 98
21:21:01.536 [main] DEBUG org.hibernate.loader.Loader - Result row: EntityKey[edu.ncsu.csc.itrust2.models.persistent.LogEntry#119]
21:21:01.537 [main] DEBUG org.hibernate.loader.Loader - Result set row: 99
21:21:01.537 [main] DEBUG org.hibernate.loader.Loader - Result row: EntityKey[edu.ncsu.csc.itrust2.models.persistent.LogEntry#120]
21:21:01.537 [main] DEBUG org.hibernate.loader.Loader - Result set row: 100
21:21:01.537 [main] DEBUG org.hibernate.loader.Loader - Result row: EntityKey[edu.ncsu.csc.itrust2.models.persistent.LogEntry#121]
21:21:01.537 [main] DEBUG org.hibernate.loader.Loader - Result set row: 101
21:21:01.537 [main] DEBUG org.hibernate.loader.Loader - Result row: EntityKey[edu.ncsu.csc.itrust2.models.persistent.LogEntry#122]
21:21:01.537 [main] DEBUG org.hibernate.loader.Loader - Result set row: 102
21:21:01.537 [main] DEBUG org.hibernate.loader.Loader - Result row: EntityKey[edu.ncsu.csc.itrust2.models.persistent.LogEntry#123]
21:21:01.537 [main] DEBUG org.hibernate.loader.Loader - Result set row: 103
21:21:01.538 [main] DEBUG org.hibernate.loader.Loader - Result row: EntityKey[edu.ncsu.csc.itrust2.models.persistent.LogEntry#124]
21:21:01.538 [main] DEBUG org.hibernate.loader.Loader - Result set row: 104
21:21:01.539 [main] DEBUG org.hibernate.loader.Loader - Result row: EntityKey[edu.ncsu.csc.itrust2.models.persistent.LogEntry#125]
21:21:01.539 [main] DEBUG org.hibernate.loader.Loader - Result set row: 105
21:21:01.540 [main] DEBUG org.hibernate.loader.Loader - Result row: EntityKey[edu.ncsu.csc.itrust2.models.persistent.LogEntry#126]
21:21:01.540 [main] DEBUG org.hibernate.loader.Loader - Result set row: 106
21:21:01.540 [main] DEBUG org.hibernate.loader.Loader - Result row: EntityKey[edu.ncsu.csc.itrust2.models.persistent.LogEntry#127]
21:21:01.546 [main] DEBUG org.hibernate.loader.Loader - Result set row: 107
21:21:01.547 [main] DEBUG org.hibernate.loader.Loader - Result row: EntityKey[edu.ncsu.csc.itrust2.models.persistent.LogEntry#128]
21:21:01.547 [main] DEBUG org.hibernate.loader.Loader - Result set row: 108
21:21:01.547 [main] DEBUG org.hibernate.loader.Loader - Result row: EntityKey[edu.ncsu.csc.itrust2.models.persistent.LogEntry#129]
21:21:01.547 [main] DEBUG org.hibernate.loader.Loader - Result set row: 109
21:21:01.547 [main] DEBUG org.hibernate.loader.Loader - Result row: EntityKey[edu.ncsu.csc.itrust2.models.persistent.LogEntry#130]
21:21:01.548 [main] DEBUG org.hibernate.loader.Loader - Result set row: 110
21:21:01.548 [main] DEBUG org.hibernate.loader.Loader - Result row: EntityKey[edu.ncsu.csc.itrust2.models.persistent.LogEntry#131]
21:21:01.548 [main] DEBUG org.hibernate.loader.Loader - Result set row: 111
21:21:01.548 [main] DEBUG org.hibernate.loader.Loader - Result row: EntityKey[edu.ncsu.csc.itrust2.models.persistent.LogEntry#132]
21:21:01.548 [main] DEBUG org.hibernate.loader.Loader - Result set row: 112
21:21:01.548 [main] DEBUG org.hibernate.loader.Loader - Result row: EntityKey[edu.ncsu.csc.itrust2.models.persistent.LogEntry#133]
21:21:01.548 [main] DEBUG org.hibernate.loader.Loader - Result set row: 113
21:21:01.549 [main] DEBUG org.hibernate.loader.Loader - Result row: EntityKey[edu.ncsu.csc.itrust2.models.persistent.LogEntry#134]
21:21:01.549 [main] DEBUG org.hibernate.loader.Loader - Result set row: 114
21:21:01.549 [main] DEBUG org.hibernate.loader.Loader - Result row: EntityKey[edu.ncsu.csc.itrust2.models.persistent.LogEntry#135]
21:21:01.549 [main] DEBUG org.hibernate.loader.Loader - Result set row: 115
21:21:01.549 [main] DEBUG org.hibernate.loader.Loader - Result row: EntityKey[edu.ncsu.csc.itrust2.models.persistent.LogEntry#136]
21:21:01.556 [main] DEBUG org.hibernate.loader.Loader - Result set row: 116
21:21:01.556 [main] DEBUG org.hibernate.loader.Loader - Result row: EntityKey[edu.ncsu.csc.itrust2.models.persistent.LogEntry#137]
21:21:01.556 [main] DEBUG org.hibernate.loader.Loader - Result set row: 117
21:21:01.557 [main] DEBUG org.hibernate.loader.Loader - Result row: EntityKey[edu.ncsu.csc.itrust2.models.persistent.LogEntry#138]
21:21:01.557 [main] DEBUG org.hibernate.loader.Loader - Result set row: 118
21:21:01.559 [main] DEBUG org.hibernate.loader.Loader - Result row: EntityKey[edu.ncsu.csc.itrust2.models.persistent.LogEntry#139]
21:21:01.559 [main] DEBUG org.hibernate.loader.Loader - Result set row: 119
21:21:01.560 [main] DEBUG org.hibernate.loader.Loader - Result row: EntityKey[edu.ncsu.csc.itrust2.models.persistent.LogEntry#140]
21:21:01.560 [main] DEBUG org.hibernate.loader.Loader - Result set row: 120
21:21:01.560 [main] DEBUG org.hibernate.loader.Loader - Result row: EntityKey[edu.ncsu.csc.itrust2.models.persistent.LogEntry#141]
21:21:01.560 [main] DEBUG org.hibernate.loader.Loader - Result set row: 121
21:21:01.560 [main] DEBUG org.hibernate.loader.Loader - Result row: EntityKey[edu.ncsu.csc.itrust2.models.persistent.LogEntry#142]
21:21:01.560 [main] DEBUG org.hibernate.loader.Loader - Result set row: 122
21:21:01.560 [main] DEBUG org.hibernate.loader.Loader - Result row: EntityKey[edu.ncsu.csc.itrust2.models.persistent.LogEntry#143]
21:21:01.560 [main] DEBUG org.hibernate.loader.Loader - Result set row: 123
21:21:01.561 [main] DEBUG org.hibernate.loader.Loader - Result row: EntityKey[edu.ncsu.csc.itrust2.models.persistent.LogEntry#144]
21:21:01.561 [main] DEBUG org.hibernate.loader.Loader - Result set row: 124
21:21:01.561 [main] DEBUG org.hibernate.loader.Loader - Result row: EntityKey[edu.ncsu.csc.itrust2.models.persistent.LogEntry#145]
21:21:01.561 [main] DEBUG org.hibernate.loader.Loader - Result set row: 125
21:21:01.561 [main] DEBUG org.hibernate.loader.Loader - Result row: EntityKey[edu.ncsu.csc.itrust2.models.persistent.LogEntry#146]
21:21:01.561 [main] DEBUG org.hibernate.loader.Loader - Result set row: 126
21:21:01.561 [main] DEBUG org.hibernate.loader.Loader - Result row: EntityKey[edu.ncsu.csc.itrust2.models.persistent.LogEntry#147]
21:21:01.561 [main] DEBUG org.hibernate.loader.Loader - Result set row: 127
21:21:01.562 [main] DEBUG org.hibernate.loader.Loader - Result row: EntityKey[edu.ncsu.csc.itrust2.models.persistent.LogEntry#148]
21:21:01.562 [main] DEBUG org.hibernate.loader.Loader - Result set row: 128
21:21:01.562 [main] DEBUG org.hibernate.loader.Loader - Result row: EntityKey[edu.ncsu.csc.itrust2.models.persistent.LogEntry#149]
21:21:01.563 [main] DEBUG org.hibernate.loader.Loader - Result set row: 129
21:21:01.563 [main] DEBUG org.hibernate.loader.Loader - Result row: EntityKey[edu.ncsu.csc.itrust2.models.persistent.LogEntry#150]
21:21:01.563 [main] DEBUG org.hibernate.loader.Loader - Result set row: 130
21:21:01.563 [main] DEBUG org.hibernate.loader.Loader - Result row: EntityKey[edu.ncsu.csc.itrust2.models.persistent.LogEntry#151]
21:21:01.563 [main] DEBUG org.hibernate.loader.Loader - Result set row: 131
21:21:01.563 [main] DEBUG org.hibernate.loader.Loader - Result row: EntityKey[edu.ncsu.csc.itrust2.models.persistent.LogEntry#152]
21:21:01.564 [main] DEBUG org.hibernate.loader.Loader - Result set row: 132
21:21:01.564 [main] DEBUG org.hibernate.loader.Loader - Result row: EntityKey[edu.ncsu.csc.itrust2.models.persistent.LogEntry#153]
21:21:01.564 [main] DEBUG org.hibernate.loader.Loader - Result set row: 133
21:21:01.564 [main] DEBUG org.hibernate.loader.Loader - Result row: EntityKey[edu.ncsu.csc.itrust2.models.persistent.LogEntry#154]
21:21:01.564 [main] DEBUG org.hibernate.loader.Loader - Result set row: 134
21:21:01.565 [main] DEBUG org.hibernate.loader.Loader - Result row: EntityKey[edu.ncsu.csc.itrust2.models.persistent.LogEntry#155]
21:21:01.565 [main] DEBUG org.hibernate.loader.Loader - Result set row: 135
21:21:01.566 [main] DEBUG org.hibernate.loader.Loader - Result row: EntityKey[edu.ncsu.csc.itrust2.models.persistent.LogEntry#156]
21:21:01.574 [main] DEBUG org.hibernate.loader.Loader - Result set row: 136
21:21:01.574 [main] DEBUG org.hibernate.loader.Loader - Result row: EntityKey[edu.ncsu.csc.itrust2.models.persistent.LogEntry#157]
21:21:01.574 [main] DEBUG org.hibernate.loader.Loader - Result set row: 137
21:21:01.574 [main] DEBUG org.hibernate.loader.Loader - Result row: EntityKey[edu.ncsu.csc.itrust2.models.persistent.LogEntry#158]
21:21:01.574 [main] DEBUG org.hibernate.loader.Loader - Result set row: 138
21:21:01.574 [main] DEBUG org.hibernate.loader.Loader - Result row: EntityKey[edu.ncsu.csc.itrust2.models.persistent.LogEntry#159]
21:21:01.575 [main] DEBUG org.hibernate.loader.Loader - Result set row: 139
21:21:01.575 [main] DEBUG org.hibernate.loader.Loader - Result row: EntityKey[edu.ncsu.csc.itrust2.models.persistent.LogEntry#160]
21:21:01.575 [main] DEBUG org.hibernate.loader.Loader - Result set row: 140
21:21:01.575 [main] DEBUG org.hibernate.loader.Loader - Result row: EntityKey[edu.ncsu.csc.itrust2.models.persistent.LogEntry#161]
21:21:01.575 [main] DEBUG org.hibernate.loader.Loader - Result set row: 141
21:21:01.575 [main] DEBUG org.hibernate.loader.Loader - Result row: EntityKey[edu.ncsu.csc.itrust2.models.persistent.LogEntry#162]
21:21:01.575 [main] DEBUG org.hibernate.loader.Loader - Result set row: 142
21:21:01.575 [main] DEBUG org.hibernate.loader.Loader - Result row: EntityKey[edu.ncsu.csc.itrust2.models.persistent.LogEntry#163]
21:21:01.576 [main] DEBUG org.hibernate.loader.Loader - Result set row: 143
21:21:01.576 [main] DEBUG org.hibernate.loader.Loader - Result row: EntityKey[edu.ncsu.csc.itrust2.models.persistent.LogEntry#164]
21:21:01.576 [main] DEBUG org.hibernate.loader.Loader - Result set row: 144
21:21:01.576 [main] DEBUG org.hibernate.loader.Loader - Result row: EntityKey[edu.ncsu.csc.itrust2.models.persistent.LogEntry#165]
21:21:01.576 [main] DEBUG org.hibernate.loader.Loader - Result set row: 145
21:21:01.576 [main] DEBUG org.hibernate.loader.Loader - Result row: EntityKey[edu.ncsu.csc.itrust2.models.persistent.LogEntry#166]
21:21:01.577 [main] DEBUG org.hibernate.loader.Loader - Result set row: 146
21:21:01.577 [main] DEBUG org.hibernate.loader.Loader - Result row: EntityKey[edu.ncsu.csc.itrust2.models.persistent.LogEntry#167]
21:21:01.578 [main] DEBUG org.hibernate.loader.Loader - Result set row: 147
21:21:01.578 [main] DEBUG org.hibernate.loader.Loader - Result row: EntityKey[edu.ncsu.csc.itrust2.models.persistent.LogEntry#168]
21:21:01.578 [main] DEBUG org.hibernate.loader.Loader - Result set row: 148
21:21:01.578 [main] DEBUG org.hibernate.loader.Loader - Result row: EntityKey[edu.ncsu.csc.itrust2.models.persistent.LogEntry#169]
21:21:01.578 [main] DEBUG org.hibernate.loader.Loader - Result set row: 149
21:21:01.578 [main] DEBUG org.hibernate.loader.Loader - Result row: EntityKey[edu.ncsu.csc.itrust2.models.persistent.LogEntry#170]
21:21:01.578 [main] DEBUG org.hibernate.loader.Loader - Result set row: 150
21:21:01.579 [main] DEBUG org.hibernate.loader.Loader - Result row: EntityKey[edu.ncsu.csc.itrust2.models.persistent.LogEntry#171]
21:21:01.579 [main] DEBUG org.hibernate.loader.Loader - Result set row: 151
21:21:01.579 [main] DEBUG org.hibernate.loader.Loader - Result row: EntityKey[edu.ncsu.csc.itrust2.models.persistent.LogEntry#172]
21:21:01.579 [main] DEBUG org.hibernate.loader.Loader - Result set row: 152
21:21:01.579 [main] DEBUG org.hibernate.loader.Loader - Result row: EntityKey[edu.ncsu.csc.itrust2.models.persistent.LogEntry#173]
21:21:01.579 [main] DEBUG org.hibernate.loader.Loader - Result set row: 153
21:21:01.579 [main] DEBUG org.hibernate.loader.Loader - Result row: EntityKey[edu.ncsu.csc.itrust2.models.persistent.LogEntry#174]
21:21:01.580 [main] DEBUG org.hibernate.loader.Loader - Result set row: 154
21:21:01.580 [main] DEBUG org.hibernate.loader.Loader - Result row: EntityKey[edu.ncsu.csc.itrust2.models.persistent.LogEntry#175]
21:21:01.580 [main] DEBUG org.hibernate.loader.Loader - Result set row: 155
21:21:01.580 [main] DEBUG org.hibernate.loader.Loader - Result row: EntityKey[edu.ncsu.csc.itrust2.models.persistent.LogEntry#176]
21:21:01.581 [main] DEBUG org.hibernate.loader.Loader - Result set row: 156
21:21:01.581 [main] DEBUG org.hibernate.loader.Loader - Result row: EntityKey[edu.ncsu.csc.itrust2.models.persistent.LogEntry#177]
21:21:01.581 [main] DEBUG org.hibernate.loader.Loader - Result set row: 157
21:21:01.581 [main] DEBUG org.hibernate.loader.Loader - Result row: EntityKey[edu.ncsu.csc.itrust2.models.persistent.LogEntry#178]
21:21:01.582 [main] DEBUG org.hibernate.loader.Loader - Result set row: 158
21:21:01.582 [main] DEBUG org.hibernate.loader.Loader - Result row: EntityKey[edu.ncsu.csc.itrust2.models.persistent.LogEntry#179]
21:21:01.586 [main] DEBUG org.hibernate.loader.Loader - Result set row: 159
21:21:01.590 [main] DEBUG org.hibernate.loader.Loader - Result row: EntityKey[edu.ncsu.csc.itrust2.models.persistent.LogEntry#180]
21:21:01.591 [main] DEBUG org.hibernate.loader.Loader - Result set row: 160
21:21:01.591 [main] DEBUG org.hibernate.loader.Loader - Result row: EntityKey[edu.ncsu.csc.itrust2.models.persistent.LogEntry#181]
21:21:01.591 [main] DEBUG org.hibernate.loader.Loader - Result set row: 161
21:21:01.591 [main] DEBUG org.hibernate.loader.Loader - Result row: EntityKey[edu.ncsu.csc.itrust2.models.persistent.LogEntry#182]
21:21:01.591 [main] DEBUG org.hibernate.loader.Loader - Result set row: 162
21:21:01.591 [main] DEBUG org.hibernate.loader.Loader - Result row: EntityKey[edu.ncsu.csc.itrust2.models.persistent.LogEntry#183]
21:21:01.591 [main] DEBUG org.hibernate.loader.Loader - Result set row: 163
21:21:01.592 [main] DEBUG org.hibernate.loader.Loader - Result row: EntityKey[edu.ncsu.csc.itrust2.models.persistent.LogEntry#184]
21:21:01.592 [main] DEBUG org.hibernate.loader.Loader - Result set row: 164
21:21:01.592 [main] DEBUG org.hibernate.loader.Loader - Result row: EntityKey[edu.ncsu.csc.itrust2.models.persistent.LogEntry#185]
21:21:01.592 [main] DEBUG org.hibernate.loader.Loader - Result set row: 165
21:21:01.592 [main] DEBUG org.hibernate.loader.Loader - Result row: EntityKey[edu.ncsu.csc.itrust2.models.persistent.LogEntry#186]
21:21:01.592 [main] DEBUG org.hibernate.loader.Loader - Result set row: 166
21:21:01.592 [main] DEBUG org.hibernate.loader.Loader - Result row: EntityKey[edu.ncsu.csc.itrust2.models.persistent.LogEntry#187]
21:21:01.592 [main] DEBUG org.hibernate.loader.Loader - Result set row: 167
21:21:01.592 [main] DEBUG org.hibernate.loader.Loader - Result row: EntityKey[edu.ncsu.csc.itrust2.models.persistent.LogEntry#188]
21:21:01.593 [main] DEBUG org.hibernate.loader.Loader - Result set row: 168
21:21:01.593 [main] DEBUG org.hibernate.loader.Loader - Result row: EntityKey[edu.ncsu.csc.itrust2.models.persistent.LogEntry#189]
21:21:01.593 [main] DEBUG org.hibernate.loader.Loader - Result set row: 169
21:21:01.593 [main] DEBUG org.hibernate.loader.Loader - Result row: EntityKey[edu.ncsu.csc.itrust2.models.persistent.LogEntry#190]
21:21:01.593 [main] DEBUG org.hibernate.loader.Loader - Result set row: 170
21:21:01.593 [main] DEBUG org.hibernate.loader.Loader - Result row: EntityKey[edu.ncsu.csc.itrust2.models.persistent.LogEntry#191]
21:21:01.593 [main] DEBUG org.hibernate.loader.Loader - Result set row: 171
21:21:01.593 [main] DEBUG org.hibernate.loader.Loader - Result row: EntityKey[edu.ncsu.csc.itrust2.models.persistent.LogEntry#192]
21:21:01.594 [main] DEBUG org.hibernate.loader.Loader - Result set row: 172
21:21:01.594 [main] DEBUG org.hibernate.loader.Loader - Result row: EntityKey[edu.ncsu.csc.itrust2.models.persistent.LogEntry#193]
21:21:01.594 [main] DEBUG org.hibernate.loader.Loader - Result set row: 173
21:21:01.594 [main] DEBUG org.hibernate.loader.Loader - Result row: EntityKey[edu.ncsu.csc.itrust2.models.persistent.LogEntry#194]
21:21:01.594 [main] DEBUG org.hibernate.loader.Loader - Result set row: 174
21:21:01.594 [main] DEBUG org.hibernate.loader.Loader - Result row: EntityKey[edu.ncsu.csc.itrust2.models.persistent.LogEntry#195]
21:21:01.594 [main] DEBUG org.hibernate.loader.Loader - Result set row: 175
21:21:01.602 [main] DEBUG org.hibernate.loader.Loader - Result row: EntityKey[edu.ncsu.csc.itrust2.models.persistent.LogEntry#196]
21:21:01.602 [main] DEBUG org.hibernate.loader.Loader - Result set row: 176
21:21:01.602 [main] DEBUG org.hibernate.loader.Loader - Result row: EntityKey[edu.ncsu.csc.itrust2.models.persistent.LogEntry#197]
21:21:01.603 [main] DEBUG org.hibernate.loader.Loader - Result set row: 177
21:21:01.603 [main] DEBUG org.hibernate.loader.Loader - Result row: EntityKey[edu.ncsu.csc.itrust2.models.persistent.LogEntry#198]
21:21:01.603 [main] DEBUG org.hibernate.loader.Loader - Result set row: 178
21:21:01.603 [main] DEBUG org.hibernate.loader.Loader - Result row: EntityKey[edu.ncsu.csc.itrust2.models.persistent.LogEntry#199]
21:21:01.603 [main] DEBUG org.hibernate.loader.Loader - Result set row: 179
21:21:01.604 [main] DEBUG org.hibernate.loader.Loader - Result row: EntityKey[edu.ncsu.csc.itrust2.models.persistent.LogEntry#200]
21:21:01.604 [main] DEBUG org.hibernate.loader.Loader - Result set row: 180
21:21:01.604 [main] DEBUG org.hibernate.loader.Loader - Result row: EntityKey[edu.ncsu.csc.itrust2.models.persistent.LogEntry#201]
21:21:01.604 [main] DEBUG org.hibernate.loader.Loader - Result set row: 181
21:21:01.604 [main] DEBUG org.hibernate.loader.Loader - Result row: EntityKey[edu.ncsu.csc.itrust2.models.persistent.LogEntry#202]
21:21:01.605 [main] DEBUG org.hibernate.loader.Loader - Result set row: 182
21:21:01.605 [main] DEBUG org.hibernate.loader.Loader - Result row: EntityKey[edu.ncsu.csc.itrust2.models.persistent.LogEntry#203]
21:21:01.605 [main] DEBUG org.hibernate.loader.Loader - Result set row: 183
21:21:01.605 [main] DEBUG org.hibernate.loader.Loader - Result row: EntityKey[edu.ncsu.csc.itrust2.models.persistent.LogEntry#204]
21:21:01.605 [main] DEBUG org.hibernate.loader.Loader - Result set row: 184
21:21:01.605 [main] DEBUG org.hibernate.loader.Loader - Result row: EntityKey[edu.ncsu.csc.itrust2.models.persistent.LogEntry#205]
21:21:01.606 [main] DEBUG org.hibernate.loader.Loader - Result set row: 185
21:21:01.606 [main] DEBUG org.hibernate.loader.Loader - Result row: EntityKey[edu.ncsu.csc.itrust2.models.persistent.LogEntry#206]
21:21:01.606 [main] DEBUG org.hibernate.loader.Loader - Result set row: 186
21:21:01.606 [main] DEBUG org.hibernate.loader.Loader - Result row: EntityKey[edu.ncsu.csc.itrust2.models.persistent.LogEntry#207]
21:21:01.606 [main] DEBUG org.hibernate.loader.Loader - Result set row: 187
21:21:01.607 [main] DEBUG org.hibernate.loader.Loader - Result row: EntityKey[edu.ncsu.csc.itrust2.models.persistent.LogEntry#208]
21:21:01.607 [main] DEBUG org.hibernate.loader.Loader - Result set row: 188
21:21:01.607 [main] DEBUG org.hibernate.loader.Loader - Result row: EntityKey[edu.ncsu.csc.itrust2.models.persistent.LogEntry#209]
21:21:01.607 [main] DEBUG org.hibernate.loader.Loader - Result set row: 189
21:21:01.607 [main] DEBUG org.hibernate.loader.Loader - Result row: EntityKey[edu.ncsu.csc.itrust2.models.persistent.LogEntry#210]
21:21:01.607 [main] DEBUG org.hibernate.loader.Loader - Result set row: 190
21:21:01.608 [main] DEBUG org.hibernate.loader.Loader - Result row: EntityKey[edu.ncsu.csc.itrust2.models.persistent.LogEntry#211]
21:21:01.608 [main] DEBUG org.hibernate.loader.Loader - Result set row: 191
21:21:01.608 [main] DEBUG org.hibernate.loader.Loader - Result row: EntityKey[edu.ncsu.csc.itrust2.models.persistent.LogEntry#212]
21:21:01.608 [main] DEBUG org.hibernate.loader.Loader - Result set row: 192
21:21:01.608 [main] DEBUG org.hibernate.loader.Loader - Result row: EntityKey[edu.ncsu.csc.itrust2.models.persistent.LogEntry#213]
21:21:01.608 [main] DEBUG org.hibernate.loader.Loader - Result set row: 193
21:21:01.608 [main] DEBUG org.hibernate.loader.Loader - Result row: EntityKey[edu.ncsu.csc.itrust2.models.persistent.LogEntry#214]
21:21:01.609 [main] DEBUG org.hibernate.loader.Loader - Result set row: 194
21:21:01.609 [main] DEBUG org.hibernate.loader.Loader - Result row: EntityKey[edu.ncsu.csc.itrust2.models.persistent.LogEntry#215]
21:21:01.609 [main] DEBUG org.hibernate.loader.Loader - Result set row: 195
21:21:01.609 [main] DEBUG org.hibernate.loader.Loader - Result row: EntityKey[edu.ncsu.csc.itrust2.models.persistent.LogEntry#216]
21:21:01.609 [main] DEBUG org.hibernate.loader.Loader - Result set row: 196
21:21:01.609 [main] DEBUG org.hibernate.loader.Loader - Result row: EntityKey[edu.ncsu.csc.itrust2.models.persistent.LogEntry#217]
21:21:01.610 [main] DEBUG org.hibernate.loader.Loader - Result set row: 197
21:21:01.610 [main] DEBUG org.hibernate.loader.Loader - Result row: EntityKey[edu.ncsu.csc.itrust2.models.persistent.LogEntry#218]
21:21:01.610 [main] DEBUG org.hibernate.loader.Loader - Result set row: 198
21:21:01.610 [main] DEBUG org.hibernate.loader.Loader - Result row: EntityKey[edu.ncsu.csc.itrust2.models.persistent.LogEntry#219]
21:21:01.611 [main] DEBUG org.hibernate.loader.Loader - Result set row: 199
21:21:01.611 [main] DEBUG org.hibernate.loader.Loader - Result row: EntityKey[edu.ncsu.csc.itrust2.models.persistent.LogEntry#220]
21:21:01.611 [main] DEBUG org.hibernate.loader.Loader - Result set row: 200
21:21:01.611 [main] DEBUG org.hibernate.loader.Loader - Result row: EntityKey[edu.ncsu.csc.itrust2.models.persistent.LogEntry#221]
21:21:01.611 [main] DEBUG org.hibernate.loader.Loader - Result set row: 201
21:21:01.611 [main] DEBUG org.hibernate.loader.Loader - Result row: EntityKey[edu.ncsu.csc.itrust2.models.persistent.LogEntry#222]
21:21:01.612 [main] DEBUG org.hibernate.loader.Loader - Result set row: 202
21:21:01.612 [main] DEBUG org.hibernate.loader.Loader - Result row: EntityKey[edu.ncsu.csc.itrust2.models.persistent.LogEntry#223]
21:21:01.620 [main] DEBUG org.hibernate.loader.Loader - Result set row: 203
21:21:01.620 [main] DEBUG org.hibernate.loader.Loader - Result row: EntityKey[edu.ncsu.csc.itrust2.models.persistent.LogEntry#224]
21:21:01.620 [main] DEBUG org.hibernate.loader.Loader - Result set row: 204
21:21:01.620 [main] DEBUG org.hibernate.loader.Loader - Result row: EntityKey[edu.ncsu.csc.itrust2.models.persistent.LogEntry#225]
21:21:01.621 [main] DEBUG org.hibernate.loader.Loader - Result set row: 205
21:21:01.621 [main] DEBUG org.hibernate.loader.Loader - Result row: EntityKey[edu.ncsu.csc.itrust2.models.persistent.LogEntry#226]
21:21:01.621 [main] DEBUG org.hibernate.loader.Loader - Result set row: 206
21:21:01.621 [main] DEBUG org.hibernate.loader.Loader - Result row: EntityKey[edu.ncsu.csc.itrust2.models.persistent.LogEntry#227]
21:21:01.621 [main] DEBUG org.hibernate.loader.Loader - Result set row: 207
21:21:01.621 [main] DEBUG org.hibernate.loader.Loader - Result row: EntityKey[edu.ncsu.csc.itrust2.models.persistent.LogEntry#228]
21:21:01.621 [main] DEBUG org.hibernate.loader.Loader - Result set row: 208
21:21:01.621 [main] DEBUG org.hibernate.loader.Loader - Result row: EntityKey[edu.ncsu.csc.itrust2.models.persistent.LogEntry#229]
21:21:01.622 [main] DEBUG org.hibernate.loader.Loader - Result set row: 209
21:21:01.622 [main] DEBUG org.hibernate.loader.Loader - Result row: EntityKey[edu.ncsu.csc.itrust2.models.persistent.LogEntry#230]
21:21:01.622 [main] DEBUG org.hibernate.loader.Loader - Result set row: 210
21:21:01.622 [main] DEBUG org.hibernate.loader.Loader - Result row: EntityKey[edu.ncsu.csc.itrust2.models.persistent.LogEntry#231]
21:21:01.622 [main] DEBUG org.hibernate.loader.Loader - Result set row: 211
21:21:01.622 [main] DEBUG org.hibernate.loader.Loader - Result row: EntityKey[edu.ncsu.csc.itrust2.models.persistent.LogEntry#232]
21:21:01.622 [main] DEBUG org.hibernate.loader.Loader - Result set row: 212
21:21:01.623 [main] DEBUG org.hibernate.loader.Loader - Result row: EntityKey[edu.ncsu.csc.itrust2.models.persistent.LogEntry#233]
21:21:01.623 [main] DEBUG org.hibernate.loader.Loader - Result set row: 213
21:21:01.623 [main] DEBUG org.hibernate.loader.Loader - Result row: EntityKey[edu.ncsu.csc.itrust2.models.persistent.LogEntry#234]
21:21:01.623 [main] DEBUG org.hibernate.loader.Loader - Result set row: 214
21:21:01.623 [main] DEBUG org.hibernate.loader.Loader - Result row: EntityKey[edu.ncsu.csc.itrust2.models.persistent.LogEntry#235]
21:21:01.623 [main] DEBUG org.hibernate.loader.Loader - Result set row: 215
21:21:01.624 [main] DEBUG org.hibernate.loader.Loader - Result row: EntityKey[edu.ncsu.csc.itrust2.models.persistent.LogEntry#236]
21:21:01.624 [main] DEBUG org.hibernate.loader.Loader - Result set row: 216
21:21:01.625 [main] DEBUG org.hibernate.loader.Loader - Result row: EntityKey[edu.ncsu.csc.itrust2.models.persistent.LogEntry#237]
21:21:01.625 [main] DEBUG org.hibernate.loader.Loader - Result set row: 217
21:21:01.625 [main] DEBUG org.hibernate.loader.Loader - Result row: EntityKey[edu.ncsu.csc.itrust2.models.persistent.LogEntry#238]
21:21:01.625 [main] DEBUG org.hibernate.loader.Loader - Result set row: 218
21:21:01.625 [main] DEBUG org.hibernate.loader.Loader - Result row: EntityKey[edu.ncsu.csc.itrust2.models.persistent.LogEntry#239]
21:21:01.625 [main] DEBUG org.hibernate.loader.Loader - Result set row: 219
21:21:01.625 [main] DEBUG org.hibernate.loader.Loader - Result row: EntityKey[edu.ncsu.csc.itrust2.models.persistent.LogEntry#240]
21:21:01.626 [main] DEBUG org.hibernate.loader.Loader - Result set row: 220
21:21:01.626 [main] DEBUG org.hibernate.loader.Loader - Result row: EntityKey[edu.ncsu.csc.itrust2.models.persistent.LogEntry#241]
21:21:01.626 [main] DEBUG org.hibernate.loader.Loader - Result set row: 221
21:21:01.626 [main] DEBUG org.hibernate.loader.Loader - Result row: EntityKey[edu.ncsu.csc.itrust2.models.persistent.LogEntry#242]
21:21:01.626 [main] DEBUG org.hibernate.loader.Loader - Result set row: 222
21:21:01.626 [main] DEBUG org.hibernate.loader.Loader - Result row: EntityKey[edu.ncsu.csc.itrust2.models.persistent.LogEntry#243]
21:21:01.626 [main] DEBUG org.hibernate.loader.Loader - Result set row: 223
21:21:01.626 [main] DEBUG org.hibernate.loader.Loader - Result row: EntityKey[edu.ncsu.csc.itrust2.models.persistent.LogEntry#244]
21:21:01.627 [main] DEBUG org.hibernate.loader.Loader - Result set row: 224
21:21:01.627 [main] DEBUG org.hibernate.loader.Loader - Result row: EntityKey[edu.ncsu.csc.itrust2.models.persistent.LogEntry#245]
21:21:01.627 [main] DEBUG org.hibernate.loader.Loader - Result set row: 225
21:21:01.627 [main] DEBUG org.hibernate.loader.Loader - Result row: EntityKey[edu.ncsu.csc.itrust2.models.persistent.LogEntry#246]
21:21:01.627 [main] DEBUG org.hibernate.loader.Loader - Result set row: 226
21:21:01.627 [main] DEBUG org.hibernate.loader.Loader - Result row: EntityKey[edu.ncsu.csc.itrust2.models.persistent.LogEntry#247]
21:21:01.627 [main] DEBUG org.hibernate.loader.Loader - Result set row: 227
21:21:01.627 [main] DEBUG org.hibernate.loader.Loader - Result row: EntityKey[edu.ncsu.csc.itrust2.models.persistent.LogEntry#248]
21:21:01.627 [main] DEBUG org.hibernate.loader.Loader - Result set row: 228
21:21:01.628 [main] DEBUG org.hibernate.loader.Loader - Result row: EntityKey[edu.ncsu.csc.itrust2.models.persistent.LogEntry#249]
21:21:01.628 [main] DEBUG org.hibernate.loader.Loader - Result set row: 229
21:21:01.628 [main] DEBUG org.hibernate.loader.Loader - Result row: EntityKey[edu.ncsu.csc.itrust2.models.persistent.LogEntry#250]
21:21:01.628 [main] DEBUG org.hibernate.loader.Loader - Result set row: 230
21:21:01.628 [main] DEBUG org.hibernate.loader.Loader - Result row: EntityKey[edu.ncsu.csc.itrust2.models.persistent.LogEntry#251]
21:21:01.629 [main] DEBUG org.hibernate.loader.Loader - Result set row: 231
21:21:01.629 [main] DEBUG org.hibernate.loader.Loader - Result row: EntityKey[edu.ncsu.csc.itrust2.models.persistent.LogEntry#252]
21:21:01.629 [main] DEBUG org.hibernate.loader.Loader - Result set row: 232
21:21:01.630 [main] DEBUG org.hibernate.loader.Loader - Result row: EntityKey[edu.ncsu.csc.itrust2.models.persistent.LogEntry#253]
21:21:01.631 [main] DEBUG org.hibernate.loader.Loader - Result set row: 233
21:21:01.632 [main] DEBUG org.hibernate.loader.Loader - Result row: EntityKey[edu.ncsu.csc.itrust2.models.persistent.LogEntry#254]
21:21:01.632 [main] DEBUG org.hibernate.loader.Loader - Result set row: 234
21:21:01.632 [main] DEBUG org.hibernate.loader.Loader - Result row: EntityKey[edu.ncsu.csc.itrust2.models.persistent.LogEntry#255]
21:21:01.632 [main] DEBUG org.hibernate.loader.Loader - Result set row: 235
21:21:01.632 [main] DEBUG org.hibernate.loader.Loader - Result row: EntityKey[edu.ncsu.csc.itrust2.models.persistent.LogEntry#256]
21:21:01.632 [main] DEBUG org.hibernate.loader.Loader - Result set row: 236
21:21:01.632 [main] DEBUG org.hibernate.loader.Loader - Result row: EntityKey[edu.ncsu.csc.itrust2.models.persistent.LogEntry#257]
21:21:01.633 [main] DEBUG org.hibernate.loader.Loader - Result set row: 237
21:21:01.633 [main] DEBUG org.hibernate.loader.Loader - Result row: EntityKey[edu.ncsu.csc.itrust2.models.persistent.LogEntry#258]
21:21:01.633 [main] DEBUG org.hibernate.loader.Loader - Result set row: 238
21:21:01.633 [main] DEBUG org.hibernate.loader.Loader - Result row: EntityKey[edu.ncsu.csc.itrust2.models.persistent.LogEntry#259]
21:21:01.633 [main] DEBUG org.hibernate.loader.Loader - Result set row: 239
21:21:01.633 [main] DEBUG org.hibernate.loader.Loader - Result row: EntityKey[edu.ncsu.csc.itrust2.models.persistent.LogEntry#260]
21:21:01.633 [main] DEBUG org.hibernate.loader.Loader - Result set row: 240
21:21:01.633 [main] DEBUG org.hibernate.loader.Loader - Result row: EntityKey[edu.ncsu.csc.itrust2.models.persistent.LogEntry#261]
21:21:01.634 [main] DEBUG org.hibernate.loader.Loader - Result set row: 241
21:21:01.634 [main] DEBUG org.hibernate.loader.Loader - Result row: EntityKey[edu.ncsu.csc.itrust2.models.persistent.LogEntry#262]
21:21:01.634 [main] DEBUG org.hibernate.loader.Loader - Result set row: 242
21:21:01.634 [main] DEBUG org.hibernate.loader.Loader - Result row: EntityKey[edu.ncsu.csc.itrust2.models.persistent.LogEntry#263]
21:21:01.634 [main] DEBUG org.hibernate.loader.Loader - Result set row: 243
21:21:01.636 [main] DEBUG org.hibernate.loader.Loader - Result row: EntityKey[edu.ncsu.csc.itrust2.models.persistent.LogEntry#264]
21:21:01.637 [main] DEBUG org.hibernate.loader.Loader - Result set row: 244
21:21:01.637 [main] DEBUG org.hibernate.loader.Loader - Result row: EntityKey[edu.ncsu.csc.itrust2.models.persistent.LogEntry#265]
21:21:01.638 [main] DEBUG org.hibernate.loader.Loader - Result set row: 245
21:21:01.638 [main] DEBUG org.hibernate.loader.Loader - Result row: EntityKey[edu.ncsu.csc.itrust2.models.persistent.LogEntry#266]
21:21:01.638 [main] DEBUG org.hibernate.loader.Loader - Result set row: 246
21:21:01.638 [main] DEBUG org.hibernate.loader.Loader - Result row: EntityKey[edu.ncsu.csc.itrust2.models.persistent.LogEntry#267]
21:21:01.638 [main] DEBUG org.hibernate.loader.Loader - Result set row: 247
21:21:01.638 [main] DEBUG org.hibernate.loader.Loader - Result row: EntityKey[edu.ncsu.csc.itrust2.models.persistent.LogEntry#268]
21:21:01.640 [main] DEBUG org.hibernate.loader.Loader - Result set row: 248
21:21:01.640 [main] DEBUG org.hibernate.loader.Loader - Result row: EntityKey[edu.ncsu.csc.itrust2.models.persistent.LogEntry#269]
21:21:01.640 [main] DEBUG org.hibernate.loader.Loader - Result set row: 249
21:21:01.641 [main] DEBUG org.hibernate.loader.Loader - Result row: EntityKey[edu.ncsu.csc.itrust2.models.persistent.LogEntry#270]
21:21:01.642 [main] DEBUG org.hibernate.loader.Loader - Result set row: 250
21:21:01.642 [main] DEBUG org.hibernate.loader.Loader - Result row: EntityKey[edu.ncsu.csc.itrust2.models.persistent.LogEntry#271]
21:21:01.643 [main] DEBUG org.hibernate.loader.Loader - Result set row: 251
21:21:01.643 [main] DEBUG org.hibernate.loader.Loader - Result row: EntityKey[edu.ncsu.csc.itrust2.models.persistent.LogEntry#272]
21:21:01.643 [main] DEBUG org.hibernate.loader.Loader - Result set row: 252
21:21:01.643 [main] DEBUG org.hibernate.loader.Loader - Result row: EntityKey[edu.ncsu.csc.itrust2.models.persistent.LogEntry#273]
21:21:01.643 [main] DEBUG org.hibernate.loader.Loader - Result set row: 253
21:21:01.644 [main] DEBUG org.hibernate.loader.Loader - Result row: EntityKey[edu.ncsu.csc.itrust2.models.persistent.LogEntry#274]
21:21:01.644 [main] DEBUG org.hibernate.loader.Loader - Result set row: 254
21:21:01.644 [main] DEBUG org.hibernate.loader.Loader - Result row: EntityKey[edu.ncsu.csc.itrust2.models.persistent.LogEntry#275]
21:21:01.645 [main] DEBUG org.hibernate.loader.Loader - Result set row: 255
21:21:01.645 [main] DEBUG org.hibernate.loader.Loader - Result row: EntityKey[edu.ncsu.csc.itrust2.models.persistent.LogEntry#276]
21:21:01.650 [main] DEBUG org.hibernate.loader.Loader - Result set row: 256
21:21:01.651 [main] DEBUG org.hibernate.loader.Loader - Result row: EntityKey[edu.ncsu.csc.itrust2.models.persistent.LogEntry#277]
21:21:01.652 [main] DEBUG org.hibernate.loader.Loader - Result set row: 257
21:21:01.652 [main] DEBUG org.hibernate.loader.Loader - Result row: EntityKey[edu.ncsu.csc.itrust2.models.persistent.LogEntry#278]
21:21:01.652 [main] DEBUG org.hibernate.loader.Loader - Result set row: 258
21:21:01.652 [main] DEBUG org.hibernate.loader.Loader - Result row: EntityKey[edu.ncsu.csc.itrust2.models.persistent.LogEntry#279]
21:21:01.652 [main] DEBUG org.hibernate.loader.Loader - Result set row: 259
21:21:01.653 [main] DEBUG org.hibernate.loader.Loader - Result row: EntityKey[edu.ncsu.csc.itrust2.models.persistent.LogEntry#280]
21:21:01.653 [main] DEBUG org.hibernate.loader.Loader - Result set row: 260
21:21:01.653 [main] DEBUG org.hibernate.loader.Loader - Result row: EntityKey[edu.ncsu.csc.itrust2.models.persistent.LogEntry#281]
21:21:01.653 [main] DEBUG org.hibernate.loader.Loader - Result set row: 261
21:21:01.653 [main] DEBUG org.hibernate.loader.Loader - Result row: EntityKey[edu.ncsu.csc.itrust2.models.persistent.LogEntry#282]
21:21:01.653 [main] DEBUG org.hibernate.loader.Loader - Result set row: 262
21:21:01.653 [main] DEBUG org.hibernate.loader.Loader - Result row: EntityKey[edu.ncsu.csc.itrust2.models.persistent.LogEntry#283]
21:21:01.654 [main] DEBUG org.hibernate.loader.Loader - Result set row: 263
21:21:01.654 [main] DEBUG org.hibernate.loader.Loader - Result row: EntityKey[edu.ncsu.csc.itrust2.models.persistent.LogEntry#284]
21:21:01.654 [main] DEBUG org.hibernate.loader.Loader - Result set row: 264
21:21:01.654 [main] DEBUG org.hibernate.loader.Loader - Result row: EntityKey[edu.ncsu.csc.itrust2.models.persistent.LogEntry#285]
21:21:01.654 [main] DEBUG org.hibernate.loader.Loader - Result set row: 265
21:21:01.654 [main] DEBUG org.hibernate.loader.Loader - Result row: EntityKey[edu.ncsu.csc.itrust2.models.persistent.LogEntry#286]
21:21:01.655 [main] DEBUG org.hibernate.loader.Loader - Result set row: 266
21:21:01.655 [main] DEBUG org.hibernate.loader.Loader - Result row: EntityKey[edu.ncsu.csc.itrust2.models.persistent.LogEntry#287]
21:21:01.655 [main] DEBUG org.hibernate.loader.Loader - Result set row: 267
21:21:01.655 [main] DEBUG org.hibernate.loader.Loader - Result row: EntityKey[edu.ncsu.csc.itrust2.models.persistent.LogEntry#288]
21:21:01.655 [main] DEBUG org.hibernate.loader.Loader - Result set row: 268
21:21:01.655 [main] DEBUG org.hibernate.loader.Loader - Result row: EntityKey[edu.ncsu.csc.itrust2.models.persistent.LogEntry#289]
21:21:01.656 [main] DEBUG org.hibernate.loader.Loader - Result set row: 269
21:21:01.656 [main] DEBUG org.hibernate.loader.Loader - Result row: EntityKey[edu.ncsu.csc.itrust2.models.persistent.LogEntry#290]
21:21:01.656 [main] DEBUG org.hibernate.loader.Loader - Result set row: 270
21:21:01.656 [main] DEBUG org.hibernate.loader.Loader - Result row: EntityKey[edu.ncsu.csc.itrust2.models.persistent.LogEntry#291]
21:21:01.657 [main] DEBUG org.hibernate.loader.Loader - Result set row: 271
21:21:01.657 [main] DEBUG org.hibernate.loader.Loader - Result row: EntityKey[edu.ncsu.csc.itrust2.models.persistent.LogEntry#292]
21:21:01.658 [main] DEBUG org.hibernate.loader.Loader - Result set row: 272
21:21:01.658 [main] DEBUG org.hibernate.loader.Loader - Result row: EntityKey[edu.ncsu.csc.itrust2.models.persistent.LogEntry#293]
21:21:01.658 [main] DEBUG org.hibernate.loader.Loader - Result set row: 273
21:21:01.658 [main] DEBUG org.hibernate.loader.Loader - Result row: EntityKey[edu.ncsu.csc.itrust2.models.persistent.LogEntry#294]
21:21:01.658 [main] DEBUG org.hibernate.loader.Loader - Result set row: 274
21:21:01.659 [main] DEBUG org.hibernate.loader.Loader - Result row: EntityKey[edu.ncsu.csc.itrust2.models.persistent.LogEntry#295]
21:21:01.659 [main] DEBUG org.hibernate.loader.Loader - Result set row: 275
21:21:01.659 [main] DEBUG org.hibernate.loader.Loader - Result row: EntityKey[edu.ncsu.csc.itrust2.models.persistent.LogEntry#296]
21:21:01.659 [main] DEBUG org.hibernate.loader.Loader - Result set row: 276
21:21:01.659 [main] DEBUG org.hibernate.loader.Loader - Result row: EntityKey[edu.ncsu.csc.itrust2.models.persistent.LogEntry#297]
21:21:01.659 [main] DEBUG org.hibernate.loader.Loader - Result set row: 277
21:21:01.660 [main] DEBUG org.hibernate.loader.Loader - Result row: EntityKey[edu.ncsu.csc.itrust2.models.persistent.LogEntry#298]
21:21:01.660 [main] DEBUG org.hibernate.loader.Loader - Result set row: 278
21:21:01.660 [main] DEBUG org.hibernate.loader.Loader - Result row: EntityKey[edu.ncsu.csc.itrust2.models.persistent.LogEntry#299]
21:21:01.660 [main] DEBUG org.hibernate.loader.Loader - Result set row: 279
21:21:01.660 [main] DEBUG org.hibernate.loader.Loader - Result row: EntityKey[edu.ncsu.csc.itrust2.models.persistent.LogEntry#300]
21:21:01.661 [main] DEBUG org.hibernate.loader.Loader - Result set row: 280
21:21:01.661 [main] DEBUG org.hibernate.loader.Loader - Result row: EntityKey[edu.ncsu.csc.itrust2.models.persistent.LogEntry#301]
21:21:01.661 [main] DEBUG org.hibernate.loader.Loader - Result set row: 281
21:21:01.661 [main] DEBUG org.hibernate.loader.Loader - Result row: EntityKey[edu.ncsu.csc.itrust2.models.persistent.LogEntry#302]
21:21:01.661 [main] DEBUG org.hibernate.loader.Loader - Result set row: 282
21:21:01.661 [main] DEBUG org.hibernate.loader.Loader - Result row: EntityKey[edu.ncsu.csc.itrust2.models.persistent.LogEntry#303]
21:21:01.661 [main] DEBUG org.hibernate.loader.Loader - Result set row: 283
21:21:01.662 [main] DEBUG org.hibernate.loader.Loader - Result row: EntityKey[edu.ncsu.csc.itrust2.models.persistent.LogEntry#304]
21:21:01.662 [main] DEBUG org.hibernate.loader.Loader - Result set row: 284
21:21:01.662 [main] DEBUG org.hibernate.loader.Loader - Result row: EntityKey[edu.ncsu.csc.itrust2.models.persistent.LogEntry#305]
21:21:01.662 [main] DEBUG org.hibernate.loader.Loader - Result set row: 285
21:21:01.662 [main] DEBUG org.hibernate.loader.Loader - Result row: EntityKey[edu.ncsu.csc.itrust2.models.persistent.LogEntry#306]
21:21:01.665 [main] DEBUG org.hibernate.loader.Loader - Result set row: 286
21:21:01.665 [main] DEBUG org.hibernate.loader.Loader - Result row: EntityKey[edu.ncsu.csc.itrust2.models.persistent.LogEntry#307]
21:21:01.665 [main] DEBUG org.hibernate.loader.Loader - Result set row: 287
21:21:01.665 [main] DEBUG org.hibernate.loader.Loader - Result row: EntityKey[edu.ncsu.csc.itrust2.models.persistent.LogEntry#308]
21:21:01.666 [main] DEBUG org.hibernate.loader.Loader - Result set row: 288
21:21:01.666 [main] DEBUG org.hibernate.loader.Loader - Result row: EntityKey[edu.ncsu.csc.itrust2.models.persistent.LogEntry#309]
21:21:01.666 [main] DEBUG org.hibernate.loader.Loader - Result set row: 289
21:21:01.666 [main] DEBUG org.hibernate.loader.Loader - Result row: EntityKey[edu.ncsu.csc.itrust2.models.persistent.LogEntry#310]
21:21:01.666 [main] DEBUG org.hibernate.loader.Loader - Result set row: 290
21:21:01.667 [main] DEBUG org.hibernate.loader.Loader - Result row: EntityKey[edu.ncsu.csc.itrust2.models.persistent.LogEntry#311]
21:21:01.667 [main] DEBUG org.hibernate.loader.Loader - Result set row: 291
21:21:01.667 [main] DEBUG org.hibernate.loader.Loader - Result row: EntityKey[edu.ncsu.csc.itrust2.models.persistent.LogEntry#312]
21:21:01.667 [main] DEBUG org.hibernate.loader.Loader - Result set row: 292
21:21:01.667 [main] DEBUG org.hibernate.loader.Loader - Result row: EntityKey[edu.ncsu.csc.itrust2.models.persistent.LogEntry#313]
21:21:01.667 [main] DEBUG org.hibernate.loader.Loader - Result set row: 293
21:21:01.668 [main] DEBUG org.hibernate.loader.Loader - Result row: EntityKey[edu.ncsu.csc.itrust2.models.persistent.LogEntry#314]
21:21:01.668 [main] DEBUG org.hibernate.loader.Loader - Result set row: 294
21:21:01.668 [main] DEBUG org.hibernate.loader.Loader - Result row: EntityKey[edu.ncsu.csc.itrust2.models.persistent.LogEntry#315]
21:21:01.668 [main] DEBUG org.hibernate.loader.Loader - Result set row: 295
21:21:01.668 [main] DEBUG org.hibernate.loader.Loader - Result row: EntityKey[edu.ncsu.csc.itrust2.models.persistent.LogEntry#316]
21:21:01.668 [main] DEBUG org.hibernate.loader.Loader - Result set row: 296
21:21:01.669 [main] DEBUG org.hibernate.loader.Loader - Result row: EntityKey[edu.ncsu.csc.itrust2.models.persistent.LogEntry#317]
21:21:01.669 [main] DEBUG org.hibernate.loader.Loader - Result set row: 297
21:21:01.673 [main] DEBUG org.hibernate.loader.Loader - Result row: EntityKey[edu.ncsu.csc.itrust2.models.persistent.LogEntry#318]
21:21:01.674 [main] DEBUG org.hibernate.loader.Loader - Result set row: 298
21:21:01.674 [main] DEBUG org.hibernate.loader.Loader - Result row: EntityKey[edu.ncsu.csc.itrust2.models.persistent.LogEntry#319]
21:21:01.674 [main] DEBUG org.hibernate.loader.Loader - Result set row: 299
21:21:01.674 [main] DEBUG org.hibernate.loader.Loader - Result row: EntityKey[edu.ncsu.csc.itrust2.models.persistent.LogEntry#320]
21:21:01.674 [main] DEBUG org.hibernate.loader.Loader - Result set row: 300
21:21:01.675 [main] DEBUG org.hibernate.loader.Loader - Result row: EntityKey[edu.ncsu.csc.itrust2.models.persistent.LogEntry#321]
21:21:01.677 [main] DEBUG org.hibernate.loader.Loader - Result set row: 301
21:21:01.677 [main] DEBUG org.hibernate.loader.Loader - Result row: EntityKey[edu.ncsu.csc.itrust2.models.persistent.LogEntry#322]
21:21:01.682 [main] DEBUG org.hibernate.loader.Loader - Result set row: 302
21:21:01.682 [main] DEBUG org.hibernate.loader.Loader - Result row: EntityKey[edu.ncsu.csc.itrust2.models.persistent.LogEntry#323]
21:21:01.683 [main] DEBUG org.hibernate.loader.Loader - Result set row: 303
21:21:01.683 [main] DEBUG org.hibernate.loader.Loader - Result row: EntityKey[edu.ncsu.csc.itrust2.models.persistent.LogEntry#324]
21:21:01.683 [main] DEBUG org.hibernate.loader.Loader - Result set row: 304
21:21:01.683 [main] DEBUG org.hibernate.loader.Loader - Result row: EntityKey[edu.ncsu.csc.itrust2.models.persistent.LogEntry#325]
21:21:01.683 [main] DEBUG org.hibernate.loader.Loader - Result set row: 305
21:21:01.684 [main] DEBUG org.hibernate.loader.Loader - Result row: EntityKey[edu.ncsu.csc.itrust2.models.persistent.LogEntry#326]
21:21:01.684 [main] DEBUG org.hibernate.loader.Loader - Result set row: 306
21:21:01.684 [main] DEBUG org.hibernate.loader.Loader - Result row: EntityKey[edu.ncsu.csc.itrust2.models.persistent.LogEntry#327]
21:21:01.684 [main] DEBUG org.hibernate.loader.Loader - Result set row: 307
21:21:01.684 [main] DEBUG org.hibernate.loader.Loader - Result row: EntityKey[edu.ncsu.csc.itrust2.models.persistent.LogEntry#328]
21:21:01.684 [main] DEBUG org.hibernate.loader.Loader - Result set row: 308
21:21:01.684 [main] DEBUG org.hibernate.loader.Loader - Result row: EntityKey[edu.ncsu.csc.itrust2.models.persistent.LogEntry#329]
21:21:01.684 [main] DEBUG org.hibernate.loader.Loader - Result set row: 309
21:21:01.685 [main] DEBUG org.hibernate.loader.Loader - Result row: EntityKey[edu.ncsu.csc.itrust2.models.persistent.LogEntry#330]
21:21:01.685 [main] DEBUG org.hibernate.loader.Loader - Result set row: 310
21:21:01.685 [main] DEBUG org.hibernate.loader.Loader - Result row: EntityKey[edu.ncsu.csc.itrust2.models.persistent.LogEntry#331]
21:21:01.685 [main] DEBUG org.hibernate.loader.Loader - Result set row: 311
21:21:01.685 [main] DEBUG org.hibernate.loader.Loader - Result row: EntityKey[edu.ncsu.csc.itrust2.models.persistent.LogEntry#332]
21:21:01.685 [main] DEBUG org.hibernate.loader.Loader - Result set row: 312
21:21:01.685 [main] DEBUG org.hibernate.loader.Loader - Result row: EntityKey[edu.ncsu.csc.itrust2.models.persistent.LogEntry#333]
21:21:01.685 [main] DEBUG org.hibernate.loader.Loader - Result set row: 313
21:21:01.686 [main] DEBUG org.hibernate.loader.Loader - Result row: EntityKey[edu.ncsu.csc.itrust2.models.persistent.LogEntry#334]
21:21:01.686 [main] DEBUG org.hibernate.loader.Loader - Result set row: 314
21:21:01.686 [main] DEBUG org.hibernate.loader.Loader - Result row: EntityKey[edu.ncsu.csc.itrust2.models.persistent.LogEntry#335]
21:21:01.686 [main] DEBUG org.hibernate.loader.Loader - Result set row: 315
21:21:01.686 [main] DEBUG org.hibernate.loader.Loader - Result row: EntityKey[edu.ncsu.csc.itrust2.models.persistent.LogEntry#336]
21:21:01.686 [main] DEBUG org.hibernate.loader.Loader - Result set row: 316
21:21:01.686 [main] DEBUG org.hibernate.loader.Loader - Result row: EntityKey[edu.ncsu.csc.itrust2.models.persistent.LogEntry#337]
21:21:01.687 [main] DEBUG org.hibernate.loader.Loader - Result set row: 317
21:21:01.687 [main] DEBUG org.hibernate.loader.Loader - Result row: EntityKey[edu.ncsu.csc.itrust2.models.persistent.LogEntry#338]
21:21:01.687 [main] DEBUG org.hibernate.loader.Loader - Result set row: 318
21:21:01.687 [main] DEBUG org.hibernate.loader.Loader - Result row: EntityKey[edu.ncsu.csc.itrust2.models.persistent.LogEntry#339]
21:21:01.687 [main] DEBUG org.hibernate.loader.Loader - Result set row: 319
21:21:01.687 [main] DEBUG org.hibernate.loader.Loader - Result row: EntityKey[edu.ncsu.csc.itrust2.models.persistent.LogEntry#340]
21:21:01.688 [main] DEBUG org.hibernate.loader.Loader - Result set row: 320
21:21:01.692 [main] DEBUG org.hibernate.loader.Loader - Result row: EntityKey[edu.ncsu.csc.itrust2.models.persistent.LogEntry#341]
21:21:01.693 [main] DEBUG org.hibernate.loader.Loader - Result set row: 321
21:21:01.693 [main] DEBUG org.hibernate.loader.Loader - Result row: EntityKey[edu.ncsu.csc.itrust2.models.persistent.LogEntry#342]
21:21:01.693 [main] DEBUG org.hibernate.loader.Loader - Result set row: 322
21:21:01.693 [main] DEBUG org.hibernate.loader.Loader - Result row: EntityKey[edu.ncsu.csc.itrust2.models.persistent.LogEntry#343]
21:21:01.694 [main] DEBUG org.hibernate.loader.Loader - Result set row: 323
21:21:01.694 [main] DEBUG org.hibernate.loader.Loader - Result row: EntityKey[edu.ncsu.csc.itrust2.models.persistent.LogEntry#344]
21:21:01.694 [main] DEBUG org.hibernate.loader.Loader - Result set row: 324
21:21:01.694 [main] DEBUG org.hibernate.loader.Loader - Result row: EntityKey[edu.ncsu.csc.itrust2.models.persistent.LogEntry#345]
21:21:01.694 [main] DEBUG org.hibernate.loader.Loader - Result set row: 325
21:21:01.694 [main] DEBUG org.hibernate.loader.Loader - Result row: EntityKey[edu.ncsu.csc.itrust2.models.persistent.LogEntry#346]
21:21:01.695 [main] DEBUG org.hibernate.loader.Loader - Result set row: 326
21:21:01.695 [main] DEBUG org.hibernate.loader.Loader - Result row: EntityKey[edu.ncsu.csc.itrust2.models.persistent.LogEntry#347]
21:21:01.695 [main] DEBUG org.hibernate.loader.Loader - Result set row: 327
21:21:01.695 [main] DEBUG org.hibernate.loader.Loader - Result row: EntityKey[edu.ncsu.csc.itrust2.models.persistent.LogEntry#348]
21:21:01.695 [main] DEBUG org.hibernate.loader.Loader - Result set row: 328
21:21:01.695 [main] DEBUG org.hibernate.loader.Loader - Result row: EntityKey[edu.ncsu.csc.itrust2.models.persistent.LogEntry#349]
21:21:01.696 [main] DEBUG org.hibernate.loader.Loader - Result set row: 329
21:21:01.696 [main] DEBUG org.hibernate.loader.Loader - Result row: EntityKey[edu.ncsu.csc.itrust2.models.persistent.LogEntry#350]
21:21:01.696 [main] DEBUG org.hibernate.loader.Loader - Result set row: 330
21:21:01.696 [main] DEBUG org.hibernate.loader.Loader - Result row: EntityKey[edu.ncsu.csc.itrust2.models.persistent.LogEntry#351]
21:21:01.696 [main] DEBUG org.hibernate.loader.Loader - Result set row: 331
21:21:01.696 [main] DEBUG org.hibernate.loader.Loader - Result row: EntityKey[edu.ncsu.csc.itrust2.models.persistent.LogEntry#352]
21:21:01.697 [main] DEBUG org.hibernate.loader.Loader - Result set row: 332
21:21:01.697 [main] DEBUG org.hibernate.loader.Loader - Result row: EntityKey[edu.ncsu.csc.itrust2.models.persistent.LogEntry#353]
21:21:01.697 [main] DEBUG org.hibernate.loader.Loader - Result set row: 333
21:21:01.697 [main] DEBUG org.hibernate.loader.Loader - Result row: EntityKey[edu.ncsu.csc.itrust2.models.persistent.LogEntry#354]
21:21:01.697 [main] DEBUG org.hibernate.loader.Loader - Result set row: 334
21:21:01.697 [main] DEBUG org.hibernate.loader.Loader - Result row: EntityKey[edu.ncsu.csc.itrust2.models.persistent.LogEntry#355]
21:21:01.698 [main] DEBUG org.hibernate.loader.Loader - Result set row: 335
21:21:01.698 [main] DEBUG org.hibernate.loader.Loader - Result row: EntityKey[edu.ncsu.csc.itrust2.models.persistent.LogEntry#356]
21:21:01.698 [main] DEBUG org.hibernate.loader.Loader - Result set row: 336
21:21:01.698 [main] DEBUG org.hibernate.loader.Loader - Result row: EntityKey[edu.ncsu.csc.itrust2.models.persistent.LogEntry#357]
21:21:01.698 [main] DEBUG org.hibernate.loader.Loader - Result set row: 337
21:21:01.698 [main] DEBUG org.hibernate.loader.Loader - Result row: EntityKey[edu.ncsu.csc.itrust2.models.persistent.LogEntry#358]
21:21:01.699 [main] DEBUG org.hibernate.loader.Loader - Result set row: 338
21:21:01.699 [main] DEBUG org.hibernate.loader.Loader - Result row: EntityKey[edu.ncsu.csc.itrust2.models.persistent.LogEntry#359]
21:21:01.699 [main] DEBUG org.hibernate.loader.Loader - Result set row: 339
21:21:01.699 [main] DEBUG org.hibernate.loader.Loader - Result row: EntityKey[edu.ncsu.csc.itrust2.models.persistent.LogEntry#360]
21:21:01.699 [main] DEBUG org.hibernate.loader.Loader - Result set row: 340
21:21:01.699 [main] DEBUG org.hibernate.loader.Loader - Result row: EntityKey[edu.ncsu.csc.itrust2.models.persistent.LogEntry#361]
21:21:01.700 [main] DEBUG org.hibernate.loader.Loader - Result set row: 341
21:21:01.700 [main] DEBUG org.hibernate.loader.Loader - Result row: EntityKey[edu.ncsu.csc.itrust2.models.persistent.LogEntry#362]
21:21:01.700 [main] DEBUG org.hibernate.loader.Loader - Result set row: 342
21:21:01.700 [main] DEBUG org.hibernate.loader.Loader - Result row: EntityKey[edu.ncsu.csc.itrust2.models.persistent.LogEntry#363]
21:21:01.700 [main] DEBUG org.hibernate.loader.Loader - Result set row: 343
21:21:01.700 [main] DEBUG org.hibernate.loader.Loader - Result row: EntityKey[edu.ncsu.csc.itrust2.models.persistent.LogEntry#364]
21:21:01.701 [main] DEBUG org.hibernate.loader.Loader - Result set row: 344
21:21:01.701 [main] DEBUG org.hibernate.loader.Loader - Result row: EntityKey[edu.ncsu.csc.itrust2.models.persistent.LogEntry#365]
21:21:01.701 [main] DEBUG org.hibernate.loader.Loader - Result set row: 345
21:21:01.701 [main] DEBUG org.hibernate.loader.Loader - Result row: EntityKey[edu.ncsu.csc.itrust2.models.persistent.LogEntry#366]
21:21:01.701 [main] DEBUG org.hibernate.loader.Loader - Result set row: 346
21:21:01.701 [main] DEBUG org.hibernate.loader.Loader - Result row: EntityKey[edu.ncsu.csc.itrust2.models.persistent.LogEntry#367]
21:21:01.702 [main] DEBUG org.hibernate.loader.Loader - Result set row: 347
21:21:01.702 [main] DEBUG org.hibernate.loader.Loader - Result row: EntityKey[edu.ncsu.csc.itrust2.models.persistent.LogEntry#368]
21:21:01.702 [main] DEBUG org.hibernate.loader.Loader - Result set row: 348
21:21:01.702 [main] DEBUG org.hibernate.loader.Loader - Result row: EntityKey[edu.ncsu.csc.itrust2.models.persistent.LogEntry#369]
21:21:01.702 [main] DEBUG org.hibernate.loader.Loader - Result set row: 349
21:21:01.702 [main] DEBUG org.hibernate.loader.Loader - Result row: EntityKey[edu.ncsu.csc.itrust2.models.persistent.LogEntry#370]
21:21:01.703 [main] DEBUG org.hibernate.loader.Loader - Result set row: 350
21:21:01.703 [main] DEBUG org.hibernate.loader.Loader - Result row: EntityKey[edu.ncsu.csc.itrust2.models.persistent.LogEntry#371]
21:21:01.703 [main] DEBUG org.hibernate.loader.Loader - Result set row: 351
21:21:01.703 [main] DEBUG org.hibernate.loader.Loader - Result row: EntityKey[edu.ncsu.csc.itrust2.models.persistent.LogEntry#372]
21:21:01.703 [main] DEBUG org.hibernate.loader.Loader - Result set row: 352
21:21:01.703 [main] DEBUG org.hibernate.loader.Loader - Result row: EntityKey[edu.ncsu.csc.itrust2.models.persistent.LogEntry#373]
21:21:01.704 [main] DEBUG org.hibernate.loader.Loader - Result set row: 353
21:21:01.704 [main] DEBUG org.hibernate.loader.Loader - Result row: EntityKey[edu.ncsu.csc.itrust2.models.persistent.LogEntry#374]
21:21:01.704 [main] DEBUG org.hibernate.loader.Loader - Result set row: 354
21:21:01.704 [main] DEBUG org.hibernate.loader.Loader - Result row: EntityKey[edu.ncsu.csc.itrust2.models.persistent.LogEntry#375]
21:21:01.704 [main] DEBUG org.hibernate.loader.Loader - Result set row: 355
21:21:01.704 [main] DEBUG org.hibernate.loader.Loader - Result row: EntityKey[edu.ncsu.csc.itrust2.models.persistent.LogEntry#376]
21:21:01.705 [main] DEBUG org.hibernate.loader.Loader - Result set row: 356
21:21:01.705 [main] DEBUG org.hibernate.loader.Loader - Result row: EntityKey[edu.ncsu.csc.itrust2.models.persistent.LogEntry#377]
21:21:01.705 [main] DEBUG org.hibernate.loader.Loader - Result set row: 357
21:21:01.705 [main] DEBUG org.hibernate.loader.Loader - Result row: EntityKey[edu.ncsu.csc.itrust2.models.persistent.LogEntry#378]
21:21:01.705 [main] DEBUG org.hibernate.loader.Loader - Result set row: 358
21:21:01.705 [main] DEBUG org.hibernate.loader.Loader - Result row: EntityKey[edu.ncsu.csc.itrust2.models.persistent.LogEntry#379]
21:21:01.706 [main] DEBUG org.hibernate.loader.Loader - Result set row: 359
21:21:01.706 [main] DEBUG org.hibernate.loader.Loader - Result row: EntityKey[edu.ncsu.csc.itrust2.models.persistent.LogEntry#380]
21:21:01.706 [main] DEBUG org.hibernate.loader.Loader - Result set row: 360
21:21:01.707 [main] DEBUG org.hibernate.loader.Loader - Result row: EntityKey[edu.ncsu.csc.itrust2.models.persistent.LogEntry#381]
21:21:01.710 [main] DEBUG org.hibernate.loader.Loader - Result set row: 361
21:21:01.711 [main] DEBUG org.hibernate.loader.Loader - Result row: EntityKey[edu.ncsu.csc.itrust2.models.persistent.LogEntry#382]
21:21:01.712 [main] DEBUG org.hibernate.loader.Loader - Result set row: 362
21:21:01.714 [main] DEBUG org.hibernate.loader.Loader - Result row: EntityKey[edu.ncsu.csc.itrust2.models.persistent.LogEntry#383]
21:21:01.714 [main] DEBUG org.hibernate.loader.Loader - Result set row: 363
21:21:01.714 [main] DEBUG org.hibernate.loader.Loader - Result row: EntityKey[edu.ncsu.csc.itrust2.models.persistent.LogEntry#384]
21:21:01.715 [main] DEBUG org.hibernate.loader.Loader - Result set row: 364
21:21:01.715 [main] DEBUG org.hibernate.loader.Loader - Result row: EntityKey[edu.ncsu.csc.itrust2.models.persistent.LogEntry#385]
21:21:01.715 [main] DEBUG org.hibernate.loader.Loader - Result set row: 365
21:21:01.715 [main] DEBUG org.hibernate.loader.Loader - Result row: EntityKey[edu.ncsu.csc.itrust2.models.persistent.LogEntry#386]
21:21:01.715 [main] DEBUG org.hibernate.loader.Loader - Result set row: 366
21:21:01.715 [main] DEBUG org.hibernate.loader.Loader - Result row: EntityKey[edu.ncsu.csc.itrust2.models.persistent.LogEntry#387]
21:21:01.715 [main] DEBUG org.hibernate.loader.Loader - Result set row: 367
21:21:01.715 [main] DEBUG org.hibernate.loader.Loader - Result row: EntityKey[edu.ncsu.csc.itrust2.models.persistent.LogEntry#388]
21:21:01.716 [main] DEBUG org.hibernate.loader.Loader - Result set row: 368
21:21:01.716 [main] DEBUG org.hibernate.loader.Loader - Result row: EntityKey[edu.ncsu.csc.itrust2.models.persistent.LogEntry#389]
21:21:01.716 [main] DEBUG org.hibernate.loader.Loader - Result set row: 369
21:21:01.716 [main] DEBUG org.hibernate.loader.Loader - Result row: EntityKey[edu.ncsu.csc.itrust2.models.persistent.LogEntry#390]
21:21:01.716 [main] DEBUG org.hibernate.loader.Loader - Result set row: 370
21:21:01.716 [main] DEBUG org.hibernate.loader.Loader - Result row: EntityKey[edu.ncsu.csc.itrust2.models.persistent.LogEntry#391]
21:21:01.716 [main] DEBUG org.hibernate.loader.Loader - Result set row: 371
21:21:01.717 [main] DEBUG org.hibernate.loader.Loader - Result row: EntityKey[edu.ncsu.csc.itrust2.models.persistent.LogEntry#392]
21:21:01.717 [main] DEBUG org.hibernate.loader.Loader - Result set row: 372
21:21:01.717 [main] DEBUG org.hibernate.loader.Loader - Result row: EntityKey[edu.ncsu.csc.itrust2.models.persistent.LogEntry#393]
21:21:01.717 [main] DEBUG org.hibernate.loader.Loader - Result set row: 373
21:21:01.717 [main] DEBUG org.hibernate.loader.Loader - Result row: EntityKey[edu.ncsu.csc.itrust2.models.persistent.LogEntry#394]
21:21:01.718 [main] DEBUG org.hibernate.loader.Loader - Result set row: 374
21:21:01.718 [main] DEBUG org.hibernate.loader.Loader - Result row: EntityKey[edu.ncsu.csc.itrust2.models.persistent.LogEntry#395]
21:21:01.718 [main] DEBUG org.hibernate.loader.Loader - Result set row: 375
21:21:01.718 [main] DEBUG org.hibernate.loader.Loader - Result row: EntityKey[edu.ncsu.csc.itrust2.models.persistent.LogEntry#396]
21:21:01.718 [main] DEBUG org.hibernate.loader.Loader - Result set row: 376
21:21:01.718 [main] DEBUG org.hibernate.loader.Loader - Result row: EntityKey[edu.ncsu.csc.itrust2.models.persistent.LogEntry#397]
21:21:01.718 [main] DEBUG org.hibernate.loader.Loader - Result set row: 377
21:21:01.718 [main] DEBUG org.hibernate.loader.Loader - Result row: EntityKey[edu.ncsu.csc.itrust2.models.persistent.LogEntry#398]
21:21:01.719 [main] DEBUG org.hibernate.loader.Loader - Result set row: 378
21:21:01.719 [main] DEBUG org.hibernate.loader.Loader - Result row: EntityKey[edu.ncsu.csc.itrust2.models.persistent.LogEntry#399]
21:21:01.719 [main] DEBUG org.hibernate.loader.Loader - Result set row: 379
21:21:01.719 [main] DEBUG org.hibernate.loader.Loader - Result row: EntityKey[edu.ncsu.csc.itrust2.models.persistent.LogEntry#400]
21:21:01.719 [main] DEBUG org.hibernate.loader.Loader - Result set row: 380
21:21:01.719 [main] DEBUG org.hibernate.loader.Loader - Result row: EntityKey[edu.ncsu.csc.itrust2.models.persistent.LogEntry#401]
21:21:01.719 [main] DEBUG org.hibernate.loader.Loader - Result set row: 381
21:21:01.719 [main] DEBUG org.hibernate.loader.Loader - Result row: EntityKey[edu.ncsu.csc.itrust2.models.persistent.LogEntry#402]
21:21:01.719 [main] DEBUG org.hibernate.loader.Loader - Result set row: 382
21:21:01.719 [main] DEBUG org.hibernate.loader.Loader - Result row: EntityKey[edu.ncsu.csc.itrust2.models.persistent.LogEntry#403]
21:21:01.720 [main] DEBUG org.hibernate.loader.Loader - Result set row: 383
21:21:01.720 [main] DEBUG org.hibernate.loader.Loader - Result row: EntityKey[edu.ncsu.csc.itrust2.models.persistent.LogEntry#404]
21:21:01.720 [main] DEBUG org.hibernate.loader.Loader - Result set row: 384
21:21:01.721 [main] DEBUG org.hibernate.loader.Loader - Result row: EntityKey[edu.ncsu.csc.itrust2.models.persistent.LogEntry#405]
21:21:01.721 [main] DEBUG org.hibernate.loader.Loader - Result set row: 385
21:21:01.722 [main] DEBUG org.hibernate.loader.Loader - Result row: EntityKey[edu.ncsu.csc.itrust2.models.persistent.LogEntry#406]
21:21:01.722 [main] DEBUG org.hibernate.loader.Loader - Result set row: 386
21:21:01.722 [main] DEBUG org.hibernate.loader.Loader - Result row: EntityKey[edu.ncsu.csc.itrust2.models.persistent.LogEntry#407]
21:21:01.722 [main] DEBUG org.hibernate.loader.Loader - Result set row: 387
21:21:01.722 [main] DEBUG org.hibernate.loader.Loader - Result row: EntityKey[edu.ncsu.csc.itrust2.models.persistent.LogEntry#408]
21:21:01.722 [main] DEBUG org.hibernate.loader.Loader - Result set row: 388
21:21:01.722 [main] DEBUG org.hibernate.loader.Loader - Result row: EntityKey[edu.ncsu.csc.itrust2.models.persistent.LogEntry#409]
21:21:01.722 [main] DEBUG org.hibernate.loader.Loader - Result set row: 389
21:21:01.722 [main] DEBUG org.hibernate.loader.Loader - Result row: EntityKey[edu.ncsu.csc.itrust2.models.persistent.LogEntry#410]
21:21:01.723 [main] DEBUG org.hibernate.loader.Loader - Result set row: 390
21:21:01.723 [main] DEBUG org.hibernate.loader.Loader - Result row: EntityKey[edu.ncsu.csc.itrust2.models.persistent.LogEntry#411]
21:21:01.723 [main] DEBUG org.hibernate.loader.Loader - Result set row: 391
21:21:01.723 [main] DEBUG org.hibernate.loader.Loader - Result row: EntityKey[edu.ncsu.csc.itrust2.models.persistent.LogEntry#412]
21:21:01.723 [main] DEBUG org.hibernate.loader.Loader - Result set row: 392
21:21:01.723 [main] DEBUG org.hibernate.loader.Loader - Result row: EntityKey[edu.ncsu.csc.itrust2.models.persistent.LogEntry#413]
21:21:01.723 [main] DEBUG org.hibernate.loader.Loader - Result set row: 393
21:21:01.724 [main] DEBUG org.hibernate.loader.Loader - Result row: EntityKey[edu.ncsu.csc.itrust2.models.persistent.LogEntry#414]
21:21:01.724 [main] DEBUG org.hibernate.loader.Loader - Result set row: 394
21:21:01.725 [main] DEBUG org.hibernate.loader.Loader - Result row: EntityKey[edu.ncsu.csc.itrust2.models.persistent.LogEntry#415]
21:21:01.725 [main] DEBUG org.hibernate.loader.Loader - Result set row: 395
21:21:01.725 [main] DEBUG org.hibernate.loader.Loader - Result row: EntityKey[edu.ncsu.csc.itrust2.models.persistent.LogEntry#416]
21:21:01.726 [main] DEBUG org.hibernate.loader.Loader - Result set row: 396
21:21:01.726 [main] DEBUG org.hibernate.loader.Loader - Result row: EntityKey[edu.ncsu.csc.itrust2.models.persistent.LogEntry#417]
21:21:01.726 [main] DEBUG org.hibernate.loader.Loader - Result set row: 397
21:21:01.726 [main] DEBUG org.hibernate.loader.Loader - Result row: EntityKey[edu.ncsu.csc.itrust2.models.persistent.LogEntry#418]
21:21:01.726 [main] DEBUG org.hibernate.loader.Loader - Result set row: 398
21:21:01.726 [main] DEBUG org.hibernate.loader.Loader - Result row: EntityKey[edu.ncsu.csc.itrust2.models.persistent.LogEntry#419]
21:21:01.726 [main] DEBUG org.hibernate.loader.Loader - Result set row: 399
21:21:01.726 [main] DEBUG org.hibernate.loader.Loader - Result row: EntityKey[edu.ncsu.csc.itrust2.models.persistent.LogEntry#420]
21:21:01.726 [main] DEBUG org.hibernate.loader.Loader - Result set row: 400
21:21:01.727 [main] DEBUG org.hibernate.loader.Loader - Result row: EntityKey[edu.ncsu.csc.itrust2.models.persistent.LogEntry#421]
21:21:01.727 [main] DEBUG org.hibernate.loader.Loader - Result set row: 401
21:21:01.727 [main] DEBUG org.hibernate.loader.Loader - Result row: EntityKey[edu.ncsu.csc.itrust2.models.persistent.LogEntry#422]
21:21:01.727 [main] DEBUG org.hibernate.loader.Loader - Result set row: 402
21:21:01.727 [main] DEBUG org.hibernate.loader.Loader - Result row: EntityKey[edu.ncsu.csc.itrust2.models.persistent.LogEntry#423]
21:21:01.727 [main] DEBUG org.hibernate.loader.Loader - Result set row: 403
21:21:01.727 [main] DEBUG org.hibernate.loader.Loader - Result row: EntityKey[edu.ncsu.csc.itrust2.models.persistent.LogEntry#424]
21:21:01.727 [main] DEBUG org.hibernate.loader.Loader - Result set row: 404
21:21:01.727 [main] DEBUG org.hibernate.loader.Loader - Result row: EntityKey[edu.ncsu.csc.itrust2.models.persistent.LogEntry#425]
21:21:01.728 [main] DEBUG org.hibernate.loader.Loader - Result set row: 405
21:21:01.728 [main] DEBUG org.hibernate.loader.Loader - Result row: EntityKey[edu.ncsu.csc.itrust2.models.persistent.LogEntry#426]
21:21:01.728 [main] DEBUG org.hibernate.loader.Loader - Result set row: 406
21:21:01.728 [main] DEBUG org.hibernate.loader.Loader - Result row: EntityKey[edu.ncsu.csc.itrust2.models.persistent.LogEntry#427]
21:21:01.728 [main] DEBUG org.hibernate.loader.Loader - Result set row: 407
21:21:01.728 [main] DEBUG org.hibernate.loader.Loader - Result row: EntityKey[edu.ncsu.csc.itrust2.models.persistent.LogEntry#428]
21:21:01.728 [main] DEBUG org.hibernate.loader.Loader - Result set row: 408
21:21:01.728 [main] DEBUG org.hibernate.loader.Loader - Result row: EntityKey[edu.ncsu.csc.itrust2.models.persistent.LogEntry#429]
21:21:01.728 [main] DEBUG org.hibernate.loader.Loader - Result set row: 409
21:21:01.728 [main] DEBUG org.hibernate.loader.Loader - Result row: EntityKey[edu.ncsu.csc.itrust2.models.persistent.LogEntry#430]
21:21:01.729 [main] DEBUG org.hibernate.loader.Loader - Result set row: 410
21:21:01.729 [main] DEBUG org.hibernate.loader.Loader - Result row: EntityKey[edu.ncsu.csc.itrust2.models.persistent.LogEntry#431]
21:21:01.729 [main] DEBUG org.hibernate.loader.Loader - Result set row: 411
21:21:01.729 [main] DEBUG org.hibernate.loader.Loader - Result row: EntityKey[edu.ncsu.csc.itrust2.models.persistent.LogEntry#432]
21:21:01.729 [main] DEBUG org.hibernate.loader.Loader - Result set row: 412
21:21:01.729 [main] DEBUG org.hibernate.loader.Loader - Result row: EntityKey[edu.ncsu.csc.itrust2.models.persistent.LogEntry#433]
21:21:01.729 [main] DEBUG org.hibernate.loader.Loader - Result set row: 413
21:21:01.730 [main] DEBUG org.hibernate.loader.Loader - Result row: EntityKey[edu.ncsu.csc.itrust2.models.persistent.LogEntry#434]
21:21:01.730 [main] DEBUG org.hibernate.loader.Loader - Result set row: 414
21:21:01.730 [main] DEBUG org.hibernate.loader.Loader - Result row: EntityKey[edu.ncsu.csc.itrust2.models.persistent.LogEntry#435]
21:21:01.730 [main] DEBUG org.hibernate.loader.Loader - Result set row: 415
21:21:01.730 [main] DEBUG org.hibernate.loader.Loader - Result row: EntityKey[edu.ncsu.csc.itrust2.models.persistent.LogEntry#436]
21:21:01.730 [main] DEBUG org.hibernate.loader.Loader - Result set row: 416
21:21:01.730 [main] DEBUG org.hibernate.loader.Loader - Result row: EntityKey[edu.ncsu.csc.itrust2.models.persistent.LogEntry#437]
21:21:01.730 [main] DEBUG org.hibernate.loader.Loader - Result set row: 417
21:21:01.730 [main] DEBUG org.hibernate.loader.Loader - Result row: EntityKey[edu.ncsu.csc.itrust2.models.persistent.LogEntry#438]
21:21:01.730 [main] DEBUG org.hibernate.loader.Loader - Result set row: 418
21:21:01.731 [main] DEBUG org.hibernate.loader.Loader - Result row: EntityKey[edu.ncsu.csc.itrust2.models.persistent.LogEntry#439]
21:21:01.731 [main] DEBUG org.hibernate.loader.Loader - Result set row: 419
21:21:01.731 [main] DEBUG org.hibernate.loader.Loader - Result row: EntityKey[edu.ncsu.csc.itrust2.models.persistent.LogEntry#440]
21:21:01.731 [main] DEBUG org.hibernate.loader.Loader - Result set row: 420
21:21:01.731 [main] DEBUG org.hibernate.loader.Loader - Result row: EntityKey[edu.ncsu.csc.itrust2.models.persistent.LogEntry#441]
21:21:01.731 [main] DEBUG org.hibernate.loader.Loader - Result set row: 421
21:21:01.731 [main] DEBUG org.hibernate.loader.Loader - Result row: EntityKey[edu.ncsu.csc.itrust2.models.persistent.LogEntry#442]
21:21:01.731 [main] DEBUG org.hibernate.loader.Loader - Result set row: 422
21:21:01.731 [main] DEBUG org.hibernate.loader.Loader - Result row: EntityKey[edu.ncsu.csc.itrust2.models.persistent.LogEntry#443]
21:21:01.732 [main] DEBUG org.hibernate.loader.Loader - Result set row: 423
21:21:01.732 [main] DEBUG org.hibernate.loader.Loader - Result row: EntityKey[edu.ncsu.csc.itrust2.models.persistent.LogEntry#444]
21:21:01.732 [main] DEBUG org.hibernate.loader.Loader - Result set row: 424
21:21:01.732 [main] DEBUG org.hibernate.loader.Loader - Result row: EntityKey[edu.ncsu.csc.itrust2.models.persistent.LogEntry#445]
21:21:01.735 [main] DEBUG org.hibernate.loader.Loader - Result set row: 425
21:21:01.735 [main] DEBUG org.hibernate.loader.Loader - Result row: EntityKey[edu.ncsu.csc.itrust2.models.persistent.LogEntry#446]
21:21:01.735 [main] DEBUG org.hibernate.loader.Loader - Result set row: 426
21:21:01.735 [main] DEBUG org.hibernate.loader.Loader - Result row: EntityKey[edu.ncsu.csc.itrust2.models.persistent.LogEntry#447]
21:21:01.736 [main] DEBUG org.hibernate.loader.Loader - Result set row: 427
21:21:01.736 [main] DEBUG org.hibernate.loader.Loader - Result row: EntityKey[edu.ncsu.csc.itrust2.models.persistent.LogEntry#448]
21:21:01.736 [main] DEBUG org.hibernate.loader.Loader - Result set row: 428
21:21:01.736 [main] DEBUG org.hibernate.loader.Loader - Result row: EntityKey[edu.ncsu.csc.itrust2.models.persistent.LogEntry#449]
21:21:01.736 [main] DEBUG org.hibernate.loader.Loader - Result set row: 429
21:21:01.737 [main] DEBUG org.hibernate.loader.Loader - Result row: EntityKey[edu.ncsu.csc.itrust2.models.persistent.LogEntry#450]
21:21:01.737 [main] DEBUG org.hibernate.loader.Loader - Result set row: 430
21:21:01.737 [main] DEBUG org.hibernate.loader.Loader - Result row: EntityKey[edu.ncsu.csc.itrust2.models.persistent.LogEntry#451]
21:21:01.737 [main] DEBUG org.hibernate.loader.Loader - Result set row: 431
21:21:01.737 [main] DEBUG org.hibernate.loader.Loader - Result row: EntityKey[edu.ncsu.csc.itrust2.models.persistent.LogEntry#452]
21:21:01.737 [main] DEBUG org.hibernate.loader.Loader - Result set row: 432
21:21:01.737 [main] DEBUG org.hibernate.loader.Loader - Result row: EntityKey[edu.ncsu.csc.itrust2.models.persistent.LogEntry#453]
21:21:01.737 [main] DEBUG org.hibernate.loader.Loader - Result set row: 433
21:21:01.737 [main] DEBUG org.hibernate.loader.Loader - Result row: EntityKey[edu.ncsu.csc.itrust2.models.persistent.LogEntry#454]
21:21:01.738 [main] DEBUG org.hibernate.loader.Loader - Result set row: 434
21:21:01.738 [main] DEBUG org.hibernate.loader.Loader - Result row: EntityKey[edu.ncsu.csc.itrust2.models.persistent.LogEntry#455]
21:21:01.738 [main] DEBUG org.hibernate.loader.Loader - Result set row: 435
21:21:01.738 [main] DEBUG org.hibernate.loader.Loader - Result row: EntityKey[edu.ncsu.csc.itrust2.models.persistent.LogEntry#456]
21:21:01.738 [main] DEBUG org.hibernate.loader.Loader - Result set row: 436
21:21:01.738 [main] DEBUG org.hibernate.loader.Loader - Result row: EntityKey[edu.ncsu.csc.itrust2.models.persistent.LogEntry#457]
21:21:01.738 [main] DEBUG org.hibernate.loader.Loader - Result set row: 437
21:21:01.738 [main] DEBUG org.hibernate.loader.Loader - Result row: EntityKey[edu.ncsu.csc.itrust2.models.persistent.LogEntry#458]
21:21:01.738 [main] DEBUG org.hibernate.loader.Loader - Result set row: 438
21:21:01.738 [main] DEBUG org.hibernate.loader.Loader - Result row: EntityKey[edu.ncsu.csc.itrust2.models.persistent.LogEntry#459]
21:21:01.739 [main] DEBUG org.hibernate.loader.Loader - Result set row: 439
21:21:01.739 [main] DEBUG org.hibernate.loader.Loader - Result row: EntityKey[edu.ncsu.csc.itrust2.models.persistent.LogEntry#460]
21:21:01.739 [main] DEBUG org.hibernate.loader.Loader - Result set row: 440
21:21:01.739 [main] DEBUG org.hibernate.loader.Loader - Result row: EntityKey[edu.ncsu.csc.itrust2.models.persistent.LogEntry#461]
21:21:01.739 [main] DEBUG org.hibernate.loader.Loader - Result set row: 441
21:21:01.739 [main] DEBUG org.hibernate.loader.Loader - Result row: EntityKey[edu.ncsu.csc.itrust2.models.persistent.LogEntry#462]
21:21:01.739 [main] DEBUG org.hibernate.loader.Loader - Result set row: 442
21:21:01.739 [main] DEBUG org.hibernate.loader.Loader - Result row: EntityKey[edu.ncsu.csc.itrust2.models.persistent.LogEntry#463]
21:21:01.739 [main] DEBUG org.hibernate.loader.Loader - Result set row: 443
21:21:01.739 [main] DEBUG org.hibernate.loader.Loader - Result row: EntityKey[edu.ncsu.csc.itrust2.models.persistent.LogEntry#464]
21:21:01.740 [main] DEBUG org.hibernate.loader.Loader - Result set row: 444
21:21:01.740 [main] DEBUG org.hibernate.loader.Loader - Result row: EntityKey[edu.ncsu.csc.itrust2.models.persistent.LogEntry#465]
21:21:01.740 [main] DEBUG org.hibernate.loader.Loader - Result set row: 445
21:21:01.740 [main] DEBUG org.hibernate.loader.Loader - Result row: EntityKey[edu.ncsu.csc.itrust2.models.persistent.LogEntry#466]
21:21:01.740 [main] DEBUG org.hibernate.loader.Loader - Result set row: 446
21:21:01.740 [main] DEBUG org.hibernate.loader.Loader - Result row: EntityKey[edu.ncsu.csc.itrust2.models.persistent.LogEntry#467]
21:21:01.741 [main] DEBUG org.hibernate.loader.Loader - Result set row: 447
21:21:01.741 [main] DEBUG org.hibernate.loader.Loader - Result row: EntityKey[edu.ncsu.csc.itrust2.models.persistent.LogEntry#468]
21:21:01.741 [main] DEBUG org.hibernate.loader.Loader - Result set row: 448
21:21:01.741 [main] DEBUG org.hibernate.loader.Loader - Result row: EntityKey[edu.ncsu.csc.itrust2.models.persistent.LogEntry#469]
21:21:01.741 [main] DEBUG org.hibernate.loader.Loader - Result set row: 449
21:21:01.741 [main] DEBUG org.hibernate.loader.Loader - Result row: EntityKey[edu.ncsu.csc.itrust2.models.persistent.LogEntry#470]
21:21:01.741 [main] DEBUG org.hibernate.loader.Loader - Result set row: 450
21:21:01.741 [main] DEBUG org.hibernate.loader.Loader - Result row: EntityKey[edu.ncsu.csc.itrust2.models.persistent.LogEntry#471]
21:21:01.742 [main] DEBUG org.hibernate.loader.Loader - Result set row: 451
21:21:01.742 [main] DEBUG org.hibernate.loader.Loader - Result row: EntityKey[edu.ncsu.csc.itrust2.models.persistent.LogEntry#472]
21:21:01.742 [main] DEBUG org.hibernate.loader.Loader - Result set row: 452
21:21:01.742 [main] DEBUG org.hibernate.loader.Loader - Result row: EntityKey[edu.ncsu.csc.itrust2.models.persistent.LogEntry#473]
21:21:01.742 [main] DEBUG org.hibernate.loader.Loader - Result set row: 453
21:21:01.742 [main] DEBUG org.hibernate.loader.Loader - Result row: EntityKey[edu.ncsu.csc.itrust2.models.persistent.LogEntry#474]
21:21:01.742 [main] DEBUG org.hibernate.loader.Loader - Result set row: 454
21:21:01.742 [main] DEBUG org.hibernate.loader.Loader - Result row: EntityKey[edu.ncsu.csc.itrust2.models.persistent.LogEntry#475]
21:21:01.742 [main] DEBUG org.hibernate.loader.Loader - Result set row: 455
21:21:01.743 [main] DEBUG org.hibernate.loader.Loader - Result row: EntityKey[edu.ncsu.csc.itrust2.models.persistent.LogEntry#476]
21:21:01.743 [main] DEBUG org.hibernate.loader.Loader - Result set row: 456
21:21:01.743 [main] DEBUG org.hibernate.loader.Loader - Result row: EntityKey[edu.ncsu.csc.itrust2.models.persistent.LogEntry#477]
21:21:01.745 [main] DEBUG org.hibernate.loader.Loader - Result set row: 457
21:21:01.745 [main] DEBUG org.hibernate.loader.Loader - Result row: EntityKey[edu.ncsu.csc.itrust2.models.persistent.LogEntry#478]
21:21:01.745 [main] DEBUG org.hibernate.loader.Loader - Result set row: 458
21:21:01.746 [main] DEBUG org.hibernate.loader.Loader - Result row: EntityKey[edu.ncsu.csc.itrust2.models.persistent.LogEntry#479]
21:21:01.749 [main] DEBUG org.hibernate.loader.Loader - Result set row: 459
21:21:01.749 [main] DEBUG org.hibernate.loader.Loader - Result row: EntityKey[edu.ncsu.csc.itrust2.models.persistent.LogEntry#480]
21:21:01.749 [main] DEBUG org.hibernate.loader.Loader - Result set row: 460
21:21:01.749 [main] DEBUG org.hibernate.loader.Loader - Result row: EntityKey[edu.ncsu.csc.itrust2.models.persistent.LogEntry#481]
21:21:01.750 [main] DEBUG org.hibernate.loader.Loader - Result set row: 461
21:21:01.750 [main] DEBUG org.hibernate.loader.Loader - Result row: EntityKey[edu.ncsu.csc.itrust2.models.persistent.LogEntry#482]
21:21:01.750 [main] DEBUG org.hibernate.loader.Loader - Result set row: 462
21:21:01.750 [main] DEBUG org.hibernate.loader.Loader - Result row: EntityKey[edu.ncsu.csc.itrust2.models.persistent.LogEntry#483]
21:21:01.750 [main] DEBUG org.hibernate.loader.Loader - Result set row: 463
21:21:01.751 [main] DEBUG org.hibernate.loader.Loader - Result row: EntityKey[edu.ncsu.csc.itrust2.models.persistent.LogEntry#484]
21:21:01.751 [main] DEBUG org.hibernate.loader.Loader - Result set row: 464
21:21:01.751 [main] DEBUG org.hibernate.loader.Loader - Result row: EntityKey[edu.ncsu.csc.itrust2.models.persistent.LogEntry#485]
21:21:01.751 [main] DEBUG org.hibernate.loader.Loader - Result set row: 465
21:21:01.751 [main] DEBUG org.hibernate.loader.Loader - Result row: EntityKey[edu.ncsu.csc.itrust2.models.persistent.LogEntry#486]
21:21:01.751 [main] DEBUG org.hibernate.loader.Loader - Result set row: 466
21:21:01.751 [main] DEBUG org.hibernate.loader.Loader - Result row: EntityKey[edu.ncsu.csc.itrust2.models.persistent.LogEntry#487]
21:21:01.752 [main] DEBUG org.hibernate.loader.Loader - Result set row: 467
21:21:01.752 [main] DEBUG org.hibernate.loader.Loader - Result row: EntityKey[edu.ncsu.csc.itrust2.models.persistent.LogEntry#488]
21:21:01.752 [main] DEBUG org.hibernate.loader.Loader - Result set row: 468
21:21:01.752 [main] DEBUG org.hibernate.loader.Loader - Result row: EntityKey[edu.ncsu.csc.itrust2.models.persistent.LogEntry#489]
21:21:01.752 [main] DEBUG org.hibernate.loader.Loader - Result set row: 469
21:21:01.752 [main] DEBUG org.hibernate.loader.Loader - Result row: EntityKey[edu.ncsu.csc.itrust2.models.persistent.LogEntry#490]
21:21:01.753 [main] DEBUG org.hibernate.loader.Loader - Result set row: 470
21:21:01.753 [main] DEBUG org.hibernate.loader.Loader - Result row: EntityKey[edu.ncsu.csc.itrust2.models.persistent.LogEntry#491]
21:21:01.753 [main] DEBUG org.hibernate.loader.Loader - Result set row: 471
21:21:01.753 [main] DEBUG org.hibernate.loader.Loader - Result row: EntityKey[edu.ncsu.csc.itrust2.models.persistent.LogEntry#492]
21:21:01.753 [main] DEBUG org.hibernate.loader.Loader - Result set row: 472
21:21:01.753 [main] DEBUG org.hibernate.loader.Loader - Result row: EntityKey[edu.ncsu.csc.itrust2.models.persistent.LogEntry#493]
21:21:01.754 [main] DEBUG org.hibernate.loader.Loader - Result set row: 473
21:21:01.754 [main] DEBUG org.hibernate.loader.Loader - Result row: EntityKey[edu.ncsu.csc.itrust2.models.persistent.LogEntry#494]
21:21:01.754 [main] DEBUG org.hibernate.loader.Loader - Result set row: 474
21:21:01.754 [main] DEBUG org.hibernate.loader.Loader - Result row: EntityKey[edu.ncsu.csc.itrust2.models.persistent.LogEntry#495]
21:21:01.755 [main] DEBUG org.hibernate.loader.Loader - Result set row: 475
21:21:01.755 [main] DEBUG org.hibernate.loader.Loader - Result row: EntityKey[edu.ncsu.csc.itrust2.models.persistent.LogEntry#496]
21:21:01.755 [main] DEBUG org.hibernate.loader.Loader - Result set row: 476
21:21:01.755 [main] DEBUG org.hibernate.loader.Loader - Result row: EntityKey[edu.ncsu.csc.itrust2.models.persistent.LogEntry#497]
21:21:01.755 [main] DEBUG org.hibernate.loader.Loader - Result set row: 477
21:21:01.755 [main] DEBUG org.hibernate.loader.Loader - Result row: EntityKey[edu.ncsu.csc.itrust2.models.persistent.LogEntry#498]
21:21:01.756 [main] DEBUG org.hibernate.loader.Loader - Result set row: 478
21:21:01.756 [main] DEBUG org.hibernate.loader.Loader - Result row: EntityKey[edu.ncsu.csc.itrust2.models.persistent.LogEntry#499]
21:21:01.756 [main] DEBUG org.hibernate.loader.Loader - Result set row: 479
21:21:01.756 [main] DEBUG org.hibernate.loader.Loader - Result row: EntityKey[edu.ncsu.csc.itrust2.models.persistent.LogEntry#500]
21:21:01.756 [main] DEBUG org.hibernate.loader.Loader - Result set row: 480
21:21:01.756 [main] DEBUG org.hibernate.loader.Loader - Result row: EntityKey[edu.ncsu.csc.itrust2.models.persistent.LogEntry#501]
21:21:01.756 [main] DEBUG org.hibernate.loader.Loader - Result set row: 481
21:21:01.756 [main] DEBUG org.hibernate.loader.Loader - Result row: EntityKey[edu.ncsu.csc.itrust2.models.persistent.LogEntry#502]
21:21:01.757 [main] DEBUG org.hibernate.loader.Loader - Result set row: 482
21:21:01.757 [main] DEBUG org.hibernate.loader.Loader - Result row: EntityKey[edu.ncsu.csc.itrust2.models.persistent.LogEntry#503]
21:21:01.757 [main] DEBUG org.hibernate.loader.Loader - Result set row: 483
21:21:01.757 [main] DEBUG org.hibernate.loader.Loader - Result row: EntityKey[edu.ncsu.csc.itrust2.models.persistent.LogEntry#504]
21:21:01.757 [main] DEBUG org.hibernate.loader.Loader - Result set row: 484
21:21:01.757 [main] DEBUG org.hibernate.loader.Loader - Result row: EntityKey[edu.ncsu.csc.itrust2.models.persistent.LogEntry#505]
21:21:01.758 [main] DEBUG org.hibernate.loader.Loader - Result set row: 485
21:21:01.758 [main] DEBUG org.hibernate.loader.Loader - Result row: EntityKey[edu.ncsu.csc.itrust2.models.persistent.LogEntry#506]
21:21:01.758 [main] DEBUG org.hibernate.loader.Loader - Result set row: 486
21:21:01.758 [main] DEBUG org.hibernate.loader.Loader - Result row: EntityKey[edu.ncsu.csc.itrust2.models.persistent.LogEntry#507]
21:21:01.758 [main] DEBUG org.hibernate.loader.Loader - Result set row: 487
21:21:01.759 [main] DEBUG org.hibernate.loader.Loader - Result row: EntityKey[edu.ncsu.csc.itrust2.models.persistent.LogEntry#508]
21:21:01.761 [main] DEBUG org.hibernate.loader.Loader - Result set row: 488
21:21:01.761 [main] DEBUG org.hibernate.loader.Loader - Result row: EntityKey[edu.ncsu.csc.itrust2.models.persistent.LogEntry#509]
21:21:01.761 [main] DEBUG org.hibernate.loader.Loader - Result set row: 489
21:21:01.762 [main] DEBUG org.hibernate.loader.Loader - Result row: EntityKey[edu.ncsu.csc.itrust2.models.persistent.LogEntry#510]
21:21:01.762 [main] DEBUG org.hibernate.loader.Loader - Result set row: 490
21:21:01.762 [main] DEBUG org.hibernate.loader.Loader - Result row: EntityKey[edu.ncsu.csc.itrust2.models.persistent.LogEntry#511]
21:21:01.762 [main] DEBUG org.hibernate.loader.Loader - Result set row: 491
21:21:01.762 [main] DEBUG org.hibernate.loader.Loader - Result row: EntityKey[edu.ncsu.csc.itrust2.models.persistent.LogEntry#512]
21:21:01.763 [main] DEBUG org.hibernate.loader.Loader - Result set row: 492
21:21:01.763 [main] DEBUG org.hibernate.loader.Loader - Result row: EntityKey[edu.ncsu.csc.itrust2.models.persistent.LogEntry#513]
21:21:01.763 [main] DEBUG org.hibernate.loader.Loader - Result set row: 493
21:21:01.763 [main] DEBUG org.hibernate.loader.Loader - Result row: EntityKey[edu.ncsu.csc.itrust2.models.persistent.LogEntry#514]
21:21:01.763 [main] DEBUG org.hibernate.loader.Loader - Result set row: 494
21:21:01.763 [main] DEBUG org.hibernate.loader.Loader - Result row: EntityKey[edu.ncsu.csc.itrust2.models.persistent.LogEntry#515]
21:21:01.763 [main] DEBUG org.hibernate.loader.Loader - Result set row: 495
21:21:01.764 [main] DEBUG org.hibernate.loader.Loader - Result row: EntityKey[edu.ncsu.csc.itrust2.models.persistent.LogEntry#516]
21:21:01.764 [main] DEBUG org.hibernate.loader.Loader - Result set row: 496
21:21:01.764 [main] DEBUG org.hibernate.loader.Loader - Result row: EntityKey[edu.ncsu.csc.itrust2.models.persistent.LogEntry#517]
21:21:01.764 [main] DEBUG org.hibernate.loader.Loader - Result set row: 497
21:21:01.764 [main] DEBUG org.hibernate.loader.Loader - Result row: EntityKey[edu.ncsu.csc.itrust2.models.persistent.LogEntry#518]
21:21:01.764 [main] DEBUG org.hibernate.loader.Loader - Result set row: 498
21:21:01.764 [main] DEBUG org.hibernate.loader.Loader - Result row: EntityKey[edu.ncsu.csc.itrust2.models.persistent.LogEntry#519]
21:21:01.765 [main] DEBUG org.hibernate.loader.Loader - Result set row: 499
21:21:01.765 [main] DEBUG org.hibernate.loader.Loader - Result row: EntityKey[edu.ncsu.csc.itrust2.models.persistent.LogEntry#520]
21:21:01.765 [main] DEBUG o.h.engine.internal.TwoPhaseLoad - Resolving associations for [edu.ncsu.csc.itrust2.models.persistent.LogEntry#21]
21:21:01.765 [main] DEBUG o.h.engine.internal.TwoPhaseLoad - Done materializing entity [edu.ncsu.csc.itrust2.models.persistent.LogEntry#21]
21:21:01.765 [main] DEBUG o.h.engine.internal.TwoPhaseLoad - Resolving associations for [edu.ncsu.csc.itrust2.models.persistent.LogEntry#22]
21:21:01.766 [main] DEBUG o.h.engine.internal.TwoPhaseLoad - Done materializing entity [edu.ncsu.csc.itrust2.models.persistent.LogEntry#22]
21:21:01.766 [main] DEBUG o.h.engine.internal.TwoPhaseLoad - Resolving associations for [edu.ncsu.csc.itrust2.models.persistent.LogEntry#23]
21:21:01.766 [main] DEBUG o.h.engine.internal.TwoPhaseLoad - Done materializing entity [edu.ncsu.csc.itrust2.models.persistent.LogEntry#23]
21:21:01.766 [main] DEBUG o.h.engine.internal.TwoPhaseLoad - Resolving associations for [edu.ncsu.csc.itrust2.models.persistent.LogEntry#24]
21:21:01.766 [main] DEBUG o.h.engine.internal.TwoPhaseLoad - Done materializing entity [edu.ncsu.csc.itrust2.models.persistent.LogEntry#24]
21:21:01.766 [main] DEBUG o.h.engine.internal.TwoPhaseLoad - Resolving associations for [edu.ncsu.csc.itrust2.models.persistent.LogEntry#25]
21:21:01.766 [main] DEBUG o.h.engine.internal.TwoPhaseLoad - Done materializing entity [edu.ncsu.csc.itrust2.models.persistent.LogEntry#25]
21:21:01.766 [main] DEBUG o.h.engine.internal.TwoPhaseLoad - Resolving associations for [edu.ncsu.csc.itrust2.models.persistent.LogEntry#26]
21:21:01.767 [main] DEBUG o.h.engine.internal.TwoPhaseLoad - Done materializing entity [edu.ncsu.csc.itrust2.models.persistent.LogEntry#26]
21:21:01.767 [main] DEBUG o.h.engine.internal.TwoPhaseLoad - Resolving associations for [edu.ncsu.csc.itrust2.models.persistent.LogEntry#27]
21:21:01.767 [main] DEBUG o.h.engine.internal.TwoPhaseLoad - Done materializing entity [edu.ncsu.csc.itrust2.models.persistent.LogEntry#27]
21:21:01.767 [main] DEBUG o.h.engine.internal.TwoPhaseLoad - Resolving associations for [edu.ncsu.csc.itrust2.models.persistent.LogEntry#28]
21:21:01.768 [main] DEBUG o.h.engine.internal.TwoPhaseLoad - Done materializing entity [edu.ncsu.csc.itrust2.models.persistent.LogEntry#28]
21:21:01.768 [main] DEBUG o.h.engine.internal.TwoPhaseLoad - Resolving associations for [edu.ncsu.csc.itrust2.models.persistent.LogEntry#29]
21:21:01.768 [main] DEBUG o.h.engine.internal.TwoPhaseLoad - Done materializing entity [edu.ncsu.csc.itrust2.models.persistent.LogEntry#29]
21:21:01.768 [main] DEBUG o.h.engine.internal.TwoPhaseLoad - Resolving associations for [edu.ncsu.csc.itrust2.models.persistent.LogEntry#30]
21:21:01.769 [main] DEBUG o.h.engine.internal.TwoPhaseLoad - Done materializing entity [edu.ncsu.csc.itrust2.models.persistent.LogEntry#30]
21:21:01.769 [main] DEBUG o.h.engine.internal.TwoPhaseLoad - Resolving associations for [edu.ncsu.csc.itrust2.models.persistent.LogEntry#31]
21:21:01.769 [main] DEBUG o.h.engine.internal.TwoPhaseLoad - Done materializing entity [edu.ncsu.csc.itrust2.models.persistent.LogEntry#31]
21:21:01.769 [main] DEBUG o.h.engine.internal.TwoPhaseLoad - Resolving associations for [edu.ncsu.csc.itrust2.models.persistent.LogEntry#32]
21:21:01.769 [main] DEBUG o.h.engine.internal.TwoPhaseLoad - Done materializing entity [edu.ncsu.csc.itrust2.models.persistent.LogEntry#32]
21:21:01.769 [main] DEBUG o.h.engine.internal.TwoPhaseLoad - Resolving associations for [edu.ncsu.csc.itrust2.models.persistent.LogEntry#33]
21:21:01.769 [main] DEBUG o.h.engine.internal.TwoPhaseLoad - Done materializing entity [edu.ncsu.csc.itrust2.models.persistent.LogEntry#33]
21:21:01.769 [main] DEBUG o.h.engine.internal.TwoPhaseLoad - Resolving associations for [edu.ncsu.csc.itrust2.models.persistent.LogEntry#34]
21:21:01.770 [main] DEBUG o.h.engine.internal.TwoPhaseLoad - Done materializing entity [edu.ncsu.csc.itrust2.models.persistent.LogEntry#34]
21:21:01.770 [main] DEBUG o.h.engine.internal.TwoPhaseLoad - Resolving associations for [edu.ncsu.csc.itrust2.models.persistent.LogEntry#35]
21:21:01.770 [main] DEBUG o.h.engine.internal.TwoPhaseLoad - Done materializing entity [edu.ncsu.csc.itrust2.models.persistent.LogEntry#35]
21:21:01.770 [main] DEBUG o.h.engine.internal.TwoPhaseLoad - Resolving associations for [edu.ncsu.csc.itrust2.models.persistent.LogEntry#36]
21:21:01.770 [main] DEBUG o.h.engine.internal.TwoPhaseLoad - Done materializing entity [edu.ncsu.csc.itrust2.models.persistent.LogEntry#36]
21:21:01.770 [main] DEBUG o.h.engine.internal.TwoPhaseLoad - Resolving associations for [edu.ncsu.csc.itrust2.models.persistent.LogEntry#37]
21:21:01.770 [main] DEBUG o.h.engine.internal.TwoPhaseLoad - Done materializing entity [edu.ncsu.csc.itrust2.models.persistent.LogEntry#37]
21:21:01.770 [main] DEBUG o.h.engine.internal.TwoPhaseLoad - Resolving associations for [edu.ncsu.csc.itrust2.models.persistent.LogEntry#38]
21:21:01.770 [main] DEBUG o.h.engine.internal.TwoPhaseLoad - Done materializing entity [edu.ncsu.csc.itrust2.models.persistent.LogEntry#38]
21:21:01.770 [main] DEBUG o.h.engine.internal.TwoPhaseLoad - Resolving associations for [edu.ncsu.csc.itrust2.models.persistent.LogEntry#39]
21:21:01.770 [main] DEBUG o.h.engine.internal.TwoPhaseLoad - Done materializing entity [edu.ncsu.csc.itrust2.models.persistent.LogEntry#39]
21:21:01.770 [main] DEBUG o.h.engine.internal.TwoPhaseLoad - Resolving associations for [edu.ncsu.csc.itrust2.models.persistent.LogEntry#40]
21:21:01.770 [main] DEBUG o.h.engine.internal.TwoPhaseLoad - Done materializing entity [edu.ncsu.csc.itrust2.models.persistent.LogEntry#40]
21:21:01.771 [main] DEBUG o.h.engine.internal.TwoPhaseLoad - Resolving associations for [edu.ncsu.csc.itrust2.models.persistent.LogEntry#41]
21:21:01.771 [main] DEBUG o.h.engine.internal.TwoPhaseLoad - Done materializing entity [edu.ncsu.csc.itrust2.models.persistent.LogEntry#41]
21:21:01.771 [main] DEBUG o.h.engine.internal.TwoPhaseLoad - Resolving associations for [edu.ncsu.csc.itrust2.models.persistent.LogEntry#42]
21:21:01.771 [main] DEBUG o.h.engine.internal.TwoPhaseLoad - Done materializing entity [edu.ncsu.csc.itrust2.models.persistent.LogEntry#42]
21:21:01.771 [main] DEBUG o.h.engine.internal.TwoPhaseLoad - Resolving associations for [edu.ncsu.csc.itrust2.models.persistent.LogEntry#43]
21:21:01.771 [main] DEBUG o.h.engine.internal.TwoPhaseLoad - Done materializing entity [edu.ncsu.csc.itrust2.models.persistent.LogEntry#43]
21:21:01.771 [main] DEBUG o.h.engine.internal.TwoPhaseLoad - Resolving associations for [edu.ncsu.csc.itrust2.models.persistent.LogEntry#44]
21:21:01.771 [main] DEBUG o.h.engine.internal.TwoPhaseLoad - Done materializing entity [edu.ncsu.csc.itrust2.models.persistent.LogEntry#44]
21:21:01.771 [main] DEBUG o.h.engine.internal.TwoPhaseLoad - Resolving associations for [edu.ncsu.csc.itrust2.models.persistent.LogEntry#45]
21:21:01.771 [main] DEBUG o.h.engine.internal.TwoPhaseLoad - Done materializing entity [edu.ncsu.csc.itrust2.models.persistent.LogEntry#45]
21:21:01.771 [main] DEBUG o.h.engine.internal.TwoPhaseLoad - Resolving associations for [edu.ncsu.csc.itrust2.models.persistent.LogEntry#46]
21:21:01.772 [main] DEBUG o.h.engine.internal.TwoPhaseLoad - Done materializing entity [edu.ncsu.csc.itrust2.models.persistent.LogEntry#46]
21:21:01.772 [main] DEBUG o.h.engine.internal.TwoPhaseLoad - Resolving associations for [edu.ncsu.csc.itrust2.models.persistent.LogEntry#47]
21:21:01.772 [main] DEBUG o.h.engine.internal.TwoPhaseLoad - Done materializing entity [edu.ncsu.csc.itrust2.models.persistent.LogEntry#47]
21:21:01.772 [main] DEBUG o.h.engine.internal.TwoPhaseLoad - Resolving associations for [edu.ncsu.csc.itrust2.models.persistent.LogEntry#48]
21:21:01.772 [main] DEBUG o.h.engine.internal.TwoPhaseLoad - Done materializing entity [edu.ncsu.csc.itrust2.models.persistent.LogEntry#48]
21:21:01.772 [main] DEBUG o.h.engine.internal.TwoPhaseLoad - Resolving associations for [edu.ncsu.csc.itrust2.models.persistent.LogEntry#49]
21:21:01.772 [main] DEBUG o.h.engine.internal.TwoPhaseLoad - Done materializing entity [edu.ncsu.csc.itrust2.models.persistent.LogEntry#49]
21:21:01.772 [main] DEBUG o.h.engine.internal.TwoPhaseLoad - Resolving associations for [edu.ncsu.csc.itrust2.models.persistent.LogEntry#50]
21:21:01.773 [main] DEBUG o.h.engine.internal.TwoPhaseLoad - Done materializing entity [edu.ncsu.csc.itrust2.models.persistent.LogEntry#50]
21:21:01.773 [main] DEBUG o.h.engine.internal.TwoPhaseLoad - Resolving associations for [edu.ncsu.csc.itrust2.models.persistent.LogEntry#51]
21:21:01.774 [main] DEBUG o.h.engine.internal.TwoPhaseLoad - Done materializing entity [edu.ncsu.csc.itrust2.models.persistent.LogEntry#51]
21:21:01.774 [main] DEBUG o.h.engine.internal.TwoPhaseLoad - Resolving associations for [edu.ncsu.csc.itrust2.models.persistent.LogEntry#52]
21:21:01.774 [main] DEBUG o.h.engine.internal.TwoPhaseLoad - Done materializing entity [edu.ncsu.csc.itrust2.models.persistent.LogEntry#52]
21:21:01.774 [main] DEBUG o.h.engine.internal.TwoPhaseLoad - Resolving associations for [edu.ncsu.csc.itrust2.models.persistent.LogEntry#53]
21:21:01.774 [main] DEBUG o.h.engine.internal.TwoPhaseLoad - Done materializing entity [edu.ncsu.csc.itrust2.models.persistent.LogEntry#53]
21:21:01.774 [main] DEBUG o.h.engine.internal.TwoPhaseLoad - Resolving associations for [edu.ncsu.csc.itrust2.models.persistent.LogEntry#54]
21:21:01.775 [main] DEBUG o.h.engine.internal.TwoPhaseLoad - Done materializing entity [edu.ncsu.csc.itrust2.models.persistent.LogEntry#54]
21:21:01.775 [main] DEBUG o.h.engine.internal.TwoPhaseLoad - Resolving associations for [edu.ncsu.csc.itrust2.models.persistent.LogEntry#55]
21:21:01.775 [main] DEBUG o.h.engine.internal.TwoPhaseLoad - Done materializing entity [edu.ncsu.csc.itrust2.models.persistent.LogEntry#55]
21:21:01.775 [main] DEBUG o.h.engine.internal.TwoPhaseLoad - Resolving associations for [edu.ncsu.csc.itrust2.models.persistent.LogEntry#56]
21:21:01.775 [main] DEBUG o.h.engine.internal.TwoPhaseLoad - Done materializing entity [edu.ncsu.csc.itrust2.models.persistent.LogEntry#56]
21:21:01.775 [main] DEBUG o.h.engine.internal.TwoPhaseLoad - Resolving associations for [edu.ncsu.csc.itrust2.models.persistent.LogEntry#57]
21:21:01.775 [main] DEBUG o.h.engine.internal.TwoPhaseLoad - Done materializing entity [edu.ncsu.csc.itrust2.models.persistent.LogEntry#57]
21:21:01.775 [main] DEBUG o.h.engine.internal.TwoPhaseLoad - Resolving associations for [edu.ncsu.csc.itrust2.models.persistent.LogEntry#58]
21:21:01.775 [main] DEBUG o.h.engine.internal.TwoPhaseLoad - Done materializing entity [edu.ncsu.csc.itrust2.models.persistent.LogEntry#58]
21:21:01.775 [main] DEBUG o.h.engine.internal.TwoPhaseLoad - Resolving associations for [edu.ncsu.csc.itrust2.models.persistent.LogEntry#59]
21:21:01.775 [main] DEBUG o.h.engine.internal.TwoPhaseLoad - Done materializing entity [edu.ncsu.csc.itrust2.models.persistent.LogEntry#59]
21:21:01.775 [main] DEBUG o.h.engine.internal.TwoPhaseLoad - Resolving associations for [edu.ncsu.csc.itrust2.models.persistent.LogEntry#60]
21:21:01.776 [main] DEBUG o.h.engine.internal.TwoPhaseLoad - Done materializing entity [edu.ncsu.csc.itrust2.models.persistent.LogEntry#60]
21:21:01.776 [main] DEBUG o.h.engine.internal.TwoPhaseLoad - Resolving associations for [edu.ncsu.csc.itrust2.models.persistent.LogEntry#61]
21:21:01.776 [main] DEBUG o.h.engine.internal.TwoPhaseLoad - Done materializing entity [edu.ncsu.csc.itrust2.models.persistent.LogEntry#61]
21:21:01.776 [main] DEBUG o.h.engine.internal.TwoPhaseLoad - Resolving associations for [edu.ncsu.csc.itrust2.models.persistent.LogEntry#62]
21:21:01.776 [main] DEBUG o.h.engine.internal.TwoPhaseLoad - Done materializing entity [edu.ncsu.csc.itrust2.models.persistent.LogEntry#62]
21:21:01.776 [main] DEBUG o.h.engine.internal.TwoPhaseLoad - Resolving associations for [edu.ncsu.csc.itrust2.models.persistent.LogEntry#63]
21:21:01.776 [main] DEBUG o.h.engine.internal.TwoPhaseLoad - Done materializing entity [edu.ncsu.csc.itrust2.models.persistent.LogEntry#63]
21:21:01.776 [main] DEBUG o.h.engine.internal.TwoPhaseLoad - Resolving associations for [edu.ncsu.csc.itrust2.models.persistent.LogEntry#64]
21:21:01.776 [main] DEBUG o.h.engine.internal.TwoPhaseLoad - Done materializing entity [edu.ncsu.csc.itrust2.models.persistent.LogEntry#64]
21:21:01.776 [main] DEBUG o.h.engine.internal.TwoPhaseLoad - Resolving associations for [edu.ncsu.csc.itrust2.models.persistent.LogEntry#65]
21:21:01.776 [main] DEBUG o.h.engine.internal.TwoPhaseLoad - Done materializing entity [edu.ncsu.csc.itrust2.models.persistent.LogEntry#65]
21:21:01.776 [main] DEBUG o.h.engine.internal.TwoPhaseLoad - Resolving associations for [edu.ncsu.csc.itrust2.models.persistent.LogEntry#66]
21:21:01.777 [main] DEBUG o.h.engine.internal.TwoPhaseLoad - Done materializing entity [edu.ncsu.csc.itrust2.models.persistent.LogEntry#66]
21:21:01.777 [main] DEBUG o.h.engine.internal.TwoPhaseLoad - Resolving associations for [edu.ncsu.csc.itrust2.models.persistent.LogEntry#67]
21:21:01.777 [main] DEBUG o.h.engine.internal.TwoPhaseLoad - Done materializing entity [edu.ncsu.csc.itrust2.models.persistent.LogEntry#67]
21:21:01.777 [main] DEBUG o.h.engine.internal.TwoPhaseLoad - Resolving associations for [edu.ncsu.csc.itrust2.models.persistent.LogEntry#68]
21:21:01.777 [main] DEBUG o.h.engine.internal.TwoPhaseLoad - Done materializing entity [edu.ncsu.csc.itrust2.models.persistent.LogEntry#68]
21:21:01.777 [main] DEBUG o.h.engine.internal.TwoPhaseLoad - Resolving associations for [edu.ncsu.csc.itrust2.models.persistent.LogEntry#69]
21:21:01.777 [main] DEBUG o.h.engine.internal.TwoPhaseLoad - Done materializing entity [edu.ncsu.csc.itrust2.models.persistent.LogEntry#69]
21:21:01.777 [main] DEBUG o.h.engine.internal.TwoPhaseLoad - Resolving associations for [edu.ncsu.csc.itrust2.models.persistent.LogEntry#70]
21:21:01.777 [main] DEBUG o.h.engine.internal.TwoPhaseLoad - Done materializing entity [edu.ncsu.csc.itrust2.models.persistent.LogEntry#70]
21:21:01.777 [main] DEBUG o.h.engine.internal.TwoPhaseLoad - Resolving associations for [edu.ncsu.csc.itrust2.models.persistent.LogEntry#71]
21:21:01.777 [main] DEBUG o.h.engine.internal.TwoPhaseLoad - Done materializing entity [edu.ncsu.csc.itrust2.models.persistent.LogEntry#71]
21:21:01.777 [main] DEBUG o.h.engine.internal.TwoPhaseLoad - Resolving associations for [edu.ncsu.csc.itrust2.models.persistent.LogEntry#72]
21:21:01.778 [main] DEBUG o.h.engine.internal.TwoPhaseLoad - Done materializing entity [edu.ncsu.csc.itrust2.models.persistent.LogEntry#72]
21:21:01.778 [main] DEBUG o.h.engine.internal.TwoPhaseLoad - Resolving associations for [edu.ncsu.csc.itrust2.models.persistent.LogEntry#73]
21:21:01.778 [main] DEBUG o.h.engine.internal.TwoPhaseLoad - Done materializing entity [edu.ncsu.csc.itrust2.models.persistent.LogEntry#73]
21:21:01.778 [main] DEBUG o.h.engine.internal.TwoPhaseLoad - Resolving associations for [edu.ncsu.csc.itrust2.models.persistent.LogEntry#74]
21:21:01.778 [main] DEBUG o.h.engine.internal.TwoPhaseLoad - Done materializing entity [edu.ncsu.csc.itrust2.models.persistent.LogEntry#74]
21:21:01.778 [main] DEBUG o.h.engine.internal.TwoPhaseLoad - Resolving associations for [edu.ncsu.csc.itrust2.models.persistent.LogEntry#75]
21:21:01.778 [main] DEBUG o.h.engine.internal.TwoPhaseLoad - Done materializing entity [edu.ncsu.csc.itrust2.models.persistent.LogEntry#75]
21:21:01.778 [main] DEBUG o.h.engine.internal.TwoPhaseLoad - Resolving associations for [edu.ncsu.csc.itrust2.models.persistent.LogEntry#76]
21:21:01.778 [main] DEBUG o.h.engine.internal.TwoPhaseLoad - Done materializing entity [edu.ncsu.csc.itrust2.models.persistent.LogEntry#76]
21:21:01.778 [main] DEBUG o.h.engine.internal.TwoPhaseLoad - Resolving associations for [edu.ncsu.csc.itrust2.models.persistent.LogEntry#77]
21:21:01.778 [main] DEBUG o.h.engine.internal.TwoPhaseLoad - Done materializing entity [edu.ncsu.csc.itrust2.models.persistent.LogEntry#77]
21:21:01.779 [main] DEBUG o.h.engine.internal.TwoPhaseLoad - Resolving associations for [edu.ncsu.csc.itrust2.models.persistent.LogEntry#78]
21:21:01.779 [main] DEBUG o.h.engine.internal.TwoPhaseLoad - Done materializing entity [edu.ncsu.csc.itrust2.models.persistent.LogEntry#78]
21:21:01.779 [main] DEBUG o.h.engine.internal.TwoPhaseLoad - Resolving associations for [edu.ncsu.csc.itrust2.models.persistent.LogEntry#79]
21:21:01.779 [main] DEBUG o.h.engine.internal.TwoPhaseLoad - Done materializing entity [edu.ncsu.csc.itrust2.models.persistent.LogEntry#79]
21:21:01.779 [main] DEBUG o.h.engine.internal.TwoPhaseLoad - Resolving associations for [edu.ncsu.csc.itrust2.models.persistent.LogEntry#80]
21:21:01.779 [main] DEBUG o.h.engine.internal.TwoPhaseLoad - Done materializing entity [edu.ncsu.csc.itrust2.models.persistent.LogEntry#80]
21:21:01.779 [main] DEBUG o.h.engine.internal.TwoPhaseLoad - Resolving associations for [edu.ncsu.csc.itrust2.models.persistent.LogEntry#81]
21:21:01.779 [main] DEBUG o.h.engine.internal.TwoPhaseLoad - Done materializing entity [edu.ncsu.csc.itrust2.models.persistent.LogEntry#81]
21:21:01.779 [main] DEBUG o.h.engine.internal.TwoPhaseLoad - Resolving associations for [edu.ncsu.csc.itrust2.models.persistent.LogEntry#82]
21:21:01.779 [main] DEBUG o.h.engine.internal.TwoPhaseLoad - Done materializing entity [edu.ncsu.csc.itrust2.models.persistent.LogEntry#82]
21:21:01.780 [main] DEBUG o.h.engine.internal.TwoPhaseLoad - Resolving associations for [edu.ncsu.csc.itrust2.models.persistent.LogEntry#83]
21:21:01.780 [main] DEBUG o.h.engine.internal.TwoPhaseLoad - Done materializing entity [edu.ncsu.csc.itrust2.models.persistent.LogEntry#83]
21:21:01.780 [main] DEBUG o.h.engine.internal.TwoPhaseLoad - Resolving associations for [edu.ncsu.csc.itrust2.models.persistent.LogEntry#84]
21:21:01.780 [main] DEBUG o.h.engine.internal.TwoPhaseLoad - Done materializing entity [edu.ncsu.csc.itrust2.models.persistent.LogEntry#84]
21:21:01.780 [main] DEBUG o.h.engine.internal.TwoPhaseLoad - Resolving associations for [edu.ncsu.csc.itrust2.models.persistent.LogEntry#85]
21:21:01.780 [main] DEBUG o.h.engine.internal.TwoPhaseLoad - Done materializing entity [edu.ncsu.csc.itrust2.models.persistent.LogEntry#85]
21:21:01.780 [main] DEBUG o.h.engine.internal.TwoPhaseLoad - Resolving associations for [edu.ncsu.csc.itrust2.models.persistent.LogEntry#86]
21:21:01.780 [main] DEBUG o.h.engine.internal.TwoPhaseLoad - Done materializing entity [edu.ncsu.csc.itrust2.models.persistent.LogEntry#86]
21:21:01.780 [main] DEBUG o.h.engine.internal.TwoPhaseLoad - Resolving associations for [edu.ncsu.csc.itrust2.models.persistent.LogEntry#87]
21:21:01.780 [main] DEBUG o.h.engine.internal.TwoPhaseLoad - Done materializing entity [edu.ncsu.csc.itrust2.models.persistent.LogEntry#87]
21:21:01.780 [main] DEBUG o.h.engine.internal.TwoPhaseLoad - Resolving associations for [edu.ncsu.csc.itrust2.models.persistent.LogEntry#88]
21:21:01.781 [main] DEBUG o.h.engine.internal.TwoPhaseLoad - Done materializing entity [edu.ncsu.csc.itrust2.models.persistent.LogEntry#88]
21:21:01.781 [main] DEBUG o.h.engine.internal.TwoPhaseLoad - Resolving associations for [edu.ncsu.csc.itrust2.models.persistent.LogEntry#89]
21:21:01.781 [main] DEBUG o.h.engine.internal.TwoPhaseLoad - Done materializing entity [edu.ncsu.csc.itrust2.models.persistent.LogEntry#89]
21:21:01.781 [main] DEBUG o.h.engine.internal.TwoPhaseLoad - Resolving associations for [edu.ncsu.csc.itrust2.models.persistent.LogEntry#90]
21:21:01.781 [main] DEBUG o.h.engine.internal.TwoPhaseLoad - Done materializing entity [edu.ncsu.csc.itrust2.models.persistent.LogEntry#90]
21:21:01.781 [main] DEBUG o.h.engine.internal.TwoPhaseLoad - Resolving associations for [edu.ncsu.csc.itrust2.models.persistent.LogEntry#91]
21:21:01.781 [main] DEBUG o.h.engine.internal.TwoPhaseLoad - Done materializing entity [edu.ncsu.csc.itrust2.models.persistent.LogEntry#91]
21:21:01.781 [main] DEBUG o.h.engine.internal.TwoPhaseLoad - Resolving associations for [edu.ncsu.csc.itrust2.models.persistent.LogEntry#92]
21:21:01.781 [main] DEBUG o.h.engine.internal.TwoPhaseLoad - Done materializing entity [edu.ncsu.csc.itrust2.models.persistent.LogEntry#92]
21:21:01.781 [main] DEBUG o.h.engine.internal.TwoPhaseLoad - Resolving associations for [edu.ncsu.csc.itrust2.models.persistent.LogEntry#93]
21:21:01.781 [main] DEBUG o.h.engine.internal.TwoPhaseLoad - Done materializing entity [edu.ncsu.csc.itrust2.models.persistent.LogEntry#93]
21:21:01.781 [main] DEBUG o.h.engine.internal.TwoPhaseLoad - Resolving associations for [edu.ncsu.csc.itrust2.models.persistent.LogEntry#94]
21:21:01.782 [main] DEBUG o.h.engine.internal.TwoPhaseLoad - Done materializing entity [edu.ncsu.csc.itrust2.models.persistent.LogEntry#94]
21:21:01.782 [main] DEBUG o.h.engine.internal.TwoPhaseLoad - Resolving associations for [edu.ncsu.csc.itrust2.models.persistent.LogEntry#95]
21:21:01.782 [main] DEBUG o.h.engine.internal.TwoPhaseLoad - Done materializing entity [edu.ncsu.csc.itrust2.models.persistent.LogEntry#95]
21:21:01.782 [main] DEBUG o.h.engine.internal.TwoPhaseLoad - Resolving associations for [edu.ncsu.csc.itrust2.models.persistent.LogEntry#96]
21:21:01.782 [main] DEBUG o.h.engine.internal.TwoPhaseLoad - Done materializing entity [edu.ncsu.csc.itrust2.models.persistent.LogEntry#96]
21:21:01.782 [main] DEBUG o.h.engine.internal.TwoPhaseLoad - Resolving associations for [edu.ncsu.csc.itrust2.models.persistent.LogEntry#97]
21:21:01.782 [main] DEBUG o.h.engine.internal.TwoPhaseLoad - Done materializing entity [edu.ncsu.csc.itrust2.models.persistent.LogEntry#97]
21:21:01.782 [main] DEBUG o.h.engine.internal.TwoPhaseLoad - Resolving associations for [edu.ncsu.csc.itrust2.models.persistent.LogEntry#98]
21:21:01.782 [main] DEBUG o.h.engine.internal.TwoPhaseLoad - Done materializing entity [edu.ncsu.csc.itrust2.models.persistent.LogEntry#98]
21:21:01.782 [main] DEBUG o.h.engine.internal.TwoPhaseLoad - Resolving associations for [edu.ncsu.csc.itrust2.models.persistent.LogEntry#99]
21:21:01.782 [main] DEBUG o.h.engine.internal.TwoPhaseLoad - Done materializing entity [edu.ncsu.csc.itrust2.models.persistent.LogEntry#99]
21:21:01.782 [main] DEBUG o.h.engine.internal.TwoPhaseLoad - Resolving associations for [edu.ncsu.csc.itrust2.models.persistent.LogEntry#100]
21:21:01.783 [main] DEBUG o.h.engine.internal.TwoPhaseLoad - Done materializing entity [edu.ncsu.csc.itrust2.models.persistent.LogEntry#100]
21:21:01.783 [main] DEBUG o.h.engine.internal.TwoPhaseLoad - Resolving associations for [edu.ncsu.csc.itrust2.models.persistent.LogEntry#101]
21:21:01.783 [main] DEBUG o.h.engine.internal.TwoPhaseLoad - Done materializing entity [edu.ncsu.csc.itrust2.models.persistent.LogEntry#101]
21:21:01.783 [main] DEBUG o.h.engine.internal.TwoPhaseLoad - Resolving associations for [edu.ncsu.csc.itrust2.models.persistent.LogEntry#102]
21:21:01.783 [main] DEBUG o.h.engine.internal.TwoPhaseLoad - Done materializing entity [edu.ncsu.csc.itrust2.models.persistent.LogEntry#102]
21:21:01.783 [main] DEBUG o.h.engine.internal.TwoPhaseLoad - Resolving associations for [edu.ncsu.csc.itrust2.models.persistent.LogEntry#103]
21:21:01.783 [main] DEBUG o.h.engine.internal.TwoPhaseLoad - Done materializing entity [edu.ncsu.csc.itrust2.models.persistent.LogEntry#103]
21:21:01.783 [main] DEBUG o.h.engine.internal.TwoPhaseLoad - Resolving associations for [edu.ncsu.csc.itrust2.models.persistent.LogEntry#104]
21:21:01.783 [main] DEBUG o.h.engine.internal.TwoPhaseLoad - Done materializing entity [edu.ncsu.csc.itrust2.models.persistent.LogEntry#104]
21:21:01.783 [main] DEBUG o.h.engine.internal.TwoPhaseLoad - Resolving associations for [edu.ncsu.csc.itrust2.models.persistent.LogEntry#105]
21:21:01.783 [main] DEBUG o.h.engine.internal.TwoPhaseLoad - Done materializing entity [edu.ncsu.csc.itrust2.models.persistent.LogEntry#105]
21:21:01.783 [main] DEBUG o.h.engine.internal.TwoPhaseLoad - Resolving associations for [edu.ncsu.csc.itrust2.models.persistent.LogEntry#106]
21:21:01.783 [main] DEBUG o.h.engine.internal.TwoPhaseLoad - Done materializing entity [edu.ncsu.csc.itrust2.models.persistent.LogEntry#106]
21:21:01.784 [main] DEBUG o.h.engine.internal.TwoPhaseLoad - Resolving associations for [edu.ncsu.csc.itrust2.models.persistent.LogEntry#107]
21:21:01.784 [main] DEBUG o.h.engine.internal.TwoPhaseLoad - Done materializing entity [edu.ncsu.csc.itrust2.models.persistent.LogEntry#107]
21:21:01.784 [main] DEBUG o.h.engine.internal.TwoPhaseLoad - Resolving associations for [edu.ncsu.csc.itrust2.models.persistent.LogEntry#108]
21:21:01.784 [main] DEBUG o.h.engine.internal.TwoPhaseLoad - Done materializing entity [edu.ncsu.csc.itrust2.models.persistent.LogEntry#108]
21:21:01.784 [main] DEBUG o.h.engine.internal.TwoPhaseLoad - Resolving associations for [edu.ncsu.csc.itrust2.models.persistent.LogEntry#109]
21:21:01.784 [main] DEBUG o.h.engine.internal.TwoPhaseLoad - Done materializing entity [edu.ncsu.csc.itrust2.models.persistent.LogEntry#109]
21:21:01.784 [main] DEBUG o.h.engine.internal.TwoPhaseLoad - Resolving associations for [edu.ncsu.csc.itrust2.models.persistent.LogEntry#110]
21:21:01.784 [main] DEBUG o.h.engine.internal.TwoPhaseLoad - Done materializing entity [edu.ncsu.csc.itrust2.models.persistent.LogEntry#110]
21:21:01.784 [main] DEBUG o.h.engine.internal.TwoPhaseLoad - Resolving associations for [edu.ncsu.csc.itrust2.models.persistent.LogEntry#111]
21:21:01.784 [main] DEBUG o.h.engine.internal.TwoPhaseLoad - Done materializing entity [edu.ncsu.csc.itrust2.models.persistent.LogEntry#111]
21:21:01.784 [main] DEBUG o.h.engine.internal.TwoPhaseLoad - Resolving associations for [edu.ncsu.csc.itrust2.models.persistent.LogEntry#112]
21:21:01.784 [main] DEBUG o.h.engine.internal.TwoPhaseLoad - Done materializing entity [edu.ncsu.csc.itrust2.models.persistent.LogEntry#112]
21:21:01.785 [main] DEBUG o.h.engine.internal.TwoPhaseLoad - Resolving associations for [edu.ncsu.csc.itrust2.models.persistent.LogEntry#113]
21:21:01.785 [main] DEBUG o.h.engine.internal.TwoPhaseLoad - Done materializing entity [edu.ncsu.csc.itrust2.models.persistent.LogEntry#113]
21:21:01.785 [main] DEBUG o.h.engine.internal.TwoPhaseLoad - Resolving associations for [edu.ncsu.csc.itrust2.models.persistent.LogEntry#114]
21:21:01.785 [main] DEBUG o.h.engine.internal.TwoPhaseLoad - Done materializing entity [edu.ncsu.csc.itrust2.models.persistent.LogEntry#114]
21:21:01.785 [main] DEBUG o.h.engine.internal.TwoPhaseLoad - Resolving associations for [edu.ncsu.csc.itrust2.models.persistent.LogEntry#115]
21:21:01.785 [main] DEBUG o.h.engine.internal.TwoPhaseLoad - Done materializing entity [edu.ncsu.csc.itrust2.models.persistent.LogEntry#115]
21:21:01.785 [main] DEBUG o.h.engine.internal.TwoPhaseLoad - Resolving associations for [edu.ncsu.csc.itrust2.models.persistent.LogEntry#116]
21:21:01.785 [main] DEBUG o.h.engine.internal.TwoPhaseLoad - Done materializing entity [edu.ncsu.csc.itrust2.models.persistent.LogEntry#116]
21:21:01.785 [main] DEBUG o.h.engine.internal.TwoPhaseLoad - Resolving associations for [edu.ncsu.csc.itrust2.models.persistent.LogEntry#117]
21:21:01.785 [main] DEBUG o.h.engine.internal.TwoPhaseLoad - Done materializing entity [edu.ncsu.csc.itrust2.models.persistent.LogEntry#117]
21:21:01.785 [main] DEBUG o.h.engine.internal.TwoPhaseLoad - Resolving associations for [edu.ncsu.csc.itrust2.models.persistent.LogEntry#118]
21:21:01.785 [main] DEBUG o.h.engine.internal.TwoPhaseLoad - Done materializing entity [edu.ncsu.csc.itrust2.models.persistent.LogEntry#118]
21:21:01.786 [main] DEBUG o.h.engine.internal.TwoPhaseLoad - Resolving associations for [edu.ncsu.csc.itrust2.models.persistent.LogEntry#119]
21:21:01.786 [main] DEBUG o.h.engine.internal.TwoPhaseLoad - Done materializing entity [edu.ncsu.csc.itrust2.models.persistent.LogEntry#119]
21:21:01.786 [main] DEBUG o.h.engine.internal.TwoPhaseLoad - Resolving associations for [edu.ncsu.csc.itrust2.models.persistent.LogEntry#120]
21:21:01.786 [main] DEBUG o.h.engine.internal.TwoPhaseLoad - Done materializing entity [edu.ncsu.csc.itrust2.models.persistent.LogEntry#120]
21:21:01.786 [main] DEBUG o.h.engine.internal.TwoPhaseLoad - Resolving associations for [edu.ncsu.csc.itrust2.models.persistent.LogEntry#121]
21:21:01.786 [main] DEBUG o.h.engine.internal.TwoPhaseLoad - Done materializing entity [edu.ncsu.csc.itrust2.models.persistent.LogEntry#121]
21:21:01.786 [main] DEBUG o.h.engine.internal.TwoPhaseLoad - Resolving associations for [edu.ncsu.csc.itrust2.models.persistent.LogEntry#122]
21:21:01.786 [main] DEBUG o.h.engine.internal.TwoPhaseLoad - Done materializing entity [edu.ncsu.csc.itrust2.models.persistent.LogEntry#122]
21:21:01.786 [main] DEBUG o.h.engine.internal.TwoPhaseLoad - Resolving associations for [edu.ncsu.csc.itrust2.models.persistent.LogEntry#123]
21:21:01.786 [main] DEBUG o.h.engine.internal.TwoPhaseLoad - Done materializing entity [edu.ncsu.csc.itrust2.models.persistent.LogEntry#123]
21:21:01.786 [main] DEBUG o.h.engine.internal.TwoPhaseLoad - Resolving associations for [edu.ncsu.csc.itrust2.models.persistent.LogEntry#124]
21:21:01.786 [main] DEBUG o.h.engine.internal.TwoPhaseLoad - Done materializing entity [edu.ncsu.csc.itrust2.models.persistent.LogEntry#124]
21:21:01.786 [main] DEBUG o.h.engine.internal.TwoPhaseLoad - Resolving associations for [edu.ncsu.csc.itrust2.models.persistent.LogEntry#125]
21:21:01.787 [main] DEBUG o.h.engine.internal.TwoPhaseLoad - Done materializing entity [edu.ncsu.csc.itrust2.models.persistent.LogEntry#125]
21:21:01.787 [main] DEBUG o.h.engine.internal.TwoPhaseLoad - Resolving associations for [edu.ncsu.csc.itrust2.models.persistent.LogEntry#126]
21:21:01.787 [main] DEBUG o.h.engine.internal.TwoPhaseLoad - Done materializing entity [edu.ncsu.csc.itrust2.models.persistent.LogEntry#126]
21:21:01.787 [main] DEBUG o.h.engine.internal.TwoPhaseLoad - Resolving associations for [edu.ncsu.csc.itrust2.models.persistent.LogEntry#127]
21:21:01.787 [main] DEBUG o.h.engine.internal.TwoPhaseLoad - Done materializing entity [edu.ncsu.csc.itrust2.models.persistent.LogEntry#127]
21:21:01.787 [main] DEBUG o.h.engine.internal.TwoPhaseLoad - Resolving associations for [edu.ncsu.csc.itrust2.models.persistent.LogEntry#128]
21:21:01.787 [main] DEBUG o.h.engine.internal.TwoPhaseLoad - Done materializing entity [edu.ncsu.csc.itrust2.models.persistent.LogEntry#128]
21:21:01.787 [main] DEBUG o.h.engine.internal.TwoPhaseLoad - Resolving associations for [edu.ncsu.csc.itrust2.models.persistent.LogEntry#129]
21:21:01.787 [main] DEBUG o.h.engine.internal.TwoPhaseLoad - Done materializing entity [edu.ncsu.csc.itrust2.models.persistent.LogEntry#129]
21:21:01.787 [main] DEBUG o.h.engine.internal.TwoPhaseLoad - Resolving associations for [edu.ncsu.csc.itrust2.models.persistent.LogEntry#130]
21:21:01.787 [main] DEBUG o.h.engine.internal.TwoPhaseLoad - Done materializing entity [edu.ncsu.csc.itrust2.models.persistent.LogEntry#130]
21:21:01.787 [main] DEBUG o.h.engine.internal.TwoPhaseLoad - Resolving associations for [edu.ncsu.csc.itrust2.models.persistent.LogEntry#131]
21:21:01.788 [main] DEBUG o.h.engine.internal.TwoPhaseLoad - Done materializing entity [edu.ncsu.csc.itrust2.models.persistent.LogEntry#131]
21:21:01.788 [main] DEBUG o.h.engine.internal.TwoPhaseLoad - Resolving associations for [edu.ncsu.csc.itrust2.models.persistent.LogEntry#132]
21:21:01.788 [main] DEBUG o.h.engine.internal.TwoPhaseLoad - Done materializing entity [edu.ncsu.csc.itrust2.models.persistent.LogEntry#132]
21:21:01.788 [main] DEBUG o.h.engine.internal.TwoPhaseLoad - Resolving associations for [edu.ncsu.csc.itrust2.models.persistent.LogEntry#133]
21:21:01.788 [main] DEBUG o.h.engine.internal.TwoPhaseLoad - Done materializing entity [edu.ncsu.csc.itrust2.models.persistent.LogEntry#133]
21:21:01.788 [main] DEBUG o.h.engine.internal.TwoPhaseLoad - Resolving associations for [edu.ncsu.csc.itrust2.models.persistent.LogEntry#134]
21:21:01.788 [main] DEBUG o.h.engine.internal.TwoPhaseLoad - Done materializing entity [edu.ncsu.csc.itrust2.models.persistent.LogEntry#134]
21:21:01.788 [main] DEBUG o.h.engine.internal.TwoPhaseLoad - Resolving associations for [edu.ncsu.csc.itrust2.models.persistent.LogEntry#135]
21:21:01.788 [main] DEBUG o.h.engine.internal.TwoPhaseLoad - Done materializing entity [edu.ncsu.csc.itrust2.models.persistent.LogEntry#135]
21:21:01.788 [main] DEBUG o.h.engine.internal.TwoPhaseLoad - Resolving associations for [edu.ncsu.csc.itrust2.models.persistent.LogEntry#136]
21:21:01.788 [main] DEBUG o.h.engine.internal.TwoPhaseLoad - Done materializing entity [edu.ncsu.csc.itrust2.models.persistent.LogEntry#136]
21:21:01.788 [main] DEBUG o.h.engine.internal.TwoPhaseLoad - Resolving associations for [edu.ncsu.csc.itrust2.models.persistent.LogEntry#137]
21:21:01.789 [main] DEBUG o.h.engine.internal.TwoPhaseLoad - Done materializing entity [edu.ncsu.csc.itrust2.models.persistent.LogEntry#137]
21:21:01.789 [main] DEBUG o.h.engine.internal.TwoPhaseLoad - Resolving associations for [edu.ncsu.csc.itrust2.models.persistent.LogEntry#138]
21:21:01.789 [main] DEBUG o.h.engine.internal.TwoPhaseLoad - Done materializing entity [edu.ncsu.csc.itrust2.models.persistent.LogEntry#138]
21:21:01.789 [main] DEBUG o.h.engine.internal.TwoPhaseLoad - Resolving associations for [edu.ncsu.csc.itrust2.models.persistent.LogEntry#139]
21:21:01.789 [main] DEBUG o.h.engine.internal.TwoPhaseLoad - Done materializing entity [edu.ncsu.csc.itrust2.models.persistent.LogEntry#139]
21:21:01.789 [main] DEBUG o.h.engine.internal.TwoPhaseLoad - Resolving associations for [edu.ncsu.csc.itrust2.models.persistent.LogEntry#140]
21:21:01.789 [main] DEBUG o.h.engine.internal.TwoPhaseLoad - Done materializing entity [edu.ncsu.csc.itrust2.models.persistent.LogEntry#140]
21:21:01.789 [main] DEBUG o.h.engine.internal.TwoPhaseLoad - Resolving associations for [edu.ncsu.csc.itrust2.models.persistent.LogEntry#141]
21:21:01.789 [main] DEBUG o.h.engine.internal.TwoPhaseLoad - Done materializing entity [edu.ncsu.csc.itrust2.models.persistent.LogEntry#141]
21:21:01.789 [main] DEBUG o.h.engine.internal.TwoPhaseLoad - Resolving associations for [edu.ncsu.csc.itrust2.models.persistent.LogEntry#142]
21:21:01.789 [main] DEBUG o.h.engine.internal.TwoPhaseLoad - Done materializing entity [edu.ncsu.csc.itrust2.models.persistent.LogEntry#142]
21:21:01.789 [main] DEBUG o.h.engine.internal.TwoPhaseLoad - Resolving associations for [edu.ncsu.csc.itrust2.models.persistent.LogEntry#143]
21:21:01.790 [main] DEBUG o.h.engine.internal.TwoPhaseLoad - Done materializing entity [edu.ncsu.csc.itrust2.models.persistent.LogEntry#143]
21:21:01.790 [main] DEBUG o.h.engine.internal.TwoPhaseLoad - Resolving associations for [edu.ncsu.csc.itrust2.models.persistent.LogEntry#144]
21:21:01.790 [main] DEBUG o.h.engine.internal.TwoPhaseLoad - Done materializing entity [edu.ncsu.csc.itrust2.models.persistent.LogEntry#144]
21:21:01.790 [main] DEBUG o.h.engine.internal.TwoPhaseLoad - Resolving associations for [edu.ncsu.csc.itrust2.models.persistent.LogEntry#145]
21:21:01.790 [main] DEBUG o.h.engine.internal.TwoPhaseLoad - Done materializing entity [edu.ncsu.csc.itrust2.models.persistent.LogEntry#145]
21:21:01.790 [main] DEBUG o.h.engine.internal.TwoPhaseLoad - Resolving associations for [edu.ncsu.csc.itrust2.models.persistent.LogEntry#146]
21:21:01.790 [main] DEBUG o.h.engine.internal.TwoPhaseLoad - Done materializing entity [edu.ncsu.csc.itrust2.models.persistent.LogEntry#146]
21:21:01.790 [main] DEBUG o.h.engine.internal.TwoPhaseLoad - Resolving associations for [edu.ncsu.csc.itrust2.models.persistent.LogEntry#147]
21:21:01.790 [main] DEBUG o.h.engine.internal.TwoPhaseLoad - Done materializing entity [edu.ncsu.csc.itrust2.models.persistent.LogEntry#147]
21:21:01.790 [main] DEBUG o.h.engine.internal.TwoPhaseLoad - Resolving associations for [edu.ncsu.csc.itrust2.models.persistent.LogEntry#148]
21:21:01.791 [main] DEBUG o.h.engine.internal.TwoPhaseLoad - Done materializing entity [edu.ncsu.csc.itrust2.models.persistent.LogEntry#148]
21:21:01.791 [main] DEBUG o.h.engine.internal.TwoPhaseLoad - Resolving associations for [edu.ncsu.csc.itrust2.models.persistent.LogEntry#149]
21:21:01.791 [main] DEBUG o.h.engine.internal.TwoPhaseLoad - Done materializing entity [edu.ncsu.csc.itrust2.models.persistent.LogEntry#149]
21:21:01.791 [main] DEBUG o.h.engine.internal.TwoPhaseLoad - Resolving associations for [edu.ncsu.csc.itrust2.models.persistent.LogEntry#150]
21:21:01.791 [main] DEBUG o.h.engine.internal.TwoPhaseLoad - Done materializing entity [edu.ncsu.csc.itrust2.models.persistent.LogEntry#150]
21:21:01.791 [main] DEBUG o.h.engine.internal.TwoPhaseLoad - Resolving associations for [edu.ncsu.csc.itrust2.models.persistent.LogEntry#151]
21:21:01.791 [main] DEBUG o.h.engine.internal.TwoPhaseLoad - Done materializing entity [edu.ncsu.csc.itrust2.models.persistent.LogEntry#151]
21:21:01.791 [main] DEBUG o.h.engine.internal.TwoPhaseLoad - Resolving associations for [edu.ncsu.csc.itrust2.models.persistent.LogEntry#152]
21:21:01.791 [main] DEBUG o.h.engine.internal.TwoPhaseLoad - Done materializing entity [edu.ncsu.csc.itrust2.models.persistent.LogEntry#152]
21:21:01.791 [main] DEBUG o.h.engine.internal.TwoPhaseLoad - Resolving associations for [edu.ncsu.csc.itrust2.models.persistent.LogEntry#153]
21:21:01.792 [main] DEBUG o.h.engine.internal.TwoPhaseLoad - Done materializing entity [edu.ncsu.csc.itrust2.models.persistent.LogEntry#153]
21:21:01.792 [main] DEBUG o.h.engine.internal.TwoPhaseLoad - Resolving associations for [edu.ncsu.csc.itrust2.models.persistent.LogEntry#154]
21:21:01.792 [main] DEBUG o.h.engine.internal.TwoPhaseLoad - Done materializing entity [edu.ncsu.csc.itrust2.models.persistent.LogEntry#154]
21:21:01.792 [main] DEBUG o.h.engine.internal.TwoPhaseLoad - Resolving associations for [edu.ncsu.csc.itrust2.models.persistent.LogEntry#155]
21:21:01.792 [main] DEBUG o.h.engine.internal.TwoPhaseLoad - Done materializing entity [edu.ncsu.csc.itrust2.models.persistent.LogEntry#155]
21:21:01.792 [main] DEBUG o.h.engine.internal.TwoPhaseLoad - Resolving associations for [edu.ncsu.csc.itrust2.models.persistent.LogEntry#156]
21:21:01.792 [main] DEBUG o.h.engine.internal.TwoPhaseLoad - Done materializing entity [edu.ncsu.csc.itrust2.models.persistent.LogEntry#156]
21:21:01.792 [main] DEBUG o.h.engine.internal.TwoPhaseLoad - Resolving associations for [edu.ncsu.csc.itrust2.models.persistent.LogEntry#157]
21:21:01.792 [main] DEBUG o.h.engine.internal.TwoPhaseLoad - Done materializing entity [edu.ncsu.csc.itrust2.models.persistent.LogEntry#157]
21:21:01.792 [main] DEBUG o.h.engine.internal.TwoPhaseLoad - Resolving associations for [edu.ncsu.csc.itrust2.models.persistent.LogEntry#158]
21:21:01.792 [main] DEBUG o.h.engine.internal.TwoPhaseLoad - Done materializing entity [edu.ncsu.csc.itrust2.models.persistent.LogEntry#158]
21:21:01.792 [main] DEBUG o.h.engine.internal.TwoPhaseLoad - Resolving associations for [edu.ncsu.csc.itrust2.models.persistent.LogEntry#159]
21:21:01.793 [main] DEBUG o.h.engine.internal.TwoPhaseLoad - Done materializing entity [edu.ncsu.csc.itrust2.models.persistent.LogEntry#159]
21:21:01.793 [main] DEBUG o.h.engine.internal.TwoPhaseLoad - Resolving associations for [edu.ncsu.csc.itrust2.models.persistent.LogEntry#160]
21:21:01.793 [main] DEBUG o.h.engine.internal.TwoPhaseLoad - Done materializing entity [edu.ncsu.csc.itrust2.models.persistent.LogEntry#160]
21:21:01.793 [main] DEBUG o.h.engine.internal.TwoPhaseLoad - Resolving associations for [edu.ncsu.csc.itrust2.models.persistent.LogEntry#161]
21:21:01.793 [main] DEBUG o.h.engine.internal.TwoPhaseLoad - Done materializing entity [edu.ncsu.csc.itrust2.models.persistent.LogEntry#161]
21:21:01.793 [main] DEBUG o.h.engine.internal.TwoPhaseLoad - Resolving associations for [edu.ncsu.csc.itrust2.models.persistent.LogEntry#162]
21:21:01.793 [main] DEBUG o.h.engine.internal.TwoPhaseLoad - Done materializing entity [edu.ncsu.csc.itrust2.models.persistent.LogEntry#162]
21:21:01.793 [main] DEBUG o.h.engine.internal.TwoPhaseLoad - Resolving associations for [edu.ncsu.csc.itrust2.models.persistent.LogEntry#163]
21:21:01.793 [main] DEBUG o.h.engine.internal.TwoPhaseLoad - Done materializing entity [edu.ncsu.csc.itrust2.models.persistent.LogEntry#163]
21:21:01.793 [main] DEBUG o.h.engine.internal.TwoPhaseLoad - Resolving associations for [edu.ncsu.csc.itrust2.models.persistent.LogEntry#164]
21:21:01.793 [main] DEBUG o.h.engine.internal.TwoPhaseLoad - Done materializing entity [edu.ncsu.csc.itrust2.models.persistent.LogEntry#164]
21:21:01.793 [main] DEBUG o.h.engine.internal.TwoPhaseLoad - Resolving associations for [edu.ncsu.csc.itrust2.models.persistent.LogEntry#165]
21:21:01.794 [main] DEBUG o.h.engine.internal.TwoPhaseLoad - Done materializing entity [edu.ncsu.csc.itrust2.models.persistent.LogEntry#165]
21:21:01.794 [main] DEBUG o.h.engine.internal.TwoPhaseLoad - Resolving associations for [edu.ncsu.csc.itrust2.models.persistent.LogEntry#166]
21:21:01.794 [main] DEBUG o.h.engine.internal.TwoPhaseLoad - Done materializing entity [edu.ncsu.csc.itrust2.models.persistent.LogEntry#166]
21:21:01.794 [main] DEBUG o.h.engine.internal.TwoPhaseLoad - Resolving associations for [edu.ncsu.csc.itrust2.models.persistent.LogEntry#167]
21:21:01.794 [main] DEBUG o.h.engine.internal.TwoPhaseLoad - Done materializing entity [edu.ncsu.csc.itrust2.models.persistent.LogEntry#167]
21:21:01.795 [main] DEBUG o.h.engine.internal.TwoPhaseLoad - Resolving associations for [edu.ncsu.csc.itrust2.models.persistent.LogEntry#168]
21:21:01.795 [main] DEBUG o.h.engine.internal.TwoPhaseLoad - Done materializing entity [edu.ncsu.csc.itrust2.models.persistent.LogEntry#168]
21:21:01.795 [main] DEBUG o.h.engine.internal.TwoPhaseLoad - Resolving associations for [edu.ncsu.csc.itrust2.models.persistent.LogEntry#169]
21:21:01.795 [main] DEBUG o.h.engine.internal.TwoPhaseLoad - Done materializing entity [edu.ncsu.csc.itrust2.models.persistent.LogEntry#169]
21:21:01.795 [main] DEBUG o.h.engine.internal.TwoPhaseLoad - Resolving associations for [edu.ncsu.csc.itrust2.models.persistent.LogEntry#170]
21:21:01.795 [main] DEBUG o.h.engine.internal.TwoPhaseLoad - Done materializing entity [edu.ncsu.csc.itrust2.models.persistent.LogEntry#170]
21:21:01.795 [main] DEBUG o.h.engine.internal.TwoPhaseLoad - Resolving associations for [edu.ncsu.csc.itrust2.models.persistent.LogEntry#171]
21:21:01.795 [main] DEBUG o.h.engine.internal.TwoPhaseLoad - Done materializing entity [edu.ncsu.csc.itrust2.models.persistent.LogEntry#171]
21:21:01.795 [main] DEBUG o.h.engine.internal.TwoPhaseLoad - Resolving associations for [edu.ncsu.csc.itrust2.models.persistent.LogEntry#172]
21:21:01.795 [main] DEBUG o.h.engine.internal.TwoPhaseLoad - Done materializing entity [edu.ncsu.csc.itrust2.models.persistent.LogEntry#172]
21:21:01.795 [main] DEBUG o.h.engine.internal.TwoPhaseLoad - Resolving associations for [edu.ncsu.csc.itrust2.models.persistent.LogEntry#173]
21:21:01.796 [main] DEBUG o.h.engine.internal.TwoPhaseLoad - Done materializing entity [edu.ncsu.csc.itrust2.models.persistent.LogEntry#173]
21:21:01.796 [main] DEBUG o.h.engine.internal.TwoPhaseLoad - Resolving associations for [edu.ncsu.csc.itrust2.models.persistent.LogEntry#174]
21:21:01.796 [main] DEBUG o.h.engine.internal.TwoPhaseLoad - Done materializing entity [edu.ncsu.csc.itrust2.models.persistent.LogEntry#174]
21:21:01.796 [main] DEBUG o.h.engine.internal.TwoPhaseLoad - Resolving associations for [edu.ncsu.csc.itrust2.models.persistent.LogEntry#175]
21:21:01.796 [main] DEBUG o.h.engine.internal.TwoPhaseLoad - Done materializing entity [edu.ncsu.csc.itrust2.models.persistent.LogEntry#175]
21:21:01.797 [main] DEBUG o.h.engine.internal.TwoPhaseLoad - Resolving associations for [edu.ncsu.csc.itrust2.models.persistent.LogEntry#176]
21:21:01.797 [main] DEBUG o.h.engine.internal.TwoPhaseLoad - Done materializing entity [edu.ncsu.csc.itrust2.models.persistent.LogEntry#176]
21:21:01.797 [main] DEBUG o.h.engine.internal.TwoPhaseLoad - Resolving associations for [edu.ncsu.csc.itrust2.models.persistent.LogEntry#177]
21:21:01.797 [main] DEBUG o.h.engine.internal.TwoPhaseLoad - Done materializing entity [edu.ncsu.csc.itrust2.models.persistent.LogEntry#177]
21:21:01.797 [main] DEBUG o.h.engine.internal.TwoPhaseLoad - Resolving associations for [edu.ncsu.csc.itrust2.models.persistent.LogEntry#178]
21:21:01.797 [main] DEBUG o.h.engine.internal.TwoPhaseLoad - Done materializing entity [edu.ncsu.csc.itrust2.models.persistent.LogEntry#178]
21:21:01.797 [main] DEBUG o.h.engine.internal.TwoPhaseLoad - Resolving associations for [edu.ncsu.csc.itrust2.models.persistent.LogEntry#179]
21:21:01.797 [main] DEBUG o.h.engine.internal.TwoPhaseLoad - Done materializing entity [edu.ncsu.csc.itrust2.models.persistent.LogEntry#179]
21:21:01.797 [main] DEBUG o.h.engine.internal.TwoPhaseLoad - Resolving associations for [edu.ncsu.csc.itrust2.models.persistent.LogEntry#180]
21:21:01.797 [main] DEBUG o.h.engine.internal.TwoPhaseLoad - Done materializing entity [edu.ncsu.csc.itrust2.models.persistent.LogEntry#180]
21:21:01.797 [main] DEBUG o.h.engine.internal.TwoPhaseLoad - Resolving associations for [edu.ncsu.csc.itrust2.models.persistent.LogEntry#181]
21:21:01.798 [main] DEBUG o.h.engine.internal.TwoPhaseLoad - Done materializing entity [edu.ncsu.csc.itrust2.models.persistent.LogEntry#181]
21:21:01.798 [main] DEBUG o.h.engine.internal.TwoPhaseLoad - Resolving associations for [edu.ncsu.csc.itrust2.models.persistent.LogEntry#182]
21:21:01.798 [main] DEBUG o.h.engine.internal.TwoPhaseLoad - Done materializing entity [edu.ncsu.csc.itrust2.models.persistent.LogEntry#182]
21:21:01.798 [main] DEBUG o.h.engine.internal.TwoPhaseLoad - Resolving associations for [edu.ncsu.csc.itrust2.models.persistent.LogEntry#183]
21:21:01.798 [main] DEBUG o.h.engine.internal.TwoPhaseLoad - Done materializing entity [edu.ncsu.csc.itrust2.models.persistent.LogEntry#183]
21:21:01.798 [main] DEBUG o.h.engine.internal.TwoPhaseLoad - Resolving associations for [edu.ncsu.csc.itrust2.models.persistent.LogEntry#184]
21:21:01.798 [main] DEBUG o.h.engine.internal.TwoPhaseLoad - Done materializing entity [edu.ncsu.csc.itrust2.models.persistent.LogEntry#184]
21:21:01.798 [main] DEBUG o.h.engine.internal.TwoPhaseLoad - Resolving associations for [edu.ncsu.csc.itrust2.models.persistent.LogEntry#185]
21:21:01.798 [main] DEBUG o.h.engine.internal.TwoPhaseLoad - Done materializing entity [edu.ncsu.csc.itrust2.models.persistent.LogEntry#185]
21:21:01.798 [main] DEBUG o.h.engine.internal.TwoPhaseLoad - Resolving associations for [edu.ncsu.csc.itrust2.models.persistent.LogEntry#186]
21:21:01.798 [main] DEBUG o.h.engine.internal.TwoPhaseLoad - Done materializing entity [edu.ncsu.csc.itrust2.models.persistent.LogEntry#186]
21:21:01.798 [main] DEBUG o.h.engine.internal.TwoPhaseLoad - Resolving associations for [edu.ncsu.csc.itrust2.models.persistent.LogEntry#187]
21:21:01.799 [main] DEBUG o.h.engine.internal.TwoPhaseLoad - Done materializing entity [edu.ncsu.csc.itrust2.models.persistent.LogEntry#187]
21:21:01.799 [main] DEBUG o.h.engine.internal.TwoPhaseLoad - Resolving associations for [edu.ncsu.csc.itrust2.models.persistent.LogEntry#188]
21:21:01.800 [main] DEBUG o.h.engine.internal.TwoPhaseLoad - Done materializing entity [edu.ncsu.csc.itrust2.models.persistent.LogEntry#188]
21:21:01.800 [main] DEBUG o.h.engine.internal.TwoPhaseLoad - Resolving associations for [edu.ncsu.csc.itrust2.models.persistent.LogEntry#189]
21:21:01.800 [main] DEBUG o.h.engine.internal.TwoPhaseLoad - Done materializing entity [edu.ncsu.csc.itrust2.models.persistent.LogEntry#189]
21:21:01.800 [main] DEBUG o.h.engine.internal.TwoPhaseLoad - Resolving associations for [edu.ncsu.csc.itrust2.models.persistent.LogEntry#190]
21:21:01.800 [main] DEBUG o.h.engine.internal.TwoPhaseLoad - Done materializing entity [edu.ncsu.csc.itrust2.models.persistent.LogEntry#190]
21:21:01.800 [main] DEBUG o.h.engine.internal.TwoPhaseLoad - Resolving associations for [edu.ncsu.csc.itrust2.models.persistent.LogEntry#191]
21:21:01.800 [main] DEBUG o.h.engine.internal.TwoPhaseLoad - Done materializing entity [edu.ncsu.csc.itrust2.models.persistent.LogEntry#191]
21:21:01.800 [main] DEBUG o.h.engine.internal.TwoPhaseLoad - Resolving associations for [edu.ncsu.csc.itrust2.models.persistent.LogEntry#192]
21:21:01.801 [main] DEBUG o.h.engine.internal.TwoPhaseLoad - Done materializing entity [edu.ncsu.csc.itrust2.models.persistent.LogEntry#192]
21:21:01.801 [main] DEBUG o.h.engine.internal.TwoPhaseLoad - Resolving associations for [edu.ncsu.csc.itrust2.models.persistent.LogEntry#193]
21:21:01.801 [main] DEBUG o.h.engine.internal.TwoPhaseLoad - Done materializing entity [edu.ncsu.csc.itrust2.models.persistent.LogEntry#193]
21:21:01.801 [main] DEBUG o.h.engine.internal.TwoPhaseLoad - Resolving associations for [edu.ncsu.csc.itrust2.models.persistent.LogEntry#194]
21:21:01.801 [main] DEBUG o.h.engine.internal.TwoPhaseLoad - Done materializing entity [edu.ncsu.csc.itrust2.models.persistent.LogEntry#194]
21:21:01.801 [main] DEBUG o.h.engine.internal.TwoPhaseLoad - Resolving associations for [edu.ncsu.csc.itrust2.models.persistent.LogEntry#195]
21:21:01.801 [main] DEBUG o.h.engine.internal.TwoPhaseLoad - Done materializing entity [edu.ncsu.csc.itrust2.models.persistent.LogEntry#195]
21:21:01.801 [main] DEBUG o.h.engine.internal.TwoPhaseLoad - Resolving associations for [edu.ncsu.csc.itrust2.models.persistent.LogEntry#196]
21:21:01.801 [main] DEBUG o.h.engine.internal.TwoPhaseLoad - Done materializing entity [edu.ncsu.csc.itrust2.models.persistent.LogEntry#196]
21:21:01.801 [main] DEBUG o.h.engine.internal.TwoPhaseLoad - Resolving associations for [edu.ncsu.csc.itrust2.models.persistent.LogEntry#197]
21:21:01.802 [main] DEBUG o.h.engine.internal.TwoPhaseLoad - Done materializing entity [edu.ncsu.csc.itrust2.models.persistent.LogEntry#197]
21:21:01.802 [main] DEBUG o.h.engine.internal.TwoPhaseLoad - Resolving associations for [edu.ncsu.csc.itrust2.models.persistent.LogEntry#198]
21:21:01.802 [main] DEBUG o.h.engine.internal.TwoPhaseLoad - Done materializing entity [edu.ncsu.csc.itrust2.models.persistent.LogEntry#198]
21:21:01.802 [main] DEBUG o.h.engine.internal.TwoPhaseLoad - Resolving associations for [edu.ncsu.csc.itrust2.models.persistent.LogEntry#199]
21:21:01.802 [main] DEBUG o.h.engine.internal.TwoPhaseLoad - Done materializing entity [edu.ncsu.csc.itrust2.models.persistent.LogEntry#199]
21:21:01.802 [main] DEBUG o.h.engine.internal.TwoPhaseLoad - Resolving associations for [edu.ncsu.csc.itrust2.models.persistent.LogEntry#200]
21:21:01.802 [main] DEBUG o.h.engine.internal.TwoPhaseLoad - Done materializing entity [edu.ncsu.csc.itrust2.models.persistent.LogEntry#200]
21:21:01.802 [main] DEBUG o.h.engine.internal.TwoPhaseLoad - Resolving associations for [edu.ncsu.csc.itrust2.models.persistent.LogEntry#201]
21:21:01.802 [main] DEBUG o.h.engine.internal.TwoPhaseLoad - Done materializing entity [edu.ncsu.csc.itrust2.models.persistent.LogEntry#201]
21:21:01.802 [main] DEBUG o.h.engine.internal.TwoPhaseLoad - Resolving associations for [edu.ncsu.csc.itrust2.models.persistent.LogEntry#202]
21:21:01.802 [main] DEBUG o.h.engine.internal.TwoPhaseLoad - Done materializing entity [edu.ncsu.csc.itrust2.models.persistent.LogEntry#202]
21:21:01.802 [main] DEBUG o.h.engine.internal.TwoPhaseLoad - Resolving associations for [edu.ncsu.csc.itrust2.models.persistent.LogEntry#203]
21:21:01.803 [main] DEBUG o.h.engine.internal.TwoPhaseLoad - Done materializing entity [edu.ncsu.csc.itrust2.models.persistent.LogEntry#203]
21:21:01.803 [main] DEBUG o.h.engine.internal.TwoPhaseLoad - Resolving associations for [edu.ncsu.csc.itrust2.models.persistent.LogEntry#204]
21:21:01.803 [main] DEBUG o.h.engine.internal.TwoPhaseLoad - Done materializing entity [edu.ncsu.csc.itrust2.models.persistent.LogEntry#204]
21:21:01.803 [main] DEBUG o.h.engine.internal.TwoPhaseLoad - Resolving associations for [edu.ncsu.csc.itrust2.models.persistent.LogEntry#205]
21:21:01.803 [main] DEBUG o.h.engine.internal.TwoPhaseLoad - Done materializing entity [edu.ncsu.csc.itrust2.models.persistent.LogEntry#205]
21:21:01.803 [main] DEBUG o.h.engine.internal.TwoPhaseLoad - Resolving associations for [edu.ncsu.csc.itrust2.models.persistent.LogEntry#206]
21:21:01.803 [main] DEBUG o.h.engine.internal.TwoPhaseLoad - Done materializing entity [edu.ncsu.csc.itrust2.models.persistent.LogEntry#206]
21:21:01.803 [main] DEBUG o.h.engine.internal.TwoPhaseLoad - Resolving associations for [edu.ncsu.csc.itrust2.models.persistent.LogEntry#207]
21:21:01.803 [main] DEBUG o.h.engine.internal.TwoPhaseLoad - Done materializing entity [edu.ncsu.csc.itrust2.models.persistent.LogEntry#207]
21:21:01.803 [main] DEBUG o.h.engine.internal.TwoPhaseLoad - Resolving associations for [edu.ncsu.csc.itrust2.models.persistent.LogEntry#208]
21:21:01.804 [main] DEBUG o.h.engine.internal.TwoPhaseLoad - Done materializing entity [edu.ncsu.csc.itrust2.models.persistent.LogEntry#208]
21:21:01.804 [main] DEBUG o.h.engine.internal.TwoPhaseLoad - Resolving associations for [edu.ncsu.csc.itrust2.models.persistent.LogEntry#209]
21:21:01.804 [main] DEBUG o.h.engine.internal.TwoPhaseLoad - Done materializing entity [edu.ncsu.csc.itrust2.models.persistent.LogEntry#209]
21:21:01.804 [main] DEBUG o.h.engine.internal.TwoPhaseLoad - Resolving associations for [edu.ncsu.csc.itrust2.models.persistent.LogEntry#210]
21:21:01.804 [main] DEBUG o.h.engine.internal.TwoPhaseLoad - Done materializing entity [edu.ncsu.csc.itrust2.models.persistent.LogEntry#210]
21:21:01.804 [main] DEBUG o.h.engine.internal.TwoPhaseLoad - Resolving associations for [edu.ncsu.csc.itrust2.models.persistent.LogEntry#211]
21:21:01.804 [main] DEBUG o.h.engine.internal.TwoPhaseLoad - Done materializing entity [edu.ncsu.csc.itrust2.models.persistent.LogEntry#211]
21:21:01.804 [main] DEBUG o.h.engine.internal.TwoPhaseLoad - Resolving associations for [edu.ncsu.csc.itrust2.models.persistent.LogEntry#212]
21:21:01.804 [main] DEBUG o.h.engine.internal.TwoPhaseLoad - Done materializing entity [edu.ncsu.csc.itrust2.models.persistent.LogEntry#212]
21:21:01.804 [main] DEBUG o.h.engine.internal.TwoPhaseLoad - Resolving associations for [edu.ncsu.csc.itrust2.models.persistent.LogEntry#213]
21:21:01.805 [main] DEBUG o.h.engine.internal.TwoPhaseLoad - Done materializing entity [edu.ncsu.csc.itrust2.models.persistent.LogEntry#213]
21:21:01.805 [main] DEBUG o.h.engine.internal.TwoPhaseLoad - Resolving associations for [edu.ncsu.csc.itrust2.models.persistent.LogEntry#214]
21:21:01.805 [main] DEBUG o.h.engine.internal.TwoPhaseLoad - Done materializing entity [edu.ncsu.csc.itrust2.models.persistent.LogEntry#214]
21:21:01.805 [main] DEBUG o.h.engine.internal.TwoPhaseLoad - Resolving associations for [edu.ncsu.csc.itrust2.models.persistent.LogEntry#215]
21:21:01.805 [main] DEBUG o.h.engine.internal.TwoPhaseLoad - Done materializing entity [edu.ncsu.csc.itrust2.models.persistent.LogEntry#215]
21:21:01.805 [main] DEBUG o.h.engine.internal.TwoPhaseLoad - Resolving associations for [edu.ncsu.csc.itrust2.models.persistent.LogEntry#216]
21:21:01.805 [main] DEBUG o.h.engine.internal.TwoPhaseLoad - Done materializing entity [edu.ncsu.csc.itrust2.models.persistent.LogEntry#216]
21:21:01.806 [main] DEBUG o.h.engine.internal.TwoPhaseLoad - Resolving associations for [edu.ncsu.csc.itrust2.models.persistent.LogEntry#217]
21:21:01.806 [main] DEBUG o.h.engine.internal.TwoPhaseLoad - Done materializing entity [edu.ncsu.csc.itrust2.models.persistent.LogEntry#217]
21:21:01.806 [main] DEBUG o.h.engine.internal.TwoPhaseLoad - Resolving associations for [edu.ncsu.csc.itrust2.models.persistent.LogEntry#218]
21:21:01.806 [main] DEBUG o.h.engine.internal.TwoPhaseLoad - Done materializing entity [edu.ncsu.csc.itrust2.models.persistent.LogEntry#218]
21:21:01.806 [main] DEBUG o.h.engine.internal.TwoPhaseLoad - Resolving associations for [edu.ncsu.csc.itrust2.models.persistent.LogEntry#219]
21:21:01.806 [main] DEBUG o.h.engine.internal.TwoPhaseLoad - Done materializing entity [edu.ncsu.csc.itrust2.models.persistent.LogEntry#219]
21:21:01.806 [main] DEBUG o.h.engine.internal.TwoPhaseLoad - Resolving associations for [edu.ncsu.csc.itrust2.models.persistent.LogEntry#220]
21:21:01.806 [main] DEBUG o.h.engine.internal.TwoPhaseLoad - Done materializing entity [edu.ncsu.csc.itrust2.models.persistent.LogEntry#220]
21:21:01.806 [main] DEBUG o.h.engine.internal.TwoPhaseLoad - Resolving associations for [edu.ncsu.csc.itrust2.models.persistent.LogEntry#221]
21:21:01.807 [main] DEBUG o.h.engine.internal.TwoPhaseLoad - Done materializing entity [edu.ncsu.csc.itrust2.models.persistent.LogEntry#221]
21:21:01.807 [main] DEBUG o.h.engine.internal.TwoPhaseLoad - Resolving associations for [edu.ncsu.csc.itrust2.models.persistent.LogEntry#222]
21:21:01.807 [main] DEBUG o.h.engine.internal.TwoPhaseLoad - Done materializing entity [edu.ncsu.csc.itrust2.models.persistent.LogEntry#222]
21:21:01.807 [main] DEBUG o.h.engine.internal.TwoPhaseLoad - Resolving associations for [edu.ncsu.csc.itrust2.models.persistent.LogEntry#223]
21:21:01.807 [main] DEBUG o.h.engine.internal.TwoPhaseLoad - Done materializing entity [edu.ncsu.csc.itrust2.models.persistent.LogEntry#223]
21:21:01.807 [main] DEBUG o.h.engine.internal.TwoPhaseLoad - Resolving associations for [edu.ncsu.csc.itrust2.models.persistent.LogEntry#224]
21:21:01.807 [main] DEBUG o.h.engine.internal.TwoPhaseLoad - Done materializing entity [edu.ncsu.csc.itrust2.models.persistent.LogEntry#224]
21:21:01.807 [main] DEBUG o.h.engine.internal.TwoPhaseLoad - Resolving associations for [edu.ncsu.csc.itrust2.models.persistent.LogEntry#225]
21:21:01.808 [main] DEBUG o.h.engine.internal.TwoPhaseLoad - Done materializing entity [edu.ncsu.csc.itrust2.models.persistent.LogEntry#225]
21:21:01.808 [main] DEBUG o.h.engine.internal.TwoPhaseLoad - Resolving associations for [edu.ncsu.csc.itrust2.models.persistent.LogEntry#226]
21:21:01.808 [main] DEBUG o.h.engine.internal.TwoPhaseLoad - Done materializing entity [edu.ncsu.csc.itrust2.models.persistent.LogEntry#226]
21:21:01.808 [main] DEBUG o.h.engine.internal.TwoPhaseLoad - Resolving associations for [edu.ncsu.csc.itrust2.models.persistent.LogEntry#227]
21:21:01.808 [main] DEBUG o.h.engine.internal.TwoPhaseLoad - Done materializing entity [edu.ncsu.csc.itrust2.models.persistent.LogEntry#227]
21:21:01.808 [main] DEBUG o.h.engine.internal.TwoPhaseLoad - Resolving associations for [edu.ncsu.csc.itrust2.models.persistent.LogEntry#228]
21:21:01.808 [main] DEBUG o.h.engine.internal.TwoPhaseLoad - Done materializing entity [edu.ncsu.csc.itrust2.models.persistent.LogEntry#228]
21:21:01.808 [main] DEBUG o.h.engine.internal.TwoPhaseLoad - Resolving associations for [edu.ncsu.csc.itrust2.models.persistent.LogEntry#229]
21:21:01.808 [main] DEBUG o.h.engine.internal.TwoPhaseLoad - Done materializing entity [edu.ncsu.csc.itrust2.models.persistent.LogEntry#229]
21:21:01.809 [main] DEBUG o.h.engine.internal.TwoPhaseLoad - Resolving associations for [edu.ncsu.csc.itrust2.models.persistent.LogEntry#230]
21:21:01.809 [main] DEBUG o.h.engine.internal.TwoPhaseLoad - Done materializing entity [edu.ncsu.csc.itrust2.models.persistent.LogEntry#230]
21:21:01.809 [main] DEBUG o.h.engine.internal.TwoPhaseLoad - Resolving associations for [edu.ncsu.csc.itrust2.models.persistent.LogEntry#231]
21:21:01.809 [main] DEBUG o.h.engine.internal.TwoPhaseLoad - Done materializing entity [edu.ncsu.csc.itrust2.models.persistent.LogEntry#231]
21:21:01.809 [main] DEBUG o.h.engine.internal.TwoPhaseLoad - Resolving associations for [edu.ncsu.csc.itrust2.models.persistent.LogEntry#232]
21:21:01.809 [main] DEBUG o.h.engine.internal.TwoPhaseLoad - Done materializing entity [edu.ncsu.csc.itrust2.models.persistent.LogEntry#232]
21:21:01.809 [main] DEBUG o.h.engine.internal.TwoPhaseLoad - Resolving associations for [edu.ncsu.csc.itrust2.models.persistent.LogEntry#233]
21:21:01.809 [main] DEBUG o.h.engine.internal.TwoPhaseLoad - Done materializing entity [edu.ncsu.csc.itrust2.models.persistent.LogEntry#233]
21:21:01.809 [main] DEBUG o.h.engine.internal.TwoPhaseLoad - Resolving associations for [edu.ncsu.csc.itrust2.models.persistent.LogEntry#234]
21:21:01.810 [main] DEBUG o.h.engine.internal.TwoPhaseLoad - Done materializing entity [edu.ncsu.csc.itrust2.models.persistent.LogEntry#234]
21:21:01.810 [main] DEBUG o.h.engine.internal.TwoPhaseLoad - Resolving associations for [edu.ncsu.csc.itrust2.models.persistent.LogEntry#235]
21:21:01.810 [main] DEBUG o.h.engine.internal.TwoPhaseLoad - Done materializing entity [edu.ncsu.csc.itrust2.models.persistent.LogEntry#235]
21:21:01.810 [main] DEBUG o.h.engine.internal.TwoPhaseLoad - Resolving associations for [edu.ncsu.csc.itrust2.models.persistent.LogEntry#236]
21:21:01.810 [main] DEBUG o.h.engine.internal.TwoPhaseLoad - Done materializing entity [edu.ncsu.csc.itrust2.models.persistent.LogEntry#236]
21:21:01.810 [main] DEBUG o.h.engine.internal.TwoPhaseLoad - Resolving associations for [edu.ncsu.csc.itrust2.models.persistent.LogEntry#237]
21:21:01.810 [main] DEBUG o.h.engine.internal.TwoPhaseLoad - Done materializing entity [edu.ncsu.csc.itrust2.models.persistent.LogEntry#237]
21:21:01.810 [main] DEBUG o.h.engine.internal.TwoPhaseLoad - Resolving associations for [edu.ncsu.csc.itrust2.models.persistent.LogEntry#238]
21:21:01.811 [main] DEBUG o.h.engine.internal.TwoPhaseLoad - Done materializing entity [edu.ncsu.csc.itrust2.models.persistent.LogEntry#238]
21:21:01.811 [main] DEBUG o.h.engine.internal.TwoPhaseLoad - Resolving associations for [edu.ncsu.csc.itrust2.models.persistent.LogEntry#239]
21:21:01.811 [main] DEBUG o.h.engine.internal.TwoPhaseLoad - Done materializing entity [edu.ncsu.csc.itrust2.models.persistent.LogEntry#239]
21:21:01.811 [main] DEBUG o.h.engine.internal.TwoPhaseLoad - Resolving associations for [edu.ncsu.csc.itrust2.models.persistent.LogEntry#240]
21:21:01.811 [main] DEBUG o.h.engine.internal.TwoPhaseLoad - Done materializing entity [edu.ncsu.csc.itrust2.models.persistent.LogEntry#240]
21:21:01.811 [main] DEBUG o.h.engine.internal.TwoPhaseLoad - Resolving associations for [edu.ncsu.csc.itrust2.models.persistent.LogEntry#241]
21:21:01.811 [main] DEBUG o.h.engine.internal.TwoPhaseLoad - Done materializing entity [edu.ncsu.csc.itrust2.models.persistent.LogEntry#241]
21:21:01.811 [main] DEBUG o.h.engine.internal.TwoPhaseLoad - Resolving associations for [edu.ncsu.csc.itrust2.models.persistent.LogEntry#242]
21:21:01.812 [main] DEBUG o.h.engine.internal.TwoPhaseLoad - Done materializing entity [edu.ncsu.csc.itrust2.models.persistent.LogEntry#242]
21:21:01.812 [main] DEBUG o.h.engine.internal.TwoPhaseLoad - Resolving associations for [edu.ncsu.csc.itrust2.models.persistent.LogEntry#243]
21:21:01.812 [main] DEBUG o.h.engine.internal.TwoPhaseLoad - Done materializing entity [edu.ncsu.csc.itrust2.models.persistent.LogEntry#243]
21:21:01.812 [main] DEBUG o.h.engine.internal.TwoPhaseLoad - Resolving associations for [edu.ncsu.csc.itrust2.models.persistent.LogEntry#244]
21:21:01.812 [main] DEBUG o.h.engine.internal.TwoPhaseLoad - Done materializing entity [edu.ncsu.csc.itrust2.models.persistent.LogEntry#244]
21:21:01.812 [main] DEBUG o.h.engine.internal.TwoPhaseLoad - Resolving associations for [edu.ncsu.csc.itrust2.models.persistent.LogEntry#245]
21:21:01.812 [main] DEBUG o.h.engine.internal.TwoPhaseLoad - Done materializing entity [edu.ncsu.csc.itrust2.models.persistent.LogEntry#245]
21:21:01.812 [main] DEBUG o.h.engine.internal.TwoPhaseLoad - Resolving associations for [edu.ncsu.csc.itrust2.models.persistent.LogEntry#246]
21:21:01.812 [main] DEBUG o.h.engine.internal.TwoPhaseLoad - Done materializing entity [edu.ncsu.csc.itrust2.models.persistent.LogEntry#246]
21:21:01.812 [main] DEBUG o.h.engine.internal.TwoPhaseLoad - Resolving associations for [edu.ncsu.csc.itrust2.models.persistent.LogEntry#247]
21:21:01.813 [main] DEBUG o.h.engine.internal.TwoPhaseLoad - Done materializing entity [edu.ncsu.csc.itrust2.models.persistent.LogEntry#247]
21:21:01.813 [main] DEBUG o.h.engine.internal.TwoPhaseLoad - Resolving associations for [edu.ncsu.csc.itrust2.models.persistent.LogEntry#248]
21:21:01.813 [main] DEBUG o.h.engine.internal.TwoPhaseLoad - Done materializing entity [edu.ncsu.csc.itrust2.models.persistent.LogEntry#248]
21:21:01.813 [main] DEBUG o.h.engine.internal.TwoPhaseLoad - Resolving associations for [edu.ncsu.csc.itrust2.models.persistent.LogEntry#249]
21:21:01.813 [main] DEBUG o.h.engine.internal.TwoPhaseLoad - Done materializing entity [edu.ncsu.csc.itrust2.models.persistent.LogEntry#249]
21:21:01.813 [main] DEBUG o.h.engine.internal.TwoPhaseLoad - Resolving associations for [edu.ncsu.csc.itrust2.models.persistent.LogEntry#250]
21:21:01.813 [main] DEBUG o.h.engine.internal.TwoPhaseLoad - Done materializing entity [edu.ncsu.csc.itrust2.models.persistent.LogEntry#250]
21:21:01.813 [main] DEBUG o.h.engine.internal.TwoPhaseLoad - Resolving associations for [edu.ncsu.csc.itrust2.models.persistent.LogEntry#251]
21:21:01.813 [main] DEBUG o.h.engine.internal.TwoPhaseLoad - Done materializing entity [edu.ncsu.csc.itrust2.models.persistent.LogEntry#251]
21:21:01.813 [main] DEBUG o.h.engine.internal.TwoPhaseLoad - Resolving associations for [edu.ncsu.csc.itrust2.models.persistent.LogEntry#252]
21:21:01.813 [main] DEBUG o.h.engine.internal.TwoPhaseLoad - Done materializing entity [edu.ncsu.csc.itrust2.models.persistent.LogEntry#252]
21:21:01.814 [main] DEBUG o.h.engine.internal.TwoPhaseLoad - Resolving associations for [edu.ncsu.csc.itrust2.models.persistent.LogEntry#253]
21:21:01.814 [main] DEBUG o.h.engine.internal.TwoPhaseLoad - Done materializing entity [edu.ncsu.csc.itrust2.models.persistent.LogEntry#253]
21:21:01.814 [main] DEBUG o.h.engine.internal.TwoPhaseLoad - Resolving associations for [edu.ncsu.csc.itrust2.models.persistent.LogEntry#254]
21:21:01.814 [main] DEBUG o.h.engine.internal.TwoPhaseLoad - Done materializing entity [edu.ncsu.csc.itrust2.models.persistent.LogEntry#254]
21:21:01.814 [main] DEBUG o.h.engine.internal.TwoPhaseLoad - Resolving associations for [edu.ncsu.csc.itrust2.models.persistent.LogEntry#255]
21:21:01.814 [main] DEBUG o.h.engine.internal.TwoPhaseLoad - Done materializing entity [edu.ncsu.csc.itrust2.models.persistent.LogEntry#255]
21:21:01.814 [main] DEBUG o.h.engine.internal.TwoPhaseLoad - Resolving associations for [edu.ncsu.csc.itrust2.models.persistent.LogEntry#256]
21:21:01.815 [main] DEBUG o.h.engine.internal.TwoPhaseLoad - Done materializing entity [edu.ncsu.csc.itrust2.models.persistent.LogEntry#256]
21:21:01.815 [main] DEBUG o.h.engine.internal.TwoPhaseLoad - Resolving associations for [edu.ncsu.csc.itrust2.models.persistent.LogEntry#257]
21:21:01.815 [main] DEBUG o.h.engine.internal.TwoPhaseLoad - Done materializing entity [edu.ncsu.csc.itrust2.models.persistent.LogEntry#257]
21:21:01.815 [main] DEBUG o.h.engine.internal.TwoPhaseLoad - Resolving associations for [edu.ncsu.csc.itrust2.models.persistent.LogEntry#258]
21:21:01.815 [main] DEBUG o.h.engine.internal.TwoPhaseLoad - Done materializing entity [edu.ncsu.csc.itrust2.models.persistent.LogEntry#258]
21:21:01.815 [main] DEBUG o.h.engine.internal.TwoPhaseLoad - Resolving associations for [edu.ncsu.csc.itrust2.models.persistent.LogEntry#259]
21:21:01.815 [main] DEBUG o.h.engine.internal.TwoPhaseLoad - Done materializing entity [edu.ncsu.csc.itrust2.models.persistent.LogEntry#259]
21:21:01.815 [main] DEBUG o.h.engine.internal.TwoPhaseLoad - Resolving associations for [edu.ncsu.csc.itrust2.models.persistent.LogEntry#260]
21:21:01.822 [main] DEBUG o.h.engine.internal.TwoPhaseLoad - Done materializing entity [edu.ncsu.csc.itrust2.models.persistent.LogEntry#260]
21:21:01.826 [main] DEBUG o.h.engine.internal.TwoPhaseLoad - Resolving associations for [edu.ncsu.csc.itrust2.models.persistent.LogEntry#261]
21:21:01.826 [main] DEBUG o.h.engine.internal.TwoPhaseLoad - Done materializing entity [edu.ncsu.csc.itrust2.models.persistent.LogEntry#261]
21:21:01.826 [main] DEBUG o.h.engine.internal.TwoPhaseLoad - Resolving associations for [edu.ncsu.csc.itrust2.models.persistent.LogEntry#262]
21:21:01.826 [main] DEBUG o.h.engine.internal.TwoPhaseLoad - Done materializing entity [edu.ncsu.csc.itrust2.models.persistent.LogEntry#262]
21:21:01.826 [main] DEBUG o.h.engine.internal.TwoPhaseLoad - Resolving associations for [edu.ncsu.csc.itrust2.models.persistent.LogEntry#263]
21:21:01.826 [main] DEBUG o.h.engine.internal.TwoPhaseLoad - Done materializing entity [edu.ncsu.csc.itrust2.models.persistent.LogEntry#263]
21:21:01.826 [main] DEBUG o.h.engine.internal.TwoPhaseLoad - Resolving associations for [edu.ncsu.csc.itrust2.models.persistent.LogEntry#264]
21:21:01.826 [main] DEBUG o.h.engine.internal.TwoPhaseLoad - Done materializing entity [edu.ncsu.csc.itrust2.models.persistent.LogEntry#264]
21:21:01.827 [main] DEBUG o.h.engine.internal.TwoPhaseLoad - Resolving associations for [edu.ncsu.csc.itrust2.models.persistent.LogEntry#265]
21:21:01.827 [main] DEBUG o.h.engine.internal.TwoPhaseLoad - Done materializing entity [edu.ncsu.csc.itrust2.models.persistent.LogEntry#265]
21:21:01.827 [main] DEBUG o.h.engine.internal.TwoPhaseLoad - Resolving associations for [edu.ncsu.csc.itrust2.models.persistent.LogEntry#266]
21:21:01.827 [main] DEBUG o.h.engine.internal.TwoPhaseLoad - Done materializing entity [edu.ncsu.csc.itrust2.models.persistent.LogEntry#266]
21:21:01.827 [main] DEBUG o.h.engine.internal.TwoPhaseLoad - Resolving associations for [edu.ncsu.csc.itrust2.models.persistent.LogEntry#267]
21:21:01.827 [main] DEBUG o.h.engine.internal.TwoPhaseLoad - Done materializing entity [edu.ncsu.csc.itrust2.models.persistent.LogEntry#267]
21:21:01.827 [main] DEBUG o.h.engine.internal.TwoPhaseLoad - Resolving associations for [edu.ncsu.csc.itrust2.models.persistent.LogEntry#268]
21:21:01.827 [main] DEBUG o.h.engine.internal.TwoPhaseLoad - Done materializing entity [edu.ncsu.csc.itrust2.models.persistent.LogEntry#268]
21:21:01.827 [main] DEBUG o.h.engine.internal.TwoPhaseLoad - Resolving associations for [edu.ncsu.csc.itrust2.models.persistent.LogEntry#269]
21:21:01.827 [main] DEBUG o.h.engine.internal.TwoPhaseLoad - Done materializing entity [edu.ncsu.csc.itrust2.models.persistent.LogEntry#269]
21:21:01.827 [main] DEBUG o.h.engine.internal.TwoPhaseLoad - Resolving associations for [edu.ncsu.csc.itrust2.models.persistent.LogEntry#270]
21:21:01.828 [main] DEBUG o.h.engine.internal.TwoPhaseLoad - Done materializing entity [edu.ncsu.csc.itrust2.models.persistent.LogEntry#270]
21:21:01.828 [main] DEBUG o.h.engine.internal.TwoPhaseLoad - Resolving associations for [edu.ncsu.csc.itrust2.models.persistent.LogEntry#271]
21:21:01.828 [main] DEBUG o.h.engine.internal.TwoPhaseLoad - Done materializing entity [edu.ncsu.csc.itrust2.models.persistent.LogEntry#271]
21:21:01.828 [main] DEBUG o.h.engine.internal.TwoPhaseLoad - Resolving associations for [edu.ncsu.csc.itrust2.models.persistent.LogEntry#272]
21:21:01.828 [main] DEBUG o.h.engine.internal.TwoPhaseLoad - Done materializing entity [edu.ncsu.csc.itrust2.models.persistent.LogEntry#272]
21:21:01.828 [main] DEBUG o.h.engine.internal.TwoPhaseLoad - Resolving associations for [edu.ncsu.csc.itrust2.models.persistent.LogEntry#273]
21:21:01.828 [main] DEBUG o.h.engine.internal.TwoPhaseLoad - Done materializing entity [edu.ncsu.csc.itrust2.models.persistent.LogEntry#273]
21:21:01.828 [main] DEBUG o.h.engine.internal.TwoPhaseLoad - Resolving associations for [edu.ncsu.csc.itrust2.models.persistent.LogEntry#274]
21:21:01.828 [main] DEBUG o.h.engine.internal.TwoPhaseLoad - Done materializing entity [edu.ncsu.csc.itrust2.models.persistent.LogEntry#274]
21:21:01.828 [main] DEBUG o.h.engine.internal.TwoPhaseLoad - Resolving associations for [edu.ncsu.csc.itrust2.models.persistent.LogEntry#275]
21:21:01.828 [main] DEBUG o.h.engine.internal.TwoPhaseLoad - Done materializing entity [edu.ncsu.csc.itrust2.models.persistent.LogEntry#275]
21:21:01.828 [main] DEBUG o.h.engine.internal.TwoPhaseLoad - Resolving associations for [edu.ncsu.csc.itrust2.models.persistent.LogEntry#276]
21:21:01.829 [main] DEBUG o.h.engine.internal.TwoPhaseLoad - Done materializing entity [edu.ncsu.csc.itrust2.models.persistent.LogEntry#276]
21:21:01.829 [main] DEBUG o.h.engine.internal.TwoPhaseLoad - Resolving associations for [edu.ncsu.csc.itrust2.models.persistent.LogEntry#277]
21:21:01.829 [main] DEBUG o.h.engine.internal.TwoPhaseLoad - Done materializing entity [edu.ncsu.csc.itrust2.models.persistent.LogEntry#277]
21:21:01.829 [main] DEBUG o.h.engine.internal.TwoPhaseLoad - Resolving associations for [edu.ncsu.csc.itrust2.models.persistent.LogEntry#278]
21:21:01.829 [main] DEBUG o.h.engine.internal.TwoPhaseLoad - Done materializing entity [edu.ncsu.csc.itrust2.models.persistent.LogEntry#278]
21:21:01.829 [main] DEBUG o.h.engine.internal.TwoPhaseLoad - Resolving associations for [edu.ncsu.csc.itrust2.models.persistent.LogEntry#279]
21:21:01.829 [main] DEBUG o.h.engine.internal.TwoPhaseLoad - Done materializing entity [edu.ncsu.csc.itrust2.models.persistent.LogEntry#279]
21:21:01.829 [main] DEBUG o.h.engine.internal.TwoPhaseLoad - Resolving associations for [edu.ncsu.csc.itrust2.models.persistent.LogEntry#280]
21:21:01.829 [main] DEBUG o.h.engine.internal.TwoPhaseLoad - Done materializing entity [edu.ncsu.csc.itrust2.models.persistent.LogEntry#280]
21:21:01.829 [main] DEBUG o.h.engine.internal.TwoPhaseLoad - Resolving associations for [edu.ncsu.csc.itrust2.models.persistent.LogEntry#281]
21:21:01.829 [main] DEBUG o.h.engine.internal.TwoPhaseLoad - Done materializing entity [edu.ncsu.csc.itrust2.models.persistent.LogEntry#281]
21:21:01.829 [main] DEBUG o.h.engine.internal.TwoPhaseLoad - Resolving associations for [edu.ncsu.csc.itrust2.models.persistent.LogEntry#282]
21:21:01.829 [main] DEBUG o.h.engine.internal.TwoPhaseLoad - Done materializing entity [edu.ncsu.csc.itrust2.models.persistent.LogEntry#282]
21:21:01.830 [main] DEBUG o.h.engine.internal.TwoPhaseLoad - Resolving associations for [edu.ncsu.csc.itrust2.models.persistent.LogEntry#283]
21:21:01.830 [main] DEBUG o.h.engine.internal.TwoPhaseLoad - Done materializing entity [edu.ncsu.csc.itrust2.models.persistent.LogEntry#283]
21:21:01.830 [main] DEBUG o.h.engine.internal.TwoPhaseLoad - Resolving associations for [edu.ncsu.csc.itrust2.models.persistent.LogEntry#284]
21:21:01.830 [main] DEBUG o.h.engine.internal.TwoPhaseLoad - Done materializing entity [edu.ncsu.csc.itrust2.models.persistent.LogEntry#284]
21:21:01.830 [main] DEBUG o.h.engine.internal.TwoPhaseLoad - Resolving associations for [edu.ncsu.csc.itrust2.models.persistent.LogEntry#285]
21:21:01.830 [main] DEBUG o.h.engine.internal.TwoPhaseLoad - Done materializing entity [edu.ncsu.csc.itrust2.models.persistent.LogEntry#285]
21:21:01.830 [main] DEBUG o.h.engine.internal.TwoPhaseLoad - Resolving associations for [edu.ncsu.csc.itrust2.models.persistent.LogEntry#286]
21:21:01.830 [main] DEBUG o.h.engine.internal.TwoPhaseLoad - Done materializing entity [edu.ncsu.csc.itrust2.models.persistent.LogEntry#286]
21:21:01.830 [main] DEBUG o.h.engine.internal.TwoPhaseLoad - Resolving associations for [edu.ncsu.csc.itrust2.models.persistent.LogEntry#287]
21:21:01.830 [main] DEBUG o.h.engine.internal.TwoPhaseLoad - Done materializing entity [edu.ncsu.csc.itrust2.models.persistent.LogEntry#287]
21:21:01.830 [main] DEBUG o.h.engine.internal.TwoPhaseLoad - Resolving associations for [edu.ncsu.csc.itrust2.models.persistent.LogEntry#288]
21:21:01.830 [main] DEBUG o.h.engine.internal.TwoPhaseLoad - Done materializing entity [edu.ncsu.csc.itrust2.models.persistent.LogEntry#288]
21:21:01.831 [main] DEBUG o.h.engine.internal.TwoPhaseLoad - Resolving associations for [edu.ncsu.csc.itrust2.models.persistent.LogEntry#289]
21:21:01.831 [main] DEBUG o.h.engine.internal.TwoPhaseLoad - Done materializing entity [edu.ncsu.csc.itrust2.models.persistent.LogEntry#289]
21:21:01.831 [main] DEBUG o.h.engine.internal.TwoPhaseLoad - Resolving associations for [edu.ncsu.csc.itrust2.models.persistent.LogEntry#290]
21:21:01.831 [main] DEBUG o.h.engine.internal.TwoPhaseLoad - Done materializing entity [edu.ncsu.csc.itrust2.models.persistent.LogEntry#290]
21:21:01.831 [main] DEBUG o.h.engine.internal.TwoPhaseLoad - Resolving associations for [edu.ncsu.csc.itrust2.models.persistent.LogEntry#291]
21:21:01.831 [main] DEBUG o.h.engine.internal.TwoPhaseLoad - Done materializing entity [edu.ncsu.csc.itrust2.models.persistent.LogEntry#291]
21:21:01.831 [main] DEBUG o.h.engine.internal.TwoPhaseLoad - Resolving associations for [edu.ncsu.csc.itrust2.models.persistent.LogEntry#292]
21:21:01.831 [main] DEBUG o.h.engine.internal.TwoPhaseLoad - Done materializing entity [edu.ncsu.csc.itrust2.models.persistent.LogEntry#292]
21:21:01.831 [main] DEBUG o.h.engine.internal.TwoPhaseLoad - Resolving associations for [edu.ncsu.csc.itrust2.models.persistent.LogEntry#293]
21:21:01.831 [main] DEBUG o.h.engine.internal.TwoPhaseLoad - Done materializing entity [edu.ncsu.csc.itrust2.models.persistent.LogEntry#293]
21:21:01.831 [main] DEBUG o.h.engine.internal.TwoPhaseLoad - Resolving associations for [edu.ncsu.csc.itrust2.models.persistent.LogEntry#294]
21:21:01.831 [main] DEBUG o.h.engine.internal.TwoPhaseLoad - Done materializing entity [edu.ncsu.csc.itrust2.models.persistent.LogEntry#294]
21:21:01.831 [main] DEBUG o.h.engine.internal.TwoPhaseLoad - Resolving associations for [edu.ncsu.csc.itrust2.models.persistent.LogEntry#295]
21:21:01.832 [main] DEBUG o.h.engine.internal.TwoPhaseLoad - Done materializing entity [edu.ncsu.csc.itrust2.models.persistent.LogEntry#295]
21:21:01.832 [main] DEBUG o.h.engine.internal.TwoPhaseLoad - Resolving associations for [edu.ncsu.csc.itrust2.models.persistent.LogEntry#296]
21:21:01.832 [main] DEBUG o.h.engine.internal.TwoPhaseLoad - Done materializing entity [edu.ncsu.csc.itrust2.models.persistent.LogEntry#296]
21:21:01.832 [main] DEBUG o.h.engine.internal.TwoPhaseLoad - Resolving associations for [edu.ncsu.csc.itrust2.models.persistent.LogEntry#297]
21:21:01.832 [main] DEBUG o.h.engine.internal.TwoPhaseLoad - Done materializing entity [edu.ncsu.csc.itrust2.models.persistent.LogEntry#297]
21:21:01.832 [main] DEBUG o.h.engine.internal.TwoPhaseLoad - Resolving associations for [edu.ncsu.csc.itrust2.models.persistent.LogEntry#298]
21:21:01.832 [main] DEBUG o.h.engine.internal.TwoPhaseLoad - Done materializing entity [edu.ncsu.csc.itrust2.models.persistent.LogEntry#298]
21:21:01.832 [main] DEBUG o.h.engine.internal.TwoPhaseLoad - Resolving associations for [edu.ncsu.csc.itrust2.models.persistent.LogEntry#299]
21:21:01.832 [main] DEBUG o.h.engine.internal.TwoPhaseLoad - Done materializing entity [edu.ncsu.csc.itrust2.models.persistent.LogEntry#299]
21:21:01.832 [main] DEBUG o.h.engine.internal.TwoPhaseLoad - Resolving associations for [edu.ncsu.csc.itrust2.models.persistent.LogEntry#300]
21:21:01.832 [main] DEBUG o.h.engine.internal.TwoPhaseLoad - Done materializing entity [edu.ncsu.csc.itrust2.models.persistent.LogEntry#300]
21:21:01.832 [main] DEBUG o.h.engine.internal.TwoPhaseLoad - Resolving associations for [edu.ncsu.csc.itrust2.models.persistent.LogEntry#301]
21:21:01.833 [main] DEBUG o.h.engine.internal.TwoPhaseLoad - Done materializing entity [edu.ncsu.csc.itrust2.models.persistent.LogEntry#301]
21:21:01.833 [main] DEBUG o.h.engine.internal.TwoPhaseLoad - Resolving associations for [edu.ncsu.csc.itrust2.models.persistent.LogEntry#302]
21:21:01.833 [main] DEBUG o.h.engine.internal.TwoPhaseLoad - Done materializing entity [edu.ncsu.csc.itrust2.models.persistent.LogEntry#302]
21:21:01.833 [main] DEBUG o.h.engine.internal.TwoPhaseLoad - Resolving associations for [edu.ncsu.csc.itrust2.models.persistent.LogEntry#303]
21:21:01.833 [main] DEBUG o.h.engine.internal.TwoPhaseLoad - Done materializing entity [edu.ncsu.csc.itrust2.models.persistent.LogEntry#303]
21:21:01.833 [main] DEBUG o.h.engine.internal.TwoPhaseLoad - Resolving associations for [edu.ncsu.csc.itrust2.models.persistent.LogEntry#304]
21:21:01.833 [main] DEBUG o.h.engine.internal.TwoPhaseLoad - Done materializing entity [edu.ncsu.csc.itrust2.models.persistent.LogEntry#304]
21:21:01.833 [main] DEBUG o.h.engine.internal.TwoPhaseLoad - Resolving associations for [edu.ncsu.csc.itrust2.models.persistent.LogEntry#305]
21:21:01.833 [main] DEBUG o.h.engine.internal.TwoPhaseLoad - Done materializing entity [edu.ncsu.csc.itrust2.models.persistent.LogEntry#305]
21:21:01.833 [main] DEBUG o.h.engine.internal.TwoPhaseLoad - Resolving associations for [edu.ncsu.csc.itrust2.models.persistent.LogEntry#306]
21:21:01.833 [main] DEBUG o.h.engine.internal.TwoPhaseLoad - Done materializing entity [edu.ncsu.csc.itrust2.models.persistent.LogEntry#306]
21:21:01.833 [main] DEBUG o.h.engine.internal.TwoPhaseLoad - Resolving associations for [edu.ncsu.csc.itrust2.models.persistent.LogEntry#307]
21:21:01.834 [main] DEBUG o.h.engine.internal.TwoPhaseLoad - Done materializing entity [edu.ncsu.csc.itrust2.models.persistent.LogEntry#307]
21:21:01.834 [main] DEBUG o.h.engine.internal.TwoPhaseLoad - Resolving associations for [edu.ncsu.csc.itrust2.models.persistent.LogEntry#308]
21:21:01.834 [main] DEBUG o.h.engine.internal.TwoPhaseLoad - Done materializing entity [edu.ncsu.csc.itrust2.models.persistent.LogEntry#308]
21:21:01.834 [main] DEBUG o.h.engine.internal.TwoPhaseLoad - Resolving associations for [edu.ncsu.csc.itrust2.models.persistent.LogEntry#309]
21:21:01.836 [main] DEBUG o.h.engine.internal.TwoPhaseLoad - Done materializing entity [edu.ncsu.csc.itrust2.models.persistent.LogEntry#309]
21:21:01.836 [main] DEBUG o.h.engine.internal.TwoPhaseLoad - Resolving associations for [edu.ncsu.csc.itrust2.models.persistent.LogEntry#310]
21:21:01.837 [main] DEBUG o.h.engine.internal.TwoPhaseLoad - Done materializing entity [edu.ncsu.csc.itrust2.models.persistent.LogEntry#310]
21:21:01.837 [main] DEBUG o.h.engine.internal.TwoPhaseLoad - Resolving associations for [edu.ncsu.csc.itrust2.models.persistent.LogEntry#311]
21:21:01.837 [main] DEBUG o.h.engine.internal.TwoPhaseLoad - Done materializing entity [edu.ncsu.csc.itrust2.models.persistent.LogEntry#311]
21:21:01.837 [main] DEBUG o.h.engine.internal.TwoPhaseLoad - Resolving associations for [edu.ncsu.csc.itrust2.models.persistent.LogEntry#312]
21:21:01.837 [main] DEBUG o.h.engine.internal.TwoPhaseLoad - Done materializing entity [edu.ncsu.csc.itrust2.models.persistent.LogEntry#312]
21:21:01.837 [main] DEBUG o.h.engine.internal.TwoPhaseLoad - Resolving associations for [edu.ncsu.csc.itrust2.models.persistent.LogEntry#313]
21:21:01.838 [main] DEBUG o.h.engine.internal.TwoPhaseLoad - Done materializing entity [edu.ncsu.csc.itrust2.models.persistent.LogEntry#313]
21:21:01.838 [main] DEBUG o.h.engine.internal.TwoPhaseLoad - Resolving associations for [edu.ncsu.csc.itrust2.models.persistent.LogEntry#314]
21:21:01.838 [main] DEBUG o.h.engine.internal.TwoPhaseLoad - Done materializing entity [edu.ncsu.csc.itrust2.models.persistent.LogEntry#314]
21:21:01.838 [main] DEBUG o.h.engine.internal.TwoPhaseLoad - Resolving associations for [edu.ncsu.csc.itrust2.models.persistent.LogEntry#315]
21:21:01.838 [main] DEBUG o.h.engine.internal.TwoPhaseLoad - Done materializing entity [edu.ncsu.csc.itrust2.models.persistent.LogEntry#315]
21:21:01.838 [main] DEBUG o.h.engine.internal.TwoPhaseLoad - Resolving associations for [edu.ncsu.csc.itrust2.models.persistent.LogEntry#316]
21:21:01.838 [main] DEBUG o.h.engine.internal.TwoPhaseLoad - Done materializing entity [edu.ncsu.csc.itrust2.models.persistent.LogEntry#316]
21:21:01.838 [main] DEBUG o.h.engine.internal.TwoPhaseLoad - Resolving associations for [edu.ncsu.csc.itrust2.models.persistent.LogEntry#317]
21:21:01.838 [main] DEBUG o.h.engine.internal.TwoPhaseLoad - Done materializing entity [edu.ncsu.csc.itrust2.models.persistent.LogEntry#317]
21:21:01.838 [main] DEBUG o.h.engine.internal.TwoPhaseLoad - Resolving associations for [edu.ncsu.csc.itrust2.models.persistent.LogEntry#318]
21:21:01.839 [main] DEBUG o.h.engine.internal.TwoPhaseLoad - Done materializing entity [edu.ncsu.csc.itrust2.models.persistent.LogEntry#318]
21:21:01.839 [main] DEBUG o.h.engine.internal.TwoPhaseLoad - Resolving associations for [edu.ncsu.csc.itrust2.models.persistent.LogEntry#319]
21:21:01.839 [main] DEBUG o.h.engine.internal.TwoPhaseLoad - Done materializing entity [edu.ncsu.csc.itrust2.models.persistent.LogEntry#319]
21:21:01.839 [main] DEBUG o.h.engine.internal.TwoPhaseLoad - Resolving associations for [edu.ncsu.csc.itrust2.models.persistent.LogEntry#320]
21:21:01.839 [main] DEBUG o.h.engine.internal.TwoPhaseLoad - Done materializing entity [edu.ncsu.csc.itrust2.models.persistent.LogEntry#320]
21:21:01.839 [main] DEBUG o.h.engine.internal.TwoPhaseLoad - Resolving associations for [edu.ncsu.csc.itrust2.models.persistent.LogEntry#321]
21:21:01.839 [main] DEBUG o.h.engine.internal.TwoPhaseLoad - Done materializing entity [edu.ncsu.csc.itrust2.models.persistent.LogEntry#321]
21:21:01.839 [main] DEBUG o.h.engine.internal.TwoPhaseLoad - Resolving associations for [edu.ncsu.csc.itrust2.models.persistent.LogEntry#322]
21:21:01.839 [main] DEBUG o.h.engine.internal.TwoPhaseLoad - Done materializing entity [edu.ncsu.csc.itrust2.models.persistent.LogEntry#322]
21:21:01.840 [main] DEBUG o.h.engine.internal.TwoPhaseLoad - Resolving associations for [edu.ncsu.csc.itrust2.models.persistent.LogEntry#323]
21:21:01.840 [main] DEBUG o.h.engine.internal.TwoPhaseLoad - Done materializing entity [edu.ncsu.csc.itrust2.models.persistent.LogEntry#323]
21:21:01.840 [main] DEBUG o.h.engine.internal.TwoPhaseLoad - Resolving associations for [edu.ncsu.csc.itrust2.models.persistent.LogEntry#324]
21:21:01.840 [main] DEBUG o.h.engine.internal.TwoPhaseLoad - Done materializing entity [edu.ncsu.csc.itrust2.models.persistent.LogEntry#324]
21:21:01.840 [main] DEBUG o.h.engine.internal.TwoPhaseLoad - Resolving associations for [edu.ncsu.csc.itrust2.models.persistent.LogEntry#325]
21:21:01.840 [main] DEBUG o.h.engine.internal.TwoPhaseLoad - Done materializing entity [edu.ncsu.csc.itrust2.models.persistent.LogEntry#325]
21:21:01.840 [main] DEBUG o.h.engine.internal.TwoPhaseLoad - Resolving associations for [edu.ncsu.csc.itrust2.models.persistent.LogEntry#326]
21:21:01.840 [main] DEBUG o.h.engine.internal.TwoPhaseLoad - Done materializing entity [edu.ncsu.csc.itrust2.models.persistent.LogEntry#326]
21:21:01.840 [main] DEBUG o.h.engine.internal.TwoPhaseLoad - Resolving associations for [edu.ncsu.csc.itrust2.models.persistent.LogEntry#327]
21:21:01.840 [main] DEBUG o.h.engine.internal.TwoPhaseLoad - Done materializing entity [edu.ncsu.csc.itrust2.models.persistent.LogEntry#327]
21:21:01.840 [main] DEBUG o.h.engine.internal.TwoPhaseLoad - Resolving associations for [edu.ncsu.csc.itrust2.models.persistent.LogEntry#328]
21:21:01.841 [main] DEBUG o.h.engine.internal.TwoPhaseLoad - Done materializing entity [edu.ncsu.csc.itrust2.models.persistent.LogEntry#328]
21:21:01.842 [main] DEBUG o.h.engine.internal.TwoPhaseLoad - Resolving associations for [edu.ncsu.csc.itrust2.models.persistent.LogEntry#329]
21:21:01.842 [main] DEBUG o.h.engine.internal.TwoPhaseLoad - Done materializing entity [edu.ncsu.csc.itrust2.models.persistent.LogEntry#329]
21:21:01.842 [main] DEBUG o.h.engine.internal.TwoPhaseLoad - Resolving associations for [edu.ncsu.csc.itrust2.models.persistent.LogEntry#330]
21:21:01.842 [main] DEBUG o.h.engine.internal.TwoPhaseLoad - Done materializing entity [edu.ncsu.csc.itrust2.models.persistent.LogEntry#330]
21:21:01.842 [main] DEBUG o.h.engine.internal.TwoPhaseLoad - Resolving associations for [edu.ncsu.csc.itrust2.models.persistent.LogEntry#331]
21:21:01.842 [main] DEBUG o.h.engine.internal.TwoPhaseLoad - Done materializing entity [edu.ncsu.csc.itrust2.models.persistent.LogEntry#331]
21:21:01.842 [main] DEBUG o.h.engine.internal.TwoPhaseLoad - Resolving associations for [edu.ncsu.csc.itrust2.models.persistent.LogEntry#332]
21:21:01.842 [main] DEBUG o.h.engine.internal.TwoPhaseLoad - Done materializing entity [edu.ncsu.csc.itrust2.models.persistent.LogEntry#332]
21:21:01.843 [main] DEBUG o.h.engine.internal.TwoPhaseLoad - Resolving associations for [edu.ncsu.csc.itrust2.models.persistent.LogEntry#333]
21:21:01.843 [main] DEBUG o.h.engine.internal.TwoPhaseLoad - Done materializing entity [edu.ncsu.csc.itrust2.models.persistent.LogEntry#333]
21:21:01.843 [main] DEBUG o.h.engine.internal.TwoPhaseLoad - Resolving associations for [edu.ncsu.csc.itrust2.models.persistent.LogEntry#334]
21:21:01.843 [main] DEBUG o.h.engine.internal.TwoPhaseLoad - Done materializing entity [edu.ncsu.csc.itrust2.models.persistent.LogEntry#334]
21:21:01.843 [main] DEBUG o.h.engine.internal.TwoPhaseLoad - Resolving associations for [edu.ncsu.csc.itrust2.models.persistent.LogEntry#335]
21:21:01.843 [main] DEBUG o.h.engine.internal.TwoPhaseLoad - Done materializing entity [edu.ncsu.csc.itrust2.models.persistent.LogEntry#335]
21:21:01.843 [main] DEBUG o.h.engine.internal.TwoPhaseLoad - Resolving associations for [edu.ncsu.csc.itrust2.models.persistent.LogEntry#336]
21:21:01.843 [main] DEBUG o.h.engine.internal.TwoPhaseLoad - Done materializing entity [edu.ncsu.csc.itrust2.models.persistent.LogEntry#336]
21:21:01.843 [main] DEBUG o.h.engine.internal.TwoPhaseLoad - Resolving associations for [edu.ncsu.csc.itrust2.models.persistent.LogEntry#337]
21:21:01.843 [main] DEBUG o.h.engine.internal.TwoPhaseLoad - Done materializing entity [edu.ncsu.csc.itrust2.models.persistent.LogEntry#337]
21:21:01.843 [main] DEBUG o.h.engine.internal.TwoPhaseLoad - Resolving associations for [edu.ncsu.csc.itrust2.models.persistent.LogEntry#338]
21:21:01.843 [main] DEBUG o.h.engine.internal.TwoPhaseLoad - Done materializing entity [edu.ncsu.csc.itrust2.models.persistent.LogEntry#338]
21:21:01.843 [main] DEBUG o.h.engine.internal.TwoPhaseLoad - Resolving associations for [edu.ncsu.csc.itrust2.models.persistent.LogEntry#339]
21:21:01.844 [main] DEBUG o.h.engine.internal.TwoPhaseLoad - Done materializing entity [edu.ncsu.csc.itrust2.models.persistent.LogEntry#339]
21:21:01.844 [main] DEBUG o.h.engine.internal.TwoPhaseLoad - Resolving associations for [edu.ncsu.csc.itrust2.models.persistent.LogEntry#340]
21:21:01.844 [main] DEBUG o.h.engine.internal.TwoPhaseLoad - Done materializing entity [edu.ncsu.csc.itrust2.models.persistent.LogEntry#340]
21:21:01.844 [main] DEBUG o.h.engine.internal.TwoPhaseLoad - Resolving associations for [edu.ncsu.csc.itrust2.models.persistent.LogEntry#341]
21:21:01.844 [main] DEBUG o.h.engine.internal.TwoPhaseLoad - Done materializing entity [edu.ncsu.csc.itrust2.models.persistent.LogEntry#341]
21:21:01.844 [main] DEBUG o.h.engine.internal.TwoPhaseLoad - Resolving associations for [edu.ncsu.csc.itrust2.models.persistent.LogEntry#342]
21:21:01.844 [main] DEBUG o.h.engine.internal.TwoPhaseLoad - Done materializing entity [edu.ncsu.csc.itrust2.models.persistent.LogEntry#342]
21:21:01.844 [main] DEBUG o.h.engine.internal.TwoPhaseLoad - Resolving associations for [edu.ncsu.csc.itrust2.models.persistent.LogEntry#343]
21:21:01.844 [main] DEBUG o.h.engine.internal.TwoPhaseLoad - Done materializing entity [edu.ncsu.csc.itrust2.models.persistent.LogEntry#343]
21:21:01.844 [main] DEBUG o.h.engine.internal.TwoPhaseLoad - Resolving associations for [edu.ncsu.csc.itrust2.models.persistent.LogEntry#344]
21:21:01.844 [main] DEBUG o.h.engine.internal.TwoPhaseLoad - Done materializing entity [edu.ncsu.csc.itrust2.models.persistent.LogEntry#344]
21:21:01.844 [main] DEBUG o.h.engine.internal.TwoPhaseLoad - Resolving associations for [edu.ncsu.csc.itrust2.models.persistent.LogEntry#345]
21:21:01.844 [main] DEBUG o.h.engine.internal.TwoPhaseLoad - Done materializing entity [edu.ncsu.csc.itrust2.models.persistent.LogEntry#345]
21:21:01.845 [main] DEBUG o.h.engine.internal.TwoPhaseLoad - Resolving associations for [edu.ncsu.csc.itrust2.models.persistent.LogEntry#346]
21:21:01.845 [main] DEBUG o.h.engine.internal.TwoPhaseLoad - Done materializing entity [edu.ncsu.csc.itrust2.models.persistent.LogEntry#346]
21:21:01.845 [main] DEBUG o.h.engine.internal.TwoPhaseLoad - Resolving associations for [edu.ncsu.csc.itrust2.models.persistent.LogEntry#347]
21:21:01.845 [main] DEBUG o.h.engine.internal.TwoPhaseLoad - Done materializing entity [edu.ncsu.csc.itrust2.models.persistent.LogEntry#347]
21:21:01.845 [main] DEBUG o.h.engine.internal.TwoPhaseLoad - Resolving associations for [edu.ncsu.csc.itrust2.models.persistent.LogEntry#348]
21:21:01.845 [main] DEBUG o.h.engine.internal.TwoPhaseLoad - Done materializing entity [edu.ncsu.csc.itrust2.models.persistent.LogEntry#348]
21:21:01.845 [main] DEBUG o.h.engine.internal.TwoPhaseLoad - Resolving associations for [edu.ncsu.csc.itrust2.models.persistent.LogEntry#349]
21:21:01.845 [main] DEBUG o.h.engine.internal.TwoPhaseLoad - Done materializing entity [edu.ncsu.csc.itrust2.models.persistent.LogEntry#349]
21:21:01.845 [main] DEBUG o.h.engine.internal.TwoPhaseLoad - Resolving associations for [edu.ncsu.csc.itrust2.models.persistent.LogEntry#350]
21:21:01.845 [main] DEBUG o.h.engine.internal.TwoPhaseLoad - Done materializing entity [edu.ncsu.csc.itrust2.models.persistent.LogEntry#350]
21:21:01.845 [main] DEBUG o.h.engine.internal.TwoPhaseLoad - Resolving associations for [edu.ncsu.csc.itrust2.models.persistent.LogEntry#351]
21:21:01.845 [main] DEBUG o.h.engine.internal.TwoPhaseLoad - Done materializing entity [edu.ncsu.csc.itrust2.models.persistent.LogEntry#351]
21:21:01.845 [main] DEBUG o.h.engine.internal.TwoPhaseLoad - Resolving associations for [edu.ncsu.csc.itrust2.models.persistent.LogEntry#352]
21:21:01.846 [main] DEBUG o.h.engine.internal.TwoPhaseLoad - Done materializing entity [edu.ncsu.csc.itrust2.models.persistent.LogEntry#352]
21:21:01.846 [main] DEBUG o.h.engine.internal.TwoPhaseLoad - Resolving associations for [edu.ncsu.csc.itrust2.models.persistent.LogEntry#353]
21:21:01.846 [main] DEBUG o.h.engine.internal.TwoPhaseLoad - Done materializing entity [edu.ncsu.csc.itrust2.models.persistent.LogEntry#353]
21:21:01.846 [main] DEBUG o.h.engine.internal.TwoPhaseLoad - Resolving associations for [edu.ncsu.csc.itrust2.models.persistent.LogEntry#354]
21:21:01.846 [main] DEBUG o.h.engine.internal.TwoPhaseLoad - Done materializing entity [edu.ncsu.csc.itrust2.models.persistent.LogEntry#354]
21:21:01.846 [main] DEBUG o.h.engine.internal.TwoPhaseLoad - Resolving associations for [edu.ncsu.csc.itrust2.models.persistent.LogEntry#355]
21:21:01.846 [main] DEBUG o.h.engine.internal.TwoPhaseLoad - Done materializing entity [edu.ncsu.csc.itrust2.models.persistent.LogEntry#355]
21:21:01.846 [main] DEBUG o.h.engine.internal.TwoPhaseLoad - Resolving associations for [edu.ncsu.csc.itrust2.models.persistent.LogEntry#356]
21:21:01.846 [main] DEBUG o.h.engine.internal.TwoPhaseLoad - Done materializing entity [edu.ncsu.csc.itrust2.models.persistent.LogEntry#356]
21:21:01.846 [main] DEBUG o.h.engine.internal.TwoPhaseLoad - Resolving associations for [edu.ncsu.csc.itrust2.models.persistent.LogEntry#357]
21:21:01.846 [main] DEBUG o.h.engine.internal.TwoPhaseLoad - Done materializing entity [edu.ncsu.csc.itrust2.models.persistent.LogEntry#357]
21:21:01.846 [main] DEBUG o.h.engine.internal.TwoPhaseLoad - Resolving associations for [edu.ncsu.csc.itrust2.models.persistent.LogEntry#358]
21:21:01.846 [main] DEBUG o.h.engine.internal.TwoPhaseLoad - Done materializing entity [edu.ncsu.csc.itrust2.models.persistent.LogEntry#358]
21:21:01.847 [main] DEBUG o.h.engine.internal.TwoPhaseLoad - Resolving associations for [edu.ncsu.csc.itrust2.models.persistent.LogEntry#359]
21:21:01.847 [main] DEBUG o.h.engine.internal.TwoPhaseLoad - Done materializing entity [edu.ncsu.csc.itrust2.models.persistent.LogEntry#359]
21:21:01.847 [main] DEBUG o.h.engine.internal.TwoPhaseLoad - Resolving associations for [edu.ncsu.csc.itrust2.models.persistent.LogEntry#360]
21:21:01.847 [main] DEBUG o.h.engine.internal.TwoPhaseLoad - Done materializing entity [edu.ncsu.csc.itrust2.models.persistent.LogEntry#360]
21:21:01.847 [main] DEBUG o.h.engine.internal.TwoPhaseLoad - Resolving associations for [edu.ncsu.csc.itrust2.models.persistent.LogEntry#361]
21:21:01.847 [main] DEBUG o.h.engine.internal.TwoPhaseLoad - Done materializing entity [edu.ncsu.csc.itrust2.models.persistent.LogEntry#361]
21:21:01.847 [main] DEBUG o.h.engine.internal.TwoPhaseLoad - Resolving associations for [edu.ncsu.csc.itrust2.models.persistent.LogEntry#362]
21:21:01.847 [main] DEBUG o.h.engine.internal.TwoPhaseLoad - Done materializing entity [edu.ncsu.csc.itrust2.models.persistent.LogEntry#362]
21:21:01.847 [main] DEBUG o.h.engine.internal.TwoPhaseLoad - Resolving associations for [edu.ncsu.csc.itrust2.models.persistent.LogEntry#363]
21:21:01.847 [main] DEBUG o.h.engine.internal.TwoPhaseLoad - Done materializing entity [edu.ncsu.csc.itrust2.models.persistent.LogEntry#363]
21:21:01.847 [main] DEBUG o.h.engine.internal.TwoPhaseLoad - Resolving associations for [edu.ncsu.csc.itrust2.models.persistent.LogEntry#364]
21:21:01.847 [main] DEBUG o.h.engine.internal.TwoPhaseLoad - Done materializing entity [edu.ncsu.csc.itrust2.models.persistent.LogEntry#364]
21:21:01.847 [main] DEBUG o.h.engine.internal.TwoPhaseLoad - Resolving associations for [edu.ncsu.csc.itrust2.models.persistent.LogEntry#365]
21:21:01.848 [main] DEBUG o.h.engine.internal.TwoPhaseLoad - Done materializing entity [edu.ncsu.csc.itrust2.models.persistent.LogEntry#365]
21:21:01.848 [main] DEBUG o.h.engine.internal.TwoPhaseLoad - Resolving associations for [edu.ncsu.csc.itrust2.models.persistent.LogEntry#366]
21:21:01.848 [main] DEBUG o.h.engine.internal.TwoPhaseLoad - Done materializing entity [edu.ncsu.csc.itrust2.models.persistent.LogEntry#366]
21:21:01.848 [main] DEBUG o.h.engine.internal.TwoPhaseLoad - Resolving associations for [edu.ncsu.csc.itrust2.models.persistent.LogEntry#367]
21:21:01.848 [main] DEBUG o.h.engine.internal.TwoPhaseLoad - Done materializing entity [edu.ncsu.csc.itrust2.models.persistent.LogEntry#367]
21:21:01.848 [main] DEBUG o.h.engine.internal.TwoPhaseLoad - Resolving associations for [edu.ncsu.csc.itrust2.models.persistent.LogEntry#368]
21:21:01.848 [main] DEBUG o.h.engine.internal.TwoPhaseLoad - Done materializing entity [edu.ncsu.csc.itrust2.models.persistent.LogEntry#368]
21:21:01.848 [main] DEBUG o.h.engine.internal.TwoPhaseLoad - Resolving associations for [edu.ncsu.csc.itrust2.models.persistent.LogEntry#369]
21:21:01.848 [main] DEBUG o.h.engine.internal.TwoPhaseLoad - Done materializing entity [edu.ncsu.csc.itrust2.models.persistent.LogEntry#369]
21:21:01.848 [main] DEBUG o.h.engine.internal.TwoPhaseLoad - Resolving associations for [edu.ncsu.csc.itrust2.models.persistent.LogEntry#370]
21:21:01.848 [main] DEBUG o.h.engine.internal.TwoPhaseLoad - Done materializing entity [edu.ncsu.csc.itrust2.models.persistent.LogEntry#370]
21:21:01.848 [main] DEBUG o.h.engine.internal.TwoPhaseLoad - Resolving associations for [edu.ncsu.csc.itrust2.models.persistent.LogEntry#371]
21:21:01.848 [main] DEBUG o.h.engine.internal.TwoPhaseLoad - Done materializing entity [edu.ncsu.csc.itrust2.models.persistent.LogEntry#371]
21:21:01.848 [main] DEBUG o.h.engine.internal.TwoPhaseLoad - Resolving associations for [edu.ncsu.csc.itrust2.models.persistent.LogEntry#372]
21:21:01.849 [main] DEBUG o.h.engine.internal.TwoPhaseLoad - Done materializing entity [edu.ncsu.csc.itrust2.models.persistent.LogEntry#372]
21:21:01.849 [main] DEBUG o.h.engine.internal.TwoPhaseLoad - Resolving associations for [edu.ncsu.csc.itrust2.models.persistent.LogEntry#373]
21:21:01.849 [main] DEBUG o.h.engine.internal.TwoPhaseLoad - Done materializing entity [edu.ncsu.csc.itrust2.models.persistent.LogEntry#373]
21:21:01.849 [main] DEBUG o.h.engine.internal.TwoPhaseLoad - Resolving associations for [edu.ncsu.csc.itrust2.models.persistent.LogEntry#374]
21:21:01.849 [main] DEBUG o.h.engine.internal.TwoPhaseLoad - Done materializing entity [edu.ncsu.csc.itrust2.models.persistent.LogEntry#374]
21:21:01.849 [main] DEBUG o.h.engine.internal.TwoPhaseLoad - Resolving associations for [edu.ncsu.csc.itrust2.models.persistent.LogEntry#375]
21:21:01.849 [main] DEBUG o.h.engine.internal.TwoPhaseLoad - Done materializing entity [edu.ncsu.csc.itrust2.models.persistent.LogEntry#375]
21:21:01.849 [main] DEBUG o.h.engine.internal.TwoPhaseLoad - Resolving associations for [edu.ncsu.csc.itrust2.models.persistent.LogEntry#376]
21:21:01.849 [main] DEBUG o.h.engine.internal.TwoPhaseLoad - Done materializing entity [edu.ncsu.csc.itrust2.models.persistent.LogEntry#376]
21:21:01.849 [main] DEBUG o.h.engine.internal.TwoPhaseLoad - Resolving associations for [edu.ncsu.csc.itrust2.models.persistent.LogEntry#377]
21:21:01.850 [main] DEBUG o.h.engine.internal.TwoPhaseLoad - Done materializing entity [edu.ncsu.csc.itrust2.models.persistent.LogEntry#377]
21:21:01.850 [main] DEBUG o.h.engine.internal.TwoPhaseLoad - Resolving associations for [edu.ncsu.csc.itrust2.models.persistent.LogEntry#378]
21:21:01.850 [main] DEBUG o.h.engine.internal.TwoPhaseLoad - Done materializing entity [edu.ncsu.csc.itrust2.models.persistent.LogEntry#378]
21:21:01.850 [main] DEBUG o.h.engine.internal.TwoPhaseLoad - Resolving associations for [edu.ncsu.csc.itrust2.models.persistent.LogEntry#379]
21:21:01.850 [main] DEBUG o.h.engine.internal.TwoPhaseLoad - Done materializing entity [edu.ncsu.csc.itrust2.models.persistent.LogEntry#379]
21:21:01.850 [main] DEBUG o.h.engine.internal.TwoPhaseLoad - Resolving associations for [edu.ncsu.csc.itrust2.models.persistent.LogEntry#380]
21:21:01.850 [main] DEBUG o.h.engine.internal.TwoPhaseLoad - Done materializing entity [edu.ncsu.csc.itrust2.models.persistent.LogEntry#380]
21:21:01.850 [main] DEBUG o.h.engine.internal.TwoPhaseLoad - Resolving associations for [edu.ncsu.csc.itrust2.models.persistent.LogEntry#381]
21:21:01.850 [main] DEBUG o.h.engine.internal.TwoPhaseLoad - Done materializing entity [edu.ncsu.csc.itrust2.models.persistent.LogEntry#381]
21:21:01.850 [main] DEBUG o.h.engine.internal.TwoPhaseLoad - Resolving associations for [edu.ncsu.csc.itrust2.models.persistent.LogEntry#382]
21:21:01.850 [main] DEBUG o.h.engine.internal.TwoPhaseLoad - Done materializing entity [edu.ncsu.csc.itrust2.models.persistent.LogEntry#382]
21:21:01.850 [main] DEBUG o.h.engine.internal.TwoPhaseLoad - Resolving associations for [edu.ncsu.csc.itrust2.models.persistent.LogEntry#383]
21:21:01.850 [main] DEBUG o.h.engine.internal.TwoPhaseLoad - Done materializing entity [edu.ncsu.csc.itrust2.models.persistent.LogEntry#383]
21:21:01.850 [main] DEBUG o.h.engine.internal.TwoPhaseLoad - Resolving associations for [edu.ncsu.csc.itrust2.models.persistent.LogEntry#384]
21:21:01.851 [main] DEBUG o.h.engine.internal.TwoPhaseLoad - Done materializing entity [edu.ncsu.csc.itrust2.models.persistent.LogEntry#384]
21:21:01.851 [main] DEBUG o.h.engine.internal.TwoPhaseLoad - Resolving associations for [edu.ncsu.csc.itrust2.models.persistent.LogEntry#385]
21:21:01.851 [main] DEBUG o.h.engine.internal.TwoPhaseLoad - Done materializing entity [edu.ncsu.csc.itrust2.models.persistent.LogEntry#385]
21:21:01.851 [main] DEBUG o.h.engine.internal.TwoPhaseLoad - Resolving associations for [edu.ncsu.csc.itrust2.models.persistent.LogEntry#386]
21:21:01.851 [main] DEBUG o.h.engine.internal.TwoPhaseLoad - Done materializing entity [edu.ncsu.csc.itrust2.models.persistent.LogEntry#386]
21:21:01.851 [main] DEBUG o.h.engine.internal.TwoPhaseLoad - Resolving associations for [edu.ncsu.csc.itrust2.models.persistent.LogEntry#387]
21:21:01.852 [main] DEBUG o.h.engine.internal.TwoPhaseLoad - Done materializing entity [edu.ncsu.csc.itrust2.models.persistent.LogEntry#387]
21:21:01.852 [main] DEBUG o.h.engine.internal.TwoPhaseLoad - Resolving associations for [edu.ncsu.csc.itrust2.models.persistent.LogEntry#388]
21:21:01.853 [main] DEBUG o.h.engine.internal.TwoPhaseLoad - Done materializing entity [edu.ncsu.csc.itrust2.models.persistent.LogEntry#388]
21:21:01.853 [main] DEBUG o.h.engine.internal.TwoPhaseLoad - Resolving associations for [edu.ncsu.csc.itrust2.models.persistent.LogEntry#389]
21:21:01.853 [main] DEBUG o.h.engine.internal.TwoPhaseLoad - Done materializing entity [edu.ncsu.csc.itrust2.models.persistent.LogEntry#389]
21:21:01.853 [main] DEBUG o.h.engine.internal.TwoPhaseLoad - Resolving associations for [edu.ncsu.csc.itrust2.models.persistent.LogEntry#390]
21:21:01.853 [main] DEBUG o.h.engine.internal.TwoPhaseLoad - Done materializing entity [edu.ncsu.csc.itrust2.models.persistent.LogEntry#390]
21:21:01.853 [main] DEBUG o.h.engine.internal.TwoPhaseLoad - Resolving associations for [edu.ncsu.csc.itrust2.models.persistent.LogEntry#391]
21:21:01.853 [main] DEBUG o.h.engine.internal.TwoPhaseLoad - Done materializing entity [edu.ncsu.csc.itrust2.models.persistent.LogEntry#391]
21:21:01.853 [main] DEBUG o.h.engine.internal.TwoPhaseLoad - Resolving associations for [edu.ncsu.csc.itrust2.models.persistent.LogEntry#392]
21:21:01.853 [main] DEBUG o.h.engine.internal.TwoPhaseLoad - Done materializing entity [edu.ncsu.csc.itrust2.models.persistent.LogEntry#392]
21:21:01.854 [main] DEBUG o.h.engine.internal.TwoPhaseLoad - Resolving associations for [edu.ncsu.csc.itrust2.models.persistent.LogEntry#393]
21:21:01.854 [main] DEBUG o.h.engine.internal.TwoPhaseLoad - Done materializing entity [edu.ncsu.csc.itrust2.models.persistent.LogEntry#393]
21:21:01.854 [main] DEBUG o.h.engine.internal.TwoPhaseLoad - Resolving associations for [edu.ncsu.csc.itrust2.models.persistent.LogEntry#394]
21:21:01.854 [main] DEBUG o.h.engine.internal.TwoPhaseLoad - Done materializing entity [edu.ncsu.csc.itrust2.models.persistent.LogEntry#394]
21:21:01.854 [main] DEBUG o.h.engine.internal.TwoPhaseLoad - Resolving associations for [edu.ncsu.csc.itrust2.models.persistent.LogEntry#395]
21:21:01.854 [main] DEBUG o.h.engine.internal.TwoPhaseLoad - Done materializing entity [edu.ncsu.csc.itrust2.models.persistent.LogEntry#395]
21:21:01.854 [main] DEBUG o.h.engine.internal.TwoPhaseLoad - Resolving associations for [edu.ncsu.csc.itrust2.models.persistent.LogEntry#396]
21:21:01.854 [main] DEBUG o.h.engine.internal.TwoPhaseLoad - Done materializing entity [edu.ncsu.csc.itrust2.models.persistent.LogEntry#396]
21:21:01.854 [main] DEBUG o.h.engine.internal.TwoPhaseLoad - Resolving associations for [edu.ncsu.csc.itrust2.models.persistent.LogEntry#397]
21:21:01.854 [main] DEBUG o.h.engine.internal.TwoPhaseLoad - Done materializing entity [edu.ncsu.csc.itrust2.models.persistent.LogEntry#397]
21:21:01.854 [main] DEBUG o.h.engine.internal.TwoPhaseLoad - Resolving associations for [edu.ncsu.csc.itrust2.models.persistent.LogEntry#398]
21:21:01.854 [main] DEBUG o.h.engine.internal.TwoPhaseLoad - Done materializing entity [edu.ncsu.csc.itrust2.models.persistent.LogEntry#398]
21:21:01.854 [main] DEBUG o.h.engine.internal.TwoPhaseLoad - Resolving associations for [edu.ncsu.csc.itrust2.models.persistent.LogEntry#399]
21:21:01.855 [main] DEBUG o.h.engine.internal.TwoPhaseLoad - Done materializing entity [edu.ncsu.csc.itrust2.models.persistent.LogEntry#399]
21:21:01.855 [main] DEBUG o.h.engine.internal.TwoPhaseLoad - Resolving associations for [edu.ncsu.csc.itrust2.models.persistent.LogEntry#400]
21:21:01.855 [main] DEBUG o.h.engine.internal.TwoPhaseLoad - Done materializing entity [edu.ncsu.csc.itrust2.models.persistent.LogEntry#400]
21:21:01.855 [main] DEBUG o.h.engine.internal.TwoPhaseLoad - Resolving associations for [edu.ncsu.csc.itrust2.models.persistent.LogEntry#401]
21:21:01.855 [main] DEBUG o.h.engine.internal.TwoPhaseLoad - Done materializing entity [edu.ncsu.csc.itrust2.models.persistent.LogEntry#401]
21:21:01.855 [main] DEBUG o.h.engine.internal.TwoPhaseLoad - Resolving associations for [edu.ncsu.csc.itrust2.models.persistent.LogEntry#402]
21:21:01.855 [main] DEBUG o.h.engine.internal.TwoPhaseLoad - Done materializing entity [edu.ncsu.csc.itrust2.models.persistent.LogEntry#402]
21:21:01.855 [main] DEBUG o.h.engine.internal.TwoPhaseLoad - Resolving associations for [edu.ncsu.csc.itrust2.models.persistent.LogEntry#403]
21:21:01.855 [main] DEBUG o.h.engine.internal.TwoPhaseLoad - Done materializing entity [edu.ncsu.csc.itrust2.models.persistent.LogEntry#403]
21:21:01.855 [main] DEBUG o.h.engine.internal.TwoPhaseLoad - Resolving associations for [edu.ncsu.csc.itrust2.models.persistent.LogEntry#404]
21:21:01.855 [main] DEBUG o.h.engine.internal.TwoPhaseLoad - Done materializing entity [edu.ncsu.csc.itrust2.models.persistent.LogEntry#404]
21:21:01.855 [main] DEBUG o.h.engine.internal.TwoPhaseLoad - Resolving associations for [edu.ncsu.csc.itrust2.models.persistent.LogEntry#405]
21:21:01.855 [main] DEBUG o.h.engine.internal.TwoPhaseLoad - Done materializing entity [edu.ncsu.csc.itrust2.models.persistent.LogEntry#405]
21:21:01.855 [main] DEBUG o.h.engine.internal.TwoPhaseLoad - Resolving associations for [edu.ncsu.csc.itrust2.models.persistent.LogEntry#406]
21:21:01.856 [main] DEBUG o.h.engine.internal.TwoPhaseLoad - Done materializing entity [edu.ncsu.csc.itrust2.models.persistent.LogEntry#406]
21:21:01.856 [main] DEBUG o.h.engine.internal.TwoPhaseLoad - Resolving associations for [edu.ncsu.csc.itrust2.models.persistent.LogEntry#407]
21:21:01.856 [main] DEBUG o.h.engine.internal.TwoPhaseLoad - Done materializing entity [edu.ncsu.csc.itrust2.models.persistent.LogEntry#407]
21:21:01.856 [main] DEBUG o.h.engine.internal.TwoPhaseLoad - Resolving associations for [edu.ncsu.csc.itrust2.models.persistent.LogEntry#408]
21:21:01.856 [main] DEBUG o.h.engine.internal.TwoPhaseLoad - Done materializing entity [edu.ncsu.csc.itrust2.models.persistent.LogEntry#408]
21:21:01.856 [main] DEBUG o.h.engine.internal.TwoPhaseLoad - Resolving associations for [edu.ncsu.csc.itrust2.models.persistent.LogEntry#409]
21:21:01.856 [main] DEBUG o.h.engine.internal.TwoPhaseLoad - Done materializing entity [edu.ncsu.csc.itrust2.models.persistent.LogEntry#409]
21:21:01.856 [main] DEBUG o.h.engine.internal.TwoPhaseLoad - Resolving associations for [edu.ncsu.csc.itrust2.models.persistent.LogEntry#410]
21:21:01.856 [main] DEBUG o.h.engine.internal.TwoPhaseLoad - Done materializing entity [edu.ncsu.csc.itrust2.models.persistent.LogEntry#410]
21:21:01.856 [main] DEBUG o.h.engine.internal.TwoPhaseLoad - Resolving associations for [edu.ncsu.csc.itrust2.models.persistent.LogEntry#411]
21:21:01.856 [main] DEBUG o.h.engine.internal.TwoPhaseLoad - Done materializing entity [edu.ncsu.csc.itrust2.models.persistent.LogEntry#411]
21:21:01.856 [main] DEBUG o.h.engine.internal.TwoPhaseLoad - Resolving associations for [edu.ncsu.csc.itrust2.models.persistent.LogEntry#412]
21:21:01.857 [main] DEBUG o.h.engine.internal.TwoPhaseLoad - Done materializing entity [edu.ncsu.csc.itrust2.models.persistent.LogEntry#412]
21:21:01.857 [main] DEBUG o.h.engine.internal.TwoPhaseLoad - Resolving associations for [edu.ncsu.csc.itrust2.models.persistent.LogEntry#413]
21:21:01.857 [main] DEBUG o.h.engine.internal.TwoPhaseLoad - Done materializing entity [edu.ncsu.csc.itrust2.models.persistent.LogEntry#413]
21:21:01.857 [main] DEBUG o.h.engine.internal.TwoPhaseLoad - Resolving associations for [edu.ncsu.csc.itrust2.models.persistent.LogEntry#414]
21:21:01.857 [main] DEBUG o.h.engine.internal.TwoPhaseLoad - Done materializing entity [edu.ncsu.csc.itrust2.models.persistent.LogEntry#414]
21:21:01.857 [main] DEBUG o.h.engine.internal.TwoPhaseLoad - Resolving associations for [edu.ncsu.csc.itrust2.models.persistent.LogEntry#415]
21:21:01.857 [main] DEBUG o.h.engine.internal.TwoPhaseLoad - Done materializing entity [edu.ncsu.csc.itrust2.models.persistent.LogEntry#415]
21:21:01.857 [main] DEBUG o.h.engine.internal.TwoPhaseLoad - Resolving associations for [edu.ncsu.csc.itrust2.models.persistent.LogEntry#416]
21:21:01.857 [main] DEBUG o.h.engine.internal.TwoPhaseLoad - Done materializing entity [edu.ncsu.csc.itrust2.models.persistent.LogEntry#416]
21:21:01.857 [main] DEBUG o.h.engine.internal.TwoPhaseLoad - Resolving associations for [edu.ncsu.csc.itrust2.models.persistent.LogEntry#417]
21:21:01.858 [main] DEBUG o.h.engine.internal.TwoPhaseLoad - Done materializing entity [edu.ncsu.csc.itrust2.models.persistent.LogEntry#417]
21:21:01.858 [main] DEBUG o.h.engine.internal.TwoPhaseLoad - Resolving associations for [edu.ncsu.csc.itrust2.models.persistent.LogEntry#418]
21:21:01.858 [main] DEBUG o.h.engine.internal.TwoPhaseLoad - Done materializing entity [edu.ncsu.csc.itrust2.models.persistent.LogEntry#418]
21:21:01.858 [main] DEBUG o.h.engine.internal.TwoPhaseLoad - Resolving associations for [edu.ncsu.csc.itrust2.models.persistent.LogEntry#419]
21:21:01.858 [main] DEBUG o.h.engine.internal.TwoPhaseLoad - Done materializing entity [edu.ncsu.csc.itrust2.models.persistent.LogEntry#419]
21:21:01.858 [main] DEBUG o.h.engine.internal.TwoPhaseLoad - Resolving associations for [edu.ncsu.csc.itrust2.models.persistent.LogEntry#420]
21:21:01.858 [main] DEBUG o.h.engine.internal.TwoPhaseLoad - Done materializing entity [edu.ncsu.csc.itrust2.models.persistent.LogEntry#420]
21:21:01.858 [main] DEBUG o.h.engine.internal.TwoPhaseLoad - Resolving associations for [edu.ncsu.csc.itrust2.models.persistent.LogEntry#421]
21:21:01.858 [main] DEBUG o.h.engine.internal.TwoPhaseLoad - Done materializing entity [edu.ncsu.csc.itrust2.models.persistent.LogEntry#421]
21:21:01.858 [main] DEBUG o.h.engine.internal.TwoPhaseLoad - Resolving associations for [edu.ncsu.csc.itrust2.models.persistent.LogEntry#422]
21:21:01.858 [main] DEBUG o.h.engine.internal.TwoPhaseLoad - Done materializing entity [edu.ncsu.csc.itrust2.models.persistent.LogEntry#422]
21:21:01.858 [main] DEBUG o.h.engine.internal.TwoPhaseLoad - Resolving associations for [edu.ncsu.csc.itrust2.models.persistent.LogEntry#423]
21:21:01.858 [main] DEBUG o.h.engine.internal.TwoPhaseLoad - Done materializing entity [edu.ncsu.csc.itrust2.models.persistent.LogEntry#423]
21:21:01.859 [main] DEBUG o.h.engine.internal.TwoPhaseLoad - Resolving associations for [edu.ncsu.csc.itrust2.models.persistent.LogEntry#424]
21:21:01.859 [main] DEBUG o.h.engine.internal.TwoPhaseLoad - Done materializing entity [edu.ncsu.csc.itrust2.models.persistent.LogEntry#424]
21:21:01.859 [main] DEBUG o.h.engine.internal.TwoPhaseLoad - Resolving associations for [edu.ncsu.csc.itrust2.models.persistent.LogEntry#425]
21:21:01.859 [main] DEBUG o.h.engine.internal.TwoPhaseLoad - Done materializing entity [edu.ncsu.csc.itrust2.models.persistent.LogEntry#425]
21:21:01.859 [main] DEBUG o.h.engine.internal.TwoPhaseLoad - Resolving associations for [edu.ncsu.csc.itrust2.models.persistent.LogEntry#426]
21:21:01.859 [main] DEBUG o.h.engine.internal.TwoPhaseLoad - Done materializing entity [edu.ncsu.csc.itrust2.models.persistent.LogEntry#426]
21:21:01.859 [main] DEBUG o.h.engine.internal.TwoPhaseLoad - Resolving associations for [edu.ncsu.csc.itrust2.models.persistent.LogEntry#427]
21:21:01.859 [main] DEBUG o.h.engine.internal.TwoPhaseLoad - Done materializing entity [edu.ncsu.csc.itrust2.models.persistent.LogEntry#427]
21:21:01.859 [main] DEBUG o.h.engine.internal.TwoPhaseLoad - Resolving associations for [edu.ncsu.csc.itrust2.models.persistent.LogEntry#428]
21:21:01.859 [main] DEBUG o.h.engine.internal.TwoPhaseLoad - Done materializing entity [edu.ncsu.csc.itrust2.models.persistent.LogEntry#428]
21:21:01.859 [main] DEBUG o.h.engine.internal.TwoPhaseLoad - Resolving associations for [edu.ncsu.csc.itrust2.models.persistent.LogEntry#429]
21:21:01.859 [main] DEBUG o.h.engine.internal.TwoPhaseLoad - Done materializing entity [edu.ncsu.csc.itrust2.models.persistent.LogEntry#429]
21:21:01.859 [main] DEBUG o.h.engine.internal.TwoPhaseLoad - Resolving associations for [edu.ncsu.csc.itrust2.models.persistent.LogEntry#430]
21:21:01.859 [main] DEBUG o.h.engine.internal.TwoPhaseLoad - Done materializing entity [edu.ncsu.csc.itrust2.models.persistent.LogEntry#430]
21:21:01.859 [main] DEBUG o.h.engine.internal.TwoPhaseLoad - Resolving associations for [edu.ncsu.csc.itrust2.models.persistent.LogEntry#431]
21:21:01.860 [main] DEBUG o.h.engine.internal.TwoPhaseLoad - Done materializing entity [edu.ncsu.csc.itrust2.models.persistent.LogEntry#431]
21:21:01.860 [main] DEBUG o.h.engine.internal.TwoPhaseLoad - Resolving associations for [edu.ncsu.csc.itrust2.models.persistent.LogEntry#432]
21:21:01.860 [main] DEBUG o.h.engine.internal.TwoPhaseLoad - Done materializing entity [edu.ncsu.csc.itrust2.models.persistent.LogEntry#432]
21:21:01.860 [main] DEBUG o.h.engine.internal.TwoPhaseLoad - Resolving associations for [edu.ncsu.csc.itrust2.models.persistent.LogEntry#433]
21:21:01.860 [main] DEBUG o.h.engine.internal.TwoPhaseLoad - Done materializing entity [edu.ncsu.csc.itrust2.models.persistent.LogEntry#433]
21:21:01.860 [main] DEBUG o.h.engine.internal.TwoPhaseLoad - Resolving associations for [edu.ncsu.csc.itrust2.models.persistent.LogEntry#434]
21:21:01.860 [main] DEBUG o.h.engine.internal.TwoPhaseLoad - Done materializing entity [edu.ncsu.csc.itrust2.models.persistent.LogEntry#434]
21:21:01.860 [main] DEBUG o.h.engine.internal.TwoPhaseLoad - Resolving associations for [edu.ncsu.csc.itrust2.models.persistent.LogEntry#435]
21:21:01.863 [main] DEBUG o.h.engine.internal.TwoPhaseLoad - Done materializing entity [edu.ncsu.csc.itrust2.models.persistent.LogEntry#435]
21:21:01.863 [main] DEBUG o.h.engine.internal.TwoPhaseLoad - Resolving associations for [edu.ncsu.csc.itrust2.models.persistent.LogEntry#436]
21:21:01.863 [main] DEBUG o.h.engine.internal.TwoPhaseLoad - Done materializing entity [edu.ncsu.csc.itrust2.models.persistent.LogEntry#436]
21:21:01.863 [main] DEBUG o.h.engine.internal.TwoPhaseLoad - Resolving associations for [edu.ncsu.csc.itrust2.models.persistent.LogEntry#437]
21:21:01.863 [main] DEBUG o.h.engine.internal.TwoPhaseLoad - Done materializing entity [edu.ncsu.csc.itrust2.models.persistent.LogEntry#437]
21:21:01.863 [main] DEBUG o.h.engine.internal.TwoPhaseLoad - Resolving associations for [edu.ncsu.csc.itrust2.models.persistent.LogEntry#438]
21:21:01.864 [main] DEBUG o.h.engine.internal.TwoPhaseLoad - Done materializing entity [edu.ncsu.csc.itrust2.models.persistent.LogEntry#438]
21:21:01.864 [main] DEBUG o.h.engine.internal.TwoPhaseLoad - Resolving associations for [edu.ncsu.csc.itrust2.models.persistent.LogEntry#439]
21:21:01.864 [main] DEBUG o.h.engine.internal.TwoPhaseLoad - Done materializing entity [edu.ncsu.csc.itrust2.models.persistent.LogEntry#439]
21:21:01.864 [main] DEBUG o.h.engine.internal.TwoPhaseLoad - Resolving associations for [edu.ncsu.csc.itrust2.models.persistent.LogEntry#440]
21:21:01.864 [main] DEBUG o.h.engine.internal.TwoPhaseLoad - Done materializing entity [edu.ncsu.csc.itrust2.models.persistent.LogEntry#440]
21:21:01.864 [main] DEBUG o.h.engine.internal.TwoPhaseLoad - Resolving associations for [edu.ncsu.csc.itrust2.models.persistent.LogEntry#441]
21:21:01.864 [main] DEBUG o.h.engine.internal.TwoPhaseLoad - Done materializing entity [edu.ncsu.csc.itrust2.models.persistent.LogEntry#441]
21:21:01.864 [main] DEBUG o.h.engine.internal.TwoPhaseLoad - Resolving associations for [edu.ncsu.csc.itrust2.models.persistent.LogEntry#442]
21:21:01.864 [main] DEBUG o.h.engine.internal.TwoPhaseLoad - Done materializing entity [edu.ncsu.csc.itrust2.models.persistent.LogEntry#442]
21:21:01.864 [main] DEBUG o.h.engine.internal.TwoPhaseLoad - Resolving associations for [edu.ncsu.csc.itrust2.models.persistent.LogEntry#443]
21:21:01.864 [main] DEBUG o.h.engine.internal.TwoPhaseLoad - Done materializing entity [edu.ncsu.csc.itrust2.models.persistent.LogEntry#443]
21:21:01.864 [main] DEBUG o.h.engine.internal.TwoPhaseLoad - Resolving associations for [edu.ncsu.csc.itrust2.models.persistent.LogEntry#444]
21:21:01.864 [main] DEBUG o.h.engine.internal.TwoPhaseLoad - Done materializing entity [edu.ncsu.csc.itrust2.models.persistent.LogEntry#444]
21:21:01.864 [main] DEBUG o.h.engine.internal.TwoPhaseLoad - Resolving associations for [edu.ncsu.csc.itrust2.models.persistent.LogEntry#445]
21:21:01.865 [main] DEBUG o.h.engine.internal.TwoPhaseLoad - Done materializing entity [edu.ncsu.csc.itrust2.models.persistent.LogEntry#445]
21:21:01.865 [main] DEBUG o.h.engine.internal.TwoPhaseLoad - Resolving associations for [edu.ncsu.csc.itrust2.models.persistent.LogEntry#446]
21:21:01.865 [main] DEBUG o.h.engine.internal.TwoPhaseLoad - Done materializing entity [edu.ncsu.csc.itrust2.models.persistent.LogEntry#446]
21:21:01.865 [main] DEBUG o.h.engine.internal.TwoPhaseLoad - Resolving associations for [edu.ncsu.csc.itrust2.models.persistent.LogEntry#447]
21:21:01.865 [main] DEBUG o.h.engine.internal.TwoPhaseLoad - Done materializing entity [edu.ncsu.csc.itrust2.models.persistent.LogEntry#447]
21:21:01.865 [main] DEBUG o.h.engine.internal.TwoPhaseLoad - Resolving associations for [edu.ncsu.csc.itrust2.models.persistent.LogEntry#448]
21:21:01.865 [main] DEBUG o.h.engine.internal.TwoPhaseLoad - Done materializing entity [edu.ncsu.csc.itrust2.models.persistent.LogEntry#448]
21:21:01.865 [main] DEBUG o.h.engine.internal.TwoPhaseLoad - Resolving associations for [edu.ncsu.csc.itrust2.models.persistent.LogEntry#449]
21:21:01.865 [main] DEBUG o.h.engine.internal.TwoPhaseLoad - Done materializing entity [edu.ncsu.csc.itrust2.models.persistent.LogEntry#449]
21:21:01.865 [main] DEBUG o.h.engine.internal.TwoPhaseLoad - Resolving associations for [edu.ncsu.csc.itrust2.models.persistent.LogEntry#450]
21:21:01.865 [main] DEBUG o.h.engine.internal.TwoPhaseLoad - Done materializing entity [edu.ncsu.csc.itrust2.models.persistent.LogEntry#450]
21:21:01.865 [main] DEBUG o.h.engine.internal.TwoPhaseLoad - Resolving associations for [edu.ncsu.csc.itrust2.models.persistent.LogEntry#451]
21:21:01.865 [main] DEBUG o.h.engine.internal.TwoPhaseLoad - Done materializing entity [edu.ncsu.csc.itrust2.models.persistent.LogEntry#451]
21:21:01.865 [main] DEBUG o.h.engine.internal.TwoPhaseLoad - Resolving associations for [edu.ncsu.csc.itrust2.models.persistent.LogEntry#452]
21:21:01.866 [main] DEBUG o.h.engine.internal.TwoPhaseLoad - Done materializing entity [edu.ncsu.csc.itrust2.models.persistent.LogEntry#452]
21:21:01.866 [main] DEBUG o.h.engine.internal.TwoPhaseLoad - Resolving associations for [edu.ncsu.csc.itrust2.models.persistent.LogEntry#453]
21:21:01.866 [main] DEBUG o.h.engine.internal.TwoPhaseLoad - Done materializing entity [edu.ncsu.csc.itrust2.models.persistent.LogEntry#453]
21:21:01.866 [main] DEBUG o.h.engine.internal.TwoPhaseLoad - Resolving associations for [edu.ncsu.csc.itrust2.models.persistent.LogEntry#454]
21:21:01.866 [main] DEBUG o.h.engine.internal.TwoPhaseLoad - Done materializing entity [edu.ncsu.csc.itrust2.models.persistent.LogEntry#454]
21:21:01.866 [main] DEBUG o.h.engine.internal.TwoPhaseLoad - Resolving associations for [edu.ncsu.csc.itrust2.models.persistent.LogEntry#455]
21:21:01.866 [main] DEBUG o.h.engine.internal.TwoPhaseLoad - Done materializing entity [edu.ncsu.csc.itrust2.models.persistent.LogEntry#455]
21:21:01.866 [main] DEBUG o.h.engine.internal.TwoPhaseLoad - Resolving associations for [edu.ncsu.csc.itrust2.models.persistent.LogEntry#456]
21:21:01.866 [main] DEBUG o.h.engine.internal.TwoPhaseLoad - Done materializing entity [edu.ncsu.csc.itrust2.models.persistent.LogEntry#456]
21:21:01.866 [main] DEBUG o.h.engine.internal.TwoPhaseLoad - Resolving associations for [edu.ncsu.csc.itrust2.models.persistent.LogEntry#457]
21:21:01.866 [main] DEBUG o.h.engine.internal.TwoPhaseLoad - Done materializing entity [edu.ncsu.csc.itrust2.models.persistent.LogEntry#457]
21:21:01.866 [main] DEBUG o.h.engine.internal.TwoPhaseLoad - Resolving associations for [edu.ncsu.csc.itrust2.models.persistent.LogEntry#458]
21:21:01.866 [main] DEBUG o.h.engine.internal.TwoPhaseLoad - Done materializing entity [edu.ncsu.csc.itrust2.models.persistent.LogEntry#458]
21:21:01.866 [main] DEBUG o.h.engine.internal.TwoPhaseLoad - Resolving associations for [edu.ncsu.csc.itrust2.models.persistent.LogEntry#459]
21:21:01.867 [main] DEBUG o.h.engine.internal.TwoPhaseLoad - Done materializing entity [edu.ncsu.csc.itrust2.models.persistent.LogEntry#459]
21:21:01.867 [main] DEBUG o.h.engine.internal.TwoPhaseLoad - Resolving associations for [edu.ncsu.csc.itrust2.models.persistent.LogEntry#460]
21:21:01.867 [main] DEBUG o.h.engine.internal.TwoPhaseLoad - Done materializing entity [edu.ncsu.csc.itrust2.models.persistent.LogEntry#460]
21:21:01.867 [main] DEBUG o.h.engine.internal.TwoPhaseLoad - Resolving associations for [edu.ncsu.csc.itrust2.models.persistent.LogEntry#461]
21:21:01.867 [main] DEBUG o.h.engine.internal.TwoPhaseLoad - Done materializing entity [edu.ncsu.csc.itrust2.models.persistent.LogEntry#461]
21:21:01.867 [main] DEBUG o.h.engine.internal.TwoPhaseLoad - Resolving associations for [edu.ncsu.csc.itrust2.models.persistent.LogEntry#462]
21:21:01.867 [main] DEBUG o.h.engine.internal.TwoPhaseLoad - Done materializing entity [edu.ncsu.csc.itrust2.models.persistent.LogEntry#462]
21:21:01.867 [main] DEBUG o.h.engine.internal.TwoPhaseLoad - Resolving associations for [edu.ncsu.csc.itrust2.models.persistent.LogEntry#463]
21:21:01.867 [main] DEBUG o.h.engine.internal.TwoPhaseLoad - Done materializing entity [edu.ncsu.csc.itrust2.models.persistent.LogEntry#463]
21:21:01.867 [main] DEBUG o.h.engine.internal.TwoPhaseLoad - Resolving associations for [edu.ncsu.csc.itrust2.models.persistent.LogEntry#464]
21:21:01.867 [main] DEBUG o.h.engine.internal.TwoPhaseLoad - Done materializing entity [edu.ncsu.csc.itrust2.models.persistent.LogEntry#464]
21:21:01.867 [main] DEBUG o.h.engine.internal.TwoPhaseLoad - Resolving associations for [edu.ncsu.csc.itrust2.models.persistent.LogEntry#465]
21:21:01.867 [main] DEBUG o.h.engine.internal.TwoPhaseLoad - Done materializing entity [edu.ncsu.csc.itrust2.models.persistent.LogEntry#465]
21:21:01.867 [main] DEBUG o.h.engine.internal.TwoPhaseLoad - Resolving associations for [edu.ncsu.csc.itrust2.models.persistent.LogEntry#466]
21:21:01.868 [main] DEBUG o.h.engine.internal.TwoPhaseLoad - Done materializing entity [edu.ncsu.csc.itrust2.models.persistent.LogEntry#466]
21:21:01.868 [main] DEBUG o.h.engine.internal.TwoPhaseLoad - Resolving associations for [edu.ncsu.csc.itrust2.models.persistent.LogEntry#467]
21:21:01.868 [main] DEBUG o.h.engine.internal.TwoPhaseLoad - Done materializing entity [edu.ncsu.csc.itrust2.models.persistent.LogEntry#467]
21:21:01.868 [main] DEBUG o.h.engine.internal.TwoPhaseLoad - Resolving associations for [edu.ncsu.csc.itrust2.models.persistent.LogEntry#468]
21:21:01.868 [main] DEBUG o.h.engine.internal.TwoPhaseLoad - Done materializing entity [edu.ncsu.csc.itrust2.models.persistent.LogEntry#468]
21:21:01.868 [main] DEBUG o.h.engine.internal.TwoPhaseLoad - Resolving associations for [edu.ncsu.csc.itrust2.models.persistent.LogEntry#469]
21:21:01.868 [main] DEBUG o.h.engine.internal.TwoPhaseLoad - Done materializing entity [edu.ncsu.csc.itrust2.models.persistent.LogEntry#469]
21:21:01.868 [main] DEBUG o.h.engine.internal.TwoPhaseLoad - Resolving associations for [edu.ncsu.csc.itrust2.models.persistent.LogEntry#470]
21:21:01.868 [main] DEBUG o.h.engine.internal.TwoPhaseLoad - Done materializing entity [edu.ncsu.csc.itrust2.models.persistent.LogEntry#470]
21:21:01.868 [main] DEBUG o.h.engine.internal.TwoPhaseLoad - Resolving associations for [edu.ncsu.csc.itrust2.models.persistent.LogEntry#471]
21:21:01.868 [main] DEBUG o.h.engine.internal.TwoPhaseLoad - Done materializing entity [edu.ncsu.csc.itrust2.models.persistent.LogEntry#471]
21:21:01.868 [main] DEBUG o.h.engine.internal.TwoPhaseLoad - Resolving associations for [edu.ncsu.csc.itrust2.models.persistent.LogEntry#472]
21:21:01.868 [main] DEBUG o.h.engine.internal.TwoPhaseLoad - Done materializing entity [edu.ncsu.csc.itrust2.models.persistent.LogEntry#472]
21:21:01.869 [main] DEBUG o.h.engine.internal.TwoPhaseLoad - Resolving associations for [edu.ncsu.csc.itrust2.models.persistent.LogEntry#473]
21:21:01.869 [main] DEBUG o.h.engine.internal.TwoPhaseLoad - Done materializing entity [edu.ncsu.csc.itrust2.models.persistent.LogEntry#473]
21:21:01.869 [main] DEBUG o.h.engine.internal.TwoPhaseLoad - Resolving associations for [edu.ncsu.csc.itrust2.models.persistent.LogEntry#474]
21:21:01.869 [main] DEBUG o.h.engine.internal.TwoPhaseLoad - Done materializing entity [edu.ncsu.csc.itrust2.models.persistent.LogEntry#474]
21:21:01.869 [main] DEBUG o.h.engine.internal.TwoPhaseLoad - Resolving associations for [edu.ncsu.csc.itrust2.models.persistent.LogEntry#475]
21:21:01.869 [main] DEBUG o.h.engine.internal.TwoPhaseLoad - Done materializing entity [edu.ncsu.csc.itrust2.models.persistent.LogEntry#475]
21:21:01.869 [main] DEBUG o.h.engine.internal.TwoPhaseLoad - Resolving associations for [edu.ncsu.csc.itrust2.models.persistent.LogEntry#476]
21:21:01.869 [main] DEBUG o.h.engine.internal.TwoPhaseLoad - Done materializing entity [edu.ncsu.csc.itrust2.models.persistent.LogEntry#476]
21:21:01.869 [main] DEBUG o.h.engine.internal.TwoPhaseLoad - Resolving associations for [edu.ncsu.csc.itrust2.models.persistent.LogEntry#477]
21:21:01.869 [main] DEBUG o.h.engine.internal.TwoPhaseLoad - Done materializing entity [edu.ncsu.csc.itrust2.models.persistent.LogEntry#477]
21:21:01.869 [main] DEBUG o.h.engine.internal.TwoPhaseLoad - Resolving associations for [edu.ncsu.csc.itrust2.models.persistent.LogEntry#478]
21:21:01.869 [main] DEBUG o.h.engine.internal.TwoPhaseLoad - Done materializing entity [edu.ncsu.csc.itrust2.models.persistent.LogEntry#478]
21:21:01.870 [main] DEBUG o.h.engine.internal.TwoPhaseLoad - Resolving associations for [edu.ncsu.csc.itrust2.models.persistent.LogEntry#479]
21:21:01.870 [main] DEBUG o.h.engine.internal.TwoPhaseLoad - Done materializing entity [edu.ncsu.csc.itrust2.models.persistent.LogEntry#479]
21:21:01.870 [main] DEBUG o.h.engine.internal.TwoPhaseLoad - Resolving associations for [edu.ncsu.csc.itrust2.models.persistent.LogEntry#480]
21:21:01.870 [main] DEBUG o.h.engine.internal.TwoPhaseLoad - Done materializing entity [edu.ncsu.csc.itrust2.models.persistent.LogEntry#480]
21:21:01.870 [main] DEBUG o.h.engine.internal.TwoPhaseLoad - Resolving associations for [edu.ncsu.csc.itrust2.models.persistent.LogEntry#481]
21:21:01.870 [main] DEBUG o.h.engine.internal.TwoPhaseLoad - Done materializing entity [edu.ncsu.csc.itrust2.models.persistent.LogEntry#481]
21:21:01.870 [main] DEBUG o.h.engine.internal.TwoPhaseLoad - Resolving associations for [edu.ncsu.csc.itrust2.models.persistent.LogEntry#482]
21:21:01.870 [main] DEBUG o.h.engine.internal.TwoPhaseLoad - Done materializing entity [edu.ncsu.csc.itrust2.models.persistent.LogEntry#482]
21:21:01.870 [main] DEBUG o.h.engine.internal.TwoPhaseLoad - Resolving associations for [edu.ncsu.csc.itrust2.models.persistent.LogEntry#483]
21:21:01.870 [main] DEBUG o.h.engine.internal.TwoPhaseLoad - Done materializing entity [edu.ncsu.csc.itrust2.models.persistent.LogEntry#483]
21:21:01.871 [main] DEBUG o.h.engine.internal.TwoPhaseLoad - Resolving associations for [edu.ncsu.csc.itrust2.models.persistent.LogEntry#484]
21:21:01.871 [main] DEBUG o.h.engine.internal.TwoPhaseLoad - Done materializing entity [edu.ncsu.csc.itrust2.models.persistent.LogEntry#484]
21:21:01.871 [main] DEBUG o.h.engine.internal.TwoPhaseLoad - Resolving associations for [edu.ncsu.csc.itrust2.models.persistent.LogEntry#485]
21:21:01.871 [main] DEBUG o.h.engine.internal.TwoPhaseLoad - Done materializing entity [edu.ncsu.csc.itrust2.models.persistent.LogEntry#485]
21:21:01.871 [main] DEBUG o.h.engine.internal.TwoPhaseLoad - Resolving associations for [edu.ncsu.csc.itrust2.models.persistent.LogEntry#486]
21:21:01.871 [main] DEBUG o.h.engine.internal.TwoPhaseLoad - Done materializing entity [edu.ncsu.csc.itrust2.models.persistent.LogEntry#486]
21:21:01.871 [main] DEBUG o.h.engine.internal.TwoPhaseLoad - Resolving associations for [edu.ncsu.csc.itrust2.models.persistent.LogEntry#487]
21:21:01.871 [main] DEBUG o.h.engine.internal.TwoPhaseLoad - Done materializing entity [edu.ncsu.csc.itrust2.models.persistent.LogEntry#487]
21:21:01.871 [main] DEBUG o.h.engine.internal.TwoPhaseLoad - Resolving associations for [edu.ncsu.csc.itrust2.models.persistent.LogEntry#488]
21:21:01.871 [main] DEBUG o.h.engine.internal.TwoPhaseLoad - Done materializing entity [edu.ncsu.csc.itrust2.models.persistent.LogEntry#488]
21:21:01.871 [main] DEBUG o.h.engine.internal.TwoPhaseLoad - Resolving associations for [edu.ncsu.csc.itrust2.models.persistent.LogEntry#489]
21:21:01.872 [main] DEBUG o.h.engine.internal.TwoPhaseLoad - Done materializing entity [edu.ncsu.csc.itrust2.models.persistent.LogEntry#489]
21:21:01.872 [main] DEBUG o.h.engine.internal.TwoPhaseLoad - Resolving associations for [edu.ncsu.csc.itrust2.models.persistent.LogEntry#490]
21:21:01.872 [main] DEBUG o.h.engine.internal.TwoPhaseLoad - Done materializing entity [edu.ncsu.csc.itrust2.models.persistent.LogEntry#490]
21:21:01.872 [main] DEBUG o.h.engine.internal.TwoPhaseLoad - Resolving associations for [edu.ncsu.csc.itrust2.models.persistent.LogEntry#491]
21:21:01.872 [main] DEBUG o.h.engine.internal.TwoPhaseLoad - Done materializing entity [edu.ncsu.csc.itrust2.models.persistent.LogEntry#491]
21:21:01.872 [main] DEBUG o.h.engine.internal.TwoPhaseLoad - Resolving associations for [edu.ncsu.csc.itrust2.models.persistent.LogEntry#492]
21:21:01.872 [main] DEBUG o.h.engine.internal.TwoPhaseLoad - Done materializing entity [edu.ncsu.csc.itrust2.models.persistent.LogEntry#492]
21:21:01.872 [main] DEBUG o.h.engine.internal.TwoPhaseLoad - Resolving associations for [edu.ncsu.csc.itrust2.models.persistent.LogEntry#493]
21:21:01.872 [main] DEBUG o.h.engine.internal.TwoPhaseLoad - Done materializing entity [edu.ncsu.csc.itrust2.models.persistent.LogEntry#493]
21:21:01.872 [main] DEBUG o.h.engine.internal.TwoPhaseLoad - Resolving associations for [edu.ncsu.csc.itrust2.models.persistent.LogEntry#494]
21:21:01.872 [main] DEBUG o.h.engine.internal.TwoPhaseLoad - Done materializing entity [edu.ncsu.csc.itrust2.models.persistent.LogEntry#494]
21:21:01.872 [main] DEBUG o.h.engine.internal.TwoPhaseLoad - Resolving associations for [edu.ncsu.csc.itrust2.models.persistent.LogEntry#495]
21:21:01.873 [main] DEBUG o.h.engine.internal.TwoPhaseLoad - Done materializing entity [edu.ncsu.csc.itrust2.models.persistent.LogEntry#495]
21:21:01.873 [main] DEBUG o.h.engine.internal.TwoPhaseLoad - Resolving associations for [edu.ncsu.csc.itrust2.models.persistent.LogEntry#496]
21:21:01.873 [main] DEBUG o.h.engine.internal.TwoPhaseLoad - Done materializing entity [edu.ncsu.csc.itrust2.models.persistent.LogEntry#496]
21:21:01.873 [main] DEBUG o.h.engine.internal.TwoPhaseLoad - Resolving associations for [edu.ncsu.csc.itrust2.models.persistent.LogEntry#497]
21:21:01.873 [main] DEBUG o.h.engine.internal.TwoPhaseLoad - Done materializing entity [edu.ncsu.csc.itrust2.models.persistent.LogEntry#497]
21:21:01.873 [main] DEBUG o.h.engine.internal.TwoPhaseLoad - Resolving associations for [edu.ncsu.csc.itrust2.models.persistent.LogEntry#498]
21:21:01.873 [main] DEBUG o.h.engine.internal.TwoPhaseLoad - Done materializing entity [edu.ncsu.csc.itrust2.models.persistent.LogEntry#498]
21:21:01.873 [main] DEBUG o.h.engine.internal.TwoPhaseLoad - Resolving associations for [edu.ncsu.csc.itrust2.models.persistent.LogEntry#499]
21:21:01.873 [main] DEBUG o.h.engine.internal.TwoPhaseLoad - Done materializing entity [edu.ncsu.csc.itrust2.models.persistent.LogEntry#499]
21:21:01.874 [main] DEBUG o.h.engine.internal.TwoPhaseLoad - Resolving associations for [edu.ncsu.csc.itrust2.models.persistent.LogEntry#500]
21:21:01.874 [main] DEBUG o.h.engine.internal.TwoPhaseLoad - Done materializing entity [edu.ncsu.csc.itrust2.models.persistent.LogEntry#500]
21:21:01.874 [main] DEBUG o.h.engine.internal.TwoPhaseLoad - Resolving associations for [edu.ncsu.csc.itrust2.models.persistent.LogEntry#501]
21:21:01.874 [main] DEBUG o.h.engine.internal.TwoPhaseLoad - Done materializing entity [edu.ncsu.csc.itrust2.models.persistent.LogEntry#501]
21:21:01.874 [main] DEBUG o.h.engine.internal.TwoPhaseLoad - Resolving associations for [edu.ncsu.csc.itrust2.models.persistent.LogEntry#502]
21:21:01.874 [main] DEBUG o.h.engine.internal.TwoPhaseLoad - Done materializing entity [edu.ncsu.csc.itrust2.models.persistent.LogEntry#502]
21:21:01.874 [main] DEBUG o.h.engine.internal.TwoPhaseLoad - Resolving associations for [edu.ncsu.csc.itrust2.models.persistent.LogEntry#503]
21:21:01.874 [main] DEBUG o.h.engine.internal.TwoPhaseLoad - Done materializing entity [edu.ncsu.csc.itrust2.models.persistent.LogEntry#503]
21:21:01.874 [main] DEBUG o.h.engine.internal.TwoPhaseLoad - Resolving associations for [edu.ncsu.csc.itrust2.models.persistent.LogEntry#504]
21:21:01.875 [main] DEBUG o.h.engine.internal.TwoPhaseLoad - Done materializing entity [edu.ncsu.csc.itrust2.models.persistent.LogEntry#504]
21:21:01.875 [main] DEBUG o.h.engine.internal.TwoPhaseLoad - Resolving associations for [edu.ncsu.csc.itrust2.models.persistent.LogEntry#505]
21:21:01.875 [main] DEBUG o.h.engine.internal.TwoPhaseLoad - Done materializing entity [edu.ncsu.csc.itrust2.models.persistent.LogEntry#505]
21:21:01.875 [main] DEBUG o.h.engine.internal.TwoPhaseLoad - Resolving associations for [edu.ncsu.csc.itrust2.models.persistent.LogEntry#506]
21:21:01.875 [main] DEBUG o.h.engine.internal.TwoPhaseLoad - Done materializing entity [edu.ncsu.csc.itrust2.models.persistent.LogEntry#506]
21:21:01.875 [main] DEBUG o.h.engine.internal.TwoPhaseLoad - Resolving associations for [edu.ncsu.csc.itrust2.models.persistent.LogEntry#507]
21:21:01.875 [main] DEBUG o.h.engine.internal.TwoPhaseLoad - Done materializing entity [edu.ncsu.csc.itrust2.models.persistent.LogEntry#507]
21:21:01.875 [main] DEBUG o.h.engine.internal.TwoPhaseLoad - Resolving associations for [edu.ncsu.csc.itrust2.models.persistent.LogEntry#508]
21:21:01.875 [main] DEBUG o.h.engine.internal.TwoPhaseLoad - Done materializing entity [edu.ncsu.csc.itrust2.models.persistent.LogEntry#508]
21:21:01.876 [main] DEBUG o.h.engine.internal.TwoPhaseLoad - Resolving associations for [edu.ncsu.csc.itrust2.models.persistent.LogEntry#509]
21:21:01.876 [main] DEBUG o.h.engine.internal.TwoPhaseLoad - Done materializing entity [edu.ncsu.csc.itrust2.models.persistent.LogEntry#509]
21:21:01.876 [main] DEBUG o.h.engine.internal.TwoPhaseLoad - Resolving associations for [edu.ncsu.csc.itrust2.models.persistent.LogEntry#510]
21:21:01.876 [main] DEBUG o.h.engine.internal.TwoPhaseLoad - Done materializing entity [edu.ncsu.csc.itrust2.models.persistent.LogEntry#510]
21:21:01.876 [main] DEBUG o.h.engine.internal.TwoPhaseLoad - Resolving associations for [edu.ncsu.csc.itrust2.models.persistent.LogEntry#511]
21:21:01.876 [main] DEBUG o.h.engine.internal.TwoPhaseLoad - Done materializing entity [edu.ncsu.csc.itrust2.models.persistent.LogEntry#511]
21:21:01.876 [main] DEBUG o.h.engine.internal.TwoPhaseLoad - Resolving associations for [edu.ncsu.csc.itrust2.models.persistent.LogEntry#512]
21:21:01.876 [main] DEBUG o.h.engine.internal.TwoPhaseLoad - Done materializing entity [edu.ncsu.csc.itrust2.models.persistent.LogEntry#512]
21:21:01.876 [main] DEBUG o.h.engine.internal.TwoPhaseLoad - Resolving associations for [edu.ncsu.csc.itrust2.models.persistent.LogEntry#513]
21:21:01.877 [main] DEBUG o.h.engine.internal.TwoPhaseLoad - Done materializing entity [edu.ncsu.csc.itrust2.models.persistent.LogEntry#513]
21:21:01.877 [main] DEBUG o.h.engine.internal.TwoPhaseLoad - Resolving associations for [edu.ncsu.csc.itrust2.models.persistent.LogEntry#514]
21:21:01.877 [main] DEBUG o.h.engine.internal.TwoPhaseLoad - Done materializing entity [edu.ncsu.csc.itrust2.models.persistent.LogEntry#514]
21:21:01.877 [main] DEBUG o.h.engine.internal.TwoPhaseLoad - Resolving associations for [edu.ncsu.csc.itrust2.models.persistent.LogEntry#515]
21:21:01.877 [main] DEBUG o.h.engine.internal.TwoPhaseLoad - Done materializing entity [edu.ncsu.csc.itrust2.models.persistent.LogEntry#515]
21:21:01.877 [main] DEBUG o.h.engine.internal.TwoPhaseLoad - Resolving associations for [edu.ncsu.csc.itrust2.models.persistent.LogEntry#516]
21:21:01.877 [main] DEBUG o.h.engine.internal.TwoPhaseLoad - Done materializing entity [edu.ncsu.csc.itrust2.models.persistent.LogEntry#516]
21:21:01.877 [main] DEBUG o.h.engine.internal.TwoPhaseLoad - Resolving associations for [edu.ncsu.csc.itrust2.models.persistent.LogEntry#517]
21:21:01.878 [main] DEBUG o.h.engine.internal.TwoPhaseLoad - Done materializing entity [edu.ncsu.csc.itrust2.models.persistent.LogEntry#517]
21:21:01.878 [main] DEBUG o.h.engine.internal.TwoPhaseLoad - Resolving associations for [edu.ncsu.csc.itrust2.models.persistent.LogEntry#518]
21:21:01.878 [main] DEBUG o.h.engine.internal.TwoPhaseLoad - Done materializing entity [edu.ncsu.csc.itrust2.models.persistent.LogEntry#518]
21:21:01.878 [main] DEBUG o.h.engine.internal.TwoPhaseLoad - Resolving associations for [edu.ncsu.csc.itrust2.models.persistent.LogEntry#519]
21:21:01.878 [main] DEBUG o.h.engine.internal.TwoPhaseLoad - Done materializing entity [edu.ncsu.csc.itrust2.models.persistent.LogEntry#519]
21:21:01.878 [main] DEBUG o.h.engine.internal.TwoPhaseLoad - Resolving associations for [edu.ncsu.csc.itrust2.models.persistent.LogEntry#520]
21:21:01.878 [main] DEBUG o.h.engine.internal.TwoPhaseLoad - Done materializing entity [edu.ncsu.csc.itrust2.models.persistent.LogEntry#520]
21:21:01.882 [main] DEBUG o.h.e.t.internal.TransactionImpl - committing
21:21:01.886 [main] DEBUG o.h.e.i.AbstractFlushingEventListener - Processing flush-time cascades
21:21:01.886 [main] DEBUG o.h.e.i.AbstractFlushingEventListener - Dirty checking collections
21:21:01.891 [main] DEBUG o.h.e.i.AbstractFlushingEventListener - Flushed: 0 insertions, 0 updates, 0 deletions to 500 objects
21:21:01.898 [main] DEBUG o.h.e.i.AbstractFlushingEventListener - Flushed: 0 (re)creations, 0 updates, 0 removals to 0 collections
21:21:01.898 [main] DEBUG o.h.internal.util.EntityPrinter - Listing entities:
21:21:01.898 [main] DEBUG o.h.internal.util.EntityPrinter - edu.ncsu.csc.itrust2.models.persistent.LogEntry{secondaryUser=null, logCode=5, primaryUser=logapitest, id=395, time=java.util.GregorianCalendar[time=1521667260000,areFieldsSet=true,areAllFieldsSet=true,lenient=true,zone=sun.util.calendar.ZoneInfo[id="Etc/UTC",offset=0,dstSavings=0,useDaylight=false,transitions=0,lastRule=null],firstDayOfWeek=1,minimalDaysInFirstWeek=1,ERA=1,YEAR=2018,MONTH=2,WEEK_OF_YEAR=12,WEEK_OF_MONTH=4,DAY_OF_MONTH=21,DAY_OF_YEAR=80,DAY_OF_WEEK=4,DAY_OF_WEEK_IN_MONTH=3,AM_PM=1,HOUR=9,HOUR_OF_DAY=21,MINUTE=21,SECOND=0,MILLISECOND=0,ZONE_OFFSET=0,DST_OFFSET=0], message=null}
21:21:01.898 [main] DEBUG o.h.internal.util.EntityPrinter - edu.ncsu.csc.itrust2.models.persistent.LogEntry{secondaryUser=null, logCode=5, primaryUser=logapitest, id=396, time=java.util.GregorianCalendar[time=1521667260000,areFieldsSet=true,areAllFieldsSet=true,lenient=true,zone=sun.util.calendar.ZoneInfo[id="Etc/UTC",offset=0,dstSavings=0,useDaylight=false,transitions=0,lastRule=null],firstDayOfWeek=1,minimalDaysInFirstWeek=1,ERA=1,YEAR=2018,MONTH=2,WEEK_OF_YEAR=12,WEEK_OF_MONTH=4,DAY_OF_MONTH=21,DAY_OF_YEAR=80,DAY_OF_WEEK=4,DAY_OF_WEEK_IN_MONTH=3,AM_PM=1,HOUR=9,HOUR_OF_DAY=21,MINUTE=21,SECOND=0,MILLISECOND=0,ZONE_OFFSET=0,DST_OFFSET=0], message=null}
21:21:01.898 [main] DEBUG o.h.internal.util.EntityPrinter - edu.ncsu.csc.itrust2.models.persistent.LogEntry{secondaryUser=null, logCode=5, primaryUser=logapitest, id=397, time=java.util.GregorianCalendar[time=1521667260000,areFieldsSet=true,areAllFieldsSet=true,lenient=true,zone=sun.util.calendar.ZoneInfo[id="Etc/UTC",offset=0,dstSavings=0,useDaylight=false,transitions=0,lastRule=null],firstDayOfWeek=1,minimalDaysInFirstWeek=1,ERA=1,YEAR=2018,MONTH=2,WEEK_OF_YEAR=12,WEEK_OF_MONTH=4,DAY_OF_MONTH=21,DAY_OF_YEAR=80,DAY_OF_WEEK=4,DAY_OF_WEEK_IN_MONTH=3,AM_PM=1,HOUR=9,HOUR_OF_DAY=21,MINUTE=21,SECOND=0,MILLISECOND=0,ZONE_OFFSET=0,DST_OFFSET=0], message=null}
21:21:01.898 [main] DEBUG o.h.internal.util.EntityPrinter - edu.ncsu.csc.itrust2.models.persistent.LogEntry{secondaryUser=null, logCode=5, primaryUser=logapitest, id=398, time=java.util.GregorianCalendar[time=1521667260000,areFieldsSet=true,areAllFieldsSet=true,lenient=true,zone=sun.util.calendar.ZoneInfo[id="Etc/UTC",offset=0,dstSavings=0,useDaylight=false,transitions=0,lastRule=null],firstDayOfWeek=1,minimalDaysInFirstWeek=1,ERA=1,YEAR=2018,MONTH=2,WEEK_OF_YEAR=12,WEEK_OF_MONTH=4,DAY_OF_MONTH=21,DAY_OF_YEAR=80,DAY_OF_WEEK=4,DAY_OF_WEEK_IN_MONTH=3,AM_PM=1,HOUR=9,HOUR_OF_DAY=21,MINUTE=21,SECOND=0,MILLISECOND=0,ZONE_OFFSET=0,DST_OFFSET=0], message=null}
21:21:01.899 [main] DEBUG o.h.internal.util.EntityPrinter - edu.ncsu.csc.itrust2.models.persistent.LogEntry{secondaryUser=null, logCode=5, primaryUser=logapitest, id=399, time=java.util.GregorianCalendar[time=1521667260000,areFieldsSet=true,areAllFieldsSet=true,lenient=true,zone=sun.util.calendar.ZoneInfo[id="Etc/UTC",offset=0,dstSavings=0,useDaylight=false,transitions=0,lastRule=null],firstDayOfWeek=1,minimalDaysInFirstWeek=1,ERA=1,YEAR=2018,MONTH=2,WEEK_OF_YEAR=12,WEEK_OF_MONTH=4,DAY_OF_MONTH=21,DAY_OF_YEAR=80,DAY_OF_WEEK=4,DAY_OF_WEEK_IN_MONTH=3,AM_PM=1,HOUR=9,HOUR_OF_DAY=21,MINUTE=21,SECOND=0,MILLISECOND=0,ZONE_OFFSET=0,DST_OFFSET=0], message=null}
21:21:01.899 [main] DEBUG o.h.internal.util.EntityPrinter - edu.ncsu.csc.itrust2.models.persistent.LogEntry{secondaryUser=null, logCode=5, primaryUser=logapitest, id=400, time=java.util.GregorianCalendar[time=1521667260000,areFieldsSet=true,areAllFieldsSet=true,lenient=true,zone=sun.util.calendar.ZoneInfo[id="Etc/UTC",offset=0,dstSavings=0,useDaylight=false,transitions=0,lastRule=null],firstDayOfWeek=1,minimalDaysInFirstWeek=1,ERA=1,YEAR=2018,MONTH=2,WEEK_OF_YEAR=12,WEEK_OF_MONTH=4,DAY_OF_MONTH=21,DAY_OF_YEAR=80,DAY_OF_WEEK=4,DAY_OF_WEEK_IN_MONTH=3,AM_PM=1,HOUR=9,HOUR_OF_DAY=21,MINUTE=21,SECOND=0,MILLISECOND=0,ZONE_OFFSET=0,DST_OFFSET=0], message=null}
21:21:01.899 [main] DEBUG o.h.internal.util.EntityPrinter - edu.ncsu.csc.itrust2.models.persistent.LogEntry{secondaryUser=null, logCode=5, primaryUser=logapitest, id=401, time=java.util.GregorianCalendar[time=1521667260000,areFieldsSet=true,areAllFieldsSet=true,lenient=true,zone=sun.util.calendar.ZoneInfo[id="Etc/UTC",offset=0,dstSavings=0,useDaylight=false,transitions=0,lastRule=null],firstDayOfWeek=1,minimalDaysInFirstWeek=1,ERA=1,YEAR=2018,MONTH=2,WEEK_OF_YEAR=12,WEEK_OF_MONTH=4,DAY_OF_MONTH=21,DAY_OF_YEAR=80,DAY_OF_WEEK=4,DAY_OF_WEEK_IN_MONTH=3,AM_PM=1,HOUR=9,HOUR_OF_DAY=21,MINUTE=21,SECOND=0,MILLISECOND=0,ZONE_OFFSET=0,DST_OFFSET=0], message=null}
21:21:01.899 [main] DEBUG o.h.internal.util.EntityPrinter - edu.ncsu.csc.itrust2.models.persistent.LogEntry{secondaryUser=null, logCode=5, primaryUser=logapitest, id=402, time=java.util.GregorianCalendar[time=1521667260000,areFieldsSet=true,areAllFieldsSet=true,lenient=true,zone=sun.util.calendar.ZoneInfo[id="Etc/UTC",offset=0,dstSavings=0,useDaylight=false,transitions=0,lastRule=null],firstDayOfWeek=1,minimalDaysInFirstWeek=1,ERA=1,YEAR=2018,MONTH=2,WEEK_OF_YEAR=12,WEEK_OF_MONTH=4,DAY_OF_MONTH=21,DAY_OF_YEAR=80,DAY_OF_WEEK=4,DAY_OF_WEEK_IN_MONTH=3,AM_PM=1,HOUR=9,HOUR_OF_DAY=21,MINUTE=21,SECOND=0,MILLISECOND=0,ZONE_OFFSET=0,DST_OFFSET=0], message=null}
21:21:01.899 [main] DEBUG o.h.internal.util.EntityPrinter - edu.ncsu.csc.itrust2.models.persistent.LogEntry{secondaryUser=null, logCode=5, primaryUser=logapitest, id=403, time=java.util.GregorianCalendar[time=1521667260000,areFieldsSet=true,areAllFieldsSet=true,lenient=true,zone=sun.util.calendar.ZoneInfo[id="Etc/UTC",offset=0,dstSavings=0,useDaylight=false,transitions=0,lastRule=null],firstDayOfWeek=1,minimalDaysInFirstWeek=1,ERA=1,YEAR=2018,MONTH=2,WEEK_OF_YEAR=12,WEEK_OF_MONTH=4,DAY_OF_MONTH=21,DAY_OF_YEAR=80,DAY_OF_WEEK=4,DAY_OF_WEEK_IN_MONTH=3,AM_PM=1,HOUR=9,HOUR_OF_DAY=21,MINUTE=21,SECOND=0,MILLISECOND=0,ZONE_OFFSET=0,DST_OFFSET=0], message=null}
21:21:01.899 [main] DEBUG o.h.internal.util.EntityPrinter - edu.ncsu.csc.itrust2.models.persistent.LogEntry{secondaryUser=null, logCode=5, primaryUser=logapitest, id=404, time=java.util.GregorianCalendar[time=1521667260000,areFieldsSet=true,areAllFieldsSet=true,lenient=true,zone=sun.util.calendar.ZoneInfo[id="Etc/UTC",offset=0,dstSavings=0,useDaylight=false,transitions=0,lastRule=null],firstDayOfWeek=1,minimalDaysInFirstWeek=1,ERA=1,YEAR=2018,MONTH=2,WEEK_OF_YEAR=12,WEEK_OF_MONTH=4,DAY_OF_MONTH=21,DAY_OF_YEAR=80,DAY_OF_WEEK=4,DAY_OF_WEEK_IN_MONTH=3,AM_PM=1,HOUR=9,HOUR_OF_DAY=21,MINUTE=21,SECOND=0,MILLISECOND=0,ZONE_OFFSET=0,DST_OFFSET=0], message=null}
21:21:01.899 [main] DEBUG o.h.internal.util.EntityPrinter - edu.ncsu.csc.itrust2.models.persistent.LogEntry{secondaryUser=null, logCode=5, primaryUser=logapitest, id=405, time=java.util.GregorianCalendar[time=1521667260000,areFieldsSet=true,areAllFieldsSet=true,lenient=true,zone=sun.util.calendar.ZoneInfo[id="Etc/UTC",offset=0,dstSavings=0,useDaylight=false,transitions=0,lastRule=null],firstDayOfWeek=1,minimalDaysInFirstWeek=1,ERA=1,YEAR=2018,MONTH=2,WEEK_OF_YEAR=12,WEEK_OF_MONTH=4,DAY_OF_MONTH=21,DAY_OF_YEAR=80,DAY_OF_WEEK=4,DAY_OF_WEEK_IN_MONTH=3,AM_PM=1,HOUR=9,HOUR_OF_DAY=21,MINUTE=21,SECOND=0,MILLISECOND=0,ZONE_OFFSET=0,DST_OFFSET=0], message=null}
21:21:01.899 [main] DEBUG o.h.internal.util.EntityPrinter - edu.ncsu.csc.itrust2.models.persistent.LogEntry{secondaryUser=null, logCode=5, primaryUser=logapitest, id=406, time=java.util.GregorianCalendar[time=1521667260000,areFieldsSet=true,areAllFieldsSet=true,lenient=true,zone=sun.util.calendar.ZoneInfo[id="Etc/UTC",offset=0,dstSavings=0,useDaylight=false,transitions=0,lastRule=null],firstDayOfWeek=1,minimalDaysInFirstWeek=1,ERA=1,YEAR=2018,MONTH=2,WEEK_OF_YEAR=12,WEEK_OF_MONTH=4,DAY_OF_MONTH=21,DAY_OF_YEAR=80,DAY_OF_WEEK=4,DAY_OF_WEEK_IN_MONTH=3,AM_PM=1,HOUR=9,HOUR_OF_DAY=21,MINUTE=21,SECOND=0,MILLISECOND=0,ZONE_OFFSET=0,DST_OFFSET=0], message=null}
21:21:01.899 [main] DEBUG o.h.internal.util.EntityPrinter - edu.ncsu.csc.itrust2.models.persistent.LogEntry{secondaryUser=null, logCode=5, primaryUser=logapitest, id=407, time=java.util.GregorianCalendar[time=1521667260000,areFieldsSet=true,areAllFieldsSet=true,lenient=true,zone=sun.util.calendar.ZoneInfo[id="Etc/UTC",offset=0,dstSavings=0,useDaylight=false,transitions=0,lastRule=null],firstDayOfWeek=1,minimalDaysInFirstWeek=1,ERA=1,YEAR=2018,MONTH=2,WEEK_OF_YEAR=12,WEEK_OF_MONTH=4,DAY_OF_MONTH=21,DAY_OF_YEAR=80,DAY_OF_WEEK=4,DAY_OF_WEEK_IN_MONTH=3,AM_PM=1,HOUR=9,HOUR_OF_DAY=21,MINUTE=21,SECOND=0,MILLISECOND=0,ZONE_OFFSET=0,DST_OFFSET=0], message=null}
21:21:01.899 [main] DEBUG o.h.internal.util.EntityPrinter - edu.ncsu.csc.itrust2.models.persistent.LogEntry{secondaryUser=null, logCode=5, primaryUser=logapitest, id=408, time=java.util.GregorianCalendar[time=1521667260000,areFieldsSet=true,areAllFieldsSet=true,lenient=true,zone=sun.util.calendar.ZoneInfo[id="Etc/UTC",offset=0,dstSavings=0,useDaylight=false,transitions=0,lastRule=null],firstDayOfWeek=1,minimalDaysInFirstWeek=1,ERA=1,YEAR=2018,MONTH=2,WEEK_OF_YEAR=12,WEEK_OF_MONTH=4,DAY_OF_MONTH=21,DAY_OF_YEAR=80,DAY_OF_WEEK=4,DAY_OF_WEEK_IN_MONTH=3,AM_PM=1,HOUR=9,HOUR_OF_DAY=21,MINUTE=21,SECOND=0,MILLISECOND=0,ZONE_OFFSET=0,DST_OFFSET=0], message=null}
21:21:01.899 [main] DEBUG o.h.internal.util.EntityPrinter - edu.ncsu.csc.itrust2.models.persistent.LogEntry{secondaryUser=null, logCode=5, primaryUser=logapitest, id=409, time=java.util.GregorianCalendar[time=1521667260000,areFieldsSet=true,areAllFieldsSet=true,lenient=true,zone=sun.util.calendar.ZoneInfo[id="Etc/UTC",offset=0,dstSavings=0,useDaylight=false,transitions=0,lastRule=null],firstDayOfWeek=1,minimalDaysInFirstWeek=1,ERA=1,YEAR=2018,MONTH=2,WEEK_OF_YEAR=12,WEEK_OF_MONTH=4,DAY_OF_MONTH=21,DAY_OF_YEAR=80,DAY_OF_WEEK=4,DAY_OF_WEEK_IN_MONTH=3,AM_PM=1,HOUR=9,HOUR_OF_DAY=21,MINUTE=21,SECOND=0,MILLISECOND=0,ZONE_OFFSET=0,DST_OFFSET=0], message=null}
21:21:01.899 [main] DEBUG o.h.internal.util.EntityPrinter - edu.ncsu.csc.itrust2.models.persistent.LogEntry{secondaryUser=null, logCode=5, primaryUser=logapitest, id=410, time=java.util.GregorianCalendar[time=1521667260000,areFieldsSet=true,areAllFieldsSet=true,lenient=true,zone=sun.util.calendar.ZoneInfo[id="Etc/UTC",offset=0,dstSavings=0,useDaylight=false,transitions=0,lastRule=null],firstDayOfWeek=1,minimalDaysInFirstWeek=1,ERA=1,YEAR=2018,MONTH=2,WEEK_OF_YEAR=12,WEEK_OF_MONTH=4,DAY_OF_MONTH=21,DAY_OF_YEAR=80,DAY_OF_WEEK=4,DAY_OF_WEEK_IN_MONTH=3,AM_PM=1,HOUR=9,HOUR_OF_DAY=21,MINUTE=21,SECOND=0,MILLISECOND=0,ZONE_OFFSET=0,DST_OFFSET=0], message=null}
21:21:01.900 [main] DEBUG o.h.internal.util.EntityPrinter - edu.ncsu.csc.itrust2.models.persistent.LogEntry{secondaryUser=null, logCode=5, primaryUser=logapitest, id=411, time=java.util.GregorianCalendar[time=1521667260000,areFieldsSet=true,areAllFieldsSet=true,lenient=true,zone=sun.util.calendar.ZoneInfo[id="Etc/UTC",offset=0,dstSavings=0,useDaylight=false,transitions=0,lastRule=null],firstDayOfWeek=1,minimalDaysInFirstWeek=1,ERA=1,YEAR=2018,MONTH=2,WEEK_OF_YEAR=12,WEEK_OF_MONTH=4,DAY_OF_MONTH=21,DAY_OF_YEAR=80,DAY_OF_WEEK=4,DAY_OF_WEEK_IN_MONTH=3,AM_PM=1,HOUR=9,HOUR_OF_DAY=21,MINUTE=21,SECOND=0,MILLISECOND=0,ZONE_OFFSET=0,DST_OFFSET=0], message=null}
21:21:01.900 [main] DEBUG o.h.internal.util.EntityPrinter - edu.ncsu.csc.itrust2.models.persistent.LogEntry{secondaryUser=null, logCode=5, primaryUser=logapitest, id=412, time=java.util.GregorianCalendar[time=1521667260000,areFieldsSet=true,areAllFieldsSet=true,lenient=true,zone=sun.util.calendar.ZoneInfo[id="Etc/UTC",offset=0,dstSavings=0,useDaylight=false,transitions=0,lastRule=null],firstDayOfWeek=1,minimalDaysInFirstWeek=1,ERA=1,YEAR=2018,MONTH=2,WEEK_OF_YEAR=12,WEEK_OF_MONTH=4,DAY_OF_MONTH=21,DAY_OF_YEAR=80,DAY_OF_WEEK=4,DAY_OF_WEEK_IN_MONTH=3,AM_PM=1,HOUR=9,HOUR_OF_DAY=21,MINUTE=21,SECOND=0,MILLISECOND=0,ZONE_OFFSET=0,DST_OFFSET=0], message=null}
21:21:01.900 [main] DEBUG o.h.internal.util.EntityPrinter - edu.ncsu.csc.itrust2.models.persistent.LogEntry{secondaryUser=null, logCode=5, primaryUser=logapitest, id=413, time=java.util.GregorianCalendar[time=1521667260000,areFieldsSet=true,areAllFieldsSet=true,lenient=true,zone=sun.util.calendar.ZoneInfo[id="Etc/UTC",offset=0,dstSavings=0,useDaylight=false,transitions=0,lastRule=null],firstDayOfWeek=1,minimalDaysInFirstWeek=1,ERA=1,YEAR=2018,MONTH=2,WEEK_OF_YEAR=12,WEEK_OF_MONTH=4,DAY_OF_MONTH=21,DAY_OF_YEAR=80,DAY_OF_WEEK=4,DAY_OF_WEEK_IN_MONTH=3,AM_PM=1,HOUR=9,HOUR_OF_DAY=21,MINUTE=21,SECOND=0,MILLISECOND=0,ZONE_OFFSET=0,DST_OFFSET=0], message=null}
21:21:01.900 [main] DEBUG o.h.internal.util.EntityPrinter - edu.ncsu.csc.itrust2.models.persistent.LogEntry{secondaryUser=null, logCode=5, primaryUser=logapitest, id=414, time=java.util.GregorianCalendar[time=1521667260000,areFieldsSet=true,areAllFieldsSet=true,lenient=true,zone=sun.util.calendar.ZoneInfo[id="Etc/UTC",offset=0,dstSavings=0,useDaylight=false,transitions=0,lastRule=null],firstDayOfWeek=1,minimalDaysInFirstWeek=1,ERA=1,YEAR=2018,MONTH=2,WEEK_OF_YEAR=12,WEEK_OF_MONTH=4,DAY_OF_MONTH=21,DAY_OF_YEAR=80,DAY_OF_WEEK=4,DAY_OF_WEEK_IN_MONTH=3,AM_PM=1,HOUR=9,HOUR_OF_DAY=21,MINUTE=21,SECOND=0,MILLISECOND=0,ZONE_OFFSET=0,DST_OFFSET=0], message=null}
21:21:01.900 [main] DEBUG o.h.internal.util.EntityPrinter - edu.ncsu.csc.itrust2.models.persistent.LogEntry{secondaryUser=null, logCode=5, primaryUser=logapitest, id=415, time=java.util.GregorianCalendar[time=1521667260000,areFieldsSet=true,areAllFieldsSet=true,lenient=true,zone=sun.util.calendar.ZoneInfo[id="Etc/UTC",offset=0,dstSavings=0,useDaylight=false,transitions=0,lastRule=null],firstDayOfWeek=1,minimalDaysInFirstWeek=1,ERA=1,YEAR=2018,MONTH=2,WEEK_OF_YEAR=12,WEEK_OF_MONTH=4,DAY_OF_MONTH=21,DAY_OF_YEAR=80,DAY_OF_WEEK=4,DAY_OF_WEEK_IN_MONTH=3,AM_PM=1,HOUR=9,HOUR_OF_DAY=21,MINUTE=21,SECOND=0,MILLISECOND=0,ZONE_OFFSET=0,DST_OFFSET=0], message=null}
21:21:01.900 [main] DEBUG o.h.internal.util.EntityPrinter - More......
21:21:01.902 [main] DEBUG o.s.w.s.m.m.a.HttpEntityMethodProcessor - Written [{"status":"failed","message":"Error retrieving Log Entries"}] as "text/plain" using [org.springframework.http.converter.StringHttpMessageConverter@3508cc94]
21:21:01.903 [main] DEBUG o.s.t.w.s.TestDispatcherServlet - Null ModelAndView returned to DispatcherServlet with name '': assuming HandlerAdapter completed request handling
21:21:01.903 [main] DEBUG o.s.t.w.s.TestDispatcherServlet - Successfully completed request
21:21:01.903 [main] DEBUG o.s.t.c.s.AbstractDirtiesContextTestExecutionListener - After test method: context [DefaultTestContext@677c98e1 testClass = APILogEntryTest, testInstance = edu.ncsu.csc.itrust2.apitest.APILogEntryTest@5928c998, testMethod = testLogByDateLarge@APILogEntryTest, testException = java.lang.AssertionError: Status expected:<200> but was:<500>, mergedContextConfiguration = [WebMergedContextConfiguration@34a33be8 testClass = APILogEntryTest, locations = '{}', classes = '{class edu.ncsu.csc.itrust2.config.RootConfiguration, class edu.ncsu.csc.itrust2.mvc.config.WebMvcConfiguration}', contextInitializerClasses = '[]', activeProfiles = '{}', propertySourceLocations = '{}', propertySourceProperties = '{}', contextCustomizers = set[[empty]], resourceBasePath = 'src/main/webapp', contextLoader = 'org.springframework.test.context.web.WebDelegatingSmartContextLoader', parent = [null]]], class annotated with @DirtiesContext [false] with mode [null], method annotated with @DirtiesContext [false] with mode [null].
21:21:01.903 [main] DEBUG o.s.t.c.w.ServletTestExecutionListener - Resetting RequestContextHolder for test context [DefaultTestContext@677c98e1 testClass = APILogEntryTest, testInstance = edu.ncsu.csc.itrust2.apitest.APILogEntryTest@5928c998, testMethod = testLogByDateLarge@APILogEntryTest, testException = java.lang.AssertionError: Status expected:<200> but was:<500>, mergedContextConfiguration = [WebMergedContextConfiguration@34a33be8 testClass = APILogEntryTest, locations = '{}', classes = '{class edu.ncsu.csc.itrust2.config.RootConfiguration, class edu.ncsu.csc.itrust2.mvc.config.WebMvcConfiguration}', contextInitializerClasses = '[]', activeProfiles = '{}', propertySourceLocations = '{}', propertySourceProperties = '{}', contextCustomizers = set[[empty]], resourceBasePath = 'src/main/webapp', contextLoader = 'org.springframework.test.context.web.WebDelegatingSmartContextLoader', parent = [null]]].
]]></system-out>
  </testcase>
  <testcase name="testLogByDate" classname="edu.ncsu.csc.itrust2.apitest.APILogEntryTest" time="0.042">
    <failure message="Status expected:&lt;200&gt; but was:&lt;500&gt;" type="java.lang.AssertionError"><![CDATA[java.lang.AssertionError: Status expected:<200> but was:<500>
	at edu.ncsu.csc.itrust2.apitest.APILogEntryTest.testLogByDate(APILogEntryTest.java:69)
]]></failure>
    <system-out><![CDATA[21:21:01.904 [main] DEBUG o.s.t.annotation.ProfileValueUtils - Retrieved @ProfileValueSourceConfiguration [null] for test class [edu.ncsu.csc.itrust2.apitest.APILogEntryTest]
21:21:01.904 [main] DEBUG o.s.t.annotation.ProfileValueUtils - Retrieved ProfileValueSource type [class org.springframework.test.annotation.SystemProfileValueSource] for class [edu.ncsu.csc.itrust2.apitest.APILogEntryTest]
21:21:01.905 [main] DEBUG o.s.t.c.c.DefaultCacheAwareContextLoaderDelegate - Retrieved ApplicationContext from cache with key [[WebMergedContextConfiguration@34a33be8 testClass = APILogEntryTest, locations = '{}', classes = '{class edu.ncsu.csc.itrust2.config.RootConfiguration, class edu.ncsu.csc.itrust2.mvc.config.WebMvcConfiguration}', contextInitializerClasses = '[]', activeProfiles = '{}', propertySourceLocations = '{}', propertySourceProperties = '{}', contextCustomizers = set[[empty]], resourceBasePath = 'src/main/webapp', contextLoader = 'org.springframework.test.context.web.WebDelegatingSmartContextLoader', parent = [null]]]
21:21:01.905 [main] DEBUG o.springframework.test.context.cache - Spring test ApplicationContext cache statistics: [DefaultContextCache@4740e12f size = 1, maxSize = 32, parentContextCount = 0, hitCount = 34, missCount = 1]
21:21:01.906 [main] DEBUG o.s.t.c.w.ServletTestExecutionListener - Setting up MockHttpServletRequest, MockHttpServletResponse, ServletWebRequest, and RequestContextHolder for test context [DefaultTestContext@677c98e1 testClass = APILogEntryTest, testInstance = edu.ncsu.csc.itrust2.apitest.APILogEntryTest@2f6e312c, testMethod = [null], testException = [null], mergedContextConfiguration = [WebMergedContextConfiguration@34a33be8 testClass = APILogEntryTest, locations = '{}', classes = '{class edu.ncsu.csc.itrust2.config.RootConfiguration, class edu.ncsu.csc.itrust2.mvc.config.WebMvcConfiguration}', contextInitializerClasses = '[]', activeProfiles = '{}', propertySourceLocations = '{}', propertySourceProperties = '{}', contextCustomizers = set[[empty]], resourceBasePath = 'src/main/webapp', contextLoader = 'org.springframework.test.context.web.WebDelegatingSmartContextLoader', parent = [null]]].
21:21:01.906 [main] DEBUG o.s.t.c.s.DependencyInjectionTestExecutionListener - Performing dependency injection for test context [[DefaultTestContext@677c98e1 testClass = APILogEntryTest, testInstance = edu.ncsu.csc.itrust2.apitest.APILogEntryTest@2f6e312c, testMethod = [null], testException = [null], mergedContextConfiguration = [WebMergedContextConfiguration@34a33be8 testClass = APILogEntryTest, locations = '{}', classes = '{class edu.ncsu.csc.itrust2.config.RootConfiguration, class edu.ncsu.csc.itrust2.mvc.config.WebMvcConfiguration}', contextInitializerClasses = '[]', activeProfiles = '{}', propertySourceLocations = '{}', propertySourceProperties = '{}', contextCustomizers = set[[empty]], resourceBasePath = 'src/main/webapp', contextLoader = 'org.springframework.test.context.web.WebDelegatingSmartContextLoader', parent = [null]]]].
21:21:01.906 [main] DEBUG o.s.t.c.c.DefaultCacheAwareContextLoaderDelegate - Retrieved ApplicationContext from cache with key [[WebMergedContextConfiguration@34a33be8 testClass = APILogEntryTest, locations = '{}', classes = '{class edu.ncsu.csc.itrust2.config.RootConfiguration, class edu.ncsu.csc.itrust2.mvc.config.WebMvcConfiguration}', contextInitializerClasses = '[]', activeProfiles = '{}', propertySourceLocations = '{}', propertySourceProperties = '{}', contextCustomizers = set[[empty]], resourceBasePath = 'src/main/webapp', contextLoader = 'org.springframework.test.context.web.WebDelegatingSmartContextLoader', parent = [null]]]
21:21:01.906 [main] DEBUG o.springframework.test.context.cache - Spring test ApplicationContext cache statistics: [DefaultContextCache@4740e12f size = 1, maxSize = 32, parentContextCount = 0, hitCount = 35, missCount = 1]
21:21:01.906 [main] DEBUG o.s.b.f.annotation.InjectionMetadata - Processing injected element of bean 'edu.ncsu.csc.itrust2.apitest.APILogEntryTest': AutowiredFieldElement for private org.springframework.web.context.WebApplicationContext edu.ncsu.csc.itrust2.apitest.APILogEntryTest.context
21:21:01.912 [main] DEBUG o.s.t.c.s.AbstractDirtiesContextTestExecutionListener - Before test method: context [DefaultTestContext@677c98e1 testClass = APILogEntryTest, testInstance = edu.ncsu.csc.itrust2.apitest.APILogEntryTest@2f6e312c, testMethod = testLogByDate@APILogEntryTest, testException = [null], mergedContextConfiguration = [WebMergedContextConfiguration@34a33be8 testClass = APILogEntryTest, locations = '{}', classes = '{class edu.ncsu.csc.itrust2.config.RootConfiguration, class edu.ncsu.csc.itrust2.mvc.config.WebMvcConfiguration}', contextInitializerClasses = '[]', activeProfiles = '{}', propertySourceLocations = '{}', propertySourceProperties = '{}', contextCustomizers = set[[empty]], resourceBasePath = 'src/main/webapp', contextLoader = 'org.springframework.test.context.web.WebDelegatingSmartContextLoader', parent = [null]]], class annotated with @DirtiesContext [false] with mode [null], method annotated with @DirtiesContext [false] with mode [null].
21:21:01.922 [main] DEBUG o.s.t.c.c.DefaultCacheAwareContextLoaderDelegate - Retrieved ApplicationContext from cache with key [[WebMergedContextConfiguration@34a33be8 testClass = APILogEntryTest, locations = '{}', classes = '{class edu.ncsu.csc.itrust2.config.RootConfiguration, class edu.ncsu.csc.itrust2.mvc.config.WebMvcConfiguration}', contextInitializerClasses = '[]', activeProfiles = '{}', propertySourceLocations = '{}', propertySourceProperties = '{}', contextCustomizers = set[[empty]], resourceBasePath = 'src/main/webapp', contextLoader = 'org.springframework.test.context.web.WebDelegatingSmartContextLoader', parent = [null]]]
21:21:01.922 [main] DEBUG o.springframework.test.context.cache - Spring test ApplicationContext cache statistics: [DefaultContextCache@4740e12f size = 1, maxSize = 32, parentContextCount = 0, hitCount = 36, missCount = 1]
21:21:01.923 [main] DEBUG o.s.b.f.s.DefaultListableBeanFactory - Creating instance of bean 'org.springframework.security.test.context.support.WithMockUserSecurityContextFactory'
21:21:01.923 [main] DEBUG o.s.b.f.s.DefaultListableBeanFactory - Finished creating instance of bean 'org.springframework.security.test.context.support.WithMockUserSecurityContextFactory'
21:21:01.924 [main] DEBUG o.s.t.w.s.TestDispatcherServlet - Initializing servlet ''
21:21:01.925 [main] DEBUG o.s.w.c.s.StandardServletEnvironment - Adding [servletConfigInitParams] PropertySource with lowest search precedence
21:21:01.925 [main] DEBUG o.s.w.c.s.StandardServletEnvironment - Adding [servletContextInitParams] PropertySource with lowest search precedence
21:21:01.925 [main] DEBUG o.s.w.c.s.StandardServletEnvironment - Adding [systemProperties] PropertySource with lowest search precedence
21:21:01.925 [main] DEBUG o.s.w.c.s.StandardServletEnvironment - Adding [systemEnvironment] PropertySource with lowest search precedence
21:21:01.926 [main] DEBUG o.s.w.c.s.StandardServletEnvironment - Initialized StandardServletEnvironment with PropertySources [servletConfigInitParams,servletContextInitParams,systemProperties,systemEnvironment]
21:21:01.926 [main] INFO  o.s.mock.web.MockServletContext - Initializing Spring FrameworkServlet ''
21:21:01.926 [main] INFO  o.s.t.w.s.TestDispatcherServlet - FrameworkServlet '': initialization started
21:21:01.927 [main] DEBUG o.s.t.w.s.TestDispatcherServlet - Unable to locate MultipartResolver with name 'multipartResolver': no multipart request handling provided
21:21:01.927 [main] DEBUG o.s.b.f.s.DefaultListableBeanFactory - Creating instance of bean 'org.springframework.web.servlet.i18n.AcceptHeaderLocaleResolver'
21:21:01.928 [main] DEBUG o.s.b.f.s.DefaultListableBeanFactory - Finished creating instance of bean 'org.springframework.web.servlet.i18n.AcceptHeaderLocaleResolver'
21:21:01.928 [main] DEBUG o.s.t.w.s.TestDispatcherServlet - Unable to locate LocaleResolver with name 'localeResolver': using default [org.springframework.web.servlet.i18n.AcceptHeaderLocaleResolver@c582c32]
21:21:01.928 [main] DEBUG o.s.b.f.s.DefaultListableBeanFactory - Creating instance of bean 'org.springframework.web.servlet.theme.FixedThemeResolver'
21:21:01.928 [main] DEBUG o.s.b.f.s.DefaultListableBeanFactory - Finished creating instance of bean 'org.springframework.web.servlet.theme.FixedThemeResolver'
21:21:01.929 [main] DEBUG o.s.t.w.s.TestDispatcherServlet - Unable to locate ThemeResolver with name 'themeResolver': using default [org.springframework.web.servlet.theme.FixedThemeResolver@f977074]
21:21:01.929 [main] DEBUG o.s.b.f.s.DefaultListableBeanFactory - Returning cached instance of singleton bean 'beanNameHandlerMapping'
21:21:01.929 [main] DEBUG o.s.b.f.s.DefaultListableBeanFactory - Returning cached instance of singleton bean 'resourceHandlerMapping'
21:21:01.929 [main] DEBUG o.s.b.f.s.DefaultListableBeanFactory - Returning cached instance of singleton bean 'defaultServletHandlerMapping'
21:21:01.929 [main] DEBUG o.s.b.f.s.DefaultListableBeanFactory - Returning cached instance of singleton bean 'requestMappingHandlerMapping'
21:21:01.929 [main] DEBUG o.s.b.f.s.DefaultListableBeanFactory - Returning cached instance of singleton bean 'viewControllerHandlerMapping'
21:21:01.930 [main] DEBUG o.s.b.f.s.DefaultListableBeanFactory - Returning cached instance of singleton bean 'requestMappingHandlerAdapter'
21:21:01.930 [main] DEBUG o.s.b.f.s.DefaultListableBeanFactory - Returning cached instance of singleton bean 'httpRequestHandlerAdapter'
21:21:01.930 [main] DEBUG o.s.b.f.s.DefaultListableBeanFactory - Returning cached instance of singleton bean 'simpleControllerHandlerAdapter'
21:21:01.931 [main] DEBUG o.s.b.f.s.DefaultListableBeanFactory - Returning cached instance of singleton bean 'handlerExceptionResolver'
21:21:01.931 [main] DEBUG o.s.b.f.s.DefaultListableBeanFactory - Creating instance of bean 'org.springframework.web.servlet.view.DefaultRequestToViewNameTranslator'
21:21:01.931 [main] DEBUG o.s.b.f.s.DefaultListableBeanFactory - Finished creating instance of bean 'org.springframework.web.servlet.view.DefaultRequestToViewNameTranslator'
21:21:01.932 [main] DEBUG o.s.t.w.s.TestDispatcherServlet - Unable to locate RequestToViewNameTranslator with name 'viewNameTranslator': using default [org.springframework.web.servlet.view.DefaultRequestToViewNameTranslator@1cdc17b6]
21:21:01.932 [main] DEBUG o.s.b.f.s.DefaultListableBeanFactory - Returning cached instance of singleton bean 'mvcViewResolver'
21:21:01.933 [main] DEBUG o.s.b.f.s.DefaultListableBeanFactory - Returning cached instance of singleton bean 'viewResolver'
21:21:01.933 [main] DEBUG o.s.b.f.s.DefaultListableBeanFactory - Creating instance of bean 'org.springframework.web.servlet.support.SessionFlashMapManager'
21:21:01.933 [main] DEBUG o.s.b.f.s.DefaultListableBeanFactory - Finished creating instance of bean 'org.springframework.web.servlet.support.SessionFlashMapManager'
21:21:01.933 [main] DEBUG o.s.t.w.s.TestDispatcherServlet - Unable to locate FlashMapManager with name 'flashMapManager': using default [org.springframework.web.servlet.support.SessionFlashMapManager@6b0e892a]
21:21:01.934 [main] DEBUG o.s.t.w.s.TestDispatcherServlet - Published WebApplicationContext of servlet '' as ServletContext attribute with name [org.springframework.web.servlet.FrameworkServlet.CONTEXT.]
21:21:01.934 [main] INFO  o.s.t.w.s.TestDispatcherServlet - FrameworkServlet '': initialization completed in 8 ms
21:21:01.934 [main] DEBUG o.s.t.w.s.TestDispatcherServlet - Servlet '' configured successfully
21:21:01.935 [main] DEBUG o.s.t.w.s.TestDispatcherServlet - DispatcherServlet with name '' processing POST request for [/api/v1/logentries/range]
21:21:01.935 [main] DEBUG o.s.w.s.m.m.a.RequestMappingHandlerMapping - Looking up handler method for path /api/v1/logentries/range
21:21:01.936 [main] DEBUG o.s.w.s.m.m.a.RequestMappingHandlerMapping - Returning handler method [public org.springframework.http.ResponseEntity edu.ncsu.csc.itrust2.controllers.api.APILogEntryController.getEntryByDateRange(edu.ncsu.csc.itrust2.controllers.api.comm.LogEntryRequestBody)]
21:21:01.936 [main] DEBUG o.s.b.f.s.DefaultListableBeanFactory - Returning cached instance of singleton bean 'APILogEntryController'
21:21:01.936 [main] DEBUG o.s.w.s.m.m.a.RequestResponseBodyMethodProcessor - Read [class edu.ncsu.csc.itrust2.controllers.api.comm.LogEntryRequestBody] as "application/json" with [org.springframework.http.converter.json.GsonHttpMessageConverter@62271948]
21:21:01.939 [main] DEBUG o.h.e.t.internal.TransactionImpl - begin
21:21:01.946 [main] DEBUG org.hibernate.SQL - select this_.id as id1_6_0_, this_.logCode as logCode2_6_0_, this_.message as message3_6_0_, this_.primaryUser as primaryU4_6_0_, this_.secondaryUser as secondar5_6_0_, this_.time as time6_6_0_ from LogEntries this_ where this_.time between ? and ? and (this_.primaryUser=? or this_.secondaryUser=?)
Hibernate: select this_.id as id1_6_0_, this_.logCode as logCode2_6_0_, this_.message as message3_6_0_, this_.primaryUser as primaryU4_6_0_, this_.secondaryUser as secondar5_6_0_, this_.time as time6_6_0_ from LogEntries this_ where this_.time between ? and ? and (this_.primaryUser=? or this_.secondaryUser=?)
21:21:01.947 [main] DEBUG org.hibernate.loader.Loader - Result set row: 0
21:21:01.947 [main] DEBUG org.hibernate.loader.Loader - Result row: EntityKey[edu.ncsu.csc.itrust2.models.persistent.LogEntry#5]
21:21:01.948 [main] DEBUG o.h.engine.internal.TwoPhaseLoad - Resolving associations for [edu.ncsu.csc.itrust2.models.persistent.LogEntry#5]
21:21:01.948 [main] DEBUG o.h.engine.internal.TwoPhaseLoad - Done materializing entity [edu.ncsu.csc.itrust2.models.persistent.LogEntry#5]
21:21:01.948 [main] DEBUG o.h.e.t.internal.TransactionImpl - committing
21:21:01.948 [main] DEBUG o.h.e.i.AbstractFlushingEventListener - Processing flush-time cascades
21:21:01.948 [main] DEBUG o.h.e.i.AbstractFlushingEventListener - Dirty checking collections
21:21:01.948 [main] DEBUG o.h.e.i.AbstractFlushingEventListener - Flushed: 0 insertions, 0 updates, 0 deletions to 1 objects
21:21:01.948 [main] DEBUG o.h.e.i.AbstractFlushingEventListener - Flushed: 0 (re)creations, 0 updates, 0 removals to 0 collections
21:21:01.948 [main] DEBUG o.h.internal.util.EntityPrinter - Listing entities:
21:21:01.948 [main] DEBUG o.h.internal.util.EntityPrinter - edu.ncsu.csc.itrust2.models.persistent.LogEntry{secondaryUser=null, logCode=31, primaryUser=admin, id=5, time=java.util.GregorianCalendar[time=1521667250000,areFieldsSet=true,areAllFieldsSet=true,lenient=true,zone=sun.util.calendar.ZoneInfo[id="Etc/UTC",offset=0,dstSavings=0,useDaylight=false,transitions=0,lastRule=null],firstDayOfWeek=1,minimalDaysInFirstWeek=1,ERA=1,YEAR=2018,MONTH=2,WEEK_OF_YEAR=12,WEEK_OF_MONTH=4,DAY_OF_MONTH=21,DAY_OF_YEAR=80,DAY_OF_WEEK=4,DAY_OF_WEEK_IN_MONTH=3,AM_PM=1,HOUR=9,HOUR_OF_DAY=21,MINUTE=20,SECOND=50,MILLISECOND=0,ZONE_OFFSET=0,DST_OFFSET=0], message=admin created an ICD Code}
21:21:01.950 [main] DEBUG o.s.w.s.m.m.a.HttpEntityMethodProcessor - Written [{"status":"failed","message":"Error retrieving Log Entries"}] as "text/plain" using [org.springframework.http.converter.StringHttpMessageConverter@3508cc94]
21:21:01.951 [main] DEBUG o.s.t.w.s.TestDispatcherServlet - Null ModelAndView returned to DispatcherServlet with name '': assuming HandlerAdapter completed request handling
21:21:01.951 [main] DEBUG o.s.t.w.s.TestDispatcherServlet - Successfully completed request
21:21:01.951 [main] DEBUG o.s.t.c.s.AbstractDirtiesContextTestExecutionListener - After test method: context [DefaultTestContext@677c98e1 testClass = APILogEntryTest, testInstance = edu.ncsu.csc.itrust2.apitest.APILogEntryTest@2f6e312c, testMethod = testLogByDate@APILogEntryTest, testException = java.lang.AssertionError: Status expected:<200> but was:<500>, mergedContextConfiguration = [WebMergedContextConfiguration@34a33be8 testClass = APILogEntryTest, locations = '{}', classes = '{class edu.ncsu.csc.itrust2.config.RootConfiguration, class edu.ncsu.csc.itrust2.mvc.config.WebMvcConfiguration}', contextInitializerClasses = '[]', activeProfiles = '{}', propertySourceLocations = '{}', propertySourceProperties = '{}', contextCustomizers = set[[empty]], resourceBasePath = 'src/main/webapp', contextLoader = 'org.springframework.test.context.web.WebDelegatingSmartContextLoader', parent = [null]]], class annotated with @DirtiesContext [false] with mode [null], method annotated with @DirtiesContext [false] with mode [null].
21:21:01.951 [main] DEBUG o.s.t.c.w.ServletTestExecutionListener - Resetting RequestContextHolder for test context [DefaultTestContext@677c98e1 testClass = APILogEntryTest, testInstance = edu.ncsu.csc.itrust2.apitest.APILogEntryTest@2f6e312c, testMethod = testLogByDate@APILogEntryTest, testException = java.lang.AssertionError: Status expected:<200> but was:<500>, mergedContextConfiguration = [WebMergedContextConfiguration@34a33be8 testClass = APILogEntryTest, locations = '{}', classes = '{class edu.ncsu.csc.itrust2.config.RootConfiguration, class edu.ncsu.csc.itrust2.mvc.config.WebMvcConfiguration}', contextInitializerClasses = '[]', activeProfiles = '{}', propertySourceLocations = '{}', propertySourceProperties = '{}', contextCustomizers = set[[empty]], resourceBasePath = 'src/main/webapp', contextLoader = 'org.springframework.test.context.web.WebDelegatingSmartContextLoader', parent = [null]]].
]]></system-out>
  </testcase>
</testsuite>