<?xml version="1.0" encoding="UTF-8"?>
<testsuite xmlns:xsi="http://www.w3.org/2001/XMLSchema-instance" xsi:noNamespaceSchemaLocation="https://maven.apache.org/surefire/maven-surefire-plugin/xsd/surefire-test-report.xsd" name="edu.ncsu.csc.itrust2.apitest.APIDrugTest" time="0.008" tests="1" errors="0" skipped="0" failures="1">
  <properties>
    <property name="java.runtime.name" value="Java(TM) SE Runtime Environment"/>
    <property name="sun.boot.library.path" value="/usr/lib/jvm/java-8-oracle/jre/lib/amd64"/>
    <property name="java.vm.version" value="25.161-b12"/>
    <property name="java.vm.vendor" value="Oracle Corporation"/>
    <property name="maven.multiModuleProjectDirectory" value="/var/lib/jenkins/workspace/iTrust-Fuzz-Job/iTrust2-v2/iTrust/iTrust2"/>
    <property name="java.vendor.url" value="http://java.oracle.com/"/>
    <property name="path.separator" value=":"/>
    <property name="guice.disable.misplaced.annotation.check" value="true"/>
    <property name="java.vm.name" value="Java HotSpot(TM) 64-Bit Server VM"/>
    <property name="file.encoding.pkg" value="sun.io"/>
    <property name="user.country" value="US"/>
    <property name="sun.java.launcher" value="SUN_STANDARD"/>
    <property name="sun.os.patch.level" value="unknown"/>
    <property name="java.vm.specification.name" value="Java Virtual Machine Specification"/>
    <property name="user.dir" value="/var/lib/jenkins/workspace/iTrust-Fuzz-Job/iTrust2-v2/iTrust/iTrust2"/>
    <property name="java.runtime.version" value="1.8.0_161-b12"/>
    <property name="java.awt.graphicsenv" value="sun.awt.X11GraphicsEnvironment"/>
    <property name="java.endorsed.dirs" value="/usr/lib/jvm/java-8-oracle/jre/lib/endorsed"/>
    <property name="os.arch" value="amd64"/>
    <property name="java.io.tmpdir" value="/tmp"/>
    <property name="line.separator" value="&#10;"/>
    <property name="java.vm.specification.vendor" value="Oracle Corporation"/>
    <property name="os.name" value="Linux"/>
    <property name="classworlds.conf" value="/usr/share/maven/bin/m2.conf"/>
    <property name="sun.jnu.encoding" value="UTF-8"/>
    <property name="java.library.path" value="/usr/java/packages/lib/amd64:/usr/lib64:/lib64:/lib:/usr/lib"/>
    <property name="java.specification.name" value="Java Platform API Specification"/>
    <property name="java.class.version" value="52.0"/>
    <property name="sun.management.compiler" value="HotSpot 64-Bit Tiered Compilers"/>
    <property name="os.version" value="4.4.0-116-generic"/>
    <property name="user.home" value="/root"/>
    <property name="user.timezone" value="Etc/UTC"/>
    <property name="java.awt.printerjob" value="sun.print.PSPrinterJob"/>
    <property name="file.encoding" value="UTF-8"/>
    <property name="java.specification.version" value="1.8"/>
    <property name="user.name" value="root"/>
    <property name="java.class.path" value="/usr/share/maven/boot/plexus-classworlds-2.x.jar"/>
    <property name="java.vm.specification.version" value="1.8"/>
    <property name="sun.arch.data.model" value="64"/>
    <property name="java.home" value="/usr/lib/jvm/java-8-oracle/jre"/>
    <property name="sun.java.command" value="org.codehaus.plexus.classworlds.launcher.Launcher clean test verify checkstyle:checkstyle"/>
    <property name="java.specification.vendor" value="Oracle Corporation"/>
    <property name="user.language" value="en"/>
    <property name="awt.toolkit" value="sun.awt.X11.XToolkit"/>
    <property name="java.vm.info" value="mixed mode"/>
    <property name="java.version" value="1.8.0_161"/>
    <property name="java.ext.dirs" value="/usr/lib/jvm/java-8-oracle/jre/lib/ext:/usr/java/packages/lib/ext"/>
    <property name="securerandom.source" value="file:/dev/./urandom"/>
    <property name="sun.boot.class.path" value="/usr/lib/jvm/java-8-oracle/jre/lib/resources.jar:/usr/lib/jvm/java-8-oracle/jre/lib/rt.jar:/usr/lib/jvm/java-8-oracle/jre/lib/sunrsasign.jar:/usr/lib/jvm/java-8-oracle/jre/lib/jsse.jar:/usr/lib/jvm/java-8-oracle/jre/lib/jce.jar:/usr/lib/jvm/java-8-oracle/jre/lib/charsets.jar:/usr/lib/jvm/java-8-oracle/jre/lib/jfr.jar:/usr/lib/jvm/java-8-oracle/jre/classes"/>
    <property name="java.vendor" value="Oracle Corporation"/>
    <property name="maven.home" value="/usr/share/maven"/>
    <property name="file.separator" value="/"/>
    <property name="java.vendor.url.bug" value="http://bugreport.sun.com/bugreport/"/>
    <property name="sun.cpu.endian" value="little"/>
    <property name="sun.io.unicode.encoding" value="UnicodeLittle"/>
    <property name="sun.cpu.isalist" value=""/>
  </properties>
  <testcase name="testDrugAPI" classname="edu.ncsu.csc.itrust2.apitest.APIDrugTest" time="0.007">
    <failure message="Status expected:&lt;200&gt; but was:&lt;404&gt;" type="java.lang.AssertionError"><![CDATA[java.lang.AssertionError: Status expected:<200> but was:<404>
	at edu.ncsu.csc.itrust2.apitest.APIDrugTest.testDrugAPI(APIDrugTest.java:115)
]]></failure>
    <system-out><![CDATA[02:31:40.872 [main] DEBUG o.s.t.c.j.SpringJUnit4ClassRunner - SpringJUnit4ClassRunner constructor called with [class edu.ncsu.csc.itrust2.apitest.APIDrugTest]
02:31:40.874 [main] DEBUG o.s.test.context.BootstrapUtils - Instantiating CacheAwareContextLoaderDelegate from class [org.springframework.test.context.cache.DefaultCacheAwareContextLoaderDelegate]
02:31:40.874 [main] DEBUG o.s.test.context.BootstrapUtils - Instantiating BootstrapContext using constructor [public org.springframework.test.context.support.DefaultBootstrapContext(java.lang.Class,org.springframework.test.context.CacheAwareContextLoaderDelegate)]
02:31:40.874 [main] DEBUG o.s.test.context.BootstrapUtils - Instantiating TestContextBootstrapper for test class [edu.ncsu.csc.itrust2.apitest.APIDrugTest] from class [org.springframework.test.context.web.WebTestContextBootstrapper]
02:31:40.876 [main] DEBUG o.s.t.c.s.AbstractDelegatingSmartContextLoader - Delegating to AnnotationConfigWebContextLoader to process context configuration [ContextConfigurationAttributes@7c6596e3 declaringClass = 'edu.ncsu.csc.itrust2.apitest.APIDrugTest', classes = '{class edu.ncsu.csc.itrust2.config.RootConfiguration, class edu.ncsu.csc.itrust2.mvc.config.WebMvcConfiguration}', locations = '{}', inheritLocations = true, initializers = '{}', inheritInitializers = true, name = [null], contextLoaderClass = 'org.springframework.test.context.ContextLoader'].
02:31:40.879 [main] DEBUG o.s.t.c.support.ActiveProfilesUtils - Could not find an 'annotation declaring class' for annotation type [org.springframework.test.context.ActiveProfiles] and class [edu.ncsu.csc.itrust2.apitest.APIDrugTest]
02:31:40.887 [main] DEBUG o.s.t.c.w.WebTestContextBootstrapper - @TestExecutionListeners is not present for class [edu.ncsu.csc.itrust2.apitest.APIDrugTest]: using defaults.
02:31:40.891 [main] INFO  o.s.t.c.w.WebTestContextBootstrapper - Loaded default TestExecutionListener class names from location [META-INF/spring.factories]: [org.springframework.security.test.context.support.WithSecurityContextTestExecutionListener, org.springframework.test.context.web.ServletTestExecutionListener, org.springframework.test.context.support.DirtiesContextBeforeModesTestExecutionListener, org.springframework.test.context.support.DependencyInjectionTestExecutionListener, org.springframework.test.context.support.DirtiesContextTestExecutionListener, org.springframework.test.context.transaction.TransactionalTestExecutionListener, org.springframework.test.context.jdbc.SqlScriptsTestExecutionListener]
02:31:40.892 [main] INFO  o.s.t.c.w.WebTestContextBootstrapper - Using TestExecutionListeners: [org.springframework.test.context.web.ServletTestExecutionListener@7c181a59, org.springframework.test.context.support.DirtiesContextBeforeModesTestExecutionListener@5192c75c, org.springframework.test.context.support.DependencyInjectionTestExecutionListener@1ea0a965, org.springframework.test.context.support.DirtiesContextTestExecutionListener@3b751a2d, org.springframework.test.context.transaction.TransactionalTestExecutionListener@78315c8, org.springframework.test.context.jdbc.SqlScriptsTestExecutionListener@40ec8a43, org.springframework.security.test.context.support.WithSecurityContextTestExecutionListener@5b1ce8ba]
02:31:40.893 [main] DEBUG o.s.t.annotation.ProfileValueUtils - Retrieved @ProfileValueSourceConfiguration [null] for test class [edu.ncsu.csc.itrust2.apitest.APIDrugTest]
02:31:40.893 [main] DEBUG o.s.t.annotation.ProfileValueUtils - Retrieved ProfileValueSource type [class org.springframework.test.annotation.SystemProfileValueSource] for class [edu.ncsu.csc.itrust2.apitest.APIDrugTest]
02:31:40.893 [main] DEBUG o.s.t.annotation.ProfileValueUtils - Retrieved @ProfileValueSourceConfiguration [null] for test class [edu.ncsu.csc.itrust2.apitest.APIDrugTest]
02:31:40.893 [main] DEBUG o.s.t.annotation.ProfileValueUtils - Retrieved ProfileValueSource type [class org.springframework.test.annotation.SystemProfileValueSource] for class [edu.ncsu.csc.itrust2.apitest.APIDrugTest]
02:31:40.894 [main] DEBUG o.s.t.annotation.ProfileValueUtils - Retrieved @ProfileValueSourceConfiguration [null] for test class [edu.ncsu.csc.itrust2.apitest.APIDrugTest]
02:31:40.894 [main] DEBUG o.s.t.annotation.ProfileValueUtils - Retrieved ProfileValueSource type [class org.springframework.test.annotation.SystemProfileValueSource] for class [edu.ncsu.csc.itrust2.apitest.APIDrugTest]
02:31:40.895 [main] DEBUG o.s.t.c.s.AbstractDirtiesContextTestExecutionListener - Before test class: context [DefaultTestContext@48ab3586 testClass = APIDrugTest, testInstance = [null], testMethod = [null], testException = [null], mergedContextConfiguration = [WebMergedContextConfiguration@5719440e testClass = APIDrugTest, locations = '{}', classes = '{class edu.ncsu.csc.itrust2.config.RootConfiguration, class edu.ncsu.csc.itrust2.mvc.config.WebMvcConfiguration}', contextInitializerClasses = '[]', activeProfiles = '{}', propertySourceLocations = '{}', propertySourceProperties = '{}', contextCustomizers = set[[empty]], resourceBasePath = 'src/main/webapp', contextLoader = 'org.springframework.test.context.web.WebDelegatingSmartContextLoader', parent = [null]]], class annotated with @DirtiesContext [false] with mode [null].
02:31:40.895 [main] DEBUG o.s.t.annotation.ProfileValueUtils - Retrieved @ProfileValueSourceConfiguration [null] for test class [edu.ncsu.csc.itrust2.apitest.APIDrugTest]
02:31:40.895 [main] DEBUG o.s.t.annotation.ProfileValueUtils - Retrieved ProfileValueSource type [class org.springframework.test.annotation.SystemProfileValueSource] for class [edu.ncsu.csc.itrust2.apitest.APIDrugTest]
02:31:40.896 [main] DEBUG o.s.t.c.c.DefaultCacheAwareContextLoaderDelegate - Retrieved ApplicationContext from cache with key [[WebMergedContextConfiguration@5719440e testClass = APIDrugTest, locations = '{}', classes = '{class edu.ncsu.csc.itrust2.config.RootConfiguration, class edu.ncsu.csc.itrust2.mvc.config.WebMvcConfiguration}', contextInitializerClasses = '[]', activeProfiles = '{}', propertySourceLocations = '{}', propertySourceProperties = '{}', contextCustomizers = set[[empty]], resourceBasePath = 'src/main/webapp', contextLoader = 'org.springframework.test.context.web.WebDelegatingSmartContextLoader', parent = [null]]]
02:31:40.896 [main] DEBUG o.springframework.test.context.cache - Spring test ApplicationContext cache statistics: [DefaultContextCache@2c0b29cf size = 1, maxSize = 32, parentContextCount = 0, hitCount = 44, missCount = 1]
02:31:40.897 [main] DEBUG o.s.t.c.w.ServletTestExecutionListener - Setting up MockHttpServletRequest, MockHttpServletResponse, ServletWebRequest, and RequestContextHolder for test context [DefaultTestContext@48ab3586 testClass = APIDrugTest, testInstance = edu.ncsu.csc.itrust2.apitest.APIDrugTest@7383723c, testMethod = [null], testException = [null], mergedContextConfiguration = [WebMergedContextConfiguration@5719440e testClass = APIDrugTest, locations = '{}', classes = '{class edu.ncsu.csc.itrust2.config.RootConfiguration, class edu.ncsu.csc.itrust2.mvc.config.WebMvcConfiguration}', contextInitializerClasses = '[]', activeProfiles = '{}', propertySourceLocations = '{}', propertySourceProperties = '{}', contextCustomizers = set[[empty]], resourceBasePath = 'src/main/webapp', contextLoader = 'org.springframework.test.context.web.WebDelegatingSmartContextLoader', parent = [null]]].
02:31:40.897 [main] DEBUG o.s.t.c.s.DependencyInjectionTestExecutionListener - Performing dependency injection for test context [[DefaultTestContext@48ab3586 testClass = APIDrugTest, testInstance = edu.ncsu.csc.itrust2.apitest.APIDrugTest@7383723c, testMethod = [null], testException = [null], mergedContextConfiguration = [WebMergedContextConfiguration@5719440e testClass = APIDrugTest, locations = '{}', classes = '{class edu.ncsu.csc.itrust2.config.RootConfiguration, class edu.ncsu.csc.itrust2.mvc.config.WebMvcConfiguration}', contextInitializerClasses = '[]', activeProfiles = '{}', propertySourceLocations = '{}', propertySourceProperties = '{}', contextCustomizers = set[[empty]], resourceBasePath = 'src/main/webapp', contextLoader = 'org.springframework.test.context.web.WebDelegatingSmartContextLoader', parent = [null]]]].
02:31:40.897 [main] DEBUG o.s.t.c.c.DefaultCacheAwareContextLoaderDelegate - Retrieved ApplicationContext from cache with key [[WebMergedContextConfiguration@5719440e testClass = APIDrugTest, locations = '{}', classes = '{class edu.ncsu.csc.itrust2.config.RootConfiguration, class edu.ncsu.csc.itrust2.mvc.config.WebMvcConfiguration}', contextInitializerClasses = '[]', activeProfiles = '{}', propertySourceLocations = '{}', propertySourceProperties = '{}', contextCustomizers = set[[empty]], resourceBasePath = 'src/main/webapp', contextLoader = 'org.springframework.test.context.web.WebDelegatingSmartContextLoader', parent = [null]]]
02:31:40.897 [main] DEBUG o.springframework.test.context.cache - Spring test ApplicationContext cache statistics: [DefaultContextCache@2c0b29cf size = 1, maxSize = 32, parentContextCount = 0, hitCount = 45, missCount = 1]
02:31:40.900 [main] DEBUG o.s.b.f.annotation.InjectionMetadata - Processing injected element of bean 'edu.ncsu.csc.itrust2.apitest.APIDrugTest': AutowiredFieldElement for private org.springframework.web.context.WebApplicationContext edu.ncsu.csc.itrust2.apitest.APIDrugTest.context
02:31:40.900 [main] DEBUG o.s.b.f.a.AutowiredAnnotationBeanPostProcessor - Autowiring by type from bean name 'edu.ncsu.csc.itrust2.apitest.APIDrugTest' to bean named 'org.springframework.web.context.support.GenericWebApplicationContext@a098d76'
02:31:40.901 [main] DEBUG o.s.b.f.s.DefaultListableBeanFactory - Returning cached instance of singleton bean 'metaDataSourceAdvisor'
02:31:40.902 [main] DEBUG o.s.t.c.s.AbstractDirtiesContextTestExecutionListener - Before test method: context [DefaultTestContext@48ab3586 testClass = APIDrugTest, testInstance = edu.ncsu.csc.itrust2.apitest.APIDrugTest@7383723c, testMethod = testDrugAPI@APIDrugTest, testException = [null], mergedContextConfiguration = [WebMergedContextConfiguration@5719440e testClass = APIDrugTest, locations = '{}', classes = '{class edu.ncsu.csc.itrust2.config.RootConfiguration, class edu.ncsu.csc.itrust2.mvc.config.WebMvcConfiguration}', contextInitializerClasses = '[]', activeProfiles = '{}', propertySourceLocations = '{}', propertySourceProperties = '{}', contextCustomizers = set[[empty]], resourceBasePath = 'src/main/webapp', contextLoader = 'org.springframework.test.context.web.WebDelegatingSmartContextLoader', parent = [null]]], class annotated with @DirtiesContext [false] with mode [null], method annotated with @DirtiesContext [false] with mode [null].
02:31:40.902 [main] DEBUG o.s.t.c.c.DefaultCacheAwareContextLoaderDelegate - Retrieved ApplicationContext from cache with key [[WebMergedContextConfiguration@5719440e testClass = APIDrugTest, locations = '{}', classes = '{class edu.ncsu.csc.itrust2.config.RootConfiguration, class edu.ncsu.csc.itrust2.mvc.config.WebMvcConfiguration}', contextInitializerClasses = '[]', activeProfiles = '{}', propertySourceLocations = '{}', propertySourceProperties = '{}', contextCustomizers = set[[empty]], resourceBasePath = 'src/main/webapp', contextLoader = 'org.springframework.test.context.web.WebDelegatingSmartContextLoader', parent = [null]]]
02:31:40.903 [main] DEBUG o.springframework.test.context.cache - Spring test ApplicationContext cache statistics: [DefaultContextCache@2c0b29cf size = 1, maxSize = 32, parentContextCount = 0, hitCount = 46, missCount = 1]
02:31:40.903 [main] DEBUG o.s.b.f.s.DefaultListableBeanFactory - Creating instance of bean 'org.springframework.security.test.context.support.WithMockUserSecurityContextFactory'
02:31:40.903 [main] DEBUG o.s.b.f.s.DefaultListableBeanFactory - Finished creating instance of bean 'org.springframework.security.test.context.support.WithMockUserSecurityContextFactory'
02:31:40.904 [main] DEBUG o.s.t.w.s.TestDispatcherServlet - Initializing servlet ''
02:31:40.904 [main] DEBUG o.s.w.c.s.StandardServletEnvironment - Adding [servletConfigInitParams] PropertySource with lowest search precedence
02:31:40.904 [main] DEBUG o.s.w.c.s.StandardServletEnvironment - Adding [servletContextInitParams] PropertySource with lowest search precedence
02:31:40.904 [main] DEBUG o.s.w.c.s.StandardServletEnvironment - Adding [systemProperties] PropertySource with lowest search precedence
02:31:40.904 [main] DEBUG o.s.w.c.s.StandardServletEnvironment - Adding [systemEnvironment] PropertySource with lowest search precedence
02:31:40.904 [main] DEBUG o.s.w.c.s.StandardServletEnvironment - Initialized StandardServletEnvironment with PropertySources [servletConfigInitParams,servletContextInitParams,systemProperties,systemEnvironment]
02:31:40.905 [main] INFO  o.s.mock.web.MockServletContext - Initializing Spring FrameworkServlet ''
02:31:40.905 [main] INFO  o.s.t.w.s.TestDispatcherServlet - FrameworkServlet '': initialization started
02:31:40.905 [main] DEBUG o.s.t.w.s.TestDispatcherServlet - Unable to locate MultipartResolver with name 'multipartResolver': no multipart request handling provided
02:31:40.905 [main] DEBUG o.s.b.f.s.DefaultListableBeanFactory - Creating instance of bean 'org.springframework.web.servlet.i18n.AcceptHeaderLocaleResolver'
02:31:40.906 [main] DEBUG o.s.b.f.s.DefaultListableBeanFactory - Finished creating instance of bean 'org.springframework.web.servlet.i18n.AcceptHeaderLocaleResolver'
02:31:40.906 [main] DEBUG o.s.t.w.s.TestDispatcherServlet - Unable to locate LocaleResolver with name 'localeResolver': using default [org.springframework.web.servlet.i18n.AcceptHeaderLocaleResolver@5e7006a1]
02:31:40.906 [main] DEBUG o.s.b.f.s.DefaultListableBeanFactory - Creating instance of bean 'org.springframework.web.servlet.theme.FixedThemeResolver'
02:31:40.907 [main] DEBUG o.s.b.f.s.DefaultListableBeanFactory - Finished creating instance of bean 'org.springframework.web.servlet.theme.FixedThemeResolver'
02:31:40.908 [main] DEBUG o.s.t.w.s.TestDispatcherServlet - Unable to locate ThemeResolver with name 'themeResolver': using default [org.springframework.web.servlet.theme.FixedThemeResolver@43540055]
02:31:40.908 [main] DEBUG o.s.b.f.s.DefaultListableBeanFactory - Returning cached instance of singleton bean 'requestMappingHandlerMapping'
02:31:40.908 [main] DEBUG o.s.b.f.s.DefaultListableBeanFactory - Returning cached instance of singleton bean 'viewControllerHandlerMapping'
02:31:40.908 [main] DEBUG o.s.b.f.s.DefaultListableBeanFactory - Returning cached instance of singleton bean 'beanNameHandlerMapping'
02:31:40.908 [main] DEBUG o.s.b.f.s.DefaultListableBeanFactory - Returning cached instance of singleton bean 'resourceHandlerMapping'
02:31:40.908 [main] DEBUG o.s.b.f.s.DefaultListableBeanFactory - Returning cached instance of singleton bean 'defaultServletHandlerMapping'
02:31:40.909 [main] DEBUG o.s.b.f.s.DefaultListableBeanFactory - Returning cached instance of singleton bean 'requestMappingHandlerAdapter'
02:31:40.909 [main] DEBUG o.s.b.f.s.DefaultListableBeanFactory - Returning cached instance of singleton bean 'httpRequestHandlerAdapter'
02:31:40.909 [main] DEBUG o.s.b.f.s.DefaultListableBeanFactory - Returning cached instance of singleton bean 'simpleControllerHandlerAdapter'
02:31:40.909 [main] DEBUG o.s.b.f.s.DefaultListableBeanFactory - Returning cached instance of singleton bean 'handlerExceptionResolver'
02:31:40.909 [main] DEBUG o.s.b.f.s.DefaultListableBeanFactory - Creating instance of bean 'org.springframework.web.servlet.view.DefaultRequestToViewNameTranslator'
02:31:40.910 [main] DEBUG o.s.b.f.s.DefaultListableBeanFactory - Finished creating instance of bean 'org.springframework.web.servlet.view.DefaultRequestToViewNameTranslator'
02:31:40.910 [main] DEBUG o.s.t.w.s.TestDispatcherServlet - Unable to locate RequestToViewNameTranslator with name 'viewNameTranslator': using default [org.springframework.web.servlet.view.DefaultRequestToViewNameTranslator@2bae8891]
02:31:40.911 [main] DEBUG o.s.b.f.s.DefaultListableBeanFactory - Returning cached instance of singleton bean 'mvcViewResolver'
02:31:40.911 [main] DEBUG o.s.b.f.s.DefaultListableBeanFactory - Returning cached instance of singleton bean 'viewResolver'
02:31:40.912 [main] DEBUG o.s.b.f.s.DefaultListableBeanFactory - Creating instance of bean 'org.springframework.web.servlet.support.SessionFlashMapManager'
02:31:40.912 [main] DEBUG o.s.b.f.s.DefaultListableBeanFactory - Finished creating instance of bean 'org.springframework.web.servlet.support.SessionFlashMapManager'
02:31:40.919 [main] DEBUG o.s.t.w.s.TestDispatcherServlet - Unable to locate FlashMapManager with name 'flashMapManager': using default [org.springframework.web.servlet.support.SessionFlashMapManager@54d9e857]
02:31:40.919 [main] DEBUG o.s.t.w.s.TestDispatcherServlet - Published WebApplicationContext of servlet '' as ServletContext attribute with name [org.springframework.web.servlet.FrameworkServlet.CONTEXT.]
02:31:40.919 [main] INFO  o.s.t.w.s.TestDispatcherServlet - FrameworkServlet '': initialization completed in 14 ms
02:31:40.919 [main] DEBUG o.s.t.w.s.TestDispatcherServlet - Servlet '' configured successfully
02:31:40.921 [main] DEBUG o.s.t.w.s.TestDispatcherServlet - DispatcherServlet with name '' processing POST request for [/api/v1/drugs]
02:31:40.922 [main] DEBUG o.s.w.s.m.m.a.RequestMappingHandlerMapping - Looking up handler method for path /api/v1/drugs
02:31:40.922 [main] DEBUG o.s.w.s.m.m.a.RequestMappingHandlerMapping - Returning handler method [public org.springframework.http.ResponseEntity edu.ncsu.csc.itrust2.controllers.api.APIDrugController.addDrug(edu.ncsu.csc.itrust2.forms.admin.DrugForm)]
02:31:40.922 [main] DEBUG o.s.b.f.s.DefaultListableBeanFactory - Returning cached instance of singleton bean 'APIDrugController'
02:31:40.924 [main] DEBUG o.s.w.s.m.m.a.RequestResponseBodyMethodProcessor - Read [class edu.ncsu.csc.itrust2.forms.admin.DrugForm] as "application/json" with [org.springframework.http.converter.json.GsonHttpMessageConverter@5c2b5dfa]
02:31:40.929 [main] DEBUG o.s.s.a.i.a.MethodSecurityInterceptor - Secure object: ReflectiveMethodInvocation: public org.springframework.http.ResponseEntity edu.ncsu.csc.itrust2.controllers.api.APIDrugController.addDrug(edu.ncsu.csc.itrust2.forms.admin.DrugForm); target is of class [edu.ncsu.csc.itrust2.controllers.api.APIDrugController]; Attributes: [[authorize: 'hasRole('ROLE_ADMIN')', filter: 'null', filterTarget: 'null']]
02:31:40.929 [main] DEBUG o.s.s.a.i.a.MethodSecurityInterceptor - Previously Authenticated: org.springframework.security.authentication.UsernamePasswordAuthenticationToken@b64e8dc2: Principal: org.springframework.security.core.userdetails.User@586034f: Username: admin; Password: [PROTECTED]; Enabled: true; AccountNonExpired: true; credentialsNonExpired: true; AccountNonLocked: true; Granted Authorities: ROLE_ADMIN,ROLE_USER; Credentials: [PROTECTED]; Authenticated: true; Details: null; Granted Authorities: ROLE_ADMIN, ROLE_USER
02:31:40.932 [main] DEBUG o.s.s.access.vote.AffirmativeBased - Voter: org.springframework.security.access.prepost.PreInvocationAuthorizationAdviceVoter@60410abb, returned: 1
02:31:40.932 [main] DEBUG o.s.s.a.i.a.MethodSecurityInterceptor - Authorization successful
02:31:40.932 [main] DEBUG o.s.s.a.i.a.MethodSecurityInterceptor - RunAsManager did not change Authentication object
02:31:40.966 [main] DEBUG o.h.e.t.internal.TransactionImpl - begin
02:31:40.967 [main] DEBUG org.hibernate.SQL - select this_.id as id1_3_0_, this_.code as code2_3_0_, this_.description as descript3_3_0_, this_.name as name4_3_0_ from Drugs this_ where this_.code=?
Hibernate: select this_.id as id1_3_0_, this_.code as code2_3_0_, this_.description as descript3_3_0_, this_.name as name4_3_0_ from Drugs this_ where this_.code=?
02:31:40.967 [main] DEBUG o.h.e.t.internal.TransactionImpl - committing
02:31:40.968 [main] DEBUG o.h.e.t.internal.TransactionImpl - begin
02:31:40.982 [main] DEBUG org.hibernate.SQL - select next_val as id_val from hibernate_sequence for update
Hibernate: select next_val as id_val from hibernate_sequence for update
02:31:40.982 [main] DEBUG org.hibernate.SQL - update hibernate_sequence set next_val= ? where next_val=?
Hibernate: update hibernate_sequence set next_val= ? where next_val=?
02:31:40.984 [main] DEBUG o.h.e.i.AbstractSaveEventListener - Generated identifier: 557, using strategy: org.hibernate.id.enhanced.SequenceStyleGenerator
02:31:40.984 [main] DEBUG o.h.e.t.internal.TransactionImpl - committing
02:31:40.984 [main] DEBUG o.h.e.i.AbstractFlushingEventListener - Processing flush-time cascades
02:31:40.984 [main] DEBUG o.h.e.i.AbstractFlushingEventListener - Dirty checking collections
02:31:40.984 [main] DEBUG o.h.e.i.AbstractFlushingEventListener - Flushed: 1 insertions, 0 updates, 0 deletions to 1 objects
02:31:40.984 [main] DEBUG o.h.e.i.AbstractFlushingEventListener - Flushed: 0 (re)creations, 0 updates, 0 removals to 0 collections
02:31:40.984 [main] DEBUG o.h.internal.util.EntityPrinter - Listing entities:
02:31:40.984 [main] DEBUG o.h.internal.util.EntityPrinter - edu.ncsu.csc.itrust2.models.persistent.Drug{code=0000-0000-00, name=TEST1, description=DESC1, id=557}
02:31:41.020 [main] DEBUG org.hibernate.SQL - insert into Drugs (code, description, name, id) values (?, ?, ?, ?)
Hibernate: insert into Drugs (code, description, name, id) values (?, ?, ?, ?)
02:31:41.028 [main] DEBUG o.h.e.j.internal.JdbcCoordinatorImpl - HHH000420: Closing un-released batch
02:31:41.028 [main] DEBUG o.h.e.t.internal.TransactionImpl - begin
02:31:41.029 [main] DEBUG org.hibernate.SQL - select next_val as id_val from hibernate_sequence for update
Hibernate: select next_val as id_val from hibernate_sequence for update
02:31:41.030 [main] DEBUG org.hibernate.SQL - update hibernate_sequence set next_val= ? where next_val=?
Hibernate: update hibernate_sequence set next_val= ? where next_val=?
02:31:41.031 [main] DEBUG o.h.e.i.AbstractSaveEventListener - Generated identifier: 558, using strategy: org.hibernate.id.enhanced.SequenceStyleGenerator
02:31:41.032 [main] DEBUG o.h.e.t.internal.TransactionImpl - committing
02:31:41.032 [main] DEBUG o.h.e.i.AbstractFlushingEventListener - Processing flush-time cascades
02:31:41.032 [main] DEBUG o.h.e.i.AbstractFlushingEventListener - Dirty checking collections
02:31:41.032 [main] DEBUG o.h.e.i.AbstractFlushingEventListener - Flushed: 1 insertions, 0 updates, 0 deletions to 1 objects
02:31:41.032 [main] DEBUG o.h.e.i.AbstractFlushingEventListener - Flushed: 0 (re)creations, 0 updates, 0 removals to 0 collections
02:31:41.032 [main] DEBUG o.h.internal.util.EntityPrinter - Listing entities:
02:31:41.033 [main] DEBUG o.h.internal.util.EntityPrinter - edu.ncsu.csc.itrust2.models.persistent.LogEntry{secondaryUser=null, logCode=42, primaryUser=admin, id=558, time=java.util.GregorianCalendar[time=1521599501028,areFieldsSet=true,areAllFieldsSet=true,lenient=true,zone=sun.util.calendar.ZoneInfo[id="Etc/UTC",offset=0,dstSavings=0,useDaylight=false,transitions=0,lastRule=null],firstDayOfWeek=1,minimalDaysInFirstWeek=1,ERA=1,YEAR=2018,MONTH=2,WEEK_OF_YEAR=12,WEEK_OF_MONTH=4,DAY_OF_MONTH=21,DAY_OF_YEAR=80,DAY_OF_WEEK=4,DAY_OF_WEEK_IN_MONTH=3,AM_PM=0,HOUR=2,HOUR_OF_DAY=2,MINUTE=31,SECOND=41,MILLISECOND=28,ZONE_OFFSET=0,DST_OFFSET=0], message=Drug 0000-0000-00 created}
02:31:41.033 [main] DEBUG org.hibernate.SQL - insert into LogEntries (logCode, message, primaryUser, secondaryUser, time, id) values (?, ?, ?, ?, ?, ?)
Hibernate: insert into LogEntries (logCode, message, primaryUser, secondaryUser, time, id) values (?, ?, ?, ?, ?, ?)
02:31:41.038 [main] DEBUG o.h.e.j.internal.JdbcCoordinatorImpl - HHH000420: Closing un-released batch
02:31:41.039 [main] DEBUG o.s.w.s.m.m.a.HttpEntityMethodProcessor - Written [edu.ncsu.csc.itrust2.models.persistent.Drug@4fb927f] as "application/json" using [org.springframework.http.converter.json.GsonHttpMessageConverter@5c2b5dfa]
02:31:41.039 [main] DEBUG o.s.t.w.s.TestDispatcherServlet - Null ModelAndView returned to DispatcherServlet with name '': assuming HandlerAdapter completed request handling
02:31:41.039 [main] DEBUG o.s.t.w.s.TestDispatcherServlet - Successfully completed request
02:31:41.041 [main] DEBUG o.s.t.w.s.TestDispatcherServlet - DispatcherServlet with name '' processing POST request for [/api/v1/drugs]
02:31:41.042 [main] DEBUG o.s.w.s.m.m.a.RequestMappingHandlerMapping - Looking up handler method for path /api/v1/drugs
02:31:41.043 [main] DEBUG o.s.w.s.m.m.a.RequestMappingHandlerMapping - Returning handler method [public org.springframework.http.ResponseEntity edu.ncsu.csc.itrust2.controllers.api.APIDrugController.addDrug(edu.ncsu.csc.itrust2.forms.admin.DrugForm)]
02:31:41.044 [main] DEBUG o.s.b.f.s.DefaultListableBeanFactory - Returning cached instance of singleton bean 'APIDrugController'
02:31:41.044 [main] DEBUG o.s.w.s.m.m.a.RequestResponseBodyMethodProcessor - Read [class edu.ncsu.csc.itrust2.forms.admin.DrugForm] as "application/json" with [org.springframework.http.converter.json.GsonHttpMessageConverter@5c2b5dfa]
02:31:41.047 [main] DEBUG o.s.s.a.i.a.MethodSecurityInterceptor - Secure object: ReflectiveMethodInvocation: public org.springframework.http.ResponseEntity edu.ncsu.csc.itrust2.controllers.api.APIDrugController.addDrug(edu.ncsu.csc.itrust2.forms.admin.DrugForm); target is of class [edu.ncsu.csc.itrust2.controllers.api.APIDrugController]; Attributes: [[authorize: 'hasRole('ROLE_ADMIN')', filter: 'null', filterTarget: 'null']]
02:31:41.048 [main] DEBUG o.s.s.a.i.a.MethodSecurityInterceptor - Previously Authenticated: org.springframework.security.authentication.UsernamePasswordAuthenticationToken@b64e8dc2: Principal: org.springframework.security.core.userdetails.User@586034f: Username: admin; Password: [PROTECTED]; Enabled: true; AccountNonExpired: true; credentialsNonExpired: true; AccountNonLocked: true; Granted Authorities: ROLE_ADMIN,ROLE_USER; Credentials: [PROTECTED]; Authenticated: true; Details: null; Granted Authorities: ROLE_ADMIN, ROLE_USER
02:31:41.048 [main] DEBUG o.s.s.access.vote.AffirmativeBased - Voter: org.springframework.security.access.prepost.PreInvocationAuthorizationAdviceVoter@60410abb, returned: 1
02:31:41.048 [main] DEBUG o.s.s.a.i.a.MethodSecurityInterceptor - Authorization successful
02:31:41.048 [main] DEBUG o.s.s.a.i.a.MethodSecurityInterceptor - RunAsManager did not change Authentication object
02:31:41.049 [main] DEBUG o.h.e.t.internal.TransactionImpl - begin
02:31:41.051 [main] DEBUG org.hibernate.SQL - select this_.id as id1_3_0_, this_.code as code2_3_0_, this_.description as descript3_3_0_, this_.name as name4_3_0_ from Drugs this_ where this_.code=?
Hibernate: select this_.id as id1_3_0_, this_.code as code2_3_0_, this_.description as descript3_3_0_, this_.name as name4_3_0_ from Drugs this_ where this_.code=?
02:31:41.060 [main] DEBUG org.hibernate.loader.Loader - Result set row: 0
02:31:41.061 [main] DEBUG org.hibernate.loader.Loader - Result row: EntityKey[edu.ncsu.csc.itrust2.models.persistent.Drug#557]
02:31:41.062 [main] DEBUG o.h.engine.internal.TwoPhaseLoad - Resolving associations for [edu.ncsu.csc.itrust2.models.persistent.Drug#557]
02:31:41.062 [main] DEBUG o.h.engine.internal.TwoPhaseLoad - Done materializing entity [edu.ncsu.csc.itrust2.models.persistent.Drug#557]
02:31:41.062 [main] DEBUG o.h.e.t.internal.TransactionImpl - committing
02:31:41.063 [main] DEBUG o.h.e.i.AbstractFlushingEventListener - Processing flush-time cascades
02:31:41.063 [main] DEBUG o.h.e.i.AbstractFlushingEventListener - Dirty checking collections
02:31:41.063 [main] DEBUG o.h.e.i.AbstractFlushingEventListener - Flushed: 0 insertions, 0 updates, 0 deletions to 1 objects
02:31:41.063 [main] DEBUG o.h.e.i.AbstractFlushingEventListener - Flushed: 0 (re)creations, 0 updates, 0 removals to 0 collections
02:31:41.063 [main] DEBUG o.h.internal.util.EntityPrinter - Listing entities:
02:31:41.063 [main] DEBUG o.h.internal.util.EntityPrinter - edu.ncsu.csc.itrust2.models.persistent.Drug{code=0000-0000-00, name=TEST1, description=DESC1, id=557}
02:31:41.065 [main] DEBUG o.h.e.t.internal.TransactionImpl - begin
02:31:41.067 [main] DEBUG org.hibernate.SQL - select next_val as id_val from hibernate_sequence for update
Hibernate: select next_val as id_val from hibernate_sequence for update
02:31:41.067 [main] DEBUG org.hibernate.SQL - update hibernate_sequence set next_val= ? where next_val=?
Hibernate: update hibernate_sequence set next_val= ? where next_val=?
02:31:41.069 [main] DEBUG o.h.e.i.AbstractSaveEventListener - Generated identifier: 559, using strategy: org.hibernate.id.enhanced.SequenceStyleGenerator
02:31:41.069 [main] DEBUG o.h.e.t.internal.TransactionImpl - committing
02:31:41.069 [main] DEBUG o.h.e.i.AbstractFlushingEventListener - Processing flush-time cascades
02:31:41.070 [main] DEBUG o.h.e.i.AbstractFlushingEventListener - Dirty checking collections
02:31:41.070 [main] DEBUG o.h.e.i.AbstractFlushingEventListener - Flushed: 1 insertions, 0 updates, 0 deletions to 1 objects
02:31:41.070 [main] DEBUG o.h.e.i.AbstractFlushingEventListener - Flushed: 0 (re)creations, 0 updates, 0 removals to 0 collections
02:31:41.070 [main] DEBUG o.h.internal.util.EntityPrinter - Listing entities:
02:31:41.070 [main] DEBUG o.h.internal.util.EntityPrinter - edu.ncsu.csc.itrust2.models.persistent.LogEntry{secondaryUser=null, logCode=42, primaryUser=admin, id=559, time=java.util.GregorianCalendar[time=1521599501065,areFieldsSet=true,areAllFieldsSet=true,lenient=true,zone=sun.util.calendar.ZoneInfo[id="Etc/UTC",offset=0,dstSavings=0,useDaylight=false,transitions=0,lastRule=null],firstDayOfWeek=1,minimalDaysInFirstWeek=1,ERA=1,YEAR=2018,MONTH=2,WEEK_OF_YEAR=12,WEEK_OF_MONTH=4,DAY_OF_MONTH=21,DAY_OF_YEAR=80,DAY_OF_WEEK=4,DAY_OF_WEEK_IN_MONTH=3,AM_PM=0,HOUR=2,HOUR_OF_DAY=2,MINUTE=31,SECOND=41,MILLISECOND=65,ZONE_OFFSET=0,DST_OFFSET=0], message=Conflict: drug with code 0000-0000-00 already exists}
02:31:41.070 [main] DEBUG org.hibernate.SQL - insert into LogEntries (logCode, message, primaryUser, secondaryUser, time, id) values (?, ?, ?, ?, ?, ?)
Hibernate: insert into LogEntries (logCode, message, primaryUser, secondaryUser, time, id) values (?, ?, ?, ?, ?, ?)
02:31:41.072 [main] DEBUG o.h.e.j.internal.JdbcCoordinatorImpl - HHH000420: Closing un-released batch
02:31:41.073 [main] DEBUG o.s.w.s.m.m.a.HttpEntityMethodProcessor - Written [{"status":"failed","message":"Drug with code 0000-0000-00 already exists"}] as "text/plain" using [org.springframework.http.converter.StringHttpMessageConverter@50a5b9b5]
02:31:41.073 [main] DEBUG o.s.t.w.s.TestDispatcherServlet - Null ModelAndView returned to DispatcherServlet with name '': assuming HandlerAdapter completed request handling
02:31:41.074 [main] DEBUG o.s.t.w.s.TestDispatcherServlet - Successfully completed request
02:31:41.074 [main] DEBUG o.s.t.w.s.TestDispatcherServlet - DispatcherServlet with name '' processing POST request for [/api/v1/drugs]
02:31:41.074 [main] DEBUG o.s.w.s.m.m.a.RequestMappingHandlerMapping - Looking up handler method for path /api/v1/drugs
02:31:41.075 [main] DEBUG o.s.w.s.m.m.a.RequestMappingHandlerMapping - Returning handler method [public org.springframework.http.ResponseEntity edu.ncsu.csc.itrust2.controllers.api.APIDrugController.addDrug(edu.ncsu.csc.itrust2.forms.admin.DrugForm)]
02:31:41.075 [main] DEBUG o.s.b.f.s.DefaultListableBeanFactory - Returning cached instance of singleton bean 'APIDrugController'
02:31:41.076 [main] DEBUG o.s.w.s.m.m.a.RequestResponseBodyMethodProcessor - Read [class edu.ncsu.csc.itrust2.forms.admin.DrugForm] as "application/json" with [org.springframework.http.converter.json.GsonHttpMessageConverter@5c2b5dfa]
02:31:41.076 [main] DEBUG o.s.s.a.i.a.MethodSecurityInterceptor - Secure object: ReflectiveMethodInvocation: public org.springframework.http.ResponseEntity edu.ncsu.csc.itrust2.controllers.api.APIDrugController.addDrug(edu.ncsu.csc.itrust2.forms.admin.DrugForm); target is of class [edu.ncsu.csc.itrust2.controllers.api.APIDrugController]; Attributes: [[authorize: 'hasRole('ROLE_ADMIN')', filter: 'null', filterTarget: 'null']]
02:31:41.077 [main] DEBUG o.s.s.a.i.a.MethodSecurityInterceptor - Previously Authenticated: org.springframework.security.authentication.UsernamePasswordAuthenticationToken@b64e8dc2: Principal: org.springframework.security.core.userdetails.User@586034f: Username: admin; Password: [PROTECTED]; Enabled: true; AccountNonExpired: true; credentialsNonExpired: true; AccountNonLocked: true; Granted Authorities: ROLE_ADMIN,ROLE_USER; Credentials: [PROTECTED]; Authenticated: true; Details: null; Granted Authorities: ROLE_ADMIN, ROLE_USER
02:31:41.078 [main] DEBUG o.s.s.access.vote.AffirmativeBased - Voter: org.springframework.security.access.prepost.PreInvocationAuthorizationAdviceVoter@60410abb, returned: 1
02:31:41.078 [main] DEBUG o.s.s.a.i.a.MethodSecurityInterceptor - Authorization successful
02:31:41.078 [main] DEBUG o.s.s.a.i.a.MethodSecurityInterceptor - RunAsManager did not change Authentication object
02:31:41.078 [main] DEBUG o.h.e.t.internal.TransactionImpl - begin
02:31:41.094 [main] DEBUG org.hibernate.SQL - select this_.id as id1_3_0_, this_.code as code2_3_0_, this_.description as descript3_3_0_, this_.name as name4_3_0_ from Drugs this_ where this_.code=?
Hibernate: select this_.id as id1_3_0_, this_.code as code2_3_0_, this_.description as descript3_3_0_, this_.name as name4_3_0_ from Drugs this_ where this_.code=?
02:31:41.095 [main] DEBUG o.h.e.t.internal.TransactionImpl - committing
02:31:41.096 [main] DEBUG o.h.e.t.internal.TransactionImpl - begin
02:31:41.096 [main] DEBUG org.hibernate.SQL - select next_val as id_val from hibernate_sequence for update
Hibernate: select next_val as id_val from hibernate_sequence for update
02:31:41.097 [main] DEBUG org.hibernate.SQL - update hibernate_sequence set next_val= ? where next_val=?
Hibernate: update hibernate_sequence set next_val= ? where next_val=?
02:31:41.099 [main] DEBUG o.h.e.i.AbstractSaveEventListener - Generated identifier: 560, using strategy: org.hibernate.id.enhanced.SequenceStyleGenerator
02:31:41.099 [main] DEBUG o.h.e.t.internal.TransactionImpl - committing
02:31:41.099 [main] DEBUG o.h.e.i.AbstractFlushingEventListener - Processing flush-time cascades
02:31:41.099 [main] DEBUG o.h.e.i.AbstractFlushingEventListener - Dirty checking collections
02:31:41.099 [main] DEBUG o.h.e.i.AbstractFlushingEventListener - Flushed: 1 insertions, 0 updates, 0 deletions to 1 objects
02:31:41.099 [main] DEBUG o.h.e.i.AbstractFlushingEventListener - Flushed: 0 (re)creations, 0 updates, 0 removals to 0 collections
02:31:41.099 [main] DEBUG o.h.internal.util.EntityPrinter - Listing entities:
02:31:41.099 [main] DEBUG o.h.internal.util.EntityPrinter - edu.ncsu.csc.itrust2.models.persistent.Drug{code=0000-0000-01, name=TEST2, description=Desc2, id=560}
02:31:41.101 [main] DEBUG org.hibernate.SQL - insert into Drugs (code, description, name, id) values (?, ?, ?, ?)
Hibernate: insert into Drugs (code, description, name, id) values (?, ?, ?, ?)
02:31:41.108 [main] DEBUG o.h.e.j.internal.JdbcCoordinatorImpl - HHH000420: Closing un-released batch
02:31:41.112 [main] DEBUG o.h.e.t.internal.TransactionImpl - begin
02:31:41.113 [main] DEBUG org.hibernate.SQL - select next_val as id_val from hibernate_sequence for update
Hibernate: select next_val as id_val from hibernate_sequence for update
02:31:41.114 [main] DEBUG org.hibernate.SQL - update hibernate_sequence set next_val= ? where next_val=?
Hibernate: update hibernate_sequence set next_val= ? where next_val=?
02:31:41.116 [main] DEBUG o.h.e.i.AbstractSaveEventListener - Generated identifier: 561, using strategy: org.hibernate.id.enhanced.SequenceStyleGenerator
02:31:41.116 [main] DEBUG o.h.e.t.internal.TransactionImpl - committing
02:31:41.116 [main] DEBUG o.h.e.i.AbstractFlushingEventListener - Processing flush-time cascades
02:31:41.116 [main] DEBUG o.h.e.i.AbstractFlushingEventListener - Dirty checking collections
02:31:41.116 [main] DEBUG o.h.e.i.AbstractFlushingEventListener - Flushed: 1 insertions, 0 updates, 0 deletions to 1 objects
02:31:41.116 [main] DEBUG o.h.e.i.AbstractFlushingEventListener - Flushed: 0 (re)creations, 0 updates, 0 removals to 0 collections
02:31:41.117 [main] DEBUG o.h.internal.util.EntityPrinter - Listing entities:
02:31:41.117 [main] DEBUG o.h.internal.util.EntityPrinter - edu.ncsu.csc.itrust2.models.persistent.LogEntry{secondaryUser=null, logCode=42, primaryUser=admin, id=561, time=java.util.GregorianCalendar[time=1521599501112,areFieldsSet=true,areAllFieldsSet=true,lenient=true,zone=sun.util.calendar.ZoneInfo[id="Etc/UTC",offset=0,dstSavings=0,useDaylight=false,transitions=0,lastRule=null],firstDayOfWeek=1,minimalDaysInFirstWeek=1,ERA=1,YEAR=2018,MONTH=2,WEEK_OF_YEAR=12,WEEK_OF_MONTH=4,DAY_OF_MONTH=21,DAY_OF_YEAR=80,DAY_OF_WEEK=4,DAY_OF_WEEK_IN_MONTH=3,AM_PM=0,HOUR=2,HOUR_OF_DAY=2,MINUTE=31,SECOND=41,MILLISECOND=112,ZONE_OFFSET=0,DST_OFFSET=0], message=Drug 0000-0000-01 created}
02:31:41.117 [main] DEBUG org.hibernate.SQL - insert into LogEntries (logCode, message, primaryUser, secondaryUser, time, id) values (?, ?, ?, ?, ?, ?)
Hibernate: insert into LogEntries (logCode, message, primaryUser, secondaryUser, time, id) values (?, ?, ?, ?, ?, ?)
02:31:41.120 [main] DEBUG o.h.e.j.internal.JdbcCoordinatorImpl - HHH000420: Closing un-released batch
02:31:41.122 [main] DEBUG o.s.w.s.m.m.a.HttpEntityMethodProcessor - Written [edu.ncsu.csc.itrust2.models.persistent.Drug@5d0e2a2c] as "application/json" using [org.springframework.http.converter.json.GsonHttpMessageConverter@5c2b5dfa]
02:31:41.126 [main] DEBUG o.s.t.w.s.TestDispatcherServlet - Null ModelAndView returned to DispatcherServlet with name '': assuming HandlerAdapter completed request handling
02:31:41.126 [main] DEBUG o.s.t.w.s.TestDispatcherServlet - Successfully completed request
02:31:41.129 [main] DEBUG o.s.t.w.s.TestDispatcherServlet - DispatcherServlet with name '' processing GET request for [/api/v1/drugs]
02:31:41.129 [main] DEBUG o.s.w.s.m.m.a.RequestMappingHandlerMapping - Looking up handler method for path /api/v1/drugs
02:31:41.129 [main] DEBUG o.s.w.s.m.m.a.RequestMappingHandlerMapping - Returning handler method [public java.util.List<edu.ncsu.csc.itrust2.models.persistent.Drug> edu.ncsu.csc.itrust2.controllers.api.APIDrugController.getDrugs()]
02:31:41.129 [main] DEBUG o.s.b.f.s.DefaultListableBeanFactory - Returning cached instance of singleton bean 'APIDrugController'
02:31:41.129 [main] DEBUG o.s.t.w.s.TestDispatcherServlet - Last-Modified value for [/api/v1/drugs] is: -1
02:31:41.130 [main] DEBUG o.h.e.t.internal.TransactionImpl - begin
02:31:41.131 [main] DEBUG org.hibernate.SQL - select next_val as id_val from hibernate_sequence for update
Hibernate: select next_val as id_val from hibernate_sequence for update
02:31:41.132 [main] DEBUG org.hibernate.SQL - update hibernate_sequence set next_val= ? where next_val=?
Hibernate: update hibernate_sequence set next_val= ? where next_val=?
02:31:41.134 [main] DEBUG o.h.e.i.AbstractSaveEventListener - Generated identifier: 562, using strategy: org.hibernate.id.enhanced.SequenceStyleGenerator
02:31:41.135 [main] DEBUG o.h.e.t.internal.TransactionImpl - committing
02:31:41.135 [main] DEBUG o.h.e.i.AbstractFlushingEventListener - Processing flush-time cascades
02:31:41.135 [main] DEBUG o.h.e.i.AbstractFlushingEventListener - Dirty checking collections
02:31:41.135 [main] DEBUG o.h.e.i.AbstractFlushingEventListener - Flushed: 1 insertions, 0 updates, 0 deletions to 1 objects
02:31:41.135 [main] DEBUG o.h.e.i.AbstractFlushingEventListener - Flushed: 0 (re)creations, 0 updates, 0 removals to 0 collections
02:31:41.135 [main] DEBUG o.h.internal.util.EntityPrinter - Listing entities:
02:31:41.135 [main] DEBUG o.h.internal.util.EntityPrinter - edu.ncsu.csc.itrust2.models.persistent.LogEntry{secondaryUser=null, logCode=45, primaryUser=admin, id=562, time=java.util.GregorianCalendar[time=1521599501130,areFieldsSet=true,areAllFieldsSet=true,lenient=true,zone=sun.util.calendar.ZoneInfo[id="Etc/UTC",offset=0,dstSavings=0,useDaylight=false,transitions=0,lastRule=null],firstDayOfWeek=1,minimalDaysInFirstWeek=1,ERA=1,YEAR=2018,MONTH=2,WEEK_OF_YEAR=12,WEEK_OF_MONTH=4,DAY_OF_MONTH=21,DAY_OF_YEAR=80,DAY_OF_WEEK=4,DAY_OF_WEEK_IN_MONTH=3,AM_PM=0,HOUR=2,HOUR_OF_DAY=2,MINUTE=31,SECOND=41,MILLISECOND=130,ZONE_OFFSET=0,DST_OFFSET=0], message=Fetched list of drugs}
02:31:41.136 [main] DEBUG org.hibernate.SQL - insert into LogEntries (logCode, message, primaryUser, secondaryUser, time, id) values (?, ?, ?, ?, ?, ?)
Hibernate: insert into LogEntries (logCode, message, primaryUser, secondaryUser, time, id) values (?, ?, ?, ?, ?, ?)
02:31:41.139 [main] DEBUG o.h.e.j.internal.JdbcCoordinatorImpl - HHH000420: Closing un-released batch
02:31:41.139 [main] DEBUG o.h.e.t.internal.TransactionImpl - begin
02:31:41.141 [main] DEBUG org.hibernate.SQL - select this_.id as id1_3_0_, this_.code as code2_3_0_, this_.description as descript3_3_0_, this_.name as name4_3_0_ from Drugs this_
Hibernate: select this_.id as id1_3_0_, this_.code as code2_3_0_, this_.description as descript3_3_0_, this_.name as name4_3_0_ from Drugs this_
02:31:41.143 [main] DEBUG org.hibernate.loader.Loader - Result set row: 0
02:31:41.143 [main] DEBUG org.hibernate.loader.Loader - Result row: EntityKey[edu.ncsu.csc.itrust2.models.persistent.Drug#557]
02:31:41.143 [main] DEBUG org.hibernate.loader.Loader - Result set row: 1
02:31:41.144 [main] DEBUG org.hibernate.loader.Loader - Result row: EntityKey[edu.ncsu.csc.itrust2.models.persistent.Drug#560]
02:31:41.145 [main] DEBUG o.h.engine.internal.TwoPhaseLoad - Resolving associations for [edu.ncsu.csc.itrust2.models.persistent.Drug#557]
02:31:41.145 [main] DEBUG o.h.engine.internal.TwoPhaseLoad - Done materializing entity [edu.ncsu.csc.itrust2.models.persistent.Drug#557]
02:31:41.145 [main] DEBUG o.h.engine.internal.TwoPhaseLoad - Resolving associations for [edu.ncsu.csc.itrust2.models.persistent.Drug#560]
02:31:41.146 [main] DEBUG o.h.engine.internal.TwoPhaseLoad - Done materializing entity [edu.ncsu.csc.itrust2.models.persistent.Drug#560]
02:31:41.146 [main] DEBUG o.h.e.t.internal.TransactionImpl - committing
02:31:41.147 [main] DEBUG o.h.e.i.AbstractFlushingEventListener - Processing flush-time cascades
02:31:41.147 [main] DEBUG o.h.e.i.AbstractFlushingEventListener - Dirty checking collections
02:31:41.147 [main] DEBUG o.h.e.i.AbstractFlushingEventListener - Flushed: 0 insertions, 0 updates, 0 deletions to 2 objects
02:31:41.147 [main] DEBUG o.h.e.i.AbstractFlushingEventListener - Flushed: 0 (re)creations, 0 updates, 0 removals to 0 collections
02:31:41.147 [main] DEBUG o.h.internal.util.EntityPrinter - Listing entities:
02:31:41.148 [main] DEBUG o.h.internal.util.EntityPrinter - edu.ncsu.csc.itrust2.models.persistent.Drug{code=0000-0000-00, name=TEST1, description=DESC1, id=557}
02:31:41.148 [main] DEBUG o.h.internal.util.EntityPrinter - edu.ncsu.csc.itrust2.models.persistent.Drug{code=0000-0000-01, name=TEST2, description=Desc2, id=560}
02:31:41.151 [main] DEBUG o.s.w.s.m.m.a.RequestResponseBodyMethodProcessor - Written [[edu.ncsu.csc.itrust2.models.persistent.Drug@70903481, edu.ncsu.csc.itrust2.models.persistent.Drug@570bc67c]] as "application/json" using [org.springframework.http.converter.json.GsonHttpMessageConverter@5c2b5dfa]
02:31:41.151 [main] DEBUG o.s.t.w.s.TestDispatcherServlet - Null ModelAndView returned to DispatcherServlet with name '': assuming HandlerAdapter completed request handling
02:31:41.151 [main] DEBUG o.s.t.w.s.TestDispatcherServlet - Successfully completed request
02:31:41.192 [main] DEBUG o.s.t.w.s.TestDispatcherServlet - DispatcherServlet with name '' processing PUT request for [/api/v1/drugs]
02:31:41.193 [main] DEBUG o.s.w.s.m.m.a.RequestMappingHandlerMapping - Looking up handler method for path /api/v1/drugs
02:31:41.196 [main] DEBUG o.s.w.s.m.m.a.RequestMappingHandlerMapping - Returning handler method [public org.springframework.http.ResponseEntity edu.ncsu.csc.itrust2.controllers.api.APIDrugController.editDrug(edu.ncsu.csc.itrust2.forms.admin.DrugForm)]
02:31:41.196 [main] DEBUG o.s.b.f.s.DefaultListableBeanFactory - Returning cached instance of singleton bean 'APIDrugController'
02:31:41.198 [main] DEBUG o.s.w.s.m.m.a.RequestResponseBodyMethodProcessor - Read [class edu.ncsu.csc.itrust2.forms.admin.DrugForm] as "application/json" with [org.springframework.http.converter.json.GsonHttpMessageConverter@5c2b5dfa]
02:31:41.203 [main] DEBUG o.s.s.a.i.a.MethodSecurityInterceptor - Secure object: ReflectiveMethodInvocation: public org.springframework.http.ResponseEntity edu.ncsu.csc.itrust2.controllers.api.APIDrugController.editDrug(edu.ncsu.csc.itrust2.forms.admin.DrugForm); target is of class [edu.ncsu.csc.itrust2.controllers.api.APIDrugController]; Attributes: [[authorize: 'hasRole('ROLE_ADMIN')', filter: 'null', filterTarget: 'null']]
02:31:41.203 [main] DEBUG o.s.s.a.i.a.MethodSecurityInterceptor - Previously Authenticated: org.springframework.security.authentication.UsernamePasswordAuthenticationToken@b64e8dc2: Principal: org.springframework.security.core.userdetails.User@586034f: Username: admin; Password: [PROTECTED]; Enabled: true; AccountNonExpired: true; credentialsNonExpired: true; AccountNonLocked: true; Granted Authorities: ROLE_ADMIN,ROLE_USER; Credentials: [PROTECTED]; Authenticated: true; Details: null; Granted Authorities: ROLE_ADMIN, ROLE_USER
02:31:41.204 [main] DEBUG o.s.s.access.vote.AffirmativeBased - Voter: org.springframework.security.access.prepost.PreInvocationAuthorizationAdviceVoter@60410abb, returned: 1
02:31:41.204 [main] DEBUG o.s.s.a.i.a.MethodSecurityInterceptor - Authorization successful
02:31:41.204 [main] DEBUG o.s.s.a.i.a.MethodSecurityInterceptor - RunAsManager did not change Authentication object
02:31:41.204 [main] DEBUG o.h.e.t.internal.TransactionImpl - begin
02:31:41.206 [main] DEBUG org.hibernate.SQL - select this_.id as id1_3_0_, this_.code as code2_3_0_, this_.description as descript3_3_0_, this_.name as name4_3_0_ from Drugs this_ where this_.id=?
Hibernate: select this_.id as id1_3_0_, this_.code as code2_3_0_, this_.description as descript3_3_0_, this_.name as name4_3_0_ from Drugs this_ where this_.id=?
02:31:41.207 [main] DEBUG org.hibernate.loader.Loader - Result set row: 0
02:31:41.209 [main] DEBUG org.hibernate.loader.Loader - Result row: EntityKey[edu.ncsu.csc.itrust2.models.persistent.Drug#557]
02:31:41.210 [main] DEBUG o.h.engine.internal.TwoPhaseLoad - Resolving associations for [edu.ncsu.csc.itrust2.models.persistent.Drug#557]
02:31:41.210 [main] DEBUG o.h.engine.internal.TwoPhaseLoad - Done materializing entity [edu.ncsu.csc.itrust2.models.persistent.Drug#557]
02:31:41.210 [main] DEBUG o.h.e.t.internal.TransactionImpl - committing
02:31:41.210 [main] DEBUG o.h.e.i.AbstractFlushingEventListener - Processing flush-time cascades
02:31:41.210 [main] DEBUG o.h.e.i.AbstractFlushingEventListener - Dirty checking collections
02:31:41.210 [main] DEBUG o.h.e.i.AbstractFlushingEventListener - Flushed: 0 insertions, 0 updates, 0 deletions to 1 objects
02:31:41.210 [main] DEBUG o.h.e.i.AbstractFlushingEventListener - Flushed: 0 (re)creations, 0 updates, 0 removals to 0 collections
02:31:41.210 [main] DEBUG o.h.internal.util.EntityPrinter - Listing entities:
02:31:41.210 [main] DEBUG o.h.internal.util.EntityPrinter - edu.ncsu.csc.itrust2.models.persistent.Drug{code=0000-0000-00, name=TEST1, description=DESC1, id=557}
02:31:41.212 [main] DEBUG o.s.w.s.m.m.a.HttpEntityMethodProcessor - Written [{"status":"failed","message":"No drug found with code 0000-0000-00"}] as "text/plain" using [org.springframework.http.converter.StringHttpMessageConverter@50a5b9b5]
02:31:41.219 [main] DEBUG o.s.t.w.s.TestDispatcherServlet - Null ModelAndView returned to DispatcherServlet with name '': assuming HandlerAdapter completed request handling
02:31:41.219 [main] DEBUG o.s.t.w.s.TestDispatcherServlet - Successfully completed request
02:31:41.220 [main] DEBUG o.s.t.c.s.AbstractDirtiesContextTestExecutionListener - After test method: context [DefaultTestContext@48ab3586 testClass = APIDrugTest, testInstance = edu.ncsu.csc.itrust2.apitest.APIDrugTest@7383723c, testMethod = testDrugAPI@APIDrugTest, testException = java.lang.AssertionError: Status expected:<200> but was:<404>, mergedContextConfiguration = [WebMergedContextConfiguration@5719440e testClass = APIDrugTest, locations = '{}', classes = '{class edu.ncsu.csc.itrust2.config.RootConfiguration, class edu.ncsu.csc.itrust2.mvc.config.WebMvcConfiguration}', contextInitializerClasses = '[]', activeProfiles = '{}', propertySourceLocations = '{}', propertySourceProperties = '{}', contextCustomizers = set[[empty]], resourceBasePath = 'src/main/webapp', contextLoader = 'org.springframework.test.context.web.WebDelegatingSmartContextLoader', parent = [null]]], class annotated with @DirtiesContext [false] with mode [null], method annotated with @DirtiesContext [false] with mode [null].
02:31:41.220 [main] DEBUG o.s.t.c.w.ServletTestExecutionListener - Resetting RequestContextHolder for test context [DefaultTestContext@48ab3586 testClass = APIDrugTest, testInstance = edu.ncsu.csc.itrust2.apitest.APIDrugTest@7383723c, testMethod = testDrugAPI@APIDrugTest, testException = java.lang.AssertionError: Status expected:<200> but was:<404>, mergedContextConfiguration = [WebMergedContextConfiguration@5719440e testClass = APIDrugTest, locations = '{}', classes = '{class edu.ncsu.csc.itrust2.config.RootConfiguration, class edu.ncsu.csc.itrust2.mvc.config.WebMvcConfiguration}', contextInitializerClasses = '[]', activeProfiles = '{}', propertySourceLocations = '{}', propertySourceProperties = '{}', contextCustomizers = set[[empty]], resourceBasePath = 'src/main/webapp', contextLoader = 'org.springframework.test.context.web.WebDelegatingSmartContextLoader', parent = [null]]].
]]></system-out>
    <system-err><![CDATA[Wed Mar 21 02:31:40 UTC 2018 WARN: Establishing SSL connection without server's identity verification is not recommended. According to MySQL 5.5.45+, 5.6.26+ and 5.7.6+ requirements SSL connection must be established by default if explicit option isn't set. For compliance with existing applications not using SSL the verifyServerCertificate property is set to 'false'. You need either to explicitly disable SSL by setting useSSL=false, or set useSSL=true and provide truststore for server certificate verification.
]]></system-err>
  </testcase>
</testsuite>