<?xml version='1.1' encoding='UTF-8'?>
<result plugin="junit@1.24">
  <suites>
    <suite>
      <file>/var/lib/jenkins/workspace/iTrust-Fuzz-Job/iTrust2-v2/iTrust/iTrust2/target/surefire-reports/TEST-edu.ncsu.csc.itrust2.apitest.APIAppointmentRequestTest.xml</file>
      <name>edu.ncsu.csc.itrust2.apitest.APIAppointmentRequestTest</name>
      <duration>0.015</duration>
      <time>0.015</time>
      <enclosingBlocks/>
      <enclosingBlockNames/>
      <cases>
        <case>
          <duration>0.012</duration>
          <className>edu.ncsu.csc.itrust2.apitest.APIAppointmentRequestTest</className>
          <testName>testCreateBadAppointmentRequest</testName>
          <skipped>false</skipped>
          <failedSince>0</failedSince>
        </case>
        <case>
          <duration>0.002</duration>
          <className>edu.ncsu.csc.itrust2.apitest.APIAppointmentRequestTest</className>
          <testName>testAppointmentRequestAPI</testName>
          <skipped>false</skipped>
          <failedSince>0</failedSince>
        </case>
        <case>
          <duration>0.0</duration>
          <className>edu.ncsu.csc.itrust2.apitest.APIAppointmentRequestTest</className>
          <testName>testDeleteNonExistentAppointment</testName>
          <skipped>false</skipped>
          <failedSince>0</failedSince>
        </case>
        <case>
          <duration>0.001</duration>
          <className>edu.ncsu.csc.itrust2.apitest.APIAppointmentRequestTest</className>
          <testName>testGetNonExistentAppointment</testName>
          <skipped>false</skipped>
          <errorStackTrace>org.springframework.web.util.NestedServletException: Request processing failed; nested exception is java.lang.NullPointerException
	at edu.ncsu.csc.itrust2.apitest.APIAppointmentRequestTest.testGetNonExistentAppointment(APIAppointmentRequestTest.java:63)
Caused by: java.lang.NullPointerException
	at edu.ncsu.csc.itrust2.apitest.APIAppointmentRequestTest.testGetNonExistentAppointment(APIAppointmentRequestTest.java:63)
</errorStackTrace>
          <errorDetails>Request processing failed; nested exception is java.lang.NullPointerException</errorDetails>
          <stdout>04:58:00.983 [main] DEBUG o.s.t.annotation.ProfileValueUtils - Retrieved @ProfileValueSourceConfiguration [null] for test class [edu.ncsu.csc.itrust2.apitest.APIAppointmentRequestTest]
04:58:00.983 [main] DEBUG o.s.t.annotation.ProfileValueUtils - Retrieved ProfileValueSource type [class org.springframework.test.annotation.SystemProfileValueSource] for class [edu.ncsu.csc.itrust2.apitest.APIAppointmentRequestTest]
04:58:00.985 [main] DEBUG o.s.t.c.c.DefaultCacheAwareContextLoaderDelegate - Retrieved ApplicationContext from cache with key [[WebMergedContextConfiguration@594feebd testClass = APIAppointmentRequestTest, locations = &apos;{}&apos;, classes = &apos;{class edu.ncsu.csc.itrust2.config.RootConfiguration, class edu.ncsu.csc.itrust2.mvc.config.WebMvcConfiguration}&apos;, contextInitializerClasses = &apos;[]&apos;, activeProfiles = &apos;{}&apos;, propertySourceLocations = &apos;{}&apos;, propertySourceProperties = &apos;{}&apos;, contextCustomizers = set[[empty]], resourceBasePath = &apos;src/main/webapp&apos;, contextLoader = &apos;org.springframework.test.context.web.WebDelegatingSmartContextLoader&apos;, parent = [null]]]
04:58:00.985 [main] DEBUG o.springframework.test.context.cache - Spring test ApplicationContext cache statistics: [DefaultContextCache@3bc22ada size = 1, maxSize = 32, parentContextCount = 0, hitCount = 53, missCount = 1]
04:58:00.986 [main] DEBUG o.s.t.c.w.ServletTestExecutionListener - Setting up MockHttpServletRequest, MockHttpServletResponse, ServletWebRequest, and RequestContextHolder for test context [DefaultTestContext@64234cee testClass = APIAppointmentRequestTest, testInstance = edu.ncsu.csc.itrust2.apitest.APIAppointmentRequestTest@6c0178a2, testMethod = [null], testException = [null], mergedContextConfiguration = [WebMergedContextConfiguration@594feebd testClass = APIAppointmentRequestTest, locations = &apos;{}&apos;, classes = &apos;{class edu.ncsu.csc.itrust2.config.RootConfiguration, class edu.ncsu.csc.itrust2.mvc.config.WebMvcConfiguration}&apos;, contextInitializerClasses = &apos;[]&apos;, activeProfiles = &apos;{}&apos;, propertySourceLocations = &apos;{}&apos;, propertySourceProperties = &apos;{}&apos;, contextCustomizers = set[[empty]], resourceBasePath = &apos;src/main/webapp&apos;, contextLoader = &apos;org.springframework.test.context.web.WebDelegatingSmartContextLoader&apos;, parent = [null]]].
04:58:00.986 [main] DEBUG o.s.t.c.s.DependencyInjectionTestExecutionListener - Performing dependency injection for test context [[DefaultTestContext@64234cee testClass = APIAppointmentRequestTest, testInstance = edu.ncsu.csc.itrust2.apitest.APIAppointmentRequestTest@6c0178a2, testMethod = [null], testException = [null], mergedContextConfiguration = [WebMergedContextConfiguration@594feebd testClass = APIAppointmentRequestTest, locations = &apos;{}&apos;, classes = &apos;{class edu.ncsu.csc.itrust2.config.RootConfiguration, class edu.ncsu.csc.itrust2.mvc.config.WebMvcConfiguration}&apos;, contextInitializerClasses = &apos;[]&apos;, activeProfiles = &apos;{}&apos;, propertySourceLocations = &apos;{}&apos;, propertySourceProperties = &apos;{}&apos;, contextCustomizers = set[[empty]], resourceBasePath = &apos;src/main/webapp&apos;, contextLoader = &apos;org.springframework.test.context.web.WebDelegatingSmartContextLoader&apos;, parent = [null]]]].
04:58:00.986 [main] DEBUG o.s.t.c.c.DefaultCacheAwareContextLoaderDelegate - Retrieved ApplicationContext from cache with key [[WebMergedContextConfiguration@594feebd testClass = APIAppointmentRequestTest, locations = &apos;{}&apos;, classes = &apos;{class edu.ncsu.csc.itrust2.config.RootConfiguration, class edu.ncsu.csc.itrust2.mvc.config.WebMvcConfiguration}&apos;, contextInitializerClasses = &apos;[]&apos;, activeProfiles = &apos;{}&apos;, propertySourceLocations = &apos;{}&apos;, propertySourceProperties = &apos;{}&apos;, contextCustomizers = set[[empty]], resourceBasePath = &apos;src/main/webapp&apos;, contextLoader = &apos;org.springframework.test.context.web.WebDelegatingSmartContextLoader&apos;, parent = [null]]]
04:58:00.986 [main] DEBUG o.springframework.test.context.cache - Spring test ApplicationContext cache statistics: [DefaultContextCache@3bc22ada size = 1, maxSize = 32, parentContextCount = 0, hitCount = 54, missCount = 1]
04:58:00.987 [main] DEBUG o.s.b.f.annotation.InjectionMetadata - Processing injected element of bean &apos;edu.ncsu.csc.itrust2.apitest.APIAppointmentRequestTest&apos;: AutowiredFieldElement for private org.springframework.web.context.WebApplicationContext edu.ncsu.csc.itrust2.apitest.APIAppointmentRequestTest.context
04:58:00.987 [main] DEBUG o.s.t.c.s.AbstractDirtiesContextTestExecutionListener - Before test method: context [DefaultTestContext@64234cee testClass = APIAppointmentRequestTest, testInstance = edu.ncsu.csc.itrust2.apitest.APIAppointmentRequestTest@6c0178a2, testMethod = testGetNonExistentAppointment@APIAppointmentRequestTest, testException = [null], mergedContextConfiguration = [WebMergedContextConfiguration@594feebd testClass = APIAppointmentRequestTest, locations = &apos;{}&apos;, classes = &apos;{class edu.ncsu.csc.itrust2.config.RootConfiguration, class edu.ncsu.csc.itrust2.mvc.config.WebMvcConfiguration}&apos;, contextInitializerClasses = &apos;[]&apos;, activeProfiles = &apos;{}&apos;, propertySourceLocations = &apos;{}&apos;, propertySourceProperties = &apos;{}&apos;, contextCustomizers = set[[empty]], resourceBasePath = &apos;src/main/webapp&apos;, contextLoader = &apos;org.springframework.test.context.web.WebDelegatingSmartContextLoader&apos;, parent = [null]]], class annotated with @DirtiesContext [false] with mode [null], method annotated with @DirtiesContext [false] with mode [null].
04:58:00.987 [main] DEBUG o.s.t.w.s.TestDispatcherServlet - Initializing servlet &apos;&apos;
04:58:00.988 [main] DEBUG o.s.w.c.s.StandardServletEnvironment - Adding [servletConfigInitParams] PropertySource with lowest search precedence
04:58:00.988 [main] DEBUG o.s.w.c.s.StandardServletEnvironment - Adding [servletContextInitParams] PropertySource with lowest search precedence
04:58:00.988 [main] DEBUG o.s.w.c.s.StandardServletEnvironment - Adding [systemProperties] PropertySource with lowest search precedence
04:58:00.988 [main] DEBUG o.s.w.c.s.StandardServletEnvironment - Adding [systemEnvironment] PropertySource with lowest search precedence
04:58:00.988 [main] DEBUG o.s.w.c.s.StandardServletEnvironment - Initialized StandardServletEnvironment with PropertySources [servletConfigInitParams,servletContextInitParams,systemProperties,systemEnvironment]
04:58:00.988 [main] INFO  o.s.mock.web.MockServletContext - Initializing Spring FrameworkServlet &apos;&apos;
04:58:00.988 [main] INFO  o.s.t.w.s.TestDispatcherServlet - FrameworkServlet &apos;&apos;: initialization started
04:58:00.988 [main] DEBUG o.s.t.w.s.TestDispatcherServlet - Unable to locate MultipartResolver with name &apos;multipartResolver&apos;: no multipart request handling provided
04:58:00.988 [main] DEBUG o.s.b.f.s.DefaultListableBeanFactory - Creating instance of bean &apos;org.springframework.web.servlet.i18n.AcceptHeaderLocaleResolver&apos;
04:58:00.988 [main] DEBUG o.s.b.f.s.DefaultListableBeanFactory - Finished creating instance of bean &apos;org.springframework.web.servlet.i18n.AcceptHeaderLocaleResolver&apos;
04:58:00.988 [main] DEBUG o.s.t.w.s.TestDispatcherServlet - Unable to locate LocaleResolver with name &apos;localeResolver&apos;: using default [org.springframework.web.servlet.i18n.AcceptHeaderLocaleResolver@72f7c7e5]
04:58:00.988 [main] DEBUG o.s.b.f.s.DefaultListableBeanFactory - Creating instance of bean &apos;org.springframework.web.servlet.theme.FixedThemeResolver&apos;
04:58:00.994 [main] DEBUG o.s.b.f.s.DefaultListableBeanFactory - Finished creating instance of bean &apos;org.springframework.web.servlet.theme.FixedThemeResolver&apos;
04:58:00.995 [main] DEBUG o.s.t.w.s.TestDispatcherServlet - Unable to locate ThemeResolver with name &apos;themeResolver&apos;: using default [org.springframework.web.servlet.theme.FixedThemeResolver@14575329]
04:58:00.995 [main] DEBUG o.s.b.f.s.DefaultListableBeanFactory - Returning cached instance of singleton bean &apos;requestMappingHandlerMapping&apos;
04:58:00.995 [main] DEBUG o.s.b.f.s.DefaultListableBeanFactory - Returning cached instance of singleton bean &apos;viewControllerHandlerMapping&apos;
04:58:00.995 [main] DEBUG o.s.b.f.s.DefaultListableBeanFactory - Returning cached instance of singleton bean &apos;beanNameHandlerMapping&apos;
04:58:00.995 [main] DEBUG o.s.b.f.s.DefaultListableBeanFactory - Returning cached instance of singleton bean &apos;resourceHandlerMapping&apos;
04:58:00.995 [main] DEBUG o.s.b.f.s.DefaultListableBeanFactory - Returning cached instance of singleton bean &apos;defaultServletHandlerMapping&apos;
04:58:00.995 [main] DEBUG o.s.b.f.s.DefaultListableBeanFactory - Returning cached instance of singleton bean &apos;requestMappingHandlerAdapter&apos;
04:58:00.995 [main] DEBUG o.s.b.f.s.DefaultListableBeanFactory - Returning cached instance of singleton bean &apos;httpRequestHandlerAdapter&apos;
04:58:00.995 [main] DEBUG o.s.b.f.s.DefaultListableBeanFactory - Returning cached instance of singleton bean &apos;simpleControllerHandlerAdapter&apos;
04:58:00.996 [main] DEBUG o.s.b.f.s.DefaultListableBeanFactory - Returning cached instance of singleton bean &apos;handlerExceptionResolver&apos;
04:58:00.996 [main] DEBUG o.s.b.f.s.DefaultListableBeanFactory - Creating instance of bean &apos;org.springframework.web.servlet.view.DefaultRequestToViewNameTranslator&apos;
04:58:00.996 [main] DEBUG o.s.b.f.s.DefaultListableBeanFactory - Finished creating instance of bean &apos;org.springframework.web.servlet.view.DefaultRequestToViewNameTranslator&apos;
04:58:00.996 [main] DEBUG o.s.t.w.s.TestDispatcherServlet - Unable to locate RequestToViewNameTranslator with name &apos;viewNameTranslator&apos;: using default [org.springframework.web.servlet.view.DefaultRequestToViewNameTranslator@73f4fd69]
04:58:00.996 [main] DEBUG o.s.b.f.s.DefaultListableBeanFactory - Returning cached instance of singleton bean &apos;mvcViewResolver&apos;
04:58:00.996 [main] DEBUG o.s.b.f.s.DefaultListableBeanFactory - Returning cached instance of singleton bean &apos;viewResolver&apos;
04:58:00.996 [main] DEBUG o.s.b.f.s.DefaultListableBeanFactory - Creating instance of bean &apos;org.springframework.web.servlet.support.SessionFlashMapManager&apos;
04:58:00.997 [main] DEBUG o.s.b.f.s.DefaultListableBeanFactory - Finished creating instance of bean &apos;org.springframework.web.servlet.support.SessionFlashMapManager&apos;
04:58:00.997 [main] DEBUG o.s.t.w.s.TestDispatcherServlet - Unable to locate FlashMapManager with name &apos;flashMapManager&apos;: using default [org.springframework.web.servlet.support.SessionFlashMapManager@5288c9c7]
04:58:00.997 [main] DEBUG o.s.t.w.s.TestDispatcherServlet - Published WebApplicationContext of servlet &apos;&apos; as ServletContext attribute with name [org.springframework.web.servlet.FrameworkServlet.CONTEXT.]
04:58:00.997 [main] INFO  o.s.t.w.s.TestDispatcherServlet - FrameworkServlet &apos;&apos;: initialization completed in 9 ms
04:58:00.997 [main] DEBUG o.s.t.w.s.TestDispatcherServlet - Servlet &apos;&apos; configured successfully
04:58:00.999 [main] DEBUG o.s.t.w.s.TestDispatcherServlet - DispatcherServlet with name &apos;&apos; processing GET request for [/api/v1/appointmentrequests/-1]
04:58:01.000 [main] DEBUG o.s.w.s.m.m.a.RequestMappingHandlerMapping - Looking up handler method for path /api/v1/appointmentrequests/-1
04:58:01.001 [main] DEBUG o.s.w.s.m.m.a.RequestMappingHandlerMapping - Returning handler method [public org.springframework.http.ResponseEntity edu.ncsu.csc.itrust2.controllers.api.APIAppointmentRequestController.getAppointmentRequest(java.lang.Long)]
04:58:01.001 [main] DEBUG o.s.b.f.s.DefaultListableBeanFactory - Returning cached instance of singleton bean &apos;APIAppointmentRequestController&apos;
04:58:01.001 [main] DEBUG o.s.t.w.s.TestDispatcherServlet - Last-Modified value for [/api/v1/appointmentrequests/-1] is: -1
04:58:01.001 [main] DEBUG o.h.e.t.internal.TransactionImpl - begin
04:58:01.002 [main] DEBUG org.hibernate.SQL - select this_.id as id1_0_2_, this_.comments as comments2_0_2_, this_.date as date3_0_2_, this_.hcp_id as hcp_id6_0_2_, this_.patient_id as patient_7_0_2_, this_.status as status4_0_2_, this_.type as type5_0_2_, user2_.username as username1_15_0_, user2_.enabled as enabled2_15_0_, user2_.password as password3_15_0_, user2_.role as role4_15_0_, user3_.username as username1_15_1_, user3_.enabled as enabled2_15_1_, user3_.password as password3_15_1_, user3_.role as role4_15_1_ from AppointmentRequests this_ inner join Users user2_ on this_.hcp_id=user2_.username inner join Users user3_ on this_.patient_id=user3_.username where this_.id=?
Hibernate: select this_.id as id1_0_2_, this_.comments as comments2_0_2_, this_.date as date3_0_2_, this_.hcp_id as hcp_id6_0_2_, this_.patient_id as patient_7_0_2_, this_.status as status4_0_2_, this_.type as type5_0_2_, user2_.username as username1_15_0_, user2_.enabled as enabled2_15_0_, user2_.password as password3_15_0_, user2_.role as role4_15_0_, user3_.username as username1_15_1_, user3_.enabled as enabled2_15_1_, user3_.password as password3_15_1_, user3_.role as role4_15_1_ from AppointmentRequests this_ inner join Users user2_ on this_.hcp_id=user2_.username inner join Users user3_ on this_.patient_id=user3_.username where this_.id=?
04:58:01.003 [main] DEBUG o.h.e.t.internal.TransactionImpl - committing
04:58:01.005 [main] DEBUG o.s.w.s.m.m.a.ExceptionHandlerExceptionResolver - Resolving exception from handler [public org.springframework.http.ResponseEntity edu.ncsu.csc.itrust2.controllers.api.APIAppointmentRequestController.getAppointmentRequest(java.lang.Long)]: java.lang.NullPointerException
04:58:01.008 [main] DEBUG o.s.w.s.m.a.ResponseStatusExceptionResolver - Resolving exception from handler [public org.springframework.http.ResponseEntity edu.ncsu.csc.itrust2.controllers.api.APIAppointmentRequestController.getAppointmentRequest(java.lang.Long)]: java.lang.NullPointerException
04:58:01.008 [main] DEBUG o.s.w.s.m.s.DefaultHandlerExceptionResolver - Resolving exception from handler [public org.springframework.http.ResponseEntity edu.ncsu.csc.itrust2.controllers.api.APIAppointmentRequestController.getAppointmentRequest(java.lang.Long)]: java.lang.NullPointerException
04:58:01.011 [main] DEBUG o.s.t.w.s.TestDispatcherServlet - Could not complete request
java.lang.NullPointerException: null
	at edu.ncsu.csc.itrust2.controllers.api.APIAppointmentRequestController.getAppointmentRequest(APIAppointmentRequestController.java:58) ~[classes/:na]
	at sun.reflect.NativeMethodAccessorImpl.invoke0(Native Method) ~[na:1.8.0_161]
	at sun.reflect.NativeMethodAccessorImpl.invoke(NativeMethodAccessorImpl.java:62) ~[na:1.8.0_161]
	at sun.reflect.DelegatingMethodAccessorImpl.invoke(DelegatingMethodAccessorImpl.java:43) ~[na:1.8.0_161]
	at java.lang.reflect.Method.invoke(Method.java:498) ~[na:1.8.0_161]
	at org.springframework.web.method.support.InvocableHandlerMethod.doInvoke(InvocableHandlerMethod.java:220) ~[spring-web-4.3.5.RELEASE.jar:4.3.5.RELEASE]
	at org.springframework.web.method.support.InvocableHandlerMethod.invokeForRequest(InvocableHandlerMethod.java:134) ~[spring-web-4.3.5.RELEASE.jar:4.3.5.RELEASE]
	at org.springframework.web.servlet.mvc.method.annotation.ServletInvocableHandlerMethod.invokeAndHandle(ServletInvocableHandlerMethod.java:116) ~[spring-webmvc-4.3.5.RELEASE.jar:4.3.5.RELEASE]
	at org.springframework.web.servlet.mvc.method.annotation.RequestMappingHandlerAdapter.invokeHandlerMethod(RequestMappingHandlerAdapter.java:827) ~[spring-webmvc-4.3.5.RELEASE.jar:4.3.5.RELEASE]
	at org.springframework.web.servlet.mvc.method.annotation.RequestMappingHandlerAdapter.handleInternal(RequestMappingHandlerAdapter.java:738) ~[spring-webmvc-4.3.5.RELEASE.jar:4.3.5.RELEASE]
	at org.springframework.web.servlet.mvc.method.AbstractHandlerMethodAdapter.handle(AbstractHandlerMethodAdapter.java:85) ~[spring-webmvc-4.3.5.RELEASE.jar:4.3.5.RELEASE]
	at org.springframework.web.servlet.DispatcherServlet.doDispatch(DispatcherServlet.java:963) ~[spring-webmvc-4.3.5.RELEASE.jar:4.3.5.RELEASE]
	at org.springframework.web.servlet.DispatcherServlet.doService(DispatcherServlet.java:897) ~[spring-webmvc-4.3.5.RELEASE.jar:4.3.5.RELEASE]
	at org.springframework.web.servlet.FrameworkServlet.processRequest(FrameworkServlet.java:970) [spring-webmvc-4.3.5.RELEASE.jar:4.3.5.RELEASE]
	at org.springframework.web.servlet.FrameworkServlet.doGet(FrameworkServlet.java:861) [spring-webmvc-4.3.5.RELEASE.jar:4.3.5.RELEASE]
	at javax.servlet.http.HttpServlet.service(HttpServlet.java:668) [javax.servlet-api-3.0.1.jar:3.0.1]
	at org.springframework.web.servlet.FrameworkServlet.service(FrameworkServlet.java:846) [spring-webmvc-4.3.5.RELEASE.jar:4.3.5.RELEASE]
	at org.springframework.test.web.servlet.TestDispatcherServlet.service(TestDispatcherServlet.java:65) [spring-test-4.3.5.RELEASE.jar:4.3.5.RELEASE]
	at javax.servlet.http.HttpServlet.service(HttpServlet.java:770) [javax.servlet-api-3.0.1.jar:3.0.1]
	at org.springframework.mock.web.MockFilterChain$ServletFilterProxy.doFilter(MockFilterChain.java:167) [spring-test-4.3.5.RELEASE.jar:4.3.5.RELEASE]
	at org.springframework.mock.web.MockFilterChain.doFilter(MockFilterChain.java:134) [spring-test-4.3.5.RELEASE.jar:4.3.5.RELEASE]
	at org.springframework.test.web.servlet.MockMvc.perform(MockMvc.java:155) [spring-test-4.3.5.RELEASE.jar:4.3.5.RELEASE]
	at edu.ncsu.csc.itrust2.apitest.APIAppointmentRequestTest.testGetNonExistentAppointment(APIAppointmentRequestTest.java:63) [test-classes/:na]
	at sun.reflect.NativeMethodAccessorImpl.invoke0(Native Method) ~[na:1.8.0_161]
	at sun.reflect.NativeMethodAccessorImpl.invoke(NativeMethodAccessorImpl.java:62) ~[na:1.8.0_161]
	at sun.reflect.DelegatingMethodAccessorImpl.invoke(DelegatingMethodAccessorImpl.java:43) ~[na:1.8.0_161]
	at java.lang.reflect.Method.invoke(Method.java:498) ~[na:1.8.0_161]
	at org.junit.runners.model.FrameworkMethod$1.runReflectiveCall(FrameworkMethod.java:50) [junit-4.12.jar:4.12]
	at org.junit.internal.runners.model.ReflectiveCallable.run(ReflectiveCallable.java:12) [junit-4.12.jar:4.12]
	at org.junit.runners.model.FrameworkMethod.invokeExplosively(FrameworkMethod.java:47) [junit-4.12.jar:4.12]
	at org.junit.internal.runners.statements.InvokeMethod.evaluate(InvokeMethod.java:17) [junit-4.12.jar:4.12]
	at org.junit.internal.runners.statements.RunBefores.evaluate(RunBefores.java:26) [junit-4.12.jar:4.12]
	at org.springframework.test.context.junit4.statements.RunBeforeTestMethodCallbacks.evaluate(RunBeforeTestMethodCallbacks.java:75) [spring-test-4.3.5.RELEASE.jar:4.3.5.RELEASE]
	at org.springframework.test.context.junit4.statements.RunAfterTestMethodCallbacks.evaluate(RunAfterTestMethodCallbacks.java:86) [spring-test-4.3.5.RELEASE.jar:4.3.5.RELEASE]
	at org.springframework.test.context.junit4.statements.SpringRepeat.evaluate(SpringRepeat.java:84) [spring-test-4.3.5.RELEASE.jar:4.3.5.RELEASE]
	at org.junit.runners.ParentRunner.runLeaf(ParentRunner.java:325) [junit-4.12.jar:4.12]
	at org.springframework.test.context.junit4.SpringJUnit4ClassRunner.runChild(SpringJUnit4ClassRunner.java:252) [spring-test-4.3.5.RELEASE.jar:4.3.5.RELEASE]
	at org.springframework.test.context.junit4.SpringJUnit4ClassRunner.runChild(SpringJUnit4ClassRunner.java:94) [spring-test-4.3.5.RELEASE.jar:4.3.5.RELEASE]
	at org.junit.runners.ParentRunner$3.run(ParentRunner.java:290) [junit-4.12.jar:4.12]
	at org.junit.runners.ParentRunner$1.schedule(ParentRunner.java:71) [junit-4.12.jar:4.12]
	at org.junit.runners.ParentRunner.runChildren(ParentRunner.java:288) [junit-4.12.jar:4.12]
	at org.junit.runners.ParentRunner.access$000(ParentRunner.java:58) [junit-4.12.jar:4.12]
	at org.junit.runners.ParentRunner$2.evaluate(ParentRunner.java:268) [junit-4.12.jar:4.12]
	at org.springframework.test.context.junit4.statements.RunBeforeTestClassCallbacks.evaluate(RunBeforeTestClassCallbacks.java:61) [spring-test-4.3.5.RELEASE.jar:4.3.5.RELEASE]
	at org.springframework.test.context.junit4.statements.RunAfterTestClassCallbacks.evaluate(RunAfterTestClassCallbacks.java:70) [spring-test-4.3.5.RELEASE.jar:4.3.5.RELEASE]
	at org.junit.runners.ParentRunner.run(ParentRunner.java:363) [junit-4.12.jar:4.12]
	at org.springframework.test.context.junit4.SpringJUnit4ClassRunner.run(SpringJUnit4ClassRunner.java:191) [spring-test-4.3.5.RELEASE.jar:4.3.5.RELEASE]
	at org.apache.maven.surefire.junit4.JUnit4Provider.execute(JUnit4Provider.java:365) [surefire-junit4-2.20.jar:2.20]
	at org.apache.maven.surefire.junit4.JUnit4Provider.executeWithRerun(JUnit4Provider.java:272) [surefire-junit4-2.20.jar:2.20]
	at org.apache.maven.surefire.junit4.JUnit4Provider.executeTestSet(JUnit4Provider.java:236) [surefire-junit4-2.20.jar:2.20]
	at org.apache.maven.surefire.junit4.JUnit4Provider.invoke(JUnit4Provider.java:159) [surefire-junit4-2.20.jar:2.20]
	at org.apache.maven.surefire.booter.ForkedBooter.invokeProviderInSameClassLoader(ForkedBooter.java:386) [surefire-booter-2.20.jar:2.20]
	at org.apache.maven.surefire.booter.ForkedBooter.runSuitesInProcess(ForkedBooter.java:323) [surefire-booter-2.20.jar:2.20]
	at org.apache.maven.surefire.booter.ForkedBooter.main(ForkedBooter.java:143) [surefire-booter-2.20.jar:2.20]
04:58:01.013 [main] DEBUG o.s.t.c.s.AbstractDirtiesContextTestExecutionListener - After test method: context [DefaultTestContext@64234cee testClass = APIAppointmentRequestTest, testInstance = edu.ncsu.csc.itrust2.apitest.APIAppointmentRequestTest@6c0178a2, testMethod = testGetNonExistentAppointment@APIAppointmentRequestTest, testException = org.springframework.web.util.NestedServletException: Request processing failed; nested exception is java.lang.NullPointerException, mergedContextConfiguration = [WebMergedContextConfiguration@594feebd testClass = APIAppointmentRequestTest, locations = &apos;{}&apos;, classes = &apos;{class edu.ncsu.csc.itrust2.config.RootConfiguration, class edu.ncsu.csc.itrust2.mvc.config.WebMvcConfiguration}&apos;, contextInitializerClasses = &apos;[]&apos;, activeProfiles = &apos;{}&apos;, propertySourceLocations = &apos;{}&apos;, propertySourceProperties = &apos;{}&apos;, contextCustomizers = set[[empty]], resourceBasePath = &apos;src/main/webapp&apos;, contextLoader = &apos;org.springframework.test.context.web.WebDelegatingSmartContextLoader&apos;, parent = [null]]], class annotated with @DirtiesContext [false] with mode [null], method annotated with @DirtiesContext [false] with mode [null].
04:58:01.014 [main] DEBUG o.s.t.c.w.ServletTestExecutionListener - Resetting RequestContextHolder for test context [DefaultTestContext@64234cee testClass = APIAppointmentRequestTest, testInstance = edu.ncsu.csc.itrust2.apitest.APIAppointmentRequestTest@6c0178a2, testMethod = testGetNonExistentAppointment@APIAppointmentRequestTest, testException = org.springframework.web.util.NestedServletException: Request processing failed; nested exception is java.lang.NullPointerException, mergedContextConfiguration = [WebMergedContextConfiguration@594feebd testClass = APIAppointmentRequestTest, locations = &apos;{}&apos;, classes = &apos;{class edu.ncsu.csc.itrust2.config.RootConfiguration, class edu.ncsu.csc.itrust2.mvc.config.WebMvcConfiguration}&apos;, contextInitializerClasses = &apos;[]&apos;, activeProfiles = &apos;{}&apos;, propertySourceLocations = &apos;{}&apos;, propertySourceProperties = &apos;{}&apos;, contextCustomizers = set[[empty]], resourceBasePath = &apos;src/main/webapp&apos;, contextLoader = &apos;org.springframework.test.context.web.WebDelegatingSmartContextLoader&apos;, parent = [null]]].
</stdout>
          <failedSince>8</failedSince>
        </case>
      </cases>
    </suite>
    <suite>
      <file>/var/lib/jenkins/workspace/iTrust-Fuzz-Job/iTrust2-v2/iTrust/iTrust2/target/surefire-reports/TEST-edu.ncsu.csc.itrust2.apitest.APIDiagnosisTest.xml</file>
      <name>edu.ncsu.csc.itrust2.apitest.APIDiagnosisTest</name>
      <duration>0.035</duration>
      <time>0.035</time>
      <enclosingBlocks/>
      <enclosingBlockNames/>
      <cases>
        <case>
          <duration>0.034</duration>
          <className>edu.ncsu.csc.itrust2.apitest.APIDiagnosisTest</className>
          <testName>testDiagnoses</testName>
          <skipped>false</skipped>
          <failedSince>0</failedSince>
        </case>
      </cases>
    </suite>
    <suite>
      <file>/var/lib/jenkins/workspace/iTrust-Fuzz-Job/iTrust2-v2/iTrust/iTrust2/target/surefire-reports/TEST-edu.ncsu.csc.itrust2.apitest.APIDrugTest.xml</file>
      <name>edu.ncsu.csc.itrust2.apitest.APIDrugTest</name>
      <duration>0.003</duration>
      <time>0.003</time>
      <enclosingBlocks/>
      <enclosingBlockNames/>
      <cases>
        <case>
          <duration>0.003</duration>
          <className>edu.ncsu.csc.itrust2.apitest.APIDrugTest</className>
          <testName>testDrugAPI</testName>
          <skipped>false</skipped>
          <failedSince>0</failedSince>
        </case>
      </cases>
    </suite>
    <suite>
      <file>/var/lib/jenkins/workspace/iTrust-Fuzz-Job/iTrust2-v2/iTrust/iTrust2/target/surefire-reports/TEST-edu.ncsu.csc.itrust2.apitest.APIEnumTest.xml</file>
      <name>edu.ncsu.csc.itrust2.apitest.APIEnumTest</name>
      <duration>0.003</duration>
      <time>0.003</time>
      <enclosingBlocks/>
      <enclosingBlockNames/>
      <cases>
        <case>
          <duration>0.002</duration>
          <className>edu.ncsu.csc.itrust2.apitest.APIEnumTest</className>
          <testName>testEnumAPI</testName>
          <skipped>false</skipped>
          <failedSince>0</failedSince>
        </case>
      </cases>
    </suite>
    <suite>
      <file>/var/lib/jenkins/workspace/iTrust-Fuzz-Job/iTrust2-v2/iTrust/iTrust2/target/surefire-reports/TEST-edu.ncsu.csc.itrust2.apitest.APIHospitalTest.xml</file>
      <name>edu.ncsu.csc.itrust2.apitest.APIHospitalTest</name>
      <duration>0.001</duration>
      <time>0.001</time>
      <enclosingBlocks/>
      <enclosingBlockNames/>
      <cases>
        <case>
          <duration>0.0</duration>
          <className>edu.ncsu.csc.itrust2.apitest.APIHospitalTest</className>
          <testName>testGetNonExistentHospital</testName>
          <skipped>false</skipped>
          <failedSince>0</failedSince>
        </case>
        <case>
          <duration>0.001</duration>
          <className>edu.ncsu.csc.itrust2.apitest.APIHospitalTest</className>
          <testName>testHospitalAPI</testName>
          <skipped>false</skipped>
          <failedSince>0</failedSince>
        </case>
      </cases>
    </suite>
    <suite>
      <file>/var/lib/jenkins/workspace/iTrust-Fuzz-Job/iTrust2-v2/iTrust/iTrust2/target/surefire-reports/TEST-edu.ncsu.csc.itrust2.apitest.APIICDCodeTest.xml</file>
      <name>edu.ncsu.csc.itrust2.apitest.APIICDCodeTest</name>
      <duration>0.222</duration>
      <time>0.222</time>
      <enclosingBlocks/>
      <enclosingBlockNames/>
      <cases>
        <case>
          <duration>0.22</duration>
          <className>edu.ncsu.csc.itrust2.apitest.APIICDCodeTest</className>
          <testName>testCodeAPI</testName>
          <skipped>false</skipped>
          <failedSince>0</failedSince>
        </case>
      </cases>
    </suite>
    <suite>
      <file>/var/lib/jenkins/workspace/iTrust-Fuzz-Job/iTrust2-v2/iTrust/iTrust2/target/surefire-reports/TEST-edu.ncsu.csc.itrust2.apitest.APILogEntryTest.xml</file>
      <name>edu.ncsu.csc.itrust2.apitest.APILogEntryTest</name>
      <duration>3.41</duration>
      <time>3.41</time>
      <enclosingBlocks/>
      <enclosingBlockNames/>
      <cases>
        <case>
          <duration>3.404</duration>
          <className>edu.ncsu.csc.itrust2.apitest.APILogEntryTest</className>
          <testName>testLogByDateLarge</testName>
          <skipped>false</skipped>
          <errorStackTrace>java.lang.AssertionError: Status expected:&lt;200&gt; but was:&lt;500&gt;
	at edu.ncsu.csc.itrust2.apitest.APILogEntryTest.testLogByDateLarge(APILogEntryTest.java:104)
</errorStackTrace>
          <errorDetails>Status expected:&lt;200&gt; but was:&lt;500&gt;</errorDetails>
          <stdout>04:57:53.735 [main] DEBUG o.s.t.c.j.SpringJUnit4ClassRunner - SpringJUnit4ClassRunner constructor called with [class edu.ncsu.csc.itrust2.apitest.APILogEntryTest]
04:57:53.739 [main] DEBUG o.s.test.context.BootstrapUtils - Instantiating CacheAwareContextLoaderDelegate from class [org.springframework.test.context.cache.DefaultCacheAwareContextLoaderDelegate]
04:57:53.739 [main] DEBUG o.s.test.context.BootstrapUtils - Instantiating BootstrapContext using constructor [public org.springframework.test.context.support.DefaultBootstrapContext(java.lang.Class,org.springframework.test.context.CacheAwareContextLoaderDelegate)]
04:57:53.741 [main] DEBUG o.s.test.context.BootstrapUtils - Instantiating TestContextBootstrapper for test class [edu.ncsu.csc.itrust2.apitest.APILogEntryTest] from class [org.springframework.test.context.web.WebTestContextBootstrapper]
04:57:53.741 [main] DEBUG o.s.t.c.s.AbstractDelegatingSmartContextLoader - Delegating to AnnotationConfigWebContextLoader to process context configuration [ContextConfigurationAttributes@1c978cd7 declaringClass = &apos;edu.ncsu.csc.itrust2.apitest.APILogEntryTest&apos;, classes = &apos;{class edu.ncsu.csc.itrust2.config.RootConfiguration, class edu.ncsu.csc.itrust2.mvc.config.WebMvcConfiguration}&apos;, locations = &apos;{}&apos;, inheritLocations = true, initializers = &apos;{}&apos;, inheritInitializers = true, name = [null], contextLoaderClass = &apos;org.springframework.test.context.ContextLoader&apos;].
04:57:53.742 [main] DEBUG o.s.t.c.support.ActiveProfilesUtils - Could not find an &apos;annotation declaring class&apos; for annotation type [org.springframework.test.context.ActiveProfiles] and class [edu.ncsu.csc.itrust2.apitest.APILogEntryTest]
04:57:53.743 [main] DEBUG o.s.t.c.w.WebTestContextBootstrapper - @TestExecutionListeners is not present for class [edu.ncsu.csc.itrust2.apitest.APILogEntryTest]: using defaults.
04:57:53.743 [main] INFO  o.s.t.c.w.WebTestContextBootstrapper - Loaded default TestExecutionListener class names from location [META-INF/spring.factories]: [org.springframework.security.test.context.support.WithSecurityContextTestExecutionListener, org.springframework.test.context.web.ServletTestExecutionListener, org.springframework.test.context.support.DirtiesContextBeforeModesTestExecutionListener, org.springframework.test.context.support.DependencyInjectionTestExecutionListener, org.springframework.test.context.support.DirtiesContextTestExecutionListener, org.springframework.test.context.transaction.TransactionalTestExecutionListener, org.springframework.test.context.jdbc.SqlScriptsTestExecutionListener]
04:57:53.744 [main] INFO  o.s.t.c.w.WebTestContextBootstrapper - Using TestExecutionListeners: [org.springframework.test.context.web.ServletTestExecutionListener@7d7ffb70, org.springframework.test.context.support.DirtiesContextBeforeModesTestExecutionListener@fde08f8, org.springframework.test.context.support.DependencyInjectionTestExecutionListener@597db7f9, org.springframework.test.context.support.DirtiesContextTestExecutionListener@75c2666e, org.springframework.test.context.transaction.TransactionalTestExecutionListener@7764b7dd, org.springframework.test.context.jdbc.SqlScriptsTestExecutionListener@802e801, org.springframework.security.test.context.support.WithSecurityContextTestExecutionListener@3cf44487]
04:57:53.744 [main] DEBUG o.s.t.annotation.ProfileValueUtils - Retrieved @ProfileValueSourceConfiguration [null] for test class [edu.ncsu.csc.itrust2.apitest.APILogEntryTest]
04:57:53.744 [main] DEBUG o.s.t.annotation.ProfileValueUtils - Retrieved ProfileValueSource type [class org.springframework.test.annotation.SystemProfileValueSource] for class [edu.ncsu.csc.itrust2.apitest.APILogEntryTest]
04:57:53.744 [main] DEBUG o.s.t.annotation.ProfileValueUtils - Retrieved @ProfileValueSourceConfiguration [null] for test class [edu.ncsu.csc.itrust2.apitest.APILogEntryTest]
04:57:53.744 [main] DEBUG o.s.t.annotation.ProfileValueUtils - Retrieved ProfileValueSource type [class org.springframework.test.annotation.SystemProfileValueSource] for class [edu.ncsu.csc.itrust2.apitest.APILogEntryTest]
04:57:53.744 [main] DEBUG o.s.t.annotation.ProfileValueUtils - Retrieved @ProfileValueSourceConfiguration [null] for test class [edu.ncsu.csc.itrust2.apitest.APILogEntryTest]
04:57:53.744 [main] DEBUG o.s.t.annotation.ProfileValueUtils - Retrieved ProfileValueSource type [class org.springframework.test.annotation.SystemProfileValueSource] for class [edu.ncsu.csc.itrust2.apitest.APILogEntryTest]
04:57:53.744 [main] DEBUG o.s.t.c.s.AbstractDirtiesContextTestExecutionListener - Before test class: context [DefaultTestContext@5a63b461 testClass = APILogEntryTest, testInstance = [null], testMethod = [null], testException = [null], mergedContextConfiguration = [WebMergedContextConfiguration@8eb2aaf testClass = APILogEntryTest, locations = &apos;{}&apos;, classes = &apos;{class edu.ncsu.csc.itrust2.config.RootConfiguration, class edu.ncsu.csc.itrust2.mvc.config.WebMvcConfiguration}&apos;, contextInitializerClasses = &apos;[]&apos;, activeProfiles = &apos;{}&apos;, propertySourceLocations = &apos;{}&apos;, propertySourceProperties = &apos;{}&apos;, contextCustomizers = set[[empty]], resourceBasePath = &apos;src/main/webapp&apos;, contextLoader = &apos;org.springframework.test.context.web.WebDelegatingSmartContextLoader&apos;, parent = [null]]], class annotated with @DirtiesContext [false] with mode [null].
04:57:53.744 [main] DEBUG o.s.t.annotation.ProfileValueUtils - Retrieved @ProfileValueSourceConfiguration [null] for test class [edu.ncsu.csc.itrust2.apitest.APILogEntryTest]
04:57:53.744 [main] DEBUG o.s.t.annotation.ProfileValueUtils - Retrieved ProfileValueSource type [class org.springframework.test.annotation.SystemProfileValueSource] for class [edu.ncsu.csc.itrust2.apitest.APILogEntryTest]
04:57:53.745 [main] DEBUG o.s.t.c.c.DefaultCacheAwareContextLoaderDelegate - Retrieved ApplicationContext from cache with key [[WebMergedContextConfiguration@8eb2aaf testClass = APILogEntryTest, locations = &apos;{}&apos;, classes = &apos;{class edu.ncsu.csc.itrust2.config.RootConfiguration, class edu.ncsu.csc.itrust2.mvc.config.WebMvcConfiguration}&apos;, contextInitializerClasses = &apos;[]&apos;, activeProfiles = &apos;{}&apos;, propertySourceLocations = &apos;{}&apos;, propertySourceProperties = &apos;{}&apos;, contextCustomizers = set[[empty]], resourceBasePath = &apos;src/main/webapp&apos;, contextLoader = &apos;org.springframework.test.context.web.WebDelegatingSmartContextLoader&apos;, parent = [null]]]
04:57:53.745 [main] DEBUG o.springframework.test.context.cache - Spring test ApplicationContext cache statistics: [DefaultContextCache@3bc22ada size = 1, maxSize = 32, parentContextCount = 0, hitCount = 31, missCount = 1]
04:57:53.746 [main] DEBUG o.s.t.c.w.ServletTestExecutionListener - Setting up MockHttpServletRequest, MockHttpServletResponse, ServletWebRequest, and RequestContextHolder for test context [DefaultTestContext@5a63b461 testClass = APILogEntryTest, testInstance = edu.ncsu.csc.itrust2.apitest.APILogEntryTest@17369953, testMethod = [null], testException = [null], mergedContextConfiguration = [WebMergedContextConfiguration@8eb2aaf testClass = APILogEntryTest, locations = &apos;{}&apos;, classes = &apos;{class edu.ncsu.csc.itrust2.config.RootConfiguration, class edu.ncsu.csc.itrust2.mvc.config.WebMvcConfiguration}&apos;, contextInitializerClasses = &apos;[]&apos;, activeProfiles = &apos;{}&apos;, propertySourceLocations = &apos;{}&apos;, propertySourceProperties = &apos;{}&apos;, contextCustomizers = set[[empty]], resourceBasePath = &apos;src/main/webapp&apos;, contextLoader = &apos;org.springframework.test.context.web.WebDelegatingSmartContextLoader&apos;, parent = [null]]].
04:57:53.746 [main] DEBUG o.s.t.c.s.DependencyInjectionTestExecutionListener - Performing dependency injection for test context [[DefaultTestContext@5a63b461 testClass = APILogEntryTest, testInstance = edu.ncsu.csc.itrust2.apitest.APILogEntryTest@17369953, testMethod = [null], testException = [null], mergedContextConfiguration = [WebMergedContextConfiguration@8eb2aaf testClass = APILogEntryTest, locations = &apos;{}&apos;, classes = &apos;{class edu.ncsu.csc.itrust2.config.RootConfiguration, class edu.ncsu.csc.itrust2.mvc.config.WebMvcConfiguration}&apos;, contextInitializerClasses = &apos;[]&apos;, activeProfiles = &apos;{}&apos;, propertySourceLocations = &apos;{}&apos;, propertySourceProperties = &apos;{}&apos;, contextCustomizers = set[[empty]], resourceBasePath = &apos;src/main/webapp&apos;, contextLoader = &apos;org.springframework.test.context.web.WebDelegatingSmartContextLoader&apos;, parent = [null]]]].
04:57:53.746 [main] DEBUG o.s.t.c.c.DefaultCacheAwareContextLoaderDelegate - Retrieved ApplicationContext from cache with key [[WebMergedContextConfiguration@8eb2aaf testClass = APILogEntryTest, locations = &apos;{}&apos;, classes = &apos;{class edu.ncsu.csc.itrust2.config.RootConfiguration, class edu.ncsu.csc.itrust2.mvc.config.WebMvcConfiguration}&apos;, contextInitializerClasses = &apos;[]&apos;, activeProfiles = &apos;{}&apos;, propertySourceLocations = &apos;{}&apos;, propertySourceProperties = &apos;{}&apos;, contextCustomizers = set[[empty]], resourceBasePath = &apos;src/main/webapp&apos;, contextLoader = &apos;org.springframework.test.context.web.WebDelegatingSmartContextLoader&apos;, parent = [null]]]
04:57:53.746 [main] DEBUG o.springframework.test.context.cache - Spring test ApplicationContext cache statistics: [DefaultContextCache@3bc22ada size = 1, maxSize = 32, parentContextCount = 0, hitCount = 32, missCount = 1]
04:57:53.755 [main] DEBUG o.s.b.f.annotation.InjectionMetadata - Processing injected element of bean &apos;edu.ncsu.csc.itrust2.apitest.APILogEntryTest&apos;: AutowiredFieldElement for private org.springframework.web.context.WebApplicationContext edu.ncsu.csc.itrust2.apitest.APILogEntryTest.context
04:57:53.757 [main] DEBUG o.s.b.f.a.AutowiredAnnotationBeanPostProcessor - Autowiring by type from bean name &apos;edu.ncsu.csc.itrust2.apitest.APILogEntryTest&apos; to bean named &apos;org.springframework.web.context.support.GenericWebApplicationContext@37df14d1&apos;
04:57:53.757 [main] DEBUG o.s.b.f.s.DefaultListableBeanFactory - Returning cached instance of singleton bean &apos;metaDataSourceAdvisor&apos;
04:57:53.759 [main] DEBUG o.s.t.c.s.AbstractDirtiesContextTestExecutionListener - Before test method: context [DefaultTestContext@5a63b461 testClass = APILogEntryTest, testInstance = edu.ncsu.csc.itrust2.apitest.APILogEntryTest@17369953, testMethod = testLogByDateLarge@APILogEntryTest, testException = [null], mergedContextConfiguration = [WebMergedContextConfiguration@8eb2aaf testClass = APILogEntryTest, locations = &apos;{}&apos;, classes = &apos;{class edu.ncsu.csc.itrust2.config.RootConfiguration, class edu.ncsu.csc.itrust2.mvc.config.WebMvcConfiguration}&apos;, contextInitializerClasses = &apos;[]&apos;, activeProfiles = &apos;{}&apos;, propertySourceLocations = &apos;{}&apos;, propertySourceProperties = &apos;{}&apos;, contextCustomizers = set[[empty]], resourceBasePath = &apos;src/main/webapp&apos;, contextLoader = &apos;org.springframework.test.context.web.WebDelegatingSmartContextLoader&apos;, parent = [null]]], class annotated with @DirtiesContext [false] with mode [null], method annotated with @DirtiesContext [false] with mode [null].
04:57:53.760 [main] DEBUG o.s.t.c.c.DefaultCacheAwareContextLoaderDelegate - Retrieved ApplicationContext from cache with key [[WebMergedContextConfiguration@8eb2aaf testClass = APILogEntryTest, locations = &apos;{}&apos;, classes = &apos;{class edu.ncsu.csc.itrust2.config.RootConfiguration, class edu.ncsu.csc.itrust2.mvc.config.WebMvcConfiguration}&apos;, contextInitializerClasses = &apos;[]&apos;, activeProfiles = &apos;{}&apos;, propertySourceLocations = &apos;{}&apos;, propertySourceProperties = &apos;{}&apos;, contextCustomizers = set[[empty]], resourceBasePath = &apos;src/main/webapp&apos;, contextLoader = &apos;org.springframework.test.context.web.WebDelegatingSmartContextLoader&apos;, parent = [null]]]
04:57:53.760 [main] DEBUG o.springframework.test.context.cache - Spring test ApplicationContext cache statistics: [DefaultContextCache@3bc22ada size = 1, maxSize = 32, parentContextCount = 0, hitCount = 33, missCount = 1]
04:57:53.760 [main] DEBUG o.s.b.f.s.DefaultListableBeanFactory - Creating instance of bean &apos;org.springframework.security.test.context.support.WithMockUserSecurityContextFactory&apos;
04:57:53.760 [main] DEBUG o.s.b.f.s.DefaultListableBeanFactory - Finished creating instance of bean &apos;org.springframework.security.test.context.support.WithMockUserSecurityContextFactory&apos;
04:57:53.760 [main] DEBUG o.s.t.w.s.TestDispatcherServlet - Initializing servlet &apos;&apos;
04:57:53.760 [main] DEBUG o.s.w.c.s.StandardServletEnvironment - Adding [servletConfigInitParams] PropertySource with lowest search precedence
04:57:53.760 [main] DEBUG o.s.w.c.s.StandardServletEnvironment - Adding [servletContextInitParams] PropertySource with lowest search precedence
04:57:53.760 [main] DEBUG o.s.w.c.s.StandardServletEnvironment - Adding [systemProperties] PropertySource with lowest search precedence
04:57:53.760 [main] DEBUG o.s.w.c.s.StandardServletEnvironment - Adding [systemEnvironment] PropertySource with lowest search precedence
04:57:53.761 [main] DEBUG o.s.w.c.s.StandardServletEnvironment - Initialized StandardServletEnvironment with PropertySources [servletConfigInitParams,servletContextInitParams,systemProperties,systemEnvironment]
04:57:53.761 [main] INFO  o.s.mock.web.MockServletContext - Initializing Spring FrameworkServlet &apos;&apos;
04:57:53.761 [main] INFO  o.s.t.w.s.TestDispatcherServlet - FrameworkServlet &apos;&apos;: initialization started
04:57:53.761 [main] DEBUG o.s.t.w.s.TestDispatcherServlet - Unable to locate MultipartResolver with name &apos;multipartResolver&apos;: no multipart request handling provided
04:57:53.761 [main] DEBUG o.s.b.f.s.DefaultListableBeanFactory - Creating instance of bean &apos;org.springframework.web.servlet.i18n.AcceptHeaderLocaleResolver&apos;
04:57:53.762 [main] DEBUG o.s.b.f.s.DefaultListableBeanFactory - Finished creating instance of bean &apos;org.springframework.web.servlet.i18n.AcceptHeaderLocaleResolver&apos;
04:57:53.762 [main] DEBUG o.s.t.w.s.TestDispatcherServlet - Unable to locate LocaleResolver with name &apos;localeResolver&apos;: using default [org.springframework.web.servlet.i18n.AcceptHeaderLocaleResolver@4eff4aac]
04:57:53.762 [main] DEBUG o.s.b.f.s.DefaultListableBeanFactory - Creating instance of bean &apos;org.springframework.web.servlet.theme.FixedThemeResolver&apos;
04:57:53.763 [main] DEBUG o.s.b.f.s.DefaultListableBeanFactory - Finished creating instance of bean &apos;org.springframework.web.servlet.theme.FixedThemeResolver&apos;
04:57:53.763 [main] DEBUG o.s.t.w.s.TestDispatcherServlet - Unable to locate ThemeResolver with name &apos;themeResolver&apos;: using default [org.springframework.web.servlet.theme.FixedThemeResolver@1f90bf8e]
04:57:53.763 [main] DEBUG o.s.b.f.s.DefaultListableBeanFactory - Returning cached instance of singleton bean &apos;requestMappingHandlerMapping&apos;
04:57:53.763 [main] DEBUG o.s.b.f.s.DefaultListableBeanFactory - Returning cached instance of singleton bean &apos;viewControllerHandlerMapping&apos;
04:57:53.765 [main] DEBUG o.s.b.f.s.DefaultListableBeanFactory - Returning cached instance of singleton bean &apos;beanNameHandlerMapping&apos;
04:57:53.765 [main] DEBUG o.s.b.f.s.DefaultListableBeanFactory - Returning cached instance of singleton bean &apos;resourceHandlerMapping&apos;
04:57:53.765 [main] DEBUG o.s.b.f.s.DefaultListableBeanFactory - Returning cached instance of singleton bean &apos;defaultServletHandlerMapping&apos;
04:57:53.765 [main] DEBUG o.s.b.f.s.DefaultListableBeanFactory - Returning cached instance of singleton bean &apos;requestMappingHandlerAdapter&apos;
04:57:53.771 [main] DEBUG o.s.b.f.s.DefaultListableBeanFactory - Returning cached instance of singleton bean &apos;httpRequestHandlerAdapter&apos;
04:57:53.771 [main] DEBUG o.s.b.f.s.DefaultListableBeanFactory - Returning cached instance of singleton bean &apos;simpleControllerHandlerAdapter&apos;
04:57:53.771 [main] DEBUG o.s.b.f.s.DefaultListableBeanFactory - Returning cached instance of singleton bean &apos;handlerExceptionResolver&apos;
04:57:53.772 [main] DEBUG o.s.b.f.s.DefaultListableBeanFactory - Creating instance of bean &apos;org.springframework.web.servlet.view.DefaultRequestToViewNameTranslator&apos;
04:57:53.772 [main] DEBUG o.s.b.f.s.DefaultListableBeanFactory - Finished creating instance of bean &apos;org.springframework.web.servlet.view.DefaultRequestToViewNameTranslator&apos;
04:57:53.772 [main] DEBUG o.s.t.w.s.TestDispatcherServlet - Unable to locate RequestToViewNameTranslator with name &apos;viewNameTranslator&apos;: using default [org.springframework.web.servlet.view.DefaultRequestToViewNameTranslator@3ccf412e]
04:57:53.772 [main] DEBUG o.s.b.f.s.DefaultListableBeanFactory - Returning cached instance of singleton bean &apos;mvcViewResolver&apos;
04:57:53.772 [main] DEBUG o.s.b.f.s.DefaultListableBeanFactory - Returning cached instance of singleton bean &apos;viewResolver&apos;
04:57:53.772 [main] DEBUG o.s.b.f.s.DefaultListableBeanFactory - Creating instance of bean &apos;org.springframework.web.servlet.support.SessionFlashMapManager&apos;
04:57:53.773 [main] DEBUG o.s.b.f.s.DefaultListableBeanFactory - Finished creating instance of bean &apos;org.springframework.web.servlet.support.SessionFlashMapManager&apos;
04:57:53.773 [main] DEBUG o.s.t.w.s.TestDispatcherServlet - Unable to locate FlashMapManager with name &apos;flashMapManager&apos;: using default [org.springframework.web.servlet.support.SessionFlashMapManager@744553be]
04:57:53.773 [main] DEBUG o.s.t.w.s.TestDispatcherServlet - Published WebApplicationContext of servlet &apos;&apos; as ServletContext attribute with name [org.springframework.web.servlet.FrameworkServlet.CONTEXT.]
04:57:53.773 [main] INFO  o.s.t.w.s.TestDispatcherServlet - FrameworkServlet &apos;&apos;: initialization completed in 12 ms
04:57:53.773 [main] DEBUG o.s.t.w.s.TestDispatcherServlet - Servlet &apos;&apos; configured successfully
04:57:53.773 [main] DEBUG o.h.e.t.internal.TransactionImpl - begin
04:57:53.777 [main] DEBUG org.hibernate.SQL - select user_.username, user_.enabled as enabled2_15_, user_.password as password3_15_, user_.role as role4_15_ from Users user_ where user_.username=?
Hibernate: select user_.username, user_.enabled as enabled2_15_, user_.password as password3_15_, user_.role as role4_15_ from Users user_ where user_.username=?
04:57:53.778 [main] DEBUG o.h.r.j.i.ResourceRegistryStandardImpl - HHH000387: ResultSet&apos;s statement was not registered
04:57:53.778 [main] DEBUG o.h.e.i.AbstractSaveEventListener - Generated identifier: logapitest, using strategy: org.hibernate.id.Assigned
04:57:53.778 [main] DEBUG o.h.e.t.internal.TransactionImpl - committing
04:57:53.778 [main] DEBUG o.h.e.i.AbstractFlushingEventListener - Processing flush-time cascades
04:57:53.778 [main] DEBUG o.h.e.i.AbstractFlushingEventListener - Dirty checking collections
04:57:53.779 [main] DEBUG o.h.e.i.AbstractFlushingEventListener - Flushed: 1 insertions, 0 updates, 0 deletions to 1 objects
04:57:53.779 [main] DEBUG o.h.e.i.AbstractFlushingEventListener - Flushed: 0 (re)creations, 0 updates, 0 removals to 0 collections
04:57:53.779 [main] DEBUG o.h.internal.util.EntityPrinter - Listing entities:
04:57:53.779 [main] DEBUG o.h.internal.util.EntityPrinter - edu.ncsu.csc.itrust2.models.persistent.User{password=$2a$10$EblZqNptyYvcLm/VwDCVAuBjzZOI7khzdyGPBr08PpIi0na624b8., role=ROLE_PATIENT, enabled=1, username=logapitest}
04:57:53.780 [main] DEBUG org.hibernate.SQL - insert into Users (enabled, password, role, username) values (?, ?, ?, ?)
Hibernate: insert into Users (enabled, password, role, username) values (?, ?, ?, ?)
04:57:53.785 [main] DEBUG o.h.e.j.internal.JdbcCoordinatorImpl - HHH000420: Closing un-released batch
04:57:53.786 [main] DEBUG o.h.e.t.internal.TransactionImpl - begin
04:57:53.787 [main] DEBUG org.hibernate.SQL - select next_val as id_val from hibernate_sequence for update
Hibernate: select next_val as id_val from hibernate_sequence for update
04:57:53.787 [main] DEBUG org.hibernate.SQL - update hibernate_sequence set next_val= ? where next_val=?
Hibernate: update hibernate_sequence set next_val= ? where next_val=?
04:57:53.789 [main] DEBUG o.h.e.i.AbstractSaveEventListener - Generated identifier: 24, using strategy: org.hibernate.id.enhanced.SequenceStyleGenerator
04:57:53.789 [main] DEBUG o.h.e.t.internal.TransactionImpl - committing
04:57:53.789 [main] DEBUG o.h.e.i.AbstractFlushingEventListener - Processing flush-time cascades
04:57:53.789 [main] DEBUG o.h.e.i.AbstractFlushingEventListener - Dirty checking collections
04:57:53.789 [main] DEBUG o.h.e.i.AbstractFlushingEventListener - Flushed: 1 insertions, 0 updates, 0 deletions to 1 objects
04:57:53.789 [main] DEBUG o.h.e.i.AbstractFlushingEventListener - Flushed: 0 (re)creations, 0 updates, 0 removals to 0 collections
04:57:53.789 [main] DEBUG o.h.internal.util.EntityPrinter - Listing entities:
04:57:53.789 [main] DEBUG o.h.internal.util.EntityPrinter - edu.ncsu.csc.itrust2.models.persistent.LogEntry{secondaryUser=null, logCode=5, primaryUser=logapitest, id=24, time=java.util.GregorianCalendar[time=1521521873786,areFieldsSet=true,areAllFieldsSet=true,lenient=true,zone=sun.util.calendar.ZoneInfo[id=&quot;Etc/UTC&quot;,offset=0,dstSavings=0,useDaylight=false,transitions=0,lastRule=null],firstDayOfWeek=1,minimalDaysInFirstWeek=1,ERA=1,YEAR=2018,MONTH=2,WEEK_OF_YEAR=12,WEEK_OF_MONTH=4,DAY_OF_MONTH=20,DAY_OF_YEAR=79,DAY_OF_WEEK=3,DAY_OF_WEEK_IN_MONTH=3,AM_PM=0,HOUR=4,HOUR_OF_DAY=4,MINUTE=57,SECOND=53,MILLISECOND=786,ZONE_OFFSET=0,DST_OFFSET=0], message=null}
04:57:53.790 [main] DEBUG org.hibernate.SQL - insert into LogEntries (logCode, message, primaryUser, secondaryUser, time, id) values (?, ?, ?, ?, ?, ?)
Hibernate: insert into LogEntries (logCode, message, primaryUser, secondaryUser, time, id) values (?, ?, ?, ?, ?, ?)
04:57:53.793 [main] DEBUG o.h.e.j.internal.JdbcCoordinatorImpl - HHH000420: Closing un-released batch
04:57:53.794 [main] DEBUG o.h.e.t.internal.TransactionImpl - begin
04:57:53.799 [main] DEBUG org.hibernate.SQL - select next_val as id_val from hibernate_sequence for update
Hibernate: select next_val as id_val from hibernate_sequence for update
04:57:53.799 [main] DEBUG org.hibernate.SQL - update hibernate_sequence set next_val= ? where next_val=?
Hibernate: update hibernate_sequence set next_val= ? where next_val=?
04:57:53.801 [main] DEBUG o.h.e.i.AbstractSaveEventListener - Generated identifier: 25, using strategy: org.hibernate.id.enhanced.SequenceStyleGenerator
04:57:53.802 [main] DEBUG o.h.e.t.internal.TransactionImpl - committing
04:57:53.803 [main] DEBUG o.h.e.i.AbstractFlushingEventListener - Processing flush-time cascades
04:57:53.803 [main] DEBUG o.h.e.i.AbstractFlushingEventListener - Dirty checking collections
04:57:53.803 [main] DEBUG o.h.e.i.AbstractFlushingEventListener - Flushed: 1 insertions, 0 updates, 0 deletions to 1 objects
04:57:53.803 [main] DEBUG o.h.e.i.AbstractFlushingEventListener - Flushed: 0 (re)creations, 0 updates, 0 removals to 0 collections
04:57:53.803 [main] DEBUG o.h.internal.util.EntityPrinter - Listing entities:
04:57:53.804 [main] DEBUG o.h.internal.util.EntityPrinter - edu.ncsu.csc.itrust2.models.persistent.LogEntry{secondaryUser=null, logCode=5, primaryUser=logapitest, id=25, time=java.util.GregorianCalendar[time=1521521873794,areFieldsSet=true,areAllFieldsSet=true,lenient=true,zone=sun.util.calendar.ZoneInfo[id=&quot;Etc/UTC&quot;,offset=0,dstSavings=0,useDaylight=false,transitions=0,lastRule=null],firstDayOfWeek=1,minimalDaysInFirstWeek=1,ERA=1,YEAR=2018,MONTH=2,WEEK_OF_YEAR=12,WEEK_OF_MONTH=4,DAY_OF_MONTH=20,DAY_OF_YEAR=79,DAY_OF_WEEK=3,DAY_OF_WEEK_IN_MONTH=3,AM_PM=0,HOUR=4,HOUR_OF_DAY=4,MINUTE=57,SECOND=53,MILLISECOND=794,ZONE_OFFSET=0,DST_OFFSET=0], message=null}
04:57:53.804 [main] DEBUG org.hibernate.SQL - insert into LogEntries (logCode, message, primaryUser, secondaryUser, time, id) values (?, ?, ?, ?, ?, ?)
Hibernate: insert into LogEntries (logCode, message, primaryUser, secondaryUser, time, id) values (?, ?, ?, ?, ?, ?)
04:57:53.807 [main] DEBUG o.h.e.j.internal.JdbcCoordinatorImpl - HHH000420: Closing un-released batch
04:57:53.808 [main] DEBUG o.h.e.t.internal.TransactionImpl - begin
04:57:53.809 [main] DEBUG org.hibernate.SQL - select next_val as id_val from hibernate_sequence for update
Hibernate: select next_val as id_val from hibernate_sequence for update
04:57:53.809 [main] DEBUG org.hibernate.SQL - update hibernate_sequence set next_val= ? where next_val=?
Hibernate: update hibernate_sequence set next_val= ? where next_val=?
04:57:53.811 [main] DEBUG o.h.e.i.AbstractSaveEventListener - Generated identifier: 26, using strategy: org.hibernate.id.enhanced.SequenceStyleGenerator
04:57:53.811 [main] DEBUG o.h.e.t.internal.TransactionImpl - committing
04:57:53.811 [main] DEBUG o.h.e.i.AbstractFlushingEventListener - Processing flush-time cascades
04:57:53.811 [main] DEBUG o.h.e.i.AbstractFlushingEventListener - Dirty checking collections
04:57:53.811 [main] DEBUG o.h.e.i.AbstractFlushingEventListener - Flushed: 1 insertions, 0 updates, 0 deletions to 1 objects
04:57:53.811 [main] DEBUG o.h.e.i.AbstractFlushingEventListener - Flushed: 0 (re)creations, 0 updates, 0 removals to 0 collections
04:57:53.811 [main] DEBUG o.h.internal.util.EntityPrinter - Listing entities:
04:57:53.811 [main] DEBUG o.h.internal.util.EntityPrinter - edu.ncsu.csc.itrust2.models.persistent.LogEntry{secondaryUser=null, logCode=5, primaryUser=logapitest, id=26, time=java.util.GregorianCalendar[time=1521521873808,areFieldsSet=true,areAllFieldsSet=true,lenient=true,zone=sun.util.calendar.ZoneInfo[id=&quot;Etc/UTC&quot;,offset=0,dstSavings=0,useDaylight=false,transitions=0,lastRule=null],firstDayOfWeek=1,minimalDaysInFirstWeek=1,ERA=1,YEAR=2018,MONTH=2,WEEK_OF_YEAR=12,WEEK_OF_MONTH=4,DAY_OF_MONTH=20,DAY_OF_YEAR=79,DAY_OF_WEEK=3,DAY_OF_WEEK_IN_MONTH=3,AM_PM=0,HOUR=4,HOUR_OF_DAY=4,MINUTE=57,SECOND=53,MILLISECOND=808,ZONE_OFFSET=0,DST_OFFSET=0], message=null}
04:57:53.812 [main] DEBUG org.hibernate.SQL - insert into LogEntries (logCode, message, primaryUser, secondaryUser, time, id) values (?, ?, ?, ?, ?, ?)
Hibernate: insert into LogEntries (logCode, message, primaryUser, secondaryUser, time, id) values (?, ?, ?, ?, ?, ?)
04:57:53.816 [main] DEBUG o.h.e.j.internal.JdbcCoordinatorImpl - HHH000420: Closing un-released batch
04:57:53.817 [main] DEBUG o.h.e.t.internal.TransactionImpl - begin
04:57:53.818 [main] DEBUG org.hibernate.SQL - select next_val as id_val from hibernate_sequence for update
Hibernate: select next_val as id_val from hibernate_sequence for update
04:57:53.819 [main] DEBUG org.hibernate.SQL - update hibernate_sequence set next_val= ? where next_val=?
Hibernate: update hibernate_sequence set next_val= ? where next_val=?
04:57:53.820 [main] DEBUG o.h.e.i.AbstractSaveEventListener - Generated identifier: 27, using strategy: org.hibernate.id.enhanced.SequenceStyleGenerator
04:57:53.821 [main] DEBUG o.h.e.t.internal.TransactionImpl - committing
04:57:53.821 [main] DEBUG o.h.e.i.AbstractFlushingEventListener - Processing flush-time cascades
04:57:53.821 [main] DEBUG o.h.e.i.AbstractFlushingEventListener - Dirty checking collections
04:57:53.821 [main] DEBUG o.h.e.i.AbstractFlushingEventListener - Flushed: 1 insertions, 0 updates, 0 deletions to 1 objects
04:57:53.821 [main] DEBUG o.h.e.i.AbstractFlushingEventListener - Flushed: 0 (re)creations, 0 updates, 0 removals to 0 collections
04:57:53.823 [main] DEBUG o.h.internal.util.EntityPrinter - Listing entities:
04:57:53.823 [main] DEBUG o.h.internal.util.EntityPrinter - edu.ncsu.csc.itrust2.models.persistent.LogEntry{secondaryUser=null, logCode=5, primaryUser=logapitest, id=27, time=java.util.GregorianCalendar[time=1521521873817,areFieldsSet=true,areAllFieldsSet=true,lenient=true,zone=sun.util.calendar.ZoneInfo[id=&quot;Etc/UTC&quot;,offset=0,dstSavings=0,useDaylight=false,transitions=0,lastRule=null],firstDayOfWeek=1,minimalDaysInFirstWeek=1,ERA=1,YEAR=2018,MONTH=2,WEEK_OF_YEAR=12,WEEK_OF_MONTH=4,DAY_OF_MONTH=20,DAY_OF_YEAR=79,DAY_OF_WEEK=3,DAY_OF_WEEK_IN_MONTH=3,AM_PM=0,HOUR=4,HOUR_OF_DAY=4,MINUTE=57,SECOND=53,MILLISECOND=817,ZONE_OFFSET=0,DST_OFFSET=0], message=null}
04:57:53.824 [main] DEBUG org.hibernate.SQL - insert into LogEntries (logCode, message, primaryUser, secondaryUser, time, id) values (?, ?, ?, ?, ?, ?)
Hibernate: insert into LogEntries (logCode, message, primaryUser, secondaryUser, time, id) values (?, ?, ?, ?, ?, ?)
04:57:53.831 [main] DEBUG o.h.e.j.internal.JdbcCoordinatorImpl - HHH000420: Closing un-released batch
04:57:53.832 [main] DEBUG o.h.e.t.internal.TransactionImpl - begin
04:57:53.833 [main] DEBUG org.hibernate.SQL - select next_val as id_val from hibernate_sequence for update
Hibernate: select next_val as id_val from hibernate_sequence for update
04:57:53.833 [main] DEBUG org.hibernate.SQL - update hibernate_sequence set next_val= ? where next_val=?
Hibernate: update hibernate_sequence set next_val= ? where next_val=?
04:57:53.839 [main] DEBUG o.h.e.i.AbstractSaveEventListener - Generated identifier: 28, using strategy: org.hibernate.id.enhanced.SequenceStyleGenerator
04:57:53.839 [main] DEBUG o.h.e.t.internal.TransactionImpl - committing
04:57:53.839 [main] DEBUG o.h.e.i.AbstractFlushingEventListener - Processing flush-time cascades
04:57:53.839 [main] DEBUG o.h.e.i.AbstractFlushingEventListener - Dirty checking collections
04:57:53.839 [main] DEBUG o.h.e.i.AbstractFlushingEventListener - Flushed: 1 insertions, 0 updates, 0 deletions to 1 objects
04:57:53.839 [main] DEBUG o.h.e.i.AbstractFlushingEventListener - Flushed: 0 (re)creations, 0 updates, 0 removals to 0 collections
04:57:53.839 [main] DEBUG o.h.internal.util.EntityPrinter - Listing entities:
04:57:53.839 [main] DEBUG o.h.internal.util.EntityPrinter - edu.ncsu.csc.itrust2.models.persistent.LogEntry{secondaryUser=null, logCode=5, primaryUser=logapitest, id=28, time=java.util.GregorianCalendar[time=1521521873832,areFieldsSet=true,areAllFieldsSet=true,lenient=true,zone=sun.util.calendar.ZoneInfo[id=&quot;Etc/UTC&quot;,offset=0,dstSavings=0,useDaylight=false,transitions=0,lastRule=null],firstDayOfWeek=1,minimalDaysInFirstWeek=1,ERA=1,YEAR=2018,MONTH=2,WEEK_OF_YEAR=12,WEEK_OF_MONTH=4,DAY_OF_MONTH=20,DAY_OF_YEAR=79,DAY_OF_WEEK=3,DAY_OF_WEEK_IN_MONTH=3,AM_PM=0,HOUR=4,HOUR_OF_DAY=4,MINUTE=57,SECOND=53,MILLISECOND=832,ZONE_OFFSET=0,DST_OFFSET=0], message=null}
04:57:53.840 [main] DEBUG org.hibernate.SQL - insert into LogEntries (logCode, message, primaryUser, secondaryUser, time, id) values (?, ?, ?, ?, ?, ?)
Hibernate: insert into LogEntries (logCode, message, primaryUser, secondaryUser, time, id) values (?, ?, ?, ?, ?, ?)
04:57:53.843 [main] DEBUG o.h.e.j.internal.JdbcCoordinatorImpl - HHH000420: Closing un-released batch
04:57:53.844 [main] DEBUG o.h.e.t.internal.TransactionImpl - begin
04:57:53.845 [main] DEBUG org.hibernate.SQL - select next_val as id_val from hibernate_sequence for update
Hibernate: select next_val as id_val from hibernate_sequence for update
04:57:53.845 [main] DEBUG org.hibernate.SQL - update hibernate_sequence set next_val= ? where next_val=?
Hibernate: update hibernate_sequence set next_val= ? where next_val=?
04:57:53.846 [main] DEBUG o.h.e.i.AbstractSaveEventListener - Generated identifier: 29, using strategy: org.hibernate.id.enhanced.SequenceStyleGenerator
04:57:53.846 [main] DEBUG o.h.e.t.internal.TransactionImpl - committing
04:57:53.846 [main] DEBUG o.h.e.i.AbstractFlushingEventListener - Processing flush-time cascades
04:57:53.847 [main] DEBUG o.h.e.i.AbstractFlushingEventListener - Dirty checking collections
04:57:53.847 [main] DEBUG o.h.e.i.AbstractFlushingEventListener - Flushed: 1 insertions, 0 updates, 0 deletions to 1 objects
04:57:53.847 [main] DEBUG o.h.e.i.AbstractFlushingEventListener - Flushed: 0 (re)creations, 0 updates, 0 removals to 0 collections
04:57:53.847 [main] DEBUG o.h.internal.util.EntityPrinter - Listing entities:
04:57:53.847 [main] DEBUG o.h.internal.util.EntityPrinter - edu.ncsu.csc.itrust2.models.persistent.LogEntry{secondaryUser=null, logCode=5, primaryUser=logapitest, id=29, time=java.util.GregorianCalendar[time=1521521873844,areFieldsSet=true,areAllFieldsSet=true,lenient=true,zone=sun.util.calendar.ZoneInfo[id=&quot;Etc/UTC&quot;,offset=0,dstSavings=0,useDaylight=false,transitions=0,lastRule=null],firstDayOfWeek=1,minimalDaysInFirstWeek=1,ERA=1,YEAR=2018,MONTH=2,WEEK_OF_YEAR=12,WEEK_OF_MONTH=4,DAY_OF_MONTH=20,DAY_OF_YEAR=79,DAY_OF_WEEK=3,DAY_OF_WEEK_IN_MONTH=3,AM_PM=0,HOUR=4,HOUR_OF_DAY=4,MINUTE=57,SECOND=53,MILLISECOND=844,ZONE_OFFSET=0,DST_OFFSET=0], message=null}
04:57:53.848 [main] DEBUG org.hibernate.SQL - insert into LogEntries (logCode, message, primaryUser, secondaryUser, time, id) values (?, ?, ?, ?, ?, ?)
Hibernate: insert into LogEntries (logCode, message, primaryUser, secondaryUser, time, id) values (?, ?, ?, ?, ?, ?)
04:57:53.863 [main] DEBUG o.h.e.j.internal.JdbcCoordinatorImpl - HHH000420: Closing un-released batch
04:57:53.864 [main] DEBUG o.h.e.t.internal.TransactionImpl - begin
04:57:53.865 [main] DEBUG org.hibernate.SQL - select next_val as id_val from hibernate_sequence for update
Hibernate: select next_val as id_val from hibernate_sequence for update
04:57:53.866 [main] DEBUG org.hibernate.SQL - update hibernate_sequence set next_val= ? where next_val=?
Hibernate: update hibernate_sequence set next_val= ? where next_val=?
04:57:53.868 [main] DEBUG o.h.e.i.AbstractSaveEventListener - Generated identifier: 30, using strategy: org.hibernate.id.enhanced.SequenceStyleGenerator
04:57:53.868 [main] DEBUG o.h.e.t.internal.TransactionImpl - committing
04:57:53.868 [main] DEBUG o.h.e.i.AbstractFlushingEventListener - Processing flush-time cascades
04:57:53.868 [main] DEBUG o.h.e.i.AbstractFlushingEventListener - Dirty checking collections
04:57:53.868 [main] DEBUG o.h.e.i.AbstractFlushingEventListener - Flushed: 1 insertions, 0 updates, 0 deletions to 1 objects
04:57:53.869 [main] DEBUG o.h.e.i.AbstractFlushingEventListener - Flushed: 0 (re)creations, 0 updates, 0 removals to 0 collections
04:57:53.869 [main] DEBUG o.h.internal.util.EntityPrinter - Listing entities:
04:57:53.869 [main] DEBUG o.h.internal.util.EntityPrinter - edu.ncsu.csc.itrust2.models.persistent.LogEntry{secondaryUser=null, logCode=5, primaryUser=logapitest, id=30, time=java.util.GregorianCalendar[time=1521521873864,areFieldsSet=true,areAllFieldsSet=true,lenient=true,zone=sun.util.calendar.ZoneInfo[id=&quot;Etc/UTC&quot;,offset=0,dstSavings=0,useDaylight=false,transitions=0,lastRule=null],firstDayOfWeek=1,minimalDaysInFirstWeek=1,ERA=1,YEAR=2018,MONTH=2,WEEK_OF_YEAR=12,WEEK_OF_MONTH=4,DAY_OF_MONTH=20,DAY_OF_YEAR=79,DAY_OF_WEEK=3,DAY_OF_WEEK_IN_MONTH=3,AM_PM=0,HOUR=4,HOUR_OF_DAY=4,MINUTE=57,SECOND=53,MILLISECOND=864,ZONE_OFFSET=0,DST_OFFSET=0], message=null}
04:57:53.869 [main] DEBUG org.hibernate.SQL - insert into LogEntries (logCode, message, primaryUser, secondaryUser, time, id) values (?, ?, ?, ?, ?, ?)
Hibernate: insert into LogEntries (logCode, message, primaryUser, secondaryUser, time, id) values (?, ?, ?, ?, ?, ?)
04:57:53.872 [main] DEBUG o.h.e.j.internal.JdbcCoordinatorImpl - HHH000420: Closing un-released batch
04:57:53.872 [main] DEBUG o.h.e.t.internal.TransactionImpl - begin
04:57:53.873 [main] DEBUG org.hibernate.SQL - select next_val as id_val from hibernate_sequence for update
Hibernate: select next_val as id_val from hibernate_sequence for update
04:57:53.873 [main] DEBUG org.hibernate.SQL - update hibernate_sequence set next_val= ? where next_val=?
Hibernate: update hibernate_sequence set next_val= ? where next_val=?
04:57:53.875 [main] DEBUG o.h.e.i.AbstractSaveEventListener - Generated identifier: 31, using strategy: org.hibernate.id.enhanced.SequenceStyleGenerator
04:57:53.875 [main] DEBUG o.h.e.t.internal.TransactionImpl - committing
04:57:53.875 [main] DEBUG o.h.e.i.AbstractFlushingEventListener - Processing flush-time cascades
04:57:53.875 [main] DEBUG o.h.e.i.AbstractFlushingEventListener - Dirty checking collections
04:57:53.877 [main] DEBUG o.h.e.i.AbstractFlushingEventListener - Flushed: 1 insertions, 0 updates, 0 deletions to 1 objects
04:57:53.877 [main] DEBUG o.h.e.i.AbstractFlushingEventListener - Flushed: 0 (re)creations, 0 updates, 0 removals to 0 collections
04:57:53.877 [main] DEBUG o.h.internal.util.EntityPrinter - Listing entities:
04:57:53.878 [main] DEBUG o.h.internal.util.EntityPrinter - edu.ncsu.csc.itrust2.models.persistent.LogEntry{secondaryUser=null, logCode=5, primaryUser=logapitest, id=31, time=java.util.GregorianCalendar[time=1521521873872,areFieldsSet=true,areAllFieldsSet=true,lenient=true,zone=sun.util.calendar.ZoneInfo[id=&quot;Etc/UTC&quot;,offset=0,dstSavings=0,useDaylight=false,transitions=0,lastRule=null],firstDayOfWeek=1,minimalDaysInFirstWeek=1,ERA=1,YEAR=2018,MONTH=2,WEEK_OF_YEAR=12,WEEK_OF_MONTH=4,DAY_OF_MONTH=20,DAY_OF_YEAR=79,DAY_OF_WEEK=3,DAY_OF_WEEK_IN_MONTH=3,AM_PM=0,HOUR=4,HOUR_OF_DAY=4,MINUTE=57,SECOND=53,MILLISECOND=872,ZONE_OFFSET=0,DST_OFFSET=0], message=null}
04:57:53.878 [main] DEBUG org.hibernate.SQL - insert into LogEntries (logCode, message, primaryUser, secondaryUser, time, id) values (?, ?, ?, ?, ?, ?)
Hibernate: insert into LogEntries (logCode, message, primaryUser, secondaryUser, time, id) values (?, ?, ?, ?, ?, ?)
04:57:53.890 [main] DEBUG o.h.e.j.internal.JdbcCoordinatorImpl - HHH000420: Closing un-released batch
04:57:53.891 [main] DEBUG o.h.e.t.internal.TransactionImpl - begin
04:57:53.893 [main] DEBUG org.hibernate.SQL - select next_val as id_val from hibernate_sequence for update
Hibernate: select next_val as id_val from hibernate_sequence for update
04:57:53.894 [main] DEBUG org.hibernate.SQL - update hibernate_sequence set next_val= ? where next_val=?
Hibernate: update hibernate_sequence set next_val= ? where next_val=?
04:57:53.895 [main] DEBUG o.h.e.i.AbstractSaveEventListener - Generated identifier: 32, using strategy: org.hibernate.id.enhanced.SequenceStyleGenerator
04:57:53.895 [main] DEBUG o.h.e.t.internal.TransactionImpl - committing
04:57:53.895 [main] DEBUG o.h.e.i.AbstractFlushingEventListener - Processing flush-time cascades
04:57:53.895 [main] DEBUG o.h.e.i.AbstractFlushingEventListener - Dirty checking collections
04:57:53.896 [main] DEBUG o.h.e.i.AbstractFlushingEventListener - Flushed: 1 insertions, 0 updates, 0 deletions to 1 objects
04:57:53.896 [main] DEBUG o.h.e.i.AbstractFlushingEventListener - Flushed: 0 (re)creations, 0 updates, 0 removals to 0 collections
04:57:53.896 [main] DEBUG o.h.internal.util.EntityPrinter - Listing entities:
04:57:53.896 [main] DEBUG o.h.internal.util.EntityPrinter - edu.ncsu.csc.itrust2.models.persistent.LogEntry{secondaryUser=null, logCode=5, primaryUser=logapitest, id=32, time=java.util.GregorianCalendar[time=1521521873891,areFieldsSet=true,areAllFieldsSet=true,lenient=true,zone=sun.util.calendar.ZoneInfo[id=&quot;Etc/UTC&quot;,offset=0,dstSavings=0,useDaylight=false,transitions=0,lastRule=null],firstDayOfWeek=1,minimalDaysInFirstWeek=1,ERA=1,YEAR=2018,MONTH=2,WEEK_OF_YEAR=12,WEEK_OF_MONTH=4,DAY_OF_MONTH=20,DAY_OF_YEAR=79,DAY_OF_WEEK=3,DAY_OF_WEEK_IN_MONTH=3,AM_PM=0,HOUR=4,HOUR_OF_DAY=4,MINUTE=57,SECOND=53,MILLISECOND=891,ZONE_OFFSET=0,DST_OFFSET=0], message=null}
04:57:53.896 [main] DEBUG org.hibernate.SQL - insert into LogEntries (logCode, message, primaryUser, secondaryUser, time, id) values (?, ?, ?, ?, ?, ?)
Hibernate: insert into LogEntries (logCode, message, primaryUser, secondaryUser, time, id) values (?, ?, ?, ?, ?, ?)
04:57:53.905 [main] DEBUG o.h.e.j.internal.JdbcCoordinatorImpl - HHH000420: Closing un-released batch
04:57:53.906 [main] DEBUG o.h.e.t.internal.TransactionImpl - begin
04:57:53.911 [main] DEBUG org.hibernate.SQL - select next_val as id_val from hibernate_sequence for update
Hibernate: select next_val as id_val from hibernate_sequence for update
04:57:53.911 [main] DEBUG org.hibernate.SQL - update hibernate_sequence set next_val= ? where next_val=?
Hibernate: update hibernate_sequence set next_val= ? where next_val=?
04:57:53.912 [main] DEBUG o.h.e.i.AbstractSaveEventListener - Generated identifier: 33, using strategy: org.hibernate.id.enhanced.SequenceStyleGenerator
04:57:53.913 [main] DEBUG o.h.e.t.internal.TransactionImpl - committing
04:57:53.913 [main] DEBUG o.h.e.i.AbstractFlushingEventListener - Processing flush-time cascades
04:57:53.913 [main] DEBUG o.h.e.i.AbstractFlushingEventListener - Dirty checking collections
04:57:53.913 [main] DEBUG o.h.e.i.AbstractFlushingEventListener - Flushed: 1 insertions, 0 updates, 0 deletions to 1 objects
04:57:53.913 [main] DEBUG o.h.e.i.AbstractFlushingEventListener - Flushed: 0 (re)creations, 0 updates, 0 removals to 0 collections
04:57:53.913 [main] DEBUG o.h.internal.util.EntityPrinter - Listing entities:
04:57:53.913 [main] DEBUG o.h.internal.util.EntityPrinter - edu.ncsu.csc.itrust2.models.persistent.LogEntry{secondaryUser=null, logCode=5, primaryUser=logapitest, id=33, time=java.util.GregorianCalendar[time=1521521873905,areFieldsSet=true,areAllFieldsSet=true,lenient=true,zone=sun.util.calendar.ZoneInfo[id=&quot;Etc/UTC&quot;,offset=0,dstSavings=0,useDaylight=false,transitions=0,lastRule=null],firstDayOfWeek=1,minimalDaysInFirstWeek=1,ERA=1,YEAR=2018,MONTH=2,WEEK_OF_YEAR=12,WEEK_OF_MONTH=4,DAY_OF_MONTH=20,DAY_OF_YEAR=79,DAY_OF_WEEK=3,DAY_OF_WEEK_IN_MONTH=3,AM_PM=0,HOUR=4,HOUR_OF_DAY=4,MINUTE=57,SECOND=53,MILLISECOND=905,ZONE_OFFSET=0,DST_OFFSET=0], message=null}
04:57:53.914 [main] DEBUG org.hibernate.SQL - insert into LogEntries (logCode, message, primaryUser, secondaryUser, time, id) values (?, ?, ?, ?, ?, ?)
Hibernate: insert into LogEntries (logCode, message, primaryUser, secondaryUser, time, id) values (?, ?, ?, ?, ?, ?)
04:57:53.916 [main] DEBUG o.h.e.j.internal.JdbcCoordinatorImpl - HHH000420: Closing un-released batch
04:57:53.916 [main] DEBUG o.h.e.t.internal.TransactionImpl - begin
04:57:53.917 [main] DEBUG org.hibernate.SQL - select next_val as id_val from hibernate_sequence for update
Hibernate: select next_val as id_val from hibernate_sequence for update
04:57:53.918 [main] DEBUG org.hibernate.SQL - update hibernate_sequence set next_val= ? where next_val=?
Hibernate: update hibernate_sequence set next_val= ? where next_val=?
04:57:53.919 [main] DEBUG o.h.e.i.AbstractSaveEventListener - Generated identifier: 34, using strategy: org.hibernate.id.enhanced.SequenceStyleGenerator
04:57:53.920 [main] DEBUG o.h.e.t.internal.TransactionImpl - committing
04:57:53.921 [main] DEBUG o.h.e.i.AbstractFlushingEventListener - Processing flush-time cascades
04:57:53.921 [main] DEBUG o.h.e.i.AbstractFlushingEventListener - Dirty checking collections
04:57:53.921 [main] DEBUG o.h.e.i.AbstractFlushingEventListener - Flushed: 1 insertions, 0 updates, 0 deletions to 1 objects
04:57:53.922 [main] DEBUG o.h.e.i.AbstractFlushingEventListener - Flushed: 0 (re)creations, 0 updates, 0 removals to 0 collections
04:57:53.922 [main] DEBUG o.h.internal.util.EntityPrinter - Listing entities:
04:57:53.922 [main] DEBUG o.h.internal.util.EntityPrinter - edu.ncsu.csc.itrust2.models.persistent.LogEntry{secondaryUser=null, logCode=5, primaryUser=logapitest, id=34, time=java.util.GregorianCalendar[time=1521521873916,areFieldsSet=true,areAllFieldsSet=true,lenient=true,zone=sun.util.calendar.ZoneInfo[id=&quot;Etc/UTC&quot;,offset=0,dstSavings=0,useDaylight=false,transitions=0,lastRule=null],firstDayOfWeek=1,minimalDaysInFirstWeek=1,ERA=1,YEAR=2018,MONTH=2,WEEK_OF_YEAR=12,WEEK_OF_MONTH=4,DAY_OF_MONTH=20,DAY_OF_YEAR=79,DAY_OF_WEEK=3,DAY_OF_WEEK_IN_MONTH=3,AM_PM=0,HOUR=4,HOUR_OF_DAY=4,MINUTE=57,SECOND=53,MILLISECOND=916,ZONE_OFFSET=0,DST_OFFSET=0], message=null}
04:57:53.923 [main] DEBUG org.hibernate.SQL - insert into LogEntries (logCode, message, primaryUser, secondaryUser, time, id) values (?, ?, ?, ?, ?, ?)
Hibernate: insert into LogEntries (logCode, message, primaryUser, secondaryUser, time, id) values (?, ?, ?, ?, ?, ?)
04:57:53.930 [main] DEBUG o.h.e.j.internal.JdbcCoordinatorImpl - HHH000420: Closing un-released batch
04:57:53.931 [main] DEBUG o.h.e.t.internal.TransactionImpl - begin
04:57:53.932 [main] DEBUG org.hibernate.SQL - select next_val as id_val from hibernate_sequence for update
Hibernate: select next_val as id_val from hibernate_sequence for update
04:57:53.932 [main] DEBUG org.hibernate.SQL - update hibernate_sequence set next_val= ? where next_val=?
Hibernate: update hibernate_sequence set next_val= ? where next_val=?
04:57:53.933 [main] DEBUG o.h.e.i.AbstractSaveEventListener - Generated identifier: 35, using strategy: org.hibernate.id.enhanced.SequenceStyleGenerator
04:57:53.933 [main] DEBUG o.h.e.t.internal.TransactionImpl - committing
04:57:53.934 [main] DEBUG o.h.e.i.AbstractFlushingEventListener - Processing flush-time cascades
04:57:53.934 [main] DEBUG o.h.e.i.AbstractFlushingEventListener - Dirty checking collections
04:57:53.934 [main] DEBUG o.h.e.i.AbstractFlushingEventListener - Flushed: 1 insertions, 0 updates, 0 deletions to 1 objects
04:57:53.934 [main] DEBUG o.h.e.i.AbstractFlushingEventListener - Flushed: 0 (re)creations, 0 updates, 0 removals to 0 collections
04:57:53.934 [main] DEBUG o.h.internal.util.EntityPrinter - Listing entities:
04:57:53.934 [main] DEBUG o.h.internal.util.EntityPrinter - edu.ncsu.csc.itrust2.models.persistent.LogEntry{secondaryUser=null, logCode=5, primaryUser=logapitest, id=35, time=java.util.GregorianCalendar[time=1521521873931,areFieldsSet=true,areAllFieldsSet=true,lenient=true,zone=sun.util.calendar.ZoneInfo[id=&quot;Etc/UTC&quot;,offset=0,dstSavings=0,useDaylight=false,transitions=0,lastRule=null],firstDayOfWeek=1,minimalDaysInFirstWeek=1,ERA=1,YEAR=2018,MONTH=2,WEEK_OF_YEAR=12,WEEK_OF_MONTH=4,DAY_OF_MONTH=20,DAY_OF_YEAR=79,DAY_OF_WEEK=3,DAY_OF_WEEK_IN_MONTH=3,AM_PM=0,HOUR=4,HOUR_OF_DAY=4,MINUTE=57,SECOND=53,MILLISECOND=931,ZONE_OFFSET=0,DST_OFFSET=0], message=null}
04:57:53.935 [main] DEBUG org.hibernate.SQL - insert into LogEntries (logCode, message, primaryUser, secondaryUser, time, id) values (?, ?, ?, ?, ?, ?)
Hibernate: insert into LogEntries (logCode, message, primaryUser, secondaryUser, time, id) values (?, ?, ?, ?, ?, ?)
04:57:53.936 [main] DEBUG o.h.e.j.internal.JdbcCoordinatorImpl - HHH000420: Closing un-released batch
04:57:53.937 [main] DEBUG o.h.e.t.internal.TransactionImpl - begin
04:57:53.938 [main] DEBUG org.hibernate.SQL - select next_val as id_val from hibernate_sequence for update
Hibernate: select next_val as id_val from hibernate_sequence for update
04:57:53.939 [main] DEBUG org.hibernate.SQL - update hibernate_sequence set next_val= ? where next_val=?
Hibernate: update hibernate_sequence set next_val= ? where next_val=?
04:57:53.940 [main] DEBUG o.h.e.i.AbstractSaveEventListener - Generated identifier: 36, using strategy: org.hibernate.id.enhanced.SequenceStyleGenerator
04:57:53.941 [main] DEBUG o.h.e.t.internal.TransactionImpl - committing
04:57:53.941 [main] DEBUG o.h.e.i.AbstractFlushingEventListener - Processing flush-time cascades
04:57:53.941 [main] DEBUG o.h.e.i.AbstractFlushingEventListener - Dirty checking collections
04:57:53.941 [main] DEBUG o.h.e.i.AbstractFlushingEventListener - Flushed: 1 insertions, 0 updates, 0 deletions to 1 objects
04:57:53.941 [main] DEBUG o.h.e.i.AbstractFlushingEventListener - Flushed: 0 (re)creations, 0 updates, 0 removals to 0 collections
04:57:53.941 [main] DEBUG o.h.internal.util.EntityPrinter - Listing entities:
04:57:53.941 [main] DEBUG o.h.internal.util.EntityPrinter - edu.ncsu.csc.itrust2.models.persistent.LogEntry{secondaryUser=null, logCode=5, primaryUser=logapitest, id=36, time=java.util.GregorianCalendar[time=1521521873937,areFieldsSet=true,areAllFieldsSet=true,lenient=true,zone=sun.util.calendar.ZoneInfo[id=&quot;Etc/UTC&quot;,offset=0,dstSavings=0,useDaylight=false,transitions=0,lastRule=null],firstDayOfWeek=1,minimalDaysInFirstWeek=1,ERA=1,YEAR=2018,MONTH=2,WEEK_OF_YEAR=12,WEEK_OF_MONTH=4,DAY_OF_MONTH=20,DAY_OF_YEAR=79,DAY_OF_WEEK=3,DAY_OF_WEEK_IN_MONTH=3,AM_PM=0,HOUR=4,HOUR_OF_DAY=4,MINUTE=57,SECOND=53,MILLISECOND=937,ZONE_OFFSET=0,DST_OFFSET=0], message=null}
04:57:53.942 [main] DEBUG org.hibernate.SQL - insert into LogEntries (logCode, message, primaryUser, secondaryUser, time, id) values (?, ?, ?, ?, ?, ?)
Hibernate: insert into LogEntries (logCode, message, primaryUser, secondaryUser, time, id) values (?, ?, ?, ?, ?, ?)
04:57:53.951 [main] DEBUG o.h.e.j.internal.JdbcCoordinatorImpl - HHH000420: Closing un-released batch
04:57:53.951 [main] DEBUG o.h.e.t.internal.TransactionImpl - begin
04:57:53.952 [main] DEBUG org.hibernate.SQL - select next_val as id_val from hibernate_sequence for update
Hibernate: select next_val as id_val from hibernate_sequence for update
04:57:53.953 [main] DEBUG org.hibernate.SQL - update hibernate_sequence set next_val= ? where next_val=?
Hibernate: update hibernate_sequence set next_val= ? where next_val=?
04:57:53.954 [main] DEBUG o.h.e.i.AbstractSaveEventListener - Generated identifier: 37, using strategy: org.hibernate.id.enhanced.SequenceStyleGenerator
04:57:53.954 [main] DEBUG o.h.e.t.internal.TransactionImpl - committing
04:57:53.955 [main] DEBUG o.h.e.i.AbstractFlushingEventListener - Processing flush-time cascades
04:57:53.955 [main] DEBUG o.h.e.i.AbstractFlushingEventListener - Dirty checking collections
04:57:53.955 [main] DEBUG o.h.e.i.AbstractFlushingEventListener - Flushed: 1 insertions, 0 updates, 0 deletions to 1 objects
04:57:53.955 [main] DEBUG o.h.e.i.AbstractFlushingEventListener - Flushed: 0 (re)creations, 0 updates, 0 removals to 0 collections
04:57:53.955 [main] DEBUG o.h.internal.util.EntityPrinter - Listing entities:
04:57:53.955 [main] DEBUG o.h.internal.util.EntityPrinter - edu.ncsu.csc.itrust2.models.persistent.LogEntry{secondaryUser=null, logCode=5, primaryUser=logapitest, id=37, time=java.util.GregorianCalendar[time=1521521873951,areFieldsSet=true,areAllFieldsSet=true,lenient=true,zone=sun.util.calendar.ZoneInfo[id=&quot;Etc/UTC&quot;,offset=0,dstSavings=0,useDaylight=false,transitions=0,lastRule=null],firstDayOfWeek=1,minimalDaysInFirstWeek=1,ERA=1,YEAR=2018,MONTH=2,WEEK_OF_YEAR=12,WEEK_OF_MONTH=4,DAY_OF_MONTH=20,DAY_OF_YEAR=79,DAY_OF_WEEK=3,DAY_OF_WEEK_IN_MONTH=3,AM_PM=0,HOUR=4,HOUR_OF_DAY=4,MINUTE=57,SECOND=53,MILLISECOND=951,ZONE_OFFSET=0,DST_OFFSET=0], message=null}
04:57:53.956 [main] DEBUG org.hibernate.SQL - insert into LogEntries (logCode, message, primaryUser, secondaryUser, time, id) values (?, ?, ?, ?, ?, ?)
Hibernate: insert into LogEntries (logCode, message, primaryUser, secondaryUser, time, id) values (?, ?, ?, ?, ?, ?)
04:57:53.957 [main] DEBUG o.h.e.j.internal.JdbcCoordinatorImpl - HHH000420: Closing un-released batch

...[truncated 1284793 chars]...
2.models.persistent.LogEntry#407]
04:57:57.935 [main] DEBUG o.h.engine.internal.TwoPhaseLoad - Done materializing entity [edu.ncsu.csc.itrust2.models.persistent.LogEntry#407]
04:57:57.935 [main] DEBUG o.h.engine.internal.TwoPhaseLoad - Resolving associations for [edu.ncsu.csc.itrust2.models.persistent.LogEntry#408]
04:57:57.935 [main] DEBUG o.h.engine.internal.TwoPhaseLoad - Done materializing entity [edu.ncsu.csc.itrust2.models.persistent.LogEntry#408]
04:57:57.936 [main] DEBUG o.h.engine.internal.TwoPhaseLoad - Resolving associations for [edu.ncsu.csc.itrust2.models.persistent.LogEntry#409]
04:57:57.936 [main] DEBUG o.h.engine.internal.TwoPhaseLoad - Done materializing entity [edu.ncsu.csc.itrust2.models.persistent.LogEntry#409]
04:57:57.936 [main] DEBUG o.h.engine.internal.TwoPhaseLoad - Resolving associations for [edu.ncsu.csc.itrust2.models.persistent.LogEntry#410]
04:57:57.936 [main] DEBUG o.h.engine.internal.TwoPhaseLoad - Done materializing entity [edu.ncsu.csc.itrust2.models.persistent.LogEntry#410]
04:57:57.936 [main] DEBUG o.h.engine.internal.TwoPhaseLoad - Resolving associations for [edu.ncsu.csc.itrust2.models.persistent.LogEntry#411]
04:57:57.936 [main] DEBUG o.h.engine.internal.TwoPhaseLoad - Done materializing entity [edu.ncsu.csc.itrust2.models.persistent.LogEntry#411]
04:57:57.936 [main] DEBUG o.h.engine.internal.TwoPhaseLoad - Resolving associations for [edu.ncsu.csc.itrust2.models.persistent.LogEntry#412]
04:57:57.936 [main] DEBUG o.h.engine.internal.TwoPhaseLoad - Done materializing entity [edu.ncsu.csc.itrust2.models.persistent.LogEntry#412]
04:57:57.936 [main] DEBUG o.h.engine.internal.TwoPhaseLoad - Resolving associations for [edu.ncsu.csc.itrust2.models.persistent.LogEntry#413]
04:57:57.936 [main] DEBUG o.h.engine.internal.TwoPhaseLoad - Done materializing entity [edu.ncsu.csc.itrust2.models.persistent.LogEntry#413]
04:57:57.936 [main] DEBUG o.h.engine.internal.TwoPhaseLoad - Resolving associations for [edu.ncsu.csc.itrust2.models.persistent.LogEntry#414]
04:57:57.936 [main] DEBUG o.h.engine.internal.TwoPhaseLoad - Done materializing entity [edu.ncsu.csc.itrust2.models.persistent.LogEntry#414]
04:57:57.936 [main] DEBUG o.h.engine.internal.TwoPhaseLoad - Resolving associations for [edu.ncsu.csc.itrust2.models.persistent.LogEntry#415]
04:57:57.936 [main] DEBUG o.h.engine.internal.TwoPhaseLoad - Done materializing entity [edu.ncsu.csc.itrust2.models.persistent.LogEntry#415]
04:57:57.936 [main] DEBUG o.h.engine.internal.TwoPhaseLoad - Resolving associations for [edu.ncsu.csc.itrust2.models.persistent.LogEntry#416]
04:57:57.936 [main] DEBUG o.h.engine.internal.TwoPhaseLoad - Done materializing entity [edu.ncsu.csc.itrust2.models.persistent.LogEntry#416]
04:57:57.936 [main] DEBUG o.h.engine.internal.TwoPhaseLoad - Resolving associations for [edu.ncsu.csc.itrust2.models.persistent.LogEntry#417]
04:57:57.936 [main] DEBUG o.h.engine.internal.TwoPhaseLoad - Done materializing entity [edu.ncsu.csc.itrust2.models.persistent.LogEntry#417]
04:57:57.936 [main] DEBUG o.h.engine.internal.TwoPhaseLoad - Resolving associations for [edu.ncsu.csc.itrust2.models.persistent.LogEntry#418]
04:57:57.936 [main] DEBUG o.h.engine.internal.TwoPhaseLoad - Done materializing entity [edu.ncsu.csc.itrust2.models.persistent.LogEntry#418]
04:57:57.936 [main] DEBUG o.h.engine.internal.TwoPhaseLoad - Resolving associations for [edu.ncsu.csc.itrust2.models.persistent.LogEntry#419]
04:57:57.936 [main] DEBUG o.h.engine.internal.TwoPhaseLoad - Done materializing entity [edu.ncsu.csc.itrust2.models.persistent.LogEntry#419]
04:57:57.936 [main] DEBUG o.h.engine.internal.TwoPhaseLoad - Resolving associations for [edu.ncsu.csc.itrust2.models.persistent.LogEntry#420]
04:57:57.936 [main] DEBUG o.h.engine.internal.TwoPhaseLoad - Done materializing entity [edu.ncsu.csc.itrust2.models.persistent.LogEntry#420]
04:57:57.937 [main] DEBUG o.h.engine.internal.TwoPhaseLoad - Resolving associations for [edu.ncsu.csc.itrust2.models.persistent.LogEntry#421]
04:57:57.937 [main] DEBUG o.h.engine.internal.TwoPhaseLoad - Done materializing entity [edu.ncsu.csc.itrust2.models.persistent.LogEntry#421]
04:57:57.937 [main] DEBUG o.h.engine.internal.TwoPhaseLoad - Resolving associations for [edu.ncsu.csc.itrust2.models.persistent.LogEntry#422]
04:57:57.937 [main] DEBUG o.h.engine.internal.TwoPhaseLoad - Done materializing entity [edu.ncsu.csc.itrust2.models.persistent.LogEntry#422]
04:57:57.937 [main] DEBUG o.h.engine.internal.TwoPhaseLoad - Resolving associations for [edu.ncsu.csc.itrust2.models.persistent.LogEntry#423]
04:57:57.937 [main] DEBUG o.h.engine.internal.TwoPhaseLoad - Done materializing entity [edu.ncsu.csc.itrust2.models.persistent.LogEntry#423]
04:57:57.937 [main] DEBUG o.h.engine.internal.TwoPhaseLoad - Resolving associations for [edu.ncsu.csc.itrust2.models.persistent.LogEntry#424]
04:57:57.937 [main] DEBUG o.h.engine.internal.TwoPhaseLoad - Done materializing entity [edu.ncsu.csc.itrust2.models.persistent.LogEntry#424]
04:57:57.937 [main] DEBUG o.h.engine.internal.TwoPhaseLoad - Resolving associations for [edu.ncsu.csc.itrust2.models.persistent.LogEntry#425]
04:57:57.937 [main] DEBUG o.h.engine.internal.TwoPhaseLoad - Done materializing entity [edu.ncsu.csc.itrust2.models.persistent.LogEntry#425]
04:57:57.937 [main] DEBUG o.h.engine.internal.TwoPhaseLoad - Resolving associations for [edu.ncsu.csc.itrust2.models.persistent.LogEntry#426]
04:57:57.937 [main] DEBUG o.h.engine.internal.TwoPhaseLoad - Done materializing entity [edu.ncsu.csc.itrust2.models.persistent.LogEntry#426]
04:57:57.937 [main] DEBUG o.h.engine.internal.TwoPhaseLoad - Resolving associations for [edu.ncsu.csc.itrust2.models.persistent.LogEntry#427]
04:57:57.937 [main] DEBUG o.h.engine.internal.TwoPhaseLoad - Done materializing entity [edu.ncsu.csc.itrust2.models.persistent.LogEntry#427]
04:57:57.937 [main] DEBUG o.h.engine.internal.TwoPhaseLoad - Resolving associations for [edu.ncsu.csc.itrust2.models.persistent.LogEntry#428]
04:57:57.937 [main] DEBUG o.h.engine.internal.TwoPhaseLoad - Done materializing entity [edu.ncsu.csc.itrust2.models.persistent.LogEntry#428]
04:57:57.937 [main] DEBUG o.h.engine.internal.TwoPhaseLoad - Resolving associations for [edu.ncsu.csc.itrust2.models.persistent.LogEntry#429]
04:57:57.937 [main] DEBUG o.h.engine.internal.TwoPhaseLoad - Done materializing entity [edu.ncsu.csc.itrust2.models.persistent.LogEntry#429]
04:57:57.937 [main] DEBUG o.h.engine.internal.TwoPhaseLoad - Resolving associations for [edu.ncsu.csc.itrust2.models.persistent.LogEntry#430]
04:57:57.937 [main] DEBUG o.h.engine.internal.TwoPhaseLoad - Done materializing entity [edu.ncsu.csc.itrust2.models.persistent.LogEntry#430]
04:57:57.937 [main] DEBUG o.h.engine.internal.TwoPhaseLoad - Resolving associations for [edu.ncsu.csc.itrust2.models.persistent.LogEntry#431]
04:57:57.937 [main] DEBUG o.h.engine.internal.TwoPhaseLoad - Done materializing entity [edu.ncsu.csc.itrust2.models.persistent.LogEntry#431]
04:57:57.937 [main] DEBUG o.h.engine.internal.TwoPhaseLoad - Resolving associations for [edu.ncsu.csc.itrust2.models.persistent.LogEntry#432]
04:57:57.937 [main] DEBUG o.h.engine.internal.TwoPhaseLoad - Done materializing entity [edu.ncsu.csc.itrust2.models.persistent.LogEntry#432]
04:57:57.938 [main] DEBUG o.h.engine.internal.TwoPhaseLoad - Resolving associations for [edu.ncsu.csc.itrust2.models.persistent.LogEntry#433]
04:57:57.938 [main] DEBUG o.h.engine.internal.TwoPhaseLoad - Done materializing entity [edu.ncsu.csc.itrust2.models.persistent.LogEntry#433]
04:57:57.938 [main] DEBUG o.h.engine.internal.TwoPhaseLoad - Resolving associations for [edu.ncsu.csc.itrust2.models.persistent.LogEntry#434]
04:57:57.938 [main] DEBUG o.h.engine.internal.TwoPhaseLoad - Done materializing entity [edu.ncsu.csc.itrust2.models.persistent.LogEntry#434]
04:57:57.938 [main] DEBUG o.h.engine.internal.TwoPhaseLoad - Resolving associations for [edu.ncsu.csc.itrust2.models.persistent.LogEntry#435]
04:57:57.938 [main] DEBUG o.h.engine.internal.TwoPhaseLoad - Done materializing entity [edu.ncsu.csc.itrust2.models.persistent.LogEntry#435]
04:57:57.938 [main] DEBUG o.h.engine.internal.TwoPhaseLoad - Resolving associations for [edu.ncsu.csc.itrust2.models.persistent.LogEntry#436]
04:57:57.938 [main] DEBUG o.h.engine.internal.TwoPhaseLoad - Done materializing entity [edu.ncsu.csc.itrust2.models.persistent.LogEntry#436]
04:57:57.938 [main] DEBUG o.h.engine.internal.TwoPhaseLoad - Resolving associations for [edu.ncsu.csc.itrust2.models.persistent.LogEntry#437]
04:57:57.938 [main] DEBUG o.h.engine.internal.TwoPhaseLoad - Done materializing entity [edu.ncsu.csc.itrust2.models.persistent.LogEntry#437]
04:57:57.938 [main] DEBUG o.h.engine.internal.TwoPhaseLoad - Resolving associations for [edu.ncsu.csc.itrust2.models.persistent.LogEntry#438]
04:57:57.938 [main] DEBUG o.h.engine.internal.TwoPhaseLoad - Done materializing entity [edu.ncsu.csc.itrust2.models.persistent.LogEntry#438]
04:57:57.938 [main] DEBUG o.h.engine.internal.TwoPhaseLoad - Resolving associations for [edu.ncsu.csc.itrust2.models.persistent.LogEntry#439]
04:57:57.938 [main] DEBUG o.h.engine.internal.TwoPhaseLoad - Done materializing entity [edu.ncsu.csc.itrust2.models.persistent.LogEntry#439]
04:57:57.938 [main] DEBUG o.h.engine.internal.TwoPhaseLoad - Resolving associations for [edu.ncsu.csc.itrust2.models.persistent.LogEntry#440]
04:57:57.938 [main] DEBUG o.h.engine.internal.TwoPhaseLoad - Done materializing entity [edu.ncsu.csc.itrust2.models.persistent.LogEntry#440]
04:57:57.938 [main] DEBUG o.h.engine.internal.TwoPhaseLoad - Resolving associations for [edu.ncsu.csc.itrust2.models.persistent.LogEntry#441]
04:57:57.938 [main] DEBUG o.h.engine.internal.TwoPhaseLoad - Done materializing entity [edu.ncsu.csc.itrust2.models.persistent.LogEntry#441]
04:57:57.938 [main] DEBUG o.h.engine.internal.TwoPhaseLoad - Resolving associations for [edu.ncsu.csc.itrust2.models.persistent.LogEntry#442]
04:57:57.938 [main] DEBUG o.h.engine.internal.TwoPhaseLoad - Done materializing entity [edu.ncsu.csc.itrust2.models.persistent.LogEntry#442]
04:57:57.938 [main] DEBUG o.h.engine.internal.TwoPhaseLoad - Resolving associations for [edu.ncsu.csc.itrust2.models.persistent.LogEntry#443]
04:57:57.938 [main] DEBUG o.h.engine.internal.TwoPhaseLoad - Done materializing entity [edu.ncsu.csc.itrust2.models.persistent.LogEntry#443]
04:57:57.939 [main] DEBUG o.h.engine.internal.TwoPhaseLoad - Resolving associations for [edu.ncsu.csc.itrust2.models.persistent.LogEntry#444]
04:57:57.939 [main] DEBUG o.h.engine.internal.TwoPhaseLoad - Done materializing entity [edu.ncsu.csc.itrust2.models.persistent.LogEntry#444]
04:57:57.939 [main] DEBUG o.h.engine.internal.TwoPhaseLoad - Resolving associations for [edu.ncsu.csc.itrust2.models.persistent.LogEntry#445]
04:57:57.939 [main] DEBUG o.h.engine.internal.TwoPhaseLoad - Done materializing entity [edu.ncsu.csc.itrust2.models.persistent.LogEntry#445]
04:57:57.939 [main] DEBUG o.h.engine.internal.TwoPhaseLoad - Resolving associations for [edu.ncsu.csc.itrust2.models.persistent.LogEntry#446]
04:57:57.939 [main] DEBUG o.h.engine.internal.TwoPhaseLoad - Done materializing entity [edu.ncsu.csc.itrust2.models.persistent.LogEntry#446]
04:57:57.939 [main] DEBUG o.h.engine.internal.TwoPhaseLoad - Resolving associations for [edu.ncsu.csc.itrust2.models.persistent.LogEntry#447]
04:57:57.939 [main] DEBUG o.h.engine.internal.TwoPhaseLoad - Done materializing entity [edu.ncsu.csc.itrust2.models.persistent.LogEntry#447]
04:57:57.939 [main] DEBUG o.h.engine.internal.TwoPhaseLoad - Resolving associations for [edu.ncsu.csc.itrust2.models.persistent.LogEntry#448]
04:57:57.939 [main] DEBUG o.h.engine.internal.TwoPhaseLoad - Done materializing entity [edu.ncsu.csc.itrust2.models.persistent.LogEntry#448]
04:57:57.939 [main] DEBUG o.h.engine.internal.TwoPhaseLoad - Resolving associations for [edu.ncsu.csc.itrust2.models.persistent.LogEntry#449]
04:57:57.939 [main] DEBUG o.h.engine.internal.TwoPhaseLoad - Done materializing entity [edu.ncsu.csc.itrust2.models.persistent.LogEntry#449]
04:57:57.939 [main] DEBUG o.h.engine.internal.TwoPhaseLoad - Resolving associations for [edu.ncsu.csc.itrust2.models.persistent.LogEntry#450]
04:57:57.939 [main] DEBUG o.h.engine.internal.TwoPhaseLoad - Done materializing entity [edu.ncsu.csc.itrust2.models.persistent.LogEntry#450]
04:57:57.939 [main] DEBUG o.h.engine.internal.TwoPhaseLoad - Resolving associations for [edu.ncsu.csc.itrust2.models.persistent.LogEntry#451]
04:57:57.939 [main] DEBUG o.h.engine.internal.TwoPhaseLoad - Done materializing entity [edu.ncsu.csc.itrust2.models.persistent.LogEntry#451]
04:57:57.940 [main] DEBUG o.h.engine.internal.TwoPhaseLoad - Resolving associations for [edu.ncsu.csc.itrust2.models.persistent.LogEntry#452]
04:57:57.940 [main] DEBUG o.h.engine.internal.TwoPhaseLoad - Done materializing entity [edu.ncsu.csc.itrust2.models.persistent.LogEntry#452]
04:57:57.940 [main] DEBUG o.h.engine.internal.TwoPhaseLoad - Resolving associations for [edu.ncsu.csc.itrust2.models.persistent.LogEntry#453]
04:57:57.940 [main] DEBUG o.h.engine.internal.TwoPhaseLoad - Done materializing entity [edu.ncsu.csc.itrust2.models.persistent.LogEntry#453]
04:57:57.940 [main] DEBUG o.h.engine.internal.TwoPhaseLoad - Resolving associations for [edu.ncsu.csc.itrust2.models.persistent.LogEntry#454]
04:57:57.940 [main] DEBUG o.h.engine.internal.TwoPhaseLoad - Done materializing entity [edu.ncsu.csc.itrust2.models.persistent.LogEntry#454]
04:57:57.940 [main] DEBUG o.h.engine.internal.TwoPhaseLoad - Resolving associations for [edu.ncsu.csc.itrust2.models.persistent.LogEntry#455]
04:57:57.940 [main] DEBUG o.h.engine.internal.TwoPhaseLoad - Done materializing entity [edu.ncsu.csc.itrust2.models.persistent.LogEntry#455]
04:57:57.940 [main] DEBUG o.h.engine.internal.TwoPhaseLoad - Resolving associations for [edu.ncsu.csc.itrust2.models.persistent.LogEntry#456]
04:57:57.940 [main] DEBUG o.h.engine.internal.TwoPhaseLoad - Done materializing entity [edu.ncsu.csc.itrust2.models.persistent.LogEntry#456]
04:57:57.940 [main] DEBUG o.h.engine.internal.TwoPhaseLoad - Resolving associations for [edu.ncsu.csc.itrust2.models.persistent.LogEntry#457]
04:57:57.940 [main] DEBUG o.h.engine.internal.TwoPhaseLoad - Done materializing entity [edu.ncsu.csc.itrust2.models.persistent.LogEntry#457]
04:57:57.940 [main] DEBUG o.h.engine.internal.TwoPhaseLoad - Resolving associations for [edu.ncsu.csc.itrust2.models.persistent.LogEntry#458]
04:57:57.940 [main] DEBUG o.h.engine.internal.TwoPhaseLoad - Done materializing entity [edu.ncsu.csc.itrust2.models.persistent.LogEntry#458]
04:57:57.940 [main] DEBUG o.h.engine.internal.TwoPhaseLoad - Resolving associations for [edu.ncsu.csc.itrust2.models.persistent.LogEntry#459]
04:57:57.940 [main] DEBUG o.h.engine.internal.TwoPhaseLoad - Done materializing entity [edu.ncsu.csc.itrust2.models.persistent.LogEntry#459]
04:57:57.940 [main] DEBUG o.h.engine.internal.TwoPhaseLoad - Resolving associations for [edu.ncsu.csc.itrust2.models.persistent.LogEntry#460]
04:57:57.940 [main] DEBUG o.h.engine.internal.TwoPhaseLoad - Done materializing entity [edu.ncsu.csc.itrust2.models.persistent.LogEntry#460]
04:57:57.940 [main] DEBUG o.h.engine.internal.TwoPhaseLoad - Resolving associations for [edu.ncsu.csc.itrust2.models.persistent.LogEntry#461]
04:57:57.941 [main] DEBUG o.h.engine.internal.TwoPhaseLoad - Done materializing entity [edu.ncsu.csc.itrust2.models.persistent.LogEntry#461]
04:57:57.941 [main] DEBUG o.h.engine.internal.TwoPhaseLoad - Resolving associations for [edu.ncsu.csc.itrust2.models.persistent.LogEntry#462]
04:57:57.941 [main] DEBUG o.h.engine.internal.TwoPhaseLoad - Done materializing entity [edu.ncsu.csc.itrust2.models.persistent.LogEntry#462]
04:57:57.941 [main] DEBUG o.h.engine.internal.TwoPhaseLoad - Resolving associations for [edu.ncsu.csc.itrust2.models.persistent.LogEntry#463]
04:57:57.941 [main] DEBUG o.h.engine.internal.TwoPhaseLoad - Done materializing entity [edu.ncsu.csc.itrust2.models.persistent.LogEntry#463]
04:57:57.941 [main] DEBUG o.h.engine.internal.TwoPhaseLoad - Resolving associations for [edu.ncsu.csc.itrust2.models.persistent.LogEntry#464]
04:57:57.941 [main] DEBUG o.h.engine.internal.TwoPhaseLoad - Done materializing entity [edu.ncsu.csc.itrust2.models.persistent.LogEntry#464]
04:57:57.941 [main] DEBUG o.h.engine.internal.TwoPhaseLoad - Resolving associations for [edu.ncsu.csc.itrust2.models.persistent.LogEntry#465]
04:57:57.941 [main] DEBUG o.h.engine.internal.TwoPhaseLoad - Done materializing entity [edu.ncsu.csc.itrust2.models.persistent.LogEntry#465]
04:57:57.941 [main] DEBUG o.h.engine.internal.TwoPhaseLoad - Resolving associations for [edu.ncsu.csc.itrust2.models.persistent.LogEntry#466]
04:57:57.941 [main] DEBUG o.h.engine.internal.TwoPhaseLoad - Done materializing entity [edu.ncsu.csc.itrust2.models.persistent.LogEntry#466]
04:57:57.941 [main] DEBUG o.h.engine.internal.TwoPhaseLoad - Resolving associations for [edu.ncsu.csc.itrust2.models.persistent.LogEntry#467]
04:57:57.941 [main] DEBUG o.h.engine.internal.TwoPhaseLoad - Done materializing entity [edu.ncsu.csc.itrust2.models.persistent.LogEntry#467]
04:57:57.941 [main] DEBUG o.h.engine.internal.TwoPhaseLoad - Resolving associations for [edu.ncsu.csc.itrust2.models.persistent.LogEntry#468]
04:57:57.941 [main] DEBUG o.h.engine.internal.TwoPhaseLoad - Done materializing entity [edu.ncsu.csc.itrust2.models.persistent.LogEntry#468]
04:57:57.941 [main] DEBUG o.h.engine.internal.TwoPhaseLoad - Resolving associations for [edu.ncsu.csc.itrust2.models.persistent.LogEntry#469]
04:57:57.941 [main] DEBUG o.h.engine.internal.TwoPhaseLoad - Done materializing entity [edu.ncsu.csc.itrust2.models.persistent.LogEntry#469]
04:57:57.941 [main] DEBUG o.h.engine.internal.TwoPhaseLoad - Resolving associations for [edu.ncsu.csc.itrust2.models.persistent.LogEntry#470]
04:57:57.941 [main] DEBUG o.h.engine.internal.TwoPhaseLoad - Done materializing entity [edu.ncsu.csc.itrust2.models.persistent.LogEntry#470]
04:57:57.941 [main] DEBUG o.h.engine.internal.TwoPhaseLoad - Resolving associations for [edu.ncsu.csc.itrust2.models.persistent.LogEntry#471]
04:57:57.941 [main] DEBUG o.h.engine.internal.TwoPhaseLoad - Done materializing entity [edu.ncsu.csc.itrust2.models.persistent.LogEntry#471]
04:57:57.941 [main] DEBUG o.h.engine.internal.TwoPhaseLoad - Resolving associations for [edu.ncsu.csc.itrust2.models.persistent.LogEntry#472]
04:57:57.942 [main] DEBUG o.h.engine.internal.TwoPhaseLoad - Done materializing entity [edu.ncsu.csc.itrust2.models.persistent.LogEntry#472]
04:57:57.942 [main] DEBUG o.h.engine.internal.TwoPhaseLoad - Resolving associations for [edu.ncsu.csc.itrust2.models.persistent.LogEntry#473]
04:57:57.942 [main] DEBUG o.h.engine.internal.TwoPhaseLoad - Done materializing entity [edu.ncsu.csc.itrust2.models.persistent.LogEntry#473]
04:57:57.942 [main] DEBUG o.h.engine.internal.TwoPhaseLoad - Resolving associations for [edu.ncsu.csc.itrust2.models.persistent.LogEntry#474]
04:57:57.942 [main] DEBUG o.h.engine.internal.TwoPhaseLoad - Done materializing entity [edu.ncsu.csc.itrust2.models.persistent.LogEntry#474]
04:57:57.942 [main] DEBUG o.h.engine.internal.TwoPhaseLoad - Resolving associations for [edu.ncsu.csc.itrust2.models.persistent.LogEntry#475]
04:57:57.942 [main] DEBUG o.h.engine.internal.TwoPhaseLoad - Done materializing entity [edu.ncsu.csc.itrust2.models.persistent.LogEntry#475]
04:57:57.942 [main] DEBUG o.h.engine.internal.TwoPhaseLoad - Resolving associations for [edu.ncsu.csc.itrust2.models.persistent.LogEntry#476]
04:57:57.942 [main] DEBUG o.h.engine.internal.TwoPhaseLoad - Done materializing entity [edu.ncsu.csc.itrust2.models.persistent.LogEntry#476]
04:57:57.942 [main] DEBUG o.h.engine.internal.TwoPhaseLoad - Resolving associations for [edu.ncsu.csc.itrust2.models.persistent.LogEntry#477]
04:57:57.942 [main] DEBUG o.h.engine.internal.TwoPhaseLoad - Done materializing entity [edu.ncsu.csc.itrust2.models.persistent.LogEntry#477]
04:57:57.942 [main] DEBUG o.h.engine.internal.TwoPhaseLoad - Resolving associations for [edu.ncsu.csc.itrust2.models.persistent.LogEntry#478]
04:57:57.942 [main] DEBUG o.h.engine.internal.TwoPhaseLoad - Done materializing entity [edu.ncsu.csc.itrust2.models.persistent.LogEntry#478]
04:57:57.942 [main] DEBUG o.h.engine.internal.TwoPhaseLoad - Resolving associations for [edu.ncsu.csc.itrust2.models.persistent.LogEntry#479]
04:57:57.942 [main] DEBUG o.h.engine.internal.TwoPhaseLoad - Done materializing entity [edu.ncsu.csc.itrust2.models.persistent.LogEntry#479]
04:57:57.942 [main] DEBUG o.h.engine.internal.TwoPhaseLoad - Resolving associations for [edu.ncsu.csc.itrust2.models.persistent.LogEntry#480]
04:57:57.942 [main] DEBUG o.h.engine.internal.TwoPhaseLoad - Done materializing entity [edu.ncsu.csc.itrust2.models.persistent.LogEntry#480]
04:57:57.942 [main] DEBUG o.h.engine.internal.TwoPhaseLoad - Resolving associations for [edu.ncsu.csc.itrust2.models.persistent.LogEntry#481]
04:57:57.942 [main] DEBUG o.h.engine.internal.TwoPhaseLoad - Done materializing entity [edu.ncsu.csc.itrust2.models.persistent.LogEntry#481]
04:57:57.942 [main] DEBUG o.h.engine.internal.TwoPhaseLoad - Resolving associations for [edu.ncsu.csc.itrust2.models.persistent.LogEntry#482]
04:57:57.942 [main] DEBUG o.h.engine.internal.TwoPhaseLoad - Done materializing entity [edu.ncsu.csc.itrust2.models.persistent.LogEntry#482]
04:57:57.942 [main] DEBUG o.h.engine.internal.TwoPhaseLoad - Resolving associations for [edu.ncsu.csc.itrust2.models.persistent.LogEntry#483]
04:57:57.943 [main] DEBUG o.h.engine.internal.TwoPhaseLoad - Done materializing entity [edu.ncsu.csc.itrust2.models.persistent.LogEntry#483]
04:57:57.943 [main] DEBUG o.h.engine.internal.TwoPhaseLoad - Resolving associations for [edu.ncsu.csc.itrust2.models.persistent.LogEntry#484]
04:57:57.943 [main] DEBUG o.h.engine.internal.TwoPhaseLoad - Done materializing entity [edu.ncsu.csc.itrust2.models.persistent.LogEntry#484]
04:57:57.943 [main] DEBUG o.h.engine.internal.TwoPhaseLoad - Resolving associations for [edu.ncsu.csc.itrust2.models.persistent.LogEntry#485]
04:57:57.943 [main] DEBUG o.h.engine.internal.TwoPhaseLoad - Done materializing entity [edu.ncsu.csc.itrust2.models.persistent.LogEntry#485]
04:57:57.943 [main] DEBUG o.h.engine.internal.TwoPhaseLoad - Resolving associations for [edu.ncsu.csc.itrust2.models.persistent.LogEntry#486]
04:57:57.943 [main] DEBUG o.h.engine.internal.TwoPhaseLoad - Done materializing entity [edu.ncsu.csc.itrust2.models.persistent.LogEntry#486]
04:57:57.943 [main] DEBUG o.h.engine.internal.TwoPhaseLoad - Resolving associations for [edu.ncsu.csc.itrust2.models.persistent.LogEntry#487]
04:57:57.943 [main] DEBUG o.h.engine.internal.TwoPhaseLoad - Done materializing entity [edu.ncsu.csc.itrust2.models.persistent.LogEntry#487]
04:57:57.943 [main] DEBUG o.h.engine.internal.TwoPhaseLoad - Resolving associations for [edu.ncsu.csc.itrust2.models.persistent.LogEntry#488]
04:57:57.943 [main] DEBUG o.h.engine.internal.TwoPhaseLoad - Done materializing entity [edu.ncsu.csc.itrust2.models.persistent.LogEntry#488]
04:57:57.943 [main] DEBUG o.h.engine.internal.TwoPhaseLoad - Resolving associations for [edu.ncsu.csc.itrust2.models.persistent.LogEntry#489]
04:57:57.943 [main] DEBUG o.h.engine.internal.TwoPhaseLoad - Done materializing entity [edu.ncsu.csc.itrust2.models.persistent.LogEntry#489]
04:57:57.943 [main] DEBUG o.h.engine.internal.TwoPhaseLoad - Resolving associations for [edu.ncsu.csc.itrust2.models.persistent.LogEntry#490]
04:57:57.943 [main] DEBUG o.h.engine.internal.TwoPhaseLoad - Done materializing entity [edu.ncsu.csc.itrust2.models.persistent.LogEntry#490]
04:57:57.943 [main] DEBUG o.h.engine.internal.TwoPhaseLoad - Resolving associations for [edu.ncsu.csc.itrust2.models.persistent.LogEntry#491]
04:57:57.943 [main] DEBUG o.h.engine.internal.TwoPhaseLoad - Done materializing entity [edu.ncsu.csc.itrust2.models.persistent.LogEntry#491]
04:57:57.943 [main] DEBUG o.h.engine.internal.TwoPhaseLoad - Resolving associations for [edu.ncsu.csc.itrust2.models.persistent.LogEntry#492]
04:57:57.943 [main] DEBUG o.h.engine.internal.TwoPhaseLoad - Done materializing entity [edu.ncsu.csc.itrust2.models.persistent.LogEntry#492]
04:57:57.943 [main] DEBUG o.h.engine.internal.TwoPhaseLoad - Resolving associations for [edu.ncsu.csc.itrust2.models.persistent.LogEntry#493]
04:57:57.943 [main] DEBUG o.h.engine.internal.TwoPhaseLoad - Done materializing entity [edu.ncsu.csc.itrust2.models.persistent.LogEntry#493]
04:57:57.943 [main] DEBUG o.h.engine.internal.TwoPhaseLoad - Resolving associations for [edu.ncsu.csc.itrust2.models.persistent.LogEntry#494]
04:57:57.943 [main] DEBUG o.h.engine.internal.TwoPhaseLoad - Done materializing entity [edu.ncsu.csc.itrust2.models.persistent.LogEntry#494]
04:57:57.943 [main] DEBUG o.h.engine.internal.TwoPhaseLoad - Resolving associations for [edu.ncsu.csc.itrust2.models.persistent.LogEntry#495]
04:57:57.944 [main] DEBUG o.h.engine.internal.TwoPhaseLoad - Done materializing entity [edu.ncsu.csc.itrust2.models.persistent.LogEntry#495]
04:57:57.944 [main] DEBUG o.h.engine.internal.TwoPhaseLoad - Resolving associations for [edu.ncsu.csc.itrust2.models.persistent.LogEntry#496]
04:57:57.944 [main] DEBUG o.h.engine.internal.TwoPhaseLoad - Done materializing entity [edu.ncsu.csc.itrust2.models.persistent.LogEntry#496]
04:57:57.944 [main] DEBUG o.h.engine.internal.TwoPhaseLoad - Resolving associations for [edu.ncsu.csc.itrust2.models.persistent.LogEntry#497]
04:57:57.944 [main] DEBUG o.h.engine.internal.TwoPhaseLoad - Done materializing entity [edu.ncsu.csc.itrust2.models.persistent.LogEntry#497]
04:57:57.944 [main] DEBUG o.h.engine.internal.TwoPhaseLoad - Resolving associations for [edu.ncsu.csc.itrust2.models.persistent.LogEntry#498]
04:57:57.944 [main] DEBUG o.h.engine.internal.TwoPhaseLoad - Done materializing entity [edu.ncsu.csc.itrust2.models.persistent.LogEntry#498]
04:57:57.944 [main] DEBUG o.h.engine.internal.TwoPhaseLoad - Resolving associations for [edu.ncsu.csc.itrust2.models.persistent.LogEntry#499]
04:57:57.944 [main] DEBUG o.h.engine.internal.TwoPhaseLoad - Done materializing entity [edu.ncsu.csc.itrust2.models.persistent.LogEntry#499]
04:57:57.944 [main] DEBUG o.h.engine.internal.TwoPhaseLoad - Resolving associations for [edu.ncsu.csc.itrust2.models.persistent.LogEntry#500]
04:57:57.944 [main] DEBUG o.h.engine.internal.TwoPhaseLoad - Done materializing entity [edu.ncsu.csc.itrust2.models.persistent.LogEntry#500]
04:57:57.944 [main] DEBUG o.h.engine.internal.TwoPhaseLoad - Resolving associations for [edu.ncsu.csc.itrust2.models.persistent.LogEntry#501]
04:57:57.944 [main] DEBUG o.h.engine.internal.TwoPhaseLoad - Done materializing entity [edu.ncsu.csc.itrust2.models.persistent.LogEntry#501]
04:57:57.944 [main] DEBUG o.h.engine.internal.TwoPhaseLoad - Resolving associations for [edu.ncsu.csc.itrust2.models.persistent.LogEntry#502]
04:57:57.944 [main] DEBUG o.h.engine.internal.TwoPhaseLoad - Done materializing entity [edu.ncsu.csc.itrust2.models.persistent.LogEntry#502]
04:57:57.944 [main] DEBUG o.h.engine.internal.TwoPhaseLoad - Resolving associations for [edu.ncsu.csc.itrust2.models.persistent.LogEntry#503]
04:57:57.944 [main] DEBUG o.h.engine.internal.TwoPhaseLoad - Done materializing entity [edu.ncsu.csc.itrust2.models.persistent.LogEntry#503]
04:57:57.944 [main] DEBUG o.h.engine.internal.TwoPhaseLoad - Resolving associations for [edu.ncsu.csc.itrust2.models.persistent.LogEntry#504]
04:57:57.944 [main] DEBUG o.h.engine.internal.TwoPhaseLoad - Done materializing entity [edu.ncsu.csc.itrust2.models.persistent.LogEntry#504]
04:57:57.944 [main] DEBUG o.h.engine.internal.TwoPhaseLoad - Resolving associations for [edu.ncsu.csc.itrust2.models.persistent.LogEntry#505]
04:57:57.944 [main] DEBUG o.h.engine.internal.TwoPhaseLoad - Done materializing entity [edu.ncsu.csc.itrust2.models.persistent.LogEntry#505]
04:57:57.944 [main] DEBUG o.h.engine.internal.TwoPhaseLoad - Resolving associations for [edu.ncsu.csc.itrust2.models.persistent.LogEntry#506]
04:57:57.944 [main] DEBUG o.h.engine.internal.TwoPhaseLoad - Done materializing entity [edu.ncsu.csc.itrust2.models.persistent.LogEntry#506]
04:57:57.944 [main] DEBUG o.h.engine.internal.TwoPhaseLoad - Resolving associations for [edu.ncsu.csc.itrust2.models.persistent.LogEntry#507]
04:57:57.944 [main] DEBUG o.h.engine.internal.TwoPhaseLoad - Done materializing entity [edu.ncsu.csc.itrust2.models.persistent.LogEntry#507]
04:57:57.945 [main] DEBUG o.h.engine.internal.TwoPhaseLoad - Resolving associations for [edu.ncsu.csc.itrust2.models.persistent.LogEntry#508]
04:57:57.945 [main] DEBUG o.h.engine.internal.TwoPhaseLoad - Done materializing entity [edu.ncsu.csc.itrust2.models.persistent.LogEntry#508]
04:57:57.945 [main] DEBUG o.h.engine.internal.TwoPhaseLoad - Resolving associations for [edu.ncsu.csc.itrust2.models.persistent.LogEntry#509]
04:57:57.945 [main] DEBUG o.h.engine.internal.TwoPhaseLoad - Done materializing entity [edu.ncsu.csc.itrust2.models.persistent.LogEntry#509]
04:57:57.945 [main] DEBUG o.h.engine.internal.TwoPhaseLoad - Resolving associations for [edu.ncsu.csc.itrust2.models.persistent.LogEntry#510]
04:57:57.945 [main] DEBUG o.h.engine.internal.TwoPhaseLoad - Done materializing entity [edu.ncsu.csc.itrust2.models.persistent.LogEntry#510]
04:57:57.945 [main] DEBUG o.h.engine.internal.TwoPhaseLoad - Resolving associations for [edu.ncsu.csc.itrust2.models.persistent.LogEntry#511]
04:57:57.945 [main] DEBUG o.h.engine.internal.TwoPhaseLoad - Done materializing entity [edu.ncsu.csc.itrust2.models.persistent.LogEntry#511]
04:57:57.945 [main] DEBUG o.h.engine.internal.TwoPhaseLoad - Resolving associations for [edu.ncsu.csc.itrust2.models.persistent.LogEntry#512]
04:57:57.945 [main] DEBUG o.h.engine.internal.TwoPhaseLoad - Done materializing entity [edu.ncsu.csc.itrust2.models.persistent.LogEntry#512]
04:57:57.945 [main] DEBUG o.h.engine.internal.TwoPhaseLoad - Resolving associations for [edu.ncsu.csc.itrust2.models.persistent.LogEntry#513]
04:57:57.945 [main] DEBUG o.h.engine.internal.TwoPhaseLoad - Done materializing entity [edu.ncsu.csc.itrust2.models.persistent.LogEntry#513]
04:57:57.945 [main] DEBUG o.h.engine.internal.TwoPhaseLoad - Resolving associations for [edu.ncsu.csc.itrust2.models.persistent.LogEntry#514]
04:57:57.945 [main] DEBUG o.h.engine.internal.TwoPhaseLoad - Done materializing entity [edu.ncsu.csc.itrust2.models.persistent.LogEntry#514]
04:57:57.945 [main] DEBUG o.h.engine.internal.TwoPhaseLoad - Resolving associations for [edu.ncsu.csc.itrust2.models.persistent.LogEntry#515]
04:57:57.945 [main] DEBUG o.h.engine.internal.TwoPhaseLoad - Done materializing entity [edu.ncsu.csc.itrust2.models.persistent.LogEntry#515]
04:57:57.945 [main] DEBUG o.h.engine.internal.TwoPhaseLoad - Resolving associations for [edu.ncsu.csc.itrust2.models.persistent.LogEntry#516]
04:57:57.945 [main] DEBUG o.h.engine.internal.TwoPhaseLoad - Done materializing entity [edu.ncsu.csc.itrust2.models.persistent.LogEntry#516]
04:57:57.945 [main] DEBUG o.h.engine.internal.TwoPhaseLoad - Resolving associations for [edu.ncsu.csc.itrust2.models.persistent.LogEntry#517]
04:57:57.945 [main] DEBUG o.h.engine.internal.TwoPhaseLoad - Done materializing entity [edu.ncsu.csc.itrust2.models.persistent.LogEntry#517]
04:57:57.945 [main] DEBUG o.h.engine.internal.TwoPhaseLoad - Resolving associations for [edu.ncsu.csc.itrust2.models.persistent.LogEntry#518]
04:57:57.945 [main] DEBUG o.h.engine.internal.TwoPhaseLoad - Done materializing entity [edu.ncsu.csc.itrust2.models.persistent.LogEntry#518]
04:57:57.945 [main] DEBUG o.h.engine.internal.TwoPhaseLoad - Resolving associations for [edu.ncsu.csc.itrust2.models.persistent.LogEntry#519]
04:57:57.945 [main] DEBUG o.h.engine.internal.TwoPhaseLoad - Done materializing entity [edu.ncsu.csc.itrust2.models.persistent.LogEntry#519]
04:57:57.945 [main] DEBUG o.h.engine.internal.TwoPhaseLoad - Resolving associations for [edu.ncsu.csc.itrust2.models.persistent.LogEntry#520]
04:57:57.946 [main] DEBUG o.h.engine.internal.TwoPhaseLoad - Done materializing entity [edu.ncsu.csc.itrust2.models.persistent.LogEntry#520]
04:57:57.946 [main] DEBUG o.h.engine.internal.TwoPhaseLoad - Resolving associations for [edu.ncsu.csc.itrust2.models.persistent.LogEntry#521]
04:57:57.946 [main] DEBUG o.h.engine.internal.TwoPhaseLoad - Done materializing entity [edu.ncsu.csc.itrust2.models.persistent.LogEntry#521]
04:57:57.946 [main] DEBUG o.h.engine.internal.TwoPhaseLoad - Resolving associations for [edu.ncsu.csc.itrust2.models.persistent.LogEntry#522]
04:57:57.946 [main] DEBUG o.h.engine.internal.TwoPhaseLoad - Done materializing entity [edu.ncsu.csc.itrust2.models.persistent.LogEntry#522]
04:57:57.946 [main] DEBUG o.h.engine.internal.TwoPhaseLoad - Resolving associations for [edu.ncsu.csc.itrust2.models.persistent.LogEntry#523]
04:57:57.946 [main] DEBUG o.h.engine.internal.TwoPhaseLoad - Done materializing entity [edu.ncsu.csc.itrust2.models.persistent.LogEntry#523]
04:57:57.948 [main] DEBUG o.h.e.t.internal.TransactionImpl - committing
04:57:57.948 [main] DEBUG o.h.e.i.AbstractFlushingEventListener - Processing flush-time cascades
04:57:57.948 [main] DEBUG o.h.e.i.AbstractFlushingEventListener - Dirty checking collections
04:57:57.950 [main] DEBUG o.h.e.i.AbstractFlushingEventListener - Flushed: 0 insertions, 0 updates, 0 deletions to 500 objects
04:57:57.950 [main] DEBUG o.h.e.i.AbstractFlushingEventListener - Flushed: 0 (re)creations, 0 updates, 0 removals to 0 collections
04:57:57.951 [main] DEBUG o.h.internal.util.EntityPrinter - Listing entities:
04:57:57.951 [main] DEBUG o.h.internal.util.EntityPrinter - edu.ncsu.csc.itrust2.models.persistent.LogEntry{secondaryUser=null, logCode=5, primaryUser=logapitest, id=395, time=java.util.GregorianCalendar[time=1521521877000,areFieldsSet=true,areAllFieldsSet=true,lenient=true,zone=sun.util.calendar.ZoneInfo[id=&quot;Etc/UTC&quot;,offset=0,dstSavings=0,useDaylight=false,transitions=0,lastRule=null],firstDayOfWeek=1,minimalDaysInFirstWeek=1,ERA=1,YEAR=2018,MONTH=2,WEEK_OF_YEAR=12,WEEK_OF_MONTH=4,DAY_OF_MONTH=20,DAY_OF_YEAR=79,DAY_OF_WEEK=3,DAY_OF_WEEK_IN_MONTH=3,AM_PM=0,HOUR=4,HOUR_OF_DAY=4,MINUTE=57,SECOND=57,MILLISECOND=0,ZONE_OFFSET=0,DST_OFFSET=0], message=null}
04:57:57.951 [main] DEBUG o.h.internal.util.EntityPrinter - edu.ncsu.csc.itrust2.models.persistent.LogEntry{secondaryUser=null, logCode=5, primaryUser=logapitest, id=396, time=java.util.GregorianCalendar[time=1521521877000,areFieldsSet=true,areAllFieldsSet=true,lenient=true,zone=sun.util.calendar.ZoneInfo[id=&quot;Etc/UTC&quot;,offset=0,dstSavings=0,useDaylight=false,transitions=0,lastRule=null],firstDayOfWeek=1,minimalDaysInFirstWeek=1,ERA=1,YEAR=2018,MONTH=2,WEEK_OF_YEAR=12,WEEK_OF_MONTH=4,DAY_OF_MONTH=20,DAY_OF_YEAR=79,DAY_OF_WEEK=3,DAY_OF_WEEK_IN_MONTH=3,AM_PM=0,HOUR=4,HOUR_OF_DAY=4,MINUTE=57,SECOND=57,MILLISECOND=0,ZONE_OFFSET=0,DST_OFFSET=0], message=null}
04:57:57.951 [main] DEBUG o.h.internal.util.EntityPrinter - edu.ncsu.csc.itrust2.models.persistent.LogEntry{secondaryUser=null, logCode=5, primaryUser=logapitest, id=397, time=java.util.GregorianCalendar[time=1521521877000,areFieldsSet=true,areAllFieldsSet=true,lenient=true,zone=sun.util.calendar.ZoneInfo[id=&quot;Etc/UTC&quot;,offset=0,dstSavings=0,useDaylight=false,transitions=0,lastRule=null],firstDayOfWeek=1,minimalDaysInFirstWeek=1,ERA=1,YEAR=2018,MONTH=2,WEEK_OF_YEAR=12,WEEK_OF_MONTH=4,DAY_OF_MONTH=20,DAY_OF_YEAR=79,DAY_OF_WEEK=3,DAY_OF_WEEK_IN_MONTH=3,AM_PM=0,HOUR=4,HOUR_OF_DAY=4,MINUTE=57,SECOND=57,MILLISECOND=0,ZONE_OFFSET=0,DST_OFFSET=0], message=null}
04:57:57.951 [main] DEBUG o.h.internal.util.EntityPrinter - edu.ncsu.csc.itrust2.models.persistent.LogEntry{secondaryUser=null, logCode=5, primaryUser=logapitest, id=398, time=java.util.GregorianCalendar[time=1521521877000,areFieldsSet=true,areAllFieldsSet=true,lenient=true,zone=sun.util.calendar.ZoneInfo[id=&quot;Etc/UTC&quot;,offset=0,dstSavings=0,useDaylight=false,transitions=0,lastRule=null],firstDayOfWeek=1,minimalDaysInFirstWeek=1,ERA=1,YEAR=2018,MONTH=2,WEEK_OF_YEAR=12,WEEK_OF_MONTH=4,DAY_OF_MONTH=20,DAY_OF_YEAR=79,DAY_OF_WEEK=3,DAY_OF_WEEK_IN_MONTH=3,AM_PM=0,HOUR=4,HOUR_OF_DAY=4,MINUTE=57,SECOND=57,MILLISECOND=0,ZONE_OFFSET=0,DST_OFFSET=0], message=null}
04:57:57.951 [main] DEBUG o.h.internal.util.EntityPrinter - edu.ncsu.csc.itrust2.models.persistent.LogEntry{secondaryUser=null, logCode=5, primaryUser=logapitest, id=399, time=java.util.GregorianCalendar[time=1521521877000,areFieldsSet=true,areAllFieldsSet=true,lenient=true,zone=sun.util.calendar.ZoneInfo[id=&quot;Etc/UTC&quot;,offset=0,dstSavings=0,useDaylight=false,transitions=0,lastRule=null],firstDayOfWeek=1,minimalDaysInFirstWeek=1,ERA=1,YEAR=2018,MONTH=2,WEEK_OF_YEAR=12,WEEK_OF_MONTH=4,DAY_OF_MONTH=20,DAY_OF_YEAR=79,DAY_OF_WEEK=3,DAY_OF_WEEK_IN_MONTH=3,AM_PM=0,HOUR=4,HOUR_OF_DAY=4,MINUTE=57,SECOND=57,MILLISECOND=0,ZONE_OFFSET=0,DST_OFFSET=0], message=null}
04:57:57.951 [main] DEBUG o.h.internal.util.EntityPrinter - edu.ncsu.csc.itrust2.models.persistent.LogEntry{secondaryUser=null, logCode=5, primaryUser=logapitest, id=400, time=java.util.GregorianCalendar[time=1521521877000,areFieldsSet=true,areAllFieldsSet=true,lenient=true,zone=sun.util.calendar.ZoneInfo[id=&quot;Etc/UTC&quot;,offset=0,dstSavings=0,useDaylight=false,transitions=0,lastRule=null],firstDayOfWeek=1,minimalDaysInFirstWeek=1,ERA=1,YEAR=2018,MONTH=2,WEEK_OF_YEAR=12,WEEK_OF_MONTH=4,DAY_OF_MONTH=20,DAY_OF_YEAR=79,DAY_OF_WEEK=3,DAY_OF_WEEK_IN_MONTH=3,AM_PM=0,HOUR=4,HOUR_OF_DAY=4,MINUTE=57,SECOND=57,MILLISECOND=0,ZONE_OFFSET=0,DST_OFFSET=0], message=null}
04:57:57.951 [main] DEBUG o.h.internal.util.EntityPrinter - edu.ncsu.csc.itrust2.models.persistent.LogEntry{secondaryUser=null, logCode=5, primaryUser=logapitest, id=401, time=java.util.GregorianCalendar[time=1521521877000,areFieldsSet=true,areAllFieldsSet=true,lenient=true,zone=sun.util.calendar.ZoneInfo[id=&quot;Etc/UTC&quot;,offset=0,dstSavings=0,useDaylight=false,transitions=0,lastRule=null],firstDayOfWeek=1,minimalDaysInFirstWeek=1,ERA=1,YEAR=2018,MONTH=2,WEEK_OF_YEAR=12,WEEK_OF_MONTH=4,DAY_OF_MONTH=20,DAY_OF_YEAR=79,DAY_OF_WEEK=3,DAY_OF_WEEK_IN_MONTH=3,AM_PM=0,HOUR=4,HOUR_OF_DAY=4,MINUTE=57,SECOND=57,MILLISECOND=0,ZONE_OFFSET=0,DST_OFFSET=0], message=null}
04:57:57.951 [main] DEBUG o.h.internal.util.EntityPrinter - edu.ncsu.csc.itrust2.models.persistent.LogEntry{secondaryUser=null, logCode=5, primaryUser=logapitest, id=402, time=java.util.GregorianCalendar[time=1521521877000,areFieldsSet=true,areAllFieldsSet=true,lenient=true,zone=sun.util.calendar.ZoneInfo[id=&quot;Etc/UTC&quot;,offset=0,dstSavings=0,useDaylight=false,transitions=0,lastRule=null],firstDayOfWeek=1,minimalDaysInFirstWeek=1,ERA=1,YEAR=2018,MONTH=2,WEEK_OF_YEAR=12,WEEK_OF_MONTH=4,DAY_OF_MONTH=20,DAY_OF_YEAR=79,DAY_OF_WEEK=3,DAY_OF_WEEK_IN_MONTH=3,AM_PM=0,HOUR=4,HOUR_OF_DAY=4,MINUTE=57,SECOND=57,MILLISECOND=0,ZONE_OFFSET=0,DST_OFFSET=0], message=null}
04:57:57.951 [main] DEBUG o.h.internal.util.EntityPrinter - edu.ncsu.csc.itrust2.models.persistent.LogEntry{secondaryUser=null, logCode=5, primaryUser=logapitest, id=403, time=java.util.GregorianCalendar[time=1521521877000,areFieldsSet=true,areAllFieldsSet=true,lenient=true,zone=sun.util.calendar.ZoneInfo[id=&quot;Etc/UTC&quot;,offset=0,dstSavings=0,useDaylight=false,transitions=0,lastRule=null],firstDayOfWeek=1,minimalDaysInFirstWeek=1,ERA=1,YEAR=2018,MONTH=2,WEEK_OF_YEAR=12,WEEK_OF_MONTH=4,DAY_OF_MONTH=20,DAY_OF_YEAR=79,DAY_OF_WEEK=3,DAY_OF_WEEK_IN_MONTH=3,AM_PM=0,HOUR=4,HOUR_OF_DAY=4,MINUTE=57,SECOND=57,MILLISECOND=0,ZONE_OFFSET=0,DST_OFFSET=0], message=null}
04:57:57.951 [main] DEBUG o.h.internal.util.EntityPrinter - edu.ncsu.csc.itrust2.models.persistent.LogEntry{secondaryUser=null, logCode=5, primaryUser=logapitest, id=404, time=java.util.GregorianCalendar[time=1521521877000,areFieldsSet=true,areAllFieldsSet=true,lenient=true,zone=sun.util.calendar.ZoneInfo[id=&quot;Etc/UTC&quot;,offset=0,dstSavings=0,useDaylight=false,transitions=0,lastRule=null],firstDayOfWeek=1,minimalDaysInFirstWeek=1,ERA=1,YEAR=2018,MONTH=2,WEEK_OF_YEAR=12,WEEK_OF_MONTH=4,DAY_OF_MONTH=20,DAY_OF_YEAR=79,DAY_OF_WEEK=3,DAY_OF_WEEK_IN_MONTH=3,AM_PM=0,HOUR=4,HOUR_OF_DAY=4,MINUTE=57,SECOND=57,MILLISECOND=0,ZONE_OFFSET=0,DST_OFFSET=0], message=null}
04:57:57.951 [main] DEBUG o.h.internal.util.EntityPrinter - edu.ncsu.csc.itrust2.models.persistent.LogEntry{secondaryUser=null, logCode=5, primaryUser=logapitest, id=405, time=java.util.GregorianCalendar[time=1521521877000,areFieldsSet=true,areAllFieldsSet=true,lenient=true,zone=sun.util.calendar.ZoneInfo[id=&quot;Etc/UTC&quot;,offset=0,dstSavings=0,useDaylight=false,transitions=0,lastRule=null],firstDayOfWeek=1,minimalDaysInFirstWeek=1,ERA=1,YEAR=2018,MONTH=2,WEEK_OF_YEAR=12,WEEK_OF_MONTH=4,DAY_OF_MONTH=20,DAY_OF_YEAR=79,DAY_OF_WEEK=3,DAY_OF_WEEK_IN_MONTH=3,AM_PM=0,HOUR=4,HOUR_OF_DAY=4,MINUTE=57,SECOND=57,MILLISECOND=0,ZONE_OFFSET=0,DST_OFFSET=0], message=null}
04:57:57.951 [main] DEBUG o.h.internal.util.EntityPrinter - edu.ncsu.csc.itrust2.models.persistent.LogEntry{secondaryUser=null, logCode=5, primaryUser=logapitest, id=406, time=java.util.GregorianCalendar[time=1521521877000,areFieldsSet=true,areAllFieldsSet=true,lenient=true,zone=sun.util.calendar.ZoneInfo[id=&quot;Etc/UTC&quot;,offset=0,dstSavings=0,useDaylight=false,transitions=0,lastRule=null],firstDayOfWeek=1,minimalDaysInFirstWeek=1,ERA=1,YEAR=2018,MONTH=2,WEEK_OF_YEAR=12,WEEK_OF_MONTH=4,DAY_OF_MONTH=20,DAY_OF_YEAR=79,DAY_OF_WEEK=3,DAY_OF_WEEK_IN_MONTH=3,AM_PM=0,HOUR=4,HOUR_OF_DAY=4,MINUTE=57,SECOND=57,MILLISECOND=0,ZONE_OFFSET=0,DST_OFFSET=0], message=null}
04:57:57.951 [main] DEBUG o.h.internal.util.EntityPrinter - edu.ncsu.csc.itrust2.models.persistent.LogEntry{secondaryUser=null, logCode=5, primaryUser=logapitest, id=407, time=java.util.GregorianCalendar[time=1521521877000,areFieldsSet=true,areAllFieldsSet=true,lenient=true,zone=sun.util.calendar.ZoneInfo[id=&quot;Etc/UTC&quot;,offset=0,dstSavings=0,useDaylight=false,transitions=0,lastRule=null],firstDayOfWeek=1,minimalDaysInFirstWeek=1,ERA=1,YEAR=2018,MONTH=2,WEEK_OF_YEAR=12,WEEK_OF_MONTH=4,DAY_OF_MONTH=20,DAY_OF_YEAR=79,DAY_OF_WEEK=3,DAY_OF_WEEK_IN_MONTH=3,AM_PM=0,HOUR=4,HOUR_OF_DAY=4,MINUTE=57,SECOND=57,MILLISECOND=0,ZONE_OFFSET=0,DST_OFFSET=0], message=null}
04:57:57.951 [main] DEBUG o.h.internal.util.EntityPrinter - edu.ncsu.csc.itrust2.models.persistent.LogEntry{secondaryUser=null, logCode=5, primaryUser=logapitest, id=408, time=java.util.GregorianCalendar[time=1521521877000,areFieldsSet=true,areAllFieldsSet=true,lenient=true,zone=sun.util.calendar.ZoneInfo[id=&quot;Etc/UTC&quot;,offset=0,dstSavings=0,useDaylight=false,transitions=0,lastRule=null],firstDayOfWeek=1,minimalDaysInFirstWeek=1,ERA=1,YEAR=2018,MONTH=2,WEEK_OF_YEAR=12,WEEK_OF_MONTH=4,DAY_OF_MONTH=20,DAY_OF_YEAR=79,DAY_OF_WEEK=3,DAY_OF_WEEK_IN_MONTH=3,AM_PM=0,HOUR=4,HOUR_OF_DAY=4,MINUTE=57,SECOND=57,MILLISECOND=0,ZONE_OFFSET=0,DST_OFFSET=0], message=null}
04:57:57.951 [main] DEBUG o.h.internal.util.EntityPrinter - edu.ncsu.csc.itrust2.models.persistent.LogEntry{secondaryUser=null, logCode=5, primaryUser=logapitest, id=409, time=java.util.GregorianCalendar[time=1521521877000,areFieldsSet=true,areAllFieldsSet=true,lenient=true,zone=sun.util.calendar.ZoneInfo[id=&quot;Etc/UTC&quot;,offset=0,dstSavings=0,useDaylight=false,transitions=0,lastRule=null],firstDayOfWeek=1,minimalDaysInFirstWeek=1,ERA=1,YEAR=2018,MONTH=2,WEEK_OF_YEAR=12,WEEK_OF_MONTH=4,DAY_OF_MONTH=20,DAY_OF_YEAR=79,DAY_OF_WEEK=3,DAY_OF_WEEK_IN_MONTH=3,AM_PM=0,HOUR=4,HOUR_OF_DAY=4,MINUTE=57,SECOND=57,MILLISECOND=0,ZONE_OFFSET=0,DST_OFFSET=0], message=null}
04:57:57.951 [main] DEBUG o.h.internal.util.EntityPrinter - edu.ncsu.csc.itrust2.models.persistent.LogEntry{secondaryUser=null, logCode=5, primaryUser=logapitest, id=410, time=java.util.GregorianCalendar[time=1521521877000,areFieldsSet=true,areAllFieldsSet=true,lenient=true,zone=sun.util.calendar.ZoneInfo[id=&quot;Etc/UTC&quot;,offset=0,dstSavings=0,useDaylight=false,transitions=0,lastRule=null],firstDayOfWeek=1,minimalDaysInFirstWeek=1,ERA=1,YEAR=2018,MONTH=2,WEEK_OF_YEAR=12,WEEK_OF_MONTH=4,DAY_OF_MONTH=20,DAY_OF_YEAR=79,DAY_OF_WEEK=3,DAY_OF_WEEK_IN_MONTH=3,AM_PM=0,HOUR=4,HOUR_OF_DAY=4,MINUTE=57,SECOND=57,MILLISECOND=0,ZONE_OFFSET=0,DST_OFFSET=0], message=null}
04:57:57.951 [main] DEBUG o.h.internal.util.EntityPrinter - edu.ncsu.csc.itrust2.models.persistent.LogEntry{secondaryUser=null, logCode=5, primaryUser=logapitest, id=411, time=java.util.GregorianCalendar[time=1521521877000,areFieldsSet=true,areAllFieldsSet=true,lenient=true,zone=sun.util.calendar.ZoneInfo[id=&quot;Etc/UTC&quot;,offset=0,dstSavings=0,useDaylight=false,transitions=0,lastRule=null],firstDayOfWeek=1,minimalDaysInFirstWeek=1,ERA=1,YEAR=2018,MONTH=2,WEEK_OF_YEAR=12,WEEK_OF_MONTH=4,DAY_OF_MONTH=20,DAY_OF_YEAR=79,DAY_OF_WEEK=3,DAY_OF_WEEK_IN_MONTH=3,AM_PM=0,HOUR=4,HOUR_OF_DAY=4,MINUTE=57,SECOND=57,MILLISECOND=0,ZONE_OFFSET=0,DST_OFFSET=0], message=null}
04:57:57.951 [main] DEBUG o.h.internal.util.EntityPrinter - edu.ncsu.csc.itrust2.models.persistent.LogEntry{secondaryUser=null, logCode=5, primaryUser=logapitest, id=412, time=java.util.GregorianCalendar[time=1521521877000,areFieldsSet=true,areAllFieldsSet=true,lenient=true,zone=sun.util.calendar.ZoneInfo[id=&quot;Etc/UTC&quot;,offset=0,dstSavings=0,useDaylight=false,transitions=0,lastRule=null],firstDayOfWeek=1,minimalDaysInFirstWeek=1,ERA=1,YEAR=2018,MONTH=2,WEEK_OF_YEAR=12,WEEK_OF_MONTH=4,DAY_OF_MONTH=20,DAY_OF_YEAR=79,DAY_OF_WEEK=3,DAY_OF_WEEK_IN_MONTH=3,AM_PM=0,HOUR=4,HOUR_OF_DAY=4,MINUTE=57,SECOND=57,MILLISECOND=0,ZONE_OFFSET=0,DST_OFFSET=0], message=null}
04:57:57.951 [main] DEBUG o.h.internal.util.EntityPrinter - edu.ncsu.csc.itrust2.models.persistent.LogEntry{secondaryUser=null, logCode=5, primaryUser=logapitest, id=413, time=java.util.GregorianCalendar[time=1521521877000,areFieldsSet=true,areAllFieldsSet=true,lenient=true,zone=sun.util.calendar.ZoneInfo[id=&quot;Etc/UTC&quot;,offset=0,dstSavings=0,useDaylight=false,transitions=0,lastRule=null],firstDayOfWeek=1,minimalDaysInFirstWeek=1,ERA=1,YEAR=2018,MONTH=2,WEEK_OF_YEAR=12,WEEK_OF_MONTH=4,DAY_OF_MONTH=20,DAY_OF_YEAR=79,DAY_OF_WEEK=3,DAY_OF_WEEK_IN_MONTH=3,AM_PM=0,HOUR=4,HOUR_OF_DAY=4,MINUTE=57,SECOND=57,MILLISECOND=0,ZONE_OFFSET=0,DST_OFFSET=0], message=null}
04:57:57.951 [main] DEBUG o.h.internal.util.EntityPrinter - edu.ncsu.csc.itrust2.models.persistent.LogEntry{secondaryUser=null, logCode=5, primaryUser=logapitest, id=414, time=java.util.GregorianCalendar[time=1521521877000,areFieldsSet=true,areAllFieldsSet=true,lenient=true,zone=sun.util.calendar.ZoneInfo[id=&quot;Etc/UTC&quot;,offset=0,dstSavings=0,useDaylight=false,transitions=0,lastRule=null],firstDayOfWeek=1,minimalDaysInFirstWeek=1,ERA=1,YEAR=2018,MONTH=2,WEEK_OF_YEAR=12,WEEK_OF_MONTH=4,DAY_OF_MONTH=20,DAY_OF_YEAR=79,DAY_OF_WEEK=3,DAY_OF_WEEK_IN_MONTH=3,AM_PM=0,HOUR=4,HOUR_OF_DAY=4,MINUTE=57,SECOND=57,MILLISECOND=0,ZONE_OFFSET=0,DST_OFFSET=0], message=null}
04:57:57.951 [main] DEBUG o.h.internal.util.EntityPrinter - edu.ncsu.csc.itrust2.models.persistent.LogEntry{secondaryUser=null, logCode=5, primaryUser=logapitest, id=415, time=java.util.GregorianCalendar[time=1521521877000,areFieldsSet=true,areAllFieldsSet=true,lenient=true,zone=sun.util.calendar.ZoneInfo[id=&quot;Etc/UTC&quot;,offset=0,dstSavings=0,useDaylight=false,transitions=0,lastRule=null],firstDayOfWeek=1,minimalDaysInFirstWeek=1,ERA=1,YEAR=2018,MONTH=2,WEEK_OF_YEAR=12,WEEK_OF_MONTH=4,DAY_OF_MONTH=20,DAY_OF_YEAR=79,DAY_OF_WEEK=3,DAY_OF_WEEK_IN_MONTH=3,AM_PM=0,HOUR=4,HOUR_OF_DAY=4,MINUTE=57,SECOND=57,MILLISECOND=0,ZONE_OFFSET=0,DST_OFFSET=0], message=null}
04:57:57.951 [main] DEBUG o.h.internal.util.EntityPrinter - More......
04:57:57.954 [main] DEBUG o.s.w.s.m.m.a.HttpEntityMethodProcessor - Written [{&quot;status&quot;:&quot;failed&quot;,&quot;message&quot;:&quot;Error retrieving Log Entries&quot;}] as &quot;text/plain&quot; using [org.springframework.http.converter.StringHttpMessageConverter@7d41615a]
04:57:57.954 [main] DEBUG o.s.t.w.s.TestDispatcherServlet - Null ModelAndView returned to DispatcherServlet with name &apos;&apos;: assuming HandlerAdapter completed request handling
04:57:57.954 [main] DEBUG o.s.t.w.s.TestDispatcherServlet - Successfully completed request
04:57:57.954 [main] DEBUG o.s.t.c.s.AbstractDirtiesContextTestExecutionListener - After test method: context [DefaultTestContext@5a63b461 testClass = APILogEntryTest, testInstance = edu.ncsu.csc.itrust2.apitest.APILogEntryTest@17369953, testMethod = testLogByDateLarge@APILogEntryTest, testException = java.lang.AssertionError: Status expected:&lt;200&gt; but was:&lt;500&gt;, mergedContextConfiguration = [WebMergedContextConfiguration@8eb2aaf testClass = APILogEntryTest, locations = &apos;{}&apos;, classes = &apos;{class edu.ncsu.csc.itrust2.config.RootConfiguration, class edu.ncsu.csc.itrust2.mvc.config.WebMvcConfiguration}&apos;, contextInitializerClasses = &apos;[]&apos;, activeProfiles = &apos;{}&apos;, propertySourceLocations = &apos;{}&apos;, propertySourceProperties = &apos;{}&apos;, contextCustomizers = set[[empty]], resourceBasePath = &apos;src/main/webapp&apos;, contextLoader = &apos;org.springframework.test.context.web.WebDelegatingSmartContextLoader&apos;, parent = [null]]], class annotated with @DirtiesContext [false] with mode [null], method annotated with @DirtiesContext [false] with mode [null].
04:57:57.955 [main] DEBUG o.s.t.c.w.ServletTestExecutionListener - Resetting RequestContextHolder for test context [DefaultTestContext@5a63b461 testClass = APILogEntryTest, testInstance = edu.ncsu.csc.itrust2.apitest.APILogEntryTest@17369953, testMethod = testLogByDateLarge@APILogEntryTest, testException = java.lang.AssertionError: Status expected:&lt;200&gt; but was:&lt;500&gt;, mergedContextConfiguration = [WebMergedContextConfiguration@8eb2aaf testClass = APILogEntryTest, locations = &apos;{}&apos;, classes = &apos;{class edu.ncsu.csc.itrust2.config.RootConfiguration, class edu.ncsu.csc.itrust2.mvc.config.WebMvcConfiguration}&apos;, contextInitializerClasses = &apos;[]&apos;, activeProfiles = &apos;{}&apos;, propertySourceLocations = &apos;{}&apos;, propertySourceProperties = &apos;{}&apos;, contextCustomizers = set[[empty]], resourceBasePath = &apos;src/main/webapp&apos;, contextLoader = &apos;org.springframework.test.context.web.WebDelegatingSmartContextLoader&apos;, parent = [null]]].
</stdout>
          <failedSince>7</failedSince>
        </case>
        <case>
          <duration>0.004</duration>
          <className>edu.ncsu.csc.itrust2.apitest.APILogEntryTest</className>
          <testName>testLogByDate</testName>
          <skipped>false</skipped>
          <errorStackTrace>java.lang.AssertionError: Status expected:&lt;200&gt; but was:&lt;500&gt;
	at edu.ncsu.csc.itrust2.apitest.APILogEntryTest.testLogByDate(APILogEntryTest.java:69)
</errorStackTrace>
          <errorDetails>Status expected:&lt;200&gt; but was:&lt;500&gt;</errorDetails>
          <stdout>04:57:57.955 [main] DEBUG o.s.t.annotation.ProfileValueUtils - Retrieved @ProfileValueSourceConfiguration [null] for test class [edu.ncsu.csc.itrust2.apitest.APILogEntryTest]
04:57:57.955 [main] DEBUG o.s.t.annotation.ProfileValueUtils - Retrieved ProfileValueSource type [class org.springframework.test.annotation.SystemProfileValueSource] for class [edu.ncsu.csc.itrust2.apitest.APILogEntryTest]
04:57:57.956 [main] DEBUG o.s.t.c.c.DefaultCacheAwareContextLoaderDelegate - Retrieved ApplicationContext from cache with key [[WebMergedContextConfiguration@8eb2aaf testClass = APILogEntryTest, locations = &apos;{}&apos;, classes = &apos;{class edu.ncsu.csc.itrust2.config.RootConfiguration, class edu.ncsu.csc.itrust2.mvc.config.WebMvcConfiguration}&apos;, contextInitializerClasses = &apos;[]&apos;, activeProfiles = &apos;{}&apos;, propertySourceLocations = &apos;{}&apos;, propertySourceProperties = &apos;{}&apos;, contextCustomizers = set[[empty]], resourceBasePath = &apos;src/main/webapp&apos;, contextLoader = &apos;org.springframework.test.context.web.WebDelegatingSmartContextLoader&apos;, parent = [null]]]
04:57:57.956 [main] DEBUG o.springframework.test.context.cache - Spring test ApplicationContext cache statistics: [DefaultContextCache@3bc22ada size = 1, maxSize = 32, parentContextCount = 0, hitCount = 34, missCount = 1]
04:57:57.956 [main] DEBUG o.s.t.c.w.ServletTestExecutionListener - Setting up MockHttpServletRequest, MockHttpServletResponse, ServletWebRequest, and RequestContextHolder for test context [DefaultTestContext@5a63b461 testClass = APILogEntryTest, testInstance = edu.ncsu.csc.itrust2.apitest.APILogEntryTest@ca6cf80, testMethod = [null], testException = [null], mergedContextConfiguration = [WebMergedContextConfiguration@8eb2aaf testClass = APILogEntryTest, locations = &apos;{}&apos;, classes = &apos;{class edu.ncsu.csc.itrust2.config.RootConfiguration, class edu.ncsu.csc.itrust2.mvc.config.WebMvcConfiguration}&apos;, contextInitializerClasses = &apos;[]&apos;, activeProfiles = &apos;{}&apos;, propertySourceLocations = &apos;{}&apos;, propertySourceProperties = &apos;{}&apos;, contextCustomizers = set[[empty]], resourceBasePath = &apos;src/main/webapp&apos;, contextLoader = &apos;org.springframework.test.context.web.WebDelegatingSmartContextLoader&apos;, parent = [null]]].
04:57:57.956 [main] DEBUG o.s.t.c.s.DependencyInjectionTestExecutionListener - Performing dependency injection for test context [[DefaultTestContext@5a63b461 testClass = APILogEntryTest, testInstance = edu.ncsu.csc.itrust2.apitest.APILogEntryTest@ca6cf80, testMethod = [null], testException = [null], mergedContextConfiguration = [WebMergedContextConfiguration@8eb2aaf testClass = APILogEntryTest, locations = &apos;{}&apos;, classes = &apos;{class edu.ncsu.csc.itrust2.config.RootConfiguration, class edu.ncsu.csc.itrust2.mvc.config.WebMvcConfiguration}&apos;, contextInitializerClasses = &apos;[]&apos;, activeProfiles = &apos;{}&apos;, propertySourceLocations = &apos;{}&apos;, propertySourceProperties = &apos;{}&apos;, contextCustomizers = set[[empty]], resourceBasePath = &apos;src/main/webapp&apos;, contextLoader = &apos;org.springframework.test.context.web.WebDelegatingSmartContextLoader&apos;, parent = [null]]]].
04:57:57.956 [main] DEBUG o.s.t.c.c.DefaultCacheAwareContextLoaderDelegate - Retrieved ApplicationContext from cache with key [[WebMergedContextConfiguration@8eb2aaf testClass = APILogEntryTest, locations = &apos;{}&apos;, classes = &apos;{class edu.ncsu.csc.itrust2.config.RootConfiguration, class edu.ncsu.csc.itrust2.mvc.config.WebMvcConfiguration}&apos;, contextInitializerClasses = &apos;[]&apos;, activeProfiles = &apos;{}&apos;, propertySourceLocations = &apos;{}&apos;, propertySourceProperties = &apos;{}&apos;, contextCustomizers = set[[empty]], resourceBasePath = &apos;src/main/webapp&apos;, contextLoader = &apos;org.springframework.test.context.web.WebDelegatingSmartContextLoader&apos;, parent = [null]]]
04:57:57.956 [main] DEBUG o.springframework.test.context.cache - Spring test ApplicationContext cache statistics: [DefaultContextCache@3bc22ada size = 1, maxSize = 32, parentContextCount = 0, hitCount = 35, missCount = 1]
04:57:57.956 [main] DEBUG o.s.b.f.annotation.InjectionMetadata - Processing injected element of bean &apos;edu.ncsu.csc.itrust2.apitest.APILogEntryTest&apos;: AutowiredFieldElement for private org.springframework.web.context.WebApplicationContext edu.ncsu.csc.itrust2.apitest.APILogEntryTest.context
04:57:57.957 [main] DEBUG o.s.t.c.s.AbstractDirtiesContextTestExecutionListener - Before test method: context [DefaultTestContext@5a63b461 testClass = APILogEntryTest, testInstance = edu.ncsu.csc.itrust2.apitest.APILogEntryTest@ca6cf80, testMethod = testLogByDate@APILogEntryTest, testException = [null], mergedContextConfiguration = [WebMergedContextConfiguration@8eb2aaf testClass = APILogEntryTest, locations = &apos;{}&apos;, classes = &apos;{class edu.ncsu.csc.itrust2.config.RootConfiguration, class edu.ncsu.csc.itrust2.mvc.config.WebMvcConfiguration}&apos;, contextInitializerClasses = &apos;[]&apos;, activeProfiles = &apos;{}&apos;, propertySourceLocations = &apos;{}&apos;, propertySourceProperties = &apos;{}&apos;, contextCustomizers = set[[empty]], resourceBasePath = &apos;src/main/webapp&apos;, contextLoader = &apos;org.springframework.test.context.web.WebDelegatingSmartContextLoader&apos;, parent = [null]]], class annotated with @DirtiesContext [false] with mode [null], method annotated with @DirtiesContext [false] with mode [null].
04:57:57.957 [main] DEBUG o.s.t.c.c.DefaultCacheAwareContextLoaderDelegate - Retrieved ApplicationContext from cache with key [[WebMergedContextConfiguration@8eb2aaf testClass = APILogEntryTest, locations = &apos;{}&apos;, classes = &apos;{class edu.ncsu.csc.itrust2.config.RootConfiguration, class edu.ncsu.csc.itrust2.mvc.config.WebMvcConfiguration}&apos;, contextInitializerClasses = &apos;[]&apos;, activeProfiles = &apos;{}&apos;, propertySourceLocations = &apos;{}&apos;, propertySourceProperties = &apos;{}&apos;, contextCustomizers = set[[empty]], resourceBasePath = &apos;src/main/webapp&apos;, contextLoader = &apos;org.springframework.test.context.web.WebDelegatingSmartContextLoader&apos;, parent = [null]]]
04:57:57.957 [main] DEBUG o.springframework.test.context.cache - Spring test ApplicationContext cache statistics: [DefaultContextCache@3bc22ada size = 1, maxSize = 32, parentContextCount = 0, hitCount = 36, missCount = 1]
04:57:57.957 [main] DEBUG o.s.b.f.s.DefaultListableBeanFactory - Creating instance of bean &apos;org.springframework.security.test.context.support.WithMockUserSecurityContextFactory&apos;
04:57:57.958 [main] DEBUG o.s.b.f.s.DefaultListableBeanFactory - Finished creating instance of bean &apos;org.springframework.security.test.context.support.WithMockUserSecurityContextFactory&apos;
04:57:57.958 [main] DEBUG o.s.t.w.s.TestDispatcherServlet - Initializing servlet &apos;&apos;
04:57:57.958 [main] DEBUG o.s.w.c.s.StandardServletEnvironment - Adding [servletConfigInitParams] PropertySource with lowest search precedence
04:57:57.958 [main] DEBUG o.s.w.c.s.StandardServletEnvironment - Adding [servletContextInitParams] PropertySource with lowest search precedence
04:57:57.958 [main] DEBUG o.s.w.c.s.StandardServletEnvironment - Adding [systemProperties] PropertySource with lowest search precedence
04:57:57.958 [main] DEBUG o.s.w.c.s.StandardServletEnvironment - Adding [systemEnvironment] PropertySource with lowest search precedence
04:57:57.958 [main] DEBUG o.s.w.c.s.StandardServletEnvironment - Initialized StandardServletEnvironment with PropertySources [servletConfigInitParams,servletContextInitParams,systemProperties,systemEnvironment]
04:57:57.958 [main] INFO  o.s.mock.web.MockServletContext - Initializing Spring FrameworkServlet &apos;&apos;
04:57:57.958 [main] INFO  o.s.t.w.s.TestDispatcherServlet - FrameworkServlet &apos;&apos;: initialization started
04:57:57.958 [main] DEBUG o.s.t.w.s.TestDispatcherServlet - Unable to locate MultipartResolver with name &apos;multipartResolver&apos;: no multipart request handling provided
04:57:57.959 [main] DEBUG o.s.b.f.s.DefaultListableBeanFactory - Creating instance of bean &apos;org.springframework.web.servlet.i18n.AcceptHeaderLocaleResolver&apos;
04:57:57.959 [main] DEBUG o.s.b.f.s.DefaultListableBeanFactory - Finished creating instance of bean &apos;org.springframework.web.servlet.i18n.AcceptHeaderLocaleResolver&apos;
04:57:57.959 [main] DEBUG o.s.t.w.s.TestDispatcherServlet - Unable to locate LocaleResolver with name &apos;localeResolver&apos;: using default [org.springframework.web.servlet.i18n.AcceptHeaderLocaleResolver@66c109fa]
04:57:57.959 [main] DEBUG o.s.b.f.s.DefaultListableBeanFactory - Creating instance of bean &apos;org.springframework.web.servlet.theme.FixedThemeResolver&apos;
04:57:57.960 [main] DEBUG o.s.b.f.s.DefaultListableBeanFactory - Finished creating instance of bean &apos;org.springframework.web.servlet.theme.FixedThemeResolver&apos;
04:57:57.960 [main] DEBUG o.s.t.w.s.TestDispatcherServlet - Unable to locate ThemeResolver with name &apos;themeResolver&apos;: using default [org.springframework.web.servlet.theme.FixedThemeResolver@1f7a0f52]
04:57:57.960 [main] DEBUG o.s.b.f.s.DefaultListableBeanFactory - Returning cached instance of singleton bean &apos;requestMappingHandlerMapping&apos;
04:57:57.960 [main] DEBUG o.s.b.f.s.DefaultListableBeanFactory - Returning cached instance of singleton bean &apos;viewControllerHandlerMapping&apos;
04:57:57.960 [main] DEBUG o.s.b.f.s.DefaultListableBeanFactory - Returning cached instance of singleton bean &apos;beanNameHandlerMapping&apos;
04:57:57.960 [main] DEBUG o.s.b.f.s.DefaultListableBeanFactory - Returning cached instance of singleton bean &apos;resourceHandlerMapping&apos;
04:57:57.960 [main] DEBUG o.s.b.f.s.DefaultListableBeanFactory - Returning cached instance of singleton bean &apos;defaultServletHandlerMapping&apos;
04:57:57.960 [main] DEBUG o.s.b.f.s.DefaultListableBeanFactory - Returning cached instance of singleton bean &apos;requestMappingHandlerAdapter&apos;
04:57:57.960 [main] DEBUG o.s.b.f.s.DefaultListableBeanFactory - Returning cached instance of singleton bean &apos;httpRequestHandlerAdapter&apos;
04:57:57.960 [main] DEBUG o.s.b.f.s.DefaultListableBeanFactory - Returning cached instance of singleton bean &apos;simpleControllerHandlerAdapter&apos;
04:57:57.960 [main] DEBUG o.s.b.f.s.DefaultListableBeanFactory - Returning cached instance of singleton bean &apos;handlerExceptionResolver&apos;
04:57:57.961 [main] DEBUG o.s.b.f.s.DefaultListableBeanFactory - Creating instance of bean &apos;org.springframework.web.servlet.view.DefaultRequestToViewNameTranslator&apos;
04:57:57.961 [main] DEBUG o.s.b.f.s.DefaultListableBeanFactory - Finished creating instance of bean &apos;org.springframework.web.servlet.view.DefaultRequestToViewNameTranslator&apos;
04:57:57.961 [main] DEBUG o.s.t.w.s.TestDispatcherServlet - Unable to locate RequestToViewNameTranslator with name &apos;viewNameTranslator&apos;: using default [org.springframework.web.servlet.view.DefaultRequestToViewNameTranslator@255655c6]
04:57:57.961 [main] DEBUG o.s.b.f.s.DefaultListableBeanFactory - Returning cached instance of singleton bean &apos;mvcViewResolver&apos;
04:57:57.961 [main] DEBUG o.s.b.f.s.DefaultListableBeanFactory - Returning cached instance of singleton bean &apos;viewResolver&apos;
04:57:57.961 [main] DEBUG o.s.b.f.s.DefaultListableBeanFactory - Creating instance of bean &apos;org.springframework.web.servlet.support.SessionFlashMapManager&apos;
04:57:57.962 [main] DEBUG o.s.b.f.s.DefaultListableBeanFactory - Finished creating instance of bean &apos;org.springframework.web.servlet.support.SessionFlashMapManager&apos;
04:57:57.962 [main] DEBUG o.s.t.w.s.TestDispatcherServlet - Unable to locate FlashMapManager with name &apos;flashMapManager&apos;: using default [org.springframework.web.servlet.support.SessionFlashMapManager@2a56fb62]
04:57:57.962 [main] DEBUG o.s.t.w.s.TestDispatcherServlet - Published WebApplicationContext of servlet &apos;&apos; as ServletContext attribute with name [org.springframework.web.servlet.FrameworkServlet.CONTEXT.]
04:57:57.962 [main] INFO  o.s.t.w.s.TestDispatcherServlet - FrameworkServlet &apos;&apos;: initialization completed in 4 ms
04:57:57.962 [main] DEBUG o.s.t.w.s.TestDispatcherServlet - Servlet &apos;&apos; configured successfully
04:57:57.963 [main] DEBUG o.s.t.w.s.TestDispatcherServlet - DispatcherServlet with name &apos;&apos; processing POST request for [/api/v1/logentries/range]
04:57:57.963 [main] DEBUG o.s.w.s.m.m.a.RequestMappingHandlerMapping - Looking up handler method for path /api/v1/logentries/range
04:57:57.963 [main] DEBUG o.s.w.s.m.m.a.RequestMappingHandlerMapping - Returning handler method [public org.springframework.http.ResponseEntity edu.ncsu.csc.itrust2.controllers.api.APILogEntryController.getEntryByDateRange(edu.ncsu.csc.itrust2.controllers.api.comm.LogEntryRequestBody)]
04:57:57.963 [main] DEBUG o.s.b.f.s.DefaultListableBeanFactory - Returning cached instance of singleton bean &apos;APILogEntryController&apos;
04:57:57.964 [main] DEBUG o.s.w.s.m.m.a.RequestResponseBodyMethodProcessor - Read [class edu.ncsu.csc.itrust2.controllers.api.comm.LogEntryRequestBody] as &quot;application/json&quot; with [org.springframework.http.converter.json.GsonHttpMessageConverter@75a87b8c]
04:57:57.964 [main] DEBUG o.h.e.t.internal.TransactionImpl - begin
04:57:57.965 [main] DEBUG org.hibernate.SQL - select this_.id as id1_6_0_, this_.logCode as logCode2_6_0_, this_.message as message3_6_0_, this_.primaryUser as primaryU4_6_0_, this_.secondaryUser as secondar5_6_0_, this_.time as time6_6_0_ from LogEntries this_ where this_.time between ? and ? and (this_.primaryUser=? or this_.secondaryUser=?)
Hibernate: select this_.id as id1_6_0_, this_.logCode as logCode2_6_0_, this_.message as message3_6_0_, this_.primaryUser as primaryU4_6_0_, this_.secondaryUser as secondar5_6_0_, this_.time as time6_6_0_ from LogEntries this_ where this_.time between ? and ? and (this_.primaryUser=? or this_.secondaryUser=?)
04:57:57.968 [main] DEBUG org.hibernate.loader.Loader - Result set row: 0
04:57:57.968 [main] DEBUG org.hibernate.loader.Loader - Result row: EntityKey[edu.ncsu.csc.itrust2.models.persistent.LogEntry#7]
04:57:57.968 [main] DEBUG org.hibernate.loader.Loader - Result set row: 1
04:57:57.968 [main] DEBUG org.hibernate.loader.Loader - Result row: EntityKey[edu.ncsu.csc.itrust2.models.persistent.LogEntry#8]
04:57:57.968 [main] DEBUG org.hibernate.loader.Loader - Result set row: 2
04:57:57.969 [main] DEBUG org.hibernate.loader.Loader - Result row: EntityKey[edu.ncsu.csc.itrust2.models.persistent.LogEntry#9]
04:57:57.969 [main] DEBUG org.hibernate.loader.Loader - Result set row: 3
04:57:57.969 [main] DEBUG org.hibernate.loader.Loader - Result row: EntityKey[edu.ncsu.csc.itrust2.models.persistent.LogEntry#10]
04:57:57.969 [main] DEBUG org.hibernate.loader.Loader - Result set row: 4
04:57:57.969 [main] DEBUG org.hibernate.loader.Loader - Result row: EntityKey[edu.ncsu.csc.itrust2.models.persistent.LogEntry#11]
04:57:57.969 [main] DEBUG o.h.engine.internal.TwoPhaseLoad - Resolving associations for [edu.ncsu.csc.itrust2.models.persistent.LogEntry#7]
04:57:57.969 [main] DEBUG o.h.engine.internal.TwoPhaseLoad - Done materializing entity [edu.ncsu.csc.itrust2.models.persistent.LogEntry#7]
04:57:57.969 [main] DEBUG o.h.engine.internal.TwoPhaseLoad - Resolving associations for [edu.ncsu.csc.itrust2.models.persistent.LogEntry#8]
04:57:57.970 [main] DEBUG o.h.engine.internal.TwoPhaseLoad - Done materializing entity [edu.ncsu.csc.itrust2.models.persistent.LogEntry#8]
04:57:57.970 [main] DEBUG o.h.engine.internal.TwoPhaseLoad - Resolving associations for [edu.ncsu.csc.itrust2.models.persistent.LogEntry#9]
04:57:57.970 [main] DEBUG o.h.engine.internal.TwoPhaseLoad - Done materializing entity [edu.ncsu.csc.itrust2.models.persistent.LogEntry#9]
04:57:57.970 [main] DEBUG o.h.engine.internal.TwoPhaseLoad - Resolving associations for [edu.ncsu.csc.itrust2.models.persistent.LogEntry#10]
04:57:57.972 [main] DEBUG o.h.engine.internal.TwoPhaseLoad - Done materializing entity [edu.ncsu.csc.itrust2.models.persistent.LogEntry#10]
04:57:57.973 [main] DEBUG o.h.engine.internal.TwoPhaseLoad - Resolving associations for [edu.ncsu.csc.itrust2.models.persistent.LogEntry#11]
04:57:57.973 [main] DEBUG o.h.engine.internal.TwoPhaseLoad - Done materializing entity [edu.ncsu.csc.itrust2.models.persistent.LogEntry#11]
04:57:57.973 [main] DEBUG o.h.e.t.internal.TransactionImpl - committing
04:57:57.973 [main] DEBUG o.h.e.i.AbstractFlushingEventListener - Processing flush-time cascades
04:57:57.973 [main] DEBUG o.h.e.i.AbstractFlushingEventListener - Dirty checking collections
04:57:57.973 [main] DEBUG o.h.e.i.AbstractFlushingEventListener - Flushed: 0 insertions, 0 updates, 0 deletions to 5 objects
04:57:57.973 [main] DEBUG o.h.e.i.AbstractFlushingEventListener - Flushed: 0 (re)creations, 0 updates, 0 removals to 0 collections
04:57:57.973 [main] DEBUG o.h.internal.util.EntityPrinter - Listing entities:
04:57:57.973 [main] DEBUG o.h.internal.util.EntityPrinter - edu.ncsu.csc.itrust2.models.persistent.LogEntry{secondaryUser=null, logCode=32, primaryUser=admin, id=11, time=java.util.GregorianCalendar[time=1521521872000,areFieldsSet=true,areAllFieldsSet=true,lenient=true,zone=sun.util.calendar.ZoneInfo[id=&quot;Etc/UTC&quot;,offset=0,dstSavings=0,useDaylight=false,transitions=0,lastRule=null],firstDayOfWeek=1,minimalDaysInFirstWeek=1,ERA=1,YEAR=2018,MONTH=2,WEEK_OF_YEAR=12,WEEK_OF_MONTH=4,DAY_OF_MONTH=20,DAY_OF_YEAR=79,DAY_OF_WEEK=3,DAY_OF_WEEK_IN_MONTH=3,AM_PM=0,HOUR=4,HOUR_OF_DAY=4,MINUTE=57,SECOND=52,MILLISECOND=0,ZONE_OFFSET=0,DST_OFFSET=0], message=admin deleted an ICD Code}
04:57:57.973 [main] DEBUG o.h.internal.util.EntityPrinter - edu.ncsu.csc.itrust2.models.persistent.LogEntry{secondaryUser=null, logCode=31, primaryUser=admin, id=7, time=java.util.GregorianCalendar[time=1521521872000,areFieldsSet=true,areAllFieldsSet=true,lenient=true,zone=sun.util.calendar.ZoneInfo[id=&quot;Etc/UTC&quot;,offset=0,dstSavings=0,useDaylight=false,transitions=0,lastRule=null],firstDayOfWeek=1,minimalDaysInFirstWeek=1,ERA=1,YEAR=2018,MONTH=2,WEEK_OF_YEAR=12,WEEK_OF_MONTH=4,DAY_OF_MONTH=20,DAY_OF_YEAR=79,DAY_OF_WEEK=3,DAY_OF_WEEK_IN_MONTH=3,AM_PM=0,HOUR=4,HOUR_OF_DAY=4,MINUTE=57,SECOND=52,MILLISECOND=0,ZONE_OFFSET=0,DST_OFFSET=0], message=admin created an ICD Code}
04:57:57.973 [main] DEBUG o.h.internal.util.EntityPrinter - edu.ncsu.csc.itrust2.models.persistent.LogEntry{secondaryUser=null, logCode=34, primaryUser=admin, id=8, time=java.util.GregorianCalendar[time=1521521872000,areFieldsSet=true,areAllFieldsSet=true,lenient=true,zone=sun.util.calendar.ZoneInfo[id=&quot;Etc/UTC&quot;,offset=0,dstSavings=0,useDaylight=false,transitions=0,lastRule=null],firstDayOfWeek=1,minimalDaysInFirstWeek=1,ERA=1,YEAR=2018,MONTH=2,WEEK_OF_YEAR=12,WEEK_OF_MONTH=4,DAY_OF_MONTH=20,DAY_OF_YEAR=79,DAY_OF_WEEK=3,DAY_OF_WEEK_IN_MONTH=3,AM_PM=0,HOUR=4,HOUR_OF_DAY=4,MINUTE=57,SECOND=52,MILLISECOND=0,ZONE_OFFSET=0,DST_OFFSET=0], message=Fetched icd code with id 6}
04:57:57.973 [main] DEBUG o.h.internal.util.EntityPrinter - edu.ncsu.csc.itrust2.models.persistent.LogEntry{secondaryUser=null, logCode=33, primaryUser=admin, id=9, time=java.util.GregorianCalendar[time=1521521872000,areFieldsSet=true,areAllFieldsSet=true,lenient=true,zone=sun.util.calendar.ZoneInfo[id=&quot;Etc/UTC&quot;,offset=0,dstSavings=0,useDaylight=false,transitions=0,lastRule=null],firstDayOfWeek=1,minimalDaysInFirstWeek=1,ERA=1,YEAR=2018,MONTH=2,WEEK_OF_YEAR=12,WEEK_OF_MONTH=4,DAY_OF_MONTH=20,DAY_OF_YEAR=79,DAY_OF_WEEK=3,DAY_OF_WEEK_IN_MONTH=3,AM_PM=0,HOUR=4,HOUR_OF_DAY=4,MINUTE=57,SECOND=52,MILLISECOND=0,ZONE_OFFSET=0,DST_OFFSET=0], message=admin edited an ICD Code}
04:57:57.973 [main] DEBUG o.h.internal.util.EntityPrinter - edu.ncsu.csc.itrust2.models.persistent.LogEntry{secondaryUser=null, logCode=34, primaryUser=admin, id=10, time=java.util.GregorianCalendar[time=1521521872000,areFieldsSet=true,areAllFieldsSet=true,lenient=true,zone=sun.util.calendar.ZoneInfo[id=&quot;Etc/UTC&quot;,offset=0,dstSavings=0,useDaylight=false,transitions=0,lastRule=null],firstDayOfWeek=1,minimalDaysInFirstWeek=1,ERA=1,YEAR=2018,MONTH=2,WEEK_OF_YEAR=12,WEEK_OF_MONTH=4,DAY_OF_MONTH=20,DAY_OF_YEAR=79,DAY_OF_WEEK=3,DAY_OF_WEEK_IN_MONTH=3,AM_PM=0,HOUR=4,HOUR_OF_DAY=4,MINUTE=57,SECOND=52,MILLISECOND=0,ZONE_OFFSET=0,DST_OFFSET=0], message=Fetched icd code with id 6}
04:57:57.975 [main] DEBUG o.s.w.s.m.m.a.HttpEntityMethodProcessor - Written [{&quot;status&quot;:&quot;failed&quot;,&quot;message&quot;:&quot;Error retrieving Log Entries&quot;}] as &quot;text/plain&quot; using [org.springframework.http.converter.StringHttpMessageConverter@7d41615a]
04:57:57.975 [main] DEBUG o.s.t.w.s.TestDispatcherServlet - Null ModelAndView returned to DispatcherServlet with name &apos;&apos;: assuming HandlerAdapter completed request handling
04:57:57.975 [main] DEBUG o.s.t.w.s.TestDispatcherServlet - Successfully completed request
04:57:57.975 [main] DEBUG o.s.t.c.s.AbstractDirtiesContextTestExecutionListener - After test method: context [DefaultTestContext@5a63b461 testClass = APILogEntryTest, testInstance = edu.ncsu.csc.itrust2.apitest.APILogEntryTest@ca6cf80, testMethod = testLogByDate@APILogEntryTest, testException = java.lang.AssertionError: Status expected:&lt;200&gt; but was:&lt;500&gt;, mergedContextConfiguration = [WebMergedContextConfiguration@8eb2aaf testClass = APILogEntryTest, locations = &apos;{}&apos;, classes = &apos;{class edu.ncsu.csc.itrust2.config.RootConfiguration, class edu.ncsu.csc.itrust2.mvc.config.WebMvcConfiguration}&apos;, contextInitializerClasses = &apos;[]&apos;, activeProfiles = &apos;{}&apos;, propertySourceLocations = &apos;{}&apos;, propertySourceProperties = &apos;{}&apos;, contextCustomizers = set[[empty]], resourceBasePath = &apos;src/main/webapp&apos;, contextLoader = &apos;org.springframework.test.context.web.WebDelegatingSmartContextLoader&apos;, parent = [null]]], class annotated with @DirtiesContext [false] with mode [null], method annotated with @DirtiesContext [false] with mode [null].
04:57:57.975 [main] DEBUG o.s.t.c.w.ServletTestExecutionListener - Resetting RequestContextHolder for test context [DefaultTestContext@5a63b461 testClass = APILogEntryTest, testInstance = edu.ncsu.csc.itrust2.apitest.APILogEntryTest@ca6cf80, testMethod = testLogByDate@APILogEntryTest, testException = java.lang.AssertionError: Status expected:&lt;200&gt; but was:&lt;500&gt;, mergedContextConfiguration = [WebMergedContextConfiguration@8eb2aaf testClass = APILogEntryTest, locations = &apos;{}&apos;, classes = &apos;{class edu.ncsu.csc.itrust2.config.RootConfiguration, class edu.ncsu.csc.itrust2.mvc.config.WebMvcConfiguration}&apos;, contextInitializerClasses = &apos;[]&apos;, activeProfiles = &apos;{}&apos;, propertySourceLocations = &apos;{}&apos;, propertySourceProperties = &apos;{}&apos;, contextCustomizers = set[[empty]], resourceBasePath = &apos;src/main/webapp&apos;, contextLoader = &apos;org.springframework.test.context.web.WebDelegatingSmartContextLoader&apos;, parent = [null]]].
</stdout>
          <failedSince>7</failedSince>
        </case>
      </cases>
    </suite>
    <suite>
      <file>/var/lib/jenkins/workspace/iTrust-Fuzz-Job/iTrust2-v2/iTrust/iTrust2/target/surefire-reports/TEST-edu.ncsu.csc.itrust2.apitest.APIOfficeVisitTest.xml</file>
      <name>edu.ncsu.csc.itrust2.apitest.APIOfficeVisitTest</name>
      <duration>0.689</duration>
      <time>0.689</time>
      <enclosingBlocks/>
      <enclosingBlockNames/>
      <cases>
        <case>
          <duration>0.002</duration>
          <className>edu.ncsu.csc.itrust2.apitest.APIOfficeVisitTest</className>
          <testName>testDeleteNonExistentOfficeVisit</testName>
          <skipped>false</skipped>
          <failedSince>0</failedSince>
        </case>
        <case>
          <duration>0.002</duration>
          <className>edu.ncsu.csc.itrust2.apitest.APIOfficeVisitTest</className>
          <testName>testGetNonExistentOfficeVisit</testName>
          <skipped>false</skipped>
          <failedSince>0</failedSince>
        </case>
        <case>
          <duration>0.277</duration>
          <className>edu.ncsu.csc.itrust2.apitest.APIOfficeVisitTest</className>
          <testName>testOfficeVisitAPI</testName>
          <skipped>false</skipped>
          <errorStackTrace>java.lang.AssertionError: Status expected:&lt;200&gt; but was:&lt;400&gt;
	at edu.ncsu.csc.itrust2.apitest.APIOfficeVisitTest.testOfficeVisitAPI(APIOfficeVisitTest.java:194)
</errorStackTrace>
          <errorDetails>Status expected:&lt;200&gt; but was:&lt;400&gt;</errorDetails>
          <stdout>04:57:52.852 [main] DEBUG o.s.t.annotation.ProfileValueUtils - Retrieved @ProfileValueSourceConfiguration [null] for test class [edu.ncsu.csc.itrust2.apitest.APIOfficeVisitTest]
04:57:52.852 [main] DEBUG o.s.t.annotation.ProfileValueUtils - Retrieved ProfileValueSource type [class org.springframework.test.annotation.SystemProfileValueSource] for class [edu.ncsu.csc.itrust2.apitest.APIOfficeVisitTest]
04:57:52.852 [main] DEBUG o.s.t.c.c.DefaultCacheAwareContextLoaderDelegate - Retrieved ApplicationContext from cache with key [[WebMergedContextConfiguration@174b028a testClass = APIOfficeVisitTest, locations = &apos;{}&apos;, classes = &apos;{class edu.ncsu.csc.itrust2.config.RootConfiguration, class edu.ncsu.csc.itrust2.mvc.config.WebMvcConfiguration}&apos;, contextInitializerClasses = &apos;[]&apos;, activeProfiles = &apos;{}&apos;, propertySourceLocations = &apos;{}&apos;, propertySourceProperties = &apos;{}&apos;, contextCustomizers = set[[empty]], resourceBasePath = &apos;src/main/webapp&apos;, contextLoader = &apos;org.springframework.test.context.web.WebDelegatingSmartContextLoader&apos;, parent = [null]]]
04:57:52.852 [main] DEBUG o.springframework.test.context.cache - Spring test ApplicationContext cache statistics: [DefaultContextCache@3bc22ada size = 1, maxSize = 32, parentContextCount = 0, hitCount = 27, missCount = 1]
04:57:52.852 [main] DEBUG o.s.t.c.w.ServletTestExecutionListener - Setting up MockHttpServletRequest, MockHttpServletResponse, ServletWebRequest, and RequestContextHolder for test context [DefaultTestContext@5be749fc testClass = APIOfficeVisitTest, testInstance = edu.ncsu.csc.itrust2.apitest.APIOfficeVisitTest@78b0ae31, testMethod = [null], testException = [null], mergedContextConfiguration = [WebMergedContextConfiguration@174b028a testClass = APIOfficeVisitTest, locations = &apos;{}&apos;, classes = &apos;{class edu.ncsu.csc.itrust2.config.RootConfiguration, class edu.ncsu.csc.itrust2.mvc.config.WebMvcConfiguration}&apos;, contextInitializerClasses = &apos;[]&apos;, activeProfiles = &apos;{}&apos;, propertySourceLocations = &apos;{}&apos;, propertySourceProperties = &apos;{}&apos;, contextCustomizers = set[[empty]], resourceBasePath = &apos;src/main/webapp&apos;, contextLoader = &apos;org.springframework.test.context.web.WebDelegatingSmartContextLoader&apos;, parent = [null]]].
04:57:52.852 [main] DEBUG o.s.t.c.s.DependencyInjectionTestExecutionListener - Performing dependency injection for test context [[DefaultTestContext@5be749fc testClass = APIOfficeVisitTest, testInstance = edu.ncsu.csc.itrust2.apitest.APIOfficeVisitTest@78b0ae31, testMethod = [null], testException = [null], mergedContextConfiguration = [WebMergedContextConfiguration@174b028a testClass = APIOfficeVisitTest, locations = &apos;{}&apos;, classes = &apos;{class edu.ncsu.csc.itrust2.config.RootConfiguration, class edu.ncsu.csc.itrust2.mvc.config.WebMvcConfiguration}&apos;, contextInitializerClasses = &apos;[]&apos;, activeProfiles = &apos;{}&apos;, propertySourceLocations = &apos;{}&apos;, propertySourceProperties = &apos;{}&apos;, contextCustomizers = set[[empty]], resourceBasePath = &apos;src/main/webapp&apos;, contextLoader = &apos;org.springframework.test.context.web.WebDelegatingSmartContextLoader&apos;, parent = [null]]]].
04:57:52.852 [main] DEBUG o.s.t.c.c.DefaultCacheAwareContextLoaderDelegate - Retrieved ApplicationContext from cache with key [[WebMergedContextConfiguration@174b028a testClass = APIOfficeVisitTest, locations = &apos;{}&apos;, classes = &apos;{class edu.ncsu.csc.itrust2.config.RootConfiguration, class edu.ncsu.csc.itrust2.mvc.config.WebMvcConfiguration}&apos;, contextInitializerClasses = &apos;[]&apos;, activeProfiles = &apos;{}&apos;, propertySourceLocations = &apos;{}&apos;, propertySourceProperties = &apos;{}&apos;, contextCustomizers = set[[empty]], resourceBasePath = &apos;src/main/webapp&apos;, contextLoader = &apos;org.springframework.test.context.web.WebDelegatingSmartContextLoader&apos;, parent = [null]]]
04:57:52.852 [main] DEBUG o.springframework.test.context.cache - Spring test ApplicationContext cache statistics: [DefaultContextCache@3bc22ada size = 1, maxSize = 32, parentContextCount = 0, hitCount = 28, missCount = 1]
04:57:52.852 [main] DEBUG o.s.b.f.annotation.InjectionMetadata - Processing injected element of bean &apos;edu.ncsu.csc.itrust2.apitest.APIOfficeVisitTest&apos;: AutowiredFieldElement for private org.springframework.web.context.WebApplicationContext edu.ncsu.csc.itrust2.apitest.APIOfficeVisitTest.context
04:57:52.853 [main] DEBUG o.s.t.c.s.AbstractDirtiesContextTestExecutionListener - Before test method: context [DefaultTestContext@5be749fc testClass = APIOfficeVisitTest, testInstance = edu.ncsu.csc.itrust2.apitest.APIOfficeVisitTest@78b0ae31, testMethod = testOfficeVisitAPI@APIOfficeVisitTest, testException = [null], mergedContextConfiguration = [WebMergedContextConfiguration@174b028a testClass = APIOfficeVisitTest, locations = &apos;{}&apos;, classes = &apos;{class edu.ncsu.csc.itrust2.config.RootConfiguration, class edu.ncsu.csc.itrust2.mvc.config.WebMvcConfiguration}&apos;, contextInitializerClasses = &apos;[]&apos;, activeProfiles = &apos;{}&apos;, propertySourceLocations = &apos;{}&apos;, propertySourceProperties = &apos;{}&apos;, contextCustomizers = set[[empty]], resourceBasePath = &apos;src/main/webapp&apos;, contextLoader = &apos;org.springframework.test.context.web.WebDelegatingSmartContextLoader&apos;, parent = [null]]], class annotated with @DirtiesContext [false] with mode [null], method annotated with @DirtiesContext [false] with mode [null].
04:57:52.853 [main] DEBUG o.s.t.w.s.TestDispatcherServlet - Initializing servlet &apos;&apos;
04:57:52.853 [main] DEBUG o.s.w.c.s.StandardServletEnvironment - Adding [servletConfigInitParams] PropertySource with lowest search precedence
04:57:52.853 [main] DEBUG o.s.w.c.s.StandardServletEnvironment - Adding [servletContextInitParams] PropertySource with lowest search precedence
04:57:52.853 [main] DEBUG o.s.w.c.s.StandardServletEnvironment - Adding [systemProperties] PropertySource with lowest search precedence
04:57:52.854 [main] DEBUG o.s.w.c.s.StandardServletEnvironment - Adding [systemEnvironment] PropertySource with lowest search precedence
04:57:52.854 [main] DEBUG o.s.w.c.s.StandardServletEnvironment - Initialized StandardServletEnvironment with PropertySources [servletConfigInitParams,servletContextInitParams,systemProperties,systemEnvironment]
04:57:52.854 [main] INFO  o.s.mock.web.MockServletContext - Initializing Spring FrameworkServlet &apos;&apos;
04:57:52.854 [main] INFO  o.s.t.w.s.TestDispatcherServlet - FrameworkServlet &apos;&apos;: initialization started
04:57:52.856 [main] DEBUG o.s.t.w.s.TestDispatcherServlet - Unable to locate MultipartResolver with name &apos;multipartResolver&apos;: no multipart request handling provided
04:57:52.856 [main] DEBUG o.s.b.f.s.DefaultListableBeanFactory - Creating instance of bean &apos;org.springframework.web.servlet.i18n.AcceptHeaderLocaleResolver&apos;
04:57:52.857 [main] DEBUG o.s.b.f.s.DefaultListableBeanFactory - Finished creating instance of bean &apos;org.springframework.web.servlet.i18n.AcceptHeaderLocaleResolver&apos;
04:57:52.857 [main] DEBUG o.s.t.w.s.TestDispatcherServlet - Unable to locate LocaleResolver with name &apos;localeResolver&apos;: using default [org.springframework.web.servlet.i18n.AcceptHeaderLocaleResolver@45aadb]
04:57:52.857 [main] DEBUG o.s.b.f.s.DefaultListableBeanFactory - Creating instance of bean &apos;org.springframework.web.servlet.theme.FixedThemeResolver&apos;
04:57:52.857 [main] DEBUG o.s.b.f.s.DefaultListableBeanFactory - Finished creating instance of bean &apos;org.springframework.web.servlet.theme.FixedThemeResolver&apos;
04:57:52.857 [main] DEBUG o.s.t.w.s.TestDispatcherServlet - Unable to locate ThemeResolver with name &apos;themeResolver&apos;: using default [org.springframework.web.servlet.theme.FixedThemeResolver@2ecbc318]
04:57:52.857 [main] DEBUG o.s.b.f.s.DefaultListableBeanFactory - Returning cached instance of singleton bean &apos;requestMappingHandlerMapping&apos;
04:57:52.858 [main] DEBUG o.s.b.f.s.DefaultListableBeanFactory - Returning cached instance of singleton bean &apos;viewControllerHandlerMapping&apos;
04:57:52.858 [main] DEBUG o.s.b.f.s.DefaultListableBeanFactory - Returning cached instance of singleton bean &apos;beanNameHandlerMapping&apos;
04:57:52.858 [main] DEBUG o.s.b.f.s.DefaultListableBeanFactory - Returning cached instance of singleton bean &apos;resourceHandlerMapping&apos;
04:57:52.858 [main] DEBUG o.s.b.f.s.DefaultListableBeanFactory - Returning cached instance of singleton bean &apos;defaultServletHandlerMapping&apos;
04:57:52.859 [main] DEBUG o.s.b.f.s.DefaultListableBeanFactory - Returning cached instance of singleton bean &apos;requestMappingHandlerAdapter&apos;
04:57:52.859 [main] DEBUG o.s.b.f.s.DefaultListableBeanFactory - Returning cached instance of singleton bean &apos;httpRequestHandlerAdapter&apos;
04:57:52.859 [main] DEBUG o.s.b.f.s.DefaultListableBeanFactory - Returning cached instance of singleton bean &apos;simpleControllerHandlerAdapter&apos;
04:57:52.868 [main] DEBUG o.s.b.f.s.DefaultListableBeanFactory - Returning cached instance of singleton bean &apos;handlerExceptionResolver&apos;
04:57:52.868 [main] DEBUG o.s.b.f.s.DefaultListableBeanFactory - Creating instance of bean &apos;org.springframework.web.servlet.view.DefaultRequestToViewNameTranslator&apos;
04:57:52.868 [main] DEBUG o.s.b.f.s.DefaultListableBeanFactory - Finished creating instance of bean &apos;org.springframework.web.servlet.view.DefaultRequestToViewNameTranslator&apos;
04:57:52.868 [main] DEBUG o.s.t.w.s.TestDispatcherServlet - Unable to locate RequestToViewNameTranslator with name &apos;viewNameTranslator&apos;: using default [org.springframework.web.servlet.view.DefaultRequestToViewNameTranslator@53f731d6]
04:57:52.868 [main] DEBUG o.s.b.f.s.DefaultListableBeanFactory - Returning cached instance of singleton bean &apos;mvcViewResolver&apos;
04:57:52.868 [main] DEBUG o.s.b.f.s.DefaultListableBeanFactory - Returning cached instance of singleton bean &apos;viewResolver&apos;
04:57:52.869 [main] DEBUG o.s.b.f.s.DefaultListableBeanFactory - Creating instance of bean &apos;org.springframework.web.servlet.support.SessionFlashMapManager&apos;
04:57:52.869 [main] DEBUG o.s.b.f.s.DefaultListableBeanFactory - Finished creating instance of bean &apos;org.springframework.web.servlet.support.SessionFlashMapManager&apos;
04:57:52.869 [main] DEBUG o.s.t.w.s.TestDispatcherServlet - Unable to locate FlashMapManager with name &apos;flashMapManager&apos;: using default [org.springframework.web.servlet.support.SessionFlashMapManager@34e13c00]
04:57:52.869 [main] DEBUG o.s.t.w.s.TestDispatcherServlet - Published WebApplicationContext of servlet &apos;&apos; as ServletContext attribute with name [org.springframework.web.servlet.FrameworkServlet.CONTEXT.]
04:57:52.869 [main] INFO  o.s.t.w.s.TestDispatcherServlet - FrameworkServlet &apos;&apos;: initialization completed in 13 ms
04:57:52.869 [main] DEBUG o.s.t.w.s.TestDispatcherServlet - Servlet &apos;&apos; configured successfully
04:57:52.869 [main] DEBUG o.h.e.t.internal.TransactionImpl - begin
04:57:52.870 [main] DEBUG org.hibernate.SQL - select this_.username as username1_15_0_, this_.enabled as enabled2_15_0_, this_.password as password3_15_0_, this_.role as role4_15_0_ from Users this_ where this_.username=? and this_.role=?
Hibernate: select this_.username as username1_15_0_, this_.enabled as enabled2_15_0_, this_.password as password3_15_0_, this_.role as role4_15_0_ from Users this_ where this_.username=? and this_.role=?
04:57:52.871 [main] DEBUG org.hibernate.loader.Loader - Result set row: 0
04:57:52.871 [main] DEBUG org.hibernate.loader.Loader - Result row: EntityKey[edu.ncsu.csc.itrust2.models.persistent.User#patient]
04:57:52.872 [main] DEBUG o.h.engine.internal.TwoPhaseLoad - Resolving associations for [edu.ncsu.csc.itrust2.models.persistent.User#patient]
04:57:52.872 [main] DEBUG o.h.engine.internal.TwoPhaseLoad - Done materializing entity [edu.ncsu.csc.itrust2.models.persistent.User#patient]
04:57:52.872 [main] DEBUG o.h.e.t.internal.TransactionImpl - committing
04:57:52.872 [main] DEBUG o.h.e.i.AbstractFlushingEventListener - Processing flush-time cascades
04:57:52.872 [main] DEBUG o.h.e.i.AbstractFlushingEventListener - Dirty checking collections
04:57:52.872 [main] DEBUG o.h.e.i.AbstractFlushingEventListener - Flushed: 0 insertions, 0 updates, 0 deletions to 1 objects
04:57:52.872 [main] DEBUG o.h.e.i.AbstractFlushingEventListener - Flushed: 0 (re)creations, 0 updates, 0 removals to 0 collections
04:57:52.872 [main] DEBUG o.h.internal.util.EntityPrinter - Listing entities:
04:57:52.872 [main] DEBUG o.h.internal.util.EntityPrinter - edu.ncsu.csc.itrust2.models.persistent.User{password=$2a$10$EblZqNptyYvcLm/VwDCVAuBjzZOI7khzdyGPBr08PpIi0na624b8., role=ROLE_PATIENT, enabled=1, username=patient}
04:57:52.873 [main] DEBUG o.h.e.t.internal.TransactionImpl - begin
04:57:52.874 [main] DEBUG org.hibernate.SQL - select this_.self_id as self_id18_12_2_, this_.address1 as address1_12_2_, this_.address2 as address2_12_2_, this_.bloodType as bloodTyp3_12_2_, this_.causeOfDeath as causeOfD4_12_2_, this_.city as city5_12_2_, this_.dateOfBirth as dateOfBi6_12_2_, this_.dateOfDeath as dateOfDe7_12_2_, this_.email as email8_12_2_, this_.ethnicity as ethnicit9_12_2_, this_.father_id as father_19_12_2_, this_.firstName as firstNa10_12_2_, this_.gender as gender11_12_2_, this_.id as id12_12_2_, this_.lastName as lastNam13_12_2_, this_.mother_id as mother_20_12_2_, this_.phone as phone14_12_2_, this_.preferredName as preferr15_12_2_, this_.state as state16_12_2_, this_.zip as zip17_12_2_, user2_.username as username1_15_0_, user2_.enabled as enabled2_15_0_, user2_.password as password3_15_0_, user2_.role as role4_15_0_, user3_.username as username1_15_1_, user3_.enabled as enabled2_15_1_, user3_.password as password3_15_1_, user3_.role as role4_15_1_ from Patients this_ left outer join Users user2_ on this_.father_id=user2_.username left outer join Users user3_ on this_.mother_id=user3_.username where this_.self_id=?
Hibernate: select this_.self_id as self_id18_12_2_, this_.address1 as address1_12_2_, this_.address2 as address2_12_2_, this_.bloodType as bloodTyp3_12_2_, this_.causeOfDeath as causeOfD4_12_2_, this_.city as city5_12_2_, this_.dateOfBirth as dateOfBi6_12_2_, this_.dateOfDeath as dateOfDe7_12_2_, this_.email as email8_12_2_, this_.ethnicity as ethnicit9_12_2_, this_.father_id as father_19_12_2_, this_.firstName as firstNa10_12_2_, this_.gender as gender11_12_2_, this_.id as id12_12_2_, this_.lastName as lastNam13_12_2_, this_.mother_id as mother_20_12_2_, this_.phone as phone14_12_2_, this_.preferredName as preferr15_12_2_, this_.state as state16_12_2_, this_.zip as zip17_12_2_, user2_.username as username1_15_0_, user2_.enabled as enabled2_15_0_, user2_.password as password3_15_0_, user2_.role as role4_15_0_, user3_.username as username1_15_1_, user3_.enabled as enabled2_15_1_, user3_.password as password3_15_1_, user3_.role as role4_15_1_ from Patients this_ left outer join Users user2_ on this_.father_id=user2_.username left outer join Users user3_ on this_.mother_id=user3_.username where this_.self_id=?
04:57:52.879 [main] DEBUG o.h.e.t.internal.TransactionImpl - committing
04:57:52.883 [main] DEBUG o.s.t.w.s.TestDispatcherServlet - DispatcherServlet with name &apos;&apos; processing POST request for [/api/v1/users]
04:57:52.883 [main] DEBUG o.s.w.s.m.m.a.RequestMappingHandlerMapping - Looking up handler method for path /api/v1/users
04:57:52.884 [main] DEBUG o.s.w.s.m.m.a.RequestMappingHandlerMapping - Returning handler method [public org.springframework.http.ResponseEntity edu.ncsu.csc.itrust2.controllers.api.APIUserController.createUser(edu.ncsu.csc.itrust2.forms.admin.UserForm)]
04:57:52.884 [main] DEBUG o.s.b.f.s.DefaultListableBeanFactory - Returning cached instance of singleton bean &apos;APIUserController&apos;
04:57:52.884 [main] DEBUG o.s.w.s.m.m.a.RequestResponseBodyMethodProcessor - Read [class edu.ncsu.csc.itrust2.forms.admin.UserForm] as &quot;application/json&quot; with [org.springframework.http.converter.json.GsonHttpMessageConverter@75a87b8c]
04:57:53.016 [main] DEBUG o.h.e.t.internal.TransactionImpl - begin
04:57:53.018 [main] DEBUG org.hibernate.SQL - select this_.username as username1_15_0_, this_.enabled as enabled2_15_0_, this_.password as password3_15_0_, this_.role as role4_15_0_ from Users this_ where this_.username=?
Hibernate: select this_.username as username1_15_0_, this_.enabled as enabled2_15_0_, this_.password as password3_15_0_, this_.role as role4_15_0_ from Users this_ where this_.username=?
04:57:53.022 [main] DEBUG org.hibernate.loader.Loader - Result set row: 0
04:57:53.022 [main] DEBUG org.hibernate.loader.Loader - Result row: EntityKey[edu.ncsu.csc.itrust2.models.persistent.User#hcp]
04:57:53.023 [main] DEBUG o.h.engine.internal.TwoPhaseLoad - Resolving associations for [edu.ncsu.csc.itrust2.models.persistent.User#hcp]
04:57:53.023 [main] DEBUG o.h.engine.internal.TwoPhaseLoad - Done materializing entity [edu.ncsu.csc.itrust2.models.persistent.User#hcp]
04:57:53.024 [main] DEBUG o.h.e.t.internal.TransactionImpl - committing
04:57:53.025 [main] DEBUG o.h.e.i.AbstractFlushingEventListener - Processing flush-time cascades
04:57:53.025 [main] DEBUG o.h.e.i.AbstractFlushingEventListener - Dirty checking collections
04:57:53.025 [main] DEBUG o.h.e.i.AbstractFlushingEventListener - Flushed: 0 insertions, 0 updates, 0 deletions to 1 objects
04:57:53.025 [main] DEBUG o.h.e.i.AbstractFlushingEventListener - Flushed: 0 (re)creations, 0 updates, 0 removals to 0 collections
04:57:53.025 [main] DEBUG o.h.internal.util.EntityPrinter - Listing entities:
04:57:53.025 [main] DEBUG o.h.internal.util.EntityPrinter - edu.ncsu.csc.itrust2.models.persistent.User{password=$2a$10$EblZqNptyYvcLm/VwDCVAuBjzZOI7khzdyGPBr08PpIi0na624b8., role=ROLE_HCP, enabled=1, username=hcp}
04:57:53.029 [main] DEBUG o.s.w.s.m.m.a.HttpEntityMethodProcessor - Written [{&quot;status&quot;:&quot;failed&quot;,&quot;message&quot;:&quot;User with the id hcp already exists&quot;}] as &quot;text/plain&quot; using [org.springframework.http.converter.StringHttpMessageConverter@7d41615a]
04:57:53.029 [main] DEBUG o.s.t.w.s.TestDispatcherServlet - Null ModelAndView returned to DispatcherServlet with name &apos;&apos;: assuming HandlerAdapter completed request handling
04:57:53.030 [main] DEBUG o.s.t.w.s.TestDispatcherServlet - Successfully completed request
04:57:53.032 [main] DEBUG o.s.t.w.s.TestDispatcherServlet - DispatcherServlet with name &apos;&apos; processing POST request for [/api/v1/users]
04:57:53.033 [main] DEBUG o.s.w.s.m.m.a.RequestMappingHandlerMapping - Looking up handler method for path /api/v1/users
04:57:53.045 [main] DEBUG o.s.w.s.m.m.a.RequestMappingHandlerMapping - Returning handler method [public org.springframework.http.ResponseEntity edu.ncsu.csc.itrust2.controllers.api.APIUserController.createUser(edu.ncsu.csc.itrust2.forms.admin.UserForm)]
04:57:53.045 [main] DEBUG o.s.b.f.s.DefaultListableBeanFactory - Returning cached instance of singleton bean &apos;APIUserController&apos;
04:57:53.045 [main] DEBUG o.s.w.s.m.m.a.RequestResponseBodyMethodProcessor - Read [class edu.ncsu.csc.itrust2.forms.admin.UserForm] as &quot;application/json&quot; with [org.springframework.http.converter.json.GsonHttpMessageConverter@75a87b8c]
04:57:53.156 [main] DEBUG o.h.e.t.internal.TransactionImpl - begin
04:57:53.158 [main] DEBUG org.hibernate.SQL - select this_.username as username1_15_0_, this_.enabled as enabled2_15_0_, this_.password as password3_15_0_, this_.role as role4_15_0_ from Users this_ where this_.username=?
Hibernate: select this_.username as username1_15_0_, this_.enabled as enabled2_15_0_, this_.password as password3_15_0_, this_.role as role4_15_0_ from Users this_ where this_.username=?
04:57:53.159 [main] DEBUG org.hibernate.loader.Loader - Result set row: 0
04:57:53.159 [main] DEBUG org.hibernate.loader.Loader - Result row: EntityKey[edu.ncsu.csc.itrust2.models.persistent.User#patient]
04:57:53.160 [main] DEBUG o.h.engine.internal.TwoPhaseLoad - Resolving associations for [edu.ncsu.csc.itrust2.models.persistent.User#patient]
04:57:53.160 [main] DEBUG o.h.engine.internal.TwoPhaseLoad - Done materializing entity [edu.ncsu.csc.itrust2.models.persistent.User#patient]
04:57:53.160 [main] DEBUG o.h.e.t.internal.TransactionImpl - committing
04:57:53.160 [main] DEBUG o.h.e.i.AbstractFlushingEventListener - Processing flush-time cascades
04:57:53.160 [main] DEBUG o.h.e.i.AbstractFlushingEventListener - Dirty checking collections
04:57:53.161 [main] DEBUG o.h.e.i.AbstractFlushingEventListener - Flushed: 0 insertions, 0 updates, 0 deletions to 1 objects
04:57:53.161 [main] DEBUG o.h.e.i.AbstractFlushingEventListener - Flushed: 0 (re)creations, 0 updates, 0 removals to 0 collections
04:57:53.162 [main] DEBUG o.h.internal.util.EntityPrinter - Listing entities:
04:57:53.163 [main] DEBUG o.h.internal.util.EntityPrinter - edu.ncsu.csc.itrust2.models.persistent.User{password=$2a$10$EblZqNptyYvcLm/VwDCVAuBjzZOI7khzdyGPBr08PpIi0na624b8., role=ROLE_PATIENT, enabled=1, username=patient}
04:57:53.164 [main] DEBUG o.s.w.s.m.m.a.HttpEntityMethodProcessor - Written [{&quot;status&quot;:&quot;failed&quot;,&quot;message&quot;:&quot;User with the id patient already exists&quot;}] as &quot;text/plain&quot; using [org.springframework.http.converter.StringHttpMessageConverter@7d41615a]
04:57:53.164 [main] DEBUG o.s.t.w.s.TestDispatcherServlet - Null ModelAndView returned to DispatcherServlet with name &apos;&apos;: assuming HandlerAdapter completed request handling
04:57:53.165 [main] DEBUG o.s.t.w.s.TestDispatcherServlet - Successfully completed request
04:57:53.166 [main] DEBUG o.s.t.w.s.TestDispatcherServlet - DispatcherServlet with name &apos;&apos; processing POST request for [/api/v1/hospitals]
04:57:53.168 [main] DEBUG o.s.w.s.m.m.a.RequestMappingHandlerMapping - Looking up handler method for path /api/v1/hospitals
04:57:53.168 [main] DEBUG o.s.w.s.m.m.a.RequestMappingHandlerMapping - Returning handler method [public org.springframework.http.ResponseEntity edu.ncsu.csc.itrust2.controllers.api.APIHospitalController.createHospital(edu.ncsu.csc.itrust2.forms.admin.HospitalForm)]
04:57:53.169 [main] DEBUG o.s.b.f.s.DefaultListableBeanFactory - Returning cached instance of singleton bean &apos;APIHospitalController&apos;
04:57:53.171 [main] DEBUG o.s.w.s.m.m.a.RequestResponseBodyMethodProcessor - Read [class edu.ncsu.csc.itrust2.forms.admin.HospitalForm] as &quot;application/json&quot; with [org.springframework.http.converter.json.GsonHttpMessageConverter@75a87b8c]
04:57:53.176 [main] DEBUG o.h.e.t.internal.TransactionImpl - begin
04:57:53.178 [main] DEBUG org.hibernate.SQL - select this_.name as name1_4_0_, this_.address as address2_4_0_, this_.state as state3_4_0_, this_.zip as zip4_4_0_ from Hospitals this_ where this_.name=?
Hibernate: select this_.name as name1_4_0_, this_.address as address2_4_0_, this_.state as state3_4_0_, this_.zip as zip4_4_0_ from Hospitals this_ where this_.name=?
04:57:53.179 [main] DEBUG o.h.e.t.internal.TransactionImpl - committing
04:57:53.180 [main] DEBUG o.h.e.t.internal.TransactionImpl - begin
04:57:53.181 [main] DEBUG org.hibernate.SQL - select hospital_.name, hospital_.address as address2_4_, hospital_.state as state3_4_, hospital_.zip as zip4_4_ from Hospitals hospital_ where hospital_.name=?
Hibernate: select hospital_.name, hospital_.address as address2_4_, hospital_.state as state3_4_, hospital_.zip as zip4_4_ from Hospitals hospital_ where hospital_.name=?
04:57:53.182 [main] DEBUG o.h.r.j.i.ResourceRegistryStandardImpl - HHH000387: ResultSet&apos;s statement was not registered
04:57:53.182 [main] DEBUG o.h.e.i.AbstractSaveEventListener - Generated identifier: iTrust Test Hospital 2, using strategy: org.hibernate.id.Assigned
04:57:53.183 [main] DEBUG o.h.e.t.internal.TransactionImpl - committing
04:57:53.183 [main] DEBUG o.h.e.i.AbstractFlushingEventListener - Processing flush-time cascades
04:57:53.183 [main] DEBUG o.h.e.i.AbstractFlushingEventListener - Dirty checking collections
04:57:53.183 [main] DEBUG o.h.e.i.AbstractFlushingEventListener - Flushed: 1 insertions, 0 updates, 0 deletions to 1 objects
04:57:53.183 [main] DEBUG o.h.e.i.AbstractFlushingEventListener - Flushed: 0 (re)creations, 0 updates, 0 removals to 0 collections
04:57:53.183 [main] DEBUG o.h.internal.util.EntityPrinter - Listing entities:
04:57:53.183 [main] DEBUG o.h.internal.util.EntityPrinter - edu.ncsu.csc.itrust2.models.persistent.Hospital{zip=27607, address=1 iTrust Test Street, name=iTrust Test Hospital 2, state=NC}
04:57:53.188 [main] DEBUG org.hibernate.SQL - insert into Hospitals (address, state, zip, name) values (?, ?, ?, ?)
Hibernate: insert into Hospitals (address, state, zip, name) values (?, ?, ?, ?)
04:57:53.192 [main] DEBUG o.h.e.j.internal.JdbcCoordinatorImpl - HHH000420: Closing un-released batch
04:57:53.193 [main] DEBUG o.h.e.t.internal.TransactionImpl - begin
04:57:53.194 [main] DEBUG org.hibernate.SQL - select next_val as id_val from hibernate_sequence for update
Hibernate: select next_val as id_val from hibernate_sequence for update
04:57:53.195 [main] DEBUG org.hibernate.SQL - update hibernate_sequence set next_val= ? where next_val=?
Hibernate: update hibernate_sequence set next_val= ? where next_val=?
04:57:53.198 [main] DEBUG o.h.e.i.AbstractSaveEventListener - Generated identifier: 19, using strategy: org.hibernate.id.enhanced.SequenceStyleGenerator
04:57:53.198 [main] DEBUG o.h.e.t.internal.TransactionImpl - committing
04:57:53.199 [main] DEBUG o.h.e.i.AbstractFlushingEventListener - Processing flush-time cascades
04:57:53.199 [main] DEBUG o.h.e.i.AbstractFlushingEventListener - Dirty checking collections
04:57:53.199 [main] DEBUG o.h.e.i.AbstractFlushingEventListener - Flushed: 1 insertions, 0 updates, 0 deletions to 1 objects
04:57:53.199 [main] DEBUG o.h.e.i.AbstractFlushingEventListener - Flushed: 0 (re)creations, 0 updates, 0 removals to 0 collections
04:57:53.199 [main] DEBUG o.h.internal.util.EntityPrinter - Listing entities:
04:57:53.199 [main] DEBUG o.h.internal.util.EntityPrinter - edu.ncsu.csc.itrust2.models.persistent.LogEntry{secondaryUser=null, logCode=15, primaryUser=SPRING_API_TEST_USER, id=19, time=java.util.GregorianCalendar[time=1521521873193,areFieldsSet=true,areAllFieldsSet=true,lenient=true,zone=sun.util.calendar.ZoneInfo[id=&quot;Etc/UTC&quot;,offset=0,dstSavings=0,useDaylight=false,transitions=0,lastRule=null],firstDayOfWeek=1,minimalDaysInFirstWeek=1,ERA=1,YEAR=2018,MONTH=2,WEEK_OF_YEAR=12,WEEK_OF_MONTH=4,DAY_OF_MONTH=20,DAY_OF_YEAR=79,DAY_OF_WEEK=3,DAY_OF_WEEK_IN_MONTH=3,AM_PM=0,HOUR=4,HOUR_OF_DAY=4,MINUTE=57,SECOND=53,MILLISECOND=193,ZONE_OFFSET=0,DST_OFFSET=0], message=null}
04:57:53.200 [main] DEBUG org.hibernate.SQL - insert into LogEntries (logCode, message, primaryUser, secondaryUser, time, id) values (?, ?, ?, ?, ?, ?)
Hibernate: insert into LogEntries (logCode, message, primaryUser, secondaryUser, time, id) values (?, ?, ?, ?, ?, ?)
04:57:53.205 [main] DEBUG o.h.e.j.internal.JdbcCoordinatorImpl - HHH000420: Closing un-released batch
04:57:53.207 [main] DEBUG o.s.w.s.m.m.a.HttpEntityMethodProcessor - Written [edu.ncsu.csc.itrust2.models.persistent.Hospital@629fee9d] as &quot;application/json&quot; using [org.springframework.http.converter.json.GsonHttpMessageConverter@75a87b8c]
04:57:53.207 [main] DEBUG o.s.t.w.s.TestDispatcherServlet - Null ModelAndView returned to DispatcherServlet with name &apos;&apos;: assuming HandlerAdapter completed request handling
04:57:53.207 [main] DEBUG o.s.t.w.s.TestDispatcherServlet - Successfully completed request
04:57:53.207 [main] DEBUG o.s.t.w.s.TestDispatcherServlet - DispatcherServlet with name &apos;&apos; processing DELETE request for [/api/v1/officevisits]
04:57:53.208 [main] DEBUG o.s.w.s.m.m.a.RequestMappingHandlerMapping - Looking up handler method for path /api/v1/officevisits
04:57:53.210 [main] DEBUG o.s.w.s.m.m.a.RequestMappingHandlerMapping - Returning handler method [public void edu.ncsu.csc.itrust2.controllers.api.APIOfficeVisitController.deleteOfficeVisits()]
04:57:53.210 [main] DEBUG o.s.b.f.s.DefaultListableBeanFactory - Returning cached instance of singleton bean &apos;APIOfficeVisitController&apos;
04:57:53.211 [main] DEBUG o.h.e.t.internal.TransactionImpl - begin
04:57:53.212 [main] DEBUG org.hibernate.SQL - select next_val as id_val from hibernate_sequence for update
Hibernate: select next_val as id_val from hibernate_sequence for update
04:57:53.212 [main] DEBUG org.hibernate.SQL - update hibernate_sequence set next_val= ? where next_val=?
Hibernate: update hibernate_sequence set next_val= ? where next_val=?
04:57:53.214 [main] DEBUG o.h.e.i.AbstractSaveEventListener - Generated identifier: 20, using strategy: org.hibernate.id.enhanced.SequenceStyleGenerator
04:57:53.214 [main] DEBUG o.h.e.t.internal.TransactionImpl - committing
04:57:53.214 [main] DEBUG o.h.e.i.AbstractFlushingEventListener - Processing flush-time cascades
04:57:53.214 [main] DEBUG o.h.e.i.AbstractFlushingEventListener - Dirty checking collections
04:57:53.215 [main] DEBUG o.h.e.i.AbstractFlushingEventListener - Flushed: 1 insertions, 0 updates, 0 deletions to 1 objects
04:57:53.215 [main] DEBUG o.h.e.i.AbstractFlushingEventListener - Flushed: 0 (re)creations, 0 updates, 0 removals to 0 collections
04:57:53.215 [main] DEBUG o.h.internal.util.EntityPrinter - Listing entities:
04:57:53.215 [main] DEBUG o.h.internal.util.EntityPrinter - edu.ncsu.csc.itrust2.models.persistent.LogEntry{secondaryUser=null, logCode=30, primaryUser=SPRING_API_TEST_USER, id=20, time=java.util.GregorianCalendar[time=1521521873211,areFieldsSet=true,areAllFieldsSet=true,lenient=true,zone=sun.util.calendar.ZoneInfo[id=&quot;Etc/UTC&quot;,offset=0,dstSavings=0,useDaylight=false,transitions=0,lastRule=null],firstDayOfWeek=1,minimalDaysInFirstWeek=1,ERA=1,YEAR=2018,MONTH=2,WEEK_OF_YEAR=12,WEEK_OF_MONTH=4,DAY_OF_MONTH=20,DAY_OF_YEAR=79,DAY_OF_WEEK=3,DAY_OF_WEEK_IN_MONTH=3,AM_PM=0,HOUR=4,HOUR_OF_DAY=4,MINUTE=57,SECOND=53,MILLISECOND=211,ZONE_OFFSET=0,DST_OFFSET=0], message=null}
04:57:53.216 [main] DEBUG org.hibernate.SQL - insert into LogEntries (logCode, message, primaryUser, secondaryUser, time, id) values (?, ?, ?, ?, ?, ?)
Hibernate: insert into LogEntries (logCode, message, primaryUser, secondaryUser, time, id) values (?, ?, ?, ?, ?, ?)
04:57:53.218 [main] DEBUG o.h.e.j.internal.JdbcCoordinatorImpl - HHH000420: Closing un-released batch
04:57:53.219 [main] DEBUG o.h.e.t.internal.TransactionImpl - begin
04:57:53.222 [main] DEBUG org.hibernate.SQL - select this_.id as id1_2_8_, this_.code_id as code_id3_2_8_, this_.note as note2_2_8_, this_.visit_id as visit_id4_2_8_, icdcode2_.id as id1_5_0_, icdcode2_.code as code2_5_0_, icdcode2_.description as descript3_5_0_, officevisi3_.id as id1_10_1_, officevisi3_.appointment_id as appointm5_10_1_, officevisi3_.basichealthmetrics_id as basichea6_10_1_, officevisi3_.date as date2_10_1_, officevisi3_.hcp_id as hcp_id7_10_1_, officevisi3_.hospital_id as hospital8_10_1_, officevisi3_.notes as notes3_10_1_, officevisi3_.patient_id as patient_9_10_1_, officevisi3_.type as type4_10_1_, appointmen4_.id as id1_0_2_, appointmen4_.comments as comments2_0_2_, appointmen4_.date as date3_0_2_, appointmen4_.hcp_id as hcp_id6_0_2_, appointmen4_.patient_id as patient_7_0_2_, appointmen4_.status as status4_0_2_, appointmen4_.type as type5_0_2_, basichealt5_.id as id1_1_3_, basichealt5_.diastolic as diastoli2_1_3_, basichealt5_.hcp_id as hcp_id12_1_3_, basichealt5_.hdl as hdl3_1_3_, basichealt5_.headCircumference as headCirc4_1_3_, basichealt5_.height as height5_1_3_, basichealt5_.houseSmokingStatus as houseSmo6_1_3_, basichealt5_.ldl as ldl7_1_3_, basichealt5_.patient_id as patient13_1_3_, basichealt5_.patientSmokingStatus as patientS8_1_3_, basichealt5_.systolic as systolic9_1_3_, basichealt5_.tri as tri10_1_3_, basichealt5_.weight as weight11_1_3_, user6_.username as username1_15_4_, user6_.enabled as enabled2_15_4_, user6_.password as password3_15_4_, user6_.role as role4_15_4_, hospital7_.name as name1_4_5_, hospital7_.address as address2_4_5_, hospital7_.state as state3_4_5_, hospital7_.zip as zip4_4_5_, user8_.username as username1_15_6_, user8_.enabled as enabled2_15_6_, user8_.password as password3_15_6_, user8_.role as role4_15_6_, prescripti9_.prescriptions_id as prescrip8_14_10_, prescripti9_.id as id1_14_10_, prescripti9_.id as id1_14_7_, prescripti9_.dosage as dosage2_14_7_, prescripti9_.drug_id as drug_id6_14_7_, prescripti9_.endDate as endDate3_14_7_, prescripti9_.patient_id as patient_7_14_7_, prescripti9_.renewals as renewals4_14_7_, prescripti9_.startDate as startDat5_14_7_ from Diagnoses this_ inner join ICDCodes icdcode2_ on this_.code_id=icdcode2_.id inner join OfficeVisits officevisi3_ on this_.visit_id=officevisi3_.id left outer join AppointmentRequests appointmen4_ on officevisi3_.appointment_id=appointmen4_.id left outer join BasicHealthMetrics basichealt5_ on officevisi3_.basichealthmetrics_id=basichealt5_.id left outer join Users user6_ on officevisi3_.hcp_id=user6_.username left outer join Hospitals hospital7_ on officevisi3_.hospital_id=hospital7_.name left outer join Users user8_ on officevisi3_.patient_id=user8_.username left outer join Prescriptions prescripti9_ on officevisi3_.id=prescripti9_.prescriptions_id
Hibernate: select this_.id as id1_2_8_, this_.code_id as code_id3_2_8_, this_.note as note2_2_8_, this_.visit_id as visit_id4_2_8_, icdcode2_.id as id1_5_0_, icdcode2_.code as code2_5_0_, icdcode2_.description as descript3_5_0_, officevisi3_.id as id1_10_1_, officevisi3_.appointment_id as appointm5_10_1_, officevisi3_.basichealthmetrics_id as basichea6_10_1_, officevisi3_.date as date2_10_1_, officevisi3_.hcp_id as hcp_id7_10_1_, officevisi3_.hospital_id as hospital8_10_1_, officevisi3_.notes as notes3_10_1_, officevisi3_.patient_id as patient_9_10_1_, officevisi3_.type as type4_10_1_, appointmen4_.id as id1_0_2_, appointmen4_.comments as comments2_0_2_, appointmen4_.date as date3_0_2_, appointmen4_.hcp_id as hcp_id6_0_2_, appointmen4_.patient_id as patient_7_0_2_, appointmen4_.status as status4_0_2_, appointmen4_.type as type5_0_2_, basichealt5_.id as id1_1_3_, basichealt5_.diastolic as diastoli2_1_3_, basichealt5_.hcp_id as hcp_id12_1_3_, basichealt5_.hdl as hdl3_1_3_, basichealt5_.headCircumference as headCirc4_1_3_, basichealt5_.height as height5_1_3_, basichealt5_.houseSmokingStatus as houseSmo6_1_3_, basichealt5_.ldl as ldl7_1_3_, basichealt5_.patient_id as patient13_1_3_, basichealt5_.patientSmokingStatus as patientS8_1_3_, basichealt5_.systolic as systolic9_1_3_, basichealt5_.tri as tri10_1_3_, basichealt5_.weight as weight11_1_3_, user6_.username as username1_15_4_, user6_.enabled as enabled2_15_4_, user6_.password as password3_15_4_, user6_.role as role4_15_4_, hospital7_.name as name1_4_5_, hospital7_.address as address2_4_5_, hospital7_.state as state3_4_5_, hospital7_.zip as zip4_4_5_, user8_.username as username1_15_6_, user8_.enabled as enabled2_15_6_, user8_.password as password3_15_6_, user8_.role as role4_15_6_, prescripti9_.prescriptions_id as prescrip8_14_10_, prescripti9_.id as id1_14_10_, prescripti9_.id as id1_14_7_, prescripti9_.dosage as dosage2_14_7_, prescripti9_.drug_id as drug_id6_14_7_, prescripti9_.endDate as endDate3_14_7_, prescripti9_.patient_id as patient_7_14_7_, prescripti9_.renewals as renewals4_14_7_, prescripti9_.startDate as startDat5_14_7_ from Diagnoses this_ inner join ICDCodes icdcode2_ on this_.code_id=icdcode2_.id inner join OfficeVisits officevisi3_ on this_.visit_id=officevisi3_.id left outer join AppointmentRequests appointmen4_ on officevisi3_.appointment_id=appointmen4_.id left outer join BasicHealthMetrics basichealt5_ on officevisi3_.basichealthmetrics_id=basichealt5_.id left outer join Users user6_ on officevisi3_.hcp_id=user6_.username left outer join Hospitals hospital7_ on officevisi3_.hospital_id=hospital7_.name left outer join Users user8_ on officevisi3_.patient_id=user8_.username left outer join Prescriptions prescripti9_ on officevisi3_.id=prescripti9_.prescriptions_id
04:57:53.223 [main] DEBUG o.h.e.l.i.CollectionLoadContext - No collections were found in result set for role: edu.ncsu.csc.itrust2.models.persistent.OfficeVisit.prescriptions
04:57:53.224 [main] DEBUG o.h.e.t.internal.TransactionImpl - committing
04:57:53.225 [main] DEBUG o.h.e.t.internal.TransactionImpl - begin
04:57:53.226 [main] DEBUG org.hibernate.SQL - select this_.id as id1_10_12_, this_.appointment_id as appointm5_10_12_, this_.basichealthmetrics_id as basichea6_10_12_, this_.date as date2_10_12_, this_.hcp_id as hcp_id7_10_12_, this_.hospital_id as hospital8_10_12_, this_.notes as notes3_10_12_, this_.patient_id as patient_9_10_12_, this_.type as type4_10_12_, appointmen2_.id as id1_0_0_, appointmen2_.comments as comments2_0_0_, appointmen2_.date as date3_0_0_, appointmen2_.hcp_id as hcp_id6_0_0_, appointmen2_.patient_id as patient_7_0_0_, appointmen2_.status as status4_0_0_, appointmen2_.type as type5_0_0_, user3_.username as username1_15_1_, user3_.enabled as enabled2_15_1_, user3_.password as password3_15_1_, user3_.role as role4_15_1_, user4_.username as username1_15_2_, user4_.enabled as enabled2_15_2_, user4_.password as password3_15_2_, user4_.role as role4_15_2_, basichealt5_.id as id1_1_3_, basichealt5_.diastolic as diastoli2_1_3_, basichealt5_.hcp_id as hcp_id12_1_3_, basichealt5_.hdl as hdl3_1_3_, basichealt5_.headCircumference as headCirc4_1_3_, basichealt5_.height as height5_1_3_, basichealt5_.houseSmokingStatus as houseSmo6_1_3_, basichealt5_.ldl as ldl7_1_3_, basichealt5_.patient_id as patient13_1_3_, basichealt5_.patientSmokingStatus as patientS8_1_3_, basichealt5_.systolic as systolic9_1_3_, basichealt5_.tri as tri10_1_3_, basichealt5_.weight as weight11_1_3_, user6_.username as username1_15_4_, user6_.enabled as enabled2_15_4_, user6_.password as password3_15_4_, user6_.role as role4_15_4_, user7_.username as username1_15_5_, user7_.enabled as enabled2_15_5_, user7_.password as password3_15_5_, user7_.role as role4_15_5_, user8_.username as username1_15_6_, user8_.enabled as enabled2_15_6_, user8_.password as password3_15_6_, user8_.role as role4_15_6_, hospital9_.name as name1_4_7_, hospital9_.address as address2_4_7_, hospital9_.state as state3_4_7_, hospital9_.zip as zip4_4_7_, user10_.username as username1_15_8_, user10_.enabled as enabled2_15_8_, user10_.password as password3_15_8_, user10_.role as role4_15_8_, prescripti11_.prescriptions_id as prescrip8_14_14_, prescripti11_.id as id1_14_14_, prescripti11_.id as id1_14_9_, prescripti11_.dosage as dosage2_14_9_, prescripti11_.drug_id as drug_id6_14_9_, prescripti11_.endDate as endDate3_14_9_, prescripti11_.patient_id as patient_7_14_9_, prescripti11_.renewals as renewals4_14_9_, prescripti11_.startDate as startDat5_14_9_, drug12_.id as id1_3_10_, drug12_.code as code2_3_10_, drug12_.description as descript3_3_10_, drug12_.name as name4_3_10_, user13_.username as username1_15_11_, user13_.enabled as enabled2_15_11_, user13_.password as password3_15_11_, user13_.role as role4_15_11_ from OfficeVisits this_ left outer join AppointmentRequests appointmen2_ on this_.appointment_id=appointmen2_.id left outer join Users user3_ on appointmen2_.hcp_id=user3_.username left outer join Users user4_ on appointmen2_.patient_id=user4_.username left outer join BasicHealthMetrics basichealt5_ on this_.basichealthmetrics_id=basichealt5_.id left outer join Users user6_ on basichealt5_.hcp_id=user6_.username left outer join Users user7_ on basichealt5_.patient_id=user7_.username inner join Users user8_ on this_.hcp_id=user8_.username inner join Hospitals hospital9_ on this_.hospital_id=hospital9_.name inner join Users user10_ on this_.patient_id=user10_.username left outer join Prescriptions prescripti11_ on this_.id=prescripti11_.prescriptions_id left outer join Drugs drug12_ on prescripti11_.drug_id=drug12_.id left outer join Users user13_ on prescripti11_.patient_id=user13_.username
Hibernate: select this_.id as id1_10_12_, this_.appointment_id as appointm5_10_12_, this_.basichealthmetrics_id as basichea6_10_12_, this_.date as date2_10_12_, this_.hcp_id as hcp_id7_10_12_, this_.hospital_id as hospital8_10_12_, this_.notes as notes3_10_12_, this_.patient_id as patient_9_10_12_, this_.type as type4_10_12_, appointmen2_.id as id1_0_0_, appointmen2_.comments as comments2_0_0_, appointmen2_.date as date3_0_0_, appointmen2_.hcp_id as hcp_id6_0_0_, appointmen2_.patient_id as patient_7_0_0_, appointmen2_.status as status4_0_0_, appointmen2_.type as type5_0_0_, user3_.username as username1_15_1_, user3_.enabled as enabled2_15_1_, user3_.password as password3_15_1_, user3_.role as role4_15_1_, user4_.username as username1_15_2_, user4_.enabled as enabled2_15_2_, user4_.password as password3_15_2_, user4_.role as role4_15_2_, basichealt5_.id as id1_1_3_, basichealt5_.diastolic as diastoli2_1_3_, basichealt5_.hcp_id as hcp_id12_1_3_, basichealt5_.hdl as hdl3_1_3_, basichealt5_.headCircumference as headCirc4_1_3_, basichealt5_.height as height5_1_3_, basichealt5_.houseSmokingStatus as houseSmo6_1_3_, basichealt5_.ldl as ldl7_1_3_, basichealt5_.patient_id as patient13_1_3_, basichealt5_.patientSmokingStatus as patientS8_1_3_, basichealt5_.systolic as systolic9_1_3_, basichealt5_.tri as tri10_1_3_, basichealt5_.weight as weight11_1_3_, user6_.username as username1_15_4_, user6_.enabled as enabled2_15_4_, user6_.password as password3_15_4_, user6_.role as role4_15_4_, user7_.username as username1_15_5_, user7_.enabled as enabled2_15_5_, user7_.password as password3_15_5_, user7_.role as role4_15_5_, user8_.username as username1_15_6_, user8_.enabled as enabled2_15_6_, user8_.password as password3_15_6_, user8_.role as role4_15_6_, hospital9_.name as name1_4_7_, hospital9_.address as address2_4_7_, hospital9_.state as state3_4_7_, hospital9_.zip as zip4_4_7_, user10_.username as username1_15_8_, user10_.enabled as enabled2_15_8_, user10_.password as password3_15_8_, user10_.role as role4_15_8_, prescripti11_.prescriptions_id as prescrip8_14_14_, prescripti11_.id as id1_14_14_, prescripti11_.id as id1_14_9_, prescripti11_.dosage as dosage2_14_9_, prescripti11_.drug_id as drug_id6_14_9_, prescripti11_.endDate as endDate3_14_9_, prescripti11_.patient_id as patient_7_14_9_, prescripti11_.renewals as renewals4_14_9_, prescripti11_.startDate as startDat5_14_9_, drug12_.id as id1_3_10_, drug12_.code as code2_3_10_, drug12_.description as descript3_3_10_, drug12_.name as name4_3_10_, user13_.username as username1_15_11_, user13_.enabled as enabled2_15_11_, user13_.password as password3_15_11_, user13_.role as role4_15_11_ from OfficeVisits this_ left outer join AppointmentRequests appointmen2_ on this_.appointment_id=appointmen2_.id left outer join Users user3_ on appointmen2_.hcp_id=user3_.username left outer join Users user4_ on appointmen2_.patient_id=user4_.username left outer join BasicHealthMetrics basichealt5_ on this_.basichealthmetrics_id=basichealt5_.id left outer join Users user6_ on basichealt5_.hcp_id=user6_.username left outer join Users user7_ on basichealt5_.patient_id=user7_.username inner join Users user8_ on this_.hcp_id=user8_.username inner join Hospitals hospital9_ on this_.hospital_id=hospital9_.name inner join Users user10_ on this_.patient_id=user10_.username left outer join Prescriptions prescripti11_ on this_.id=prescripti11_.prescriptions_id left outer join Drugs drug12_ on prescripti11_.drug_id=drug12_.id left outer join Users user13_ on prescripti11_.patient_id=user13_.username
04:57:53.228 [main] DEBUG o.h.e.l.i.CollectionLoadContext - No collections were found in result set for role: edu.ncsu.csc.itrust2.models.persistent.OfficeVisit.prescriptions
04:57:53.228 [main] DEBUG o.h.e.t.internal.TransactionImpl - committing
04:57:53.229 [main] DEBUG o.s.t.w.s.TestDispatcherServlet - Null ModelAndView returned to DispatcherServlet with name &apos;&apos;: assuming HandlerAdapter completed request handling
04:57:53.229 [main] DEBUG o.s.t.w.s.TestDispatcherServlet - Successfully completed request
04:57:53.233 [main] DEBUG o.s.t.w.s.TestDispatcherServlet - DispatcherServlet with name &apos;&apos; processing POST request for [/api/v1/officevisits]
04:57:53.233 [main] DEBUG o.s.w.s.m.m.a.RequestMappingHandlerMapping - Looking up handler method for path /api/v1/officevisits
04:57:53.235 [main] DEBUG o.s.w.s.m.m.a.RequestMappingHandlerMapping - Returning handler method [public org.springframework.http.ResponseEntity edu.ncsu.csc.itrust2.controllers.api.APIOfficeVisitController.createOfficeVisit(edu.ncsu.csc.itrust2.forms.hcp.OfficeVisitForm)]
04:57:53.235 [main] DEBUG o.s.b.f.s.DefaultListableBeanFactory - Returning cached instance of singleton bean &apos;APIOfficeVisitController&apos;
04:57:53.236 [main] DEBUG o.s.w.s.m.m.a.RequestResponseBodyMethodProcessor - Read [class edu.ncsu.csc.itrust2.forms.hcp.OfficeVisitForm] as &quot;application/json&quot; with [org.springframework.http.converter.json.GsonHttpMessageConverter@75a87b8c]
04:57:53.237 [main] DEBUG o.h.e.t.internal.TransactionImpl - begin
04:57:53.239 [main] DEBUG org.hibernate.SQL - select this_.username as username1_15_0_, this_.enabled as enabled2_15_0_, this_.password as password3_15_0_, this_.role as role4_15_0_ from Users this_ where this_.username=? and this_.role=?
Hibernate: select this_.username as username1_15_0_, this_.enabled as enabled2_15_0_, this_.password as password3_15_0_, this_.role as role4_15_0_ from Users this_ where this_.username=? and this_.role=?
04:57:53.239 [main] DEBUG org.hibernate.loader.Loader - Result set row: 0
04:57:53.239 [main] DEBUG org.hibernate.loader.Loader - Result row: EntityKey[edu.ncsu.csc.itrust2.models.persistent.User#patient]
04:57:53.240 [main] DEBUG o.h.engine.internal.TwoPhaseLoad - Resolving associations for [edu.ncsu.csc.itrust2.models.persistent.User#patient]
04:57:53.240 [main] DEBUG o.h.engine.internal.TwoPhaseLoad - Done materializing entity [edu.ncsu.csc.itrust2.models.persistent.User#patient]
04:57:53.240 [main] DEBUG o.h.e.t.internal.TransactionImpl - committing
04:57:53.240 [main] DEBUG o.h.e.i.AbstractFlushingEventListener - Processing flush-time cascades
04:57:53.240 [main] DEBUG o.h.e.i.AbstractFlushingEventListener - Dirty checking collections
04:57:53.241 [main] DEBUG o.h.e.i.AbstractFlushingEventListener - Flushed: 0 insertions, 0 updates, 0 deletions to 1 objects
04:57:53.241 [main] DEBUG o.h.e.i.AbstractFlushingEventListener - Flushed: 0 (re)creations, 0 updates, 0 removals to 0 collections
04:57:53.241 [main] DEBUG o.h.internal.util.EntityPrinter - Listing entities:
04:57:53.241 [main] DEBUG o.h.internal.util.EntityPrinter - edu.ncsu.csc.itrust2.models.persistent.User{password=$2a$10$EblZqNptyYvcLm/VwDCVAuBjzZOI7khzdyGPBr08PpIi0na624b8., role=ROLE_PATIENT, enabled=1, username=patient}
04:57:53.242 [main] DEBUG o.h.e.t.internal.TransactionImpl - begin
04:57:53.243 [main] DEBUG org.hibernate.SQL - select this_.username as username1_15_0_, this_.enabled as enabled2_15_0_, this_.password as password3_15_0_, this_.role as role4_15_0_ from Users this_ where this_.username=? and this_.role=?
Hibernate: select this_.username as username1_15_0_, this_.enabled as enabled2_15_0_, this_.password as password3_15_0_, this_.role as role4_15_0_ from Users this_ where this_.username=? and this_.role=?
04:57:53.243 [main] DEBUG org.hibernate.loader.Loader - Result set row: 0
04:57:53.244 [main] DEBUG org.hibernate.loader.Loader - Result row: EntityKey[edu.ncsu.csc.itrust2.models.persistent.User#hcp]
04:57:53.244 [main] DEBUG o.h.engine.internal.TwoPhaseLoad - Resolving associations for [edu.ncsu.csc.itrust2.models.persistent.User#hcp]
04:57:53.244 [main] DEBUG o.h.engine.internal.TwoPhaseLoad - Done materializing entity [edu.ncsu.csc.itrust2.models.persistent.User#hcp]
04:57:53.244 [main] DEBUG o.h.e.t.internal.TransactionImpl - committing
04:57:53.244 [main] DEBUG o.h.e.i.AbstractFlushingEventListener - Processing flush-time cascades
04:57:53.244 [main] DEBUG o.h.e.i.AbstractFlushingEventListener - Dirty checking collections
04:57:53.245 [main] DEBUG o.h.e.i.AbstractFlushingEventListener - Flushed: 0 insertions, 0 updates, 0 deletions to 1 objects
04:57:53.245 [main] DEBUG o.h.e.i.AbstractFlushingEventListener - Flushed: 0 (re)creations, 0 updates, 0 removals to 0 collections
04:57:53.245 [main] DEBUG o.h.internal.util.EntityPrinter - Listing entities:
04:57:53.245 [main] DEBUG o.h.internal.util.EntityPrinter - edu.ncsu.csc.itrust2.models.persistent.User{password=$2a$10$EblZqNptyYvcLm/VwDCVAuBjzZOI7khzdyGPBr08PpIi0na624b8., role=ROLE_HCP, enabled=1, username=hcp}
04:57:53.247 [main] DEBUG o.h.e.t.internal.TransactionImpl - begin
04:57:53.249 [main] DEBUG org.hibernate.SQL - select this_.name as name1_4_0_, this_.address as address2_4_0_, this_.state as state3_4_0_, this_.zip as zip4_4_0_ from Hospitals this_ where this_.name=?
Hibernate: select this_.name as name1_4_0_, this_.address as address2_4_0_, this_.state as state3_4_0_, this_.zip as zip4_4_0_ from Hospitals this_ where this_.name=?
04:57:53.250 [main] DEBUG org.hibernate.loader.Loader - Result set row: 0
04:57:53.250 [main] DEBUG org.hibernate.loader.Loader - Result row: EntityKey[edu.ncsu.csc.itrust2.models.persistent.Hospital#iTrust Test Hospital 2]
04:57:53.251 [main] DEBUG o.h.engine.internal.TwoPhaseLoad - Resolving associations for [edu.ncsu.csc.itrust2.models.persistent.Hospital#iTrust Test Hospital 2]
04:57:53.252 [main] DEBUG o.h.engine.internal.TwoPhaseLoad - Done materializing entity [edu.ncsu.csc.itrust2.models.persistent.Hospital#iTrust Test Hospital 2]
04:57:53.252 [main] DEBUG o.h.e.t.internal.TransactionImpl - committing
04:57:53.252 [main] DEBUG o.h.e.i.AbstractFlushingEventListener - Processing flush-time cascades
04:57:53.253 [main] DEBUG o.h.e.i.AbstractFlushingEventListener - Dirty checking collections
04:57:53.253 [main] DEBUG o.h.e.i.AbstractFlushingEventListener - Flushed: 0 insertions, 0 updates, 0 deletions to 1 objects
04:57:53.253 [main] DEBUG o.h.e.i.AbstractFlushingEventListener - Flushed: 0 (re)creations, 0 updates, 0 removals to 0 collections
04:57:53.253 [main] DEBUG o.h.internal.util.EntityPrinter - Listing entities:
04:57:53.253 [main] DEBUG o.h.internal.util.EntityPrinter - edu.ncsu.csc.itrust2.models.persistent.Hospital{zip=27607, address=1 iTrust Test Street, name=iTrust Test Hospital 2, state=NC}
04:57:53.254 [main] DEBUG o.h.e.t.internal.TransactionImpl - begin
04:57:53.278 [main] DEBUG org.hibernate.SQL - select this_.username as username1_15_0_, this_.enabled as enabled2_15_0_, this_.password as password3_15_0_, this_.role as role4_15_0_ from Users this_ where this_.username=? and this_.role=?
Hibernate: select this_.username as username1_15_0_, this_.enabled as enabled2_15_0_, this_.password as password3_15_0_, this_.role as role4_15_0_ from Users this_ where this_.username=? and this_.role=?
04:57:53.279 [main] DEBUG org.hibernate.loader.Loader - Result set row: 0
04:57:53.279 [main] DEBUG org.hibernate.loader.Loader - Result row: EntityKey[edu.ncsu.csc.itrust2.models.persistent.User#patient]
04:57:53.279 [main] DEBUG o.h.engine.internal.TwoPhaseLoad - Resolving associations for [edu.ncsu.csc.itrust2.models.persistent.User#patient]
04:57:53.279 [main] DEBUG o.h.engine.internal.TwoPhaseLoad - Done materializing entity [edu.ncsu.csc.itrust2.models.persistent.User#patient]
04:57:53.280 [main] DEBUG o.h.e.t.internal.TransactionImpl - committing
04:57:53.280 [main] DEBUG o.h.e.i.AbstractFlushingEventListener - Processing flush-time cascades
04:57:53.283 [main] DEBUG o.h.e.i.AbstractFlushingEventListener - Dirty checking collections
04:57:53.284 [main] DEBUG o.h.e.i.AbstractFlushingEventListener - Flushed: 0 insertions, 0 updates, 0 deletions to 1 objects
04:57:53.284 [main] DEBUG o.h.e.i.AbstractFlushingEventListener - Flushed: 0 (re)creations, 0 updates, 0 removals to 0 collections
04:57:53.286 [main] DEBUG o.h.internal.util.EntityPrinter - Listing entities:
04:57:53.288 [main] DEBUG o.h.internal.util.EntityPrinter - edu.ncsu.csc.itrust2.models.persistent.User{password=$2a$10$EblZqNptyYvcLm/VwDCVAuBjzZOI7khzdyGPBr08PpIi0na624b8., role=ROLE_PATIENT, enabled=1, username=patient}
04:57:53.293 [main] DEBUG o.h.e.t.internal.TransactionImpl - begin
04:57:53.294 [main] DEBUG org.hibernate.SQL - select this_.username as username1_15_0_, this_.enabled as enabled2_15_0_, this_.password as password3_15_0_, this_.role as role4_15_0_ from Users this_ where this_.username=? and this_.role=?
Hibernate: select this_.username as username1_15_0_, this_.enabled as enabled2_15_0_, this_.password as password3_15_0_, this_.role as role4_15_0_ from Users this_ where this_.username=? and this_.role=?
04:57:53.295 [main] DEBUG org.hibernate.loader.Loader - Result set row: 0
04:57:53.295 [main] DEBUG org.hibernate.loader.Loader - Result row: EntityKey[edu.ncsu.csc.itrust2.models.persistent.User#hcp]
04:57:53.296 [main] DEBUG o.h.engine.internal.TwoPhaseLoad - Resolving associations for [edu.ncsu.csc.itrust2.models.persistent.User#hcp]
04:57:53.296 [main] DEBUG o.h.engine.internal.TwoPhaseLoad - Done materializing entity [edu.ncsu.csc.itrust2.models.persistent.User#hcp]
04:57:53.296 [main] DEBUG o.h.e.t.internal.TransactionImpl - committing
04:57:53.296 [main] DEBUG o.h.e.i.AbstractFlushingEventListener - Processing flush-time cascades
04:57:53.296 [main] DEBUG o.h.e.i.AbstractFlushingEventListener - Dirty checking collections
04:57:53.297 [main] DEBUG o.h.e.i.AbstractFlushingEventListener - Flushed: 0 insertions, 0 updates, 0 deletions to 1 objects
04:57:53.297 [main] DEBUG o.h.e.i.AbstractFlushingEventListener - Flushed: 0 (re)creations, 0 updates, 0 removals to 0 collections
04:57:53.297 [main] DEBUG o.h.internal.util.EntityPrinter - Listing entities:
04:57:53.297 [main] DEBUG o.h.internal.util.EntityPrinter - edu.ncsu.csc.itrust2.models.persistent.User{password=$2a$10$EblZqNptyYvcLm/VwDCVAuBjzZOI7khzdyGPBr08PpIi0na624b8., role=ROLE_HCP, enabled=1, username=hcp}
04:57:53.316 [main] DEBUG o.s.w.s.m.m.a.HttpEntityMethodProcessor - Written [{&quot;status&quot;:&quot;failed&quot;,&quot;message&quot;:&quot;Could not validate or save the OfficeVisit provided due to null&quot;}] as &quot;text/plain&quot; using [org.springframework.http.converter.StringHttpMessageConverter@7d41615a]
04:57:53.316 [main] DEBUG o.s.t.w.s.TestDispatcherServlet - Null ModelAndView returned to DispatcherServlet with name &apos;&apos;: assuming HandlerAdapter completed request handling
04:57:53.316 [main] DEBUG o.s.t.w.s.TestDispatcherServlet - Successfully completed request
04:57:53.317 [main] DEBUG o.s.t.c.s.AbstractDirtiesContextTestExecutionListener - After test method: context [DefaultTestContext@5be749fc testClass = APIOfficeVisitTest, testInstance = edu.ncsu.csc.itrust2.apitest.APIOfficeVisitTest@78b0ae31, testMethod = testOfficeVisitAPI@APIOfficeVisitTest, testException = java.lang.AssertionError: Status expected:&lt;200&gt; but was:&lt;400&gt;, mergedContextConfiguration = [WebMergedContextConfiguration@174b028a testClass = APIOfficeVisitTest, locations = &apos;{}&apos;, classes = &apos;{class edu.ncsu.csc.itrust2.config.RootConfiguration, class edu.ncsu.csc.itrust2.mvc.config.WebMvcConfiguration}&apos;, contextInitializerClasses = &apos;[]&apos;, activeProfiles = &apos;{}&apos;, propertySourceLocations = &apos;{}&apos;, propertySourceProperties = &apos;{}&apos;, contextCustomizers = set[[empty]], resourceBasePath = &apos;src/main/webapp&apos;, contextLoader = &apos;org.springframework.test.context.web.WebDelegatingSmartContextLoader&apos;, parent = [null]]], class annotated with @DirtiesContext [false] with mode [null], method annotated with @DirtiesContext [false] with mode [null].
04:57:53.317 [main] DEBUG o.s.t.c.w.ServletTestExecutionListener - Resetting RequestContextHolder for test context [DefaultTestContext@5be749fc testClass = APIOfficeVisitTest, testInstance = edu.ncsu.csc.itrust2.apitest.APIOfficeVisitTest@78b0ae31, testMethod = testOfficeVisitAPI@APIOfficeVisitTest, testException = java.lang.AssertionError: Status expected:&lt;200&gt; but was:&lt;400&gt;, mergedContextConfiguration = [WebMergedContextConfiguration@174b028a testClass = APIOfficeVisitTest, locations = &apos;{}&apos;, classes = &apos;{class edu.ncsu.csc.itrust2.config.RootConfiguration, class edu.ncsu.csc.itrust2.mvc.config.WebMvcConfiguration}&apos;, contextInitializerClasses = &apos;[]&apos;, activeProfiles = &apos;{}&apos;, propertySourceLocations = &apos;{}&apos;, propertySourceProperties = &apos;{}&apos;, contextCustomizers = set[[empty]], resourceBasePath = &apos;src/main/webapp&apos;, contextLoader = &apos;org.springframework.test.context.web.WebDelegatingSmartContextLoader&apos;, parent = [null]]].
</stdout>
          <stderr>HOSPITALS
java.lang.NullPointerException
	at edu.ncsu.csc.itrust2.models.persistent.BasicHealthMetrics.setHdl(BasicHealthMetrics.java:439)
	at edu.ncsu.csc.itrust2.models.persistent.BasicHealthMetrics.&lt;init&gt;(BasicHealthMetrics.java:150)
	at edu.ncsu.csc.itrust2.models.persistent.OfficeVisit.&lt;init&gt;(OfficeVisit.java:201)
	at edu.ncsu.csc.itrust2.controllers.api.APIOfficeVisitController.createOfficeVisit(APIOfficeVisitController.java:107)
	at edu.ncsu.csc.itrust2.controllers.api.APIOfficeVisitController$$FastClassBySpringCGLIB$$3e0f2ac1.invoke(&lt;generated&gt;)
	at org.springframework.cglib.proxy.MethodProxy.invoke(MethodProxy.java:204)
	at org.springframework.aop.framework.CglibAopProxy$DynamicAdvisedInterceptor.intercept(CglibAopProxy.java:652)
	at edu.ncsu.csc.itrust2.controllers.api.APIOfficeVisitController$$EnhancerBySpringCGLIB$$e0577e35.createOfficeVisit(&lt;generated&gt;)
	at sun.reflect.NativeMethodAccessorImpl.invoke0(Native Method)
	at sun.reflect.NativeMethodAccessorImpl.invoke(NativeMethodAccessorImpl.java:62)
	at sun.reflect.DelegatingMethodAccessorImpl.invoke(DelegatingMethodAccessorImpl.java:43)
	at java.lang.reflect.Method.invoke(Method.java:498)
	at org.springframework.web.method.support.InvocableHandlerMethod.doInvoke(InvocableHandlerMethod.java:220)
	at org.springframework.web.method.support.InvocableHandlerMethod.invokeForRequest(InvocableHandlerMethod.java:134)
	at org.springframework.web.servlet.mvc.method.annotation.ServletInvocableHandlerMethod.invokeAndHandle(ServletInvocableHandlerMethod.java:116)
	at org.springframework.web.servlet.mvc.method.annotation.RequestMappingHandlerAdapter.invokeHandlerMethod(RequestMappingHandlerAdapter.java:827)
	at org.springframework.web.servlet.mvc.method.annotation.RequestMappingHandlerAdapter.handleInternal(RequestMappingHandlerAdapter.java:738)
	at org.springframework.web.servlet.mvc.method.AbstractHandlerMethodAdapter.handle(AbstractHandlerMethodAdapter.java:85)
	at org.springframework.web.servlet.DispatcherServlet.doDispatch(DispatcherServlet.java:963)
	at org.springframework.web.servlet.DispatcherServlet.doService(DispatcherServlet.java:897)
	at org.springframework.web.servlet.FrameworkServlet.processRequest(FrameworkServlet.java:970)
	at org.springframework.web.servlet.FrameworkServlet.doPost(FrameworkServlet.java:872)
	at javax.servlet.http.HttpServlet.service(HttpServlet.java:688)
	at org.springframework.web.servlet.FrameworkServlet.service(FrameworkServlet.java:846)
	at org.springframework.test.web.servlet.TestDispatcherServlet.service(TestDispatcherServlet.java:65)
	at javax.servlet.http.HttpServlet.service(HttpServlet.java:770)
	at org.springframework.mock.web.MockFilterChain$ServletFilterProxy.doFilter(MockFilterChain.java:167)
	at org.springframework.mock.web.MockFilterChain.doFilter(MockFilterChain.java:134)
	at org.springframework.test.web.servlet.MockMvc.perform(MockMvc.java:155)
	at edu.ncsu.csc.itrust2.apitest.APIOfficeVisitTest.testOfficeVisitAPI(APIOfficeVisitTest.java:193)
	at sun.reflect.NativeMethodAccessorImpl.invoke0(Native Method)
	at sun.reflect.NativeMethodAccessorImpl.invoke(NativeMethodAccessorImpl.java:62)
	at sun.reflect.DelegatingMethodAccessorImpl.invoke(DelegatingMethodAccessorImpl.java:43)
	at java.lang.reflect.Method.invoke(Method.java:498)
	at org.junit.runners.model.FrameworkMethod$1.runReflectiveCall(FrameworkMethod.java:50)
	at org.junit.internal.runners.model.ReflectiveCallable.run(ReflectiveCallable.java:12)
	at org.junit.runners.model.FrameworkMethod.invokeExplosively(FrameworkMethod.java:47)
	at org.junit.internal.runners.statements.InvokeMethod.evaluate(InvokeMethod.java:17)
	at org.junit.internal.runners.statements.RunBefores.evaluate(RunBefores.java:26)
	at org.springframework.test.context.junit4.statements.RunBeforeTestMethodCallbacks.evaluate(RunBeforeTestMethodCallbacks.java:75)
	at org.springframework.test.context.junit4.statements.RunAfterTestMethodCallbacks.evaluate(RunAfterTestMethodCallbacks.java:86)
	at org.springframework.test.context.junit4.statements.SpringRepeat.evaluate(SpringRepeat.java:84)
	at org.junit.runners.ParentRunner.runLeaf(ParentRunner.java:325)
	at org.springframework.test.context.junit4.SpringJUnit4ClassRunner.runChild(SpringJUnit4ClassRunner.java:252)
	at org.springframework.test.context.junit4.SpringJUnit4ClassRunner.runChild(SpringJUnit4ClassRunner.java:94)
	at org.junit.runners.ParentRunner$3.run(ParentRunner.java:290)
	at org.junit.runners.ParentRunner$1.schedule(ParentRunner.java:71)
	at org.junit.runners.ParentRunner.runChildren(ParentRunner.java:288)
	at org.junit.runners.ParentRunner.access$000(ParentRunner.java:58)
	at org.junit.runners.ParentRunner$2.evaluate(ParentRunner.java:268)
	at org.springframework.test.context.junit4.statements.RunBeforeTestClassCallbacks.evaluate(RunBeforeTestClassCallbacks.java:61)
	at org.springframework.test.context.junit4.statements.RunAfterTestClassCallbacks.evaluate(RunAfterTestClassCallbacks.java:70)
	at org.junit.runners.ParentRunner.run(ParentRunner.java:363)
	at org.springframework.test.context.junit4.SpringJUnit4ClassRunner.run(SpringJUnit4ClassRunner.java:191)
	at org.apache.maven.surefire.junit4.JUnit4Provider.execute(JUnit4Provider.java:365)
	at org.apache.maven.surefire.junit4.JUnit4Provider.executeWithRerun(JUnit4Provider.java:272)
	at org.apache.maven.surefire.junit4.JUnit4Provider.executeTestSet(JUnit4Provider.java:236)
	at org.apache.maven.surefire.junit4.JUnit4Provider.invoke(JUnit4Provider.java:159)
	at org.apache.maven.surefire.booter.ForkedBooter.invokeProviderInSameClassLoader(ForkedBooter.java:386)
	at org.apache.maven.surefire.booter.ForkedBooter.runSuitesInProcess(ForkedBooter.java:323)
	at org.apache.maven.surefire.booter.ForkedBooter.main(ForkedBooter.java:143)
</stderr>
          <failedSince>1</failedSince>
        </case>
        <case>
          <duration>0.407</duration>
          <className>edu.ncsu.csc.itrust2.apitest.APIOfficeVisitTest</className>
          <testName>testPreScheduledOfficeVisit</testName>
          <skipped>false</skipped>
          <errorStackTrace>java.lang.AssertionError: Status expected:&lt;200&gt; but was:&lt;400&gt;
	at edu.ncsu.csc.itrust2.apitest.APIOfficeVisitTest.testPreScheduledOfficeVisit(APIOfficeVisitTest.java:143)
</errorStackTrace>
          <errorDetails>Status expected:&lt;200&gt; but was:&lt;400&gt;</errorDetails>
          <stdout>04:57:53.318 [main] DEBUG o.s.t.annotation.ProfileValueUtils - Retrieved @ProfileValueSourceConfiguration [null] for test class [edu.ncsu.csc.itrust2.apitest.APIOfficeVisitTest]
04:57:53.318 [main] DEBUG o.s.t.annotation.ProfileValueUtils - Retrieved ProfileValueSource type [class org.springframework.test.annotation.SystemProfileValueSource] for class [edu.ncsu.csc.itrust2.apitest.APIOfficeVisitTest]
04:57:53.318 [main] DEBUG o.s.t.c.c.DefaultCacheAwareContextLoaderDelegate - Retrieved ApplicationContext from cache with key [[WebMergedContextConfiguration@174b028a testClass = APIOfficeVisitTest, locations = &apos;{}&apos;, classes = &apos;{class edu.ncsu.csc.itrust2.config.RootConfiguration, class edu.ncsu.csc.itrust2.mvc.config.WebMvcConfiguration}&apos;, contextInitializerClasses = &apos;[]&apos;, activeProfiles = &apos;{}&apos;, propertySourceLocations = &apos;{}&apos;, propertySourceProperties = &apos;{}&apos;, contextCustomizers = set[[empty]], resourceBasePath = &apos;src/main/webapp&apos;, contextLoader = &apos;org.springframework.test.context.web.WebDelegatingSmartContextLoader&apos;, parent = [null]]]
04:57:53.318 [main] DEBUG o.springframework.test.context.cache - Spring test ApplicationContext cache statistics: [DefaultContextCache@3bc22ada size = 1, maxSize = 32, parentContextCount = 0, hitCount = 29, missCount = 1]
04:57:53.318 [main] DEBUG o.s.t.c.w.ServletTestExecutionListener - Setting up MockHttpServletRequest, MockHttpServletResponse, ServletWebRequest, and RequestContextHolder for test context [DefaultTestContext@5be749fc testClass = APIOfficeVisitTest, testInstance = edu.ncsu.csc.itrust2.apitest.APIOfficeVisitTest@2ef206bf, testMethod = [null], testException = [null], mergedContextConfiguration = [WebMergedContextConfiguration@174b028a testClass = APIOfficeVisitTest, locations = &apos;{}&apos;, classes = &apos;{class edu.ncsu.csc.itrust2.config.RootConfiguration, class edu.ncsu.csc.itrust2.mvc.config.WebMvcConfiguration}&apos;, contextInitializerClasses = &apos;[]&apos;, activeProfiles = &apos;{}&apos;, propertySourceLocations = &apos;{}&apos;, propertySourceProperties = &apos;{}&apos;, contextCustomizers = set[[empty]], resourceBasePath = &apos;src/main/webapp&apos;, contextLoader = &apos;org.springframework.test.context.web.WebDelegatingSmartContextLoader&apos;, parent = [null]]].
04:57:53.318 [main] DEBUG o.s.t.c.s.DependencyInjectionTestExecutionListener - Performing dependency injection for test context [[DefaultTestContext@5be749fc testClass = APIOfficeVisitTest, testInstance = edu.ncsu.csc.itrust2.apitest.APIOfficeVisitTest@2ef206bf, testMethod = [null], testException = [null], mergedContextConfiguration = [WebMergedContextConfiguration@174b028a testClass = APIOfficeVisitTest, locations = &apos;{}&apos;, classes = &apos;{class edu.ncsu.csc.itrust2.config.RootConfiguration, class edu.ncsu.csc.itrust2.mvc.config.WebMvcConfiguration}&apos;, contextInitializerClasses = &apos;[]&apos;, activeProfiles = &apos;{}&apos;, propertySourceLocations = &apos;{}&apos;, propertySourceProperties = &apos;{}&apos;, contextCustomizers = set[[empty]], resourceBasePath = &apos;src/main/webapp&apos;, contextLoader = &apos;org.springframework.test.context.web.WebDelegatingSmartContextLoader&apos;, parent = [null]]]].
04:57:53.318 [main] DEBUG o.s.t.c.c.DefaultCacheAwareContextLoaderDelegate - Retrieved ApplicationContext from cache with key [[WebMergedContextConfiguration@174b028a testClass = APIOfficeVisitTest, locations = &apos;{}&apos;, classes = &apos;{class edu.ncsu.csc.itrust2.config.RootConfiguration, class edu.ncsu.csc.itrust2.mvc.config.WebMvcConfiguration}&apos;, contextInitializerClasses = &apos;[]&apos;, activeProfiles = &apos;{}&apos;, propertySourceLocations = &apos;{}&apos;, propertySourceProperties = &apos;{}&apos;, contextCustomizers = set[[empty]], resourceBasePath = &apos;src/main/webapp&apos;, contextLoader = &apos;org.springframework.test.context.web.WebDelegatingSmartContextLoader&apos;, parent = [null]]]
04:57:53.318 [main] DEBUG o.springframework.test.context.cache - Spring test ApplicationContext cache statistics: [DefaultContextCache@3bc22ada size = 1, maxSize = 32, parentContextCount = 0, hitCount = 30, missCount = 1]
04:57:53.319 [main] DEBUG o.s.b.f.annotation.InjectionMetadata - Processing injected element of bean &apos;edu.ncsu.csc.itrust2.apitest.APIOfficeVisitTest&apos;: AutowiredFieldElement for private org.springframework.web.context.WebApplicationContext edu.ncsu.csc.itrust2.apitest.APIOfficeVisitTest.context
04:57:53.319 [main] DEBUG o.s.t.c.s.AbstractDirtiesContextTestExecutionListener - Before test method: context [DefaultTestContext@5be749fc testClass = APIOfficeVisitTest, testInstance = edu.ncsu.csc.itrust2.apitest.APIOfficeVisitTest@2ef206bf, testMethod = testPreScheduledOfficeVisit@APIOfficeVisitTest, testException = [null], mergedContextConfiguration = [WebMergedContextConfiguration@174b028a testClass = APIOfficeVisitTest, locations = &apos;{}&apos;, classes = &apos;{class edu.ncsu.csc.itrust2.config.RootConfiguration, class edu.ncsu.csc.itrust2.mvc.config.WebMvcConfiguration}&apos;, contextInitializerClasses = &apos;[]&apos;, activeProfiles = &apos;{}&apos;, propertySourceLocations = &apos;{}&apos;, propertySourceProperties = &apos;{}&apos;, contextCustomizers = set[[empty]], resourceBasePath = &apos;src/main/webapp&apos;, contextLoader = &apos;org.springframework.test.context.web.WebDelegatingSmartContextLoader&apos;, parent = [null]]], class annotated with @DirtiesContext [false] with mode [null], method annotated with @DirtiesContext [false] with mode [null].
04:57:53.320 [main] DEBUG o.s.t.w.s.TestDispatcherServlet - Initializing servlet &apos;&apos;
04:57:53.320 [main] DEBUG o.s.w.c.s.StandardServletEnvironment - Adding [servletConfigInitParams] PropertySource with lowest search precedence
04:57:53.320 [main] DEBUG o.s.w.c.s.StandardServletEnvironment - Adding [servletContextInitParams] PropertySource with lowest search precedence
04:57:53.320 [main] DEBUG o.s.w.c.s.StandardServletEnvironment - Adding [systemProperties] PropertySource with lowest search precedence
04:57:53.321 [main] DEBUG o.s.w.c.s.StandardServletEnvironment - Adding [systemEnvironment] PropertySource with lowest search precedence
04:57:53.321 [main] DEBUG o.s.w.c.s.StandardServletEnvironment - Initialized StandardServletEnvironment with PropertySources [servletConfigInitParams,servletContextInitParams,systemProperties,systemEnvironment]
04:57:53.321 [main] INFO  o.s.mock.web.MockServletContext - Initializing Spring FrameworkServlet &apos;&apos;
04:57:53.321 [main] INFO  o.s.t.w.s.TestDispatcherServlet - FrameworkServlet &apos;&apos;: initialization started
04:57:53.321 [main] DEBUG o.s.t.w.s.TestDispatcherServlet - Unable to locate MultipartResolver with name &apos;multipartResolver&apos;: no multipart request handling provided
04:57:53.321 [main] DEBUG o.s.b.f.s.DefaultListableBeanFactory - Creating instance of bean &apos;org.springframework.web.servlet.i18n.AcceptHeaderLocaleResolver&apos;
04:57:53.322 [main] DEBUG o.s.b.f.s.DefaultListableBeanFactory - Finished creating instance of bean &apos;org.springframework.web.servlet.i18n.AcceptHeaderLocaleResolver&apos;
04:57:53.322 [main] DEBUG o.s.t.w.s.TestDispatcherServlet - Unable to locate LocaleResolver with name &apos;localeResolver&apos;: using default [org.springframework.web.servlet.i18n.AcceptHeaderLocaleResolver@7f51520b]
04:57:53.325 [main] DEBUG o.s.b.f.s.DefaultListableBeanFactory - Creating instance of bean &apos;org.springframework.web.servlet.theme.FixedThemeResolver&apos;
04:57:53.325 [main] DEBUG o.s.b.f.s.DefaultListableBeanFactory - Finished creating instance of bean &apos;org.springframework.web.servlet.theme.FixedThemeResolver&apos;
04:57:53.326 [main] DEBUG o.s.t.w.s.TestDispatcherServlet - Unable to locate ThemeResolver with name &apos;themeResolver&apos;: using default [org.springframework.web.servlet.theme.FixedThemeResolver@4f17172]
04:57:53.326 [main] DEBUG o.s.b.f.s.DefaultListableBeanFactory - Returning cached instance of singleton bean &apos;requestMappingHandlerMapping&apos;
04:57:53.326 [main] DEBUG o.s.b.f.s.DefaultListableBeanFactory - Returning cached instance of singleton bean &apos;viewControllerHandlerMapping&apos;
04:57:53.326 [main] DEBUG o.s.b.f.s.DefaultListableBeanFactory - Returning cached instance of singleton bean &apos;beanNameHandlerMapping&apos;
04:57:53.326 [main] DEBUG o.s.b.f.s.DefaultListableBeanFactory - Returning cached instance of singleton bean &apos;resourceHandlerMapping&apos;
04:57:53.326 [main] DEBUG o.s.b.f.s.DefaultListableBeanFactory - Returning cached instance of singleton bean &apos;defaultServletHandlerMapping&apos;
04:57:53.327 [main] DEBUG o.s.b.f.s.DefaultListableBeanFactory - Returning cached instance of singleton bean &apos;requestMappingHandlerAdapter&apos;
04:57:53.327 [main] DEBUG o.s.b.f.s.DefaultListableBeanFactory - Returning cached instance of singleton bean &apos;httpRequestHandlerAdapter&apos;
04:57:53.327 [main] DEBUG o.s.b.f.s.DefaultListableBeanFactory - Returning cached instance of singleton bean &apos;simpleControllerHandlerAdapter&apos;
04:57:53.327 [main] DEBUG o.s.b.f.s.DefaultListableBeanFactory - Returning cached instance of singleton bean &apos;handlerExceptionResolver&apos;
04:57:53.327 [main] DEBUG o.s.b.f.s.DefaultListableBeanFactory - Creating instance of bean &apos;org.springframework.web.servlet.view.DefaultRequestToViewNameTranslator&apos;
04:57:53.327 [main] DEBUG o.s.b.f.s.DefaultListableBeanFactory - Finished creating instance of bean &apos;org.springframework.web.servlet.view.DefaultRequestToViewNameTranslator&apos;
04:57:53.327 [main] DEBUG o.s.t.w.s.TestDispatcherServlet - Unable to locate RequestToViewNameTranslator with name &apos;viewNameTranslator&apos;: using default [org.springframework.web.servlet.view.DefaultRequestToViewNameTranslator@3a0858ad]
04:57:53.328 [main] DEBUG o.s.b.f.s.DefaultListableBeanFactory - Returning cached instance of singleton bean &apos;mvcViewResolver&apos;
04:57:53.328 [main] DEBUG o.s.b.f.s.DefaultListableBeanFactory - Returning cached instance of singleton bean &apos;viewResolver&apos;
04:57:53.330 [main] DEBUG o.s.b.f.s.DefaultListableBeanFactory - Creating instance of bean &apos;org.springframework.web.servlet.support.SessionFlashMapManager&apos;
04:57:53.330 [main] DEBUG o.s.b.f.s.DefaultListableBeanFactory - Finished creating instance of bean &apos;org.springframework.web.servlet.support.SessionFlashMapManager&apos;
04:57:53.330 [main] DEBUG o.s.t.w.s.TestDispatcherServlet - Unable to locate FlashMapManager with name &apos;flashMapManager&apos;: using default [org.springframework.web.servlet.support.SessionFlashMapManager@2c6c3a25]
04:57:53.330 [main] DEBUG o.s.t.w.s.TestDispatcherServlet - Published WebApplicationContext of servlet &apos;&apos; as ServletContext attribute with name [org.springframework.web.servlet.FrameworkServlet.CONTEXT.]
04:57:53.330 [main] INFO  o.s.t.w.s.TestDispatcherServlet - FrameworkServlet &apos;&apos;: initialization completed in 9 ms
04:57:53.330 [main] DEBUG o.s.t.w.s.TestDispatcherServlet - Servlet &apos;&apos; configured successfully
04:57:53.330 [main] DEBUG o.h.e.t.internal.TransactionImpl - begin
04:57:53.332 [main] DEBUG org.hibernate.SQL - select this_.username as username1_15_0_, this_.enabled as enabled2_15_0_, this_.password as password3_15_0_, this_.role as role4_15_0_ from Users this_ where this_.username=? and this_.role=?
Hibernate: select this_.username as username1_15_0_, this_.enabled as enabled2_15_0_, this_.password as password3_15_0_, this_.role as role4_15_0_ from Users this_ where this_.username=? and this_.role=?
04:57:53.333 [main] DEBUG org.hibernate.loader.Loader - Result set row: 0
04:57:53.333 [main] DEBUG org.hibernate.loader.Loader - Result row: EntityKey[edu.ncsu.csc.itrust2.models.persistent.User#patient]
04:57:53.333 [main] DEBUG o.h.engine.internal.TwoPhaseLoad - Resolving associations for [edu.ncsu.csc.itrust2.models.persistent.User#patient]
04:57:53.334 [main] DEBUG o.h.engine.internal.TwoPhaseLoad - Done materializing entity [edu.ncsu.csc.itrust2.models.persistent.User#patient]
04:57:53.334 [main] DEBUG o.h.e.t.internal.TransactionImpl - committing
04:57:53.334 [main] DEBUG o.h.e.i.AbstractFlushingEventListener - Processing flush-time cascades
04:57:53.334 [main] DEBUG o.h.e.i.AbstractFlushingEventListener - Dirty checking collections
04:57:53.334 [main] DEBUG o.h.e.i.AbstractFlushingEventListener - Flushed: 0 insertions, 0 updates, 0 deletions to 1 objects
04:57:53.334 [main] DEBUG o.h.e.i.AbstractFlushingEventListener - Flushed: 0 (re)creations, 0 updates, 0 removals to 0 collections
04:57:53.334 [main] DEBUG o.h.internal.util.EntityPrinter - Listing entities:
04:57:53.334 [main] DEBUG o.h.internal.util.EntityPrinter - edu.ncsu.csc.itrust2.models.persistent.User{password=$2a$10$EblZqNptyYvcLm/VwDCVAuBjzZOI7khzdyGPBr08PpIi0na624b8., role=ROLE_PATIENT, enabled=1, username=patient}
04:57:53.335 [main] DEBUG o.h.e.t.internal.TransactionImpl - begin
04:57:53.336 [main] DEBUG org.hibernate.SQL - select this_.self_id as self_id18_12_2_, this_.address1 as address1_12_2_, this_.address2 as address2_12_2_, this_.bloodType as bloodTyp3_12_2_, this_.causeOfDeath as causeOfD4_12_2_, this_.city as city5_12_2_, this_.dateOfBirth as dateOfBi6_12_2_, this_.dateOfDeath as dateOfDe7_12_2_, this_.email as email8_12_2_, this_.ethnicity as ethnicit9_12_2_, this_.father_id as father_19_12_2_, this_.firstName as firstNa10_12_2_, this_.gender as gender11_12_2_, this_.id as id12_12_2_, this_.lastName as lastNam13_12_2_, this_.mother_id as mother_20_12_2_, this_.phone as phone14_12_2_, this_.preferredName as preferr15_12_2_, this_.state as state16_12_2_, this_.zip as zip17_12_2_, user2_.username as username1_15_0_, user2_.enabled as enabled2_15_0_, user2_.password as password3_15_0_, user2_.role as role4_15_0_, user3_.username as username1_15_1_, user3_.enabled as enabled2_15_1_, user3_.password as password3_15_1_, user3_.role as role4_15_1_ from Patients this_ left outer join Users user2_ on this_.father_id=user2_.username left outer join Users user3_ on this_.mother_id=user3_.username where this_.self_id=?
Hibernate: select this_.self_id as self_id18_12_2_, this_.address1 as address1_12_2_, this_.address2 as address2_12_2_, this_.bloodType as bloodTyp3_12_2_, this_.causeOfDeath as causeOfD4_12_2_, this_.city as city5_12_2_, this_.dateOfBirth as dateOfBi6_12_2_, this_.dateOfDeath as dateOfDe7_12_2_, this_.email as email8_12_2_, this_.ethnicity as ethnicit9_12_2_, this_.father_id as father_19_12_2_, this_.firstName as firstNa10_12_2_, this_.gender as gender11_12_2_, this_.id as id12_12_2_, this_.lastName as lastNam13_12_2_, this_.mother_id as mother_20_12_2_, this_.phone as phone14_12_2_, this_.preferredName as preferr15_12_2_, this_.state as state16_12_2_, this_.zip as zip17_12_2_, user2_.username as username1_15_0_, user2_.enabled as enabled2_15_0_, user2_.password as password3_15_0_, user2_.role as role4_15_0_, user3_.username as username1_15_1_, user3_.enabled as enabled2_15_1_, user3_.password as password3_15_1_, user3_.role as role4_15_1_ from Patients this_ left outer join Users user2_ on this_.father_id=user2_.username left outer join Users user3_ on this_.mother_id=user3_.username where this_.self_id=?
04:57:53.338 [main] DEBUG o.h.e.t.internal.TransactionImpl - committing
04:57:53.339 [main] DEBUG o.s.t.w.s.TestDispatcherServlet - DispatcherServlet with name &apos;&apos; processing POST request for [/api/v1/users]
04:57:53.339 [main] DEBUG o.s.w.s.m.m.a.RequestMappingHandlerMapping - Looking up handler method for path /api/v1/users
04:57:53.341 [main] DEBUG o.s.w.s.m.m.a.RequestMappingHandlerMapping - Returning handler method [public org.springframework.http.ResponseEntity edu.ncsu.csc.itrust2.controllers.api.APIUserController.createUser(edu.ncsu.csc.itrust2.forms.admin.UserForm)]
04:57:53.341 [main] DEBUG o.s.b.f.s.DefaultListableBeanFactory - Returning cached instance of singleton bean &apos;APIUserController&apos;
04:57:53.341 [main] DEBUG o.s.w.s.m.m.a.RequestResponseBodyMethodProcessor - Read [class edu.ncsu.csc.itrust2.forms.admin.UserForm] as &quot;application/json&quot; with [org.springframework.http.converter.json.GsonHttpMessageConverter@75a87b8c]
04:57:53.453 [main] DEBUG o.h.e.t.internal.TransactionImpl - begin
04:57:53.455 [main] DEBUG org.hibernate.SQL - select this_.username as username1_15_0_, this_.enabled as enabled2_15_0_, this_.password as password3_15_0_, this_.role as role4_15_0_ from Users this_ where this_.username=?
Hibernate: select this_.username as username1_15_0_, this_.enabled as enabled2_15_0_, this_.password as password3_15_0_, this_.role as role4_15_0_ from Users this_ where this_.username=?
04:57:53.456 [main] DEBUG org.hibernate.loader.Loader - Result set row: 0
04:57:53.456 [main] DEBUG org.hibernate.loader.Loader - Result row: EntityKey[edu.ncsu.csc.itrust2.models.persistent.User#hcp]
04:57:53.457 [main] DEBUG o.h.engine.internal.TwoPhaseLoad - Resolving associations for [edu.ncsu.csc.itrust2.models.persistent.User#hcp]
04:57:53.457 [main] DEBUG o.h.engine.internal.TwoPhaseLoad - Done materializing entity [edu.ncsu.csc.itrust2.models.persistent.User#hcp]
04:57:53.457 [main] DEBUG o.h.e.t.internal.TransactionImpl - committing
04:57:53.457 [main] DEBUG o.h.e.i.AbstractFlushingEventListener - Processing flush-time cascades
04:57:53.457 [main] DEBUG o.h.e.i.AbstractFlushingEventListener - Dirty checking collections
04:57:53.458 [main] DEBUG o.h.e.i.AbstractFlushingEventListener - Flushed: 0 insertions, 0 updates, 0 deletions to 1 objects
04:57:53.459 [main] DEBUG o.h.e.i.AbstractFlushingEventListener - Flushed: 0 (re)creations, 0 updates, 0 removals to 0 collections
04:57:53.460 [main] DEBUG o.h.internal.util.EntityPrinter - Listing entities:
04:57:53.462 [main] DEBUG o.h.internal.util.EntityPrinter - edu.ncsu.csc.itrust2.models.persistent.User{password=$2a$10$EblZqNptyYvcLm/VwDCVAuBjzZOI7khzdyGPBr08PpIi0na624b8., role=ROLE_HCP, enabled=1, username=hcp}
04:57:53.464 [main] DEBUG o.s.w.s.m.m.a.HttpEntityMethodProcessor - Written [{&quot;status&quot;:&quot;failed&quot;,&quot;message&quot;:&quot;User with the id hcp already exists&quot;}] as &quot;text/plain&quot; using [org.springframework.http.converter.StringHttpMessageConverter@7d41615a]
04:57:53.464 [main] DEBUG o.s.t.w.s.TestDispatcherServlet - Null ModelAndView returned to DispatcherServlet with name &apos;&apos;: assuming HandlerAdapter completed request handling
04:57:53.464 [main] DEBUG o.s.t.w.s.TestDispatcherServlet - Successfully completed request
04:57:53.465 [main] DEBUG o.s.t.w.s.TestDispatcherServlet - DispatcherServlet with name &apos;&apos; processing POST request for [/api/v1/users]
04:57:53.466 [main] DEBUG o.s.w.s.m.m.a.RequestMappingHandlerMapping - Looking up handler method for path /api/v1/users
04:57:53.473 [main] DEBUG o.s.w.s.m.m.a.RequestMappingHandlerMapping - Returning handler method [public org.springframework.http.ResponseEntity edu.ncsu.csc.itrust2.controllers.api.APIUserController.createUser(edu.ncsu.csc.itrust2.forms.admin.UserForm)]
04:57:53.473 [main] DEBUG o.s.b.f.s.DefaultListableBeanFactory - Returning cached instance of singleton bean &apos;APIUserController&apos;
04:57:53.474 [main] DEBUG o.s.w.s.m.m.a.RequestResponseBodyMethodProcessor - Read [class edu.ncsu.csc.itrust2.forms.admin.UserForm] as &quot;application/json&quot; with [org.springframework.http.converter.json.GsonHttpMessageConverter@75a87b8c]
04:57:53.581 [main] DEBUG o.h.e.t.internal.TransactionImpl - begin
04:57:53.583 [main] DEBUG org.hibernate.SQL - select this_.username as username1_15_0_, this_.enabled as enabled2_15_0_, this_.password as password3_15_0_, this_.role as role4_15_0_ from Users this_ where this_.username=?
Hibernate: select this_.username as username1_15_0_, this_.enabled as enabled2_15_0_, this_.password as password3_15_0_, this_.role as role4_15_0_ from Users this_ where this_.username=?
04:57:53.583 [main] DEBUG org.hibernate.loader.Loader - Result set row: 0
04:57:53.583 [main] DEBUG org.hibernate.loader.Loader - Result row: EntityKey[edu.ncsu.csc.itrust2.models.persistent.User#patient]
04:57:53.584 [main] DEBUG o.h.engine.internal.TwoPhaseLoad - Resolving associations for [edu.ncsu.csc.itrust2.models.persistent.User#patient]
04:57:53.584 [main] DEBUG o.h.engine.internal.TwoPhaseLoad - Done materializing entity [edu.ncsu.csc.itrust2.models.persistent.User#patient]
04:57:53.584 [main] DEBUG o.h.e.t.internal.TransactionImpl - committing
04:57:53.584 [main] DEBUG o.h.e.i.AbstractFlushingEventListener - Processing flush-time cascades
04:57:53.584 [main] DEBUG o.h.e.i.AbstractFlushingEventListener - Dirty checking collections
04:57:53.585 [main] DEBUG o.h.e.i.AbstractFlushingEventListener - Flushed: 0 insertions, 0 updates, 0 deletions to 1 objects
04:57:53.585 [main] DEBUG o.h.e.i.AbstractFlushingEventListener - Flushed: 0 (re)creations, 0 updates, 0 removals to 0 collections
04:57:53.585 [main] DEBUG o.h.internal.util.EntityPrinter - Listing entities:
04:57:53.585 [main] DEBUG o.h.internal.util.EntityPrinter - edu.ncsu.csc.itrust2.models.persistent.User{password=$2a$10$EblZqNptyYvcLm/VwDCVAuBjzZOI7khzdyGPBr08PpIi0na624b8., role=ROLE_PATIENT, enabled=1, username=patient}
04:57:53.586 [main] DEBUG o.s.w.s.m.m.a.HttpEntityMethodProcessor - Written [{&quot;status&quot;:&quot;failed&quot;,&quot;message&quot;:&quot;User with the id patient already exists&quot;}] as &quot;text/plain&quot; using [org.springframework.http.converter.StringHttpMessageConverter@7d41615a]
04:57:53.586 [main] DEBUG o.s.t.w.s.TestDispatcherServlet - Null ModelAndView returned to DispatcherServlet with name &apos;&apos;: assuming HandlerAdapter completed request handling
04:57:53.586 [main] DEBUG o.s.t.w.s.TestDispatcherServlet - Successfully completed request
04:57:53.587 [main] DEBUG o.s.t.w.s.TestDispatcherServlet - DispatcherServlet with name &apos;&apos; processing DELETE request for [/api/v1/appointmentrequests]
04:57:53.587 [main] DEBUG o.s.w.s.m.m.a.RequestMappingHandlerMapping - Looking up handler method for path /api/v1/appointmentrequests
04:57:53.588 [main] DEBUG o.s.w.s.m.m.a.RequestMappingHandlerMapping - Returning handler method [public org.springframework.http.ResponseEntity edu.ncsu.csc.itrust2.controllers.api.APIAppointmentRequestController.deleteAppointmentRequests()]
04:57:53.588 [main] DEBUG o.s.b.f.s.DefaultListableBeanFactory - Returning cached instance of singleton bean &apos;APIAppointmentRequestController&apos;
04:57:53.589 [main] DEBUG o.h.e.t.internal.TransactionImpl - begin
04:57:53.590 [main] DEBUG org.hibernate.SQL - select this_.id as id1_0_2_, this_.comments as comments2_0_2_, this_.date as date3_0_2_, this_.hcp_id as hcp_id6_0_2_, this_.patient_id as patient_7_0_2_, this_.status as status4_0_2_, this_.type as type5_0_2_, user2_.username as username1_15_0_, user2_.enabled as enabled2_15_0_, user2_.password as password3_15_0_, user2_.role as role4_15_0_, user3_.username as username1_15_1_, user3_.enabled as enabled2_15_1_, user3_.password as password3_15_1_, user3_.role as role4_15_1_ from AppointmentRequests this_ inner join Users user2_ on this_.hcp_id=user2_.username inner join Users user3_ on this_.patient_id=user3_.username
Hibernate: select this_.id as id1_0_2_, this_.comments as comments2_0_2_, this_.date as date3_0_2_, this_.hcp_id as hcp_id6_0_2_, this_.patient_id as patient_7_0_2_, this_.status as status4_0_2_, this_.type as type5_0_2_, user2_.username as username1_15_0_, user2_.enabled as enabled2_15_0_, user2_.password as password3_15_0_, user2_.role as role4_15_0_, user3_.username as username1_15_1_, user3_.enabled as enabled2_15_1_, user3_.password as password3_15_1_, user3_.role as role4_15_1_ from AppointmentRequests this_ inner join Users user2_ on this_.hcp_id=user2_.username inner join Users user3_ on this_.patient_id=user3_.username
04:57:53.590 [main] DEBUG o.h.e.t.internal.TransactionImpl - committing
04:57:53.592 [main] DEBUG o.s.w.s.m.m.a.HttpEntityMethodProcessor - Written [{&quot;status&quot;:&quot;success&quot;,&quot;message&quot;:&quot;Successfully deleted all AppointmentRequests&quot;}] as &quot;text/plain&quot; using [org.springframework.http.converter.StringHttpMessageConverter@7d41615a]
04:57:53.592 [main] DEBUG o.s.t.w.s.TestDispatcherServlet - Null ModelAndView returned to DispatcherServlet with name &apos;&apos;: assuming HandlerAdapter completed request handling
04:57:53.592 [main] DEBUG o.s.t.w.s.TestDispatcherServlet - Successfully completed request
04:57:53.593 [main] DEBUG o.s.t.w.s.TestDispatcherServlet - DispatcherServlet with name &apos;&apos; processing POST request for [/api/v1/appointmentrequests]
04:57:53.593 [main] DEBUG o.s.w.s.m.m.a.RequestMappingHandlerMapping - Looking up handler method for path /api/v1/appointmentrequests
04:57:53.594 [main] DEBUG o.s.w.s.m.m.a.RequestMappingHandlerMapping - Returning handler method [public org.springframework.http.ResponseEntity edu.ncsu.csc.itrust2.controllers.api.APIAppointmentRequestController.createAppointmentRequest(edu.ncsu.csc.itrust2.forms.patient.AppointmentRequestForm)]
04:57:53.594 [main] DEBUG o.s.b.f.s.DefaultListableBeanFactory - Returning cached instance of singleton bean &apos;APIAppointmentRequestController&apos;
04:57:53.595 [main] DEBUG o.s.w.s.m.m.a.RequestResponseBodyMethodProcessor - Read [class edu.ncsu.csc.itrust2.forms.patient.AppointmentRequestForm] as &quot;application/json&quot; with [org.springframework.http.converter.json.GsonHttpMessageConverter@75a87b8c]
04:57:53.596 [main] DEBUG o.h.e.t.internal.TransactionImpl - begin
04:57:53.597 [main] DEBUG org.hibernate.SQL - select this_.username as username1_15_0_, this_.enabled as enabled2_15_0_, this_.password as password3_15_0_, this_.role as role4_15_0_ from Users this_ where this_.username=? and this_.role=?
Hibernate: select this_.username as username1_15_0_, this_.enabled as enabled2_15_0_, this_.password as password3_15_0_, this_.role as role4_15_0_ from Users this_ where this_.username=? and this_.role=?
04:57:53.598 [main] DEBUG org.hibernate.loader.Loader - Result set row: 0
04:57:53.599 [main] DEBUG org.hibernate.loader.Loader - Result row: EntityKey[edu.ncsu.csc.itrust2.models.persistent.User#patient]
04:57:53.600 [main] DEBUG o.h.engine.internal.TwoPhaseLoad - Resolving associations for [edu.ncsu.csc.itrust2.models.persistent.User#patient]
04:57:53.601 [main] DEBUG o.h.engine.internal.TwoPhaseLoad - Done materializing entity [edu.ncsu.csc.itrust2.models.persistent.User#patient]
04:57:53.601 [main] DEBUG o.h.e.t.internal.TransactionImpl - committing
04:57:53.602 [main] DEBUG o.h.e.i.AbstractFlushingEventListener - Processing flush-time cascades
04:57:53.603 [main] DEBUG o.h.e.i.AbstractFlushingEventListener - Dirty checking collections
04:57:53.604 [main] DEBUG o.h.e.i.AbstractFlushingEventListener - Flushed: 0 insertions, 0 updates, 0 deletions to 1 objects
04:57:53.604 [main] DEBUG o.h.e.i.AbstractFlushingEventListener - Flushed: 0 (re)creations, 0 updates, 0 removals to 0 collections
04:57:53.604 [main] DEBUG o.h.internal.util.EntityPrinter - Listing entities:
04:57:53.605 [main] DEBUG o.h.internal.util.EntityPrinter - edu.ncsu.csc.itrust2.models.persistent.User{password=$2a$10$EblZqNptyYvcLm/VwDCVAuBjzZOI7khzdyGPBr08PpIi0na624b8., role=ROLE_PATIENT, enabled=1, username=patient}
04:57:53.606 [main] DEBUG o.h.e.t.internal.TransactionImpl - begin
04:57:53.607 [main] DEBUG org.hibernate.SQL - select this_.username as username1_15_0_, this_.enabled as enabled2_15_0_, this_.password as password3_15_0_, this_.role as role4_15_0_ from Users this_ where this_.username=? and this_.role=?
Hibernate: select this_.username as username1_15_0_, this_.enabled as enabled2_15_0_, this_.password as password3_15_0_, this_.role as role4_15_0_ from Users this_ where this_.username=? and this_.role=?
04:57:53.607 [main] DEBUG org.hibernate.loader.Loader - Result set row: 0
04:57:53.608 [main] DEBUG org.hibernate.loader.Loader - Result row: EntityKey[edu.ncsu.csc.itrust2.models.persistent.User#hcp]
04:57:53.608 [main] DEBUG o.h.engine.internal.TwoPhaseLoad - Resolving associations for [edu.ncsu.csc.itrust2.models.persistent.User#hcp]
04:57:53.608 [main] DEBUG o.h.engine.internal.TwoPhaseLoad - Done materializing entity [edu.ncsu.csc.itrust2.models.persistent.User#hcp]
04:57:53.608 [main] DEBUG o.h.e.t.internal.TransactionImpl - committing
04:57:53.608 [main] DEBUG o.h.e.i.AbstractFlushingEventListener - Processing flush-time cascades
04:57:53.608 [main] DEBUG o.h.e.i.AbstractFlushingEventListener - Dirty checking collections
04:57:53.609 [main] DEBUG o.h.e.i.AbstractFlushingEventListener - Flushed: 0 insertions, 0 updates, 0 deletions to 1 objects
04:57:53.609 [main] DEBUG o.h.e.i.AbstractFlushingEventListener - Flushed: 0 (re)creations, 0 updates, 0 removals to 0 collections
04:57:53.609 [main] DEBUG o.h.internal.util.EntityPrinter - Listing entities:
04:57:53.609 [main] DEBUG o.h.internal.util.EntityPrinter - edu.ncsu.csc.itrust2.models.persistent.User{password=$2a$10$EblZqNptyYvcLm/VwDCVAuBjzZOI7khzdyGPBr08PpIi0na624b8., role=ROLE_HCP, enabled=1, username=hcp}
04:57:53.610 [main] DEBUG o.h.e.t.internal.TransactionImpl - begin
04:57:53.611 [main] DEBUG org.hibernate.SQL - select this_.id as id1_0_2_, this_.comments as comments2_0_2_, this_.date as date3_0_2_, this_.hcp_id as hcp_id6_0_2_, this_.patient_id as patient_7_0_2_, this_.status as status4_0_2_, this_.type as type5_0_2_, user2_.username as username1_15_0_, user2_.enabled as enabled2_15_0_, user2_.password as password3_15_0_, user2_.role as role4_15_0_, user3_.username as username1_15_1_, user3_.enabled as enabled2_15_1_, user3_.password as password3_15_1_, user3_.role as role4_15_1_ from AppointmentRequests this_ inner join Users user2_ on this_.hcp_id=user2_.username inner join Users user3_ on this_.patient_id=user3_.username where this_.id=?
Hibernate: select this_.id as id1_0_2_, this_.comments as comments2_0_2_, this_.date as date3_0_2_, this_.hcp_id as hcp_id6_0_2_, this_.patient_id as patient_7_0_2_, this_.status as status4_0_2_, this_.type as type5_0_2_, user2_.username as username1_15_0_, user2_.enabled as enabled2_15_0_, user2_.password as password3_15_0_, user2_.role as role4_15_0_, user3_.username as username1_15_1_, user3_.enabled as enabled2_15_1_, user3_.password as password3_15_1_, user3_.role as role4_15_1_ from AppointmentRequests this_ inner join Users user2_ on this_.hcp_id=user2_.username inner join Users user3_ on this_.patient_id=user3_.username where this_.id=?
04:57:53.612 [main] DEBUG o.h.e.t.internal.TransactionImpl - committing
04:57:53.613 [main] DEBUG o.h.e.t.internal.TransactionImpl - begin
04:57:53.614 [main] DEBUG org.hibernate.SQL - select next_val as id_val from hibernate_sequence for update
Hibernate: select next_val as id_val from hibernate_sequence for update
04:57:53.614 [main] DEBUG org.hibernate.SQL - update hibernate_sequence set next_val= ? where next_val=?
Hibernate: update hibernate_sequence set next_val= ? where next_val=?
04:57:53.616 [main] DEBUG o.h.e.i.AbstractSaveEventListener - Generated identifier: 21, using strategy: org.hibernate.id.enhanced.SequenceStyleGenerator
04:57:53.616 [main] DEBUG org.hibernate.SQL - select user_.username, user_.enabled as enabled2_15_, user_.password as password3_15_, user_.role as role4_15_ from Users user_ where user_.username=?
Hibernate: select user_.username, user_.enabled as enabled2_15_, user_.password as password3_15_, user_.role as role4_15_ from Users user_ where user_.username=?
04:57:53.617 [main] DEBUG o.h.r.j.i.ResourceRegistryStandardImpl - HHH000387: ResultSet&apos;s statement was not registered
04:57:53.618 [main] DEBUG org.hibernate.SQL - select user_.username, user_.enabled as enabled2_15_, user_.password as password3_15_, user_.role as role4_15_ from Users user_ where user_.username=?
Hibernate: select user_.username, user_.enabled as enabled2_15_, user_.password as password3_15_, user_.role as role4_15_ from Users user_ where user_.username=?
04:57:53.618 [main] DEBUG o.h.r.j.i.ResourceRegistryStandardImpl - HHH000387: ResultSet&apos;s statement was not registered
04:57:53.619 [main] DEBUG o.h.e.t.internal.TransactionImpl - committing
04:57:53.619 [main] DEBUG o.h.e.i.AbstractFlushingEventListener - Processing flush-time cascades
04:57:53.619 [main] DEBUG o.h.e.i.AbstractFlushingEventListener - Dirty checking collections
04:57:53.619 [main] DEBUG o.h.e.i.AbstractFlushingEventListener - Flushed: 1 insertions, 0 updates, 0 deletions to 1 objects
04:57:53.620 [main] DEBUG o.h.e.i.AbstractFlushingEventListener - Flushed: 0 (re)creations, 0 updates, 0 removals to 0 collections
04:57:53.620 [main] DEBUG o.h.internal.util.EntityPrinter - Listing entities:
04:57:53.620 [main] DEBUG o.h.internal.util.EntityPrinter - edu.ncsu.csc.itrust2.models.persistent.AppointmentRequest{date=java.util.GregorianCalendar[time=1921294200000,areFieldsSet=true,areAllFieldsSet=true,lenient=true,zone=sun.util.calendar.ZoneInfo[id=&quot;Etc/UTC&quot;,offset=0,dstSavings=0,useDaylight=false,transitions=0,lastRule=null],firstDayOfWeek=1,minimalDaysInFirstWeek=1,ERA=1,YEAR=2030,MONTH=10,WEEK_OF_YEAR=47,WEEK_OF_MONTH=4,DAY_OF_MONTH=19,DAY_OF_YEAR=323,DAY_OF_WEEK=3,DAY_OF_WEEK_IN_MONTH=3,AM_PM=0,HOUR=4,HOUR_OF_DAY=4,MINUTE=50,SECOND=0,MILLISECOND=0,ZONE_OFFSET=0,DST_OFFSET=0], comments=Test appointment please ignore, hcp=edu.ncsu.csc.itrust2.models.persistent.User#hcp, patient=edu.ncsu.csc.itrust2.models.persistent.User#patient, id=21, type=GENERAL_CHECKUP, status=APPROVED}
04:57:53.621 [main] DEBUG org.hibernate.SQL - insert into AppointmentRequests (comments, date, hcp_id, patient_id, status, type, id) values (?, ?, ?, ?, ?, ?, ?)
Hibernate: insert into AppointmentRequests (comments, date, hcp_id, patient_id, status, type, id) values (?, ?, ?, ?, ?, ?, ?)
04:57:53.623 [main] DEBUG o.h.e.j.internal.JdbcCoordinatorImpl - HHH000420: Closing un-released batch
04:57:53.624 [main] DEBUG o.h.e.t.internal.TransactionImpl - begin
04:57:53.624 [main] DEBUG org.hibernate.SQL - select next_val as id_val from hibernate_sequence for update
Hibernate: select next_val as id_val from hibernate_sequence for update
04:57:53.625 [main] DEBUG org.hibernate.SQL - update hibernate_sequence set next_val= ? where next_val=?
Hibernate: update hibernate_sequence set next_val= ? where next_val=?
04:57:53.626 [main] DEBUG o.h.e.i.AbstractSaveEventListener - Generated identifier: 22, using strategy: org.hibernate.id.enhanced.SequenceStyleGenerator
04:57:53.626 [main] DEBUG o.h.e.t.internal.TransactionImpl - committing
04:57:53.627 [main] DEBUG o.h.e.i.AbstractFlushingEventListener - Processing flush-time cascades
04:57:53.627 [main] DEBUG o.h.e.i.AbstractFlushingEventListener - Dirty checking collections
04:57:53.627 [main] DEBUG o.h.e.i.AbstractFlushingEventListener - Flushed: 1 insertions, 0 updates, 0 deletions to 1 objects
04:57:53.627 [main] DEBUG o.h.e.i.AbstractFlushingEventListener - Flushed: 0 (re)creations, 0 updates, 0 removals to 0 collections
04:57:53.627 [main] DEBUG o.h.internal.util.EntityPrinter - Listing entities:
04:57:53.627 [main] DEBUG o.h.internal.util.EntityPrinter - edu.ncsu.csc.itrust2.models.persistent.LogEntry{secondaryUser=hcp, logCode=20, primaryUser=patient, id=22, time=java.util.GregorianCalendar[time=1521521873624,areFieldsSet=true,areAllFieldsSet=true,lenient=true,zone=sun.util.calendar.ZoneInfo[id=&quot;Etc/UTC&quot;,offset=0,dstSavings=0,useDaylight=false,transitions=0,lastRule=null],firstDayOfWeek=1,minimalDaysInFirstWeek=1,ERA=1,YEAR=2018,MONTH=2,WEEK_OF_YEAR=12,WEEK_OF_MONTH=4,DAY_OF_MONTH=20,DAY_OF_YEAR=79,DAY_OF_WEEK=3,DAY_OF_WEEK_IN_MONTH=3,AM_PM=0,HOUR=4,HOUR_OF_DAY=4,MINUTE=57,SECOND=53,MILLISECOND=624,ZONE_OFFSET=0,DST_OFFSET=0], message=null}
04:57:53.628 [main] DEBUG org.hibernate.SQL - insert into LogEntries (logCode, message, primaryUser, secondaryUser, time, id) values (?, ?, ?, ?, ?, ?)
Hibernate: insert into LogEntries (logCode, message, primaryUser, secondaryUser, time, id) values (?, ?, ?, ?, ?, ?)
04:57:53.629 [main] DEBUG o.h.e.j.internal.JdbcCoordinatorImpl - HHH000420: Closing un-released batch
04:57:53.631 [main] DEBUG o.s.w.s.m.m.a.HttpEntityMethodProcessor - Written [edu.ncsu.csc.itrust2.models.persistent.AppointmentRequest@2c52a78d] as &quot;application/json&quot; using [org.springframework.http.converter.json.GsonHttpMessageConverter@75a87b8c]
04:57:53.631 [main] DEBUG o.s.t.w.s.TestDispatcherServlet - Null ModelAndView returned to DispatcherServlet with name &apos;&apos;: assuming HandlerAdapter completed request handling
04:57:53.631 [main] DEBUG o.s.t.w.s.TestDispatcherServlet - Successfully completed request
04:57:53.631 [main] DEBUG o.s.t.w.s.TestDispatcherServlet - DispatcherServlet with name &apos;&apos; processing DELETE request for [/api/v1/officevisits]
04:57:53.632 [main] DEBUG o.s.w.s.m.m.a.RequestMappingHandlerMapping - Looking up handler method for path /api/v1/officevisits
04:57:53.632 [main] DEBUG o.s.w.s.m.m.a.RequestMappingHandlerMapping - Returning handler method [public void edu.ncsu.csc.itrust2.controllers.api.APIOfficeVisitController.deleteOfficeVisits()]
04:57:53.632 [main] DEBUG o.s.b.f.s.DefaultListableBeanFactory - Returning cached instance of singleton bean &apos;APIOfficeVisitController&apos;
04:57:53.633 [main] DEBUG o.h.e.t.internal.TransactionImpl - begin
04:57:53.633 [main] DEBUG org.hibernate.SQL - select next_val as id_val from hibernate_sequence for update
Hibernate: select next_val as id_val from hibernate_sequence for update
04:57:53.634 [main] DEBUG org.hibernate.SQL - update hibernate_sequence set next_val= ? where next_val=?
Hibernate: update hibernate_sequence set next_val= ? where next_val=?
04:57:53.635 [main] DEBUG o.h.e.i.AbstractSaveEventListener - Generated identifier: 23, using strategy: org.hibernate.id.enhanced.SequenceStyleGenerator
04:57:53.636 [main] DEBUG o.h.e.t.internal.TransactionImpl - committing
04:57:53.636 [main] DEBUG o.h.e.i.AbstractFlushingEventListener - Processing flush-time cascades
04:57:53.636 [main] DEBUG o.h.e.i.AbstractFlushingEventListener - Dirty checking collections
04:57:53.636 [main] DEBUG o.h.e.i.AbstractFlushingEventListener - Flushed: 1 insertions, 0 updates, 0 deletions to 1 objects
04:57:53.636 [main] DEBUG o.h.e.i.AbstractFlushingEventListener - Flushed: 0 (re)creations, 0 updates, 0 removals to 0 collections
04:57:53.637 [main] DEBUG o.h.internal.util.EntityPrinter - Listing entities:
04:57:53.637 [main] DEBUG o.h.internal.util.EntityPrinter - edu.ncsu.csc.itrust2.models.persistent.LogEntry{secondaryUser=null, logCode=30, primaryUser=SPRING_API_TEST_USER, id=23, time=java.util.GregorianCalendar[time=1521521873632,areFieldsSet=true,areAllFieldsSet=true,lenient=true,zone=sun.util.calendar.ZoneInfo[id=&quot;Etc/UTC&quot;,offset=0,dstSavings=0,useDaylight=false,transitions=0,lastRule=null],firstDayOfWeek=1,minimalDaysInFirstWeek=1,ERA=1,YEAR=2018,MONTH=2,WEEK_OF_YEAR=12,WEEK_OF_MONTH=4,DAY_OF_MONTH=20,DAY_OF_YEAR=79,DAY_OF_WEEK=3,DAY_OF_WEEK_IN_MONTH=3,AM_PM=0,HOUR=4,HOUR_OF_DAY=4,MINUTE=57,SECOND=53,MILLISECOND=632,ZONE_OFFSET=0,DST_OFFSET=0], message=null}
04:57:53.638 [main] DEBUG org.hibernate.SQL - insert into LogEntries (logCode, message, primaryUser, secondaryUser, time, id) values (?, ?, ?, ?, ?, ?)
Hibernate: insert into LogEntries (logCode, message, primaryUser, secondaryUser, time, id) values (?, ?, ?, ?, ?, ?)
04:57:53.640 [main] DEBUG o.h.e.j.internal.JdbcCoordinatorImpl - HHH000420: Closing un-released batch
04:57:53.640 [main] DEBUG o.h.e.t.internal.TransactionImpl - begin
04:57:53.642 [main] DEBUG org.hibernate.SQL - select this_.id as id1_2_8_, this_.code_id as code_id3_2_8_, this_.note as note2_2_8_, this_.visit_id as visit_id4_2_8_, icdcode2_.id as id1_5_0_, icdcode2_.code as code2_5_0_, icdcode2_.description as descript3_5_0_, officevisi3_.id as id1_10_1_, officevisi3_.appointment_id as appointm5_10_1_, officevisi3_.basichealthmetrics_id as basichea6_10_1_, officevisi3_.date as date2_10_1_, officevisi3_.hcp_id as hcp_id7_10_1_, officevisi3_.hospital_id as hospital8_10_1_, officevisi3_.notes as notes3_10_1_, officevisi3_.patient_id as patient_9_10_1_, officevisi3_.type as type4_10_1_, appointmen4_.id as id1_0_2_, appointmen4_.comments as comments2_0_2_, appointmen4_.date as date3_0_2_, appointmen4_.hcp_id as hcp_id6_0_2_, appointmen4_.patient_id as patient_7_0_2_, appointmen4_.status as status4_0_2_, appointmen4_.type as type5_0_2_, basichealt5_.id as id1_1_3_, basichealt5_.diastolic as diastoli2_1_3_, basichealt5_.hcp_id as hcp_id12_1_3_, basichealt5_.hdl as hdl3_1_3_, basichealt5_.headCircumference as headCirc4_1_3_, basichealt5_.height as height5_1_3_, basichealt5_.houseSmokingStatus as houseSmo6_1_3_, basichealt5_.ldl as ldl7_1_3_, basichealt5_.patient_id as patient13_1_3_, basichealt5_.patientSmokingStatus as patientS8_1_3_, basichealt5_.systolic as systolic9_1_3_, basichealt5_.tri as tri10_1_3_, basichealt5_.weight as weight11_1_3_, user6_.username as username1_15_4_, user6_.enabled as enabled2_15_4_, user6_.password as password3_15_4_, user6_.role as role4_15_4_, hospital7_.name as name1_4_5_, hospital7_.address as address2_4_5_, hospital7_.state as state3_4_5_, hospital7_.zip as zip4_4_5_, user8_.username as username1_15_6_, user8_.enabled as enabled2_15_6_, user8_.password as password3_15_6_, user8_.role as role4_15_6_, prescripti9_.prescriptions_id as prescrip8_14_10_, prescripti9_.id as id1_14_10_, prescripti9_.id as id1_14_7_, prescripti9_.dosage as dosage2_14_7_, prescripti9_.drug_id as drug_id6_14_7_, prescripti9_.endDate as endDate3_14_7_, prescripti9_.patient_id as patient_7_14_7_, prescripti9_.renewals as renewals4_14_7_, prescripti9_.startDate as startDat5_14_7_ from Diagnoses this_ inner join ICDCodes icdcode2_ on this_.code_id=icdcode2_.id inner join OfficeVisits officevisi3_ on this_.visit_id=officevisi3_.id left outer join AppointmentRequests appointmen4_ on officevisi3_.appointment_id=appointmen4_.id left outer join BasicHealthMetrics basichealt5_ on officevisi3_.basichealthmetrics_id=basichealt5_.id left outer join Users user6_ on officevisi3_.hcp_id=user6_.username left outer join Hospitals hospital7_ on officevisi3_.hospital_id=hospital7_.name left outer join Users user8_ on officevisi3_.patient_id=user8_.username left outer join Prescriptions prescripti9_ on officevisi3_.id=prescripti9_.prescriptions_id
Hibernate: select this_.id as id1_2_8_, this_.code_id as code_id3_2_8_, this_.note as note2_2_8_, this_.visit_id as visit_id4_2_8_, icdcode2_.id as id1_5_0_, icdcode2_.code as code2_5_0_, icdcode2_.description as descript3_5_0_, officevisi3_.id as id1_10_1_, officevisi3_.appointment_id as appointm5_10_1_, officevisi3_.basichealthmetrics_id as basichea6_10_1_, officevisi3_.date as date2_10_1_, officevisi3_.hcp_id as hcp_id7_10_1_, officevisi3_.hospital_id as hospital8_10_1_, officevisi3_.notes as notes3_10_1_, officevisi3_.patient_id as patient_9_10_1_, officevisi3_.type as type4_10_1_, appointmen4_.id as id1_0_2_, appointmen4_.comments as comments2_0_2_, appointmen4_.date as date3_0_2_, appointmen4_.hcp_id as hcp_id6_0_2_, appointmen4_.patient_id as patient_7_0_2_, appointmen4_.status as status4_0_2_, appointmen4_.type as type5_0_2_, basichealt5_.id as id1_1_3_, basichealt5_.diastolic as diastoli2_1_3_, basichealt5_.hcp_id as hcp_id12_1_3_, basichealt5_.hdl as hdl3_1_3_, basichealt5_.headCircumference as headCirc4_1_3_, basichealt5_.height as height5_1_3_, basichealt5_.houseSmokingStatus as houseSmo6_1_3_, basichealt5_.ldl as ldl7_1_3_, basichealt5_.patient_id as patient13_1_3_, basichealt5_.patientSmokingStatus as patientS8_1_3_, basichealt5_.systolic as systolic9_1_3_, basichealt5_.tri as tri10_1_3_, basichealt5_.weight as weight11_1_3_, user6_.username as username1_15_4_, user6_.enabled as enabled2_15_4_, user6_.password as password3_15_4_, user6_.role as role4_15_4_, hospital7_.name as name1_4_5_, hospital7_.address as address2_4_5_, hospital7_.state as state3_4_5_, hospital7_.zip as zip4_4_5_, user8_.username as username1_15_6_, user8_.enabled as enabled2_15_6_, user8_.password as password3_15_6_, user8_.role as role4_15_6_, prescripti9_.prescriptions_id as prescrip8_14_10_, prescripti9_.id as id1_14_10_, prescripti9_.id as id1_14_7_, prescripti9_.dosage as dosage2_14_7_, prescripti9_.drug_id as drug_id6_14_7_, prescripti9_.endDate as endDate3_14_7_, prescripti9_.patient_id as patient_7_14_7_, prescripti9_.renewals as renewals4_14_7_, prescripti9_.startDate as startDat5_14_7_ from Diagnoses this_ inner join ICDCodes icdcode2_ on this_.code_id=icdcode2_.id inner join OfficeVisits officevisi3_ on this_.visit_id=officevisi3_.id left outer join AppointmentRequests appointmen4_ on officevisi3_.appointment_id=appointmen4_.id left outer join BasicHealthMetrics basichealt5_ on officevisi3_.basichealthmetrics_id=basichealt5_.id left outer join Users user6_ on officevisi3_.hcp_id=user6_.username left outer join Hospitals hospital7_ on officevisi3_.hospital_id=hospital7_.name left outer join Users user8_ on officevisi3_.patient_id=user8_.username left outer join Prescriptions prescripti9_ on officevisi3_.id=prescripti9_.prescriptions_id
04:57:53.643 [main] DEBUG o.h.e.l.i.CollectionLoadContext - No collections were found in result set for role: edu.ncsu.csc.itrust2.models.persistent.OfficeVisit.prescriptions
04:57:53.643 [main] DEBUG o.h.e.t.internal.TransactionImpl - committing
04:57:53.644 [main] DEBUG o.h.e.t.internal.TransactionImpl - begin
04:57:53.646 [main] DEBUG org.hibernate.SQL - select this_.id as id1_10_12_, this_.appointment_id as appointm5_10_12_, this_.basichealthmetrics_id as basichea6_10_12_, this_.date as date2_10_12_, this_.hcp_id as hcp_id7_10_12_, this_.hospital_id as hospital8_10_12_, this_.notes as notes3_10_12_, this_.patient_id as patient_9_10_12_, this_.type as type4_10_12_, appointmen2_.id as id1_0_0_, appointmen2_.comments as comments2_0_0_, appointmen2_.date as date3_0_0_, appointmen2_.hcp_id as hcp_id6_0_0_, appointmen2_.patient_id as patient_7_0_0_, appointmen2_.status as status4_0_0_, appointmen2_.type as type5_0_0_, user3_.username as username1_15_1_, user3_.enabled as enabled2_15_1_, user3_.password as password3_15_1_, user3_.role as role4_15_1_, user4_.username as username1_15_2_, user4_.enabled as enabled2_15_2_, user4_.password as password3_15_2_, user4_.role as role4_15_2_, basichealt5_.id as id1_1_3_, basichealt5_.diastolic as diastoli2_1_3_, basichealt5_.hcp_id as hcp_id12_1_3_, basichealt5_.hdl as hdl3_1_3_, basichealt5_.headCircumference as headCirc4_1_3_, basichealt5_.height as height5_1_3_, basichealt5_.houseSmokingStatus as houseSmo6_1_3_, basichealt5_.ldl as ldl7_1_3_, basichealt5_.patient_id as patient13_1_3_, basichealt5_.patientSmokingStatus as patientS8_1_3_, basichealt5_.systolic as systolic9_1_3_, basichealt5_.tri as tri10_1_3_, basichealt5_.weight as weight11_1_3_, user6_.username as username1_15_4_, user6_.enabled as enabled2_15_4_, user6_.password as password3_15_4_, user6_.role as role4_15_4_, user7_.username as username1_15_5_, user7_.enabled as enabled2_15_5_, user7_.password as password3_15_5_, user7_.role as role4_15_5_, user8_.username as username1_15_6_, user8_.enabled as enabled2_15_6_, user8_.password as password3_15_6_, user8_.role as role4_15_6_, hospital9_.name as name1_4_7_, hospital9_.address as address2_4_7_, hospital9_.state as state3_4_7_, hospital9_.zip as zip4_4_7_, user10_.username as username1_15_8_, user10_.enabled as enabled2_15_8_, user10_.password as password3_15_8_, user10_.role as role4_15_8_, prescripti11_.prescriptions_id as prescrip8_14_14_, prescripti11_.id as id1_14_14_, prescripti11_.id as id1_14_9_, prescripti11_.dosage as dosage2_14_9_, prescripti11_.drug_id as drug_id6_14_9_, prescripti11_.endDate as endDate3_14_9_, prescripti11_.patient_id as patient_7_14_9_, prescripti11_.renewals as renewals4_14_9_, prescripti11_.startDate as startDat5_14_9_, drug12_.id as id1_3_10_, drug12_.code as code2_3_10_, drug12_.description as descript3_3_10_, drug12_.name as name4_3_10_, user13_.username as username1_15_11_, user13_.enabled as enabled2_15_11_, user13_.password as password3_15_11_, user13_.role as role4_15_11_ from OfficeVisits this_ left outer join AppointmentRequests appointmen2_ on this_.appointment_id=appointmen2_.id left outer join Users user3_ on appointmen2_.hcp_id=user3_.username left outer join Users user4_ on appointmen2_.patient_id=user4_.username left outer join BasicHealthMetrics basichealt5_ on this_.basichealthmetrics_id=basichealt5_.id left outer join Users user6_ on basichealt5_.hcp_id=user6_.username left outer join Users user7_ on basichealt5_.patient_id=user7_.username inner join Users user8_ on this_.hcp_id=user8_.username inner join Hospitals hospital9_ on this_.hospital_id=hospital9_.name inner join Users user10_ on this_.patient_id=user10_.username left outer join Prescriptions prescripti11_ on this_.id=prescripti11_.prescriptions_id left outer join Drugs drug12_ on prescripti11_.drug_id=drug12_.id left outer join Users user13_ on prescripti11_.patient_id=user13_.username
Hibernate: select this_.id as id1_10_12_, this_.appointment_id as appointm5_10_12_, this_.basichealthmetrics_id as basichea6_10_12_, this_.date as date2_10_12_, this_.hcp_id as hcp_id7_10_12_, this_.hospital_id as hospital8_10_12_, this_.notes as notes3_10_12_, this_.patient_id as patient_9_10_12_, this_.type as type4_10_12_, appointmen2_.id as id1_0_0_, appointmen2_.comments as comments2_0_0_, appointmen2_.date as date3_0_0_, appointmen2_.hcp_id as hcp_id6_0_0_, appointmen2_.patient_id as patient_7_0_0_, appointmen2_.status as status4_0_0_, appointmen2_.type as type5_0_0_, user3_.username as username1_15_1_, user3_.enabled as enabled2_15_1_, user3_.password as password3_15_1_, user3_.role as role4_15_1_, user4_.username as username1_15_2_, user4_.enabled as enabled2_15_2_, user4_.password as password3_15_2_, user4_.role as role4_15_2_, basichealt5_.id as id1_1_3_, basichealt5_.diastolic as diastoli2_1_3_, basichealt5_.hcp_id as hcp_id12_1_3_, basichealt5_.hdl as hdl3_1_3_, basichealt5_.headCircumference as headCirc4_1_3_, basichealt5_.height as height5_1_3_, basichealt5_.houseSmokingStatus as houseSmo6_1_3_, basichealt5_.ldl as ldl7_1_3_, basichealt5_.patient_id as patient13_1_3_, basichealt5_.patientSmokingStatus as patientS8_1_3_, basichealt5_.systolic as systolic9_1_3_, basichealt5_.tri as tri10_1_3_, basichealt5_.weight as weight11_1_3_, user6_.username as username1_15_4_, user6_.enabled as enabled2_15_4_, user6_.password as password3_15_4_, user6_.role as role4_15_4_, user7_.username as username1_15_5_, user7_.enabled as enabled2_15_5_, user7_.password as password3_15_5_, user7_.role as role4_15_5_, user8_.username as username1_15_6_, user8_.enabled as enabled2_15_6_, user8_.password as password3_15_6_, user8_.role as role4_15_6_, hospital9_.name as name1_4_7_, hospital9_.address as address2_4_7_, hospital9_.state as state3_4_7_, hospital9_.zip as zip4_4_7_, user10_.username as username1_15_8_, user10_.enabled as enabled2_15_8_, user10_.password as password3_15_8_, user10_.role as role4_15_8_, prescripti11_.prescriptions_id as prescrip8_14_14_, prescripti11_.id as id1_14_14_, prescripti11_.id as id1_14_9_, prescripti11_.dosage as dosage2_14_9_, prescripti11_.drug_id as drug_id6_14_9_, prescripti11_.endDate as endDate3_14_9_, prescripti11_.patient_id as patient_7_14_9_, prescripti11_.renewals as renewals4_14_9_, prescripti11_.startDate as startDat5_14_9_, drug12_.id as id1_3_10_, drug12_.code as code2_3_10_, drug12_.description as descript3_3_10_, drug12_.name as name4_3_10_, user13_.username as username1_15_11_, user13_.enabled as enabled2_15_11_, user13_.password as password3_15_11_, user13_.role as role4_15_11_ from OfficeVisits this_ left outer join AppointmentRequests appointmen2_ on this_.appointment_id=appointmen2_.id left outer join Users user3_ on appointmen2_.hcp_id=user3_.username left outer join Users user4_ on appointmen2_.patient_id=user4_.username left outer join BasicHealthMetrics basichealt5_ on this_.basichealthmetrics_id=basichealt5_.id left outer join Users user6_ on basichealt5_.hcp_id=user6_.username left outer join Users user7_ on basichealt5_.patient_id=user7_.username inner join Users user8_ on this_.hcp_id=user8_.username inner join Hospitals hospital9_ on this_.hospital_id=hospital9_.name inner join Users user10_ on this_.patient_id=user10_.username left outer join Prescriptions prescripti11_ on this_.id=prescripti11_.prescriptions_id left outer join Drugs drug12_ on prescripti11_.drug_id=drug12_.id left outer join Users user13_ on prescripti11_.patient_id=user13_.username
04:57:53.648 [main] DEBUG o.h.e.l.i.CollectionLoadContext - No collections were found in result set for role: edu.ncsu.csc.itrust2.models.persistent.OfficeVisit.prescriptions
04:57:53.648 [main] DEBUG o.h.e.t.internal.TransactionImpl - committing
04:57:53.649 [main] DEBUG o.s.t.w.s.TestDispatcherServlet - Null ModelAndView returned to DispatcherServlet with name &apos;&apos;: assuming HandlerAdapter completed request handling
04:57:53.649 [main] DEBUG o.s.t.w.s.TestDispatcherServlet - Successfully completed request
04:57:53.650 [main] DEBUG o.s.t.w.s.TestDispatcherServlet - DispatcherServlet with name &apos;&apos; processing POST request for [/api/v1/officevisits]
04:57:53.651 [main] DEBUG o.s.w.s.m.m.a.RequestMappingHandlerMapping - Looking up handler method for path /api/v1/officevisits
04:57:53.652 [main] DEBUG o.s.w.s.m.m.a.RequestMappingHandlerMapping - Returning handler method [public org.springframework.http.ResponseEntity edu.ncsu.csc.itrust2.controllers.api.APIOfficeVisitController.createOfficeVisit(edu.ncsu.csc.itrust2.forms.hcp.OfficeVisitForm)]
04:57:53.652 [main] DEBUG o.s.b.f.s.DefaultListableBeanFactory - Returning cached instance of singleton bean &apos;APIOfficeVisitController&apos;
04:57:53.652 [main] DEBUG o.s.w.s.m.m.a.RequestResponseBodyMethodProcessor - Read [class edu.ncsu.csc.itrust2.forms.hcp.OfficeVisitForm] as &quot;application/json&quot; with [org.springframework.http.converter.json.GsonHttpMessageConverter@75a87b8c]
04:57:53.653 [main] DEBUG o.h.e.t.internal.TransactionImpl - begin
04:57:53.654 [main] DEBUG org.hibernate.SQL - select this_.username as username1_15_0_, this_.enabled as enabled2_15_0_, this_.password as password3_15_0_, this_.role as role4_15_0_ from Users this_ where this_.username=? and this_.role=?
Hibernate: select this_.username as username1_15_0_, this_.enabled as enabled2_15_0_, this_.password as password3_15_0_, this_.role as role4_15_0_ from Users this_ where this_.username=? and this_.role=?
04:57:53.655 [main] DEBUG org.hibernate.loader.Loader - Result set row: 0
04:57:53.655 [main] DEBUG org.hibernate.loader.Loader - Result row: EntityKey[edu.ncsu.csc.itrust2.models.persistent.User#patient]
04:57:53.655 [main] DEBUG o.h.engine.internal.TwoPhaseLoad - Resolving associations for [edu.ncsu.csc.itrust2.models.persistent.User#patient]
04:57:53.655 [main] DEBUG o.h.engine.internal.TwoPhaseLoad - Done materializing entity [edu.ncsu.csc.itrust2.models.persistent.User#patient]
04:57:53.655 [main] DEBUG o.h.e.t.internal.TransactionImpl - committing
04:57:53.656 [main] DEBUG o.h.e.i.AbstractFlushingEventListener - Processing flush-time cascades
04:57:53.656 [main] DEBUG o.h.e.i.AbstractFlushingEventListener - Dirty checking collections
04:57:53.656 [main] DEBUG o.h.e.i.AbstractFlushingEventListener - Flushed: 0 insertions, 0 updates, 0 deletions to 1 objects
04:57:53.656 [main] DEBUG o.h.e.i.AbstractFlushingEventListener - Flushed: 0 (re)creations, 0 updates, 0 removals to 0 collections
04:57:53.656 [main] DEBUG o.h.internal.util.EntityPrinter - Listing entities:
04:57:53.656 [main] DEBUG o.h.internal.util.EntityPrinter - edu.ncsu.csc.itrust2.models.persistent.User{password=$2a$10$EblZqNptyYvcLm/VwDCVAuBjzZOI7khzdyGPBr08PpIi0na624b8., role=ROLE_PATIENT, enabled=1, username=patient}
04:57:53.657 [main] DEBUG o.h.e.t.internal.TransactionImpl - begin
04:57:53.658 [main] DEBUG org.hibernate.SQL - select this_.username as username1_15_0_, this_.enabled as enabled2_15_0_, this_.password as password3_15_0_, this_.role as role4_15_0_ from Users this_ where this_.username=? and this_.role=?
Hibernate: select this_.username as username1_15_0_, this_.enabled as enabled2_15_0_, this_.password as password3_15_0_, this_.role as role4_15_0_ from Users this_ where this_.username=? and this_.role=?
04:57:53.659 [main] DEBUG org.hibernate.loader.Loader - Result set row: 0
04:57:53.660 [main] DEBUG org.hibernate.loader.Loader - Result row: EntityKey[edu.ncsu.csc.itrust2.models.persistent.User#hcp]
04:57:53.660 [main] DEBUG o.h.engine.internal.TwoPhaseLoad - Resolving associations for [edu.ncsu.csc.itrust2.models.persistent.User#hcp]
04:57:53.660 [main] DEBUG o.h.engine.internal.TwoPhaseLoad - Done materializing entity [edu.ncsu.csc.itrust2.models.persistent.User#hcp]
04:57:53.660 [main] DEBUG o.h.e.t.internal.TransactionImpl - committing
04:57:53.660 [main] DEBUG o.h.e.i.AbstractFlushingEventListener - Processing flush-time cascades
04:57:53.661 [main] DEBUG o.h.e.i.AbstractFlushingEventListener - Dirty checking collections
04:57:53.661 [main] DEBUG o.h.e.i.AbstractFlushingEventListener - Flushed: 0 insertions, 0 updates, 0 deletions to 1 objects
04:57:53.661 [main] DEBUG o.h.e.i.AbstractFlushingEventListener - Flushed: 0 (re)creations, 0 updates, 0 removals to 0 collections
04:57:53.661 [main] DEBUG o.h.internal.util.EntityPrinter - Listing entities:
04:57:53.661 [main] DEBUG o.h.internal.util.EntityPrinter - edu.ncsu.csc.itrust2.models.persistent.User{password=$2a$10$EblZqNptyYvcLm/VwDCVAuBjzZOI7khzdyGPBr08PpIi0na624b8., role=ROLE_HCP, enabled=1, username=hcp}
04:57:53.662 [main] DEBUG o.h.e.t.internal.TransactionImpl - begin
04:57:53.663 [main] DEBUG org.hibernate.SQL - select this_.username as username1_15_0_, this_.enabled as enabled2_15_0_, this_.password as password3_15_0_, this_.role as role4_15_0_ from Users this_ where this_.username=? and this_.role=?
Hibernate: select this_.username as username1_15_0_, this_.enabled as enabled2_15_0_, this_.password as password3_15_0_, this_.role as role4_15_0_ from Users this_ where this_.username=? and this_.role=?
04:57:53.664 [main] DEBUG org.hibernate.loader.Loader - Result set row: 0
04:57:53.664 [main] DEBUG org.hibernate.loader.Loader - Result row: EntityKey[edu.ncsu.csc.itrust2.models.persistent.User#hcp]
04:57:53.664 [main] DEBUG o.h.engine.internal.TwoPhaseLoad - Resolving associations for [edu.ncsu.csc.itrust2.models.persistent.User#hcp]
04:57:53.665 [main] DEBUG o.h.engine.internal.TwoPhaseLoad - Done materializing entity [edu.ncsu.csc.itrust2.models.persistent.User#hcp]
04:57:53.665 [main] DEBUG o.h.e.t.internal.TransactionImpl - committing
04:57:53.665 [main] DEBUG o.h.e.i.AbstractFlushingEventListener - Processing flush-time cascades
04:57:53.665 [main] DEBUG o.h.e.i.AbstractFlushingEventListener - Dirty checking collections
04:57:53.665 [main] DEBUG o.h.e.i.AbstractFlushingEventListener - Flushed: 0 insertions, 0 updates, 0 deletions to 1 objects
04:57:53.665 [main] DEBUG o.h.e.i.AbstractFlushingEventListener - Flushed: 0 (re)creations, 0 updates, 0 removals to 0 collections
04:57:53.665 [main] DEBUG o.h.internal.util.EntityPrinter - Listing entities:
04:57:53.665 [main] DEBUG o.h.internal.util.EntityPrinter - edu.ncsu.csc.itrust2.models.persistent.User{password=$2a$10$EblZqNptyYvcLm/VwDCVAuBjzZOI7khzdyGPBr08PpIi0na624b8., role=ROLE_HCP, enabled=1, username=hcp}
04:57:53.666 [main] DEBUG o.h.e.t.internal.TransactionImpl - begin
04:57:53.667 [main] DEBUG org.hibernate.SQL - select this_.username as username1_15_0_, this_.enabled as enabled2_15_0_, this_.password as password3_15_0_, this_.role as role4_15_0_ from Users this_ where this_.username=? and this_.role=?
Hibernate: select this_.username as username1_15_0_, this_.enabled as enabled2_15_0_, this_.password as password3_15_0_, this_.role as role4_15_0_ from Users this_ where this_.username=? and this_.role=?
04:57:53.668 [main] DEBUG org.hibernate.loader.Loader - Result set row: 0
04:57:53.669 [main] DEBUG org.hibernate.loader.Loader - Result row: EntityKey[edu.ncsu.csc.itrust2.models.persistent.User#patient]
04:57:53.670 [main] DEBUG o.h.engine.internal.TwoPhaseLoad - Resolving associations for [edu.ncsu.csc.itrust2.models.persistent.User#patient]
04:57:53.671 [main] DEBUG o.h.engine.internal.TwoPhaseLoad - Done materializing entity [edu.ncsu.csc.itrust2.models.persistent.User#patient]
04:57:53.671 [main] DEBUG o.h.e.t.internal.TransactionImpl - committing
04:57:53.671 [main] DEBUG o.h.e.i.AbstractFlushingEventListener - Processing flush-time cascades
04:57:53.671 [main] DEBUG o.h.e.i.AbstractFlushingEventListener - Dirty checking collections
04:57:53.671 [main] DEBUG o.h.e.i.AbstractFlushingEventListener - Flushed: 0 insertions, 0 updates, 0 deletions to 1 objects
04:57:53.671 [main] DEBUG o.h.e.i.AbstractFlushingEventListener - Flushed: 0 (re)creations, 0 updates, 0 removals to 0 collections
04:57:53.672 [main] DEBUG o.h.internal.util.EntityPrinter - Listing entities:
04:57:53.672 [main] DEBUG o.h.internal.util.EntityPrinter - edu.ncsu.csc.itrust2.models.persistent.User{password=$2a$10$EblZqNptyYvcLm/VwDCVAuBjzZOI7khzdyGPBr08PpIi0na624b8., role=ROLE_PATIENT, enabled=1, username=patient}
04:57:53.673 [main] DEBUG o.h.e.t.internal.TransactionImpl - begin
04:57:53.674 [main] DEBUG org.hibernate.SQL - select this_.id as id1_0_2_, this_.comments as comments2_0_2_, this_.date as date3_0_2_, this_.hcp_id as hcp_id6_0_2_, this_.patient_id as patient_7_0_2_, this_.status as status4_0_2_, this_.type as type5_0_2_, user2_.username as username1_15_0_, user2_.enabled as enabled2_15_0_, user2_.password as password3_15_0_, user2_.role as role4_15_0_, user3_.username as username1_15_1_, user3_.enabled as enabled2_15_1_, user3_.password as password3_15_1_, user3_.role as role4_15_1_ from AppointmentRequests this_ inner join Users user2_ on this_.hcp_id=user2_.username inner join Users user3_ on this_.patient_id=user3_.username where this_.hcp_id=? and this_.patient_id=?
Hibernate: select this_.id as id1_0_2_, this_.comments as comments2_0_2_, this_.date as date3_0_2_, this_.hcp_id as hcp_id6_0_2_, this_.patient_id as patient_7_0_2_, this_.status as status4_0_2_, this_.type as type5_0_2_, user2_.username as username1_15_0_, user2_.enabled as enabled2_15_0_, user2_.password as password3_15_0_, user2_.role as role4_15_0_, user3_.username as username1_15_1_, user3_.enabled as enabled2_15_1_, user3_.password as password3_15_1_, user3_.role as role4_15_1_ from AppointmentRequests this_ inner join Users user2_ on this_.hcp_id=user2_.username inner join Users user3_ on this_.patient_id=user3_.username where this_.hcp_id=? and this_.patient_id=?
04:57:53.675 [main] DEBUG org.hibernate.loader.Loader - Result set row: 0
04:57:53.675 [main] DEBUG org.hibernate.loader.Loader - Result row: EntityKey[edu.ncsu.csc.itrust2.models.persistent.User#hcp], EntityKey[edu.ncsu.csc.itrust2.models.persistent.User#patient], EntityKey[edu.ncsu.csc.itrust2.models.persistent.AppointmentRequest#21]
04:57:53.676 [main] DEBUG o.h.engine.internal.TwoPhaseLoad - Resolving associations for [edu.ncsu.csc.itrust2.models.persistent.User#hcp]
04:57:53.676 [main] DEBUG o.h.engine.internal.TwoPhaseLoad - Done materializing entity [edu.ncsu.csc.itrust2.models.persistent.User#hcp]
04:57:53.676 [main] DEBUG o.h.engine.internal.TwoPhaseLoad - Resolving associations for [edu.ncsu.csc.itrust2.models.persistent.User#patient]
04:57:53.676 [main] DEBUG o.h.engine.internal.TwoPhaseLoad - Done materializing entity [edu.ncsu.csc.itrust2.models.persistent.User#patient]
04:57:53.677 [main] DEBUG o.h.engine.internal.TwoPhaseLoad - Resolving associations for [edu.ncsu.csc.itrust2.models.persistent.AppointmentRequest#21]
04:57:53.677 [main] DEBUG o.h.engine.internal.TwoPhaseLoad - Done materializing entity [edu.ncsu.csc.itrust2.models.persistent.AppointmentRequest#21]
04:57:53.677 [main] DEBUG o.h.e.t.internal.TransactionImpl - committing
04:57:53.677 [main] DEBUG o.h.e.i.AbstractFlushingEventListener - Processing flush-time cascades
04:57:53.677 [main] DEBUG o.h.e.i.AbstractFlushingEventListener - Dirty checking collections
04:57:53.678 [main] DEBUG o.h.e.i.AbstractFlushingEventListener - Flushed: 0 insertions, 0 updates, 0 deletions to 3 objects
04:57:53.678 [main] DEBUG o.h.e.i.AbstractFlushingEventListener - Flushed: 0 (re)creations, 0 updates, 0 removals to 0 collections
04:57:53.678 [main] DEBUG o.h.internal.util.EntityPrinter - Listing entities:
04:57:53.678 [main] DEBUG o.h.internal.util.EntityPrinter - edu.ncsu.csc.itrust2.models.persistent.User{password=$2a$10$EblZqNptyYvcLm/VwDCVAuBjzZOI7khzdyGPBr08PpIi0na624b8., role=ROLE_PATIENT, enabled=1, username=patient}
04:57:53.678 [main] DEBUG o.h.internal.util.EntityPrinter - edu.ncsu.csc.itrust2.models.persistent.AppointmentRequest{date=java.util.GregorianCalendar[time=1921294200000,areFieldsSet=true,areAllFieldsSet=true,lenient=true,zone=sun.util.calendar.ZoneInfo[id=&quot;Etc/UTC&quot;,offset=0,dstSavings=0,useDaylight=false,transitions=0,lastRule=null],firstDayOfWeek=1,minimalDaysInFirstWeek=1,ERA=1,YEAR=2030,MONTH=10,WEEK_OF_YEAR=47,WEEK_OF_MONTH=4,DAY_OF_MONTH=19,DAY_OF_YEAR=323,DAY_OF_WEEK=3,DAY_OF_WEEK_IN_MONTH=3,AM_PM=0,HOUR=4,HOUR_OF_DAY=4,MINUTE=50,SECOND=0,MILLISECOND=0,ZONE_OFFSET=0,DST_OFFSET=0], comments=Test appointment please ignore, hcp=edu.ncsu.csc.itrust2.models.persistent.User#hcp, patient=edu.ncsu.csc.itrust2.models.persistent.User#patient, id=21, type=GENERAL_CHECKUP, status=APPROVED}
04:57:53.678 [main] DEBUG o.h.internal.util.EntityPrinter - edu.ncsu.csc.itrust2.models.persistent.User{password=$2a$10$EblZqNptyYvcLm/VwDCVAuBjzZOI7khzdyGPBr08PpIi0na624b8., role=ROLE_HCP, enabled=1, username=hcp}
04:57:53.686 [main] DEBUG o.h.e.t.internal.TransactionImpl - begin
04:57:53.687 [main] DEBUG org.hibernate.SQL - select this_.name as name1_4_0_, this_.address as address2_4_0_, this_.state as state3_4_0_, this_.zip as zip4_4_0_ from Hospitals this_ where this_.name=?
Hibernate: select this_.name as name1_4_0_, this_.address as address2_4_0_, this_.state as state3_4_0_, this_.zip as zip4_4_0_ from Hospitals this_ where this_.name=?
04:57:53.689 [main] DEBUG org.hibernate.loader.Loader - Result set row: 0
04:57:53.689 [main] DEBUG org.hibernate.loader.Loader - Result row: EntityKey[edu.ncsu.csc.itrust2.models.persistent.Hospital#iTrust Test Hospital 2]
04:57:53.690 [main] DEBUG o.h.engine.internal.TwoPhaseLoad - Resolving associations for [edu.ncsu.csc.itrust2.models.persistent.Hospital#iTrust Test Hospital 2]
04:57:53.691 [main] DEBUG o.h.engine.internal.TwoPhaseLoad - Done materializing entity [edu.ncsu.csc.itrust2.models.persistent.Hospital#iTrust Test Hospital 2]
04:57:53.691 [main] DEBUG o.h.e.t.internal.TransactionImpl - committing
04:57:53.691 [main] DEBUG o.h.e.i.AbstractFlushingEventListener - Processing flush-time cascades
04:57:53.695 [main] DEBUG o.h.e.i.AbstractFlushingEventListener - Dirty checking collections
04:57:53.697 [main] DEBUG o.h.e.i.AbstractFlushingEventListener - Flushed: 0 insertions, 0 updates, 0 deletions to 1 objects
04:57:53.697 [main] DEBUG o.h.e.i.AbstractFlushingEventListener - Flushed: 0 (re)creations, 0 updates, 0 removals to 0 collections
04:57:53.697 [main] DEBUG o.h.internal.util.EntityPrinter - Listing entities:
04:57:53.698 [main] DEBUG o.h.internal.util.EntityPrinter - edu.ncsu.csc.itrust2.models.persistent.Hospital{zip=27607, address=1 iTrust Test Street, name=iTrust Test Hospital 2, state=NC}
04:57:53.698 [main] DEBUG o.h.e.t.internal.TransactionImpl - begin
04:57:53.700 [main] DEBUG org.hibernate.SQL - select this_.username as username1_15_0_, this_.enabled as enabled2_15_0_, this_.password as password3_15_0_, this_.role as role4_15_0_ from Users this_ where this_.username=? and this_.role=?
Hibernate: select this_.username as username1_15_0_, this_.enabled as enabled2_15_0_, this_.password as password3_15_0_, this_.role as role4_15_0_ from Users this_ where this_.username=? and this_.role=?
04:57:53.701 [main] DEBUG org.hibernate.loader.Loader - Result set row: 0
04:57:53.701 [main] DEBUG org.hibernate.loader.Loader - Result row: EntityKey[edu.ncsu.csc.itrust2.models.persistent.User#patient]
04:57:53.702 [main] DEBUG o.h.engine.internal.TwoPhaseLoad - Resolving associations for [edu.ncsu.csc.itrust2.models.persistent.User#patient]
04:57:53.703 [main] DEBUG o.h.engine.internal.TwoPhaseLoad - Done materializing entity [edu.ncsu.csc.itrust2.models.persistent.User#patient]
04:57:53.704 [main] DEBUG o.h.e.t.internal.TransactionImpl - committing
04:57:53.705 [main] DEBUG o.h.e.i.AbstractFlushingEventListener - Processing flush-time cascades
04:57:53.705 [main] DEBUG o.h.e.i.AbstractFlushingEventListener - Dirty checking collections
04:57:53.705 [main] DEBUG o.h.e.i.AbstractFlushingEventListener - Flushed: 0 insertions, 0 updates, 0 deletions to 1 objects
04:57:53.706 [main] DEBUG o.h.e.i.AbstractFlushingEventListener - Flushed: 0 (re)creations, 0 updates, 0 removals to 0 collections
04:57:53.706 [main] DEBUG o.h.internal.util.EntityPrinter - Listing entities:
04:57:53.706 [main] DEBUG o.h.internal.util.EntityPrinter - edu.ncsu.csc.itrust2.models.persistent.User{password=$2a$10$EblZqNptyYvcLm/VwDCVAuBjzZOI7khzdyGPBr08PpIi0na624b8., role=ROLE_PATIENT, enabled=1, username=patient}
04:57:53.707 [main] DEBUG o.h.e.t.internal.TransactionImpl - begin
04:57:53.709 [main] DEBUG org.hibernate.SQL - select this_.username as username1_15_0_, this_.enabled as enabled2_15_0_, this_.password as password3_15_0_, this_.role as role4_15_0_ from Users this_ where this_.username=? and this_.role=?
Hibernate: select this_.username as username1_15_0_, this_.enabled as enabled2_15_0_, this_.password as password3_15_0_, this_.role as role4_15_0_ from Users this_ where this_.username=? and this_.role=?
04:57:53.710 [main] DEBUG org.hibernate.loader.Loader - Result set row: 0
04:57:53.710 [main] DEBUG org.hibernate.loader.Loader - Result row: EntityKey[edu.ncsu.csc.itrust2.models.persistent.User#hcp]
04:57:53.710 [main] DEBUG o.h.engine.internal.TwoPhaseLoad - Resolving associations for [edu.ncsu.csc.itrust2.models.persistent.User#hcp]
04:57:53.711 [main] DEBUG o.h.engine.internal.TwoPhaseLoad - Done materializing entity [edu.ncsu.csc.itrust2.models.persistent.User#hcp]
04:57:53.711 [main] DEBUG o.h.e.t.internal.TransactionImpl - committing
04:57:53.712 [main] DEBUG o.h.e.i.AbstractFlushingEventListener - Processing flush-time cascades
04:57:53.712 [main] DEBUG o.h.e.i.AbstractFlushingEventListener - Dirty checking collections
04:57:53.712 [main] DEBUG o.h.e.i.AbstractFlushingEventListener - Flushed: 0 insertions, 0 updates, 0 deletions to 1 objects
04:57:53.712 [main] DEBUG o.h.e.i.AbstractFlushingEventListener - Flushed: 0 (re)creations, 0 updates, 0 removals to 0 collections
04:57:53.712 [main] DEBUG o.h.internal.util.EntityPrinter - Listing entities:
04:57:53.712 [main] DEBUG o.h.internal.util.EntityPrinter - edu.ncsu.csc.itrust2.models.persistent.User{password=$2a$10$EblZqNptyYvcLm/VwDCVAuBjzZOI7khzdyGPBr08PpIi0na624b8., role=ROLE_HCP, enabled=1, username=hcp}
04:57:53.725 [main] DEBUG o.s.w.s.m.m.a.HttpEntityMethodProcessor - Written [{&quot;status&quot;:&quot;failed&quot;,&quot;message&quot;:&quot;Could not validate or save the OfficeVisit provided due to null&quot;}] as &quot;text/plain&quot; using [org.springframework.http.converter.StringHttpMessageConverter@7d41615a]
04:57:53.725 [main] DEBUG o.s.t.w.s.TestDispatcherServlet - Null ModelAndView returned to DispatcherServlet with name &apos;&apos;: assuming HandlerAdapter completed request handling
04:57:53.725 [main] DEBUG o.s.t.w.s.TestDispatcherServlet - Successfully completed request
04:57:53.726 [main] DEBUG o.s.t.c.s.AbstractDirtiesContextTestExecutionListener - After test method: context [DefaultTestContext@5be749fc testClass = APIOfficeVisitTest, testInstance = edu.ncsu.csc.itrust2.apitest.APIOfficeVisitTest@2ef206bf, testMethod = testPreScheduledOfficeVisit@APIOfficeVisitTest, testException = java.lang.AssertionError: Status expected:&lt;200&gt; but was:&lt;400&gt;, mergedContextConfiguration = [WebMergedContextConfiguration@174b028a testClass = APIOfficeVisitTest, locations = &apos;{}&apos;, classes = &apos;{class edu.ncsu.csc.itrust2.config.RootConfiguration, class edu.ncsu.csc.itrust2.mvc.config.WebMvcConfiguration}&apos;, contextInitializerClasses = &apos;[]&apos;, activeProfiles = &apos;{}&apos;, propertySourceLocations = &apos;{}&apos;, propertySourceProperties = &apos;{}&apos;, contextCustomizers = set[[empty]], resourceBasePath = &apos;src/main/webapp&apos;, contextLoader = &apos;org.springframework.test.context.web.WebDelegatingSmartContextLoader&apos;, parent = [null]]], class annotated with @DirtiesContext [false] with mode [null], method annotated with @DirtiesContext [false] with mode [null].
04:57:53.726 [main] DEBUG o.s.t.c.w.ServletTestExecutionListener - Resetting RequestContextHolder for test context [DefaultTestContext@5be749fc testClass = APIOfficeVisitTest, testInstance = edu.ncsu.csc.itrust2.apitest.APIOfficeVisitTest@2ef206bf, testMethod = testPreScheduledOfficeVisit@APIOfficeVisitTest, testException = java.lang.AssertionError: Status expected:&lt;200&gt; but was:&lt;400&gt;, mergedContextConfiguration = [WebMergedContextConfiguration@174b028a testClass = APIOfficeVisitTest, locations = &apos;{}&apos;, classes = &apos;{class edu.ncsu.csc.itrust2.config.RootConfiguration, class edu.ncsu.csc.itrust2.mvc.config.WebMvcConfiguration}&apos;, contextInitializerClasses = &apos;[]&apos;, activeProfiles = &apos;{}&apos;, propertySourceLocations = &apos;{}&apos;, propertySourceProperties = &apos;{}&apos;, contextCustomizers = set[[empty]], resourceBasePath = &apos;src/main/webapp&apos;, contextLoader = &apos;org.springframework.test.context.web.WebDelegatingSmartContextLoader&apos;, parent = [null]]].
</stdout>
          <stderr>java.lang.NullPointerException
	at edu.ncsu.csc.itrust2.models.persistent.BasicHealthMetrics.setHdl(BasicHealthMetrics.java:439)
	at edu.ncsu.csc.itrust2.models.persistent.BasicHealthMetrics.&lt;init&gt;(BasicHealthMetrics.java:150)
	at edu.ncsu.csc.itrust2.models.persistent.OfficeVisit.&lt;init&gt;(OfficeVisit.java:201)
	at edu.ncsu.csc.itrust2.controllers.api.APIOfficeVisitController.createOfficeVisit(APIOfficeVisitController.java:107)
	at edu.ncsu.csc.itrust2.controllers.api.APIOfficeVisitController$$FastClassBySpringCGLIB$$3e0f2ac1.invoke(&lt;generated&gt;)
	at org.springframework.cglib.proxy.MethodProxy.invoke(MethodProxy.java:204)
	at org.springframework.aop.framework.CglibAopProxy$DynamicAdvisedInterceptor.intercept(CglibAopProxy.java:652)
	at edu.ncsu.csc.itrust2.controllers.api.APIOfficeVisitController$$EnhancerBySpringCGLIB$$e0577e35.createOfficeVisit(&lt;generated&gt;)
	at sun.reflect.NativeMethodAccessorImpl.invoke0(Native Method)
	at sun.reflect.NativeMethodAccessorImpl.invoke(NativeMethodAccessorImpl.java:62)
	at sun.reflect.DelegatingMethodAccessorImpl.invoke(DelegatingMethodAccessorImpl.java:43)
	at java.lang.reflect.Method.invoke(Method.java:498)
	at org.springframework.web.method.support.InvocableHandlerMethod.doInvoke(InvocableHandlerMethod.java:220)
	at org.springframework.web.method.support.InvocableHandlerMethod.invokeForRequest(InvocableHandlerMethod.java:134)
	at org.springframework.web.servlet.mvc.method.annotation.ServletInvocableHandlerMethod.invokeAndHandle(ServletInvocableHandlerMethod.java:116)
	at org.springframework.web.servlet.mvc.method.annotation.RequestMappingHandlerAdapter.invokeHandlerMethod(RequestMappingHandlerAdapter.java:827)
	at org.springframework.web.servlet.mvc.method.annotation.RequestMappingHandlerAdapter.handleInternal(RequestMappingHandlerAdapter.java:738)
	at org.springframework.web.servlet.mvc.method.AbstractHandlerMethodAdapter.handle(AbstractHandlerMethodAdapter.java:85)
	at org.springframework.web.servlet.DispatcherServlet.doDispatch(DispatcherServlet.java:963)
	at org.springframework.web.servlet.DispatcherServlet.doService(DispatcherServlet.java:897)
	at org.springframework.web.servlet.FrameworkServlet.processRequest(FrameworkServlet.java:970)
	at org.springframework.web.servlet.FrameworkServlet.doPost(FrameworkServlet.java:872)
	at javax.servlet.http.HttpServlet.service(HttpServlet.java:688)
	at org.springframework.web.servlet.FrameworkServlet.service(FrameworkServlet.java:846)
	at org.springframework.test.web.servlet.TestDispatcherServlet.service(TestDispatcherServlet.java:65)
	at javax.servlet.http.HttpServlet.service(HttpServlet.java:770)
	at org.springframework.mock.web.MockFilterChain$ServletFilterProxy.doFilter(MockFilterChain.java:167)
	at org.springframework.mock.web.MockFilterChain.doFilter(MockFilterChain.java:134)
	at org.springframework.test.web.servlet.MockMvc.perform(MockMvc.java:155)
	at edu.ncsu.csc.itrust2.apitest.APIOfficeVisitTest.testPreScheduledOfficeVisit(APIOfficeVisitTest.java:142)
	at sun.reflect.NativeMethodAccessorImpl.invoke0(Native Method)
	at sun.reflect.NativeMethodAccessorImpl.invoke(NativeMethodAccessorImpl.java:62)
	at sun.reflect.DelegatingMethodAccessorImpl.invoke(DelegatingMethodAccessorImpl.java:43)
	at java.lang.reflect.Method.invoke(Method.java:498)
	at org.junit.runners.model.FrameworkMethod$1.runReflectiveCall(FrameworkMethod.java:50)
	at org.junit.internal.runners.model.ReflectiveCallable.run(ReflectiveCallable.java:12)
	at org.junit.runners.model.FrameworkMethod.invokeExplosively(FrameworkMethod.java:47)
	at org.junit.internal.runners.statements.InvokeMethod.evaluate(InvokeMethod.java:17)
	at org.junit.internal.runners.statements.RunBefores.evaluate(RunBefores.java:26)
	at org.springframework.test.context.junit4.statements.RunBeforeTestMethodCallbacks.evaluate(RunBeforeTestMethodCallbacks.java:75)
	at org.springframework.test.context.junit4.statements.RunAfterTestMethodCallbacks.evaluate(RunAfterTestMethodCallbacks.java:86)
	at org.springframework.test.context.junit4.statements.SpringRepeat.evaluate(SpringRepeat.java:84)
	at org.junit.runners.ParentRunner.runLeaf(ParentRunner.java:325)
	at org.springframework.test.context.junit4.SpringJUnit4ClassRunner.runChild(SpringJUnit4ClassRunner.java:252)
	at org.springframework.test.context.junit4.SpringJUnit4ClassRunner.runChild(SpringJUnit4ClassRunner.java:94)
	at org.junit.runners.ParentRunner$3.run(ParentRunner.java:290)
	at org.junit.runners.ParentRunner$1.schedule(ParentRunner.java:71)
	at org.junit.runners.ParentRunner.runChildren(ParentRunner.java:288)
	at org.junit.runners.ParentRunner.access$000(ParentRunner.java:58)
	at org.junit.runners.ParentRunner$2.evaluate(ParentRunner.java:268)
	at org.springframework.test.context.junit4.statements.RunBeforeTestClassCallbacks.evaluate(RunBeforeTestClassCallbacks.java:61)
	at org.springframework.test.context.junit4.statements.RunAfterTestClassCallbacks.evaluate(RunAfterTestClassCallbacks.java:70)
	at org.junit.runners.ParentRunner.run(ParentRunner.java:363)
	at org.springframework.test.context.junit4.SpringJUnit4ClassRunner.run(SpringJUnit4ClassRunner.java:191)
	at org.apache.maven.surefire.junit4.JUnit4Provider.execute(JUnit4Provider.java:365)
	at org.apache.maven.surefire.junit4.JUnit4Provider.executeWithRerun(JUnit4Provider.java:272)
	at org.apache.maven.surefire.junit4.JUnit4Provider.executeTestSet(JUnit4Provider.java:236)
	at org.apache.maven.surefire.junit4.JUnit4Provider.invoke(JUnit4Provider.java:159)
	at org.apache.maven.surefire.booter.ForkedBooter.invokeProviderInSameClassLoader(ForkedBooter.java:386)
	at org.apache.maven.surefire.booter.ForkedBooter.runSuitesInProcess(ForkedBooter.java:323)
	at org.apache.maven.surefire.booter.ForkedBooter.main(ForkedBooter.java:143)
</stderr>
          <failedSince>5</failedSince>
        </case>
      </cases>
    </suite>
    <suite>
      <file>/var/lib/jenkins/workspace/iTrust-Fuzz-Job/iTrust2-v2/iTrust/iTrust2/target/surefire-reports/TEST-edu.ncsu.csc.itrust2.apitest.APIPasswordTest.xml</file>
      <name>edu.ncsu.csc.itrust2.apitest.APIPasswordTest</name>
      <duration>0.006</duration>
      <time>0.006</time>
      <enclosingBlocks/>
      <enclosingBlockNames/>
      <cases>
        <case>
          <duration>0.001</duration>
          <className>edu.ncsu.csc.itrust2.apitest.APIPasswordTest</className>
          <testName>testRequestReset</testName>
          <skipped>false</skipped>
          <failedSince>0</failedSince>
        </case>
        <case>
          <duration>0.0</duration>
          <className>edu.ncsu.csc.itrust2.apitest.APIPasswordTest</className>
          <testName>testInvalidPasswordChanges</testName>
          <skipped>false</skipped>
          <failedSince>0</failedSince>
        </case>
        <case>
          <duration>0.004</duration>
          <className>edu.ncsu.csc.itrust2.apitest.APIPasswordTest</className>
          <testName>testValidPasswordChanges</testName>
          <skipped>false</skipped>
          <failedSince>0</failedSince>
        </case>
      </cases>
    </suite>
    <suite>
      <file>/var/lib/jenkins/workspace/iTrust-Fuzz-Job/iTrust2-v2/iTrust/iTrust2/target/surefire-reports/TEST-edu.ncsu.csc.itrust2.apitest.APIPatientTest.xml</file>
      <name>edu.ncsu.csc.itrust2.apitest.APIPatientTest</name>
      <duration>0.364</duration>
      <time>0.364</time>
      <enclosingBlocks/>
      <enclosingBlockNames/>
      <cases>
        <case>
          <duration>0.029</duration>
          <className>edu.ncsu.csc.itrust2.apitest.APIPatientTest</className>
          <testName>testGetNonExistentPatient</testName>
          <skipped>false</skipped>
          <failedSince>0</failedSince>
        </case>
        <case>
          <duration>0.249</duration>
          <className>edu.ncsu.csc.itrust2.apitest.APIPatientTest</className>
          <testName>testPatientAPI</testName>
          <skipped>false</skipped>
          <errorStackTrace>java.lang.AssertionError: Status expected:&lt;404&gt; but was:&lt;200&gt;
	at edu.ncsu.csc.itrust2.apitest.APIPatientTest.testPatientAPI(APIPatientTest.java:106)
</errorStackTrace>
          <errorDetails>Status expected:&lt;404&gt; but was:&lt;200&gt;</errorDetails>
          <stdout>04:57:52.336 [main] DEBUG o.s.t.annotation.ProfileValueUtils - Retrieved @ProfileValueSourceConfiguration [null] for test class [edu.ncsu.csc.itrust2.apitest.APIPatientTest]
04:57:52.336 [main] DEBUG o.s.t.annotation.ProfileValueUtils - Retrieved ProfileValueSource type [class org.springframework.test.annotation.SystemProfileValueSource] for class [edu.ncsu.csc.itrust2.apitest.APIPatientTest]
04:57:52.337 [main] DEBUG o.s.t.c.c.DefaultCacheAwareContextLoaderDelegate - Retrieved ApplicationContext from cache with key [[WebMergedContextConfiguration@3c726515 testClass = APIPatientTest, locations = &apos;{}&apos;, classes = &apos;{class edu.ncsu.csc.itrust2.config.RootConfiguration, class edu.ncsu.csc.itrust2.mvc.config.WebMvcConfiguration}&apos;, contextInitializerClasses = &apos;[]&apos;, activeProfiles = &apos;{}&apos;, propertySourceLocations = &apos;{}&apos;, propertySourceProperties = &apos;{}&apos;, contextCustomizers = set[[empty]], resourceBasePath = &apos;src/main/webapp&apos;, contextLoader = &apos;org.springframework.test.context.web.WebDelegatingSmartContextLoader&apos;, parent = [null]]]
04:57:52.337 [main] DEBUG o.springframework.test.context.cache - Spring test ApplicationContext cache statistics: [DefaultContextCache@3bc22ada size = 1, maxSize = 32, parentContextCount = 0, hitCount = 13, missCount = 1]
04:57:52.337 [main] DEBUG o.s.t.c.w.ServletTestExecutionListener - Setting up MockHttpServletRequest, MockHttpServletResponse, ServletWebRequest, and RequestContextHolder for test context [DefaultTestContext@4841c5e8 testClass = APIPatientTest, testInstance = edu.ncsu.csc.itrust2.apitest.APIPatientTest@7cb733e6, testMethod = [null], testException = [null], mergedContextConfiguration = [WebMergedContextConfiguration@3c726515 testClass = APIPatientTest, locations = &apos;{}&apos;, classes = &apos;{class edu.ncsu.csc.itrust2.config.RootConfiguration, class edu.ncsu.csc.itrust2.mvc.config.WebMvcConfiguration}&apos;, contextInitializerClasses = &apos;[]&apos;, activeProfiles = &apos;{}&apos;, propertySourceLocations = &apos;{}&apos;, propertySourceProperties = &apos;{}&apos;, contextCustomizers = set[[empty]], resourceBasePath = &apos;src/main/webapp&apos;, contextLoader = &apos;org.springframework.test.context.web.WebDelegatingSmartContextLoader&apos;, parent = [null]]].
04:57:52.337 [main] DEBUG o.s.t.c.s.DependencyInjectionTestExecutionListener - Performing dependency injection for test context [[DefaultTestContext@4841c5e8 testClass = APIPatientTest, testInstance = edu.ncsu.csc.itrust2.apitest.APIPatientTest@7cb733e6, testMethod = [null], testException = [null], mergedContextConfiguration = [WebMergedContextConfiguration@3c726515 testClass = APIPatientTest, locations = &apos;{}&apos;, classes = &apos;{class edu.ncsu.csc.itrust2.config.RootConfiguration, class edu.ncsu.csc.itrust2.mvc.config.WebMvcConfiguration}&apos;, contextInitializerClasses = &apos;[]&apos;, activeProfiles = &apos;{}&apos;, propertySourceLocations = &apos;{}&apos;, propertySourceProperties = &apos;{}&apos;, contextCustomizers = set[[empty]], resourceBasePath = &apos;src/main/webapp&apos;, contextLoader = &apos;org.springframework.test.context.web.WebDelegatingSmartContextLoader&apos;, parent = [null]]]].
04:57:52.337 [main] DEBUG o.s.t.c.c.DefaultCacheAwareContextLoaderDelegate - Retrieved ApplicationContext from cache with key [[WebMergedContextConfiguration@3c726515 testClass = APIPatientTest, locations = &apos;{}&apos;, classes = &apos;{class edu.ncsu.csc.itrust2.config.RootConfiguration, class edu.ncsu.csc.itrust2.mvc.config.WebMvcConfiguration}&apos;, contextInitializerClasses = &apos;[]&apos;, activeProfiles = &apos;{}&apos;, propertySourceLocations = &apos;{}&apos;, propertySourceProperties = &apos;{}&apos;, contextCustomizers = set[[empty]], resourceBasePath = &apos;src/main/webapp&apos;, contextLoader = &apos;org.springframework.test.context.web.WebDelegatingSmartContextLoader&apos;, parent = [null]]]
04:57:52.337 [main] DEBUG o.springframework.test.context.cache - Spring test ApplicationContext cache statistics: [DefaultContextCache@3bc22ada size = 1, maxSize = 32, parentContextCount = 0, hitCount = 14, missCount = 1]
04:57:52.337 [main] DEBUG o.s.b.f.annotation.InjectionMetadata - Processing injected element of bean &apos;edu.ncsu.csc.itrust2.apitest.APIPatientTest&apos;: AutowiredFieldElement for private org.springframework.web.context.WebApplicationContext edu.ncsu.csc.itrust2.apitest.APIPatientTest.context
04:57:52.338 [main] DEBUG o.s.t.c.s.AbstractDirtiesContextTestExecutionListener - Before test method: context [DefaultTestContext@4841c5e8 testClass = APIPatientTest, testInstance = edu.ncsu.csc.itrust2.apitest.APIPatientTest@7cb733e6, testMethod = testPatientAPI@APIPatientTest, testException = [null], mergedContextConfiguration = [WebMergedContextConfiguration@3c726515 testClass = APIPatientTest, locations = &apos;{}&apos;, classes = &apos;{class edu.ncsu.csc.itrust2.config.RootConfiguration, class edu.ncsu.csc.itrust2.mvc.config.WebMvcConfiguration}&apos;, contextInitializerClasses = &apos;[]&apos;, activeProfiles = &apos;{}&apos;, propertySourceLocations = &apos;{}&apos;, propertySourceProperties = &apos;{}&apos;, contextCustomizers = set[[empty]], resourceBasePath = &apos;src/main/webapp&apos;, contextLoader = &apos;org.springframework.test.context.web.WebDelegatingSmartContextLoader&apos;, parent = [null]]], class annotated with @DirtiesContext [false] with mode [null], method annotated with @DirtiesContext [false] with mode [null].
04:57:52.338 [main] DEBUG o.s.t.c.c.DefaultCacheAwareContextLoaderDelegate - Retrieved ApplicationContext from cache with key [[WebMergedContextConfiguration@3c726515 testClass = APIPatientTest, locations = &apos;{}&apos;, classes = &apos;{class edu.ncsu.csc.itrust2.config.RootConfiguration, class edu.ncsu.csc.itrust2.mvc.config.WebMvcConfiguration}&apos;, contextInitializerClasses = &apos;[]&apos;, activeProfiles = &apos;{}&apos;, propertySourceLocations = &apos;{}&apos;, propertySourceProperties = &apos;{}&apos;, contextCustomizers = set[[empty]], resourceBasePath = &apos;src/main/webapp&apos;, contextLoader = &apos;org.springframework.test.context.web.WebDelegatingSmartContextLoader&apos;, parent = [null]]]
04:57:52.338 [main] DEBUG o.springframework.test.context.cache - Spring test ApplicationContext cache statistics: [DefaultContextCache@3bc22ada size = 1, maxSize = 32, parentContextCount = 0, hitCount = 15, missCount = 1]
04:57:52.338 [main] DEBUG o.s.b.f.s.DefaultListableBeanFactory - Creating instance of bean &apos;org.springframework.security.test.context.support.WithMockUserSecurityContextFactory&apos;
04:57:52.338 [main] DEBUG o.s.b.f.s.DefaultListableBeanFactory - Finished creating instance of bean &apos;org.springframework.security.test.context.support.WithMockUserSecurityContextFactory&apos;
04:57:52.338 [main] DEBUG o.s.t.w.s.TestDispatcherServlet - Initializing servlet &apos;&apos;
04:57:52.339 [main] DEBUG o.s.w.c.s.StandardServletEnvironment - Adding [servletConfigInitParams] PropertySource with lowest search precedence
04:57:52.339 [main] DEBUG o.s.w.c.s.StandardServletEnvironment - Adding [servletContextInitParams] PropertySource with lowest search precedence
04:57:52.339 [main] DEBUG o.s.w.c.s.StandardServletEnvironment - Adding [systemProperties] PropertySource with lowest search precedence
04:57:52.339 [main] DEBUG o.s.w.c.s.StandardServletEnvironment - Adding [systemEnvironment] PropertySource with lowest search precedence
04:57:52.339 [main] DEBUG o.s.w.c.s.StandardServletEnvironment - Initialized StandardServletEnvironment with PropertySources [servletConfigInitParams,servletContextInitParams,systemProperties,systemEnvironment]
04:57:52.339 [main] INFO  o.s.mock.web.MockServletContext - Initializing Spring FrameworkServlet &apos;&apos;
04:57:52.339 [main] INFO  o.s.t.w.s.TestDispatcherServlet - FrameworkServlet &apos;&apos;: initialization started
04:57:52.339 [main] DEBUG o.s.t.w.s.TestDispatcherServlet - Unable to locate MultipartResolver with name &apos;multipartResolver&apos;: no multipart request handling provided
04:57:52.339 [main] DEBUG o.s.b.f.s.DefaultListableBeanFactory - Creating instance of bean &apos;org.springframework.web.servlet.i18n.AcceptHeaderLocaleResolver&apos;
04:57:52.339 [main] DEBUG o.s.b.f.s.DefaultListableBeanFactory - Finished creating instance of bean &apos;org.springframework.web.servlet.i18n.AcceptHeaderLocaleResolver&apos;
04:57:52.339 [main] DEBUG o.s.t.w.s.TestDispatcherServlet - Unable to locate LocaleResolver with name &apos;localeResolver&apos;: using default [org.springframework.web.servlet.i18n.AcceptHeaderLocaleResolver@70346e]
04:57:52.339 [main] DEBUG o.s.b.f.s.DefaultListableBeanFactory - Creating instance of bean &apos;org.springframework.web.servlet.theme.FixedThemeResolver&apos;
04:57:52.339 [main] DEBUG o.s.b.f.s.DefaultListableBeanFactory - Finished creating instance of bean &apos;org.springframework.web.servlet.theme.FixedThemeResolver&apos;
04:57:52.339 [main] DEBUG o.s.t.w.s.TestDispatcherServlet - Unable to locate ThemeResolver with name &apos;themeResolver&apos;: using default [org.springframework.web.servlet.theme.FixedThemeResolver@400feeb4]
04:57:52.340 [main] DEBUG o.s.b.f.s.DefaultListableBeanFactory - Returning cached instance of singleton bean &apos;requestMappingHandlerMapping&apos;
04:57:52.340 [main] DEBUG o.s.b.f.s.DefaultListableBeanFactory - Returning cached instance of singleton bean &apos;viewControllerHandlerMapping&apos;
04:57:52.340 [main] DEBUG o.s.b.f.s.DefaultListableBeanFactory - Returning cached instance of singleton bean &apos;beanNameHandlerMapping&apos;
04:57:52.340 [main] DEBUG o.s.b.f.s.DefaultListableBeanFactory - Returning cached instance of singleton bean &apos;resourceHandlerMapping&apos;
04:57:52.340 [main] DEBUG o.s.b.f.s.DefaultListableBeanFactory - Returning cached instance of singleton bean &apos;defaultServletHandlerMapping&apos;
04:57:52.341 [main] DEBUG o.s.b.f.s.DefaultListableBeanFactory - Returning cached instance of singleton bean &apos;requestMappingHandlerAdapter&apos;
04:57:52.341 [main] DEBUG o.s.b.f.s.DefaultListableBeanFactory - Returning cached instance of singleton bean &apos;httpRequestHandlerAdapter&apos;
04:57:52.341 [main] DEBUG o.s.b.f.s.DefaultListableBeanFactory - Returning cached instance of singleton bean &apos;simpleControllerHandlerAdapter&apos;
04:57:52.341 [main] DEBUG o.s.b.f.s.DefaultListableBeanFactory - Returning cached instance of singleton bean &apos;handlerExceptionResolver&apos;
04:57:52.341 [main] DEBUG o.s.b.f.s.DefaultListableBeanFactory - Creating instance of bean &apos;org.springframework.web.servlet.view.DefaultRequestToViewNameTranslator&apos;
04:57:52.342 [main] DEBUG o.s.b.f.s.DefaultListableBeanFactory - Finished creating instance of bean &apos;org.springframework.web.servlet.view.DefaultRequestToViewNameTranslator&apos;
04:57:52.342 [main] DEBUG o.s.t.w.s.TestDispatcherServlet - Unable to locate RequestToViewNameTranslator with name &apos;viewNameTranslator&apos;: using default [org.springframework.web.servlet.view.DefaultRequestToViewNameTranslator@562dd50]
04:57:52.342 [main] DEBUG o.s.b.f.s.DefaultListableBeanFactory - Returning cached instance of singleton bean &apos;mvcViewResolver&apos;
04:57:52.342 [main] DEBUG o.s.b.f.s.DefaultListableBeanFactory - Returning cached instance of singleton bean &apos;viewResolver&apos;
04:57:52.342 [main] DEBUG o.s.b.f.s.DefaultListableBeanFactory - Creating instance of bean &apos;org.springframework.web.servlet.support.SessionFlashMapManager&apos;
04:57:52.342 [main] DEBUG o.s.b.f.s.DefaultListableBeanFactory - Finished creating instance of bean &apos;org.springframework.web.servlet.support.SessionFlashMapManager&apos;
04:57:52.343 [main] DEBUG o.s.t.w.s.TestDispatcherServlet - Unable to locate FlashMapManager with name &apos;flashMapManager&apos;: using default [org.springframework.web.servlet.support.SessionFlashMapManager@1135157b]
04:57:52.343 [main] DEBUG o.s.t.w.s.TestDispatcherServlet - Published WebApplicationContext of servlet &apos;&apos; as ServletContext attribute with name [org.springframework.web.servlet.FrameworkServlet.CONTEXT.]
04:57:52.343 [main] INFO  o.s.t.w.s.TestDispatcherServlet - FrameworkServlet &apos;&apos;: initialization completed in 4 ms
04:57:52.343 [main] DEBUG o.s.t.w.s.TestDispatcherServlet - Servlet &apos;&apos; configured successfully
04:57:52.343 [main] DEBUG o.h.e.t.internal.TransactionImpl - begin
04:57:52.344 [main] DEBUG org.hibernate.SQL - select this_.self_id as self_id18_12_2_, this_.address1 as address1_12_2_, this_.address2 as address2_12_2_, this_.bloodType as bloodTyp3_12_2_, this_.causeOfDeath as causeOfD4_12_2_, this_.city as city5_12_2_, this_.dateOfBirth as dateOfBi6_12_2_, this_.dateOfDeath as dateOfDe7_12_2_, this_.email as email8_12_2_, this_.ethnicity as ethnicit9_12_2_, this_.father_id as father_19_12_2_, this_.firstName as firstNa10_12_2_, this_.gender as gender11_12_2_, this_.id as id12_12_2_, this_.lastName as lastNam13_12_2_, this_.mother_id as mother_20_12_2_, this_.phone as phone14_12_2_, this_.preferredName as preferr15_12_2_, this_.state as state16_12_2_, this_.zip as zip17_12_2_, user2_.username as username1_15_0_, user2_.enabled as enabled2_15_0_, user2_.password as password3_15_0_, user2_.role as role4_15_0_, user3_.username as username1_15_1_, user3_.enabled as enabled2_15_1_, user3_.password as password3_15_1_, user3_.role as role4_15_1_ from Patients this_ left outer join Users user2_ on this_.father_id=user2_.username left outer join Users user3_ on this_.mother_id=user3_.username
Hibernate: select this_.self_id as self_id18_12_2_, this_.address1 as address1_12_2_, this_.address2 as address2_12_2_, this_.bloodType as bloodTyp3_12_2_, this_.causeOfDeath as causeOfD4_12_2_, this_.city as city5_12_2_, this_.dateOfBirth as dateOfBi6_12_2_, this_.dateOfDeath as dateOfDe7_12_2_, this_.email as email8_12_2_, this_.ethnicity as ethnicit9_12_2_, this_.father_id as father_19_12_2_, this_.firstName as firstNa10_12_2_, this_.gender as gender11_12_2_, this_.id as id12_12_2_, this_.lastName as lastNam13_12_2_, this_.mother_id as mother_20_12_2_, this_.phone as phone14_12_2_, this_.preferredName as preferr15_12_2_, this_.state as state16_12_2_, this_.zip as zip17_12_2_, user2_.username as username1_15_0_, user2_.enabled as enabled2_15_0_, user2_.password as password3_15_0_, user2_.role as role4_15_0_, user3_.username as username1_15_1_, user3_.enabled as enabled2_15_1_, user3_.password as password3_15_1_, user3_.role as role4_15_1_ from Patients this_ left outer join Users user2_ on this_.father_id=user2_.username left outer join Users user3_ on this_.mother_id=user3_.username
04:57:52.346 [main] DEBUG org.hibernate.loader.Loader - Result set row: 0
04:57:52.347 [main] DEBUG org.hibernate.SQL - select user0_.username as username1_15_0_, user0_.enabled as enabled2_15_0_, user0_.password as password3_15_0_, user0_.role as role4_15_0_ from Users user0_ where user0_.username=?
Hibernate: select user0_.username as username1_15_0_, user0_.enabled as enabled2_15_0_, user0_.password as password3_15_0_, user0_.role as role4_15_0_ from Users user0_ where user0_.username=?
04:57:52.353 [main] DEBUG o.h.l.p.e.p.i.ResultSetProcessorImpl - Starting ResultSet row #0
04:57:52.354 [main] DEBUG o.h.l.p.e.p.i.EntityReferenceInitializerImpl - On call to EntityIdentifierReaderImpl#resolve, EntityKey was already known; should only happen on root returns with an optional identifier specified
04:57:52.356 [main] DEBUG o.h.engine.internal.TwoPhaseLoad - Resolving associations for [edu.ncsu.csc.itrust2.models.persistent.User#AliceThirteen]
04:57:52.357 [main] DEBUG o.h.engine.internal.TwoPhaseLoad - Done materializing entity [edu.ncsu.csc.itrust2.models.persistent.User#AliceThirteen]
04:57:52.357 [main] DEBUG o.h.r.j.i.ResourceRegistryStandardImpl - HHH000387: ResultSet&apos;s statement was not registered
04:57:52.357 [main] DEBUG o.h.l.e.p.AbstractLoadPlanBasedEntityLoader - Done entity load : edu.ncsu.csc.itrust2.models.persistent.User#AliceThirteen
04:57:52.358 [main] DEBUG org.hibernate.loader.Loader - Result row: null, null, EntityKey[edu.ncsu.csc.itrust2.models.persistent.Patient#component[self]{self=edu.ncsu.csc.itrust2.models.persistent.User#AliceThirteen}]
04:57:52.360 [main] DEBUG org.hibernate.loader.Loader - Result set row: 1
04:57:52.360 [main] DEBUG org.hibernate.SQL - select user0_.username as username1_15_0_, user0_.enabled as enabled2_15_0_, user0_.password as password3_15_0_, user0_.role as role4_15_0_ from Users user0_ where user0_.username=?
Hibernate: select user0_.username as username1_15_0_, user0_.enabled as enabled2_15_0_, user0_.password as password3_15_0_, user0_.role as role4_15_0_ from Users user0_ where user0_.username=?
04:57:52.361 [main] DEBUG o.h.l.p.e.p.i.ResultSetProcessorImpl - Starting ResultSet row #0
04:57:52.361 [main] DEBUG o.h.l.p.e.p.i.EntityReferenceInitializerImpl - On call to EntityIdentifierReaderImpl#resolve, EntityKey was already known; should only happen on root returns with an optional identifier specified
04:57:52.362 [main] DEBUG o.h.engine.internal.TwoPhaseLoad - Resolving associations for [edu.ncsu.csc.itrust2.models.persistent.User#BobTheFourYearOld]
04:57:52.362 [main] DEBUG o.h.engine.internal.TwoPhaseLoad - Done materializing entity [edu.ncsu.csc.itrust2.models.persistent.User#BobTheFourYearOld]
04:57:52.362 [main] DEBUG o.h.r.j.i.ResourceRegistryStandardImpl - HHH000387: ResultSet&apos;s statement was not registered
04:57:52.362 [main] DEBUG o.h.l.e.p.AbstractLoadPlanBasedEntityLoader - Done entity load : edu.ncsu.csc.itrust2.models.persistent.User#BobTheFourYearOld
04:57:52.363 [main] DEBUG org.hibernate.loader.Loader - Result row: null, null, EntityKey[edu.ncsu.csc.itrust2.models.persistent.Patient#component[self]{self=edu.ncsu.csc.itrust2.models.persistent.User#BobTheFourYearOld}]
04:57:52.363 [main] DEBUG org.hibernate.loader.Loader - Result set row: 2
04:57:52.364 [main] DEBUG org.hibernate.SQL - select user0_.username as username1_15_0_, user0_.enabled as enabled2_15_0_, user0_.password as password3_15_0_, user0_.role as role4_15_0_ from Users user0_ where user0_.username=?
Hibernate: select user0_.username as username1_15_0_, user0_.enabled as enabled2_15_0_, user0_.password as password3_15_0_, user0_.role as role4_15_0_ from Users user0_ where user0_.username=?
04:57:52.364 [main] DEBUG o.h.l.p.e.p.i.ResultSetProcessorImpl - Starting ResultSet row #0
04:57:52.365 [main] DEBUG o.h.l.p.e.p.i.EntityReferenceInitializerImpl - On call to EntityIdentifierReaderImpl#resolve, EntityKey was already known; should only happen on root returns with an optional identifier specified
04:57:52.365 [main] DEBUG o.h.engine.internal.TwoPhaseLoad - Resolving associations for [edu.ncsu.csc.itrust2.models.persistent.User#TimTheOneYearOld]
04:57:52.365 [main] DEBUG o.h.engine.internal.TwoPhaseLoad - Done materializing entity [edu.ncsu.csc.itrust2.models.persistent.User#TimTheOneYearOld]
04:57:52.365 [main] DEBUG o.h.r.j.i.ResourceRegistryStandardImpl - HHH000387: ResultSet&apos;s statement was not registered
04:57:52.365 [main] DEBUG o.h.l.e.p.AbstractLoadPlanBasedEntityLoader - Done entity load : edu.ncsu.csc.itrust2.models.persistent.User#TimTheOneYearOld
04:57:52.366 [main] DEBUG org.hibernate.loader.Loader - Result row: null, null, EntityKey[edu.ncsu.csc.itrust2.models.persistent.Patient#component[self]{self=edu.ncsu.csc.itrust2.models.persistent.User#TimTheOneYearOld}]
04:57:52.366 [main] DEBUG o.h.engine.internal.TwoPhaseLoad - Resolving associations for [edu.ncsu.csc.itrust2.models.persistent.Patient#component[self]{self=edu.ncsu.csc.itrust2.models.persistent.User#AliceThirteen}]
04:57:52.366 [main] DEBUG o.h.engine.internal.TwoPhaseLoad - Done materializing entity [edu.ncsu.csc.itrust2.models.persistent.Patient#component[self]{self=edu.ncsu.csc.itrust2.models.persistent.User#AliceThirteen}]
04:57:52.366 [main] DEBUG o.h.engine.internal.TwoPhaseLoad - Resolving associations for [edu.ncsu.csc.itrust2.models.persistent.Patient#component[self]{self=edu.ncsu.csc.itrust2.models.persistent.User#BobTheFourYearOld}]
04:57:52.366 [main] DEBUG o.h.engine.internal.TwoPhaseLoad - Done materializing entity [edu.ncsu.csc.itrust2.models.persistent.Patient#component[self]{self=edu.ncsu.csc.itrust2.models.persistent.User#BobTheFourYearOld}]
04:57:52.366 [main] DEBUG o.h.engine.internal.TwoPhaseLoad - Resolving associations for [edu.ncsu.csc.itrust2.models.persistent.Patient#component[self]{self=edu.ncsu.csc.itrust2.models.persistent.User#TimTheOneYearOld}]
04:57:52.367 [main] DEBUG o.h.engine.internal.TwoPhaseLoad - Done materializing entity [edu.ncsu.csc.itrust2.models.persistent.Patient#component[self]{self=edu.ncsu.csc.itrust2.models.persistent.User#TimTheOneYearOld}]
04:57:52.367 [main] DEBUG o.h.e.t.internal.TransactionImpl - committing
04:57:52.367 [main] DEBUG o.h.e.i.AbstractFlushingEventListener - Processing flush-time cascades
04:57:52.367 [main] DEBUG o.h.e.i.AbstractFlushingEventListener - Dirty checking collections
04:57:52.367 [main] DEBUG o.h.e.i.AbstractFlushingEventListener - Flushed: 0 insertions, 0 updates, 3 deletions to 6 objects
04:57:52.367 [main] DEBUG o.h.e.i.AbstractFlushingEventListener - Flushed: 0 (re)creations, 0 updates, 0 removals to 0 collections
04:57:52.367 [main] DEBUG o.h.internal.util.EntityPrinter - Listing entities:
04:57:52.368 [main] DEBUG o.h.internal.util.EntityPrinter - edu.ncsu.csc.itrust2.models.persistent.User{password=$2a$10$EblZqNptyYvcLm/VwDCVAuBjzZOI7khzdyGPBr08PpIi0na624b8., role=ROLE_PATIENT, enabled=1, username=BobTheFourYearOld}
04:57:52.368 [main] DEBUG o.h.internal.util.EntityPrinter - edu.ncsu.csc.itrust2.models.persistent.Patient{zip=null, lastName=Smith, ethnicity=null, gender=null, address2=null, city=null, dateOfDeath=null, address1=null, father=null, dateOfBirth=java.util.GregorianCalendar[time=1489985848000,areFieldsSet=true,areAllFieldsSet=true,lenient=true,zone=sun.util.calendar.ZoneInfo[id=&quot;Etc/UTC&quot;,offset=0,dstSavings=0,useDaylight=false,transitions=0,lastRule=null],firstDayOfWeek=1,minimalDaysInFirstWeek=1,ERA=1,YEAR=2017,MONTH=2,WEEK_OF_YEAR=12,WEEK_OF_MONTH=4,DAY_OF_MONTH=20,DAY_OF_YEAR=79,DAY_OF_WEEK=2,DAY_OF_WEEK_IN_MONTH=3,AM_PM=0,HOUR=4,HOUR_OF_DAY=4,MINUTE=57,SECOND=28,MILLISECOND=0,ZONE_OFFSET=0,DST_OFFSET=0], bloodType=null, firstName=TimTheOneYearOld, mother=null, phone=null, id=null, preferredName=null, state=null, causeOfDeath=null, email=null}
04:57:52.368 [main] DEBUG o.h.internal.util.EntityPrinter - edu.ncsu.csc.itrust2.models.persistent.User{password=$2a$10$EblZqNptyYvcLm/VwDCVAuBjzZOI7khzdyGPBr08PpIi0na624b8., role=ROLE_PATIENT, enabled=1, username=AliceThirteen}
04:57:52.368 [main] DEBUG o.h.internal.util.EntityPrinter - edu.ncsu.csc.itrust2.models.persistent.User{password=$2a$10$EblZqNptyYvcLm/VwDCVAuBjzZOI7khzdyGPBr08PpIi0na624b8., role=ROLE_PATIENT, enabled=1, username=TimTheOneYearOld}
04:57:52.368 [main] DEBUG o.h.internal.util.EntityPrinter - edu.ncsu.csc.itrust2.models.persistent.Patient{zip=null, lastName=Smith, ethnicity=null, gender=null, address2=null, city=null, dateOfDeath=null, address1=null, father=null, dateOfBirth=java.util.GregorianCalendar[time=1111294648000,areFieldsSet=true,areAllFieldsSet=true,lenient=true,zone=sun.util.calendar.ZoneInfo[id=&quot;Etc/UTC&quot;,offset=0,dstSavings=0,useDaylight=false,transitions=0,lastRule=null],firstDayOfWeek=1,minimalDaysInFirstWeek=1,ERA=1,YEAR=2005,MONTH=2,WEEK_OF_YEAR=13,WEEK_OF_MONTH=4,DAY_OF_MONTH=20,DAY_OF_YEAR=79,DAY_OF_WEEK=1,DAY_OF_WEEK_IN_MONTH=3,AM_PM=0,HOUR=4,HOUR_OF_DAY=4,MINUTE=57,SECOND=28,MILLISECOND=0,ZONE_OFFSET=0,DST_OFFSET=0], bloodType=null, firstName=AliceThirteen, mother=null, phone=null, id=null, preferredName=null, state=null, causeOfDeath=null, email=null}
04:57:52.368 [main] DEBUG o.h.internal.util.EntityPrinter - edu.ncsu.csc.itrust2.models.persistent.Patient{zip=null, lastName=Smith, ethnicity=null, gender=null, address2=null, city=null, dateOfDeath=null, address1=null, father=null, dateOfBirth=java.util.GregorianCalendar[time=1395291448000,areFieldsSet=true,areAllFieldsSet=true,lenient=true,zone=sun.util.calendar.ZoneInfo[id=&quot;Etc/UTC&quot;,offset=0,dstSavings=0,useDaylight=false,transitions=0,lastRule=null],firstDayOfWeek=1,minimalDaysInFirstWeek=1,ERA=1,YEAR=2014,MONTH=2,WEEK_OF_YEAR=12,WEEK_OF_MONTH=4,DAY_OF_MONTH=20,DAY_OF_YEAR=79,DAY_OF_WEEK=5,DAY_OF_WEEK_IN_MONTH=3,AM_PM=0,HOUR=4,HOUR_OF_DAY=4,MINUTE=57,SECOND=28,MILLISECOND=0,ZONE_OFFSET=0,DST_OFFSET=0], bloodType=null, firstName=BobTheFourYearOld, mother=null, phone=null, id=null, preferredName=null, state=null, causeOfDeath=null, email=null}
04:57:52.368 [main] DEBUG org.hibernate.SQL - delete from Patients where self_id=?
Hibernate: delete from Patients where self_id=?
04:57:52.369 [main] DEBUG org.hibernate.SQL - delete from Patients where self_id=?
Hibernate: delete from Patients where self_id=?
04:57:52.370 [main] DEBUG org.hibernate.SQL - delete from Patients where self_id=?
Hibernate: delete from Patients where self_id=?
04:57:52.372 [main] DEBUG o.h.e.j.internal.JdbcCoordinatorImpl - HHH000420: Closing un-released batch
04:57:52.373 [main] DEBUG o.s.t.w.s.TestDispatcherServlet - DispatcherServlet with name &apos;&apos; processing POST request for [/api/v1/users]
04:57:52.373 [main] DEBUG o.s.w.s.m.m.a.RequestMappingHandlerMapping - Looking up handler method for path /api/v1/users
04:57:52.374 [main] DEBUG o.s.w.s.m.m.a.RequestMappingHandlerMapping - Returning handler method [public org.springframework.http.ResponseEntity edu.ncsu.csc.itrust2.controllers.api.APIUserController.createUser(edu.ncsu.csc.itrust2.forms.admin.UserForm)]
04:57:52.374 [main] DEBUG o.s.b.f.s.DefaultListableBeanFactory - Returning cached instance of singleton bean &apos;APIUserController&apos;
04:57:52.374 [main] DEBUG o.s.w.s.m.m.a.RequestResponseBodyMethodProcessor - Read [class edu.ncsu.csc.itrust2.forms.admin.UserForm] as &quot;application/json&quot; with [org.springframework.http.converter.json.GsonHttpMessageConverter@75a87b8c]
04:57:52.490 [main] DEBUG o.h.e.t.internal.TransactionImpl - begin
04:57:52.491 [main] DEBUG org.hibernate.SQL - select this_.username as username1_15_0_, this_.enabled as enabled2_15_0_, this_.password as password3_15_0_, this_.role as role4_15_0_ from Users this_ where this_.username=?
Hibernate: select this_.username as username1_15_0_, this_.enabled as enabled2_15_0_, this_.password as password3_15_0_, this_.role as role4_15_0_ from Users this_ where this_.username=?
04:57:52.492 [main] DEBUG o.h.e.t.internal.TransactionImpl - committing
04:57:52.493 [main] DEBUG o.h.e.t.internal.TransactionImpl - begin
04:57:52.493 [main] DEBUG org.hibernate.SQL - select user_.username, user_.enabled as enabled2_15_, user_.password as password3_15_, user_.role as role4_15_ from Users user_ where user_.username=?
Hibernate: select user_.username, user_.enabled as enabled2_15_, user_.password as password3_15_, user_.role as role4_15_ from Users user_ where user_.username=?
04:57:52.494 [main] DEBUG o.h.r.j.i.ResourceRegistryStandardImpl - HHH000387: ResultSet&apos;s statement was not registered
04:57:52.494 [main] DEBUG o.h.e.i.AbstractSaveEventListener - Generated identifier: antti, using strategy: org.hibernate.id.Assigned
04:57:52.495 [main] DEBUG o.h.e.t.internal.TransactionImpl - committing
04:57:52.495 [main] DEBUG o.h.e.i.AbstractFlushingEventListener - Processing flush-time cascades
04:57:52.495 [main] DEBUG o.h.e.i.AbstractFlushingEventListener - Dirty checking collections
04:57:52.495 [main] DEBUG o.h.e.i.AbstractFlushingEventListener - Flushed: 1 insertions, 0 updates, 0 deletions to 1 objects
04:57:52.495 [main] DEBUG o.h.e.i.AbstractFlushingEventListener - Flushed: 0 (re)creations, 0 updates, 0 removals to 0 collections
04:57:52.495 [main] DEBUG o.h.internal.util.EntityPrinter - Listing entities:
04:57:52.495 [main] DEBUG o.h.internal.util.EntityPrinter - edu.ncsu.csc.itrust2.models.persistent.User{password=$2a$10$29JPteIyfZyptmIHyaLdf.8DfI092cX5JW6BcTvx/mbya.4h5rS42, role=ROLE_PATIENT, enabled=1, username=antti}
04:57:52.497 [main] DEBUG org.hibernate.SQL - insert into Users (enabled, password, role, username) values (?, ?, ?, ?)
Hibernate: insert into Users (enabled, password, role, username) values (?, ?, ?, ?)
04:57:52.502 [main] DEBUG o.h.e.j.internal.JdbcCoordinatorImpl - HHH000420: Closing un-released batch
04:57:52.503 [main] DEBUG o.h.e.t.internal.TransactionImpl - begin
04:57:52.506 [main] DEBUG org.hibernate.SQL - select next_val as id_val from hibernate_sequence for update
Hibernate: select next_val as id_val from hibernate_sequence for update
04:57:52.507 [main] DEBUG org.hibernate.SQL - update hibernate_sequence set next_val= ? where next_val=?
Hibernate: update hibernate_sequence set next_val= ? where next_val=?
04:57:52.509 [main] DEBUG o.h.e.i.AbstractSaveEventListener - Generated identifier: 17, using strategy: org.hibernate.id.enhanced.SequenceStyleGenerator
04:57:52.509 [main] DEBUG o.h.e.t.internal.TransactionImpl - committing
04:57:52.510 [main] DEBUG o.h.e.i.AbstractFlushingEventListener - Processing flush-time cascades
04:57:52.510 [main] DEBUG o.h.e.i.AbstractFlushingEventListener - Dirty checking collections
04:57:52.510 [main] DEBUG o.h.e.i.AbstractFlushingEventListener - Flushed: 1 insertions, 0 updates, 0 deletions to 1 objects
04:57:52.511 [main] DEBUG o.h.e.i.AbstractFlushingEventListener - Flushed: 0 (re)creations, 0 updates, 0 removals to 0 collections
04:57:52.511 [main] DEBUG o.h.internal.util.EntityPrinter - Listing entities:
04:57:52.511 [main] DEBUG o.h.internal.util.EntityPrinter - edu.ncsu.csc.itrust2.models.persistent.LogEntry{secondaryUser=null, logCode=7, primaryUser=hcp, id=17, time=java.util.GregorianCalendar[time=1521521872503,areFieldsSet=true,areAllFieldsSet=true,lenient=true,zone=sun.util.calendar.ZoneInfo[id=&quot;Etc/UTC&quot;,offset=0,dstSavings=0,useDaylight=false,transitions=0,lastRule=null],firstDayOfWeek=1,minimalDaysInFirstWeek=1,ERA=1,YEAR=2018,MONTH=2,WEEK_OF_YEAR=12,WEEK_OF_MONTH=4,DAY_OF_MONTH=20,DAY_OF_YEAR=79,DAY_OF_WEEK=3,DAY_OF_WEEK_IN_MONTH=3,AM_PM=0,HOUR=4,HOUR_OF_DAY=4,MINUTE=57,SECOND=52,MILLISECOND=503,ZONE_OFFSET=0,DST_OFFSET=0], message=null}
04:57:52.514 [main] DEBUG org.hibernate.SQL - insert into LogEntries (logCode, message, primaryUser, secondaryUser, time, id) values (?, ?, ?, ?, ?, ?)
Hibernate: insert into LogEntries (logCode, message, primaryUser, secondaryUser, time, id) values (?, ?, ?, ?, ?, ?)
04:57:52.517 [main] DEBUG o.h.e.j.internal.JdbcCoordinatorImpl - HHH000420: Closing un-released batch
04:57:52.522 [main] DEBUG o.s.w.s.m.m.a.HttpEntityMethodProcessor - Written [edu.ncsu.csc.itrust2.models.persistent.User@9e4cca2f] as &quot;application/json&quot; using [org.springframework.http.converter.json.GsonHttpMessageConverter@75a87b8c]
04:57:52.522 [main] DEBUG o.s.t.w.s.TestDispatcherServlet - Null ModelAndView returned to DispatcherServlet with name &apos;&apos;: assuming HandlerAdapter completed request handling
04:57:52.522 [main] DEBUG o.s.t.w.s.TestDispatcherServlet - Successfully completed request
04:57:52.524 [main] DEBUG o.s.t.w.s.TestDispatcherServlet - DispatcherServlet with name &apos;&apos; processing PUT request for [/api/v1/patients/antti]
04:57:52.524 [main] DEBUG o.s.w.s.m.m.a.RequestMappingHandlerMapping - Looking up handler method for path /api/v1/patients/antti
04:57:52.524 [main] DEBUG o.s.w.s.m.m.a.RequestMappingHandlerMapping - Returning handler method [public org.springframework.http.ResponseEntity edu.ncsu.csc.itrust2.controllers.api.APIPatientController.updatePatient(java.lang.String,edu.ncsu.csc.itrust2.forms.hcp_patient.PatientForm)]
04:57:52.524 [main] DEBUG o.s.b.f.s.DefaultListableBeanFactory - Returning cached instance of singleton bean &apos;APIPatientController&apos;
04:57:52.526 [main] DEBUG o.s.w.s.m.m.a.RequestResponseBodyMethodProcessor - Read [class edu.ncsu.csc.itrust2.forms.hcp_patient.PatientForm] as &quot;application/json&quot; with [org.springframework.http.converter.json.GsonHttpMessageConverter@75a87b8c]
04:57:52.527 [main] DEBUG o.h.e.t.internal.TransactionImpl - begin
04:57:52.531 [main] DEBUG org.hibernate.SQL - select this_.username as username1_15_0_, this_.enabled as enabled2_15_0_, this_.password as password3_15_0_, this_.role as role4_15_0_ from Users this_ where this_.username=? and this_.role=?
Hibernate: select this_.username as username1_15_0_, this_.enabled as enabled2_15_0_, this_.password as password3_15_0_, this_.role as role4_15_0_ from Users this_ where this_.username=? and this_.role=?
04:57:52.534 [main] DEBUG org.hibernate.loader.Loader - Result set row: 0
04:57:52.535 [main] DEBUG org.hibernate.loader.Loader - Result row: EntityKey[edu.ncsu.csc.itrust2.models.persistent.User#antti]
04:57:52.535 [main] DEBUG o.h.engine.internal.TwoPhaseLoad - Resolving associations for [edu.ncsu.csc.itrust2.models.persistent.User#antti]
04:57:52.535 [main] DEBUG o.h.engine.internal.TwoPhaseLoad - Done materializing entity [edu.ncsu.csc.itrust2.models.persistent.User#antti]
04:57:52.535 [main] DEBUG o.h.e.t.internal.TransactionImpl - committing
04:57:52.535 [main] DEBUG o.h.e.i.AbstractFlushingEventListener - Processing flush-time cascades
04:57:52.535 [main] DEBUG o.h.e.i.AbstractFlushingEventListener - Dirty checking collections
04:57:52.536 [main] DEBUG o.h.e.i.AbstractFlushingEventListener - Flushed: 0 insertions, 0 updates, 0 deletions to 1 objects
04:57:52.536 [main] DEBUG o.h.e.i.AbstractFlushingEventListener - Flushed: 0 (re)creations, 0 updates, 0 removals to 0 collections
04:57:52.536 [main] DEBUG o.h.internal.util.EntityPrinter - Listing entities:
04:57:52.536 [main] DEBUG o.h.internal.util.EntityPrinter - edu.ncsu.csc.itrust2.models.persistent.User{password=$2a$10$29JPteIyfZyptmIHyaLdf.8DfI092cX5JW6BcTvx/mbya.4h5rS42, role=ROLE_PATIENT, enabled=1, username=antti}
04:57:52.539 [main] DEBUG o.h.e.t.internal.TransactionImpl - begin
04:57:52.539 [main] DEBUG org.hibernate.SQL - select this_.username as username1_15_0_, this_.enabled as enabled2_15_0_, this_.password as password3_15_0_, this_.role as role4_15_0_ from Users this_ where this_.username=? and this_.role=?
Hibernate: select this_.username as username1_15_0_, this_.enabled as enabled2_15_0_, this_.password as password3_15_0_, this_.role as role4_15_0_ from Users this_ where this_.username=? and this_.role=?
04:57:52.540 [main] DEBUG o.h.e.t.internal.TransactionImpl - committing
04:57:52.541 [main] DEBUG o.h.e.t.internal.TransactionImpl - begin
04:57:52.542 [main] DEBUG org.hibernate.SQL - select this_.username as username1_15_0_, this_.enabled as enabled2_15_0_, this_.password as password3_15_0_, this_.role as role4_15_0_ from Users this_ where this_.username=? and this_.role=?
Hibernate: select this_.username as username1_15_0_, this_.enabled as enabled2_15_0_, this_.password as password3_15_0_, this_.role as role4_15_0_ from Users this_ where this_.username=? and this_.role=?
04:57:52.544 [main] DEBUG o.h.e.t.internal.TransactionImpl - committing
04:57:52.546 [main] DEBUG o.h.e.t.internal.TransactionImpl - begin
04:57:52.547 [main] DEBUG org.hibernate.SQL - select this_.username as username1_15_0_, this_.enabled as enabled2_15_0_, this_.password as password3_15_0_, this_.role as role4_15_0_ from Users this_ where this_.username=? and this_.role=?
Hibernate: select this_.username as username1_15_0_, this_.enabled as enabled2_15_0_, this_.password as password3_15_0_, this_.role as role4_15_0_ from Users this_ where this_.username=? and this_.role=?
04:57:52.548 [main] DEBUG org.hibernate.loader.Loader - Result set row: 0
04:57:52.548 [main] DEBUG org.hibernate.loader.Loader - Result row: EntityKey[edu.ncsu.csc.itrust2.models.persistent.User#antti]
04:57:52.549 [main] DEBUG o.h.engine.internal.TwoPhaseLoad - Resolving associations for [edu.ncsu.csc.itrust2.models.persistent.User#antti]
04:57:52.549 [main] DEBUG o.h.engine.internal.TwoPhaseLoad - Done materializing entity [edu.ncsu.csc.itrust2.models.persistent.User#antti]
04:57:52.549 [main] DEBUG o.h.e.t.internal.TransactionImpl - committing
04:57:52.549 [main] DEBUG o.h.e.i.AbstractFlushingEventListener - Processing flush-time cascades
04:57:52.549 [main] DEBUG o.h.e.i.AbstractFlushingEventListener - Dirty checking collections
04:57:52.549 [main] DEBUG o.h.e.i.AbstractFlushingEventListener - Flushed: 0 insertions, 0 updates, 0 deletions to 1 objects
04:57:52.549 [main] DEBUG o.h.e.i.AbstractFlushingEventListener - Flushed: 0 (re)creations, 0 updates, 0 removals to 0 collections
04:57:52.549 [main] DEBUG o.h.internal.util.EntityPrinter - Listing entities:
04:57:52.549 [main] DEBUG o.h.internal.util.EntityPrinter - edu.ncsu.csc.itrust2.models.persistent.User{password=$2a$10$29JPteIyfZyptmIHyaLdf.8DfI092cX5JW6BcTvx/mbya.4h5rS42, role=ROLE_PATIENT, enabled=1, username=antti}
04:57:52.550 [main] DEBUG o.h.e.t.internal.TransactionImpl - begin
04:57:52.551 [main] DEBUG org.hibernate.SQL - select this_.self_id as self_id18_12_2_, this_.address1 as address1_12_2_, this_.address2 as address2_12_2_, this_.bloodType as bloodTyp3_12_2_, this_.causeOfDeath as causeOfD4_12_2_, this_.city as city5_12_2_, this_.dateOfBirth as dateOfBi6_12_2_, this_.dateOfDeath as dateOfDe7_12_2_, this_.email as email8_12_2_, this_.ethnicity as ethnicit9_12_2_, this_.father_id as father_19_12_2_, this_.firstName as firstNa10_12_2_, this_.gender as gender11_12_2_, this_.id as id12_12_2_, this_.lastName as lastNam13_12_2_, this_.mother_id as mother_20_12_2_, this_.phone as phone14_12_2_, this_.preferredName as preferr15_12_2_, this_.state as state16_12_2_, this_.zip as zip17_12_2_, user2_.username as username1_15_0_, user2_.enabled as enabled2_15_0_, user2_.password as password3_15_0_, user2_.role as role4_15_0_, user3_.username as username1_15_1_, user3_.enabled as enabled2_15_1_, user3_.password as password3_15_1_, user3_.role as role4_15_1_ from Patients this_ left outer join Users user2_ on this_.father_id=user2_.username left outer join Users user3_ on this_.mother_id=user3_.username where this_.self_id=?
Hibernate: select this_.self_id as self_id18_12_2_, this_.address1 as address1_12_2_, this_.address2 as address2_12_2_, this_.bloodType as bloodTyp3_12_2_, this_.causeOfDeath as causeOfD4_12_2_, this_.city as city5_12_2_, this_.dateOfBirth as dateOfBi6_12_2_, this_.dateOfDeath as dateOfDe7_12_2_, this_.email as email8_12_2_, this_.ethnicity as ethnicit9_12_2_, this_.father_id as father_19_12_2_, this_.firstName as firstNa10_12_2_, this_.gender as gender11_12_2_, this_.id as id12_12_2_, this_.lastName as lastNam13_12_2_, this_.mother_id as mother_20_12_2_, this_.phone as phone14_12_2_, this_.preferredName as preferr15_12_2_, this_.state as state16_12_2_, this_.zip as zip17_12_2_, user2_.username as username1_15_0_, user2_.enabled as enabled2_15_0_, user2_.password as password3_15_0_, user2_.role as role4_15_0_, user3_.username as username1_15_1_, user3_.enabled as enabled2_15_1_, user3_.password as password3_15_1_, user3_.role as role4_15_1_ from Patients this_ left outer join Users user2_ on this_.father_id=user2_.username left outer join Users user3_ on this_.mother_id=user3_.username where this_.self_id=?
04:57:52.553 [main] DEBUG o.h.e.t.internal.TransactionImpl - committing
04:57:52.554 [main] DEBUG o.h.e.t.internal.TransactionImpl - begin
04:57:52.554 [main] DEBUG org.hibernate.SQL - select patient_.self_id, patient_.address1 as address1_12_, patient_.address2 as address2_12_, patient_.bloodType as bloodTyp3_12_, patient_.causeOfDeath as causeOfD4_12_, patient_.city as city5_12_, patient_.dateOfBirth as dateOfBi6_12_, patient_.dateOfDeath as dateOfDe7_12_, patient_.email as email8_12_, patient_.ethnicity as ethnicit9_12_, patient_.father_id as father_19_12_, patient_.firstName as firstNa10_12_, patient_.gender as gender11_12_, patient_.id as id12_12_, patient_.lastName as lastNam13_12_, patient_.mother_id as mother_20_12_, patient_.phone as phone14_12_, patient_.preferredName as preferr15_12_, patient_.state as state16_12_, patient_.zip as zip17_12_ from Patients patient_ where patient_.self_id=?
Hibernate: select patient_.self_id, patient_.address1 as address1_12_, patient_.address2 as address2_12_, patient_.bloodType as bloodTyp3_12_, patient_.causeOfDeath as causeOfD4_12_, patient_.city as city5_12_, patient_.dateOfBirth as dateOfBi6_12_, patient_.dateOfDeath as dateOfDe7_12_, patient_.email as email8_12_, patient_.ethnicity as ethnicit9_12_, patient_.father_id as father_19_12_, patient_.firstName as firstNa10_12_, patient_.gender as gender11_12_, patient_.id as id12_12_, patient_.lastName as lastNam13_12_, patient_.mother_id as mother_20_12_, patient_.phone as phone14_12_, patient_.preferredName as preferr15_12_, patient_.state as state16_12_, patient_.zip as zip17_12_ from Patients patient_ where patient_.self_id=?
04:57:52.555 [main] DEBUG o.h.r.j.i.ResourceRegistryStandardImpl - HHH000387: ResultSet&apos;s statement was not registered
04:57:52.556 [main] DEBUG o.h.e.i.AbstractSaveEventListener - Generated identifier: component[self]{self=edu.ncsu.csc.itrust2.models.persistent.User#antti}, using strategy: org.hibernate.id.CompositeNestedGeneratedValueGenerator
04:57:52.556 [main] DEBUG o.h.e.t.internal.TransactionImpl - committing
04:57:52.556 [main] DEBUG o.h.e.i.AbstractFlushingEventListener - Processing flush-time cascades
04:57:52.556 [main] DEBUG o.h.e.i.AbstractFlushingEventListener - Dirty checking collections
04:57:52.556 [main] DEBUG o.h.e.i.AbstractFlushingEventListener - Flushed: 1 insertions, 0 updates, 0 deletions to 1 objects
04:57:52.556 [main] DEBUG o.h.e.i.AbstractFlushingEventListener - Flushed: 0 (re)creations, 0 updates, 0 removals to 0 collections
04:57:52.556 [main] DEBUG o.h.internal.util.EntityPrinter - Listing entities:
04:57:52.557 [main] DEBUG o.h.internal.util.EntityPrinter - edu.ncsu.csc.itrust2.models.persistent.Patient{zip=27514, lastName=Walhelm, ethnicity=Caucasian, gender=Male, address2=Some Location, city=Viipuri, dateOfDeath=null, address1=1 Test Street, father=null, dateOfBirth=java.util.GregorianCalendar[time=235180800000,areFieldsSet=true,areAllFieldsSet=true,lenient=true,zone=sun.util.calendar.ZoneInfo[id=&quot;Etc/UTC&quot;,offset=0,dstSavings=0,useDaylight=false,transitions=0,lastRule=null],firstDayOfWeek=1,minimalDaysInFirstWeek=1,ERA=1,YEAR=1977,MONTH=5,WEEK_OF_YEAR=25,WEEK_OF_MONTH=3,DAY_OF_MONTH=15,DAY_OF_YEAR=166,DAY_OF_WEEK=4,DAY_OF_WEEK_IN_MONTH=3,AM_PM=0,HOUR=0,HOUR_OF_DAY=0,MINUTE=0,SECOND=0,MILLISECOND=0,ZONE_OFFSET=0,DST_OFFSET=0], bloodType=APos, firstName=Antti, mother=null, phone=123-456-7890, id=null, preferredName=null, state=NC, causeOfDeath=null, email=antti@itrust.fi}
04:57:52.558 [main] DEBUG org.hibernate.SQL - insert into Patients (address1, address2, bloodType, causeOfDeath, city, dateOfBirth, dateOfDeath, email, ethnicity, father_id, firstName, gender, id, lastName, mother_id, phone, preferredName, state, zip, self_id) values (?, ?, ?, ?, ?, ?, ?, ?, ?, ?, ?, ?, ?, ?, ?, ?, ?, ?, ?, ?)
Hibernate: insert into Patients (address1, address2, bloodType, causeOfDeath, city, dateOfBirth, dateOfDeath, email, ethnicity, father_id, firstName, gender, id, lastName, mother_id, phone, preferredName, state, zip, self_id) values (?, ?, ?, ?, ?, ?, ?, ?, ?, ?, ?, ?, ?, ?, ?, ?, ?, ?, ?, ?)
04:57:52.561 [main] DEBUG o.h.e.j.internal.JdbcCoordinatorImpl - HHH000420: Closing un-released batch
04:57:52.561 [main] DEBUG o.h.e.t.internal.TransactionImpl - begin
04:57:52.562 [main] DEBUG org.hibernate.SQL - select next_val as id_val from hibernate_sequence for update
Hibernate: select next_val as id_val from hibernate_sequence for update
04:57:52.562 [main] DEBUG org.hibernate.SQL - update hibernate_sequence set next_val= ? where next_val=?
Hibernate: update hibernate_sequence set next_val= ? where next_val=?
04:57:52.564 [main] DEBUG o.h.e.i.AbstractSaveEventListener - Generated identifier: 18, using strategy: org.hibernate.id.enhanced.SequenceStyleGenerator
04:57:52.565 [main] DEBUG o.h.e.t.internal.TransactionImpl - committing
04:57:52.565 [main] DEBUG o.h.e.i.AbstractFlushingEventListener - Processing flush-time cascades
04:57:52.565 [main] DEBUG o.h.e.i.AbstractFlushingEventListener - Dirty checking collections
04:57:52.565 [main] DEBUG o.h.e.i.AbstractFlushingEventListener - Flushed: 1 insertions, 0 updates, 0 deletions to 1 objects
04:57:52.565 [main] DEBUG o.h.e.i.AbstractFlushingEventListener - Flushed: 0 (re)creations, 0 updates, 0 removals to 0 collections
04:57:52.565 [main] DEBUG o.h.internal.util.EntityPrinter - Listing entities:
04:57:52.565 [main] DEBUG o.h.internal.util.EntityPrinter - edu.ncsu.csc.itrust2.models.persistent.LogEntry{secondaryUser=null, logCode=13, primaryUser=hcp, id=18, time=java.util.GregorianCalendar[time=1521521872561,areFieldsSet=true,areAllFieldsSet=true,lenient=true,zone=sun.util.calendar.ZoneInfo[id=&quot;Etc/UTC&quot;,offset=0,dstSavings=0,useDaylight=false,transitions=0,lastRule=null],firstDayOfWeek=1,minimalDaysInFirstWeek=1,ERA=1,YEAR=2018,MONTH=2,WEEK_OF_YEAR=12,WEEK_OF_MONTH=4,DAY_OF_MONTH=20,DAY_OF_YEAR=79,DAY_OF_WEEK=3,DAY_OF_WEEK_IN_MONTH=3,AM_PM=0,HOUR=4,HOUR_OF_DAY=4,MINUTE=57,SECOND=52,MILLISECOND=561,ZONE_OFFSET=0,DST_OFFSET=0], message=User with username anttiupdated their demographics}
04:57:52.566 [main] DEBUG org.hibernate.SQL - insert into LogEntries (logCode, message, primaryUser, secondaryUser, time, id) values (?, ?, ?, ?, ?, ?)
Hibernate: insert into LogEntries (logCode, message, primaryUser, secondaryUser, time, id) values (?, ?, ?, ?, ?, ?)
04:57:52.567 [main] DEBUG o.h.e.j.internal.JdbcCoordinatorImpl - HHH000420: Closing un-released batch
04:57:52.569 [main] DEBUG o.s.w.s.m.m.a.HttpEntityMethodProcessor - Written [edu.ncsu.csc.itrust2.models.persistent.Patient@f559dd2] as &quot;application/json&quot; using [org.springframework.http.converter.json.GsonHttpMessageConverter@75a87b8c]
04:57:52.569 [main] DEBUG o.s.t.w.s.TestDispatcherServlet - Null ModelAndView returned to DispatcherServlet with name &apos;&apos;: assuming HandlerAdapter completed request handling
04:57:52.569 [main] DEBUG o.s.t.w.s.TestDispatcherServlet - Successfully completed request
04:57:52.570 [main] DEBUG o.s.t.c.s.AbstractDirtiesContextTestExecutionListener - After test method: context [DefaultTestContext@4841c5e8 testClass = APIPatientTest, testInstance = edu.ncsu.csc.itrust2.apitest.APIPatientTest@7cb733e6, testMethod = testPatientAPI@APIPatientTest, testException = java.lang.AssertionError: Status expected:&lt;404&gt; but was:&lt;200&gt;, mergedContextConfiguration = [WebMergedContextConfiguration@3c726515 testClass = APIPatientTest, locations = &apos;{}&apos;, classes = &apos;{class edu.ncsu.csc.itrust2.config.RootConfiguration, class edu.ncsu.csc.itrust2.mvc.config.WebMvcConfiguration}&apos;, contextInitializerClasses = &apos;[]&apos;, activeProfiles = &apos;{}&apos;, propertySourceLocations = &apos;{}&apos;, propertySourceProperties = &apos;{}&apos;, contextCustomizers = set[[empty]], resourceBasePath = &apos;src/main/webapp&apos;, contextLoader = &apos;org.springframework.test.context.web.WebDelegatingSmartContextLoader&apos;, parent = [null]]], class annotated with @DirtiesContext [false] with mode [null], method annotated with @DirtiesContext [false] with mode [null].
04:57:52.571 [main] DEBUG o.s.t.c.w.ServletTestExecutionListener - Resetting RequestContextHolder for test context [DefaultTestContext@4841c5e8 testClass = APIPatientTest, testInstance = edu.ncsu.csc.itrust2.apitest.APIPatientTest@7cb733e6, testMethod = testPatientAPI@APIPatientTest, testException = java.lang.AssertionError: Status expected:&lt;404&gt; but was:&lt;200&gt;, mergedContextConfiguration = [WebMergedContextConfiguration@3c726515 testClass = APIPatientTest, locations = &apos;{}&apos;, classes = &apos;{class edu.ncsu.csc.itrust2.config.RootConfiguration, class edu.ncsu.csc.itrust2.mvc.config.WebMvcConfiguration}&apos;, contextInitializerClasses = &apos;[]&apos;, activeProfiles = &apos;{}&apos;, propertySourceLocations = &apos;{}&apos;, propertySourceProperties = &apos;{}&apos;, contextCustomizers = set[[empty]], resourceBasePath = &apos;src/main/webapp&apos;, contextLoader = &apos;org.springframework.test.context.web.WebDelegatingSmartContextLoader&apos;, parent = [null]]].
</stdout>
          <failedSince>8</failedSince>
        </case>
        <case>
          <duration>0.059</duration>
          <className>edu.ncsu.csc.itrust2.apitest.APIPatientTest</className>
          <testName>testPatientAsPatient</testName>
          <skipped>false</skipped>
          <errorStackTrace>java.lang.AssertionError: Status expected:&lt;200&gt; but was:&lt;404&gt;
	at edu.ncsu.csc.itrust2.apitest.APIPatientTest.testPatientAsPatient(APIPatientTest.java:190)
</errorStackTrace>
          <errorDetails>Status expected:&lt;200&gt; but was:&lt;404&gt;</errorDetails>
          <stdout>04:57:52.586 [main] DEBUG o.s.t.annotation.ProfileValueUtils - Retrieved @ProfileValueSourceConfiguration [null] for test class [edu.ncsu.csc.itrust2.apitest.APIPatientTest]
04:57:52.586 [main] DEBUG o.s.t.annotation.ProfileValueUtils - Retrieved ProfileValueSource type [class org.springframework.test.annotation.SystemProfileValueSource] for class [edu.ncsu.csc.itrust2.apitest.APIPatientTest]
04:57:52.586 [main] DEBUG o.s.t.c.c.DefaultCacheAwareContextLoaderDelegate - Retrieved ApplicationContext from cache with key [[WebMergedContextConfiguration@3c726515 testClass = APIPatientTest, locations = &apos;{}&apos;, classes = &apos;{class edu.ncsu.csc.itrust2.config.RootConfiguration, class edu.ncsu.csc.itrust2.mvc.config.WebMvcConfiguration}&apos;, contextInitializerClasses = &apos;[]&apos;, activeProfiles = &apos;{}&apos;, propertySourceLocations = &apos;{}&apos;, propertySourceProperties = &apos;{}&apos;, contextCustomizers = set[[empty]], resourceBasePath = &apos;src/main/webapp&apos;, contextLoader = &apos;org.springframework.test.context.web.WebDelegatingSmartContextLoader&apos;, parent = [null]]]
04:57:52.586 [main] DEBUG o.springframework.test.context.cache - Spring test ApplicationContext cache statistics: [DefaultContextCache@3bc22ada size = 1, maxSize = 32, parentContextCount = 0, hitCount = 16, missCount = 1]
04:57:52.586 [main] DEBUG o.s.t.c.w.ServletTestExecutionListener - Setting up MockHttpServletRequest, MockHttpServletResponse, ServletWebRequest, and RequestContextHolder for test context [DefaultTestContext@4841c5e8 testClass = APIPatientTest, testInstance = edu.ncsu.csc.itrust2.apitest.APIPatientTest@316129ae, testMethod = [null], testException = [null], mergedContextConfiguration = [WebMergedContextConfiguration@3c726515 testClass = APIPatientTest, locations = &apos;{}&apos;, classes = &apos;{class edu.ncsu.csc.itrust2.config.RootConfiguration, class edu.ncsu.csc.itrust2.mvc.config.WebMvcConfiguration}&apos;, contextInitializerClasses = &apos;[]&apos;, activeProfiles = &apos;{}&apos;, propertySourceLocations = &apos;{}&apos;, propertySourceProperties = &apos;{}&apos;, contextCustomizers = set[[empty]], resourceBasePath = &apos;src/main/webapp&apos;, contextLoader = &apos;org.springframework.test.context.web.WebDelegatingSmartContextLoader&apos;, parent = [null]]].
04:57:52.586 [main] DEBUG o.s.t.c.s.DependencyInjectionTestExecutionListener - Performing dependency injection for test context [[DefaultTestContext@4841c5e8 testClass = APIPatientTest, testInstance = edu.ncsu.csc.itrust2.apitest.APIPatientTest@316129ae, testMethod = [null], testException = [null], mergedContextConfiguration = [WebMergedContextConfiguration@3c726515 testClass = APIPatientTest, locations = &apos;{}&apos;, classes = &apos;{class edu.ncsu.csc.itrust2.config.RootConfiguration, class edu.ncsu.csc.itrust2.mvc.config.WebMvcConfiguration}&apos;, contextInitializerClasses = &apos;[]&apos;, activeProfiles = &apos;{}&apos;, propertySourceLocations = &apos;{}&apos;, propertySourceProperties = &apos;{}&apos;, contextCustomizers = set[[empty]], resourceBasePath = &apos;src/main/webapp&apos;, contextLoader = &apos;org.springframework.test.context.web.WebDelegatingSmartContextLoader&apos;, parent = [null]]]].
04:57:52.587 [main] DEBUG o.s.t.c.c.DefaultCacheAwareContextLoaderDelegate - Retrieved ApplicationContext from cache with key [[WebMergedContextConfiguration@3c726515 testClass = APIPatientTest, locations = &apos;{}&apos;, classes = &apos;{class edu.ncsu.csc.itrust2.config.RootConfiguration, class edu.ncsu.csc.itrust2.mvc.config.WebMvcConfiguration}&apos;, contextInitializerClasses = &apos;[]&apos;, activeProfiles = &apos;{}&apos;, propertySourceLocations = &apos;{}&apos;, propertySourceProperties = &apos;{}&apos;, contextCustomizers = set[[empty]], resourceBasePath = &apos;src/main/webapp&apos;, contextLoader = &apos;org.springframework.test.context.web.WebDelegatingSmartContextLoader&apos;, parent = [null]]]
04:57:52.587 [main] DEBUG o.springframework.test.context.cache - Spring test ApplicationContext cache statistics: [DefaultContextCache@3bc22ada size = 1, maxSize = 32, parentContextCount = 0, hitCount = 17, missCount = 1]
04:57:52.587 [main] DEBUG o.s.b.f.annotation.InjectionMetadata - Processing injected element of bean &apos;edu.ncsu.csc.itrust2.apitest.APIPatientTest&apos;: AutowiredFieldElement for private org.springframework.web.context.WebApplicationContext edu.ncsu.csc.itrust2.apitest.APIPatientTest.context
04:57:52.587 [main] DEBUG o.s.t.c.s.AbstractDirtiesContextTestExecutionListener - Before test method: context [DefaultTestContext@4841c5e8 testClass = APIPatientTest, testInstance = edu.ncsu.csc.itrust2.apitest.APIPatientTest@316129ae, testMethod = testPatientAsPatient@APIPatientTest, testException = [null], mergedContextConfiguration = [WebMergedContextConfiguration@3c726515 testClass = APIPatientTest, locations = &apos;{}&apos;, classes = &apos;{class edu.ncsu.csc.itrust2.config.RootConfiguration, class edu.ncsu.csc.itrust2.mvc.config.WebMvcConfiguration}&apos;, contextInitializerClasses = &apos;[]&apos;, activeProfiles = &apos;{}&apos;, propertySourceLocations = &apos;{}&apos;, propertySourceProperties = &apos;{}&apos;, contextCustomizers = set[[empty]], resourceBasePath = &apos;src/main/webapp&apos;, contextLoader = &apos;org.springframework.test.context.web.WebDelegatingSmartContextLoader&apos;, parent = [null]]], class annotated with @DirtiesContext [false] with mode [null], method annotated with @DirtiesContext [false] with mode [null].
04:57:52.587 [main] DEBUG o.s.t.c.c.DefaultCacheAwareContextLoaderDelegate - Retrieved ApplicationContext from cache with key [[WebMergedContextConfiguration@3c726515 testClass = APIPatientTest, locations = &apos;{}&apos;, classes = &apos;{class edu.ncsu.csc.itrust2.config.RootConfiguration, class edu.ncsu.csc.itrust2.mvc.config.WebMvcConfiguration}&apos;, contextInitializerClasses = &apos;[]&apos;, activeProfiles = &apos;{}&apos;, propertySourceLocations = &apos;{}&apos;, propertySourceProperties = &apos;{}&apos;, contextCustomizers = set[[empty]], resourceBasePath = &apos;src/main/webapp&apos;, contextLoader = &apos;org.springframework.test.context.web.WebDelegatingSmartContextLoader&apos;, parent = [null]]]
04:57:52.587 [main] DEBUG o.springframework.test.context.cache - Spring test ApplicationContext cache statistics: [DefaultContextCache@3bc22ada size = 1, maxSize = 32, parentContextCount = 0, hitCount = 18, missCount = 1]
04:57:52.587 [main] DEBUG o.s.b.f.s.DefaultListableBeanFactory - Creating instance of bean &apos;org.springframework.security.test.context.support.WithMockUserSecurityContextFactory&apos;
04:57:52.588 [main] DEBUG o.s.b.f.s.DefaultListableBeanFactory - Finished creating instance of bean &apos;org.springframework.security.test.context.support.WithMockUserSecurityContextFactory&apos;
04:57:52.588 [main] DEBUG o.s.t.w.s.TestDispatcherServlet - Initializing servlet &apos;&apos;
04:57:52.588 [main] DEBUG o.s.w.c.s.StandardServletEnvironment - Adding [servletConfigInitParams] PropertySource with lowest search precedence
04:57:52.588 [main] DEBUG o.s.w.c.s.StandardServletEnvironment - Adding [servletContextInitParams] PropertySource with lowest search precedence
04:57:52.588 [main] DEBUG o.s.w.c.s.StandardServletEnvironment - Adding [systemProperties] PropertySource with lowest search precedence
04:57:52.588 [main] DEBUG o.s.w.c.s.StandardServletEnvironment - Adding [systemEnvironment] PropertySource with lowest search precedence
04:57:52.588 [main] DEBUG o.s.w.c.s.StandardServletEnvironment - Initialized StandardServletEnvironment with PropertySources [servletConfigInitParams,servletContextInitParams,systemProperties,systemEnvironment]
04:57:52.588 [main] INFO  o.s.mock.web.MockServletContext - Initializing Spring FrameworkServlet &apos;&apos;
04:57:52.588 [main] INFO  o.s.t.w.s.TestDispatcherServlet - FrameworkServlet &apos;&apos;: initialization started
04:57:52.588 [main] DEBUG o.s.t.w.s.TestDispatcherServlet - Unable to locate MultipartResolver with name &apos;multipartResolver&apos;: no multipart request handling provided
04:57:52.589 [main] DEBUG o.s.b.f.s.DefaultListableBeanFactory - Creating instance of bean &apos;org.springframework.web.servlet.i18n.AcceptHeaderLocaleResolver&apos;
04:57:52.589 [main] DEBUG o.s.b.f.s.DefaultListableBeanFactory - Finished creating instance of bean &apos;org.springframework.web.servlet.i18n.AcceptHeaderLocaleResolver&apos;
04:57:52.589 [main] DEBUG o.s.t.w.s.TestDispatcherServlet - Unable to locate LocaleResolver with name &apos;localeResolver&apos;: using default [org.springframework.web.servlet.i18n.AcceptHeaderLocaleResolver@6dd7d7ac]
04:57:52.589 [main] DEBUG o.s.b.f.s.DefaultListableBeanFactory - Creating instance of bean &apos;org.springframework.web.servlet.theme.FixedThemeResolver&apos;
04:57:52.589 [main] DEBUG o.s.b.f.s.DefaultListableBeanFactory - Finished creating instance of bean &apos;org.springframework.web.servlet.theme.FixedThemeResolver&apos;
04:57:52.589 [main] DEBUG o.s.t.w.s.TestDispatcherServlet - Unable to locate ThemeResolver with name &apos;themeResolver&apos;: using default [org.springframework.web.servlet.theme.FixedThemeResolver@14488e0b]
04:57:52.589 [main] DEBUG o.s.b.f.s.DefaultListableBeanFactory - Returning cached instance of singleton bean &apos;requestMappingHandlerMapping&apos;
04:57:52.589 [main] DEBUG o.s.b.f.s.DefaultListableBeanFactory - Returning cached instance of singleton bean &apos;viewControllerHandlerMapping&apos;
04:57:52.589 [main] DEBUG o.s.b.f.s.DefaultListableBeanFactory - Returning cached instance of singleton bean &apos;beanNameHandlerMapping&apos;
04:57:52.589 [main] DEBUG o.s.b.f.s.DefaultListableBeanFactory - Returning cached instance of singleton bean &apos;resourceHandlerMapping&apos;
04:57:52.589 [main] DEBUG o.s.b.f.s.DefaultListableBeanFactory - Returning cached instance of singleton bean &apos;defaultServletHandlerMapping&apos;
04:57:52.590 [main] DEBUG o.s.b.f.s.DefaultListableBeanFactory - Returning cached instance of singleton bean &apos;requestMappingHandlerAdapter&apos;
04:57:52.590 [main] DEBUG o.s.b.f.s.DefaultListableBeanFactory - Returning cached instance of singleton bean &apos;httpRequestHandlerAdapter&apos;
04:57:52.590 [main] DEBUG o.s.b.f.s.DefaultListableBeanFactory - Returning cached instance of singleton bean &apos;simpleControllerHandlerAdapter&apos;
04:57:52.590 [main] DEBUG o.s.b.f.s.DefaultListableBeanFactory - Returning cached instance of singleton bean &apos;handlerExceptionResolver&apos;
04:57:52.590 [main] DEBUG o.s.b.f.s.DefaultListableBeanFactory - Creating instance of bean &apos;org.springframework.web.servlet.view.DefaultRequestToViewNameTranslator&apos;
04:57:52.591 [main] DEBUG o.s.b.f.s.DefaultListableBeanFactory - Finished creating instance of bean &apos;org.springframework.web.servlet.view.DefaultRequestToViewNameTranslator&apos;
04:57:52.591 [main] DEBUG o.s.t.w.s.TestDispatcherServlet - Unable to locate RequestToViewNameTranslator with name &apos;viewNameTranslator&apos;: using default [org.springframework.web.servlet.view.DefaultRequestToViewNameTranslator@2cdcf975]
04:57:52.591 [main] DEBUG o.s.b.f.s.DefaultListableBeanFactory - Returning cached instance of singleton bean &apos;mvcViewResolver&apos;
04:57:52.591 [main] DEBUG o.s.b.f.s.DefaultListableBeanFactory - Returning cached instance of singleton bean &apos;viewResolver&apos;
04:57:52.591 [main] DEBUG o.s.b.f.s.DefaultListableBeanFactory - Creating instance of bean &apos;org.springframework.web.servlet.support.SessionFlashMapManager&apos;
04:57:52.591 [main] DEBUG o.s.b.f.s.DefaultListableBeanFactory - Finished creating instance of bean &apos;org.springframework.web.servlet.support.SessionFlashMapManager&apos;
04:57:52.591 [main] DEBUG o.s.t.w.s.TestDispatcherServlet - Unable to locate FlashMapManager with name &apos;flashMapManager&apos;: using default [org.springframework.web.servlet.support.SessionFlashMapManager@3bb9cd1d]
04:57:52.591 [main] DEBUG o.s.t.w.s.TestDispatcherServlet - Published WebApplicationContext of servlet &apos;&apos; as ServletContext attribute with name [org.springframework.web.servlet.FrameworkServlet.CONTEXT.]
04:57:52.591 [main] INFO  o.s.t.w.s.TestDispatcherServlet - FrameworkServlet &apos;&apos;: initialization completed in 3 ms
04:57:52.591 [main] DEBUG o.s.t.w.s.TestDispatcherServlet - Servlet &apos;&apos; configured successfully
04:57:52.591 [main] DEBUG o.h.e.t.internal.TransactionImpl - begin
04:57:52.592 [main] DEBUG org.hibernate.SQL - select this_.username as username1_15_0_, this_.enabled as enabled2_15_0_, this_.password as password3_15_0_, this_.role as role4_15_0_ from Users this_ where this_.username=? and this_.role=?
Hibernate: select this_.username as username1_15_0_, this_.enabled as enabled2_15_0_, this_.password as password3_15_0_, this_.role as role4_15_0_ from Users this_ where this_.username=? and this_.role=?
04:57:52.593 [main] DEBUG org.hibernate.loader.Loader - Result set row: 0
04:57:52.594 [main] DEBUG org.hibernate.loader.Loader - Result row: EntityKey[edu.ncsu.csc.itrust2.models.persistent.User#antti]
04:57:52.594 [main] DEBUG o.h.engine.internal.TwoPhaseLoad - Resolving associations for [edu.ncsu.csc.itrust2.models.persistent.User#antti]
04:57:52.594 [main] DEBUG o.h.engine.internal.TwoPhaseLoad - Done materializing entity [edu.ncsu.csc.itrust2.models.persistent.User#antti]
04:57:52.594 [main] DEBUG o.h.e.t.internal.TransactionImpl - committing
04:57:52.595 [main] DEBUG o.h.e.i.AbstractFlushingEventListener - Processing flush-time cascades
04:57:52.595 [main] DEBUG o.h.e.i.AbstractFlushingEventListener - Dirty checking collections
04:57:52.595 [main] DEBUG o.h.e.i.AbstractFlushingEventListener - Flushed: 0 insertions, 0 updates, 0 deletions to 1 objects
04:57:52.595 [main] DEBUG o.h.e.i.AbstractFlushingEventListener - Flushed: 0 (re)creations, 0 updates, 0 removals to 0 collections
04:57:52.595 [main] DEBUG o.h.internal.util.EntityPrinter - Listing entities:
04:57:52.595 [main] DEBUG o.h.internal.util.EntityPrinter - edu.ncsu.csc.itrust2.models.persistent.User{password=$2a$10$29JPteIyfZyptmIHyaLdf.8DfI092cX5JW6BcTvx/mbya.4h5rS42, role=ROLE_PATIENT, enabled=1, username=antti}
04:57:52.596 [main] DEBUG o.h.e.t.internal.TransactionImpl - begin
04:57:52.597 [main] DEBUG org.hibernate.SQL - select this_.username as username1_15_0_, this_.enabled as enabled2_15_0_, this_.password as password3_15_0_, this_.role as role4_15_0_ from Users this_ where this_.username=? and this_.role=?
Hibernate: select this_.username as username1_15_0_, this_.enabled as enabled2_15_0_, this_.password as password3_15_0_, this_.role as role4_15_0_ from Users this_ where this_.username=? and this_.role=?
04:57:52.599 [main] DEBUG o.h.e.t.internal.TransactionImpl - committing
04:57:52.599 [main] DEBUG o.h.e.t.internal.TransactionImpl - begin
04:57:52.600 [main] DEBUG org.hibernate.SQL - select this_.username as username1_15_0_, this_.enabled as enabled2_15_0_, this_.password as password3_15_0_, this_.role as role4_15_0_ from Users this_ where this_.username=? and this_.role=?
Hibernate: select this_.username as username1_15_0_, this_.enabled as enabled2_15_0_, this_.password as password3_15_0_, this_.role as role4_15_0_ from Users this_ where this_.username=? and this_.role=?
04:57:52.601 [main] DEBUG o.h.e.t.internal.TransactionImpl - committing
04:57:52.605 [main] DEBUG o.h.e.t.internal.TransactionImpl - begin
04:57:52.606 [main] DEBUG org.hibernate.SQL - select patient_.self_id, patient_.address1 as address1_12_, patient_.address2 as address2_12_, patient_.bloodType as bloodTyp3_12_, patient_.causeOfDeath as causeOfD4_12_, patient_.city as city5_12_, patient_.dateOfBirth as dateOfBi6_12_, patient_.dateOfDeath as dateOfDe7_12_, patient_.email as email8_12_, patient_.ethnicity as ethnicit9_12_, patient_.father_id as father_19_12_, patient_.firstName as firstNa10_12_, patient_.gender as gender11_12_, patient_.id as id12_12_, patient_.lastName as lastNam13_12_, patient_.mother_id as mother_20_12_, patient_.phone as phone14_12_, patient_.preferredName as preferr15_12_, patient_.state as state16_12_, patient_.zip as zip17_12_ from Patients patient_ where patient_.self_id=?
Hibernate: select patient_.self_id, patient_.address1 as address1_12_, patient_.address2 as address2_12_, patient_.bloodType as bloodTyp3_12_, patient_.causeOfDeath as causeOfD4_12_, patient_.city as city5_12_, patient_.dateOfBirth as dateOfBi6_12_, patient_.dateOfDeath as dateOfDe7_12_, patient_.email as email8_12_, patient_.ethnicity as ethnicit9_12_, patient_.father_id as father_19_12_, patient_.firstName as firstNa10_12_, patient_.gender as gender11_12_, patient_.id as id12_12_, patient_.lastName as lastNam13_12_, patient_.mother_id as mother_20_12_, patient_.phone as phone14_12_, patient_.preferredName as preferr15_12_, patient_.state as state16_12_, patient_.zip as zip17_12_ from Patients patient_ where patient_.self_id=?
04:57:52.607 [main] DEBUG o.h.r.j.i.ResourceRegistryStandardImpl - HHH000387: ResultSet&apos;s statement was not registered
04:57:52.608 [main] DEBUG o.h.e.t.internal.TransactionImpl - committing
04:57:52.608 [main] DEBUG o.h.e.i.AbstractFlushingEventListener - Processing flush-time cascades
04:57:52.608 [main] DEBUG o.h.e.i.AbstractFlushingEventListener - Dirty checking collections
04:57:52.608 [main] DEBUG o.h.e.i.AbstractFlushingEventListener - Flushed: 0 insertions, 0 updates, 0 deletions to 1 objects
04:57:52.608 [main] DEBUG o.h.e.i.AbstractFlushingEventListener - Flushed: 0 (re)creations, 0 updates, 0 removals to 0 collections
04:57:52.608 [main] DEBUG o.h.internal.util.EntityPrinter - Listing entities:
04:57:52.608 [main] DEBUG o.h.internal.util.EntityPrinter - edu.ncsu.csc.itrust2.models.persistent.Patient{zip=27514, lastName=Walhelm, ethnicity=Caucasian, gender=Male, address2=Some Location, city=Viipuri, dateOfDeath=null, address1=1 Test Street, father=null, dateOfBirth=java.util.GregorianCalendar[time=235180800000,areFieldsSet=true,areAllFieldsSet=true,lenient=true,zone=sun.util.calendar.ZoneInfo[id=&quot;Etc/UTC&quot;,offset=0,dstSavings=0,useDaylight=false,transitions=0,lastRule=null],firstDayOfWeek=1,minimalDaysInFirstWeek=1,ERA=1,YEAR=1977,MONTH=5,WEEK_OF_YEAR=25,WEEK_OF_MONTH=3,DAY_OF_MONTH=15,DAY_OF_YEAR=166,DAY_OF_WEEK=4,DAY_OF_WEEK_IN_MONTH=3,AM_PM=0,HOUR=0,HOUR_OF_DAY=0,MINUTE=0,SECOND=0,MILLISECOND=0,ZONE_OFFSET=0,DST_OFFSET=0], bloodType=APos, firstName=Antti, mother=null, phone=123-456-7890, id=null, preferredName=null, state=NC, causeOfDeath=null, email=antti@itrust.fi}
04:57:52.610 [main] DEBUG o.s.t.w.s.TestDispatcherServlet - DispatcherServlet with name &apos;&apos; processing PUT request for [/api/v1/patients/antti]
04:57:52.610 [main] DEBUG o.s.w.s.m.m.a.RequestMappingHandlerMapping - Looking up handler method for path /api/v1/patients/antti
04:57:52.611 [main] DEBUG o.s.w.s.m.m.a.RequestMappingHandlerMapping - Returning handler method [public org.springframework.http.ResponseEntity edu.ncsu.csc.itrust2.controllers.api.APIPatientController.updatePatient(java.lang.String,edu.ncsu.csc.itrust2.forms.hcp_patient.PatientForm)]
04:57:52.611 [main] DEBUG o.s.b.f.s.DefaultListableBeanFactory - Returning cached instance of singleton bean &apos;APIPatientController&apos;
04:57:52.611 [main] DEBUG o.s.w.s.m.m.a.RequestResponseBodyMethodProcessor - Read [class edu.ncsu.csc.itrust2.forms.hcp_patient.PatientForm] as &quot;application/json&quot; with [org.springframework.http.converter.json.GsonHttpMessageConverter@75a87b8c]
04:57:52.612 [main] DEBUG o.h.e.t.internal.TransactionImpl - begin
04:57:52.613 [main] DEBUG org.hibernate.SQL - select this_.username as username1_15_0_, this_.enabled as enabled2_15_0_, this_.password as password3_15_0_, this_.role as role4_15_0_ from Users this_ where this_.username=? and this_.role=?
Hibernate: select this_.username as username1_15_0_, this_.enabled as enabled2_15_0_, this_.password as password3_15_0_, this_.role as role4_15_0_ from Users this_ where this_.username=? and this_.role=?
04:57:52.614 [main] DEBUG org.hibernate.loader.Loader - Result set row: 0
04:57:52.614 [main] DEBUG org.hibernate.loader.Loader - Result row: EntityKey[edu.ncsu.csc.itrust2.models.persistent.User#antti]
04:57:52.614 [main] DEBUG o.h.engine.internal.TwoPhaseLoad - Resolving associations for [edu.ncsu.csc.itrust2.models.persistent.User#antti]
04:57:52.614 [main] DEBUG o.h.engine.internal.TwoPhaseLoad - Done materializing entity [edu.ncsu.csc.itrust2.models.persistent.User#antti]
04:57:52.614 [main] DEBUG o.h.e.t.internal.TransactionImpl - committing
04:57:52.614 [main] DEBUG o.h.e.i.AbstractFlushingEventListener - Processing flush-time cascades
04:57:52.615 [main] DEBUG o.h.e.i.AbstractFlushingEventListener - Dirty checking collections
04:57:52.615 [main] DEBUG o.h.e.i.AbstractFlushingEventListener - Flushed: 0 insertions, 0 updates, 0 deletions to 1 objects
04:57:52.615 [main] DEBUG o.h.e.i.AbstractFlushingEventListener - Flushed: 0 (re)creations, 0 updates, 0 removals to 0 collections
04:57:52.615 [main] DEBUG o.h.internal.util.EntityPrinter - Listing entities:
04:57:52.615 [main] DEBUG o.h.internal.util.EntityPrinter - edu.ncsu.csc.itrust2.models.persistent.User{password=$2a$10$29JPteIyfZyptmIHyaLdf.8DfI092cX5JW6BcTvx/mbya.4h5rS42, role=ROLE_PATIENT, enabled=1, username=antti}
04:57:52.615 [main] DEBUG o.h.e.t.internal.TransactionImpl - begin
04:57:52.616 [main] DEBUG org.hibernate.SQL - select this_.username as username1_15_0_, this_.enabled as enabled2_15_0_, this_.password as password3_15_0_, this_.role as role4_15_0_ from Users this_ where this_.username=? and this_.role=?
Hibernate: select this_.username as username1_15_0_, this_.enabled as enabled2_15_0_, this_.password as password3_15_0_, this_.role as role4_15_0_ from Users this_ where this_.username=? and this_.role=?
04:57:52.617 [main] DEBUG o.h.e.t.internal.TransactionImpl - committing
04:57:52.617 [main] DEBUG o.h.e.t.internal.TransactionImpl - begin
04:57:52.626 [main] DEBUG org.hibernate.SQL - select this_.username as username1_15_0_, this_.enabled as enabled2_15_0_, this_.password as password3_15_0_, this_.role as role4_15_0_ from Users this_ where this_.username=? and this_.role=?
Hibernate: select this_.username as username1_15_0_, this_.enabled as enabled2_15_0_, this_.password as password3_15_0_, this_.role as role4_15_0_ from Users this_ where this_.username=? and this_.role=?
04:57:52.627 [main] DEBUG o.h.e.t.internal.TransactionImpl - committing
04:57:52.628 [main] DEBUG o.h.e.t.internal.TransactionImpl - begin
04:57:52.629 [main] DEBUG org.hibernate.SQL - select this_.username as username1_15_0_, this_.enabled as enabled2_15_0_, this_.password as password3_15_0_, this_.role as role4_15_0_ from Users this_ where this_.username=? and this_.role=?
Hibernate: select this_.username as username1_15_0_, this_.enabled as enabled2_15_0_, this_.password as password3_15_0_, this_.role as role4_15_0_ from Users this_ where this_.username=? and this_.role=?
04:57:52.630 [main] DEBUG org.hibernate.loader.Loader - Result set row: 0
04:57:52.630 [main] DEBUG org.hibernate.loader.Loader - Result row: EntityKey[edu.ncsu.csc.itrust2.models.persistent.User#antti]
04:57:52.630 [main] DEBUG o.h.engine.internal.TwoPhaseLoad - Resolving associations for [edu.ncsu.csc.itrust2.models.persistent.User#antti]
04:57:52.630 [main] DEBUG o.h.engine.internal.TwoPhaseLoad - Done materializing entity [edu.ncsu.csc.itrust2.models.persistent.User#antti]
04:57:52.630 [main] DEBUG o.h.e.t.internal.TransactionImpl - committing
04:57:52.630 [main] DEBUG o.h.e.i.AbstractFlushingEventListener - Processing flush-time cascades
04:57:52.630 [main] DEBUG o.h.e.i.AbstractFlushingEventListener - Dirty checking collections
04:57:52.631 [main] DEBUG o.h.e.i.AbstractFlushingEventListener - Flushed: 0 insertions, 0 updates, 0 deletions to 1 objects
04:57:52.631 [main] DEBUG o.h.e.i.AbstractFlushingEventListener - Flushed: 0 (re)creations, 0 updates, 0 removals to 0 collections
04:57:52.631 [main] DEBUG o.h.internal.util.EntityPrinter - Listing entities:
04:57:52.631 [main] DEBUG o.h.internal.util.EntityPrinter - edu.ncsu.csc.itrust2.models.persistent.User{password=$2a$10$29JPteIyfZyptmIHyaLdf.8DfI092cX5JW6BcTvx/mbya.4h5rS42, role=ROLE_PATIENT, enabled=1, username=antti}
04:57:52.631 [main] DEBUG o.h.e.t.internal.TransactionImpl - begin
04:57:52.632 [main] DEBUG org.hibernate.SQL - select this_.self_id as self_id18_12_2_, this_.address1 as address1_12_2_, this_.address2 as address2_12_2_, this_.bloodType as bloodTyp3_12_2_, this_.causeOfDeath as causeOfD4_12_2_, this_.city as city5_12_2_, this_.dateOfBirth as dateOfBi6_12_2_, this_.dateOfDeath as dateOfDe7_12_2_, this_.email as email8_12_2_, this_.ethnicity as ethnicit9_12_2_, this_.father_id as father_19_12_2_, this_.firstName as firstNa10_12_2_, this_.gender as gender11_12_2_, this_.id as id12_12_2_, this_.lastName as lastNam13_12_2_, this_.mother_id as mother_20_12_2_, this_.phone as phone14_12_2_, this_.preferredName as preferr15_12_2_, this_.state as state16_12_2_, this_.zip as zip17_12_2_, user2_.username as username1_15_0_, user2_.enabled as enabled2_15_0_, user2_.password as password3_15_0_, user2_.role as role4_15_0_, user3_.username as username1_15_1_, user3_.enabled as enabled2_15_1_, user3_.password as password3_15_1_, user3_.role as role4_15_1_ from Patients this_ left outer join Users user2_ on this_.father_id=user2_.username left outer join Users user3_ on this_.mother_id=user3_.username where this_.self_id=?
Hibernate: select this_.self_id as self_id18_12_2_, this_.address1 as address1_12_2_, this_.address2 as address2_12_2_, this_.bloodType as bloodTyp3_12_2_, this_.causeOfDeath as causeOfD4_12_2_, this_.city as city5_12_2_, this_.dateOfBirth as dateOfBi6_12_2_, this_.dateOfDeath as dateOfDe7_12_2_, this_.email as email8_12_2_, this_.ethnicity as ethnicit9_12_2_, this_.father_id as father_19_12_2_, this_.firstName as firstNa10_12_2_, this_.gender as gender11_12_2_, this_.id as id12_12_2_, this_.lastName as lastNam13_12_2_, this_.mother_id as mother_20_12_2_, this_.phone as phone14_12_2_, this_.preferredName as preferr15_12_2_, this_.state as state16_12_2_, this_.zip as zip17_12_2_, user2_.username as username1_15_0_, user2_.enabled as enabled2_15_0_, user2_.password as password3_15_0_, user2_.role as role4_15_0_, user3_.username as username1_15_1_, user3_.enabled as enabled2_15_1_, user3_.password as password3_15_1_, user3_.role as role4_15_1_ from Patients this_ left outer join Users user2_ on this_.father_id=user2_.username left outer join Users user3_ on this_.mother_id=user3_.username where this_.self_id=?
04:57:52.633 [main] DEBUG org.hibernate.loader.Loader - Result set row: 0
04:57:52.633 [main] DEBUG org.hibernate.SQL - select user0_.username as username1_15_0_, user0_.enabled as enabled2_15_0_, user0_.password as password3_15_0_, user0_.role as role4_15_0_ from Users user0_ where user0_.username=?
Hibernate: select user0_.username as username1_15_0_, user0_.enabled as enabled2_15_0_, user0_.password as password3_15_0_, user0_.role as role4_15_0_ from Users user0_ where user0_.username=?
04:57:52.642 [main] DEBUG o.h.l.p.e.p.i.ResultSetProcessorImpl - Starting ResultSet row #0
04:57:52.642 [main] DEBUG o.h.l.p.e.p.i.EntityReferenceInitializerImpl - On call to EntityIdentifierReaderImpl#resolve, EntityKey was already known; should only happen on root returns with an optional identifier specified
04:57:52.642 [main] DEBUG o.h.engine.internal.TwoPhaseLoad - Resolving associations for [edu.ncsu.csc.itrust2.models.persistent.User#antti]
04:57:52.642 [main] DEBUG o.h.engine.internal.TwoPhaseLoad - Done materializing entity [edu.ncsu.csc.itrust2.models.persistent.User#antti]
04:57:52.643 [main] DEBUG o.h.r.j.i.ResourceRegistryStandardImpl - HHH000387: ResultSet&apos;s statement was not registered
04:57:52.643 [main] DEBUG o.h.l.e.p.AbstractLoadPlanBasedEntityLoader - Done entity load : edu.ncsu.csc.itrust2.models.persistent.User#antti
04:57:52.643 [main] DEBUG org.hibernate.loader.Loader - Result row: null, null, EntityKey[edu.ncsu.csc.itrust2.models.persistent.Patient#component[self]{self=edu.ncsu.csc.itrust2.models.persistent.User#antti}]
04:57:52.643 [main] DEBUG o.h.engine.internal.TwoPhaseLoad - Resolving associations for [edu.ncsu.csc.itrust2.models.persistent.Patient#component[self]{self=edu.ncsu.csc.itrust2.models.persistent.User#antti}]
04:57:52.643 [main] DEBUG o.h.engine.internal.TwoPhaseLoad - Done materializing entity [edu.ncsu.csc.itrust2.models.persistent.Patient#component[self]{self=edu.ncsu.csc.itrust2.models.persistent.User#antti}]
04:57:52.643 [main] DEBUG o.h.e.t.internal.TransactionImpl - committing
04:57:52.643 [main] DEBUG o.h.e.i.AbstractFlushingEventListener - Processing flush-time cascades
04:57:52.643 [main] DEBUG o.h.e.i.AbstractFlushingEventListener - Dirty checking collections
04:57:52.644 [main] DEBUG o.h.e.i.AbstractFlushingEventListener - Flushed: 0 insertions, 0 updates, 0 deletions to 2 objects
04:57:52.644 [main] DEBUG o.h.e.i.AbstractFlushingEventListener - Flushed: 0 (re)creations, 0 updates, 0 removals to 0 collections
04:57:52.644 [main] DEBUG o.h.internal.util.EntityPrinter - Listing entities:
04:57:52.644 [main] DEBUG o.h.internal.util.EntityPrinter - edu.ncsu.csc.itrust2.models.persistent.User{password=$2a$10$29JPteIyfZyptmIHyaLdf.8DfI092cX5JW6BcTvx/mbya.4h5rS42, role=ROLE_PATIENT, enabled=1, username=antti}
04:57:52.644 [main] DEBUG o.h.internal.util.EntityPrinter - edu.ncsu.csc.itrust2.models.persistent.Patient{zip=27514, lastName=Walhelm, ethnicity=Caucasian, gender=Male, address2=Some Location, city=Viipuri, dateOfDeath=null, address1=1 Test Street, father=null, dateOfBirth=java.util.GregorianCalendar[time=235180800000,areFieldsSet=true,areAllFieldsSet=true,lenient=true,zone=sun.util.calendar.ZoneInfo[id=&quot;Etc/UTC&quot;,offset=0,dstSavings=0,useDaylight=false,transitions=0,lastRule=null],firstDayOfWeek=1,minimalDaysInFirstWeek=1,ERA=1,YEAR=1977,MONTH=5,WEEK_OF_YEAR=25,WEEK_OF_MONTH=3,DAY_OF_MONTH=15,DAY_OF_YEAR=166,DAY_OF_WEEK=4,DAY_OF_WEEK_IN_MONTH=3,AM_PM=0,HOUR=0,HOUR_OF_DAY=0,MINUTE=0,SECOND=0,MILLISECOND=0,ZONE_OFFSET=0,DST_OFFSET=0], bloodType=APos, firstName=Antti, mother=null, phone=123-456-7890, id=null, preferredName=null, state=NC, causeOfDeath=null, email=antti@itrust.fi}
04:57:52.645 [main] DEBUG o.s.w.s.m.m.a.HttpEntityMethodProcessor - Written [{&quot;status&quot;:&quot;failed&quot;,&quot;message&quot;:&quot;No Patient found for id antti&quot;}] as &quot;text/plain&quot; using [org.springframework.http.converter.StringHttpMessageConverter@7d41615a]
04:57:52.645 [main] DEBUG o.s.t.w.s.TestDispatcherServlet - Null ModelAndView returned to DispatcherServlet with name &apos;&apos;: assuming HandlerAdapter completed request handling
04:57:52.645 [main] DEBUG o.s.t.w.s.TestDispatcherServlet - Successfully completed request
04:57:52.646 [main] DEBUG o.s.t.c.s.AbstractDirtiesContextTestExecutionListener - After test method: context [DefaultTestContext@4841c5e8 testClass = APIPatientTest, testInstance = edu.ncsu.csc.itrust2.apitest.APIPatientTest@316129ae, testMethod = testPatientAsPatient@APIPatientTest, testException = java.lang.AssertionError: Status expected:&lt;200&gt; but was:&lt;404&gt;, mergedContextConfiguration = [WebMergedContextConfiguration@3c726515 testClass = APIPatientTest, locations = &apos;{}&apos;, classes = &apos;{class edu.ncsu.csc.itrust2.config.RootConfiguration, class edu.ncsu.csc.itrust2.mvc.config.WebMvcConfiguration}&apos;, contextInitializerClasses = &apos;[]&apos;, activeProfiles = &apos;{}&apos;, propertySourceLocations = &apos;{}&apos;, propertySourceProperties = &apos;{}&apos;, contextCustomizers = set[[empty]], resourceBasePath = &apos;src/main/webapp&apos;, contextLoader = &apos;org.springframework.test.context.web.WebDelegatingSmartContextLoader&apos;, parent = [null]]], class annotated with @DirtiesContext [false] with mode [null], method annotated with @DirtiesContext [false] with mode [null].
04:57:52.646 [main] DEBUG o.s.t.c.w.ServletTestExecutionListener - Resetting RequestContextHolder for test context [DefaultTestContext@4841c5e8 testClass = APIPatientTest, testInstance = edu.ncsu.csc.itrust2.apitest.APIPatientTest@316129ae, testMethod = testPatientAsPatient@APIPatientTest, testException = java.lang.AssertionError: Status expected:&lt;200&gt; but was:&lt;404&gt;, mergedContextConfiguration = [WebMergedContextConfiguration@3c726515 testClass = APIPatientTest, locations = &apos;{}&apos;, classes = &apos;{class edu.ncsu.csc.itrust2.config.RootConfiguration, class edu.ncsu.csc.itrust2.mvc.config.WebMvcConfiguration}&apos;, contextInitializerClasses = &apos;[]&apos;, activeProfiles = &apos;{}&apos;, propertySourceLocations = &apos;{}&apos;, propertySourceProperties = &apos;{}&apos;, contextCustomizers = set[[empty]], resourceBasePath = &apos;src/main/webapp&apos;, contextLoader = &apos;org.springframework.test.context.web.WebDelegatingSmartContextLoader&apos;, parent = [null]]].
</stdout>
          <failedSince>8</failedSince>
        </case>
        <case>
          <duration>0.013</duration>
          <className>edu.ncsu.csc.itrust2.apitest.APIPatientTest</className>
          <testName>testPatientUnauthenticated</testName>
          <skipped>false</skipped>
          <failedSince>0</failedSince>
        </case>
      </cases>
    </suite>
    <suite>
      <file>/var/lib/jenkins/workspace/iTrust-Fuzz-Job/iTrust2-v2/iTrust/iTrust2/target/surefire-reports/TEST-edu.ncsu.csc.itrust2.apitest.APIPersonnelTest.xml</file>
      <name>edu.ncsu.csc.itrust2.apitest.APIPersonnelTest</name>
      <duration>12.541</duration>
      <time>12.541</time>
      <enclosingBlocks/>
      <enclosingBlockNames/>
      <cases>
        <case>
          <duration>5.76</duration>
          <className>edu.ncsu.csc.itrust2.apitest.APIPersonnelTest</className>
          <testName>testGetNonExistentPersonnel</testName>
          <skipped>false</skipped>
          <failedSince>0</failedSince>
        </case>
        <case>
          <duration>0.549</duration>
          <className>edu.ncsu.csc.itrust2.apitest.APIPersonnelTest</className>
          <testName>testPersonnelAPI</testName>
          <skipped>false</skipped>
          <failedSince>0</failedSince>
        </case>
      </cases>
    </suite>
    <suite>
      <file>/var/lib/jenkins/workspace/iTrust-Fuzz-Job/iTrust2-v2/iTrust/iTrust2/target/surefire-reports/TEST-edu.ncsu.csc.itrust2.apitest.APIPrescriptionTest.xml</file>
      <name>edu.ncsu.csc.itrust2.apitest.APIPrescriptionTest</name>
      <duration>0.014</duration>
      <time>0.014</time>
      <enclosingBlocks/>
      <enclosingBlockNames/>
      <cases>
        <case>
          <duration>0.014</duration>
          <className>edu.ncsu.csc.itrust2.apitest.APIPrescriptionTest</className>
          <testName>testPrescriptionAPI</testName>
          <skipped>false</skipped>
          <errorStackTrace>java.lang.AssertionError: expected:&lt;568&gt; but was:&lt;null&gt;
	at edu.ncsu.csc.itrust2.apitest.APIPrescriptionTest.testPrescriptionAPI(APIPrescriptionTest.java:150)
</errorStackTrace>
          <errorDetails>expected:&lt;568&gt; but was:&lt;null&gt;</errorDetails>
          <stdout>04:58:01.017 [main] DEBUG o.s.t.c.j.SpringJUnit4ClassRunner - SpringJUnit4ClassRunner constructor called with [class edu.ncsu.csc.itrust2.apitest.APIPrescriptionTest]
04:58:01.017 [main] DEBUG o.s.test.context.BootstrapUtils - Instantiating CacheAwareContextLoaderDelegate from class [org.springframework.test.context.cache.DefaultCacheAwareContextLoaderDelegate]
04:58:01.017 [main] DEBUG o.s.test.context.BootstrapUtils - Instantiating BootstrapContext using constructor [public org.springframework.test.context.support.DefaultBootstrapContext(java.lang.Class,org.springframework.test.context.CacheAwareContextLoaderDelegate)]
04:58:01.018 [main] DEBUG o.s.test.context.BootstrapUtils - Instantiating TestContextBootstrapper for test class [edu.ncsu.csc.itrust2.apitest.APIPrescriptionTest] from class [org.springframework.test.context.web.WebTestContextBootstrapper]
04:58:01.018 [main] DEBUG o.s.t.c.s.AbstractDelegatingSmartContextLoader - Delegating to AnnotationConfigWebContextLoader to process context configuration [ContextConfigurationAttributes@46fd58d6 declaringClass = &apos;edu.ncsu.csc.itrust2.apitest.APIPrescriptionTest&apos;, classes = &apos;{class edu.ncsu.csc.itrust2.config.RootConfiguration, class edu.ncsu.csc.itrust2.mvc.config.WebMvcConfiguration}&apos;, locations = &apos;{}&apos;, inheritLocations = true, initializers = &apos;{}&apos;, inheritInitializers = true, name = [null], contextLoaderClass = &apos;org.springframework.test.context.ContextLoader&apos;].
04:58:01.019 [main] DEBUG o.s.t.c.support.ActiveProfilesUtils - Could not find an &apos;annotation declaring class&apos; for annotation type [org.springframework.test.context.ActiveProfiles] and class [edu.ncsu.csc.itrust2.apitest.APIPrescriptionTest]
04:58:01.019 [main] DEBUG o.s.t.c.w.WebTestContextBootstrapper - @TestExecutionListeners is not present for class [edu.ncsu.csc.itrust2.apitest.APIPrescriptionTest]: using defaults.
04:58:01.021 [main] INFO  o.s.t.c.w.WebTestContextBootstrapper - Loaded default TestExecutionListener class names from location [META-INF/spring.factories]: [org.springframework.security.test.context.support.WithSecurityContextTestExecutionListener, org.springframework.test.context.web.ServletTestExecutionListener, org.springframework.test.context.support.DirtiesContextBeforeModesTestExecutionListener, org.springframework.test.context.support.DependencyInjectionTestExecutionListener, org.springframework.test.context.support.DirtiesContextTestExecutionListener, org.springframework.test.context.transaction.TransactionalTestExecutionListener, org.springframework.test.context.jdbc.SqlScriptsTestExecutionListener]
04:58:01.021 [main] INFO  o.s.t.c.w.WebTestContextBootstrapper - Using TestExecutionListeners: [org.springframework.test.context.web.ServletTestExecutionListener@6e0a93c4, org.springframework.test.context.support.DirtiesContextBeforeModesTestExecutionListener@5af7b1c8, org.springframework.test.context.support.DependencyInjectionTestExecutionListener@296dc9f, org.springframework.test.context.support.DirtiesContextTestExecutionListener@1ee9a95f, org.springframework.test.context.transaction.TransactionalTestExecutionListener@24478df5, org.springframework.test.context.jdbc.SqlScriptsTestExecutionListener@43590144, org.springframework.security.test.context.support.WithSecurityContextTestExecutionListener@779f5f94]
04:58:01.021 [main] DEBUG o.s.t.annotation.ProfileValueUtils - Retrieved @ProfileValueSourceConfiguration [null] for test class [edu.ncsu.csc.itrust2.apitest.APIPrescriptionTest]
04:58:01.022 [main] DEBUG o.s.t.annotation.ProfileValueUtils - Retrieved ProfileValueSource type [class org.springframework.test.annotation.SystemProfileValueSource] for class [edu.ncsu.csc.itrust2.apitest.APIPrescriptionTest]
04:58:01.022 [main] DEBUG o.s.t.annotation.ProfileValueUtils - Retrieved @ProfileValueSourceConfiguration [null] for test class [edu.ncsu.csc.itrust2.apitest.APIPrescriptionTest]
04:58:01.022 [main] DEBUG o.s.t.annotation.ProfileValueUtils - Retrieved ProfileValueSource type [class org.springframework.test.annotation.SystemProfileValueSource] for class [edu.ncsu.csc.itrust2.apitest.APIPrescriptionTest]
04:58:01.022 [main] DEBUG o.s.t.annotation.ProfileValueUtils - Retrieved @ProfileValueSourceConfiguration [null] for test class [edu.ncsu.csc.itrust2.apitest.APIPrescriptionTest]
04:58:01.022 [main] DEBUG o.s.t.annotation.ProfileValueUtils - Retrieved ProfileValueSource type [class org.springframework.test.annotation.SystemProfileValueSource] for class [edu.ncsu.csc.itrust2.apitest.APIPrescriptionTest]
04:58:01.024 [main] DEBUG o.s.t.c.s.AbstractDirtiesContextTestExecutionListener - Before test class: context [DefaultTestContext@246fb369 testClass = APIPrescriptionTest, testInstance = [null], testMethod = [null], testException = [null], mergedContextConfiguration = [WebMergedContextConfiguration@3c5faa34 testClass = APIPrescriptionTest, locations = &apos;{}&apos;, classes = &apos;{class edu.ncsu.csc.itrust2.config.RootConfiguration, class edu.ncsu.csc.itrust2.mvc.config.WebMvcConfiguration}&apos;, contextInitializerClasses = &apos;[]&apos;, activeProfiles = &apos;{}&apos;, propertySourceLocations = &apos;{}&apos;, propertySourceProperties = &apos;{}&apos;, contextCustomizers = set[[empty]], resourceBasePath = &apos;src/main/webapp&apos;, contextLoader = &apos;org.springframework.test.context.web.WebDelegatingSmartContextLoader&apos;, parent = [null]]], class annotated with @DirtiesContext [false] with mode [null].
04:58:01.024 [main] DEBUG o.s.t.annotation.ProfileValueUtils - Retrieved @ProfileValueSourceConfiguration [null] for test class [edu.ncsu.csc.itrust2.apitest.APIPrescriptionTest]
04:58:01.024 [main] DEBUG o.s.t.annotation.ProfileValueUtils - Retrieved ProfileValueSource type [class org.springframework.test.annotation.SystemProfileValueSource] for class [edu.ncsu.csc.itrust2.apitest.APIPrescriptionTest]
04:58:01.028 [main] DEBUG o.s.t.c.c.DefaultCacheAwareContextLoaderDelegate - Retrieved ApplicationContext from cache with key [[WebMergedContextConfiguration@3c5faa34 testClass = APIPrescriptionTest, locations = &apos;{}&apos;, classes = &apos;{class edu.ncsu.csc.itrust2.config.RootConfiguration, class edu.ncsu.csc.itrust2.mvc.config.WebMvcConfiguration}&apos;, contextInitializerClasses = &apos;[]&apos;, activeProfiles = &apos;{}&apos;, propertySourceLocations = &apos;{}&apos;, propertySourceProperties = &apos;{}&apos;, contextCustomizers = set[[empty]], resourceBasePath = &apos;src/main/webapp&apos;, contextLoader = &apos;org.springframework.test.context.web.WebDelegatingSmartContextLoader&apos;, parent = [null]]]
04:58:01.029 [main] DEBUG o.springframework.test.context.cache - Spring test ApplicationContext cache statistics: [DefaultContextCache@3bc22ada size = 1, maxSize = 32, parentContextCount = 0, hitCount = 55, missCount = 1]
04:58:01.029 [main] DEBUG o.s.t.c.w.ServletTestExecutionListener - Setting up MockHttpServletRequest, MockHttpServletResponse, ServletWebRequest, and RequestContextHolder for test context [DefaultTestContext@246fb369 testClass = APIPrescriptionTest, testInstance = edu.ncsu.csc.itrust2.apitest.APIPrescriptionTest@3787cfda, testMethod = [null], testException = [null], mergedContextConfiguration = [WebMergedContextConfiguration@3c5faa34 testClass = APIPrescriptionTest, locations = &apos;{}&apos;, classes = &apos;{class edu.ncsu.csc.itrust2.config.RootConfiguration, class edu.ncsu.csc.itrust2.mvc.config.WebMvcConfiguration}&apos;, contextInitializerClasses = &apos;[]&apos;, activeProfiles = &apos;{}&apos;, propertySourceLocations = &apos;{}&apos;, propertySourceProperties = &apos;{}&apos;, contextCustomizers = set[[empty]], resourceBasePath = &apos;src/main/webapp&apos;, contextLoader = &apos;org.springframework.test.context.web.WebDelegatingSmartContextLoader&apos;, parent = [null]]].
04:58:01.029 [main] DEBUG o.s.t.c.s.DependencyInjectionTestExecutionListener - Performing dependency injection for test context [[DefaultTestContext@246fb369 testClass = APIPrescriptionTest, testInstance = edu.ncsu.csc.itrust2.apitest.APIPrescriptionTest@3787cfda, testMethod = [null], testException = [null], mergedContextConfiguration = [WebMergedContextConfiguration@3c5faa34 testClass = APIPrescriptionTest, locations = &apos;{}&apos;, classes = &apos;{class edu.ncsu.csc.itrust2.config.RootConfiguration, class edu.ncsu.csc.itrust2.mvc.config.WebMvcConfiguration}&apos;, contextInitializerClasses = &apos;[]&apos;, activeProfiles = &apos;{}&apos;, propertySourceLocations = &apos;{}&apos;, propertySourceProperties = &apos;{}&apos;, contextCustomizers = set[[empty]], resourceBasePath = &apos;src/main/webapp&apos;, contextLoader = &apos;org.springframework.test.context.web.WebDelegatingSmartContextLoader&apos;, parent = [null]]]].
04:58:01.029 [main] DEBUG o.s.t.c.c.DefaultCacheAwareContextLoaderDelegate - Retrieved ApplicationContext from cache with key [[WebMergedContextConfiguration@3c5faa34 testClass = APIPrescriptionTest, locations = &apos;{}&apos;, classes = &apos;{class edu.ncsu.csc.itrust2.config.RootConfiguration, class edu.ncsu.csc.itrust2.mvc.config.WebMvcConfiguration}&apos;, contextInitializerClasses = &apos;[]&apos;, activeProfiles = &apos;{}&apos;, propertySourceLocations = &apos;{}&apos;, propertySourceProperties = &apos;{}&apos;, contextCustomizers = set[[empty]], resourceBasePath = &apos;src/main/webapp&apos;, contextLoader = &apos;org.springframework.test.context.web.WebDelegatingSmartContextLoader&apos;, parent = [null]]]
04:58:01.030 [main] DEBUG o.springframework.test.context.cache - Spring test ApplicationContext cache statistics: [DefaultContextCache@3bc22ada size = 1, maxSize = 32, parentContextCount = 0, hitCount = 56, missCount = 1]
04:58:01.031 [main] DEBUG o.s.b.f.annotation.InjectionMetadata - Processing injected element of bean &apos;edu.ncsu.csc.itrust2.apitest.APIPrescriptionTest&apos;: AutowiredFieldElement for private org.springframework.web.context.WebApplicationContext edu.ncsu.csc.itrust2.apitest.APIPrescriptionTest.context
04:58:01.032 [main] DEBUG o.s.b.f.a.AutowiredAnnotationBeanPostProcessor - Autowiring by type from bean name &apos;edu.ncsu.csc.itrust2.apitest.APIPrescriptionTest&apos; to bean named &apos;org.springframework.web.context.support.GenericWebApplicationContext@37df14d1&apos;
04:58:01.032 [main] DEBUG o.s.b.f.s.DefaultListableBeanFactory - Returning cached instance of singleton bean &apos;metaDataSourceAdvisor&apos;
04:58:01.037 [main] DEBUG o.s.t.c.s.AbstractDirtiesContextTestExecutionListener - Before test method: context [DefaultTestContext@246fb369 testClass = APIPrescriptionTest, testInstance = edu.ncsu.csc.itrust2.apitest.APIPrescriptionTest@3787cfda, testMethod = testPrescriptionAPI@APIPrescriptionTest, testException = [null], mergedContextConfiguration = [WebMergedContextConfiguration@3c5faa34 testClass = APIPrescriptionTest, locations = &apos;{}&apos;, classes = &apos;{class edu.ncsu.csc.itrust2.config.RootConfiguration, class edu.ncsu.csc.itrust2.mvc.config.WebMvcConfiguration}&apos;, contextInitializerClasses = &apos;[]&apos;, activeProfiles = &apos;{}&apos;, propertySourceLocations = &apos;{}&apos;, propertySourceProperties = &apos;{}&apos;, contextCustomizers = set[[empty]], resourceBasePath = &apos;src/main/webapp&apos;, contextLoader = &apos;org.springframework.test.context.web.WebDelegatingSmartContextLoader&apos;, parent = [null]]], class annotated with @DirtiesContext [false] with mode [null], method annotated with @DirtiesContext [false] with mode [null].
04:58:01.037 [main] DEBUG o.s.t.c.c.DefaultCacheAwareContextLoaderDelegate - Retrieved ApplicationContext from cache with key [[WebMergedContextConfiguration@3c5faa34 testClass = APIPrescriptionTest, locations = &apos;{}&apos;, classes = &apos;{class edu.ncsu.csc.itrust2.config.RootConfiguration, class edu.ncsu.csc.itrust2.mvc.config.WebMvcConfiguration}&apos;, contextInitializerClasses = &apos;[]&apos;, activeProfiles = &apos;{}&apos;, propertySourceLocations = &apos;{}&apos;, propertySourceProperties = &apos;{}&apos;, contextCustomizers = set[[empty]], resourceBasePath = &apos;src/main/webapp&apos;, contextLoader = &apos;org.springframework.test.context.web.WebDelegatingSmartContextLoader&apos;, parent = [null]]]
04:58:01.038 [main] DEBUG o.springframework.test.context.cache - Spring test ApplicationContext cache statistics: [DefaultContextCache@3bc22ada size = 1, maxSize = 32, parentContextCount = 0, hitCount = 57, missCount = 1]
04:58:01.038 [main] DEBUG o.s.b.f.s.DefaultListableBeanFactory - Creating instance of bean &apos;org.springframework.security.test.context.support.WithMockUserSecurityContextFactory&apos;
04:58:01.039 [main] DEBUG o.s.b.f.s.DefaultListableBeanFactory - Finished creating instance of bean &apos;org.springframework.security.test.context.support.WithMockUserSecurityContextFactory&apos;
04:58:01.039 [main] DEBUG o.s.t.w.s.TestDispatcherServlet - Initializing servlet &apos;&apos;
04:58:01.039 [main] DEBUG o.s.w.c.s.StandardServletEnvironment - Adding [servletConfigInitParams] PropertySource with lowest search precedence
04:58:01.039 [main] DEBUG o.s.w.c.s.StandardServletEnvironment - Adding [servletContextInitParams] PropertySource with lowest search precedence
04:58:01.039 [main] DEBUG o.s.w.c.s.StandardServletEnvironment - Adding [systemProperties] PropertySource with lowest search precedence
04:58:01.039 [main] DEBUG o.s.w.c.s.StandardServletEnvironment - Adding [systemEnvironment] PropertySource with lowest search precedence
04:58:01.039 [main] DEBUG o.s.w.c.s.StandardServletEnvironment - Initialized StandardServletEnvironment with PropertySources [servletConfigInitParams,servletContextInitParams,systemProperties,systemEnvironment]
04:58:01.039 [main] INFO  o.s.mock.web.MockServletContext - Initializing Spring FrameworkServlet &apos;&apos;
04:58:01.039 [main] INFO  o.s.t.w.s.TestDispatcherServlet - FrameworkServlet &apos;&apos;: initialization started
04:58:01.039 [main] DEBUG o.s.t.w.s.TestDispatcherServlet - Unable to locate MultipartResolver with name &apos;multipartResolver&apos;: no multipart request handling provided
04:58:01.040 [main] DEBUG o.s.b.f.s.DefaultListableBeanFactory - Creating instance of bean &apos;org.springframework.web.servlet.i18n.AcceptHeaderLocaleResolver&apos;
04:58:01.040 [main] DEBUG o.s.b.f.s.DefaultListableBeanFactory - Finished creating instance of bean &apos;org.springframework.web.servlet.i18n.AcceptHeaderLocaleResolver&apos;
04:58:01.040 [main] DEBUG o.s.t.w.s.TestDispatcherServlet - Unable to locate LocaleResolver with name &apos;localeResolver&apos;: using default [org.springframework.web.servlet.i18n.AcceptHeaderLocaleResolver@63c45d8e]
04:58:01.040 [main] DEBUG o.s.b.f.s.DefaultListableBeanFactory - Creating instance of bean &apos;org.springframework.web.servlet.theme.FixedThemeResolver&apos;
04:58:01.041 [main] DEBUG o.s.b.f.s.DefaultListableBeanFactory - Finished creating instance of bean &apos;org.springframework.web.servlet.theme.FixedThemeResolver&apos;
04:58:01.062 [main] DEBUG o.s.t.w.s.TestDispatcherServlet - Unable to locate ThemeResolver with name &apos;themeResolver&apos;: using default [org.springframework.web.servlet.theme.FixedThemeResolver@228b45c8]
04:58:01.063 [main] DEBUG o.s.b.f.s.DefaultListableBeanFactory - Returning cached instance of singleton bean &apos;requestMappingHandlerMapping&apos;
04:58:01.063 [main] DEBUG o.s.b.f.s.DefaultListableBeanFactory - Returning cached instance of singleton bean &apos;viewControllerHandlerMapping&apos;
04:58:01.063 [main] DEBUG o.s.b.f.s.DefaultListableBeanFactory - Returning cached instance of singleton bean &apos;beanNameHandlerMapping&apos;
04:58:01.063 [main] DEBUG o.s.b.f.s.DefaultListableBeanFactory - Returning cached instance of singleton bean &apos;resourceHandlerMapping&apos;
04:58:01.063 [main] DEBUG o.s.b.f.s.DefaultListableBeanFactory - Returning cached instance of singleton bean &apos;defaultServletHandlerMapping&apos;
04:58:01.063 [main] DEBUG o.s.b.f.s.DefaultListableBeanFactory - Returning cached instance of singleton bean &apos;requestMappingHandlerAdapter&apos;
04:58:01.063 [main] DEBUG o.s.b.f.s.DefaultListableBeanFactory - Returning cached instance of singleton bean &apos;httpRequestHandlerAdapter&apos;
04:58:01.063 [main] DEBUG o.s.b.f.s.DefaultListableBeanFactory - Returning cached instance of singleton bean &apos;simpleControllerHandlerAdapter&apos;
04:58:01.063 [main] DEBUG o.s.b.f.s.DefaultListableBeanFactory - Returning cached instance of singleton bean &apos;handlerExceptionResolver&apos;
04:58:01.064 [main] DEBUG o.s.b.f.s.DefaultListableBeanFactory - Creating instance of bean &apos;org.springframework.web.servlet.view.DefaultRequestToViewNameTranslator&apos;
04:58:01.064 [main] DEBUG o.s.b.f.s.DefaultListableBeanFactory - Finished creating instance of bean &apos;org.springframework.web.servlet.view.DefaultRequestToViewNameTranslator&apos;
04:58:01.064 [main] DEBUG o.s.t.w.s.TestDispatcherServlet - Unable to locate RequestToViewNameTranslator with name &apos;viewNameTranslator&apos;: using default [org.springframework.web.servlet.view.DefaultRequestToViewNameTranslator@2b7bb75c]
04:58:01.064 [main] DEBUG o.s.b.f.s.DefaultListableBeanFactory - Returning cached instance of singleton bean &apos;mvcViewResolver&apos;
04:58:01.064 [main] DEBUG o.s.b.f.s.DefaultListableBeanFactory - Returning cached instance of singleton bean &apos;viewResolver&apos;
04:58:01.064 [main] DEBUG o.s.b.f.s.DefaultListableBeanFactory - Creating instance of bean &apos;org.springframework.web.servlet.support.SessionFlashMapManager&apos;
04:58:01.064 [main] DEBUG o.s.b.f.s.DefaultListableBeanFactory - Finished creating instance of bean &apos;org.springframework.web.servlet.support.SessionFlashMapManager&apos;
04:58:01.064 [main] DEBUG o.s.t.w.s.TestDispatcherServlet - Unable to locate FlashMapManager with name &apos;flashMapManager&apos;: using default [org.springframework.web.servlet.support.SessionFlashMapManager@5b48bc2f]
04:58:01.064 [main] DEBUG o.s.t.w.s.TestDispatcherServlet - Published WebApplicationContext of servlet &apos;&apos; as ServletContext attribute with name [org.springframework.web.servlet.FrameworkServlet.CONTEXT.]
04:58:01.064 [main] INFO  o.s.t.w.s.TestDispatcherServlet - FrameworkServlet &apos;&apos;: initialization completed in 25 ms
04:58:01.064 [main] DEBUG o.s.t.w.s.TestDispatcherServlet - Servlet &apos;&apos; configured successfully
04:58:01.065 [main] DEBUG o.s.t.w.s.TestDispatcherServlet - DispatcherServlet with name &apos;&apos; processing POST request for [/api/v1/users]
04:58:01.066 [main] DEBUG o.s.w.s.m.m.a.RequestMappingHandlerMapping - Looking up handler method for path /api/v1/users
04:58:01.067 [main] DEBUG o.s.w.s.m.m.a.RequestMappingHandlerMapping - Returning handler method [public org.springframework.http.ResponseEntity edu.ncsu.csc.itrust2.controllers.api.APIUserController.createUser(edu.ncsu.csc.itrust2.forms.admin.UserForm)]
04:58:01.067 [main] DEBUG o.s.b.f.s.DefaultListableBeanFactory - Returning cached instance of singleton bean &apos;APIUserController&apos;
04:58:01.068 [main] DEBUG o.s.w.s.m.m.a.RequestResponseBodyMethodProcessor - Read [class edu.ncsu.csc.itrust2.forms.admin.UserForm] as &quot;application/json&quot; with [org.springframework.http.converter.json.GsonHttpMessageConverter@75a87b8c]
04:58:01.318 [main] DEBUG o.h.e.t.internal.TransactionImpl - begin
04:58:01.319 [main] DEBUG org.hibernate.SQL - select this_.username as username1_15_0_, this_.enabled as enabled2_15_0_, this_.password as password3_15_0_, this_.role as role4_15_0_ from Users this_ where this_.username=?
Hibernate: select this_.username as username1_15_0_, this_.enabled as enabled2_15_0_, this_.password as password3_15_0_, this_.role as role4_15_0_ from Users this_ where this_.username=?
04:58:01.320 [main] DEBUG o.h.e.t.internal.TransactionImpl - committing
04:58:01.320 [main] DEBUG o.h.e.t.internal.TransactionImpl - begin
04:58:01.320 [main] DEBUG org.hibernate.SQL - select user_.username, user_.enabled as enabled2_15_, user_.password as password3_15_, user_.role as role4_15_ from Users user_ where user_.username=?
Hibernate: select user_.username, user_.enabled as enabled2_15_, user_.password as password3_15_, user_.role as role4_15_ from Users user_ where user_.username=?
04:58:01.321 [main] DEBUG o.h.r.j.i.ResourceRegistryStandardImpl - HHH000387: ResultSet&apos;s statement was not registered
04:58:01.321 [main] DEBUG o.h.e.i.AbstractSaveEventListener - Generated identifier: api_test_patient, using strategy: org.hibernate.id.Assigned
04:58:01.321 [main] DEBUG o.h.e.t.internal.TransactionImpl - committing
04:58:01.321 [main] DEBUG o.h.e.i.AbstractFlushingEventListener - Processing flush-time cascades
04:58:01.321 [main] DEBUG o.h.e.i.AbstractFlushingEventListener - Dirty checking collections
04:58:01.321 [main] DEBUG o.h.e.i.AbstractFlushingEventListener - Flushed: 1 insertions, 0 updates, 0 deletions to 1 objects
04:58:01.321 [main] DEBUG o.h.e.i.AbstractFlushingEventListener - Flushed: 0 (re)creations, 0 updates, 0 removals to 0 collections
04:58:01.321 [main] DEBUG o.h.internal.util.EntityPrinter - Listing entities:
04:58:01.322 [main] DEBUG o.h.internal.util.EntityPrinter - edu.ncsu.csc.itrust2.models.persistent.User{password=$2a$10$aljEc.BvrOOQ0O1pGw8kBeay0uJ2VMiZaTas2LszioRZCCTlARJ7e, role=ROLE_PATIENT, enabled=1, username=api_test_patient}
04:58:01.322 [main] DEBUG org.hibernate.SQL - insert into Users (enabled, password, role, username) values (?, ?, ?, ?)
Hibernate: insert into Users (enabled, password, role, username) values (?, ?, ?, ?)
04:58:01.328 [main] DEBUG o.h.e.j.internal.JdbcCoordinatorImpl - HHH000420: Closing un-released batch
04:58:01.328 [main] DEBUG o.h.e.t.internal.TransactionImpl - begin
04:58:01.329 [main] DEBUG org.hibernate.SQL - select next_val as id_val from hibernate_sequence for update
Hibernate: select next_val as id_val from hibernate_sequence for update
04:58:01.329 [main] DEBUG org.hibernate.SQL - update hibernate_sequence set next_val= ? where next_val=?
Hibernate: update hibernate_sequence set next_val= ? where next_val=?
04:58:01.356 [main] DEBUG o.h.e.i.AbstractSaveEventListener - Generated identifier: 565, using strategy: org.hibernate.id.enhanced.SequenceStyleGenerator
04:58:01.356 [main] DEBUG o.h.e.t.internal.TransactionImpl - committing
04:58:01.356 [main] DEBUG o.h.e.i.AbstractFlushingEventListener - Processing flush-time cascades
04:58:01.356 [main] DEBUG o.h.e.i.AbstractFlushingEventListener - Dirty checking collections
04:58:01.356 [main] DEBUG o.h.e.i.AbstractFlushingEventListener - Flushed: 1 insertions, 0 updates, 0 deletions to 1 objects
04:58:01.356 [main] DEBUG o.h.e.i.AbstractFlushingEventListener - Flushed: 0 (re)creations, 0 updates, 0 removals to 0 collections
04:58:01.356 [main] DEBUG o.h.internal.util.EntityPrinter - Listing entities:
04:58:01.356 [main] DEBUG o.h.internal.util.EntityPrinter - edu.ncsu.csc.itrust2.models.persistent.LogEntry{secondaryUser=null, logCode=7, primaryUser=hcp, id=565, time=java.util.GregorianCalendar[time=1521521881328,areFieldsSet=true,areAllFieldsSet=true,lenient=true,zone=sun.util.calendar.ZoneInfo[id=&quot;Etc/UTC&quot;,offset=0,dstSavings=0,useDaylight=false,transitions=0,lastRule=null],firstDayOfWeek=1,minimalDaysInFirstWeek=1,ERA=1,YEAR=2018,MONTH=2,WEEK_OF_YEAR=12,WEEK_OF_MONTH=4,DAY_OF_MONTH=20,DAY_OF_YEAR=79,DAY_OF_WEEK=3,DAY_OF_WEEK_IN_MONTH=3,AM_PM=0,HOUR=4,HOUR_OF_DAY=4,MINUTE=58,SECOND=1,MILLISECOND=328,ZONE_OFFSET=0,DST_OFFSET=0], message=null}
04:58:01.356 [main] DEBUG org.hibernate.SQL - insert into LogEntries (logCode, message, primaryUser, secondaryUser, time, id) values (?, ?, ?, ?, ?, ?)
Hibernate: insert into LogEntries (logCode, message, primaryUser, secondaryUser, time, id) values (?, ?, ?, ?, ?, ?)
04:58:01.357 [main] DEBUG o.h.e.j.internal.JdbcCoordinatorImpl - HHH000420: Closing un-released batch
04:58:01.358 [main] DEBUG o.s.w.s.m.m.a.HttpEntityMethodProcessor - Written [edu.ncsu.csc.itrust2.models.persistent.User@2b7d3e3] as &quot;application/json&quot; using [org.springframework.http.converter.json.GsonHttpMessageConverter@75a87b8c]
04:58:01.358 [main] DEBUG o.s.t.w.s.TestDispatcherServlet - Null ModelAndView returned to DispatcherServlet with name &apos;&apos;: assuming HandlerAdapter completed request handling
04:58:01.358 [main] DEBUG o.s.t.w.s.TestDispatcherServlet - Successfully completed request
04:58:01.359 [main] DEBUG o.s.t.w.s.TestDispatcherServlet - DispatcherServlet with name &apos;&apos; processing POST request for [/api/v1/drugs]
04:58:01.359 [main] DEBUG o.s.w.s.m.m.a.RequestMappingHandlerMapping - Looking up handler method for path /api/v1/drugs
04:58:01.359 [main] DEBUG o.s.w.s.m.m.a.RequestMappingHandlerMapping - Returning handler method [public org.springframework.http.ResponseEntity edu.ncsu.csc.itrust2.controllers.api.APIDrugController.addDrug(edu.ncsu.csc.itrust2.forms.admin.DrugForm)]
04:58:01.359 [main] DEBUG o.s.b.f.s.DefaultListableBeanFactory - Returning cached instance of singleton bean &apos;APIDrugController&apos;
04:58:01.360 [main] DEBUG o.s.w.s.m.m.a.RequestResponseBodyMethodProcessor - Read [class edu.ncsu.csc.itrust2.forms.admin.DrugForm] as &quot;application/json&quot; with [org.springframework.http.converter.json.GsonHttpMessageConverter@75a87b8c]
04:58:01.360 [main] DEBUG o.s.s.a.i.a.MethodSecurityInterceptor - Secure object: ReflectiveMethodInvocation: public org.springframework.http.ResponseEntity edu.ncsu.csc.itrust2.controllers.api.APIDrugController.addDrug(edu.ncsu.csc.itrust2.forms.admin.DrugForm); target is of class [edu.ncsu.csc.itrust2.controllers.api.APIDrugController]; Attributes: [[authorize: &apos;hasRole(&apos;ROLE_ADMIN&apos;)&apos;, filter: &apos;null&apos;, filterTarget: &apos;null&apos;]]
04:58:01.360 [main] DEBUG o.s.s.a.i.a.MethodSecurityInterceptor - Previously Authenticated: org.springframework.security.authentication.UsernamePasswordAuthenticationToken@ad1c8f34: Principal: org.springframework.security.core.userdetails.User@192d5: Username: hcp; Password: [PROTECTED]; Enabled: true; AccountNonExpired: true; credentialsNonExpired: true; AccountNonLocked: true; Granted Authorities: ROLE_ADMIN,ROLE_HCP,ROLE_USER; Credentials: [PROTECTED]; Authenticated: true; Details: null; Granted Authorities: ROLE_ADMIN, ROLE_HCP, ROLE_USER
04:58:01.360 [main] DEBUG o.s.s.access.vote.AffirmativeBased - Voter: org.springframework.security.access.prepost.PreInvocationAuthorizationAdviceVoter@58eebe6b, returned: 1
04:58:01.360 [main] DEBUG o.s.s.a.i.a.MethodSecurityInterceptor - Authorization successful
04:58:01.360 [main] DEBUG o.s.s.a.i.a.MethodSecurityInterceptor - RunAsManager did not change Authentication object
04:58:01.360 [main] DEBUG o.h.e.t.internal.TransactionImpl - begin
04:58:01.361 [main] DEBUG org.hibernate.SQL - select this_.id as id1_3_0_, this_.code as code2_3_0_, this_.description as descript3_3_0_, this_.name as name4_3_0_ from Drugs this_ where this_.code=?
Hibernate: select this_.id as id1_3_0_, this_.code as code2_3_0_, this_.description as descript3_3_0_, this_.name as name4_3_0_ from Drugs this_ where this_.code=?
04:58:01.362 [main] DEBUG o.h.e.t.internal.TransactionImpl - committing
04:58:01.362 [main] DEBUG o.h.e.t.internal.TransactionImpl - begin
04:58:01.363 [main] DEBUG org.hibernate.SQL - select next_val as id_val from hibernate_sequence for update
Hibernate: select next_val as id_val from hibernate_sequence for update
04:58:01.363 [main] DEBUG org.hibernate.SQL - update hibernate_sequence set next_val= ? where next_val=?
Hibernate: update hibernate_sequence set next_val= ? where next_val=?
04:58:01.364 [main] DEBUG o.h.e.i.AbstractSaveEventListener - Generated identifier: 566, using strategy: org.hibernate.id.enhanced.SequenceStyleGenerator
04:58:01.364 [main] DEBUG o.h.e.t.internal.TransactionImpl - committing
04:58:01.364 [main] DEBUG o.h.e.i.AbstractFlushingEventListener - Processing flush-time cascades
04:58:01.364 [main] DEBUG o.h.e.i.AbstractFlushingEventListener - Dirty checking collections
04:58:01.364 [main] DEBUG o.h.e.i.AbstractFlushingEventListener - Flushed: 1 insertions, 0 updates, 0 deletions to 1 objects
04:58:01.364 [main] DEBUG o.h.e.i.AbstractFlushingEventListener - Flushed: 0 (re)creations, 0 updates, 0 removals to 0 collections
04:58:01.364 [main] DEBUG o.h.internal.util.EntityPrinter - Listing entities:
04:58:01.364 [main] DEBUG o.h.internal.util.EntityPrinter - edu.ncsu.csc.itrust2.models.persistent.Drug{code=0000-0000-20, name=TEST, description=DESC, id=566}
04:58:01.365 [main] DEBUG org.hibernate.SQL - insert into Drugs (code, description, name, id) values (?, ?, ?, ?)
Hibernate: insert into Drugs (code, description, name, id) values (?, ?, ?, ?)
04:58:01.375 [main] DEBUG o.h.e.j.internal.JdbcCoordinatorImpl - HHH000420: Closing un-released batch
04:58:01.375 [main] DEBUG o.h.e.t.internal.TransactionImpl - begin
04:58:01.375 [main] DEBUG org.hibernate.SQL - select next_val as id_val from hibernate_sequence for update
Hibernate: select next_val as id_val from hibernate_sequence for update
04:58:01.376 [main] DEBUG org.hibernate.SQL - update hibernate_sequence set next_val= ? where next_val=?
Hibernate: update hibernate_sequence set next_val= ? where next_val=?
04:58:01.377 [main] DEBUG o.h.e.i.AbstractSaveEventListener - Generated identifier: 567, using strategy: org.hibernate.id.enhanced.SequenceStyleGenerator
04:58:01.377 [main] DEBUG o.h.e.t.internal.TransactionImpl - committing
04:58:01.377 [main] DEBUG o.h.e.i.AbstractFlushingEventListener - Processing flush-time cascades
04:58:01.377 [main] DEBUG o.h.e.i.AbstractFlushingEventListener - Dirty checking collections
04:58:01.377 [main] DEBUG o.h.e.i.AbstractFlushingEventListener - Flushed: 1 insertions, 0 updates, 0 deletions to 1 objects
04:58:01.377 [main] DEBUG o.h.e.i.AbstractFlushingEventListener - Flushed: 0 (re)creations, 0 updates, 0 removals to 0 collections
04:58:01.377 [main] DEBUG o.h.internal.util.EntityPrinter - Listing entities:
04:58:01.377 [main] DEBUG o.h.internal.util.EntityPrinter - edu.ncsu.csc.itrust2.models.persistent.LogEntry{secondaryUser=null, logCode=42, primaryUser=hcp, id=567, time=java.util.GregorianCalendar[time=1521521881375,areFieldsSet=true,areAllFieldsSet=true,lenient=true,zone=sun.util.calendar.ZoneInfo[id=&quot;Etc/UTC&quot;,offset=0,dstSavings=0,useDaylight=false,transitions=0,lastRule=null],firstDayOfWeek=1,minimalDaysInFirstWeek=1,ERA=1,YEAR=2018,MONTH=2,WEEK_OF_YEAR=12,WEEK_OF_MONTH=4,DAY_OF_MONTH=20,DAY_OF_YEAR=79,DAY_OF_WEEK=3,DAY_OF_WEEK_IN_MONTH=3,AM_PM=0,HOUR=4,HOUR_OF_DAY=4,MINUTE=58,SECOND=1,MILLISECOND=375,ZONE_OFFSET=0,DST_OFFSET=0], message=Drug 0000-0000-20 created}
04:58:01.377 [main] DEBUG org.hibernate.SQL - insert into LogEntries (logCode, message, primaryUser, secondaryUser, time, id) values (?, ?, ?, ?, ?, ?)
Hibernate: insert into LogEntries (logCode, message, primaryUser, secondaryUser, time, id) values (?, ?, ?, ?, ?, ?)
04:58:01.378 [main] DEBUG o.h.e.j.internal.JdbcCoordinatorImpl - HHH000420: Closing un-released batch
04:58:01.379 [main] DEBUG o.s.w.s.m.m.a.HttpEntityMethodProcessor - Written [edu.ncsu.csc.itrust2.models.persistent.Drug@540be484] as &quot;application/json&quot; using [org.springframework.http.converter.json.GsonHttpMessageConverter@75a87b8c]
04:58:01.379 [main] DEBUG o.s.t.w.s.TestDispatcherServlet - Null ModelAndView returned to DispatcherServlet with name &apos;&apos;: assuming HandlerAdapter completed request handling
04:58:01.379 [main] DEBUG o.s.t.w.s.TestDispatcherServlet - Successfully completed request
04:58:01.380 [main] DEBUG o.s.t.w.s.TestDispatcherServlet - DispatcherServlet with name &apos;&apos; processing POST request for [/api/v1/prescriptions]
04:58:01.380 [main] DEBUG o.s.w.s.m.m.a.RequestMappingHandlerMapping - Looking up handler method for path /api/v1/prescriptions
04:58:01.380 [main] DEBUG o.s.w.s.m.m.a.RequestMappingHandlerMapping - Returning handler method [public org.springframework.http.ResponseEntity edu.ncsu.csc.itrust2.controllers.api.APIPrescriptionController.addPrescription(edu.ncsu.csc.itrust2.forms.hcp.PrescriptionForm)]
04:58:01.380 [main] DEBUG o.s.b.f.s.DefaultListableBeanFactory - Returning cached instance of singleton bean &apos;APIPrescriptionController&apos;
04:58:01.381 [main] DEBUG o.s.w.s.m.m.a.RequestResponseBodyMethodProcessor - Read [class edu.ncsu.csc.itrust2.forms.hcp.PrescriptionForm] as &quot;application/json&quot; with [org.springframework.http.converter.json.GsonHttpMessageConverter@75a87b8c]
04:58:01.381 [main] DEBUG o.s.s.a.i.a.MethodSecurityInterceptor - Secure object: ReflectiveMethodInvocation: public org.springframework.http.ResponseEntity edu.ncsu.csc.itrust2.controllers.api.APIPrescriptionController.addPrescription(edu.ncsu.csc.itrust2.forms.hcp.PrescriptionForm); target is of class [edu.ncsu.csc.itrust2.controllers.api.APIPrescriptionController]; Attributes: [[authorize: &apos;hasRole(&apos;ROLE_HCP&apos;)&apos;, filter: &apos;null&apos;, filterTarget: &apos;null&apos;]]
04:58:01.381 [main] DEBUG o.s.s.a.i.a.MethodSecurityInterceptor - Previously Authenticated: org.springframework.security.authentication.UsernamePasswordAuthenticationToken@ad1c8f34: Principal: org.springframework.security.core.userdetails.User@192d5: Username: hcp; Password: [PROTECTED]; Enabled: true; AccountNonExpired: true; credentialsNonExpired: true; AccountNonLocked: true; Granted Authorities: ROLE_ADMIN,ROLE_HCP,ROLE_USER; Credentials: [PROTECTED]; Authenticated: true; Details: null; Granted Authorities: ROLE_ADMIN, ROLE_HCP, ROLE_USER
04:58:01.382 [main] DEBUG o.s.s.access.vote.AffirmativeBased - Voter: org.springframework.security.access.prepost.PreInvocationAuthorizationAdviceVoter@58eebe6b, returned: 1
04:58:01.382 [main] DEBUG o.s.s.a.i.a.MethodSecurityInterceptor - Authorization successful
04:58:01.382 [main] DEBUG o.s.s.a.i.a.MethodSecurityInterceptor - RunAsManager did not change Authentication object
04:58:01.407 [main] DEBUG o.h.e.t.internal.TransactionImpl - begin
04:58:01.415 [main] DEBUG org.hibernate.SQL - select this_.id as id1_3_0_, this_.code as code2_3_0_, this_.description as descript3_3_0_, this_.name as name4_3_0_ from Drugs this_ where this_.code=?
Hibernate: select this_.id as id1_3_0_, this_.code as code2_3_0_, this_.description as descript3_3_0_, this_.name as name4_3_0_ from Drugs this_ where this_.code=?
04:58:01.415 [main] DEBUG org.hibernate.loader.Loader - Result set row: 0
04:58:01.415 [main] DEBUG org.hibernate.loader.Loader - Result row: EntityKey[edu.ncsu.csc.itrust2.models.persistent.Drug#566]
04:58:01.415 [main] DEBUG o.h.engine.internal.TwoPhaseLoad - Resolving associations for [edu.ncsu.csc.itrust2.models.persistent.Drug#566]
04:58:01.416 [main] DEBUG o.h.engine.internal.TwoPhaseLoad - Done materializing entity [edu.ncsu.csc.itrust2.models.persistent.Drug#566]
04:58:01.416 [main] DEBUG o.h.e.t.internal.TransactionImpl - committing
04:58:01.416 [main] DEBUG o.h.e.i.AbstractFlushingEventListener - Processing flush-time cascades
04:58:01.416 [main] DEBUG o.h.e.i.AbstractFlushingEventListener - Dirty checking collections
04:58:01.416 [main] DEBUG o.h.e.i.AbstractFlushingEventListener - Flushed: 0 insertions, 0 updates, 0 deletions to 1 objects
04:58:01.416 [main] DEBUG o.h.e.i.AbstractFlushingEventListener - Flushed: 0 (re)creations, 0 updates, 0 removals to 0 collections
04:58:01.416 [main] DEBUG o.h.internal.util.EntityPrinter - Listing entities:
04:58:01.416 [main] DEBUG o.h.internal.util.EntityPrinter - edu.ncsu.csc.itrust2.models.persistent.Drug{code=0000-0000-20, name=TEST, description=DESC, id=566}
04:58:01.416 [main] DEBUG o.h.e.t.internal.TransactionImpl - begin
04:58:01.417 [main] DEBUG org.hibernate.SQL - select this_.username as username1_15_0_, this_.enabled as enabled2_15_0_, this_.password as password3_15_0_, this_.role as role4_15_0_ from Users this_ where this_.username=?
Hibernate: select this_.username as username1_15_0_, this_.enabled as enabled2_15_0_, this_.password as password3_15_0_, this_.role as role4_15_0_ from Users this_ where this_.username=?
04:58:01.417 [main] DEBUG org.hibernate.loader.Loader - Result set row: 0
04:58:01.417 [main] DEBUG org.hibernate.loader.Loader - Result row: EntityKey[edu.ncsu.csc.itrust2.models.persistent.User#api_test_patient]
04:58:01.417 [main] DEBUG o.h.engine.internal.TwoPhaseLoad - Resolving associations for [edu.ncsu.csc.itrust2.models.persistent.User#api_test_patient]
04:58:01.417 [main] DEBUG o.h.engine.internal.TwoPhaseLoad - Done materializing entity [edu.ncsu.csc.itrust2.models.persistent.User#api_test_patient]
04:58:01.417 [main] DEBUG o.h.e.t.internal.TransactionImpl - committing
04:58:01.417 [main] DEBUG o.h.e.i.AbstractFlushingEventListener - Processing flush-time cascades
04:58:01.418 [main] DEBUG o.h.e.i.AbstractFlushingEventListener - Dirty checking collections
04:58:01.418 [main] DEBUG o.h.e.i.AbstractFlushingEventListener - Flushed: 0 insertions, 0 updates, 0 deletions to 1 objects
04:58:01.418 [main] DEBUG o.h.e.i.AbstractFlushingEventListener - Flushed: 0 (re)creations, 0 updates, 0 removals to 0 collections
04:58:01.418 [main] DEBUG o.h.internal.util.EntityPrinter - Listing entities:
04:58:01.418 [main] DEBUG o.h.internal.util.EntityPrinter - edu.ncsu.csc.itrust2.models.persistent.User{password=$2a$10$aljEc.BvrOOQ0O1pGw8kBeay0uJ2VMiZaTas2LszioRZCCTlARJ7e, role=ROLE_PATIENT, enabled=1, username=api_test_patient}
04:58:01.421 [main] DEBUG o.h.e.t.internal.TransactionImpl - begin
04:58:01.423 [main] DEBUG org.hibernate.SQL - select next_val as id_val from hibernate_sequence for update
Hibernate: select next_val as id_val from hibernate_sequence for update
04:58:01.423 [main] DEBUG org.hibernate.SQL - update hibernate_sequence set next_val= ? where next_val=?
Hibernate: update hibernate_sequence set next_val= ? where next_val=?
04:58:01.424 [main] DEBUG o.h.e.i.AbstractSaveEventListener - Generated identifier: 568, using strategy: org.hibernate.id.enhanced.SequenceStyleGenerator
04:58:01.425 [main] DEBUG org.hibernate.SQL - select user_.username, user_.enabled as enabled2_15_, user_.password as password3_15_, user_.role as role4_15_ from Users user_ where user_.username=?
Hibernate: select user_.username, user_.enabled as enabled2_15_, user_.password as password3_15_, user_.role as role4_15_ from Users user_ where user_.username=?
04:58:01.425 [main] DEBUG o.h.r.j.i.ResourceRegistryStandardImpl - HHH000387: ResultSet&apos;s statement was not registered
04:58:01.425 [main] DEBUG o.h.e.t.internal.TransactionImpl - committing
04:58:01.425 [main] DEBUG o.h.e.i.AbstractFlushingEventListener - Processing flush-time cascades
04:58:01.425 [main] DEBUG o.h.e.i.AbstractFlushingEventListener - Dirty checking collections
04:58:01.426 [main] DEBUG o.h.e.i.AbstractFlushingEventListener - Flushed: 1 insertions, 0 updates, 0 deletions to 1 objects
04:58:01.426 [main] DEBUG o.h.e.i.AbstractFlushingEventListener - Flushed: 0 (re)creations, 0 updates, 0 removals to 0 collections
04:58:01.426 [main] DEBUG o.h.internal.util.EntityPrinter - Listing entities:
04:58:01.426 [main] DEBUG o.h.internal.util.EntityPrinter - edu.ncsu.csc.itrust2.models.persistent.Prescription{dosage=100, endDate=java.util.GregorianCalendar[time=1286668800000,areFieldsSet=true,areAllFieldsSet=true,lenient=true,zone=sun.util.calendar.ZoneInfo[id=&quot;Etc/UTC&quot;,offset=0,dstSavings=0,useDaylight=false,transitions=0,lastRule=null],firstDayOfWeek=1,minimalDaysInFirstWeek=1,ERA=1,YEAR=2010,MONTH=9,WEEK_OF_YEAR=42,WEEK_OF_MONTH=3,DAY_OF_MONTH=10,DAY_OF_YEAR=283,DAY_OF_WEEK=1,DAY_OF_WEEK_IN_MONTH=2,AM_PM=0,HOUR=0,HOUR_OF_DAY=0,MINUTE=0,SECOND=0,MILLISECOND=0,ZONE_OFFSET=0,DST_OFFSET=0], patient=edu.ncsu.csc.itrust2.models.persistent.User#api_test_patient, id=568, renewals=12, startDate=java.util.GregorianCalendar[time=1255132800000,areFieldsSet=true,areAllFieldsSet=true,lenient=true,zone=sun.util.calendar.ZoneInfo[id=&quot;Etc/UTC&quot;,offset=0,dstSavings=0,useDaylight=false,transitions=0,lastRule=null],firstDayOfWeek=1,minimalDaysInFirstWeek=1,ERA=1,YEAR=2009,MONTH=9,WEEK_OF_YEAR=41,WEEK_OF_MONTH=2,DAY_OF_MONTH=10,DAY_OF_YEAR=283,DAY_OF_WEEK=7,DAY_OF_WEEK_IN_MONTH=2,AM_PM=0,HOUR=0,HOUR_OF_DAY=0,MINUTE=0,SECOND=0,MILLISECOND=0,ZONE_OFFSET=0,DST_OFFSET=0], drug=edu.ncsu.csc.itrust2.models.persistent.Drug#566}
04:58:01.426 [main] DEBUG org.hibernate.SQL - insert into Prescriptions (dosage, drug_id, endDate, patient_id, renewals, startDate, id) values (?, ?, ?, ?, ?, ?, ?)
Hibernate: insert into Prescriptions (dosage, drug_id, endDate, patient_id, renewals, startDate, id) values (?, ?, ?, ?, ?, ?, ?)
04:58:01.435 [main] DEBUG o.h.e.j.internal.JdbcCoordinatorImpl - HHH000420: Closing un-released batch
04:58:01.436 [main] DEBUG o.h.e.t.internal.TransactionImpl - begin
04:58:01.436 [main] DEBUG org.hibernate.SQL - select next_val as id_val from hibernate_sequence for update
Hibernate: select next_val as id_val from hibernate_sequence for update
04:58:01.436 [main] DEBUG org.hibernate.SQL - update hibernate_sequence set next_val= ? where next_val=?
Hibernate: update hibernate_sequence set next_val= ? where next_val=?
04:58:01.437 [main] DEBUG o.h.e.i.AbstractSaveEventListener - Generated identifier: 569, using strategy: org.hibernate.id.enhanced.SequenceStyleGenerator
04:58:01.438 [main] DEBUG o.h.e.t.internal.TransactionImpl - committing
04:58:01.438 [main] DEBUG o.h.e.i.AbstractFlushingEventListener - Processing flush-time cascades
04:58:01.438 [main] DEBUG o.h.e.i.AbstractFlushingEventListener - Dirty checking collections
04:58:01.438 [main] DEBUG o.h.e.i.AbstractFlushingEventListener - Flushed: 1 insertions, 0 updates, 0 deletions to 1 objects
04:58:01.438 [main] DEBUG o.h.e.i.AbstractFlushingEventListener - Flushed: 0 (re)creations, 0 updates, 0 removals to 0 collections
04:58:01.438 [main] DEBUG o.h.internal.util.EntityPrinter - Listing entities:
04:58:01.438 [main] DEBUG o.h.internal.util.EntityPrinter - edu.ncsu.csc.itrust2.models.persistent.LogEntry{secondaryUser=api_test_patient, logCode=46, primaryUser=hcp, id=569, time=java.util.GregorianCalendar[time=1521521881436,areFieldsSet=true,areAllFieldsSet=true,lenient=true,zone=sun.util.calendar.ZoneInfo[id=&quot;Etc/UTC&quot;,offset=0,dstSavings=0,useDaylight=false,transitions=0,lastRule=null],firstDayOfWeek=1,minimalDaysInFirstWeek=1,ERA=1,YEAR=2018,MONTH=2,WEEK_OF_YEAR=12,WEEK_OF_MONTH=4,DAY_OF_MONTH=20,DAY_OF_YEAR=79,DAY_OF_WEEK=3,DAY_OF_WEEK_IN_MONTH=3,AM_PM=0,HOUR=4,HOUR_OF_DAY=4,MINUTE=58,SECOND=1,MILLISECOND=436,ZONE_OFFSET=0,DST_OFFSET=0], message=Created prescription with id 568}
04:58:01.438 [main] DEBUG org.hibernate.SQL - insert into LogEntries (logCode, message, primaryUser, secondaryUser, time, id) values (?, ?, ?, ?, ?, ?)
Hibernate: insert into LogEntries (logCode, message, primaryUser, secondaryUser, time, id) values (?, ?, ?, ?, ?, ?)
04:58:01.441 [main] DEBUG o.h.e.j.internal.JdbcCoordinatorImpl - HHH000420: Closing un-released batch
04:58:01.442 [main] DEBUG o.s.w.s.m.m.a.HttpEntityMethodProcessor - Written [edu.ncsu.csc.itrust2.models.persistent.Prescription@204e9ed6] as &quot;application/json&quot; using [org.springframework.http.converter.json.GsonHttpMessageConverter@75a87b8c]
04:58:01.442 [main] DEBUG o.s.t.w.s.TestDispatcherServlet - Null ModelAndView returned to DispatcherServlet with name &apos;&apos;: assuming HandlerAdapter completed request handling
04:58:01.442 [main] DEBUG o.s.t.w.s.TestDispatcherServlet - Successfully completed request
04:58:01.444 [main] DEBUG o.s.t.w.s.TestDispatcherServlet - DispatcherServlet with name &apos;&apos; processing POST request for [/api/v1/prescriptions]
04:58:01.444 [main] DEBUG o.s.w.s.m.m.a.RequestMappingHandlerMapping - Looking up handler method for path /api/v1/prescriptions
04:58:01.445 [main] DEBUG o.s.w.s.m.m.a.RequestMappingHandlerMapping - Returning handler method [public org.springframework.http.ResponseEntity edu.ncsu.csc.itrust2.controllers.api.APIPrescriptionController.addPrescription(edu.ncsu.csc.itrust2.forms.hcp.PrescriptionForm)]
04:58:01.445 [main] DEBUG o.s.b.f.s.DefaultListableBeanFactory - Returning cached instance of singleton bean &apos;APIPrescriptionController&apos;
04:58:01.445 [main] DEBUG o.s.w.s.m.m.a.RequestResponseBodyMethodProcessor - Read [class edu.ncsu.csc.itrust2.forms.hcp.PrescriptionForm] as &quot;application/json&quot; with [org.springframework.http.converter.json.GsonHttpMessageConverter@75a87b8c]
04:58:01.446 [main] DEBUG o.s.s.a.i.a.MethodSecurityInterceptor - Secure object: ReflectiveMethodInvocation: public org.springframework.http.ResponseEntity edu.ncsu.csc.itrust2.controllers.api.APIPrescriptionController.addPrescription(edu.ncsu.csc.itrust2.forms.hcp.PrescriptionForm); target is of class [edu.ncsu.csc.itrust2.controllers.api.APIPrescriptionController]; Attributes: [[authorize: &apos;hasRole(&apos;ROLE_HCP&apos;)&apos;, filter: &apos;null&apos;, filterTarget: &apos;null&apos;]]
04:58:01.446 [main] DEBUG o.s.s.a.i.a.MethodSecurityInterceptor - Previously Authenticated: org.springframework.security.authentication.UsernamePasswordAuthenticationToken@ad1c8f34: Principal: org.springframework.security.core.userdetails.User@192d5: Username: hcp; Password: [PROTECTED]; Enabled: true; AccountNonExpired: true; credentialsNonExpired: true; AccountNonLocked: true; Granted Authorities: ROLE_ADMIN,ROLE_HCP,ROLE_USER; Credentials: [PROTECTED]; Authenticated: true; Details: null; Granted Authorities: ROLE_ADMIN, ROLE_HCP, ROLE_USER
04:58:01.446 [main] DEBUG o.s.s.access.vote.AffirmativeBased - Voter: org.springframework.security.access.prepost.PreInvocationAuthorizationAdviceVoter@58eebe6b, returned: 1
04:58:01.446 [main] DEBUG o.s.s.a.i.a.MethodSecurityInterceptor - Authorization successful
04:58:01.446 [main] DEBUG o.s.s.a.i.a.MethodSecurityInterceptor - RunAsManager did not change Authentication object
04:58:01.446 [main] DEBUG o.h.e.t.internal.TransactionImpl - begin
04:58:01.455 [main] DEBUG org.hibernate.SQL - select this_.id as id1_3_0_, this_.code as code2_3_0_, this_.description as descript3_3_0_, this_.name as name4_3_0_ from Drugs this_ where this_.code=?
Hibernate: select this_.id as id1_3_0_, this_.code as code2_3_0_, this_.description as descript3_3_0_, this_.name as name4_3_0_ from Drugs this_ where this_.code=?
04:58:01.455 [main] DEBUG org.hibernate.loader.Loader - Result set row: 0
04:58:01.456 [main] DEBUG org.hibernate.loader.Loader - Result row: EntityKey[edu.ncsu.csc.itrust2.models.persistent.Drug#566]
04:58:01.456 [main] DEBUG o.h.engine.internal.TwoPhaseLoad - Resolving associations for [edu.ncsu.csc.itrust2.models.persistent.Drug#566]
04:58:01.456 [main] DEBUG o.h.engine.internal.TwoPhaseLoad - Done materializing entity [edu.ncsu.csc.itrust2.models.persistent.Drug#566]
04:58:01.456 [main] DEBUG o.h.e.t.internal.TransactionImpl - committing
04:58:01.456 [main] DEBUG o.h.e.i.AbstractFlushingEventListener - Processing flush-time cascades
04:58:01.456 [main] DEBUG o.h.e.i.AbstractFlushingEventListener - Dirty checking collections
04:58:01.456 [main] DEBUG o.h.e.i.AbstractFlushingEventListener - Flushed: 0 insertions, 0 updates, 0 deletions to 1 objects
04:58:01.456 [main] DEBUG o.h.e.i.AbstractFlushingEventListener - Flushed: 0 (re)creations, 0 updates, 0 removals to 0 collections
04:58:01.456 [main] DEBUG o.h.internal.util.EntityPrinter - Listing entities:
04:58:01.456 [main] DEBUG o.h.internal.util.EntityPrinter - edu.ncsu.csc.itrust2.models.persistent.Drug{code=0000-0000-20, name=TEST, description=DESC, id=566}
04:58:01.457 [main] DEBUG o.h.e.t.internal.TransactionImpl - begin
04:58:01.457 [main] DEBUG org.hibernate.SQL - select this_.username as username1_15_0_, this_.enabled as enabled2_15_0_, this_.password as password3_15_0_, this_.role as role4_15_0_ from Users this_ where this_.username=?
Hibernate: select this_.username as username1_15_0_, this_.enabled as enabled2_15_0_, this_.password as password3_15_0_, this_.role as role4_15_0_ from Users this_ where this_.username=?
04:58:01.458 [main] DEBUG org.hibernate.loader.Loader - Result set row: 0
04:58:01.458 [main] DEBUG org.hibernate.loader.Loader - Result row: EntityKey[edu.ncsu.csc.itrust2.models.persistent.User#api_test_patient]
04:58:01.458 [main] DEBUG o.h.engine.internal.TwoPhaseLoad - Resolving associations for [edu.ncsu.csc.itrust2.models.persistent.User#api_test_patient]
04:58:01.458 [main] DEBUG o.h.engine.internal.TwoPhaseLoad - Done materializing entity [edu.ncsu.csc.itrust2.models.persistent.User#api_test_patient]
04:58:01.458 [main] DEBUG o.h.e.t.internal.TransactionImpl - committing
04:58:01.458 [main] DEBUG o.h.e.i.AbstractFlushingEventListener - Processing flush-time cascades
04:58:01.458 [main] DEBUG o.h.e.i.AbstractFlushingEventListener - Dirty checking collections
04:58:01.458 [main] DEBUG o.h.e.i.AbstractFlushingEventListener - Flushed: 0 insertions, 0 updates, 0 deletions to 1 objects
04:58:01.458 [main] DEBUG o.h.e.i.AbstractFlushingEventListener - Flushed: 0 (re)creations, 0 updates, 0 removals to 0 collections
04:58:01.458 [main] DEBUG o.h.internal.util.EntityPrinter - Listing entities:
04:58:01.458 [main] DEBUG o.h.internal.util.EntityPrinter - edu.ncsu.csc.itrust2.models.persistent.User{password=$2a$10$aljEc.BvrOOQ0O1pGw8kBeay0uJ2VMiZaTas2LszioRZCCTlARJ7e, role=ROLE_PATIENT, enabled=1, username=api_test_patient}
04:58:01.459 [main] DEBUG o.h.e.t.internal.TransactionImpl - begin
04:58:01.459 [main] DEBUG org.hibernate.SQL - select next_val as id_val from hibernate_sequence for update
Hibernate: select next_val as id_val from hibernate_sequence for update
04:58:01.460 [main] DEBUG org.hibernate.SQL - update hibernate_sequence set next_val= ? where next_val=?
Hibernate: update hibernate_sequence set next_val= ? where next_val=?
04:58:01.461 [main] DEBUG o.h.e.i.AbstractSaveEventListener - Generated identifier: 570, using strategy: org.hibernate.id.enhanced.SequenceStyleGenerator
04:58:01.461 [main] DEBUG org.hibernate.SQL - select user_.username, user_.enabled as enabled2_15_, user_.password as password3_15_, user_.role as role4_15_ from Users user_ where user_.username=?
Hibernate: select user_.username, user_.enabled as enabled2_15_, user_.password as password3_15_, user_.role as role4_15_ from Users user_ where user_.username=?
04:58:01.462 [main] DEBUG o.h.r.j.i.ResourceRegistryStandardImpl - HHH000387: ResultSet&apos;s statement was not registered
04:58:01.462 [main] DEBUG o.h.e.t.internal.TransactionImpl - committing
04:58:01.462 [main] DEBUG o.h.e.i.AbstractFlushingEventListener - Processing flush-time cascades
04:58:01.462 [main] DEBUG o.h.e.i.AbstractFlushingEventListener - Dirty checking collections
04:58:01.462 [main] DEBUG o.h.e.i.AbstractFlushingEventListener - Flushed: 1 insertions, 0 updates, 0 deletions to 1 objects
04:58:01.462 [main] DEBUG o.h.e.i.AbstractFlushingEventListener - Flushed: 0 (re)creations, 0 updates, 0 removals to 0 collections
04:58:01.462 [main] DEBUG o.h.internal.util.EntityPrinter - Listing entities:
04:58:01.462 [main] DEBUG o.h.internal.util.EntityPrinter - edu.ncsu.csc.itrust2.models.persistent.Prescription{dosage=200, endDate=java.util.GregorianCalendar[time=1604966400000,areFieldsSet=true,areAllFieldsSet=true,lenient=true,zone=sun.util.calendar.ZoneInfo[id=&quot;Etc/UTC&quot;,offset=0,dstSavings=0,useDaylight=false,transitions=0,lastRule=null],firstDayOfWeek=1,minimalDaysInFirstWeek=1,ERA=1,YEAR=2020,MONTH=10,WEEK_OF_YEAR=46,WEEK_OF_MONTH=2,DAY_OF_MONTH=10,DAY_OF_YEAR=315,DAY_OF_WEEK=3,DAY_OF_WEEK_IN_MONTH=2,AM_PM=0,HOUR=0,HOUR_OF_DAY=0,MINUTE=0,SECOND=0,MILLISECOND=0,ZONE_OFFSET=0,DST_OFFSET=0], patient=edu.ncsu.csc.itrust2.models.persistent.User#api_test_patient, id=570, renewals=3, startDate=java.util.GregorianCalendar[time=1602288000000,areFieldsSet=true,areAllFieldsSet=true,lenient=true,zone=sun.util.calendar.ZoneInfo[id=&quot;Etc/UTC&quot;,offset=0,dstSavings=0,useDaylight=false,transitions=0,lastRule=null],firstDayOfWeek=1,minimalDaysInFirstWeek=1,ERA=1,YEAR=2020,MONTH=9,WEEK_OF_YEAR=41,WEEK_OF_MONTH=2,DAY_OF_MONTH=10,DAY_OF_YEAR=284,DAY_OF_WEEK=7,DAY_OF_WEEK_IN_MONTH=2,AM_PM=0,HOUR=0,HOUR_OF_DAY=0,MINUTE=0,SECOND=0,MILLISECOND=0,ZONE_OFFSET=0,DST_OFFSET=0], drug=edu.ncsu.csc.itrust2.models.persistent.Drug#566}
04:58:01.463 [main] DEBUG org.hibernate.SQL - insert into Prescriptions (dosage, drug_id, endDate, patient_id, renewals, startDate, id) values (?, ?, ?, ?, ?, ?, ?)
Hibernate: insert into Prescriptions (dosage, drug_id, endDate, patient_id, renewals, startDate, id) values (?, ?, ?, ?, ?, ?, ?)
04:58:01.466 [main] DEBUG o.h.e.j.internal.JdbcCoordinatorImpl - HHH000420: Closing un-released batch
04:58:01.472 [main] DEBUG o.h.e.t.internal.TransactionImpl - begin
04:58:01.473 [main] DEBUG org.hibernate.SQL - select next_val as id_val from hibernate_sequence for update
Hibernate: select next_val as id_val from hibernate_sequence for update
04:58:01.473 [main] DEBUG org.hibernate.SQL - update hibernate_sequence set next_val= ? where next_val=?
Hibernate: update hibernate_sequence set next_val= ? where next_val=?
04:58:01.475 [main] DEBUG o.h.e.i.AbstractSaveEventListener - Generated identifier: 571, using strategy: org.hibernate.id.enhanced.SequenceStyleGenerator
04:58:01.475 [main] DEBUG o.h.e.t.internal.TransactionImpl - committing
04:58:01.475 [main] DEBUG o.h.e.i.AbstractFlushingEventListener - Processing flush-time cascades
04:58:01.475 [main] DEBUG o.h.e.i.AbstractFlushingEventListener - Dirty checking collections
04:58:01.475 [main] DEBUG o.h.e.i.AbstractFlushingEventListener - Flushed: 1 insertions, 0 updates, 0 deletions to 1 objects
04:58:01.475 [main] DEBUG o.h.e.i.AbstractFlushingEventListener - Flushed: 0 (re)creations, 0 updates, 0 removals to 0 collections
04:58:01.475 [main] DEBUG o.h.internal.util.EntityPrinter - Listing entities:
04:58:01.475 [main] DEBUG o.h.internal.util.EntityPrinter - edu.ncsu.csc.itrust2.models.persistent.LogEntry{secondaryUser=api_test_patient, logCode=46, primaryUser=hcp, id=571, time=java.util.GregorianCalendar[time=1521521881472,areFieldsSet=true,areAllFieldsSet=true,lenient=true,zone=sun.util.calendar.ZoneInfo[id=&quot;Etc/UTC&quot;,offset=0,dstSavings=0,useDaylight=false,transitions=0,lastRule=null],firstDayOfWeek=1,minimalDaysInFirstWeek=1,ERA=1,YEAR=2018,MONTH=2,WEEK_OF_YEAR=12,WEEK_OF_MONTH=4,DAY_OF_MONTH=20,DAY_OF_YEAR=79,DAY_OF_WEEK=3,DAY_OF_WEEK_IN_MONTH=3,AM_PM=0,HOUR=4,HOUR_OF_DAY=4,MINUTE=58,SECOND=1,MILLISECOND=472,ZONE_OFFSET=0,DST_OFFSET=0], message=Created prescription with id 570}
04:58:01.475 [main] DEBUG org.hibernate.SQL - insert into LogEntries (logCode, message, primaryUser, secondaryUser, time, id) values (?, ?, ?, ?, ?, ?)
Hibernate: insert into LogEntries (logCode, message, primaryUser, secondaryUser, time, id) values (?, ?, ?, ?, ?, ?)
04:58:01.477 [main] DEBUG o.h.e.j.internal.JdbcCoordinatorImpl - HHH000420: Closing un-released batch
04:58:01.478 [main] DEBUG o.s.w.s.m.m.a.HttpEntityMethodProcessor - Written [edu.ncsu.csc.itrust2.models.persistent.Prescription@157834c5] as &quot;application/json&quot; using [org.springframework.http.converter.json.GsonHttpMessageConverter@75a87b8c]
04:58:01.478 [main] DEBUG o.s.t.w.s.TestDispatcherServlet - Null ModelAndView returned to DispatcherServlet with name &apos;&apos;: assuming HandlerAdapter completed request handling
04:58:01.478 [main] DEBUG o.s.t.w.s.TestDispatcherServlet - Successfully completed request
04:58:01.485 [main] DEBUG o.s.t.w.s.TestDispatcherServlet - DispatcherServlet with name &apos;&apos; processing GET request for [/api/v1/prescriptions]
04:58:01.485 [main] DEBUG o.s.w.s.m.m.a.RequestMappingHandlerMapping - Looking up handler method for path /api/v1/prescriptions
04:58:01.486 [main] DEBUG o.s.w.s.m.m.a.RequestMappingHandlerMapping - Returning handler method [public java.util.List&lt;edu.ncsu.csc.itrust2.models.persistent.Prescription&gt; edu.ncsu.csc.itrust2.controllers.api.APIPrescriptionController.getPrescriptions()]
04:58:01.486 [main] DEBUG o.s.b.f.s.DefaultListableBeanFactory - Returning cached instance of singleton bean &apos;APIPrescriptionController&apos;
04:58:01.486 [main] DEBUG o.s.t.w.s.TestDispatcherServlet - Last-Modified value for [/api/v1/prescriptions] is: -1
04:58:01.486 [main] DEBUG o.s.s.a.i.a.MethodSecurityInterceptor - Secure object: ReflectiveMethodInvocation: public java.util.List edu.ncsu.csc.itrust2.controllers.api.APIPrescriptionController.getPrescriptions(); target is of class [edu.ncsu.csc.itrust2.controllers.api.APIPrescriptionController]; Attributes: [[authorize: &apos;hasAnyRole(&apos;ROLE_HCP&apos;, &apos;ROLE_PATIENT&apos;)&apos;, filter: &apos;null&apos;, filterTarget: &apos;null&apos;]]
04:58:01.486 [main] DEBUG o.s.s.a.i.a.MethodSecurityInterceptor - Previously Authenticated: org.springframework.security.authentication.UsernamePasswordAuthenticationToken@ad1c8f34: Principal: org.springframework.security.core.userdetails.User@192d5: Username: hcp; Password: [PROTECTED]; Enabled: true; AccountNonExpired: true; credentialsNonExpired: true; AccountNonLocked: true; Granted Authorities: ROLE_ADMIN,ROLE_HCP,ROLE_USER; Credentials: [PROTECTED]; Authenticated: true; Details: null; Granted Authorities: ROLE_ADMIN, ROLE_HCP, ROLE_USER
04:58:01.487 [main] DEBUG o.s.s.access.vote.AffirmativeBased - Voter: org.springframework.security.access.prepost.PreInvocationAuthorizationAdviceVoter@58eebe6b, returned: 1
04:58:01.487 [main] DEBUG o.s.s.a.i.a.MethodSecurityInterceptor - Authorization successful
04:58:01.487 [main] DEBUG o.s.s.a.i.a.MethodSecurityInterceptor - RunAsManager did not change Authentication object
04:58:01.487 [main] DEBUG o.h.e.t.internal.TransactionImpl - begin
04:58:01.488 [main] DEBUG org.hibernate.SQL - select next_val as id_val from hibernate_sequence for update
Hibernate: select next_val as id_val from hibernate_sequence for update
04:58:01.488 [main] DEBUG org.hibernate.SQL - update hibernate_sequence set next_val= ? where next_val=?
Hibernate: update hibernate_sequence set next_val= ? where next_val=?
04:58:01.489 [main] DEBUG o.h.e.i.AbstractSaveEventListener - Generated identifier: 572, using strategy: org.hibernate.id.enhanced.SequenceStyleGenerator
04:58:01.490 [main] DEBUG o.h.e.t.internal.TransactionImpl - committing
04:58:01.490 [main] DEBUG o.h.e.i.AbstractFlushingEventListener - Processing flush-time cascades
04:58:01.490 [main] DEBUG o.h.e.i.AbstractFlushingEventListener - Dirty checking collections
04:58:01.490 [main] DEBUG o.h.e.i.AbstractFlushingEventListener - Flushed: 1 insertions, 0 updates, 0 deletions to 1 objects
04:58:01.490 [main] DEBUG o.h.e.i.AbstractFlushingEventListener - Flushed: 0 (re)creations, 0 updates, 0 removals to 0 collections
04:58:01.490 [main] DEBUG o.h.internal.util.EntityPrinter - Listing entities:
04:58:01.490 [main] DEBUG o.h.internal.util.EntityPrinter - edu.ncsu.csc.itrust2.models.persistent.LogEntry{secondaryUser=null, logCode=49, primaryUser=hcp, id=572, time=java.util.GregorianCalendar[time=1521521881487,areFieldsSet=true,areAllFieldsSet=true,lenient=true,zone=sun.util.calendar.ZoneInfo[id=&quot;Etc/UTC&quot;,offset=0,dstSavings=0,useDaylight=false,transitions=0,lastRule=null],firstDayOfWeek=1,minimalDaysInFirstWeek=1,ERA=1,YEAR=2018,MONTH=2,WEEK_OF_YEAR=12,WEEK_OF_MONTH=4,DAY_OF_MONTH=20,DAY_OF_YEAR=79,DAY_OF_WEEK=3,DAY_OF_WEEK_IN_MONTH=3,AM_PM=0,HOUR=4,HOUR_OF_DAY=4,MINUTE=58,SECOND=1,MILLISECOND=487,ZONE_OFFSET=0,DST_OFFSET=0], message=HCP viewed a list of all prescriptions}
04:58:01.490 [main] DEBUG org.hibernate.SQL - insert into LogEntries (logCode, message, primaryUser, secondaryUser, time, id) values (?, ?, ?, ?, ?, ?)
Hibernate: insert into LogEntries (logCode, message, primaryUser, secondaryUser, time, id) values (?, ?, ?, ?, ?, ?)
04:58:01.491 [main] DEBUG o.h.e.j.internal.JdbcCoordinatorImpl - HHH000420: Closing un-released batch
04:58:01.492 [main] DEBUG o.h.e.t.internal.TransactionImpl - begin
04:58:01.492 [main] DEBUG org.hibernate.SQL - select this_.id as id1_14_2_, this_.dosage as dosage2_14_2_, this_.drug_id as drug_id6_14_2_, this_.endDate as endDate3_14_2_, this_.patient_id as patient_7_14_2_, this_.renewals as renewals4_14_2_, this_.startDate as startDat5_14_2_, drug2_.id as id1_3_0_, drug2_.code as code2_3_0_, drug2_.description as descript3_3_0_, drug2_.name as name4_3_0_, user3_.username as username1_15_1_, user3_.enabled as enabled2_15_1_, user3_.password as password3_15_1_, user3_.role as role4_15_1_ from Prescriptions this_ inner join Drugs drug2_ on this_.drug_id=drug2_.id inner join Users user3_ on this_.patient_id=user3_.username
Hibernate: select this_.id as id1_14_2_, this_.dosage as dosage2_14_2_, this_.drug_id as drug_id6_14_2_, this_.endDate as endDate3_14_2_, this_.patient_id as patient_7_14_2_, this_.renewals as renewals4_14_2_, this_.startDate as startDat5_14_2_, drug2_.id as id1_3_0_, drug2_.code as code2_3_0_, drug2_.description as descript3_3_0_, drug2_.name as name4_3_0_, user3_.username as username1_15_1_, user3_.enabled as enabled2_15_1_, user3_.password as password3_15_1_, user3_.role as role4_15_1_ from Prescriptions this_ inner join Drugs drug2_ on this_.drug_id=drug2_.id inner join Users user3_ on this_.patient_id=user3_.username
04:58:01.493 [main] DEBUG org.hibernate.loader.Loader - Result set row: 0
04:58:01.493 [main] DEBUG org.hibernate.loader.Loader - Result row: EntityKey[edu.ncsu.csc.itrust2.models.persistent.Drug#566], EntityKey[edu.ncsu.csc.itrust2.models.persistent.User#api_test_patient], EntityKey[edu.ncsu.csc.itrust2.models.persistent.Prescription#568]
04:58:01.493 [main] DEBUG org.hibernate.loader.Loader - Result set row: 1
04:58:01.493 [main] DEBUG org.hibernate.loader.Loader - Result row: EntityKey[edu.ncsu.csc.itrust2.models.persistent.Drug#566], EntityKey[edu.ncsu.csc.itrust2.models.persistent.User#api_test_patient], EntityKey[edu.ncsu.csc.itrust2.models.persistent.Prescription#570]
04:58:01.494 [main] DEBUG o.h.engine.internal.TwoPhaseLoad - Resolving associations for [edu.ncsu.csc.itrust2.models.persistent.Drug#566]
04:58:01.494 [main] DEBUG o.h.engine.internal.TwoPhaseLoad - Done materializing entity [edu.ncsu.csc.itrust2.models.persistent.Drug#566]
04:58:01.494 [main] DEBUG o.h.engine.internal.TwoPhaseLoad - Resolving associations for [edu.ncsu.csc.itrust2.models.persistent.User#api_test_patient]
04:58:01.494 [main] DEBUG o.h.engine.internal.TwoPhaseLoad - Done materializing entity [edu.ncsu.csc.itrust2.models.persistent.User#api_test_patient]
04:58:01.494 [main] DEBUG o.h.engine.internal.TwoPhaseLoad - Resolving associations for [edu.ncsu.csc.itrust2.models.persistent.Prescription#568]
04:58:01.494 [main] DEBUG o.h.engine.internal.TwoPhaseLoad - Done materializing entity [edu.ncsu.csc.itrust2.models.persistent.Prescription#568]
04:58:01.494 [main] DEBUG o.h.engine.internal.TwoPhaseLoad - Resolving associations for [edu.ncsu.csc.itrust2.models.persistent.Prescription#570]
04:58:01.494 [main] DEBUG o.h.engine.internal.TwoPhaseLoad - Done materializing entity [edu.ncsu.csc.itrust2.models.persistent.Prescription#570]
04:58:01.494 [main] DEBUG o.h.e.t.internal.TransactionImpl - committing
04:58:01.494 [main] DEBUG o.h.e.i.AbstractFlushingEventListener - Processing flush-time cascades
04:58:01.494 [main] DEBUG o.h.e.i.AbstractFlushingEventListener - Dirty checking collections
04:58:01.495 [main] DEBUG o.h.e.i.AbstractFlushingEventListener - Flushed: 0 insertions, 0 updates, 0 deletions to 4 objects
04:58:01.495 [main] DEBUG o.h.e.i.AbstractFlushingEventListener - Flushed: 0 (re)creations, 0 updates, 0 removals to 0 collections
04:58:01.495 [main] DEBUG o.h.internal.util.EntityPrinter - Listing entities:
04:58:01.495 [main] DEBUG o.h.internal.util.EntityPrinter - edu.ncsu.csc.itrust2.models.persistent.Drug{code=0000-0000-20, name=TEST, description=DESC, id=566}
04:58:01.495 [main] DEBUG o.h.internal.util.EntityPrinter - edu.ncsu.csc.itrust2.models.persistent.User{password=$2a$10$aljEc.BvrOOQ0O1pGw8kBeay0uJ2VMiZaTas2LszioRZCCTlARJ7e, role=ROLE_PATIENT, enabled=1, username=api_test_patient}
04:58:01.495 [main] DEBUG o.h.internal.util.EntityPrinter - edu.ncsu.csc.itrust2.models.persistent.Prescription{dosage=100, endDate=java.util.GregorianCalendar[time=1286668800000,areFieldsSet=true,areAllFieldsSet=true,lenient=true,zone=sun.util.calendar.ZoneInfo[id=&quot;Etc/UTC&quot;,offset=0,dstSavings=0,useDaylight=false,transitions=0,lastRule=null],firstDayOfWeek=1,minimalDaysInFirstWeek=1,ERA=1,YEAR=2010,MONTH=9,WEEK_OF_YEAR=42,WEEK_OF_MONTH=3,DAY_OF_MONTH=10,DAY_OF_YEAR=283,DAY_OF_WEEK=1,DAY_OF_WEEK_IN_MONTH=2,AM_PM=0,HOUR=0,HOUR_OF_DAY=0,MINUTE=0,SECOND=0,MILLISECOND=0,ZONE_OFFSET=0,DST_OFFSET=0], patient=edu.ncsu.csc.itrust2.models.persistent.User#api_test_patient, id=568, renewals=12, startDate=java.util.GregorianCalendar[time=1255132800000,areFieldsSet=true,areAllFieldsSet=true,lenient=true,zone=sun.util.calendar.ZoneInfo[id=&quot;Etc/UTC&quot;,offset=0,dstSavings=0,useDaylight=false,transitions=0,lastRule=null],firstDayOfWeek=1,minimalDaysInFirstWeek=1,ERA=1,YEAR=2009,MONTH=9,WEEK_OF_YEAR=41,WEEK_OF_MONTH=2,DAY_OF_MONTH=10,DAY_OF_YEAR=283,DAY_OF_WEEK=7,DAY_OF_WEEK_IN_MONTH=2,AM_PM=0,HOUR=0,HOUR_OF_DAY=0,MINUTE=0,SECOND=0,MILLISECOND=0,ZONE_OFFSET=0,DST_OFFSET=0], drug=edu.ncsu.csc.itrust2.models.persistent.Drug#566}
04:58:01.495 [main] DEBUG o.h.internal.util.EntityPrinter - edu.ncsu.csc.itrust2.models.persistent.Prescription{dosage=200, endDate=java.util.GregorianCalendar[time=1604966400000,areFieldsSet=true,areAllFieldsSet=true,lenient=true,zone=sun.util.calendar.ZoneInfo[id=&quot;Etc/UTC&quot;,offset=0,dstSavings=0,useDaylight=false,transitions=0,lastRule=null],firstDayOfWeek=1,minimalDaysInFirstWeek=1,ERA=1,YEAR=2020,MONTH=10,WEEK_OF_YEAR=46,WEEK_OF_MONTH=2,DAY_OF_MONTH=10,DAY_OF_YEAR=315,DAY_OF_WEEK=3,DAY_OF_WEEK_IN_MONTH=2,AM_PM=0,HOUR=0,HOUR_OF_DAY=0,MINUTE=0,SECOND=0,MILLISECOND=0,ZONE_OFFSET=0,DST_OFFSET=0], patient=edu.ncsu.csc.itrust2.models.persistent.User#api_test_patient, id=570, renewals=3, startDate=java.util.GregorianCalendar[time=1602288000000,areFieldsSet=true,areAllFieldsSet=true,lenient=true,zone=sun.util.calendar.ZoneInfo[id=&quot;Etc/UTC&quot;,offset=0,dstSavings=0,useDaylight=false,transitions=0,lastRule=null],firstDayOfWeek=1,minimalDaysInFirstWeek=1,ERA=1,YEAR=2020,MONTH=9,WEEK_OF_YEAR=41,WEEK_OF_MONTH=2,DAY_OF_MONTH=10,DAY_OF_YEAR=284,DAY_OF_WEEK=7,DAY_OF_WEEK_IN_MONTH=2,AM_PM=0,HOUR=0,HOUR_OF_DAY=0,MINUTE=0,SECOND=0,MILLISECOND=0,ZONE_OFFSET=0,DST_OFFSET=0], drug=edu.ncsu.csc.itrust2.models.persistent.Drug#566}
04:58:01.496 [main] DEBUG o.s.w.s.m.m.a.RequestResponseBodyMethodProcessor - Written [[edu.ncsu.csc.itrust2.models.persistent.Prescription@2b3789d3, edu.ncsu.csc.itrust2.models.persistent.Prescription@74abb06]] as &quot;application/json&quot; using [org.springframework.http.converter.json.GsonHttpMessageConverter@75a87b8c]
04:58:01.497 [main] DEBUG o.s.t.w.s.TestDispatcherServlet - Null ModelAndView returned to DispatcherServlet with name &apos;&apos;: assuming HandlerAdapter completed request handling
04:58:01.497 [main] DEBUG o.s.t.w.s.TestDispatcherServlet - Successfully completed request
04:58:01.498 [main] DEBUG o.s.t.w.s.TestDispatcherServlet - DispatcherServlet with name &apos;&apos; processing PUT request for [/api/v1/prescriptions]
04:58:01.499 [main] DEBUG o.s.w.s.m.m.a.RequestMappingHandlerMapping - Looking up handler method for path /api/v1/prescriptions
04:58:01.499 [main] DEBUG o.s.w.s.m.m.a.RequestMappingHandlerMapping - Returning handler method [public org.springframework.http.ResponseEntity edu.ncsu.csc.itrust2.controllers.api.APIPrescriptionController.editPrescription(edu.ncsu.csc.itrust2.forms.hcp.PrescriptionForm)]
04:58:01.499 [main] DEBUG o.s.b.f.s.DefaultListableBeanFactory - Returning cached instance of singleton bean &apos;APIPrescriptionController&apos;
04:58:01.507 [main] DEBUG o.s.w.s.m.m.a.RequestResponseBodyMethodProcessor - Read [class edu.ncsu.csc.itrust2.forms.hcp.PrescriptionForm] as &quot;application/json&quot; with [org.springframework.http.converter.json.GsonHttpMessageConverter@75a87b8c]
04:58:01.507 [main] DEBUG o.s.s.a.i.a.MethodSecurityInterceptor - Secure object: ReflectiveMethodInvocation: public org.springframework.http.ResponseEntity edu.ncsu.csc.itrust2.controllers.api.APIPrescriptionController.editPrescription(edu.ncsu.csc.itrust2.forms.hcp.PrescriptionForm); target is of class [edu.ncsu.csc.itrust2.controllers.api.APIPrescriptionController]; Attributes: [[authorize: &apos;hasRole(&apos;ROLE_HCP&apos;)&apos;, filter: &apos;null&apos;, filterTarget: &apos;null&apos;]]
04:58:01.507 [main] DEBUG o.s.s.a.i.a.MethodSecurityInterceptor - Previously Authenticated: org.springframework.security.authentication.UsernamePasswordAuthenticationToken@ad1c8f34: Principal: org.springframework.security.core.userdetails.User@192d5: Username: hcp; Password: [PROTECTED]; Enabled: true; AccountNonExpired: true; credentialsNonExpired: true; AccountNonLocked: true; Granted Authorities: ROLE_ADMIN,ROLE_HCP,ROLE_USER; Credentials: [PROTECTED]; Authenticated: true; Details: null; Granted Authorities: ROLE_ADMIN, ROLE_HCP, ROLE_USER
04:58:01.507 [main] DEBUG o.s.s.access.vote.AffirmativeBased - Voter: org.springframework.security.access.prepost.PreInvocationAuthorizationAdviceVoter@58eebe6b, returned: 1
04:58:01.507 [main] DEBUG o.s.s.a.i.a.MethodSecurityInterceptor - Authorization successful
04:58:01.507 [main] DEBUG o.s.s.a.i.a.MethodSecurityInterceptor - RunAsManager did not change Authentication object
04:58:01.507 [main] DEBUG o.h.e.t.internal.TransactionImpl - begin
04:58:01.508 [main] DEBUG org.hibernate.SQL - select this_.id as id1_3_0_, this_.code as code2_3_0_, this_.description as descript3_3_0_, this_.name as name4_3_0_ from Drugs this_ where this_.code=?
Hibernate: select this_.id as id1_3_0_, this_.code as code2_3_0_, this_.description as descript3_3_0_, this_.name as name4_3_0_ from Drugs this_ where this_.code=?
04:58:01.509 [main] DEBUG org.hibernate.loader.Loader - Result set row: 0
04:58:01.509 [main] DEBUG org.hibernate.loader.Loader - Result row: EntityKey[edu.ncsu.csc.itrust2.models.persistent.Drug#566]
04:58:01.509 [main] DEBUG o.h.engine.internal.TwoPhaseLoad - Resolving associations for [edu.ncsu.csc.itrust2.models.persistent.Drug#566]
04:58:01.509 [main] DEBUG o.h.engine.internal.TwoPhaseLoad - Done materializing entity [edu.ncsu.csc.itrust2.models.persistent.Drug#566]
04:58:01.509 [main] DEBUG o.h.e.t.internal.TransactionImpl - committing
04:58:01.509 [main] DEBUG o.h.e.i.AbstractFlushingEventListener - Processing flush-time cascades
04:58:01.509 [main] DEBUG o.h.e.i.AbstractFlushingEventListener - Dirty checking collections
04:58:01.509 [main] DEBUG o.h.e.i.AbstractFlushingEventListener - Flushed: 0 insertions, 0 updates, 0 deletions to 1 objects
04:58:01.509 [main] DEBUG o.h.e.i.AbstractFlushingEventListener - Flushed: 0 (re)creations, 0 updates, 0 removals to 0 collections
04:58:01.509 [main] DEBUG o.h.internal.util.EntityPrinter - Listing entities:
04:58:01.509 [main] DEBUG o.h.internal.util.EntityPrinter - edu.ncsu.csc.itrust2.models.persistent.Drug{code=0000-0000-20, name=TEST, description=DESC, id=566}
04:58:01.510 [main] DEBUG o.h.e.t.internal.TransactionImpl - begin
04:58:01.517 [main] DEBUG org.hibernate.SQL - select this_.username as username1_15_0_, this_.enabled as enabled2_15_0_, this_.password as password3_15_0_, this_.role as role4_15_0_ from Users this_ where this_.username=?
Hibernate: select this_.username as username1_15_0_, this_.enabled as enabled2_15_0_, this_.password as password3_15_0_, this_.role as role4_15_0_ from Users this_ where this_.username=?
04:58:01.518 [main] DEBUG org.hibernate.loader.Loader - Result set row: 0
04:58:01.518 [main] DEBUG org.hibernate.loader.Loader - Result row: EntityKey[edu.ncsu.csc.itrust2.models.persistent.User#api_test_patient]
04:58:01.518 [main] DEBUG o.h.engine.internal.TwoPhaseLoad - Resolving associations for [edu.ncsu.csc.itrust2.models.persistent.User#api_test_patient]
04:58:01.518 [main] DEBUG o.h.engine.internal.TwoPhaseLoad - Done materializing entity [edu.ncsu.csc.itrust2.models.persistent.User#api_test_patient]
04:58:01.518 [main] DEBUG o.h.e.t.internal.TransactionImpl - committing
04:58:01.518 [main] DEBUG o.h.e.i.AbstractFlushingEventListener - Processing flush-time cascades
04:58:01.518 [main] DEBUG o.h.e.i.AbstractFlushingEventListener - Dirty checking collections
04:58:01.518 [main] DEBUG o.h.e.i.AbstractFlushingEventListener - Flushed: 0 insertions, 0 updates, 0 deletions to 1 objects
04:58:01.518 [main] DEBUG o.h.e.i.AbstractFlushingEventListener - Flushed: 0 (re)creations, 0 updates, 0 removals to 0 collections
04:58:01.518 [main] DEBUG o.h.internal.util.EntityPrinter - Listing entities:
04:58:01.518 [main] DEBUG o.h.internal.util.EntityPrinter - edu.ncsu.csc.itrust2.models.persistent.User{password=$2a$10$aljEc.BvrOOQ0O1pGw8kBeay0uJ2VMiZaTas2LszioRZCCTlARJ7e, role=ROLE_PATIENT, enabled=1, username=api_test_patient}
04:58:01.519 [main] DEBUG o.h.e.t.internal.TransactionImpl - begin
04:58:01.520 [main] DEBUG org.hibernate.SQL - select this_.id as id1_14_2_, this_.dosage as dosage2_14_2_, this_.drug_id as drug_id6_14_2_, this_.endDate as endDate3_14_2_, this_.patient_id as patient_7_14_2_, this_.renewals as renewals4_14_2_, this_.startDate as startDat5_14_2_, drug2_.id as id1_3_0_, drug2_.code as code2_3_0_, drug2_.description as descript3_3_0_, drug2_.name as name4_3_0_, user3_.username as username1_15_1_, user3_.enabled as enabled2_15_1_, user3_.password as password3_15_1_, user3_.role as role4_15_1_ from Prescriptions this_ inner join Drugs drug2_ on this_.drug_id=drug2_.id inner join Users user3_ on this_.patient_id=user3_.username where this_.id=?
Hibernate: select this_.id as id1_14_2_, this_.dosage as dosage2_14_2_, this_.drug_id as drug_id6_14_2_, this_.endDate as endDate3_14_2_, this_.patient_id as patient_7_14_2_, this_.renewals as renewals4_14_2_, this_.startDate as startDat5_14_2_, drug2_.id as id1_3_0_, drug2_.code as code2_3_0_, drug2_.description as descript3_3_0_, drug2_.name as name4_3_0_, user3_.username as username1_15_1_, user3_.enabled as enabled2_15_1_, user3_.password as password3_15_1_, user3_.role as role4_15_1_ from Prescriptions this_ inner join Drugs drug2_ on this_.drug_id=drug2_.id inner join Users user3_ on this_.patient_id=user3_.username where this_.id=?
04:58:01.521 [main] DEBUG org.hibernate.loader.Loader - Result set row: 0
04:58:01.521 [main] DEBUG org.hibernate.loader.Loader - Result row: EntityKey[edu.ncsu.csc.itrust2.models.persistent.Drug#566], EntityKey[edu.ncsu.csc.itrust2.models.persistent.User#api_test_patient], EntityKey[edu.ncsu.csc.itrust2.models.persistent.Prescription#568]
04:58:01.521 [main] DEBUG o.h.engine.internal.TwoPhaseLoad - Resolving associations for [edu.ncsu.csc.itrust2.models.persistent.Drug#566]
04:58:01.521 [main] DEBUG o.h.engine.internal.TwoPhaseLoad - Done materializing entity [edu.ncsu.csc.itrust2.models.persistent.Drug#566]
04:58:01.521 [main] DEBUG o.h.engine.internal.TwoPhaseLoad - Resolving associations for [edu.ncsu.csc.itrust2.models.persistent.User#api_test_patient]
04:58:01.521 [main] DEBUG o.h.engine.internal.TwoPhaseLoad - Done materializing entity [edu.ncsu.csc.itrust2.models.persistent.User#api_test_patient]
04:58:01.521 [main] DEBUG o.h.engine.internal.TwoPhaseLoad - Resolving associations for [edu.ncsu.csc.itrust2.models.persistent.Prescription#568]
04:58:01.522 [main] DEBUG o.h.engine.internal.TwoPhaseLoad - Done materializing entity [edu.ncsu.csc.itrust2.models.persistent.Prescription#568]
04:58:01.522 [main] DEBUG o.h.e.t.internal.TransactionImpl - committing
04:58:01.522 [main] DEBUG o.h.e.i.AbstractFlushingEventListener - Processing flush-time cascades
04:58:01.522 [main] DEBUG o.h.e.i.AbstractFlushingEventListener - Dirty checking collections
04:58:01.522 [main] DEBUG o.h.e.i.AbstractFlushingEventListener - Flushed: 0 insertions, 0 updates, 0 deletions to 3 objects
04:58:01.522 [main] DEBUG o.h.e.i.AbstractFlushingEventListener - Flushed: 0 (re)creations, 0 updates, 0 removals to 0 collections
04:58:01.522 [main] DEBUG o.h.internal.util.EntityPrinter - Listing entities:
04:58:01.522 [main] DEBUG o.h.internal.util.EntityPrinter - edu.ncsu.csc.itrust2.models.persistent.Drug{code=0000-0000-20, name=TEST, description=DESC, id=566}
04:58:01.522 [main] DEBUG o.h.internal.util.EntityPrinter - edu.ncsu.csc.itrust2.models.persistent.User{password=$2a$10$aljEc.BvrOOQ0O1pGw8kBeay0uJ2VMiZaTas2LszioRZCCTlARJ7e, role=ROLE_PATIENT, enabled=1, username=api_test_patient}
04:58:01.522 [main] DEBUG o.h.internal.util.EntityPrinter - edu.ncsu.csc.itrust2.models.persistent.Prescription{dosage=100, endDate=java.util.GregorianCalendar[time=1286668800000,areFieldsSet=true,areAllFieldsSet=true,lenient=true,zone=sun.util.calendar.ZoneInfo[id=&quot;Etc/UTC&quot;,offset=0,dstSavings=0,useDaylight=false,transitions=0,lastRule=null],firstDayOfWeek=1,minimalDaysInFirstWeek=1,ERA=1,YEAR=2010,MONTH=9,WEEK_OF_YEAR=42,WEEK_OF_MONTH=3,DAY_OF_MONTH=10,DAY_OF_YEAR=283,DAY_OF_WEEK=1,DAY_OF_WEEK_IN_MONTH=2,AM_PM=0,HOUR=0,HOUR_OF_DAY=0,MINUTE=0,SECOND=0,MILLISECOND=0,ZONE_OFFSET=0,DST_OFFSET=0], patient=edu.ncsu.csc.itrust2.models.persistent.User#api_test_patient, id=568, renewals=12, startDate=java.util.GregorianCalendar[time=1255132800000,areFieldsSet=true,areAllFieldsSet=true,lenient=true,zone=sun.util.calendar.ZoneInfo[id=&quot;Etc/UTC&quot;,offset=0,dstSavings=0,useDaylight=false,transitions=0,lastRule=null],firstDayOfWeek=1,minimalDaysInFirstWeek=1,ERA=1,YEAR=2009,MONTH=9,WEEK_OF_YEAR=41,WEEK_OF_MONTH=2,DAY_OF_MONTH=10,DAY_OF_YEAR=283,DAY_OF_WEEK=7,DAY_OF_WEEK_IN_MONTH=2,AM_PM=0,HOUR=0,HOUR_OF_DAY=0,MINUTE=0,SECOND=0,MILLISECOND=0,ZONE_OFFSET=0,DST_OFFSET=0], drug=edu.ncsu.csc.itrust2.models.persistent.Drug#566}
04:58:01.522 [main] DEBUG o.h.e.t.internal.TransactionImpl - begin
04:58:01.523 [main] DEBUG org.hibernate.SQL - select next_val as id_val from hibernate_sequence for update
Hibernate: select next_val as id_val from hibernate_sequence for update
04:58:01.523 [main] DEBUG org.hibernate.SQL - update hibernate_sequence set next_val= ? where next_val=?
Hibernate: update hibernate_sequence set next_val= ? where next_val=?
04:58:01.524 [main] DEBUG o.h.e.i.AbstractSaveEventListener - Generated identifier: 573, using strategy: org.hibernate.id.enhanced.SequenceStyleGenerator
04:58:01.524 [main] DEBUG o.h.e.t.internal.TransactionImpl - committing
04:58:01.524 [main] DEBUG o.h.e.i.AbstractFlushingEventListener - Processing flush-time cascades
04:58:01.524 [main] DEBUG o.h.e.i.AbstractFlushingEventListener - Dirty checking collections
04:58:01.524 [main] DEBUG o.h.e.i.AbstractFlushingEventListener - Flushed: 1 insertions, 0 updates, 0 deletions to 1 objects
04:58:01.524 [main] DEBUG o.h.e.i.AbstractFlushingEventListener - Flushed: 0 (re)creations, 0 updates, 0 removals to 0 collections
04:58:01.524 [main] DEBUG o.h.internal.util.EntityPrinter - Listing entities:
04:58:01.524 [main] DEBUG o.h.internal.util.EntityPrinter - edu.ncsu.csc.itrust2.models.persistent.LogEntry{secondaryUser=null, logCode=47, primaryUser=hcp, id=573, time=java.util.GregorianCalendar[time=1521521881522,areFieldsSet=true,areAllFieldsSet=true,lenient=true,zone=sun.util.calendar.ZoneInfo[id=&quot;Etc/UTC&quot;,offset=0,dstSavings=0,useDaylight=false,transitions=0,lastRule=null],firstDayOfWeek=1,minimalDaysInFirstWeek=1,ERA=1,YEAR=2018,MONTH=2,WEEK_OF_YEAR=12,WEEK_OF_MONTH=4,DAY_OF_MONTH=20,DAY_OF_YEAR=79,DAY_OF_WEEK=3,DAY_OF_WEEK_IN_MONTH=3,AM_PM=0,HOUR=4,HOUR_OF_DAY=4,MINUTE=58,SECOND=1,MILLISECOND=522,ZONE_OFFSET=0,DST_OFFSET=0], message=No prescription found with id 568}
04:58:01.525 [main] DEBUG org.hibernate.SQL - insert into LogEntries (logCode, message, primaryUser, secondaryUser, time, id) values (?, ?, ?, ?, ?, ?)
Hibernate: insert into LogEntries (logCode, message, primaryUser, secondaryUser, time, id) values (?, ?, ?, ?, ?, ?)
04:58:01.525 [main] DEBUG o.h.e.j.internal.JdbcCoordinatorImpl - HHH000420: Closing un-released batch
04:58:01.535 [main] DEBUG o.s.w.s.m.m.a.HttpEntityMethodProcessor - Written [{&quot;status&quot;:&quot;failed&quot;,&quot;message&quot;:&quot;No prescription found with id 568&quot;}] as &quot;text/plain&quot; using [org.springframework.http.converter.StringHttpMessageConverter@7d41615a]
04:58:01.535 [main] DEBUG o.s.t.w.s.TestDispatcherServlet - Null ModelAndView returned to DispatcherServlet with name &apos;&apos;: assuming HandlerAdapter completed request handling
04:58:01.535 [main] DEBUG o.s.t.w.s.TestDispatcherServlet - Successfully completed request
04:58:01.536 [main] DEBUG o.s.t.c.s.AbstractDirtiesContextTestExecutionListener - After test method: context [DefaultTestContext@246fb369 testClass = APIPrescriptionTest, testInstance = edu.ncsu.csc.itrust2.apitest.APIPrescriptionTest@3787cfda, testMethod = testPrescriptionAPI@APIPrescriptionTest, testException = java.lang.AssertionError: expected:&lt;568&gt; but was:&lt;null&gt;, mergedContextConfiguration = [WebMergedContextConfiguration@3c5faa34 testClass = APIPrescriptionTest, locations = &apos;{}&apos;, classes = &apos;{class edu.ncsu.csc.itrust2.config.RootConfiguration, class edu.ncsu.csc.itrust2.mvc.config.WebMvcConfiguration}&apos;, contextInitializerClasses = &apos;[]&apos;, activeProfiles = &apos;{}&apos;, propertySourceLocations = &apos;{}&apos;, propertySourceProperties = &apos;{}&apos;, contextCustomizers = set[[empty]], resourceBasePath = &apos;src/main/webapp&apos;, contextLoader = &apos;org.springframework.test.context.web.WebDelegatingSmartContextLoader&apos;, parent = [null]]], class annotated with @DirtiesContext [false] with mode [null], method annotated with @DirtiesContext [false] with mode [null].
04:58:01.536 [main] DEBUG o.s.t.c.w.ServletTestExecutionListener - Resetting RequestContextHolder for test context [DefaultTestContext@246fb369 testClass = APIPrescriptionTest, testInstance = edu.ncsu.csc.itrust2.apitest.APIPrescriptionTest@3787cfda, testMethod = testPrescriptionAPI@APIPrescriptionTest, testException = java.lang.AssertionError: expected:&lt;568&gt; but was:&lt;null&gt;, mergedContextConfiguration = [WebMergedContextConfiguration@3c5faa34 testClass = APIPrescriptionTest, locations = &apos;{}&apos;, classes = &apos;{class edu.ncsu.csc.itrust2.config.RootConfiguration, class edu.ncsu.csc.itrust2.mvc.config.WebMvcConfiguration}&apos;, contextInitializerClasses = &apos;[]&apos;, activeProfiles = &apos;{}&apos;, propertySourceLocations = &apos;{}&apos;, propertySourceProperties = &apos;{}&apos;, contextCustomizers = set[[empty]], resourceBasePath = &apos;src/main/webapp&apos;, contextLoader = &apos;org.springframework.test.context.web.WebDelegatingSmartContextLoader&apos;, parent = [null]]].
</stdout>
          <failedSince>8</failedSince>
        </case>
      </cases>
    </suite>
    <suite>
      <file>/var/lib/jenkins/workspace/iTrust-Fuzz-Job/iTrust2-v2/iTrust/iTrust2/target/surefire-reports/TEST-edu.ncsu.csc.itrust2.apitest.APIUserTest.xml</file>
      <name>edu.ncsu.csc.itrust2.apitest.APIUserTest</name>
      <duration>0.582</duration>
      <time>0.582</time>
      <enclosingBlocks/>
      <enclosingBlockNames/>
      <cases>
        <case>
          <duration>0.551</duration>
          <className>edu.ncsu.csc.itrust2.apitest.APIUserTest</className>
          <testName>testUserAPI</testName>
          <skipped>false</skipped>
          <failedSince>0</failedSince>
        </case>
        <case>
          <duration>0.011</duration>
          <className>edu.ncsu.csc.itrust2.apitest.APIUserTest</className>
          <testName>testGetNonExistentUser</testName>
          <skipped>false</skipped>
          <failedSince>0</failedSince>
        </case>
      </cases>
    </suite>
    <suite>
      <file>/var/lib/jenkins/workspace/iTrust-Fuzz-Job/iTrust2-v2/iTrust/iTrust2/target/surefire-reports/TEST-edu.ncsu.csc.itrust2.unit.DomainObjectTest.xml</file>
      <name>edu.ncsu.csc.itrust2.unit.DomainObjectTest</name>
      <duration>0.345</duration>
      <time>0.345</time>
      <enclosingBlocks/>
      <enclosingBlockNames/>
      <cases>
        <case>
          <duration>0.012</duration>
          <className>edu.ncsu.csc.itrust2.unit.DomainObjectTest</className>
          <testName>testCreateDomainObject</testName>
          <skipped>false</skipped>
          <failedSince>0</failedSince>
        </case>
        <case>
          <duration>0.315</duration>
          <className>edu.ncsu.csc.itrust2.unit.DomainObjectTest</className>
          <testName>testRetrieveDomainObject</testName>
          <skipped>false</skipped>
          <failedSince>0</failedSince>
        </case>
        <case>
          <duration>0.013</duration>
          <className>edu.ncsu.csc.itrust2.unit.DomainObjectTest</className>
          <testName>testDelete</testName>
          <skipped>false</skipped>
          <failedSince>0</failedSince>
        </case>
      </cases>
    </suite>
    <suite>
      <file>/var/lib/jenkins/workspace/iTrust-Fuzz-Job/iTrust2-v2/iTrust/iTrust2/target/surefire-reports/TEST-edu.ncsu.csc.itrust2.unit.EmailUtilTest.xml</file>
      <name>edu.ncsu.csc.itrust2.unit.EmailUtilTest</name>
      <duration>0.015</duration>
      <time>0.015</time>
      <enclosingBlocks/>
      <enclosingBlockNames/>
      <cases>
        <case>
          <duration>0.012</duration>
          <className>edu.ncsu.csc.itrust2.unit.EmailUtilTest</className>
          <testName>testEmail</testName>
          <skipped>false</skipped>
          <failedSince>0</failedSince>
        </case>
        <case>
          <duration>0.001</duration>
          <className>edu.ncsu.csc.itrust2.unit.EmailUtilTest</className>
          <testName>testSendEmail</testName>
          <skipped>false</skipped>
          <errorStackTrace>java.lang.NullPointerException: Cannot read input file
	at edu.ncsu.csc.itrust2.unit.EmailUtilTest.testSendEmail(EmailUtilTest.java:31)
</errorStackTrace>
          <errorDetails>Cannot read input file</errorDetails>
          <failedSince>8</failedSince>
        </case>
      </cases>
    </suite>
    <suite>
      <file>/var/lib/jenkins/workspace/iTrust-Fuzz-Job/iTrust2-v2/iTrust/iTrust2/target/surefire-reports/TEST-edu.ncsu.csc.itrust2.unit.HospitalFormTest.xml</file>
      <name>edu.ncsu.csc.itrust2.unit.HospitalFormTest</name>
      <duration>0.001</duration>
      <time>0.001</time>
      <enclosingBlocks/>
      <enclosingBlockNames/>
      <cases>
        <case>
          <duration>0.001</duration>
          <className>edu.ncsu.csc.itrust2.unit.HospitalFormTest</className>
          <testName>testHospitalForm</testName>
          <skipped>false</skipped>
          <failedSince>0</failedSince>
        </case>
      </cases>
    </suite>
    <suite>
      <file>/var/lib/jenkins/workspace/iTrust-Fuzz-Job/iTrust2-v2/iTrust/iTrust2/target/surefire-reports/TEST-edu.ncsu.csc.itrust2.unit.ICDCodeTest.xml</file>
      <name>edu.ncsu.csc.itrust2.unit.ICDCodeTest</name>
      <duration>0.0</duration>
      <time>0</time>
      <enclosingBlocks/>
      <enclosingBlockNames/>
      <cases>
        <case>
          <duration>0.0</duration>
          <className>edu.ncsu.csc.itrust2.unit.ICDCodeTest</className>
          <testName>testCodes</testName>
          <skipped>false</skipped>
          <failedSince>0</failedSince>
        </case>
        <case>
          <duration>0.0</duration>
          <className>edu.ncsu.csc.itrust2.unit.ICDCodeTest</className>
          <testName>testInvalidCodes</testName>
          <skipped>false</skipped>
          <errorStackTrace>org.junit.ComparisonFailure: expected:&lt;[Third character of code must be alphanumeric: ]A1.A&gt; but was:&lt;[QPLyHldG_A]A1.A&gt;
	at edu.ncsu.csc.itrust2.unit.ICDCodeTest.testInvalidCodes(ICDCodeTest.java:73)
</errorStackTrace>
          <errorDetails>expected:&lt;[Third character of code must be alphanumeric: ]A1.A&gt; but was:&lt;[QPLyHldG_A]A1.A&gt;</errorDetails>
          <failedSince>5</failedSince>
        </case>
      </cases>
    </suite>
    <suite>
      <file>/var/lib/jenkins/workspace/iTrust-Fuzz-Job/iTrust2-v2/iTrust/iTrust2/target/surefire-reports/TEST-edu.ncsu.csc.itrust2.unit.LockoutTest.xml</file>
      <name>edu.ncsu.csc.itrust2.unit.LockoutTest</name>
      <duration>0.007</duration>
      <time>0.007</time>
      <enclosingBlocks/>
      <enclosingBlockNames/>
      <cases>
        <case>
          <duration>0.003</duration>
          <className>edu.ncsu.csc.itrust2.unit.LockoutTest</className>
          <testName>testUserLockouts</testName>
          <skipped>false</skipped>
          <failedSince>0</failedSince>
        </case>
        <case>
          <duration>0.003</duration>
          <className>edu.ncsu.csc.itrust2.unit.LockoutTest</className>
          <testName>testIPLockouts</testName>
          <skipped>false</skipped>
          <failedSince>0</failedSince>
        </case>
      </cases>
    </suite>
    <suite>
      <file>/var/lib/jenkins/workspace/iTrust-Fuzz-Job/iTrust2-v2/iTrust/iTrust2/target/surefire-reports/TEST-edu.ncsu.csc.itrust2.unit.LogTest.xml</file>
      <name>edu.ncsu.csc.itrust2.unit.LogTest</name>
      <duration>0.001</duration>
      <time>0.001</time>
      <enclosingBlocks/>
      <enclosingBlockNames/>
      <cases>
        <case>
          <duration>0.001</duration>
          <className>edu.ncsu.csc.itrust2.unit.LogTest</className>
          <testName>testLogging</testName>
          <skipped>false</skipped>
          <failedSince>0</failedSince>
        </case>
      </cases>
    </suite>
    <suite>
      <file>/var/lib/jenkins/workspace/iTrust-Fuzz-Job/iTrust2-v2/iTrust/iTrust2/target/surefire-reports/TEST-edu.ncsu.csc.itrust2.unit.OfficeVisitTest.xml</file>
      <name>edu.ncsu.csc.itrust2.unit.OfficeVisitTest</name>
      <duration>0.206</duration>
      <time>0.206</time>
      <enclosingBlocks/>
      <enclosingBlockNames/>
      <cases>
        <case>
          <duration>0.206</duration>
          <className>edu.ncsu.csc.itrust2.unit.OfficeVisitTest</className>
          <testName>testOfficeVisit</testName>
          <skipped>false</skipped>
          <failedSince>0</failedSince>
        </case>
      </cases>
    </suite>
    <suite>
      <file>/var/lib/jenkins/workspace/iTrust-Fuzz-Job/iTrust2-v2/iTrust/iTrust2/target/surefire-reports/TEST-edu.ncsu.csc.itrust2.unit.PasswordChangeTest.xml</file>
      <name>edu.ncsu.csc.itrust2.unit.PasswordChangeTest</name>
      <duration>2.152</duration>
      <time>2.152</time>
      <enclosingBlocks/>
      <enclosingBlockNames/>
      <cases>
        <case>
          <duration>1.41</duration>
          <className>edu.ncsu.csc.itrust2.unit.PasswordChangeTest</className>
          <testName>testPasswordReset</testName>
          <skipped>false</skipped>
          <failedSince>0</failedSince>
        </case>
        <case>
          <duration>0.741</duration>
          <className>edu.ncsu.csc.itrust2.unit.PasswordChangeTest</className>
          <testName>testPasswordChangeForm</testName>
          <skipped>false</skipped>
          <failedSince>0</failedSince>
        </case>
      </cases>
    </suite>
    <suite>
      <file>/var/lib/jenkins/workspace/iTrust-Fuzz-Job/iTrust2-v2/iTrust/iTrust2/target/surefire-reports/TEST-edu.ncsu.csc.itrust2.unit.PatientTest.xml</file>
      <name>edu.ncsu.csc.itrust2.unit.PatientTest</name>
      <duration>0.072</duration>
      <time>0.072</time>
      <enclosingBlocks/>
      <enclosingBlockNames/>
      <cases>
        <case>
          <duration>0.047</duration>
          <className>edu.ncsu.csc.itrust2.unit.PatientTest</className>
          <testName>testPatientDateOfDeath</testName>
          <skipped>false</skipped>
          <failedSince>0</failedSince>
        </case>
        <case>
          <duration>0.018</duration>
          <className>edu.ncsu.csc.itrust2.unit.PatientTest</className>
          <testName>testFieldValidation</testName>
          <skipped>false</skipped>
          <failedSince>0</failedSince>
        </case>
      </cases>
    </suite>
    <suite>
      <file>/var/lib/jenkins/workspace/iTrust-Fuzz-Job/iTrust2-v2/iTrust/iTrust2/target/surefire-reports/TEST-edu.ncsu.csc.itrust2.unit.PersonnelFormTest.xml</file>
      <name>edu.ncsu.csc.itrust2.unit.PersonnelFormTest</name>
      <duration>0.0</duration>
      <time>0</time>
      <enclosingBlocks/>
      <enclosingBlockNames/>
      <cases>
        <case>
          <duration>0.0</duration>
          <className>edu.ncsu.csc.itrust2.unit.PersonnelFormTest</className>
          <testName>testPersonnelForm</testName>
          <skipped>false</skipped>
          <failedSince>0</failedSince>
        </case>
      </cases>
    </suite>
    <suite>
      <file>/var/lib/jenkins/workspace/iTrust-Fuzz-Job/iTrust2-v2/iTrust/iTrust2/target/surefire-reports/TEST-edu.ncsu.csc.itrust2.unit.UserTest.xml</file>
      <name>edu.ncsu.csc.itrust2.unit.UserTest</name>
      <duration>0.001</duration>
      <time>0.001</time>
      <enclosingBlocks/>
      <enclosingBlockNames/>
      <cases>
        <case>
          <duration>0.0</duration>
          <className>edu.ncsu.csc.itrust2.unit.UserTest</className>
          <testName>testEqualsAndProperties</testName>
          <skipped>false</skipped>
          <errorStackTrace>java.lang.NullPointerException
	at edu.ncsu.csc.itrust2.unit.UserTest.testEqualsAndProperties(UserTest.java:30)
</errorStackTrace>
          <failedSince>8</failedSince>
        </case>
      </cases>
    </suite>
  </suites>
  <duration>20.685</duration>
  <keepLongStdio>false</keepLongStdio>
</result>