<?xml version="1.0" encoding="UTF-8"?>
<testsuite xmlns:xsi="http://www.w3.org/2001/XMLSchema-instance" xsi:noNamespaceSchemaLocation="https://maven.apache.org/surefire/maven-surefire-plugin/xsd/surefire-test-report.xsd" name="edu.ncsu.csc.itrust2.apitest.APIPersonnelTest" time="32.257" tests="2" errors="0" skipped="0" failures="2">
  <properties>
    <property name="java.runtime.name" value="Java(TM) SE Runtime Environment"/>
    <property name="sun.boot.library.path" value="/usr/lib/jvm/java-8-oracle/jre/lib/amd64"/>
    <property name="java.vm.version" value="25.161-b12"/>
    <property name="java.vm.vendor" value="Oracle Corporation"/>
    <property name="maven.multiModuleProjectDirectory" value="/var/lib/jenkins/workspace/iTrust-Fuzz-Job/iTrust2-v2/iTrust/iTrust2"/>
    <property name="java.vendor.url" value="http://java.oracle.com/"/>
    <property name="path.separator" value=":"/>
    <property name="guice.disable.misplaced.annotation.check" value="true"/>
    <property name="java.vm.name" value="Java HotSpot(TM) 64-Bit Server VM"/>
    <property name="file.encoding.pkg" value="sun.io"/>
    <property name="user.country" value="US"/>
    <property name="sun.java.launcher" value="SUN_STANDARD"/>
    <property name="sun.os.patch.level" value="unknown"/>
    <property name="java.vm.specification.name" value="Java Virtual Machine Specification"/>
    <property name="user.dir" value="/var/lib/jenkins/workspace/iTrust-Fuzz-Job/iTrust2-v2/iTrust/iTrust2"/>
    <property name="java.runtime.version" value="1.8.0_161-b12"/>
    <property name="java.awt.graphicsenv" value="sun.awt.X11GraphicsEnvironment"/>
    <property name="java.endorsed.dirs" value="/usr/lib/jvm/java-8-oracle/jre/lib/endorsed"/>
    <property name="os.arch" value="amd64"/>
    <property name="java.io.tmpdir" value="/tmp"/>
    <property name="line.separator" value="&#10;"/>
    <property name="java.vm.specification.vendor" value="Oracle Corporation"/>
    <property name="os.name" value="Linux"/>
    <property name="classworlds.conf" value="/usr/share/maven/bin/m2.conf"/>
    <property name="sun.jnu.encoding" value="UTF-8"/>
    <property name="java.library.path" value="/usr/java/packages/lib/amd64:/usr/lib64:/lib64:/lib:/usr/lib"/>
    <property name="java.specification.name" value="Java Platform API Specification"/>
    <property name="java.class.version" value="52.0"/>
    <property name="sun.management.compiler" value="HotSpot 64-Bit Tiered Compilers"/>
    <property name="os.version" value="4.4.0-116-generic"/>
    <property name="user.home" value="/root"/>
    <property name="user.timezone" value="Etc/UTC"/>
    <property name="java.awt.printerjob" value="sun.print.PSPrinterJob"/>
    <property name="file.encoding" value="UTF-8"/>
    <property name="java.specification.version" value="1.8"/>
    <property name="user.name" value="root"/>
    <property name="java.class.path" value="/usr/share/maven/boot/plexus-classworlds-2.x.jar"/>
    <property name="java.vm.specification.version" value="1.8"/>
    <property name="sun.arch.data.model" value="64"/>
    <property name="java.home" value="/usr/lib/jvm/java-8-oracle/jre"/>
    <property name="sun.java.command" value="org.codehaus.plexus.classworlds.launcher.Launcher clean test verify checkstyle:checkstyle"/>
    <property name="java.specification.vendor" value="Oracle Corporation"/>
    <property name="user.language" value="en"/>
    <property name="awt.toolkit" value="sun.awt.X11.XToolkit"/>
    <property name="java.vm.info" value="mixed mode"/>
    <property name="java.version" value="1.8.0_161"/>
    <property name="java.ext.dirs" value="/usr/lib/jvm/java-8-oracle/jre/lib/ext:/usr/java/packages/lib/ext"/>
    <property name="securerandom.source" value="file:/dev/./urandom"/>
    <property name="sun.boot.class.path" value="/usr/lib/jvm/java-8-oracle/jre/lib/resources.jar:/usr/lib/jvm/java-8-oracle/jre/lib/rt.jar:/usr/lib/jvm/java-8-oracle/jre/lib/sunrsasign.jar:/usr/lib/jvm/java-8-oracle/jre/lib/jsse.jar:/usr/lib/jvm/java-8-oracle/jre/lib/jce.jar:/usr/lib/jvm/java-8-oracle/jre/lib/charsets.jar:/usr/lib/jvm/java-8-oracle/jre/lib/jfr.jar:/usr/lib/jvm/java-8-oracle/jre/classes"/>
    <property name="java.vendor" value="Oracle Corporation"/>
    <property name="maven.home" value="/usr/share/maven"/>
    <property name="file.separator" value="/"/>
    <property name="java.vendor.url.bug" value="http://bugreport.sun.com/bugreport/"/>
    <property name="sun.cpu.endian" value="little"/>
    <property name="sun.io.unicode.encoding" value="UnicodeLittle"/>
    <property name="sun.cpu.isalist" value=""/>
  </properties>
  <testcase name="testGetNonExistentPersonnel" classname="edu.ncsu.csc.itrust2.apitest.APIPersonnelTest" time="16.048">
    <failure message="Status expected:&lt;404&gt; but was:&lt;200&gt;" type="java.lang.AssertionError"><![CDATA[java.lang.AssertionError: Status expected:<404> but was:<200>
	at edu.ncsu.csc.itrust2.apitest.APIPersonnelTest.testGetNonExistentPersonnel(APIPersonnelTest.java:61)
]]></failure>
    <system-out><![CDATA[21:23:42.819 [main] DEBUG o.s.t.c.j.SpringJUnit4ClassRunner - SpringJUnit4ClassRunner constructor called with [class edu.ncsu.csc.itrust2.apitest.APIPersonnelTest]
21:23:42.845 [main] DEBUG o.s.test.context.BootstrapUtils - Instantiating CacheAwareContextLoaderDelegate from class [org.springframework.test.context.cache.DefaultCacheAwareContextLoaderDelegate]
21:23:42.919 [main] DEBUG o.s.test.context.BootstrapUtils - Instantiating BootstrapContext using constructor [public org.springframework.test.context.support.DefaultBootstrapContext(java.lang.Class,org.springframework.test.context.CacheAwareContextLoaderDelegate)]
21:23:43.026 [main] DEBUG o.s.test.context.BootstrapUtils - Instantiating TestContextBootstrapper for test class [edu.ncsu.csc.itrust2.apitest.APIPersonnelTest] from class [org.springframework.test.context.web.WebTestContextBootstrapper]
21:23:43.251 [main] DEBUG o.s.t.c.s.AbstractDelegatingSmartContextLoader - Delegating to AnnotationConfigWebContextLoader to process context configuration [ContextConfigurationAttributes@32f0c7f8 declaringClass = 'edu.ncsu.csc.itrust2.apitest.APIPersonnelTest', classes = '{class edu.ncsu.csc.itrust2.config.RootConfiguration, class edu.ncsu.csc.itrust2.mvc.config.WebMvcConfiguration}', locations = '{}', inheritLocations = true, initializers = '{}', inheritInitializers = true, name = [null], contextLoaderClass = 'org.springframework.test.context.ContextLoader'].
21:23:43.358 [main] DEBUG o.s.t.c.support.ActiveProfilesUtils - Could not find an 'annotation declaring class' for annotation type [org.springframework.test.context.ActiveProfiles] and class [edu.ncsu.csc.itrust2.apitest.APIPersonnelTest]
21:23:43.366 [main] DEBUG o.s.t.c.w.WebTestContextBootstrapper - @TestExecutionListeners is not present for class [edu.ncsu.csc.itrust2.apitest.APIPersonnelTest]: using defaults.
21:23:43.375 [main] INFO  o.s.t.c.w.WebTestContextBootstrapper - Loaded default TestExecutionListener class names from location [META-INF/spring.factories]: [org.springframework.security.test.context.support.WithSecurityContextTestExecutionListener, org.springframework.test.context.web.ServletTestExecutionListener, org.springframework.test.context.support.DirtiesContextBeforeModesTestExecutionListener, org.springframework.test.context.support.DependencyInjectionTestExecutionListener, org.springframework.test.context.support.DirtiesContextTestExecutionListener, org.springframework.test.context.transaction.TransactionalTestExecutionListener, org.springframework.test.context.jdbc.SqlScriptsTestExecutionListener]
21:23:43.465 [main] INFO  o.s.t.c.w.WebTestContextBootstrapper - Using TestExecutionListeners: [org.springframework.test.context.web.ServletTestExecutionListener@51841ac6, org.springframework.test.context.support.DirtiesContextBeforeModesTestExecutionListener@5ba26eb0, org.springframework.test.context.support.DependencyInjectionTestExecutionListener@435e60ff, org.springframework.test.context.support.DirtiesContextTestExecutionListener@17d32e9b, org.springframework.test.context.transaction.TransactionalTestExecutionListener@66f0548d, org.springframework.test.context.jdbc.SqlScriptsTestExecutionListener@2e6f610d, org.springframework.security.test.context.support.WithSecurityContextTestExecutionListener@1e86a5a7]
21:23:43.485 [main] DEBUG o.s.t.annotation.ProfileValueUtils - Retrieved @ProfileValueSourceConfiguration [null] for test class [edu.ncsu.csc.itrust2.apitest.APIPersonnelTest]
21:23:43.488 [main] DEBUG o.s.t.annotation.ProfileValueUtils - Retrieved ProfileValueSource type [class org.springframework.test.annotation.SystemProfileValueSource] for class [edu.ncsu.csc.itrust2.apitest.APIPersonnelTest]
21:23:43.491 [main] DEBUG o.s.t.annotation.ProfileValueUtils - Retrieved @ProfileValueSourceConfiguration [null] for test class [edu.ncsu.csc.itrust2.apitest.APIPersonnelTest]
21:23:43.493 [main] DEBUG o.s.t.annotation.ProfileValueUtils - Retrieved ProfileValueSource type [class org.springframework.test.annotation.SystemProfileValueSource] for class [edu.ncsu.csc.itrust2.apitest.APIPersonnelTest]
21:23:43.503 [main] DEBUG o.s.t.annotation.ProfileValueUtils - Retrieved @ProfileValueSourceConfiguration [null] for test class [edu.ncsu.csc.itrust2.apitest.APIPersonnelTest]
21:23:43.507 [main] DEBUG o.s.t.annotation.ProfileValueUtils - Retrieved ProfileValueSource type [class org.springframework.test.annotation.SystemProfileValueSource] for class [edu.ncsu.csc.itrust2.apitest.APIPersonnelTest]
21:23:43.517 [main] DEBUG o.s.t.c.s.AbstractDirtiesContextTestExecutionListener - Before test class: context [DefaultTestContext@70c53dbe testClass = APIPersonnelTest, testInstance = [null], testMethod = [null], testException = [null], mergedContextConfiguration = [WebMergedContextConfiguration@1894e40d testClass = APIPersonnelTest, locations = '{}', classes = '{class edu.ncsu.csc.itrust2.config.RootConfiguration, class edu.ncsu.csc.itrust2.mvc.config.WebMvcConfiguration}', contextInitializerClasses = '[]', activeProfiles = '{}', propertySourceLocations = '{}', propertySourceProperties = '{}', contextCustomizers = set[[empty]], resourceBasePath = 'src/main/webapp', contextLoader = 'org.springframework.test.context.web.WebDelegatingSmartContextLoader', parent = [null]]], class annotated with @DirtiesContext [false] with mode [null].
21:23:43.524 [main] DEBUG o.s.t.annotation.ProfileValueUtils - Retrieved @ProfileValueSourceConfiguration [null] for test class [edu.ncsu.csc.itrust2.apitest.APIPersonnelTest]
21:23:43.525 [main] DEBUG o.s.t.annotation.ProfileValueUtils - Retrieved ProfileValueSource type [class org.springframework.test.annotation.SystemProfileValueSource] for class [edu.ncsu.csc.itrust2.apitest.APIPersonnelTest]
21:23:43.538 [main] DEBUG o.s.t.c.s.AbstractDelegatingSmartContextLoader - Delegating to AnnotationConfigWebContextLoader to load context from [WebMergedContextConfiguration@1894e40d testClass = APIPersonnelTest, locations = '{}', classes = '{class edu.ncsu.csc.itrust2.config.RootConfiguration, class edu.ncsu.csc.itrust2.mvc.config.WebMvcConfiguration}', contextInitializerClasses = '[]', activeProfiles = '{}', propertySourceLocations = '{}', propertySourceProperties = '{}', contextCustomizers = set[[empty]], resourceBasePath = 'src/main/webapp', contextLoader = 'org.springframework.test.context.web.WebDelegatingSmartContextLoader', parent = [null]].
21:23:43.542 [main] DEBUG o.s.t.c.w.AbstractGenericWebContextLoader - Loading WebApplicationContext for merged context configuration [WebMergedContextConfiguration@1894e40d testClass = APIPersonnelTest, locations = '{}', classes = '{class edu.ncsu.csc.itrust2.config.RootConfiguration, class edu.ncsu.csc.itrust2.mvc.config.WebMvcConfiguration}', contextInitializerClasses = '[]', activeProfiles = '{}', propertySourceLocations = '{}', propertySourceProperties = '{}', contextCustomizers = set[[empty]], resourceBasePath = 'src/main/webapp', contextLoader = 'org.springframework.test.context.web.WebDelegatingSmartContextLoader', parent = [null]].
21:23:43.966 [main] DEBUG o.s.w.c.s.StandardServletEnvironment - Adding [servletConfigInitParams] PropertySource with lowest search precedence
21:23:43.970 [main] DEBUG o.s.w.c.s.StandardServletEnvironment - Adding [servletContextInitParams] PropertySource with lowest search precedence
21:23:43.988 [main] DEBUG o.s.w.c.s.StandardServletEnvironment - Adding [systemProperties] PropertySource with lowest search precedence
21:23:43.994 [main] DEBUG o.s.w.c.s.StandardServletEnvironment - Adding [systemEnvironment] PropertySource with lowest search precedence
21:23:44.000 [main] DEBUG o.s.w.c.s.StandardServletEnvironment - Initialized StandardServletEnvironment with PropertySources [servletConfigInitParams,servletContextInitParams,systemProperties,systemEnvironment]
21:23:44.004 [main] DEBUG o.s.t.c.w.AnnotationConfigWebContextLoader - Registering annotated classes: {class edu.ncsu.csc.itrust2.config.RootConfiguration, class edu.ncsu.csc.itrust2.mvc.config.WebMvcConfiguration}
21:23:44.362 [main] INFO  o.s.w.c.s.GenericWebApplicationContext - Refreshing org.springframework.web.context.support.GenericWebApplicationContext@a098d76: startup date [Wed Mar 21 21:23:44 UTC 2018]; root of context hierarchy
21:23:44.374 [main] DEBUG o.s.w.c.s.StandardServletEnvironment - Replacing [servletContextInitParams] PropertySource with [servletContextInitParams]
21:23:44.378 [main] DEBUG o.s.w.c.s.GenericWebApplicationContext - Bean factory for org.springframework.web.context.support.GenericWebApplicationContext@a098d76: org.springframework.beans.factory.support.DefaultListableBeanFactory@14b528b6: defining beans [org.springframework.context.annotation.internalConfigurationAnnotationProcessor,org.springframework.context.annotation.internalAutowiredAnnotationProcessor,org.springframework.context.annotation.internalRequiredAnnotationProcessor,org.springframework.context.annotation.internalCommonAnnotationProcessor,org.springframework.context.annotation.internalPersistenceAnnotationProcessor,org.springframework.context.event.internalEventListenerProcessor,org.springframework.context.event.internalEventListenerFactory,rootConfiguration,webMvcConfiguration]; root of factory hierarchy
21:23:44.409 [main] DEBUG o.s.b.f.s.DefaultListableBeanFactory - Registering scope 'request' with implementation [org.springframework.web.context.request.RequestScope@1cd2143b]
21:23:44.410 [main] DEBUG o.s.b.f.s.DefaultListableBeanFactory - Registering scope 'session' with implementation [org.springframework.web.context.request.SessionScope@57186526]
21:23:44.410 [main] DEBUG o.s.b.f.s.DefaultListableBeanFactory - Registering scope 'globalSession' with implementation [org.springframework.web.context.request.SessionScope@391d1e33]
21:23:44.412 [main] DEBUG o.s.b.f.s.DefaultListableBeanFactory - Registering scope 'application' with implementation [org.springframework.web.context.support.ServletContextScope@615efd1c]
21:23:44.467 [main] DEBUG o.s.b.f.s.DefaultListableBeanFactory - Creating shared instance of singleton bean 'org.springframework.context.annotation.internalConfigurationAnnotationProcessor'
21:23:44.468 [main] DEBUG o.s.b.f.s.DefaultListableBeanFactory - Creating instance of bean 'org.springframework.context.annotation.internalConfigurationAnnotationProcessor'
21:23:44.553 [main] DEBUG o.s.b.f.s.DefaultListableBeanFactory - Eagerly caching bean 'org.springframework.context.annotation.internalConfigurationAnnotationProcessor' to allow for resolving potential circular references
21:23:44.558 [main] DEBUG o.s.b.f.s.DefaultListableBeanFactory - Finished creating instance of bean 'org.springframework.context.annotation.internalConfigurationAnnotationProcessor'
21:23:44.688 [main] DEBUG o.s.core.env.StandardEnvironment - Adding [systemProperties] PropertySource with lowest search precedence
21:23:44.688 [main] DEBUG o.s.core.env.StandardEnvironment - Adding [systemEnvironment] PropertySource with lowest search precedence
21:23:44.693 [main] DEBUG o.s.core.env.StandardEnvironment - Initialized StandardEnvironment with PropertySources [systemProperties,systemEnvironment]
21:23:44.739 [main] DEBUG o.s.c.i.s.PathMatchingResourcePatternResolver - Resolved classpath location [edu/ncsu/csc/itrust2/config/] to resources [URL [file:/var/lib/jenkins/workspace/iTrust-Fuzz-Job/iTrust2-v2/iTrust/iTrust2/target/classes/edu/ncsu/csc/itrust2/config/]]
21:23:44.743 [main] DEBUG o.s.c.i.s.PathMatchingResourcePatternResolver - Looking for matching resources in directory tree [/var/lib/jenkins/workspace/iTrust-Fuzz-Job/iTrust2-v2/iTrust/iTrust2/target/classes/edu/ncsu/csc/itrust2/config]
21:23:44.746 [main] DEBUG o.s.c.i.s.PathMatchingResourcePatternResolver - Searching directory [/var/lib/jenkins/workspace/iTrust-Fuzz-Job/iTrust2-v2/iTrust/iTrust2/target/classes/edu/ncsu/csc/itrust2/config] for files matching pattern [/var/lib/jenkins/workspace/iTrust-Fuzz-Job/iTrust2-v2/iTrust/iTrust2/target/classes/edu/ncsu/csc/itrust2/config/**/*.class]
21:23:44.760 [main] DEBUG o.s.c.i.s.PathMatchingResourcePatternResolver - Resolved location pattern [classpath*:edu/ncsu/csc/itrust2/config/**/*.class] to resources [file [/var/lib/jenkins/workspace/iTrust-Fuzz-Job/iTrust2-v2/iTrust/iTrust2/target/classes/edu/ncsu/csc/itrust2/config/ContextListener.class], file [/var/lib/jenkins/workspace/iTrust-Fuzz-Job/iTrust2-v2/iTrust/iTrust2/target/classes/edu/ncsu/csc/itrust2/config/DataConfiguration.class], file [/var/lib/jenkins/workspace/iTrust-Fuzz-Job/iTrust2-v2/iTrust/iTrust2/target/classes/edu/ncsu/csc/itrust2/config/FailureHandler.class], file [/var/lib/jenkins/workspace/iTrust-Fuzz-Job/iTrust2-v2/iTrust/iTrust2/target/classes/edu/ncsu/csc/itrust2/config/IPFilter.class], file [/var/lib/jenkins/workspace/iTrust-Fuzz-Job/iTrust2-v2/iTrust/iTrust2/target/classes/edu/ncsu/csc/itrust2/config/ITrust2ApplicationInitializer.class], file [/var/lib/jenkins/workspace/iTrust-Fuzz-Job/iTrust2-v2/iTrust/iTrust2/target/classes/edu/ncsu/csc/itrust2/config/ITrust2WebApplicationInitializer.class], file [/var/lib/jenkins/workspace/iTrust-Fuzz-Job/iTrust2-v2/iTrust/iTrust2/target/classes/edu/ncsu/csc/itrust2/config/LoginAuditingListener.class], file [/var/lib/jenkins/workspace/iTrust-Fuzz-Job/iTrust2-v2/iTrust/iTrust2/target/classes/edu/ncsu/csc/itrust2/config/RootConfiguration.class], file [/var/lib/jenkins/workspace/iTrust-Fuzz-Job/iTrust2-v2/iTrust/iTrust2/target/classes/edu/ncsu/csc/itrust2/config/SecurityConfig.class]]
21:23:44.900 [main] DEBUG o.s.c.a.ClassPathBeanDefinitionScanner - Identified candidate component class: file [/var/lib/jenkins/workspace/iTrust-Fuzz-Job/iTrust2-v2/iTrust/iTrust2/target/classes/edu/ncsu/csc/itrust2/config/DataConfiguration.class]
21:23:44.913 [main] DEBUG o.s.c.a.ClassPathBeanDefinitionScanner - Identified candidate component class: file [/var/lib/jenkins/workspace/iTrust-Fuzz-Job/iTrust2-v2/iTrust/iTrust2/target/classes/edu/ncsu/csc/itrust2/config/LoginAuditingListener.class]
21:23:44.927 [main] DEBUG o.s.c.a.ClassPathBeanDefinitionScanner - Identified candidate component class: file [/var/lib/jenkins/workspace/iTrust-Fuzz-Job/iTrust2-v2/iTrust/iTrust2/target/classes/edu/ncsu/csc/itrust2/config/SecurityConfig.class]
21:23:45.102 [main] DEBUG o.s.core.env.StandardEnvironment - Adding [systemProperties] PropertySource with lowest search precedence
21:23:45.103 [main] DEBUG o.s.core.env.StandardEnvironment - Adding [systemEnvironment] PropertySource with lowest search precedence
21:23:45.104 [main] DEBUG o.s.core.env.StandardEnvironment - Initialized StandardEnvironment with PropertySources [systemProperties,systemEnvironment]
21:23:45.114 [main] DEBUG o.s.c.i.s.PathMatchingResourcePatternResolver - Resolved classpath location [edu/ncsu/csc/itrust2/controllers/] to resources [URL [file:/var/lib/jenkins/workspace/iTrust-Fuzz-Job/iTrust2-v2/iTrust/iTrust2/target/classes/edu/ncsu/csc/itrust2/controllers/]]
21:23:45.115 [main] DEBUG o.s.c.i.s.PathMatchingResourcePatternResolver - Looking for matching resources in directory tree [/var/lib/jenkins/workspace/iTrust-Fuzz-Job/iTrust2-v2/iTrust/iTrust2/target/classes/edu/ncsu/csc/itrust2/controllers]
21:23:45.115 [main] DEBUG o.s.c.i.s.PathMatchingResourcePatternResolver - Searching directory [/var/lib/jenkins/workspace/iTrust-Fuzz-Job/iTrust2-v2/iTrust/iTrust2/target/classes/edu/ncsu/csc/itrust2/controllers] for files matching pattern [/var/lib/jenkins/workspace/iTrust-Fuzz-Job/iTrust2-v2/iTrust/iTrust2/target/classes/edu/ncsu/csc/itrust2/controllers/**/*.class]
21:23:45.116 [main] DEBUG o.s.c.i.s.PathMatchingResourcePatternResolver - Searching directory [/var/lib/jenkins/workspace/iTrust-Fuzz-Job/iTrust2-v2/iTrust/iTrust2/target/classes/edu/ncsu/csc/itrust2/controllers/admin] for files matching pattern [/var/lib/jenkins/workspace/iTrust-Fuzz-Job/iTrust2-v2/iTrust/iTrust2/target/classes/edu/ncsu/csc/itrust2/controllers/**/*.class]
21:23:45.118 [main] DEBUG o.s.c.i.s.PathMatchingResourcePatternResolver - Searching directory [/var/lib/jenkins/workspace/iTrust-Fuzz-Job/iTrust2-v2/iTrust/iTrust2/target/classes/edu/ncsu/csc/itrust2/controllers/api] for files matching pattern [/var/lib/jenkins/workspace/iTrust-Fuzz-Job/iTrust2-v2/iTrust/iTrust2/target/classes/edu/ncsu/csc/itrust2/controllers/**/*.class]
21:23:45.120 [main] DEBUG o.s.c.i.s.PathMatchingResourcePatternResolver - Searching directory [/var/lib/jenkins/workspace/iTrust-Fuzz-Job/iTrust2-v2/iTrust/iTrust2/target/classes/edu/ncsu/csc/itrust2/controllers/api/comm] for files matching pattern [/var/lib/jenkins/workspace/iTrust-Fuzz-Job/iTrust2-v2/iTrust/iTrust2/target/classes/edu/ncsu/csc/itrust2/controllers/**/*.class]
21:23:45.121 [main] DEBUG o.s.c.i.s.PathMatchingResourcePatternResolver - Searching directory [/var/lib/jenkins/workspace/iTrust-Fuzz-Job/iTrust2-v2/iTrust/iTrust2/target/classes/edu/ncsu/csc/itrust2/controllers/hcp] for files matching pattern [/var/lib/jenkins/workspace/iTrust-Fuzz-Job/iTrust2-v2/iTrust/iTrust2/target/classes/edu/ncsu/csc/itrust2/controllers/**/*.class]
21:23:45.125 [main] DEBUG o.s.c.i.s.PathMatchingResourcePatternResolver - Searching directory [/var/lib/jenkins/workspace/iTrust-Fuzz-Job/iTrust2-v2/iTrust/iTrust2/target/classes/edu/ncsu/csc/itrust2/controllers/patient] for files matching pattern [/var/lib/jenkins/workspace/iTrust-Fuzz-Job/iTrust2-v2/iTrust/iTrust2/target/classes/edu/ncsu/csc/itrust2/controllers/**/*.class]
21:23:45.126 [main] DEBUG o.s.c.i.s.PathMatchingResourcePatternResolver - Searching directory [/var/lib/jenkins/workspace/iTrust-Fuzz-Job/iTrust2-v2/iTrust/iTrust2/target/classes/edu/ncsu/csc/itrust2/controllers/personnel] for files matching pattern [/var/lib/jenkins/workspace/iTrust-Fuzz-Job/iTrust2-v2/iTrust/iTrust2/target/classes/edu/ncsu/csc/itrust2/controllers/**/*.class]
21:23:45.131 [main] DEBUG o.s.c.i.s.PathMatchingResourcePatternResolver - Resolved location pattern [classpath*:edu/ncsu/csc/itrust2/controllers/**/*.class] to resources [file [/var/lib/jenkins/workspace/iTrust-Fuzz-Job/iTrust2-v2/iTrust/iTrust2/target/classes/edu/ncsu/csc/itrust2/controllers/DefaultController.class], file [/var/lib/jenkins/workspace/iTrust-Fuzz-Job/iTrust2-v2/iTrust/iTrust2/target/classes/edu/ncsu/csc/itrust2/controllers/admin/AdminController.class], file [/var/lib/jenkins/workspace/iTrust-Fuzz-Job/iTrust2-v2/iTrust/iTrust2/target/classes/edu/ncsu/csc/itrust2/controllers/admin/AdminUserController$1.class], file [/var/lib/jenkins/workspace/iTrust-Fuzz-Job/iTrust2-v2/iTrust/iTrust2/target/classes/edu/ncsu/csc/itrust2/controllers/admin/AdminUserController.class], file [/var/lib/jenkins/workspace/iTrust-Fuzz-Job/iTrust2-v2/iTrust/iTrust2/target/classes/edu/ncsu/csc/itrust2/controllers/admin/HospitalController.class], file [/var/lib/jenkins/workspace/iTrust-Fuzz-Job/iTrust2-v2/iTrust/iTrust2/target/classes/edu/ncsu/csc/itrust2/controllers/admin/ICDCodesController.class], file [/var/lib/jenkins/workspace/iTrust-Fuzz-Job/iTrust2-v2/iTrust/iTrust2/target/classes/edu/ncsu/csc/itrust2/controllers/api/APIAppointmentRequestController.class], file [/var/lib/jenkins/workspace/iTrust-Fuzz-Job/iTrust2-v2/iTrust/iTrust2/target/classes/edu/ncsu/csc/itrust2/controllers/api/APIController$JSONResponse.class], file [/var/lib/jenkins/workspace/iTrust-Fuzz-Job/iTrust2-v2/iTrust/iTrust2/target/classes/edu/ncsu/csc/itrust2/controllers/api/APIController.class], file [/var/lib/jenkins/workspace/iTrust-Fuzz-Job/iTrust2-v2/iTrust/iTrust2/target/classes/edu/ncsu/csc/itrust2/controllers/api/APIDiagnosisController.class], file [/var/lib/jenkins/workspace/iTrust-Fuzz-Job/iTrust2-v2/iTrust/iTrust2/target/classes/edu/ncsu/csc/itrust2/controllers/api/APIDrugController.class], file [/var/lib/jenkins/workspace/iTrust-Fuzz-Job/iTrust2-v2/iTrust/iTrust2/target/classes/edu/ncsu/csc/itrust2/controllers/api/APIEnumController.class], file [/var/lib/jenkins/workspace/iTrust-Fuzz-Job/iTrust2-v2/iTrust/iTrust2/target/classes/edu/ncsu/csc/itrust2/controllers/api/APIHospitalController.class], file [/var/lib/jenkins/workspace/iTrust-Fuzz-Job/iTrust2-v2/iTrust/iTrust2/target/classes/edu/ncsu/csc/itrust2/controllers/api/APIICDCodeController.class], file [/var/lib/jenkins/workspace/iTrust-Fuzz-Job/iTrust2-v2/iTrust/iTrust2/target/classes/edu/ncsu/csc/itrust2/controllers/api/APILogEntryController.class], file [/var/lib/jenkins/workspace/iTrust-Fuzz-Job/iTrust2-v2/iTrust/iTrust2/target/classes/edu/ncsu/csc/itrust2/controllers/api/APIOfficeVisitController.class], file [/var/lib/jenkins/workspace/iTrust-Fuzz-Job/iTrust2-v2/iTrust/iTrust2/target/classes/edu/ncsu/csc/itrust2/controllers/api/APIPasswordController.class], file [/var/lib/jenkins/workspace/iTrust-Fuzz-Job/iTrust2-v2/iTrust/iTrust2/target/classes/edu/ncsu/csc/itrust2/controllers/api/APIPatientController.class], file [/var/lib/jenkins/workspace/iTrust-Fuzz-Job/iTrust2-v2/iTrust/iTrust2/target/classes/edu/ncsu/csc/itrust2/controllers/api/APIPersonnelController.class], file [/var/lib/jenkins/workspace/iTrust-Fuzz-Job/iTrust2-v2/iTrust/iTrust2/target/classes/edu/ncsu/csc/itrust2/controllers/api/APIPrescriptionController.class], file [/var/lib/jenkins/workspace/iTrust-Fuzz-Job/iTrust2-v2/iTrust/iTrust2/target/classes/edu/ncsu/csc/itrust2/controllers/api/APIUserController.class], file [/var/lib/jenkins/workspace/iTrust-Fuzz-Job/iTrust2-v2/iTrust/iTrust2/target/classes/edu/ncsu/csc/itrust2/controllers/api/comm/LogEntryRequestBody.class], file [/var/lib/jenkins/workspace/iTrust-Fuzz-Job/iTrust2-v2/iTrust/iTrust2/target/classes/edu/ncsu/csc/itrust2/controllers/api/comm/LogEntryTableRow.class], file [/var/lib/jenkins/workspace/iTrust-Fuzz-Job/iTrust2-v2/iTrust/iTrust2/target/classes/edu/ncsu/csc/itrust2/controllers/hcp/AppointmentControllerHCP.class], file [/var/lib/jenkins/workspace/iTrust-Fuzz-Job/iTrust2-v2/iTrust/iTrust2/target/classes/edu/ncsu/csc/itrust2/controllers/hcp/HCPController.class], file [/var/lib/jenkins/workspace/iTrust-Fuzz-Job/iTrust2-v2/iTrust/iTrust2/target/classes/edu/ncsu/csc/itrust2/controllers/hcp/OfficeVisitController.class], file [/var/lib/jenkins/workspace/iTrust-Fuzz-Job/iTrust2-v2/iTrust/iTrust2/target/classes/edu/ncsu/csc/itrust2/controllers/patient/AppointmentController.class], file [/var/lib/jenkins/workspace/iTrust-Fuzz-Job/iTrust2-v2/iTrust/iTrust2/target/classes/edu/ncsu/csc/itrust2/controllers/patient/DiagnosesController.class], file [/var/lib/jenkins/workspace/iTrust-Fuzz-Job/iTrust2-v2/iTrust/iTrust2/target/classes/edu/ncsu/csc/itrust2/controllers/patient/PatientController.class], file [/var/lib/jenkins/workspace/iTrust-Fuzz-Job/iTrust2-v2/iTrust/iTrust2/target/classes/edu/ncsu/csc/itrust2/controllers/personnel/PasswordController.class], file [/var/lib/jenkins/workspace/iTrust-Fuzz-Job/iTrust2-v2/iTrust/iTrust2/target/classes/edu/ncsu/csc/itrust2/controllers/personnel/UserController.class]]
21:23:45.143 [main] DEBUG o.s.c.a.ClassPathBeanDefinitionScanner - Identified candidate component class: file [/var/lib/jenkins/workspace/iTrust-Fuzz-Job/iTrust2-v2/iTrust/iTrust2/target/classes/edu/ncsu/csc/itrust2/controllers/DefaultController.class]
21:23:45.148 [main] DEBUG o.s.c.a.ClassPathBeanDefinitionScanner - Identified candidate component class: file [/var/lib/jenkins/workspace/iTrust-Fuzz-Job/iTrust2-v2/iTrust/iTrust2/target/classes/edu/ncsu/csc/itrust2/controllers/admin/AdminController.class]
21:23:45.169 [main] DEBUG o.s.c.a.ClassPathBeanDefinitionScanner - Identified candidate component class: file [/var/lib/jenkins/workspace/iTrust-Fuzz-Job/iTrust2-v2/iTrust/iTrust2/target/classes/edu/ncsu/csc/itrust2/controllers/admin/AdminUserController.class]
21:23:45.175 [main] DEBUG o.s.c.a.ClassPathBeanDefinitionScanner - Identified candidate component class: file [/var/lib/jenkins/workspace/iTrust-Fuzz-Job/iTrust2-v2/iTrust/iTrust2/target/classes/edu/ncsu/csc/itrust2/controllers/admin/HospitalController.class]
21:23:45.178 [main] DEBUG o.s.c.a.ClassPathBeanDefinitionScanner - Identified candidate component class: file [/var/lib/jenkins/workspace/iTrust-Fuzz-Job/iTrust2-v2/iTrust/iTrust2/target/classes/edu/ncsu/csc/itrust2/controllers/admin/ICDCodesController.class]
21:23:45.211 [main] DEBUG o.s.c.a.ClassPathBeanDefinitionScanner - Identified candidate component class: file [/var/lib/jenkins/workspace/iTrust-Fuzz-Job/iTrust2-v2/iTrust/iTrust2/target/classes/edu/ncsu/csc/itrust2/controllers/api/APIAppointmentRequestController.class]
21:23:45.216 [main] DEBUG o.s.c.a.ClassPathBeanDefinitionScanner - Identified candidate component class: file [/var/lib/jenkins/workspace/iTrust-Fuzz-Job/iTrust2-v2/iTrust/iTrust2/target/classes/edu/ncsu/csc/itrust2/controllers/api/APIDiagnosisController.class]
21:23:45.234 [main] DEBUG o.s.c.a.ClassPathBeanDefinitionScanner - Identified candidate component class: file [/var/lib/jenkins/workspace/iTrust-Fuzz-Job/iTrust2-v2/iTrust/iTrust2/target/classes/edu/ncsu/csc/itrust2/controllers/api/APIDrugController.class]
21:23:45.240 [main] DEBUG o.s.c.a.ClassPathBeanDefinitionScanner - Identified candidate component class: file [/var/lib/jenkins/workspace/iTrust-Fuzz-Job/iTrust2-v2/iTrust/iTrust2/target/classes/edu/ncsu/csc/itrust2/controllers/api/APIEnumController.class]
21:23:45.249 [main] DEBUG o.s.c.a.ClassPathBeanDefinitionScanner - Identified candidate component class: file [/var/lib/jenkins/workspace/iTrust-Fuzz-Job/iTrust2-v2/iTrust/iTrust2/target/classes/edu/ncsu/csc/itrust2/controllers/api/APIHospitalController.class]
21:23:45.256 [main] DEBUG o.s.c.a.ClassPathBeanDefinitionScanner - Identified candidate component class: file [/var/lib/jenkins/workspace/iTrust-Fuzz-Job/iTrust2-v2/iTrust/iTrust2/target/classes/edu/ncsu/csc/itrust2/controllers/api/APIICDCodeController.class]
21:23:45.259 [main] DEBUG o.s.c.a.ClassPathBeanDefinitionScanner - Identified candidate component class: file [/var/lib/jenkins/workspace/iTrust-Fuzz-Job/iTrust2-v2/iTrust/iTrust2/target/classes/edu/ncsu/csc/itrust2/controllers/api/APILogEntryController.class]
21:23:45.271 [main] DEBUG o.s.c.a.ClassPathBeanDefinitionScanner - Identified candidate component class: file [/var/lib/jenkins/workspace/iTrust-Fuzz-Job/iTrust2-v2/iTrust/iTrust2/target/classes/edu/ncsu/csc/itrust2/controllers/api/APIOfficeVisitController.class]
21:23:45.275 [main] DEBUG o.s.c.a.ClassPathBeanDefinitionScanner - Identified candidate component class: file [/var/lib/jenkins/workspace/iTrust-Fuzz-Job/iTrust2-v2/iTrust/iTrust2/target/classes/edu/ncsu/csc/itrust2/controllers/api/APIPasswordController.class]
21:23:45.280 [main] DEBUG o.s.c.a.ClassPathBeanDefinitionScanner - Identified candidate component class: file [/var/lib/jenkins/workspace/iTrust-Fuzz-Job/iTrust2-v2/iTrust/iTrust2/target/classes/edu/ncsu/csc/itrust2/controllers/api/APIPatientController.class]
21:23:45.285 [main] DEBUG o.s.c.a.ClassPathBeanDefinitionScanner - Identified candidate component class: file [/var/lib/jenkins/workspace/iTrust-Fuzz-Job/iTrust2-v2/iTrust/iTrust2/target/classes/edu/ncsu/csc/itrust2/controllers/api/APIPersonnelController.class]
21:23:45.293 [main] DEBUG o.s.c.a.ClassPathBeanDefinitionScanner - Identified candidate component class: file [/var/lib/jenkins/workspace/iTrust-Fuzz-Job/iTrust2-v2/iTrust/iTrust2/target/classes/edu/ncsu/csc/itrust2/controllers/api/APIPrescriptionController.class]
21:23:45.297 [main] DEBUG o.s.c.a.ClassPathBeanDefinitionScanner - Identified candidate component class: file [/var/lib/jenkins/workspace/iTrust-Fuzz-Job/iTrust2-v2/iTrust/iTrust2/target/classes/edu/ncsu/csc/itrust2/controllers/api/APIUserController.class]
21:23:45.302 [main] DEBUG o.s.c.a.ClassPathBeanDefinitionScanner - Identified candidate component class: file [/var/lib/jenkins/workspace/iTrust-Fuzz-Job/iTrust2-v2/iTrust/iTrust2/target/classes/edu/ncsu/csc/itrust2/controllers/hcp/AppointmentControllerHCP.class]
21:23:45.308 [main] DEBUG o.s.c.a.ClassPathBeanDefinitionScanner - Identified candidate component class: file [/var/lib/jenkins/workspace/iTrust-Fuzz-Job/iTrust2-v2/iTrust/iTrust2/target/classes/edu/ncsu/csc/itrust2/controllers/hcp/HCPController.class]
21:23:45.313 [main] DEBUG o.s.c.a.ClassPathBeanDefinitionScanner - Identified candidate component class: file [/var/lib/jenkins/workspace/iTrust-Fuzz-Job/iTrust2-v2/iTrust/iTrust2/target/classes/edu/ncsu/csc/itrust2/controllers/hcp/OfficeVisitController.class]
21:23:45.319 [main] DEBUG o.s.c.a.ClassPathBeanDefinitionScanner - Identified candidate component class: file [/var/lib/jenkins/workspace/iTrust-Fuzz-Job/iTrust2-v2/iTrust/iTrust2/target/classes/edu/ncsu/csc/itrust2/controllers/patient/AppointmentController.class]
21:23:45.323 [main] DEBUG o.s.c.a.ClassPathBeanDefinitionScanner - Identified candidate component class: file [/var/lib/jenkins/workspace/iTrust-Fuzz-Job/iTrust2-v2/iTrust/iTrust2/target/classes/edu/ncsu/csc/itrust2/controllers/patient/DiagnosesController.class]
21:23:45.328 [main] DEBUG o.s.c.a.ClassPathBeanDefinitionScanner - Identified candidate component class: file [/var/lib/jenkins/workspace/iTrust-Fuzz-Job/iTrust2-v2/iTrust/iTrust2/target/classes/edu/ncsu/csc/itrust2/controllers/patient/PatientController.class]
21:23:45.331 [main] DEBUG o.s.c.a.ClassPathBeanDefinitionScanner - Identified candidate component class: file [/var/lib/jenkins/workspace/iTrust-Fuzz-Job/iTrust2-v2/iTrust/iTrust2/target/classes/edu/ncsu/csc/itrust2/controllers/personnel/PasswordController.class]
21:23:45.334 [main] DEBUG o.s.c.a.ClassPathBeanDefinitionScanner - Identified candidate component class: file [/var/lib/jenkins/workspace/iTrust-Fuzz-Job/iTrust2-v2/iTrust/iTrust2/target/classes/edu/ncsu/csc/itrust2/controllers/personnel/UserController.class]
21:23:45.337 [main] DEBUG o.s.c.i.s.PathMatchingResourcePatternResolver - Resolved classpath location [edu/ncsu/csc/itrust2/config/] to resources [URL [file:/var/lib/jenkins/workspace/iTrust-Fuzz-Job/iTrust2-v2/iTrust/iTrust2/target/classes/edu/ncsu/csc/itrust2/config/]]
21:23:45.339 [main] DEBUG o.s.c.i.s.PathMatchingResourcePatternResolver - Looking for matching resources in directory tree [/var/lib/jenkins/workspace/iTrust-Fuzz-Job/iTrust2-v2/iTrust/iTrust2/target/classes/edu/ncsu/csc/itrust2/config]
21:23:45.339 [main] DEBUG o.s.c.i.s.PathMatchingResourcePatternResolver - Searching directory [/var/lib/jenkins/workspace/iTrust-Fuzz-Job/iTrust2-v2/iTrust/iTrust2/target/classes/edu/ncsu/csc/itrust2/config] for files matching pattern [/var/lib/jenkins/workspace/iTrust-Fuzz-Job/iTrust2-v2/iTrust/iTrust2/target/classes/edu/ncsu/csc/itrust2/config/**/*.class]
21:23:45.342 [main] DEBUG o.s.c.i.s.PathMatchingResourcePatternResolver - Resolved location pattern [classpath*:edu/ncsu/csc/itrust2/config/**/*.class] to resources [file [/var/lib/jenkins/workspace/iTrust-Fuzz-Job/iTrust2-v2/iTrust/iTrust2/target/classes/edu/ncsu/csc/itrust2/config/ContextListener.class], file [/var/lib/jenkins/workspace/iTrust-Fuzz-Job/iTrust2-v2/iTrust/iTrust2/target/classes/edu/ncsu/csc/itrust2/config/DataConfiguration.class], file [/var/lib/jenkins/workspace/iTrust-Fuzz-Job/iTrust2-v2/iTrust/iTrust2/target/classes/edu/ncsu/csc/itrust2/config/FailureHandler.class], file [/var/lib/jenkins/workspace/iTrust-Fuzz-Job/iTrust2-v2/iTrust/iTrust2/target/classes/edu/ncsu/csc/itrust2/config/IPFilter.class], file [/var/lib/jenkins/workspace/iTrust-Fuzz-Job/iTrust2-v2/iTrust/iTrust2/target/classes/edu/ncsu/csc/itrust2/config/ITrust2ApplicationInitializer.class], file [/var/lib/jenkins/workspace/iTrust-Fuzz-Job/iTrust2-v2/iTrust/iTrust2/target/classes/edu/ncsu/csc/itrust2/config/ITrust2WebApplicationInitializer.class], file [/var/lib/jenkins/workspace/iTrust-Fuzz-Job/iTrust2-v2/iTrust/iTrust2/target/classes/edu/ncsu/csc/itrust2/config/LoginAuditingListener.class], file [/var/lib/jenkins/workspace/iTrust-Fuzz-Job/iTrust2-v2/iTrust/iTrust2/target/classes/edu/ncsu/csc/itrust2/config/RootConfiguration.class], file [/var/lib/jenkins/workspace/iTrust-Fuzz-Job/iTrust2-v2/iTrust/iTrust2/target/classes/edu/ncsu/csc/itrust2/config/SecurityConfig.class]]
21:23:45.344 [main] DEBUG o.s.c.a.ClassPathBeanDefinitionScanner - Identified candidate component class: file [/var/lib/jenkins/workspace/iTrust-Fuzz-Job/iTrust2-v2/iTrust/iTrust2/target/classes/edu/ncsu/csc/itrust2/config/DataConfiguration.class]
21:23:45.347 [main] DEBUG o.s.c.a.ClassPathBeanDefinitionScanner - Identified candidate component class: file [/var/lib/jenkins/workspace/iTrust-Fuzz-Job/iTrust2-v2/iTrust/iTrust2/target/classes/edu/ncsu/csc/itrust2/config/LoginAuditingListener.class]
21:23:45.347 [main] DEBUG o.s.c.a.ClassPathBeanDefinitionScanner - Identified candidate component class: file [/var/lib/jenkins/workspace/iTrust-Fuzz-Job/iTrust2-v2/iTrust/iTrust2/target/classes/edu/ncsu/csc/itrust2/config/RootConfiguration.class]
21:23:45.349 [main] DEBUG o.s.c.a.ClassPathBeanDefinitionScanner - Identified candidate component class: file [/var/lib/jenkins/workspace/iTrust-Fuzz-Job/iTrust2-v2/iTrust/iTrust2/target/classes/edu/ncsu/csc/itrust2/config/SecurityConfig.class]
21:23:45.768 [main] DEBUG o.s.c.a.ConfigurationClassBeanDefinitionReader - Registering bean definition for @Bean method edu.ncsu.csc.itrust2.config.DataConfiguration.dataSource()
21:23:45.769 [main] DEBUG o.s.c.a.ConfigurationClassBeanDefinitionReader - Registered bean definition for imported class 'org.springframework.security.config.annotation.configuration.ObjectPostProcessorConfiguration'
21:23:45.770 [main] DEBUG o.s.c.a.ConfigurationClassBeanDefinitionReader - Registering bean definition for @Bean method org.springframework.security.config.annotation.configuration.ObjectPostProcessorConfiguration.objectPostProcessor()
21:23:45.780 [main] DEBUG o.s.c.a.ConfigurationClassBeanDefinitionReader - Registered bean definition for imported class 'org.springframework.security.config.annotation.authentication.configuration.AuthenticationConfiguration'
21:23:45.781 [main] DEBUG o.s.c.a.ConfigurationClassBeanDefinitionReader - Registering bean definition for @Bean method org.springframework.security.config.annotation.authentication.configuration.AuthenticationConfiguration.authenticationManagerBuilder()
21:23:45.783 [main] DEBUG o.s.c.a.ConfigurationClassBeanDefinitionReader - Registering bean definition for @Bean method org.springframework.security.config.annotation.authentication.configuration.AuthenticationConfiguration.enableGlobalAuthenticationAutowiredConfigurer()
21:23:45.784 [main] DEBUG o.s.c.a.ConfigurationClassBeanDefinitionReader - Registering bean definition for @Bean method org.springframework.security.config.annotation.authentication.configuration.AuthenticationConfiguration.initializeUserDetailsBeanManagerConfigurer()
21:23:45.786 [main] DEBUG o.s.c.a.ConfigurationClassBeanDefinitionReader - Registering bean definition for @Bean method org.springframework.security.config.annotation.authentication.configuration.AuthenticationConfiguration.initializeAuthenticationProviderBeanManagerConfigurer()
21:23:45.791 [main] DEBUG o.s.c.a.ConfigurationClassBeanDefinitionReader - Registered bean definition for imported class 'org.springframework.security.config.annotation.web.configuration.WebSecurityConfiguration'
21:23:45.794 [main] DEBUG o.s.c.a.ConfigurationClassBeanDefinitionReader - Registering bean definition for @Bean method org.springframework.security.config.annotation.web.configuration.WebSecurityConfiguration.delegatingApplicationListener()
21:23:45.795 [main] DEBUG o.s.c.a.ConfigurationClassBeanDefinitionReader - Registering bean definition for @Bean method org.springframework.security.config.annotation.web.configuration.WebSecurityConfiguration.webSecurityExpressionHandler()
21:23:45.796 [main] DEBUG o.s.c.a.ConfigurationClassBeanDefinitionReader - Registering bean definition for @Bean method org.springframework.security.config.annotation.web.configuration.WebSecurityConfiguration.springSecurityFilterChain()
21:23:45.796 [main] DEBUG o.s.c.a.ConfigurationClassBeanDefinitionReader - Registering bean definition for @Bean method org.springframework.security.config.annotation.web.configuration.WebSecurityConfiguration.privilegeEvaluator()
21:23:45.796 [main] DEBUG o.s.c.a.ConfigurationClassBeanDefinitionReader - Registering bean definition for @Bean method org.springframework.security.config.annotation.web.configuration.WebSecurityConfiguration.autowiredWebSecurityConfigurersIgnoreParents()
21:23:45.797 [main] DEBUG o.s.c.a.ConfigurationClassBeanDefinitionReader - Registered bean definition for imported class 'org.springframework.security.config.annotation.web.configuration.WebMvcSecurityConfiguration'
21:23:45.797 [main] DEBUG o.s.c.a.ConfigurationClassBeanDefinitionReader - Registering bean definition for @Bean method org.springframework.security.config.annotation.web.configuration.WebMvcSecurityConfiguration.requestDataValueProcessor()
21:23:45.800 [main] DEBUG o.s.c.a.ConfigurationClassBeanDefinitionReader - Registering bean definition for @Bean method edu.ncsu.csc.itrust2.config.SecurityConfig.passwordEncoder()
21:23:45.800 [main] DEBUG o.s.c.a.ConfigurationClassBeanDefinitionReader - Registering bean definition for @Bean method edu.ncsu.csc.itrust2.config.SecurityConfig.defaultAuthenticationEventPublisher()
21:23:45.801 [main] DEBUG o.s.c.a.ConfigurationClassBeanDefinitionReader - Registering bean definition for @Bean method edu.ncsu.csc.itrust2.config.SecurityConfig.failureHandler()
21:23:45.802 [main] DEBUG o.s.c.a.ConfigurationClassBeanDefinitionReader - Registering bean definition for @Bean method edu.ncsu.csc.itrust2.config.SecurityConfig.ipBlockFilter()
21:23:45.803 [main] DEBUG o.s.c.a.ConfigurationClassBeanDefinitionReader - Registered bean definition for imported class 'org.springframework.web.servlet.config.annotation.DelegatingWebMvcConfiguration'
21:23:45.811 [main] DEBUG o.s.c.a.ConfigurationClassBeanDefinitionReader - Registering bean definition for @Bean method org.springframework.web.servlet.config.annotation.DelegatingWebMvcConfiguration.mvcConversionService()
21:23:45.813 [main] DEBUG o.s.c.a.ConfigurationClassBeanDefinitionReader - Registering bean definition for @Bean method org.springframework.web.servlet.config.annotation.DelegatingWebMvcConfiguration.mvcUrlPathHelper()
21:23:45.814 [main] DEBUG o.s.c.a.ConfigurationClassBeanDefinitionReader - Registering bean definition for @Bean method org.springframework.web.servlet.config.annotation.DelegatingWebMvcConfiguration.mvcContentNegotiationManager()
21:23:45.815 [main] DEBUG o.s.c.a.ConfigurationClassBeanDefinitionReader - Registering bean definition for @Bean method org.springframework.web.servlet.config.annotation.DelegatingWebMvcConfiguration.viewControllerHandlerMapping()
21:23:45.817 [main] DEBUG o.s.c.a.ConfigurationClassBeanDefinitionReader - Registering bean definition for @Bean method org.springframework.web.servlet.config.annotation.DelegatingWebMvcConfiguration.beanNameHandlerMapping()
21:23:45.818 [main] DEBUG o.s.c.a.ConfigurationClassBeanDefinitionReader - Registering bean definition for @Bean method org.springframework.web.servlet.config.annotation.DelegatingWebMvcConfiguration.resourceHandlerMapping()
21:23:45.819 [main] DEBUG o.s.c.a.ConfigurationClassBeanDefinitionReader - Registering bean definition for @Bean method org.springframework.web.servlet.config.annotation.DelegatingWebMvcConfiguration.mvcResourceUrlProvider()
21:23:45.821 [main] DEBUG o.s.c.a.ConfigurationClassBeanDefinitionReader - Registering bean definition for @Bean method org.springframework.web.servlet.config.annotation.DelegatingWebMvcConfiguration.defaultServletHandlerMapping()
21:23:45.824 [main] DEBUG o.s.c.a.ConfigurationClassBeanDefinitionReader - Registering bean definition for @Bean method org.springframework.web.servlet.config.annotation.DelegatingWebMvcConfiguration.requestMappingHandlerAdapter()
21:23:45.825 [main] DEBUG o.s.c.a.ConfigurationClassBeanDefinitionReader - Registering bean definition for @Bean method org.springframework.web.servlet.config.annotation.DelegatingWebMvcConfiguration.mvcValidator()
21:23:45.828 [main] DEBUG o.s.c.a.ConfigurationClassBeanDefinitionReader - Registering bean definition for @Bean method org.springframework.web.servlet.config.annotation.DelegatingWebMvcConfiguration.mvcUriComponentsContributor()
21:23:45.831 [main] DEBUG o.s.c.a.ConfigurationClassBeanDefinitionReader - Registering bean definition for @Bean method org.springframework.web.servlet.config.annotation.DelegatingWebMvcConfiguration.httpRequestHandlerAdapter()
21:23:45.835 [main] DEBUG o.s.c.a.ConfigurationClassBeanDefinitionReader - Registering bean definition for @Bean method org.springframework.web.servlet.config.annotation.DelegatingWebMvcConfiguration.simpleControllerHandlerAdapter()
21:23:45.836 [main] DEBUG o.s.c.a.ConfigurationClassBeanDefinitionReader - Registering bean definition for @Bean method org.springframework.web.servlet.config.annotation.DelegatingWebMvcConfiguration.handlerExceptionResolver()
21:23:45.837 [main] DEBUG o.s.c.a.ConfigurationClassBeanDefinitionReader - Registering bean definition for @Bean method org.springframework.web.servlet.config.annotation.DelegatingWebMvcConfiguration.mvcViewResolver()
21:23:45.841 [main] DEBUG o.s.c.a.ConfigurationClassBeanDefinitionReader - Registering bean definition for @Bean method org.springframework.web.servlet.config.annotation.DelegatingWebMvcConfiguration.requestMappingHandlerMapping()
21:23:45.842 [main] DEBUG o.s.c.a.ConfigurationClassBeanDefinitionReader - Registering bean definition for @Bean method org.springframework.web.servlet.config.annotation.DelegatingWebMvcConfiguration.mvcPathMatcher()
21:23:45.844 [main] DEBUG o.s.c.a.ConfigurationClassBeanDefinitionReader - Registered bean definition for imported class 'org.springframework.security.config.annotation.method.configuration.GlobalMethodSecurityConfiguration'
21:23:45.845 [main] DEBUG o.s.c.a.ConfigurationClassBeanDefinitionReader - Registering bean definition for @Bean method org.springframework.security.config.annotation.method.configuration.GlobalMethodSecurityConfiguration.methodSecurityInterceptor()
21:23:45.846 [main] DEBUG o.s.c.a.ConfigurationClassBeanDefinitionReader - Registering bean definition for @Bean method org.springframework.security.config.annotation.method.configuration.GlobalMethodSecurityConfiguration.methodSecurityMetadataSource()
21:23:45.846 [main] DEBUG o.s.c.a.ConfigurationClassBeanDefinitionReader - Registering bean definition for @Bean method org.springframework.security.config.annotation.method.configuration.GlobalMethodSecurityConfiguration.preInvocationAuthorizationAdvice()
21:23:45.847 [main] DEBUG o.s.c.a.ConfigurationClassBeanDefinitionReader - Registering bean definition for @Bean method edu.ncsu.csc.itrust2.mvc.config.WebMvcConfiguration.viewResolver()
21:23:45.848 [main] DEBUG o.s.c.a.ConfigurationClassBeanDefinitionReader - Registering bean definition for @Bean method edu.ncsu.csc.itrust2.mvc.config.WebMvcConfiguration.templateEngine()
21:23:45.851 [main] DEBUG o.s.c.a.ConfigurationClassBeanDefinitionReader - Registering bean definition for @Bean method edu.ncsu.csc.itrust2.mvc.config.WebMvcConfiguration.domainClassConverter()
21:23:46.503 [main] DEBUG o.s.c.a.ConfigurationClassEnhancer - Successfully enhanced edu.ncsu.csc.itrust2.config.RootConfiguration; enhanced class name is: edu.ncsu.csc.itrust2.config.RootConfiguration$$EnhancerBySpringCGLIB$$d87634b3
21:23:46.510 [main] DEBUG o.s.c.a.ConfigurationClassPostProcessor - Replacing bean definition 'rootConfiguration' existing class 'edu.ncsu.csc.itrust2.config.RootConfiguration' with enhanced class 'edu.ncsu.csc.itrust2.config.RootConfiguration$$EnhancerBySpringCGLIB$$d87634b3'
21:23:46.540 [main] DEBUG o.s.c.a.ConfigurationClassEnhancer - Successfully enhanced edu.ncsu.csc.itrust2.mvc.config.WebMvcConfiguration; enhanced class name is: edu.ncsu.csc.itrust2.mvc.config.WebMvcConfiguration$$EnhancerBySpringCGLIB$$f5213803
21:23:46.543 [main] DEBUG o.s.c.a.ConfigurationClassPostProcessor - Replacing bean definition 'webMvcConfiguration' existing class 'edu.ncsu.csc.itrust2.mvc.config.WebMvcConfiguration' with enhanced class 'edu.ncsu.csc.itrust2.mvc.config.WebMvcConfiguration$$EnhancerBySpringCGLIB$$f5213803'
21:23:46.565 [main] DEBUG o.s.c.a.ConfigurationClassEnhancer - Successfully enhanced edu.ncsu.csc.itrust2.config.DataConfiguration; enhanced class name is: edu.ncsu.csc.itrust2.config.DataConfiguration$$EnhancerBySpringCGLIB$$1cb579eb
21:23:46.565 [main] DEBUG o.s.c.a.ConfigurationClassPostProcessor - Replacing bean definition 'dataConfiguration' existing class 'edu.ncsu.csc.itrust2.config.DataConfiguration' with enhanced class 'edu.ncsu.csc.itrust2.config.DataConfiguration$$EnhancerBySpringCGLIB$$1cb579eb'
21:23:46.627 [main] DEBUG o.s.c.a.ConfigurationClassEnhancer - Successfully enhanced edu.ncsu.csc.itrust2.config.SecurityConfig; enhanced class name is: edu.ncsu.csc.itrust2.config.SecurityConfig$$EnhancerBySpringCGLIB$$f36018f
21:23:46.628 [main] DEBUG o.s.c.a.ConfigurationClassPostProcessor - Replacing bean definition 'securityConfig' existing class 'edu.ncsu.csc.itrust2.config.SecurityConfig' with enhanced class 'edu.ncsu.csc.itrust2.config.SecurityConfig$$EnhancerBySpringCGLIB$$f36018f'
21:23:46.648 [main] DEBUG o.s.c.a.ConfigurationClassEnhancer - Successfully enhanced org.springframework.security.config.annotation.configuration.ObjectPostProcessorConfiguration; enhanced class name is: org.springframework.security.config.annotation.configuration.ObjectPostProcessorConfiguration$$EnhancerBySpringCGLIB$$1d2b4b5b
21:23:46.649 [main] DEBUG o.s.c.a.ConfigurationClassPostProcessor - Replacing bean definition 'org.springframework.security.config.annotation.configuration.ObjectPostProcessorConfiguration' existing class 'org.springframework.security.config.annotation.configuration.ObjectPostProcessorConfiguration' with enhanced class 'org.springframework.security.config.annotation.configuration.ObjectPostProcessorConfiguration$$EnhancerBySpringCGLIB$$1d2b4b5b'
21:23:46.668 [main] DEBUG o.s.c.a.ConfigurationClassEnhancer - Successfully enhanced org.springframework.security.config.annotation.authentication.configuration.AuthenticationConfiguration; enhanced class name is: org.springframework.security.config.annotation.authentication.configuration.AuthenticationConfiguration$$EnhancerBySpringCGLIB$$68f455d0
21:23:46.669 [main] DEBUG o.s.c.a.ConfigurationClassPostProcessor - Replacing bean definition 'org.springframework.security.config.annotation.authentication.configuration.AuthenticationConfiguration' existing class 'org.springframework.security.config.annotation.authentication.configuration.AuthenticationConfiguration' with enhanced class 'org.springframework.security.config.annotation.authentication.configuration.AuthenticationConfiguration$$EnhancerBySpringCGLIB$$68f455d0'
21:23:46.671 [main] DEBUG o.s.c.a.ConfigurationClassEnhancer - Successfully enhanced org.springframework.security.config.annotation.authentication.configuration.AuthenticationConfiguration; enhanced class name is: org.springframework.security.config.annotation.authentication.configuration.AuthenticationConfiguration$$EnhancerBySpringCGLIB$$68f455d0
21:23:46.673 [main] DEBUG o.s.c.a.ConfigurationClassPostProcessor - Replacing bean definition 'enableGlobalAuthenticationAutowiredConfigurer' existing class 'org.springframework.security.config.annotation.authentication.configuration.AuthenticationConfiguration' with enhanced class 'org.springframework.security.config.annotation.authentication.configuration.AuthenticationConfiguration$$EnhancerBySpringCGLIB$$68f455d0'
21:23:46.675 [main] DEBUG o.s.c.a.ConfigurationClassEnhancer - Successfully enhanced org.springframework.security.config.annotation.authentication.configuration.AuthenticationConfiguration; enhanced class name is: org.springframework.security.config.annotation.authentication.configuration.AuthenticationConfiguration$$EnhancerBySpringCGLIB$$68f455d0
21:23:46.676 [main] DEBUG o.s.c.a.ConfigurationClassPostProcessor - Replacing bean definition 'initializeUserDetailsBeanManagerConfigurer' existing class 'org.springframework.security.config.annotation.authentication.configuration.AuthenticationConfiguration' with enhanced class 'org.springframework.security.config.annotation.authentication.configuration.AuthenticationConfiguration$$EnhancerBySpringCGLIB$$68f455d0'
21:23:46.677 [main] DEBUG o.s.c.a.ConfigurationClassEnhancer - Successfully enhanced org.springframework.security.config.annotation.authentication.configuration.AuthenticationConfiguration; enhanced class name is: org.springframework.security.config.annotation.authentication.configuration.AuthenticationConfiguration$$EnhancerBySpringCGLIB$$68f455d0
21:23:46.677 [main] DEBUG o.s.c.a.ConfigurationClassPostProcessor - Replacing bean definition 'initializeAuthenticationProviderBeanManagerConfigurer' existing class 'org.springframework.security.config.annotation.authentication.configuration.AuthenticationConfiguration' with enhanced class 'org.springframework.security.config.annotation.authentication.configuration.AuthenticationConfiguration$$EnhancerBySpringCGLIB$$68f455d0'
21:23:46.716 [main] DEBUG o.s.c.a.ConfigurationClassEnhancer - Successfully enhanced org.springframework.security.config.annotation.web.configuration.WebSecurityConfiguration; enhanced class name is: org.springframework.security.config.annotation.web.configuration.WebSecurityConfiguration$$EnhancerBySpringCGLIB$$2baeb014
21:23:46.721 [main] DEBUG o.s.c.a.ConfigurationClassPostProcessor - Replacing bean definition 'org.springframework.security.config.annotation.web.configuration.WebSecurityConfiguration' existing class 'org.springframework.security.config.annotation.web.configuration.WebSecurityConfiguration' with enhanced class 'org.springframework.security.config.annotation.web.configuration.WebSecurityConfiguration$$EnhancerBySpringCGLIB$$2baeb014'
21:23:46.724 [main] DEBUG o.s.c.a.ConfigurationClassEnhancer - Successfully enhanced org.springframework.security.config.annotation.web.configuration.WebSecurityConfiguration; enhanced class name is: org.springframework.security.config.annotation.web.configuration.WebSecurityConfiguration$$EnhancerBySpringCGLIB$$2baeb014
21:23:46.727 [main] DEBUG o.s.c.a.ConfigurationClassPostProcessor - Replacing bean definition 'delegatingApplicationListener' existing class 'org.springframework.security.config.annotation.web.configuration.WebSecurityConfiguration' with enhanced class 'org.springframework.security.config.annotation.web.configuration.WebSecurityConfiguration$$EnhancerBySpringCGLIB$$2baeb014'
21:23:46.832 [main] DEBUG o.s.c.a.ConfigurationClassEnhancer - Successfully enhanced org.springframework.web.servlet.config.annotation.DelegatingWebMvcConfiguration; enhanced class name is: org.springframework.web.servlet.config.annotation.DelegatingWebMvcConfiguration$$EnhancerBySpringCGLIB$$493e6857
21:23:46.835 [main] DEBUG o.s.c.a.ConfigurationClassPostProcessor - Replacing bean definition 'org.springframework.web.servlet.config.annotation.DelegatingWebMvcConfiguration' existing class 'org.springframework.web.servlet.config.annotation.DelegatingWebMvcConfiguration' with enhanced class 'org.springframework.web.servlet.config.annotation.DelegatingWebMvcConfiguration$$EnhancerBySpringCGLIB$$493e6857'
21:23:46.864 [main] DEBUG o.s.c.a.ConfigurationClassEnhancer - Successfully enhanced org.springframework.security.config.annotation.method.configuration.GlobalMethodSecurityConfiguration; enhanced class name is: org.springframework.security.config.annotation.method.configuration.GlobalMethodSecurityConfiguration$$EnhancerBySpringCGLIB$$41ffee0d
21:23:46.867 [main] DEBUG o.s.c.a.ConfigurationClassPostProcessor - Replacing bean definition 'org.springframework.security.config.annotation.method.configuration.GlobalMethodSecurityConfiguration' existing class 'org.springframework.security.config.annotation.method.configuration.GlobalMethodSecurityConfiguration' with enhanced class 'org.springframework.security.config.annotation.method.configuration.GlobalMethodSecurityConfiguration$$EnhancerBySpringCGLIB$$41ffee0d'
21:23:46.951 [main] DEBUG o.s.b.f.s.DefaultListableBeanFactory - Creating shared instance of singleton bean 'org.springframework.context.annotation.internalAutowiredAnnotationProcessor'
21:23:46.954 [main] DEBUG o.s.b.f.s.DefaultListableBeanFactory - Creating instance of bean 'org.springframework.context.annotation.internalAutowiredAnnotationProcessor'
21:23:46.962 [main] DEBUG o.s.b.f.s.DefaultListableBeanFactory - Eagerly caching bean 'org.springframework.context.annotation.internalAutowiredAnnotationProcessor' to allow for resolving potential circular references
21:23:47.089 [main] DEBUG o.s.b.f.s.DefaultListableBeanFactory - Finished creating instance of bean 'org.springframework.context.annotation.internalAutowiredAnnotationProcessor'
21:23:47.091 [main] DEBUG o.s.b.f.s.DefaultListableBeanFactory - Creating shared instance of singleton bean 'org.springframework.context.annotation.internalRequiredAnnotationProcessor'
21:23:47.093 [main] DEBUG o.s.b.f.s.DefaultListableBeanFactory - Creating instance of bean 'org.springframework.context.annotation.internalRequiredAnnotationProcessor'
21:23:47.097 [main] DEBUG o.s.b.f.s.DefaultListableBeanFactory - Eagerly caching bean 'org.springframework.context.annotation.internalRequiredAnnotationProcessor' to allow for resolving potential circular references
21:23:47.105 [main] DEBUG o.s.b.f.s.DefaultListableBeanFactory - Finished creating instance of bean 'org.springframework.context.annotation.internalRequiredAnnotationProcessor'
21:23:47.105 [main] DEBUG o.s.b.f.s.DefaultListableBeanFactory - Creating shared instance of singleton bean 'org.springframework.context.annotation.internalCommonAnnotationProcessor'
21:23:47.106 [main] DEBUG o.s.b.f.s.DefaultListableBeanFactory - Creating instance of bean 'org.springframework.context.annotation.internalCommonAnnotationProcessor'
21:23:47.129 [main] DEBUG o.s.b.f.s.DefaultListableBeanFactory - Eagerly caching bean 'org.springframework.context.annotation.internalCommonAnnotationProcessor' to allow for resolving potential circular references
21:23:47.158 [main] DEBUG o.s.b.f.s.DefaultListableBeanFactory - Finished creating instance of bean 'org.springframework.context.annotation.internalCommonAnnotationProcessor'
21:23:47.158 [main] DEBUG o.s.b.f.s.DefaultListableBeanFactory - Creating shared instance of singleton bean 'org.springframework.context.annotation.internalPersistenceAnnotationProcessor'
21:23:47.159 [main] DEBUG o.s.b.f.s.DefaultListableBeanFactory - Creating instance of bean 'org.springframework.context.annotation.internalPersistenceAnnotationProcessor'
21:23:47.173 [main] DEBUG o.s.b.f.s.DefaultListableBeanFactory - Eagerly caching bean 'org.springframework.context.annotation.internalPersistenceAnnotationProcessor' to allow for resolving potential circular references
21:23:47.198 [main] DEBUG o.s.b.f.s.DefaultListableBeanFactory - Finished creating instance of bean 'org.springframework.context.annotation.internalPersistenceAnnotationProcessor'
21:23:47.201 [main] DEBUG o.s.b.f.s.DefaultListableBeanFactory - Creating shared instance of singleton bean 'org.springframework.aop.config.internalAutoProxyCreator'
21:23:47.201 [main] DEBUG o.s.b.f.s.DefaultListableBeanFactory - Creating instance of bean 'org.springframework.aop.config.internalAutoProxyCreator'
21:23:47.277 [main] DEBUG o.s.b.f.s.DefaultListableBeanFactory - Eagerly caching bean 'org.springframework.aop.config.internalAutoProxyCreator' to allow for resolving potential circular references
21:23:47.373 [main] DEBUG o.s.b.f.s.DefaultListableBeanFactory - Finished creating instance of bean 'org.springframework.aop.config.internalAutoProxyCreator'
21:23:47.394 [main] DEBUG o.s.w.c.s.GenericWebApplicationContext - Unable to locate MessageSource with name 'messageSource': using default [org.springframework.context.support.DelegatingMessageSource@7af7c9aa]
21:23:47.411 [main] DEBUG o.s.w.c.s.GenericWebApplicationContext - Unable to locate ApplicationEventMulticaster with name 'applicationEventMulticaster': using default [org.springframework.context.event.SimpleApplicationEventMulticaster@7789526e]
21:23:47.430 [main] DEBUG o.s.u.c.s.UiApplicationContextUtils - Unable to locate ThemeSource with name 'themeSource': using default [org.springframework.ui.context.support.ResourceBundleThemeSource@318a81a0]
21:23:47.444 [main] DEBUG o.s.b.f.s.DefaultListableBeanFactory - Pre-instantiating singletons in org.springframework.beans.factory.support.DefaultListableBeanFactory@14b528b6: defining beans [org.springframework.context.annotation.internalConfigurationAnnotationProcessor,org.springframework.context.annotation.internalAutowiredAnnotationProcessor,org.springframework.context.annotation.internalRequiredAnnotationProcessor,org.springframework.context.annotation.internalCommonAnnotationProcessor,org.springframework.context.annotation.internalPersistenceAnnotationProcessor,org.springframework.context.event.internalEventListenerProcessor,org.springframework.context.event.internalEventListenerFactory,rootConfiguration,webMvcConfiguration,dataConfiguration,loginAuditingListener,securityConfig,defaultController,adminController,adminUserController,hospitalController,ICDCodesController,APIAppointmentRequestController,APIDiagnosisController,APIDrugController,APIEnumController,APIHospitalController,APIICDCodeController,APILogEntryController,APIOfficeVisitController,APIPasswordController,APIPatientController,APIPersonnelController,APIPrescriptionController,APIUserController,appointmentControllerHCP,HCPController,officeVisitController,appointmentController,diagnosesController,patientController,passwordController,userController,dataSource,org.springframework.security.config.annotation.configuration.ObjectPostProcessorConfiguration,objectPostProcessor,org.springframework.security.config.annotation.authentication.configuration.AuthenticationConfiguration,authenticationManagerBuilder,enableGlobalAuthenticationAutowiredConfigurer,initializeUserDetailsBeanManagerConfigurer,initializeAuthenticationProviderBeanManagerConfigurer,org.springframework.security.config.annotation.web.configuration.WebSecurityConfiguration,delegatingApplicationListener,webSecurityExpressionHandler,springSecurityFilterChain,privilegeEvaluator,autowiredWebSecurityConfigurersIgnoreParents,org.springframework.security.config.annotation.web.configuration.WebMvcSecurityConfiguration,requestDataValueProcessor,passwordEncoder,defaultAuthenticationEventPublisher,failureHandler,ipBlockFilter,org.springframework.web.servlet.config.annotation.DelegatingWebMvcConfiguration,mvcConversionService,mvcUrlPathHelper,mvcContentNegotiationManager,viewControllerHandlerMapping,beanNameHandlerMapping,resourceHandlerMapping,mvcResourceUrlProvider,defaultServletHandlerMapping,requestMappingHandlerAdapter,mvcValidator,mvcUriComponentsContributor,httpRequestHandlerAdapter,simpleControllerHandlerAdapter,handlerExceptionResolver,mvcViewResolver,requestMappingHandlerMapping,mvcPathMatcher,org.springframework.security.config.annotation.method.configuration.GlobalMethodSecurityConfiguration,methodSecurityInterceptor,methodSecurityMetadataSource,preInvocationAuthorizationAdvice,viewResolver,templateEngine,domainClassConverter,metaDataSourceAdvisor,org.springframework.aop.config.internalAutoProxyCreator]; root of factory hierarchy
21:23:47.445 [main] DEBUG o.s.b.f.s.DefaultListableBeanFactory - Returning cached instance of singleton bean 'org.springframework.context.annotation.internalConfigurationAnnotationProcessor'
21:23:47.446 [main] DEBUG o.s.b.f.s.DefaultListableBeanFactory - Returning cached instance of singleton bean 'org.springframework.context.annotation.internalAutowiredAnnotationProcessor'
21:23:47.448 [main] DEBUG o.s.b.f.s.DefaultListableBeanFactory - Returning cached instance of singleton bean 'org.springframework.context.annotation.internalRequiredAnnotationProcessor'
21:23:47.449 [main] DEBUG o.s.b.f.s.DefaultListableBeanFactory - Returning cached instance of singleton bean 'org.springframework.context.annotation.internalCommonAnnotationProcessor'
21:23:47.458 [main] DEBUG o.s.b.f.s.DefaultListableBeanFactory - Returning cached instance of singleton bean 'org.springframework.context.annotation.internalPersistenceAnnotationProcessor'
21:23:47.461 [main] DEBUG o.s.b.f.s.DefaultListableBeanFactory - Creating shared instance of singleton bean 'org.springframework.context.event.internalEventListenerProcessor'
21:23:47.462 [main] DEBUG o.s.b.f.s.DefaultListableBeanFactory - Creating instance of bean 'org.springframework.context.event.internalEventListenerProcessor'
21:23:47.470 [main] DEBUG o.s.b.f.s.DefaultListableBeanFactory - Eagerly caching bean 'org.springframework.context.event.internalEventListenerProcessor' to allow for resolving potential circular references
21:23:47.487 [main] DEBUG o.s.b.f.s.DefaultListableBeanFactory - Creating shared instance of singleton bean 'metaDataSourceAdvisor'
21:23:47.487 [main] DEBUG o.s.b.f.s.DefaultListableBeanFactory - Creating instance of bean 'metaDataSourceAdvisor'
21:23:47.504 [main] DEBUG o.s.b.f.s.DefaultListableBeanFactory - Creating shared instance of singleton bean 'methodSecurityMetadataSource'
21:23:47.504 [main] DEBUG o.s.b.f.s.DefaultListableBeanFactory - Creating instance of bean 'methodSecurityMetadataSource'
21:23:47.509 [main] DEBUG o.s.b.f.s.DefaultListableBeanFactory - Creating shared instance of singleton bean 'org.springframework.security.config.annotation.method.configuration.GlobalMethodSecurityConfiguration'
21:23:47.510 [main] DEBUG o.s.b.f.s.DefaultListableBeanFactory - Creating instance of bean 'org.springframework.security.config.annotation.method.configuration.GlobalMethodSecurityConfiguration'
21:23:47.602 [main] DEBUG o.s.b.f.annotation.InjectionMetadata - Registered injected element on class [org.springframework.security.config.annotation.method.configuration.GlobalMethodSecurityConfiguration$$EnhancerBySpringCGLIB$$41ffee0d]: AutowiredMethodElement for public void org.springframework.security.config.annotation.method.configuration.GlobalMethodSecurityConfiguration.setApplicationContext(org.springframework.context.ApplicationContext)
21:23:47.606 [main] DEBUG o.s.b.f.annotation.InjectionMetadata - Registered injected element on class [org.springframework.security.config.annotation.method.configuration.GlobalMethodSecurityConfiguration$$EnhancerBySpringCGLIB$$41ffee0d]: AutowiredMethodElement for public void org.springframework.security.config.annotation.method.configuration.GlobalMethodSecurityConfiguration.setObjectPostProcessor(org.springframework.security.config.annotation.ObjectPostProcessor)
21:23:47.607 [main] DEBUG o.s.b.f.annotation.InjectionMetadata - Registered injected element on class [org.springframework.security.config.annotation.method.configuration.GlobalMethodSecurityConfiguration$$EnhancerBySpringCGLIB$$41ffee0d]: AutowiredMethodElement for public void org.springframework.security.config.annotation.method.configuration.GlobalMethodSecurityConfiguration.setJsr250MethodSecurityMetadataSource(org.springframework.security.access.annotation.Jsr250MethodSecurityMetadataSource)
21:23:47.607 [main] DEBUG o.s.b.f.annotation.InjectionMetadata - Registered injected element on class [org.springframework.security.config.annotation.method.configuration.GlobalMethodSecurityConfiguration$$EnhancerBySpringCGLIB$$41ffee0d]: AutowiredMethodElement for public void org.springframework.security.config.annotation.method.configuration.GlobalMethodSecurityConfiguration.setMethodSecurityExpressionHandler(java.util.List)
21:23:47.607 [main] DEBUG o.s.b.f.s.DefaultListableBeanFactory - Eagerly caching bean 'org.springframework.security.config.annotation.method.configuration.GlobalMethodSecurityConfiguration' to allow for resolving potential circular references
21:23:47.608 [main] DEBUG o.s.b.f.annotation.InjectionMetadata - Processing injected element of bean 'org.springframework.security.config.annotation.method.configuration.GlobalMethodSecurityConfiguration': AutowiredMethodElement for public void org.springframework.security.config.annotation.method.configuration.GlobalMethodSecurityConfiguration.setApplicationContext(org.springframework.context.ApplicationContext)
21:23:47.619 [main] DEBUG o.s.b.f.a.AutowiredAnnotationBeanPostProcessor - Autowiring by type from bean name 'org.springframework.security.config.annotation.method.configuration.GlobalMethodSecurityConfiguration' to bean named 'org.springframework.web.context.support.GenericWebApplicationContext@a098d76'
21:23:47.622 [main] DEBUG o.s.b.f.annotation.InjectionMetadata - Processing injected element of bean 'org.springframework.security.config.annotation.method.configuration.GlobalMethodSecurityConfiguration': AutowiredMethodElement for public void org.springframework.security.config.annotation.method.configuration.GlobalMethodSecurityConfiguration.setObjectPostProcessor(org.springframework.security.config.annotation.ObjectPostProcessor)
21:23:47.631 [main] DEBUG o.s.b.f.s.DefaultListableBeanFactory - Creating shared instance of singleton bean 'objectPostProcessor'
21:23:47.631 [main] DEBUG o.s.b.f.s.DefaultListableBeanFactory - Creating instance of bean 'objectPostProcessor'
21:23:47.633 [main] DEBUG o.s.b.f.s.DefaultListableBeanFactory - Creating shared instance of singleton bean 'org.springframework.security.config.annotation.configuration.ObjectPostProcessorConfiguration'
21:23:47.635 [main] DEBUG o.s.b.f.s.DefaultListableBeanFactory - Creating instance of bean 'org.springframework.security.config.annotation.configuration.ObjectPostProcessorConfiguration'
21:23:47.644 [main] DEBUG o.s.b.f.s.DefaultListableBeanFactory - Eagerly caching bean 'org.springframework.security.config.annotation.configuration.ObjectPostProcessorConfiguration' to allow for resolving potential circular references
21:23:47.655 [main] DEBUG o.s.a.f.a.BeanFactoryAdvisorRetrievalHelper - Skipping currently created advisor 'metaDataSourceAdvisor'
21:23:47.670 [main] DEBUG o.s.b.f.s.DefaultListableBeanFactory - Finished creating instance of bean 'org.springframework.security.config.annotation.configuration.ObjectPostProcessorConfiguration'
21:23:47.687 [main] DEBUG o.s.b.f.s.DefaultListableBeanFactory - Autowiring by type from bean name 'objectPostProcessor' via factory method to bean named 'org.springframework.beans.factory.support.DefaultListableBeanFactory@14b528b6'
21:23:47.733 [main] DEBUG o.s.b.f.s.DefaultListableBeanFactory - Eagerly caching bean 'objectPostProcessor' to allow for resolving potential circular references
21:23:47.738 [main] DEBUG o.s.a.f.a.BeanFactoryAdvisorRetrievalHelper - Skipping currently created advisor 'metaDataSourceAdvisor'
21:23:47.738 [main] DEBUG o.s.b.f.s.DefaultListableBeanFactory - Finished creating instance of bean 'objectPostProcessor'
21:23:47.739 [main] DEBUG o.s.b.f.a.AutowiredAnnotationBeanPostProcessor - Autowiring by type from bean name 'org.springframework.security.config.annotation.method.configuration.GlobalMethodSecurityConfiguration' to bean named 'objectPostProcessor'
21:23:47.759 [main] DEBUG o.s.b.f.annotation.InjectionMetadata - Processing injected element of bean 'org.springframework.security.config.annotation.method.configuration.GlobalMethodSecurityConfiguration': AutowiredMethodElement for public void org.springframework.security.config.annotation.method.configuration.GlobalMethodSecurityConfiguration.setJsr250MethodSecurityMetadataSource(org.springframework.security.access.annotation.Jsr250MethodSecurityMetadataSource)
21:23:47.762 [main] DEBUG o.s.b.f.annotation.InjectionMetadata - Processing injected element of bean 'org.springframework.security.config.annotation.method.configuration.GlobalMethodSecurityConfiguration': AutowiredMethodElement for public void org.springframework.security.config.annotation.method.configuration.GlobalMethodSecurityConfiguration.setMethodSecurityExpressionHandler(java.util.List)
21:23:47.769 [main] DEBUG o.s.b.f.s.DefaultListableBeanFactory - Returning cached instance of singleton bean 'org.springframework.context.annotation.ConfigurationClassPostProcessor.importRegistry'
21:23:47.770 [main] DEBUG o.s.a.f.a.BeanFactoryAdvisorRetrievalHelper - Skipping currently created advisor 'metaDataSourceAdvisor'
21:23:47.770 [main] DEBUG o.s.b.f.s.DefaultListableBeanFactory - Finished creating instance of bean 'org.springframework.security.config.annotation.method.configuration.GlobalMethodSecurityConfiguration'
21:23:47.811 [main] DEBUG o.s.b.f.s.DefaultListableBeanFactory - Eagerly caching bean 'methodSecurityMetadataSource' to allow for resolving potential circular references
21:23:47.838 [main] DEBUG o.s.b.f.s.DefaultListableBeanFactory - Finished creating instance of bean 'methodSecurityMetadataSource'
21:23:47.860 [main] DEBUG o.s.b.f.s.DefaultListableBeanFactory - Eagerly caching bean 'metaDataSourceAdvisor' to allow for resolving potential circular references
21:23:47.885 [main] DEBUG o.s.b.f.s.DefaultListableBeanFactory - Finished creating instance of bean 'metaDataSourceAdvisor'
21:23:47.900 [main] DEBUG o.s.b.f.s.DefaultListableBeanFactory - Finished creating instance of bean 'org.springframework.context.event.internalEventListenerProcessor'
21:23:47.902 [main] DEBUG o.s.b.f.s.DefaultListableBeanFactory - Creating shared instance of singleton bean 'org.springframework.context.event.internalEventListenerFactory'
21:23:47.903 [main] DEBUG o.s.b.f.s.DefaultListableBeanFactory - Creating instance of bean 'org.springframework.context.event.internalEventListenerFactory'
21:23:47.908 [main] DEBUG o.s.b.f.s.DefaultListableBeanFactory - Eagerly caching bean 'org.springframework.context.event.internalEventListenerFactory' to allow for resolving potential circular references
21:23:47.917 [main] DEBUG o.s.b.f.s.DefaultListableBeanFactory - Returning cached instance of singleton bean 'metaDataSourceAdvisor'
21:23:47.925 [main] DEBUG o.s.b.f.s.DefaultListableBeanFactory - Finished creating instance of bean 'org.springframework.context.event.internalEventListenerFactory'
21:23:47.926 [main] DEBUG o.s.b.f.s.DefaultListableBeanFactory - Creating shared instance of singleton bean 'rootConfiguration'
21:23:47.927 [main] DEBUG o.s.b.f.s.DefaultListableBeanFactory - Creating instance of bean 'rootConfiguration'
21:23:47.931 [main] DEBUG o.s.b.f.s.DefaultListableBeanFactory - Eagerly caching bean 'rootConfiguration' to allow for resolving potential circular references
21:23:47.944 [main] DEBUG o.s.b.f.s.DefaultListableBeanFactory - Returning cached instance of singleton bean 'metaDataSourceAdvisor'
21:23:47.958 [main] DEBUG o.s.b.f.s.DefaultListableBeanFactory - Finished creating instance of bean 'rootConfiguration'
21:23:47.962 [main] DEBUG o.s.b.f.s.DefaultListableBeanFactory - Creating shared instance of singleton bean 'webMvcConfiguration'
21:23:47.963 [main] DEBUG o.s.b.f.s.DefaultListableBeanFactory - Creating instance of bean 'webMvcConfiguration'
21:23:47.972 [main] DEBUG o.s.b.f.annotation.InjectionMetadata - Registered injected element on class [edu.ncsu.csc.itrust2.mvc.config.WebMvcConfiguration$$EnhancerBySpringCGLIB$$f5213803]: AutowiredFieldElement for private org.springframework.context.ApplicationContext edu.ncsu.csc.itrust2.mvc.config.WebMvcConfiguration.applicationContext
21:23:47.972 [main] DEBUG o.s.b.f.annotation.InjectionMetadata - Registered injected element on class [edu.ncsu.csc.itrust2.mvc.config.WebMvcConfiguration$$EnhancerBySpringCGLIB$$f5213803]: AutowiredFieldElement for private org.springframework.format.support.FormattingConversionService edu.ncsu.csc.itrust2.mvc.config.WebMvcConfiguration.mvcConversionService
21:23:47.975 [main] DEBUG o.s.b.f.s.DefaultListableBeanFactory - Eagerly caching bean 'webMvcConfiguration' to allow for resolving potential circular references
21:23:48.015 [main] DEBUG o.s.b.f.annotation.InjectionMetadata - Processing injected element of bean 'webMvcConfiguration': AutowiredFieldElement for private org.springframework.context.ApplicationContext edu.ncsu.csc.itrust2.mvc.config.WebMvcConfiguration.applicationContext
21:23:48.017 [main] DEBUG o.s.b.f.a.AutowiredAnnotationBeanPostProcessor - Autowiring by type from bean name 'webMvcConfiguration' to bean named 'org.springframework.web.context.support.GenericWebApplicationContext@a098d76'
21:23:48.020 [main] DEBUG o.s.b.f.annotation.InjectionMetadata - Processing injected element of bean 'webMvcConfiguration': AutowiredFieldElement for private org.springframework.format.support.FormattingConversionService edu.ncsu.csc.itrust2.mvc.config.WebMvcConfiguration.mvcConversionService
21:23:48.025 [main] DEBUG o.s.b.f.s.DefaultListableBeanFactory - Creating shared instance of singleton bean 'mvcConversionService'
21:23:48.026 [main] DEBUG o.s.b.f.s.DefaultListableBeanFactory - Creating instance of bean 'mvcConversionService'
21:23:48.029 [main] DEBUG o.s.b.f.s.DefaultListableBeanFactory - Creating shared instance of singleton bean 'org.springframework.web.servlet.config.annotation.DelegatingWebMvcConfiguration'
21:23:48.032 [main] DEBUG o.s.b.f.s.DefaultListableBeanFactory - Creating instance of bean 'org.springframework.web.servlet.config.annotation.DelegatingWebMvcConfiguration'
21:23:48.081 [main] DEBUG o.s.b.f.annotation.InjectionMetadata - Registered injected element on class [org.springframework.web.servlet.config.annotation.DelegatingWebMvcConfiguration$$EnhancerBySpringCGLIB$$493e6857]: AutowiredMethodElement for public void org.springframework.web.servlet.config.annotation.DelegatingWebMvcConfiguration.setConfigurers(java.util.List)
21:23:48.088 [main] DEBUG o.s.b.f.s.DefaultListableBeanFactory - Eagerly caching bean 'org.springframework.web.servlet.config.annotation.DelegatingWebMvcConfiguration' to allow for resolving potential circular references
21:23:48.093 [main] DEBUG o.s.b.f.annotation.InjectionMetadata - Processing injected element of bean 'org.springframework.web.servlet.config.annotation.DelegatingWebMvcConfiguration': AutowiredMethodElement for public void org.springframework.web.servlet.config.annotation.DelegatingWebMvcConfiguration.setConfigurers(java.util.List)
21:23:48.096 [main] DEBUG o.s.b.f.s.DefaultListableBeanFactory - Returning cached instance of singleton bean 'metaDataSourceAdvisor'
21:23:48.154 [main] DEBUG o.s.b.f.s.DefaultListableBeanFactory - Returning eagerly cached instance of singleton bean 'webMvcConfiguration' that is not fully initialized yet - a consequence of a circular reference
21:23:48.156 [main] DEBUG o.s.b.f.s.DefaultListableBeanFactory - Creating shared instance of singleton bean 'org.springframework.security.config.annotation.web.configuration.WebMvcSecurityConfiguration'
21:23:48.157 [main] DEBUG o.s.b.f.s.DefaultListableBeanFactory - Creating instance of bean 'org.springframework.security.config.annotation.web.configuration.WebMvcSecurityConfiguration'
21:23:48.160 [main] DEBUG o.s.b.f.s.DefaultListableBeanFactory - Eagerly caching bean 'org.springframework.security.config.annotation.web.configuration.WebMvcSecurityConfiguration' to allow for resolving potential circular references
21:23:48.170 [main] DEBUG o.s.b.f.s.DefaultListableBeanFactory - Returning cached instance of singleton bean 'metaDataSourceAdvisor'
21:23:48.179 [main] DEBUG o.s.b.f.s.DefaultListableBeanFactory - Finished creating instance of bean 'org.springframework.security.config.annotation.web.configuration.WebMvcSecurityConfiguration'
21:23:48.234 [main] DEBUG o.s.b.f.a.AutowiredAnnotationBeanPostProcessor - Autowiring by type from bean name 'org.springframework.web.servlet.config.annotation.DelegatingWebMvcConfiguration' to bean named 'webMvcConfiguration'
21:23:48.234 [main] DEBUG o.s.b.f.a.AutowiredAnnotationBeanPostProcessor - Autowiring by type from bean name 'org.springframework.web.servlet.config.annotation.DelegatingWebMvcConfiguration' to bean named 'org.springframework.security.config.annotation.web.configuration.WebMvcSecurityConfiguration'
21:23:48.236 [main] DEBUG o.s.b.f.s.DefaultListableBeanFactory - Returning cached instance of singleton bean 'metaDataSourceAdvisor'
21:23:48.296 [main] DEBUG o.s.b.f.s.DefaultListableBeanFactory - Finished creating instance of bean 'org.springframework.web.servlet.config.annotation.DelegatingWebMvcConfiguration'
21:23:49.015 [main] DEBUG o.s.b.f.s.DefaultListableBeanFactory - Eagerly caching bean 'mvcConversionService' to allow for resolving potential circular references
21:23:49.039 [main] DEBUG o.s.b.f.s.DefaultListableBeanFactory - Returning cached instance of singleton bean 'metaDataSourceAdvisor'
21:23:49.048 [main] DEBUG o.s.b.f.s.DefaultListableBeanFactory - Finished creating instance of bean 'mvcConversionService'
21:23:49.050 [main] DEBUG o.s.b.f.a.AutowiredAnnotationBeanPostProcessor - Autowiring by type from bean name 'webMvcConfiguration' to bean named 'mvcConversionService'
21:23:49.058 [main] DEBUG o.s.b.f.s.DefaultListableBeanFactory - Finished creating instance of bean 'webMvcConfiguration'
21:23:49.059 [main] DEBUG o.s.b.f.s.DefaultListableBeanFactory - Creating shared instance of singleton bean 'dataConfiguration'
21:23:49.061 [main] DEBUG o.s.b.f.s.DefaultListableBeanFactory - Creating instance of bean 'dataConfiguration'
21:23:49.062 [main] DEBUG o.s.b.f.s.DefaultListableBeanFactory - Eagerly caching bean 'dataConfiguration' to allow for resolving potential circular references
21:23:49.068 [main] DEBUG o.s.b.f.s.DefaultListableBeanFactory - Returning cached instance of singleton bean 'metaDataSourceAdvisor'
21:23:49.080 [main] DEBUG o.s.b.f.s.DefaultListableBeanFactory - Finished creating instance of bean 'dataConfiguration'
21:23:49.082 [main] DEBUG o.s.b.f.s.DefaultListableBeanFactory - Creating shared instance of singleton bean 'loginAuditingListener'
21:23:49.095 [main] DEBUG o.s.b.f.s.DefaultListableBeanFactory - Creating instance of bean 'loginAuditingListener'
21:23:49.097 [main] DEBUG o.s.b.f.s.DefaultListableBeanFactory - Eagerly caching bean 'loginAuditingListener' to allow for resolving potential circular references
21:23:49.100 [main] DEBUG o.s.b.f.s.DefaultListableBeanFactory - Returning cached instance of singleton bean 'metaDataSourceAdvisor'
21:23:49.111 [main] DEBUG o.s.b.f.s.DefaultListableBeanFactory - Finished creating instance of bean 'loginAuditingListener'
21:23:49.111 [main] DEBUG o.s.b.f.s.DefaultListableBeanFactory - Creating shared instance of singleton bean 'securityConfig'
21:23:49.112 [main] DEBUG o.s.b.f.s.DefaultListableBeanFactory - Creating instance of bean 'securityConfig'
21:23:49.152 [main] DEBUG o.s.b.f.annotation.InjectionMetadata - Registered injected element on class [edu.ncsu.csc.itrust2.config.SecurityConfig$$EnhancerBySpringCGLIB$$f36018f]: AutowiredMethodElement for public void org.springframework.security.config.annotation.web.configuration.WebSecurityConfigurerAdapter.setApplicationContext(org.springframework.context.ApplicationContext)
21:23:49.152 [main] DEBUG o.s.b.f.annotation.InjectionMetadata - Registered injected element on class [edu.ncsu.csc.itrust2.config.SecurityConfig$$EnhancerBySpringCGLIB$$f36018f]: AutowiredMethodElement for public void org.springframework.security.config.annotation.web.configuration.WebSecurityConfigurerAdapter.setContentNegotationStrategy(org.springframework.web.accept.ContentNegotiationStrategy)
21:23:49.154 [main] DEBUG o.s.b.f.annotation.InjectionMetadata - Registered injected element on class [edu.ncsu.csc.itrust2.config.SecurityConfig$$EnhancerBySpringCGLIB$$f36018f]: AutowiredMethodElement for public void org.springframework.security.config.annotation.web.configuration.WebSecurityConfigurerAdapter.setAuthenticationConfiguration(org.springframework.security.config.annotation.authentication.configuration.AuthenticationConfiguration)
21:23:49.154 [main] DEBUG o.s.b.f.annotation.InjectionMetadata - Registered injected element on class [edu.ncsu.csc.itrust2.config.SecurityConfig$$EnhancerBySpringCGLIB$$f36018f]: AutowiredMethodElement for public void org.springframework.security.config.annotation.web.configuration.WebSecurityConfigurerAdapter.setTrustResolver(org.springframework.security.authentication.AuthenticationTrustResolver)
21:23:49.155 [main] DEBUG o.s.b.f.annotation.InjectionMetadata - Registered injected element on class [edu.ncsu.csc.itrust2.config.SecurityConfig$$EnhancerBySpringCGLIB$$f36018f]: AutowiredMethodElement for public void org.springframework.security.config.annotation.web.configuration.WebSecurityConfigurerAdapter.setObjectPostProcessor(org.springframework.security.config.annotation.ObjectPostProcessor)
21:23:49.156 [main] DEBUG o.s.b.f.annotation.InjectionMetadata - Registered injected element on class [edu.ncsu.csc.itrust2.config.SecurityConfig$$EnhancerBySpringCGLIB$$f36018f]: AutowiredFieldElement for javax.sql.DataSource edu.ncsu.csc.itrust2.config.SecurityConfig.dataSource
21:23:49.156 [main] DEBUG o.s.b.f.annotation.InjectionMetadata - Registered injected element on class [edu.ncsu.csc.itrust2.config.SecurityConfig$$EnhancerBySpringCGLIB$$f36018f]: AutowiredMethodElement for public void edu.ncsu.csc.itrust2.config.SecurityConfig.configureGlobal(org.springframework.security.config.annotation.authentication.builders.AuthenticationManagerBuilder) throws java.lang.Exception
21:23:49.157 [main] DEBUG o.s.b.f.s.DefaultListableBeanFactory - Eagerly caching bean 'securityConfig' to allow for resolving potential circular references
21:23:49.161 [main] DEBUG o.s.b.f.annotation.InjectionMetadata - Processing injected element of bean 'securityConfig': AutowiredMethodElement for public void org.springframework.security.config.annotation.web.configuration.WebSecurityConfigurerAdapter.setApplicationContext(org.springframework.context.ApplicationContext)
21:23:49.163 [main] DEBUG o.s.b.f.a.AutowiredAnnotationBeanPostProcessor - Autowiring by type from bean name 'securityConfig' to bean named 'org.springframework.web.context.support.GenericWebApplicationContext@a098d76'
21:23:49.164 [main] DEBUG o.s.b.f.annotation.InjectionMetadata - Processing injected element of bean 'securityConfig': AutowiredMethodElement for public void org.springframework.security.config.annotation.web.configuration.WebSecurityConfigurerAdapter.setContentNegotationStrategy(org.springframework.web.accept.ContentNegotiationStrategy)
21:23:49.167 [main] DEBUG o.s.b.f.s.DefaultListableBeanFactory - Creating shared instance of singleton bean 'mvcContentNegotiationManager'
21:23:49.168 [main] DEBUG o.s.b.f.s.DefaultListableBeanFactory - Creating instance of bean 'mvcContentNegotiationManager'
21:23:49.171 [main] DEBUG o.s.b.f.s.DefaultListableBeanFactory - Returning cached instance of singleton bean 'org.springframework.web.servlet.config.annotation.DelegatingWebMvcConfiguration'
21:23:49.222 [main] DEBUG o.s.b.f.s.DefaultListableBeanFactory - Eagerly caching bean 'mvcContentNegotiationManager' to allow for resolving potential circular references
21:23:49.237 [main] DEBUG o.s.b.f.s.DefaultListableBeanFactory - Returning cached instance of singleton bean 'metaDataSourceAdvisor'
21:23:49.247 [main] DEBUG o.s.b.f.s.DefaultListableBeanFactory - Finished creating instance of bean 'mvcContentNegotiationManager'
21:23:49.247 [main] DEBUG o.s.b.f.a.AutowiredAnnotationBeanPostProcessor - Autowiring by type from bean name 'securityConfig' to bean named 'mvcContentNegotiationManager'
21:23:49.249 [main] DEBUG o.s.b.f.annotation.InjectionMetadata - Processing injected element of bean 'securityConfig': AutowiredMethodElement for public void org.springframework.security.config.annotation.web.configuration.WebSecurityConfigurerAdapter.setAuthenticationConfiguration(org.springframework.security.config.annotation.authentication.configuration.AuthenticationConfiguration)
21:23:49.255 [main] DEBUG o.s.b.f.s.DefaultListableBeanFactory - Creating shared instance of singleton bean 'org.springframework.security.config.annotation.authentication.configuration.AuthenticationConfiguration'
21:23:49.255 [main] DEBUG o.s.b.f.s.DefaultListableBeanFactory - Creating instance of bean 'org.springframework.security.config.annotation.authentication.configuration.AuthenticationConfiguration'
21:23:49.278 [main] DEBUG o.s.b.f.annotation.InjectionMetadata - Registered injected element on class [org.springframework.security.config.annotation.authentication.configuration.AuthenticationConfiguration$$EnhancerBySpringCGLIB$$68f455d0]: AutowiredMethodElement for public void org.springframework.security.config.annotation.authentication.configuration.AuthenticationConfiguration.setApplicationContext(org.springframework.context.ApplicationContext)
21:23:49.278 [main] DEBUG o.s.b.f.annotation.InjectionMetadata - Registered injected element on class [org.springframework.security.config.annotation.authentication.configuration.AuthenticationConfiguration$$EnhancerBySpringCGLIB$$68f455d0]: AutowiredMethodElement for public void org.springframework.security.config.annotation.authentication.configuration.AuthenticationConfiguration.setGlobalAuthenticationConfigurers(java.util.List) throws java.lang.Exception
21:23:49.278 [main] DEBUG o.s.b.f.annotation.InjectionMetadata - Registered injected element on class [org.springframework.security.config.annotation.authentication.configuration.AuthenticationConfiguration$$EnhancerBySpringCGLIB$$68f455d0]: AutowiredMethodElement for public void org.springframework.security.config.annotation.authentication.configuration.AuthenticationConfiguration.setObjectPostProcessor(org.springframework.security.config.annotation.ObjectPostProcessor)
21:23:49.279 [main] DEBUG o.s.b.f.s.DefaultListableBeanFactory - Eagerly caching bean 'org.springframework.security.config.annotation.authentication.configuration.AuthenticationConfiguration' to allow for resolving potential circular references
21:23:49.283 [main] DEBUG o.s.b.f.annotation.InjectionMetadata - Processing injected element of bean 'org.springframework.security.config.annotation.authentication.configuration.AuthenticationConfiguration': AutowiredMethodElement for public void org.springframework.security.config.annotation.authentication.configuration.AuthenticationConfiguration.setApplicationContext(org.springframework.context.ApplicationContext)
21:23:49.286 [main] DEBUG o.s.b.f.a.AutowiredAnnotationBeanPostProcessor - Autowiring by type from bean name 'org.springframework.security.config.annotation.authentication.configuration.AuthenticationConfiguration' to bean named 'org.springframework.web.context.support.GenericWebApplicationContext@a098d76'
21:23:49.288 [main] DEBUG o.s.b.f.annotation.InjectionMetadata - Processing injected element of bean 'org.springframework.security.config.annotation.authentication.configuration.AuthenticationConfiguration': AutowiredMethodElement for public void org.springframework.security.config.annotation.authentication.configuration.AuthenticationConfiguration.setGlobalAuthenticationConfigurers(java.util.List) throws java.lang.Exception
21:23:49.290 [main] DEBUG o.s.b.f.s.DefaultListableBeanFactory - Creating shared instance of singleton bean 'enableGlobalAuthenticationAutowiredConfigurer'
21:23:49.292 [main] DEBUG o.s.b.f.s.DefaultListableBeanFactory - Creating instance of bean 'enableGlobalAuthenticationAutowiredConfigurer'
21:23:49.298 [main] DEBUG o.s.b.f.s.DefaultListableBeanFactory - Autowiring by type from bean name 'enableGlobalAuthenticationAutowiredConfigurer' via factory method to bean named 'org.springframework.web.context.support.GenericWebApplicationContext@a098d76'
21:23:49.302 [main] DEBUG o.s.b.f.s.DefaultListableBeanFactory - Eagerly caching bean 'enableGlobalAuthenticationAutowiredConfigurer' to allow for resolving potential circular references
21:23:49.320 [main] DEBUG o.s.b.f.s.DefaultListableBeanFactory - Returning cached instance of singleton bean 'metaDataSourceAdvisor'
21:23:49.335 [main] DEBUG o.s.b.f.s.DefaultListableBeanFactory - Finished creating instance of bean 'enableGlobalAuthenticationAutowiredConfigurer'
21:23:49.337 [main] DEBUG o.s.b.f.s.DefaultListableBeanFactory - Creating shared instance of singleton bean 'initializeUserDetailsBeanManagerConfigurer'
21:23:49.338 [main] DEBUG o.s.b.f.s.DefaultListableBeanFactory - Creating instance of bean 'initializeUserDetailsBeanManagerConfigurer'
21:23:49.340 [main] DEBUG o.s.b.f.s.DefaultListableBeanFactory - Autowiring by type from bean name 'initializeUserDetailsBeanManagerConfigurer' via factory method to bean named 'org.springframework.web.context.support.GenericWebApplicationContext@a098d76'
21:23:49.343 [main] DEBUG o.s.b.f.s.DefaultListableBeanFactory - Eagerly caching bean 'initializeUserDetailsBeanManagerConfigurer' to allow for resolving potential circular references
21:23:49.352 [main] DEBUG o.s.b.f.s.DefaultListableBeanFactory - Returning cached instance of singleton bean 'metaDataSourceAdvisor'
21:23:49.367 [main] DEBUG o.s.b.f.s.DefaultListableBeanFactory - Finished creating instance of bean 'initializeUserDetailsBeanManagerConfigurer'
21:23:49.368 [main] DEBUG o.s.b.f.s.DefaultListableBeanFactory - Creating shared instance of singleton bean 'initializeAuthenticationProviderBeanManagerConfigurer'
21:23:49.370 [main] DEBUG o.s.b.f.s.DefaultListableBeanFactory - Creating instance of bean 'initializeAuthenticationProviderBeanManagerConfigurer'
21:23:49.376 [main] DEBUG o.s.b.f.s.DefaultListableBeanFactory - Autowiring by type from bean name 'initializeAuthenticationProviderBeanManagerConfigurer' via factory method to bean named 'org.springframework.web.context.support.GenericWebApplicationContext@a098d76'
21:23:49.383 [main] DEBUG o.s.b.f.s.DefaultListableBeanFactory - Eagerly caching bean 'initializeAuthenticationProviderBeanManagerConfigurer' to allow for resolving potential circular references
21:23:49.391 [main] DEBUG o.s.b.f.s.DefaultListableBeanFactory - Returning cached instance of singleton bean 'metaDataSourceAdvisor'
21:23:49.408 [main] DEBUG o.s.b.f.s.DefaultListableBeanFactory - Finished creating instance of bean 'initializeAuthenticationProviderBeanManagerConfigurer'
21:23:49.413 [main] DEBUG o.s.b.f.a.AutowiredAnnotationBeanPostProcessor - Autowiring by type from bean name 'org.springframework.security.config.annotation.authentication.configuration.AuthenticationConfiguration' to bean named 'enableGlobalAuthenticationAutowiredConfigurer'
21:23:49.413 [main] DEBUG o.s.b.f.a.AutowiredAnnotationBeanPostProcessor - Autowiring by type from bean name 'org.springframework.security.config.annotation.authentication.configuration.AuthenticationConfiguration' to bean named 'initializeUserDetailsBeanManagerConfigurer'
21:23:49.413 [main] DEBUG o.s.b.f.a.AutowiredAnnotationBeanPostProcessor - Autowiring by type from bean name 'org.springframework.security.config.annotation.authentication.configuration.AuthenticationConfiguration' to bean named 'initializeAuthenticationProviderBeanManagerConfigurer'
21:23:49.414 [main] DEBUG o.s.b.f.annotation.InjectionMetadata - Processing injected element of bean 'org.springframework.security.config.annotation.authentication.configuration.AuthenticationConfiguration': AutowiredMethodElement for public void org.springframework.security.config.annotation.authentication.configuration.AuthenticationConfiguration.setObjectPostProcessor(org.springframework.security.config.annotation.ObjectPostProcessor)
21:23:49.419 [main] DEBUG o.s.b.f.s.DefaultListableBeanFactory - Returning cached instance of singleton bean 'objectPostProcessor'
21:23:49.419 [main] DEBUG o.s.b.f.a.AutowiredAnnotationBeanPostProcessor - Autowiring by type from bean name 'org.springframework.security.config.annotation.authentication.configuration.AuthenticationConfiguration' to bean named 'objectPostProcessor'
21:23:49.420 [main] DEBUG o.s.b.f.s.DefaultListableBeanFactory - Returning cached instance of singleton bean 'metaDataSourceAdvisor'
21:23:49.424 [main] DEBUG o.s.b.f.s.DefaultListableBeanFactory - Finished creating instance of bean 'org.springframework.security.config.annotation.authentication.configuration.AuthenticationConfiguration'
21:23:49.424 [main] DEBUG o.s.b.f.a.AutowiredAnnotationBeanPostProcessor - Autowiring by type from bean name 'securityConfig' to bean named 'org.springframework.security.config.annotation.authentication.configuration.AuthenticationConfiguration'
21:23:49.426 [main] DEBUG o.s.b.f.annotation.InjectionMetadata - Processing injected element of bean 'securityConfig': AutowiredMethodElement for public void org.springframework.security.config.annotation.web.configuration.WebSecurityConfigurerAdapter.setTrustResolver(org.springframework.security.authentication.AuthenticationTrustResolver)
21:23:49.432 [main] DEBUG o.s.b.f.annotation.InjectionMetadata - Processing injected element of bean 'securityConfig': AutowiredMethodElement for public void org.springframework.security.config.annotation.web.configuration.WebSecurityConfigurerAdapter.setObjectPostProcessor(org.springframework.security.config.annotation.ObjectPostProcessor)
21:23:49.434 [main] DEBUG o.s.b.f.s.DefaultListableBeanFactory - Returning cached instance of singleton bean 'objectPostProcessor'
21:23:49.435 [main] DEBUG o.s.b.f.a.AutowiredAnnotationBeanPostProcessor - Autowiring by type from bean name 'securityConfig' to bean named 'objectPostProcessor'
21:23:49.454 [main] DEBUG o.s.b.f.annotation.InjectionMetadata - Processing injected element of bean 'securityConfig': AutowiredFieldElement for javax.sql.DataSource edu.ncsu.csc.itrust2.config.SecurityConfig.dataSource
21:23:49.457 [main] DEBUG o.s.b.f.s.DefaultListableBeanFactory - Creating shared instance of singleton bean 'dataSource'
21:23:49.458 [main] DEBUG o.s.b.f.s.DefaultListableBeanFactory - Creating instance of bean 'dataSource'
21:23:49.459 [main] DEBUG o.s.b.f.s.DefaultListableBeanFactory - Returning cached instance of singleton bean 'dataConfiguration'
21:23:49.547 [main] INFO  o.s.j.d.DriverManagerDataSource - Loaded JDBC driver: com.mysql.jdbc.Driver
21:23:49.548 [main] DEBUG o.s.b.f.s.DefaultListableBeanFactory - Eagerly caching bean 'dataSource' to allow for resolving potential circular references
21:23:49.568 [main] DEBUG o.s.b.f.s.DefaultListableBeanFactory - Returning cached instance of singleton bean 'metaDataSourceAdvisor'
21:23:49.575 [main] DEBUG o.s.b.f.s.DefaultListableBeanFactory - Finished creating instance of bean 'dataSource'
21:23:49.576 [main] DEBUG o.s.b.f.a.AutowiredAnnotationBeanPostProcessor - Autowiring by type from bean name 'securityConfig' to bean named 'dataSource'
21:23:49.577 [main] DEBUG o.s.b.f.annotation.InjectionMetadata - Processing injected element of bean 'securityConfig': AutowiredMethodElement for public void edu.ncsu.csc.itrust2.config.SecurityConfig.configureGlobal(org.springframework.security.config.annotation.authentication.builders.AuthenticationManagerBuilder) throws java.lang.Exception
21:23:49.582 [main] DEBUG o.s.b.f.s.DefaultListableBeanFactory - Creating shared instance of singleton bean 'authenticationManagerBuilder'
21:23:49.583 [main] DEBUG o.s.b.f.s.DefaultListableBeanFactory - Creating instance of bean 'authenticationManagerBuilder'
21:23:49.584 [main] DEBUG o.s.b.f.s.DefaultListableBeanFactory - Returning cached instance of singleton bean 'org.springframework.security.config.annotation.authentication.configuration.AuthenticationConfiguration'
21:23:49.586 [main] DEBUG o.s.b.f.s.DefaultListableBeanFactory - Returning cached instance of singleton bean 'objectPostProcessor'
21:23:49.586 [main] DEBUG o.s.b.f.s.DefaultListableBeanFactory - Autowiring by type from bean name 'authenticationManagerBuilder' via factory method to bean named 'objectPostProcessor'
21:23:49.629 [main] DEBUG o.s.b.f.s.DefaultListableBeanFactory - Eagerly caching bean 'authenticationManagerBuilder' to allow for resolving potential circular references
21:23:49.663 [main] DEBUG o.s.b.f.s.DefaultListableBeanFactory - Returning cached instance of singleton bean 'metaDataSourceAdvisor'
21:23:49.676 [main] DEBUG o.s.b.f.s.DefaultListableBeanFactory - Finished creating instance of bean 'authenticationManagerBuilder'
21:23:49.676 [main] DEBUG o.s.b.f.a.AutowiredAnnotationBeanPostProcessor - Autowiring by type from bean name 'securityConfig' to bean named 'authenticationManagerBuilder'
21:23:49.805 [main] DEBUG o.s.b.f.s.DefaultListableBeanFactory - Creating shared instance of singleton bean 'passwordEncoder'
21:23:49.805 [main] DEBUG o.s.b.f.s.DefaultListableBeanFactory - Creating instance of bean 'passwordEncoder'
21:23:49.807 [main] DEBUG o.s.b.f.s.DefaultListableBeanFactory - Returning cached instance of singleton bean 'metaDataSourceAdvisor'
21:23:49.874 [main] DEBUG o.s.b.f.s.DefaultListableBeanFactory - Returning eagerly cached instance of singleton bean 'securityConfig' that is not fully initialized yet - a consequence of a circular reference
21:23:49.925 [main] DEBUG o.s.b.f.s.DefaultListableBeanFactory - Eagerly caching bean 'passwordEncoder' to allow for resolving potential circular references
21:23:49.943 [main] DEBUG o.s.b.f.s.DefaultListableBeanFactory - Returning cached instance of singleton bean 'metaDataSourceAdvisor'
21:23:49.945 [main] DEBUG o.s.b.f.s.DefaultListableBeanFactory - Finished creating instance of bean 'passwordEncoder'
21:23:50.391 [main] DEBUG o.s.b.f.s.DefaultListableBeanFactory - Creating shared instance of singleton bean 'defaultAuthenticationEventPublisher'
21:23:50.392 [main] DEBUG o.s.b.f.s.DefaultListableBeanFactory - Creating instance of bean 'defaultAuthenticationEventPublisher'
21:23:50.395 [main] DEBUG o.s.b.f.s.DefaultListableBeanFactory - Returning eagerly cached instance of singleton bean 'securityConfig' that is not fully initialized yet - a consequence of a circular reference
21:23:50.418 [main] DEBUG o.s.b.f.s.DefaultListableBeanFactory - Eagerly caching bean 'defaultAuthenticationEventPublisher' to allow for resolving potential circular references
21:23:50.441 [main] DEBUG o.s.b.f.s.DefaultListableBeanFactory - Returning cached instance of singleton bean 'metaDataSourceAdvisor'
21:23:50.444 [main] DEBUG o.s.b.f.s.DefaultListableBeanFactory - Finished creating instance of bean 'defaultAuthenticationEventPublisher'
21:23:50.446 [main] DEBUG o.s.b.f.s.DefaultListableBeanFactory - Finished creating instance of bean 'securityConfig'
21:23:50.448 [main] DEBUG o.s.b.f.s.DefaultListableBeanFactory - Creating shared instance of singleton bean 'defaultController'
21:23:50.448 [main] DEBUG o.s.b.f.s.DefaultListableBeanFactory - Creating instance of bean 'defaultController'
21:23:50.479 [main] DEBUG o.s.b.f.s.DefaultListableBeanFactory - Eagerly caching bean 'defaultController' to allow for resolving potential circular references
21:23:50.481 [main] DEBUG o.s.b.f.s.DefaultListableBeanFactory - Returning cached instance of singleton bean 'metaDataSourceAdvisor'
21:23:50.483 [main] DEBUG o.s.b.f.s.DefaultListableBeanFactory - Finished creating instance of bean 'defaultController'
21:23:50.484 [main] DEBUG o.s.b.f.s.DefaultListableBeanFactory - Creating shared instance of singleton bean 'adminController'
21:23:50.490 [main] DEBUG o.s.b.f.s.DefaultListableBeanFactory - Creating instance of bean 'adminController'
21:23:50.492 [main] DEBUG o.s.b.f.s.DefaultListableBeanFactory - Eagerly caching bean 'adminController' to allow for resolving potential circular references
21:23:50.496 [main] DEBUG o.s.b.f.s.DefaultListableBeanFactory - Returning cached instance of singleton bean 'metaDataSourceAdvisor'
21:23:50.500 [main] DEBUG o.s.s.a.p.PrePostAnnotationSecurityMetadataSource - @org.springframework.security.access.prepost.PreAuthorize(value=hasRole('ROLE_ADMIN')) found on specific method: public java.lang.String edu.ncsu.csc.itrust2.controllers.admin.AdminController.index(org.springframework.ui.Model)
21:23:50.665 [main] DEBUG o.s.s.a.m.DelegatingMethodSecurityMetadataSource - Caching method [CacheKey[edu.ncsu.csc.itrust2.controllers.admin.AdminController; public java.lang.String edu.ncsu.csc.itrust2.controllers.admin.AdminController.index(org.springframework.ui.Model)]] with attributes [[authorize: 'hasRole('ROLE_ADMIN')', filter: 'null', filterTarget: 'null']]
21:23:50.687 [main] DEBUG o.s.a.f.a.InfrastructureAdvisorAutoProxyCreator - Creating implicit proxy for bean 'adminController' with 0 common interceptors and 1 specific interceptors
21:23:50.696 [main] DEBUG o.s.aop.framework.CglibAopProxy - Creating CGLIB proxy: target source is SingletonTargetSource for target object [edu.ncsu.csc.itrust2.controllers.admin.AdminController@4b90a402]
21:23:50.732 [main] DEBUG o.s.b.f.s.DefaultListableBeanFactory - Creating shared instance of singleton bean 'methodSecurityInterceptor'
21:23:50.733 [main] DEBUG o.s.b.f.s.DefaultListableBeanFactory - Creating instance of bean 'methodSecurityInterceptor'
21:23:50.735 [main] DEBUG o.s.b.f.s.DefaultListableBeanFactory - Returning cached instance of singleton bean 'org.springframework.security.config.annotation.method.configuration.GlobalMethodSecurityConfiguration'
21:23:50.784 [main] DEBUG o.s.b.f.s.DefaultListableBeanFactory - Returning cached instance of singleton bean 'methodSecurityMetadataSource'
21:23:50.789 [main] DEBUG o.s.b.f.s.DefaultListableBeanFactory - Eagerly caching bean 'methodSecurityInterceptor' to allow for resolving potential circular references
21:23:50.814 [main] DEBUG o.s.b.f.s.DefaultListableBeanFactory - Invoking afterPropertiesSet() on bean with name 'methodSecurityInterceptor'
21:23:50.816 [main] DEBUG o.s.s.a.i.a.MethodSecurityInterceptor - Validated configuration attributes
21:23:50.817 [main] DEBUG o.s.b.f.s.DefaultListableBeanFactory - Finished creating instance of bean 'methodSecurityInterceptor'
21:23:50.831 [main] DEBUG o.s.aop.framework.CglibAopProxy - Unable to apply any optimisations to advised method: public java.lang.String edu.ncsu.csc.itrust2.controllers.admin.AdminController.index(org.springframework.ui.Model)
21:23:50.832 [main] DEBUG o.s.aop.framework.CglibAopProxy - Found 'equals' method: public boolean java.lang.Object.equals(java.lang.Object)
21:23:50.832 [main] DEBUG o.s.aop.framework.CglibAopProxy - Unable to apply any optimisations to advised method: public java.lang.String java.lang.Object.toString()
21:23:50.833 [main] DEBUG o.s.aop.framework.CglibAopProxy - Found 'hashCode' method: public native int java.lang.Object.hashCode()
21:23:50.835 [main] DEBUG o.s.aop.framework.CglibAopProxy - Unable to apply any optimisations to advised method: protected native java.lang.Object java.lang.Object.clone() throws java.lang.CloneNotSupportedException
21:23:50.837 [main] DEBUG o.s.aop.framework.CglibAopProxy - Method is declared on Advised interface: public abstract boolean org.springframework.aop.framework.Advised.isProxyTargetClass()
21:23:50.837 [main] DEBUG o.s.aop.framework.CglibAopProxy - Method is declared on Advised interface: public abstract void org.springframework.aop.framework.Advised.setPreFiltered(boolean)
21:23:50.838 [main] DEBUG o.s.aop.framework.CglibAopProxy - Method is declared on Advised interface: public abstract boolean org.springframework.aop.framework.Advised.isExposeProxy()
21:23:50.838 [main] DEBUG o.s.aop.framework.CglibAopProxy - Method is declared on Advised interface: public abstract void org.springframework.aop.framework.Advised.setExposeProxy(boolean)
21:23:50.838 [main] DEBUG o.s.aop.framework.CglibAopProxy - Method is declared on Advised interface: public abstract void org.springframework.aop.framework.Advised.addAdvice(int,org.aopalliance.aop.Advice) throws org.springframework.aop.framework.AopConfigException
21:23:50.839 [main] DEBUG o.s.aop.framework.CglibAopProxy - Method is declared on Advised interface: public abstract void org.springframework.aop.framework.Advised.addAdvice(org.aopalliance.aop.Advice) throws org.springframework.aop.framework.AopConfigException
21:23:50.839 [main] DEBUG o.s.aop.framework.CglibAopProxy - Method is declared on Advised interface: public abstract boolean org.springframework.aop.framework.Advised.isPreFiltered()
21:23:50.840 [main] DEBUG o.s.aop.framework.CglibAopProxy - Method is declared on Advised interface: public abstract java.lang.Class[] org.springframework.aop.framework.Advised.getProxiedInterfaces()
21:23:50.840 [main] DEBUG o.s.aop.framework.CglibAopProxy - Method is declared on Advised interface: public abstract boolean org.springframework.aop.framework.Advised.isInterfaceProxied(java.lang.Class)
21:23:50.840 [main] DEBUG o.s.aop.framework.CglibAopProxy - Method is declared on Advised interface: public abstract org.springframework.aop.Advisor[] org.springframework.aop.framework.Advised.getAdvisors()
21:23:50.840 [main] DEBUG o.s.aop.framework.CglibAopProxy - Method is declared on Advised interface: public abstract void org.springframework.aop.framework.Advised.removeAdvisor(int) throws org.springframework.aop.framework.AopConfigException
21:23:50.841 [main] DEBUG o.s.aop.framework.CglibAopProxy - Method is declared on Advised interface: public abstract boolean org.springframework.aop.framework.Advised.removeAdvisor(org.springframework.aop.Advisor)
21:23:50.841 [main] DEBUG o.s.aop.framework.CglibAopProxy - Method is declared on Advised interface: public abstract boolean org.springframework.aop.framework.Advised.replaceAdvisor(org.springframework.aop.Advisor,org.springframework.aop.Advisor) throws org.springframework.aop.framework.AopConfigException
21:23:50.842 [main] DEBUG o.s.aop.framework.CglibAopProxy - Method is declared on Advised interface: public abstract boolean org.springframework.aop.framework.Advised.removeAdvice(org.aopalliance.aop.Advice)
21:23:50.842 [main] DEBUG o.s.aop.framework.CglibAopProxy - Method is declared on Advised interface: public abstract java.lang.String org.springframework.aop.framework.Advised.toProxyConfigString()
21:23:50.842 [main] DEBUG o.s.aop.framework.CglibAopProxy - Method is declared on Advised interface: public abstract org.springframework.aop.TargetSource org.springframework.aop.framework.Advised.getTargetSource()
21:23:50.842 [main] DEBUG o.s.aop.framework.CglibAopProxy - Method is declared on Advised interface: public abstract void org.springframework.aop.framework.Advised.addAdvisor(org.springframework.aop.Advisor) throws org.springframework.aop.framework.AopConfigException
21:23:50.842 [main] DEBUG o.s.aop.framework.CglibAopProxy - Method is declared on Advised interface: public abstract void org.springframework.aop.framework.Advised.addAdvisor(int,org.springframework.aop.Advisor) throws org.springframework.aop.framework.AopConfigException
21:23:50.843 [main] DEBUG o.s.aop.framework.CglibAopProxy - Method is declared on Advised interface: public abstract void org.springframework.aop.framework.Advised.setTargetSource(org.springframework.aop.TargetSource)
21:23:50.844 [main] DEBUG o.s.aop.framework.CglibAopProxy - Method is declared on Advised interface: public abstract int org.springframework.aop.framework.Advised.indexOf(org.aopalliance.aop.Advice)
21:23:50.844 [main] DEBUG o.s.aop.framework.CglibAopProxy - Method is declared on Advised interface: public abstract int org.springframework.aop.framework.Advised.indexOf(org.springframework.aop.Advisor)
21:23:50.844 [main] DEBUG o.s.aop.framework.CglibAopProxy - Method is declared on Advised interface: public abstract boolean org.springframework.aop.framework.Advised.isFrozen()
21:23:50.844 [main] DEBUG o.s.aop.framework.CglibAopProxy - Method is declared on Advised interface: public abstract java.lang.Class org.springframework.aop.TargetClassAware.getTargetClass()
21:23:50.919 [main] DEBUG o.s.b.f.s.DefaultListableBeanFactory - Finished creating instance of bean 'adminController'
21:23:50.921 [main] DEBUG o.s.b.f.s.DefaultListableBeanFactory - Creating shared instance of singleton bean 'adminUserController'
21:23:50.922 [main] DEBUG o.s.b.f.s.DefaultListableBeanFactory - Creating instance of bean 'adminUserController'
21:23:50.941 [main] DEBUG o.s.b.f.s.DefaultListableBeanFactory - Eagerly caching bean 'adminUserController' to allow for resolving potential circular references
21:23:50.948 [main] DEBUG o.s.b.f.s.DefaultListableBeanFactory - Returning cached instance of singleton bean 'metaDataSourceAdvisor'
21:23:50.952 [main] DEBUG o.s.s.a.p.PrePostAnnotationSecurityMetadataSource - @org.springframework.security.access.prepost.PreAuthorize(value=hasRole('ROLE_ADMIN')) found on specific method: public java.lang.String edu.ncsu.csc.itrust2.controllers.admin.AdminUserController.deleteUser(org.springframework.ui.Model)
21:23:50.956 [main] DEBUG o.s.s.a.m.DelegatingMethodSecurityMetadataSource - Caching method [CacheKey[edu.ncsu.csc.itrust2.controllers.admin.AdminUserController; public java.lang.String edu.ncsu.csc.itrust2.controllers.admin.AdminUserController.deleteUser(org.springframework.ui.Model)]] with attributes [[authorize: 'hasRole('ROLE_ADMIN')', filter: 'null', filterTarget: 'null']]
21:23:50.957 [main] DEBUG o.s.a.f.a.InfrastructureAdvisorAutoProxyCreator - Creating implicit proxy for bean 'adminUserController' with 0 common interceptors and 1 specific interceptors
21:23:50.957 [main] DEBUG o.s.aop.framework.CglibAopProxy - Creating CGLIB proxy: target source is SingletonTargetSource for target object [edu.ncsu.csc.itrust2.controllers.admin.AdminUserController@6942ff10]
21:23:50.960 [main] DEBUG o.s.aop.framework.CglibAopProxy - Unable to apply any optimisations to advised method: public java.lang.String edu.ncsu.csc.itrust2.controllers.admin.AdminUserController.deleteUser(org.springframework.ui.Model)
21:23:50.961 [main] DEBUG o.s.s.a.p.PrePostAnnotationSecurityMetadataSource - @org.springframework.security.access.prepost.PreAuthorize(value=hasRole('ROLE_ADMIN')) found on specific method: public java.lang.String edu.ncsu.csc.itrust2.controllers.admin.AdminUserController.deleteUserSubmit(edu.ncsu.csc.itrust2.forms.admin.DeleteUserForm,org.springframework.validation.BindingResult,org.springframework.ui.Model)
21:23:50.962 [main] DEBUG o.s.s.a.m.DelegatingMethodSecurityMetadataSource - Caching method [CacheKey[edu.ncsu.csc.itrust2.controllers.admin.AdminUserController; public java.lang.String edu.ncsu.csc.itrust2.controllers.admin.AdminUserController.deleteUserSubmit(edu.ncsu.csc.itrust2.forms.admin.DeleteUserForm,org.springframework.validation.BindingResult,org.springframework.ui.Model)]] with attributes [[authorize: 'hasRole('ROLE_ADMIN')', filter: 'null', filterTarget: 'null']]
21:23:50.962 [main] DEBUG o.s.aop.framework.CglibAopProxy - Unable to apply any optimisations to advised method: public java.lang.String edu.ncsu.csc.itrust2.controllers.admin.AdminUserController.deleteUserSubmit(edu.ncsu.csc.itrust2.forms.admin.DeleteUserForm,org.springframework.validation.BindingResult,org.springframework.ui.Model)
21:23:50.963 [main] DEBUG o.s.s.a.p.PrePostAnnotationSecurityMetadataSource - @org.springframework.security.access.prepost.PreAuthorize(value=hasRole('ROLE_ADMIN')) found on specific method: public java.lang.String edu.ncsu.csc.itrust2.controllers.admin.AdminUserController.drugs(org.springframework.ui.Model)
21:23:50.972 [main] DEBUG o.s.s.a.m.DelegatingMethodSecurityMetadataSource - Caching method [CacheKey[edu.ncsu.csc.itrust2.controllers.admin.AdminUserController; public java.lang.String edu.ncsu.csc.itrust2.controllers.admin.AdminUserController.drugs(org.springframework.ui.Model)]] with attributes [[authorize: 'hasRole('ROLE_ADMIN')', filter: 'null', filterTarget: 'null']]
21:23:50.974 [main] DEBUG o.s.aop.framework.CglibAopProxy - Unable to apply any optimisations to advised method: public java.lang.String edu.ncsu.csc.itrust2.controllers.admin.AdminUserController.drugs(org.springframework.ui.Model)
21:23:50.975 [main] DEBUG o.s.s.a.p.PrePostAnnotationSecurityMetadataSource - @org.springframework.security.access.prepost.PreAuthorize(value=hasRole('ROLE_ADMIN')) found on specific method: public java.lang.String edu.ncsu.csc.itrust2.controllers.admin.AdminUserController.addUser(org.springframework.ui.Model)
21:23:50.977 [main] DEBUG o.s.s.a.m.DelegatingMethodSecurityMetadataSource - Caching method [CacheKey[edu.ncsu.csc.itrust2.controllers.admin.AdminUserController; public java.lang.String edu.ncsu.csc.itrust2.controllers.admin.AdminUserController.addUser(org.springframework.ui.Model)]] with attributes [[authorize: 'hasRole('ROLE_ADMIN')', filter: 'null', filterTarget: 'null']]
21:23:50.977 [main] DEBUG o.s.aop.framework.CglibAopProxy - Unable to apply any optimisations to advised method: public java.lang.String edu.ncsu.csc.itrust2.controllers.admin.AdminUserController.addUser(org.springframework.ui.Model)
21:23:50.978 [main] DEBUG o.s.s.a.p.PrePostAnnotationSecurityMetadataSource - @org.springframework.security.access.prepost.PreAuthorize(value=hasRole('ROLE_ADMIN')) found on specific method: public java.lang.String edu.ncsu.csc.itrust2.controllers.admin.AdminUserController.addUserSubmit(edu.ncsu.csc.itrust2.forms.admin.UserForm,org.springframework.validation.BindingResult,org.springframework.ui.Model)
21:23:50.978 [main] DEBUG o.s.s.a.m.DelegatingMethodSecurityMetadataSource - Caching method [CacheKey[edu.ncsu.csc.itrust2.controllers.admin.AdminUserController; public java.lang.String edu.ncsu.csc.itrust2.controllers.admin.AdminUserController.addUserSubmit(edu.ncsu.csc.itrust2.forms.admin.UserForm,org.springframework.validation.BindingResult,org.springframework.ui.Model)]] with attributes [[authorize: 'hasRole('ROLE_ADMIN')', filter: 'null', filterTarget: 'null']]
21:23:50.979 [main] DEBUG o.s.aop.framework.CglibAopProxy - Unable to apply any optimisations to advised method: public java.lang.String edu.ncsu.csc.itrust2.controllers.admin.AdminUserController.addUserSubmit(edu.ncsu.csc.itrust2.forms.admin.UserForm,org.springframework.validation.BindingResult,org.springframework.ui.Model)
21:23:50.979 [main] DEBUG o.s.aop.framework.CglibAopProxy - Found 'equals' method: public boolean java.lang.Object.equals(java.lang.Object)
21:23:50.980 [main] DEBUG o.s.aop.framework.CglibAopProxy - Unable to apply any optimisations to advised method: public java.lang.String java.lang.Object.toString()
21:23:50.980 [main] DEBUG o.s.aop.framework.CglibAopProxy - Found 'hashCode' method: public native int java.lang.Object.hashCode()
21:23:50.980 [main] DEBUG o.s.aop.framework.CglibAopProxy - Unable to apply any optimisations to advised method: protected native java.lang.Object java.lang.Object.clone() throws java.lang.CloneNotSupportedException
21:23:50.980 [main] DEBUG o.s.aop.framework.CglibAopProxy - Method is declared on Advised interface: public abstract boolean org.springframework.aop.framework.Advised.isProxyTargetClass()
21:23:50.982 [main] DEBUG o.s.aop.framework.CglibAopProxy - Method is declared on Advised interface: public abstract void org.springframework.aop.framework.Advised.setPreFiltered(boolean)
21:23:50.982 [main] DEBUG o.s.aop.framework.CglibAopProxy - Method is declared on Advised interface: public abstract boolean org.springframework.aop.framework.Advised.isExposeProxy()
21:23:50.989 [main] DEBUG o.s.aop.framework.CglibAopProxy - Method is declared on Advised interface: public abstract void org.springframework.aop.framework.Advised.setExposeProxy(boolean)
21:23:50.989 [main] DEBUG o.s.aop.framework.CglibAopProxy - Method is declared on Advised interface: public abstract void org.springframework.aop.framework.Advised.addAdvice(int,org.aopalliance.aop.Advice) throws org.springframework.aop.framework.AopConfigException
21:23:50.993 [main] DEBUG o.s.aop.framework.CglibAopProxy - Method is declared on Advised interface: public abstract void org.springframework.aop.framework.Advised.addAdvice(org.aopalliance.aop.Advice) throws org.springframework.aop.framework.AopConfigException
21:23:50.994 [main] DEBUG o.s.aop.framework.CglibAopProxy - Method is declared on Advised interface: public abstract boolean org.springframework.aop.framework.Advised.isPreFiltered()
21:23:50.994 [main] DEBUG o.s.aop.framework.CglibAopProxy - Method is declared on Advised interface: public abstract java.lang.Class[] org.springframework.aop.framework.Advised.getProxiedInterfaces()
21:23:50.995 [main] DEBUG o.s.aop.framework.CglibAopProxy - Method is declared on Advised interface: public abstract boolean org.springframework.aop.framework.Advised.isInterfaceProxied(java.lang.Class)
21:23:50.995 [main] DEBUG o.s.aop.framework.CglibAopProxy - Method is declared on Advised interface: public abstract org.springframework.aop.Advisor[] org.springframework.aop.framework.Advised.getAdvisors()
21:23:50.996 [main] DEBUG o.s.aop.framework.CglibAopProxy - Method is declared on Advised interface: public abstract void org.springframework.aop.framework.Advised.removeAdvisor(int) throws org.springframework.aop.framework.AopConfigException
21:23:50.996 [main] DEBUG o.s.aop.framework.CglibAopProxy - Method is declared on Advised interface: public abstract boolean org.springframework.aop.framework.Advised.removeAdvisor(org.springframework.aop.Advisor)
21:23:50.996 [main] DEBUG o.s.aop.framework.CglibAopProxy - Method is declared on Advised interface: public abstract boolean org.springframework.aop.framework.Advised.replaceAdvisor(org.springframework.aop.Advisor,org.springframework.aop.Advisor) throws org.springframework.aop.framework.AopConfigException
21:23:50.996 [main] DEBUG o.s.aop.framework.CglibAopProxy - Method is declared on Advised interface: public abstract boolean org.springframework.aop.framework.Advised.removeAdvice(org.aopalliance.aop.Advice)
21:23:50.997 [main] DEBUG o.s.aop.framework.CglibAopProxy - Method is declared on Advised interface: public abstract java.lang.String org.springframework.aop.framework.Advised.toProxyConfigString()
21:23:50.997 [main] DEBUG o.s.aop.framework.CglibAopProxy - Method is declared on Advised interface: public abstract org.springframework.aop.TargetSource org.springframework.aop.framework.Advised.getTargetSource()
21:23:50.997 [main] DEBUG o.s.aop.framework.CglibAopProxy - Method is declared on Advised interface: public abstract void org.springframework.aop.framework.Advised.addAdvisor(org.springframework.aop.Advisor) throws org.springframework.aop.framework.AopConfigException
21:23:50.998 [main] DEBUG o.s.aop.framework.CglibAopProxy - Method is declared on Advised interface: public abstract void org.springframework.aop.framework.Advised.addAdvisor(int,org.springframework.aop.Advisor) throws org.springframework.aop.framework.AopConfigException
21:23:50.998 [main] DEBUG o.s.aop.framework.CglibAopProxy - Method is declared on Advised interface: public abstract void org.springframework.aop.framework.Advised.setTargetSource(org.springframework.aop.TargetSource)
21:23:50.998 [main] DEBUG o.s.aop.framework.CglibAopProxy - Method is declared on Advised interface: public abstract int org.springframework.aop.framework.Advised.indexOf(org.aopalliance.aop.Advice)
21:23:50.999 [main] DEBUG o.s.aop.framework.CglibAopProxy - Method is declared on Advised interface: public abstract int org.springframework.aop.framework.Advised.indexOf(org.springframework.aop.Advisor)
21:23:50.999 [main] DEBUG o.s.aop.framework.CglibAopProxy - Method is declared on Advised interface: public abstract boolean org.springframework.aop.framework.Advised.isFrozen()
21:23:50.999 [main] DEBUG o.s.aop.framework.CglibAopProxy - Method is declared on Advised interface: public abstract java.lang.Class org.springframework.aop.TargetClassAware.getTargetClass()
21:23:51.042 [main] DEBUG o.s.b.f.s.DefaultListableBeanFactory - Finished creating instance of bean 'adminUserController'
21:23:51.042 [main] DEBUG o.s.b.f.s.DefaultListableBeanFactory - Creating shared instance of singleton bean 'hospitalController'
21:23:51.044 [main] DEBUG o.s.b.f.s.DefaultListableBeanFactory - Creating instance of bean 'hospitalController'
21:23:51.056 [main] DEBUG o.s.b.f.s.DefaultListableBeanFactory - Eagerly caching bean 'hospitalController' to allow for resolving potential circular references
21:23:51.064 [main] DEBUG o.s.b.f.s.DefaultListableBeanFactory - Returning cached instance of singleton bean 'metaDataSourceAdvisor'
21:23:51.068 [main] DEBUG o.s.s.a.p.PrePostAnnotationSecurityMetadataSource - @org.springframework.security.access.prepost.PreAuthorize(value=hasRole('ROLE_ADMIN')) found on specific method: public java.lang.String edu.ncsu.csc.itrust2.controllers.admin.HospitalController.addHospital(org.springframework.ui.Model)
21:23:51.070 [main] DEBUG o.s.s.a.m.DelegatingMethodSecurityMetadataSource - Caching method [CacheKey[edu.ncsu.csc.itrust2.controllers.admin.HospitalController; public java.lang.String edu.ncsu.csc.itrust2.controllers.admin.HospitalController.addHospital(org.springframework.ui.Model)]] with attributes [[authorize: 'hasRole('ROLE_ADMIN')', filter: 'null', filterTarget: 'null']]
21:23:51.071 [main] DEBUG o.s.a.f.a.InfrastructureAdvisorAutoProxyCreator - Creating implicit proxy for bean 'hospitalController' with 0 common interceptors and 1 specific interceptors
21:23:51.072 [main] DEBUG o.s.aop.framework.CglibAopProxy - Creating CGLIB proxy: target source is SingletonTargetSource for target object [edu.ncsu.csc.itrust2.controllers.admin.HospitalController@3f8961fc]
21:23:51.076 [main] DEBUG o.s.aop.framework.CglibAopProxy - Unable to apply any optimisations to advised method: public java.lang.String edu.ncsu.csc.itrust2.controllers.admin.HospitalController.addHospital(org.springframework.ui.Model)
21:23:51.076 [main] DEBUG o.s.s.a.p.PrePostAnnotationSecurityMetadataSource - @org.springframework.security.access.prepost.PreAuthorize(value=hasRole('ROLE_ADMIN')) found on specific method: public java.lang.String edu.ncsu.csc.itrust2.controllers.admin.HospitalController.addHospitalSubmit(edu.ncsu.csc.itrust2.forms.admin.HospitalForm,org.springframework.validation.BindingResult,org.springframework.ui.Model)
21:23:51.079 [main] DEBUG o.s.s.a.m.DelegatingMethodSecurityMetadataSource - Caching method [CacheKey[edu.ncsu.csc.itrust2.controllers.admin.HospitalController; public java.lang.String edu.ncsu.csc.itrust2.controllers.admin.HospitalController.addHospitalSubmit(edu.ncsu.csc.itrust2.forms.admin.HospitalForm,org.springframework.validation.BindingResult,org.springframework.ui.Model)]] with attributes [[authorize: 'hasRole('ROLE_ADMIN')', filter: 'null', filterTarget: 'null']]
21:23:51.079 [main] DEBUG o.s.aop.framework.CglibAopProxy - Unable to apply any optimisations to advised method: public java.lang.String edu.ncsu.csc.itrust2.controllers.admin.HospitalController.addHospitalSubmit(edu.ncsu.csc.itrust2.forms.admin.HospitalForm,org.springframework.validation.BindingResult,org.springframework.ui.Model)
21:23:51.080 [main] DEBUG o.s.s.a.p.PrePostAnnotationSecurityMetadataSource - @org.springframework.security.access.prepost.PreAuthorize(value=hasRole('ROLE_ADMIN')) found on specific method: public java.lang.String edu.ncsu.csc.itrust2.controllers.admin.HospitalController.deleteHospital(org.springframework.ui.Model)
21:23:51.082 [main] DEBUG o.s.s.a.m.DelegatingMethodSecurityMetadataSource - Caching method [CacheKey[edu.ncsu.csc.itrust2.controllers.admin.HospitalController; public java.lang.String edu.ncsu.csc.itrust2.controllers.admin.HospitalController.deleteHospital(org.springframework.ui.Model)]] with attributes [[authorize: 'hasRole('ROLE_ADMIN')', filter: 'null', filterTarget: 'null']]
21:23:51.083 [main] DEBUG o.s.aop.framework.CglibAopProxy - Unable to apply any optimisations to advised method: public java.lang.String edu.ncsu.csc.itrust2.controllers.admin.HospitalController.deleteHospital(org.springframework.ui.Model)
21:23:51.084 [main] DEBUG o.s.s.a.p.PrePostAnnotationSecurityMetadataSource - @org.springframework.security.access.prepost.PreAuthorize(value=hasRole('ROLE_ADMIN')) found on specific method: public java.lang.String edu.ncsu.csc.itrust2.controllers.admin.HospitalController.deleteHospitalSubmit(edu.ncsu.csc.itrust2.forms.admin.DeleteHospitalForm,org.springframework.validation.BindingResult,org.springframework.ui.Model)
21:23:51.085 [main] DEBUG o.s.s.a.m.DelegatingMethodSecurityMetadataSource - Caching method [CacheKey[edu.ncsu.csc.itrust2.controllers.admin.HospitalController; public java.lang.String edu.ncsu.csc.itrust2.controllers.admin.HospitalController.deleteHospitalSubmit(edu.ncsu.csc.itrust2.forms.admin.DeleteHospitalForm,org.springframework.validation.BindingResult,org.springframework.ui.Model)]] with attributes [[authorize: 'hasRole('ROLE_ADMIN')', filter: 'null', filterTarget: 'null']]
21:23:51.085 [main] DEBUG o.s.aop.framework.CglibAopProxy - Unable to apply any optimisations to advised method: public java.lang.String edu.ncsu.csc.itrust2.controllers.admin.HospitalController.deleteHospitalSubmit(edu.ncsu.csc.itrust2.forms.admin.DeleteHospitalForm,org.springframework.validation.BindingResult,org.springframework.ui.Model)
21:23:51.085 [main] DEBUG o.s.aop.framework.CglibAopProxy - Found 'equals' method: public boolean java.lang.Object.equals(java.lang.Object)
21:23:51.087 [main] DEBUG o.s.aop.framework.CglibAopProxy - Unable to apply any optimisations to advised method: public java.lang.String java.lang.Object.toString()
21:23:51.087 [main] DEBUG o.s.aop.framework.CglibAopProxy - Found 'hashCode' method: public native int java.lang.Object.hashCode()
21:23:51.087 [main] DEBUG o.s.aop.framework.CglibAopProxy - Unable to apply any optimisations to advised method: protected native java.lang.Object java.lang.Object.clone() throws java.lang.CloneNotSupportedException
21:23:51.087 [main] DEBUG o.s.aop.framework.CglibAopProxy - Method is declared on Advised interface: public abstract boolean org.springframework.aop.framework.Advised.isProxyTargetClass()
21:23:51.088 [main] DEBUG o.s.aop.framework.CglibAopProxy - Method is declared on Advised interface: public abstract void org.springframework.aop.framework.Advised.setPreFiltered(boolean)
21:23:51.089 [main] DEBUG o.s.aop.framework.CglibAopProxy - Method is declared on Advised interface: public abstract boolean org.springframework.aop.framework.Advised.isExposeProxy()
21:23:51.089 [main] DEBUG o.s.aop.framework.CglibAopProxy - Method is declared on Advised interface: public abstract void org.springframework.aop.framework.Advised.setExposeProxy(boolean)
21:23:51.089 [main] DEBUG o.s.aop.framework.CglibAopProxy - Method is declared on Advised interface: public abstract void org.springframework.aop.framework.Advised.addAdvice(int,org.aopalliance.aop.Advice) throws org.springframework.aop.framework.AopConfigException
21:23:51.089 [main] DEBUG o.s.aop.framework.CglibAopProxy - Method is declared on Advised interface: public abstract void org.springframework.aop.framework.Advised.addAdvice(org.aopalliance.aop.Advice) throws org.springframework.aop.framework.AopConfigException
21:23:51.090 [main] DEBUG o.s.aop.framework.CglibAopProxy - Method is declared on Advised interface: public abstract boolean org.springframework.aop.framework.Advised.isPreFiltered()
21:23:51.091 [main] DEBUG o.s.aop.framework.CglibAopProxy - Method is declared on Advised interface: public abstract java.lang.Class[] org.springframework.aop.framework.Advised.getProxiedInterfaces()
21:23:51.091 [main] DEBUG o.s.aop.framework.CglibAopProxy - Method is declared on Advised interface: public abstract boolean org.springframework.aop.framework.Advised.isInterfaceProxied(java.lang.Class)
21:23:51.091 [main] DEBUG o.s.aop.framework.CglibAopProxy - Method is declared on Advised interface: public abstract org.springframework.aop.Advisor[] org.springframework.aop.framework.Advised.getAdvisors()
21:23:51.091 [main] DEBUG o.s.aop.framework.CglibAopProxy - Method is declared on Advised interface: public abstract void org.springframework.aop.framework.Advised.removeAdvisor(int) throws org.springframework.aop.framework.AopConfigException
21:23:51.092 [main] DEBUG o.s.aop.framework.CglibAopProxy - Method is declared on Advised interface: public abstract boolean org.springframework.aop.framework.Advised.removeAdvisor(org.springframework.aop.Advisor)
21:23:51.092 [main] DEBUG o.s.aop.framework.CglibAopProxy - Method is declared on Advised interface: public abstract boolean org.springframework.aop.framework.Advised.replaceAdvisor(org.springframework.aop.Advisor,org.springframework.aop.Advisor) throws org.springframework.aop.framework.AopConfigException
21:23:51.103 [main] DEBUG o.s.aop.framework.CglibAopProxy - Method is declared on Advised interface: public abstract boolean org.springframework.aop.framework.Advised.removeAdvice(org.aopalliance.aop.Advice)
21:23:51.105 [main] DEBUG o.s.aop.framework.CglibAopProxy - Method is declared on Advised interface: public abstract java.lang.String org.springframework.aop.framework.Advised.toProxyConfigString()
21:23:51.105 [main] DEBUG o.s.aop.framework.CglibAopProxy - Method is declared on Advised interface: public abstract org.springframework.aop.TargetSource org.springframework.aop.framework.Advised.getTargetSource()
21:23:51.105 [main] DEBUG o.s.aop.framework.CglibAopProxy - Method is declared on Advised interface: public abstract void org.springframework.aop.framework.Advised.addAdvisor(org.springframework.aop.Advisor) throws org.springframework.aop.framework.AopConfigException
21:23:51.105 [main] DEBUG o.s.aop.framework.CglibAopProxy - Method is declared on Advised interface: public abstract void org.springframework.aop.framework.Advised.addAdvisor(int,org.springframework.aop.Advisor) throws org.springframework.aop.framework.AopConfigException
21:23:51.105 [main] DEBUG o.s.aop.framework.CglibAopProxy - Method is declared on Advised interface: public abstract void org.springframework.aop.framework.Advised.setTargetSource(org.springframework.aop.TargetSource)
21:23:51.106 [main] DEBUG o.s.aop.framework.CglibAopProxy - Method is declared on Advised interface: public abstract int org.springframework.aop.framework.Advised.indexOf(org.aopalliance.aop.Advice)
21:23:51.106 [main] DEBUG o.s.aop.framework.CglibAopProxy - Method is declared on Advised interface: public abstract int org.springframework.aop.framework.Advised.indexOf(org.springframework.aop.Advisor)
21:23:51.106 [main] DEBUG o.s.aop.framework.CglibAopProxy - Method is declared on Advised interface: public abstract boolean org.springframework.aop.framework.Advised.isFrozen()
21:23:51.106 [main] DEBUG o.s.aop.framework.CglibAopProxy - Method is declared on Advised interface: public abstract java.lang.Class org.springframework.aop.TargetClassAware.getTargetClass()
21:23:51.136 [main] DEBUG o.s.b.f.s.DefaultListableBeanFactory - Finished creating instance of bean 'hospitalController'
21:23:51.139 [main] DEBUG o.s.b.f.s.DefaultListableBeanFactory - Creating shared instance of singleton bean 'ICDCodesController'
21:23:51.140 [main] DEBUG o.s.b.f.s.DefaultListableBeanFactory - Creating instance of bean 'ICDCodesController'
21:23:51.143 [main] DEBUG o.s.b.f.s.DefaultListableBeanFactory - Eagerly caching bean 'ICDCodesController' to allow for resolving potential circular references
21:23:51.146 [main] DEBUG o.s.b.f.s.DefaultListableBeanFactory - Returning cached instance of singleton bean 'metaDataSourceAdvisor'
21:23:51.148 [main] DEBUG o.s.s.a.p.PrePostAnnotationSecurityMetadataSource - @org.springframework.security.access.prepost.PreAuthorize(value=hasRole('ROLE_ADMIN')) found on specific method: public java.lang.String edu.ncsu.csc.itrust2.controllers.admin.ICDCodesController.addCode(org.springframework.ui.Model)
21:23:51.149 [main] DEBUG o.s.s.a.m.DelegatingMethodSecurityMetadataSource - Caching method [CacheKey[edu.ncsu.csc.itrust2.controllers.admin.ICDCodesController; public java.lang.String edu.ncsu.csc.itrust2.controllers.admin.ICDCodesController.addCode(org.springframework.ui.Model)]] with attributes [[authorize: 'hasRole('ROLE_ADMIN')', filter: 'null', filterTarget: 'null']]
21:23:51.150 [main] DEBUG o.s.a.f.a.InfrastructureAdvisorAutoProxyCreator - Creating implicit proxy for bean 'ICDCodesController' with 0 common interceptors and 1 specific interceptors
21:23:51.151 [main] DEBUG o.s.aop.framework.CglibAopProxy - Creating CGLIB proxy: target source is SingletonTargetSource for target object [edu.ncsu.csc.itrust2.controllers.admin.ICDCodesController@7a1587e8]
21:23:51.159 [main] DEBUG o.s.aop.framework.CglibAopProxy - Unable to apply any optimisations to advised method: public java.lang.String edu.ncsu.csc.itrust2.controllers.admin.ICDCodesController.addCode(org.springframework.ui.Model)
21:23:51.159 [main] DEBUG o.s.aop.framework.CglibAopProxy - Found 'equals' method: public boolean java.lang.Object.equals(java.lang.Object)
21:23:51.159 [main] DEBUG o.s.aop.framework.CglibAopProxy - Unable to apply any optimisations to advised method: public java.lang.String java.lang.Object.toString()
21:23:51.159 [main] DEBUG o.s.aop.framework.CglibAopProxy - Found 'hashCode' method: public native int java.lang.Object.hashCode()
21:23:51.160 [main] DEBUG o.s.aop.framework.CglibAopProxy - Unable to apply any optimisations to advised method: protected native java.lang.Object java.lang.Object.clone() throws java.lang.CloneNotSupportedException
21:23:51.160 [main] DEBUG o.s.aop.framework.CglibAopProxy - Method is declared on Advised interface: public abstract boolean org.springframework.aop.framework.Advised.isProxyTargetClass()
21:23:51.161 [main] DEBUG o.s.aop.framework.CglibAopProxy - Method is declared on Advised interface: public abstract void org.springframework.aop.framework.Advised.setPreFiltered(boolean)
21:23:51.161 [main] DEBUG o.s.aop.framework.CglibAopProxy - Method is declared on Advised interface: public abstract boolean org.springframework.aop.framework.Advised.isExposeProxy()
21:23:51.161 [main] DEBUG o.s.aop.framework.CglibAopProxy - Method is declared on Advised interface: public abstract void org.springframework.aop.framework.Advised.setExposeProxy(boolean)
21:23:51.161 [main] DEBUG o.s.aop.framework.CglibAopProxy - Method is declared on Advised interface: public abstract void org.springframework.aop.framework.Advised.addAdvice(int,org.aopalliance.aop.Advice) throws org.springframework.aop.framework.AopConfigException
21:23:51.161 [main] DEBUG o.s.aop.framework.CglibAopProxy - Method is declared on Advised interface: public abstract void org.springframework.aop.framework.Advised.addAdvice(org.aopalliance.aop.Advice) throws org.springframework.aop.framework.AopConfigException
21:23:51.162 [main] DEBUG o.s.aop.framework.CglibAopProxy - Method is declared on Advised interface: public abstract boolean org.springframework.aop.framework.Advised.isPreFiltered()
21:23:51.162 [main] DEBUG o.s.aop.framework.CglibAopProxy - Method is declared on Advised interface: public abstract java.lang.Class[] org.springframework.aop.framework.Advised.getProxiedInterfaces()
21:23:51.163 [main] DEBUG o.s.aop.framework.CglibAopProxy - Method is declared on Advised interface: public abstract boolean org.springframework.aop.framework.Advised.isInterfaceProxied(java.lang.Class)
21:23:51.163 [main] DEBUG o.s.aop.framework.CglibAopProxy - Method is declared on Advised interface: public abstract org.springframework.aop.Advisor[] org.springframework.aop.framework.Advised.getAdvisors()
21:23:51.163 [main] DEBUG o.s.aop.framework.CglibAopProxy - Method is declared on Advised interface: public abstract void org.springframework.aop.framework.Advised.removeAdvisor(int) throws org.springframework.aop.framework.AopConfigException
21:23:51.163 [main] DEBUG o.s.aop.framework.CglibAopProxy - Method is declared on Advised interface: public abstract boolean org.springframework.aop.framework.Advised.removeAdvisor(org.springframework.aop.Advisor)
21:23:51.163 [main] DEBUG o.s.aop.framework.CglibAopProxy - Method is declared on Advised interface: public abstract boolean org.springframework.aop.framework.Advised.replaceAdvisor(org.springframework.aop.Advisor,org.springframework.aop.Advisor) throws org.springframework.aop.framework.AopConfigException
21:23:51.163 [main] DEBUG o.s.aop.framework.CglibAopProxy - Method is declared on Advised interface: public abstract boolean org.springframework.aop.framework.Advised.removeAdvice(org.aopalliance.aop.Advice)
21:23:51.163 [main] DEBUG o.s.aop.framework.CglibAopProxy - Method is declared on Advised interface: public abstract java.lang.String org.springframework.aop.framework.Advised.toProxyConfigString()
21:23:51.164 [main] DEBUG o.s.aop.framework.CglibAopProxy - Method is declared on Advised interface: public abstract org.springframework.aop.TargetSource org.springframework.aop.framework.Advised.getTargetSource()
21:23:51.164 [main] DEBUG o.s.aop.framework.CglibAopProxy - Method is declared on Advised interface: public abstract void org.springframework.aop.framework.Advised.addAdvisor(org.springframework.aop.Advisor) throws org.springframework.aop.framework.AopConfigException
21:23:51.165 [main] DEBUG o.s.aop.framework.CglibAopProxy - Method is declared on Advised interface: public abstract void org.springframework.aop.framework.Advised.addAdvisor(int,org.springframework.aop.Advisor) throws org.springframework.aop.framework.AopConfigException
21:23:51.165 [main] DEBUG o.s.aop.framework.CglibAopProxy - Method is declared on Advised interface: public abstract void org.springframework.aop.framework.Advised.setTargetSource(org.springframework.aop.TargetSource)
21:23:51.165 [main] DEBUG o.s.aop.framework.CglibAopProxy - Method is declared on Advised interface: public abstract int org.springframework.aop.framework.Advised.indexOf(org.aopalliance.aop.Advice)
21:23:51.165 [main] DEBUG o.s.aop.framework.CglibAopProxy - Method is declared on Advised interface: public abstract int org.springframework.aop.framework.Advised.indexOf(org.springframework.aop.Advisor)
21:23:51.165 [main] DEBUG o.s.aop.framework.CglibAopProxy - Method is declared on Advised interface: public abstract boolean org.springframework.aop.framework.Advised.isFrozen()
21:23:51.166 [main] DEBUG o.s.aop.framework.CglibAopProxy - Method is declared on Advised interface: public abstract java.lang.Class org.springframework.aop.TargetClassAware.getTargetClass()
21:23:51.183 [main] DEBUG o.s.b.f.s.DefaultListableBeanFactory - Finished creating instance of bean 'ICDCodesController'
21:23:51.185 [main] DEBUG o.s.b.f.s.DefaultListableBeanFactory - Creating shared instance of singleton bean 'APIAppointmentRequestController'
21:23:51.186 [main] DEBUG o.s.b.f.s.DefaultListableBeanFactory - Creating instance of bean 'APIAppointmentRequestController'
21:23:51.662 [main] DEBUG o.s.b.f.s.DefaultListableBeanFactory - Eagerly caching bean 'APIAppointmentRequestController' to allow for resolving potential circular references
21:23:51.671 [main] DEBUG o.s.b.f.s.DefaultListableBeanFactory - Returning cached instance of singleton bean 'metaDataSourceAdvisor'
21:23:51.675 [main] DEBUG o.s.b.f.s.DefaultListableBeanFactory - Finished creating instance of bean 'APIAppointmentRequestController'
21:23:51.676 [main] DEBUG o.s.b.f.s.DefaultListableBeanFactory - Creating shared instance of singleton bean 'APIDiagnosisController'
21:23:51.676 [main] DEBUG o.s.b.f.s.DefaultListableBeanFactory - Creating instance of bean 'APIDiagnosisController'
21:23:51.677 [main] DEBUG o.s.b.f.s.DefaultListableBeanFactory - Eagerly caching bean 'APIDiagnosisController' to allow for resolving potential circular references
21:23:51.685 [main] DEBUG o.s.b.f.s.DefaultListableBeanFactory - Returning cached instance of singleton bean 'metaDataSourceAdvisor'
21:23:51.688 [main] DEBUG o.s.b.f.s.DefaultListableBeanFactory - Finished creating instance of bean 'APIDiagnosisController'
21:23:51.690 [main] DEBUG o.s.b.f.s.DefaultListableBeanFactory - Creating shared instance of singleton bean 'APIDrugController'
21:23:51.690 [main] DEBUG o.s.b.f.s.DefaultListableBeanFactory - Creating instance of bean 'APIDrugController'
21:23:51.694 [main] DEBUG o.s.b.f.s.DefaultListableBeanFactory - Eagerly caching bean 'APIDrugController' to allow for resolving potential circular references
21:23:51.699 [main] DEBUG o.s.b.f.s.DefaultListableBeanFactory - Returning cached instance of singleton bean 'metaDataSourceAdvisor'
21:23:51.700 [main] DEBUG o.s.s.a.p.PrePostAnnotationSecurityMetadataSource - @org.springframework.security.access.prepost.PreAuthorize(value=hasRole('ROLE_ADMIN')) found on specific method: public org.springframework.http.ResponseEntity edu.ncsu.csc.itrust2.controllers.api.APIDrugController.deleteDrug(java.lang.String)
21:23:51.701 [main] DEBUG o.s.s.a.m.DelegatingMethodSecurityMetadataSource - Caching method [CacheKey[edu.ncsu.csc.itrust2.controllers.api.APIDrugController; public org.springframework.http.ResponseEntity edu.ncsu.csc.itrust2.controllers.api.APIDrugController.deleteDrug(java.lang.String)]] with attributes [[authorize: 'hasRole('ROLE_ADMIN')', filter: 'null', filterTarget: 'null']]
21:23:51.701 [main] DEBUG o.s.a.f.a.InfrastructureAdvisorAutoProxyCreator - Creating implicit proxy for bean 'APIDrugController' with 0 common interceptors and 1 specific interceptors
21:23:51.701 [main] DEBUG o.s.aop.framework.CglibAopProxy - Creating CGLIB proxy: target source is SingletonTargetSource for target object [edu.ncsu.csc.itrust2.controllers.api.APIDrugController@107ac2b6]
21:23:51.704 [main] DEBUG o.s.aop.framework.CglibAopProxy - Unable to apply any optimisations to advised method: public java.util.List edu.ncsu.csc.itrust2.controllers.api.APIDrugController.getDrugs()
21:23:51.704 [main] DEBUG o.s.aop.framework.CglibAopProxy - Unable to apply any optimisations to advised method: public org.springframework.http.ResponseEntity edu.ncsu.csc.itrust2.controllers.api.APIDrugController.deleteDrug(java.lang.String)
21:23:51.704 [main] DEBUG o.s.s.a.p.PrePostAnnotationSecurityMetadataSource - @org.springframework.security.access.prepost.PreAuthorize(value=hasRole('ROLE_ADMIN')) found on specific method: public org.springframework.http.ResponseEntity edu.ncsu.csc.itrust2.controllers.api.APIDrugController.addDrug(edu.ncsu.csc.itrust2.forms.admin.DrugForm)
21:23:51.705 [main] DEBUG o.s.s.a.m.DelegatingMethodSecurityMetadataSource - Caching method [CacheKey[edu.ncsu.csc.itrust2.controllers.api.APIDrugController; public org.springframework.http.ResponseEntity edu.ncsu.csc.itrust2.controllers.api.APIDrugController.addDrug(edu.ncsu.csc.itrust2.forms.admin.DrugForm)]] with attributes [[authorize: 'hasRole('ROLE_ADMIN')', filter: 'null', filterTarget: 'null']]
21:23:51.705 [main] DEBUG o.s.aop.framework.CglibAopProxy - Unable to apply any optimisations to advised method: public org.springframework.http.ResponseEntity edu.ncsu.csc.itrust2.controllers.api.APIDrugController.addDrug(edu.ncsu.csc.itrust2.forms.admin.DrugForm)
21:23:51.705 [main] DEBUG o.s.s.a.p.PrePostAnnotationSecurityMetadataSource - @org.springframework.security.access.prepost.PreAuthorize(value=hasRole('ROLE_ADMIN')) found on specific method: public org.springframework.http.ResponseEntity edu.ncsu.csc.itrust2.controllers.api.APIDrugController.editDrug(edu.ncsu.csc.itrust2.forms.admin.DrugForm)
21:23:51.706 [main] DEBUG o.s.s.a.m.DelegatingMethodSecurityMetadataSource - Caching method [CacheKey[edu.ncsu.csc.itrust2.controllers.api.APIDrugController; public org.springframework.http.ResponseEntity edu.ncsu.csc.itrust2.controllers.api.APIDrugController.editDrug(edu.ncsu.csc.itrust2.forms.admin.DrugForm)]] with attributes [[authorize: 'hasRole('ROLE_ADMIN')', filter: 'null', filterTarget: 'null']]
21:23:51.706 [main] DEBUG o.s.aop.framework.CglibAopProxy - Unable to apply any optimisations to advised method: public org.springframework.http.ResponseEntity edu.ncsu.csc.itrust2.controllers.api.APIDrugController.editDrug(edu.ncsu.csc.itrust2.forms.admin.DrugForm)
21:23:51.708 [main] DEBUG o.s.aop.framework.CglibAopProxy - Found 'equals' method: public boolean java.lang.Object.equals(java.lang.Object)
21:23:51.708 [main] DEBUG o.s.aop.framework.CglibAopProxy - Unable to apply any optimisations to advised method: public java.lang.String java.lang.Object.toString()
21:23:51.708 [main] DEBUG o.s.aop.framework.CglibAopProxy - Found 'hashCode' method: public native int java.lang.Object.hashCode()
21:23:51.709 [main] DEBUG o.s.aop.framework.CglibAopProxy - Unable to apply any optimisations to advised method: protected native java.lang.Object java.lang.Object.clone() throws java.lang.CloneNotSupportedException
21:23:51.709 [main] DEBUG o.s.aop.framework.CglibAopProxy - Method is declared on Advised interface: public abstract boolean org.springframework.aop.framework.Advised.isProxyTargetClass()
21:23:51.709 [main] DEBUG o.s.aop.framework.CglibAopProxy - Method is declared on Advised interface: public abstract void org.springframework.aop.framework.Advised.setPreFiltered(boolean)
21:23:51.709 [main] DEBUG o.s.aop.framework.CglibAopProxy - Method is declared on Advised interface: public abstract boolean org.springframework.aop.framework.Advised.isExposeProxy()
21:23:51.709 [main] DEBUG o.s.aop.framework.CglibAopProxy - Method is declared on Advised interface: public abstract void org.springframework.aop.framework.Advised.setExposeProxy(boolean)
21:23:51.709 [main] DEBUG o.s.aop.framework.CglibAopProxy - Method is declared on Advised interface: public abstract void org.springframework.aop.framework.Advised.addAdvice(int,org.aopalliance.aop.Advice) throws org.springframework.aop.framework.AopConfigException
21:23:51.709 [main] DEBUG o.s.aop.framework.CglibAopProxy - Method is declared on Advised interface: public abstract void org.springframework.aop.framework.Advised.addAdvice(org.aopalliance.aop.Advice) throws org.springframework.aop.framework.AopConfigException
21:23:51.709 [main] DEBUG o.s.aop.framework.CglibAopProxy - Method is declared on Advised interface: public abstract boolean org.springframework.aop.framework.Advised.isPreFiltered()
21:23:51.709 [main] DEBUG o.s.aop.framework.CglibAopProxy - Method is declared on Advised interface: public abstract java.lang.Class[] org.springframework.aop.framework.Advised.getProxiedInterfaces()
21:23:51.709 [main] DEBUG o.s.aop.framework.CglibAopProxy - Method is declared on Advised interface: public abstract boolean org.springframework.aop.framework.Advised.isInterfaceProxied(java.lang.Class)
21:23:51.710 [main] DEBUG o.s.aop.framework.CglibAopProxy - Method is declared on Advised interface: public abstract org.springframework.aop.Advisor[] org.springframework.aop.framework.Advised.getAdvisors()
21:23:51.712 [main] DEBUG o.s.aop.framework.CglibAopProxy - Method is declared on Advised interface: public abstract void org.springframework.aop.framework.Advised.removeAdvisor(int) throws org.springframework.aop.framework.AopConfigException
21:23:51.712 [main] DEBUG o.s.aop.framework.CglibAopProxy - Method is declared on Advised interface: public abstract boolean org.springframework.aop.framework.Advised.removeAdvisor(org.springframework.aop.Advisor)
21:23:51.712 [main] DEBUG o.s.aop.framework.CglibAopProxy - Method is declared on Advised interface: public abstract boolean org.springframework.aop.framework.Advised.replaceAdvisor(org.springframework.aop.Advisor,org.springframework.aop.Advisor) throws org.springframework.aop.framework.AopConfigException
21:23:51.712 [main] DEBUG o.s.aop.framework.CglibAopProxy - Method is declared on Advised interface: public abstract boolean org.springframework.aop.framework.Advised.removeAdvice(org.aopalliance.aop.Advice)
21:23:51.712 [main] DEBUG o.s.aop.framework.CglibAopProxy - Method is declared on Advised interface: public abstract java.lang.String org.springframework.aop.framework.Advised.toProxyConfigString()
21:23:51.713 [main] DEBUG o.s.aop.framework.CglibAopProxy - Method is declared on Advised interface: public abstract org.springframework.aop.TargetSource org.springframework.aop.framework.Advised.getTargetSource()
21:23:51.713 [main] DEBUG o.s.aop.framework.CglibAopProxy - Method is declared on Advised interface: public abstract void org.springframework.aop.framework.Advised.addAdvisor(org.springframework.aop.Advisor) throws org.springframework.aop.framework.AopConfigException
21:23:51.713 [main] DEBUG o.s.aop.framework.CglibAopProxy - Method is declared on Advised interface: public abstract void org.springframework.aop.framework.Advised.addAdvisor(int,org.springframework.aop.Advisor) throws org.springframework.aop.framework.AopConfigException
21:23:51.713 [main] DEBUG o.s.aop.framework.CglibAopProxy - Method is declared on Advised interface: public abstract void org.springframework.aop.framework.Advised.setTargetSource(org.springframework.aop.TargetSource)
21:23:51.713 [main] DEBUG o.s.aop.framework.CglibAopProxy - Method is declared on Advised interface: public abstract int org.springframework.aop.framework.Advised.indexOf(org.aopalliance.aop.Advice)
21:23:51.715 [main] DEBUG o.s.aop.framework.CglibAopProxy - Method is declared on Advised interface: public abstract int org.springframework.aop.framework.Advised.indexOf(org.springframework.aop.Advisor)
21:23:51.715 [main] DEBUG o.s.aop.framework.CglibAopProxy - Method is declared on Advised interface: public abstract boolean org.springframework.aop.framework.Advised.isFrozen()
21:23:51.715 [main] DEBUG o.s.aop.framework.CglibAopProxy - Method is declared on Advised interface: public abstract java.lang.Class org.springframework.aop.TargetClassAware.getTargetClass()
21:23:51.733 [main] DEBUG o.s.b.f.s.DefaultListableBeanFactory - Finished creating instance of bean 'APIDrugController'
21:23:51.734 [main] DEBUG o.s.b.f.s.DefaultListableBeanFactory - Creating shared instance of singleton bean 'APIEnumController'
21:23:51.734 [main] DEBUG o.s.b.f.s.DefaultListableBeanFactory - Creating instance of bean 'APIEnumController'
21:23:51.744 [main] DEBUG o.s.b.f.s.DefaultListableBeanFactory - Eagerly caching bean 'APIEnumController' to allow for resolving potential circular references
21:23:51.754 [main] DEBUG o.s.b.f.s.DefaultListableBeanFactory - Returning cached instance of singleton bean 'metaDataSourceAdvisor'
21:23:51.759 [main] DEBUG o.s.b.f.s.DefaultListableBeanFactory - Finished creating instance of bean 'APIEnumController'
21:23:51.759 [main] DEBUG o.s.b.f.s.DefaultListableBeanFactory - Creating shared instance of singleton bean 'APIHospitalController'
21:23:51.759 [main] DEBUG o.s.b.f.s.DefaultListableBeanFactory - Creating instance of bean 'APIHospitalController'
21:23:51.760 [main] DEBUG o.s.b.f.s.DefaultListableBeanFactory - Eagerly caching bean 'APIHospitalController' to allow for resolving potential circular references
21:23:51.764 [main] DEBUG o.s.b.f.s.DefaultListableBeanFactory - Returning cached instance of singleton bean 'metaDataSourceAdvisor'
21:23:51.767 [main] DEBUG o.s.b.f.s.DefaultListableBeanFactory - Finished creating instance of bean 'APIHospitalController'
21:23:51.767 [main] DEBUG o.s.b.f.s.DefaultListableBeanFactory - Creating shared instance of singleton bean 'APIICDCodeController'
21:23:51.768 [main] DEBUG o.s.b.f.s.DefaultListableBeanFactory - Creating instance of bean 'APIICDCodeController'
21:23:51.777 [main] DEBUG o.s.b.f.s.DefaultListableBeanFactory - Eagerly caching bean 'APIICDCodeController' to allow for resolving potential circular references
21:23:51.784 [main] DEBUG o.s.b.f.s.DefaultListableBeanFactory - Returning cached instance of singleton bean 'metaDataSourceAdvisor'
21:23:51.786 [main] DEBUG o.s.s.a.p.PrePostAnnotationSecurityMetadataSource - @org.springframework.security.access.prepost.PreAuthorize(value=hasRole('ROLE_ADMIN')) found on specific method: public org.springframework.http.ResponseEntity edu.ncsu.csc.itrust2.controllers.api.APIICDCodeController.addCode(edu.ncsu.csc.itrust2.forms.admin.ICDCodeForm)
21:23:51.788 [main] DEBUG o.s.s.a.m.DelegatingMethodSecurityMetadataSource - Caching method [CacheKey[edu.ncsu.csc.itrust2.controllers.api.APIICDCodeController; public org.springframework.http.ResponseEntity edu.ncsu.csc.itrust2.controllers.api.APIICDCodeController.addCode(edu.ncsu.csc.itrust2.forms.admin.ICDCodeForm)]] with attributes [[authorize: 'hasRole('ROLE_ADMIN')', filter: 'null', filterTarget: 'null']]
21:23:51.788 [main] DEBUG o.s.a.f.a.InfrastructureAdvisorAutoProxyCreator - Creating implicit proxy for bean 'APIICDCodeController' with 0 common interceptors and 1 specific interceptors
21:23:51.788 [main] DEBUG o.s.aop.framework.CglibAopProxy - Creating CGLIB proxy: target source is SingletonTargetSource for target object [edu.ncsu.csc.itrust2.controllers.api.APIICDCodeController@14404be2]
21:23:51.794 [main] DEBUG o.s.aop.framework.CglibAopProxy - Unable to apply any optimisations to advised method: public org.springframework.http.ResponseEntity edu.ncsu.csc.itrust2.controllers.api.APIICDCodeController.getCode(java.lang.Long)
21:23:51.794 [main] DEBUG o.s.aop.framework.CglibAopProxy - Unable to apply any optimisations to advised method: public org.springframework.http.ResponseEntity edu.ncsu.csc.itrust2.controllers.api.APIICDCodeController.addCode(edu.ncsu.csc.itrust2.forms.admin.ICDCodeForm)
21:23:51.795 [main] DEBUG o.s.aop.framework.CglibAopProxy - Unable to apply any optimisations to advised method: public java.util.List edu.ncsu.csc.itrust2.controllers.api.APIICDCodeController.getCodes()
21:23:51.795 [main] DEBUG o.s.s.a.p.PrePostAnnotationSecurityMetadataSource - @org.springframework.security.access.prepost.PreAuthorize(value=hasRole('ROLE_ADMIN')) found on specific method: public org.springframework.http.ResponseEntity edu.ncsu.csc.itrust2.controllers.api.APIICDCodeController.updateCode(java.lang.Long,edu.ncsu.csc.itrust2.forms.admin.ICDCodeForm)
21:23:51.796 [main] DEBUG o.s.s.a.m.DelegatingMethodSecurityMetadataSource - Caching method [CacheKey[edu.ncsu.csc.itrust2.controllers.api.APIICDCodeController; public org.springframework.http.ResponseEntity edu.ncsu.csc.itrust2.controllers.api.APIICDCodeController.updateCode(java.lang.Long,edu.ncsu.csc.itrust2.forms.admin.ICDCodeForm)]] with attributes [[authorize: 'hasRole('ROLE_ADMIN')', filter: 'null', filterTarget: 'null']]
21:23:51.797 [main] DEBUG o.s.aop.framework.CglibAopProxy - Unable to apply any optimisations to advised method: public org.springframework.http.ResponseEntity edu.ncsu.csc.itrust2.controllers.api.APIICDCodeController.updateCode(java.lang.Long,edu.ncsu.csc.itrust2.forms.admin.ICDCodeForm)
21:23:51.797 [main] DEBUG o.s.s.a.p.PrePostAnnotationSecurityMetadataSource - @org.springframework.security.access.prepost.PreAuthorize(value=hasRole('ROLE_ADMIN')) found on specific method: public org.springframework.http.ResponseEntity edu.ncsu.csc.itrust2.controllers.api.APIICDCodeController.deleteCode(java.lang.Long)
21:23:51.804 [main] DEBUG o.s.s.a.m.DelegatingMethodSecurityMetadataSource - Caching method [CacheKey[edu.ncsu.csc.itrust2.controllers.api.APIICDCodeController; public org.springframework.http.ResponseEntity edu.ncsu.csc.itrust2.controllers.api.APIICDCodeController.deleteCode(java.lang.Long)]] with attributes [[authorize: 'hasRole('ROLE_ADMIN')', filter: 'null', filterTarget: 'null']]
21:23:51.805 [main] DEBUG o.s.aop.framework.CglibAopProxy - Unable to apply any optimisations to advised method: public org.springframework.http.ResponseEntity edu.ncsu.csc.itrust2.controllers.api.APIICDCodeController.deleteCode(java.lang.Long)
21:23:51.808 [main] DEBUG o.s.aop.framework.CglibAopProxy - Found 'equals' method: public boolean java.lang.Object.equals(java.lang.Object)
21:23:51.808 [main] DEBUG o.s.aop.framework.CglibAopProxy - Unable to apply any optimisations to advised method: public java.lang.String java.lang.Object.toString()
21:23:51.808 [main] DEBUG o.s.aop.framework.CglibAopProxy - Found 'hashCode' method: public native int java.lang.Object.hashCode()
21:23:51.809 [main] DEBUG o.s.aop.framework.CglibAopProxy - Unable to apply any optimisations to advised method: protected native java.lang.Object java.lang.Object.clone() throws java.lang.CloneNotSupportedException
21:23:51.809 [main] DEBUG o.s.aop.framework.CglibAopProxy - Method is declared on Advised interface: public abstract boolean org.springframework.aop.framework.Advised.isProxyTargetClass()
21:23:51.809 [main] DEBUG o.s.aop.framework.CglibAopProxy - Method is declared on Advised interface: public abstract void org.springframework.aop.framework.Advised.setPreFiltered(boolean)
21:23:51.810 [main] DEBUG o.s.aop.framework.CglibAopProxy - Method is declared on Advised interface: public abstract boolean org.springframework.aop.framework.Advised.isExposeProxy()
21:23:51.811 [main] DEBUG o.s.aop.framework.CglibAopProxy - Method is declared on Advised interface: public abstract void org.springframework.aop.framework.Advised.setExposeProxy(boolean)
21:23:51.811 [main] DEBUG o.s.aop.framework.CglibAopProxy - Method is declared on Advised interface: public abstract void org.springframework.aop.framework.Advised.addAdvice(int,org.aopalliance.aop.Advice) throws org.springframework.aop.framework.AopConfigException
21:23:51.811 [main] DEBUG o.s.aop.framework.CglibAopProxy - Method is declared on Advised interface: public abstract void org.springframework.aop.framework.Advised.addAdvice(org.aopalliance.aop.Advice) throws org.springframework.aop.framework.AopConfigException
21:23:51.811 [main] DEBUG o.s.aop.framework.CglibAopProxy - Method is declared on Advised interface: public abstract boolean org.springframework.aop.framework.Advised.isPreFiltered()
21:23:51.811 [main] DEBUG o.s.aop.framework.CglibAopProxy - Method is declared on Advised interface: public abstract java.lang.Class[] org.springframework.aop.framework.Advised.getProxiedInterfaces()
21:23:51.811 [main] DEBUG o.s.aop.framework.CglibAopProxy - Method is declared on Advised interface: public abstract boolean org.springframework.aop.framework.Advised.isInterfaceProxied(java.lang.Class)
21:23:51.811 [main] DEBUG o.s.aop.framework.CglibAopProxy - Method is declared on Advised interface: public abstract org.springframework.aop.Advisor[] org.springframework.aop.framework.Advised.getAdvisors()
21:23:51.812 [main] DEBUG o.s.aop.framework.CglibAopProxy - Method is declared on Advised interface: public abstract void org.springframework.aop.framework.Advised.removeAdvisor(int) throws org.springframework.aop.framework.AopConfigException
21:23:51.812 [main] DEBUG o.s.aop.framework.CglibAopProxy - Method is declared on Advised interface: public abstract boolean org.springframework.aop.framework.Advised.removeAdvisor(org.springframework.aop.Advisor)
21:23:51.812 [main] DEBUG o.s.aop.framework.CglibAopProxy - Method is declared on Advised interface: public abstract boolean org.springframework.aop.framework.Advised.replaceAdvisor(org.springframework.aop.Advisor,org.springframework.aop.Advisor) throws org.springframework.aop.framework.AopConfigException
21:23:51.812 [main] DEBUG o.s.aop.framework.CglibAopProxy - Method is declared on Advised interface: public abstract boolean org.springframework.aop.framework.Advised.removeAdvice(org.aopalliance.aop.Advice)
21:23:51.812 [main] DEBUG o.s.aop.framework.CglibAopProxy - Method is declared on Advised interface: public abstract java.lang.String org.springframework.aop.framework.Advised.toProxyConfigString()
21:23:51.812 [main] DEBUG o.s.aop.framework.CglibAopProxy - Method is declared on Advised interface: public abstract org.springframework.aop.TargetSource org.springframework.aop.framework.Advised.getTargetSource()
21:23:51.812 [main] DEBUG o.s.aop.framework.CglibAopProxy - Method is declared on Advised interface: public abstract void org.springframework.aop.framework.Advised.addAdvisor(org.springframework.aop.Advisor) throws org.springframework.aop.framework.AopConfigException
21:23:51.812 [main] DEBUG o.s.aop.framework.CglibAopProxy - Method is declared on Advised interface: public abstract void org.springframework.aop.framework.Advised.addAdvisor(int,org.springframework.aop.Advisor) throws org.springframework.aop.framework.AopConfigException
21:23:51.812 [main] DEBUG o.s.aop.framework.CglibAopProxy - Method is declared on Advised interface: public abstract void org.springframework.aop.framework.Advised.setTargetSource(org.springframework.aop.TargetSource)
21:23:51.813 [main] DEBUG o.s.aop.framework.CglibAopProxy - Method is declared on Advised interface: public abstract int org.springframework.aop.framework.Advised.indexOf(org.aopalliance.aop.Advice)
21:23:51.813 [main] DEBUG o.s.aop.framework.CglibAopProxy - Method is declared on Advised interface: public abstract int org.springframework.aop.framework.Advised.indexOf(org.springframework.aop.Advisor)
21:23:51.813 [main] DEBUG o.s.aop.framework.CglibAopProxy - Method is declared on Advised interface: public abstract boolean org.springframework.aop.framework.Advised.isFrozen()
21:23:51.813 [main] DEBUG o.s.aop.framework.CglibAopProxy - Method is declared on Advised interface: public abstract java.lang.Class org.springframework.aop.TargetClassAware.getTargetClass()
21:23:51.833 [main] DEBUG o.s.b.f.s.DefaultListableBeanFactory - Finished creating instance of bean 'APIICDCodeController'
21:23:51.836 [main] DEBUG o.s.b.f.s.DefaultListableBeanFactory - Creating shared instance of singleton bean 'APILogEntryController'
21:23:51.836 [main] DEBUG o.s.b.f.s.DefaultListableBeanFactory - Creating instance of bean 'APILogEntryController'
21:23:51.839 [main] DEBUG o.s.b.f.s.DefaultListableBeanFactory - Eagerly caching bean 'APILogEntryController' to allow for resolving potential circular references
21:23:51.841 [main] DEBUG o.s.b.f.s.DefaultListableBeanFactory - Returning cached instance of singleton bean 'metaDataSourceAdvisor'
21:23:51.843 [main] DEBUG o.s.b.f.s.DefaultListableBeanFactory - Finished creating instance of bean 'APILogEntryController'
21:23:51.844 [main] DEBUG o.s.b.f.s.DefaultListableBeanFactory - Creating shared instance of singleton bean 'APIOfficeVisitController'
21:23:51.844 [main] DEBUG o.s.b.f.s.DefaultListableBeanFactory - Creating instance of bean 'APIOfficeVisitController'
21:23:51.849 [main] DEBUG o.s.b.f.s.DefaultListableBeanFactory - Eagerly caching bean 'APIOfficeVisitController' to allow for resolving potential circular references
21:23:51.853 [main] DEBUG o.s.b.f.s.DefaultListableBeanFactory - Returning cached instance of singleton bean 'metaDataSourceAdvisor'
21:23:51.854 [main] DEBUG o.s.s.a.p.PrePostAnnotationSecurityMetadataSource - @org.springframework.security.access.prepost.PreAuthorize(value=hasRole('ROLE_PATIENT')) found on specific method: public java.util.List edu.ncsu.csc.itrust2.controllers.api.APIOfficeVisitController.getMyOfficeVisits()
21:23:51.855 [main] DEBUG o.s.s.a.m.DelegatingMethodSecurityMetadataSource - Caching method [CacheKey[edu.ncsu.csc.itrust2.controllers.api.APIOfficeVisitController; public java.util.List edu.ncsu.csc.itrust2.controllers.api.APIOfficeVisitController.getMyOfficeVisits()]] with attributes [[authorize: 'hasRole('ROLE_PATIENT')', filter: 'null', filterTarget: 'null']]
21:23:51.856 [main] DEBUG o.s.a.f.a.InfrastructureAdvisorAutoProxyCreator - Creating implicit proxy for bean 'APIOfficeVisitController' with 0 common interceptors and 1 specific interceptors
21:23:51.856 [main] DEBUG o.s.aop.framework.CglibAopProxy - Creating CGLIB proxy: target source is SingletonTargetSource for target object [edu.ncsu.csc.itrust2.controllers.api.APIOfficeVisitController@94047a4]
21:23:51.857 [main] DEBUG o.s.aop.framework.CglibAopProxy - Unable to apply any optimisations to advised method: public java.util.List edu.ncsu.csc.itrust2.controllers.api.APIOfficeVisitController.getOfficeVisits()
21:23:51.857 [main] DEBUG o.s.aop.framework.CglibAopProxy - Unable to apply any optimisations to advised method: public java.util.List edu.ncsu.csc.itrust2.controllers.api.APIOfficeVisitController.getMyOfficeVisits()
21:23:51.858 [main] DEBUG o.s.aop.framework.CglibAopProxy - Unable to apply any optimisations to advised method: public org.springframework.http.ResponseEntity edu.ncsu.csc.itrust2.controllers.api.APIOfficeVisitController.getOfficeVisit(java.lang.Long)
21:23:51.859 [main] DEBUG o.s.aop.framework.CglibAopProxy - Unable to apply any optimisations to advised method: public void edu.ncsu.csc.itrust2.controllers.api.APIOfficeVisitController.deleteOfficeVisits()
21:23:51.860 [main] DEBUG o.s.aop.framework.CglibAopProxy - Unable to apply any optimisations to advised method: public org.springframework.http.ResponseEntity edu.ncsu.csc.itrust2.controllers.api.APIOfficeVisitController.createOfficeVisit(edu.ncsu.csc.itrust2.forms.hcp.OfficeVisitForm)
21:23:51.860 [main] DEBUG o.s.aop.framework.CglibAopProxy - Unable to apply any optimisations to advised method: public org.springframework.http.ResponseEntity edu.ncsu.csc.itrust2.controllers.api.APIOfficeVisitController.deleteOfficeVisit(java.lang.Long)
21:23:51.861 [main] DEBUG o.s.aop.framework.CglibAopProxy - Unable to apply any optimisations to advised method: public org.springframework.http.ResponseEntity edu.ncsu.csc.itrust2.controllers.api.APIOfficeVisitController.updateOfficeVisit(java.lang.Long,edu.ncsu.csc.itrust2.forms.hcp.OfficeVisitForm)
21:23:51.861 [main] DEBUG o.s.s.a.p.PrePostAnnotationSecurityMetadataSource - @org.springframework.security.access.prepost.PreAuthorize(value=hasRole('ROLE_HCP')) found on specific method: public org.springframework.http.ResponseEntity edu.ncsu.csc.itrust2.controllers.api.APIOfficeVisitController.viewOfficeVisitHCP(java.lang.Long,edu.ncsu.csc.itrust2.forms.hcp.OfficeVisitForm)
21:23:51.861 [main] DEBUG o.s.s.a.m.DelegatingMethodSecurityMetadataSource - Caching method [CacheKey[edu.ncsu.csc.itrust2.controllers.api.APIOfficeVisitController; public org.springframework.http.ResponseEntity edu.ncsu.csc.itrust2.controllers.api.APIOfficeVisitController.viewOfficeVisitHCP(java.lang.Long,edu.ncsu.csc.itrust2.forms.hcp.OfficeVisitForm)]] with attributes [[authorize: 'hasRole('ROLE_HCP')', filter: 'null', filterTarget: 'null']]
21:23:51.861 [main] DEBUG o.s.aop.framework.CglibAopProxy - Unable to apply any optimisations to advised method: public org.springframework.http.ResponseEntity edu.ncsu.csc.itrust2.controllers.api.APIOfficeVisitController.viewOfficeVisitHCP(java.lang.Long,edu.ncsu.csc.itrust2.forms.hcp.OfficeVisitForm)
21:23:51.862 [main] DEBUG o.s.s.a.p.PrePostAnnotationSecurityMetadataSource - @org.springframework.security.access.prepost.PreAuthorize(value=hasRole('ROLE_PATIENT')) found on specific method: public org.springframework.http.ResponseEntity edu.ncsu.csc.itrust2.controllers.api.APIOfficeVisitController.viewOfficeVisitPatient(java.lang.Long,edu.ncsu.csc.itrust2.forms.hcp.OfficeVisitForm)
21:23:51.863 [main] DEBUG o.s.s.a.m.DelegatingMethodSecurityMetadataSource - Caching method [CacheKey[edu.ncsu.csc.itrust2.controllers.api.APIOfficeVisitController; public org.springframework.http.ResponseEntity edu.ncsu.csc.itrust2.controllers.api.APIOfficeVisitController.viewOfficeVisitPatient(java.lang.Long,edu.ncsu.csc.itrust2.forms.hcp.OfficeVisitForm)]] with attributes [[authorize: 'hasRole('ROLE_PATIENT')', filter: 'null', filterTarget: 'null']]
21:23:51.863 [main] DEBUG o.s.aop.framework.CglibAopProxy - Unable to apply any optimisations to advised method: public org.springframework.http.ResponseEntity edu.ncsu.csc.itrust2.controllers.api.APIOfficeVisitController.viewOfficeVisitPatient(java.lang.Long,edu.ncsu.csc.itrust2.forms.hcp.OfficeVisitForm)
21:23:51.864 [main] DEBUG o.s.aop.framework.CglibAopProxy - Found 'equals' method: public boolean java.lang.Object.equals(java.lang.Object)
21:23:51.864 [main] DEBUG o.s.aop.framework.CglibAopProxy - Unable to apply any optimisations to advised method: public java.lang.String java.lang.Object.toString()
21:23:51.864 [main] DEBUG o.s.aop.framework.CglibAopProxy - Found 'hashCode' method: public native int java.lang.Object.hashCode()
21:23:51.864 [main] DEBUG o.s.aop.framework.CglibAopProxy - Unable to apply any optimisations to advised method: protected native java.lang.Object java.lang.Object.clone() throws java.lang.CloneNotSupportedException
21:23:51.864 [main] DEBUG o.s.aop.framework.CglibAopProxy - Method is declared on Advised interface: public abstract boolean org.springframework.aop.framework.Advised.isProxyTargetClass()
21:23:51.865 [main] DEBUG o.s.aop.framework.CglibAopProxy - Method is declared on Advised interface: public abstract void org.springframework.aop.framework.Advised.setPreFiltered(boolean)
21:23:51.865 [main] DEBUG o.s.aop.framework.CglibAopProxy - Method is declared on Advised interface: public abstract boolean org.springframework.aop.framework.Advised.isExposeProxy()
21:23:51.865 [main] DEBUG o.s.aop.framework.CglibAopProxy - Method is declared on Advised interface: public abstract void org.springframework.aop.framework.Advised.setExposeProxy(boolean)
21:23:51.865 [main] DEBUG o.s.aop.framework.CglibAopProxy - Method is declared on Advised interface: public abstract void org.springframework.aop.framework.Advised.addAdvice(int,org.aopalliance.aop.Advice) throws org.springframework.aop.framework.AopConfigException
21:23:51.865 [main] DEBUG o.s.aop.framework.CglibAopProxy - Method is declared on Advised interface: public abstract void org.springframework.aop.framework.Advised.addAdvice(org.aopalliance.aop.Advice) throws org.springframework.aop.framework.AopConfigException
21:23:51.865 [main] DEBUG o.s.aop.framework.CglibAopProxy - Method is declared on Advised interface: public abstract boolean org.springframework.aop.framework.Advised.isPreFiltered()
21:23:51.865 [main] DEBUG o.s.aop.framework.CglibAopProxy - Method is declared on Advised interface: public abstract java.lang.Class[] org.springframework.aop.framework.Advised.getProxiedInterfaces()
21:23:51.865 [main] DEBUG o.s.aop.framework.CglibAopProxy - Method is declared on Advised interface: public abstract boolean org.springframework.aop.framework.Advised.isInterfaceProxied(java.lang.Class)
21:23:51.865 [main] DEBUG o.s.aop.framework.CglibAopProxy - Method is declared on Advised interface: public abstract org.springframework.aop.Advisor[] org.springframework.aop.framework.Advised.getAdvisors()
21:23:51.865 [main] DEBUG o.s.aop.framework.CglibAopProxy - Method is declared on Advised interface: public abstract void org.springframework.aop.framework.Advised.removeAdvisor(int) throws org.springframework.aop.framework.AopConfigException
21:23:51.865 [main] DEBUG o.s.aop.framework.CglibAopProxy - Method is declared on Advised interface: public abstract boolean org.springframework.aop.framework.Advised.removeAdvisor(org.springframework.aop.Advisor)
21:23:51.865 [main] DEBUG o.s.aop.framework.CglibAopProxy - Method is declared on Advised interface: public abstract boolean org.springframework.aop.framework.Advised.replaceAdvisor(org.springframework.aop.Advisor,org.springframework.aop.Advisor) throws org.springframework.aop.framework.AopConfigException
21:23:51.866 [main] DEBUG o.s.aop.framework.CglibAopProxy - Method is declared on Advised interface: public abstract boolean org.springframework.aop.framework.Advised.removeAdvice(org.aopalliance.aop.Advice)
21:23:51.866 [main] DEBUG o.s.aop.framework.CglibAopProxy - Method is declared on Advised interface: public abstract java.lang.String org.springframework.aop.framework.Advised.toProxyConfigString()
21:23:51.866 [main] DEBUG o.s.aop.framework.CglibAopProxy - Method is declared on Advised interface: public abstract org.springframework.aop.TargetSource org.springframework.aop.framework.Advised.getTargetSource()
21:23:51.866 [main] DEBUG o.s.aop.framework.CglibAopProxy - Method is declared on Advised interface: public abstract void org.springframework.aop.framework.Advised.addAdvisor(org.springframework.aop.Advisor) throws org.springframework.aop.framework.AopConfigException
21:23:51.866 [main] DEBUG o.s.aop.framework.CglibAopProxy - Method is declared on Advised interface: public abstract void org.springframework.aop.framework.Advised.addAdvisor(int,org.springframework.aop.Advisor) throws org.springframework.aop.framework.AopConfigException
21:23:51.866 [main] DEBUG o.s.aop.framework.CglibAopProxy - Method is declared on Advised interface: public abstract void org.springframework.aop.framework.Advised.setTargetSource(org.springframework.aop.TargetSource)
21:23:51.866 [main] DEBUG o.s.aop.framework.CglibAopProxy - Method is declared on Advised interface: public abstract int org.springframework.aop.framework.Advised.indexOf(org.aopalliance.aop.Advice)
21:23:51.866 [main] DEBUG o.s.aop.framework.CglibAopProxy - Method is declared on Advised interface: public abstract int org.springframework.aop.framework.Advised.indexOf(org.springframework.aop.Advisor)
21:23:51.866 [main] DEBUG o.s.aop.framework.CglibAopProxy - Method is declared on Advised interface: public abstract boolean org.springframework.aop.framework.Advised.isFrozen()
21:23:51.866 [main] DEBUG o.s.aop.framework.CglibAopProxy - Method is declared on Advised interface: public abstract java.lang.Class org.springframework.aop.TargetClassAware.getTargetClass()
21:23:51.907 [main] DEBUG o.s.b.f.s.DefaultListableBeanFactory - Finished creating instance of bean 'APIOfficeVisitController'
21:23:51.910 [main] DEBUG o.s.b.f.s.DefaultListableBeanFactory - Creating shared instance of singleton bean 'APIPasswordController'
21:23:51.910 [main] DEBUG o.s.b.f.s.DefaultListableBeanFactory - Creating instance of bean 'APIPasswordController'
21:23:51.921 [main] DEBUG o.s.b.f.annotation.InjectionMetadata - Registered injected element on class [edu.ncsu.csc.itrust2.controllers.api.APIPasswordController]: AutowiredFieldElement for org.springframework.core.env.Environment edu.ncsu.csc.itrust2.controllers.api.APIPasswordController.environment
21:23:51.921 [main] DEBUG o.s.b.f.s.DefaultListableBeanFactory - Eagerly caching bean 'APIPasswordController' to allow for resolving potential circular references
21:23:51.925 [main] DEBUG o.s.b.f.annotation.InjectionMetadata - Processing injected element of bean 'APIPasswordController': AutowiredFieldElement for org.springframework.core.env.Environment edu.ncsu.csc.itrust2.controllers.api.APIPasswordController.environment
21:23:51.929 [main] DEBUG o.s.b.f.s.DefaultListableBeanFactory - Returning cached instance of singleton bean 'environment'
21:23:51.930 [main] DEBUG o.s.b.f.a.AutowiredAnnotationBeanPostProcessor - Autowiring by type from bean name 'APIPasswordController' to bean named 'environment'
21:23:51.931 [main] DEBUG o.s.b.f.s.DefaultListableBeanFactory - Returning cached instance of singleton bean 'metaDataSourceAdvisor'
21:23:51.932 [main] DEBUG o.s.b.f.s.DefaultListableBeanFactory - Finished creating instance of bean 'APIPasswordController'
21:23:51.933 [main] DEBUG o.s.b.f.s.DefaultListableBeanFactory - Creating shared instance of singleton bean 'APIPatientController'
21:23:51.933 [main] DEBUG o.s.b.f.s.DefaultListableBeanFactory - Creating instance of bean 'APIPatientController'
21:23:51.942 [main] DEBUG o.s.b.f.s.DefaultListableBeanFactory - Eagerly caching bean 'APIPatientController' to allow for resolving potential circular references
21:23:51.954 [main] DEBUG o.s.b.f.s.DefaultListableBeanFactory - Returning cached instance of singleton bean 'metaDataSourceAdvisor'
21:23:51.956 [main] DEBUG o.s.s.a.p.PrePostAnnotationSecurityMetadataSource - @org.springframework.security.access.prepost.PreAuthorize(value=hasRole('ROLE_PATIENT')) found on specific method: public org.springframework.http.ResponseEntity edu.ncsu.csc.itrust2.controllers.api.APIPatientController.getPatient()
21:23:51.958 [main] DEBUG o.s.s.a.m.DelegatingMethodSecurityMetadataSource - Caching method [CacheKey[edu.ncsu.csc.itrust2.controllers.api.APIPatientController; public org.springframework.http.ResponseEntity edu.ncsu.csc.itrust2.controllers.api.APIPatientController.getPatient()]] with attributes [[authorize: 'hasRole('ROLE_PATIENT')', filter: 'null', filterTarget: 'null']]
21:23:51.958 [main] DEBUG o.s.a.f.a.InfrastructureAdvisorAutoProxyCreator - Creating implicit proxy for bean 'APIPatientController' with 0 common interceptors and 1 specific interceptors
21:23:51.958 [main] DEBUG o.s.aop.framework.CglibAopProxy - Creating CGLIB proxy: target source is SingletonTargetSource for target object [edu.ncsu.csc.itrust2.controllers.api.APIPatientController@2fb5e706]
21:23:51.959 [main] DEBUG o.s.aop.framework.CglibAopProxy - Unable to apply any optimisations to advised method: public org.springframework.http.ResponseEntity edu.ncsu.csc.itrust2.controllers.api.APIPatientController.getPatient(java.lang.String)
21:23:51.961 [main] DEBUG o.s.aop.framework.CglibAopProxy - Unable to apply any optimisations to advised method: public org.springframework.http.ResponseEntity edu.ncsu.csc.itrust2.controllers.api.APIPatientController.getPatient()
21:23:51.962 [main] DEBUG o.s.aop.framework.CglibAopProxy - Unable to apply any optimisations to advised method: public java.util.List edu.ncsu.csc.itrust2.controllers.api.APIPatientController.getPatients()
21:23:51.964 [main] DEBUG o.s.aop.framework.CglibAopProxy - Unable to apply any optimisations to advised method: public org.springframework.http.ResponseEntity edu.ncsu.csc.itrust2.controllers.api.APIPatientController.createPatient(edu.ncsu.csc.itrust2.forms.hcp_patient.PatientForm)
21:23:51.965 [main] DEBUG o.s.aop.framework.CglibAopProxy - Unable to apply any optimisations to advised method: public org.springframework.http.ResponseEntity edu.ncsu.csc.itrust2.controllers.api.APIPatientController.updatePatient(java.lang.String,edu.ncsu.csc.itrust2.forms.hcp_patient.PatientForm)
21:23:51.967 [main] DEBUG o.s.aop.framework.CglibAopProxy - Found 'equals' method: public boolean java.lang.Object.equals(java.lang.Object)
21:23:51.967 [main] DEBUG o.s.aop.framework.CglibAopProxy - Unable to apply any optimisations to advised method: public java.lang.String java.lang.Object.toString()
21:23:51.967 [main] DEBUG o.s.aop.framework.CglibAopProxy - Found 'hashCode' method: public native int java.lang.Object.hashCode()
21:23:51.967 [main] DEBUG o.s.aop.framework.CglibAopProxy - Unable to apply any optimisations to advised method: protected native java.lang.Object java.lang.Object.clone() throws java.lang.CloneNotSupportedException
21:23:51.968 [main] DEBUG o.s.aop.framework.CglibAopProxy - Method is declared on Advised interface: public abstract boolean org.springframework.aop.framework.Advised.isProxyTargetClass()
21:23:51.968 [main] DEBUG o.s.aop.framework.CglibAopProxy - Method is declared on Advised interface: public abstract void org.springframework.aop.framework.Advised.setPreFiltered(boolean)
21:23:51.969 [main] DEBUG o.s.aop.framework.CglibAopProxy - Method is declared on Advised interface: public abstract boolean org.springframework.aop.framework.Advised.isExposeProxy()
21:23:51.969 [main] DEBUG o.s.aop.framework.CglibAopProxy - Method is declared on Advised interface: public abstract void org.springframework.aop.framework.Advised.setExposeProxy(boolean)
21:23:51.969 [main] DEBUG o.s.aop.framework.CglibAopProxy - Method is declared on Advised interface: public abstract void org.springframework.aop.framework.Advised.addAdvice(int,org.aopalliance.aop.Advice) throws org.springframework.aop.framework.AopConfigException
21:23:51.969 [main] DEBUG o.s.aop.framework.CglibAopProxy - Method is declared on Advised interface: public abstract void org.springframework.aop.framework.Advised.addAdvice(org.aopalliance.aop.Advice) throws org.springframework.aop.framework.AopConfigException
21:23:51.970 [main] DEBUG o.s.aop.framework.CglibAopProxy - Method is declared on Advised interface: public abstract boolean org.springframework.aop.framework.Advised.isPreFiltered()
21:23:51.970 [main] DEBUG o.s.aop.framework.CglibAopProxy - Method is declared on Advised interface: public abstract java.lang.Class[] org.springframework.aop.framework.Advised.getProxiedInterfaces()
21:23:51.970 [main] DEBUG o.s.aop.framework.CglibAopProxy - Method is declared on Advised interface: public abstract boolean org.springframework.aop.framework.Advised.isInterfaceProxied(java.lang.Class)
21:23:51.971 [main] DEBUG o.s.aop.framework.CglibAopProxy - Method is declared on Advised interface: public abstract org.springframework.aop.Advisor[] org.springframework.aop.framework.Advised.getAdvisors()
21:23:51.971 [main] DEBUG o.s.aop.framework.CglibAopProxy - Method is declared on Advised interface: public abstract void org.springframework.aop.framework.Advised.removeAdvisor(int) throws org.springframework.aop.framework.AopConfigException
21:23:51.972 [main] DEBUG o.s.aop.framework.CglibAopProxy - Method is declared on Advised interface: public abstract boolean org.springframework.aop.framework.Advised.removeAdvisor(org.springframework.aop.Advisor)
21:23:51.973 [main] DEBUG o.s.aop.framework.CglibAopProxy - Method is declared on Advised interface: public abstract boolean org.springframework.aop.framework.Advised.replaceAdvisor(org.springframework.aop.Advisor,org.springframework.aop.Advisor) throws org.springframework.aop.framework.AopConfigException
21:23:51.974 [main] DEBUG o.s.aop.framework.CglibAopProxy - Method is declared on Advised interface: public abstract boolean org.springframework.aop.framework.Advised.removeAdvice(org.aopalliance.aop.Advice)
21:23:51.974 [main] DEBUG o.s.aop.framework.CglibAopProxy - Method is declared on Advised interface: public abstract java.lang.String org.springframework.aop.framework.Advised.toProxyConfigString()
21:23:51.974 [main] DEBUG o.s.aop.framework.CglibAopProxy - Method is declared on Advised interface: public abstract org.springframework.aop.TargetSource org.springframework.aop.framework.Advised.getTargetSource()
21:23:51.975 [main] DEBUG o.s.aop.framework.CglibAopProxy - Method is declared on Advised interface: public abstract void org.springframework.aop.framework.Advised.addAdvisor(org.springframework.aop.Advisor) throws org.springframework.aop.framework.AopConfigException
21:23:51.975 [main] DEBUG o.s.aop.framework.CglibAopProxy - Method is declared on Advised interface: public abstract void org.springframework.aop.framework.Advised.addAdvisor(int,org.springframework.aop.Advisor) throws org.springframework.aop.framework.AopConfigException
21:23:51.975 [main] DEBUG o.s.aop.framework.CglibAopProxy - Method is declared on Advised interface: public abstract void org.springframework.aop.framework.Advised.setTargetSource(org.springframework.aop.TargetSource)
21:23:51.975 [main] DEBUG o.s.aop.framework.CglibAopProxy - Method is declared on Advised interface: public abstract int org.springframework.aop.framework.Advised.indexOf(org.aopalliance.aop.Advice)
21:23:51.975 [main] DEBUG o.s.aop.framework.CglibAopProxy - Method is declared on Advised interface: public abstract int org.springframework.aop.framework.Advised.indexOf(org.springframework.aop.Advisor)
21:23:51.975 [main] DEBUG o.s.aop.framework.CglibAopProxy - Method is declared on Advised interface: public abstract boolean org.springframework.aop.framework.Advised.isFrozen()
21:23:51.976 [main] DEBUG o.s.aop.framework.CglibAopProxy - Method is declared on Advised interface: public abstract java.lang.Class org.springframework.aop.TargetClassAware.getTargetClass()
21:23:51.994 [main] DEBUG o.s.b.f.s.DefaultListableBeanFactory - Finished creating instance of bean 'APIPatientController'
21:23:51.996 [main] DEBUG o.s.b.f.s.DefaultListableBeanFactory - Creating shared instance of singleton bean 'APIPersonnelController'
21:23:51.996 [main] DEBUG o.s.b.f.s.DefaultListableBeanFactory - Creating instance of bean 'APIPersonnelController'
21:23:52.008 [main] DEBUG o.s.b.f.s.DefaultListableBeanFactory - Eagerly caching bean 'APIPersonnelController' to allow for resolving potential circular references
21:23:52.012 [main] DEBUG o.s.b.f.s.DefaultListableBeanFactory - Returning cached instance of singleton bean 'metaDataSourceAdvisor'
21:23:52.022 [main] DEBUG o.s.b.f.s.DefaultListableBeanFactory - Finished creating instance of bean 'APIPersonnelController'
21:23:52.023 [main] DEBUG o.s.b.f.s.DefaultListableBeanFactory - Creating shared instance of singleton bean 'APIPrescriptionController'
21:23:52.024 [main] DEBUG o.s.b.f.s.DefaultListableBeanFactory - Creating instance of bean 'APIPrescriptionController'
21:23:52.029 [main] DEBUG o.s.b.f.s.DefaultListableBeanFactory - Eagerly caching bean 'APIPrescriptionController' to allow for resolving potential circular references
21:23:52.037 [main] DEBUG o.s.b.f.s.DefaultListableBeanFactory - Returning cached instance of singleton bean 'metaDataSourceAdvisor'
21:23:52.040 [main] DEBUG o.s.s.a.p.PrePostAnnotationSecurityMetadataSource - @org.springframework.security.access.prepost.PreAuthorize(value=hasRole('ROLE_HCP')) found on specific method: public org.springframework.http.ResponseEntity edu.ncsu.csc.itrust2.controllers.api.APIPrescriptionController.addPrescription(edu.ncsu.csc.itrust2.forms.hcp.PrescriptionForm)
21:23:52.043 [main] DEBUG o.s.s.a.m.DelegatingMethodSecurityMetadataSource - Caching method [CacheKey[edu.ncsu.csc.itrust2.controllers.api.APIPrescriptionController; public org.springframework.http.ResponseEntity edu.ncsu.csc.itrust2.controllers.api.APIPrescriptionController.addPrescription(edu.ncsu.csc.itrust2.forms.hcp.PrescriptionForm)]] with attributes [[authorize: 'hasRole('ROLE_HCP')', filter: 'null', filterTarget: 'null']]
21:23:52.043 [main] DEBUG o.s.a.f.a.InfrastructureAdvisorAutoProxyCreator - Creating implicit proxy for bean 'APIPrescriptionController' with 0 common interceptors and 1 specific interceptors
21:23:52.043 [main] DEBUG o.s.aop.framework.CglibAopProxy - Creating CGLIB proxy: target source is SingletonTargetSource for target object [edu.ncsu.csc.itrust2.controllers.api.APIPrescriptionController@4e791e53]
21:23:52.048 [main] DEBUG o.s.aop.framework.CglibAopProxy - Unable to apply any optimisations to advised method: public org.springframework.http.ResponseEntity edu.ncsu.csc.itrust2.controllers.api.APIPrescriptionController.addPrescription(edu.ncsu.csc.itrust2.forms.hcp.PrescriptionForm)
21:23:52.049 [main] DEBUG o.s.s.a.p.PrePostAnnotationSecurityMetadataSource - @org.springframework.security.access.prepost.PreAuthorize(value=hasRole('ROLE_HCP')) found on specific method: public org.springframework.http.ResponseEntity edu.ncsu.csc.itrust2.controllers.api.APIPrescriptionController.editPrescription(edu.ncsu.csc.itrust2.forms.hcp.PrescriptionForm)
21:23:52.051 [main] DEBUG o.s.s.a.m.DelegatingMethodSecurityMetadataSource - Caching method [CacheKey[edu.ncsu.csc.itrust2.controllers.api.APIPrescriptionController; public org.springframework.http.ResponseEntity edu.ncsu.csc.itrust2.controllers.api.APIPrescriptionController.editPrescription(edu.ncsu.csc.itrust2.forms.hcp.PrescriptionForm)]] with attributes [[authorize: 'hasRole('ROLE_HCP')', filter: 'null', filterTarget: 'null']]
21:23:52.052 [main] DEBUG o.s.aop.framework.CglibAopProxy - Unable to apply any optimisations to advised method: public org.springframework.http.ResponseEntity edu.ncsu.csc.itrust2.controllers.api.APIPrescriptionController.editPrescription(edu.ncsu.csc.itrust2.forms.hcp.PrescriptionForm)
21:23:52.053 [main] DEBUG o.s.s.a.p.PrePostAnnotationSecurityMetadataSource - @org.springframework.security.access.prepost.PreAuthorize(value=hasRole('ROLE_HCP')) found on specific method: public org.springframework.http.ResponseEntity edu.ncsu.csc.itrust2.controllers.api.APIPrescriptionController.deletePrescription(java.lang.Long)
21:23:52.054 [main] DEBUG o.s.s.a.m.DelegatingMethodSecurityMetadataSource - Caching method [CacheKey[edu.ncsu.csc.itrust2.controllers.api.APIPrescriptionController; public org.springframework.http.ResponseEntity edu.ncsu.csc.itrust2.controllers.api.APIPrescriptionController.deletePrescription(java.lang.Long)]] with attributes [[authorize: 'hasRole('ROLE_HCP')', filter: 'null', filterTarget: 'null']]
21:23:52.054 [main] DEBUG o.s.aop.framework.CglibAopProxy - Unable to apply any optimisations to advised method: public org.springframework.http.ResponseEntity edu.ncsu.csc.itrust2.controllers.api.APIPrescriptionController.deletePrescription(java.lang.Long)
21:23:52.055 [main] DEBUG o.s.s.a.p.PrePostAnnotationSecurityMetadataSource - @org.springframework.security.access.prepost.PreAuthorize(value=hasAnyRole('ROLE_HCP', 'ROLE_PATIENT')) found on specific method: public java.util.List edu.ncsu.csc.itrust2.controllers.api.APIPrescriptionController.getPrescriptions()
21:23:52.056 [main] DEBUG o.s.s.a.m.DelegatingMethodSecurityMetadataSource - Caching method [CacheKey[edu.ncsu.csc.itrust2.controllers.api.APIPrescriptionController; public java.util.List edu.ncsu.csc.itrust2.controllers.api.APIPrescriptionController.getPrescriptions()]] with attributes [[authorize: 'hasAnyRole('ROLE_HCP', 'ROLE_PATIENT')', filter: 'null', filterTarget: 'null']]
21:23:52.056 [main] DEBUG o.s.aop.framework.CglibAopProxy - Unable to apply any optimisations to advised method: public java.util.List edu.ncsu.csc.itrust2.controllers.api.APIPrescriptionController.getPrescriptions()
21:23:52.057 [main] DEBUG o.s.s.a.p.PrePostAnnotationSecurityMetadataSource - @org.springframework.security.access.prepost.PreAuthorize(value=hasRole('ROLE_HCP')) found on specific method: public org.springframework.http.ResponseEntity edu.ncsu.csc.itrust2.controllers.api.APIPrescriptionController.getPrescription(java.lang.Long)
21:23:52.058 [main] DEBUG o.s.s.a.m.DelegatingMethodSecurityMetadataSource - Caching method [CacheKey[edu.ncsu.csc.itrust2.controllers.api.APIPrescriptionController; public org.springframework.http.ResponseEntity edu.ncsu.csc.itrust2.controllers.api.APIPrescriptionController.getPrescription(java.lang.Long)]] with attributes [[authorize: 'hasRole('ROLE_HCP')', filter: 'null', filterTarget: 'null']]
21:23:52.058 [main] DEBUG o.s.aop.framework.CglibAopProxy - Unable to apply any optimisations to advised method: public org.springframework.http.ResponseEntity edu.ncsu.csc.itrust2.controllers.api.APIPrescriptionController.getPrescription(java.lang.Long)
21:23:52.064 [main] DEBUG o.s.aop.framework.CglibAopProxy - Found 'equals' method: public boolean java.lang.Object.equals(java.lang.Object)
21:23:52.065 [main] DEBUG o.s.aop.framework.CglibAopProxy - Unable to apply any optimisations to advised method: public java.lang.String java.lang.Object.toString()
21:23:52.065 [main] DEBUG o.s.aop.framework.CglibAopProxy - Found 'hashCode' method: public native int java.lang.Object.hashCode()
21:23:52.065 [main] DEBUG o.s.aop.framework.CglibAopProxy - Unable to apply any optimisations to advised method: protected native java.lang.Object java.lang.Object.clone() throws java.lang.CloneNotSupportedException
21:23:52.065 [main] DEBUG o.s.aop.framework.CglibAopProxy - Method is declared on Advised interface: public abstract boolean org.springframework.aop.framework.Advised.isProxyTargetClass()
21:23:52.065 [main] DEBUG o.s.aop.framework.CglibAopProxy - Method is declared on Advised interface: public abstract void org.springframework.aop.framework.Advised.setPreFiltered(boolean)
21:23:52.066 [main] DEBUG o.s.aop.framework.CglibAopProxy - Method is declared on Advised interface: public abstract boolean org.springframework.aop.framework.Advised.isExposeProxy()
21:23:52.066 [main] DEBUG o.s.aop.framework.CglibAopProxy - Method is declared on Advised interface: public abstract void org.springframework.aop.framework.Advised.setExposeProxy(boolean)
21:23:52.067 [main] DEBUG o.s.aop.framework.CglibAopProxy - Method is declared on Advised interface: public abstract void org.springframework.aop.framework.Advised.addAdvice(int,org.aopalliance.aop.Advice) throws org.springframework.aop.framework.AopConfigException
21:23:52.067 [main] DEBUG o.s.aop.framework.CglibAopProxy - Method is declared on Advised interface: public abstract void org.springframework.aop.framework.Advised.addAdvice(org.aopalliance.aop.Advice) throws org.springframework.aop.framework.AopConfigException
21:23:52.067 [main] DEBUG o.s.aop.framework.CglibAopProxy - Method is declared on Advised interface: public abstract boolean org.springframework.aop.framework.Advised.isPreFiltered()
21:23:52.067 [main] DEBUG o.s.aop.framework.CglibAopProxy - Method is declared on Advised interface: public abstract java.lang.Class[] org.springframework.aop.framework.Advised.getProxiedInterfaces()
21:23:52.068 [main] DEBUG o.s.aop.framework.CglibAopProxy - Method is declared on Advised interface: public abstract boolean org.springframework.aop.framework.Advised.isInterfaceProxied(java.lang.Class)
21:23:52.068 [main] DEBUG o.s.aop.framework.CglibAopProxy - Method is declared on Advised interface: public abstract org.springframework.aop.Advisor[] org.springframework.aop.framework.Advised.getAdvisors()
21:23:52.069 [main] DEBUG o.s.aop.framework.CglibAopProxy - Method is declared on Advised interface: public abstract void org.springframework.aop.framework.Advised.removeAdvisor(int) throws org.springframework.aop.framework.AopConfigException
21:23:52.069 [main] DEBUG o.s.aop.framework.CglibAopProxy - Method is declared on Advised interface: public abstract boolean org.springframework.aop.framework.Advised.removeAdvisor(org.springframework.aop.Advisor)
21:23:52.069 [main] DEBUG o.s.aop.framework.CglibAopProxy - Method is declared on Advised interface: public abstract boolean org.springframework.aop.framework.Advised.replaceAdvisor(org.springframework.aop.Advisor,org.springframework.aop.Advisor) throws org.springframework.aop.framework.AopConfigException
21:23:52.069 [main] DEBUG o.s.aop.framework.CglibAopProxy - Method is declared on Advised interface: public abstract boolean org.springframework.aop.framework.Advised.removeAdvice(org.aopalliance.aop.Advice)
21:23:52.069 [main] DEBUG o.s.aop.framework.CglibAopProxy - Method is declared on Advised interface: public abstract java.lang.String org.springframework.aop.framework.Advised.toProxyConfigString()
21:23:52.069 [main] DEBUG o.s.aop.framework.CglibAopProxy - Method is declared on Advised interface: public abstract org.springframework.aop.TargetSource org.springframework.aop.framework.Advised.getTargetSource()
21:23:52.069 [main] DEBUG o.s.aop.framework.CglibAopProxy - Method is declared on Advised interface: public abstract void org.springframework.aop.framework.Advised.addAdvisor(org.springframework.aop.Advisor) throws org.springframework.aop.framework.AopConfigException
21:23:52.070 [main] DEBUG o.s.aop.framework.CglibAopProxy - Method is declared on Advised interface: public abstract void org.springframework.aop.framework.Advised.addAdvisor(int,org.springframework.aop.Advisor) throws org.springframework.aop.framework.AopConfigException
21:23:52.070 [main] DEBUG o.s.aop.framework.CglibAopProxy - Method is declared on Advised interface: public abstract void org.springframework.aop.framework.Advised.setTargetSource(org.springframework.aop.TargetSource)
21:23:52.070 [main] DEBUG o.s.aop.framework.CglibAopProxy - Method is declared on Advised interface: public abstract int org.springframework.aop.framework.Advised.indexOf(org.aopalliance.aop.Advice)
21:23:52.070 [main] DEBUG o.s.aop.framework.CglibAopProxy - Method is declared on Advised interface: public abstract int org.springframework.aop.framework.Advised.indexOf(org.springframework.aop.Advisor)
21:23:52.071 [main] DEBUG o.s.aop.framework.CglibAopProxy - Method is declared on Advised interface: public abstract boolean org.springframework.aop.framework.Advised.isFrozen()
21:23:52.071 [main] DEBUG o.s.aop.framework.CglibAopProxy - Method is declared on Advised interface: public abstract java.lang.Class org.springframework.aop.TargetClassAware.getTargetClass()
21:23:52.085 [main] DEBUG o.s.b.f.s.DefaultListableBeanFactory - Finished creating instance of bean 'APIPrescriptionController'
21:23:52.087 [main] DEBUG o.s.b.f.s.DefaultListableBeanFactory - Creating shared instance of singleton bean 'APIUserController'
21:23:52.087 [main] DEBUG o.s.b.f.s.DefaultListableBeanFactory - Creating instance of bean 'APIUserController'
21:23:52.098 [main] DEBUG o.s.b.f.s.DefaultListableBeanFactory - Eagerly caching bean 'APIUserController' to allow for resolving potential circular references
21:23:52.101 [main] DEBUG o.s.b.f.s.DefaultListableBeanFactory - Returning cached instance of singleton bean 'metaDataSourceAdvisor'
21:23:52.111 [main] DEBUG o.s.b.f.s.DefaultListableBeanFactory - Finished creating instance of bean 'APIUserController'
21:23:52.112 [main] DEBUG o.s.b.f.s.DefaultListableBeanFactory - Creating shared instance of singleton bean 'appointmentControllerHCP'
21:23:52.112 [main] DEBUG o.s.b.f.s.DefaultListableBeanFactory - Creating instance of bean 'appointmentControllerHCP'
21:23:52.116 [main] DEBUG o.s.b.f.s.DefaultListableBeanFactory - Eagerly caching bean 'appointmentControllerHCP' to allow for resolving potential circular references
21:23:52.123 [main] DEBUG o.s.b.f.s.DefaultListableBeanFactory - Returning cached instance of singleton bean 'metaDataSourceAdvisor'
21:23:52.125 [main] DEBUG o.s.s.a.p.PrePostAnnotationSecurityMetadataSource - @org.springframework.security.access.prepost.PreAuthorize(value=hasRole('ROLE_HCP')) found on specific method: public java.lang.String edu.ncsu.csc.itrust2.controllers.hcp.AppointmentControllerHCP.appointmentActionSubmit(edu.ncsu.csc.itrust2.forms.patient.AppointmentForm)
21:23:52.126 [main] DEBUG o.s.s.a.m.DelegatingMethodSecurityMetadataSource - Caching method [CacheKey[edu.ncsu.csc.itrust2.controllers.hcp.AppointmentControllerHCP; public java.lang.String edu.ncsu.csc.itrust2.controllers.hcp.AppointmentControllerHCP.appointmentActionSubmit(edu.ncsu.csc.itrust2.forms.patient.AppointmentForm)]] with attributes [[authorize: 'hasRole('ROLE_HCP')', filter: 'null', filterTarget: 'null']]
21:23:52.126 [main] DEBUG o.s.a.f.a.InfrastructureAdvisorAutoProxyCreator - Creating implicit proxy for bean 'appointmentControllerHCP' with 0 common interceptors and 1 specific interceptors
21:23:52.127 [main] DEBUG o.s.aop.framework.CglibAopProxy - Creating CGLIB proxy: target source is SingletonTargetSource for target object [edu.ncsu.csc.itrust2.controllers.hcp.AppointmentControllerHCP@761ac810]
21:23:52.129 [main] DEBUG o.s.aop.framework.CglibAopProxy - Unable to apply any optimisations to advised method: public java.lang.String edu.ncsu.csc.itrust2.controllers.hcp.AppointmentControllerHCP.appointmentActionSubmit(edu.ncsu.csc.itrust2.forms.patient.AppointmentForm)
21:23:52.130 [main] DEBUG o.s.s.a.p.PrePostAnnotationSecurityMetadataSource - @org.springframework.security.access.prepost.PreAuthorize(value=hasRole('ROLE_HCP')) found on specific method: public java.lang.String edu.ncsu.csc.itrust2.controllers.hcp.AppointmentControllerHCP.upcomingAppointments(org.springframework.ui.Model)
21:23:52.132 [main] DEBUG o.s.s.a.m.DelegatingMethodSecurityMetadataSource - Caching method [CacheKey[edu.ncsu.csc.itrust2.controllers.hcp.AppointmentControllerHCP; public java.lang.String edu.ncsu.csc.itrust2.controllers.hcp.AppointmentControllerHCP.upcomingAppointments(org.springframework.ui.Model)]] with attributes [[authorize: 'hasRole('ROLE_HCP')', filter: 'null', filterTarget: 'null']]
21:23:52.132 [main] DEBUG o.s.aop.framework.CglibAopProxy - Unable to apply any optimisations to advised method: public java.lang.String edu.ncsu.csc.itrust2.controllers.hcp.AppointmentControllerHCP.upcomingAppointments(org.springframework.ui.Model)
21:23:52.132 [main] DEBUG o.s.s.a.p.PrePostAnnotationSecurityMetadataSource - @org.springframework.security.access.prepost.PreAuthorize(value=hasRole('ROLE_HCP')) found on specific method: public java.lang.String edu.ncsu.csc.itrust2.controllers.hcp.AppointmentControllerHCP.requestAppointmentForm(org.springframework.ui.Model)
21:23:52.134 [main] DEBUG o.s.s.a.m.DelegatingMethodSecurityMetadataSource - Caching method [CacheKey[edu.ncsu.csc.itrust2.controllers.hcp.AppointmentControllerHCP; public java.lang.String edu.ncsu.csc.itrust2.controllers.hcp.AppointmentControllerHCP.requestAppointmentForm(org.springframework.ui.Model)]] with attributes [[authorize: 'hasRole('ROLE_HCP')', filter: 'null', filterTarget: 'null']]
21:23:52.134 [main] DEBUG o.s.aop.framework.CglibAopProxy - Unable to apply any optimisations to advised method: public java.lang.String edu.ncsu.csc.itrust2.controllers.hcp.AppointmentControllerHCP.requestAppointmentForm(org.springframework.ui.Model)
21:23:52.134 [main] DEBUG o.s.aop.framework.CglibAopProxy - Found 'equals' method: public boolean java.lang.Object.equals(java.lang.Object)
21:23:52.135 [main] DEBUG o.s.aop.framework.CglibAopProxy - Unable to apply any optimisations to advised method: public java.lang.String java.lang.Object.toString()
21:23:52.135 [main] DEBUG o.s.aop.framework.CglibAopProxy - Found 'hashCode' method: public native int java.lang.Object.hashCode()
21:23:52.136 [main] DEBUG o.s.aop.framework.CglibAopProxy - Unable to apply any optimisations to advised method: protected native java.lang.Object java.lang.Object.clone() throws java.lang.CloneNotSupportedException
21:23:52.136 [main] DEBUG o.s.aop.framework.CglibAopProxy - Method is declared on Advised interface: public abstract boolean org.springframework.aop.framework.Advised.isProxyTargetClass()
21:23:52.136 [main] DEBUG o.s.aop.framework.CglibAopProxy - Method is declared on Advised interface: public abstract void org.springframework.aop.framework.Advised.setPreFiltered(boolean)
21:23:52.136 [main] DEBUG o.s.aop.framework.CglibAopProxy - Method is declared on Advised interface: public abstract boolean org.springframework.aop.framework.Advised.isExposeProxy()
21:23:52.136 [main] DEBUG o.s.aop.framework.CglibAopProxy - Method is declared on Advised interface: public abstract void org.springframework.aop.framework.Advised.setExposeProxy(boolean)
21:23:52.136 [main] DEBUG o.s.aop.framework.CglibAopProxy - Method is declared on Advised interface: public abstract void org.springframework.aop.framework.Advised.addAdvice(int,org.aopalliance.aop.Advice) throws org.springframework.aop.framework.AopConfigException
21:23:52.136 [main] DEBUG o.s.aop.framework.CglibAopProxy - Method is declared on Advised interface: public abstract void org.springframework.aop.framework.Advised.addAdvice(org.aopalliance.aop.Advice) throws org.springframework.aop.framework.AopConfigException
21:23:52.137 [main] DEBUG o.s.aop.framework.CglibAopProxy - Method is declared on Advised interface: public abstract boolean org.springframework.aop.framework.Advised.isPreFiltered()
21:23:52.137 [main] DEBUG o.s.aop.framework.CglibAopProxy - Method is declared on Advised interface: public abstract java.lang.Class[] org.springframework.aop.framework.Advised.getProxiedInterfaces()
21:23:52.137 [main] DEBUG o.s.aop.framework.CglibAopProxy - Method is declared on Advised interface: public abstract boolean org.springframework.aop.framework.Advised.isInterfaceProxied(java.lang.Class)
21:23:52.138 [main] DEBUG o.s.aop.framework.CglibAopProxy - Method is declared on Advised interface: public abstract org.springframework.aop.Advisor[] org.springframework.aop.framework.Advised.getAdvisors()
21:23:52.138 [main] DEBUG o.s.aop.framework.CglibAopProxy - Method is declared on Advised interface: public abstract void org.springframework.aop.framework.Advised.removeAdvisor(int) throws org.springframework.aop.framework.AopConfigException
21:23:52.138 [main] DEBUG o.s.aop.framework.CglibAopProxy - Method is declared on Advised interface: public abstract boolean org.springframework.aop.framework.Advised.removeAdvisor(org.springframework.aop.Advisor)
21:23:52.138 [main] DEBUG o.s.aop.framework.CglibAopProxy - Method is declared on Advised interface: public abstract boolean org.springframework.aop.framework.Advised.replaceAdvisor(org.springframework.aop.Advisor,org.springframework.aop.Advisor) throws org.springframework.aop.framework.AopConfigException
21:23:52.138 [main] DEBUG o.s.aop.framework.CglibAopProxy - Method is declared on Advised interface: public abstract boolean org.springframework.aop.framework.Advised.removeAdvice(org.aopalliance.aop.Advice)
21:23:52.139 [main] DEBUG o.s.aop.framework.CglibAopProxy - Method is declared on Advised interface: public abstract java.lang.String org.springframework.aop.framework.Advised.toProxyConfigString()
21:23:52.139 [main] DEBUG o.s.aop.framework.CglibAopProxy - Method is declared on Advised interface: public abstract org.springframework.aop.TargetSource org.springframework.aop.framework.Advised.getTargetSource()
21:23:52.140 [main] DEBUG o.s.aop.framework.CglibAopProxy - Method is declared on Advised interface: public abstract void org.springframework.aop.framework.Advised.addAdvisor(org.springframework.aop.Advisor) throws org.springframework.aop.framework.AopConfigException
21:23:52.140 [main] DEBUG o.s.aop.framework.CglibAopProxy - Method is declared on Advised interface: public abstract void org.springframework.aop.framework.Advised.addAdvisor(int,org.springframework.aop.Advisor) throws org.springframework.aop.framework.AopConfigException
21:23:52.140 [main] DEBUG o.s.aop.framework.CglibAopProxy - Method is declared on Advised interface: public abstract void org.springframework.aop.framework.Advised.setTargetSource(org.springframework.aop.TargetSource)
21:23:52.140 [main] DEBUG o.s.aop.framework.CglibAopProxy - Method is declared on Advised interface: public abstract int org.springframework.aop.framework.Advised.indexOf(org.aopalliance.aop.Advice)
21:23:52.140 [main] DEBUG o.s.aop.framework.CglibAopProxy - Method is declared on Advised interface: public abstract int org.springframework.aop.framework.Advised.indexOf(org.springframework.aop.Advisor)
21:23:52.140 [main] DEBUG o.s.aop.framework.CglibAopProxy - Method is declared on Advised interface: public abstract boolean org.springframework.aop.framework.Advised.isFrozen()
21:23:52.140 [main] DEBUG o.s.aop.framework.CglibAopProxy - Method is declared on Advised interface: public abstract java.lang.Class org.springframework.aop.TargetClassAware.getTargetClass()
21:23:52.153 [main] DEBUG o.s.b.f.s.DefaultListableBeanFactory - Finished creating instance of bean 'appointmentControllerHCP'
21:23:52.154 [main] DEBUG o.s.b.f.s.DefaultListableBeanFactory - Creating shared instance of singleton bean 'HCPController'
21:23:52.154 [main] DEBUG o.s.b.f.s.DefaultListableBeanFactory - Creating instance of bean 'HCPController'
21:23:52.161 [main] DEBUG o.s.b.f.s.DefaultListableBeanFactory - Eagerly caching bean 'HCPController' to allow for resolving potential circular references
21:23:52.170 [main] DEBUG o.s.b.f.s.DefaultListableBeanFactory - Returning cached instance of singleton bean 'metaDataSourceAdvisor'
21:23:52.171 [main] DEBUG o.s.s.a.p.PrePostAnnotationSecurityMetadataSource - @org.springframework.security.access.prepost.PreAuthorize(value=hasRole('ROLE_HCP')) found on specific method: public java.lang.String edu.ncsu.csc.itrust2.controllers.hcp.HCPController.editPatientDemographics()
21:23:52.174 [main] DEBUG o.s.s.a.m.DelegatingMethodSecurityMetadataSource - Caching method [CacheKey[edu.ncsu.csc.itrust2.controllers.hcp.HCPController; public java.lang.String edu.ncsu.csc.itrust2.controllers.hcp.HCPController.editPatientDemographics()]] with attributes [[authorize: 'hasRole('ROLE_HCP')', filter: 'null', filterTarget: 'null']]
21:23:52.174 [main] DEBUG o.s.a.f.a.InfrastructureAdvisorAutoProxyCreator - Creating implicit proxy for bean 'HCPController' with 0 common interceptors and 1 specific interceptors
21:23:52.174 [main] DEBUG o.s.aop.framework.CglibAopProxy - Creating CGLIB proxy: target source is SingletonTargetSource for target object [edu.ncsu.csc.itrust2.controllers.hcp.HCPController@41a4135e]
21:23:52.175 [main] DEBUG o.s.aop.framework.CglibAopProxy - Unable to apply any optimisations to advised method: public java.lang.String edu.ncsu.csc.itrust2.controllers.hcp.HCPController.editPatientDemographics()
21:23:52.176 [main] DEBUG o.s.s.a.p.PrePostAnnotationSecurityMetadataSource - @org.springframework.security.access.prepost.PreAuthorize(value=hasRole('ROLE_HCP')) found on specific method: public java.lang.String edu.ncsu.csc.itrust2.controllers.hcp.HCPController.editPrescriptions()
21:23:52.177 [main] DEBUG o.s.s.a.m.DelegatingMethodSecurityMetadataSource - Caching method [CacheKey[edu.ncsu.csc.itrust2.controllers.hcp.HCPController; public java.lang.String edu.ncsu.csc.itrust2.controllers.hcp.HCPController.editPrescriptions()]] with attributes [[authorize: 'hasRole('ROLE_HCP')', filter: 'null', filterTarget: 'null']]
21:23:52.178 [main] DEBUG o.s.aop.framework.CglibAopProxy - Unable to apply any optimisations to advised method: public java.lang.String edu.ncsu.csc.itrust2.controllers.hcp.HCPController.editPrescriptions()
21:23:52.178 [main] DEBUG o.s.s.a.p.PrePostAnnotationSecurityMetadataSource - @org.springframework.security.access.prepost.PreAuthorize(value=hasRole('ROLE_HCP')) found on specific method: public java.lang.String edu.ncsu.csc.itrust2.controllers.hcp.HCPController.index(org.springframework.ui.Model)
21:23:52.179 [main] DEBUG o.s.s.a.m.DelegatingMethodSecurityMetadataSource - Caching method [CacheKey[edu.ncsu.csc.itrust2.controllers.hcp.HCPController; public java.lang.String edu.ncsu.csc.itrust2.controllers.hcp.HCPController.index(org.springframework.ui.Model)]] with attributes [[authorize: 'hasRole('ROLE_HCP')', filter: 'null', filterTarget: 'null']]
21:23:52.180 [main] DEBUG o.s.aop.framework.CglibAopProxy - Unable to apply any optimisations to advised method: public java.lang.String edu.ncsu.csc.itrust2.controllers.hcp.HCPController.index(org.springframework.ui.Model)
21:23:52.180 [main] DEBUG o.s.aop.framework.CglibAopProxy - Found 'equals' method: public boolean java.lang.Object.equals(java.lang.Object)
21:23:52.180 [main] DEBUG o.s.aop.framework.CglibAopProxy - Unable to apply any optimisations to advised method: public java.lang.String java.lang.Object.toString()
21:23:52.180 [main] DEBUG o.s.aop.framework.CglibAopProxy - Found 'hashCode' method: public native int java.lang.Object.hashCode()
21:23:52.180 [main] DEBUG o.s.aop.framework.CglibAopProxy - Unable to apply any optimisations to advised method: protected native java.lang.Object java.lang.Object.clone() throws java.lang.CloneNotSupportedException
21:23:52.181 [main] DEBUG o.s.aop.framework.CglibAopProxy - Method is declared on Advised interface: public abstract boolean org.springframework.aop.framework.Advised.isProxyTargetClass()
21:23:52.181 [main] DEBUG o.s.aop.framework.CglibAopProxy - Method is declared on Advised interface: public abstract void org.springframework.aop.framework.Advised.setPreFiltered(boolean)
21:23:52.182 [main] DEBUG o.s.aop.framework.CglibAopProxy - Method is declared on Advised interface: public abstract boolean org.springframework.aop.framework.Advised.isExposeProxy()
21:23:52.182 [main] DEBUG o.s.aop.framework.CglibAopProxy - Method is declared on Advised interface: public abstract void org.springframework.aop.framework.Advised.setExposeProxy(boolean)
21:23:52.182 [main] DEBUG o.s.aop.framework.CglibAopProxy - Method is declared on Advised interface: public abstract void org.springframework.aop.framework.Advised.addAdvice(int,org.aopalliance.aop.Advice) throws org.springframework.aop.framework.AopConfigException
21:23:52.182 [main] DEBUG o.s.aop.framework.CglibAopProxy - Method is declared on Advised interface: public abstract void org.springframework.aop.framework.Advised.addAdvice(org.aopalliance.aop.Advice) throws org.springframework.aop.framework.AopConfigException
21:23:52.182 [main] DEBUG o.s.aop.framework.CglibAopProxy - Method is declared on Advised interface: public abstract boolean org.springframework.aop.framework.Advised.isPreFiltered()
21:23:52.182 [main] DEBUG o.s.aop.framework.CglibAopProxy - Method is declared on Advised interface: public abstract java.lang.Class[] org.springframework.aop.framework.Advised.getProxiedInterfaces()
21:23:52.182 [main] DEBUG o.s.aop.framework.CglibAopProxy - Method is declared on Advised interface: public abstract boolean org.springframework.aop.framework.Advised.isInterfaceProxied(java.lang.Class)
21:23:52.183 [main] DEBUG o.s.aop.framework.CglibAopProxy - Method is declared on Advised interface: public abstract org.springframework.aop.Advisor[] org.springframework.aop.framework.Advised.getAdvisors()
21:23:52.183 [main] DEBUG o.s.aop.framework.CglibAopProxy - Method is declared on Advised interface: public abstract void org.springframework.aop.framework.Advised.removeAdvisor(int) throws org.springframework.aop.framework.AopConfigException
21:23:52.183 [main] DEBUG o.s.aop.framework.CglibAopProxy - Method is declared on Advised interface: public abstract boolean org.springframework.aop.framework.Advised.removeAdvisor(org.springframework.aop.Advisor)
21:23:52.184 [main] DEBUG o.s.aop.framework.CglibAopProxy - Method is declared on Advised interface: public abstract boolean org.springframework.aop.framework.Advised.replaceAdvisor(org.springframework.aop.Advisor,org.springframework.aop.Advisor) throws org.springframework.aop.framework.AopConfigException
21:23:52.184 [main] DEBUG o.s.aop.framework.CglibAopProxy - Method is declared on Advised interface: public abstract boolean org.springframework.aop.framework.Advised.removeAdvice(org.aopalliance.aop.Advice)
21:23:52.184 [main] DEBUG o.s.aop.framework.CglibAopProxy - Method is declared on Advised interface: public abstract java.lang.String org.springframework.aop.framework.Advised.toProxyConfigString()
21:23:52.184 [main] DEBUG o.s.aop.framework.CglibAopProxy - Method is declared on Advised interface: public abstract org.springframework.aop.TargetSource org.springframework.aop.framework.Advised.getTargetSource()
21:23:52.185 [main] DEBUG o.s.aop.framework.CglibAopProxy - Method is declared on Advised interface: public abstract void org.springframework.aop.framework.Advised.addAdvisor(org.springframework.aop.Advisor) throws org.springframework.aop.framework.AopConfigException
21:23:52.185 [main] DEBUG o.s.aop.framework.CglibAopProxy - Method is declared on Advised interface: public abstract void org.springframework.aop.framework.Advised.addAdvisor(int,org.springframework.aop.Advisor) throws org.springframework.aop.framework.AopConfigException
21:23:52.186 [main] DEBUG o.s.aop.framework.CglibAopProxy - Method is declared on Advised interface: public abstract void org.springframework.aop.framework.Advised.setTargetSource(org.springframework.aop.TargetSource)
21:23:52.186 [main] DEBUG o.s.aop.framework.CglibAopProxy - Method is declared on Advised interface: public abstract int org.springframework.aop.framework.Advised.indexOf(org.aopalliance.aop.Advice)
21:23:52.186 [main] DEBUG o.s.aop.framework.CglibAopProxy - Method is declared on Advised interface: public abstract int org.springframework.aop.framework.Advised.indexOf(org.springframework.aop.Advisor)
21:23:52.186 [main] DEBUG o.s.aop.framework.CglibAopProxy - Method is declared on Advised interface: public abstract boolean org.springframework.aop.framework.Advised.isFrozen()
21:23:52.186 [main] DEBUG o.s.aop.framework.CglibAopProxy - Method is declared on Advised interface: public abstract java.lang.Class org.springframework.aop.TargetClassAware.getTargetClass()
21:23:52.235 [main] DEBUG o.s.b.f.s.DefaultListableBeanFactory - Finished creating instance of bean 'HCPController'
21:23:52.236 [main] DEBUG o.s.b.f.s.DefaultListableBeanFactory - Creating shared instance of singleton bean 'officeVisitController'
21:23:52.238 [main] DEBUG o.s.b.f.s.DefaultListableBeanFactory - Creating instance of bean 'officeVisitController'
21:23:52.244 [main] DEBUG o.s.b.f.s.DefaultListableBeanFactory - Eagerly caching bean 'officeVisitController' to allow for resolving potential circular references
21:23:52.248 [main] DEBUG o.s.b.f.s.DefaultListableBeanFactory - Returning cached instance of singleton bean 'metaDataSourceAdvisor'
21:23:52.249 [main] DEBUG o.s.s.a.p.PrePostAnnotationSecurityMetadataSource - @org.springframework.security.access.prepost.PreAuthorize(value=hasRole('ROLE_HCP')) found on specific method: public java.lang.String edu.ncsu.csc.itrust2.controllers.hcp.OfficeVisitController.documentOfficeVisit(org.springframework.ui.Model)
21:23:52.250 [main] DEBUG o.s.s.a.m.DelegatingMethodSecurityMetadataSource - Caching method [CacheKey[edu.ncsu.csc.itrust2.controllers.hcp.OfficeVisitController; public java.lang.String edu.ncsu.csc.itrust2.controllers.hcp.OfficeVisitController.documentOfficeVisit(org.springframework.ui.Model)]] with attributes [[authorize: 'hasRole('ROLE_HCP')', filter: 'null', filterTarget: 'null']]
21:23:52.251 [main] DEBUG o.s.a.f.a.InfrastructureAdvisorAutoProxyCreator - Creating implicit proxy for bean 'officeVisitController' with 0 common interceptors and 1 specific interceptors
21:23:52.251 [main] DEBUG o.s.aop.framework.CglibAopProxy - Creating CGLIB proxy: target source is SingletonTargetSource for target object [edu.ncsu.csc.itrust2.controllers.hcp.OfficeVisitController@4ce66169]
21:23:52.253 [main] DEBUG o.s.aop.framework.CglibAopProxy - Unable to apply any optimisations to advised method: public java.lang.String edu.ncsu.csc.itrust2.controllers.hcp.OfficeVisitController.documentOfficeVisit(org.springframework.ui.Model)
21:23:52.254 [main] DEBUG o.s.s.a.p.PrePostAnnotationSecurityMetadataSource - @org.springframework.security.access.prepost.PreAuthorize(value=hasRole('ROLE_HCP')) found on specific method: public java.lang.String edu.ncsu.csc.itrust2.controllers.hcp.OfficeVisitController.documentVisitSubmit(edu.ncsu.csc.itrust2.forms.hcp.OfficeVisitForm,org.springframework.validation.BindingResult,org.springframework.ui.Model)
21:23:52.255 [main] DEBUG o.s.s.a.m.DelegatingMethodSecurityMetadataSource - Caching method [CacheKey[edu.ncsu.csc.itrust2.controllers.hcp.OfficeVisitController; public java.lang.String edu.ncsu.csc.itrust2.controllers.hcp.OfficeVisitController.documentVisitSubmit(edu.ncsu.csc.itrust2.forms.hcp.OfficeVisitForm,org.springframework.validation.BindingResult,org.springframework.ui.Model)]] with attributes [[authorize: 'hasRole('ROLE_HCP')', filter: 'null', filterTarget: 'null']]
21:23:52.255 [main] DEBUG o.s.aop.framework.CglibAopProxy - Unable to apply any optimisations to advised method: public java.lang.String edu.ncsu.csc.itrust2.controllers.hcp.OfficeVisitController.documentVisitSubmit(edu.ncsu.csc.itrust2.forms.hcp.OfficeVisitForm,org.springframework.validation.BindingResult,org.springframework.ui.Model)
21:23:52.255 [main] DEBUG o.s.s.a.p.PrePostAnnotationSecurityMetadataSource - @org.springframework.security.access.prepost.PreAuthorize(value=hasRole('ROLE_HCP')) found on specific method: public java.lang.String edu.ncsu.csc.itrust2.controllers.hcp.OfficeVisitController.getAllOfficeVisits(org.springframework.ui.Model)
21:23:52.256 [main] DEBUG o.s.s.a.m.DelegatingMethodSecurityMetadataSource - Caching method [CacheKey[edu.ncsu.csc.itrust2.controllers.hcp.OfficeVisitController; public java.lang.String edu.ncsu.csc.itrust2.controllers.hcp.OfficeVisitController.getAllOfficeVisits(org.springframework.ui.Model)]] with attributes [[authorize: 'hasRole('ROLE_HCP')', filter: 'null', filterTarget: 'null']]
21:23:52.256 [main] DEBUG o.s.aop.framework.CglibAopProxy - Unable to apply any optimisations to advised method: public java.lang.String edu.ncsu.csc.itrust2.controllers.hcp.OfficeVisitController.getAllOfficeVisits(org.springframework.ui.Model)
21:23:52.256 [main] DEBUG o.s.aop.framework.CglibAopProxy - Found 'equals' method: public boolean java.lang.Object.equals(java.lang.Object)
21:23:52.257 [main] DEBUG o.s.aop.framework.CglibAopProxy - Unable to apply any optimisations to advised method: public java.lang.String java.lang.Object.toString()
21:23:52.257 [main] DEBUG o.s.aop.framework.CglibAopProxy - Found 'hashCode' method: public native int java.lang.Object.hashCode()
21:23:52.257 [main] DEBUG o.s.aop.framework.CglibAopProxy - Unable to apply any optimisations to advised method: protected native java.lang.Object java.lang.Object.clone() throws java.lang.CloneNotSupportedException
21:23:52.257 [main] DEBUG o.s.aop.framework.CglibAopProxy - Method is declared on Advised interface: public abstract boolean org.springframework.aop.framework.Advised.isProxyTargetClass()
21:23:52.257 [main] DEBUG o.s.aop.framework.CglibAopProxy - Method is declared on Advised interface: public abstract void org.springframework.aop.framework.Advised.setPreFiltered(boolean)
21:23:52.257 [main] DEBUG o.s.aop.framework.CglibAopProxy - Method is declared on Advised interface: public abstract boolean org.springframework.aop.framework.Advised.isExposeProxy()
21:23:52.257 [main] DEBUG o.s.aop.framework.CglibAopProxy - Method is declared on Advised interface: public abstract void org.springframework.aop.framework.Advised.setExposeProxy(boolean)
21:23:52.257 [main] DEBUG o.s.aop.framework.CglibAopProxy - Method is declared on Advised interface: public abstract void org.springframework.aop.framework.Advised.addAdvice(int,org.aopalliance.aop.Advice) throws org.springframework.aop.framework.AopConfigException
21:23:52.257 [main] DEBUG o.s.aop.framework.CglibAopProxy - Method is declared on Advised interface: public abstract void org.springframework.aop.framework.Advised.addAdvice(org.aopalliance.aop.Advice) throws org.springframework.aop.framework.AopConfigException
21:23:52.257 [main] DEBUG o.s.aop.framework.CglibAopProxy - Method is declared on Advised interface: public abstract boolean org.springframework.aop.framework.Advised.isPreFiltered()
21:23:52.257 [main] DEBUG o.s.aop.framework.CglibAopProxy - Method is declared on Advised interface: public abstract java.lang.Class[] org.springframework.aop.framework.Advised.getProxiedInterfaces()
21:23:52.257 [main] DEBUG o.s.aop.framework.CglibAopProxy - Method is declared on Advised interface: public abstract boolean org.springframework.aop.framework.Advised.isInterfaceProxied(java.lang.Class)
21:23:52.257 [main] DEBUG o.s.aop.framework.CglibAopProxy - Method is declared on Advised interface: public abstract org.springframework.aop.Advisor[] org.springframework.aop.framework.Advised.getAdvisors()
21:23:52.257 [main] DEBUG o.s.aop.framework.CglibAopProxy - Method is declared on Advised interface: public abstract void org.springframework.aop.framework.Advised.removeAdvisor(int) throws org.springframework.aop.framework.AopConfigException
21:23:52.257 [main] DEBUG o.s.aop.framework.CglibAopProxy - Method is declared on Advised interface: public abstract boolean org.springframework.aop.framework.Advised.removeAdvisor(org.springframework.aop.Advisor)
21:23:52.258 [main] DEBUG o.s.aop.framework.CglibAopProxy - Method is declared on Advised interface: public abstract boolean org.springframework.aop.framework.Advised.replaceAdvisor(org.springframework.aop.Advisor,org.springframework.aop.Advisor) throws org.springframework.aop.framework.AopConfigException
21:23:52.258 [main] DEBUG o.s.aop.framework.CglibAopProxy - Method is declared on Advised interface: public abstract boolean org.springframework.aop.framework.Advised.removeAdvice(org.aopalliance.aop.Advice)
21:23:52.258 [main] DEBUG o.s.aop.framework.CglibAopProxy - Method is declared on Advised interface: public abstract java.lang.String org.springframework.aop.framework.Advised.toProxyConfigString()
21:23:52.258 [main] DEBUG o.s.aop.framework.CglibAopProxy - Method is declared on Advised interface: public abstract org.springframework.aop.TargetSource org.springframework.aop.framework.Advised.getTargetSource()
21:23:52.258 [main] DEBUG o.s.aop.framework.CglibAopProxy - Method is declared on Advised interface: public abstract void org.springframework.aop.framework.Advised.addAdvisor(org.springframework.aop.Advisor) throws org.springframework.aop.framework.AopConfigException
21:23:52.258 [main] DEBUG o.s.aop.framework.CglibAopProxy - Method is declared on Advised interface: public abstract void org.springframework.aop.framework.Advised.addAdvisor(int,org.springframework.aop.Advisor) throws org.springframework.aop.framework.AopConfigException
21:23:52.258 [main] DEBUG o.s.aop.framework.CglibAopProxy - Method is declared on Advised interface: public abstract void org.springframework.aop.framework.Advised.setTargetSource(org.springframework.aop.TargetSource)
21:23:52.258 [main] DEBUG o.s.aop.framework.CglibAopProxy - Method is declared on Advised interface: public abstract int org.springframework.aop.framework.Advised.indexOf(org.aopalliance.aop.Advice)
21:23:52.258 [main] DEBUG o.s.aop.framework.CglibAopProxy - Method is declared on Advised interface: public abstract int org.springframework.aop.framework.Advised.indexOf(org.springframework.aop.Advisor)
21:23:52.258 [main] DEBUG o.s.aop.framework.CglibAopProxy - Method is declared on Advised interface: public abstract boolean org.springframework.aop.framework.Advised.isFrozen()
21:23:52.258 [main] DEBUG o.s.aop.framework.CglibAopProxy - Method is declared on Advised interface: public abstract java.lang.Class org.springframework.aop.TargetClassAware.getTargetClass()
21:23:52.270 [main] DEBUG o.s.b.f.s.DefaultListableBeanFactory - Finished creating instance of bean 'officeVisitController'
21:23:52.271 [main] DEBUG o.s.b.f.s.DefaultListableBeanFactory - Creating shared instance of singleton bean 'appointmentController'
21:23:52.271 [main] DEBUG o.s.b.f.s.DefaultListableBeanFactory - Creating instance of bean 'appointmentController'
21:23:52.281 [main] DEBUG o.s.b.f.s.DefaultListableBeanFactory - Eagerly caching bean 'appointmentController' to allow for resolving potential circular references
21:23:52.291 [main] DEBUG o.s.b.f.s.DefaultListableBeanFactory - Returning cached instance of singleton bean 'metaDataSourceAdvisor'
21:23:52.294 [main] DEBUG o.s.s.a.p.PrePostAnnotationSecurityMetadataSource - @org.springframework.security.access.prepost.PreAuthorize(value=hasRole('ROLE_PATIENT')) found on specific method: public java.lang.String edu.ncsu.csc.itrust2.controllers.patient.AppointmentController.inventorySubmit(edu.ncsu.csc.itrust2.forms.patient.AppointmentRequestForm,org.springframework.validation.BindingResult,org.springframework.ui.Model)
21:23:52.295 [main] DEBUG o.s.s.a.m.DelegatingMethodSecurityMetadataSource - Caching method [CacheKey[edu.ncsu.csc.itrust2.controllers.patient.AppointmentController; public java.lang.String edu.ncsu.csc.itrust2.controllers.patient.AppointmentController.inventorySubmit(edu.ncsu.csc.itrust2.forms.patient.AppointmentRequestForm,org.springframework.validation.BindingResult,org.springframework.ui.Model)]] with attributes [[authorize: 'hasRole('ROLE_PATIENT')', filter: 'null', filterTarget: 'null']]
21:23:52.295 [main] DEBUG o.s.a.f.a.InfrastructureAdvisorAutoProxyCreator - Creating implicit proxy for bean 'appointmentController' with 0 common interceptors and 1 specific interceptors
21:23:52.295 [main] DEBUG o.s.aop.framework.CglibAopProxy - Creating CGLIB proxy: target source is SingletonTargetSource for target object [edu.ncsu.csc.itrust2.controllers.patient.AppointmentController@492c1b1b]
21:23:52.299 [main] DEBUG o.s.aop.framework.CglibAopProxy - Unable to apply any optimisations to advised method: public java.lang.String edu.ncsu.csc.itrust2.controllers.patient.AppointmentController.inventorySubmit(edu.ncsu.csc.itrust2.forms.patient.AppointmentRequestForm,org.springframework.validation.BindingResult,org.springframework.ui.Model)
21:23:52.300 [main] DEBUG o.s.s.a.p.PrePostAnnotationSecurityMetadataSource - @org.springframework.security.access.prepost.PreAuthorize(value=hasRole('ROLE_PATIENT')) found on specific method: public java.lang.String edu.ncsu.csc.itrust2.controllers.patient.AppointmentController.viewAppointmentRequests(org.springframework.ui.Model)
21:23:52.301 [main] DEBUG o.s.s.a.m.DelegatingMethodSecurityMetadataSource - Caching method [CacheKey[edu.ncsu.csc.itrust2.controllers.patient.AppointmentController; public java.lang.String edu.ncsu.csc.itrust2.controllers.patient.AppointmentController.viewAppointmentRequests(org.springframework.ui.Model)]] with attributes [[authorize: 'hasRole('ROLE_PATIENT')', filter: 'null', filterTarget: 'null']]
21:23:52.301 [main] DEBUG o.s.aop.framework.CglibAopProxy - Unable to apply any optimisations to advised method: public java.lang.String edu.ncsu.csc.itrust2.controllers.patient.AppointmentController.viewAppointmentRequests(org.springframework.ui.Model)
21:23:52.301 [main] DEBUG o.s.s.a.p.PrePostAnnotationSecurityMetadataSource - @org.springframework.security.access.prepost.PreAuthorize(value=hasRole('ROLE_PATIENT')) found on specific method: public java.lang.String edu.ncsu.csc.itrust2.controllers.patient.AppointmentController.viewRequestsSubmit(edu.ncsu.csc.itrust2.forms.patient.AppointmentForm)
21:23:52.301 [main] DEBUG o.s.s.a.m.DelegatingMethodSecurityMetadataSource - Caching method [CacheKey[edu.ncsu.csc.itrust2.controllers.patient.AppointmentController; public java.lang.String edu.ncsu.csc.itrust2.controllers.patient.AppointmentController.viewRequestsSubmit(edu.ncsu.csc.itrust2.forms.patient.AppointmentForm)]] with attributes [[authorize: 'hasRole('ROLE_PATIENT')', filter: 'null', filterTarget: 'null']]
21:23:52.301 [main] DEBUG o.s.aop.framework.CglibAopProxy - Unable to apply any optimisations to advised method: public java.lang.String edu.ncsu.csc.itrust2.controllers.patient.AppointmentController.viewRequestsSubmit(edu.ncsu.csc.itrust2.forms.patient.AppointmentForm)
21:23:52.303 [main] DEBUG o.s.s.a.p.PrePostAnnotationSecurityMetadataSource - @org.springframework.security.access.prepost.PreAuthorize(value=hasRole('ROLE_PATIENT')) found on specific method: public java.lang.String edu.ncsu.csc.itrust2.controllers.patient.AppointmentController.requestAppointmentForm(org.springframework.ui.Model)
21:23:52.304 [main] DEBUG o.s.s.a.m.DelegatingMethodSecurityMetadataSource - Caching method [CacheKey[edu.ncsu.csc.itrust2.controllers.patient.AppointmentController; public java.lang.String edu.ncsu.csc.itrust2.controllers.patient.AppointmentController.requestAppointmentForm(org.springframework.ui.Model)]] with attributes [[authorize: 'hasRole('ROLE_PATIENT')', filter: 'null', filterTarget: 'null']]
21:23:52.304 [main] DEBUG o.s.aop.framework.CglibAopProxy - Unable to apply any optimisations to advised method: public java.lang.String edu.ncsu.csc.itrust2.controllers.patient.AppointmentController.requestAppointmentForm(org.springframework.ui.Model)
21:23:52.304 [main] DEBUG o.s.aop.framework.CglibAopProxy - Found 'equals' method: public boolean java.lang.Object.equals(java.lang.Object)
21:23:52.305 [main] DEBUG o.s.aop.framework.CglibAopProxy - Unable to apply any optimisations to advised method: public java.lang.String java.lang.Object.toString()
21:23:52.305 [main] DEBUG o.s.aop.framework.CglibAopProxy - Found 'hashCode' method: public native int java.lang.Object.hashCode()
21:23:52.305 [main] DEBUG o.s.aop.framework.CglibAopProxy - Unable to apply any optimisations to advised method: protected native java.lang.Object java.lang.Object.clone() throws java.lang.CloneNotSupportedException
21:23:52.305 [main] DEBUG o.s.aop.framework.CglibAopProxy - Method is declared on Advised interface: public abstract boolean org.springframework.aop.framework.Advised.isProxyTargetClass()
21:23:52.305 [main] DEBUG o.s.aop.framework.CglibAopProxy - Method is declared on Advised interface: public abstract void org.springframework.aop.framework.Advised.setPreFiltered(boolean)
21:23:52.305 [main] DEBUG o.s.aop.framework.CglibAopProxy - Method is declared on Advised interface: public abstract boolean org.springframework.aop.framework.Advised.isExposeProxy()
21:23:52.305 [main] DEBUG o.s.aop.framework.CglibAopProxy - Method is declared on Advised interface: public abstract void org.springframework.aop.framework.Advised.setExposeProxy(boolean)
21:23:52.305 [main] DEBUG o.s.aop.framework.CglibAopProxy - Method is declared on Advised interface: public abstract void org.springframework.aop.framework.Advised.addAdvice(int,org.aopalliance.aop.Advice) throws org.springframework.aop.framework.AopConfigException
21:23:52.305 [main] DEBUG o.s.aop.framework.CglibAopProxy - Method is declared on Advised interface: public abstract void org.springframework.aop.framework.Advised.addAdvice(org.aopalliance.aop.Advice) throws org.springframework.aop.framework.AopConfigException
21:23:52.305 [main] DEBUG o.s.aop.framework.CglibAopProxy - Method is declared on Advised interface: public abstract boolean org.springframework.aop.framework.Advised.isPreFiltered()
21:23:52.305 [main] DEBUG o.s.aop.framework.CglibAopProxy - Method is declared on Advised interface: public abstract java.lang.Class[] org.springframework.aop.framework.Advised.getProxiedInterfaces()
21:23:52.305 [main] DEBUG o.s.aop.framework.CglibAopProxy - Method is declared on Advised interface: public abstract boolean org.springframework.aop.framework.Advised.isInterfaceProxied(java.lang.Class)
21:23:52.305 [main] DEBUG o.s.aop.framework.CglibAopProxy - Method is declared on Advised interface: public abstract org.springframework.aop.Advisor[] org.springframework.aop.framework.Advised.getAdvisors()
21:23:52.305 [main] DEBUG o.s.aop.framework.CglibAopProxy - Method is declared on Advised interface: public abstract void org.springframework.aop.framework.Advised.removeAdvisor(int) throws org.springframework.aop.framework.AopConfigException
21:23:52.305 [main] DEBUG o.s.aop.framework.CglibAopProxy - Method is declared on Advised interface: public abstract boolean org.springframework.aop.framework.Advised.removeAdvisor(org.springframework.aop.Advisor)
21:23:52.305 [main] DEBUG o.s.aop.framework.CglibAopProxy - Method is declared on Advised interface: public abstract boolean org.springframework.aop.framework.Advised.replaceAdvisor(org.springframework.aop.Advisor,org.springframework.aop.Advisor) throws org.springframework.aop.framework.AopConfigException
21:23:52.305 [main] DEBUG o.s.aop.framework.CglibAopProxy - Method is declared on Advised interface: public abstract boolean org.springframework.aop.framework.Advised.removeAdvice(org.aopalliance.aop.Advice)
21:23:52.305 [main] DEBUG o.s.aop.framework.CglibAopProxy - Method is declared on Advised interface: public abstract java.lang.String org.springframework.aop.framework.Advised.toProxyConfigString()
21:23:52.305 [main] DEBUG o.s.aop.framework.CglibAopProxy - Method is declared on Advised interface: public abstract org.springframework.aop.TargetSource org.springframework.aop.framework.Advised.getTargetSource()
21:23:52.305 [main] DEBUG o.s.aop.framework.CglibAopProxy - Method is declared on Advised interface: public abstract void org.springframework.aop.framework.Advised.addAdvisor(org.springframework.aop.Advisor) throws org.springframework.aop.framework.AopConfigException
21:23:52.305 [main] DEBUG o.s.aop.framework.CglibAopProxy - Method is declared on Advised interface: public abstract void org.springframework.aop.framework.Advised.addAdvisor(int,org.springframework.aop.Advisor) throws org.springframework.aop.framework.AopConfigException
21:23:52.305 [main] DEBUG o.s.aop.framework.CglibAopProxy - Method is declared on Advised interface: public abstract void org.springframework.aop.framework.Advised.setTargetSource(org.springframework.aop.TargetSource)
21:23:52.305 [main] DEBUG o.s.aop.framework.CglibAopProxy - Method is declared on Advised interface: public abstract int org.springframework.aop.framework.Advised.indexOf(org.aopalliance.aop.Advice)
21:23:52.305 [main] DEBUG o.s.aop.framework.CglibAopProxy - Method is declared on Advised interface: public abstract int org.springframework.aop.framework.Advised.indexOf(org.springframework.aop.Advisor)
21:23:52.305 [main] DEBUG o.s.aop.framework.CglibAopProxy - Method is declared on Advised interface: public abstract boolean org.springframework.aop.framework.Advised.isFrozen()
21:23:52.305 [main] DEBUG o.s.aop.framework.CglibAopProxy - Method is declared on Advised interface: public abstract java.lang.Class org.springframework.aop.TargetClassAware.getTargetClass()
21:23:52.314 [main] DEBUG o.s.b.f.s.DefaultListableBeanFactory - Finished creating instance of bean 'appointmentController'
21:23:52.316 [main] DEBUG o.s.b.f.s.DefaultListableBeanFactory - Creating shared instance of singleton bean 'diagnosesController'
21:23:52.316 [main] DEBUG o.s.b.f.s.DefaultListableBeanFactory - Creating instance of bean 'diagnosesController'
21:23:52.316 [main] DEBUG o.s.b.f.s.DefaultListableBeanFactory - Eagerly caching bean 'diagnosesController' to allow for resolving potential circular references
21:23:52.328 [main] DEBUG o.s.b.f.s.DefaultListableBeanFactory - Returning cached instance of singleton bean 'metaDataSourceAdvisor'
21:23:52.330 [main] DEBUG o.s.s.a.p.PrePostAnnotationSecurityMetadataSource - @org.springframework.security.access.prepost.PreAuthorize(value=hasRole('ROLE_PATIENT')) found on specific method: public java.lang.String edu.ncsu.csc.itrust2.controllers.patient.DiagnosesController.viewDiagnoses(org.springframework.ui.Model)
21:23:52.331 [main] DEBUG o.s.s.a.m.DelegatingMethodSecurityMetadataSource - Caching method [CacheKey[edu.ncsu.csc.itrust2.controllers.patient.DiagnosesController; public java.lang.String edu.ncsu.csc.itrust2.controllers.patient.DiagnosesController.viewDiagnoses(org.springframework.ui.Model)]] with attributes [[authorize: 'hasRole('ROLE_PATIENT')', filter: 'null', filterTarget: 'null']]
21:23:52.332 [main] DEBUG o.s.a.f.a.InfrastructureAdvisorAutoProxyCreator - Creating implicit proxy for bean 'diagnosesController' with 0 common interceptors and 1 specific interceptors
21:23:52.332 [main] DEBUG o.s.aop.framework.CglibAopProxy - Creating CGLIB proxy: target source is SingletonTargetSource for target object [edu.ncsu.csc.itrust2.controllers.patient.DiagnosesController@37635407]
21:23:52.333 [main] DEBUG o.s.aop.framework.CglibAopProxy - Unable to apply any optimisations to advised method: public java.lang.String edu.ncsu.csc.itrust2.controllers.patient.DiagnosesController.viewDiagnoses(org.springframework.ui.Model)
21:23:52.333 [main] DEBUG o.s.aop.framework.CglibAopProxy - Found 'equals' method: public boolean java.lang.Object.equals(java.lang.Object)
21:23:52.333 [main] DEBUG o.s.aop.framework.CglibAopProxy - Unable to apply any optimisations to advised method: public java.lang.String java.lang.Object.toString()
21:23:52.333 [main] DEBUG o.s.aop.framework.CglibAopProxy - Found 'hashCode' method: public native int java.lang.Object.hashCode()
21:23:52.334 [main] DEBUG o.s.aop.framework.CglibAopProxy - Unable to apply any optimisations to advised method: protected native java.lang.Object java.lang.Object.clone() throws java.lang.CloneNotSupportedException
21:23:52.334 [main] DEBUG o.s.aop.framework.CglibAopProxy - Method is declared on Advised interface: public abstract boolean org.springframework.aop.framework.Advised.isProxyTargetClass()
21:23:52.334 [main] DEBUG o.s.aop.framework.CglibAopProxy - Method is declared on Advised interface: public abstract void org.springframework.aop.framework.Advised.setPreFiltered(boolean)
21:23:52.334 [main] DEBUG o.s.aop.framework.CglibAopProxy - Method is declared on Advised interface: public abstract boolean org.springframework.aop.framework.Advised.isExposeProxy()
21:23:52.335 [main] DEBUG o.s.aop.framework.CglibAopProxy - Method is declared on Advised interface: public abstract void org.springframework.aop.framework.Advised.setExposeProxy(boolean)
21:23:52.335 [main] DEBUG o.s.aop.framework.CglibAopProxy - Method is declared on Advised interface: public abstract void org.springframework.aop.framework.Advised.addAdvice(int,org.aopalliance.aop.Advice) throws org.springframework.aop.framework.AopConfigException
21:23:52.335 [main] DEBUG o.s.aop.framework.CglibAopProxy - Method is declared on Advised interface: public abstract void org.springframework.aop.framework.Advised.addAdvice(org.aopalliance.aop.Advice) throws org.springframework.aop.framework.AopConfigException
21:23:52.335 [main] DEBUG o.s.aop.framework.CglibAopProxy - Method is declared on Advised interface: public abstract boolean org.springframework.aop.framework.Advised.isPreFiltered()
21:23:52.335 [main] DEBUG o.s.aop.framework.CglibAopProxy - Method is declared on Advised interface: public abstract java.lang.Class[] org.springframework.aop.framework.Advised.getProxiedInterfaces()
21:23:52.335 [main] DEBUG o.s.aop.framework.CglibAopProxy - Method is declared on Advised interface: public abstract boolean org.springframework.aop.framework.Advised.isInterfaceProxied(java.lang.Class)
21:23:52.335 [main] DEBUG o.s.aop.framework.CglibAopProxy - Method is declared on Advised interface: public abstract org.springframework.aop.Advisor[] org.springframework.aop.framework.Advised.getAdvisors()
21:23:52.335 [main] DEBUG o.s.aop.framework.CglibAopProxy - Method is declared on Advised interface: public abstract void org.springframework.aop.framework.Advised.removeAdvisor(int) throws org.springframework.aop.framework.AopConfigException
21:23:52.335 [main] DEBUG o.s.aop.framework.CglibAopProxy - Method is declared on Advised interface: public abstract boolean org.springframework.aop.framework.Advised.removeAdvisor(org.springframework.aop.Advisor)
21:23:52.335 [main] DEBUG o.s.aop.framework.CglibAopProxy - Method is declared on Advised interface: public abstract boolean org.springframework.aop.framework.Advised.replaceAdvisor(org.springframework.aop.Advisor,org.springframework.aop.Advisor) throws org.springframework.aop.framework.AopConfigException
21:23:52.335 [main] DEBUG o.s.aop.framework.CglibAopProxy - Method is declared on Advised interface: public abstract boolean org.springframework.aop.framework.Advised.removeAdvice(org.aopalliance.aop.Advice)
21:23:52.336 [main] DEBUG o.s.aop.framework.CglibAopProxy - Method is declared on Advised interface: public abstract java.lang.String org.springframework.aop.framework.Advised.toProxyConfigString()
21:23:52.336 [main] DEBUG o.s.aop.framework.CglibAopProxy - Method is declared on Advised interface: public abstract org.springframework.aop.TargetSource org.springframework.aop.framework.Advised.getTargetSource()
21:23:52.336 [main] DEBUG o.s.aop.framework.CglibAopProxy - Method is declared on Advised interface: public abstract void org.springframework.aop.framework.Advised.addAdvisor(org.springframework.aop.Advisor) throws org.springframework.aop.framework.AopConfigException
21:23:52.336 [main] DEBUG o.s.aop.framework.CglibAopProxy - Method is declared on Advised interface: public abstract void org.springframework.aop.framework.Advised.addAdvisor(int,org.springframework.aop.Advisor) throws org.springframework.aop.framework.AopConfigException
21:23:52.336 [main] DEBUG o.s.aop.framework.CglibAopProxy - Method is declared on Advised interface: public abstract void org.springframework.aop.framework.Advised.setTargetSource(org.springframework.aop.TargetSource)
21:23:52.336 [main] DEBUG o.s.aop.framework.CglibAopProxy - Method is declared on Advised interface: public abstract int org.springframework.aop.framework.Advised.indexOf(org.aopalliance.aop.Advice)
21:23:52.336 [main] DEBUG o.s.aop.framework.CglibAopProxy - Method is declared on Advised interface: public abstract int org.springframework.aop.framework.Advised.indexOf(org.springframework.aop.Advisor)
21:23:52.336 [main] DEBUG o.s.aop.framework.CglibAopProxy - Method is declared on Advised interface: public abstract boolean org.springframework.aop.framework.Advised.isFrozen()
21:23:52.336 [main] DEBUG o.s.aop.framework.CglibAopProxy - Method is declared on Advised interface: public abstract java.lang.Class org.springframework.aop.TargetClassAware.getTargetClass()
21:23:52.347 [main] DEBUG o.s.b.f.s.DefaultListableBeanFactory - Finished creating instance of bean 'diagnosesController'
21:23:52.347 [main] DEBUG o.s.b.f.s.DefaultListableBeanFactory - Creating shared instance of singleton bean 'patientController'
21:23:52.347 [main] DEBUG o.s.b.f.s.DefaultListableBeanFactory - Creating instance of bean 'patientController'
21:23:52.352 [main] DEBUG o.s.b.f.s.DefaultListableBeanFactory - Eagerly caching bean 'patientController' to allow for resolving potential circular references
21:23:52.354 [main] DEBUG o.s.b.f.s.DefaultListableBeanFactory - Returning cached instance of singleton bean 'metaDataSourceAdvisor'
21:23:52.356 [main] DEBUG o.s.s.a.p.PrePostAnnotationSecurityMetadataSource - @org.springframework.security.access.prepost.PreAuthorize(value=hasRole('ROLE_PATIENT')) found on specific method: public java.lang.String edu.ncsu.csc.itrust2.controllers.patient.PatientController.viewOfficeVisits(org.springframework.ui.Model)
21:23:52.357 [main] DEBUG o.s.s.a.m.DelegatingMethodSecurityMetadataSource - Caching method [CacheKey[edu.ncsu.csc.itrust2.controllers.patient.PatientController; public java.lang.String edu.ncsu.csc.itrust2.controllers.patient.PatientController.viewOfficeVisits(org.springframework.ui.Model)]] with attributes [[authorize: 'hasRole('ROLE_PATIENT')', filter: 'null', filterTarget: 'null']]
21:23:52.358 [main] DEBUG o.s.a.f.a.InfrastructureAdvisorAutoProxyCreator - Creating implicit proxy for bean 'patientController' with 0 common interceptors and 1 specific interceptors
21:23:52.359 [main] DEBUG o.s.aop.framework.CglibAopProxy - Creating CGLIB proxy: target source is SingletonTargetSource for target object [edu.ncsu.csc.itrust2.controllers.patient.PatientController@3e216fc9]
21:23:52.360 [main] DEBUG o.s.aop.framework.CglibAopProxy - Unable to apply any optimisations to advised method: public java.lang.String edu.ncsu.csc.itrust2.controllers.patient.PatientController.viewOfficeVisits(org.springframework.ui.Model)
21:23:52.360 [main] DEBUG o.s.s.a.p.PrePostAnnotationSecurityMetadataSource - @org.springframework.security.access.prepost.PreAuthorize(value=hasRole('ROLE_PATIENT')) found on specific method: public java.lang.String edu.ncsu.csc.itrust2.controllers.patient.PatientController.viewPrescriptions(org.springframework.ui.Model)
21:23:52.361 [main] DEBUG o.s.s.a.m.DelegatingMethodSecurityMetadataSource - Caching method [CacheKey[edu.ncsu.csc.itrust2.controllers.patient.PatientController; public java.lang.String edu.ncsu.csc.itrust2.controllers.patient.PatientController.viewPrescriptions(org.springframework.ui.Model)]] with attributes [[authorize: 'hasRole('ROLE_PATIENT')', filter: 'null', filterTarget: 'null']]
21:23:52.361 [main] DEBUG o.s.aop.framework.CglibAopProxy - Unable to apply any optimisations to advised method: public java.lang.String edu.ncsu.csc.itrust2.controllers.patient.PatientController.viewPrescriptions(org.springframework.ui.Model)
21:23:52.361 [main] DEBUG o.s.s.a.p.PrePostAnnotationSecurityMetadataSource - @org.springframework.security.access.prepost.PreAuthorize(value=hasRole('ROLE_PATIENT')) found on specific method: public java.lang.String edu.ncsu.csc.itrust2.controllers.patient.PatientController.viewDemographics(org.springframework.ui.Model)
21:23:52.362 [main] DEBUG o.s.s.a.m.DelegatingMethodSecurityMetadataSource - Caching method [CacheKey[edu.ncsu.csc.itrust2.controllers.patient.PatientController; public java.lang.String edu.ncsu.csc.itrust2.controllers.patient.PatientController.viewDemographics(org.springframework.ui.Model)]] with attributes [[authorize: 'hasRole('ROLE_PATIENT')', filter: 'null', filterTarget: 'null']]
21:23:52.362 [main] DEBUG o.s.aop.framework.CglibAopProxy - Unable to apply any optimisations to advised method: public java.lang.String edu.ncsu.csc.itrust2.controllers.patient.PatientController.viewDemographics(org.springframework.ui.Model)
21:23:52.362 [main] DEBUG o.s.s.a.p.PrePostAnnotationSecurityMetadataSource - @org.springframework.security.access.prepost.PreAuthorize(value=hasRole('ROLE_PATIENT')) found on specific method: public java.lang.String edu.ncsu.csc.itrust2.controllers.patient.PatientController.demographicsSubmit(edu.ncsu.csc.itrust2.forms.hcp_patient.PatientForm,org.springframework.validation.BindingResult,org.springframework.ui.Model)
21:23:52.362 [main] DEBUG o.s.s.a.m.DelegatingMethodSecurityMetadataSource - Caching method [CacheKey[edu.ncsu.csc.itrust2.controllers.patient.PatientController; public java.lang.String edu.ncsu.csc.itrust2.controllers.patient.PatientController.demographicsSubmit(edu.ncsu.csc.itrust2.forms.hcp_patient.PatientForm,org.springframework.validation.BindingResult,org.springframework.ui.Model)]] with attributes [[authorize: 'hasRole('ROLE_PATIENT')', filter: 'null', filterTarget: 'null']]
21:23:52.362 [main] DEBUG o.s.aop.framework.CglibAopProxy - Unable to apply any optimisations to advised method: public java.lang.String edu.ncsu.csc.itrust2.controllers.patient.PatientController.demographicsSubmit(edu.ncsu.csc.itrust2.forms.hcp_patient.PatientForm,org.springframework.validation.BindingResult,org.springframework.ui.Model)
21:23:52.362 [main] DEBUG o.s.s.a.p.PrePostAnnotationSecurityMetadataSource - @org.springframework.security.access.prepost.PreAuthorize(value=hasRole('ROLE_PATIENT')) found on specific method: public java.lang.String edu.ncsu.csc.itrust2.controllers.patient.PatientController.index(org.springframework.ui.Model)
21:23:52.362 [main] DEBUG o.s.s.a.m.DelegatingMethodSecurityMetadataSource - Caching method [CacheKey[edu.ncsu.csc.itrust2.controllers.patient.PatientController; public java.lang.String edu.ncsu.csc.itrust2.controllers.patient.PatientController.index(org.springframework.ui.Model)]] with attributes [[authorize: 'hasRole('ROLE_PATIENT')', filter: 'null', filterTarget: 'null']]
21:23:52.362 [main] DEBUG o.s.aop.framework.CglibAopProxy - Unable to apply any optimisations to advised method: public java.lang.String edu.ncsu.csc.itrust2.controllers.patient.PatientController.index(org.springframework.ui.Model)
21:23:52.362 [main] DEBUG o.s.aop.framework.CglibAopProxy - Found 'equals' method: public boolean java.lang.Object.equals(java.lang.Object)
21:23:52.362 [main] DEBUG o.s.aop.framework.CglibAopProxy - Unable to apply any optimisations to advised method: public java.lang.String java.lang.Object.toString()
21:23:52.362 [main] DEBUG o.s.aop.framework.CglibAopProxy - Found 'hashCode' method: public native int java.lang.Object.hashCode()
21:23:52.362 [main] DEBUG o.s.aop.framework.CglibAopProxy - Unable to apply any optimisations to advised method: protected native java.lang.Object java.lang.Object.clone() throws java.lang.CloneNotSupportedException
21:23:52.362 [main] DEBUG o.s.aop.framework.CglibAopProxy - Method is declared on Advised interface: public abstract boolean org.springframework.aop.framework.Advised.isProxyTargetClass()
21:23:52.362 [main] DEBUG o.s.aop.framework.CglibAopProxy - Method is declared on Advised interface: public abstract void org.springframework.aop.framework.Advised.setPreFiltered(boolean)
21:23:52.362 [main] DEBUG o.s.aop.framework.CglibAopProxy - Method is declared on Advised interface: public abstract boolean org.springframework.aop.framework.Advised.isExposeProxy()
21:23:52.362 [main] DEBUG o.s.aop.framework.CglibAopProxy - Method is declared on Advised interface: public abstract void org.springframework.aop.framework.Advised.setExposeProxy(boolean)
21:23:52.362 [main] DEBUG o.s.aop.framework.CglibAopProxy - Method is declared on Advised interface: public abstract void org.springframework.aop.framework.Advised.addAdvice(int,org.aopalliance.aop.Advice) throws org.springframework.aop.framework.AopConfigException
21:23:52.362 [main] DEBUG o.s.aop.framework.CglibAopProxy - Method is declared on Advised interface: public abstract void org.springframework.aop.framework.Advised.addAdvice(org.aopalliance.aop.Advice) throws org.springframework.aop.framework.AopConfigException
21:23:52.362 [main] DEBUG o.s.aop.framework.CglibAopProxy - Method is declared on Advised interface: public abstract boolean org.springframework.aop.framework.Advised.isPreFiltered()
21:23:52.363 [main] DEBUG o.s.aop.framework.CglibAopProxy - Method is declared on Advised interface: public abstract java.lang.Class[] org.springframework.aop.framework.Advised.getProxiedInterfaces()
21:23:52.363 [main] DEBUG o.s.aop.framework.CglibAopProxy - Method is declared on Advised interface: public abstract boolean org.springframework.aop.framework.Advised.isInterfaceProxied(java.lang.Class)
21:23:52.363 [main] DEBUG o.s.aop.framework.CglibAopProxy - Method is declared on Advised interface: public abstract org.springframework.aop.Advisor[] org.springframework.aop.framework.Advised.getAdvisors()
21:23:52.363 [main] DEBUG o.s.aop.framework.CglibAopProxy - Method is declared on Advised interface: public abstract void org.springframework.aop.framework.Advised.removeAdvisor(int) throws org.springframework.aop.framework.AopConfigException
21:23:52.363 [main] DEBUG o.s.aop.framework.CglibAopProxy - Method is declared on Advised interface: public abstract boolean org.springframework.aop.framework.Advised.removeAdvisor(org.springframework.aop.Advisor)
21:23:52.363 [main] DEBUG o.s.aop.framework.CglibAopProxy - Method is declared on Advised interface: public abstract boolean org.springframework.aop.framework.Advised.replaceAdvisor(org.springframework.aop.Advisor,org.springframework.aop.Advisor) throws org.springframework.aop.framework.AopConfigException
21:23:52.363 [main] DEBUG o.s.aop.framework.CglibAopProxy - Method is declared on Advised interface: public abstract boolean org.springframework.aop.framework.Advised.removeAdvice(org.aopalliance.aop.Advice)
21:23:52.363 [main] DEBUG o.s.aop.framework.CglibAopProxy - Method is declared on Advised interface: public abstract java.lang.String org.springframework.aop.framework.Advised.toProxyConfigString()
21:23:52.363 [main] DEBUG o.s.aop.framework.CglibAopProxy - Method is declared on Advised interface: public abstract org.springframework.aop.TargetSource org.springframework.aop.framework.Advised.getTargetSource()
21:23:52.363 [main] DEBUG o.s.aop.framework.CglibAopProxy - Method is declared on Advised interface: public abstract void org.springframework.aop.framework.Advised.addAdvisor(org.springframework.aop.Advisor) throws org.springframework.aop.framework.AopConfigException
21:23:52.363 [main] DEBUG o.s.aop.framework.CglibAopProxy - Method is declared on Advised interface: public abstract void org.springframework.aop.framework.Advised.addAdvisor(int,org.springframework.aop.Advisor) throws org.springframework.aop.framework.AopConfigException
21:23:52.363 [main] DEBUG o.s.aop.framework.CglibAopProxy - Method is declared on Advised interface: public abstract void org.springframework.aop.framework.Advised.setTargetSource(org.springframework.aop.TargetSource)
21:23:52.363 [main] DEBUG o.s.aop.framework.CglibAopProxy - Method is declared on Advised interface: public abstract int org.springframework.aop.framework.Advised.indexOf(org.aopalliance.aop.Advice)
21:23:52.363 [main] DEBUG o.s.aop.framework.CglibAopProxy - Method is declared on Advised interface: public abstract int org.springframework.aop.framework.Advised.indexOf(org.springframework.aop.Advisor)
21:23:52.363 [main] DEBUG o.s.aop.framework.CglibAopProxy - Method is declared on Advised interface: public abstract boolean org.springframework.aop.framework.Advised.isFrozen()
21:23:52.363 [main] DEBUG o.s.aop.framework.CglibAopProxy - Method is declared on Advised interface: public abstract java.lang.Class org.springframework.aop.TargetClassAware.getTargetClass()
21:23:52.385 [main] DEBUG o.s.b.f.s.DefaultListableBeanFactory - Finished creating instance of bean 'patientController'
21:23:52.385 [main] DEBUG o.s.b.f.s.DefaultListableBeanFactory - Creating shared instance of singleton bean 'passwordController'
21:23:52.385 [main] DEBUG o.s.b.f.s.DefaultListableBeanFactory - Creating instance of bean 'passwordController'
21:23:52.392 [main] DEBUG o.s.b.f.s.DefaultListableBeanFactory - Eagerly caching bean 'passwordController' to allow for resolving potential circular references
21:23:52.404 [main] DEBUG o.s.b.f.s.DefaultListableBeanFactory - Returning cached instance of singleton bean 'metaDataSourceAdvisor'
21:23:52.407 [main] DEBUG o.s.b.f.s.DefaultListableBeanFactory - Finished creating instance of bean 'passwordController'
21:23:52.408 [main] DEBUG o.s.b.f.s.DefaultListableBeanFactory - Creating shared instance of singleton bean 'userController'
21:23:52.408 [main] DEBUG o.s.b.f.s.DefaultListableBeanFactory - Creating instance of bean 'userController'
21:23:52.410 [main] DEBUG o.s.b.f.s.DefaultListableBeanFactory - Eagerly caching bean 'userController' to allow for resolving potential circular references
21:23:52.414 [main] DEBUG o.s.b.f.s.DefaultListableBeanFactory - Returning cached instance of singleton bean 'metaDataSourceAdvisor'
21:23:52.415 [main] DEBUG o.s.s.a.p.PrePostAnnotationSecurityMetadataSource - @org.springframework.security.access.prepost.PreAuthorize(value=hasRole('ROLE_HCP') or hasRole('ROLE_ADMIN')) found on specific method: public java.lang.String edu.ncsu.csc.itrust2.controllers.personnel.UserController.viewDemographics(org.springframework.ui.Model)
21:23:52.420 [main] DEBUG o.s.s.a.m.DelegatingMethodSecurityMetadataSource - Caching method [CacheKey[edu.ncsu.csc.itrust2.controllers.personnel.UserController; public java.lang.String edu.ncsu.csc.itrust2.controllers.personnel.UserController.viewDemographics(org.springframework.ui.Model)]] with attributes [[authorize: 'hasRole('ROLE_HCP') or hasRole('ROLE_ADMIN')', filter: 'null', filterTarget: 'null']]
21:23:52.420 [main] DEBUG o.s.a.f.a.InfrastructureAdvisorAutoProxyCreator - Creating implicit proxy for bean 'userController' with 0 common interceptors and 1 specific interceptors
21:23:52.421 [main] DEBUG o.s.aop.framework.CglibAopProxy - Creating CGLIB proxy: target source is SingletonTargetSource for target object [edu.ncsu.csc.itrust2.controllers.personnel.UserController@18f7a872]
21:23:52.425 [main] DEBUG o.s.aop.framework.CglibAopProxy - Unable to apply any optimisations to advised method: public java.lang.String edu.ncsu.csc.itrust2.controllers.personnel.UserController.viewDemographics(org.springframework.ui.Model)
21:23:52.426 [main] DEBUG o.s.s.a.p.PrePostAnnotationSecurityMetadataSource - @org.springframework.security.access.prepost.PreAuthorize(value=hasRole('ROLE_HCP') or hasRole('ROLE_ADMIN')) found on specific method: public java.lang.String edu.ncsu.csc.itrust2.controllers.personnel.UserController.demographicsSubmit(edu.ncsu.csc.itrust2.forms.personnel.PersonnelForm,org.springframework.validation.BindingResult,org.springframework.ui.Model)
21:23:52.427 [main] DEBUG o.s.s.a.m.DelegatingMethodSecurityMetadataSource - Caching method [CacheKey[edu.ncsu.csc.itrust2.controllers.personnel.UserController; public java.lang.String edu.ncsu.csc.itrust2.controllers.personnel.UserController.demographicsSubmit(edu.ncsu.csc.itrust2.forms.personnel.PersonnelForm,org.springframework.validation.BindingResult,org.springframework.ui.Model)]] with attributes [[authorize: 'hasRole('ROLE_HCP') or hasRole('ROLE_ADMIN')', filter: 'null', filterTarget: 'null']]
21:23:52.428 [main] DEBUG o.s.aop.framework.CglibAopProxy - Unable to apply any optimisations to advised method: public java.lang.String edu.ncsu.csc.itrust2.controllers.personnel.UserController.demographicsSubmit(edu.ncsu.csc.itrust2.forms.personnel.PersonnelForm,org.springframework.validation.BindingResult,org.springframework.ui.Model)
21:23:52.428 [main] DEBUG o.s.aop.framework.CglibAopProxy - Found 'equals' method: public boolean java.lang.Object.equals(java.lang.Object)
21:23:52.428 [main] DEBUG o.s.aop.framework.CglibAopProxy - Unable to apply any optimisations to advised method: public java.lang.String java.lang.Object.toString()
21:23:52.428 [main] DEBUG o.s.aop.framework.CglibAopProxy - Found 'hashCode' method: public native int java.lang.Object.hashCode()
21:23:52.428 [main] DEBUG o.s.aop.framework.CglibAopProxy - Unable to apply any optimisations to advised method: protected native java.lang.Object java.lang.Object.clone() throws java.lang.CloneNotSupportedException
21:23:52.428 [main] DEBUG o.s.aop.framework.CglibAopProxy - Method is declared on Advised interface: public abstract boolean org.springframework.aop.framework.Advised.isProxyTargetClass()
21:23:52.428 [main] DEBUG o.s.aop.framework.CglibAopProxy - Method is declared on Advised interface: public abstract void org.springframework.aop.framework.Advised.setPreFiltered(boolean)
21:23:52.428 [main] DEBUG o.s.aop.framework.CglibAopProxy - Method is declared on Advised interface: public abstract boolean org.springframework.aop.framework.Advised.isExposeProxy()
21:23:52.428 [main] DEBUG o.s.aop.framework.CglibAopProxy - Method is declared on Advised interface: public abstract void org.springframework.aop.framework.Advised.setExposeProxy(boolean)
21:23:52.429 [main] DEBUG o.s.aop.framework.CglibAopProxy - Method is declared on Advised interface: public abstract void org.springframework.aop.framework.Advised.addAdvice(int,org.aopalliance.aop.Advice) throws org.springframework.aop.framework.AopConfigException
21:23:52.429 [main] DEBUG o.s.aop.framework.CglibAopProxy - Method is declared on Advised interface: public abstract void org.springframework.aop.framework.Advised.addAdvice(org.aopalliance.aop.Advice) throws org.springframework.aop.framework.AopConfigException
21:23:52.429 [main] DEBUG o.s.aop.framework.CglibAopProxy - Method is declared on Advised interface: public abstract boolean org.springframework.aop.framework.Advised.isPreFiltered()
21:23:52.429 [main] DEBUG o.s.aop.framework.CglibAopProxy - Method is declared on Advised interface: public abstract java.lang.Class[] org.springframework.aop.framework.Advised.getProxiedInterfaces()
21:23:52.429 [main] DEBUG o.s.aop.framework.CglibAopProxy - Method is declared on Advised interface: public abstract boolean org.springframework.aop.framework.Advised.isInterfaceProxied(java.lang.Class)
21:23:52.429 [main] DEBUG o.s.aop.framework.CglibAopProxy - Method is declared on Advised interface: public abstract org.springframework.aop.Advisor[] org.springframework.aop.framework.Advised.getAdvisors()
21:23:52.429 [main] DEBUG o.s.aop.framework.CglibAopProxy - Method is declared on Advised interface: public abstract void org.springframework.aop.framework.Advised.removeAdvisor(int) throws org.springframework.aop.framework.AopConfigException
21:23:52.429 [main] DEBUG o.s.aop.framework.CglibAopProxy - Method is declared on Advised interface: public abstract boolean org.springframework.aop.framework.Advised.removeAdvisor(org.springframework.aop.Advisor)
21:23:52.429 [main] DEBUG o.s.aop.framework.CglibAopProxy - Method is declared on Advised interface: public abstract boolean org.springframework.aop.framework.Advised.replaceAdvisor(org.springframework.aop.Advisor,org.springframework.aop.Advisor) throws org.springframework.aop.framework.AopConfigException
21:23:52.429 [main] DEBUG o.s.aop.framework.CglibAopProxy - Method is declared on Advised interface: public abstract boolean org.springframework.aop.framework.Advised.removeAdvice(org.aopalliance.aop.Advice)
21:23:52.429 [main] DEBUG o.s.aop.framework.CglibAopProxy - Method is declared on Advised interface: public abstract java.lang.String org.springframework.aop.framework.Advised.toProxyConfigString()
21:23:52.429 [main] DEBUG o.s.aop.framework.CglibAopProxy - Method is declared on Advised interface: public abstract org.springframework.aop.TargetSource org.springframework.aop.framework.Advised.getTargetSource()
21:23:52.429 [main] DEBUG o.s.aop.framework.CglibAopProxy - Method is declared on Advised interface: public abstract void org.springframework.aop.framework.Advised.addAdvisor(org.springframework.aop.Advisor) throws org.springframework.aop.framework.AopConfigException
21:23:52.429 [main] DEBUG o.s.aop.framework.CglibAopProxy - Method is declared on Advised interface: public abstract void org.springframework.aop.framework.Advised.addAdvisor(int,org.springframework.aop.Advisor) throws org.springframework.aop.framework.AopConfigException
21:23:52.430 [main] DEBUG o.s.aop.framework.CglibAopProxy - Method is declared on Advised interface: public abstract void org.springframework.aop.framework.Advised.setTargetSource(org.springframework.aop.TargetSource)
21:23:52.430 [main] DEBUG o.s.aop.framework.CglibAopProxy - Method is declared on Advised interface: public abstract int org.springframework.aop.framework.Advised.indexOf(org.aopalliance.aop.Advice)
21:23:52.430 [main] DEBUG o.s.aop.framework.CglibAopProxy - Method is declared on Advised interface: public abstract int org.springframework.aop.framework.Advised.indexOf(org.springframework.aop.Advisor)
21:23:52.430 [main] DEBUG o.s.aop.framework.CglibAopProxy - Method is declared on Advised interface: public abstract boolean org.springframework.aop.framework.Advised.isFrozen()
21:23:52.430 [main] DEBUG o.s.aop.framework.CglibAopProxy - Method is declared on Advised interface: public abstract java.lang.Class org.springframework.aop.TargetClassAware.getTargetClass()
21:23:52.442 [main] DEBUG o.s.b.f.s.DefaultListableBeanFactory - Finished creating instance of bean 'userController'
21:23:52.443 [main] DEBUG o.s.b.f.s.DefaultListableBeanFactory - Returning cached instance of singleton bean 'dataSource'
21:23:52.443 [main] DEBUG o.s.b.f.s.DefaultListableBeanFactory - Returning cached instance of singleton bean 'org.springframework.security.config.annotation.configuration.ObjectPostProcessorConfiguration'
21:23:52.443 [main] DEBUG o.s.b.f.s.DefaultListableBeanFactory - Returning cached instance of singleton bean 'objectPostProcessor'
21:23:52.443 [main] DEBUG o.s.b.f.s.DefaultListableBeanFactory - Returning cached instance of singleton bean 'org.springframework.security.config.annotation.authentication.configuration.AuthenticationConfiguration'
21:23:52.443 [main] DEBUG o.s.b.f.s.DefaultListableBeanFactory - Returning cached instance of singleton bean 'authenticationManagerBuilder'
21:23:52.443 [main] DEBUG o.s.b.f.s.DefaultListableBeanFactory - Returning cached instance of singleton bean 'enableGlobalAuthenticationAutowiredConfigurer'
21:23:52.443 [main] DEBUG o.s.b.f.s.DefaultListableBeanFactory - Returning cached instance of singleton bean 'initializeUserDetailsBeanManagerConfigurer'
21:23:52.443 [main] DEBUG o.s.b.f.s.DefaultListableBeanFactory - Returning cached instance of singleton bean 'initializeAuthenticationProviderBeanManagerConfigurer'
21:23:52.443 [main] DEBUG o.s.b.f.s.DefaultListableBeanFactory - Creating shared instance of singleton bean 'org.springframework.security.config.annotation.web.configuration.WebSecurityConfiguration'
21:23:52.443 [main] DEBUG o.s.b.f.s.DefaultListableBeanFactory - Creating instance of bean 'org.springframework.security.config.annotation.web.configuration.WebSecurityConfiguration'
21:23:52.469 [main] DEBUG o.s.b.f.annotation.InjectionMetadata - Registered injected element on class [org.springframework.security.config.annotation.web.configuration.WebSecurityConfiguration$$EnhancerBySpringCGLIB$$2baeb014]: AutowiredFieldElement for private org.springframework.security.config.annotation.ObjectPostProcessor org.springframework.security.config.annotation.web.configuration.WebSecurityConfiguration.objectObjectPostProcessor
21:23:52.470 [main] DEBUG o.s.b.f.annotation.InjectionMetadata - Registered injected element on class [org.springframework.security.config.annotation.web.configuration.WebSecurityConfiguration$$EnhancerBySpringCGLIB$$2baeb014]: AutowiredMethodElement for public void org.springframework.security.config.annotation.web.configuration.WebSecurityConfiguration.setFilterChainProxySecurityConfigurer(org.springframework.security.config.annotation.ObjectPostProcessor,java.util.List) throws java.lang.Exception
21:23:52.470 [main] DEBUG o.s.b.f.s.DefaultListableBeanFactory - Eagerly caching bean 'org.springframework.security.config.annotation.web.configuration.WebSecurityConfiguration' to allow for resolving potential circular references
21:23:52.472 [main] DEBUG o.s.b.f.annotation.InjectionMetadata - Processing injected element of bean 'org.springframework.security.config.annotation.web.configuration.WebSecurityConfiguration': AutowiredFieldElement for private org.springframework.security.config.annotation.ObjectPostProcessor org.springframework.security.config.annotation.web.configuration.WebSecurityConfiguration.objectObjectPostProcessor
21:23:52.477 [main] DEBUG o.s.b.f.s.DefaultListableBeanFactory - Returning cached instance of singleton bean 'objectPostProcessor'
21:23:52.477 [main] DEBUG o.s.b.f.a.AutowiredAnnotationBeanPostProcessor - Autowiring by type from bean name 'org.springframework.security.config.annotation.web.configuration.WebSecurityConfiguration' to bean named 'objectPostProcessor'
21:23:52.478 [main] DEBUG o.s.b.f.annotation.InjectionMetadata - Processing injected element of bean 'org.springframework.security.config.annotation.web.configuration.WebSecurityConfiguration': AutowiredMethodElement for public void org.springframework.security.config.annotation.web.configuration.WebSecurityConfiguration.setFilterChainProxySecurityConfigurer(org.springframework.security.config.annotation.ObjectPostProcessor,java.util.List) throws java.lang.Exception
21:23:52.481 [main] DEBUG o.s.b.f.s.DefaultListableBeanFactory - Returning cached instance of singleton bean 'objectPostProcessor'
21:23:52.492 [main] DEBUG o.s.b.f.s.DefaultListableBeanFactory - Creating shared instance of singleton bean 'autowiredWebSecurityConfigurersIgnoreParents'
21:23:52.492 [main] DEBUG o.s.b.f.s.DefaultListableBeanFactory - Creating instance of bean 'autowiredWebSecurityConfigurersIgnoreParents'
21:23:52.494 [main] DEBUG o.s.b.f.s.DefaultListableBeanFactory - Returning cached instance of singleton bean 'metaDataSourceAdvisor'
21:23:52.510 [main] DEBUG o.s.b.f.s.DefaultListableBeanFactory - Returning eagerly cached instance of singleton bean 'org.springframework.security.config.annotation.web.configuration.WebSecurityConfiguration' that is not fully initialized yet - a consequence of a circular reference
21:23:52.518 [main] DEBUG o.s.b.f.s.DefaultListableBeanFactory - Autowiring by type from bean name 'autowiredWebSecurityConfigurersIgnoreParents' via factory method to bean named 'org.springframework.beans.factory.support.DefaultListableBeanFactory@14b528b6'
21:23:52.528 [main] DEBUG o.s.b.f.s.DefaultListableBeanFactory - Eagerly caching bean 'autowiredWebSecurityConfigurersIgnoreParents' to allow for resolving potential circular references
21:23:52.541 [main] DEBUG o.s.b.f.s.DefaultListableBeanFactory - Returning cached instance of singleton bean 'metaDataSourceAdvisor'
21:23:52.542 [main] DEBUG o.s.b.f.s.DefaultListableBeanFactory - Finished creating instance of bean 'autowiredWebSecurityConfigurersIgnoreParents'
21:23:52.570 [main] DEBUG o.s.b.f.s.DefaultListableBeanFactory - Returning cached instance of singleton bean 'securityConfig'
21:23:52.575 [main] DEBUG o.s.b.f.a.AutowiredAnnotationBeanPostProcessor - Autowiring by type from bean name 'org.springframework.security.config.annotation.web.configuration.WebSecurityConfiguration' to bean named 'objectPostProcessor'
21:23:52.610 [main] DEBUG o.s.b.f.s.DefaultListableBeanFactory - Returning cached instance of singleton bean 'metaDataSourceAdvisor'
21:23:52.632 [main] DEBUG o.s.b.f.s.DefaultListableBeanFactory - Returning cached instance of singleton bean 'org.springframework.context.annotation.ConfigurationClassPostProcessor.importRegistry'
21:23:52.635 [main] DEBUG o.s.b.f.s.DefaultListableBeanFactory - Finished creating instance of bean 'org.springframework.security.config.annotation.web.configuration.WebSecurityConfiguration'
21:23:52.637 [main] DEBUG o.s.b.f.s.DefaultListableBeanFactory - Creating shared instance of singleton bean 'delegatingApplicationListener'
21:23:52.637 [main] DEBUG o.s.b.f.s.DefaultListableBeanFactory - Creating instance of bean 'delegatingApplicationListener'
21:23:52.638 [main] DEBUG o.s.b.f.s.DefaultListableBeanFactory - Eagerly caching bean 'delegatingApplicationListener' to allow for resolving potential circular references
21:23:52.649 [main] DEBUG o.s.b.f.s.DefaultListableBeanFactory - Returning cached instance of singleton bean 'metaDataSourceAdvisor'
21:23:52.651 [main] DEBUG o.s.b.f.s.DefaultListableBeanFactory - Finished creating instance of bean 'delegatingApplicationListener'
21:23:52.652 [main] DEBUG o.s.b.f.s.DefaultListableBeanFactory - Creating shared instance of singleton bean 'springSecurityFilterChain'
21:23:52.652 [main] DEBUG o.s.b.f.s.DefaultListableBeanFactory - Creating instance of bean 'springSecurityFilterChain'
21:23:52.653 [main] DEBUG o.s.b.f.s.DefaultListableBeanFactory - Returning cached instance of singleton bean 'org.springframework.security.config.annotation.web.configuration.WebSecurityConfiguration'
21:23:52.655 [main] DEBUG o.s.b.f.s.DefaultListableBeanFactory - Returning cached instance of singleton bean 'metaDataSourceAdvisor'
21:23:52.672 [main] DEBUG o.s.b.f.s.DefaultListableBeanFactory - Returning cached instance of singleton bean 'webMvcConfiguration'
21:23:52.672 [main] DEBUG o.s.b.f.s.DefaultListableBeanFactory - Returning cached instance of singleton bean 'securityConfig'
21:23:52.672 [main] DEBUG o.s.s.c.a.a.c.AuthenticationConfiguration$EnableGlobalAuthenticationAutowiredConfigurer - Eagerly initializing {webMvcConfiguration=edu.ncsu.csc.itrust2.mvc.config.WebMvcConfiguration$$EnhancerBySpringCGLIB$$f5213803@1d82d35c, securityConfig=edu.ncsu.csc.itrust2.config.SecurityConfig$$EnhancerBySpringCGLIB$$f36018f@2620264e}
21:23:52.679 [main] DEBUG o.s.b.f.s.DefaultListableBeanFactory - Invoking afterPropertiesSet() on bean with name 'org.springframework.security.authentication.dao.DaoAuthenticationProvider@53d782b0'
21:23:52.686 [main] DEBUG o.s.b.f.s.DefaultListableBeanFactory - Returning cached instance of singleton bean 'metaDataSourceAdvisor'
21:23:52.712 [main] DEBUG o.s.b.f.s.DefaultListableBeanFactory - Invoking afterPropertiesSet() on bean with name 'org.springframework.security.authentication.ProviderManager@3e6b8b27'
21:23:52.712 [main] DEBUG o.s.b.f.s.DefaultListableBeanFactory - Returning cached instance of singleton bean 'metaDataSourceAdvisor'
21:23:52.746 [main] DEBUG o.s.b.f.s.DefaultListableBeanFactory - Returning cached instance of singleton bean 'authenticationManagerBuilder'
21:23:52.872 [main] DEBUG o.s.w.c.s.StandardServletEnvironment - Adding [servletConfigInitParams] PropertySource with lowest search precedence
21:23:52.872 [main] DEBUG o.s.w.c.s.StandardServletEnvironment - Adding [servletContextInitParams] PropertySource with lowest search precedence
21:23:52.872 [main] DEBUG o.s.w.c.s.StandardServletEnvironment - Adding [systemProperties] PropertySource with lowest search precedence
21:23:52.872 [main] DEBUG o.s.w.c.s.StandardServletEnvironment - Adding [systemEnvironment] PropertySource with lowest search precedence
21:23:52.872 [main] DEBUG o.s.w.c.s.StandardServletEnvironment - Initialized StandardServletEnvironment with PropertySources [servletConfigInitParams,servletContextInitParams,systemProperties,systemEnvironment]
21:23:52.945 [main] DEBUG o.s.w.c.s.StandardServletEnvironment - Adding [servletConfigInitParams] PropertySource with lowest search precedence
21:23:52.945 [main] DEBUG o.s.w.c.s.StandardServletEnvironment - Adding [servletContextInitParams] PropertySource with lowest search precedence
21:23:52.945 [main] DEBUG o.s.w.c.s.StandardServletEnvironment - Adding [systemProperties] PropertySource with lowest search precedence
21:23:52.945 [main] DEBUG o.s.w.c.s.StandardServletEnvironment - Adding [systemEnvironment] PropertySource with lowest search precedence
21:23:52.946 [main] DEBUG o.s.w.c.s.StandardServletEnvironment - Initialized StandardServletEnvironment with PropertySources [servletConfigInitParams,servletContextInitParams,systemProperties,systemEnvironment]
21:23:52.947 [main] DEBUG o.s.w.c.s.StandardServletEnvironment - Adding [servletConfigInitParams] PropertySource with lowest search precedence
21:23:52.954 [main] DEBUG o.s.w.c.s.StandardServletEnvironment - Adding [servletContextInitParams] PropertySource with lowest search precedence
21:23:52.955 [main] DEBUG o.s.w.c.s.StandardServletEnvironment - Adding [systemProperties] PropertySource with lowest search precedence
21:23:52.956 [main] DEBUG o.s.w.c.s.StandardServletEnvironment - Adding [systemEnvironment] PropertySource with lowest search precedence
21:23:52.956 [main] DEBUG o.s.w.c.s.StandardServletEnvironment - Initialized StandardServletEnvironment with PropertySources [servletConfigInitParams,servletContextInitParams,systemProperties,systemEnvironment]
21:23:52.960 [main] DEBUG o.s.b.f.s.DefaultListableBeanFactory - Creating shared instance of singleton bean 'ipBlockFilter'
21:23:52.960 [main] DEBUG o.s.b.f.s.DefaultListableBeanFactory - Creating instance of bean 'ipBlockFilter'
21:23:52.961 [main] DEBUG o.s.b.f.s.DefaultListableBeanFactory - Returning cached instance of singleton bean 'securityConfig'
21:23:52.962 [main] DEBUG o.s.w.c.s.StandardServletEnvironment - Adding [servletConfigInitParams] PropertySource with lowest search precedence
21:23:52.962 [main] DEBUG o.s.w.c.s.StandardServletEnvironment - Adding [servletContextInitParams] PropertySource with lowest search precedence
21:23:52.963 [main] DEBUG o.s.w.c.s.StandardServletEnvironment - Adding [systemProperties] PropertySource with lowest search precedence
21:23:52.963 [main] DEBUG o.s.w.c.s.StandardServletEnvironment - Adding [systemEnvironment] PropertySource with lowest search precedence
21:23:52.963 [main] DEBUG o.s.w.c.s.StandardServletEnvironment - Initialized StandardServletEnvironment with PropertySources [servletConfigInitParams,servletContextInitParams,systemProperties,systemEnvironment]
21:23:52.964 [main] DEBUG o.s.b.f.s.DefaultListableBeanFactory - Eagerly caching bean 'ipBlockFilter' to allow for resolving potential circular references
21:23:52.980 [main] DEBUG o.s.b.f.s.DefaultListableBeanFactory - Invoking afterPropertiesSet() on bean with name 'ipBlockFilter'
21:23:52.990 [main] DEBUG o.s.b.f.s.DefaultListableBeanFactory - Returning cached instance of singleton bean 'metaDataSourceAdvisor'
21:23:52.992 [main] DEBUG o.s.b.f.s.DefaultListableBeanFactory - Finished creating instance of bean 'ipBlockFilter'
21:23:53.005 [main] DEBUG o.s.w.c.s.StandardServletEnvironment - Adding [servletConfigInitParams] PropertySource with lowest search precedence
21:23:53.005 [main] DEBUG o.s.w.c.s.StandardServletEnvironment - Adding [servletContextInitParams] PropertySource with lowest search precedence
21:23:53.006 [main] DEBUG o.s.w.c.s.StandardServletEnvironment - Adding [systemProperties] PropertySource with lowest search precedence
21:23:53.006 [main] DEBUG o.s.w.c.s.StandardServletEnvironment - Adding [systemEnvironment] PropertySource with lowest search precedence
21:23:53.006 [main] DEBUG o.s.w.c.s.StandardServletEnvironment - Initialized StandardServletEnvironment with PropertySources [servletConfigInitParams,servletContextInitParams,systemProperties,systemEnvironment]
21:23:53.016 [main] DEBUG o.s.b.f.s.DefaultListableBeanFactory - Creating shared instance of singleton bean 'failureHandler'
21:23:53.017 [main] DEBUG o.s.b.f.s.DefaultListableBeanFactory - Creating instance of bean 'failureHandler'
21:23:53.017 [main] DEBUG o.s.b.f.s.DefaultListableBeanFactory - Returning cached instance of singleton bean 'securityConfig'
21:23:53.019 [main] DEBUG o.s.b.f.s.DefaultListableBeanFactory - Eagerly caching bean 'failureHandler' to allow for resolving potential circular references
21:23:53.024 [main] DEBUG o.s.b.f.s.DefaultListableBeanFactory - Returning cached instance of singleton bean 'metaDataSourceAdvisor'
21:23:53.024 [main] DEBUG o.s.b.f.s.DefaultListableBeanFactory - Finished creating instance of bean 'failureHandler'
21:23:53.028 [main] INFO  o.s.s.web.DefaultSecurityFilterChain - Creating filter chain: Ant [pattern='/api/v1/requestPasswordReset'], []
21:23:53.028 [main] INFO  o.s.s.web.DefaultSecurityFilterChain - Creating filter chain: Ant [pattern='/api/v1/resetPassword/*'], []
21:23:53.028 [main] INFO  o.s.s.web.DefaultSecurityFilterChain - Creating filter chain: Ant [pattern='/requestPasswordReset'], []
21:23:53.028 [main] INFO  o.s.s.web.DefaultSecurityFilterChain - Creating filter chain: Ant [pattern='/resetPassword'], []
21:23:53.040 [main] DEBUG o.s.b.f.s.DefaultListableBeanFactory - Returning cached instance of singleton bean 'metaDataSourceAdvisor'
21:23:53.065 [main] DEBUG o.s.b.f.s.DefaultListableBeanFactory - Returning cached instance of singleton bean 'metaDataSourceAdvisor'
21:23:53.099 [main] DEBUG o.s.w.c.s.StandardServletEnvironment - Adding [servletConfigInitParams] PropertySource with lowest search precedence
21:23:53.099 [main] DEBUG o.s.w.c.s.StandardServletEnvironment - Adding [servletContextInitParams] PropertySource with lowest search precedence
21:23:53.100 [main] DEBUG o.s.w.c.s.StandardServletEnvironment - Adding [systemProperties] PropertySource with lowest search precedence
21:23:53.101 [main] DEBUG o.s.w.c.s.StandardServletEnvironment - Adding [systemEnvironment] PropertySource with lowest search precedence
21:23:53.103 [main] DEBUG o.s.w.c.s.StandardServletEnvironment - Initialized StandardServletEnvironment with PropertySources [servletConfigInitParams,servletContextInitParams,systemProperties,systemEnvironment]
21:23:53.104 [main] DEBUG o.s.b.f.s.DefaultListableBeanFactory - Returning cached instance of singleton bean 'metaDataSourceAdvisor'
21:23:53.112 [main] DEBUG o.s.b.f.s.DefaultListableBeanFactory - Invoking afterPropertiesSet() on bean with name 'org.springframework.security.web.authentication.LoginUrlAuthenticationEntryPoint@66f965a'
21:23:53.112 [main] DEBUG o.s.b.f.s.DefaultListableBeanFactory - Returning cached instance of singleton bean 'metaDataSourceAdvisor'
21:23:53.129 [main] DEBUG o.s.b.f.s.DefaultListableBeanFactory - Invoking afterPropertiesSet() on bean with name 'org.springframework.security.authentication.ProviderManager@28089256'
21:23:53.129 [main] DEBUG o.s.b.f.s.DefaultListableBeanFactory - Returning cached instance of singleton bean 'metaDataSourceAdvisor'
21:23:53.133 [main] DEBUG o.s.w.c.s.StandardServletEnvironment - Adding [servletConfigInitParams] PropertySource with lowest search precedence
21:23:53.134 [main] DEBUG o.s.w.c.s.StandardServletEnvironment - Adding [servletContextInitParams] PropertySource with lowest search precedence
21:23:53.137 [main] DEBUG o.s.w.c.s.StandardServletEnvironment - Adding [systemProperties] PropertySource with lowest search precedence
21:23:53.138 [main] DEBUG o.s.w.c.s.StandardServletEnvironment - Adding [systemEnvironment] PropertySource with lowest search precedence
21:23:53.139 [main] DEBUG o.s.w.c.s.StandardServletEnvironment - Initialized StandardServletEnvironment with PropertySources [servletConfigInitParams,servletContextInitParams,systemProperties,systemEnvironment]
21:23:53.142 [main] DEBUG o.s.b.f.s.DefaultListableBeanFactory - Invoking afterPropertiesSet() on bean with name 'org.springframework.security.web.csrf.CsrfFilter@292109c7'
21:23:53.142 [main] DEBUG o.s.b.f.s.DefaultListableBeanFactory - Returning cached instance of singleton bean 'metaDataSourceAdvisor'
21:23:53.188 [main] DEBUG o.s.w.c.s.StandardServletEnvironment - Adding [servletConfigInitParams] PropertySource with lowest search precedence
21:23:53.189 [main] DEBUG o.s.w.c.s.StandardServletEnvironment - Adding [servletContextInitParams] PropertySource with lowest search precedence
21:23:53.190 [main] DEBUG o.s.w.c.s.StandardServletEnvironment - Adding [systemProperties] PropertySource with lowest search precedence
21:23:53.191 [main] DEBUG o.s.w.c.s.StandardServletEnvironment - Adding [systemEnvironment] PropertySource with lowest search precedence
21:23:53.192 [main] DEBUG o.s.w.c.s.StandardServletEnvironment - Initialized StandardServletEnvironment with PropertySources [servletConfigInitParams,servletContextInitParams,systemProperties,systemEnvironment]
21:23:53.196 [main] DEBUG o.s.b.f.s.DefaultListableBeanFactory - Invoking afterPropertiesSet() on bean with name 'org.springframework.security.web.access.ExceptionTranslationFilter@1a6d072e'
21:23:53.196 [main] DEBUG o.s.b.f.s.DefaultListableBeanFactory - Returning cached instance of singleton bean 'metaDataSourceAdvisor'
21:23:53.236 [main] DEBUG o.s.w.c.s.StandardServletEnvironment - Adding [servletConfigInitParams] PropertySource with lowest search precedence
21:23:53.237 [main] DEBUG o.s.w.c.s.StandardServletEnvironment - Adding [servletContextInitParams] PropertySource with lowest search precedence
21:23:53.239 [main] DEBUG o.s.w.c.s.StandardServletEnvironment - Adding [systemProperties] PropertySource with lowest search precedence
21:23:53.239 [main] DEBUG o.s.w.c.s.StandardServletEnvironment - Adding [systemEnvironment] PropertySource with lowest search precedence
21:23:53.239 [main] DEBUG o.s.w.c.s.StandardServletEnvironment - Initialized StandardServletEnvironment with PropertySources [servletConfigInitParams,servletContextInitParams,systemProperties,systemEnvironment]
21:23:53.241 [main] DEBUG o.s.b.f.s.DefaultListableBeanFactory - Invoking afterPropertiesSet() on bean with name 'org.springframework.security.web.header.HeaderWriterFilter@3415d6e'
21:23:53.241 [main] DEBUG o.s.b.f.s.DefaultListableBeanFactory - Returning cached instance of singleton bean 'metaDataSourceAdvisor'
21:23:53.248 [main] DEBUG o.s.w.c.s.StandardServletEnvironment - Adding [servletConfigInitParams] PropertySource with lowest search precedence
21:23:53.250 [main] DEBUG o.s.w.c.s.StandardServletEnvironment - Adding [servletContextInitParams] PropertySource with lowest search precedence
21:23:53.251 [main] DEBUG o.s.w.c.s.StandardServletEnvironment - Adding [systemProperties] PropertySource with lowest search precedence
21:23:53.251 [main] DEBUG o.s.w.c.s.StandardServletEnvironment - Adding [systemEnvironment] PropertySource with lowest search precedence
21:23:53.259 [main] DEBUG o.s.w.c.s.StandardServletEnvironment - Initialized StandardServletEnvironment with PropertySources [servletConfigInitParams,servletContextInitParams,systemProperties,systemEnvironment]
21:23:53.263 [main] DEBUG o.s.b.f.s.DefaultListableBeanFactory - Invoking afterPropertiesSet() on bean with name 'org.springframework.security.web.session.SessionManagementFilter@491da2fe'
21:23:53.264 [main] DEBUG o.s.b.f.s.DefaultListableBeanFactory - Returning cached instance of singleton bean 'metaDataSourceAdvisor'
21:23:53.277 [main] DEBUG o.s.w.c.s.StandardServletEnvironment - Adding [servletConfigInitParams] PropertySource with lowest search precedence
21:23:53.278 [main] DEBUG o.s.w.c.s.StandardServletEnvironment - Adding [servletContextInitParams] PropertySource with lowest search precedence
21:23:53.280 [main] DEBUG o.s.w.c.s.StandardServletEnvironment - Adding [systemProperties] PropertySource with lowest search precedence
21:23:53.281 [main] DEBUG o.s.w.c.s.StandardServletEnvironment - Adding [systemEnvironment] PropertySource with lowest search precedence
21:23:53.282 [main] DEBUG o.s.w.c.s.StandardServletEnvironment - Initialized StandardServletEnvironment with PropertySources [servletConfigInitParams,servletContextInitParams,systemProperties,systemEnvironment]
21:23:53.284 [main] DEBUG o.s.b.f.s.DefaultListableBeanFactory - Invoking afterPropertiesSet() on bean with name 'org.springframework.security.web.context.SecurityContextPersistenceFilter@4515dfae'
21:23:53.285 [main] DEBUG o.s.b.f.s.DefaultListableBeanFactory - Returning cached instance of singleton bean 'metaDataSourceAdvisor'
21:23:53.322 [main] DEBUG o.s.w.c.s.StandardServletEnvironment - Adding [servletConfigInitParams] PropertySource with lowest search precedence
21:23:53.323 [main] DEBUG o.s.w.c.s.StandardServletEnvironment - Adding [servletContextInitParams] PropertySource with lowest search precedence
21:23:53.324 [main] DEBUG o.s.w.c.s.StandardServletEnvironment - Adding [systemProperties] PropertySource with lowest search precedence
21:23:53.325 [main] DEBUG o.s.w.c.s.StandardServletEnvironment - Adding [systemEnvironment] PropertySource with lowest search precedence
21:23:53.327 [main] DEBUG o.s.w.c.s.StandardServletEnvironment - Initialized StandardServletEnvironment with PropertySources [servletConfigInitParams,servletContextInitParams,systemProperties,systemEnvironment]
21:23:53.328 [main] DEBUG o.s.b.f.s.DefaultListableBeanFactory - Invoking afterPropertiesSet() on bean with name 'org.springframework.security.web.savedrequest.RequestCacheAwareFilter@2be41d90'
21:23:53.328 [main] DEBUG o.s.b.f.s.DefaultListableBeanFactory - Returning cached instance of singleton bean 'metaDataSourceAdvisor'
21:23:53.353 [main] DEBUG o.s.b.f.s.DefaultListableBeanFactory - Invoking afterPropertiesSet() on bean with name 'org.springframework.security.web.servletapi.SecurityContextHolderAwareRequestFilter@513babf3'
21:23:53.353 [main] DEBUG o.s.b.f.s.DefaultListableBeanFactory - Returning cached instance of singleton bean 'metaDataSourceAdvisor'
21:23:53.382 [main] DEBUG o.s.w.c.s.StandardServletEnvironment - Adding [servletConfigInitParams] PropertySource with lowest search precedence
21:23:53.383 [main] DEBUG o.s.w.c.s.StandardServletEnvironment - Adding [servletContextInitParams] PropertySource with lowest search precedence
21:23:53.383 [main] DEBUG o.s.w.c.s.StandardServletEnvironment - Adding [systemProperties] PropertySource with lowest search precedence
21:23:53.385 [main] DEBUG o.s.w.c.s.StandardServletEnvironment - Adding [systemEnvironment] PropertySource with lowest search precedence
21:23:53.385 [main] DEBUG o.s.w.c.s.StandardServletEnvironment - Initialized StandardServletEnvironment with PropertySources [servletConfigInitParams,servletContextInitParams,systemProperties,systemEnvironment]
21:23:53.388 [main] DEBUG o.s.b.f.s.DefaultListableBeanFactory - Invoking afterPropertiesSet() on bean with name 'org.springframework.security.web.authentication.logout.LogoutFilter@7e5e568e'
21:23:53.389 [main] DEBUG o.s.b.f.s.DefaultListableBeanFactory - Returning cached instance of singleton bean 'metaDataSourceAdvisor'
21:23:53.444 [main] DEBUG o.s.s.w.a.e.ExpressionBasedFilterInvocationSecurityMetadataSource - Adding web access control expression 'anonymous', for Ant [pattern='/login*']
21:23:53.449 [main] DEBUG o.s.s.w.a.e.ExpressionBasedFilterInvocationSecurityMetadataSource - Adding web access control expression 'authenticated', for org.springframework.security.web.util.matcher.AnyRequestMatcher@1
21:23:53.459 [main] DEBUG o.s.b.f.s.DefaultListableBeanFactory - Invoking afterPropertiesSet() on bean with name 'org.springframework.security.access.vote.AffirmativeBased@701dc5ad'
21:23:53.461 [main] DEBUG o.s.b.f.s.DefaultListableBeanFactory - Returning cached instance of singleton bean 'metaDataSourceAdvisor'
21:23:53.469 [main] DEBUG o.s.s.w.a.i.FilterSecurityInterceptor - Validated configuration attributes
21:23:53.471 [main] DEBUG o.s.b.f.s.DefaultListableBeanFactory - Invoking afterPropertiesSet() on bean with name 'org.springframework.security.web.access.intercept.FilterSecurityInterceptor@4201bd3'
21:23:53.471 [main] DEBUG o.s.s.w.a.i.FilterSecurityInterceptor - Validated configuration attributes
21:23:53.473 [main] DEBUG o.s.b.f.s.DefaultListableBeanFactory - Returning cached instance of singleton bean 'metaDataSourceAdvisor'
21:23:53.506 [main] DEBUG o.s.b.f.s.DefaultListableBeanFactory - Invoking afterPropertiesSet() on bean with name 'org.springframework.security.web.authentication.UsernamePasswordAuthenticationFilter@5e7026b9'
21:23:53.507 [main] DEBUG o.s.b.f.s.DefaultListableBeanFactory - Returning cached instance of singleton bean 'metaDataSourceAdvisor'
21:23:53.548 [main] INFO  o.s.s.web.DefaultSecurityFilterChain - Creating filter chain: org.springframework.security.web.util.matcher.AnyRequestMatcher@1, [edu.ncsu.csc.itrust2.config.IPFilter@7c8c2d03, org.springframework.security.web.context.request.async.WebAsyncManagerIntegrationFilter@418a4fff, org.springframework.security.web.context.SecurityContextPersistenceFilter@4515dfae, org.springframework.security.web.header.HeaderWriterFilter@3415d6e, org.springframework.security.web.csrf.CsrfFilter@292109c7, org.springframework.security.web.authentication.logout.LogoutFilter@7e5e568e, org.springframework.security.web.authentication.UsernamePasswordAuthenticationFilter@5e7026b9, org.springframework.security.web.savedrequest.RequestCacheAwareFilter@2be41d90, org.springframework.security.web.servletapi.SecurityContextHolderAwareRequestFilter@513babf3, org.springframework.security.web.authentication.AnonymousAuthenticationFilter@7834d8ec, org.springframework.security.web.session.SessionManagementFilter@491da2fe, org.springframework.security.web.access.ExceptionTranslationFilter@1a6d072e, org.springframework.security.web.access.intercept.FilterSecurityInterceptor@4201bd3]
21:23:53.559 [main] DEBUG o.s.w.c.s.StandardServletEnvironment - Adding [servletConfigInitParams] PropertySource with lowest search precedence
21:23:53.560 [main] DEBUG o.s.w.c.s.StandardServletEnvironment - Adding [servletContextInitParams] PropertySource with lowest search precedence
21:23:53.562 [main] DEBUG o.s.w.c.s.StandardServletEnvironment - Adding [systemProperties] PropertySource with lowest search precedence
21:23:53.563 [main] DEBUG o.s.w.c.s.StandardServletEnvironment - Adding [systemEnvironment] PropertySource with lowest search precedence
21:23:53.564 [main] DEBUG o.s.w.c.s.StandardServletEnvironment - Initialized StandardServletEnvironment with PropertySources [servletConfigInitParams,servletContextInitParams,systemProperties,systemEnvironment]
21:23:53.579 [main] DEBUG o.s.b.f.s.DefaultListableBeanFactory - Eagerly caching bean 'springSecurityFilterChain' to allow for resolving potential circular references
21:23:53.600 [main] DEBUG o.s.b.f.s.DefaultListableBeanFactory - Invoking afterPropertiesSet() on bean with name 'springSecurityFilterChain'
21:23:53.603 [main] DEBUG o.s.b.f.s.DefaultListableBeanFactory - Returning cached instance of singleton bean 'metaDataSourceAdvisor'
21:23:53.614 [main] DEBUG o.s.b.f.s.DefaultListableBeanFactory - Finished creating instance of bean 'springSecurityFilterChain'
21:23:53.614 [main] DEBUG o.s.b.f.s.DefaultListableBeanFactory - Creating shared instance of singleton bean 'webSecurityExpressionHandler'
21:23:53.615 [main] DEBUG o.s.b.f.s.DefaultListableBeanFactory - Creating instance of bean 'webSecurityExpressionHandler'
21:23:53.617 [main] DEBUG o.s.b.f.s.DefaultListableBeanFactory - Returning cached instance of singleton bean 'org.springframework.security.config.annotation.web.configuration.WebSecurityConfiguration'
21:23:53.618 [main] DEBUG o.s.b.f.s.DefaultListableBeanFactory - Eagerly caching bean 'webSecurityExpressionHandler' to allow for resolving potential circular references
21:23:53.621 [main] DEBUG o.s.b.f.s.DefaultListableBeanFactory - Finished creating instance of bean 'webSecurityExpressionHandler'
21:23:53.621 [main] DEBUG o.s.b.f.s.DefaultListableBeanFactory - Returning cached instance of singleton bean 'springSecurityFilterChain'
21:23:53.623 [main] DEBUG o.s.b.f.s.DefaultListableBeanFactory - Returning cached instance of singleton bean 'springSecurityFilterChain'
21:23:53.624 [main] DEBUG o.s.b.f.s.DefaultListableBeanFactory - Creating shared instance of singleton bean 'privilegeEvaluator'
21:23:53.624 [main] DEBUG o.s.b.f.s.DefaultListableBeanFactory - Creating instance of bean 'privilegeEvaluator'
21:23:53.624 [main] DEBUG o.s.b.f.s.DefaultListableBeanFactory - Returning cached instance of singleton bean 'org.springframework.security.config.annotation.web.configuration.WebSecurityConfiguration'
21:23:53.628 [main] DEBUG o.s.b.f.s.DefaultListableBeanFactory - Eagerly caching bean 'privilegeEvaluator' to allow for resolving potential circular references
21:23:53.632 [main] DEBUG o.s.b.f.s.DefaultListableBeanFactory - Returning cached instance of singleton bean 'metaDataSourceAdvisor'
21:23:53.637 [main] DEBUG o.s.b.f.s.DefaultListableBeanFactory - Finished creating instance of bean 'privilegeEvaluator'
21:23:53.639 [main] DEBUG o.s.b.f.s.DefaultListableBeanFactory - Returning cached instance of singleton bean 'autowiredWebSecurityConfigurersIgnoreParents'
21:23:53.639 [main] DEBUG o.s.b.f.s.DefaultListableBeanFactory - Returning cached instance of singleton bean 'org.springframework.security.config.annotation.web.configuration.WebMvcSecurityConfiguration'
21:23:53.642 [main] DEBUG o.s.b.f.s.DefaultListableBeanFactory - Creating shared instance of singleton bean 'requestDataValueProcessor'
21:23:53.642 [main] DEBUG o.s.b.f.s.DefaultListableBeanFactory - Creating instance of bean 'requestDataValueProcessor'
21:23:53.643 [main] DEBUG o.s.b.f.s.DefaultListableBeanFactory - Returning cached instance of singleton bean 'org.springframework.security.config.annotation.web.configuration.WebMvcSecurityConfiguration'
21:23:53.648 [main] DEBUG o.s.b.f.s.DefaultListableBeanFactory - Eagerly caching bean 'requestDataValueProcessor' to allow for resolving potential circular references
21:23:53.656 [main] DEBUG o.s.b.f.s.DefaultListableBeanFactory - Returning cached instance of singleton bean 'metaDataSourceAdvisor'
21:23:53.661 [main] DEBUG o.s.b.f.s.DefaultListableBeanFactory - Finished creating instance of bean 'requestDataValueProcessor'
21:23:53.663 [main] DEBUG o.s.b.f.s.DefaultListableBeanFactory - Returning cached instance of singleton bean 'passwordEncoder'
21:23:53.663 [main] DEBUG o.s.b.f.s.DefaultListableBeanFactory - Returning cached instance of singleton bean 'defaultAuthenticationEventPublisher'
21:23:53.663 [main] DEBUG o.s.b.f.s.DefaultListableBeanFactory - Returning cached instance of singleton bean 'failureHandler'
21:23:53.664 [main] DEBUG o.s.b.f.s.DefaultListableBeanFactory - Returning cached instance of singleton bean 'ipBlockFilter'
21:23:53.664 [main] DEBUG o.s.b.f.s.DefaultListableBeanFactory - Returning cached instance of singleton bean 'org.springframework.web.servlet.config.annotation.DelegatingWebMvcConfiguration'
21:23:53.666 [main] DEBUG o.s.b.f.s.DefaultListableBeanFactory - Returning cached instance of singleton bean 'mvcConversionService'
21:23:53.667 [main] DEBUG o.s.b.f.s.DefaultListableBeanFactory - Creating shared instance of singleton bean 'mvcUrlPathHelper'
21:23:53.669 [main] DEBUG o.s.b.f.s.DefaultListableBeanFactory - Creating instance of bean 'mvcUrlPathHelper'
21:23:53.670 [main] DEBUG o.s.b.f.s.DefaultListableBeanFactory - Returning cached instance of singleton bean 'org.springframework.web.servlet.config.annotation.DelegatingWebMvcConfiguration'
21:23:53.673 [main] DEBUG o.s.b.f.s.DefaultListableBeanFactory - Eagerly caching bean 'mvcUrlPathHelper' to allow for resolving potential circular references
21:23:53.677 [main] DEBUG o.s.b.f.s.DefaultListableBeanFactory - Returning cached instance of singleton bean 'metaDataSourceAdvisor'
21:23:53.682 [main] DEBUG o.s.b.f.s.DefaultListableBeanFactory - Finished creating instance of bean 'mvcUrlPathHelper'
21:23:53.683 [main] DEBUG o.s.b.f.s.DefaultListableBeanFactory - Returning cached instance of singleton bean 'mvcContentNegotiationManager'
21:23:53.683 [main] DEBUG o.s.b.f.s.DefaultListableBeanFactory - Creating shared instance of singleton bean 'viewControllerHandlerMapping'
21:23:53.684 [main] DEBUG o.s.b.f.s.DefaultListableBeanFactory - Creating instance of bean 'viewControllerHandlerMapping'
21:23:53.687 [main] DEBUG o.s.b.f.s.DefaultListableBeanFactory - Returning cached instance of singleton bean 'org.springframework.web.servlet.config.annotation.DelegatingWebMvcConfiguration'
21:23:53.762 [main] DEBUG o.s.b.f.s.DefaultListableBeanFactory - Creating shared instance of singleton bean 'mvcPathMatcher'
21:23:53.763 [main] DEBUG o.s.b.f.s.DefaultListableBeanFactory - Creating instance of bean 'mvcPathMatcher'
21:23:53.764 [main] DEBUG o.s.b.f.s.DefaultListableBeanFactory - Returning cached instance of singleton bean 'org.springframework.web.servlet.config.annotation.DelegatingWebMvcConfiguration'
21:23:53.765 [main] DEBUG o.s.b.f.s.DefaultListableBeanFactory - Eagerly caching bean 'mvcPathMatcher' to allow for resolving potential circular references
21:23:53.773 [main] DEBUG o.s.b.f.s.DefaultListableBeanFactory - Returning cached instance of singleton bean 'metaDataSourceAdvisor'
21:23:53.775 [main] DEBUG o.s.b.f.s.DefaultListableBeanFactory - Finished creating instance of bean 'mvcPathMatcher'
21:23:53.777 [main] DEBUG o.s.b.f.s.DefaultListableBeanFactory - Returning cached instance of singleton bean 'mvcUrlPathHelper'
21:23:53.780 [main] DEBUG o.s.b.f.s.DefaultListableBeanFactory - Returning cached instance of singleton bean 'mvcConversionService'
21:23:53.783 [main] DEBUG o.s.b.f.s.DefaultListableBeanFactory - Creating shared instance of singleton bean 'mvcResourceUrlProvider'
21:23:53.783 [main] DEBUG o.s.b.f.s.DefaultListableBeanFactory - Creating instance of bean 'mvcResourceUrlProvider'
21:23:53.784 [main] DEBUG o.s.b.f.s.DefaultListableBeanFactory - Returning cached instance of singleton bean 'org.springframework.web.servlet.config.annotation.DelegatingWebMvcConfiguration'
21:23:53.788 [main] DEBUG o.s.b.f.s.DefaultListableBeanFactory - Eagerly caching bean 'mvcResourceUrlProvider' to allow for resolving potential circular references
21:23:53.797 [main] DEBUG o.s.b.f.s.DefaultListableBeanFactory - Returning cached instance of singleton bean 'metaDataSourceAdvisor'
21:23:53.798 [main] DEBUG o.s.b.f.s.DefaultListableBeanFactory - Finished creating instance of bean 'mvcResourceUrlProvider'
21:23:53.811 [main] DEBUG o.s.b.f.s.DefaultListableBeanFactory - Eagerly caching bean 'viewControllerHandlerMapping' to allow for resolving potential circular references
21:23:53.836 [main] INFO  o.s.w.s.h.SimpleUrlHandlerMapping - Mapped URL path [/login] onto handler of type [class org.springframework.web.servlet.mvc.ParameterizableViewController]
21:23:53.836 [main] DEBUG o.s.b.f.s.DefaultListableBeanFactory - Returning cached instance of singleton bean 'metaDataSourceAdvisor'
21:23:53.856 [main] DEBUG o.s.b.f.s.DefaultListableBeanFactory - Finished creating instance of bean 'viewControllerHandlerMapping'
21:23:53.857 [main] DEBUG o.s.b.f.s.DefaultListableBeanFactory - Creating shared instance of singleton bean 'beanNameHandlerMapping'
21:23:53.857 [main] DEBUG o.s.b.f.s.DefaultListableBeanFactory - Creating instance of bean 'beanNameHandlerMapping'
21:23:53.858 [main] DEBUG o.s.b.f.s.DefaultListableBeanFactory - Returning cached instance of singleton bean 'org.springframework.web.servlet.config.annotation.DelegatingWebMvcConfiguration'
21:23:53.861 [main] DEBUG o.s.b.f.s.DefaultListableBeanFactory - Eagerly caching bean 'beanNameHandlerMapping' to allow for resolving potential circular references
21:23:53.874 [main] DEBUG o.s.w.s.h.BeanNameUrlHandlerMapping - Looking for URL mappings in application context: org.springframework.web.context.support.GenericWebApplicationContext@a098d76: startup date [Wed Mar 21 21:23:44 UTC 2018]; root of context hierarchy
21:23:53.875 [main] DEBUG o.s.w.s.h.BeanNameUrlHandlerMapping - Rejected bean name 'org.springframework.context.annotation.internalConfigurationAnnotationProcessor': no URL paths identified
21:23:53.875 [main] DEBUG o.s.w.s.h.BeanNameUrlHandlerMapping - Rejected bean name 'org.springframework.context.annotation.internalAutowiredAnnotationProcessor': no URL paths identified
21:23:53.875 [main] DEBUG o.s.w.s.h.BeanNameUrlHandlerMapping - Rejected bean name 'org.springframework.context.annotation.internalRequiredAnnotationProcessor': no URL paths identified
21:23:53.875 [main] DEBUG o.s.w.s.h.BeanNameUrlHandlerMapping - Rejected bean name 'org.springframework.context.annotation.internalCommonAnnotationProcessor': no URL paths identified
21:23:53.875 [main] DEBUG o.s.w.s.h.BeanNameUrlHandlerMapping - Rejected bean name 'org.springframework.context.annotation.internalPersistenceAnnotationProcessor': no URL paths identified
21:23:53.875 [main] DEBUG o.s.w.s.h.BeanNameUrlHandlerMapping - Rejected bean name 'org.springframework.context.event.internalEventListenerProcessor': no URL paths identified
21:23:53.876 [main] DEBUG o.s.w.s.h.BeanNameUrlHandlerMapping - Rejected bean name 'org.springframework.context.event.internalEventListenerFactory': no URL paths identified
21:23:53.876 [main] DEBUG o.s.w.s.h.BeanNameUrlHandlerMapping - Rejected bean name 'rootConfiguration': no URL paths identified
21:23:53.876 [main] DEBUG o.s.w.s.h.BeanNameUrlHandlerMapping - Rejected bean name 'webMvcConfiguration': no URL paths identified
21:23:53.876 [main] DEBUG o.s.w.s.h.BeanNameUrlHandlerMapping - Rejected bean name 'dataConfiguration': no URL paths identified
21:23:53.876 [main] DEBUG o.s.w.s.h.BeanNameUrlHandlerMapping - Rejected bean name 'loginAuditingListener': no URL paths identified
21:23:53.876 [main] DEBUG o.s.w.s.h.BeanNameUrlHandlerMapping - Rejected bean name 'securityConfig': no URL paths identified
21:23:53.876 [main] DEBUG o.s.w.s.h.BeanNameUrlHandlerMapping - Rejected bean name 'defaultController': no URL paths identified
21:23:53.876 [main] DEBUG o.s.w.s.h.BeanNameUrlHandlerMapping - Rejected bean name 'adminController': no URL paths identified
21:23:53.876 [main] DEBUG o.s.w.s.h.BeanNameUrlHandlerMapping - Rejected bean name 'adminUserController': no URL paths identified
21:23:53.876 [main] DEBUG o.s.w.s.h.BeanNameUrlHandlerMapping - Rejected bean name 'hospitalController': no URL paths identified
21:23:53.876 [main] DEBUG o.s.w.s.h.BeanNameUrlHandlerMapping - Rejected bean name 'ICDCodesController': no URL paths identified
21:23:53.876 [main] DEBUG o.s.w.s.h.BeanNameUrlHandlerMapping - Rejected bean name 'APIAppointmentRequestController': no URL paths identified
21:23:53.876 [main] DEBUG o.s.w.s.h.BeanNameUrlHandlerMapping - Rejected bean name 'APIDiagnosisController': no URL paths identified
21:23:53.876 [main] DEBUG o.s.w.s.h.BeanNameUrlHandlerMapping - Rejected bean name 'APIDrugController': no URL paths identified
21:23:53.877 [main] DEBUG o.s.w.s.h.BeanNameUrlHandlerMapping - Rejected bean name 'APIEnumController': no URL paths identified
21:23:53.877 [main] DEBUG o.s.w.s.h.BeanNameUrlHandlerMapping - Rejected bean name 'APIHospitalController': no URL paths identified
21:23:53.877 [main] DEBUG o.s.w.s.h.BeanNameUrlHandlerMapping - Rejected bean name 'APIICDCodeController': no URL paths identified
21:23:53.877 [main] DEBUG o.s.w.s.h.BeanNameUrlHandlerMapping - Rejected bean name 'APILogEntryController': no URL paths identified
21:23:53.877 [main] DEBUG o.s.w.s.h.BeanNameUrlHandlerMapping - Rejected bean name 'APIOfficeVisitController': no URL paths identified
21:23:53.877 [main] DEBUG o.s.w.s.h.BeanNameUrlHandlerMapping - Rejected bean name 'APIPasswordController': no URL paths identified
21:23:53.877 [main] DEBUG o.s.w.s.h.BeanNameUrlHandlerMapping - Rejected bean name 'APIPatientController': no URL paths identified
21:23:53.877 [main] DEBUG o.s.w.s.h.BeanNameUrlHandlerMapping - Rejected bean name 'APIPersonnelController': no URL paths identified
21:23:53.877 [main] DEBUG o.s.w.s.h.BeanNameUrlHandlerMapping - Rejected bean name 'APIPrescriptionController': no URL paths identified
21:23:53.877 [main] DEBUG o.s.w.s.h.BeanNameUrlHandlerMapping - Rejected bean name 'APIUserController': no URL paths identified
21:23:53.877 [main] DEBUG o.s.w.s.h.BeanNameUrlHandlerMapping - Rejected bean name 'appointmentControllerHCP': no URL paths identified
21:23:53.878 [main] DEBUG o.s.w.s.h.BeanNameUrlHandlerMapping - Rejected bean name 'HCPController': no URL paths identified
21:23:53.878 [main] DEBUG o.s.w.s.h.BeanNameUrlHandlerMapping - Rejected bean name 'officeVisitController': no URL paths identified
21:23:53.878 [main] DEBUG o.s.w.s.h.BeanNameUrlHandlerMapping - Rejected bean name 'appointmentController': no URL paths identified
21:23:53.878 [main] DEBUG o.s.w.s.h.BeanNameUrlHandlerMapping - Rejected bean name 'diagnosesController': no URL paths identified
21:23:53.878 [main] DEBUG o.s.w.s.h.BeanNameUrlHandlerMapping - Rejected bean name 'patientController': no URL paths identified
21:23:53.878 [main] DEBUG o.s.w.s.h.BeanNameUrlHandlerMapping - Rejected bean name 'passwordController': no URL paths identified
21:23:53.878 [main] DEBUG o.s.w.s.h.BeanNameUrlHandlerMapping - Rejected bean name 'userController': no URL paths identified
21:23:53.878 [main] DEBUG o.s.w.s.h.BeanNameUrlHandlerMapping - Rejected bean name 'dataSource': no URL paths identified
21:23:53.878 [main] DEBUG o.s.w.s.h.BeanNameUrlHandlerMapping - Rejected bean name 'org.springframework.security.config.annotation.configuration.ObjectPostProcessorConfiguration': no URL paths identified
21:23:53.878 [main] DEBUG o.s.w.s.h.BeanNameUrlHandlerMapping - Rejected bean name 'objectPostProcessor': no URL paths identified
21:23:53.878 [main] DEBUG o.s.w.s.h.BeanNameUrlHandlerMapping - Rejected bean name 'org.springframework.security.config.annotation.authentication.configuration.AuthenticationConfiguration': no URL paths identified
21:23:53.878 [main] DEBUG o.s.w.s.h.BeanNameUrlHandlerMapping - Rejected bean name 'authenticationManagerBuilder': no URL paths identified
21:23:53.878 [main] DEBUG o.s.w.s.h.BeanNameUrlHandlerMapping - Rejected bean name 'enableGlobalAuthenticationAutowiredConfigurer': no URL paths identified
21:23:53.879 [main] DEBUG o.s.w.s.h.BeanNameUrlHandlerMapping - Rejected bean name 'initializeUserDetailsBeanManagerConfigurer': no URL paths identified
21:23:53.879 [main] DEBUG o.s.w.s.h.BeanNameUrlHandlerMapping - Rejected bean name 'initializeAuthenticationProviderBeanManagerConfigurer': no URL paths identified
21:23:53.879 [main] DEBUG o.s.w.s.h.BeanNameUrlHandlerMapping - Rejected bean name 'org.springframework.security.config.annotation.web.configuration.WebSecurityConfiguration': no URL paths identified
21:23:53.879 [main] DEBUG o.s.w.s.h.BeanNameUrlHandlerMapping - Rejected bean name 'delegatingApplicationListener': no URL paths identified
21:23:53.879 [main] DEBUG o.s.w.s.h.BeanNameUrlHandlerMapping - Rejected bean name 'webSecurityExpressionHandler': no URL paths identified
21:23:53.879 [main] DEBUG o.s.w.s.h.BeanNameUrlHandlerMapping - Rejected bean name 'springSecurityFilterChain': no URL paths identified
21:23:53.879 [main] DEBUG o.s.w.s.h.BeanNameUrlHandlerMapping - Rejected bean name 'privilegeEvaluator': no URL paths identified
21:23:53.879 [main] DEBUG o.s.w.s.h.BeanNameUrlHandlerMapping - Rejected bean name 'autowiredWebSecurityConfigurersIgnoreParents': no URL paths identified
21:23:53.879 [main] DEBUG o.s.w.s.h.BeanNameUrlHandlerMapping - Rejected bean name 'org.springframework.security.config.annotation.web.configuration.WebMvcSecurityConfiguration': no URL paths identified
21:23:53.879 [main] DEBUG o.s.w.s.h.BeanNameUrlHandlerMapping - Rejected bean name 'requestDataValueProcessor': no URL paths identified
21:23:53.880 [main] DEBUG o.s.w.s.h.BeanNameUrlHandlerMapping - Rejected bean name 'passwordEncoder': no URL paths identified
21:23:53.880 [main] DEBUG o.s.w.s.h.BeanNameUrlHandlerMapping - Rejected bean name 'defaultAuthenticationEventPublisher': no URL paths identified
21:23:53.880 [main] DEBUG o.s.w.s.h.BeanNameUrlHandlerMapping - Rejected bean name 'failureHandler': no URL paths identified
21:23:53.880 [main] DEBUG o.s.w.s.h.BeanNameUrlHandlerMapping - Rejected bean name 'ipBlockFilter': no URL paths identified
21:23:53.880 [main] DEBUG o.s.w.s.h.BeanNameUrlHandlerMapping - Rejected bean name 'org.springframework.web.servlet.config.annotation.DelegatingWebMvcConfiguration': no URL paths identified
21:23:53.880 [main] DEBUG o.s.w.s.h.BeanNameUrlHandlerMapping - Rejected bean name 'mvcConversionService': no URL paths identified
21:23:53.880 [main] DEBUG o.s.w.s.h.BeanNameUrlHandlerMapping - Rejected bean name 'mvcUrlPathHelper': no URL paths identified
21:23:53.880 [main] DEBUG o.s.w.s.h.BeanNameUrlHandlerMapping - Rejected bean name 'mvcContentNegotiationManager': no URL paths identified
21:23:53.880 [main] DEBUG o.s.w.s.h.BeanNameUrlHandlerMapping - Rejected bean name 'viewControllerHandlerMapping': no URL paths identified
21:23:53.880 [main] DEBUG o.s.w.s.h.BeanNameUrlHandlerMapping - Rejected bean name 'beanNameHandlerMapping': no URL paths identified
21:23:53.880 [main] DEBUG o.s.w.s.h.BeanNameUrlHandlerMapping - Rejected bean name 'resourceHandlerMapping': no URL paths identified
21:23:53.881 [main] DEBUG o.s.w.s.h.BeanNameUrlHandlerMapping - Rejected bean name 'mvcResourceUrlProvider': no URL paths identified
21:23:53.881 [main] DEBUG o.s.w.s.h.BeanNameUrlHandlerMapping - Rejected bean name 'defaultServletHandlerMapping': no URL paths identified
21:23:53.881 [main] DEBUG o.s.w.s.h.BeanNameUrlHandlerMapping - Rejected bean name 'requestMappingHandlerAdapter': no URL paths identified
21:23:53.881 [main] DEBUG o.s.w.s.h.BeanNameUrlHandlerMapping - Rejected bean name 'mvcValidator': no URL paths identified
21:23:53.881 [main] DEBUG o.s.w.s.h.BeanNameUrlHandlerMapping - Rejected bean name 'mvcUriComponentsContributor': no URL paths identified
21:23:53.881 [main] DEBUG o.s.w.s.h.BeanNameUrlHandlerMapping - Rejected bean name 'httpRequestHandlerAdapter': no URL paths identified
21:23:53.882 [main] DEBUG o.s.w.s.h.BeanNameUrlHandlerMapping - Rejected bean name 'simpleControllerHandlerAdapter': no URL paths identified
21:23:53.882 [main] DEBUG o.s.w.s.h.BeanNameUrlHandlerMapping - Rejected bean name 'handlerExceptionResolver': no URL paths identified
21:23:53.882 [main] DEBUG o.s.w.s.h.BeanNameUrlHandlerMapping - Rejected bean name 'mvcViewResolver': no URL paths identified
21:23:53.883 [main] DEBUG o.s.w.s.h.BeanNameUrlHandlerMapping - Rejected bean name 'requestMappingHandlerMapping': no URL paths identified
21:23:53.883 [main] DEBUG o.s.w.s.h.BeanNameUrlHandlerMapping - Rejected bean name 'mvcPathMatcher': no URL paths identified
21:23:53.883 [main] DEBUG o.s.w.s.h.BeanNameUrlHandlerMapping - Rejected bean name 'org.springframework.security.config.annotation.method.configuration.GlobalMethodSecurityConfiguration': no URL paths identified
21:23:53.883 [main] DEBUG o.s.w.s.h.BeanNameUrlHandlerMapping - Rejected bean name 'methodSecurityInterceptor': no URL paths identified
21:23:53.883 [main] DEBUG o.s.w.s.h.BeanNameUrlHandlerMapping - Rejected bean name 'methodSecurityMetadataSource': no URL paths identified
21:23:53.883 [main] DEBUG o.s.w.s.h.BeanNameUrlHandlerMapping - Rejected bean name 'preInvocationAuthorizationAdvice': no URL paths identified
21:23:53.884 [main] DEBUG o.s.w.s.h.BeanNameUrlHandlerMapping - Rejected bean name 'viewResolver': no URL paths identified
21:23:53.884 [main] DEBUG o.s.w.s.h.BeanNameUrlHandlerMapping - Rejected bean name 'templateEngine': no URL paths identified
21:23:53.884 [main] DEBUG o.s.w.s.h.BeanNameUrlHandlerMapping - Rejected bean name 'domainClassConverter': no URL paths identified
21:23:53.884 [main] DEBUG o.s.w.s.h.BeanNameUrlHandlerMapping - Rejected bean name 'metaDataSourceAdvisor': no URL paths identified
21:23:53.884 [main] DEBUG o.s.w.s.h.BeanNameUrlHandlerMapping - Rejected bean name 'org.springframework.aop.config.internalAutoProxyCreator': no URL paths identified
21:23:53.884 [main] DEBUG o.s.w.s.h.BeanNameUrlHandlerMapping - Rejected bean name 'environment': no URL paths identified
21:23:53.884 [main] DEBUG o.s.w.s.h.BeanNameUrlHandlerMapping - Rejected bean name 'systemProperties': no URL paths identified
21:23:53.884 [main] DEBUG o.s.w.s.h.BeanNameUrlHandlerMapping - Rejected bean name 'systemEnvironment': no URL paths identified
21:23:53.884 [main] DEBUG o.s.w.s.h.BeanNameUrlHandlerMapping - Rejected bean name 'servletContext': no URL paths identified
21:23:53.884 [main] DEBUG o.s.w.s.h.BeanNameUrlHandlerMapping - Rejected bean name 'contextParameters': no URL paths identified
21:23:53.885 [main] DEBUG o.s.w.s.h.BeanNameUrlHandlerMapping - Rejected bean name 'contextAttributes': no URL paths identified
21:23:53.885 [main] DEBUG o.s.w.s.h.BeanNameUrlHandlerMapping - Rejected bean name 'org.springframework.context.annotation.ConfigurationClassPostProcessor.importRegistry': no URL paths identified
21:23:53.885 [main] DEBUG o.s.w.s.h.BeanNameUrlHandlerMapping - Rejected bean name 'messageSource': no URL paths identified
21:23:53.885 [main] DEBUG o.s.w.s.h.BeanNameUrlHandlerMapping - Rejected bean name 'applicationEventMulticaster': no URL paths identified
21:23:53.885 [main] DEBUG o.s.b.f.s.DefaultListableBeanFactory - Returning cached instance of singleton bean 'metaDataSourceAdvisor'
21:23:53.894 [main] DEBUG o.s.b.f.s.DefaultListableBeanFactory - Finished creating instance of bean 'beanNameHandlerMapping'
21:23:53.894 [main] DEBUG o.s.b.f.s.DefaultListableBeanFactory - Creating shared instance of singleton bean 'resourceHandlerMapping'
21:23:53.894 [main] DEBUG o.s.b.f.s.DefaultListableBeanFactory - Creating instance of bean 'resourceHandlerMapping'
21:23:53.896 [main] DEBUG o.s.b.f.s.DefaultListableBeanFactory - Returning cached instance of singleton bean 'org.springframework.web.servlet.config.annotation.DelegatingWebMvcConfiguration'
21:23:53.898 [main] DEBUG o.s.b.f.s.DefaultListableBeanFactory - Returning cached instance of singleton bean 'mvcContentNegotiationManager'
21:23:53.922 [main] DEBUG o.s.b.f.s.DefaultListableBeanFactory - Returning cached instance of singleton bean 'mvcPathMatcher'
21:23:53.922 [main] DEBUG o.s.b.f.s.DefaultListableBeanFactory - Returning cached instance of singleton bean 'mvcUrlPathHelper'
21:23:53.923 [main] DEBUG o.s.b.f.s.DefaultListableBeanFactory - Returning cached instance of singleton bean 'mvcResourceUrlProvider'
21:23:53.924 [main] DEBUG o.s.b.f.s.DefaultListableBeanFactory - Eagerly caching bean 'resourceHandlerMapping' to allow for resolving potential circular references
21:23:53.925 [main] INFO  o.s.w.s.h.SimpleUrlHandlerMapping - Mapped URL path [/resources/**] onto handler of type [class org.springframework.web.servlet.resource.ResourceHttpRequestHandler]
21:23:53.925 [main] DEBUG o.s.b.f.s.DefaultListableBeanFactory - Returning cached instance of singleton bean 'metaDataSourceAdvisor'
21:23:53.926 [main] DEBUG o.s.b.f.s.DefaultListableBeanFactory - Finished creating instance of bean 'resourceHandlerMapping'
21:23:53.926 [main] DEBUG o.s.b.f.s.DefaultListableBeanFactory - Returning cached instance of singleton bean 'mvcResourceUrlProvider'
21:23:53.927 [main] DEBUG o.s.b.f.s.DefaultListableBeanFactory - Creating shared instance of singleton bean 'defaultServletHandlerMapping'
21:23:53.927 [main] DEBUG o.s.b.f.s.DefaultListableBeanFactory - Creating instance of bean 'defaultServletHandlerMapping'
21:23:53.928 [main] DEBUG o.s.b.f.s.DefaultListableBeanFactory - Returning cached instance of singleton bean 'org.springframework.web.servlet.config.annotation.DelegatingWebMvcConfiguration'
21:23:53.931 [main] DEBUG o.s.b.f.s.DefaultListableBeanFactory - Eagerly caching bean 'defaultServletHandlerMapping' to allow for resolving potential circular references
21:23:53.947 [main] DEBUG o.s.b.f.s.DefaultListableBeanFactory - Returning cached instance of singleton bean 'metaDataSourceAdvisor'
21:23:53.958 [main] DEBUG o.s.b.f.s.DefaultListableBeanFactory - Finished creating instance of bean 'defaultServletHandlerMapping'
21:23:53.959 [main] DEBUG o.s.b.f.s.DefaultListableBeanFactory - Creating shared instance of singleton bean 'requestMappingHandlerAdapter'
21:23:53.959 [main] DEBUG o.s.b.f.s.DefaultListableBeanFactory - Creating instance of bean 'requestMappingHandlerAdapter'
21:23:53.963 [main] DEBUG o.s.b.f.s.DefaultListableBeanFactory - Returning cached instance of singleton bean 'org.springframework.web.servlet.config.annotation.DelegatingWebMvcConfiguration'
21:23:54.532 [main] DEBUG o.s.b.f.s.DefaultListableBeanFactory - Returning cached instance of singleton bean 'mvcContentNegotiationManager'
21:23:54.538 [main] DEBUG o.s.b.f.s.DefaultListableBeanFactory - Returning cached instance of singleton bean 'mvcConversionService'
21:23:54.539 [main] DEBUG o.s.b.f.s.DefaultListableBeanFactory - Creating shared instance of singleton bean 'mvcValidator'
21:23:54.539 [main] DEBUG o.s.b.f.s.DefaultListableBeanFactory - Creating instance of bean 'mvcValidator'
21:23:54.539 [main] DEBUG o.s.b.f.s.DefaultListableBeanFactory - Returning cached instance of singleton bean 'org.springframework.web.servlet.config.annotation.DelegatingWebMvcConfiguration'
21:23:54.579 [main] DEBUG o.s.b.f.s.DefaultListableBeanFactory - Eagerly caching bean 'mvcValidator' to allow for resolving potential circular references
21:23:54.592 [main] DEBUG o.s.b.f.s.DefaultListableBeanFactory - Invoking afterPropertiesSet() on bean with name 'mvcValidator'
21:23:54.819 [main] DEBUG org.jboss.logging - Logging Provider: org.jboss.logging.Slf4jLoggerProvider
21:23:54.834 [main] INFO  o.h.validator.internal.util.Version - HV000001: Hibernate Validator 5.4.1.Final
21:23:54.963 [main] DEBUG o.h.v.i.e.r.DefaultTraversableResolver - Found javax.persistence.Persistence on classpath containing 'getPersistenceUtil'. Assuming JPA 2 environment. Trying to instantiate JPA aware TraversableResolver
21:23:54.966 [main] DEBUG o.h.v.i.e.r.DefaultTraversableResolver - Instantiated JPA aware TraversableResolver of type org.hibernate.validator.internal.engine.resolver.JPATraversableResolver.
21:23:55.043 [main] DEBUG o.h.v.i.engine.ConfigurationImpl - Setting custom MessageInterpolator of type org.springframework.validation.beanvalidation.LocaleContextMessageInterpolator
21:23:55.047 [main] DEBUG o.h.v.i.engine.ConfigurationImpl - Setting custom ConstraintValidatorFactory of type org.springframework.validation.beanvalidation.SpringConstraintValidatorFactory
21:23:55.053 [main] DEBUG o.h.v.i.engine.ConfigurationImpl - Setting custom ParameterNameProvider of type com.sun.proxy.$Proxy43
21:23:55.076 [main] DEBUG o.h.v.i.xml.ValidationXmlParser - Trying to load META-INF/validation.xml for XML based Validator configuration.
21:23:55.110 [main] DEBUG o.h.v.i.xml.ResourceLoaderHelper - Trying to load META-INF/validation.xml via user class loader
21:23:55.115 [main] DEBUG o.h.v.i.xml.ResourceLoaderHelper - Trying to load META-INF/validation.xml via TCCL
21:23:55.115 [main] DEBUG o.h.v.i.xml.ResourceLoaderHelper - Trying to load META-INF/validation.xml via Hibernate Validator's class loader
21:23:55.117 [main] DEBUG o.h.v.i.xml.ValidationXmlParser - No META-INF/validation.xml found. Using annotation based configuration only.
21:23:55.449 [main] DEBUG o.s.b.f.s.DefaultListableBeanFactory - Returning cached instance of singleton bean 'metaDataSourceAdvisor'
21:23:55.457 [main] DEBUG o.s.b.f.s.DefaultListableBeanFactory - Finished creating instance of bean 'mvcValidator'
21:23:55.496 [main] DEBUG o.s.b.f.s.DefaultListableBeanFactory - Eagerly caching bean 'requestMappingHandlerAdapter' to allow for resolving potential circular references
21:23:55.553 [main] DEBUG o.s.b.f.s.DefaultListableBeanFactory - Invoking afterPropertiesSet() on bean with name 'requestMappingHandlerAdapter'
21:23:55.555 [main] INFO  o.s.w.s.m.m.a.RequestMappingHandlerAdapter - Looking for @ControllerAdvice: org.springframework.web.context.support.GenericWebApplicationContext@a098d76: startup date [Wed Mar 21 21:23:44 UTC 2018]; root of context hierarchy
21:23:55.792 [main] DEBUG o.s.b.f.s.DefaultListableBeanFactory - Returning cached instance of singleton bean 'metaDataSourceAdvisor'
21:23:55.836 [main] DEBUG o.s.b.f.s.DefaultListableBeanFactory - Finished creating instance of bean 'requestMappingHandlerAdapter'
21:23:55.837 [main] DEBUG o.s.b.f.s.DefaultListableBeanFactory - Returning cached instance of singleton bean 'mvcValidator'
21:23:55.837 [main] DEBUG o.s.b.f.s.DefaultListableBeanFactory - Creating shared instance of singleton bean 'mvcUriComponentsContributor'
21:23:55.837 [main] DEBUG o.s.b.f.s.DefaultListableBeanFactory - Creating instance of bean 'mvcUriComponentsContributor'
21:23:55.838 [main] DEBUG o.s.b.f.s.DefaultListableBeanFactory - Returning cached instance of singleton bean 'org.springframework.web.servlet.config.annotation.DelegatingWebMvcConfiguration'
21:23:55.840 [main] DEBUG o.s.b.f.s.DefaultListableBeanFactory - Returning cached instance of singleton bean 'requestMappingHandlerAdapter'
21:23:55.841 [main] DEBUG o.s.b.f.s.DefaultListableBeanFactory - Returning cached instance of singleton bean 'mvcConversionService'
21:23:55.847 [main] DEBUG o.s.b.f.s.DefaultListableBeanFactory - Eagerly caching bean 'mvcUriComponentsContributor' to allow for resolving potential circular references
21:23:55.850 [main] DEBUG o.s.b.f.s.DefaultListableBeanFactory - Returning cached instance of singleton bean 'metaDataSourceAdvisor'
21:23:55.850 [main] DEBUG o.s.b.f.s.DefaultListableBeanFactory - Finished creating instance of bean 'mvcUriComponentsContributor'
21:23:55.851 [main] DEBUG o.s.b.f.s.DefaultListableBeanFactory - Creating shared instance of singleton bean 'httpRequestHandlerAdapter'
21:23:55.851 [main] DEBUG o.s.b.f.s.DefaultListableBeanFactory - Creating instance of bean 'httpRequestHandlerAdapter'
21:23:55.855 [main] DEBUG o.s.b.f.s.DefaultListableBeanFactory - Returning cached instance of singleton bean 'org.springframework.web.servlet.config.annotation.DelegatingWebMvcConfiguration'
21:23:55.856 [main] DEBUG o.s.b.f.s.DefaultListableBeanFactory - Eagerly caching bean 'httpRequestHandlerAdapter' to allow for resolving potential circular references
21:23:55.858 [main] DEBUG o.s.b.f.s.DefaultListableBeanFactory - Returning cached instance of singleton bean 'metaDataSourceAdvisor'
21:23:55.859 [main] DEBUG o.s.b.f.s.DefaultListableBeanFactory - Finished creating instance of bean 'httpRequestHandlerAdapter'
21:23:55.859 [main] DEBUG o.s.b.f.s.DefaultListableBeanFactory - Creating shared instance of singleton bean 'simpleControllerHandlerAdapter'
21:23:55.859 [main] DEBUG o.s.b.f.s.DefaultListableBeanFactory - Creating instance of bean 'simpleControllerHandlerAdapter'
21:23:55.860 [main] DEBUG o.s.b.f.s.DefaultListableBeanFactory - Returning cached instance of singleton bean 'org.springframework.web.servlet.config.annotation.DelegatingWebMvcConfiguration'
21:23:55.860 [main] DEBUG o.s.b.f.s.DefaultListableBeanFactory - Eagerly caching bean 'simpleControllerHandlerAdapter' to allow for resolving potential circular references
21:23:55.862 [main] DEBUG o.s.b.f.s.DefaultListableBeanFactory - Returning cached instance of singleton bean 'metaDataSourceAdvisor'
21:23:55.863 [main] DEBUG o.s.b.f.s.DefaultListableBeanFactory - Finished creating instance of bean 'simpleControllerHandlerAdapter'
21:23:55.863 [main] DEBUG o.s.b.f.s.DefaultListableBeanFactory - Creating shared instance of singleton bean 'handlerExceptionResolver'
21:23:55.863 [main] DEBUG o.s.b.f.s.DefaultListableBeanFactory - Creating instance of bean 'handlerExceptionResolver'
21:23:55.863 [main] DEBUG o.s.b.f.s.DefaultListableBeanFactory - Returning cached instance of singleton bean 'org.springframework.web.servlet.config.annotation.DelegatingWebMvcConfiguration'
21:23:55.872 [main] DEBUG o.s.b.f.s.DefaultListableBeanFactory - Returning cached instance of singleton bean 'mvcContentNegotiationManager'
21:23:55.873 [main] DEBUG o.s.w.s.m.m.a.ExceptionHandlerExceptionResolver - Looking for exception mappings: org.springframework.web.context.support.GenericWebApplicationContext@a098d76: startup date [Wed Mar 21 21:23:44 UTC 2018]; root of context hierarchy
21:23:55.883 [main] DEBUG o.s.b.f.s.DefaultListableBeanFactory - Eagerly caching bean 'handlerExceptionResolver' to allow for resolving potential circular references
21:23:55.886 [main] DEBUG o.s.b.f.s.DefaultListableBeanFactory - Returning cached instance of singleton bean 'metaDataSourceAdvisor'
21:23:55.886 [main] DEBUG o.s.b.f.s.DefaultListableBeanFactory - Finished creating instance of bean 'handlerExceptionResolver'
21:23:55.886 [main] DEBUG o.s.b.f.s.DefaultListableBeanFactory - Creating shared instance of singleton bean 'mvcViewResolver'
21:23:55.886 [main] DEBUG o.s.b.f.s.DefaultListableBeanFactory - Creating instance of bean 'mvcViewResolver'
21:23:55.887 [main] DEBUG o.s.b.f.s.DefaultListableBeanFactory - Returning cached instance of singleton bean 'org.springframework.web.servlet.config.annotation.DelegatingWebMvcConfiguration'
21:23:55.900 [main] DEBUG o.s.b.f.s.DefaultListableBeanFactory - Returning cached instance of singleton bean 'mvcContentNegotiationManager'
21:23:55.903 [main] DEBUG o.s.b.f.s.DefaultListableBeanFactory - Eagerly caching bean 'mvcViewResolver' to allow for resolving potential circular references
21:23:55.951 [main] DEBUG o.s.b.f.s.DefaultListableBeanFactory - Invoking afterPropertiesSet() on bean with name 'mvcViewResolver'
21:23:55.951 [main] DEBUG o.s.b.f.s.DefaultListableBeanFactory - Returning cached instance of singleton bean 'metaDataSourceAdvisor'
21:23:55.952 [main] DEBUG o.s.b.f.s.DefaultListableBeanFactory - Finished creating instance of bean 'mvcViewResolver'
21:23:55.953 [main] DEBUG o.s.b.f.s.DefaultListableBeanFactory - Creating shared instance of singleton bean 'requestMappingHandlerMapping'
21:23:55.953 [main] DEBUG o.s.b.f.s.DefaultListableBeanFactory - Creating instance of bean 'requestMappingHandlerMapping'
21:23:55.954 [main] DEBUG o.s.b.f.s.DefaultListableBeanFactory - Returning cached instance of singleton bean 'org.springframework.web.servlet.config.annotation.DelegatingWebMvcConfiguration'
21:23:56.000 [main] DEBUG o.s.b.f.s.DefaultListableBeanFactory - Returning cached instance of singleton bean 'mvcContentNegotiationManager'
21:23:56.024 [main] DEBUG o.s.b.f.s.DefaultListableBeanFactory - Eagerly caching bean 'requestMappingHandlerMapping' to allow for resolving potential circular references
21:23:56.070 [main] DEBUG o.s.b.f.s.DefaultListableBeanFactory - Invoking afterPropertiesSet() on bean with name 'requestMappingHandlerMapping'
21:23:56.071 [main] DEBUG o.s.w.s.m.m.a.RequestMappingHandlerMapping - Looking for request mappings in application context: org.springframework.web.context.support.GenericWebApplicationContext@a098d76: startup date [Wed Mar 21 21:23:44 UTC 2018]; root of context hierarchy
21:23:56.140 [main] DEBUG o.s.w.s.m.m.a.RequestMappingHandlerMapping - 1 request handler methods found on class edu.ncsu.csc.itrust2.controllers.DefaultController: {public org.springframework.web.servlet.view.RedirectView edu.ncsu.csc.itrust2.controllers.DefaultController.index(org.springframework.ui.Model)={[/]}}
21:23:56.142 [main] INFO  o.s.w.s.m.m.a.RequestMappingHandlerMapping - Mapped "{[/]}" onto public org.springframework.web.servlet.view.RedirectView edu.ncsu.csc.itrust2.controllers.DefaultController.index(org.springframework.ui.Model)
21:23:56.148 [main] DEBUG o.s.w.s.m.m.a.RequestMappingHandlerMapping - 1 request handler methods found on class edu.ncsu.csc.itrust2.controllers.admin.AdminController: {public java.lang.String edu.ncsu.csc.itrust2.controllers.admin.AdminController.index(org.springframework.ui.Model)={[/admin/index]}}
21:23:56.149 [main] INFO  o.s.w.s.m.m.a.RequestMappingHandlerMapping - Mapped "{[/admin/index]}" onto public java.lang.String edu.ncsu.csc.itrust2.controllers.admin.AdminController.index(org.springframework.ui.Model)
21:23:56.165 [main] DEBUG o.s.w.s.m.m.a.RequestMappingHandlerMapping - 5 request handler methods found on class edu.ncsu.csc.itrust2.controllers.admin.AdminUserController: {public java.lang.String edu.ncsu.csc.itrust2.controllers.admin.AdminUserController.deleteUser(org.springframework.ui.Model)={[/admin/deleteUser]}, public java.lang.String edu.ncsu.csc.itrust2.controllers.admin.AdminUserController.deleteUserSubmit(edu.ncsu.csc.itrust2.forms.admin.DeleteUserForm,org.springframework.validation.BindingResult,org.springframework.ui.Model)={[/admin/deleteUser],methods=[POST]}, public java.lang.String edu.ncsu.csc.itrust2.controllers.admin.AdminUserController.drugs(org.springframework.ui.Model)={[/admin/drugs]}, public java.lang.String edu.ncsu.csc.itrust2.controllers.admin.AdminUserController.addUser(org.springframework.ui.Model)={[/admin/addUser]}, public java.lang.String edu.ncsu.csc.itrust2.controllers.admin.AdminUserController.addUserSubmit(edu.ncsu.csc.itrust2.forms.admin.UserForm,org.springframework.validation.BindingResult,org.springframework.ui.Model)={[/admin/addUser],methods=[POST]}}
21:23:56.165 [main] INFO  o.s.w.s.m.m.a.RequestMappingHandlerMapping - Mapped "{[/admin/deleteUser]}" onto public java.lang.String edu.ncsu.csc.itrust2.controllers.admin.AdminUserController.deleteUser(org.springframework.ui.Model)
21:23:56.166 [main] INFO  o.s.w.s.m.m.a.RequestMappingHandlerMapping - Mapped "{[/admin/deleteUser],methods=[POST]}" onto public java.lang.String edu.ncsu.csc.itrust2.controllers.admin.AdminUserController.deleteUserSubmit(edu.ncsu.csc.itrust2.forms.admin.DeleteUserForm,org.springframework.validation.BindingResult,org.springframework.ui.Model)
21:23:56.167 [main] INFO  o.s.w.s.m.m.a.RequestMappingHandlerMapping - Mapped "{[/admin/drugs]}" onto public java.lang.String edu.ncsu.csc.itrust2.controllers.admin.AdminUserController.drugs(org.springframework.ui.Model)
21:23:56.168 [main] INFO  o.s.w.s.m.m.a.RequestMappingHandlerMapping - Mapped "{[/admin/addUser]}" onto public java.lang.String edu.ncsu.csc.itrust2.controllers.admin.AdminUserController.addUser(org.springframework.ui.Model)
21:23:56.170 [main] INFO  o.s.w.s.m.m.a.RequestMappingHandlerMapping - Mapped "{[/admin/addUser],methods=[POST]}" onto public java.lang.String edu.ncsu.csc.itrust2.controllers.admin.AdminUserController.addUserSubmit(edu.ncsu.csc.itrust2.forms.admin.UserForm,org.springframework.validation.BindingResult,org.springframework.ui.Model)
21:23:56.177 [main] DEBUG o.s.w.s.m.m.a.RequestMappingHandlerMapping - 4 request handler methods found on class edu.ncsu.csc.itrust2.controllers.admin.HospitalController: {public java.lang.String edu.ncsu.csc.itrust2.controllers.admin.HospitalController.addHospital(org.springframework.ui.Model)={[/admin/addHospital]}, public java.lang.String edu.ncsu.csc.itrust2.controllers.admin.HospitalController.addHospitalSubmit(edu.ncsu.csc.itrust2.forms.admin.HospitalForm,org.springframework.validation.BindingResult,org.springframework.ui.Model)={[/admin/addHospital],methods=[POST]}, public java.lang.String edu.ncsu.csc.itrust2.controllers.admin.HospitalController.deleteHospital(org.springframework.ui.Model)={[/admin/deleteHospital]}, public java.lang.String edu.ncsu.csc.itrust2.controllers.admin.HospitalController.deleteHospitalSubmit(edu.ncsu.csc.itrust2.forms.admin.DeleteHospitalForm,org.springframework.validation.BindingResult,org.springframework.ui.Model)={[/admin/deleteHospital],methods=[POST]}}
21:23:56.178 [main] INFO  o.s.w.s.m.m.a.RequestMappingHandlerMapping - Mapped "{[/admin/addHospital]}" onto public java.lang.String edu.ncsu.csc.itrust2.controllers.admin.HospitalController.addHospital(org.springframework.ui.Model)
21:23:56.179 [main] INFO  o.s.w.s.m.m.a.RequestMappingHandlerMapping - Mapped "{[/admin/addHospital],methods=[POST]}" onto public java.lang.String edu.ncsu.csc.itrust2.controllers.admin.HospitalController.addHospitalSubmit(edu.ncsu.csc.itrust2.forms.admin.HospitalForm,org.springframework.validation.BindingResult,org.springframework.ui.Model)
21:23:56.180 [main] INFO  o.s.w.s.m.m.a.RequestMappingHandlerMapping - Mapped "{[/admin/deleteHospital]}" onto public java.lang.String edu.ncsu.csc.itrust2.controllers.admin.HospitalController.deleteHospital(org.springframework.ui.Model)
21:23:56.181 [main] INFO  o.s.w.s.m.m.a.RequestMappingHandlerMapping - Mapped "{[/admin/deleteHospital],methods=[POST]}" onto public java.lang.String edu.ncsu.csc.itrust2.controllers.admin.HospitalController.deleteHospitalSubmit(edu.ncsu.csc.itrust2.forms.admin.DeleteHospitalForm,org.springframework.validation.BindingResult,org.springframework.ui.Model)
21:23:56.183 [main] DEBUG o.s.w.s.m.m.a.RequestMappingHandlerMapping - 1 request handler methods found on class edu.ncsu.csc.itrust2.controllers.admin.ICDCodesController: {public java.lang.String edu.ncsu.csc.itrust2.controllers.admin.ICDCodesController.addCode(org.springframework.ui.Model)={[/admin/manageICDCodes]}}
21:23:56.184 [main] INFO  o.s.w.s.m.m.a.RequestMappingHandlerMapping - Mapped "{[/admin/manageICDCodes]}" onto public java.lang.String edu.ncsu.csc.itrust2.controllers.admin.ICDCodesController.addCode(org.springframework.ui.Model)
21:23:56.222 [main] DEBUG o.s.w.s.m.m.a.RequestMappingHandlerMapping - 6 request handler methods found on class edu.ncsu.csc.itrust2.controllers.api.APIAppointmentRequestController: {public org.springframework.http.ResponseEntity edu.ncsu.csc.itrust2.controllers.api.APIAppointmentRequestController.createAppointmentRequest(edu.ncsu.csc.itrust2.forms.patient.AppointmentRequestForm)={[/api/v1//appointmentrequests],methods=[POST]}, public org.springframework.http.ResponseEntity edu.ncsu.csc.itrust2.controllers.api.APIAppointmentRequestController.deleteAppointmentRequest(java.lang.Long)={[/api/v1//appointmentrequests/{id}],methods=[DELETE]}, public org.springframework.http.ResponseEntity edu.ncsu.csc.itrust2.controllers.api.APIAppointmentRequestController.updateAppointmentRequest(java.lang.Long,edu.ncsu.csc.itrust2.forms.patient.AppointmentRequestForm)={[/api/v1//appointmentrequests/{id}],methods=[PUT]}, public org.springframework.http.ResponseEntity edu.ncsu.csc.itrust2.controllers.api.APIAppointmentRequestController.deleteAppointmentRequests()={[/api/v1//appointmentrequests],methods=[DELETE]}, public java.util.List edu.ncsu.csc.itrust2.controllers.api.APIAppointmentRequestController.getAppointmentRequests()={[/api/v1//appointmentrequests],methods=[GET]}, public org.springframework.http.ResponseEntity edu.ncsu.csc.itrust2.controllers.api.APIAppointmentRequestController.getAppointmentRequest(java.lang.Long)={[/api/v1//appointmentrequests/{id}],methods=[GET]}}
21:23:56.223 [main] INFO  o.s.w.s.m.m.a.RequestMappingHandlerMapping - Mapped "{[/api/v1//appointmentrequests],methods=[POST]}" onto public org.springframework.http.ResponseEntity edu.ncsu.csc.itrust2.controllers.api.APIAppointmentRequestController.createAppointmentRequest(edu.ncsu.csc.itrust2.forms.patient.AppointmentRequestForm)
21:23:56.227 [main] INFO  o.s.w.s.m.m.a.RequestMappingHandlerMapping - Mapped "{[/api/v1//appointmentrequests/{id}],methods=[DELETE]}" onto public org.springframework.http.ResponseEntity edu.ncsu.csc.itrust2.controllers.api.APIAppointmentRequestController.deleteAppointmentRequest(java.lang.Long)
21:23:56.228 [main] INFO  o.s.w.s.m.m.a.RequestMappingHandlerMapping - Mapped "{[/api/v1//appointmentrequests/{id}],methods=[PUT]}" onto public org.springframework.http.ResponseEntity edu.ncsu.csc.itrust2.controllers.api.APIAppointmentRequestController.updateAppointmentRequest(java.lang.Long,edu.ncsu.csc.itrust2.forms.patient.AppointmentRequestForm)
21:23:56.230 [main] INFO  o.s.w.s.m.m.a.RequestMappingHandlerMapping - Mapped "{[/api/v1//appointmentrequests],methods=[DELETE]}" onto public org.springframework.http.ResponseEntity edu.ncsu.csc.itrust2.controllers.api.APIAppointmentRequestController.deleteAppointmentRequests()
21:23:56.231 [main] INFO  o.s.w.s.m.m.a.RequestMappingHandlerMapping - Mapped "{[/api/v1//appointmentrequests],methods=[GET]}" onto public java.util.List<edu.ncsu.csc.itrust2.models.persistent.AppointmentRequest> edu.ncsu.csc.itrust2.controllers.api.APIAppointmentRequestController.getAppointmentRequests()
21:23:56.233 [main] INFO  o.s.w.s.m.m.a.RequestMappingHandlerMapping - Mapped "{[/api/v1//appointmentrequests/{id}],methods=[GET]}" onto public org.springframework.http.ResponseEntity edu.ncsu.csc.itrust2.controllers.api.APIAppointmentRequestController.getAppointmentRequest(java.lang.Long)
21:23:56.243 [main] DEBUG o.s.w.s.m.m.a.RequestMappingHandlerMapping - 3 request handler methods found on class edu.ncsu.csc.itrust2.controllers.api.APIDiagnosisController: {public org.springframework.http.ResponseEntity edu.ncsu.csc.itrust2.controllers.api.APIDiagnosisController.getDiagnosis(java.lang.Long)={[/api/v1//diagnosis/{id}],methods=[GET]}, public java.util.List edu.ncsu.csc.itrust2.controllers.api.APIDiagnosisController.getDiagnosis()={[/api/v1//diagnoses],methods=[GET]}, public java.util.List edu.ncsu.csc.itrust2.controllers.api.APIDiagnosisController.getDiagnosesForVisit(java.lang.Long)={[/api/v1//diagnosesforvisit/{id}],methods=[GET]}}
21:23:56.243 [main] INFO  o.s.w.s.m.m.a.RequestMappingHandlerMapping - Mapped "{[/api/v1//diagnosis/{id}],methods=[GET]}" onto public org.springframework.http.ResponseEntity edu.ncsu.csc.itrust2.controllers.api.APIDiagnosisController.getDiagnosis(java.lang.Long)
21:23:56.245 [main] INFO  o.s.w.s.m.m.a.RequestMappingHandlerMapping - Mapped "{[/api/v1//diagnoses],methods=[GET]}" onto public java.util.List<edu.ncsu.csc.itrust2.models.persistent.Diagnosis> edu.ncsu.csc.itrust2.controllers.api.APIDiagnosisController.getDiagnosis()
21:23:56.246 [main] INFO  o.s.w.s.m.m.a.RequestMappingHandlerMapping - Mapped "{[/api/v1//diagnosesforvisit/{id}],methods=[GET]}" onto public java.util.List<edu.ncsu.csc.itrust2.models.persistent.Diagnosis> edu.ncsu.csc.itrust2.controllers.api.APIDiagnosisController.getDiagnosesForVisit(java.lang.Long)
21:23:56.257 [main] DEBUG o.s.w.s.m.m.a.RequestMappingHandlerMapping - 4 request handler methods found on class edu.ncsu.csc.itrust2.controllers.api.APIDrugController: {public java.util.List edu.ncsu.csc.itrust2.controllers.api.APIDrugController.getDrugs()={[/api/v1//drugs],methods=[GET]}, public org.springframework.http.ResponseEntity edu.ncsu.csc.itrust2.controllers.api.APIDrugController.deleteDrug(java.lang.String)={[/api/v1//drugs/{id}],methods=[DELETE]}, public org.springframework.http.ResponseEntity edu.ncsu.csc.itrust2.controllers.api.APIDrugController.addDrug(edu.ncsu.csc.itrust2.forms.admin.DrugForm)={[/api/v1//drugs],methods=[POST]}, public org.springframework.http.ResponseEntity edu.ncsu.csc.itrust2.controllers.api.APIDrugController.editDrug(edu.ncsu.csc.itrust2.forms.admin.DrugForm)={[/api/v1//drugs],methods=[PUT]}}
21:23:56.258 [main] INFO  o.s.w.s.m.m.a.RequestMappingHandlerMapping - Mapped "{[/api/v1//drugs],methods=[GET]}" onto public java.util.List<edu.ncsu.csc.itrust2.models.persistent.Drug> edu.ncsu.csc.itrust2.controllers.api.APIDrugController.getDrugs()
21:23:56.260 [main] INFO  o.s.w.s.m.m.a.RequestMappingHandlerMapping - Mapped "{[/api/v1//drugs/{id}],methods=[DELETE]}" onto public org.springframework.http.ResponseEntity edu.ncsu.csc.itrust2.controllers.api.APIDrugController.deleteDrug(java.lang.String)
21:23:56.262 [main] INFO  o.s.w.s.m.m.a.RequestMappingHandlerMapping - Mapped "{[/api/v1//drugs],methods=[POST]}" onto public org.springframework.http.ResponseEntity edu.ncsu.csc.itrust2.controllers.api.APIDrugController.addDrug(edu.ncsu.csc.itrust2.forms.admin.DrugForm)
21:23:56.264 [main] INFO  o.s.w.s.m.m.a.RequestMappingHandlerMapping - Mapped "{[/api/v1//drugs],methods=[PUT]}" onto public org.springframework.http.ResponseEntity edu.ncsu.csc.itrust2.controllers.api.APIDrugController.editDrug(edu.ncsu.csc.itrust2.forms.admin.DrugForm)
21:23:56.280 [main] DEBUG o.s.w.s.m.m.a.RequestMappingHandlerMapping - 7 request handler methods found on class edu.ncsu.csc.itrust2.controllers.api.APIEnumController: {public java.util.List edu.ncsu.csc.itrust2.controllers.api.APIEnumController.getEthnicity()={[/api/v1//ethnicity],methods=[GET]}, public java.util.List edu.ncsu.csc.itrust2.controllers.api.APIEnumController.getAppointmentTypes()={[/api/v1//appointmenttype],methods=[GET]}, public java.util.List edu.ncsu.csc.itrust2.controllers.api.APIEnumController.getBloodTypes()={[/api/v1//bloodtype],methods=[GET]}, public java.util.List edu.ncsu.csc.itrust2.controllers.api.APIEnumController.getGenders()={[/api/v1//gender],methods=[GET]}, public java.util.List edu.ncsu.csc.itrust2.controllers.api.APIEnumController.getStates()={[/api/v1//state],methods=[GET]}, public java.util.List edu.ncsu.csc.itrust2.controllers.api.APIEnumController.getHouseSmokingStatuses()={[/api/v1//housesmoking],methods=[GET]}, public java.util.List edu.ncsu.csc.itrust2.controllers.api.APIEnumController.getPatientSmokingStatuses()={[/api/v1//patientsmoking],methods=[GET]}}
21:23:56.280 [main] INFO  o.s.w.s.m.m.a.RequestMappingHandlerMapping - Mapped "{[/api/v1//ethnicity],methods=[GET]}" onto public java.util.List<java.util.Map<java.lang.String, java.lang.Object>> edu.ncsu.csc.itrust2.controllers.api.APIEnumController.getEthnicity()
21:23:56.282 [main] INFO  o.s.w.s.m.m.a.RequestMappingHandlerMapping - Mapped "{[/api/v1//appointmenttype],methods=[GET]}" onto public java.util.List<edu.ncsu.csc.itrust2.models.enums.AppointmentType> edu.ncsu.csc.itrust2.controllers.api.APIEnumController.getAppointmentTypes()
21:23:56.284 [main] INFO  o.s.w.s.m.m.a.RequestMappingHandlerMapping - Mapped "{[/api/v1//bloodtype],methods=[GET]}" onto public java.util.List<java.util.Map<java.lang.String, java.lang.Object>> edu.ncsu.csc.itrust2.controllers.api.APIEnumController.getBloodTypes()
21:23:56.284 [main] INFO  o.s.w.s.m.m.a.RequestMappingHandlerMapping - Mapped "{[/api/v1//gender],methods=[GET]}" onto public java.util.List<java.util.Map<java.lang.String, java.lang.Object>> edu.ncsu.csc.itrust2.controllers.api.APIEnumController.getGenders()
21:23:56.285 [main] INFO  o.s.w.s.m.m.a.RequestMappingHandlerMapping - Mapped "{[/api/v1//state],methods=[GET]}" onto public java.util.List<java.util.Map<java.lang.String, java.lang.Object>> edu.ncsu.csc.itrust2.controllers.api.APIEnumController.getStates()
21:23:56.287 [main] INFO  o.s.w.s.m.m.a.RequestMappingHandlerMapping - Mapped "{[/api/v1//housesmoking],methods=[GET]}" onto public java.util.List<edu.ncsu.csc.itrust2.models.enums.HouseholdSmokingStatus> edu.ncsu.csc.itrust2.controllers.api.APIEnumController.getHouseSmokingStatuses()
21:23:56.291 [main] INFO  o.s.w.s.m.m.a.RequestMappingHandlerMapping - Mapped "{[/api/v1//patientsmoking],methods=[GET]}" onto public java.util.List<edu.ncsu.csc.itrust2.models.enums.PatientSmokingStatus> edu.ncsu.csc.itrust2.controllers.api.APIEnumController.getPatientSmokingStatuses()
21:23:56.305 [main] DEBUG o.s.w.s.m.m.a.RequestMappingHandlerMapping - 4 request handler methods found on class edu.ncsu.csc.itrust2.controllers.api.APIHospitalController: {public org.springframework.http.ResponseEntity edu.ncsu.csc.itrust2.controllers.api.APIHospitalController.getHospital(java.lang.String)={[/api/v1//hospitals/{id}],methods=[GET]}, public org.springframework.http.ResponseEntity edu.ncsu.csc.itrust2.controllers.api.APIHospitalController.createHospital(edu.ncsu.csc.itrust2.forms.admin.HospitalForm)={[/api/v1//hospitals],methods=[POST]}, public org.springframework.http.ResponseEntity edu.ncsu.csc.itrust2.controllers.api.APIHospitalController.updateHospital(java.lang.String,edu.ncsu.csc.itrust2.forms.admin.HospitalForm)={[/api/v1//hospitals/{id}],methods=[PUT]}, public java.util.List edu.ncsu.csc.itrust2.controllers.api.APIHospitalController.getHospitals()={[/api/v1//hospitals],methods=[GET]}}
21:23:56.306 [main] INFO  o.s.w.s.m.m.a.RequestMappingHandlerMapping - Mapped "{[/api/v1//hospitals/{id}],methods=[GET]}" onto public org.springframework.http.ResponseEntity edu.ncsu.csc.itrust2.controllers.api.APIHospitalController.getHospital(java.lang.String)
21:23:56.307 [main] INFO  o.s.w.s.m.m.a.RequestMappingHandlerMapping - Mapped "{[/api/v1//hospitals],methods=[POST]}" onto public org.springframework.http.ResponseEntity edu.ncsu.csc.itrust2.controllers.api.APIHospitalController.createHospital(edu.ncsu.csc.itrust2.forms.admin.HospitalForm)
21:23:56.308 [main] INFO  o.s.w.s.m.m.a.RequestMappingHandlerMapping - Mapped "{[/api/v1//hospitals/{id}],methods=[PUT]}" onto public org.springframework.http.ResponseEntity edu.ncsu.csc.itrust2.controllers.api.APIHospitalController.updateHospital(java.lang.String,edu.ncsu.csc.itrust2.forms.admin.HospitalForm)
21:23:56.309 [main] INFO  o.s.w.s.m.m.a.RequestMappingHandlerMapping - Mapped "{[/api/v1//hospitals],methods=[GET]}" onto public java.util.List<edu.ncsu.csc.itrust2.models.persistent.Hospital> edu.ncsu.csc.itrust2.controllers.api.APIHospitalController.getHospitals()
21:23:56.332 [main] DEBUG o.s.w.s.m.m.a.RequestMappingHandlerMapping - 5 request handler methods found on class edu.ncsu.csc.itrust2.controllers.api.APIICDCodeController: {public org.springframework.http.ResponseEntity edu.ncsu.csc.itrust2.controllers.api.APIICDCodeController.getCode(java.lang.Long)={[/api/v1//icdcode/{id}],methods=[GET]}, public org.springframework.http.ResponseEntity edu.ncsu.csc.itrust2.controllers.api.APIICDCodeController.addCode(edu.ncsu.csc.itrust2.forms.admin.ICDCodeForm)={[/api/v1//icdcodes],methods=[POST]}, public java.util.List edu.ncsu.csc.itrust2.controllers.api.APIICDCodeController.getCodes()={[/api/v1//icdcodes],methods=[GET]}, public org.springframework.http.ResponseEntity edu.ncsu.csc.itrust2.controllers.api.APIICDCodeController.updateCode(java.lang.Long,edu.ncsu.csc.itrust2.forms.admin.ICDCodeForm)={[/api/v1//icdcode/{id}],methods=[PUT]}, public org.springframework.http.ResponseEntity edu.ncsu.csc.itrust2.controllers.api.APIICDCodeController.deleteCode(java.lang.Long)={[/api/v1//icdcode/{id}],methods=[DELETE]}}
21:23:56.334 [main] INFO  o.s.w.s.m.m.a.RequestMappingHandlerMapping - Mapped "{[/api/v1//icdcode/{id}],methods=[GET]}" onto public org.springframework.http.ResponseEntity edu.ncsu.csc.itrust2.controllers.api.APIICDCodeController.getCode(java.lang.Long)
21:23:56.336 [main] INFO  o.s.w.s.m.m.a.RequestMappingHandlerMapping - Mapped "{[/api/v1//icdcodes],methods=[POST]}" onto public org.springframework.http.ResponseEntity edu.ncsu.csc.itrust2.controllers.api.APIICDCodeController.addCode(edu.ncsu.csc.itrust2.forms.admin.ICDCodeForm)
21:23:56.338 [main] INFO  o.s.w.s.m.m.a.RequestMappingHandlerMapping - Mapped "{[/api/v1//icdcodes],methods=[GET]}" onto public java.util.List<edu.ncsu.csc.itrust2.models.persistent.ICDCode> edu.ncsu.csc.itrust2.controllers.api.APIICDCodeController.getCodes()
21:23:56.339 [main] INFO  o.s.w.s.m.m.a.RequestMappingHandlerMapping - Mapped "{[/api/v1//icdcode/{id}],methods=[PUT]}" onto public org.springframework.http.ResponseEntity edu.ncsu.csc.itrust2.controllers.api.APIICDCodeController.updateCode(java.lang.Long,edu.ncsu.csc.itrust2.forms.admin.ICDCodeForm)
21:23:56.341 [main] INFO  o.s.w.s.m.m.a.RequestMappingHandlerMapping - Mapped "{[/api/v1//icdcode/{id}],methods=[DELETE]}" onto public org.springframework.http.ResponseEntity edu.ncsu.csc.itrust2.controllers.api.APIICDCodeController.deleteCode(java.lang.Long)
21:23:56.344 [main] DEBUG o.s.w.s.m.m.a.RequestMappingHandlerMapping - 1 request handler methods found on class edu.ncsu.csc.itrust2.controllers.api.APILogEntryController: {public org.springframework.http.ResponseEntity edu.ncsu.csc.itrust2.controllers.api.APILogEntryController.getEntryByDateRange(edu.ncsu.csc.itrust2.controllers.api.comm.LogEntryRequestBody)={[/api/v1//logentries/range],methods=[POST]}}
21:23:56.344 [main] INFO  o.s.w.s.m.m.a.RequestMappingHandlerMapping - Mapped "{[/api/v1//logentries/range],methods=[POST]}" onto public org.springframework.http.ResponseEntity edu.ncsu.csc.itrust2.controllers.api.APILogEntryController.getEntryByDateRange(edu.ncsu.csc.itrust2.controllers.api.comm.LogEntryRequestBody)
21:23:56.363 [main] DEBUG o.s.w.s.m.m.a.RequestMappingHandlerMapping - 9 request handler methods found on class edu.ncsu.csc.itrust2.controllers.api.APIOfficeVisitController: {public java.util.List edu.ncsu.csc.itrust2.controllers.api.APIOfficeVisitController.getOfficeVisits()={[/api/v1//officevisits],methods=[GET]}, public java.util.List edu.ncsu.csc.itrust2.controllers.api.APIOfficeVisitController.getMyOfficeVisits()={[/api/v1//officevisits/myofficevisits],methods=[GET]}, public org.springframework.http.ResponseEntity edu.ncsu.csc.itrust2.controllers.api.APIOfficeVisitController.getOfficeVisit(java.lang.Long)={[/api/v1//officevisits/{id}],methods=[GET]}, public void edu.ncsu.csc.itrust2.controllers.api.APIOfficeVisitController.deleteOfficeVisits()={[/api/v1//officevisits],methods=[DELETE]}, public org.springframework.http.ResponseEntity edu.ncsu.csc.itrust2.controllers.api.APIOfficeVisitController.createOfficeVisit(edu.ncsu.csc.itrust2.forms.hcp.OfficeVisitForm)={[/api/v1//officevisits],methods=[POST]}, public org.springframework.http.ResponseEntity edu.ncsu.csc.itrust2.controllers.api.APIOfficeVisitController.deleteOfficeVisit(java.lang.Long)={[/api/v1//officevisits/{id}],methods=[DELETE]}, public org.springframework.http.ResponseEntity edu.ncsu.csc.itrust2.controllers.api.APIOfficeVisitController.updateOfficeVisit(java.lang.Long,edu.ncsu.csc.itrust2.forms.hcp.OfficeVisitForm)={[/api/v1//officevisits/{id}],methods=[PUT]}, public org.springframework.http.ResponseEntity edu.ncsu.csc.itrust2.controllers.api.APIOfficeVisitController.viewOfficeVisitHCP(java.lang.Long,edu.ncsu.csc.itrust2.forms.hcp.OfficeVisitForm)={[/api/v1//officevisits/hcp/view/{id}],methods=[POST]}, public org.springframework.http.ResponseEntity edu.ncsu.csc.itrust2.controllers.api.APIOfficeVisitController.viewOfficeVisitPatient(java.lang.Long,edu.ncsu.csc.itrust2.forms.hcp.OfficeVisitForm)={[/api/v1//officevisits/patient/view/{id}],methods=[POST]}}
21:23:56.364 [main] INFO  o.s.w.s.m.m.a.RequestMappingHandlerMapping - Mapped "{[/api/v1//officevisits],methods=[GET]}" onto public java.util.List<edu.ncsu.csc.itrust2.models.persistent.OfficeVisit> edu.ncsu.csc.itrust2.controllers.api.APIOfficeVisitController.getOfficeVisits()
21:23:56.365 [main] INFO  o.s.w.s.m.m.a.RequestMappingHandlerMapping - Mapped "{[/api/v1//officevisits/myofficevisits],methods=[GET]}" onto public java.util.List<edu.ncsu.csc.itrust2.models.persistent.OfficeVisit> edu.ncsu.csc.itrust2.controllers.api.APIOfficeVisitController.getMyOfficeVisits()
21:23:56.366 [main] INFO  o.s.w.s.m.m.a.RequestMappingHandlerMapping - Mapped "{[/api/v1//officevisits/{id}],methods=[GET]}" onto public org.springframework.http.ResponseEntity edu.ncsu.csc.itrust2.controllers.api.APIOfficeVisitController.getOfficeVisit(java.lang.Long)
21:23:56.368 [main] INFO  o.s.w.s.m.m.a.RequestMappingHandlerMapping - Mapped "{[/api/v1//officevisits],methods=[DELETE]}" onto public void edu.ncsu.csc.itrust2.controllers.api.APIOfficeVisitController.deleteOfficeVisits()
21:23:56.368 [main] INFO  o.s.w.s.m.m.a.RequestMappingHandlerMapping - Mapped "{[/api/v1//officevisits],methods=[POST]}" onto public org.springframework.http.ResponseEntity edu.ncsu.csc.itrust2.controllers.api.APIOfficeVisitController.createOfficeVisit(edu.ncsu.csc.itrust2.forms.hcp.OfficeVisitForm)
21:23:56.369 [main] INFO  o.s.w.s.m.m.a.RequestMappingHandlerMapping - Mapped "{[/api/v1//officevisits/{id}],methods=[DELETE]}" onto public org.springframework.http.ResponseEntity edu.ncsu.csc.itrust2.controllers.api.APIOfficeVisitController.deleteOfficeVisit(java.lang.Long)
21:23:56.370 [main] INFO  o.s.w.s.m.m.a.RequestMappingHandlerMapping - Mapped "{[/api/v1//officevisits/{id}],methods=[PUT]}" onto public org.springframework.http.ResponseEntity edu.ncsu.csc.itrust2.controllers.api.APIOfficeVisitController.updateOfficeVisit(java.lang.Long,edu.ncsu.csc.itrust2.forms.hcp.OfficeVisitForm)
21:23:56.371 [main] INFO  o.s.w.s.m.m.a.RequestMappingHandlerMapping - Mapped "{[/api/v1//officevisits/hcp/view/{id}],methods=[POST]}" onto public org.springframework.http.ResponseEntity edu.ncsu.csc.itrust2.controllers.api.APIOfficeVisitController.viewOfficeVisitHCP(java.lang.Long,edu.ncsu.csc.itrust2.forms.hcp.OfficeVisitForm)
21:23:56.374 [main] INFO  o.s.w.s.m.m.a.RequestMappingHandlerMapping - Mapped "{[/api/v1//officevisits/patient/view/{id}],methods=[POST]}" onto public org.springframework.http.ResponseEntity edu.ncsu.csc.itrust2.controllers.api.APIOfficeVisitController.viewOfficeVisitPatient(java.lang.Long,edu.ncsu.csc.itrust2.forms.hcp.OfficeVisitForm)
21:23:56.381 [main] DEBUG o.s.w.s.m.m.a.RequestMappingHandlerMapping - 3 request handler methods found on class edu.ncsu.csc.itrust2.controllers.api.APIPasswordController: {public org.springframework.http.ResponseEntity edu.ncsu.csc.itrust2.controllers.api.APIPasswordController.changePassword(edu.ncsu.csc.itrust2.forms.personnel.PasswordChangeForm)={[/api/v1//changePassword],methods=[POST]}, public org.springframework.http.ResponseEntity edu.ncsu.csc.itrust2.controllers.api.APIPasswordController.requestReset(java.lang.String)={[/api/v1//requestPasswordReset],methods=[POST]}, public org.springframework.http.ResponseEntity edu.ncsu.csc.itrust2.controllers.api.APIPasswordController.resetPassword(edu.ncsu.csc.itrust2.forms.personnel.PasswordChangeForm,long)={[/api/v1//resetPassword/{tokenId}],methods=[POST]}}
21:23:56.382 [main] INFO  o.s.w.s.m.m.a.RequestMappingHandlerMapping - Mapped "{[/api/v1//changePassword],methods=[POST]}" onto public org.springframework.http.ResponseEntity edu.ncsu.csc.itrust2.controllers.api.APIPasswordController.changePassword(edu.ncsu.csc.itrust2.forms.personnel.PasswordChangeForm)
21:23:56.383 [main] INFO  o.s.w.s.m.m.a.RequestMappingHandlerMapping - Mapped "{[/api/v1//requestPasswordReset],methods=[POST]}" onto public org.springframework.http.ResponseEntity edu.ncsu.csc.itrust2.controllers.api.APIPasswordController.requestReset(java.lang.String)
21:23:56.384 [main] INFO  o.s.w.s.m.m.a.RequestMappingHandlerMapping - Mapped "{[/api/v1//resetPassword/{tokenId}],methods=[POST]}" onto public org.springframework.http.ResponseEntity edu.ncsu.csc.itrust2.controllers.api.APIPasswordController.resetPassword(edu.ncsu.csc.itrust2.forms.personnel.PasswordChangeForm,long)
21:23:56.402 [main] DEBUG o.s.w.s.m.m.a.RequestMappingHandlerMapping - 5 request handler methods found on class edu.ncsu.csc.itrust2.controllers.api.APIPatientController: {public org.springframework.http.ResponseEntity edu.ncsu.csc.itrust2.controllers.api.APIPatientController.getPatient(java.lang.String)={[/api/v1//patients/{username}],methods=[GET]}, public org.springframework.http.ResponseEntity edu.ncsu.csc.itrust2.controllers.api.APIPatientController.getPatient()={[/api/v1//patient],methods=[GET]}, public java.util.List edu.ncsu.csc.itrust2.controllers.api.APIPatientController.getPatients()={[/api/v1//patients],methods=[GET]}, public org.springframework.http.ResponseEntity edu.ncsu.csc.itrust2.controllers.api.APIPatientController.createPatient(edu.ncsu.csc.itrust2.forms.hcp_patient.PatientForm)={[/api/v1//patients],methods=[POST]}, public org.springframework.http.ResponseEntity edu.ncsu.csc.itrust2.controllers.api.APIPatientController.updatePatient(java.lang.String,edu.ncsu.csc.itrust2.forms.hcp_patient.PatientForm)={[/api/v1//patients/{id}],methods=[PUT]}}
21:23:56.403 [main] INFO  o.s.w.s.m.m.a.RequestMappingHandlerMapping - Mapped "{[/api/v1//patients/{username}],methods=[GET]}" onto public org.springframework.http.ResponseEntity edu.ncsu.csc.itrust2.controllers.api.APIPatientController.getPatient(java.lang.String)
21:23:56.405 [main] INFO  o.s.w.s.m.m.a.RequestMappingHandlerMapping - Mapped "{[/api/v1//patient],methods=[GET]}" onto public org.springframework.http.ResponseEntity edu.ncsu.csc.itrust2.controllers.api.APIPatientController.getPatient()
21:23:56.407 [main] INFO  o.s.w.s.m.m.a.RequestMappingHandlerMapping - Mapped "{[/api/v1//patients],methods=[GET]}" onto public java.util.List<edu.ncsu.csc.itrust2.models.persistent.Patient> edu.ncsu.csc.itrust2.controllers.api.APIPatientController.getPatients()
21:23:56.408 [main] INFO  o.s.w.s.m.m.a.RequestMappingHandlerMapping - Mapped "{[/api/v1//patients],methods=[POST]}" onto public org.springframework.http.ResponseEntity edu.ncsu.csc.itrust2.controllers.api.APIPatientController.createPatient(edu.ncsu.csc.itrust2.forms.hcp_patient.PatientForm)
21:23:56.409 [main] INFO  o.s.w.s.m.m.a.RequestMappingHandlerMapping - Mapped "{[/api/v1//patients/{id}],methods=[PUT]}" onto public org.springframework.http.ResponseEntity edu.ncsu.csc.itrust2.controllers.api.APIPatientController.updatePatient(java.lang.String,edu.ncsu.csc.itrust2.forms.hcp_patient.PatientForm)
21:23:56.423 [main] DEBUG o.s.w.s.m.m.a.RequestMappingHandlerMapping - 4 request handler methods found on class edu.ncsu.csc.itrust2.controllers.api.APIPersonnelController: {public org.springframework.http.ResponseEntity edu.ncsu.csc.itrust2.controllers.api.APIPersonnelController.getPersonnel(java.lang.String)={[/api/v1//personnel/{id}],methods=[GET]}, public java.util.List edu.ncsu.csc.itrust2.controllers.api.APIPersonnelController.getPersonnel()={[/api/v1//personnel],methods=[GET]}, public org.springframework.http.ResponseEntity edu.ncsu.csc.itrust2.controllers.api.APIPersonnelController.createPersonnel(edu.ncsu.csc.itrust2.forms.personnel.PersonnelForm)={[/api/v1//personnel],methods=[POST]}, public org.springframework.http.ResponseEntity edu.ncsu.csc.itrust2.controllers.api.APIPersonnelController.updatePersonnel(java.lang.String,edu.ncsu.csc.itrust2.forms.personnel.PersonnelForm)={[/api/v1//personnel/{id}],methods=[PUT]}}
21:23:56.424 [main] INFO  o.s.w.s.m.m.a.RequestMappingHandlerMapping - Mapped "{[/api/v1//personnel/{id}],methods=[GET]}" onto public org.springframework.http.ResponseEntity edu.ncsu.csc.itrust2.controllers.api.APIPersonnelController.getPersonnel(java.lang.String)
21:23:56.425 [main] INFO  o.s.w.s.m.m.a.RequestMappingHandlerMapping - Mapped "{[/api/v1//personnel],methods=[GET]}" onto public java.util.List<edu.ncsu.csc.itrust2.models.persistent.Personnel> edu.ncsu.csc.itrust2.controllers.api.APIPersonnelController.getPersonnel()
21:23:56.427 [main] INFO  o.s.w.s.m.m.a.RequestMappingHandlerMapping - Mapped "{[/api/v1//personnel],methods=[POST]}" onto public org.springframework.http.ResponseEntity edu.ncsu.csc.itrust2.controllers.api.APIPersonnelController.createPersonnel(edu.ncsu.csc.itrust2.forms.personnel.PersonnelForm)
21:23:56.428 [main] INFO  o.s.w.s.m.m.a.RequestMappingHandlerMapping - Mapped "{[/api/v1//personnel/{id}],methods=[PUT]}" onto public org.springframework.http.ResponseEntity edu.ncsu.csc.itrust2.controllers.api.APIPersonnelController.updatePersonnel(java.lang.String,edu.ncsu.csc.itrust2.forms.personnel.PersonnelForm)
21:23:56.437 [main] DEBUG o.s.w.s.m.m.a.RequestMappingHandlerMapping - 5 request handler methods found on class edu.ncsu.csc.itrust2.controllers.api.APIPrescriptionController: {public org.springframework.http.ResponseEntity edu.ncsu.csc.itrust2.controllers.api.APIPrescriptionController.addPrescription(edu.ncsu.csc.itrust2.forms.hcp.PrescriptionForm)={[/api/v1//prescriptions],methods=[POST]}, public org.springframework.http.ResponseEntity edu.ncsu.csc.itrust2.controllers.api.APIPrescriptionController.editPrescription(edu.ncsu.csc.itrust2.forms.hcp.PrescriptionForm)={[/api/v1//prescriptions],methods=[PUT]}, public org.springframework.http.ResponseEntity edu.ncsu.csc.itrust2.controllers.api.APIPrescriptionController.deletePrescription(java.lang.Long)={[/api/v1//prescriptions/{id}],methods=[DELETE]}, public java.util.List edu.ncsu.csc.itrust2.controllers.api.APIPrescriptionController.getPrescriptions()={[/api/v1//prescriptions],methods=[GET]}, public org.springframework.http.ResponseEntity edu.ncsu.csc.itrust2.controllers.api.APIPrescriptionController.getPrescription(java.lang.Long)={[/api/v1//prescriptions/{id}],methods=[GET]}}
21:23:56.437 [main] INFO  o.s.w.s.m.m.a.RequestMappingHandlerMapping - Mapped "{[/api/v1//prescriptions],methods=[POST]}" onto public org.springframework.http.ResponseEntity edu.ncsu.csc.itrust2.controllers.api.APIPrescriptionController.addPrescription(edu.ncsu.csc.itrust2.forms.hcp.PrescriptionForm)
21:23:56.440 [main] INFO  o.s.w.s.m.m.a.RequestMappingHandlerMapping - Mapped "{[/api/v1//prescriptions],methods=[PUT]}" onto public org.springframework.http.ResponseEntity edu.ncsu.csc.itrust2.controllers.api.APIPrescriptionController.editPrescription(edu.ncsu.csc.itrust2.forms.hcp.PrescriptionForm)
21:23:56.441 [main] INFO  o.s.w.s.m.m.a.RequestMappingHandlerMapping - Mapped "{[/api/v1//prescriptions/{id}],methods=[DELETE]}" onto public org.springframework.http.ResponseEntity edu.ncsu.csc.itrust2.controllers.api.APIPrescriptionController.deletePrescription(java.lang.Long)
21:23:56.442 [main] INFO  o.s.w.s.m.m.a.RequestMappingHandlerMapping - Mapped "{[/api/v1//prescriptions],methods=[GET]}" onto public java.util.List<edu.ncsu.csc.itrust2.models.persistent.Prescription> edu.ncsu.csc.itrust2.controllers.api.APIPrescriptionController.getPrescriptions()
21:23:56.444 [main] INFO  o.s.w.s.m.m.a.RequestMappingHandlerMapping - Mapped "{[/api/v1//prescriptions/{id}],methods=[GET]}" onto public org.springframework.http.ResponseEntity edu.ncsu.csc.itrust2.controllers.api.APIPrescriptionController.getPrescription(java.lang.Long)
21:23:56.456 [main] DEBUG o.s.w.s.m.m.a.RequestMappingHandlerMapping - 5 request handler methods found on class edu.ncsu.csc.itrust2.controllers.api.APIUserController: {public org.springframework.http.ResponseEntity edu.ncsu.csc.itrust2.controllers.api.APIUserController.getUser(java.lang.String)={[/api/v1//users/{id}],methods=[GET]}, public java.util.List edu.ncsu.csc.itrust2.controllers.api.APIUserController.getUsers()={[/api/v1//users],methods=[GET]}, public org.springframework.http.ResponseEntity edu.ncsu.csc.itrust2.controllers.api.APIUserController.getRole()={[/api/v1//role],methods=[GET]}, public org.springframework.http.ResponseEntity edu.ncsu.csc.itrust2.controllers.api.APIUserController.createUser(edu.ncsu.csc.itrust2.forms.admin.UserForm)={[/api/v1//users],methods=[POST]}, public org.springframework.http.ResponseEntity edu.ncsu.csc.itrust2.controllers.api.APIUserController.updateUser(java.lang.String,edu.ncsu.csc.itrust2.forms.admin.UserForm)={[/api/v1//users/{id}],methods=[PUT]}}
21:23:56.456 [main] INFO  o.s.w.s.m.m.a.RequestMappingHandlerMapping - Mapped "{[/api/v1//users/{id}],methods=[GET]}" onto public org.springframework.http.ResponseEntity edu.ncsu.csc.itrust2.controllers.api.APIUserController.getUser(java.lang.String)
21:23:56.458 [main] INFO  o.s.w.s.m.m.a.RequestMappingHandlerMapping - Mapped "{[/api/v1//users],methods=[GET]}" onto public java.util.List<edu.ncsu.csc.itrust2.models.persistent.User> edu.ncsu.csc.itrust2.controllers.api.APIUserController.getUsers()
21:23:56.460 [main] INFO  o.s.w.s.m.m.a.RequestMappingHandlerMapping - Mapped "{[/api/v1//role],methods=[GET]}" onto public org.springframework.http.ResponseEntity edu.ncsu.csc.itrust2.controllers.api.APIUserController.getRole()
21:23:56.461 [main] INFO  o.s.w.s.m.m.a.RequestMappingHandlerMapping - Mapped "{[/api/v1//users],methods=[POST]}" onto public org.springframework.http.ResponseEntity edu.ncsu.csc.itrust2.controllers.api.APIUserController.createUser(edu.ncsu.csc.itrust2.forms.admin.UserForm)
21:23:56.462 [main] INFO  o.s.w.s.m.m.a.RequestMappingHandlerMapping - Mapped "{[/api/v1//users/{id}],methods=[PUT]}" onto public org.springframework.http.ResponseEntity edu.ncsu.csc.itrust2.controllers.api.APIUserController.updateUser(java.lang.String,edu.ncsu.csc.itrust2.forms.admin.UserForm)
21:23:56.471 [main] DEBUG o.s.w.s.m.m.a.RequestMappingHandlerMapping - 3 request handler methods found on class edu.ncsu.csc.itrust2.controllers.hcp.AppointmentControllerHCP: {public java.lang.String edu.ncsu.csc.itrust2.controllers.hcp.AppointmentControllerHCP.appointmentActionSubmit(edu.ncsu.csc.itrust2.forms.patient.AppointmentForm)={[/hcp/viewAppointmentRequests],methods=[POST]}, public java.lang.String edu.ncsu.csc.itrust2.controllers.hcp.AppointmentControllerHCP.upcomingAppointments(org.springframework.ui.Model)={[/hcp/viewAppointments],methods=[GET]}, public java.lang.String edu.ncsu.csc.itrust2.controllers.hcp.AppointmentControllerHCP.requestAppointmentForm(org.springframework.ui.Model)={[/hcp/viewAppointmentRequests],methods=[GET]}}
21:23:56.472 [main] INFO  o.s.w.s.m.m.a.RequestMappingHandlerMapping - Mapped "{[/hcp/viewAppointmentRequests],methods=[POST]}" onto public java.lang.String edu.ncsu.csc.itrust2.controllers.hcp.AppointmentControllerHCP.appointmentActionSubmit(edu.ncsu.csc.itrust2.forms.patient.AppointmentForm)
21:23:56.472 [main] INFO  o.s.w.s.m.m.a.RequestMappingHandlerMapping - Mapped "{[/hcp/viewAppointments],methods=[GET]}" onto public java.lang.String edu.ncsu.csc.itrust2.controllers.hcp.AppointmentControllerHCP.upcomingAppointments(org.springframework.ui.Model)
21:23:56.474 [main] INFO  o.s.w.s.m.m.a.RequestMappingHandlerMapping - Mapped "{[/hcp/viewAppointmentRequests],methods=[GET]}" onto public java.lang.String edu.ncsu.csc.itrust2.controllers.hcp.AppointmentControllerHCP.requestAppointmentForm(org.springframework.ui.Model)
21:23:56.478 [main] DEBUG o.s.w.s.m.m.a.RequestMappingHandlerMapping - 3 request handler methods found on class edu.ncsu.csc.itrust2.controllers.hcp.HCPController: {public java.lang.String edu.ncsu.csc.itrust2.controllers.hcp.HCPController.editPatientDemographics()={[/hcp/editPatientDemographics],methods=[GET]}, public java.lang.String edu.ncsu.csc.itrust2.controllers.hcp.HCPController.editPrescriptions()={[/hcp/editPrescriptions],methods=[GET]}, public java.lang.String edu.ncsu.csc.itrust2.controllers.hcp.HCPController.index(org.springframework.ui.Model)={[/hcp/index]}}
21:23:56.478 [main] INFO  o.s.w.s.m.m.a.RequestMappingHandlerMapping - Mapped "{[/hcp/editPatientDemographics],methods=[GET]}" onto public java.lang.String edu.ncsu.csc.itrust2.controllers.hcp.HCPController.editPatientDemographics()
21:23:56.479 [main] INFO  o.s.w.s.m.m.a.RequestMappingHandlerMapping - Mapped "{[/hcp/editPrescriptions],methods=[GET]}" onto public java.lang.String edu.ncsu.csc.itrust2.controllers.hcp.HCPController.editPrescriptions()
21:23:56.479 [main] INFO  o.s.w.s.m.m.a.RequestMappingHandlerMapping - Mapped "{[/hcp/index]}" onto public java.lang.String edu.ncsu.csc.itrust2.controllers.hcp.HCPController.index(org.springframework.ui.Model)
21:23:56.490 [main] DEBUG o.s.w.s.m.m.a.RequestMappingHandlerMapping - 3 request handler methods found on class edu.ncsu.csc.itrust2.controllers.hcp.OfficeVisitController: {public java.lang.String edu.ncsu.csc.itrust2.controllers.hcp.OfficeVisitController.documentOfficeVisit(org.springframework.ui.Model)={[/hcp/documentOfficeVisit],methods=[GET]}, public java.lang.String edu.ncsu.csc.itrust2.controllers.hcp.OfficeVisitController.documentVisitSubmit(edu.ncsu.csc.itrust2.forms.hcp.OfficeVisitForm,org.springframework.validation.BindingResult,org.springframework.ui.Model)={[/hcp/documentOfficeVisit],methods=[POST]}, public java.lang.String edu.ncsu.csc.itrust2.controllers.hcp.OfficeVisitController.getAllOfficeVisits(org.springframework.ui.Model)={[/hcp/editOfficeVisit],methods=[GET]}}
21:23:56.491 [main] INFO  o.s.w.s.m.m.a.RequestMappingHandlerMapping - Mapped "{[/hcp/documentOfficeVisit],methods=[GET]}" onto public java.lang.String edu.ncsu.csc.itrust2.controllers.hcp.OfficeVisitController.documentOfficeVisit(org.springframework.ui.Model)
21:23:56.492 [main] INFO  o.s.w.s.m.m.a.RequestMappingHandlerMapping - Mapped "{[/hcp/documentOfficeVisit],methods=[POST]}" onto public java.lang.String edu.ncsu.csc.itrust2.controllers.hcp.OfficeVisitController.documentVisitSubmit(edu.ncsu.csc.itrust2.forms.hcp.OfficeVisitForm,org.springframework.validation.BindingResult,org.springframework.ui.Model)
21:23:56.492 [main] INFO  o.s.w.s.m.m.a.RequestMappingHandlerMapping - Mapped "{[/hcp/editOfficeVisit],methods=[GET]}" onto public java.lang.String edu.ncsu.csc.itrust2.controllers.hcp.OfficeVisitController.getAllOfficeVisits(org.springframework.ui.Model)
21:23:56.503 [main] DEBUG o.s.w.s.m.m.a.RequestMappingHandlerMapping - 4 request handler methods found on class edu.ncsu.csc.itrust2.controllers.patient.AppointmentController: {public java.lang.String edu.ncsu.csc.itrust2.controllers.patient.AppointmentController.inventorySubmit(edu.ncsu.csc.itrust2.forms.patient.AppointmentRequestForm,org.springframework.validation.BindingResult,org.springframework.ui.Model)={[/patient/requestAppointment],methods=[POST]}, public java.lang.String edu.ncsu.csc.itrust2.controllers.patient.AppointmentController.viewAppointmentRequests(org.springframework.ui.Model)={[/patient/viewAppointmentRequests],methods=[GET]}, public java.lang.String edu.ncsu.csc.itrust2.controllers.patient.AppointmentController.viewRequestsSubmit(edu.ncsu.csc.itrust2.forms.patient.AppointmentForm)={[/patient/viewAppointmentRequests],methods=[POST]}, public java.lang.String edu.ncsu.csc.itrust2.controllers.patient.AppointmentController.requestAppointmentForm(org.springframework.ui.Model)={[/patient/requestAppointment],methods=[GET]}}
21:23:56.503 [main] INFO  o.s.w.s.m.m.a.RequestMappingHandlerMapping - Mapped "{[/patient/requestAppointment],methods=[POST]}" onto public java.lang.String edu.ncsu.csc.itrust2.controllers.patient.AppointmentController.inventorySubmit(edu.ncsu.csc.itrust2.forms.patient.AppointmentRequestForm,org.springframework.validation.BindingResult,org.springframework.ui.Model)
21:23:56.506 [main] INFO  o.s.w.s.m.m.a.RequestMappingHandlerMapping - Mapped "{[/patient/viewAppointmentRequests],methods=[GET]}" onto public java.lang.String edu.ncsu.csc.itrust2.controllers.patient.AppointmentController.viewAppointmentRequests(org.springframework.ui.Model)
21:23:56.507 [main] INFO  o.s.w.s.m.m.a.RequestMappingHandlerMapping - Mapped "{[/patient/viewAppointmentRequests],methods=[POST]}" onto public java.lang.String edu.ncsu.csc.itrust2.controllers.patient.AppointmentController.viewRequestsSubmit(edu.ncsu.csc.itrust2.forms.patient.AppointmentForm)
21:23:56.509 [main] INFO  o.s.w.s.m.m.a.RequestMappingHandlerMapping - Mapped "{[/patient/requestAppointment],methods=[GET]}" onto public java.lang.String edu.ncsu.csc.itrust2.controllers.patient.AppointmentController.requestAppointmentForm(org.springframework.ui.Model)
21:23:56.512 [main] DEBUG o.s.w.s.m.m.a.RequestMappingHandlerMapping - 1 request handler methods found on class edu.ncsu.csc.itrust2.controllers.patient.DiagnosesController: {public java.lang.String edu.ncsu.csc.itrust2.controllers.patient.DiagnosesController.viewDiagnoses(org.springframework.ui.Model)={[/patient/viewDiagnoses],methods=[GET]}}
21:23:56.513 [main] INFO  o.s.w.s.m.m.a.RequestMappingHandlerMapping - Mapped "{[/patient/viewDiagnoses],methods=[GET]}" onto public java.lang.String edu.ncsu.csc.itrust2.controllers.patient.DiagnosesController.viewDiagnoses(org.springframework.ui.Model)
21:23:56.521 [main] DEBUG o.s.w.s.m.m.a.RequestMappingHandlerMapping - 5 request handler methods found on class edu.ncsu.csc.itrust2.controllers.patient.PatientController: {public java.lang.String edu.ncsu.csc.itrust2.controllers.patient.PatientController.viewOfficeVisits(org.springframework.ui.Model)={[/patient/viewOfficeVisits],methods=[GET]}, public java.lang.String edu.ncsu.csc.itrust2.controllers.patient.PatientController.viewPrescriptions(org.springframework.ui.Model)={[/patient/viewPrescriptions],methods=[GET]}, public java.lang.String edu.ncsu.csc.itrust2.controllers.patient.PatientController.viewDemographics(org.springframework.ui.Model)={[/patient/editDemographics],methods=[GET]}, public java.lang.String edu.ncsu.csc.itrust2.controllers.patient.PatientController.demographicsSubmit(edu.ncsu.csc.itrust2.forms.hcp_patient.PatientForm,org.springframework.validation.BindingResult,org.springframework.ui.Model)={[/patient/editDemographics],methods=[POST]}, public java.lang.String edu.ncsu.csc.itrust2.controllers.patient.PatientController.index(org.springframework.ui.Model)={[/patient/index]}}
21:23:56.522 [main] INFO  o.s.w.s.m.m.a.RequestMappingHandlerMapping - Mapped "{[/patient/viewOfficeVisits],methods=[GET]}" onto public java.lang.String edu.ncsu.csc.itrust2.controllers.patient.PatientController.viewOfficeVisits(org.springframework.ui.Model)
21:23:56.523 [main] INFO  o.s.w.s.m.m.a.RequestMappingHandlerMapping - Mapped "{[/patient/viewPrescriptions],methods=[GET]}" onto public java.lang.String edu.ncsu.csc.itrust2.controllers.patient.PatientController.viewPrescriptions(org.springframework.ui.Model)
21:23:56.524 [main] INFO  o.s.w.s.m.m.a.RequestMappingHandlerMapping - Mapped "{[/patient/editDemographics],methods=[GET]}" onto public java.lang.String edu.ncsu.csc.itrust2.controllers.patient.PatientController.viewDemographics(org.springframework.ui.Model)
21:23:56.525 [main] INFO  o.s.w.s.m.m.a.RequestMappingHandlerMapping - Mapped "{[/patient/editDemographics],methods=[POST]}" onto public java.lang.String edu.ncsu.csc.itrust2.controllers.patient.PatientController.demographicsSubmit(edu.ncsu.csc.itrust2.forms.hcp_patient.PatientForm,org.springframework.validation.BindingResult,org.springframework.ui.Model)
21:23:56.525 [main] INFO  o.s.w.s.m.m.a.RequestMappingHandlerMapping - Mapped "{[/patient/index]}" onto public java.lang.String edu.ncsu.csc.itrust2.controllers.patient.PatientController.index(org.springframework.ui.Model)
21:23:56.529 [main] DEBUG o.s.w.s.m.m.a.RequestMappingHandlerMapping - 3 request handler methods found on class edu.ncsu.csc.itrust2.controllers.personnel.PasswordController: {public java.lang.String edu.ncsu.csc.itrust2.controllers.personnel.PasswordController.changePassword(org.springframework.ui.Model)={[/changePassword],methods=[GET]}, public java.lang.String edu.ncsu.csc.itrust2.controllers.personnel.PasswordController.requestReset(org.springframework.ui.Model)={[/requestPasswordReset],methods=[GET]}, public java.lang.String edu.ncsu.csc.itrust2.controllers.personnel.PasswordController.resetPassword(org.springframework.ui.Model,long)={[/resetPassword],methods=[GET]}}
21:23:56.529 [main] INFO  o.s.w.s.m.m.a.RequestMappingHandlerMapping - Mapped "{[/changePassword],methods=[GET]}" onto public java.lang.String edu.ncsu.csc.itrust2.controllers.personnel.PasswordController.changePassword(org.springframework.ui.Model)
21:23:56.530 [main] INFO  o.s.w.s.m.m.a.RequestMappingHandlerMapping - Mapped "{[/requestPasswordReset],methods=[GET]}" onto public java.lang.String edu.ncsu.csc.itrust2.controllers.personnel.PasswordController.requestReset(org.springframework.ui.Model)
21:23:56.530 [main] INFO  o.s.w.s.m.m.a.RequestMappingHandlerMapping - Mapped "{[/resetPassword],methods=[GET]}" onto public java.lang.String edu.ncsu.csc.itrust2.controllers.personnel.PasswordController.resetPassword(org.springframework.ui.Model,long)
21:23:56.532 [main] DEBUG o.s.w.s.m.m.a.RequestMappingHandlerMapping - 2 request handler methods found on class edu.ncsu.csc.itrust2.controllers.personnel.UserController: {public java.lang.String edu.ncsu.csc.itrust2.controllers.personnel.UserController.viewDemographics(org.springframework.ui.Model)={[/personnel/editDemographics],methods=[GET]}, public java.lang.String edu.ncsu.csc.itrust2.controllers.personnel.UserController.demographicsSubmit(edu.ncsu.csc.itrust2.forms.personnel.PersonnelForm,org.springframework.validation.BindingResult,org.springframework.ui.Model)={[/personnel/editDemographics],methods=[POST]}}
21:23:56.532 [main] INFO  o.s.w.s.m.m.a.RequestMappingHandlerMapping - Mapped "{[/personnel/editDemographics],methods=[GET]}" onto public java.lang.String edu.ncsu.csc.itrust2.controllers.personnel.UserController.viewDemographics(org.springframework.ui.Model)
21:23:56.533 [main] INFO  o.s.w.s.m.m.a.RequestMappingHandlerMapping - Mapped "{[/personnel/editDemographics],methods=[POST]}" onto public java.lang.String edu.ncsu.csc.itrust2.controllers.personnel.UserController.demographicsSubmit(edu.ncsu.csc.itrust2.forms.personnel.PersonnelForm,org.springframework.validation.BindingResult,org.springframework.ui.Model)
21:23:56.540 [main] DEBUG o.s.b.f.s.DefaultListableBeanFactory - Returning cached instance of singleton bean 'metaDataSourceAdvisor'
21:23:56.648 [main] DEBUG o.s.b.f.s.DefaultListableBeanFactory - Finished creating instance of bean 'requestMappingHandlerMapping'
21:23:56.648 [main] DEBUG o.s.b.f.s.DefaultListableBeanFactory - Returning cached instance of singleton bean 'mvcPathMatcher'
21:23:56.648 [main] DEBUG o.s.b.f.s.DefaultListableBeanFactory - Returning cached instance of singleton bean 'org.springframework.security.config.annotation.method.configuration.GlobalMethodSecurityConfiguration'
21:23:56.649 [main] DEBUG o.s.b.f.s.DefaultListableBeanFactory - Returning cached instance of singleton bean 'methodSecurityInterceptor'
21:23:56.649 [main] DEBUG o.s.b.f.s.DefaultListableBeanFactory - Returning cached instance of singleton bean 'methodSecurityMetadataSource'
21:23:56.650 [main] DEBUG o.s.b.f.s.DefaultListableBeanFactory - Creating shared instance of singleton bean 'preInvocationAuthorizationAdvice'
21:23:56.650 [main] DEBUG o.s.b.f.s.DefaultListableBeanFactory - Creating instance of bean 'preInvocationAuthorizationAdvice'
21:23:56.655 [main] DEBUG o.s.b.f.s.DefaultListableBeanFactory - Returning cached instance of singleton bean 'org.springframework.security.config.annotation.method.configuration.GlobalMethodSecurityConfiguration'
21:23:56.658 [main] DEBUG o.s.b.f.s.DefaultListableBeanFactory - Eagerly caching bean 'preInvocationAuthorizationAdvice' to allow for resolving potential circular references
21:23:56.673 [main] DEBUG o.s.b.f.s.DefaultListableBeanFactory - Finished creating instance of bean 'preInvocationAuthorizationAdvice'
21:23:56.675 [main] DEBUG o.s.b.f.s.DefaultListableBeanFactory - Creating shared instance of singleton bean 'viewResolver'
21:23:56.675 [main] DEBUG o.s.b.f.s.DefaultListableBeanFactory - Creating instance of bean 'viewResolver'
21:23:56.676 [main] DEBUG o.s.b.f.s.DefaultListableBeanFactory - Returning cached instance of singleton bean 'webMvcConfiguration'
21:23:57.016 [main] DEBUG o.s.b.f.s.DefaultListableBeanFactory - Creating shared instance of singleton bean 'templateEngine'
21:23:57.019 [main] DEBUG o.s.b.f.s.DefaultListableBeanFactory - Creating instance of bean 'templateEngine'
21:23:57.021 [main] DEBUG o.s.b.f.s.DefaultListableBeanFactory - Returning cached instance of singleton bean 'webMvcConfiguration'
21:23:57.199 [main] DEBUG o.s.b.f.s.DefaultListableBeanFactory - Eagerly caching bean 'templateEngine' to allow for resolving potential circular references
21:23:57.219 [main] DEBUG o.s.b.f.s.DefaultListableBeanFactory - Invoking afterPropertiesSet() on bean with name 'templateEngine'
21:23:57.222 [main] DEBUG o.s.b.f.s.DefaultListableBeanFactory - Returning cached instance of singleton bean 'metaDataSourceAdvisor'
21:23:57.227 [main] DEBUG o.s.b.f.s.DefaultListableBeanFactory - Finished creating instance of bean 'templateEngine'
21:23:57.231 [main] DEBUG o.s.b.f.s.DefaultListableBeanFactory - Eagerly caching bean 'viewResolver' to allow for resolving potential circular references
21:23:57.242 [main] DEBUG o.s.b.f.s.DefaultListableBeanFactory - Returning cached instance of singleton bean 'metaDataSourceAdvisor'
21:23:57.252 [main] DEBUG o.s.b.f.s.DefaultListableBeanFactory - Finished creating instance of bean 'viewResolver'
21:23:57.253 [main] DEBUG o.s.b.f.s.DefaultListableBeanFactory - Returning cached instance of singleton bean 'templateEngine'
21:23:57.263 [main] DEBUG o.s.b.f.s.DefaultListableBeanFactory - Creating shared instance of singleton bean 'domainClassConverter'
21:23:57.263 [main] DEBUG o.s.b.f.s.DefaultListableBeanFactory - Creating instance of bean 'domainClassConverter'
21:23:57.263 [main] DEBUG o.s.b.f.s.DefaultListableBeanFactory - Returning cached instance of singleton bean 'webMvcConfiguration'
21:23:57.295 [main] DEBUG o.s.b.f.s.DefaultListableBeanFactory - Eagerly caching bean 'domainClassConverter' to allow for resolving potential circular references
21:23:57.312 [main] DEBUG o.s.b.f.s.DefaultListableBeanFactory - Returning cached instance of singleton bean 'metaDataSourceAdvisor'
21:23:57.317 [main] DEBUG o.s.b.f.s.DefaultListableBeanFactory - Finished creating instance of bean 'domainClassConverter'
21:23:57.317 [main] DEBUG o.s.b.f.s.DefaultListableBeanFactory - Returning cached instance of singleton bean 'metaDataSourceAdvisor'
21:23:57.318 [main] DEBUG o.s.b.f.s.DefaultListableBeanFactory - Returning cached instance of singleton bean 'org.springframework.aop.config.internalAutoProxyCreator'
21:23:57.319 [main] DEBUG o.s.b.f.s.DefaultListableBeanFactory - Returning cached instance of singleton bean 'org.springframework.context.event.internalEventListenerFactory'
21:23:57.444 [main] DEBUG o.s.b.f.s.DefaultListableBeanFactory - Returning cached instance of singleton bean 'metaDataSourceAdvisor'
21:23:57.449 [main] DEBUG o.s.b.f.s.DefaultListableBeanFactory - Returning cached instance of singleton bean 'org.springframework.security.config.annotation.authentication.configuration.AuthenticationConfiguration'
21:23:57.452 [main] DEBUG o.s.w.c.s.GenericWebApplicationContext - Unable to locate LifecycleProcessor with name 'lifecycleProcessor': using default [org.springframework.context.support.DefaultLifecycleProcessor@5ace491]
21:23:57.453 [main] DEBUG o.s.b.f.s.DefaultListableBeanFactory - Returning cached instance of singleton bean 'lifecycleProcessor'
21:23:57.466 [main] DEBUG o.s.b.f.s.DefaultListableBeanFactory - Returning cached instance of singleton bean 'loginAuditingListener'
21:23:57.469 [main] DEBUG o.s.b.f.s.DefaultListableBeanFactory - Returning cached instance of singleton bean 'delegatingApplicationListener'
21:23:57.470 [main] DEBUG o.s.b.f.s.DefaultListableBeanFactory - Returning cached instance of singleton bean 'mvcResourceUrlProvider'
21:23:57.471 [main] DEBUG o.s.w.s.resource.ResourceUrlProvider - Looking for resource handler mappings
21:23:57.472 [main] DEBUG o.s.b.f.s.DefaultListableBeanFactory - Returning cached instance of singleton bean 'viewControllerHandlerMapping'
21:23:57.472 [main] DEBUG o.s.b.f.s.DefaultListableBeanFactory - Returning cached instance of singleton bean 'resourceHandlerMapping'
21:23:57.473 [main] DEBUG o.s.w.s.resource.ResourceUrlProvider - Found resource handler mapping: URL pattern="/resources/**", locations=[class path resource [resources/]], resolvers=[org.springframework.web.servlet.resource.PathResourceResolver@fbcba93]
21:23:57.483 [main] DEBUG o.s.c.e.PropertySourcesPropertyResolver - Could not find key 'spring.liveBeansView.mbeanDomain' in any property source
21:23:57.485 [main] DEBUG o.s.t.c.c.DefaultCacheAwareContextLoaderDelegate - Storing ApplicationContext in cache under key [[WebMergedContextConfiguration@1894e40d testClass = APIPersonnelTest, locations = '{}', classes = '{class edu.ncsu.csc.itrust2.config.RootConfiguration, class edu.ncsu.csc.itrust2.mvc.config.WebMvcConfiguration}', contextInitializerClasses = '[]', activeProfiles = '{}', propertySourceLocations = '{}', propertySourceProperties = '{}', contextCustomizers = set[[empty]], resourceBasePath = 'src/main/webapp', contextLoader = 'org.springframework.test.context.web.WebDelegatingSmartContextLoader', parent = [null]]]
21:23:57.490 [main] DEBUG o.springframework.test.context.cache - Spring test ApplicationContext cache statistics: [DefaultContextCache@2c0b29cf size = 1, maxSize = 32, parentContextCount = 0, hitCount = 0, missCount = 1]
21:23:57.491 [main] DEBUG o.s.t.c.w.ServletTestExecutionListener - Setting up MockHttpServletRequest, MockHttpServletResponse, ServletWebRequest, and RequestContextHolder for test context [DefaultTestContext@70c53dbe testClass = APIPersonnelTest, testInstance = edu.ncsu.csc.itrust2.apitest.APIPersonnelTest@374d09fa, testMethod = [null], testException = [null], mergedContextConfiguration = [WebMergedContextConfiguration@1894e40d testClass = APIPersonnelTest, locations = '{}', classes = '{class edu.ncsu.csc.itrust2.config.RootConfiguration, class edu.ncsu.csc.itrust2.mvc.config.WebMvcConfiguration}', contextInitializerClasses = '[]', activeProfiles = '{}', propertySourceLocations = '{}', propertySourceProperties = '{}', contextCustomizers = set[[empty]], resourceBasePath = 'src/main/webapp', contextLoader = 'org.springframework.test.context.web.WebDelegatingSmartContextLoader', parent = [null]]].
21:23:57.564 [main] DEBUG o.s.t.c.s.DependencyInjectionTestExecutionListener - Performing dependency injection for test context [[DefaultTestContext@70c53dbe testClass = APIPersonnelTest, testInstance = edu.ncsu.csc.itrust2.apitest.APIPersonnelTest@374d09fa, testMethod = [null], testException = [null], mergedContextConfiguration = [WebMergedContextConfiguration@1894e40d testClass = APIPersonnelTest, locations = '{}', classes = '{class edu.ncsu.csc.itrust2.config.RootConfiguration, class edu.ncsu.csc.itrust2.mvc.config.WebMvcConfiguration}', contextInitializerClasses = '[]', activeProfiles = '{}', propertySourceLocations = '{}', propertySourceProperties = '{}', contextCustomizers = set[[empty]], resourceBasePath = 'src/main/webapp', contextLoader = 'org.springframework.test.context.web.WebDelegatingSmartContextLoader', parent = [null]]]].
21:23:57.565 [main] DEBUG o.s.t.c.c.DefaultCacheAwareContextLoaderDelegate - Retrieved ApplicationContext from cache with key [[WebMergedContextConfiguration@1894e40d testClass = APIPersonnelTest, locations = '{}', classes = '{class edu.ncsu.csc.itrust2.config.RootConfiguration, class edu.ncsu.csc.itrust2.mvc.config.WebMvcConfiguration}', contextInitializerClasses = '[]', activeProfiles = '{}', propertySourceLocations = '{}', propertySourceProperties = '{}', contextCustomizers = set[[empty]], resourceBasePath = 'src/main/webapp', contextLoader = 'org.springframework.test.context.web.WebDelegatingSmartContextLoader', parent = [null]]]
21:23:57.565 [main] DEBUG o.springframework.test.context.cache - Spring test ApplicationContext cache statistics: [DefaultContextCache@2c0b29cf size = 1, maxSize = 32, parentContextCount = 0, hitCount = 1, missCount = 1]
21:23:57.573 [main] DEBUG o.s.b.f.annotation.InjectionMetadata - Processing injected element of bean 'edu.ncsu.csc.itrust2.apitest.APIPersonnelTest': AutowiredFieldElement for private org.springframework.web.context.WebApplicationContext edu.ncsu.csc.itrust2.apitest.APIPersonnelTest.context
21:23:57.574 [main] DEBUG o.s.b.f.a.AutowiredAnnotationBeanPostProcessor - Autowiring by type from bean name 'edu.ncsu.csc.itrust2.apitest.APIPersonnelTest' to bean named 'org.springframework.web.context.support.GenericWebApplicationContext@a098d76'
21:23:57.576 [main] DEBUG o.s.b.f.s.DefaultListableBeanFactory - Returning cached instance of singleton bean 'metaDataSourceAdvisor'
21:23:57.592 [main] DEBUG o.s.t.c.s.AbstractDirtiesContextTestExecutionListener - Before test method: context [DefaultTestContext@70c53dbe testClass = APIPersonnelTest, testInstance = edu.ncsu.csc.itrust2.apitest.APIPersonnelTest@374d09fa, testMethod = testGetNonExistentPersonnel@APIPersonnelTest, testException = [null], mergedContextConfiguration = [WebMergedContextConfiguration@1894e40d testClass = APIPersonnelTest, locations = '{}', classes = '{class edu.ncsu.csc.itrust2.config.RootConfiguration, class edu.ncsu.csc.itrust2.mvc.config.WebMvcConfiguration}', contextInitializerClasses = '[]', activeProfiles = '{}', propertySourceLocations = '{}', propertySourceProperties = '{}', contextCustomizers = set[[empty]], resourceBasePath = 'src/main/webapp', contextLoader = 'org.springframework.test.context.web.WebDelegatingSmartContextLoader', parent = [null]]], class annotated with @DirtiesContext [false] with mode [null], method annotated with @DirtiesContext [false] with mode [null].
21:23:57.682 [main] DEBUG o.s.t.w.s.TestDispatcherServlet - Initializing servlet ''
21:23:57.689 [main] DEBUG o.s.w.c.s.StandardServletEnvironment - Adding [servletConfigInitParams] PropertySource with lowest search precedence
21:23:57.689 [main] DEBUG o.s.w.c.s.StandardServletEnvironment - Adding [servletContextInitParams] PropertySource with lowest search precedence
21:23:57.692 [main] DEBUG o.s.w.c.s.StandardServletEnvironment - Adding [systemProperties] PropertySource with lowest search precedence
21:23:57.693 [main] DEBUG o.s.w.c.s.StandardServletEnvironment - Adding [systemEnvironment] PropertySource with lowest search precedence
21:23:57.694 [main] DEBUG o.s.w.c.s.StandardServletEnvironment - Initialized StandardServletEnvironment with PropertySources [servletConfigInitParams,servletContextInitParams,systemProperties,systemEnvironment]
21:23:57.694 [main] INFO  o.s.mock.web.MockServletContext - Initializing Spring FrameworkServlet ''
21:23:57.694 [main] INFO  o.s.t.w.s.TestDispatcherServlet - FrameworkServlet '': initialization started
21:23:57.698 [main] DEBUG o.s.t.w.s.TestDispatcherServlet - Unable to locate MultipartResolver with name 'multipartResolver': no multipart request handling provided
21:23:57.716 [main] DEBUG o.s.b.f.s.DefaultListableBeanFactory - Creating instance of bean 'org.springframework.web.servlet.i18n.AcceptHeaderLocaleResolver'
21:23:57.745 [main] DEBUG o.s.b.f.s.DefaultListableBeanFactory - Returning cached instance of singleton bean 'metaDataSourceAdvisor'
21:23:57.746 [main] DEBUG o.s.b.f.s.DefaultListableBeanFactory - Finished creating instance of bean 'org.springframework.web.servlet.i18n.AcceptHeaderLocaleResolver'
21:23:57.746 [main] DEBUG o.s.t.w.s.TestDispatcherServlet - Unable to locate LocaleResolver with name 'localeResolver': using default [org.springframework.web.servlet.i18n.AcceptHeaderLocaleResolver@16f86d8f]
21:23:57.747 [main] DEBUG o.s.b.f.s.DefaultListableBeanFactory - Creating instance of bean 'org.springframework.web.servlet.theme.FixedThemeResolver'
21:23:57.753 [main] DEBUG o.s.b.f.s.DefaultListableBeanFactory - Returning cached instance of singleton bean 'metaDataSourceAdvisor'
21:23:57.758 [main] DEBUG o.s.b.f.s.DefaultListableBeanFactory - Finished creating instance of bean 'org.springframework.web.servlet.theme.FixedThemeResolver'
21:23:57.758 [main] DEBUG o.s.t.w.s.TestDispatcherServlet - Unable to locate ThemeResolver with name 'themeResolver': using default [org.springframework.web.servlet.theme.FixedThemeResolver@2ff89271]
21:23:57.761 [main] DEBUG o.s.b.f.s.DefaultListableBeanFactory - Returning cached instance of singleton bean 'viewControllerHandlerMapping'
21:23:57.761 [main] DEBUG o.s.b.f.s.DefaultListableBeanFactory - Returning cached instance of singleton bean 'beanNameHandlerMapping'
21:23:57.762 [main] DEBUG o.s.b.f.s.DefaultListableBeanFactory - Returning cached instance of singleton bean 'resourceHandlerMapping'
21:23:57.762 [main] DEBUG o.s.b.f.s.DefaultListableBeanFactory - Returning cached instance of singleton bean 'defaultServletHandlerMapping'
21:23:57.762 [main] DEBUG o.s.b.f.s.DefaultListableBeanFactory - Returning cached instance of singleton bean 'requestMappingHandlerMapping'
21:23:57.763 [main] DEBUG o.s.b.f.s.DefaultListableBeanFactory - Returning cached instance of singleton bean 'requestMappingHandlerAdapter'
21:23:57.763 [main] DEBUG o.s.b.f.s.DefaultListableBeanFactory - Returning cached instance of singleton bean 'httpRequestHandlerAdapter'
21:23:57.763 [main] DEBUG o.s.b.f.s.DefaultListableBeanFactory - Returning cached instance of singleton bean 'simpleControllerHandlerAdapter'
21:23:57.765 [main] DEBUG o.s.b.f.s.DefaultListableBeanFactory - Returning cached instance of singleton bean 'handlerExceptionResolver'
21:23:57.768 [main] DEBUG o.s.b.f.s.DefaultListableBeanFactory - Creating instance of bean 'org.springframework.web.servlet.view.DefaultRequestToViewNameTranslator'
21:23:57.779 [main] DEBUG o.s.b.f.s.DefaultListableBeanFactory - Returning cached instance of singleton bean 'metaDataSourceAdvisor'
21:23:57.784 [main] DEBUG o.s.b.f.s.DefaultListableBeanFactory - Finished creating instance of bean 'org.springframework.web.servlet.view.DefaultRequestToViewNameTranslator'
21:23:57.784 [main] DEBUG o.s.t.w.s.TestDispatcherServlet - Unable to locate RequestToViewNameTranslator with name 'viewNameTranslator': using default [org.springframework.web.servlet.view.DefaultRequestToViewNameTranslator@40df1311]
21:23:57.786 [main] DEBUG o.s.b.f.s.DefaultListableBeanFactory - Returning cached instance of singleton bean 'mvcViewResolver'
21:23:57.786 [main] DEBUG o.s.b.f.s.DefaultListableBeanFactory - Returning cached instance of singleton bean 'viewResolver'
21:23:57.791 [main] DEBUG o.s.b.f.s.DefaultListableBeanFactory - Creating instance of bean 'org.springframework.web.servlet.support.SessionFlashMapManager'
21:23:57.803 [main] DEBUG o.s.b.f.s.DefaultListableBeanFactory - Returning cached instance of singleton bean 'metaDataSourceAdvisor'
21:23:57.818 [main] DEBUG o.s.b.f.s.DefaultListableBeanFactory - Finished creating instance of bean 'org.springframework.web.servlet.support.SessionFlashMapManager'
21:23:57.818 [main] DEBUG o.s.t.w.s.TestDispatcherServlet - Unable to locate FlashMapManager with name 'flashMapManager': using default [org.springframework.web.servlet.support.SessionFlashMapManager@66e33cea]
21:23:57.822 [main] DEBUG o.s.t.w.s.TestDispatcherServlet - Published WebApplicationContext of servlet '' as ServletContext attribute with name [org.springframework.web.servlet.FrameworkServlet.CONTEXT.]
21:23:57.823 [main] INFO  o.s.t.w.s.TestDispatcherServlet - FrameworkServlet '': initialization completed in 128 ms
21:23:57.823 [main] DEBUG o.s.t.w.s.TestDispatcherServlet - Servlet '' configured successfully
21:23:57.941 [main] DEBUG o.s.t.w.s.TestDispatcherServlet - DispatcherServlet with name '' processing GET request for [/api/v1/personnel/-1]
21:23:57.948 [main] DEBUG o.s.w.s.m.m.a.RequestMappingHandlerMapping - Looking up handler method for path /api/v1/personnel/-1
21:23:58.030 [main] DEBUG o.s.w.s.m.m.a.RequestMappingHandlerMapping - Returning handler method [public org.springframework.http.ResponseEntity edu.ncsu.csc.itrust2.controllers.api.APIPersonnelController.getPersonnel(java.lang.String)]
21:23:58.030 [main] DEBUG o.s.b.f.s.DefaultListableBeanFactory - Returning cached instance of singleton bean 'APIPersonnelController'
21:23:58.032 [main] DEBUG o.s.t.w.s.TestDispatcherServlet - Last-Modified value for [/api/v1/personnel/-1] is: -1
21:23:58.353 [main] DEBUG o.h.i.internal.IntegratorServiceImpl - Adding Integrator [org.hibernate.cfg.beanvalidation.BeanValidationIntegrator].
21:23:58.382 [main] DEBUG o.h.i.internal.IntegratorServiceImpl - Adding Integrator [org.hibernate.secure.spi.JaccIntegrator].
21:23:58.405 [main] DEBUG o.h.i.internal.IntegratorServiceImpl - Adding Integrator [org.hibernate.cache.internal.CollectionCacheInvalidator].
21:23:58.934 [main] INFO  org.hibernate.Version - HHH000412: Hibernate Core {5.0.11.Final}
21:23:58.938 [main] INFO  org.hibernate.cfg.Environment - HHH000205: Loaded properties from resource hibernate.properties: {hibernate.connection.username=root, hibernate.connection.password=****, hibernate.connection.url=jdbc:mysql://localhost:3306/iTrust2?createDatabaseIfNotExist=true, hibernate.bytecode.use_reflection_optimizer=false}
21:23:58.939 [main] INFO  org.hibernate.cfg.Environment - HHH000021: Bytecode provider name : javassist
21:23:58.991 [main] DEBUG o.h.b.j.i.s.LocalXmlResourceResolver - Interpreting public/system identifier : [null] - [http://www.hibernate.org/dtd/hibernate-configuration-3.0.dtd]
21:23:58.991 [main] DEBUG o.h.b.j.i.s.LocalXmlResourceResolver - Recognized hibernate-configuration identifier; attempting to resolve on classpath under org/hibernate/
21:23:58.999 [main] DEBUG o.h.b.c.internal.JaxbCfgProcessor - cfg.xml document did not define namespaces; wrapping in custom event reader to introduce namespace information
21:24:00.352 [main] DEBUG org.hibernate.cfg.Configuration - Building session factory using internal StandardServiceRegistryBuilder
21:24:00.405 [main] DEBUG o.h.service.spi.ServiceBinding - Overriding existing service binding [org.hibernate.secure.spi.JaccService]
21:24:00.406 [main] DEBUG org.hibernate.cfg.Configuration - Building session factory using provided StandardServiceRegistry
21:24:00.511 [main] DEBUG o.h.c.i.RegionFactoryInitiator - Cache region factory : org.hibernate.cache.internal.NoCachingRegionFactory
21:24:00.579 [main] INFO  o.h.annotations.common.Version - HCANN000001: Hibernate Commons Annotations {5.0.1.Final}
21:24:01.064 [main] DEBUG org.hibernate.type.BasicTypeRegistry - Adding type registration boolean -> org.hibernate.type.BooleanType@40783a1c
21:24:01.064 [main] DEBUG org.hibernate.type.BasicTypeRegistry - Adding type registration boolean -> org.hibernate.type.BooleanType@40783a1c
21:24:01.064 [main] DEBUG org.hibernate.type.BasicTypeRegistry - Adding type registration java.lang.Boolean -> org.hibernate.type.BooleanType@40783a1c
21:24:01.070 [main] DEBUG org.hibernate.type.BasicTypeRegistry - Adding type registration numeric_boolean -> org.hibernate.type.NumericBooleanType@59c81e46
21:24:01.078 [main] DEBUG org.hibernate.type.BasicTypeRegistry - Adding type registration true_false -> org.hibernate.type.TrueFalseType@7f9c22ac
21:24:01.081 [main] DEBUG org.hibernate.type.BasicTypeRegistry - Adding type registration yes_no -> org.hibernate.type.YesNoType@27b611aa
21:24:01.091 [main] DEBUG org.hibernate.type.BasicTypeRegistry - Adding type registration byte -> org.hibernate.type.ByteType@16c2eaa3
21:24:01.091 [main] DEBUG org.hibernate.type.BasicTypeRegistry - Adding type registration byte -> org.hibernate.type.ByteType@16c2eaa3
21:24:01.091 [main] DEBUG org.hibernate.type.BasicTypeRegistry - Adding type registration java.lang.Byte -> org.hibernate.type.ByteType@16c2eaa3
21:24:01.098 [main] DEBUG org.hibernate.type.BasicTypeRegistry - Adding type registration character -> org.hibernate.type.CharacterType@7a70cf38
21:24:01.098 [main] DEBUG org.hibernate.type.BasicTypeRegistry - Adding type registration char -> org.hibernate.type.CharacterType@7a70cf38
21:24:01.098 [main] DEBUG org.hibernate.type.BasicTypeRegistry - Adding type registration java.lang.Character -> org.hibernate.type.CharacterType@7a70cf38
21:24:01.109 [main] DEBUG org.hibernate.type.BasicTypeRegistry - Adding type registration short -> org.hibernate.type.ShortType@94e90c0
21:24:01.110 [main] DEBUG org.hibernate.type.BasicTypeRegistry - Adding type registration short -> org.hibernate.type.ShortType@94e90c0
21:24:01.110 [main] DEBUG org.hibernate.type.BasicTypeRegistry - Adding type registration java.lang.Short -> org.hibernate.type.ShortType@94e90c0
21:24:01.118 [main] DEBUG org.hibernate.type.BasicTypeRegistry - Adding type registration integer -> org.hibernate.type.IntegerType@5412a7c6
21:24:01.119 [main] DEBUG org.hibernate.type.BasicTypeRegistry - Adding type registration int -> org.hibernate.type.IntegerType@5412a7c6
21:24:01.119 [main] DEBUG org.hibernate.type.BasicTypeRegistry - Adding type registration java.lang.Integer -> org.hibernate.type.IntegerType@5412a7c6
21:24:01.128 [main] DEBUG org.hibernate.type.BasicTypeRegistry - Adding type registration long -> org.hibernate.type.LongType@50fd1535
21:24:01.128 [main] DEBUG org.hibernate.type.BasicTypeRegistry - Adding type registration long -> org.hibernate.type.LongType@50fd1535
21:24:01.128 [main] DEBUG org.hibernate.type.BasicTypeRegistry - Adding type registration java.lang.Long -> org.hibernate.type.LongType@50fd1535
21:24:01.140 [main] DEBUG org.hibernate.type.BasicTypeRegistry - Adding type registration float -> org.hibernate.type.FloatType@41709aa8
21:24:01.140 [main] DEBUG org.hibernate.type.BasicTypeRegistry - Adding type registration float -> org.hibernate.type.FloatType@41709aa8
21:24:01.142 [main] DEBUG org.hibernate.type.BasicTypeRegistry - Adding type registration java.lang.Float -> org.hibernate.type.FloatType@41709aa8
21:24:01.151 [main] DEBUG org.hibernate.type.BasicTypeRegistry - Adding type registration double -> org.hibernate.type.DoubleType@315bf7c1
21:24:01.152 [main] DEBUG org.hibernate.type.BasicTypeRegistry - Adding type registration double -> org.hibernate.type.DoubleType@315bf7c1
21:24:01.152 [main] DEBUG org.hibernate.type.BasicTypeRegistry - Adding type registration java.lang.Double -> org.hibernate.type.DoubleType@315bf7c1
21:24:01.163 [main] DEBUG org.hibernate.type.BasicTypeRegistry - Adding type registration big_decimal -> org.hibernate.type.BigDecimalType@7d49699
21:24:01.164 [main] DEBUG org.hibernate.type.BasicTypeRegistry - Adding type registration java.math.BigDecimal -> org.hibernate.type.BigDecimalType@7d49699
21:24:01.171 [main] DEBUG org.hibernate.type.BasicTypeRegistry - Adding type registration big_integer -> org.hibernate.type.BigIntegerType@1172dc2c
21:24:01.171 [main] DEBUG org.hibernate.type.BasicTypeRegistry - Adding type registration java.math.BigInteger -> org.hibernate.type.BigIntegerType@1172dc2c
21:24:01.178 [main] DEBUG org.hibernate.type.BasicTypeRegistry - Adding type registration string -> org.hibernate.type.StringType@1f344be
21:24:01.179 [main] DEBUG org.hibernate.type.BasicTypeRegistry - Adding type registration java.lang.String -> org.hibernate.type.StringType@1f344be
21:24:01.186 [main] DEBUG org.hibernate.type.BasicTypeRegistry - Adding type registration nstring -> org.hibernate.type.StringNVarcharType@793f45f2
21:24:01.193 [main] DEBUG org.hibernate.type.BasicTypeRegistry - Adding type registration ncharacter -> org.hibernate.type.CharacterNCharType@4d7f5e96
21:24:01.201 [main] DEBUG org.hibernate.type.BasicTypeRegistry - Adding type registration url -> org.hibernate.type.UrlType@3773d26d
21:24:01.202 [main] DEBUG org.hibernate.type.BasicTypeRegistry - Adding type registration java.net.URL -> org.hibernate.type.UrlType@3773d26d
21:24:01.219 [main] DEBUG org.hibernate.type.BasicTypeRegistry - Adding type registration date -> org.hibernate.type.DateType@6460dd5e
21:24:01.219 [main] DEBUG org.hibernate.type.BasicTypeRegistry - Adding type registration java.sql.Date -> org.hibernate.type.DateType@6460dd5e
21:24:01.232 [main] DEBUG org.hibernate.type.BasicTypeRegistry - Adding type registration time -> org.hibernate.type.TimeType@3282cd58
21:24:01.234 [main] DEBUG org.hibernate.type.BasicTypeRegistry - Adding type registration java.sql.Time -> org.hibernate.type.TimeType@3282cd58
21:24:01.247 [main] DEBUG org.hibernate.type.BasicTypeRegistry - Adding type registration timestamp -> org.hibernate.type.TimestampType@6e4a2790
21:24:01.247 [main] DEBUG org.hibernate.type.BasicTypeRegistry - Adding type registration java.sql.Timestamp -> org.hibernate.type.TimestampType@6e4a2790
21:24:01.248 [main] DEBUG org.hibernate.type.BasicTypeRegistry - Adding type registration java.util.Date -> org.hibernate.type.TimestampType@6e4a2790
21:24:01.252 [main] DEBUG org.hibernate.type.BasicTypeRegistry - Adding type registration dbtimestamp -> org.hibernate.type.DbTimestampType@15d075c0
21:24:01.260 [main] DEBUG org.hibernate.type.BasicTypeRegistry - Adding type registration calendar -> org.hibernate.type.CalendarType@22db1358
21:24:01.260 [main] DEBUG org.hibernate.type.BasicTypeRegistry - Adding type registration java.util.Calendar -> org.hibernate.type.CalendarType@22db1358
21:24:01.260 [main] DEBUG org.hibernate.type.BasicTypeRegistry - Adding type registration java.util.GregorianCalendar -> org.hibernate.type.CalendarType@22db1358
21:24:01.267 [main] DEBUG org.hibernate.type.BasicTypeRegistry - Adding type registration calendar_date -> org.hibernate.type.CalendarDateType@389467e9
21:24:01.274 [main] DEBUG org.hibernate.type.BasicTypeRegistry - Adding type registration locale -> org.hibernate.type.LocaleType@281a0671
21:24:01.275 [main] DEBUG org.hibernate.type.BasicTypeRegistry - Adding type registration java.util.Locale -> org.hibernate.type.LocaleType@281a0671
21:24:01.281 [main] DEBUG org.hibernate.type.BasicTypeRegistry - Adding type registration currency -> org.hibernate.type.CurrencyType@5f16d90c
21:24:01.281 [main] DEBUG org.hibernate.type.BasicTypeRegistry - Adding type registration java.util.Currency -> org.hibernate.type.CurrencyType@5f16d90c
21:24:01.287 [main] DEBUG org.hibernate.type.BasicTypeRegistry - Adding type registration timezone -> org.hibernate.type.TimeZoneType@15407521
21:24:01.287 [main] DEBUG org.hibernate.type.BasicTypeRegistry - Adding type registration java.util.TimeZone -> org.hibernate.type.TimeZoneType@15407521
21:24:01.294 [main] DEBUG org.hibernate.type.BasicTypeRegistry - Adding type registration class -> org.hibernate.type.ClassType@532887bc
21:24:01.295 [main] DEBUG org.hibernate.type.BasicTypeRegistry - Adding type registration java.lang.Class -> org.hibernate.type.ClassType@532887bc
21:24:01.309 [main] DEBUG org.hibernate.type.BasicTypeRegistry - Adding type registration uuid-binary -> org.hibernate.type.UUIDBinaryType@15acb72d
21:24:01.309 [main] DEBUG org.hibernate.type.BasicTypeRegistry - Adding type registration java.util.UUID -> org.hibernate.type.UUIDBinaryType@15acb72d
21:24:01.314 [main] DEBUG org.hibernate.type.BasicTypeRegistry - Adding type registration uuid-char -> org.hibernate.type.UUIDCharType@6a9cdf61
21:24:01.325 [main] DEBUG org.hibernate.type.BasicTypeRegistry - Adding type registration binary -> org.hibernate.type.BinaryType@218d34aa
21:24:01.325 [main] DEBUG org.hibernate.type.BasicTypeRegistry - Adding type registration byte[] -> org.hibernate.type.BinaryType@218d34aa
21:24:01.326 [main] DEBUG org.hibernate.type.BasicTypeRegistry - Adding type registration [B -> org.hibernate.type.BinaryType@218d34aa
21:24:01.334 [main] DEBUG org.hibernate.type.BasicTypeRegistry - Adding type registration wrapper-binary -> org.hibernate.type.WrapperBinaryType@51d9bed3
21:24:01.335 [main] DEBUG org.hibernate.type.BasicTypeRegistry - Adding type registration Byte[] -> org.hibernate.type.WrapperBinaryType@51d9bed3
21:24:01.335 [main] DEBUG org.hibernate.type.BasicTypeRegistry - Adding type registration [Ljava.lang.Byte; -> org.hibernate.type.WrapperBinaryType@51d9bed3
21:24:01.343 [main] DEBUG org.hibernate.type.BasicTypeRegistry - Adding type registration row_version -> org.hibernate.type.RowVersionType@72f855b9
21:24:01.348 [main] DEBUG org.hibernate.type.BasicTypeRegistry - Adding type registration image -> org.hibernate.type.ImageType@45eb6b7d
21:24:01.355 [main] DEBUG org.hibernate.type.BasicTypeRegistry - Adding type registration characters -> org.hibernate.type.CharArrayType@19199df
21:24:01.356 [main] DEBUG org.hibernate.type.BasicTypeRegistry - Adding type registration char[] -> org.hibernate.type.CharArrayType@19199df
21:24:01.356 [main] DEBUG org.hibernate.type.BasicTypeRegistry - Adding type registration [C -> org.hibernate.type.CharArrayType@19199df
21:24:01.365 [main] DEBUG org.hibernate.type.BasicTypeRegistry - Adding type registration wrapper-characters -> org.hibernate.type.CharacterArrayType@3d411475
21:24:01.366 [main] DEBUG org.hibernate.type.BasicTypeRegistry - Adding type registration [Ljava.lang.Character; -> org.hibernate.type.CharacterArrayType@3d411475
21:24:01.367 [main] DEBUG org.hibernate.type.BasicTypeRegistry - Adding type registration Character[] -> org.hibernate.type.CharacterArrayType@3d411475
21:24:01.372 [main] DEBUG org.hibernate.type.BasicTypeRegistry - Adding type registration text -> org.hibernate.type.TextType@320d4c62
21:24:01.378 [main] DEBUG org.hibernate.type.BasicTypeRegistry - Adding type registration ntext -> org.hibernate.type.NTextType@41404e50
21:24:01.418 [main] DEBUG org.hibernate.type.BasicTypeRegistry - Adding type registration blob -> org.hibernate.type.BlobType@77b84c33
21:24:01.418 [main] DEBUG org.hibernate.type.BasicTypeRegistry - Adding type registration java.sql.Blob -> org.hibernate.type.BlobType@77b84c33
21:24:01.422 [main] DEBUG org.hibernate.type.BasicTypeRegistry - Adding type registration materialized_blob -> org.hibernate.type.MaterializedBlobType@18bd405b
21:24:01.452 [main] DEBUG org.hibernate.type.BasicTypeRegistry - Adding type registration clob -> org.hibernate.type.ClobType@4ef45124
21:24:01.453 [main] DEBUG org.hibernate.type.BasicTypeRegistry - Adding type registration java.sql.Clob -> org.hibernate.type.ClobType@4ef45124
21:24:01.484 [main] DEBUG org.hibernate.type.BasicTypeRegistry - Adding type registration nclob -> org.hibernate.type.NClobType@a3b336a
21:24:01.485 [main] DEBUG org.hibernate.type.BasicTypeRegistry - Adding type registration java.sql.NClob -> org.hibernate.type.NClobType@a3b336a
21:24:01.487 [main] DEBUG org.hibernate.type.BasicTypeRegistry - Adding type registration materialized_clob -> org.hibernate.type.MaterializedClobType@253a891e
21:24:01.492 [main] DEBUG org.hibernate.type.BasicTypeRegistry - Adding type registration materialized_nclob -> org.hibernate.type.MaterializedNClobType@50833f62
21:24:01.500 [main] DEBUG org.hibernate.type.BasicTypeRegistry - Adding type registration serializable -> org.hibernate.type.SerializableType@3b4004cd
21:24:01.529 [main] DEBUG org.hibernate.type.BasicTypeRegistry - Adding type registration object -> org.hibernate.type.ObjectType@5bdaeec8
21:24:01.530 [main] DEBUG org.hibernate.type.BasicTypeRegistry - Adding type registration java.lang.Object -> org.hibernate.type.ObjectType@5bdaeec8
21:24:01.533 [main] DEBUG org.hibernate.type.BasicTypeRegistry - Adding type registration imm_date -> org.hibernate.type.AdaptedImmutableType@34f8564d
21:24:01.534 [main] DEBUG org.hibernate.type.BasicTypeRegistry - Adding type registration imm_time -> org.hibernate.type.AdaptedImmutableType@6664d5e9
21:24:01.534 [main] DEBUG org.hibernate.type.BasicTypeRegistry - Adding type registration imm_timestamp -> org.hibernate.type.AdaptedImmutableType@355583e4
21:24:01.535 [main] DEBUG org.hibernate.type.BasicTypeRegistry - Adding type registration imm_dbtimestamp -> org.hibernate.type.AdaptedImmutableType@4fee97bd
21:24:01.535 [main] DEBUG org.hibernate.type.BasicTypeRegistry - Adding type registration imm_calendar -> org.hibernate.type.AdaptedImmutableType@3952fa33
21:24:01.535 [main] DEBUG org.hibernate.type.BasicTypeRegistry - Adding type registration imm_calendar_date -> org.hibernate.type.AdaptedImmutableType@7959ab6d
21:24:01.536 [main] DEBUG org.hibernate.type.BasicTypeRegistry - Adding type registration imm_binary -> org.hibernate.type.AdaptedImmutableType@600a5d01
21:24:01.536 [main] DEBUG org.hibernate.type.BasicTypeRegistry - Adding type registration imm_serializable -> org.hibernate.type.AdaptedImmutableType@5be26dc2
21:24:01.614 [main] WARN  org.hibernate.orm.connections - HHH10001002: Using Hibernate built-in connection pool (not for production use!)
21:24:01.621 [main] INFO  org.hibernate.orm.connections - HHH10001005: using driver [com.mysql.jdbc.Driver] at URL [jdbc:mysql://localhost:3306/iTrust2?createDatabaseIfNotExist=true]
21:24:01.623 [main] INFO  org.hibernate.orm.connections - HHH10001001: Connection properties: {user=root, password=root}
21:24:01.623 [main] INFO  org.hibernate.orm.connections - HHH10001003: Autocommit mode: false
21:24:01.646 [main] DEBUG o.h.e.j.c.i.DriverManagerConnectionProviderImpl - Initializing Connection pool with 1 Connections
21:24:01.649 [main] INFO  o.h.e.j.c.i.DriverManagerConnectionProviderImpl - HHH000115: Hibernate connection pool size: 100 (min=1)
21:24:03.428 [main] DEBUG o.h.e.j.e.i.JdbcEnvironmentInitiator - Database ->
       name : MySQL
    version : 5.7.21-0ubuntu0.16.04.1
      major : 5
      minor : 7
21:24:03.428 [main] DEBUG o.h.e.j.e.i.JdbcEnvironmentInitiator - Driver ->
       name : MySQL Connector Java
    version : mysql-connector-java-5.1.40 ( Revision: 402933ef52cad9aa82624e80acbea46e3a701ce6 )
      major : 5
      minor : 1
21:24:03.428 [main] DEBUG o.h.e.j.e.i.JdbcEnvironmentInitiator - JDBC version : 4.0
21:24:03.540 [main] INFO  org.hibernate.dialect.Dialect - HHH000400: Using dialect: org.hibernate.dialect.MySQLDialect
21:24:03.798 [main] DEBUG o.h.e.j.e.s.IdentifierHelperBuilder - JDBC driver metadata reported database stores quoted identifiers in more than one case
21:24:03.814 [main] DEBUG o.h.e.j.e.s.IdentifierHelperBuilder - IdentifierCaseStrategy for both quoted and unquoted identifiers was set to the same strategy [MIXED]; that will likely lead to problems in schema update and validation if using quoted identifiers
21:24:04.058 [main] DEBUG o.h.i.f.i.DefaultIdentifierGeneratorFactory - Registering IdentifierGenerator strategy [uuid2] -> [org.hibernate.id.UUIDGenerator]
21:24:04.061 [main] DEBUG o.h.i.f.i.DefaultIdentifierGeneratorFactory - Registering IdentifierGenerator strategy [guid] -> [org.hibernate.id.GUIDGenerator]
21:24:04.067 [main] DEBUG o.h.i.f.i.DefaultIdentifierGeneratorFactory - Registering IdentifierGenerator strategy [uuid] -> [org.hibernate.id.UUIDHexGenerator]
21:24:04.067 [main] DEBUG o.h.i.f.i.DefaultIdentifierGeneratorFactory - Registering IdentifierGenerator strategy [uuid.hex] -> [org.hibernate.id.UUIDHexGenerator]
21:24:04.070 [main] DEBUG o.h.i.f.i.DefaultIdentifierGeneratorFactory - Registering IdentifierGenerator strategy [assigned] -> [org.hibernate.id.Assigned]
21:24:04.077 [main] DEBUG o.h.i.f.i.DefaultIdentifierGeneratorFactory - Registering IdentifierGenerator strategy [identity] -> [org.hibernate.id.IdentityGenerator]
21:24:04.080 [main] DEBUG o.h.i.f.i.DefaultIdentifierGeneratorFactory - Registering IdentifierGenerator strategy [select] -> [org.hibernate.id.SelectGenerator]
21:24:04.082 [main] DEBUG o.h.i.f.i.DefaultIdentifierGeneratorFactory - Registering IdentifierGenerator strategy [sequence] -> [org.hibernate.id.enhanced.SequenceStyleGenerator]
21:24:04.089 [main] DEBUG o.h.i.f.i.DefaultIdentifierGeneratorFactory - Registering IdentifierGenerator strategy [seqhilo] -> [org.hibernate.id.SequenceHiLoGenerator]
21:24:04.095 [main] DEBUG o.h.i.f.i.DefaultIdentifierGeneratorFactory - Registering IdentifierGenerator strategy [increment] -> [org.hibernate.id.IncrementGenerator]
21:24:04.099 [main] DEBUG o.h.i.f.i.DefaultIdentifierGeneratorFactory - Registering IdentifierGenerator strategy [foreign] -> [org.hibernate.id.ForeignGenerator]
21:24:04.104 [main] DEBUG o.h.i.f.i.DefaultIdentifierGeneratorFactory - Registering IdentifierGenerator strategy [sequence-identity] -> [org.hibernate.id.SequenceIdentityGenerator]
21:24:04.105 [main] DEBUG o.h.i.f.i.DefaultIdentifierGeneratorFactory - Registering IdentifierGenerator strategy [enhanced-sequence] -> [org.hibernate.id.enhanced.SequenceStyleGenerator]
21:24:04.112 [main] DEBUG o.h.i.f.i.DefaultIdentifierGeneratorFactory - Registering IdentifierGenerator strategy [enhanced-table] -> [org.hibernate.id.enhanced.TableGenerator]
21:24:04.360 [main] DEBUG o.h.boot.model.relational.Namespace - Created database namespace [logicalName=Name{catalog=null, schema=null}, physicalName=Name{catalog=null, schema=null}]
21:24:04.656 [main] DEBUG org.hibernate.cfg.AnnotationBinder - Binding entity from annotated class: edu.ncsu.csc.itrust2.models.persistent.LogEntry
21:24:04.836 [main] DEBUG org.hibernate.cfg.Ejb3Column - Binding column: Ejb3DiscriminatorColumn{logicalColumnName'DTYPE', discriminatorTypeName='string'}
21:24:04.891 [main] DEBUG o.h.cfg.annotations.EntityBinder - Import with entity name LogEntry
21:24:04.914 [main] DEBUG o.h.cfg.annotations.EntityBinder - Bind entity edu.ncsu.csc.itrust2.models.persistent.LogEntry on table LogEntries
21:24:05.110 [main] DEBUG org.hibernate.cfg.Ejb3Column - Binding column: Ejb3Column{table=org.hibernate.mapping.Table(LogEntries), mappingColumn=id, insertable=true, updatable=true, unique=false}
21:24:05.132 [main] DEBUG o.h.cfg.annotations.PropertyBinder - MetadataSourceProcessor property id with lazy=false
21:24:05.146 [main] DEBUG o.h.cfg.AbstractPropertyHolder - Attempting to locate auto-apply AttributeConverter for property [edu.ncsu.csc.itrust2.models.persistent.LogEntry:id]
21:24:05.155 [main] DEBUG o.h.c.annotations.SimpleValueBinder - building SimpleValue for id
21:24:05.167 [main] DEBUG o.h.cfg.annotations.PropertyBinder - Building property id
21:24:05.188 [main] DEBUG org.hibernate.cfg.Ejb3Column - Binding column: Ejb3Column{table=org.hibernate.mapping.Table(LogEntries), mappingColumn=logCode, insertable=true, updatable=true, unique=false}
21:24:05.192 [main] DEBUG o.h.cfg.annotations.PropertyBinder - MetadataSourceProcessor property logCode with lazy=false
21:24:05.193 [main] DEBUG o.h.cfg.AbstractPropertyHolder - Attempting to locate auto-apply AttributeConverter for property [edu.ncsu.csc.itrust2.models.persistent.LogEntry:logCode]
21:24:05.206 [main] DEBUG o.h.c.annotations.SimpleValueBinder - building SimpleValue for logCode
21:24:05.207 [main] DEBUG o.h.cfg.annotations.PropertyBinder - Building property logCode
21:24:05.211 [main] DEBUG org.hibernate.cfg.Ejb3Column - Binding column: Ejb3Column{table=org.hibernate.mapping.Table(LogEntries), mappingColumn=message, insertable=true, updatable=true, unique=false}
21:24:05.213 [main] DEBUG o.h.cfg.annotations.PropertyBinder - MetadataSourceProcessor property message with lazy=false
21:24:05.214 [main] DEBUG o.h.cfg.AbstractPropertyHolder - Attempting to locate auto-apply AttributeConverter for property [edu.ncsu.csc.itrust2.models.persistent.LogEntry:message]
21:24:05.216 [main] DEBUG o.h.c.annotations.SimpleValueBinder - building SimpleValue for message
21:24:05.217 [main] DEBUG o.h.cfg.annotations.PropertyBinder - Building property message
21:24:05.218 [main] DEBUG org.hibernate.cfg.Ejb3Column - Binding column: Ejb3Column{table=org.hibernate.mapping.Table(LogEntries), mappingColumn=primaryUser, insertable=true, updatable=true, unique=false}
21:24:05.220 [main] DEBUG o.h.cfg.annotations.PropertyBinder - MetadataSourceProcessor property primaryUser with lazy=false
21:24:05.220 [main] DEBUG o.h.cfg.AbstractPropertyHolder - Attempting to locate auto-apply AttributeConverter for property [edu.ncsu.csc.itrust2.models.persistent.LogEntry:primaryUser]
21:24:05.220 [main] DEBUG o.h.c.annotations.SimpleValueBinder - building SimpleValue for primaryUser
21:24:05.222 [main] DEBUG o.h.cfg.annotations.PropertyBinder - Building property primaryUser
21:24:05.223 [main] DEBUG org.hibernate.cfg.Ejb3Column - Binding column: Ejb3Column{table=org.hibernate.mapping.Table(LogEntries), mappingColumn=secondaryUser, insertable=true, updatable=true, unique=false}
21:24:05.224 [main] DEBUG o.h.cfg.annotations.PropertyBinder - MetadataSourceProcessor property secondaryUser with lazy=false
21:24:05.224 [main] DEBUG o.h.cfg.AbstractPropertyHolder - Attempting to locate auto-apply AttributeConverter for property [edu.ncsu.csc.itrust2.models.persistent.LogEntry:secondaryUser]
21:24:05.225 [main] DEBUG o.h.c.annotations.SimpleValueBinder - building SimpleValue for secondaryUser
21:24:05.225 [main] DEBUG o.h.cfg.annotations.PropertyBinder - Building property secondaryUser
21:24:05.227 [main] DEBUG org.hibernate.cfg.Ejb3Column - Binding column: Ejb3Column{table=org.hibernate.mapping.Table(LogEntries), mappingColumn=time, insertable=true, updatable=true, unique=false}
21:24:05.228 [main] DEBUG o.h.cfg.annotations.PropertyBinder - MetadataSourceProcessor property time with lazy=false
21:24:05.228 [main] DEBUG o.h.cfg.AbstractPropertyHolder - Attempting to locate auto-apply AttributeConverter for property [edu.ncsu.csc.itrust2.models.persistent.LogEntry:time]
21:24:05.229 [main] DEBUG o.h.c.annotations.SimpleValueBinder - building SimpleValue for time
21:24:05.230 [main] DEBUG o.h.cfg.annotations.PropertyBinder - Building property time
21:24:05.236 [main] DEBUG org.hibernate.cfg.AnnotationBinder - Binding entity from annotated class: edu.ncsu.csc.itrust2.models.persistent.AppointmentRequest
21:24:05.238 [main] DEBUG org.hibernate.cfg.Ejb3Column - Binding column: Ejb3DiscriminatorColumn{logicalColumnName'DTYPE', discriminatorTypeName='string'}
21:24:05.239 [main] DEBUG o.h.cfg.annotations.EntityBinder - Import with entity name AppointmentRequest
21:24:05.239 [main] DEBUG o.h.cfg.annotations.EntityBinder - Bind entity edu.ncsu.csc.itrust2.models.persistent.AppointmentRequest on table AppointmentRequests
21:24:05.280 [main] DEBUG org.hibernate.cfg.Ejb3Column - Binding column: Ejb3Column{table=org.hibernate.mapping.Table(AppointmentRequests), mappingColumn=id, insertable=true, updatable=true, unique=false}
21:24:05.281 [main] DEBUG o.h.cfg.annotations.PropertyBinder - MetadataSourceProcessor property id with lazy=false
21:24:05.282 [main] DEBUG o.h.cfg.AbstractPropertyHolder - Attempting to locate auto-apply AttributeConverter for property [edu.ncsu.csc.itrust2.models.persistent.AppointmentRequest:id]
21:24:05.283 [main] DEBUG o.h.c.annotations.SimpleValueBinder - building SimpleValue for id
21:24:05.284 [main] DEBUG o.h.cfg.annotations.PropertyBinder - Building property id
21:24:05.285 [main] DEBUG org.hibernate.cfg.Ejb3Column - Binding column: Ejb3Column{table=org.hibernate.mapping.Table(AppointmentRequests), mappingColumn=comments, insertable=true, updatable=true, unique=false}
21:24:05.287 [main] DEBUG o.h.cfg.annotations.PropertyBinder - MetadataSourceProcessor property comments with lazy=false
21:24:05.288 [main] DEBUG o.h.cfg.AbstractPropertyHolder - Attempting to locate auto-apply AttributeConverter for property [edu.ncsu.csc.itrust2.models.persistent.AppointmentRequest:comments]
21:24:05.288 [main] DEBUG o.h.c.annotations.SimpleValueBinder - building SimpleValue for comments
21:24:05.290 [main] DEBUG o.h.cfg.annotations.PropertyBinder - Building property comments
21:24:05.290 [main] DEBUG org.hibernate.cfg.Ejb3Column - Binding column: Ejb3Column{table=org.hibernate.mapping.Table(AppointmentRequests), mappingColumn=date, insertable=true, updatable=true, unique=false}
21:24:05.293 [main] DEBUG o.h.cfg.annotations.PropertyBinder - MetadataSourceProcessor property date with lazy=false
21:24:05.293 [main] DEBUG o.h.cfg.AbstractPropertyHolder - Attempting to locate auto-apply AttributeConverter for property [edu.ncsu.csc.itrust2.models.persistent.AppointmentRequest:date]
21:24:05.295 [main] DEBUG o.h.c.annotations.SimpleValueBinder - building SimpleValue for date
21:24:05.295 [main] DEBUG o.h.cfg.annotations.PropertyBinder - Building property date
21:24:05.299 [main] DEBUG org.hibernate.cfg.Ejb3Column - Binding column: Ejb3JoinColumn{logicalColumnName='hcp_id', referencedColumn='', mappedBy=''}
21:24:05.301 [main] DEBUG org.hibernate.cfg.Ejb3Column - Binding column: Ejb3Column{table=org.hibernate.mapping.Table(AppointmentRequests), mappingColumn=hcp, insertable=true, updatable=true, unique=false}
21:24:05.325 [main] DEBUG o.h.cfg.annotations.PropertyBinder - Building property hcp
21:24:05.329 [main] DEBUG org.hibernate.cfg.Ejb3Column - Binding column: Ejb3JoinColumn{logicalColumnName='patient_id', referencedColumn='', mappedBy=''}
21:24:05.330 [main] DEBUG org.hibernate.cfg.Ejb3Column - Binding column: Ejb3Column{table=org.hibernate.mapping.Table(AppointmentRequests), mappingColumn=patient, insertable=true, updatable=true, unique=false}
21:24:05.332 [main] DEBUG o.h.cfg.annotations.PropertyBinder - Building property patient
21:24:05.334 [main] DEBUG org.hibernate.cfg.Ejb3Column - Binding column: Ejb3Column{table=org.hibernate.mapping.Table(AppointmentRequests), mappingColumn=status, insertable=true, updatable=true, unique=false}
21:24:05.335 [main] DEBUG o.h.cfg.annotations.PropertyBinder - MetadataSourceProcessor property status with lazy=false
21:24:05.335 [main] DEBUG o.h.cfg.AbstractPropertyHolder - Attempting to locate auto-apply AttributeConverter for property [edu.ncsu.csc.itrust2.models.persistent.AppointmentRequest:status]
21:24:05.336 [main] DEBUG o.h.c.annotations.SimpleValueBinder - building SimpleValue for status
21:24:05.336 [main] DEBUG o.h.cfg.annotations.PropertyBinder - Building property status
21:24:05.338 [main] DEBUG org.hibernate.cfg.Ejb3Column - Binding column: Ejb3Column{table=org.hibernate.mapping.Table(AppointmentRequests), mappingColumn=type, insertable=true, updatable=true, unique=false}
21:24:05.339 [main] DEBUG o.h.cfg.annotations.PropertyBinder - MetadataSourceProcessor property type with lazy=false
21:24:05.340 [main] DEBUG o.h.cfg.AbstractPropertyHolder - Attempting to locate auto-apply AttributeConverter for property [edu.ncsu.csc.itrust2.models.persistent.AppointmentRequest:type]
21:24:05.340 [main] DEBUG o.h.c.annotations.SimpleValueBinder - building SimpleValue for type
21:24:05.341 [main] DEBUG o.h.cfg.annotations.PropertyBinder - Building property type
21:24:05.342 [main] DEBUG org.hibernate.cfg.AnnotationBinder - Binding entity from annotated class: edu.ncsu.csc.itrust2.models.persistent.User
21:24:05.343 [main] DEBUG org.hibernate.cfg.Ejb3Column - Binding column: Ejb3DiscriminatorColumn{logicalColumnName'DTYPE', discriminatorTypeName='string'}
21:24:05.345 [main] DEBUG o.h.cfg.annotations.EntityBinder - Import with entity name User
21:24:05.346 [main] DEBUG o.h.cfg.annotations.EntityBinder - Bind entity edu.ncsu.csc.itrust2.models.persistent.User on table Users
21:24:05.363 [main] DEBUG org.hibernate.cfg.Ejb3Column - Binding column: Ejb3Column{table=org.hibernate.mapping.Table(Users), mappingColumn=username, insertable=true, updatable=true, unique=false}
21:24:05.364 [main] DEBUG o.h.cfg.annotations.PropertyBinder - MetadataSourceProcessor property username with lazy=false
21:24:05.365 [main] DEBUG o.h.cfg.AbstractPropertyHolder - Attempting to locate auto-apply AttributeConverter for property [edu.ncsu.csc.itrust2.models.persistent.User:username]
21:24:05.365 [main] DEBUG o.h.c.annotations.SimpleValueBinder - building SimpleValue for username
21:24:05.366 [main] DEBUG o.h.cfg.annotations.PropertyBinder - Building property username
21:24:05.368 [main] DEBUG org.hibernate.cfg.Ejb3Column - Binding column: Ejb3Column{table=org.hibernate.mapping.Table(Users), mappingColumn=enabled, insertable=true, updatable=true, unique=false}
21:24:05.368 [main] DEBUG o.h.cfg.annotations.PropertyBinder - MetadataSourceProcessor property enabled with lazy=false
21:24:05.369 [main] DEBUG o.h.cfg.AbstractPropertyHolder - Attempting to locate auto-apply AttributeConverter for property [edu.ncsu.csc.itrust2.models.persistent.User:enabled]
21:24:05.369 [main] DEBUG o.h.c.annotations.SimpleValueBinder - building SimpleValue for enabled
21:24:05.370 [main] DEBUG o.h.cfg.annotations.PropertyBinder - Building property enabled
21:24:05.372 [main] DEBUG org.hibernate.cfg.Ejb3Column - Binding column: Ejb3Column{table=org.hibernate.mapping.Table(Users), mappingColumn=password, insertable=true, updatable=true, unique=false}
21:24:05.373 [main] DEBUG o.h.cfg.annotations.PropertyBinder - MetadataSourceProcessor property password with lazy=false
21:24:05.373 [main] DEBUG o.h.cfg.AbstractPropertyHolder - Attempting to locate auto-apply AttributeConverter for property [edu.ncsu.csc.itrust2.models.persistent.User:password]
21:24:05.374 [main] DEBUG o.h.c.annotations.SimpleValueBinder - building SimpleValue for password
21:24:05.375 [main] DEBUG o.h.cfg.annotations.PropertyBinder - Building property password
21:24:05.376 [main] DEBUG org.hibernate.cfg.Ejb3Column - Binding column: Ejb3Column{table=org.hibernate.mapping.Table(Users), mappingColumn=role, insertable=true, updatable=true, unique=false}
21:24:05.377 [main] DEBUG o.h.cfg.annotations.PropertyBinder - MetadataSourceProcessor property role with lazy=false
21:24:05.379 [main] DEBUG o.h.cfg.AbstractPropertyHolder - Attempting to locate auto-apply AttributeConverter for property [edu.ncsu.csc.itrust2.models.persistent.User:role]
21:24:05.380 [main] DEBUG o.h.c.annotations.SimpleValueBinder - building SimpleValue for role
21:24:05.381 [main] DEBUG o.h.cfg.annotations.PropertyBinder - Building property role
21:24:05.382 [main] DEBUG org.hibernate.cfg.AnnotationBinder - Binding entity from annotated class: edu.ncsu.csc.itrust2.models.persistent.OfficeVisit
21:24:05.383 [main] DEBUG org.hibernate.cfg.Ejb3Column - Binding column: Ejb3DiscriminatorColumn{logicalColumnName'DTYPE', discriminatorTypeName='string'}
21:24:05.384 [main] DEBUG o.h.cfg.annotations.EntityBinder - Import with entity name OfficeVisit
21:24:05.385 [main] DEBUG o.h.cfg.annotations.EntityBinder - Bind entity edu.ncsu.csc.itrust2.models.persistent.OfficeVisit on table OfficeVisits
21:24:05.412 [main] DEBUG org.hibernate.cfg.Ejb3Column - Binding column: Ejb3Column{table=org.hibernate.mapping.Table(OfficeVisits), mappingColumn=id, insertable=true, updatable=true, unique=false}
21:24:05.413 [main] DEBUG o.h.cfg.annotations.PropertyBinder - MetadataSourceProcessor property id with lazy=false
21:24:05.413 [main] DEBUG o.h.cfg.AbstractPropertyHolder - Attempting to locate auto-apply AttributeConverter for property [edu.ncsu.csc.itrust2.models.persistent.OfficeVisit:id]
21:24:05.414 [main] DEBUG o.h.c.annotations.SimpleValueBinder - building SimpleValue for id
21:24:05.419 [main] DEBUG o.h.cfg.annotations.PropertyBinder - Building property id
21:24:05.421 [main] DEBUG org.hibernate.cfg.Ejb3Column - Binding column: Ejb3JoinColumn{logicalColumnName='appointment_id', referencedColumn='', mappedBy=''}
21:24:05.422 [main] DEBUG org.hibernate.cfg.Ejb3Column - Binding column: Ejb3Column{table=org.hibernate.mapping.Table(OfficeVisits), mappingColumn=appointment, insertable=true, updatable=true, unique=false}
21:24:05.423 [main] DEBUG o.h.cfg.annotations.PropertyBinder - Building property appointment
21:24:05.425 [main] DEBUG org.hibernate.cfg.Ejb3Column - Binding column: Ejb3JoinColumn{logicalColumnName='basichealthmetrics_id', referencedColumn='', mappedBy=''}
21:24:05.429 [main] DEBUG org.hibernate.cfg.Ejb3Column - Binding column: Ejb3Column{table=org.hibernate.mapping.Table(OfficeVisits), mappingColumn=basicHealthMetrics, insertable=true, updatable=true, unique=false}
21:24:05.434 [main] DEBUG o.h.cfg.annotations.PropertyBinder - Building property basicHealthMetrics
21:24:05.437 [main] DEBUG org.hibernate.cfg.Ejb3Column - Binding column: Ejb3Column{table=org.hibernate.mapping.Table(OfficeVisits), mappingColumn=date, insertable=true, updatable=true, unique=false}
21:24:05.437 [main] DEBUG o.h.cfg.annotations.PropertyBinder - MetadataSourceProcessor property date with lazy=false
21:24:05.438 [main] DEBUG o.h.cfg.AbstractPropertyHolder - Attempting to locate auto-apply AttributeConverter for property [edu.ncsu.csc.itrust2.models.persistent.OfficeVisit:date]
21:24:05.438 [main] DEBUG o.h.c.annotations.SimpleValueBinder - building SimpleValue for date
21:24:05.439 [main] DEBUG o.h.cfg.annotations.PropertyBinder - Building property date
21:24:05.440 [main] DEBUG org.hibernate.cfg.Ejb3Column - Binding column: Ejb3JoinColumn{logicalColumnName='hcp_id', referencedColumn='', mappedBy=''}
21:24:05.441 [main] DEBUG org.hibernate.cfg.Ejb3Column - Binding column: Ejb3Column{table=org.hibernate.mapping.Table(OfficeVisits), mappingColumn=hcp, insertable=true, updatable=true, unique=false}
21:24:05.442 [main] DEBUG o.h.cfg.annotations.PropertyBinder - Building property hcp
21:24:05.443 [main] DEBUG org.hibernate.cfg.Ejb3Column - Binding column: Ejb3JoinColumn{logicalColumnName='hospital_id', referencedColumn='', mappedBy=''}
21:24:05.445 [main] DEBUG org.hibernate.cfg.Ejb3Column - Binding column: Ejb3Column{table=org.hibernate.mapping.Table(OfficeVisits), mappingColumn=hospital, insertable=true, updatable=true, unique=false}
21:24:05.447 [main] DEBUG o.h.cfg.annotations.PropertyBinder - Building property hospital
21:24:05.447 [main] DEBUG org.hibernate.cfg.Ejb3Column - Binding column: Ejb3Column{table=org.hibernate.mapping.Table(OfficeVisits), mappingColumn=notes, insertable=true, updatable=true, unique=false}
21:24:05.449 [main] DEBUG o.h.cfg.annotations.PropertyBinder - MetadataSourceProcessor property notes with lazy=false
21:24:05.449 [main] DEBUG o.h.cfg.AbstractPropertyHolder - Attempting to locate auto-apply AttributeConverter for property [edu.ncsu.csc.itrust2.models.persistent.OfficeVisit:notes]
21:24:05.450 [main] DEBUG o.h.c.annotations.SimpleValueBinder - building SimpleValue for notes
21:24:05.452 [main] DEBUG o.h.cfg.annotations.PropertyBinder - Building property notes
21:24:05.452 [main] DEBUG org.hibernate.cfg.Ejb3Column - Binding column: Ejb3JoinColumn{logicalColumnName='patient_id', referencedColumn='', mappedBy=''}
21:24:05.453 [main] DEBUG org.hibernate.cfg.Ejb3Column - Binding column: Ejb3Column{table=org.hibernate.mapping.Table(OfficeVisits), mappingColumn=patient, insertable=true, updatable=true, unique=false}
21:24:05.454 [main] DEBUG o.h.cfg.annotations.PropertyBinder - Building property patient
21:24:05.454 [main] DEBUG org.hibernate.cfg.Ejb3Column - Binding column: Ejb3JoinColumn{logicalColumnName='prescriptions_id', referencedColumn='', mappedBy=''}
21:24:05.455 [main] DEBUG org.hibernate.cfg.Ejb3Column - Binding column: Ejb3Column{table=org.hibernate.mapping.Table(OfficeVisits), mappingColumn=prescriptions, insertable=true, updatable=true, unique=false}
21:24:05.462 [main] DEBUG org.hibernate.cfg.Ejb3Column - Binding column: Ejb3Column{table=org.hibernate.mapping.Table(OfficeVisits), mappingColumn=null, insertable=true, updatable=true, unique=false}
21:24:05.532 [main] DEBUG org.hibernate.cfg.Ejb3Column - Binding column: Ejb3Column{table=org.hibernate.mapping.Table(OfficeVisits), mappingColumn=element, insertable=true, updatable=true, unique=false}
21:24:05.536 [main] DEBUG org.hibernate.cfg.Ejb3Column - Binding column: Ejb3Column{table=org.hibernate.mapping.Table(OfficeVisits), mappingColumn=prescriptions_KEY, insertable=true, updatable=true, unique=false}
21:24:05.541 [main] DEBUG org.hibernate.cfg.Ejb3Column - Binding column: Ejb3JoinColumn{logicalColumnName='prescriptions_KEY', referencedColumn='null', mappedBy='null'}
21:24:05.545 [main] DEBUG org.hibernate.cfg.Ejb3Column - Binding column: Ejb3JoinColumn{logicalColumnName='null', referencedColumn='null', mappedBy=''}
21:24:05.546 [main] DEBUG org.hibernate.cfg.Ejb3Column - Binding column: Ejb3JoinColumn{logicalColumnName='null', referencedColumn='null', mappedBy=''}
21:24:05.549 [main] DEBUG o.h.cfg.annotations.CollectionBinder - Collection role: edu.ncsu.csc.itrust2.models.persistent.OfficeVisit.prescriptions
21:24:05.560 [main] DEBUG o.h.cfg.annotations.PropertyBinder - Building property prescriptions
21:24:05.562 [main] DEBUG org.hibernate.cfg.Ejb3Column - Binding column: Ejb3Column{table=org.hibernate.mapping.Table(OfficeVisits), mappingColumn=type, insertable=true, updatable=true, unique=false}
21:24:05.563 [main] DEBUG o.h.cfg.annotations.PropertyBinder - MetadataSourceProcessor property type with lazy=false
21:24:05.564 [main] DEBUG o.h.cfg.AbstractPropertyHolder - Attempting to locate auto-apply AttributeConverter for property [edu.ncsu.csc.itrust2.models.persistent.OfficeVisit:type]
21:24:05.564 [main] DEBUG o.h.c.annotations.SimpleValueBinder - building SimpleValue for type
21:24:05.565 [main] DEBUG o.h.cfg.annotations.PropertyBinder - Building property type
21:24:05.566 [main] DEBUG org.hibernate.cfg.AnnotationBinder - Binding entity from annotated class: edu.ncsu.csc.itrust2.models.persistent.Hospital
21:24:05.566 [main] DEBUG org.hibernate.cfg.Ejb3Column - Binding column: Ejb3DiscriminatorColumn{logicalColumnName'DTYPE', discriminatorTypeName='string'}
21:24:05.567 [main] DEBUG o.h.cfg.annotations.EntityBinder - Import with entity name Hospital
21:24:05.567 [main] DEBUG o.h.cfg.annotations.EntityBinder - Bind entity edu.ncsu.csc.itrust2.models.persistent.Hospital on table Hospitals
21:24:05.583 [main] DEBUG org.hibernate.cfg.Ejb3Column - Binding column: Ejb3Column{table=org.hibernate.mapping.Table(Hospitals), mappingColumn=name, insertable=true, updatable=true, unique=false}
21:24:05.584 [main] DEBUG o.h.cfg.annotations.PropertyBinder - MetadataSourceProcessor property name with lazy=false
21:24:05.584 [main] DEBUG o.h.cfg.AbstractPropertyHolder - Attempting to locate auto-apply AttributeConverter for property [edu.ncsu.csc.itrust2.models.persistent.Hospital:name]
21:24:05.586 [main] DEBUG o.h.c.annotations.SimpleValueBinder - building SimpleValue for name
21:24:05.587 [main] DEBUG o.h.cfg.annotations.PropertyBinder - Building property name
21:24:05.590 [main] DEBUG org.hibernate.cfg.Ejb3Column - Binding column: Ejb3Column{table=org.hibernate.mapping.Table(Hospitals), mappingColumn=address, insertable=true, updatable=true, unique=false}
21:24:05.590 [main] DEBUG o.h.cfg.annotations.PropertyBinder - MetadataSourceProcessor property address with lazy=false
21:24:05.591 [main] DEBUG o.h.cfg.AbstractPropertyHolder - Attempting to locate auto-apply AttributeConverter for property [edu.ncsu.csc.itrust2.models.persistent.Hospital:address]
21:24:05.591 [main] DEBUG o.h.c.annotations.SimpleValueBinder - building SimpleValue for address
21:24:05.593 [main] DEBUG o.h.cfg.annotations.PropertyBinder - Building property address
21:24:05.594 [main] DEBUG org.hibernate.cfg.Ejb3Column - Binding column: Ejb3Column{table=org.hibernate.mapping.Table(Hospitals), mappingColumn=state, insertable=true, updatable=true, unique=false}
21:24:05.595 [main] DEBUG o.h.cfg.annotations.PropertyBinder - MetadataSourceProcessor property state with lazy=false
21:24:05.596 [main] DEBUG o.h.cfg.AbstractPropertyHolder - Attempting to locate auto-apply AttributeConverter for property [edu.ncsu.csc.itrust2.models.persistent.Hospital:state]
21:24:05.597 [main] DEBUG o.h.c.annotations.SimpleValueBinder - building SimpleValue for state
21:24:05.598 [main] DEBUG o.h.cfg.annotations.PropertyBinder - Building property state
21:24:05.600 [main] DEBUG org.hibernate.cfg.Ejb3Column - Binding column: Ejb3Column{table=org.hibernate.mapping.Table(Hospitals), mappingColumn=zip, insertable=true, updatable=true, unique=false}
21:24:05.602 [main] DEBUG o.h.cfg.annotations.PropertyBinder - MetadataSourceProcessor property zip with lazy=false
21:24:05.602 [main] DEBUG o.h.cfg.AbstractPropertyHolder - Attempting to locate auto-apply AttributeConverter for property [edu.ncsu.csc.itrust2.models.persistent.Hospital:zip]
21:24:05.603 [main] DEBUG o.h.c.annotations.SimpleValueBinder - building SimpleValue for zip
21:24:05.604 [main] DEBUG o.h.cfg.annotations.PropertyBinder - Building property zip
21:24:05.605 [main] DEBUG org.hibernate.cfg.AnnotationBinder - Binding entity from annotated class: edu.ncsu.csc.itrust2.models.persistent.Patient
21:24:05.605 [main] DEBUG org.hibernate.cfg.Ejb3Column - Binding column: Ejb3DiscriminatorColumn{logicalColumnName'DTYPE', discriminatorTypeName='string'}
21:24:05.607 [main] DEBUG o.h.cfg.annotations.EntityBinder - Import with entity name Patient
21:24:05.608 [main] DEBUG o.h.cfg.annotations.EntityBinder - Bind entity edu.ncsu.csc.itrust2.models.persistent.Patient on table Patients
21:24:05.624 [main] DEBUG org.hibernate.cfg.Ejb3Column - Binding column: Ejb3JoinColumn{logicalColumnName='self_id', referencedColumn='', mappedBy=''}
21:24:05.624 [main] DEBUG org.hibernate.cfg.Ejb3Column - Binding column: Ejb3Column{table=org.hibernate.mapping.Table(Patients), mappingColumn=self, insertable=true, updatable=true, unique=false}
21:24:05.626 [main] DEBUG o.h.cfg.annotations.PropertyBinder - Building property self
21:24:05.646 [main] DEBUG org.hibernate.cfg.Ejb3Column - Binding column: Ejb3Column{table=org.hibernate.mapping.Table(Patients), mappingColumn=address1, insertable=true, updatable=true, unique=false}
21:24:05.647 [main] DEBUG o.h.cfg.annotations.PropertyBinder - MetadataSourceProcessor property address1 with lazy=false
21:24:05.647 [main] DEBUG o.h.cfg.AbstractPropertyHolder - Attempting to locate auto-apply AttributeConverter for property [edu.ncsu.csc.itrust2.models.persistent.Patient:address1]
21:24:05.648 [main] DEBUG o.h.c.annotations.SimpleValueBinder - building SimpleValue for address1
21:24:05.648 [main] DEBUG o.h.cfg.annotations.PropertyBinder - Building property address1
21:24:05.650 [main] DEBUG org.hibernate.cfg.Ejb3Column - Binding column: Ejb3Column{table=org.hibernate.mapping.Table(Patients), mappingColumn=address2, insertable=true, updatable=true, unique=false}
21:24:05.650 [main] DEBUG o.h.cfg.annotations.PropertyBinder - MetadataSourceProcessor property address2 with lazy=false
21:24:05.650 [main] DEBUG o.h.cfg.AbstractPropertyHolder - Attempting to locate auto-apply AttributeConverter for property [edu.ncsu.csc.itrust2.models.persistent.Patient:address2]
21:24:05.651 [main] DEBUG o.h.c.annotations.SimpleValueBinder - building SimpleValue for address2
21:24:05.651 [main] DEBUG o.h.cfg.annotations.PropertyBinder - Building property address2
21:24:05.652 [main] DEBUG org.hibernate.cfg.Ejb3Column - Binding column: Ejb3Column{table=org.hibernate.mapping.Table(Patients), mappingColumn=bloodType, insertable=true, updatable=true, unique=false}
21:24:05.652 [main] DEBUG o.h.cfg.annotations.PropertyBinder - MetadataSourceProcessor property bloodType with lazy=false
21:24:05.653 [main] DEBUG o.h.cfg.AbstractPropertyHolder - Attempting to locate auto-apply AttributeConverter for property [edu.ncsu.csc.itrust2.models.persistent.Patient:bloodType]
21:24:05.653 [main] DEBUG o.h.c.annotations.SimpleValueBinder - building SimpleValue for bloodType
21:24:05.654 [main] DEBUG o.h.cfg.annotations.PropertyBinder - Building property bloodType
21:24:05.654 [main] DEBUG org.hibernate.cfg.Ejb3Column - Binding column: Ejb3Column{table=org.hibernate.mapping.Table(Patients), mappingColumn=causeOfDeath, insertable=true, updatable=true, unique=false}
21:24:05.655 [main] DEBUG o.h.cfg.annotations.PropertyBinder - MetadataSourceProcessor property causeOfDeath with lazy=false
21:24:05.655 [main] DEBUG o.h.cfg.AbstractPropertyHolder - Attempting to locate auto-apply AttributeConverter for property [edu.ncsu.csc.itrust2.models.persistent.Patient:causeOfDeath]
21:24:05.655 [main] DEBUG o.h.c.annotations.SimpleValueBinder - building SimpleValue for causeOfDeath
21:24:05.657 [main] DEBUG o.h.cfg.annotations.PropertyBinder - Building property causeOfDeath
21:24:05.657 [main] DEBUG org.hibernate.cfg.Ejb3Column - Binding column: Ejb3Column{table=org.hibernate.mapping.Table(Patients), mappingColumn=city, insertable=true, updatable=true, unique=false}
21:24:05.658 [main] DEBUG o.h.cfg.annotations.PropertyBinder - MetadataSourceProcessor property city with lazy=false
21:24:05.658 [main] DEBUG o.h.cfg.AbstractPropertyHolder - Attempting to locate auto-apply AttributeConverter for property [edu.ncsu.csc.itrust2.models.persistent.Patient:city]
21:24:05.658 [main] DEBUG o.h.c.annotations.SimpleValueBinder - building SimpleValue for city
21:24:05.659 [main] DEBUG o.h.cfg.annotations.PropertyBinder - Building property city
21:24:05.660 [main] DEBUG org.hibernate.cfg.Ejb3Column - Binding column: Ejb3Column{table=org.hibernate.mapping.Table(Patients), mappingColumn=dateOfBirth, insertable=true, updatable=true, unique=false}
21:24:05.660 [main] DEBUG o.h.cfg.annotations.PropertyBinder - MetadataSourceProcessor property dateOfBirth with lazy=false
21:24:05.660 [main] DEBUG o.h.cfg.AbstractPropertyHolder - Attempting to locate auto-apply AttributeConverter for property [edu.ncsu.csc.itrust2.models.persistent.Patient:dateOfBirth]
21:24:05.661 [main] DEBUG o.h.c.annotations.SimpleValueBinder - building SimpleValue for dateOfBirth
21:24:05.661 [main] DEBUG o.h.cfg.annotations.PropertyBinder - Building property dateOfBirth
21:24:05.663 [main] DEBUG org.hibernate.cfg.Ejb3Column - Binding column: Ejb3Column{table=org.hibernate.mapping.Table(Patients), mappingColumn=dateOfDeath, insertable=true, updatable=true, unique=false}
21:24:05.664 [main] DEBUG o.h.cfg.annotations.PropertyBinder - MetadataSourceProcessor property dateOfDeath with lazy=false
21:24:05.664 [main] DEBUG o.h.cfg.AbstractPropertyHolder - Attempting to locate auto-apply AttributeConverter for property [edu.ncsu.csc.itrust2.models.persistent.Patient:dateOfDeath]
21:24:05.664 [main] DEBUG o.h.c.annotations.SimpleValueBinder - building SimpleValue for dateOfDeath
21:24:05.666 [main] DEBUG o.h.cfg.annotations.PropertyBinder - Building property dateOfDeath
21:24:05.666 [main] DEBUG org.hibernate.cfg.Ejb3Column - Binding column: Ejb3Column{table=org.hibernate.mapping.Table(Patients), mappingColumn=email, insertable=true, updatable=true, unique=false}
21:24:05.667 [main] DEBUG o.h.cfg.annotations.PropertyBinder - MetadataSourceProcessor property email with lazy=false
21:24:05.667 [main] DEBUG o.h.cfg.AbstractPropertyHolder - Attempting to locate auto-apply AttributeConverter for property [edu.ncsu.csc.itrust2.models.persistent.Patient:email]
21:24:05.667 [main] DEBUG o.h.c.annotations.SimpleValueBinder - building SimpleValue for email
21:24:05.668 [main] DEBUG o.h.cfg.annotations.PropertyBinder - Building property email
21:24:05.668 [main] DEBUG org.hibernate.cfg.Ejb3Column - Binding column: Ejb3Column{table=org.hibernate.mapping.Table(Patients), mappingColumn=ethnicity, insertable=true, updatable=true, unique=false}
21:24:05.669 [main] DEBUG o.h.cfg.annotations.PropertyBinder - MetadataSourceProcessor property ethnicity with lazy=false
21:24:05.669 [main] DEBUG o.h.cfg.AbstractPropertyHolder - Attempting to locate auto-apply AttributeConverter for property [edu.ncsu.csc.itrust2.models.persistent.Patient:ethnicity]
21:24:05.669 [main] DEBUG o.h.c.annotations.SimpleValueBinder - building SimpleValue for ethnicity
21:24:05.670 [main] DEBUG o.h.cfg.annotations.PropertyBinder - Building property ethnicity
21:24:05.671 [main] DEBUG org.hibernate.cfg.Ejb3Column - Binding column: Ejb3JoinColumn{logicalColumnName='father_id', referencedColumn='', mappedBy=''}
21:24:05.671 [main] DEBUG org.hibernate.cfg.Ejb3Column - Binding column: Ejb3Column{table=org.hibernate.mapping.Table(Patients), mappingColumn=father, insertable=true, updatable=true, unique=false}
21:24:05.672 [main] DEBUG o.h.cfg.annotations.PropertyBinder - Building property father
21:24:05.674 [main] DEBUG org.hibernate.cfg.Ejb3Column - Binding column: Ejb3Column{table=org.hibernate.mapping.Table(Patients), mappingColumn=firstName, insertable=true, updatable=true, unique=false}
21:24:05.674 [main] DEBUG o.h.cfg.annotations.PropertyBinder - MetadataSourceProcessor property firstName with lazy=false
21:24:05.674 [main] DEBUG o.h.cfg.AbstractPropertyHolder - Attempting to locate auto-apply AttributeConverter for property [edu.ncsu.csc.itrust2.models.persistent.Patient:firstName]
21:24:05.675 [main] DEBUG o.h.c.annotations.SimpleValueBinder - building SimpleValue for firstName
21:24:05.675 [main] DEBUG o.h.cfg.annotations.PropertyBinder - Building property firstName
21:24:05.676 [main] DEBUG org.hibernate.cfg.Ejb3Column - Binding column: Ejb3Column{table=org.hibernate.mapping.Table(Patients), mappingColumn=gender, insertable=true, updatable=true, unique=false}
21:24:05.676 [main] DEBUG o.h.cfg.annotations.PropertyBinder - MetadataSourceProcessor property gender with lazy=false
21:24:05.677 [main] DEBUG o.h.cfg.AbstractPropertyHolder - Attempting to locate auto-apply AttributeConverter for property [edu.ncsu.csc.itrust2.models.persistent.Patient:gender]
21:24:05.677 [main] DEBUG o.h.c.annotations.SimpleValueBinder - building SimpleValue for gender
21:24:05.678 [main] DEBUG o.h.cfg.annotations.PropertyBinder - Building property gender
21:24:05.678 [main] DEBUG org.hibernate.cfg.Ejb3Column - Binding column: Ejb3Column{table=org.hibernate.mapping.Table(Patients), mappingColumn=id, insertable=true, updatable=true, unique=false}
21:24:05.679 [main] DEBUG o.h.cfg.annotations.PropertyBinder - MetadataSourceProcessor property id with lazy=false
21:24:05.679 [main] DEBUG o.h.cfg.AbstractPropertyHolder - Attempting to locate auto-apply AttributeConverter for property [edu.ncsu.csc.itrust2.models.persistent.Patient:id]
21:24:05.680 [main] DEBUG o.h.c.annotations.SimpleValueBinder - building SimpleValue for id
21:24:05.681 [main] DEBUG o.h.cfg.annotations.PropertyBinder - Building property id
21:24:05.681 [main] DEBUG org.hibernate.cfg.Ejb3Column - Binding column: Ejb3Column{table=org.hibernate.mapping.Table(Patients), mappingColumn=lastName, insertable=true, updatable=true, unique=false}
21:24:05.682 [main] DEBUG o.h.cfg.annotations.PropertyBinder - MetadataSourceProcessor property lastName with lazy=false
21:24:05.682 [main] DEBUG o.h.cfg.AbstractPropertyHolder - Attempting to locate auto-apply AttributeConverter for property [edu.ncsu.csc.itrust2.models.persistent.Patient:lastName]
21:24:05.682 [main] DEBUG o.h.c.annotations.SimpleValueBinder - building SimpleValue for lastName
21:24:05.683 [main] DEBUG o.h.cfg.annotations.PropertyBinder - Building property lastName
21:24:05.683 [main] DEBUG org.hibernate.cfg.Ejb3Column - Binding column: Ejb3JoinColumn{logicalColumnName='mother_id', referencedColumn='', mappedBy=''}
21:24:05.684 [main] DEBUG org.hibernate.cfg.Ejb3Column - Binding column: Ejb3Column{table=org.hibernate.mapping.Table(Patients), mappingColumn=mother, insertable=true, updatable=true, unique=false}
21:24:05.684 [main] DEBUG o.h.cfg.annotations.PropertyBinder - Building property mother
21:24:05.686 [main] DEBUG org.hibernate.cfg.Ejb3Column - Binding column: Ejb3Column{table=org.hibernate.mapping.Table(Patients), mappingColumn=phone, insertable=true, updatable=true, unique=false}
21:24:05.687 [main] DEBUG o.h.cfg.annotations.PropertyBinder - MetadataSourceProcessor property phone with lazy=false
21:24:05.687 [main] DEBUG o.h.cfg.AbstractPropertyHolder - Attempting to locate auto-apply AttributeConverter for property [edu.ncsu.csc.itrust2.models.persistent.Patient:phone]
21:24:05.687 [main] DEBUG o.h.c.annotations.SimpleValueBinder - building SimpleValue for phone
21:24:05.688 [main] DEBUG o.h.cfg.annotations.PropertyBinder - Building property phone
21:24:05.688 [main] DEBUG org.hibernate.cfg.Ejb3Column - Binding column: Ejb3Column{table=org.hibernate.mapping.Table(Patients), mappingColumn=preferredName, insertable=true, updatable=true, unique=false}
21:24:05.689 [main] DEBUG o.h.cfg.annotations.PropertyBinder - MetadataSourceProcessor property preferredName with lazy=false
21:24:05.690 [main] DEBUG o.h.cfg.AbstractPropertyHolder - Attempting to locate auto-apply AttributeConverter for property [edu.ncsu.csc.itrust2.models.persistent.Patient:preferredName]
21:24:05.690 [main] DEBUG o.h.c.annotations.SimpleValueBinder - building SimpleValue for preferredName
21:24:05.690 [main] DEBUG o.h.cfg.annotations.PropertyBinder - Building property preferredName
21:24:05.691 [main] DEBUG org.hibernate.cfg.Ejb3Column - Binding column: Ejb3Column{table=org.hibernate.mapping.Table(Patients), mappingColumn=state, insertable=true, updatable=true, unique=false}
21:24:05.691 [main] DEBUG o.h.cfg.annotations.PropertyBinder - MetadataSourceProcessor property state with lazy=false
21:24:05.692 [main] DEBUG o.h.cfg.AbstractPropertyHolder - Attempting to locate auto-apply AttributeConverter for property [edu.ncsu.csc.itrust2.models.persistent.Patient:state]
21:24:05.692 [main] DEBUG o.h.c.annotations.SimpleValueBinder - building SimpleValue for state
21:24:05.692 [main] DEBUG o.h.cfg.annotations.PropertyBinder - Building property state
21:24:05.693 [main] DEBUG org.hibernate.cfg.Ejb3Column - Binding column: Ejb3Column{table=org.hibernate.mapping.Table(Patients), mappingColumn=zip, insertable=true, updatable=true, unique=false}
21:24:05.693 [main] DEBUG o.h.cfg.annotations.PropertyBinder - MetadataSourceProcessor property zip with lazy=false
21:24:05.694 [main] DEBUG o.h.cfg.AbstractPropertyHolder - Attempting to locate auto-apply AttributeConverter for property [edu.ncsu.csc.itrust2.models.persistent.Patient:zip]
21:24:05.694 [main] DEBUG o.h.c.annotations.SimpleValueBinder - building SimpleValue for zip
21:24:05.695 [main] DEBUG o.h.cfg.annotations.PropertyBinder - Building property zip
21:24:05.696 [main] DEBUG org.hibernate.cfg.AnnotationBinder - Binding entity from annotated class: edu.ncsu.csc.itrust2.models.persistent.Personnel
21:24:05.698 [main] DEBUG org.hibernate.cfg.Ejb3Column - Binding column: Ejb3DiscriminatorColumn{logicalColumnName'DTYPE', discriminatorTypeName='string'}
21:24:05.698 [main] DEBUG o.h.cfg.annotations.EntityBinder - Import with entity name Personnel
21:24:05.698 [main] DEBUG o.h.cfg.annotations.EntityBinder - Bind entity edu.ncsu.csc.itrust2.models.persistent.Personnel on table Personnel
21:24:05.712 [main] DEBUG org.hibernate.cfg.Ejb3Column - Binding column: Ejb3Column{table=org.hibernate.mapping.Table(Personnel), mappingColumn=id, insertable=true, updatable=true, unique=false}
21:24:05.713 [main] DEBUG o.h.cfg.annotations.PropertyBinder - MetadataSourceProcessor property id with lazy=false
21:24:05.713 [main] DEBUG o.h.cfg.AbstractPropertyHolder - Attempting to locate auto-apply AttributeConverter for property [edu.ncsu.csc.itrust2.models.persistent.Personnel:id]
21:24:05.714 [main] DEBUG o.h.c.annotations.SimpleValueBinder - building SimpleValue for id
21:24:05.714 [main] DEBUG o.h.cfg.annotations.PropertyBinder - Building property id
21:24:05.716 [main] DEBUG org.hibernate.cfg.Ejb3Column - Binding column: Ejb3Column{table=org.hibernate.mapping.Table(Personnel), mappingColumn=address1, insertable=true, updatable=true, unique=false}
21:24:05.716 [main] DEBUG o.h.cfg.annotations.PropertyBinder - MetadataSourceProcessor property address1 with lazy=false
21:24:05.717 [main] DEBUG o.h.cfg.AbstractPropertyHolder - Attempting to locate auto-apply AttributeConverter for property [edu.ncsu.csc.itrust2.models.persistent.Personnel:address1]
21:24:05.717 [main] DEBUG o.h.c.annotations.SimpleValueBinder - building SimpleValue for address1
21:24:05.717 [main] DEBUG o.h.cfg.annotations.PropertyBinder - Building property address1
21:24:05.719 [main] DEBUG org.hibernate.cfg.Ejb3Column - Binding column: Ejb3Column{table=org.hibernate.mapping.Table(Personnel), mappingColumn=address2, insertable=true, updatable=true, unique=false}
21:24:05.719 [main] DEBUG o.h.cfg.annotations.PropertyBinder - MetadataSourceProcessor property address2 with lazy=false
21:24:05.719 [main] DEBUG o.h.cfg.AbstractPropertyHolder - Attempting to locate auto-apply AttributeConverter for property [edu.ncsu.csc.itrust2.models.persistent.Personnel:address2]
21:24:05.720 [main] DEBUG o.h.c.annotations.SimpleValueBinder - building SimpleValue for address2
21:24:05.720 [main] DEBUG o.h.cfg.annotations.PropertyBinder - Building property address2
21:24:05.721 [main] DEBUG org.hibernate.cfg.Ejb3Column - Binding column: Ejb3Column{table=org.hibernate.mapping.Table(Personnel), mappingColumn=city, insertable=true, updatable=true, unique=false}
21:24:05.721 [main] DEBUG o.h.cfg.annotations.PropertyBinder - MetadataSourceProcessor property city with lazy=false
21:24:05.722 [main] DEBUG o.h.cfg.AbstractPropertyHolder - Attempting to locate auto-apply AttributeConverter for property [edu.ncsu.csc.itrust2.models.persistent.Personnel:city]
21:24:05.722 [main] DEBUG o.h.c.annotations.SimpleValueBinder - building SimpleValue for city
21:24:05.723 [main] DEBUG o.h.cfg.annotations.PropertyBinder - Building property city
21:24:05.723 [main] DEBUG org.hibernate.cfg.Ejb3Column - Binding column: Ejb3Column{table=org.hibernate.mapping.Table(Personnel), mappingColumn=email, insertable=true, updatable=true, unique=false}
21:24:05.723 [main] DEBUG o.h.cfg.annotations.PropertyBinder - MetadataSourceProcessor property email with lazy=false
21:24:05.724 [main] DEBUG o.h.cfg.AbstractPropertyHolder - Attempting to locate auto-apply AttributeConverter for property [edu.ncsu.csc.itrust2.models.persistent.Personnel:email]
21:24:05.724 [main] DEBUG o.h.c.annotations.SimpleValueBinder - building SimpleValue for email
21:24:05.725 [main] DEBUG o.h.cfg.annotations.PropertyBinder - Building property email
21:24:05.725 [main] DEBUG org.hibernate.cfg.Ejb3Column - Binding column: Ejb3Column{table=org.hibernate.mapping.Table(Personnel), mappingColumn=enabled, insertable=true, updatable=true, unique=false}
21:24:05.726 [main] DEBUG o.h.cfg.annotations.PropertyBinder - MetadataSourceProcessor property enabled with lazy=false
21:24:05.727 [main] DEBUG o.h.cfg.AbstractPropertyHolder - Attempting to locate auto-apply AttributeConverter for property [edu.ncsu.csc.itrust2.models.persistent.Personnel:enabled]
21:24:05.727 [main] DEBUG o.h.c.annotations.SimpleValueBinder - building SimpleValue for enabled
21:24:05.727 [main] DEBUG o.h.cfg.annotations.PropertyBinder - Building property enabled
21:24:05.729 [main] DEBUG org.hibernate.cfg.Ejb3Column - Binding column: Ejb3Column{table=org.hibernate.mapping.Table(Personnel), mappingColumn=firstName, insertable=true, updatable=true, unique=false}
21:24:05.729 [main] DEBUG o.h.cfg.annotations.PropertyBinder - MetadataSourceProcessor property firstName with lazy=false
21:24:05.729 [main] DEBUG o.h.cfg.AbstractPropertyHolder - Attempting to locate auto-apply AttributeConverter for property [edu.ncsu.csc.itrust2.models.persistent.Personnel:firstName]
21:24:05.730 [main] DEBUG o.h.c.annotations.SimpleValueBinder - building SimpleValue for firstName
21:24:05.731 [main] DEBUG o.h.cfg.annotations.PropertyBinder - Building property firstName
21:24:05.731 [main] DEBUG org.hibernate.cfg.Ejb3Column - Binding column: Ejb3Column{table=org.hibernate.mapping.Table(Personnel), mappingColumn=lastName, insertable=true, updatable=true, unique=false}
21:24:05.732 [main] DEBUG o.h.cfg.annotations.PropertyBinder - MetadataSourceProcessor property lastName with lazy=false
21:24:05.732 [main] DEBUG o.h.cfg.AbstractPropertyHolder - Attempting to locate auto-apply AttributeConverter for property [edu.ncsu.csc.itrust2.models.persistent.Personnel:lastName]
21:24:05.733 [main] DEBUG o.h.c.annotations.SimpleValueBinder - building SimpleValue for lastName
21:24:05.733 [main] DEBUG o.h.cfg.annotations.PropertyBinder - Building property lastName
21:24:05.734 [main] DEBUG org.hibernate.cfg.Ejb3Column - Binding column: Ejb3Column{table=org.hibernate.mapping.Table(Personnel), mappingColumn=phone, insertable=true, updatable=true, unique=false}
21:24:05.735 [main] DEBUG o.h.cfg.annotations.PropertyBinder - MetadataSourceProcessor property phone with lazy=false
21:24:05.735 [main] DEBUG o.h.cfg.AbstractPropertyHolder - Attempting to locate auto-apply AttributeConverter for property [edu.ncsu.csc.itrust2.models.persistent.Personnel:phone]
21:24:05.735 [main] DEBUG o.h.c.annotations.SimpleValueBinder - building SimpleValue for phone
21:24:05.736 [main] DEBUG o.h.cfg.annotations.PropertyBinder - Building property phone
21:24:05.736 [main] DEBUG org.hibernate.cfg.Ejb3Column - Binding column: Ejb3JoinColumn{logicalColumnName='self_id', referencedColumn='', mappedBy=''}
21:24:05.737 [main] DEBUG org.hibernate.cfg.Ejb3Column - Binding column: Ejb3Column{table=org.hibernate.mapping.Table(Personnel), mappingColumn=self, insertable=true, updatable=true, unique=false}
21:24:05.738 [main] DEBUG o.h.cfg.annotations.PropertyBinder - Building property self
21:24:05.739 [main] DEBUG org.hibernate.cfg.Ejb3Column - Binding column: Ejb3Column{table=org.hibernate.mapping.Table(Personnel), mappingColumn=specialty, insertable=true, updatable=true, unique=false}
21:24:05.739 [main] DEBUG o.h.cfg.annotations.PropertyBinder - MetadataSourceProcessor property specialty with lazy=false
21:24:05.739 [main] DEBUG o.h.cfg.AbstractPropertyHolder - Attempting to locate auto-apply AttributeConverter for property [edu.ncsu.csc.itrust2.models.persistent.Personnel:specialty]
21:24:05.740 [main] DEBUG o.h.c.annotations.SimpleValueBinder - building SimpleValue for specialty
21:24:05.740 [main] DEBUG o.h.cfg.annotations.PropertyBinder - Building property specialty
21:24:05.741 [main] DEBUG org.hibernate.cfg.Ejb3Column - Binding column: Ejb3Column{table=org.hibernate.mapping.Table(Personnel), mappingColumn=state, insertable=true, updatable=true, unique=false}
21:24:05.741 [main] DEBUG o.h.cfg.annotations.PropertyBinder - MetadataSourceProcessor property state with lazy=false
21:24:05.742 [main] DEBUG o.h.cfg.AbstractPropertyHolder - Attempting to locate auto-apply AttributeConverter for property [edu.ncsu.csc.itrust2.models.persistent.Personnel:state]
21:24:05.742 [main] DEBUG o.h.c.annotations.SimpleValueBinder - building SimpleValue for state
21:24:05.742 [main] DEBUG o.h.cfg.annotations.PropertyBinder - Building property state
21:24:05.743 [main] DEBUG org.hibernate.cfg.Ejb3Column - Binding column: Ejb3Column{table=org.hibernate.mapping.Table(Personnel), mappingColumn=zip, insertable=true, updatable=true, unique=false}
21:24:05.744 [main] DEBUG o.h.cfg.annotations.PropertyBinder - MetadataSourceProcessor property zip with lazy=false
21:24:05.744 [main] DEBUG o.h.cfg.AbstractPropertyHolder - Attempting to locate auto-apply AttributeConverter for property [edu.ncsu.csc.itrust2.models.persistent.Personnel:zip]
21:24:05.745 [main] DEBUG o.h.c.annotations.SimpleValueBinder - building SimpleValue for zip
21:24:05.745 [main] DEBUG o.h.cfg.annotations.PropertyBinder - Building property zip
21:24:05.745 [main] DEBUG org.hibernate.cfg.AnnotationBinder - Binding entity from annotated class: edu.ncsu.csc.itrust2.models.persistent.BasicHealthMetrics
21:24:05.746 [main] DEBUG org.hibernate.cfg.Ejb3Column - Binding column: Ejb3DiscriminatorColumn{logicalColumnName'DTYPE', discriminatorTypeName='string'}
21:24:05.747 [main] DEBUG o.h.cfg.annotations.EntityBinder - Import with entity name BasicHealthMetrics
21:24:05.747 [main] DEBUG o.h.cfg.annotations.EntityBinder - Bind entity edu.ncsu.csc.itrust2.models.persistent.BasicHealthMetrics on table BasicHealthMetrics
21:24:05.752 [main] DEBUG org.hibernate.cfg.Ejb3Column - Binding column: Ejb3Column{table=org.hibernate.mapping.Table(BasicHealthMetrics), mappingColumn=id, insertable=true, updatable=true, unique=false}
21:24:05.754 [main] DEBUG o.h.cfg.annotations.PropertyBinder - MetadataSourceProcessor property id with lazy=false
21:24:05.755 [main] DEBUG o.h.cfg.AbstractPropertyHolder - Attempting to locate auto-apply AttributeConverter for property [edu.ncsu.csc.itrust2.models.persistent.BasicHealthMetrics:id]
21:24:05.756 [main] DEBUG o.h.c.annotations.SimpleValueBinder - building SimpleValue for id
21:24:05.757 [main] DEBUG o.h.cfg.annotations.PropertyBinder - Building property id
21:24:05.758 [main] DEBUG org.hibernate.cfg.Ejb3Column - Binding column: Ejb3Column{table=org.hibernate.mapping.Table(BasicHealthMetrics), mappingColumn=diastolic, insertable=true, updatable=true, unique=false}
21:24:05.759 [main] DEBUG o.h.cfg.annotations.PropertyBinder - MetadataSourceProcessor property diastolic with lazy=false
21:24:05.759 [main] DEBUG o.h.cfg.AbstractPropertyHolder - Attempting to locate auto-apply AttributeConverter for property [edu.ncsu.csc.itrust2.models.persistent.BasicHealthMetrics:diastolic]
21:24:05.760 [main] DEBUG o.h.c.annotations.SimpleValueBinder - building SimpleValue for diastolic
21:24:05.761 [main] DEBUG o.h.cfg.annotations.PropertyBinder - Building property diastolic
21:24:05.762 [main] DEBUG org.hibernate.cfg.Ejb3Column - Binding column: Ejb3JoinColumn{logicalColumnName='hcp_id', referencedColumn='', mappedBy=''}
21:24:05.763 [main] DEBUG org.hibernate.cfg.Ejb3Column - Binding column: Ejb3Column{table=org.hibernate.mapping.Table(BasicHealthMetrics), mappingColumn=hcp, insertable=true, updatable=true, unique=false}
21:24:05.765 [main] DEBUG o.h.cfg.annotations.PropertyBinder - Building property hcp
21:24:05.766 [main] DEBUG org.hibernate.cfg.Ejb3Column - Binding column: Ejb3Column{table=org.hibernate.mapping.Table(BasicHealthMetrics), mappingColumn=hdl, insertable=true, updatable=true, unique=false}
21:24:05.766 [main] DEBUG o.h.cfg.annotations.PropertyBinder - MetadataSourceProcessor property hdl with lazy=false
21:24:05.767 [main] DEBUG o.h.cfg.AbstractPropertyHolder - Attempting to locate auto-apply AttributeConverter for property [edu.ncsu.csc.itrust2.models.persistent.BasicHealthMetrics:hdl]
21:24:05.767 [main] DEBUG o.h.c.annotations.SimpleValueBinder - building SimpleValue for hdl
21:24:05.768 [main] DEBUG o.h.cfg.annotations.PropertyBinder - Building property hdl
21:24:05.769 [main] DEBUG org.hibernate.cfg.Ejb3Column - Binding column: Ejb3Column{table=org.hibernate.mapping.Table(BasicHealthMetrics), mappingColumn=headCircumference, insertable=true, updatable=true, unique=false}
21:24:05.770 [main] DEBUG o.h.cfg.annotations.PropertyBinder - MetadataSourceProcessor property headCircumference with lazy=false
21:24:05.770 [main] DEBUG o.h.cfg.AbstractPropertyHolder - Attempting to locate auto-apply AttributeConverter for property [edu.ncsu.csc.itrust2.models.persistent.BasicHealthMetrics:headCircumference]
21:24:05.771 [main] DEBUG o.h.c.annotations.SimpleValueBinder - building SimpleValue for headCircumference
21:24:05.772 [main] DEBUG o.h.cfg.annotations.PropertyBinder - Building property headCircumference
21:24:05.772 [main] DEBUG org.hibernate.cfg.Ejb3Column - Binding column: Ejb3Column{table=org.hibernate.mapping.Table(BasicHealthMetrics), mappingColumn=height, insertable=true, updatable=true, unique=false}
21:24:05.773 [main] DEBUG o.h.cfg.annotations.PropertyBinder - MetadataSourceProcessor property height with lazy=false
21:24:05.773 [main] DEBUG o.h.cfg.AbstractPropertyHolder - Attempting to locate auto-apply AttributeConverter for property [edu.ncsu.csc.itrust2.models.persistent.BasicHealthMetrics:height]
21:24:05.773 [main] DEBUG o.h.c.annotations.SimpleValueBinder - building SimpleValue for height
21:24:05.775 [main] DEBUG o.h.cfg.annotations.PropertyBinder - Building property height
21:24:05.777 [main] DEBUG org.hibernate.cfg.Ejb3Column - Binding column: Ejb3Column{table=org.hibernate.mapping.Table(BasicHealthMetrics), mappingColumn=houseSmokingStatus, insertable=true, updatable=true, unique=false}
21:24:05.777 [main] DEBUG o.h.cfg.annotations.PropertyBinder - MetadataSourceProcessor property houseSmokingStatus with lazy=false
21:24:05.778 [main] DEBUG o.h.cfg.AbstractPropertyHolder - Attempting to locate auto-apply AttributeConverter for property [edu.ncsu.csc.itrust2.models.persistent.BasicHealthMetrics:houseSmokingStatus]
21:24:05.778 [main] DEBUG o.h.c.annotations.SimpleValueBinder - building SimpleValue for houseSmokingStatus
21:24:05.779 [main] DEBUG o.h.cfg.annotations.PropertyBinder - Building property houseSmokingStatus
21:24:05.780 [main] DEBUG org.hibernate.cfg.Ejb3Column - Binding column: Ejb3Column{table=org.hibernate.mapping.Table(BasicHealthMetrics), mappingColumn=ldl, insertable=true, updatable=true, unique=false}
21:24:05.780 [main] DEBUG o.h.cfg.annotations.PropertyBinder - MetadataSourceProcessor property ldl with lazy=false
21:24:05.781 [main] DEBUG o.h.cfg.AbstractPropertyHolder - Attempting to locate auto-apply AttributeConverter for property [edu.ncsu.csc.itrust2.models.persistent.BasicHealthMetrics:ldl]
21:24:05.781 [main] DEBUG o.h.c.annotations.SimpleValueBinder - building SimpleValue for ldl
21:24:05.782 [main] DEBUG o.h.cfg.annotations.PropertyBinder - Building property ldl
21:24:05.782 [main] DEBUG org.hibernate.cfg.Ejb3Column - Binding column: Ejb3JoinColumn{logicalColumnName='patient_id', referencedColumn='', mappedBy=''}
21:24:05.783 [main] DEBUG org.hibernate.cfg.Ejb3Column - Binding column: Ejb3Column{table=org.hibernate.mapping.Table(BasicHealthMetrics), mappingColumn=patient, insertable=true, updatable=true, unique=false}
21:24:05.784 [main] DEBUG o.h.cfg.annotations.PropertyBinder - Building property patient
21:24:05.784 [main] DEBUG org.hibernate.cfg.Ejb3Column - Binding column: Ejb3Column{table=org.hibernate.mapping.Table(BasicHealthMetrics), mappingColumn=patientSmokingStatus, insertable=true, updatable=true, unique=false}
21:24:05.785 [main] DEBUG o.h.cfg.annotations.PropertyBinder - MetadataSourceProcessor property patientSmokingStatus with lazy=false
21:24:05.785 [main] DEBUG o.h.cfg.AbstractPropertyHolder - Attempting to locate auto-apply AttributeConverter for property [edu.ncsu.csc.itrust2.models.persistent.BasicHealthMetrics:patientSmokingStatus]
21:24:05.786 [main] DEBUG o.h.c.annotations.SimpleValueBinder - building SimpleValue for patientSmokingStatus
21:24:05.787 [main] DEBUG o.h.cfg.annotations.PropertyBinder - Building property patientSmokingStatus
21:24:05.788 [main] DEBUG org.hibernate.cfg.Ejb3Column - Binding column: Ejb3Column{table=org.hibernate.mapping.Table(BasicHealthMetrics), mappingColumn=systolic, insertable=true, updatable=true, unique=false}
21:24:05.788 [main] DEBUG o.h.cfg.annotations.PropertyBinder - MetadataSourceProcessor property systolic with lazy=false
21:24:05.789 [main] DEBUG o.h.cfg.AbstractPropertyHolder - Attempting to locate auto-apply AttributeConverter for property [edu.ncsu.csc.itrust2.models.persistent.BasicHealthMetrics:systolic]
21:24:05.789 [main] DEBUG o.h.c.annotations.SimpleValueBinder - building SimpleValue for systolic
21:24:05.790 [main] DEBUG o.h.cfg.annotations.PropertyBinder - Building property systolic
21:24:05.790 [main] DEBUG org.hibernate.cfg.Ejb3Column - Binding column: Ejb3Column{table=org.hibernate.mapping.Table(BasicHealthMetrics), mappingColumn=tri, insertable=true, updatable=true, unique=false}
21:24:05.791 [main] DEBUG o.h.cfg.annotations.PropertyBinder - MetadataSourceProcessor property tri with lazy=false
21:24:05.791 [main] DEBUG o.h.cfg.AbstractPropertyHolder - Attempting to locate auto-apply AttributeConverter for property [edu.ncsu.csc.itrust2.models.persistent.BasicHealthMetrics:tri]
21:24:05.792 [main] DEBUG o.h.c.annotations.SimpleValueBinder - building SimpleValue for tri
21:24:05.792 [main] DEBUG o.h.cfg.annotations.PropertyBinder - Building property tri
21:24:05.793 [main] DEBUG org.hibernate.cfg.Ejb3Column - Binding column: Ejb3Column{table=org.hibernate.mapping.Table(BasicHealthMetrics), mappingColumn=weight, insertable=true, updatable=true, unique=false}
21:24:05.794 [main] DEBUG o.h.cfg.annotations.PropertyBinder - MetadataSourceProcessor property weight with lazy=false
21:24:05.794 [main] DEBUG o.h.cfg.AbstractPropertyHolder - Attempting to locate auto-apply AttributeConverter for property [edu.ncsu.csc.itrust2.models.persistent.BasicHealthMetrics:weight]
21:24:05.794 [main] DEBUG o.h.c.annotations.SimpleValueBinder - building SimpleValue for weight
21:24:05.795 [main] DEBUG o.h.cfg.annotations.PropertyBinder - Building property weight
21:24:05.795 [main] DEBUG org.hibernate.cfg.AnnotationBinder - Binding entity from annotated class: edu.ncsu.csc.itrust2.models.persistent.Diagnosis
21:24:05.796 [main] DEBUG org.hibernate.cfg.Ejb3Column - Binding column: Ejb3DiscriminatorColumn{logicalColumnName'DTYPE', discriminatorTypeName='string'}
21:24:05.796 [main] DEBUG o.h.cfg.annotations.EntityBinder - Import with entity name Diagnosis
21:24:05.797 [main] DEBUG o.h.cfg.annotations.EntityBinder - Bind entity edu.ncsu.csc.itrust2.models.persistent.Diagnosis on table Diagnoses
21:24:05.804 [main] DEBUG org.hibernate.cfg.Ejb3Column - Binding column: Ejb3Column{table=org.hibernate.mapping.Table(Diagnoses), mappingColumn=id, insertable=true, updatable=true, unique=false}
21:24:05.805 [main] DEBUG o.h.cfg.annotations.PropertyBinder - MetadataSourceProcessor property id with lazy=false
21:24:05.805 [main] DEBUG o.h.cfg.AbstractPropertyHolder - Attempting to locate auto-apply AttributeConverter for property [edu.ncsu.csc.itrust2.models.persistent.Diagnosis:id]
21:24:05.806 [main] DEBUG o.h.c.annotations.SimpleValueBinder - building SimpleValue for id
21:24:05.806 [main] DEBUG o.h.cfg.annotations.PropertyBinder - Building property id
21:24:05.807 [main] DEBUG org.hibernate.cfg.Ejb3Column - Binding column: Ejb3JoinColumn{logicalColumnName='code_id', referencedColumn='', mappedBy=''}
21:24:05.807 [main] DEBUG org.hibernate.cfg.Ejb3Column - Binding column: Ejb3Column{table=org.hibernate.mapping.Table(Diagnoses), mappingColumn=code, insertable=true, updatable=true, unique=false}
21:24:05.808 [main] DEBUG o.h.cfg.annotations.PropertyBinder - Building property code
21:24:05.809 [main] DEBUG org.hibernate.cfg.Ejb3Column - Binding column: Ejb3Column{table=org.hibernate.mapping.Table(Diagnoses), mappingColumn=note, insertable=true, updatable=true, unique=false}
21:24:05.809 [main] DEBUG o.h.cfg.annotations.PropertyBinder - MetadataSourceProcessor property note with lazy=false
21:24:05.810 [main] DEBUG o.h.cfg.AbstractPropertyHolder - Attempting to locate auto-apply AttributeConverter for property [edu.ncsu.csc.itrust2.models.persistent.Diagnosis:note]
21:24:05.810 [main] DEBUG o.h.c.annotations.SimpleValueBinder - building SimpleValue for note
21:24:05.812 [main] DEBUG o.h.cfg.annotations.PropertyBinder - Building property note
21:24:05.813 [main] DEBUG org.hibernate.cfg.Ejb3Column - Binding column: Ejb3JoinColumn{logicalColumnName='visit_id', referencedColumn='', mappedBy=''}
21:24:05.813 [main] DEBUG org.hibernate.cfg.Ejb3Column - Binding column: Ejb3Column{table=org.hibernate.mapping.Table(Diagnoses), mappingColumn=visit, insertable=true, updatable=true, unique=false}
21:24:05.813 [main] DEBUG o.h.cfg.annotations.PropertyBinder - Building property visit
21:24:05.815 [main] DEBUG org.hibernate.cfg.AnnotationBinder - Binding entity from annotated class: edu.ncsu.csc.itrust2.models.persistent.ICDCode
21:24:05.817 [main] DEBUG org.hibernate.cfg.Ejb3Column - Binding column: Ejb3DiscriminatorColumn{logicalColumnName'DTYPE', discriminatorTypeName='string'}
21:24:05.817 [main] DEBUG o.h.cfg.annotations.EntityBinder - Import with entity name ICDCode
21:24:05.818 [main] DEBUG o.h.cfg.annotations.EntityBinder - Bind entity edu.ncsu.csc.itrust2.models.persistent.ICDCode on table ICDCodes
21:24:05.822 [main] DEBUG org.hibernate.cfg.Ejb3Column - Binding column: Ejb3Column{table=org.hibernate.mapping.Table(ICDCodes), mappingColumn=id, insertable=true, updatable=true, unique=false}
21:24:05.823 [main] DEBUG o.h.cfg.annotations.PropertyBinder - MetadataSourceProcessor property id with lazy=false
21:24:05.823 [main] DEBUG o.h.cfg.AbstractPropertyHolder - Attempting to locate auto-apply AttributeConverter for property [edu.ncsu.csc.itrust2.models.persistent.ICDCode:id]
21:24:05.824 [main] DEBUG o.h.c.annotations.SimpleValueBinder - building SimpleValue for id
21:24:05.824 [main] DEBUG o.h.cfg.annotations.PropertyBinder - Building property id
21:24:05.825 [main] DEBUG org.hibernate.cfg.Ejb3Column - Binding column: Ejb3Column{table=org.hibernate.mapping.Table(ICDCodes), mappingColumn=code, insertable=true, updatable=true, unique=false}
21:24:05.826 [main] DEBUG o.h.cfg.annotations.PropertyBinder - MetadataSourceProcessor property code with lazy=false
21:24:05.826 [main] DEBUG o.h.cfg.AbstractPropertyHolder - Attempting to locate auto-apply AttributeConverter for property [edu.ncsu.csc.itrust2.models.persistent.ICDCode:code]
21:24:05.827 [main] DEBUG o.h.c.annotations.SimpleValueBinder - building SimpleValue for code
21:24:05.827 [main] DEBUG o.h.cfg.annotations.PropertyBinder - Building property code
21:24:05.828 [main] DEBUG org.hibernate.cfg.Ejb3Column - Binding column: Ejb3Column{table=org.hibernate.mapping.Table(ICDCodes), mappingColumn=description, insertable=true, updatable=true, unique=false}
21:24:05.828 [main] DEBUG o.h.cfg.annotations.PropertyBinder - MetadataSourceProcessor property description with lazy=false
21:24:05.829 [main] DEBUG o.h.cfg.AbstractPropertyHolder - Attempting to locate auto-apply AttributeConverter for property [edu.ncsu.csc.itrust2.models.persistent.ICDCode:description]
21:24:05.829 [main] DEBUG o.h.c.annotations.SimpleValueBinder - building SimpleValue for description
21:24:05.829 [main] DEBUG o.h.cfg.annotations.PropertyBinder - Building property description
21:24:05.830 [main] DEBUG org.hibernate.cfg.AnnotationBinder - Binding entity from annotated class: edu.ncsu.csc.itrust2.models.persistent.Drug
21:24:05.831 [main] DEBUG org.hibernate.cfg.Ejb3Column - Binding column: Ejb3DiscriminatorColumn{logicalColumnName'DTYPE', discriminatorTypeName='string'}
21:24:05.832 [main] DEBUG o.h.cfg.annotations.EntityBinder - Import with entity name Drug
21:24:05.834 [main] DEBUG o.h.cfg.annotations.EntityBinder - Bind entity edu.ncsu.csc.itrust2.models.persistent.Drug on table Drugs
21:24:05.857 [main] DEBUG org.hibernate.cfg.Ejb3Column - Binding column: Ejb3Column{table=org.hibernate.mapping.Table(Drugs), mappingColumn=id, insertable=true, updatable=true, unique=false}
21:24:05.859 [main] DEBUG o.h.cfg.annotations.PropertyBinder - MetadataSourceProcessor property id with lazy=false
21:24:05.859 [main] DEBUG o.h.cfg.AbstractPropertyHolder - Attempting to locate auto-apply AttributeConverter for property [edu.ncsu.csc.itrust2.models.persistent.Drug:id]
21:24:05.860 [main] DEBUG o.h.c.annotations.SimpleValueBinder - building SimpleValue for id
21:24:05.860 [main] DEBUG o.h.cfg.annotations.PropertyBinder - Building property id
21:24:05.862 [main] DEBUG org.hibernate.cfg.Ejb3Column - Binding column: Ejb3Column{table=org.hibernate.mapping.Table(Drugs), mappingColumn=code, insertable=true, updatable=true, unique=false}
21:24:05.862 [main] DEBUG o.h.cfg.annotations.PropertyBinder - MetadataSourceProcessor property code with lazy=false
21:24:05.863 [main] DEBUG o.h.cfg.AbstractPropertyHolder - Attempting to locate auto-apply AttributeConverter for property [edu.ncsu.csc.itrust2.models.persistent.Drug:code]
21:24:05.863 [main] DEBUG o.h.c.annotations.SimpleValueBinder - building SimpleValue for code
21:24:05.864 [main] DEBUG o.h.cfg.annotations.PropertyBinder - Building property code
21:24:05.865 [main] DEBUG org.hibernate.cfg.Ejb3Column - Binding column: Ejb3Column{table=org.hibernate.mapping.Table(Drugs), mappingColumn=description, insertable=true, updatable=true, unique=false}
21:24:05.866 [main] DEBUG o.h.cfg.annotations.PropertyBinder - MetadataSourceProcessor property description with lazy=false
21:24:05.867 [main] DEBUG o.h.cfg.AbstractPropertyHolder - Attempting to locate auto-apply AttributeConverter for property [edu.ncsu.csc.itrust2.models.persistent.Drug:description]
21:24:05.867 [main] DEBUG o.h.c.annotations.SimpleValueBinder - building SimpleValue for description
21:24:05.867 [main] DEBUG o.h.cfg.annotations.PropertyBinder - Building property description
21:24:05.868 [main] DEBUG org.hibernate.cfg.Ejb3Column - Binding column: Ejb3Column{table=org.hibernate.mapping.Table(Drugs), mappingColumn=name, insertable=true, updatable=true, unique=false}
21:24:05.869 [main] DEBUG o.h.cfg.annotations.PropertyBinder - MetadataSourceProcessor property name with lazy=false
21:24:05.869 [main] DEBUG o.h.cfg.AbstractPropertyHolder - Attempting to locate auto-apply AttributeConverter for property [edu.ncsu.csc.itrust2.models.persistent.Drug:name]
21:24:05.869 [main] DEBUG o.h.c.annotations.SimpleValueBinder - building SimpleValue for name
21:24:05.870 [main] DEBUG o.h.cfg.annotations.PropertyBinder - Building property name
21:24:05.871 [main] DEBUG org.hibernate.cfg.AnnotationBinder - Binding entity from annotated class: edu.ncsu.csc.itrust2.models.persistent.Prescription
21:24:05.872 [main] DEBUG org.hibernate.cfg.Ejb3Column - Binding column: Ejb3DiscriminatorColumn{logicalColumnName'DTYPE', discriminatorTypeName='string'}
21:24:05.872 [main] DEBUG o.h.cfg.annotations.EntityBinder - Import with entity name Prescription
21:24:05.873 [main] DEBUG o.h.cfg.annotations.EntityBinder - Bind entity edu.ncsu.csc.itrust2.models.persistent.Prescription on table Prescriptions
21:24:05.879 [main] DEBUG org.hibernate.cfg.Ejb3Column - Binding column: Ejb3Column{table=org.hibernate.mapping.Table(Prescriptions), mappingColumn=id, insertable=true, updatable=true, unique=false}
21:24:05.879 [main] DEBUG o.h.cfg.annotations.PropertyBinder - MetadataSourceProcessor property id with lazy=false
21:24:05.880 [main] DEBUG o.h.cfg.AbstractPropertyHolder - Attempting to locate auto-apply AttributeConverter for property [edu.ncsu.csc.itrust2.models.persistent.Prescription:id]
21:24:05.880 [main] DEBUG o.h.c.annotations.SimpleValueBinder - building SimpleValue for id
21:24:05.881 [main] DEBUG o.h.cfg.annotations.PropertyBinder - Building property id
21:24:05.882 [main] DEBUG org.hibernate.cfg.Ejb3Column - Binding column: Ejb3JoinColumn{logicalColumnName='dosage_id', referencedColumn='', mappedBy=''}
21:24:05.883 [main] DEBUG org.hibernate.cfg.Ejb3Column - Binding column: Ejb3Column{table=org.hibernate.mapping.Table(Prescriptions), mappingColumn=dosage, insertable=true, updatable=true, unique=false}
21:24:05.883 [main] DEBUG o.h.cfg.annotations.PropertyBinder - MetadataSourceProcessor property dosage with lazy=false
21:24:05.884 [main] DEBUG o.h.cfg.AbstractPropertyHolder - Attempting to locate auto-apply AttributeConverter for property [edu.ncsu.csc.itrust2.models.persistent.Prescription:dosage]
21:24:05.884 [main] DEBUG o.h.c.annotations.SimpleValueBinder - building SimpleValue for dosage
21:24:05.884 [main] DEBUG o.h.cfg.annotations.PropertyBinder - Building property dosage
21:24:05.885 [main] DEBUG org.hibernate.cfg.Ejb3Column - Binding column: Ejb3JoinColumn{logicalColumnName='drug_id', referencedColumn='', mappedBy=''}
21:24:05.885 [main] DEBUG org.hibernate.cfg.Ejb3Column - Binding column: Ejb3Column{table=org.hibernate.mapping.Table(Prescriptions), mappingColumn=drug, insertable=true, updatable=true, unique=false}
21:24:05.886 [main] DEBUG o.h.cfg.annotations.PropertyBinder - Building property drug
21:24:05.887 [main] DEBUG org.hibernate.cfg.Ejb3Column - Binding column: Ejb3JoinColumn{logicalColumnName='end_id', referencedColumn='', mappedBy=''}
21:24:05.887 [main] DEBUG org.hibernate.cfg.Ejb3Column - Binding column: Ejb3Column{table=org.hibernate.mapping.Table(Prescriptions), mappingColumn=endDate, insertable=true, updatable=true, unique=false}
21:24:05.888 [main] DEBUG o.h.cfg.annotations.PropertyBinder - MetadataSourceProcessor property endDate with lazy=false
21:24:05.888 [main] DEBUG o.h.cfg.AbstractPropertyHolder - Attempting to locate auto-apply AttributeConverter for property [edu.ncsu.csc.itrust2.models.persistent.Prescription:endDate]
21:24:05.888 [main] DEBUG o.h.c.annotations.SimpleValueBinder - building SimpleValue for endDate
21:24:05.889 [main] DEBUG o.h.cfg.annotations.PropertyBinder - Building property endDate
21:24:05.889 [main] DEBUG org.hibernate.cfg.Ejb3Column - Binding column: Ejb3JoinColumn{logicalColumnName='patient_id', referencedColumn='', mappedBy=''}
21:24:05.889 [main] DEBUG org.hibernate.cfg.Ejb3Column - Binding column: Ejb3Column{table=org.hibernate.mapping.Table(Prescriptions), mappingColumn=patient, insertable=true, updatable=true, unique=false}
21:24:05.890 [main] DEBUG o.h.cfg.annotations.PropertyBinder - Building property patient
21:24:05.891 [main] DEBUG org.hibernate.cfg.Ejb3Column - Binding column: Ejb3JoinColumn{logicalColumnName='renewal_id', referencedColumn='', mappedBy=''}
21:24:05.891 [main] DEBUG org.hibernate.cfg.Ejb3Column - Binding column: Ejb3Column{table=org.hibernate.mapping.Table(Prescriptions), mappingColumn=renewals, insertable=true, updatable=true, unique=false}
21:24:05.892 [main] DEBUG o.h.cfg.annotations.PropertyBinder - MetadataSourceProcessor property renewals with lazy=false
21:24:05.892 [main] DEBUG o.h.cfg.AbstractPropertyHolder - Attempting to locate auto-apply AttributeConverter for property [edu.ncsu.csc.itrust2.models.persistent.Prescription:renewals]
21:24:05.893 [main] DEBUG o.h.c.annotations.SimpleValueBinder - building SimpleValue for renewals
21:24:05.893 [main] DEBUG o.h.cfg.annotations.PropertyBinder - Building property renewals
21:24:05.893 [main] DEBUG org.hibernate.cfg.Ejb3Column - Binding column: Ejb3JoinColumn{logicalColumnName='start_id', referencedColumn='', mappedBy=''}
21:24:05.894 [main] DEBUG org.hibernate.cfg.Ejb3Column - Binding column: Ejb3Column{table=org.hibernate.mapping.Table(Prescriptions), mappingColumn=startDate, insertable=true, updatable=true, unique=false}
21:24:05.895 [main] DEBUG o.h.cfg.annotations.PropertyBinder - MetadataSourceProcessor property startDate with lazy=false
21:24:05.895 [main] DEBUG o.h.cfg.AbstractPropertyHolder - Attempting to locate auto-apply AttributeConverter for property [edu.ncsu.csc.itrust2.models.persistent.Prescription:startDate]
21:24:05.895 [main] DEBUG o.h.c.annotations.SimpleValueBinder - building SimpleValue for startDate
21:24:05.895 [main] DEBUG o.h.cfg.annotations.PropertyBinder - Building property startDate
21:24:05.896 [main] DEBUG org.hibernate.cfg.AnnotationBinder - Binding entity from annotated class: edu.ncsu.csc.itrust2.models.persistent.PasswordResetToken
21:24:05.896 [main] DEBUG org.hibernate.cfg.Ejb3Column - Binding column: Ejb3DiscriminatorColumn{logicalColumnName'DTYPE', discriminatorTypeName='string'}
21:24:05.897 [main] DEBUG o.h.cfg.annotations.EntityBinder - Import with entity name PasswordResetToken
21:24:05.897 [main] DEBUG o.h.cfg.annotations.EntityBinder - Bind entity edu.ncsu.csc.itrust2.models.persistent.PasswordResetToken on table PasswordResetTokens
21:24:05.902 [main] DEBUG org.hibernate.cfg.Ejb3Column - Binding column: Ejb3Column{table=org.hibernate.mapping.Table(PasswordResetTokens), mappingColumn=id, insertable=true, updatable=true, unique=false}
21:24:05.902 [main] DEBUG o.h.cfg.annotations.PropertyBinder - MetadataSourceProcessor property id with lazy=false
21:24:05.903 [main] DEBUG o.h.cfg.AbstractPropertyHolder - Attempting to locate auto-apply AttributeConverter for property [edu.ncsu.csc.itrust2.models.persistent.PasswordResetToken:id]
21:24:05.903 [main] DEBUG o.h.c.annotations.SimpleValueBinder - building SimpleValue for id
21:24:05.905 [main] DEBUG o.h.cfg.annotations.PropertyBinder - Building property id
21:24:05.907 [main] DEBUG org.hibernate.cfg.Ejb3Column - Binding column: Ejb3Column{table=org.hibernate.mapping.Table(PasswordResetTokens), mappingColumn=creationTime, insertable=true, updatable=true, unique=false}
21:24:05.907 [main] DEBUG o.h.cfg.annotations.PropertyBinder - MetadataSourceProcessor property creationTime with lazy=false
21:24:05.908 [main] DEBUG o.h.cfg.AbstractPropertyHolder - Attempting to locate auto-apply AttributeConverter for property [edu.ncsu.csc.itrust2.models.persistent.PasswordResetToken:creationTime]
21:24:05.908 [main] DEBUG o.h.c.annotations.SimpleValueBinder - building SimpleValue for creationTime
21:24:05.909 [main] DEBUG o.h.cfg.annotations.PropertyBinder - Building property creationTime
21:24:05.910 [main] DEBUG org.hibernate.cfg.Ejb3Column - Binding column: Ejb3Column{table=org.hibernate.mapping.Table(PasswordResetTokens), mappingColumn=tempPassword, insertable=true, updatable=true, unique=false}
21:24:05.910 [main] DEBUG o.h.cfg.annotations.PropertyBinder - MetadataSourceProcessor property tempPassword with lazy=false
21:24:05.911 [main] DEBUG o.h.cfg.AbstractPropertyHolder - Attempting to locate auto-apply AttributeConverter for property [edu.ncsu.csc.itrust2.models.persistent.PasswordResetToken:tempPassword]
21:24:05.911 [main] DEBUG o.h.c.annotations.SimpleValueBinder - building SimpleValue for tempPassword
21:24:05.912 [main] DEBUG o.h.cfg.annotations.PropertyBinder - Building property tempPassword
21:24:05.913 [main] DEBUG org.hibernate.cfg.Ejb3Column - Binding column: Ejb3JoinColumn{logicalColumnName='user_id', referencedColumn='', mappedBy=''}
21:24:05.913 [main] DEBUG org.hibernate.cfg.Ejb3Column - Binding column: Ejb3Column{table=org.hibernate.mapping.Table(PasswordResetTokens), mappingColumn=user, insertable=true, updatable=true, unique=false}
21:24:05.915 [main] DEBUG o.h.cfg.annotations.PropertyBinder - Building property user
21:24:05.916 [main] DEBUG org.hibernate.cfg.AnnotationBinder - Binding entity from annotated class: edu.ncsu.csc.itrust2.models.persistent.LoginAttempt
21:24:05.917 [main] DEBUG org.hibernate.cfg.Ejb3Column - Binding column: Ejb3DiscriminatorColumn{logicalColumnName'DTYPE', discriminatorTypeName='string'}
21:24:05.918 [main] DEBUG o.h.cfg.annotations.EntityBinder - Import with entity name LoginAttempt
21:24:05.919 [main] DEBUG o.h.cfg.annotations.EntityBinder - Bind entity edu.ncsu.csc.itrust2.models.persistent.LoginAttempt on table LoginAttempts
21:24:05.922 [main] DEBUG org.hibernate.cfg.Ejb3Column - Binding column: Ejb3Column{table=org.hibernate.mapping.Table(LoginAttempts), mappingColumn=id, insertable=true, updatable=true, unique=false}
21:24:05.923 [main] DEBUG o.h.cfg.annotations.PropertyBinder - MetadataSourceProcessor property id with lazy=false
21:24:05.924 [main] DEBUG o.h.cfg.AbstractPropertyHolder - Attempting to locate auto-apply AttributeConverter for property [edu.ncsu.csc.itrust2.models.persistent.LoginAttempt:id]
21:24:05.924 [main] DEBUG o.h.c.annotations.SimpleValueBinder - building SimpleValue for id
21:24:05.925 [main] DEBUG o.h.cfg.annotations.PropertyBinder - Building property id
21:24:05.926 [main] DEBUG org.hibernate.cfg.Ejb3Column - Binding column: Ejb3Column{table=org.hibernate.mapping.Table(LoginAttempts), mappingColumn=ip, insertable=true, updatable=true, unique=false}
21:24:05.927 [main] DEBUG o.h.cfg.annotations.PropertyBinder - MetadataSourceProcessor property ip with lazy=false
21:24:05.927 [main] DEBUG o.h.cfg.AbstractPropertyHolder - Attempting to locate auto-apply AttributeConverter for property [edu.ncsu.csc.itrust2.models.persistent.LoginAttempt:ip]
21:24:05.927 [main] DEBUG o.h.c.annotations.SimpleValueBinder - building SimpleValue for ip
21:24:05.928 [main] DEBUG o.h.cfg.annotations.PropertyBinder - Building property ip
21:24:05.929 [main] DEBUG org.hibernate.cfg.Ejb3Column - Binding column: Ejb3Column{table=org.hibernate.mapping.Table(LoginAttempts), mappingColumn=time, insertable=true, updatable=true, unique=false}
21:24:05.929 [main] DEBUG o.h.cfg.annotations.PropertyBinder - MetadataSourceProcessor property time with lazy=false
21:24:05.929 [main] DEBUG o.h.cfg.AbstractPropertyHolder - Attempting to locate auto-apply AttributeConverter for property [edu.ncsu.csc.itrust2.models.persistent.LoginAttempt:time]
21:24:05.930 [main] DEBUG o.h.c.annotations.SimpleValueBinder - building SimpleValue for time
21:24:05.930 [main] DEBUG o.h.cfg.annotations.PropertyBinder - Building property time
21:24:05.931 [main] DEBUG org.hibernate.cfg.Ejb3Column - Binding column: Ejb3JoinColumn{logicalColumnName='user_id', referencedColumn='', mappedBy=''}
21:24:05.932 [main] DEBUG org.hibernate.cfg.Ejb3Column - Binding column: Ejb3Column{table=org.hibernate.mapping.Table(LoginAttempts), mappingColumn=user, insertable=true, updatable=true, unique=false}
21:24:05.933 [main] DEBUG o.h.cfg.annotations.PropertyBinder - Building property user
21:24:05.934 [main] DEBUG org.hibernate.cfg.AnnotationBinder - Binding entity from annotated class: edu.ncsu.csc.itrust2.models.persistent.LoginLockout
21:24:05.935 [main] DEBUG org.hibernate.cfg.Ejb3Column - Binding column: Ejb3DiscriminatorColumn{logicalColumnName'DTYPE', discriminatorTypeName='string'}
21:24:05.935 [main] DEBUG o.h.cfg.annotations.EntityBinder - Import with entity name LoginLockout
21:24:05.936 [main] DEBUG o.h.cfg.annotations.EntityBinder - Bind entity edu.ncsu.csc.itrust2.models.persistent.LoginLockout on table LoginLockouts
21:24:05.944 [main] DEBUG org.hibernate.cfg.Ejb3Column - Binding column: Ejb3Column{table=org.hibernate.mapping.Table(LoginLockouts), mappingColumn=id, insertable=true, updatable=true, unique=false}
21:24:05.945 [main] DEBUG o.h.cfg.annotations.PropertyBinder - MetadataSourceProcessor property id with lazy=false
21:24:05.945 [main] DEBUG o.h.cfg.AbstractPropertyHolder - Attempting to locate auto-apply AttributeConverter for property [edu.ncsu.csc.itrust2.models.persistent.LoginLockout:id]
21:24:05.946 [main] DEBUG o.h.c.annotations.SimpleValueBinder - building SimpleValue for id
21:24:05.946 [main] DEBUG o.h.cfg.annotations.PropertyBinder - Building property id
21:24:05.947 [main] DEBUG org.hibernate.cfg.Ejb3Column - Binding column: Ejb3Column{table=org.hibernate.mapping.Table(LoginLockouts), mappingColumn=ip, insertable=true, updatable=true, unique=false}
21:24:05.948 [main] DEBUG o.h.cfg.annotations.PropertyBinder - MetadataSourceProcessor property ip with lazy=false
21:24:05.948 [main] DEBUG o.h.cfg.AbstractPropertyHolder - Attempting to locate auto-apply AttributeConverter for property [edu.ncsu.csc.itrust2.models.persistent.LoginLockout:ip]
21:24:05.948 [main] DEBUG o.h.c.annotations.SimpleValueBinder - building SimpleValue for ip
21:24:05.949 [main] DEBUG o.h.cfg.annotations.PropertyBinder - Building property ip
21:24:05.958 [main] DEBUG org.hibernate.cfg.Ejb3Column - Binding column: Ejb3Column{table=org.hibernate.mapping.Table(LoginLockouts), mappingColumn=time, insertable=true, updatable=true, unique=false}
21:24:05.959 [main] DEBUG o.h.cfg.annotations.PropertyBinder - MetadataSourceProcessor property time with lazy=false
21:24:05.959 [main] DEBUG o.h.cfg.AbstractPropertyHolder - Attempting to locate auto-apply AttributeConverter for property [edu.ncsu.csc.itrust2.models.persistent.LoginLockout:time]
21:24:05.960 [main] DEBUG o.h.c.annotations.SimpleValueBinder - building SimpleValue for time
21:24:05.961 [main] DEBUG o.h.cfg.annotations.PropertyBinder - Building property time
21:24:05.961 [main] DEBUG org.hibernate.cfg.Ejb3Column - Binding column: Ejb3JoinColumn{logicalColumnName='user_id', referencedColumn='', mappedBy=''}
21:24:05.962 [main] DEBUG org.hibernate.cfg.Ejb3Column - Binding column: Ejb3Column{table=org.hibernate.mapping.Table(LoginLockouts), mappingColumn=user, insertable=true, updatable=true, unique=false}
21:24:05.963 [main] DEBUG o.h.cfg.annotations.PropertyBinder - Building property user
21:24:05.964 [main] DEBUG org.hibernate.cfg.AnnotationBinder - Binding entity from annotated class: edu.ncsu.csc.itrust2.models.persistent.LoginBan
21:24:05.964 [main] DEBUG org.hibernate.cfg.Ejb3Column - Binding column: Ejb3DiscriminatorColumn{logicalColumnName'DTYPE', discriminatorTypeName='string'}
21:24:05.965 [main] DEBUG o.h.cfg.annotations.EntityBinder - Import with entity name LoginBan
21:24:05.966 [main] DEBUG o.h.cfg.annotations.EntityBinder - Bind entity edu.ncsu.csc.itrust2.models.persistent.LoginBan on table LoginBans
21:24:05.971 [main] DEBUG org.hibernate.cfg.Ejb3Column - Binding column: Ejb3Column{table=org.hibernate.mapping.Table(LoginBans), mappingColumn=id, insertable=true, updatable=true, unique=false}
21:24:05.972 [main] DEBUG o.h.cfg.annotations.PropertyBinder - MetadataSourceProcessor property id with lazy=false
21:24:05.972 [main] DEBUG o.h.cfg.AbstractPropertyHolder - Attempting to locate auto-apply AttributeConverter for property [edu.ncsu.csc.itrust2.models.persistent.LoginBan:id]
21:24:05.973 [main] DEBUG o.h.c.annotations.SimpleValueBinder - building SimpleValue for id
21:24:05.974 [main] DEBUG o.h.cfg.annotations.PropertyBinder - Building property id
21:24:05.975 [main] DEBUG org.hibernate.cfg.Ejb3Column - Binding column: Ejb3Column{table=org.hibernate.mapping.Table(LoginBans), mappingColumn=ip, insertable=true, updatable=true, unique=false}
21:24:05.976 [main] DEBUG o.h.cfg.annotations.PropertyBinder - MetadataSourceProcessor property ip with lazy=false
21:24:05.977 [main] DEBUG o.h.cfg.AbstractPropertyHolder - Attempting to locate auto-apply AttributeConverter for property [edu.ncsu.csc.itrust2.models.persistent.LoginBan:ip]
21:24:05.977 [main] DEBUG o.h.c.annotations.SimpleValueBinder - building SimpleValue for ip
21:24:05.978 [main] DEBUG o.h.cfg.annotations.PropertyBinder - Building property ip
21:24:05.982 [main] DEBUG org.hibernate.cfg.Ejb3Column - Binding column: Ejb3Column{table=org.hibernate.mapping.Table(LoginBans), mappingColumn=time, insertable=true, updatable=true, unique=false}
21:24:05.983 [main] DEBUG o.h.cfg.annotations.PropertyBinder - MetadataSourceProcessor property time with lazy=false
21:24:05.983 [main] DEBUG o.h.cfg.AbstractPropertyHolder - Attempting to locate auto-apply AttributeConverter for property [edu.ncsu.csc.itrust2.models.persistent.LoginBan:time]
21:24:05.984 [main] DEBUG o.h.c.annotations.SimpleValueBinder - building SimpleValue for time
21:24:05.984 [main] DEBUG o.h.cfg.annotations.PropertyBinder - Building property time
21:24:05.984 [main] DEBUG org.hibernate.cfg.Ejb3Column - Binding column: Ejb3JoinColumn{logicalColumnName='user_id', referencedColumn='', mappedBy=''}
21:24:05.985 [main] DEBUG org.hibernate.cfg.Ejb3Column - Binding column: Ejb3Column{table=org.hibernate.mapping.Table(LoginBans), mappingColumn=user, insertable=true, updatable=true, unique=false}
21:24:05.986 [main] DEBUG o.h.cfg.annotations.PropertyBinder - Building property user
21:24:05.989 [main] DEBUG o.h.c.annotations.SimpleValueBinder - Starting fillSimpleValue for id
21:24:05.991 [main] DEBUG o.h.c.annotations.SimpleValueBinder - Starting fillSimpleValue for logCode
21:24:05.994 [main] DEBUG o.h.c.annotations.SimpleValueBinder - Starting fillSimpleValue for message
21:24:05.997 [main] DEBUG o.h.c.annotations.SimpleValueBinder - Starting fillSimpleValue for primaryUser
21:24:05.998 [main] DEBUG o.h.c.annotations.SimpleValueBinder - Starting fillSimpleValue for secondaryUser
21:24:06.003 [main] DEBUG o.h.c.annotations.SimpleValueBinder - Starting fillSimpleValue for time
21:24:06.003 [main] DEBUG o.h.c.annotations.SimpleValueBinder - Starting fillSimpleValue for id
21:24:06.004 [main] DEBUG o.h.c.annotations.SimpleValueBinder - Starting fillSimpleValue for comments
21:24:06.004 [main] DEBUG o.h.c.annotations.SimpleValueBinder - Starting fillSimpleValue for date
21:24:06.005 [main] DEBUG o.h.c.annotations.SimpleValueBinder - Starting fillSimpleValue for status
21:24:06.005 [main] DEBUG o.h.c.annotations.SimpleValueBinder - Starting fillSimpleValue for type
21:24:06.005 [main] DEBUG o.h.c.annotations.SimpleValueBinder - Starting fillSimpleValue for username
21:24:06.006 [main] DEBUG o.h.c.annotations.SimpleValueBinder - Starting fillSimpleValue for enabled
21:24:06.006 [main] DEBUG o.h.c.annotations.SimpleValueBinder - Starting fillSimpleValue for password
21:24:06.006 [main] DEBUG o.h.c.annotations.SimpleValueBinder - Starting fillSimpleValue for role
21:24:06.007 [main] DEBUG o.h.c.annotations.SimpleValueBinder - Starting fillSimpleValue for id
21:24:06.007 [main] DEBUG o.h.c.annotations.SimpleValueBinder - Starting fillSimpleValue for date
21:24:06.007 [main] DEBUG o.h.c.annotations.SimpleValueBinder - Starting fillSimpleValue for notes
21:24:06.007 [main] DEBUG o.h.c.annotations.SimpleValueBinder - Starting fillSimpleValue for type
21:24:06.007 [main] DEBUG o.h.c.annotations.SimpleValueBinder - Starting fillSimpleValue for name
21:24:06.008 [main] DEBUG o.h.c.annotations.SimpleValueBinder - Starting fillSimpleValue for address
21:24:06.008 [main] DEBUG o.h.c.annotations.SimpleValueBinder - Starting fillSimpleValue for state
21:24:06.008 [main] DEBUG o.h.c.annotations.SimpleValueBinder - Starting fillSimpleValue for zip
21:24:06.008 [main] DEBUG o.h.c.annotations.SimpleValueBinder - Starting fillSimpleValue for address1
21:24:06.008 [main] DEBUG o.h.c.annotations.SimpleValueBinder - Starting fillSimpleValue for address2
21:24:06.009 [main] DEBUG o.h.c.annotations.SimpleValueBinder - Starting fillSimpleValue for bloodType
21:24:06.009 [main] DEBUG o.h.c.annotations.SimpleValueBinder - Starting fillSimpleValue for causeOfDeath
21:24:06.010 [main] DEBUG o.h.c.annotations.SimpleValueBinder - Starting fillSimpleValue for city
21:24:06.010 [main] DEBUG o.h.c.annotations.SimpleValueBinder - Starting fillSimpleValue for dateOfBirth
21:24:06.011 [main] DEBUG o.h.c.annotations.SimpleValueBinder - Starting fillSimpleValue for dateOfDeath
21:24:06.011 [main] DEBUG o.h.c.annotations.SimpleValueBinder - Starting fillSimpleValue for email
21:24:06.011 [main] DEBUG o.h.c.annotations.SimpleValueBinder - Starting fillSimpleValue for ethnicity
21:24:06.012 [main] DEBUG o.h.c.annotations.SimpleValueBinder - Starting fillSimpleValue for firstName
21:24:06.012 [main] DEBUG o.h.c.annotations.SimpleValueBinder - Starting fillSimpleValue for gender
21:24:06.012 [main] DEBUG o.h.c.annotations.SimpleValueBinder - Starting fillSimpleValue for id
21:24:06.012 [main] DEBUG o.h.c.annotations.SimpleValueBinder - Starting fillSimpleValue for lastName
21:24:06.013 [main] DEBUG o.h.c.annotations.SimpleValueBinder - Starting fillSimpleValue for phone
21:24:06.013 [main] DEBUG o.h.c.annotations.SimpleValueBinder - Starting fillSimpleValue for preferredName
21:24:06.013 [main] DEBUG o.h.c.annotations.SimpleValueBinder - Starting fillSimpleValue for state
21:24:06.018 [main] DEBUG o.h.c.annotations.SimpleValueBinder - Starting fillSimpleValue for zip
21:24:06.018 [main] DEBUG o.h.c.annotations.SimpleValueBinder - Starting fillSimpleValue for id
21:24:06.019 [main] DEBUG o.h.c.annotations.SimpleValueBinder - Starting fillSimpleValue for address1
21:24:06.019 [main] DEBUG o.h.c.annotations.SimpleValueBinder - Starting fillSimpleValue for address2
21:24:06.019 [main] DEBUG o.h.c.annotations.SimpleValueBinder - Starting fillSimpleValue for city
21:24:06.019 [main] DEBUG o.h.c.annotations.SimpleValueBinder - Starting fillSimpleValue for email
21:24:06.020 [main] DEBUG o.h.c.annotations.SimpleValueBinder - Starting fillSimpleValue for enabled
21:24:06.020 [main] DEBUG o.h.c.annotations.SimpleValueBinder - Starting fillSimpleValue for firstName
21:24:06.020 [main] DEBUG o.h.c.annotations.SimpleValueBinder - Starting fillSimpleValue for lastName
21:24:06.020 [main] DEBUG o.h.c.annotations.SimpleValueBinder - Starting fillSimpleValue for phone
21:24:06.021 [main] DEBUG o.h.c.annotations.SimpleValueBinder - Starting fillSimpleValue for specialty
21:24:06.021 [main] DEBUG o.h.c.annotations.SimpleValueBinder - Starting fillSimpleValue for state
21:24:06.021 [main] DEBUG o.h.c.annotations.SimpleValueBinder - Starting fillSimpleValue for zip
21:24:06.022 [main] DEBUG o.h.c.annotations.SimpleValueBinder - Starting fillSimpleValue for id
21:24:06.022 [main] DEBUG o.h.c.annotations.SimpleValueBinder - Starting fillSimpleValue for diastolic
21:24:06.022 [main] DEBUG o.h.c.annotations.SimpleValueBinder - Starting fillSimpleValue for hdl
21:24:06.022 [main] DEBUG o.h.c.annotations.SimpleValueBinder - Starting fillSimpleValue for headCircumference
21:24:06.023 [main] DEBUG o.h.c.annotations.SimpleValueBinder - Starting fillSimpleValue for height
21:24:06.023 [main] DEBUG o.h.c.annotations.SimpleValueBinder - Starting fillSimpleValue for houseSmokingStatus
21:24:06.023 [main] DEBUG o.h.c.annotations.SimpleValueBinder - Starting fillSimpleValue for ldl
21:24:06.024 [main] DEBUG o.h.c.annotations.SimpleValueBinder - Starting fillSimpleValue for patientSmokingStatus
21:24:06.024 [main] DEBUG o.h.c.annotations.SimpleValueBinder - Starting fillSimpleValue for systolic
21:24:06.024 [main] DEBUG o.h.c.annotations.SimpleValueBinder - Starting fillSimpleValue for tri
21:24:06.024 [main] DEBUG o.h.c.annotations.SimpleValueBinder - Starting fillSimpleValue for weight
21:24:06.025 [main] DEBUG o.h.c.annotations.SimpleValueBinder - Starting fillSimpleValue for id
21:24:06.025 [main] DEBUG o.h.c.annotations.SimpleValueBinder - Starting fillSimpleValue for note
21:24:06.025 [main] DEBUG o.h.c.annotations.SimpleValueBinder - Starting fillSimpleValue for id
21:24:06.025 [main] DEBUG o.h.c.annotations.SimpleValueBinder - Starting fillSimpleValue for code
21:24:06.025 [main] DEBUG o.h.c.annotations.SimpleValueBinder - Starting fillSimpleValue for description
21:24:06.026 [main] DEBUG o.h.c.annotations.SimpleValueBinder - Starting fillSimpleValue for id
21:24:06.026 [main] DEBUG o.h.c.annotations.SimpleValueBinder - Starting fillSimpleValue for code
21:24:06.026 [main] DEBUG o.h.c.annotations.SimpleValueBinder - Starting fillSimpleValue for description
21:24:06.026 [main] DEBUG o.h.c.annotations.SimpleValueBinder - Starting fillSimpleValue for name
21:24:06.026 [main] DEBUG o.h.c.annotations.SimpleValueBinder - Starting fillSimpleValue for id
21:24:06.027 [main] DEBUG o.h.c.annotations.SimpleValueBinder - Starting fillSimpleValue for dosage
21:24:06.027 [main] DEBUG o.h.c.annotations.SimpleValueBinder - Starting fillSimpleValue for endDate
21:24:06.027 [main] DEBUG o.h.c.annotations.SimpleValueBinder - Starting fillSimpleValue for renewals
21:24:06.027 [main] DEBUG o.h.c.annotations.SimpleValueBinder - Starting fillSimpleValue for startDate
21:24:06.027 [main] DEBUG o.h.c.annotations.SimpleValueBinder - Starting fillSimpleValue for id
21:24:06.028 [main] DEBUG o.h.c.annotations.SimpleValueBinder - Starting fillSimpleValue for creationTime
21:24:06.028 [main] DEBUG o.h.c.annotations.SimpleValueBinder - Starting fillSimpleValue for tempPassword
21:24:06.028 [main] DEBUG o.h.c.annotations.SimpleValueBinder - Starting fillSimpleValue for id
21:24:06.028 [main] DEBUG o.h.c.annotations.SimpleValueBinder - Starting fillSimpleValue for ip
21:24:06.028 [main] DEBUG o.h.c.annotations.SimpleValueBinder - Starting fillSimpleValue for time
21:24:06.028 [main] DEBUG o.h.c.annotations.SimpleValueBinder - Starting fillSimpleValue for id
21:24:06.028 [main] DEBUG o.h.c.annotations.SimpleValueBinder - Starting fillSimpleValue for ip
21:24:06.029 [main] DEBUG o.h.c.annotations.SimpleValueBinder - Starting fillSimpleValue for time
21:24:06.029 [main] DEBUG o.h.c.annotations.SimpleValueBinder - Starting fillSimpleValue for id
21:24:06.029 [main] DEBUG o.h.c.annotations.SimpleValueBinder - Starting fillSimpleValue for ip
21:24:06.029 [main] DEBUG o.h.c.annotations.SimpleValueBinder - Starting fillSimpleValue for time
21:24:06.069 [main] DEBUG org.hibernate.mapping.PrimaryKey - Forcing column [id] to be non-null as it is part of the primary key for table [logentries]
21:24:06.075 [main] DEBUG org.hibernate.mapping.PrimaryKey - Forcing column [id] to be non-null as it is part of the primary key for table [appointmentrequests]
21:24:06.076 [main] DEBUG org.hibernate.mapping.PrimaryKey - Forcing column [username] to be non-null as it is part of the primary key for table [users]
21:24:06.077 [main] DEBUG org.hibernate.mapping.PrimaryKey - Forcing column [id] to be non-null as it is part of the primary key for table [officevisits]
21:24:06.077 [main] DEBUG org.hibernate.mapping.PrimaryKey - Forcing column [name] to be non-null as it is part of the primary key for table [hospitals]
21:24:06.079 [main] DEBUG org.hibernate.mapping.PrimaryKey - Forcing column [self_id] to be non-null as it is part of the primary key for table [patients]
21:24:06.079 [main] DEBUG org.hibernate.mapping.PrimaryKey - Forcing column [id] to be non-null as it is part of the primary key for table [personnel]
21:24:06.080 [main] DEBUG org.hibernate.mapping.PrimaryKey - Forcing column [id] to be non-null as it is part of the primary key for table [basichealthmetrics]
21:24:06.080 [main] DEBUG org.hibernate.mapping.PrimaryKey - Forcing column [id] to be non-null as it is part of the primary key for table [diagnoses]
21:24:06.080 [main] DEBUG org.hibernate.mapping.PrimaryKey - Forcing column [id] to be non-null as it is part of the primary key for table [icdcodes]
21:24:06.080 [main] DEBUG org.hibernate.mapping.PrimaryKey - Forcing column [id] to be non-null as it is part of the primary key for table [drugs]
21:24:06.081 [main] DEBUG org.hibernate.mapping.PrimaryKey - Forcing column [id] to be non-null as it is part of the primary key for table [prescriptions]
21:24:06.081 [main] DEBUG org.hibernate.mapping.PrimaryKey - Forcing column [id] to be non-null as it is part of the primary key for table [passwordresettokens]
21:24:06.081 [main] DEBUG org.hibernate.mapping.PrimaryKey - Forcing column [id] to be non-null as it is part of the primary key for table [loginattempts]
21:24:06.084 [main] DEBUG org.hibernate.mapping.PrimaryKey - Forcing column [id] to be non-null as it is part of the primary key for table [loginlockouts]
21:24:06.085 [main] DEBUG org.hibernate.mapping.PrimaryKey - Forcing column [id] to be non-null as it is part of the primary key for table [loginbans]
21:24:06.086 [main] DEBUG o.hibernate.cfg.CollectionSecondPass - Second pass for collection: edu.ncsu.csc.itrust2.models.persistent.OfficeVisit.prescriptions
21:24:06.087 [main] DEBUG o.h.cfg.annotations.CollectionBinder - Binding a OneToMany: edu.ncsu.csc.itrust2.models.persistent.OfficeVisit.prescriptions through a foreign key
21:24:06.092 [main] DEBUG o.h.cfg.annotations.CollectionBinder - Mapping collection: edu.ncsu.csc.itrust2.models.persistent.OfficeVisit.prescriptions -> Prescriptions
21:24:06.100 [main] DEBUG o.hibernate.cfg.CollectionSecondPass - Mapped collection key: prescriptions_id, one-to-many: edu.ncsu.csc.itrust2.models.persistent.Prescription
21:24:06.101 [main] DEBUG o.h.b.i.InFlightMetadataCollectorImpl - Resolving reference to class: edu.ncsu.csc.itrust2.models.persistent.User
21:24:06.142 [main] DEBUG o.h.b.i.InFlightMetadataCollectorImpl - Resolving reference to class: edu.ncsu.csc.itrust2.models.persistent.User
21:24:06.144 [main] DEBUG o.h.b.i.InFlightMetadataCollectorImpl - Resolving reference to class: edu.ncsu.csc.itrust2.models.persistent.User
21:24:06.146 [main] DEBUG o.h.b.i.InFlightMetadataCollectorImpl - Resolving reference to class: edu.ncsu.csc.itrust2.models.persistent.User
21:24:06.146 [main] DEBUG o.h.b.i.InFlightMetadataCollectorImpl - Resolving reference to class: edu.ncsu.csc.itrust2.models.persistent.ICDCode
21:24:06.148 [main] DEBUG o.h.b.i.InFlightMetadataCollectorImpl - Resolving reference to class: edu.ncsu.csc.itrust2.models.persistent.OfficeVisit
21:24:06.148 [main] DEBUG o.h.b.i.InFlightMetadataCollectorImpl - Resolving reference to class: edu.ncsu.csc.itrust2.models.persistent.User
21:24:06.149 [main] DEBUG o.h.b.i.InFlightMetadataCollectorImpl - Resolving reference to class: edu.ncsu.csc.itrust2.models.persistent.User
21:24:06.151 [main] DEBUG o.h.b.i.InFlightMetadataCollectorImpl - Resolving reference to class: edu.ncsu.csc.itrust2.models.persistent.User
21:24:06.151 [main] DEBUG o.h.b.i.InFlightMetadataCollectorImpl - Resolving reference to class: edu.ncsu.csc.itrust2.models.persistent.AppointmentRequest
21:24:06.153 [main] DEBUG o.h.b.i.InFlightMetadataCollectorImpl - Resolving reference to class: edu.ncsu.csc.itrust2.models.persistent.BasicHealthMetrics
21:24:06.153 [main] DEBUG o.h.b.i.InFlightMetadataCollectorImpl - Resolving reference to class: edu.ncsu.csc.itrust2.models.persistent.User
21:24:06.154 [main] DEBUG o.h.b.i.InFlightMetadataCollectorImpl - Resolving reference to class: edu.ncsu.csc.itrust2.models.persistent.Hospital
21:24:06.154 [main] DEBUG o.h.b.i.InFlightMetadataCollectorImpl - Resolving reference to class: edu.ncsu.csc.itrust2.models.persistent.User
21:24:06.155 [main] DEBUG o.h.b.i.InFlightMetadataCollectorImpl - Resolving reference to class: edu.ncsu.csc.itrust2.models.persistent.User
21:24:06.155 [main] DEBUG o.h.b.i.InFlightMetadataCollectorImpl - Resolving reference to class: edu.ncsu.csc.itrust2.models.persistent.User
21:24:06.157 [main] DEBUG o.h.b.i.InFlightMetadataCollectorImpl - Resolving reference to class: edu.ncsu.csc.itrust2.models.persistent.User
21:24:06.158 [main] DEBUG o.h.b.i.InFlightMetadataCollectorImpl - Resolving reference to class: edu.ncsu.csc.itrust2.models.persistent.User
21:24:06.159 [main] DEBUG o.h.b.i.InFlightMetadataCollectorImpl - Resolving reference to class: edu.ncsu.csc.itrust2.models.persistent.User
21:24:06.159 [main] DEBUG o.h.b.i.InFlightMetadataCollectorImpl - Resolving reference to class: edu.ncsu.csc.itrust2.models.persistent.Drug
21:24:06.160 [main] DEBUG o.h.b.i.InFlightMetadataCollectorImpl - Resolving reference to class: edu.ncsu.csc.itrust2.models.persistent.User
21:24:06.161 [main] DEBUG o.h.b.i.InFlightMetadataCollectorImpl - Resolving reference to class: edu.ncsu.csc.itrust2.models.persistent.OfficeVisit
21:24:06.166 [main] DEBUG o.h.b.i.InFlightMetadataCollectorImpl - Resolving reference to class: edu.ncsu.csc.itrust2.models.persistent.User
21:24:06.166 [main] DEBUG o.h.b.i.InFlightMetadataCollectorImpl - Resolving reference to class: edu.ncsu.csc.itrust2.models.persistent.User
21:24:06.166 [main] DEBUG o.h.b.i.InFlightMetadataCollectorImpl - Resolving reference to class: edu.ncsu.csc.itrust2.models.persistent.User
21:24:06.167 [main] DEBUG o.h.b.i.InFlightMetadataCollectorImpl - Resolving reference to class: edu.ncsu.csc.itrust2.models.persistent.User
21:24:06.168 [main] DEBUG o.h.b.i.InFlightMetadataCollectorImpl - Resolving reference to class: edu.ncsu.csc.itrust2.models.persistent.ICDCode
21:24:06.168 [main] DEBUG o.h.b.i.InFlightMetadataCollectorImpl - Resolving reference to class: edu.ncsu.csc.itrust2.models.persistent.OfficeVisit
21:24:06.168 [main] DEBUG o.h.b.i.InFlightMetadataCollectorImpl - Resolving reference to class: edu.ncsu.csc.itrust2.models.persistent.User
21:24:06.168 [main] DEBUG o.h.b.i.InFlightMetadataCollectorImpl - Resolving reference to class: edu.ncsu.csc.itrust2.models.persistent.User
21:24:06.169 [main] DEBUG o.h.b.i.InFlightMetadataCollectorImpl - Resolving reference to class: edu.ncsu.csc.itrust2.models.persistent.User
21:24:06.169 [main] DEBUG o.h.b.i.InFlightMetadataCollectorImpl - Resolving reference to class: edu.ncsu.csc.itrust2.models.persistent.AppointmentRequest
21:24:06.169 [main] DEBUG o.h.b.i.InFlightMetadataCollectorImpl - Resolving reference to class: edu.ncsu.csc.itrust2.models.persistent.BasicHealthMetrics
21:24:06.169 [main] DEBUG o.h.b.i.InFlightMetadataCollectorImpl - Resolving reference to class: edu.ncsu.csc.itrust2.models.persistent.User
21:24:06.170 [main] DEBUG o.h.b.i.InFlightMetadataCollectorImpl - Resolving reference to class: edu.ncsu.csc.itrust2.models.persistent.Hospital
21:24:06.170 [main] DEBUG o.h.b.i.InFlightMetadataCollectorImpl - Resolving reference to class: edu.ncsu.csc.itrust2.models.persistent.User
21:24:06.170 [main] DEBUG o.h.b.i.InFlightMetadataCollectorImpl - Resolving reference to class: edu.ncsu.csc.itrust2.models.persistent.User
21:24:06.170 [main] DEBUG o.h.b.i.InFlightMetadataCollectorImpl - Resolving reference to class: edu.ncsu.csc.itrust2.models.persistent.User
21:24:06.170 [main] DEBUG o.h.b.i.InFlightMetadataCollectorImpl - Resolving reference to class: edu.ncsu.csc.itrust2.models.persistent.User
21:24:06.171 [main] DEBUG o.h.b.i.InFlightMetadataCollectorImpl - Resolving reference to class: edu.ncsu.csc.itrust2.models.persistent.User
21:24:06.171 [main] DEBUG o.h.b.i.InFlightMetadataCollectorImpl - Resolving reference to class: edu.ncsu.csc.itrust2.models.persistent.User
21:24:06.171 [main] DEBUG o.h.b.i.InFlightMetadataCollectorImpl - Resolving reference to class: edu.ncsu.csc.itrust2.models.persistent.Drug
21:24:06.171 [main] DEBUG o.h.b.i.InFlightMetadataCollectorImpl - Resolving reference to class: edu.ncsu.csc.itrust2.models.persistent.User
21:24:06.171 [main] DEBUG o.h.b.i.InFlightMetadataCollectorImpl - Resolving reference to class: edu.ncsu.csc.itrust2.models.persistent.OfficeVisit
21:24:06.250 [main] DEBUG o.h.b.internal.ClassLoaderAccessImpl - Not known whether passed class name [edu.ncsu.csc.itrust2.models.persistent.Patient] is safe
21:24:06.250 [main] DEBUG o.h.b.internal.ClassLoaderAccessImpl - No temp ClassLoader provided; using live ClassLoader for loading potentially unsafe class : edu.ncsu.csc.itrust2.models.persistent.Patient
21:24:06.567 [main] WARN  org.hibernate.mapping.RootClass - HHH000038: Composite-id class does not override equals(): edu.ncsu.csc.itrust2.models.persistent.Patient
21:24:06.568 [main] WARN  org.hibernate.mapping.RootClass - HHH000039: Composite-id class does not override hashCode(): edu.ncsu.csc.itrust2.models.persistent.Patient
21:24:06.656 [main] DEBUG o.h.internal.SessionFactoryImpl - Building session factory
21:24:06.663 [main] DEBUG org.hibernate.cfg.Settings - SessionFactory name : null
21:24:06.663 [main] DEBUG org.hibernate.cfg.Settings - Automatic flush during beforeCompletion(): disabled
21:24:06.663 [main] DEBUG org.hibernate.cfg.Settings - Automatic session close at end of transaction: disabled
21:24:06.664 [main] DEBUG org.hibernate.cfg.Settings - Statistics: disabled
21:24:06.664 [main] DEBUG org.hibernate.cfg.Settings - Deleted entity synthetic identifier rollback: disabled
21:24:06.664 [main] DEBUG org.hibernate.cfg.Settings - Default entity-mode: pojo
21:24:06.665 [main] DEBUG org.hibernate.cfg.Settings - Check Nullability in Core (should be disabled when Bean Validation is on): enabled
21:24:06.665 [main] DEBUG org.hibernate.cfg.Settings - Allow initialization of lazy state outside session : disabled
21:24:06.665 [main] DEBUG org.hibernate.cfg.Settings - Using BatchFetchStyle : LEGACY
21:24:06.666 [main] DEBUG org.hibernate.cfg.Settings - Default batch fetch size: -1
21:24:06.666 [main] DEBUG org.hibernate.cfg.Settings - Maximum outer join fetch depth: 2
21:24:06.666 [main] DEBUG org.hibernate.cfg.Settings - Default null ordering: NONE
21:24:06.667 [main] DEBUG org.hibernate.cfg.Settings - Order SQL updates by primary key: disabled
21:24:06.667 [main] DEBUG org.hibernate.cfg.Settings - Order SQL inserts for batching: disabled
21:24:06.667 [main] DEBUG org.hibernate.cfg.Settings - multi-tenancy strategy : NONE
21:24:06.667 [main] DEBUG org.hibernate.cfg.Settings - JTA Track by Thread: enabled
21:24:06.667 [main] DEBUG org.hibernate.cfg.Settings - Query language substitutions: {}
21:24:06.668 [main] DEBUG org.hibernate.cfg.Settings - JPA query language strict compliance: disabled
21:24:06.668 [main] DEBUG org.hibernate.cfg.Settings - Named query checking : enabled
21:24:06.668 [main] DEBUG org.hibernate.cfg.Settings - Second-level cache: enabled
21:24:06.669 [main] DEBUG org.hibernate.cfg.Settings - Second-level query cache: disabled
21:24:06.669 [main] DEBUG org.hibernate.cfg.Settings - Second-level query cache factory: org.hibernate.cache.internal.StandardQueryCacheFactory@760fe54a
21:24:06.669 [main] DEBUG org.hibernate.cfg.Settings - Second-level cache region prefix: null
21:24:06.670 [main] DEBUG org.hibernate.cfg.Settings - Optimize second-level cache for minimal puts: disabled
21:24:06.670 [main] DEBUG org.hibernate.cfg.Settings - Structured second-level cache entries: disabled
21:24:06.670 [main] DEBUG org.hibernate.cfg.Settings - Second-level cache direct-reference entries: disabled
21:24:06.671 [main] DEBUG org.hibernate.cfg.Settings - Automatic eviction of collection cache: disabled
21:24:06.671 [main] DEBUG org.hibernate.cfg.Settings - JDBC batch size: 15
21:24:06.671 [main] DEBUG org.hibernate.cfg.Settings - JDBC batch updates for versioned data: enabled
21:24:06.672 [main] DEBUG org.hibernate.cfg.Settings - Scrollable result sets: enabled
21:24:06.672 [main] DEBUG org.hibernate.cfg.Settings - Wrap result sets: disabled
21:24:06.672 [main] DEBUG org.hibernate.cfg.Settings - JDBC3 getGeneratedKeys(): enabled
21:24:06.673 [main] DEBUG org.hibernate.cfg.Settings - JDBC result set fetch size: null
21:24:06.673 [main] DEBUG org.hibernate.cfg.Settings - Connection release mode: ON_CLOSE
21:24:06.674 [main] DEBUG org.hibernate.cfg.Settings - Generate SQL with comments: disabled
21:24:07.033 [main] DEBUG o.h.internal.SessionFactoryImpl - Returning a Reference to the SessionFactory
21:24:07.041 [main] DEBUG o.h.internal.SessionFactoryImpl - Session factory constructed with filter configurations : {}
21:24:07.041 [main] DEBUG o.h.internal.SessionFactoryImpl - Instantiating session factory with properties: {hibernate.connection.password=root, java.runtime.name=Java(TM) SE Runtime Environment, java.vm.version=25.161-b12, sun.boot.library.path=/usr/lib/jvm/java-8-oracle/jre/lib/amd64, hibernate.connection.username=root, hibernate.boot.CfgXmlAccessService.key=org.hibernate.boot.cfgxml.spi.LoadedConfig@76dc938d, java.vm.vendor=Oracle Corporation, java.vendor.url=http://java.oracle.com/, path.separator=:, java.vm.name=Java HotSpot(TM) 64-Bit Server VM, file.encoding.pkg=sun.io, sun.os.patch.level=unknown, user.country=US, sun.java.launcher=SUN_STANDARD, java.vm.specification.name=Java Virtual Machine Specification, user.dir=/var/lib/jenkins/workspace/iTrust-Fuzz-Job/iTrust2-v2/iTrust/iTrust2, java.runtime.version=1.8.0_161-b12, java.awt.graphicsenv=sun.awt.X11GraphicsEnvironment, basedir=/var/lib/jenkins/workspace/iTrust-Fuzz-Job/iTrust2-v2/iTrust/iTrust2, os.arch=amd64, java.endorsed.dirs=/usr/lib/jvm/java-8-oracle/jre/lib/endorsed, surefire.real.class.path=/var/lib/jenkins/workspace/iTrust-Fuzz-Job/iTrust2-v2/iTrust/iTrust2/target/surefire/surefirebooter6307542748680307867.jar:/root/.m2/repository/org/jacoco/org.jacoco.agent/0.7.5.201505241946/org.jacoco.agent-0.7.5.201505241946-runtime.jar, java.io.tmpdir=/tmp, line.separator=
, java.vm.specification.vendor=Oracle Corporation, os.name=Linux, sun.jnu.encoding=UTF-8, java.library.path=/usr/java/packages/lib/amd64:/usr/lib64:/lib64:/lib:/usr/lib, surefire.test.class.path=/var/lib/jenkins/workspace/iTrust-Fuzz-Job/iTrust2-v2/iTrust/iTrust2/target/test-classes:/var/lib/jenkins/workspace/iTrust-Fuzz-Job/iTrust2-v2/iTrust/iTrust2/target/classes:/root/.m2/repository/javax/servlet/jsp/jstl/javax.servlet.jsp.jstl-api/1.2.1/javax.servlet.jsp.jstl-api-1.2.1.jar:/root/.m2/repository/javax/validation/validation-api/1.1.0.Final/validation-api-1.1.0.Final.jar:/root/.m2/repository/org/hibernate/hibernate-validator/5.4.1.Final/hibernate-validator-5.4.1.Final.jar:/root/.m2/repository/org/jboss/logging/jboss-logging/3.3.0.Final/jboss-logging-3.3.0.Final.jar:/root/.m2/repository/com/fasterxml/classmate/1.3.1/classmate-1.3.1.jar:/root/.m2/repository/org/slf4j/jcl-over-slf4j/1.7.7/jcl-over-slf4j-1.7.7.jar:/root/.m2/repository/org/slf4j/jul-to-slf4j/1.7.7/jul-to-slf4j-1.7.7.jar:/root/.m2/repository/org/slf4j/log4j-over-slf4j/1.7.7/log4j-over-slf4j-1.7.7.jar:/root/.m2/repository/org/slf4j/slf4j-api/1.7.7/slf4j-api-1.7.7.jar:/root/.m2/repository/org/springframework/security/spring-security-config/4.2.2.RELEASE/spring-security-config-4.2.2.RELEASE.jar:/root/.m2/repository/aopalliance/aopalliance/1.0/aopalliance-1.0.jar:/root/.m2/repository/org/springframework/spring-aop/4.3.5.RELEASE/spring-aop-4.3.5.RELEASE.jar:/root/.m2/repository/org/springframework/spring-beans/4.3.5.RELEASE/spring-beans-4.3.5.RELEASE.jar:/root/.m2/repository/org/springframework/spring-context/4.3.5.RELEASE/spring-context-4.3.5.RELEASE.jar:/root/.m2/repository/org/springframework/spring-core/4.3.5.RELEASE/spring-core-4.3.5.RELEASE.jar:/root/.m2/repository/org/springframework/security/spring-security-core/4.2.2.RELEASE/spring-security-core-4.2.2.RELEASE.jar:/root/.m2/repository/org/springframework/spring-expression/4.3.5.RELEASE/spring-expression-4.3.5.RELEASE.jar:/root/.m2/repository/org/springframework/security/spring-security-web/4.2.2.RELEASE/spring-security-web-4.2.2.RELEASE.jar:/root/.m2/repository/org/springframework/spring-web/4.3.5.RELEASE/spring-web-4.3.5.RELEASE.jar:/root/.m2/repository/org/springframework/spring-jdbc/4.3.5.RELEASE/spring-jdbc-4.3.5.RELEASE.jar:/root/.m2/repository/org/springframework/spring-tx/4.3.5.RELEASE/spring-tx-4.3.5.RELEASE.jar:/root/.m2/repository/javax/el/javax.el-api/2.2.4/javax.el-api-2.2.4.jar:/root/.m2/repository/org/glassfish/javax.el/3.0.1-b08/javax.el-3.0.1-b08.jar:/root/.m2/repository/org/springframework/spring-webmvc/4.3.5.RELEASE/spring-webmvc-4.3.5.RELEASE.jar:/root/.m2/repository/commons-logging/commons-logging/1.2/commons-logging-1.2.jar:/root/.m2/repository/javax/servlet/jsp/jsp-api/2.1/jsp-api-2.1.jar:/root/.m2/repository/javax/servlet/javax.servlet-api/3.0.1/javax.servlet-api-3.0.1.jar:/root/.m2/repository/cglib/cglib-nodep/3.1/cglib-nodep-3.1.jar:/root/.m2/repository/ch/qos/logback/logback-classic/1.1.2/logback-classic-1.1.2.jar:/root/.m2/repository/ch/qos/logback/logback-core/1.1.2/logback-core-1.1.2.jar:/root/.m2/repository/opensymphony/sitemesh/2.4.2/sitemesh-2.4.2.jar:/root/.m2/repository/junit/junit/4.12/junit-4.12.jar:/root/.m2/repository/org/assertj/assertj-core/2.2.0/assertj-core-2.2.0.jar:/root/.m2/repository/org/mockito/mockito-core/1.10.19/mockito-core-1.10.19.jar:/root/.m2/repository/org/objenesis/objenesis/2.1/objenesis-2.1.jar:/root/.m2/repository/org/springframework/security/spring-security-test/4.2.2.RELEASE/spring-security-test-4.2.2.RELEASE.jar:/root/.m2/repository/org/springframework/spring-test/4.3.5.RELEASE/spring-test-4.3.5.RELEASE.jar:/root/.m2/repository/mysql/mysql-connector-java/5.1.40/mysql-connector-java-5.1.40.jar:/root/.m2/repository/org/springframework/spring-orm/4.3.5.RELEASE/spring-orm-4.3.5.RELEASE.jar:/root/.m2/repository/org/springframework/data/spring-data-jpa/1.10.2.RELEASE/spring-data-jpa-1.10.2.RELEASE.jar:/root/.m2/repository/org/springframework/data/spring-data-commons/1.12.2.RELEASE/spring-data-commons-1.12.2.RELEASE.jar:/root/.m2/repository/org/aspectj/aspectjrt/1.8.9/aspectjrt-1.8.9.jar:/root/.m2/repository/org/thymeleaf/thymeleaf/3.0.0.RELEASE/thymeleaf-3.0.0.RELEASE.jar:/root/.m2/repository/ognl/ognl/3.1.3/ognl-3.1.3.jar:/root/.m2/repository/org/javassist/javassist/3.20.0-GA/javassist-3.20.0-GA.jar:/root/.m2/repository/org/attoparser/attoparser/2.0.0.RELEASE/attoparser-2.0.0.RELEASE.jar:/root/.m2/repository/org/unbescape/unbescape/1.1.3.RELEASE/unbescape-1.1.3.RELEASE.jar:/root/.m2/repository/org/thymeleaf/thymeleaf-spring4/3.0.2.RELEASE/thymeleaf-spring4-3.0.2.RELEASE.jar:/root/.m2/repository/org/thymeleaf/extras/thymeleaf-extras-tiles2-spring4/2.1.1.RELEASE/thymeleaf-extras-tiles2-spring4-2.1.1.RELEASE.jar:/root/.m2/repository/org/thymeleaf/extras/thymeleaf-extras-tiles2/2.1.1.RELEASE/thymeleaf-extras-tiles2-2.1.1.RELEASE.jar:/root/.m2/repository/org/apache/tiles/tiles-core/2.2.2/tiles-core-2.2.2.jar:/root/.m2/repository/org/apache/tiles/tiles-api/2.2.2/tiles-api-2.2.2.jar:/root/.m2/repository/commons-digester/commons-digester/2.0/commons-digester-2.0.jar:/root/.m2/repository/commons-beanutils/commons-beanutils/1.8.0/commons-beanutils-1.8.0.jar:/root/.m2/repository/org/apache/tiles/tiles-template/2.2.2/tiles-template-2.2.2.jar:/root/.m2/repository/org/apache/tiles/tiles-servlet/2.2.2/tiles-servlet-2.2.2.jar:/root/.m2/repository/org/apache/tiles/tiles-jsp/2.2.2/tiles-jsp-2.2.2.jar:/root/.m2/repository/org/hibernate/hibernate-entitymanager/5.0.11.Final/hibernate-entitymanager-5.0.11.Final.jar:/root/.m2/repository/org/hibernate/hibernate-core/5.0.11.Final/hibernate-core-5.0.11.Final.jar:/root/.m2/repository/antlr/antlr/2.7.7/antlr-2.7.7.jar:/root/.m2/repository/org/jboss/jandex/2.0.0.Final/jandex-2.0.0.Final.jar:/root/.m2/repository/dom4j/dom4j/1.6.1/dom4j-1.6.1.jar:/root/.m2/repository/org/hibernate/common/hibernate-commons-annotations/5.0.1.Final/hibernate-commons-annotations-5.0.1.Final.jar:/root/.m2/repository/org/hibernate/javax/persistence/hibernate-jpa-2.1-api/1.0.0.Final/hibernate-jpa-2.1-api-1.0.0.Final.jar:/root/.m2/repository/org/apache/geronimo/specs/geronimo-jta_1.1_spec/1.1.1/geronimo-jta_1.1_spec-1.1.1.jar:/root/.m2/repository/org/seleniumhq/selenium/selenium-java/2.53.1/selenium-java-2.53.1.jar:/root/.m2/repository/org/seleniumhq/selenium/selenium-chrome-driver/2.53.1/selenium-chrome-driver-2.53.1.jar:/root/.m2/repository/org/seleniumhq/selenium/selenium-remote-driver/2.53.1/selenium-remote-driver-2.53.1.jar:/root/.m2/repository/org/seleniumhq/selenium/selenium-api/2.53.1/selenium-api-2.53.1.jar:/root/.m2/repository/com/google/guava/guava/19.0/guava-19.0.jar:/root/.m2/repository/org/seleniumhq/selenium/selenium-edge-driver/2.53.1/selenium-edge-driver-2.53.1.jar:/root/.m2/repository/org/apache/commons/commons-exec/1.3/commons-exec-1.3.jar:/root/.m2/repository/org/seleniumhq/selenium/selenium-firefox-driver/2.53.1/selenium-firefox-driver-2.53.1.jar:/root/.m2/repository/org/seleniumhq/selenium/selenium-ie-driver/2.53.1/selenium-ie-driver-2.53.1.jar:/root/.m2/repository/net/java/dev/jna/jna/4.1.0/jna-4.1.0.jar:/root/.m2/repository/net/java/dev/jna/jna-platform/4.1.0/jna-platform-4.1.0.jar:/root/.m2/repository/org/seleniumhq/selenium/selenium-safari-driver/2.53.1/selenium-safari-driver-2.53.1.jar:/root/.m2/repository/io/netty/netty/3.5.7.Final/netty-3.5.7.Final.jar:/root/.m2/repository/org/seleniumhq/selenium/selenium-support/2.53.1/selenium-support-2.53.1.jar:/root/.m2/repository/org/seleniumhq/selenium/selenium-leg-rc/2.53.1/selenium-leg-rc-2.53.1.jar:/root/.m2/repository/org/seleniumhq/selenium/htmlunit-driver/2.21/htmlunit-driver-2.21.jar:/root/.m2/repository/net/sourceforge/htmlunit/htmlunit/2.21/htmlunit-2.21.jar:/root/.m2/repository/xalan/xalan/2.7.2/xalan-2.7.2.jar:/root/.m2/repository/xalan/serializer/2.7.2/serializer-2.7.2.jar:/root/.m2/repository/org/apache/httpcomponents/httpmime/4.5.2/httpmime-4.5.2.jar:/root/.m2/repository/commons-codec/commons-codec/1.10/commons-codec-1.10.jar:/root/.m2/repository/net/sourceforge/htmlunit/htmlunit-core-js/2.17/htmlunit-core-js-2.17.jar:/root/.m2/repository/net/sourceforge/htmlunit/neko-htmlunit/2.21/neko-htmlunit-2.21.jar:/root/.m2/repository/xerces/xercesImpl/2.11.0/xercesImpl-2.11.0.jar:/root/.m2/repository/net/sourceforge/cssparser/cssparser/0.9.18/cssparser-0.9.18.jar:/root/.m2/repository/org/w3c/css/sac/1.3/sac-1.3.jar:/root/.m2/repository/org/eclipse/jetty/websocket/websocket-client/9.2.15.v20160210/websocket-client-9.2.15.v20160210.jar:/root/.m2/repository/org/eclipse/jetty/jetty-util/9.2.15.v20160210/jetty-util-9.2.15.v20160210.jar:/root/.m2/repository/org/eclipse/jetty/jetty-io/9.2.15.v20160210/jetty-io-9.2.15.v20160210.jar:/root/.m2/repository/org/eclipse/jetty/websocket/websocket-common/9.2.15.v20160210/websocket-common-9.2.15.v20160210.jar:/root/.m2/repository/org/eclipse/jetty/websocket/websocket-api/9.2.15.v20160210/websocket-api-9.2.15.v20160210.jar:/root/.m2/repository/commons-collections/commons-collections/3.2.2/commons-collections-3.2.2.jar:/root/.m2/repository/io/github/bonigarcia/webdrivermanager/1.7.2/webdrivermanager-1.7.2.jar:/root/.m2/repository/commons-io/commons-io/2.5/commons-io-2.5.jar:/root/.m2/repository/com/typesafe/config/1.2.1/config-1.2.1.jar:/root/.m2/repository/org/apache/commons/commons-lang3/3.5/commons-lang3-3.5.jar:/root/.m2/repository/org/apache/httpcomponents/httpclient/4.5.3/httpclient-4.5.3.jar:/root/.m2/repository/org/apache/httpcomponents/httpcore/4.4.6/httpcore-4.4.6.jar:/root/.m2/repository/org/rauschig/jarchivelib/0.7.1/jarchivelib-0.7.1.jar:/root/.m2/repository/org/apache/commons/commons-compress/1.9/commons-compress-1.9.jar:/root/.m2/repository/org/jsoup/jsoup/1.10.2/jsoup-1.10.2.jar:/root/.m2/repository/xml-apis/xml-apis/1.4.01/xml-apis-1.4.01.jar:/root/.m2/repository/info/cukes/cucumber-core/1.2.4/cucumber-core-1.2.4.jar:/root/.m2/repository/info/cukes/gherkin/2.12.2/gherkin-2.12.2.jar:/root/.m2/repository/info/cukes/cucumber-html/0.2.3/cucumber-html-0.2.3.jar:/root/.m2/repository/info/cukes/cucumber-java/1.2.4/cucumber-java-1.2.4.jar:/root/.m2/repository/info/cukes/cucumber-jvm-deps/1.0.5/cucumber-jvm-deps-1.0.5.jar:/root/.m2/repository/info/cukes/cucumber-picocontainer/1.2.4/cucumber-picocontainer-1.2.4.jar:/root/.m2/repository/org/picocontainer/picocontainer/2.15/picocontainer-2.15.jar:/root/.m2/repository/info/cukes/cucumber-junit/1.2.4/cucumber-junit-1.2.4.jar:/root/.m2/repository/org/springframework/webflow/spring-binding/2.4.4.RELEASE/spring-binding-2.4.4.RELEASE.jar:/root/.m2/repository/opensymphony/ognl/2.6.11/ognl-2.6.11.jar:/root/.m2/repository/org/springframework/webflow/spring-webflow/2.4.4.RELEASE/spring-webflow-2.4.4.RELEASE.jar:/root/.m2/repository/org/springframework/webflow/spring-js/2.4.4.RELEASE/spring-js-2.4.4.RELEASE.jar:/root/.m2/repository/org/springframework/webflow/spring-js-resources/2.4.4.RELEASE/spring-js-resources-2.4.4.RELEASE.jar:/root/.m2/repository/com/google/code/gson/gson/2.8.0/gson-2.8.0.jar:/root/.m2/repository/org/hamcrest/hamcrest-core/1.3/hamcrest-core-1.3.jar:/root/.m2/repository/org/hamcrest/hamcrest-library/1.3/hamcrest-library-1.3.jar:/root/.m2/repository/com/jayway/jsonpath/json-path-assert/2.2.0/json-path-assert-2.2.0.jar:/root/.m2/repository/com/jayway/jsonpath/json-path/2.2.0/json-path-2.2.0.jar:/root/.m2/repository/net/minidev/json-smart/2.2.1/json-smart-2.2.1.jar:/root/.m2/repository/net/minidev/accessors-smart/1.1/accessors-smart-1.1.jar:/root/.m2/repository/org/ow2/asm/asm/5.0.3/asm-5.0.3.jar:/root/.m2/repository/org/springframework/session/spring-session/1.2.1.RELEASE/spring-session-1.2.1.RELEASE.jar:/root/.m2/repository/javax/mail/mail/1.4.7/mail-1.4.7.jar:/root/.m2/repository/javax/activation/activation/1.1/activation-1.1.jar:/root/.m2/repository/javax/mail/javax.mail-api/1.5.5/javax.mail-api-1.5.5.jar:, java.class.version=52.0, java.specification.name=Java Platform API Specification, hibernate.connection.pool_size=100, sun.management.compiler=HotSpot 64-Bit Tiered Compilers, os.version=4.4.0-116-generic, user.home=/root, user.timezone=Etc/UTC, java.awt.printerjob=sun.print.PSPrinterJob, file.encoding=UTF-8, java.specification.version=1.8, hibernate.connection.driver_class=com.mysql.jdbc.Driver, show_sql=true, user.name=root, java.class.path=/var/lib/jenkins/workspace/iTrust-Fuzz-Job/iTrust2-v2/iTrust/iTrust2/target/test-classes:/var/lib/jenkins/workspace/iTrust-Fuzz-Job/iTrust2-v2/iTrust/iTrust2/target/classes:/root/.m2/repository/javax/servlet/jsp/jstl/javax.servlet.jsp.jstl-api/1.2.1/javax.servlet.jsp.jstl-api-1.2.1.jar:/root/.m2/repository/javax/validation/validation-api/1.1.0.Final/validation-api-1.1.0.Final.jar:/root/.m2/repository/org/hibernate/hibernate-validator/5.4.1.Final/hibernate-validator-5.4.1.Final.jar:/root/.m2/repository/org/jboss/logging/jboss-logging/3.3.0.Final/jboss-logging-3.3.0.Final.jar:/root/.m2/repository/com/fasterxml/classmate/1.3.1/classmate-1.3.1.jar:/root/.m2/repository/org/slf4j/jcl-over-slf4j/1.7.7/jcl-over-slf4j-1.7.7.jar:/root/.m2/repository/org/slf4j/jul-to-slf4j/1.7.7/jul-to-slf4j-1.7.7.jar:/root/.m2/repository/org/slf4j/log4j-over-slf4j/1.7.7/log4j-over-slf4j-1.7.7.jar:/root/.m2/repository/org/slf4j/slf4j-api/1.7.7/slf4j-api-1.7.7.jar:/root/.m2/repository/org/springframework/security/spring-security-config/4.2.2.RELEASE/spring-security-config-4.2.2.RELEASE.jar:/root/.m2/repository/aopalliance/aopalliance/1.0/aopalliance-1.0.jar:/root/.m2/repository/org/springframework/spring-aop/4.3.5.RELEASE/spring-aop-4.3.5.RELEASE.jar:/root/.m2/repository/org/springframework/spring-beans/4.3.5.RELEASE/spring-beans-4.3.5.RELEASE.jar:/root/.m2/repository/org/springframework/spring-context/4.3.5.RELEASE/spring-context-4.3.5.RELEASE.jar:/root/.m2/repository/org/springframework/spring-core/4.3.5.RELEASE/spring-core-4.3.5.RELEASE.jar:/root/.m2/repository/org/springframework/security/spring-security-core/4.2.2.RELEASE/spring-security-core-4.2.2.RELEASE.jar:/root/.m2/repository/org/springframework/spring-expression/4.3.5.RELEASE/spring-expression-4.3.5.RELEASE.jar:/root/.m2/repository/org/springframework/security/spring-security-web/4.2.2.RELEASE/spring-security-web-4.2.2.RELEASE.jar:/root/.m2/repository/org/springframework/spring-web/4.3.5.RELEASE/spring-web-4.3.5.RELEASE.jar:/root/.m2/repository/org/springframework/spring-jdbc/4.3.5.RELEASE/spring-jdbc-4.3.5.RELEASE.jar:/root/.m2/repository/org/springframework/spring-tx/4.3.5.RELEASE/spring-tx-4.3.5.RELEASE.jar:/root/.m2/repository/javax/el/javax.el-api/2.2.4/javax.el-api-2.2.4.jar:/root/.m2/repository/org/glassfish/javax.el/3.0.1-b08/javax.el-3.0.1-b08.jar:/root/.m2/repository/org/springframework/spring-webmvc/4.3.5.RELEASE/spring-webmvc-4.3.5.RELEASE.jar:/root/.m2/repository/commons-logging/commons-logging/1.2/commons-logging-1.2.jar:/root/.m2/repository/javax/servlet/jsp/jsp-api/2.1/jsp-api-2.1.jar:/root/.m2/repository/javax/servlet/javax.servlet-api/3.0.1/javax.servlet-api-3.0.1.jar:/root/.m2/repository/cglib/cglib-nodep/3.1/cglib-nodep-3.1.jar:/root/.m2/repository/ch/qos/logback/logback-classic/1.1.2/logback-classic-1.1.2.jar:/root/.m2/repository/ch/qos/logback/logback-core/1.1.2/logback-core-1.1.2.jar:/root/.m2/repository/opensymphony/sitemesh/2.4.2/sitemesh-2.4.2.jar:/root/.m2/repository/junit/junit/4.12/junit-4.12.jar:/root/.m2/repository/org/assertj/assertj-core/2.2.0/assertj-core-2.2.0.jar:/root/.m2/repository/org/mockito/mockito-core/1.10.19/mockito-core-1.10.19.jar:/root/.m2/repository/org/objenesis/objenesis/2.1/objenesis-2.1.jar:/root/.m2/repository/org/springframework/security/spring-security-test/4.2.2.RELEASE/spring-security-test-4.2.2.RELEASE.jar:/root/.m2/repository/org/springframework/spring-test/4.3.5.RELEASE/spring-test-4.3.5.RELEASE.jar:/root/.m2/repository/mysql/mysql-connector-java/5.1.40/mysql-connector-java-5.1.40.jar:/root/.m2/repository/org/springframework/spring-orm/4.3.5.RELEASE/spring-orm-4.3.5.RELEASE.jar:/root/.m2/repository/org/springframework/data/spring-data-jpa/1.10.2.RELEASE/spring-data-jpa-1.10.2.RELEASE.jar:/root/.m2/repository/org/springframework/data/spring-data-commons/1.12.2.RELEASE/spring-data-commons-1.12.2.RELEASE.jar:/root/.m2/repository/org/aspectj/aspectjrt/1.8.9/aspectjrt-1.8.9.jar:/root/.m2/repository/org/thymeleaf/thymeleaf/3.0.0.RELEASE/thymeleaf-3.0.0.RELEASE.jar:/root/.m2/repository/ognl/ognl/3.1.3/ognl-3.1.3.jar:/root/.m2/repository/org/javassist/javassist/3.20.0-GA/javassist-3.20.0-GA.jar:/root/.m2/repository/org/attoparser/attoparser/2.0.0.RELEASE/attoparser-2.0.0.RELEASE.jar:/root/.m2/repository/org/unbescape/unbescape/1.1.3.RELEASE/unbescape-1.1.3.RELEASE.jar:/root/.m2/repository/org/thymeleaf/thymeleaf-spring4/3.0.2.RELEASE/thymeleaf-spring4-3.0.2.RELEASE.jar:/root/.m2/repository/org/thymeleaf/extras/thymeleaf-extras-tiles2-spring4/2.1.1.RELEASE/thymeleaf-extras-tiles2-spring4-2.1.1.RELEASE.jar:/root/.m2/repository/org/thymeleaf/extras/thymeleaf-extras-tiles2/2.1.1.RELEASE/thymeleaf-extras-tiles2-2.1.1.RELEASE.jar:/root/.m2/repository/org/apache/tiles/tiles-core/2.2.2/tiles-core-2.2.2.jar:/root/.m2/repository/org/apache/tiles/tiles-api/2.2.2/tiles-api-2.2.2.jar:/root/.m2/repository/commons-digester/commons-digester/2.0/commons-digester-2.0.jar:/root/.m2/repository/commons-beanutils/commons-beanutils/1.8.0/commons-beanutils-1.8.0.jar:/root/.m2/repository/org/apache/tiles/tiles-template/2.2.2/tiles-template-2.2.2.jar:/root/.m2/repository/org/apache/tiles/tiles-servlet/2.2.2/tiles-servlet-2.2.2.jar:/root/.m2/repository/org/apache/tiles/tiles-jsp/2.2.2/tiles-jsp-2.2.2.jar:/root/.m2/repository/org/hibernate/hibernate-entitymanager/5.0.11.Final/hibernate-entitymanager-5.0.11.Final.jar:/root/.m2/repository/org/hibernate/hibernate-core/5.0.11.Final/hibernate-core-5.0.11.Final.jar:/root/.m2/repository/antlr/antlr/2.7.7/antlr-2.7.7.jar:/root/.m2/repository/org/jboss/jandex/2.0.0.Final/jandex-2.0.0.Final.jar:/root/.m2/repository/dom4j/dom4j/1.6.1/dom4j-1.6.1.jar:/root/.m2/repository/org/hibernate/common/hibernate-commons-annotations/5.0.1.Final/hibernate-commons-annotations-5.0.1.Final.jar:/root/.m2/repository/org/hibernate/javax/persistence/hibernate-jpa-2.1-api/1.0.0.Final/hibernate-jpa-2.1-api-1.0.0.Final.jar:/root/.m2/repository/org/apache/geronimo/specs/geronimo-jta_1.1_spec/1.1.1/geronimo-jta_1.1_spec-1.1.1.jar:/root/.m2/repository/org/seleniumhq/selenium/selenium-java/2.53.1/selenium-java-2.53.1.jar:/root/.m2/repository/org/seleniumhq/selenium/selenium-chrome-driver/2.53.1/selenium-chrome-driver-2.53.1.jar:/root/.m2/repository/org/seleniumhq/selenium/selenium-remote-driver/2.53.1/selenium-remote-driver-2.53.1.jar:/root/.m2/repository/org/seleniumhq/selenium/selenium-api/2.53.1/selenium-api-2.53.1.jar:/root/.m2/repository/com/google/guava/guava/19.0/guava-19.0.jar:/root/.m2/repository/org/seleniumhq/selenium/selenium-edge-driver/2.53.1/selenium-edge-driver-2.53.1.jar:/root/.m2/repository/org/apache/commons/commons-exec/1.3/commons-exec-1.3.jar:/root/.m2/repository/org/seleniumhq/selenium/selenium-firefox-driver/2.53.1/selenium-firefox-driver-2.53.1.jar:/root/.m2/repository/org/seleniumhq/selenium/selenium-ie-driver/2.53.1/selenium-ie-driver-2.53.1.jar:/root/.m2/repository/net/java/dev/jna/jna/4.1.0/jna-4.1.0.jar:/root/.m2/repository/net/java/dev/jna/jna-platform/4.1.0/jna-platform-4.1.0.jar:/root/.m2/repository/org/seleniumhq/selenium/selenium-safari-driver/2.53.1/selenium-safari-driver-2.53.1.jar:/root/.m2/repository/io/netty/netty/3.5.7.Final/netty-3.5.7.Final.jar:/root/.m2/repository/org/seleniumhq/selenium/selenium-support/2.53.1/selenium-support-2.53.1.jar:/root/.m2/repository/org/seleniumhq/selenium/selenium-leg-rc/2.53.1/selenium-leg-rc-2.53.1.jar:/root/.m2/repository/org/seleniumhq/selenium/htmlunit-driver/2.21/htmlunit-driver-2.21.jar:/root/.m2/repository/net/sourceforge/htmlunit/htmlunit/2.21/htmlunit-2.21.jar:/root/.m2/repository/xalan/xalan/2.7.2/xalan-2.7.2.jar:/root/.m2/repository/xalan/serializer/2.7.2/serializer-2.7.2.jar:/root/.m2/repository/org/apache/httpcomponents/httpmime/4.5.2/httpmime-4.5.2.jar:/root/.m2/repository/commons-codec/commons-codec/1.10/commons-codec-1.10.jar:/root/.m2/repository/net/sourceforge/htmlunit/htmlunit-core-js/2.17/htmlunit-core-js-2.17.jar:/root/.m2/repository/net/sourceforge/htmlunit/neko-htmlunit/2.21/neko-htmlunit-2.21.jar:/root/.m2/repository/xerces/xercesImpl/2.11.0/xercesImpl-2.11.0.jar:/root/.m2/repository/net/sourceforge/cssparser/cssparser/0.9.18/cssparser-0.9.18.jar:/root/.m2/repository/org/w3c/css/sac/1.3/sac-1.3.jar:/root/.m2/repository/org/eclipse/jetty/websocket/websocket-client/9.2.15.v20160210/websocket-client-9.2.15.v20160210.jar:/root/.m2/repository/org/eclipse/jetty/jetty-util/9.2.15.v20160210/jetty-util-9.2.15.v20160210.jar:/root/.m2/repository/org/eclipse/jetty/jetty-io/9.2.15.v20160210/jetty-io-9.2.15.v20160210.jar:/root/.m2/repository/org/eclipse/jetty/websocket/websocket-common/9.2.15.v20160210/websocket-common-9.2.15.v20160210.jar:/root/.m2/repository/org/eclipse/jetty/websocket/websocket-api/9.2.15.v20160210/websocket-api-9.2.15.v20160210.jar:/root/.m2/repository/commons-collections/commons-collections/3.2.2/commons-collections-3.2.2.jar:/root/.m2/repository/io/github/bonigarcia/webdrivermanager/1.7.2/webdrivermanager-1.7.2.jar:/root/.m2/repository/commons-io/commons-io/2.5/commons-io-2.5.jar:/root/.m2/repository/com/typesafe/config/1.2.1/config-1.2.1.jar:/root/.m2/repository/org/apache/commons/commons-lang3/3.5/commons-lang3-3.5.jar:/root/.m2/repository/org/apache/httpcomponents/httpclient/4.5.3/httpclient-4.5.3.jar:/root/.m2/repository/org/apache/httpcomponents/httpcore/4.4.6/httpcore-4.4.6.jar:/root/.m2/repository/org/rauschig/jarchivelib/0.7.1/jarchivelib-0.7.1.jar:/root/.m2/repository/org/apache/commons/commons-compress/1.9/commons-compress-1.9.jar:/root/.m2/repository/org/jsoup/jsoup/1.10.2/jsoup-1.10.2.jar:/root/.m2/repository/xml-apis/xml-apis/1.4.01/xml-apis-1.4.01.jar:/root/.m2/repository/info/cukes/cucumber-core/1.2.4/cucumber-core-1.2.4.jar:/root/.m2/repository/info/cukes/gherkin/2.12.2/gherkin-2.12.2.jar:/root/.m2/repository/info/cukes/cucumber-html/0.2.3/cucumber-html-0.2.3.jar:/root/.m2/repository/info/cukes/cucumber-java/1.2.4/cucumber-java-1.2.4.jar:/root/.m2/repository/info/cukes/cucumber-jvm-deps/1.0.5/cucumber-jvm-deps-1.0.5.jar:/root/.m2/repository/info/cukes/cucumber-picocontainer/1.2.4/cucumber-picocontainer-1.2.4.jar:/root/.m2/repository/org/picocontainer/picocontainer/2.15/picocontainer-2.15.jar:/root/.m2/repository/info/cukes/cucumber-junit/1.2.4/cucumber-junit-1.2.4.jar:/root/.m2/repository/org/springframework/webflow/spring-binding/2.4.4.RELEASE/spring-binding-2.4.4.RELEASE.jar:/root/.m2/repository/opensymphony/ognl/2.6.11/ognl-2.6.11.jar:/root/.m2/repository/org/springframework/webflow/spring-webflow/2.4.4.RELEASE/spring-webflow-2.4.4.RELEASE.jar:/root/.m2/repository/org/springframework/webflow/spring-js/2.4.4.RELEASE/spring-js-2.4.4.RELEASE.jar:/root/.m2/repository/org/springframework/webflow/spring-js-resources/2.4.4.RELEASE/spring-js-resources-2.4.4.RELEASE.jar:/root/.m2/repository/com/google/code/gson/gson/2.8.0/gson-2.8.0.jar:/root/.m2/repository/org/hamcrest/hamcrest-core/1.3/hamcrest-core-1.3.jar:/root/.m2/repository/org/hamcrest/hamcrest-library/1.3/hamcrest-library-1.3.jar:/root/.m2/repository/com/jayway/jsonpath/json-path-assert/2.2.0/json-path-assert-2.2.0.jar:/root/.m2/repository/com/jayway/jsonpath/json-path/2.2.0/json-path-2.2.0.jar:/root/.m2/repository/net/minidev/json-smart/2.2.1/json-smart-2.2.1.jar:/root/.m2/repository/net/minidev/accessors-smart/1.1/accessors-smart-1.1.jar:/root/.m2/repository/org/ow2/asm/asm/5.0.3/asm-5.0.3.jar:/root/.m2/repository/org/springframework/session/spring-session/1.2.1.RELEASE/spring-session-1.2.1.RELEASE.jar:/root/.m2/repository/javax/mail/mail/1.4.7/mail-1.4.7.jar:/root/.m2/repository/javax/activation/activation/1.1/activation-1.1.jar:/root/.m2/repository/javax/mail/javax.mail-api/1.5.5/javax.mail-api-1.5.5.jar:, hibernate.bytecode.use_reflection_optimizer=false, hibernate.show_sql=true, java.vm.specification.version=1.8, sun.arch.data.model=64, sun.java.command=/var/lib/jenkins/workspace/iTrust-Fuzz-Job/iTrust2-v2/iTrust/iTrust2/target/surefire/surefirebooter6307542748680307867.jar /var/lib/jenkins/workspace/iTrust-Fuzz-Job/iTrust2-v2/iTrust/iTrust2/target/surefire 2018-03-21T21-23-38_049-jvmRun1 surefire9220512639079916702tmp surefire_03893933371585481250tmp, java.home=/usr/lib/jvm/java-8-oracle/jre, hibernate.connection.url=jdbc:mysql://localhost:3306/iTrust2?createDatabaseIfNotExist=true, hibernate.dialect=org.hibernate.dialect.MySQLDialect, user.language=en, java.specification.vendor=Oracle Corporation, awt.toolkit=sun.awt.X11.XToolkit, java.vm.info=mixed mode, java.version=1.8.0_161, java.ext.dirs=/usr/lib/jvm/java-8-oracle/jre/lib/ext:/usr/java/packages/lib/ext, sun.boot.class.path=/usr/lib/jvm/java-8-oracle/jre/lib/resources.jar:/usr/lib/jvm/java-8-oracle/jre/lib/rt.jar:/usr/lib/jvm/java-8-oracle/jre/lib/sunrsasign.jar:/usr/lib/jvm/java-8-oracle/jre/lib/jsse.jar:/usr/lib/jvm/java-8-oracle/jre/lib/jce.jar:/usr/lib/jvm/java-8-oracle/jre/lib/charsets.jar:/usr/lib/jvm/java-8-oracle/jre/lib/jfr.jar:/usr/lib/jvm/java-8-oracle/jre/classes, java.vendor=Oracle Corporation, localRepository=/root/.m2/repository, file.separator=/, java.vendor.url.bug=http://bugreport.sun.com/bugreport/, hibernate.hbm2ddl.auto=update, sun.io.unicode.encoding=UnicodeLittle, sun.cpu.endian=little, sun.cpu.isalist=}
21:24:07.164 [main] DEBUG o.h.v.i.e.r.DefaultTraversableResolver - Found javax.persistence.Persistence on classpath containing 'getPersistenceUtil'. Assuming JPA 2 environment. Trying to instantiate JPA aware TraversableResolver
21:24:07.165 [main] DEBUG o.h.v.i.e.r.DefaultTraversableResolver - Instantiated JPA aware TraversableResolver of type org.hibernate.validator.internal.engine.resolver.JPATraversableResolver.
21:24:07.166 [main] DEBUG o.h.v.i.xml.ValidationXmlParser - Trying to load META-INF/validation.xml for XML based Validator configuration.
21:24:07.166 [main] DEBUG o.h.v.i.xml.ResourceLoaderHelper - Trying to load META-INF/validation.xml via TCCL
21:24:07.167 [main] DEBUG o.h.v.i.xml.ResourceLoaderHelper - Trying to load META-INF/validation.xml via Hibernate Validator's class loader
21:24:07.168 [main] DEBUG o.h.v.i.xml.ValidationXmlParser - No META-INF/validation.xml found. Using annotation based configuration only.
21:24:07.198 [main] DEBUG o.h.b.internal.ClassLoaderAccessImpl - Not known whether passed class name [edu.ncsu.csc.itrust2.models.persistent.Personnel] is safe
21:24:07.198 [main] DEBUG o.h.b.internal.ClassLoaderAccessImpl - No temp ClassLoader provided; using live ClassLoader for loading potentially unsafe class : edu.ncsu.csc.itrust2.models.persistent.Personnel
21:24:07.588 [main] DEBUG o.h.b.internal.ClassLoaderAccessImpl - Not known whether passed class name [edu.ncsu.csc.itrust2.models.persistent.BasicHealthMetrics] is safe
21:24:07.588 [main] DEBUG o.h.b.internal.ClassLoaderAccessImpl - No temp ClassLoader provided; using live ClassLoader for loading potentially unsafe class : edu.ncsu.csc.itrust2.models.persistent.BasicHealthMetrics
21:24:07.690 [main] DEBUG o.h.b.internal.ClassLoaderAccessImpl - Not known whether passed class name [edu.ncsu.csc.itrust2.models.persistent.LoginAttempt] is safe
21:24:07.691 [main] DEBUG o.h.b.internal.ClassLoaderAccessImpl - No temp ClassLoader provided; using live ClassLoader for loading potentially unsafe class : edu.ncsu.csc.itrust2.models.persistent.LoginAttempt
21:24:07.708 [main] DEBUG o.h.b.internal.ClassLoaderAccessImpl - Not known whether passed class name [edu.ncsu.csc.itrust2.models.persistent.Patient] is safe
21:24:07.709 [main] DEBUG o.h.b.internal.ClassLoaderAccessImpl - No temp ClassLoader provided; using live ClassLoader for loading potentially unsafe class : edu.ncsu.csc.itrust2.models.persistent.Patient
21:24:07.770 [main] DEBUG o.h.b.internal.ClassLoaderAccessImpl - Not known whether passed class name [edu.ncsu.csc.itrust2.models.persistent.ICDCode] is safe
21:24:07.771 [main] DEBUG o.h.b.internal.ClassLoaderAccessImpl - No temp ClassLoader provided; using live ClassLoader for loading potentially unsafe class : edu.ncsu.csc.itrust2.models.persistent.ICDCode
21:24:07.785 [main] DEBUG o.h.b.internal.ClassLoaderAccessImpl - Not known whether passed class name [edu.ncsu.csc.itrust2.models.persistent.AppointmentRequest] is safe
21:24:07.786 [main] DEBUG o.h.b.internal.ClassLoaderAccessImpl - No temp ClassLoader provided; using live ClassLoader for loading potentially unsafe class : edu.ncsu.csc.itrust2.models.persistent.AppointmentRequest
21:24:07.807 [main] DEBUG o.h.b.internal.ClassLoaderAccessImpl - Not known whether passed class name [edu.ncsu.csc.itrust2.models.persistent.LoginBan] is safe
21:24:07.808 [main] DEBUG o.h.b.internal.ClassLoaderAccessImpl - No temp ClassLoader provided; using live ClassLoader for loading potentially unsafe class : edu.ncsu.csc.itrust2.models.persistent.LoginBan
21:24:07.814 [main] DEBUG o.h.b.internal.ClassLoaderAccessImpl - Not known whether passed class name [edu.ncsu.csc.itrust2.models.persistent.LogEntry] is safe
21:24:07.817 [main] DEBUG o.h.b.internal.ClassLoaderAccessImpl - No temp ClassLoader provided; using live ClassLoader for loading potentially unsafe class : edu.ncsu.csc.itrust2.models.persistent.LogEntry
21:24:07.841 [main] DEBUG o.h.b.internal.ClassLoaderAccessImpl - Not known whether passed class name [edu.ncsu.csc.itrust2.models.persistent.LoginLockout] is safe
21:24:07.843 [main] DEBUG o.h.b.internal.ClassLoaderAccessImpl - No temp ClassLoader provided; using live ClassLoader for loading potentially unsafe class : edu.ncsu.csc.itrust2.models.persistent.LoginLockout
21:24:07.855 [main] DEBUG o.h.b.internal.ClassLoaderAccessImpl - Not known whether passed class name [edu.ncsu.csc.itrust2.models.persistent.OfficeVisit] is safe
21:24:07.856 [main] DEBUG o.h.b.internal.ClassLoaderAccessImpl - No temp ClassLoader provided; using live ClassLoader for loading potentially unsafe class : edu.ncsu.csc.itrust2.models.persistent.OfficeVisit
21:24:07.898 [main] DEBUG o.h.b.internal.ClassLoaderAccessImpl - Not known whether passed class name [edu.ncsu.csc.itrust2.models.persistent.Drug] is safe
21:24:07.900 [main] DEBUG o.h.b.internal.ClassLoaderAccessImpl - No temp ClassLoader provided; using live ClassLoader for loading potentially unsafe class : edu.ncsu.csc.itrust2.models.persistent.Drug
21:24:07.920 [main] DEBUG o.h.v.i.m.d.ConstraintDescriptorImpl - Adding composing constraint: ConstraintDescriptorImpl{annotation=javax.validation.constraints.NotNull, payloads=[], hasComposingConstraints=true, isReportAsSingleInvalidConstraint=false, elementType=FIELD, definedOn=DEFINED_LOCALLY, groups=[interface javax.validation.groups.Default], attributes={message={javax.validation.constraints.NotNull.message}, payload=[Ljava.lang.Class;@407222ae, groups=[Ljava.lang.Class;@715dac54}, constraintType=GENERIC}.
21:24:07.924 [main] DEBUG o.h.v.i.m.d.ConstraintDescriptorImpl - Adding composing constraint: ConstraintDescriptorImpl{annotation=javax.validation.constraints.Size, payloads=[], hasComposingConstraints=true, isReportAsSingleInvalidConstraint=false, elementType=FIELD, definedOn=DEFINED_LOCALLY, groups=[interface javax.validation.groups.Default], attributes={groups=[Ljava.lang.Class;@68844a1c, min=1, message={javax.validation.constraints.Size.message}, payload=[Ljava.lang.Class;@7ffabd53, max=2147483647}, constraintType=GENERIC}.
21:24:07.943 [main] DEBUG o.h.b.internal.ClassLoaderAccessImpl - Not known whether passed class name [edu.ncsu.csc.itrust2.models.persistent.Diagnosis] is safe
21:24:07.943 [main] DEBUG o.h.b.internal.ClassLoaderAccessImpl - No temp ClassLoader provided; using live ClassLoader for loading potentially unsafe class : edu.ncsu.csc.itrust2.models.persistent.Diagnosis
21:24:07.970 [main] DEBUG o.h.b.internal.ClassLoaderAccessImpl - Not known whether passed class name [edu.ncsu.csc.itrust2.models.persistent.User] is safe
21:24:07.971 [main] DEBUG o.h.b.internal.ClassLoaderAccessImpl - No temp ClassLoader provided; using live ClassLoader for loading potentially unsafe class : edu.ncsu.csc.itrust2.models.persistent.User
21:24:07.991 [main] DEBUG o.h.b.internal.ClassLoaderAccessImpl - Not known whether passed class name [edu.ncsu.csc.itrust2.models.persistent.Hospital] is safe
21:24:07.991 [main] DEBUG o.h.b.internal.ClassLoaderAccessImpl - No temp ClassLoader provided; using live ClassLoader for loading potentially unsafe class : edu.ncsu.csc.itrust2.models.persistent.Hospital
21:24:07.993 [main] DEBUG o.h.v.i.m.d.ConstraintDescriptorImpl - Adding composing constraint: ConstraintDescriptorImpl{annotation=javax.validation.constraints.NotNull, payloads=[], hasComposingConstraints=true, isReportAsSingleInvalidConstraint=false, elementType=FIELD, definedOn=DEFINED_LOCALLY, groups=[interface javax.validation.groups.Default], attributes={message={javax.validation.constraints.NotNull.message}, payload=[Ljava.lang.Class;@34ae5ab3, groups=[Ljava.lang.Class;@17977d1}, constraintType=GENERIC}.
21:24:07.996 [main] DEBUG o.h.v.i.m.d.ConstraintDescriptorImpl - Adding composing constraint: ConstraintDescriptorImpl{annotation=javax.validation.constraints.Size, payloads=[], hasComposingConstraints=true, isReportAsSingleInvalidConstraint=false, elementType=FIELD, definedOn=DEFINED_LOCALLY, groups=[interface javax.validation.groups.Default], attributes={groups=[Ljava.lang.Class;@72802caa, min=1, message={javax.validation.constraints.Size.message}, payload=[Ljava.lang.Class;@ce81e25, max=2147483647}, constraintType=GENERIC}.
21:24:08.000 [main] DEBUG o.h.v.i.m.d.ConstraintDescriptorImpl - Adding composing constraint: ConstraintDescriptorImpl{annotation=javax.validation.constraints.NotNull, payloads=[], hasComposingConstraints=true, isReportAsSingleInvalidConstraint=false, elementType=FIELD, definedOn=DEFINED_LOCALLY, groups=[interface javax.validation.groups.Default], attributes={message={javax.validation.constraints.NotNull.message}, payload=[Ljava.lang.Class;@4a55b6c9, groups=[Ljava.lang.Class;@5887ad}, constraintType=GENERIC}.
21:24:08.002 [main] DEBUG o.h.v.i.m.d.ConstraintDescriptorImpl - Adding composing constraint: ConstraintDescriptorImpl{annotation=javax.validation.constraints.Size, payloads=[], hasComposingConstraints=true, isReportAsSingleInvalidConstraint=false, elementType=FIELD, definedOn=DEFINED_LOCALLY, groups=[interface javax.validation.groups.Default], attributes={groups=[Ljava.lang.Class;@734e0e70, min=1, message={javax.validation.constraints.Size.message}, payload=[Ljava.lang.Class;@3f9b2f0a, max=2147483647}, constraintType=GENERIC}.
21:24:08.008 [main] DEBUG o.h.v.i.m.d.ConstraintDescriptorImpl - Adding composing constraint: ConstraintDescriptorImpl{annotation=javax.validation.constraints.NotNull, payloads=[], hasComposingConstraints=true, isReportAsSingleInvalidConstraint=false, elementType=FIELD, definedOn=DEFINED_LOCALLY, groups=[interface javax.validation.groups.Default], attributes={message={javax.validation.constraints.NotNull.message}, payload=[Ljava.lang.Class;@589f25ce, groups=[Ljava.lang.Class;@1cbea49f}, constraintType=GENERIC}.
21:24:08.010 [main] DEBUG o.h.v.i.m.d.ConstraintDescriptorImpl - Adding composing constraint: ConstraintDescriptorImpl{annotation=javax.validation.constraints.Size, payloads=[], hasComposingConstraints=true, isReportAsSingleInvalidConstraint=false, elementType=FIELD, definedOn=DEFINED_LOCALLY, groups=[interface javax.validation.groups.Default], attributes={groups=[Ljava.lang.Class;@1f8014f6, min=1, message={javax.validation.constraints.Size.message}, payload=[Ljava.lang.Class;@79058b73, max=2147483647}, constraintType=GENERIC}.
21:24:08.028 [main] DEBUG o.h.b.internal.ClassLoaderAccessImpl - Not known whether passed class name [edu.ncsu.csc.itrust2.models.persistent.PasswordResetToken] is safe
21:24:08.029 [main] DEBUG o.h.b.internal.ClassLoaderAccessImpl - No temp ClassLoader provided; using live ClassLoader for loading potentially unsafe class : edu.ncsu.csc.itrust2.models.persistent.PasswordResetToken
21:24:08.040 [main] DEBUG o.h.b.internal.ClassLoaderAccessImpl - Not known whether passed class name [edu.ncsu.csc.itrust2.models.persistent.Prescription] is safe
21:24:08.040 [main] DEBUG o.h.b.internal.ClassLoaderAccessImpl - No temp ClassLoader provided; using live ClassLoader for loading potentially unsafe class : edu.ncsu.csc.itrust2.models.persistent.Prescription
21:24:08.066 [main] DEBUG o.h.secure.spi.JaccIntegrator - Skipping JACC integration as it was not enabled
21:24:08.283 [main] DEBUG o.h.b.internal.ClassLoaderAccessImpl - Not known whether passed class name [edu.ncsu.csc.itrust2.models.persistent.Personnel] is safe
21:24:08.283 [main] DEBUG o.h.b.internal.ClassLoaderAccessImpl - No temp ClassLoader provided; using live ClassLoader for loading potentially unsafe class : edu.ncsu.csc.itrust2.models.persistent.Personnel
21:24:08.346 [main] DEBUG o.h.b.internal.ClassLoaderAccessImpl - Not known whether passed class name [edu.ncsu.csc.itrust2.models.persistent.Personnel] is safe
21:24:08.346 [main] DEBUG o.h.b.internal.ClassLoaderAccessImpl - No temp ClassLoader provided; using live ClassLoader for loading potentially unsafe class : edu.ncsu.csc.itrust2.models.persistent.Personnel
21:24:08.868 [main] DEBUG o.h.b.internal.ClassLoaderAccessImpl - Not known whether passed class name [edu.ncsu.csc.itrust2.models.persistent.BasicHealthMetrics] is safe
21:24:08.868 [main] DEBUG o.h.b.internal.ClassLoaderAccessImpl - No temp ClassLoader provided; using live ClassLoader for loading potentially unsafe class : edu.ncsu.csc.itrust2.models.persistent.BasicHealthMetrics
21:24:08.872 [main] DEBUG o.h.b.internal.ClassLoaderAccessImpl - Not known whether passed class name [edu.ncsu.csc.itrust2.models.persistent.BasicHealthMetrics] is safe
21:24:08.872 [main] DEBUG o.h.b.internal.ClassLoaderAccessImpl - No temp ClassLoader provided; using live ClassLoader for loading potentially unsafe class : edu.ncsu.csc.itrust2.models.persistent.BasicHealthMetrics
21:24:08.921 [main] DEBUG o.h.b.internal.ClassLoaderAccessImpl - Not known whether passed class name [edu.ncsu.csc.itrust2.models.persistent.LoginAttempt] is safe
21:24:08.924 [main] DEBUG o.h.b.internal.ClassLoaderAccessImpl - No temp ClassLoader provided; using live ClassLoader for loading potentially unsafe class : edu.ncsu.csc.itrust2.models.persistent.LoginAttempt
21:24:08.926 [main] DEBUG o.h.b.internal.ClassLoaderAccessImpl - Not known whether passed class name [edu.ncsu.csc.itrust2.models.persistent.LoginAttempt] is safe
21:24:08.927 [main] DEBUG o.h.b.internal.ClassLoaderAccessImpl - No temp ClassLoader provided; using live ClassLoader for loading potentially unsafe class : edu.ncsu.csc.itrust2.models.persistent.LoginAttempt
21:24:08.958 [main] DEBUG o.h.b.internal.ClassLoaderAccessImpl - Not known whether passed class name [edu.ncsu.csc.itrust2.models.persistent.Patient] is safe
21:24:08.959 [main] DEBUG o.h.b.internal.ClassLoaderAccessImpl - No temp ClassLoader provided; using live ClassLoader for loading potentially unsafe class : edu.ncsu.csc.itrust2.models.persistent.Patient
21:24:09.024 [main] DEBUG o.h.b.internal.ClassLoaderAccessImpl - Not known whether passed class name [edu.ncsu.csc.itrust2.models.persistent.ICDCode] is safe
21:24:09.024 [main] DEBUG o.h.b.internal.ClassLoaderAccessImpl - No temp ClassLoader provided; using live ClassLoader for loading potentially unsafe class : edu.ncsu.csc.itrust2.models.persistent.ICDCode
21:24:09.025 [main] DEBUG o.h.b.internal.ClassLoaderAccessImpl - Not known whether passed class name [edu.ncsu.csc.itrust2.models.persistent.ICDCode] is safe
21:24:09.026 [main] DEBUG o.h.b.internal.ClassLoaderAccessImpl - No temp ClassLoader provided; using live ClassLoader for loading potentially unsafe class : edu.ncsu.csc.itrust2.models.persistent.ICDCode
21:24:09.045 [main] DEBUG o.h.b.internal.ClassLoaderAccessImpl - Not known whether passed class name [edu.ncsu.csc.itrust2.models.persistent.AppointmentRequest] is safe
21:24:09.046 [main] DEBUG o.h.b.internal.ClassLoaderAccessImpl - No temp ClassLoader provided; using live ClassLoader for loading potentially unsafe class : edu.ncsu.csc.itrust2.models.persistent.AppointmentRequest
21:24:09.051 [main] DEBUG o.h.b.internal.ClassLoaderAccessImpl - Not known whether passed class name [edu.ncsu.csc.itrust2.models.persistent.AppointmentRequest] is safe
21:24:09.052 [main] DEBUG o.h.b.internal.ClassLoaderAccessImpl - No temp ClassLoader provided; using live ClassLoader for loading potentially unsafe class : edu.ncsu.csc.itrust2.models.persistent.AppointmentRequest
21:24:09.072 [main] DEBUG o.h.b.internal.ClassLoaderAccessImpl - Not known whether passed class name [edu.ncsu.csc.itrust2.models.persistent.LoginBan] is safe
21:24:09.072 [main] DEBUG o.h.b.internal.ClassLoaderAccessImpl - No temp ClassLoader provided; using live ClassLoader for loading potentially unsafe class : edu.ncsu.csc.itrust2.models.persistent.LoginBan
21:24:09.074 [main] DEBUG o.h.b.internal.ClassLoaderAccessImpl - Not known whether passed class name [edu.ncsu.csc.itrust2.models.persistent.LoginBan] is safe
21:24:09.075 [main] DEBUG o.h.b.internal.ClassLoaderAccessImpl - No temp ClassLoader provided; using live ClassLoader for loading potentially unsafe class : edu.ncsu.csc.itrust2.models.persistent.LoginBan
21:24:09.089 [main] DEBUG o.h.b.internal.ClassLoaderAccessImpl - Not known whether passed class name [edu.ncsu.csc.itrust2.models.persistent.LogEntry] is safe
21:24:09.089 [main] DEBUG o.h.b.internal.ClassLoaderAccessImpl - No temp ClassLoader provided; using live ClassLoader for loading potentially unsafe class : edu.ncsu.csc.itrust2.models.persistent.LogEntry
21:24:09.091 [main] DEBUG o.h.b.internal.ClassLoaderAccessImpl - Not known whether passed class name [edu.ncsu.csc.itrust2.models.persistent.LogEntry] is safe
21:24:09.092 [main] DEBUG o.h.b.internal.ClassLoaderAccessImpl - No temp ClassLoader provided; using live ClassLoader for loading potentially unsafe class : edu.ncsu.csc.itrust2.models.persistent.LogEntry
21:24:09.117 [main] DEBUG o.h.b.internal.ClassLoaderAccessImpl - Not known whether passed class name [edu.ncsu.csc.itrust2.models.persistent.LoginLockout] is safe
21:24:09.118 [main] DEBUG o.h.b.internal.ClassLoaderAccessImpl - No temp ClassLoader provided; using live ClassLoader for loading potentially unsafe class : edu.ncsu.csc.itrust2.models.persistent.LoginLockout
21:24:09.119 [main] DEBUG o.h.b.internal.ClassLoaderAccessImpl - Not known whether passed class name [edu.ncsu.csc.itrust2.models.persistent.LoginLockout] is safe
21:24:09.120 [main] DEBUG o.h.b.internal.ClassLoaderAccessImpl - No temp ClassLoader provided; using live ClassLoader for loading potentially unsafe class : edu.ncsu.csc.itrust2.models.persistent.LoginLockout
21:24:09.137 [main] DEBUG o.h.b.internal.ClassLoaderAccessImpl - Not known whether passed class name [edu.ncsu.csc.itrust2.models.persistent.OfficeVisit] is safe
21:24:09.137 [main] DEBUG o.h.b.internal.ClassLoaderAccessImpl - No temp ClassLoader provided; using live ClassLoader for loading potentially unsafe class : edu.ncsu.csc.itrust2.models.persistent.OfficeVisit
21:24:09.147 [main] DEBUG o.h.b.internal.ClassLoaderAccessImpl - Not known whether passed class name [edu.ncsu.csc.itrust2.models.persistent.OfficeVisit] is safe
21:24:09.148 [main] DEBUG o.h.b.internal.ClassLoaderAccessImpl - No temp ClassLoader provided; using live ClassLoader for loading potentially unsafe class : edu.ncsu.csc.itrust2.models.persistent.OfficeVisit
21:24:09.178 [main] DEBUG o.h.b.internal.ClassLoaderAccessImpl - Not known whether passed class name [edu.ncsu.csc.itrust2.models.persistent.Drug] is safe
21:24:09.179 [main] DEBUG o.h.b.internal.ClassLoaderAccessImpl - No temp ClassLoader provided; using live ClassLoader for loading potentially unsafe class : edu.ncsu.csc.itrust2.models.persistent.Drug
21:24:09.180 [main] DEBUG o.h.b.internal.ClassLoaderAccessImpl - Not known whether passed class name [edu.ncsu.csc.itrust2.models.persistent.Drug] is safe
21:24:09.180 [main] DEBUG o.h.b.internal.ClassLoaderAccessImpl - No temp ClassLoader provided; using live ClassLoader for loading potentially unsafe class : edu.ncsu.csc.itrust2.models.persistent.Drug
21:24:09.200 [main] DEBUG o.h.b.internal.ClassLoaderAccessImpl - Not known whether passed class name [edu.ncsu.csc.itrust2.models.persistent.Diagnosis] is safe
21:24:09.206 [main] DEBUG o.h.b.internal.ClassLoaderAccessImpl - No temp ClassLoader provided; using live ClassLoader for loading potentially unsafe class : edu.ncsu.csc.itrust2.models.persistent.Diagnosis
21:24:09.209 [main] DEBUG o.h.b.internal.ClassLoaderAccessImpl - Not known whether passed class name [edu.ncsu.csc.itrust2.models.persistent.Diagnosis] is safe
21:24:09.211 [main] DEBUG o.h.b.internal.ClassLoaderAccessImpl - No temp ClassLoader provided; using live ClassLoader for loading potentially unsafe class : edu.ncsu.csc.itrust2.models.persistent.Diagnosis
21:24:09.232 [main] DEBUG o.h.b.internal.ClassLoaderAccessImpl - Not known whether passed class name [edu.ncsu.csc.itrust2.models.persistent.User] is safe
21:24:09.233 [main] DEBUG o.h.b.internal.ClassLoaderAccessImpl - No temp ClassLoader provided; using live ClassLoader for loading potentially unsafe class : edu.ncsu.csc.itrust2.models.persistent.User
21:24:09.234 [main] DEBUG o.h.b.internal.ClassLoaderAccessImpl - Not known whether passed class name [edu.ncsu.csc.itrust2.models.persistent.User] is safe
21:24:09.234 [main] DEBUG o.h.b.internal.ClassLoaderAccessImpl - No temp ClassLoader provided; using live ClassLoader for loading potentially unsafe class : edu.ncsu.csc.itrust2.models.persistent.User
21:24:09.252 [main] DEBUG o.h.b.internal.ClassLoaderAccessImpl - Not known whether passed class name [edu.ncsu.csc.itrust2.models.persistent.Hospital] is safe
21:24:09.253 [main] DEBUG o.h.b.internal.ClassLoaderAccessImpl - No temp ClassLoader provided; using live ClassLoader for loading potentially unsafe class : edu.ncsu.csc.itrust2.models.persistent.Hospital
21:24:09.255 [main] DEBUG o.h.b.internal.ClassLoaderAccessImpl - Not known whether passed class name [edu.ncsu.csc.itrust2.models.persistent.Hospital] is safe
21:24:09.255 [main] DEBUG o.h.b.internal.ClassLoaderAccessImpl - No temp ClassLoader provided; using live ClassLoader for loading potentially unsafe class : edu.ncsu.csc.itrust2.models.persistent.Hospital
21:24:09.267 [main] DEBUG o.h.b.internal.ClassLoaderAccessImpl - Not known whether passed class name [edu.ncsu.csc.itrust2.models.persistent.PasswordResetToken] is safe
21:24:09.268 [main] DEBUG o.h.b.internal.ClassLoaderAccessImpl - No temp ClassLoader provided; using live ClassLoader for loading potentially unsafe class : edu.ncsu.csc.itrust2.models.persistent.PasswordResetToken
21:24:09.270 [main] DEBUG o.h.b.internal.ClassLoaderAccessImpl - Not known whether passed class name [edu.ncsu.csc.itrust2.models.persistent.PasswordResetToken] is safe
21:24:09.270 [main] DEBUG o.h.b.internal.ClassLoaderAccessImpl - No temp ClassLoader provided; using live ClassLoader for loading potentially unsafe class : edu.ncsu.csc.itrust2.models.persistent.PasswordResetToken
21:24:09.290 [main] DEBUG o.h.b.internal.ClassLoaderAccessImpl - Not known whether passed class name [edu.ncsu.csc.itrust2.models.persistent.Prescription] is safe
21:24:09.290 [main] DEBUG o.h.b.internal.ClassLoaderAccessImpl - No temp ClassLoader provided; using live ClassLoader for loading potentially unsafe class : edu.ncsu.csc.itrust2.models.persistent.Prescription
21:24:09.292 [main] DEBUG o.h.b.internal.ClassLoaderAccessImpl - Not known whether passed class name [edu.ncsu.csc.itrust2.models.persistent.Prescription] is safe
21:24:09.292 [main] DEBUG o.h.b.internal.ClassLoaderAccessImpl - No temp ClassLoader provided; using live ClassLoader for loading potentially unsafe class : edu.ncsu.csc.itrust2.models.persistent.Prescription
21:24:09.375 [main] DEBUG o.h.p.c.AbstractCollectionPersister - Static SQL for collection: edu.ncsu.csc.itrust2.models.persistent.OfficeVisit.prescriptions
21:24:09.376 [main] DEBUG o.h.p.c.AbstractCollectionPersister -  Row insert: update Prescriptions set prescriptions_id=? where id=?
21:24:09.377 [main] DEBUG o.h.p.c.AbstractCollectionPersister -  Row update: update Prescriptions set  where id=?
21:24:09.377 [main] DEBUG o.h.p.c.AbstractCollectionPersister -  Row delete: update Prescriptions set prescriptions_id=null where prescriptions_id=? and id=?
21:24:09.378 [main] DEBUG o.h.p.c.AbstractCollectionPersister -  One-shot delete: update Prescriptions set prescriptions_id=null where prescriptions_id=?
21:24:09.409 [main] DEBUG o.h.p.entity.AbstractEntityPersister - Static SQL for entity: edu.ncsu.csc.itrust2.models.persistent.Personnel
21:24:09.410 [main] DEBUG o.h.p.entity.AbstractEntityPersister -  Version select: select id from Personnel where id =?
21:24:09.411 [main] DEBUG o.h.p.entity.AbstractEntityPersister -  Snapshot select: select personnel_.id, personnel_.address1 as address2_13_, personnel_.address2 as address3_13_, personnel_.city as city4_13_, personnel_.email as email5_13_, personnel_.enabled as enabled6_13_, personnel_.firstName as firstNam7_13_, personnel_.lastName as lastName8_13_, personnel_.phone as phone9_13_, personnel_.self_id as self_id13_13_, personnel_.specialty as special10_13_, personnel_.state as state11_13_, personnel_.zip as zip12_13_ from Personnel personnel_ where personnel_.id=?
21:24:09.411 [main] DEBUG o.h.p.entity.AbstractEntityPersister -  Insert 0: insert into Personnel (address1, address2, city, email, enabled, firstName, lastName, phone, self_id, specialty, state, zip, id) values (?, ?, ?, ?, ?, ?, ?, ?, ?, ?, ?, ?, ?)
21:24:09.412 [main] DEBUG o.h.p.entity.AbstractEntityPersister -  Update 0: update Personnel set address1=?, address2=?, city=?, email=?, enabled=?, firstName=?, lastName=?, phone=?, self_id=?, specialty=?, state=?, zip=? where id=?
21:24:09.413 [main] DEBUG o.h.p.entity.AbstractEntityPersister -  Delete 0: delete from Personnel where id=?
21:24:09.579 [main] DEBUG o.h.l.p.b.i.spaces.QuerySpacesImpl - Adding QuerySpace : uid = <gen:0> -> org.hibernate.loader.plan.build.internal.spaces.EntityQuerySpaceImpl@13ebfbd3]
21:24:09.588 [main] DEBUG o.h.p.w.spi.MetamodelGraphWalker - Visiting attribute path : address1
21:24:09.589 [main] DEBUG o.h.p.w.spi.MetamodelGraphWalker - Visiting attribute path : address2
21:24:09.589 [main] DEBUG o.h.p.w.spi.MetamodelGraphWalker - Visiting attribute path : city
21:24:09.589 [main] DEBUG o.h.p.w.spi.MetamodelGraphWalker - Visiting attribute path : email
21:24:09.590 [main] DEBUG o.h.p.w.spi.MetamodelGraphWalker - Visiting attribute path : enabled
21:24:09.590 [main] DEBUG o.h.p.w.spi.MetamodelGraphWalker - Visiting attribute path : firstName
21:24:09.590 [main] DEBUG o.h.p.w.spi.MetamodelGraphWalker - Visiting attribute path : lastName
21:24:09.591 [main] DEBUG o.h.p.w.spi.MetamodelGraphWalker - Visiting attribute path : phone
21:24:09.591 [main] DEBUG o.h.p.w.spi.MetamodelGraphWalker - Visiting attribute path : self
21:24:09.630 [main] DEBUG o.h.l.p.b.i.spaces.QuerySpacesImpl - Adding QuerySpace : uid = <gen:1> -> org.hibernate.loader.plan.build.internal.spaces.EntityQuerySpaceImpl@407046a0]
21:24:09.642 [main] DEBUG o.h.p.w.spi.MetamodelGraphWalker - Visiting attribute path : self.enabled
21:24:09.643 [main] DEBUG o.h.p.w.spi.MetamodelGraphWalker - Visiting attribute path : self.password
21:24:09.643 [main] DEBUG o.h.p.w.spi.MetamodelGraphWalker - Visiting attribute path : self.role
21:24:09.644 [main] DEBUG o.h.p.w.spi.MetamodelGraphWalker - Visiting attribute path : specialty
21:24:09.644 [main] DEBUG o.h.p.w.spi.MetamodelGraphWalker - Visiting attribute path : state
21:24:09.645 [main] DEBUG o.h.p.w.spi.MetamodelGraphWalker - Visiting attribute path : zip
21:24:09.645 [main] DEBUG o.h.l.p.b.i.FetchStyleLoadPlanBuildingAssociationVisitationStrategy - Building LoadPlan...
21:24:09.764 [main] DEBUG o.h.l.p.e.i.LoadQueryJoinAndFetchProcessor - processing queryspace <gen:0>
21:24:09.804 [main] DEBUG o.h.l.p.b.spi.LoadPlanTreePrinter - LoadPlan(entity=edu.ncsu.csc.itrust2.models.persistent.Personnel)
    - Returns
       - EntityReturnImpl(entity=edu.ncsu.csc.itrust2.models.persistent.Personnel, querySpaceUid=<gen:0>, path=edu.ncsu.csc.itrust2.models.persistent.Personnel)
          - EntityAttributeFetchImpl(entity=edu.ncsu.csc.itrust2.models.persistent.User, querySpaceUid=<gen:1>, path=edu.ncsu.csc.itrust2.models.persistent.Personnel.self)
    - QuerySpaces
       - EntityQuerySpaceImpl(uid=<gen:0>, entity=edu.ncsu.csc.itrust2.models.persistent.Personnel)
          - SQL table alias mapping - personnel0_
          - alias suffix - 0_
          - suffixed key columns - {id1_13_0_}
          - JOIN (JoinDefinedByMetadata(self)) : <gen:0> -> <gen:1>
             - EntityQuerySpaceImpl(uid=<gen:1>, entity=edu.ncsu.csc.itrust2.models.persistent.User)
                - SQL table alias mapping - user1_
                - alias suffix - 1_
                - suffixed key columns - {username1_15_1_}

21:24:09.822 [main] DEBUG o.h.loader.entity.plan.EntityLoader - Static select for entity edu.ncsu.csc.itrust2.models.persistent.Personnel [NONE]: select personnel0_.id as id1_13_0_, personnel0_.address1 as address2_13_0_, personnel0_.address2 as address3_13_0_, personnel0_.city as city4_13_0_, personnel0_.email as email5_13_0_, personnel0_.enabled as enabled6_13_0_, personnel0_.firstName as firstNam7_13_0_, personnel0_.lastName as lastName8_13_0_, personnel0_.phone as phone9_13_0_, personnel0_.self_id as self_id13_13_0_, personnel0_.specialty as special10_13_0_, personnel0_.state as state11_13_0_, personnel0_.zip as zip12_13_0_, user1_.username as username1_15_1_, user1_.enabled as enabled2_15_1_, user1_.password as password3_15_1_, user1_.role as role4_15_1_ from Personnel personnel0_ left outer join Users user1_ on personnel0_.self_id=user1_.username where personnel0_.id=?
21:24:09.822 [main] DEBUG o.h.l.p.b.i.spaces.QuerySpacesImpl - Adding QuerySpace : uid = <gen:0> -> org.hibernate.loader.plan.build.internal.spaces.EntityQuerySpaceImpl@1c4d87ff]
21:24:09.823 [main] DEBUG o.h.p.w.spi.MetamodelGraphWalker - Visiting attribute path : address1
21:24:09.824 [main] DEBUG o.h.p.w.spi.MetamodelGraphWalker - Visiting attribute path : address2
21:24:09.824 [main] DEBUG o.h.p.w.spi.MetamodelGraphWalker - Visiting attribute path : city
21:24:09.824 [main] DEBUG o.h.p.w.spi.MetamodelGraphWalker - Visiting attribute path : email
21:24:09.825 [main] DEBUG o.h.p.w.spi.MetamodelGraphWalker - Visiting attribute path : enabled
21:24:09.825 [main] DEBUG o.h.p.w.spi.MetamodelGraphWalker - Visiting attribute path : firstName
21:24:09.825 [main] DEBUG o.h.p.w.spi.MetamodelGraphWalker - Visiting attribute path : lastName
21:24:09.826 [main] DEBUG o.h.p.w.spi.MetamodelGraphWalker - Visiting attribute path : phone
21:24:09.826 [main] DEBUG o.h.p.w.spi.MetamodelGraphWalker - Visiting attribute path : self
21:24:09.827 [main] DEBUG o.h.l.p.b.i.spaces.QuerySpacesImpl - Adding QuerySpace : uid = <gen:1> -> org.hibernate.loader.plan.build.internal.spaces.EntityQuerySpaceImpl@38018af7]
21:24:09.827 [main] DEBUG o.h.p.w.spi.MetamodelGraphWalker - Visiting attribute path : self.enabled
21:24:09.828 [main] DEBUG o.h.p.w.spi.MetamodelGraphWalker - Visiting attribute path : self.password
21:24:09.828 [main] DEBUG o.h.p.w.spi.MetamodelGraphWalker - Visiting attribute path : self.role
21:24:09.829 [main] DEBUG o.h.p.w.spi.MetamodelGraphWalker - Visiting attribute path : specialty
21:24:09.830 [main] DEBUG o.h.p.w.spi.MetamodelGraphWalker - Visiting attribute path : state
21:24:09.830 [main] DEBUG o.h.p.w.spi.MetamodelGraphWalker - Visiting attribute path : zip
21:24:09.831 [main] DEBUG o.h.l.p.b.i.FetchStyleLoadPlanBuildingAssociationVisitationStrategy - Building LoadPlan...
21:24:09.833 [main] DEBUG o.h.l.p.e.i.LoadQueryJoinAndFetchProcessor - processing queryspace <gen:0>
21:24:09.836 [main] DEBUG o.h.l.p.b.spi.LoadPlanTreePrinter - LoadPlan(entity=edu.ncsu.csc.itrust2.models.persistent.Personnel)
    - Returns
       - EntityReturnImpl(entity=edu.ncsu.csc.itrust2.models.persistent.Personnel, querySpaceUid=<gen:0>, path=edu.ncsu.csc.itrust2.models.persistent.Personnel)
          - EntityAttributeFetchImpl(entity=edu.ncsu.csc.itrust2.models.persistent.User, querySpaceUid=<gen:1>, path=edu.ncsu.csc.itrust2.models.persistent.Personnel.self)
    - QuerySpaces
       - EntityQuerySpaceImpl(uid=<gen:0>, entity=edu.ncsu.csc.itrust2.models.persistent.Personnel)
          - SQL table alias mapping - personnel0_
          - alias suffix - 0_
          - suffixed key columns - {id1_13_0_}
          - JOIN (JoinDefinedByMetadata(self)) : <gen:0> -> <gen:1>
             - EntityQuerySpaceImpl(uid=<gen:1>, entity=edu.ncsu.csc.itrust2.models.persistent.User)
                - SQL table alias mapping - user1_
                - alias suffix - 1_
                - suffixed key columns - {username1_15_1_}

21:24:09.837 [main] DEBUG o.h.loader.entity.plan.EntityLoader - Static select for entity edu.ncsu.csc.itrust2.models.persistent.Personnel [READ]: select personnel0_.id as id1_13_0_, personnel0_.address1 as address2_13_0_, personnel0_.address2 as address3_13_0_, personnel0_.city as city4_13_0_, personnel0_.email as email5_13_0_, personnel0_.enabled as enabled6_13_0_, personnel0_.firstName as firstNam7_13_0_, personnel0_.lastName as lastName8_13_0_, personnel0_.phone as phone9_13_0_, personnel0_.self_id as self_id13_13_0_, personnel0_.specialty as special10_13_0_, personnel0_.state as state11_13_0_, personnel0_.zip as zip12_13_0_, user1_.username as username1_15_1_, user1_.enabled as enabled2_15_1_, user1_.password as password3_15_1_, user1_.role as role4_15_1_ from Personnel personnel0_ left outer join Users user1_ on personnel0_.self_id=user1_.username where personnel0_.id=?
21:24:09.838 [main] DEBUG o.h.l.p.b.i.spaces.QuerySpacesImpl - Adding QuerySpace : uid = <gen:0> -> org.hibernate.loader.plan.build.internal.spaces.EntityQuerySpaceImpl@f5fcdf5]
21:24:09.839 [main] DEBUG o.h.p.w.spi.MetamodelGraphWalker - Visiting attribute path : address1
21:24:09.840 [main] DEBUG o.h.p.w.spi.MetamodelGraphWalker - Visiting attribute path : address2
21:24:09.840 [main] DEBUG o.h.p.w.spi.MetamodelGraphWalker - Visiting attribute path : city
21:24:09.840 [main] DEBUG o.h.p.w.spi.MetamodelGraphWalker - Visiting attribute path : email
21:24:09.841 [main] DEBUG o.h.p.w.spi.MetamodelGraphWalker - Visiting attribute path : enabled
21:24:09.841 [main] DEBUG o.h.p.w.spi.MetamodelGraphWalker - Visiting attribute path : firstName
21:24:09.841 [main] DEBUG o.h.p.w.spi.MetamodelGraphWalker - Visiting attribute path : lastName
21:24:09.842 [main] DEBUG o.h.p.w.spi.MetamodelGraphWalker - Visiting attribute path : phone
21:24:09.842 [main] DEBUG o.h.p.w.spi.MetamodelGraphWalker - Visiting attribute path : self
21:24:09.842 [main] DEBUG o.h.l.p.b.i.spaces.QuerySpacesImpl - Adding QuerySpace : uid = <gen:1> -> org.hibernate.loader.plan.build.internal.spaces.EntityQuerySpaceImpl@2a82a45e]
21:24:09.843 [main] DEBUG o.h.p.w.spi.MetamodelGraphWalker - Visiting attribute path : specialty
21:24:09.843 [main] DEBUG o.h.p.w.spi.MetamodelGraphWalker - Visiting attribute path : state
21:24:09.843 [main] DEBUG o.h.p.w.spi.MetamodelGraphWalker - Visiting attribute path : zip
21:24:09.843 [main] DEBUG o.h.l.p.b.i.FetchStyleLoadPlanBuildingAssociationVisitationStrategy - Building LoadPlan...
21:24:09.845 [main] DEBUG o.h.l.p.e.i.LoadQueryJoinAndFetchProcessor - processing queryspace <gen:0>
21:24:09.845 [main] DEBUG o.h.l.p.b.spi.LoadPlanTreePrinter - LoadPlan(entity=edu.ncsu.csc.itrust2.models.persistent.Personnel)
    - Returns
       - EntityReturnImpl(entity=edu.ncsu.csc.itrust2.models.persistent.Personnel, querySpaceUid=<gen:0>, path=edu.ncsu.csc.itrust2.models.persistent.Personnel)
          - EntityAttributeFetchImpl(entity=edu.ncsu.csc.itrust2.models.persistent.User, querySpaceUid=<gen:1>, path=edu.ncsu.csc.itrust2.models.persistent.Personnel.self)
    - QuerySpaces
       - EntityQuerySpaceImpl(uid=<gen:0>, entity=edu.ncsu.csc.itrust2.models.persistent.Personnel)
          - SQL table alias mapping - personnel0_
          - alias suffix - 0_
          - suffixed key columns - {id1_13_0_}

21:24:09.846 [main] DEBUG o.h.loader.entity.plan.EntityLoader - Static select for entity edu.ncsu.csc.itrust2.models.persistent.Personnel [UPGRADE]: select personnel0_.id as id1_13_0_, personnel0_.address1 as address2_13_0_, personnel0_.address2 as address3_13_0_, personnel0_.city as city4_13_0_, personnel0_.email as email5_13_0_, personnel0_.enabled as enabled6_13_0_, personnel0_.firstName as firstNam7_13_0_, personnel0_.lastName as lastName8_13_0_, personnel0_.phone as phone9_13_0_, personnel0_.self_id as self_id13_13_0_, personnel0_.specialty as special10_13_0_, personnel0_.state as state11_13_0_, personnel0_.zip as zip12_13_0_ from Personnel personnel0_ where personnel0_.id=? for update
21:24:09.846 [main] DEBUG o.h.l.p.b.i.spaces.QuerySpacesImpl - Adding QuerySpace : uid = <gen:0> -> org.hibernate.loader.plan.build.internal.spaces.EntityQuerySpaceImpl@3bb2af3f]
21:24:09.847 [main] DEBUG o.h.p.w.spi.MetamodelGraphWalker - Visiting attribute path : address1
21:24:09.847 [main] DEBUG o.h.p.w.spi.MetamodelGraphWalker - Visiting attribute path : address2
21:24:09.847 [main] DEBUG o.h.p.w.spi.MetamodelGraphWalker - Visiting attribute path : city
21:24:09.847 [main] DEBUG o.h.p.w.spi.MetamodelGraphWalker - Visiting attribute path : email
21:24:09.848 [main] DEBUG o.h.p.w.spi.MetamodelGraphWalker - Visiting attribute path : enabled
21:24:09.848 [main] DEBUG o.h.p.w.spi.MetamodelGraphWalker - Visiting attribute path : firstName
21:24:09.848 [main] DEBUG o.h.p.w.spi.MetamodelGraphWalker - Visiting attribute path : lastName
21:24:09.848 [main] DEBUG o.h.p.w.spi.MetamodelGraphWalker - Visiting attribute path : phone
21:24:09.848 [main] DEBUG o.h.p.w.spi.MetamodelGraphWalker - Visiting attribute path : self
21:24:09.850 [main] DEBUG o.h.l.p.b.i.spaces.QuerySpacesImpl - Adding QuerySpace : uid = <gen:1> -> org.hibernate.loader.plan.build.internal.spaces.EntityQuerySpaceImpl@5291f5ab]
21:24:09.850 [main] DEBUG o.h.p.w.spi.MetamodelGraphWalker - Visiting attribute path : specialty
21:24:09.850 [main] DEBUG o.h.p.w.spi.MetamodelGraphWalker - Visiting attribute path : state
21:24:09.850 [main] DEBUG o.h.p.w.spi.MetamodelGraphWalker - Visiting attribute path : zip
21:24:09.851 [main] DEBUG o.h.l.p.b.i.FetchStyleLoadPlanBuildingAssociationVisitationStrategy - Building LoadPlan...
21:24:09.852 [main] DEBUG o.h.l.p.e.i.LoadQueryJoinAndFetchProcessor - processing queryspace <gen:0>
21:24:09.853 [main] DEBUG o.h.l.p.b.spi.LoadPlanTreePrinter - LoadPlan(entity=edu.ncsu.csc.itrust2.models.persistent.Personnel)
    - Returns
       - EntityReturnImpl(entity=edu.ncsu.csc.itrust2.models.persistent.Personnel, querySpaceUid=<gen:0>, path=edu.ncsu.csc.itrust2.models.persistent.Personnel)
          - EntityAttributeFetchImpl(entity=edu.ncsu.csc.itrust2.models.persistent.User, querySpaceUid=<gen:1>, path=edu.ncsu.csc.itrust2.models.persistent.Personnel.self)
    - QuerySpaces
       - EntityQuerySpaceImpl(uid=<gen:0>, entity=edu.ncsu.csc.itrust2.models.persistent.Personnel)
          - SQL table alias mapping - personnel0_
          - alias suffix - 0_
          - suffixed key columns - {id1_13_0_}

21:24:09.863 [main] DEBUG o.h.loader.entity.plan.EntityLoader - Static select for entity edu.ncsu.csc.itrust2.models.persistent.Personnel [UPGRADE_NOWAIT]: select personnel0_.id as id1_13_0_, personnel0_.address1 as address2_13_0_, personnel0_.address2 as address3_13_0_, personnel0_.city as city4_13_0_, personnel0_.email as email5_13_0_, personnel0_.enabled as enabled6_13_0_, personnel0_.firstName as firstNam7_13_0_, personnel0_.lastName as lastName8_13_0_, personnel0_.phone as phone9_13_0_, personnel0_.self_id as self_id13_13_0_, personnel0_.specialty as special10_13_0_, personnel0_.state as state11_13_0_, personnel0_.zip as zip12_13_0_ from Personnel personnel0_ where personnel0_.id=? for update
21:24:09.863 [main] DEBUG o.h.l.p.b.i.spaces.QuerySpacesImpl - Adding QuerySpace : uid = <gen:0> -> org.hibernate.loader.plan.build.internal.spaces.EntityQuerySpaceImpl@6d8e0bf3]
21:24:09.864 [main] DEBUG o.h.p.w.spi.MetamodelGraphWalker - Visiting attribute path : address1
21:24:09.865 [main] DEBUG o.h.p.w.spi.MetamodelGraphWalker - Visiting attribute path : address2
21:24:09.865 [main] DEBUG o.h.p.w.spi.MetamodelGraphWalker - Visiting attribute path : city
21:24:09.865 [main] DEBUG o.h.p.w.spi.MetamodelGraphWalker - Visiting attribute path : email
21:24:09.866 [main] DEBUG o.h.p.w.spi.MetamodelGraphWalker - Visiting attribute path : enabled
21:24:09.866 [main] DEBUG o.h.p.w.spi.MetamodelGraphWalker - Visiting attribute path : firstName
21:24:09.866 [main] DEBUG o.h.p.w.spi.MetamodelGraphWalker - Visiting attribute path : lastName
21:24:09.867 [main] DEBUG o.h.p.w.spi.MetamodelGraphWalker - Visiting attribute path : phone
21:24:09.867 [main] DEBUG o.h.p.w.spi.MetamodelGraphWalker - Visiting attribute path : self
21:24:09.867 [main] DEBUG o.h.l.p.b.i.spaces.QuerySpacesImpl - Adding QuerySpace : uid = <gen:1> -> org.hibernate.loader.plan.build.internal.spaces.EntityQuerySpaceImpl@1623aabb]
21:24:09.869 [main] DEBUG o.h.p.w.spi.MetamodelGraphWalker - Visiting attribute path : specialty
21:24:09.869 [main] DEBUG o.h.p.w.spi.MetamodelGraphWalker - Visiting attribute path : state
21:24:09.869 [main] DEBUG o.h.p.w.spi.MetamodelGraphWalker - Visiting attribute path : zip
21:24:09.870 [main] DEBUG o.h.l.p.b.i.FetchStyleLoadPlanBuildingAssociationVisitationStrategy - Building LoadPlan...
21:24:09.871 [main] DEBUG o.h.l.p.e.i.LoadQueryJoinAndFetchProcessor - processing queryspace <gen:0>
21:24:09.874 [main] DEBUG o.h.l.p.b.spi.LoadPlanTreePrinter - LoadPlan(entity=edu.ncsu.csc.itrust2.models.persistent.Personnel)
    - Returns
       - EntityReturnImpl(entity=edu.ncsu.csc.itrust2.models.persistent.Personnel, querySpaceUid=<gen:0>, path=edu.ncsu.csc.itrust2.models.persistent.Personnel)
          - EntityAttributeFetchImpl(entity=edu.ncsu.csc.itrust2.models.persistent.User, querySpaceUid=<gen:1>, path=edu.ncsu.csc.itrust2.models.persistent.Personnel.self)
    - QuerySpaces
       - EntityQuerySpaceImpl(uid=<gen:0>, entity=edu.ncsu.csc.itrust2.models.persistent.Personnel)
          - SQL table alias mapping - personnel0_
          - alias suffix - 0_
          - suffixed key columns - {id1_13_0_}

21:24:09.875 [main] DEBUG o.h.loader.entity.plan.EntityLoader - Static select for entity edu.ncsu.csc.itrust2.models.persistent.Personnel [UPGRADE_SKIPLOCKED]: select personnel0_.id as id1_13_0_, personnel0_.address1 as address2_13_0_, personnel0_.address2 as address3_13_0_, personnel0_.city as city4_13_0_, personnel0_.email as email5_13_0_, personnel0_.enabled as enabled6_13_0_, personnel0_.firstName as firstNam7_13_0_, personnel0_.lastName as lastName8_13_0_, personnel0_.phone as phone9_13_0_, personnel0_.self_id as self_id13_13_0_, personnel0_.specialty as special10_13_0_, personnel0_.state as state11_13_0_, personnel0_.zip as zip12_13_0_ from Personnel personnel0_ where personnel0_.id=? for update
21:24:09.876 [main] DEBUG o.h.l.p.b.i.spaces.QuerySpacesImpl - Adding QuerySpace : uid = <gen:0> -> org.hibernate.loader.plan.build.internal.spaces.EntityQuerySpaceImpl@4bc22979]
21:24:09.877 [main] DEBUG o.h.p.w.spi.MetamodelGraphWalker - Visiting attribute path : address1
21:24:09.877 [main] DEBUG o.h.p.w.spi.MetamodelGraphWalker - Visiting attribute path : address2
21:24:09.877 [main] DEBUG o.h.p.w.spi.MetamodelGraphWalker - Visiting attribute path : city
21:24:09.878 [main] DEBUG o.h.p.w.spi.MetamodelGraphWalker - Visiting attribute path : email
21:24:09.878 [main] DEBUG o.h.p.w.spi.MetamodelGraphWalker - Visiting attribute path : enabled
21:24:09.878 [main] DEBUG o.h.p.w.spi.MetamodelGraphWalker - Visiting attribute path : firstName
21:24:09.879 [main] DEBUG o.h.p.w.spi.MetamodelGraphWalker - Visiting attribute path : lastName
21:24:09.880 [main] DEBUG o.h.p.w.spi.MetamodelGraphWalker - Visiting attribute path : phone
21:24:09.880 [main] DEBUG o.h.p.w.spi.MetamodelGraphWalker - Visiting attribute path : self
21:24:09.880 [main] DEBUG o.h.l.p.b.i.spaces.QuerySpacesImpl - Adding QuerySpace : uid = <gen:1> -> org.hibernate.loader.plan.build.internal.spaces.EntityQuerySpaceImpl@492b1840]
21:24:09.881 [main] DEBUG o.h.p.w.spi.MetamodelGraphWalker - Visiting attribute path : specialty
21:24:09.886 [main] DEBUG o.h.p.w.spi.MetamodelGraphWalker - Visiting attribute path : state
21:24:09.886 [main] DEBUG o.h.p.w.spi.MetamodelGraphWalker - Visiting attribute path : zip
21:24:09.887 [main] DEBUG o.h.l.p.b.i.FetchStyleLoadPlanBuildingAssociationVisitationStrategy - Building LoadPlan...
21:24:09.889 [main] DEBUG o.h.l.p.e.i.LoadQueryJoinAndFetchProcessor - processing queryspace <gen:0>
21:24:09.890 [main] DEBUG o.h.l.p.b.spi.LoadPlanTreePrinter - LoadPlan(entity=edu.ncsu.csc.itrust2.models.persistent.Personnel)
    - Returns
       - EntityReturnImpl(entity=edu.ncsu.csc.itrust2.models.persistent.Personnel, querySpaceUid=<gen:0>, path=edu.ncsu.csc.itrust2.models.persistent.Personnel)
          - EntityAttributeFetchImpl(entity=edu.ncsu.csc.itrust2.models.persistent.User, querySpaceUid=<gen:1>, path=edu.ncsu.csc.itrust2.models.persistent.Personnel.self)
    - QuerySpaces
       - EntityQuerySpaceImpl(uid=<gen:0>, entity=edu.ncsu.csc.itrust2.models.persistent.Personnel)
          - SQL table alias mapping - personnel0_
          - alias suffix - 0_
          - suffixed key columns - {id1_13_0_}

21:24:09.891 [main] DEBUG o.h.loader.entity.plan.EntityLoader - Static select for entity edu.ncsu.csc.itrust2.models.persistent.Personnel [FORCE]: select personnel0_.id as id1_13_0_, personnel0_.address1 as address2_13_0_, personnel0_.address2 as address3_13_0_, personnel0_.city as city4_13_0_, personnel0_.email as email5_13_0_, personnel0_.enabled as enabled6_13_0_, personnel0_.firstName as firstNam7_13_0_, personnel0_.lastName as lastName8_13_0_, personnel0_.phone as phone9_13_0_, personnel0_.self_id as self_id13_13_0_, personnel0_.specialty as special10_13_0_, personnel0_.state as state11_13_0_, personnel0_.zip as zip12_13_0_ from Personnel personnel0_ where personnel0_.id=? for update
21:24:09.892 [main] DEBUG o.h.l.p.b.i.spaces.QuerySpacesImpl - Adding QuerySpace : uid = <gen:0> -> org.hibernate.loader.plan.build.internal.spaces.EntityQuerySpaceImpl@42d605ac]
21:24:09.892 [main] DEBUG o.h.p.w.spi.MetamodelGraphWalker - Visiting attribute path : address1
21:24:09.892 [main] DEBUG o.h.p.w.spi.MetamodelGraphWalker - Visiting attribute path : address2
21:24:09.893 [main] DEBUG o.h.p.w.spi.MetamodelGraphWalker - Visiting attribute path : city
21:24:09.893 [main] DEBUG o.h.p.w.spi.MetamodelGraphWalker - Visiting attribute path : email
21:24:09.894 [main] DEBUG o.h.p.w.spi.MetamodelGraphWalker - Visiting attribute path : enabled
21:24:09.894 [main] DEBUG o.h.p.w.spi.MetamodelGraphWalker - Visiting attribute path : firstName
21:24:09.894 [main] DEBUG o.h.p.w.spi.MetamodelGraphWalker - Visiting attribute path : lastName
21:24:09.894 [main] DEBUG o.h.p.w.spi.MetamodelGraphWalker - Visiting attribute path : phone
21:24:09.895 [main] DEBUG o.h.p.w.spi.MetamodelGraphWalker - Visiting attribute path : self
21:24:09.895 [main] DEBUG o.h.l.p.b.i.spaces.QuerySpacesImpl - Adding QuerySpace : uid = <gen:1> -> org.hibernate.loader.plan.build.internal.spaces.EntityQuerySpaceImpl@3d3d9165]
21:24:09.896 [main] DEBUG o.h.p.w.spi.MetamodelGraphWalker - Visiting attribute path : specialty
21:24:09.896 [main] DEBUG o.h.p.w.spi.MetamodelGraphWalker - Visiting attribute path : state
21:24:09.896 [main] DEBUG o.h.p.w.spi.MetamodelGraphWalker - Visiting attribute path : zip
21:24:09.897 [main] DEBUG o.h.l.p.b.i.FetchStyleLoadPlanBuildingAssociationVisitationStrategy - Building LoadPlan...
21:24:09.899 [main] DEBUG o.h.l.p.e.i.LoadQueryJoinAndFetchProcessor - processing queryspace <gen:0>
21:24:09.903 [main] DEBUG o.h.l.p.b.spi.LoadPlanTreePrinter - LoadPlan(entity=edu.ncsu.csc.itrust2.models.persistent.Personnel)
    - Returns
       - EntityReturnImpl(entity=edu.ncsu.csc.itrust2.models.persistent.Personnel, querySpaceUid=<gen:0>, path=edu.ncsu.csc.itrust2.models.persistent.Personnel)
          - EntityAttributeFetchImpl(entity=edu.ncsu.csc.itrust2.models.persistent.User, querySpaceUid=<gen:1>, path=edu.ncsu.csc.itrust2.models.persistent.Personnel.self)
    - QuerySpaces
       - EntityQuerySpaceImpl(uid=<gen:0>, entity=edu.ncsu.csc.itrust2.models.persistent.Personnel)
          - SQL table alias mapping - personnel0_
          - alias suffix - 0_
          - suffixed key columns - {id1_13_0_}

21:24:09.903 [main] DEBUG o.h.loader.entity.plan.EntityLoader - Static select for entity edu.ncsu.csc.itrust2.models.persistent.Personnel [PESSIMISTIC_READ]: select personnel0_.id as id1_13_0_, personnel0_.address1 as address2_13_0_, personnel0_.address2 as address3_13_0_, personnel0_.city as city4_13_0_, personnel0_.email as email5_13_0_, personnel0_.enabled as enabled6_13_0_, personnel0_.firstName as firstNam7_13_0_, personnel0_.lastName as lastName8_13_0_, personnel0_.phone as phone9_13_0_, personnel0_.self_id as self_id13_13_0_, personnel0_.specialty as special10_13_0_, personnel0_.state as state11_13_0_, personnel0_.zip as zip12_13_0_ from Personnel personnel0_ where personnel0_.id=? lock in share mode
21:24:09.904 [main] DEBUG o.h.l.p.b.i.spaces.QuerySpacesImpl - Adding QuerySpace : uid = <gen:0> -> org.hibernate.loader.plan.build.internal.spaces.EntityQuerySpaceImpl@2c45779a]
21:24:09.906 [main] DEBUG o.h.p.w.spi.MetamodelGraphWalker - Visiting attribute path : address1
21:24:09.907 [main] DEBUG o.h.p.w.spi.MetamodelGraphWalker - Visiting attribute path : address2
21:24:09.907 [main] DEBUG o.h.p.w.spi.MetamodelGraphWalker - Visiting attribute path : city
21:24:09.908 [main] DEBUG o.h.p.w.spi.MetamodelGraphWalker - Visiting attribute path : email
21:24:09.908 [main] DEBUG o.h.p.w.spi.MetamodelGraphWalker - Visiting attribute path : enabled
21:24:09.908 [main] DEBUG o.h.p.w.spi.MetamodelGraphWalker - Visiting attribute path : firstName
21:24:09.909 [main] DEBUG o.h.p.w.spi.MetamodelGraphWalker - Visiting attribute path : lastName
21:24:09.909 [main] DEBUG o.h.p.w.spi.MetamodelGraphWalker - Visiting attribute path : phone
21:24:09.909 [main] DEBUG o.h.p.w.spi.MetamodelGraphWalker - Visiting attribute path : self
21:24:09.909 [main] DEBUG o.h.l.p.b.i.spaces.QuerySpacesImpl - Adding QuerySpace : uid = <gen:1> -> org.hibernate.loader.plan.build.internal.spaces.EntityQuerySpaceImpl@6d51cc69]
21:24:09.910 [main] DEBUG o.h.p.w.spi.MetamodelGraphWalker - Visiting attribute path : specialty
21:24:09.910 [main] DEBUG o.h.p.w.spi.MetamodelGraphWalker - Visiting attribute path : state
21:24:09.910 [main] DEBUG o.h.p.w.spi.MetamodelGraphWalker - Visiting attribute path : zip
21:24:09.910 [main] DEBUG o.h.l.p.b.i.FetchStyleLoadPlanBuildingAssociationVisitationStrategy - Building LoadPlan...
21:24:09.911 [main] DEBUG o.h.l.p.e.i.LoadQueryJoinAndFetchProcessor - processing queryspace <gen:0>
21:24:09.912 [main] DEBUG o.h.l.p.b.spi.LoadPlanTreePrinter - LoadPlan(entity=edu.ncsu.csc.itrust2.models.persistent.Personnel)
    - Returns
       - EntityReturnImpl(entity=edu.ncsu.csc.itrust2.models.persistent.Personnel, querySpaceUid=<gen:0>, path=edu.ncsu.csc.itrust2.models.persistent.Personnel)
          - EntityAttributeFetchImpl(entity=edu.ncsu.csc.itrust2.models.persistent.User, querySpaceUid=<gen:1>, path=edu.ncsu.csc.itrust2.models.persistent.Personnel.self)
    - QuerySpaces
       - EntityQuerySpaceImpl(uid=<gen:0>, entity=edu.ncsu.csc.itrust2.models.persistent.Personnel)
          - SQL table alias mapping - personnel0_
          - alias suffix - 0_
          - suffixed key columns - {id1_13_0_}

21:24:09.912 [main] DEBUG o.h.loader.entity.plan.EntityLoader - Static select for entity edu.ncsu.csc.itrust2.models.persistent.Personnel [PESSIMISTIC_WRITE]: select personnel0_.id as id1_13_0_, personnel0_.address1 as address2_13_0_, personnel0_.address2 as address3_13_0_, personnel0_.city as city4_13_0_, personnel0_.email as email5_13_0_, personnel0_.enabled as enabled6_13_0_, personnel0_.firstName as firstNam7_13_0_, personnel0_.lastName as lastName8_13_0_, personnel0_.phone as phone9_13_0_, personnel0_.self_id as self_id13_13_0_, personnel0_.specialty as special10_13_0_, personnel0_.state as state11_13_0_, personnel0_.zip as zip12_13_0_ from Personnel personnel0_ where personnel0_.id=? for update
21:24:09.914 [main] DEBUG o.h.l.p.b.i.spaces.QuerySpacesImpl - Adding QuerySpace : uid = <gen:0> -> org.hibernate.loader.plan.build.internal.spaces.EntityQuerySpaceImpl@3cb6de1f]
21:24:09.915 [main] DEBUG o.h.p.w.spi.MetamodelGraphWalker - Visiting attribute path : address1
21:24:09.916 [main] DEBUG o.h.p.w.spi.MetamodelGraphWalker - Visiting attribute path : address2
21:24:09.916 [main] DEBUG o.h.p.w.spi.MetamodelGraphWalker - Visiting attribute path : city
21:24:09.916 [main] DEBUG o.h.p.w.spi.MetamodelGraphWalker - Visiting attribute path : email
21:24:09.919 [main] DEBUG o.h.p.w.spi.MetamodelGraphWalker - Visiting attribute path : enabled
21:24:09.919 [main] DEBUG o.h.p.w.spi.MetamodelGraphWalker - Visiting attribute path : firstName
21:24:09.920 [main] DEBUG o.h.p.w.spi.MetamodelGraphWalker - Visiting attribute path : lastName
21:24:09.921 [main] DEBUG o.h.p.w.spi.MetamodelGraphWalker - Visiting attribute path : phone
21:24:09.921 [main] DEBUG o.h.p.w.spi.MetamodelGraphWalker - Visiting attribute path : self
21:24:09.921 [main] DEBUG o.h.l.p.b.i.spaces.QuerySpacesImpl - Adding QuerySpace : uid = <gen:1> -> org.hibernate.loader.plan.build.internal.spaces.EntityQuerySpaceImpl@2db9e32]
21:24:09.922 [main] DEBUG o.h.p.w.spi.MetamodelGraphWalker - Visiting attribute path : specialty
21:24:09.922 [main] DEBUG o.h.p.w.spi.MetamodelGraphWalker - Visiting attribute path : state
21:24:09.922 [main] DEBUG o.h.p.w.spi.MetamodelGraphWalker - Visiting attribute path : zip
21:24:09.923 [main] DEBUG o.h.l.p.b.i.FetchStyleLoadPlanBuildingAssociationVisitationStrategy - Building LoadPlan...
21:24:09.925 [main] DEBUG o.h.l.p.e.i.LoadQueryJoinAndFetchProcessor - processing queryspace <gen:0>
21:24:09.926 [main] DEBUG o.h.l.p.b.spi.LoadPlanTreePrinter - LoadPlan(entity=edu.ncsu.csc.itrust2.models.persistent.Personnel)
    - Returns
       - EntityReturnImpl(entity=edu.ncsu.csc.itrust2.models.persistent.Personnel, querySpaceUid=<gen:0>, path=edu.ncsu.csc.itrust2.models.persistent.Personnel)
          - EntityAttributeFetchImpl(entity=edu.ncsu.csc.itrust2.models.persistent.User, querySpaceUid=<gen:1>, path=edu.ncsu.csc.itrust2.models.persistent.Personnel.self)
    - QuerySpaces
       - EntityQuerySpaceImpl(uid=<gen:0>, entity=edu.ncsu.csc.itrust2.models.persistent.Personnel)
          - SQL table alias mapping - personnel0_
          - alias suffix - 0_
          - suffixed key columns - {id1_13_0_}

21:24:09.926 [main] DEBUG o.h.loader.entity.plan.EntityLoader - Static select for entity edu.ncsu.csc.itrust2.models.persistent.Personnel [PESSIMISTIC_FORCE_INCREMENT]: select personnel0_.id as id1_13_0_, personnel0_.address1 as address2_13_0_, personnel0_.address2 as address3_13_0_, personnel0_.city as city4_13_0_, personnel0_.email as email5_13_0_, personnel0_.enabled as enabled6_13_0_, personnel0_.firstName as firstNam7_13_0_, personnel0_.lastName as lastName8_13_0_, personnel0_.phone as phone9_13_0_, personnel0_.self_id as self_id13_13_0_, personnel0_.specialty as special10_13_0_, personnel0_.state as state11_13_0_, personnel0_.zip as zip12_13_0_ from Personnel personnel0_ where personnel0_.id=? for update
21:24:09.927 [main] DEBUG o.h.l.p.b.i.spaces.QuerySpacesImpl - Adding QuerySpace : uid = <gen:0> -> org.hibernate.loader.plan.build.internal.spaces.EntityQuerySpaceImpl@618a2884]
21:24:09.927 [main] DEBUG o.h.p.w.spi.MetamodelGraphWalker - Visiting attribute path : address1
21:24:09.927 [main] DEBUG o.h.p.w.spi.MetamodelGraphWalker - Visiting attribute path : address2
21:24:09.927 [main] DEBUG o.h.p.w.spi.MetamodelGraphWalker - Visiting attribute path : city
21:24:09.928 [main] DEBUG o.h.p.w.spi.MetamodelGraphWalker - Visiting attribute path : email
21:24:09.928 [main] DEBUG o.h.p.w.spi.MetamodelGraphWalker - Visiting attribute path : enabled
21:24:09.928 [main] DEBUG o.h.p.w.spi.MetamodelGraphWalker - Visiting attribute path : firstName
21:24:09.928 [main] DEBUG o.h.p.w.spi.MetamodelGraphWalker - Visiting attribute path : lastName
21:24:09.929 [main] DEBUG o.h.p.w.spi.MetamodelGraphWalker - Visiting attribute path : phone
21:24:09.929 [main] DEBUG o.h.p.w.spi.MetamodelGraphWalker - Visiting attribute path : self
21:24:09.930 [main] DEBUG o.h.l.p.b.i.spaces.QuerySpacesImpl - Adding QuerySpace : uid = <gen:1> -> org.hibernate.loader.plan.build.internal.spaces.EntityQuerySpaceImpl@14cc8b77]
21:24:09.930 [main] DEBUG o.h.p.w.spi.MetamodelGraphWalker - Visiting attribute path : specialty
21:24:09.931 [main] DEBUG o.h.p.w.spi.MetamodelGraphWalker - Visiting attribute path : state
21:24:09.931 [main] DEBUG o.h.p.w.spi.MetamodelGraphWalker - Visiting attribute path : zip
21:24:09.931 [main] DEBUG o.h.l.p.b.i.FetchStyleLoadPlanBuildingAssociationVisitationStrategy - Building LoadPlan...
21:24:09.933 [main] DEBUG o.h.l.p.e.i.LoadQueryJoinAndFetchProcessor - processing queryspace <gen:0>
21:24:09.934 [main] DEBUG o.h.l.p.b.spi.LoadPlanTreePrinter - LoadPlan(entity=edu.ncsu.csc.itrust2.models.persistent.Personnel)
    - Returns
       - EntityReturnImpl(entity=edu.ncsu.csc.itrust2.models.persistent.Personnel, querySpaceUid=<gen:0>, path=edu.ncsu.csc.itrust2.models.persistent.Personnel)
          - EntityAttributeFetchImpl(entity=edu.ncsu.csc.itrust2.models.persistent.User, querySpaceUid=<gen:1>, path=edu.ncsu.csc.itrust2.models.persistent.Personnel.self)
    - QuerySpaces
       - EntityQuerySpaceImpl(uid=<gen:0>, entity=edu.ncsu.csc.itrust2.models.persistent.Personnel)
          - SQL table alias mapping - personnel0_
          - alias suffix - 0_
          - suffixed key columns - {id1_13_0_}

21:24:09.935 [main] DEBUG o.h.loader.entity.plan.EntityLoader - Static select for entity edu.ncsu.csc.itrust2.models.persistent.Personnel [OPTIMISTIC]: select personnel0_.id as id1_13_0_, personnel0_.address1 as address2_13_0_, personnel0_.address2 as address3_13_0_, personnel0_.city as city4_13_0_, personnel0_.email as email5_13_0_, personnel0_.enabled as enabled6_13_0_, personnel0_.firstName as firstNam7_13_0_, personnel0_.lastName as lastName8_13_0_, personnel0_.phone as phone9_13_0_, personnel0_.self_id as self_id13_13_0_, personnel0_.specialty as special10_13_0_, personnel0_.state as state11_13_0_, personnel0_.zip as zip12_13_0_ from Personnel personnel0_ where personnel0_.id=?
21:24:09.935 [main] DEBUG o.h.l.p.b.i.spaces.QuerySpacesImpl - Adding QuerySpace : uid = <gen:0> -> org.hibernate.loader.plan.build.internal.spaces.EntityQuerySpaceImpl@4a38bdd2]
21:24:09.936 [main] DEBUG o.h.p.w.spi.MetamodelGraphWalker - Visiting attribute path : address1
21:24:09.936 [main] DEBUG o.h.p.w.spi.MetamodelGraphWalker - Visiting attribute path : address2
21:24:09.936 [main] DEBUG o.h.p.w.spi.MetamodelGraphWalker - Visiting attribute path : city
21:24:09.936 [main] DEBUG o.h.p.w.spi.MetamodelGraphWalker - Visiting attribute path : email
21:24:09.937 [main] DEBUG o.h.p.w.spi.MetamodelGraphWalker - Visiting attribute path : enabled
21:24:09.937 [main] DEBUG o.h.p.w.spi.MetamodelGraphWalker - Visiting attribute path : firstName
21:24:09.937 [main] DEBUG o.h.p.w.spi.MetamodelGraphWalker - Visiting attribute path : lastName
21:24:09.937 [main] DEBUG o.h.p.w.spi.MetamodelGraphWalker - Visiting attribute path : phone
21:24:09.937 [main] DEBUG o.h.p.w.spi.MetamodelGraphWalker - Visiting attribute path : self
21:24:09.938 [main] DEBUG o.h.l.p.b.i.spaces.QuerySpacesImpl - Adding QuerySpace : uid = <gen:1> -> org.hibernate.loader.plan.build.internal.spaces.EntityQuerySpaceImpl@237dbbe9]
21:24:09.938 [main] DEBUG o.h.p.w.spi.MetamodelGraphWalker - Visiting attribute path : specialty
21:24:09.938 [main] DEBUG o.h.p.w.spi.MetamodelGraphWalker - Visiting attribute path : state
21:24:09.938 [main] DEBUG o.h.p.w.spi.MetamodelGraphWalker - Visiting attribute path : zip
21:24:09.939 [main] DEBUG o.h.l.p.b.i.FetchStyleLoadPlanBuildingAssociationVisitationStrategy - Building LoadPlan...
21:24:09.939 [main] DEBUG o.h.l.p.e.i.LoadQueryJoinAndFetchProcessor - processing queryspace <gen:0>
21:24:09.940 [main] DEBUG o.h.l.p.b.spi.LoadPlanTreePrinter - LoadPlan(entity=edu.ncsu.csc.itrust2.models.persistent.Personnel)
    - Returns
       - EntityReturnImpl(entity=edu.ncsu.csc.itrust2.models.persistent.Personnel, querySpaceUid=<gen:0>, path=edu.ncsu.csc.itrust2.models.persistent.Personnel)
          - EntityAttributeFetchImpl(entity=edu.ncsu.csc.itrust2.models.persistent.User, querySpaceUid=<gen:1>, path=edu.ncsu.csc.itrust2.models.persistent.Personnel.self)
    - QuerySpaces
       - EntityQuerySpaceImpl(uid=<gen:0>, entity=edu.ncsu.csc.itrust2.models.persistent.Personnel)
          - SQL table alias mapping - personnel0_
          - alias suffix - 0_
          - suffixed key columns - {id1_13_0_}

21:24:09.941 [main] DEBUG o.h.loader.entity.plan.EntityLoader - Static select for entity edu.ncsu.csc.itrust2.models.persistent.Personnel [OPTIMISTIC_FORCE_INCREMENT]: select personnel0_.id as id1_13_0_, personnel0_.address1 as address2_13_0_, personnel0_.address2 as address3_13_0_, personnel0_.city as city4_13_0_, personnel0_.email as email5_13_0_, personnel0_.enabled as enabled6_13_0_, personnel0_.firstName as firstNam7_13_0_, personnel0_.lastName as lastName8_13_0_, personnel0_.phone as phone9_13_0_, personnel0_.self_id as self_id13_13_0_, personnel0_.specialty as special10_13_0_, personnel0_.state as state11_13_0_, personnel0_.zip as zip12_13_0_ from Personnel personnel0_ where personnel0_.id=?
21:24:10.070 [main] DEBUG org.hibernate.loader.Loader - Static select for action ACTION_MERGE on entity edu.ncsu.csc.itrust2.models.persistent.Personnel: select personnel0_.id as id1_13_0_, personnel0_.address1 as address2_13_0_, personnel0_.address2 as address3_13_0_, personnel0_.city as city4_13_0_, personnel0_.email as email5_13_0_, personnel0_.enabled as enabled6_13_0_, personnel0_.firstName as firstNam7_13_0_, personnel0_.lastName as lastName8_13_0_, personnel0_.phone as phone9_13_0_, personnel0_.self_id as self_id13_13_0_, personnel0_.specialty as special10_13_0_, personnel0_.state as state11_13_0_, personnel0_.zip as zip12_13_0_ from Personnel personnel0_ where personnel0_.id=?
21:24:10.072 [main] DEBUG org.hibernate.loader.Loader - Static select for action ACTION_REFRESH on entity edu.ncsu.csc.itrust2.models.persistent.Personnel: select personnel0_.id as id1_13_0_, personnel0_.address1 as address2_13_0_, personnel0_.address2 as address3_13_0_, personnel0_.city as city4_13_0_, personnel0_.email as email5_13_0_, personnel0_.enabled as enabled6_13_0_, personnel0_.firstName as firstNam7_13_0_, personnel0_.lastName as lastName8_13_0_, personnel0_.phone as phone9_13_0_, personnel0_.self_id as self_id13_13_0_, personnel0_.specialty as special10_13_0_, personnel0_.state as state11_13_0_, personnel0_.zip as zip12_13_0_ from Personnel personnel0_ where personnel0_.id=?
21:24:10.074 [main] DEBUG o.h.p.entity.AbstractEntityPersister - Static SQL for entity: edu.ncsu.csc.itrust2.models.persistent.BasicHealthMetrics
21:24:10.075 [main] DEBUG o.h.p.entity.AbstractEntityPersister -  Version select: select id from BasicHealthMetrics where id =?
21:24:10.075 [main] DEBUG o.h.p.entity.AbstractEntityPersister -  Snapshot select: select basichealt_.id, basichealt_.diastolic as diastoli2_1_, basichealt_.hcp_id as hcp_id12_1_, basichealt_.hdl as hdl3_1_, basichealt_.headCircumference as headCirc4_1_, basichealt_.height as height5_1_, basichealt_.houseSmokingStatus as houseSmo6_1_, basichealt_.ldl as ldl7_1_, basichealt_.patient_id as patient13_1_, basichealt_.patientSmokingStatus as patientS8_1_, basichealt_.systolic as systolic9_1_, basichealt_.tri as tri10_1_, basichealt_.weight as weight11_1_ from BasicHealthMetrics basichealt_ where basichealt_.id=?
21:24:10.075 [main] DEBUG o.h.p.entity.AbstractEntityPersister -  Insert 0: insert into BasicHealthMetrics (diastolic, hcp_id, hdl, headCircumference, height, houseSmokingStatus, ldl, patient_id, patientSmokingStatus, systolic, tri, weight, id) values (?, ?, ?, ?, ?, ?, ?, ?, ?, ?, ?, ?, ?)
21:24:10.076 [main] DEBUG o.h.p.entity.AbstractEntityPersister -  Update 0: update BasicHealthMetrics set diastolic=?, hcp_id=?, hdl=?, headCircumference=?, height=?, houseSmokingStatus=?, ldl=?, patient_id=?, patientSmokingStatus=?, systolic=?, tri=?, weight=? where id=?
21:24:10.076 [main] DEBUG o.h.p.entity.AbstractEntityPersister -  Delete 0: delete from BasicHealthMetrics where id=?
21:24:10.077 [main] DEBUG o.h.l.p.b.i.spaces.QuerySpacesImpl - Adding QuerySpace : uid = <gen:0> -> org.hibernate.loader.plan.build.internal.spaces.EntityQuerySpaceImpl@4a5b1a27]
21:24:10.077 [main] DEBUG o.h.p.w.spi.MetamodelGraphWalker - Visiting attribute path : diastolic
21:24:10.078 [main] DEBUG o.h.p.w.spi.MetamodelGraphWalker - Visiting attribute path : hcp
21:24:10.080 [main] DEBUG o.h.l.p.b.i.spaces.QuerySpacesImpl - Adding QuerySpace : uid = <gen:1> -> org.hibernate.loader.plan.build.internal.spaces.EntityQuerySpaceImpl@b20d07f]
21:24:10.080 [main] DEBUG o.h.p.w.spi.MetamodelGraphWalker - Visiting attribute path : hcp.enabled
21:24:10.081 [main] DEBUG o.h.p.w.spi.MetamodelGraphWalker - Visiting attribute path : hcp.password
21:24:10.081 [main] DEBUG o.h.p.w.spi.MetamodelGraphWalker - Visiting attribute path : hcp.role
21:24:10.082 [main] DEBUG o.h.p.w.spi.MetamodelGraphWalker - Visiting attribute path : hdl
21:24:10.082 [main] DEBUG o.h.p.w.spi.MetamodelGraphWalker - Visiting attribute path : headCircumference
21:24:10.082 [main] DEBUG o.h.p.w.spi.MetamodelGraphWalker - Visiting attribute path : height
21:24:10.082 [main] DEBUG o.h.p.w.spi.MetamodelGraphWalker - Visiting attribute path : houseSmokingStatus
21:24:10.082 [main] DEBUG o.h.p.w.spi.MetamodelGraphWalker - Visiting attribute path : ldl
21:24:10.083 [main] DEBUG o.h.p.w.spi.MetamodelGraphWalker - Visiting attribute path : patient
21:24:10.084 [main] DEBUG o.h.l.p.b.i.spaces.QuerySpacesImpl - Adding QuerySpace : uid = <gen:2> -> org.hibernate.loader.plan.build.internal.spaces.EntityQuerySpaceImpl@3f327c15]
21:24:10.084 [main] DEBUG o.h.p.w.spi.MetamodelGraphWalker - Visiting attribute path : patient.enabled
21:24:10.085 [main] DEBUG o.h.p.w.spi.MetamodelGraphWalker - Visiting attribute path : patient.password
21:24:10.085 [main] DEBUG o.h.p.w.spi.MetamodelGraphWalker - Visiting attribute path : patient.role
21:24:10.086 [main] DEBUG o.h.p.w.spi.MetamodelGraphWalker - Visiting attribute path : patientSmokingStatus
21:24:10.086 [main] DEBUG o.h.p.w.spi.MetamodelGraphWalker - Visiting attribute path : systolic
21:24:10.086 [main] DEBUG o.h.p.w.spi.MetamodelGraphWalker - Visiting attribute path : tri
21:24:10.086 [main] DEBUG o.h.p.w.spi.MetamodelGraphWalker - Visiting attribute path : weight
21:24:10.088 [main] DEBUG o.h.l.p.b.i.FetchStyleLoadPlanBuildingAssociationVisitationStrategy - Building LoadPlan...
21:24:10.089 [main] DEBUG o.h.l.p.e.i.LoadQueryJoinAndFetchProcessor - processing queryspace <gen:0>
21:24:10.093 [main] DEBUG o.h.l.p.b.spi.LoadPlanTreePrinter - LoadPlan(entity=edu.ncsu.csc.itrust2.models.persistent.BasicHealthMetrics)
    - Returns
       - EntityReturnImpl(entity=edu.ncsu.csc.itrust2.models.persistent.BasicHealthMetrics, querySpaceUid=<gen:0>, path=edu.ncsu.csc.itrust2.models.persistent.BasicHealthMetrics)
          - EntityAttributeFetchImpl(entity=edu.ncsu.csc.itrust2.models.persistent.User, querySpaceUid=<gen:1>, path=edu.ncsu.csc.itrust2.models.persistent.BasicHealthMetrics.hcp)
          - EntityAttributeFetchImpl(entity=edu.ncsu.csc.itrust2.models.persistent.User, querySpaceUid=<gen:2>, path=edu.ncsu.csc.itrust2.models.persistent.BasicHealthMetrics.patient)
    - QuerySpaces
       - EntityQuerySpaceImpl(uid=<gen:0>, entity=edu.ncsu.csc.itrust2.models.persistent.BasicHealthMetrics)
          - SQL table alias mapping - basichealt0_
          - alias suffix - 0_
          - suffixed key columns - {id1_1_0_}
          - JOIN (JoinDefinedByMetadata(hcp)) : <gen:0> -> <gen:1>
             - EntityQuerySpaceImpl(uid=<gen:1>, entity=edu.ncsu.csc.itrust2.models.persistent.User)
                - SQL table alias mapping - user1_
                - alias suffix - 1_
                - suffixed key columns - {username1_15_1_}
          - JOIN (JoinDefinedByMetadata(patient)) : <gen:0> -> <gen:2>
             - EntityQuerySpaceImpl(uid=<gen:2>, entity=edu.ncsu.csc.itrust2.models.persistent.User)
                - SQL table alias mapping - user2_
                - alias suffix - 2_
                - suffixed key columns - {username1_15_2_}

21:24:10.094 [main] DEBUG o.h.loader.entity.plan.EntityLoader - Static select for entity edu.ncsu.csc.itrust2.models.persistent.BasicHealthMetrics [NONE]: select basichealt0_.id as id1_1_0_, basichealt0_.diastolic as diastoli2_1_0_, basichealt0_.hcp_id as hcp_id12_1_0_, basichealt0_.hdl as hdl3_1_0_, basichealt0_.headCircumference as headCirc4_1_0_, basichealt0_.height as height5_1_0_, basichealt0_.houseSmokingStatus as houseSmo6_1_0_, basichealt0_.ldl as ldl7_1_0_, basichealt0_.patient_id as patient13_1_0_, basichealt0_.patientSmokingStatus as patientS8_1_0_, basichealt0_.systolic as systolic9_1_0_, basichealt0_.tri as tri10_1_0_, basichealt0_.weight as weight11_1_0_, user1_.username as username1_15_1_, user1_.enabled as enabled2_15_1_, user1_.password as password3_15_1_, user1_.role as role4_15_1_, user2_.username as username1_15_2_, user2_.enabled as enabled2_15_2_, user2_.password as password3_15_2_, user2_.role as role4_15_2_ from BasicHealthMetrics basichealt0_ inner join Users user1_ on basichealt0_.hcp_id=user1_.username inner join Users user2_ on basichealt0_.patient_id=user2_.username where basichealt0_.id=?
21:24:10.094 [main] DEBUG o.h.l.p.b.i.spaces.QuerySpacesImpl - Adding QuerySpace : uid = <gen:0> -> org.hibernate.loader.plan.build.internal.spaces.EntityQuerySpaceImpl@1bd21143]
21:24:10.096 [main] DEBUG o.h.p.w.spi.MetamodelGraphWalker - Visiting attribute path : diastolic
21:24:10.096 [main] DEBUG o.h.p.w.spi.MetamodelGraphWalker - Visiting attribute path : hcp
21:24:10.097 [main] DEBUG o.h.l.p.b.i.spaces.QuerySpacesImpl - Adding QuerySpace : uid = <gen:1> -> org.hibernate.loader.plan.build.internal.spaces.EntityQuerySpaceImpl@4cf0c635]
21:24:10.097 [main] DEBUG o.h.p.w.spi.MetamodelGraphWalker - Visiting attribute path : hcp.enabled
21:24:10.098 [main] DEBUG o.h.p.w.spi.MetamodelGraphWalker - Visiting attribute path : hcp.password
21:24:10.098 [main] DEBUG o.h.p.w.spi.MetamodelGraphWalker - Visiting attribute path : hcp.role
21:24:10.098 [main] DEBUG o.h.p.w.spi.MetamodelGraphWalker - Visiting attribute path : hdl
21:24:10.098 [main] DEBUG o.h.p.w.spi.MetamodelGraphWalker - Visiting attribute path : headCircumference
21:24:10.099 [main] DEBUG o.h.p.w.spi.MetamodelGraphWalker - Visiting attribute path : height
21:24:10.099 [main] DEBUG o.h.p.w.spi.MetamodelGraphWalker - Visiting attribute path : houseSmokingStatus
21:24:10.099 [main] DEBUG o.h.p.w.spi.MetamodelGraphWalker - Visiting attribute path : ldl
21:24:10.099 [main] DEBUG o.h.p.w.spi.MetamodelGraphWalker - Visiting attribute path : patient
21:24:10.100 [main] DEBUG o.h.l.p.b.i.spaces.QuerySpacesImpl - Adding QuerySpace : uid = <gen:2> -> org.hibernate.loader.plan.build.internal.spaces.EntityQuerySpaceImpl@356b73ad]
21:24:10.100 [main] DEBUG o.h.p.w.spi.MetamodelGraphWalker - Visiting attribute path : patient.enabled
21:24:10.101 [main] DEBUG o.h.p.w.spi.MetamodelGraphWalker - Visiting attribute path : patient.password
21:24:10.101 [main] DEBUG o.h.p.w.spi.MetamodelGraphWalker - Visiting attribute path : patient.role
21:24:10.101 [main] DEBUG o.h.p.w.spi.MetamodelGraphWalker - Visiting attribute path : patientSmokingStatus
21:24:10.101 [main] DEBUG o.h.p.w.spi.MetamodelGraphWalker - Visiting attribute path : systolic
21:24:10.101 [main] DEBUG o.h.p.w.spi.MetamodelGraphWalker - Visiting attribute path : tri
21:24:10.102 [main] DEBUG o.h.p.w.spi.MetamodelGraphWalker - Visiting attribute path : weight
21:24:10.102 [main] DEBUG o.h.l.p.b.i.FetchStyleLoadPlanBuildingAssociationVisitationStrategy - Building LoadPlan...
21:24:10.104 [main] DEBUG o.h.l.p.e.i.LoadQueryJoinAndFetchProcessor - processing queryspace <gen:0>
21:24:10.111 [main] DEBUG o.h.l.p.b.spi.LoadPlanTreePrinter - LoadPlan(entity=edu.ncsu.csc.itrust2.models.persistent.BasicHealthMetrics)
    - Returns
       - EntityReturnImpl(entity=edu.ncsu.csc.itrust2.models.persistent.BasicHealthMetrics, querySpaceUid=<gen:0>, path=edu.ncsu.csc.itrust2.models.persistent.BasicHealthMetrics)
          - EntityAttributeFetchImpl(entity=edu.ncsu.csc.itrust2.models.persistent.User, querySpaceUid=<gen:1>, path=edu.ncsu.csc.itrust2.models.persistent.BasicHealthMetrics.hcp)
          - EntityAttributeFetchImpl(entity=edu.ncsu.csc.itrust2.models.persistent.User, querySpaceUid=<gen:2>, path=edu.ncsu.csc.itrust2.models.persistent.BasicHealthMetrics.patient)
    - QuerySpaces
       - EntityQuerySpaceImpl(uid=<gen:0>, entity=edu.ncsu.csc.itrust2.models.persistent.BasicHealthMetrics)
          - SQL table alias mapping - basichealt0_
          - alias suffix - 0_
          - suffixed key columns - {id1_1_0_}
          - JOIN (JoinDefinedByMetadata(hcp)) : <gen:0> -> <gen:1>
             - EntityQuerySpaceImpl(uid=<gen:1>, entity=edu.ncsu.csc.itrust2.models.persistent.User)
                - SQL table alias mapping - user1_
                - alias suffix - 1_
                - suffixed key columns - {username1_15_1_}
          - JOIN (JoinDefinedByMetadata(patient)) : <gen:0> -> <gen:2>
             - EntityQuerySpaceImpl(uid=<gen:2>, entity=edu.ncsu.csc.itrust2.models.persistent.User)
                - SQL table alias mapping - user2_
                - alias suffix - 2_
                - suffixed key columns - {username1_15_2_}

21:24:10.112 [main] DEBUG o.h.loader.entity.plan.EntityLoader - Static select for entity edu.ncsu.csc.itrust2.models.persistent.BasicHealthMetrics [READ]: select basichealt0_.id as id1_1_0_, basichealt0_.diastolic as diastoli2_1_0_, basichealt0_.hcp_id as hcp_id12_1_0_, basichealt0_.hdl as hdl3_1_0_, basichealt0_.headCircumference as headCirc4_1_0_, basichealt0_.height as height5_1_0_, basichealt0_.houseSmokingStatus as houseSmo6_1_0_, basichealt0_.ldl as ldl7_1_0_, basichealt0_.patient_id as patient13_1_0_, basichealt0_.patientSmokingStatus as patientS8_1_0_, basichealt0_.systolic as systolic9_1_0_, basichealt0_.tri as tri10_1_0_, basichealt0_.weight as weight11_1_0_, user1_.username as username1_15_1_, user1_.enabled as enabled2_15_1_, user1_.password as password3_15_1_, user1_.role as role4_15_1_, user2_.username as username1_15_2_, user2_.enabled as enabled2_15_2_, user2_.password as password3_15_2_, user2_.role as role4_15_2_ from BasicHealthMetrics basichealt0_ inner join Users user1_ on basichealt0_.hcp_id=user1_.username inner join Users user2_ on basichealt0_.patient_id=user2_.username where basichealt0_.id=?
21:24:10.113 [main] DEBUG o.h.l.p.b.i.spaces.QuerySpacesImpl - Adding QuerySpace : uid = <gen:0> -> org.hibernate.loader.plan.build.internal.spaces.EntityQuerySpaceImpl@691fd3a8]
21:24:10.114 [main] DEBUG o.h.p.w.spi.MetamodelGraphWalker - Visiting attribute path : diastolic
21:24:10.115 [main] DEBUG o.h.p.w.spi.MetamodelGraphWalker - Visiting attribute path : hcp
21:24:10.115 [main] DEBUG o.h.l.p.b.i.spaces.QuerySpacesImpl - Adding QuerySpace : uid = <gen:1> -> org.hibernate.loader.plan.build.internal.spaces.EntityQuerySpaceImpl@78e99576]
21:24:10.116 [main] DEBUG o.h.p.w.spi.MetamodelGraphWalker - Visiting attribute path : hdl
21:24:10.116 [main] DEBUG o.h.p.w.spi.MetamodelGraphWalker - Visiting attribute path : headCircumference
21:24:10.116 [main] DEBUG o.h.p.w.spi.MetamodelGraphWalker - Visiting attribute path : height
21:24:10.117 [main] DEBUG o.h.p.w.spi.MetamodelGraphWalker - Visiting attribute path : houseSmokingStatus
21:24:10.117 [main] DEBUG o.h.p.w.spi.MetamodelGraphWalker - Visiting attribute path : ldl
21:24:10.117 [main] DEBUG o.h.p.w.spi.MetamodelGraphWalker - Visiting attribute path : patient
21:24:10.117 [main] DEBUG o.h.l.p.b.i.spaces.QuerySpacesImpl - Adding QuerySpace : uid = <gen:2> -> org.hibernate.loader.plan.build.internal.spaces.EntityQuerySpaceImpl@78b9aa0a]
21:24:10.118 [main] DEBUG o.h.p.w.spi.MetamodelGraphWalker - Visiting attribute path : patientSmokingStatus
21:24:10.118 [main] DEBUG o.h.p.w.spi.MetamodelGraphWalker - Visiting attribute path : systolic
21:24:10.118 [main] DEBUG o.h.p.w.spi.MetamodelGraphWalker - Visiting attribute path : tri
21:24:10.119 [main] DEBUG o.h.p.w.spi.MetamodelGraphWalker - Visiting attribute path : weight
21:24:10.120 [main] DEBUG o.h.l.p.b.i.FetchStyleLoadPlanBuildingAssociationVisitationStrategy - Building LoadPlan...
21:24:10.122 [main] DEBUG o.h.l.p.e.i.LoadQueryJoinAndFetchProcessor - processing queryspace <gen:0>
21:24:10.124 [main] DEBUG o.h.l.p.b.spi.LoadPlanTreePrinter - LoadPlan(entity=edu.ncsu.csc.itrust2.models.persistent.BasicHealthMetrics)
    - Returns
       - EntityReturnImpl(entity=edu.ncsu.csc.itrust2.models.persistent.BasicHealthMetrics, querySpaceUid=<gen:0>, path=edu.ncsu.csc.itrust2.models.persistent.BasicHealthMetrics)
          - EntityAttributeFetchImpl(entity=edu.ncsu.csc.itrust2.models.persistent.User, querySpaceUid=<gen:1>, path=edu.ncsu.csc.itrust2.models.persistent.BasicHealthMetrics.hcp)
          - EntityAttributeFetchImpl(entity=edu.ncsu.csc.itrust2.models.persistent.User, querySpaceUid=<gen:2>, path=edu.ncsu.csc.itrust2.models.persistent.BasicHealthMetrics.patient)
    - QuerySpaces
       - EntityQuerySpaceImpl(uid=<gen:0>, entity=edu.ncsu.csc.itrust2.models.persistent.BasicHealthMetrics)
          - SQL table alias mapping - basichealt0_
          - alias suffix - 0_
          - suffixed key columns - {id1_1_0_}

21:24:10.125 [main] DEBUG o.h.loader.entity.plan.EntityLoader - Static select for entity edu.ncsu.csc.itrust2.models.persistent.BasicHealthMetrics [UPGRADE]: select basichealt0_.id as id1_1_0_, basichealt0_.diastolic as diastoli2_1_0_, basichealt0_.hcp_id as hcp_id12_1_0_, basichealt0_.hdl as hdl3_1_0_, basichealt0_.headCircumference as headCirc4_1_0_, basichealt0_.height as height5_1_0_, basichealt0_.houseSmokingStatus as houseSmo6_1_0_, basichealt0_.ldl as ldl7_1_0_, basichealt0_.patient_id as patient13_1_0_, basichealt0_.patientSmokingStatus as patientS8_1_0_, basichealt0_.systolic as systolic9_1_0_, basichealt0_.tri as tri10_1_0_, basichealt0_.weight as weight11_1_0_ from BasicHealthMetrics basichealt0_ where basichealt0_.id=? for update
21:24:10.125 [main] DEBUG o.h.l.p.b.i.spaces.QuerySpacesImpl - Adding QuerySpace : uid = <gen:0> -> org.hibernate.loader.plan.build.internal.spaces.EntityQuerySpaceImpl@6f2cb426]
21:24:10.126 [main] DEBUG o.h.p.w.spi.MetamodelGraphWalker - Visiting attribute path : diastolic
21:24:10.126 [main] DEBUG o.h.p.w.spi.MetamodelGraphWalker - Visiting attribute path : hcp
21:24:10.126 [main] DEBUG o.h.l.p.b.i.spaces.QuerySpacesImpl - Adding QuerySpace : uid = <gen:1> -> org.hibernate.loader.plan.build.internal.spaces.EntityQuerySpaceImpl@46e6ebc6]
21:24:10.127 [main] DEBUG o.h.p.w.spi.MetamodelGraphWalker - Visiting attribute path : hdl
21:24:10.127 [main] DEBUG o.h.p.w.spi.MetamodelGraphWalker - Visiting attribute path : headCircumference
21:24:10.127 [main] DEBUG o.h.p.w.spi.MetamodelGraphWalker - Visiting attribute path : height
21:24:10.127 [main] DEBUG o.h.p.w.spi.MetamodelGraphWalker - Visiting attribute path : houseSmokingStatus
21:24:10.127 [main] DEBUG o.h.p.w.spi.MetamodelGraphWalker - Visiting attribute path : ldl
21:24:10.128 [main] DEBUG o.h.p.w.spi.MetamodelGraphWalker - Visiting attribute path : patient
21:24:10.129 [main] DEBUG o.h.l.p.b.i.spaces.QuerySpacesImpl - Adding QuerySpace : uid = <gen:2> -> org.hibernate.loader.plan.build.internal.spaces.EntityQuerySpaceImpl@73bae0ea]
21:24:10.129 [main] DEBUG o.h.p.w.spi.MetamodelGraphWalker - Visiting attribute path : patientSmokingStatus
21:24:10.129 [main] DEBUG o.h.p.w.spi.MetamodelGraphWalker - Visiting attribute path : systolic
21:24:10.129 [main] DEBUG o.h.p.w.spi.MetamodelGraphWalker - Visiting attribute path : tri
21:24:10.130 [main] DEBUG o.h.p.w.spi.MetamodelGraphWalker - Visiting attribute path : weight
21:24:10.130 [main] DEBUG o.h.l.p.b.i.FetchStyleLoadPlanBuildingAssociationVisitationStrategy - Building LoadPlan...
21:24:10.134 [main] DEBUG o.h.l.p.e.i.LoadQueryJoinAndFetchProcessor - processing queryspace <gen:0>
21:24:10.135 [main] DEBUG o.h.l.p.b.spi.LoadPlanTreePrinter - LoadPlan(entity=edu.ncsu.csc.itrust2.models.persistent.BasicHealthMetrics)
    - Returns
       - EntityReturnImpl(entity=edu.ncsu.csc.itrust2.models.persistent.BasicHealthMetrics, querySpaceUid=<gen:0>, path=edu.ncsu.csc.itrust2.models.persistent.BasicHealthMetrics)
          - EntityAttributeFetchImpl(entity=edu.ncsu.csc.itrust2.models.persistent.User, querySpaceUid=<gen:1>, path=edu.ncsu.csc.itrust2.models.persistent.BasicHealthMetrics.hcp)
          - EntityAttributeFetchImpl(entity=edu.ncsu.csc.itrust2.models.persistent.User, querySpaceUid=<gen:2>, path=edu.ncsu.csc.itrust2.models.persistent.BasicHealthMetrics.patient)
    - QuerySpaces
       - EntityQuerySpaceImpl(uid=<gen:0>, entity=edu.ncsu.csc.itrust2.models.persistent.BasicHealthMetrics)
          - SQL table alias mapping - basichealt0_
          - alias suffix - 0_
          - suffixed key columns - {id1_1_0_}

21:24:10.136 [main] DEBUG o.h.loader.entity.plan.EntityLoader - Static select for entity edu.ncsu.csc.itrust2.models.persistent.BasicHealthMetrics [UPGRADE_NOWAIT]: select basichealt0_.id as id1_1_0_, basichealt0_.diastolic as diastoli2_1_0_, basichealt0_.hcp_id as hcp_id12_1_0_, basichealt0_.hdl as hdl3_1_0_, basichealt0_.headCircumference as headCirc4_1_0_, basichealt0_.height as height5_1_0_, basichealt0_.houseSmokingStatus as houseSmo6_1_0_, basichealt0_.ldl as ldl7_1_0_, basichealt0_.patient_id as patient13_1_0_, basichealt0_.patientSmokingStatus as patientS8_1_0_, basichealt0_.systolic as systolic9_1_0_, basichealt0_.tri as tri10_1_0_, basichealt0_.weight as weight11_1_0_ from BasicHealthMetrics basichealt0_ where basichealt0_.id=? for update
21:24:10.136 [main] DEBUG o.h.l.p.b.i.spaces.QuerySpacesImpl - Adding QuerySpace : uid = <gen:0> -> org.hibernate.loader.plan.build.internal.spaces.EntityQuerySpaceImpl@793de73f]
21:24:10.137 [main] DEBUG o.h.p.w.spi.MetamodelGraphWalker - Visiting attribute path : diastolic
21:24:10.137 [main] DEBUG o.h.p.w.spi.MetamodelGraphWalker - Visiting attribute path : hcp
21:24:10.139 [main] DEBUG o.h.l.p.b.i.spaces.QuerySpacesImpl - Adding QuerySpace : uid = <gen:1> -> org.hibernate.loader.plan.build.internal.spaces.EntityQuerySpaceImpl@7e84a611]
21:24:10.140 [main] DEBUG o.h.p.w.spi.MetamodelGraphWalker - Visiting attribute path : hdl
21:24:10.140 [main] DEBUG o.h.p.w.spi.MetamodelGraphWalker - Visiting attribute path : headCircumference
21:24:10.140 [main] DEBUG o.h.p.w.spi.MetamodelGraphWalker - Visiting attribute path : height
21:24:10.141 [main] DEBUG o.h.p.w.spi.MetamodelGraphWalker - Visiting attribute path : houseSmokingStatus
21:24:10.141 [main] DEBUG o.h.p.w.spi.MetamodelGraphWalker - Visiting attribute path : ldl
21:24:10.141 [main] DEBUG o.h.p.w.spi.MetamodelGraphWalker - Visiting attribute path : patient
21:24:10.142 [main] DEBUG o.h.l.p.b.i.spaces.QuerySpacesImpl - Adding QuerySpace : uid = <gen:2> -> org.hibernate.loader.plan.build.internal.spaces.EntityQuerySpaceImpl@5a9da49b]
21:24:10.142 [main] DEBUG o.h.p.w.spi.MetamodelGraphWalker - Visiting attribute path : patientSmokingStatus
21:24:10.143 [main] DEBUG o.h.p.w.spi.MetamodelGraphWalker - Visiting attribute path : systolic
21:24:10.143 [main] DEBUG o.h.p.w.spi.MetamodelGraphWalker - Visiting attribute path : tri
21:24:10.143 [main] DEBUG o.h.p.w.spi.MetamodelGraphWalker - Visiting attribute path : weight
21:24:10.143 [main] DEBUG o.h.l.p.b.i.FetchStyleLoadPlanBuildingAssociationVisitationStrategy - Building LoadPlan...
21:24:10.149 [main] DEBUG o.h.l.p.e.i.LoadQueryJoinAndFetchProcessor - processing queryspace <gen:0>
21:24:10.153 [main] DEBUG o.h.l.p.b.spi.LoadPlanTreePrinter - LoadPlan(entity=edu.ncsu.csc.itrust2.models.persistent.BasicHealthMetrics)
    - Returns
       - EntityReturnImpl(entity=edu.ncsu.csc.itrust2.models.persistent.BasicHealthMetrics, querySpaceUid=<gen:0>, path=edu.ncsu.csc.itrust2.models.persistent.BasicHealthMetrics)
          - EntityAttributeFetchImpl(entity=edu.ncsu.csc.itrust2.models.persistent.User, querySpaceUid=<gen:1>, path=edu.ncsu.csc.itrust2.models.persistent.BasicHealthMetrics.hcp)
          - EntityAttributeFetchImpl(entity=edu.ncsu.csc.itrust2.models.persistent.User, querySpaceUid=<gen:2>, path=edu.ncsu.csc.itrust2.models.persistent.BasicHealthMetrics.patient)
    - QuerySpaces
       - EntityQuerySpaceImpl(uid=<gen:0>, entity=edu.ncsu.csc.itrust2.models.persistent.BasicHealthMetrics)
          - SQL table alias mapping - basichealt0_
          - alias suffix - 0_
          - suffixed key columns - {id1_1_0_}

21:24:10.156 [main] DEBUG o.h.loader.entity.plan.EntityLoader - Static select for entity edu.ncsu.csc.itrust2.models.persistent.BasicHealthMetrics [UPGRADE_SKIPLOCKED]: select basichealt0_.id as id1_1_0_, basichealt0_.diastolic as diastoli2_1_0_, basichealt0_.hcp_id as hcp_id12_1_0_, basichealt0_.hdl as hdl3_1_0_, basichealt0_.headCircumference as headCirc4_1_0_, basichealt0_.height as height5_1_0_, basichealt0_.houseSmokingStatus as houseSmo6_1_0_, basichealt0_.ldl as ldl7_1_0_, basichealt0_.patient_id as patient13_1_0_, basichealt0_.patientSmokingStatus as patientS8_1_0_, basichealt0_.systolic as systolic9_1_0_, basichealt0_.tri as tri10_1_0_, basichealt0_.weight as weight11_1_0_ from BasicHealthMetrics basichealt0_ where basichealt0_.id=? for update
21:24:10.157 [main] DEBUG o.h.l.p.b.i.spaces.QuerySpacesImpl - Adding QuerySpace : uid = <gen:0> -> org.hibernate.loader.plan.build.internal.spaces.EntityQuerySpaceImpl@4c0fa4e8]
21:24:10.157 [main] DEBUG o.h.p.w.spi.MetamodelGraphWalker - Visiting attribute path : diastolic
21:24:10.157 [main] DEBUG o.h.p.w.spi.MetamodelGraphWalker - Visiting attribute path : hcp
21:24:10.158 [main] DEBUG o.h.l.p.b.i.spaces.QuerySpacesImpl - Adding QuerySpace : uid = <gen:1> -> org.hibernate.loader.plan.build.internal.spaces.EntityQuerySpaceImpl@766b346f]
21:24:10.158 [main] DEBUG o.h.p.w.spi.MetamodelGraphWalker - Visiting attribute path : hdl
21:24:10.158 [main] DEBUG o.h.p.w.spi.MetamodelGraphWalker - Visiting attribute path : headCircumference
21:24:10.158 [main] DEBUG o.h.p.w.spi.MetamodelGraphWalker - Visiting attribute path : height
21:24:10.159 [main] DEBUG o.h.p.w.spi.MetamodelGraphWalker - Visiting attribute path : houseSmokingStatus
21:24:10.159 [main] DEBUG o.h.p.w.spi.MetamodelGraphWalker - Visiting attribute path : ldl
21:24:10.159 [main] DEBUG o.h.p.w.spi.MetamodelGraphWalker - Visiting attribute path : patient
21:24:10.160 [main] DEBUG o.h.l.p.b.i.spaces.QuerySpacesImpl - Adding QuerySpace : uid = <gen:2> -> org.hibernate.loader.plan.build.internal.spaces.EntityQuerySpaceImpl@41e5ef45]
21:24:10.160 [main] DEBUG o.h.p.w.spi.MetamodelGraphWalker - Visiting attribute path : patientSmokingStatus
21:24:10.160 [main] DEBUG o.h.p.w.spi.MetamodelGraphWalker - Visiting attribute path : systolic
21:24:10.160 [main] DEBUG o.h.p.w.spi.MetamodelGraphWalker - Visiting attribute path : tri
21:24:10.161 [main] DEBUG o.h.p.w.spi.MetamodelGraphWalker - Visiting attribute path : weight
21:24:10.161 [main] DEBUG o.h.l.p.b.i.FetchStyleLoadPlanBuildingAssociationVisitationStrategy - Building LoadPlan...
21:24:10.162 [main] DEBUG o.h.l.p.e.i.LoadQueryJoinAndFetchProcessor - processing queryspace <gen:0>
21:24:10.164 [main] DEBUG o.h.l.p.b.spi.LoadPlanTreePrinter - LoadPlan(entity=edu.ncsu.csc.itrust2.models.persistent.BasicHealthMetrics)
    - Returns
       - EntityReturnImpl(entity=edu.ncsu.csc.itrust2.models.persistent.BasicHealthMetrics, querySpaceUid=<gen:0>, path=edu.ncsu.csc.itrust2.models.persistent.BasicHealthMetrics)
          - EntityAttributeFetchImpl(entity=edu.ncsu.csc.itrust2.models.persistent.User, querySpaceUid=<gen:1>, path=edu.ncsu.csc.itrust2.models.persistent.BasicHealthMetrics.hcp)
          - EntityAttributeFetchImpl(entity=edu.ncsu.csc.itrust2.models.persistent.User, querySpaceUid=<gen:2>, path=edu.ncsu.csc.itrust2.models.persistent.BasicHealthMetrics.patient)
    - QuerySpaces
       - EntityQuerySpaceImpl(uid=<gen:0>, entity=edu.ncsu.csc.itrust2.models.persistent.BasicHealthMetrics)
          - SQL table alias mapping - basichealt0_
          - alias suffix - 0_
          - suffixed key columns - {id1_1_0_}

21:24:10.165 [main] DEBUG o.h.loader.entity.plan.EntityLoader - Static select for entity edu.ncsu.csc.itrust2.models.persistent.BasicHealthMetrics [FORCE]: select basichealt0_.id as id1_1_0_, basichealt0_.diastolic as diastoli2_1_0_, basichealt0_.hcp_id as hcp_id12_1_0_, basichealt0_.hdl as hdl3_1_0_, basichealt0_.headCircumference as headCirc4_1_0_, basichealt0_.height as height5_1_0_, basichealt0_.houseSmokingStatus as houseSmo6_1_0_, basichealt0_.ldl as ldl7_1_0_, basichealt0_.patient_id as patient13_1_0_, basichealt0_.patientSmokingStatus as patientS8_1_0_, basichealt0_.systolic as systolic9_1_0_, basichealt0_.tri as tri10_1_0_, basichealt0_.weight as weight11_1_0_ from BasicHealthMetrics basichealt0_ where basichealt0_.id=? for update
21:24:10.165 [main] DEBUG o.h.l.p.b.i.spaces.QuerySpacesImpl - Adding QuerySpace : uid = <gen:0> -> org.hibernate.loader.plan.build.internal.spaces.EntityQuerySpaceImpl@70fc3b75]
21:24:10.166 [main] DEBUG o.h.p.w.spi.MetamodelGraphWalker - Visiting attribute path : diastolic
21:24:10.167 [main] DEBUG o.h.p.w.spi.MetamodelGraphWalker - Visiting attribute path : hcp
21:24:10.167 [main] DEBUG o.h.l.p.b.i.spaces.QuerySpacesImpl - Adding QuerySpace : uid = <gen:1> -> org.hibernate.loader.plan.build.internal.spaces.EntityQuerySpaceImpl@57484e17]
21:24:10.169 [main] DEBUG o.h.p.w.spi.MetamodelGraphWalker - Visiting attribute path : hdl
21:24:10.169 [main] DEBUG o.h.p.w.spi.MetamodelGraphWalker - Visiting attribute path : headCircumference
21:24:10.169 [main] DEBUG o.h.p.w.spi.MetamodelGraphWalker - Visiting attribute path : height
21:24:10.170 [main] DEBUG o.h.p.w.spi.MetamodelGraphWalker - Visiting attribute path : houseSmokingStatus
21:24:10.170 [main] DEBUG o.h.p.w.spi.MetamodelGraphWalker - Visiting attribute path : ldl
21:24:10.170 [main] DEBUG o.h.p.w.spi.MetamodelGraphWalker - Visiting attribute path : patient
21:24:10.171 [main] DEBUG o.h.l.p.b.i.spaces.QuerySpacesImpl - Adding QuerySpace : uid = <gen:2> -> org.hibernate.loader.plan.build.internal.spaces.EntityQuerySpaceImpl@39390c7c]
21:24:10.172 [main] DEBUG o.h.p.w.spi.MetamodelGraphWalker - Visiting attribute path : patientSmokingStatus
21:24:10.172 [main] DEBUG o.h.p.w.spi.MetamodelGraphWalker - Visiting attribute path : systolic
21:24:10.173 [main] DEBUG o.h.p.w.spi.MetamodelGraphWalker - Visiting attribute path : tri
21:24:10.173 [main] DEBUG o.h.p.w.spi.MetamodelGraphWalker - Visiting attribute path : weight
21:24:10.173 [main] DEBUG o.h.l.p.b.i.FetchStyleLoadPlanBuildingAssociationVisitationStrategy - Building LoadPlan...
21:24:10.174 [main] DEBUG o.h.l.p.e.i.LoadQueryJoinAndFetchProcessor - processing queryspace <gen:0>
21:24:10.174 [main] DEBUG o.h.l.p.b.spi.LoadPlanTreePrinter - LoadPlan(entity=edu.ncsu.csc.itrust2.models.persistent.BasicHealthMetrics)
    - Returns
       - EntityReturnImpl(entity=edu.ncsu.csc.itrust2.models.persistent.BasicHealthMetrics, querySpaceUid=<gen:0>, path=edu.ncsu.csc.itrust2.models.persistent.BasicHealthMetrics)
          - EntityAttributeFetchImpl(entity=edu.ncsu.csc.itrust2.models.persistent.User, querySpaceUid=<gen:1>, path=edu.ncsu.csc.itrust2.models.persistent.BasicHealthMetrics.hcp)
          - EntityAttributeFetchImpl(entity=edu.ncsu.csc.itrust2.models.persistent.User, querySpaceUid=<gen:2>, path=edu.ncsu.csc.itrust2.models.persistent.BasicHealthMetrics.patient)
    - QuerySpaces
       - EntityQuerySpaceImpl(uid=<gen:0>, entity=edu.ncsu.csc.itrust2.models.persistent.BasicHealthMetrics)
          - SQL table alias mapping - basichealt0_
          - alias suffix - 0_
          - suffixed key columns - {id1_1_0_}

21:24:10.175 [main] DEBUG o.h.loader.entity.plan.EntityLoader - Static select for entity edu.ncsu.csc.itrust2.models.persistent.BasicHealthMetrics [PESSIMISTIC_READ]: select basichealt0_.id as id1_1_0_, basichealt0_.diastolic as diastoli2_1_0_, basichealt0_.hcp_id as hcp_id12_1_0_, basichealt0_.hdl as hdl3_1_0_, basichealt0_.headCircumference as headCirc4_1_0_, basichealt0_.height as height5_1_0_, basichealt0_.houseSmokingStatus as houseSmo6_1_0_, basichealt0_.ldl as ldl7_1_0_, basichealt0_.patient_id as patient13_1_0_, basichealt0_.patientSmokingStatus as patientS8_1_0_, basichealt0_.systolic as systolic9_1_0_, basichealt0_.tri as tri10_1_0_, basichealt0_.weight as weight11_1_0_ from BasicHealthMetrics basichealt0_ where basichealt0_.id=? lock in share mode
21:24:10.175 [main] DEBUG o.h.l.p.b.i.spaces.QuerySpacesImpl - Adding QuerySpace : uid = <gen:0> -> org.hibernate.loader.plan.build.internal.spaces.EntityQuerySpaceImpl@280fbfbd]
21:24:10.176 [main] DEBUG o.h.p.w.spi.MetamodelGraphWalker - Visiting attribute path : diastolic
21:24:10.176 [main] DEBUG o.h.p.w.spi.MetamodelGraphWalker - Visiting attribute path : hcp
21:24:10.177 [main] DEBUG o.h.l.p.b.i.spaces.QuerySpacesImpl - Adding QuerySpace : uid = <gen:1> -> org.hibernate.loader.plan.build.internal.spaces.EntityQuerySpaceImpl@3ba23ae0]
21:24:10.177 [main] DEBUG o.h.p.w.spi.MetamodelGraphWalker - Visiting attribute path : hdl
21:24:10.177 [main] DEBUG o.h.p.w.spi.MetamodelGraphWalker - Visiting attribute path : headCircumference
21:24:10.178 [main] DEBUG o.h.p.w.spi.MetamodelGraphWalker - Visiting attribute path : height
21:24:10.178 [main] DEBUG o.h.p.w.spi.MetamodelGraphWalker - Visiting attribute path : houseSmokingStatus
21:24:10.178 [main] DEBUG o.h.p.w.spi.MetamodelGraphWalker - Visiting attribute path : ldl
21:24:10.178 [main] DEBUG o.h.p.w.spi.MetamodelGraphWalker - Visiting attribute path : patient
21:24:10.178 [main] DEBUG o.h.l.p.b.i.spaces.QuerySpacesImpl - Adding QuerySpace : uid = <gen:2> -> org.hibernate.loader.plan.build.internal.spaces.EntityQuerySpaceImpl@4a099b04]
21:24:10.179 [main] DEBUG o.h.p.w.spi.MetamodelGraphWalker - Visiting attribute path : patientSmokingStatus
21:24:10.179 [main] DEBUG o.h.p.w.spi.MetamodelGraphWalker - Visiting attribute path : systolic
21:24:10.180 [main] DEBUG o.h.p.w.spi.MetamodelGraphWalker - Visiting attribute path : tri
21:24:10.180 [main] DEBUG o.h.p.w.spi.MetamodelGraphWalker - Visiting attribute path : weight
21:24:10.180 [main] DEBUG o.h.l.p.b.i.FetchStyleLoadPlanBuildingAssociationVisitationStrategy - Building LoadPlan...
21:24:10.181 [main] DEBUG o.h.l.p.e.i.LoadQueryJoinAndFetchProcessor - processing queryspace <gen:0>
21:24:10.181 [main] DEBUG o.h.l.p.b.spi.LoadPlanTreePrinter - LoadPlan(entity=edu.ncsu.csc.itrust2.models.persistent.BasicHealthMetrics)
    - Returns
       - EntityReturnImpl(entity=edu.ncsu.csc.itrust2.models.persistent.BasicHealthMetrics, querySpaceUid=<gen:0>, path=edu.ncsu.csc.itrust2.models.persistent.BasicHealthMetrics)
          - EntityAttributeFetchImpl(entity=edu.ncsu.csc.itrust2.models.persistent.User, querySpaceUid=<gen:1>, path=edu.ncsu.csc.itrust2.models.persistent.BasicHealthMetrics.hcp)
          - EntityAttributeFetchImpl(entity=edu.ncsu.csc.itrust2.models.persistent.User, querySpaceUid=<gen:2>, path=edu.ncsu.csc.itrust2.models.persistent.BasicHealthMetrics.patient)
    - QuerySpaces
       - EntityQuerySpaceImpl(uid=<gen:0>, entity=edu.ncsu.csc.itrust2.models.persistent.BasicHealthMetrics)
          - SQL table alias mapping - basichealt0_
          - alias suffix - 0_
          - suffixed key columns - {id1_1_0_}

21:24:10.182 [main] DEBUG o.h.loader.entity.plan.EntityLoader - Static select for entity edu.ncsu.csc.itrust2.models.persistent.BasicHealthMetrics [PESSIMISTIC_WRITE]: select basichealt0_.id as id1_1_0_, basichealt0_.diastolic as diastoli2_1_0_, basichealt0_.hcp_id as hcp_id12_1_0_, basichealt0_.hdl as hdl3_1_0_, basichealt0_.headCircumference as headCirc4_1_0_, basichealt0_.height as height5_1_0_, basichealt0_.houseSmokingStatus as houseSmo6_1_0_, basichealt0_.ldl as ldl7_1_0_, basichealt0_.patient_id as patient13_1_0_, basichealt0_.patientSmokingStatus as patientS8_1_0_, basichealt0_.systolic as systolic9_1_0_, basichealt0_.tri as tri10_1_0_, basichealt0_.weight as weight11_1_0_ from BasicHealthMetrics basichealt0_ where basichealt0_.id=? for update
21:24:10.182 [main] DEBUG o.h.l.p.b.i.spaces.QuerySpacesImpl - Adding QuerySpace : uid = <gen:0> -> org.hibernate.loader.plan.build.internal.spaces.EntityQuerySpaceImpl@1fae37af]
21:24:10.183 [main] DEBUG o.h.p.w.spi.MetamodelGraphWalker - Visiting attribute path : diastolic
21:24:10.183 [main] DEBUG o.h.p.w.spi.MetamodelGraphWalker - Visiting attribute path : hcp
21:24:10.183 [main] DEBUG o.h.l.p.b.i.spaces.QuerySpacesImpl - Adding QuerySpace : uid = <gen:1> -> org.hibernate.loader.plan.build.internal.spaces.EntityQuerySpaceImpl@64a1027e]
21:24:10.183 [main] DEBUG o.h.p.w.spi.MetamodelGraphWalker - Visiting attribute path : hdl
21:24:10.184 [main] DEBUG o.h.p.w.spi.MetamodelGraphWalker - Visiting attribute path : headCircumference
21:24:10.184 [main] DEBUG o.h.p.w.spi.MetamodelGraphWalker - Visiting attribute path : height
21:24:10.184 [main] DEBUG o.h.p.w.spi.MetamodelGraphWalker - Visiting attribute path : houseSmokingStatus
21:24:10.184 [main] DEBUG o.h.p.w.spi.MetamodelGraphWalker - Visiting attribute path : ldl
21:24:10.184 [main] DEBUG o.h.p.w.spi.MetamodelGraphWalker - Visiting attribute path : patient
21:24:10.185 [main] DEBUG o.h.l.p.b.i.spaces.QuerySpacesImpl - Adding QuerySpace : uid = <gen:2> -> org.hibernate.loader.plan.build.internal.spaces.EntityQuerySpaceImpl@62767455]
21:24:10.185 [main] DEBUG o.h.p.w.spi.MetamodelGraphWalker - Visiting attribute path : patientSmokingStatus
21:24:10.187 [main] DEBUG o.h.p.w.spi.MetamodelGraphWalker - Visiting attribute path : systolic
21:24:10.187 [main] DEBUG o.h.p.w.spi.MetamodelGraphWalker - Visiting attribute path : tri
21:24:10.188 [main] DEBUG o.h.p.w.spi.MetamodelGraphWalker - Visiting attribute path : weight
21:24:10.188 [main] DEBUG o.h.l.p.b.i.FetchStyleLoadPlanBuildingAssociationVisitationStrategy - Building LoadPlan...
21:24:10.189 [main] DEBUG o.h.l.p.e.i.LoadQueryJoinAndFetchProcessor - processing queryspace <gen:0>
21:24:10.191 [main] DEBUG o.h.l.p.b.spi.LoadPlanTreePrinter - LoadPlan(entity=edu.ncsu.csc.itrust2.models.persistent.BasicHealthMetrics)
    - Returns
       - EntityReturnImpl(entity=edu.ncsu.csc.itrust2.models.persistent.BasicHealthMetrics, querySpaceUid=<gen:0>, path=edu.ncsu.csc.itrust2.models.persistent.BasicHealthMetrics)
          - EntityAttributeFetchImpl(entity=edu.ncsu.csc.itrust2.models.persistent.User, querySpaceUid=<gen:1>, path=edu.ncsu.csc.itrust2.models.persistent.BasicHealthMetrics.hcp)
          - EntityAttributeFetchImpl(entity=edu.ncsu.csc.itrust2.models.persistent.User, querySpaceUid=<gen:2>, path=edu.ncsu.csc.itrust2.models.persistent.BasicHealthMetrics.patient)
    - QuerySpaces
       - EntityQuerySpaceImpl(uid=<gen:0>, entity=edu.ncsu.csc.itrust2.models.persistent.BasicHealthMetrics)
          - SQL table alias mapping - basichealt0_
          - alias suffix - 0_
          - suffixed key columns - {id1_1_0_}

21:24:10.191 [main] DEBUG o.h.loader.entity.plan.EntityLoader - Static select for entity edu.ncsu.csc.itrust2.models.persistent.BasicHealthMetrics [PESSIMISTIC_FORCE_INCREMENT]: select basichealt0_.id as id1_1_0_, basichealt0_.diastolic as diastoli2_1_0_, basichealt0_.hcp_id as hcp_id12_1_0_, basichealt0_.hdl as hdl3_1_0_, basichealt0_.headCircumference as headCirc4_1_0_, basichealt0_.height as height5_1_0_, basichealt0_.houseSmokingStatus as houseSmo6_1_0_, basichealt0_.ldl as ldl7_1_0_, basichealt0_.patient_id as patient13_1_0_, basichealt0_.patientSmokingStatus as patientS8_1_0_, basichealt0_.systolic as systolic9_1_0_, basichealt0_.tri as tri10_1_0_, basichealt0_.weight as weight11_1_0_ from BasicHealthMetrics basichealt0_ where basichealt0_.id=? for update
21:24:10.192 [main] DEBUG o.h.l.p.b.i.spaces.QuerySpacesImpl - Adding QuerySpace : uid = <gen:0> -> org.hibernate.loader.plan.build.internal.spaces.EntityQuerySpaceImpl@c0b34fb]
21:24:10.192 [main] DEBUG o.h.p.w.spi.MetamodelGraphWalker - Visiting attribute path : diastolic
21:24:10.193 [main] DEBUG o.h.p.w.spi.MetamodelGraphWalker - Visiting attribute path : hcp
21:24:10.193 [main] DEBUG o.h.l.p.b.i.spaces.QuerySpacesImpl - Adding QuerySpace : uid = <gen:1> -> org.hibernate.loader.plan.build.internal.spaces.EntityQuerySpaceImpl@5cb4229c]
21:24:10.194 [main] DEBUG o.h.p.w.spi.MetamodelGraphWalker - Visiting attribute path : hdl
21:24:10.194 [main] DEBUG o.h.p.w.spi.MetamodelGraphWalker - Visiting attribute path : headCircumference
21:24:10.194 [main] DEBUG o.h.p.w.spi.MetamodelGraphWalker - Visiting attribute path : height
21:24:10.194 [main] DEBUG o.h.p.w.spi.MetamodelGraphWalker - Visiting attribute path : houseSmokingStatus
21:24:10.195 [main] DEBUG o.h.p.w.spi.MetamodelGraphWalker - Visiting attribute path : ldl
21:24:10.195 [main] DEBUG o.h.p.w.spi.MetamodelGraphWalker - Visiting attribute path : patient
21:24:10.195 [main] DEBUG o.h.l.p.b.i.spaces.QuerySpacesImpl - Adding QuerySpace : uid = <gen:2> -> org.hibernate.loader.plan.build.internal.spaces.EntityQuerySpaceImpl@d313183]
21:24:10.196 [main] DEBUG o.h.p.w.spi.MetamodelGraphWalker - Visiting attribute path : patientSmokingStatus
21:24:10.196 [main] DEBUG o.h.p.w.spi.MetamodelGraphWalker - Visiting attribute path : systolic
21:24:10.196 [main] DEBUG o.h.p.w.spi.MetamodelGraphWalker - Visiting attribute path : tri
21:24:10.196 [main] DEBUG o.h.p.w.spi.MetamodelGraphWalker - Visiting attribute path : weight
21:24:10.196 [main] DEBUG o.h.l.p.b.i.FetchStyleLoadPlanBuildingAssociationVisitationStrategy - Building LoadPlan...
21:24:10.197 [main] DEBUG o.h.l.p.e.i.LoadQueryJoinAndFetchProcessor - processing queryspace <gen:0>
21:24:10.198 [main] DEBUG o.h.l.p.b.spi.LoadPlanTreePrinter - LoadPlan(entity=edu.ncsu.csc.itrust2.models.persistent.BasicHealthMetrics)
    - Returns
       - EntityReturnImpl(entity=edu.ncsu.csc.itrust2.models.persistent.BasicHealthMetrics, querySpaceUid=<gen:0>, path=edu.ncsu.csc.itrust2.models.persistent.BasicHealthMetrics)
          - EntityAttributeFetchImpl(entity=edu.ncsu.csc.itrust2.models.persistent.User, querySpaceUid=<gen:1>, path=edu.ncsu.csc.itrust2.models.persistent.BasicHealthMetrics.hcp)
          - EntityAttributeFetchImpl(entity=edu.ncsu.csc.itrust2.models.persistent.User, querySpaceUid=<gen:2>, path=edu.ncsu.csc.itrust2.models.persistent.BasicHealthMetrics.patient)
    - QuerySpaces
       - EntityQuerySpaceImpl(uid=<gen:0>, entity=edu.ncsu.csc.itrust2.models.persistent.BasicHealthMetrics)
          - SQL table alias mapping - basichealt0_
          - alias suffix - 0_
          - suffixed key columns - {id1_1_0_}

21:24:10.199 [main] DEBUG o.h.loader.entity.plan.EntityLoader - Static select for entity edu.ncsu.csc.itrust2.models.persistent.BasicHealthMetrics [OPTIMISTIC]: select basichealt0_.id as id1_1_0_, basichealt0_.diastolic as diastoli2_1_0_, basichealt0_.hcp_id as hcp_id12_1_0_, basichealt0_.hdl as hdl3_1_0_, basichealt0_.headCircumference as headCirc4_1_0_, basichealt0_.height as height5_1_0_, basichealt0_.houseSmokingStatus as houseSmo6_1_0_, basichealt0_.ldl as ldl7_1_0_, basichealt0_.patient_id as patient13_1_0_, basichealt0_.patientSmokingStatus as patientS8_1_0_, basichealt0_.systolic as systolic9_1_0_, basichealt0_.tri as tri10_1_0_, basichealt0_.weight as weight11_1_0_ from BasicHealthMetrics basichealt0_ where basichealt0_.id=?
21:24:10.199 [main] DEBUG o.h.l.p.b.i.spaces.QuerySpacesImpl - Adding QuerySpace : uid = <gen:0> -> org.hibernate.loader.plan.build.internal.spaces.EntityQuerySpaceImpl@58486032]
21:24:10.200 [main] DEBUG o.h.p.w.spi.MetamodelGraphWalker - Visiting attribute path : diastolic
21:24:10.200 [main] DEBUG o.h.p.w.spi.MetamodelGraphWalker - Visiting attribute path : hcp
21:24:10.201 [main] DEBUG o.h.l.p.b.i.spaces.QuerySpacesImpl - Adding QuerySpace : uid = <gen:1> -> org.hibernate.loader.plan.build.internal.spaces.EntityQuerySpaceImpl@463cc818]
21:24:10.202 [main] DEBUG o.h.p.w.spi.MetamodelGraphWalker - Visiting attribute path : hdl
21:24:10.203 [main] DEBUG o.h.p.w.spi.MetamodelGraphWalker - Visiting attribute path : headCircumference
21:24:10.203 [main] DEBUG o.h.p.w.spi.MetamodelGraphWalker - Visiting attribute path : height
21:24:10.203 [main] DEBUG o.h.p.w.spi.MetamodelGraphWalker - Visiting attribute path : houseSmokingStatus
21:24:10.204 [main] DEBUG o.h.p.w.spi.MetamodelGraphWalker - Visiting attribute path : ldl
21:24:10.204 [main] DEBUG o.h.p.w.spi.MetamodelGraphWalker - Visiting attribute path : patient
21:24:10.205 [main] DEBUG o.h.l.p.b.i.spaces.QuerySpacesImpl - Adding QuerySpace : uid = <gen:2> -> org.hibernate.loader.plan.build.internal.spaces.EntityQuerySpaceImpl@42855475]
21:24:10.205 [main] DEBUG o.h.p.w.spi.MetamodelGraphWalker - Visiting attribute path : patientSmokingStatus
21:24:10.205 [main] DEBUG o.h.p.w.spi.MetamodelGraphWalker - Visiting attribute path : systolic
21:24:10.205 [main] DEBUG o.h.p.w.spi.MetamodelGraphWalker - Visiting attribute path : tri
21:24:10.206 [main] DEBUG o.h.p.w.spi.MetamodelGraphWalker - Visiting attribute path : weight
21:24:10.207 [main] DEBUG o.h.l.p.b.i.FetchStyleLoadPlanBuildingAssociationVisitationStrategy - Building LoadPlan...
21:24:10.207 [main] DEBUG o.h.l.p.e.i.LoadQueryJoinAndFetchProcessor - processing queryspace <gen:0>
21:24:10.209 [main] DEBUG o.h.l.p.b.spi.LoadPlanTreePrinter - LoadPlan(entity=edu.ncsu.csc.itrust2.models.persistent.BasicHealthMetrics)
    - Returns
       - EntityReturnImpl(entity=edu.ncsu.csc.itrust2.models.persistent.BasicHealthMetrics, querySpaceUid=<gen:0>, path=edu.ncsu.csc.itrust2.models.persistent.BasicHealthMetrics)
          - EntityAttributeFetchImpl(entity=edu.ncsu.csc.itrust2.models.persistent.User, querySpaceUid=<gen:1>, path=edu.ncsu.csc.itrust2.models.persistent.BasicHealthMetrics.hcp)
          - EntityAttributeFetchImpl(entity=edu.ncsu.csc.itrust2.models.persistent.User, querySpaceUid=<gen:2>, path=edu.ncsu.csc.itrust2.models.persistent.BasicHealthMetrics.patient)
    - QuerySpaces
       - EntityQuerySpaceImpl(uid=<gen:0>, entity=edu.ncsu.csc.itrust2.models.persistent.BasicHealthMetrics)
          - SQL table alias mapping - basichealt0_
          - alias suffix - 0_
          - suffixed key columns - {id1_1_0_}

21:24:10.210 [main] DEBUG o.h.loader.entity.plan.EntityLoader - Static select for entity edu.ncsu.csc.itrust2.models.persistent.BasicHealthMetrics [OPTIMISTIC_FORCE_INCREMENT]: select basichealt0_.id as id1_1_0_, basichealt0_.diastolic as diastoli2_1_0_, basichealt0_.hcp_id as hcp_id12_1_0_, basichealt0_.hdl as hdl3_1_0_, basichealt0_.headCircumference as headCirc4_1_0_, basichealt0_.height as height5_1_0_, basichealt0_.houseSmokingStatus as houseSmo6_1_0_, basichealt0_.ldl as ldl7_1_0_, basichealt0_.patient_id as patient13_1_0_, basichealt0_.patientSmokingStatus as patientS8_1_0_, basichealt0_.systolic as systolic9_1_0_, basichealt0_.tri as tri10_1_0_, basichealt0_.weight as weight11_1_0_ from BasicHealthMetrics basichealt0_ where basichealt0_.id=?
21:24:10.210 [main] DEBUG org.hibernate.loader.Loader - Static select for action ACTION_MERGE on entity edu.ncsu.csc.itrust2.models.persistent.BasicHealthMetrics: select basichealt0_.id as id1_1_0_, basichealt0_.diastolic as diastoli2_1_0_, basichealt0_.hcp_id as hcp_id12_1_0_, basichealt0_.hdl as hdl3_1_0_, basichealt0_.headCircumference as headCirc4_1_0_, basichealt0_.height as height5_1_0_, basichealt0_.houseSmokingStatus as houseSmo6_1_0_, basichealt0_.ldl as ldl7_1_0_, basichealt0_.patient_id as patient13_1_0_, basichealt0_.patientSmokingStatus as patientS8_1_0_, basichealt0_.systolic as systolic9_1_0_, basichealt0_.tri as tri10_1_0_, basichealt0_.weight as weight11_1_0_ from BasicHealthMetrics basichealt0_ where basichealt0_.id=?
21:24:10.215 [main] DEBUG org.hibernate.loader.Loader - Static select for action ACTION_REFRESH on entity edu.ncsu.csc.itrust2.models.persistent.BasicHealthMetrics: select basichealt0_.id as id1_1_0_, basichealt0_.diastolic as diastoli2_1_0_, basichealt0_.hcp_id as hcp_id12_1_0_, basichealt0_.hdl as hdl3_1_0_, basichealt0_.headCircumference as headCirc4_1_0_, basichealt0_.height as height5_1_0_, basichealt0_.houseSmokingStatus as houseSmo6_1_0_, basichealt0_.ldl as ldl7_1_0_, basichealt0_.patient_id as patient13_1_0_, basichealt0_.patientSmokingStatus as patientS8_1_0_, basichealt0_.systolic as systolic9_1_0_, basichealt0_.tri as tri10_1_0_, basichealt0_.weight as weight11_1_0_ from BasicHealthMetrics basichealt0_ where basichealt0_.id=?
21:24:10.217 [main] DEBUG o.h.p.entity.AbstractEntityPersister - Static SQL for entity: edu.ncsu.csc.itrust2.models.persistent.LoginAttempt
21:24:10.217 [main] DEBUG o.h.p.entity.AbstractEntityPersister -  Version select: select id from LoginAttempts where id =?
21:24:10.217 [main] DEBUG o.h.p.entity.AbstractEntityPersister -  Snapshot select: select loginattem_.id, loginattem_.ip as ip2_7_, loginattem_.time as time3_7_, loginattem_.user_id as user_id4_7_ from LoginAttempts loginattem_ where loginattem_.id=?
21:24:10.217 [main] DEBUG o.h.p.entity.AbstractEntityPersister -  Insert 0: insert into LoginAttempts (ip, time, user_id, id) values (?, ?, ?, ?)
21:24:10.218 [main] DEBUG o.h.p.entity.AbstractEntityPersister -  Update 0: update LoginAttempts set ip=?, time=?, user_id=? where id=?
21:24:10.218 [main] DEBUG o.h.p.entity.AbstractEntityPersister -  Delete 0: delete from LoginAttempts where id=?
21:24:10.218 [main] DEBUG o.h.l.p.b.i.spaces.QuerySpacesImpl - Adding QuerySpace : uid = <gen:0> -> org.hibernate.loader.plan.build.internal.spaces.EntityQuerySpaceImpl@59d7e5e7]
21:24:10.218 [main] DEBUG o.h.p.w.spi.MetamodelGraphWalker - Visiting attribute path : ip
21:24:10.218 [main] DEBUG o.h.p.w.spi.MetamodelGraphWalker - Visiting attribute path : time
21:24:10.219 [main] DEBUG o.h.p.w.spi.MetamodelGraphWalker - Visiting attribute path : user
21:24:10.219 [main] DEBUG o.h.l.p.b.i.spaces.QuerySpacesImpl - Adding QuerySpace : uid = <gen:1> -> org.hibernate.loader.plan.build.internal.spaces.EntityQuerySpaceImpl@4fb56267]
21:24:10.220 [main] DEBUG o.h.p.w.spi.MetamodelGraphWalker - Visiting attribute path : user.enabled
21:24:10.220 [main] DEBUG o.h.p.w.spi.MetamodelGraphWalker - Visiting attribute path : user.password
21:24:10.220 [main] DEBUG o.h.p.w.spi.MetamodelGraphWalker - Visiting attribute path : user.role
21:24:10.221 [main] DEBUG o.h.l.p.b.i.FetchStyleLoadPlanBuildingAssociationVisitationStrategy - Building LoadPlan...
21:24:10.221 [main] DEBUG o.h.l.p.e.i.LoadQueryJoinAndFetchProcessor - processing queryspace <gen:0>
21:24:10.223 [main] DEBUG o.h.l.p.b.spi.LoadPlanTreePrinter - LoadPlan(entity=edu.ncsu.csc.itrust2.models.persistent.LoginAttempt)
    - Returns
       - EntityReturnImpl(entity=edu.ncsu.csc.itrust2.models.persistent.LoginAttempt, querySpaceUid=<gen:0>, path=edu.ncsu.csc.itrust2.models.persistent.LoginAttempt)
          - EntityAttributeFetchImpl(entity=edu.ncsu.csc.itrust2.models.persistent.User, querySpaceUid=<gen:1>, path=edu.ncsu.csc.itrust2.models.persistent.LoginAttempt.user)
    - QuerySpaces
       - EntityQuerySpaceImpl(uid=<gen:0>, entity=edu.ncsu.csc.itrust2.models.persistent.LoginAttempt)
          - SQL table alias mapping - loginattem0_
          - alias suffix - 0_
          - suffixed key columns - {id1_7_0_}
          - JOIN (JoinDefinedByMetadata(user)) : <gen:0> -> <gen:1>
             - EntityQuerySpaceImpl(uid=<gen:1>, entity=edu.ncsu.csc.itrust2.models.persistent.User)
                - SQL table alias mapping - user1_
                - alias suffix - 1_
                - suffixed key columns - {username1_15_1_}

21:24:10.224 [main] DEBUG o.h.loader.entity.plan.EntityLoader - Static select for entity edu.ncsu.csc.itrust2.models.persistent.LoginAttempt [NONE]: select loginattem0_.id as id1_7_0_, loginattem0_.ip as ip2_7_0_, loginattem0_.time as time3_7_0_, loginattem0_.user_id as user_id4_7_0_, user1_.username as username1_15_1_, user1_.enabled as enabled2_15_1_, user1_.password as password3_15_1_, user1_.role as role4_15_1_ from LoginAttempts loginattem0_ left outer join Users user1_ on loginattem0_.user_id=user1_.username where loginattem0_.id=?
21:24:10.225 [main] DEBUG o.h.l.p.b.i.spaces.QuerySpacesImpl - Adding QuerySpace : uid = <gen:0> -> org.hibernate.loader.plan.build.internal.spaces.EntityQuerySpaceImpl@41e590dd]
21:24:10.226 [main] DEBUG o.h.p.w.spi.MetamodelGraphWalker - Visiting attribute path : ip
21:24:10.226 [main] DEBUG o.h.p.w.spi.MetamodelGraphWalker - Visiting attribute path : time
21:24:10.226 [main] DEBUG o.h.p.w.spi.MetamodelGraphWalker - Visiting attribute path : user
21:24:10.226 [main] DEBUG o.h.l.p.b.i.spaces.QuerySpacesImpl - Adding QuerySpace : uid = <gen:1> -> org.hibernate.loader.plan.build.internal.spaces.EntityQuerySpaceImpl@2b51643]
21:24:10.227 [main] DEBUG o.h.p.w.spi.MetamodelGraphWalker - Visiting attribute path : user.enabled
21:24:10.227 [main] DEBUG o.h.p.w.spi.MetamodelGraphWalker - Visiting attribute path : user.password
21:24:10.227 [main] DEBUG o.h.p.w.spi.MetamodelGraphWalker - Visiting attribute path : user.role
21:24:10.227 [main] DEBUG o.h.l.p.b.i.FetchStyleLoadPlanBuildingAssociationVisitationStrategy - Building LoadPlan...
21:24:10.228 [main] DEBUG o.h.l.p.e.i.LoadQueryJoinAndFetchProcessor - processing queryspace <gen:0>
21:24:10.230 [main] DEBUG o.h.l.p.b.spi.LoadPlanTreePrinter - LoadPlan(entity=edu.ncsu.csc.itrust2.models.persistent.LoginAttempt)
    - Returns
       - EntityReturnImpl(entity=edu.ncsu.csc.itrust2.models.persistent.LoginAttempt, querySpaceUid=<gen:0>, path=edu.ncsu.csc.itrust2.models.persistent.LoginAttempt)
          - EntityAttributeFetchImpl(entity=edu.ncsu.csc.itrust2.models.persistent.User, querySpaceUid=<gen:1>, path=edu.ncsu.csc.itrust2.models.persistent.LoginAttempt.user)
    - QuerySpaces
       - EntityQuerySpaceImpl(uid=<gen:0>, entity=edu.ncsu.csc.itrust2.models.persistent.LoginAttempt)
          - SQL table alias mapping - loginattem0_
          - alias suffix - 0_
          - suffixed key columns - {id1_7_0_}
          - JOIN (JoinDefinedByMetadata(user)) : <gen:0> -> <gen:1>
             - EntityQuerySpaceImpl(uid=<gen:1>, entity=edu.ncsu.csc.itrust2.models.persistent.User)
                - SQL table alias mapping - user1_
                - alias suffix - 1_
                - suffixed key columns - {username1_15_1_}

21:24:10.230 [main] DEBUG o.h.loader.entity.plan.EntityLoader - Static select for entity edu.ncsu.csc.itrust2.models.persistent.LoginAttempt [READ]: select loginattem0_.id as id1_7_0_, loginattem0_.ip as ip2_7_0_, loginattem0_.time as time3_7_0_, loginattem0_.user_id as user_id4_7_0_, user1_.username as username1_15_1_, user1_.enabled as enabled2_15_1_, user1_.password as password3_15_1_, user1_.role as role4_15_1_ from LoginAttempts loginattem0_ left outer join Users user1_ on loginattem0_.user_id=user1_.username where loginattem0_.id=?
21:24:10.231 [main] DEBUG o.h.l.p.b.i.spaces.QuerySpacesImpl - Adding QuerySpace : uid = <gen:0> -> org.hibernate.loader.plan.build.internal.spaces.EntityQuerySpaceImpl@153290ce]
21:24:10.232 [main] DEBUG o.h.p.w.spi.MetamodelGraphWalker - Visiting attribute path : ip
21:24:10.232 [main] DEBUG o.h.p.w.spi.MetamodelGraphWalker - Visiting attribute path : time
21:24:10.233 [main] DEBUG o.h.p.w.spi.MetamodelGraphWalker - Visiting attribute path : user
21:24:10.233 [main] DEBUG o.h.l.p.b.i.spaces.QuerySpacesImpl - Adding QuerySpace : uid = <gen:1> -> org.hibernate.loader.plan.build.internal.spaces.EntityQuerySpaceImpl@6604a666]
21:24:10.235 [main] DEBUG o.h.l.p.b.i.FetchStyleLoadPlanBuildingAssociationVisitationStrategy - Building LoadPlan...
21:24:10.236 [main] DEBUG o.h.l.p.e.i.LoadQueryJoinAndFetchProcessor - processing queryspace <gen:0>
21:24:10.236 [main] DEBUG o.h.l.p.b.spi.LoadPlanTreePrinter - LoadPlan(entity=edu.ncsu.csc.itrust2.models.persistent.LoginAttempt)
    - Returns
       - EntityReturnImpl(entity=edu.ncsu.csc.itrust2.models.persistent.LoginAttempt, querySpaceUid=<gen:0>, path=edu.ncsu.csc.itrust2.models.persistent.LoginAttempt)
          - EntityAttributeFetchImpl(entity=edu.ncsu.csc.itrust2.models.persistent.User, querySpaceUid=<gen:1>, path=edu.ncsu.csc.itrust2.models.persistent.LoginAttempt.user)
    - QuerySpaces
       - EntityQuerySpaceImpl(uid=<gen:0>, entity=edu.ncsu.csc.itrust2.models.persistent.LoginAttempt)
          - SQL table alias mapping - loginattem0_
          - alias suffix - 0_
          - suffixed key columns - {id1_7_0_}

21:24:10.237 [main] DEBUG o.h.loader.entity.plan.EntityLoader - Static select for entity edu.ncsu.csc.itrust2.models.persistent.LoginAttempt [UPGRADE]: select loginattem0_.id as id1_7_0_, loginattem0_.ip as ip2_7_0_, loginattem0_.time as time3_7_0_, loginattem0_.user_id as user_id4_7_0_ from LoginAttempts loginattem0_ where loginattem0_.id=? for update
21:24:10.237 [main] DEBUG o.h.l.p.b.i.spaces.QuerySpacesImpl - Adding QuerySpace : uid = <gen:0> -> org.hibernate.loader.plan.build.internal.spaces.EntityQuerySpaceImpl@7a87512e]
21:24:10.238 [main] DEBUG o.h.p.w.spi.MetamodelGraphWalker - Visiting attribute path : ip
21:24:10.239 [main] DEBUG o.h.p.w.spi.MetamodelGraphWalker - Visiting attribute path : time
21:24:10.239 [main] DEBUG o.h.p.w.spi.MetamodelGraphWalker - Visiting attribute path : user
21:24:10.239 [main] DEBUG o.h.l.p.b.i.spaces.QuerySpacesImpl - Adding QuerySpace : uid = <gen:1> -> org.hibernate.loader.plan.build.internal.spaces.EntityQuerySpaceImpl@7a2f4fde]
21:24:10.240 [main] DEBUG o.h.l.p.b.i.FetchStyleLoadPlanBuildingAssociationVisitationStrategy - Building LoadPlan...
21:24:10.241 [main] DEBUG o.h.l.p.e.i.LoadQueryJoinAndFetchProcessor - processing queryspace <gen:0>
21:24:10.244 [main] DEBUG o.h.l.p.b.spi.LoadPlanTreePrinter - LoadPlan(entity=edu.ncsu.csc.itrust2.models.persistent.LoginAttempt)
    - Returns
       - EntityReturnImpl(entity=edu.ncsu.csc.itrust2.models.persistent.LoginAttempt, querySpaceUid=<gen:0>, path=edu.ncsu.csc.itrust2.models.persistent.LoginAttempt)
          - EntityAttributeFetchImpl(entity=edu.ncsu.csc.itrust2.models.persistent.User, querySpaceUid=<gen:1>, path=edu.ncsu.csc.itrust2.models.persistent.LoginAttempt.user)
    - QuerySpaces
       - EntityQuerySpaceImpl(uid=<gen:0>, entity=edu.ncsu.csc.itrust2.models.persistent.LoginAttempt)
          - SQL table alias mapping - loginattem0_
          - alias suffix - 0_
          - suffixed key columns - {id1_7_0_}

21:24:10.244 [main] DEBUG o.h.loader.entity.plan.EntityLoader - Static select for entity edu.ncsu.csc.itrust2.models.persistent.LoginAttempt [UPGRADE_NOWAIT]: select loginattem0_.id as id1_7_0_, loginattem0_.ip as ip2_7_0_, loginattem0_.time as time3_7_0_, loginattem0_.user_id as user_id4_7_0_ from LoginAttempts loginattem0_ where loginattem0_.id=? for update
21:24:10.245 [main] DEBUG o.h.l.p.b.i.spaces.QuerySpacesImpl - Adding QuerySpace : uid = <gen:0> -> org.hibernate.loader.plan.build.internal.spaces.EntityQuerySpaceImpl@395bf16b]
21:24:10.246 [main] DEBUG o.h.p.w.spi.MetamodelGraphWalker - Visiting attribute path : ip
21:24:10.247 [main] DEBUG o.h.p.w.spi.MetamodelGraphWalker - Visiting attribute path : time
21:24:10.247 [main] DEBUG o.h.p.w.spi.MetamodelGraphWalker - Visiting attribute path : user
21:24:10.247 [main] DEBUG o.h.l.p.b.i.spaces.QuerySpacesImpl - Adding QuerySpace : uid = <gen:1> -> org.hibernate.loader.plan.build.internal.spaces.EntityQuerySpaceImpl@121e3cb7]
21:24:10.248 [main] DEBUG o.h.l.p.b.i.FetchStyleLoadPlanBuildingAssociationVisitationStrategy - Building LoadPlan...
21:24:10.248 [main] DEBUG o.h.l.p.e.i.LoadQueryJoinAndFetchProcessor - processing queryspace <gen:0>
21:24:10.251 [main] DEBUG o.h.l.p.b.spi.LoadPlanTreePrinter - LoadPlan(entity=edu.ncsu.csc.itrust2.models.persistent.LoginAttempt)
    - Returns
       - EntityReturnImpl(entity=edu.ncsu.csc.itrust2.models.persistent.LoginAttempt, querySpaceUid=<gen:0>, path=edu.ncsu.csc.itrust2.models.persistent.LoginAttempt)
          - EntityAttributeFetchImpl(entity=edu.ncsu.csc.itrust2.models.persistent.User, querySpaceUid=<gen:1>, path=edu.ncsu.csc.itrust2.models.persistent.LoginAttempt.user)
    - QuerySpaces
       - EntityQuerySpaceImpl(uid=<gen:0>, entity=edu.ncsu.csc.itrust2.models.persistent.LoginAttempt)
          - SQL table alias mapping - loginattem0_
          - alias suffix - 0_
          - suffixed key columns - {id1_7_0_}

21:24:10.252 [main] DEBUG o.h.loader.entity.plan.EntityLoader - Static select for entity edu.ncsu.csc.itrust2.models.persistent.LoginAttempt [UPGRADE_SKIPLOCKED]: select loginattem0_.id as id1_7_0_, loginattem0_.ip as ip2_7_0_, loginattem0_.time as time3_7_0_, loginattem0_.user_id as user_id4_7_0_ from LoginAttempts loginattem0_ where loginattem0_.id=? for update
21:24:10.252 [main] DEBUG o.h.l.p.b.i.spaces.QuerySpacesImpl - Adding QuerySpace : uid = <gen:0> -> org.hibernate.loader.plan.build.internal.spaces.EntityQuerySpaceImpl@12cfc095]
21:24:10.253 [main] DEBUG o.h.p.w.spi.MetamodelGraphWalker - Visiting attribute path : ip
21:24:10.253 [main] DEBUG o.h.p.w.spi.MetamodelGraphWalker - Visiting attribute path : time
21:24:10.253 [main] DEBUG o.h.p.w.spi.MetamodelGraphWalker - Visiting attribute path : user
21:24:10.254 [main] DEBUG o.h.l.p.b.i.spaces.QuerySpacesImpl - Adding QuerySpace : uid = <gen:1> -> org.hibernate.loader.plan.build.internal.spaces.EntityQuerySpaceImpl@2371db7f]
21:24:10.255 [main] DEBUG o.h.l.p.b.i.FetchStyleLoadPlanBuildingAssociationVisitationStrategy - Building LoadPlan...
21:24:10.255 [main] DEBUG o.h.l.p.e.i.LoadQueryJoinAndFetchProcessor - processing queryspace <gen:0>
21:24:10.256 [main] DEBUG o.h.l.p.b.spi.LoadPlanTreePrinter - LoadPlan(entity=edu.ncsu.csc.itrust2.models.persistent.LoginAttempt)
    - Returns
       - EntityReturnImpl(entity=edu.ncsu.csc.itrust2.models.persistent.LoginAttempt, querySpaceUid=<gen:0>, path=edu.ncsu.csc.itrust2.models.persistent.LoginAttempt)
          - EntityAttributeFetchImpl(entity=edu.ncsu.csc.itrust2.models.persistent.User, querySpaceUid=<gen:1>, path=edu.ncsu.csc.itrust2.models.persistent.LoginAttempt.user)
    - QuerySpaces
       - EntityQuerySpaceImpl(uid=<gen:0>, entity=edu.ncsu.csc.itrust2.models.persistent.LoginAttempt)
          - SQL table alias mapping - loginattem0_
          - alias suffix - 0_
          - suffixed key columns - {id1_7_0_}

21:24:10.256 [main] DEBUG o.h.loader.entity.plan.EntityLoader - Static select for entity edu.ncsu.csc.itrust2.models.persistent.LoginAttempt [FORCE]: select loginattem0_.id as id1_7_0_, loginattem0_.ip as ip2_7_0_, loginattem0_.time as time3_7_0_, loginattem0_.user_id as user_id4_7_0_ from LoginAttempts loginattem0_ where loginattem0_.id=? for update
21:24:10.257 [main] DEBUG o.h.l.p.b.i.spaces.QuerySpacesImpl - Adding QuerySpace : uid = <gen:0> -> org.hibernate.loader.plan.build.internal.spaces.EntityQuerySpaceImpl@40e9b022]
21:24:10.258 [main] DEBUG o.h.p.w.spi.MetamodelGraphWalker - Visiting attribute path : ip
21:24:10.258 [main] DEBUG o.h.p.w.spi.MetamodelGraphWalker - Visiting attribute path : time
21:24:10.259 [main] DEBUG o.h.p.w.spi.MetamodelGraphWalker - Visiting attribute path : user
21:24:10.260 [main] DEBUG o.h.l.p.b.i.spaces.QuerySpacesImpl - Adding QuerySpace : uid = <gen:1> -> org.hibernate.loader.plan.build.internal.spaces.EntityQuerySpaceImpl@1556748e]
21:24:10.261 [main] DEBUG o.h.l.p.b.i.FetchStyleLoadPlanBuildingAssociationVisitationStrategy - Building LoadPlan...
21:24:10.261 [main] DEBUG o.h.l.p.e.i.LoadQueryJoinAndFetchProcessor - processing queryspace <gen:0>
21:24:10.262 [main] DEBUG o.h.l.p.b.spi.LoadPlanTreePrinter - LoadPlan(entity=edu.ncsu.csc.itrust2.models.persistent.LoginAttempt)
    - Returns
       - EntityReturnImpl(entity=edu.ncsu.csc.itrust2.models.persistent.LoginAttempt, querySpaceUid=<gen:0>, path=edu.ncsu.csc.itrust2.models.persistent.LoginAttempt)
          - EntityAttributeFetchImpl(entity=edu.ncsu.csc.itrust2.models.persistent.User, querySpaceUid=<gen:1>, path=edu.ncsu.csc.itrust2.models.persistent.LoginAttempt.user)
    - QuerySpaces
       - EntityQuerySpaceImpl(uid=<gen:0>, entity=edu.ncsu.csc.itrust2.models.persistent.LoginAttempt)
          - SQL table alias mapping - loginattem0_
          - alias suffix - 0_
          - suffixed key columns - {id1_7_0_}

21:24:10.263 [main] DEBUG o.h.loader.entity.plan.EntityLoader - Static select for entity edu.ncsu.csc.itrust2.models.persistent.LoginAttempt [PESSIMISTIC_READ]: select loginattem0_.id as id1_7_0_, loginattem0_.ip as ip2_7_0_, loginattem0_.time as time3_7_0_, loginattem0_.user_id as user_id4_7_0_ from LoginAttempts loginattem0_ where loginattem0_.id=? lock in share mode
21:24:10.265 [main] DEBUG o.h.l.p.b.i.spaces.QuerySpacesImpl - Adding QuerySpace : uid = <gen:0> -> org.hibernate.loader.plan.build.internal.spaces.EntityQuerySpaceImpl@38d1ff78]
21:24:10.265 [main] DEBUG o.h.p.w.spi.MetamodelGraphWalker - Visiting attribute path : ip
21:24:10.266 [main] DEBUG o.h.p.w.spi.MetamodelGraphWalker - Visiting attribute path : time
21:24:10.266 [main] DEBUG o.h.p.w.spi.MetamodelGraphWalker - Visiting attribute path : user
21:24:10.267 [main] DEBUG o.h.l.p.b.i.spaces.QuerySpacesImpl - Adding QuerySpace : uid = <gen:1> -> org.hibernate.loader.plan.build.internal.spaces.EntityQuerySpaceImpl@69f82d9f]
21:24:10.267 [main] DEBUG o.h.l.p.b.i.FetchStyleLoadPlanBuildingAssociationVisitationStrategy - Building LoadPlan...
21:24:10.268 [main] DEBUG o.h.l.p.e.i.LoadQueryJoinAndFetchProcessor - processing queryspace <gen:0>
21:24:10.268 [main] DEBUG o.h.l.p.b.spi.LoadPlanTreePrinter - LoadPlan(entity=edu.ncsu.csc.itrust2.models.persistent.LoginAttempt)
    - Returns
       - EntityReturnImpl(entity=edu.ncsu.csc.itrust2.models.persistent.LoginAttempt, querySpaceUid=<gen:0>, path=edu.ncsu.csc.itrust2.models.persistent.LoginAttempt)
          - EntityAttributeFetchImpl(entity=edu.ncsu.csc.itrust2.models.persistent.User, querySpaceUid=<gen:1>, path=edu.ncsu.csc.itrust2.models.persistent.LoginAttempt.user)
    - QuerySpaces
       - EntityQuerySpaceImpl(uid=<gen:0>, entity=edu.ncsu.csc.itrust2.models.persistent.LoginAttempt)
          - SQL table alias mapping - loginattem0_
          - alias suffix - 0_
          - suffixed key columns - {id1_7_0_}

21:24:10.269 [main] DEBUG o.h.loader.entity.plan.EntityLoader - Static select for entity edu.ncsu.csc.itrust2.models.persistent.LoginAttempt [PESSIMISTIC_WRITE]: select loginattem0_.id as id1_7_0_, loginattem0_.ip as ip2_7_0_, loginattem0_.time as time3_7_0_, loginattem0_.user_id as user_id4_7_0_ from LoginAttempts loginattem0_ where loginattem0_.id=? for update
21:24:10.269 [main] DEBUG o.h.l.p.b.i.spaces.QuerySpacesImpl - Adding QuerySpace : uid = <gen:0> -> org.hibernate.loader.plan.build.internal.spaces.EntityQuerySpaceImpl@4facd62a]
21:24:10.270 [main] DEBUG o.h.p.w.spi.MetamodelGraphWalker - Visiting attribute path : ip
21:24:10.270 [main] DEBUG o.h.p.w.spi.MetamodelGraphWalker - Visiting attribute path : time
21:24:10.271 [main] DEBUG o.h.p.w.spi.MetamodelGraphWalker - Visiting attribute path : user
21:24:10.271 [main] DEBUG o.h.l.p.b.i.spaces.QuerySpacesImpl - Adding QuerySpace : uid = <gen:1> -> org.hibernate.loader.plan.build.internal.spaces.EntityQuerySpaceImpl@6c96564e]
21:24:10.272 [main] DEBUG o.h.l.p.b.i.FetchStyleLoadPlanBuildingAssociationVisitationStrategy - Building LoadPlan...
21:24:10.273 [main] DEBUG o.h.l.p.e.i.LoadQueryJoinAndFetchProcessor - processing queryspace <gen:0>
21:24:10.273 [main] DEBUG o.h.l.p.b.spi.LoadPlanTreePrinter - LoadPlan(entity=edu.ncsu.csc.itrust2.models.persistent.LoginAttempt)
    - Returns
       - EntityReturnImpl(entity=edu.ncsu.csc.itrust2.models.persistent.LoginAttempt, querySpaceUid=<gen:0>, path=edu.ncsu.csc.itrust2.models.persistent.LoginAttempt)
          - EntityAttributeFetchImpl(entity=edu.ncsu.csc.itrust2.models.persistent.User, querySpaceUid=<gen:1>, path=edu.ncsu.csc.itrust2.models.persistent.LoginAttempt.user)
    - QuerySpaces
       - EntityQuerySpaceImpl(uid=<gen:0>, entity=edu.ncsu.csc.itrust2.models.persistent.LoginAttempt)
          - SQL table alias mapping - loginattem0_
          - alias suffix - 0_
          - suffixed key columns - {id1_7_0_}

21:24:10.274 [main] DEBUG o.h.loader.entity.plan.EntityLoader - Static select for entity edu.ncsu.csc.itrust2.models.persistent.LoginAttempt [PESSIMISTIC_FORCE_INCREMENT]: select loginattem0_.id as id1_7_0_, loginattem0_.ip as ip2_7_0_, loginattem0_.time as time3_7_0_, loginattem0_.user_id as user_id4_7_0_ from LoginAttempts loginattem0_ where loginattem0_.id=? for update
21:24:10.275 [main] DEBUG o.h.l.p.b.i.spaces.QuerySpacesImpl - Adding QuerySpace : uid = <gen:0> -> org.hibernate.loader.plan.build.internal.spaces.EntityQuerySpaceImpl@44aa1a96]
21:24:10.275 [main] DEBUG o.h.p.w.spi.MetamodelGraphWalker - Visiting attribute path : ip
21:24:10.276 [main] DEBUG o.h.p.w.spi.MetamodelGraphWalker - Visiting attribute path : time
21:24:10.276 [main] DEBUG o.h.p.w.spi.MetamodelGraphWalker - Visiting attribute path : user
21:24:10.276 [main] DEBUG o.h.l.p.b.i.spaces.QuerySpacesImpl - Adding QuerySpace : uid = <gen:1> -> org.hibernate.loader.plan.build.internal.spaces.EntityQuerySpaceImpl@1b0d6b8e]
21:24:10.277 [main] DEBUG o.h.l.p.b.i.FetchStyleLoadPlanBuildingAssociationVisitationStrategy - Building LoadPlan...
21:24:10.278 [main] DEBUG o.h.l.p.e.i.LoadQueryJoinAndFetchProcessor - processing queryspace <gen:0>
21:24:10.279 [main] DEBUG o.h.l.p.b.spi.LoadPlanTreePrinter - LoadPlan(entity=edu.ncsu.csc.itrust2.models.persistent.LoginAttempt)
    - Returns
       - EntityReturnImpl(entity=edu.ncsu.csc.itrust2.models.persistent.LoginAttempt, querySpaceUid=<gen:0>, path=edu.ncsu.csc.itrust2.models.persistent.LoginAttempt)
          - EntityAttributeFetchImpl(entity=edu.ncsu.csc.itrust2.models.persistent.User, querySpaceUid=<gen:1>, path=edu.ncsu.csc.itrust2.models.persistent.LoginAttempt.user)
    - QuerySpaces
       - EntityQuerySpaceImpl(uid=<gen:0>, entity=edu.ncsu.csc.itrust2.models.persistent.LoginAttempt)
          - SQL table alias mapping - loginattem0_
          - alias suffix - 0_
          - suffixed key columns - {id1_7_0_}

21:24:10.280 [main] DEBUG o.h.loader.entity.plan.EntityLoader - Static select for entity edu.ncsu.csc.itrust2.models.persistent.LoginAttempt [OPTIMISTIC]: select loginattem0_.id as id1_7_0_, loginattem0_.ip as ip2_7_0_, loginattem0_.time as time3_7_0_, loginattem0_.user_id as user_id4_7_0_ from LoginAttempts loginattem0_ where loginattem0_.id=?
21:24:10.280 [main] DEBUG o.h.l.p.b.i.spaces.QuerySpacesImpl - Adding QuerySpace : uid = <gen:0> -> org.hibernate.loader.plan.build.internal.spaces.EntityQuerySpaceImpl@45f77a87]
21:24:10.281 [main] DEBUG o.h.p.w.spi.MetamodelGraphWalker - Visiting attribute path : ip
21:24:10.281 [main] DEBUG o.h.p.w.spi.MetamodelGraphWalker - Visiting attribute path : time
21:24:10.281 [main] DEBUG o.h.p.w.spi.MetamodelGraphWalker - Visiting attribute path : user
21:24:10.282 [main] DEBUG o.h.l.p.b.i.spaces.QuerySpacesImpl - Adding QuerySpace : uid = <gen:1> -> org.hibernate.loader.plan.build.internal.spaces.EntityQuerySpaceImpl@48578e68]
21:24:10.282 [main] DEBUG o.h.l.p.b.i.FetchStyleLoadPlanBuildingAssociationVisitationStrategy - Building LoadPlan...
21:24:10.283 [main] DEBUG o.h.l.p.e.i.LoadQueryJoinAndFetchProcessor - processing queryspace <gen:0>
21:24:10.284 [main] DEBUG o.h.l.p.b.spi.LoadPlanTreePrinter - LoadPlan(entity=edu.ncsu.csc.itrust2.models.persistent.LoginAttempt)
    - Returns
       - EntityReturnImpl(entity=edu.ncsu.csc.itrust2.models.persistent.LoginAttempt, querySpaceUid=<gen:0>, path=edu.ncsu.csc.itrust2.models.persistent.LoginAttempt)
          - EntityAttributeFetchImpl(entity=edu.ncsu.csc.itrust2.models.persistent.User, querySpaceUid=<gen:1>, path=edu.ncsu.csc.itrust2.models.persistent.LoginAttempt.user)
    - QuerySpaces
       - EntityQuerySpaceImpl(uid=<gen:0>, entity=edu.ncsu.csc.itrust2.models.persistent.LoginAttempt)
          - SQL table alias mapping - loginattem0_
          - alias suffix - 0_
          - suffixed key columns - {id1_7_0_}

21:24:10.284 [main] DEBUG o.h.loader.entity.plan.EntityLoader - Static select for entity edu.ncsu.csc.itrust2.models.persistent.LoginAttempt [OPTIMISTIC_FORCE_INCREMENT]: select loginattem0_.id as id1_7_0_, loginattem0_.ip as ip2_7_0_, loginattem0_.time as time3_7_0_, loginattem0_.user_id as user_id4_7_0_ from LoginAttempts loginattem0_ where loginattem0_.id=?
21:24:10.284 [main] DEBUG org.hibernate.loader.Loader - Static select for action ACTION_MERGE on entity edu.ncsu.csc.itrust2.models.persistent.LoginAttempt: select loginattem0_.id as id1_7_0_, loginattem0_.ip as ip2_7_0_, loginattem0_.time as time3_7_0_, loginattem0_.user_id as user_id4_7_0_ from LoginAttempts loginattem0_ where loginattem0_.id=?
21:24:10.285 [main] DEBUG org.hibernate.loader.Loader - Static select for action ACTION_REFRESH on entity edu.ncsu.csc.itrust2.models.persistent.LoginAttempt: select loginattem0_.id as id1_7_0_, loginattem0_.ip as ip2_7_0_, loginattem0_.time as time3_7_0_, loginattem0_.user_id as user_id4_7_0_ from LoginAttempts loginattem0_ where loginattem0_.id=?
21:24:10.286 [main] DEBUG o.h.p.entity.AbstractEntityPersister - Static SQL for entity: edu.ncsu.csc.itrust2.models.persistent.Patient
21:24:10.287 [main] DEBUG o.h.p.entity.AbstractEntityPersister -  Version select: select self_id from Patients where self_id =?
21:24:10.287 [main] DEBUG o.h.p.entity.AbstractEntityPersister -  Snapshot select: select patient_.self_id, patient_.address1 as address1_12_, patient_.address2 as address2_12_, patient_.bloodType as bloodTyp3_12_, patient_.causeOfDeath as causeOfD4_12_, patient_.city as city5_12_, patient_.dateOfBirth as dateOfBi6_12_, patient_.dateOfDeath as dateOfDe7_12_, patient_.email as email8_12_, patient_.ethnicity as ethnicit9_12_, patient_.father_id as father_19_12_, patient_.firstName as firstNa10_12_, patient_.gender as gender11_12_, patient_.id as id12_12_, patient_.lastName as lastNam13_12_, patient_.mother_id as mother_20_12_, patient_.phone as phone14_12_, patient_.preferredName as preferr15_12_, patient_.state as state16_12_, patient_.zip as zip17_12_ from Patients patient_ where patient_.self_id=?
21:24:10.287 [main] DEBUG o.h.p.entity.AbstractEntityPersister -  Insert 0: insert into Patients (address1, address2, bloodType, causeOfDeath, city, dateOfBirth, dateOfDeath, email, ethnicity, father_id, firstName, gender, id, lastName, mother_id, phone, preferredName, state, zip, self_id) values (?, ?, ?, ?, ?, ?, ?, ?, ?, ?, ?, ?, ?, ?, ?, ?, ?, ?, ?, ?)
21:24:10.287 [main] DEBUG o.h.p.entity.AbstractEntityPersister -  Update 0: update Patients set address1=?, address2=?, bloodType=?, causeOfDeath=?, city=?, dateOfBirth=?, dateOfDeath=?, email=?, ethnicity=?, father_id=?, firstName=?, gender=?, id=?, lastName=?, mother_id=?, phone=?, preferredName=?, state=?, zip=? where self_id=?
21:24:10.288 [main] DEBUG o.h.p.entity.AbstractEntityPersister -  Delete 0: delete from Patients where self_id=?
21:24:10.288 [main] DEBUG o.h.l.p.b.i.spaces.QuerySpacesImpl - Adding QuerySpace : uid = <gen:0> -> org.hibernate.loader.plan.build.internal.spaces.EntityQuerySpaceImpl@38f6cdf7]
21:24:10.294 [main] DEBUG o.h.l.p.b.i.spaces.QuerySpacesImpl - Adding QuerySpace : uid = <gen:0>-id -> org.hibernate.loader.plan.build.internal.spaces.CompositeQuerySpaceImpl@4bf85d]
21:24:10.311 [main] DEBUG o.h.p.w.spi.MetamodelGraphWalker - Visiting attribute path : self
21:24:10.312 [main] DEBUG o.h.p.w.spi.MetamodelGraphWalker - Property path deemed to be circular : self
21:24:10.313 [main] DEBUG o.h.p.w.spi.MetamodelGraphWalker - Visiting attribute path : address1
21:24:10.313 [main] DEBUG o.h.p.w.spi.MetamodelGraphWalker - Visiting attribute path : address2
21:24:10.314 [main] DEBUG o.h.p.w.spi.MetamodelGraphWalker - Visiting attribute path : bloodType
21:24:10.315 [main] DEBUG o.h.p.w.spi.MetamodelGraphWalker - Visiting attribute path : causeOfDeath
21:24:10.316 [main] DEBUG o.h.p.w.spi.MetamodelGraphWalker - Visiting attribute path : city
21:24:10.316 [main] DEBUG o.h.p.w.spi.MetamodelGraphWalker - Visiting attribute path : dateOfBirth
21:24:10.316 [main] DEBUG o.h.p.w.spi.MetamodelGraphWalker - Visiting attribute path : dateOfDeath
21:24:10.317 [main] DEBUG o.h.p.w.spi.MetamodelGraphWalker - Visiting attribute path : email
21:24:10.317 [main] DEBUG o.h.p.w.spi.MetamodelGraphWalker - Visiting attribute path : ethnicity
21:24:10.317 [main] DEBUG o.h.p.w.spi.MetamodelGraphWalker - Visiting attribute path : father
21:24:10.318 [main] DEBUG o.h.l.p.b.i.spaces.QuerySpacesImpl - Adding QuerySpace : uid = <gen:1> -> org.hibernate.loader.plan.build.internal.spaces.EntityQuerySpaceImpl@56ba316b]
21:24:10.319 [main] DEBUG o.h.p.w.spi.MetamodelGraphWalker - Visiting attribute path : father.enabled
21:24:10.319 [main] DEBUG o.h.p.w.spi.MetamodelGraphWalker - Visiting attribute path : father.password
21:24:10.320 [main] DEBUG o.h.p.w.spi.MetamodelGraphWalker - Visiting attribute path : father.role
21:24:10.320 [main] DEBUG o.h.p.w.spi.MetamodelGraphWalker - Visiting attribute path : firstName
21:24:10.320 [main] DEBUG o.h.p.w.spi.MetamodelGraphWalker - Visiting attribute path : gender
21:24:10.320 [main] DEBUG o.h.p.w.spi.MetamodelGraphWalker - Visiting attribute path : id
21:24:10.321 [main] DEBUG o.h.p.w.spi.MetamodelGraphWalker - Visiting attribute path : lastName
21:24:10.321 [main] DEBUG o.h.p.w.spi.MetamodelGraphWalker - Visiting attribute path : mother
21:24:10.321 [main] DEBUG o.h.l.p.b.i.spaces.QuerySpacesImpl - Adding QuerySpace : uid = <gen:2> -> org.hibernate.loader.plan.build.internal.spaces.EntityQuerySpaceImpl@2b63bb80]
21:24:10.321 [main] DEBUG o.h.p.w.spi.MetamodelGraphWalker - Visiting attribute path : mother.enabled
21:24:10.322 [main] DEBUG o.h.p.w.spi.MetamodelGraphWalker - Visiting attribute path : mother.password
21:24:10.322 [main] DEBUG o.h.p.w.spi.MetamodelGraphWalker - Visiting attribute path : mother.role
21:24:10.323 [main] DEBUG o.h.p.w.spi.MetamodelGraphWalker - Visiting attribute path : phone
21:24:10.323 [main] DEBUG o.h.p.w.spi.MetamodelGraphWalker - Visiting attribute path : preferredName
21:24:10.323 [main] DEBUG o.h.p.w.spi.MetamodelGraphWalker - Visiting attribute path : state
21:24:10.323 [main] DEBUG o.h.p.w.spi.MetamodelGraphWalker - Visiting attribute path : zip
21:24:10.324 [main] DEBUG o.h.l.p.b.i.FetchStyleLoadPlanBuildingAssociationVisitationStrategy - Building LoadPlan...
21:24:10.327 [main] DEBUG o.h.l.p.e.i.LoadQueryJoinAndFetchProcessor - processing queryspace <gen:0>
21:24:10.329 [main] DEBUG o.h.l.p.b.spi.LoadPlanTreePrinter - LoadPlan(entity=edu.ncsu.csc.itrust2.models.persistent.Patient)
    - Returns
       - EntityReturnImpl(entity=edu.ncsu.csc.itrust2.models.persistent.Patient, querySpaceUid=<gen:0>, path=edu.ncsu.csc.itrust2.models.persistent.Patient)
          - EntityAttributeFetchImpl(entity=edu.ncsu.csc.itrust2.models.persistent.User, querySpaceUid=<gen:1>, path=edu.ncsu.csc.itrust2.models.persistent.Patient.father)
          - EntityAttributeFetchImpl(entity=edu.ncsu.csc.itrust2.models.persistent.User, querySpaceUid=<gen:2>, path=edu.ncsu.csc.itrust2.models.persistent.Patient.mother)
    - QuerySpaces
       - EntityQuerySpaceImpl(uid=<gen:0>, entity=edu.ncsu.csc.itrust2.models.persistent.Patient)
          - SQL table alias mapping - patient0_
          - alias suffix - 0_
          - suffixed key columns - {self_id18_12_0_}
          - JOIN (JoinDefinedByMetadata(id)) : <gen:0> -> <gen:0>-id
             - CompositeQuerySpaceImpl(uid=<gen:0>-id)
                - SQL table alias mapping - patient0_
          - JOIN (JoinDefinedByMetadata(father)) : <gen:0> -> <gen:1>
             - EntityQuerySpaceImpl(uid=<gen:1>, entity=edu.ncsu.csc.itrust2.models.persistent.User)
                - SQL table alias mapping - user1_
                - alias suffix - 1_
                - suffixed key columns - {username1_15_1_}
          - JOIN (JoinDefinedByMetadata(mother)) : <gen:0> -> <gen:2>
             - EntityQuerySpaceImpl(uid=<gen:2>, entity=edu.ncsu.csc.itrust2.models.persistent.User)
                - SQL table alias mapping - user2_
                - alias suffix - 2_
                - suffixed key columns - {username1_15_2_}

21:24:10.330 [main] DEBUG o.h.loader.entity.plan.EntityLoader - Static select for entity edu.ncsu.csc.itrust2.models.persistent.Patient [NONE]: select patient0_.self_id as self_id18_12_0_, patient0_.address1 as address1_12_0_, patient0_.address2 as address2_12_0_, patient0_.bloodType as bloodTyp3_12_0_, patient0_.causeOfDeath as causeOfD4_12_0_, patient0_.city as city5_12_0_, patient0_.dateOfBirth as dateOfBi6_12_0_, patient0_.dateOfDeath as dateOfDe7_12_0_, patient0_.email as email8_12_0_, patient0_.ethnicity as ethnicit9_12_0_, patient0_.father_id as father_19_12_0_, patient0_.firstName as firstNa10_12_0_, patient0_.gender as gender11_12_0_, patient0_.id as id12_12_0_, patient0_.lastName as lastNam13_12_0_, patient0_.mother_id as mother_20_12_0_, patient0_.phone as phone14_12_0_, patient0_.preferredName as preferr15_12_0_, patient0_.state as state16_12_0_, patient0_.zip as zip17_12_0_, user1_.username as username1_15_1_, user1_.enabled as enabled2_15_1_, user1_.password as password3_15_1_, user1_.role as role4_15_1_, user2_.username as username1_15_2_, user2_.enabled as enabled2_15_2_, user2_.password as password3_15_2_, user2_.role as role4_15_2_ from Patients patient0_ left outer join Users user1_ on patient0_.father_id=user1_.username left outer join Users user2_ on patient0_.mother_id=user2_.username where patient0_.self_id=?
21:24:10.331 [main] DEBUG o.h.l.p.b.i.spaces.QuerySpacesImpl - Adding QuerySpace : uid = <gen:0> -> org.hibernate.loader.plan.build.internal.spaces.EntityQuerySpaceImpl@6d40c5df]
21:24:10.332 [main] DEBUG o.h.l.p.b.i.spaces.QuerySpacesImpl - Adding QuerySpace : uid = <gen:0>-id -> org.hibernate.loader.plan.build.internal.spaces.CompositeQuerySpaceImpl@54e42bd]
21:24:10.332 [main] DEBUG o.h.p.w.spi.MetamodelGraphWalker - Visiting attribute path : self
21:24:10.333 [main] DEBUG o.h.p.w.spi.MetamodelGraphWalker - Property path deemed to be circular : self
21:24:10.333 [main] DEBUG o.h.p.w.spi.MetamodelGraphWalker - Visiting attribute path : address1
21:24:10.334 [main] DEBUG o.h.p.w.spi.MetamodelGraphWalker - Visiting attribute path : address2
21:24:10.334 [main] DEBUG o.h.p.w.spi.MetamodelGraphWalker - Visiting attribute path : bloodType
21:24:10.335 [main] DEBUG o.h.p.w.spi.MetamodelGraphWalker - Visiting attribute path : causeOfDeath
21:24:10.335 [main] DEBUG o.h.p.w.spi.MetamodelGraphWalker - Visiting attribute path : city
21:24:10.335 [main] DEBUG o.h.p.w.spi.MetamodelGraphWalker - Visiting attribute path : dateOfBirth
21:24:10.335 [main] DEBUG o.h.p.w.spi.MetamodelGraphWalker - Visiting attribute path : dateOfDeath
21:24:10.336 [main] DEBUG o.h.p.w.spi.MetamodelGraphWalker - Visiting attribute path : email
21:24:10.336 [main] DEBUG o.h.p.w.spi.MetamodelGraphWalker - Visiting attribute path : ethnicity
21:24:10.336 [main] DEBUG o.h.p.w.spi.MetamodelGraphWalker - Visiting attribute path : father
21:24:10.338 [main] DEBUG o.h.l.p.b.i.spaces.QuerySpacesImpl - Adding QuerySpace : uid = <gen:1> -> org.hibernate.loader.plan.build.internal.spaces.EntityQuerySpaceImpl@66ee413]
21:24:10.338 [main] DEBUG o.h.p.w.spi.MetamodelGraphWalker - Visiting attribute path : father.enabled
21:24:10.339 [main] DEBUG o.h.p.w.spi.MetamodelGraphWalker - Visiting attribute path : father.password
21:24:10.339 [main] DEBUG o.h.p.w.spi.MetamodelGraphWalker - Visiting attribute path : father.role
21:24:10.340 [main] DEBUG o.h.p.w.spi.MetamodelGraphWalker - Visiting attribute path : firstName
21:24:10.340 [main] DEBUG o.h.p.w.spi.MetamodelGraphWalker - Visiting attribute path : gender
21:24:10.340 [main] DEBUG o.h.p.w.spi.MetamodelGraphWalker - Visiting attribute path : id
21:24:10.340 [main] DEBUG o.h.p.w.spi.MetamodelGraphWalker - Visiting attribute path : lastName
21:24:10.340 [main] DEBUG o.h.p.w.spi.MetamodelGraphWalker - Visiting attribute path : mother
21:24:10.341 [main] DEBUG o.h.l.p.b.i.spaces.QuerySpacesImpl - Adding QuerySpace : uid = <gen:2> -> org.hibernate.loader.plan.build.internal.spaces.EntityQuerySpaceImpl@783dd3f0]
21:24:10.341 [main] DEBUG o.h.p.w.spi.MetamodelGraphWalker - Visiting attribute path : mother.enabled
21:24:10.341 [main] DEBUG o.h.p.w.spi.MetamodelGraphWalker - Visiting attribute path : mother.password
21:24:10.341 [main] DEBUG o.h.p.w.spi.MetamodelGraphWalker - Visiting attribute path : mother.role
21:24:10.341 [main] DEBUG o.h.p.w.spi.MetamodelGraphWalker - Visiting attribute path : phone
21:24:10.342 [main] DEBUG o.h.p.w.spi.MetamodelGraphWalker - Visiting attribute path : preferredName
21:24:10.342 [main] DEBUG o.h.p.w.spi.MetamodelGraphWalker - Visiting attribute path : state
21:24:10.342 [main] DEBUG o.h.p.w.spi.MetamodelGraphWalker - Visiting attribute path : zip
21:24:10.342 [main] DEBUG o.h.l.p.b.i.FetchStyleLoadPlanBuildingAssociationVisitationStrategy - Building LoadPlan...
21:24:10.343 [main] DEBUG o.h.l.p.e.i.LoadQueryJoinAndFetchProcessor - processing queryspace <gen:0>
21:24:10.345 [main] DEBUG o.h.l.p.b.spi.LoadPlanTreePrinter - LoadPlan(entity=edu.ncsu.csc.itrust2.models.persistent.Patient)
    - Returns
       - EntityReturnImpl(entity=edu.ncsu.csc.itrust2.models.persistent.Patient, querySpaceUid=<gen:0>, path=edu.ncsu.csc.itrust2.models.persistent.Patient)
          - EntityAttributeFetchImpl(entity=edu.ncsu.csc.itrust2.models.persistent.User, querySpaceUid=<gen:1>, path=edu.ncsu.csc.itrust2.models.persistent.Patient.father)
          - EntityAttributeFetchImpl(entity=edu.ncsu.csc.itrust2.models.persistent.User, querySpaceUid=<gen:2>, path=edu.ncsu.csc.itrust2.models.persistent.Patient.mother)
    - QuerySpaces
       - EntityQuerySpaceImpl(uid=<gen:0>, entity=edu.ncsu.csc.itrust2.models.persistent.Patient)
          - SQL table alias mapping - patient0_
          - alias suffix - 0_
          - suffixed key columns - {self_id18_12_0_}
          - JOIN (JoinDefinedByMetadata(id)) : <gen:0> -> <gen:0>-id
             - CompositeQuerySpaceImpl(uid=<gen:0>-id)
                - SQL table alias mapping - patient0_
          - JOIN (JoinDefinedByMetadata(father)) : <gen:0> -> <gen:1>
             - EntityQuerySpaceImpl(uid=<gen:1>, entity=edu.ncsu.csc.itrust2.models.persistent.User)
                - SQL table alias mapping - user1_
                - alias suffix - 1_
                - suffixed key columns - {username1_15_1_}
          - JOIN (JoinDefinedByMetadata(mother)) : <gen:0> -> <gen:2>
             - EntityQuerySpaceImpl(uid=<gen:2>, entity=edu.ncsu.csc.itrust2.models.persistent.User)
                - SQL table alias mapping - user2_
                - alias suffix - 2_
                - suffixed key columns - {username1_15_2_}

21:24:10.345 [main] DEBUG o.h.loader.entity.plan.EntityLoader - Static select for entity edu.ncsu.csc.itrust2.models.persistent.Patient [READ]: select patient0_.self_id as self_id18_12_0_, patient0_.address1 as address1_12_0_, patient0_.address2 as address2_12_0_, patient0_.bloodType as bloodTyp3_12_0_, patient0_.causeOfDeath as causeOfD4_12_0_, patient0_.city as city5_12_0_, patient0_.dateOfBirth as dateOfBi6_12_0_, patient0_.dateOfDeath as dateOfDe7_12_0_, patient0_.email as email8_12_0_, patient0_.ethnicity as ethnicit9_12_0_, patient0_.father_id as father_19_12_0_, patient0_.firstName as firstNa10_12_0_, patient0_.gender as gender11_12_0_, patient0_.id as id12_12_0_, patient0_.lastName as lastNam13_12_0_, patient0_.mother_id as mother_20_12_0_, patient0_.phone as phone14_12_0_, patient0_.preferredName as preferr15_12_0_, patient0_.state as state16_12_0_, patient0_.zip as zip17_12_0_, user1_.username as username1_15_1_, user1_.enabled as enabled2_15_1_, user1_.password as password3_15_1_, user1_.role as role4_15_1_, user2_.username as username1_15_2_, user2_.enabled as enabled2_15_2_, user2_.password as password3_15_2_, user2_.role as role4_15_2_ from Patients patient0_ left outer join Users user1_ on patient0_.father_id=user1_.username left outer join Users user2_ on patient0_.mother_id=user2_.username where patient0_.self_id=?
21:24:10.346 [main] DEBUG o.h.l.p.b.i.spaces.QuerySpacesImpl - Adding QuerySpace : uid = <gen:0> -> org.hibernate.loader.plan.build.internal.spaces.EntityQuerySpaceImpl@390b8418]
21:24:10.346 [main] DEBUG o.h.l.p.b.i.spaces.QuerySpacesImpl - Adding QuerySpace : uid = <gen:0>-id -> org.hibernate.loader.plan.build.internal.spaces.CompositeQuerySpaceImpl@5886b2ad]
21:24:10.346 [main] DEBUG o.h.p.w.spi.MetamodelGraphWalker - Visiting attribute path : self
21:24:10.347 [main] DEBUG o.h.p.w.spi.MetamodelGraphWalker - Property path deemed to be circular : self
21:24:10.347 [main] DEBUG o.h.p.w.spi.MetamodelGraphWalker - Visiting attribute path : address1
21:24:10.347 [main] DEBUG o.h.p.w.spi.MetamodelGraphWalker - Visiting attribute path : address2
21:24:10.347 [main] DEBUG o.h.p.w.spi.MetamodelGraphWalker - Visiting attribute path : bloodType
21:24:10.348 [main] DEBUG o.h.p.w.spi.MetamodelGraphWalker - Visiting attribute path : causeOfDeath
21:24:10.348 [main] DEBUG o.h.p.w.spi.MetamodelGraphWalker - Visiting attribute path : city
21:24:10.348 [main] DEBUG o.h.p.w.spi.MetamodelGraphWalker - Visiting attribute path : dateOfBirth
21:24:10.348 [main] DEBUG o.h.p.w.spi.MetamodelGraphWalker - Visiting attribute path : dateOfDeath
21:24:10.348 [main] DEBUG o.h.p.w.spi.MetamodelGraphWalker - Visiting attribute path : email
21:24:10.349 [main] DEBUG o.h.p.w.spi.MetamodelGraphWalker - Visiting attribute path : ethnicity
21:24:10.349 [main] DEBUG o.h.p.w.spi.MetamodelGraphWalker - Visiting attribute path : father
21:24:10.349 [main] DEBUG o.h.l.p.b.i.spaces.QuerySpacesImpl - Adding QuerySpace : uid = <gen:1> -> org.hibernate.loader.plan.build.internal.spaces.EntityQuerySpaceImpl@465ed2a0]
21:24:10.349 [main] DEBUG o.h.p.w.spi.MetamodelGraphWalker - Visiting attribute path : firstName
21:24:10.350 [main] DEBUG o.h.p.w.spi.MetamodelGraphWalker - Visiting attribute path : gender
21:24:10.353 [main] DEBUG o.h.p.w.spi.MetamodelGraphWalker - Visiting attribute path : id
21:24:10.354 [main] DEBUG o.h.p.w.spi.MetamodelGraphWalker - Visiting attribute path : lastName
21:24:10.354 [main] DEBUG o.h.p.w.spi.MetamodelGraphWalker - Visiting attribute path : mother
21:24:10.354 [main] DEBUG o.h.l.p.b.i.spaces.QuerySpacesImpl - Adding QuerySpace : uid = <gen:2> -> org.hibernate.loader.plan.build.internal.spaces.EntityQuerySpaceImpl@2ba0131c]
21:24:10.355 [main] DEBUG o.h.p.w.spi.MetamodelGraphWalker - Visiting attribute path : phone
21:24:10.355 [main] DEBUG o.h.p.w.spi.MetamodelGraphWalker - Visiting attribute path : preferredName
21:24:10.355 [main] DEBUG o.h.p.w.spi.MetamodelGraphWalker - Visiting attribute path : state
21:24:10.355 [main] DEBUG o.h.p.w.spi.MetamodelGraphWalker - Visiting attribute path : zip
21:24:10.355 [main] DEBUG o.h.l.p.b.i.FetchStyleLoadPlanBuildingAssociationVisitationStrategy - Building LoadPlan...
21:24:10.356 [main] DEBUG o.h.l.p.e.i.LoadQueryJoinAndFetchProcessor - processing queryspace <gen:0>
21:24:10.356 [main] DEBUG o.h.l.p.b.spi.LoadPlanTreePrinter - LoadPlan(entity=edu.ncsu.csc.itrust2.models.persistent.Patient)
    - Returns
       - EntityReturnImpl(entity=edu.ncsu.csc.itrust2.models.persistent.Patient, querySpaceUid=<gen:0>, path=edu.ncsu.csc.itrust2.models.persistent.Patient)
          - EntityAttributeFetchImpl(entity=edu.ncsu.csc.itrust2.models.persistent.User, querySpaceUid=<gen:1>, path=edu.ncsu.csc.itrust2.models.persistent.Patient.father)
          - EntityAttributeFetchImpl(entity=edu.ncsu.csc.itrust2.models.persistent.User, querySpaceUid=<gen:2>, path=edu.ncsu.csc.itrust2.models.persistent.Patient.mother)
    - QuerySpaces
       - EntityQuerySpaceImpl(uid=<gen:0>, entity=edu.ncsu.csc.itrust2.models.persistent.Patient)
          - SQL table alias mapping - patient0_
          - alias suffix - 0_
          - suffixed key columns - {self_id18_12_0_}
          - JOIN (JoinDefinedByMetadata(id)) : <gen:0> -> <gen:0>-id
             - CompositeQuerySpaceImpl(uid=<gen:0>-id)
                - SQL table alias mapping - patient0_

21:24:10.357 [main] DEBUG o.h.loader.entity.plan.EntityLoader - Static select for entity edu.ncsu.csc.itrust2.models.persistent.Patient [UPGRADE]: select patient0_.self_id as self_id18_12_0_, patient0_.address1 as address1_12_0_, patient0_.address2 as address2_12_0_, patient0_.bloodType as bloodTyp3_12_0_, patient0_.causeOfDeath as causeOfD4_12_0_, patient0_.city as city5_12_0_, patient0_.dateOfBirth as dateOfBi6_12_0_, patient0_.dateOfDeath as dateOfDe7_12_0_, patient0_.email as email8_12_0_, patient0_.ethnicity as ethnicit9_12_0_, patient0_.father_id as father_19_12_0_, patient0_.firstName as firstNa10_12_0_, patient0_.gender as gender11_12_0_, patient0_.id as id12_12_0_, patient0_.lastName as lastNam13_12_0_, patient0_.mother_id as mother_20_12_0_, patient0_.phone as phone14_12_0_, patient0_.preferredName as preferr15_12_0_, patient0_.state as state16_12_0_, patient0_.zip as zip17_12_0_ from Patients patient0_ where patient0_.self_id=? for update
21:24:10.357 [main] DEBUG o.h.l.p.b.i.spaces.QuerySpacesImpl - Adding QuerySpace : uid = <gen:0> -> org.hibernate.loader.plan.build.internal.spaces.EntityQuerySpaceImpl@770e5cde]
21:24:10.357 [main] DEBUG o.h.l.p.b.i.spaces.QuerySpacesImpl - Adding QuerySpace : uid = <gen:0>-id -> org.hibernate.loader.plan.build.internal.spaces.CompositeQuerySpaceImpl@5174d7e8]
21:24:10.359 [main] DEBUG o.h.p.w.spi.MetamodelGraphWalker - Visiting attribute path : self
21:24:10.359 [main] DEBUG o.h.p.w.spi.MetamodelGraphWalker - Property path deemed to be circular : self
21:24:10.359 [main] DEBUG o.h.p.w.spi.MetamodelGraphWalker - Visiting attribute path : address1
21:24:10.359 [main] DEBUG o.h.p.w.spi.MetamodelGraphWalker - Visiting attribute path : address2
21:24:10.360 [main] DEBUG o.h.p.w.spi.MetamodelGraphWalker - Visiting attribute path : bloodType
21:24:10.360 [main] DEBUG o.h.p.w.spi.MetamodelGraphWalker - Visiting attribute path : causeOfDeath
21:24:10.360 [main] DEBUG o.h.p.w.spi.MetamodelGraphWalker - Visiting attribute path : city
21:24:10.360 [main] DEBUG o.h.p.w.spi.MetamodelGraphWalker - Visiting attribute path : dateOfBirth
21:24:10.360 [main] DEBUG o.h.p.w.spi.MetamodelGraphWalker - Visiting attribute path : dateOfDeath
21:24:10.361 [main] DEBUG o.h.p.w.spi.MetamodelGraphWalker - Visiting attribute path : email
21:24:10.361 [main] DEBUG o.h.p.w.spi.MetamodelGraphWalker - Visiting attribute path : ethnicity
21:24:10.361 [main] DEBUG o.h.p.w.spi.MetamodelGraphWalker - Visiting attribute path : father
21:24:10.361 [main] DEBUG o.h.l.p.b.i.spaces.QuerySpacesImpl - Adding QuerySpace : uid = <gen:1> -> org.hibernate.loader.plan.build.internal.spaces.EntityQuerySpaceImpl@4ff15e5b]
21:24:10.362 [main] DEBUG o.h.p.w.spi.MetamodelGraphWalker - Visiting attribute path : firstName
21:24:10.362 [main] DEBUG o.h.p.w.spi.MetamodelGraphWalker - Visiting attribute path : gender
21:24:10.362 [main] DEBUG o.h.p.w.spi.MetamodelGraphWalker - Visiting attribute path : id
21:24:10.362 [main] DEBUG o.h.p.w.spi.MetamodelGraphWalker - Visiting attribute path : lastName
21:24:10.362 [main] DEBUG o.h.p.w.spi.MetamodelGraphWalker - Visiting attribute path : mother
21:24:10.363 [main] DEBUG o.h.l.p.b.i.spaces.QuerySpacesImpl - Adding QuerySpace : uid = <gen:2> -> org.hibernate.loader.plan.build.internal.spaces.EntityQuerySpaceImpl@38cd1bda]
21:24:10.363 [main] DEBUG o.h.p.w.spi.MetamodelGraphWalker - Visiting attribute path : phone
21:24:10.363 [main] DEBUG o.h.p.w.spi.MetamodelGraphWalker - Visiting attribute path : preferredName
21:24:10.363 [main] DEBUG o.h.p.w.spi.MetamodelGraphWalker - Visiting attribute path : state
21:24:10.363 [main] DEBUG o.h.p.w.spi.MetamodelGraphWalker - Visiting attribute path : zip
21:24:10.364 [main] DEBUG o.h.l.p.b.i.FetchStyleLoadPlanBuildingAssociationVisitationStrategy - Building LoadPlan...
21:24:10.365 [main] DEBUG o.h.l.p.e.i.LoadQueryJoinAndFetchProcessor - processing queryspace <gen:0>
21:24:10.367 [main] DEBUG o.h.l.p.b.spi.LoadPlanTreePrinter - LoadPlan(entity=edu.ncsu.csc.itrust2.models.persistent.Patient)
    - Returns
       - EntityReturnImpl(entity=edu.ncsu.csc.itrust2.models.persistent.Patient, querySpaceUid=<gen:0>, path=edu.ncsu.csc.itrust2.models.persistent.Patient)
          - EntityAttributeFetchImpl(entity=edu.ncsu.csc.itrust2.models.persistent.User, querySpaceUid=<gen:1>, path=edu.ncsu.csc.itrust2.models.persistent.Patient.father)
          - EntityAttributeFetchImpl(entity=edu.ncsu.csc.itrust2.models.persistent.User, querySpaceUid=<gen:2>, path=edu.ncsu.csc.itrust2.models.persistent.Patient.mother)
    - QuerySpaces
       - EntityQuerySpaceImpl(uid=<gen:0>, entity=edu.ncsu.csc.itrust2.models.persistent.Patient)
          - SQL table alias mapping - patient0_
          - alias suffix - 0_
          - suffixed key columns - {self_id18_12_0_}
          - JOIN (JoinDefinedByMetadata(id)) : <gen:0> -> <gen:0>-id
             - CompositeQuerySpaceImpl(uid=<gen:0>-id)
                - SQL table alias mapping - patient0_

21:24:10.368 [main] DEBUG o.h.loader.entity.plan.EntityLoader - Static select for entity edu.ncsu.csc.itrust2.models.persistent.Patient [UPGRADE_NOWAIT]: select patient0_.self_id as self_id18_12_0_, patient0_.address1 as address1_12_0_, patient0_.address2 as address2_12_0_, patient0_.bloodType as bloodTyp3_12_0_, patient0_.causeOfDeath as causeOfD4_12_0_, patient0_.city as city5_12_0_, patient0_.dateOfBirth as dateOfBi6_12_0_, patient0_.dateOfDeath as dateOfDe7_12_0_, patient0_.email as email8_12_0_, patient0_.ethnicity as ethnicit9_12_0_, patient0_.father_id as father_19_12_0_, patient0_.firstName as firstNa10_12_0_, patient0_.gender as gender11_12_0_, patient0_.id as id12_12_0_, patient0_.lastName as lastNam13_12_0_, patient0_.mother_id as mother_20_12_0_, patient0_.phone as phone14_12_0_, patient0_.preferredName as preferr15_12_0_, patient0_.state as state16_12_0_, patient0_.zip as zip17_12_0_ from Patients patient0_ where patient0_.self_id=? for update
21:24:10.369 [main] DEBUG o.h.l.p.b.i.spaces.QuerySpacesImpl - Adding QuerySpace : uid = <gen:0> -> org.hibernate.loader.plan.build.internal.spaces.EntityQuerySpaceImpl@27785213]
21:24:10.369 [main] DEBUG o.h.l.p.b.i.spaces.QuerySpacesImpl - Adding QuerySpace : uid = <gen:0>-id -> org.hibernate.loader.plan.build.internal.spaces.CompositeQuerySpaceImpl@dd58245]
21:24:10.369 [main] DEBUG o.h.p.w.spi.MetamodelGraphWalker - Visiting attribute path : self
21:24:10.369 [main] DEBUG o.h.p.w.spi.MetamodelGraphWalker - Property path deemed to be circular : self
21:24:10.370 [main] DEBUG o.h.p.w.spi.MetamodelGraphWalker - Visiting attribute path : address1
21:24:10.370 [main] DEBUG o.h.p.w.spi.MetamodelGraphWalker - Visiting attribute path : address2
21:24:10.371 [main] DEBUG o.h.p.w.spi.MetamodelGraphWalker - Visiting attribute path : bloodType
21:24:10.371 [main] DEBUG o.h.p.w.spi.MetamodelGraphWalker - Visiting attribute path : causeOfDeath
21:24:10.371 [main] DEBUG o.h.p.w.spi.MetamodelGraphWalker - Visiting attribute path : city
21:24:10.371 [main] DEBUG o.h.p.w.spi.MetamodelGraphWalker - Visiting attribute path : dateOfBirth
21:24:10.371 [main] DEBUG o.h.p.w.spi.MetamodelGraphWalker - Visiting attribute path : dateOfDeath
21:24:10.372 [main] DEBUG o.h.p.w.spi.MetamodelGraphWalker - Visiting attribute path : email
21:24:10.372 [main] DEBUG o.h.p.w.spi.MetamodelGraphWalker - Visiting attribute path : ethnicity
21:24:10.372 [main] DEBUG o.h.p.w.spi.MetamodelGraphWalker - Visiting attribute path : father
21:24:10.372 [main] DEBUG o.h.l.p.b.i.spaces.QuerySpacesImpl - Adding QuerySpace : uid = <gen:1> -> org.hibernate.loader.plan.build.internal.spaces.EntityQuerySpaceImpl@7d5df6e2]
21:24:10.372 [main] DEBUG o.h.p.w.spi.MetamodelGraphWalker - Visiting attribute path : firstName
21:24:10.373 [main] DEBUG o.h.p.w.spi.MetamodelGraphWalker - Visiting attribute path : gender
21:24:10.373 [main] DEBUG o.h.p.w.spi.MetamodelGraphWalker - Visiting attribute path : id
21:24:10.373 [main] DEBUG o.h.p.w.spi.MetamodelGraphWalker - Visiting attribute path : lastName
21:24:10.373 [main] DEBUG o.h.p.w.spi.MetamodelGraphWalker - Visiting attribute path : mother
21:24:10.374 [main] DEBUG o.h.l.p.b.i.spaces.QuerySpacesImpl - Adding QuerySpace : uid = <gen:2> -> org.hibernate.loader.plan.build.internal.spaces.EntityQuerySpaceImpl@5c3b94a6]
21:24:10.374 [main] DEBUG o.h.p.w.spi.MetamodelGraphWalker - Visiting attribute path : phone
21:24:10.374 [main] DEBUG o.h.p.w.spi.MetamodelGraphWalker - Visiting attribute path : preferredName
21:24:10.374 [main] DEBUG o.h.p.w.spi.MetamodelGraphWalker - Visiting attribute path : state
21:24:10.374 [main] DEBUG o.h.p.w.spi.MetamodelGraphWalker - Visiting attribute path : zip
21:24:10.375 [main] DEBUG o.h.l.p.b.i.FetchStyleLoadPlanBuildingAssociationVisitationStrategy - Building LoadPlan...
21:24:10.375 [main] DEBUG o.h.l.p.e.i.LoadQueryJoinAndFetchProcessor - processing queryspace <gen:0>
21:24:10.375 [main] DEBUG o.h.l.p.b.spi.LoadPlanTreePrinter - LoadPlan(entity=edu.ncsu.csc.itrust2.models.persistent.Patient)
    - Returns
       - EntityReturnImpl(entity=edu.ncsu.csc.itrust2.models.persistent.Patient, querySpaceUid=<gen:0>, path=edu.ncsu.csc.itrust2.models.persistent.Patient)
          - EntityAttributeFetchImpl(entity=edu.ncsu.csc.itrust2.models.persistent.User, querySpaceUid=<gen:1>, path=edu.ncsu.csc.itrust2.models.persistent.Patient.father)
          - EntityAttributeFetchImpl(entity=edu.ncsu.csc.itrust2.models.persistent.User, querySpaceUid=<gen:2>, path=edu.ncsu.csc.itrust2.models.persistent.Patient.mother)
    - QuerySpaces
       - EntityQuerySpaceImpl(uid=<gen:0>, entity=edu.ncsu.csc.itrust2.models.persistent.Patient)
          - SQL table alias mapping - patient0_
          - alias suffix - 0_
          - suffixed key columns - {self_id18_12_0_}
          - JOIN (JoinDefinedByMetadata(id)) : <gen:0> -> <gen:0>-id
             - CompositeQuerySpaceImpl(uid=<gen:0>-id)
                - SQL table alias mapping - patient0_

21:24:10.376 [main] DEBUG o.h.loader.entity.plan.EntityLoader - Static select for entity edu.ncsu.csc.itrust2.models.persistent.Patient [UPGRADE_SKIPLOCKED]: select patient0_.self_id as self_id18_12_0_, patient0_.address1 as address1_12_0_, patient0_.address2 as address2_12_0_, patient0_.bloodType as bloodTyp3_12_0_, patient0_.causeOfDeath as causeOfD4_12_0_, patient0_.city as city5_12_0_, patient0_.dateOfBirth as dateOfBi6_12_0_, patient0_.dateOfDeath as dateOfDe7_12_0_, patient0_.email as email8_12_0_, patient0_.ethnicity as ethnicit9_12_0_, patient0_.father_id as father_19_12_0_, patient0_.firstName as firstNa10_12_0_, patient0_.gender as gender11_12_0_, patient0_.id as id12_12_0_, patient0_.lastName as lastNam13_12_0_, patient0_.mother_id as mother_20_12_0_, patient0_.phone as phone14_12_0_, patient0_.preferredName as preferr15_12_0_, patient0_.state as state16_12_0_, patient0_.zip as zip17_12_0_ from Patients patient0_ where patient0_.self_id=? for update
21:24:10.376 [main] DEBUG o.h.l.p.b.i.spaces.QuerySpacesImpl - Adding QuerySpace : uid = <gen:0> -> org.hibernate.loader.plan.build.internal.spaces.EntityQuerySpaceImpl@c493b15]
21:24:10.376 [main] DEBUG o.h.l.p.b.i.spaces.QuerySpacesImpl - Adding QuerySpace : uid = <gen:0>-id -> org.hibernate.loader.plan.build.internal.spaces.CompositeQuerySpaceImpl@12be8c62]
21:24:10.377 [main] DEBUG o.h.p.w.spi.MetamodelGraphWalker - Visiting attribute path : self
21:24:10.377 [main] DEBUG o.h.p.w.spi.MetamodelGraphWalker - Property path deemed to be circular : self
21:24:10.377 [main] DEBUG o.h.p.w.spi.MetamodelGraphWalker - Visiting attribute path : address1
21:24:10.377 [main] DEBUG o.h.p.w.spi.MetamodelGraphWalker - Visiting attribute path : address2
21:24:10.377 [main] DEBUG o.h.p.w.spi.MetamodelGraphWalker - Visiting attribute path : bloodType
21:24:10.378 [main] DEBUG o.h.p.w.spi.MetamodelGraphWalker - Visiting attribute path : causeOfDeath
21:24:10.378 [main] DEBUG o.h.p.w.spi.MetamodelGraphWalker - Visiting attribute path : city
21:24:10.378 [main] DEBUG o.h.p.w.spi.MetamodelGraphWalker - Visiting attribute path : dateOfBirth
21:24:10.378 [main] DEBUG o.h.p.w.spi.MetamodelGraphWalker - Visiting attribute path : dateOfDeath
21:24:10.378 [main] DEBUG o.h.p.w.spi.MetamodelGraphWalker - Visiting attribute path : email
21:24:10.379 [main] DEBUG o.h.p.w.spi.MetamodelGraphWalker - Visiting attribute path : ethnicity
21:24:10.379 [main] DEBUG o.h.p.w.spi.MetamodelGraphWalker - Visiting attribute path : father
21:24:10.379 [main] DEBUG o.h.l.p.b.i.spaces.QuerySpacesImpl - Adding QuerySpace : uid = <gen:1> -> org.hibernate.loader.plan.build.internal.spaces.EntityQuerySpaceImpl@458caaa6]
21:24:10.379 [main] DEBUG o.h.p.w.spi.MetamodelGraphWalker - Visiting attribute path : firstName
21:24:10.379 [main] DEBUG o.h.p.w.spi.MetamodelGraphWalker - Visiting attribute path : gender
21:24:10.379 [main] DEBUG o.h.p.w.spi.MetamodelGraphWalker - Visiting attribute path : id
21:24:10.380 [main] DEBUG o.h.p.w.spi.MetamodelGraphWalker - Visiting attribute path : lastName
21:24:10.381 [main] DEBUG o.h.p.w.spi.MetamodelGraphWalker - Visiting attribute path : mother
21:24:10.382 [main] DEBUG o.h.l.p.b.i.spaces.QuerySpacesImpl - Adding QuerySpace : uid = <gen:2> -> org.hibernate.loader.plan.build.internal.spaces.EntityQuerySpaceImpl@2337e3e9]
21:24:10.383 [main] DEBUG o.h.p.w.spi.MetamodelGraphWalker - Visiting attribute path : phone
21:24:10.383 [main] DEBUG o.h.p.w.spi.MetamodelGraphWalker - Visiting attribute path : preferredName
21:24:10.383 [main] DEBUG o.h.p.w.spi.MetamodelGraphWalker - Visiting attribute path : state
21:24:10.383 [main] DEBUG o.h.p.w.spi.MetamodelGraphWalker - Visiting attribute path : zip
21:24:10.384 [main] DEBUG o.h.l.p.b.i.FetchStyleLoadPlanBuildingAssociationVisitationStrategy - Building LoadPlan...
21:24:10.385 [main] DEBUG o.h.l.p.e.i.LoadQueryJoinAndFetchProcessor - processing queryspace <gen:0>
21:24:10.385 [main] DEBUG o.h.l.p.b.spi.LoadPlanTreePrinter - LoadPlan(entity=edu.ncsu.csc.itrust2.models.persistent.Patient)
    - Returns
       - EntityReturnImpl(entity=edu.ncsu.csc.itrust2.models.persistent.Patient, querySpaceUid=<gen:0>, path=edu.ncsu.csc.itrust2.models.persistent.Patient)
          - EntityAttributeFetchImpl(entity=edu.ncsu.csc.itrust2.models.persistent.User, querySpaceUid=<gen:1>, path=edu.ncsu.csc.itrust2.models.persistent.Patient.father)
          - EntityAttributeFetchImpl(entity=edu.ncsu.csc.itrust2.models.persistent.User, querySpaceUid=<gen:2>, path=edu.ncsu.csc.itrust2.models.persistent.Patient.mother)
    - QuerySpaces
       - EntityQuerySpaceImpl(uid=<gen:0>, entity=edu.ncsu.csc.itrust2.models.persistent.Patient)
          - SQL table alias mapping - patient0_
          - alias suffix - 0_
          - suffixed key columns - {self_id18_12_0_}
          - JOIN (JoinDefinedByMetadata(id)) : <gen:0> -> <gen:0>-id
             - CompositeQuerySpaceImpl(uid=<gen:0>-id)
                - SQL table alias mapping - patient0_

21:24:10.386 [main] DEBUG o.h.loader.entity.plan.EntityLoader - Static select for entity edu.ncsu.csc.itrust2.models.persistent.Patient [FORCE]: select patient0_.self_id as self_id18_12_0_, patient0_.address1 as address1_12_0_, patient0_.address2 as address2_12_0_, patient0_.bloodType as bloodTyp3_12_0_, patient0_.causeOfDeath as causeOfD4_12_0_, patient0_.city as city5_12_0_, patient0_.dateOfBirth as dateOfBi6_12_0_, patient0_.dateOfDeath as dateOfDe7_12_0_, patient0_.email as email8_12_0_, patient0_.ethnicity as ethnicit9_12_0_, patient0_.father_id as father_19_12_0_, patient0_.firstName as firstNa10_12_0_, patient0_.gender as gender11_12_0_, patient0_.id as id12_12_0_, patient0_.lastName as lastNam13_12_0_, patient0_.mother_id as mother_20_12_0_, patient0_.phone as phone14_12_0_, patient0_.preferredName as preferr15_12_0_, patient0_.state as state16_12_0_, patient0_.zip as zip17_12_0_ from Patients patient0_ where patient0_.self_id=? for update
21:24:10.386 [main] DEBUG o.h.l.p.b.i.spaces.QuerySpacesImpl - Adding QuerySpace : uid = <gen:0> -> org.hibernate.loader.plan.build.internal.spaces.EntityQuerySpaceImpl@1754aaa4]
21:24:10.386 [main] DEBUG o.h.l.p.b.i.spaces.QuerySpacesImpl - Adding QuerySpace : uid = <gen:0>-id -> org.hibernate.loader.plan.build.internal.spaces.CompositeQuerySpaceImpl@52884195]
21:24:10.387 [main] DEBUG o.h.p.w.spi.MetamodelGraphWalker - Visiting attribute path : self
21:24:10.387 [main] DEBUG o.h.p.w.spi.MetamodelGraphWalker - Property path deemed to be circular : self
21:24:10.387 [main] DEBUG o.h.p.w.spi.MetamodelGraphWalker - Visiting attribute path : address1
21:24:10.388 [main] DEBUG o.h.p.w.spi.MetamodelGraphWalker - Visiting attribute path : address2
21:24:10.388 [main] DEBUG o.h.p.w.spi.MetamodelGraphWalker - Visiting attribute path : bloodType
21:24:10.388 [main] DEBUG o.h.p.w.spi.MetamodelGraphWalker - Visiting attribute path : causeOfDeath
21:24:10.388 [main] DEBUG o.h.p.w.spi.MetamodelGraphWalker - Visiting attribute path : city
21:24:10.388 [main] DEBUG o.h.p.w.spi.MetamodelGraphWalker - Visiting attribute path : dateOfBirth
21:24:10.388 [main] DEBUG o.h.p.w.spi.MetamodelGraphWalker - Visiting attribute path : dateOfDeath
21:24:10.389 [main] DEBUG o.h.p.w.spi.MetamodelGraphWalker - Visiting attribute path : email
21:24:10.389 [main] DEBUG o.h.p.w.spi.MetamodelGraphWalker - Visiting attribute path : ethnicity
21:24:10.389 [main] DEBUG o.h.p.w.spi.MetamodelGraphWalker - Visiting attribute path : father
21:24:10.390 [main] DEBUG o.h.l.p.b.i.spaces.QuerySpacesImpl - Adding QuerySpace : uid = <gen:1> -> org.hibernate.loader.plan.build.internal.spaces.EntityQuerySpaceImpl@5c760302]
21:24:10.390 [main] DEBUG o.h.p.w.spi.MetamodelGraphWalker - Visiting attribute path : firstName
21:24:10.391 [main] DEBUG o.h.p.w.spi.MetamodelGraphWalker - Visiting attribute path : gender
21:24:10.391 [main] DEBUG o.h.p.w.spi.MetamodelGraphWalker - Visiting attribute path : id
21:24:10.391 [main] DEBUG o.h.p.w.spi.MetamodelGraphWalker - Visiting attribute path : lastName
21:24:10.391 [main] DEBUG o.h.p.w.spi.MetamodelGraphWalker - Visiting attribute path : mother
21:24:10.392 [main] DEBUG o.h.l.p.b.i.spaces.QuerySpacesImpl - Adding QuerySpace : uid = <gen:2> -> org.hibernate.loader.plan.build.internal.spaces.EntityQuerySpaceImpl@4c6275f0]
21:24:10.392 [main] DEBUG o.h.p.w.spi.MetamodelGraphWalker - Visiting attribute path : phone
21:24:10.392 [main] DEBUG o.h.p.w.spi.MetamodelGraphWalker - Visiting attribute path : preferredName
21:24:10.393 [main] DEBUG o.h.p.w.spi.MetamodelGraphWalker - Visiting attribute path : state
21:24:10.393 [main] DEBUG o.h.p.w.spi.MetamodelGraphWalker - Visiting attribute path : zip
21:24:10.393 [main] DEBUG o.h.l.p.b.i.FetchStyleLoadPlanBuildingAssociationVisitationStrategy - Building LoadPlan...
21:24:10.394 [main] DEBUG o.h.l.p.e.i.LoadQueryJoinAndFetchProcessor - processing queryspace <gen:0>
21:24:10.395 [main] DEBUG o.h.l.p.b.spi.LoadPlanTreePrinter - LoadPlan(entity=edu.ncsu.csc.itrust2.models.persistent.Patient)
    - Returns
       - EntityReturnImpl(entity=edu.ncsu.csc.itrust2.models.persistent.Patient, querySpaceUid=<gen:0>, path=edu.ncsu.csc.itrust2.models.persistent.Patient)
          - EntityAttributeFetchImpl(entity=edu.ncsu.csc.itrust2.models.persistent.User, querySpaceUid=<gen:1>, path=edu.ncsu.csc.itrust2.models.persistent.Patient.father)
          - EntityAttributeFetchImpl(entity=edu.ncsu.csc.itrust2.models.persistent.User, querySpaceUid=<gen:2>, path=edu.ncsu.csc.itrust2.models.persistent.Patient.mother)
    - QuerySpaces
       - EntityQuerySpaceImpl(uid=<gen:0>, entity=edu.ncsu.csc.itrust2.models.persistent.Patient)
          - SQL table alias mapping - patient0_
          - alias suffix - 0_
          - suffixed key columns - {self_id18_12_0_}
          - JOIN (JoinDefinedByMetadata(id)) : <gen:0> -> <gen:0>-id
             - CompositeQuerySpaceImpl(uid=<gen:0>-id)
                - SQL table alias mapping - patient0_

21:24:10.395 [main] DEBUG o.h.loader.entity.plan.EntityLoader - Static select for entity edu.ncsu.csc.itrust2.models.persistent.Patient [PESSIMISTIC_READ]: select patient0_.self_id as self_id18_12_0_, patient0_.address1 as address1_12_0_, patient0_.address2 as address2_12_0_, patient0_.bloodType as bloodTyp3_12_0_, patient0_.causeOfDeath as causeOfD4_12_0_, patient0_.city as city5_12_0_, patient0_.dateOfBirth as dateOfBi6_12_0_, patient0_.dateOfDeath as dateOfDe7_12_0_, patient0_.email as email8_12_0_, patient0_.ethnicity as ethnicit9_12_0_, patient0_.father_id as father_19_12_0_, patient0_.firstName as firstNa10_12_0_, patient0_.gender as gender11_12_0_, patient0_.id as id12_12_0_, patient0_.lastName as lastNam13_12_0_, patient0_.mother_id as mother_20_12_0_, patient0_.phone as phone14_12_0_, patient0_.preferredName as preferr15_12_0_, patient0_.state as state16_12_0_, patient0_.zip as zip17_12_0_ from Patients patient0_ where patient0_.self_id=? lock in share mode
21:24:10.396 [main] DEBUG o.h.l.p.b.i.spaces.QuerySpacesImpl - Adding QuerySpace : uid = <gen:0> -> org.hibernate.loader.plan.build.internal.spaces.EntityQuerySpaceImpl@36ae125c]
21:24:10.396 [main] DEBUG o.h.l.p.b.i.spaces.QuerySpacesImpl - Adding QuerySpace : uid = <gen:0>-id -> org.hibernate.loader.plan.build.internal.spaces.CompositeQuerySpaceImpl@7406db58]
21:24:10.397 [main] DEBUG o.h.p.w.spi.MetamodelGraphWalker - Visiting attribute path : self
21:24:10.397 [main] DEBUG o.h.p.w.spi.MetamodelGraphWalker - Property path deemed to be circular : self
21:24:10.397 [main] DEBUG o.h.p.w.spi.MetamodelGraphWalker - Visiting attribute path : address1
21:24:10.398 [main] DEBUG o.h.p.w.spi.MetamodelGraphWalker - Visiting attribute path : address2
21:24:10.398 [main] DEBUG o.h.p.w.spi.MetamodelGraphWalker - Visiting attribute path : bloodType
21:24:10.398 [main] DEBUG o.h.p.w.spi.MetamodelGraphWalker - Visiting attribute path : causeOfDeath
21:24:10.398 [main] DEBUG o.h.p.w.spi.MetamodelGraphWalker - Visiting attribute path : city
21:24:10.399 [main] DEBUG o.h.p.w.spi.MetamodelGraphWalker - Visiting attribute path : dateOfBirth
21:24:10.399 [main] DEBUG o.h.p.w.spi.MetamodelGraphWalker - Visiting attribute path : dateOfDeath
21:24:10.399 [main] DEBUG o.h.p.w.spi.MetamodelGraphWalker - Visiting attribute path : email
21:24:10.399 [main] DEBUG o.h.p.w.spi.MetamodelGraphWalker - Visiting attribute path : ethnicity
21:24:10.400 [main] DEBUG o.h.p.w.spi.MetamodelGraphWalker - Visiting attribute path : father
21:24:10.400 [main] DEBUG o.h.l.p.b.i.spaces.QuerySpacesImpl - Adding QuerySpace : uid = <gen:1> -> org.hibernate.loader.plan.build.internal.spaces.EntityQuerySpaceImpl@1ec5590]
21:24:10.403 [main] DEBUG o.h.p.w.spi.MetamodelGraphWalker - Visiting attribute path : firstName
21:24:10.403 [main] DEBUG o.h.p.w.spi.MetamodelGraphWalker - Visiting attribute path : gender
21:24:10.403 [main] DEBUG o.h.p.w.spi.MetamodelGraphWalker - Visiting attribute path : id
21:24:10.404 [main] DEBUG o.h.p.w.spi.MetamodelGraphWalker - Visiting attribute path : lastName
21:24:10.404 [main] DEBUG o.h.p.w.spi.MetamodelGraphWalker - Visiting attribute path : mother
21:24:10.407 [main] DEBUG o.h.l.p.b.i.spaces.QuerySpacesImpl - Adding QuerySpace : uid = <gen:2> -> org.hibernate.loader.plan.build.internal.spaces.EntityQuerySpaceImpl@437292ee]
21:24:10.408 [main] DEBUG o.h.p.w.spi.MetamodelGraphWalker - Visiting attribute path : phone
21:24:10.408 [main] DEBUG o.h.p.w.spi.MetamodelGraphWalker - Visiting attribute path : preferredName
21:24:10.408 [main] DEBUG o.h.p.w.spi.MetamodelGraphWalker - Visiting attribute path : state
21:24:10.408 [main] DEBUG o.h.p.w.spi.MetamodelGraphWalker - Visiting attribute path : zip
21:24:10.409 [main] DEBUG o.h.l.p.b.i.FetchStyleLoadPlanBuildingAssociationVisitationStrategy - Building LoadPlan...
21:24:10.410 [main] DEBUG o.h.l.p.e.i.LoadQueryJoinAndFetchProcessor - processing queryspace <gen:0>
21:24:10.411 [main] DEBUG o.h.l.p.b.spi.LoadPlanTreePrinter - LoadPlan(entity=edu.ncsu.csc.itrust2.models.persistent.Patient)
    - Returns
       - EntityReturnImpl(entity=edu.ncsu.csc.itrust2.models.persistent.Patient, querySpaceUid=<gen:0>, path=edu.ncsu.csc.itrust2.models.persistent.Patient)
          - EntityAttributeFetchImpl(entity=edu.ncsu.csc.itrust2.models.persistent.User, querySpaceUid=<gen:1>, path=edu.ncsu.csc.itrust2.models.persistent.Patient.father)
          - EntityAttributeFetchImpl(entity=edu.ncsu.csc.itrust2.models.persistent.User, querySpaceUid=<gen:2>, path=edu.ncsu.csc.itrust2.models.persistent.Patient.mother)
    - QuerySpaces
       - EntityQuerySpaceImpl(uid=<gen:0>, entity=edu.ncsu.csc.itrust2.models.persistent.Patient)
          - SQL table alias mapping - patient0_
          - alias suffix - 0_
          - suffixed key columns - {self_id18_12_0_}
          - JOIN (JoinDefinedByMetadata(id)) : <gen:0> -> <gen:0>-id
             - CompositeQuerySpaceImpl(uid=<gen:0>-id)
                - SQL table alias mapping - patient0_

21:24:10.412 [main] DEBUG o.h.loader.entity.plan.EntityLoader - Static select for entity edu.ncsu.csc.itrust2.models.persistent.Patient [PESSIMISTIC_WRITE]: select patient0_.self_id as self_id18_12_0_, patient0_.address1 as address1_12_0_, patient0_.address2 as address2_12_0_, patient0_.bloodType as bloodTyp3_12_0_, patient0_.causeOfDeath as causeOfD4_12_0_, patient0_.city as city5_12_0_, patient0_.dateOfBirth as dateOfBi6_12_0_, patient0_.dateOfDeath as dateOfDe7_12_0_, patient0_.email as email8_12_0_, patient0_.ethnicity as ethnicit9_12_0_, patient0_.father_id as father_19_12_0_, patient0_.firstName as firstNa10_12_0_, patient0_.gender as gender11_12_0_, patient0_.id as id12_12_0_, patient0_.lastName as lastNam13_12_0_, patient0_.mother_id as mother_20_12_0_, patient0_.phone as phone14_12_0_, patient0_.preferredName as preferr15_12_0_, patient0_.state as state16_12_0_, patient0_.zip as zip17_12_0_ from Patients patient0_ where patient0_.self_id=? for update
21:24:10.413 [main] DEBUG o.h.l.p.b.i.spaces.QuerySpacesImpl - Adding QuerySpace : uid = <gen:0> -> org.hibernate.loader.plan.build.internal.spaces.EntityQuerySpaceImpl@7e0d38a9]
21:24:10.414 [main] DEBUG o.h.l.p.b.i.spaces.QuerySpacesImpl - Adding QuerySpace : uid = <gen:0>-id -> org.hibernate.loader.plan.build.internal.spaces.CompositeQuerySpaceImpl@df6cc57]
21:24:10.415 [main] DEBUG o.h.p.w.spi.MetamodelGraphWalker - Visiting attribute path : self
21:24:10.416 [main] DEBUG o.h.p.w.spi.MetamodelGraphWalker - Property path deemed to be circular : self
21:24:10.416 [main] DEBUG o.h.p.w.spi.MetamodelGraphWalker - Visiting attribute path : address1
21:24:10.416 [main] DEBUG o.h.p.w.spi.MetamodelGraphWalker - Visiting attribute path : address2
21:24:10.417 [main] DEBUG o.h.p.w.spi.MetamodelGraphWalker - Visiting attribute path : bloodType
21:24:10.417 [main] DEBUG o.h.p.w.spi.MetamodelGraphWalker - Visiting attribute path : causeOfDeath
21:24:10.417 [main] DEBUG o.h.p.w.spi.MetamodelGraphWalker - Visiting attribute path : city
21:24:10.417 [main] DEBUG o.h.p.w.spi.MetamodelGraphWalker - Visiting attribute path : dateOfBirth
21:24:10.417 [main] DEBUG o.h.p.w.spi.MetamodelGraphWalker - Visiting attribute path : dateOfDeath
21:24:10.417 [main] DEBUG o.h.p.w.spi.MetamodelGraphWalker - Visiting attribute path : email
21:24:10.418 [main] DEBUG o.h.p.w.spi.MetamodelGraphWalker - Visiting attribute path : ethnicity
21:24:10.418 [main] DEBUG o.h.p.w.spi.MetamodelGraphWalker - Visiting attribute path : father
21:24:10.418 [main] DEBUG o.h.l.p.b.i.spaces.QuerySpacesImpl - Adding QuerySpace : uid = <gen:1> -> org.hibernate.loader.plan.build.internal.spaces.EntityQuerySpaceImpl@2e38ed9f]
21:24:10.418 [main] DEBUG o.h.p.w.spi.MetamodelGraphWalker - Visiting attribute path : firstName
21:24:10.419 [main] DEBUG o.h.p.w.spi.MetamodelGraphWalker - Visiting attribute path : gender
21:24:10.419 [main] DEBUG o.h.p.w.spi.MetamodelGraphWalker - Visiting attribute path : id
21:24:10.419 [main] DEBUG o.h.p.w.spi.MetamodelGraphWalker - Visiting attribute path : lastName
21:24:10.419 [main] DEBUG o.h.p.w.spi.MetamodelGraphWalker - Visiting attribute path : mother
21:24:10.420 [main] DEBUG o.h.l.p.b.i.spaces.QuerySpacesImpl - Adding QuerySpace : uid = <gen:2> -> org.hibernate.loader.plan.build.internal.spaces.EntityQuerySpaceImpl@1597087b]
21:24:10.420 [main] DEBUG o.h.p.w.spi.MetamodelGraphWalker - Visiting attribute path : phone
21:24:10.421 [main] DEBUG o.h.p.w.spi.MetamodelGraphWalker - Visiting attribute path : preferredName
21:24:10.421 [main] DEBUG o.h.p.w.spi.MetamodelGraphWalker - Visiting attribute path : state
21:24:10.421 [main] DEBUG o.h.p.w.spi.MetamodelGraphWalker - Visiting attribute path : zip
21:24:10.421 [main] DEBUG o.h.l.p.b.i.FetchStyleLoadPlanBuildingAssociationVisitationStrategy - Building LoadPlan...
21:24:10.422 [main] DEBUG o.h.l.p.e.i.LoadQueryJoinAndFetchProcessor - processing queryspace <gen:0>
21:24:10.422 [main] DEBUG o.h.l.p.b.spi.LoadPlanTreePrinter - LoadPlan(entity=edu.ncsu.csc.itrust2.models.persistent.Patient)
    - Returns
       - EntityReturnImpl(entity=edu.ncsu.csc.itrust2.models.persistent.Patient, querySpaceUid=<gen:0>, path=edu.ncsu.csc.itrust2.models.persistent.Patient)
          - EntityAttributeFetchImpl(entity=edu.ncsu.csc.itrust2.models.persistent.User, querySpaceUid=<gen:1>, path=edu.ncsu.csc.itrust2.models.persistent.Patient.father)
          - EntityAttributeFetchImpl(entity=edu.ncsu.csc.itrust2.models.persistent.User, querySpaceUid=<gen:2>, path=edu.ncsu.csc.itrust2.models.persistent.Patient.mother)
    - QuerySpaces
       - EntityQuerySpaceImpl(uid=<gen:0>, entity=edu.ncsu.csc.itrust2.models.persistent.Patient)
          - SQL table alias mapping - patient0_
          - alias suffix - 0_
          - suffixed key columns - {self_id18_12_0_}
          - JOIN (JoinDefinedByMetadata(id)) : <gen:0> -> <gen:0>-id
             - CompositeQuerySpaceImpl(uid=<gen:0>-id)
                - SQL table alias mapping - patient0_

21:24:10.423 [main] DEBUG o.h.loader.entity.plan.EntityLoader - Static select for entity edu.ncsu.csc.itrust2.models.persistent.Patient [PESSIMISTIC_FORCE_INCREMENT]: select patient0_.self_id as self_id18_12_0_, patient0_.address1 as address1_12_0_, patient0_.address2 as address2_12_0_, patient0_.bloodType as bloodTyp3_12_0_, patient0_.causeOfDeath as causeOfD4_12_0_, patient0_.city as city5_12_0_, patient0_.dateOfBirth as dateOfBi6_12_0_, patient0_.dateOfDeath as dateOfDe7_12_0_, patient0_.email as email8_12_0_, patient0_.ethnicity as ethnicit9_12_0_, patient0_.father_id as father_19_12_0_, patient0_.firstName as firstNa10_12_0_, patient0_.gender as gender11_12_0_, patient0_.id as id12_12_0_, patient0_.lastName as lastNam13_12_0_, patient0_.mother_id as mother_20_12_0_, patient0_.phone as phone14_12_0_, patient0_.preferredName as preferr15_12_0_, patient0_.state as state16_12_0_, patient0_.zip as zip17_12_0_ from Patients patient0_ where patient0_.self_id=? for update
21:24:10.423 [main] DEBUG o.h.l.p.b.i.spaces.QuerySpacesImpl - Adding QuerySpace : uid = <gen:0> -> org.hibernate.loader.plan.build.internal.spaces.EntityQuerySpaceImpl@5143b24d]
21:24:10.423 [main] DEBUG o.h.l.p.b.i.spaces.QuerySpacesImpl - Adding QuerySpace : uid = <gen:0>-id -> org.hibernate.loader.plan.build.internal.spaces.CompositeQuerySpaceImpl@52344e9d]
21:24:10.424 [main] DEBUG o.h.p.w.spi.MetamodelGraphWalker - Visiting attribute path : self
21:24:10.424 [main] DEBUG o.h.p.w.spi.MetamodelGraphWalker - Property path deemed to be circular : self
21:24:10.426 [main] DEBUG o.h.p.w.spi.MetamodelGraphWalker - Visiting attribute path : address1
21:24:10.426 [main] DEBUG o.h.p.w.spi.MetamodelGraphWalker - Visiting attribute path : address2
21:24:10.426 [main] DEBUG o.h.p.w.spi.MetamodelGraphWalker - Visiting attribute path : bloodType
21:24:10.427 [main] DEBUG o.h.p.w.spi.MetamodelGraphWalker - Visiting attribute path : causeOfDeath
21:24:10.427 [main] DEBUG o.h.p.w.spi.MetamodelGraphWalker - Visiting attribute path : city
21:24:10.427 [main] DEBUG o.h.p.w.spi.MetamodelGraphWalker - Visiting attribute path : dateOfBirth
21:24:10.427 [main] DEBUG o.h.p.w.spi.MetamodelGraphWalker - Visiting attribute path : dateOfDeath
21:24:10.427 [main] DEBUG o.h.p.w.spi.MetamodelGraphWalker - Visiting attribute path : email
21:24:10.428 [main] DEBUG o.h.p.w.spi.MetamodelGraphWalker - Visiting attribute path : ethnicity
21:24:10.428 [main] DEBUG o.h.p.w.spi.MetamodelGraphWalker - Visiting attribute path : father
21:24:10.428 [main] DEBUG o.h.l.p.b.i.spaces.QuerySpacesImpl - Adding QuerySpace : uid = <gen:1> -> org.hibernate.loader.plan.build.internal.spaces.EntityQuerySpaceImpl@5a6d1fc2]
21:24:10.428 [main] DEBUG o.h.p.w.spi.MetamodelGraphWalker - Visiting attribute path : firstName
21:24:10.428 [main] DEBUG o.h.p.w.spi.MetamodelGraphWalker - Visiting attribute path : gender
21:24:10.429 [main] DEBUG o.h.p.w.spi.MetamodelGraphWalker - Visiting attribute path : id
21:24:10.429 [main] DEBUG o.h.p.w.spi.MetamodelGraphWalker - Visiting attribute path : lastName
21:24:10.429 [main] DEBUG o.h.p.w.spi.MetamodelGraphWalker - Visiting attribute path : mother
21:24:10.430 [main] DEBUG o.h.l.p.b.i.spaces.QuerySpacesImpl - Adding QuerySpace : uid = <gen:2> -> org.hibernate.loader.plan.build.internal.spaces.EntityQuerySpaceImpl@2addf2b4]
21:24:10.430 [main] DEBUG o.h.p.w.spi.MetamodelGraphWalker - Visiting attribute path : phone
21:24:10.430 [main] DEBUG o.h.p.w.spi.MetamodelGraphWalker - Visiting attribute path : preferredName
21:24:10.430 [main] DEBUG o.h.p.w.spi.MetamodelGraphWalker - Visiting attribute path : state
21:24:10.430 [main] DEBUG o.h.p.w.spi.MetamodelGraphWalker - Visiting attribute path : zip
21:24:10.431 [main] DEBUG o.h.l.p.b.i.FetchStyleLoadPlanBuildingAssociationVisitationStrategy - Building LoadPlan...
21:24:10.432 [main] DEBUG o.h.l.p.e.i.LoadQueryJoinAndFetchProcessor - processing queryspace <gen:0>
21:24:10.433 [main] DEBUG o.h.l.p.b.spi.LoadPlanTreePrinter - LoadPlan(entity=edu.ncsu.csc.itrust2.models.persistent.Patient)
    - Returns
       - EntityReturnImpl(entity=edu.ncsu.csc.itrust2.models.persistent.Patient, querySpaceUid=<gen:0>, path=edu.ncsu.csc.itrust2.models.persistent.Patient)
          - EntityAttributeFetchImpl(entity=edu.ncsu.csc.itrust2.models.persistent.User, querySpaceUid=<gen:1>, path=edu.ncsu.csc.itrust2.models.persistent.Patient.father)
          - EntityAttributeFetchImpl(entity=edu.ncsu.csc.itrust2.models.persistent.User, querySpaceUid=<gen:2>, path=edu.ncsu.csc.itrust2.models.persistent.Patient.mother)
    - QuerySpaces
       - EntityQuerySpaceImpl(uid=<gen:0>, entity=edu.ncsu.csc.itrust2.models.persistent.Patient)
          - SQL table alias mapping - patient0_
          - alias suffix - 0_
          - suffixed key columns - {self_id18_12_0_}
          - JOIN (JoinDefinedByMetadata(id)) : <gen:0> -> <gen:0>-id
             - CompositeQuerySpaceImpl(uid=<gen:0>-id)
                - SQL table alias mapping - patient0_

21:24:10.434 [main] DEBUG o.h.loader.entity.plan.EntityLoader - Static select for entity edu.ncsu.csc.itrust2.models.persistent.Patient [OPTIMISTIC]: select patient0_.self_id as self_id18_12_0_, patient0_.address1 as address1_12_0_, patient0_.address2 as address2_12_0_, patient0_.bloodType as bloodTyp3_12_0_, patient0_.causeOfDeath as causeOfD4_12_0_, patient0_.city as city5_12_0_, patient0_.dateOfBirth as dateOfBi6_12_0_, patient0_.dateOfDeath as dateOfDe7_12_0_, patient0_.email as email8_12_0_, patient0_.ethnicity as ethnicit9_12_0_, patient0_.father_id as father_19_12_0_, patient0_.firstName as firstNa10_12_0_, patient0_.gender as gender11_12_0_, patient0_.id as id12_12_0_, patient0_.lastName as lastNam13_12_0_, patient0_.mother_id as mother_20_12_0_, patient0_.phone as phone14_12_0_, patient0_.preferredName as preferr15_12_0_, patient0_.state as state16_12_0_, patient0_.zip as zip17_12_0_ from Patients patient0_ where patient0_.self_id=?
21:24:10.434 [main] DEBUG o.h.l.p.b.i.spaces.QuerySpacesImpl - Adding QuerySpace : uid = <gen:0> -> org.hibernate.loader.plan.build.internal.spaces.EntityQuerySpaceImpl@598dc933]
21:24:10.434 [main] DEBUG o.h.l.p.b.i.spaces.QuerySpacesImpl - Adding QuerySpace : uid = <gen:0>-id -> org.hibernate.loader.plan.build.internal.spaces.CompositeQuerySpaceImpl@4f5fc8c7]
21:24:10.435 [main] DEBUG o.h.p.w.spi.MetamodelGraphWalker - Visiting attribute path : self
21:24:10.435 [main] DEBUG o.h.p.w.spi.MetamodelGraphWalker - Property path deemed to be circular : self
21:24:10.435 [main] DEBUG o.h.p.w.spi.MetamodelGraphWalker - Visiting attribute path : address1
21:24:10.435 [main] DEBUG o.h.p.w.spi.MetamodelGraphWalker - Visiting attribute path : address2
21:24:10.435 [main] DEBUG o.h.p.w.spi.MetamodelGraphWalker - Visiting attribute path : bloodType
21:24:10.436 [main] DEBUG o.h.p.w.spi.MetamodelGraphWalker - Visiting attribute path : causeOfDeath
21:24:10.436 [main] DEBUG o.h.p.w.spi.MetamodelGraphWalker - Visiting attribute path : city
21:24:10.436 [main] DEBUG o.h.p.w.spi.MetamodelGraphWalker - Visiting attribute path : dateOfBirth
21:24:10.436 [main] DEBUG o.h.p.w.spi.MetamodelGraphWalker - Visiting attribute path : dateOfDeath
21:24:10.436 [main] DEBUG o.h.p.w.spi.MetamodelGraphWalker - Visiting attribute path : email
21:24:10.436 [main] DEBUG o.h.p.w.spi.MetamodelGraphWalker - Visiting attribute path : ethnicity
21:24:10.437 [main] DEBUG o.h.p.w.spi.MetamodelGraphWalker - Visiting attribute path : father
21:24:10.437 [main] DEBUG o.h.l.p.b.i.spaces.QuerySpacesImpl - Adding QuerySpace : uid = <gen:1> -> org.hibernate.loader.plan.build.internal.spaces.EntityQuerySpaceImpl@f00cac4]
21:24:10.437 [main] DEBUG o.h.p.w.spi.MetamodelGraphWalker - Visiting attribute path : firstName
21:24:10.437 [main] DEBUG o.h.p.w.spi.MetamodelGraphWalker - Visiting attribute path : gender
21:24:10.438 [main] DEBUG o.h.p.w.spi.MetamodelGraphWalker - Visiting attribute path : id
21:24:10.438 [main] DEBUG o.h.p.w.spi.MetamodelGraphWalker - Visiting attribute path : lastName
21:24:10.438 [main] DEBUG o.h.p.w.spi.MetamodelGraphWalker - Visiting attribute path : mother
21:24:10.438 [main] DEBUG o.h.l.p.b.i.spaces.QuerySpacesImpl - Adding QuerySpace : uid = <gen:2> -> org.hibernate.loader.plan.build.internal.spaces.EntityQuerySpaceImpl@3e283213]
21:24:10.438 [main] DEBUG o.h.p.w.spi.MetamodelGraphWalker - Visiting attribute path : phone
21:24:10.438 [main] DEBUG o.h.p.w.spi.MetamodelGraphWalker - Visiting attribute path : preferredName
21:24:10.439 [main] DEBUG o.h.p.w.spi.MetamodelGraphWalker - Visiting attribute path : state
21:24:10.439 [main] DEBUG o.h.p.w.spi.MetamodelGraphWalker - Visiting attribute path : zip
21:24:10.439 [main] DEBUG o.h.l.p.b.i.FetchStyleLoadPlanBuildingAssociationVisitationStrategy - Building LoadPlan...
21:24:10.439 [main] DEBUG o.h.l.p.e.i.LoadQueryJoinAndFetchProcessor - processing queryspace <gen:0>
21:24:10.440 [main] DEBUG o.h.l.p.b.spi.LoadPlanTreePrinter - LoadPlan(entity=edu.ncsu.csc.itrust2.models.persistent.Patient)
    - Returns
       - EntityReturnImpl(entity=edu.ncsu.csc.itrust2.models.persistent.Patient, querySpaceUid=<gen:0>, path=edu.ncsu.csc.itrust2.models.persistent.Patient)
          - EntityAttributeFetchImpl(entity=edu.ncsu.csc.itrust2.models.persistent.User, querySpaceUid=<gen:1>, path=edu.ncsu.csc.itrust2.models.persistent.Patient.father)
          - EntityAttributeFetchImpl(entity=edu.ncsu.csc.itrust2.models.persistent.User, querySpaceUid=<gen:2>, path=edu.ncsu.csc.itrust2.models.persistent.Patient.mother)
    - QuerySpaces
       - EntityQuerySpaceImpl(uid=<gen:0>, entity=edu.ncsu.csc.itrust2.models.persistent.Patient)
          - SQL table alias mapping - patient0_
          - alias suffix - 0_
          - suffixed key columns - {self_id18_12_0_}
          - JOIN (JoinDefinedByMetadata(id)) : <gen:0> -> <gen:0>-id
             - CompositeQuerySpaceImpl(uid=<gen:0>-id)
                - SQL table alias mapping - patient0_

21:24:10.440 [main] DEBUG o.h.loader.entity.plan.EntityLoader - Static select for entity edu.ncsu.csc.itrust2.models.persistent.Patient [OPTIMISTIC_FORCE_INCREMENT]: select patient0_.self_id as self_id18_12_0_, patient0_.address1 as address1_12_0_, patient0_.address2 as address2_12_0_, patient0_.bloodType as bloodTyp3_12_0_, patient0_.causeOfDeath as causeOfD4_12_0_, patient0_.city as city5_12_0_, patient0_.dateOfBirth as dateOfBi6_12_0_, patient0_.dateOfDeath as dateOfDe7_12_0_, patient0_.email as email8_12_0_, patient0_.ethnicity as ethnicit9_12_0_, patient0_.father_id as father_19_12_0_, patient0_.firstName as firstNa10_12_0_, patient0_.gender as gender11_12_0_, patient0_.id as id12_12_0_, patient0_.lastName as lastNam13_12_0_, patient0_.mother_id as mother_20_12_0_, patient0_.phone as phone14_12_0_, patient0_.preferredName as preferr15_12_0_, patient0_.state as state16_12_0_, patient0_.zip as zip17_12_0_ from Patients patient0_ where patient0_.self_id=?
21:24:10.442 [main] DEBUG org.hibernate.loader.Loader - Static select for action ACTION_MERGE on entity edu.ncsu.csc.itrust2.models.persistent.Patient: select patient0_.self_id as self_id18_12_0_, patient0_.address1 as address1_12_0_, patient0_.address2 as address2_12_0_, patient0_.bloodType as bloodTyp3_12_0_, patient0_.causeOfDeath as causeOfD4_12_0_, patient0_.city as city5_12_0_, patient0_.dateOfBirth as dateOfBi6_12_0_, patient0_.dateOfDeath as dateOfDe7_12_0_, patient0_.email as email8_12_0_, patient0_.ethnicity as ethnicit9_12_0_, patient0_.father_id as father_19_12_0_, patient0_.firstName as firstNa10_12_0_, patient0_.gender as gender11_12_0_, patient0_.id as id12_12_0_, patient0_.lastName as lastNam13_12_0_, patient0_.mother_id as mother_20_12_0_, patient0_.phone as phone14_12_0_, patient0_.preferredName as preferr15_12_0_, patient0_.state as state16_12_0_, patient0_.zip as zip17_12_0_ from Patients patient0_ where patient0_.self_id=?
21:24:10.444 [main] DEBUG org.hibernate.loader.Loader - Static select for action ACTION_REFRESH on entity edu.ncsu.csc.itrust2.models.persistent.Patient: select patient0_.self_id as self_id18_12_0_, patient0_.address1 as address1_12_0_, patient0_.address2 as address2_12_0_, patient0_.bloodType as bloodTyp3_12_0_, patient0_.causeOfDeath as causeOfD4_12_0_, patient0_.city as city5_12_0_, patient0_.dateOfBirth as dateOfBi6_12_0_, patient0_.dateOfDeath as dateOfDe7_12_0_, patient0_.email as email8_12_0_, patient0_.ethnicity as ethnicit9_12_0_, patient0_.father_id as father_19_12_0_, patient0_.firstName as firstNa10_12_0_, patient0_.gender as gender11_12_0_, patient0_.id as id12_12_0_, patient0_.lastName as lastNam13_12_0_, patient0_.mother_id as mother_20_12_0_, patient0_.phone as phone14_12_0_, patient0_.preferredName as preferr15_12_0_, patient0_.state as state16_12_0_, patient0_.zip as zip17_12_0_ from Patients patient0_ where patient0_.self_id=?
21:24:10.446 [main] DEBUG o.h.p.entity.AbstractEntityPersister - Static SQL for entity: edu.ncsu.csc.itrust2.models.persistent.ICDCode
21:24:10.446 [main] DEBUG o.h.p.entity.AbstractEntityPersister -  Version select: select id from ICDCodes where id =?
21:24:10.447 [main] DEBUG o.h.p.entity.AbstractEntityPersister -  Snapshot select: select icdcode_.id, icdcode_.code as code2_5_, icdcode_.description as descript3_5_ from ICDCodes icdcode_ where icdcode_.id=?
21:24:10.447 [main] DEBUG o.h.p.entity.AbstractEntityPersister -  Insert 0: insert into ICDCodes (code, description, id) values (?, ?, ?)
21:24:10.447 [main] DEBUG o.h.p.entity.AbstractEntityPersister -  Update 0: update ICDCodes set code=?, description=? where id=?
21:24:10.447 [main] DEBUG o.h.p.entity.AbstractEntityPersister -  Delete 0: delete from ICDCodes where id=?
21:24:10.448 [main] DEBUG o.h.l.p.b.i.spaces.QuerySpacesImpl - Adding QuerySpace : uid = <gen:0> -> org.hibernate.loader.plan.build.internal.spaces.EntityQuerySpaceImpl@31b6f172]
21:24:10.449 [main] DEBUG o.h.p.w.spi.MetamodelGraphWalker - Visiting attribute path : code
21:24:10.452 [main] DEBUG o.h.p.w.spi.MetamodelGraphWalker - Visiting attribute path : description
21:24:10.453 [main] DEBUG o.h.l.p.b.i.FetchStyleLoadPlanBuildingAssociationVisitationStrategy - Building LoadPlan...
21:24:10.453 [main] DEBUG o.h.l.p.e.i.LoadQueryJoinAndFetchProcessor - processing queryspace <gen:0>
21:24:10.454 [main] DEBUG o.h.l.p.b.spi.LoadPlanTreePrinter - LoadPlan(entity=edu.ncsu.csc.itrust2.models.persistent.ICDCode)
    - Returns
       - EntityReturnImpl(entity=edu.ncsu.csc.itrust2.models.persistent.ICDCode, querySpaceUid=<gen:0>, path=edu.ncsu.csc.itrust2.models.persistent.ICDCode)
    - QuerySpaces
       - EntityQuerySpaceImpl(uid=<gen:0>, entity=edu.ncsu.csc.itrust2.models.persistent.ICDCode)
          - SQL table alias mapping - icdcode0_
          - alias suffix - 0_
          - suffixed key columns - {id1_5_0_}

21:24:10.455 [main] DEBUG o.h.loader.entity.plan.EntityLoader - Static select for entity edu.ncsu.csc.itrust2.models.persistent.ICDCode [NONE]: select icdcode0_.id as id1_5_0_, icdcode0_.code as code2_5_0_, icdcode0_.description as descript3_5_0_ from ICDCodes icdcode0_ where icdcode0_.id=?
21:24:10.455 [main] DEBUG o.h.l.p.b.i.spaces.QuerySpacesImpl - Adding QuerySpace : uid = <gen:0> -> org.hibernate.loader.plan.build.internal.spaces.EntityQuerySpaceImpl@1afd773e]
21:24:10.455 [main] DEBUG o.h.p.w.spi.MetamodelGraphWalker - Visiting attribute path : code
21:24:10.455 [main] DEBUG o.h.p.w.spi.MetamodelGraphWalker - Visiting attribute path : description
21:24:10.456 [main] DEBUG o.h.l.p.b.i.FetchStyleLoadPlanBuildingAssociationVisitationStrategy - Building LoadPlan...
21:24:10.456 [main] DEBUG o.h.l.p.e.i.LoadQueryJoinAndFetchProcessor - processing queryspace <gen:0>
21:24:10.456 [main] DEBUG o.h.l.p.b.spi.LoadPlanTreePrinter - LoadPlan(entity=edu.ncsu.csc.itrust2.models.persistent.ICDCode)
    - Returns
       - EntityReturnImpl(entity=edu.ncsu.csc.itrust2.models.persistent.ICDCode, querySpaceUid=<gen:0>, path=edu.ncsu.csc.itrust2.models.persistent.ICDCode)
    - QuerySpaces
       - EntityQuerySpaceImpl(uid=<gen:0>, entity=edu.ncsu.csc.itrust2.models.persistent.ICDCode)
          - SQL table alias mapping - icdcode0_
          - alias suffix - 0_
          - suffixed key columns - {id1_5_0_}

21:24:10.456 [main] DEBUG o.h.loader.entity.plan.EntityLoader - Static select for entity edu.ncsu.csc.itrust2.models.persistent.ICDCode [READ]: select icdcode0_.id as id1_5_0_, icdcode0_.code as code2_5_0_, icdcode0_.description as descript3_5_0_ from ICDCodes icdcode0_ where icdcode0_.id=?
21:24:10.457 [main] DEBUG o.h.l.p.b.i.spaces.QuerySpacesImpl - Adding QuerySpace : uid = <gen:0> -> org.hibernate.loader.plan.build.internal.spaces.EntityQuerySpaceImpl@6381267c]
21:24:10.457 [main] DEBUG o.h.p.w.spi.MetamodelGraphWalker - Visiting attribute path : code
21:24:10.457 [main] DEBUG o.h.p.w.spi.MetamodelGraphWalker - Visiting attribute path : description
21:24:10.458 [main] DEBUG o.h.l.p.b.i.FetchStyleLoadPlanBuildingAssociationVisitationStrategy - Building LoadPlan...
21:24:10.458 [main] DEBUG o.h.l.p.e.i.LoadQueryJoinAndFetchProcessor - processing queryspace <gen:0>
21:24:10.459 [main] DEBUG o.h.l.p.b.spi.LoadPlanTreePrinter - LoadPlan(entity=edu.ncsu.csc.itrust2.models.persistent.ICDCode)
    - Returns
       - EntityReturnImpl(entity=edu.ncsu.csc.itrust2.models.persistent.ICDCode, querySpaceUid=<gen:0>, path=edu.ncsu.csc.itrust2.models.persistent.ICDCode)
    - QuerySpaces
       - EntityQuerySpaceImpl(uid=<gen:0>, entity=edu.ncsu.csc.itrust2.models.persistent.ICDCode)
          - SQL table alias mapping - icdcode0_
          - alias suffix - 0_
          - suffixed key columns - {id1_5_0_}

21:24:10.459 [main] DEBUG o.h.loader.entity.plan.EntityLoader - Static select for entity edu.ncsu.csc.itrust2.models.persistent.ICDCode [UPGRADE]: select icdcode0_.id as id1_5_0_, icdcode0_.code as code2_5_0_, icdcode0_.description as descript3_5_0_ from ICDCodes icdcode0_ where icdcode0_.id=? for update
21:24:10.460 [main] DEBUG o.h.l.p.b.i.spaces.QuerySpacesImpl - Adding QuerySpace : uid = <gen:0> -> org.hibernate.loader.plan.build.internal.spaces.EntityQuerySpaceImpl@17586565]
21:24:10.461 [main] DEBUG o.h.p.w.spi.MetamodelGraphWalker - Visiting attribute path : code
21:24:10.461 [main] DEBUG o.h.p.w.spi.MetamodelGraphWalker - Visiting attribute path : description
21:24:10.462 [main] DEBUG o.h.l.p.b.i.FetchStyleLoadPlanBuildingAssociationVisitationStrategy - Building LoadPlan...
21:24:10.462 [main] DEBUG o.h.l.p.e.i.LoadQueryJoinAndFetchProcessor - processing queryspace <gen:0>
21:24:10.464 [main] DEBUG o.h.l.p.b.spi.LoadPlanTreePrinter - LoadPlan(entity=edu.ncsu.csc.itrust2.models.persistent.ICDCode)
    - Returns
       - EntityReturnImpl(entity=edu.ncsu.csc.itrust2.models.persistent.ICDCode, querySpaceUid=<gen:0>, path=edu.ncsu.csc.itrust2.models.persistent.ICDCode)
    - QuerySpaces
       - EntityQuerySpaceImpl(uid=<gen:0>, entity=edu.ncsu.csc.itrust2.models.persistent.ICDCode)
          - SQL table alias mapping - icdcode0_
          - alias suffix - 0_
          - suffixed key columns - {id1_5_0_}

21:24:10.464 [main] DEBUG o.h.loader.entity.plan.EntityLoader - Static select for entity edu.ncsu.csc.itrust2.models.persistent.ICDCode [UPGRADE_NOWAIT]: select icdcode0_.id as id1_5_0_, icdcode0_.code as code2_5_0_, icdcode0_.description as descript3_5_0_ from ICDCodes icdcode0_ where icdcode0_.id=? for update
21:24:10.465 [main] DEBUG o.h.l.p.b.i.spaces.QuerySpacesImpl - Adding QuerySpace : uid = <gen:0> -> org.hibernate.loader.plan.build.internal.spaces.EntityQuerySpaceImpl@4bba3d76]
21:24:10.466 [main] DEBUG o.h.p.w.spi.MetamodelGraphWalker - Visiting attribute path : code
21:24:10.466 [main] DEBUG o.h.p.w.spi.MetamodelGraphWalker - Visiting attribute path : description
21:24:10.467 [main] DEBUG o.h.l.p.b.i.FetchStyleLoadPlanBuildingAssociationVisitationStrategy - Building LoadPlan...
21:24:10.467 [main] DEBUG o.h.l.p.e.i.LoadQueryJoinAndFetchProcessor - processing queryspace <gen:0>
21:24:10.467 [main] DEBUG o.h.l.p.b.spi.LoadPlanTreePrinter - LoadPlan(entity=edu.ncsu.csc.itrust2.models.persistent.ICDCode)
    - Returns
       - EntityReturnImpl(entity=edu.ncsu.csc.itrust2.models.persistent.ICDCode, querySpaceUid=<gen:0>, path=edu.ncsu.csc.itrust2.models.persistent.ICDCode)
    - QuerySpaces
       - EntityQuerySpaceImpl(uid=<gen:0>, entity=edu.ncsu.csc.itrust2.models.persistent.ICDCode)
          - SQL table alias mapping - icdcode0_
          - alias suffix - 0_
          - suffixed key columns - {id1_5_0_}

21:24:10.468 [main] DEBUG o.h.loader.entity.plan.EntityLoader - Static select for entity edu.ncsu.csc.itrust2.models.persistent.ICDCode [UPGRADE_SKIPLOCKED]: select icdcode0_.id as id1_5_0_, icdcode0_.code as code2_5_0_, icdcode0_.description as descript3_5_0_ from ICDCodes icdcode0_ where icdcode0_.id=? for update
21:24:10.468 [main] DEBUG o.h.l.p.b.i.spaces.QuerySpacesImpl - Adding QuerySpace : uid = <gen:0> -> org.hibernate.loader.plan.build.internal.spaces.EntityQuerySpaceImpl@142b1d8b]
21:24:10.469 [main] DEBUG o.h.p.w.spi.MetamodelGraphWalker - Visiting attribute path : code
21:24:10.470 [main] DEBUG o.h.p.w.spi.MetamodelGraphWalker - Visiting attribute path : description
21:24:10.470 [main] DEBUG o.h.l.p.b.i.FetchStyleLoadPlanBuildingAssociationVisitationStrategy - Building LoadPlan...
21:24:10.470 [main] DEBUG o.h.l.p.e.i.LoadQueryJoinAndFetchProcessor - processing queryspace <gen:0>
21:24:10.471 [main] DEBUG o.h.l.p.b.spi.LoadPlanTreePrinter - LoadPlan(entity=edu.ncsu.csc.itrust2.models.persistent.ICDCode)
    - Returns
       - EntityReturnImpl(entity=edu.ncsu.csc.itrust2.models.persistent.ICDCode, querySpaceUid=<gen:0>, path=edu.ncsu.csc.itrust2.models.persistent.ICDCode)
    - QuerySpaces
       - EntityQuerySpaceImpl(uid=<gen:0>, entity=edu.ncsu.csc.itrust2.models.persistent.ICDCode)
          - SQL table alias mapping - icdcode0_
          - alias suffix - 0_
          - suffixed key columns - {id1_5_0_}

21:24:10.471 [main] DEBUG o.h.loader.entity.plan.EntityLoader - Static select for entity edu.ncsu.csc.itrust2.models.persistent.ICDCode [FORCE]: select icdcode0_.id as id1_5_0_, icdcode0_.code as code2_5_0_, icdcode0_.description as descript3_5_0_ from ICDCodes icdcode0_ where icdcode0_.id=? for update
21:24:10.472 [main] DEBUG o.h.l.p.b.i.spaces.QuerySpacesImpl - Adding QuerySpace : uid = <gen:0> -> org.hibernate.loader.plan.build.internal.spaces.EntityQuerySpaceImpl@3d5e072a]
21:24:10.472 [main] DEBUG o.h.p.w.spi.MetamodelGraphWalker - Visiting attribute path : code
21:24:10.472 [main] DEBUG o.h.p.w.spi.MetamodelGraphWalker - Visiting attribute path : description
21:24:10.473 [main] DEBUG o.h.l.p.b.i.FetchStyleLoadPlanBuildingAssociationVisitationStrategy - Building LoadPlan...
21:24:10.473 [main] DEBUG o.h.l.p.e.i.LoadQueryJoinAndFetchProcessor - processing queryspace <gen:0>
21:24:10.474 [main] DEBUG o.h.l.p.b.spi.LoadPlanTreePrinter - LoadPlan(entity=edu.ncsu.csc.itrust2.models.persistent.ICDCode)
    - Returns
       - EntityReturnImpl(entity=edu.ncsu.csc.itrust2.models.persistent.ICDCode, querySpaceUid=<gen:0>, path=edu.ncsu.csc.itrust2.models.persistent.ICDCode)
    - QuerySpaces
       - EntityQuerySpaceImpl(uid=<gen:0>, entity=edu.ncsu.csc.itrust2.models.persistent.ICDCode)
          - SQL table alias mapping - icdcode0_
          - alias suffix - 0_
          - suffixed key columns - {id1_5_0_}

21:24:10.474 [main] DEBUG o.h.loader.entity.plan.EntityLoader - Static select for entity edu.ncsu.csc.itrust2.models.persistent.ICDCode [PESSIMISTIC_READ]: select icdcode0_.id as id1_5_0_, icdcode0_.code as code2_5_0_, icdcode0_.description as descript3_5_0_ from ICDCodes icdcode0_ where icdcode0_.id=? lock in share mode
21:24:10.475 [main] DEBUG o.h.l.p.b.i.spaces.QuerySpacesImpl - Adding QuerySpace : uid = <gen:0> -> org.hibernate.loader.plan.build.internal.spaces.EntityQuerySpaceImpl@50a5eb53]
21:24:10.476 [main] DEBUG o.h.p.w.spi.MetamodelGraphWalker - Visiting attribute path : code
21:24:10.476 [main] DEBUG o.h.p.w.spi.MetamodelGraphWalker - Visiting attribute path : description
21:24:10.476 [main] DEBUG o.h.l.p.b.i.FetchStyleLoadPlanBuildingAssociationVisitationStrategy - Building LoadPlan...
21:24:10.478 [main] DEBUG o.h.l.p.e.i.LoadQueryJoinAndFetchProcessor - processing queryspace <gen:0>
21:24:10.480 [main] DEBUG o.h.l.p.b.spi.LoadPlanTreePrinter - LoadPlan(entity=edu.ncsu.csc.itrust2.models.persistent.ICDCode)
    - Returns
       - EntityReturnImpl(entity=edu.ncsu.csc.itrust2.models.persistent.ICDCode, querySpaceUid=<gen:0>, path=edu.ncsu.csc.itrust2.models.persistent.ICDCode)
    - QuerySpaces
       - EntityQuerySpaceImpl(uid=<gen:0>, entity=edu.ncsu.csc.itrust2.models.persistent.ICDCode)
          - SQL table alias mapping - icdcode0_
          - alias suffix - 0_
          - suffixed key columns - {id1_5_0_}

21:24:10.481 [main] DEBUG o.h.loader.entity.plan.EntityLoader - Static select for entity edu.ncsu.csc.itrust2.models.persistent.ICDCode [PESSIMISTIC_WRITE]: select icdcode0_.id as id1_5_0_, icdcode0_.code as code2_5_0_, icdcode0_.description as descript3_5_0_ from ICDCodes icdcode0_ where icdcode0_.id=? for update
21:24:10.482 [main] DEBUG o.h.l.p.b.i.spaces.QuerySpacesImpl - Adding QuerySpace : uid = <gen:0> -> org.hibernate.loader.plan.build.internal.spaces.EntityQuerySpaceImpl@14eae1e6]
21:24:10.485 [main] DEBUG o.h.p.w.spi.MetamodelGraphWalker - Visiting attribute path : code
21:24:10.485 [main] DEBUG o.h.p.w.spi.MetamodelGraphWalker - Visiting attribute path : description
21:24:10.486 [main] DEBUG o.h.l.p.b.i.FetchStyleLoadPlanBuildingAssociationVisitationStrategy - Building LoadPlan...
21:24:10.486 [main] DEBUG o.h.l.p.e.i.LoadQueryJoinAndFetchProcessor - processing queryspace <gen:0>
21:24:10.487 [main] DEBUG o.h.l.p.b.spi.LoadPlanTreePrinter - LoadPlan(entity=edu.ncsu.csc.itrust2.models.persistent.ICDCode)
    - Returns
       - EntityReturnImpl(entity=edu.ncsu.csc.itrust2.models.persistent.ICDCode, querySpaceUid=<gen:0>, path=edu.ncsu.csc.itrust2.models.persistent.ICDCode)
    - QuerySpaces
       - EntityQuerySpaceImpl(uid=<gen:0>, entity=edu.ncsu.csc.itrust2.models.persistent.ICDCode)
          - SQL table alias mapping - icdcode0_
          - alias suffix - 0_
          - suffixed key columns - {id1_5_0_}

21:24:10.487 [main] DEBUG o.h.loader.entity.plan.EntityLoader - Static select for entity edu.ncsu.csc.itrust2.models.persistent.ICDCode [PESSIMISTIC_FORCE_INCREMENT]: select icdcode0_.id as id1_5_0_, icdcode0_.code as code2_5_0_, icdcode0_.description as descript3_5_0_ from ICDCodes icdcode0_ where icdcode0_.id=? for update
21:24:10.487 [main] DEBUG o.h.l.p.b.i.spaces.QuerySpacesImpl - Adding QuerySpace : uid = <gen:0> -> org.hibernate.loader.plan.build.internal.spaces.EntityQuerySpaceImpl@47bb496]
21:24:10.488 [main] DEBUG o.h.p.w.spi.MetamodelGraphWalker - Visiting attribute path : code
21:24:10.488 [main] DEBUG o.h.p.w.spi.MetamodelGraphWalker - Visiting attribute path : description
21:24:10.488 [main] DEBUG o.h.l.p.b.i.FetchStyleLoadPlanBuildingAssociationVisitationStrategy - Building LoadPlan...
21:24:10.489 [main] DEBUG o.h.l.p.e.i.LoadQueryJoinAndFetchProcessor - processing queryspace <gen:0>
21:24:10.489 [main] DEBUG o.h.l.p.b.spi.LoadPlanTreePrinter - LoadPlan(entity=edu.ncsu.csc.itrust2.models.persistent.ICDCode)
    - Returns
       - EntityReturnImpl(entity=edu.ncsu.csc.itrust2.models.persistent.ICDCode, querySpaceUid=<gen:0>, path=edu.ncsu.csc.itrust2.models.persistent.ICDCode)
    - QuerySpaces
       - EntityQuerySpaceImpl(uid=<gen:0>, entity=edu.ncsu.csc.itrust2.models.persistent.ICDCode)
          - SQL table alias mapping - icdcode0_
          - alias suffix - 0_
          - suffixed key columns - {id1_5_0_}

21:24:10.490 [main] DEBUG o.h.loader.entity.plan.EntityLoader - Static select for entity edu.ncsu.csc.itrust2.models.persistent.ICDCode [OPTIMISTIC]: select icdcode0_.id as id1_5_0_, icdcode0_.code as code2_5_0_, icdcode0_.description as descript3_5_0_ from ICDCodes icdcode0_ where icdcode0_.id=?
21:24:10.490 [main] DEBUG o.h.l.p.b.i.spaces.QuerySpacesImpl - Adding QuerySpace : uid = <gen:0> -> org.hibernate.loader.plan.build.internal.spaces.EntityQuerySpaceImpl@18975ca9]
21:24:10.491 [main] DEBUG o.h.p.w.spi.MetamodelGraphWalker - Visiting attribute path : code
21:24:10.491 [main] DEBUG o.h.p.w.spi.MetamodelGraphWalker - Visiting attribute path : description
21:24:10.491 [main] DEBUG o.h.l.p.b.i.FetchStyleLoadPlanBuildingAssociationVisitationStrategy - Building LoadPlan...
21:24:10.492 [main] DEBUG o.h.l.p.e.i.LoadQueryJoinAndFetchProcessor - processing queryspace <gen:0>
21:24:10.493 [main] DEBUG o.h.l.p.b.spi.LoadPlanTreePrinter - LoadPlan(entity=edu.ncsu.csc.itrust2.models.persistent.ICDCode)
    - Returns
       - EntityReturnImpl(entity=edu.ncsu.csc.itrust2.models.persistent.ICDCode, querySpaceUid=<gen:0>, path=edu.ncsu.csc.itrust2.models.persistent.ICDCode)
    - QuerySpaces
       - EntityQuerySpaceImpl(uid=<gen:0>, entity=edu.ncsu.csc.itrust2.models.persistent.ICDCode)
          - SQL table alias mapping - icdcode0_
          - alias suffix - 0_
          - suffixed key columns - {id1_5_0_}

21:24:10.494 [main] DEBUG o.h.loader.entity.plan.EntityLoader - Static select for entity edu.ncsu.csc.itrust2.models.persistent.ICDCode [OPTIMISTIC_FORCE_INCREMENT]: select icdcode0_.id as id1_5_0_, icdcode0_.code as code2_5_0_, icdcode0_.description as descript3_5_0_ from ICDCodes icdcode0_ where icdcode0_.id=?
21:24:10.495 [main] DEBUG org.hibernate.loader.Loader - Static select for action ACTION_MERGE on entity edu.ncsu.csc.itrust2.models.persistent.ICDCode: select icdcode0_.id as id1_5_0_, icdcode0_.code as code2_5_0_, icdcode0_.description as descript3_5_0_ from ICDCodes icdcode0_ where icdcode0_.id=?
21:24:10.496 [main] DEBUG org.hibernate.loader.Loader - Static select for action ACTION_REFRESH on entity edu.ncsu.csc.itrust2.models.persistent.ICDCode: select icdcode0_.id as id1_5_0_, icdcode0_.code as code2_5_0_, icdcode0_.description as descript3_5_0_ from ICDCodes icdcode0_ where icdcode0_.id=?
21:24:10.497 [main] DEBUG o.h.p.entity.AbstractEntityPersister - Static SQL for entity: edu.ncsu.csc.itrust2.models.persistent.AppointmentRequest
21:24:10.497 [main] DEBUG o.h.p.entity.AbstractEntityPersister -  Version select: select id from AppointmentRequests where id =?
21:24:10.498 [main] DEBUG o.h.p.entity.AbstractEntityPersister -  Snapshot select: select appointmen_.id, appointmen_.comments as comments2_0_, appointmen_.date as date3_0_, appointmen_.hcp_id as hcp_id6_0_, appointmen_.patient_id as patient_7_0_, appointmen_.status as status4_0_, appointmen_.type as type5_0_ from AppointmentRequests appointmen_ where appointmen_.id=?
21:24:10.498 [main] DEBUG o.h.p.entity.AbstractEntityPersister -  Insert 0: insert into AppointmentRequests (comments, date, hcp_id, patient_id, status, type, id) values (?, ?, ?, ?, ?, ?, ?)
21:24:10.498 [main] DEBUG o.h.p.entity.AbstractEntityPersister -  Update 0: update AppointmentRequests set comments=?, date=?, hcp_id=?, patient_id=?, status=?, type=? where id=?
21:24:10.498 [main] DEBUG o.h.p.entity.AbstractEntityPersister -  Delete 0: delete from AppointmentRequests where id=?
21:24:10.499 [main] DEBUG o.h.l.p.b.i.spaces.QuerySpacesImpl - Adding QuerySpace : uid = <gen:0> -> org.hibernate.loader.plan.build.internal.spaces.EntityQuerySpaceImpl@63f629c1]
21:24:10.500 [main] DEBUG o.h.p.w.spi.MetamodelGraphWalker - Visiting attribute path : comments
21:24:10.501 [main] DEBUG o.h.p.w.spi.MetamodelGraphWalker - Visiting attribute path : date
21:24:10.501 [main] DEBUG o.h.p.w.spi.MetamodelGraphWalker - Visiting attribute path : hcp
21:24:10.501 [main] DEBUG o.h.l.p.b.i.spaces.QuerySpacesImpl - Adding QuerySpace : uid = <gen:1> -> org.hibernate.loader.plan.build.internal.spaces.EntityQuerySpaceImpl@115858a8]
21:24:10.502 [main] DEBUG o.h.p.w.spi.MetamodelGraphWalker - Visiting attribute path : hcp.enabled
21:24:10.502 [main] DEBUG o.h.p.w.spi.MetamodelGraphWalker - Visiting attribute path : hcp.password
21:24:10.503 [main] DEBUG o.h.p.w.spi.MetamodelGraphWalker - Visiting attribute path : hcp.role
21:24:10.504 [main] DEBUG o.h.p.w.spi.MetamodelGraphWalker - Visiting attribute path : patient
21:24:10.504 [main] DEBUG o.h.l.p.b.i.spaces.QuerySpacesImpl - Adding QuerySpace : uid = <gen:2> -> org.hibernate.loader.plan.build.internal.spaces.EntityQuerySpaceImpl@7e5713e4]
21:24:10.504 [main] DEBUG o.h.p.w.spi.MetamodelGraphWalker - Visiting attribute path : patient.enabled
21:24:10.504 [main] DEBUG o.h.p.w.spi.MetamodelGraphWalker - Visiting attribute path : patient.password
21:24:10.505 [main] DEBUG o.h.p.w.spi.MetamodelGraphWalker - Visiting attribute path : patient.role
21:24:10.505 [main] DEBUG o.h.p.w.spi.MetamodelGraphWalker - Visiting attribute path : status
21:24:10.505 [main] DEBUG o.h.p.w.spi.MetamodelGraphWalker - Visiting attribute path : type
21:24:10.506 [main] DEBUG o.h.l.p.b.i.FetchStyleLoadPlanBuildingAssociationVisitationStrategy - Building LoadPlan...
21:24:10.506 [main] DEBUG o.h.l.p.e.i.LoadQueryJoinAndFetchProcessor - processing queryspace <gen:0>
21:24:10.508 [main] DEBUG o.h.l.p.b.spi.LoadPlanTreePrinter - LoadPlan(entity=edu.ncsu.csc.itrust2.models.persistent.AppointmentRequest)
    - Returns
       - EntityReturnImpl(entity=edu.ncsu.csc.itrust2.models.persistent.AppointmentRequest, querySpaceUid=<gen:0>, path=edu.ncsu.csc.itrust2.models.persistent.AppointmentRequest)
          - EntityAttributeFetchImpl(entity=edu.ncsu.csc.itrust2.models.persistent.User, querySpaceUid=<gen:1>, path=edu.ncsu.csc.itrust2.models.persistent.AppointmentRequest.hcp)
          - EntityAttributeFetchImpl(entity=edu.ncsu.csc.itrust2.models.persistent.User, querySpaceUid=<gen:2>, path=edu.ncsu.csc.itrust2.models.persistent.AppointmentRequest.patient)
    - QuerySpaces
       - EntityQuerySpaceImpl(uid=<gen:0>, entity=edu.ncsu.csc.itrust2.models.persistent.AppointmentRequest)
          - SQL table alias mapping - appointmen0_
          - alias suffix - 0_
          - suffixed key columns - {id1_0_0_}
          - JOIN (JoinDefinedByMetadata(hcp)) : <gen:0> -> <gen:1>
             - EntityQuerySpaceImpl(uid=<gen:1>, entity=edu.ncsu.csc.itrust2.models.persistent.User)
                - SQL table alias mapping - user1_
                - alias suffix - 1_
                - suffixed key columns - {username1_15_1_}
          - JOIN (JoinDefinedByMetadata(patient)) : <gen:0> -> <gen:2>
             - EntityQuerySpaceImpl(uid=<gen:2>, entity=edu.ncsu.csc.itrust2.models.persistent.User)
                - SQL table alias mapping - user2_
                - alias suffix - 2_
                - suffixed key columns - {username1_15_2_}

21:24:10.510 [main] DEBUG o.h.loader.entity.plan.EntityLoader - Static select for entity edu.ncsu.csc.itrust2.models.persistent.AppointmentRequest [NONE]: select appointmen0_.id as id1_0_0_, appointmen0_.comments as comments2_0_0_, appointmen0_.date as date3_0_0_, appointmen0_.hcp_id as hcp_id6_0_0_, appointmen0_.patient_id as patient_7_0_0_, appointmen0_.status as status4_0_0_, appointmen0_.type as type5_0_0_, user1_.username as username1_15_1_, user1_.enabled as enabled2_15_1_, user1_.password as password3_15_1_, user1_.role as role4_15_1_, user2_.username as username1_15_2_, user2_.enabled as enabled2_15_2_, user2_.password as password3_15_2_, user2_.role as role4_15_2_ from AppointmentRequests appointmen0_ inner join Users user1_ on appointmen0_.hcp_id=user1_.username inner join Users user2_ on appointmen0_.patient_id=user2_.username where appointmen0_.id=?
21:24:10.511 [main] DEBUG o.h.l.p.b.i.spaces.QuerySpacesImpl - Adding QuerySpace : uid = <gen:0> -> org.hibernate.loader.plan.build.internal.spaces.EntityQuerySpaceImpl@5fa0cb6f]
21:24:10.511 [main] DEBUG o.h.p.w.spi.MetamodelGraphWalker - Visiting attribute path : comments
21:24:10.512 [main] DEBUG o.h.p.w.spi.MetamodelGraphWalker - Visiting attribute path : date
21:24:10.512 [main] DEBUG o.h.p.w.spi.MetamodelGraphWalker - Visiting attribute path : hcp
21:24:10.512 [main] DEBUG o.h.l.p.b.i.spaces.QuerySpacesImpl - Adding QuerySpace : uid = <gen:1> -> org.hibernate.loader.plan.build.internal.spaces.EntityQuerySpaceImpl@59affebc]
21:24:10.514 [main] DEBUG o.h.p.w.spi.MetamodelGraphWalker - Visiting attribute path : hcp.enabled
21:24:10.515 [main] DEBUG o.h.p.w.spi.MetamodelGraphWalker - Visiting attribute path : hcp.password
21:24:10.515 [main] DEBUG o.h.p.w.spi.MetamodelGraphWalker - Visiting attribute path : hcp.role
21:24:10.516 [main] DEBUG o.h.p.w.spi.MetamodelGraphWalker - Visiting attribute path : patient
21:24:10.517 [main] DEBUG o.h.l.p.b.i.spaces.QuerySpacesImpl - Adding QuerySpace : uid = <gen:2> -> org.hibernate.loader.plan.build.internal.spaces.EntityQuerySpaceImpl@7ee7f230]
21:24:10.518 [main] DEBUG o.h.p.w.spi.MetamodelGraphWalker - Visiting attribute path : patient.enabled
21:24:10.519 [main] DEBUG o.h.p.w.spi.MetamodelGraphWalker - Visiting attribute path : patient.password
21:24:10.519 [main] DEBUG o.h.p.w.spi.MetamodelGraphWalker - Visiting attribute path : patient.role
21:24:10.519 [main] DEBUG o.h.p.w.spi.MetamodelGraphWalker - Visiting attribute path : status
21:24:10.519 [main] DEBUG o.h.p.w.spi.MetamodelGraphWalker - Visiting attribute path : type
21:24:10.520 [main] DEBUG o.h.l.p.b.i.FetchStyleLoadPlanBuildingAssociationVisitationStrategy - Building LoadPlan...
21:24:10.521 [main] DEBUG o.h.l.p.e.i.LoadQueryJoinAndFetchProcessor - processing queryspace <gen:0>
21:24:10.525 [main] DEBUG o.h.l.p.b.spi.LoadPlanTreePrinter - LoadPlan(entity=edu.ncsu.csc.itrust2.models.persistent.AppointmentRequest)
    - Returns
       - EntityReturnImpl(entity=edu.ncsu.csc.itrust2.models.persistent.AppointmentRequest, querySpaceUid=<gen:0>, path=edu.ncsu.csc.itrust2.models.persistent.AppointmentRequest)
          - EntityAttributeFetchImpl(entity=edu.ncsu.csc.itrust2.models.persistent.User, querySpaceUid=<gen:1>, path=edu.ncsu.csc.itrust2.models.persistent.AppointmentRequest.hcp)
          - EntityAttributeFetchImpl(entity=edu.ncsu.csc.itrust2.models.persistent.User, querySpaceUid=<gen:2>, path=edu.ncsu.csc.itrust2.models.persistent.AppointmentRequest.patient)
    - QuerySpaces
       - EntityQuerySpaceImpl(uid=<gen:0>, entity=edu.ncsu.csc.itrust2.models.persistent.AppointmentRequest)
          - SQL table alias mapping - appointmen0_
          - alias suffix - 0_
          - suffixed key columns - {id1_0_0_}
          - JOIN (JoinDefinedByMetadata(hcp)) : <gen:0> -> <gen:1>
             - EntityQuerySpaceImpl(uid=<gen:1>, entity=edu.ncsu.csc.itrust2.models.persistent.User)
                - SQL table alias mapping - user1_
                - alias suffix - 1_
                - suffixed key columns - {username1_15_1_}
          - JOIN (JoinDefinedByMetadata(patient)) : <gen:0> -> <gen:2>
             - EntityQuerySpaceImpl(uid=<gen:2>, entity=edu.ncsu.csc.itrust2.models.persistent.User)
                - SQL table alias mapping - user2_
                - alias suffix - 2_
                - suffixed key columns - {username1_15_2_}

21:24:10.526 [main] DEBUG o.h.loader.entity.plan.EntityLoader - Static select for entity edu.ncsu.csc.itrust2.models.persistent.AppointmentRequest [READ]: select appointmen0_.id as id1_0_0_, appointmen0_.comments as comments2_0_0_, appointmen0_.date as date3_0_0_, appointmen0_.hcp_id as hcp_id6_0_0_, appointmen0_.patient_id as patient_7_0_0_, appointmen0_.status as status4_0_0_, appointmen0_.type as type5_0_0_, user1_.username as username1_15_1_, user1_.enabled as enabled2_15_1_, user1_.password as password3_15_1_, user1_.role as role4_15_1_, user2_.username as username1_15_2_, user2_.enabled as enabled2_15_2_, user2_.password as password3_15_2_, user2_.role as role4_15_2_ from AppointmentRequests appointmen0_ inner join Users user1_ on appointmen0_.hcp_id=user1_.username inner join Users user2_ on appointmen0_.patient_id=user2_.username where appointmen0_.id=?
21:24:10.527 [main] DEBUG o.h.l.p.b.i.spaces.QuerySpacesImpl - Adding QuerySpace : uid = <gen:0> -> org.hibernate.loader.plan.build.internal.spaces.EntityQuerySpaceImpl@4f99df83]
21:24:10.528 [main] DEBUG o.h.p.w.spi.MetamodelGraphWalker - Visiting attribute path : comments
21:24:10.528 [main] DEBUG o.h.p.w.spi.MetamodelGraphWalker - Visiting attribute path : date
21:24:10.528 [main] DEBUG o.h.p.w.spi.MetamodelGraphWalker - Visiting attribute path : hcp
21:24:10.531 [main] DEBUG o.h.l.p.b.i.spaces.QuerySpacesImpl - Adding QuerySpace : uid = <gen:1> -> org.hibernate.loader.plan.build.internal.spaces.EntityQuerySpaceImpl@491719c]
21:24:10.531 [main] DEBUG o.h.p.w.spi.MetamodelGraphWalker - Visiting attribute path : patient
21:24:10.531 [main] DEBUG o.h.l.p.b.i.spaces.QuerySpacesImpl - Adding QuerySpace : uid = <gen:2> -> org.hibernate.loader.plan.build.internal.spaces.EntityQuerySpaceImpl@41814a6d]
21:24:10.532 [main] DEBUG o.h.p.w.spi.MetamodelGraphWalker - Visiting attribute path : status
21:24:10.532 [main] DEBUG o.h.p.w.spi.MetamodelGraphWalker - Visiting attribute path : type
21:24:10.533 [main] DEBUG o.h.l.p.b.i.FetchStyleLoadPlanBuildingAssociationVisitationStrategy - Building LoadPlan...
21:24:10.533 [main] DEBUG o.h.l.p.e.i.LoadQueryJoinAndFetchProcessor - processing queryspace <gen:0>
21:24:10.534 [main] DEBUG o.h.l.p.b.spi.LoadPlanTreePrinter - LoadPlan(entity=edu.ncsu.csc.itrust2.models.persistent.AppointmentRequest)
    - Returns
       - EntityReturnImpl(entity=edu.ncsu.csc.itrust2.models.persistent.AppointmentRequest, querySpaceUid=<gen:0>, path=edu.ncsu.csc.itrust2.models.persistent.AppointmentRequest)
          - EntityAttributeFetchImpl(entity=edu.ncsu.csc.itrust2.models.persistent.User, querySpaceUid=<gen:1>, path=edu.ncsu.csc.itrust2.models.persistent.AppointmentRequest.hcp)
          - EntityAttributeFetchImpl(entity=edu.ncsu.csc.itrust2.models.persistent.User, querySpaceUid=<gen:2>, path=edu.ncsu.csc.itrust2.models.persistent.AppointmentRequest.patient)
    - QuerySpaces
       - EntityQuerySpaceImpl(uid=<gen:0>, entity=edu.ncsu.csc.itrust2.models.persistent.AppointmentRequest)
          - SQL table alias mapping - appointmen0_
          - alias suffix - 0_
          - suffixed key columns - {id1_0_0_}

21:24:10.534 [main] DEBUG o.h.loader.entity.plan.EntityLoader - Static select for entity edu.ncsu.csc.itrust2.models.persistent.AppointmentRequest [UPGRADE]: select appointmen0_.id as id1_0_0_, appointmen0_.comments as comments2_0_0_, appointmen0_.date as date3_0_0_, appointmen0_.hcp_id as hcp_id6_0_0_, appointmen0_.patient_id as patient_7_0_0_, appointmen0_.status as status4_0_0_, appointmen0_.type as type5_0_0_ from AppointmentRequests appointmen0_ where appointmen0_.id=? for update
21:24:10.535 [main] DEBUG o.h.l.p.b.i.spaces.QuerySpacesImpl - Adding QuerySpace : uid = <gen:0> -> org.hibernate.loader.plan.build.internal.spaces.EntityQuerySpaceImpl@4065f019]
21:24:10.536 [main] DEBUG o.h.p.w.spi.MetamodelGraphWalker - Visiting attribute path : comments
21:24:10.536 [main] DEBUG o.h.p.w.spi.MetamodelGraphWalker - Visiting attribute path : date
21:24:10.536 [main] DEBUG o.h.p.w.spi.MetamodelGraphWalker - Visiting attribute path : hcp
21:24:10.538 [main] DEBUG o.h.l.p.b.i.spaces.QuerySpacesImpl - Adding QuerySpace : uid = <gen:1> -> org.hibernate.loader.plan.build.internal.spaces.EntityQuerySpaceImpl@394c9284]
21:24:10.538 [main] DEBUG o.h.p.w.spi.MetamodelGraphWalker - Visiting attribute path : patient
21:24:10.538 [main] DEBUG o.h.l.p.b.i.spaces.QuerySpacesImpl - Adding QuerySpace : uid = <gen:2> -> org.hibernate.loader.plan.build.internal.spaces.EntityQuerySpaceImpl@725575e2]
21:24:10.538 [main] DEBUG o.h.p.w.spi.MetamodelGraphWalker - Visiting attribute path : status
21:24:10.539 [main] DEBUG o.h.p.w.spi.MetamodelGraphWalker - Visiting attribute path : type
21:24:10.539 [main] DEBUG o.h.l.p.b.i.FetchStyleLoadPlanBuildingAssociationVisitationStrategy - Building LoadPlan...
21:24:10.539 [main] DEBUG o.h.l.p.e.i.LoadQueryJoinAndFetchProcessor - processing queryspace <gen:0>
21:24:10.540 [main] DEBUG o.h.l.p.b.spi.LoadPlanTreePrinter - LoadPlan(entity=edu.ncsu.csc.itrust2.models.persistent.AppointmentRequest)
    - Returns
       - EntityReturnImpl(entity=edu.ncsu.csc.itrust2.models.persistent.AppointmentRequest, querySpaceUid=<gen:0>, path=edu.ncsu.csc.itrust2.models.persistent.AppointmentRequest)
          - EntityAttributeFetchImpl(entity=edu.ncsu.csc.itrust2.models.persistent.User, querySpaceUid=<gen:1>, path=edu.ncsu.csc.itrust2.models.persistent.AppointmentRequest.hcp)
          - EntityAttributeFetchImpl(entity=edu.ncsu.csc.itrust2.models.persistent.User, querySpaceUid=<gen:2>, path=edu.ncsu.csc.itrust2.models.persistent.AppointmentRequest.patient)
    - QuerySpaces
       - EntityQuerySpaceImpl(uid=<gen:0>, entity=edu.ncsu.csc.itrust2.models.persistent.AppointmentRequest)
          - SQL table alias mapping - appointmen0_
          - alias suffix - 0_
          - suffixed key columns - {id1_0_0_}

21:24:10.540 [main] DEBUG o.h.loader.entity.plan.EntityLoader - Static select for entity edu.ncsu.csc.itrust2.models.persistent.AppointmentRequest [UPGRADE_NOWAIT]: select appointmen0_.id as id1_0_0_, appointmen0_.comments as comments2_0_0_, appointmen0_.date as date3_0_0_, appointmen0_.hcp_id as hcp_id6_0_0_, appointmen0_.patient_id as patient_7_0_0_, appointmen0_.status as status4_0_0_, appointmen0_.type as type5_0_0_ from AppointmentRequests appointmen0_ where appointmen0_.id=? for update
21:24:10.540 [main] DEBUG o.h.l.p.b.i.spaces.QuerySpacesImpl - Adding QuerySpace : uid = <gen:0> -> org.hibernate.loader.plan.build.internal.spaces.EntityQuerySpaceImpl@1ddfa689]
21:24:10.541 [main] DEBUG o.h.p.w.spi.MetamodelGraphWalker - Visiting attribute path : comments
21:24:10.541 [main] DEBUG o.h.p.w.spi.MetamodelGraphWalker - Visiting attribute path : date
21:24:10.541 [main] DEBUG o.h.p.w.spi.MetamodelGraphWalker - Visiting attribute path : hcp
21:24:10.542 [main] DEBUG o.h.l.p.b.i.spaces.QuerySpacesImpl - Adding QuerySpace : uid = <gen:1> -> org.hibernate.loader.plan.build.internal.spaces.EntityQuerySpaceImpl@680c02e]
21:24:10.542 [main] DEBUG o.h.p.w.spi.MetamodelGraphWalker - Visiting attribute path : patient
21:24:10.543 [main] DEBUG o.h.l.p.b.i.spaces.QuerySpacesImpl - Adding QuerySpace : uid = <gen:2> -> org.hibernate.loader.plan.build.internal.spaces.EntityQuerySpaceImpl@5fa34f79]
21:24:10.543 [main] DEBUG o.h.p.w.spi.MetamodelGraphWalker - Visiting attribute path : status
21:24:10.543 [main] DEBUG o.h.p.w.spi.MetamodelGraphWalker - Visiting attribute path : type
21:24:10.543 [main] DEBUG o.h.l.p.b.i.FetchStyleLoadPlanBuildingAssociationVisitationStrategy - Building LoadPlan...
21:24:10.544 [main] DEBUG o.h.l.p.e.i.LoadQueryJoinAndFetchProcessor - processing queryspace <gen:0>
21:24:10.545 [main] DEBUG o.h.l.p.b.spi.LoadPlanTreePrinter - LoadPlan(entity=edu.ncsu.csc.itrust2.models.persistent.AppointmentRequest)
    - Returns
       - EntityReturnImpl(entity=edu.ncsu.csc.itrust2.models.persistent.AppointmentRequest, querySpaceUid=<gen:0>, path=edu.ncsu.csc.itrust2.models.persistent.AppointmentRequest)
          - EntityAttributeFetchImpl(entity=edu.ncsu.csc.itrust2.models.persistent.User, querySpaceUid=<gen:1>, path=edu.ncsu.csc.itrust2.models.persistent.AppointmentRequest.hcp)
          - EntityAttributeFetchImpl(entity=edu.ncsu.csc.itrust2.models.persistent.User, querySpaceUid=<gen:2>, path=edu.ncsu.csc.itrust2.models.persistent.AppointmentRequest.patient)
    - QuerySpaces
       - EntityQuerySpaceImpl(uid=<gen:0>, entity=edu.ncsu.csc.itrust2.models.persistent.AppointmentRequest)
          - SQL table alias mapping - appointmen0_
          - alias suffix - 0_
          - suffixed key columns - {id1_0_0_}

21:24:10.545 [main] DEBUG o.h.loader.entity.plan.EntityLoader - Static select for entity edu.ncsu.csc.itrust2.models.persistent.AppointmentRequest [UPGRADE_SKIPLOCKED]: select appointmen0_.id as id1_0_0_, appointmen0_.comments as comments2_0_0_, appointmen0_.date as date3_0_0_, appointmen0_.hcp_id as hcp_id6_0_0_, appointmen0_.patient_id as patient_7_0_0_, appointmen0_.status as status4_0_0_, appointmen0_.type as type5_0_0_ from AppointmentRequests appointmen0_ where appointmen0_.id=? for update
21:24:10.546 [main] DEBUG o.h.l.p.b.i.spaces.QuerySpacesImpl - Adding QuerySpace : uid = <gen:0> -> org.hibernate.loader.plan.build.internal.spaces.EntityQuerySpaceImpl@3fa841ea]
21:24:10.546 [main] DEBUG o.h.p.w.spi.MetamodelGraphWalker - Visiting attribute path : comments
21:24:10.546 [main] DEBUG o.h.p.w.spi.MetamodelGraphWalker - Visiting attribute path : date
21:24:10.546 [main] DEBUG o.h.p.w.spi.MetamodelGraphWalker - Visiting attribute path : hcp
21:24:10.547 [main] DEBUG o.h.l.p.b.i.spaces.QuerySpacesImpl - Adding QuerySpace : uid = <gen:1> -> org.hibernate.loader.plan.build.internal.spaces.EntityQuerySpaceImpl@49511122]
21:24:10.547 [main] DEBUG o.h.p.w.spi.MetamodelGraphWalker - Visiting attribute path : patient
21:24:10.548 [main] DEBUG o.h.l.p.b.i.spaces.QuerySpacesImpl - Adding QuerySpace : uid = <gen:2> -> org.hibernate.loader.plan.build.internal.spaces.EntityQuerySpaceImpl@ccc47f6]
21:24:10.548 [main] DEBUG o.h.p.w.spi.MetamodelGraphWalker - Visiting attribute path : status
21:24:10.548 [main] DEBUG o.h.p.w.spi.MetamodelGraphWalker - Visiting attribute path : type
21:24:10.549 [main] DEBUG o.h.l.p.b.i.FetchStyleLoadPlanBuildingAssociationVisitationStrategy - Building LoadPlan...
21:24:10.549 [main] DEBUG o.h.l.p.e.i.LoadQueryJoinAndFetchProcessor - processing queryspace <gen:0>
21:24:10.550 [main] DEBUG o.h.l.p.b.spi.LoadPlanTreePrinter - LoadPlan(entity=edu.ncsu.csc.itrust2.models.persistent.AppointmentRequest)
    - Returns
       - EntityReturnImpl(entity=edu.ncsu.csc.itrust2.models.persistent.AppointmentRequest, querySpaceUid=<gen:0>, path=edu.ncsu.csc.itrust2.models.persistent.AppointmentRequest)
          - EntityAttributeFetchImpl(entity=edu.ncsu.csc.itrust2.models.persistent.User, querySpaceUid=<gen:1>, path=edu.ncsu.csc.itrust2.models.persistent.AppointmentRequest.hcp)
          - EntityAttributeFetchImpl(entity=edu.ncsu.csc.itrust2.models.persistent.User, querySpaceUid=<gen:2>, path=edu.ncsu.csc.itrust2.models.persistent.AppointmentRequest.patient)
    - QuerySpaces
       - EntityQuerySpaceImpl(uid=<gen:0>, entity=edu.ncsu.csc.itrust2.models.persistent.AppointmentRequest)
          - SQL table alias mapping - appointmen0_
          - alias suffix - 0_
          - suffixed key columns - {id1_0_0_}

21:24:10.550 [main] DEBUG o.h.loader.entity.plan.EntityLoader - Static select for entity edu.ncsu.csc.itrust2.models.persistent.AppointmentRequest [FORCE]: select appointmen0_.id as id1_0_0_, appointmen0_.comments as comments2_0_0_, appointmen0_.date as date3_0_0_, appointmen0_.hcp_id as hcp_id6_0_0_, appointmen0_.patient_id as patient_7_0_0_, appointmen0_.status as status4_0_0_, appointmen0_.type as type5_0_0_ from AppointmentRequests appointmen0_ where appointmen0_.id=? for update
21:24:10.551 [main] DEBUG o.h.l.p.b.i.spaces.QuerySpacesImpl - Adding QuerySpace : uid = <gen:0> -> org.hibernate.loader.plan.build.internal.spaces.EntityQuerySpaceImpl@7196f094]
21:24:10.552 [main] DEBUG o.h.p.w.spi.MetamodelGraphWalker - Visiting attribute path : comments
21:24:10.552 [main] DEBUG o.h.p.w.spi.MetamodelGraphWalker - Visiting attribute path : date
21:24:10.552 [main] DEBUG o.h.p.w.spi.MetamodelGraphWalker - Visiting attribute path : hcp
21:24:10.553 [main] DEBUG o.h.l.p.b.i.spaces.QuerySpacesImpl - Adding QuerySpace : uid = <gen:1> -> org.hibernate.loader.plan.build.internal.spaces.EntityQuerySpaceImpl@785b35b2]
21:24:10.553 [main] DEBUG o.h.p.w.spi.MetamodelGraphWalker - Visiting attribute path : patient
21:24:10.554 [main] DEBUG o.h.l.p.b.i.spaces.QuerySpacesImpl - Adding QuerySpace : uid = <gen:2> -> org.hibernate.loader.plan.build.internal.spaces.EntityQuerySpaceImpl@16c63eb8]
21:24:10.554 [main] DEBUG o.h.p.w.spi.MetamodelGraphWalker - Visiting attribute path : status
21:24:10.555 [main] DEBUG o.h.p.w.spi.MetamodelGraphWalker - Visiting attribute path : type
21:24:10.555 [main] DEBUG o.h.l.p.b.i.FetchStyleLoadPlanBuildingAssociationVisitationStrategy - Building LoadPlan...
21:24:10.555 [main] DEBUG o.h.l.p.e.i.LoadQueryJoinAndFetchProcessor - processing queryspace <gen:0>
21:24:10.556 [main] DEBUG o.h.l.p.b.spi.LoadPlanTreePrinter - LoadPlan(entity=edu.ncsu.csc.itrust2.models.persistent.AppointmentRequest)
    - Returns
       - EntityReturnImpl(entity=edu.ncsu.csc.itrust2.models.persistent.AppointmentRequest, querySpaceUid=<gen:0>, path=edu.ncsu.csc.itrust2.models.persistent.AppointmentRequest)
          - EntityAttributeFetchImpl(entity=edu.ncsu.csc.itrust2.models.persistent.User, querySpaceUid=<gen:1>, path=edu.ncsu.csc.itrust2.models.persistent.AppointmentRequest.hcp)
          - EntityAttributeFetchImpl(entity=edu.ncsu.csc.itrust2.models.persistent.User, querySpaceUid=<gen:2>, path=edu.ncsu.csc.itrust2.models.persistent.AppointmentRequest.patient)
    - QuerySpaces
       - EntityQuerySpaceImpl(uid=<gen:0>, entity=edu.ncsu.csc.itrust2.models.persistent.AppointmentRequest)
          - SQL table alias mapping - appointmen0_
          - alias suffix - 0_
          - suffixed key columns - {id1_0_0_}

21:24:10.557 [main] DEBUG o.h.loader.entity.plan.EntityLoader - Static select for entity edu.ncsu.csc.itrust2.models.persistent.AppointmentRequest [PESSIMISTIC_READ]: select appointmen0_.id as id1_0_0_, appointmen0_.comments as comments2_0_0_, appointmen0_.date as date3_0_0_, appointmen0_.hcp_id as hcp_id6_0_0_, appointmen0_.patient_id as patient_7_0_0_, appointmen0_.status as status4_0_0_, appointmen0_.type as type5_0_0_ from AppointmentRequests appointmen0_ where appointmen0_.id=? lock in share mode
21:24:10.557 [main] DEBUG o.h.l.p.b.i.spaces.QuerySpacesImpl - Adding QuerySpace : uid = <gen:0> -> org.hibernate.loader.plan.build.internal.spaces.EntityQuerySpaceImpl@50927ea4]
21:24:10.558 [main] DEBUG o.h.p.w.spi.MetamodelGraphWalker - Visiting attribute path : comments
21:24:10.558 [main] DEBUG o.h.p.w.spi.MetamodelGraphWalker - Visiting attribute path : date
21:24:10.558 [main] DEBUG o.h.p.w.spi.MetamodelGraphWalker - Visiting attribute path : hcp
21:24:10.559 [main] DEBUG o.h.l.p.b.i.spaces.QuerySpacesImpl - Adding QuerySpace : uid = <gen:1> -> org.hibernate.loader.plan.build.internal.spaces.EntityQuerySpaceImpl@5ff494ff]
21:24:10.560 [main] DEBUG o.h.p.w.spi.MetamodelGraphWalker - Visiting attribute path : patient
21:24:10.560 [main] DEBUG o.h.l.p.b.i.spaces.QuerySpacesImpl - Adding QuerySpace : uid = <gen:2> -> org.hibernate.loader.plan.build.internal.spaces.EntityQuerySpaceImpl@78e05247]
21:24:10.560 [main] DEBUG o.h.p.w.spi.MetamodelGraphWalker - Visiting attribute path : status
21:24:10.560 [main] DEBUG o.h.p.w.spi.MetamodelGraphWalker - Visiting attribute path : type
21:24:10.560 [main] DEBUG o.h.l.p.b.i.FetchStyleLoadPlanBuildingAssociationVisitationStrategy - Building LoadPlan...
21:24:10.561 [main] DEBUG o.h.l.p.e.i.LoadQueryJoinAndFetchProcessor - processing queryspace <gen:0>
21:24:10.562 [main] DEBUG o.h.l.p.b.spi.LoadPlanTreePrinter - LoadPlan(entity=edu.ncsu.csc.itrust2.models.persistent.AppointmentRequest)
    - Returns
       - EntityReturnImpl(entity=edu.ncsu.csc.itrust2.models.persistent.AppointmentRequest, querySpaceUid=<gen:0>, path=edu.ncsu.csc.itrust2.models.persistent.AppointmentRequest)
          - EntityAttributeFetchImpl(entity=edu.ncsu.csc.itrust2.models.persistent.User, querySpaceUid=<gen:1>, path=edu.ncsu.csc.itrust2.models.persistent.AppointmentRequest.hcp)
          - EntityAttributeFetchImpl(entity=edu.ncsu.csc.itrust2.models.persistent.User, querySpaceUid=<gen:2>, path=edu.ncsu.csc.itrust2.models.persistent.AppointmentRequest.patient)
    - QuerySpaces
       - EntityQuerySpaceImpl(uid=<gen:0>, entity=edu.ncsu.csc.itrust2.models.persistent.AppointmentRequest)
          - SQL table alias mapping - appointmen0_
          - alias suffix - 0_
          - suffixed key columns - {id1_0_0_}

21:24:10.563 [main] DEBUG o.h.loader.entity.plan.EntityLoader - Static select for entity edu.ncsu.csc.itrust2.models.persistent.AppointmentRequest [PESSIMISTIC_WRITE]: select appointmen0_.id as id1_0_0_, appointmen0_.comments as comments2_0_0_, appointmen0_.date as date3_0_0_, appointmen0_.hcp_id as hcp_id6_0_0_, appointmen0_.patient_id as patient_7_0_0_, appointmen0_.status as status4_0_0_, appointmen0_.type as type5_0_0_ from AppointmentRequests appointmen0_ where appointmen0_.id=? for update
21:24:10.563 [main] DEBUG o.h.l.p.b.i.spaces.QuerySpacesImpl - Adding QuerySpace : uid = <gen:0> -> org.hibernate.loader.plan.build.internal.spaces.EntityQuerySpaceImpl@3b4464a1]
21:24:10.563 [main] DEBUG o.h.p.w.spi.MetamodelGraphWalker - Visiting attribute path : comments
21:24:10.564 [main] DEBUG o.h.p.w.spi.MetamodelGraphWalker - Visiting attribute path : date
21:24:10.564 [main] DEBUG o.h.p.w.spi.MetamodelGraphWalker - Visiting attribute path : hcp
21:24:10.564 [main] DEBUG o.h.l.p.b.i.spaces.QuerySpacesImpl - Adding QuerySpace : uid = <gen:1> -> org.hibernate.loader.plan.build.internal.spaces.EntityQuerySpaceImpl@206e1d26]
21:24:10.564 [main] DEBUG o.h.p.w.spi.MetamodelGraphWalker - Visiting attribute path : patient
21:24:10.565 [main] DEBUG o.h.l.p.b.i.spaces.QuerySpacesImpl - Adding QuerySpace : uid = <gen:2> -> org.hibernate.loader.plan.build.internal.spaces.EntityQuerySpaceImpl@5a661106]
21:24:10.565 [main] DEBUG o.h.p.w.spi.MetamodelGraphWalker - Visiting attribute path : status
21:24:10.565 [main] DEBUG o.h.p.w.spi.MetamodelGraphWalker - Visiting attribute path : type
21:24:10.565 [main] DEBUG o.h.l.p.b.i.FetchStyleLoadPlanBuildingAssociationVisitationStrategy - Building LoadPlan...
21:24:10.566 [main] DEBUG o.h.l.p.e.i.LoadQueryJoinAndFetchProcessor - processing queryspace <gen:0>
21:24:10.568 [main] DEBUG o.h.l.p.b.spi.LoadPlanTreePrinter - LoadPlan(entity=edu.ncsu.csc.itrust2.models.persistent.AppointmentRequest)
    - Returns
       - EntityReturnImpl(entity=edu.ncsu.csc.itrust2.models.persistent.AppointmentRequest, querySpaceUid=<gen:0>, path=edu.ncsu.csc.itrust2.models.persistent.AppointmentRequest)
          - EntityAttributeFetchImpl(entity=edu.ncsu.csc.itrust2.models.persistent.User, querySpaceUid=<gen:1>, path=edu.ncsu.csc.itrust2.models.persistent.AppointmentRequest.hcp)
          - EntityAttributeFetchImpl(entity=edu.ncsu.csc.itrust2.models.persistent.User, querySpaceUid=<gen:2>, path=edu.ncsu.csc.itrust2.models.persistent.AppointmentRequest.patient)
    - QuerySpaces
       - EntityQuerySpaceImpl(uid=<gen:0>, entity=edu.ncsu.csc.itrust2.models.persistent.AppointmentRequest)
          - SQL table alias mapping - appointmen0_
          - alias suffix - 0_
          - suffixed key columns - {id1_0_0_}

21:24:10.568 [main] DEBUG o.h.loader.entity.plan.EntityLoader - Static select for entity edu.ncsu.csc.itrust2.models.persistent.AppointmentRequest [PESSIMISTIC_FORCE_INCREMENT]: select appointmen0_.id as id1_0_0_, appointmen0_.comments as comments2_0_0_, appointmen0_.date as date3_0_0_, appointmen0_.hcp_id as hcp_id6_0_0_, appointmen0_.patient_id as patient_7_0_0_, appointmen0_.status as status4_0_0_, appointmen0_.type as type5_0_0_ from AppointmentRequests appointmen0_ where appointmen0_.id=? for update
21:24:10.569 [main] DEBUG o.h.l.p.b.i.spaces.QuerySpacesImpl - Adding QuerySpace : uid = <gen:0> -> org.hibernate.loader.plan.build.internal.spaces.EntityQuerySpaceImpl@429f0787]
21:24:10.569 [main] DEBUG o.h.p.w.spi.MetamodelGraphWalker - Visiting attribute path : comments
21:24:10.569 [main] DEBUG o.h.p.w.spi.MetamodelGraphWalker - Visiting attribute path : date
21:24:10.570 [main] DEBUG o.h.p.w.spi.MetamodelGraphWalker - Visiting attribute path : hcp
21:24:10.570 [main] DEBUG o.h.l.p.b.i.spaces.QuerySpacesImpl - Adding QuerySpace : uid = <gen:1> -> org.hibernate.loader.plan.build.internal.spaces.EntityQuerySpaceImpl@782a695c]
21:24:10.571 [main] DEBUG o.h.p.w.spi.MetamodelGraphWalker - Visiting attribute path : patient
21:24:10.571 [main] DEBUG o.h.l.p.b.i.spaces.QuerySpacesImpl - Adding QuerySpace : uid = <gen:2> -> org.hibernate.loader.plan.build.internal.spaces.EntityQuerySpaceImpl@122eb97e]
21:24:10.571 [main] DEBUG o.h.p.w.spi.MetamodelGraphWalker - Visiting attribute path : status
21:24:10.571 [main] DEBUG o.h.p.w.spi.MetamodelGraphWalker - Visiting attribute path : type
21:24:10.572 [main] DEBUG o.h.l.p.b.i.FetchStyleLoadPlanBuildingAssociationVisitationStrategy - Building LoadPlan...
21:24:10.572 [main] DEBUG o.h.l.p.e.i.LoadQueryJoinAndFetchProcessor - processing queryspace <gen:0>
21:24:10.574 [main] DEBUG o.h.l.p.b.spi.LoadPlanTreePrinter - LoadPlan(entity=edu.ncsu.csc.itrust2.models.persistent.AppointmentRequest)
    - Returns
       - EntityReturnImpl(entity=edu.ncsu.csc.itrust2.models.persistent.AppointmentRequest, querySpaceUid=<gen:0>, path=edu.ncsu.csc.itrust2.models.persistent.AppointmentRequest)
          - EntityAttributeFetchImpl(entity=edu.ncsu.csc.itrust2.models.persistent.User, querySpaceUid=<gen:1>, path=edu.ncsu.csc.itrust2.models.persistent.AppointmentRequest.hcp)
          - EntityAttributeFetchImpl(entity=edu.ncsu.csc.itrust2.models.persistent.User, querySpaceUid=<gen:2>, path=edu.ncsu.csc.itrust2.models.persistent.AppointmentRequest.patient)
    - QuerySpaces
       - EntityQuerySpaceImpl(uid=<gen:0>, entity=edu.ncsu.csc.itrust2.models.persistent.AppointmentRequest)
          - SQL table alias mapping - appointmen0_
          - alias suffix - 0_
          - suffixed key columns - {id1_0_0_}

21:24:10.574 [main] DEBUG o.h.loader.entity.plan.EntityLoader - Static select for entity edu.ncsu.csc.itrust2.models.persistent.AppointmentRequest [OPTIMISTIC]: select appointmen0_.id as id1_0_0_, appointmen0_.comments as comments2_0_0_, appointmen0_.date as date3_0_0_, appointmen0_.hcp_id as hcp_id6_0_0_, appointmen0_.patient_id as patient_7_0_0_, appointmen0_.status as status4_0_0_, appointmen0_.type as type5_0_0_ from AppointmentRequests appointmen0_ where appointmen0_.id=?
21:24:10.575 [main] DEBUG o.h.l.p.b.i.spaces.QuerySpacesImpl - Adding QuerySpace : uid = <gen:0> -> org.hibernate.loader.plan.build.internal.spaces.EntityQuerySpaceImpl@28372783]
21:24:10.576 [main] DEBUG o.h.p.w.spi.MetamodelGraphWalker - Visiting attribute path : comments
21:24:10.576 [main] DEBUG o.h.p.w.spi.MetamodelGraphWalker - Visiting attribute path : date
21:24:10.576 [main] DEBUG o.h.p.w.spi.MetamodelGraphWalker - Visiting attribute path : hcp
21:24:10.577 [main] DEBUG o.h.l.p.b.i.spaces.QuerySpacesImpl - Adding QuerySpace : uid = <gen:1> -> org.hibernate.loader.plan.build.internal.spaces.EntityQuerySpaceImpl@45759fd9]
21:24:10.577 [main] DEBUG o.h.p.w.spi.MetamodelGraphWalker - Visiting attribute path : patient
21:24:10.578 [main] DEBUG o.h.l.p.b.i.spaces.QuerySpacesImpl - Adding QuerySpace : uid = <gen:2> -> org.hibernate.loader.plan.build.internal.spaces.EntityQuerySpaceImpl@22f72b40]
21:24:10.578 [main] DEBUG o.h.p.w.spi.MetamodelGraphWalker - Visiting attribute path : status
21:24:10.578 [main] DEBUG o.h.p.w.spi.MetamodelGraphWalker - Visiting attribute path : type
21:24:10.579 [main] DEBUG o.h.l.p.b.i.FetchStyleLoadPlanBuildingAssociationVisitationStrategy - Building LoadPlan...
21:24:10.579 [main] DEBUG o.h.l.p.e.i.LoadQueryJoinAndFetchProcessor - processing queryspace <gen:0>
21:24:10.581 [main] DEBUG o.h.l.p.b.spi.LoadPlanTreePrinter - LoadPlan(entity=edu.ncsu.csc.itrust2.models.persistent.AppointmentRequest)
    - Returns
       - EntityReturnImpl(entity=edu.ncsu.csc.itrust2.models.persistent.AppointmentRequest, querySpaceUid=<gen:0>, path=edu.ncsu.csc.itrust2.models.persistent.AppointmentRequest)
          - EntityAttributeFetchImpl(entity=edu.ncsu.csc.itrust2.models.persistent.User, querySpaceUid=<gen:1>, path=edu.ncsu.csc.itrust2.models.persistent.AppointmentRequest.hcp)
          - EntityAttributeFetchImpl(entity=edu.ncsu.csc.itrust2.models.persistent.User, querySpaceUid=<gen:2>, path=edu.ncsu.csc.itrust2.models.persistent.AppointmentRequest.patient)
    - QuerySpaces
       - EntityQuerySpaceImpl(uid=<gen:0>, entity=edu.ncsu.csc.itrust2.models.persistent.AppointmentRequest)
          - SQL table alias mapping - appointmen0_
          - alias suffix - 0_
          - suffixed key columns - {id1_0_0_}

21:24:10.581 [main] DEBUG o.h.loader.entity.plan.EntityLoader - Static select for entity edu.ncsu.csc.itrust2.models.persistent.AppointmentRequest [OPTIMISTIC_FORCE_INCREMENT]: select appointmen0_.id as id1_0_0_, appointmen0_.comments as comments2_0_0_, appointmen0_.date as date3_0_0_, appointmen0_.hcp_id as hcp_id6_0_0_, appointmen0_.patient_id as patient_7_0_0_, appointmen0_.status as status4_0_0_, appointmen0_.type as type5_0_0_ from AppointmentRequests appointmen0_ where appointmen0_.id=?
21:24:10.584 [main] DEBUG org.hibernate.loader.Loader - Static select for action ACTION_MERGE on entity edu.ncsu.csc.itrust2.models.persistent.AppointmentRequest: select appointmen0_.id as id1_0_0_, appointmen0_.comments as comments2_0_0_, appointmen0_.date as date3_0_0_, appointmen0_.hcp_id as hcp_id6_0_0_, appointmen0_.patient_id as patient_7_0_0_, appointmen0_.status as status4_0_0_, appointmen0_.type as type5_0_0_ from AppointmentRequests appointmen0_ where appointmen0_.id=?
21:24:10.584 [main] DEBUG org.hibernate.loader.Loader - Static select for action ACTION_REFRESH on entity edu.ncsu.csc.itrust2.models.persistent.AppointmentRequest: select appointmen0_.id as id1_0_0_, appointmen0_.comments as comments2_0_0_, appointmen0_.date as date3_0_0_, appointmen0_.hcp_id as hcp_id6_0_0_, appointmen0_.patient_id as patient_7_0_0_, appointmen0_.status as status4_0_0_, appointmen0_.type as type5_0_0_ from AppointmentRequests appointmen0_ where appointmen0_.id=?
21:24:10.584 [main] DEBUG o.h.p.entity.AbstractEntityPersister - Static SQL for entity: edu.ncsu.csc.itrust2.models.persistent.LoginBan
21:24:10.584 [main] DEBUG o.h.p.entity.AbstractEntityPersister -  Version select: select id from LoginBans where id =?
21:24:10.584 [main] DEBUG o.h.p.entity.AbstractEntityPersister -  Snapshot select: select loginban_.id, loginban_.ip as ip2_8_, loginban_.time as time3_8_, loginban_.user_id as user_id4_8_ from LoginBans loginban_ where loginban_.id=?
21:24:10.584 [main] DEBUG o.h.p.entity.AbstractEntityPersister -  Insert 0: insert into LoginBans (ip, time, user_id, id) values (?, ?, ?, ?)
21:24:10.584 [main] DEBUG o.h.p.entity.AbstractEntityPersister -  Update 0: update LoginBans set ip=?, time=?, user_id=? where id=?
21:24:10.584 [main] DEBUG o.h.p.entity.AbstractEntityPersister -  Delete 0: delete from LoginBans where id=?
21:24:10.584 [main] DEBUG o.h.l.p.b.i.spaces.QuerySpacesImpl - Adding QuerySpace : uid = <gen:0> -> org.hibernate.loader.plan.build.internal.spaces.EntityQuerySpaceImpl@33ed0ba2]
21:24:10.585 [main] DEBUG o.h.p.w.spi.MetamodelGraphWalker - Visiting attribute path : ip
21:24:10.585 [main] DEBUG o.h.p.w.spi.MetamodelGraphWalker - Visiting attribute path : time
21:24:10.585 [main] DEBUG o.h.p.w.spi.MetamodelGraphWalker - Visiting attribute path : user
21:24:10.585 [main] DEBUG o.h.l.p.b.i.spaces.QuerySpacesImpl - Adding QuerySpace : uid = <gen:1> -> org.hibernate.loader.plan.build.internal.spaces.EntityQuerySpaceImpl@47f207eb]
21:24:10.585 [main] DEBUG o.h.p.w.spi.MetamodelGraphWalker - Visiting attribute path : user.enabled
21:24:10.585 [main] DEBUG o.h.p.w.spi.MetamodelGraphWalker - Visiting attribute path : user.password
21:24:10.585 [main] DEBUG o.h.p.w.spi.MetamodelGraphWalker - Visiting attribute path : user.role
21:24:10.585 [main] DEBUG o.h.l.p.b.i.FetchStyleLoadPlanBuildingAssociationVisitationStrategy - Building LoadPlan...
21:24:10.585 [main] DEBUG o.h.l.p.e.i.LoadQueryJoinAndFetchProcessor - processing queryspace <gen:0>
21:24:10.586 [main] DEBUG o.h.l.p.b.spi.LoadPlanTreePrinter - LoadPlan(entity=edu.ncsu.csc.itrust2.models.persistent.LoginBan)
    - Returns
       - EntityReturnImpl(entity=edu.ncsu.csc.itrust2.models.persistent.LoginBan, querySpaceUid=<gen:0>, path=edu.ncsu.csc.itrust2.models.persistent.LoginBan)
          - EntityAttributeFetchImpl(entity=edu.ncsu.csc.itrust2.models.persistent.User, querySpaceUid=<gen:1>, path=edu.ncsu.csc.itrust2.models.persistent.LoginBan.user)
    - QuerySpaces
       - EntityQuerySpaceImpl(uid=<gen:0>, entity=edu.ncsu.csc.itrust2.models.persistent.LoginBan)
          - SQL table alias mapping - loginban0_
          - alias suffix - 0_
          - suffixed key columns - {id1_8_0_}
          - JOIN (JoinDefinedByMetadata(user)) : <gen:0> -> <gen:1>
             - EntityQuerySpaceImpl(uid=<gen:1>, entity=edu.ncsu.csc.itrust2.models.persistent.User)
                - SQL table alias mapping - user1_
                - alias suffix - 1_
                - suffixed key columns - {username1_15_1_}

21:24:10.586 [main] DEBUG o.h.loader.entity.plan.EntityLoader - Static select for entity edu.ncsu.csc.itrust2.models.persistent.LoginBan [NONE]: select loginban0_.id as id1_8_0_, loginban0_.ip as ip2_8_0_, loginban0_.time as time3_8_0_, loginban0_.user_id as user_id4_8_0_, user1_.username as username1_15_1_, user1_.enabled as enabled2_15_1_, user1_.password as password3_15_1_, user1_.role as role4_15_1_ from LoginBans loginban0_ left outer join Users user1_ on loginban0_.user_id=user1_.username where loginban0_.id=?
21:24:10.586 [main] DEBUG o.h.l.p.b.i.spaces.QuerySpacesImpl - Adding QuerySpace : uid = <gen:0> -> org.hibernate.loader.plan.build.internal.spaces.EntityQuerySpaceImpl@72f294f]
21:24:10.586 [main] DEBUG o.h.p.w.spi.MetamodelGraphWalker - Visiting attribute path : ip
21:24:10.586 [main] DEBUG o.h.p.w.spi.MetamodelGraphWalker - Visiting attribute path : time
21:24:10.586 [main] DEBUG o.h.p.w.spi.MetamodelGraphWalker - Visiting attribute path : user
21:24:10.586 [main] DEBUG o.h.l.p.b.i.spaces.QuerySpacesImpl - Adding QuerySpace : uid = <gen:1> -> org.hibernate.loader.plan.build.internal.spaces.EntityQuerySpaceImpl@7878adb3]
21:24:10.586 [main] DEBUG o.h.p.w.spi.MetamodelGraphWalker - Visiting attribute path : user.enabled
21:24:10.586 [main] DEBUG o.h.p.w.spi.MetamodelGraphWalker - Visiting attribute path : user.password
21:24:10.586 [main] DEBUG o.h.p.w.spi.MetamodelGraphWalker - Visiting attribute path : user.role
21:24:10.587 [main] DEBUG o.h.l.p.b.i.FetchStyleLoadPlanBuildingAssociationVisitationStrategy - Building LoadPlan...
21:24:10.587 [main] DEBUG o.h.l.p.e.i.LoadQueryJoinAndFetchProcessor - processing queryspace <gen:0>
21:24:10.587 [main] DEBUG o.h.l.p.b.spi.LoadPlanTreePrinter - LoadPlan(entity=edu.ncsu.csc.itrust2.models.persistent.LoginBan)
    - Returns
       - EntityReturnImpl(entity=edu.ncsu.csc.itrust2.models.persistent.LoginBan, querySpaceUid=<gen:0>, path=edu.ncsu.csc.itrust2.models.persistent.LoginBan)
          - EntityAttributeFetchImpl(entity=edu.ncsu.csc.itrust2.models.persistent.User, querySpaceUid=<gen:1>, path=edu.ncsu.csc.itrust2.models.persistent.LoginBan.user)
    - QuerySpaces
       - EntityQuerySpaceImpl(uid=<gen:0>, entity=edu.ncsu.csc.itrust2.models.persistent.LoginBan)
          - SQL table alias mapping - loginban0_
          - alias suffix - 0_
          - suffixed key columns - {id1_8_0_}
          - JOIN (JoinDefinedByMetadata(user)) : <gen:0> -> <gen:1>
             - EntityQuerySpaceImpl(uid=<gen:1>, entity=edu.ncsu.csc.itrust2.models.persistent.User)
                - SQL table alias mapping - user1_
                - alias suffix - 1_
                - suffixed key columns - {username1_15_1_}

21:24:10.587 [main] DEBUG o.h.loader.entity.plan.EntityLoader - Static select for entity edu.ncsu.csc.itrust2.models.persistent.LoginBan [READ]: select loginban0_.id as id1_8_0_, loginban0_.ip as ip2_8_0_, loginban0_.time as time3_8_0_, loginban0_.user_id as user_id4_8_0_, user1_.username as username1_15_1_, user1_.enabled as enabled2_15_1_, user1_.password as password3_15_1_, user1_.role as role4_15_1_ from LoginBans loginban0_ left outer join Users user1_ on loginban0_.user_id=user1_.username where loginban0_.id=?
21:24:10.587 [main] DEBUG o.h.l.p.b.i.spaces.QuerySpacesImpl - Adding QuerySpace : uid = <gen:0> -> org.hibernate.loader.plan.build.internal.spaces.EntityQuerySpaceImpl@7e94e0a4]
21:24:10.587 [main] DEBUG o.h.p.w.spi.MetamodelGraphWalker - Visiting attribute path : ip
21:24:10.587 [main] DEBUG o.h.p.w.spi.MetamodelGraphWalker - Visiting attribute path : time
21:24:10.587 [main] DEBUG o.h.p.w.spi.MetamodelGraphWalker - Visiting attribute path : user
21:24:10.588 [main] DEBUG o.h.l.p.b.i.spaces.QuerySpacesImpl - Adding QuerySpace : uid = <gen:1> -> org.hibernate.loader.plan.build.internal.spaces.EntityQuerySpaceImpl@7d37107a]
21:24:10.588 [main] DEBUG o.h.l.p.b.i.FetchStyleLoadPlanBuildingAssociationVisitationStrategy - Building LoadPlan...
21:24:10.588 [main] DEBUG o.h.l.p.e.i.LoadQueryJoinAndFetchProcessor - processing queryspace <gen:0>
21:24:10.588 [main] DEBUG o.h.l.p.b.spi.LoadPlanTreePrinter - LoadPlan(entity=edu.ncsu.csc.itrust2.models.persistent.LoginBan)
    - Returns
       - EntityReturnImpl(entity=edu.ncsu.csc.itrust2.models.persistent.LoginBan, querySpaceUid=<gen:0>, path=edu.ncsu.csc.itrust2.models.persistent.LoginBan)
          - EntityAttributeFetchImpl(entity=edu.ncsu.csc.itrust2.models.persistent.User, querySpaceUid=<gen:1>, path=edu.ncsu.csc.itrust2.models.persistent.LoginBan.user)
    - QuerySpaces
       - EntityQuerySpaceImpl(uid=<gen:0>, entity=edu.ncsu.csc.itrust2.models.persistent.LoginBan)
          - SQL table alias mapping - loginban0_
          - alias suffix - 0_
          - suffixed key columns - {id1_8_0_}

21:24:10.588 [main] DEBUG o.h.loader.entity.plan.EntityLoader - Static select for entity edu.ncsu.csc.itrust2.models.persistent.LoginBan [UPGRADE]: select loginban0_.id as id1_8_0_, loginban0_.ip as ip2_8_0_, loginban0_.time as time3_8_0_, loginban0_.user_id as user_id4_8_0_ from LoginBans loginban0_ where loginban0_.id=? for update
21:24:10.588 [main] DEBUG o.h.l.p.b.i.spaces.QuerySpacesImpl - Adding QuerySpace : uid = <gen:0> -> org.hibernate.loader.plan.build.internal.spaces.EntityQuerySpaceImpl@3e3297b]
21:24:10.588 [main] DEBUG o.h.p.w.spi.MetamodelGraphWalker - Visiting attribute path : ip
21:24:10.588 [main] DEBUG o.h.p.w.spi.MetamodelGraphWalker - Visiting attribute path : time
21:24:10.588 [main] DEBUG o.h.p.w.spi.MetamodelGraphWalker - Visiting attribute path : user
21:24:10.588 [main] DEBUG o.h.l.p.b.i.spaces.QuerySpacesImpl - Adding QuerySpace : uid = <gen:1> -> org.hibernate.loader.plan.build.internal.spaces.EntityQuerySpaceImpl@63ca7b09]
21:24:10.589 [main] DEBUG o.h.l.p.b.i.FetchStyleLoadPlanBuildingAssociationVisitationStrategy - Building LoadPlan...
21:24:10.589 [main] DEBUG o.h.l.p.e.i.LoadQueryJoinAndFetchProcessor - processing queryspace <gen:0>
21:24:10.589 [main] DEBUG o.h.l.p.b.spi.LoadPlanTreePrinter - LoadPlan(entity=edu.ncsu.csc.itrust2.models.persistent.LoginBan)
    - Returns
       - EntityReturnImpl(entity=edu.ncsu.csc.itrust2.models.persistent.LoginBan, querySpaceUid=<gen:0>, path=edu.ncsu.csc.itrust2.models.persistent.LoginBan)
          - EntityAttributeFetchImpl(entity=edu.ncsu.csc.itrust2.models.persistent.User, querySpaceUid=<gen:1>, path=edu.ncsu.csc.itrust2.models.persistent.LoginBan.user)
    - QuerySpaces
       - EntityQuerySpaceImpl(uid=<gen:0>, entity=edu.ncsu.csc.itrust2.models.persistent.LoginBan)
          - SQL table alias mapping - loginban0_
          - alias suffix - 0_
          - suffixed key columns - {id1_8_0_}

21:24:10.589 [main] DEBUG o.h.loader.entity.plan.EntityLoader - Static select for entity edu.ncsu.csc.itrust2.models.persistent.LoginBan [UPGRADE_NOWAIT]: select loginban0_.id as id1_8_0_, loginban0_.ip as ip2_8_0_, loginban0_.time as time3_8_0_, loginban0_.user_id as user_id4_8_0_ from LoginBans loginban0_ where loginban0_.id=? for update
21:24:10.589 [main] DEBUG o.h.l.p.b.i.spaces.QuerySpacesImpl - Adding QuerySpace : uid = <gen:0> -> org.hibernate.loader.plan.build.internal.spaces.EntityQuerySpaceImpl@26bb13ca]
21:24:10.589 [main] DEBUG o.h.p.w.spi.MetamodelGraphWalker - Visiting attribute path : ip
21:24:10.589 [main] DEBUG o.h.p.w.spi.MetamodelGraphWalker - Visiting attribute path : time
21:24:10.589 [main] DEBUG o.h.p.w.spi.MetamodelGraphWalker - Visiting attribute path : user
21:24:10.598 [main] DEBUG o.h.l.p.b.i.spaces.QuerySpacesImpl - Adding QuerySpace : uid = <gen:1> -> org.hibernate.loader.plan.build.internal.spaces.EntityQuerySpaceImpl@3d60c115]
21:24:10.599 [main] DEBUG o.h.l.p.b.i.FetchStyleLoadPlanBuildingAssociationVisitationStrategy - Building LoadPlan...
21:24:10.600 [main] DEBUG o.h.l.p.e.i.LoadQueryJoinAndFetchProcessor - processing queryspace <gen:0>
21:24:10.601 [main] DEBUG o.h.l.p.b.spi.LoadPlanTreePrinter - LoadPlan(entity=edu.ncsu.csc.itrust2.models.persistent.LoginBan)
    - Returns
       - EntityReturnImpl(entity=edu.ncsu.csc.itrust2.models.persistent.LoginBan, querySpaceUid=<gen:0>, path=edu.ncsu.csc.itrust2.models.persistent.LoginBan)
          - EntityAttributeFetchImpl(entity=edu.ncsu.csc.itrust2.models.persistent.User, querySpaceUid=<gen:1>, path=edu.ncsu.csc.itrust2.models.persistent.LoginBan.user)
    - QuerySpaces
       - EntityQuerySpaceImpl(uid=<gen:0>, entity=edu.ncsu.csc.itrust2.models.persistent.LoginBan)
          - SQL table alias mapping - loginban0_
          - alias suffix - 0_
          - suffixed key columns - {id1_8_0_}

21:24:10.602 [main] DEBUG o.h.loader.entity.plan.EntityLoader - Static select for entity edu.ncsu.csc.itrust2.models.persistent.LoginBan [UPGRADE_SKIPLOCKED]: select loginban0_.id as id1_8_0_, loginban0_.ip as ip2_8_0_, loginban0_.time as time3_8_0_, loginban0_.user_id as user_id4_8_0_ from LoginBans loginban0_ where loginban0_.id=? for update
21:24:10.603 [main] DEBUG o.h.l.p.b.i.spaces.QuerySpacesImpl - Adding QuerySpace : uid = <gen:0> -> org.hibernate.loader.plan.build.internal.spaces.EntityQuerySpaceImpl@dc2f783]
21:24:10.604 [main] DEBUG o.h.p.w.spi.MetamodelGraphWalker - Visiting attribute path : ip
21:24:10.604 [main] DEBUG o.h.p.w.spi.MetamodelGraphWalker - Visiting attribute path : time
21:24:10.604 [main] DEBUG o.h.p.w.spi.MetamodelGraphWalker - Visiting attribute path : user
21:24:10.606 [main] DEBUG o.h.l.p.b.i.spaces.QuerySpacesImpl - Adding QuerySpace : uid = <gen:1> -> org.hibernate.loader.plan.build.internal.spaces.EntityQuerySpaceImpl@51285b0]
21:24:10.607 [main] DEBUG o.h.l.p.b.i.FetchStyleLoadPlanBuildingAssociationVisitationStrategy - Building LoadPlan...
21:24:10.608 [main] DEBUG o.h.l.p.e.i.LoadQueryJoinAndFetchProcessor - processing queryspace <gen:0>
21:24:10.608 [main] DEBUG o.h.l.p.b.spi.LoadPlanTreePrinter - LoadPlan(entity=edu.ncsu.csc.itrust2.models.persistent.LoginBan)
    - Returns
       - EntityReturnImpl(entity=edu.ncsu.csc.itrust2.models.persistent.LoginBan, querySpaceUid=<gen:0>, path=edu.ncsu.csc.itrust2.models.persistent.LoginBan)
          - EntityAttributeFetchImpl(entity=edu.ncsu.csc.itrust2.models.persistent.User, querySpaceUid=<gen:1>, path=edu.ncsu.csc.itrust2.models.persistent.LoginBan.user)
    - QuerySpaces
       - EntityQuerySpaceImpl(uid=<gen:0>, entity=edu.ncsu.csc.itrust2.models.persistent.LoginBan)
          - SQL table alias mapping - loginban0_
          - alias suffix - 0_
          - suffixed key columns - {id1_8_0_}

21:24:10.608 [main] DEBUG o.h.loader.entity.plan.EntityLoader - Static select for entity edu.ncsu.csc.itrust2.models.persistent.LoginBan [FORCE]: select loginban0_.id as id1_8_0_, loginban0_.ip as ip2_8_0_, loginban0_.time as time3_8_0_, loginban0_.user_id as user_id4_8_0_ from LoginBans loginban0_ where loginban0_.id=? for update
21:24:10.609 [main] DEBUG o.h.l.p.b.i.spaces.QuerySpacesImpl - Adding QuerySpace : uid = <gen:0> -> org.hibernate.loader.plan.build.internal.spaces.EntityQuerySpaceImpl@3ec1846e]
21:24:10.609 [main] DEBUG o.h.p.w.spi.MetamodelGraphWalker - Visiting attribute path : ip
21:24:10.609 [main] DEBUG o.h.p.w.spi.MetamodelGraphWalker - Visiting attribute path : time
21:24:10.609 [main] DEBUG o.h.p.w.spi.MetamodelGraphWalker - Visiting attribute path : user
21:24:10.609 [main] DEBUG o.h.l.p.b.i.spaces.QuerySpacesImpl - Adding QuerySpace : uid = <gen:1> -> org.hibernate.loader.plan.build.internal.spaces.EntityQuerySpaceImpl@1b068afc]
21:24:10.609 [main] DEBUG o.h.l.p.b.i.FetchStyleLoadPlanBuildingAssociationVisitationStrategy - Building LoadPlan...
21:24:10.609 [main] DEBUG o.h.l.p.e.i.LoadQueryJoinAndFetchProcessor - processing queryspace <gen:0>
21:24:10.610 [main] DEBUG o.h.l.p.b.spi.LoadPlanTreePrinter - LoadPlan(entity=edu.ncsu.csc.itrust2.models.persistent.LoginBan)
    - Returns
       - EntityReturnImpl(entity=edu.ncsu.csc.itrust2.models.persistent.LoginBan, querySpaceUid=<gen:0>, path=edu.ncsu.csc.itrust2.models.persistent.LoginBan)
          - EntityAttributeFetchImpl(entity=edu.ncsu.csc.itrust2.models.persistent.User, querySpaceUid=<gen:1>, path=edu.ncsu.csc.itrust2.models.persistent.LoginBan.user)
    - QuerySpaces
       - EntityQuerySpaceImpl(uid=<gen:0>, entity=edu.ncsu.csc.itrust2.models.persistent.LoginBan)
          - SQL table alias mapping - loginban0_
          - alias suffix - 0_
          - suffixed key columns - {id1_8_0_}

21:24:10.610 [main] DEBUG o.h.loader.entity.plan.EntityLoader - Static select for entity edu.ncsu.csc.itrust2.models.persistent.LoginBan [PESSIMISTIC_READ]: select loginban0_.id as id1_8_0_, loginban0_.ip as ip2_8_0_, loginban0_.time as time3_8_0_, loginban0_.user_id as user_id4_8_0_ from LoginBans loginban0_ where loginban0_.id=? lock in share mode
21:24:10.610 [main] DEBUG o.h.l.p.b.i.spaces.QuerySpacesImpl - Adding QuerySpace : uid = <gen:0> -> org.hibernate.loader.plan.build.internal.spaces.EntityQuerySpaceImpl@aa8a329]
21:24:10.610 [main] DEBUG o.h.p.w.spi.MetamodelGraphWalker - Visiting attribute path : ip
21:24:10.610 [main] DEBUG o.h.p.w.spi.MetamodelGraphWalker - Visiting attribute path : time
21:24:10.610 [main] DEBUG o.h.p.w.spi.MetamodelGraphWalker - Visiting attribute path : user
21:24:10.611 [main] DEBUG o.h.l.p.b.i.spaces.QuerySpacesImpl - Adding QuerySpace : uid = <gen:1> -> org.hibernate.loader.plan.build.internal.spaces.EntityQuerySpaceImpl@34c7c2f1]
21:24:10.611 [main] DEBUG o.h.l.p.b.i.FetchStyleLoadPlanBuildingAssociationVisitationStrategy - Building LoadPlan...
21:24:10.612 [main] DEBUG o.h.l.p.e.i.LoadQueryJoinAndFetchProcessor - processing queryspace <gen:0>
21:24:10.613 [main] DEBUG o.h.l.p.b.spi.LoadPlanTreePrinter - LoadPlan(entity=edu.ncsu.csc.itrust2.models.persistent.LoginBan)
    - Returns
       - EntityReturnImpl(entity=edu.ncsu.csc.itrust2.models.persistent.LoginBan, querySpaceUid=<gen:0>, path=edu.ncsu.csc.itrust2.models.persistent.LoginBan)
          - EntityAttributeFetchImpl(entity=edu.ncsu.csc.itrust2.models.persistent.User, querySpaceUid=<gen:1>, path=edu.ncsu.csc.itrust2.models.persistent.LoginBan.user)
    - QuerySpaces
       - EntityQuerySpaceImpl(uid=<gen:0>, entity=edu.ncsu.csc.itrust2.models.persistent.LoginBan)
          - SQL table alias mapping - loginban0_
          - alias suffix - 0_
          - suffixed key columns - {id1_8_0_}

21:24:10.615 [main] DEBUG o.h.loader.entity.plan.EntityLoader - Static select for entity edu.ncsu.csc.itrust2.models.persistent.LoginBan [PESSIMISTIC_WRITE]: select loginban0_.id as id1_8_0_, loginban0_.ip as ip2_8_0_, loginban0_.time as time3_8_0_, loginban0_.user_id as user_id4_8_0_ from LoginBans loginban0_ where loginban0_.id=? for update
21:24:10.615 [main] DEBUG o.h.l.p.b.i.spaces.QuerySpacesImpl - Adding QuerySpace : uid = <gen:0> -> org.hibernate.loader.plan.build.internal.spaces.EntityQuerySpaceImpl@1b39ffff]
21:24:10.616 [main] DEBUG o.h.p.w.spi.MetamodelGraphWalker - Visiting attribute path : ip
21:24:10.616 [main] DEBUG o.h.p.w.spi.MetamodelGraphWalker - Visiting attribute path : time
21:24:10.616 [main] DEBUG o.h.p.w.spi.MetamodelGraphWalker - Visiting attribute path : user
21:24:10.617 [main] DEBUG o.h.l.p.b.i.spaces.QuerySpacesImpl - Adding QuerySpace : uid = <gen:1> -> org.hibernate.loader.plan.build.internal.spaces.EntityQuerySpaceImpl@29e577a0]
21:24:10.618 [main] DEBUG o.h.l.p.b.i.FetchStyleLoadPlanBuildingAssociationVisitationStrategy - Building LoadPlan...
21:24:10.619 [main] DEBUG o.h.l.p.e.i.LoadQueryJoinAndFetchProcessor - processing queryspace <gen:0>
21:24:10.620 [main] DEBUG o.h.l.p.b.spi.LoadPlanTreePrinter - LoadPlan(entity=edu.ncsu.csc.itrust2.models.persistent.LoginBan)
    - Returns
       - EntityReturnImpl(entity=edu.ncsu.csc.itrust2.models.persistent.LoginBan, querySpaceUid=<gen:0>, path=edu.ncsu.csc.itrust2.models.persistent.LoginBan)
          - EntityAttributeFetchImpl(entity=edu.ncsu.csc.itrust2.models.persistent.User, querySpaceUid=<gen:1>, path=edu.ncsu.csc.itrust2.models.persistent.LoginBan.user)
    - QuerySpaces
       - EntityQuerySpaceImpl(uid=<gen:0>, entity=edu.ncsu.csc.itrust2.models.persistent.LoginBan)
          - SQL table alias mapping - loginban0_
          - alias suffix - 0_
          - suffixed key columns - {id1_8_0_}

21:24:10.621 [main] DEBUG o.h.loader.entity.plan.EntityLoader - Static select for entity edu.ncsu.csc.itrust2.models.persistent.LoginBan [PESSIMISTIC_FORCE_INCREMENT]: select loginban0_.id as id1_8_0_, loginban0_.ip as ip2_8_0_, loginban0_.time as time3_8_0_, loginban0_.user_id as user_id4_8_0_ from LoginBans loginban0_ where loginban0_.id=? for update
21:24:10.622 [main] DEBUG o.h.l.p.b.i.spaces.QuerySpacesImpl - Adding QuerySpace : uid = <gen:0> -> org.hibernate.loader.plan.build.internal.spaces.EntityQuerySpaceImpl@233ff827]
21:24:10.623 [main] DEBUG o.h.p.w.spi.MetamodelGraphWalker - Visiting attribute path : ip
21:24:10.623 [main] DEBUG o.h.p.w.spi.MetamodelGraphWalker - Visiting attribute path : time
21:24:10.623 [main] DEBUG o.h.p.w.spi.MetamodelGraphWalker - Visiting attribute path : user
21:24:10.624 [main] DEBUG o.h.l.p.b.i.spaces.QuerySpacesImpl - Adding QuerySpace : uid = <gen:1> -> org.hibernate.loader.plan.build.internal.spaces.EntityQuerySpaceImpl@1e312071]
21:24:10.625 [main] DEBUG o.h.l.p.b.i.FetchStyleLoadPlanBuildingAssociationVisitationStrategy - Building LoadPlan...
21:24:10.626 [main] DEBUG o.h.l.p.e.i.LoadQueryJoinAndFetchProcessor - processing queryspace <gen:0>
21:24:10.627 [main] DEBUG o.h.l.p.b.spi.LoadPlanTreePrinter - LoadPlan(entity=edu.ncsu.csc.itrust2.models.persistent.LoginBan)
    - Returns
       - EntityReturnImpl(entity=edu.ncsu.csc.itrust2.models.persistent.LoginBan, querySpaceUid=<gen:0>, path=edu.ncsu.csc.itrust2.models.persistent.LoginBan)
          - EntityAttributeFetchImpl(entity=edu.ncsu.csc.itrust2.models.persistent.User, querySpaceUid=<gen:1>, path=edu.ncsu.csc.itrust2.models.persistent.LoginBan.user)
    - QuerySpaces
       - EntityQuerySpaceImpl(uid=<gen:0>, entity=edu.ncsu.csc.itrust2.models.persistent.LoginBan)
          - SQL table alias mapping - loginban0_
          - alias suffix - 0_
          - suffixed key columns - {id1_8_0_}

21:24:10.629 [main] DEBUG o.h.loader.entity.plan.EntityLoader - Static select for entity edu.ncsu.csc.itrust2.models.persistent.LoginBan [OPTIMISTIC]: select loginban0_.id as id1_8_0_, loginban0_.ip as ip2_8_0_, loginban0_.time as time3_8_0_, loginban0_.user_id as user_id4_8_0_ from LoginBans loginban0_ where loginban0_.id=?
21:24:10.630 [main] DEBUG o.h.l.p.b.i.spaces.QuerySpacesImpl - Adding QuerySpace : uid = <gen:0> -> org.hibernate.loader.plan.build.internal.spaces.EntityQuerySpaceImpl@1ceb0c60]
21:24:10.631 [main] DEBUG o.h.p.w.spi.MetamodelGraphWalker - Visiting attribute path : ip
21:24:10.631 [main] DEBUG o.h.p.w.spi.MetamodelGraphWalker - Visiting attribute path : time
21:24:10.631 [main] DEBUG o.h.p.w.spi.MetamodelGraphWalker - Visiting attribute path : user
21:24:10.632 [main] DEBUG o.h.l.p.b.i.spaces.QuerySpacesImpl - Adding QuerySpace : uid = <gen:1> -> org.hibernate.loader.plan.build.internal.spaces.EntityQuerySpaceImpl@5e171446]
21:24:10.632 [main] DEBUG o.h.l.p.b.i.FetchStyleLoadPlanBuildingAssociationVisitationStrategy - Building LoadPlan...
21:24:10.633 [main] DEBUG o.h.l.p.e.i.LoadQueryJoinAndFetchProcessor - processing queryspace <gen:0>
21:24:10.634 [main] DEBUG o.h.l.p.b.spi.LoadPlanTreePrinter - LoadPlan(entity=edu.ncsu.csc.itrust2.models.persistent.LoginBan)
    - Returns
       - EntityReturnImpl(entity=edu.ncsu.csc.itrust2.models.persistent.LoginBan, querySpaceUid=<gen:0>, path=edu.ncsu.csc.itrust2.models.persistent.LoginBan)
          - EntityAttributeFetchImpl(entity=edu.ncsu.csc.itrust2.models.persistent.User, querySpaceUid=<gen:1>, path=edu.ncsu.csc.itrust2.models.persistent.LoginBan.user)
    - QuerySpaces
       - EntityQuerySpaceImpl(uid=<gen:0>, entity=edu.ncsu.csc.itrust2.models.persistent.LoginBan)
          - SQL table alias mapping - loginban0_
          - alias suffix - 0_
          - suffixed key columns - {id1_8_0_}

21:24:10.635 [main] DEBUG o.h.loader.entity.plan.EntityLoader - Static select for entity edu.ncsu.csc.itrust2.models.persistent.LoginBan [OPTIMISTIC_FORCE_INCREMENT]: select loginban0_.id as id1_8_0_, loginban0_.ip as ip2_8_0_, loginban0_.time as time3_8_0_, loginban0_.user_id as user_id4_8_0_ from LoginBans loginban0_ where loginban0_.id=?
21:24:10.636 [main] DEBUG org.hibernate.loader.Loader - Static select for action ACTION_MERGE on entity edu.ncsu.csc.itrust2.models.persistent.LoginBan: select loginban0_.id as id1_8_0_, loginban0_.ip as ip2_8_0_, loginban0_.time as time3_8_0_, loginban0_.user_id as user_id4_8_0_ from LoginBans loginban0_ where loginban0_.id=?
21:24:10.637 [main] DEBUG org.hibernate.loader.Loader - Static select for action ACTION_REFRESH on entity edu.ncsu.csc.itrust2.models.persistent.LoginBan: select loginban0_.id as id1_8_0_, loginban0_.ip as ip2_8_0_, loginban0_.time as time3_8_0_, loginban0_.user_id as user_id4_8_0_ from LoginBans loginban0_ where loginban0_.id=?
21:24:10.639 [main] DEBUG o.h.p.entity.AbstractEntityPersister - Static SQL for entity: edu.ncsu.csc.itrust2.models.persistent.LogEntry
21:24:10.640 [main] DEBUG o.h.p.entity.AbstractEntityPersister -  Version select: select id from LogEntries where id =?
21:24:10.640 [main] DEBUG o.h.p.entity.AbstractEntityPersister -  Snapshot select: select logentry_.id, logentry_.logCode as logCode2_6_, logentry_.message as message3_6_, logentry_.primaryUser as primaryU4_6_, logentry_.secondaryUser as secondar5_6_, logentry_.time as time6_6_ from LogEntries logentry_ where logentry_.id=?
21:24:10.640 [main] DEBUG o.h.p.entity.AbstractEntityPersister -  Insert 0: insert into LogEntries (logCode, message, primaryUser, secondaryUser, time, id) values (?, ?, ?, ?, ?, ?)
21:24:10.641 [main] DEBUG o.h.p.entity.AbstractEntityPersister -  Update 0: update LogEntries set logCode=?, message=?, primaryUser=?, secondaryUser=?, time=? where id=?
21:24:10.641 [main] DEBUG o.h.p.entity.AbstractEntityPersister -  Delete 0: delete from LogEntries where id=?
21:24:10.641 [main] DEBUG o.h.l.p.b.i.spaces.QuerySpacesImpl - Adding QuerySpace : uid = <gen:0> -> org.hibernate.loader.plan.build.internal.spaces.EntityQuerySpaceImpl@49b2855d]
21:24:10.642 [main] DEBUG o.h.p.w.spi.MetamodelGraphWalker - Visiting attribute path : logCode
21:24:10.642 [main] DEBUG o.h.p.w.spi.MetamodelGraphWalker - Visiting attribute path : message
21:24:10.642 [main] DEBUG o.h.p.w.spi.MetamodelGraphWalker - Visiting attribute path : primaryUser
21:24:10.643 [main] DEBUG o.h.p.w.spi.MetamodelGraphWalker - Visiting attribute path : secondaryUser
21:24:10.643 [main] DEBUG o.h.p.w.spi.MetamodelGraphWalker - Visiting attribute path : time
21:24:10.643 [main] DEBUG o.h.l.p.b.i.FetchStyleLoadPlanBuildingAssociationVisitationStrategy - Building LoadPlan...
21:24:10.644 [main] DEBUG o.h.l.p.e.i.LoadQueryJoinAndFetchProcessor - processing queryspace <gen:0>
21:24:10.644 [main] DEBUG o.h.l.p.b.spi.LoadPlanTreePrinter - LoadPlan(entity=edu.ncsu.csc.itrust2.models.persistent.LogEntry)
    - Returns
       - EntityReturnImpl(entity=edu.ncsu.csc.itrust2.models.persistent.LogEntry, querySpaceUid=<gen:0>, path=edu.ncsu.csc.itrust2.models.persistent.LogEntry)
    - QuerySpaces
       - EntityQuerySpaceImpl(uid=<gen:0>, entity=edu.ncsu.csc.itrust2.models.persistent.LogEntry)
          - SQL table alias mapping - logentry0_
          - alias suffix - 0_
          - suffixed key columns - {id1_6_0_}

21:24:10.644 [main] DEBUG o.h.loader.entity.plan.EntityLoader - Static select for entity edu.ncsu.csc.itrust2.models.persistent.LogEntry [NONE]: select logentry0_.id as id1_6_0_, logentry0_.logCode as logCode2_6_0_, logentry0_.message as message3_6_0_, logentry0_.primaryUser as primaryU4_6_0_, logentry0_.secondaryUser as secondar5_6_0_, logentry0_.time as time6_6_0_ from LogEntries logentry0_ where logentry0_.id=?
21:24:10.645 [main] DEBUG o.h.l.p.b.i.spaces.QuerySpacesImpl - Adding QuerySpace : uid = <gen:0> -> org.hibernate.loader.plan.build.internal.spaces.EntityQuerySpaceImpl@436a953]
21:24:10.645 [main] DEBUG o.h.p.w.spi.MetamodelGraphWalker - Visiting attribute path : logCode
21:24:10.645 [main] DEBUG o.h.p.w.spi.MetamodelGraphWalker - Visiting attribute path : message
21:24:10.645 [main] DEBUG o.h.p.w.spi.MetamodelGraphWalker - Visiting attribute path : primaryUser
21:24:10.646 [main] DEBUG o.h.p.w.spi.MetamodelGraphWalker - Visiting attribute path : secondaryUser
21:24:10.646 [main] DEBUG o.h.p.w.spi.MetamodelGraphWalker - Visiting attribute path : time
21:24:10.646 [main] DEBUG o.h.l.p.b.i.FetchStyleLoadPlanBuildingAssociationVisitationStrategy - Building LoadPlan...
21:24:10.647 [main] DEBUG o.h.l.p.e.i.LoadQueryJoinAndFetchProcessor - processing queryspace <gen:0>
21:24:10.647 [main] DEBUG o.h.l.p.b.spi.LoadPlanTreePrinter - LoadPlan(entity=edu.ncsu.csc.itrust2.models.persistent.LogEntry)
    - Returns
       - EntityReturnImpl(entity=edu.ncsu.csc.itrust2.models.persistent.LogEntry, querySpaceUid=<gen:0>, path=edu.ncsu.csc.itrust2.models.persistent.LogEntry)
    - QuerySpaces
       - EntityQuerySpaceImpl(uid=<gen:0>, entity=edu.ncsu.csc.itrust2.models.persistent.LogEntry)
          - SQL table alias mapping - logentry0_
          - alias suffix - 0_
          - suffixed key columns - {id1_6_0_}

21:24:10.648 [main] DEBUG o.h.loader.entity.plan.EntityLoader - Static select for entity edu.ncsu.csc.itrust2.models.persistent.LogEntry [READ]: select logentry0_.id as id1_6_0_, logentry0_.logCode as logCode2_6_0_, logentry0_.message as message3_6_0_, logentry0_.primaryUser as primaryU4_6_0_, logentry0_.secondaryUser as secondar5_6_0_, logentry0_.time as time6_6_0_ from LogEntries logentry0_ where logentry0_.id=?
21:24:10.651 [main] DEBUG o.h.l.p.b.i.spaces.QuerySpacesImpl - Adding QuerySpace : uid = <gen:0> -> org.hibernate.loader.plan.build.internal.spaces.EntityQuerySpaceImpl@3fa0d1cb]
21:24:10.651 [main] DEBUG o.h.p.w.spi.MetamodelGraphWalker - Visiting attribute path : logCode
21:24:10.653 [main] DEBUG o.h.p.w.spi.MetamodelGraphWalker - Visiting attribute path : message
21:24:10.654 [main] DEBUG o.h.p.w.spi.MetamodelGraphWalker - Visiting attribute path : primaryUser
21:24:10.654 [main] DEBUG o.h.p.w.spi.MetamodelGraphWalker - Visiting attribute path : secondaryUser
21:24:10.654 [main] DEBUG o.h.p.w.spi.MetamodelGraphWalker - Visiting attribute path : time
21:24:10.654 [main] DEBUG o.h.l.p.b.i.FetchStyleLoadPlanBuildingAssociationVisitationStrategy - Building LoadPlan...
21:24:10.655 [main] DEBUG o.h.l.p.e.i.LoadQueryJoinAndFetchProcessor - processing queryspace <gen:0>
21:24:10.655 [main] DEBUG o.h.l.p.b.spi.LoadPlanTreePrinter - LoadPlan(entity=edu.ncsu.csc.itrust2.models.persistent.LogEntry)
    - Returns
       - EntityReturnImpl(entity=edu.ncsu.csc.itrust2.models.persistent.LogEntry, querySpaceUid=<gen:0>, path=edu.ncsu.csc.itrust2.models.persistent.LogEntry)
    - QuerySpaces
       - EntityQuerySpaceImpl(uid=<gen:0>, entity=edu.ncsu.csc.itrust2.models.persistent.LogEntry)
          - SQL table alias mapping - logentry0_
          - alias suffix - 0_
          - suffixed key columns - {id1_6_0_}

21:24:10.656 [main] DEBUG o.h.loader.entity.plan.EntityLoader - Static select for entity edu.ncsu.csc.itrust2.models.persistent.LogEntry [UPGRADE]: select logentry0_.id as id1_6_0_, logentry0_.logCode as logCode2_6_0_, logentry0_.message as message3_6_0_, logentry0_.primaryUser as primaryU4_6_0_, logentry0_.secondaryUser as secondar5_6_0_, logentry0_.time as time6_6_0_ from LogEntries logentry0_ where logentry0_.id=? for update
21:24:10.656 [main] DEBUG o.h.l.p.b.i.spaces.QuerySpacesImpl - Adding QuerySpace : uid = <gen:0> -> org.hibernate.loader.plan.build.internal.spaces.EntityQuerySpaceImpl@732e9d36]
21:24:10.656 [main] DEBUG o.h.p.w.spi.MetamodelGraphWalker - Visiting attribute path : logCode
21:24:10.657 [main] DEBUG o.h.p.w.spi.MetamodelGraphWalker - Visiting attribute path : message
21:24:10.657 [main] DEBUG o.h.p.w.spi.MetamodelGraphWalker - Visiting attribute path : primaryUser
21:24:10.657 [main] DEBUG o.h.p.w.spi.MetamodelGraphWalker - Visiting attribute path : secondaryUser
21:24:10.657 [main] DEBUG o.h.p.w.spi.MetamodelGraphWalker - Visiting attribute path : time
21:24:10.658 [main] DEBUG o.h.l.p.b.i.FetchStyleLoadPlanBuildingAssociationVisitationStrategy - Building LoadPlan...
21:24:10.658 [main] DEBUG o.h.l.p.e.i.LoadQueryJoinAndFetchProcessor - processing queryspace <gen:0>
21:24:10.659 [main] DEBUG o.h.l.p.b.spi.LoadPlanTreePrinter - LoadPlan(entity=edu.ncsu.csc.itrust2.models.persistent.LogEntry)
    - Returns
       - EntityReturnImpl(entity=edu.ncsu.csc.itrust2.models.persistent.LogEntry, querySpaceUid=<gen:0>, path=edu.ncsu.csc.itrust2.models.persistent.LogEntry)
    - QuerySpaces
       - EntityQuerySpaceImpl(uid=<gen:0>, entity=edu.ncsu.csc.itrust2.models.persistent.LogEntry)
          - SQL table alias mapping - logentry0_
          - alias suffix - 0_
          - suffixed key columns - {id1_6_0_}

21:24:10.659 [main] DEBUG o.h.loader.entity.plan.EntityLoader - Static select for entity edu.ncsu.csc.itrust2.models.persistent.LogEntry [UPGRADE_NOWAIT]: select logentry0_.id as id1_6_0_, logentry0_.logCode as logCode2_6_0_, logentry0_.message as message3_6_0_, logentry0_.primaryUser as primaryU4_6_0_, logentry0_.secondaryUser as secondar5_6_0_, logentry0_.time as time6_6_0_ from LogEntries logentry0_ where logentry0_.id=? for update
21:24:10.662 [main] DEBUG o.h.l.p.b.i.spaces.QuerySpacesImpl - Adding QuerySpace : uid = <gen:0> -> org.hibernate.loader.plan.build.internal.spaces.EntityQuerySpaceImpl@152833e]
21:24:10.662 [main] DEBUG o.h.p.w.spi.MetamodelGraphWalker - Visiting attribute path : logCode
21:24:10.662 [main] DEBUG o.h.p.w.spi.MetamodelGraphWalker - Visiting attribute path : message
21:24:10.663 [main] DEBUG o.h.p.w.spi.MetamodelGraphWalker - Visiting attribute path : primaryUser
21:24:10.663 [main] DEBUG o.h.p.w.spi.MetamodelGraphWalker - Visiting attribute path : secondaryUser
21:24:10.663 [main] DEBUG o.h.p.w.spi.MetamodelGraphWalker - Visiting attribute path : time
21:24:10.663 [main] DEBUG o.h.l.p.b.i.FetchStyleLoadPlanBuildingAssociationVisitationStrategy - Building LoadPlan...
21:24:10.664 [main] DEBUG o.h.l.p.e.i.LoadQueryJoinAndFetchProcessor - processing queryspace <gen:0>
21:24:10.665 [main] DEBUG o.h.l.p.b.spi.LoadPlanTreePrinter - LoadPlan(entity=edu.ncsu.csc.itrust2.models.persistent.LogEntry)
    - Returns
       - EntityReturnImpl(entity=edu.ncsu.csc.itrust2.models.persistent.LogEntry, querySpaceUid=<gen:0>, path=edu.ncsu.csc.itrust2.models.persistent.LogEntry)
    - QuerySpaces
       - EntityQuerySpaceImpl(uid=<gen:0>, entity=edu.ncsu.csc.itrust2.models.persistent.LogEntry)
          - SQL table alias mapping - logentry0_
          - alias suffix - 0_
          - suffixed key columns - {id1_6_0_}

21:24:10.665 [main] DEBUG o.h.loader.entity.plan.EntityLoader - Static select for entity edu.ncsu.csc.itrust2.models.persistent.LogEntry [UPGRADE_SKIPLOCKED]: select logentry0_.id as id1_6_0_, logentry0_.logCode as logCode2_6_0_, logentry0_.message as message3_6_0_, logentry0_.primaryUser as primaryU4_6_0_, logentry0_.secondaryUser as secondar5_6_0_, logentry0_.time as time6_6_0_ from LogEntries logentry0_ where logentry0_.id=? for update
21:24:10.666 [main] DEBUG o.h.l.p.b.i.spaces.QuerySpacesImpl - Adding QuerySpace : uid = <gen:0> -> org.hibernate.loader.plan.build.internal.spaces.EntityQuerySpaceImpl@5aed59aa]
21:24:10.666 [main] DEBUG o.h.p.w.spi.MetamodelGraphWalker - Visiting attribute path : logCode
21:24:10.666 [main] DEBUG o.h.p.w.spi.MetamodelGraphWalker - Visiting attribute path : message
21:24:10.666 [main] DEBUG o.h.p.w.spi.MetamodelGraphWalker - Visiting attribute path : primaryUser
21:24:10.667 [main] DEBUG o.h.p.w.spi.MetamodelGraphWalker - Visiting attribute path : secondaryUser
21:24:10.667 [main] DEBUG o.h.p.w.spi.MetamodelGraphWalker - Visiting attribute path : time
21:24:10.667 [main] DEBUG o.h.l.p.b.i.FetchStyleLoadPlanBuildingAssociationVisitationStrategy - Building LoadPlan...
21:24:10.668 [main] DEBUG o.h.l.p.e.i.LoadQueryJoinAndFetchProcessor - processing queryspace <gen:0>
21:24:10.669 [main] DEBUG o.h.l.p.b.spi.LoadPlanTreePrinter - LoadPlan(entity=edu.ncsu.csc.itrust2.models.persistent.LogEntry)
    - Returns
       - EntityReturnImpl(entity=edu.ncsu.csc.itrust2.models.persistent.LogEntry, querySpaceUid=<gen:0>, path=edu.ncsu.csc.itrust2.models.persistent.LogEntry)
    - QuerySpaces
       - EntityQuerySpaceImpl(uid=<gen:0>, entity=edu.ncsu.csc.itrust2.models.persistent.LogEntry)
          - SQL table alias mapping - logentry0_
          - alias suffix - 0_
          - suffixed key columns - {id1_6_0_}

21:24:10.669 [main] DEBUG o.h.loader.entity.plan.EntityLoader - Static select for entity edu.ncsu.csc.itrust2.models.persistent.LogEntry [FORCE]: select logentry0_.id as id1_6_0_, logentry0_.logCode as logCode2_6_0_, logentry0_.message as message3_6_0_, logentry0_.primaryUser as primaryU4_6_0_, logentry0_.secondaryUser as secondar5_6_0_, logentry0_.time as time6_6_0_ from LogEntries logentry0_ where logentry0_.id=? for update
21:24:10.670 [main] DEBUG o.h.l.p.b.i.spaces.QuerySpacesImpl - Adding QuerySpace : uid = <gen:0> -> org.hibernate.loader.plan.build.internal.spaces.EntityQuerySpaceImpl@5efc3e29]
21:24:10.670 [main] DEBUG o.h.p.w.spi.MetamodelGraphWalker - Visiting attribute path : logCode
21:24:10.670 [main] DEBUG o.h.p.w.spi.MetamodelGraphWalker - Visiting attribute path : message
21:24:10.671 [main] DEBUG o.h.p.w.spi.MetamodelGraphWalker - Visiting attribute path : primaryUser
21:24:10.671 [main] DEBUG o.h.p.w.spi.MetamodelGraphWalker - Visiting attribute path : secondaryUser
21:24:10.671 [main] DEBUG o.h.p.w.spi.MetamodelGraphWalker - Visiting attribute path : time
21:24:10.671 [main] DEBUG o.h.l.p.b.i.FetchStyleLoadPlanBuildingAssociationVisitationStrategy - Building LoadPlan...
21:24:10.672 [main] DEBUG o.h.l.p.e.i.LoadQueryJoinAndFetchProcessor - processing queryspace <gen:0>
21:24:10.673 [main] DEBUG o.h.l.p.b.spi.LoadPlanTreePrinter - LoadPlan(entity=edu.ncsu.csc.itrust2.models.persistent.LogEntry)
    - Returns
       - EntityReturnImpl(entity=edu.ncsu.csc.itrust2.models.persistent.LogEntry, querySpaceUid=<gen:0>, path=edu.ncsu.csc.itrust2.models.persistent.LogEntry)
    - QuerySpaces
       - EntityQuerySpaceImpl(uid=<gen:0>, entity=edu.ncsu.csc.itrust2.models.persistent.LogEntry)
          - SQL table alias mapping - logentry0_
          - alias suffix - 0_
          - suffixed key columns - {id1_6_0_}

21:24:10.674 [main] DEBUG o.h.loader.entity.plan.EntityLoader - Static select for entity edu.ncsu.csc.itrust2.models.persistent.LogEntry [PESSIMISTIC_READ]: select logentry0_.id as id1_6_0_, logentry0_.logCode as logCode2_6_0_, logentry0_.message as message3_6_0_, logentry0_.primaryUser as primaryU4_6_0_, logentry0_.secondaryUser as secondar5_6_0_, logentry0_.time as time6_6_0_ from LogEntries logentry0_ where logentry0_.id=? lock in share mode
21:24:10.675 [main] DEBUG o.h.l.p.b.i.spaces.QuerySpacesImpl - Adding QuerySpace : uid = <gen:0> -> org.hibernate.loader.plan.build.internal.spaces.EntityQuerySpaceImpl@5e31e41d]
21:24:10.675 [main] DEBUG o.h.p.w.spi.MetamodelGraphWalker - Visiting attribute path : logCode
21:24:10.675 [main] DEBUG o.h.p.w.spi.MetamodelGraphWalker - Visiting attribute path : message
21:24:10.676 [main] DEBUG o.h.p.w.spi.MetamodelGraphWalker - Visiting attribute path : primaryUser
21:24:10.676 [main] DEBUG o.h.p.w.spi.MetamodelGraphWalker - Visiting attribute path : secondaryUser
21:24:10.676 [main] DEBUG o.h.p.w.spi.MetamodelGraphWalker - Visiting attribute path : time
21:24:10.676 [main] DEBUG o.h.l.p.b.i.FetchStyleLoadPlanBuildingAssociationVisitationStrategy - Building LoadPlan...
21:24:10.677 [main] DEBUG o.h.l.p.e.i.LoadQueryJoinAndFetchProcessor - processing queryspace <gen:0>
21:24:10.677 [main] DEBUG o.h.l.p.b.spi.LoadPlanTreePrinter - LoadPlan(entity=edu.ncsu.csc.itrust2.models.persistent.LogEntry)
    - Returns
       - EntityReturnImpl(entity=edu.ncsu.csc.itrust2.models.persistent.LogEntry, querySpaceUid=<gen:0>, path=edu.ncsu.csc.itrust2.models.persistent.LogEntry)
    - QuerySpaces
       - EntityQuerySpaceImpl(uid=<gen:0>, entity=edu.ncsu.csc.itrust2.models.persistent.LogEntry)
          - SQL table alias mapping - logentry0_
          - alias suffix - 0_
          - suffixed key columns - {id1_6_0_}

21:24:10.678 [main] DEBUG o.h.loader.entity.plan.EntityLoader - Static select for entity edu.ncsu.csc.itrust2.models.persistent.LogEntry [PESSIMISTIC_WRITE]: select logentry0_.id as id1_6_0_, logentry0_.logCode as logCode2_6_0_, logentry0_.message as message3_6_0_, logentry0_.primaryUser as primaryU4_6_0_, logentry0_.secondaryUser as secondar5_6_0_, logentry0_.time as time6_6_0_ from LogEntries logentry0_ where logentry0_.id=? for update
21:24:10.679 [main] DEBUG o.h.l.p.b.i.spaces.QuerySpacesImpl - Adding QuerySpace : uid = <gen:0> -> org.hibernate.loader.plan.build.internal.spaces.EntityQuerySpaceImpl@3a02c1ad]
21:24:10.679 [main] DEBUG o.h.p.w.spi.MetamodelGraphWalker - Visiting attribute path : logCode
21:24:10.680 [main] DEBUG o.h.p.w.spi.MetamodelGraphWalker - Visiting attribute path : message
21:24:10.680 [main] DEBUG o.h.p.w.spi.MetamodelGraphWalker - Visiting attribute path : primaryUser
21:24:10.680 [main] DEBUG o.h.p.w.spi.MetamodelGraphWalker - Visiting attribute path : secondaryUser
21:24:10.680 [main] DEBUG o.h.p.w.spi.MetamodelGraphWalker - Visiting attribute path : time
21:24:10.681 [main] DEBUG o.h.l.p.b.i.FetchStyleLoadPlanBuildingAssociationVisitationStrategy - Building LoadPlan...
21:24:10.683 [main] DEBUG o.h.l.p.e.i.LoadQueryJoinAndFetchProcessor - processing queryspace <gen:0>
21:24:10.684 [main] DEBUG o.h.l.p.b.spi.LoadPlanTreePrinter - LoadPlan(entity=edu.ncsu.csc.itrust2.models.persistent.LogEntry)
    - Returns
       - EntityReturnImpl(entity=edu.ncsu.csc.itrust2.models.persistent.LogEntry, querySpaceUid=<gen:0>, path=edu.ncsu.csc.itrust2.models.persistent.LogEntry)
    - QuerySpaces
       - EntityQuerySpaceImpl(uid=<gen:0>, entity=edu.ncsu.csc.itrust2.models.persistent.LogEntry)
          - SQL table alias mapping - logentry0_
          - alias suffix - 0_
          - suffixed key columns - {id1_6_0_}

21:24:10.684 [main] DEBUG o.h.loader.entity.plan.EntityLoader - Static select for entity edu.ncsu.csc.itrust2.models.persistent.LogEntry [PESSIMISTIC_FORCE_INCREMENT]: select logentry0_.id as id1_6_0_, logentry0_.logCode as logCode2_6_0_, logentry0_.message as message3_6_0_, logentry0_.primaryUser as primaryU4_6_0_, logentry0_.secondaryUser as secondar5_6_0_, logentry0_.time as time6_6_0_ from LogEntries logentry0_ where logentry0_.id=? for update
21:24:10.684 [main] DEBUG o.h.l.p.b.i.spaces.QuerySpacesImpl - Adding QuerySpace : uid = <gen:0> -> org.hibernate.loader.plan.build.internal.spaces.EntityQuerySpaceImpl@b80e25e]
21:24:10.685 [main] DEBUG o.h.p.w.spi.MetamodelGraphWalker - Visiting attribute path : logCode
21:24:10.685 [main] DEBUG o.h.p.w.spi.MetamodelGraphWalker - Visiting attribute path : message
21:24:10.685 [main] DEBUG o.h.p.w.spi.MetamodelGraphWalker - Visiting attribute path : primaryUser
21:24:10.686 [main] DEBUG o.h.p.w.spi.MetamodelGraphWalker - Visiting attribute path : secondaryUser
21:24:10.686 [main] DEBUG o.h.p.w.spi.MetamodelGraphWalker - Visiting attribute path : time
21:24:10.686 [main] DEBUG o.h.l.p.b.i.FetchStyleLoadPlanBuildingAssociationVisitationStrategy - Building LoadPlan...
21:24:10.688 [main] DEBUG o.h.l.p.e.i.LoadQueryJoinAndFetchProcessor - processing queryspace <gen:0>
21:24:10.689 [main] DEBUG o.h.l.p.b.spi.LoadPlanTreePrinter - LoadPlan(entity=edu.ncsu.csc.itrust2.models.persistent.LogEntry)
    - Returns
       - EntityReturnImpl(entity=edu.ncsu.csc.itrust2.models.persistent.LogEntry, querySpaceUid=<gen:0>, path=edu.ncsu.csc.itrust2.models.persistent.LogEntry)
    - QuerySpaces
       - EntityQuerySpaceImpl(uid=<gen:0>, entity=edu.ncsu.csc.itrust2.models.persistent.LogEntry)
          - SQL table alias mapping - logentry0_
          - alias suffix - 0_
          - suffixed key columns - {id1_6_0_}

21:24:10.689 [main] DEBUG o.h.loader.entity.plan.EntityLoader - Static select for entity edu.ncsu.csc.itrust2.models.persistent.LogEntry [OPTIMISTIC]: select logentry0_.id as id1_6_0_, logentry0_.logCode as logCode2_6_0_, logentry0_.message as message3_6_0_, logentry0_.primaryUser as primaryU4_6_0_, logentry0_.secondaryUser as secondar5_6_0_, logentry0_.time as time6_6_0_ from LogEntries logentry0_ where logentry0_.id=?
21:24:10.690 [main] DEBUG o.h.l.p.b.i.spaces.QuerySpacesImpl - Adding QuerySpace : uid = <gen:0> -> org.hibernate.loader.plan.build.internal.spaces.EntityQuerySpaceImpl@27412c88]
21:24:10.690 [main] DEBUG o.h.p.w.spi.MetamodelGraphWalker - Visiting attribute path : logCode
21:24:10.691 [main] DEBUG o.h.p.w.spi.MetamodelGraphWalker - Visiting attribute path : message
21:24:10.691 [main] DEBUG o.h.p.w.spi.MetamodelGraphWalker - Visiting attribute path : primaryUser
21:24:10.691 [main] DEBUG o.h.p.w.spi.MetamodelGraphWalker - Visiting attribute path : secondaryUser
21:24:10.691 [main] DEBUG o.h.p.w.spi.MetamodelGraphWalker - Visiting attribute path : time
21:24:10.692 [main] DEBUG o.h.l.p.b.i.FetchStyleLoadPlanBuildingAssociationVisitationStrategy - Building LoadPlan...
21:24:10.693 [main] DEBUG o.h.l.p.e.i.LoadQueryJoinAndFetchProcessor - processing queryspace <gen:0>
21:24:10.694 [main] DEBUG o.h.l.p.b.spi.LoadPlanTreePrinter - LoadPlan(entity=edu.ncsu.csc.itrust2.models.persistent.LogEntry)
    - Returns
       - EntityReturnImpl(entity=edu.ncsu.csc.itrust2.models.persistent.LogEntry, querySpaceUid=<gen:0>, path=edu.ncsu.csc.itrust2.models.persistent.LogEntry)
    - QuerySpaces
       - EntityQuerySpaceImpl(uid=<gen:0>, entity=edu.ncsu.csc.itrust2.models.persistent.LogEntry)
          - SQL table alias mapping - logentry0_
          - alias suffix - 0_
          - suffixed key columns - {id1_6_0_}

21:24:10.694 [main] DEBUG o.h.loader.entity.plan.EntityLoader - Static select for entity edu.ncsu.csc.itrust2.models.persistent.LogEntry [OPTIMISTIC_FORCE_INCREMENT]: select logentry0_.id as id1_6_0_, logentry0_.logCode as logCode2_6_0_, logentry0_.message as message3_6_0_, logentry0_.primaryUser as primaryU4_6_0_, logentry0_.secondaryUser as secondar5_6_0_, logentry0_.time as time6_6_0_ from LogEntries logentry0_ where logentry0_.id=?
21:24:10.695 [main] DEBUG org.hibernate.loader.Loader - Static select for action ACTION_MERGE on entity edu.ncsu.csc.itrust2.models.persistent.LogEntry: select logentry0_.id as id1_6_0_, logentry0_.logCode as logCode2_6_0_, logentry0_.message as message3_6_0_, logentry0_.primaryUser as primaryU4_6_0_, logentry0_.secondaryUser as secondar5_6_0_, logentry0_.time as time6_6_0_ from LogEntries logentry0_ where logentry0_.id=?
21:24:10.696 [main] DEBUG org.hibernate.loader.Loader - Static select for action ACTION_REFRESH on entity edu.ncsu.csc.itrust2.models.persistent.LogEntry: select logentry0_.id as id1_6_0_, logentry0_.logCode as logCode2_6_0_, logentry0_.message as message3_6_0_, logentry0_.primaryUser as primaryU4_6_0_, logentry0_.secondaryUser as secondar5_6_0_, logentry0_.time as time6_6_0_ from LogEntries logentry0_ where logentry0_.id=?
21:24:10.697 [main] DEBUG o.h.p.entity.AbstractEntityPersister - Static SQL for entity: edu.ncsu.csc.itrust2.models.persistent.LoginLockout
21:24:10.698 [main] DEBUG o.h.p.entity.AbstractEntityPersister -  Version select: select id from LoginLockouts where id =?
21:24:10.698 [main] DEBUG o.h.p.entity.AbstractEntityPersister -  Snapshot select: select loginlocko_.id, loginlocko_.ip as ip2_9_, loginlocko_.time as time3_9_, loginlocko_.user_id as user_id4_9_ from LoginLockouts loginlocko_ where loginlocko_.id=?
21:24:10.698 [main] DEBUG o.h.p.entity.AbstractEntityPersister -  Insert 0: insert into LoginLockouts (ip, time, user_id, id) values (?, ?, ?, ?)
21:24:10.698 [main] DEBUG o.h.p.entity.AbstractEntityPersister -  Update 0: update LoginLockouts set ip=?, time=?, user_id=? where id=?
21:24:10.699 [main] DEBUG o.h.p.entity.AbstractEntityPersister -  Delete 0: delete from LoginLockouts where id=?
21:24:10.700 [main] DEBUG o.h.l.p.b.i.spaces.QuerySpacesImpl - Adding QuerySpace : uid = <gen:0> -> org.hibernate.loader.plan.build.internal.spaces.EntityQuerySpaceImpl@76e28b38]
21:24:10.700 [main] DEBUG o.h.p.w.spi.MetamodelGraphWalker - Visiting attribute path : ip
21:24:10.701 [main] DEBUG o.h.p.w.spi.MetamodelGraphWalker - Visiting attribute path : time
21:24:10.702 [main] DEBUG o.h.p.w.spi.MetamodelGraphWalker - Visiting attribute path : user
21:24:10.702 [main] DEBUG o.h.l.p.b.i.spaces.QuerySpacesImpl - Adding QuerySpace : uid = <gen:1> -> org.hibernate.loader.plan.build.internal.spaces.EntityQuerySpaceImpl@47cb7753]
21:24:10.703 [main] DEBUG o.h.p.w.spi.MetamodelGraphWalker - Visiting attribute path : user.enabled
21:24:10.703 [main] DEBUG o.h.p.w.spi.MetamodelGraphWalker - Visiting attribute path : user.password
21:24:10.703 [main] DEBUG o.h.p.w.spi.MetamodelGraphWalker - Visiting attribute path : user.role
21:24:10.704 [main] DEBUG o.h.l.p.b.i.FetchStyleLoadPlanBuildingAssociationVisitationStrategy - Building LoadPlan...
21:24:10.704 [main] DEBUG o.h.l.p.e.i.LoadQueryJoinAndFetchProcessor - processing queryspace <gen:0>
21:24:10.705 [main] DEBUG o.h.l.p.b.spi.LoadPlanTreePrinter - LoadPlan(entity=edu.ncsu.csc.itrust2.models.persistent.LoginLockout)
    - Returns
       - EntityReturnImpl(entity=edu.ncsu.csc.itrust2.models.persistent.LoginLockout, querySpaceUid=<gen:0>, path=edu.ncsu.csc.itrust2.models.persistent.LoginLockout)
          - EntityAttributeFetchImpl(entity=edu.ncsu.csc.itrust2.models.persistent.User, querySpaceUid=<gen:1>, path=edu.ncsu.csc.itrust2.models.persistent.LoginLockout.user)
    - QuerySpaces
       - EntityQuerySpaceImpl(uid=<gen:0>, entity=edu.ncsu.csc.itrust2.models.persistent.LoginLockout)
          - SQL table alias mapping - loginlocko0_
          - alias suffix - 0_
          - suffixed key columns - {id1_9_0_}
          - JOIN (JoinDefinedByMetadata(user)) : <gen:0> -> <gen:1>
             - EntityQuerySpaceImpl(uid=<gen:1>, entity=edu.ncsu.csc.itrust2.models.persistent.User)
                - SQL table alias mapping - user1_
                - alias suffix - 1_
                - suffixed key columns - {username1_15_1_}

21:24:10.706 [main] DEBUG o.h.loader.entity.plan.EntityLoader - Static select for entity edu.ncsu.csc.itrust2.models.persistent.LoginLockout [NONE]: select loginlocko0_.id as id1_9_0_, loginlocko0_.ip as ip2_9_0_, loginlocko0_.time as time3_9_0_, loginlocko0_.user_id as user_id4_9_0_, user1_.username as username1_15_1_, user1_.enabled as enabled2_15_1_, user1_.password as password3_15_1_, user1_.role as role4_15_1_ from LoginLockouts loginlocko0_ left outer join Users user1_ on loginlocko0_.user_id=user1_.username where loginlocko0_.id=?
21:24:10.706 [main] DEBUG o.h.l.p.b.i.spaces.QuerySpacesImpl - Adding QuerySpace : uid = <gen:0> -> org.hibernate.loader.plan.build.internal.spaces.EntityQuerySpaceImpl@3fd5159f]
21:24:10.707 [main] DEBUG o.h.p.w.spi.MetamodelGraphWalker - Visiting attribute path : ip
21:24:10.707 [main] DEBUG o.h.p.w.spi.MetamodelGraphWalker - Visiting attribute path : time
21:24:10.707 [main] DEBUG o.h.p.w.spi.MetamodelGraphWalker - Visiting attribute path : user
21:24:10.708 [main] DEBUG o.h.l.p.b.i.spaces.QuerySpacesImpl - Adding QuerySpace : uid = <gen:1> -> org.hibernate.loader.plan.build.internal.spaces.EntityQuerySpaceImpl@4b8c91e1]
21:24:10.708 [main] DEBUG o.h.p.w.spi.MetamodelGraphWalker - Visiting attribute path : user.enabled
21:24:10.708 [main] DEBUG o.h.p.w.spi.MetamodelGraphWalker - Visiting attribute path : user.password
21:24:10.708 [main] DEBUG o.h.p.w.spi.MetamodelGraphWalker - Visiting attribute path : user.role
21:24:10.709 [main] DEBUG o.h.l.p.b.i.FetchStyleLoadPlanBuildingAssociationVisitationStrategy - Building LoadPlan...
21:24:10.709 [main] DEBUG o.h.l.p.e.i.LoadQueryJoinAndFetchProcessor - processing queryspace <gen:0>
21:24:10.711 [main] DEBUG o.h.l.p.b.spi.LoadPlanTreePrinter - LoadPlan(entity=edu.ncsu.csc.itrust2.models.persistent.LoginLockout)
    - Returns
       - EntityReturnImpl(entity=edu.ncsu.csc.itrust2.models.persistent.LoginLockout, querySpaceUid=<gen:0>, path=edu.ncsu.csc.itrust2.models.persistent.LoginLockout)
          - EntityAttributeFetchImpl(entity=edu.ncsu.csc.itrust2.models.persistent.User, querySpaceUid=<gen:1>, path=edu.ncsu.csc.itrust2.models.persistent.LoginLockout.user)
    - QuerySpaces
       - EntityQuerySpaceImpl(uid=<gen:0>, entity=edu.ncsu.csc.itrust2.models.persistent.LoginLockout)
          - SQL table alias mapping - loginlocko0_
          - alias suffix - 0_
          - suffixed key columns - {id1_9_0_}
          - JOIN (JoinDefinedByMetadata(user)) : <gen:0> -> <gen:1>
             - EntityQuerySpaceImpl(uid=<gen:1>, entity=edu.ncsu.csc.itrust2.models.persistent.User)
                - SQL table alias mapping - user1_
                - alias suffix - 1_
                - suffixed key columns - {username1_15_1_}

21:24:10.711 [main] DEBUG o.h.loader.entity.plan.EntityLoader - Static select for entity edu.ncsu.csc.itrust2.models.persistent.LoginLockout [READ]: select loginlocko0_.id as id1_9_0_, loginlocko0_.ip as ip2_9_0_, loginlocko0_.time as time3_9_0_, loginlocko0_.user_id as user_id4_9_0_, user1_.username as username1_15_1_, user1_.enabled as enabled2_15_1_, user1_.password as password3_15_1_, user1_.role as role4_15_1_ from LoginLockouts loginlocko0_ left outer join Users user1_ on loginlocko0_.user_id=user1_.username where loginlocko0_.id=?
21:24:10.711 [main] DEBUG o.h.l.p.b.i.spaces.QuerySpacesImpl - Adding QuerySpace : uid = <gen:0> -> org.hibernate.loader.plan.build.internal.spaces.EntityQuerySpaceImpl@66a67a00]
21:24:10.712 [main] DEBUG o.h.p.w.spi.MetamodelGraphWalker - Visiting attribute path : ip
21:24:10.712 [main] DEBUG o.h.p.w.spi.MetamodelGraphWalker - Visiting attribute path : time
21:24:10.712 [main] DEBUG o.h.p.w.spi.MetamodelGraphWalker - Visiting attribute path : user
21:24:10.713 [main] DEBUG o.h.l.p.b.i.spaces.QuerySpacesImpl - Adding QuerySpace : uid = <gen:1> -> org.hibernate.loader.plan.build.internal.spaces.EntityQuerySpaceImpl@1699aa36]
21:24:10.714 [main] DEBUG o.h.l.p.b.i.FetchStyleLoadPlanBuildingAssociationVisitationStrategy - Building LoadPlan...
21:24:10.715 [main] DEBUG o.h.l.p.e.i.LoadQueryJoinAndFetchProcessor - processing queryspace <gen:0>
21:24:10.715 [main] DEBUG o.h.l.p.b.spi.LoadPlanTreePrinter - LoadPlan(entity=edu.ncsu.csc.itrust2.models.persistent.LoginLockout)
    - Returns
       - EntityReturnImpl(entity=edu.ncsu.csc.itrust2.models.persistent.LoginLockout, querySpaceUid=<gen:0>, path=edu.ncsu.csc.itrust2.models.persistent.LoginLockout)
          - EntityAttributeFetchImpl(entity=edu.ncsu.csc.itrust2.models.persistent.User, querySpaceUid=<gen:1>, path=edu.ncsu.csc.itrust2.models.persistent.LoginLockout.user)
    - QuerySpaces
       - EntityQuerySpaceImpl(uid=<gen:0>, entity=edu.ncsu.csc.itrust2.models.persistent.LoginLockout)
          - SQL table alias mapping - loginlocko0_
          - alias suffix - 0_
          - suffixed key columns - {id1_9_0_}

21:24:10.716 [main] DEBUG o.h.loader.entity.plan.EntityLoader - Static select for entity edu.ncsu.csc.itrust2.models.persistent.LoginLockout [UPGRADE]: select loginlocko0_.id as id1_9_0_, loginlocko0_.ip as ip2_9_0_, loginlocko0_.time as time3_9_0_, loginlocko0_.user_id as user_id4_9_0_ from LoginLockouts loginlocko0_ where loginlocko0_.id=? for update
21:24:10.716 [main] DEBUG o.h.l.p.b.i.spaces.QuerySpacesImpl - Adding QuerySpace : uid = <gen:0> -> org.hibernate.loader.plan.build.internal.spaces.EntityQuerySpaceImpl@2065da16]
21:24:10.716 [main] DEBUG o.h.p.w.spi.MetamodelGraphWalker - Visiting attribute path : ip
21:24:10.716 [main] DEBUG o.h.p.w.spi.MetamodelGraphWalker - Visiting attribute path : time
21:24:10.717 [main] DEBUG o.h.p.w.spi.MetamodelGraphWalker - Visiting attribute path : user
21:24:10.717 [main] DEBUG o.h.l.p.b.i.spaces.QuerySpacesImpl - Adding QuerySpace : uid = <gen:1> -> org.hibernate.loader.plan.build.internal.spaces.EntityQuerySpaceImpl@6558b5c7]
21:24:10.718 [main] DEBUG o.h.l.p.b.i.FetchStyleLoadPlanBuildingAssociationVisitationStrategy - Building LoadPlan...
21:24:10.719 [main] DEBUG o.h.l.p.e.i.LoadQueryJoinAndFetchProcessor - processing queryspace <gen:0>
21:24:10.719 [main] DEBUG o.h.l.p.b.spi.LoadPlanTreePrinter - LoadPlan(entity=edu.ncsu.csc.itrust2.models.persistent.LoginLockout)
    - Returns
       - EntityReturnImpl(entity=edu.ncsu.csc.itrust2.models.persistent.LoginLockout, querySpaceUid=<gen:0>, path=edu.ncsu.csc.itrust2.models.persistent.LoginLockout)
          - EntityAttributeFetchImpl(entity=edu.ncsu.csc.itrust2.models.persistent.User, querySpaceUid=<gen:1>, path=edu.ncsu.csc.itrust2.models.persistent.LoginLockout.user)
    - QuerySpaces
       - EntityQuerySpaceImpl(uid=<gen:0>, entity=edu.ncsu.csc.itrust2.models.persistent.LoginLockout)
          - SQL table alias mapping - loginlocko0_
          - alias suffix - 0_
          - suffixed key columns - {id1_9_0_}

21:24:10.720 [main] DEBUG o.h.loader.entity.plan.EntityLoader - Static select for entity edu.ncsu.csc.itrust2.models.persistent.LoginLockout [UPGRADE_NOWAIT]: select loginlocko0_.id as id1_9_0_, loginlocko0_.ip as ip2_9_0_, loginlocko0_.time as time3_9_0_, loginlocko0_.user_id as user_id4_9_0_ from LoginLockouts loginlocko0_ where loginlocko0_.id=? for update
21:24:10.720 [main] DEBUG o.h.l.p.b.i.spaces.QuerySpacesImpl - Adding QuerySpace : uid = <gen:0> -> org.hibernate.loader.plan.build.internal.spaces.EntityQuerySpaceImpl@3e4b6b40]
21:24:10.721 [main] DEBUG o.h.p.w.spi.MetamodelGraphWalker - Visiting attribute path : ip
21:24:10.721 [main] DEBUG o.h.p.w.spi.MetamodelGraphWalker - Visiting attribute path : time
21:24:10.721 [main] DEBUG o.h.p.w.spi.MetamodelGraphWalker - Visiting attribute path : user
21:24:10.722 [main] DEBUG o.h.l.p.b.i.spaces.QuerySpacesImpl - Adding QuerySpace : uid = <gen:1> -> org.hibernate.loader.plan.build.internal.spaces.EntityQuerySpaceImpl@7366b259]
21:24:10.722 [main] DEBUG o.h.l.p.b.i.FetchStyleLoadPlanBuildingAssociationVisitationStrategy - Building LoadPlan...
21:24:10.722 [main] DEBUG o.h.l.p.e.i.LoadQueryJoinAndFetchProcessor - processing queryspace <gen:0>
21:24:10.723 [main] DEBUG o.h.l.p.b.spi.LoadPlanTreePrinter - LoadPlan(entity=edu.ncsu.csc.itrust2.models.persistent.LoginLockout)
    - Returns
       - EntityReturnImpl(entity=edu.ncsu.csc.itrust2.models.persistent.LoginLockout, querySpaceUid=<gen:0>, path=edu.ncsu.csc.itrust2.models.persistent.LoginLockout)
          - EntityAttributeFetchImpl(entity=edu.ncsu.csc.itrust2.models.persistent.User, querySpaceUid=<gen:1>, path=edu.ncsu.csc.itrust2.models.persistent.LoginLockout.user)
    - QuerySpaces
       - EntityQuerySpaceImpl(uid=<gen:0>, entity=edu.ncsu.csc.itrust2.models.persistent.LoginLockout)
          - SQL table alias mapping - loginlocko0_
          - alias suffix - 0_
          - suffixed key columns - {id1_9_0_}

21:24:10.724 [main] DEBUG o.h.loader.entity.plan.EntityLoader - Static select for entity edu.ncsu.csc.itrust2.models.persistent.LoginLockout [UPGRADE_SKIPLOCKED]: select loginlocko0_.id as id1_9_0_, loginlocko0_.ip as ip2_9_0_, loginlocko0_.time as time3_9_0_, loginlocko0_.user_id as user_id4_9_0_ from LoginLockouts loginlocko0_ where loginlocko0_.id=? for update
21:24:10.724 [main] DEBUG o.h.l.p.b.i.spaces.QuerySpacesImpl - Adding QuerySpace : uid = <gen:0> -> org.hibernate.loader.plan.build.internal.spaces.EntityQuerySpaceImpl@5330d77f]
21:24:10.724 [main] DEBUG o.h.p.w.spi.MetamodelGraphWalker - Visiting attribute path : ip
21:24:10.725 [main] DEBUG o.h.p.w.spi.MetamodelGraphWalker - Visiting attribute path : time
21:24:10.725 [main] DEBUG o.h.p.w.spi.MetamodelGraphWalker - Visiting attribute path : user
21:24:10.725 [main] DEBUG o.h.l.p.b.i.spaces.QuerySpacesImpl - Adding QuerySpace : uid = <gen:1> -> org.hibernate.loader.plan.build.internal.spaces.EntityQuerySpaceImpl@31e5514]
21:24:10.725 [main] DEBUG o.h.l.p.b.i.FetchStyleLoadPlanBuildingAssociationVisitationStrategy - Building LoadPlan...
21:24:10.726 [main] DEBUG o.h.l.p.e.i.LoadQueryJoinAndFetchProcessor - processing queryspace <gen:0>
21:24:10.727 [main] DEBUG o.h.l.p.b.spi.LoadPlanTreePrinter - LoadPlan(entity=edu.ncsu.csc.itrust2.models.persistent.LoginLockout)
    - Returns
       - EntityReturnImpl(entity=edu.ncsu.csc.itrust2.models.persistent.LoginLockout, querySpaceUid=<gen:0>, path=edu.ncsu.csc.itrust2.models.persistent.LoginLockout)
          - EntityAttributeFetchImpl(entity=edu.ncsu.csc.itrust2.models.persistent.User, querySpaceUid=<gen:1>, path=edu.ncsu.csc.itrust2.models.persistent.LoginLockout.user)
    - QuerySpaces
       - EntityQuerySpaceImpl(uid=<gen:0>, entity=edu.ncsu.csc.itrust2.models.persistent.LoginLockout)
          - SQL table alias mapping - loginlocko0_
          - alias suffix - 0_
          - suffixed key columns - {id1_9_0_}

21:24:10.728 [main] DEBUG o.h.loader.entity.plan.EntityLoader - Static select for entity edu.ncsu.csc.itrust2.models.persistent.LoginLockout [FORCE]: select loginlocko0_.id as id1_9_0_, loginlocko0_.ip as ip2_9_0_, loginlocko0_.time as time3_9_0_, loginlocko0_.user_id as user_id4_9_0_ from LoginLockouts loginlocko0_ where loginlocko0_.id=? for update
21:24:10.728 [main] DEBUG o.h.l.p.b.i.spaces.QuerySpacesImpl - Adding QuerySpace : uid = <gen:0> -> org.hibernate.loader.plan.build.internal.spaces.EntityQuerySpaceImpl@452ccb54]
21:24:10.729 [main] DEBUG o.h.p.w.spi.MetamodelGraphWalker - Visiting attribute path : ip
21:24:10.729 [main] DEBUG o.h.p.w.spi.MetamodelGraphWalker - Visiting attribute path : time
21:24:10.729 [main] DEBUG o.h.p.w.spi.MetamodelGraphWalker - Visiting attribute path : user
21:24:10.730 [main] DEBUG o.h.l.p.b.i.spaces.QuerySpacesImpl - Adding QuerySpace : uid = <gen:1> -> org.hibernate.loader.plan.build.internal.spaces.EntityQuerySpaceImpl@31cbfaa]
21:24:10.730 [main] DEBUG o.h.l.p.b.i.FetchStyleLoadPlanBuildingAssociationVisitationStrategy - Building LoadPlan...
21:24:10.731 [main] DEBUG o.h.l.p.e.i.LoadQueryJoinAndFetchProcessor - processing queryspace <gen:0>
21:24:10.732 [main] DEBUG o.h.l.p.b.spi.LoadPlanTreePrinter - LoadPlan(entity=edu.ncsu.csc.itrust2.models.persistent.LoginLockout)
    - Returns
       - EntityReturnImpl(entity=edu.ncsu.csc.itrust2.models.persistent.LoginLockout, querySpaceUid=<gen:0>, path=edu.ncsu.csc.itrust2.models.persistent.LoginLockout)
          - EntityAttributeFetchImpl(entity=edu.ncsu.csc.itrust2.models.persistent.User, querySpaceUid=<gen:1>, path=edu.ncsu.csc.itrust2.models.persistent.LoginLockout.user)
    - QuerySpaces
       - EntityQuerySpaceImpl(uid=<gen:0>, entity=edu.ncsu.csc.itrust2.models.persistent.LoginLockout)
          - SQL table alias mapping - loginlocko0_
          - alias suffix - 0_
          - suffixed key columns - {id1_9_0_}

21:24:10.732 [main] DEBUG o.h.loader.entity.plan.EntityLoader - Static select for entity edu.ncsu.csc.itrust2.models.persistent.LoginLockout [PESSIMISTIC_READ]: select loginlocko0_.id as id1_9_0_, loginlocko0_.ip as ip2_9_0_, loginlocko0_.time as time3_9_0_, loginlocko0_.user_id as user_id4_9_0_ from LoginLockouts loginlocko0_ where loginlocko0_.id=? lock in share mode
21:24:10.733 [main] DEBUG o.h.l.p.b.i.spaces.QuerySpacesImpl - Adding QuerySpace : uid = <gen:0> -> org.hibernate.loader.plan.build.internal.spaces.EntityQuerySpaceImpl@72dbfc28]
21:24:10.733 [main] DEBUG o.h.p.w.spi.MetamodelGraphWalker - Visiting attribute path : ip
21:24:10.733 [main] DEBUG o.h.p.w.spi.MetamodelGraphWalker - Visiting attribute path : time
21:24:10.734 [main] DEBUG o.h.p.w.spi.MetamodelGraphWalker - Visiting attribute path : user
21:24:10.734 [main] DEBUG o.h.l.p.b.i.spaces.QuerySpacesImpl - Adding QuerySpace : uid = <gen:1> -> org.hibernate.loader.plan.build.internal.spaces.EntityQuerySpaceImpl@52c2c5b3]
21:24:10.735 [main] DEBUG o.h.l.p.b.i.FetchStyleLoadPlanBuildingAssociationVisitationStrategy - Building LoadPlan...
21:24:10.735 [main] DEBUG o.h.l.p.e.i.LoadQueryJoinAndFetchProcessor - processing queryspace <gen:0>
21:24:10.736 [main] DEBUG o.h.l.p.b.spi.LoadPlanTreePrinter - LoadPlan(entity=edu.ncsu.csc.itrust2.models.persistent.LoginLockout)
    - Returns
       - EntityReturnImpl(entity=edu.ncsu.csc.itrust2.models.persistent.LoginLockout, querySpaceUid=<gen:0>, path=edu.ncsu.csc.itrust2.models.persistent.LoginLockout)
          - EntityAttributeFetchImpl(entity=edu.ncsu.csc.itrust2.models.persistent.User, querySpaceUid=<gen:1>, path=edu.ncsu.csc.itrust2.models.persistent.LoginLockout.user)
    - QuerySpaces
       - EntityQuerySpaceImpl(uid=<gen:0>, entity=edu.ncsu.csc.itrust2.models.persistent.LoginLockout)
          - SQL table alias mapping - loginlocko0_
          - alias suffix - 0_
          - suffixed key columns - {id1_9_0_}

21:24:10.736 [main] DEBUG o.h.loader.entity.plan.EntityLoader - Static select for entity edu.ncsu.csc.itrust2.models.persistent.LoginLockout [PESSIMISTIC_WRITE]: select loginlocko0_.id as id1_9_0_, loginlocko0_.ip as ip2_9_0_, loginlocko0_.time as time3_9_0_, loginlocko0_.user_id as user_id4_9_0_ from LoginLockouts loginlocko0_ where loginlocko0_.id=? for update
21:24:10.737 [main] DEBUG o.h.l.p.b.i.spaces.QuerySpacesImpl - Adding QuerySpace : uid = <gen:0> -> org.hibernate.loader.plan.build.internal.spaces.EntityQuerySpaceImpl@34c5c1ae]
21:24:10.737 [main] DEBUG o.h.p.w.spi.MetamodelGraphWalker - Visiting attribute path : ip
21:24:10.737 [main] DEBUG o.h.p.w.spi.MetamodelGraphWalker - Visiting attribute path : time
21:24:10.738 [main] DEBUG o.h.p.w.spi.MetamodelGraphWalker - Visiting attribute path : user
21:24:10.738 [main] DEBUG o.h.l.p.b.i.spaces.QuerySpacesImpl - Adding QuerySpace : uid = <gen:1> -> org.hibernate.loader.plan.build.internal.spaces.EntityQuerySpaceImpl@3f80294b]
21:24:10.738 [main] DEBUG o.h.l.p.b.i.FetchStyleLoadPlanBuildingAssociationVisitationStrategy - Building LoadPlan...
21:24:10.739 [main] DEBUG o.h.l.p.e.i.LoadQueryJoinAndFetchProcessor - processing queryspace <gen:0>
21:24:10.741 [main] DEBUG o.h.l.p.b.spi.LoadPlanTreePrinter - LoadPlan(entity=edu.ncsu.csc.itrust2.models.persistent.LoginLockout)
    - Returns
       - EntityReturnImpl(entity=edu.ncsu.csc.itrust2.models.persistent.LoginLockout, querySpaceUid=<gen:0>, path=edu.ncsu.csc.itrust2.models.persistent.LoginLockout)
          - EntityAttributeFetchImpl(entity=edu.ncsu.csc.itrust2.models.persistent.User, querySpaceUid=<gen:1>, path=edu.ncsu.csc.itrust2.models.persistent.LoginLockout.user)
    - QuerySpaces
       - EntityQuerySpaceImpl(uid=<gen:0>, entity=edu.ncsu.csc.itrust2.models.persistent.LoginLockout)
          - SQL table alias mapping - loginlocko0_
          - alias suffix - 0_
          - suffixed key columns - {id1_9_0_}

21:24:10.741 [main] DEBUG o.h.loader.entity.plan.EntityLoader - Static select for entity edu.ncsu.csc.itrust2.models.persistent.LoginLockout [PESSIMISTIC_FORCE_INCREMENT]: select loginlocko0_.id as id1_9_0_, loginlocko0_.ip as ip2_9_0_, loginlocko0_.time as time3_9_0_, loginlocko0_.user_id as user_id4_9_0_ from LoginLockouts loginlocko0_ where loginlocko0_.id=? for update
21:24:10.742 [main] DEBUG o.h.l.p.b.i.spaces.QuerySpacesImpl - Adding QuerySpace : uid = <gen:0> -> org.hibernate.loader.plan.build.internal.spaces.EntityQuerySpaceImpl@7b2b9c55]
21:24:10.742 [main] DEBUG o.h.p.w.spi.MetamodelGraphWalker - Visiting attribute path : ip
21:24:10.742 [main] DEBUG o.h.p.w.spi.MetamodelGraphWalker - Visiting attribute path : time
21:24:10.743 [main] DEBUG o.h.p.w.spi.MetamodelGraphWalker - Visiting attribute path : user
21:24:10.743 [main] DEBUG o.h.l.p.b.i.spaces.QuerySpacesImpl - Adding QuerySpace : uid = <gen:1> -> org.hibernate.loader.plan.build.internal.spaces.EntityQuerySpaceImpl@6a2d68e3]
21:24:10.743 [main] DEBUG o.h.l.p.b.i.FetchStyleLoadPlanBuildingAssociationVisitationStrategy - Building LoadPlan...
21:24:10.745 [main] DEBUG o.h.l.p.e.i.LoadQueryJoinAndFetchProcessor - processing queryspace <gen:0>
21:24:10.745 [main] DEBUG o.h.l.p.b.spi.LoadPlanTreePrinter - LoadPlan(entity=edu.ncsu.csc.itrust2.models.persistent.LoginLockout)
    - Returns
       - EntityReturnImpl(entity=edu.ncsu.csc.itrust2.models.persistent.LoginLockout, querySpaceUid=<gen:0>, path=edu.ncsu.csc.itrust2.models.persistent.LoginLockout)
          - EntityAttributeFetchImpl(entity=edu.ncsu.csc.itrust2.models.persistent.User, querySpaceUid=<gen:1>, path=edu.ncsu.csc.itrust2.models.persistent.LoginLockout.user)
    - QuerySpaces
       - EntityQuerySpaceImpl(uid=<gen:0>, entity=edu.ncsu.csc.itrust2.models.persistent.LoginLockout)
          - SQL table alias mapping - loginlocko0_
          - alias suffix - 0_
          - suffixed key columns - {id1_9_0_}

21:24:10.746 [main] DEBUG o.h.loader.entity.plan.EntityLoader - Static select for entity edu.ncsu.csc.itrust2.models.persistent.LoginLockout [OPTIMISTIC]: select loginlocko0_.id as id1_9_0_, loginlocko0_.ip as ip2_9_0_, loginlocko0_.time as time3_9_0_, loginlocko0_.user_id as user_id4_9_0_ from LoginLockouts loginlocko0_ where loginlocko0_.id=?
21:24:10.746 [main] DEBUG o.h.l.p.b.i.spaces.QuerySpacesImpl - Adding QuerySpace : uid = <gen:0> -> org.hibernate.loader.plan.build.internal.spaces.EntityQuerySpaceImpl@54d9de9c]
21:24:10.746 [main] DEBUG o.h.p.w.spi.MetamodelGraphWalker - Visiting attribute path : ip
21:24:10.747 [main] DEBUG o.h.p.w.spi.MetamodelGraphWalker - Visiting attribute path : time
21:24:10.747 [main] DEBUG o.h.p.w.spi.MetamodelGraphWalker - Visiting attribute path : user
21:24:10.747 [main] DEBUG o.h.l.p.b.i.spaces.QuerySpacesImpl - Adding QuerySpace : uid = <gen:1> -> org.hibernate.loader.plan.build.internal.spaces.EntityQuerySpaceImpl@5d319dbd]
21:24:10.747 [main] DEBUG o.h.l.p.b.i.FetchStyleLoadPlanBuildingAssociationVisitationStrategy - Building LoadPlan...
21:24:10.748 [main] DEBUG o.h.l.p.e.i.LoadQueryJoinAndFetchProcessor - processing queryspace <gen:0>
21:24:10.748 [main] DEBUG o.h.l.p.b.spi.LoadPlanTreePrinter - LoadPlan(entity=edu.ncsu.csc.itrust2.models.persistent.LoginLockout)
    - Returns
       - EntityReturnImpl(entity=edu.ncsu.csc.itrust2.models.persistent.LoginLockout, querySpaceUid=<gen:0>, path=edu.ncsu.csc.itrust2.models.persistent.LoginLockout)
          - EntityAttributeFetchImpl(entity=edu.ncsu.csc.itrust2.models.persistent.User, querySpaceUid=<gen:1>, path=edu.ncsu.csc.itrust2.models.persistent.LoginLockout.user)
    - QuerySpaces
       - EntityQuerySpaceImpl(uid=<gen:0>, entity=edu.ncsu.csc.itrust2.models.persistent.LoginLockout)
          - SQL table alias mapping - loginlocko0_
          - alias suffix - 0_
          - suffixed key columns - {id1_9_0_}

21:24:10.749 [main] DEBUG o.h.loader.entity.plan.EntityLoader - Static select for entity edu.ncsu.csc.itrust2.models.persistent.LoginLockout [OPTIMISTIC_FORCE_INCREMENT]: select loginlocko0_.id as id1_9_0_, loginlocko0_.ip as ip2_9_0_, loginlocko0_.time as time3_9_0_, loginlocko0_.user_id as user_id4_9_0_ from LoginLockouts loginlocko0_ where loginlocko0_.id=?
21:24:10.750 [main] DEBUG org.hibernate.loader.Loader - Static select for action ACTION_MERGE on entity edu.ncsu.csc.itrust2.models.persistent.LoginLockout: select loginlocko0_.id as id1_9_0_, loginlocko0_.ip as ip2_9_0_, loginlocko0_.time as time3_9_0_, loginlocko0_.user_id as user_id4_9_0_ from LoginLockouts loginlocko0_ where loginlocko0_.id=?
21:24:10.751 [main] DEBUG org.hibernate.loader.Loader - Static select for action ACTION_REFRESH on entity edu.ncsu.csc.itrust2.models.persistent.LoginLockout: select loginlocko0_.id as id1_9_0_, loginlocko0_.ip as ip2_9_0_, loginlocko0_.time as time3_9_0_, loginlocko0_.user_id as user_id4_9_0_ from LoginLockouts loginlocko0_ where loginlocko0_.id=?
21:24:10.752 [main] DEBUG o.h.p.entity.AbstractEntityPersister - Static SQL for entity: edu.ncsu.csc.itrust2.models.persistent.OfficeVisit
21:24:10.752 [main] DEBUG o.h.p.entity.AbstractEntityPersister -  Version select: select id from OfficeVisits where id =?
21:24:10.752 [main] DEBUG o.h.p.entity.AbstractEntityPersister -  Snapshot select: select officevisi_.id, officevisi_.appointment_id as appointm5_10_, officevisi_.basichealthmetrics_id as basichea6_10_, officevisi_.date as date2_10_, officevisi_.hcp_id as hcp_id7_10_, officevisi_.hospital_id as hospital8_10_, officevisi_.notes as notes3_10_, officevisi_.patient_id as patient_9_10_, officevisi_.type as type4_10_ from OfficeVisits officevisi_ where officevisi_.id=?
21:24:10.752 [main] DEBUG o.h.p.entity.AbstractEntityPersister -  Insert 0: insert into OfficeVisits (appointment_id, basichealthmetrics_id, date, hcp_id, hospital_id, notes, patient_id, type, id) values (?, ?, ?, ?, ?, ?, ?, ?, ?)
21:24:10.753 [main] DEBUG o.h.p.entity.AbstractEntityPersister -  Update 0: update OfficeVisits set appointment_id=?, basichealthmetrics_id=?, date=?, hcp_id=?, hospital_id=?, notes=?, patient_id=?, type=? where id=?
21:24:10.753 [main] DEBUG o.h.p.entity.AbstractEntityPersister -  Delete 0: delete from OfficeVisits where id=?
21:24:10.753 [main] DEBUG o.h.l.p.b.i.spaces.QuerySpacesImpl - Adding QuerySpace : uid = <gen:0> -> org.hibernate.loader.plan.build.internal.spaces.EntityQuerySpaceImpl@5c5a8c88]
21:24:10.753 [main] DEBUG o.h.p.w.spi.MetamodelGraphWalker - Visiting attribute path : appointment
21:24:10.754 [main] DEBUG o.h.l.p.b.i.spaces.QuerySpacesImpl - Adding QuerySpace : uid = <gen:1> -> org.hibernate.loader.plan.build.internal.spaces.EntityQuerySpaceImpl@c5be903]
21:24:10.754 [main] DEBUG o.h.p.w.spi.MetamodelGraphWalker - Visiting attribute path : appointment.comments
21:24:10.754 [main] DEBUG o.h.p.w.spi.MetamodelGraphWalker - Visiting attribute path : appointment.date
21:24:10.755 [main] DEBUG o.h.p.w.spi.MetamodelGraphWalker - Visiting attribute path : appointment.hcp
21:24:10.755 [main] DEBUG o.h.l.p.b.i.spaces.QuerySpacesImpl - Adding QuerySpace : uid = <gen:2> -> org.hibernate.loader.plan.build.internal.spaces.EntityQuerySpaceImpl@55e0a8ae]
21:24:10.756 [main] DEBUG o.h.p.w.spi.MetamodelGraphWalker - Visiting attribute path : appointment.hcp.enabled
21:24:10.756 [main] DEBUG o.h.p.w.spi.MetamodelGraphWalker - Visiting attribute path : appointment.hcp.password
21:24:10.756 [main] DEBUG o.h.p.w.spi.MetamodelGraphWalker - Visiting attribute path : appointment.hcp.role
21:24:10.756 [main] DEBUG o.h.p.w.spi.MetamodelGraphWalker - Visiting attribute path : appointment.patient
21:24:10.757 [main] DEBUG o.h.l.p.b.i.spaces.QuerySpacesImpl - Adding QuerySpace : uid = <gen:3> -> org.hibernate.loader.plan.build.internal.spaces.EntityQuerySpaceImpl@2cc28b3d]
21:24:10.757 [main] DEBUG o.h.p.w.spi.MetamodelGraphWalker - Visiting attribute path : appointment.patient.enabled
21:24:10.757 [main] DEBUG o.h.p.w.spi.MetamodelGraphWalker - Visiting attribute path : appointment.patient.password
21:24:10.757 [main] DEBUG o.h.p.w.spi.MetamodelGraphWalker - Visiting attribute path : appointment.patient.role
21:24:10.758 [main] DEBUG o.h.p.w.spi.MetamodelGraphWalker - Visiting attribute path : appointment.status
21:24:10.758 [main] DEBUG o.h.p.w.spi.MetamodelGraphWalker - Visiting attribute path : appointment.type
21:24:10.758 [main] DEBUG o.h.p.w.spi.MetamodelGraphWalker - Visiting attribute path : basicHealthMetrics
21:24:10.759 [main] DEBUG o.h.l.p.b.i.spaces.QuerySpacesImpl - Adding QuerySpace : uid = <gen:4> -> org.hibernate.loader.plan.build.internal.spaces.EntityQuerySpaceImpl@1304e6ac]
21:24:10.759 [main] DEBUG o.h.p.w.spi.MetamodelGraphWalker - Visiting attribute path : basicHealthMetrics.diastolic
21:24:10.759 [main] DEBUG o.h.p.w.spi.MetamodelGraphWalker - Visiting attribute path : basicHealthMetrics.hcp
21:24:10.760 [main] DEBUG o.h.l.p.b.i.spaces.QuerySpacesImpl - Adding QuerySpace : uid = <gen:5> -> org.hibernate.loader.plan.build.internal.spaces.EntityQuerySpaceImpl@47f8be58]
21:24:10.760 [main] DEBUG o.h.p.w.spi.MetamodelGraphWalker - Visiting attribute path : basicHealthMetrics.hcp.enabled
21:24:10.760 [main] DEBUG o.h.p.w.spi.MetamodelGraphWalker - Visiting attribute path : basicHealthMetrics.hcp.password
21:24:10.760 [main] DEBUG o.h.p.w.spi.MetamodelGraphWalker - Visiting attribute path : basicHealthMetrics.hcp.role
21:24:10.760 [main] DEBUG o.h.p.w.spi.MetamodelGraphWalker - Visiting attribute path : basicHealthMetrics.hdl
21:24:10.761 [main] DEBUG o.h.p.w.spi.MetamodelGraphWalker - Visiting attribute path : basicHealthMetrics.headCircumference
21:24:10.761 [main] DEBUG o.h.p.w.spi.MetamodelGraphWalker - Visiting attribute path : basicHealthMetrics.height
21:24:10.761 [main] DEBUG o.h.p.w.spi.MetamodelGraphWalker - Visiting attribute path : basicHealthMetrics.houseSmokingStatus
21:24:10.761 [main] DEBUG o.h.p.w.spi.MetamodelGraphWalker - Visiting attribute path : basicHealthMetrics.ldl
21:24:10.761 [main] DEBUG o.h.p.w.spi.MetamodelGraphWalker - Visiting attribute path : basicHealthMetrics.patient
21:24:10.763 [main] DEBUG o.h.l.p.b.i.spaces.QuerySpacesImpl - Adding QuerySpace : uid = <gen:6> -> org.hibernate.loader.plan.build.internal.spaces.EntityQuerySpaceImpl@3c5ecf91]
21:24:10.763 [main] DEBUG o.h.p.w.spi.MetamodelGraphWalker - Visiting attribute path : basicHealthMetrics.patient.enabled
21:24:10.763 [main] DEBUG o.h.p.w.spi.MetamodelGraphWalker - Visiting attribute path : basicHealthMetrics.patient.password
21:24:10.763 [main] DEBUG o.h.p.w.spi.MetamodelGraphWalker - Visiting attribute path : basicHealthMetrics.patient.role
21:24:10.763 [main] DEBUG o.h.p.w.spi.MetamodelGraphWalker - Visiting attribute path : basicHealthMetrics.patientSmokingStatus
21:24:10.764 [main] DEBUG o.h.p.w.spi.MetamodelGraphWalker - Visiting attribute path : basicHealthMetrics.systolic
21:24:10.764 [main] DEBUG o.h.p.w.spi.MetamodelGraphWalker - Visiting attribute path : basicHealthMetrics.tri
21:24:10.764 [main] DEBUG o.h.p.w.spi.MetamodelGraphWalker - Visiting attribute path : basicHealthMetrics.weight
21:24:10.764 [main] DEBUG o.h.p.w.spi.MetamodelGraphWalker - Visiting attribute path : date
21:24:10.764 [main] DEBUG o.h.p.w.spi.MetamodelGraphWalker - Visiting attribute path : hcp
21:24:10.765 [main] DEBUG o.h.l.p.b.i.spaces.QuerySpacesImpl - Adding QuerySpace : uid = <gen:7> -> org.hibernate.loader.plan.build.internal.spaces.EntityQuerySpaceImpl@1be71add]
21:24:10.765 [main] DEBUG o.h.p.w.spi.MetamodelGraphWalker - Visiting attribute path : hcp.enabled
21:24:10.765 [main] DEBUG o.h.p.w.spi.MetamodelGraphWalker - Visiting attribute path : hcp.password
21:24:10.765 [main] DEBUG o.h.p.w.spi.MetamodelGraphWalker - Visiting attribute path : hcp.role
21:24:10.766 [main] DEBUG o.h.p.w.spi.MetamodelGraphWalker - Visiting attribute path : hospital
21:24:10.766 [main] DEBUG o.h.l.p.b.i.spaces.QuerySpacesImpl - Adding QuerySpace : uid = <gen:8> -> org.hibernate.loader.plan.build.internal.spaces.EntityQuerySpaceImpl@24a0a2a]
21:24:10.768 [main] DEBUG o.h.p.w.spi.MetamodelGraphWalker - Visiting attribute path : hospital.address
21:24:10.768 [main] DEBUG o.h.p.w.spi.MetamodelGraphWalker - Visiting attribute path : hospital.state
21:24:10.769 [main] DEBUG o.h.p.w.spi.MetamodelGraphWalker - Visiting attribute path : hospital.zip
21:24:10.769 [main] DEBUG o.h.p.w.spi.MetamodelGraphWalker - Visiting attribute path : notes
21:24:10.769 [main] DEBUG o.h.p.w.spi.MetamodelGraphWalker - Visiting attribute path : patient
21:24:10.770 [main] DEBUG o.h.l.p.b.i.spaces.QuerySpacesImpl - Adding QuerySpace : uid = <gen:9> -> org.hibernate.loader.plan.build.internal.spaces.EntityQuerySpaceImpl@43bb19c2]
21:24:10.770 [main] DEBUG o.h.p.w.spi.MetamodelGraphWalker - Visiting attribute path : patient.enabled
21:24:10.770 [main] DEBUG o.h.p.w.spi.MetamodelGraphWalker - Visiting attribute path : patient.password
21:24:10.771 [main] DEBUG o.h.p.w.spi.MetamodelGraphWalker - Visiting attribute path : patient.role
21:24:10.771 [main] DEBUG o.h.p.w.spi.MetamodelGraphWalker - Visiting attribute path : prescriptions
21:24:10.773 [main] DEBUG o.h.l.p.b.i.spaces.QuerySpacesImpl - Adding QuerySpace : uid = <gen:10> -> org.hibernate.loader.plan.build.internal.spaces.CollectionQuerySpaceImpl@12e6b5a7]
21:24:10.785 [main] DEBUG o.h.l.p.b.i.spaces.QuerySpacesImpl - Adding QuerySpace : uid = <gen:11> -> org.hibernate.loader.plan.build.internal.spaces.EntityQuerySpaceImpl@3461ad50]
21:24:10.792 [main] DEBUG o.h.p.w.spi.MetamodelGraphWalker - Visiting attribute path : prescriptions.dosage
21:24:10.792 [main] DEBUG o.h.p.w.spi.MetamodelGraphWalker - Visiting attribute path : prescriptions.drug
21:24:10.793 [main] DEBUG o.h.l.p.b.i.spaces.QuerySpacesImpl - Adding QuerySpace : uid = <gen:12> -> org.hibernate.loader.plan.build.internal.spaces.EntityQuerySpaceImpl@29a636c8]
21:24:10.794 [main] DEBUG o.h.p.w.spi.MetamodelGraphWalker - Visiting attribute path : prescriptions.drug.code
21:24:10.794 [main] DEBUG o.h.p.w.spi.MetamodelGraphWalker - Visiting attribute path : prescriptions.drug.description
21:24:10.794 [main] DEBUG o.h.p.w.spi.MetamodelGraphWalker - Visiting attribute path : prescriptions.drug.name
21:24:10.795 [main] DEBUG o.h.p.w.spi.MetamodelGraphWalker - Visiting attribute path : prescriptions.endDate
21:24:10.795 [main] DEBUG o.h.p.w.spi.MetamodelGraphWalker - Visiting attribute path : prescriptions.patient
21:24:10.799 [main] DEBUG o.h.l.p.b.i.spaces.QuerySpacesImpl - Adding QuerySpace : uid = <gen:13> -> org.hibernate.loader.plan.build.internal.spaces.EntityQuerySpaceImpl@585da76f]
21:24:10.800 [main] DEBUG o.h.p.w.spi.MetamodelGraphWalker - Visiting attribute path : prescriptions.patient.enabled
21:24:10.800 [main] DEBUG o.h.p.w.spi.MetamodelGraphWalker - Visiting attribute path : prescriptions.patient.password
21:24:10.800 [main] DEBUG o.h.p.w.spi.MetamodelGraphWalker - Visiting attribute path : prescriptions.patient.role
21:24:10.801 [main] DEBUG o.h.p.w.spi.MetamodelGraphWalker - Visiting attribute path : prescriptions.renewals
21:24:10.801 [main] DEBUG o.h.p.w.spi.MetamodelGraphWalker - Visiting attribute path : prescriptions.startDate
21:24:10.802 [main] DEBUG o.h.p.w.spi.MetamodelGraphWalker - Visiting attribute path : type
21:24:10.802 [main] DEBUG o.h.l.p.b.i.FetchStyleLoadPlanBuildingAssociationVisitationStrategy - Building LoadPlan...
21:24:10.803 [main] DEBUG o.h.l.p.e.i.LoadQueryJoinAndFetchProcessor - processing queryspace <gen:0>
21:24:10.827 [main] DEBUG o.h.l.p.b.spi.LoadPlanTreePrinter - LoadPlan(entity=edu.ncsu.csc.itrust2.models.persistent.OfficeVisit)
    - Returns
       - EntityReturnImpl(entity=edu.ncsu.csc.itrust2.models.persistent.OfficeVisit, querySpaceUid=<gen:0>, path=edu.ncsu.csc.itrust2.models.persistent.OfficeVisit)
          - EntityAttributeFetchImpl(entity=edu.ncsu.csc.itrust2.models.persistent.AppointmentRequest, querySpaceUid=<gen:1>, path=edu.ncsu.csc.itrust2.models.persistent.OfficeVisit.appointment)
             - EntityAttributeFetchImpl(entity=edu.ncsu.csc.itrust2.models.persistent.User, querySpaceUid=<gen:2>, path=edu.ncsu.csc.itrust2.models.persistent.OfficeVisit.appointment.hcp)
             - EntityAttributeFetchImpl(entity=edu.ncsu.csc.itrust2.models.persistent.User, querySpaceUid=<gen:3>, path=edu.ncsu.csc.itrust2.models.persistent.OfficeVisit.appointment.patient)
          - EntityAttributeFetchImpl(entity=edu.ncsu.csc.itrust2.models.persistent.BasicHealthMetrics, querySpaceUid=<gen:4>, path=edu.ncsu.csc.itrust2.models.persistent.OfficeVisit.basicHealthMetrics)
             - EntityAttributeFetchImpl(entity=edu.ncsu.csc.itrust2.models.persistent.User, querySpaceUid=<gen:5>, path=edu.ncsu.csc.itrust2.models.persistent.OfficeVisit.basicHealthMetrics.hcp)
             - EntityAttributeFetchImpl(entity=edu.ncsu.csc.itrust2.models.persistent.User, querySpaceUid=<gen:6>, path=edu.ncsu.csc.itrust2.models.persistent.OfficeVisit.basicHealthMetrics.patient)
          - EntityAttributeFetchImpl(entity=edu.ncsu.csc.itrust2.models.persistent.User, querySpaceUid=<gen:7>, path=edu.ncsu.csc.itrust2.models.persistent.OfficeVisit.hcp)
          - EntityAttributeFetchImpl(entity=edu.ncsu.csc.itrust2.models.persistent.Hospital, querySpaceUid=<gen:8>, path=edu.ncsu.csc.itrust2.models.persistent.OfficeVisit.hospital)
          - EntityAttributeFetchImpl(entity=edu.ncsu.csc.itrust2.models.persistent.User, querySpaceUid=<gen:9>, path=edu.ncsu.csc.itrust2.models.persistent.OfficeVisit.patient)
          - CollectionAttributeFetchImpl(collection=edu.ncsu.csc.itrust2.models.persistent.OfficeVisit.prescriptions, querySpaceUid=<gen:10>, path=edu.ncsu.csc.itrust2.models.persistent.OfficeVisit.prescriptions)
             - (collection element) CollectionFetchableElementEntityGraph(entity=edu.ncsu.csc.itrust2.models.persistent.Prescription, querySpaceUid=<gen:11>, path=edu.ncsu.csc.itrust2.models.persistent.OfficeVisit.prescriptions.<elements>)
                - EntityAttributeFetchImpl(entity=edu.ncsu.csc.itrust2.models.persistent.Drug, querySpaceUid=<gen:12>, path=edu.ncsu.csc.itrust2.models.persistent.OfficeVisit.prescriptions.<elements>.drug)
                - EntityAttributeFetchImpl(entity=edu.ncsu.csc.itrust2.models.persistent.User, querySpaceUid=<gen:13>, path=edu.ncsu.csc.itrust2.models.persistent.OfficeVisit.prescriptions.<elements>.patient)
    - QuerySpaces
       - EntityQuerySpaceImpl(uid=<gen:0>, entity=edu.ncsu.csc.itrust2.models.persistent.OfficeVisit)
          - SQL table alias mapping - officevisi0_
          - alias suffix - 0_
          - suffixed key columns - {id1_10_0_}
          - JOIN (JoinDefinedByMetadata(appointment)) : <gen:0> -> <gen:1>
             - EntityQuerySpaceImpl(uid=<gen:1>, entity=edu.ncsu.csc.itrust2.models.persistent.AppointmentRequest)
                - SQL table alias mapping - appointmen1_
                - alias suffix - 1_
                - suffixed key columns - {id1_0_1_}
                - JOIN (JoinDefinedByMetadata(hcp)) : <gen:1> -> <gen:2>
                   - EntityQuerySpaceImpl(uid=<gen:2>, entity=edu.ncsu.csc.itrust2.models.persistent.User)
                      - SQL table alias mapping - user2_
                      - alias suffix - 2_
                      - suffixed key columns - {username1_15_2_}
                - JOIN (JoinDefinedByMetadata(patient)) : <gen:1> -> <gen:3>
                   - EntityQuerySpaceImpl(uid=<gen:3>, entity=edu.ncsu.csc.itrust2.models.persistent.User)
                      - SQL table alias mapping - user3_
                      - alias suffix - 3_
                      - suffixed key columns - {username1_15_3_}
          - JOIN (JoinDefinedByMetadata(basicHealthMetrics)) : <gen:0> -> <gen:4>
             - EntityQuerySpaceImpl(uid=<gen:4>, entity=edu.ncsu.csc.itrust2.models.persistent.BasicHealthMetrics)
                - SQL table alias mapping - basichealt4_
                - alias suffix - 4_
                - suffixed key columns - {id1_1_4_}
                - JOIN (JoinDefinedByMetadata(hcp)) : <gen:4> -> <gen:5>
                   - EntityQuerySpaceImpl(uid=<gen:5>, entity=edu.ncsu.csc.itrust2.models.persistent.User)
                      - SQL table alias mapping - user5_
                      - alias suffix - 5_
                      - suffixed key columns - {username1_15_5_}
                - JOIN (JoinDefinedByMetadata(patient)) : <gen:4> -> <gen:6>
                   - EntityQuerySpaceImpl(uid=<gen:6>, entity=edu.ncsu.csc.itrust2.models.persistent.User)
                      - SQL table alias mapping - user6_
                      - alias suffix - 6_
                      - suffixed key columns - {username1_15_6_}
          - JOIN (JoinDefinedByMetadata(hcp)) : <gen:0> -> <gen:7>
             - EntityQuerySpaceImpl(uid=<gen:7>, entity=edu.ncsu.csc.itrust2.models.persistent.User)
                - SQL table alias mapping - user7_
                - alias suffix - 7_
                - suffixed key columns - {username1_15_7_}
          - JOIN (JoinDefinedByMetadata(hospital)) : <gen:0> -> <gen:8>
             - EntityQuerySpaceImpl(uid=<gen:8>, entity=edu.ncsu.csc.itrust2.models.persistent.Hospital)
                - SQL table alias mapping - hospital8_
                - alias suffix - 8_
                - suffixed key columns - {name1_4_8_}
          - JOIN (JoinDefinedByMetadata(patient)) : <gen:0> -> <gen:9>
             - EntityQuerySpaceImpl(uid=<gen:9>, entity=edu.ncsu.csc.itrust2.models.persistent.User)
                - SQL table alias mapping - user9_
                - alias suffix - 9_
                - suffixed key columns - {username1_15_9_}
          - JOIN (JoinDefinedByMetadata(prescriptions)) : <gen:0> -> <gen:10>
             - CollectionQuerySpaceImpl(uid=<gen:10>, collection=edu.ncsu.csc.itrust2.models.persistent.OfficeVisit.prescriptions)
                - SQL table alias mapping - prescripti10_
                - alias suffix - 10_
                - suffixed key columns - {prescrip8_14_10_}
                - entity-element alias suffix - 11_
                - 11_entity-element suffixed key columns - id1_14_11_
                - JOIN (JoinDefinedByMetadata(elements)) : <gen:10> -> <gen:11>
                   - EntityQuerySpaceImpl(uid=<gen:11>, entity=edu.ncsu.csc.itrust2.models.persistent.Prescription)
                      - SQL table alias mapping - prescripti10_
                      - alias suffix - 11_
                      - suffixed key columns - {id1_14_11_}
                      - JOIN (JoinDefinedByMetadata(drug)) : <gen:11> -> <gen:12>
                         - EntityQuerySpaceImpl(uid=<gen:12>, entity=edu.ncsu.csc.itrust2.models.persistent.Drug)
                            - SQL table alias mapping - drug11_
                            - alias suffix - 12_
                            - suffixed key columns - {id1_3_12_}
                      - JOIN (JoinDefinedByMetadata(patient)) : <gen:11> -> <gen:13>
                         - EntityQuerySpaceImpl(uid=<gen:13>, entity=edu.ncsu.csc.itrust2.models.persistent.User)
                            - SQL table alias mapping - user12_
                            - alias suffix - 13_
                            - suffixed key columns - {username1_15_13_}

21:24:10.828 [main] DEBUG o.h.loader.entity.plan.EntityLoader - Static select for entity edu.ncsu.csc.itrust2.models.persistent.OfficeVisit [NONE]: select officevisi0_.id as id1_10_0_, officevisi0_.appointment_id as appointm5_10_0_, officevisi0_.basichealthmetrics_id as basichea6_10_0_, officevisi0_.date as date2_10_0_, officevisi0_.hcp_id as hcp_id7_10_0_, officevisi0_.hospital_id as hospital8_10_0_, officevisi0_.notes as notes3_10_0_, officevisi0_.patient_id as patient_9_10_0_, officevisi0_.type as type4_10_0_, appointmen1_.id as id1_0_1_, appointmen1_.comments as comments2_0_1_, appointmen1_.date as date3_0_1_, appointmen1_.hcp_id as hcp_id6_0_1_, appointmen1_.patient_id as patient_7_0_1_, appointmen1_.status as status4_0_1_, appointmen1_.type as type5_0_1_, user2_.username as username1_15_2_, user2_.enabled as enabled2_15_2_, user2_.password as password3_15_2_, user2_.role as role4_15_2_, user3_.username as username1_15_3_, user3_.enabled as enabled2_15_3_, user3_.password as password3_15_3_, user3_.role as role4_15_3_, basichealt4_.id as id1_1_4_, basichealt4_.diastolic as diastoli2_1_4_, basichealt4_.hcp_id as hcp_id12_1_4_, basichealt4_.hdl as hdl3_1_4_, basichealt4_.headCircumference as headCirc4_1_4_, basichealt4_.height as height5_1_4_, basichealt4_.houseSmokingStatus as houseSmo6_1_4_, basichealt4_.ldl as ldl7_1_4_, basichealt4_.patient_id as patient13_1_4_, basichealt4_.patientSmokingStatus as patientS8_1_4_, basichealt4_.systolic as systolic9_1_4_, basichealt4_.tri as tri10_1_4_, basichealt4_.weight as weight11_1_4_, user5_.username as username1_15_5_, user5_.enabled as enabled2_15_5_, user5_.password as password3_15_5_, user5_.role as role4_15_5_, user6_.username as username1_15_6_, user6_.enabled as enabled2_15_6_, user6_.password as password3_15_6_, user6_.role as role4_15_6_, user7_.username as username1_15_7_, user7_.enabled as enabled2_15_7_, user7_.password as password3_15_7_, user7_.role as role4_15_7_, hospital8_.name as name1_4_8_, hospital8_.address as address2_4_8_, hospital8_.state as state3_4_8_, hospital8_.zip as zip4_4_8_, user9_.username as username1_15_9_, user9_.enabled as enabled2_15_9_, user9_.password as password3_15_9_, user9_.role as role4_15_9_, prescripti10_.prescriptions_id as prescrip8_14_10_, prescripti10_.id as id1_14_10_, prescripti10_.id as id1_14_11_, prescripti10_.dosage as dosage2_14_11_, prescripti10_.drug_id as drug_id6_14_11_, prescripti10_.endDate as endDate3_14_11_, prescripti10_.patient_id as patient_7_14_11_, prescripti10_.renewals as renewals4_14_11_, prescripti10_.startDate as startDat5_14_11_, drug11_.id as id1_3_12_, drug11_.code as code2_3_12_, drug11_.description as descript3_3_12_, drug11_.name as name4_3_12_, user12_.username as username1_15_13_, user12_.enabled as enabled2_15_13_, user12_.password as password3_15_13_, user12_.role as role4_15_13_ from OfficeVisits officevisi0_ left outer join AppointmentRequests appointmen1_ on officevisi0_.appointment_id=appointmen1_.id left outer join Users user2_ on appointmen1_.hcp_id=user2_.username left outer join Users user3_ on appointmen1_.patient_id=user3_.username left outer join BasicHealthMetrics basichealt4_ on officevisi0_.basichealthmetrics_id=basichealt4_.id left outer join Users user5_ on basichealt4_.hcp_id=user5_.username left outer join Users user6_ on basichealt4_.patient_id=user6_.username inner join Users user7_ on officevisi0_.hcp_id=user7_.username inner join Hospitals hospital8_ on officevisi0_.hospital_id=hospital8_.name inner join Users user9_ on officevisi0_.patient_id=user9_.username left outer join Prescriptions prescripti10_ on officevisi0_.id=prescripti10_.prescriptions_id left outer join Drugs drug11_ on prescripti10_.drug_id=drug11_.id left outer join Users user12_ on prescripti10_.patient_id=user12_.username where officevisi0_.id=?
21:24:10.829 [main] DEBUG o.h.l.p.b.i.spaces.QuerySpacesImpl - Adding QuerySpace : uid = <gen:0> -> org.hibernate.loader.plan.build.internal.spaces.EntityQuerySpaceImpl@4e966f12]
21:24:10.830 [main] DEBUG o.h.p.w.spi.MetamodelGraphWalker - Visiting attribute path : appointment
21:24:10.832 [main] DEBUG o.h.l.p.b.i.spaces.QuerySpacesImpl - Adding QuerySpace : uid = <gen:1> -> org.hibernate.loader.plan.build.internal.spaces.EntityQuerySpaceImpl@4bca4cdf]
21:24:10.833 [main] DEBUG o.h.p.w.spi.MetamodelGraphWalker - Visiting attribute path : appointment.comments
21:24:10.834 [main] DEBUG o.h.p.w.spi.MetamodelGraphWalker - Visiting attribute path : appointment.date
21:24:10.834 [main] DEBUG o.h.p.w.spi.MetamodelGraphWalker - Visiting attribute path : appointment.hcp
21:24:10.834 [main] DEBUG o.h.l.p.b.i.spaces.QuerySpacesImpl - Adding QuerySpace : uid = <gen:2> -> org.hibernate.loader.plan.build.internal.spaces.EntityQuerySpaceImpl@5fa8351d]
21:24:10.835 [main] DEBUG o.h.p.w.spi.MetamodelGraphWalker - Visiting attribute path : appointment.hcp.enabled
21:24:10.835 [main] DEBUG o.h.p.w.spi.MetamodelGraphWalker - Visiting attribute path : appointment.hcp.password
21:24:10.835 [main] DEBUG o.h.p.w.spi.MetamodelGraphWalker - Visiting attribute path : appointment.hcp.role
21:24:10.835 [main] DEBUG o.h.p.w.spi.MetamodelGraphWalker - Visiting attribute path : appointment.patient
21:24:10.836 [main] DEBUG o.h.l.p.b.i.spaces.QuerySpacesImpl - Adding QuerySpace : uid = <gen:3> -> org.hibernate.loader.plan.build.internal.spaces.EntityQuerySpaceImpl@6f471910]
21:24:10.836 [main] DEBUG o.h.p.w.spi.MetamodelGraphWalker - Visiting attribute path : appointment.patient.enabled
21:24:10.836 [main] DEBUG o.h.p.w.spi.MetamodelGraphWalker - Visiting attribute path : appointment.patient.password
21:24:10.837 [main] DEBUG o.h.p.w.spi.MetamodelGraphWalker - Visiting attribute path : appointment.patient.role
21:24:10.837 [main] DEBUG o.h.p.w.spi.MetamodelGraphWalker - Visiting attribute path : appointment.status
21:24:10.837 [main] DEBUG o.h.p.w.spi.MetamodelGraphWalker - Visiting attribute path : appointment.type
21:24:10.837 [main] DEBUG o.h.p.w.spi.MetamodelGraphWalker - Visiting attribute path : basicHealthMetrics
21:24:10.837 [main] DEBUG o.h.l.p.b.i.spaces.QuerySpacesImpl - Adding QuerySpace : uid = <gen:4> -> org.hibernate.loader.plan.build.internal.spaces.EntityQuerySpaceImpl@a1cfd17]
21:24:10.837 [main] DEBUG o.h.p.w.spi.MetamodelGraphWalker - Visiting attribute path : basicHealthMetrics.diastolic
21:24:10.837 [main] DEBUG o.h.p.w.spi.MetamodelGraphWalker - Visiting attribute path : basicHealthMetrics.hcp
21:24:10.838 [main] DEBUG o.h.l.p.b.i.spaces.QuerySpacesImpl - Adding QuerySpace : uid = <gen:5> -> org.hibernate.loader.plan.build.internal.spaces.EntityQuerySpaceImpl@3bad5fd1]
21:24:10.838 [main] DEBUG o.h.p.w.spi.MetamodelGraphWalker - Visiting attribute path : basicHealthMetrics.hcp.enabled
21:24:10.839 [main] DEBUG o.h.p.w.spi.MetamodelGraphWalker - Visiting attribute path : basicHealthMetrics.hcp.password
21:24:10.839 [main] DEBUG o.h.p.w.spi.MetamodelGraphWalker - Visiting attribute path : basicHealthMetrics.hcp.role
21:24:10.839 [main] DEBUG o.h.p.w.spi.MetamodelGraphWalker - Visiting attribute path : basicHealthMetrics.hdl
21:24:10.840 [main] DEBUG o.h.p.w.spi.MetamodelGraphWalker - Visiting attribute path : basicHealthMetrics.headCircumference
21:24:10.841 [main] DEBUG o.h.p.w.spi.MetamodelGraphWalker - Visiting attribute path : basicHealthMetrics.height
21:24:10.841 [main] DEBUG o.h.p.w.spi.MetamodelGraphWalker - Visiting attribute path : basicHealthMetrics.houseSmokingStatus
21:24:10.841 [main] DEBUG o.h.p.w.spi.MetamodelGraphWalker - Visiting attribute path : basicHealthMetrics.ldl
21:24:10.842 [main] DEBUG o.h.p.w.spi.MetamodelGraphWalker - Visiting attribute path : basicHealthMetrics.patient
21:24:10.843 [main] DEBUG o.h.l.p.b.i.spaces.QuerySpacesImpl - Adding QuerySpace : uid = <gen:6> -> org.hibernate.loader.plan.build.internal.spaces.EntityQuerySpaceImpl@53a164ec]
21:24:10.844 [main] DEBUG o.h.p.w.spi.MetamodelGraphWalker - Visiting attribute path : basicHealthMetrics.patient.enabled
21:24:10.845 [main] DEBUG o.h.p.w.spi.MetamodelGraphWalker - Visiting attribute path : basicHealthMetrics.patient.password
21:24:10.845 [main] DEBUG o.h.p.w.spi.MetamodelGraphWalker - Visiting attribute path : basicHealthMetrics.patient.role
21:24:10.845 [main] DEBUG o.h.p.w.spi.MetamodelGraphWalker - Visiting attribute path : basicHealthMetrics.patientSmokingStatus
21:24:10.845 [main] DEBUG o.h.p.w.spi.MetamodelGraphWalker - Visiting attribute path : basicHealthMetrics.systolic
21:24:10.846 [main] DEBUG o.h.p.w.spi.MetamodelGraphWalker - Visiting attribute path : basicHealthMetrics.tri
21:24:10.846 [main] DEBUG o.h.p.w.spi.MetamodelGraphWalker - Visiting attribute path : basicHealthMetrics.weight
21:24:10.846 [main] DEBUG o.h.p.w.spi.MetamodelGraphWalker - Visiting attribute path : date
21:24:10.846 [main] DEBUG o.h.p.w.spi.MetamodelGraphWalker - Visiting attribute path : hcp
21:24:10.848 [main] DEBUG o.h.l.p.b.i.spaces.QuerySpacesImpl - Adding QuerySpace : uid = <gen:7> -> org.hibernate.loader.plan.build.internal.spaces.EntityQuerySpaceImpl@44b6df0a]
21:24:10.848 [main] DEBUG o.h.p.w.spi.MetamodelGraphWalker - Visiting attribute path : hcp.enabled
21:24:10.848 [main] DEBUG o.h.p.w.spi.MetamodelGraphWalker - Visiting attribute path : hcp.password
21:24:10.848 [main] DEBUG o.h.p.w.spi.MetamodelGraphWalker - Visiting attribute path : hcp.role
21:24:10.849 [main] DEBUG o.h.p.w.spi.MetamodelGraphWalker - Visiting attribute path : hospital
21:24:10.849 [main] DEBUG o.h.l.p.b.i.spaces.QuerySpacesImpl - Adding QuerySpace : uid = <gen:8> -> org.hibernate.loader.plan.build.internal.spaces.EntityQuerySpaceImpl@64bb731b]
21:24:10.849 [main] DEBUG o.h.p.w.spi.MetamodelGraphWalker - Visiting attribute path : hospital.address
21:24:10.850 [main] DEBUG o.h.p.w.spi.MetamodelGraphWalker - Visiting attribute path : hospital.state
21:24:10.850 [main] DEBUG o.h.p.w.spi.MetamodelGraphWalker - Visiting attribute path : hospital.zip
21:24:10.850 [main] DEBUG o.h.p.w.spi.MetamodelGraphWalker - Visiting attribute path : notes
21:24:10.850 [main] DEBUG o.h.p.w.spi.MetamodelGraphWalker - Visiting attribute path : patient
21:24:10.851 [main] DEBUG o.h.l.p.b.i.spaces.QuerySpacesImpl - Adding QuerySpace : uid = <gen:9> -> org.hibernate.loader.plan.build.internal.spaces.EntityQuerySpaceImpl@21c954d4]
21:24:10.852 [main] DEBUG o.h.p.w.spi.MetamodelGraphWalker - Visiting attribute path : patient.enabled
21:24:10.852 [main] DEBUG o.h.p.w.spi.MetamodelGraphWalker - Visiting attribute path : patient.password
21:24:10.852 [main] DEBUG o.h.p.w.spi.MetamodelGraphWalker - Visiting attribute path : patient.role
21:24:10.852 [main] DEBUG o.h.p.w.spi.MetamodelGraphWalker - Visiting attribute path : prescriptions
21:24:10.853 [main] DEBUG o.h.l.p.b.i.spaces.QuerySpacesImpl - Adding QuerySpace : uid = <gen:10> -> org.hibernate.loader.plan.build.internal.spaces.CollectionQuerySpaceImpl@d10867d]
21:24:10.853 [main] DEBUG o.h.l.p.b.i.spaces.QuerySpacesImpl - Adding QuerySpace : uid = <gen:11> -> org.hibernate.loader.plan.build.internal.spaces.EntityQuerySpaceImpl@72e37c17]
21:24:10.855 [main] DEBUG o.h.p.w.spi.MetamodelGraphWalker - Visiting attribute path : prescriptions.dosage
21:24:10.855 [main] DEBUG o.h.p.w.spi.MetamodelGraphWalker - Visiting attribute path : prescriptions.drug
21:24:10.856 [main] DEBUG o.h.l.p.b.i.spaces.QuerySpacesImpl - Adding QuerySpace : uid = <gen:12> -> org.hibernate.loader.plan.build.internal.spaces.EntityQuerySpaceImpl@42d70ecf]
21:24:10.856 [main] DEBUG o.h.p.w.spi.MetamodelGraphWalker - Visiting attribute path : prescriptions.drug.code
21:24:10.856 [main] DEBUG o.h.p.w.spi.MetamodelGraphWalker - Visiting attribute path : prescriptions.drug.description
21:24:10.857 [main] DEBUG o.h.p.w.spi.MetamodelGraphWalker - Visiting attribute path : prescriptions.drug.name
21:24:10.857 [main] DEBUG o.h.p.w.spi.MetamodelGraphWalker - Visiting attribute path : prescriptions.endDate
21:24:10.857 [main] DEBUG o.h.p.w.spi.MetamodelGraphWalker - Visiting attribute path : prescriptions.patient
21:24:10.857 [main] DEBUG o.h.l.p.b.i.spaces.QuerySpacesImpl - Adding QuerySpace : uid = <gen:13> -> org.hibernate.loader.plan.build.internal.spaces.EntityQuerySpaceImpl@d37d9eb]
21:24:10.858 [main] DEBUG o.h.p.w.spi.MetamodelGraphWalker - Visiting attribute path : prescriptions.patient.enabled
21:24:10.858 [main] DEBUG o.h.p.w.spi.MetamodelGraphWalker - Visiting attribute path : prescriptions.patient.password
21:24:10.858 [main] DEBUG o.h.p.w.spi.MetamodelGraphWalker - Visiting attribute path : prescriptions.patient.role
21:24:10.858 [main] DEBUG o.h.p.w.spi.MetamodelGraphWalker - Visiting attribute path : prescriptions.renewals
21:24:10.859 [main] DEBUG o.h.p.w.spi.MetamodelGraphWalker - Visiting attribute path : prescriptions.startDate
21:24:10.859 [main] DEBUG o.h.p.w.spi.MetamodelGraphWalker - Visiting attribute path : type
21:24:10.859 [main] DEBUG o.h.l.p.b.i.FetchStyleLoadPlanBuildingAssociationVisitationStrategy - Building LoadPlan...
21:24:10.860 [main] DEBUG o.h.l.p.e.i.LoadQueryJoinAndFetchProcessor - processing queryspace <gen:0>
21:24:10.862 [main] DEBUG o.h.l.p.b.spi.LoadPlanTreePrinter - LoadPlan(entity=edu.ncsu.csc.itrust2.models.persistent.OfficeVisit)
    - Returns
       - EntityReturnImpl(entity=edu.ncsu.csc.itrust2.models.persistent.OfficeVisit, querySpaceUid=<gen:0>, path=edu.ncsu.csc.itrust2.models.persistent.OfficeVisit)
          - EntityAttributeFetchImpl(entity=edu.ncsu.csc.itrust2.models.persistent.AppointmentRequest, querySpaceUid=<gen:1>, path=edu.ncsu.csc.itrust2.models.persistent.OfficeVisit.appointment)
             - EntityAttributeFetchImpl(entity=edu.ncsu.csc.itrust2.models.persistent.User, querySpaceUid=<gen:2>, path=edu.ncsu.csc.itrust2.models.persistent.OfficeVisit.appointment.hcp)
             - EntityAttributeFetchImpl(entity=edu.ncsu.csc.itrust2.models.persistent.User, querySpaceUid=<gen:3>, path=edu.ncsu.csc.itrust2.models.persistent.OfficeVisit.appointment.patient)
          - EntityAttributeFetchImpl(entity=edu.ncsu.csc.itrust2.models.persistent.BasicHealthMetrics, querySpaceUid=<gen:4>, path=edu.ncsu.csc.itrust2.models.persistent.OfficeVisit.basicHealthMetrics)
             - EntityAttributeFetchImpl(entity=edu.ncsu.csc.itrust2.models.persistent.User, querySpaceUid=<gen:5>, path=edu.ncsu.csc.itrust2.models.persistent.OfficeVisit.basicHealthMetrics.hcp)
             - EntityAttributeFetchImpl(entity=edu.ncsu.csc.itrust2.models.persistent.User, querySpaceUid=<gen:6>, path=edu.ncsu.csc.itrust2.models.persistent.OfficeVisit.basicHealthMetrics.patient)
          - EntityAttributeFetchImpl(entity=edu.ncsu.csc.itrust2.models.persistent.User, querySpaceUid=<gen:7>, path=edu.ncsu.csc.itrust2.models.persistent.OfficeVisit.hcp)
          - EntityAttributeFetchImpl(entity=edu.ncsu.csc.itrust2.models.persistent.Hospital, querySpaceUid=<gen:8>, path=edu.ncsu.csc.itrust2.models.persistent.OfficeVisit.hospital)
          - EntityAttributeFetchImpl(entity=edu.ncsu.csc.itrust2.models.persistent.User, querySpaceUid=<gen:9>, path=edu.ncsu.csc.itrust2.models.persistent.OfficeVisit.patient)
          - CollectionAttributeFetchImpl(collection=edu.ncsu.csc.itrust2.models.persistent.OfficeVisit.prescriptions, querySpaceUid=<gen:10>, path=edu.ncsu.csc.itrust2.models.persistent.OfficeVisit.prescriptions)
             - (collection element) CollectionFetchableElementEntityGraph(entity=edu.ncsu.csc.itrust2.models.persistent.Prescription, querySpaceUid=<gen:11>, path=edu.ncsu.csc.itrust2.models.persistent.OfficeVisit.prescriptions.<elements>)
                - EntityAttributeFetchImpl(entity=edu.ncsu.csc.itrust2.models.persistent.Drug, querySpaceUid=<gen:12>, path=edu.ncsu.csc.itrust2.models.persistent.OfficeVisit.prescriptions.<elements>.drug)
                - EntityAttributeFetchImpl(entity=edu.ncsu.csc.itrust2.models.persistent.User, querySpaceUid=<gen:13>, path=edu.ncsu.csc.itrust2.models.persistent.OfficeVisit.prescriptions.<elements>.patient)
    - QuerySpaces
       - EntityQuerySpaceImpl(uid=<gen:0>, entity=edu.ncsu.csc.itrust2.models.persistent.OfficeVisit)
          - SQL table alias mapping - officevisi0_
          - alias suffix - 0_
          - suffixed key columns - {id1_10_0_}
          - JOIN (JoinDefinedByMetadata(appointment)) : <gen:0> -> <gen:1>
             - EntityQuerySpaceImpl(uid=<gen:1>, entity=edu.ncsu.csc.itrust2.models.persistent.AppointmentRequest)
                - SQL table alias mapping - appointmen1_
                - alias suffix - 1_
                - suffixed key columns - {id1_0_1_}
                - JOIN (JoinDefinedByMetadata(hcp)) : <gen:1> -> <gen:2>
                   - EntityQuerySpaceImpl(uid=<gen:2>, entity=edu.ncsu.csc.itrust2.models.persistent.User)
                      - SQL table alias mapping - user2_
                      - alias suffix - 2_
                      - suffixed key columns - {username1_15_2_}
                - JOIN (JoinDefinedByMetadata(patient)) : <gen:1> -> <gen:3>
                   - EntityQuerySpaceImpl(uid=<gen:3>, entity=edu.ncsu.csc.itrust2.models.persistent.User)
                      - SQL table alias mapping - user3_
                      - alias suffix - 3_
                      - suffixed key columns - {username1_15_3_}
          - JOIN (JoinDefinedByMetadata(basicHealthMetrics)) : <gen:0> -> <gen:4>
             - EntityQuerySpaceImpl(uid=<gen:4>, entity=edu.ncsu.csc.itrust2.models.persistent.BasicHealthMetrics)
                - SQL table alias mapping - basichealt4_
                - alias suffix - 4_
                - suffixed key columns - {id1_1_4_}
                - JOIN (JoinDefinedByMetadata(hcp)) : <gen:4> -> <gen:5>
                   - EntityQuerySpaceImpl(uid=<gen:5>, entity=edu.ncsu.csc.itrust2.models.persistent.User)
                      - SQL table alias mapping - user5_
                      - alias suffix - 5_
                      - suffixed key columns - {username1_15_5_}
                - JOIN (JoinDefinedByMetadata(patient)) : <gen:4> -> <gen:6>
                   - EntityQuerySpaceImpl(uid=<gen:6>, entity=edu.ncsu.csc.itrust2.models.persistent.User)
                      - SQL table alias mapping - user6_
                      - alias suffix - 6_
                      - suffixed key columns - {username1_15_6_}
          - JOIN (JoinDefinedByMetadata(hcp)) : <gen:0> -> <gen:7>
             - EntityQuerySpaceImpl(uid=<gen:7>, entity=edu.ncsu.csc.itrust2.models.persistent.User)
                - SQL table alias mapping - user7_
                - alias suffix - 7_
                - suffixed key columns - {username1_15_7_}
          - JOIN (JoinDefinedByMetadata(hospital)) : <gen:0> -> <gen:8>
             - EntityQuerySpaceImpl(uid=<gen:8>, entity=edu.ncsu.csc.itrust2.models.persistent.Hospital)
                - SQL table alias mapping - hospital8_
                - alias suffix - 8_
                - suffixed key columns - {name1_4_8_}
          - JOIN (JoinDefinedByMetadata(patient)) : <gen:0> -> <gen:9>
             - EntityQuerySpaceImpl(uid=<gen:9>, entity=edu.ncsu.csc.itrust2.models.persistent.User)
                - SQL table alias mapping - user9_
                - alias suffix - 9_
                - suffixed key columns - {username1_15_9_}
          - JOIN (JoinDefinedByMetadata(prescriptions)) : <gen:0> -> <gen:10>
             - CollectionQuerySpaceImpl(uid=<gen:10>, collection=edu.ncsu.csc.itrust2.models.persistent.OfficeVisit.prescriptions)
                - SQL table alias mapping - prescripti10_
                - alias suffix - 10_
                - suffixed key columns - {prescrip8_14_10_}
                - entity-element alias suffix - 11_
                - 11_entity-element suffixed key columns - id1_14_11_
                - JOIN (JoinDefinedByMetadata(elements)) : <gen:10> -> <gen:11>
                   - EntityQuerySpaceImpl(uid=<gen:11>, entity=edu.ncsu.csc.itrust2.models.persistent.Prescription)
                      - SQL table alias mapping - prescripti10_
                      - alias suffix - 11_
                      - suffixed key columns - {id1_14_11_}
                      - JOIN (JoinDefinedByMetadata(drug)) : <gen:11> -> <gen:12>
                         - EntityQuerySpaceImpl(uid=<gen:12>, entity=edu.ncsu.csc.itrust2.models.persistent.Drug)
                            - SQL table alias mapping - drug11_
                            - alias suffix - 12_
                            - suffixed key columns - {id1_3_12_}
                      - JOIN (JoinDefinedByMetadata(patient)) : <gen:11> -> <gen:13>
                         - EntityQuerySpaceImpl(uid=<gen:13>, entity=edu.ncsu.csc.itrust2.models.persistent.User)
                            - SQL table alias mapping - user12_
                            - alias suffix - 13_
                            - suffixed key columns - {username1_15_13_}

21:24:10.865 [main] DEBUG o.h.loader.entity.plan.EntityLoader - Static select for entity edu.ncsu.csc.itrust2.models.persistent.OfficeVisit [READ]: select officevisi0_.id as id1_10_0_, officevisi0_.appointment_id as appointm5_10_0_, officevisi0_.basichealthmetrics_id as basichea6_10_0_, officevisi0_.date as date2_10_0_, officevisi0_.hcp_id as hcp_id7_10_0_, officevisi0_.hospital_id as hospital8_10_0_, officevisi0_.notes as notes3_10_0_, officevisi0_.patient_id as patient_9_10_0_, officevisi0_.type as type4_10_0_, appointmen1_.id as id1_0_1_, appointmen1_.comments as comments2_0_1_, appointmen1_.date as date3_0_1_, appointmen1_.hcp_id as hcp_id6_0_1_, appointmen1_.patient_id as patient_7_0_1_, appointmen1_.status as status4_0_1_, appointmen1_.type as type5_0_1_, user2_.username as username1_15_2_, user2_.enabled as enabled2_15_2_, user2_.password as password3_15_2_, user2_.role as role4_15_2_, user3_.username as username1_15_3_, user3_.enabled as enabled2_15_3_, user3_.password as password3_15_3_, user3_.role as role4_15_3_, basichealt4_.id as id1_1_4_, basichealt4_.diastolic as diastoli2_1_4_, basichealt4_.hcp_id as hcp_id12_1_4_, basichealt4_.hdl as hdl3_1_4_, basichealt4_.headCircumference as headCirc4_1_4_, basichealt4_.height as height5_1_4_, basichealt4_.houseSmokingStatus as houseSmo6_1_4_, basichealt4_.ldl as ldl7_1_4_, basichealt4_.patient_id as patient13_1_4_, basichealt4_.patientSmokingStatus as patientS8_1_4_, basichealt4_.systolic as systolic9_1_4_, basichealt4_.tri as tri10_1_4_, basichealt4_.weight as weight11_1_4_, user5_.username as username1_15_5_, user5_.enabled as enabled2_15_5_, user5_.password as password3_15_5_, user5_.role as role4_15_5_, user6_.username as username1_15_6_, user6_.enabled as enabled2_15_6_, user6_.password as password3_15_6_, user6_.role as role4_15_6_, user7_.username as username1_15_7_, user7_.enabled as enabled2_15_7_, user7_.password as password3_15_7_, user7_.role as role4_15_7_, hospital8_.name as name1_4_8_, hospital8_.address as address2_4_8_, hospital8_.state as state3_4_8_, hospital8_.zip as zip4_4_8_, user9_.username as username1_15_9_, user9_.enabled as enabled2_15_9_, user9_.password as password3_15_9_, user9_.role as role4_15_9_, prescripti10_.prescriptions_id as prescrip8_14_10_, prescripti10_.id as id1_14_10_, prescripti10_.id as id1_14_11_, prescripti10_.dosage as dosage2_14_11_, prescripti10_.drug_id as drug_id6_14_11_, prescripti10_.endDate as endDate3_14_11_, prescripti10_.patient_id as patient_7_14_11_, prescripti10_.renewals as renewals4_14_11_, prescripti10_.startDate as startDat5_14_11_, drug11_.id as id1_3_12_, drug11_.code as code2_3_12_, drug11_.description as descript3_3_12_, drug11_.name as name4_3_12_, user12_.username as username1_15_13_, user12_.enabled as enabled2_15_13_, user12_.password as password3_15_13_, user12_.role as role4_15_13_ from OfficeVisits officevisi0_ left outer join AppointmentRequests appointmen1_ on officevisi0_.appointment_id=appointmen1_.id left outer join Users user2_ on appointmen1_.hcp_id=user2_.username left outer join Users user3_ on appointmen1_.patient_id=user3_.username left outer join BasicHealthMetrics basichealt4_ on officevisi0_.basichealthmetrics_id=basichealt4_.id left outer join Users user5_ on basichealt4_.hcp_id=user5_.username left outer join Users user6_ on basichealt4_.patient_id=user6_.username inner join Users user7_ on officevisi0_.hcp_id=user7_.username inner join Hospitals hospital8_ on officevisi0_.hospital_id=hospital8_.name inner join Users user9_ on officevisi0_.patient_id=user9_.username left outer join Prescriptions prescripti10_ on officevisi0_.id=prescripti10_.prescriptions_id left outer join Drugs drug11_ on prescripti10_.drug_id=drug11_.id left outer join Users user12_ on prescripti10_.patient_id=user12_.username where officevisi0_.id=?
21:24:10.866 [main] DEBUG o.h.l.p.b.i.spaces.QuerySpacesImpl - Adding QuerySpace : uid = <gen:0> -> org.hibernate.loader.plan.build.internal.spaces.EntityQuerySpaceImpl@56e56092]
21:24:10.867 [main] DEBUG o.h.p.w.spi.MetamodelGraphWalker - Visiting attribute path : appointment
21:24:10.867 [main] DEBUG o.h.l.p.b.i.spaces.QuerySpacesImpl - Adding QuerySpace : uid = <gen:1> -> org.hibernate.loader.plan.build.internal.spaces.EntityQuerySpaceImpl@205cc7f1]
21:24:10.868 [main] DEBUG o.h.p.w.spi.MetamodelGraphWalker - Visiting attribute path : basicHealthMetrics
21:24:10.868 [main] DEBUG o.h.l.p.b.i.spaces.QuerySpacesImpl - Adding QuerySpace : uid = <gen:2> -> org.hibernate.loader.plan.build.internal.spaces.EntityQuerySpaceImpl@792e3a94]
21:24:10.869 [main] DEBUG o.h.p.w.spi.MetamodelGraphWalker - Visiting attribute path : date
21:24:10.869 [main] DEBUG o.h.p.w.spi.MetamodelGraphWalker - Visiting attribute path : hcp
21:24:10.870 [main] DEBUG o.h.l.p.b.i.spaces.QuerySpacesImpl - Adding QuerySpace : uid = <gen:3> -> org.hibernate.loader.plan.build.internal.spaces.EntityQuerySpaceImpl@43234d3]
21:24:10.870 [main] DEBUG o.h.p.w.spi.MetamodelGraphWalker - Visiting attribute path : hospital
21:24:10.871 [main] DEBUG o.h.l.p.b.i.spaces.QuerySpacesImpl - Adding QuerySpace : uid = <gen:4> -> org.hibernate.loader.plan.build.internal.spaces.EntityQuerySpaceImpl@2aec2058]
21:24:10.871 [main] DEBUG o.h.p.w.spi.MetamodelGraphWalker - Visiting attribute path : notes
21:24:10.871 [main] DEBUG o.h.p.w.spi.MetamodelGraphWalker - Visiting attribute path : patient
21:24:10.872 [main] DEBUG o.h.l.p.b.i.spaces.QuerySpacesImpl - Adding QuerySpace : uid = <gen:5> -> org.hibernate.loader.plan.build.internal.spaces.EntityQuerySpaceImpl@6cc909bb]
21:24:10.872 [main] DEBUG o.h.p.w.spi.MetamodelGraphWalker - Visiting attribute path : prescriptions
21:24:10.873 [main] DEBUG o.h.l.p.b.i.spaces.QuerySpacesImpl - Adding QuerySpace : uid = <gen:6> -> org.hibernate.loader.plan.build.internal.spaces.CollectionQuerySpaceImpl@64bb642c]
21:24:10.876 [main] DEBUG o.h.l.p.b.i.spaces.QuerySpacesImpl - Adding QuerySpace : uid = <gen:7> -> org.hibernate.loader.plan.build.internal.spaces.EntityQuerySpaceImpl@71ba40c4]
21:24:10.876 [main] DEBUG o.h.p.w.spi.MetamodelGraphWalker - Visiting attribute path : type
21:24:10.877 [main] DEBUG o.h.l.p.b.i.FetchStyleLoadPlanBuildingAssociationVisitationStrategy - Building LoadPlan...
21:24:10.878 [main] DEBUG o.h.l.p.e.i.LoadQueryJoinAndFetchProcessor - processing queryspace <gen:0>
21:24:10.879 [main] DEBUG o.h.l.p.b.spi.LoadPlanTreePrinter - LoadPlan(entity=edu.ncsu.csc.itrust2.models.persistent.OfficeVisit)
    - Returns
       - EntityReturnImpl(entity=edu.ncsu.csc.itrust2.models.persistent.OfficeVisit, querySpaceUid=<gen:0>, path=edu.ncsu.csc.itrust2.models.persistent.OfficeVisit)
          - EntityAttributeFetchImpl(entity=edu.ncsu.csc.itrust2.models.persistent.AppointmentRequest, querySpaceUid=<gen:1>, path=edu.ncsu.csc.itrust2.models.persistent.OfficeVisit.appointment)
          - EntityAttributeFetchImpl(entity=edu.ncsu.csc.itrust2.models.persistent.BasicHealthMetrics, querySpaceUid=<gen:2>, path=edu.ncsu.csc.itrust2.models.persistent.OfficeVisit.basicHealthMetrics)
          - EntityAttributeFetchImpl(entity=edu.ncsu.csc.itrust2.models.persistent.User, querySpaceUid=<gen:3>, path=edu.ncsu.csc.itrust2.models.persistent.OfficeVisit.hcp)
          - EntityAttributeFetchImpl(entity=edu.ncsu.csc.itrust2.models.persistent.Hospital, querySpaceUid=<gen:4>, path=edu.ncsu.csc.itrust2.models.persistent.OfficeVisit.hospital)
          - EntityAttributeFetchImpl(entity=edu.ncsu.csc.itrust2.models.persistent.User, querySpaceUid=<gen:5>, path=edu.ncsu.csc.itrust2.models.persistent.OfficeVisit.patient)
          - CollectionAttributeFetchImpl(collection=edu.ncsu.csc.itrust2.models.persistent.OfficeVisit.prescriptions, querySpaceUid=<gen:6>, path=edu.ncsu.csc.itrust2.models.persistent.OfficeVisit.prescriptions)
             - (collection element) CollectionFetchableElementEntityGraph(entity=edu.ncsu.csc.itrust2.models.persistent.Prescription, querySpaceUid=<gen:7>, path=edu.ncsu.csc.itrust2.models.persistent.OfficeVisit.prescriptions.<elements>)
    - QuerySpaces
       - EntityQuerySpaceImpl(uid=<gen:0>, entity=edu.ncsu.csc.itrust2.models.persistent.OfficeVisit)
          - SQL table alias mapping - officevisi0_
          - alias suffix - 0_
          - suffixed key columns - {id1_10_0_}

21:24:10.880 [main] DEBUG o.h.loader.entity.plan.EntityLoader - Static select for entity edu.ncsu.csc.itrust2.models.persistent.OfficeVisit [UPGRADE]: select officevisi0_.id as id1_10_0_, officevisi0_.appointment_id as appointm5_10_0_, officevisi0_.basichealthmetrics_id as basichea6_10_0_, officevisi0_.date as date2_10_0_, officevisi0_.hcp_id as hcp_id7_10_0_, officevisi0_.hospital_id as hospital8_10_0_, officevisi0_.notes as notes3_10_0_, officevisi0_.patient_id as patient_9_10_0_, officevisi0_.type as type4_10_0_ from OfficeVisits officevisi0_ where officevisi0_.id=? for update
21:24:10.880 [main] DEBUG o.h.l.p.b.i.spaces.QuerySpacesImpl - Adding QuerySpace : uid = <gen:0> -> org.hibernate.loader.plan.build.internal.spaces.EntityQuerySpaceImpl@3a1f404b]
21:24:10.881 [main] DEBUG o.h.p.w.spi.MetamodelGraphWalker - Visiting attribute path : appointment
21:24:10.882 [main] DEBUG o.h.l.p.b.i.spaces.QuerySpacesImpl - Adding QuerySpace : uid = <gen:1> -> org.hibernate.loader.plan.build.internal.spaces.EntityQuerySpaceImpl@211a8f9d]
21:24:10.882 [main] DEBUG o.h.p.w.spi.MetamodelGraphWalker - Visiting attribute path : basicHealthMetrics
21:24:10.883 [main] DEBUG o.h.l.p.b.i.spaces.QuerySpacesImpl - Adding QuerySpace : uid = <gen:2> -> org.hibernate.loader.plan.build.internal.spaces.EntityQuerySpaceImpl@205571a]
21:24:10.884 [main] DEBUG o.h.p.w.spi.MetamodelGraphWalker - Visiting attribute path : date
21:24:10.884 [main] DEBUG o.h.p.w.spi.MetamodelGraphWalker - Visiting attribute path : hcp
21:24:10.884 [main] DEBUG o.h.l.p.b.i.spaces.QuerySpacesImpl - Adding QuerySpace : uid = <gen:3> -> org.hibernate.loader.plan.build.internal.spaces.EntityQuerySpaceImpl@42d84209]
21:24:10.885 [main] DEBUG o.h.p.w.spi.MetamodelGraphWalker - Visiting attribute path : hospital
21:24:10.885 [main] DEBUG o.h.l.p.b.i.spaces.QuerySpacesImpl - Adding QuerySpace : uid = <gen:4> -> org.hibernate.loader.plan.build.internal.spaces.EntityQuerySpaceImpl@24126432]
21:24:10.885 [main] DEBUG o.h.p.w.spi.MetamodelGraphWalker - Visiting attribute path : notes
21:24:10.886 [main] DEBUG o.h.p.w.spi.MetamodelGraphWalker - Visiting attribute path : patient
21:24:10.886 [main] DEBUG o.h.l.p.b.i.spaces.QuerySpacesImpl - Adding QuerySpace : uid = <gen:5> -> org.hibernate.loader.plan.build.internal.spaces.EntityQuerySpaceImpl@5181714a]
21:24:10.887 [main] DEBUG o.h.p.w.spi.MetamodelGraphWalker - Visiting attribute path : prescriptions
21:24:10.887 [main] DEBUG o.h.l.p.b.i.spaces.QuerySpacesImpl - Adding QuerySpace : uid = <gen:6> -> org.hibernate.loader.plan.build.internal.spaces.CollectionQuerySpaceImpl@799441e7]
21:24:10.887 [main] DEBUG o.h.l.p.b.i.spaces.QuerySpacesImpl - Adding QuerySpace : uid = <gen:7> -> org.hibernate.loader.plan.build.internal.spaces.EntityQuerySpaceImpl@79dc9cd6]
21:24:10.887 [main] DEBUG o.h.p.w.spi.MetamodelGraphWalker - Visiting attribute path : type
21:24:10.888 [main] DEBUG o.h.l.p.b.i.FetchStyleLoadPlanBuildingAssociationVisitationStrategy - Building LoadPlan...
21:24:10.888 [main] DEBUG o.h.l.p.e.i.LoadQueryJoinAndFetchProcessor - processing queryspace <gen:0>
21:24:10.890 [main] DEBUG o.h.l.p.b.spi.LoadPlanTreePrinter - LoadPlan(entity=edu.ncsu.csc.itrust2.models.persistent.OfficeVisit)
    - Returns
       - EntityReturnImpl(entity=edu.ncsu.csc.itrust2.models.persistent.OfficeVisit, querySpaceUid=<gen:0>, path=edu.ncsu.csc.itrust2.models.persistent.OfficeVisit)
          - EntityAttributeFetchImpl(entity=edu.ncsu.csc.itrust2.models.persistent.AppointmentRequest, querySpaceUid=<gen:1>, path=edu.ncsu.csc.itrust2.models.persistent.OfficeVisit.appointment)
          - EntityAttributeFetchImpl(entity=edu.ncsu.csc.itrust2.models.persistent.BasicHealthMetrics, querySpaceUid=<gen:2>, path=edu.ncsu.csc.itrust2.models.persistent.OfficeVisit.basicHealthMetrics)
          - EntityAttributeFetchImpl(entity=edu.ncsu.csc.itrust2.models.persistent.User, querySpaceUid=<gen:3>, path=edu.ncsu.csc.itrust2.models.persistent.OfficeVisit.hcp)
          - EntityAttributeFetchImpl(entity=edu.ncsu.csc.itrust2.models.persistent.Hospital, querySpaceUid=<gen:4>, path=edu.ncsu.csc.itrust2.models.persistent.OfficeVisit.hospital)
          - EntityAttributeFetchImpl(entity=edu.ncsu.csc.itrust2.models.persistent.User, querySpaceUid=<gen:5>, path=edu.ncsu.csc.itrust2.models.persistent.OfficeVisit.patient)
          - CollectionAttributeFetchImpl(collection=edu.ncsu.csc.itrust2.models.persistent.OfficeVisit.prescriptions, querySpaceUid=<gen:6>, path=edu.ncsu.csc.itrust2.models.persistent.OfficeVisit.prescriptions)
             - (collection element) CollectionFetchableElementEntityGraph(entity=edu.ncsu.csc.itrust2.models.persistent.Prescription, querySpaceUid=<gen:7>, path=edu.ncsu.csc.itrust2.models.persistent.OfficeVisit.prescriptions.<elements>)
    - QuerySpaces
       - EntityQuerySpaceImpl(uid=<gen:0>, entity=edu.ncsu.csc.itrust2.models.persistent.OfficeVisit)
          - SQL table alias mapping - officevisi0_
          - alias suffix - 0_
          - suffixed key columns - {id1_10_0_}

21:24:10.890 [main] DEBUG o.h.loader.entity.plan.EntityLoader - Static select for entity edu.ncsu.csc.itrust2.models.persistent.OfficeVisit [UPGRADE_NOWAIT]: select officevisi0_.id as id1_10_0_, officevisi0_.appointment_id as appointm5_10_0_, officevisi0_.basichealthmetrics_id as basichea6_10_0_, officevisi0_.date as date2_10_0_, officevisi0_.hcp_id as hcp_id7_10_0_, officevisi0_.hospital_id as hospital8_10_0_, officevisi0_.notes as notes3_10_0_, officevisi0_.patient_id as patient_9_10_0_, officevisi0_.type as type4_10_0_ from OfficeVisits officevisi0_ where officevisi0_.id=? for update
21:24:10.891 [main] DEBUG o.h.l.p.b.i.spaces.QuerySpacesImpl - Adding QuerySpace : uid = <gen:0> -> org.hibernate.loader.plan.build.internal.spaces.EntityQuerySpaceImpl@4ed8542b]
21:24:10.891 [main] DEBUG o.h.p.w.spi.MetamodelGraphWalker - Visiting attribute path : appointment
21:24:10.892 [main] DEBUG o.h.l.p.b.i.spaces.QuerySpacesImpl - Adding QuerySpace : uid = <gen:1> -> org.hibernate.loader.plan.build.internal.spaces.EntityQuerySpaceImpl@4f499794]
21:24:10.892 [main] DEBUG o.h.p.w.spi.MetamodelGraphWalker - Visiting attribute path : basicHealthMetrics
21:24:10.894 [main] DEBUG o.h.l.p.b.i.spaces.QuerySpacesImpl - Adding QuerySpace : uid = <gen:2> -> org.hibernate.loader.plan.build.internal.spaces.EntityQuerySpaceImpl@52ee8887]
21:24:10.895 [main] DEBUG o.h.p.w.spi.MetamodelGraphWalker - Visiting attribute path : date
21:24:10.896 [main] DEBUG o.h.p.w.spi.MetamodelGraphWalker - Visiting attribute path : hcp
21:24:10.896 [main] DEBUG o.h.l.p.b.i.spaces.QuerySpacesImpl - Adding QuerySpace : uid = <gen:3> -> org.hibernate.loader.plan.build.internal.spaces.EntityQuerySpaceImpl@5e1be7fd]
21:24:10.897 [main] DEBUG o.h.p.w.spi.MetamodelGraphWalker - Visiting attribute path : hospital
21:24:10.897 [main] DEBUG o.h.l.p.b.i.spaces.QuerySpacesImpl - Adding QuerySpace : uid = <gen:4> -> org.hibernate.loader.plan.build.internal.spaces.EntityQuerySpaceImpl@171760a]
21:24:10.897 [main] DEBUG o.h.p.w.spi.MetamodelGraphWalker - Visiting attribute path : notes
21:24:10.898 [main] DEBUG o.h.p.w.spi.MetamodelGraphWalker - Visiting attribute path : patient
21:24:10.898 [main] DEBUG o.h.l.p.b.i.spaces.QuerySpacesImpl - Adding QuerySpace : uid = <gen:5> -> org.hibernate.loader.plan.build.internal.spaces.EntityQuerySpaceImpl@287b487]
21:24:10.899 [main] DEBUG o.h.p.w.spi.MetamodelGraphWalker - Visiting attribute path : prescriptions
21:24:10.899 [main] DEBUG o.h.l.p.b.i.spaces.QuerySpacesImpl - Adding QuerySpace : uid = <gen:6> -> org.hibernate.loader.plan.build.internal.spaces.CollectionQuerySpaceImpl@248baee0]
21:24:10.900 [main] DEBUG o.h.l.p.b.i.spaces.QuerySpacesImpl - Adding QuerySpace : uid = <gen:7> -> org.hibernate.loader.plan.build.internal.spaces.EntityQuerySpaceImpl@252e9183]
21:24:10.901 [main] DEBUG o.h.p.w.spi.MetamodelGraphWalker - Visiting attribute path : type
21:24:10.902 [main] DEBUG o.h.l.p.b.i.FetchStyleLoadPlanBuildingAssociationVisitationStrategy - Building LoadPlan...
21:24:10.902 [main] DEBUG o.h.l.p.e.i.LoadQueryJoinAndFetchProcessor - processing queryspace <gen:0>
21:24:10.909 [main] DEBUG o.h.l.p.b.spi.LoadPlanTreePrinter - LoadPlan(entity=edu.ncsu.csc.itrust2.models.persistent.OfficeVisit)
    - Returns
       - EntityReturnImpl(entity=edu.ncsu.csc.itrust2.models.persistent.OfficeVisit, querySpaceUid=<gen:0>, path=edu.ncsu.csc.itrust2.models.persistent.OfficeVisit)
          - EntityAttributeFetchImpl(entity=edu.ncsu.csc.itrust2.models.persistent.AppointmentRequest, querySpaceUid=<gen:1>, path=edu.ncsu.csc.itrust2.models.persistent.OfficeVisit.appointment)
          - EntityAttributeFetchImpl(entity=edu.ncsu.csc.itrust2.models.persistent.BasicHealthMetrics, querySpaceUid=<gen:2>, path=edu.ncsu.csc.itrust2.models.persistent.OfficeVisit.basicHealthMetrics)
          - EntityAttributeFetchImpl(entity=edu.ncsu.csc.itrust2.models.persistent.User, querySpaceUid=<gen:3>, path=edu.ncsu.csc.itrust2.models.persistent.OfficeVisit.hcp)
          - EntityAttributeFetchImpl(entity=edu.ncsu.csc.itrust2.models.persistent.Hospital, querySpaceUid=<gen:4>, path=edu.ncsu.csc.itrust2.models.persistent.OfficeVisit.hospital)
          - EntityAttributeFetchImpl(entity=edu.ncsu.csc.itrust2.models.persistent.User, querySpaceUid=<gen:5>, path=edu.ncsu.csc.itrust2.models.persistent.OfficeVisit.patient)
          - CollectionAttributeFetchImpl(collection=edu.ncsu.csc.itrust2.models.persistent.OfficeVisit.prescriptions, querySpaceUid=<gen:6>, path=edu.ncsu.csc.itrust2.models.persistent.OfficeVisit.prescriptions)
             - (collection element) CollectionFetchableElementEntityGraph(entity=edu.ncsu.csc.itrust2.models.persistent.Prescription, querySpaceUid=<gen:7>, path=edu.ncsu.csc.itrust2.models.persistent.OfficeVisit.prescriptions.<elements>)
    - QuerySpaces
       - EntityQuerySpaceImpl(uid=<gen:0>, entity=edu.ncsu.csc.itrust2.models.persistent.OfficeVisit)
          - SQL table alias mapping - officevisi0_
          - alias suffix - 0_
          - suffixed key columns - {id1_10_0_}

21:24:10.910 [main] DEBUG o.h.loader.entity.plan.EntityLoader - Static select for entity edu.ncsu.csc.itrust2.models.persistent.OfficeVisit [UPGRADE_SKIPLOCKED]: select officevisi0_.id as id1_10_0_, officevisi0_.appointment_id as appointm5_10_0_, officevisi0_.basichealthmetrics_id as basichea6_10_0_, officevisi0_.date as date2_10_0_, officevisi0_.hcp_id as hcp_id7_10_0_, officevisi0_.hospital_id as hospital8_10_0_, officevisi0_.notes as notes3_10_0_, officevisi0_.patient_id as patient_9_10_0_, officevisi0_.type as type4_10_0_ from OfficeVisits officevisi0_ where officevisi0_.id=? for update
21:24:10.911 [main] DEBUG o.h.l.p.b.i.spaces.QuerySpacesImpl - Adding QuerySpace : uid = <gen:0> -> org.hibernate.loader.plan.build.internal.spaces.EntityQuerySpaceImpl@2f65720a]
21:24:10.911 [main] DEBUG o.h.p.w.spi.MetamodelGraphWalker - Visiting attribute path : appointment
21:24:10.911 [main] DEBUG o.h.l.p.b.i.spaces.QuerySpacesImpl - Adding QuerySpace : uid = <gen:1> -> org.hibernate.loader.plan.build.internal.spaces.EntityQuerySpaceImpl@697c88ac]
21:24:10.912 [main] DEBUG o.h.p.w.spi.MetamodelGraphWalker - Visiting attribute path : basicHealthMetrics
21:24:10.912 [main] DEBUG o.h.l.p.b.i.spaces.QuerySpacesImpl - Adding QuerySpace : uid = <gen:2> -> org.hibernate.loader.plan.build.internal.spaces.EntityQuerySpaceImpl@388fae89]
21:24:10.914 [main] DEBUG o.h.p.w.spi.MetamodelGraphWalker - Visiting attribute path : date
21:24:10.914 [main] DEBUG o.h.p.w.spi.MetamodelGraphWalker - Visiting attribute path : hcp
21:24:10.915 [main] DEBUG o.h.l.p.b.i.spaces.QuerySpacesImpl - Adding QuerySpace : uid = <gen:3> -> org.hibernate.loader.plan.build.internal.spaces.EntityQuerySpaceImpl@3cfe7eb0]
21:24:10.915 [main] DEBUG o.h.p.w.spi.MetamodelGraphWalker - Visiting attribute path : hospital
21:24:10.916 [main] DEBUG o.h.l.p.b.i.spaces.QuerySpacesImpl - Adding QuerySpace : uid = <gen:4> -> org.hibernate.loader.plan.build.internal.spaces.EntityQuerySpaceImpl@629ef762]
21:24:10.916 [main] DEBUG o.h.p.w.spi.MetamodelGraphWalker - Visiting attribute path : notes
21:24:10.916 [main] DEBUG o.h.p.w.spi.MetamodelGraphWalker - Visiting attribute path : patient
21:24:10.917 [main] DEBUG o.h.l.p.b.i.spaces.QuerySpacesImpl - Adding QuerySpace : uid = <gen:5> -> org.hibernate.loader.plan.build.internal.spaces.EntityQuerySpaceImpl@6f2a3a75]
21:24:10.917 [main] DEBUG o.h.p.w.spi.MetamodelGraphWalker - Visiting attribute path : prescriptions
21:24:10.917 [main] DEBUG o.h.l.p.b.i.spaces.QuerySpacesImpl - Adding QuerySpace : uid = <gen:6> -> org.hibernate.loader.plan.build.internal.spaces.CollectionQuerySpaceImpl@2a942aff]
21:24:10.918 [main] DEBUG o.h.l.p.b.i.spaces.QuerySpacesImpl - Adding QuerySpace : uid = <gen:7> -> org.hibernate.loader.plan.build.internal.spaces.EntityQuerySpaceImpl@65d0dae3]
21:24:10.918 [main] DEBUG o.h.p.w.spi.MetamodelGraphWalker - Visiting attribute path : type
21:24:10.919 [main] DEBUG o.h.l.p.b.i.FetchStyleLoadPlanBuildingAssociationVisitationStrategy - Building LoadPlan...
21:24:10.919 [main] DEBUG o.h.l.p.e.i.LoadQueryJoinAndFetchProcessor - processing queryspace <gen:0>
21:24:10.920 [main] DEBUG o.h.l.p.b.spi.LoadPlanTreePrinter - LoadPlan(entity=edu.ncsu.csc.itrust2.models.persistent.OfficeVisit)
    - Returns
       - EntityReturnImpl(entity=edu.ncsu.csc.itrust2.models.persistent.OfficeVisit, querySpaceUid=<gen:0>, path=edu.ncsu.csc.itrust2.models.persistent.OfficeVisit)
          - EntityAttributeFetchImpl(entity=edu.ncsu.csc.itrust2.models.persistent.AppointmentRequest, querySpaceUid=<gen:1>, path=edu.ncsu.csc.itrust2.models.persistent.OfficeVisit.appointment)
          - EntityAttributeFetchImpl(entity=edu.ncsu.csc.itrust2.models.persistent.BasicHealthMetrics, querySpaceUid=<gen:2>, path=edu.ncsu.csc.itrust2.models.persistent.OfficeVisit.basicHealthMetrics)
          - EntityAttributeFetchImpl(entity=edu.ncsu.csc.itrust2.models.persistent.User, querySpaceUid=<gen:3>, path=edu.ncsu.csc.itrust2.models.persistent.OfficeVisit.hcp)
          - EntityAttributeFetchImpl(entity=edu.ncsu.csc.itrust2.models.persistent.Hospital, querySpaceUid=<gen:4>, path=edu.ncsu.csc.itrust2.models.persistent.OfficeVisit.hospital)
          - EntityAttributeFetchImpl(entity=edu.ncsu.csc.itrust2.models.persistent.User, querySpaceUid=<gen:5>, path=edu.ncsu.csc.itrust2.models.persistent.OfficeVisit.patient)
          - CollectionAttributeFetchImpl(collection=edu.ncsu.csc.itrust2.models.persistent.OfficeVisit.prescriptions, querySpaceUid=<gen:6>, path=edu.ncsu.csc.itrust2.models.persistent.OfficeVisit.prescriptions)
             - (collection element) CollectionFetchableElementEntityGraph(entity=edu.ncsu.csc.itrust2.models.persistent.Prescription, querySpaceUid=<gen:7>, path=edu.ncsu.csc.itrust2.models.persistent.OfficeVisit.prescriptions.<elements>)
    - QuerySpaces
       - EntityQuerySpaceImpl(uid=<gen:0>, entity=edu.ncsu.csc.itrust2.models.persistent.OfficeVisit)
          - SQL table alias mapping - officevisi0_
          - alias suffix - 0_
          - suffixed key columns - {id1_10_0_}

21:24:10.922 [main] DEBUG o.h.loader.entity.plan.EntityLoader - Static select for entity edu.ncsu.csc.itrust2.models.persistent.OfficeVisit [FORCE]: select officevisi0_.id as id1_10_0_, officevisi0_.appointment_id as appointm5_10_0_, officevisi0_.basichealthmetrics_id as basichea6_10_0_, officevisi0_.date as date2_10_0_, officevisi0_.hcp_id as hcp_id7_10_0_, officevisi0_.hospital_id as hospital8_10_0_, officevisi0_.notes as notes3_10_0_, officevisi0_.patient_id as patient_9_10_0_, officevisi0_.type as type4_10_0_ from OfficeVisits officevisi0_ where officevisi0_.id=? for update
21:24:10.922 [main] DEBUG o.h.l.p.b.i.spaces.QuerySpacesImpl - Adding QuerySpace : uid = <gen:0> -> org.hibernate.loader.plan.build.internal.spaces.EntityQuerySpaceImpl@70e014dc]
21:24:10.922 [main] DEBUG o.h.p.w.spi.MetamodelGraphWalker - Visiting attribute path : appointment
21:24:10.923 [main] DEBUG o.h.l.p.b.i.spaces.QuerySpacesImpl - Adding QuerySpace : uid = <gen:1> -> org.hibernate.loader.plan.build.internal.spaces.EntityQuerySpaceImpl@456f69ce]
21:24:10.924 [main] DEBUG o.h.p.w.spi.MetamodelGraphWalker - Visiting attribute path : basicHealthMetrics
21:24:10.924 [main] DEBUG o.h.l.p.b.i.spaces.QuerySpacesImpl - Adding QuerySpace : uid = <gen:2> -> org.hibernate.loader.plan.build.internal.spaces.EntityQuerySpaceImpl@268bb442]
21:24:10.924 [main] DEBUG o.h.p.w.spi.MetamodelGraphWalker - Visiting attribute path : date
21:24:10.924 [main] DEBUG o.h.p.w.spi.MetamodelGraphWalker - Visiting attribute path : hcp
21:24:10.925 [main] DEBUG o.h.l.p.b.i.spaces.QuerySpacesImpl - Adding QuerySpace : uid = <gen:3> -> org.hibernate.loader.plan.build.internal.spaces.EntityQuerySpaceImpl@56bd02bb]
21:24:10.926 [main] DEBUG o.h.p.w.spi.MetamodelGraphWalker - Visiting attribute path : hospital
21:24:10.927 [main] DEBUG o.h.l.p.b.i.spaces.QuerySpacesImpl - Adding QuerySpace : uid = <gen:4> -> org.hibernate.loader.plan.build.internal.spaces.EntityQuerySpaceImpl@2366ef02]
21:24:10.927 [main] DEBUG o.h.p.w.spi.MetamodelGraphWalker - Visiting attribute path : notes
21:24:10.927 [main] DEBUG o.h.p.w.spi.MetamodelGraphWalker - Visiting attribute path : patient
21:24:10.928 [main] DEBUG o.h.l.p.b.i.spaces.QuerySpacesImpl - Adding QuerySpace : uid = <gen:5> -> org.hibernate.loader.plan.build.internal.spaces.EntityQuerySpaceImpl@1df9d3b9]
21:24:10.928 [main] DEBUG o.h.p.w.spi.MetamodelGraphWalker - Visiting attribute path : prescriptions
21:24:10.928 [main] DEBUG o.h.l.p.b.i.spaces.QuerySpacesImpl - Adding QuerySpace : uid = <gen:6> -> org.hibernate.loader.plan.build.internal.spaces.CollectionQuerySpaceImpl@66ab4de0]
21:24:10.929 [main] DEBUG o.h.l.p.b.i.spaces.QuerySpacesImpl - Adding QuerySpace : uid = <gen:7> -> org.hibernate.loader.plan.build.internal.spaces.EntityQuerySpaceImpl@58bd2354]
21:24:10.929 [main] DEBUG o.h.p.w.spi.MetamodelGraphWalker - Visiting attribute path : type
21:24:10.929 [main] DEBUG o.h.l.p.b.i.FetchStyleLoadPlanBuildingAssociationVisitationStrategy - Building LoadPlan...
21:24:10.930 [main] DEBUG o.h.l.p.e.i.LoadQueryJoinAndFetchProcessor - processing queryspace <gen:0>
21:24:10.930 [main] DEBUG o.h.l.p.b.spi.LoadPlanTreePrinter - LoadPlan(entity=edu.ncsu.csc.itrust2.models.persistent.OfficeVisit)
    - Returns
       - EntityReturnImpl(entity=edu.ncsu.csc.itrust2.models.persistent.OfficeVisit, querySpaceUid=<gen:0>, path=edu.ncsu.csc.itrust2.models.persistent.OfficeVisit)
          - EntityAttributeFetchImpl(entity=edu.ncsu.csc.itrust2.models.persistent.AppointmentRequest, querySpaceUid=<gen:1>, path=edu.ncsu.csc.itrust2.models.persistent.OfficeVisit.appointment)
          - EntityAttributeFetchImpl(entity=edu.ncsu.csc.itrust2.models.persistent.BasicHealthMetrics, querySpaceUid=<gen:2>, path=edu.ncsu.csc.itrust2.models.persistent.OfficeVisit.basicHealthMetrics)
          - EntityAttributeFetchImpl(entity=edu.ncsu.csc.itrust2.models.persistent.User, querySpaceUid=<gen:3>, path=edu.ncsu.csc.itrust2.models.persistent.OfficeVisit.hcp)
          - EntityAttributeFetchImpl(entity=edu.ncsu.csc.itrust2.models.persistent.Hospital, querySpaceUid=<gen:4>, path=edu.ncsu.csc.itrust2.models.persistent.OfficeVisit.hospital)
          - EntityAttributeFetchImpl(entity=edu.ncsu.csc.itrust2.models.persistent.User, querySpaceUid=<gen:5>, path=edu.ncsu.csc.itrust2.models.persistent.OfficeVisit.patient)
          - CollectionAttributeFetchImpl(collection=edu.ncsu.csc.itrust2.models.persistent.OfficeVisit.prescriptions, querySpaceUid=<gen:6>, path=edu.ncsu.csc.itrust2.models.persistent.OfficeVisit.prescriptions)
             - (collection element) CollectionFetchableElementEntityGraph(entity=edu.ncsu.csc.itrust2.models.persistent.Prescription, querySpaceUid=<gen:7>, path=edu.ncsu.csc.itrust2.models.persistent.OfficeVisit.prescriptions.<elements>)
    - QuerySpaces
       - EntityQuerySpaceImpl(uid=<gen:0>, entity=edu.ncsu.csc.itrust2.models.persistent.OfficeVisit)
          - SQL table alias mapping - officevisi0_
          - alias suffix - 0_
          - suffixed key columns - {id1_10_0_}

21:24:10.931 [main] DEBUG o.h.loader.entity.plan.EntityLoader - Static select for entity edu.ncsu.csc.itrust2.models.persistent.OfficeVisit [PESSIMISTIC_READ]: select officevisi0_.id as id1_10_0_, officevisi0_.appointment_id as appointm5_10_0_, officevisi0_.basichealthmetrics_id as basichea6_10_0_, officevisi0_.date as date2_10_0_, officevisi0_.hcp_id as hcp_id7_10_0_, officevisi0_.hospital_id as hospital8_10_0_, officevisi0_.notes as notes3_10_0_, officevisi0_.patient_id as patient_9_10_0_, officevisi0_.type as type4_10_0_ from OfficeVisits officevisi0_ where officevisi0_.id=? lock in share mode
21:24:10.931 [main] DEBUG o.h.l.p.b.i.spaces.QuerySpacesImpl - Adding QuerySpace : uid = <gen:0> -> org.hibernate.loader.plan.build.internal.spaces.EntityQuerySpaceImpl@4cb7c9be]
21:24:10.932 [main] DEBUG o.h.p.w.spi.MetamodelGraphWalker - Visiting attribute path : appointment
21:24:10.933 [main] DEBUG o.h.l.p.b.i.spaces.QuerySpacesImpl - Adding QuerySpace : uid = <gen:1> -> org.hibernate.loader.plan.build.internal.spaces.EntityQuerySpaceImpl@23f835d7]
21:24:10.934 [main] DEBUG o.h.p.w.spi.MetamodelGraphWalker - Visiting attribute path : basicHealthMetrics
21:24:10.934 [main] DEBUG o.h.l.p.b.i.spaces.QuerySpacesImpl - Adding QuerySpace : uid = <gen:2> -> org.hibernate.loader.plan.build.internal.spaces.EntityQuerySpaceImpl@12ee057f]
21:24:10.934 [main] DEBUG o.h.p.w.spi.MetamodelGraphWalker - Visiting attribute path : date
21:24:10.935 [main] DEBUG o.h.p.w.spi.MetamodelGraphWalker - Visiting attribute path : hcp
21:24:10.935 [main] DEBUG o.h.l.p.b.i.spaces.QuerySpacesImpl - Adding QuerySpace : uid = <gen:3> -> org.hibernate.loader.plan.build.internal.spaces.EntityQuerySpaceImpl@60e6c4a5]
21:24:10.935 [main] DEBUG o.h.p.w.spi.MetamodelGraphWalker - Visiting attribute path : hospital
21:24:10.936 [main] DEBUG o.h.l.p.b.i.spaces.QuerySpacesImpl - Adding QuerySpace : uid = <gen:4> -> org.hibernate.loader.plan.build.internal.spaces.EntityQuerySpaceImpl@7a804bdc]
21:24:10.937 [main] DEBUG o.h.p.w.spi.MetamodelGraphWalker - Visiting attribute path : notes
21:24:10.937 [main] DEBUG o.h.p.w.spi.MetamodelGraphWalker - Visiting attribute path : patient
21:24:10.938 [main] DEBUG o.h.l.p.b.i.spaces.QuerySpacesImpl - Adding QuerySpace : uid = <gen:5> -> org.hibernate.loader.plan.build.internal.spaces.EntityQuerySpaceImpl@18b48fd6]
21:24:10.938 [main] DEBUG o.h.p.w.spi.MetamodelGraphWalker - Visiting attribute path : prescriptions
21:24:10.939 [main] DEBUG o.h.l.p.b.i.spaces.QuerySpacesImpl - Adding QuerySpace : uid = <gen:6> -> org.hibernate.loader.plan.build.internal.spaces.CollectionQuerySpaceImpl@7a13a442]
21:24:10.939 [main] DEBUG o.h.l.p.b.i.spaces.QuerySpacesImpl - Adding QuerySpace : uid = <gen:7> -> org.hibernate.loader.plan.build.internal.spaces.EntityQuerySpaceImpl@2c069449]
21:24:10.939 [main] DEBUG o.h.p.w.spi.MetamodelGraphWalker - Visiting attribute path : type
21:24:10.942 [main] DEBUG o.h.l.p.b.i.FetchStyleLoadPlanBuildingAssociationVisitationStrategy - Building LoadPlan...
21:24:10.943 [main] DEBUG o.h.l.p.e.i.LoadQueryJoinAndFetchProcessor - processing queryspace <gen:0>
21:24:10.943 [main] DEBUG o.h.l.p.b.spi.LoadPlanTreePrinter - LoadPlan(entity=edu.ncsu.csc.itrust2.models.persistent.OfficeVisit)
    - Returns
       - EntityReturnImpl(entity=edu.ncsu.csc.itrust2.models.persistent.OfficeVisit, querySpaceUid=<gen:0>, path=edu.ncsu.csc.itrust2.models.persistent.OfficeVisit)
          - EntityAttributeFetchImpl(entity=edu.ncsu.csc.itrust2.models.persistent.AppointmentRequest, querySpaceUid=<gen:1>, path=edu.ncsu.csc.itrust2.models.persistent.OfficeVisit.appointment)
          - EntityAttributeFetchImpl(entity=edu.ncsu.csc.itrust2.models.persistent.BasicHealthMetrics, querySpaceUid=<gen:2>, path=edu.ncsu.csc.itrust2.models.persistent.OfficeVisit.basicHealthMetrics)
          - EntityAttributeFetchImpl(entity=edu.ncsu.csc.itrust2.models.persistent.User, querySpaceUid=<gen:3>, path=edu.ncsu.csc.itrust2.models.persistent.OfficeVisit.hcp)
          - EntityAttributeFetchImpl(entity=edu.ncsu.csc.itrust2.models.persistent.Hospital, querySpaceUid=<gen:4>, path=edu.ncsu.csc.itrust2.models.persistent.OfficeVisit.hospital)
          - EntityAttributeFetchImpl(entity=edu.ncsu.csc.itrust2.models.persistent.User, querySpaceUid=<gen:5>, path=edu.ncsu.csc.itrust2.models.persistent.OfficeVisit.patient)
          - CollectionAttributeFetchImpl(collection=edu.ncsu.csc.itrust2.models.persistent.OfficeVisit.prescriptions, querySpaceUid=<gen:6>, path=edu.ncsu.csc.itrust2.models.persistent.OfficeVisit.prescriptions)
             - (collection element) CollectionFetchableElementEntityGraph(entity=edu.ncsu.csc.itrust2.models.persistent.Prescription, querySpaceUid=<gen:7>, path=edu.ncsu.csc.itrust2.models.persistent.OfficeVisit.prescriptions.<elements>)
    - QuerySpaces
       - EntityQuerySpaceImpl(uid=<gen:0>, entity=edu.ncsu.csc.itrust2.models.persistent.OfficeVisit)
          - SQL table alias mapping - officevisi0_
          - alias suffix - 0_
          - suffixed key columns - {id1_10_0_}

21:24:10.944 [main] DEBUG o.h.loader.entity.plan.EntityLoader - Static select for entity edu.ncsu.csc.itrust2.models.persistent.OfficeVisit [PESSIMISTIC_WRITE]: select officevisi0_.id as id1_10_0_, officevisi0_.appointment_id as appointm5_10_0_, officevisi0_.basichealthmetrics_id as basichea6_10_0_, officevisi0_.date as date2_10_0_, officevisi0_.hcp_id as hcp_id7_10_0_, officevisi0_.hospital_id as hospital8_10_0_, officevisi0_.notes as notes3_10_0_, officevisi0_.patient_id as patient_9_10_0_, officevisi0_.type as type4_10_0_ from OfficeVisits officevisi0_ where officevisi0_.id=? for update
21:24:10.944 [main] DEBUG o.h.l.p.b.i.spaces.QuerySpacesImpl - Adding QuerySpace : uid = <gen:0> -> org.hibernate.loader.plan.build.internal.spaces.EntityQuerySpaceImpl@5420e4be]
21:24:10.944 [main] DEBUG o.h.p.w.spi.MetamodelGraphWalker - Visiting attribute path : appointment
21:24:10.945 [main] DEBUG o.h.l.p.b.i.spaces.QuerySpacesImpl - Adding QuerySpace : uid = <gen:1> -> org.hibernate.loader.plan.build.internal.spaces.EntityQuerySpaceImpl@f80933f]
21:24:10.945 [main] DEBUG o.h.p.w.spi.MetamodelGraphWalker - Visiting attribute path : basicHealthMetrics
21:24:10.946 [main] DEBUG o.h.l.p.b.i.spaces.QuerySpacesImpl - Adding QuerySpace : uid = <gen:2> -> org.hibernate.loader.plan.build.internal.spaces.EntityQuerySpaceImpl@173cfa5a]
21:24:10.946 [main] DEBUG o.h.p.w.spi.MetamodelGraphWalker - Visiting attribute path : date
21:24:10.946 [main] DEBUG o.h.p.w.spi.MetamodelGraphWalker - Visiting attribute path : hcp
21:24:10.947 [main] DEBUG o.h.l.p.b.i.spaces.QuerySpacesImpl - Adding QuerySpace : uid = <gen:3> -> org.hibernate.loader.plan.build.internal.spaces.EntityQuerySpaceImpl@44eaf917]
21:24:10.947 [main] DEBUG o.h.p.w.spi.MetamodelGraphWalker - Visiting attribute path : hospital
21:24:10.947 [main] DEBUG o.h.l.p.b.i.spaces.QuerySpacesImpl - Adding QuerySpace : uid = <gen:4> -> org.hibernate.loader.plan.build.internal.spaces.EntityQuerySpaceImpl@1c3aeaca]
21:24:10.948 [main] DEBUG o.h.p.w.spi.MetamodelGraphWalker - Visiting attribute path : notes
21:24:10.948 [main] DEBUG o.h.p.w.spi.MetamodelGraphWalker - Visiting attribute path : patient
21:24:10.948 [main] DEBUG o.h.l.p.b.i.spaces.QuerySpacesImpl - Adding QuerySpace : uid = <gen:5> -> org.hibernate.loader.plan.build.internal.spaces.EntityQuerySpaceImpl@17a89b19]
21:24:10.948 [main] DEBUG o.h.p.w.spi.MetamodelGraphWalker - Visiting attribute path : prescriptions
21:24:10.949 [main] DEBUG o.h.l.p.b.i.spaces.QuerySpacesImpl - Adding QuerySpace : uid = <gen:6> -> org.hibernate.loader.plan.build.internal.spaces.CollectionQuerySpaceImpl@67364d9c]
21:24:10.949 [main] DEBUG o.h.l.p.b.i.spaces.QuerySpacesImpl - Adding QuerySpace : uid = <gen:7> -> org.hibernate.loader.plan.build.internal.spaces.EntityQuerySpaceImpl@7407322c]
21:24:10.949 [main] DEBUG o.h.p.w.spi.MetamodelGraphWalker - Visiting attribute path : type
21:24:10.949 [main] DEBUG o.h.l.p.b.i.FetchStyleLoadPlanBuildingAssociationVisitationStrategy - Building LoadPlan...
21:24:10.950 [main] DEBUG o.h.l.p.e.i.LoadQueryJoinAndFetchProcessor - processing queryspace <gen:0>
21:24:10.951 [main] DEBUG o.h.l.p.b.spi.LoadPlanTreePrinter - LoadPlan(entity=edu.ncsu.csc.itrust2.models.persistent.OfficeVisit)
    - Returns
       - EntityReturnImpl(entity=edu.ncsu.csc.itrust2.models.persistent.OfficeVisit, querySpaceUid=<gen:0>, path=edu.ncsu.csc.itrust2.models.persistent.OfficeVisit)
          - EntityAttributeFetchImpl(entity=edu.ncsu.csc.itrust2.models.persistent.AppointmentRequest, querySpaceUid=<gen:1>, path=edu.ncsu.csc.itrust2.models.persistent.OfficeVisit.appointment)
          - EntityAttributeFetchImpl(entity=edu.ncsu.csc.itrust2.models.persistent.BasicHealthMetrics, querySpaceUid=<gen:2>, path=edu.ncsu.csc.itrust2.models.persistent.OfficeVisit.basicHealthMetrics)
          - EntityAttributeFetchImpl(entity=edu.ncsu.csc.itrust2.models.persistent.User, querySpaceUid=<gen:3>, path=edu.ncsu.csc.itrust2.models.persistent.OfficeVisit.hcp)
          - EntityAttributeFetchImpl(entity=edu.ncsu.csc.itrust2.models.persistent.Hospital, querySpaceUid=<gen:4>, path=edu.ncsu.csc.itrust2.models.persistent.OfficeVisit.hospital)
          - EntityAttributeFetchImpl(entity=edu.ncsu.csc.itrust2.models.persistent.User, querySpaceUid=<gen:5>, path=edu.ncsu.csc.itrust2.models.persistent.OfficeVisit.patient)
          - CollectionAttributeFetchImpl(collection=edu.ncsu.csc.itrust2.models.persistent.OfficeVisit.prescriptions, querySpaceUid=<gen:6>, path=edu.ncsu.csc.itrust2.models.persistent.OfficeVisit.prescriptions)
             - (collection element) CollectionFetchableElementEntityGraph(entity=edu.ncsu.csc.itrust2.models.persistent.Prescription, querySpaceUid=<gen:7>, path=edu.ncsu.csc.itrust2.models.persistent.OfficeVisit.prescriptions.<elements>)
    - QuerySpaces
       - EntityQuerySpaceImpl(uid=<gen:0>, entity=edu.ncsu.csc.itrust2.models.persistent.OfficeVisit)
          - SQL table alias mapping - officevisi0_
          - alias suffix - 0_
          - suffixed key columns - {id1_10_0_}

21:24:10.951 [main] DEBUG o.h.loader.entity.plan.EntityLoader - Static select for entity edu.ncsu.csc.itrust2.models.persistent.OfficeVisit [PESSIMISTIC_FORCE_INCREMENT]: select officevisi0_.id as id1_10_0_, officevisi0_.appointment_id as appointm5_10_0_, officevisi0_.basichealthmetrics_id as basichea6_10_0_, officevisi0_.date as date2_10_0_, officevisi0_.hcp_id as hcp_id7_10_0_, officevisi0_.hospital_id as hospital8_10_0_, officevisi0_.notes as notes3_10_0_, officevisi0_.patient_id as patient_9_10_0_, officevisi0_.type as type4_10_0_ from OfficeVisits officevisi0_ where officevisi0_.id=? for update
21:24:10.952 [main] DEBUG o.h.l.p.b.i.spaces.QuerySpacesImpl - Adding QuerySpace : uid = <gen:0> -> org.hibernate.loader.plan.build.internal.spaces.EntityQuerySpaceImpl@3fa0fadc]
21:24:10.952 [main] DEBUG o.h.p.w.spi.MetamodelGraphWalker - Visiting attribute path : appointment
21:24:10.953 [main] DEBUG o.h.l.p.b.i.spaces.QuerySpacesImpl - Adding QuerySpace : uid = <gen:1> -> org.hibernate.loader.plan.build.internal.spaces.EntityQuerySpaceImpl@390c34d3]
21:24:10.953 [main] DEBUG o.h.p.w.spi.MetamodelGraphWalker - Visiting attribute path : basicHealthMetrics
21:24:10.953 [main] DEBUG o.h.l.p.b.i.spaces.QuerySpacesImpl - Adding QuerySpace : uid = <gen:2> -> org.hibernate.loader.plan.build.internal.spaces.EntityQuerySpaceImpl@7457e78c]
21:24:10.953 [main] DEBUG o.h.p.w.spi.MetamodelGraphWalker - Visiting attribute path : date
21:24:10.954 [main] DEBUG o.h.p.w.spi.MetamodelGraphWalker - Visiting attribute path : hcp
21:24:10.954 [main] DEBUG o.h.l.p.b.i.spaces.QuerySpacesImpl - Adding QuerySpace : uid = <gen:3> -> org.hibernate.loader.plan.build.internal.spaces.EntityQuerySpaceImpl@4c1985c0]
21:24:10.954 [main] DEBUG o.h.p.w.spi.MetamodelGraphWalker - Visiting attribute path : hospital
21:24:10.954 [main] DEBUG o.h.l.p.b.i.spaces.QuerySpacesImpl - Adding QuerySpace : uid = <gen:4> -> org.hibernate.loader.plan.build.internal.spaces.EntityQuerySpaceImpl@3e1bb2ef]
21:24:10.955 [main] DEBUG o.h.p.w.spi.MetamodelGraphWalker - Visiting attribute path : notes
21:24:10.955 [main] DEBUG o.h.p.w.spi.MetamodelGraphWalker - Visiting attribute path : patient
21:24:10.956 [main] DEBUG o.h.l.p.b.i.spaces.QuerySpacesImpl - Adding QuerySpace : uid = <gen:5> -> org.hibernate.loader.plan.build.internal.spaces.EntityQuerySpaceImpl@6669a353]
21:24:10.956 [main] DEBUG o.h.p.w.spi.MetamodelGraphWalker - Visiting attribute path : prescriptions
21:24:10.956 [main] DEBUG o.h.l.p.b.i.spaces.QuerySpacesImpl - Adding QuerySpace : uid = <gen:6> -> org.hibernate.loader.plan.build.internal.spaces.CollectionQuerySpaceImpl@2dc94395]
21:24:10.956 [main] DEBUG o.h.l.p.b.i.spaces.QuerySpacesImpl - Adding QuerySpace : uid = <gen:7> -> org.hibernate.loader.plan.build.internal.spaces.EntityQuerySpaceImpl@2d7ee469]
21:24:10.957 [main] DEBUG o.h.p.w.spi.MetamodelGraphWalker - Visiting attribute path : type
21:24:10.957 [main] DEBUG o.h.l.p.b.i.FetchStyleLoadPlanBuildingAssociationVisitationStrategy - Building LoadPlan...
21:24:10.957 [main] DEBUG o.h.l.p.e.i.LoadQueryJoinAndFetchProcessor - processing queryspace <gen:0>
21:24:10.958 [main] DEBUG o.h.l.p.b.spi.LoadPlanTreePrinter - LoadPlan(entity=edu.ncsu.csc.itrust2.models.persistent.OfficeVisit)
    - Returns
       - EntityReturnImpl(entity=edu.ncsu.csc.itrust2.models.persistent.OfficeVisit, querySpaceUid=<gen:0>, path=edu.ncsu.csc.itrust2.models.persistent.OfficeVisit)
          - EntityAttributeFetchImpl(entity=edu.ncsu.csc.itrust2.models.persistent.AppointmentRequest, querySpaceUid=<gen:1>, path=edu.ncsu.csc.itrust2.models.persistent.OfficeVisit.appointment)
          - EntityAttributeFetchImpl(entity=edu.ncsu.csc.itrust2.models.persistent.BasicHealthMetrics, querySpaceUid=<gen:2>, path=edu.ncsu.csc.itrust2.models.persistent.OfficeVisit.basicHealthMetrics)
          - EntityAttributeFetchImpl(entity=edu.ncsu.csc.itrust2.models.persistent.User, querySpaceUid=<gen:3>, path=edu.ncsu.csc.itrust2.models.persistent.OfficeVisit.hcp)
          - EntityAttributeFetchImpl(entity=edu.ncsu.csc.itrust2.models.persistent.Hospital, querySpaceUid=<gen:4>, path=edu.ncsu.csc.itrust2.models.persistent.OfficeVisit.hospital)
          - EntityAttributeFetchImpl(entity=edu.ncsu.csc.itrust2.models.persistent.User, querySpaceUid=<gen:5>, path=edu.ncsu.csc.itrust2.models.persistent.OfficeVisit.patient)
          - CollectionAttributeFetchImpl(collection=edu.ncsu.csc.itrust2.models.persistent.OfficeVisit.prescriptions, querySpaceUid=<gen:6>, path=edu.ncsu.csc.itrust2.models.persistent.OfficeVisit.prescriptions)
             - (collection element) CollectionFetchableElementEntityGraph(entity=edu.ncsu.csc.itrust2.models.persistent.Prescription, querySpaceUid=<gen:7>, path=edu.ncsu.csc.itrust2.models.persistent.OfficeVisit.prescriptions.<elements>)
    - QuerySpaces
       - EntityQuerySpaceImpl(uid=<gen:0>, entity=edu.ncsu.csc.itrust2.models.persistent.OfficeVisit)
          - SQL table alias mapping - officevisi0_
          - alias suffix - 0_
          - suffixed key columns - {id1_10_0_}

21:24:10.959 [main] DEBUG o.h.loader.entity.plan.EntityLoader - Static select for entity edu.ncsu.csc.itrust2.models.persistent.OfficeVisit [OPTIMISTIC]: select officevisi0_.id as id1_10_0_, officevisi0_.appointment_id as appointm5_10_0_, officevisi0_.basichealthmetrics_id as basichea6_10_0_, officevisi0_.date as date2_10_0_, officevisi0_.hcp_id as hcp_id7_10_0_, officevisi0_.hospital_id as hospital8_10_0_, officevisi0_.notes as notes3_10_0_, officevisi0_.patient_id as patient_9_10_0_, officevisi0_.type as type4_10_0_ from OfficeVisits officevisi0_ where officevisi0_.id=?
21:24:10.960 [main] DEBUG o.h.l.p.b.i.spaces.QuerySpacesImpl - Adding QuerySpace : uid = <gen:0> -> org.hibernate.loader.plan.build.internal.spaces.EntityQuerySpaceImpl@4e91a7e3]
21:24:10.960 [main] DEBUG o.h.p.w.spi.MetamodelGraphWalker - Visiting attribute path : appointment
21:24:10.961 [main] DEBUG o.h.l.p.b.i.spaces.QuerySpacesImpl - Adding QuerySpace : uid = <gen:1> -> org.hibernate.loader.plan.build.internal.spaces.EntityQuerySpaceImpl@2fbd49e]
21:24:10.961 [main] DEBUG o.h.p.w.spi.MetamodelGraphWalker - Visiting attribute path : basicHealthMetrics
21:24:10.962 [main] DEBUG o.h.l.p.b.i.spaces.QuerySpacesImpl - Adding QuerySpace : uid = <gen:2> -> org.hibernate.loader.plan.build.internal.spaces.EntityQuerySpaceImpl@587c3504]
21:24:10.962 [main] DEBUG o.h.p.w.spi.MetamodelGraphWalker - Visiting attribute path : date
21:24:10.962 [main] DEBUG o.h.p.w.spi.MetamodelGraphWalker - Visiting attribute path : hcp
21:24:10.962 [main] DEBUG o.h.l.p.b.i.spaces.QuerySpacesImpl - Adding QuerySpace : uid = <gen:3> -> org.hibernate.loader.plan.build.internal.spaces.EntityQuerySpaceImpl@1b112f57]
21:24:10.963 [main] DEBUG o.h.p.w.spi.MetamodelGraphWalker - Visiting attribute path : hospital
21:24:10.963 [main] DEBUG o.h.l.p.b.i.spaces.QuerySpacesImpl - Adding QuerySpace : uid = <gen:4> -> org.hibernate.loader.plan.build.internal.spaces.EntityQuerySpaceImpl@31c0e942]
21:24:10.963 [main] DEBUG o.h.p.w.spi.MetamodelGraphWalker - Visiting attribute path : notes
21:24:10.963 [main] DEBUG o.h.p.w.spi.MetamodelGraphWalker - Visiting attribute path : patient
21:24:10.964 [main] DEBUG o.h.l.p.b.i.spaces.QuerySpacesImpl - Adding QuerySpace : uid = <gen:5> -> org.hibernate.loader.plan.build.internal.spaces.EntityQuerySpaceImpl@6dc384c0]
21:24:10.964 [main] DEBUG o.h.p.w.spi.MetamodelGraphWalker - Visiting attribute path : prescriptions
21:24:10.964 [main] DEBUG o.h.l.p.b.i.spaces.QuerySpacesImpl - Adding QuerySpace : uid = <gen:6> -> org.hibernate.loader.plan.build.internal.spaces.CollectionQuerySpaceImpl@54ae5869]
21:24:10.964 [main] DEBUG o.h.l.p.b.i.spaces.QuerySpacesImpl - Adding QuerySpace : uid = <gen:7> -> org.hibernate.loader.plan.build.internal.spaces.EntityQuerySpaceImpl@46d7ae3c]
21:24:10.965 [main] DEBUG o.h.p.w.spi.MetamodelGraphWalker - Visiting attribute path : type
21:24:10.965 [main] DEBUG o.h.l.p.b.i.FetchStyleLoadPlanBuildingAssociationVisitationStrategy - Building LoadPlan...
21:24:10.966 [main] DEBUG o.h.l.p.e.i.LoadQueryJoinAndFetchProcessor - processing queryspace <gen:0>
21:24:10.966 [main] DEBUG o.h.l.p.b.spi.LoadPlanTreePrinter - LoadPlan(entity=edu.ncsu.csc.itrust2.models.persistent.OfficeVisit)
    - Returns
       - EntityReturnImpl(entity=edu.ncsu.csc.itrust2.models.persistent.OfficeVisit, querySpaceUid=<gen:0>, path=edu.ncsu.csc.itrust2.models.persistent.OfficeVisit)
          - EntityAttributeFetchImpl(entity=edu.ncsu.csc.itrust2.models.persistent.AppointmentRequest, querySpaceUid=<gen:1>, path=edu.ncsu.csc.itrust2.models.persistent.OfficeVisit.appointment)
          - EntityAttributeFetchImpl(entity=edu.ncsu.csc.itrust2.models.persistent.BasicHealthMetrics, querySpaceUid=<gen:2>, path=edu.ncsu.csc.itrust2.models.persistent.OfficeVisit.basicHealthMetrics)
          - EntityAttributeFetchImpl(entity=edu.ncsu.csc.itrust2.models.persistent.User, querySpaceUid=<gen:3>, path=edu.ncsu.csc.itrust2.models.persistent.OfficeVisit.hcp)
          - EntityAttributeFetchImpl(entity=edu.ncsu.csc.itrust2.models.persistent.Hospital, querySpaceUid=<gen:4>, path=edu.ncsu.csc.itrust2.models.persistent.OfficeVisit.hospital)
          - EntityAttributeFetchImpl(entity=edu.ncsu.csc.itrust2.models.persistent.User, querySpaceUid=<gen:5>, path=edu.ncsu.csc.itrust2.models.persistent.OfficeVisit.patient)
          - CollectionAttributeFetchImpl(collection=edu.ncsu.csc.itrust2.models.persistent.OfficeVisit.prescriptions, querySpaceUid=<gen:6>, path=edu.ncsu.csc.itrust2.models.persistent.OfficeVisit.prescriptions)
             - (collection element) CollectionFetchableElementEntityGraph(entity=edu.ncsu.csc.itrust2.models.persistent.Prescription, querySpaceUid=<gen:7>, path=edu.ncsu.csc.itrust2.models.persistent.OfficeVisit.prescriptions.<elements>)
    - QuerySpaces
       - EntityQuerySpaceImpl(uid=<gen:0>, entity=edu.ncsu.csc.itrust2.models.persistent.OfficeVisit)
          - SQL table alias mapping - officevisi0_
          - alias suffix - 0_
          - suffixed key columns - {id1_10_0_}

21:24:10.967 [main] DEBUG o.h.loader.entity.plan.EntityLoader - Static select for entity edu.ncsu.csc.itrust2.models.persistent.OfficeVisit [OPTIMISTIC_FORCE_INCREMENT]: select officevisi0_.id as id1_10_0_, officevisi0_.appointment_id as appointm5_10_0_, officevisi0_.basichealthmetrics_id as basichea6_10_0_, officevisi0_.date as date2_10_0_, officevisi0_.hcp_id as hcp_id7_10_0_, officevisi0_.hospital_id as hospital8_10_0_, officevisi0_.notes as notes3_10_0_, officevisi0_.patient_id as patient_9_10_0_, officevisi0_.type as type4_10_0_ from OfficeVisits officevisi0_ where officevisi0_.id=?
21:24:10.968 [main] DEBUG org.hibernate.loader.Loader - Static select for action ACTION_MERGE on entity edu.ncsu.csc.itrust2.models.persistent.OfficeVisit: select officevisi0_.id as id1_10_0_, officevisi0_.appointment_id as appointm5_10_0_, officevisi0_.basichealthmetrics_id as basichea6_10_0_, officevisi0_.date as date2_10_0_, officevisi0_.hcp_id as hcp_id7_10_0_, officevisi0_.hospital_id as hospital8_10_0_, officevisi0_.notes as notes3_10_0_, officevisi0_.patient_id as patient_9_10_0_, officevisi0_.type as type4_10_0_ from OfficeVisits officevisi0_ where officevisi0_.id=?
21:24:10.969 [main] DEBUG org.hibernate.loader.Loader - Static select for action ACTION_REFRESH on entity edu.ncsu.csc.itrust2.models.persistent.OfficeVisit: select officevisi0_.id as id1_10_0_, officevisi0_.appointment_id as appointm5_10_0_, officevisi0_.basichealthmetrics_id as basichea6_10_0_, officevisi0_.date as date2_10_0_, officevisi0_.hcp_id as hcp_id7_10_0_, officevisi0_.hospital_id as hospital8_10_0_, officevisi0_.notes as notes3_10_0_, officevisi0_.patient_id as patient_9_10_0_, officevisi0_.type as type4_10_0_ from OfficeVisits officevisi0_ where officevisi0_.id=?
21:24:10.970 [main] DEBUG o.h.p.entity.AbstractEntityPersister - Static SQL for entity: edu.ncsu.csc.itrust2.models.persistent.Drug
21:24:10.970 [main] DEBUG o.h.p.entity.AbstractEntityPersister -  Version select: select id from Drugs where id =?
21:24:10.970 [main] DEBUG o.h.p.entity.AbstractEntityPersister -  Snapshot select: select drug_.id, drug_.code as code2_3_, drug_.description as descript3_3_, drug_.name as name4_3_ from Drugs drug_ where drug_.id=?
21:24:10.970 [main] DEBUG o.h.p.entity.AbstractEntityPersister -  Insert 0: insert into Drugs (code, description, name, id) values (?, ?, ?, ?)
21:24:10.971 [main] DEBUG o.h.p.entity.AbstractEntityPersister -  Update 0: update Drugs set code=?, description=?, name=? where id=?
21:24:10.971 [main] DEBUG o.h.p.entity.AbstractEntityPersister -  Delete 0: delete from Drugs where id=?
21:24:10.971 [main] DEBUG o.h.l.p.b.i.spaces.QuerySpacesImpl - Adding QuerySpace : uid = <gen:0> -> org.hibernate.loader.plan.build.internal.spaces.EntityQuerySpaceImpl@70ebd55d]
21:24:10.972 [main] DEBUG o.h.p.w.spi.MetamodelGraphWalker - Visiting attribute path : code
21:24:10.972 [main] DEBUG o.h.p.w.spi.MetamodelGraphWalker - Visiting attribute path : description
21:24:10.972 [main] DEBUG o.h.p.w.spi.MetamodelGraphWalker - Visiting attribute path : name
21:24:10.972 [main] DEBUG o.h.l.p.b.i.FetchStyleLoadPlanBuildingAssociationVisitationStrategy - Building LoadPlan...
21:24:10.973 [main] DEBUG o.h.l.p.e.i.LoadQueryJoinAndFetchProcessor - processing queryspace <gen:0>
21:24:10.973 [main] DEBUG o.h.l.p.b.spi.LoadPlanTreePrinter - LoadPlan(entity=edu.ncsu.csc.itrust2.models.persistent.Drug)
    - Returns
       - EntityReturnImpl(entity=edu.ncsu.csc.itrust2.models.persistent.Drug, querySpaceUid=<gen:0>, path=edu.ncsu.csc.itrust2.models.persistent.Drug)
    - QuerySpaces
       - EntityQuerySpaceImpl(uid=<gen:0>, entity=edu.ncsu.csc.itrust2.models.persistent.Drug)
          - SQL table alias mapping - drug0_
          - alias suffix - 0_
          - suffixed key columns - {id1_3_0_}

21:24:10.974 [main] DEBUG o.h.loader.entity.plan.EntityLoader - Static select for entity edu.ncsu.csc.itrust2.models.persistent.Drug [NONE]: select drug0_.id as id1_3_0_, drug0_.code as code2_3_0_, drug0_.description as descript3_3_0_, drug0_.name as name4_3_0_ from Drugs drug0_ where drug0_.id=?
21:24:10.974 [main] DEBUG o.h.l.p.b.i.spaces.QuerySpacesImpl - Adding QuerySpace : uid = <gen:0> -> org.hibernate.loader.plan.build.internal.spaces.EntityQuerySpaceImpl@27b4d742]
21:24:10.974 [main] DEBUG o.h.p.w.spi.MetamodelGraphWalker - Visiting attribute path : code
21:24:10.975 [main] DEBUG o.h.p.w.spi.MetamodelGraphWalker - Visiting attribute path : description
21:24:10.975 [main] DEBUG o.h.p.w.spi.MetamodelGraphWalker - Visiting attribute path : name
21:24:10.975 [main] DEBUG o.h.l.p.b.i.FetchStyleLoadPlanBuildingAssociationVisitationStrategy - Building LoadPlan...
21:24:10.975 [main] DEBUG o.h.l.p.e.i.LoadQueryJoinAndFetchProcessor - processing queryspace <gen:0>
21:24:10.976 [main] DEBUG o.h.l.p.b.spi.LoadPlanTreePrinter - LoadPlan(entity=edu.ncsu.csc.itrust2.models.persistent.Drug)
    - Returns
       - EntityReturnImpl(entity=edu.ncsu.csc.itrust2.models.persistent.Drug, querySpaceUid=<gen:0>, path=edu.ncsu.csc.itrust2.models.persistent.Drug)
    - QuerySpaces
       - EntityQuerySpaceImpl(uid=<gen:0>, entity=edu.ncsu.csc.itrust2.models.persistent.Drug)
          - SQL table alias mapping - drug0_
          - alias suffix - 0_
          - suffixed key columns - {id1_3_0_}

21:24:10.976 [main] DEBUG o.h.loader.entity.plan.EntityLoader - Static select for entity edu.ncsu.csc.itrust2.models.persistent.Drug [READ]: select drug0_.id as id1_3_0_, drug0_.code as code2_3_0_, drug0_.description as descript3_3_0_, drug0_.name as name4_3_0_ from Drugs drug0_ where drug0_.id=?
21:24:10.976 [main] DEBUG o.h.l.p.b.i.spaces.QuerySpacesImpl - Adding QuerySpace : uid = <gen:0> -> org.hibernate.loader.plan.build.internal.spaces.EntityQuerySpaceImpl@72065c3b]
21:24:10.977 [main] DEBUG o.h.p.w.spi.MetamodelGraphWalker - Visiting attribute path : code
21:24:10.977 [main] DEBUG o.h.p.w.spi.MetamodelGraphWalker - Visiting attribute path : description
21:24:10.977 [main] DEBUG o.h.p.w.spi.MetamodelGraphWalker - Visiting attribute path : name
21:24:10.978 [main] DEBUG o.h.l.p.b.i.FetchStyleLoadPlanBuildingAssociationVisitationStrategy - Building LoadPlan...
21:24:10.978 [main] DEBUG o.h.l.p.e.i.LoadQueryJoinAndFetchProcessor - processing queryspace <gen:0>
21:24:10.979 [main] DEBUG o.h.l.p.b.spi.LoadPlanTreePrinter - LoadPlan(entity=edu.ncsu.csc.itrust2.models.persistent.Drug)
    - Returns
       - EntityReturnImpl(entity=edu.ncsu.csc.itrust2.models.persistent.Drug, querySpaceUid=<gen:0>, path=edu.ncsu.csc.itrust2.models.persistent.Drug)
    - QuerySpaces
       - EntityQuerySpaceImpl(uid=<gen:0>, entity=edu.ncsu.csc.itrust2.models.persistent.Drug)
          - SQL table alias mapping - drug0_
          - alias suffix - 0_
          - suffixed key columns - {id1_3_0_}

21:24:10.980 [main] DEBUG o.h.loader.entity.plan.EntityLoader - Static select for entity edu.ncsu.csc.itrust2.models.persistent.Drug [UPGRADE]: select drug0_.id as id1_3_0_, drug0_.code as code2_3_0_, drug0_.description as descript3_3_0_, drug0_.name as name4_3_0_ from Drugs drug0_ where drug0_.id=? for update
21:24:10.980 [main] DEBUG o.h.l.p.b.i.spaces.QuerySpacesImpl - Adding QuerySpace : uid = <gen:0> -> org.hibernate.loader.plan.build.internal.spaces.EntityQuerySpaceImpl@fdaafba]
21:24:10.980 [main] DEBUG o.h.p.w.spi.MetamodelGraphWalker - Visiting attribute path : code
21:24:10.981 [main] DEBUG o.h.p.w.spi.MetamodelGraphWalker - Visiting attribute path : description
21:24:10.981 [main] DEBUG o.h.p.w.spi.MetamodelGraphWalker - Visiting attribute path : name
21:24:10.981 [main] DEBUG o.h.l.p.b.i.FetchStyleLoadPlanBuildingAssociationVisitationStrategy - Building LoadPlan...
21:24:10.981 [main] DEBUG o.h.l.p.e.i.LoadQueryJoinAndFetchProcessor - processing queryspace <gen:0>
21:24:10.982 [main] DEBUG o.h.l.p.b.spi.LoadPlanTreePrinter - LoadPlan(entity=edu.ncsu.csc.itrust2.models.persistent.Drug)
    - Returns
       - EntityReturnImpl(entity=edu.ncsu.csc.itrust2.models.persistent.Drug, querySpaceUid=<gen:0>, path=edu.ncsu.csc.itrust2.models.persistent.Drug)
    - QuerySpaces
       - EntityQuerySpaceImpl(uid=<gen:0>, entity=edu.ncsu.csc.itrust2.models.persistent.Drug)
          - SQL table alias mapping - drug0_
          - alias suffix - 0_
          - suffixed key columns - {id1_3_0_}

21:24:10.983 [main] DEBUG o.h.loader.entity.plan.EntityLoader - Static select for entity edu.ncsu.csc.itrust2.models.persistent.Drug [UPGRADE_NOWAIT]: select drug0_.id as id1_3_0_, drug0_.code as code2_3_0_, drug0_.description as descript3_3_0_, drug0_.name as name4_3_0_ from Drugs drug0_ where drug0_.id=? for update
21:24:10.983 [main] DEBUG o.h.l.p.b.i.spaces.QuerySpacesImpl - Adding QuerySpace : uid = <gen:0> -> org.hibernate.loader.plan.build.internal.spaces.EntityQuerySpaceImpl@5adfe27c]
21:24:10.984 [main] DEBUG o.h.p.w.spi.MetamodelGraphWalker - Visiting attribute path : code
21:24:10.984 [main] DEBUG o.h.p.w.spi.MetamodelGraphWalker - Visiting attribute path : description
21:24:10.984 [main] DEBUG o.h.p.w.spi.MetamodelGraphWalker - Visiting attribute path : name
21:24:10.984 [main] DEBUG o.h.l.p.b.i.FetchStyleLoadPlanBuildingAssociationVisitationStrategy - Building LoadPlan...
21:24:10.985 [main] DEBUG o.h.l.p.e.i.LoadQueryJoinAndFetchProcessor - processing queryspace <gen:0>
21:24:10.986 [main] DEBUG o.h.l.p.b.spi.LoadPlanTreePrinter - LoadPlan(entity=edu.ncsu.csc.itrust2.models.persistent.Drug)
    - Returns
       - EntityReturnImpl(entity=edu.ncsu.csc.itrust2.models.persistent.Drug, querySpaceUid=<gen:0>, path=edu.ncsu.csc.itrust2.models.persistent.Drug)
    - QuerySpaces
       - EntityQuerySpaceImpl(uid=<gen:0>, entity=edu.ncsu.csc.itrust2.models.persistent.Drug)
          - SQL table alias mapping - drug0_
          - alias suffix - 0_
          - suffixed key columns - {id1_3_0_}

21:24:10.986 [main] DEBUG o.h.loader.entity.plan.EntityLoader - Static select for entity edu.ncsu.csc.itrust2.models.persistent.Drug [UPGRADE_SKIPLOCKED]: select drug0_.id as id1_3_0_, drug0_.code as code2_3_0_, drug0_.description as descript3_3_0_, drug0_.name as name4_3_0_ from Drugs drug0_ where drug0_.id=? for update
21:24:10.987 [main] DEBUG o.h.l.p.b.i.spaces.QuerySpacesImpl - Adding QuerySpace : uid = <gen:0> -> org.hibernate.loader.plan.build.internal.spaces.EntityQuerySpaceImpl@256d0b2a]
21:24:10.987 [main] DEBUG o.h.p.w.spi.MetamodelGraphWalker - Visiting attribute path : code
21:24:10.987 [main] DEBUG o.h.p.w.spi.MetamodelGraphWalker - Visiting attribute path : description
21:24:10.987 [main] DEBUG o.h.p.w.spi.MetamodelGraphWalker - Visiting attribute path : name
21:24:10.988 [main] DEBUG o.h.l.p.b.i.FetchStyleLoadPlanBuildingAssociationVisitationStrategy - Building LoadPlan...
21:24:10.988 [main] DEBUG o.h.l.p.e.i.LoadQueryJoinAndFetchProcessor - processing queryspace <gen:0>
21:24:10.989 [main] DEBUG o.h.l.p.b.spi.LoadPlanTreePrinter - LoadPlan(entity=edu.ncsu.csc.itrust2.models.persistent.Drug)
    - Returns
       - EntityReturnImpl(entity=edu.ncsu.csc.itrust2.models.persistent.Drug, querySpaceUid=<gen:0>, path=edu.ncsu.csc.itrust2.models.persistent.Drug)
    - QuerySpaces
       - EntityQuerySpaceImpl(uid=<gen:0>, entity=edu.ncsu.csc.itrust2.models.persistent.Drug)
          - SQL table alias mapping - drug0_
          - alias suffix - 0_
          - suffixed key columns - {id1_3_0_}

21:24:10.989 [main] DEBUG o.h.loader.entity.plan.EntityLoader - Static select for entity edu.ncsu.csc.itrust2.models.persistent.Drug [FORCE]: select drug0_.id as id1_3_0_, drug0_.code as code2_3_0_, drug0_.description as descript3_3_0_, drug0_.name as name4_3_0_ from Drugs drug0_ where drug0_.id=? for update
21:24:10.990 [main] DEBUG o.h.l.p.b.i.spaces.QuerySpacesImpl - Adding QuerySpace : uid = <gen:0> -> org.hibernate.loader.plan.build.internal.spaces.EntityQuerySpaceImpl@5e36d0fc]
21:24:10.990 [main] DEBUG o.h.p.w.spi.MetamodelGraphWalker - Visiting attribute path : code
21:24:10.990 [main] DEBUG o.h.p.w.spi.MetamodelGraphWalker - Visiting attribute path : description
21:24:10.990 [main] DEBUG o.h.p.w.spi.MetamodelGraphWalker - Visiting attribute path : name
21:24:10.990 [main] DEBUG o.h.l.p.b.i.FetchStyleLoadPlanBuildingAssociationVisitationStrategy - Building LoadPlan...
21:24:10.991 [main] DEBUG o.h.l.p.e.i.LoadQueryJoinAndFetchProcessor - processing queryspace <gen:0>
21:24:10.991 [main] DEBUG o.h.l.p.b.spi.LoadPlanTreePrinter - LoadPlan(entity=edu.ncsu.csc.itrust2.models.persistent.Drug)
    - Returns
       - EntityReturnImpl(entity=edu.ncsu.csc.itrust2.models.persistent.Drug, querySpaceUid=<gen:0>, path=edu.ncsu.csc.itrust2.models.persistent.Drug)
    - QuerySpaces
       - EntityQuerySpaceImpl(uid=<gen:0>, entity=edu.ncsu.csc.itrust2.models.persistent.Drug)
          - SQL table alias mapping - drug0_
          - alias suffix - 0_
          - suffixed key columns - {id1_3_0_}

21:24:10.992 [main] DEBUG o.h.loader.entity.plan.EntityLoader - Static select for entity edu.ncsu.csc.itrust2.models.persistent.Drug [PESSIMISTIC_READ]: select drug0_.id as id1_3_0_, drug0_.code as code2_3_0_, drug0_.description as descript3_3_0_, drug0_.name as name4_3_0_ from Drugs drug0_ where drug0_.id=? lock in share mode
21:24:10.993 [main] DEBUG o.h.l.p.b.i.spaces.QuerySpacesImpl - Adding QuerySpace : uid = <gen:0> -> org.hibernate.loader.plan.build.internal.spaces.EntityQuerySpaceImpl@6a466405]
21:24:10.993 [main] DEBUG o.h.p.w.spi.MetamodelGraphWalker - Visiting attribute path : code
21:24:10.993 [main] DEBUG o.h.p.w.spi.MetamodelGraphWalker - Visiting attribute path : description
21:24:10.993 [main] DEBUG o.h.p.w.spi.MetamodelGraphWalker - Visiting attribute path : name
21:24:10.994 [main] DEBUG o.h.l.p.b.i.FetchStyleLoadPlanBuildingAssociationVisitationStrategy - Building LoadPlan...
21:24:10.994 [main] DEBUG o.h.l.p.e.i.LoadQueryJoinAndFetchProcessor - processing queryspace <gen:0>
21:24:10.995 [main] DEBUG o.h.l.p.b.spi.LoadPlanTreePrinter - LoadPlan(entity=edu.ncsu.csc.itrust2.models.persistent.Drug)
    - Returns
       - EntityReturnImpl(entity=edu.ncsu.csc.itrust2.models.persistent.Drug, querySpaceUid=<gen:0>, path=edu.ncsu.csc.itrust2.models.persistent.Drug)
    - QuerySpaces
       - EntityQuerySpaceImpl(uid=<gen:0>, entity=edu.ncsu.csc.itrust2.models.persistent.Drug)
          - SQL table alias mapping - drug0_
          - alias suffix - 0_
          - suffixed key columns - {id1_3_0_}

21:24:10.996 [main] DEBUG o.h.loader.entity.plan.EntityLoader - Static select for entity edu.ncsu.csc.itrust2.models.persistent.Drug [PESSIMISTIC_WRITE]: select drug0_.id as id1_3_0_, drug0_.code as code2_3_0_, drug0_.description as descript3_3_0_, drug0_.name as name4_3_0_ from Drugs drug0_ where drug0_.id=? for update
21:24:10.997 [main] DEBUG o.h.l.p.b.i.spaces.QuerySpacesImpl - Adding QuerySpace : uid = <gen:0> -> org.hibernate.loader.plan.build.internal.spaces.EntityQuerySpaceImpl@1cc7c93]
21:24:10.997 [main] DEBUG o.h.p.w.spi.MetamodelGraphWalker - Visiting attribute path : code
21:24:10.998 [main] DEBUG o.h.p.w.spi.MetamodelGraphWalker - Visiting attribute path : description
21:24:10.998 [main] DEBUG o.h.p.w.spi.MetamodelGraphWalker - Visiting attribute path : name
21:24:10.999 [main] DEBUG o.h.l.p.b.i.FetchStyleLoadPlanBuildingAssociationVisitationStrategy - Building LoadPlan...
21:24:10.999 [main] DEBUG o.h.l.p.e.i.LoadQueryJoinAndFetchProcessor - processing queryspace <gen:0>
21:24:11.002 [main] DEBUG o.h.l.p.b.spi.LoadPlanTreePrinter - LoadPlan(entity=edu.ncsu.csc.itrust2.models.persistent.Drug)
    - Returns
       - EntityReturnImpl(entity=edu.ncsu.csc.itrust2.models.persistent.Drug, querySpaceUid=<gen:0>, path=edu.ncsu.csc.itrust2.models.persistent.Drug)
    - QuerySpaces
       - EntityQuerySpaceImpl(uid=<gen:0>, entity=edu.ncsu.csc.itrust2.models.persistent.Drug)
          - SQL table alias mapping - drug0_
          - alias suffix - 0_
          - suffixed key columns - {id1_3_0_}

21:24:11.002 [main] DEBUG o.h.loader.entity.plan.EntityLoader - Static select for entity edu.ncsu.csc.itrust2.models.persistent.Drug [PESSIMISTIC_FORCE_INCREMENT]: select drug0_.id as id1_3_0_, drug0_.code as code2_3_0_, drug0_.description as descript3_3_0_, drug0_.name as name4_3_0_ from Drugs drug0_ where drug0_.id=? for update
21:24:11.003 [main] DEBUG o.h.l.p.b.i.spaces.QuerySpacesImpl - Adding QuerySpace : uid = <gen:0> -> org.hibernate.loader.plan.build.internal.spaces.EntityQuerySpaceImpl@76f992d]
21:24:11.004 [main] DEBUG o.h.p.w.spi.MetamodelGraphWalker - Visiting attribute path : code
21:24:11.004 [main] DEBUG o.h.p.w.spi.MetamodelGraphWalker - Visiting attribute path : description
21:24:11.004 [main] DEBUG o.h.p.w.spi.MetamodelGraphWalker - Visiting attribute path : name
21:24:11.004 [main] DEBUG o.h.l.p.b.i.FetchStyleLoadPlanBuildingAssociationVisitationStrategy - Building LoadPlan...
21:24:11.005 [main] DEBUG o.h.l.p.e.i.LoadQueryJoinAndFetchProcessor - processing queryspace <gen:0>
21:24:11.006 [main] DEBUG o.h.l.p.b.spi.LoadPlanTreePrinter - LoadPlan(entity=edu.ncsu.csc.itrust2.models.persistent.Drug)
    - Returns
       - EntityReturnImpl(entity=edu.ncsu.csc.itrust2.models.persistent.Drug, querySpaceUid=<gen:0>, path=edu.ncsu.csc.itrust2.models.persistent.Drug)
    - QuerySpaces
       - EntityQuerySpaceImpl(uid=<gen:0>, entity=edu.ncsu.csc.itrust2.models.persistent.Drug)
          - SQL table alias mapping - drug0_
          - alias suffix - 0_
          - suffixed key columns - {id1_3_0_}

21:24:11.007 [main] DEBUG o.h.loader.entity.plan.EntityLoader - Static select for entity edu.ncsu.csc.itrust2.models.persistent.Drug [OPTIMISTIC]: select drug0_.id as id1_3_0_, drug0_.code as code2_3_0_, drug0_.description as descript3_3_0_, drug0_.name as name4_3_0_ from Drugs drug0_ where drug0_.id=?
21:24:11.008 [main] DEBUG o.h.l.p.b.i.spaces.QuerySpacesImpl - Adding QuerySpace : uid = <gen:0> -> org.hibernate.loader.plan.build.internal.spaces.EntityQuerySpaceImpl@23f54365]
21:24:11.012 [main] DEBUG o.h.p.w.spi.MetamodelGraphWalker - Visiting attribute path : code
21:24:11.012 [main] DEBUG o.h.p.w.spi.MetamodelGraphWalker - Visiting attribute path : description
21:24:11.013 [main] DEBUG o.h.p.w.spi.MetamodelGraphWalker - Visiting attribute path : name
21:24:11.014 [main] DEBUG o.h.l.p.b.i.FetchStyleLoadPlanBuildingAssociationVisitationStrategy - Building LoadPlan...
21:24:11.015 [main] DEBUG o.h.l.p.e.i.LoadQueryJoinAndFetchProcessor - processing queryspace <gen:0>
21:24:11.016 [main] DEBUG o.h.l.p.b.spi.LoadPlanTreePrinter - LoadPlan(entity=edu.ncsu.csc.itrust2.models.persistent.Drug)
    - Returns
       - EntityReturnImpl(entity=edu.ncsu.csc.itrust2.models.persistent.Drug, querySpaceUid=<gen:0>, path=edu.ncsu.csc.itrust2.models.persistent.Drug)
    - QuerySpaces
       - EntityQuerySpaceImpl(uid=<gen:0>, entity=edu.ncsu.csc.itrust2.models.persistent.Drug)
          - SQL table alias mapping - drug0_
          - alias suffix - 0_
          - suffixed key columns - {id1_3_0_}

21:24:11.016 [main] DEBUG o.h.loader.entity.plan.EntityLoader - Static select for entity edu.ncsu.csc.itrust2.models.persistent.Drug [OPTIMISTIC_FORCE_INCREMENT]: select drug0_.id as id1_3_0_, drug0_.code as code2_3_0_, drug0_.description as descript3_3_0_, drug0_.name as name4_3_0_ from Drugs drug0_ where drug0_.id=?
21:24:11.017 [main] DEBUG org.hibernate.loader.Loader - Static select for action ACTION_MERGE on entity edu.ncsu.csc.itrust2.models.persistent.Drug: select drug0_.id as id1_3_0_, drug0_.code as code2_3_0_, drug0_.description as descript3_3_0_, drug0_.name as name4_3_0_ from Drugs drug0_ where drug0_.id=?
21:24:11.020 [main] DEBUG org.hibernate.loader.Loader - Static select for action ACTION_REFRESH on entity edu.ncsu.csc.itrust2.models.persistent.Drug: select drug0_.id as id1_3_0_, drug0_.code as code2_3_0_, drug0_.description as descript3_3_0_, drug0_.name as name4_3_0_ from Drugs drug0_ where drug0_.id=?
21:24:11.021 [main] DEBUG o.h.p.entity.AbstractEntityPersister - Static SQL for entity: edu.ncsu.csc.itrust2.models.persistent.Diagnosis
21:24:11.021 [main] DEBUG o.h.p.entity.AbstractEntityPersister -  Version select: select id from Diagnoses where id =?
21:24:11.021 [main] DEBUG o.h.p.entity.AbstractEntityPersister -  Snapshot select: select diagnosis_.id, diagnosis_.code_id as code_id3_2_, diagnosis_.note as note2_2_, diagnosis_.visit_id as visit_id4_2_ from Diagnoses diagnosis_ where diagnosis_.id=?
21:24:11.022 [main] DEBUG o.h.p.entity.AbstractEntityPersister -  Insert 0: insert into Diagnoses (code_id, note, visit_id, id) values (?, ?, ?, ?)
21:24:11.022 [main] DEBUG o.h.p.entity.AbstractEntityPersister -  Update 0: update Diagnoses set code_id=?, note=?, visit_id=? where id=?
21:24:11.022 [main] DEBUG o.h.p.entity.AbstractEntityPersister -  Delete 0: delete from Diagnoses where id=?
21:24:11.022 [main] DEBUG o.h.l.p.b.i.spaces.QuerySpacesImpl - Adding QuerySpace : uid = <gen:0> -> org.hibernate.loader.plan.build.internal.spaces.EntityQuerySpaceImpl@3e6d2a6]
21:24:11.023 [main] DEBUG o.h.p.w.spi.MetamodelGraphWalker - Visiting attribute path : code
21:24:11.023 [main] DEBUG o.h.l.p.b.i.spaces.QuerySpacesImpl - Adding QuerySpace : uid = <gen:1> -> org.hibernate.loader.plan.build.internal.spaces.EntityQuerySpaceImpl@373ae995]
21:24:11.024 [main] DEBUG o.h.p.w.spi.MetamodelGraphWalker - Visiting attribute path : code.code
21:24:11.024 [main] DEBUG o.h.p.w.spi.MetamodelGraphWalker - Visiting attribute path : code.description
21:24:11.024 [main] DEBUG o.h.p.w.spi.MetamodelGraphWalker - Visiting attribute path : note
21:24:11.024 [main] DEBUG o.h.p.w.spi.MetamodelGraphWalker - Visiting attribute path : visit
21:24:11.027 [main] DEBUG o.h.l.p.b.i.spaces.QuerySpacesImpl - Adding QuerySpace : uid = <gen:2> -> org.hibernate.loader.plan.build.internal.spaces.EntityQuerySpaceImpl@2630e6c7]
21:24:11.027 [main] DEBUG o.h.p.w.spi.MetamodelGraphWalker - Visiting attribute path : visit.appointment
21:24:11.028 [main] DEBUG o.h.l.p.b.i.spaces.QuerySpacesImpl - Adding QuerySpace : uid = <gen:3> -> org.hibernate.loader.plan.build.internal.spaces.EntityQuerySpaceImpl@13f42792]
21:24:11.029 [main] DEBUG o.h.p.w.spi.MetamodelGraphWalker - Visiting attribute path : visit.appointment.comments
21:24:11.029 [main] DEBUG o.h.p.w.spi.MetamodelGraphWalker - Visiting attribute path : visit.appointment.date
21:24:11.030 [main] DEBUG o.h.p.w.spi.MetamodelGraphWalker - Visiting attribute path : visit.appointment.hcp
21:24:11.031 [main] DEBUG o.h.l.p.b.i.spaces.QuerySpacesImpl - Adding QuerySpace : uid = <gen:4> -> org.hibernate.loader.plan.build.internal.spaces.EntityQuerySpaceImpl@122a2f74]
21:24:11.032 [main] DEBUG o.h.p.w.spi.MetamodelGraphWalker - Visiting attribute path : visit.appointment.patient
21:24:11.032 [main] DEBUG o.h.l.p.b.i.spaces.QuerySpacesImpl - Adding QuerySpace : uid = <gen:5> -> org.hibernate.loader.plan.build.internal.spaces.EntityQuerySpaceImpl@71da6045]
21:24:11.032 [main] DEBUG o.h.p.w.spi.MetamodelGraphWalker - Visiting attribute path : visit.appointment.status
21:24:11.033 [main] DEBUG o.h.p.w.spi.MetamodelGraphWalker - Visiting attribute path : visit.appointment.type
21:24:11.033 [main] DEBUG o.h.p.w.spi.MetamodelGraphWalker - Visiting attribute path : visit.basicHealthMetrics
21:24:11.033 [main] DEBUG o.h.l.p.b.i.spaces.QuerySpacesImpl - Adding QuerySpace : uid = <gen:6> -> org.hibernate.loader.plan.build.internal.spaces.EntityQuerySpaceImpl@43a0015b]
21:24:11.034 [main] DEBUG o.h.p.w.spi.MetamodelGraphWalker - Visiting attribute path : visit.basicHealthMetrics.diastolic
21:24:11.034 [main] DEBUG o.h.p.w.spi.MetamodelGraphWalker - Visiting attribute path : visit.basicHealthMetrics.hcp
21:24:11.034 [main] DEBUG o.h.l.p.b.i.spaces.QuerySpacesImpl - Adding QuerySpace : uid = <gen:7> -> org.hibernate.loader.plan.build.internal.spaces.EntityQuerySpaceImpl@5ceb4036]
21:24:11.034 [main] DEBUG o.h.p.w.spi.MetamodelGraphWalker - Visiting attribute path : visit.basicHealthMetrics.hdl
21:24:11.035 [main] DEBUG o.h.p.w.spi.MetamodelGraphWalker - Visiting attribute path : visit.basicHealthMetrics.headCircumference
21:24:11.035 [main] DEBUG o.h.p.w.spi.MetamodelGraphWalker - Visiting attribute path : visit.basicHealthMetrics.height
21:24:11.035 [main] DEBUG o.h.p.w.spi.MetamodelGraphWalker - Visiting attribute path : visit.basicHealthMetrics.houseSmokingStatus
21:24:11.035 [main] DEBUG o.h.p.w.spi.MetamodelGraphWalker - Visiting attribute path : visit.basicHealthMetrics.ldl
21:24:11.035 [main] DEBUG o.h.p.w.spi.MetamodelGraphWalker - Visiting attribute path : visit.basicHealthMetrics.patient
21:24:11.036 [main] DEBUG o.h.l.p.b.i.spaces.QuerySpacesImpl - Adding QuerySpace : uid = <gen:8> -> org.hibernate.loader.plan.build.internal.spaces.EntityQuerySpaceImpl@7e11cba6]
21:24:11.036 [main] DEBUG o.h.p.w.spi.MetamodelGraphWalker - Visiting attribute path : visit.basicHealthMetrics.patientSmokingStatus
21:24:11.036 [main] DEBUG o.h.p.w.spi.MetamodelGraphWalker - Visiting attribute path : visit.basicHealthMetrics.systolic
21:24:11.036 [main] DEBUG o.h.p.w.spi.MetamodelGraphWalker - Visiting attribute path : visit.basicHealthMetrics.tri
21:24:11.036 [main] DEBUG o.h.p.w.spi.MetamodelGraphWalker - Visiting attribute path : visit.basicHealthMetrics.weight
21:24:11.037 [main] DEBUG o.h.p.w.spi.MetamodelGraphWalker - Visiting attribute path : visit.date
21:24:11.037 [main] DEBUG o.h.p.w.spi.MetamodelGraphWalker - Visiting attribute path : visit.hcp
21:24:11.037 [main] DEBUG o.h.l.p.b.i.spaces.QuerySpacesImpl - Adding QuerySpace : uid = <gen:9> -> org.hibernate.loader.plan.build.internal.spaces.EntityQuerySpaceImpl@3df8a7e6]
21:24:11.037 [main] DEBUG o.h.p.w.spi.MetamodelGraphWalker - Visiting attribute path : visit.hcp.enabled
21:24:11.037 [main] DEBUG o.h.p.w.spi.MetamodelGraphWalker - Visiting attribute path : visit.hcp.password
21:24:11.038 [main] DEBUG o.h.p.w.spi.MetamodelGraphWalker - Visiting attribute path : visit.hcp.role
21:24:11.038 [main] DEBUG o.h.p.w.spi.MetamodelGraphWalker - Visiting attribute path : visit.hospital
21:24:11.039 [main] DEBUG o.h.l.p.b.i.spaces.QuerySpacesImpl - Adding QuerySpace : uid = <gen:10> -> org.hibernate.loader.plan.build.internal.spaces.EntityQuerySpaceImpl@68573a77]
21:24:11.039 [main] DEBUG o.h.p.w.spi.MetamodelGraphWalker - Visiting attribute path : visit.hospital.address
21:24:11.039 [main] DEBUG o.h.p.w.spi.MetamodelGraphWalker - Visiting attribute path : visit.hospital.state
21:24:11.039 [main] DEBUG o.h.p.w.spi.MetamodelGraphWalker - Visiting attribute path : visit.hospital.zip
21:24:11.040 [main] DEBUG o.h.p.w.spi.MetamodelGraphWalker - Visiting attribute path : visit.notes
21:24:11.040 [main] DEBUG o.h.p.w.spi.MetamodelGraphWalker - Visiting attribute path : visit.patient
21:24:11.040 [main] DEBUG o.h.l.p.b.i.spaces.QuerySpacesImpl - Adding QuerySpace : uid = <gen:11> -> org.hibernate.loader.plan.build.internal.spaces.EntityQuerySpaceImpl@60d4d35c]
21:24:11.040 [main] DEBUG o.h.p.w.spi.MetamodelGraphWalker - Visiting attribute path : visit.patient.enabled
21:24:11.041 [main] DEBUG o.h.p.w.spi.MetamodelGraphWalker - Visiting attribute path : visit.patient.password
21:24:11.041 [main] DEBUG o.h.p.w.spi.MetamodelGraphWalker - Visiting attribute path : visit.patient.role
21:24:11.041 [main] DEBUG o.h.p.w.spi.MetamodelGraphWalker - Visiting attribute path : visit.prescriptions
21:24:11.041 [main] DEBUG o.h.l.p.b.i.spaces.QuerySpacesImpl - Adding QuerySpace : uid = <gen:12> -> org.hibernate.loader.plan.build.internal.spaces.CollectionQuerySpaceImpl@6668eae]
21:24:11.042 [main] DEBUG o.h.l.p.b.i.spaces.QuerySpacesImpl - Adding QuerySpace : uid = <gen:13> -> org.hibernate.loader.plan.build.internal.spaces.EntityQuerySpaceImpl@424874c2]
21:24:11.042 [main] DEBUG o.h.p.w.spi.MetamodelGraphWalker - Visiting attribute path : visit.prescriptions.dosage
21:24:11.042 [main] DEBUG o.h.p.w.spi.MetamodelGraphWalker - Visiting attribute path : visit.prescriptions.drug
21:24:11.043 [main] DEBUG o.h.l.p.b.i.spaces.QuerySpacesImpl - Adding QuerySpace : uid = <gen:14> -> org.hibernate.loader.plan.build.internal.spaces.EntityQuerySpaceImpl@7d8ca91e]
21:24:11.043 [main] DEBUG o.h.p.w.spi.MetamodelGraphWalker - Visiting attribute path : visit.prescriptions.endDate
21:24:11.043 [main] DEBUG o.h.p.w.spi.MetamodelGraphWalker - Visiting attribute path : visit.prescriptions.patient
21:24:11.043 [main] DEBUG o.h.l.p.b.i.spaces.QuerySpacesImpl - Adding QuerySpace : uid = <gen:15> -> org.hibernate.loader.plan.build.internal.spaces.EntityQuerySpaceImpl@7ce32c09]
21:24:11.043 [main] DEBUG o.h.p.w.spi.MetamodelGraphWalker - Visiting attribute path : visit.prescriptions.renewals
21:24:11.044 [main] DEBUG o.h.p.w.spi.MetamodelGraphWalker - Visiting attribute path : visit.prescriptions.startDate
21:24:11.044 [main] DEBUG o.h.p.w.spi.MetamodelGraphWalker - Visiting attribute path : visit.type
21:24:11.044 [main] DEBUG o.h.l.p.b.i.FetchStyleLoadPlanBuildingAssociationVisitationStrategy - Building LoadPlan...
21:24:11.045 [main] DEBUG o.h.l.p.e.i.LoadQueryJoinAndFetchProcessor - processing queryspace <gen:0>
21:24:11.049 [main] DEBUG o.h.l.p.b.spi.LoadPlanTreePrinter - LoadPlan(entity=edu.ncsu.csc.itrust2.models.persistent.Diagnosis)
    - Returns
       - EntityReturnImpl(entity=edu.ncsu.csc.itrust2.models.persistent.Diagnosis, querySpaceUid=<gen:0>, path=edu.ncsu.csc.itrust2.models.persistent.Diagnosis)
          - EntityAttributeFetchImpl(entity=edu.ncsu.csc.itrust2.models.persistent.ICDCode, querySpaceUid=<gen:1>, path=edu.ncsu.csc.itrust2.models.persistent.Diagnosis.code)
          - EntityAttributeFetchImpl(entity=edu.ncsu.csc.itrust2.models.persistent.OfficeVisit, querySpaceUid=<gen:2>, path=edu.ncsu.csc.itrust2.models.persistent.Diagnosis.visit)
             - EntityAttributeFetchImpl(entity=edu.ncsu.csc.itrust2.models.persistent.AppointmentRequest, querySpaceUid=<gen:3>, path=edu.ncsu.csc.itrust2.models.persistent.Diagnosis.visit.appointment)
                - EntityAttributeFetchImpl(entity=edu.ncsu.csc.itrust2.models.persistent.User, querySpaceUid=<gen:4>, path=edu.ncsu.csc.itrust2.models.persistent.Diagnosis.visit.appointment.hcp)
                - EntityAttributeFetchImpl(entity=edu.ncsu.csc.itrust2.models.persistent.User, querySpaceUid=<gen:5>, path=edu.ncsu.csc.itrust2.models.persistent.Diagnosis.visit.appointment.patient)
             - EntityAttributeFetchImpl(entity=edu.ncsu.csc.itrust2.models.persistent.BasicHealthMetrics, querySpaceUid=<gen:6>, path=edu.ncsu.csc.itrust2.models.persistent.Diagnosis.visit.basicHealthMetrics)
                - EntityAttributeFetchImpl(entity=edu.ncsu.csc.itrust2.models.persistent.User, querySpaceUid=<gen:7>, path=edu.ncsu.csc.itrust2.models.persistent.Diagnosis.visit.basicHealthMetrics.hcp)
                - EntityAttributeFetchImpl(entity=edu.ncsu.csc.itrust2.models.persistent.User, querySpaceUid=<gen:8>, path=edu.ncsu.csc.itrust2.models.persistent.Diagnosis.visit.basicHealthMetrics.patient)
             - EntityAttributeFetchImpl(entity=edu.ncsu.csc.itrust2.models.persistent.User, querySpaceUid=<gen:9>, path=edu.ncsu.csc.itrust2.models.persistent.Diagnosis.visit.hcp)
             - EntityAttributeFetchImpl(entity=edu.ncsu.csc.itrust2.models.persistent.Hospital, querySpaceUid=<gen:10>, path=edu.ncsu.csc.itrust2.models.persistent.Diagnosis.visit.hospital)
             - EntityAttributeFetchImpl(entity=edu.ncsu.csc.itrust2.models.persistent.User, querySpaceUid=<gen:11>, path=edu.ncsu.csc.itrust2.models.persistent.Diagnosis.visit.patient)
             - CollectionAttributeFetchImpl(collection=edu.ncsu.csc.itrust2.models.persistent.OfficeVisit.prescriptions, querySpaceUid=<gen:12>, path=edu.ncsu.csc.itrust2.models.persistent.Diagnosis.visit.prescriptions)
                - (collection element) CollectionFetchableElementEntityGraph(entity=edu.ncsu.csc.itrust2.models.persistent.Prescription, querySpaceUid=<gen:13>, path=edu.ncsu.csc.itrust2.models.persistent.Diagnosis.visit.prescriptions.<elements>)
                   - EntityAttributeFetchImpl(entity=edu.ncsu.csc.itrust2.models.persistent.Drug, querySpaceUid=<gen:14>, path=edu.ncsu.csc.itrust2.models.persistent.Diagnosis.visit.prescriptions.<elements>.drug)
                   - EntityAttributeFetchImpl(entity=edu.ncsu.csc.itrust2.models.persistent.User, querySpaceUid=<gen:15>, path=edu.ncsu.csc.itrust2.models.persistent.Diagnosis.visit.prescriptions.<elements>.patient)
    - QuerySpaces
       - EntityQuerySpaceImpl(uid=<gen:0>, entity=edu.ncsu.csc.itrust2.models.persistent.Diagnosis)
          - SQL table alias mapping - diagnosis0_
          - alias suffix - 0_
          - suffixed key columns - {id1_2_0_}
          - JOIN (JoinDefinedByMetadata(code)) : <gen:0> -> <gen:1>
             - EntityQuerySpaceImpl(uid=<gen:1>, entity=edu.ncsu.csc.itrust2.models.persistent.ICDCode)
                - SQL table alias mapping - icdcode1_
                - alias suffix - 1_
                - suffixed key columns - {id1_5_1_}
          - JOIN (JoinDefinedByMetadata(visit)) : <gen:0> -> <gen:2>
             - EntityQuerySpaceImpl(uid=<gen:2>, entity=edu.ncsu.csc.itrust2.models.persistent.OfficeVisit)
                - SQL table alias mapping - officevisi2_
                - alias suffix - 2_
                - suffixed key columns - {id1_10_2_}
                - JOIN (JoinDefinedByMetadata(appointment)) : <gen:2> -> <gen:3>
                   - EntityQuerySpaceImpl(uid=<gen:3>, entity=edu.ncsu.csc.itrust2.models.persistent.AppointmentRequest)
                      - SQL table alias mapping - appointmen3_
                      - alias suffix - 3_
                      - suffixed key columns - {id1_0_3_}
                - JOIN (JoinDefinedByMetadata(basicHealthMetrics)) : <gen:2> -> <gen:6>
                   - EntityQuerySpaceImpl(uid=<gen:6>, entity=edu.ncsu.csc.itrust2.models.persistent.BasicHealthMetrics)
                      - SQL table alias mapping - basichealt4_
                      - alias suffix - 4_
                      - suffixed key columns - {id1_1_4_}
                - JOIN (JoinDefinedByMetadata(hcp)) : <gen:2> -> <gen:9>
                   - EntityQuerySpaceImpl(uid=<gen:9>, entity=edu.ncsu.csc.itrust2.models.persistent.User)
                      - SQL table alias mapping - user5_
                      - alias suffix - 5_
                      - suffixed key columns - {username1_15_5_}
                - JOIN (JoinDefinedByMetadata(hospital)) : <gen:2> -> <gen:10>
                   - EntityQuerySpaceImpl(uid=<gen:10>, entity=edu.ncsu.csc.itrust2.models.persistent.Hospital)
                      - SQL table alias mapping - hospital6_
                      - alias suffix - 6_
                      - suffixed key columns - {name1_4_6_}
                - JOIN (JoinDefinedByMetadata(patient)) : <gen:2> -> <gen:11>
                   - EntityQuerySpaceImpl(uid=<gen:11>, entity=edu.ncsu.csc.itrust2.models.persistent.User)
                      - SQL table alias mapping - user7_
                      - alias suffix - 7_
                      - suffixed key columns - {username1_15_7_}
                - JOIN (JoinDefinedByMetadata(prescriptions)) : <gen:2> -> <gen:12>
                   - CollectionQuerySpaceImpl(uid=<gen:12>, collection=edu.ncsu.csc.itrust2.models.persistent.OfficeVisit.prescriptions)
                      - SQL table alias mapping - prescripti8_
                      - alias suffix - 8_
                      - suffixed key columns - {prescrip8_14_8_}
                      - entity-element alias suffix - 9_
                      - 9_entity-element suffixed key columns - id1_14_9_
                      - JOIN (JoinDefinedByMetadata(elements)) : <gen:12> -> <gen:13>
                         - EntityQuerySpaceImpl(uid=<gen:13>, entity=edu.ncsu.csc.itrust2.models.persistent.Prescription)
                            - SQL table alias mapping - prescripti8_
                            - alias suffix - 9_
                            - suffixed key columns - {id1_14_9_}

21:24:11.050 [main] DEBUG o.h.loader.entity.plan.EntityLoader - Static select for entity edu.ncsu.csc.itrust2.models.persistent.Diagnosis [NONE]: select diagnosis0_.id as id1_2_0_, diagnosis0_.code_id as code_id3_2_0_, diagnosis0_.note as note2_2_0_, diagnosis0_.visit_id as visit_id4_2_0_, icdcode1_.id as id1_5_1_, icdcode1_.code as code2_5_1_, icdcode1_.description as descript3_5_1_, officevisi2_.id as id1_10_2_, officevisi2_.appointment_id as appointm5_10_2_, officevisi2_.basichealthmetrics_id as basichea6_10_2_, officevisi2_.date as date2_10_2_, officevisi2_.hcp_id as hcp_id7_10_2_, officevisi2_.hospital_id as hospital8_10_2_, officevisi2_.notes as notes3_10_2_, officevisi2_.patient_id as patient_9_10_2_, officevisi2_.type as type4_10_2_, appointmen3_.id as id1_0_3_, appointmen3_.comments as comments2_0_3_, appointmen3_.date as date3_0_3_, appointmen3_.hcp_id as hcp_id6_0_3_, appointmen3_.patient_id as patient_7_0_3_, appointmen3_.status as status4_0_3_, appointmen3_.type as type5_0_3_, basichealt4_.id as id1_1_4_, basichealt4_.diastolic as diastoli2_1_4_, basichealt4_.hcp_id as hcp_id12_1_4_, basichealt4_.hdl as hdl3_1_4_, basichealt4_.headCircumference as headCirc4_1_4_, basichealt4_.height as height5_1_4_, basichealt4_.houseSmokingStatus as houseSmo6_1_4_, basichealt4_.ldl as ldl7_1_4_, basichealt4_.patient_id as patient13_1_4_, basichealt4_.patientSmokingStatus as patientS8_1_4_, basichealt4_.systolic as systolic9_1_4_, basichealt4_.tri as tri10_1_4_, basichealt4_.weight as weight11_1_4_, user5_.username as username1_15_5_, user5_.enabled as enabled2_15_5_, user5_.password as password3_15_5_, user5_.role as role4_15_5_, hospital6_.name as name1_4_6_, hospital6_.address as address2_4_6_, hospital6_.state as state3_4_6_, hospital6_.zip as zip4_4_6_, user7_.username as username1_15_7_, user7_.enabled as enabled2_15_7_, user7_.password as password3_15_7_, user7_.role as role4_15_7_, prescripti8_.prescriptions_id as prescrip8_14_8_, prescripti8_.id as id1_14_8_, prescripti8_.id as id1_14_9_, prescripti8_.dosage as dosage2_14_9_, prescripti8_.drug_id as drug_id6_14_9_, prescripti8_.endDate as endDate3_14_9_, prescripti8_.patient_id as patient_7_14_9_, prescripti8_.renewals as renewals4_14_9_, prescripti8_.startDate as startDat5_14_9_ from Diagnoses diagnosis0_ inner join ICDCodes icdcode1_ on diagnosis0_.code_id=icdcode1_.id inner join OfficeVisits officevisi2_ on diagnosis0_.visit_id=officevisi2_.id left outer join AppointmentRequests appointmen3_ on officevisi2_.appointment_id=appointmen3_.id left outer join BasicHealthMetrics basichealt4_ on officevisi2_.basichealthmetrics_id=basichealt4_.id inner join Users user5_ on officevisi2_.hcp_id=user5_.username inner join Hospitals hospital6_ on officevisi2_.hospital_id=hospital6_.name inner join Users user7_ on officevisi2_.patient_id=user7_.username left outer join Prescriptions prescripti8_ on officevisi2_.id=prescripti8_.prescriptions_id where diagnosis0_.id=?
21:24:11.050 [main] DEBUG o.h.l.p.b.i.spaces.QuerySpacesImpl - Adding QuerySpace : uid = <gen:0> -> org.hibernate.loader.plan.build.internal.spaces.EntityQuerySpaceImpl@78a84d40]
21:24:11.051 [main] DEBUG o.h.p.w.spi.MetamodelGraphWalker - Visiting attribute path : code
21:24:11.053 [main] DEBUG o.h.l.p.b.i.spaces.QuerySpacesImpl - Adding QuerySpace : uid = <gen:1> -> org.hibernate.loader.plan.build.internal.spaces.EntityQuerySpaceImpl@45110105]
21:24:11.054 [main] DEBUG o.h.p.w.spi.MetamodelGraphWalker - Visiting attribute path : code.code
21:24:11.054 [main] DEBUG o.h.p.w.spi.MetamodelGraphWalker - Visiting attribute path : code.description
21:24:11.055 [main] DEBUG o.h.p.w.spi.MetamodelGraphWalker - Visiting attribute path : note
21:24:11.055 [main] DEBUG o.h.p.w.spi.MetamodelGraphWalker - Visiting attribute path : visit
21:24:11.055 [main] DEBUG o.h.l.p.b.i.spaces.QuerySpacesImpl - Adding QuerySpace : uid = <gen:2> -> org.hibernate.loader.plan.build.internal.spaces.EntityQuerySpaceImpl@1a0f75c9]
21:24:11.056 [main] DEBUG o.h.p.w.spi.MetamodelGraphWalker - Visiting attribute path : visit.appointment
21:24:11.056 [main] DEBUG o.h.l.p.b.i.spaces.QuerySpacesImpl - Adding QuerySpace : uid = <gen:3> -> org.hibernate.loader.plan.build.internal.spaces.EntityQuerySpaceImpl@66987e79]
21:24:11.057 [main] DEBUG o.h.p.w.spi.MetamodelGraphWalker - Visiting attribute path : visit.appointment.comments
21:24:11.057 [main] DEBUG o.h.p.w.spi.MetamodelGraphWalker - Visiting attribute path : visit.appointment.date
21:24:11.057 [main] DEBUG o.h.p.w.spi.MetamodelGraphWalker - Visiting attribute path : visit.appointment.hcp
21:24:11.058 [main] DEBUG o.h.l.p.b.i.spaces.QuerySpacesImpl - Adding QuerySpace : uid = <gen:4> -> org.hibernate.loader.plan.build.internal.spaces.EntityQuerySpaceImpl@18465e1a]
21:24:11.058 [main] DEBUG o.h.p.w.spi.MetamodelGraphWalker - Visiting attribute path : visit.appointment.patient
21:24:11.058 [main] DEBUG o.h.l.p.b.i.spaces.QuerySpacesImpl - Adding QuerySpace : uid = <gen:5> -> org.hibernate.loader.plan.build.internal.spaces.EntityQuerySpaceImpl@511af385]
21:24:11.059 [main] DEBUG o.h.p.w.spi.MetamodelGraphWalker - Visiting attribute path : visit.appointment.status
21:24:11.059 [main] DEBUG o.h.p.w.spi.MetamodelGraphWalker - Visiting attribute path : visit.appointment.type
21:24:11.059 [main] DEBUG o.h.p.w.spi.MetamodelGraphWalker - Visiting attribute path : visit.basicHealthMetrics
21:24:11.059 [main] DEBUG o.h.l.p.b.i.spaces.QuerySpacesImpl - Adding QuerySpace : uid = <gen:6> -> org.hibernate.loader.plan.build.internal.spaces.EntityQuerySpaceImpl@74543469]
21:24:11.060 [main] DEBUG o.h.p.w.spi.MetamodelGraphWalker - Visiting attribute path : visit.basicHealthMetrics.diastolic
21:24:11.060 [main] DEBUG o.h.p.w.spi.MetamodelGraphWalker - Visiting attribute path : visit.basicHealthMetrics.hcp
21:24:11.060 [main] DEBUG o.h.l.p.b.i.spaces.QuerySpacesImpl - Adding QuerySpace : uid = <gen:7> -> org.hibernate.loader.plan.build.internal.spaces.EntityQuerySpaceImpl@11ef50fa]
21:24:11.061 [main] DEBUG o.h.p.w.spi.MetamodelGraphWalker - Visiting attribute path : visit.basicHealthMetrics.hdl
21:24:11.061 [main] DEBUG o.h.p.w.spi.MetamodelGraphWalker - Visiting attribute path : visit.basicHealthMetrics.headCircumference
21:24:11.061 [main] DEBUG o.h.p.w.spi.MetamodelGraphWalker - Visiting attribute path : visit.basicHealthMetrics.height
21:24:11.061 [main] DEBUG o.h.p.w.spi.MetamodelGraphWalker - Visiting attribute path : visit.basicHealthMetrics.houseSmokingStatus
21:24:11.061 [main] DEBUG o.h.p.w.spi.MetamodelGraphWalker - Visiting attribute path : visit.basicHealthMetrics.ldl
21:24:11.062 [main] DEBUG o.h.p.w.spi.MetamodelGraphWalker - Visiting attribute path : visit.basicHealthMetrics.patient
21:24:11.062 [main] DEBUG o.h.l.p.b.i.spaces.QuerySpacesImpl - Adding QuerySpace : uid = <gen:8> -> org.hibernate.loader.plan.build.internal.spaces.EntityQuerySpaceImpl@176f1f99]
21:24:11.062 [main] DEBUG o.h.p.w.spi.MetamodelGraphWalker - Visiting attribute path : visit.basicHealthMetrics.patientSmokingStatus
21:24:11.062 [main] DEBUG o.h.p.w.spi.MetamodelGraphWalker - Visiting attribute path : visit.basicHealthMetrics.systolic
21:24:11.063 [main] DEBUG o.h.p.w.spi.MetamodelGraphWalker - Visiting attribute path : visit.basicHealthMetrics.tri
21:24:11.063 [main] DEBUG o.h.p.w.spi.MetamodelGraphWalker - Visiting attribute path : visit.basicHealthMetrics.weight
21:24:11.063 [main] DEBUG o.h.p.w.spi.MetamodelGraphWalker - Visiting attribute path : visit.date
21:24:11.063 [main] DEBUG o.h.p.w.spi.MetamodelGraphWalker - Visiting attribute path : visit.hcp
21:24:11.064 [main] DEBUG o.h.l.p.b.i.spaces.QuerySpacesImpl - Adding QuerySpace : uid = <gen:9> -> org.hibernate.loader.plan.build.internal.spaces.EntityQuerySpaceImpl@42cd8661]
21:24:11.064 [main] DEBUG o.h.p.w.spi.MetamodelGraphWalker - Visiting attribute path : visit.hcp.enabled
21:24:11.064 [main] DEBUG o.h.p.w.spi.MetamodelGraphWalker - Visiting attribute path : visit.hcp.password
21:24:11.066 [main] DEBUG o.h.p.w.spi.MetamodelGraphWalker - Visiting attribute path : visit.hcp.role
21:24:11.066 [main] DEBUG o.h.p.w.spi.MetamodelGraphWalker - Visiting attribute path : visit.hospital
21:24:11.067 [main] DEBUG o.h.l.p.b.i.spaces.QuerySpacesImpl - Adding QuerySpace : uid = <gen:10> -> org.hibernate.loader.plan.build.internal.spaces.EntityQuerySpaceImpl@9651ee1]
21:24:11.067 [main] DEBUG o.h.p.w.spi.MetamodelGraphWalker - Visiting attribute path : visit.hospital.address
21:24:11.067 [main] DEBUG o.h.p.w.spi.MetamodelGraphWalker - Visiting attribute path : visit.hospital.state
21:24:11.067 [main] DEBUG o.h.p.w.spi.MetamodelGraphWalker - Visiting attribute path : visit.hospital.zip
21:24:11.068 [main] DEBUG o.h.p.w.spi.MetamodelGraphWalker - Visiting attribute path : visit.notes
21:24:11.068 [main] DEBUG o.h.p.w.spi.MetamodelGraphWalker - Visiting attribute path : visit.patient
21:24:11.069 [main] DEBUG o.h.l.p.b.i.spaces.QuerySpacesImpl - Adding QuerySpace : uid = <gen:11> -> org.hibernate.loader.plan.build.internal.spaces.EntityQuerySpaceImpl@484937af]
21:24:11.069 [main] DEBUG o.h.p.w.spi.MetamodelGraphWalker - Visiting attribute path : visit.patient.enabled
21:24:11.070 [main] DEBUG o.h.p.w.spi.MetamodelGraphWalker - Visiting attribute path : visit.patient.password
21:24:11.070 [main] DEBUG o.h.p.w.spi.MetamodelGraphWalker - Visiting attribute path : visit.patient.role
21:24:11.070 [main] DEBUG o.h.p.w.spi.MetamodelGraphWalker - Visiting attribute path : visit.prescriptions
21:24:11.071 [main] DEBUG o.h.l.p.b.i.spaces.QuerySpacesImpl - Adding QuerySpace : uid = <gen:12> -> org.hibernate.loader.plan.build.internal.spaces.CollectionQuerySpaceImpl@3c1f4bf1]
21:24:11.071 [main] DEBUG o.h.l.p.b.i.spaces.QuerySpacesImpl - Adding QuerySpace : uid = <gen:13> -> org.hibernate.loader.plan.build.internal.spaces.EntityQuerySpaceImpl@10f65aa2]
21:24:11.072 [main] DEBUG o.h.p.w.spi.MetamodelGraphWalker - Visiting attribute path : visit.prescriptions.dosage
21:24:11.073 [main] DEBUG o.h.p.w.spi.MetamodelGraphWalker - Visiting attribute path : visit.prescriptions.drug
21:24:11.073 [main] DEBUG o.h.l.p.b.i.spaces.QuerySpacesImpl - Adding QuerySpace : uid = <gen:14> -> org.hibernate.loader.plan.build.internal.spaces.EntityQuerySpaceImpl@2c37626f]
21:24:11.073 [main] DEBUG o.h.p.w.spi.MetamodelGraphWalker - Visiting attribute path : visit.prescriptions.endDate
21:24:11.073 [main] DEBUG o.h.p.w.spi.MetamodelGraphWalker - Visiting attribute path : visit.prescriptions.patient
21:24:11.074 [main] DEBUG o.h.l.p.b.i.spaces.QuerySpacesImpl - Adding QuerySpace : uid = <gen:15> -> org.hibernate.loader.plan.build.internal.spaces.EntityQuerySpaceImpl@e360e01]
21:24:11.074 [main] DEBUG o.h.p.w.spi.MetamodelGraphWalker - Visiting attribute path : visit.prescriptions.renewals
21:24:11.074 [main] DEBUG o.h.p.w.spi.MetamodelGraphWalker - Visiting attribute path : visit.prescriptions.startDate
21:24:11.075 [main] DEBUG o.h.p.w.spi.MetamodelGraphWalker - Visiting attribute path : visit.type
21:24:11.075 [main] DEBUG o.h.l.p.b.i.FetchStyleLoadPlanBuildingAssociationVisitationStrategy - Building LoadPlan...
21:24:11.076 [main] DEBUG o.h.l.p.e.i.LoadQueryJoinAndFetchProcessor - processing queryspace <gen:0>
21:24:11.082 [main] DEBUG o.h.l.p.b.spi.LoadPlanTreePrinter - LoadPlan(entity=edu.ncsu.csc.itrust2.models.persistent.Diagnosis)
    - Returns
       - EntityReturnImpl(entity=edu.ncsu.csc.itrust2.models.persistent.Diagnosis, querySpaceUid=<gen:0>, path=edu.ncsu.csc.itrust2.models.persistent.Diagnosis)
          - EntityAttributeFetchImpl(entity=edu.ncsu.csc.itrust2.models.persistent.ICDCode, querySpaceUid=<gen:1>, path=edu.ncsu.csc.itrust2.models.persistent.Diagnosis.code)
          - EntityAttributeFetchImpl(entity=edu.ncsu.csc.itrust2.models.persistent.OfficeVisit, querySpaceUid=<gen:2>, path=edu.ncsu.csc.itrust2.models.persistent.Diagnosis.visit)
             - EntityAttributeFetchImpl(entity=edu.ncsu.csc.itrust2.models.persistent.AppointmentRequest, querySpaceUid=<gen:3>, path=edu.ncsu.csc.itrust2.models.persistent.Diagnosis.visit.appointment)
                - EntityAttributeFetchImpl(entity=edu.ncsu.csc.itrust2.models.persistent.User, querySpaceUid=<gen:4>, path=edu.ncsu.csc.itrust2.models.persistent.Diagnosis.visit.appointment.hcp)
                - EntityAttributeFetchImpl(entity=edu.ncsu.csc.itrust2.models.persistent.User, querySpaceUid=<gen:5>, path=edu.ncsu.csc.itrust2.models.persistent.Diagnosis.visit.appointment.patient)
             - EntityAttributeFetchImpl(entity=edu.ncsu.csc.itrust2.models.persistent.BasicHealthMetrics, querySpaceUid=<gen:6>, path=edu.ncsu.csc.itrust2.models.persistent.Diagnosis.visit.basicHealthMetrics)
                - EntityAttributeFetchImpl(entity=edu.ncsu.csc.itrust2.models.persistent.User, querySpaceUid=<gen:7>, path=edu.ncsu.csc.itrust2.models.persistent.Diagnosis.visit.basicHealthMetrics.hcp)
                - EntityAttributeFetchImpl(entity=edu.ncsu.csc.itrust2.models.persistent.User, querySpaceUid=<gen:8>, path=edu.ncsu.csc.itrust2.models.persistent.Diagnosis.visit.basicHealthMetrics.patient)
             - EntityAttributeFetchImpl(entity=edu.ncsu.csc.itrust2.models.persistent.User, querySpaceUid=<gen:9>, path=edu.ncsu.csc.itrust2.models.persistent.Diagnosis.visit.hcp)
             - EntityAttributeFetchImpl(entity=edu.ncsu.csc.itrust2.models.persistent.Hospital, querySpaceUid=<gen:10>, path=edu.ncsu.csc.itrust2.models.persistent.Diagnosis.visit.hospital)
             - EntityAttributeFetchImpl(entity=edu.ncsu.csc.itrust2.models.persistent.User, querySpaceUid=<gen:11>, path=edu.ncsu.csc.itrust2.models.persistent.Diagnosis.visit.patient)
             - CollectionAttributeFetchImpl(collection=edu.ncsu.csc.itrust2.models.persistent.OfficeVisit.prescriptions, querySpaceUid=<gen:12>, path=edu.ncsu.csc.itrust2.models.persistent.Diagnosis.visit.prescriptions)
                - (collection element) CollectionFetchableElementEntityGraph(entity=edu.ncsu.csc.itrust2.models.persistent.Prescription, querySpaceUid=<gen:13>, path=edu.ncsu.csc.itrust2.models.persistent.Diagnosis.visit.prescriptions.<elements>)
                   - EntityAttributeFetchImpl(entity=edu.ncsu.csc.itrust2.models.persistent.Drug, querySpaceUid=<gen:14>, path=edu.ncsu.csc.itrust2.models.persistent.Diagnosis.visit.prescriptions.<elements>.drug)
                   - EntityAttributeFetchImpl(entity=edu.ncsu.csc.itrust2.models.persistent.User, querySpaceUid=<gen:15>, path=edu.ncsu.csc.itrust2.models.persistent.Diagnosis.visit.prescriptions.<elements>.patient)
    - QuerySpaces
       - EntityQuerySpaceImpl(uid=<gen:0>, entity=edu.ncsu.csc.itrust2.models.persistent.Diagnosis)
          - SQL table alias mapping - diagnosis0_
          - alias suffix - 0_
          - suffixed key columns - {id1_2_0_}
          - JOIN (JoinDefinedByMetadata(code)) : <gen:0> -> <gen:1>
             - EntityQuerySpaceImpl(uid=<gen:1>, entity=edu.ncsu.csc.itrust2.models.persistent.ICDCode)
                - SQL table alias mapping - icdcode1_
                - alias suffix - 1_
                - suffixed key columns - {id1_5_1_}
          - JOIN (JoinDefinedByMetadata(visit)) : <gen:0> -> <gen:2>
             - EntityQuerySpaceImpl(uid=<gen:2>, entity=edu.ncsu.csc.itrust2.models.persistent.OfficeVisit)
                - SQL table alias mapping - officevisi2_
                - alias suffix - 2_
                - suffixed key columns - {id1_10_2_}
                - JOIN (JoinDefinedByMetadata(appointment)) : <gen:2> -> <gen:3>
                   - EntityQuerySpaceImpl(uid=<gen:3>, entity=edu.ncsu.csc.itrust2.models.persistent.AppointmentRequest)
                      - SQL table alias mapping - appointmen3_
                      - alias suffix - 3_
                      - suffixed key columns - {id1_0_3_}
                - JOIN (JoinDefinedByMetadata(basicHealthMetrics)) : <gen:2> -> <gen:6>
                   - EntityQuerySpaceImpl(uid=<gen:6>, entity=edu.ncsu.csc.itrust2.models.persistent.BasicHealthMetrics)
                      - SQL table alias mapping - basichealt4_
                      - alias suffix - 4_
                      - suffixed key columns - {id1_1_4_}
                - JOIN (JoinDefinedByMetadata(hcp)) : <gen:2> -> <gen:9>
                   - EntityQuerySpaceImpl(uid=<gen:9>, entity=edu.ncsu.csc.itrust2.models.persistent.User)
                      - SQL table alias mapping - user5_
                      - alias suffix - 5_
                      - suffixed key columns - {username1_15_5_}
                - JOIN (JoinDefinedByMetadata(hospital)) : <gen:2> -> <gen:10>
                   - EntityQuerySpaceImpl(uid=<gen:10>, entity=edu.ncsu.csc.itrust2.models.persistent.Hospital)
                      - SQL table alias mapping - hospital6_
                      - alias suffix - 6_
                      - suffixed key columns - {name1_4_6_}
                - JOIN (JoinDefinedByMetadata(patient)) : <gen:2> -> <gen:11>
                   - EntityQuerySpaceImpl(uid=<gen:11>, entity=edu.ncsu.csc.itrust2.models.persistent.User)
                      - SQL table alias mapping - user7_
                      - alias suffix - 7_
                      - suffixed key columns - {username1_15_7_}
                - JOIN (JoinDefinedByMetadata(prescriptions)) : <gen:2> -> <gen:12>
                   - CollectionQuerySpaceImpl(uid=<gen:12>, collection=edu.ncsu.csc.itrust2.models.persistent.OfficeVisit.prescriptions)
                      - SQL table alias mapping - prescripti8_
                      - alias suffix - 8_
                      - suffixed key columns - {prescrip8_14_8_}
                      - entity-element alias suffix - 9_
                      - 9_entity-element suffixed key columns - id1_14_9_
                      - JOIN (JoinDefinedByMetadata(elements)) : <gen:12> -> <gen:13>
                         - EntityQuerySpaceImpl(uid=<gen:13>, entity=edu.ncsu.csc.itrust2.models.persistent.Prescription)
                            - SQL table alias mapping - prescripti8_
                            - alias suffix - 9_
                            - suffixed key columns - {id1_14_9_}

21:24:11.082 [main] DEBUG o.h.loader.entity.plan.EntityLoader - Static select for entity edu.ncsu.csc.itrust2.models.persistent.Diagnosis [READ]: select diagnosis0_.id as id1_2_0_, diagnosis0_.code_id as code_id3_2_0_, diagnosis0_.note as note2_2_0_, diagnosis0_.visit_id as visit_id4_2_0_, icdcode1_.id as id1_5_1_, icdcode1_.code as code2_5_1_, icdcode1_.description as descript3_5_1_, officevisi2_.id as id1_10_2_, officevisi2_.appointment_id as appointm5_10_2_, officevisi2_.basichealthmetrics_id as basichea6_10_2_, officevisi2_.date as date2_10_2_, officevisi2_.hcp_id as hcp_id7_10_2_, officevisi2_.hospital_id as hospital8_10_2_, officevisi2_.notes as notes3_10_2_, officevisi2_.patient_id as patient_9_10_2_, officevisi2_.type as type4_10_2_, appointmen3_.id as id1_0_3_, appointmen3_.comments as comments2_0_3_, appointmen3_.date as date3_0_3_, appointmen3_.hcp_id as hcp_id6_0_3_, appointmen3_.patient_id as patient_7_0_3_, appointmen3_.status as status4_0_3_, appointmen3_.type as type5_0_3_, basichealt4_.id as id1_1_4_, basichealt4_.diastolic as diastoli2_1_4_, basichealt4_.hcp_id as hcp_id12_1_4_, basichealt4_.hdl as hdl3_1_4_, basichealt4_.headCircumference as headCirc4_1_4_, basichealt4_.height as height5_1_4_, basichealt4_.houseSmokingStatus as houseSmo6_1_4_, basichealt4_.ldl as ldl7_1_4_, basichealt4_.patient_id as patient13_1_4_, basichealt4_.patientSmokingStatus as patientS8_1_4_, basichealt4_.systolic as systolic9_1_4_, basichealt4_.tri as tri10_1_4_, basichealt4_.weight as weight11_1_4_, user5_.username as username1_15_5_, user5_.enabled as enabled2_15_5_, user5_.password as password3_15_5_, user5_.role as role4_15_5_, hospital6_.name as name1_4_6_, hospital6_.address as address2_4_6_, hospital6_.state as state3_4_6_, hospital6_.zip as zip4_4_6_, user7_.username as username1_15_7_, user7_.enabled as enabled2_15_7_, user7_.password as password3_15_7_, user7_.role as role4_15_7_, prescripti8_.prescriptions_id as prescrip8_14_8_, prescripti8_.id as id1_14_8_, prescripti8_.id as id1_14_9_, prescripti8_.dosage as dosage2_14_9_, prescripti8_.drug_id as drug_id6_14_9_, prescripti8_.endDate as endDate3_14_9_, prescripti8_.patient_id as patient_7_14_9_, prescripti8_.renewals as renewals4_14_9_, prescripti8_.startDate as startDat5_14_9_ from Diagnoses diagnosis0_ inner join ICDCodes icdcode1_ on diagnosis0_.code_id=icdcode1_.id inner join OfficeVisits officevisi2_ on diagnosis0_.visit_id=officevisi2_.id left outer join AppointmentRequests appointmen3_ on officevisi2_.appointment_id=appointmen3_.id left outer join BasicHealthMetrics basichealt4_ on officevisi2_.basichealthmetrics_id=basichealt4_.id inner join Users user5_ on officevisi2_.hcp_id=user5_.username inner join Hospitals hospital6_ on officevisi2_.hospital_id=hospital6_.name inner join Users user7_ on officevisi2_.patient_id=user7_.username left outer join Prescriptions prescripti8_ on officevisi2_.id=prescripti8_.prescriptions_id where diagnosis0_.id=?
21:24:11.083 [main] DEBUG o.h.l.p.b.i.spaces.QuerySpacesImpl - Adding QuerySpace : uid = <gen:0> -> org.hibernate.loader.plan.build.internal.spaces.EntityQuerySpaceImpl@210588]
21:24:11.083 [main] DEBUG o.h.p.w.spi.MetamodelGraphWalker - Visiting attribute path : code
21:24:11.084 [main] DEBUG o.h.l.p.b.i.spaces.QuerySpacesImpl - Adding QuerySpace : uid = <gen:1> -> org.hibernate.loader.plan.build.internal.spaces.EntityQuerySpaceImpl@72a6c2f4]
21:24:11.084 [main] DEBUG o.h.p.w.spi.MetamodelGraphWalker - Visiting attribute path : note
21:24:11.084 [main] DEBUG o.h.p.w.spi.MetamodelGraphWalker - Visiting attribute path : visit
21:24:11.085 [main] DEBUG o.h.l.p.b.i.spaces.QuerySpacesImpl - Adding QuerySpace : uid = <gen:2> -> org.hibernate.loader.plan.build.internal.spaces.EntityQuerySpaceImpl@4c5e9ca7]
21:24:11.085 [main] DEBUG o.h.l.p.b.i.FetchStyleLoadPlanBuildingAssociationVisitationStrategy - Building LoadPlan...
21:24:11.085 [main] DEBUG o.h.l.p.e.i.LoadQueryJoinAndFetchProcessor - processing queryspace <gen:0>
21:24:11.086 [main] DEBUG o.h.l.p.b.spi.LoadPlanTreePrinter - LoadPlan(entity=edu.ncsu.csc.itrust2.models.persistent.Diagnosis)
    - Returns
       - EntityReturnImpl(entity=edu.ncsu.csc.itrust2.models.persistent.Diagnosis, querySpaceUid=<gen:0>, path=edu.ncsu.csc.itrust2.models.persistent.Diagnosis)
          - EntityAttributeFetchImpl(entity=edu.ncsu.csc.itrust2.models.persistent.ICDCode, querySpaceUid=<gen:1>, path=edu.ncsu.csc.itrust2.models.persistent.Diagnosis.code)
          - EntityAttributeFetchImpl(entity=edu.ncsu.csc.itrust2.models.persistent.OfficeVisit, querySpaceUid=<gen:2>, path=edu.ncsu.csc.itrust2.models.persistent.Diagnosis.visit)
    - QuerySpaces
       - EntityQuerySpaceImpl(uid=<gen:0>, entity=edu.ncsu.csc.itrust2.models.persistent.Diagnosis)
          - SQL table alias mapping - diagnosis0_
          - alias suffix - 0_
          - suffixed key columns - {id1_2_0_}

21:24:11.087 [main] DEBUG o.h.loader.entity.plan.EntityLoader - Static select for entity edu.ncsu.csc.itrust2.models.persistent.Diagnosis [UPGRADE]: select diagnosis0_.id as id1_2_0_, diagnosis0_.code_id as code_id3_2_0_, diagnosis0_.note as note2_2_0_, diagnosis0_.visit_id as visit_id4_2_0_ from Diagnoses diagnosis0_ where diagnosis0_.id=? for update
21:24:11.087 [main] DEBUG o.h.l.p.b.i.spaces.QuerySpacesImpl - Adding QuerySpace : uid = <gen:0> -> org.hibernate.loader.plan.build.internal.spaces.EntityQuerySpaceImpl@445bdde1]
21:24:11.088 [main] DEBUG o.h.p.w.spi.MetamodelGraphWalker - Visiting attribute path : code
21:24:11.088 [main] DEBUG o.h.l.p.b.i.spaces.QuerySpacesImpl - Adding QuerySpace : uid = <gen:1> -> org.hibernate.loader.plan.build.internal.spaces.EntityQuerySpaceImpl@4a706bf7]
21:24:11.088 [main] DEBUG o.h.p.w.spi.MetamodelGraphWalker - Visiting attribute path : note
21:24:11.088 [main] DEBUG o.h.p.w.spi.MetamodelGraphWalker - Visiting attribute path : visit
21:24:11.089 [main] DEBUG o.h.l.p.b.i.spaces.QuerySpacesImpl - Adding QuerySpace : uid = <gen:2> -> org.hibernate.loader.plan.build.internal.spaces.EntityQuerySpaceImpl@72737dba]
21:24:11.089 [main] DEBUG o.h.l.p.b.i.FetchStyleLoadPlanBuildingAssociationVisitationStrategy - Building LoadPlan...
21:24:11.090 [main] DEBUG o.h.l.p.e.i.LoadQueryJoinAndFetchProcessor - processing queryspace <gen:0>
21:24:11.092 [main] DEBUG o.h.l.p.b.spi.LoadPlanTreePrinter - LoadPlan(entity=edu.ncsu.csc.itrust2.models.persistent.Diagnosis)
    - Returns
       - EntityReturnImpl(entity=edu.ncsu.csc.itrust2.models.persistent.Diagnosis, querySpaceUid=<gen:0>, path=edu.ncsu.csc.itrust2.models.persistent.Diagnosis)
          - EntityAttributeFetchImpl(entity=edu.ncsu.csc.itrust2.models.persistent.ICDCode, querySpaceUid=<gen:1>, path=edu.ncsu.csc.itrust2.models.persistent.Diagnosis.code)
          - EntityAttributeFetchImpl(entity=edu.ncsu.csc.itrust2.models.persistent.OfficeVisit, querySpaceUid=<gen:2>, path=edu.ncsu.csc.itrust2.models.persistent.Diagnosis.visit)
    - QuerySpaces
       - EntityQuerySpaceImpl(uid=<gen:0>, entity=edu.ncsu.csc.itrust2.models.persistent.Diagnosis)
          - SQL table alias mapping - diagnosis0_
          - alias suffix - 0_
          - suffixed key columns - {id1_2_0_}

21:24:11.092 [main] DEBUG o.h.loader.entity.plan.EntityLoader - Static select for entity edu.ncsu.csc.itrust2.models.persistent.Diagnosis [UPGRADE_NOWAIT]: select diagnosis0_.id as id1_2_0_, diagnosis0_.code_id as code_id3_2_0_, diagnosis0_.note as note2_2_0_, diagnosis0_.visit_id as visit_id4_2_0_ from Diagnoses diagnosis0_ where diagnosis0_.id=? for update
21:24:11.094 [main] DEBUG o.h.l.p.b.i.spaces.QuerySpacesImpl - Adding QuerySpace : uid = <gen:0> -> org.hibernate.loader.plan.build.internal.spaces.EntityQuerySpaceImpl@685d02c0]
21:24:11.094 [main] DEBUG o.h.p.w.spi.MetamodelGraphWalker - Visiting attribute path : code
21:24:11.095 [main] DEBUG o.h.l.p.b.i.spaces.QuerySpacesImpl - Adding QuerySpace : uid = <gen:1> -> org.hibernate.loader.plan.build.internal.spaces.EntityQuerySpaceImpl@2500399]
21:24:11.096 [main] DEBUG o.h.p.w.spi.MetamodelGraphWalker - Visiting attribute path : note
21:24:11.096 [main] DEBUG o.h.p.w.spi.MetamodelGraphWalker - Visiting attribute path : visit
21:24:11.096 [main] DEBUG o.h.l.p.b.i.spaces.QuerySpacesImpl - Adding QuerySpace : uid = <gen:2> -> org.hibernate.loader.plan.build.internal.spaces.EntityQuerySpaceImpl@6ba730c4]
21:24:11.097 [main] DEBUG o.h.l.p.b.i.FetchStyleLoadPlanBuildingAssociationVisitationStrategy - Building LoadPlan...
21:24:11.097 [main] DEBUG o.h.l.p.e.i.LoadQueryJoinAndFetchProcessor - processing queryspace <gen:0>
21:24:11.099 [main] DEBUG o.h.l.p.b.spi.LoadPlanTreePrinter - LoadPlan(entity=edu.ncsu.csc.itrust2.models.persistent.Diagnosis)
    - Returns
       - EntityReturnImpl(entity=edu.ncsu.csc.itrust2.models.persistent.Diagnosis, querySpaceUid=<gen:0>, path=edu.ncsu.csc.itrust2.models.persistent.Diagnosis)
          - EntityAttributeFetchImpl(entity=edu.ncsu.csc.itrust2.models.persistent.ICDCode, querySpaceUid=<gen:1>, path=edu.ncsu.csc.itrust2.models.persistent.Diagnosis.code)
          - EntityAttributeFetchImpl(entity=edu.ncsu.csc.itrust2.models.persistent.OfficeVisit, querySpaceUid=<gen:2>, path=edu.ncsu.csc.itrust2.models.persistent.Diagnosis.visit)
    - QuerySpaces
       - EntityQuerySpaceImpl(uid=<gen:0>, entity=edu.ncsu.csc.itrust2.models.persistent.Diagnosis)
          - SQL table alias mapping - diagnosis0_
          - alias suffix - 0_
          - suffixed key columns - {id1_2_0_}

21:24:11.099 [main] DEBUG o.h.loader.entity.plan.EntityLoader - Static select for entity edu.ncsu.csc.itrust2.models.persistent.Diagnosis [UPGRADE_SKIPLOCKED]: select diagnosis0_.id as id1_2_0_, diagnosis0_.code_id as code_id3_2_0_, diagnosis0_.note as note2_2_0_, diagnosis0_.visit_id as visit_id4_2_0_ from Diagnoses diagnosis0_ where diagnosis0_.id=? for update
21:24:11.100 [main] DEBUG o.h.l.p.b.i.spaces.QuerySpacesImpl - Adding QuerySpace : uid = <gen:0> -> org.hibernate.loader.plan.build.internal.spaces.EntityQuerySpaceImpl@6b6c7472]
21:24:11.101 [main] DEBUG o.h.p.w.spi.MetamodelGraphWalker - Visiting attribute path : code
21:24:11.101 [main] DEBUG o.h.l.p.b.i.spaces.QuerySpacesImpl - Adding QuerySpace : uid = <gen:1> -> org.hibernate.loader.plan.build.internal.spaces.EntityQuerySpaceImpl@155ec2ca]
21:24:11.102 [main] DEBUG o.h.p.w.spi.MetamodelGraphWalker - Visiting attribute path : note
21:24:11.102 [main] DEBUG o.h.p.w.spi.MetamodelGraphWalker - Visiting attribute path : visit
21:24:11.103 [main] DEBUG o.h.l.p.b.i.spaces.QuerySpacesImpl - Adding QuerySpace : uid = <gen:2> -> org.hibernate.loader.plan.build.internal.spaces.EntityQuerySpaceImpl@472df1b5]
21:24:11.103 [main] DEBUG o.h.l.p.b.i.FetchStyleLoadPlanBuildingAssociationVisitationStrategy - Building LoadPlan...
21:24:11.104 [main] DEBUG o.h.l.p.e.i.LoadQueryJoinAndFetchProcessor - processing queryspace <gen:0>
21:24:11.104 [main] DEBUG o.h.l.p.b.spi.LoadPlanTreePrinter - LoadPlan(entity=edu.ncsu.csc.itrust2.models.persistent.Diagnosis)
    - Returns
       - EntityReturnImpl(entity=edu.ncsu.csc.itrust2.models.persistent.Diagnosis, querySpaceUid=<gen:0>, path=edu.ncsu.csc.itrust2.models.persistent.Diagnosis)
          - EntityAttributeFetchImpl(entity=edu.ncsu.csc.itrust2.models.persistent.ICDCode, querySpaceUid=<gen:1>, path=edu.ncsu.csc.itrust2.models.persistent.Diagnosis.code)
          - EntityAttributeFetchImpl(entity=edu.ncsu.csc.itrust2.models.persistent.OfficeVisit, querySpaceUid=<gen:2>, path=edu.ncsu.csc.itrust2.models.persistent.Diagnosis.visit)
    - QuerySpaces
       - EntityQuerySpaceImpl(uid=<gen:0>, entity=edu.ncsu.csc.itrust2.models.persistent.Diagnosis)
          - SQL table alias mapping - diagnosis0_
          - alias suffix - 0_
          - suffixed key columns - {id1_2_0_}

21:24:11.105 [main] DEBUG o.h.loader.entity.plan.EntityLoader - Static select for entity edu.ncsu.csc.itrust2.models.persistent.Diagnosis [FORCE]: select diagnosis0_.id as id1_2_0_, diagnosis0_.code_id as code_id3_2_0_, diagnosis0_.note as note2_2_0_, diagnosis0_.visit_id as visit_id4_2_0_ from Diagnoses diagnosis0_ where diagnosis0_.id=? for update
21:24:11.107 [main] DEBUG o.h.l.p.b.i.spaces.QuerySpacesImpl - Adding QuerySpace : uid = <gen:0> -> org.hibernate.loader.plan.build.internal.spaces.EntityQuerySpaceImpl@4f6ad2c6]
21:24:11.110 [main] DEBUG o.h.p.w.spi.MetamodelGraphWalker - Visiting attribute path : code
21:24:11.110 [main] DEBUG o.h.l.p.b.i.spaces.QuerySpacesImpl - Adding QuerySpace : uid = <gen:1> -> org.hibernate.loader.plan.build.internal.spaces.EntityQuerySpaceImpl@39ff2654]
21:24:11.111 [main] DEBUG o.h.p.w.spi.MetamodelGraphWalker - Visiting attribute path : note
21:24:11.111 [main] DEBUG o.h.p.w.spi.MetamodelGraphWalker - Visiting attribute path : visit
21:24:11.112 [main] DEBUG o.h.l.p.b.i.spaces.QuerySpacesImpl - Adding QuerySpace : uid = <gen:2> -> org.hibernate.loader.plan.build.internal.spaces.EntityQuerySpaceImpl@1177d887]
21:24:11.112 [main] DEBUG o.h.l.p.b.i.FetchStyleLoadPlanBuildingAssociationVisitationStrategy - Building LoadPlan...
21:24:11.115 [main] DEBUG o.h.l.p.e.i.LoadQueryJoinAndFetchProcessor - processing queryspace <gen:0>
21:24:11.119 [main] DEBUG o.h.l.p.b.spi.LoadPlanTreePrinter - LoadPlan(entity=edu.ncsu.csc.itrust2.models.persistent.Diagnosis)
    - Returns
       - EntityReturnImpl(entity=edu.ncsu.csc.itrust2.models.persistent.Diagnosis, querySpaceUid=<gen:0>, path=edu.ncsu.csc.itrust2.models.persistent.Diagnosis)
          - EntityAttributeFetchImpl(entity=edu.ncsu.csc.itrust2.models.persistent.ICDCode, querySpaceUid=<gen:1>, path=edu.ncsu.csc.itrust2.models.persistent.Diagnosis.code)
          - EntityAttributeFetchImpl(entity=edu.ncsu.csc.itrust2.models.persistent.OfficeVisit, querySpaceUid=<gen:2>, path=edu.ncsu.csc.itrust2.models.persistent.Diagnosis.visit)
    - QuerySpaces
       - EntityQuerySpaceImpl(uid=<gen:0>, entity=edu.ncsu.csc.itrust2.models.persistent.Diagnosis)
          - SQL table alias mapping - diagnosis0_
          - alias suffix - 0_
          - suffixed key columns - {id1_2_0_}

21:24:11.122 [main] DEBUG o.h.loader.entity.plan.EntityLoader - Static select for entity edu.ncsu.csc.itrust2.models.persistent.Diagnosis [PESSIMISTIC_READ]: select diagnosis0_.id as id1_2_0_, diagnosis0_.code_id as code_id3_2_0_, diagnosis0_.note as note2_2_0_, diagnosis0_.visit_id as visit_id4_2_0_ from Diagnoses diagnosis0_ where diagnosis0_.id=? lock in share mode
21:24:11.122 [main] DEBUG o.h.l.p.b.i.spaces.QuerySpacesImpl - Adding QuerySpace : uid = <gen:0> -> org.hibernate.loader.plan.build.internal.spaces.EntityQuerySpaceImpl@812c48d]
21:24:11.123 [main] DEBUG o.h.p.w.spi.MetamodelGraphWalker - Visiting attribute path : code
21:24:11.123 [main] DEBUG o.h.l.p.b.i.spaces.QuerySpacesImpl - Adding QuerySpace : uid = <gen:1> -> org.hibernate.loader.plan.build.internal.spaces.EntityQuerySpaceImpl@350c396c]
21:24:11.123 [main] DEBUG o.h.p.w.spi.MetamodelGraphWalker - Visiting attribute path : note
21:24:11.124 [main] DEBUG o.h.p.w.spi.MetamodelGraphWalker - Visiting attribute path : visit
21:24:11.124 [main] DEBUG o.h.l.p.b.i.spaces.QuerySpacesImpl - Adding QuerySpace : uid = <gen:2> -> org.hibernate.loader.plan.build.internal.spaces.EntityQuerySpaceImpl@1a106caa]
21:24:11.124 [main] DEBUG o.h.l.p.b.i.FetchStyleLoadPlanBuildingAssociationVisitationStrategy - Building LoadPlan...
21:24:11.124 [main] DEBUG o.h.l.p.e.i.LoadQueryJoinAndFetchProcessor - processing queryspace <gen:0>
21:24:11.125 [main] DEBUG o.h.l.p.b.spi.LoadPlanTreePrinter - LoadPlan(entity=edu.ncsu.csc.itrust2.models.persistent.Diagnosis)
    - Returns
       - EntityReturnImpl(entity=edu.ncsu.csc.itrust2.models.persistent.Diagnosis, querySpaceUid=<gen:0>, path=edu.ncsu.csc.itrust2.models.persistent.Diagnosis)
          - EntityAttributeFetchImpl(entity=edu.ncsu.csc.itrust2.models.persistent.ICDCode, querySpaceUid=<gen:1>, path=edu.ncsu.csc.itrust2.models.persistent.Diagnosis.code)
          - EntityAttributeFetchImpl(entity=edu.ncsu.csc.itrust2.models.persistent.OfficeVisit, querySpaceUid=<gen:2>, path=edu.ncsu.csc.itrust2.models.persistent.Diagnosis.visit)
    - QuerySpaces
       - EntityQuerySpaceImpl(uid=<gen:0>, entity=edu.ncsu.csc.itrust2.models.persistent.Diagnosis)
          - SQL table alias mapping - diagnosis0_
          - alias suffix - 0_
          - suffixed key columns - {id1_2_0_}

21:24:11.125 [main] DEBUG o.h.loader.entity.plan.EntityLoader - Static select for entity edu.ncsu.csc.itrust2.models.persistent.Diagnosis [PESSIMISTIC_WRITE]: select diagnosis0_.id as id1_2_0_, diagnosis0_.code_id as code_id3_2_0_, diagnosis0_.note as note2_2_0_, diagnosis0_.visit_id as visit_id4_2_0_ from Diagnoses diagnosis0_ where diagnosis0_.id=? for update
21:24:11.126 [main] DEBUG o.h.l.p.b.i.spaces.QuerySpacesImpl - Adding QuerySpace : uid = <gen:0> -> org.hibernate.loader.plan.build.internal.spaces.EntityQuerySpaceImpl@438e5c9]
21:24:11.126 [main] DEBUG o.h.p.w.spi.MetamodelGraphWalker - Visiting attribute path : code
21:24:11.126 [main] DEBUG o.h.l.p.b.i.spaces.QuerySpacesImpl - Adding QuerySpace : uid = <gen:1> -> org.hibernate.loader.plan.build.internal.spaces.EntityQuerySpaceImpl@2e3499ad]
21:24:11.127 [main] DEBUG o.h.p.w.spi.MetamodelGraphWalker - Visiting attribute path : note
21:24:11.127 [main] DEBUG o.h.p.w.spi.MetamodelGraphWalker - Visiting attribute path : visit
21:24:11.127 [main] DEBUG o.h.l.p.b.i.spaces.QuerySpacesImpl - Adding QuerySpace : uid = <gen:2> -> org.hibernate.loader.plan.build.internal.spaces.EntityQuerySpaceImpl@3758d5fd]
21:24:11.127 [main] DEBUG o.h.l.p.b.i.FetchStyleLoadPlanBuildingAssociationVisitationStrategy - Building LoadPlan...
21:24:11.128 [main] DEBUG o.h.l.p.e.i.LoadQueryJoinAndFetchProcessor - processing queryspace <gen:0>
21:24:11.128 [main] DEBUG o.h.l.p.b.spi.LoadPlanTreePrinter - LoadPlan(entity=edu.ncsu.csc.itrust2.models.persistent.Diagnosis)
    - Returns
       - EntityReturnImpl(entity=edu.ncsu.csc.itrust2.models.persistent.Diagnosis, querySpaceUid=<gen:0>, path=edu.ncsu.csc.itrust2.models.persistent.Diagnosis)
          - EntityAttributeFetchImpl(entity=edu.ncsu.csc.itrust2.models.persistent.ICDCode, querySpaceUid=<gen:1>, path=edu.ncsu.csc.itrust2.models.persistent.Diagnosis.code)
          - EntityAttributeFetchImpl(entity=edu.ncsu.csc.itrust2.models.persistent.OfficeVisit, querySpaceUid=<gen:2>, path=edu.ncsu.csc.itrust2.models.persistent.Diagnosis.visit)
    - QuerySpaces
       - EntityQuerySpaceImpl(uid=<gen:0>, entity=edu.ncsu.csc.itrust2.models.persistent.Diagnosis)
          - SQL table alias mapping - diagnosis0_
          - alias suffix - 0_
          - suffixed key columns - {id1_2_0_}

21:24:11.129 [main] DEBUG o.h.loader.entity.plan.EntityLoader - Static select for entity edu.ncsu.csc.itrust2.models.persistent.Diagnosis [PESSIMISTIC_FORCE_INCREMENT]: select diagnosis0_.id as id1_2_0_, diagnosis0_.code_id as code_id3_2_0_, diagnosis0_.note as note2_2_0_, diagnosis0_.visit_id as visit_id4_2_0_ from Diagnoses diagnosis0_ where diagnosis0_.id=? for update
21:24:11.130 [main] DEBUG o.h.l.p.b.i.spaces.QuerySpacesImpl - Adding QuerySpace : uid = <gen:0> -> org.hibernate.loader.plan.build.internal.spaces.EntityQuerySpaceImpl@740d6872]
21:24:11.130 [main] DEBUG o.h.p.w.spi.MetamodelGraphWalker - Visiting attribute path : code
21:24:11.132 [main] DEBUG o.h.l.p.b.i.spaces.QuerySpacesImpl - Adding QuerySpace : uid = <gen:1> -> org.hibernate.loader.plan.build.internal.spaces.EntityQuerySpaceImpl@3cdde1de]
21:24:11.133 [main] DEBUG o.h.p.w.spi.MetamodelGraphWalker - Visiting attribute path : note
21:24:11.133 [main] DEBUG o.h.p.w.spi.MetamodelGraphWalker - Visiting attribute path : visit
21:24:11.133 [main] DEBUG o.h.l.p.b.i.spaces.QuerySpacesImpl - Adding QuerySpace : uid = <gen:2> -> org.hibernate.loader.plan.build.internal.spaces.EntityQuerySpaceImpl@4ddb3c85]
21:24:11.134 [main] DEBUG o.h.l.p.b.i.FetchStyleLoadPlanBuildingAssociationVisitationStrategy - Building LoadPlan...
21:24:11.134 [main] DEBUG o.h.l.p.e.i.LoadQueryJoinAndFetchProcessor - processing queryspace <gen:0>
21:24:11.135 [main] DEBUG o.h.l.p.b.spi.LoadPlanTreePrinter - LoadPlan(entity=edu.ncsu.csc.itrust2.models.persistent.Diagnosis)
    - Returns
       - EntityReturnImpl(entity=edu.ncsu.csc.itrust2.models.persistent.Diagnosis, querySpaceUid=<gen:0>, path=edu.ncsu.csc.itrust2.models.persistent.Diagnosis)
          - EntityAttributeFetchImpl(entity=edu.ncsu.csc.itrust2.models.persistent.ICDCode, querySpaceUid=<gen:1>, path=edu.ncsu.csc.itrust2.models.persistent.Diagnosis.code)
          - EntityAttributeFetchImpl(entity=edu.ncsu.csc.itrust2.models.persistent.OfficeVisit, querySpaceUid=<gen:2>, path=edu.ncsu.csc.itrust2.models.persistent.Diagnosis.visit)
    - QuerySpaces
       - EntityQuerySpaceImpl(uid=<gen:0>, entity=edu.ncsu.csc.itrust2.models.persistent.Diagnosis)
          - SQL table alias mapping - diagnosis0_
          - alias suffix - 0_
          - suffixed key columns - {id1_2_0_}

21:24:11.136 [main] DEBUG o.h.loader.entity.plan.EntityLoader - Static select for entity edu.ncsu.csc.itrust2.models.persistent.Diagnosis [OPTIMISTIC]: select diagnosis0_.id as id1_2_0_, diagnosis0_.code_id as code_id3_2_0_, diagnosis0_.note as note2_2_0_, diagnosis0_.visit_id as visit_id4_2_0_ from Diagnoses diagnosis0_ where diagnosis0_.id=?
21:24:11.136 [main] DEBUG o.h.l.p.b.i.spaces.QuerySpacesImpl - Adding QuerySpace : uid = <gen:0> -> org.hibernate.loader.plan.build.internal.spaces.EntityQuerySpaceImpl@528a83b4]
21:24:11.136 [main] DEBUG o.h.p.w.spi.MetamodelGraphWalker - Visiting attribute path : code
21:24:11.137 [main] DEBUG o.h.l.p.b.i.spaces.QuerySpacesImpl - Adding QuerySpace : uid = <gen:1> -> org.hibernate.loader.plan.build.internal.spaces.EntityQuerySpaceImpl@409fca49]
21:24:11.137 [main] DEBUG o.h.p.w.spi.MetamodelGraphWalker - Visiting attribute path : note
21:24:11.138 [main] DEBUG o.h.p.w.spi.MetamodelGraphWalker - Visiting attribute path : visit
21:24:11.138 [main] DEBUG o.h.l.p.b.i.spaces.QuerySpacesImpl - Adding QuerySpace : uid = <gen:2> -> org.hibernate.loader.plan.build.internal.spaces.EntityQuerySpaceImpl@5434e9cb]
21:24:11.139 [main] DEBUG o.h.l.p.b.i.FetchStyleLoadPlanBuildingAssociationVisitationStrategy - Building LoadPlan...
21:24:11.139 [main] DEBUG o.h.l.p.e.i.LoadQueryJoinAndFetchProcessor - processing queryspace <gen:0>
21:24:11.140 [main] DEBUG o.h.l.p.b.spi.LoadPlanTreePrinter - LoadPlan(entity=edu.ncsu.csc.itrust2.models.persistent.Diagnosis)
    - Returns
       - EntityReturnImpl(entity=edu.ncsu.csc.itrust2.models.persistent.Diagnosis, querySpaceUid=<gen:0>, path=edu.ncsu.csc.itrust2.models.persistent.Diagnosis)
          - EntityAttributeFetchImpl(entity=edu.ncsu.csc.itrust2.models.persistent.ICDCode, querySpaceUid=<gen:1>, path=edu.ncsu.csc.itrust2.models.persistent.Diagnosis.code)
          - EntityAttributeFetchImpl(entity=edu.ncsu.csc.itrust2.models.persistent.OfficeVisit, querySpaceUid=<gen:2>, path=edu.ncsu.csc.itrust2.models.persistent.Diagnosis.visit)
    - QuerySpaces
       - EntityQuerySpaceImpl(uid=<gen:0>, entity=edu.ncsu.csc.itrust2.models.persistent.Diagnosis)
          - SQL table alias mapping - diagnosis0_
          - alias suffix - 0_
          - suffixed key columns - {id1_2_0_}

21:24:11.140 [main] DEBUG o.h.loader.entity.plan.EntityLoader - Static select for entity edu.ncsu.csc.itrust2.models.persistent.Diagnosis [OPTIMISTIC_FORCE_INCREMENT]: select diagnosis0_.id as id1_2_0_, diagnosis0_.code_id as code_id3_2_0_, diagnosis0_.note as note2_2_0_, diagnosis0_.visit_id as visit_id4_2_0_ from Diagnoses diagnosis0_ where diagnosis0_.id=?
21:24:11.142 [main] DEBUG org.hibernate.loader.Loader - Static select for action ACTION_MERGE on entity edu.ncsu.csc.itrust2.models.persistent.Diagnosis: select diagnosis0_.id as id1_2_0_, diagnosis0_.code_id as code_id3_2_0_, diagnosis0_.note as note2_2_0_, diagnosis0_.visit_id as visit_id4_2_0_ from Diagnoses diagnosis0_ where diagnosis0_.id=?
21:24:11.143 [main] DEBUG org.hibernate.loader.Loader - Static select for action ACTION_REFRESH on entity edu.ncsu.csc.itrust2.models.persistent.Diagnosis: select diagnosis0_.id as id1_2_0_, diagnosis0_.code_id as code_id3_2_0_, diagnosis0_.note as note2_2_0_, diagnosis0_.visit_id as visit_id4_2_0_ from Diagnoses diagnosis0_ where diagnosis0_.id=?
21:24:11.144 [main] DEBUG o.h.p.entity.AbstractEntityPersister - Static SQL for entity: edu.ncsu.csc.itrust2.models.persistent.User
21:24:11.145 [main] DEBUG o.h.p.entity.AbstractEntityPersister -  Version select: select username from Users where username =?
21:24:11.145 [main] DEBUG o.h.p.entity.AbstractEntityPersister -  Snapshot select: select user_.username, user_.enabled as enabled2_15_, user_.password as password3_15_, user_.role as role4_15_ from Users user_ where user_.username=?
21:24:11.145 [main] DEBUG o.h.p.entity.AbstractEntityPersister -  Insert 0: insert into Users (enabled, password, role, username) values (?, ?, ?, ?)
21:24:11.146 [main] DEBUG o.h.p.entity.AbstractEntityPersister -  Update 0: update Users set enabled=?, password=?, role=? where username=?
21:24:11.146 [main] DEBUG o.h.p.entity.AbstractEntityPersister -  Delete 0: delete from Users where username=?
21:24:11.146 [main] DEBUG o.h.l.p.b.i.spaces.QuerySpacesImpl - Adding QuerySpace : uid = <gen:0> -> org.hibernate.loader.plan.build.internal.spaces.EntityQuerySpaceImpl@52a547da]
21:24:11.147 [main] DEBUG o.h.p.w.spi.MetamodelGraphWalker - Visiting attribute path : enabled
21:24:11.147 [main] DEBUG o.h.p.w.spi.MetamodelGraphWalker - Visiting attribute path : password
21:24:11.147 [main] DEBUG o.h.p.w.spi.MetamodelGraphWalker - Visiting attribute path : role
21:24:11.147 [main] DEBUG o.h.l.p.b.i.FetchStyleLoadPlanBuildingAssociationVisitationStrategy - Building LoadPlan...
21:24:11.148 [main] DEBUG o.h.l.p.e.i.LoadQueryJoinAndFetchProcessor - processing queryspace <gen:0>
21:24:11.148 [main] DEBUG o.h.l.p.b.spi.LoadPlanTreePrinter - LoadPlan(entity=edu.ncsu.csc.itrust2.models.persistent.User)
    - Returns
       - EntityReturnImpl(entity=edu.ncsu.csc.itrust2.models.persistent.User, querySpaceUid=<gen:0>, path=edu.ncsu.csc.itrust2.models.persistent.User)
    - QuerySpaces
       - EntityQuerySpaceImpl(uid=<gen:0>, entity=edu.ncsu.csc.itrust2.models.persistent.User)
          - SQL table alias mapping - user0_
          - alias suffix - 0_
          - suffixed key columns - {username1_15_0_}

21:24:11.149 [main] DEBUG o.h.loader.entity.plan.EntityLoader - Static select for entity edu.ncsu.csc.itrust2.models.persistent.User [NONE]: select user0_.username as username1_15_0_, user0_.enabled as enabled2_15_0_, user0_.password as password3_15_0_, user0_.role as role4_15_0_ from Users user0_ where user0_.username=?
21:24:11.150 [main] DEBUG o.h.l.p.b.i.spaces.QuerySpacesImpl - Adding QuerySpace : uid = <gen:0> -> org.hibernate.loader.plan.build.internal.spaces.EntityQuerySpaceImpl@7757fa2]
21:24:11.150 [main] DEBUG o.h.p.w.spi.MetamodelGraphWalker - Visiting attribute path : enabled
21:24:11.151 [main] DEBUG o.h.p.w.spi.MetamodelGraphWalker - Visiting attribute path : password
21:24:11.151 [main] DEBUG o.h.p.w.spi.MetamodelGraphWalker - Visiting attribute path : role
21:24:11.151 [main] DEBUG o.h.l.p.b.i.FetchStyleLoadPlanBuildingAssociationVisitationStrategy - Building LoadPlan...
21:24:11.152 [main] DEBUG o.h.l.p.e.i.LoadQueryJoinAndFetchProcessor - processing queryspace <gen:0>
21:24:11.152 [main] DEBUG o.h.l.p.b.spi.LoadPlanTreePrinter - LoadPlan(entity=edu.ncsu.csc.itrust2.models.persistent.User)
    - Returns
       - EntityReturnImpl(entity=edu.ncsu.csc.itrust2.models.persistent.User, querySpaceUid=<gen:0>, path=edu.ncsu.csc.itrust2.models.persistent.User)
    - QuerySpaces
       - EntityQuerySpaceImpl(uid=<gen:0>, entity=edu.ncsu.csc.itrust2.models.persistent.User)
          - SQL table alias mapping - user0_
          - alias suffix - 0_
          - suffixed key columns - {username1_15_0_}

21:24:11.153 [main] DEBUG o.h.loader.entity.plan.EntityLoader - Static select for entity edu.ncsu.csc.itrust2.models.persistent.User [READ]: select user0_.username as username1_15_0_, user0_.enabled as enabled2_15_0_, user0_.password as password3_15_0_, user0_.role as role4_15_0_ from Users user0_ where user0_.username=?
21:24:11.153 [main] DEBUG o.h.l.p.b.i.spaces.QuerySpacesImpl - Adding QuerySpace : uid = <gen:0> -> org.hibernate.loader.plan.build.internal.spaces.EntityQuerySpaceImpl@c1fb6f4]
21:24:11.154 [main] DEBUG o.h.p.w.spi.MetamodelGraphWalker - Visiting attribute path : enabled
21:24:11.154 [main] DEBUG o.h.p.w.spi.MetamodelGraphWalker - Visiting attribute path : password
21:24:11.155 [main] DEBUG o.h.p.w.spi.MetamodelGraphWalker - Visiting attribute path : role
21:24:11.155 [main] DEBUG o.h.l.p.b.i.FetchStyleLoadPlanBuildingAssociationVisitationStrategy - Building LoadPlan...
21:24:11.155 [main] DEBUG o.h.l.p.e.i.LoadQueryJoinAndFetchProcessor - processing queryspace <gen:0>
21:24:11.156 [main] DEBUG o.h.l.p.b.spi.LoadPlanTreePrinter - LoadPlan(entity=edu.ncsu.csc.itrust2.models.persistent.User)
    - Returns
       - EntityReturnImpl(entity=edu.ncsu.csc.itrust2.models.persistent.User, querySpaceUid=<gen:0>, path=edu.ncsu.csc.itrust2.models.persistent.User)
    - QuerySpaces
       - EntityQuerySpaceImpl(uid=<gen:0>, entity=edu.ncsu.csc.itrust2.models.persistent.User)
          - SQL table alias mapping - user0_
          - alias suffix - 0_
          - suffixed key columns - {username1_15_0_}

21:24:11.157 [main] DEBUG o.h.loader.entity.plan.EntityLoader - Static select for entity edu.ncsu.csc.itrust2.models.persistent.User [UPGRADE]: select user0_.username as username1_15_0_, user0_.enabled as enabled2_15_0_, user0_.password as password3_15_0_, user0_.role as role4_15_0_ from Users user0_ where user0_.username=? for update
21:24:11.157 [main] DEBUG o.h.l.p.b.i.spaces.QuerySpacesImpl - Adding QuerySpace : uid = <gen:0> -> org.hibernate.loader.plan.build.internal.spaces.EntityQuerySpaceImpl@280f9319]
21:24:11.158 [main] DEBUG o.h.p.w.spi.MetamodelGraphWalker - Visiting attribute path : enabled
21:24:11.158 [main] DEBUG o.h.p.w.spi.MetamodelGraphWalker - Visiting attribute path : password
21:24:11.158 [main] DEBUG o.h.p.w.spi.MetamodelGraphWalker - Visiting attribute path : role
21:24:11.158 [main] DEBUG o.h.l.p.b.i.FetchStyleLoadPlanBuildingAssociationVisitationStrategy - Building LoadPlan...
21:24:11.159 [main] DEBUG o.h.l.p.e.i.LoadQueryJoinAndFetchProcessor - processing queryspace <gen:0>
21:24:11.159 [main] DEBUG o.h.l.p.b.spi.LoadPlanTreePrinter - LoadPlan(entity=edu.ncsu.csc.itrust2.models.persistent.User)
    - Returns
       - EntityReturnImpl(entity=edu.ncsu.csc.itrust2.models.persistent.User, querySpaceUid=<gen:0>, path=edu.ncsu.csc.itrust2.models.persistent.User)
    - QuerySpaces
       - EntityQuerySpaceImpl(uid=<gen:0>, entity=edu.ncsu.csc.itrust2.models.persistent.User)
          - SQL table alias mapping - user0_
          - alias suffix - 0_
          - suffixed key columns - {username1_15_0_}

21:24:11.160 [main] DEBUG o.h.loader.entity.plan.EntityLoader - Static select for entity edu.ncsu.csc.itrust2.models.persistent.User [UPGRADE_NOWAIT]: select user0_.username as username1_15_0_, user0_.enabled as enabled2_15_0_, user0_.password as password3_15_0_, user0_.role as role4_15_0_ from Users user0_ where user0_.username=? for update
21:24:11.160 [main] DEBUG o.h.l.p.b.i.spaces.QuerySpacesImpl - Adding QuerySpace : uid = <gen:0> -> org.hibernate.loader.plan.build.internal.spaces.EntityQuerySpaceImpl@481a66f0]
21:24:11.161 [main] DEBUG o.h.p.w.spi.MetamodelGraphWalker - Visiting attribute path : enabled
21:24:11.161 [main] DEBUG o.h.p.w.spi.MetamodelGraphWalker - Visiting attribute path : password
21:24:11.161 [main] DEBUG o.h.p.w.spi.MetamodelGraphWalker - Visiting attribute path : role
21:24:11.161 [main] DEBUG o.h.l.p.b.i.FetchStyleLoadPlanBuildingAssociationVisitationStrategy - Building LoadPlan...
21:24:11.162 [main] DEBUG o.h.l.p.e.i.LoadQueryJoinAndFetchProcessor - processing queryspace <gen:0>
21:24:11.162 [main] DEBUG o.h.l.p.b.spi.LoadPlanTreePrinter - LoadPlan(entity=edu.ncsu.csc.itrust2.models.persistent.User)
    - Returns
       - EntityReturnImpl(entity=edu.ncsu.csc.itrust2.models.persistent.User, querySpaceUid=<gen:0>, path=edu.ncsu.csc.itrust2.models.persistent.User)
    - QuerySpaces
       - EntityQuerySpaceImpl(uid=<gen:0>, entity=edu.ncsu.csc.itrust2.models.persistent.User)
          - SQL table alias mapping - user0_
          - alias suffix - 0_
          - suffixed key columns - {username1_15_0_}

21:24:11.163 [main] DEBUG o.h.loader.entity.plan.EntityLoader - Static select for entity edu.ncsu.csc.itrust2.models.persistent.User [UPGRADE_SKIPLOCKED]: select user0_.username as username1_15_0_, user0_.enabled as enabled2_15_0_, user0_.password as password3_15_0_, user0_.role as role4_15_0_ from Users user0_ where user0_.username=? for update
21:24:11.163 [main] DEBUG o.h.l.p.b.i.spaces.QuerySpacesImpl - Adding QuerySpace : uid = <gen:0> -> org.hibernate.loader.plan.build.internal.spaces.EntityQuerySpaceImpl@438fd465]
21:24:11.164 [main] DEBUG o.h.p.w.spi.MetamodelGraphWalker - Visiting attribute path : enabled
21:24:11.164 [main] DEBUG o.h.p.w.spi.MetamodelGraphWalker - Visiting attribute path : password
21:24:11.164 [main] DEBUG o.h.p.w.spi.MetamodelGraphWalker - Visiting attribute path : role
21:24:11.164 [main] DEBUG o.h.l.p.b.i.FetchStyleLoadPlanBuildingAssociationVisitationStrategy - Building LoadPlan...
21:24:11.165 [main] DEBUG o.h.l.p.e.i.LoadQueryJoinAndFetchProcessor - processing queryspace <gen:0>
21:24:11.165 [main] DEBUG o.h.l.p.b.spi.LoadPlanTreePrinter - LoadPlan(entity=edu.ncsu.csc.itrust2.models.persistent.User)
    - Returns
       - EntityReturnImpl(entity=edu.ncsu.csc.itrust2.models.persistent.User, querySpaceUid=<gen:0>, path=edu.ncsu.csc.itrust2.models.persistent.User)
    - QuerySpaces
       - EntityQuerySpaceImpl(uid=<gen:0>, entity=edu.ncsu.csc.itrust2.models.persistent.User)
          - SQL table alias mapping - user0_
          - alias suffix - 0_
          - suffixed key columns - {username1_15_0_}

21:24:11.166 [main] DEBUG o.h.loader.entity.plan.EntityLoader - Static select for entity edu.ncsu.csc.itrust2.models.persistent.User [FORCE]: select user0_.username as username1_15_0_, user0_.enabled as enabled2_15_0_, user0_.password as password3_15_0_, user0_.role as role4_15_0_ from Users user0_ where user0_.username=? for update
21:24:11.166 [main] DEBUG o.h.l.p.b.i.spaces.QuerySpacesImpl - Adding QuerySpace : uid = <gen:0> -> org.hibernate.loader.plan.build.internal.spaces.EntityQuerySpaceImpl@7f24aeb5]
21:24:11.167 [main] DEBUG o.h.p.w.spi.MetamodelGraphWalker - Visiting attribute path : enabled
21:24:11.167 [main] DEBUG o.h.p.w.spi.MetamodelGraphWalker - Visiting attribute path : password
21:24:11.167 [main] DEBUG o.h.p.w.spi.MetamodelGraphWalker - Visiting attribute path : role
21:24:11.167 [main] DEBUG o.h.l.p.b.i.FetchStyleLoadPlanBuildingAssociationVisitationStrategy - Building LoadPlan...
21:24:11.168 [main] DEBUG o.h.l.p.e.i.LoadQueryJoinAndFetchProcessor - processing queryspace <gen:0>
21:24:11.168 [main] DEBUG o.h.l.p.b.spi.LoadPlanTreePrinter - LoadPlan(entity=edu.ncsu.csc.itrust2.models.persistent.User)
    - Returns
       - EntityReturnImpl(entity=edu.ncsu.csc.itrust2.models.persistent.User, querySpaceUid=<gen:0>, path=edu.ncsu.csc.itrust2.models.persistent.User)
    - QuerySpaces
       - EntityQuerySpaceImpl(uid=<gen:0>, entity=edu.ncsu.csc.itrust2.models.persistent.User)
          - SQL table alias mapping - user0_
          - alias suffix - 0_
          - suffixed key columns - {username1_15_0_}

21:24:11.169 [main] DEBUG o.h.loader.entity.plan.EntityLoader - Static select for entity edu.ncsu.csc.itrust2.models.persistent.User [PESSIMISTIC_READ]: select user0_.username as username1_15_0_, user0_.enabled as enabled2_15_0_, user0_.password as password3_15_0_, user0_.role as role4_15_0_ from Users user0_ where user0_.username=? lock in share mode
21:24:11.169 [main] DEBUG o.h.l.p.b.i.spaces.QuerySpacesImpl - Adding QuerySpace : uid = <gen:0> -> org.hibernate.loader.plan.build.internal.spaces.EntityQuerySpaceImpl@35580065]
21:24:11.170 [main] DEBUG o.h.p.w.spi.MetamodelGraphWalker - Visiting attribute path : enabled
21:24:11.170 [main] DEBUG o.h.p.w.spi.MetamodelGraphWalker - Visiting attribute path : password
21:24:11.170 [main] DEBUG o.h.p.w.spi.MetamodelGraphWalker - Visiting attribute path : role
21:24:11.170 [main] DEBUG o.h.l.p.b.i.FetchStyleLoadPlanBuildingAssociationVisitationStrategy - Building LoadPlan...
21:24:11.171 [main] DEBUG o.h.l.p.e.i.LoadQueryJoinAndFetchProcessor - processing queryspace <gen:0>
21:24:11.171 [main] DEBUG o.h.l.p.b.spi.LoadPlanTreePrinter - LoadPlan(entity=edu.ncsu.csc.itrust2.models.persistent.User)
    - Returns
       - EntityReturnImpl(entity=edu.ncsu.csc.itrust2.models.persistent.User, querySpaceUid=<gen:0>, path=edu.ncsu.csc.itrust2.models.persistent.User)
    - QuerySpaces
       - EntityQuerySpaceImpl(uid=<gen:0>, entity=edu.ncsu.csc.itrust2.models.persistent.User)
          - SQL table alias mapping - user0_
          - alias suffix - 0_
          - suffixed key columns - {username1_15_0_}

21:24:11.171 [main] DEBUG o.h.loader.entity.plan.EntityLoader - Static select for entity edu.ncsu.csc.itrust2.models.persistent.User [PESSIMISTIC_WRITE]: select user0_.username as username1_15_0_, user0_.enabled as enabled2_15_0_, user0_.password as password3_15_0_, user0_.role as role4_15_0_ from Users user0_ where user0_.username=? for update
21:24:11.172 [main] DEBUG o.h.l.p.b.i.spaces.QuerySpacesImpl - Adding QuerySpace : uid = <gen:0> -> org.hibernate.loader.plan.build.internal.spaces.EntityQuerySpaceImpl@187ff373]
21:24:11.172 [main] DEBUG o.h.p.w.spi.MetamodelGraphWalker - Visiting attribute path : enabled
21:24:11.172 [main] DEBUG o.h.p.w.spi.MetamodelGraphWalker - Visiting attribute path : password
21:24:11.172 [main] DEBUG o.h.p.w.spi.MetamodelGraphWalker - Visiting attribute path : role
21:24:11.173 [main] DEBUG o.h.l.p.b.i.FetchStyleLoadPlanBuildingAssociationVisitationStrategy - Building LoadPlan...
21:24:11.173 [main] DEBUG o.h.l.p.e.i.LoadQueryJoinAndFetchProcessor - processing queryspace <gen:0>
21:24:11.173 [main] DEBUG o.h.l.p.b.spi.LoadPlanTreePrinter - LoadPlan(entity=edu.ncsu.csc.itrust2.models.persistent.User)
    - Returns
       - EntityReturnImpl(entity=edu.ncsu.csc.itrust2.models.persistent.User, querySpaceUid=<gen:0>, path=edu.ncsu.csc.itrust2.models.persistent.User)
    - QuerySpaces
       - EntityQuerySpaceImpl(uid=<gen:0>, entity=edu.ncsu.csc.itrust2.models.persistent.User)
          - SQL table alias mapping - user0_
          - alias suffix - 0_
          - suffixed key columns - {username1_15_0_}

21:24:11.174 [main] DEBUG o.h.loader.entity.plan.EntityLoader - Static select for entity edu.ncsu.csc.itrust2.models.persistent.User [PESSIMISTIC_FORCE_INCREMENT]: select user0_.username as username1_15_0_, user0_.enabled as enabled2_15_0_, user0_.password as password3_15_0_, user0_.role as role4_15_0_ from Users user0_ where user0_.username=? for update
21:24:11.174 [main] DEBUG o.h.l.p.b.i.spaces.QuerySpacesImpl - Adding QuerySpace : uid = <gen:0> -> org.hibernate.loader.plan.build.internal.spaces.EntityQuerySpaceImpl@2b5137e2]
21:24:11.175 [main] DEBUG o.h.p.w.spi.MetamodelGraphWalker - Visiting attribute path : enabled
21:24:11.175 [main] DEBUG o.h.p.w.spi.MetamodelGraphWalker - Visiting attribute path : password
21:24:11.175 [main] DEBUG o.h.p.w.spi.MetamodelGraphWalker - Visiting attribute path : role
21:24:11.175 [main] DEBUG o.h.l.p.b.i.FetchStyleLoadPlanBuildingAssociationVisitationStrategy - Building LoadPlan...
21:24:11.176 [main] DEBUG o.h.l.p.e.i.LoadQueryJoinAndFetchProcessor - processing queryspace <gen:0>
21:24:11.176 [main] DEBUG o.h.l.p.b.spi.LoadPlanTreePrinter - LoadPlan(entity=edu.ncsu.csc.itrust2.models.persistent.User)
    - Returns
       - EntityReturnImpl(entity=edu.ncsu.csc.itrust2.models.persistent.User, querySpaceUid=<gen:0>, path=edu.ncsu.csc.itrust2.models.persistent.User)
    - QuerySpaces
       - EntityQuerySpaceImpl(uid=<gen:0>, entity=edu.ncsu.csc.itrust2.models.persistent.User)
          - SQL table alias mapping - user0_
          - alias suffix - 0_
          - suffixed key columns - {username1_15_0_}

21:24:11.178 [main] DEBUG o.h.loader.entity.plan.EntityLoader - Static select for entity edu.ncsu.csc.itrust2.models.persistent.User [OPTIMISTIC]: select user0_.username as username1_15_0_, user0_.enabled as enabled2_15_0_, user0_.password as password3_15_0_, user0_.role as role4_15_0_ from Users user0_ where user0_.username=?
21:24:11.179 [main] DEBUG o.h.l.p.b.i.spaces.QuerySpacesImpl - Adding QuerySpace : uid = <gen:0> -> org.hibernate.loader.plan.build.internal.spaces.EntityQuerySpaceImpl@2b25e8c6]
21:24:11.179 [main] DEBUG o.h.p.w.spi.MetamodelGraphWalker - Visiting attribute path : enabled
21:24:11.180 [main] DEBUG o.h.p.w.spi.MetamodelGraphWalker - Visiting attribute path : password
21:24:11.180 [main] DEBUG o.h.p.w.spi.MetamodelGraphWalker - Visiting attribute path : role
21:24:11.180 [main] DEBUG o.h.l.p.b.i.FetchStyleLoadPlanBuildingAssociationVisitationStrategy - Building LoadPlan...
21:24:11.181 [main] DEBUG o.h.l.p.e.i.LoadQueryJoinAndFetchProcessor - processing queryspace <gen:0>
21:24:11.181 [main] DEBUG o.h.l.p.b.spi.LoadPlanTreePrinter - LoadPlan(entity=edu.ncsu.csc.itrust2.models.persistent.User)
    - Returns
       - EntityReturnImpl(entity=edu.ncsu.csc.itrust2.models.persistent.User, querySpaceUid=<gen:0>, path=edu.ncsu.csc.itrust2.models.persistent.User)
    - QuerySpaces
       - EntityQuerySpaceImpl(uid=<gen:0>, entity=edu.ncsu.csc.itrust2.models.persistent.User)
          - SQL table alias mapping - user0_
          - alias suffix - 0_
          - suffixed key columns - {username1_15_0_}

21:24:11.181 [main] DEBUG o.h.loader.entity.plan.EntityLoader - Static select for entity edu.ncsu.csc.itrust2.models.persistent.User [OPTIMISTIC_FORCE_INCREMENT]: select user0_.username as username1_15_0_, user0_.enabled as enabled2_15_0_, user0_.password as password3_15_0_, user0_.role as role4_15_0_ from Users user0_ where user0_.username=?
21:24:11.182 [main] DEBUG org.hibernate.loader.Loader - Static select for action ACTION_MERGE on entity edu.ncsu.csc.itrust2.models.persistent.User: select user0_.username as username1_15_0_, user0_.enabled as enabled2_15_0_, user0_.password as password3_15_0_, user0_.role as role4_15_0_ from Users user0_ where user0_.username=?
21:24:11.183 [main] DEBUG org.hibernate.loader.Loader - Static select for action ACTION_REFRESH on entity edu.ncsu.csc.itrust2.models.persistent.User: select user0_.username as username1_15_0_, user0_.enabled as enabled2_15_0_, user0_.password as password3_15_0_, user0_.role as role4_15_0_ from Users user0_ where user0_.username=?
21:24:11.184 [main] DEBUG o.h.p.entity.AbstractEntityPersister - Static SQL for entity: edu.ncsu.csc.itrust2.models.persistent.Hospital
21:24:11.185 [main] DEBUG o.h.p.entity.AbstractEntityPersister -  Version select: select name from Hospitals where name =?
21:24:11.185 [main] DEBUG o.h.p.entity.AbstractEntityPersister -  Snapshot select: select hospital_.name, hospital_.address as address2_4_, hospital_.state as state3_4_, hospital_.zip as zip4_4_ from Hospitals hospital_ where hospital_.name=?
21:24:11.185 [main] DEBUG o.h.p.entity.AbstractEntityPersister -  Insert 0: insert into Hospitals (address, state, zip, name) values (?, ?, ?, ?)
21:24:11.185 [main] DEBUG o.h.p.entity.AbstractEntityPersister -  Update 0: update Hospitals set address=?, state=?, zip=? where name=?
21:24:11.186 [main] DEBUG o.h.p.entity.AbstractEntityPersister -  Delete 0: delete from Hospitals where name=?
21:24:11.194 [main] DEBUG o.h.l.p.b.i.spaces.QuerySpacesImpl - Adding QuerySpace : uid = <gen:0> -> org.hibernate.loader.plan.build.internal.spaces.EntityQuerySpaceImpl@2dc97eb8]
21:24:11.194 [main] DEBUG o.h.p.w.spi.MetamodelGraphWalker - Visiting attribute path : address
21:24:11.195 [main] DEBUG o.h.p.w.spi.MetamodelGraphWalker - Visiting attribute path : state
21:24:11.195 [main] DEBUG o.h.p.w.spi.MetamodelGraphWalker - Visiting attribute path : zip
21:24:11.195 [main] DEBUG o.h.l.p.b.i.FetchStyleLoadPlanBuildingAssociationVisitationStrategy - Building LoadPlan...
21:24:11.196 [main] DEBUG o.h.l.p.e.i.LoadQueryJoinAndFetchProcessor - processing queryspace <gen:0>
21:24:11.196 [main] DEBUG o.h.l.p.b.spi.LoadPlanTreePrinter - LoadPlan(entity=edu.ncsu.csc.itrust2.models.persistent.Hospital)
    - Returns
       - EntityReturnImpl(entity=edu.ncsu.csc.itrust2.models.persistent.Hospital, querySpaceUid=<gen:0>, path=edu.ncsu.csc.itrust2.models.persistent.Hospital)
    - QuerySpaces
       - EntityQuerySpaceImpl(uid=<gen:0>, entity=edu.ncsu.csc.itrust2.models.persistent.Hospital)
          - SQL table alias mapping - hospital0_
          - alias suffix - 0_
          - suffixed key columns - {name1_4_0_}

21:24:11.196 [main] DEBUG o.h.loader.entity.plan.EntityLoader - Static select for entity edu.ncsu.csc.itrust2.models.persistent.Hospital [NONE]: select hospital0_.name as name1_4_0_, hospital0_.address as address2_4_0_, hospital0_.state as state3_4_0_, hospital0_.zip as zip4_4_0_ from Hospitals hospital0_ where hospital0_.name=?
21:24:11.197 [main] DEBUG o.h.l.p.b.i.spaces.QuerySpacesImpl - Adding QuerySpace : uid = <gen:0> -> org.hibernate.loader.plan.build.internal.spaces.EntityQuerySpaceImpl@560520a7]
21:24:11.197 [main] DEBUG o.h.p.w.spi.MetamodelGraphWalker - Visiting attribute path : address
21:24:11.201 [main] DEBUG o.h.p.w.spi.MetamodelGraphWalker - Visiting attribute path : state
21:24:11.202 [main] DEBUG o.h.p.w.spi.MetamodelGraphWalker - Visiting attribute path : zip
21:24:11.202 [main] DEBUG o.h.l.p.b.i.FetchStyleLoadPlanBuildingAssociationVisitationStrategy - Building LoadPlan...
21:24:11.203 [main] DEBUG o.h.l.p.e.i.LoadQueryJoinAndFetchProcessor - processing queryspace <gen:0>
21:24:11.204 [main] DEBUG o.h.l.p.b.spi.LoadPlanTreePrinter - LoadPlan(entity=edu.ncsu.csc.itrust2.models.persistent.Hospital)
    - Returns
       - EntityReturnImpl(entity=edu.ncsu.csc.itrust2.models.persistent.Hospital, querySpaceUid=<gen:0>, path=edu.ncsu.csc.itrust2.models.persistent.Hospital)
    - QuerySpaces
       - EntityQuerySpaceImpl(uid=<gen:0>, entity=edu.ncsu.csc.itrust2.models.persistent.Hospital)
          - SQL table alias mapping - hospital0_
          - alias suffix - 0_
          - suffixed key columns - {name1_4_0_}

21:24:11.205 [main] DEBUG o.h.loader.entity.plan.EntityLoader - Static select for entity edu.ncsu.csc.itrust2.models.persistent.Hospital [READ]: select hospital0_.name as name1_4_0_, hospital0_.address as address2_4_0_, hospital0_.state as state3_4_0_, hospital0_.zip as zip4_4_0_ from Hospitals hospital0_ where hospital0_.name=?
21:24:11.206 [main] DEBUG o.h.l.p.b.i.spaces.QuerySpacesImpl - Adding QuerySpace : uid = <gen:0> -> org.hibernate.loader.plan.build.internal.spaces.EntityQuerySpaceImpl@12cc49b0]
21:24:11.206 [main] DEBUG o.h.p.w.spi.MetamodelGraphWalker - Visiting attribute path : address
21:24:11.207 [main] DEBUG o.h.p.w.spi.MetamodelGraphWalker - Visiting attribute path : state
21:24:11.207 [main] DEBUG o.h.p.w.spi.MetamodelGraphWalker - Visiting attribute path : zip
21:24:11.207 [main] DEBUG o.h.l.p.b.i.FetchStyleLoadPlanBuildingAssociationVisitationStrategy - Building LoadPlan...
21:24:11.208 [main] DEBUG o.h.l.p.e.i.LoadQueryJoinAndFetchProcessor - processing queryspace <gen:0>
21:24:11.209 [main] DEBUG o.h.l.p.b.spi.LoadPlanTreePrinter - LoadPlan(entity=edu.ncsu.csc.itrust2.models.persistent.Hospital)
    - Returns
       - EntityReturnImpl(entity=edu.ncsu.csc.itrust2.models.persistent.Hospital, querySpaceUid=<gen:0>, path=edu.ncsu.csc.itrust2.models.persistent.Hospital)
    - QuerySpaces
       - EntityQuerySpaceImpl(uid=<gen:0>, entity=edu.ncsu.csc.itrust2.models.persistent.Hospital)
          - SQL table alias mapping - hospital0_
          - alias suffix - 0_
          - suffixed key columns - {name1_4_0_}

21:24:11.209 [main] DEBUG o.h.loader.entity.plan.EntityLoader - Static select for entity edu.ncsu.csc.itrust2.models.persistent.Hospital [UPGRADE]: select hospital0_.name as name1_4_0_, hospital0_.address as address2_4_0_, hospital0_.state as state3_4_0_, hospital0_.zip as zip4_4_0_ from Hospitals hospital0_ where hospital0_.name=? for update
21:24:11.210 [main] DEBUG o.h.l.p.b.i.spaces.QuerySpacesImpl - Adding QuerySpace : uid = <gen:0> -> org.hibernate.loader.plan.build.internal.spaces.EntityQuerySpaceImpl@2b980d86]
21:24:11.210 [main] DEBUG o.h.p.w.spi.MetamodelGraphWalker - Visiting attribute path : address
21:24:11.210 [main] DEBUG o.h.p.w.spi.MetamodelGraphWalker - Visiting attribute path : state
21:24:11.214 [main] DEBUG o.h.p.w.spi.MetamodelGraphWalker - Visiting attribute path : zip
21:24:11.215 [main] DEBUG o.h.l.p.b.i.FetchStyleLoadPlanBuildingAssociationVisitationStrategy - Building LoadPlan...
21:24:11.215 [main] DEBUG o.h.l.p.e.i.LoadQueryJoinAndFetchProcessor - processing queryspace <gen:0>
21:24:11.216 [main] DEBUG o.h.l.p.b.spi.LoadPlanTreePrinter - LoadPlan(entity=edu.ncsu.csc.itrust2.models.persistent.Hospital)
    - Returns
       - EntityReturnImpl(entity=edu.ncsu.csc.itrust2.models.persistent.Hospital, querySpaceUid=<gen:0>, path=edu.ncsu.csc.itrust2.models.persistent.Hospital)
    - QuerySpaces
       - EntityQuerySpaceImpl(uid=<gen:0>, entity=edu.ncsu.csc.itrust2.models.persistent.Hospital)
          - SQL table alias mapping - hospital0_
          - alias suffix - 0_
          - suffixed key columns - {name1_4_0_}

21:24:11.216 [main] DEBUG o.h.loader.entity.plan.EntityLoader - Static select for entity edu.ncsu.csc.itrust2.models.persistent.Hospital [UPGRADE_NOWAIT]: select hospital0_.name as name1_4_0_, hospital0_.address as address2_4_0_, hospital0_.state as state3_4_0_, hospital0_.zip as zip4_4_0_ from Hospitals hospital0_ where hospital0_.name=? for update
21:24:11.217 [main] DEBUG o.h.l.p.b.i.spaces.QuerySpacesImpl - Adding QuerySpace : uid = <gen:0> -> org.hibernate.loader.plan.build.internal.spaces.EntityQuerySpaceImpl@191407f1]
21:24:11.217 [main] DEBUG o.h.p.w.spi.MetamodelGraphWalker - Visiting attribute path : address
21:24:11.217 [main] DEBUG o.h.p.w.spi.MetamodelGraphWalker - Visiting attribute path : state
21:24:11.217 [main] DEBUG o.h.p.w.spi.MetamodelGraphWalker - Visiting attribute path : zip
21:24:11.218 [main] DEBUG o.h.l.p.b.i.FetchStyleLoadPlanBuildingAssociationVisitationStrategy - Building LoadPlan...
21:24:11.218 [main] DEBUG o.h.l.p.e.i.LoadQueryJoinAndFetchProcessor - processing queryspace <gen:0>
21:24:11.219 [main] DEBUG o.h.l.p.b.spi.LoadPlanTreePrinter - LoadPlan(entity=edu.ncsu.csc.itrust2.models.persistent.Hospital)
    - Returns
       - EntityReturnImpl(entity=edu.ncsu.csc.itrust2.models.persistent.Hospital, querySpaceUid=<gen:0>, path=edu.ncsu.csc.itrust2.models.persistent.Hospital)
    - QuerySpaces
       - EntityQuerySpaceImpl(uid=<gen:0>, entity=edu.ncsu.csc.itrust2.models.persistent.Hospital)
          - SQL table alias mapping - hospital0_
          - alias suffix - 0_
          - suffixed key columns - {name1_4_0_}

21:24:11.219 [main] DEBUG o.h.loader.entity.plan.EntityLoader - Static select for entity edu.ncsu.csc.itrust2.models.persistent.Hospital [UPGRADE_SKIPLOCKED]: select hospital0_.name as name1_4_0_, hospital0_.address as address2_4_0_, hospital0_.state as state3_4_0_, hospital0_.zip as zip4_4_0_ from Hospitals hospital0_ where hospital0_.name=? for update
21:24:11.220 [main] DEBUG o.h.l.p.b.i.spaces.QuerySpacesImpl - Adding QuerySpace : uid = <gen:0> -> org.hibernate.loader.plan.build.internal.spaces.EntityQuerySpaceImpl@1e7dee56]
21:24:11.221 [main] DEBUG o.h.p.w.spi.MetamodelGraphWalker - Visiting attribute path : address
21:24:11.221 [main] DEBUG o.h.p.w.spi.MetamodelGraphWalker - Visiting attribute path : state
21:24:11.222 [main] DEBUG o.h.p.w.spi.MetamodelGraphWalker - Visiting attribute path : zip
21:24:11.222 [main] DEBUG o.h.l.p.b.i.FetchStyleLoadPlanBuildingAssociationVisitationStrategy - Building LoadPlan...
21:24:11.222 [main] DEBUG o.h.l.p.e.i.LoadQueryJoinAndFetchProcessor - processing queryspace <gen:0>
21:24:11.223 [main] DEBUG o.h.l.p.b.spi.LoadPlanTreePrinter - LoadPlan(entity=edu.ncsu.csc.itrust2.models.persistent.Hospital)
    - Returns
       - EntityReturnImpl(entity=edu.ncsu.csc.itrust2.models.persistent.Hospital, querySpaceUid=<gen:0>, path=edu.ncsu.csc.itrust2.models.persistent.Hospital)
    - QuerySpaces
       - EntityQuerySpaceImpl(uid=<gen:0>, entity=edu.ncsu.csc.itrust2.models.persistent.Hospital)
          - SQL table alias mapping - hospital0_
          - alias suffix - 0_
          - suffixed key columns - {name1_4_0_}

21:24:11.223 [main] DEBUG o.h.loader.entity.plan.EntityLoader - Static select for entity edu.ncsu.csc.itrust2.models.persistent.Hospital [FORCE]: select hospital0_.name as name1_4_0_, hospital0_.address as address2_4_0_, hospital0_.state as state3_4_0_, hospital0_.zip as zip4_4_0_ from Hospitals hospital0_ where hospital0_.name=? for update
21:24:11.223 [main] DEBUG o.h.l.p.b.i.spaces.QuerySpacesImpl - Adding QuerySpace : uid = <gen:0> -> org.hibernate.loader.plan.build.internal.spaces.EntityQuerySpaceImpl@64dcd098]
21:24:11.224 [main] DEBUG o.h.p.w.spi.MetamodelGraphWalker - Visiting attribute path : address
21:24:11.224 [main] DEBUG o.h.p.w.spi.MetamodelGraphWalker - Visiting attribute path : state
21:24:11.224 [main] DEBUG o.h.p.w.spi.MetamodelGraphWalker - Visiting attribute path : zip
21:24:11.224 [main] DEBUG o.h.l.p.b.i.FetchStyleLoadPlanBuildingAssociationVisitationStrategy - Building LoadPlan...
21:24:11.225 [main] DEBUG o.h.l.p.e.i.LoadQueryJoinAndFetchProcessor - processing queryspace <gen:0>
21:24:11.226 [main] DEBUG o.h.l.p.b.spi.LoadPlanTreePrinter - LoadPlan(entity=edu.ncsu.csc.itrust2.models.persistent.Hospital)
    - Returns
       - EntityReturnImpl(entity=edu.ncsu.csc.itrust2.models.persistent.Hospital, querySpaceUid=<gen:0>, path=edu.ncsu.csc.itrust2.models.persistent.Hospital)
    - QuerySpaces
       - EntityQuerySpaceImpl(uid=<gen:0>, entity=edu.ncsu.csc.itrust2.models.persistent.Hospital)
          - SQL table alias mapping - hospital0_
          - alias suffix - 0_
          - suffixed key columns - {name1_4_0_}

21:24:11.226 [main] DEBUG o.h.loader.entity.plan.EntityLoader - Static select for entity edu.ncsu.csc.itrust2.models.persistent.Hospital [PESSIMISTIC_READ]: select hospital0_.name as name1_4_0_, hospital0_.address as address2_4_0_, hospital0_.state as state3_4_0_, hospital0_.zip as zip4_4_0_ from Hospitals hospital0_ where hospital0_.name=? lock in share mode
21:24:11.226 [main] DEBUG o.h.l.p.b.i.spaces.QuerySpacesImpl - Adding QuerySpace : uid = <gen:0> -> org.hibernate.loader.plan.build.internal.spaces.EntityQuerySpaceImpl@71ee8479]
21:24:11.226 [main] DEBUG o.h.p.w.spi.MetamodelGraphWalker - Visiting attribute path : address
21:24:11.227 [main] DEBUG o.h.p.w.spi.MetamodelGraphWalker - Visiting attribute path : state
21:24:11.227 [main] DEBUG o.h.p.w.spi.MetamodelGraphWalker - Visiting attribute path : zip
21:24:11.227 [main] DEBUG o.h.l.p.b.i.FetchStyleLoadPlanBuildingAssociationVisitationStrategy - Building LoadPlan...
21:24:11.227 [main] DEBUG o.h.l.p.e.i.LoadQueryJoinAndFetchProcessor - processing queryspace <gen:0>
21:24:11.234 [main] DEBUG o.h.l.p.b.spi.LoadPlanTreePrinter - LoadPlan(entity=edu.ncsu.csc.itrust2.models.persistent.Hospital)
    - Returns
       - EntityReturnImpl(entity=edu.ncsu.csc.itrust2.models.persistent.Hospital, querySpaceUid=<gen:0>, path=edu.ncsu.csc.itrust2.models.persistent.Hospital)
    - QuerySpaces
       - EntityQuerySpaceImpl(uid=<gen:0>, entity=edu.ncsu.csc.itrust2.models.persistent.Hospital)
          - SQL table alias mapping - hospital0_
          - alias suffix - 0_
          - suffixed key columns - {name1_4_0_}

21:24:11.234 [main] DEBUG o.h.loader.entity.plan.EntityLoader - Static select for entity edu.ncsu.csc.itrust2.models.persistent.Hospital [PESSIMISTIC_WRITE]: select hospital0_.name as name1_4_0_, hospital0_.address as address2_4_0_, hospital0_.state as state3_4_0_, hospital0_.zip as zip4_4_0_ from Hospitals hospital0_ where hospital0_.name=? for update
21:24:11.234 [main] DEBUG o.h.l.p.b.i.spaces.QuerySpacesImpl - Adding QuerySpace : uid = <gen:0> -> org.hibernate.loader.plan.build.internal.spaces.EntityQuerySpaceImpl@5d2e7a6a]
21:24:11.234 [main] DEBUG o.h.p.w.spi.MetamodelGraphWalker - Visiting attribute path : address
21:24:11.235 [main] DEBUG o.h.p.w.spi.MetamodelGraphWalker - Visiting attribute path : state
21:24:11.235 [main] DEBUG o.h.p.w.spi.MetamodelGraphWalker - Visiting attribute path : zip
21:24:11.235 [main] DEBUG o.h.l.p.b.i.FetchStyleLoadPlanBuildingAssociationVisitationStrategy - Building LoadPlan...
21:24:11.235 [main] DEBUG o.h.l.p.e.i.LoadQueryJoinAndFetchProcessor - processing queryspace <gen:0>
21:24:11.235 [main] DEBUG o.h.l.p.b.spi.LoadPlanTreePrinter - LoadPlan(entity=edu.ncsu.csc.itrust2.models.persistent.Hospital)
    - Returns
       - EntityReturnImpl(entity=edu.ncsu.csc.itrust2.models.persistent.Hospital, querySpaceUid=<gen:0>, path=edu.ncsu.csc.itrust2.models.persistent.Hospital)
    - QuerySpaces
       - EntityQuerySpaceImpl(uid=<gen:0>, entity=edu.ncsu.csc.itrust2.models.persistent.Hospital)
          - SQL table alias mapping - hospital0_
          - alias suffix - 0_
          - suffixed key columns - {name1_4_0_}

21:24:11.235 [main] DEBUG o.h.loader.entity.plan.EntityLoader - Static select for entity edu.ncsu.csc.itrust2.models.persistent.Hospital [PESSIMISTIC_FORCE_INCREMENT]: select hospital0_.name as name1_4_0_, hospital0_.address as address2_4_0_, hospital0_.state as state3_4_0_, hospital0_.zip as zip4_4_0_ from Hospitals hospital0_ where hospital0_.name=? for update
21:24:11.235 [main] DEBUG o.h.l.p.b.i.spaces.QuerySpacesImpl - Adding QuerySpace : uid = <gen:0> -> org.hibernate.loader.plan.build.internal.spaces.EntityQuerySpaceImpl@5edb9d36]
21:24:11.236 [main] DEBUG o.h.p.w.spi.MetamodelGraphWalker - Visiting attribute path : address
21:24:11.236 [main] DEBUG o.h.p.w.spi.MetamodelGraphWalker - Visiting attribute path : state
21:24:11.236 [main] DEBUG o.h.p.w.spi.MetamodelGraphWalker - Visiting attribute path : zip
21:24:11.236 [main] DEBUG o.h.l.p.b.i.FetchStyleLoadPlanBuildingAssociationVisitationStrategy - Building LoadPlan...
21:24:11.236 [main] DEBUG o.h.l.p.e.i.LoadQueryJoinAndFetchProcessor - processing queryspace <gen:0>
21:24:11.236 [main] DEBUG o.h.l.p.b.spi.LoadPlanTreePrinter - LoadPlan(entity=edu.ncsu.csc.itrust2.models.persistent.Hospital)
    - Returns
       - EntityReturnImpl(entity=edu.ncsu.csc.itrust2.models.persistent.Hospital, querySpaceUid=<gen:0>, path=edu.ncsu.csc.itrust2.models.persistent.Hospital)
    - QuerySpaces
       - EntityQuerySpaceImpl(uid=<gen:0>, entity=edu.ncsu.csc.itrust2.models.persistent.Hospital)
          - SQL table alias mapping - hospital0_
          - alias suffix - 0_
          - suffixed key columns - {name1_4_0_}

21:24:11.237 [main] DEBUG o.h.loader.entity.plan.EntityLoader - Static select for entity edu.ncsu.csc.itrust2.models.persistent.Hospital [OPTIMISTIC]: select hospital0_.name as name1_4_0_, hospital0_.address as address2_4_0_, hospital0_.state as state3_4_0_, hospital0_.zip as zip4_4_0_ from Hospitals hospital0_ where hospital0_.name=?
21:24:11.237 [main] DEBUG o.h.l.p.b.i.spaces.QuerySpacesImpl - Adding QuerySpace : uid = <gen:0> -> org.hibernate.loader.plan.build.internal.spaces.EntityQuerySpaceImpl@eca30fb]
21:24:11.237 [main] DEBUG o.h.p.w.spi.MetamodelGraphWalker - Visiting attribute path : address
21:24:11.237 [main] DEBUG o.h.p.w.spi.MetamodelGraphWalker - Visiting attribute path : state
21:24:11.237 [main] DEBUG o.h.p.w.spi.MetamodelGraphWalker - Visiting attribute path : zip
21:24:11.237 [main] DEBUG o.h.l.p.b.i.FetchStyleLoadPlanBuildingAssociationVisitationStrategy - Building LoadPlan...
21:24:11.238 [main] DEBUG o.h.l.p.e.i.LoadQueryJoinAndFetchProcessor - processing queryspace <gen:0>
21:24:11.238 [main] DEBUG o.h.l.p.b.spi.LoadPlanTreePrinter - LoadPlan(entity=edu.ncsu.csc.itrust2.models.persistent.Hospital)
    - Returns
       - EntityReturnImpl(entity=edu.ncsu.csc.itrust2.models.persistent.Hospital, querySpaceUid=<gen:0>, path=edu.ncsu.csc.itrust2.models.persistent.Hospital)
    - QuerySpaces
       - EntityQuerySpaceImpl(uid=<gen:0>, entity=edu.ncsu.csc.itrust2.models.persistent.Hospital)
          - SQL table alias mapping - hospital0_
          - alias suffix - 0_
          - suffixed key columns - {name1_4_0_}

21:24:11.238 [main] DEBUG o.h.loader.entity.plan.EntityLoader - Static select for entity edu.ncsu.csc.itrust2.models.persistent.Hospital [OPTIMISTIC_FORCE_INCREMENT]: select hospital0_.name as name1_4_0_, hospital0_.address as address2_4_0_, hospital0_.state as state3_4_0_, hospital0_.zip as zip4_4_0_ from Hospitals hospital0_ where hospital0_.name=?
21:24:11.238 [main] DEBUG org.hibernate.loader.Loader - Static select for action ACTION_MERGE on entity edu.ncsu.csc.itrust2.models.persistent.Hospital: select hospital0_.name as name1_4_0_, hospital0_.address as address2_4_0_, hospital0_.state as state3_4_0_, hospital0_.zip as zip4_4_0_ from Hospitals hospital0_ where hospital0_.name=?
21:24:11.240 [main] DEBUG org.hibernate.loader.Loader - Static select for action ACTION_REFRESH on entity edu.ncsu.csc.itrust2.models.persistent.Hospital: select hospital0_.name as name1_4_0_, hospital0_.address as address2_4_0_, hospital0_.state as state3_4_0_, hospital0_.zip as zip4_4_0_ from Hospitals hospital0_ where hospital0_.name=?
21:24:11.241 [main] DEBUG o.h.p.entity.AbstractEntityPersister - Static SQL for entity: edu.ncsu.csc.itrust2.models.persistent.PasswordResetToken
21:24:11.241 [main] DEBUG o.h.p.entity.AbstractEntityPersister -  Version select: select id from PasswordResetTokens where id =?
21:24:11.241 [main] DEBUG o.h.p.entity.AbstractEntityPersister -  Snapshot select: select passwordre_.id, passwordre_.creationTime as creation2_11_, passwordre_.tempPassword as tempPass3_11_, passwordre_.user_id as user_id4_11_ from PasswordResetTokens passwordre_ where passwordre_.id=?
21:24:11.241 [main] DEBUG o.h.p.entity.AbstractEntityPersister -  Insert 0: insert into PasswordResetTokens (creationTime, tempPassword, user_id, id) values (?, ?, ?, ?)
21:24:11.241 [main] DEBUG o.h.p.entity.AbstractEntityPersister -  Update 0: update PasswordResetTokens set creationTime=?, tempPassword=?, user_id=? where id=?
21:24:11.241 [main] DEBUG o.h.p.entity.AbstractEntityPersister -  Delete 0: delete from PasswordResetTokens where id=?
21:24:11.242 [main] DEBUG o.h.l.p.b.i.spaces.QuerySpacesImpl - Adding QuerySpace : uid = <gen:0> -> org.hibernate.loader.plan.build.internal.spaces.EntityQuerySpaceImpl@4f910063]
21:24:11.242 [main] DEBUG o.h.p.w.spi.MetamodelGraphWalker - Visiting attribute path : creationTime
21:24:11.242 [main] DEBUG o.h.p.w.spi.MetamodelGraphWalker - Visiting attribute path : tempPassword
21:24:11.242 [main] DEBUG o.h.p.w.spi.MetamodelGraphWalker - Visiting attribute path : user
21:24:11.242 [main] DEBUG o.h.l.p.b.i.spaces.QuerySpacesImpl - Adding QuerySpace : uid = <gen:1> -> org.hibernate.loader.plan.build.internal.spaces.EntityQuerySpaceImpl@7f689f96]
21:24:11.242 [main] DEBUG o.h.p.w.spi.MetamodelGraphWalker - Visiting attribute path : user.enabled
21:24:11.243 [main] DEBUG o.h.p.w.spi.MetamodelGraphWalker - Visiting attribute path : user.password
21:24:11.243 [main] DEBUG o.h.p.w.spi.MetamodelGraphWalker - Visiting attribute path : user.role
21:24:11.243 [main] DEBUG o.h.l.p.b.i.FetchStyleLoadPlanBuildingAssociationVisitationStrategy - Building LoadPlan...
21:24:11.243 [main] DEBUG o.h.l.p.e.i.LoadQueryJoinAndFetchProcessor - processing queryspace <gen:0>
21:24:11.244 [main] DEBUG o.h.l.p.b.spi.LoadPlanTreePrinter - LoadPlan(entity=edu.ncsu.csc.itrust2.models.persistent.PasswordResetToken)
    - Returns
       - EntityReturnImpl(entity=edu.ncsu.csc.itrust2.models.persistent.PasswordResetToken, querySpaceUid=<gen:0>, path=edu.ncsu.csc.itrust2.models.persistent.PasswordResetToken)
          - EntityAttributeFetchImpl(entity=edu.ncsu.csc.itrust2.models.persistent.User, querySpaceUid=<gen:1>, path=edu.ncsu.csc.itrust2.models.persistent.PasswordResetToken.user)
    - QuerySpaces
       - EntityQuerySpaceImpl(uid=<gen:0>, entity=edu.ncsu.csc.itrust2.models.persistent.PasswordResetToken)
          - SQL table alias mapping - passwordre0_
          - alias suffix - 0_
          - suffixed key columns - {id1_11_0_}
          - JOIN (JoinDefinedByMetadata(user)) : <gen:0> -> <gen:1>
             - EntityQuerySpaceImpl(uid=<gen:1>, entity=edu.ncsu.csc.itrust2.models.persistent.User)
                - SQL table alias mapping - user1_
                - alias suffix - 1_
                - suffixed key columns - {username1_15_1_}

21:24:11.244 [main] DEBUG o.h.loader.entity.plan.EntityLoader - Static select for entity edu.ncsu.csc.itrust2.models.persistent.PasswordResetToken [NONE]: select passwordre0_.id as id1_11_0_, passwordre0_.creationTime as creation2_11_0_, passwordre0_.tempPassword as tempPass3_11_0_, passwordre0_.user_id as user_id4_11_0_, user1_.username as username1_15_1_, user1_.enabled as enabled2_15_1_, user1_.password as password3_15_1_, user1_.role as role4_15_1_ from PasswordResetTokens passwordre0_ inner join Users user1_ on passwordre0_.user_id=user1_.username where passwordre0_.id=?
21:24:11.244 [main] DEBUG o.h.l.p.b.i.spaces.QuerySpacesImpl - Adding QuerySpace : uid = <gen:0> -> org.hibernate.loader.plan.build.internal.spaces.EntityQuerySpaceImpl@7deffc6d]
21:24:11.244 [main] DEBUG o.h.p.w.spi.MetamodelGraphWalker - Visiting attribute path : creationTime
21:24:11.244 [main] DEBUG o.h.p.w.spi.MetamodelGraphWalker - Visiting attribute path : tempPassword
21:24:11.244 [main] DEBUG o.h.p.w.spi.MetamodelGraphWalker - Visiting attribute path : user
21:24:11.244 [main] DEBUG o.h.l.p.b.i.spaces.QuerySpacesImpl - Adding QuerySpace : uid = <gen:1> -> org.hibernate.loader.plan.build.internal.spaces.EntityQuerySpaceImpl@37bf398f]
21:24:11.245 [main] DEBUG o.h.p.w.spi.MetamodelGraphWalker - Visiting attribute path : user.enabled
21:24:11.245 [main] DEBUG o.h.p.w.spi.MetamodelGraphWalker - Visiting attribute path : user.password
21:24:11.245 [main] DEBUG o.h.p.w.spi.MetamodelGraphWalker - Visiting attribute path : user.role
21:24:11.245 [main] DEBUG o.h.l.p.b.i.FetchStyleLoadPlanBuildingAssociationVisitationStrategy - Building LoadPlan...
21:24:11.245 [main] DEBUG o.h.l.p.e.i.LoadQueryJoinAndFetchProcessor - processing queryspace <gen:0>
21:24:11.247 [main] DEBUG o.h.l.p.b.spi.LoadPlanTreePrinter - LoadPlan(entity=edu.ncsu.csc.itrust2.models.persistent.PasswordResetToken)
    - Returns
       - EntityReturnImpl(entity=edu.ncsu.csc.itrust2.models.persistent.PasswordResetToken, querySpaceUid=<gen:0>, path=edu.ncsu.csc.itrust2.models.persistent.PasswordResetToken)
          - EntityAttributeFetchImpl(entity=edu.ncsu.csc.itrust2.models.persistent.User, querySpaceUid=<gen:1>, path=edu.ncsu.csc.itrust2.models.persistent.PasswordResetToken.user)
    - QuerySpaces
       - EntityQuerySpaceImpl(uid=<gen:0>, entity=edu.ncsu.csc.itrust2.models.persistent.PasswordResetToken)
          - SQL table alias mapping - passwordre0_
          - alias suffix - 0_
          - suffixed key columns - {id1_11_0_}
          - JOIN (JoinDefinedByMetadata(user)) : <gen:0> -> <gen:1>
             - EntityQuerySpaceImpl(uid=<gen:1>, entity=edu.ncsu.csc.itrust2.models.persistent.User)
                - SQL table alias mapping - user1_
                - alias suffix - 1_
                - suffixed key columns - {username1_15_1_}

21:24:11.247 [main] DEBUG o.h.loader.entity.plan.EntityLoader - Static select for entity edu.ncsu.csc.itrust2.models.persistent.PasswordResetToken [READ]: select passwordre0_.id as id1_11_0_, passwordre0_.creationTime as creation2_11_0_, passwordre0_.tempPassword as tempPass3_11_0_, passwordre0_.user_id as user_id4_11_0_, user1_.username as username1_15_1_, user1_.enabled as enabled2_15_1_, user1_.password as password3_15_1_, user1_.role as role4_15_1_ from PasswordResetTokens passwordre0_ inner join Users user1_ on passwordre0_.user_id=user1_.username where passwordre0_.id=?
21:24:11.248 [main] DEBUG o.h.l.p.b.i.spaces.QuerySpacesImpl - Adding QuerySpace : uid = <gen:0> -> org.hibernate.loader.plan.build.internal.spaces.EntityQuerySpaceImpl@5c687565]
21:24:11.248 [main] DEBUG o.h.p.w.spi.MetamodelGraphWalker - Visiting attribute path : creationTime
21:24:11.248 [main] DEBUG o.h.p.w.spi.MetamodelGraphWalker - Visiting attribute path : tempPassword
21:24:11.249 [main] DEBUG o.h.p.w.spi.MetamodelGraphWalker - Visiting attribute path : user
21:24:11.249 [main] DEBUG o.h.l.p.b.i.spaces.QuerySpacesImpl - Adding QuerySpace : uid = <gen:1> -> org.hibernate.loader.plan.build.internal.spaces.EntityQuerySpaceImpl@1a50782c]
21:24:11.249 [main] DEBUG o.h.l.p.b.i.FetchStyleLoadPlanBuildingAssociationVisitationStrategy - Building LoadPlan...
21:24:11.250 [main] DEBUG o.h.l.p.e.i.LoadQueryJoinAndFetchProcessor - processing queryspace <gen:0>
21:24:11.250 [main] DEBUG o.h.l.p.b.spi.LoadPlanTreePrinter - LoadPlan(entity=edu.ncsu.csc.itrust2.models.persistent.PasswordResetToken)
    - Returns
       - EntityReturnImpl(entity=edu.ncsu.csc.itrust2.models.persistent.PasswordResetToken, querySpaceUid=<gen:0>, path=edu.ncsu.csc.itrust2.models.persistent.PasswordResetToken)
          - EntityAttributeFetchImpl(entity=edu.ncsu.csc.itrust2.models.persistent.User, querySpaceUid=<gen:1>, path=edu.ncsu.csc.itrust2.models.persistent.PasswordResetToken.user)
    - QuerySpaces
       - EntityQuerySpaceImpl(uid=<gen:0>, entity=edu.ncsu.csc.itrust2.models.persistent.PasswordResetToken)
          - SQL table alias mapping - passwordre0_
          - alias suffix - 0_
          - suffixed key columns - {id1_11_0_}

21:24:11.251 [main] DEBUG o.h.loader.entity.plan.EntityLoader - Static select for entity edu.ncsu.csc.itrust2.models.persistent.PasswordResetToken [UPGRADE]: select passwordre0_.id as id1_11_0_, passwordre0_.creationTime as creation2_11_0_, passwordre0_.tempPassword as tempPass3_11_0_, passwordre0_.user_id as user_id4_11_0_ from PasswordResetTokens passwordre0_ where passwordre0_.id=? for update
21:24:11.251 [main] DEBUG o.h.l.p.b.i.spaces.QuerySpacesImpl - Adding QuerySpace : uid = <gen:0> -> org.hibernate.loader.plan.build.internal.spaces.EntityQuerySpaceImpl@736d4950]
21:24:11.252 [main] DEBUG o.h.p.w.spi.MetamodelGraphWalker - Visiting attribute path : creationTime
21:24:11.252 [main] DEBUG o.h.p.w.spi.MetamodelGraphWalker - Visiting attribute path : tempPassword
21:24:11.252 [main] DEBUG o.h.p.w.spi.MetamodelGraphWalker - Visiting attribute path : user
21:24:11.252 [main] DEBUG o.h.l.p.b.i.spaces.QuerySpacesImpl - Adding QuerySpace : uid = <gen:1> -> org.hibernate.loader.plan.build.internal.spaces.EntityQuerySpaceImpl@52611244]
21:24:11.252 [main] DEBUG o.h.l.p.b.i.FetchStyleLoadPlanBuildingAssociationVisitationStrategy - Building LoadPlan...
21:24:11.254 [main] DEBUG o.h.l.p.e.i.LoadQueryJoinAndFetchProcessor - processing queryspace <gen:0>
21:24:11.254 [main] DEBUG o.h.l.p.b.spi.LoadPlanTreePrinter - LoadPlan(entity=edu.ncsu.csc.itrust2.models.persistent.PasswordResetToken)
    - Returns
       - EntityReturnImpl(entity=edu.ncsu.csc.itrust2.models.persistent.PasswordResetToken, querySpaceUid=<gen:0>, path=edu.ncsu.csc.itrust2.models.persistent.PasswordResetToken)
          - EntityAttributeFetchImpl(entity=edu.ncsu.csc.itrust2.models.persistent.User, querySpaceUid=<gen:1>, path=edu.ncsu.csc.itrust2.models.persistent.PasswordResetToken.user)
    - QuerySpaces
       - EntityQuerySpaceImpl(uid=<gen:0>, entity=edu.ncsu.csc.itrust2.models.persistent.PasswordResetToken)
          - SQL table alias mapping - passwordre0_
          - alias suffix - 0_
          - suffixed key columns - {id1_11_0_}

21:24:11.255 [main] DEBUG o.h.loader.entity.plan.EntityLoader - Static select for entity edu.ncsu.csc.itrust2.models.persistent.PasswordResetToken [UPGRADE_NOWAIT]: select passwordre0_.id as id1_11_0_, passwordre0_.creationTime as creation2_11_0_, passwordre0_.tempPassword as tempPass3_11_0_, passwordre0_.user_id as user_id4_11_0_ from PasswordResetTokens passwordre0_ where passwordre0_.id=? for update
21:24:11.255 [main] DEBUG o.h.l.p.b.i.spaces.QuerySpacesImpl - Adding QuerySpace : uid = <gen:0> -> org.hibernate.loader.plan.build.internal.spaces.EntityQuerySpaceImpl@4b69813c]
21:24:11.255 [main] DEBUG o.h.p.w.spi.MetamodelGraphWalker - Visiting attribute path : creationTime
21:24:11.256 [main] DEBUG o.h.p.w.spi.MetamodelGraphWalker - Visiting attribute path : tempPassword
21:24:11.256 [main] DEBUG o.h.p.w.spi.MetamodelGraphWalker - Visiting attribute path : user
21:24:11.256 [main] DEBUG o.h.l.p.b.i.spaces.QuerySpacesImpl - Adding QuerySpace : uid = <gen:1> -> org.hibernate.loader.plan.build.internal.spaces.EntityQuerySpaceImpl@30cce476]
21:24:11.256 [main] DEBUG o.h.l.p.b.i.FetchStyleLoadPlanBuildingAssociationVisitationStrategy - Building LoadPlan...
21:24:11.257 [main] DEBUG o.h.l.p.e.i.LoadQueryJoinAndFetchProcessor - processing queryspace <gen:0>
21:24:11.257 [main] DEBUG o.h.l.p.b.spi.LoadPlanTreePrinter - LoadPlan(entity=edu.ncsu.csc.itrust2.models.persistent.PasswordResetToken)
    - Returns
       - EntityReturnImpl(entity=edu.ncsu.csc.itrust2.models.persistent.PasswordResetToken, querySpaceUid=<gen:0>, path=edu.ncsu.csc.itrust2.models.persistent.PasswordResetToken)
          - EntityAttributeFetchImpl(entity=edu.ncsu.csc.itrust2.models.persistent.User, querySpaceUid=<gen:1>, path=edu.ncsu.csc.itrust2.models.persistent.PasswordResetToken.user)
    - QuerySpaces
       - EntityQuerySpaceImpl(uid=<gen:0>, entity=edu.ncsu.csc.itrust2.models.persistent.PasswordResetToken)
          - SQL table alias mapping - passwordre0_
          - alias suffix - 0_
          - suffixed key columns - {id1_11_0_}

21:24:11.258 [main] DEBUG o.h.loader.entity.plan.EntityLoader - Static select for entity edu.ncsu.csc.itrust2.models.persistent.PasswordResetToken [UPGRADE_SKIPLOCKED]: select passwordre0_.id as id1_11_0_, passwordre0_.creationTime as creation2_11_0_, passwordre0_.tempPassword as tempPass3_11_0_, passwordre0_.user_id as user_id4_11_0_ from PasswordResetTokens passwordre0_ where passwordre0_.id=? for update
21:24:11.258 [main] DEBUG o.h.l.p.b.i.spaces.QuerySpacesImpl - Adding QuerySpace : uid = <gen:0> -> org.hibernate.loader.plan.build.internal.spaces.EntityQuerySpaceImpl@6ae53319]
21:24:11.259 [main] DEBUG o.h.p.w.spi.MetamodelGraphWalker - Visiting attribute path : creationTime
21:24:11.259 [main] DEBUG o.h.p.w.spi.MetamodelGraphWalker - Visiting attribute path : tempPassword
21:24:11.259 [main] DEBUG o.h.p.w.spi.MetamodelGraphWalker - Visiting attribute path : user
21:24:11.259 [main] DEBUG o.h.l.p.b.i.spaces.QuerySpacesImpl - Adding QuerySpace : uid = <gen:1> -> org.hibernate.loader.plan.build.internal.spaces.EntityQuerySpaceImpl@40a7546]
21:24:11.259 [main] DEBUG o.h.l.p.b.i.FetchStyleLoadPlanBuildingAssociationVisitationStrategy - Building LoadPlan...
21:24:11.260 [main] DEBUG o.h.l.p.e.i.LoadQueryJoinAndFetchProcessor - processing queryspace <gen:0>
21:24:11.260 [main] DEBUG o.h.l.p.b.spi.LoadPlanTreePrinter - LoadPlan(entity=edu.ncsu.csc.itrust2.models.persistent.PasswordResetToken)
    - Returns
       - EntityReturnImpl(entity=edu.ncsu.csc.itrust2.models.persistent.PasswordResetToken, querySpaceUid=<gen:0>, path=edu.ncsu.csc.itrust2.models.persistent.PasswordResetToken)
          - EntityAttributeFetchImpl(entity=edu.ncsu.csc.itrust2.models.persistent.User, querySpaceUid=<gen:1>, path=edu.ncsu.csc.itrust2.models.persistent.PasswordResetToken.user)
    - QuerySpaces
       - EntityQuerySpaceImpl(uid=<gen:0>, entity=edu.ncsu.csc.itrust2.models.persistent.PasswordResetToken)
          - SQL table alias mapping - passwordre0_
          - alias suffix - 0_
          - suffixed key columns - {id1_11_0_}

21:24:11.261 [main] DEBUG o.h.loader.entity.plan.EntityLoader - Static select for entity edu.ncsu.csc.itrust2.models.persistent.PasswordResetToken [FORCE]: select passwordre0_.id as id1_11_0_, passwordre0_.creationTime as creation2_11_0_, passwordre0_.tempPassword as tempPass3_11_0_, passwordre0_.user_id as user_id4_11_0_ from PasswordResetTokens passwordre0_ where passwordre0_.id=? for update
21:24:11.262 [main] DEBUG o.h.l.p.b.i.spaces.QuerySpacesImpl - Adding QuerySpace : uid = <gen:0> -> org.hibernate.loader.plan.build.internal.spaces.EntityQuerySpaceImpl@5332dee5]
21:24:11.262 [main] DEBUG o.h.p.w.spi.MetamodelGraphWalker - Visiting attribute path : creationTime
21:24:11.262 [main] DEBUG o.h.p.w.spi.MetamodelGraphWalker - Visiting attribute path : tempPassword
21:24:11.263 [main] DEBUG o.h.p.w.spi.MetamodelGraphWalker - Visiting attribute path : user
21:24:11.263 [main] DEBUG o.h.l.p.b.i.spaces.QuerySpacesImpl - Adding QuerySpace : uid = <gen:1> -> org.hibernate.loader.plan.build.internal.spaces.EntityQuerySpaceImpl@6c0ad587]
21:24:11.263 [main] DEBUG o.h.l.p.b.i.FetchStyleLoadPlanBuildingAssociationVisitationStrategy - Building LoadPlan...
21:24:11.264 [main] DEBUG o.h.l.p.e.i.LoadQueryJoinAndFetchProcessor - processing queryspace <gen:0>
21:24:11.265 [main] DEBUG o.h.l.p.b.spi.LoadPlanTreePrinter - LoadPlan(entity=edu.ncsu.csc.itrust2.models.persistent.PasswordResetToken)
    - Returns
       - EntityReturnImpl(entity=edu.ncsu.csc.itrust2.models.persistent.PasswordResetToken, querySpaceUid=<gen:0>, path=edu.ncsu.csc.itrust2.models.persistent.PasswordResetToken)
          - EntityAttributeFetchImpl(entity=edu.ncsu.csc.itrust2.models.persistent.User, querySpaceUid=<gen:1>, path=edu.ncsu.csc.itrust2.models.persistent.PasswordResetToken.user)
    - QuerySpaces
       - EntityQuerySpaceImpl(uid=<gen:0>, entity=edu.ncsu.csc.itrust2.models.persistent.PasswordResetToken)
          - SQL table alias mapping - passwordre0_
          - alias suffix - 0_
          - suffixed key columns - {id1_11_0_}

21:24:11.265 [main] DEBUG o.h.loader.entity.plan.EntityLoader - Static select for entity edu.ncsu.csc.itrust2.models.persistent.PasswordResetToken [PESSIMISTIC_READ]: select passwordre0_.id as id1_11_0_, passwordre0_.creationTime as creation2_11_0_, passwordre0_.tempPassword as tempPass3_11_0_, passwordre0_.user_id as user_id4_11_0_ from PasswordResetTokens passwordre0_ where passwordre0_.id=? lock in share mode
21:24:11.269 [main] DEBUG o.h.l.p.b.i.spaces.QuerySpacesImpl - Adding QuerySpace : uid = <gen:0> -> org.hibernate.loader.plan.build.internal.spaces.EntityQuerySpaceImpl@3b7d3d05]
21:24:11.269 [main] DEBUG o.h.p.w.spi.MetamodelGraphWalker - Visiting attribute path : creationTime
21:24:11.269 [main] DEBUG o.h.p.w.spi.MetamodelGraphWalker - Visiting attribute path : tempPassword
21:24:11.269 [main] DEBUG o.h.p.w.spi.MetamodelGraphWalker - Visiting attribute path : user
21:24:11.270 [main] DEBUG o.h.l.p.b.i.spaces.QuerySpacesImpl - Adding QuerySpace : uid = <gen:1> -> org.hibernate.loader.plan.build.internal.spaces.EntityQuerySpaceImpl@c90d38d]
21:24:11.270 [main] DEBUG o.h.l.p.b.i.FetchStyleLoadPlanBuildingAssociationVisitationStrategy - Building LoadPlan...
21:24:11.271 [main] DEBUG o.h.l.p.e.i.LoadQueryJoinAndFetchProcessor - processing queryspace <gen:0>
21:24:11.272 [main] DEBUG o.h.l.p.b.spi.LoadPlanTreePrinter - LoadPlan(entity=edu.ncsu.csc.itrust2.models.persistent.PasswordResetToken)
    - Returns
       - EntityReturnImpl(entity=edu.ncsu.csc.itrust2.models.persistent.PasswordResetToken, querySpaceUid=<gen:0>, path=edu.ncsu.csc.itrust2.models.persistent.PasswordResetToken)
          - EntityAttributeFetchImpl(entity=edu.ncsu.csc.itrust2.models.persistent.User, querySpaceUid=<gen:1>, path=edu.ncsu.csc.itrust2.models.persistent.PasswordResetToken.user)
    - QuerySpaces
       - EntityQuerySpaceImpl(uid=<gen:0>, entity=edu.ncsu.csc.itrust2.models.persistent.PasswordResetToken)
          - SQL table alias mapping - passwordre0_
          - alias suffix - 0_
          - suffixed key columns - {id1_11_0_}

21:24:11.272 [main] DEBUG o.h.loader.entity.plan.EntityLoader - Static select for entity edu.ncsu.csc.itrust2.models.persistent.PasswordResetToken [PESSIMISTIC_WRITE]: select passwordre0_.id as id1_11_0_, passwordre0_.creationTime as creation2_11_0_, passwordre0_.tempPassword as tempPass3_11_0_, passwordre0_.user_id as user_id4_11_0_ from PasswordResetTokens passwordre0_ where passwordre0_.id=? for update
21:24:11.272 [main] DEBUG o.h.l.p.b.i.spaces.QuerySpacesImpl - Adding QuerySpace : uid = <gen:0> -> org.hibernate.loader.plan.build.internal.spaces.EntityQuerySpaceImpl@360c9975]
21:24:11.272 [main] DEBUG o.h.p.w.spi.MetamodelGraphWalker - Visiting attribute path : creationTime
21:24:11.272 [main] DEBUG o.h.p.w.spi.MetamodelGraphWalker - Visiting attribute path : tempPassword
21:24:11.273 [main] DEBUG o.h.p.w.spi.MetamodelGraphWalker - Visiting attribute path : user
21:24:11.274 [main] DEBUG o.h.l.p.b.i.spaces.QuerySpacesImpl - Adding QuerySpace : uid = <gen:1> -> org.hibernate.loader.plan.build.internal.spaces.EntityQuerySpaceImpl@72eb7495]
21:24:11.274 [main] DEBUG o.h.l.p.b.i.FetchStyleLoadPlanBuildingAssociationVisitationStrategy - Building LoadPlan...
21:24:11.274 [main] DEBUG o.h.l.p.e.i.LoadQueryJoinAndFetchProcessor - processing queryspace <gen:0>
21:24:11.274 [main] DEBUG o.h.l.p.b.spi.LoadPlanTreePrinter - LoadPlan(entity=edu.ncsu.csc.itrust2.models.persistent.PasswordResetToken)
    - Returns
       - EntityReturnImpl(entity=edu.ncsu.csc.itrust2.models.persistent.PasswordResetToken, querySpaceUid=<gen:0>, path=edu.ncsu.csc.itrust2.models.persistent.PasswordResetToken)
          - EntityAttributeFetchImpl(entity=edu.ncsu.csc.itrust2.models.persistent.User, querySpaceUid=<gen:1>, path=edu.ncsu.csc.itrust2.models.persistent.PasswordResetToken.user)
    - QuerySpaces
       - EntityQuerySpaceImpl(uid=<gen:0>, entity=edu.ncsu.csc.itrust2.models.persistent.PasswordResetToken)
          - SQL table alias mapping - passwordre0_
          - alias suffix - 0_
          - suffixed key columns - {id1_11_0_}

21:24:11.275 [main] DEBUG o.h.loader.entity.plan.EntityLoader - Static select for entity edu.ncsu.csc.itrust2.models.persistent.PasswordResetToken [PESSIMISTIC_FORCE_INCREMENT]: select passwordre0_.id as id1_11_0_, passwordre0_.creationTime as creation2_11_0_, passwordre0_.tempPassword as tempPass3_11_0_, passwordre0_.user_id as user_id4_11_0_ from PasswordResetTokens passwordre0_ where passwordre0_.id=? for update
21:24:11.275 [main] DEBUG o.h.l.p.b.i.spaces.QuerySpacesImpl - Adding QuerySpace : uid = <gen:0> -> org.hibernate.loader.plan.build.internal.spaces.EntityQuerySpaceImpl@786dddfe]
21:24:11.275 [main] DEBUG o.h.p.w.spi.MetamodelGraphWalker - Visiting attribute path : creationTime
21:24:11.276 [main] DEBUG o.h.p.w.spi.MetamodelGraphWalker - Visiting attribute path : tempPassword
21:24:11.276 [main] DEBUG o.h.p.w.spi.MetamodelGraphWalker - Visiting attribute path : user
21:24:11.276 [main] DEBUG o.h.l.p.b.i.spaces.QuerySpacesImpl - Adding QuerySpace : uid = <gen:1> -> org.hibernate.loader.plan.build.internal.spaces.EntityQuerySpaceImpl@16f22873]
21:24:11.276 [main] DEBUG o.h.l.p.b.i.FetchStyleLoadPlanBuildingAssociationVisitationStrategy - Building LoadPlan...
21:24:11.276 [main] DEBUG o.h.l.p.e.i.LoadQueryJoinAndFetchProcessor - processing queryspace <gen:0>
21:24:11.277 [main] DEBUG o.h.l.p.b.spi.LoadPlanTreePrinter - LoadPlan(entity=edu.ncsu.csc.itrust2.models.persistent.PasswordResetToken)
    - Returns
       - EntityReturnImpl(entity=edu.ncsu.csc.itrust2.models.persistent.PasswordResetToken, querySpaceUid=<gen:0>, path=edu.ncsu.csc.itrust2.models.persistent.PasswordResetToken)
          - EntityAttributeFetchImpl(entity=edu.ncsu.csc.itrust2.models.persistent.User, querySpaceUid=<gen:1>, path=edu.ncsu.csc.itrust2.models.persistent.PasswordResetToken.user)
    - QuerySpaces
       - EntityQuerySpaceImpl(uid=<gen:0>, entity=edu.ncsu.csc.itrust2.models.persistent.PasswordResetToken)
          - SQL table alias mapping - passwordre0_
          - alias suffix - 0_
          - suffixed key columns - {id1_11_0_}

21:24:11.280 [main] DEBUG o.h.loader.entity.plan.EntityLoader - Static select for entity edu.ncsu.csc.itrust2.models.persistent.PasswordResetToken [OPTIMISTIC]: select passwordre0_.id as id1_11_0_, passwordre0_.creationTime as creation2_11_0_, passwordre0_.tempPassword as tempPass3_11_0_, passwordre0_.user_id as user_id4_11_0_ from PasswordResetTokens passwordre0_ where passwordre0_.id=?
21:24:11.280 [main] DEBUG o.h.l.p.b.i.spaces.QuerySpacesImpl - Adding QuerySpace : uid = <gen:0> -> org.hibernate.loader.plan.build.internal.spaces.EntityQuerySpaceImpl@3f14b9e4]
21:24:11.280 [main] DEBUG o.h.p.w.spi.MetamodelGraphWalker - Visiting attribute path : creationTime
21:24:11.280 [main] DEBUG o.h.p.w.spi.MetamodelGraphWalker - Visiting attribute path : tempPassword
21:24:11.280 [main] DEBUG o.h.p.w.spi.MetamodelGraphWalker - Visiting attribute path : user
21:24:11.282 [main] DEBUG o.h.l.p.b.i.spaces.QuerySpacesImpl - Adding QuerySpace : uid = <gen:1> -> org.hibernate.loader.plan.build.internal.spaces.EntityQuerySpaceImpl@42b655ce]
21:24:11.282 [main] DEBUG o.h.l.p.b.i.FetchStyleLoadPlanBuildingAssociationVisitationStrategy - Building LoadPlan...
21:24:11.283 [main] DEBUG o.h.l.p.e.i.LoadQueryJoinAndFetchProcessor - processing queryspace <gen:0>
21:24:11.284 [main] DEBUG o.h.l.p.b.spi.LoadPlanTreePrinter - LoadPlan(entity=edu.ncsu.csc.itrust2.models.persistent.PasswordResetToken)
    - Returns
       - EntityReturnImpl(entity=edu.ncsu.csc.itrust2.models.persistent.PasswordResetToken, querySpaceUid=<gen:0>, path=edu.ncsu.csc.itrust2.models.persistent.PasswordResetToken)
          - EntityAttributeFetchImpl(entity=edu.ncsu.csc.itrust2.models.persistent.User, querySpaceUid=<gen:1>, path=edu.ncsu.csc.itrust2.models.persistent.PasswordResetToken.user)
    - QuerySpaces
       - EntityQuerySpaceImpl(uid=<gen:0>, entity=edu.ncsu.csc.itrust2.models.persistent.PasswordResetToken)
          - SQL table alias mapping - passwordre0_
          - alias suffix - 0_
          - suffixed key columns - {id1_11_0_}

21:24:11.284 [main] DEBUG o.h.loader.entity.plan.EntityLoader - Static select for entity edu.ncsu.csc.itrust2.models.persistent.PasswordResetToken [OPTIMISTIC_FORCE_INCREMENT]: select passwordre0_.id as id1_11_0_, passwordre0_.creationTime as creation2_11_0_, passwordre0_.tempPassword as tempPass3_11_0_, passwordre0_.user_id as user_id4_11_0_ from PasswordResetTokens passwordre0_ where passwordre0_.id=?
21:24:11.289 [main] DEBUG org.hibernate.loader.Loader - Static select for action ACTION_MERGE on entity edu.ncsu.csc.itrust2.models.persistent.PasswordResetToken: select passwordre0_.id as id1_11_0_, passwordre0_.creationTime as creation2_11_0_, passwordre0_.tempPassword as tempPass3_11_0_, passwordre0_.user_id as user_id4_11_0_ from PasswordResetTokens passwordre0_ where passwordre0_.id=?
21:24:11.291 [main] DEBUG org.hibernate.loader.Loader - Static select for action ACTION_REFRESH on entity edu.ncsu.csc.itrust2.models.persistent.PasswordResetToken: select passwordre0_.id as id1_11_0_, passwordre0_.creationTime as creation2_11_0_, passwordre0_.tempPassword as tempPass3_11_0_, passwordre0_.user_id as user_id4_11_0_ from PasswordResetTokens passwordre0_ where passwordre0_.id=?
21:24:11.294 [main] DEBUG o.h.p.entity.AbstractEntityPersister - Static SQL for entity: edu.ncsu.csc.itrust2.models.persistent.Prescription
21:24:11.294 [main] DEBUG o.h.p.entity.AbstractEntityPersister -  Version select: select id from Prescriptions where id =?
21:24:11.294 [main] DEBUG o.h.p.entity.AbstractEntityPersister -  Snapshot select: select prescripti_.id, prescripti_.dosage as dosage2_14_, prescripti_.drug_id as drug_id6_14_, prescripti_.endDate as endDate3_14_, prescripti_.patient_id as patient_7_14_, prescripti_.renewals as renewals4_14_, prescripti_.startDate as startDat5_14_ from Prescriptions prescripti_ where prescripti_.id=?
21:24:11.295 [main] DEBUG o.h.p.entity.AbstractEntityPersister -  Insert 0: insert into Prescriptions (dosage, drug_id, endDate, patient_id, renewals, startDate, id) values (?, ?, ?, ?, ?, ?, ?)
21:24:11.295 [main] DEBUG o.h.p.entity.AbstractEntityPersister -  Update 0: update Prescriptions set dosage=?, drug_id=?, endDate=?, patient_id=?, renewals=?, startDate=? where id=?
21:24:11.295 [main] DEBUG o.h.p.entity.AbstractEntityPersister -  Delete 0: delete from Prescriptions where id=?
21:24:11.295 [main] DEBUG o.h.l.p.b.i.spaces.QuerySpacesImpl - Adding QuerySpace : uid = <gen:0> -> org.hibernate.loader.plan.build.internal.spaces.EntityQuerySpaceImpl@45805c5b]
21:24:11.296 [main] DEBUG o.h.p.w.spi.MetamodelGraphWalker - Visiting attribute path : dosage
21:24:11.296 [main] DEBUG o.h.p.w.spi.MetamodelGraphWalker - Visiting attribute path : drug
21:24:11.296 [main] DEBUG o.h.l.p.b.i.spaces.QuerySpacesImpl - Adding QuerySpace : uid = <gen:1> -> org.hibernate.loader.plan.build.internal.spaces.EntityQuerySpaceImpl@76663a02]
21:24:11.296 [main] DEBUG o.h.p.w.spi.MetamodelGraphWalker - Visiting attribute path : drug.code
21:24:11.296 [main] DEBUG o.h.p.w.spi.MetamodelGraphWalker - Visiting attribute path : drug.description
21:24:11.296 [main] DEBUG o.h.p.w.spi.MetamodelGraphWalker - Visiting attribute path : drug.name
21:24:11.297 [main] DEBUG o.h.p.w.spi.MetamodelGraphWalker - Visiting attribute path : endDate
21:24:11.297 [main] DEBUG o.h.p.w.spi.MetamodelGraphWalker - Visiting attribute path : patient
21:24:11.297 [main] DEBUG o.h.l.p.b.i.spaces.QuerySpacesImpl - Adding QuerySpace : uid = <gen:2> -> org.hibernate.loader.plan.build.internal.spaces.EntityQuerySpaceImpl@412bff2b]
21:24:11.297 [main] DEBUG o.h.p.w.spi.MetamodelGraphWalker - Visiting attribute path : patient.enabled
21:24:11.297 [main] DEBUG o.h.p.w.spi.MetamodelGraphWalker - Visiting attribute path : patient.password
21:24:11.297 [main] DEBUG o.h.p.w.spi.MetamodelGraphWalker - Visiting attribute path : patient.role
21:24:11.297 [main] DEBUG o.h.p.w.spi.MetamodelGraphWalker - Visiting attribute path : renewals
21:24:11.297 [main] DEBUG o.h.p.w.spi.MetamodelGraphWalker - Visiting attribute path : startDate
21:24:11.298 [main] DEBUG o.h.l.p.b.i.FetchStyleLoadPlanBuildingAssociationVisitationStrategy - Building LoadPlan...
21:24:11.298 [main] DEBUG o.h.l.p.e.i.LoadQueryJoinAndFetchProcessor - processing queryspace <gen:0>
21:24:11.300 [main] DEBUG o.h.l.p.b.spi.LoadPlanTreePrinter - LoadPlan(entity=edu.ncsu.csc.itrust2.models.persistent.Prescription)
    - Returns
       - EntityReturnImpl(entity=edu.ncsu.csc.itrust2.models.persistent.Prescription, querySpaceUid=<gen:0>, path=edu.ncsu.csc.itrust2.models.persistent.Prescription)
          - EntityAttributeFetchImpl(entity=edu.ncsu.csc.itrust2.models.persistent.Drug, querySpaceUid=<gen:1>, path=edu.ncsu.csc.itrust2.models.persistent.Prescription.drug)
          - EntityAttributeFetchImpl(entity=edu.ncsu.csc.itrust2.models.persistent.User, querySpaceUid=<gen:2>, path=edu.ncsu.csc.itrust2.models.persistent.Prescription.patient)
    - QuerySpaces
       - EntityQuerySpaceImpl(uid=<gen:0>, entity=edu.ncsu.csc.itrust2.models.persistent.Prescription)
          - SQL table alias mapping - prescripti0_
          - alias suffix - 0_
          - suffixed key columns - {id1_14_0_}
          - JOIN (JoinDefinedByMetadata(drug)) : <gen:0> -> <gen:1>
             - EntityQuerySpaceImpl(uid=<gen:1>, entity=edu.ncsu.csc.itrust2.models.persistent.Drug)
                - SQL table alias mapping - drug1_
                - alias suffix - 1_
                - suffixed key columns - {id1_3_1_}
          - JOIN (JoinDefinedByMetadata(patient)) : <gen:0> -> <gen:2>
             - EntityQuerySpaceImpl(uid=<gen:2>, entity=edu.ncsu.csc.itrust2.models.persistent.User)
                - SQL table alias mapping - user2_
                - alias suffix - 2_
                - suffixed key columns - {username1_15_2_}

21:24:11.301 [main] DEBUG o.h.loader.entity.plan.EntityLoader - Static select for entity edu.ncsu.csc.itrust2.models.persistent.Prescription [NONE]: select prescripti0_.id as id1_14_0_, prescripti0_.dosage as dosage2_14_0_, prescripti0_.drug_id as drug_id6_14_0_, prescripti0_.endDate as endDate3_14_0_, prescripti0_.patient_id as patient_7_14_0_, prescripti0_.renewals as renewals4_14_0_, prescripti0_.startDate as startDat5_14_0_, drug1_.id as id1_3_1_, drug1_.code as code2_3_1_, drug1_.description as descript3_3_1_, drug1_.name as name4_3_1_, user2_.username as username1_15_2_, user2_.enabled as enabled2_15_2_, user2_.password as password3_15_2_, user2_.role as role4_15_2_ from Prescriptions prescripti0_ inner join Drugs drug1_ on prescripti0_.drug_id=drug1_.id inner join Users user2_ on prescripti0_.patient_id=user2_.username where prescripti0_.id=?
21:24:11.301 [main] DEBUG o.h.l.p.b.i.spaces.QuerySpacesImpl - Adding QuerySpace : uid = <gen:0> -> org.hibernate.loader.plan.build.internal.spaces.EntityQuerySpaceImpl@5178bad7]
21:24:11.301 [main] DEBUG o.h.p.w.spi.MetamodelGraphWalker - Visiting attribute path : dosage
21:24:11.301 [main] DEBUG o.h.p.w.spi.MetamodelGraphWalker - Visiting attribute path : drug
21:24:11.302 [main] DEBUG o.h.l.p.b.i.spaces.QuerySpacesImpl - Adding QuerySpace : uid = <gen:1> -> org.hibernate.loader.plan.build.internal.spaces.EntityQuerySpaceImpl@39853799]
21:24:11.302 [main] DEBUG o.h.p.w.spi.MetamodelGraphWalker - Visiting attribute path : drug.code
21:24:11.303 [main] DEBUG o.h.p.w.spi.MetamodelGraphWalker - Visiting attribute path : drug.description
21:24:11.303 [main] DEBUG o.h.p.w.spi.MetamodelGraphWalker - Visiting attribute path : drug.name
21:24:11.303 [main] DEBUG o.h.p.w.spi.MetamodelGraphWalker - Visiting attribute path : endDate
21:24:11.304 [main] DEBUG o.h.p.w.spi.MetamodelGraphWalker - Visiting attribute path : patient
21:24:11.304 [main] DEBUG o.h.l.p.b.i.spaces.QuerySpacesImpl - Adding QuerySpace : uid = <gen:2> -> org.hibernate.loader.plan.build.internal.spaces.EntityQuerySpaceImpl@72c8ecd8]
21:24:11.304 [main] DEBUG o.h.p.w.spi.MetamodelGraphWalker - Visiting attribute path : patient.enabled
21:24:11.304 [main] DEBUG o.h.p.w.spi.MetamodelGraphWalker - Visiting attribute path : patient.password
21:24:11.305 [main] DEBUG o.h.p.w.spi.MetamodelGraphWalker - Visiting attribute path : patient.role
21:24:11.305 [main] DEBUG o.h.p.w.spi.MetamodelGraphWalker - Visiting attribute path : renewals
21:24:11.305 [main] DEBUG o.h.p.w.spi.MetamodelGraphWalker - Visiting attribute path : startDate
21:24:11.305 [main] DEBUG o.h.l.p.b.i.FetchStyleLoadPlanBuildingAssociationVisitationStrategy - Building LoadPlan...
21:24:11.306 [main] DEBUG o.h.l.p.e.i.LoadQueryJoinAndFetchProcessor - processing queryspace <gen:0>
21:24:11.306 [main] DEBUG o.h.l.p.b.spi.LoadPlanTreePrinter - LoadPlan(entity=edu.ncsu.csc.itrust2.models.persistent.Prescription)
    - Returns
       - EntityReturnImpl(entity=edu.ncsu.csc.itrust2.models.persistent.Prescription, querySpaceUid=<gen:0>, path=edu.ncsu.csc.itrust2.models.persistent.Prescription)
          - EntityAttributeFetchImpl(entity=edu.ncsu.csc.itrust2.models.persistent.Drug, querySpaceUid=<gen:1>, path=edu.ncsu.csc.itrust2.models.persistent.Prescription.drug)
          - EntityAttributeFetchImpl(entity=edu.ncsu.csc.itrust2.models.persistent.User, querySpaceUid=<gen:2>, path=edu.ncsu.csc.itrust2.models.persistent.Prescription.patient)
    - QuerySpaces
       - EntityQuerySpaceImpl(uid=<gen:0>, entity=edu.ncsu.csc.itrust2.models.persistent.Prescription)
          - SQL table alias mapping - prescripti0_
          - alias suffix - 0_
          - suffixed key columns - {id1_14_0_}
          - JOIN (JoinDefinedByMetadata(drug)) : <gen:0> -> <gen:1>
             - EntityQuerySpaceImpl(uid=<gen:1>, entity=edu.ncsu.csc.itrust2.models.persistent.Drug)
                - SQL table alias mapping - drug1_
                - alias suffix - 1_
                - suffixed key columns - {id1_3_1_}
          - JOIN (JoinDefinedByMetadata(patient)) : <gen:0> -> <gen:2>
             - EntityQuerySpaceImpl(uid=<gen:2>, entity=edu.ncsu.csc.itrust2.models.persistent.User)
                - SQL table alias mapping - user2_
                - alias suffix - 2_
                - suffixed key columns - {username1_15_2_}

21:24:11.307 [main] DEBUG o.h.loader.entity.plan.EntityLoader - Static select for entity edu.ncsu.csc.itrust2.models.persistent.Prescription [READ]: select prescripti0_.id as id1_14_0_, prescripti0_.dosage as dosage2_14_0_, prescripti0_.drug_id as drug_id6_14_0_, prescripti0_.endDate as endDate3_14_0_, prescripti0_.patient_id as patient_7_14_0_, prescripti0_.renewals as renewals4_14_0_, prescripti0_.startDate as startDat5_14_0_, drug1_.id as id1_3_1_, drug1_.code as code2_3_1_, drug1_.description as descript3_3_1_, drug1_.name as name4_3_1_, user2_.username as username1_15_2_, user2_.enabled as enabled2_15_2_, user2_.password as password3_15_2_, user2_.role as role4_15_2_ from Prescriptions prescripti0_ inner join Drugs drug1_ on prescripti0_.drug_id=drug1_.id inner join Users user2_ on prescripti0_.patient_id=user2_.username where prescripti0_.id=?
21:24:11.308 [main] DEBUG o.h.l.p.b.i.spaces.QuerySpacesImpl - Adding QuerySpace : uid = <gen:0> -> org.hibernate.loader.plan.build.internal.spaces.EntityQuerySpaceImpl@ff2ff46]
21:24:11.309 [main] DEBUG o.h.p.w.spi.MetamodelGraphWalker - Visiting attribute path : dosage
21:24:11.310 [main] DEBUG o.h.p.w.spi.MetamodelGraphWalker - Visiting attribute path : drug
21:24:11.310 [main] DEBUG o.h.l.p.b.i.spaces.QuerySpacesImpl - Adding QuerySpace : uid = <gen:1> -> org.hibernate.loader.plan.build.internal.spaces.EntityQuerySpaceImpl@4e09a3a9]
21:24:11.310 [main] DEBUG o.h.p.w.spi.MetamodelGraphWalker - Visiting attribute path : endDate
21:24:11.311 [main] DEBUG o.h.p.w.spi.MetamodelGraphWalker - Visiting attribute path : patient
21:24:11.311 [main] DEBUG o.h.l.p.b.i.spaces.QuerySpacesImpl - Adding QuerySpace : uid = <gen:2> -> org.hibernate.loader.plan.build.internal.spaces.EntityQuerySpaceImpl@8c2d541]
21:24:11.311 [main] DEBUG o.h.p.w.spi.MetamodelGraphWalker - Visiting attribute path : renewals
21:24:11.312 [main] DEBUG o.h.p.w.spi.MetamodelGraphWalker - Visiting attribute path : startDate
21:24:11.312 [main] DEBUG o.h.l.p.b.i.FetchStyleLoadPlanBuildingAssociationVisitationStrategy - Building LoadPlan...
21:24:11.314 [main] DEBUG o.h.l.p.e.i.LoadQueryJoinAndFetchProcessor - processing queryspace <gen:0>
21:24:11.315 [main] DEBUG o.h.l.p.b.spi.LoadPlanTreePrinter - LoadPlan(entity=edu.ncsu.csc.itrust2.models.persistent.Prescription)
    - Returns
       - EntityReturnImpl(entity=edu.ncsu.csc.itrust2.models.persistent.Prescription, querySpaceUid=<gen:0>, path=edu.ncsu.csc.itrust2.models.persistent.Prescription)
          - EntityAttributeFetchImpl(entity=edu.ncsu.csc.itrust2.models.persistent.Drug, querySpaceUid=<gen:1>, path=edu.ncsu.csc.itrust2.models.persistent.Prescription.drug)
          - EntityAttributeFetchImpl(entity=edu.ncsu.csc.itrust2.models.persistent.User, querySpaceUid=<gen:2>, path=edu.ncsu.csc.itrust2.models.persistent.Prescription.patient)
    - QuerySpaces
       - EntityQuerySpaceImpl(uid=<gen:0>, entity=edu.ncsu.csc.itrust2.models.persistent.Prescription)
          - SQL table alias mapping - prescripti0_
          - alias suffix - 0_
          - suffixed key columns - {id1_14_0_}

21:24:11.315 [main] DEBUG o.h.loader.entity.plan.EntityLoader - Static select for entity edu.ncsu.csc.itrust2.models.persistent.Prescription [UPGRADE]: select prescripti0_.id as id1_14_0_, prescripti0_.dosage as dosage2_14_0_, prescripti0_.drug_id as drug_id6_14_0_, prescripti0_.endDate as endDate3_14_0_, prescripti0_.patient_id as patient_7_14_0_, prescripti0_.renewals as renewals4_14_0_, prescripti0_.startDate as startDat5_14_0_ from Prescriptions prescripti0_ where prescripti0_.id=? for update
21:24:11.315 [main] DEBUG o.h.l.p.b.i.spaces.QuerySpacesImpl - Adding QuerySpace : uid = <gen:0> -> org.hibernate.loader.plan.build.internal.spaces.EntityQuerySpaceImpl@10d213d0]
21:24:11.316 [main] DEBUG o.h.p.w.spi.MetamodelGraphWalker - Visiting attribute path : dosage
21:24:11.316 [main] DEBUG o.h.p.w.spi.MetamodelGraphWalker - Visiting attribute path : drug
21:24:11.316 [main] DEBUG o.h.l.p.b.i.spaces.QuerySpacesImpl - Adding QuerySpace : uid = <gen:1> -> org.hibernate.loader.plan.build.internal.spaces.EntityQuerySpaceImpl@794cc43a]
21:24:11.316 [main] DEBUG o.h.p.w.spi.MetamodelGraphWalker - Visiting attribute path : endDate
21:24:11.316 [main] DEBUG o.h.p.w.spi.MetamodelGraphWalker - Visiting attribute path : patient
21:24:11.316 [main] DEBUG o.h.l.p.b.i.spaces.QuerySpacesImpl - Adding QuerySpace : uid = <gen:2> -> org.hibernate.loader.plan.build.internal.spaces.EntityQuerySpaceImpl@673a7e8f]
21:24:11.317 [main] DEBUG o.h.p.w.spi.MetamodelGraphWalker - Visiting attribute path : renewals
21:24:11.317 [main] DEBUG o.h.p.w.spi.MetamodelGraphWalker - Visiting attribute path : startDate
21:24:11.317 [main] DEBUG o.h.l.p.b.i.FetchStyleLoadPlanBuildingAssociationVisitationStrategy - Building LoadPlan...
21:24:11.318 [main] DEBUG o.h.l.p.e.i.LoadQueryJoinAndFetchProcessor - processing queryspace <gen:0>
21:24:11.318 [main] DEBUG o.h.l.p.b.spi.LoadPlanTreePrinter - LoadPlan(entity=edu.ncsu.csc.itrust2.models.persistent.Prescription)
    - Returns
       - EntityReturnImpl(entity=edu.ncsu.csc.itrust2.models.persistent.Prescription, querySpaceUid=<gen:0>, path=edu.ncsu.csc.itrust2.models.persistent.Prescription)
          - EntityAttributeFetchImpl(entity=edu.ncsu.csc.itrust2.models.persistent.Drug, querySpaceUid=<gen:1>, path=edu.ncsu.csc.itrust2.models.persistent.Prescription.drug)
          - EntityAttributeFetchImpl(entity=edu.ncsu.csc.itrust2.models.persistent.User, querySpaceUid=<gen:2>, path=edu.ncsu.csc.itrust2.models.persistent.Prescription.patient)
    - QuerySpaces
       - EntityQuerySpaceImpl(uid=<gen:0>, entity=edu.ncsu.csc.itrust2.models.persistent.Prescription)
          - SQL table alias mapping - prescripti0_
          - alias suffix - 0_
          - suffixed key columns - {id1_14_0_}

21:24:11.318 [main] DEBUG o.h.loader.entity.plan.EntityLoader - Static select for entity edu.ncsu.csc.itrust2.models.persistent.Prescription [UPGRADE_NOWAIT]: select prescripti0_.id as id1_14_0_, prescripti0_.dosage as dosage2_14_0_, prescripti0_.drug_id as drug_id6_14_0_, prescripti0_.endDate as endDate3_14_0_, prescripti0_.patient_id as patient_7_14_0_, prescripti0_.renewals as renewals4_14_0_, prescripti0_.startDate as startDat5_14_0_ from Prescriptions prescripti0_ where prescripti0_.id=? for update
21:24:11.319 [main] DEBUG o.h.l.p.b.i.spaces.QuerySpacesImpl - Adding QuerySpace : uid = <gen:0> -> org.hibernate.loader.plan.build.internal.spaces.EntityQuerySpaceImpl@67f6ad2b]
21:24:11.319 [main] DEBUG o.h.p.w.spi.MetamodelGraphWalker - Visiting attribute path : dosage
21:24:11.319 [main] DEBUG o.h.p.w.spi.MetamodelGraphWalker - Visiting attribute path : drug
21:24:11.320 [main] DEBUG o.h.l.p.b.i.spaces.QuerySpacesImpl - Adding QuerySpace : uid = <gen:1> -> org.hibernate.loader.plan.build.internal.spaces.EntityQuerySpaceImpl@5bdd96f1]
21:24:11.320 [main] DEBUG o.h.p.w.spi.MetamodelGraphWalker - Visiting attribute path : endDate
21:24:11.320 [main] DEBUG o.h.p.w.spi.MetamodelGraphWalker - Visiting attribute path : patient
21:24:11.320 [main] DEBUG o.h.l.p.b.i.spaces.QuerySpacesImpl - Adding QuerySpace : uid = <gen:2> -> org.hibernate.loader.plan.build.internal.spaces.EntityQuerySpaceImpl@6fa75503]
21:24:11.321 [main] DEBUG o.h.p.w.spi.MetamodelGraphWalker - Visiting attribute path : renewals
21:24:11.321 [main] DEBUG o.h.p.w.spi.MetamodelGraphWalker - Visiting attribute path : startDate
21:24:11.321 [main] DEBUG o.h.l.p.b.i.FetchStyleLoadPlanBuildingAssociationVisitationStrategy - Building LoadPlan...
21:24:11.321 [main] DEBUG o.h.l.p.e.i.LoadQueryJoinAndFetchProcessor - processing queryspace <gen:0>
21:24:11.326 [main] DEBUG o.h.l.p.b.spi.LoadPlanTreePrinter - LoadPlan(entity=edu.ncsu.csc.itrust2.models.persistent.Prescription)
    - Returns
       - EntityReturnImpl(entity=edu.ncsu.csc.itrust2.models.persistent.Prescription, querySpaceUid=<gen:0>, path=edu.ncsu.csc.itrust2.models.persistent.Prescription)
          - EntityAttributeFetchImpl(entity=edu.ncsu.csc.itrust2.models.persistent.Drug, querySpaceUid=<gen:1>, path=edu.ncsu.csc.itrust2.models.persistent.Prescription.drug)
          - EntityAttributeFetchImpl(entity=edu.ncsu.csc.itrust2.models.persistent.User, querySpaceUid=<gen:2>, path=edu.ncsu.csc.itrust2.models.persistent.Prescription.patient)
    - QuerySpaces
       - EntityQuerySpaceImpl(uid=<gen:0>, entity=edu.ncsu.csc.itrust2.models.persistent.Prescription)
          - SQL table alias mapping - prescripti0_
          - alias suffix - 0_
          - suffixed key columns - {id1_14_0_}

21:24:11.326 [main] DEBUG o.h.loader.entity.plan.EntityLoader - Static select for entity edu.ncsu.csc.itrust2.models.persistent.Prescription [UPGRADE_SKIPLOCKED]: select prescripti0_.id as id1_14_0_, prescripti0_.dosage as dosage2_14_0_, prescripti0_.drug_id as drug_id6_14_0_, prescripti0_.endDate as endDate3_14_0_, prescripti0_.patient_id as patient_7_14_0_, prescripti0_.renewals as renewals4_14_0_, prescripti0_.startDate as startDat5_14_0_ from Prescriptions prescripti0_ where prescripti0_.id=? for update
21:24:11.326 [main] DEBUG o.h.l.p.b.i.spaces.QuerySpacesImpl - Adding QuerySpace : uid = <gen:0> -> org.hibernate.loader.plan.build.internal.spaces.EntityQuerySpaceImpl@3d6a2229]
21:24:11.327 [main] DEBUG o.h.p.w.spi.MetamodelGraphWalker - Visiting attribute path : dosage
21:24:11.327 [main] DEBUG o.h.p.w.spi.MetamodelGraphWalker - Visiting attribute path : drug
21:24:11.332 [main] DEBUG o.h.l.p.b.i.spaces.QuerySpacesImpl - Adding QuerySpace : uid = <gen:1> -> org.hibernate.loader.plan.build.internal.spaces.EntityQuerySpaceImpl@3119734e]
21:24:11.333 [main] DEBUG o.h.p.w.spi.MetamodelGraphWalker - Visiting attribute path : endDate
21:24:11.333 [main] DEBUG o.h.p.w.spi.MetamodelGraphWalker - Visiting attribute path : patient
21:24:11.334 [main] DEBUG o.h.l.p.b.i.spaces.QuerySpacesImpl - Adding QuerySpace : uid = <gen:2> -> org.hibernate.loader.plan.build.internal.spaces.EntityQuerySpaceImpl@64c33723]
21:24:11.334 [main] DEBUG o.h.p.w.spi.MetamodelGraphWalker - Visiting attribute path : renewals
21:24:11.334 [main] DEBUG o.h.p.w.spi.MetamodelGraphWalker - Visiting attribute path : startDate
21:24:11.334 [main] DEBUG o.h.l.p.b.i.FetchStyleLoadPlanBuildingAssociationVisitationStrategy - Building LoadPlan...
21:24:11.334 [main] DEBUG o.h.l.p.e.i.LoadQueryJoinAndFetchProcessor - processing queryspace <gen:0>
21:24:11.335 [main] DEBUG o.h.l.p.b.spi.LoadPlanTreePrinter - LoadPlan(entity=edu.ncsu.csc.itrust2.models.persistent.Prescription)
    - Returns
       - EntityReturnImpl(entity=edu.ncsu.csc.itrust2.models.persistent.Prescription, querySpaceUid=<gen:0>, path=edu.ncsu.csc.itrust2.models.persistent.Prescription)
          - EntityAttributeFetchImpl(entity=edu.ncsu.csc.itrust2.models.persistent.Drug, querySpaceUid=<gen:1>, path=edu.ncsu.csc.itrust2.models.persistent.Prescription.drug)
          - EntityAttributeFetchImpl(entity=edu.ncsu.csc.itrust2.models.persistent.User, querySpaceUid=<gen:2>, path=edu.ncsu.csc.itrust2.models.persistent.Prescription.patient)
    - QuerySpaces
       - EntityQuerySpaceImpl(uid=<gen:0>, entity=edu.ncsu.csc.itrust2.models.persistent.Prescription)
          - SQL table alias mapping - prescripti0_
          - alias suffix - 0_
          - suffixed key columns - {id1_14_0_}

21:24:11.337 [main] DEBUG o.h.loader.entity.plan.EntityLoader - Static select for entity edu.ncsu.csc.itrust2.models.persistent.Prescription [FORCE]: select prescripti0_.id as id1_14_0_, prescripti0_.dosage as dosage2_14_0_, prescripti0_.drug_id as drug_id6_14_0_, prescripti0_.endDate as endDate3_14_0_, prescripti0_.patient_id as patient_7_14_0_, prescripti0_.renewals as renewals4_14_0_, prescripti0_.startDate as startDat5_14_0_ from Prescriptions prescripti0_ where prescripti0_.id=? for update
21:24:11.337 [main] DEBUG o.h.l.p.b.i.spaces.QuerySpacesImpl - Adding QuerySpace : uid = <gen:0> -> org.hibernate.loader.plan.build.internal.spaces.EntityQuerySpaceImpl@8543af8]
21:24:11.338 [main] DEBUG o.h.p.w.spi.MetamodelGraphWalker - Visiting attribute path : dosage
21:24:11.338 [main] DEBUG o.h.p.w.spi.MetamodelGraphWalker - Visiting attribute path : drug
21:24:11.338 [main] DEBUG o.h.l.p.b.i.spaces.QuerySpacesImpl - Adding QuerySpace : uid = <gen:1> -> org.hibernate.loader.plan.build.internal.spaces.EntityQuerySpaceImpl@54f40ec8]
21:24:11.338 [main] DEBUG o.h.p.w.spi.MetamodelGraphWalker - Visiting attribute path : endDate
21:24:11.338 [main] DEBUG o.h.p.w.spi.MetamodelGraphWalker - Visiting attribute path : patient
21:24:11.338 [main] DEBUG o.h.l.p.b.i.spaces.QuerySpacesImpl - Adding QuerySpace : uid = <gen:2> -> org.hibernate.loader.plan.build.internal.spaces.EntityQuerySpaceImpl@2973515a]
21:24:11.338 [main] DEBUG o.h.p.w.spi.MetamodelGraphWalker - Visiting attribute path : renewals
21:24:11.338 [main] DEBUG o.h.p.w.spi.MetamodelGraphWalker - Visiting attribute path : startDate
21:24:11.339 [main] DEBUG o.h.l.p.b.i.FetchStyleLoadPlanBuildingAssociationVisitationStrategy - Building LoadPlan...
21:24:11.339 [main] DEBUG o.h.l.p.e.i.LoadQueryJoinAndFetchProcessor - processing queryspace <gen:0>
21:24:11.339 [main] DEBUG o.h.l.p.b.spi.LoadPlanTreePrinter - LoadPlan(entity=edu.ncsu.csc.itrust2.models.persistent.Prescription)
    - Returns
       - EntityReturnImpl(entity=edu.ncsu.csc.itrust2.models.persistent.Prescription, querySpaceUid=<gen:0>, path=edu.ncsu.csc.itrust2.models.persistent.Prescription)
          - EntityAttributeFetchImpl(entity=edu.ncsu.csc.itrust2.models.persistent.Drug, querySpaceUid=<gen:1>, path=edu.ncsu.csc.itrust2.models.persistent.Prescription.drug)
          - EntityAttributeFetchImpl(entity=edu.ncsu.csc.itrust2.models.persistent.User, querySpaceUid=<gen:2>, path=edu.ncsu.csc.itrust2.models.persistent.Prescription.patient)
    - QuerySpaces
       - EntityQuerySpaceImpl(uid=<gen:0>, entity=edu.ncsu.csc.itrust2.models.persistent.Prescription)
          - SQL table alias mapping - prescripti0_
          - alias suffix - 0_
          - suffixed key columns - {id1_14_0_}

21:24:11.414 [main] DEBUG o.h.loader.entity.plan.EntityLoader - Static select for entity edu.ncsu.csc.itrust2.models.persistent.Prescription [PESSIMISTIC_READ]: select prescripti0_.id as id1_14_0_, prescripti0_.dosage as dosage2_14_0_, prescripti0_.drug_id as drug_id6_14_0_, prescripti0_.endDate as endDate3_14_0_, prescripti0_.patient_id as patient_7_14_0_, prescripti0_.renewals as renewals4_14_0_, prescripti0_.startDate as startDat5_14_0_ from Prescriptions prescripti0_ where prescripti0_.id=? lock in share mode
21:24:11.414 [main] DEBUG o.h.l.p.b.i.spaces.QuerySpacesImpl - Adding QuerySpace : uid = <gen:0> -> org.hibernate.loader.plan.build.internal.spaces.EntityQuerySpaceImpl@593d76]
21:24:11.414 [main] DEBUG o.h.p.w.spi.MetamodelGraphWalker - Visiting attribute path : dosage
21:24:11.414 [main] DEBUG o.h.p.w.spi.MetamodelGraphWalker - Visiting attribute path : drug
21:24:11.415 [main] DEBUG o.h.l.p.b.i.spaces.QuerySpacesImpl - Adding QuerySpace : uid = <gen:1> -> org.hibernate.loader.plan.build.internal.spaces.EntityQuerySpaceImpl@36ba85cd]
21:24:11.415 [main] DEBUG o.h.p.w.spi.MetamodelGraphWalker - Visiting attribute path : endDate
21:24:11.415 [main] DEBUG o.h.p.w.spi.MetamodelGraphWalker - Visiting attribute path : patient
21:24:11.415 [main] DEBUG o.h.l.p.b.i.spaces.QuerySpacesImpl - Adding QuerySpace : uid = <gen:2> -> org.hibernate.loader.plan.build.internal.spaces.EntityQuerySpaceImpl@570fbc1]
21:24:11.415 [main] DEBUG o.h.p.w.spi.MetamodelGraphWalker - Visiting attribute path : renewals
21:24:11.415 [main] DEBUG o.h.p.w.spi.MetamodelGraphWalker - Visiting attribute path : startDate
21:24:11.415 [main] DEBUG o.h.l.p.b.i.FetchStyleLoadPlanBuildingAssociationVisitationStrategy - Building LoadPlan...
21:24:11.415 [main] DEBUG o.h.l.p.e.i.LoadQueryJoinAndFetchProcessor - processing queryspace <gen:0>
21:24:11.415 [main] DEBUG o.h.l.p.b.spi.LoadPlanTreePrinter - LoadPlan(entity=edu.ncsu.csc.itrust2.models.persistent.Prescription)
    - Returns
       - EntityReturnImpl(entity=edu.ncsu.csc.itrust2.models.persistent.Prescription, querySpaceUid=<gen:0>, path=edu.ncsu.csc.itrust2.models.persistent.Prescription)
          - EntityAttributeFetchImpl(entity=edu.ncsu.csc.itrust2.models.persistent.Drug, querySpaceUid=<gen:1>, path=edu.ncsu.csc.itrust2.models.persistent.Prescription.drug)
          - EntityAttributeFetchImpl(entity=edu.ncsu.csc.itrust2.models.persistent.User, querySpaceUid=<gen:2>, path=edu.ncsu.csc.itrust2.models.persistent.Prescription.patient)
    - QuerySpaces
       - EntityQuerySpaceImpl(uid=<gen:0>, entity=edu.ncsu.csc.itrust2.models.persistent.Prescription)
          - SQL table alias mapping - prescripti0_
          - alias suffix - 0_
          - suffixed key columns - {id1_14_0_}

21:24:11.416 [main] DEBUG o.h.loader.entity.plan.EntityLoader - Static select for entity edu.ncsu.csc.itrust2.models.persistent.Prescription [PESSIMISTIC_WRITE]: select prescripti0_.id as id1_14_0_, prescripti0_.dosage as dosage2_14_0_, prescripti0_.drug_id as drug_id6_14_0_, prescripti0_.endDate as endDate3_14_0_, prescripti0_.patient_id as patient_7_14_0_, prescripti0_.renewals as renewals4_14_0_, prescripti0_.startDate as startDat5_14_0_ from Prescriptions prescripti0_ where prescripti0_.id=? for update
21:24:11.416 [main] DEBUG o.h.l.p.b.i.spaces.QuerySpacesImpl - Adding QuerySpace : uid = <gen:0> -> org.hibernate.loader.plan.build.internal.spaces.EntityQuerySpaceImpl@4c0bc494]
21:24:11.416 [main] DEBUG o.h.p.w.spi.MetamodelGraphWalker - Visiting attribute path : dosage
21:24:11.416 [main] DEBUG o.h.p.w.spi.MetamodelGraphWalker - Visiting attribute path : drug
21:24:11.416 [main] DEBUG o.h.l.p.b.i.spaces.QuerySpacesImpl - Adding QuerySpace : uid = <gen:1> -> org.hibernate.loader.plan.build.internal.spaces.EntityQuerySpaceImpl@e992c7b]
21:24:11.416 [main] DEBUG o.h.p.w.spi.MetamodelGraphWalker - Visiting attribute path : endDate
21:24:11.416 [main] DEBUG o.h.p.w.spi.MetamodelGraphWalker - Visiting attribute path : patient
21:24:11.416 [main] DEBUG o.h.l.p.b.i.spaces.QuerySpacesImpl - Adding QuerySpace : uid = <gen:2> -> org.hibernate.loader.plan.build.internal.spaces.EntityQuerySpaceImpl@cb5609a]
21:24:11.416 [main] DEBUG o.h.p.w.spi.MetamodelGraphWalker - Visiting attribute path : renewals
21:24:11.416 [main] DEBUG o.h.p.w.spi.MetamodelGraphWalker - Visiting attribute path : startDate
21:24:11.416 [main] DEBUG o.h.l.p.b.i.FetchStyleLoadPlanBuildingAssociationVisitationStrategy - Building LoadPlan...
21:24:11.416 [main] DEBUG o.h.l.p.e.i.LoadQueryJoinAndFetchProcessor - processing queryspace <gen:0>
21:24:11.417 [main] DEBUG o.h.l.p.b.spi.LoadPlanTreePrinter - LoadPlan(entity=edu.ncsu.csc.itrust2.models.persistent.Prescription)
    - Returns
       - EntityReturnImpl(entity=edu.ncsu.csc.itrust2.models.persistent.Prescription, querySpaceUid=<gen:0>, path=edu.ncsu.csc.itrust2.models.persistent.Prescription)
          - EntityAttributeFetchImpl(entity=edu.ncsu.csc.itrust2.models.persistent.Drug, querySpaceUid=<gen:1>, path=edu.ncsu.csc.itrust2.models.persistent.Prescription.drug)
          - EntityAttributeFetchImpl(entity=edu.ncsu.csc.itrust2.models.persistent.User, querySpaceUid=<gen:2>, path=edu.ncsu.csc.itrust2.models.persistent.Prescription.patient)
    - QuerySpaces
       - EntityQuerySpaceImpl(uid=<gen:0>, entity=edu.ncsu.csc.itrust2.models.persistent.Prescription)
          - SQL table alias mapping - prescripti0_
          - alias suffix - 0_
          - suffixed key columns - {id1_14_0_}

21:24:11.417 [main] DEBUG o.h.loader.entity.plan.EntityLoader - Static select for entity edu.ncsu.csc.itrust2.models.persistent.Prescription [PESSIMISTIC_FORCE_INCREMENT]: select prescripti0_.id as id1_14_0_, prescripti0_.dosage as dosage2_14_0_, prescripti0_.drug_id as drug_id6_14_0_, prescripti0_.endDate as endDate3_14_0_, prescripti0_.patient_id as patient_7_14_0_, prescripti0_.renewals as renewals4_14_0_, prescripti0_.startDate as startDat5_14_0_ from Prescriptions prescripti0_ where prescripti0_.id=? for update
21:24:11.417 [main] DEBUG o.h.l.p.b.i.spaces.QuerySpacesImpl - Adding QuerySpace : uid = <gen:0> -> org.hibernate.loader.plan.build.internal.spaces.EntityQuerySpaceImpl@1e082afc]
21:24:11.417 [main] DEBUG o.h.p.w.spi.MetamodelGraphWalker - Visiting attribute path : dosage
21:24:11.417 [main] DEBUG o.h.p.w.spi.MetamodelGraphWalker - Visiting attribute path : drug
21:24:11.417 [main] DEBUG o.h.l.p.b.i.spaces.QuerySpacesImpl - Adding QuerySpace : uid = <gen:1> -> org.hibernate.loader.plan.build.internal.spaces.EntityQuerySpaceImpl@4f8a671a]
21:24:11.417 [main] DEBUG o.h.p.w.spi.MetamodelGraphWalker - Visiting attribute path : endDate
21:24:11.417 [main] DEBUG o.h.p.w.spi.MetamodelGraphWalker - Visiting attribute path : patient
21:24:11.417 [main] DEBUG o.h.l.p.b.i.spaces.QuerySpacesImpl - Adding QuerySpace : uid = <gen:2> -> org.hibernate.loader.plan.build.internal.spaces.EntityQuerySpaceImpl@689c7fc1]
21:24:11.417 [main] DEBUG o.h.p.w.spi.MetamodelGraphWalker - Visiting attribute path : renewals
21:24:11.417 [main] DEBUG o.h.p.w.spi.MetamodelGraphWalker - Visiting attribute path : startDate
21:24:11.417 [main] DEBUG o.h.l.p.b.i.FetchStyleLoadPlanBuildingAssociationVisitationStrategy - Building LoadPlan...
21:24:11.417 [main] DEBUG o.h.l.p.e.i.LoadQueryJoinAndFetchProcessor - processing queryspace <gen:0>
21:24:11.422 [main] DEBUG o.h.l.p.b.spi.LoadPlanTreePrinter - LoadPlan(entity=edu.ncsu.csc.itrust2.models.persistent.Prescription)
    - Returns
       - EntityReturnImpl(entity=edu.ncsu.csc.itrust2.models.persistent.Prescription, querySpaceUid=<gen:0>, path=edu.ncsu.csc.itrust2.models.persistent.Prescription)
          - EntityAttributeFetchImpl(entity=edu.ncsu.csc.itrust2.models.persistent.Drug, querySpaceUid=<gen:1>, path=edu.ncsu.csc.itrust2.models.persistent.Prescription.drug)
          - EntityAttributeFetchImpl(entity=edu.ncsu.csc.itrust2.models.persistent.User, querySpaceUid=<gen:2>, path=edu.ncsu.csc.itrust2.models.persistent.Prescription.patient)
    - QuerySpaces
       - EntityQuerySpaceImpl(uid=<gen:0>, entity=edu.ncsu.csc.itrust2.models.persistent.Prescription)
          - SQL table alias mapping - prescripti0_
          - alias suffix - 0_
          - suffixed key columns - {id1_14_0_}

21:24:11.422 [main] DEBUG o.h.loader.entity.plan.EntityLoader - Static select for entity edu.ncsu.csc.itrust2.models.persistent.Prescription [OPTIMISTIC]: select prescripti0_.id as id1_14_0_, prescripti0_.dosage as dosage2_14_0_, prescripti0_.drug_id as drug_id6_14_0_, prescripti0_.endDate as endDate3_14_0_, prescripti0_.patient_id as patient_7_14_0_, prescripti0_.renewals as renewals4_14_0_, prescripti0_.startDate as startDat5_14_0_ from Prescriptions prescripti0_ where prescripti0_.id=?
21:24:11.423 [main] DEBUG o.h.l.p.b.i.spaces.QuerySpacesImpl - Adding QuerySpace : uid = <gen:0> -> org.hibernate.loader.plan.build.internal.spaces.EntityQuerySpaceImpl@371ce7e4]
21:24:11.423 [main] DEBUG o.h.p.w.spi.MetamodelGraphWalker - Visiting attribute path : dosage
21:24:11.423 [main] DEBUG o.h.p.w.spi.MetamodelGraphWalker - Visiting attribute path : drug
21:24:11.423 [main] DEBUG o.h.l.p.b.i.spaces.QuerySpacesImpl - Adding QuerySpace : uid = <gen:1> -> org.hibernate.loader.plan.build.internal.spaces.EntityQuerySpaceImpl@18f2f742]
21:24:11.423 [main] DEBUG o.h.p.w.spi.MetamodelGraphWalker - Visiting attribute path : endDate
21:24:11.423 [main] DEBUG o.h.p.w.spi.MetamodelGraphWalker - Visiting attribute path : patient
21:24:11.423 [main] DEBUG o.h.l.p.b.i.spaces.QuerySpacesImpl - Adding QuerySpace : uid = <gen:2> -> org.hibernate.loader.plan.build.internal.spaces.EntityQuerySpaceImpl@131be1ea]
21:24:11.424 [main] DEBUG o.h.p.w.spi.MetamodelGraphWalker - Visiting attribute path : renewals
21:24:11.424 [main] DEBUG o.h.p.w.spi.MetamodelGraphWalker - Visiting attribute path : startDate
21:24:11.424 [main] DEBUG o.h.l.p.b.i.FetchStyleLoadPlanBuildingAssociationVisitationStrategy - Building LoadPlan...
21:24:11.424 [main] DEBUG o.h.l.p.e.i.LoadQueryJoinAndFetchProcessor - processing queryspace <gen:0>
21:24:11.424 [main] DEBUG o.h.l.p.b.spi.LoadPlanTreePrinter - LoadPlan(entity=edu.ncsu.csc.itrust2.models.persistent.Prescription)
    - Returns
       - EntityReturnImpl(entity=edu.ncsu.csc.itrust2.models.persistent.Prescription, querySpaceUid=<gen:0>, path=edu.ncsu.csc.itrust2.models.persistent.Prescription)
          - EntityAttributeFetchImpl(entity=edu.ncsu.csc.itrust2.models.persistent.Drug, querySpaceUid=<gen:1>, path=edu.ncsu.csc.itrust2.models.persistent.Prescription.drug)
          - EntityAttributeFetchImpl(entity=edu.ncsu.csc.itrust2.models.persistent.User, querySpaceUid=<gen:2>, path=edu.ncsu.csc.itrust2.models.persistent.Prescription.patient)
    - QuerySpaces
       - EntityQuerySpaceImpl(uid=<gen:0>, entity=edu.ncsu.csc.itrust2.models.persistent.Prescription)
          - SQL table alias mapping - prescripti0_
          - alias suffix - 0_
          - suffixed key columns - {id1_14_0_}

21:24:11.425 [main] DEBUG o.h.loader.entity.plan.EntityLoader - Static select for entity edu.ncsu.csc.itrust2.models.persistent.Prescription [OPTIMISTIC_FORCE_INCREMENT]: select prescripti0_.id as id1_14_0_, prescripti0_.dosage as dosage2_14_0_, prescripti0_.drug_id as drug_id6_14_0_, prescripti0_.endDate as endDate3_14_0_, prescripti0_.patient_id as patient_7_14_0_, prescripti0_.renewals as renewals4_14_0_, prescripti0_.startDate as startDat5_14_0_ from Prescriptions prescripti0_ where prescripti0_.id=?
21:24:11.432 [main] DEBUG org.hibernate.loader.Loader - Static select for action ACTION_MERGE on entity edu.ncsu.csc.itrust2.models.persistent.Prescription: select prescripti0_.id as id1_14_0_, prescripti0_.dosage as dosage2_14_0_, prescripti0_.drug_id as drug_id6_14_0_, prescripti0_.endDate as endDate3_14_0_, prescripti0_.patient_id as patient_7_14_0_, prescripti0_.renewals as renewals4_14_0_, prescripti0_.startDate as startDat5_14_0_ from Prescriptions prescripti0_ where prescripti0_.id=?
21:24:11.433 [main] DEBUG org.hibernate.loader.Loader - Static select for action ACTION_REFRESH on entity edu.ncsu.csc.itrust2.models.persistent.Prescription: select prescripti0_.id as id1_14_0_, prescripti0_.dosage as dosage2_14_0_, prescripti0_.drug_id as drug_id6_14_0_, prescripti0_.endDate as endDate3_14_0_, prescripti0_.patient_id as patient_7_14_0_, prescripti0_.renewals as renewals4_14_0_, prescripti0_.startDate as startDat5_14_0_ from Prescriptions prescripti0_ where prescripti0_.id=?
21:24:11.455 [main] DEBUG o.h.l.p.b.i.spaces.QuerySpacesImpl - Adding QuerySpace : uid = <gen:0> -> org.hibernate.loader.plan.build.internal.spaces.CollectionQuerySpaceImpl@2646961c]
21:24:11.456 [main] DEBUG o.h.l.p.b.i.spaces.QuerySpacesImpl - Adding QuerySpace : uid = <gen:1> -> org.hibernate.loader.plan.build.internal.spaces.EntityQuerySpaceImpl@2cdd1b87]
21:24:11.456 [main] DEBUG o.h.p.w.spi.MetamodelGraphWalker - Visiting attribute path : dosage
21:24:11.456 [main] DEBUG o.h.p.w.spi.MetamodelGraphWalker - Visiting attribute path : drug
21:24:11.456 [main] DEBUG o.h.l.p.b.i.spaces.QuerySpacesImpl - Adding QuerySpace : uid = <gen:2> -> org.hibernate.loader.plan.build.internal.spaces.EntityQuerySpaceImpl@3180b2eb]
21:24:11.460 [main] DEBUG o.h.p.w.spi.MetamodelGraphWalker - Visiting attribute path : drug.code
21:24:11.460 [main] DEBUG o.h.p.w.spi.MetamodelGraphWalker - Visiting attribute path : drug.description
21:24:11.460 [main] DEBUG o.h.p.w.spi.MetamodelGraphWalker - Visiting attribute path : drug.name
21:24:11.460 [main] DEBUG o.h.p.w.spi.MetamodelGraphWalker - Visiting attribute path : endDate
21:24:11.461 [main] DEBUG o.h.p.w.spi.MetamodelGraphWalker - Visiting attribute path : patient
21:24:11.462 [main] DEBUG o.h.l.p.b.i.spaces.QuerySpacesImpl - Adding QuerySpace : uid = <gen:3> -> org.hibernate.loader.plan.build.internal.spaces.EntityQuerySpaceImpl@6973cb98]
21:24:11.464 [main] DEBUG o.h.p.w.spi.MetamodelGraphWalker - Visiting attribute path : patient.enabled
21:24:11.465 [main] DEBUG o.h.p.w.spi.MetamodelGraphWalker - Visiting attribute path : patient.password
21:24:11.465 [main] DEBUG o.h.p.w.spi.MetamodelGraphWalker - Visiting attribute path : patient.role
21:24:11.465 [main] DEBUG o.h.p.w.spi.MetamodelGraphWalker - Visiting attribute path : renewals
21:24:11.465 [main] DEBUG o.h.p.w.spi.MetamodelGraphWalker - Visiting attribute path : startDate
21:24:11.465 [main] DEBUG o.h.l.p.b.i.FetchStyleLoadPlanBuildingAssociationVisitationStrategy - Building LoadPlan...
21:24:11.468 [main] DEBUG o.h.l.p.e.i.LoadQueryJoinAndFetchProcessor - processing queryspace <gen:0>
21:24:11.469 [main] DEBUG o.h.l.p.b.spi.LoadPlanTreePrinter - LoadPlan(collection=edu.ncsu.csc.itrust2.models.persistent.OfficeVisit.prescriptions)
    - Returns
       - CollectionReturnImpl(collection=edu.ncsu.csc.itrust2.models.persistent.OfficeVisit.prescriptions, querySpaceUid=<gen:0>, path=[edu.ncsu.csc.itrust2.models.persistent.OfficeVisit.prescriptions])
          - (collection element) CollectionFetchableElementEntityGraph(entity=edu.ncsu.csc.itrust2.models.persistent.Prescription, querySpaceUid=<gen:1>, path=[edu.ncsu.csc.itrust2.models.persistent.OfficeVisit.prescriptions].<elements>)
             - EntityAttributeFetchImpl(entity=edu.ncsu.csc.itrust2.models.persistent.Drug, querySpaceUid=<gen:2>, path=[edu.ncsu.csc.itrust2.models.persistent.OfficeVisit.prescriptions].<elements>.drug)
             - EntityAttributeFetchImpl(entity=edu.ncsu.csc.itrust2.models.persistent.User, querySpaceUid=<gen:3>, path=[edu.ncsu.csc.itrust2.models.persistent.OfficeVisit.prescriptions].<elements>.patient)
    - QuerySpaces
       - CollectionQuerySpaceImpl(uid=<gen:0>, collection=edu.ncsu.csc.itrust2.models.persistent.OfficeVisit.prescriptions)
          - SQL table alias mapping - prescripti0_
          - alias suffix - 0_
          - suffixed key columns - {prescrip8_14_0_}
          - entity-element alias suffix - 1_
          - 1_entity-element suffixed key columns - id1_14_1_
          - JOIN (JoinDefinedByMetadata(elements)) : <gen:0> -> <gen:1>
             - EntityQuerySpaceImpl(uid=<gen:1>, entity=edu.ncsu.csc.itrust2.models.persistent.Prescription)
                - SQL table alias mapping - prescripti0_
                - alias suffix - 1_
                - suffixed key columns - {id1_14_1_}
                - JOIN (JoinDefinedByMetadata(drug)) : <gen:1> -> <gen:2>
                   - EntityQuerySpaceImpl(uid=<gen:2>, entity=edu.ncsu.csc.itrust2.models.persistent.Drug)
                      - SQL table alias mapping - drug1_
                      - alias suffix - 2_
                      - suffixed key columns - {id1_3_2_}
                - JOIN (JoinDefinedByMetadata(patient)) : <gen:1> -> <gen:3>
                   - EntityQuerySpaceImpl(uid=<gen:3>, entity=edu.ncsu.csc.itrust2.models.persistent.User)
                      - SQL table alias mapping - user2_
                      - alias suffix - 3_
                      - suffixed key columns - {username1_15_3_}

21:24:11.470 [main] DEBUG o.h.l.c.plan.CollectionLoader - Static select for collection edu.ncsu.csc.itrust2.models.persistent.OfficeVisit.prescriptions: select prescripti0_.prescriptions_id as prescrip8_14_0_, prescripti0_.id as id1_14_0_, prescripti0_.id as id1_14_1_, prescripti0_.dosage as dosage2_14_1_, prescripti0_.drug_id as drug_id6_14_1_, prescripti0_.endDate as endDate3_14_1_, prescripti0_.patient_id as patient_7_14_1_, prescripti0_.renewals as renewals4_14_1_, prescripti0_.startDate as startDat5_14_1_, drug1_.id as id1_3_2_, drug1_.code as code2_3_2_, drug1_.description as descript3_3_2_, drug1_.name as name4_3_2_, user2_.username as username1_15_3_, user2_.enabled as enabled2_15_3_, user2_.password as password3_15_3_, user2_.role as role4_15_3_ from Prescriptions prescripti0_ inner join Drugs drug1_ on prescripti0_.drug_id=drug1_.id inner join Users user2_ on prescripti0_.patient_id=user2_.username where prescripti0_.prescriptions_id=?
21:24:11.470 [main] DEBUG o.h.internal.SessionFactoryImpl - Instantiated session factory
21:24:11.477 [main] INFO  o.h.tool.hbm2ddl.SchemaUpdate - HHH000228: Running hbm2ddl schema update
21:24:11.624 [main] DEBUG org.hibernate.mapping.Table - No alter strings for table : AppointmentRequests
21:24:11.695 [main] DEBUG org.hibernate.mapping.Table - No alter strings for table : BasicHealthMetrics
21:24:11.731 [main] DEBUG org.hibernate.mapping.Table - No alter strings for table : Diagnoses
21:24:11.754 [main] DEBUG org.hibernate.mapping.Table - No alter strings for table : Drugs
21:24:11.761 [main] DEBUG org.hibernate.mapping.Table - No alter strings for table : hibernate_sequence
21:24:11.791 [main] DEBUG org.hibernate.mapping.Table - No alter strings for table : Hospitals
21:24:11.815 [main] DEBUG org.hibernate.mapping.Table - No alter strings for table : ICDCodes
21:24:11.854 [main] DEBUG org.hibernate.mapping.Table - No alter strings for table : LogEntries
21:24:11.884 [main] DEBUG org.hibernate.mapping.Table - No alter strings for table : LoginAttempts
21:24:11.923 [main] DEBUG org.hibernate.mapping.Table - No alter strings for table : LoginBans
21:24:11.966 [main] DEBUG org.hibernate.mapping.Table - No alter strings for table : LoginLockouts
21:24:12.027 [main] DEBUG org.hibernate.mapping.Table - No alter strings for table : OfficeVisits
21:24:12.048 [main] DEBUG org.hibernate.mapping.Table - No alter strings for table : PasswordResetTokens
21:24:12.170 [main] DEBUG org.hibernate.mapping.Table - No alter strings for table : Patients
21:24:12.218 [main] DEBUG org.hibernate.mapping.Table - No alter strings for table : Personnel
21:24:12.254 [main] DEBUG org.hibernate.mapping.Table - No alter strings for table : Prescriptions
21:24:12.283 [main] DEBUG org.hibernate.mapping.Table - No alter strings for table : Users
21:24:12.692 [main] DEBUG o.h.e.t.j.p.i.JtaPlatformInitiator - No JtaPlatform was specified, checking resolver
21:24:12.693 [main] DEBUG o.h.e.t.j.p.i.JtaPlatformResolverInitiator - No JtaPlatformResolver was specified, using default [org.hibernate.engine.transaction.jta.platform.internal.StandardJtaPlatformResolver]
21:24:12.697 [main] DEBUG o.h.e.t.j.p.i.StandardJtaPlatformResolver - Could not resolve JtaPlatform, using default [org.hibernate.engine.transaction.jta.platform.internal.NoJtaPlatform]
21:24:12.715 [main] DEBUG o.h.internal.NamedQueryRepository - Checking 0 named HQL queries
21:24:12.715 [main] DEBUG o.h.internal.NamedQueryRepository - Checking 0 named SQL queries
21:24:12.721 [main] DEBUG o.h.internal.SessionFactoryRegistry - Initializing SessionFactoryRegistry : org.hibernate.internal.SessionFactoryRegistry@5cfd888f
21:24:12.723 [main] DEBUG o.h.internal.SessionFactoryRegistry - Registering SessionFactory: 1e25eae2-d839-4155-9c16-c544338551bf (<unnamed>)
21:24:12.723 [main] DEBUG o.h.internal.SessionFactoryRegistry - Not binding SessionFactory to JNDI, no JNDI name configured
21:24:12.975 [main] DEBUG o.h.s.internal.StatisticsInitiator - Statistics initialized [enabled=false]
21:24:12.976 [main] DEBUG o.h.e.t.internal.TransactionImpl - begin
21:24:13.054 [main] DEBUG org.hibernate.SQL - select this_.username as username1_15_0_, this_.enabled as enabled2_15_0_, this_.password as password3_15_0_, this_.role as role4_15_0_ from Users this_ where this_.username=?
Hibernate: select this_.username as username1_15_0_, this_.enabled as enabled2_15_0_, this_.password as password3_15_0_, this_.role as role4_15_0_ from Users this_ where this_.username=?
21:24:13.123 [main] DEBUG o.h.e.t.internal.TransactionImpl - committing
21:24:13.135 [main] DEBUG o.h.e.t.internal.TransactionImpl - begin
21:24:13.140 [main] DEBUG org.hibernate.SQL - select this_.id as id1_13_1_, this_.address1 as address2_13_1_, this_.address2 as address3_13_1_, this_.city as city4_13_1_, this_.email as email5_13_1_, this_.enabled as enabled6_13_1_, this_.firstName as firstNam7_13_1_, this_.lastName as lastName8_13_1_, this_.phone as phone9_13_1_, this_.self_id as self_id13_13_1_, this_.specialty as special10_13_1_, this_.state as state11_13_1_, this_.zip as zip12_13_1_, user2_.username as username1_15_0_, user2_.enabled as enabled2_15_0_, user2_.password as password3_15_0_, user2_.role as role4_15_0_ from Personnel this_ left outer join Users user2_ on this_.self_id=user2_.username where this_.self_id=?
Hibernate: select this_.id as id1_13_1_, this_.address1 as address2_13_1_, this_.address2 as address3_13_1_, this_.city as city4_13_1_, this_.email as email5_13_1_, this_.enabled as enabled6_13_1_, this_.firstName as firstNam7_13_1_, this_.lastName as lastName8_13_1_, this_.phone as phone9_13_1_, this_.self_id as self_id13_13_1_, this_.specialty as special10_13_1_, this_.state as state11_13_1_, this_.zip as zip12_13_1_, user2_.username as username1_15_0_, user2_.enabled as enabled2_15_0_, user2_.password as password3_15_0_, user2_.role as role4_15_0_ from Personnel this_ left outer join Users user2_ on this_.self_id=user2_.username where this_.self_id=?
21:24:13.157 [main] DEBUG o.h.e.t.internal.TransactionImpl - committing
21:24:13.165 [main] DEBUG o.h.e.t.internal.TransactionImpl - begin
21:24:13.227 [main] DEBUG org.hibernate.SQL - select next_val as id_val from hibernate_sequence for update
Hibernate: select next_val as id_val from hibernate_sequence for update
21:24:13.232 [main] DEBUG org.hibernate.SQL - update hibernate_sequence set next_val= ? where next_val=?
Hibernate: update hibernate_sequence set next_val= ? where next_val=?
21:24:13.239 [main] DEBUG o.h.e.i.AbstractSaveEventListener - Generated identifier: 3, using strategy: org.hibernate.id.enhanced.SequenceStyleGenerator
21:24:13.324 [main] DEBUG o.h.e.t.internal.TransactionImpl - committing
21:24:13.325 [main] DEBUG o.h.e.i.AbstractFlushingEventListener - Processing flush-time cascades
21:24:13.341 [main] DEBUG o.h.e.i.AbstractFlushingEventListener - Dirty checking collections
21:24:13.343 [main] DEBUG o.h.e.i.AbstractFlushingEventListener - Flushed: 1 insertions, 0 updates, 0 deletions to 1 objects
21:24:13.344 [main] DEBUG o.h.e.i.AbstractFlushingEventListener - Flushed: 0 (re)creations, 0 updates, 0 removals to 0 collections
21:24:13.345 [main] DEBUG o.h.internal.util.EntityPrinter - Listing entities:
21:24:13.346 [main] DEBUG o.h.internal.util.EntityPrinter - edu.ncsu.csc.itrust2.models.persistent.LogEntry{secondaryUser=null, logCode=12, primaryUser=SPRING_API_TEST_USER, id=3, time=java.util.GregorianCalendar[time=1521667453164,areFieldsSet=true,areAllFieldsSet=true,lenient=true,zone=sun.util.calendar.ZoneInfo[id="Etc/UTC",offset=0,dstSavings=0,useDaylight=false,transitions=0,lastRule=null],firstDayOfWeek=1,minimalDaysInFirstWeek=1,ERA=1,YEAR=2018,MONTH=2,WEEK_OF_YEAR=12,WEEK_OF_MONTH=4,DAY_OF_MONTH=21,DAY_OF_YEAR=80,DAY_OF_WEEK=4,DAY_OF_WEEK_IN_MONTH=3,AM_PM=1,HOUR=9,HOUR_OF_DAY=21,MINUTE=24,SECOND=13,MILLISECOND=164,ZONE_OFFSET=0,DST_OFFSET=0], message=null}
21:24:13.433 [main] DEBUG org.hibernate.SQL - insert into LogEntries (logCode, message, primaryUser, secondaryUser, time, id) values (?, ?, ?, ?, ?, ?)
Hibernate: insert into LogEntries (logCode, message, primaryUser, secondaryUser, time, id) values (?, ?, ?, ?, ?, ?)
21:24:13.454 [main] DEBUG o.h.e.j.internal.JdbcCoordinatorImpl - HHH000420: Closing un-released batch
21:24:13.542 [main] DEBUG o.s.t.w.s.TestDispatcherServlet - Null ModelAndView returned to DispatcherServlet with name '': assuming HandlerAdapter completed request handling
21:24:13.542 [main] DEBUG o.s.t.w.s.TestDispatcherServlet - Successfully completed request
21:24:13.546 [main] DEBUG o.s.b.f.s.DefaultListableBeanFactory - Returning cached instance of singleton bean 'loginAuditingListener'
21:24:13.546 [main] DEBUG o.s.b.f.s.DefaultListableBeanFactory - Returning cached instance of singleton bean 'delegatingApplicationListener'
21:24:13.581 [main] DEBUG o.s.t.c.s.AbstractDirtiesContextTestExecutionListener - After test method: context [DefaultTestContext@70c53dbe testClass = APIPersonnelTest, testInstance = edu.ncsu.csc.itrust2.apitest.APIPersonnelTest@374d09fa, testMethod = testGetNonExistentPersonnel@APIPersonnelTest, testException = java.lang.AssertionError: Status expected:<404> but was:<200>, mergedContextConfiguration = [WebMergedContextConfiguration@1894e40d testClass = APIPersonnelTest, locations = '{}', classes = '{class edu.ncsu.csc.itrust2.config.RootConfiguration, class edu.ncsu.csc.itrust2.mvc.config.WebMvcConfiguration}', contextInitializerClasses = '[]', activeProfiles = '{}', propertySourceLocations = '{}', propertySourceProperties = '{}', contextCustomizers = set[[empty]], resourceBasePath = 'src/main/webapp', contextLoader = 'org.springframework.test.context.web.WebDelegatingSmartContextLoader', parent = [null]]], class annotated with @DirtiesContext [false] with mode [null], method annotated with @DirtiesContext [false] with mode [null].
21:24:13.584 [main] DEBUG o.s.t.c.w.ServletTestExecutionListener - Resetting RequestContextHolder for test context [DefaultTestContext@70c53dbe testClass = APIPersonnelTest, testInstance = edu.ncsu.csc.itrust2.apitest.APIPersonnelTest@374d09fa, testMethod = testGetNonExistentPersonnel@APIPersonnelTest, testException = java.lang.AssertionError: Status expected:<404> but was:<200>, mergedContextConfiguration = [WebMergedContextConfiguration@1894e40d testClass = APIPersonnelTest, locations = '{}', classes = '{class edu.ncsu.csc.itrust2.config.RootConfiguration, class edu.ncsu.csc.itrust2.mvc.config.WebMvcConfiguration}', contextInitializerClasses = '[]', activeProfiles = '{}', propertySourceLocations = '{}', propertySourceProperties = '{}', contextCustomizers = set[[empty]], resourceBasePath = 'src/main/webapp', contextLoader = 'org.springframework.test.context.web.WebDelegatingSmartContextLoader', parent = [null]]].
]]></system-out>
    <system-err><![CDATA[Wed Mar 21 21:24:02 UTC 2018 WARN: Establishing SSL connection without server's identity verification is not recommended. According to MySQL 5.5.45+, 5.6.26+ and 5.7.6+ requirements SSL connection must be established by default if explicit option isn't set. For compliance with existing applications not using SSL the verifyServerCertificate property is set to 'false'. You need either to explicitly disable SSL by setting useSSL=false, or set useSSL=true and provide truststore for server certificate verification.
Wed Mar 21 21:24:11 UTC 2018 WARN: Establishing SSL connection without server's identity verification is not recommended. According to MySQL 5.5.45+, 5.6.26+ and 5.7.6+ requirements SSL connection must be established by default if explicit option isn't set. For compliance with existing applications not using SSL the verifyServerCertificate property is set to 'false'. You need either to explicitly disable SSL by setting useSSL=false, or set useSSL=true and provide truststore for server certificate verification.
]]></system-err>
  </testcase>
  <testcase name="testPersonnelAPI" classname="edu.ncsu.csc.itrust2.apitest.APIPersonnelTest" time="0.644">
    <failure message="Status expected:&lt;200&gt; but was:&lt;404&gt;" type="java.lang.AssertionError"><![CDATA[java.lang.AssertionError: Status expected:<200> but was:<404>
	at edu.ncsu.csc.itrust2.apitest.APIPersonnelTest.testPersonnelAPI(APIPersonnelTest.java:100)
]]></failure>
    <system-out><![CDATA[21:24:13.638 [main] DEBUG o.s.t.annotation.ProfileValueUtils - Retrieved @ProfileValueSourceConfiguration [null] for test class [edu.ncsu.csc.itrust2.apitest.APIPersonnelTest]
21:24:13.639 [main] DEBUG o.s.t.annotation.ProfileValueUtils - Retrieved ProfileValueSource type [class org.springframework.test.annotation.SystemProfileValueSource] for class [edu.ncsu.csc.itrust2.apitest.APIPersonnelTest]
21:24:13.639 [main] DEBUG o.s.t.c.c.DefaultCacheAwareContextLoaderDelegate - Retrieved ApplicationContext from cache with key [[WebMergedContextConfiguration@1894e40d testClass = APIPersonnelTest, locations = '{}', classes = '{class edu.ncsu.csc.itrust2.config.RootConfiguration, class edu.ncsu.csc.itrust2.mvc.config.WebMvcConfiguration}', contextInitializerClasses = '[]', activeProfiles = '{}', propertySourceLocations = '{}', propertySourceProperties = '{}', contextCustomizers = set[[empty]], resourceBasePath = 'src/main/webapp', contextLoader = 'org.springframework.test.context.web.WebDelegatingSmartContextLoader', parent = [null]]]
21:24:13.640 [main] DEBUG o.springframework.test.context.cache - Spring test ApplicationContext cache statistics: [DefaultContextCache@2c0b29cf size = 1, maxSize = 32, parentContextCount = 0, hitCount = 2, missCount = 1]
21:24:13.641 [main] DEBUG o.s.t.c.w.ServletTestExecutionListener - Setting up MockHttpServletRequest, MockHttpServletResponse, ServletWebRequest, and RequestContextHolder for test context [DefaultTestContext@70c53dbe testClass = APIPersonnelTest, testInstance = edu.ncsu.csc.itrust2.apitest.APIPersonnelTest@5bbc201f, testMethod = [null], testException = [null], mergedContextConfiguration = [WebMergedContextConfiguration@1894e40d testClass = APIPersonnelTest, locations = '{}', classes = '{class edu.ncsu.csc.itrust2.config.RootConfiguration, class edu.ncsu.csc.itrust2.mvc.config.WebMvcConfiguration}', contextInitializerClasses = '[]', activeProfiles = '{}', propertySourceLocations = '{}', propertySourceProperties = '{}', contextCustomizers = set[[empty]], resourceBasePath = 'src/main/webapp', contextLoader = 'org.springframework.test.context.web.WebDelegatingSmartContextLoader', parent = [null]]].
21:24:13.642 [main] DEBUG o.s.t.c.s.DependencyInjectionTestExecutionListener - Performing dependency injection for test context [[DefaultTestContext@70c53dbe testClass = APIPersonnelTest, testInstance = edu.ncsu.csc.itrust2.apitest.APIPersonnelTest@5bbc201f, testMethod = [null], testException = [null], mergedContextConfiguration = [WebMergedContextConfiguration@1894e40d testClass = APIPersonnelTest, locations = '{}', classes = '{class edu.ncsu.csc.itrust2.config.RootConfiguration, class edu.ncsu.csc.itrust2.mvc.config.WebMvcConfiguration}', contextInitializerClasses = '[]', activeProfiles = '{}', propertySourceLocations = '{}', propertySourceProperties = '{}', contextCustomizers = set[[empty]], resourceBasePath = 'src/main/webapp', contextLoader = 'org.springframework.test.context.web.WebDelegatingSmartContextLoader', parent = [null]]]].
21:24:13.644 [main] DEBUG o.s.t.c.c.DefaultCacheAwareContextLoaderDelegate - Retrieved ApplicationContext from cache with key [[WebMergedContextConfiguration@1894e40d testClass = APIPersonnelTest, locations = '{}', classes = '{class edu.ncsu.csc.itrust2.config.RootConfiguration, class edu.ncsu.csc.itrust2.mvc.config.WebMvcConfiguration}', contextInitializerClasses = '[]', activeProfiles = '{}', propertySourceLocations = '{}', propertySourceProperties = '{}', contextCustomizers = set[[empty]], resourceBasePath = 'src/main/webapp', contextLoader = 'org.springframework.test.context.web.WebDelegatingSmartContextLoader', parent = [null]]]
21:24:13.644 [main] DEBUG o.springframework.test.context.cache - Spring test ApplicationContext cache statistics: [DefaultContextCache@2c0b29cf size = 1, maxSize = 32, parentContextCount = 0, hitCount = 3, missCount = 1]
21:24:13.645 [main] DEBUG o.s.b.f.annotation.InjectionMetadata - Processing injected element of bean 'edu.ncsu.csc.itrust2.apitest.APIPersonnelTest': AutowiredFieldElement for private org.springframework.web.context.WebApplicationContext edu.ncsu.csc.itrust2.apitest.APIPersonnelTest.context
21:24:13.649 [main] DEBUG o.s.t.c.s.AbstractDirtiesContextTestExecutionListener - Before test method: context [DefaultTestContext@70c53dbe testClass = APIPersonnelTest, testInstance = edu.ncsu.csc.itrust2.apitest.APIPersonnelTest@5bbc201f, testMethod = testPersonnelAPI@APIPersonnelTest, testException = [null], mergedContextConfiguration = [WebMergedContextConfiguration@1894e40d testClass = APIPersonnelTest, locations = '{}', classes = '{class edu.ncsu.csc.itrust2.config.RootConfiguration, class edu.ncsu.csc.itrust2.mvc.config.WebMvcConfiguration}', contextInitializerClasses = '[]', activeProfiles = '{}', propertySourceLocations = '{}', propertySourceProperties = '{}', contextCustomizers = set[[empty]], resourceBasePath = 'src/main/webapp', contextLoader = 'org.springframework.test.context.web.WebDelegatingSmartContextLoader', parent = [null]]], class annotated with @DirtiesContext [false] with mode [null], method annotated with @DirtiesContext [false] with mode [null].
21:24:13.650 [main] DEBUG o.s.t.w.s.TestDispatcherServlet - Initializing servlet ''
21:24:13.658 [main] DEBUG o.s.w.c.s.StandardServletEnvironment - Adding [servletConfigInitParams] PropertySource with lowest search precedence
21:24:13.658 [main] DEBUG o.s.w.c.s.StandardServletEnvironment - Adding [servletContextInitParams] PropertySource with lowest search precedence
21:24:13.658 [main] DEBUG o.s.w.c.s.StandardServletEnvironment - Adding [systemProperties] PropertySource with lowest search precedence
21:24:13.659 [main] DEBUG o.s.w.c.s.StandardServletEnvironment - Adding [systemEnvironment] PropertySource with lowest search precedence
21:24:13.659 [main] DEBUG o.s.w.c.s.StandardServletEnvironment - Initialized StandardServletEnvironment with PropertySources [servletConfigInitParams,servletContextInitParams,systemProperties,systemEnvironment]
21:24:13.659 [main] INFO  o.s.mock.web.MockServletContext - Initializing Spring FrameworkServlet ''
21:24:13.659 [main] INFO  o.s.t.w.s.TestDispatcherServlet - FrameworkServlet '': initialization started
21:24:13.660 [main] DEBUG o.s.t.w.s.TestDispatcherServlet - Unable to locate MultipartResolver with name 'multipartResolver': no multipart request handling provided
21:24:13.660 [main] DEBUG o.s.b.f.s.DefaultListableBeanFactory - Creating instance of bean 'org.springframework.web.servlet.i18n.AcceptHeaderLocaleResolver'
21:24:13.661 [main] DEBUG o.s.b.f.s.DefaultListableBeanFactory - Finished creating instance of bean 'org.springframework.web.servlet.i18n.AcceptHeaderLocaleResolver'
21:24:13.661 [main] DEBUG o.s.t.w.s.TestDispatcherServlet - Unable to locate LocaleResolver with name 'localeResolver': using default [org.springframework.web.servlet.i18n.AcceptHeaderLocaleResolver@69c95fb6]
21:24:13.661 [main] DEBUG o.s.b.f.s.DefaultListableBeanFactory - Creating instance of bean 'org.springframework.web.servlet.theme.FixedThemeResolver'
21:24:13.663 [main] DEBUG o.s.b.f.s.DefaultListableBeanFactory - Finished creating instance of bean 'org.springframework.web.servlet.theme.FixedThemeResolver'
21:24:13.663 [main] DEBUG o.s.t.w.s.TestDispatcherServlet - Unable to locate ThemeResolver with name 'themeResolver': using default [org.springframework.web.servlet.theme.FixedThemeResolver@49be79b1]
21:24:13.664 [main] DEBUG o.s.b.f.s.DefaultListableBeanFactory - Returning cached instance of singleton bean 'viewControllerHandlerMapping'
21:24:13.664 [main] DEBUG o.s.b.f.s.DefaultListableBeanFactory - Returning cached instance of singleton bean 'beanNameHandlerMapping'
21:24:13.664 [main] DEBUG o.s.b.f.s.DefaultListableBeanFactory - Returning cached instance of singleton bean 'resourceHandlerMapping'
21:24:13.664 [main] DEBUG o.s.b.f.s.DefaultListableBeanFactory - Returning cached instance of singleton bean 'defaultServletHandlerMapping'
21:24:13.664 [main] DEBUG o.s.b.f.s.DefaultListableBeanFactory - Returning cached instance of singleton bean 'requestMappingHandlerMapping'
21:24:13.665 [main] DEBUG o.s.b.f.s.DefaultListableBeanFactory - Returning cached instance of singleton bean 'requestMappingHandlerAdapter'
21:24:13.665 [main] DEBUG o.s.b.f.s.DefaultListableBeanFactory - Returning cached instance of singleton bean 'httpRequestHandlerAdapter'
21:24:13.665 [main] DEBUG o.s.b.f.s.DefaultListableBeanFactory - Returning cached instance of singleton bean 'simpleControllerHandlerAdapter'
21:24:13.665 [main] DEBUG o.s.b.f.s.DefaultListableBeanFactory - Returning cached instance of singleton bean 'handlerExceptionResolver'
21:24:13.670 [main] DEBUG o.s.b.f.s.DefaultListableBeanFactory - Creating instance of bean 'org.springframework.web.servlet.view.DefaultRequestToViewNameTranslator'
21:24:13.671 [main] DEBUG o.s.b.f.s.DefaultListableBeanFactory - Finished creating instance of bean 'org.springframework.web.servlet.view.DefaultRequestToViewNameTranslator'
21:24:13.671 [main] DEBUG o.s.t.w.s.TestDispatcherServlet - Unable to locate RequestToViewNameTranslator with name 'viewNameTranslator': using default [org.springframework.web.servlet.view.DefaultRequestToViewNameTranslator@73b80441]
21:24:13.671 [main] DEBUG o.s.b.f.s.DefaultListableBeanFactory - Returning cached instance of singleton bean 'mvcViewResolver'
21:24:13.671 [main] DEBUG o.s.b.f.s.DefaultListableBeanFactory - Returning cached instance of singleton bean 'viewResolver'
21:24:13.672 [main] DEBUG o.s.b.f.s.DefaultListableBeanFactory - Creating instance of bean 'org.springframework.web.servlet.support.SessionFlashMapManager'
21:24:13.672 [main] DEBUG o.s.b.f.s.DefaultListableBeanFactory - Finished creating instance of bean 'org.springframework.web.servlet.support.SessionFlashMapManager'
21:24:13.672 [main] DEBUG o.s.t.w.s.TestDispatcherServlet - Unable to locate FlashMapManager with name 'flashMapManager': using default [org.springframework.web.servlet.support.SessionFlashMapManager@50aa96dd]
21:24:13.672 [main] DEBUG o.s.t.w.s.TestDispatcherServlet - Published WebApplicationContext of servlet '' as ServletContext attribute with name [org.springframework.web.servlet.FrameworkServlet.CONTEXT.]
21:24:13.672 [main] INFO  o.s.t.w.s.TestDispatcherServlet - FrameworkServlet '': initialization completed in 12 ms
21:24:13.672 [main] DEBUG o.s.t.w.s.TestDispatcherServlet - Servlet '' configured successfully
21:24:13.677 [main] DEBUG o.s.t.w.s.TestDispatcherServlet - DispatcherServlet with name '' processing DELETE request for [/api/v1/personnel]
21:24:13.678 [main] DEBUG o.s.w.s.m.m.a.RequestMappingHandlerMapping - Looking up handler method for path /api/v1/personnel
21:24:13.713 [main] DEBUG o.s.w.s.m.m.a.ExceptionHandlerExceptionResolver - Resolving exception from handler [null]: org.springframework.web.HttpRequestMethodNotSupportedException: Request method 'DELETE' not supported
21:24:13.718 [main] DEBUG o.s.w.s.m.a.ResponseStatusExceptionResolver - Resolving exception from handler [null]: org.springframework.web.HttpRequestMethodNotSupportedException: Request method 'DELETE' not supported
21:24:13.718 [main] DEBUG o.s.w.s.m.s.DefaultHandlerExceptionResolver - Resolving exception from handler [null]: org.springframework.web.HttpRequestMethodNotSupportedException: Request method 'DELETE' not supported
21:24:13.721 [main] WARN  o.s.web.servlet.PageNotFound - Request method 'DELETE' not supported
21:24:13.723 [main] DEBUG o.s.t.w.s.TestDispatcherServlet - Null ModelAndView returned to DispatcherServlet with name '': assuming HandlerAdapter completed request handling
21:24:13.724 [main] DEBUG o.s.t.w.s.TestDispatcherServlet - Successfully completed request
21:24:13.763 [main] DEBUG o.s.t.w.s.TestDispatcherServlet - DispatcherServlet with name '' processing POST request for [/api/v1/users]
21:24:13.764 [main] DEBUG o.s.w.s.m.m.a.RequestMappingHandlerMapping - Looking up handler method for path /api/v1/users
21:24:13.774 [main] DEBUG o.s.w.s.m.m.a.RequestMappingHandlerMapping - Returning handler method [public org.springframework.http.ResponseEntity edu.ncsu.csc.itrust2.controllers.api.APIUserController.createUser(edu.ncsu.csc.itrust2.forms.admin.UserForm)]
21:24:13.775 [main] DEBUG o.s.b.f.s.DefaultListableBeanFactory - Returning cached instance of singleton bean 'APIUserController'
21:24:13.785 [main] DEBUG o.s.w.s.m.m.a.RequestResponseBodyMethodProcessor - Read [class edu.ncsu.csc.itrust2.forms.admin.UserForm] as "application/json" with [org.springframework.http.converter.json.GsonHttpMessageConverter@5807d]
21:24:13.996 [main] DEBUG o.h.e.t.internal.TransactionImpl - begin
21:24:13.999 [main] DEBUG org.hibernate.SQL - select this_.username as username1_15_0_, this_.enabled as enabled2_15_0_, this_.password as password3_15_0_, this_.role as role4_15_0_ from Users this_ where this_.username=?
Hibernate: select this_.username as username1_15_0_, this_.enabled as enabled2_15_0_, this_.password as password3_15_0_, this_.role as role4_15_0_ from Users this_ where this_.username=?
21:24:14.001 [main] DEBUG org.hibernate.loader.Loader - Result set row: 0
21:24:14.010 [main] DEBUG org.hibernate.loader.Loader - Result row: EntityKey[edu.ncsu.csc.itrust2.models.persistent.User#hcp]
21:24:14.029 [main] DEBUG o.h.engine.internal.TwoPhaseLoad - Resolving associations for [edu.ncsu.csc.itrust2.models.persistent.User#hcp]
21:24:14.030 [main] DEBUG o.h.engine.internal.TwoPhaseLoad - Done materializing entity [edu.ncsu.csc.itrust2.models.persistent.User#hcp]
21:24:14.031 [main] DEBUG o.h.e.t.internal.TransactionImpl - committing
21:24:14.031 [main] DEBUG o.h.e.i.AbstractFlushingEventListener - Processing flush-time cascades
21:24:14.031 [main] DEBUG o.h.e.i.AbstractFlushingEventListener - Dirty checking collections
21:24:14.032 [main] DEBUG o.h.e.i.AbstractFlushingEventListener - Flushed: 0 insertions, 0 updates, 0 deletions to 1 objects
21:24:14.033 [main] DEBUG o.h.e.i.AbstractFlushingEventListener - Flushed: 0 (re)creations, 0 updates, 0 removals to 0 collections
21:24:14.033 [main] DEBUG o.h.internal.util.EntityPrinter - Listing entities:
21:24:14.033 [main] DEBUG o.h.internal.util.EntityPrinter - edu.ncsu.csc.itrust2.models.persistent.User{password=$2a$10$EblZqNptyYvcLm/VwDCVAuBjzZOI7khzdyGPBr08PpIi0na624b8., role=ROLE_HCP, enabled=1, username=hcp}
21:24:14.060 [main] DEBUG o.s.w.s.m.m.a.HttpEntityMethodProcessor - Written [{"status":"failed","message":"User with the id hcp already exists"}] as "text/plain" using [org.springframework.http.converter.StringHttpMessageConverter@7fbbf219]
21:24:14.061 [main] DEBUG o.s.t.w.s.TestDispatcherServlet - Null ModelAndView returned to DispatcherServlet with name '': assuming HandlerAdapter completed request handling
21:24:14.063 [main] DEBUG o.s.t.w.s.TestDispatcherServlet - Successfully completed request
21:24:14.073 [main] DEBUG o.s.t.w.s.TestDispatcherServlet - DispatcherServlet with name '' processing POST request for [/api/v1/personnel]
21:24:14.074 [main] DEBUG o.s.w.s.m.m.a.RequestMappingHandlerMapping - Looking up handler method for path /api/v1/personnel
21:24:14.084 [main] DEBUG o.s.w.s.m.m.a.RequestMappingHandlerMapping - Returning handler method [public org.springframework.http.ResponseEntity edu.ncsu.csc.itrust2.controllers.api.APIPersonnelController.createPersonnel(edu.ncsu.csc.itrust2.forms.personnel.PersonnelForm)]
21:24:14.085 [main] DEBUG o.s.b.f.s.DefaultListableBeanFactory - Returning cached instance of singleton bean 'APIPersonnelController'
21:24:14.087 [main] DEBUG o.s.w.s.m.m.a.RequestResponseBodyMethodProcessor - Read [class edu.ncsu.csc.itrust2.forms.personnel.PersonnelForm] as "application/json" with [org.springframework.http.converter.json.GsonHttpMessageConverter@5807d]
21:24:14.091 [main] DEBUG o.h.e.t.internal.TransactionImpl - begin
21:24:14.095 [main] DEBUG org.hibernate.SQL - select this_.username as username1_15_0_, this_.enabled as enabled2_15_0_, this_.password as password3_15_0_, this_.role as role4_15_0_ from Users this_ where this_.username=?
Hibernate: select this_.username as username1_15_0_, this_.enabled as enabled2_15_0_, this_.password as password3_15_0_, this_.role as role4_15_0_ from Users this_ where this_.username=?
21:24:14.097 [main] DEBUG org.hibernate.loader.Loader - Result set row: 0
21:24:14.099 [main] DEBUG org.hibernate.loader.Loader - Result row: EntityKey[edu.ncsu.csc.itrust2.models.persistent.User#hcp]
21:24:14.100 [main] DEBUG o.h.engine.internal.TwoPhaseLoad - Resolving associations for [edu.ncsu.csc.itrust2.models.persistent.User#hcp]
21:24:14.102 [main] DEBUG o.h.engine.internal.TwoPhaseLoad - Done materializing entity [edu.ncsu.csc.itrust2.models.persistent.User#hcp]
21:24:14.103 [main] DEBUG o.h.e.t.internal.TransactionImpl - committing
21:24:14.103 [main] DEBUG o.h.e.i.AbstractFlushingEventListener - Processing flush-time cascades
21:24:14.103 [main] DEBUG o.h.e.i.AbstractFlushingEventListener - Dirty checking collections
21:24:14.104 [main] DEBUG o.h.e.i.AbstractFlushingEventListener - Flushed: 0 insertions, 0 updates, 0 deletions to 1 objects
21:24:14.104 [main] DEBUG o.h.e.i.AbstractFlushingEventListener - Flushed: 0 (re)creations, 0 updates, 0 removals to 0 collections
21:24:14.104 [main] DEBUG o.h.internal.util.EntityPrinter - Listing entities:
21:24:14.104 [main] DEBUG o.h.internal.util.EntityPrinter - edu.ncsu.csc.itrust2.models.persistent.User{password=$2a$10$EblZqNptyYvcLm/VwDCVAuBjzZOI7khzdyGPBr08PpIi0na624b8., role=ROLE_HCP, enabled=1, username=hcp}
21:24:14.108 [main] DEBUG o.h.e.t.internal.TransactionImpl - begin
21:24:14.114 [main] DEBUG org.hibernate.SQL - select this_.id as id1_13_1_, this_.address1 as address2_13_1_, this_.address2 as address3_13_1_, this_.city as city4_13_1_, this_.email as email5_13_1_, this_.enabled as enabled6_13_1_, this_.firstName as firstNam7_13_1_, this_.lastName as lastName8_13_1_, this_.phone as phone9_13_1_, this_.self_id as self_id13_13_1_, this_.specialty as special10_13_1_, this_.state as state11_13_1_, this_.zip as zip12_13_1_, user2_.username as username1_15_0_, user2_.enabled as enabled2_15_0_, user2_.password as password3_15_0_, user2_.role as role4_15_0_ from Personnel this_ left outer join Users user2_ on this_.self_id=user2_.username where this_.self_id=?
Hibernate: select this_.id as id1_13_1_, this_.address1 as address2_13_1_, this_.address2 as address3_13_1_, this_.city as city4_13_1_, this_.email as email5_13_1_, this_.enabled as enabled6_13_1_, this_.firstName as firstNam7_13_1_, this_.lastName as lastName8_13_1_, this_.phone as phone9_13_1_, this_.self_id as self_id13_13_1_, this_.specialty as special10_13_1_, this_.state as state11_13_1_, this_.zip as zip12_13_1_, user2_.username as username1_15_0_, user2_.enabled as enabled2_15_0_, user2_.password as password3_15_0_, user2_.role as role4_15_0_ from Personnel this_ left outer join Users user2_ on this_.self_id=user2_.username where this_.self_id=?
21:24:14.118 [main] DEBUG org.hibernate.loader.Loader - Result set row: 0
21:24:14.121 [main] DEBUG org.hibernate.loader.Loader - Result row: EntityKey[edu.ncsu.csc.itrust2.models.persistent.User#hcp], EntityKey[edu.ncsu.csc.itrust2.models.persistent.Personnel#1]
21:24:14.123 [main] DEBUG org.hibernate.loader.Loader - Result set row: 1
21:24:14.125 [main] DEBUG org.hibernate.loader.Loader - Result row: EntityKey[edu.ncsu.csc.itrust2.models.persistent.User#hcp], EntityKey[edu.ncsu.csc.itrust2.models.persistent.Personnel#2]
21:24:14.127 [main] DEBUG o.h.engine.internal.TwoPhaseLoad - Resolving associations for [edu.ncsu.csc.itrust2.models.persistent.User#hcp]
21:24:14.128 [main] DEBUG o.h.engine.internal.TwoPhaseLoad - Done materializing entity [edu.ncsu.csc.itrust2.models.persistent.User#hcp]
21:24:14.131 [main] DEBUG o.h.engine.internal.TwoPhaseLoad - Resolving associations for [edu.ncsu.csc.itrust2.models.persistent.Personnel#1]
21:24:14.143 [main] DEBUG o.h.engine.internal.TwoPhaseLoad - Done materializing entity [edu.ncsu.csc.itrust2.models.persistent.Personnel#1]
21:24:14.144 [main] DEBUG o.h.engine.internal.TwoPhaseLoad - Resolving associations for [edu.ncsu.csc.itrust2.models.persistent.Personnel#2]
21:24:14.145 [main] DEBUG o.h.engine.internal.TwoPhaseLoad - Done materializing entity [edu.ncsu.csc.itrust2.models.persistent.Personnel#2]
21:24:14.146 [main] DEBUG o.h.e.t.internal.TransactionImpl - committing
21:24:14.147 [main] DEBUG o.h.e.i.AbstractFlushingEventListener - Processing flush-time cascades
21:24:14.147 [main] DEBUG o.h.e.i.AbstractFlushingEventListener - Dirty checking collections
21:24:14.149 [main] DEBUG o.h.e.i.AbstractFlushingEventListener - Flushed: 0 insertions, 0 updates, 0 deletions to 3 objects
21:24:14.149 [main] DEBUG o.h.e.i.AbstractFlushingEventListener - Flushed: 0 (re)creations, 0 updates, 0 removals to 0 collections
21:24:14.150 [main] DEBUG o.h.internal.util.EntityPrinter - Listing entities:
21:24:14.151 [main] DEBUG o.h.internal.util.EntityPrinter - edu.ncsu.csc.itrust2.models.persistent.User{password=$2a$10$EblZqNptyYvcLm/VwDCVAuBjzZOI7khzdyGPBr08PpIi0na624b8., role=ROLE_HCP, enabled=1, username=hcp}
21:24:14.155 [main] DEBUG o.h.internal.util.EntityPrinter - edu.ncsu.csc.itrust2.models.persistent.Personnel{zip=12345, lastName=HCP, specialty=null, address2=null, city=town, address1=1234 Road St., enabled=null, firstName=HCP, phone=111-222-3333, self=edu.ncsu.csc.itrust2.models.persistent.User#hcp, id=1, state=AK, email=csc326.201.1@gmail.com}
21:24:14.155 [main] DEBUG o.h.internal.util.EntityPrinter - edu.ncsu.csc.itrust2.models.persistent.Personnel{zip=12345, lastName=HCP, specialty=null, address2=null, city=town, address1=1234 Road St., enabled=null, firstName=HCP, phone=111-222-3333, self=edu.ncsu.csc.itrust2.models.persistent.User#hcp, id=2, state=AK, email=csc326.201.1@gmail.com}
21:24:14.162 [main] DEBUG o.s.w.s.m.m.a.HttpEntityMethodProcessor - Written [{"status":"failed","message":"Personnel with the id edu.ncsu.csc.itrust2.models.persistent.User@6486c85d already exists"}] as "text/plain" using [org.springframework.http.converter.StringHttpMessageConverter@7fbbf219]
21:24:14.164 [main] DEBUG o.s.t.w.s.TestDispatcherServlet - Null ModelAndView returned to DispatcherServlet with name '': assuming HandlerAdapter completed request handling
21:24:14.164 [main] DEBUG o.s.t.w.s.TestDispatcherServlet - Successfully completed request
21:24:14.165 [main] DEBUG o.s.t.w.s.TestDispatcherServlet - DispatcherServlet with name '' processing POST request for [/api/v1/personnel]
21:24:14.166 [main] DEBUG o.s.w.s.m.m.a.RequestMappingHandlerMapping - Looking up handler method for path /api/v1/personnel
21:24:14.169 [main] DEBUG o.s.w.s.m.m.a.RequestMappingHandlerMapping - Returning handler method [public org.springframework.http.ResponseEntity edu.ncsu.csc.itrust2.controllers.api.APIPersonnelController.createPersonnel(edu.ncsu.csc.itrust2.forms.personnel.PersonnelForm)]
21:24:14.170 [main] DEBUG o.s.b.f.s.DefaultListableBeanFactory - Returning cached instance of singleton bean 'APIPersonnelController'
21:24:14.172 [main] DEBUG o.s.w.s.m.m.a.RequestResponseBodyMethodProcessor - Read [class edu.ncsu.csc.itrust2.forms.personnel.PersonnelForm] as "application/json" with [org.springframework.http.converter.json.GsonHttpMessageConverter@5807d]
21:24:14.174 [main] DEBUG o.h.e.t.internal.TransactionImpl - begin
21:24:14.178 [main] DEBUG org.hibernate.SQL - select this_.username as username1_15_0_, this_.enabled as enabled2_15_0_, this_.password as password3_15_0_, this_.role as role4_15_0_ from Users this_ where this_.username=?
Hibernate: select this_.username as username1_15_0_, this_.enabled as enabled2_15_0_, this_.password as password3_15_0_, this_.role as role4_15_0_ from Users this_ where this_.username=?
21:24:14.181 [main] DEBUG org.hibernate.loader.Loader - Result set row: 0
21:24:14.182 [main] DEBUG org.hibernate.loader.Loader - Result row: EntityKey[edu.ncsu.csc.itrust2.models.persistent.User#hcp]
21:24:14.183 [main] DEBUG o.h.engine.internal.TwoPhaseLoad - Resolving associations for [edu.ncsu.csc.itrust2.models.persistent.User#hcp]
21:24:14.184 [main] DEBUG o.h.engine.internal.TwoPhaseLoad - Done materializing entity [edu.ncsu.csc.itrust2.models.persistent.User#hcp]
21:24:14.185 [main] DEBUG o.h.e.t.internal.TransactionImpl - committing
21:24:14.186 [main] DEBUG o.h.e.i.AbstractFlushingEventListener - Processing flush-time cascades
21:24:14.186 [main] DEBUG o.h.e.i.AbstractFlushingEventListener - Dirty checking collections
21:24:14.187 [main] DEBUG o.h.e.i.AbstractFlushingEventListener - Flushed: 0 insertions, 0 updates, 0 deletions to 1 objects
21:24:14.188 [main] DEBUG o.h.e.i.AbstractFlushingEventListener - Flushed: 0 (re)creations, 0 updates, 0 removals to 0 collections
21:24:14.188 [main] DEBUG o.h.internal.util.EntityPrinter - Listing entities:
21:24:14.188 [main] DEBUG o.h.internal.util.EntityPrinter - edu.ncsu.csc.itrust2.models.persistent.User{password=$2a$10$EblZqNptyYvcLm/VwDCVAuBjzZOI7khzdyGPBr08PpIi0na624b8., role=ROLE_HCP, enabled=1, username=hcp}
21:24:14.190 [main] DEBUG o.h.e.t.internal.TransactionImpl - begin
21:24:14.195 [main] DEBUG org.hibernate.SQL - select this_.id as id1_13_1_, this_.address1 as address2_13_1_, this_.address2 as address3_13_1_, this_.city as city4_13_1_, this_.email as email5_13_1_, this_.enabled as enabled6_13_1_, this_.firstName as firstNam7_13_1_, this_.lastName as lastName8_13_1_, this_.phone as phone9_13_1_, this_.self_id as self_id13_13_1_, this_.specialty as special10_13_1_, this_.state as state11_13_1_, this_.zip as zip12_13_1_, user2_.username as username1_15_0_, user2_.enabled as enabled2_15_0_, user2_.password as password3_15_0_, user2_.role as role4_15_0_ from Personnel this_ left outer join Users user2_ on this_.self_id=user2_.username where this_.self_id=?
Hibernate: select this_.id as id1_13_1_, this_.address1 as address2_13_1_, this_.address2 as address3_13_1_, this_.city as city4_13_1_, this_.email as email5_13_1_, this_.enabled as enabled6_13_1_, this_.firstName as firstNam7_13_1_, this_.lastName as lastName8_13_1_, this_.phone as phone9_13_1_, this_.self_id as self_id13_13_1_, this_.specialty as special10_13_1_, this_.state as state11_13_1_, this_.zip as zip12_13_1_, user2_.username as username1_15_0_, user2_.enabled as enabled2_15_0_, user2_.password as password3_15_0_, user2_.role as role4_15_0_ from Personnel this_ left outer join Users user2_ on this_.self_id=user2_.username where this_.self_id=?
21:24:14.200 [main] DEBUG org.hibernate.loader.Loader - Result set row: 0
21:24:14.201 [main] DEBUG org.hibernate.loader.Loader - Result row: EntityKey[edu.ncsu.csc.itrust2.models.persistent.User#hcp], EntityKey[edu.ncsu.csc.itrust2.models.persistent.Personnel#1]
21:24:14.203 [main] DEBUG org.hibernate.loader.Loader - Result set row: 1
21:24:14.203 [main] DEBUG org.hibernate.loader.Loader - Result row: EntityKey[edu.ncsu.csc.itrust2.models.persistent.User#hcp], EntityKey[edu.ncsu.csc.itrust2.models.persistent.Personnel#2]
21:24:14.203 [main] DEBUG o.h.engine.internal.TwoPhaseLoad - Resolving associations for [edu.ncsu.csc.itrust2.models.persistent.User#hcp]
21:24:14.204 [main] DEBUG o.h.engine.internal.TwoPhaseLoad - Done materializing entity [edu.ncsu.csc.itrust2.models.persistent.User#hcp]
21:24:14.205 [main] DEBUG o.h.engine.internal.TwoPhaseLoad - Resolving associations for [edu.ncsu.csc.itrust2.models.persistent.Personnel#1]
21:24:14.206 [main] DEBUG o.h.engine.internal.TwoPhaseLoad - Done materializing entity [edu.ncsu.csc.itrust2.models.persistent.Personnel#1]
21:24:14.206 [main] DEBUG o.h.engine.internal.TwoPhaseLoad - Resolving associations for [edu.ncsu.csc.itrust2.models.persistent.Personnel#2]
21:24:14.206 [main] DEBUG o.h.engine.internal.TwoPhaseLoad - Done materializing entity [edu.ncsu.csc.itrust2.models.persistent.Personnel#2]
21:24:14.206 [main] DEBUG o.h.e.t.internal.TransactionImpl - committing
21:24:14.206 [main] DEBUG o.h.e.i.AbstractFlushingEventListener - Processing flush-time cascades
21:24:14.207 [main] DEBUG o.h.e.i.AbstractFlushingEventListener - Dirty checking collections
21:24:14.207 [main] DEBUG o.h.e.i.AbstractFlushingEventListener - Flushed: 0 insertions, 0 updates, 0 deletions to 3 objects
21:24:14.207 [main] DEBUG o.h.e.i.AbstractFlushingEventListener - Flushed: 0 (re)creations, 0 updates, 0 removals to 0 collections
21:24:14.207 [main] DEBUG o.h.internal.util.EntityPrinter - Listing entities:
21:24:14.207 [main] DEBUG o.h.internal.util.EntityPrinter - edu.ncsu.csc.itrust2.models.persistent.User{password=$2a$10$EblZqNptyYvcLm/VwDCVAuBjzZOI7khzdyGPBr08PpIi0na624b8., role=ROLE_HCP, enabled=1, username=hcp}
21:24:14.208 [main] DEBUG o.h.internal.util.EntityPrinter - edu.ncsu.csc.itrust2.models.persistent.Personnel{zip=12345, lastName=HCP, specialty=null, address2=null, city=town, address1=1234 Road St., enabled=null, firstName=HCP, phone=111-222-3333, self=edu.ncsu.csc.itrust2.models.persistent.User#hcp, id=1, state=AK, email=csc326.201.1@gmail.com}
21:24:14.209 [main] DEBUG o.h.internal.util.EntityPrinter - edu.ncsu.csc.itrust2.models.persistent.Personnel{zip=12345, lastName=HCP, specialty=null, address2=null, city=town, address1=1234 Road St., enabled=null, firstName=HCP, phone=111-222-3333, self=edu.ncsu.csc.itrust2.models.persistent.User#hcp, id=2, state=AK, email=csc326.201.1@gmail.com}
21:24:14.211 [main] DEBUG o.s.w.s.m.m.a.HttpEntityMethodProcessor - Written [{"status":"failed","message":"Personnel with the id edu.ncsu.csc.itrust2.models.persistent.User@6486c85d already exists"}] as "text/plain" using [org.springframework.http.converter.StringHttpMessageConverter@7fbbf219]
21:24:14.213 [main] DEBUG o.s.t.w.s.TestDispatcherServlet - Null ModelAndView returned to DispatcherServlet with name '': assuming HandlerAdapter completed request handling
21:24:14.213 [main] DEBUG o.s.t.w.s.TestDispatcherServlet - Successfully completed request
21:24:14.215 [main] DEBUG o.s.t.w.s.TestDispatcherServlet - DispatcherServlet with name '' processing GET request for [/api/v1/personnel]
21:24:14.216 [main] DEBUG o.s.w.s.m.m.a.RequestMappingHandlerMapping - Looking up handler method for path /api/v1/personnel
21:24:14.219 [main] DEBUG o.s.w.s.m.m.a.RequestMappingHandlerMapping - Returning handler method [public java.util.List<edu.ncsu.csc.itrust2.models.persistent.Personnel> edu.ncsu.csc.itrust2.controllers.api.APIPersonnelController.getPersonnel()]
21:24:14.219 [main] DEBUG o.s.b.f.s.DefaultListableBeanFactory - Returning cached instance of singleton bean 'APIPersonnelController'
21:24:14.219 [main] DEBUG o.s.t.w.s.TestDispatcherServlet - Last-Modified value for [/api/v1/personnel] is: -1
21:24:14.220 [main] DEBUG o.h.e.t.internal.TransactionImpl - begin
21:24:14.223 [main] DEBUG org.hibernate.SQL - select this_.id as id1_13_1_, this_.address1 as address2_13_1_, this_.address2 as address3_13_1_, this_.city as city4_13_1_, this_.email as email5_13_1_, this_.enabled as enabled6_13_1_, this_.firstName as firstNam7_13_1_, this_.lastName as lastName8_13_1_, this_.phone as phone9_13_1_, this_.self_id as self_id13_13_1_, this_.specialty as special10_13_1_, this_.state as state11_13_1_, this_.zip as zip12_13_1_, user2_.username as username1_15_0_, user2_.enabled as enabled2_15_0_, user2_.password as password3_15_0_, user2_.role as role4_15_0_ from Personnel this_ left outer join Users user2_ on this_.self_id=user2_.username
Hibernate: select this_.id as id1_13_1_, this_.address1 as address2_13_1_, this_.address2 as address3_13_1_, this_.city as city4_13_1_, this_.email as email5_13_1_, this_.enabled as enabled6_13_1_, this_.firstName as firstNam7_13_1_, this_.lastName as lastName8_13_1_, this_.phone as phone9_13_1_, this_.self_id as self_id13_13_1_, this_.specialty as special10_13_1_, this_.state as state11_13_1_, this_.zip as zip12_13_1_, user2_.username as username1_15_0_, user2_.enabled as enabled2_15_0_, user2_.password as password3_15_0_, user2_.role as role4_15_0_ from Personnel this_ left outer join Users user2_ on this_.self_id=user2_.username
21:24:14.225 [main] DEBUG org.hibernate.loader.Loader - Result set row: 0
21:24:14.226 [main] DEBUG org.hibernate.loader.Loader - Result row: EntityKey[edu.ncsu.csc.itrust2.models.persistent.User#hcp], EntityKey[edu.ncsu.csc.itrust2.models.persistent.Personnel#1]
21:24:14.226 [main] DEBUG org.hibernate.loader.Loader - Result set row: 1
21:24:14.227 [main] DEBUG org.hibernate.loader.Loader - Result row: EntityKey[edu.ncsu.csc.itrust2.models.persistent.User#hcp], EntityKey[edu.ncsu.csc.itrust2.models.persistent.Personnel#2]
21:24:14.228 [main] DEBUG o.h.engine.internal.TwoPhaseLoad - Resolving associations for [edu.ncsu.csc.itrust2.models.persistent.User#hcp]
21:24:14.228 [main] DEBUG o.h.engine.internal.TwoPhaseLoad - Done materializing entity [edu.ncsu.csc.itrust2.models.persistent.User#hcp]
21:24:14.229 [main] DEBUG o.h.engine.internal.TwoPhaseLoad - Resolving associations for [edu.ncsu.csc.itrust2.models.persistent.Personnel#1]
21:24:14.229 [main] DEBUG o.h.engine.internal.TwoPhaseLoad - Done materializing entity [edu.ncsu.csc.itrust2.models.persistent.Personnel#1]
21:24:14.229 [main] DEBUG o.h.engine.internal.TwoPhaseLoad - Resolving associations for [edu.ncsu.csc.itrust2.models.persistent.Personnel#2]
21:24:14.231 [main] DEBUG o.h.engine.internal.TwoPhaseLoad - Done materializing entity [edu.ncsu.csc.itrust2.models.persistent.Personnel#2]
21:24:14.231 [main] DEBUG o.h.e.t.internal.TransactionImpl - committing
21:24:14.231 [main] DEBUG o.h.e.i.AbstractFlushingEventListener - Processing flush-time cascades
21:24:14.231 [main] DEBUG o.h.e.i.AbstractFlushingEventListener - Dirty checking collections
21:24:14.232 [main] DEBUG o.h.e.i.AbstractFlushingEventListener - Flushed: 0 insertions, 0 updates, 0 deletions to 3 objects
21:24:14.233 [main] DEBUG o.h.e.i.AbstractFlushingEventListener - Flushed: 0 (re)creations, 0 updates, 0 removals to 0 collections
21:24:14.233 [main] DEBUG o.h.internal.util.EntityPrinter - Listing entities:
21:24:14.233 [main] DEBUG o.h.internal.util.EntityPrinter - edu.ncsu.csc.itrust2.models.persistent.User{password=$2a$10$EblZqNptyYvcLm/VwDCVAuBjzZOI7khzdyGPBr08PpIi0na624b8., role=ROLE_HCP, enabled=1, username=hcp}
21:24:14.233 [main] DEBUG o.h.internal.util.EntityPrinter - edu.ncsu.csc.itrust2.models.persistent.Personnel{zip=12345, lastName=HCP, specialty=null, address2=null, city=town, address1=1234 Road St., enabled=null, firstName=HCP, phone=111-222-3333, self=edu.ncsu.csc.itrust2.models.persistent.User#hcp, id=1, state=AK, email=csc326.201.1@gmail.com}
21:24:14.233 [main] DEBUG o.h.internal.util.EntityPrinter - edu.ncsu.csc.itrust2.models.persistent.Personnel{zip=12345, lastName=HCP, specialty=null, address2=null, city=town, address1=1234 Road St., enabled=null, firstName=HCP, phone=111-222-3333, self=edu.ncsu.csc.itrust2.models.persistent.User#hcp, id=2, state=AK, email=csc326.201.1@gmail.com}
21:24:14.245 [main] DEBUG o.s.w.s.m.m.a.RequestResponseBodyMethodProcessor - Written [[edu.ncsu.csc.itrust2.models.persistent.Personnel@2ca7a213, edu.ncsu.csc.itrust2.models.persistent.Personnel@4f1606ad]] as "application/json" using [org.springframework.http.converter.json.GsonHttpMessageConverter@5807d]
21:24:14.246 [main] DEBUG o.s.t.w.s.TestDispatcherServlet - Null ModelAndView returned to DispatcherServlet with name '': assuming HandlerAdapter completed request handling
21:24:14.246 [main] DEBUG o.s.t.w.s.TestDispatcherServlet - Successfully completed request
21:24:14.251 [main] DEBUG o.s.t.w.s.TestDispatcherServlet - DispatcherServlet with name '' processing GET request for [/api/v1/personnel/hcp]
21:24:14.252 [main] DEBUG o.s.w.s.m.m.a.RequestMappingHandlerMapping - Looking up handler method for path /api/v1/personnel/hcp
21:24:14.258 [main] DEBUG o.s.w.s.m.m.a.RequestMappingHandlerMapping - Returning handler method [public org.springframework.http.ResponseEntity edu.ncsu.csc.itrust2.controllers.api.APIPersonnelController.getPersonnel(java.lang.String)]
21:24:14.258 [main] DEBUG o.s.b.f.s.DefaultListableBeanFactory - Returning cached instance of singleton bean 'APIPersonnelController'
21:24:14.258 [main] DEBUG o.s.t.w.s.TestDispatcherServlet - Last-Modified value for [/api/v1/personnel/hcp] is: -1
21:24:14.258 [main] DEBUG o.h.e.t.internal.TransactionImpl - begin
21:24:14.259 [main] DEBUG org.hibernate.SQL - select this_.username as username1_15_0_, this_.enabled as enabled2_15_0_, this_.password as password3_15_0_, this_.role as role4_15_0_ from Users this_ where this_.username=?
Hibernate: select this_.username as username1_15_0_, this_.enabled as enabled2_15_0_, this_.password as password3_15_0_, this_.role as role4_15_0_ from Users this_ where this_.username=?
21:24:14.262 [main] DEBUG org.hibernate.loader.Loader - Result set row: 0
21:24:14.262 [main] DEBUG org.hibernate.loader.Loader - Result row: EntityKey[edu.ncsu.csc.itrust2.models.persistent.User#hcp]
21:24:14.262 [main] DEBUG o.h.engine.internal.TwoPhaseLoad - Resolving associations for [edu.ncsu.csc.itrust2.models.persistent.User#hcp]
21:24:14.263 [main] DEBUG o.h.engine.internal.TwoPhaseLoad - Done materializing entity [edu.ncsu.csc.itrust2.models.persistent.User#hcp]
21:24:14.264 [main] DEBUG o.h.e.t.internal.TransactionImpl - committing
21:24:14.264 [main] DEBUG o.h.e.i.AbstractFlushingEventListener - Processing flush-time cascades
21:24:14.264 [main] DEBUG o.h.e.i.AbstractFlushingEventListener - Dirty checking collections
21:24:14.265 [main] DEBUG o.h.e.i.AbstractFlushingEventListener - Flushed: 0 insertions, 0 updates, 0 deletions to 1 objects
21:24:14.266 [main] DEBUG o.h.e.i.AbstractFlushingEventListener - Flushed: 0 (re)creations, 0 updates, 0 removals to 0 collections
21:24:14.266 [main] DEBUG o.h.internal.util.EntityPrinter - Listing entities:
21:24:14.266 [main] DEBUG o.h.internal.util.EntityPrinter - edu.ncsu.csc.itrust2.models.persistent.User{password=$2a$10$EblZqNptyYvcLm/VwDCVAuBjzZOI7khzdyGPBr08PpIi0na624b8., role=ROLE_HCP, enabled=1, username=hcp}
21:24:14.267 [main] DEBUG o.h.e.t.internal.TransactionImpl - begin
21:24:14.268 [main] DEBUG org.hibernate.SQL - select this_.id as id1_13_1_, this_.address1 as address2_13_1_, this_.address2 as address3_13_1_, this_.city as city4_13_1_, this_.email as email5_13_1_, this_.enabled as enabled6_13_1_, this_.firstName as firstNam7_13_1_, this_.lastName as lastName8_13_1_, this_.phone as phone9_13_1_, this_.self_id as self_id13_13_1_, this_.specialty as special10_13_1_, this_.state as state11_13_1_, this_.zip as zip12_13_1_, user2_.username as username1_15_0_, user2_.enabled as enabled2_15_0_, user2_.password as password3_15_0_, user2_.role as role4_15_0_ from Personnel this_ left outer join Users user2_ on this_.self_id=user2_.username where this_.self_id=?
Hibernate: select this_.id as id1_13_1_, this_.address1 as address2_13_1_, this_.address2 as address3_13_1_, this_.city as city4_13_1_, this_.email as email5_13_1_, this_.enabled as enabled6_13_1_, this_.firstName as firstNam7_13_1_, this_.lastName as lastName8_13_1_, this_.phone as phone9_13_1_, this_.self_id as self_id13_13_1_, this_.specialty as special10_13_1_, this_.state as state11_13_1_, this_.zip as zip12_13_1_, user2_.username as username1_15_0_, user2_.enabled as enabled2_15_0_, user2_.password as password3_15_0_, user2_.role as role4_15_0_ from Personnel this_ left outer join Users user2_ on this_.self_id=user2_.username where this_.self_id=?
21:24:14.269 [main] DEBUG org.hibernate.loader.Loader - Result set row: 0
21:24:14.270 [main] DEBUG org.hibernate.loader.Loader - Result row: EntityKey[edu.ncsu.csc.itrust2.models.persistent.User#hcp], EntityKey[edu.ncsu.csc.itrust2.models.persistent.Personnel#1]
21:24:14.272 [main] DEBUG org.hibernate.loader.Loader - Result set row: 1
21:24:14.273 [main] DEBUG org.hibernate.loader.Loader - Result row: EntityKey[edu.ncsu.csc.itrust2.models.persistent.User#hcp], EntityKey[edu.ncsu.csc.itrust2.models.persistent.Personnel#2]
21:24:14.275 [main] DEBUG o.h.engine.internal.TwoPhaseLoad - Resolving associations for [edu.ncsu.csc.itrust2.models.persistent.User#hcp]
21:24:14.276 [main] DEBUG o.h.engine.internal.TwoPhaseLoad - Done materializing entity [edu.ncsu.csc.itrust2.models.persistent.User#hcp]
21:24:14.276 [main] DEBUG o.h.engine.internal.TwoPhaseLoad - Resolving associations for [edu.ncsu.csc.itrust2.models.persistent.Personnel#1]
21:24:14.277 [main] DEBUG o.h.engine.internal.TwoPhaseLoad - Done materializing entity [edu.ncsu.csc.itrust2.models.persistent.Personnel#1]
21:24:14.277 [main] DEBUG o.h.engine.internal.TwoPhaseLoad - Resolving associations for [edu.ncsu.csc.itrust2.models.persistent.Personnel#2]
21:24:14.280 [main] DEBUG o.h.engine.internal.TwoPhaseLoad - Done materializing entity [edu.ncsu.csc.itrust2.models.persistent.Personnel#2]
21:24:14.281 [main] DEBUG o.h.e.t.internal.TransactionImpl - committing
21:24:14.281 [main] DEBUG o.h.e.i.AbstractFlushingEventListener - Processing flush-time cascades
21:24:14.281 [main] DEBUG o.h.e.i.AbstractFlushingEventListener - Dirty checking collections
21:24:14.282 [main] DEBUG o.h.e.i.AbstractFlushingEventListener - Flushed: 0 insertions, 0 updates, 0 deletions to 3 objects
21:24:14.284 [main] DEBUG o.h.e.i.AbstractFlushingEventListener - Flushed: 0 (re)creations, 0 updates, 0 removals to 0 collections
21:24:14.284 [main] DEBUG o.h.internal.util.EntityPrinter - Listing entities:
21:24:14.284 [main] DEBUG o.h.internal.util.EntityPrinter - edu.ncsu.csc.itrust2.models.persistent.User{password=$2a$10$EblZqNptyYvcLm/VwDCVAuBjzZOI7khzdyGPBr08PpIi0na624b8., role=ROLE_HCP, enabled=1, username=hcp}
21:24:14.285 [main] DEBUG o.h.internal.util.EntityPrinter - edu.ncsu.csc.itrust2.models.persistent.Personnel{zip=12345, lastName=HCP, specialty=null, address2=null, city=town, address1=1234 Road St., enabled=null, firstName=HCP, phone=111-222-3333, self=edu.ncsu.csc.itrust2.models.persistent.User#hcp, id=1, state=AK, email=csc326.201.1@gmail.com}
21:24:14.285 [main] DEBUG o.h.internal.util.EntityPrinter - edu.ncsu.csc.itrust2.models.persistent.Personnel{zip=12345, lastName=HCP, specialty=null, address2=null, city=town, address1=1234 Road St., enabled=null, firstName=HCP, phone=111-222-3333, self=edu.ncsu.csc.itrust2.models.persistent.User#hcp, id=2, state=AK, email=csc326.201.1@gmail.com}
21:24:14.287 [main] DEBUG o.s.w.s.m.m.a.HttpEntityMethodProcessor - Written [{"status":"failed","message":"No personnel found for id hcp"}] as "text/plain" using [org.springframework.http.converter.StringHttpMessageConverter@7fbbf219]
21:24:14.288 [main] DEBUG o.s.t.w.s.TestDispatcherServlet - Null ModelAndView returned to DispatcherServlet with name '': assuming HandlerAdapter completed request handling
21:24:14.289 [main] DEBUG o.s.t.w.s.TestDispatcherServlet - Successfully completed request
21:24:14.289 [main] DEBUG o.s.t.c.s.AbstractDirtiesContextTestExecutionListener - After test method: context [DefaultTestContext@70c53dbe testClass = APIPersonnelTest, testInstance = edu.ncsu.csc.itrust2.apitest.APIPersonnelTest@5bbc201f, testMethod = testPersonnelAPI@APIPersonnelTest, testException = java.lang.AssertionError: Status expected:<200> but was:<404>, mergedContextConfiguration = [WebMergedContextConfiguration@1894e40d testClass = APIPersonnelTest, locations = '{}', classes = '{class edu.ncsu.csc.itrust2.config.RootConfiguration, class edu.ncsu.csc.itrust2.mvc.config.WebMvcConfiguration}', contextInitializerClasses = '[]', activeProfiles = '{}', propertySourceLocations = '{}', propertySourceProperties = '{}', contextCustomizers = set[[empty]], resourceBasePath = 'src/main/webapp', contextLoader = 'org.springframework.test.context.web.WebDelegatingSmartContextLoader', parent = [null]]], class annotated with @DirtiesContext [false] with mode [null], method annotated with @DirtiesContext [false] with mode [null].
21:24:14.290 [main] DEBUG o.s.t.c.w.ServletTestExecutionListener - Resetting RequestContextHolder for test context [DefaultTestContext@70c53dbe testClass = APIPersonnelTest, testInstance = edu.ncsu.csc.itrust2.apitest.APIPersonnelTest@5bbc201f, testMethod = testPersonnelAPI@APIPersonnelTest, testException = java.lang.AssertionError: Status expected:<200> but was:<404>, mergedContextConfiguration = [WebMergedContextConfiguration@1894e40d testClass = APIPersonnelTest, locations = '{}', classes = '{class edu.ncsu.csc.itrust2.config.RootConfiguration, class edu.ncsu.csc.itrust2.mvc.config.WebMvcConfiguration}', contextInitializerClasses = '[]', activeProfiles = '{}', propertySourceLocations = '{}', propertySourceProperties = '{}', contextCustomizers = set[[empty]], resourceBasePath = 'src/main/webapp', contextLoader = 'org.springframework.test.context.web.WebDelegatingSmartContextLoader', parent = [null]]].
]]></system-out>
  </testcase>
</testsuite>