<?xml version="1.0" encoding="UTF-8"?>
<testsuite xmlns:xsi="http://www.w3.org/2001/XMLSchema-instance" xsi:noNamespaceSchemaLocation="https://maven.apache.org/surefire/maven-surefire-plugin/xsd/surefire-test-report.xsd" name="edu.ncsu.csc.itrust2.apitest.APIPatientTest" time="0.544" tests="4" errors="0" skipped="0" failures="2">
  <properties>
    <property name="java.runtime.name" value="Java(TM) SE Runtime Environment"/>
    <property name="sun.boot.library.path" value="/usr/lib/jvm/java-8-oracle/jre/lib/amd64"/>
    <property name="java.vm.version" value="25.161-b12"/>
    <property name="java.vm.vendor" value="Oracle Corporation"/>
    <property name="maven.multiModuleProjectDirectory" value="/var/lib/jenkins/workspace/iTrust-Fuzz-Job/iTrust2-v2/iTrust/iTrust2"/>
    <property name="java.vendor.url" value="http://java.oracle.com/"/>
    <property name="path.separator" value=":"/>
    <property name="guice.disable.misplaced.annotation.check" value="true"/>
    <property name="java.vm.name" value="Java HotSpot(TM) 64-Bit Server VM"/>
    <property name="file.encoding.pkg" value="sun.io"/>
    <property name="user.country" value="US"/>
    <property name="sun.java.launcher" value="SUN_STANDARD"/>
    <property name="sun.os.patch.level" value="unknown"/>
    <property name="java.vm.specification.name" value="Java Virtual Machine Specification"/>
    <property name="user.dir" value="/var/lib/jenkins/workspace/iTrust-Fuzz-Job/iTrust2-v2/iTrust/iTrust2"/>
    <property name="java.runtime.version" value="1.8.0_161-b12"/>
    <property name="java.awt.graphicsenv" value="sun.awt.X11GraphicsEnvironment"/>
    <property name="java.endorsed.dirs" value="/usr/lib/jvm/java-8-oracle/jre/lib/endorsed"/>
    <property name="os.arch" value="amd64"/>
    <property name="java.io.tmpdir" value="/tmp"/>
    <property name="line.separator" value="&#10;"/>
    <property name="java.vm.specification.vendor" value="Oracle Corporation"/>
    <property name="os.name" value="Linux"/>
    <property name="classworlds.conf" value="/usr/share/maven/bin/m2.conf"/>
    <property name="sun.jnu.encoding" value="UTF-8"/>
    <property name="java.library.path" value="/usr/java/packages/lib/amd64:/usr/lib64:/lib64:/lib:/usr/lib"/>
    <property name="java.specification.name" value="Java Platform API Specification"/>
    <property name="java.class.version" value="52.0"/>
    <property name="sun.management.compiler" value="HotSpot 64-Bit Tiered Compilers"/>
    <property name="os.version" value="4.4.0-116-generic"/>
    <property name="user.home" value="/root"/>
    <property name="user.timezone" value="Etc/UTC"/>
    <property name="java.awt.printerjob" value="sun.print.PSPrinterJob"/>
    <property name="file.encoding" value="UTF-8"/>
    <property name="java.specification.version" value="1.8"/>
    <property name="user.name" value="root"/>
    <property name="java.class.path" value="/usr/share/maven/boot/plexus-classworlds-2.x.jar"/>
    <property name="java.vm.specification.version" value="1.8"/>
    <property name="sun.arch.data.model" value="64"/>
    <property name="java.home" value="/usr/lib/jvm/java-8-oracle/jre"/>
    <property name="sun.java.command" value="org.codehaus.plexus.classworlds.launcher.Launcher clean test verify checkstyle:checkstyle"/>
    <property name="java.specification.vendor" value="Oracle Corporation"/>
    <property name="user.language" value="en"/>
    <property name="awt.toolkit" value="sun.awt.X11.XToolkit"/>
    <property name="java.vm.info" value="mixed mode"/>
    <property name="java.version" value="1.8.0_161"/>
    <property name="java.ext.dirs" value="/usr/lib/jvm/java-8-oracle/jre/lib/ext:/usr/java/packages/lib/ext"/>
    <property name="securerandom.source" value="file:/dev/./urandom"/>
    <property name="sun.boot.class.path" value="/usr/lib/jvm/java-8-oracle/jre/lib/resources.jar:/usr/lib/jvm/java-8-oracle/jre/lib/rt.jar:/usr/lib/jvm/java-8-oracle/jre/lib/sunrsasign.jar:/usr/lib/jvm/java-8-oracle/jre/lib/jsse.jar:/usr/lib/jvm/java-8-oracle/jre/lib/jce.jar:/usr/lib/jvm/java-8-oracle/jre/lib/charsets.jar:/usr/lib/jvm/java-8-oracle/jre/lib/jfr.jar:/usr/lib/jvm/java-8-oracle/jre/classes"/>
    <property name="java.vendor" value="Oracle Corporation"/>
    <property name="maven.home" value="/usr/share/maven"/>
    <property name="file.separator" value="/"/>
    <property name="java.vendor.url.bug" value="http://bugreport.sun.com/bugreport/"/>
    <property name="sun.cpu.endian" value="little"/>
    <property name="sun.io.unicode.encoding" value="UnicodeLittle"/>
    <property name="sun.cpu.isalist" value=""/>
  </properties>
  <testcase name="testGetNonExistentPatient" classname="edu.ncsu.csc.itrust2.apitest.APIPatientTest" time="0.053">
    <failure message="Status expected:&lt;404&gt; but was:&lt;200&gt;" type="java.lang.AssertionError"><![CDATA[java.lang.AssertionError: Status expected:<404> but was:<200>
	at edu.ncsu.csc.itrust2.apitest.APIPatientTest.testGetNonExistentPatient(APIPatientTest.java:70)
]]></failure>
    <system-out><![CDATA[03:48:36.975 [main] DEBUG o.s.t.c.j.SpringJUnit4ClassRunner - SpringJUnit4ClassRunner constructor called with [class edu.ncsu.csc.itrust2.apitest.APIPatientTest]
03:48:36.975 [main] DEBUG o.s.test.context.BootstrapUtils - Instantiating CacheAwareContextLoaderDelegate from class [org.springframework.test.context.cache.DefaultCacheAwareContextLoaderDelegate]
03:48:36.975 [main] DEBUG o.s.test.context.BootstrapUtils - Instantiating BootstrapContext using constructor [public org.springframework.test.context.support.DefaultBootstrapContext(java.lang.Class,org.springframework.test.context.CacheAwareContextLoaderDelegate)]
03:48:36.975 [main] DEBUG o.s.test.context.BootstrapUtils - Instantiating TestContextBootstrapper for test class [edu.ncsu.csc.itrust2.apitest.APIPatientTest] from class [org.springframework.test.context.web.WebTestContextBootstrapper]
03:48:36.976 [main] DEBUG o.s.t.c.s.AbstractDelegatingSmartContextLoader - Delegating to AnnotationConfigWebContextLoader to process context configuration [ContextConfigurationAttributes@2ce020f2 declaringClass = 'edu.ncsu.csc.itrust2.apitest.APIPatientTest', classes = '{class edu.ncsu.csc.itrust2.config.RootConfiguration, class edu.ncsu.csc.itrust2.mvc.config.WebMvcConfiguration}', locations = '{}', inheritLocations = true, initializers = '{}', inheritInitializers = true, name = [null], contextLoaderClass = 'org.springframework.test.context.ContextLoader'].
03:48:36.977 [main] DEBUG o.s.t.c.support.ActiveProfilesUtils - Could not find an 'annotation declaring class' for annotation type [org.springframework.test.context.ActiveProfiles] and class [edu.ncsu.csc.itrust2.apitest.APIPatientTest]
03:48:36.978 [main] DEBUG o.s.t.c.w.WebTestContextBootstrapper - @TestExecutionListeners is not present for class [edu.ncsu.csc.itrust2.apitest.APIPatientTest]: using defaults.
03:48:36.979 [main] INFO  o.s.t.c.w.WebTestContextBootstrapper - Loaded default TestExecutionListener class names from location [META-INF/spring.factories]: [org.springframework.security.test.context.support.WithSecurityContextTestExecutionListener, org.springframework.test.context.web.ServletTestExecutionListener, org.springframework.test.context.support.DirtiesContextBeforeModesTestExecutionListener, org.springframework.test.context.support.DependencyInjectionTestExecutionListener, org.springframework.test.context.support.DirtiesContextTestExecutionListener, org.springframework.test.context.transaction.TransactionalTestExecutionListener, org.springframework.test.context.jdbc.SqlScriptsTestExecutionListener]
03:48:36.979 [main] INFO  o.s.t.c.w.WebTestContextBootstrapper - Using TestExecutionListeners: [org.springframework.test.context.web.ServletTestExecutionListener@4a848e28, org.springframework.test.context.support.DirtiesContextBeforeModesTestExecutionListener@98be6f8, org.springframework.test.context.support.DependencyInjectionTestExecutionListener@30cb770e, org.springframework.test.context.support.DirtiesContextTestExecutionListener@4848554b, org.springframework.test.context.transaction.TransactionalTestExecutionListener@26d377a4, org.springframework.test.context.jdbc.SqlScriptsTestExecutionListener@70b9f9a0, org.springframework.security.test.context.support.WithSecurityContextTestExecutionListener@1ba183be]
03:48:36.979 [main] DEBUG o.s.t.annotation.ProfileValueUtils - Retrieved @ProfileValueSourceConfiguration [null] for test class [edu.ncsu.csc.itrust2.apitest.APIPatientTest]
03:48:36.980 [main] DEBUG o.s.t.annotation.ProfileValueUtils - Retrieved ProfileValueSource type [class org.springframework.test.annotation.SystemProfileValueSource] for class [edu.ncsu.csc.itrust2.apitest.APIPatientTest]
03:48:36.980 [main] DEBUG o.s.t.annotation.ProfileValueUtils - Retrieved @ProfileValueSourceConfiguration [null] for test class [edu.ncsu.csc.itrust2.apitest.APIPatientTest]
03:48:36.980 [main] DEBUG o.s.t.annotation.ProfileValueUtils - Retrieved ProfileValueSource type [class org.springframework.test.annotation.SystemProfileValueSource] for class [edu.ncsu.csc.itrust2.apitest.APIPatientTest]
03:48:36.980 [main] DEBUG o.s.t.annotation.ProfileValueUtils - Retrieved @ProfileValueSourceConfiguration [null] for test class [edu.ncsu.csc.itrust2.apitest.APIPatientTest]
03:48:36.980 [main] DEBUG o.s.t.annotation.ProfileValueUtils - Retrieved ProfileValueSource type [class org.springframework.test.annotation.SystemProfileValueSource] for class [edu.ncsu.csc.itrust2.apitest.APIPatientTest]
03:48:36.981 [main] DEBUG o.s.t.c.s.AbstractDirtiesContextTestExecutionListener - Before test class: context [DefaultTestContext@11c96f8c testClass = APIPatientTest, testInstance = [null], testMethod = [null], testException = [null], mergedContextConfiguration = [WebMergedContextConfiguration@2c9a4446 testClass = APIPatientTest, locations = '{}', classes = '{class edu.ncsu.csc.itrust2.config.RootConfiguration, class edu.ncsu.csc.itrust2.mvc.config.WebMvcConfiguration}', contextInitializerClasses = '[]', activeProfiles = '{}', propertySourceLocations = '{}', propertySourceProperties = '{}', contextCustomizers = set[[empty]], resourceBasePath = 'src/main/webapp', contextLoader = 'org.springframework.test.context.web.WebDelegatingSmartContextLoader', parent = [null]]], class annotated with @DirtiesContext [false] with mode [null].
03:48:36.981 [main] DEBUG o.s.t.annotation.ProfileValueUtils - Retrieved @ProfileValueSourceConfiguration [null] for test class [edu.ncsu.csc.itrust2.apitest.APIPatientTest]
03:48:36.981 [main] DEBUG o.s.t.annotation.ProfileValueUtils - Retrieved ProfileValueSource type [class org.springframework.test.annotation.SystemProfileValueSource] for class [edu.ncsu.csc.itrust2.apitest.APIPatientTest]
03:48:36.981 [main] DEBUG o.s.t.c.c.DefaultCacheAwareContextLoaderDelegate - Retrieved ApplicationContext from cache with key [[WebMergedContextConfiguration@2c9a4446 testClass = APIPatientTest, locations = '{}', classes = '{class edu.ncsu.csc.itrust2.config.RootConfiguration, class edu.ncsu.csc.itrust2.mvc.config.WebMvcConfiguration}', contextInitializerClasses = '[]', activeProfiles = '{}', propertySourceLocations = '{}', propertySourceProperties = '{}', contextCustomizers = set[[empty]], resourceBasePath = 'src/main/webapp', contextLoader = 'org.springframework.test.context.web.WebDelegatingSmartContextLoader', parent = [null]]]
03:48:36.982 [main] DEBUG o.springframework.test.context.cache - Spring test ApplicationContext cache statistics: [DefaultContextCache@3bc22ada size = 1, maxSize = 32, parentContextCount = 0, hitCount = 11, missCount = 1]
03:48:36.982 [main] DEBUG o.s.t.c.w.ServletTestExecutionListener - Setting up MockHttpServletRequest, MockHttpServletResponse, ServletWebRequest, and RequestContextHolder for test context [DefaultTestContext@11c96f8c testClass = APIPatientTest, testInstance = edu.ncsu.csc.itrust2.apitest.APIPatientTest@1351dc8c, testMethod = [null], testException = [null], mergedContextConfiguration = [WebMergedContextConfiguration@2c9a4446 testClass = APIPatientTest, locations = '{}', classes = '{class edu.ncsu.csc.itrust2.config.RootConfiguration, class edu.ncsu.csc.itrust2.mvc.config.WebMvcConfiguration}', contextInitializerClasses = '[]', activeProfiles = '{}', propertySourceLocations = '{}', propertySourceProperties = '{}', contextCustomizers = set[[empty]], resourceBasePath = 'src/main/webapp', contextLoader = 'org.springframework.test.context.web.WebDelegatingSmartContextLoader', parent = [null]]].
03:48:36.982 [main] DEBUG o.s.t.c.s.DependencyInjectionTestExecutionListener - Performing dependency injection for test context [[DefaultTestContext@11c96f8c testClass = APIPatientTest, testInstance = edu.ncsu.csc.itrust2.apitest.APIPatientTest@1351dc8c, testMethod = [null], testException = [null], mergedContextConfiguration = [WebMergedContextConfiguration@2c9a4446 testClass = APIPatientTest, locations = '{}', classes = '{class edu.ncsu.csc.itrust2.config.RootConfiguration, class edu.ncsu.csc.itrust2.mvc.config.WebMvcConfiguration}', contextInitializerClasses = '[]', activeProfiles = '{}', propertySourceLocations = '{}', propertySourceProperties = '{}', contextCustomizers = set[[empty]], resourceBasePath = 'src/main/webapp', contextLoader = 'org.springframework.test.context.web.WebDelegatingSmartContextLoader', parent = [null]]]].
03:48:36.982 [main] DEBUG o.s.t.c.c.DefaultCacheAwareContextLoaderDelegate - Retrieved ApplicationContext from cache with key [[WebMergedContextConfiguration@2c9a4446 testClass = APIPatientTest, locations = '{}', classes = '{class edu.ncsu.csc.itrust2.config.RootConfiguration, class edu.ncsu.csc.itrust2.mvc.config.WebMvcConfiguration}', contextInitializerClasses = '[]', activeProfiles = '{}', propertySourceLocations = '{}', propertySourceProperties = '{}', contextCustomizers = set[[empty]], resourceBasePath = 'src/main/webapp', contextLoader = 'org.springframework.test.context.web.WebDelegatingSmartContextLoader', parent = [null]]]
03:48:36.982 [main] DEBUG o.springframework.test.context.cache - Spring test ApplicationContext cache statistics: [DefaultContextCache@3bc22ada size = 1, maxSize = 32, parentContextCount = 0, hitCount = 12, missCount = 1]
03:48:36.984 [main] DEBUG o.s.b.f.annotation.InjectionMetadata - Processing injected element of bean 'edu.ncsu.csc.itrust2.apitest.APIPatientTest': AutowiredFieldElement for private org.springframework.web.context.WebApplicationContext edu.ncsu.csc.itrust2.apitest.APIPatientTest.context
03:48:36.985 [main] DEBUG o.s.b.f.a.AutowiredAnnotationBeanPostProcessor - Autowiring by type from bean name 'edu.ncsu.csc.itrust2.apitest.APIPatientTest' to bean named 'org.springframework.web.context.support.GenericWebApplicationContext@37df14d1'
03:48:36.985 [main] DEBUG o.s.b.f.s.DefaultListableBeanFactory - Returning cached instance of singleton bean 'metaDataSourceAdvisor'
03:48:36.986 [main] DEBUG o.s.t.c.s.AbstractDirtiesContextTestExecutionListener - Before test method: context [DefaultTestContext@11c96f8c testClass = APIPatientTest, testInstance = edu.ncsu.csc.itrust2.apitest.APIPatientTest@1351dc8c, testMethod = testGetNonExistentPatient@APIPatientTest, testException = [null], mergedContextConfiguration = [WebMergedContextConfiguration@2c9a4446 testClass = APIPatientTest, locations = '{}', classes = '{class edu.ncsu.csc.itrust2.config.RootConfiguration, class edu.ncsu.csc.itrust2.mvc.config.WebMvcConfiguration}', contextInitializerClasses = '[]', activeProfiles = '{}', propertySourceLocations = '{}', propertySourceProperties = '{}', contextCustomizers = set[[empty]], resourceBasePath = 'src/main/webapp', contextLoader = 'org.springframework.test.context.web.WebDelegatingSmartContextLoader', parent = [null]]], class annotated with @DirtiesContext [false] with mode [null], method annotated with @DirtiesContext [false] with mode [null].
03:48:36.987 [main] DEBUG o.s.t.w.s.TestDispatcherServlet - Initializing servlet ''
03:48:36.987 [main] DEBUG o.s.w.c.s.StandardServletEnvironment - Adding [servletConfigInitParams] PropertySource with lowest search precedence
03:48:36.987 [main] DEBUG o.s.w.c.s.StandardServletEnvironment - Adding [servletContextInitParams] PropertySource with lowest search precedence
03:48:36.988 [main] DEBUG o.s.w.c.s.StandardServletEnvironment - Adding [systemProperties] PropertySource with lowest search precedence
03:48:36.988 [main] DEBUG o.s.w.c.s.StandardServletEnvironment - Adding [systemEnvironment] PropertySource with lowest search precedence
03:48:36.988 [main] DEBUG o.s.w.c.s.StandardServletEnvironment - Initialized StandardServletEnvironment with PropertySources [servletConfigInitParams,servletContextInitParams,systemProperties,systemEnvironment]
03:48:36.988 [main] INFO  o.s.mock.web.MockServletContext - Initializing Spring FrameworkServlet ''
03:48:36.988 [main] INFO  o.s.t.w.s.TestDispatcherServlet - FrameworkServlet '': initialization started
03:48:36.988 [main] DEBUG o.s.t.w.s.TestDispatcherServlet - Unable to locate MultipartResolver with name 'multipartResolver': no multipart request handling provided
03:48:36.988 [main] DEBUG o.s.b.f.s.DefaultListableBeanFactory - Creating instance of bean 'org.springframework.web.servlet.i18n.AcceptHeaderLocaleResolver'
03:48:36.989 [main] DEBUG o.s.b.f.s.DefaultListableBeanFactory - Finished creating instance of bean 'org.springframework.web.servlet.i18n.AcceptHeaderLocaleResolver'
03:48:36.989 [main] DEBUG o.s.t.w.s.TestDispatcherServlet - Unable to locate LocaleResolver with name 'localeResolver': using default [org.springframework.web.servlet.i18n.AcceptHeaderLocaleResolver@5e95ab37]
03:48:36.989 [main] DEBUG o.s.b.f.s.DefaultListableBeanFactory - Creating instance of bean 'org.springframework.web.servlet.theme.FixedThemeResolver'
03:48:36.989 [main] DEBUG o.s.b.f.s.DefaultListableBeanFactory - Finished creating instance of bean 'org.springframework.web.servlet.theme.FixedThemeResolver'
03:48:36.989 [main] DEBUG o.s.t.w.s.TestDispatcherServlet - Unable to locate ThemeResolver with name 'themeResolver': using default [org.springframework.web.servlet.theme.FixedThemeResolver@20537cd7]
03:48:36.989 [main] DEBUG o.s.b.f.s.DefaultListableBeanFactory - Returning cached instance of singleton bean 'requestMappingHandlerMapping'
03:48:36.989 [main] DEBUG o.s.b.f.s.DefaultListableBeanFactory - Returning cached instance of singleton bean 'viewControllerHandlerMapping'
03:48:36.990 [main] DEBUG o.s.b.f.s.DefaultListableBeanFactory - Returning cached instance of singleton bean 'beanNameHandlerMapping'
03:48:36.990 [main] DEBUG o.s.b.f.s.DefaultListableBeanFactory - Returning cached instance of singleton bean 'resourceHandlerMapping'
03:48:36.990 [main] DEBUG o.s.b.f.s.DefaultListableBeanFactory - Returning cached instance of singleton bean 'defaultServletHandlerMapping'
03:48:36.990 [main] DEBUG o.s.b.f.s.DefaultListableBeanFactory - Returning cached instance of singleton bean 'requestMappingHandlerAdapter'
03:48:36.990 [main] DEBUG o.s.b.f.s.DefaultListableBeanFactory - Returning cached instance of singleton bean 'httpRequestHandlerAdapter'
03:48:36.990 [main] DEBUG o.s.b.f.s.DefaultListableBeanFactory - Returning cached instance of singleton bean 'simpleControllerHandlerAdapter'
03:48:36.991 [main] DEBUG o.s.b.f.s.DefaultListableBeanFactory - Returning cached instance of singleton bean 'handlerExceptionResolver'
03:48:36.991 [main] DEBUG o.s.b.f.s.DefaultListableBeanFactory - Creating instance of bean 'org.springframework.web.servlet.view.DefaultRequestToViewNameTranslator'
03:48:36.991 [main] DEBUG o.s.b.f.s.DefaultListableBeanFactory - Finished creating instance of bean 'org.springframework.web.servlet.view.DefaultRequestToViewNameTranslator'
03:48:36.992 [main] DEBUG o.s.t.w.s.TestDispatcherServlet - Unable to locate RequestToViewNameTranslator with name 'viewNameTranslator': using default [org.springframework.web.servlet.view.DefaultRequestToViewNameTranslator@3d7b61ed]
03:48:36.992 [main] DEBUG o.s.b.f.s.DefaultListableBeanFactory - Returning cached instance of singleton bean 'mvcViewResolver'
03:48:36.992 [main] DEBUG o.s.b.f.s.DefaultListableBeanFactory - Returning cached instance of singleton bean 'viewResolver'
03:48:36.992 [main] DEBUG o.s.b.f.s.DefaultListableBeanFactory - Creating instance of bean 'org.springframework.web.servlet.support.SessionFlashMapManager'
03:48:36.992 [main] DEBUG o.s.b.f.s.DefaultListableBeanFactory - Finished creating instance of bean 'org.springframework.web.servlet.support.SessionFlashMapManager'
03:48:37.003 [main] DEBUG o.s.t.w.s.TestDispatcherServlet - Unable to locate FlashMapManager with name 'flashMapManager': using default [org.springframework.web.servlet.support.SessionFlashMapManager@69dc5c20]
03:48:37.004 [main] DEBUG o.s.t.w.s.TestDispatcherServlet - Published WebApplicationContext of servlet '' as ServletContext attribute with name [org.springframework.web.servlet.FrameworkServlet.CONTEXT.]
03:48:37.004 [main] INFO  o.s.t.w.s.TestDispatcherServlet - FrameworkServlet '': initialization completed in 16 ms
03:48:37.004 [main] DEBUG o.s.t.w.s.TestDispatcherServlet - Servlet '' configured successfully
03:48:37.005 [main] DEBUG o.s.t.w.s.TestDispatcherServlet - DispatcherServlet with name '' processing GET request for [/api/v1/patients/-1]
03:48:37.005 [main] DEBUG o.s.w.s.m.m.a.RequestMappingHandlerMapping - Looking up handler method for path /api/v1/patients/-1
03:48:37.006 [main] DEBUG o.s.w.s.m.m.a.RequestMappingHandlerMapping - Returning handler method [public org.springframework.http.ResponseEntity edu.ncsu.csc.itrust2.controllers.api.APIPatientController.getPatient(java.lang.String)]
03:48:37.006 [main] DEBUG o.s.b.f.s.DefaultListableBeanFactory - Returning cached instance of singleton bean 'APIPatientController'
03:48:37.006 [main] DEBUG o.s.t.w.s.TestDispatcherServlet - Last-Modified value for [/api/v1/patients/-1] is: -1
03:48:37.019 [main] DEBUG o.h.e.t.internal.TransactionImpl - begin
03:48:37.020 [main] DEBUG org.hibernate.SQL - select this_.username as username1_15_0_, this_.enabled as enabled2_15_0_, this_.password as password3_15_0_, this_.role as role4_15_0_ from Users this_ where this_.username=? and this_.role=?
Hibernate: select this_.username as username1_15_0_, this_.enabled as enabled2_15_0_, this_.password as password3_15_0_, this_.role as role4_15_0_ from Users this_ where this_.username=? and this_.role=?
03:48:37.024 [main] DEBUG o.h.e.t.internal.TransactionImpl - committing
03:48:37.024 [main] DEBUG o.h.e.t.internal.TransactionImpl - begin
03:48:37.026 [main] DEBUG org.hibernate.SQL - select this_.self_id as self_id18_12_2_, this_.address1 as address1_12_2_, this_.address2 as address2_12_2_, this_.bloodType as bloodTyp3_12_2_, this_.causeOfDeath as causeOfD4_12_2_, this_.city as city5_12_2_, this_.dateOfBirth as dateOfBi6_12_2_, this_.dateOfDeath as dateOfDe7_12_2_, this_.email as email8_12_2_, this_.ethnicity as ethnicit9_12_2_, this_.father_id as father_19_12_2_, this_.firstName as firstNa10_12_2_, this_.gender as gender11_12_2_, this_.id as id12_12_2_, this_.lastName as lastNam13_12_2_, this_.mother_id as mother_20_12_2_, this_.phone as phone14_12_2_, this_.preferredName as preferr15_12_2_, this_.state as state16_12_2_, this_.zip as zip17_12_2_, user2_.username as username1_15_0_, user2_.enabled as enabled2_15_0_, user2_.password as password3_15_0_, user2_.role as role4_15_0_, user3_.username as username1_15_1_, user3_.enabled as enabled2_15_1_, user3_.password as password3_15_1_, user3_.role as role4_15_1_ from Patients this_ left outer join Users user2_ on this_.father_id=user2_.username left outer join Users user3_ on this_.mother_id=user3_.username where this_.self_id=?
Hibernate: select this_.self_id as self_id18_12_2_, this_.address1 as address1_12_2_, this_.address2 as address2_12_2_, this_.bloodType as bloodTyp3_12_2_, this_.causeOfDeath as causeOfD4_12_2_, this_.city as city5_12_2_, this_.dateOfBirth as dateOfBi6_12_2_, this_.dateOfDeath as dateOfDe7_12_2_, this_.email as email8_12_2_, this_.ethnicity as ethnicit9_12_2_, this_.father_id as father_19_12_2_, this_.firstName as firstNa10_12_2_, this_.gender as gender11_12_2_, this_.id as id12_12_2_, this_.lastName as lastNam13_12_2_, this_.mother_id as mother_20_12_2_, this_.phone as phone14_12_2_, this_.preferredName as preferr15_12_2_, this_.state as state16_12_2_, this_.zip as zip17_12_2_, user2_.username as username1_15_0_, user2_.enabled as enabled2_15_0_, user2_.password as password3_15_0_, user2_.role as role4_15_0_, user3_.username as username1_15_1_, user3_.enabled as enabled2_15_1_, user3_.password as password3_15_1_, user3_.role as role4_15_1_ from Patients this_ left outer join Users user2_ on this_.father_id=user2_.username left outer join Users user3_ on this_.mother_id=user3_.username where this_.self_id=?
03:48:37.027 [main] DEBUG o.h.e.t.internal.TransactionImpl - committing
03:48:37.029 [main] DEBUG o.h.e.t.internal.TransactionImpl - begin
03:48:37.030 [main] DEBUG org.hibernate.SQL - select next_val as id_val from hibernate_sequence for update
Hibernate: select next_val as id_val from hibernate_sequence for update
03:48:37.030 [main] DEBUG org.hibernate.SQL - update hibernate_sequence set next_val= ? where next_val=?
Hibernate: update hibernate_sequence set next_val= ? where next_val=?
03:48:37.032 [main] DEBUG o.h.e.i.AbstractSaveEventListener - Generated identifier: 13, using strategy: org.hibernate.id.enhanced.SequenceStyleGenerator
03:48:37.032 [main] DEBUG o.h.e.t.internal.TransactionImpl - committing
03:48:37.032 [main] DEBUG o.h.e.i.AbstractFlushingEventListener - Processing flush-time cascades
03:48:37.032 [main] DEBUG o.h.e.i.AbstractFlushingEventListener - Dirty checking collections
03:48:37.033 [main] DEBUG o.h.e.i.AbstractFlushingEventListener - Flushed: 1 insertions, 0 updates, 0 deletions to 1 objects
03:48:37.033 [main] DEBUG o.h.e.i.AbstractFlushingEventListener - Flushed: 0 (re)creations, 0 updates, 0 removals to 0 collections
03:48:37.033 [main] DEBUG o.h.internal.util.EntityPrinter - Listing entities:
03:48:37.033 [main] DEBUG o.h.internal.util.EntityPrinter - edu.ncsu.csc.itrust2.models.persistent.LogEntry{secondaryUser=-1, logCode=53, primaryUser=SPRING_API_TEST_USER, id=13, time=java.util.GregorianCalendar[time=1521604117028,areFieldsSet=true,areAllFieldsSet=true,lenient=true,zone=sun.util.calendar.ZoneInfo[id="Etc/UTC",offset=0,dstSavings=0,useDaylight=false,transitions=0,lastRule=null],firstDayOfWeek=1,minimalDaysInFirstWeek=1,ERA=1,YEAR=2018,MONTH=2,WEEK_OF_YEAR=12,WEEK_OF_MONTH=4,DAY_OF_MONTH=21,DAY_OF_YEAR=80,DAY_OF_WEEK=4,DAY_OF_WEEK_IN_MONTH=3,AM_PM=0,HOUR=3,HOUR_OF_DAY=3,MINUTE=48,SECOND=37,MILLISECOND=28,ZONE_OFFSET=0,DST_OFFSET=0], message=HCP retrieved demographics for patient with username -1}
03:48:37.034 [main] DEBUG org.hibernate.SQL - insert into LogEntries (logCode, message, primaryUser, secondaryUser, time, id) values (?, ?, ?, ?, ?, ?)
Hibernate: insert into LogEntries (logCode, message, primaryUser, secondaryUser, time, id) values (?, ?, ?, ?, ?, ?)
03:48:37.035 [main] DEBUG o.h.e.j.internal.JdbcCoordinatorImpl - HHH000420: Closing un-released batch
03:48:37.037 [main] DEBUG o.s.t.w.s.TestDispatcherServlet - Null ModelAndView returned to DispatcherServlet with name '': assuming HandlerAdapter completed request handling
03:48:37.037 [main] DEBUG o.s.t.w.s.TestDispatcherServlet - Successfully completed request
03:48:37.037 [main] DEBUG o.s.t.c.s.AbstractDirtiesContextTestExecutionListener - After test method: context [DefaultTestContext@11c96f8c testClass = APIPatientTest, testInstance = edu.ncsu.csc.itrust2.apitest.APIPatientTest@1351dc8c, testMethod = testGetNonExistentPatient@APIPatientTest, testException = java.lang.AssertionError: Status expected:<404> but was:<200>, mergedContextConfiguration = [WebMergedContextConfiguration@2c9a4446 testClass = APIPatientTest, locations = '{}', classes = '{class edu.ncsu.csc.itrust2.config.RootConfiguration, class edu.ncsu.csc.itrust2.mvc.config.WebMvcConfiguration}', contextInitializerClasses = '[]', activeProfiles = '{}', propertySourceLocations = '{}', propertySourceProperties = '{}', contextCustomizers = set[[empty]], resourceBasePath = 'src/main/webapp', contextLoader = 'org.springframework.test.context.web.WebDelegatingSmartContextLoader', parent = [null]]], class annotated with @DirtiesContext [false] with mode [null], method annotated with @DirtiesContext [false] with mode [null].
03:48:37.038 [main] DEBUG o.s.t.c.w.ServletTestExecutionListener - Resetting RequestContextHolder for test context [DefaultTestContext@11c96f8c testClass = APIPatientTest, testInstance = edu.ncsu.csc.itrust2.apitest.APIPatientTest@1351dc8c, testMethod = testGetNonExistentPatient@APIPatientTest, testException = java.lang.AssertionError: Status expected:<404> but was:<200>, mergedContextConfiguration = [WebMergedContextConfiguration@2c9a4446 testClass = APIPatientTest, locations = '{}', classes = '{class edu.ncsu.csc.itrust2.config.RootConfiguration, class edu.ncsu.csc.itrust2.mvc.config.WebMvcConfiguration}', contextInitializerClasses = '[]', activeProfiles = '{}', propertySourceLocations = '{}', propertySourceProperties = '{}', contextCustomizers = set[[empty]], resourceBasePath = 'src/main/webapp', contextLoader = 'org.springframework.test.context.web.WebDelegatingSmartContextLoader', parent = [null]]].
]]></system-out>
  </testcase>
  <testcase name="testPatientAPI" classname="edu.ncsu.csc.itrust2.apitest.APIPatientTest" time="0.338">
    <failure message="Status expected:&lt;200&gt; but was:&lt;404&gt;" type="java.lang.AssertionError"><![CDATA[java.lang.AssertionError: Status expected:<200> but was:<404>
	at edu.ncsu.csc.itrust2.apitest.APIPatientTest.testPatientAPI(APIPatientTest.java:118)
]]></failure>
    <system-out><![CDATA[03:48:37.040 [main] DEBUG o.s.t.annotation.ProfileValueUtils - Retrieved @ProfileValueSourceConfiguration [null] for test class [edu.ncsu.csc.itrust2.apitest.APIPatientTest]
03:48:37.055 [main] DEBUG o.s.t.annotation.ProfileValueUtils - Retrieved ProfileValueSource type [class org.springframework.test.annotation.SystemProfileValueSource] for class [edu.ncsu.csc.itrust2.apitest.APIPatientTest]
03:48:37.056 [main] DEBUG o.s.t.c.c.DefaultCacheAwareContextLoaderDelegate - Retrieved ApplicationContext from cache with key [[WebMergedContextConfiguration@2c9a4446 testClass = APIPatientTest, locations = '{}', classes = '{class edu.ncsu.csc.itrust2.config.RootConfiguration, class edu.ncsu.csc.itrust2.mvc.config.WebMvcConfiguration}', contextInitializerClasses = '[]', activeProfiles = '{}', propertySourceLocations = '{}', propertySourceProperties = '{}', contextCustomizers = set[[empty]], resourceBasePath = 'src/main/webapp', contextLoader = 'org.springframework.test.context.web.WebDelegatingSmartContextLoader', parent = [null]]]
03:48:37.056 [main] DEBUG o.springframework.test.context.cache - Spring test ApplicationContext cache statistics: [DefaultContextCache@3bc22ada size = 1, maxSize = 32, parentContextCount = 0, hitCount = 13, missCount = 1]
03:48:37.057 [main] DEBUG o.s.t.c.w.ServletTestExecutionListener - Setting up MockHttpServletRequest, MockHttpServletResponse, ServletWebRequest, and RequestContextHolder for test context [DefaultTestContext@11c96f8c testClass = APIPatientTest, testInstance = edu.ncsu.csc.itrust2.apitest.APIPatientTest@3ef490fe, testMethod = [null], testException = [null], mergedContextConfiguration = [WebMergedContextConfiguration@2c9a4446 testClass = APIPatientTest, locations = '{}', classes = '{class edu.ncsu.csc.itrust2.config.RootConfiguration, class edu.ncsu.csc.itrust2.mvc.config.WebMvcConfiguration}', contextInitializerClasses = '[]', activeProfiles = '{}', propertySourceLocations = '{}', propertySourceProperties = '{}', contextCustomizers = set[[empty]], resourceBasePath = 'src/main/webapp', contextLoader = 'org.springframework.test.context.web.WebDelegatingSmartContextLoader', parent = [null]]].
03:48:37.057 [main] DEBUG o.s.t.c.s.DependencyInjectionTestExecutionListener - Performing dependency injection for test context [[DefaultTestContext@11c96f8c testClass = APIPatientTest, testInstance = edu.ncsu.csc.itrust2.apitest.APIPatientTest@3ef490fe, testMethod = [null], testException = [null], mergedContextConfiguration = [WebMergedContextConfiguration@2c9a4446 testClass = APIPatientTest, locations = '{}', classes = '{class edu.ncsu.csc.itrust2.config.RootConfiguration, class edu.ncsu.csc.itrust2.mvc.config.WebMvcConfiguration}', contextInitializerClasses = '[]', activeProfiles = '{}', propertySourceLocations = '{}', propertySourceProperties = '{}', contextCustomizers = set[[empty]], resourceBasePath = 'src/main/webapp', contextLoader = 'org.springframework.test.context.web.WebDelegatingSmartContextLoader', parent = [null]]]].
03:48:37.058 [main] DEBUG o.s.t.c.c.DefaultCacheAwareContextLoaderDelegate - Retrieved ApplicationContext from cache with key [[WebMergedContextConfiguration@2c9a4446 testClass = APIPatientTest, locations = '{}', classes = '{class edu.ncsu.csc.itrust2.config.RootConfiguration, class edu.ncsu.csc.itrust2.mvc.config.WebMvcConfiguration}', contextInitializerClasses = '[]', activeProfiles = '{}', propertySourceLocations = '{}', propertySourceProperties = '{}', contextCustomizers = set[[empty]], resourceBasePath = 'src/main/webapp', contextLoader = 'org.springframework.test.context.web.WebDelegatingSmartContextLoader', parent = [null]]]
03:48:37.058 [main] DEBUG o.springframework.test.context.cache - Spring test ApplicationContext cache statistics: [DefaultContextCache@3bc22ada size = 1, maxSize = 32, parentContextCount = 0, hitCount = 14, missCount = 1]
03:48:37.058 [main] DEBUG o.s.b.f.annotation.InjectionMetadata - Processing injected element of bean 'edu.ncsu.csc.itrust2.apitest.APIPatientTest': AutowiredFieldElement for private org.springframework.web.context.WebApplicationContext edu.ncsu.csc.itrust2.apitest.APIPatientTest.context
03:48:37.059 [main] DEBUG o.s.t.c.s.AbstractDirtiesContextTestExecutionListener - Before test method: context [DefaultTestContext@11c96f8c testClass = APIPatientTest, testInstance = edu.ncsu.csc.itrust2.apitest.APIPatientTest@3ef490fe, testMethod = testPatientAPI@APIPatientTest, testException = [null], mergedContextConfiguration = [WebMergedContextConfiguration@2c9a4446 testClass = APIPatientTest, locations = '{}', classes = '{class edu.ncsu.csc.itrust2.config.RootConfiguration, class edu.ncsu.csc.itrust2.mvc.config.WebMvcConfiguration}', contextInitializerClasses = '[]', activeProfiles = '{}', propertySourceLocations = '{}', propertySourceProperties = '{}', contextCustomizers = set[[empty]], resourceBasePath = 'src/main/webapp', contextLoader = 'org.springframework.test.context.web.WebDelegatingSmartContextLoader', parent = [null]]], class annotated with @DirtiesContext [false] with mode [null], method annotated with @DirtiesContext [false] with mode [null].
03:48:37.060 [main] DEBUG o.s.t.c.c.DefaultCacheAwareContextLoaderDelegate - Retrieved ApplicationContext from cache with key [[WebMergedContextConfiguration@2c9a4446 testClass = APIPatientTest, locations = '{}', classes = '{class edu.ncsu.csc.itrust2.config.RootConfiguration, class edu.ncsu.csc.itrust2.mvc.config.WebMvcConfiguration}', contextInitializerClasses = '[]', activeProfiles = '{}', propertySourceLocations = '{}', propertySourceProperties = '{}', contextCustomizers = set[[empty]], resourceBasePath = 'src/main/webapp', contextLoader = 'org.springframework.test.context.web.WebDelegatingSmartContextLoader', parent = [null]]]
03:48:37.060 [main] DEBUG o.springframework.test.context.cache - Spring test ApplicationContext cache statistics: [DefaultContextCache@3bc22ada size = 1, maxSize = 32, parentContextCount = 0, hitCount = 15, missCount = 1]
03:48:37.060 [main] DEBUG o.s.b.f.s.DefaultListableBeanFactory - Creating instance of bean 'org.springframework.security.test.context.support.WithMockUserSecurityContextFactory'
03:48:37.061 [main] DEBUG o.s.b.f.s.DefaultListableBeanFactory - Finished creating instance of bean 'org.springframework.security.test.context.support.WithMockUserSecurityContextFactory'
03:48:37.061 [main] DEBUG o.s.t.w.s.TestDispatcherServlet - Initializing servlet ''
03:48:37.061 [main] DEBUG o.s.w.c.s.StandardServletEnvironment - Adding [servletConfigInitParams] PropertySource with lowest search precedence
03:48:37.061 [main] DEBUG o.s.w.c.s.StandardServletEnvironment - Adding [servletContextInitParams] PropertySource with lowest search precedence
03:48:37.061 [main] DEBUG o.s.w.c.s.StandardServletEnvironment - Adding [systemProperties] PropertySource with lowest search precedence
03:48:37.062 [main] DEBUG o.s.w.c.s.StandardServletEnvironment - Adding [systemEnvironment] PropertySource with lowest search precedence
03:48:37.062 [main] DEBUG o.s.w.c.s.StandardServletEnvironment - Initialized StandardServletEnvironment with PropertySources [servletConfigInitParams,servletContextInitParams,systemProperties,systemEnvironment]
03:48:37.062 [main] INFO  o.s.mock.web.MockServletContext - Initializing Spring FrameworkServlet ''
03:48:37.062 [main] INFO  o.s.t.w.s.TestDispatcherServlet - FrameworkServlet '': initialization started
03:48:37.063 [main] DEBUG o.s.t.w.s.TestDispatcherServlet - Unable to locate MultipartResolver with name 'multipartResolver': no multipart request handling provided
03:48:37.063 [main] DEBUG o.s.b.f.s.DefaultListableBeanFactory - Creating instance of bean 'org.springframework.web.servlet.i18n.AcceptHeaderLocaleResolver'
03:48:37.064 [main] DEBUG o.s.b.f.s.DefaultListableBeanFactory - Finished creating instance of bean 'org.springframework.web.servlet.i18n.AcceptHeaderLocaleResolver'
03:48:37.064 [main] DEBUG o.s.t.w.s.TestDispatcherServlet - Unable to locate LocaleResolver with name 'localeResolver': using default [org.springframework.web.servlet.i18n.AcceptHeaderLocaleResolver@19fa4ce4]
03:48:37.064 [main] DEBUG o.s.b.f.s.DefaultListableBeanFactory - Creating instance of bean 'org.springframework.web.servlet.theme.FixedThemeResolver'
03:48:37.064 [main] DEBUG o.s.b.f.s.DefaultListableBeanFactory - Finished creating instance of bean 'org.springframework.web.servlet.theme.FixedThemeResolver'
03:48:37.064 [main] DEBUG o.s.t.w.s.TestDispatcherServlet - Unable to locate ThemeResolver with name 'themeResolver': using default [org.springframework.web.servlet.theme.FixedThemeResolver@550ec84e]
03:48:37.065 [main] DEBUG o.s.b.f.s.DefaultListableBeanFactory - Returning cached instance of singleton bean 'requestMappingHandlerMapping'
03:48:37.065 [main] DEBUG o.s.b.f.s.DefaultListableBeanFactory - Returning cached instance of singleton bean 'viewControllerHandlerMapping'
03:48:37.065 [main] DEBUG o.s.b.f.s.DefaultListableBeanFactory - Returning cached instance of singleton bean 'beanNameHandlerMapping'
03:48:37.065 [main] DEBUG o.s.b.f.s.DefaultListableBeanFactory - Returning cached instance of singleton bean 'resourceHandlerMapping'
03:48:37.065 [main] DEBUG o.s.b.f.s.DefaultListableBeanFactory - Returning cached instance of singleton bean 'defaultServletHandlerMapping'
03:48:37.066 [main] DEBUG o.s.b.f.s.DefaultListableBeanFactory - Returning cached instance of singleton bean 'requestMappingHandlerAdapter'
03:48:37.066 [main] DEBUG o.s.b.f.s.DefaultListableBeanFactory - Returning cached instance of singleton bean 'httpRequestHandlerAdapter'
03:48:37.066 [main] DEBUG o.s.b.f.s.DefaultListableBeanFactory - Returning cached instance of singleton bean 'simpleControllerHandlerAdapter'
03:48:37.066 [main] DEBUG o.s.b.f.s.DefaultListableBeanFactory - Returning cached instance of singleton bean 'handlerExceptionResolver'
03:48:37.068 [main] DEBUG o.s.b.f.s.DefaultListableBeanFactory - Creating instance of bean 'org.springframework.web.servlet.view.DefaultRequestToViewNameTranslator'
03:48:37.068 [main] DEBUG o.s.b.f.s.DefaultListableBeanFactory - Finished creating instance of bean 'org.springframework.web.servlet.view.DefaultRequestToViewNameTranslator'
03:48:37.068 [main] DEBUG o.s.t.w.s.TestDispatcherServlet - Unable to locate RequestToViewNameTranslator with name 'viewNameTranslator': using default [org.springframework.web.servlet.view.DefaultRequestToViewNameTranslator@4fe7d171]
03:48:37.069 [main] DEBUG o.s.b.f.s.DefaultListableBeanFactory - Returning cached instance of singleton bean 'mvcViewResolver'
03:48:37.069 [main] DEBUG o.s.b.f.s.DefaultListableBeanFactory - Returning cached instance of singleton bean 'viewResolver'
03:48:37.069 [main] DEBUG o.s.b.f.s.DefaultListableBeanFactory - Creating instance of bean 'org.springframework.web.servlet.support.SessionFlashMapManager'
03:48:37.069 [main] DEBUG o.s.b.f.s.DefaultListableBeanFactory - Finished creating instance of bean 'org.springframework.web.servlet.support.SessionFlashMapManager'
03:48:37.069 [main] DEBUG o.s.t.w.s.TestDispatcherServlet - Unable to locate FlashMapManager with name 'flashMapManager': using default [org.springframework.web.servlet.support.SessionFlashMapManager@8c2bb7]
03:48:37.069 [main] DEBUG o.s.t.w.s.TestDispatcherServlet - Published WebApplicationContext of servlet '' as ServletContext attribute with name [org.springframework.web.servlet.FrameworkServlet.CONTEXT.]
03:48:37.069 [main] INFO  o.s.t.w.s.TestDispatcherServlet - FrameworkServlet '': initialization completed in 7 ms
03:48:37.069 [main] DEBUG o.s.t.w.s.TestDispatcherServlet - Servlet '' configured successfully
03:48:37.070 [main] DEBUG o.h.e.t.internal.TransactionImpl - begin
03:48:37.075 [main] DEBUG org.hibernate.SQL - select this_.self_id as self_id18_12_2_, this_.address1 as address1_12_2_, this_.address2 as address2_12_2_, this_.bloodType as bloodTyp3_12_2_, this_.causeOfDeath as causeOfD4_12_2_, this_.city as city5_12_2_, this_.dateOfBirth as dateOfBi6_12_2_, this_.dateOfDeath as dateOfDe7_12_2_, this_.email as email8_12_2_, this_.ethnicity as ethnicit9_12_2_, this_.father_id as father_19_12_2_, this_.firstName as firstNa10_12_2_, this_.gender as gender11_12_2_, this_.id as id12_12_2_, this_.lastName as lastNam13_12_2_, this_.mother_id as mother_20_12_2_, this_.phone as phone14_12_2_, this_.preferredName as preferr15_12_2_, this_.state as state16_12_2_, this_.zip as zip17_12_2_, user2_.username as username1_15_0_, user2_.enabled as enabled2_15_0_, user2_.password as password3_15_0_, user2_.role as role4_15_0_, user3_.username as username1_15_1_, user3_.enabled as enabled2_15_1_, user3_.password as password3_15_1_, user3_.role as role4_15_1_ from Patients this_ left outer join Users user2_ on this_.father_id=user2_.username left outer join Users user3_ on this_.mother_id=user3_.username
Hibernate: select this_.self_id as self_id18_12_2_, this_.address1 as address1_12_2_, this_.address2 as address2_12_2_, this_.bloodType as bloodTyp3_12_2_, this_.causeOfDeath as causeOfD4_12_2_, this_.city as city5_12_2_, this_.dateOfBirth as dateOfBi6_12_2_, this_.dateOfDeath as dateOfDe7_12_2_, this_.email as email8_12_2_, this_.ethnicity as ethnicit9_12_2_, this_.father_id as father_19_12_2_, this_.firstName as firstNa10_12_2_, this_.gender as gender11_12_2_, this_.id as id12_12_2_, this_.lastName as lastNam13_12_2_, this_.mother_id as mother_20_12_2_, this_.phone as phone14_12_2_, this_.preferredName as preferr15_12_2_, this_.state as state16_12_2_, this_.zip as zip17_12_2_, user2_.username as username1_15_0_, user2_.enabled as enabled2_15_0_, user2_.password as password3_15_0_, user2_.role as role4_15_0_, user3_.username as username1_15_1_, user3_.enabled as enabled2_15_1_, user3_.password as password3_15_1_, user3_.role as role4_15_1_ from Patients this_ left outer join Users user2_ on this_.father_id=user2_.username left outer join Users user3_ on this_.mother_id=user3_.username
03:48:37.076 [main] DEBUG org.hibernate.loader.Loader - Result set row: 0
03:48:37.077 [main] DEBUG org.hibernate.SQL - select user0_.username as username1_15_0_, user0_.enabled as enabled2_15_0_, user0_.password as password3_15_0_, user0_.role as role4_15_0_ from Users user0_ where user0_.username=?
Hibernate: select user0_.username as username1_15_0_, user0_.enabled as enabled2_15_0_, user0_.password as password3_15_0_, user0_.role as role4_15_0_ from Users user0_ where user0_.username=?
03:48:37.083 [main] DEBUG o.h.l.p.e.p.i.ResultSetProcessorImpl - Starting ResultSet row #0
03:48:37.084 [main] DEBUG o.h.l.p.e.p.i.EntityReferenceInitializerImpl - On call to EntityIdentifierReaderImpl#resolve, EntityKey was already known; should only happen on root returns with an optional identifier specified
03:48:37.087 [main] DEBUG o.h.engine.internal.TwoPhaseLoad - Resolving associations for [edu.ncsu.csc.itrust2.models.persistent.User#AliceThirteen]
03:48:37.087 [main] DEBUG o.h.engine.internal.TwoPhaseLoad - Done materializing entity [edu.ncsu.csc.itrust2.models.persistent.User#AliceThirteen]
03:48:37.088 [main] DEBUG o.h.r.j.i.ResourceRegistryStandardImpl - HHH000387: ResultSet's statement was not registered
03:48:37.088 [main] DEBUG o.h.l.e.p.AbstractLoadPlanBasedEntityLoader - Done entity load : edu.ncsu.csc.itrust2.models.persistent.User#AliceThirteen
03:48:37.089 [main] DEBUG org.hibernate.loader.Loader - Result row: null, null, EntityKey[edu.ncsu.csc.itrust2.models.persistent.Patient#component[self]{self=edu.ncsu.csc.itrust2.models.persistent.User#AliceThirteen}]
03:48:37.091 [main] DEBUG org.hibernate.loader.Loader - Result set row: 1
03:48:37.092 [main] DEBUG org.hibernate.SQL - select user0_.username as username1_15_0_, user0_.enabled as enabled2_15_0_, user0_.password as password3_15_0_, user0_.role as role4_15_0_ from Users user0_ where user0_.username=?
Hibernate: select user0_.username as username1_15_0_, user0_.enabled as enabled2_15_0_, user0_.password as password3_15_0_, user0_.role as role4_15_0_ from Users user0_ where user0_.username=?
03:48:37.093 [main] DEBUG o.h.l.p.e.p.i.ResultSetProcessorImpl - Starting ResultSet row #0
03:48:37.093 [main] DEBUG o.h.l.p.e.p.i.EntityReferenceInitializerImpl - On call to EntityIdentifierReaderImpl#resolve, EntityKey was already known; should only happen on root returns with an optional identifier specified
03:48:37.095 [main] DEBUG o.h.engine.internal.TwoPhaseLoad - Resolving associations for [edu.ncsu.csc.itrust2.models.persistent.User#BobTheFourYearOld]
03:48:37.095 [main] DEBUG o.h.engine.internal.TwoPhaseLoad - Done materializing entity [edu.ncsu.csc.itrust2.models.persistent.User#BobTheFourYearOld]
03:48:37.095 [main] DEBUG o.h.r.j.i.ResourceRegistryStandardImpl - HHH000387: ResultSet's statement was not registered
03:48:37.095 [main] DEBUG o.h.l.e.p.AbstractLoadPlanBasedEntityLoader - Done entity load : edu.ncsu.csc.itrust2.models.persistent.User#BobTheFourYearOld
03:48:37.096 [main] DEBUG org.hibernate.loader.Loader - Result row: null, null, EntityKey[edu.ncsu.csc.itrust2.models.persistent.Patient#component[self]{self=edu.ncsu.csc.itrust2.models.persistent.User#BobTheFourYearOld}]
03:48:37.096 [main] DEBUG org.hibernate.loader.Loader - Result set row: 2
03:48:37.097 [main] DEBUG org.hibernate.SQL - select user0_.username as username1_15_0_, user0_.enabled as enabled2_15_0_, user0_.password as password3_15_0_, user0_.role as role4_15_0_ from Users user0_ where user0_.username=?
Hibernate: select user0_.username as username1_15_0_, user0_.enabled as enabled2_15_0_, user0_.password as password3_15_0_, user0_.role as role4_15_0_ from Users user0_ where user0_.username=?
03:48:37.099 [main] DEBUG o.h.l.p.e.p.i.ResultSetProcessorImpl - Starting ResultSet row #0
03:48:37.099 [main] DEBUG o.h.l.p.e.p.i.EntityReferenceInitializerImpl - On call to EntityIdentifierReaderImpl#resolve, EntityKey was already known; should only happen on root returns with an optional identifier specified
03:48:37.100 [main] DEBUG o.h.engine.internal.TwoPhaseLoad - Resolving associations for [edu.ncsu.csc.itrust2.models.persistent.User#TimTheOneYearOld]
03:48:37.100 [main] DEBUG o.h.engine.internal.TwoPhaseLoad - Done materializing entity [edu.ncsu.csc.itrust2.models.persistent.User#TimTheOneYearOld]
03:48:37.100 [main] DEBUG o.h.r.j.i.ResourceRegistryStandardImpl - HHH000387: ResultSet's statement was not registered
03:48:37.100 [main] DEBUG o.h.l.e.p.AbstractLoadPlanBasedEntityLoader - Done entity load : edu.ncsu.csc.itrust2.models.persistent.User#TimTheOneYearOld
03:48:37.100 [main] DEBUG org.hibernate.loader.Loader - Result row: null, null, EntityKey[edu.ncsu.csc.itrust2.models.persistent.Patient#component[self]{self=edu.ncsu.csc.itrust2.models.persistent.User#TimTheOneYearOld}]
03:48:37.102 [main] DEBUG o.h.engine.internal.TwoPhaseLoad - Resolving associations for [edu.ncsu.csc.itrust2.models.persistent.Patient#component[self]{self=edu.ncsu.csc.itrust2.models.persistent.User#AliceThirteen}]
03:48:37.102 [main] DEBUG o.h.engine.internal.TwoPhaseLoad - Done materializing entity [edu.ncsu.csc.itrust2.models.persistent.Patient#component[self]{self=edu.ncsu.csc.itrust2.models.persistent.User#AliceThirteen}]
03:48:37.102 [main] DEBUG o.h.engine.internal.TwoPhaseLoad - Resolving associations for [edu.ncsu.csc.itrust2.models.persistent.Patient#component[self]{self=edu.ncsu.csc.itrust2.models.persistent.User#BobTheFourYearOld}]
03:48:37.102 [main] DEBUG o.h.engine.internal.TwoPhaseLoad - Done materializing entity [edu.ncsu.csc.itrust2.models.persistent.Patient#component[self]{self=edu.ncsu.csc.itrust2.models.persistent.User#BobTheFourYearOld}]
03:48:37.102 [main] DEBUG o.h.engine.internal.TwoPhaseLoad - Resolving associations for [edu.ncsu.csc.itrust2.models.persistent.Patient#component[self]{self=edu.ncsu.csc.itrust2.models.persistent.User#TimTheOneYearOld}]
03:48:37.103 [main] DEBUG o.h.engine.internal.TwoPhaseLoad - Done materializing entity [edu.ncsu.csc.itrust2.models.persistent.Patient#component[self]{self=edu.ncsu.csc.itrust2.models.persistent.User#TimTheOneYearOld}]
03:48:37.106 [main] DEBUG o.h.e.t.internal.TransactionImpl - committing
03:48:37.107 [main] DEBUG o.h.e.i.AbstractFlushingEventListener - Processing flush-time cascades
03:48:37.107 [main] DEBUG o.h.e.i.AbstractFlushingEventListener - Dirty checking collections
03:48:37.110 [main] DEBUG o.h.e.i.AbstractFlushingEventListener - Flushed: 0 insertions, 0 updates, 3 deletions to 6 objects
03:48:37.110 [main] DEBUG o.h.e.i.AbstractFlushingEventListener - Flushed: 0 (re)creations, 0 updates, 0 removals to 0 collections
03:48:37.110 [main] DEBUG o.h.internal.util.EntityPrinter - Listing entities:
03:48:37.110 [main] DEBUG o.h.internal.util.EntityPrinter - edu.ncsu.csc.itrust2.models.persistent.User{password=$2a$10$EblZqNptyYvcLm/VwDCVAuBjzZOI7khzdyGPBr08PpIi0na624b8., role=ROLE_PATIENT, enabled=1, username=BobTheFourYearOld}
03:48:37.110 [main] DEBUG o.h.internal.util.EntityPrinter - edu.ncsu.csc.itrust2.models.persistent.Patient{zip=null, lastName=Smith, ethnicity=null, gender=null, address2=null, city=null, dateOfDeath=null, address1=null, father=null, dateOfBirth=java.util.GregorianCalendar[time=1490068093000,areFieldsSet=true,areAllFieldsSet=true,lenient=true,zone=sun.util.calendar.ZoneInfo[id="Etc/UTC",offset=0,dstSavings=0,useDaylight=false,transitions=0,lastRule=null],firstDayOfWeek=1,minimalDaysInFirstWeek=1,ERA=1,YEAR=2017,MONTH=2,WEEK_OF_YEAR=12,WEEK_OF_MONTH=4,DAY_OF_MONTH=21,DAY_OF_YEAR=80,DAY_OF_WEEK=3,DAY_OF_WEEK_IN_MONTH=3,AM_PM=0,HOUR=3,HOUR_OF_DAY=3,MINUTE=48,SECOND=13,MILLISECOND=0,ZONE_OFFSET=0,DST_OFFSET=0], bloodType=null, firstName=TimTheOneYearOld, mother=null, phone=null, id=null, preferredName=null, state=null, causeOfDeath=null, email=null}
03:48:37.110 [main] DEBUG o.h.internal.util.EntityPrinter - edu.ncsu.csc.itrust2.models.persistent.User{password=$2a$10$EblZqNptyYvcLm/VwDCVAuBjzZOI7khzdyGPBr08PpIi0na624b8., role=ROLE_PATIENT, enabled=1, username=AliceThirteen}
03:48:37.111 [main] DEBUG o.h.internal.util.EntityPrinter - edu.ncsu.csc.itrust2.models.persistent.User{password=$2a$10$EblZqNptyYvcLm/VwDCVAuBjzZOI7khzdyGPBr08PpIi0na624b8., role=ROLE_PATIENT, enabled=1, username=TimTheOneYearOld}
03:48:37.111 [main] DEBUG o.h.internal.util.EntityPrinter - edu.ncsu.csc.itrust2.models.persistent.Patient{zip=null, lastName=Smith, ethnicity=null, gender=null, address2=null, city=null, dateOfDeath=null, address1=null, father=null, dateOfBirth=java.util.GregorianCalendar[time=1111376893000,areFieldsSet=true,areAllFieldsSet=true,lenient=true,zone=sun.util.calendar.ZoneInfo[id="Etc/UTC",offset=0,dstSavings=0,useDaylight=false,transitions=0,lastRule=null],firstDayOfWeek=1,minimalDaysInFirstWeek=1,ERA=1,YEAR=2005,MONTH=2,WEEK_OF_YEAR=13,WEEK_OF_MONTH=4,DAY_OF_MONTH=21,DAY_OF_YEAR=80,DAY_OF_WEEK=2,DAY_OF_WEEK_IN_MONTH=3,AM_PM=0,HOUR=3,HOUR_OF_DAY=3,MINUTE=48,SECOND=13,MILLISECOND=0,ZONE_OFFSET=0,DST_OFFSET=0], bloodType=null, firstName=AliceThirteen, mother=null, phone=null, id=null, preferredName=null, state=null, causeOfDeath=null, email=null}
03:48:37.111 [main] DEBUG o.h.internal.util.EntityPrinter - edu.ncsu.csc.itrust2.models.persistent.Patient{zip=null, lastName=Smith, ethnicity=null, gender=null, address2=null, city=null, dateOfDeath=null, address1=null, father=null, dateOfBirth=java.util.GregorianCalendar[time=1395373693000,areFieldsSet=true,areAllFieldsSet=true,lenient=true,zone=sun.util.calendar.ZoneInfo[id="Etc/UTC",offset=0,dstSavings=0,useDaylight=false,transitions=0,lastRule=null],firstDayOfWeek=1,minimalDaysInFirstWeek=1,ERA=1,YEAR=2014,MONTH=2,WEEK_OF_YEAR=12,WEEK_OF_MONTH=4,DAY_OF_MONTH=21,DAY_OF_YEAR=80,DAY_OF_WEEK=6,DAY_OF_WEEK_IN_MONTH=3,AM_PM=0,HOUR=3,HOUR_OF_DAY=3,MINUTE=48,SECOND=13,MILLISECOND=0,ZONE_OFFSET=0,DST_OFFSET=0], bloodType=null, firstName=BobTheFourYearOld, mother=null, phone=null, id=null, preferredName=null, state=null, causeOfDeath=null, email=null}
03:48:37.112 [main] DEBUG org.hibernate.SQL - delete from Patients where self_id=?
Hibernate: delete from Patients where self_id=?
03:48:37.115 [main] DEBUG org.hibernate.SQL - delete from Patients where self_id=?
Hibernate: delete from Patients where self_id=?
03:48:37.116 [main] DEBUG org.hibernate.SQL - delete from Patients where self_id=?
Hibernate: delete from Patients where self_id=?
03:48:37.118 [main] DEBUG o.h.e.j.internal.JdbcCoordinatorImpl - HHH000420: Closing un-released batch
03:48:37.119 [main] DEBUG o.s.t.w.s.TestDispatcherServlet - DispatcherServlet with name '' processing POST request for [/api/v1/users]
03:48:37.119 [main] DEBUG o.s.w.s.m.m.a.RequestMappingHandlerMapping - Looking up handler method for path /api/v1/users
03:48:37.124 [main] DEBUG o.s.w.s.m.m.a.RequestMappingHandlerMapping - Returning handler method [public org.springframework.http.ResponseEntity edu.ncsu.csc.itrust2.controllers.api.APIUserController.createUser(edu.ncsu.csc.itrust2.forms.admin.UserForm)]
03:48:37.124 [main] DEBUG o.s.b.f.s.DefaultListableBeanFactory - Returning cached instance of singleton bean 'APIUserController'
03:48:37.124 [main] DEBUG o.s.w.s.m.m.a.RequestResponseBodyMethodProcessor - Read [class edu.ncsu.csc.itrust2.forms.admin.UserForm] as "application/json" with [org.springframework.http.converter.json.GsonHttpMessageConverter@75a87b8c]
03:48:37.235 [main] DEBUG o.h.e.t.internal.TransactionImpl - begin
03:48:37.237 [main] DEBUG org.hibernate.SQL - select this_.username as username1_15_0_, this_.enabled as enabled2_15_0_, this_.password as password3_15_0_, this_.role as role4_15_0_ from Users this_ where this_.username=?
Hibernate: select this_.username as username1_15_0_, this_.enabled as enabled2_15_0_, this_.password as password3_15_0_, this_.role as role4_15_0_ from Users this_ where this_.username=?
03:48:37.239 [main] DEBUG o.h.e.t.internal.TransactionImpl - committing
03:48:37.240 [main] DEBUG o.h.e.t.internal.TransactionImpl - begin
03:48:37.240 [main] DEBUG org.hibernate.SQL - select user_.username, user_.enabled as enabled2_15_, user_.password as password3_15_, user_.role as role4_15_ from Users user_ where user_.username=?
Hibernate: select user_.username, user_.enabled as enabled2_15_, user_.password as password3_15_, user_.role as role4_15_ from Users user_ where user_.username=?
03:48:37.240 [main] DEBUG o.h.r.j.i.ResourceRegistryStandardImpl - HHH000387: ResultSet's statement was not registered
03:48:37.241 [main] DEBUG o.h.e.i.AbstractSaveEventListener - Generated identifier: antti, using strategy: org.hibernate.id.Assigned
03:48:37.241 [main] DEBUG o.h.e.t.internal.TransactionImpl - committing
03:48:37.241 [main] DEBUG o.h.e.i.AbstractFlushingEventListener - Processing flush-time cascades
03:48:37.241 [main] DEBUG o.h.e.i.AbstractFlushingEventListener - Dirty checking collections
03:48:37.241 [main] DEBUG o.h.e.i.AbstractFlushingEventListener - Flushed: 1 insertions, 0 updates, 0 deletions to 1 objects
03:48:37.241 [main] DEBUG o.h.e.i.AbstractFlushingEventListener - Flushed: 0 (re)creations, 0 updates, 0 removals to 0 collections
03:48:37.241 [main] DEBUG o.h.internal.util.EntityPrinter - Listing entities:
03:48:37.241 [main] DEBUG o.h.internal.util.EntityPrinter - edu.ncsu.csc.itrust2.models.persistent.User{password=$2a$10$uprqMD3.gqHNMu60XJTY9uwADbCdqyr7qSS7iZTXzK29AFHm93Hcm, role=ROLE_PATIENT, enabled=1, username=antti}
03:48:37.242 [main] DEBUG org.hibernate.SQL - insert into Users (enabled, password, role, username) values (?, ?, ?, ?)
Hibernate: insert into Users (enabled, password, role, username) values (?, ?, ?, ?)
03:48:37.245 [main] DEBUG o.h.e.j.internal.JdbcCoordinatorImpl - HHH000420: Closing un-released batch
03:48:37.245 [main] DEBUG o.h.e.t.internal.TransactionImpl - begin
03:48:37.246 [main] DEBUG org.hibernate.SQL - select next_val as id_val from hibernate_sequence for update
Hibernate: select next_val as id_val from hibernate_sequence for update
03:48:37.247 [main] DEBUG org.hibernate.SQL - update hibernate_sequence set next_val= ? where next_val=?
Hibernate: update hibernate_sequence set next_val= ? where next_val=?
03:48:37.251 [main] DEBUG o.h.e.i.AbstractSaveEventListener - Generated identifier: 14, using strategy: org.hibernate.id.enhanced.SequenceStyleGenerator
03:48:37.251 [main] DEBUG o.h.e.t.internal.TransactionImpl - committing
03:48:37.252 [main] DEBUG o.h.e.i.AbstractFlushingEventListener - Processing flush-time cascades
03:48:37.252 [main] DEBUG o.h.e.i.AbstractFlushingEventListener - Dirty checking collections
03:48:37.252 [main] DEBUG o.h.e.i.AbstractFlushingEventListener - Flushed: 1 insertions, 0 updates, 0 deletions to 1 objects
03:48:37.252 [main] DEBUG o.h.e.i.AbstractFlushingEventListener - Flushed: 0 (re)creations, 0 updates, 0 removals to 0 collections
03:48:37.253 [main] DEBUG o.h.internal.util.EntityPrinter - Listing entities:
03:48:37.253 [main] DEBUG o.h.internal.util.EntityPrinter - edu.ncsu.csc.itrust2.models.persistent.LogEntry{secondaryUser=null, logCode=7, primaryUser=hcp, id=14, time=java.util.GregorianCalendar[time=1521604117245,areFieldsSet=true,areAllFieldsSet=true,lenient=true,zone=sun.util.calendar.ZoneInfo[id="Etc/UTC",offset=0,dstSavings=0,useDaylight=false,transitions=0,lastRule=null],firstDayOfWeek=1,minimalDaysInFirstWeek=1,ERA=1,YEAR=2018,MONTH=2,WEEK_OF_YEAR=12,WEEK_OF_MONTH=4,DAY_OF_MONTH=21,DAY_OF_YEAR=80,DAY_OF_WEEK=4,DAY_OF_WEEK_IN_MONTH=3,AM_PM=0,HOUR=3,HOUR_OF_DAY=3,MINUTE=48,SECOND=37,MILLISECOND=245,ZONE_OFFSET=0,DST_OFFSET=0], message=null}
03:48:37.254 [main] DEBUG org.hibernate.SQL - insert into LogEntries (logCode, message, primaryUser, secondaryUser, time, id) values (?, ?, ?, ?, ?, ?)
Hibernate: insert into LogEntries (logCode, message, primaryUser, secondaryUser, time, id) values (?, ?, ?, ?, ?, ?)
03:48:37.257 [main] DEBUG o.h.e.j.internal.JdbcCoordinatorImpl - HHH000420: Closing un-released batch
03:48:37.259 [main] DEBUG o.s.w.s.m.m.a.HttpEntityMethodProcessor - Written [edu.ncsu.csc.itrust2.models.persistent.User@e255d970] as "application/json" using [org.springframework.http.converter.json.GsonHttpMessageConverter@75a87b8c]
03:48:37.260 [main] DEBUG o.s.t.w.s.TestDispatcherServlet - Null ModelAndView returned to DispatcherServlet with name '': assuming HandlerAdapter completed request handling
03:48:37.260 [main] DEBUG o.s.t.w.s.TestDispatcherServlet - Successfully completed request
03:48:37.263 [main] DEBUG o.s.t.w.s.TestDispatcherServlet - DispatcherServlet with name '' processing PUT request for [/api/v1/patients/antti]
03:48:37.265 [main] DEBUG o.s.w.s.m.m.a.RequestMappingHandlerMapping - Looking up handler method for path /api/v1/patients/antti
03:48:37.266 [main] DEBUG o.s.w.s.m.m.a.RequestMappingHandlerMapping - Returning handler method [public org.springframework.http.ResponseEntity edu.ncsu.csc.itrust2.controllers.api.APIPatientController.updatePatient(java.lang.String,edu.ncsu.csc.itrust2.forms.hcp_patient.PatientForm)]
03:48:37.266 [main] DEBUG o.s.b.f.s.DefaultListableBeanFactory - Returning cached instance of singleton bean 'APIPatientController'
03:48:37.268 [main] DEBUG o.s.w.s.m.m.a.RequestResponseBodyMethodProcessor - Read [class edu.ncsu.csc.itrust2.forms.hcp_patient.PatientForm] as "application/json" with [org.springframework.http.converter.json.GsonHttpMessageConverter@75a87b8c]
03:48:37.272 [main] DEBUG o.h.e.t.internal.TransactionImpl - begin
03:48:37.275 [main] DEBUG org.hibernate.SQL - select this_.username as username1_15_0_, this_.enabled as enabled2_15_0_, this_.password as password3_15_0_, this_.role as role4_15_0_ from Users this_ where this_.username=? and this_.role=?
Hibernate: select this_.username as username1_15_0_, this_.enabled as enabled2_15_0_, this_.password as password3_15_0_, this_.role as role4_15_0_ from Users this_ where this_.username=? and this_.role=?
03:48:37.276 [main] DEBUG org.hibernate.loader.Loader - Result set row: 0
03:48:37.277 [main] DEBUG org.hibernate.loader.Loader - Result row: EntityKey[edu.ncsu.csc.itrust2.models.persistent.User#antti]
03:48:37.277 [main] DEBUG o.h.engine.internal.TwoPhaseLoad - Resolving associations for [edu.ncsu.csc.itrust2.models.persistent.User#antti]
03:48:37.277 [main] DEBUG o.h.engine.internal.TwoPhaseLoad - Done materializing entity [edu.ncsu.csc.itrust2.models.persistent.User#antti]
03:48:37.277 [main] DEBUG o.h.e.t.internal.TransactionImpl - committing
03:48:37.278 [main] DEBUG o.h.e.i.AbstractFlushingEventListener - Processing flush-time cascades
03:48:37.278 [main] DEBUG o.h.e.i.AbstractFlushingEventListener - Dirty checking collections
03:48:37.278 [main] DEBUG o.h.e.i.AbstractFlushingEventListener - Flushed: 0 insertions, 0 updates, 0 deletions to 1 objects
03:48:37.278 [main] DEBUG o.h.e.i.AbstractFlushingEventListener - Flushed: 0 (re)creations, 0 updates, 0 removals to 0 collections
03:48:37.278 [main] DEBUG o.h.internal.util.EntityPrinter - Listing entities:
03:48:37.278 [main] DEBUG o.h.internal.util.EntityPrinter - edu.ncsu.csc.itrust2.models.persistent.User{password=$2a$10$uprqMD3.gqHNMu60XJTY9uwADbCdqyr7qSS7iZTXzK29AFHm93Hcm, role=ROLE_PATIENT, enabled=1, username=antti}
03:48:37.279 [main] DEBUG o.h.e.t.internal.TransactionImpl - begin
03:48:37.281 [main] DEBUG org.hibernate.SQL - select this_.username as username1_15_0_, this_.enabled as enabled2_15_0_, this_.password as password3_15_0_, this_.role as role4_15_0_ from Users this_ where this_.username=? and this_.role=?
Hibernate: select this_.username as username1_15_0_, this_.enabled as enabled2_15_0_, this_.password as password3_15_0_, this_.role as role4_15_0_ from Users this_ where this_.username=? and this_.role=?
03:48:37.284 [main] DEBUG o.h.e.t.internal.TransactionImpl - committing
03:48:37.285 [main] DEBUG o.h.e.t.internal.TransactionImpl - begin
03:48:37.289 [main] DEBUG org.hibernate.SQL - select this_.username as username1_15_0_, this_.enabled as enabled2_15_0_, this_.password as password3_15_0_, this_.role as role4_15_0_ from Users this_ where this_.username=? and this_.role=?
Hibernate: select this_.username as username1_15_0_, this_.enabled as enabled2_15_0_, this_.password as password3_15_0_, this_.role as role4_15_0_ from Users this_ where this_.username=? and this_.role=?
03:48:37.290 [main] DEBUG o.h.e.t.internal.TransactionImpl - committing
03:48:37.292 [main] DEBUG o.h.e.t.internal.TransactionImpl - begin
03:48:37.295 [main] DEBUG org.hibernate.SQL - select this_.username as username1_15_0_, this_.enabled as enabled2_15_0_, this_.password as password3_15_0_, this_.role as role4_15_0_ from Users this_ where this_.username=? and this_.role=?
Hibernate: select this_.username as username1_15_0_, this_.enabled as enabled2_15_0_, this_.password as password3_15_0_, this_.role as role4_15_0_ from Users this_ where this_.username=? and this_.role=?
03:48:37.296 [main] DEBUG org.hibernate.loader.Loader - Result set row: 0
03:48:37.296 [main] DEBUG org.hibernate.loader.Loader - Result row: EntityKey[edu.ncsu.csc.itrust2.models.persistent.User#antti]
03:48:37.296 [main] DEBUG o.h.engine.internal.TwoPhaseLoad - Resolving associations for [edu.ncsu.csc.itrust2.models.persistent.User#antti]
03:48:37.296 [main] DEBUG o.h.engine.internal.TwoPhaseLoad - Done materializing entity [edu.ncsu.csc.itrust2.models.persistent.User#antti]
03:48:37.296 [main] DEBUG o.h.e.t.internal.TransactionImpl - committing
03:48:37.297 [main] DEBUG o.h.e.i.AbstractFlushingEventListener - Processing flush-time cascades
03:48:37.297 [main] DEBUG o.h.e.i.AbstractFlushingEventListener - Dirty checking collections
03:48:37.297 [main] DEBUG o.h.e.i.AbstractFlushingEventListener - Flushed: 0 insertions, 0 updates, 0 deletions to 1 objects
03:48:37.297 [main] DEBUG o.h.e.i.AbstractFlushingEventListener - Flushed: 0 (re)creations, 0 updates, 0 removals to 0 collections
03:48:37.298 [main] DEBUG o.h.internal.util.EntityPrinter - Listing entities:
03:48:37.298 [main] DEBUG o.h.internal.util.EntityPrinter - edu.ncsu.csc.itrust2.models.persistent.User{password=$2a$10$uprqMD3.gqHNMu60XJTY9uwADbCdqyr7qSS7iZTXzK29AFHm93Hcm, role=ROLE_PATIENT, enabled=1, username=antti}
03:48:37.299 [main] DEBUG o.h.e.t.internal.TransactionImpl - begin
03:48:37.301 [main] DEBUG org.hibernate.SQL - select this_.self_id as self_id18_12_2_, this_.address1 as address1_12_2_, this_.address2 as address2_12_2_, this_.bloodType as bloodTyp3_12_2_, this_.causeOfDeath as causeOfD4_12_2_, this_.city as city5_12_2_, this_.dateOfBirth as dateOfBi6_12_2_, this_.dateOfDeath as dateOfDe7_12_2_, this_.email as email8_12_2_, this_.ethnicity as ethnicit9_12_2_, this_.father_id as father_19_12_2_, this_.firstName as firstNa10_12_2_, this_.gender as gender11_12_2_, this_.id as id12_12_2_, this_.lastName as lastNam13_12_2_, this_.mother_id as mother_20_12_2_, this_.phone as phone14_12_2_, this_.preferredName as preferr15_12_2_, this_.state as state16_12_2_, this_.zip as zip17_12_2_, user2_.username as username1_15_0_, user2_.enabled as enabled2_15_0_, user2_.password as password3_15_0_, user2_.role as role4_15_0_, user3_.username as username1_15_1_, user3_.enabled as enabled2_15_1_, user3_.password as password3_15_1_, user3_.role as role4_15_1_ from Patients this_ left outer join Users user2_ on this_.father_id=user2_.username left outer join Users user3_ on this_.mother_id=user3_.username where this_.self_id=?
Hibernate: select this_.self_id as self_id18_12_2_, this_.address1 as address1_12_2_, this_.address2 as address2_12_2_, this_.bloodType as bloodTyp3_12_2_, this_.causeOfDeath as causeOfD4_12_2_, this_.city as city5_12_2_, this_.dateOfBirth as dateOfBi6_12_2_, this_.dateOfDeath as dateOfDe7_12_2_, this_.email as email8_12_2_, this_.ethnicity as ethnicit9_12_2_, this_.father_id as father_19_12_2_, this_.firstName as firstNa10_12_2_, this_.gender as gender11_12_2_, this_.id as id12_12_2_, this_.lastName as lastNam13_12_2_, this_.mother_id as mother_20_12_2_, this_.phone as phone14_12_2_, this_.preferredName as preferr15_12_2_, this_.state as state16_12_2_, this_.zip as zip17_12_2_, user2_.username as username1_15_0_, user2_.enabled as enabled2_15_0_, user2_.password as password3_15_0_, user2_.role as role4_15_0_, user3_.username as username1_15_1_, user3_.enabled as enabled2_15_1_, user3_.password as password3_15_1_, user3_.role as role4_15_1_ from Patients this_ left outer join Users user2_ on this_.father_id=user2_.username left outer join Users user3_ on this_.mother_id=user3_.username where this_.self_id=?
03:48:37.302 [main] DEBUG o.h.e.t.internal.TransactionImpl - committing
03:48:37.303 [main] DEBUG o.s.w.s.m.m.a.HttpEntityMethodProcessor - Written [{"status":"failed","message":"No Patient found for id antti"}] as "text/plain" using [org.springframework.http.converter.StringHttpMessageConverter@7d41615a]
03:48:37.303 [main] DEBUG o.s.t.w.s.TestDispatcherServlet - Null ModelAndView returned to DispatcherServlet with name '': assuming HandlerAdapter completed request handling
03:48:37.303 [main] DEBUG o.s.t.w.s.TestDispatcherServlet - Successfully completed request
03:48:37.304 [main] DEBUG o.s.t.w.s.TestDispatcherServlet - DispatcherServlet with name '' processing POST request for [/api/v1/patients]
03:48:37.304 [main] DEBUG o.s.w.s.m.m.a.RequestMappingHandlerMapping - Looking up handler method for path /api/v1/patients
03:48:37.305 [main] DEBUG o.s.w.s.m.m.a.RequestMappingHandlerMapping - Returning handler method [public org.springframework.http.ResponseEntity edu.ncsu.csc.itrust2.controllers.api.APIPatientController.createPatient(edu.ncsu.csc.itrust2.forms.hcp_patient.PatientForm)]
03:48:37.305 [main] DEBUG o.s.b.f.s.DefaultListableBeanFactory - Returning cached instance of singleton bean 'APIPatientController'
03:48:37.306 [main] DEBUG o.s.w.s.m.m.a.RequestResponseBodyMethodProcessor - Read [class edu.ncsu.csc.itrust2.forms.hcp_patient.PatientForm] as "application/json" with [org.springframework.http.converter.json.GsonHttpMessageConverter@75a87b8c]
03:48:37.307 [main] DEBUG o.h.e.t.internal.TransactionImpl - begin
03:48:37.308 [main] DEBUG org.hibernate.SQL - select this_.username as username1_15_0_, this_.enabled as enabled2_15_0_, this_.password as password3_15_0_, this_.role as role4_15_0_ from Users this_ where this_.username=? and this_.role=?
Hibernate: select this_.username as username1_15_0_, this_.enabled as enabled2_15_0_, this_.password as password3_15_0_, this_.role as role4_15_0_ from Users this_ where this_.username=? and this_.role=?
03:48:37.309 [main] DEBUG org.hibernate.loader.Loader - Result set row: 0
03:48:37.309 [main] DEBUG org.hibernate.loader.Loader - Result row: EntityKey[edu.ncsu.csc.itrust2.models.persistent.User#antti]
03:48:37.309 [main] DEBUG o.h.engine.internal.TwoPhaseLoad - Resolving associations for [edu.ncsu.csc.itrust2.models.persistent.User#antti]
03:48:37.309 [main] DEBUG o.h.engine.internal.TwoPhaseLoad - Done materializing entity [edu.ncsu.csc.itrust2.models.persistent.User#antti]
03:48:37.309 [main] DEBUG o.h.e.t.internal.TransactionImpl - committing
03:48:37.310 [main] DEBUG o.h.e.i.AbstractFlushingEventListener - Processing flush-time cascades
03:48:37.310 [main] DEBUG o.h.e.i.AbstractFlushingEventListener - Dirty checking collections
03:48:37.310 [main] DEBUG o.h.e.i.AbstractFlushingEventListener - Flushed: 0 insertions, 0 updates, 0 deletions to 1 objects
03:48:37.310 [main] DEBUG o.h.e.i.AbstractFlushingEventListener - Flushed: 0 (re)creations, 0 updates, 0 removals to 0 collections
03:48:37.310 [main] DEBUG o.h.internal.util.EntityPrinter - Listing entities:
03:48:37.310 [main] DEBUG o.h.internal.util.EntityPrinter - edu.ncsu.csc.itrust2.models.persistent.User{password=$2a$10$uprqMD3.gqHNMu60XJTY9uwADbCdqyr7qSS7iZTXzK29AFHm93Hcm, role=ROLE_PATIENT, enabled=1, username=antti}
03:48:37.311 [main] DEBUG o.h.e.t.internal.TransactionImpl - begin
03:48:37.312 [main] DEBUG org.hibernate.SQL - select this_.username as username1_15_0_, this_.enabled as enabled2_15_0_, this_.password as password3_15_0_, this_.role as role4_15_0_ from Users this_ where this_.username=? and this_.role=?
Hibernate: select this_.username as username1_15_0_, this_.enabled as enabled2_15_0_, this_.password as password3_15_0_, this_.role as role4_15_0_ from Users this_ where this_.username=? and this_.role=?
03:48:37.312 [main] DEBUG o.h.e.t.internal.TransactionImpl - committing
03:48:37.313 [main] DEBUG o.h.e.t.internal.TransactionImpl - begin
03:48:37.314 [main] DEBUG org.hibernate.SQL - select this_.username as username1_15_0_, this_.enabled as enabled2_15_0_, this_.password as password3_15_0_, this_.role as role4_15_0_ from Users this_ where this_.username=? and this_.role=?
Hibernate: select this_.username as username1_15_0_, this_.enabled as enabled2_15_0_, this_.password as password3_15_0_, this_.role as role4_15_0_ from Users this_ where this_.username=? and this_.role=?
03:48:37.315 [main] DEBUG o.h.e.t.internal.TransactionImpl - committing
03:48:37.316 [main] DEBUG o.h.e.t.internal.TransactionImpl - begin
03:48:37.317 [main] DEBUG org.hibernate.SQL - select this_.username as username1_15_0_, this_.enabled as enabled2_15_0_, this_.password as password3_15_0_, this_.role as role4_15_0_ from Users this_ where this_.username=? and this_.role=?
Hibernate: select this_.username as username1_15_0_, this_.enabled as enabled2_15_0_, this_.password as password3_15_0_, this_.role as role4_15_0_ from Users this_ where this_.username=? and this_.role=?
03:48:37.318 [main] DEBUG org.hibernate.loader.Loader - Result set row: 0
03:48:37.318 [main] DEBUG org.hibernate.loader.Loader - Result row: EntityKey[edu.ncsu.csc.itrust2.models.persistent.User#antti]
03:48:37.318 [main] DEBUG o.h.engine.internal.TwoPhaseLoad - Resolving associations for [edu.ncsu.csc.itrust2.models.persistent.User#antti]
03:48:37.318 [main] DEBUG o.h.engine.internal.TwoPhaseLoad - Done materializing entity [edu.ncsu.csc.itrust2.models.persistent.User#antti]
03:48:37.319 [main] DEBUG o.h.e.t.internal.TransactionImpl - committing
03:48:37.319 [main] DEBUG o.h.e.i.AbstractFlushingEventListener - Processing flush-time cascades
03:48:37.319 [main] DEBUG o.h.e.i.AbstractFlushingEventListener - Dirty checking collections
03:48:37.319 [main] DEBUG o.h.e.i.AbstractFlushingEventListener - Flushed: 0 insertions, 0 updates, 0 deletions to 1 objects
03:48:37.319 [main] DEBUG o.h.e.i.AbstractFlushingEventListener - Flushed: 0 (re)creations, 0 updates, 0 removals to 0 collections
03:48:37.319 [main] DEBUG o.h.internal.util.EntityPrinter - Listing entities:
03:48:37.319 [main] DEBUG o.h.internal.util.EntityPrinter - edu.ncsu.csc.itrust2.models.persistent.User{password=$2a$10$uprqMD3.gqHNMu60XJTY9uwADbCdqyr7qSS7iZTXzK29AFHm93Hcm, role=ROLE_PATIENT, enabled=1, username=antti}
03:48:37.320 [main] DEBUG o.h.e.t.internal.TransactionImpl - begin
03:48:37.321 [main] DEBUG org.hibernate.SQL - select this_.self_id as self_id18_12_2_, this_.address1 as address1_12_2_, this_.address2 as address2_12_2_, this_.bloodType as bloodTyp3_12_2_, this_.causeOfDeath as causeOfD4_12_2_, this_.city as city5_12_2_, this_.dateOfBirth as dateOfBi6_12_2_, this_.dateOfDeath as dateOfDe7_12_2_, this_.email as email8_12_2_, this_.ethnicity as ethnicit9_12_2_, this_.father_id as father_19_12_2_, this_.firstName as firstNa10_12_2_, this_.gender as gender11_12_2_, this_.id as id12_12_2_, this_.lastName as lastNam13_12_2_, this_.mother_id as mother_20_12_2_, this_.phone as phone14_12_2_, this_.preferredName as preferr15_12_2_, this_.state as state16_12_2_, this_.zip as zip17_12_2_, user2_.username as username1_15_0_, user2_.enabled as enabled2_15_0_, user2_.password as password3_15_0_, user2_.role as role4_15_0_, user3_.username as username1_15_1_, user3_.enabled as enabled2_15_1_, user3_.password as password3_15_1_, user3_.role as role4_15_1_ from Patients this_ left outer join Users user2_ on this_.father_id=user2_.username left outer join Users user3_ on this_.mother_id=user3_.username where this_.self_id=?
Hibernate: select this_.self_id as self_id18_12_2_, this_.address1 as address1_12_2_, this_.address2 as address2_12_2_, this_.bloodType as bloodTyp3_12_2_, this_.causeOfDeath as causeOfD4_12_2_, this_.city as city5_12_2_, this_.dateOfBirth as dateOfBi6_12_2_, this_.dateOfDeath as dateOfDe7_12_2_, this_.email as email8_12_2_, this_.ethnicity as ethnicit9_12_2_, this_.father_id as father_19_12_2_, this_.firstName as firstNa10_12_2_, this_.gender as gender11_12_2_, this_.id as id12_12_2_, this_.lastName as lastNam13_12_2_, this_.mother_id as mother_20_12_2_, this_.phone as phone14_12_2_, this_.preferredName as preferr15_12_2_, this_.state as state16_12_2_, this_.zip as zip17_12_2_, user2_.username as username1_15_0_, user2_.enabled as enabled2_15_0_, user2_.password as password3_15_0_, user2_.role as role4_15_0_, user3_.username as username1_15_1_, user3_.enabled as enabled2_15_1_, user3_.password as password3_15_1_, user3_.role as role4_15_1_ from Patients this_ left outer join Users user2_ on this_.father_id=user2_.username left outer join Users user3_ on this_.mother_id=user3_.username where this_.self_id=?
03:48:37.322 [main] DEBUG o.h.e.t.internal.TransactionImpl - committing
03:48:37.323 [main] DEBUG o.h.e.t.internal.TransactionImpl - begin
03:48:37.324 [main] DEBUG org.hibernate.SQL - select patient_.self_id, patient_.address1 as address1_12_, patient_.address2 as address2_12_, patient_.bloodType as bloodTyp3_12_, patient_.causeOfDeath as causeOfD4_12_, patient_.city as city5_12_, patient_.dateOfBirth as dateOfBi6_12_, patient_.dateOfDeath as dateOfDe7_12_, patient_.email as email8_12_, patient_.ethnicity as ethnicit9_12_, patient_.father_id as father_19_12_, patient_.firstName as firstNa10_12_, patient_.gender as gender11_12_, patient_.id as id12_12_, patient_.lastName as lastNam13_12_, patient_.mother_id as mother_20_12_, patient_.phone as phone14_12_, patient_.preferredName as preferr15_12_, patient_.state as state16_12_, patient_.zip as zip17_12_ from Patients patient_ where patient_.self_id=?
Hibernate: select patient_.self_id, patient_.address1 as address1_12_, patient_.address2 as address2_12_, patient_.bloodType as bloodTyp3_12_, patient_.causeOfDeath as causeOfD4_12_, patient_.city as city5_12_, patient_.dateOfBirth as dateOfBi6_12_, patient_.dateOfDeath as dateOfDe7_12_, patient_.email as email8_12_, patient_.ethnicity as ethnicit9_12_, patient_.father_id as father_19_12_, patient_.firstName as firstNa10_12_, patient_.gender as gender11_12_, patient_.id as id12_12_, patient_.lastName as lastNam13_12_, patient_.mother_id as mother_20_12_, patient_.phone as phone14_12_, patient_.preferredName as preferr15_12_, patient_.state as state16_12_, patient_.zip as zip17_12_ from Patients patient_ where patient_.self_id=?
03:48:37.324 [main] DEBUG o.h.r.j.i.ResourceRegistryStandardImpl - HHH000387: ResultSet's statement was not registered
03:48:37.325 [main] DEBUG o.h.e.i.AbstractSaveEventListener - Generated identifier: component[self]{self=edu.ncsu.csc.itrust2.models.persistent.User#antti}, using strategy: org.hibernate.id.CompositeNestedGeneratedValueGenerator
03:48:37.325 [main] DEBUG o.h.e.t.internal.TransactionImpl - committing
03:48:37.325 [main] DEBUG o.h.e.i.AbstractFlushingEventListener - Processing flush-time cascades
03:48:37.325 [main] DEBUG o.h.e.i.AbstractFlushingEventListener - Dirty checking collections
03:48:37.325 [main] DEBUG o.h.e.i.AbstractFlushingEventListener - Flushed: 1 insertions, 0 updates, 0 deletions to 1 objects
03:48:37.325 [main] DEBUG o.h.e.i.AbstractFlushingEventListener - Flushed: 0 (re)creations, 0 updates, 0 removals to 0 collections
03:48:37.325 [main] DEBUG o.h.internal.util.EntityPrinter - Listing entities:
03:48:37.326 [main] DEBUG o.h.internal.util.EntityPrinter - edu.ncsu.csc.itrust2.models.persistent.Patient{zip=27514, lastName=Walhelm, ethnicity=Caucasian, gender=Male, address2=Some Location, city=Viipuri, dateOfDeath=null, address1=1 Test Street, father=null, dateOfBirth=java.util.GregorianCalendar[time=235180800000,areFieldsSet=true,areAllFieldsSet=true,lenient=true,zone=sun.util.calendar.ZoneInfo[id="Etc/UTC",offset=0,dstSavings=0,useDaylight=false,transitions=0,lastRule=null],firstDayOfWeek=1,minimalDaysInFirstWeek=1,ERA=1,YEAR=1977,MONTH=5,WEEK_OF_YEAR=25,WEEK_OF_MONTH=3,DAY_OF_MONTH=15,DAY_OF_YEAR=166,DAY_OF_WEEK=4,DAY_OF_WEEK_IN_MONTH=3,AM_PM=0,HOUR=0,HOUR_OF_DAY=0,MINUTE=0,SECOND=0,MILLISECOND=0,ZONE_OFFSET=0,DST_OFFSET=0], bloodType=APos, firstName=Antti, mother=null, phone=123-456-7890, id=null, preferredName=null, state=NC, causeOfDeath=null, email=antti@itrust.fi}
03:48:37.327 [main] DEBUG org.hibernate.SQL - insert into Patients (address1, address2, bloodType, causeOfDeath, city, dateOfBirth, dateOfDeath, email, ethnicity, father_id, firstName, gender, id, lastName, mother_id, phone, preferredName, state, zip, self_id) values (?, ?, ?, ?, ?, ?, ?, ?, ?, ?, ?, ?, ?, ?, ?, ?, ?, ?, ?, ?)
Hibernate: insert into Patients (address1, address2, bloodType, causeOfDeath, city, dateOfBirth, dateOfDeath, email, ethnicity, father_id, firstName, gender, id, lastName, mother_id, phone, preferredName, state, zip, self_id) values (?, ?, ?, ?, ?, ?, ?, ?, ?, ?, ?, ?, ?, ?, ?, ?, ?, ?, ?, ?)
03:48:37.329 [main] DEBUG o.h.e.j.internal.JdbcCoordinatorImpl - HHH000420: Closing un-released batch
03:48:37.330 [main] DEBUG o.h.e.t.internal.TransactionImpl - begin
03:48:37.331 [main] DEBUG org.hibernate.SQL - select next_val as id_val from hibernate_sequence for update
Hibernate: select next_val as id_val from hibernate_sequence for update
03:48:37.331 [main] DEBUG org.hibernate.SQL - update hibernate_sequence set next_val= ? where next_val=?
Hibernate: update hibernate_sequence set next_val= ? where next_val=?
03:48:37.333 [main] DEBUG o.h.e.i.AbstractSaveEventListener - Generated identifier: 15, using strategy: org.hibernate.id.enhanced.SequenceStyleGenerator
03:48:37.333 [main] DEBUG o.h.e.t.internal.TransactionImpl - committing
03:48:37.334 [main] DEBUG o.h.e.i.AbstractFlushingEventListener - Processing flush-time cascades
03:48:37.334 [main] DEBUG o.h.e.i.AbstractFlushingEventListener - Dirty checking collections
03:48:37.334 [main] DEBUG o.h.e.i.AbstractFlushingEventListener - Flushed: 1 insertions, 0 updates, 0 deletions to 1 objects
03:48:37.334 [main] DEBUG o.h.e.i.AbstractFlushingEventListener - Flushed: 0 (re)creations, 0 updates, 0 removals to 0 collections
03:48:37.334 [main] DEBUG o.h.internal.util.EntityPrinter - Listing entities:
03:48:37.334 [main] DEBUG o.h.internal.util.EntityPrinter - edu.ncsu.csc.itrust2.models.persistent.LogEntry{secondaryUser=null, logCode=14, primaryUser=hcp, id=15, time=java.util.GregorianCalendar[time=1521604117330,areFieldsSet=true,areAllFieldsSet=true,lenient=true,zone=sun.util.calendar.ZoneInfo[id="Etc/UTC",offset=0,dstSavings=0,useDaylight=false,transitions=0,lastRule=null],firstDayOfWeek=1,minimalDaysInFirstWeek=1,ERA=1,YEAR=2018,MONTH=2,WEEK_OF_YEAR=12,WEEK_OF_MONTH=4,DAY_OF_MONTH=21,DAY_OF_YEAR=80,DAY_OF_WEEK=4,DAY_OF_WEEK_IN_MONTH=3,AM_PM=0,HOUR=3,HOUR_OF_DAY=3,MINUTE=48,SECOND=37,MILLISECOND=330,ZONE_OFFSET=0,DST_OFFSET=0], message=null}
03:48:37.335 [main] DEBUG org.hibernate.SQL - insert into LogEntries (logCode, message, primaryUser, secondaryUser, time, id) values (?, ?, ?, ?, ?, ?)
Hibernate: insert into LogEntries (logCode, message, primaryUser, secondaryUser, time, id) values (?, ?, ?, ?, ?, ?)
03:48:37.338 [main] DEBUG o.h.e.j.internal.JdbcCoordinatorImpl - HHH000420: Closing un-released batch
03:48:37.340 [main] DEBUG o.s.w.s.m.m.a.HttpEntityMethodProcessor - Written [edu.ncsu.csc.itrust2.models.persistent.Patient@76e088fa] as "application/json" using [org.springframework.http.converter.json.GsonHttpMessageConverter@75a87b8c]
03:48:37.341 [main] DEBUG o.s.t.w.s.TestDispatcherServlet - Null ModelAndView returned to DispatcherServlet with name '': assuming HandlerAdapter completed request handling
03:48:37.341 [main] DEBUG o.s.t.w.s.TestDispatcherServlet - Successfully completed request
03:48:37.341 [main] DEBUG o.s.t.w.s.TestDispatcherServlet - DispatcherServlet with name '' processing POST request for [/api/v1/patients]
03:48:37.342 [main] DEBUG o.s.w.s.m.m.a.RequestMappingHandlerMapping - Looking up handler method for path /api/v1/patients
03:48:37.342 [main] DEBUG o.s.w.s.m.m.a.RequestMappingHandlerMapping - Returning handler method [public org.springframework.http.ResponseEntity edu.ncsu.csc.itrust2.controllers.api.APIPatientController.createPatient(edu.ncsu.csc.itrust2.forms.hcp_patient.PatientForm)]
03:48:37.342 [main] DEBUG o.s.b.f.s.DefaultListableBeanFactory - Returning cached instance of singleton bean 'APIPatientController'
03:48:37.343 [main] DEBUG o.s.w.s.m.m.a.RequestResponseBodyMethodProcessor - Read [class edu.ncsu.csc.itrust2.forms.hcp_patient.PatientForm] as "application/json" with [org.springframework.http.converter.json.GsonHttpMessageConverter@75a87b8c]
03:48:37.343 [main] DEBUG o.h.e.t.internal.TransactionImpl - begin
03:48:37.344 [main] DEBUG org.hibernate.SQL - select this_.username as username1_15_0_, this_.enabled as enabled2_15_0_, this_.password as password3_15_0_, this_.role as role4_15_0_ from Users this_ where this_.username=? and this_.role=?
Hibernate: select this_.username as username1_15_0_, this_.enabled as enabled2_15_0_, this_.password as password3_15_0_, this_.role as role4_15_0_ from Users this_ where this_.username=? and this_.role=?
03:48:37.345 [main] DEBUG org.hibernate.loader.Loader - Result set row: 0
03:48:37.346 [main] DEBUG org.hibernate.loader.Loader - Result row: EntityKey[edu.ncsu.csc.itrust2.models.persistent.User#antti]
03:48:37.346 [main] DEBUG o.h.engine.internal.TwoPhaseLoad - Resolving associations for [edu.ncsu.csc.itrust2.models.persistent.User#antti]
03:48:37.346 [main] DEBUG o.h.engine.internal.TwoPhaseLoad - Done materializing entity [edu.ncsu.csc.itrust2.models.persistent.User#antti]
03:48:37.346 [main] DEBUG o.h.e.t.internal.TransactionImpl - committing
03:48:37.346 [main] DEBUG o.h.e.i.AbstractFlushingEventListener - Processing flush-time cascades
03:48:37.346 [main] DEBUG o.h.e.i.AbstractFlushingEventListener - Dirty checking collections
03:48:37.346 [main] DEBUG o.h.e.i.AbstractFlushingEventListener - Flushed: 0 insertions, 0 updates, 0 deletions to 1 objects
03:48:37.347 [main] DEBUG o.h.e.i.AbstractFlushingEventListener - Flushed: 0 (re)creations, 0 updates, 0 removals to 0 collections
03:48:37.347 [main] DEBUG o.h.internal.util.EntityPrinter - Listing entities:
03:48:37.347 [main] DEBUG o.h.internal.util.EntityPrinter - edu.ncsu.csc.itrust2.models.persistent.User{password=$2a$10$uprqMD3.gqHNMu60XJTY9uwADbCdqyr7qSS7iZTXzK29AFHm93Hcm, role=ROLE_PATIENT, enabled=1, username=antti}
03:48:37.348 [main] DEBUG o.h.e.t.internal.TransactionImpl - begin
03:48:37.350 [main] DEBUG org.hibernate.SQL - select this_.username as username1_15_0_, this_.enabled as enabled2_15_0_, this_.password as password3_15_0_, this_.role as role4_15_0_ from Users this_ where this_.username=? and this_.role=?
Hibernate: select this_.username as username1_15_0_, this_.enabled as enabled2_15_0_, this_.password as password3_15_0_, this_.role as role4_15_0_ from Users this_ where this_.username=? and this_.role=?
03:48:37.351 [main] DEBUG o.h.e.t.internal.TransactionImpl - committing
03:48:37.352 [main] DEBUG o.h.e.t.internal.TransactionImpl - begin
03:48:37.352 [main] DEBUG org.hibernate.SQL - select this_.username as username1_15_0_, this_.enabled as enabled2_15_0_, this_.password as password3_15_0_, this_.role as role4_15_0_ from Users this_ where this_.username=? and this_.role=?
Hibernate: select this_.username as username1_15_0_, this_.enabled as enabled2_15_0_, this_.password as password3_15_0_, this_.role as role4_15_0_ from Users this_ where this_.username=? and this_.role=?
03:48:37.353 [main] DEBUG o.h.e.t.internal.TransactionImpl - committing
03:48:37.354 [main] DEBUG o.h.e.t.internal.TransactionImpl - begin
03:48:37.355 [main] DEBUG org.hibernate.SQL - select this_.username as username1_15_0_, this_.enabled as enabled2_15_0_, this_.password as password3_15_0_, this_.role as role4_15_0_ from Users this_ where this_.username=? and this_.role=?
Hibernate: select this_.username as username1_15_0_, this_.enabled as enabled2_15_0_, this_.password as password3_15_0_, this_.role as role4_15_0_ from Users this_ where this_.username=? and this_.role=?
03:48:37.356 [main] DEBUG org.hibernate.loader.Loader - Result set row: 0
03:48:37.356 [main] DEBUG org.hibernate.loader.Loader - Result row: EntityKey[edu.ncsu.csc.itrust2.models.persistent.User#antti]
03:48:37.356 [main] DEBUG o.h.engine.internal.TwoPhaseLoad - Resolving associations for [edu.ncsu.csc.itrust2.models.persistent.User#antti]
03:48:37.357 [main] DEBUG o.h.engine.internal.TwoPhaseLoad - Done materializing entity [edu.ncsu.csc.itrust2.models.persistent.User#antti]
03:48:37.357 [main] DEBUG o.h.e.t.internal.TransactionImpl - committing
03:48:37.357 [main] DEBUG o.h.e.i.AbstractFlushingEventListener - Processing flush-time cascades
03:48:37.357 [main] DEBUG o.h.e.i.AbstractFlushingEventListener - Dirty checking collections
03:48:37.357 [main] DEBUG o.h.e.i.AbstractFlushingEventListener - Flushed: 0 insertions, 0 updates, 0 deletions to 1 objects
03:48:37.357 [main] DEBUG o.h.e.i.AbstractFlushingEventListener - Flushed: 0 (re)creations, 0 updates, 0 removals to 0 collections
03:48:37.357 [main] DEBUG o.h.internal.util.EntityPrinter - Listing entities:
03:48:37.357 [main] DEBUG o.h.internal.util.EntityPrinter - edu.ncsu.csc.itrust2.models.persistent.User{password=$2a$10$uprqMD3.gqHNMu60XJTY9uwADbCdqyr7qSS7iZTXzK29AFHm93Hcm, role=ROLE_PATIENT, enabled=1, username=antti}
03:48:37.358 [main] DEBUG o.h.e.t.internal.TransactionImpl - begin
03:48:37.359 [main] DEBUG org.hibernate.SQL - select this_.self_id as self_id18_12_2_, this_.address1 as address1_12_2_, this_.address2 as address2_12_2_, this_.bloodType as bloodTyp3_12_2_, this_.causeOfDeath as causeOfD4_12_2_, this_.city as city5_12_2_, this_.dateOfBirth as dateOfBi6_12_2_, this_.dateOfDeath as dateOfDe7_12_2_, this_.email as email8_12_2_, this_.ethnicity as ethnicit9_12_2_, this_.father_id as father_19_12_2_, this_.firstName as firstNa10_12_2_, this_.gender as gender11_12_2_, this_.id as id12_12_2_, this_.lastName as lastNam13_12_2_, this_.mother_id as mother_20_12_2_, this_.phone as phone14_12_2_, this_.preferredName as preferr15_12_2_, this_.state as state16_12_2_, this_.zip as zip17_12_2_, user2_.username as username1_15_0_, user2_.enabled as enabled2_15_0_, user2_.password as password3_15_0_, user2_.role as role4_15_0_, user3_.username as username1_15_1_, user3_.enabled as enabled2_15_1_, user3_.password as password3_15_1_, user3_.role as role4_15_1_ from Patients this_ left outer join Users user2_ on this_.father_id=user2_.username left outer join Users user3_ on this_.mother_id=user3_.username where this_.self_id=?
Hibernate: select this_.self_id as self_id18_12_2_, this_.address1 as address1_12_2_, this_.address2 as address2_12_2_, this_.bloodType as bloodTyp3_12_2_, this_.causeOfDeath as causeOfD4_12_2_, this_.city as city5_12_2_, this_.dateOfBirth as dateOfBi6_12_2_, this_.dateOfDeath as dateOfDe7_12_2_, this_.email as email8_12_2_, this_.ethnicity as ethnicit9_12_2_, this_.father_id as father_19_12_2_, this_.firstName as firstNa10_12_2_, this_.gender as gender11_12_2_, this_.id as id12_12_2_, this_.lastName as lastNam13_12_2_, this_.mother_id as mother_20_12_2_, this_.phone as phone14_12_2_, this_.preferredName as preferr15_12_2_, this_.state as state16_12_2_, this_.zip as zip17_12_2_, user2_.username as username1_15_0_, user2_.enabled as enabled2_15_0_, user2_.password as password3_15_0_, user2_.role as role4_15_0_, user3_.username as username1_15_1_, user3_.enabled as enabled2_15_1_, user3_.password as password3_15_1_, user3_.role as role4_15_1_ from Patients this_ left outer join Users user2_ on this_.father_id=user2_.username left outer join Users user3_ on this_.mother_id=user3_.username where this_.self_id=?
03:48:37.360 [main] DEBUG org.hibernate.loader.Loader - Result set row: 0
03:48:37.361 [main] DEBUG org.hibernate.SQL - select user0_.username as username1_15_0_, user0_.enabled as enabled2_15_0_, user0_.password as password3_15_0_, user0_.role as role4_15_0_ from Users user0_ where user0_.username=?
Hibernate: select user0_.username as username1_15_0_, user0_.enabled as enabled2_15_0_, user0_.password as password3_15_0_, user0_.role as role4_15_0_ from Users user0_ where user0_.username=?
03:48:37.361 [main] DEBUG o.h.l.p.e.p.i.ResultSetProcessorImpl - Starting ResultSet row #0
03:48:37.362 [main] DEBUG o.h.l.p.e.p.i.EntityReferenceInitializerImpl - On call to EntityIdentifierReaderImpl#resolve, EntityKey was already known; should only happen on root returns with an optional identifier specified
03:48:37.362 [main] DEBUG o.h.engine.internal.TwoPhaseLoad - Resolving associations for [edu.ncsu.csc.itrust2.models.persistent.User#antti]
03:48:37.362 [main] DEBUG o.h.engine.internal.TwoPhaseLoad - Done materializing entity [edu.ncsu.csc.itrust2.models.persistent.User#antti]
03:48:37.362 [main] DEBUG o.h.r.j.i.ResourceRegistryStandardImpl - HHH000387: ResultSet's statement was not registered
03:48:37.362 [main] DEBUG o.h.l.e.p.AbstractLoadPlanBasedEntityLoader - Done entity load : edu.ncsu.csc.itrust2.models.persistent.User#antti
03:48:37.363 [main] DEBUG org.hibernate.loader.Loader - Result row: null, null, EntityKey[edu.ncsu.csc.itrust2.models.persistent.Patient#component[self]{self=edu.ncsu.csc.itrust2.models.persistent.User#antti}]
03:48:37.363 [main] DEBUG o.h.engine.internal.TwoPhaseLoad - Resolving associations for [edu.ncsu.csc.itrust2.models.persistent.Patient#component[self]{self=edu.ncsu.csc.itrust2.models.persistent.User#antti}]
03:48:37.363 [main] DEBUG o.h.engine.internal.TwoPhaseLoad - Done materializing entity [edu.ncsu.csc.itrust2.models.persistent.Patient#component[self]{self=edu.ncsu.csc.itrust2.models.persistent.User#antti}]
03:48:37.368 [main] DEBUG o.h.e.t.internal.TransactionImpl - committing
03:48:37.368 [main] DEBUG o.h.e.i.AbstractFlushingEventListener - Processing flush-time cascades
03:48:37.368 [main] DEBUG o.h.e.i.AbstractFlushingEventListener - Dirty checking collections
03:48:37.368 [main] DEBUG o.h.e.i.AbstractFlushingEventListener - Flushed: 0 insertions, 0 updates, 0 deletions to 2 objects
03:48:37.369 [main] DEBUG o.h.e.i.AbstractFlushingEventListener - Flushed: 0 (re)creations, 0 updates, 0 removals to 0 collections
03:48:37.369 [main] DEBUG o.h.internal.util.EntityPrinter - Listing entities:
03:48:37.369 [main] DEBUG o.h.internal.util.EntityPrinter - edu.ncsu.csc.itrust2.models.persistent.User{password=$2a$10$uprqMD3.gqHNMu60XJTY9uwADbCdqyr7qSS7iZTXzK29AFHm93Hcm, role=ROLE_PATIENT, enabled=1, username=antti}
03:48:37.369 [main] DEBUG o.h.internal.util.EntityPrinter - edu.ncsu.csc.itrust2.models.persistent.Patient{zip=27514, lastName=Walhelm, ethnicity=Caucasian, gender=Male, address2=Some Location, city=Viipuri, dateOfDeath=null, address1=1 Test Street, father=null, dateOfBirth=java.util.GregorianCalendar[time=235180800000,areFieldsSet=true,areAllFieldsSet=true,lenient=true,zone=sun.util.calendar.ZoneInfo[id="Etc/UTC",offset=0,dstSavings=0,useDaylight=false,transitions=0,lastRule=null],firstDayOfWeek=1,minimalDaysInFirstWeek=1,ERA=1,YEAR=1977,MONTH=5,WEEK_OF_YEAR=25,WEEK_OF_MONTH=3,DAY_OF_MONTH=15,DAY_OF_YEAR=166,DAY_OF_WEEK=4,DAY_OF_WEEK_IN_MONTH=3,AM_PM=0,HOUR=0,HOUR_OF_DAY=0,MINUTE=0,SECOND=0,MILLISECOND=0,ZONE_OFFSET=0,DST_OFFSET=0], bloodType=APos, firstName=Antti, mother=null, phone=123-456-7890, id=null, preferredName=null, state=NC, causeOfDeath=null, email=antti@itrust.fi}
03:48:37.370 [main] DEBUG o.s.w.s.m.m.a.HttpEntityMethodProcessor - Written [{"status":"failed","message":"Patient with the id antti already exists"}] as "text/plain" using [org.springframework.http.converter.StringHttpMessageConverter@7d41615a]
03:48:37.370 [main] DEBUG o.s.t.w.s.TestDispatcherServlet - Null ModelAndView returned to DispatcherServlet with name '': assuming HandlerAdapter completed request handling
03:48:37.370 [main] DEBUG o.s.t.w.s.TestDispatcherServlet - Successfully completed request
03:48:37.373 [main] DEBUG o.s.t.w.s.TestDispatcherServlet - DispatcherServlet with name '' processing GET request for [/api/v1/patients]
03:48:37.373 [main] DEBUG o.s.w.s.m.m.a.RequestMappingHandlerMapping - Looking up handler method for path /api/v1/patients
03:48:37.374 [main] DEBUG o.s.w.s.m.m.a.RequestMappingHandlerMapping - Returning handler method [public java.util.List<edu.ncsu.csc.itrust2.models.persistent.Patient> edu.ncsu.csc.itrust2.controllers.api.APIPatientController.getPatients()]
03:48:37.374 [main] DEBUG o.s.b.f.s.DefaultListableBeanFactory - Returning cached instance of singleton bean 'APIPatientController'
03:48:37.374 [main] DEBUG o.s.t.w.s.TestDispatcherServlet - Last-Modified value for [/api/v1/patients] is: -1
03:48:37.375 [main] DEBUG o.h.e.t.internal.TransactionImpl - begin
03:48:37.376 [main] DEBUG org.hibernate.SQL - select this_.self_id as self_id18_12_2_, this_.address1 as address1_12_2_, this_.address2 as address2_12_2_, this_.bloodType as bloodTyp3_12_2_, this_.causeOfDeath as causeOfD4_12_2_, this_.city as city5_12_2_, this_.dateOfBirth as dateOfBi6_12_2_, this_.dateOfDeath as dateOfDe7_12_2_, this_.email as email8_12_2_, this_.ethnicity as ethnicit9_12_2_, this_.father_id as father_19_12_2_, this_.firstName as firstNa10_12_2_, this_.gender as gender11_12_2_, this_.id as id12_12_2_, this_.lastName as lastNam13_12_2_, this_.mother_id as mother_20_12_2_, this_.phone as phone14_12_2_, this_.preferredName as preferr15_12_2_, this_.state as state16_12_2_, this_.zip as zip17_12_2_, user2_.username as username1_15_0_, user2_.enabled as enabled2_15_0_, user2_.password as password3_15_0_, user2_.role as role4_15_0_, user3_.username as username1_15_1_, user3_.enabled as enabled2_15_1_, user3_.password as password3_15_1_, user3_.role as role4_15_1_ from Patients this_ left outer join Users user2_ on this_.father_id=user2_.username left outer join Users user3_ on this_.mother_id=user3_.username
Hibernate: select this_.self_id as self_id18_12_2_, this_.address1 as address1_12_2_, this_.address2 as address2_12_2_, this_.bloodType as bloodTyp3_12_2_, this_.causeOfDeath as causeOfD4_12_2_, this_.city as city5_12_2_, this_.dateOfBirth as dateOfBi6_12_2_, this_.dateOfDeath as dateOfDe7_12_2_, this_.email as email8_12_2_, this_.ethnicity as ethnicit9_12_2_, this_.father_id as father_19_12_2_, this_.firstName as firstNa10_12_2_, this_.gender as gender11_12_2_, this_.id as id12_12_2_, this_.lastName as lastNam13_12_2_, this_.mother_id as mother_20_12_2_, this_.phone as phone14_12_2_, this_.preferredName as preferr15_12_2_, this_.state as state16_12_2_, this_.zip as zip17_12_2_, user2_.username as username1_15_0_, user2_.enabled as enabled2_15_0_, user2_.password as password3_15_0_, user2_.role as role4_15_0_, user3_.username as username1_15_1_, user3_.enabled as enabled2_15_1_, user3_.password as password3_15_1_, user3_.role as role4_15_1_ from Patients this_ left outer join Users user2_ on this_.father_id=user2_.username left outer join Users user3_ on this_.mother_id=user3_.username
03:48:37.377 [main] DEBUG org.hibernate.loader.Loader - Result set row: 0
03:48:37.377 [main] DEBUG org.hibernate.SQL - select user0_.username as username1_15_0_, user0_.enabled as enabled2_15_0_, user0_.password as password3_15_0_, user0_.role as role4_15_0_ from Users user0_ where user0_.username=?
Hibernate: select user0_.username as username1_15_0_, user0_.enabled as enabled2_15_0_, user0_.password as password3_15_0_, user0_.role as role4_15_0_ from Users user0_ where user0_.username=?
03:48:37.378 [main] DEBUG o.h.l.p.e.p.i.ResultSetProcessorImpl - Starting ResultSet row #0
03:48:37.378 [main] DEBUG o.h.l.p.e.p.i.EntityReferenceInitializerImpl - On call to EntityIdentifierReaderImpl#resolve, EntityKey was already known; should only happen on root returns with an optional identifier specified
03:48:37.378 [main] DEBUG o.h.engine.internal.TwoPhaseLoad - Resolving associations for [edu.ncsu.csc.itrust2.models.persistent.User#antti]
03:48:37.379 [main] DEBUG o.h.engine.internal.TwoPhaseLoad - Done materializing entity [edu.ncsu.csc.itrust2.models.persistent.User#antti]
03:48:37.379 [main] DEBUG o.h.r.j.i.ResourceRegistryStandardImpl - HHH000387: ResultSet's statement was not registered
03:48:37.379 [main] DEBUG o.h.l.e.p.AbstractLoadPlanBasedEntityLoader - Done entity load : edu.ncsu.csc.itrust2.models.persistent.User#antti
03:48:37.379 [main] DEBUG org.hibernate.loader.Loader - Result row: null, null, EntityKey[edu.ncsu.csc.itrust2.models.persistent.Patient#component[self]{self=edu.ncsu.csc.itrust2.models.persistent.User#antti}]
03:48:37.380 [main] DEBUG o.h.engine.internal.TwoPhaseLoad - Resolving associations for [edu.ncsu.csc.itrust2.models.persistent.Patient#component[self]{self=edu.ncsu.csc.itrust2.models.persistent.User#antti}]
03:48:37.380 [main] DEBUG o.h.engine.internal.TwoPhaseLoad - Done materializing entity [edu.ncsu.csc.itrust2.models.persistent.Patient#component[self]{self=edu.ncsu.csc.itrust2.models.persistent.User#antti}]
03:48:37.380 [main] DEBUG o.h.e.t.internal.TransactionImpl - committing
03:48:37.380 [main] DEBUG o.h.e.i.AbstractFlushingEventListener - Processing flush-time cascades
03:48:37.380 [main] DEBUG o.h.e.i.AbstractFlushingEventListener - Dirty checking collections
03:48:37.380 [main] DEBUG o.h.e.i.AbstractFlushingEventListener - Flushed: 0 insertions, 0 updates, 0 deletions to 2 objects
03:48:37.380 [main] DEBUG o.h.e.i.AbstractFlushingEventListener - Flushed: 0 (re)creations, 0 updates, 0 removals to 0 collections
03:48:37.380 [main] DEBUG o.h.internal.util.EntityPrinter - Listing entities:
03:48:37.381 [main] DEBUG o.h.internal.util.EntityPrinter - edu.ncsu.csc.itrust2.models.persistent.User{password=$2a$10$uprqMD3.gqHNMu60XJTY9uwADbCdqyr7qSS7iZTXzK29AFHm93Hcm, role=ROLE_PATIENT, enabled=1, username=antti}
03:48:37.381 [main] DEBUG o.h.internal.util.EntityPrinter - edu.ncsu.csc.itrust2.models.persistent.Patient{zip=27514, lastName=Walhelm, ethnicity=Caucasian, gender=Male, address2=Some Location, city=Viipuri, dateOfDeath=null, address1=1 Test Street, father=null, dateOfBirth=java.util.GregorianCalendar[time=235180800000,areFieldsSet=true,areAllFieldsSet=true,lenient=true,zone=sun.util.calendar.ZoneInfo[id="Etc/UTC",offset=0,dstSavings=0,useDaylight=false,transitions=0,lastRule=null],firstDayOfWeek=1,minimalDaysInFirstWeek=1,ERA=1,YEAR=1977,MONTH=5,WEEK_OF_YEAR=25,WEEK_OF_MONTH=3,DAY_OF_MONTH=15,DAY_OF_YEAR=166,DAY_OF_WEEK=4,DAY_OF_WEEK_IN_MONTH=3,AM_PM=0,HOUR=0,HOUR_OF_DAY=0,MINUTE=0,SECOND=0,MILLISECOND=0,ZONE_OFFSET=0,DST_OFFSET=0], bloodType=APos, firstName=Antti, mother=null, phone=123-456-7890, id=null, preferredName=null, state=NC, causeOfDeath=null, email=antti@itrust.fi}
03:48:37.382 [main] DEBUG o.s.w.s.m.m.a.RequestResponseBodyMethodProcessor - Written [[edu.ncsu.csc.itrust2.models.persistent.Patient@10ed5d57]] as "application/json" using [org.springframework.http.converter.json.GsonHttpMessageConverter@75a87b8c]
03:48:37.382 [main] DEBUG o.s.t.w.s.TestDispatcherServlet - Null ModelAndView returned to DispatcherServlet with name '': assuming HandlerAdapter completed request handling
03:48:37.382 [main] DEBUG o.s.t.w.s.TestDispatcherServlet - Successfully completed request
03:48:37.383 [main] DEBUG o.s.t.w.s.TestDispatcherServlet - DispatcherServlet with name '' processing GET request for [/api/v1/patients/antti]
03:48:37.383 [main] DEBUG o.s.w.s.m.m.a.RequestMappingHandlerMapping - Looking up handler method for path /api/v1/patients/antti
03:48:37.384 [main] DEBUG o.s.w.s.m.m.a.RequestMappingHandlerMapping - Returning handler method [public org.springframework.http.ResponseEntity edu.ncsu.csc.itrust2.controllers.api.APIPatientController.getPatient(java.lang.String)]
03:48:37.384 [main] DEBUG o.s.b.f.s.DefaultListableBeanFactory - Returning cached instance of singleton bean 'APIPatientController'
03:48:37.384 [main] DEBUG o.s.t.w.s.TestDispatcherServlet - Last-Modified value for [/api/v1/patients/antti] is: -1
03:48:37.385 [main] DEBUG o.h.e.t.internal.TransactionImpl - begin
03:48:37.386 [main] DEBUG org.hibernate.SQL - select this_.username as username1_15_0_, this_.enabled as enabled2_15_0_, this_.password as password3_15_0_, this_.role as role4_15_0_ from Users this_ where this_.username=? and this_.role=?
Hibernate: select this_.username as username1_15_0_, this_.enabled as enabled2_15_0_, this_.password as password3_15_0_, this_.role as role4_15_0_ from Users this_ where this_.username=? and this_.role=?
03:48:37.386 [main] DEBUG org.hibernate.loader.Loader - Result set row: 0
03:48:37.387 [main] DEBUG org.hibernate.loader.Loader - Result row: EntityKey[edu.ncsu.csc.itrust2.models.persistent.User#antti]
03:48:37.387 [main] DEBUG o.h.engine.internal.TwoPhaseLoad - Resolving associations for [edu.ncsu.csc.itrust2.models.persistent.User#antti]
03:48:37.387 [main] DEBUG o.h.engine.internal.TwoPhaseLoad - Done materializing entity [edu.ncsu.csc.itrust2.models.persistent.User#antti]
03:48:37.387 [main] DEBUG o.h.e.t.internal.TransactionImpl - committing
03:48:37.387 [main] DEBUG o.h.e.i.AbstractFlushingEventListener - Processing flush-time cascades
03:48:37.388 [main] DEBUG o.h.e.i.AbstractFlushingEventListener - Dirty checking collections
03:48:37.388 [main] DEBUG o.h.e.i.AbstractFlushingEventListener - Flushed: 0 insertions, 0 updates, 0 deletions to 1 objects
03:48:37.388 [main] DEBUG o.h.e.i.AbstractFlushingEventListener - Flushed: 0 (re)creations, 0 updates, 0 removals to 0 collections
03:48:37.388 [main] DEBUG o.h.internal.util.EntityPrinter - Listing entities:
03:48:37.388 [main] DEBUG o.h.internal.util.EntityPrinter - edu.ncsu.csc.itrust2.models.persistent.User{password=$2a$10$uprqMD3.gqHNMu60XJTY9uwADbCdqyr7qSS7iZTXzK29AFHm93Hcm, role=ROLE_PATIENT, enabled=1, username=antti}
03:48:37.389 [main] DEBUG o.h.e.t.internal.TransactionImpl - begin
03:48:37.390 [main] DEBUG org.hibernate.SQL - select this_.self_id as self_id18_12_2_, this_.address1 as address1_12_2_, this_.address2 as address2_12_2_, this_.bloodType as bloodTyp3_12_2_, this_.causeOfDeath as causeOfD4_12_2_, this_.city as city5_12_2_, this_.dateOfBirth as dateOfBi6_12_2_, this_.dateOfDeath as dateOfDe7_12_2_, this_.email as email8_12_2_, this_.ethnicity as ethnicit9_12_2_, this_.father_id as father_19_12_2_, this_.firstName as firstNa10_12_2_, this_.gender as gender11_12_2_, this_.id as id12_12_2_, this_.lastName as lastNam13_12_2_, this_.mother_id as mother_20_12_2_, this_.phone as phone14_12_2_, this_.preferredName as preferr15_12_2_, this_.state as state16_12_2_, this_.zip as zip17_12_2_, user2_.username as username1_15_0_, user2_.enabled as enabled2_15_0_, user2_.password as password3_15_0_, user2_.role as role4_15_0_, user3_.username as username1_15_1_, user3_.enabled as enabled2_15_1_, user3_.password as password3_15_1_, user3_.role as role4_15_1_ from Patients this_ left outer join Users user2_ on this_.father_id=user2_.username left outer join Users user3_ on this_.mother_id=user3_.username where this_.self_id=?
Hibernate: select this_.self_id as self_id18_12_2_, this_.address1 as address1_12_2_, this_.address2 as address2_12_2_, this_.bloodType as bloodTyp3_12_2_, this_.causeOfDeath as causeOfD4_12_2_, this_.city as city5_12_2_, this_.dateOfBirth as dateOfBi6_12_2_, this_.dateOfDeath as dateOfDe7_12_2_, this_.email as email8_12_2_, this_.ethnicity as ethnicit9_12_2_, this_.father_id as father_19_12_2_, this_.firstName as firstNa10_12_2_, this_.gender as gender11_12_2_, this_.id as id12_12_2_, this_.lastName as lastNam13_12_2_, this_.mother_id as mother_20_12_2_, this_.phone as phone14_12_2_, this_.preferredName as preferr15_12_2_, this_.state as state16_12_2_, this_.zip as zip17_12_2_, user2_.username as username1_15_0_, user2_.enabled as enabled2_15_0_, user2_.password as password3_15_0_, user2_.role as role4_15_0_, user3_.username as username1_15_1_, user3_.enabled as enabled2_15_1_, user3_.password as password3_15_1_, user3_.role as role4_15_1_ from Patients this_ left outer join Users user2_ on this_.father_id=user2_.username left outer join Users user3_ on this_.mother_id=user3_.username where this_.self_id=?
03:48:37.391 [main] DEBUG org.hibernate.loader.Loader - Result set row: 0
03:48:37.391 [main] DEBUG org.hibernate.SQL - select user0_.username as username1_15_0_, user0_.enabled as enabled2_15_0_, user0_.password as password3_15_0_, user0_.role as role4_15_0_ from Users user0_ where user0_.username=?
Hibernate: select user0_.username as username1_15_0_, user0_.enabled as enabled2_15_0_, user0_.password as password3_15_0_, user0_.role as role4_15_0_ from Users user0_ where user0_.username=?
03:48:37.392 [main] DEBUG o.h.l.p.e.p.i.ResultSetProcessorImpl - Starting ResultSet row #0
03:48:37.392 [main] DEBUG o.h.l.p.e.p.i.EntityReferenceInitializerImpl - On call to EntityIdentifierReaderImpl#resolve, EntityKey was already known; should only happen on root returns with an optional identifier specified
03:48:37.392 [main] DEBUG o.h.engine.internal.TwoPhaseLoad - Resolving associations for [edu.ncsu.csc.itrust2.models.persistent.User#antti]
03:48:37.392 [main] DEBUG o.h.engine.internal.TwoPhaseLoad - Done materializing entity [edu.ncsu.csc.itrust2.models.persistent.User#antti]
03:48:37.393 [main] DEBUG o.h.r.j.i.ResourceRegistryStandardImpl - HHH000387: ResultSet's statement was not registered
03:48:37.393 [main] DEBUG o.h.l.e.p.AbstractLoadPlanBasedEntityLoader - Done entity load : edu.ncsu.csc.itrust2.models.persistent.User#antti
03:48:37.393 [main] DEBUG org.hibernate.loader.Loader - Result row: null, null, EntityKey[edu.ncsu.csc.itrust2.models.persistent.Patient#component[self]{self=edu.ncsu.csc.itrust2.models.persistent.User#antti}]
03:48:37.393 [main] DEBUG o.h.engine.internal.TwoPhaseLoad - Resolving associations for [edu.ncsu.csc.itrust2.models.persistent.Patient#component[self]{self=edu.ncsu.csc.itrust2.models.persistent.User#antti}]
03:48:37.393 [main] DEBUG o.h.engine.internal.TwoPhaseLoad - Done materializing entity [edu.ncsu.csc.itrust2.models.persistent.Patient#component[self]{self=edu.ncsu.csc.itrust2.models.persistent.User#antti}]
03:48:37.394 [main] DEBUG o.h.e.t.internal.TransactionImpl - committing
03:48:37.394 [main] DEBUG o.h.e.i.AbstractFlushingEventListener - Processing flush-time cascades
03:48:37.394 [main] DEBUG o.h.e.i.AbstractFlushingEventListener - Dirty checking collections
03:48:37.394 [main] DEBUG o.h.e.i.AbstractFlushingEventListener - Flushed: 0 insertions, 0 updates, 0 deletions to 2 objects
03:48:37.394 [main] DEBUG o.h.e.i.AbstractFlushingEventListener - Flushed: 0 (re)creations, 0 updates, 0 removals to 0 collections
03:48:37.394 [main] DEBUG o.h.internal.util.EntityPrinter - Listing entities:
03:48:37.394 [main] DEBUG o.h.internal.util.EntityPrinter - edu.ncsu.csc.itrust2.models.persistent.User{password=$2a$10$uprqMD3.gqHNMu60XJTY9uwADbCdqyr7qSS7iZTXzK29AFHm93Hcm, role=ROLE_PATIENT, enabled=1, username=antti}
03:48:37.394 [main] DEBUG o.h.internal.util.EntityPrinter - edu.ncsu.csc.itrust2.models.persistent.Patient{zip=27514, lastName=Walhelm, ethnicity=Caucasian, gender=Male, address2=Some Location, city=Viipuri, dateOfDeath=null, address1=1 Test Street, father=null, dateOfBirth=java.util.GregorianCalendar[time=235180800000,areFieldsSet=true,areAllFieldsSet=true,lenient=true,zone=sun.util.calendar.ZoneInfo[id="Etc/UTC",offset=0,dstSavings=0,useDaylight=false,transitions=0,lastRule=null],firstDayOfWeek=1,minimalDaysInFirstWeek=1,ERA=1,YEAR=1977,MONTH=5,WEEK_OF_YEAR=25,WEEK_OF_MONTH=3,DAY_OF_MONTH=15,DAY_OF_YEAR=166,DAY_OF_WEEK=4,DAY_OF_WEEK_IN_MONTH=3,AM_PM=0,HOUR=0,HOUR_OF_DAY=0,MINUTE=0,SECOND=0,MILLISECOND=0,ZONE_OFFSET=0,DST_OFFSET=0], bloodType=APos, firstName=Antti, mother=null, phone=123-456-7890, id=null, preferredName=null, state=NC, causeOfDeath=null, email=antti@itrust.fi}
03:48:37.396 [main] DEBUG o.s.w.s.m.m.a.HttpEntityMethodProcessor - Written [{"status":"failed","message":"No Patient found for username antti"}] as "text/plain" using [org.springframework.http.converter.StringHttpMessageConverter@7d41615a]
03:48:37.396 [main] DEBUG o.s.t.w.s.TestDispatcherServlet - Null ModelAndView returned to DispatcherServlet with name '': assuming HandlerAdapter completed request handling
03:48:37.396 [main] DEBUG o.s.t.w.s.TestDispatcherServlet - Successfully completed request
03:48:37.397 [main] DEBUG o.s.t.c.s.AbstractDirtiesContextTestExecutionListener - After test method: context [DefaultTestContext@11c96f8c testClass = APIPatientTest, testInstance = edu.ncsu.csc.itrust2.apitest.APIPatientTest@3ef490fe, testMethod = testPatientAPI@APIPatientTest, testException = java.lang.AssertionError: Status expected:<200> but was:<404>, mergedContextConfiguration = [WebMergedContextConfiguration@2c9a4446 testClass = APIPatientTest, locations = '{}', classes = '{class edu.ncsu.csc.itrust2.config.RootConfiguration, class edu.ncsu.csc.itrust2.mvc.config.WebMvcConfiguration}', contextInitializerClasses = '[]', activeProfiles = '{}', propertySourceLocations = '{}', propertySourceProperties = '{}', contextCustomizers = set[[empty]], resourceBasePath = 'src/main/webapp', contextLoader = 'org.springframework.test.context.web.WebDelegatingSmartContextLoader', parent = [null]]], class annotated with @DirtiesContext [false] with mode [null], method annotated with @DirtiesContext [false] with mode [null].
03:48:37.397 [main] DEBUG o.s.t.c.w.ServletTestExecutionListener - Resetting RequestContextHolder for test context [DefaultTestContext@11c96f8c testClass = APIPatientTest, testInstance = edu.ncsu.csc.itrust2.apitest.APIPatientTest@3ef490fe, testMethod = testPatientAPI@APIPatientTest, testException = java.lang.AssertionError: Status expected:<200> but was:<404>, mergedContextConfiguration = [WebMergedContextConfiguration@2c9a4446 testClass = APIPatientTest, locations = '{}', classes = '{class edu.ncsu.csc.itrust2.config.RootConfiguration, class edu.ncsu.csc.itrust2.mvc.config.WebMvcConfiguration}', contextInitializerClasses = '[]', activeProfiles = '{}', propertySourceLocations = '{}', propertySourceProperties = '{}', contextCustomizers = set[[empty]], resourceBasePath = 'src/main/webapp', contextLoader = 'org.springframework.test.context.web.WebDelegatingSmartContextLoader', parent = [null]]].
]]></system-out>
  </testcase>
  <testcase name="testPatientAsPatient" classname="edu.ncsu.csc.itrust2.apitest.APIPatientTest" time="0.101"/>
  <testcase name="testPatientUnauthenticated" classname="edu.ncsu.csc.itrust2.apitest.APIPatientTest" time="0.014"/>
</testsuite>