<?xml version="1.0" encoding="UTF-8"?>
<testsuite xmlns:xsi="http://www.w3.org/2001/XMLSchema-instance" xsi:noNamespaceSchemaLocation="https://maven.apache.org/surefire/maven-surefire-plugin/xsd/surefire-test-report.xsd" name="edu.ncsu.csc.itrust2.apitest.APILogEntryTest" time="4.151" tests="2" errors="1" skipped="0" failures="0">
  <properties>
    <property name="java.runtime.name" value="Java(TM) SE Runtime Environment"/>
    <property name="sun.boot.library.path" value="/usr/lib/jvm/java-8-oracle/jre/lib/amd64"/>
    <property name="java.vm.version" value="25.161-b12"/>
    <property name="java.vm.vendor" value="Oracle Corporation"/>
    <property name="maven.multiModuleProjectDirectory" value="/var/lib/jenkins/workspace/iTrust-Fuzz-Job/iTrust2-v2/iTrust/iTrust2"/>
    <property name="java.vendor.url" value="http://java.oracle.com/"/>
    <property name="path.separator" value=":"/>
    <property name="guice.disable.misplaced.annotation.check" value="true"/>
    <property name="java.vm.name" value="Java HotSpot(TM) 64-Bit Server VM"/>
    <property name="file.encoding.pkg" value="sun.io"/>
    <property name="user.country" value="US"/>
    <property name="sun.java.launcher" value="SUN_STANDARD"/>
    <property name="sun.os.patch.level" value="unknown"/>
    <property name="java.vm.specification.name" value="Java Virtual Machine Specification"/>
    <property name="user.dir" value="/var/lib/jenkins/workspace/iTrust-Fuzz-Job/iTrust2-v2/iTrust/iTrust2"/>
    <property name="java.runtime.version" value="1.8.0_161-b12"/>
    <property name="java.awt.graphicsenv" value="sun.awt.X11GraphicsEnvironment"/>
    <property name="java.endorsed.dirs" value="/usr/lib/jvm/java-8-oracle/jre/lib/endorsed"/>
    <property name="os.arch" value="amd64"/>
    <property name="java.io.tmpdir" value="/tmp"/>
    <property name="line.separator" value="&#10;"/>
    <property name="java.vm.specification.vendor" value="Oracle Corporation"/>
    <property name="os.name" value="Linux"/>
    <property name="classworlds.conf" value="/usr/share/maven/bin/m2.conf"/>
    <property name="sun.jnu.encoding" value="UTF-8"/>
    <property name="java.library.path" value="/usr/java/packages/lib/amd64:/usr/lib64:/lib64:/lib:/usr/lib"/>
    <property name="java.specification.name" value="Java Platform API Specification"/>
    <property name="java.class.version" value="52.0"/>
    <property name="sun.management.compiler" value="HotSpot 64-Bit Tiered Compilers"/>
    <property name="os.version" value="4.4.0-116-generic"/>
    <property name="user.home" value="/root"/>
    <property name="user.timezone" value="Etc/UTC"/>
    <property name="java.awt.printerjob" value="sun.print.PSPrinterJob"/>
    <property name="file.encoding" value="UTF-8"/>
    <property name="java.specification.version" value="1.8"/>
    <property name="user.name" value="root"/>
    <property name="java.class.path" value="/usr/share/maven/boot/plexus-classworlds-2.x.jar"/>
    <property name="java.vm.specification.version" value="1.8"/>
    <property name="sun.arch.data.model" value="64"/>
    <property name="java.home" value="/usr/lib/jvm/java-8-oracle/jre"/>
    <property name="sun.java.command" value="org.codehaus.plexus.classworlds.launcher.Launcher clean test verify checkstyle:checkstyle"/>
    <property name="java.specification.vendor" value="Oracle Corporation"/>
    <property name="user.language" value="en"/>
    <property name="awt.toolkit" value="sun.awt.X11.XToolkit"/>
    <property name="java.vm.info" value="mixed mode"/>
    <property name="java.version" value="1.8.0_161"/>
    <property name="java.ext.dirs" value="/usr/lib/jvm/java-8-oracle/jre/lib/ext:/usr/java/packages/lib/ext"/>
    <property name="securerandom.source" value="file:/dev/./urandom"/>
    <property name="sun.boot.class.path" value="/usr/lib/jvm/java-8-oracle/jre/lib/resources.jar:/usr/lib/jvm/java-8-oracle/jre/lib/rt.jar:/usr/lib/jvm/java-8-oracle/jre/lib/sunrsasign.jar:/usr/lib/jvm/java-8-oracle/jre/lib/jsse.jar:/usr/lib/jvm/java-8-oracle/jre/lib/jce.jar:/usr/lib/jvm/java-8-oracle/jre/lib/charsets.jar:/usr/lib/jvm/java-8-oracle/jre/lib/jfr.jar:/usr/lib/jvm/java-8-oracle/jre/classes"/>
    <property name="java.vendor" value="Oracle Corporation"/>
    <property name="maven.home" value="/usr/share/maven"/>
    <property name="file.separator" value="/"/>
    <property name="java.vendor.url.bug" value="http://bugreport.sun.com/bugreport/"/>
    <property name="sun.cpu.endian" value="little"/>
    <property name="sun.io.unicode.encoding" value="UnicodeLittle"/>
    <property name="sun.cpu.isalist" value=""/>
  </properties>
  <testcase name="testLogByDateLarge" classname="edu.ncsu.csc.itrust2.apitest.APILogEntryTest" time="4.057">
    <error message="Request processing failed; nested exception is java.lang.NullPointerException" type="org.springframework.web.util.NestedServletException">org.springframework.web.util.NestedServletException: Request processing failed; nested exception is java.lang.NullPointerException
	at edu.ncsu.csc.itrust2.apitest.APILogEntryTest.testLogByDateLarge(APILogEntryTest.java:103)
Caused by: java.lang.NullPointerException
	at edu.ncsu.csc.itrust2.apitest.APILogEntryTest.testLogByDateLarge(APILogEntryTest.java:103)
</error>
    <system-out><![CDATA[19:33:11.337 [main] DEBUG o.s.t.c.j.SpringJUnit4ClassRunner - SpringJUnit4ClassRunner constructor called with [class edu.ncsu.csc.itrust2.apitest.APILogEntryTest]
19:33:11.337 [main] DEBUG o.s.test.context.BootstrapUtils - Instantiating CacheAwareContextLoaderDelegate from class [org.springframework.test.context.cache.DefaultCacheAwareContextLoaderDelegate]
19:33:11.337 [main] DEBUG o.s.test.context.BootstrapUtils - Instantiating BootstrapContext using constructor [public org.springframework.test.context.support.DefaultBootstrapContext(java.lang.Class,org.springframework.test.context.CacheAwareContextLoaderDelegate)]
19:33:11.337 [main] DEBUG o.s.test.context.BootstrapUtils - Instantiating TestContextBootstrapper for test class [edu.ncsu.csc.itrust2.apitest.APILogEntryTest] from class [org.springframework.test.context.web.WebTestContextBootstrapper]
19:33:11.337 [main] DEBUG o.s.t.c.s.AbstractDelegatingSmartContextLoader - Delegating to AnnotationConfigWebContextLoader to process context configuration [ContextConfigurationAttributes@61c8bad2 declaringClass = 'edu.ncsu.csc.itrust2.apitest.APILogEntryTest', classes = '{class edu.ncsu.csc.itrust2.config.RootConfiguration, class edu.ncsu.csc.itrust2.mvc.config.WebMvcConfiguration}', locations = '{}', inheritLocations = true, initializers = '{}', inheritInitializers = true, name = [null], contextLoaderClass = 'org.springframework.test.context.ContextLoader'].
19:33:11.338 [main] DEBUG o.s.t.c.support.ActiveProfilesUtils - Could not find an 'annotation declaring class' for annotation type [org.springframework.test.context.ActiveProfiles] and class [edu.ncsu.csc.itrust2.apitest.APILogEntryTest]
19:33:11.339 [main] DEBUG o.s.t.c.w.WebTestContextBootstrapper - @TestExecutionListeners is not present for class [edu.ncsu.csc.itrust2.apitest.APILogEntryTest]: using defaults.
19:33:11.350 [main] INFO  o.s.t.c.w.WebTestContextBootstrapper - Loaded default TestExecutionListener class names from location [META-INF/spring.factories]: [org.springframework.security.test.context.support.WithSecurityContextTestExecutionListener, org.springframework.test.context.web.ServletTestExecutionListener, org.springframework.test.context.support.DirtiesContextBeforeModesTestExecutionListener, org.springframework.test.context.support.DependencyInjectionTestExecutionListener, org.springframework.test.context.support.DirtiesContextTestExecutionListener, org.springframework.test.context.transaction.TransactionalTestExecutionListener, org.springframework.test.context.jdbc.SqlScriptsTestExecutionListener]
19:33:11.355 [main] INFO  o.s.t.c.w.WebTestContextBootstrapper - Using TestExecutionListeners: [org.springframework.test.context.web.ServletTestExecutionListener@76b2d0a3, org.springframework.test.context.support.DirtiesContextBeforeModesTestExecutionListener@1c714ca5, org.springframework.test.context.support.DependencyInjectionTestExecutionListener@6e7640dd, org.springframework.test.context.support.DirtiesContextTestExecutionListener@43b227ec, org.springframework.test.context.transaction.TransactionalTestExecutionListener@23e5d0f1, org.springframework.test.context.jdbc.SqlScriptsTestExecutionListener@35e7a44c, org.springframework.security.test.context.support.WithSecurityContextTestExecutionListener@69cb7a85]
19:33:11.355 [main] DEBUG o.s.t.annotation.ProfileValueUtils - Retrieved @ProfileValueSourceConfiguration [null] for test class [edu.ncsu.csc.itrust2.apitest.APILogEntryTest]
19:33:11.356 [main] DEBUG o.s.t.annotation.ProfileValueUtils - Retrieved ProfileValueSource type [class org.springframework.test.annotation.SystemProfileValueSource] for class [edu.ncsu.csc.itrust2.apitest.APILogEntryTest]
19:33:11.359 [main] DEBUG o.s.t.annotation.ProfileValueUtils - Retrieved @ProfileValueSourceConfiguration [null] for test class [edu.ncsu.csc.itrust2.apitest.APILogEntryTest]
19:33:11.360 [main] DEBUG o.s.t.annotation.ProfileValueUtils - Retrieved ProfileValueSource type [class org.springframework.test.annotation.SystemProfileValueSource] for class [edu.ncsu.csc.itrust2.apitest.APILogEntryTest]
19:33:11.360 [main] DEBUG o.s.t.annotation.ProfileValueUtils - Retrieved @ProfileValueSourceConfiguration [null] for test class [edu.ncsu.csc.itrust2.apitest.APILogEntryTest]
19:33:11.360 [main] DEBUG o.s.t.annotation.ProfileValueUtils - Retrieved ProfileValueSource type [class org.springframework.test.annotation.SystemProfileValueSource] for class [edu.ncsu.csc.itrust2.apitest.APILogEntryTest]
19:33:11.360 [main] DEBUG o.s.t.c.s.AbstractDirtiesContextTestExecutionListener - Before test class: context [DefaultTestContext@3b94bd17 testClass = APILogEntryTest, testInstance = [null], testMethod = [null], testException = [null], mergedContextConfiguration = [WebMergedContextConfiguration@36fb90cc testClass = APILogEntryTest, locations = '{}', classes = '{class edu.ncsu.csc.itrust2.config.RootConfiguration, class edu.ncsu.csc.itrust2.mvc.config.WebMvcConfiguration}', contextInitializerClasses = '[]', activeProfiles = '{}', propertySourceLocations = '{}', propertySourceProperties = '{}', contextCustomizers = set[[empty]], resourceBasePath = 'src/main/webapp', contextLoader = 'org.springframework.test.context.web.WebDelegatingSmartContextLoader', parent = [null]]], class annotated with @DirtiesContext [false] with mode [null].
19:33:11.360 [main] DEBUG o.s.t.annotation.ProfileValueUtils - Retrieved @ProfileValueSourceConfiguration [null] for test class [edu.ncsu.csc.itrust2.apitest.APILogEntryTest]
19:33:11.360 [main] DEBUG o.s.t.annotation.ProfileValueUtils - Retrieved ProfileValueSource type [class org.springframework.test.annotation.SystemProfileValueSource] for class [edu.ncsu.csc.itrust2.apitest.APILogEntryTest]
19:33:11.360 [main] DEBUG o.s.t.c.c.DefaultCacheAwareContextLoaderDelegate - Retrieved ApplicationContext from cache with key [[WebMergedContextConfiguration@36fb90cc testClass = APILogEntryTest, locations = '{}', classes = '{class edu.ncsu.csc.itrust2.config.RootConfiguration, class edu.ncsu.csc.itrust2.mvc.config.WebMvcConfiguration}', contextInitializerClasses = '[]', activeProfiles = '{}', propertySourceLocations = '{}', propertySourceProperties = '{}', contextCustomizers = set[[empty]], resourceBasePath = 'src/main/webapp', contextLoader = 'org.springframework.test.context.web.WebDelegatingSmartContextLoader', parent = [null]]]
19:33:11.361 [main] DEBUG o.springframework.test.context.cache - Spring test ApplicationContext cache statistics: [DefaultContextCache@42bfc11f size = 1, maxSize = 32, parentContextCount = 0, hitCount = 31, missCount = 1]
19:33:11.361 [main] DEBUG o.s.t.c.w.ServletTestExecutionListener - Setting up MockHttpServletRequest, MockHttpServletResponse, ServletWebRequest, and RequestContextHolder for test context [DefaultTestContext@3b94bd17 testClass = APILogEntryTest, testInstance = edu.ncsu.csc.itrust2.apitest.APILogEntryTest@3e36879b, testMethod = [null], testException = [null], mergedContextConfiguration = [WebMergedContextConfiguration@36fb90cc testClass = APILogEntryTest, locations = '{}', classes = '{class edu.ncsu.csc.itrust2.config.RootConfiguration, class edu.ncsu.csc.itrust2.mvc.config.WebMvcConfiguration}', contextInitializerClasses = '[]', activeProfiles = '{}', propertySourceLocations = '{}', propertySourceProperties = '{}', contextCustomizers = set[[empty]], resourceBasePath = 'src/main/webapp', contextLoader = 'org.springframework.test.context.web.WebDelegatingSmartContextLoader', parent = [null]]].
19:33:11.361 [main] DEBUG o.s.t.c.s.DependencyInjectionTestExecutionListener - Performing dependency injection for test context [[DefaultTestContext@3b94bd17 testClass = APILogEntryTest, testInstance = edu.ncsu.csc.itrust2.apitest.APILogEntryTest@3e36879b, testMethod = [null], testException = [null], mergedContextConfiguration = [WebMergedContextConfiguration@36fb90cc testClass = APILogEntryTest, locations = '{}', classes = '{class edu.ncsu.csc.itrust2.config.RootConfiguration, class edu.ncsu.csc.itrust2.mvc.config.WebMvcConfiguration}', contextInitializerClasses = '[]', activeProfiles = '{}', propertySourceLocations = '{}', propertySourceProperties = '{}', contextCustomizers = set[[empty]], resourceBasePath = 'src/main/webapp', contextLoader = 'org.springframework.test.context.web.WebDelegatingSmartContextLoader', parent = [null]]]].
19:33:11.361 [main] DEBUG o.s.t.c.c.DefaultCacheAwareContextLoaderDelegate - Retrieved ApplicationContext from cache with key [[WebMergedContextConfiguration@36fb90cc testClass = APILogEntryTest, locations = '{}', classes = '{class edu.ncsu.csc.itrust2.config.RootConfiguration, class edu.ncsu.csc.itrust2.mvc.config.WebMvcConfiguration}', contextInitializerClasses = '[]', activeProfiles = '{}', propertySourceLocations = '{}', propertySourceProperties = '{}', contextCustomizers = set[[empty]], resourceBasePath = 'src/main/webapp', contextLoader = 'org.springframework.test.context.web.WebDelegatingSmartContextLoader', parent = [null]]]
19:33:11.361 [main] DEBUG o.springframework.test.context.cache - Spring test ApplicationContext cache statistics: [DefaultContextCache@42bfc11f size = 1, maxSize = 32, parentContextCount = 0, hitCount = 32, missCount = 1]
19:33:11.363 [main] DEBUG o.s.b.f.annotation.InjectionMetadata - Processing injected element of bean 'edu.ncsu.csc.itrust2.apitest.APILogEntryTest': AutowiredFieldElement for private org.springframework.web.context.WebApplicationContext edu.ncsu.csc.itrust2.apitest.APILogEntryTest.context
19:33:11.363 [main] DEBUG o.s.b.f.a.AutowiredAnnotationBeanPostProcessor - Autowiring by type from bean name 'edu.ncsu.csc.itrust2.apitest.APILogEntryTest' to bean named 'org.springframework.web.context.support.GenericWebApplicationContext@599e4d41'
19:33:11.363 [main] DEBUG o.s.b.f.s.DefaultListableBeanFactory - Returning cached instance of singleton bean 'metaDataSourceAdvisor'
19:33:11.364 [main] DEBUG o.s.t.c.s.AbstractDirtiesContextTestExecutionListener - Before test method: context [DefaultTestContext@3b94bd17 testClass = APILogEntryTest, testInstance = edu.ncsu.csc.itrust2.apitest.APILogEntryTest@3e36879b, testMethod = testLogByDateLarge@APILogEntryTest, testException = [null], mergedContextConfiguration = [WebMergedContextConfiguration@36fb90cc testClass = APILogEntryTest, locations = '{}', classes = '{class edu.ncsu.csc.itrust2.config.RootConfiguration, class edu.ncsu.csc.itrust2.mvc.config.WebMvcConfiguration}', contextInitializerClasses = '[]', activeProfiles = '{}', propertySourceLocations = '{}', propertySourceProperties = '{}', contextCustomizers = set[[empty]], resourceBasePath = 'src/main/webapp', contextLoader = 'org.springframework.test.context.web.WebDelegatingSmartContextLoader', parent = [null]]], class annotated with @DirtiesContext [false] with mode [null], method annotated with @DirtiesContext [false] with mode [null].
19:33:11.364 [main] DEBUG o.s.t.c.c.DefaultCacheAwareContextLoaderDelegate - Retrieved ApplicationContext from cache with key [[WebMergedContextConfiguration@36fb90cc testClass = APILogEntryTest, locations = '{}', classes = '{class edu.ncsu.csc.itrust2.config.RootConfiguration, class edu.ncsu.csc.itrust2.mvc.config.WebMvcConfiguration}', contextInitializerClasses = '[]', activeProfiles = '{}', propertySourceLocations = '{}', propertySourceProperties = '{}', contextCustomizers = set[[empty]], resourceBasePath = 'src/main/webapp', contextLoader = 'org.springframework.test.context.web.WebDelegatingSmartContextLoader', parent = [null]]]
19:33:11.365 [main] DEBUG o.springframework.test.context.cache - Spring test ApplicationContext cache statistics: [DefaultContextCache@42bfc11f size = 1, maxSize = 32, parentContextCount = 0, hitCount = 33, missCount = 1]
19:33:11.365 [main] DEBUG o.s.b.f.s.DefaultListableBeanFactory - Creating instance of bean 'org.springframework.security.test.context.support.WithMockUserSecurityContextFactory'
19:33:11.365 [main] DEBUG o.s.b.f.s.DefaultListableBeanFactory - Finished creating instance of bean 'org.springframework.security.test.context.support.WithMockUserSecurityContextFactory'
19:33:11.365 [main] DEBUG o.s.t.w.s.TestDispatcherServlet - Initializing servlet ''
19:33:11.365 [main] DEBUG o.s.w.c.s.StandardServletEnvironment - Adding [servletConfigInitParams] PropertySource with lowest search precedence
19:33:11.365 [main] DEBUG o.s.w.c.s.StandardServletEnvironment - Adding [servletContextInitParams] PropertySource with lowest search precedence
19:33:11.365 [main] DEBUG o.s.w.c.s.StandardServletEnvironment - Adding [systemProperties] PropertySource with lowest search precedence
19:33:11.365 [main] DEBUG o.s.w.c.s.StandardServletEnvironment - Adding [systemEnvironment] PropertySource with lowest search precedence
19:33:11.365 [main] DEBUG o.s.w.c.s.StandardServletEnvironment - Initialized StandardServletEnvironment with PropertySources [servletConfigInitParams,servletContextInitParams,systemProperties,systemEnvironment]
19:33:11.365 [main] INFO  o.s.mock.web.MockServletContext - Initializing Spring FrameworkServlet ''
19:33:11.365 [main] INFO  o.s.t.w.s.TestDispatcherServlet - FrameworkServlet '': initialization started
19:33:11.365 [main] DEBUG o.s.t.w.s.TestDispatcherServlet - Unable to locate MultipartResolver with name 'multipartResolver': no multipart request handling provided
19:33:11.365 [main] DEBUG o.s.b.f.s.DefaultListableBeanFactory - Creating instance of bean 'org.springframework.web.servlet.i18n.AcceptHeaderLocaleResolver'
19:33:11.366 [main] DEBUG o.s.b.f.s.DefaultListableBeanFactory - Finished creating instance of bean 'org.springframework.web.servlet.i18n.AcceptHeaderLocaleResolver'
19:33:11.366 [main] DEBUG o.s.t.w.s.TestDispatcherServlet - Unable to locate LocaleResolver with name 'localeResolver': using default [org.springframework.web.servlet.i18n.AcceptHeaderLocaleResolver@1279b51b]
19:33:11.366 [main] DEBUG o.s.b.f.s.DefaultListableBeanFactory - Creating instance of bean 'org.springframework.web.servlet.theme.FixedThemeResolver'
19:33:11.366 [main] DEBUG o.s.b.f.s.DefaultListableBeanFactory - Finished creating instance of bean 'org.springframework.web.servlet.theme.FixedThemeResolver'
19:33:11.366 [main] DEBUG o.s.t.w.s.TestDispatcherServlet - Unable to locate ThemeResolver with name 'themeResolver': using default [org.springframework.web.servlet.theme.FixedThemeResolver@786e2a68]
19:33:11.366 [main] DEBUG o.s.b.f.s.DefaultListableBeanFactory - Returning cached instance of singleton bean 'requestMappingHandlerMapping'
19:33:11.366 [main] DEBUG o.s.b.f.s.DefaultListableBeanFactory - Returning cached instance of singleton bean 'viewControllerHandlerMapping'
19:33:11.366 [main] DEBUG o.s.b.f.s.DefaultListableBeanFactory - Returning cached instance of singleton bean 'beanNameHandlerMapping'
19:33:11.366 [main] DEBUG o.s.b.f.s.DefaultListableBeanFactory - Returning cached instance of singleton bean 'resourceHandlerMapping'
19:33:11.366 [main] DEBUG o.s.b.f.s.DefaultListableBeanFactory - Returning cached instance of singleton bean 'defaultServletHandlerMapping'
19:33:11.366 [main] DEBUG o.s.b.f.s.DefaultListableBeanFactory - Returning cached instance of singleton bean 'requestMappingHandlerAdapter'
19:33:11.366 [main] DEBUG o.s.b.f.s.DefaultListableBeanFactory - Returning cached instance of singleton bean 'httpRequestHandlerAdapter'
19:33:11.366 [main] DEBUG o.s.b.f.s.DefaultListableBeanFactory - Returning cached instance of singleton bean 'simpleControllerHandlerAdapter'
19:33:11.367 [main] DEBUG o.s.b.f.s.DefaultListableBeanFactory - Returning cached instance of singleton bean 'handlerExceptionResolver'
19:33:11.367 [main] DEBUG o.s.b.f.s.DefaultListableBeanFactory - Creating instance of bean 'org.springframework.web.servlet.view.DefaultRequestToViewNameTranslator'
19:33:11.367 [main] DEBUG o.s.b.f.s.DefaultListableBeanFactory - Finished creating instance of bean 'org.springframework.web.servlet.view.DefaultRequestToViewNameTranslator'
19:33:11.367 [main] DEBUG o.s.t.w.s.TestDispatcherServlet - Unable to locate RequestToViewNameTranslator with name 'viewNameTranslator': using default [org.springframework.web.servlet.view.DefaultRequestToViewNameTranslator@726e60a1]
19:33:11.367 [main] DEBUG o.s.b.f.s.DefaultListableBeanFactory - Returning cached instance of singleton bean 'mvcViewResolver'
19:33:11.367 [main] DEBUG o.s.b.f.s.DefaultListableBeanFactory - Returning cached instance of singleton bean 'viewResolver'
19:33:11.367 [main] DEBUG o.s.b.f.s.DefaultListableBeanFactory - Creating instance of bean 'org.springframework.web.servlet.support.SessionFlashMapManager'
19:33:11.367 [main] DEBUG o.s.b.f.s.DefaultListableBeanFactory - Finished creating instance of bean 'org.springframework.web.servlet.support.SessionFlashMapManager'
19:33:11.368 [main] DEBUG o.s.t.w.s.TestDispatcherServlet - Unable to locate FlashMapManager with name 'flashMapManager': using default [org.springframework.web.servlet.support.SessionFlashMapManager@20cb04eb]
19:33:11.368 [main] DEBUG o.s.t.w.s.TestDispatcherServlet - Published WebApplicationContext of servlet '' as ServletContext attribute with name [org.springframework.web.servlet.FrameworkServlet.CONTEXT.]
19:33:11.368 [main] INFO  o.s.t.w.s.TestDispatcherServlet - FrameworkServlet '': initialization completed in 3 ms
19:33:11.368 [main] DEBUG o.s.t.w.s.TestDispatcherServlet - Servlet '' configured successfully
19:33:11.368 [main] DEBUG o.h.e.t.internal.TransactionImpl - begin
19:33:11.384 [main] DEBUG org.hibernate.SQL - select user_.username, user_.enabled as enabled2_15_, user_.password as password3_15_, user_.role as role4_15_ from Users user_ where user_.username=?
Hibernate: select user_.username, user_.enabled as enabled2_15_, user_.password as password3_15_, user_.role as role4_15_ from Users user_ where user_.username=?
19:33:11.384 [main] DEBUG o.h.r.j.i.ResourceRegistryStandardImpl - HHH000387: ResultSet's statement was not registered
19:33:11.387 [main] DEBUG o.h.e.i.AbstractSaveEventListener - Generated identifier: logapitest, using strategy: org.hibernate.id.Assigned
19:33:11.388 [main] DEBUG o.h.e.t.internal.TransactionImpl - committing
19:33:11.388 [main] DEBUG o.h.e.i.AbstractFlushingEventListener - Processing flush-time cascades
19:33:11.388 [main] DEBUG o.h.e.i.AbstractFlushingEventListener - Dirty checking collections
19:33:11.388 [main] DEBUG o.h.e.i.AbstractFlushingEventListener - Flushed: 1 insertions, 0 updates, 0 deletions to 1 objects
19:33:11.388 [main] DEBUG o.h.e.i.AbstractFlushingEventListener - Flushed: 0 (re)creations, 0 updates, 0 removals to 0 collections
19:33:11.388 [main] DEBUG o.h.internal.util.EntityPrinter - Listing entities:
19:33:11.388 [main] DEBUG o.h.internal.util.EntityPrinter - edu.ncsu.csc.itrust2.models.persistent.User{password=$2a$10$EblZqNptyYvcLm/VwDCVAuBjzZOI7khzdyGPBr08PpIi0na624b8., role=ROLE_PATIENT, enabled=1, username=logapitest}
19:33:11.390 [main] DEBUG org.hibernate.SQL - insert into Users (enabled, password, role, username) values (?, ?, ?, ?)
Hibernate: insert into Users (enabled, password, role, username) values (?, ?, ?, ?)
19:33:11.395 [main] DEBUG o.h.e.j.internal.JdbcCoordinatorImpl - HHH000420: Closing un-released batch
19:33:11.396 [main] DEBUG o.h.e.t.internal.TransactionImpl - begin
19:33:11.401 [main] DEBUG org.hibernate.SQL - select next_val as id_val from hibernate_sequence for update
Hibernate: select next_val as id_val from hibernate_sequence for update
19:33:11.402 [main] DEBUG org.hibernate.SQL - update hibernate_sequence set next_val= ? where next_val=?
Hibernate: update hibernate_sequence set next_val= ? where next_val=?
19:33:11.404 [main] DEBUG o.h.e.i.AbstractSaveEventListener - Generated identifier: 33, using strategy: org.hibernate.id.enhanced.SequenceStyleGenerator
19:33:11.404 [main] DEBUG o.h.e.t.internal.TransactionImpl - committing
19:33:11.404 [main] DEBUG o.h.e.i.AbstractFlushingEventListener - Processing flush-time cascades
19:33:11.404 [main] DEBUG o.h.e.i.AbstractFlushingEventListener - Dirty checking collections
19:33:11.404 [main] DEBUG o.h.e.i.AbstractFlushingEventListener - Flushed: 1 insertions, 0 updates, 0 deletions to 1 objects
19:33:11.404 [main] DEBUG o.h.e.i.AbstractFlushingEventListener - Flushed: 0 (re)creations, 0 updates, 0 removals to 0 collections
19:33:11.404 [main] DEBUG o.h.internal.util.EntityPrinter - Listing entities:
19:33:11.405 [main] DEBUG o.h.internal.util.EntityPrinter - edu.ncsu.csc.itrust2.models.persistent.LogEntry{secondaryUser=null, logCode=5, primaryUser=logapitest, id=33, time=java.util.GregorianCalendar[time=1521660791395,areFieldsSet=true,areAllFieldsSet=true,lenient=true,zone=sun.util.calendar.ZoneInfo[id="Etc/UTC",offset=0,dstSavings=0,useDaylight=false,transitions=0,lastRule=null],firstDayOfWeek=1,minimalDaysInFirstWeek=1,ERA=1,YEAR=2018,MONTH=2,WEEK_OF_YEAR=12,WEEK_OF_MONTH=4,DAY_OF_MONTH=21,DAY_OF_YEAR=80,DAY_OF_WEEK=4,DAY_OF_WEEK_IN_MONTH=3,AM_PM=1,HOUR=7,HOUR_OF_DAY=19,MINUTE=33,SECOND=11,MILLISECOND=395,ZONE_OFFSET=0,DST_OFFSET=0], message=null}
19:33:11.406 [main] DEBUG org.hibernate.SQL - insert into LogEntries (logCode, message, primaryUser, secondaryUser, time, id) values (?, ?, ?, ?, ?, ?)
Hibernate: insert into LogEntries (logCode, message, primaryUser, secondaryUser, time, id) values (?, ?, ?, ?, ?, ?)
19:33:11.420 [main] DEBUG o.h.e.j.internal.JdbcCoordinatorImpl - HHH000420: Closing un-released batch
19:33:11.421 [main] DEBUG o.h.e.t.internal.TransactionImpl - begin
19:33:11.421 [main] DEBUG org.hibernate.SQL - select next_val as id_val from hibernate_sequence for update
Hibernate: select next_val as id_val from hibernate_sequence for update
19:33:11.421 [main] DEBUG org.hibernate.SQL - update hibernate_sequence set next_val= ? where next_val=?
Hibernate: update hibernate_sequence set next_val= ? where next_val=?
19:33:11.422 [main] DEBUG o.h.e.i.AbstractSaveEventListener - Generated identifier: 34, using strategy: org.hibernate.id.enhanced.SequenceStyleGenerator
19:33:11.423 [main] DEBUG o.h.e.t.internal.TransactionImpl - committing
19:33:11.423 [main] DEBUG o.h.e.i.AbstractFlushingEventListener - Processing flush-time cascades
19:33:11.423 [main] DEBUG o.h.e.i.AbstractFlushingEventListener - Dirty checking collections
19:33:11.423 [main] DEBUG o.h.e.i.AbstractFlushingEventListener - Flushed: 1 insertions, 0 updates, 0 deletions to 1 objects
19:33:11.423 [main] DEBUG o.h.e.i.AbstractFlushingEventListener - Flushed: 0 (re)creations, 0 updates, 0 removals to 0 collections
19:33:11.423 [main] DEBUG o.h.internal.util.EntityPrinter - Listing entities:
19:33:11.423 [main] DEBUG o.h.internal.util.EntityPrinter - edu.ncsu.csc.itrust2.models.persistent.LogEntry{secondaryUser=null, logCode=5, primaryUser=logapitest, id=34, time=java.util.GregorianCalendar[time=1521660791420,areFieldsSet=true,areAllFieldsSet=true,lenient=true,zone=sun.util.calendar.ZoneInfo[id="Etc/UTC",offset=0,dstSavings=0,useDaylight=false,transitions=0,lastRule=null],firstDayOfWeek=1,minimalDaysInFirstWeek=1,ERA=1,YEAR=2018,MONTH=2,WEEK_OF_YEAR=12,WEEK_OF_MONTH=4,DAY_OF_MONTH=21,DAY_OF_YEAR=80,DAY_OF_WEEK=4,DAY_OF_WEEK_IN_MONTH=3,AM_PM=1,HOUR=7,HOUR_OF_DAY=19,MINUTE=33,SECOND=11,MILLISECOND=420,ZONE_OFFSET=0,DST_OFFSET=0], message=null}
19:33:11.424 [main] DEBUG org.hibernate.SQL - insert into LogEntries (logCode, message, primaryUser, secondaryUser, time, id) values (?, ?, ?, ?, ?, ?)
Hibernate: insert into LogEntries (logCode, message, primaryUser, secondaryUser, time, id) values (?, ?, ?, ?, ?, ?)
19:33:11.427 [main] DEBUG o.h.e.j.internal.JdbcCoordinatorImpl - HHH000420: Closing un-released batch
19:33:11.427 [main] DEBUG o.h.e.t.internal.TransactionImpl - begin
19:33:11.428 [main] DEBUG org.hibernate.SQL - select next_val as id_val from hibernate_sequence for update
Hibernate: select next_val as id_val from hibernate_sequence for update
19:33:11.428 [main] DEBUG org.hibernate.SQL - update hibernate_sequence set next_val= ? where next_val=?
Hibernate: update hibernate_sequence set next_val= ? where next_val=?
19:33:11.429 [main] DEBUG o.h.e.i.AbstractSaveEventListener - Generated identifier: 35, using strategy: org.hibernate.id.enhanced.SequenceStyleGenerator
19:33:11.429 [main] DEBUG o.h.e.t.internal.TransactionImpl - committing
19:33:11.430 [main] DEBUG o.h.e.i.AbstractFlushingEventListener - Processing flush-time cascades
19:33:11.430 [main] DEBUG o.h.e.i.AbstractFlushingEventListener - Dirty checking collections
19:33:11.430 [main] DEBUG o.h.e.i.AbstractFlushingEventListener - Flushed: 1 insertions, 0 updates, 0 deletions to 1 objects
19:33:11.430 [main] DEBUG o.h.e.i.AbstractFlushingEventListener - Flushed: 0 (re)creations, 0 updates, 0 removals to 0 collections
19:33:11.430 [main] DEBUG o.h.internal.util.EntityPrinter - Listing entities:
19:33:11.430 [main] DEBUG o.h.internal.util.EntityPrinter - edu.ncsu.csc.itrust2.models.persistent.LogEntry{secondaryUser=null, logCode=5, primaryUser=logapitest, id=35, time=java.util.GregorianCalendar[time=1521660791427,areFieldsSet=true,areAllFieldsSet=true,lenient=true,zone=sun.util.calendar.ZoneInfo[id="Etc/UTC",offset=0,dstSavings=0,useDaylight=false,transitions=0,lastRule=null],firstDayOfWeek=1,minimalDaysInFirstWeek=1,ERA=1,YEAR=2018,MONTH=2,WEEK_OF_YEAR=12,WEEK_OF_MONTH=4,DAY_OF_MONTH=21,DAY_OF_YEAR=80,DAY_OF_WEEK=4,DAY_OF_WEEK_IN_MONTH=3,AM_PM=1,HOUR=7,HOUR_OF_DAY=19,MINUTE=33,SECOND=11,MILLISECOND=427,ZONE_OFFSET=0,DST_OFFSET=0], message=null}
19:33:11.430 [main] DEBUG org.hibernate.SQL - insert into LogEntries (logCode, message, primaryUser, secondaryUser, time, id) values (?, ?, ?, ?, ?, ?)
Hibernate: insert into LogEntries (logCode, message, primaryUser, secondaryUser, time, id) values (?, ?, ?, ?, ?, ?)
19:33:11.441 [main] DEBUG o.h.e.j.internal.JdbcCoordinatorImpl - HHH000420: Closing un-released batch
19:33:11.441 [main] DEBUG o.h.e.t.internal.TransactionImpl - begin
19:33:11.442 [main] DEBUG org.hibernate.SQL - select next_val as id_val from hibernate_sequence for update
Hibernate: select next_val as id_val from hibernate_sequence for update
19:33:11.442 [main] DEBUG org.hibernate.SQL - update hibernate_sequence set next_val= ? where next_val=?
Hibernate: update hibernate_sequence set next_val= ? where next_val=?
19:33:11.444 [main] DEBUG o.h.e.i.AbstractSaveEventListener - Generated identifier: 36, using strategy: org.hibernate.id.enhanced.SequenceStyleGenerator
19:33:11.444 [main] DEBUG o.h.e.t.internal.TransactionImpl - committing
19:33:11.444 [main] DEBUG o.h.e.i.AbstractFlushingEventListener - Processing flush-time cascades
19:33:11.444 [main] DEBUG o.h.e.i.AbstractFlushingEventListener - Dirty checking collections
19:33:11.444 [main] DEBUG o.h.e.i.AbstractFlushingEventListener - Flushed: 1 insertions, 0 updates, 0 deletions to 1 objects
19:33:11.444 [main] DEBUG o.h.e.i.AbstractFlushingEventListener - Flushed: 0 (re)creations, 0 updates, 0 removals to 0 collections
19:33:11.444 [main] DEBUG o.h.internal.util.EntityPrinter - Listing entities:
19:33:11.444 [main] DEBUG o.h.internal.util.EntityPrinter - edu.ncsu.csc.itrust2.models.persistent.LogEntry{secondaryUser=null, logCode=5, primaryUser=logapitest, id=36, time=java.util.GregorianCalendar[time=1521660791441,areFieldsSet=true,areAllFieldsSet=true,lenient=true,zone=sun.util.calendar.ZoneInfo[id="Etc/UTC",offset=0,dstSavings=0,useDaylight=false,transitions=0,lastRule=null],firstDayOfWeek=1,minimalDaysInFirstWeek=1,ERA=1,YEAR=2018,MONTH=2,WEEK_OF_YEAR=12,WEEK_OF_MONTH=4,DAY_OF_MONTH=21,DAY_OF_YEAR=80,DAY_OF_WEEK=4,DAY_OF_WEEK_IN_MONTH=3,AM_PM=1,HOUR=7,HOUR_OF_DAY=19,MINUTE=33,SECOND=11,MILLISECOND=441,ZONE_OFFSET=0,DST_OFFSET=0], message=null}
19:33:11.445 [main] DEBUG org.hibernate.SQL - insert into LogEntries (logCode, message, primaryUser, secondaryUser, time, id) values (?, ?, ?, ?, ?, ?)
Hibernate: insert into LogEntries (logCode, message, primaryUser, secondaryUser, time, id) values (?, ?, ?, ?, ?, ?)
19:33:11.448 [main] DEBUG o.h.e.j.internal.JdbcCoordinatorImpl - HHH000420: Closing un-released batch
19:33:11.449 [main] DEBUG o.h.e.t.internal.TransactionImpl - begin
19:33:11.449 [main] DEBUG org.hibernate.SQL - select next_val as id_val from hibernate_sequence for update
Hibernate: select next_val as id_val from hibernate_sequence for update
19:33:11.450 [main] DEBUG org.hibernate.SQL - update hibernate_sequence set next_val= ? where next_val=?
Hibernate: update hibernate_sequence set next_val= ? where next_val=?
19:33:11.451 [main] DEBUG o.h.e.i.AbstractSaveEventListener - Generated identifier: 37, using strategy: org.hibernate.id.enhanced.SequenceStyleGenerator
19:33:11.451 [main] DEBUG o.h.e.t.internal.TransactionImpl - committing
19:33:11.451 [main] DEBUG o.h.e.i.AbstractFlushingEventListener - Processing flush-time cascades
19:33:11.451 [main] DEBUG o.h.e.i.AbstractFlushingEventListener - Dirty checking collections
19:33:11.451 [main] DEBUG o.h.e.i.AbstractFlushingEventListener - Flushed: 1 insertions, 0 updates, 0 deletions to 1 objects
19:33:11.452 [main] DEBUG o.h.e.i.AbstractFlushingEventListener - Flushed: 0 (re)creations, 0 updates, 0 removals to 0 collections
19:33:11.452 [main] DEBUG o.h.internal.util.EntityPrinter - Listing entities:
19:33:11.452 [main] DEBUG o.h.internal.util.EntityPrinter - edu.ncsu.csc.itrust2.models.persistent.LogEntry{secondaryUser=null, logCode=5, primaryUser=logapitest, id=37, time=java.util.GregorianCalendar[time=1521660791449,areFieldsSet=true,areAllFieldsSet=true,lenient=true,zone=sun.util.calendar.ZoneInfo[id="Etc/UTC",offset=0,dstSavings=0,useDaylight=false,transitions=0,lastRule=null],firstDayOfWeek=1,minimalDaysInFirstWeek=1,ERA=1,YEAR=2018,MONTH=2,WEEK_OF_YEAR=12,WEEK_OF_MONTH=4,DAY_OF_MONTH=21,DAY_OF_YEAR=80,DAY_OF_WEEK=4,DAY_OF_WEEK_IN_MONTH=3,AM_PM=1,HOUR=7,HOUR_OF_DAY=19,MINUTE=33,SECOND=11,MILLISECOND=449,ZONE_OFFSET=0,DST_OFFSET=0], message=null}
19:33:11.452 [main] DEBUG org.hibernate.SQL - insert into LogEntries (logCode, message, primaryUser, secondaryUser, time, id) values (?, ?, ?, ?, ?, ?)
Hibernate: insert into LogEntries (logCode, message, primaryUser, secondaryUser, time, id) values (?, ?, ?, ?, ?, ?)
19:33:11.460 [main] DEBUG o.h.e.j.internal.JdbcCoordinatorImpl - HHH000420: Closing un-released batch
19:33:11.461 [main] DEBUG o.h.e.t.internal.TransactionImpl - begin
19:33:11.462 [main] DEBUG org.hibernate.SQL - select next_val as id_val from hibernate_sequence for update
Hibernate: select next_val as id_val from hibernate_sequence for update
19:33:11.462 [main] DEBUG org.hibernate.SQL - update hibernate_sequence set next_val= ? where next_val=?
Hibernate: update hibernate_sequence set next_val= ? where next_val=?
19:33:11.463 [main] DEBUG o.h.e.i.AbstractSaveEventListener - Generated identifier: 38, using strategy: org.hibernate.id.enhanced.SequenceStyleGenerator
19:33:11.463 [main] DEBUG o.h.e.t.internal.TransactionImpl - committing
19:33:11.464 [main] DEBUG o.h.e.i.AbstractFlushingEventListener - Processing flush-time cascades
19:33:11.464 [main] DEBUG o.h.e.i.AbstractFlushingEventListener - Dirty checking collections
19:33:11.464 [main] DEBUG o.h.e.i.AbstractFlushingEventListener - Flushed: 1 insertions, 0 updates, 0 deletions to 1 objects
19:33:11.464 [main] DEBUG o.h.e.i.AbstractFlushingEventListener - Flushed: 0 (re)creations, 0 updates, 0 removals to 0 collections
19:33:11.464 [main] DEBUG o.h.internal.util.EntityPrinter - Listing entities:
19:33:11.464 [main] DEBUG o.h.internal.util.EntityPrinter - edu.ncsu.csc.itrust2.models.persistent.LogEntry{secondaryUser=null, logCode=5, primaryUser=logapitest, id=38, time=java.util.GregorianCalendar[time=1521660791461,areFieldsSet=true,areAllFieldsSet=true,lenient=true,zone=sun.util.calendar.ZoneInfo[id="Etc/UTC",offset=0,dstSavings=0,useDaylight=false,transitions=0,lastRule=null],firstDayOfWeek=1,minimalDaysInFirstWeek=1,ERA=1,YEAR=2018,MONTH=2,WEEK_OF_YEAR=12,WEEK_OF_MONTH=4,DAY_OF_MONTH=21,DAY_OF_YEAR=80,DAY_OF_WEEK=4,DAY_OF_WEEK_IN_MONTH=3,AM_PM=1,HOUR=7,HOUR_OF_DAY=19,MINUTE=33,SECOND=11,MILLISECOND=461,ZONE_OFFSET=0,DST_OFFSET=0], message=null}
19:33:11.465 [main] DEBUG org.hibernate.SQL - insert into LogEntries (logCode, message, primaryUser, secondaryUser, time, id) values (?, ?, ?, ?, ?, ?)
Hibernate: insert into LogEntries (logCode, message, primaryUser, secondaryUser, time, id) values (?, ?, ?, ?, ?, ?)
19:33:11.466 [main] DEBUG o.h.e.j.internal.JdbcCoordinatorImpl - HHH000420: Closing un-released batch
19:33:11.467 [main] DEBUG o.h.e.t.internal.TransactionImpl - begin
19:33:11.468 [main] DEBUG org.hibernate.SQL - select next_val as id_val from hibernate_sequence for update
Hibernate: select next_val as id_val from hibernate_sequence for update
19:33:11.468 [main] DEBUG org.hibernate.SQL - update hibernate_sequence set next_val= ? where next_val=?
Hibernate: update hibernate_sequence set next_val= ? where next_val=?
19:33:11.469 [main] DEBUG o.h.e.i.AbstractSaveEventListener - Generated identifier: 39, using strategy: org.hibernate.id.enhanced.SequenceStyleGenerator
19:33:11.469 [main] DEBUG o.h.e.t.internal.TransactionImpl - committing
19:33:11.470 [main] DEBUG o.h.e.i.AbstractFlushingEventListener - Processing flush-time cascades
19:33:11.470 [main] DEBUG o.h.e.i.AbstractFlushingEventListener - Dirty checking collections
19:33:11.470 [main] DEBUG o.h.e.i.AbstractFlushingEventListener - Flushed: 1 insertions, 0 updates, 0 deletions to 1 objects
19:33:11.470 [main] DEBUG o.h.e.i.AbstractFlushingEventListener - Flushed: 0 (re)creations, 0 updates, 0 removals to 0 collections
19:33:11.470 [main] DEBUG o.h.internal.util.EntityPrinter - Listing entities:
19:33:11.470 [main] DEBUG o.h.internal.util.EntityPrinter - edu.ncsu.csc.itrust2.models.persistent.LogEntry{secondaryUser=null, logCode=5, primaryUser=logapitest, id=39, time=java.util.GregorianCalendar[time=1521660791467,areFieldsSet=true,areAllFieldsSet=true,lenient=true,zone=sun.util.calendar.ZoneInfo[id="Etc/UTC",offset=0,dstSavings=0,useDaylight=false,transitions=0,lastRule=null],firstDayOfWeek=1,minimalDaysInFirstWeek=1,ERA=1,YEAR=2018,MONTH=2,WEEK_OF_YEAR=12,WEEK_OF_MONTH=4,DAY_OF_MONTH=21,DAY_OF_YEAR=80,DAY_OF_WEEK=4,DAY_OF_WEEK_IN_MONTH=3,AM_PM=1,HOUR=7,HOUR_OF_DAY=19,MINUTE=33,SECOND=11,MILLISECOND=467,ZONE_OFFSET=0,DST_OFFSET=0], message=null}
19:33:11.472 [main] DEBUG org.hibernate.SQL - insert into LogEntries (logCode, message, primaryUser, secondaryUser, time, id) values (?, ?, ?, ?, ?, ?)
Hibernate: insert into LogEntries (logCode, message, primaryUser, secondaryUser, time, id) values (?, ?, ?, ?, ?, ?)
19:33:11.481 [main] DEBUG o.h.e.j.internal.JdbcCoordinatorImpl - HHH000420: Closing un-released batch
19:33:11.481 [main] DEBUG o.h.e.t.internal.TransactionImpl - begin
19:33:11.481 [main] DEBUG org.hibernate.SQL - select next_val as id_val from hibernate_sequence for update
Hibernate: select next_val as id_val from hibernate_sequence for update
19:33:11.482 [main] DEBUG org.hibernate.SQL - update hibernate_sequence set next_val= ? where next_val=?
Hibernate: update hibernate_sequence set next_val= ? where next_val=?
19:33:11.483 [main] DEBUG o.h.e.i.AbstractSaveEventListener - Generated identifier: 40, using strategy: org.hibernate.id.enhanced.SequenceStyleGenerator
19:33:11.483 [main] DEBUG o.h.e.t.internal.TransactionImpl - committing
19:33:11.483 [main] DEBUG o.h.e.i.AbstractFlushingEventListener - Processing flush-time cascades
19:33:11.484 [main] DEBUG o.h.e.i.AbstractFlushingEventListener - Dirty checking collections
19:33:11.484 [main] DEBUG o.h.e.i.AbstractFlushingEventListener - Flushed: 1 insertions, 0 updates, 0 deletions to 1 objects
19:33:11.484 [main] DEBUG o.h.e.i.AbstractFlushingEventListener - Flushed: 0 (re)creations, 0 updates, 0 removals to 0 collections
19:33:11.484 [main] DEBUG o.h.internal.util.EntityPrinter - Listing entities:
19:33:11.484 [main] DEBUG o.h.internal.util.EntityPrinter - edu.ncsu.csc.itrust2.models.persistent.LogEntry{secondaryUser=null, logCode=5, primaryUser=logapitest, id=40, time=java.util.GregorianCalendar[time=1521660791481,areFieldsSet=true,areAllFieldsSet=true,lenient=true,zone=sun.util.calendar.ZoneInfo[id="Etc/UTC",offset=0,dstSavings=0,useDaylight=false,transitions=0,lastRule=null],firstDayOfWeek=1,minimalDaysInFirstWeek=1,ERA=1,YEAR=2018,MONTH=2,WEEK_OF_YEAR=12,WEEK_OF_MONTH=4,DAY_OF_MONTH=21,DAY_OF_YEAR=80,DAY_OF_WEEK=4,DAY_OF_WEEK_IN_MONTH=3,AM_PM=1,HOUR=7,HOUR_OF_DAY=19,MINUTE=33,SECOND=11,MILLISECOND=481,ZONE_OFFSET=0,DST_OFFSET=0], message=null}
19:33:11.484 [main] DEBUG org.hibernate.SQL - insert into LogEntries (logCode, message, primaryUser, secondaryUser, time, id) values (?, ?, ?, ?, ?, ?)
Hibernate: insert into LogEntries (logCode, message, primaryUser, secondaryUser, time, id) values (?, ?, ?, ?, ?, ?)
19:33:11.488 [main] DEBUG o.h.e.j.internal.JdbcCoordinatorImpl - HHH000420: Closing un-released batch
19:33:11.489 [main] DEBUG o.h.e.t.internal.TransactionImpl - begin
19:33:11.490 [main] DEBUG org.hibernate.SQL - select next_val as id_val from hibernate_sequence for update
Hibernate: select next_val as id_val from hibernate_sequence for update
19:33:11.490 [main] DEBUG org.hibernate.SQL - update hibernate_sequence set next_val= ? where next_val=?
Hibernate: update hibernate_sequence set next_val= ? where next_val=?
19:33:11.491 [main] DEBUG o.h.e.i.AbstractSaveEventListener - Generated identifier: 41, using strategy: org.hibernate.id.enhanced.SequenceStyleGenerator
19:33:11.491 [main] DEBUG o.h.e.t.internal.TransactionImpl - committing
19:33:11.491 [main] DEBUG o.h.e.i.AbstractFlushingEventListener - Processing flush-time cascades
19:33:11.492 [main] DEBUG o.h.e.i.AbstractFlushingEventListener - Dirty checking collections
19:33:11.492 [main] DEBUG o.h.e.i.AbstractFlushingEventListener - Flushed: 1 insertions, 0 updates, 0 deletions to 1 objects
19:33:11.492 [main] DEBUG o.h.e.i.AbstractFlushingEventListener - Flushed: 0 (re)creations, 0 updates, 0 removals to 0 collections
19:33:11.492 [main] DEBUG o.h.internal.util.EntityPrinter - Listing entities:
19:33:11.492 [main] DEBUG o.h.internal.util.EntityPrinter - edu.ncsu.csc.itrust2.models.persistent.LogEntry{secondaryUser=null, logCode=5, primaryUser=logapitest, id=41, time=java.util.GregorianCalendar[time=1521660791489,areFieldsSet=true,areAllFieldsSet=true,lenient=true,zone=sun.util.calendar.ZoneInfo[id="Etc/UTC",offset=0,dstSavings=0,useDaylight=false,transitions=0,lastRule=null],firstDayOfWeek=1,minimalDaysInFirstWeek=1,ERA=1,YEAR=2018,MONTH=2,WEEK_OF_YEAR=12,WEEK_OF_MONTH=4,DAY_OF_MONTH=21,DAY_OF_YEAR=80,DAY_OF_WEEK=4,DAY_OF_WEEK_IN_MONTH=3,AM_PM=1,HOUR=7,HOUR_OF_DAY=19,MINUTE=33,SECOND=11,MILLISECOND=489,ZONE_OFFSET=0,DST_OFFSET=0], message=null}
19:33:11.493 [main] DEBUG org.hibernate.SQL - insert into LogEntries (logCode, message, primaryUser, secondaryUser, time, id) values (?, ?, ?, ?, ?, ?)
Hibernate: insert into LogEntries (logCode, message, primaryUser, secondaryUser, time, id) values (?, ?, ?, ?, ?, ?)
19:33:11.498 [main] DEBUG o.h.e.j.internal.JdbcCoordinatorImpl - HHH000420: Closing un-released batch
19:33:11.499 [main] DEBUG o.h.e.t.internal.TransactionImpl - begin
19:33:11.499 [main] DEBUG org.hibernate.SQL - select next_val as id_val from hibernate_sequence for update
Hibernate: select next_val as id_val from hibernate_sequence for update
19:33:11.500 [main] DEBUG org.hibernate.SQL - update hibernate_sequence set next_val= ? where next_val=?
Hibernate: update hibernate_sequence set next_val= ? where next_val=?
19:33:11.501 [main] DEBUG o.h.e.i.AbstractSaveEventListener - Generated identifier: 42, using strategy: org.hibernate.id.enhanced.SequenceStyleGenerator
19:33:11.501 [main] DEBUG o.h.e.t.internal.TransactionImpl - committing
19:33:11.502 [main] DEBUG o.h.e.i.AbstractFlushingEventListener - Processing flush-time cascades
19:33:11.502 [main] DEBUG o.h.e.i.AbstractFlushingEventListener - Dirty checking collections
19:33:11.502 [main] DEBUG o.h.e.i.AbstractFlushingEventListener - Flushed: 1 insertions, 0 updates, 0 deletions to 1 objects
19:33:11.502 [main] DEBUG o.h.e.i.AbstractFlushingEventListener - Flushed: 0 (re)creations, 0 updates, 0 removals to 0 collections
19:33:11.502 [main] DEBUG o.h.internal.util.EntityPrinter - Listing entities:
19:33:11.502 [main] DEBUG o.h.internal.util.EntityPrinter - edu.ncsu.csc.itrust2.models.persistent.LogEntry{secondaryUser=null, logCode=5, primaryUser=logapitest, id=42, time=java.util.GregorianCalendar[time=1521660791499,areFieldsSet=true,areAllFieldsSet=true,lenient=true,zone=sun.util.calendar.ZoneInfo[id="Etc/UTC",offset=0,dstSavings=0,useDaylight=false,transitions=0,lastRule=null],firstDayOfWeek=1,minimalDaysInFirstWeek=1,ERA=1,YEAR=2018,MONTH=2,WEEK_OF_YEAR=12,WEEK_OF_MONTH=4,DAY_OF_MONTH=21,DAY_OF_YEAR=80,DAY_OF_WEEK=4,DAY_OF_WEEK_IN_MONTH=3,AM_PM=1,HOUR=7,HOUR_OF_DAY=19,MINUTE=33,SECOND=11,MILLISECOND=499,ZONE_OFFSET=0,DST_OFFSET=0], message=null}
19:33:11.503 [main] DEBUG org.hibernate.SQL - insert into LogEntries (logCode, message, primaryUser, secondaryUser, time, id) values (?, ?, ?, ?, ?, ?)
Hibernate: insert into LogEntries (logCode, message, primaryUser, secondaryUser, time, id) values (?, ?, ?, ?, ?, ?)
19:33:11.514 [main] DEBUG o.h.e.j.internal.JdbcCoordinatorImpl - HHH000420: Closing un-released batch
19:33:11.514 [main] DEBUG o.h.e.t.internal.TransactionImpl - begin
19:33:11.515 [main] DEBUG org.hibernate.SQL - select next_val as id_val from hibernate_sequence for update
Hibernate: select next_val as id_val from hibernate_sequence for update
19:33:11.515 [main] DEBUG org.hibernate.SQL - update hibernate_sequence set next_val= ? where next_val=?
Hibernate: update hibernate_sequence set next_val= ? where next_val=?
19:33:11.517 [main] DEBUG o.h.e.i.AbstractSaveEventListener - Generated identifier: 43, using strategy: org.hibernate.id.enhanced.SequenceStyleGenerator
19:33:11.518 [main] DEBUG o.h.e.t.internal.TransactionImpl - committing
19:33:11.518 [main] DEBUG o.h.e.i.AbstractFlushingEventListener - Processing flush-time cascades
19:33:11.518 [main] DEBUG o.h.e.i.AbstractFlushingEventListener - Dirty checking collections
19:33:11.518 [main] DEBUG o.h.e.i.AbstractFlushingEventListener - Flushed: 1 insertions, 0 updates, 0 deletions to 1 objects
19:33:11.518 [main] DEBUG o.h.e.i.AbstractFlushingEventListener - Flushed: 0 (re)creations, 0 updates, 0 removals to 0 collections
19:33:11.518 [main] DEBUG o.h.internal.util.EntityPrinter - Listing entities:
19:33:11.518 [main] DEBUG o.h.internal.util.EntityPrinter - edu.ncsu.csc.itrust2.models.persistent.LogEntry{secondaryUser=null, logCode=5, primaryUser=logapitest, id=43, time=java.util.GregorianCalendar[time=1521660791514,areFieldsSet=true,areAllFieldsSet=true,lenient=true,zone=sun.util.calendar.ZoneInfo[id="Etc/UTC",offset=0,dstSavings=0,useDaylight=false,transitions=0,lastRule=null],firstDayOfWeek=1,minimalDaysInFirstWeek=1,ERA=1,YEAR=2018,MONTH=2,WEEK_OF_YEAR=12,WEEK_OF_MONTH=4,DAY_OF_MONTH=21,DAY_OF_YEAR=80,DAY_OF_WEEK=4,DAY_OF_WEEK_IN_MONTH=3,AM_PM=1,HOUR=7,HOUR_OF_DAY=19,MINUTE=33,SECOND=11,MILLISECOND=514,ZONE_OFFSET=0,DST_OFFSET=0], message=null}
19:33:11.519 [main] DEBUG org.hibernate.SQL - insert into LogEntries (logCode, message, primaryUser, secondaryUser, time, id) values (?, ?, ?, ?, ?, ?)
Hibernate: insert into LogEntries (logCode, message, primaryUser, secondaryUser, time, id) values (?, ?, ?, ?, ?, ?)
19:33:11.528 [main] DEBUG o.h.e.j.internal.JdbcCoordinatorImpl - HHH000420: Closing un-released batch
19:33:11.528 [main] DEBUG o.h.e.t.internal.TransactionImpl - begin
19:33:11.529 [main] DEBUG org.hibernate.SQL - select next_val as id_val from hibernate_sequence for update
Hibernate: select next_val as id_val from hibernate_sequence for update
19:33:11.529 [main] DEBUG org.hibernate.SQL - update hibernate_sequence set next_val= ? where next_val=?
Hibernate: update hibernate_sequence set next_val= ? where next_val=?
19:33:11.531 [main] DEBUG o.h.e.i.AbstractSaveEventListener - Generated identifier: 44, using strategy: org.hibernate.id.enhanced.SequenceStyleGenerator
19:33:11.531 [main] DEBUG o.h.e.t.internal.TransactionImpl - committing
19:33:11.531 [main] DEBUG o.h.e.i.AbstractFlushingEventListener - Processing flush-time cascades
19:33:11.531 [main] DEBUG o.h.e.i.AbstractFlushingEventListener - Dirty checking collections
19:33:11.532 [main] DEBUG o.h.e.i.AbstractFlushingEventListener - Flushed: 1 insertions, 0 updates, 0 deletions to 1 objects
19:33:11.532 [main] DEBUG o.h.e.i.AbstractFlushingEventListener - Flushed: 0 (re)creations, 0 updates, 0 removals to 0 collections
19:33:11.532 [main] DEBUG o.h.internal.util.EntityPrinter - Listing entities:
19:33:11.532 [main] DEBUG o.h.internal.util.EntityPrinter - edu.ncsu.csc.itrust2.models.persistent.LogEntry{secondaryUser=null, logCode=5, primaryUser=logapitest, id=44, time=java.util.GregorianCalendar[time=1521660791528,areFieldsSet=true,areAllFieldsSet=true,lenient=true,zone=sun.util.calendar.ZoneInfo[id="Etc/UTC",offset=0,dstSavings=0,useDaylight=false,transitions=0,lastRule=null],firstDayOfWeek=1,minimalDaysInFirstWeek=1,ERA=1,YEAR=2018,MONTH=2,WEEK_OF_YEAR=12,WEEK_OF_MONTH=4,DAY_OF_MONTH=21,DAY_OF_YEAR=80,DAY_OF_WEEK=4,DAY_OF_WEEK_IN_MONTH=3,AM_PM=1,HOUR=7,HOUR_OF_DAY=19,MINUTE=33,SECOND=11,MILLISECOND=528,ZONE_OFFSET=0,DST_OFFSET=0], message=null}
19:33:11.533 [main] DEBUG org.hibernate.SQL - insert into LogEntries (logCode, message, primaryUser, secondaryUser, time, id) values (?, ?, ?, ?, ?, ?)
Hibernate: insert into LogEntries (logCode, message, primaryUser, secondaryUser, time, id) values (?, ?, ?, ?, ?, ?)
19:33:11.536 [main] DEBUG o.h.e.j.internal.JdbcCoordinatorImpl - HHH000420: Closing un-released batch
19:33:11.536 [main] DEBUG o.h.e.t.internal.TransactionImpl - begin
19:33:11.537 [main] DEBUG org.hibernate.SQL - select next_val as id_val from hibernate_sequence for update
Hibernate: select next_val as id_val from hibernate_sequence for update
19:33:11.537 [main] DEBUG org.hibernate.SQL - update hibernate_sequence set next_val= ? where next_val=?
Hibernate: update hibernate_sequence set next_val= ? where next_val=?
19:33:11.538 [main] DEBUG o.h.e.i.AbstractSaveEventListener - Generated identifier: 45, using strategy: org.hibernate.id.enhanced.SequenceStyleGenerator
19:33:11.538 [main] DEBUG o.h.e.t.internal.TransactionImpl - committing
19:33:11.538 [main] DEBUG o.h.e.i.AbstractFlushingEventListener - Processing flush-time cascades
19:33:11.538 [main] DEBUG o.h.e.i.AbstractFlushingEventListener - Dirty checking collections
19:33:11.538 [main] DEBUG o.h.e.i.AbstractFlushingEventListener - Flushed: 1 insertions, 0 updates, 0 deletions to 1 objects
19:33:11.538 [main] DEBUG o.h.e.i.AbstractFlushingEventListener - Flushed: 0 (re)creations, 0 updates, 0 removals to 0 collections
19:33:11.539 [main] DEBUG o.h.internal.util.EntityPrinter - Listing entities:
19:33:11.539 [main] DEBUG o.h.internal.util.EntityPrinter - edu.ncsu.csc.itrust2.models.persistent.LogEntry{secondaryUser=null, logCode=5, primaryUser=logapitest, id=45, time=java.util.GregorianCalendar[time=1521660791536,areFieldsSet=true,areAllFieldsSet=true,lenient=true,zone=sun.util.calendar.ZoneInfo[id="Etc/UTC",offset=0,dstSavings=0,useDaylight=false,transitions=0,lastRule=null],firstDayOfWeek=1,minimalDaysInFirstWeek=1,ERA=1,YEAR=2018,MONTH=2,WEEK_OF_YEAR=12,WEEK_OF_MONTH=4,DAY_OF_MONTH=21,DAY_OF_YEAR=80,DAY_OF_WEEK=4,DAY_OF_WEEK_IN_MONTH=3,AM_PM=1,HOUR=7,HOUR_OF_DAY=19,MINUTE=33,SECOND=11,MILLISECOND=536,ZONE_OFFSET=0,DST_OFFSET=0], message=null}
19:33:11.540 [main] DEBUG org.hibernate.SQL - insert into LogEntries (logCode, message, primaryUser, secondaryUser, time, id) values (?, ?, ?, ?, ?, ?)
Hibernate: insert into LogEntries (logCode, message, primaryUser, secondaryUser, time, id) values (?, ?, ?, ?, ?, ?)
19:33:11.559 [main] DEBUG o.h.e.j.internal.JdbcCoordinatorImpl - HHH000420: Closing un-released batch
19:33:11.559 [main] DEBUG o.h.e.t.internal.TransactionImpl - begin
19:33:11.562 [main] DEBUG org.hibernate.SQL - select next_val as id_val from hibernate_sequence for update
Hibernate: select next_val as id_val from hibernate_sequence for update
19:33:11.562 [main] DEBUG org.hibernate.SQL - update hibernate_sequence set next_val= ? where next_val=?
Hibernate: update hibernate_sequence set next_val= ? where next_val=?
19:33:11.564 [main] DEBUG o.h.e.i.AbstractSaveEventListener - Generated identifier: 46, using strategy: org.hibernate.id.enhanced.SequenceStyleGenerator
19:33:11.564 [main] DEBUG o.h.e.t.internal.TransactionImpl - committing
19:33:11.564 [main] DEBUG o.h.e.i.AbstractFlushingEventListener - Processing flush-time cascades
19:33:11.564 [main] DEBUG o.h.e.i.AbstractFlushingEventListener - Dirty checking collections
19:33:11.564 [main] DEBUG o.h.e.i.AbstractFlushingEventListener - Flushed: 1 insertions, 0 updates, 0 deletions to 1 objects
19:33:11.564 [main] DEBUG o.h.e.i.AbstractFlushingEventListener - Flushed: 0 (re)creations, 0 updates, 0 removals to 0 collections
19:33:11.564 [main] DEBUG o.h.internal.util.EntityPrinter - Listing entities:
19:33:11.564 [main] DEBUG o.h.internal.util.EntityPrinter - edu.ncsu.csc.itrust2.models.persistent.LogEntry{secondaryUser=null, logCode=5, primaryUser=logapitest, id=46, time=java.util.GregorianCalendar[time=1521660791559,areFieldsSet=true,areAllFieldsSet=true,lenient=true,zone=sun.util.calendar.ZoneInfo[id="Etc/UTC",offset=0,dstSavings=0,useDaylight=false,transitions=0,lastRule=null],firstDayOfWeek=1,minimalDaysInFirstWeek=1,ERA=1,YEAR=2018,MONTH=2,WEEK_OF_YEAR=12,WEEK_OF_MONTH=4,DAY_OF_MONTH=21,DAY_OF_YEAR=80,DAY_OF_WEEK=4,DAY_OF_WEEK_IN_MONTH=3,AM_PM=1,HOUR=7,HOUR_OF_DAY=19,MINUTE=33,SECOND=11,MILLISECOND=559,ZONE_OFFSET=0,DST_OFFSET=0], message=null}
19:33:11.565 [main] DEBUG org.hibernate.SQL - insert into LogEntries (logCode, message, primaryUser, secondaryUser, time, id) values (?, ?, ?, ?, ?, ?)
Hibernate: insert into LogEntries (logCode, message, primaryUser, secondaryUser, time, id) values (?, ?, ?, ?, ?, ?)
19:33:11.585 [main] DEBUG o.h.e.j.internal.JdbcCoordinatorImpl - HHH000420: Closing un-released batch
19:33:11.586 [main] DEBUG o.h.e.t.internal.TransactionImpl - begin
19:33:11.588 [main] DEBUG org.hibernate.SQL - select next_val as id_val from hibernate_sequence for update
Hibernate: select next_val as id_val from hibernate_sequence for update
19:33:11.588 [main] DEBUG org.hibernate.SQL - update hibernate_sequence set next_val= ? where next_val=?
Hibernate: update hibernate_sequence set next_val= ? where next_val=?
19:33:11.590 [main] DEBUG o.h.e.i.AbstractSaveEventListener - Generated identifier: 47, using strategy: org.hibernate.id.enhanced.SequenceStyleGenerator
19:33:11.590 [main] DEBUG o.h.e.t.internal.TransactionImpl - committing
19:33:11.590 [main] DEBUG o.h.e.i.AbstractFlushingEventListener - Processing flush-time cascades
19:33:11.590 [main] DEBUG o.h.e.i.AbstractFlushingEventListener - Dirty checking collections
19:33:11.591 [main] DEBUG o.h.e.i.AbstractFlushingEventListener - Flushed: 1 insertions, 0 updates, 0 deletions to 1 objects
19:33:11.591 [main] DEBUG o.h.e.i.AbstractFlushingEventListener - Flushed: 0 (re)creations, 0 updates, 0 removals to 0 collections
19:33:11.591 [main] DEBUG o.h.internal.util.EntityPrinter - Listing entities:
19:33:11.591 [main] DEBUG o.h.internal.util.EntityPrinter - edu.ncsu.csc.itrust2.models.persistent.LogEntry{secondaryUser=null, logCode=5, primaryUser=logapitest, id=47, time=java.util.GregorianCalendar[time=1521660791585,areFieldsSet=true,areAllFieldsSet=true,lenient=true,zone=sun.util.calendar.ZoneInfo[id="Etc/UTC",offset=0,dstSavings=0,useDaylight=false,transitions=0,lastRule=null],firstDayOfWeek=1,minimalDaysInFirstWeek=1,ERA=1,YEAR=2018,MONTH=2,WEEK_OF_YEAR=12,WEEK_OF_MONTH=4,DAY_OF_MONTH=21,DAY_OF_YEAR=80,DAY_OF_WEEK=4,DAY_OF_WEEK_IN_MONTH=3,AM_PM=1,HOUR=7,HOUR_OF_DAY=19,MINUTE=33,SECOND=11,MILLISECOND=585,ZONE_OFFSET=0,DST_OFFSET=0], message=null}
19:33:11.591 [main] DEBUG org.hibernate.SQL - insert into LogEntries (logCode, message, primaryUser, secondaryUser, time, id) values (?, ?, ?, ?, ?, ?)
Hibernate: insert into LogEntries (logCode, message, primaryUser, secondaryUser, time, id) values (?, ?, ?, ?, ?, ?)
19:33:11.593 [main] DEBUG o.h.e.j.internal.JdbcCoordinatorImpl - HHH000420: Closing un-released batch
19:33:11.594 [main] DEBUG o.h.e.t.internal.TransactionImpl - begin
19:33:11.595 [main] DEBUG org.hibernate.SQL - select next_val as id_val from hibernate_sequence for update
Hibernate: select next_val as id_val from hibernate_sequence for update
19:33:11.595 [main] DEBUG org.hibernate.SQL - update hibernate_sequence set next_val= ? where next_val=?
Hibernate: update hibernate_sequence set next_val= ? where next_val=?
19:33:11.598 [main] DEBUG o.h.e.i.AbstractSaveEventListener - Generated identifier: 48, using strategy: org.hibernate.id.enhanced.SequenceStyleGenerator
19:33:11.598 [main] DEBUG o.h.e.t.internal.TransactionImpl - committing
19:33:11.598 [main] DEBUG o.h.e.i.AbstractFlushingEventListener - Processing flush-time cascades
19:33:11.599 [main] DEBUG o.h.e.i.AbstractFlushingEventListener - Dirty checking collections
19:33:11.599 [main] DEBUG o.h.e.i.AbstractFlushingEventListener - Flushed: 1 insertions, 0 updates, 0 deletions to 1 objects
19:33:11.599 [main] DEBUG o.h.e.i.AbstractFlushingEventListener - Flushed: 0 (re)creations, 0 updates, 0 removals to 0 collections
19:33:11.599 [main] DEBUG o.h.internal.util.EntityPrinter - Listing entities:
19:33:11.599 [main] DEBUG o.h.internal.util.EntityPrinter - edu.ncsu.csc.itrust2.models.persistent.LogEntry{secondaryUser=null, logCode=5, primaryUser=logapitest, id=48, time=java.util.GregorianCalendar[time=1521660791594,areFieldsSet=true,areAllFieldsSet=true,lenient=true,zone=sun.util.calendar.ZoneInfo[id="Etc/UTC",offset=0,dstSavings=0,useDaylight=false,transitions=0,lastRule=null],firstDayOfWeek=1,minimalDaysInFirstWeek=1,ERA=1,YEAR=2018,MONTH=2,WEEK_OF_YEAR=12,WEEK_OF_MONTH=4,DAY_OF_MONTH=21,DAY_OF_YEAR=80,DAY_OF_WEEK=4,DAY_OF_WEEK_IN_MONTH=3,AM_PM=1,HOUR=7,HOUR_OF_DAY=19,MINUTE=33,SECOND=11,MILLISECOND=594,ZONE_OFFSET=0,DST_OFFSET=0], message=null}
19:33:11.599 [main] DEBUG org.hibernate.SQL - insert into LogEntries (logCode, message, primaryUser, secondaryUser, time, id) values (?, ?, ?, ?, ?, ?)
Hibernate: insert into LogEntries (logCode, message, primaryUser, secondaryUser, time, id) values (?, ?, ?, ?, ?, ?)
19:33:11.603 [main] DEBUG o.h.e.j.internal.JdbcCoordinatorImpl - HHH000420: Closing un-released batch
19:33:11.606 [main] DEBUG o.h.e.t.internal.TransactionImpl - begin
19:33:11.607 [main] DEBUG org.hibernate.SQL - select next_val as id_val from hibernate_sequence for update
Hibernate: select next_val as id_val from hibernate_sequence for update
19:33:11.607 [main] DEBUG org.hibernate.SQL - update hibernate_sequence set next_val= ? where next_val=?
Hibernate: update hibernate_sequence set next_val= ? where next_val=?
19:33:11.608 [main] DEBUG o.h.e.i.AbstractSaveEventListener - Generated identifier: 49, using strategy: org.hibernate.id.enhanced.SequenceStyleGenerator
19:33:11.609 [main] DEBUG o.h.e.t.internal.TransactionImpl - committing
19:33:11.609 [main] DEBUG o.h.e.i.AbstractFlushingEventListener - Processing flush-time cascades
19:33:11.609 [main] DEBUG o.h.e.i.AbstractFlushingEventListener - Dirty checking collections
19:33:11.609 [main] DEBUG o.h.e.i.AbstractFlushingEventListener - Flushed: 1 insertions, 0 updates, 0 deletions to 1 objects
19:33:11.609 [main] DEBUG o.h.e.i.AbstractFlushingEventListener - Flushed: 0 (re)creations, 0 updates, 0 removals to 0 collections
19:33:11.609 [main] DEBUG o.h.internal.util.EntityPrinter - Listing entities:
19:33:11.609 [main] DEBUG o.h.internal.util.EntityPrinter - edu.ncsu.csc.itrust2.models.persistent.LogEntry{secondaryUser=null, logCode=5, primaryUser=logapitest, id=49, time=java.util.GregorianCalendar[time=1521660791606,areFieldsSet=true,areAllFieldsSet=true,lenient=true,zone=sun.util.calendar.ZoneInfo[id="Etc/UTC",offset=0,dstSavings=0,useDaylight=false,transitions=0,lastRule=null],firstDayOfWeek=1,minimalDaysInFirstWeek=1,ERA=1,YEAR=2018,MONTH=2,WEEK_OF_YEAR=12,WEEK_OF_MONTH=4,DAY_OF_MONTH=21,DAY_OF_YEAR=80,DAY_OF_WEEK=4,DAY_OF_WEEK_IN_MONTH=3,AM_PM=1,HOUR=7,HOUR_OF_DAY=19,MINUTE=33,SECOND=11,MILLISECOND=606,ZONE_OFFSET=0,DST_OFFSET=0], message=null}
19:33:11.612 [main] DEBUG org.hibernate.SQL - insert into LogEntries (logCode, message, primaryUser, secondaryUser, time, id) values (?, ?, ?, ?, ?, ?)
Hibernate: insert into LogEntries (logCode, message, primaryUser, secondaryUser, time, id) values (?, ?, ?, ?, ?, ?)
19:33:11.615 [main] DEBUG o.h.e.j.internal.JdbcCoordinatorImpl - HHH000420: Closing un-released batch
19:33:11.615 [main] DEBUG o.h.e.t.internal.TransactionImpl - begin
19:33:11.616 [main] DEBUG org.hibernate.SQL - select next_val as id_val from hibernate_sequence for update
Hibernate: select next_val as id_val from hibernate_sequence for update
19:33:11.617 [main] DEBUG org.hibernate.SQL - update hibernate_sequence set next_val= ? where next_val=?
Hibernate: update hibernate_sequence set next_val= ? where next_val=?
19:33:11.618 [main] DEBUG o.h.e.i.AbstractSaveEventListener - Generated identifier: 50, using strategy: org.hibernate.id.enhanced.SequenceStyleGenerator
19:33:11.619 [main] DEBUG o.h.e.t.internal.TransactionImpl - committing
19:33:11.619 [main] DEBUG o.h.e.i.AbstractFlushingEventListener - Processing flush-time cascades
19:33:11.619 [main] DEBUG o.h.e.i.AbstractFlushingEventListener - Dirty checking collections
19:33:11.619 [main] DEBUG o.h.e.i.AbstractFlushingEventListener - Flushed: 1 insertions, 0 updates, 0 deletions to 1 objects
19:33:11.619 [main] DEBUG o.h.e.i.AbstractFlushingEventListener - Flushed: 0 (re)creations, 0 updates, 0 removals to 0 collections
19:33:11.619 [main] DEBUG o.h.internal.util.EntityPrinter - Listing entities:
19:33:11.619 [main] DEBUG o.h.internal.util.EntityPrinter - edu.ncsu.csc.itrust2.models.persistent.LogEntry{secondaryUser=null, logCode=5, primaryUser=logapitest, id=50, time=java.util.GregorianCalendar[time=1521660791615,areFieldsSet=true,areAllFieldsSet=true,lenient=true,zone=sun.util.calendar.ZoneInfo[id="Etc/UTC",offset=0,dstSavings=0,useDaylight=false,transitions=0,lastRule=null],firstDayOfWeek=1,minimalDaysInFirstWeek=1,ERA=1,YEAR=2018,MONTH=2,WEEK_OF_YEAR=12,WEEK_OF_MONTH=4,DAY_OF_MONTH=21,DAY_OF_YEAR=80,DAY_OF_WEEK=4,DAY_OF_WEEK_IN_MONTH=3,AM_PM=1,HOUR=7,HOUR_OF_DAY=19,MINUTE=33,SECOND=11,MILLISECOND=615,ZONE_OFFSET=0,DST_OFFSET=0], message=null}
19:33:11.621 [main] DEBUG org.hibernate.SQL - insert into LogEntries (logCode, message, primaryUser, secondaryUser, time, id) values (?, ?, ?, ?, ?, ?)
Hibernate: insert into LogEntries (logCode, message, primaryUser, secondaryUser, time, id) values (?, ?, ?, ?, ?, ?)
19:33:11.624 [main] DEBUG o.h.e.j.internal.JdbcCoordinatorImpl - HHH000420: Closing un-released batch
19:33:11.624 [main] DEBUG o.h.e.t.internal.TransactionImpl - begin
19:33:11.629 [main] DEBUG org.hibernate.SQL - select next_val as id_val from hibernate_sequence for update
Hibernate: select next_val as id_val from hibernate_sequence for update
19:33:11.630 [main] DEBUG org.hibernate.SQL - update hibernate_sequence set next_val= ? where next_val=?
Hibernate: update hibernate_sequence set next_val= ? where next_val=?
19:33:11.631 [main] DEBUG o.h.e.i.AbstractSaveEventListener - Generated identifier: 51, using strategy: org.hibernate.id.enhanced.SequenceStyleGenerator
19:33:11.631 [main] DEBUG o.h.e.t.internal.TransactionImpl - committing
19:33:11.631 [main] DEBUG o.h.e.i.AbstractFlushingEventListener - Processing flush-time cascades
19:33:11.631 [main] DEBUG o.h.e.i.AbstractFlushingEventListener - Dirty checking collections
19:33:11.632 [main] DEBUG o.h.e.i.AbstractFlushingEventListener - Flushed: 1 insertions, 0 updates, 0 deletions to 1 objects
19:33:11.632 [main] DEBUG o.h.e.i.AbstractFlushingEventListener - Flushed: 0 (re)creations, 0 updates, 0 removals to 0 collections
19:33:11.632 [main] DEBUG o.h.internal.util.EntityPrinter - Listing entities:
19:33:11.632 [main] DEBUG o.h.internal.util.EntityPrinter - edu.ncsu.csc.itrust2.models.persistent.LogEntry{secondaryUser=null, logCode=5, primaryUser=logapitest, id=51, time=java.util.GregorianCalendar[time=1521660791624,areFieldsSet=true,areAllFieldsSet=true,lenient=true,zone=sun.util.calendar.ZoneInfo[id="Etc/UTC",offset=0,dstSavings=0,useDaylight=false,transitions=0,lastRule=null],firstDayOfWeek=1,minimalDaysInFirstWeek=1,ERA=1,YEAR=2018,MONTH=2,WEEK_OF_YEAR=12,WEEK_OF_MONTH=4,DAY_OF_MONTH=21,DAY_OF_YEAR=80,DAY_OF_WEEK=4,DAY_OF_WEEK_IN_MONTH=3,AM_PM=1,HOUR=7,HOUR_OF_DAY=19,MINUTE=33,SECOND=11,MILLISECOND=624,ZONE_OFFSET=0,DST_OFFSET=0], message=null}
19:33:11.634 [main] DEBUG org.hibernate.SQL - insert into LogEntries (logCode, message, primaryUser, secondaryUser, time, id) values (?, ?, ?, ?, ?, ?)
Hibernate: insert into LogEntries (logCode, message, primaryUser, secondaryUser, time, id) values (?, ?, ?, ?, ?, ?)
19:33:11.644 [main] DEBUG o.h.e.j.internal.JdbcCoordinatorImpl - HHH000420: Closing un-released batch
19:33:11.645 [main] DEBUG o.h.e.t.internal.TransactionImpl - begin
19:33:11.646 [main] DEBUG org.hibernate.SQL - select next_val as id_val from hibernate_sequence for update
Hibernate: select next_val as id_val from hibernate_sequence for update
19:33:11.646 [main] DEBUG org.hibernate.SQL - update hibernate_sequence set next_val= ? where next_val=?
Hibernate: update hibernate_sequence set next_val= ? where next_val=?
19:33:11.647 [main] DEBUG o.h.e.i.AbstractSaveEventListener - Generated identifier: 52, using strategy: org.hibernate.id.enhanced.SequenceStyleGenerator
19:33:11.647 [main] DEBUG o.h.e.t.internal.TransactionImpl - committing
19:33:11.647 [main] DEBUG o.h.e.i.AbstractFlushingEventListener - Processing flush-time cascades
19:33:11.647 [main] DEBUG o.h.e.i.AbstractFlushingEventListener - Dirty checking collections
19:33:11.647 [main] DEBUG o.h.e.i.AbstractFlushingEventListener - Flushed: 1 insertions, 0 updates, 0 deletions to 1 objects
19:33:11.647 [main] DEBUG o.h.e.i.AbstractFlushingEventListener - Flushed: 0 (re)creations, 0 updates, 0 removals to 0 collections
19:33:11.647 [main] DEBUG o.h.internal.util.EntityPrinter - Listing entities:
19:33:11.647 [main] DEBUG o.h.internal.util.EntityPrinter - edu.ncsu.csc.itrust2.models.persistent.LogEntry{secondaryUser=null, logCode=5, primaryUser=logapitest, id=52, time=java.util.GregorianCalendar[time=1521660791644,areFieldsSet=true,areAllFieldsSet=true,lenient=true,zone=sun.util.calendar.ZoneInfo[id="Etc/UTC",offset=0,dstSavings=0,useDaylight=false,transitions=0,lastRule=null],firstDayOfWeek=1,minimalDaysInFirstWeek=1,ERA=1,YEAR=2018,MONTH=2,WEEK_OF_YEAR=12,WEEK_OF_MONTH=4,DAY_OF_MONTH=21,DAY_OF_YEAR=80,DAY_OF_WEEK=4,DAY_OF_WEEK_IN_MONTH=3,AM_PM=1,HOUR=7,HOUR_OF_DAY=19,MINUTE=33,SECOND=11,MILLISECOND=644,ZONE_OFFSET=0,DST_OFFSET=0], message=null}
19:33:11.648 [main] DEBUG org.hibernate.SQL - insert into LogEntries (logCode, message, primaryUser, secondaryUser, time, id) values (?, ?, ?, ?, ?, ?)
Hibernate: insert into LogEntries (logCode, message, primaryUser, secondaryUser, time, id) values (?, ?, ?, ?, ?, ?)
19:33:11.650 [main] DEBUG o.h.e.j.internal.JdbcCoordinatorImpl - HHH000420: Closing un-released batch
19:33:11.650 [main] DEBUG o.h.e.t.internal.TransactionImpl - begin
19:33:11.653 [main] DEBUG org.hibernate.SQL - select next_val as id_val from hibernate_sequence for update
Hibernate: select next_val as id_val from hibernate_sequence for update
19:33:11.653 [main] DEBUG org.hibernate.SQL - update hibernate_sequence set next_val= ? where next_val=?
Hibernate: update hibernate_sequence set next_val= ? where next_val=?
19:33:11.654 [main] DEBUG o.h.e.i.AbstractSaveEventListener - Generated identifier: 53, using strategy: org.hibernate.id.enhanced.SequenceStyleGenerator
19:33:11.654 [main] DEBUG o.h.e.t.internal.TransactionImpl - committing
19:33:11.654 [main] DEBUG o.h.e.i.AbstractFlushingEventListener - Processing flush-time cascades
19:33:11.654 [main] DEBUG o.h.e.i.AbstractFlushingEventListener - Dirty checking collections
19:33:11.654 [main] DEBUG o.h.e.i.AbstractFlushingEventListener - Flushed: 1 insertions, 0 updates, 0 deletions to 1 objects
19:33:11.655 [main] DEBUG o.h.e.i.AbstractFlushingEventListener - Flushed: 0 (re)creations, 0 updates, 0 removals to 0 collections
19:33:11.655 [main] DEBUG o.h.internal.util.EntityPrinter - Listing entities:
19:33:11.655 [main] DEBUG o.h.internal.util.EntityPrinter - edu.ncsu.csc.itrust2.models.persistent.LogEntry{secondaryUser=null, logCode=5, primaryUser=logapitest, id=53, time=java.util.GregorianCalendar[time=1521660791650,areFieldsSet=true,areAllFieldsSet=true,lenient=true,zone=sun.util.calendar.ZoneInfo[id="Etc/UTC",offset=0,dstSavings=0,useDaylight=false,transitions=0,lastRule=null],firstDayOfWeek=1,minimalDaysInFirstWeek=1,ERA=1,YEAR=2018,MONTH=2,WEEK_OF_YEAR=12,WEEK_OF_MONTH=4,DAY_OF_MONTH=21,DAY_OF_YEAR=80,DAY_OF_WEEK=4,DAY_OF_WEEK_IN_MONTH=3,AM_PM=1,HOUR=7,HOUR_OF_DAY=19,MINUTE=33,SECOND=11,MILLISECOND=650,ZONE_OFFSET=0,DST_OFFSET=0], message=null}
19:33:11.656 [main] DEBUG org.hibernate.SQL - insert into LogEntries (logCode, message, primaryUser, secondaryUser, time, id) values (?, ?, ?, ?, ?, ?)
Hibernate: insert into LogEntries (logCode, message, primaryUser, secondaryUser, time, id) values (?, ?, ?, ?, ?, ?)
19:33:11.664 [main] DEBUG o.h.e.j.internal.JdbcCoordinatorImpl - HHH000420: Closing un-released batch
19:33:11.664 [main] DEBUG o.h.e.t.internal.TransactionImpl - begin
19:33:11.665 [main] DEBUG org.hibernate.SQL - select next_val as id_val from hibernate_sequence for update
Hibernate: select next_val as id_val from hibernate_sequence for update
19:33:11.665 [main] DEBUG org.hibernate.SQL - update hibernate_sequence set next_val= ? where next_val=?
Hibernate: update hibernate_sequence set next_val= ? where next_val=?
19:33:11.666 [main] DEBUG o.h.e.i.AbstractSaveEventListener - Generated identifier: 54, using strategy: org.hibernate.id.enhanced.SequenceStyleGenerator
19:33:11.666 [main] DEBUG o.h.e.t.internal.TransactionImpl - committing
19:33:11.666 [main] DEBUG o.h.e.i.AbstractFlushingEventListener - Processing flush-time cascades
19:33:11.666 [main] DEBUG o.h.e.i.AbstractFlushingEventListener - Dirty checking collections
19:33:11.666 [main] DEBUG o.h.e.i.AbstractFlushingEventListener - Flushed: 1 insertions, 0 updates, 0 deletions to 1 objects
19:33:11.667 [main] DEBUG o.h.e.i.AbstractFlushingEventListener - Flushed: 0 (re)creations, 0 updates, 0 removals to 0 collections
19:33:11.667 [main] DEBUG o.h.internal.util.EntityPrinter - Listing entities:
19:33:11.667 [main] DEBUG o.h.internal.util.EntityPrinter - edu.ncsu.csc.itrust2.models.persistent.LogEntry{secondaryUser=null, logCode=5, primaryUser=logapitest, id=54, time=java.util.GregorianCalendar[time=1521660791664,areFieldsSet=true,areAllFieldsSet=true,lenient=true,zone=sun.util.calendar.ZoneInfo[id="Etc/UTC",offset=0,dstSavings=0,useDaylight=false,transitions=0,lastRule=null],firstDayOfWeek=1,minimalDaysInFirstWeek=1,ERA=1,YEAR=2018,MONTH=2,WEEK_OF_YEAR=12,WEEK_OF_MONTH=4,DAY_OF_MONTH=21,DAY_OF_YEAR=80,DAY_OF_WEEK=4,DAY_OF_WEEK_IN_MONTH=3,AM_PM=1,HOUR=7,HOUR_OF_DAY=19,MINUTE=33,SECOND=11,MILLISECOND=664,ZONE_OFFSET=0,DST_OFFSET=0], message=null}
19:33:11.667 [main] DEBUG org.hibernate.SQL - insert into LogEntries (logCode, message, primaryUser, secondaryUser, time, id) values (?, ?, ?, ?, ?, ?)
Hibernate: insert into LogEntries (logCode, message, primaryUser, secondaryUser, time, id) values (?, ?, ?, ?, ?, ?)
19:33:11.669 [main] DEBUG o.h.e.j.internal.JdbcCoordinatorImpl - HHH000420: Closing un-released batch
19:33:11.671 [main] DEBUG o.h.e.t.internal.TransactionImpl - begin
19:33:11.671 [main] DEBUG org.hibernate.SQL - select next_val as id_val from hibernate_sequence for update
Hibernate: select next_val as id_val from hibernate_sequence for update
19:33:11.672 [main] DEBUG org.hibernate.SQL - update hibernate_sequence set next_val= ? where next_val=?
Hibernate: update hibernate_sequence set next_val= ? where next_val=?
19:33:11.673 [main] DEBUG o.h.e.i.AbstractSaveEventListener - Generated identifier: 55, using strategy: org.hibernate.id.enhanced.SequenceStyleGenerator
19:33:11.673 [main] DEBUG o.h.e.t.internal.TransactionImpl - committing
19:33:11.673 [main] DEBUG o.h.e.i.AbstractFlushingEventListener - Processing flush-time cascades
19:33:11.673 [main] DEBUG o.h.e.i.AbstractFlushingEventListener - Dirty checking collections
19:33:11.673 [main] DEBUG o.h.e.i.AbstractFlushingEventListener - Flushed: 1 insertions, 0 updates, 0 deletions to 1 objects
19:33:11.673 [main] DEBUG o.h.e.i.AbstractFlushingEventListener - Flushed: 0 (re)creations, 0 updates, 0 removals to 0 collections
19:33:11.673 [main] DEBUG o.h.internal.util.EntityPrinter - Listing entities:
19:33:11.673 [main] DEBUG o.h.internal.util.EntityPrinter - edu.ncsu.csc.itrust2.models.persistent.LogEntry{secondaryUser=null, logCode=5, primaryUser=logapitest, id=55, time=java.util.GregorianCalendar[time=1521660791670,areFieldsSet=true,areAllFieldsSet=true,lenient=true,zone=sun.util.calendar.ZoneInfo[id="Etc/UTC",offset=0,dstSavings=0,useDaylight=false,transitions=0,lastRule=null],firstDayOfWeek=1,minimalDaysInFirstWeek=1,ERA=1,YEAR=2018,MONTH=2,WEEK_OF_YEAR=12,WEEK_OF_MONTH=4,DAY_OF_MONTH=21,DAY_OF_YEAR=80,DAY_OF_WEEK=4,DAY_OF_WEEK_IN_MONTH=3,AM_PM=1,HOUR=7,HOUR_OF_DAY=19,MINUTE=33,SECOND=11,MILLISECOND=670,ZONE_OFFSET=0,DST_OFFSET=0], message=null}
19:33:11.674 [main] DEBUG org.hibernate.SQL - insert into LogEntries (logCode, message, primaryUser, secondaryUser, time, id) values (?, ?, ?, ?, ?, ?)
Hibernate: insert into LogEntries (logCode, message, primaryUser, secondaryUser, time, id) values (?, ?, ?, ?, ?, ?)
19:33:11.684 [main] DEBUG o.h.e.j.internal.JdbcCoordinatorImpl - HHH000420: Closing un-released batch
19:33:11.685 [main] DEBUG o.h.e.t.internal.TransactionImpl - begin
19:33:11.685 [main] DEBUG org.hibernate.SQL - select next_val as id_val from hibernate_sequence for update
Hibernate: select next_val as id_val from hibernate_sequence for update
19:33:11.686 [main] DEBUG org.hibernate.SQL - update hibernate_sequence set next_val= ? where next_val=?
Hibernate: update hibernate_sequence set next_val= ? where next_val=?
19:33:11.687 [main] DEBUG o.h.e.i.AbstractSaveEventListener - Generated identifier: 56, using strategy: org.hibernate.id.enhanced.SequenceStyleGenerator
19:33:11.688 [main] DEBUG o.h.e.t.internal.TransactionImpl - committing
19:33:11.688 [main] DEBUG o.h.e.i.AbstractFlushingEventListener - Processing flush-time cascades
19:33:11.688 [main] DEBUG o.h.e.i.AbstractFlushingEventListener - Dirty checking collections
19:33:11.688 [main] DEBUG o.h.e.i.AbstractFlushingEventListener - Flushed: 1 insertions, 0 updates, 0 deletions to 1 objects
19:33:11.688 [main] DEBUG o.h.e.i.AbstractFlushingEventListener - Flushed: 0 (re)creations, 0 updates, 0 removals to 0 collections
19:33:11.688 [main] DEBUG o.h.internal.util.EntityPrinter - Listing entities:
19:33:11.688 [main] DEBUG o.h.internal.util.EntityPrinter - edu.ncsu.csc.itrust2.models.persistent.LogEntry{secondaryUser=null, logCode=5, primaryUser=logapitest, id=56, time=java.util.GregorianCalendar[time=1521660791685,areFieldsSet=true,areAllFieldsSet=true,lenient=true,zone=sun.util.calendar.ZoneInfo[id="Etc/UTC",offset=0,dstSavings=0,useDaylight=false,transitions=0,lastRule=null],firstDayOfWeek=1,minimalDaysInFirstWeek=1,ERA=1,YEAR=2018,MONTH=2,WEEK_OF_YEAR=12,WEEK_OF_MONTH=4,DAY_OF_MONTH=21,DAY_OF_YEAR=80,DAY_OF_WEEK=4,DAY_OF_WEEK_IN_MONTH=3,AM_PM=1,HOUR=7,HOUR_OF_DAY=19,MINUTE=33,SECOND=11,MILLISECOND=685,ZONE_OFFSET=0,DST_OFFSET=0], message=null}
19:33:11.690 [main] DEBUG org.hibernate.SQL - insert into LogEntries (logCode, message, primaryUser, secondaryUser, time, id) values (?, ?, ?, ?, ?, ?)
Hibernate: insert into LogEntries (logCode, message, primaryUser, secondaryUser, time, id) values (?, ?, ?, ?, ?, ?)
19:33:11.691 [main] DEBUG o.h.e.j.internal.JdbcCoordinatorImpl - HHH000420: Closing un-released batch
19:33:11.692 [main] DEBUG o.h.e.t.internal.TransactionImpl - begin
19:33:11.692 [main] DEBUG org.hibernate.SQL - select next_val as id_val from hibernate_sequence for update
Hibernate: select next_val as id_val from hibernate_sequence for update
19:33:11.692 [main] DEBUG org.hibernate.SQL - update hibernate_sequence set next_val= ? where next_val=?
Hibernate: update hibernate_sequence set next_val= ? where next_val=?
19:33:11.693 [main] DEBUG o.h.e.i.AbstractSaveEventListener - Generated identifier: 57, using strategy: org.hibernate.id.enhanced.SequenceStyleGenerator
19:33:11.694 [main] DEBUG o.h.e.t.internal.TransactionImpl - committing
19:33:11.694 [main] DEBUG o.h.e.i.AbstractFlushingEventListener - Processing flush-time cascades
19:33:11.694 [main] DEBUG o.h.e.i.AbstractFlushingEventListener - Dirty checking collections
19:33:11.694 [main] DEBUG o.h.e.i.AbstractFlushingEventListener - Flushed: 1 insertions, 0 updates, 0 deletions to 1 objects
19:33:11.694 [main] DEBUG o.h.e.i.AbstractFlushingEventListener - Flushed: 0 (re)creations, 0 updates, 0 removals to 0 collections
19:33:11.694 [main] DEBUG o.h.internal.util.EntityPrinter - Listing entities:
19:33:11.694 [main] DEBUG o.h.internal.util.EntityPrinter - edu.ncsu.csc.itrust2.models.persistent.LogEntry{secondaryUser=null, logCode=5, primaryUser=logapitest, id=57, time=java.util.GregorianCalendar[time=1521660791692,areFieldsSet=true,areAllFieldsSet=true,lenient=true,zone=sun.util.calendar.ZoneInfo[id="Etc/UTC",offset=0,dstSavings=0,useDaylight=false,transitions=0,lastRule=null],firstDayOfWeek=1,minimalDaysInFirstWeek=1,ERA=1,YEAR=2018,MONTH=2,WEEK_OF_YEAR=12,WEEK_OF_MONTH=4,DAY_OF_MONTH=21,DAY_OF_YEAR=80,DAY_OF_WEEK=4,DAY_OF_WEEK_IN_MONTH=3,AM_PM=1,HOUR=7,HOUR_OF_DAY=19,MINUTE=33,SECOND=11,MILLISECOND=692,ZONE_OFFSET=0,DST_OFFSET=0], message=null}
19:33:11.698 [main] DEBUG org.hibernate.SQL - insert into LogEntries (logCode, message, primaryUser, secondaryUser, time, id) values (?, ?, ?, ?, ?, ?)
Hibernate: insert into LogEntries (logCode, message, primaryUser, secondaryUser, time, id) values (?, ?, ?, ?, ?, ?)
19:33:11.705 [main] DEBUG o.h.e.j.internal.JdbcCoordinatorImpl - HHH000420: Closing un-released batch
19:33:11.711 [main] DEBUG o.h.e.t.internal.TransactionImpl - begin
19:33:11.712 [main] DEBUG org.hibernate.SQL - select next_val as id_val from hibernate_sequence for update
Hibernate: select next_val as id_val from hibernate_sequence for update
19:33:11.712 [main] DEBUG org.hibernate.SQL - update hibernate_sequence set next_val= ? where next_val=?
Hibernate: update hibernate_sequence set next_val= ? where next_val=?
19:33:11.713 [main] DEBUG o.h.e.i.AbstractSaveEventListener - Generated identifier: 58, using strategy: org.hibernate.id.enhanced.SequenceStyleGenerator
19:33:11.714 [main] DEBUG o.h.e.t.internal.TransactionImpl - committing
19:33:11.714 [main] DEBUG o.h.e.i.AbstractFlushingEventListener - Processing flush-time cascades
19:33:11.714 [main] DEBUG o.h.e.i.AbstractFlushingEventListener - Dirty checking collections
19:33:11.714 [main] DEBUG o.h.e.i.AbstractFlushingEventListener - Flushed: 1 insertions, 0 updates, 0 deletions to 1 objects
19:33:11.714 [main] DEBUG o.h.e.i.AbstractFlushingEventListener - Flushed: 0 (re)creations, 0 updates, 0 removals to 0 collections
19:33:11.714 [main] DEBUG o.h.internal.util.EntityPrinter - Listing entities:
19:33:11.714 [main] DEBUG o.h.internal.util.EntityPrinter - edu.ncsu.csc.itrust2.models.persistent.LogEntry{secondaryUser=null, logCode=5, primaryUser=logapitest, id=58, time=java.util.GregorianCalendar[time=1521660791711,areFieldsSet=true,areAllFieldsSet=true,lenient=true,zone=sun.util.calendar.ZoneInfo[id="Etc/UTC",offset=0,dstSavings=0,useDaylight=false,transitions=0,lastRule=null],firstDayOfWeek=1,minimalDaysInFirstWeek=1,ERA=1,YEAR=2018,MONTH=2,WEEK_OF_YEAR=12,WEEK_OF_MONTH=4,DAY_OF_MONTH=21,DAY_OF_YEAR=80,DAY_OF_WEEK=4,DAY_OF_WEEK_IN_MONTH=3,AM_PM=1,HOUR=7,HOUR_OF_DAY=19,MINUTE=33,SECOND=11,MILLISECOND=711,ZONE_OFFSET=0,DST_OFFSET=0], message=null}
19:33:11.715 [main] DEBUG org.hibernate.SQL - insert into LogEntries (logCode, message, primaryUser, secondaryUser, time, id) values (?, ?, ?, ?, ?, ?)
Hibernate: insert into LogEntries (logCode, message, primaryUser, secondaryUser, time, id) values (?, ?, ?, ?, ?, ?)
19:33:11.718 [main] DEBUG o.h.e.j.internal.JdbcCoordinatorImpl - HHH000420: Closing un-released batch
19:33:11.719 [main] DEBUG o.h.e.t.internal.TransactionImpl - begin
19:33:11.719 [main] DEBUG org.hibernate.SQL - select next_val as id_val from hibernate_sequence for update
Hibernate: select next_val as id_val from hibernate_sequence for update
19:33:11.720 [main] DEBUG org.hibernate.SQL - update hibernate_sequence set next_val= ? where next_val=?
Hibernate: update hibernate_sequence set next_val= ? where next_val=?
19:33:11.722 [main] DEBUG o.h.e.i.AbstractSaveEventListener - Generated identifier: 59, using strategy: org.hibernate.id.enhanced.SequenceStyleGenerator
19:33:11.723 [main] DEBUG o.h.e.t.internal.TransactionImpl - committing
19:33:11.723 [main] DEBUG o.h.e.i.AbstractFlushingEventListener - Processing flush-time cascades
19:33:11.723 [main] DEBUG o.h.e.i.AbstractFlushingEventListener - Dirty checking collections
19:33:11.723 [main] DEBUG o.h.e.i.AbstractFlushingEventListener - Flushed: 1 insertions, 0 updates, 0 deletions to 1 objects
19:33:11.723 [main] DEBUG o.h.e.i.AbstractFlushingEventListener - Flushed: 0 (re)creations, 0 updates, 0 removals to 0 collections
19:33:11.723 [main] DEBUG o.h.internal.util.EntityPrinter - Listing entities:
19:33:11.723 [main] DEBUG o.h.internal.util.EntityPrinter - edu.ncsu.csc.itrust2.models.persistent.LogEntry{secondaryUser=null, logCode=5, primaryUser=logapitest, id=59, time=java.util.GregorianCalendar[time=1521660791719,areFieldsSet=true,areAllFieldsSet=true,lenient=true,zone=sun.util.calendar.ZoneInfo[id="Etc/UTC",offset=0,dstSavings=0,useDaylight=false,transitions=0,lastRule=null],firstDayOfWeek=1,minimalDaysInFirstWeek=1,ERA=1,YEAR=2018,MONTH=2,WEEK_OF_YEAR=12,WEEK_OF_MONTH=4,DAY_OF_MONTH=21,DAY_OF_YEAR=80,DAY_OF_WEEK=4,DAY_OF_WEEK_IN_MONTH=3,AM_PM=1,HOUR=7,HOUR_OF_DAY=19,MINUTE=33,SECOND=11,MILLISECOND=719,ZONE_OFFSET=0,DST_OFFSET=0], message=null}
19:33:11.725 [main] DEBUG org.hibernate.SQL - insert into LogEntries (logCode, message, primaryUser, secondaryUser, time, id) values (?, ?, ?, ?, ?, ?)
Hibernate: insert into LogEntries (logCode, message, primaryUser, secondaryUser, time, id) values (?, ?, ?, ?, ?, ?)
19:33:11.730 [main] DEBUG o.h.e.j.internal.JdbcCoordinatorImpl - HHH000420: Closing un-released batch
19:33:11.731 [main] DEBUG o.h.e.t.internal.TransactionImpl - begin
19:33:11.732 [main] DEBUG org.hibernate.SQL - select next_val as id_val from hibernate_sequence for update
Hibernate: select next_val as id_val from hibernate_sequence for update
19:33:11.732 [main] DEBUG org.hibernate.SQL - update hibernate_sequence set next_val= ? where next_val=?
Hibernate: update hibernate_sequence set next_val= ? where next_val=?
19:33:11.734 [main] DEBUG o.h.e.i.AbstractSaveEventListener - Generated identifier: 60, using strategy: org.hibernate.id.enhanced.SequenceStyleGenerator
19:33:11.734 [main] DEBUG o.h.e.t.internal.TransactionImpl - committing
19:33:11.734 [main] DEBUG o.h.e.i.AbstractFlushingEventListener - Processing flush-time cascades
19:33:11.734 [main] DEBUG o.h.e.i.AbstractFlushingEventListener - Dirty checking collections
19:33:11.734 [main] DEBUG o.h.e.i.AbstractFlushingEventListener - Flushed: 1 insertions, 0 updates, 0 deletions to 1 objects
19:33:11.734 [main] DEBUG o.h.e.i.AbstractFlushingEventListener - Flushed: 0 (re)creations, 0 updates, 0 removals to 0 collections
19:33:11.734 [main] DEBUG o.h.internal.util.EntityPrinter - Listing entities:
19:33:11.734 [main] DEBUG o.h.internal.util.EntityPrinter - edu.ncsu.csc.itrust2.models.persistent.LogEntry{secondaryUser=null, logCode=5, primaryUser=logapitest, id=60, time=java.util.GregorianCalendar[time=1521660791731,areFieldsSet=true,areAllFieldsSet=true,lenient=true,zone=sun.util.calendar.ZoneInfo[id="Etc/UTC",offset=0,dstSavings=0,useDaylight=false,transitions=0,lastRule=null],firstDayOfWeek=1,minimalDaysInFirstWeek=1,ERA=1,YEAR=2018,MONTH=2,WEEK_OF_YEAR=12,WEEK_OF_MONTH=4,DAY_OF_MONTH=21,DAY_OF_YEAR=80,DAY_OF_WEEK=4,DAY_OF_WEEK_IN_MONTH=3,AM_PM=1,HOUR=7,HOUR_OF_DAY=19,MINUTE=33,SECOND=11,MILLISECOND=731,ZONE_OFFSET=0,DST_OFFSET=0], message=null}
19:33:11.735 [main] DEBUG org.hibernate.SQL - insert into LogEntries (logCode, message, primaryUser, secondaryUser, time, id) values (?, ?, ?, ?, ?, ?)
Hibernate: insert into LogEntries (logCode, message, primaryUser, secondaryUser, time, id) values (?, ?, ?, ?, ?, ?)
19:33:11.736 [main] DEBUG o.h.e.j.internal.JdbcCoordinatorImpl - HHH000420: Closing un-released batch
19:33:11.737 [main] DEBUG o.h.e.t.internal.TransactionImpl - begin
19:33:11.744 [main] DEBUG org.hibernate.SQL - select next_val as id_val from hibernate_sequence for update
Hibernate: select next_val as id_val from hibernate_sequence for update
19:33:11.744 [main] DEBUG org.hibernate.SQL - update hibernate_sequence set next_val= ? where next_val=?
Hibernate: update hibernate_sequence set next_val= ? where next_val=?
19:33:11.745 [main] DEBUG o.h.e.i.AbstractSaveEventListener - Generated identifier: 61, using strategy: org.hibernate.id.enhanced.SequenceStyleGenerator
19:33:11.745 [main] DEBUG o.h.e.t.internal.TransactionImpl - committing
19:33:11.746 [main] DEBUG o.h.e.i.AbstractFlushingEventListener - Processing flush-time cascades
19:33:11.746 [main] DEBUG o.h.e.i.AbstractFlushingEventListener - Dirty checking collections
19:33:11.746 [main] DEBUG o.h.e.i.AbstractFlushingEventListener - Flushed: 1 insertions, 0 updates, 0 deletions to 1 objects
19:33:11.746 [main] DEBUG o.h.e.i.AbstractFlushingEventListener - Flushed: 0 (re)creations, 0 updates, 0 removals to 0 collections
19:33:11.746 [main] DEBUG o.h.internal.util.EntityPrinter - Listing entities:
19:33:11.746 [main] DEBUG o.h.internal.util.EntityPrinter - edu.ncsu.csc.itrust2.models.persistent.LogEntry{secondaryUser=null, logCode=5, primaryUser=logapitest, id=61, time=java.util.GregorianCalendar[time=1521660791736,areFieldsSet=true,areAllFieldsSet=true,lenient=true,zone=sun.util.calendar.ZoneInfo[id="Etc/UTC",offset=0,dstSavings=0,useDaylight=false,transitions=0,lastRule=null],firstDayOfWeek=1,minimalDaysInFirstWeek=1,ERA=1,YEAR=2018,MONTH=2,WEEK_OF_YEAR=12,WEEK_OF_MONTH=4,DAY_OF_MONTH=21,DAY_OF_YEAR=80,DAY_OF_WEEK=4,DAY_OF_WEEK_IN_MONTH=3,AM_PM=1,HOUR=7,HOUR_OF_DAY=19,MINUTE=33,SECOND=11,MILLISECOND=736,ZONE_OFFSET=0,DST_OFFSET=0], message=null}
19:33:11.746 [main] DEBUG org.hibernate.SQL - insert into LogEntries (logCode, message, primaryUser, secondaryUser, time, id) values (?, ?, ?, ?, ?, ?)
Hibernate: insert into LogEntries (logCode, message, primaryUser, secondaryUser, time, id) values (?, ?, ?, ?, ?, ?)
19:33:11.751 [main] DEBUG o.h.e.j.internal.JdbcCoordinatorImpl - HHH000420: Closing un-released batch
19:33:11.752 [main] DEBUG o.h.e.t.internal.TransactionImpl - begin
19:33:11.752 [main] DEBUG org.hibernate.SQL - select next_val as id_val from hibernate_sequence for update
Hibernate: select next_val as id_val from hibernate_sequence for update
19:33:11.753 [main] DEBUG org.hibernate.SQL - update hibernate_sequence set next_val= ? where next_val=?
Hibernate: update hibernate_sequence set next_val= ? where next_val=?
19:33:11.754 [main] DEBUG o.h.e.i.AbstractSaveEventListener - Generated identifier: 62, using strategy: org.hibernate.id.enhanced.SequenceStyleGenerator
19:33:11.754 [main] DEBUG o.h.e.t.internal.TransactionImpl - committing
19:33:11.755 [main] DEBUG o.h.e.i.AbstractFlushingEventListener - Processing flush-time cascades
19:33:11.755 [main] DEBUG o.h.e.i.AbstractFlushingEventListener - Dirty checking collections
19:33:11.755 [main] DEBUG o.h.e.i.AbstractFlushingEventListener - Flushed: 1 insertions, 0 updates, 0 deletions to 1 objects
19:33:11.755 [main] DEBUG o.h.e.i.AbstractFlushingEventListener - Flushed: 0 (re)creations, 0 updates, 0 removals to 0 collections
19:33:11.755 [main] DEBUG o.h.internal.util.EntityPrinter - Listing entities:
19:33:11.756 [main] DEBUG o.h.internal.util.EntityPrinter - edu.ncsu.csc.itrust2.models.persistent.LogEntry{secondaryUser=null, logCode=5, primaryUser=logapitest, id=62, time=java.util.GregorianCalendar[time=1521660791751,areFieldsSet=true,areAllFieldsSet=true,lenient=true,zone=sun.util.calendar.ZoneInfo[id="Etc/UTC",offset=0,dstSavings=0,useDaylight=false,transitions=0,lastRule=null],firstDayOfWeek=1,minimalDaysInFirstWeek=1,ERA=1,YEAR=2018,MONTH=2,WEEK_OF_YEAR=12,WEEK_OF_MONTH=4,DAY_OF_MONTH=21,DAY_OF_YEAR=80,DAY_OF_WEEK=4,DAY_OF_WEEK_IN_MONTH=3,AM_PM=1,HOUR=7,HOUR_OF_DAY=19,MINUTE=33,SECOND=11,MILLISECOND=751,ZONE_OFFSET=0,DST_OFFSET=0], message=null}
19:33:11.757 [main] DEBUG org.hibernate.SQL - insert into LogEntries (logCode, message, primaryUser, secondaryUser, time, id) values (?, ?, ?, ?, ?, ?)
Hibernate: insert into LogEntries (logCode, message, primaryUser, secondaryUser, time, id) values (?, ?, ?, ?, ?, ?)
19:33:11.759 [main] DEBUG o.h.e.j.internal.JdbcCoordinatorImpl - HHH000420: Closing un-released batch
19:33:11.768 [main] DEBUG o.h.e.t.internal.TransactionImpl - begin
19:33:11.768 [main] DEBUG org.hibernate.SQL - select next_val as id_val from hibernate_sequence for update
Hibernate: select next_val as id_val from hibernate_sequence for update
19:33:11.769 [main] DEBUG org.hibernate.SQL - update hibernate_sequence set next_val= ? where next_val=?
Hibernate: update hibernate_sequence set next_val= ? where next_val=?
19:33:11.773 [main] DEBUG o.h.e.i.AbstractSaveEventListener - Generated identifier: 63, using strategy: org.hibernate.id.enhanced.SequenceStyleGenerator
19:33:11.773 [main] DEBUG o.h.e.t.internal.TransactionImpl - committing
19:33:11.773 [main] DEBUG o.h.e.i.AbstractFlushingEventListener - Processing flush-time cascades
19:33:11.773 [main] DEBUG o.h.e.i.AbstractFlushingEventListener - Dirty checking collections
19:33:11.774 [main] DEBUG o.h.e.i.AbstractFlushingEventListener - Flushed: 1 insertions, 0 updates, 0 deletions to 1 objects
19:33:11.774 [main] DEBUG o.h.e.i.AbstractFlushingEventListener - Flushed: 0 (re)creations, 0 updates, 0 removals to 0 collections
19:33:11.774 [main] DEBUG o.h.internal.util.EntityPrinter - Listing entities:
19:33:11.774 [main] DEBUG o.h.internal.util.EntityPrinter - edu.ncsu.csc.itrust2.models.persistent.LogEntry{secondaryUser=null, logCode=5, primaryUser=logapitest, id=63, time=java.util.GregorianCalendar[time=1521660791768,areFieldsSet=true,areAllFieldsSet=true,lenient=true,zone=sun.util.calendar.ZoneInfo[id="Etc/UTC",offset=0,dstSavings=0,useDaylight=false,transitions=0,lastRule=null],firstDayOfWeek=1,minimalDaysInFirstWeek=1,ERA=1,YEAR=2018,MONTH=2,WEEK_OF_YEAR=12,WEEK_OF_MONTH=4,DAY_OF_MONTH=21,DAY_OF_YEAR=80,DAY_OF_WEEK=4,DAY_OF_WEEK_IN_MONTH=3,AM_PM=1,HOUR=7,HOUR_OF_DAY=19,MINUTE=33,SECOND=11,MILLISECOND=768,ZONE_OFFSET=0,DST_OFFSET=0], message=null}
19:33:11.774 [main] DEBUG org.hibernate.SQL - insert into LogEntries (logCode, message, primaryUser, secondaryUser, time, id) values (?, ?, ?, ?, ?, ?)
Hibernate: insert into LogEntries (logCode, message, primaryUser, secondaryUser, time, id) values (?, ?, ?, ?, ?, ?)
19:33:11.779 [main] DEBUG o.h.e.j.internal.JdbcCoordinatorImpl - HHH000420: Closing un-released batch
19:33:11.779 [main] DEBUG o.h.e.t.internal.TransactionImpl - begin
19:33:11.780 [main] DEBUG org.hibernate.SQL - select next_val as id_val from hibernate_sequence for update
Hibernate: select next_val as id_val from hibernate_sequence for update
19:33:11.781 [main] DEBUG org.hibernate.SQL - update hibernate_sequence set next_val= ? where next_val=?
Hibernate: update hibernate_sequence set next_val= ? where next_val=?
19:33:11.782 [main] DEBUG o.h.e.i.AbstractSaveEventListener - Generated identifier: 64, using strategy: org.hibernate.id.enhanced.SequenceStyleGenerator
19:33:11.782 [main] DEBUG o.h.e.t.internal.TransactionImpl - committing
19:33:11.782 [main] DEBUG o.h.e.i.AbstractFlushingEventListener - Processing flush-time cascades
19:33:11.782 [main] DEBUG o.h.e.i.AbstractFlushingEventListener - Dirty checking collections
19:33:11.782 [main] DEBUG o.h.e.i.AbstractFlushingEventListener - Flushed: 1 insertions, 0 updates, 0 deletions to 1 objects
19:33:11.782 [main] DEBUG o.h.e.i.AbstractFlushingEventListener - Flushed: 0 (re)creations, 0 updates, 0 removals to 0 collections
19:33:11.782 [main] DEBUG o.h.internal.util.EntityPrinter - Listing entities:
19:33:11.782 [main] DEBUG o.h.internal.util.EntityPrinter - edu.ncsu.csc.itrust2.models.persistent.LogEntry{secondaryUser=null, logCode=5, primaryUser=logapitest, id=64, time=java.util.GregorianCalendar[time=1521660791779,areFieldsSet=true,areAllFieldsSet=true,lenient=true,zone=sun.util.calendar.ZoneInfo[id="Etc/UTC",offset=0,dstSavings=0,useDaylight=false,transitions=0,lastRule=null],firstDayOfWeek=1,minimalDaysInFirstWeek=1,ERA=1,YEAR=2018,MONTH=2,WEEK_OF_YEAR=12,WEEK_OF_MONTH=4,DAY_OF_MONTH=21,DAY_OF_YEAR=80,DAY_OF_WEEK=4,DAY_OF_WEEK_IN_MONTH=3,AM_PM=1,HOUR=7,HOUR_OF_DAY=19,MINUTE=33,SECOND=11,MILLISECOND=779,ZONE_OFFSET=0,DST_OFFSET=0], message=null}
19:33:11.783 [main] DEBUG org.hibernate.SQL - insert into LogEntries (logCode, message, primaryUser, secondaryUser, time, id) values (?, ?, ?, ?, ?, ?)
Hibernate: insert into LogEntries (logCode, message, primaryUser, secondaryUser, time, id) values (?, ?, ?, ?, ?, ?)
19:33:11.785 [main] DEBUG o.h.e.j.internal.JdbcCoordinatorImpl - HHH000420: Closing un-released batch
19:33:11.785 [main] DEBUG o.h.e.t.internal.TransactionImpl - begin
19:33:11.786 [main] DEBUG org.hibernate.SQL - select next_val as id_val from hibernate_sequence for update
Hibernate: select next_val as id_val from hibernate_sequence for update
19:33:11.787 [main] DEBUG org.hibernate.SQL - update hibernate_sequence set next_val= ? where next_val=?
Hibernate: update hibernate_sequence set next_val= ? where next_val=?
19:33:11.788 [main] DEBUG o.h.e.i.AbstractSaveEventListener - Generated identifier: 65, using strategy: org.hibernate.id.enhanced.SequenceStyleGenerator
19:33:11.788 [main] DEBUG o.h.e.t.internal.TransactionImpl - committing
19:33:11.788 [main] DEBUG o.h.e.i.AbstractFlushingEventListener - Processing flush-time cascades
19:33:11.788 [main] DEBUG o.h.e.i.AbstractFlushingEventListener - Dirty checking collections
19:33:11.788 [main] DEBUG o.h.e.i.AbstractFlushingEventListener - Flushed: 1 insertions, 0 updates, 0 deletions to 1 objects
19:33:11.788 [main] DEBUG o.h.e.i.AbstractFlushingEventListener - Flushed: 0 (re)creations, 0 updates, 0 removals to 0 collections
19:33:11.788 [main] DEBUG o.h.internal.util.EntityPrinter - Listing entities:
19:33:11.789 [main] DEBUG o.h.internal.util.EntityPrinter - edu.ncsu.csc.itrust2.models.persistent.LogEntry{secondaryUser=null, logCode=5, primaryUser=logapitest, id=65, time=java.util.GregorianCalendar[time=1521660791785,areFieldsSet=true,areAllFieldsSet=true,lenient=true,zone=sun.util.calendar.ZoneInfo[id="Etc/UTC",offset=0,dstSavings=0,useDaylight=false,transitions=0,lastRule=null],firstDayOfWeek=1,minimalDaysInFirstWeek=1,ERA=1,YEAR=2018,MONTH=2,WEEK_OF_YEAR=12,WEEK_OF_MONTH=4,DAY_OF_MONTH=21,DAY_OF_YEAR=80,DAY_OF_WEEK=4,DAY_OF_WEEK_IN_MONTH=3,AM_PM=1,HOUR=7,HOUR_OF_DAY=19,MINUTE=33,SECOND=11,MILLISECOND=785,ZONE_OFFSET=0,DST_OFFSET=0], message=null}
19:33:11.789 [main] DEBUG org.hibernate.SQL - insert into LogEntries (logCode, message, primaryUser, secondaryUser, time, id) values (?, ?, ?, ?, ?, ?)
Hibernate: insert into LogEntries (logCode, message, primaryUser, secondaryUser, time, id) values (?, ?, ?, ?, ?, ?)
19:33:11.799 [main] DEBUG o.h.e.j.internal.JdbcCoordinatorImpl - HHH000420: Closing un-released batch
19:33:11.800 [main] DEBUG o.h.e.t.internal.TransactionImpl - begin
19:33:11.801 [main] DEBUG org.hibernate.SQL - select next_val as id_val from hibernate_sequence for update
Hibernate: select next_val as id_val from hibernate_sequence for update
19:33:11.802 [main] DEBUG org.hibernate.SQL - update hibernate_sequence set next_val= ? where next_val=?
Hibernate: update hibernate_sequence set next_val= ? where next_val=?
19:33:11.804 [main] DEBUG o.h.e.i.AbstractSaveEventListener - Generated identifier: 66, using strategy: org.hibernate.id.enhanced.SequenceStyleGenerator
19:33:11.804 [main] DEBUG o.h.e.t.internal.TransactionImpl - committing
19:33:11.804 [main] DEBUG o.h.e.i.AbstractFlushingEventListener - Processing flush-time cascades
19:33:11.804 [main] DEBUG o.h.e.i.AbstractFlushingEventListener - Dirty checking collections
19:33:11.805 [main] DEBUG o.h.e.i.AbstractFlushingEventListener - Flushed: 1 insertions, 0 updates, 0 deletions to 1 objects
19:33:11.805 [main] DEBUG o.h.e.i.AbstractFlushingEventListener - Flushed: 0 (re)creations, 0 updates, 0 removals to 0 collections
19:33:11.805 [main] DEBUG o.h.internal.util.EntityPrinter - Listing entities:
19:33:11.805 [main] DEBUG o.h.internal.util.EntityPrinter - edu.ncsu.csc.itrust2.models.persistent.LogEntry{secondaryUser=null, logCode=5, primaryUser=logapitest, id=66, time=java.util.GregorianCalendar[time=1521660791800,areFieldsSet=true,areAllFieldsSet=true,lenient=true,zone=sun.util.calendar.ZoneInfo[id="Etc/UTC",offset=0,dstSavings=0,useDaylight=false,transitions=0,lastRule=null],firstDayOfWeek=1,minimalDaysInFirstWeek=1,ERA=1,YEAR=2018,MONTH=2,WEEK_OF_YEAR=12,WEEK_OF_MONTH=4,DAY_OF_MONTH=21,DAY_OF_YEAR=80,DAY_OF_WEEK=4,DAY_OF_WEEK_IN_MONTH=3,AM_PM=1,HOUR=7,HOUR_OF_DAY=19,MINUTE=33,SECOND=11,MILLISECOND=800,ZONE_OFFSET=0,DST_OFFSET=0], message=null}
19:33:11.805 [main] DEBUG org.hibernate.SQL - insert into LogEntries (logCode, message, primaryUser, secondaryUser, time, id) values (?, ?, ?, ?, ?, ?)
Hibernate: insert into LogEntries (logCode, message, primaryUser, secondaryUser, time, id) values (?, ?, ?, ?, ?, ?)
19:33:11.813 [main] DEBUG o.h.e.j.internal.JdbcCoordinatorImpl - HHH000420: Closing un-released batch
19:33:11.814 [main] DEBUG o.h.e.t.internal.TransactionImpl - begin
19:33:11.814 [main] DEBUG org.hibernate.SQL - select next_val as id_val from hibernate_sequence for update
Hibernate: select next_val as id_val from hibernate_sequence for update
19:33:11.815 [main] DEBUG org.hibernate.SQL - update hibernate_sequence set next_val= ? where next_val=?
Hibernate: update hibernate_sequence set next_val= ? where next_val=?
19:33:11.816 [main] DEBUG o.h.e.i.AbstractSaveEventListener - Generated identifier: 67, using strategy: org.hibernate.id.enhanced.SequenceStyleGenerator
19:33:11.817 [main] DEBUG o.h.e.t.internal.TransactionImpl - committing
19:33:11.817 [main] DEBUG o.h.e.i.AbstractFlushingEventListener - Processing flush-time cascades
19:33:11.818 [main] DEBUG o.h.e.i.AbstractFlushingEventListener - Dirty checking collections
19:33:11.818 [main] DEBUG o.h.e.i.AbstractFlushingEventListener - Flushed: 1 insertions, 0 updates, 0 deletions to 1 objects
19:33:11.818 [main] DEBUG o.h.e.i.AbstractFlushingEventListener - Flushed: 0 (re)creations, 0 updates, 0 removals to 0 collections
19:33:11.818 [main] DEBUG o.h.internal.util.EntityPrinter - Listing entities:
19:33:11.819 [main] DEBUG o.h.internal.util.EntityPrinter - edu.ncsu.csc.itrust2.models.persistent.LogEntry{secondaryUser=null, logCode=5, primaryUser=logapitest, id=67, time=java.util.GregorianCalendar[time=1521660791813,areFieldsSet=true,areAllFieldsSet=true,lenient=true,zone=sun.util.calendar.ZoneInfo[id="Etc/UTC",offset=0,dstSavings=0,useDaylight=false,transitions=0,lastRule=null],firstDayOfWeek=1,minimalDaysInFirstWeek=1,ERA=1,YEAR=2018,MONTH=2,WEEK_OF_YEAR=12,WEEK_OF_MONTH=4,DAY_OF_MONTH=21,DAY_OF_YEAR=80,DAY_OF_WEEK=4,DAY_OF_WEEK_IN_MONTH=3,AM_PM=1,HOUR=7,HOUR_OF_DAY=19,MINUTE=33,SECOND=11,MILLISECOND=813,ZONE_OFFSET=0,DST_OFFSET=0], message=null}
19:33:11.822 [main] DEBUG org.hibernate.SQL - insert into LogEntries (logCode, message, primaryUser, secondaryUser, time, id) values (?, ?, ?, ?, ?, ?)
Hibernate: insert into LogEntries (logCode, message, primaryUser, secondaryUser, time, id) values (?, ?, ?, ?, ?, ?)
19:33:11.828 [main] DEBUG o.h.e.j.internal.JdbcCoordinatorImpl - HHH000420: Closing un-released batch
19:33:11.828 [main] DEBUG o.h.e.t.internal.TransactionImpl - begin
19:33:11.829 [main] DEBUG org.hibernate.SQL - select next_val as id_val from hibernate_sequence for update
Hibernate: select next_val as id_val from hibernate_sequence for update
19:33:11.830 [main] DEBUG org.hibernate.SQL - update hibernate_sequence set next_val= ? where next_val=?
Hibernate: update hibernate_sequence set next_val= ? where next_val=?
19:33:11.831 [main] DEBUG o.h.e.i.AbstractSaveEventListener - Generated identifier: 68, using strategy: org.hibernate.id.enhanced.SequenceStyleGenerator
19:33:11.831 [main] DEBUG o.h.e.t.internal.TransactionImpl - committing
19:33:11.831 [main] DEBUG o.h.e.i.AbstractFlushingEventListener - Processing flush-time cascades
19:33:11.831 [main] DEBUG o.h.e.i.AbstractFlushingEventListener - Dirty checking collections
19:33:11.831 [main] DEBUG o.h.e.i.AbstractFlushingEventListener - Flushed: 1 insertions, 0 updates, 0 deletions to 1 objects
19:33:11.832 [main] DEBUG o.h.e.i.AbstractFlushingEventListener - Flushed: 0 (re)creations, 0 updates, 0 removals to 0 collections
19:33:11.832 [main] DEBUG o.h.internal.util.EntityPrinter - Listing entities:
19:33:11.832 [main] DEBUG o.h.internal.util.EntityPrinter - edu.ncsu.csc.itrust2.models.persistent.LogEntry{secondaryUser=null, logCode=5, primaryUser=logapitest, id=68, time=java.util.GregorianCalendar[time=1521660791828,areFieldsSet=true,areAllFieldsSet=true,lenient=true,zone=sun.util.calendar.ZoneInfo[id="Etc/UTC",offset=0,dstSavings=0,useDaylight=false,transitions=0,lastRule=null],firstDayOfWeek=1,minimalDaysInFirstWeek=1,ERA=1,YEAR=2018,MONTH=2,WEEK_OF_YEAR=12,WEEK_OF_MONTH=4,DAY_OF_MONTH=21,DAY_OF_YEAR=80,DAY_OF_WEEK=4,DAY_OF_WEEK_IN_MONTH=3,AM_PM=1,HOUR=7,HOUR_OF_DAY=19,MINUTE=33,SECOND=11,MILLISECOND=828,ZONE_OFFSET=0,DST_OFFSET=0], message=null}
19:33:11.834 [main] DEBUG org.hibernate.SQL - insert into LogEntries (logCode, message, primaryUser, secondaryUser, time, id) values (?, ?, ?, ?, ?, ?)
Hibernate: insert into LogEntries (logCode, message, primaryUser, secondaryUser, time, id) values (?, ?, ?, ?, ?, ?)
19:33:11.840 [main] DEBUG o.h.e.j.internal.JdbcCoordinatorImpl - HHH000420: Closing un-released batch
19:33:11.840 [main] DEBUG o.h.e.t.internal.TransactionImpl - begin
19:33:11.841 [main] DEBUG org.hibernate.SQL - select next_val as id_val from hibernate_sequence for update
Hibernate: select next_val as id_val from hibernate_sequence for update
19:33:11.842 [main] DEBUG org.hibernate.SQL - update hibernate_sequence set next_val= ? where next_val=?
Hibernate: update hibernate_sequence set next_val= ? where next_val=?
19:33:11.843 [main] DEBUG o.h.e.i.AbstractSaveEventListener - Generated identifier: 69, using strategy: org.hibernate.id.enhanced.SequenceStyleGenerator
19:33:11.843 [main] DEBUG o.h.e.t.internal.TransactionImpl - committing
19:33:11.843 [main] DEBUG o.h.e.i.AbstractFlushingEventListener - Processing flush-time cascades
19:33:11.843 [main] DEBUG o.h.e.i.AbstractFlushingEventListener - Dirty checking collections
19:33:11.843 [main] DEBUG o.h.e.i.AbstractFlushingEventListener - Flushed: 1 insertions, 0 updates, 0 deletions to 1 objects
19:33:11.843 [main] DEBUG o.h.e.i.AbstractFlushingEventListener - Flushed: 0 (re)creations, 0 updates, 0 removals to 0 collections
19:33:11.843 [main] DEBUG o.h.internal.util.EntityPrinter - Listing entities:
19:33:11.844 [main] DEBUG o.h.internal.util.EntityPrinter - edu.ncsu.csc.itrust2.models.persistent.LogEntry{secondaryUser=null, logCode=5, primaryUser=logapitest, id=69, time=java.util.GregorianCalendar[time=1521660791840,areFieldsSet=true,areAllFieldsSet=true,lenient=true,zone=sun.util.calendar.ZoneInfo[id="Etc/UTC",offset=0,dstSavings=0,useDaylight=false,transitions=0,lastRule=null],firstDayOfWeek=1,minimalDaysInFirstWeek=1,ERA=1,YEAR=2018,MONTH=2,WEEK_OF_YEAR=12,WEEK_OF_MONTH=4,DAY_OF_MONTH=21,DAY_OF_YEAR=80,DAY_OF_WEEK=4,DAY_OF_WEEK_IN_MONTH=3,AM_PM=1,HOUR=7,HOUR_OF_DAY=19,MINUTE=33,SECOND=11,MILLISECOND=840,ZONE_OFFSET=0,DST_OFFSET=0], message=null}
19:33:11.846 [main] DEBUG org.hibernate.SQL - insert into LogEntries (logCode, message, primaryUser, secondaryUser, time, id) values (?, ?, ?, ?, ?, ?)
Hibernate: insert into LogEntries (logCode, message, primaryUser, secondaryUser, time, id) values (?, ?, ?, ?, ?, ?)
19:33:11.851 [main] DEBUG o.h.e.j.internal.JdbcCoordinatorImpl - HHH000420: Closing un-released batch
19:33:11.852 [main] DEBUG o.h.e.t.internal.TransactionImpl - begin
19:33:11.853 [main] DEBUG org.hibernate.SQL - select next_val as id_val from hibernate_sequence for update
Hibernate: select next_val as id_val from hibernate_sequence for update
19:33:11.853 [main] DEBUG org.hibernate.SQL - update hibernate_sequence set next_val= ? where next_val=?
Hibernate: update hibernate_sequence set next_val= ? where next_val=?
19:33:11.860 [main] DEBUG o.h.e.i.AbstractSaveEventListener - Generated identifier: 70, using strategy: org.hibernate.id.enhanced.SequenceStyleGenerator
19:33:11.860 [main] DEBUG o.h.e.t.internal.TransactionImpl - committing
19:33:11.860 [main] DEBUG o.h.e.i.AbstractFlushingEventListener - Processing flush-time cascades
19:33:11.860 [main] DEBUG o.h.e.i.AbstractFlushingEventListener - Dirty checking collections
19:33:11.860 [main] DEBUG o.h.e.i.AbstractFlushingEventListener - Flushed: 1 insertions, 0 updates, 0 deletions to 1 objects
19:33:11.860 [main] DEBUG o.h.e.i.AbstractFlushingEventListener - Flushed: 0 (re)creations, 0 updates, 0 removals to 0 collections
19:33:11.860 [main] DEBUG o.h.internal.util.EntityPrinter - Listing entities:
19:33:11.861 [main] DEBUG o.h.internal.util.EntityPrinter - edu.ncsu.csc.itrust2.models.persistent.LogEntry{secondaryUser=null, logCode=5, primaryUser=logapitest, id=70, time=java.util.GregorianCalendar[time=1521660791852,areFieldsSet=true,areAllFieldsSet=true,lenient=true,zone=sun.util.calendar.ZoneInfo[id="Etc/UTC",offset=0,dstSavings=0,useDaylight=false,transitions=0,lastRule=null],firstDayOfWeek=1,minimalDaysInFirstWeek=1,ERA=1,YEAR=2018,MONTH=2,WEEK_OF_YEAR=12,WEEK_OF_MONTH=4,DAY_OF_MONTH=21,DAY_OF_YEAR=80,DAY_OF_WEEK=4,DAY_OF_WEEK_IN_MONTH=3,AM_PM=1,HOUR=7,HOUR_OF_DAY=19,MINUTE=33,SECOND=11,MILLISECOND=852,ZONE_OFFSET=0,DST_OFFSET=0], message=null}
19:33:11.861 [main] DEBUG org.hibernate.SQL - insert into LogEntries (logCode, message, primaryUser, secondaryUser, time, id) values (?, ?, ?, ?, ?, ?)
Hibernate: insert into LogEntries (logCode, message, primaryUser, secondaryUser, time, id) values (?, ?, ?, ?, ?, ?)
19:33:11.865 [main] DEBUG o.h.e.j.internal.JdbcCoordinatorImpl - HHH000420: Closing un-released batch
19:33:11.865 [main] DEBUG o.h.e.t.internal.TransactionImpl - begin
19:33:11.865 [main] DEBUG org.hibernate.SQL - select next_val as id_val from hibernate_sequence for update
Hibernate: select next_val as id_val from hibernate_sequence for update
19:33:11.866 [main] DEBUG org.hibernate.SQL - update hibernate_sequence set next_val= ? where next_val=?
Hibernate: update hibernate_sequence set next_val= ? where next_val=?
19:33:11.867 [main] DEBUG o.h.e.i.AbstractSaveEventListener - Generated identifier: 71, using strategy: org.hibernate.id.enhanced.SequenceStyleGenerator
19:33:11.867 [main] DEBUG o.h.e.t.internal.TransactionImpl - committing
19:33:11.867 [main] DEBUG o.h.e.i.AbstractFlushingEventListener - Processing flush-time cascades
19:33:11.868 [main] DEBUG o.h.e.i.AbstractFlushingEventListener - Dirty checking collections
19:33:11.868 [main] DEBUG o.h.e.i.AbstractFlushingEventListener - Flushed: 1 insertions, 0 updates, 0 deletions to 1 objects
19:33:11.868 [main] DEBUG o.h.e.i.AbstractFlushingEventListener - Flushed: 0 (re)creations, 0 updates, 0 removals to 0 collections
19:33:11.868 [main] DEBUG o.h.internal.util.EntityPrinter - Listing entities:
19:33:11.868 [main] DEBUG o.h.internal.util.EntityPrinter - edu.ncsu.csc.itrust2.models.persistent.LogEntry{secondaryUser=null, logCode=5, primaryUser=logapitest, id=71, time=java.util.GregorianCalendar[time=1521660791865,areFieldsSet=true,areAllFieldsSet=true,lenient=true,zone=sun.util.calendar.ZoneInfo[id="Etc/UTC",offset=0,dstSavings=0,useDaylight=false,transitions=0,lastRule=null],firstDayOfWeek=1,minimalDaysInFirstWeek=1,ERA=1,YEAR=2018,MONTH=2,WEEK_OF_YEAR=12,WEEK_OF_MONTH=4,DAY_OF_MONTH=21,DAY_OF_YEAR=80,DAY_OF_WEEK=4,DAY_OF_WEEK_IN_MONTH=3,AM_PM=1,HOUR=7,HOUR_OF_DAY=19,MINUTE=33,SECOND=11,MILLISECOND=865,ZONE_OFFSET=0,DST_OFFSET=0], message=null}
19:33:11.869 [main] DEBUG org.hibernate.SQL - insert into LogEntries (logCode, message, primaryUser, secondaryUser, time, id) values (?, ?, ?, ?, ?, ?)
Hibernate: insert into LogEntries (logCode, message, primaryUser, secondaryUser, time, id) values (?, ?, ?, ?, ?, ?)
19:33:11.877 [main] DEBUG o.h.e.j.internal.JdbcCoordinatorImpl - HHH000420: Closing un-released batch
19:33:11.879 [main] DEBUG o.h.e.t.internal.TransactionImpl - begin
19:33:11.879 [main] DEBUG org.hibernate.SQL - select next_val as id_val from hibernate_sequence for update
Hibernate: select next_val as id_val from hibernate_sequence for update
19:33:11.880 [main] DEBUG org.hibernate.SQL - update hibernate_sequence set next_val= ? where next_val=?
Hibernate: update hibernate_sequence set next_val= ? where next_val=?
19:33:11.886 [main] DEBUG o.h.e.i.AbstractSaveEventListener - Generated identifier: 72, using strategy: org.hibernate.id.enhanced.SequenceStyleGenerator
19:33:11.886 [main] DEBUG o.h.e.t.internal.TransactionImpl - committing
19:33:11.887 [main] DEBUG o.h.e.i.AbstractFlushingEventListener - Processing flush-time cascades
19:33:11.887 [main] DEBUG o.h.e.i.AbstractFlushingEventListener - Dirty checking collections
19:33:11.887 [main] DEBUG o.h.e.i.AbstractFlushingEventListener - Flushed: 1 insertions, 0 updates, 0 deletions to 1 objects
19:33:11.887 [main] DEBUG o.h.e.i.AbstractFlushingEventListener - Flushed: 0 (re)creations, 0 updates, 0 removals to 0 collections
19:33:11.887 [main] DEBUG o.h.internal.util.EntityPrinter - Listing entities:
19:33:11.887 [main] DEBUG o.h.internal.util.EntityPrinter - edu.ncsu.csc.itrust2.models.persistent.LogEntry{secondaryUser=null, logCode=5, primaryUser=logapitest, id=72, time=java.util.GregorianCalendar[time=1521660791879,areFieldsSet=true,areAllFieldsSet=true,lenient=true,zone=sun.util.calendar.ZoneInfo[id="Etc/UTC",offset=0,dstSavings=0,useDaylight=false,transitions=0,lastRule=null],firstDayOfWeek=1,minimalDaysInFirstWeek=1,ERA=1,YEAR=2018,MONTH=2,WEEK_OF_YEAR=12,WEEK_OF_MONTH=4,DAY_OF_MONTH=21,DAY_OF_YEAR=80,DAY_OF_WEEK=4,DAY_OF_WEEK_IN_MONTH=3,AM_PM=1,HOUR=7,HOUR_OF_DAY=19,MINUTE=33,SECOND=11,MILLISECOND=879,ZONE_OFFSET=0,DST_OFFSET=0], message=null}
19:33:11.888 [main] DEBUG org.hibernate.SQL - insert into LogEntries (logCode, message, primaryUser, secondaryUser, time, id) values (?, ?, ?, ?, ?, ?)
Hibernate: insert into LogEntries (logCode, message, primaryUser, secondaryUser, time, id) values (?, ?, ?, ?, ?, ?)
19:33:11.893 [main] DEBUG o.h.e.j.internal.JdbcCoordinatorImpl - HHH000420: Closing un-released batch
19:33:11.893 [main] DEBUG o.h.e.t.internal.TransactionImpl - begin
19:33:11.894 [main] DEBUG org.hibernate.SQL - select next_val as id_val from hibernate_sequence for update
Hibernate: select next_val as id_val from hibernate_sequence for update
19:33:11.894 [main] DEBUG org.hibernate.SQL - update hibernate_sequence set next_val= ? where next_val=?
Hibernate: update hibernate_sequence set next_val= ? where next_val=?
19:33:11.895 [main] DEBUG o.h.e.i.AbstractSaveEventListener - Generated identifier: 73, using strategy: org.hibernate.id.enhanced.SequenceStyleGenerator
19:33:11.895 [main] DEBUG o.h.e.t.internal.TransactionImpl - committing
19:33:11.896 [main] DEBUG o.h.e.i.AbstractFlushingEventListener - Processing flush-time cascades
19:33:11.896 [main] DEBUG o.h.e.i.AbstractFlushingEventListener - Dirty checking collections
19:33:11.896 [main] DEBUG o.h.e.i.AbstractFlushingEventListener - Flushed: 1 insertions, 0 updates, 0 deletions to 1 objects
19:33:11.896 [main] DEBUG o.h.e.i.AbstractFlushingEventListener - Flushed: 0 (re)creations, 0 updates, 0 removals to 0 collections
19:33:11.896 [main] DEBUG o.h.internal.util.EntityPrinter - Listing entities:
19:33:11.896 [main] DEBUG o.h.internal.util.EntityPrinter - edu.ncsu.csc.itrust2.models.persistent.LogEntry{secondaryUser=null, logCode=5, primaryUser=logapitest, id=73, time=java.util.GregorianCalendar[time=1521660791893,areFieldsSet=true,areAllFieldsSet=true,lenient=true,zone=sun.util.calendar.ZoneInfo[id="Etc/UTC",offset=0,dstSavings=0,useDaylight=false,transitions=0,lastRule=null],firstDayOfWeek=1,minimalDaysInFirstWeek=1,ERA=1,YEAR=2018,MONTH=2,WEEK_OF_YEAR=12,WEEK_OF_MONTH=4,DAY_OF_MONTH=21,DAY_OF_YEAR=80,DAY_OF_WEEK=4,DAY_OF_WEEK_IN_MONTH=3,AM_PM=1,HOUR=7,HOUR_OF_DAY=19,MINUTE=33,SECOND=11,MILLISECOND=893,ZONE_OFFSET=0,DST_OFFSET=0], message=null}
19:33:11.897 [main] DEBUG org.hibernate.SQL - insert into LogEntries (logCode, message, primaryUser, secondaryUser, time, id) values (?, ?, ?, ?, ?, ?)
Hibernate: insert into LogEntries (logCode, message, primaryUser, secondaryUser, time, id) values (?, ?, ?, ?, ?, ?)
19:33:11.899 [main] DEBUG o.h.e.j.internal.JdbcCoordinatorImpl - HHH000420: Closing un-released batch
19:33:11.900 [main] DEBUG o.h.e.t.internal.TransactionImpl - begin
19:33:11.901 [main] DEBUG org.hibernate.SQL - select next_val as id_val from hibernate_sequence for update
Hibernate: select next_val as id_val from hibernate_sequence for update
19:33:11.905 [main] DEBUG org.hibernate.SQL - update hibernate_sequence set next_val= ? where next_val=?
Hibernate: update hibernate_sequence set next_val= ? where next_val=?
19:33:11.907 [main] DEBUG o.h.e.i.AbstractSaveEventListener - Generated identifier: 74, using strategy: org.hibernate.id.enhanced.SequenceStyleGenerator
19:33:11.907 [main] DEBUG o.h.e.t.internal.TransactionImpl - committing
19:33:11.907 [main] DEBUG o.h.e.i.AbstractFlushingEventListener - Processing flush-time cascades
19:33:11.907 [main] DEBUG o.h.e.i.AbstractFlushingEventListener - Dirty checking collections
19:33:11.907 [main] DEBUG o.h.e.i.AbstractFlushingEventListener - Flushed: 1 insertions, 0 updates, 0 deletions to 1 objects
19:33:11.907 [main] DEBUG o.h.e.i.AbstractFlushingEventListener - Flushed: 0 (re)creations, 0 updates, 0 removals to 0 collections
19:33:11.907 [main] DEBUG o.h.internal.util.EntityPrinter - Listing entities:
19:33:11.907 [main] DEBUG o.h.internal.util.EntityPrinter - edu.ncsu.csc.itrust2.models.persistent.LogEntry{secondaryUser=null, logCode=5, primaryUser=logapitest, id=74, time=java.util.GregorianCalendar[time=1521660791900,areFieldsSet=true,areAllFieldsSet=true,lenient=true,zone=sun.util.calendar.ZoneInfo[id="Etc/UTC",offset=0,dstSavings=0,useDaylight=false,transitions=0,lastRule=null],firstDayOfWeek=1,minimalDaysInFirstWeek=1,ERA=1,YEAR=2018,MONTH=2,WEEK_OF_YEAR=12,WEEK_OF_MONTH=4,DAY_OF_MONTH=21,DAY_OF_YEAR=80,DAY_OF_WEEK=4,DAY_OF_WEEK_IN_MONTH=3,AM_PM=1,HOUR=7,HOUR_OF_DAY=19,MINUTE=33,SECOND=11,MILLISECOND=900,ZONE_OFFSET=0,DST_OFFSET=0], message=null}
19:33:11.908 [main] DEBUG org.hibernate.SQL - insert into LogEntries (logCode, message, primaryUser, secondaryUser, time, id) values (?, ?, ?, ?, ?, ?)
Hibernate: insert into LogEntries (logCode, message, primaryUser, secondaryUser, time, id) values (?, ?, ?, ?, ?, ?)
19:33:11.913 [main] DEBUG o.h.e.j.internal.JdbcCoordinatorImpl - HHH000420: Closing un-released batch
19:33:11.913 [main] DEBUG o.h.e.t.internal.TransactionImpl - begin
19:33:11.914 [main] DEBUG org.hibernate.SQL - select next_val as id_val from hibernate_sequence for update
Hibernate: select next_val as id_val from hibernate_sequence for update
19:33:11.914 [main] DEBUG org.hibernate.SQL - update hibernate_sequence set next_val= ? where next_val=?
Hibernate: update hibernate_sequence set next_val= ? where next_val=?
19:33:11.916 [main] DEBUG o.h.e.i.AbstractSaveEventListener - Generated identifier: 75, using strategy: org.hibernate.id.enhanced.SequenceStyleGenerator
19:33:11.916 [main] DEBUG o.h.e.t.internal.TransactionImpl - committing
19:33:11.916 [main] DEBUG o.h.e.i.AbstractFlushingEventListener - Processing flush-time cascades
19:33:11.916 [main] DEBUG o.h.e.i.AbstractFlushingEventListener - Dirty checking collections
19:33:11.918 [main] DEBUG o.h.e.i.AbstractFlushingEventListener - Flushed: 1 insertions, 0 updates, 0 deletions to 1 objects
19:33:11.918 [main] DEBUG o.h.e.i.AbstractFlushingEventListener - Flushed: 0 (re)creations, 0 updates, 0 removals to 0 collections
19:33:11.918 [main] DEBUG o.h.internal.util.EntityPrinter - Listing entities:
19:33:11.918 [main] DEBUG o.h.internal.util.EntityPrinter - edu.ncsu.csc.itrust2.models.persistent.LogEntry{secondaryUser=null, logCode=5, primaryUser=logapitest, id=75, time=java.util.GregorianCalendar[time=1521660791913,areFieldsSet=true,areAllFieldsSet=true,lenient=true,zone=sun.util.calendar.ZoneInfo[id="Etc/UTC",offset=0,dstSavings=0,useDaylight=false,transitions=0,lastRule=null],firstDayOfWeek=1,minimalDaysInFirstWeek=1,ERA=1,YEAR=2018,MONTH=2,WEEK_OF_YEAR=12,WEEK_OF_MONTH=4,DAY_OF_MONTH=21,DAY_OF_YEAR=80,DAY_OF_WEEK=4,DAY_OF_WEEK_IN_MONTH=3,AM_PM=1,HOUR=7,HOUR_OF_DAY=19,MINUTE=33,SECOND=11,MILLISECOND=913,ZONE_OFFSET=0,DST_OFFSET=0], message=null}
19:33:11.919 [main] DEBUG org.hibernate.SQL - insert into LogEntries (logCode, message, primaryUser, secondaryUser, time, id) values (?, ?, ?, ?, ?, ?)
Hibernate: insert into LogEntries (logCode, message, primaryUser, secondaryUser, time, id) values (?, ?, ?, ?, ?, ?)
19:33:11.930 [main] DEBUG o.h.e.j.internal.JdbcCoordinatorImpl - HHH000420: Closing un-released batch
19:33:11.936 [main] DEBUG o.h.e.t.internal.TransactionImpl - begin
19:33:11.936 [main] DEBUG org.hibernate.SQL - select next_val as id_val from hibernate_sequence for update
Hibernate: select next_val as id_val from hibernate_sequence for update
19:33:11.937 [main] DEBUG org.hibernate.SQL - update hibernate_sequence set next_val= ? where next_val=?
Hibernate: update hibernate_sequence set next_val= ? where next_val=?
19:33:11.938 [main] DEBUG o.h.e.i.AbstractSaveEventListener - Generated identifier: 76, using strategy: org.hibernate.id.enhanced.SequenceStyleGenerator
19:33:11.938 [main] DEBUG o.h.e.t.internal.TransactionImpl - committing
19:33:11.938 [main] DEBUG o.h.e.i.AbstractFlushingEventListener - Processing flush-time cascades
19:33:11.938 [main] DEBUG o.h.e.i.AbstractFlushingEventListener - Dirty checking collections
19:33:11.938 [main] DEBUG o.h.e.i.AbstractFlushingEventListener - Flushed: 1 insertions, 0 updates, 0 deletions to 1 objects
19:33:11.938 [main] DEBUG o.h.e.i.AbstractFlushingEventListener - Flushed: 0 (re)creations, 0 updates, 0 removals to 0 collections
19:33:11.938 [main] DEBUG o.h.internal.util.EntityPrinter - Listing entities:
19:33:11.938 [main] DEBUG o.h.internal.util.EntityPrinter - edu.ncsu.csc.itrust2.models.persistent.LogEntry{secondaryUser=null, logCode=5, primaryUser=logapitest, id=76, time=java.util.GregorianCalendar[time=1521660791936,areFieldsSet=true,areAllFieldsSet=true,lenient=true,zone=sun.util.calendar.ZoneInfo[id="Etc/UTC",offset=0,dstSavings=0,useDaylight=false,transitions=0,lastRule=null],firstDayOfWeek=1,minimalDaysInFirstWeek=1,ERA=1,YEAR=2018,MONTH=2,WEEK_OF_YEAR=12,WEEK_OF_MONTH=4,DAY_OF_MONTH=21,DAY_OF_YEAR=80,DAY_OF_WEEK=4,DAY_OF_WEEK_IN_MONTH=3,AM_PM=1,HOUR=7,HOUR_OF_DAY=19,MINUTE=33,SECOND=11,MILLISECOND=936,ZONE_OFFSET=0,DST_OFFSET=0], message=null}
19:33:11.939 [main] DEBUG org.hibernate.SQL - insert into LogEntries (logCode, message, primaryUser, secondaryUser, time, id) values (?, ?, ?, ?, ?, ?)
Hibernate: insert into LogEntries (logCode, message, primaryUser, secondaryUser, time, id) values (?, ?, ?, ?, ?, ?)
19:33:11.942 [main] DEBUG o.h.e.j.internal.JdbcCoordinatorImpl - HHH000420: Closing un-released batch
19:33:11.942 [main] DEBUG o.h.e.t.internal.TransactionImpl - begin
19:33:11.943 [main] DEBUG org.hibernate.SQL - select next_val as id_val from hibernate_sequence for update
Hibernate: select next_val as id_val from hibernate_sequence for update
19:33:11.943 [main] DEBUG org.hibernate.SQL - update hibernate_sequence set next_val= ? where next_val=?
Hibernate: update hibernate_sequence set next_val= ? where next_val=?
19:33:11.944 [main] DEBUG o.h.e.i.AbstractSaveEventListener - Generated identifier: 77, using strategy: org.hibernate.id.enhanced.SequenceStyleGenerator
19:33:11.945 [main] DEBUG o.h.e.t.internal.TransactionImpl - committing
19:33:11.945 [main] DEBUG o.h.e.i.AbstractFlushingEventListener - Processing flush-time cascades
19:33:11.945 [main] DEBUG o.h.e.i.AbstractFlushingEventListener - Dirty checking collections
19:33:11.946 [main] DEBUG o.h.e.i.AbstractFlushingEventListener - Flushed: 1 insertions, 0 updates, 0 deletions to 1 objects
19:33:11.946 [main] DEBUG o.h.e.i.AbstractFlushingEventListener - Flushed: 0 (re)creations, 0 updates, 0 removals to 0 collections
19:33:11.946 [main] DEBUG o.h.internal.util.EntityPrinter - Listing entities:
19:33:11.946 [main] DEBUG o.h.internal.util.EntityPrinter - edu.ncsu.csc.itrust2.models.persistent.LogEntry{secondaryUser=null, logCode=5, primaryUser=logapitest, id=77, time=java.util.GregorianCalendar[time=1521660791942,areFieldsSet=true,areAllFieldsSet=true,lenient=true,zone=sun.util.calendar.ZoneInfo[id="Etc/UTC",offset=0,dstSavings=0,useDaylight=false,transitions=0,lastRule=null],firstDayOfWeek=1,minimalDaysInFirstWeek=1,ERA=1,YEAR=2018,MONTH=2,WEEK_OF_YEAR=12,WEEK_OF_MONTH=4,DAY_OF_MONTH=21,DAY_OF_YEAR=80,DAY_OF_WEEK=4,DAY_OF_WEEK_IN_MONTH=3,AM_PM=1,HOUR=7,HOUR_OF_DAY=19,MINUTE=33,SECOND=11,MILLISECOND=942,ZONE_OFFSET=0,DST_OFFSET=0], message=null}
19:33:11.946 [main] DEBUG org.hibernate.SQL - insert into LogEntries (logCode, message, primaryUser, secondaryUser, time, id) values (?, ?, ?, ?, ?, ?)
Hibernate: insert into LogEntries (logCode, message, primaryUser, secondaryUser, time, id) values (?, ?, ?, ?, ?, ?)
19:33:11.954 [main] DEBUG o.h.e.j.internal.JdbcCoordinatorImpl - HHH000420: Closing un-released batch
19:33:11.955 [main] DEBUG o.h.e.t.internal.TransactionImpl - begin
19:33:11.955 [main] DEBUG org.hibernate.SQL - select next_val as id_val from hibernate_sequence for update
Hibernate: select next_val as id_val from hibernate_sequence for update
19:33:11.956 [main] DEBUG org.hibernate.SQL - update hibernate_sequence set next_val= ? where next_val=?
Hibernate: update hibernate_sequence set next_val= ? where next_val=?
19:33:11.957 [main] DEBUG o.h.e.i.AbstractSaveEventListener - Generated identifier: 78, using strategy: org.hibernate.id.enhanced.SequenceStyleGenerator
19:33:11.957 [main] DEBUG o.h.e.t.internal.TransactionImpl - committing
19:33:11.957 [main] DEBUG o.h.e.i.AbstractFlushingEventListener - Processing flush-time cascades
19:33:11.957 [main] DEBUG o.h.e.i.AbstractFlushingEventListener - Dirty checking collections
19:33:11.957 [main] DEBUG o.h.e.i.AbstractFlushingEventListener - Flushed: 1 insertions, 0 updates, 0 deletions to 1 objects
19:33:11.957 [main] DEBUG o.h.e.i.AbstractFlushingEventListener - Flushed: 0 (re)creations, 0 updates, 0 removals to 0 collections
19:33:11.957 [main] DEBUG o.h.internal.util.EntityPrinter - Listing entities:
19:33:11.957 [main] DEBUG o.h.internal.util.EntityPrinter - edu.ncsu.csc.itrust2.models.persistent.LogEntry{secondaryUser=null, logCode=5, primaryUser=logapitest, id=78, time=java.util.GregorianCalendar[time=1521660791955,areFieldsSet=true,areAllFieldsSet=true,lenient=true,zone=sun.util.calendar.ZoneInfo[id="Etc/UTC",offset=0,dstSavings=0,useDaylight=false,transitions=0,lastRule=null],firstDayOfWeek=1,minimalDaysInFirstWeek=1,ERA=1,YEAR=2018,MONTH=2,WEEK_OF_YEAR=12,WEEK_OF_MONTH=4,DAY_OF_MONTH=21,DAY_OF_YEAR=80,DAY_OF_WEEK=4,DAY_OF_WEEK_IN_MONTH=3,AM_PM=1,HOUR=7,HOUR_OF_DAY=19,MINUTE=33,SECOND=11,MILLISECOND=955,ZONE_OFFSET=0,DST_OFFSET=0], message=null}
19:33:11.958 [main] DEBUG org.hibernate.SQL - insert into LogEntries (logCode, message, primaryUser, secondaryUser, time, id) values (?, ?, ?, ?, ?, ?)
Hibernate: insert into LogEntries (logCode, message, primaryUser, secondaryUser, time, id) values (?, ?, ?, ?, ?, ?)
19:33:11.962 [main] DEBUG o.h.e.j.internal.JdbcCoordinatorImpl - HHH000420: Closing un-released batch
19:33:11.962 [main] DEBUG o.h.e.t.internal.TransactionImpl - begin
19:33:11.963 [main] DEBUG org.hibernate.SQL - select next_val as id_val from hibernate_sequence for update
Hibernate: select next_val as id_val from hibernate_sequence for update
19:33:11.963 [main] DEBUG org.hibernate.SQL - update hibernate_sequence set next_val= ? where next_val=?
Hibernate: update hibernate_sequence set next_val= ? where next_val=?
19:33:11.964 [main] DEBUG o.h.e.i.AbstractSaveEventListener - Generated identifier: 79, using strategy: org.hibernate.id.enhanced.SequenceStyleGenerator
19:33:11.965 [main] DEBUG o.h.e.t.internal.TransactionImpl - committing
19:33:11.965 [main] DEBUG o.h.e.i.AbstractFlushingEventListener - Processing flush-time cascades
19:33:11.965 [main] DEBUG o.h.e.i.AbstractFlushingEventListener - Dirty checking collections
19:33:11.965 [main] DEBUG o.h.e.i.AbstractFlushingEventListener - Flushed: 1 insertions, 0 updates, 0 deletions to 1 objects
19:33:11.965 [main] DEBUG o.h.e.i.AbstractFlushingEventListener - Flushed: 0 (re)creations, 0 updates, 0 removals to 0 collections
19:33:11.965 [main] DEBUG o.h.internal.util.EntityPrinter - Listing entities:
19:33:11.965 [main] DEBUG o.h.internal.util.EntityPrinter - edu.ncsu.csc.itrust2.models.persistent.LogEntry{secondaryUser=null, logCode=5, primaryUser=logapitest, id=79, time=java.util.GregorianCalendar[time=1521660791962,areFieldsSet=true,areAllFieldsSet=true,lenient=true,zone=sun.util.calendar.ZoneInfo[id="Etc/UTC",offset=0,dstSavings=0,useDaylight=false,transitions=0,lastRule=null],firstDayOfWeek=1,minimalDaysInFirstWeek=1,ERA=1,YEAR=2018,MONTH=2,WEEK_OF_YEAR=12,WEEK_OF_MONTH=4,DAY_OF_MONTH=21,DAY_OF_YEAR=80,DAY_OF_WEEK=4,DAY_OF_WEEK_IN_MONTH=3,AM_PM=1,HOUR=7,HOUR_OF_DAY=19,MINUTE=33,SECOND=11,MILLISECOND=962,ZONE_OFFSET=0,DST_OFFSET=0], message=null}
19:33:11.966 [main] DEBUG org.hibernate.SQL - insert into LogEntries (logCode, message, primaryUser, secondaryUser, time, id) values (?, ?, ?, ?, ?, ?)
Hibernate: insert into LogEntries (logCode, message, primaryUser, secondaryUser, time, id) values (?, ?, ?, ?, ?, ?)
19:33:11.972 [main] DEBUG o.h.e.j.internal.JdbcCoordinatorImpl - HHH000420: Closing un-released batch
19:33:11.973 [main] DEBUG o.h.e.t.internal.TransactionImpl - begin
19:33:11.973 [main] DEBUG org.hibernate.SQL - select next_val as id_val from hibernate_sequence for update
Hibernate: select next_val as id_val from hibernate_sequence for update
19:33:11.974 [main] DEBUG org.hibernate.SQL - update hibernate_sequence set next_val= ? where next_val=?
Hibernate: update hibernate_sequence set next_val= ? where next_val=?
19:33:11.974 [main] DEBUG o.h.e.i.AbstractSaveEventListener - Generated identifier: 80, using strategy: org.hibernate.id.enhanced.SequenceStyleGenerator
19:33:11.975 [main] DEBUG o.h.e.t.internal.TransactionImpl - committing
19:33:11.975 [main] DEBUG o.h.e.i.AbstractFlushingEventListener - Processing flush-time cascades
19:33:11.975 [main] DEBUG o.h.e.i.AbstractFlushingEventListener - Dirty checking collections
19:33:11.975 [main] DEBUG o.h.e.i.AbstractFlushingEventListener - Flushed: 1 insertions, 0 updates, 0 deletions to 1 objects
19:33:11.975 [main] DEBUG o.h.e.i.AbstractFlushingEventListener - Flushed: 0 (re)creations, 0 updates, 0 removals to 0 collections
19:33:11.975 [main] DEBUG o.h.internal.util.EntityPrinter - Listing entities:
19:33:11.975 [main] DEBUG o.h.internal.util.EntityPrinter - edu.ncsu.csc.itrust2.models.persistent.LogEntry{secondaryUser=null, logCode=5, primaryUser=logapitest, id=80, time=java.util.GregorianCalendar[time=1521660791973,areFieldsSet=true,areAllFieldsSet=true,lenient=true,zone=sun.util.calendar.ZoneInfo[id="Etc/UTC",offset=0,dstSavings=0,useDaylight=false,transitions=0,lastRule=null],firstDayOfWeek=1,minimalDaysInFirstWeek=1,ERA=1,YEAR=2018,MONTH=2,WEEK_OF_YEAR=12,WEEK_OF_MONTH=4,DAY_OF_MONTH=21,DAY_OF_YEAR=80,DAY_OF_WEEK=4,DAY_OF_WEEK_IN_MONTH=3,AM_PM=1,HOUR=7,HOUR_OF_DAY=19,MINUTE=33,SECOND=11,MILLISECOND=973,ZONE_OFFSET=0,DST_OFFSET=0], message=null}
19:33:11.976 [main] DEBUG org.hibernate.SQL - insert into LogEntries (logCode, message, primaryUser, secondaryUser, time, id) values (?, ?, ?, ?, ?, ?)
Hibernate: insert into LogEntries (logCode, message, primaryUser, secondaryUser, time, id) values (?, ?, ?, ?, ?, ?)
19:33:11.984 [main] DEBUG o.h.e.j.internal.JdbcCoordinatorImpl - HHH000420: Closing un-released batch
19:33:11.984 [main] DEBUG o.h.e.t.internal.TransactionImpl - begin
19:33:11.991 [main] DEBUG org.hibernate.SQL - select next_val as id_val from hibernate_sequence for update
Hibernate: select next_val as id_val from hibernate_sequence for update
19:33:11.992 [main] DEBUG org.hibernate.SQL - update hibernate_sequence set next_val= ? where next_val=?
Hibernate: update hibernate_sequence set next_val= ? where next_val=?
19:33:11.993 [main] DEBUG o.h.e.i.AbstractSaveEventListener - Generated identifier: 81, using strategy: org.hibernate.id.enhanced.SequenceStyleGenerator
19:33:11.993 [main] DEBUG o.h.e.t.internal.TransactionImpl - committing
19:33:11.993 [main] DEBUG o.h.e.i.AbstractFlushingEventListener - Processing flush-time cascades
19:33:11.993 [main] DEBUG o.h.e.i.AbstractFlushingEventListener - Dirty checking collections
19:33:11.994 [main] DEBUG o.h.e.i.AbstractFlushingEventListener - Flushed: 1 insertions, 0 updates, 0 deletions to 1 objects
19:33:11.994 [main] DEBUG o.h.e.i.AbstractFlushingEventListener - Flushed: 0 (re)creations, 0 updates, 0 removals to 0 collections
19:33:11.994 [main] DEBUG o.h.internal.util.EntityPrinter - Listing entities:
19:33:11.994 [main] DEBUG o.h.internal.util.EntityPrinter - edu.ncsu.csc.itrust2.models.persistent.LogEntry{secondaryUser=null, logCode=5, primaryUser=logapitest, id=81, time=java.util.GregorianCalendar[time=1521660791984,areFieldsSet=true,areAllFieldsSet=true,lenient=true,zone=sun.util.calendar.ZoneInfo[id="Etc/UTC",offset=0,dstSavings=0,useDaylight=false,transitions=0,lastRule=null],firstDayOfWeek=1,minimalDaysInFirstWeek=1,ERA=1,YEAR=2018,MONTH=2,WEEK_OF_YEAR=12,WEEK_OF_MONTH=4,DAY_OF_MONTH=21,DAY_OF_YEAR=80,DAY_OF_WEEK=4,DAY_OF_WEEK_IN_MONTH=3,AM_PM=1,HOUR=7,HOUR_OF_DAY=19,MINUTE=33,SECOND=11,MILLISECOND=984,ZONE_OFFSET=0,DST_OFFSET=0], message=null}
19:33:11.994 [main] DEBUG org.hibernate.SQL - insert into LogEntries (logCode, message, primaryUser, secondaryUser, time, id) values (?, ?, ?, ?, ?, ?)
Hibernate: insert into LogEntries (logCode, message, primaryUser, secondaryUser, time, id) values (?, ?, ?, ?, ?, ?)
19:33:12.000 [main] DEBUG o.h.e.j.internal.JdbcCoordinatorImpl - HHH000420: Closing un-released batch
19:33:12.001 [main] DEBUG o.h.e.t.internal.TransactionImpl - begin
19:33:12.002 [main] DEBUG org.hibernate.SQL - select next_val as id_val from hibernate_sequence for update
Hibernate: select next_val as id_val from hibernate_sequence for update
19:33:12.003 [main] DEBUG org.hibernate.SQL - update hibernate_sequence set next_val= ? where next_val=?
Hibernate: update hibernate_sequence set next_val= ? where next_val=?
19:33:12.006 [main] DEBUG o.h.e.i.AbstractSaveEventListener - Generated identifier: 82, using strategy: org.hibernate.id.enhanced.SequenceStyleGenerator
19:33:12.006 [main] DEBUG o.h.e.t.internal.TransactionImpl - committing
19:33:12.006 [main] DEBUG o.h.e.i.AbstractFlushingEventListener - Processing flush-time cascades
19:33:12.006 [main] DEBUG o.h.e.i.AbstractFlushingEventListener - Dirty checking collections
19:33:12.006 [main] DEBUG o.h.e.i.AbstractFlushingEventListener - Flushed: 1 insertions, 0 updates, 0 deletions to 1 objects
19:33:12.006 [main] DEBUG o.h.e.i.AbstractFlushingEventListener - Flushed: 0 (re)creations, 0 updates, 0 removals to 0 collections
19:33:12.006 [main] DEBUG o.h.internal.util.EntityPrinter - Listing entities:
19:33:12.007 [main] DEBUG o.h.internal.util.EntityPrinter - edu.ncsu.csc.itrust2.models.persistent.LogEntry{secondaryUser=null, logCode=5, primaryUser=logapitest, id=82, time=java.util.GregorianCalendar[time=1521660792000,areFieldsSet=true,areAllFieldsSet=true,lenient=true,zone=sun.util.calendar.ZoneInfo[id="Etc/UTC",offset=0,dstSavings=0,useDaylight=false,transitions=0,lastRule=null],firstDayOfWeek=1,minimalDaysInFirstWeek=1,ERA=1,YEAR=2018,MONTH=2,WEEK_OF_YEAR=12,WEEK_OF_MONTH=4,DAY_OF_MONTH=21,DAY_OF_YEAR=80,DAY_OF_WEEK=4,DAY_OF_WEEK_IN_MONTH=3,AM_PM=1,HOUR=7,HOUR_OF_DAY=19,MINUTE=33,SECOND=12,MILLISECOND=0,ZONE_OFFSET=0,DST_OFFSET=0], message=null}
19:33:12.007 [main] DEBUG org.hibernate.SQL - insert into LogEntries (logCode, message, primaryUser, secondaryUser, time, id) values (?, ?, ?, ?, ?, ?)
Hibernate: insert into LogEntries (logCode, message, primaryUser, secondaryUser, time, id) values (?, ?, ?, ?, ?, ?)
19:33:12.009 [main] DEBUG o.h.e.j.internal.JdbcCoordinatorImpl - HHH000420: Closing un-released batch
19:33:12.009 [main] DEBUG o.h.e.t.internal.TransactionImpl - begin
19:33:12.019 [main] DEBUG org.hibernate.SQL - select next_val as id_val from hibernate_sequence for update
Hibernate: select next_val as id_val from hibernate_sequence for update
19:33:12.020 [main] DEBUG org.hibernate.SQL - update hibernate_sequence set next_val= ? where next_val=?
Hibernate: update hibernate_sequence set next_val= ? where next_val=?
19:33:12.021 [main] DEBUG o.h.e.i.AbstractSaveEventListener - Generated identifier: 83, using strategy: org.hibernate.id.enhanced.SequenceStyleGenerator
19:33:12.022 [main] DEBUG o.h.e.t.internal.TransactionImpl - committing
19:33:12.022 [main] DEBUG o.h.e.i.AbstractFlushingEventListener - Processing flush-time cascades
19:33:12.022 [main] DEBUG o.h.e.i.AbstractFlushingEventListener - Dirty checking collections
19:33:12.022 [main] DEBUG o.h.e.i.AbstractFlushingEventListener - Flushed: 1 insertions, 0 updates, 0 deletions to 1 objects
19:33:12.022 [main] DEBUG o.h.e.i.AbstractFlushingEventListener - Flushed: 0 (re)creations, 0 updates, 0 removals to 0 collections
19:33:12.022 [main] DEBUG o.h.internal.util.EntityPrinter - Listing entities:
19:33:12.022 [main] DEBUG o.h.internal.util.EntityPrinter - edu.ncsu.csc.itrust2.models.persistent.LogEntry{secondaryUser=null, logCode=5, primaryUser=logapitest, id=83, time=java.util.GregorianCalendar[time=1521660792009,areFieldsSet=true,areAllFieldsSet=true,lenient=true,zone=sun.util.calendar.ZoneInfo[id="Etc/UTC",offset=0,dstSavings=0,useDaylight=false,transitions=0,lastRule=null],firstDayOfWeek=1,minimalDaysInFirstWeek=1,ERA=1,YEAR=2018,MONTH=2,WEEK_OF_YEAR=12,WEEK_OF_MONTH=4,DAY_OF_MONTH=21,DAY_OF_YEAR=80,DAY_OF_WEEK=4,DAY_OF_WEEK_IN_MONTH=3,AM_PM=1,HOUR=7,HOUR_OF_DAY=19,MINUTE=33,SECOND=12,MILLISECOND=9,ZONE_OFFSET=0,DST_OFFSET=0], message=null}
19:33:12.023 [main] DEBUG org.hibernate.SQL - insert into LogEntries (logCode, message, primaryUser, secondaryUser, time, id) values (?, ?, ?, ?, ?, ?)
Hibernate: insert into LogEntries (logCode, message, primaryUser, secondaryUser, time, id) values (?, ?, ?, ?, ?, ?)
19:33:12.028 [main] DEBUG o.h.e.j.internal.JdbcCoordinatorImpl - HHH000420: Closing un-released batch
19:33:12.030 [main] DEBUG o.h.e.t.internal.TransactionImpl - begin
19:33:12.030 [main] DEBUG org.hibernate.SQL - select next_val as id_val from hibernate_sequence for update
Hibernate: select next_val as id_val from hibernate_sequence for update
19:33:12.031 [main] DEBUG org.hibernate.SQL - update hibernate_sequence set next_val= ? where next_val=?
Hibernate: update hibernate_sequence set next_val= ? where next_val=?
19:33:12.033 [main] DEBUG o.h.e.i.AbstractSaveEventListener - Generated identifier: 84, using strategy: org.hibernate.id.enhanced.SequenceStyleGenerator
19:33:12.033 [main] DEBUG o.h.e.t.internal.TransactionImpl - committing
19:33:12.033 [main] DEBUG o.h.e.i.AbstractFlushingEventListener - Processing flush-time cascades
19:33:12.033 [main] DEBUG o.h.e.i.AbstractFlushingEventListener - Dirty checking collections
19:33:12.034 [main] DEBUG o.h.e.i.AbstractFlushingEventListener - Flushed: 1 insertions, 0 updates, 0 deletions to 1 objects
19:33:12.034 [main] DEBUG o.h.e.i.AbstractFlushingEventListener - Flushed: 0 (re)creations, 0 updates, 0 removals to 0 collections
19:33:12.034 [main] DEBUG o.h.internal.util.EntityPrinter - Listing entities:
19:33:12.034 [main] DEBUG o.h.internal.util.EntityPrinter - edu.ncsu.csc.itrust2.models.persistent.LogEntry{secondaryUser=null, logCode=5, primaryUser=logapitest, id=84, time=java.util.GregorianCalendar[time=1521660792030,areFieldsSet=true,areAllFieldsSet=true,lenient=true,zone=sun.util.calendar.ZoneInfo[id="Etc/UTC",offset=0,dstSavings=0,useDaylight=false,transitions=0,lastRule=null],firstDayOfWeek=1,minimalDaysInFirstWeek=1,ERA=1,YEAR=2018,MONTH=2,WEEK_OF_YEAR=12,WEEK_OF_MONTH=4,DAY_OF_MONTH=21,DAY_OF_YEAR=80,DAY_OF_WEEK=4,DAY_OF_WEEK_IN_MONTH=3,AM_PM=1,HOUR=7,HOUR_OF_DAY=19,MINUTE=33,SECOND=12,MILLISECOND=30,ZONE_OFFSET=0,DST_OFFSET=0], message=null}
19:33:12.035 [main] DEBUG org.hibernate.SQL - insert into LogEntries (logCode, message, primaryUser, secondaryUser, time, id) values (?, ?, ?, ?, ?, ?)
Hibernate: insert into LogEntries (logCode, message, primaryUser, secondaryUser, time, id) values (?, ?, ?, ?, ?, ?)
19:33:12.049 [main] DEBUG o.h.e.j.internal.JdbcCoordinatorImpl - HHH000420: Closing un-released batch
19:33:12.049 [main] DEBUG o.h.e.t.internal.TransactionImpl - begin
19:33:12.050 [main] DEBUG org.hibernate.SQL - select next_val as id_val from hibernate_sequence for update
Hibernate: select next_val as id_val from hibernate_sequence for update
19:33:12.050 [main] DEBUG org.hibernate.SQL - update hibernate_sequence set next_val= ? where next_val=?
Hibernate: update hibernate_sequence set next_val= ? where next_val=?
19:33:12.051 [main] DEBUG o.h.e.i.AbstractSaveEventListener - Generated identifier: 85, using strategy: org.hibernate.id.enhanced.SequenceStyleGenerator
19:33:12.052 [main] DEBUG o.h.e.t.internal.TransactionImpl - committing
19:33:12.052 [main] DEBUG o.h.e.i.AbstractFlushingEventListener - Processing flush-time cascades
19:33:12.052 [main] DEBUG o.h.e.i.AbstractFlushingEventListener - Dirty checking collections
19:33:12.052 [main] DEBUG o.h.e.i.AbstractFlushingEventListener - Flushed: 1 insertions, 0 updates, 0 deletions to 1 objects
19:33:12.052 [main] DEBUG o.h.e.i.AbstractFlushingEventListener - Flushed: 0 (re)creations, 0 updates, 0 removals to 0 collections
19:33:12.052 [main] DEBUG o.h.internal.util.EntityPrinter - Listing entities:
19:33:12.052 [main] DEBUG o.h.internal.util.EntityPrinter - edu.ncsu.csc.itrust2.models.persistent.LogEntry{secondaryUser=null, logCode=5, primaryUser=logapitest, id=85, time=java.util.GregorianCalendar[time=1521660792049,areFieldsSet=true,areAllFieldsSet=true,lenient=true,zone=sun.util.calendar.ZoneInfo[id="Etc/UTC",offset=0,dstSavings=0,useDaylight=false,transitions=0,lastRule=null],firstDayOfWeek=1,minimalDaysInFirstWeek=1,ERA=1,YEAR=2018,MONTH=2,WEEK_OF_YEAR=12,WEEK_OF_MONTH=4,DAY_OF_MONTH=21,DAY_OF_YEAR=80,DAY_OF_WEEK=4,DAY_OF_WEEK_IN_MONTH=3,AM_PM=1,HOUR=7,HOUR_OF_DAY=19,MINUTE=33,SECOND=12,MILLISECOND=49,ZONE_OFFSET=0,DST_OFFSET=0], message=null}
19:33:12.052 [main] DEBUG org.hibernate.SQL - insert into LogEntries (logCode, message, primaryUser, secondaryUser, time, id) values (?, ?, ?, ?, ?, ?)
Hibernate: insert into LogEntries (logCode, message, primaryUser, secondaryUser, time, id) values (?, ?, ?, ?, ?, ?)
19:33:12.054 [main] DEBUG o.h.e.j.internal.JdbcCoordinatorImpl - HHH000420: Closing un-released batch
19:33:12.054 [main] DEBUG o.h.e.t.internal.TransactionImpl - begin
19:33:12.054 [main] DEBUG org.hibernate.SQL - select next_val as id_val from hibernate_sequence for update
Hibernate: select next_val as id_val from hibernate_sequence for update
19:33:12.055 [main] DEBUG org.hibernate.SQL - update hibernate_sequence set next_val= ? where next_val=?
Hibernate: update hibernate_sequence set next_val= ? where next_val=?
19:33:12.056 [main] DEBUG o.h.e.i.AbstractSaveEventListener - Generated identifier: 86, using strategy: org.hibernate.id.enhanced.SequenceStyleGenerator
19:33:12.056 [main] DEBUG o.h.e.t.internal.TransactionImpl - committing
19:33:12.056 [main] DEBUG o.h.e.i.AbstractFlushingEventListener - Processing flush-time cascades
19:33:12.056 [main] DEBUG o.h.e.i.AbstractFlushingEventListener - Dirty checking collections
19:33:12.056 [main] DEBUG o.h.e.i.AbstractFlushingEventListener - Flushed: 1 insertions, 0 updates, 0 deletions to 1 objects
19:33:12.056 [main] DEBUG o.h.e.i.AbstractFlushingEventListener - Flushed: 0 (re)creations, 0 updates, 0 removals to 0 collections
19:33:12.056 [main] DEBUG o.h.internal.util.EntityPrinter - Listing entities:
19:33:12.056 [main] DEBUG o.h.internal.util.EntityPrinter - edu.ncsu.csc.itrust2.models.persistent.LogEntry{secondaryUser=null, logCode=5, primaryUser=logapitest, id=86, time=java.util.GregorianCalendar[time=1521660792054,areFieldsSet=true,areAllFieldsSet=true,lenient=true,zone=sun.util.calendar.ZoneInfo[id="Etc/UTC",offset=0,dstSavings=0,useDaylight=false,transitions=0,lastRule=null],firstDayOfWeek=1,minimalDaysInFirstWeek=1,ERA=1,YEAR=2018,MONTH=2,WEEK_OF_YEAR=12,WEEK_OF_MONTH=4,DAY_OF_MONTH=21,DAY_OF_YEAR=80,DAY_OF_WEEK=4,DAY_OF_WEEK_IN_MONTH=3,AM_PM=1,HOUR=7,HOUR_OF_DAY=19,MINUTE=33,SECOND=12,MILLISECOND=54,ZONE_OFFSET=0,DST_OFFSET=0], message=null}
19:33:12.058 [main] DEBUG org.hibernate.SQL - insert into LogEntries (logCode, message, primaryUser, secondaryUser, time, id) values (?, ?, ?, ?, ?, ?)
Hibernate: insert into LogEntries (logCode, message, primaryUser, secondaryUser, time, id) values (?, ?, ?, ?, ?, ?)
19:33:12.060 [main] DEBUG o.h.e.j.internal.JdbcCoordinatorImpl - HHH000420: Closing un-released batch
19:33:12.060 [main] DEBUG o.h.e.t.internal.TransactionImpl - begin
19:33:12.069 [main] DEBUG org.hibernate.SQL - select next_val as id_val from hibernate_sequence for update
Hibernate: select next_val as id_val from hibernate_sequence for update
19:33:12.069 [main] DEBUG org.hibernate.SQL - update hibernate_sequence set next_val= ? where next_val=?
Hibernate: update hibernate_sequence set next_val= ? where next_val=?
19:33:12.070 [main] DEBUG o.h.e.i.AbstractSaveEventListener - Generated identifier: 87, using strategy: org.hibernate.id.enhanced.SequenceStyleGenerator
19:33:12.071 [main] DEBUG o.h.e.t.internal.TransactionImpl - committing
19:33:12.071 [main] DEBUG o.h.e.i.AbstractFlushingEventListener - Processing flush-time cascades
19:33:12.071 [main] DEBUG o.h.e.i.AbstractFlushingEventListener - Dirty checking collections
19:33:12.071 [main] DEBUG o.h.e.i.AbstractFlushingEventListener - Flushed: 1 insertions, 0 updates, 0 deletions to 1 objects
19:33:12.071 [main] DEBUG o.h.e.i.AbstractFlushingEventListener - Flushed: 0 (re)creations, 0 updates, 0 removals to 0 collections
19:33:12.071 [main] DEBUG o.h.internal.util.EntityPrinter - Listing entities:
19:33:12.071 [main] DEBUG o.h.internal.util.EntityPrinter - edu.ncsu.csc.itrust2.models.persistent.LogEntry{secondaryUser=null, logCode=5, primaryUser=logapitest, id=87, time=java.util.GregorianCalendar[time=1521660792060,areFieldsSet=true,areAllFieldsSet=true,lenient=true,zone=sun.util.calendar.ZoneInfo[id="Etc/UTC",offset=0,dstSavings=0,useDaylight=false,transitions=0,lastRule=null],firstDayOfWeek=1,minimalDaysInFirstWeek=1,ERA=1,YEAR=2018,MONTH=2,WEEK_OF_YEAR=12,WEEK_OF_MONTH=4,DAY_OF_MONTH=21,DAY_OF_YEAR=80,DAY_OF_WEEK=4,DAY_OF_WEEK_IN_MONTH=3,AM_PM=1,HOUR=7,HOUR_OF_DAY=19,MINUTE=33,SECOND=12,MILLISECOND=60,ZONE_OFFSET=0,DST_OFFSET=0], message=null}
19:33:12.072 [main] DEBUG org.hibernate.SQL - insert into LogEntries (logCode, message, primaryUser, secondaryUser, time, id) values (?, ?, ?, ?, ?, ?)
Hibernate: insert into LogEntries (logCode, message, primaryUser, secondaryUser, time, id) values (?, ?, ?, ?, ?, ?)
19:33:12.073 [main] DEBUG o.h.e.j.internal.JdbcCoordinatorImpl - HHH000420: Closing un-released batch
19:33:12.074 [main] DEBUG o.h.e.t.internal.TransactionImpl - begin
19:33:12.075 [main] DEBUG org.hibernate.SQL - select next_val as id_val from hibernate_sequence for update
Hibernate: select next_val as id_val from hibernate_sequence for update
19:33:12.075 [main] DEBUG org.hibernate.SQL - update hibernate_sequence set next_val= ? where next_val=?
Hibernate: update hibernate_sequence set next_val= ? where next_val=?
19:33:12.077 [main] DEBUG o.h.e.i.AbstractSaveEventListener - Generated identifier: 88, using strategy: org.hibernate.id.enhanced.SequenceStyleGenerator
19:33:12.077 [main] DEBUG o.h.e.t.internal.TransactionImpl - committing
19:33:12.077 [main] DEBUG o.h.e.i.AbstractFlushingEventListener - Processing flush-time cascades
19:33:12.077 [main] DEBUG o.h.e.i.AbstractFlushingEventListener - Dirty checking collections
19:33:12.077 [main] DEBUG o.h.e.i.AbstractFlushingEventListener - Flushed: 1 insertions, 0 updates, 0 deletions to 1 objects
19:33:12.077 [main] DEBUG o.h.e.i.AbstractFlushingEventListener - Flushed: 0 (re)creations, 0 updates, 0 removals to 0 collections
19:33:12.077 [main] DEBUG o.h.internal.util.EntityPrinter - Listing entities:
19:33:12.077 [main] DEBUG o.h.internal.util.EntityPrinter - edu.ncsu.csc.itrust2.models.persistent.LogEntry{secondaryUser=null, logCode=5, primaryUser=logapitest, id=88, time=java.util.GregorianCalendar[time=1521660792073,areFieldsSet=true,areAllFieldsSet=true,lenient=true,zone=sun.util.calendar.ZoneInfo[id="Etc/UTC",offset=0,dstSavings=0,useDaylight=false,transitions=0,lastRule=null],firstDayOfWeek=1,minimalDaysInFirstWeek=1,ERA=1,YEAR=2018,MONTH=2,WEEK_OF_YEAR=12,WEEK_OF_MONTH=4,DAY_OF_MONTH=21,DAY_OF_YEAR=80,DAY_OF_WEEK=4,DAY_OF_WEEK_IN_MONTH=3,AM_PM=1,HOUR=7,HOUR_OF_DAY=19,MINUTE=33,SECOND=12,MILLISECOND=73,ZONE_OFFSET=0,DST_OFFSET=0], message=null}
19:33:12.078 [main] DEBUG org.hibernate.SQL - insert into LogEntries (logCode, message, primaryUser, secondaryUser, time, id) values (?, ?, ?, ?, ?, ?)
Hibernate: insert into LogEntries (logCode, message, primaryUser, secondaryUser, time, id) values (?, ?, ?, ?, ?, ?)
19:33:12.079 [main] DEBUG o.h.e.j.internal.JdbcCoordinatorImpl - HHH000420: Closing un-released batch
19:33:12.080 [main] DEBUG o.h.e.t.internal.TransactionImpl - begin
19:33:12.088 [main] DEBUG org.hibernate.SQL - select next_val as id_val from hibernate_sequence for update
Hibernate: select next_val as id_val from hibernate_sequence for update
19:33:12.088 [main] DEBUG org.hibernate.SQL - update hibernate_sequence set next_val= ? where next_val=?
Hibernate: update hibernate_sequence set next_val= ? where next_val=?
19:33:12.089 [main] DEBUG o.h.e.i.AbstractSaveEventListener - Generated identifier: 89, using strategy: org.hibernate.id.enhanced.SequenceStyleGenerator
19:33:12.090 [main] DEBUG o.h.e.t.internal.TransactionImpl - committing
19:33:12.090 [main] DEBUG o.h.e.i.AbstractFlushingEventListener - Processing flush-time cascades
19:33:12.090 [main] DEBUG o.h.e.i.AbstractFlushingEventListener - Dirty checking collections
19:33:12.090 [main] DEBUG o.h.e.i.AbstractFlushingEventListener - Flushed: 1 insertions, 0 updates, 0 deletions to 1 objects
19:33:12.090 [main] DEBUG o.h.e.i.AbstractFlushingEventListener - Flushed: 0 (re)creations, 0 updates, 0 removals to 0 collections
19:33:12.090 [main] DEBUG o.h.internal.util.EntityPrinter - Listing entities:
19:33:12.090 [main] DEBUG o.h.internal.util.EntityPrinter - edu.ncsu.csc.itrust2.models.persistent.LogEntry{secondaryUser=null, logCode=5, primaryUser=logapitest, id=89, time=java.util.GregorianCalendar[time=1521660792080,areFieldsSet=true,areAllFieldsSet=true,lenient=true,zone=sun.util.calendar.ZoneInfo[id="Etc/UTC",offset=0,dstSavings=0,useDaylight=false,transitions=0,lastRule=null],firstDayOfWeek=1,minimalDaysInFirstWeek=1,ERA=1,YEAR=2018,MONTH=2,WEEK_OF_YEAR=12,WEEK_OF_MONTH=4,DAY_OF_MONTH=21,DAY_OF_YEAR=80,DAY_OF_WEEK=4,DAY_OF_WEEK_IN_MONTH=3,AM_PM=1,HOUR=7,HOUR_OF_DAY=19,MINUTE=33,SECOND=12,MILLISECOND=80,ZONE_OFFSET=0,DST_OFFSET=0], message=null}
19:33:12.091 [main] DEBUG org.hibernate.SQL - insert into LogEntries (logCode, message, primaryUser, secondaryUser, time, id) values (?, ?, ?, ?, ?, ?)
Hibernate: insert into LogEntries (logCode, message, primaryUser, secondaryUser, time, id) values (?, ?, ?, ?, ?, ?)
19:33:12.092 [main] DEBUG o.h.e.j.internal.JdbcCoordinatorImpl - HHH000420: Closing un-released batch
19:33:12.093 [main] DEBUG o.h.e.t.internal.TransactionImpl - begin
19:33:12.093 [main] DEBUG org.hibernate.SQL - select next_val as id_val from hibernate_sequence for update
Hibernate: select next_val as id_val from hibernate_sequence for update
19:33:12.094 [main] DEBUG org.hibernate.SQL - update hibernate_sequence set next_val= ? where next_val=?
Hibernate: update hibernate_sequence set next_val= ? where next_val=?
19:33:12.095 [main] DEBUG o.h.e.i.AbstractSaveEventListener - Generated identifier: 90, using strategy: org.hibernate.id.enhanced.SequenceStyleGenerator
19:33:12.095 [main] DEBUG o.h.e.t.internal.TransactionImpl - committing
19:33:12.095 [main] DEBUG o.h.e.i.AbstractFlushingEventListener - Processing flush-time cascades
19:33:12.095 [main] DEBUG o.h.e.i.AbstractFlushingEventListener - Dirty checking collections
19:33:12.095 [main] DEBUG o.h.e.i.AbstractFlushingEventListener - Flushed: 1 insertions, 0 updates, 0 deletions to 1 objects
19:33:12.095 [main] DEBUG o.h.e.i.AbstractFlushingEventListener - Flushed: 0 (re)creations, 0 updates, 0 removals to 0 collections
19:33:12.095 [main] DEBUG o.h.internal.util.EntityPrinter - Listing entities:
19:33:12.095 [main] DEBUG o.h.internal.util.EntityPrinter - edu.ncsu.csc.itrust2.models.persistent.LogEntry{secondaryUser=null, logCode=5, primaryUser=logapitest, id=90, time=java.util.GregorianCalendar[time=1521660792093,areFieldsSet=true,areAllFieldsSet=true,lenient=true,zone=sun.util.calendar.ZoneInfo[id="Etc/UTC",offset=0,dstSavings=0,useDaylight=false,transitions=0,lastRule=null],firstDayOfWeek=1,minimalDaysInFirstWeek=1,ERA=1,YEAR=2018,MONTH=2,WEEK_OF_YEAR=12,WEEK_OF_MONTH=4,DAY_OF_MONTH=21,DAY_OF_YEAR=80,DAY_OF_WEEK=4,DAY_OF_WEEK_IN_MONTH=3,AM_PM=1,HOUR=7,HOUR_OF_DAY=19,MINUTE=33,SECOND=12,MILLISECOND=93,ZONE_OFFSET=0,DST_OFFSET=0], message=null}
19:33:12.096 [main] DEBUG org.hibernate.SQL - insert into LogEntries (logCode, message, primaryUser, secondaryUser, time, id) values (?, ?, ?, ?, ?, ?)
Hibernate: insert into LogEntries (logCode, message, primaryUser, secondaryUser, time, id) values (?, ?, ?, ?, ?, ?)
19:33:12.098 [main] DEBUG o.h.e.j.internal.JdbcCoordinatorImpl - HHH000420: Closing un-released batch
19:33:12.099 [main] DEBUG o.h.e.t.internal.TransactionImpl - begin
19:33:12.102 [main] DEBUG org.hibernate.SQL - select next_val as id_val from hibernate_sequence for update
Hibernate: select next_val as id_val from hibernate_sequence for update
19:33:12.102 [main] DEBUG org.hibernate.SQL - update hibernate_sequence set next_val= ? where next_val=?
Hibernate: update hibernate_sequence set next_val= ? where next_val=?
19:33:12.105 [main] DEBUG o.h.e.i.AbstractSaveEventListener - Generated identifier: 91, using strategy: org.hibernate.id.enhanced.SequenceStyleGenerator
19:33:12.106 [main] DEBUG o.h.e.t.internal.TransactionImpl - committing
19:33:12.106 [main] DEBUG o.h.e.i.AbstractFlushingEventListener - Processing flush-time cascades
19:33:12.106 [main] DEBUG o.h.e.i.AbstractFlushingEventListener - Dirty checking collections
19:33:12.106 [main] DEBUG o.h.e.i.AbstractFlushingEventListener - Flushed: 1 insertions, 0 updates, 0 deletions to 1 objects
19:33:12.106 [main] DEBUG o.h.e.i.AbstractFlushingEventListener - Flushed: 0 (re)creations, 0 updates, 0 removals to 0 collections
19:33:12.106 [main] DEBUG o.h.internal.util.EntityPrinter - Listing entities:
19:33:12.106 [main] DEBUG o.h.internal.util.EntityPrinter - edu.ncsu.csc.itrust2.models.persistent.LogEntry{secondaryUser=null, logCode=5, primaryUser=logapitest, id=91, time=java.util.GregorianCalendar[time=1521660792098,areFieldsSet=true,areAllFieldsSet=true,lenient=true,zone=sun.util.calendar.ZoneInfo[id="Etc/UTC",offset=0,dstSavings=0,useDaylight=false,transitions=0,lastRule=null],firstDayOfWeek=1,minimalDaysInFirstWeek=1,ERA=1,YEAR=2018,MONTH=2,WEEK_OF_YEAR=12,WEEK_OF_MONTH=4,DAY_OF_MONTH=21,DAY_OF_YEAR=80,DAY_OF_WEEK=4,DAY_OF_WEEK_IN_MONTH=3,AM_PM=1,HOUR=7,HOUR_OF_DAY=19,MINUTE=33,SECOND=12,MILLISECOND=98,ZONE_OFFSET=0,DST_OFFSET=0], message=null}
19:33:12.107 [main] DEBUG org.hibernate.SQL - insert into LogEntries (logCode, message, primaryUser, secondaryUser, time, id) values (?, ?, ?, ?, ?, ?)
Hibernate: insert into LogEntries (logCode, message, primaryUser, secondaryUser, time, id) values (?, ?, ?, ?, ?, ?)
19:33:12.111 [main] DEBUG o.h.e.j.internal.JdbcCoordinatorImpl - HHH000420: Closing un-released batch
19:33:12.112 [main] DEBUG o.h.e.t.internal.TransactionImpl - begin
19:33:12.112 [main] DEBUG org.hibernate.SQL - select next_val as id_val from hibernate_sequence for update
Hibernate: select next_val as id_val from hibernate_sequence for update
19:33:12.119 [main] DEBUG org.hibernate.SQL - update hibernate_sequence set next_val= ? where next_val=?
Hibernate: update hibernate_sequence set next_val= ? where next_val=?
19:33:12.128 [main] DEBUG o.h.e.i.AbstractSaveEventListener - Generated identifier: 92, using strategy: org.hibernate.id.enhanced.SequenceStyleGenerator
19:33:12.128 [main] DEBUG o.h.e.t.internal.TransactionImpl - committing
19:33:12.128 [main] DEBUG o.h.e.i.AbstractFlushingEventListener - Processing flush-time cascades
19:33:12.128 [main] DEBUG o.h.e.i.AbstractFlushingEventListener - Dirty checking collections
19:33:12.128 [main] DEBUG o.h.e.i.AbstractFlushingEventListener - Flushed: 1 insertions, 0 updates, 0 deletions to 1 objects
19:33:12.129 [main] DEBUG o.h.e.i.AbstractFlushingEventListener - Flushed: 0 (re)creations, 0 updates, 0 removals to 0 collections
19:33:12.129 [main] DEBUG o.h.internal.util.EntityPrinter - Listing entities:
19:33:12.129 [main] DEBUG o.h.internal.util.EntityPrinter - edu.ncsu.csc.itrust2.models.persistent.LogEntry{secondaryUser=null, logCode=5, primaryUser=logapitest, id=92, time=java.util.GregorianCalendar[time=1521660792111,areFieldsSet=true,areAllFieldsSet=true,lenient=true,zone=sun.util.calendar.ZoneInfo[id="Etc/UTC",offset=0,dstSavings=0,useDaylight=false,transitions=0,lastRule=null],firstDayOfWeek=1,minimalDaysInFirstWeek=1,ERA=1,YEAR=2018,MONTH=2,WEEK_OF_YEAR=12,WEEK_OF_MONTH=4,DAY_OF_MONTH=21,DAY_OF_YEAR=80,DAY_OF_WEEK=4,DAY_OF_WEEK_IN_MONTH=3,AM_PM=1,HOUR=7,HOUR_OF_DAY=19,MINUTE=33,SECOND=12,MILLISECOND=111,ZONE_OFFSET=0,DST_OFFSET=0], message=null}
19:33:12.129 [main] DEBUG org.hibernate.SQL - insert into LogEntries (logCode, message, primaryUser, secondaryUser, time, id) values (?, ?, ?, ?, ?, ?)
Hibernate: insert into LogEntries (logCode, message, primaryUser, secondaryUser, time, id) values (?, ?, ?, ?, ?, ?)
19:33:12.132 [main] DEBUG o.h.e.j.internal.JdbcCoordinatorImpl - HHH000420: Closing un-released batch
19:33:12.132 [main] DEBUG o.h.e.t.internal.TransactionImpl - begin
19:33:12.133 [main] DEBUG org.hibernate.SQL - select next_val as id_val from hibernate_sequence for update
Hibernate: select next_val as id_val from hibernate_sequence for update
19:33:12.133 [main] DEBUG org.hibernate.SQL - update hibernate_sequence set next_val= ? where next_val=?
Hibernate: update hibernate_sequence set next_val= ? where next_val=?
19:33:12.134 [main] DEBUG o.h.e.i.AbstractSaveEventListener - Generated identifier: 93, using strategy: org.hibernate.id.enhanced.SequenceStyleGenerator
19:33:12.134 [main] DEBUG o.h.e.t.internal.TransactionImpl - committing
19:33:12.134 [main] DEBUG o.h.e.i.AbstractFlushingEventListener - Processing flush-time cascades
19:33:12.134 [main] DEBUG o.h.e.i.AbstractFlushingEventListener - Dirty checking collections
19:33:12.134 [main] DEBUG o.h.e.i.AbstractFlushingEventListener - Flushed: 1 insertions, 0 updates, 0 deletions to 1 objects
19:33:12.134 [main] DEBUG o.h.e.i.AbstractFlushingEventListener - Flushed: 0 (re)creations, 0 updates, 0 removals to 0 collections
19:33:12.134 [main] DEBUG o.h.internal.util.EntityPrinter - Listing entities:
19:33:12.134 [main] DEBUG o.h.internal.util.EntityPrinter - edu.ncsu.csc.itrust2.models.persistent.LogEntry{secondaryUser=null, logCode=5, primaryUser=logapitest, id=93, time=java.util.GregorianCalendar[time=1521660792132,areFieldsSet=true,areAllFieldsSet=true,lenient=true,zone=sun.util.calendar.ZoneInfo[id="Etc/UTC",offset=0,dstSavings=0,useDaylight=false,transitions=0,lastRule=null],firstDayOfWeek=1,minimalDaysInFirstWeek=1,ERA=1,YEAR=2018,MONTH=2,WEEK_OF_YEAR=12,WEEK_OF_MONTH=4,DAY_OF_MONTH=21,DAY_OF_YEAR=80,DAY_OF_WEEK=4,DAY_OF_WEEK_IN_MONTH=3,AM_PM=1,HOUR=7,HOUR_OF_DAY=19,MINUTE=33,SECOND=12,MILLISECOND=132,ZONE_OFFSET=0,DST_OFFSET=0], message=null}
19:33:12.135 [main] DEBUG org.hibernate.SQL - insert into LogEntries (logCode, message, primaryUser, secondaryUser, time, id) values (?, ?, ?, ?, ?, ?)
Hibernate: insert into LogEntries (logCode, message, primaryUser, secondaryUser, time, id) values (?, ?, ?, ?, ?, ?)
19:33:12.142 [main] DEBUG o.h.e.j.internal.JdbcCoordinatorImpl - HHH000420: Closing un-released batch
19:33:12.144 [main] DEBUG o.h.e.t.internal.TransactionImpl - begin
19:33:12.145 [main] DEBUG org.hibernate.SQL - select next_val as id_val from hibernate_sequence for update
Hibernate: select next_val as id_val from hibernate_sequence for update
19:33:12.146 [main] DEBUG org.hibernate.SQL - update hibernate_sequence set next_val= ? where next_val=?
Hibernate: update hibernate_sequence set next_val= ? where next_val=?
19:33:12.147 [main] DEBUG o.h.e.i.AbstractSaveEventListener - Generated identifier: 94, using strategy: org.hibernate.id.enhanced.SequenceStyleGenerator
19:33:12.147 [main] DEBUG o.h.e.t.internal.TransactionImpl - committing
19:33:12.147 [main] DEBUG o.h.e.i.AbstractFlushingEventListener - Processing flush-time cascades
19:33:12.147 [main] DEBUG o.h.e.i.AbstractFlushingEventListener - Dirty checking collections
19:33:12.147 [main] DEBUG o.h.e.i.AbstractFlushingEventListener - Flushed: 1 insertions, 0 updates, 0 deletions to 1 objects
19:33:12.147 [main] DEBUG o.h.e.i.AbstractFlushingEventListener - Flushed: 0 (re)creations, 0 updates, 0 removals to 0 collections
19:33:12.147 [main] DEBUG o.h.internal.util.EntityPrinter - Listing entities:
19:33:12.147 [main] DEBUG o.h.internal.util.EntityPrinter - edu.ncsu.csc.itrust2.models.persistent.LogEntry{secondaryUser=null, logCode=5, primaryUser=logapitest, id=94, time=java.util.GregorianCalendar[time=1521660792144,areFieldsSet=true,areAllFieldsSet=true,lenient=true,zone=sun.util.calendar.ZoneInfo[id="Etc/UTC",offset=0,dstSavings=0,useDaylight=false,transitions=0,lastRule=null],firstDayOfWeek=1,minimalDaysInFirstWeek=1,ERA=1,YEAR=2018,MONTH=2,WEEK_OF_YEAR=12,WEEK_OF_MONTH=4,DAY_OF_MONTH=21,DAY_OF_YEAR=80,DAY_OF_WEEK=4,DAY_OF_WEEK_IN_MONTH=3,AM_PM=1,HOUR=7,HOUR_OF_DAY=19,MINUTE=33,SECOND=12,MILLISECOND=144,ZONE_OFFSET=0,DST_OFFSET=0], message=null}
19:33:12.148 [main] DEBUG org.hibernate.SQL - insert into LogEntries (logCode, message, primaryUser, secondaryUser, time, id) values (?, ?, ?, ?, ?, ?)
Hibernate: insert into LogEntries (logCode, message, primaryUser, secondaryUser, time, id) values (?, ?, ?, ?, ?, ?)
19:33:12.160 [main] DEBUG o.h.e.j.internal.JdbcCoordinatorImpl - HHH000420: Closing un-released batch
19:33:12.160 [main] DEBUG o.h.e.t.internal.TransactionImpl - begin
19:33:12.160 [main] DEBUG org.hibernate.SQL - select next_val as id_val from hibernate_sequence for update
Hibernate: select next_val as id_val from hibernate_sequence for update
19:33:12.161 [main] DEBUG org.hibernate.SQL - update hibernate_sequence set next_val= ? where next_val=?
Hibernate: update hibernate_sequence set next_val= ? where next_val=?
19:33:12.162 [main] DEBUG o.h.e.i.AbstractSaveEventListener - Generated identifier: 95, using strategy: org.hibernate.id.enhanced.SequenceStyleGenerator
19:33:12.162 [main] DEBUG o.h.e.t.internal.TransactionImpl - committing
19:33:12.162 [main] DEBUG o.h.e.i.AbstractFlushingEventListener - Processing flush-time cascades
19:33:12.162 [main] DEBUG o.h.e.i.AbstractFlushingEventListener - Dirty checking collections
19:33:12.162 [main] DEBUG o.h.e.i.AbstractFlushingEventListener - Flushed: 1 insertions, 0 updates, 0 deletions to 1 objects
19:33:12.162 [main] DEBUG o.h.e.i.AbstractFlushingEventListener - Flushed: 0 (re)creations, 0 updates, 0 removals to 0 collections
19:33:12.162 [main] DEBUG o.h.internal.util.EntityPrinter - Listing entities:
19:33:12.162 [main] DEBUG o.h.internal.util.EntityPrinter - edu.ncsu.csc.itrust2.models.persistent.LogEntry{secondaryUser=null, logCode=5, primaryUser=logapitest, id=95, time=java.util.GregorianCalendar[time=1521660792160,areFieldsSet=true,areAllFieldsSet=true,lenient=true,zone=sun.util.calendar.ZoneInfo[id="Etc/UTC",offset=0,dstSavings=0,useDaylight=false,transitions=0,lastRule=null],firstDayOfWeek=1,minimalDaysInFirstWeek=1,ERA=1,YEAR=2018,MONTH=2,WEEK_OF_YEAR=12,WEEK_OF_MONTH=4,DAY_OF_MONTH=21,DAY_OF_YEAR=80,DAY_OF_WEEK=4,DAY_OF_WEEK_IN_MONTH=3,AM_PM=1,HOUR=7,HOUR_OF_DAY=19,MINUTE=33,SECOND=12,MILLISECOND=160,ZONE_OFFSET=0,DST_OFFSET=0], message=null}
19:33:12.163 [main] DEBUG org.hibernate.SQL - insert into LogEntries (logCode, message, primaryUser, secondaryUser, time, id) values (?, ?, ?, ?, ?, ?)
Hibernate: insert into LogEntries (logCode, message, primaryUser, secondaryUser, time, id) values (?, ?, ?, ?, ?, ?)
19:33:12.166 [main] DEBUG o.h.e.j.internal.JdbcCoordinatorImpl - HHH000420: Closing un-released batch
19:33:12.166 [main] DEBUG o.h.e.t.internal.TransactionImpl - begin
19:33:12.167 [main] DEBUG org.hibernate.SQL - select next_val as id_val from hibernate_sequence for update
Hibernate: select next_val as id_val from hibernate_sequence for update
19:33:12.175 [main] DEBUG org.hibernate.SQL - update hibernate_sequence set next_val= ? where next_val=?
Hibernate: update hibernate_sequence set next_val= ? where next_val=?
19:33:12.176 [main] DEBUG o.h.e.i.AbstractSaveEventListener - Generated identifier: 96, using strategy: org.hibernate.id.enhanced.SequenceStyleGenerator
19:33:12.176 [main] DEBUG o.h.e.t.internal.TransactionImpl - committing
19:33:12.176 [main] DEBUG o.h.e.i.AbstractFlushingEventListener - Processing flush-time cascades
19:33:12.176 [main] DEBUG o.h.e.i.AbstractFlushingEventListener - Dirty checking collections
19:33:12.176 [main] DEBUG o.h.e.i.AbstractFlushingEventListener - Flushed: 1 insertions, 0 updates, 0 deletions to 1 objects
19:33:12.176 [main] DEBUG o.h.e.i.AbstractFlushingEventListener - Flushed: 0 (re)creations, 0 updates, 0 removals to 0 collections
19:33:12.176 [main] DEBUG o.h.internal.util.EntityPrinter - Listing entities:
19:33:12.177 [main] DEBUG o.h.internal.util.EntityPrinter - edu.ncsu.csc.itrust2.models.persistent.LogEntry{secondaryUser=null, logCode=5, primaryUser=logapitest, id=96, time=java.util.GregorianCalendar[time=1521660792166,areFieldsSet=true,areAllFieldsSet=true,lenient=true,zone=sun.util.calendar.ZoneInfo[id="Etc/UTC",offset=0,dstSavings=0,useDaylight=false,transitions=0,lastRule=null],firstDayOfWeek=1,minimalDaysInFirstWeek=1,ERA=1,YEAR=2018,MONTH=2,WEEK_OF_YEAR=12,WEEK_OF_MONTH=4,DAY_OF_MONTH=21,DAY_OF_YEAR=80,DAY_OF_WEEK=4,DAY_OF_WEEK_IN_MONTH=3,AM_PM=1,HOUR=7,HOUR_OF_DAY=19,MINUTE=33,SECOND=12,MILLISECOND=166,ZONE_OFFSET=0,DST_OFFSET=0], message=null}
19:33:12.177 [main] DEBUG org.hibernate.SQL - insert into LogEntries (logCode, message, primaryUser, secondaryUser, time, id) values (?, ?, ?, ?, ?, ?)
Hibernate: insert into LogEntries (logCode, message, primaryUser, secondaryUser, time, id) values (?, ?, ?, ?, ?, ?)
19:33:12.179 [main] DEBUG o.h.e.j.internal.JdbcCoordinatorImpl - HHH000420: Closing un-released batch
19:33:12.180 [main] DEBUG o.h.e.t.internal.TransactionImpl - begin
19:33:12.180 [main] DEBUG org.hibernate.SQL - select next_val as id_val from hibernate_sequence for update
Hibernate: select next_val as id_val from hibernate_sequence for update
19:33:12.180 [main] DEBUG org.hibernate.SQL - update hibernate_sequence set next_val= ? where next_val=?
Hibernate: update hibernate_sequence set next_val= ? where next_val=?
19:33:12.181 [main] DEBUG o.h.e.i.AbstractSaveEventListener - Generated identifier: 97, using strategy: org.hibernate.id.enhanced.SequenceStyleGenerator
19:33:12.182 [main] DEBUG o.h.e.t.internal.TransactionImpl - committing
19:33:12.182 [main] DEBUG o.h.e.i.AbstractFlushingEventListener - Processing flush-time cascades
19:33:12.182 [main] DEBUG o.h.e.i.AbstractFlushingEventListener - Dirty checking collections
19:33:12.182 [main] DEBUG o.h.e.i.AbstractFlushingEventListener - Flushed: 1 insertions, 0 updates, 0 deletions to 1 objects
19:33:12.182 [main] DEBUG o.h.e.i.AbstractFlushingEventListener - Flushed: 0 (re)creations, 0 updates, 0 removals to 0 collections
19:33:12.182 [main] DEBUG o.h.internal.util.EntityPrinter - Listing entities:
19:33:12.182 [main] DEBUG o.h.internal.util.EntityPrinter - edu.ncsu.csc.itrust2.models.persistent.LogEntry{secondaryUser=null, logCode=5, primaryUser=logapitest, id=97, time=java.util.GregorianCalendar[time=1521660792180,areFieldsSet=true,areAllFieldsSet=true,lenient=true,zone=sun.util.calendar.ZoneInfo[id="Etc/UTC",offset=0,dstSavings=0,useDaylight=false,transitions=0,lastRule=null],firstDayOfWeek=1,minimalDaysInFirstWeek=1,ERA=1,YEAR=2018,MONTH=2,WEEK_OF_YEAR=12,WEEK_OF_MONTH=4,DAY_OF_MONTH=21,DAY_OF_YEAR=80,DAY_OF_WEEK=4,DAY_OF_WEEK_IN_MONTH=3,AM_PM=1,HOUR=7,HOUR_OF_DAY=19,MINUTE=33,SECOND=12,MILLISECOND=180,ZONE_OFFSET=0,DST_OFFSET=0], message=null}
19:33:12.183 [main] DEBUG org.hibernate.SQL - insert into LogEntries (logCode, message, primaryUser, secondaryUser, time, id) values (?, ?, ?, ?, ?, ?)
Hibernate: insert into LogEntries (logCode, message, primaryUser, secondaryUser, time, id) values (?, ?, ?, ?, ?, ?)
19:33:12.184 [main] DEBUG o.h.e.j.internal.JdbcCoordinatorImpl - HHH000420: Closing un-released batch
19:33:12.184 [main] DEBUG o.h.e.t.internal.TransactionImpl - begin
19:33:12.185 [main] DEBUG org.hibernate.SQL - select next_val as id_val from hibernate_sequence for update
Hibernate: select next_val as id_val from hibernate_sequence for update
19:33:12.192 [main] DEBUG org.hibernate.SQL - update hibernate_sequence set next_val= ? where next_val=?
Hibernate: update hibernate_sequence set next_val= ? where next_val=?
19:33:12.193 [main] DEBUG o.h.e.i.AbstractSaveEventListener - Generated identifier: 98, using strategy: org.hibernate.id.enhanced.SequenceStyleGenerator
19:33:12.193 [main] DEBUG o.h.e.t.internal.TransactionImpl - committing
19:33:12.193 [main] DEBUG o.h.e.i.AbstractFlushingEventListener - Processing flush-time cascades
19:33:12.193 [main] DEBUG o.h.e.i.AbstractFlushingEventListener - Dirty checking collections
19:33:12.194 [main] DEBUG o.h.e.i.AbstractFlushingEventListener - Flushed: 1 insertions, 0 updates, 0 deletions to 1 objects
19:33:12.194 [main] DEBUG o.h.e.i.AbstractFlushingEventListener - Flushed: 0 (re)creations, 0 updates, 0 removals to 0 collections
19:33:12.194 [main] DEBUG o.h.internal.util.EntityPrinter - Listing entities:
19:33:12.194 [main] DEBUG o.h.internal.util.EntityPrinter - edu.ncsu.csc.itrust2.models.persistent.LogEntry{secondaryUser=null, logCode=5, primaryUser=logapitest, id=98, time=java.util.GregorianCalendar[time=1521660792184,areFieldsSet=true,areAllFieldsSet=true,lenient=true,zone=sun.util.calendar.ZoneInfo[id="Etc/UTC",offset=0,dstSavings=0,useDaylight=false,transitions=0,lastRule=null],firstDayOfWeek=1,minimalDaysInFirstWeek=1,ERA=1,YEAR=2018,MONTH=2,WEEK_OF_YEAR=12,WEEK_OF_MONTH=4,DAY_OF_MONTH=21,DAY_OF_YEAR=80,DAY_OF_WEEK=4,DAY_OF_WEEK_IN_MONTH=3,AM_PM=1,HOUR=7,HOUR_OF_DAY=19,MINUTE=33,SECOND=12,MILLISECOND=184,ZONE_OFFSET=0,DST_OFFSET=0], message=null}
19:33:12.195 [main] DEBUG org.hibernate.SQL - insert into LogEntries (logCode, message, primaryUser, secondaryUser, time, id) values (?, ?, ?, ?, ?, ?)
Hibernate: insert into LogEntries (logCode, message, primaryUser, secondaryUser, time, id) values (?, ?, ?, ?, ?, ?)
19:33:12.201 [main] DEBUG o.h.e.j.internal.JdbcCoordinatorImpl - HHH000420: Closing un-released batch
19:33:12.201 [main] DEBUG o.h.e.t.internal.TransactionImpl - begin
19:33:12.203 [main] DEBUG org.hibernate.SQL - select next_val as id_val from hibernate_sequence for update
Hibernate: select next_val as id_val from hibernate_sequence for update
19:33:12.204 [main] DEBUG org.hibernate.SQL - update hibernate_sequence set next_val= ? where next_val=?
Hibernate: update hibernate_sequence set next_val= ? where next_val=?
19:33:12.206 [main] DEBUG o.h.e.i.AbstractSaveEventListener - Generated identifier: 99, using strategy: org.hibernate.id.enhanced.SequenceStyleGenerator
19:33:12.206 [main] DEBUG o.h.e.t.internal.TransactionImpl - committing
19:33:12.206 [main] DEBUG o.h.e.i.AbstractFlushingEventListener - Processing flush-time cascades
19:33:12.206 [main] DEBUG o.h.e.i.AbstractFlushingEventListener - Dirty checking collections
19:33:12.206 [main] DEBUG o.h.e.i.AbstractFlushingEventListener - Flushed: 1 insertions, 0 updates, 0 deletions to 1 objects
19:33:12.206 [main] DEBUG o.h.e.i.AbstractFlushingEventListener - Flushed: 0 (re)creations, 0 updates, 0 removals to 0 collections
19:33:12.206 [main] DEBUG o.h.internal.util.EntityPrinter - Listing entities:
19:33:12.206 [main] DEBUG o.h.internal.util.EntityPrinter - edu.ncsu.csc.itrust2.models.persistent.LogEntry{secondaryUser=null, logCode=5, primaryUser=logapitest, id=99, time=java.util.GregorianCalendar[time=1521660792201,areFieldsSet=true,areAllFieldsSet=true,lenient=true,zone=sun.util.calendar.ZoneInfo[id="Etc/UTC",offset=0,dstSavings=0,useDaylight=false,transitions=0,lastRule=null],firstDayOfWeek=1,minimalDaysInFirstWeek=1,ERA=1,YEAR=2018,MONTH=2,WEEK_OF_YEAR=12,WEEK_OF_MONTH=4,DAY_OF_MONTH=21,DAY_OF_YEAR=80,DAY_OF_WEEK=4,DAY_OF_WEEK_IN_MONTH=3,AM_PM=1,HOUR=7,HOUR_OF_DAY=19,MINUTE=33,SECOND=12,MILLISECOND=201,ZONE_OFFSET=0,DST_OFFSET=0], message=null}
19:33:12.207 [main] DEBUG org.hibernate.SQL - insert into LogEntries (logCode, message, primaryUser, secondaryUser, time, id) values (?, ?, ?, ?, ?, ?)
Hibernate: insert into LogEntries (logCode, message, primaryUser, secondaryUser, time, id) values (?, ?, ?, ?, ?, ?)
19:33:12.221 [main] DEBUG o.h.e.j.internal.JdbcCoordinatorImpl - HHH000420: Closing un-released batch
19:33:12.221 [main] DEBUG o.h.e.t.internal.TransactionImpl - begin
19:33:12.223 [main] DEBUG org.hibernate.SQL - select next_val as id_val from hibernate_sequence for update
Hibernate: select next_val as id_val from hibernate_sequence for update
19:33:12.223 [main] DEBUG org.hibernate.SQL - update hibernate_sequence set next_val= ? where next_val=?
Hibernate: update hibernate_sequence set next_val= ? where next_val=?
19:33:12.226 [main] DEBUG o.h.e.i.AbstractSaveEventListener - Generated identifier: 100, using strategy: org.hibernate.id.enhanced.SequenceStyleGenerator
19:33:12.226 [main] DEBUG o.h.e.t.internal.TransactionImpl - committing
19:33:12.226 [main] DEBUG o.h.e.i.AbstractFlushingEventListener - Processing flush-time cascades
19:33:12.226 [main] DEBUG o.h.e.i.AbstractFlushingEventListener - Dirty checking collections
19:33:12.226 [main] DEBUG o.h.e.i.AbstractFlushingEventListener - Flushed: 1 insertions, 0 updates, 0 deletions to 1 objects
19:33:12.226 [main] DEBUG o.h.e.i.AbstractFlushingEventListener - Flushed: 0 (re)creations, 0 updates, 0 removals to 0 collections
19:33:12.226 [main] DEBUG o.h.internal.util.EntityPrinter - Listing entities:
19:33:12.227 [main] DEBUG o.h.internal.util.EntityPrinter - edu.ncsu.csc.itrust2.models.persistent.LogEntry{secondaryUser=null, logCode=5, primaryUser=logapitest, id=100, time=java.util.GregorianCalendar[time=1521660792221,areFieldsSet=true,areAllFieldsSet=true,lenient=true,zone=sun.util.calendar.ZoneInfo[id="Etc/UTC",offset=0,dstSavings=0,useDaylight=false,transitions=0,lastRule=null],firstDayOfWeek=1,minimalDaysInFirstWeek=1,ERA=1,YEAR=2018,MONTH=2,WEEK_OF_YEAR=12,WEEK_OF_MONTH=4,DAY_OF_MONTH=21,DAY_OF_YEAR=80,DAY_OF_WEEK=4,DAY_OF_WEEK_IN_MONTH=3,AM_PM=1,HOUR=7,HOUR_OF_DAY=19,MINUTE=33,SECOND=12,MILLISECOND=221,ZONE_OFFSET=0,DST_OFFSET=0], message=null}
19:33:12.227 [main] DEBUG org.hibernate.SQL - insert into LogEntries (logCode, message, primaryUser, secondaryUser, time, id) values (?, ?, ?, ?, ?, ?)
Hibernate: insert into LogEntries (logCode, message, primaryUser, secondaryUser, time, id) values (?, ?, ?, ?, ?, ?)
19:33:12.254 [main] DEBUG o.h.e.j.internal.JdbcCoordinatorImpl - HHH000420: Closing un-released batch
19:33:12.255 [main] DEBUG o.h.e.t.internal.TransactionImpl - begin
19:33:12.255 [main] DEBUG org.hibernate.SQL - select next_val as id_val from hibernate_sequence for update
Hibernate: select next_val as id_val from hibernate_sequence for update
19:33:12.255 [main] DEBUG org.hibernate.SQL - update hibernate_sequence set next_val= ? where next_val=?
Hibernate: update hibernate_sequence set next_val= ? where next_val=?
19:33:12.257 [main] DEBUG o.h.e.i.AbstractSaveEventListener - Generated identifier: 101, using strategy: org.hibernate.id.enhanced.SequenceStyleGenerator
19:33:12.257 [main] DEBUG o.h.e.t.internal.TransactionImpl - committing
19:33:12.257 [main] DEBUG o.h.e.i.AbstractFlushingEventListener - Processing flush-time cascades
19:33:12.257 [main] DEBUG o.h.e.i.AbstractFlushingEventListener - Dirty checking collections
19:33:12.257 [main] DEBUG o.h.e.i.AbstractFlushingEventListener - Flushed: 1 insertions, 0 updates, 0 deletions to 1 objects
19:33:12.257 [main] DEBUG o.h.e.i.AbstractFlushingEventListener - Flushed: 0 (re)creations, 0 updates, 0 removals to 0 collections
19:33:12.257 [main] DEBUG o.h.internal.util.EntityPrinter - Listing entities:
19:33:12.257 [main] DEBUG o.h.internal.util.EntityPrinter - edu.ncsu.csc.itrust2.models.persistent.LogEntry{secondaryUser=null, logCode=5, primaryUser=logapitest, id=101, time=java.util.GregorianCalendar[time=1521660792254,areFieldsSet=true,areAllFieldsSet=true,lenient=true,zone=sun.util.calendar.ZoneInfo[id="Etc/UTC",offset=0,dstSavings=0,useDaylight=false,transitions=0,lastRule=null],firstDayOfWeek=1,minimalDaysInFirstWeek=1,ERA=1,YEAR=2018,MONTH=2,WEEK_OF_YEAR=12,WEEK_OF_MONTH=4,DAY_OF_MONTH=21,DAY_OF_YEAR=80,DAY_OF_WEEK=4,DAY_OF_WEEK_IN_MONTH=3,AM_PM=1,HOUR=7,HOUR_OF_DAY=19,MINUTE=33,SECOND=12,MILLISECOND=254,ZONE_OFFSET=0,DST_OFFSET=0], message=null}
19:33:12.259 [main] DEBUG org.hibernate.SQL - insert into LogEntries (logCode, message, primaryUser, secondaryUser, time, id) values (?, ?, ?, ?, ?, ?)
Hibernate: insert into LogEntries (logCode, message, primaryUser, secondaryUser, time, id) values (?, ?, ?, ?, ?, ?)
19:33:12.260 [main] DEBUG o.h.e.j.internal.JdbcCoordinatorImpl - HHH000420: Closing un-released batch
19:33:12.261 [main] DEBUG o.h.e.t.internal.TransactionImpl - begin
19:33:12.261 [main] DEBUG org.hibernate.SQL - select next_val as id_val from hibernate_sequence for update
Hibernate: select next_val as id_val from hibernate_sequence for update
19:33:12.261 [main] DEBUG org.hibernate.SQL - update hibernate_sequence set next_val= ? where next_val=?
Hibernate: update hibernate_sequence set next_val= ? where next_val=?
19:33:12.263 [main] DEBUG o.h.e.i.AbstractSaveEventListener - Generated identifier: 102, using strategy: org.hibernate.id.enhanced.SequenceStyleGenerator
19:33:12.263 [main] DEBUG o.h.e.t.internal.TransactionImpl - committing
19:33:12.263 [main] DEBUG o.h.e.i.AbstractFlushingEventListener - Processing flush-time cascades
19:33:12.263 [main] DEBUG o.h.e.i.AbstractFlushingEventListener - Dirty checking collections
19:33:12.263 [main] DEBUG o.h.e.i.AbstractFlushingEventListener - Flushed: 1 insertions, 0 updates, 0 deletions to 1 objects
19:33:12.263 [main] DEBUG o.h.e.i.AbstractFlushingEventListener - Flushed: 0 (re)creations, 0 updates, 0 removals to 0 collections
19:33:12.263 [main] DEBUG o.h.internal.util.EntityPrinter - Listing entities:
19:33:12.264 [main] DEBUG o.h.internal.util.EntityPrinter - edu.ncsu.csc.itrust2.models.persistent.LogEntry{secondaryUser=null, logCode=5, primaryUser=logapitest, id=102, time=java.util.GregorianCalendar[time=1521660792261,areFieldsSet=true,areAllFieldsSet=true,lenient=true,zone=sun.util.calendar.ZoneInfo[id="Etc/UTC",offset=0,dstSavings=0,useDaylight=false,transitions=0,lastRule=null],firstDayOfWeek=1,minimalDaysInFirstWeek=1,ERA=1,YEAR=2018,MONTH=2,WEEK_OF_YEAR=12,WEEK_OF_MONTH=4,DAY_OF_MONTH=21,DAY_OF_YEAR=80,DAY_OF_WEEK=4,DAY_OF_WEEK_IN_MONTH=3,AM_PM=1,HOUR=7,HOUR_OF_DAY=19,MINUTE=33,SECOND=12,MILLISECOND=261,ZONE_OFFSET=0,DST_OFFSET=0], message=null}
19:33:12.264 [main] DEBUG org.hibernate.SQL - insert into LogEntries (logCode, message, primaryUser, secondaryUser, time, id) values (?, ?, ?, ?, ?, ?)
Hibernate: insert into LogEntries (logCode, message, primaryUser, secondaryUser, time, id) values (?, ?, ?, ?, ?, ?)
19:33:12.266 [main] DEBUG o.h.e.j.internal.JdbcCoordinatorImpl - HHH000420: Closing un-released batch
19:33:12.267 [main] DEBUG o.h.e.t.internal.TransactionImpl - begin
19:33:12.267 [main] DEBUG org.hibernate.SQL - select next_val as id_val from hibernate_sequence for update
Hibernate: select next_val as id_val from hibernate_sequence for update
19:33:12.268 [main] DEBUG org.hibernate.SQL - update hibernate_sequence set next_val= ? where next_val=?
Hibernate: update hibernate_sequence set next_val= ? where next_val=?
19:33:12.269 [main] DEBUG o.h.e.i.AbstractSaveEventListener - Generated identifier: 103, using strategy: org.hibernate.id.enhanced.SequenceStyleGenerator
19:33:12.269 [main] DEBUG o.h.e.t.internal.TransactionImpl - committing
19:33:12.269 [main] DEBUG o.h.e.i.AbstractFlushingEventListener - Processing flush-time cascades
19:33:12.269 [main] DEBUG o.h.e.i.AbstractFlushingEventListener - Dirty checking collections
19:33:12.269 [main] DEBUG o.h.e.i.AbstractFlushingEventListener - Flushed: 1 insertions, 0 updates, 0 deletions to 1 objects
19:33:12.269 [main] DEBUG o.h.e.i.AbstractFlushingEventListener - Flushed: 0 (re)creations, 0 updates, 0 removals to 0 collections
19:33:12.269 [main] DEBUG o.h.internal.util.EntityPrinter - Listing entities:
19:33:12.269 [main] DEBUG o.h.internal.util.EntityPrinter - edu.ncsu.csc.itrust2.models.persistent.LogEntry{secondaryUser=null, logCode=5, primaryUser=logapitest, id=103, time=java.util.GregorianCalendar[time=1521660792267,areFieldsSet=true,areAllFieldsSet=true,lenient=true,zone=sun.util.calendar.ZoneInfo[id="Etc/UTC",offset=0,dstSavings=0,useDaylight=false,transitions=0,lastRule=null],firstDayOfWeek=1,minimalDaysInFirstWeek=1,ERA=1,YEAR=2018,MONTH=2,WEEK_OF_YEAR=12,WEEK_OF_MONTH=4,DAY_OF_MONTH=21,DAY_OF_YEAR=80,DAY_OF_WEEK=4,DAY_OF_WEEK_IN_MONTH=3,AM_PM=1,HOUR=7,HOUR_OF_DAY=19,MINUTE=33,SECOND=12,MILLISECOND=267,ZONE_OFFSET=0,DST_OFFSET=0], message=null}
19:33:12.273 [main] DEBUG org.hibernate.SQL - insert into LogEntries (logCode, message, primaryUser, secondaryUser, time, id) values (?, ?, ?, ?, ?, ?)
Hibernate: insert into LogEntries (logCode, message, primaryUser, secondaryUser, time, id) values (?, ?, ?, ?, ?, ?)
19:33:12.287 [main] DEBUG o.h.e.j.internal.JdbcCoordinatorImpl - HHH000420: Closing un-released batch
19:33:12.288 [main] DEBUG o.h.e.t.internal.TransactionImpl - begin
19:33:12.289 [main] DEBUG org.hibernate.SQL - select next_val as id_val from hibernate_sequence for update
Hibernate: select next_val as id_val from hibernate_sequence for update
19:33:12.290 [main] DEBUG org.hibernate.SQL - update hibernate_sequence set next_val= ? where next_val=?
Hibernate: update hibernate_sequence set next_val= ? where next_val=?
19:33:12.296 [main] DEBUG o.h.e.i.AbstractSaveEventListener - Generated identifier: 104, using strategy: org.hibernate.id.enhanced.SequenceStyleGenerator
19:33:12.296 [main] DEBUG o.h.e.t.internal.TransactionImpl - committing
19:33:12.296 [main] DEBUG o.h.e.i.AbstractFlushingEventListener - Processing flush-time cascades
19:33:12.296 [main] DEBUG o.h.e.i.AbstractFlushingEventListener - Dirty checking collections
19:33:12.296 [main] DEBUG o.h.e.i.AbstractFlushingEventListener - Flushed: 1 insertions, 0 updates, 0 deletions to 1 objects
19:33:12.296 [main] DEBUG o.h.e.i.AbstractFlushingEventListener - Flushed: 0 (re)creations, 0 updates, 0 removals to 0 collections
19:33:12.296 [main] DEBUG o.h.internal.util.EntityPrinter - Listing entities:
19:33:12.297 [main] DEBUG o.h.internal.util.EntityPrinter - edu.ncsu.csc.itrust2.models.persistent.LogEntry{secondaryUser=null, logCode=5, primaryUser=logapitest, id=104, time=java.util.GregorianCalendar[time=1521660792288,areFieldsSet=true,areAllFieldsSet=true,lenient=true,zone=sun.util.calendar.ZoneInfo[id="Etc/UTC",offset=0,dstSavings=0,useDaylight=false,transitions=0,lastRule=null],firstDayOfWeek=1,minimalDaysInFirstWeek=1,ERA=1,YEAR=2018,MONTH=2,WEEK_OF_YEAR=12,WEEK_OF_MONTH=4,DAY_OF_MONTH=21,DAY_OF_YEAR=80,DAY_OF_WEEK=4,DAY_OF_WEEK_IN_MONTH=3,AM_PM=1,HOUR=7,HOUR_OF_DAY=19,MINUTE=33,SECOND=12,MILLISECOND=288,ZONE_OFFSET=0,DST_OFFSET=0], message=null}
19:33:12.297 [main] DEBUG org.hibernate.SQL - insert into LogEntries (logCode, message, primaryUser, secondaryUser, time, id) values (?, ?, ?, ?, ?, ?)
Hibernate: insert into LogEntries (logCode, message, primaryUser, secondaryUser, time, id) values (?, ?, ?, ?, ?, ?)
19:33:12.300 [main] DEBUG o.h.e.j.internal.JdbcCoordinatorImpl - HHH000420: Closing un-released batch
19:33:12.300 [main] DEBUG o.h.e.t.internal.TransactionImpl - begin
19:33:12.302 [main] DEBUG org.hibernate.SQL - select next_val as id_val from hibernate_sequence for update
Hibernate: select next_val as id_val from hibernate_sequence for update
19:33:12.302 [main] DEBUG org.hibernate.SQL - update hibernate_sequence set next_val= ? where next_val=?
Hibernate: update hibernate_sequence set next_val= ? where next_val=?
19:33:12.304 [main] DEBUG o.h.e.i.AbstractSaveEventListener - Generated identifier: 105, using strategy: org.hibernate.id.enhanced.SequenceStyleGenerator
19:33:12.305 [main] DEBUG o.h.e.t.internal.TransactionImpl - committing
19:33:12.305 [main] DEBUG o.h.e.i.AbstractFlushingEventListener - Processing flush-time cascades
19:33:12.305 [main] DEBUG o.h.e.i.AbstractFlushingEventListener - Dirty checking collections
19:33:12.305 [main] DEBUG o.h.e.i.AbstractFlushingEventListener - Flushed: 1 insertions, 0 updates, 0 deletions to 1 objects
19:33:12.305 [main] DEBUG o.h.e.i.AbstractFlushingEventListener - Flushed: 0 (re)creations, 0 updates, 0 removals to 0 collections
19:33:12.305 [main] DEBUG o.h.internal.util.EntityPrinter - Listing entities:
19:33:12.305 [main] DEBUG o.h.internal.util.EntityPrinter - edu.ncsu.csc.itrust2.models.persistent.LogEntry{secondaryUser=null, logCode=5, primaryUser=logapitest, id=105, time=java.util.GregorianCalendar[time=1521660792300,areFieldsSet=true,areAllFieldsSet=true,lenient=true,zone=sun.util.calendar.ZoneInfo[id="Etc/UTC",offset=0,dstSavings=0,useDaylight=false,transitions=0,lastRule=null],firstDayOfWeek=1,minimalDaysInFirstWeek=1,ERA=1,YEAR=2018,MONTH=2,WEEK_OF_YEAR=12,WEEK_OF_MONTH=4,DAY_OF_MONTH=21,DAY_OF_YEAR=80,DAY_OF_WEEK=4,DAY_OF_WEEK_IN_MONTH=3,AM_PM=1,HOUR=7,HOUR_OF_DAY=19,MINUTE=33,SECOND=12,MILLISECOND=300,ZONE_OFFSET=0,DST_OFFSET=0], message=null}
19:33:12.306 [main] DEBUG org.hibernate.SQL - insert into LogEntries (logCode, message, primaryUser, secondaryUser, time, id) values (?, ?, ?, ?, ?, ?)
Hibernate: insert into LogEntries (logCode, message, primaryUser, secondaryUser, time, id) values (?, ?, ?, ?, ?, ?)
19:33:12.323 [main] DEBUG o.h.e.j.internal.JdbcCoordinatorImpl - HHH000420: Closing un-released batch
19:33:12.324 [main] DEBUG o.h.e.t.internal.TransactionImpl - begin
19:33:12.324 [main] DEBUG org.hibernate.SQL - select next_val as id_val from hibernate_sequence for update
Hibernate: select next_val as id_val from hibernate_sequence for update
19:33:12.328 [main] DEBUG org.hibernate.SQL - update hibernate_sequence set next_val= ? where next_val=?
Hibernate: update hibernate_sequence set next_val= ? where next_val=?
19:33:12.330 [main] DEBUG o.h.e.i.AbstractSaveEventListener - Generated identifier: 106, using strategy: org.hibernate.id.enhanced.SequenceStyleGenerator
19:33:12.331 [main] DEBUG o.h.e.t.internal.TransactionImpl - committing
19:33:12.331 [main] DEBUG o.h.e.i.AbstractFlushingEventListener - Processing flush-time cascades
19:33:12.331 [main] DEBUG o.h.e.i.AbstractFlushingEventListener - Dirty checking collections
19:33:12.331 [main] DEBUG o.h.e.i.AbstractFlushingEventListener - Flushed: 1 insertions, 0 updates, 0 deletions to 1 objects
19:33:12.331 [main] DEBUG o.h.e.i.AbstractFlushingEventListener - Flushed: 0 (re)creations, 0 updates, 0 removals to 0 collections
19:33:12.331 [main] DEBUG o.h.internal.util.EntityPrinter - Listing entities:
19:33:12.331 [main] DEBUG o.h.internal.util.EntityPrinter - edu.ncsu.csc.itrust2.models.persistent.LogEntry{secondaryUser=null, logCode=5, primaryUser=logapitest, id=106, time=java.util.GregorianCalendar[time=1521660792324,areFieldsSet=true,areAllFieldsSet=true,lenient=true,zone=sun.util.calendar.ZoneInfo[id="Etc/UTC",offset=0,dstSavings=0,useDaylight=false,transitions=0,lastRule=null],firstDayOfWeek=1,minimalDaysInFirstWeek=1,ERA=1,YEAR=2018,MONTH=2,WEEK_OF_YEAR=12,WEEK_OF_MONTH=4,DAY_OF_MONTH=21,DAY_OF_YEAR=80,DAY_OF_WEEK=4,DAY_OF_WEEK_IN_MONTH=3,AM_PM=1,HOUR=7,HOUR_OF_DAY=19,MINUTE=33,SECOND=12,MILLISECOND=324,ZONE_OFFSET=0,DST_OFFSET=0], message=null}
19:33:12.332 [main] DEBUG org.hibernate.SQL - insert into LogEntries (logCode, message, primaryUser, secondaryUser, time, id) values (?, ?, ?, ?, ?, ?)
Hibernate: insert into LogEntries (logCode, message, primaryUser, secondaryUser, time, id) values (?, ?, ?, ?, ?, ?)
19:33:12.333 [main] DEBUG o.h.e.j.internal.JdbcCoordinatorImpl - HHH000420: Closing un-released batch
19:33:12.334 [main] DEBUG o.h.e.t.internal.TransactionImpl - begin
19:33:12.339 [main] DEBUG org.hibernate.SQL - select next_val as id_val from hibernate_sequence for update
Hibernate: select next_val as id_val from hibernate_sequence for update
19:33:12.340 [main] DEBUG org.hibernate.SQL - update hibernate_sequence set next_val= ? where next_val=?
Hibernate: update hibernate_sequence set next_val= ? where next_val=?
19:33:12.344 [main] DEBUG o.h.e.i.AbstractSaveEventListener - Generated identifier: 107, using strategy: org.hibernate.id.enhanced.SequenceStyleGenerator
19:33:12.344 [main] DEBUG o.h.e.t.internal.TransactionImpl - committing
19:33:12.344 [main] DEBUG o.h.e.i.AbstractFlushingEventListener - Processing flush-time cascades
19:33:12.344 [main] DEBUG o.h.e.i.AbstractFlushingEventListener - Dirty checking collections
19:33:12.344 [main] DEBUG o.h.e.i.AbstractFlushingEventListener - Flushed: 1 insertions, 0 updates, 0 deletions to 1 objects
19:33:12.344 [main] DEBUG o.h.e.i.AbstractFlushingEventListener - Flushed: 0 (re)creations, 0 updates, 0 removals to 0 collections
19:33:12.344 [main] DEBUG o.h.internal.util.EntityPrinter - Listing entities:
19:33:12.344 [main] DEBUG o.h.internal.util.EntityPrinter - edu.ncsu.csc.itrust2.models.persistent.LogEntry{secondaryUser=null, logCode=5, primaryUser=logapitest, id=107, time=java.util.GregorianCalendar[time=1521660792333,areFieldsSet=true,areAllFieldsSet=true,lenient=true,zone=sun.util.calendar.ZoneInfo[id="Etc/UTC",offset=0,dstSavings=0,useDaylight=false,transitions=0,lastRule=null],firstDayOfWeek=1,minimalDaysInFirstWeek=1,ERA=1,YEAR=2018,MONTH=2,WEEK_OF_YEAR=12,WEEK_OF_MONTH=4,DAY_OF_MONTH=21,DAY_OF_YEAR=80,DAY_OF_WEEK=4,DAY_OF_WEEK_IN_MONTH=3,AM_PM=1,HOUR=7,HOUR_OF_DAY=19,MINUTE=33,SECOND=12,MILLISECOND=333,ZONE_OFFSET=0,DST_OFFSET=0], message=null}
19:33:12.345 [main] DEBUG org.hibernate.SQL - insert into LogEntries (logCode, message, primaryUser, secondaryUser, time, id) values (?, ?, ?, ?, ?, ?)
Hibernate: insert into LogEntries (logCode, message, primaryUser, secondaryUser, time, id) values (?, ?, ?, ?, ?, ?)
19:33:12.347 [main] DEBUG o.h.e.j.internal.JdbcCoordinatorImpl - HHH000420: Closing un-released batch
19:33:12.357 [main] DEBUG o.h.e.t.internal.TransactionImpl - begin
19:33:12.359 [main] DEBUG org.hibernate.SQL - select next_val as id_val from hibernate_sequence for update
Hibernate: select next_val as id_val from hibernate_sequence for update
19:33:12.360 [main] DEBUG org.hibernate.SQL - update hibernate_sequence set next_val= ? where next_val=?
Hibernate: update hibernate_sequence set next_val= ? where next_val=?
19:33:12.361 [main] DEBUG o.h.e.i.AbstractSaveEventListener - Generated identifier: 108, using strategy: org.hibernate.id.enhanced.SequenceStyleGenerator
19:33:12.362 [main] DEBUG o.h.e.t.internal.TransactionImpl - committing
19:33:12.362 [main] DEBUG o.h.e.i.AbstractFlushingEventListener - Processing flush-time cascades
19:33:12.362 [main] DEBUG o.h.e.i.AbstractFlushingEventListener - Dirty checking collections
19:33:12.362 [main] DEBUG o.h.e.i.AbstractFlushingEventListener - Flushed: 1 insertions, 0 updates, 0 deletions to 1 objects
19:33:12.362 [main] DEBUG o.h.e.i.AbstractFlushingEventListener - Flushed: 0 (re)creations, 0 updates, 0 removals to 0 collections
19:33:12.362 [main] DEBUG o.h.internal.util.EntityPrinter - Listing entities:
19:33:12.362 [main] DEBUG o.h.internal.util.EntityPrinter - edu.ncsu.csc.itrust2.models.persistent.LogEntry{secondaryUser=null, logCode=5, primaryUser=logapitest, id=108, time=java.util.GregorianCalendar[time=1521660792357,areFieldsSet=true,areAllFieldsSet=true,lenient=true,zone=sun.util.calendar.ZoneInfo[id="Etc/UTC",offset=0,dstSavings=0,useDaylight=false,transitions=0,lastRule=null],firstDayOfWeek=1,minimalDaysInFirstWeek=1,ERA=1,YEAR=2018,MONTH=2,WEEK_OF_YEAR=12,WEEK_OF_MONTH=4,DAY_OF_MONTH=21,DAY_OF_YEAR=80,DAY_OF_WEEK=4,DAY_OF_WEEK_IN_MONTH=3,AM_PM=1,HOUR=7,HOUR_OF_DAY=19,MINUTE=33,SECOND=12,MILLISECOND=357,ZONE_OFFSET=0,DST_OFFSET=0], message=null}
19:33:12.363 [main] DEBUG org.hibernate.SQL - insert into LogEntries (logCode, message, primaryUser, secondaryUser, time, id) values (?, ?, ?, ?, ?, ?)
Hibernate: insert into LogEntries (logCode, message, primaryUser, secondaryUser, time, id) values (?, ?, ?, ?, ?, ?)
19:33:12.372 [main] DEBUG o.h.e.j.internal.JdbcCoordinatorImpl - HHH000420: Closing un-released batch
19:33:12.373 [main] DEBUG o.h.e.t.internal.TransactionImpl - begin
19:33:12.374 [main] DEBUG org.hibernate.SQL - select next_val as id_val from hibernate_sequence for update
Hibernate: select next_val as id_val from hibernate_sequence for update
19:33:12.374 [main] DEBUG org.hibernate.SQL - update hibernate_sequence set next_val= ? where next_val=?
Hibernate: update hibernate_sequence set next_val= ? where next_val=?
19:33:12.375 [main] DEBUG o.h.e.i.AbstractSaveEventListener - Generated identifier: 109, using strategy: org.hibernate.id.enhanced.SequenceStyleGenerator
19:33:12.375 [main] DEBUG o.h.e.t.internal.TransactionImpl - committing
19:33:12.375 [main] DEBUG o.h.e.i.AbstractFlushingEventListener - Processing flush-time cascades
19:33:12.375 [main] DEBUG o.h.e.i.AbstractFlushingEventListener - Dirty checking collections
19:33:12.375 [main] DEBUG o.h.e.i.AbstractFlushingEventListener - Flushed: 1 insertions, 0 updates, 0 deletions to 1 objects
19:33:12.375 [main] DEBUG o.h.e.i.AbstractFlushingEventListener - Flushed: 0 (re)creations, 0 updates, 0 removals to 0 collections
19:33:12.375 [main] DEBUG o.h.internal.util.EntityPrinter - Listing entities:
19:33:12.376 [main] DEBUG o.h.internal.util.EntityPrinter - edu.ncsu.csc.itrust2.models.persistent.LogEntry{secondaryUser=null, logCode=5, primaryUser=logapitest, id=109, time=java.util.GregorianCalendar[time=1521660792372,areFieldsSet=true,areAllFieldsSet=true,lenient=true,zone=sun.util.calendar.ZoneInfo[id="Etc/UTC",offset=0,dstSavings=0,useDaylight=false,transitions=0,lastRule=null],firstDayOfWeek=1,minimalDaysInFirstWeek=1,ERA=1,YEAR=2018,MONTH=2,WEEK_OF_YEAR=12,WEEK_OF_MONTH=4,DAY_OF_MONTH=21,DAY_OF_YEAR=80,DAY_OF_WEEK=4,DAY_OF_WEEK_IN_MONTH=3,AM_PM=1,HOUR=7,HOUR_OF_DAY=19,MINUTE=33,SECOND=12,MILLISECOND=372,ZONE_OFFSET=0,DST_OFFSET=0], message=null}
19:33:12.376 [main] DEBUG org.hibernate.SQL - insert into LogEntries (logCode, message, primaryUser, secondaryUser, time, id) values (?, ?, ?, ?, ?, ?)
Hibernate: insert into LogEntries (logCode, message, primaryUser, secondaryUser, time, id) values (?, ?, ?, ?, ?, ?)
19:33:12.379 [main] DEBUG o.h.e.j.internal.JdbcCoordinatorImpl - HHH000420: Closing un-released batch
19:33:12.379 [main] DEBUG o.h.e.t.internal.TransactionImpl - begin
19:33:12.380 [main] DEBUG org.hibernate.SQL - select next_val as id_val from hibernate_sequence for update
Hibernate: select next_val as id_val from hibernate_sequence for update
19:33:12.381 [main] DEBUG org.hibernate.SQL - update hibernate_sequence set next_val= ? where next_val=?
Hibernate: update hibernate_sequence set next_val= ? where next_val=?
19:33:12.384 [main] DEBUG o.h.e.i.AbstractSaveEventListener - Generated identifier: 110, using strategy: org.hibernate.id.enhanced.SequenceStyleGenerator
19:33:12.388 [main] DEBUG o.h.e.t.internal.TransactionImpl - committing
19:33:12.388 [main] DEBUG o.h.e.i.AbstractFlushingEventListener - Processing flush-time cascades
19:33:12.388 [main] DEBUG o.h.e.i.AbstractFlushingEventListener - Dirty checking collections
19:33:12.389 [main] DEBUG o.h.e.i.AbstractFlushingEventListener - Flushed: 1 insertions, 0 updates, 0 deletions to 1 objects
19:33:12.389 [main] DEBUG o.h.e.i.AbstractFlushingEventListener - Flushed: 0 (re)creations, 0 updates, 0 removals to 0 collections
19:33:12.389 [main] DEBUG o.h.internal.util.EntityPrinter - Listing entities:
19:33:12.390 [main] DEBUG o.h.internal.util.EntityPrinter - edu.ncsu.csc.itrust2.models.persistent.LogEntry{secondaryUser=null, logCode=5, primaryUser=logapitest, id=110, time=java.util.GregorianCalendar[time=1521660792379,areFieldsSet=true,areAllFieldsSet=true,lenient=true,zone=sun.util.calendar.ZoneInfo[id="Etc/UTC",offset=0,dstSavings=0,useDaylight=false,transitions=0,lastRule=null],firstDayOfWeek=1,minimalDaysInFirstWeek=1,ERA=1,YEAR=2018,MONTH=2,WEEK_OF_YEAR=12,WEEK_OF_MONTH=4,DAY_OF_MONTH=21,DAY_OF_YEAR=80,DAY_OF_WEEK=4,DAY_OF_WEEK_IN_MONTH=3,AM_PM=1,HOUR=7,HOUR_OF_DAY=19,MINUTE=33,SECOND=12,MILLISECOND=379,ZONE_OFFSET=0,DST_OFFSET=0], message=null}
19:33:12.391 [main] DEBUG org.hibernate.SQL - insert into LogEntries (logCode, message, primaryUser, secondaryUser, time, id) values (?, ?, ?, ?, ?, ?)
Hibernate: insert into LogEntries (logCode, message, primaryUser, secondaryUser, time, id) values (?, ?, ?, ?, ?, ?)
19:33:12.403 [main] DEBUG o.h.e.j.internal.JdbcCoordinatorImpl - HHH000420: Closing un-released batch
19:33:12.405 [main] DEBUG o.h.e.t.internal.TransactionImpl - begin
19:33:12.407 [main] DEBUG org.hibernate.SQL - select next_val as id_val from hibernate_sequence for update
Hibernate: select next_val as id_val from hibernate_sequence for update
19:33:12.409 [main] DEBUG org.hibernate.SQL - update hibernate_sequence set next_val= ? where next_val=?
Hibernate: update hibernate_sequence set next_val= ? where next_val=?
19:33:12.421 [main] DEBUG o.h.e.i.AbstractSaveEventListener - Generated identifier: 111, using strategy: org.hibernate.id.enhanced.SequenceStyleGenerator
19:33:12.421 [main] DEBUG o.h.e.t.internal.TransactionImpl - committing
19:33:12.421 [main] DEBUG o.h.e.i.AbstractFlushingEventListener - Processing flush-time cascades
19:33:12.421 [main] DEBUG o.h.e.i.AbstractFlushingEventListener - Dirty checking collections
19:33:12.421 [main] DEBUG o.h.e.i.AbstractFlushingEventListener - Flushed: 1 insertions, 0 updates, 0 deletions to 1 objects
19:33:12.421 [main] DEBUG o.h.e.i.AbstractFlushingEventListener - Flushed: 0 (re)creations, 0 updates, 0 removals to 0 collections
19:33:12.422 [main] DEBUG o.h.internal.util.EntityPrinter - Listing entities:
19:33:12.422 [main] DEBUG o.h.internal.util.EntityPrinter - edu.ncsu.csc.itrust2.models.persistent.LogEntry{secondaryUser=null, logCode=5, primaryUser=logapitest, id=111, time=java.util.GregorianCalendar[time=1521660792405,areFieldsSet=true,areAllFieldsSet=true,lenient=true,zone=sun.util.calendar.ZoneInfo[id="Etc/UTC",offset=0,dstSavings=0,useDaylight=false,transitions=0,lastRule=null],firstDayOfWeek=1,minimalDaysInFirstWeek=1,ERA=1,YEAR=2018,MONTH=2,WEEK_OF_YEAR=12,WEEK_OF_MONTH=4,DAY_OF_MONTH=21,DAY_OF_YEAR=80,DAY_OF_WEEK=4,DAY_OF_WEEK_IN_MONTH=3,AM_PM=1,HOUR=7,HOUR_OF_DAY=19,MINUTE=33,SECOND=12,MILLISECOND=405,ZONE_OFFSET=0,DST_OFFSET=0], message=null}
19:33:12.423 [main] DEBUG org.hibernate.SQL - insert into LogEntries (logCode, message, primaryUser, secondaryUser, time, id) values (?, ?, ?, ?, ?, ?)
Hibernate: insert into LogEntries (logCode, message, primaryUser, secondaryUser, time, id) values (?, ?, ?, ?, ?, ?)
19:33:12.424 [main] DEBUG o.h.e.j.internal.JdbcCoordinatorImpl - HHH000420: Closing un-released batch
19:33:12.424 [main] DEBUG o.h.e.t.internal.TransactionImpl - begin
19:33:12.425 [main] DEBUG org.hibernate.SQL - select next_val as id_val from hibernate_sequence for update
Hibernate: select next_val as id_val from hibernate_sequence for update
19:33:12.425 [main] DEBUG org.hibernate.SQL - update hibernate_sequence set next_val= ? where next_val=?
Hibernate: update hibernate_sequence set next_val= ? where next_val=?
19:33:12.426 [main] DEBUG o.h.e.i.AbstractSaveEventListener - Generated identifier: 112, using strategy: org.hibernate.id.enhanced.SequenceStyleGenerator
19:33:12.426 [main] DEBUG o.h.e.t.internal.TransactionImpl - committing
19:33:12.426 [main] DEBUG o.h.e.i.AbstractFlushingEventListener - Processing flush-time cascades
19:33:12.426 [main] DEBUG o.h.e.i.AbstractFlushingEventListener - Dirty checking collections
19:33:12.427 [main] DEBUG o.h.e.i.AbstractFlushingEventListener - Flushed: 1 insertions, 0 updates, 0 deletions to 1 objects
19:33:12.427 [main] DEBUG o.h.e.i.AbstractFlushingEventListener - Flushed: 0 (re)creations, 0 updates, 0 removals to 0 collections
19:33:12.427 [main] DEBUG o.h.internal.util.EntityPrinter - Listing entities:
19:33:12.427 [main] DEBUG o.h.internal.util.EntityPrinter - edu.ncsu.csc.itrust2.models.persistent.LogEntry{secondaryUser=null, logCode=5, primaryUser=logapitest, id=112, time=java.util.GregorianCalendar[time=1521660792424,areFieldsSet=true,areAllFieldsSet=true,lenient=true,zone=sun.util.calendar.ZoneInfo[id="Etc/UTC",offset=0,dstSavings=0,useDaylight=false,transitions=0,lastRule=null],firstDayOfWeek=1,minimalDaysInFirstWeek=1,ERA=1,YEAR=2018,MONTH=2,WEEK_OF_YEAR=12,WEEK_OF_MONTH=4,DAY_OF_MONTH=21,DAY_OF_YEAR=80,DAY_OF_WEEK=4,DAY_OF_WEEK_IN_MONTH=3,AM_PM=1,HOUR=7,HOUR_OF_DAY=19,MINUTE=33,SECOND=12,MILLISECOND=424,ZONE_OFFSET=0,DST_OFFSET=0], message=null}
19:33:12.427 [main] DEBUG org.hibernate.SQL - insert into LogEntries (logCode, message, primaryUser, secondaryUser, time, id) values (?, ?, ?, ?, ?, ?)
Hibernate: insert into LogEntries (logCode, message, primaryUser, secondaryUser, time, id) values (?, ?, ?, ?, ?, ?)
19:33:12.437 [main] DEBUG o.h.e.j.internal.JdbcCoordinatorImpl - HHH000420: Closing un-released batch
19:33:12.437 [main] DEBUG o.h.e.t.internal.TransactionImpl - begin
19:33:12.439 [main] DEBUG org.hibernate.SQL - select next_val as id_val from hibernate_sequence for update
Hibernate: select next_val as id_val from hibernate_sequence for update
19:33:12.440 [main] DEBUG org.hibernate.SQL - update hibernate_sequence set next_val= ? where next_val=?
Hibernate: update hibernate_sequence set next_val= ? where next_val=?
19:33:12.442 [main] DEBUG o.h.e.i.AbstractSaveEventListener - Generated identifier: 113, using strategy: org.hibernate.id.enhanced.SequenceStyleGenerator
19:33:12.443 [main] DEBUG o.h.e.t.internal.TransactionImpl - committing
19:33:12.444 [main] DEBUG o.h.e.i.AbstractFlushingEventListener - Processing flush-time cascades
19:33:12.444 [main] DEBUG o.h.e.i.AbstractFlushingEventListener - Dirty checking collections
19:33:12.444 [main] DEBUG o.h.e.i.AbstractFlushingEventListener - Flushed: 1 insertions, 0 updates, 0 deletions to 1 objects
19:33:12.445 [main] DEBUG o.h.e.i.AbstractFlushingEventListener - Flushed: 0 (re)creations, 0 updates, 0 removals to 0 collections
19:33:12.445 [main] DEBUG o.h.internal.util.EntityPrinter - Listing entities:
19:33:12.445 [main] DEBUG o.h.internal.util.EntityPrinter - edu.ncsu.csc.itrust2.models.persistent.LogEntry{secondaryUser=null, logCode=5, primaryUser=logapitest, id=113, time=java.util.GregorianCalendar[time=1521660792437,areFieldsSet=true,areAllFieldsSet=true,lenient=true,zone=sun.util.calendar.ZoneInfo[id="Etc/UTC",offset=0,dstSavings=0,useDaylight=false,transitions=0,lastRule=null],firstDayOfWeek=1,minimalDaysInFirstWeek=1,ERA=1,YEAR=2018,MONTH=2,WEEK_OF_YEAR=12,WEEK_OF_MONTH=4,DAY_OF_MONTH=21,DAY_OF_YEAR=80,DAY_OF_WEEK=4,DAY_OF_WEEK_IN_MONTH=3,AM_PM=1,HOUR=7,HOUR_OF_DAY=19,MINUTE=33,SECOND=12,MILLISECOND=437,ZONE_OFFSET=0,DST_OFFSET=0], message=null}
19:33:12.446 [main] DEBUG org.hibernate.SQL - insert into LogEntries (logCode, message, primaryUser, secondaryUser, time, id) values (?, ?, ?, ?, ?, ?)
Hibernate: insert into LogEntries (logCode, message, primaryUser, secondaryUser, time, id) values (?, ?, ?, ?, ?, ?)
19:33:12.451 [main] DEBUG o.h.e.j.internal.JdbcCoordinatorImpl - HHH000420: Closing un-released batch
19:33:12.452 [main] DEBUG o.h.e.t.internal.TransactionImpl - begin
19:33:12.454 [main] DEBUG org.hibernate.SQL - select next_val as id_val from hibernate_sequence for update
Hibernate: select next_val as id_val from hibernate_sequence for update
19:33:12.455 [main] DEBUG org.hibernate.SQL - update hibernate_sequence set next_val= ? where next_val=?
Hibernate: update hibernate_sequence set next_val= ? where next_val=?
19:33:12.458 [main] DEBUG o.h.e.i.AbstractSaveEventListener - Generated identifier: 114, using strategy: org.hibernate.id.enhanced.SequenceStyleGenerator
19:33:12.459 [main] DEBUG o.h.e.t.internal.TransactionImpl - committing
19:33:12.459 [main] DEBUG o.h.e.i.AbstractFlushingEventListener - Processing flush-time cascades
19:33:12.460 [main] DEBUG o.h.e.i.AbstractFlushingEventListener - Dirty checking collections
19:33:12.460 [main] DEBUG o.h.e.i.AbstractFlushingEventListener - Flushed: 1 insertions, 0 updates, 0 deletions to 1 objects
19:33:12.461 [main] DEBUG o.h.e.i.AbstractFlushingEventListener - Flushed: 0 (re)creations, 0 updates, 0 removals to 0 collections
19:33:12.462 [main] DEBUG o.h.internal.util.EntityPrinter - Listing entities:
19:33:12.462 [main] DEBUG o.h.internal.util.EntityPrinter - edu.ncsu.csc.itrust2.models.persistent.LogEntry{secondaryUser=null, logCode=5, primaryUser=logapitest, id=114, time=java.util.GregorianCalendar[time=1521660792452,areFieldsSet=true,areAllFieldsSet=true,lenient=true,zone=sun.util.calendar.ZoneInfo[id="Etc/UTC",offset=0,dstSavings=0,useDaylight=false,transitions=0,lastRule=null],firstDayOfWeek=1,minimalDaysInFirstWeek=1,ERA=1,YEAR=2018,MONTH=2,WEEK_OF_YEAR=12,WEEK_OF_MONTH=4,DAY_OF_MONTH=21,DAY_OF_YEAR=80,DAY_OF_WEEK=4,DAY_OF_WEEK_IN_MONTH=3,AM_PM=1,HOUR=7,HOUR_OF_DAY=19,MINUTE=33,SECOND=12,MILLISECOND=452,ZONE_OFFSET=0,DST_OFFSET=0], message=null}
19:33:12.463 [main] DEBUG org.hibernate.SQL - insert into LogEntries (logCode, message, primaryUser, secondaryUser, time, id) values (?, ?, ?, ?, ?, ?)
Hibernate: insert into LogEntries (logCode, message, primaryUser, secondaryUser, time, id) values (?, ?, ?, ?, ?, ?)
19:33:12.469 [main] DEBUG o.h.e.j.internal.JdbcCoordinatorImpl - HHH000420: Closing un-released batch
19:33:12.471 [main] DEBUG o.h.e.t.internal.TransactionImpl - begin
19:33:12.473 [main] DEBUG org.hibernate.SQL - select next_val as id_val from hibernate_sequence for update
Hibernate: select next_val as id_val from hibernate_sequence for update
19:33:12.474 [main] DEBUG org.hibernate.SQL - update hibernate_sequence set next_val= ? where next_val=?
Hibernate: update hibernate_sequence set next_val= ? where next_val=?
19:33:12.482 [main] DEBUG o.h.e.i.AbstractSaveEventListener - Generated identifier: 115, using strategy: org.hibernate.id.enhanced.SequenceStyleGenerator
19:33:12.482 [main] DEBUG o.h.e.t.internal.TransactionImpl - committing
19:33:12.483 [main] DEBUG o.h.e.i.AbstractFlushingEventListener - Processing flush-time cascades
19:33:12.483 [main] DEBUG o.h.e.i.AbstractFlushingEventListener - Dirty checking collections
19:33:12.483 [main] DEBUG o.h.e.i.AbstractFlushingEventListener - Flushed: 1 insertions, 0 updates, 0 deletions to 1 objects
19:33:12.484 [main] DEBUG o.h.e.i.AbstractFlushingEventListener - Flushed: 0 (re)creations, 0 updates, 0 removals to 0 collections
19:33:12.484 [main] DEBUG o.h.internal.util.EntityPrinter - Listing entities:
19:33:12.484 [main] DEBUG o.h.internal.util.EntityPrinter - edu.ncsu.csc.itrust2.models.persistent.LogEntry{secondaryUser=null, logCode=5, primaryUser=logapitest, id=115, time=java.util.GregorianCalendar[time=1521660792471,areFieldsSet=true,areAllFieldsSet=true,lenient=true,zone=sun.util.calendar.ZoneInfo[id="Etc/UTC",offset=0,dstSavings=0,useDaylight=false,transitions=0,lastRule=null],firstDayOfWeek=1,minimalDaysInFirstWeek=1,ERA=1,YEAR=2018,MONTH=2,WEEK_OF_YEAR=12,WEEK_OF_MONTH=4,DAY_OF_MONTH=21,DAY_OF_YEAR=80,DAY_OF_WEEK=4,DAY_OF_WEEK_IN_MONTH=3,AM_PM=1,HOUR=7,HOUR_OF_DAY=19,MINUTE=33,SECOND=12,MILLISECOND=471,ZONE_OFFSET=0,DST_OFFSET=0], message=null}
19:33:12.485 [main] DEBUG org.hibernate.SQL - insert into LogEntries (logCode, message, primaryUser, secondaryUser, time, id) values (?, ?, ?, ?, ?, ?)
Hibernate: insert into LogEntries (logCode, message, primaryUser, secondaryUser, time, id) values (?, ?, ?, ?, ?, ?)
19:33:12.490 [main] DEBUG o.h.e.j.internal.JdbcCoordinatorImpl - HHH000420: Closing un-released batch
19:33:12.491 [main] DEBUG o.h.e.t.internal.TransactionImpl - begin
19:33:12.494 [main] DEBUG org.hibernate.SQL - select next_val as id_val from hibernate_sequence for update
Hibernate: select next_val as id_val from hibernate_sequence for update
19:33:12.495 [main] DEBUG org.hibernate.SQL - update hibernate_sequence set next_val= ? where next_val=?
Hibernate: update hibernate_sequence set next_val= ? where next_val=?
19:33:12.497 [main] DEBUG o.h.e.i.AbstractSaveEventListener - Generated identifier: 116, using strategy: org.hibernate.id.enhanced.SequenceStyleGenerator
19:33:12.498 [main] DEBUG o.h.e.t.internal.TransactionImpl - committing
19:33:12.499 [main] DEBUG o.h.e.i.AbstractFlushingEventListener - Processing flush-time cascades
19:33:12.499 [main] DEBUG o.h.e.i.AbstractFlushingEventListener - Dirty checking collections
19:33:12.500 [main] DEBUG o.h.e.i.AbstractFlushingEventListener - Flushed: 1 insertions, 0 updates, 0 deletions to 1 objects
19:33:12.501 [main] DEBUG o.h.e.i.AbstractFlushingEventListener - Flushed: 0 (re)creations, 0 updates, 0 removals to 0 collections
19:33:12.505 [main] DEBUG o.h.internal.util.EntityPrinter - Listing entities:
19:33:12.506 [main] DEBUG o.h.internal.util.EntityPrinter - edu.ncsu.csc.itrust2.models.persistent.LogEntry{secondaryUser=null, logCode=5, primaryUser=logapitest, id=116, time=java.util.GregorianCalendar[time=1521660792491,areFieldsSet=true,areAllFieldsSet=true,lenient=true,zone=sun.util.calendar.ZoneInfo[id="Etc/UTC",offset=0,dstSavings=0,useDaylight=false,transitions=0,lastRule=null],firstDayOfWeek=1,minimalDaysInFirstWeek=1,ERA=1,YEAR=2018,MONTH=2,WEEK_OF_YEAR=12,WEEK_OF_MONTH=4,DAY_OF_MONTH=21,DAY_OF_YEAR=80,DAY_OF_WEEK=4,DAY_OF_WEEK_IN_MONTH=3,AM_PM=1,HOUR=7,HOUR_OF_DAY=19,MINUTE=33,SECOND=12,MILLISECOND=491,ZONE_OFFSET=0,DST_OFFSET=0], message=null}
19:33:12.506 [main] DEBUG org.hibernate.SQL - insert into LogEntries (logCode, message, primaryUser, secondaryUser, time, id) values (?, ?, ?, ?, ?, ?)
Hibernate: insert into LogEntries (logCode, message, primaryUser, secondaryUser, time, id) values (?, ?, ?, ?, ?, ?)
19:33:12.512 [main] DEBUG o.h.e.j.internal.JdbcCoordinatorImpl - HHH000420: Closing un-released batch
19:33:12.513 [main] DEBUG o.h.e.t.internal.TransactionImpl - begin
19:33:12.515 [main] DEBUG org.hibernate.SQL - select next_val as id_val from hibernate_sequence for update
Hibernate: select next_val as id_val from hibernate_sequence for update
19:33:12.516 [main] DEBUG org.hibernate.SQL - update hibernate_sequence set next_val= ? where next_val=?
Hibernate: update hibernate_sequence set next_val= ? where next_val=?
19:33:12.519 [main] DEBUG o.h.e.i.AbstractSaveEventListener - Generated identifier: 117, using strategy: org.hibernate.id.enhanced.SequenceStyleGenerator
19:33:12.520 [main] DEBUG o.h.e.t.internal.TransactionImpl - committing
19:33:12.521 [main] DEBUG o.h.e.i.AbstractFlushingEventListener - Processing flush-time cascades
19:33:12.522 [main] DEBUG o.h.e.i.AbstractFlushingEventListener - Dirty checking collections
19:33:12.522 [main] DEBUG o.h.e.i.AbstractFlushingEventListener - Flushed: 1 insertions, 0 updates, 0 deletions to 1 objects
19:33:12.522 [main] DEBUG o.h.e.i.AbstractFlushingEventListener - Flushed: 0 (re)creations, 0 updates, 0 removals to 0 collections
19:33:12.523 [main] DEBUG o.h.internal.util.EntityPrinter - Listing entities:
19:33:12.523 [main] DEBUG o.h.internal.util.EntityPrinter - edu.ncsu.csc.itrust2.models.persistent.LogEntry{secondaryUser=null, logCode=5, primaryUser=logapitest, id=117, time=java.util.GregorianCalendar[time=1521660792513,areFieldsSet=true,areAllFieldsSet=true,lenient=true,zone=sun.util.calendar.ZoneInfo[id="Etc/UTC",offset=0,dstSavings=0,useDaylight=false,transitions=0,lastRule=null],firstDayOfWeek=1,minimalDaysInFirstWeek=1,ERA=1,YEAR=2018,MONTH=2,WEEK_OF_YEAR=12,WEEK_OF_MONTH=4,DAY_OF_MONTH=21,DAY_OF_YEAR=80,DAY_OF_WEEK=4,DAY_OF_WEEK_IN_MONTH=3,AM_PM=1,HOUR=7,HOUR_OF_DAY=19,MINUTE=33,SECOND=12,MILLISECOND=513,ZONE_OFFSET=0,DST_OFFSET=0], message=null}
19:33:12.524 [main] DEBUG org.hibernate.SQL - insert into LogEntries (logCode, message, primaryUser, secondaryUser, time, id) values (?, ?, ?, ?, ?, ?)
Hibernate: insert into LogEntries (logCode, message, primaryUser, secondaryUser, time, id) values (?, ?, ?, ?, ?, ?)
19:33:12.540 [main] DEBUG o.h.e.j.internal.JdbcCoordinatorImpl - HHH000420: Closing un-released batch
19:33:12.541 [main] DEBUG o.h.e.t.internal.TransactionImpl - begin
19:33:12.541 [main] DEBUG org.hibernate.SQL - select next_val as id_val from hibernate_sequence for update
Hibernate: select next_val as id_val from hibernate_sequence for update
19:33:12.542 [main] DEBUG org.hibernate.SQL - update hibernate_sequence set next_val= ? where next_val=?
Hibernate: update hibernate_sequence set next_val= ? where next_val=?
19:33:12.543 [main] DEBUG o.h.e.i.AbstractSaveEventListener - Generated identifier: 118, using strategy: org.hibernate.id.enhanced.SequenceStyleGenerator
19:33:12.543 [main] DEBUG o.h.e.t.internal.TransactionImpl - committing
19:33:12.543 [main] DEBUG o.h.e.i.AbstractFlushingEventListener - Processing flush-time cascades
19:33:12.543 [main] DEBUG o.h.e.i.AbstractFlushingEventListener - Dirty checking collections
19:33:12.543 [main] DEBUG o.h.e.i.AbstractFlushingEventListener - Flushed: 1 insertions, 0 updates, 0 deletions to 1 objects
19:33:12.543 [main] DEBUG o.h.e.i.AbstractFlushingEventListener - Flushed: 0 (re)creations, 0 updates, 0 removals to 0 collections
19:33:12.543 [main] DEBUG o.h.internal.util.EntityPrinter - Listing entities:
19:33:12.543 [main] DEBUG o.h.internal.util.EntityPrinter - edu.ncsu.csc.itrust2.models.persistent.LogEntry{secondaryUser=null, logCode=5, primaryUser=logapitest, id=118, time=java.util.GregorianCalendar[time=1521660792541,areFieldsSet=true,areAllFieldsSet=true,lenient=true,zone=sun.util.calendar.ZoneInfo[id="Etc/UTC",offset=0,dstSavings=0,useDaylight=false,transitions=0,lastRule=null],firstDayOfWeek=1,minimalDaysInFirstWeek=1,ERA=1,YEAR=2018,MONTH=2,WEEK_OF_YEAR=12,WEEK_OF_MONTH=4,DAY_OF_MONTH=21,DAY_OF_YEAR=80,DAY_OF_WEEK=4,DAY_OF_WEEK_IN_MONTH=3,AM_PM=1,HOUR=7,HOUR_OF_DAY=19,MINUTE=33,SECOND=12,MILLISECOND=541,ZONE_OFFSET=0,DST_OFFSET=0], message=null}
19:33:12.544 [main] DEBUG org.hibernate.SQL - insert into LogEntries (logCode, message, primaryUser, secondaryUser, time, id) values (?, ?, ?, ?, ?, ?)
Hibernate: insert into LogEntries (logCode, message, primaryUser, secondaryUser, time, id) values (?, ?, ?, ?, ?, ?)
19:33:12.548 [main] DEBUG o.h.e.j.internal.JdbcCoordinatorImpl - HHH000420: Closing un-released batch
19:33:12.555 [main] DEBUG o.h.e.t.internal.TransactionImpl - begin
19:33:12.559 [main] DEBUG org.hibernate.SQL - select next_val as id_val from hibernate_sequence for update
Hibernate: select next_val as id_val from hibernate_sequence for update
19:33:12.560 [main] DEBUG org.hibernate.SQL - update hibernate_sequence set next_val= ? where next_val=?
Hibernate: update hibernate_sequence set next_val= ? where next_val=?
19:33:12.561 [main] DEBUG o.h.e.i.AbstractSaveEventListener - Generated identifier: 119, using strategy: org.hibernate.id.enhanced.SequenceStyleGenerator
19:33:12.561 [main] DEBUG o.h.e.t.internal.TransactionImpl - committing
19:33:12.561 [main] DEBUG o.h.e.i.AbstractFlushingEventListener - Processing flush-time cascades
19:33:12.561 [main] DEBUG o.h.e.i.AbstractFlushingEventListener - Dirty checking collections
19:33:12.561 [main] DEBUG o.h.e.i.AbstractFlushingEventListener - Flushed: 1 insertions, 0 updates, 0 deletions to 1 objects
19:33:12.561 [main] DEBUG o.h.e.i.AbstractFlushingEventListener - Flushed: 0 (re)creations, 0 updates, 0 removals to 0 collections
19:33:12.561 [main] DEBUG o.h.internal.util.EntityPrinter - Listing entities:
19:33:12.561 [main] DEBUG o.h.internal.util.EntityPrinter - edu.ncsu.csc.itrust2.models.persistent.LogEntry{secondaryUser=null, logCode=5, primaryUser=logapitest, id=119, time=java.util.GregorianCalendar[time=1521660792555,areFieldsSet=true,areAllFieldsSet=true,lenient=true,zone=sun.util.calendar.ZoneInfo[id="Etc/UTC",offset=0,dstSavings=0,useDaylight=false,transitions=0,lastRule=null],firstDayOfWeek=1,minimalDaysInFirstWeek=1,ERA=1,YEAR=2018,MONTH=2,WEEK_OF_YEAR=12,WEEK_OF_MONTH=4,DAY_OF_MONTH=21,DAY_OF_YEAR=80,DAY_OF_WEEK=4,DAY_OF_WEEK_IN_MONTH=3,AM_PM=1,HOUR=7,HOUR_OF_DAY=19,MINUTE=33,SECOND=12,MILLISECOND=555,ZONE_OFFSET=0,DST_OFFSET=0], message=null}
19:33:12.562 [main] DEBUG org.hibernate.SQL - insert into LogEntries (logCode, message, primaryUser, secondaryUser, time, id) values (?, ?, ?, ?, ?, ?)
Hibernate: insert into LogEntries (logCode, message, primaryUser, secondaryUser, time, id) values (?, ?, ?, ?, ?, ?)
19:33:12.563 [main] DEBUG o.h.e.j.internal.JdbcCoordinatorImpl - HHH000420: Closing un-released batch
19:33:12.563 [main] DEBUG o.h.e.t.internal.TransactionImpl - begin
19:33:12.564 [main] DEBUG org.hibernate.SQL - select next_val as id_val from hibernate_sequence for update
Hibernate: select next_val as id_val from hibernate_sequence for update
19:33:12.564 [main] DEBUG org.hibernate.SQL - update hibernate_sequence set next_val= ? where next_val=?
Hibernate: update hibernate_sequence set next_val= ? where next_val=?
19:33:12.565 [main] DEBUG o.h.e.i.AbstractSaveEventListener - Generated identifier: 120, using strategy: org.hibernate.id.enhanced.SequenceStyleGenerator
19:33:12.565 [main] DEBUG o.h.e.t.internal.TransactionImpl - committing
19:33:12.565 [main] DEBUG o.h.e.i.AbstractFlushingEventListener - Processing flush-time cascades
19:33:12.565 [main] DEBUG o.h.e.i.AbstractFlushingEventListener - Dirty checking collections
19:33:12.565 [main] DEBUG o.h.e.i.AbstractFlushingEventListener - Flushed: 1 insertions, 0 updates, 0 deletions to 1 objects
19:33:12.565 [main] DEBUG o.h.e.i.AbstractFlushingEventListener - Flushed: 0 (re)creations, 0 updates, 0 removals to 0 collections
19:33:12.565 [main] DEBUG o.h.internal.util.EntityPrinter - Listing entities:
19:33:12.565 [main] DEBUG o.h.internal.util.EntityPrinter - edu.ncsu.csc.itrust2.models.persistent.LogEntry{secondaryUser=null, logCode=5, primaryUser=logapitest, id=120, time=java.util.GregorianCalendar[time=1521660792563,areFieldsSet=true,areAllFieldsSet=true,lenient=true,zone=sun.util.calendar.ZoneInfo[id="Etc/UTC",offset=0,dstSavings=0,useDaylight=false,transitions=0,lastRule=null],firstDayOfWeek=1,minimalDaysInFirstWeek=1,ERA=1,YEAR=2018,MONTH=2,WEEK_OF_YEAR=12,WEEK_OF_MONTH=4,DAY_OF_MONTH=21,DAY_OF_YEAR=80,DAY_OF_WEEK=4,DAY_OF_WEEK_IN_MONTH=3,AM_PM=1,HOUR=7,HOUR_OF_DAY=19,MINUTE=33,SECOND=12,MILLISECOND=563,ZONE_OFFSET=0,DST_OFFSET=0], message=null}
19:33:12.566 [main] DEBUG org.hibernate.SQL - insert into LogEntries (logCode, message, primaryUser, secondaryUser, time, id) values (?, ?, ?, ?, ?, ?)
Hibernate: insert into LogEntries (logCode, message, primaryUser, secondaryUser, time, id) values (?, ?, ?, ?, ?, ?)
19:33:12.567 [main] DEBUG o.h.e.j.internal.JdbcCoordinatorImpl - HHH000420: Closing un-released batch
19:33:12.567 [main] DEBUG o.h.e.t.internal.TransactionImpl - begin
19:33:12.576 [main] DEBUG org.hibernate.SQL - select next_val as id_val from hibernate_sequence for update
Hibernate: select next_val as id_val from hibernate_sequence for update
19:33:12.577 [main] DEBUG org.hibernate.SQL - update hibernate_sequence set next_val= ? where next_val=?
Hibernate: update hibernate_sequence set next_val= ? where next_val=?
19:33:12.578 [main] DEBUG o.h.e.i.AbstractSaveEventListener - Generated identifier: 121, using strategy: org.hibernate.id.enhanced.SequenceStyleGenerator
19:33:12.578 [main] DEBUG o.h.e.t.internal.TransactionImpl - committing
19:33:12.578 [main] DEBUG o.h.e.i.AbstractFlushingEventListener - Processing flush-time cascades
19:33:12.578 [main] DEBUG o.h.e.i.AbstractFlushingEventListener - Dirty checking collections
19:33:12.578 [main] DEBUG o.h.e.i.AbstractFlushingEventListener - Flushed: 1 insertions, 0 updates, 0 deletions to 1 objects
19:33:12.578 [main] DEBUG o.h.e.i.AbstractFlushingEventListener - Flushed: 0 (re)creations, 0 updates, 0 removals to 0 collections
19:33:12.578 [main] DEBUG o.h.internal.util.EntityPrinter - Listing entities:
19:33:12.578 [main] DEBUG o.h.internal.util.EntityPrinter - edu.ncsu.csc.itrust2.models.persistent.LogEntry{secondaryUser=null, logCode=5, primaryUser=logapitest, id=121, time=java.util.GregorianCalendar[time=1521660792567,areFieldsSet=true,areAllFieldsSet=true,lenient=true,zone=sun.util.calendar.ZoneInfo[id="Etc/UTC",offset=0,dstSavings=0,useDaylight=false,transitions=0,lastRule=null],firstDayOfWeek=1,minimalDaysInFirstWeek=1,ERA=1,YEAR=2018,MONTH=2,WEEK_OF_YEAR=12,WEEK_OF_MONTH=4,DAY_OF_MONTH=21,DAY_OF_YEAR=80,DAY_OF_WEEK=4,DAY_OF_WEEK_IN_MONTH=3,AM_PM=1,HOUR=7,HOUR_OF_DAY=19,MINUTE=33,SECOND=12,MILLISECOND=567,ZONE_OFFSET=0,DST_OFFSET=0], message=null}
19:33:12.579 [main] DEBUG org.hibernate.SQL - insert into LogEntries (logCode, message, primaryUser, secondaryUser, time, id) values (?, ?, ?, ?, ?, ?)
Hibernate: insert into LogEntries (logCode, message, primaryUser, secondaryUser, time, id) values (?, ?, ?, ?, ?, ?)
19:33:12.580 [main] DEBUG o.h.e.j.internal.JdbcCoordinatorImpl - HHH000420: Closing un-released batch
19:33:12.580 [main] DEBUG o.h.e.t.internal.TransactionImpl - begin
19:33:12.581 [main] DEBUG org.hibernate.SQL - select next_val as id_val from hibernate_sequence for update
Hibernate: select next_val as id_val from hibernate_sequence for update
19:33:12.581 [main] DEBUG org.hibernate.SQL - update hibernate_sequence set next_val= ? where next_val=?
Hibernate: update hibernate_sequence set next_val= ? where next_val=?
19:33:12.582 [main] DEBUG o.h.e.i.AbstractSaveEventListener - Generated identifier: 122, using strategy: org.hibernate.id.enhanced.SequenceStyleGenerator
19:33:12.582 [main] DEBUG o.h.e.t.internal.TransactionImpl - committing
19:33:12.582 [main] DEBUG o.h.e.i.AbstractFlushingEventListener - Processing flush-time cascades
19:33:12.582 [main] DEBUG o.h.e.i.AbstractFlushingEventListener - Dirty checking collections
19:33:12.582 [main] DEBUG o.h.e.i.AbstractFlushingEventListener - Flushed: 1 insertions, 0 updates, 0 deletions to 1 objects
19:33:12.582 [main] DEBUG o.h.e.i.AbstractFlushingEventListener - Flushed: 0 (re)creations, 0 updates, 0 removals to 0 collections
19:33:12.582 [main] DEBUG o.h.internal.util.EntityPrinter - Listing entities:
19:33:12.582 [main] DEBUG o.h.internal.util.EntityPrinter - edu.ncsu.csc.itrust2.models.persistent.LogEntry{secondaryUser=null, logCode=5, primaryUser=logapitest, id=122, time=java.util.GregorianCalendar[time=1521660792580,areFieldsSet=true,areAllFieldsSet=true,lenient=true,zone=sun.util.calendar.ZoneInfo[id="Etc/UTC",offset=0,dstSavings=0,useDaylight=false,transitions=0,lastRule=null],firstDayOfWeek=1,minimalDaysInFirstWeek=1,ERA=1,YEAR=2018,MONTH=2,WEEK_OF_YEAR=12,WEEK_OF_MONTH=4,DAY_OF_MONTH=21,DAY_OF_YEAR=80,DAY_OF_WEEK=4,DAY_OF_WEEK_IN_MONTH=3,AM_PM=1,HOUR=7,HOUR_OF_DAY=19,MINUTE=33,SECOND=12,MILLISECOND=580,ZONE_OFFSET=0,DST_OFFSET=0], message=null}
19:33:12.583 [main] DEBUG org.hibernate.SQL - insert into LogEntries (logCode, message, primaryUser, secondaryUser, time, id) values (?, ?, ?, ?, ?, ?)
Hibernate: insert into LogEntries (logCode, message, primaryUser, secondaryUser, time, id) values (?, ?, ?, ?, ?, ?)
19:33:12.584 [main] DEBUG o.h.e.j.internal.JdbcCoordinatorImpl - HHH000420: Closing un-released batch
19:33:12.584 [main] DEBUG o.h.e.t.internal.TransactionImpl - begin
19:33:12.599 [main] DEBUG org.hibernate.SQL - select next_val as id_val from hibernate_sequence for update
Hibernate: select next_val as id_val from hibernate_sequence for update
19:33:12.600 [main] DEBUG org.hibernate.SQL - update hibernate_sequence set next_val= ? where next_val=?
Hibernate: update hibernate_sequence set next_val= ? where next_val=?
19:33:12.601 [main] DEBUG o.h.e.i.AbstractSaveEventListener - Generated identifier: 123, using strategy: org.hibernate.id.enhanced.SequenceStyleGenerator
19:33:12.601 [main] DEBUG o.h.e.t.internal.TransactionImpl - committing
19:33:12.602 [main] DEBUG o.h.e.i.AbstractFlushingEventListener - Processing flush-time cascades
19:33:12.602 [main] DEBUG o.h.e.i.AbstractFlushingEventListener - Dirty checking collections
19:33:12.602 [main] DEBUG o.h.e.i.AbstractFlushingEventListener - Flushed: 1 insertions, 0 updates, 0 deletions to 1 objects
19:33:12.602 [main] DEBUG o.h.e.i.AbstractFlushingEventListener - Flushed: 0 (re)creations, 0 updates, 0 removals to 0 collections
19:33:12.602 [main] DEBUG o.h.internal.util.EntityPrinter - Listing entities:
19:33:12.602 [main] DEBUG o.h.internal.util.EntityPrinter - edu.ncsu.csc.itrust2.models.persistent.LogEntry{secondaryUser=null, logCode=5, primaryUser=logapitest, id=123, time=java.util.GregorianCalendar[time=1521660792584,areFieldsSet=true,areAllFieldsSet=true,lenient=true,zone=sun.util.calendar.ZoneInfo[id="Etc/UTC",offset=0,dstSavings=0,useDaylight=false,transitions=0,lastRule=null],firstDayOfWeek=1,minimalDaysInFirstWeek=1,ERA=1,YEAR=2018,MONTH=2,WEEK_OF_YEAR=12,WEEK_OF_MONTH=4,DAY_OF_MONTH=21,DAY_OF_YEAR=80,DAY_OF_WEEK=4,DAY_OF_WEEK_IN_MONTH=3,AM_PM=1,HOUR=7,HOUR_OF_DAY=19,MINUTE=33,SECOND=12,MILLISECOND=584,ZONE_OFFSET=0,DST_OFFSET=0], message=null}
19:33:12.603 [main] DEBUG org.hibernate.SQL - insert into LogEntries (logCode, message, primaryUser, secondaryUser, time, id) values (?, ?, ?, ?, ?, ?)
Hibernate: insert into LogEntries (logCode, message, primaryUser, secondaryUser, time, id) values (?, ?, ?, ?, ?, ?)
19:33:12.606 [main] DEBUG o.h.e.j.internal.JdbcCoordinatorImpl - HHH000420: Closing un-released batch
19:33:12.606 [main] DEBUG o.h.e.t.internal.TransactionImpl - begin
19:33:12.606 [main] DEBUG org.hibernate.SQL - select next_val as id_val from hibernate_sequence for update
Hibernate: select next_val as id_val from hibernate_sequence for update
19:33:12.607 [main] DEBUG org.hibernate.SQL - update hibernate_sequence set next_val= ? where next_val=?
Hibernate: update hibernate_sequence set next_val= ? where next_val=?
19:33:12.610 [main] DEBUG o.h.e.i.AbstractSaveEventListener - Generated identifier: 124, using strategy: org.hibernate.id.enhanced.SequenceStyleGenerator
19:33:12.610 [main] DEBUG o.h.e.t.internal.TransactionImpl - committing
19:33:12.610 [main] DEBUG o.h.e.i.AbstractFlushingEventListener - Processing flush-time cascades
19:33:12.610 [main] DEBUG o.h.e.i.AbstractFlushingEventListener - Dirty checking collections
19:33:12.610 [main] DEBUG o.h.e.i.AbstractFlushingEventListener - Flushed: 1 insertions, 0 updates, 0 deletions to 1 objects
19:33:12.610 [main] DEBUG o.h.e.i.AbstractFlushingEventListener - Flushed: 0 (re)creations, 0 updates, 0 removals to 0 collections
19:33:12.610 [main] DEBUG o.h.internal.util.EntityPrinter - Listing entities:
19:33:12.610 [main] DEBUG o.h.internal.util.EntityPrinter - edu.ncsu.csc.itrust2.models.persistent.LogEntry{secondaryUser=null, logCode=5, primaryUser=logapitest, id=124, time=java.util.GregorianCalendar[time=1521660792606,areFieldsSet=true,areAllFieldsSet=true,lenient=true,zone=sun.util.calendar.ZoneInfo[id="Etc/UTC",offset=0,dstSavings=0,useDaylight=false,transitions=0,lastRule=null],firstDayOfWeek=1,minimalDaysInFirstWeek=1,ERA=1,YEAR=2018,MONTH=2,WEEK_OF_YEAR=12,WEEK_OF_MONTH=4,DAY_OF_MONTH=21,DAY_OF_YEAR=80,DAY_OF_WEEK=4,DAY_OF_WEEK_IN_MONTH=3,AM_PM=1,HOUR=7,HOUR_OF_DAY=19,MINUTE=33,SECOND=12,MILLISECOND=606,ZONE_OFFSET=0,DST_OFFSET=0], message=null}
19:33:12.611 [main] DEBUG org.hibernate.SQL - insert into LogEntries (logCode, message, primaryUser, secondaryUser, time, id) values (?, ?, ?, ?, ?, ?)
Hibernate: insert into LogEntries (logCode, message, primaryUser, secondaryUser, time, id) values (?, ?, ?, ?, ?, ?)
19:33:12.612 [main] DEBUG o.h.e.j.internal.JdbcCoordinatorImpl - HHH000420: Closing un-released batch
19:33:12.612 [main] DEBUG o.h.e.t.internal.TransactionImpl - begin
19:33:12.624 [main] DEBUG org.hibernate.SQL - select next_val as id_val from hibernate_sequence for update
Hibernate: select next_val as id_val from hibernate_sequence for update
19:33:12.624 [main] DEBUG org.hibernate.SQL - update hibernate_sequence set next_val= ? where next_val=?
Hibernate: update hibernate_sequence set next_val= ? where next_val=?
19:33:12.625 [main] DEBUG o.h.e.i.AbstractSaveEventListener - Generated identifier: 125, using strategy: org.hibernate.id.enhanced.SequenceStyleGenerator
19:33:12.625 [main] DEBUG o.h.e.t.internal.TransactionImpl - committing
19:33:12.625 [main] DEBUG o.h.e.i.AbstractFlushingEventListener - Processing flush-time cascades
19:33:12.625 [main] DEBUG o.h.e.i.AbstractFlushingEventListener - Dirty checking collections
19:33:12.625 [main] DEBUG o.h.e.i.AbstractFlushingEventListener - Flushed: 1 insertions, 0 updates, 0 deletions to 1 objects
19:33:12.625 [main] DEBUG o.h.e.i.AbstractFlushingEventListener - Flushed: 0 (re)creations, 0 updates, 0 removals to 0 collections
19:33:12.625 [main] DEBUG o.h.internal.util.EntityPrinter - Listing entities:
19:33:12.625 [main] DEBUG o.h.internal.util.EntityPrinter - edu.ncsu.csc.itrust2.models.persistent.LogEntry{secondaryUser=null, logCode=5, primaryUser=logapitest, id=125, time=java.util.GregorianCalendar[time=1521660792612,areFieldsSet=true,areAllFieldsSet=true,lenient=true,zone=sun.util.calendar.ZoneInfo[id="Etc/UTC",offset=0,dstSavings=0,useDaylight=false,transitions=0,lastRule=null],firstDayOfWeek=1,minimalDaysInFirstWeek=1,ERA=1,YEAR=2018,MONTH=2,WEEK_OF_YEAR=12,WEEK_OF_MONTH=4,DAY_OF_MONTH=21,DAY_OF_YEAR=80,DAY_OF_WEEK=4,DAY_OF_WEEK_IN_MONTH=3,AM_PM=1,HOUR=7,HOUR_OF_DAY=19,MINUTE=33,SECOND=12,MILLISECOND=612,ZONE_OFFSET=0,DST_OFFSET=0], message=null}
19:33:12.626 [main] DEBUG org.hibernate.SQL - insert into LogEntries (logCode, message, primaryUser, secondaryUser, time, id) values (?, ?, ?, ?, ?, ?)
Hibernate: insert into LogEntries (logCode, message, primaryUser, secondaryUser, time, id) values (?, ?, ?, ?, ?, ?)
19:33:12.627 [main] DEBUG o.h.e.j.internal.JdbcCoordinatorImpl - HHH000420: Closing un-released batch
19:33:12.627 [main] DEBUG o.h.e.t.internal.TransactionImpl - begin
19:33:12.628 [main] DEBUG org.hibernate.SQL - select next_val as id_val from hibernate_sequence for update
Hibernate: select next_val as id_val from hibernate_sequence for update
19:33:12.628 [main] DEBUG org.hibernate.SQL - update hibernate_sequence set next_val= ? where next_val=?
Hibernate: update hibernate_sequence set next_val= ? where next_val=?
19:33:12.629 [main] DEBUG o.h.e.i.AbstractSaveEventListener - Generated identifier: 126, using strategy: org.hibernate.id.enhanced.SequenceStyleGenerator
19:33:12.629 [main] DEBUG o.h.e.t.internal.TransactionImpl - committing
19:33:12.629 [main] DEBUG o.h.e.i.AbstractFlushingEventListener - Processing flush-time cascades
19:33:12.629 [main] DEBUG o.h.e.i.AbstractFlushingEventListener - Dirty checking collections
19:33:12.630 [main] DEBUG o.h.e.i.AbstractFlushingEventListener - Flushed: 1 insertions, 0 updates, 0 deletions to 1 objects
19:33:12.630 [main] DEBUG o.h.e.i.AbstractFlushingEventListener - Flushed: 0 (re)creations, 0 updates, 0 removals to 0 collections
19:33:12.630 [main] DEBUG o.h.internal.util.EntityPrinter - Listing entities:
19:33:12.630 [main] DEBUG o.h.internal.util.EntityPrinter - edu.ncsu.csc.itrust2.models.persistent.LogEntry{secondaryUser=null, logCode=5, primaryUser=logapitest, id=126, time=java.util.GregorianCalendar[time=1521660792627,areFieldsSet=true,areAllFieldsSet=true,lenient=true,zone=sun.util.calendar.ZoneInfo[id="Etc/UTC",offset=0,dstSavings=0,useDaylight=false,transitions=0,lastRule=null],firstDayOfWeek=1,minimalDaysInFirstWeek=1,ERA=1,YEAR=2018,MONTH=2,WEEK_OF_YEAR=12,WEEK_OF_MONTH=4,DAY_OF_MONTH=21,DAY_OF_YEAR=80,DAY_OF_WEEK=4,DAY_OF_WEEK_IN_MONTH=3,AM_PM=1,HOUR=7,HOUR_OF_DAY=19,MINUTE=33,SECOND=12,MILLISECOND=627,ZONE_OFFSET=0,DST_OFFSET=0], message=null}
19:33:12.630 [main] DEBUG org.hibernate.SQL - insert into LogEntries (logCode, message, primaryUser, secondaryUser, time, id) values (?, ?, ?, ?, ?, ?)
Hibernate: insert into LogEntries (logCode, message, primaryUser, secondaryUser, time, id) values (?, ?, ?, ?, ?, ?)
19:33:12.631 [main] DEBUG o.h.e.j.internal.JdbcCoordinatorImpl - HHH000420: Closing un-released batch
19:33:12.632 [main] DEBUG o.h.e.t.internal.TransactionImpl - begin
19:33:12.639 [main] DEBUG org.hibernate.SQL - select next_val as id_val from hibernate_sequence for update
Hibernate: select next_val as id_val from hibernate_sequence for update
19:33:12.640 [main] DEBUG org.hibernate.SQL - update hibernate_sequence set next_val= ? where next_val=?
Hibernate: update hibernate_sequence set next_val= ? where next_val=?
19:33:12.641 [main] DEBUG o.h.e.i.AbstractSaveEventListener - Generated identifier: 127, using strategy: org.hibernate.id.enhanced.SequenceStyleGenerator
19:33:12.641 [main] DEBUG o.h.e.t.internal.TransactionImpl - committing
19:33:12.642 [main] DEBUG o.h.e.i.AbstractFlushingEventListener - Processing flush-time cascades
19:33:12.642 [main] DEBUG o.h.e.i.AbstractFlushingEventListener - Dirty checking collections
19:33:12.642 [main] DEBUG o.h.e.i.AbstractFlushingEventListener - Flushed: 1 insertions, 0 updates, 0 deletions to 1 objects
19:33:12.642 [main] DEBUG o.h.e.i.AbstractFlushingEventListener - Flushed: 0 (re)creations, 0 updates, 0 removals to 0 collections
19:33:12.642 [main] DEBUG o.h.internal.util.EntityPrinter - Listing entities:
19:33:12.642 [main] DEBUG o.h.internal.util.EntityPrinter - edu.ncsu.csc.itrust2.models.persistent.LogEntry{secondaryUser=null, logCode=5, primaryUser=logapitest, id=127, time=java.util.GregorianCalendar[time=1521660792631,areFieldsSet=true,areAllFieldsSet=true,lenient=true,zone=sun.util.calendar.ZoneInfo[id="Etc/UTC",offset=0,dstSavings=0,useDaylight=false,transitions=0,lastRule=null],firstDayOfWeek=1,minimalDaysInFirstWeek=1,ERA=1,YEAR=2018,MONTH=2,WEEK_OF_YEAR=12,WEEK_OF_MONTH=4,DAY_OF_MONTH=21,DAY_OF_YEAR=80,DAY_OF_WEEK=4,DAY_OF_WEEK_IN_MONTH=3,AM_PM=1,HOUR=7,HOUR_OF_DAY=19,MINUTE=33,SECOND=12,MILLISECOND=631,ZONE_OFFSET=0,DST_OFFSET=0], message=null}
19:33:12.642 [main] DEBUG org.hibernate.SQL - insert into LogEntries (logCode, message, primaryUser, secondaryUser, time, id) values (?, ?, ?, ?, ?, ?)
Hibernate: insert into LogEntries (logCode, message, primaryUser, secondaryUser, time, id) values (?, ?, ?, ?, ?, ?)
19:33:12.648 [main] DEBUG o.h.e.j.internal.JdbcCoordinatorImpl - HHH000420: Closing un-released batch
19:33:12.648 [main] DEBUG o.h.e.t.internal.TransactionImpl - begin
19:33:12.648 [main] DEBUG org.hibernate.SQL - select next_val as id_val from hibernate_sequence for update
Hibernate: select next_val as id_val from hibernate_sequence for update
19:33:12.649 [main] DEBUG org.hibernate.SQL - update hibernate_sequence set next_val= ? where next_val=?
Hibernate: update hibernate_sequence set next_val= ? where next_val=?
19:33:12.650 [main] DEBUG o.h.e.i.AbstractSaveEventListener - Generated identifier: 128, using strategy: org.hibernate.id.enhanced.SequenceStyleGenerator
19:33:12.650 [main] DEBUG o.h.e.t.internal.TransactionImpl - committing
19:33:12.650 [main] DEBUG o.h.e.i.AbstractFlushingEventListener - Processing flush-time cascades
19:33:12.650 [main] DEBUG o.h.e.i.AbstractFlushingEventListener - Dirty checking collections
19:33:12.650 [main] DEBUG o.h.e.i.AbstractFlushingEventListener - Flushed: 1 insertions, 0 updates, 0 deletions to 1 objects
19:33:12.650 [main] DEBUG o.h.e.i.AbstractFlushingEventListener - Flushed: 0 (re)creations, 0 updates, 0 removals to 0 collections
19:33:12.650 [main] DEBUG o.h.internal.util.EntityPrinter - Listing entities:
19:33:12.650 [main] DEBUG o.h.internal.util.EntityPrinter - edu.ncsu.csc.itrust2.models.persistent.LogEntry{secondaryUser=null, logCode=5, primaryUser=logapitest, id=128, time=java.util.GregorianCalendar[time=1521660792648,areFieldsSet=true,areAllFieldsSet=true,lenient=true,zone=sun.util.calendar.ZoneInfo[id="Etc/UTC",offset=0,dstSavings=0,useDaylight=false,transitions=0,lastRule=null],firstDayOfWeek=1,minimalDaysInFirstWeek=1,ERA=1,YEAR=2018,MONTH=2,WEEK_OF_YEAR=12,WEEK_OF_MONTH=4,DAY_OF_MONTH=21,DAY_OF_YEAR=80,DAY_OF_WEEK=4,DAY_OF_WEEK_IN_MONTH=3,AM_PM=1,HOUR=7,HOUR_OF_DAY=19,MINUTE=33,SECOND=12,MILLISECOND=648,ZONE_OFFSET=0,DST_OFFSET=0], message=null}
19:33:12.651 [main] DEBUG org.hibernate.SQL - insert into LogEntries (logCode, message, primaryUser, secondaryUser, time, id) values (?, ?, ?, ?, ?, ?)
Hibernate: insert into LogEntries (logCode, message, primaryUser, secondaryUser, time, id) values (?, ?, ?, ?, ?, ?)
19:33:12.652 [main] DEBUG o.h.e.j.internal.JdbcCoordinatorImpl - HHH000420: Closing un-released batch
19:33:12.653 [main] DEBUG o.h.e.t.internal.TransactionImpl - begin
19:33:12.659 [main] DEBUG org.hibernate.SQL - select next_val as id_val from hibernate_sequence for update
Hibernate: select next_val as id_val from hibernate_sequence for update
19:33:12.660 [main] DEBUG org.hibernate.SQL - update hibernate_sequence set next_val= ? where next_val=?
Hibernate: update hibernate_sequence set next_val= ? where next_val=?
19:33:12.661 [main] DEBUG o.h.e.i.AbstractSaveEventListener - Generated identifier: 129, using strategy: org.hibernate.id.enhanced.SequenceStyleGenerator
19:33:12.661 [main] DEBUG o.h.e.t.internal.TransactionImpl - committing
19:33:12.661 [main] DEBUG o.h.e.i.AbstractFlushingEventListener - Processing flush-time cascades
19:33:12.661 [main] DEBUG o.h.e.i.AbstractFlushingEventListener - Dirty checking collections
19:33:12.661 [main] DEBUG o.h.e.i.AbstractFlushingEventListener - Flushed: 1 insertions, 0 updates, 0 deletions to 1 objects
19:33:12.661 [main] DEBUG o.h.e.i.AbstractFlushingEventListener - Flushed: 0 (re)creations, 0 updates, 0 removals to 0 collections
19:33:12.661 [main] DEBUG o.h.internal.util.EntityPrinter - Listing entities:
19:33:12.661 [main] DEBUG o.h.internal.util.EntityPrinter - edu.ncsu.csc.itrust2.models.persistent.LogEntry{secondaryUser=null, logCode=5, primaryUser=logapitest, id=129, time=java.util.GregorianCalendar[time=1521660792652,areFieldsSet=true,areAllFieldsSet=true,lenient=true,zone=sun.util.calendar.ZoneInfo[id="Etc/UTC",offset=0,dstSavings=0,useDaylight=false,transitions=0,lastRule=null],firstDayOfWeek=1,minimalDaysInFirstWeek=1,ERA=1,YEAR=2018,MONTH=2,WEEK_OF_YEAR=12,WEEK_OF_MONTH=4,DAY_OF_MONTH=21,DAY_OF_YEAR=80,DAY_OF_WEEK=4,DAY_OF_WEEK_IN_MONTH=3,AM_PM=1,HOUR=7,HOUR_OF_DAY=19,MINUTE=33,SECOND=12,MILLISECOND=652,ZONE_OFFSET=0,DST_OFFSET=0], message=null}
19:33:12.662 [main] DEBUG org.hibernate.SQL - insert into LogEntries (logCode, message, primaryUser, secondaryUser, time, id) values (?, ?, ?, ?, ?, ?)
Hibernate: insert into LogEntries (logCode, message, primaryUser, secondaryUser, time, id) values (?, ?, ?, ?, ?, ?)
19:33:12.668 [main] DEBUG o.h.e.j.internal.JdbcCoordinatorImpl - HHH000420: Closing un-released batch
19:33:12.668 [main] DEBUG o.h.e.t.internal.TransactionImpl - begin
19:33:12.669 [main] DEBUG org.hibernate.SQL - select next_val as id_val from hibernate_sequence for update
Hibernate: select next_val as id_val from hibernate_sequence for update
19:33:12.669 [main] DEBUG org.hibernate.SQL - update hibernate_sequence set next_val= ? where next_val=?
Hibernate: update hibernate_sequence set next_val= ? where next_val=?
19:33:12.670 [main] DEBUG o.h.e.i.AbstractSaveEventListener - Generated identifier: 130, using strategy: org.hibernate.id.enhanced.SequenceStyleGenerator
19:33:12.670 [main] DEBUG o.h.e.t.internal.TransactionImpl - committing
19:33:12.670 [main] DEBUG o.h.e.i.AbstractFlushingEventListener - Processing flush-time cascades
19:33:12.670 [main] DEBUG o.h.e.i.AbstractFlushingEventListener - Dirty checking collections
19:33:12.670 [main] DEBUG o.h.e.i.AbstractFlushingEventListener - Flushed: 1 insertions, 0 updates, 0 deletions to 1 objects
19:33:12.670 [main] DEBUG o.h.e.i.AbstractFlushingEventListener - Flushed: 0 (re)creations, 0 updates, 0 removals to 0 collections
19:33:12.670 [main] DEBUG o.h.internal.util.EntityPrinter - Listing entities:
19:33:12.670 [main] DEBUG o.h.internal.util.EntityPrinter - edu.ncsu.csc.itrust2.models.persistent.LogEntry{secondaryUser=null, logCode=5, primaryUser=logapitest, id=130, time=java.util.GregorianCalendar[time=1521660792668,areFieldsSet=true,areAllFieldsSet=true,lenient=true,zone=sun.util.calendar.ZoneInfo[id="Etc/UTC",offset=0,dstSavings=0,useDaylight=false,transitions=0,lastRule=null],firstDayOfWeek=1,minimalDaysInFirstWeek=1,ERA=1,YEAR=2018,MONTH=2,WEEK_OF_YEAR=12,WEEK_OF_MONTH=4,DAY_OF_MONTH=21,DAY_OF_YEAR=80,DAY_OF_WEEK=4,DAY_OF_WEEK_IN_MONTH=3,AM_PM=1,HOUR=7,HOUR_OF_DAY=19,MINUTE=33,SECOND=12,MILLISECOND=668,ZONE_OFFSET=0,DST_OFFSET=0], message=null}
19:33:12.671 [main] DEBUG org.hibernate.SQL - insert into LogEntries (logCode, message, primaryUser, secondaryUser, time, id) values (?, ?, ?, ?, ?, ?)
Hibernate: insert into LogEntries (logCode, message, primaryUser, secondaryUser, time, id) values (?, ?, ?, ?, ?, ?)
19:33:12.672 [main] DEBUG o.h.e.j.internal.JdbcCoordinatorImpl - HHH000420: Closing un-released batch
19:33:12.673 [main] DEBUG o.h.e.t.internal.TransactionImpl - begin
19:33:12.679 [main] DEBUG org.hibernate.SQL - select next_val as id_val from hibernate_sequence for update
Hibernate: select next_val as id_val from hibernate_sequence for update
19:33:12.680 [main] DEBUG org.hibernate.SQL - update hibernate_sequence set next_val= ? where next_val=?
Hibernate: update hibernate_sequence set next_val= ? where next_val=?
19:33:12.681 [main] DEBUG o.h.e.i.AbstractSaveEventListener - Generated identifier: 131, using strategy: org.hibernate.id.enhanced.SequenceStyleGenerator
19:33:12.681 [main] DEBUG o.h.e.t.internal.TransactionImpl - committing
19:33:12.681 [main] DEBUG o.h.e.i.AbstractFlushingEventListener - Processing flush-time cascades
19:33:12.681 [main] DEBUG o.h.e.i.AbstractFlushingEventListener - Dirty checking collections
19:33:12.681 [main] DEBUG o.h.e.i.AbstractFlushingEventListener - Flushed: 1 insertions, 0 updates, 0 deletions to 1 objects
19:33:12.681 [main] DEBUG o.h.e.i.AbstractFlushingEventListener - Flushed: 0 (re)creations, 0 updates, 0 removals to 0 collections
19:33:12.681 [main] DEBUG o.h.internal.util.EntityPrinter - Listing entities:
19:33:12.681 [main] DEBUG o.h.internal.util.EntityPrinter - edu.ncsu.csc.itrust2.models.persistent.LogEntry{secondaryUser=null, logCode=5, primaryUser=logapitest, id=131, time=java.util.GregorianCalendar[time=1521660792672,areFieldsSet=true,areAllFieldsSet=true,lenient=true,zone=sun.util.calendar.ZoneInfo[id="Etc/UTC",offset=0,dstSavings=0,useDaylight=false,transitions=0,lastRule=null],firstDayOfWeek=1,minimalDaysInFirstWeek=1,ERA=1,YEAR=2018,MONTH=2,WEEK_OF_YEAR=12,WEEK_OF_MONTH=4,DAY_OF_MONTH=21,DAY_OF_YEAR=80,DAY_OF_WEEK=4,DAY_OF_WEEK_IN_MONTH=3,AM_PM=1,HOUR=7,HOUR_OF_DAY=19,MINUTE=33,SECOND=12,MILLISECOND=672,ZONE_OFFSET=0,DST_OFFSET=0], message=null}
19:33:12.682 [main] DEBUG org.hibernate.SQL - insert into LogEntries (logCode, message, primaryUser, secondaryUser, time, id) values (?, ?, ?, ?, ?, ?)
Hibernate: insert into LogEntries (logCode, message, primaryUser, secondaryUser, time, id) values (?, ?, ?, ?, ?, ?)
19:33:12.688 [main] DEBUG o.h.e.j.internal.JdbcCoordinatorImpl - HHH000420: Closing un-released batch
19:33:12.688 [main] DEBUG o.h.e.t.internal.TransactionImpl - begin
19:33:12.688 [main] DEBUG org.hibernate.SQL - select next_val as id_val from hibernate_sequence for update
Hibernate: select next_val as id_val from hibernate_sequence for update
19:33:12.689 [main] DEBUG org.hibernate.SQL - update hibernate_sequence set next_val= ? where next_val=?
Hibernate: update hibernate_sequence set next_val= ? where next_val=?
19:33:12.690 [main] DEBUG o.h.e.i.AbstractSaveEventListener - Generated identifier: 132, using strategy: org.hibernate.id.enhanced.SequenceStyleGenerator
19:33:12.690 [main] DEBUG o.h.e.t.internal.TransactionImpl - committing
19:33:12.690 [main] DEBUG o.h.e.i.AbstractFlushingEventListener - Processing flush-time cascades
19:33:12.690 [main] DEBUG o.h.e.i.AbstractFlushingEventListener - Dirty checking collections
19:33:12.690 [main] DEBUG o.h.e.i.AbstractFlushingEventListener - Flushed: 1 insertions, 0 updates, 0 deletions to 1 objects
19:33:12.690 [main] DEBUG o.h.e.i.AbstractFlushingEventListener - Flushed: 0 (re)creations, 0 updates, 0 removals to 0 collections
19:33:12.690 [main] DEBUG o.h.internal.util.EntityPrinter - Listing entities:
19:33:12.690 [main] DEBUG o.h.internal.util.EntityPrinter - edu.ncsu.csc.itrust2.models.persistent.LogEntry{secondaryUser=null, logCode=5, primaryUser=logapitest, id=132, time=java.util.GregorianCalendar[time=1521660792688,areFieldsSet=true,areAllFieldsSet=true,lenient=true,zone=sun.util.calendar.ZoneInfo[id="Etc/UTC",offset=0,dstSavings=0,useDaylight=false,transitions=0,lastRule=null],firstDayOfWeek=1,minimalDaysInFirstWeek=1,ERA=1,YEAR=2018,MONTH=2,WEEK_OF_YEAR=12,WEEK_OF_MONTH=4,DAY_OF_MONTH=21,DAY_OF_YEAR=80,DAY_OF_WEEK=4,DAY_OF_WEEK_IN_MONTH=3,AM_PM=1,HOUR=7,HOUR_OF_DAY=19,MINUTE=33,SECOND=12,MILLISECOND=688,ZONE_OFFSET=0,DST_OFFSET=0], message=null}
19:33:12.691 [main] DEBUG org.hibernate.SQL - insert into LogEntries (logCode, message, primaryUser, secondaryUser, time, id) values (?, ?, ?, ?, ?, ?)
Hibernate: insert into LogEntries (logCode, message, primaryUser, secondaryUser, time, id) values (?, ?, ?, ?, ?, ?)
19:33:12.692 [main] DEBUG o.h.e.j.internal.JdbcCoordinatorImpl - HHH000420: Closing un-released batch
19:33:12.693 [main] DEBUG o.h.e.t.internal.TransactionImpl - begin
19:33:12.693 [main] DEBUG org.hibernate.SQL - select next_val as id_val from hibernate_sequence for update
Hibernate: select next_val as id_val from hibernate_sequence for update
19:33:12.693 [main] DEBUG org.hibernate.SQL - update hibernate_sequence set next_val= ? where next_val=?
Hibernate: update hibernate_sequence set next_val= ? where next_val=?
19:33:12.694 [main] DEBUG o.h.e.i.AbstractSaveEventListener - Generated identifier: 133, using strategy: org.hibernate.id.enhanced.SequenceStyleGenerator
19:33:12.694 [main] DEBUG o.h.e.t.internal.TransactionImpl - committing
19:33:12.694 [main] DEBUG o.h.e.i.AbstractFlushingEventListener - Processing flush-time cascades
19:33:12.694 [main] DEBUG o.h.e.i.AbstractFlushingEventListener - Dirty checking collections
19:33:12.694 [main] DEBUG o.h.e.i.AbstractFlushingEventListener - Flushed: 1 insertions, 0 updates, 0 deletions to 1 objects
19:33:12.694 [main] DEBUG o.h.e.i.AbstractFlushingEventListener - Flushed: 0 (re)creations, 0 updates, 0 removals to 0 collections
19:33:12.694 [main] DEBUG o.h.internal.util.EntityPrinter - Listing entities:
19:33:12.695 [main] DEBUG o.h.internal.util.EntityPrinter - edu.ncsu.csc.itrust2.models.persistent.LogEntry{secondaryUser=null, logCode=5, primaryUser=logapitest, id=133, time=java.util.GregorianCalendar[time=1521660792692,areFieldsSet=true,areAllFieldsSet=true,lenient=true,zone=sun.util.calendar.ZoneInfo[id="Etc/UTC",offset=0,dstSavings=0,useDaylight=false,transitions=0,lastRule=null],firstDayOfWeek=1,minimalDaysInFirstWeek=1,ERA=1,YEAR=2018,MONTH=2,WEEK_OF_YEAR=12,WEEK_OF_MONTH=4,DAY_OF_MONTH=21,DAY_OF_YEAR=80,DAY_OF_WEEK=4,DAY_OF_WEEK_IN_MONTH=3,AM_PM=1,HOUR=7,HOUR_OF_DAY=19,MINUTE=33,SECOND=12,MILLISECOND=692,ZONE_OFFSET=0,DST_OFFSET=0], message=null}
19:33:12.695 [main] DEBUG org.hibernate.SQL - insert into LogEntries (logCode, message, primaryUser, secondaryUser, time, id) values (?, ?, ?, ?, ?, ?)
Hibernate: insert into LogEntries (logCode, message, primaryUser, secondaryUser, time, id) values (?, ?, ?, ?, ?, ?)
19:33:12.700 [main] DEBUG o.h.e.j.internal.JdbcCoordinatorImpl - HHH000420: Closing un-released batch
19:33:12.700 [main] DEBUG o.h.e.t.internal.TransactionImpl - begin
19:33:12.701 [main] DEBUG org.hibernate.SQL - select next_val as id_val from hibernate_sequence for update
Hibernate: select next_val as id_val from hibernate_sequence for update
19:33:12.702 [main] DEBUG org.hibernate.SQL - update hibernate_sequence set next_val= ? where next_val=?
Hibernate: update hibernate_sequence set next_val= ? where next_val=?
19:33:12.703 [main] DEBUG o.h.e.i.AbstractSaveEventListener - Generated identifier: 134, using strategy: org.hibernate.id.enhanced.SequenceStyleGenerator
19:33:12.704 [main] DEBUG o.h.e.t.internal.TransactionImpl - committing
19:33:12.704 [main] DEBUG o.h.e.i.AbstractFlushingEventListener - Processing flush-time cascades
19:33:12.704 [main] DEBUG o.h.e.i.AbstractFlushingEventListener - Dirty checking collections
19:33:12.704 [main] DEBUG o.h.e.i.AbstractFlushingEventListener - Flushed: 1 insertions, 0 updates, 0 deletions to 1 objects
19:33:12.704 [main] DEBUG o.h.e.i.AbstractFlushingEventListener - Flushed: 0 (re)creations, 0 updates, 0 removals to 0 collections
19:33:12.704 [main] DEBUG o.h.internal.util.EntityPrinter - Listing entities:
19:33:12.704 [main] DEBUG o.h.internal.util.EntityPrinter - edu.ncsu.csc.itrust2.models.persistent.LogEntry{secondaryUser=null, logCode=5, primaryUser=logapitest, id=134, time=java.util.GregorianCalendar[time=1521660792700,areFieldsSet=true,areAllFieldsSet=true,lenient=true,zone=sun.util.calendar.ZoneInfo[id="Etc/UTC",offset=0,dstSavings=0,useDaylight=false,transitions=0,lastRule=null],firstDayOfWeek=1,minimalDaysInFirstWeek=1,ERA=1,YEAR=2018,MONTH=2,WEEK_OF_YEAR=12,WEEK_OF_MONTH=4,DAY_OF_MONTH=21,DAY_OF_YEAR=80,DAY_OF_WEEK=4,DAY_OF_WEEK_IN_MONTH=3,AM_PM=1,HOUR=7,HOUR_OF_DAY=19,MINUTE=33,SECOND=12,MILLISECOND=700,ZONE_OFFSET=0,DST_OFFSET=0], message=null}
19:33:12.705 [main] DEBUG org.hibernate.SQL - insert into LogEntries (logCode, message, primaryUser, secondaryUser, time, id) values (?, ?, ?, ?, ?, ?)
Hibernate: insert into LogEntries (logCode, message, primaryUser, secondaryUser, time, id) values (?, ?, ?, ?, ?, ?)
19:33:12.706 [main] DEBUG o.h.e.j.internal.JdbcCoordinatorImpl - HHH000420: Closing un-released batch
19:33:12.707 [main] DEBUG o.h.e.t.internal.TransactionImpl - begin
19:33:12.711 [main] DEBUG org.hibernate.SQL - select next_val as id_val from hibernate_sequence for update
Hibernate: select next_val as id_val from hibernate_sequence for update
19:33:12.711 [main] DEBUG org.hibernate.SQL - update hibernate_sequence set next_val= ? where next_val=?
Hibernate: update hibernate_sequence set next_val= ? where next_val=?
19:33:12.713 [main] DEBUG o.h.e.i.AbstractSaveEventListener - Generated identifier: 135, using strategy: org.hibernate.id.enhanced.SequenceStyleGenerator
19:33:12.713 [main] DEBUG o.h.e.t.internal.TransactionImpl - committing
19:33:12.713 [main] DEBUG o.h.e.i.AbstractFlushingEventListener - Processing flush-time cascades
19:33:12.713 [main] DEBUG o.h.e.i.AbstractFlushingEventListener - Dirty checking collections
19:33:12.713 [main] DEBUG o.h.e.i.AbstractFlushingEventListener - Flushed: 1 insertions, 0 updates, 0 deletions to 1 objects
19:33:12.713 [main] DEBUG o.h.e.i.AbstractFlushingEventListener - Flushed: 0 (re)creations, 0 updates, 0 removals to 0 collections
19:33:12.713 [main] DEBUG o.h.internal.util.EntityPrinter - Listing entities:
19:33:12.713 [main] DEBUG o.h.internal.util.EntityPrinter - edu.ncsu.csc.itrust2.models.persistent.LogEntry{secondaryUser=null, logCode=5, primaryUser=logapitest, id=135, time=java.util.GregorianCalendar[time=1521660792706,areFieldsSet=true,areAllFieldsSet=true,lenient=true,zone=sun.util.calendar.ZoneInfo[id="Etc/UTC",offset=0,dstSavings=0,useDaylight=false,transitions=0,lastRule=null],firstDayOfWeek=1,minimalDaysInFirstWeek=1,ERA=1,YEAR=2018,MONTH=2,WEEK_OF_YEAR=12,WEEK_OF_MONTH=4,DAY_OF_MONTH=21,DAY_OF_YEAR=80,DAY_OF_WEEK=4,DAY_OF_WEEK_IN_MONTH=3,AM_PM=1,HOUR=7,HOUR_OF_DAY=19,MINUTE=33,SECOND=12,MILLISECOND=706,ZONE_OFFSET=0,DST_OFFSET=0], message=null}
19:33:12.714 [main] DEBUG org.hibernate.SQL - insert into LogEntries (logCode, message, primaryUser, secondaryUser, time, id) values (?, ?, ?, ?, ?, ?)
Hibernate: insert into LogEntries (logCode, message, primaryUser, secondaryUser, time, id) values (?, ?, ?, ?, ?, ?)
19:33:12.716 [main] DEBUG o.h.e.j.internal.JdbcCoordinatorImpl - HHH000420: Closing un-released batch
19:33:12.723 [main] DEBUG o.h.e.t.internal.TransactionImpl - begin
19:33:12.724 [main] DEBUG org.hibernate.SQL - select next_val as id_val from hibernate_sequence for update
Hibernate: select next_val as id_val from hibernate_sequence for update
19:33:12.724 [main] DEBUG org.hibernate.SQL - update hibernate_sequence set next_val= ? where next_val=?
Hibernate: update hibernate_sequence set next_val= ? where next_val=?
19:33:12.725 [main] DEBUG o.h.e.i.AbstractSaveEventListener - Generated identifier: 136, using strategy: org.hibernate.id.enhanced.SequenceStyleGenerator
19:33:12.725 [main] DEBUG o.h.e.t.internal.TransactionImpl - committing
19:33:12.725 [main] DEBUG o.h.e.i.AbstractFlushingEventListener - Processing flush-time cascades
19:33:12.725 [main] DEBUG o.h.e.i.AbstractFlushingEventListener - Dirty checking collections
19:33:12.726 [main] DEBUG o.h.e.i.AbstractFlushingEventListener - Flushed: 1 insertions, 0 updates, 0 deletions to 1 objects
19:33:12.726 [main] DEBUG o.h.e.i.AbstractFlushingEventListener - Flushed: 0 (re)creations, 0 updates, 0 removals to 0 collections
19:33:12.726 [main] DEBUG o.h.internal.util.EntityPrinter - Listing entities:
19:33:12.726 [main] DEBUG o.h.internal.util.EntityPrinter - edu.ncsu.csc.itrust2.models.persistent.LogEntry{secondaryUser=null, logCode=5, primaryUser=logapitest, id=136, time=java.util.GregorianCalendar[time=1521660792723,areFieldsSet=true,areAllFieldsSet=true,lenient=true,zone=sun.util.calendar.ZoneInfo[id="Etc/UTC",offset=0,dstSavings=0,useDaylight=false,transitions=0,lastRule=null],firstDayOfWeek=1,minimalDaysInFirstWeek=1,ERA=1,YEAR=2018,MONTH=2,WEEK_OF_YEAR=12,WEEK_OF_MONTH=4,DAY_OF_MONTH=21,DAY_OF_YEAR=80,DAY_OF_WEEK=4,DAY_OF_WEEK_IN_MONTH=3,AM_PM=1,HOUR=7,HOUR_OF_DAY=19,MINUTE=33,SECOND=12,MILLISECOND=723,ZONE_OFFSET=0,DST_OFFSET=0], message=null}
19:33:12.726 [main] DEBUG org.hibernate.SQL - insert into LogEntries (logCode, message, primaryUser, secondaryUser, time, id) values (?, ?, ?, ?, ?, ?)
Hibernate: insert into LogEntries (logCode, message, primaryUser, secondaryUser, time, id) values (?, ?, ?, ?, ?, ?)
19:33:12.727 [main] DEBUG o.h.e.j.internal.JdbcCoordinatorImpl - HHH000420: Closing un-released batch
19:33:12.728 [main] DEBUG o.h.e.t.internal.TransactionImpl - begin
19:33:12.728 [main] DEBUG org.hibernate.SQL - select next_val as id_val from hibernate_sequence for update
Hibernate: select next_val as id_val from hibernate_sequence for update
19:33:12.729 [main] DEBUG org.hibernate.SQL - update hibernate_sequence set next_val= ? where next_val=?
Hibernate: update hibernate_sequence set next_val= ? where next_val=?
19:33:12.730 [main] DEBUG o.h.e.i.AbstractSaveEventListener - Generated identifier: 137, using strategy: org.hibernate.id.enhanced.SequenceStyleGenerator
19:33:12.730 [main] DEBUG o.h.e.t.internal.TransactionImpl - committing
19:33:12.730 [main] DEBUG o.h.e.i.AbstractFlushingEventListener - Processing flush-time cascades
19:33:12.730 [main] DEBUG o.h.e.i.AbstractFlushingEventListener - Dirty checking collections
19:33:12.730 [main] DEBUG o.h.e.i.AbstractFlushingEventListener - Flushed: 1 insertions, 0 updates, 0 deletions to 1 objects
19:33:12.730 [main] DEBUG o.h.e.i.AbstractFlushingEventListener - Flushed: 0 (re)creations, 0 updates, 0 removals to 0 collections
19:33:12.730 [main] DEBUG o.h.internal.util.EntityPrinter - Listing entities:
19:33:12.730 [main] DEBUG o.h.internal.util.EntityPrinter - edu.ncsu.csc.itrust2.models.persistent.LogEntry{secondaryUser=null, logCode=5, primaryUser=logapitest, id=137, time=java.util.GregorianCalendar[time=1521660792728,areFieldsSet=true,areAllFieldsSet=true,lenient=true,zone=sun.util.calendar.ZoneInfo[id="Etc/UTC",offset=0,dstSavings=0,useDaylight=false,transitions=0,lastRule=null],firstDayOfWeek=1,minimalDaysInFirstWeek=1,ERA=1,YEAR=2018,MONTH=2,WEEK_OF_YEAR=12,WEEK_OF_MONTH=4,DAY_OF_MONTH=21,DAY_OF_YEAR=80,DAY_OF_WEEK=4,DAY_OF_WEEK_IN_MONTH=3,AM_PM=1,HOUR=7,HOUR_OF_DAY=19,MINUTE=33,SECOND=12,MILLISECOND=728,ZONE_OFFSET=0,DST_OFFSET=0], message=null}
19:33:12.731 [main] DEBUG org.hibernate.SQL - insert into LogEntries (logCode, message, primaryUser, secondaryUser, time, id) values (?, ?, ?, ?, ?, ?)
Hibernate: insert into LogEntries (logCode, message, primaryUser, secondaryUser, time, id) values (?, ?, ?, ?, ?, ?)
19:33:12.735 [main] DEBUG o.h.e.j.internal.JdbcCoordinatorImpl - HHH000420: Closing un-released batch
19:33:12.735 [main] DEBUG o.h.e.t.internal.TransactionImpl - begin
19:33:12.736 [main] DEBUG org.hibernate.SQL - select next_val as id_val from hibernate_sequence for update
Hibernate: select next_val as id_val from hibernate_sequence for update
19:33:12.736 [main] DEBUG org.hibernate.SQL - update hibernate_sequence set next_val= ? where next_val=?
Hibernate: update hibernate_sequence set next_val= ? where next_val=?
19:33:12.737 [main] DEBUG o.h.e.i.AbstractSaveEventListener - Generated identifier: 138, using strategy: org.hibernate.id.enhanced.SequenceStyleGenerator
19:33:12.737 [main] DEBUG o.h.e.t.internal.TransactionImpl - committing
19:33:12.737 [main] DEBUG o.h.e.i.AbstractFlushingEventListener - Processing flush-time cascades
19:33:12.737 [main] DEBUG o.h.e.i.AbstractFlushingEventListener - Dirty checking collections
19:33:12.738 [main] DEBUG o.h.e.i.AbstractFlushingEventListener - Flushed: 1 insertions, 0 updates, 0 deletions to 1 objects
19:33:12.738 [main] DEBUG o.h.e.i.AbstractFlushingEventListener - Flushed: 0 (re)creations, 0 updates, 0 removals to 0 collections
19:33:12.738 [main] DEBUG o.h.internal.util.EntityPrinter - Listing entities:
19:33:12.738 [main] DEBUG o.h.internal.util.EntityPrinter - edu.ncsu.csc.itrust2.models.persistent.LogEntry{secondaryUser=null, logCode=5, primaryUser=logapitest, id=138, time=java.util.GregorianCalendar[time=1521660792735,areFieldsSet=true,areAllFieldsSet=true,lenient=true,zone=sun.util.calendar.ZoneInfo[id="Etc/UTC",offset=0,dstSavings=0,useDaylight=false,transitions=0,lastRule=null],firstDayOfWeek=1,minimalDaysInFirstWeek=1,ERA=1,YEAR=2018,MONTH=2,WEEK_OF_YEAR=12,WEEK_OF_MONTH=4,DAY_OF_MONTH=21,DAY_OF_YEAR=80,DAY_OF_WEEK=4,DAY_OF_WEEK_IN_MONTH=3,AM_PM=1,HOUR=7,HOUR_OF_DAY=19,MINUTE=33,SECOND=12,MILLISECOND=735,ZONE_OFFSET=0,DST_OFFSET=0], message=null}
19:33:12.738 [main] DEBUG org.hibernate.SQL - insert into LogEntries (logCode, message, primaryUser, secondaryUser, time, id) values (?, ?, ?, ?, ?, ?)
Hibernate: insert into LogEntries (logCode, message, primaryUser, secondaryUser, time, id) values (?, ?, ?, ?, ?, ?)
19:33:12.739 [main] DEBUG o.h.e.j.internal.JdbcCoordinatorImpl - HHH000420: Closing un-released batch
19:33:12.740 [main] DEBUG o.h.e.t.internal.TransactionImpl - begin
19:33:12.740 [main] DEBUG org.hibernate.SQL - select next_val as id_val from hibernate_sequence for update
Hibernate: select next_val as id_val from hibernate_sequence for update
19:33:12.740 [main] DEBUG org.hibernate.SQL - update hibernate_sequence set next_val= ? where next_val=?
Hibernate: update hibernate_sequence set next_val= ? where next_val=?
19:33:12.741 [main] DEBUG o.h.e.i.AbstractSaveEventListener - Generated identifier: 139, using strategy: org.hibernate.id.enhanced.SequenceStyleGenerator
19:33:12.741 [main] DEBUG o.h.e.t.internal.TransactionImpl - committing
19:33:12.742 [main] DEBUG o.h.e.i.AbstractFlushingEventListener - Processing flush-time cascades
19:33:12.742 [main] DEBUG o.h.e.i.AbstractFlushingEventListener - Dirty checking collections
19:33:12.742 [main] DEBUG o.h.e.i.AbstractFlushingEventListener - Flushed: 1 insertions, 0 updates, 0 deletions to 1 objects
19:33:12.742 [main] DEBUG o.h.e.i.AbstractFlushingEventListener - Flushed: 0 (re)creations, 0 updates, 0 removals to 0 collections
19:33:12.742 [main] DEBUG o.h.internal.util.EntityPrinter - Listing entities:
19:33:12.742 [main] DEBUG o.h.internal.util.EntityPrinter - edu.ncsu.csc.itrust2.models.persistent.LogEntry{secondaryUser=null, logCode=5, primaryUser=logapitest, id=139, time=java.util.GregorianCalendar[time=1521660792739,areFieldsSet=true,areAllFieldsSet=true,lenient=true,zone=sun.util.calendar.ZoneInfo[id="Etc/UTC",offset=0,dstSavings=0,useDaylight=false,transitions=0,lastRule=null],firstDayOfWeek=1,minimalDaysInFirstWeek=1,ERA=1,YEAR=2018,MONTH=2,WEEK_OF_YEAR=12,WEEK_OF_MONTH=4,DAY_OF_MONTH=21,DAY_OF_YEAR=80,DAY_OF_WEEK=4,DAY_OF_WEEK_IN_MONTH=3,AM_PM=1,HOUR=7,HOUR_OF_DAY=19,MINUTE=33,SECOND=12,MILLISECOND=739,ZONE_OFFSET=0,DST_OFFSET=0], message=null}
19:33:12.742 [main] DEBUG org.hibernate.SQL - insert into LogEntries (logCode, message, primaryUser, secondaryUser, time, id) values (?, ?, ?, ?, ?, ?)
Hibernate: insert into LogEntries (logCode, message, primaryUser, secondaryUser, time, id) values (?, ?, ?, ?, ?, ?)
19:33:12.768 [main] DEBUG o.h.e.j.internal.JdbcCoordinatorImpl - HHH000420: Closing un-released batch
19:33:12.769 [main] DEBUG o.h.e.t.internal.TransactionImpl - begin
19:33:12.769 [main] DEBUG org.hibernate.SQL - select next_val as id_val from hibernate_sequence for update
Hibernate: select next_val as id_val from hibernate_sequence for update
19:33:12.769 [main] DEBUG org.hibernate.SQL - update hibernate_sequence set next_val= ? where next_val=?
Hibernate: update hibernate_sequence set next_val= ? where next_val=?
19:33:12.770 [main] DEBUG o.h.e.i.AbstractSaveEventListener - Generated identifier: 140, using strategy: org.hibernate.id.enhanced.SequenceStyleGenerator
19:33:12.771 [main] DEBUG o.h.e.t.internal.TransactionImpl - committing
19:33:12.771 [main] DEBUG o.h.e.i.AbstractFlushingEventListener - Processing flush-time cascades
19:33:12.771 [main] DEBUG o.h.e.i.AbstractFlushingEventListener - Dirty checking collections
19:33:12.771 [main] DEBUG o.h.e.i.AbstractFlushingEventListener - Flushed: 1 insertions, 0 updates, 0 deletions to 1 objects
19:33:12.771 [main] DEBUG o.h.e.i.AbstractFlushingEventListener - Flushed: 0 (re)creations, 0 updates, 0 removals to 0 collections
19:33:12.771 [main] DEBUG o.h.internal.util.EntityPrinter - Listing entities:
19:33:12.771 [main] DEBUG o.h.internal.util.EntityPrinter - edu.ncsu.csc.itrust2.models.persistent.LogEntry{secondaryUser=null, logCode=5, primaryUser=logapitest, id=140, time=java.util.GregorianCalendar[time=1521660792769,areFieldsSet=true,areAllFieldsSet=true,lenient=true,zone=sun.util.calendar.ZoneInfo[id="Etc/UTC",offset=0,dstSavings=0,useDaylight=false,transitions=0,lastRule=null],firstDayOfWeek=1,minimalDaysInFirstWeek=1,ERA=1,YEAR=2018,MONTH=2,WEEK_OF_YEAR=12,WEEK_OF_MONTH=4,DAY_OF_MONTH=21,DAY_OF_YEAR=80,DAY_OF_WEEK=4,DAY_OF_WEEK_IN_MONTH=3,AM_PM=1,HOUR=7,HOUR_OF_DAY=19,MINUTE=33,SECOND=12,MILLISECOND=769,ZONE_OFFSET=0,DST_OFFSET=0], message=null}
19:33:12.771 [main] DEBUG org.hibernate.SQL - insert into LogEntries (logCode, message, primaryUser, secondaryUser, time, id) values (?, ?, ?, ?, ?, ?)
Hibernate: insert into LogEntries (logCode, message, primaryUser, secondaryUser, time, id) values (?, ?, ?, ?, ?, ?)
19:33:12.773 [main] DEBUG o.h.e.j.internal.JdbcCoordinatorImpl - HHH000420: Closing un-released batch
19:33:12.773 [main] DEBUG o.h.e.t.internal.TransactionImpl - begin
19:33:12.773 [main] DEBUG org.hibernate.SQL - select next_val as id_val from hibernate_sequence for update
Hibernate: select next_val as id_val from hibernate_sequence for update
19:33:12.774 [main] DEBUG org.hibernate.SQL - update hibernate_sequence set next_val= ? where next_val=?
Hibernate: update hibernate_sequence set next_val= ? where next_val=?
19:33:12.774 [main] DEBUG o.h.e.i.AbstractSaveEventListener - Generated identifier: 141, using strategy: org.hibernate.id.enhanced.SequenceStyleGenerator
19:33:12.775 [main] DEBUG o.h.e.t.internal.TransactionImpl - committing
19:33:12.775 [main] DEBUG o.h.e.i.AbstractFlushingEventListener - Processing flush-time cascades
19:33:12.775 [main] DEBUG o.h.e.i.AbstractFlushingEventListener - Dirty checking collections
19:33:12.775 [main] DEBUG o.h.e.i.AbstractFlushingEventListener - Flushed: 1 insertions, 0 updates, 0 deletions to 1 objects
19:33:12.775 [main] DEBUG o.h.e.i.AbstractFlushingEventListener - Flushed: 0 (re)creations, 0 updates, 0 removals to 0 collections
19:33:12.775 [main] DEBUG o.h.internal.util.EntityPrinter - Listing entities:
19:33:12.775 [main] DEBUG o.h.internal.util.EntityPrinter - edu.ncsu.csc.itrust2.models.persistent.LogEntry{secondaryUser=null, logCode=5, primaryUser=logapitest, id=141, time=java.util.GregorianCalendar[time=1521660792773,areFieldsSet=true,areAllFieldsSet=true,lenient=true,zone=sun.util.calendar.ZoneInfo[id="Etc/UTC",offset=0,dstSavings=0,useDaylight=false,transitions=0,lastRule=null],firstDayOfWeek=1,minimalDaysInFirstWeek=1,ERA=1,YEAR=2018,MONTH=2,WEEK_OF_YEAR=12,WEEK_OF_MONTH=4,DAY_OF_MONTH=21,DAY_OF_YEAR=80,DAY_OF_WEEK=4,DAY_OF_WEEK_IN_MONTH=3,AM_PM=1,HOUR=7,HOUR_OF_DAY=19,MINUTE=33,SECOND=12,MILLISECOND=773,ZONE_OFFSET=0,DST_OFFSET=0], message=null}
19:33:12.775 [main] DEBUG org.hibernate.SQL - insert into LogEntries (logCode, message, primaryUser, secondaryUser, time, id) values (?, ?, ?, ?, ?, ?)
Hibernate: insert into LogEntries (logCode, message, primaryUser, secondaryUser, time, id) values (?, ?, ?, ?, ?, ?)
19:33:12.777 [main] DEBUG o.h.e.j.internal.JdbcCoordinatorImpl - HHH000420: Closing un-released batch
19:33:12.777 [main] DEBUG o.h.e.t.internal.TransactionImpl - begin
19:33:12.777 [main] DEBUG org.hibernate.SQL - select next_val as id_val from hibernate_sequence for update
Hibernate: select next_val as id_val from hibernate_sequence for update
19:33:12.778 [main] DEBUG org.hibernate.SQL - update hibernate_sequence set next_val= ? where next_val=?
Hibernate: update hibernate_sequence set next_val= ? where next_val=?
19:33:12.779 [main] DEBUG o.h.e.i.AbstractSaveEventListener - Generated identifier: 142, using strategy: org.hibernate.id.enhanced.SequenceStyleGenerator
19:33:12.779 [main] DEBUG o.h.e.t.internal.TransactionImpl - committing
19:33:12.779 [main] DEBUG o.h.e.i.AbstractFlushingEventListener - Processing flush-time cascades
19:33:12.779 [main] DEBUG o.h.e.i.AbstractFlushingEventListener - Dirty checking collections
19:33:12.779 [main] DEBUG o.h.e.i.AbstractFlushingEventListener - Flushed: 1 insertions, 0 updates, 0 deletions to 1 objects
19:33:12.779 [main] DEBUG o.h.e.i.AbstractFlushingEventListener - Flushed: 0 (re)creations, 0 updates, 0 removals to 0 collections
19:33:12.779 [main] DEBUG o.h.internal.util.EntityPrinter - Listing entities:
19:33:12.779 [main] DEBUG o.h.internal.util.EntityPrinter - edu.ncsu.csc.itrust2.models.persistent.LogEntry{secondaryUser=null, logCode=5, primaryUser=logapitest, id=142, time=java.util.GregorianCalendar[time=1521660792777,areFieldsSet=true,areAllFieldsSet=true,lenient=true,zone=sun.util.calendar.ZoneInfo[id="Etc/UTC",offset=0,dstSavings=0,useDaylight=false,transitions=0,lastRule=null],firstDayOfWeek=1,minimalDaysInFirstWeek=1,ERA=1,YEAR=2018,MONTH=2,WEEK_OF_YEAR=12,WEEK_OF_MONTH=4,DAY_OF_MONTH=21,DAY_OF_YEAR=80,DAY_OF_WEEK=4,DAY_OF_WEEK_IN_MONTH=3,AM_PM=1,HOUR=7,HOUR_OF_DAY=19,MINUTE=33,SECOND=12,MILLISECOND=777,ZONE_OFFSET=0,DST_OFFSET=0], message=null}
19:33:12.779 [main] DEBUG org.hibernate.SQL - insert into LogEntries (logCode, message, primaryUser, secondaryUser, time, id) values (?, ?, ?, ?, ?, ?)
Hibernate: insert into LogEntries (logCode, message, primaryUser, secondaryUser, time, id) values (?, ?, ?, ?, ?, ?)
19:33:12.781 [main] DEBUG o.h.e.j.internal.JdbcCoordinatorImpl - HHH000420: Closing un-released batch
19:33:12.781 [main] DEBUG o.h.e.t.internal.TransactionImpl - begin
19:33:12.783 [main] DEBUG org.hibernate.SQL - select next_val as id_val from hibernate_sequence for update
Hibernate: select next_val as id_val from hibernate_sequence for update
19:33:12.784 [main] DEBUG org.hibernate.SQL - update hibernate_sequence set next_val= ? where next_val=?
Hibernate: update hibernate_sequence set next_val= ? where next_val=?
19:33:12.785 [main] DEBUG o.h.e.i.AbstractSaveEventListener - Generated identifier: 143, using strategy: org.hibernate.id.enhanced.SequenceStyleGenerator
19:33:12.785 [main] DEBUG o.h.e.t.internal.TransactionImpl - committing
19:33:12.785 [main] DEBUG o.h.e.i.AbstractFlushingEventListener - Processing flush-time cascades
19:33:12.785 [main] DEBUG o.h.e.i.AbstractFlushingEventListener - Dirty checking collections
19:33:12.785 [main] DEBUG o.h.e.i.AbstractFlushingEventListener - Flushed: 1 insertions, 0 updates, 0 deletions to 1 objects
19:33:12.785 [main] DEBUG o.h.e.i.AbstractFlushingEventListener - Flushed: 0 (re)creations, 0 updates, 0 removals to 0 collections
19:33:12.785 [main] DEBUG o.h.internal.util.EntityPrinter - Listing entities:
19:33:12.785 [main] DEBUG o.h.internal.util.EntityPrinter - edu.ncsu.csc.itrust2.models.persistent.LogEntry{secondaryUser=null, logCode=5, primaryUser=logapitest, id=143, time=java.util.GregorianCalendar[time=1521660792781,areFieldsSet=true,areAllFieldsSet=true,lenient=true,zone=sun.util.calendar.ZoneInfo[id="Etc/UTC",offset=0,dstSavings=0,useDaylight=false,transitions=0,lastRule=null],firstDayOfWeek=1,minimalDaysInFirstWeek=1,ERA=1,YEAR=2018,MONTH=2,WEEK_OF_YEAR=12,WEEK_OF_MONTH=4,DAY_OF_MONTH=21,DAY_OF_YEAR=80,DAY_OF_WEEK=4,DAY_OF_WEEK_IN_MONTH=3,AM_PM=1,HOUR=7,HOUR_OF_DAY=19,MINUTE=33,SECOND=12,MILLISECOND=781,ZONE_OFFSET=0,DST_OFFSET=0], message=null}
19:33:12.786 [main] DEBUG org.hibernate.SQL - insert into LogEntries (logCode, message, primaryUser, secondaryUser, time, id) values (?, ?, ?, ?, ?, ?)
Hibernate: insert into LogEntries (logCode, message, primaryUser, secondaryUser, time, id) values (?, ?, ?, ?, ?, ?)
19:33:12.794 [main] DEBUG o.h.e.j.internal.JdbcCoordinatorImpl - HHH000420: Closing un-released batch
19:33:12.794 [main] DEBUG o.h.e.t.internal.TransactionImpl - begin
19:33:12.795 [main] DEBUG org.hibernate.SQL - select next_val as id_val from hibernate_sequence for update
Hibernate: select next_val as id_val from hibernate_sequence for update
19:33:12.795 [main] DEBUG org.hibernate.SQL - update hibernate_sequence set next_val= ? where next_val=?
Hibernate: update hibernate_sequence set next_val= ? where next_val=?
19:33:12.796 [main] DEBUG o.h.e.i.AbstractSaveEventListener - Generated identifier: 144, using strategy: org.hibernate.id.enhanced.SequenceStyleGenerator
19:33:12.797 [main] DEBUG o.h.e.t.internal.TransactionImpl - committing
19:33:12.797 [main] DEBUG o.h.e.i.AbstractFlushingEventListener - Processing flush-time cascades
19:33:12.797 [main] DEBUG o.h.e.i.AbstractFlushingEventListener - Dirty checking collections
19:33:12.797 [main] DEBUG o.h.e.i.AbstractFlushingEventListener - Flushed: 1 insertions, 0 updates, 0 deletions to 1 objects
19:33:12.797 [main] DEBUG o.h.e.i.AbstractFlushingEventListener - Flushed: 0 (re)creations, 0 updates, 0 removals to 0 collections
19:33:12.797 [main] DEBUG o.h.internal.util.EntityPrinter - Listing entities:
19:33:12.797 [main] DEBUG o.h.internal.util.EntityPrinter - edu.ncsu.csc.itrust2.models.persistent.LogEntry{secondaryUser=null, logCode=5, primaryUser=logapitest, id=144, time=java.util.GregorianCalendar[time=1521660792794,areFieldsSet=true,areAllFieldsSet=true,lenient=true,zone=sun.util.calendar.ZoneInfo[id="Etc/UTC",offset=0,dstSavings=0,useDaylight=false,transitions=0,lastRule=null],firstDayOfWeek=1,minimalDaysInFirstWeek=1,ERA=1,YEAR=2018,MONTH=2,WEEK_OF_YEAR=12,WEEK_OF_MONTH=4,DAY_OF_MONTH=21,DAY_OF_YEAR=80,DAY_OF_WEEK=4,DAY_OF_WEEK_IN_MONTH=3,AM_PM=1,HOUR=7,HOUR_OF_DAY=19,MINUTE=33,SECOND=12,MILLISECOND=794,ZONE_OFFSET=0,DST_OFFSET=0], message=null}
19:33:12.798 [main] DEBUG org.hibernate.SQL - insert into LogEntries (logCode, message, primaryUser, secondaryUser, time, id) values (?, ?, ?, ?, ?, ?)
Hibernate: insert into LogEntries (logCode, message, primaryUser, secondaryUser, time, id) values (?, ?, ?, ?, ?, ?)
19:33:12.799 [main] DEBUG o.h.e.j.internal.JdbcCoordinatorImpl - HHH000420: Closing un-released batch
19:33:12.799 [main] DEBUG o.h.e.t.internal.TransactionImpl - begin
19:33:12.800 [main] DEBUG org.hibernate.SQL - select next_val as id_val from hibernate_sequence for update
Hibernate: select next_val as id_val from hibernate_sequence for update
19:33:12.800 [main] DEBUG org.hibernate.SQL - update hibernate_sequence set next_val= ? where next_val=?
Hibernate: update hibernate_sequence set next_val= ? where next_val=?
19:33:12.802 [main] DEBUG o.h.e.i.AbstractSaveEventListener - Generated identifier: 145, using strategy: org.hibernate.id.enhanced.SequenceStyleGenerator
19:33:12.802 [main] DEBUG o.h.e.t.internal.TransactionImpl - committing
19:33:12.802 [main] DEBUG o.h.e.i.AbstractFlushingEventListener - Processing flush-time cascades
19:33:12.802 [main] DEBUG o.h.e.i.AbstractFlushingEventListener - Dirty checking collections
19:33:12.802 [main] DEBUG o.h.e.i.AbstractFlushingEventListener - Flushed: 1 insertions, 0 updates, 0 deletions to 1 objects
19:33:12.802 [main] DEBUG o.h.e.i.AbstractFlushingEventListener - Flushed: 0 (re)creations, 0 updates, 0 removals to 0 collections
19:33:12.802 [main] DEBUG o.h.internal.util.EntityPrinter - Listing entities:
19:33:12.803 [main] DEBUG o.h.internal.util.EntityPrinter - edu.ncsu.csc.itrust2.models.persistent.LogEntry{secondaryUser=null, logCode=5, primaryUser=logapitest, id=145, time=java.util.GregorianCalendar[time=1521660792799,areFieldsSet=true,areAllFieldsSet=true,lenient=true,zone=sun.util.calendar.ZoneInfo[id="Etc/UTC",offset=0,dstSavings=0,useDaylight=false,transitions=0,lastRule=null],firstDayOfWeek=1,minimalDaysInFirstWeek=1,ERA=1,YEAR=2018,MONTH=2,WEEK_OF_YEAR=12,WEEK_OF_MONTH=4,DAY_OF_MONTH=21,DAY_OF_YEAR=80,DAY_OF_WEEK=4,DAY_OF_WEEK_IN_MONTH=3,AM_PM=1,HOUR=7,HOUR_OF_DAY=19,MINUTE=33,SECOND=12,MILLISECOND=799,ZONE_OFFSET=0,DST_OFFSET=0], message=null}
19:33:12.803 [main] DEBUG org.hibernate.SQL - insert into LogEntries (logCode, message, primaryUser, secondaryUser, time, id) values (?, ?, ?, ?, ?, ?)
Hibernate: insert into LogEntries (logCode, message, primaryUser, secondaryUser, time, id) values (?, ?, ?, ?, ?, ?)
19:33:12.806 [main] DEBUG o.h.e.j.internal.JdbcCoordinatorImpl - HHH000420: Closing un-released batch
19:33:12.807 [main] DEBUG o.h.e.t.internal.TransactionImpl - begin
19:33:12.811 [main] DEBUG org.hibernate.SQL - select next_val as id_val from hibernate_sequence for update
Hibernate: select next_val as id_val from hibernate_sequence for update
19:33:12.812 [main] DEBUG org.hibernate.SQL - update hibernate_sequence set next_val= ? where next_val=?
Hibernate: update hibernate_sequence set next_val= ? where next_val=?
19:33:12.813 [main] DEBUG o.h.e.i.AbstractSaveEventListener - Generated identifier: 146, using strategy: org.hibernate.id.enhanced.SequenceStyleGenerator
19:33:12.813 [main] DEBUG o.h.e.t.internal.TransactionImpl - committing
19:33:12.813 [main] DEBUG o.h.e.i.AbstractFlushingEventListener - Processing flush-time cascades
19:33:12.813 [main] DEBUG o.h.e.i.AbstractFlushingEventListener - Dirty checking collections
19:33:12.813 [main] DEBUG o.h.e.i.AbstractFlushingEventListener - Flushed: 1 insertions, 0 updates, 0 deletions to 1 objects
19:33:12.813 [main] DEBUG o.h.e.i.AbstractFlushingEventListener - Flushed: 0 (re)creations, 0 updates, 0 removals to 0 collections
19:33:12.813 [main] DEBUG o.h.internal.util.EntityPrinter - Listing entities:
19:33:12.813 [main] DEBUG o.h.internal.util.EntityPrinter - edu.ncsu.csc.itrust2.models.persistent.LogEntry{secondaryUser=null, logCode=5, primaryUser=logapitest, id=146, time=java.util.GregorianCalendar[time=1521660792807,areFieldsSet=true,areAllFieldsSet=true,lenient=true,zone=sun.util.calendar.ZoneInfo[id="Etc/UTC",offset=0,dstSavings=0,useDaylight=false,transitions=0,lastRule=null],firstDayOfWeek=1,minimalDaysInFirstWeek=1,ERA=1,YEAR=2018,MONTH=2,WEEK_OF_YEAR=12,WEEK_OF_MONTH=4,DAY_OF_MONTH=21,DAY_OF_YEAR=80,DAY_OF_WEEK=4,DAY_OF_WEEK_IN_MONTH=3,AM_PM=1,HOUR=7,HOUR_OF_DAY=19,MINUTE=33,SECOND=12,MILLISECOND=807,ZONE_OFFSET=0,DST_OFFSET=0], message=null}
19:33:12.814 [main] DEBUG org.hibernate.SQL - insert into LogEntries (logCode, message, primaryUser, secondaryUser, time, id) values (?, ?, ?, ?, ?, ?)
Hibernate: insert into LogEntries (logCode, message, primaryUser, secondaryUser, time, id) values (?, ?, ?, ?, ?, ?)
19:33:12.815 [main] DEBUG o.h.e.j.internal.JdbcCoordinatorImpl - HHH000420: Closing un-released batch
19:33:12.815 [main] DEBUG o.h.e.t.internal.TransactionImpl - begin
19:33:12.817 [main] DEBUG org.hibernate.SQL - select next_val as id_val from hibernate_sequence for update
Hibernate: select next_val as id_val from hibernate_sequence for update
19:33:12.818 [main] DEBUG org.hibernate.SQL - update hibernate_sequence set next_val= ? where next_val=?
Hibernate: update hibernate_sequence set next_val= ? where next_val=?
19:33:12.820 [main] DEBUG o.h.e.i.AbstractSaveEventListener - Generated identifier: 147, using strategy: org.hibernate.id.enhanced.SequenceStyleGenerator
19:33:12.820 [main] DEBUG o.h.e.t.internal.TransactionImpl - committing
19:33:12.820 [main] DEBUG o.h.e.i.AbstractFlushingEventListener - Processing flush-time cascades
19:33:12.820 [main] DEBUG o.h.e.i.AbstractFlushingEventListener - Dirty checking collections
19:33:12.820 [main] DEBUG o.h.e.i.AbstractFlushingEventListener - Flushed: 1 insertions, 0 updates, 0 deletions to 1 objects
19:33:12.820 [main] DEBUG o.h.e.i.AbstractFlushingEventListener - Flushed: 0 (re)creations, 0 updates, 0 removals to 0 collections
19:33:12.820 [main] DEBUG o.h.internal.util.EntityPrinter - Listing entities:
19:33:12.820 [main] DEBUG o.h.internal.util.EntityPrinter - edu.ncsu.csc.itrust2.models.persistent.LogEntry{secondaryUser=null, logCode=5, primaryUser=logapitest, id=147, time=java.util.GregorianCalendar[time=1521660792815,areFieldsSet=true,areAllFieldsSet=true,lenient=true,zone=sun.util.calendar.ZoneInfo[id="Etc/UTC",offset=0,dstSavings=0,useDaylight=false,transitions=0,lastRule=null],firstDayOfWeek=1,minimalDaysInFirstWeek=1,ERA=1,YEAR=2018,MONTH=2,WEEK_OF_YEAR=12,WEEK_OF_MONTH=4,DAY_OF_MONTH=21,DAY_OF_YEAR=80,DAY_OF_WEEK=4,DAY_OF_WEEK_IN_MONTH=3,AM_PM=1,HOUR=7,HOUR_OF_DAY=19,MINUTE=33,SECOND=12,MILLISECOND=815,ZONE_OFFSET=0,DST_OFFSET=0], message=null}
19:33:12.821 [main] DEBUG org.hibernate.SQL - insert into LogEntries (logCode, message, primaryUser, secondaryUser, time, id) values (?, ?, ?, ?, ?, ?)
Hibernate: insert into LogEntries (logCode, message, primaryUser, secondaryUser, time, id) values (?, ?, ?, ?, ?, ?)
19:33:12.824 [main] DEBUG o.h.e.j.internal.JdbcCoordinatorImpl - HHH000420: Closing un-released batch
19:33:12.824 [main] DEBUG o.h.e.t.internal.TransactionImpl - begin
19:33:12.825 [main] DEBUG org.hibernate.SQL - select next_val as id_val from hibernate_sequence for update
Hibernate: select next_val as id_val from hibernate_sequence for update
19:33:12.825 [main] DEBUG org.hibernate.SQL - update hibernate_sequence set next_val= ? where next_val=?
Hibernate: update hibernate_sequence set next_val= ? where next_val=?
19:33:12.826 [main] DEBUG o.h.e.i.AbstractSaveEventListener - Generated identifier: 148, using strategy: org.hibernate.id.enhanced.SequenceStyleGenerator
19:33:12.826 [main] DEBUG o.h.e.t.internal.TransactionImpl - committing
19:33:12.826 [main] DEBUG o.h.e.i.AbstractFlushingEventListener - Processing flush-time cascades
19:33:12.826 [main] DEBUG o.h.e.i.AbstractFlushingEventListener - Dirty checking collections
19:33:12.827 [main] DEBUG o.h.e.i.AbstractFlushingEventListener - Flushed: 1 insertions, 0 updates, 0 deletions to 1 objects
19:33:12.827 [main] DEBUG o.h.e.i.AbstractFlushingEventListener - Flushed: 0 (re)creations, 0 updates, 0 removals to 0 collections
19:33:12.827 [main] DEBUG o.h.internal.util.EntityPrinter - Listing entities:
19:33:12.827 [main] DEBUG o.h.internal.util.EntityPrinter - edu.ncsu.csc.itrust2.models.persistent.LogEntry{secondaryUser=null, logCode=5, primaryUser=logapitest, id=148, time=java.util.GregorianCalendar[time=1521660792824,areFieldsSet=true,areAllFieldsSet=true,lenient=true,zone=sun.util.calendar.ZoneInfo[id="Etc/UTC",offset=0,dstSavings=0,useDaylight=false,transitions=0,lastRule=null],firstDayOfWeek=1,minimalDaysInFirstWeek=1,ERA=1,YEAR=2018,MONTH=2,WEEK_OF_YEAR=12,WEEK_OF_MONTH=4,DAY_OF_MONTH=21,DAY_OF_YEAR=80,DAY_OF_WEEK=4,DAY_OF_WEEK_IN_MONTH=3,AM_PM=1,HOUR=7,HOUR_OF_DAY=19,MINUTE=33,SECOND=12,MILLISECOND=824,ZONE_OFFSET=0,DST_OFFSET=0], message=null}
19:33:12.827 [main] DEBUG org.hibernate.SQL - insert into LogEntries (logCode, message, primaryUser, secondaryUser, time, id) values (?, ?, ?, ?, ?, ?)
Hibernate: insert into LogEntries (logCode, message, primaryUser, secondaryUser, time, id) values (?, ?, ?, ?, ?, ?)
19:33:12.829 [main] DEBUG o.h.e.j.internal.JdbcCoordinatorImpl - HHH000420: Closing un-released batch
19:33:12.830 [main] DEBUG o.h.e.t.internal.TransactionImpl - begin
19:33:12.830 [main] DEBUG org.hibernate.SQL - select next_val as id_val from hibernate_sequence for update
Hibernate: select next_val as id_val from hibernate_sequence for update
19:33:12.831 [main] DEBUG org.hibernate.SQL - update hibernate_sequence set next_val= ? where next_val=?
Hibernate: update hibernate_sequence set next_val= ? where next_val=?
19:33:12.832 [main] DEBUG o.h.e.i.AbstractSaveEventListener - Generated identifier: 149, using strategy: org.hibernate.id.enhanced.SequenceStyleGenerator
19:33:12.832 [main] DEBUG o.h.e.t.internal.TransactionImpl - committing
19:33:12.832 [main] DEBUG o.h.e.i.AbstractFlushingEventListener - Processing flush-time cascades
19:33:12.832 [main] DEBUG o.h.e.i.AbstractFlushingEventListener - Dirty checking collections
19:33:12.832 [main] DEBUG o.h.e.i.AbstractFlushingEventListener - Flushed: 1 insertions, 0 updates, 0 deletions to 1 objects
19:33:12.832 [main] DEBUG o.h.e.i.AbstractFlushingEventListener - Flushed: 0 (re)creations, 0 updates, 0 removals to 0 collections
19:33:12.832 [main] DEBUG o.h.internal.util.EntityPrinter - Listing entities:
19:33:12.832 [main] DEBUG o.h.internal.util.EntityPrinter - edu.ncsu.csc.itrust2.models.persistent.LogEntry{secondaryUser=null, logCode=5, primaryUser=logapitest, id=149, time=java.util.GregorianCalendar[time=1521660792830,areFieldsSet=true,areAllFieldsSet=true,lenient=true,zone=sun.util.calendar.ZoneInfo[id="Etc/UTC",offset=0,dstSavings=0,useDaylight=false,transitions=0,lastRule=null],firstDayOfWeek=1,minimalDaysInFirstWeek=1,ERA=1,YEAR=2018,MONTH=2,WEEK_OF_YEAR=12,WEEK_OF_MONTH=4,DAY_OF_MONTH=21,DAY_OF_YEAR=80,DAY_OF_WEEK=4,DAY_OF_WEEK_IN_MONTH=3,AM_PM=1,HOUR=7,HOUR_OF_DAY=19,MINUTE=33,SECOND=12,MILLISECOND=830,ZONE_OFFSET=0,DST_OFFSET=0], message=null}
19:33:12.840 [main] DEBUG org.hibernate.SQL - insert into LogEntries (logCode, message, primaryUser, secondaryUser, time, id) values (?, ?, ?, ?, ?, ?)
Hibernate: insert into LogEntries (logCode, message, primaryUser, secondaryUser, time, id) values (?, ?, ?, ?, ?, ?)
19:33:12.841 [main] DEBUG o.h.e.j.internal.JdbcCoordinatorImpl - HHH000420: Closing un-released batch
19:33:12.842 [main] DEBUG o.h.e.t.internal.TransactionImpl - begin
19:33:12.842 [main] DEBUG org.hibernate.SQL - select next_val as id_val from hibernate_sequence for update
Hibernate: select next_val as id_val from hibernate_sequence for update
19:33:12.843 [main] DEBUG org.hibernate.SQL - update hibernate_sequence set next_val= ? where next_val=?
Hibernate: update hibernate_sequence set next_val= ? where next_val=?
19:33:12.844 [main] DEBUG o.h.e.i.AbstractSaveEventListener - Generated identifier: 150, using strategy: org.hibernate.id.enhanced.SequenceStyleGenerator
19:33:12.844 [main] DEBUG o.h.e.t.internal.TransactionImpl - committing
19:33:12.844 [main] DEBUG o.h.e.i.AbstractFlushingEventListener - Processing flush-time cascades
19:33:12.844 [main] DEBUG o.h.e.i.AbstractFlushingEventListener - Dirty checking collections
19:33:12.845 [main] DEBUG o.h.e.i.AbstractFlushingEventListener - Flushed: 1 insertions, 0 updates, 0 deletions to 1 objects
19:33:12.845 [main] DEBUG o.h.e.i.AbstractFlushingEventListener - Flushed: 0 (re)creations, 0 updates, 0 removals to 0 collections
19:33:12.845 [main] DEBUG o.h.internal.util.EntityPrinter - Listing entities:
19:33:12.845 [main] DEBUG o.h.internal.util.EntityPrinter - edu.ncsu.csc.itrust2.models.persistent.LogEntry{secondaryUser=null, logCode=5, primaryUser=logapitest, id=150, time=java.util.GregorianCalendar[time=1521660792841,areFieldsSet=true,areAllFieldsSet=true,lenient=true,zone=sun.util.calendar.ZoneInfo[id="Etc/UTC",offset=0,dstSavings=0,useDaylight=false,transitions=0,lastRule=null],firstDayOfWeek=1,minimalDaysInFirstWeek=1,ERA=1,YEAR=2018,MONTH=2,WEEK_OF_YEAR=12,WEEK_OF_MONTH=4,DAY_OF_MONTH=21,DAY_OF_YEAR=80,DAY_OF_WEEK=4,DAY_OF_WEEK_IN_MONTH=3,AM_PM=1,HOUR=7,HOUR_OF_DAY=19,MINUTE=33,SECOND=12,MILLISECOND=841,ZONE_OFFSET=0,DST_OFFSET=0], message=null}
19:33:12.845 [main] DEBUG org.hibernate.SQL - insert into LogEntries (logCode, message, primaryUser, secondaryUser, time, id) values (?, ?, ?, ?, ?, ?)
Hibernate: insert into LogEntries (logCode, message, primaryUser, secondaryUser, time, id) values (?, ?, ?, ?, ?, ?)
19:33:12.847 [main] DEBUG o.h.e.j.internal.JdbcCoordinatorImpl - HHH000420: Closing un-released batch
19:33:12.847 [main] DEBUG o.h.e.t.internal.TransactionImpl - begin
19:33:12.848 [main] DEBUG org.hibernate.SQL - select next_val as id_val from hibernate_sequence for update
Hibernate: select next_val as id_val from hibernate_sequence for update
19:33:12.848 [main] DEBUG org.hibernate.SQL - update hibernate_sequence set next_val= ? where next_val=?
Hibernate: update hibernate_sequence set next_val= ? where next_val=?
19:33:12.849 [main] DEBUG o.h.e.i.AbstractSaveEventListener - Generated identifier: 151, using strategy: org.hibernate.id.enhanced.SequenceStyleGenerator
19:33:12.850 [main] DEBUG o.h.e.t.internal.TransactionImpl - committing
19:33:12.850 [main] DEBUG o.h.e.i.AbstractFlushingEventListener - Processing flush-time cascades
19:33:12.850 [main] DEBUG o.h.e.i.AbstractFlushingEventListener - Dirty checking collections
19:33:12.850 [main] DEBUG o.h.e.i.AbstractFlushingEventListener - Flushed: 1 insertions, 0 updates, 0 deletions to 1 objects
19:33:12.850 [main] DEBUG o.h.e.i.AbstractFlushingEventListener - Flushed: 0 (re)creations, 0 updates, 0 removals to 0 collections
19:33:12.850 [main] DEBUG o.h.internal.util.EntityPrinter - Listing entities:
19:33:12.850 [main] DEBUG o.h.internal.util.EntityPrinter - edu.ncsu.csc.itrust2.models.persistent.LogEntry{secondaryUser=null, logCode=5, primaryUser=logapitest, id=151, time=java.util.GregorianCalendar[time=1521660792847,areFieldsSet=true,areAllFieldsSet=true,lenient=true,zone=sun.util.calendar.ZoneInfo[id="Etc/UTC",offset=0,dstSavings=0,useDaylight=false,transitions=0,lastRule=null],firstDayOfWeek=1,minimalDaysInFirstWeek=1,ERA=1,YEAR=2018,MONTH=2,WEEK_OF_YEAR=12,WEEK_OF_MONTH=4,DAY_OF_MONTH=21,DAY_OF_YEAR=80,DAY_OF_WEEK=4,DAY_OF_WEEK_IN_MONTH=3,AM_PM=1,HOUR=7,HOUR_OF_DAY=19,MINUTE=33,SECOND=12,MILLISECOND=847,ZONE_OFFSET=0,DST_OFFSET=0], message=null}
19:33:12.851 [main] DEBUG org.hibernate.SQL - insert into LogEntries (logCode, message, primaryUser, secondaryUser, time, id) values (?, ?, ?, ?, ?, ?)
Hibernate: insert into LogEntries (logCode, message, primaryUser, secondaryUser, time, id) values (?, ?, ?, ?, ?, ?)
19:33:12.857 [main] DEBUG o.h.e.j.internal.JdbcCoordinatorImpl - HHH000420: Closing un-released batch
19:33:12.857 [main] DEBUG o.h.e.t.internal.TransactionImpl - begin
19:33:12.858 [main] DEBUG org.hibernate.SQL - select next_val as id_val from hibernate_sequence for update
Hibernate: select next_val as id_val from hibernate_sequence for update
19:33:12.858 [main] DEBUG org.hibernate.SQL - update hibernate_sequence set next_val= ? where next_val=?
Hibernate: update hibernate_sequence set next_val= ? where next_val=?
19:33:12.859 [main] DEBUG o.h.e.i.AbstractSaveEventListener - Generated identifier: 152, using strategy: org.hibernate.id.enhanced.SequenceStyleGenerator
19:33:12.859 [main] DEBUG o.h.e.t.internal.TransactionImpl - committing
19:33:12.860 [main] DEBUG o.h.e.i.AbstractFlushingEventListener - Processing flush-time cascades
19:33:12.860 [main] DEBUG o.h.e.i.AbstractFlushingEventListener - Dirty checking collections
19:33:12.860 [main] DEBUG o.h.e.i.AbstractFlushingEventListener - Flushed: 1 insertions, 0 updates, 0 deletions to 1 objects
19:33:12.860 [main] DEBUG o.h.e.i.AbstractFlushingEventListener - Flushed: 0 (re)creations, 0 updates, 0 removals to 0 collections
19:33:12.860 [main] DEBUG o.h.internal.util.EntityPrinter - Listing entities:
19:33:12.860 [main] DEBUG o.h.internal.util.EntityPrinter - edu.ncsu.csc.itrust2.models.persistent.LogEntry{secondaryUser=null, logCode=5, primaryUser=logapitest, id=152, time=java.util.GregorianCalendar[time=1521660792857,areFieldsSet=true,areAllFieldsSet=true,lenient=true,zone=sun.util.calendar.ZoneInfo[id="Etc/UTC",offset=0,dstSavings=0,useDaylight=false,transitions=0,lastRule=null],firstDayOfWeek=1,minimalDaysInFirstWeek=1,ERA=1,YEAR=2018,MONTH=2,WEEK_OF_YEAR=12,WEEK_OF_MONTH=4,DAY_OF_MONTH=21,DAY_OF_YEAR=80,DAY_OF_WEEK=4,DAY_OF_WEEK_IN_MONTH=3,AM_PM=1,HOUR=7,HOUR_OF_DAY=19,MINUTE=33,SECOND=12,MILLISECOND=857,ZONE_OFFSET=0,DST_OFFSET=0], message=null}
19:33:12.861 [main] DEBUG org.hibernate.SQL - insert into LogEntries (logCode, message, primaryUser, secondaryUser, time, id) values (?, ?, ?, ?, ?, ?)
Hibernate: insert into LogEntries (logCode, message, primaryUser, secondaryUser, time, id) values (?, ?, ?, ?, ?, ?)
19:33:12.862 [main] DEBUG o.h.e.j.internal.JdbcCoordinatorImpl - HHH000420: Closing un-released batch
19:33:12.863 [main] DEBUG o.h.e.t.internal.TransactionImpl - begin
19:33:12.868 [main] DEBUG org.hibernate.SQL - select next_val as id_val from hibernate_sequence for update
Hibernate: select next_val as id_val from hibernate_sequence for update
19:33:12.868 [main] DEBUG org.hibernate.SQL - update hibernate_sequence set next_val= ? where next_val=?
Hibernate: update hibernate_sequence set next_val= ? where next_val=?
19:33:12.869 [main] DEBUG o.h.e.i.AbstractSaveEventListener - Generated identifier: 153, using strategy: org.hibernate.id.enhanced.SequenceStyleGenerator
19:33:12.869 [main] DEBUG o.h.e.t.internal.TransactionImpl - committing
19:33:12.869 [main] DEBUG o.h.e.i.AbstractFlushingEventListener - Processing flush-time cascades
19:33:12.870 [main] DEBUG o.h.e.i.AbstractFlushingEventListener - Dirty checking collections
19:33:12.870 [main] DEBUG o.h.e.i.AbstractFlushingEventListener - Flushed: 1 insertions, 0 updates, 0 deletions to 1 objects
19:33:12.870 [main] DEBUG o.h.e.i.AbstractFlushingEventListener - Flushed: 0 (re)creations, 0 updates, 0 removals to 0 collections
19:33:12.870 [main] DEBUG o.h.internal.util.EntityPrinter - Listing entities:
19:33:12.870 [main] DEBUG o.h.internal.util.EntityPrinter - edu.ncsu.csc.itrust2.models.persistent.LogEntry{secondaryUser=null, logCode=5, primaryUser=logapitest, id=153, time=java.util.GregorianCalendar[time=1521660792862,areFieldsSet=true,areAllFieldsSet=true,lenient=true,zone=sun.util.calendar.ZoneInfo[id="Etc/UTC",offset=0,dstSavings=0,useDaylight=false,transitions=0,lastRule=null],firstDayOfWeek=1,minimalDaysInFirstWeek=1,ERA=1,YEAR=2018,MONTH=2,WEEK_OF_YEAR=12,WEEK_OF_MONTH=4,DAY_OF_MONTH=21,DAY_OF_YEAR=80,DAY_OF_WEEK=4,DAY_OF_WEEK_IN_MONTH=3,AM_PM=1,HOUR=7,HOUR_OF_DAY=19,MINUTE=33,SECOND=12,MILLISECOND=862,ZONE_OFFSET=0,DST_OFFSET=0], message=null}
19:33:12.871 [main] DEBUG org.hibernate.SQL - insert into LogEntries (logCode, message, primaryUser, secondaryUser, time, id) values (?, ?, ?, ?, ?, ?)
Hibernate: insert into LogEntries (logCode, message, primaryUser, secondaryUser, time, id) values (?, ?, ?, ?, ?, ?)
19:33:12.876 [main] DEBUG o.h.e.j.internal.JdbcCoordinatorImpl - HHH000420: Closing un-released batch
19:33:12.877 [main] DEBUG o.h.e.t.internal.TransactionImpl - begin
19:33:12.877 [main] DEBUG org.hibernate.SQL - select next_val as id_val from hibernate_sequence for update
Hibernate: select next_val as id_val from hibernate_sequence for update
19:33:12.878 [main] DEBUG org.hibernate.SQL - update hibernate_sequence set next_val= ? where next_val=?
Hibernate: update hibernate_sequence set next_val= ? where next_val=?
19:33:12.879 [main] DEBUG o.h.e.i.AbstractSaveEventListener - Generated identifier: 154, using strategy: org.hibernate.id.enhanced.SequenceStyleGenerator
19:33:12.879 [main] DEBUG o.h.e.t.internal.TransactionImpl - committing
19:33:12.879 [main] DEBUG o.h.e.i.AbstractFlushingEventListener - Processing flush-time cascades
19:33:12.879 [main] DEBUG o.h.e.i.AbstractFlushingEventListener - Dirty checking collections
19:33:12.879 [main] DEBUG o.h.e.i.AbstractFlushingEventListener - Flushed: 1 insertions, 0 updates, 0 deletions to 1 objects
19:33:12.879 [main] DEBUG o.h.e.i.AbstractFlushingEventListener - Flushed: 0 (re)creations, 0 updates, 0 removals to 0 collections
19:33:12.879 [main] DEBUG o.h.internal.util.EntityPrinter - Listing entities:
19:33:12.879 [main] DEBUG o.h.internal.util.EntityPrinter - edu.ncsu.csc.itrust2.models.persistent.LogEntry{secondaryUser=null, logCode=5, primaryUser=logapitest, id=154, time=java.util.GregorianCalendar[time=1521660792876,areFieldsSet=true,areAllFieldsSet=true,lenient=true,zone=sun.util.calendar.ZoneInfo[id="Etc/UTC",offset=0,dstSavings=0,useDaylight=false,transitions=0,lastRule=null],firstDayOfWeek=1,minimalDaysInFirstWeek=1,ERA=1,YEAR=2018,MONTH=2,WEEK_OF_YEAR=12,WEEK_OF_MONTH=4,DAY_OF_MONTH=21,DAY_OF_YEAR=80,DAY_OF_WEEK=4,DAY_OF_WEEK_IN_MONTH=3,AM_PM=1,HOUR=7,HOUR_OF_DAY=19,MINUTE=33,SECOND=12,MILLISECOND=876,ZONE_OFFSET=0,DST_OFFSET=0], message=null}
19:33:12.880 [main] DEBUG org.hibernate.SQL - insert into LogEntries (logCode, message, primaryUser, secondaryUser, time, id) values (?, ?, ?, ?, ?, ?)
Hibernate: insert into LogEntries (logCode, message, primaryUser, secondaryUser, time, id) values (?, ?, ?, ?, ?, ?)
19:33:12.882 [main] DEBUG o.h.e.j.internal.JdbcCoordinatorImpl - HHH000420: Closing un-released batch
19:33:12.882 [main] DEBUG o.h.e.t.internal.TransactionImpl - begin
19:33:12.892 [main] DEBUG org.hibernate.SQL - select next_val as id_val from hibernate_sequence for update
Hibernate: select next_val as id_val from hibernate_sequence for update
19:33:12.892 [main] DEBUG org.hibernate.SQL - update hibernate_sequence set next_val= ? where next_val=?
Hibernate: update hibernate_sequence set next_val= ? where next_val=?
19:33:12.894 [main] DEBUG o.h.e.i.AbstractSaveEventListener - Generated identifier: 155, using strategy: org.hibernate.id.enhanced.SequenceStyleGenerator
19:33:12.894 [main] DEBUG o.h.e.t.internal.TransactionImpl - committing
19:33:12.894 [main] DEBUG o.h.e.i.AbstractFlushingEventListener - Processing flush-time cascades
19:33:12.894 [main] DEBUG o.h.e.i.AbstractFlushingEventListener - Dirty checking collections
19:33:12.894 [main] DEBUG o.h.e.i.AbstractFlushingEventListener - Flushed: 1 insertions, 0 updates, 0 deletions to 1 objects
19:33:12.894 [main] DEBUG o.h.e.i.AbstractFlushingEventListener - Flushed: 0 (re)creations, 0 updates, 0 removals to 0 collections
19:33:12.894 [main] DEBUG o.h.internal.util.EntityPrinter - Listing entities:
19:33:12.894 [main] DEBUG o.h.internal.util.EntityPrinter - edu.ncsu.csc.itrust2.models.persistent.LogEntry{secondaryUser=null, logCode=5, primaryUser=logapitest, id=155, time=java.util.GregorianCalendar[time=1521660792882,areFieldsSet=true,areAllFieldsSet=true,lenient=true,zone=sun.util.calendar.ZoneInfo[id="Etc/UTC",offset=0,dstSavings=0,useDaylight=false,transitions=0,lastRule=null],firstDayOfWeek=1,minimalDaysInFirstWeek=1,ERA=1,YEAR=2018,MONTH=2,WEEK_OF_YEAR=12,WEEK_OF_MONTH=4,DAY_OF_MONTH=21,DAY_OF_YEAR=80,DAY_OF_WEEK=4,DAY_OF_WEEK_IN_MONTH=3,AM_PM=1,HOUR=7,HOUR_OF_DAY=19,MINUTE=33,SECOND=12,MILLISECOND=882,ZONE_OFFSET=0,DST_OFFSET=0], message=null}
19:33:12.895 [main] DEBUG org.hibernate.SQL - insert into LogEntries (logCode, message, primaryUser, secondaryUser, time, id) values (?, ?, ?, ?, ?, ?)
Hibernate: insert into LogEntries (logCode, message, primaryUser, secondaryUser, time, id) values (?, ?, ?, ?, ?, ?)
19:33:12.903 [main] DEBUG o.h.e.j.internal.JdbcCoordinatorImpl - HHH000420: Closing un-released batch
19:33:12.904 [main] DEBUG o.h.e.t.internal.TransactionImpl - begin
19:33:12.906 [main] DEBUG org.hibernate.SQL - select next_val as id_val from hibernate_sequence for update
Hibernate: select next_val as id_val from hibernate_sequence for update
19:33:12.907 [main] DEBUG org.hibernate.SQL - update hibernate_sequence set next_val= ? where next_val=?
Hibernate: update hibernate_sequence set next_val= ? where next_val=?
19:33:12.908 [main] DEBUG o.h.e.i.AbstractSaveEventListener - Generated identifier: 156, using strategy: org.hibernate.id.enhanced.SequenceStyleGenerator
19:33:12.908 [main] DEBUG o.h.e.t.internal.TransactionImpl - committing
19:33:12.908 [main] DEBUG o.h.e.i.AbstractFlushingEventListener - Processing flush-time cascades
19:33:12.908 [main] DEBUG o.h.e.i.AbstractFlushingEventListener - Dirty checking collections
19:33:12.908 [main] DEBUG o.h.e.i.AbstractFlushingEventListener - Flushed: 1 insertions, 0 updates, 0 deletions to 1 objects
19:33:12.908 [main] DEBUG o.h.e.i.AbstractFlushingEventListener - Flushed: 0 (re)creations, 0 updates, 0 removals to 0 collections
19:33:12.908 [main] DEBUG o.h.internal.util.EntityPrinter - Listing entities:
19:33:12.908 [main] DEBUG o.h.internal.util.EntityPrinter - edu.ncsu.csc.itrust2.models.persistent.LogEntry{secondaryUser=null, logCode=5, primaryUser=logapitest, id=156, time=java.util.GregorianCalendar[time=1521660792904,areFieldsSet=true,areAllFieldsSet=true,lenient=true,zone=sun.util.calendar.ZoneInfo[id="Etc/UTC",offset=0,dstSavings=0,useDaylight=false,transitions=0,lastRule=null],firstDayOfWeek=1,minimalDaysInFirstWeek=1,ERA=1,YEAR=2018,MONTH=2,WEEK_OF_YEAR=12,WEEK_OF_MONTH=4,DAY_OF_MONTH=21,DAY_OF_YEAR=80,DAY_OF_WEEK=4,DAY_OF_WEEK_IN_MONTH=3,AM_PM=1,HOUR=7,HOUR_OF_DAY=19,MINUTE=33,SECOND=12,MILLISECOND=904,ZONE_OFFSET=0,DST_OFFSET=0], message=null}
19:33:12.909 [main] DEBUG org.hibernate.SQL - insert into LogEntries (logCode, message, primaryUser, secondaryUser, time, id) values (?, ?, ?, ?, ?, ?)
Hibernate: insert into LogEntries (logCode, message, primaryUser, secondaryUser, time, id) values (?, ?, ?, ?, ?, ?)
19:33:12.910 [main] DEBUG o.h.e.j.internal.JdbcCoordinatorImpl - HHH000420: Closing un-released batch
19:33:12.910 [main] DEBUG o.h.e.t.internal.TransactionImpl - begin
19:33:12.916 [main] DEBUG org.hibernate.SQL - select next_val as id_val from hibernate_sequence for update
Hibernate: select next_val as id_val from hibernate_sequence for update
19:33:12.917 [main] DEBUG org.hibernate.SQL - update hibernate_sequence set next_val= ? where next_val=?
Hibernate: update hibernate_sequence set next_val= ? where next_val=?
19:33:12.918 [main] DEBUG o.h.e.i.AbstractSaveEventListener - Generated identifier: 157, using strategy: org.hibernate.id.enhanced.SequenceStyleGenerator
19:33:12.918 [main] DEBUG o.h.e.t.internal.TransactionImpl - committing
19:33:12.918 [main] DEBUG o.h.e.i.AbstractFlushingEventListener - Processing flush-time cascades
19:33:12.919 [main] DEBUG o.h.e.i.AbstractFlushingEventListener - Dirty checking collections
19:33:12.919 [main] DEBUG o.h.e.i.AbstractFlushingEventListener - Flushed: 1 insertions, 0 updates, 0 deletions to 1 objects
19:33:12.919 [main] DEBUG o.h.e.i.AbstractFlushingEventListener - Flushed: 0 (re)creations, 0 updates, 0 removals to 0 collections
19:33:12.919 [main] DEBUG o.h.internal.util.EntityPrinter - Listing entities:
19:33:12.919 [main] DEBUG o.h.internal.util.EntityPrinter - edu.ncsu.csc.itrust2.models.persistent.LogEntry{secondaryUser=null, logCode=5, primaryUser=logapitest, id=157, time=java.util.GregorianCalendar[time=1521660792910,areFieldsSet=true,areAllFieldsSet=true,lenient=true,zone=sun.util.calendar.ZoneInfo[id="Etc/UTC",offset=0,dstSavings=0,useDaylight=false,transitions=0,lastRule=null],firstDayOfWeek=1,minimalDaysInFirstWeek=1,ERA=1,YEAR=2018,MONTH=2,WEEK_OF_YEAR=12,WEEK_OF_MONTH=4,DAY_OF_MONTH=21,DAY_OF_YEAR=80,DAY_OF_WEEK=4,DAY_OF_WEEK_IN_MONTH=3,AM_PM=1,HOUR=7,HOUR_OF_DAY=19,MINUTE=33,SECOND=12,MILLISECOND=910,ZONE_OFFSET=0,DST_OFFSET=0], message=null}
19:33:12.919 [main] DEBUG org.hibernate.SQL - insert into LogEntries (logCode, message, primaryUser, secondaryUser, time, id) values (?, ?, ?, ?, ?, ?)
Hibernate: insert into LogEntries (logCode, message, primaryUser, secondaryUser, time, id) values (?, ?, ?, ?, ?, ?)
19:33:12.930 [main] DEBUG o.h.e.j.internal.JdbcCoordinatorImpl - HHH000420: Closing un-released batch
19:33:12.930 [main] DEBUG o.h.e.t.internal.TransactionImpl - begin
19:33:12.931 [main] DEBUG org.hibernate.SQL - select next_val as id_val from hibernate_sequence for update
Hibernate: select next_val as id_val from hibernate_sequence for update
19:33:12.931 [main] DEBUG org.hibernate.SQL - update hibernate_sequence set next_val= ? where next_val=?
Hibernate: update hibernate_sequence set next_val= ? where next_val=?
19:33:12.933 [main] DEBUG o.h.e.i.AbstractSaveEventListener - Generated identifier: 158, using strategy: org.hibernate.id.enhanced.SequenceStyleGenerator
19:33:12.933 [main] DEBUG o.h.e.t.internal.TransactionImpl - committing
19:33:12.933 [main] DEBUG o.h.e.i.AbstractFlushingEventListener - Processing flush-time cascades
19:33:12.933 [main] DEBUG o.h.e.i.AbstractFlushingEventListener - Dirty checking collections
19:33:12.933 [main] DEBUG o.h.e.i.AbstractFlushingEventListener - Flushed: 1 insertions, 0 updates, 0 deletions to 1 objects
19:33:12.933 [main] DEBUG o.h.e.i.AbstractFlushingEventListener - Flushed: 0 (re)creations, 0 updates, 0 removals to 0 collections
19:33:12.933 [main] DEBUG o.h.internal.util.EntityPrinter - Listing entities:
19:33:12.933 [main] DEBUG o.h.internal.util.EntityPrinter - edu.ncsu.csc.itrust2.models.persistent.LogEntry{secondaryUser=null, logCode=5, primaryUser=logapitest, id=158, time=java.util.GregorianCalendar[time=1521660792930,areFieldsSet=true,areAllFieldsSet=true,lenient=true,zone=sun.util.calendar.ZoneInfo[id="Etc/UTC",offset=0,dstSavings=0,useDaylight=false,transitions=0,lastRule=null],firstDayOfWeek=1,minimalDaysInFirstWeek=1,ERA=1,YEAR=2018,MONTH=2,WEEK_OF_YEAR=12,WEEK_OF_MONTH=4,DAY_OF_MONTH=21,DAY_OF_YEAR=80,DAY_OF_WEEK=4,DAY_OF_WEEK_IN_MONTH=3,AM_PM=1,HOUR=7,HOUR_OF_DAY=19,MINUTE=33,SECOND=12,MILLISECOND=930,ZONE_OFFSET=0,DST_OFFSET=0], message=null}
19:33:12.934 [main] DEBUG org.hibernate.SQL - insert into LogEntries (logCode, message, primaryUser, secondaryUser, time, id) values (?, ?, ?, ?, ?, ?)
Hibernate: insert into LogEntries (logCode, message, primaryUser, secondaryUser, time, id) values (?, ?, ?, ?, ?, ?)
19:33:12.936 [main] DEBUG o.h.e.j.internal.JdbcCoordinatorImpl - HHH000420: Closing un-released batch
19:33:12.936 [main] DEBUG o.h.e.t.internal.TransactionImpl - begin
19:33:12.944 [main] DEBUG org.hibernate.SQL - select next_val as id_val from hibernate_sequence for update
Hibernate: select next_val as id_val from hibernate_sequence for update
19:33:12.944 [main] DEBUG org.hibernate.SQL - update hibernate_sequence set next_val= ? where next_val=?
Hibernate: update hibernate_sequence set next_val= ? where next_val=?
19:33:12.945 [main] DEBUG o.h.e.i.AbstractSaveEventListener - Generated identifier: 159, using strategy: org.hibernate.id.enhanced.SequenceStyleGenerator
19:33:12.946 [main] DEBUG o.h.e.t.internal.TransactionImpl - committing
19:33:12.946 [main] DEBUG o.h.e.i.AbstractFlushingEventListener - Processing flush-time cascades
19:33:12.946 [main] DEBUG o.h.e.i.AbstractFlushingEventListener - Dirty checking collections
19:33:12.946 [main] DEBUG o.h.e.i.AbstractFlushingEventListener - Flushed: 1 insertions, 0 updates, 0 deletions to 1 objects
19:33:12.946 [main] DEBUG o.h.e.i.AbstractFlushingEventListener - Flushed: 0 (re)creations, 0 updates, 0 removals to 0 collections
19:33:12.946 [main] DEBUG o.h.internal.util.EntityPrinter - Listing entities:
19:33:12.946 [main] DEBUG o.h.internal.util.EntityPrinter - edu.ncsu.csc.itrust2.models.persistent.LogEntry{secondaryUser=null, logCode=5, primaryUser=logapitest, id=159, time=java.util.GregorianCalendar[time=1521660792936,areFieldsSet=true,areAllFieldsSet=true,lenient=true,zone=sun.util.calendar.ZoneInfo[id="Etc/UTC",offset=0,dstSavings=0,useDaylight=false,transitions=0,lastRule=null],firstDayOfWeek=1,minimalDaysInFirstWeek=1,ERA=1,YEAR=2018,MONTH=2,WEEK_OF_YEAR=12,WEEK_OF_MONTH=4,DAY_OF_MONTH=21,DAY_OF_YEAR=80,DAY_OF_WEEK=4,DAY_OF_WEEK_IN_MONTH=3,AM_PM=1,HOUR=7,HOUR_OF_DAY=19,MINUTE=33,SECOND=12,MILLISECOND=936,ZONE_OFFSET=0,DST_OFFSET=0], message=null}
19:33:12.946 [main] DEBUG org.hibernate.SQL - insert into LogEntries (logCode, message, primaryUser, secondaryUser, time, id) values (?, ?, ?, ?, ?, ?)
Hibernate: insert into LogEntries (logCode, message, primaryUser, secondaryUser, time, id) values (?, ?, ?, ?, ?, ?)
19:33:12.952 [main] DEBUG o.h.e.j.internal.JdbcCoordinatorImpl - HHH000420: Closing un-released batch
19:33:12.952 [main] DEBUG o.h.e.t.internal.TransactionImpl - begin
19:33:12.953 [main] DEBUG org.hibernate.SQL - select next_val as id_val from hibernate_sequence for update
Hibernate: select next_val as id_val from hibernate_sequence for update
19:33:12.953 [main] DEBUG org.hibernate.SQL - update hibernate_sequence set next_val= ? where next_val=?
Hibernate: update hibernate_sequence set next_val= ? where next_val=?
19:33:12.954 [main] DEBUG o.h.e.i.AbstractSaveEventListener - Generated identifier: 160, using strategy: org.hibernate.id.enhanced.SequenceStyleGenerator
19:33:12.954 [main] DEBUG o.h.e.t.internal.TransactionImpl - committing
19:33:12.954 [main] DEBUG o.h.e.i.AbstractFlushingEventListener - Processing flush-time cascades
19:33:12.954 [main] DEBUG o.h.e.i.AbstractFlushingEventListener - Dirty checking collections
19:33:12.954 [main] DEBUG o.h.e.i.AbstractFlushingEventListener - Flushed: 1 insertions, 0 updates, 0 deletions to 1 objects
19:33:12.954 [main] DEBUG o.h.e.i.AbstractFlushingEventListener - Flushed: 0 (re)creations, 0 updates, 0 removals to 0 collections
19:33:12.954 [main] DEBUG o.h.internal.util.EntityPrinter - Listing entities:
19:33:12.954 [main] DEBUG o.h.internal.util.EntityPrinter - edu.ncsu.csc.itrust2.models.persistent.LogEntry{secondaryUser=null, logCode=5, primaryUser=logapitest, id=160, time=java.util.GregorianCalendar[time=1521660792952,areFieldsSet=true,areAllFieldsSet=true,lenient=true,zone=sun.util.calendar.ZoneInfo[id="Etc/UTC",offset=0,dstSavings=0,useDaylight=false,transitions=0,lastRule=null],firstDayOfWeek=1,minimalDaysInFirstWeek=1,ERA=1,YEAR=2018,MONTH=2,WEEK_OF_YEAR=12,WEEK_OF_MONTH=4,DAY_OF_MONTH=21,DAY_OF_YEAR=80,DAY_OF_WEEK=4,DAY_OF_WEEK_IN_MONTH=3,AM_PM=1,HOUR=7,HOUR_OF_DAY=19,MINUTE=33,SECOND=12,MILLISECOND=952,ZONE_OFFSET=0,DST_OFFSET=0], message=null}
19:33:12.955 [main] DEBUG org.hibernate.SQL - insert into LogEntries (logCode, message, primaryUser, secondaryUser, time, id) values (?, ?, ?, ?, ?, ?)
Hibernate: insert into LogEntries (logCode, message, primaryUser, secondaryUser, time, id) values (?, ?, ?, ?, ?, ?)
19:33:12.956 [main] DEBUG o.h.e.j.internal.JdbcCoordinatorImpl - HHH000420: Closing un-released batch
19:33:12.956 [main] DEBUG o.h.e.t.internal.TransactionImpl - begin
19:33:12.963 [main] DEBUG org.hibernate.SQL - select next_val as id_val from hibernate_sequence for update
Hibernate: select next_val as id_val from hibernate_sequence for update
19:33:12.964 [main] DEBUG org.hibernate.SQL - update hibernate_sequence set next_val= ? where next_val=?
Hibernate: update hibernate_sequence set next_val= ? where next_val=?
19:33:12.965 [main] DEBUG o.h.e.i.AbstractSaveEventListener - Generated identifier: 161, using strategy: org.hibernate.id.enhanced.SequenceStyleGenerator
19:33:12.965 [main] DEBUG o.h.e.t.internal.TransactionImpl - committing
19:33:12.965 [main] DEBUG o.h.e.i.AbstractFlushingEventListener - Processing flush-time cascades
19:33:12.965 [main] DEBUG o.h.e.i.AbstractFlushingEventListener - Dirty checking collections
19:33:12.965 [main] DEBUG o.h.e.i.AbstractFlushingEventListener - Flushed: 1 insertions, 0 updates, 0 deletions to 1 objects
19:33:12.965 [main] DEBUG o.h.e.i.AbstractFlushingEventListener - Flushed: 0 (re)creations, 0 updates, 0 removals to 0 collections
19:33:12.965 [main] DEBUG o.h.internal.util.EntityPrinter - Listing entities:
19:33:12.965 [main] DEBUG o.h.internal.util.EntityPrinter - edu.ncsu.csc.itrust2.models.persistent.LogEntry{secondaryUser=null, logCode=5, primaryUser=logapitest, id=161, time=java.util.GregorianCalendar[time=1521660792956,areFieldsSet=true,areAllFieldsSet=true,lenient=true,zone=sun.util.calendar.ZoneInfo[id="Etc/UTC",offset=0,dstSavings=0,useDaylight=false,transitions=0,lastRule=null],firstDayOfWeek=1,minimalDaysInFirstWeek=1,ERA=1,YEAR=2018,MONTH=2,WEEK_OF_YEAR=12,WEEK_OF_MONTH=4,DAY_OF_MONTH=21,DAY_OF_YEAR=80,DAY_OF_WEEK=4,DAY_OF_WEEK_IN_MONTH=3,AM_PM=1,HOUR=7,HOUR_OF_DAY=19,MINUTE=33,SECOND=12,MILLISECOND=956,ZONE_OFFSET=0,DST_OFFSET=0], message=null}
19:33:12.966 [main] DEBUG org.hibernate.SQL - insert into LogEntries (logCode, message, primaryUser, secondaryUser, time, id) values (?, ?, ?, ?, ?, ?)
Hibernate: insert into LogEntries (logCode, message, primaryUser, secondaryUser, time, id) values (?, ?, ?, ?, ?, ?)
19:33:12.968 [main] DEBUG o.h.e.j.internal.JdbcCoordinatorImpl - HHH000420: Closing un-released batch
19:33:12.968 [main] DEBUG o.h.e.t.internal.TransactionImpl - begin
19:33:12.971 [main] DEBUG org.hibernate.SQL - select next_val as id_val from hibernate_sequence for update
Hibernate: select next_val as id_val from hibernate_sequence for update
19:33:12.972 [main] DEBUG org.hibernate.SQL - update hibernate_sequence set next_val= ? where next_val=?
Hibernate: update hibernate_sequence set next_val= ? where next_val=?
19:33:12.973 [main] DEBUG o.h.e.i.AbstractSaveEventListener - Generated identifier: 162, using strategy: org.hibernate.id.enhanced.SequenceStyleGenerator
19:33:12.973 [main] DEBUG o.h.e.t.internal.TransactionImpl - committing
19:33:12.974 [main] DEBUG o.h.e.i.AbstractFlushingEventListener - Processing flush-time cascades
19:33:12.974 [main] DEBUG o.h.e.i.AbstractFlushingEventListener - Dirty checking collections
19:33:12.974 [main] DEBUG o.h.e.i.AbstractFlushingEventListener - Flushed: 1 insertions, 0 updates, 0 deletions to 1 objects
19:33:12.974 [main] DEBUG o.h.e.i.AbstractFlushingEventListener - Flushed: 0 (re)creations, 0 updates, 0 removals to 0 collections
19:33:12.974 [main] DEBUG o.h.internal.util.EntityPrinter - Listing entities:
19:33:12.974 [main] DEBUG o.h.internal.util.EntityPrinter - edu.ncsu.csc.itrust2.models.persistent.LogEntry{secondaryUser=null, logCode=5, primaryUser=logapitest, id=162, time=java.util.GregorianCalendar[time=1521660792968,areFieldsSet=true,areAllFieldsSet=true,lenient=true,zone=sun.util.calendar.ZoneInfo[id="Etc/UTC",offset=0,dstSavings=0,useDaylight=false,transitions=0,lastRule=null],firstDayOfWeek=1,minimalDaysInFirstWeek=1,ERA=1,YEAR=2018,MONTH=2,WEEK_OF_YEAR=12,WEEK_OF_MONTH=4,DAY_OF_MONTH=21,DAY_OF_YEAR=80,DAY_OF_WEEK=4,DAY_OF_WEEK_IN_MONTH=3,AM_PM=1,HOUR=7,HOUR_OF_DAY=19,MINUTE=33,SECOND=12,MILLISECOND=968,ZONE_OFFSET=0,DST_OFFSET=0], message=null}
19:33:12.974 [main] DEBUG org.hibernate.SQL - insert into LogEntries (logCode, message, primaryUser, secondaryUser, time, id) values (?, ?, ?, ?, ?, ?)
Hibernate: insert into LogEntries (logCode, message, primaryUser, secondaryUser, time, id) values (?, ?, ?, ?, ?, ?)
19:33:12.976 [main] DEBUG o.h.e.j.internal.JdbcCoordinatorImpl - HHH000420: Closing un-released batch
19:33:12.976 [main] DEBUG o.h.e.t.internal.TransactionImpl - begin
19:33:12.988 [main] DEBUG org.hibernate.SQL - select next_val as id_val from hibernate_sequence for update
Hibernate: select next_val as id_val from hibernate_sequence for update
19:33:12.988 [main] DEBUG org.hibernate.SQL - update hibernate_sequence set next_val= ? where next_val=?
Hibernate: update hibernate_sequence set next_val= ? where next_val=?
19:33:12.989 [main] DEBUG o.h.e.i.AbstractSaveEventListener - Generated identifier: 163, using strategy: org.hibernate.id.enhanced.SequenceStyleGenerator
19:33:12.989 [main] DEBUG o.h.e.t.internal.TransactionImpl - committing
19:33:12.989 [main] DEBUG o.h.e.i.AbstractFlushingEventListener - Processing flush-time cascades
19:33:12.989 [main] DEBUG o.h.e.i.AbstractFlushingEventListener - Dirty checking collections
19:33:12.990 [main] DEBUG o.h.e.i.AbstractFlushingEventListener - Flushed: 1 insertions, 0 updates, 0 deletions to 1 objects
19:33:12.990 [main] DEBUG o.h.e.i.AbstractFlushingEventListener - Flushed: 0 (re)creations, 0 updates, 0 removals to 0 collections
19:33:12.990 [main] DEBUG o.h.internal.util.EntityPrinter - Listing entities:
19:33:12.990 [main] DEBUG o.h.internal.util.EntityPrinter - edu.ncsu.csc.itrust2.models.persistent.LogEntry{secondaryUser=null, logCode=5, primaryUser=logapitest, id=163, time=java.util.GregorianCalendar[time=1521660792976,areFieldsSet=true,areAllFieldsSet=true,lenient=true,zone=sun.util.calendar.ZoneInfo[id="Etc/UTC",offset=0,dstSavings=0,useDaylight=false,transitions=0,lastRule=null],firstDayOfWeek=1,minimalDaysInFirstWeek=1,ERA=1,YEAR=2018,MONTH=2,WEEK_OF_YEAR=12,WEEK_OF_MONTH=4,DAY_OF_MONTH=21,DAY_OF_YEAR=80,DAY_OF_WEEK=4,DAY_OF_WEEK_IN_MONTH=3,AM_PM=1,HOUR=7,HOUR_OF_DAY=19,MINUTE=33,SECOND=12,MILLISECOND=976,ZONE_OFFSET=0,DST_OFFSET=0], message=null}
19:33:12.990 [main] DEBUG org.hibernate.SQL - insert into LogEntries (logCode, message, primaryUser, secondaryUser, time, id) values (?, ?, ?, ?, ?, ?)
Hibernate: insert into LogEntries (logCode, message, primaryUser, secondaryUser, time, id) values (?, ?, ?, ?, ?, ?)
19:33:12.992 [main] DEBUG o.h.e.j.internal.JdbcCoordinatorImpl - HHH000420: Closing un-released batch
19:33:12.992 [main] DEBUG o.h.e.t.internal.TransactionImpl - begin
19:33:12.993 [main] DEBUG org.hibernate.SQL - select next_val as id_val from hibernate_sequence for update
Hibernate: select next_val as id_val from hibernate_sequence for update
19:33:12.995 [main] DEBUG org.hibernate.SQL - update hibernate_sequence set next_val= ? where next_val=?
Hibernate: update hibernate_sequence set next_val= ? where next_val=?
19:33:12.997 [main] DEBUG o.h.e.i.AbstractSaveEventListener - Generated identifier: 164, using strategy: org.hibernate.id.enhanced.SequenceStyleGenerator
19:33:12.997 [main] DEBUG o.h.e.t.internal.TransactionImpl - committing
19:33:12.997 [main] DEBUG o.h.e.i.AbstractFlushingEventListener - Processing flush-time cascades
19:33:12.997 [main] DEBUG o.h.e.i.AbstractFlushingEventListener - Dirty checking collections
19:33:12.997 [main] DEBUG o.h.e.i.AbstractFlushingEventListener - Flushed: 1 insertions, 0 updates, 0 deletions to 1 objects
19:33:12.997 [main] DEBUG o.h.e.i.AbstractFlushingEventListener - Flushed: 0 (re)creations, 0 updates, 0 removals to 0 collections
19:33:12.997 [main] DEBUG o.h.internal.util.EntityPrinter - Listing entities:
19:33:12.997 [main] DEBUG o.h.internal.util.EntityPrinter - edu.ncsu.csc.itrust2.models.persistent.LogEntry{secondaryUser=null, logCode=5, primaryUser=logapitest, id=164, time=java.util.GregorianCalendar[time=1521660792992,areFieldsSet=true,areAllFieldsSet=true,lenient=true,zone=sun.util.calendar.ZoneInfo[id="Etc/UTC",offset=0,dstSavings=0,useDaylight=false,transitions=0,lastRule=null],firstDayOfWeek=1,minimalDaysInFirstWeek=1,ERA=1,YEAR=2018,MONTH=2,WEEK_OF_YEAR=12,WEEK_OF_MONTH=4,DAY_OF_MONTH=21,DAY_OF_YEAR=80,DAY_OF_WEEK=4,DAY_OF_WEEK_IN_MONTH=3,AM_PM=1,HOUR=7,HOUR_OF_DAY=19,MINUTE=33,SECOND=12,MILLISECOND=992,ZONE_OFFSET=0,DST_OFFSET=0], message=null}
19:33:12.998 [main] DEBUG org.hibernate.SQL - insert into LogEntries (logCode, message, primaryUser, secondaryUser, time, id) values (?, ?, ?, ?, ?, ?)
Hibernate: insert into LogEntries (logCode, message, primaryUser, secondaryUser, time, id) values (?, ?, ?, ?, ?, ?)
19:33:13.021 [main] DEBUG o.h.e.j.internal.JdbcCoordinatorImpl - HHH000420: Closing un-released batch
19:33:13.021 [main] DEBUG o.h.e.t.internal.TransactionImpl - begin
19:33:13.022 [main] DEBUG org.hibernate.SQL - select next_val as id_val from hibernate_sequence for update
Hibernate: select next_val as id_val from hibernate_sequence for update
19:33:13.022 [main] DEBUG org.hibernate.SQL - update hibernate_sequence set next_val= ? where next_val=?
Hibernate: update hibernate_sequence set next_val= ? where next_val=?
19:33:13.023 [main] DEBUG o.h.e.i.AbstractSaveEventListener - Generated identifier: 165, using strategy: org.hibernate.id.enhanced.SequenceStyleGenerator
19:33:13.024 [main] DEBUG o.h.e.t.internal.TransactionImpl - committing
19:33:13.024 [main] DEBUG o.h.e.i.AbstractFlushingEventListener - Processing flush-time cascades
19:33:13.024 [main] DEBUG o.h.e.i.AbstractFlushingEventListener - Dirty checking collections
19:33:13.024 [main] DEBUG o.h.e.i.AbstractFlushingEventListener - Flushed: 1 insertions, 0 updates, 0 deletions to 1 objects
19:33:13.024 [main] DEBUG o.h.e.i.AbstractFlushingEventListener - Flushed: 0 (re)creations, 0 updates, 0 removals to 0 collections
19:33:13.024 [main] DEBUG o.h.internal.util.EntityPrinter - Listing entities:
19:33:13.024 [main] DEBUG o.h.internal.util.EntityPrinter - edu.ncsu.csc.itrust2.models.persistent.LogEntry{secondaryUser=null, logCode=5, primaryUser=logapitest, id=165, time=java.util.GregorianCalendar[time=1521660793021,areFieldsSet=true,areAllFieldsSet=true,lenient=true,zone=sun.util.calendar.ZoneInfo[id="Etc/UTC",offset=0,dstSavings=0,useDaylight=false,transitions=0,lastRule=null],firstDayOfWeek=1,minimalDaysInFirstWeek=1,ERA=1,YEAR=2018,MONTH=2,WEEK_OF_YEAR=12,WEEK_OF_MONTH=4,DAY_OF_MONTH=21,DAY_OF_YEAR=80,DAY_OF_WEEK=4,DAY_OF_WEEK_IN_MONTH=3,AM_PM=1,HOUR=7,HOUR_OF_DAY=19,MINUTE=33,SECOND=13,MILLISECOND=21,ZONE_OFFSET=0,DST_OFFSET=0], message=null}
19:33:13.025 [main] DEBUG org.hibernate.SQL - insert into LogEntries (logCode, message, primaryUser, secondaryUser, time, id) values (?, ?, ?, ?, ?, ?)
Hibernate: insert into LogEntries (logCode, message, primaryUser, secondaryUser, time, id) values (?, ?, ?, ?, ?, ?)
19:33:13.026 [main] DEBUG o.h.e.j.internal.JdbcCoordinatorImpl - HHH000420: Closing un-released batch
19:33:13.026 [main] DEBUG o.h.e.t.internal.TransactionImpl - begin
19:33:13.026 [main] DEBUG org.hibernate.SQL - select next_val as id_val from hibernate_sequence for update
Hibernate: select next_val as id_val from hibernate_sequence for update
19:33:13.027 [main] DEBUG org.hibernate.SQL - update hibernate_sequence set next_val= ? where next_val=?
Hibernate: update hibernate_sequence set next_val= ? where next_val=?
19:33:13.028 [main] DEBUG o.h.e.i.AbstractSaveEventListener - Generated identifier: 166, using strategy: org.hibernate.id.enhanced.SequenceStyleGenerator
19:33:13.028 [main] DEBUG o.h.e.t.internal.TransactionImpl - committing
19:33:13.028 [main] DEBUG o.h.e.i.AbstractFlushingEventListener - Processing flush-time cascades
19:33:13.028 [main] DEBUG o.h.e.i.AbstractFlushingEventListener - Dirty checking collections
19:33:13.028 [main] DEBUG o.h.e.i.AbstractFlushingEventListener - Flushed: 1 insertions, 0 updates, 0 deletions to 1 objects
19:33:13.028 [main] DEBUG o.h.e.i.AbstractFlushingEventListener - Flushed: 0 (re)creations, 0 updates, 0 removals to 0 collections
19:33:13.028 [main] DEBUG o.h.internal.util.EntityPrinter - Listing entities:
19:33:13.028 [main] DEBUG o.h.internal.util.EntityPrinter - edu.ncsu.csc.itrust2.models.persistent.LogEntry{secondaryUser=null, logCode=5, primaryUser=logapitest, id=166, time=java.util.GregorianCalendar[time=1521660793026,areFieldsSet=true,areAllFieldsSet=true,lenient=true,zone=sun.util.calendar.ZoneInfo[id="Etc/UTC",offset=0,dstSavings=0,useDaylight=false,transitions=0,lastRule=null],firstDayOfWeek=1,minimalDaysInFirstWeek=1,ERA=1,YEAR=2018,MONTH=2,WEEK_OF_YEAR=12,WEEK_OF_MONTH=4,DAY_OF_MONTH=21,DAY_OF_YEAR=80,DAY_OF_WEEK=4,DAY_OF_WEEK_IN_MONTH=3,AM_PM=1,HOUR=7,HOUR_OF_DAY=19,MINUTE=33,SECOND=13,MILLISECOND=26,ZONE_OFFSET=0,DST_OFFSET=0], message=null}
19:33:13.029 [main] DEBUG org.hibernate.SQL - insert into LogEntries (logCode, message, primaryUser, secondaryUser, time, id) values (?, ?, ?, ?, ?, ?)
Hibernate: insert into LogEntries (logCode, message, primaryUser, secondaryUser, time, id) values (?, ?, ?, ?, ?, ?)
19:33:13.030 [main] DEBUG o.h.e.j.internal.JdbcCoordinatorImpl - HHH000420: Closing un-released batch
19:33:13.030 [main] DEBUG o.h.e.t.internal.TransactionImpl - begin
19:33:13.034 [main] DEBUG org.hibernate.SQL - select next_val as id_val from hibernate_sequence for update
Hibernate: select next_val as id_val from hibernate_sequence for update
19:33:13.035 [main] DEBUG org.hibernate.SQL - update hibernate_sequence set next_val= ? where next_val=?
Hibernate: update hibernate_sequence set next_val= ? where next_val=?
19:33:13.036 [main] DEBUG o.h.e.i.AbstractSaveEventListener - Generated identifier: 167, using strategy: org.hibernate.id.enhanced.SequenceStyleGenerator
19:33:13.036 [main] DEBUG o.h.e.t.internal.TransactionImpl - committing
19:33:13.036 [main] DEBUG o.h.e.i.AbstractFlushingEventListener - Processing flush-time cascades
19:33:13.036 [main] DEBUG o.h.e.i.AbstractFlushingEventListener - Dirty checking collections
19:33:13.036 [main] DEBUG o.h.e.i.AbstractFlushingEventListener - Flushed: 1 insertions, 0 updates, 0 deletions to 1 objects
19:33:13.036 [main] DEBUG o.h.e.i.AbstractFlushingEventListener - Flushed: 0 (re)creations, 0 updates, 0 removals to 0 collections
19:33:13.036 [main] DEBUG o.h.internal.util.EntityPrinter - Listing entities:
19:33:13.036 [main] DEBUG o.h.internal.util.EntityPrinter - edu.ncsu.csc.itrust2.models.persistent.LogEntry{secondaryUser=null, logCode=5, primaryUser=logapitest, id=167, time=java.util.GregorianCalendar[time=1521660793030,areFieldsSet=true,areAllFieldsSet=true,lenient=true,zone=sun.util.calendar.ZoneInfo[id="Etc/UTC",offset=0,dstSavings=0,useDaylight=false,transitions=0,lastRule=null],firstDayOfWeek=1,minimalDaysInFirstWeek=1,ERA=1,YEAR=2018,MONTH=2,WEEK_OF_YEAR=12,WEEK_OF_MONTH=4,DAY_OF_MONTH=21,DAY_OF_YEAR=80,DAY_OF_WEEK=4,DAY_OF_WEEK_IN_MONTH=3,AM_PM=1,HOUR=7,HOUR_OF_DAY=19,MINUTE=33,SECOND=13,MILLISECOND=30,ZONE_OFFSET=0,DST_OFFSET=0], message=null}
19:33:13.037 [main] DEBUG org.hibernate.SQL - insert into LogEntries (logCode, message, primaryUser, secondaryUser, time, id) values (?, ?, ?, ?, ?, ?)
Hibernate: insert into LogEntries (logCode, message, primaryUser, secondaryUser, time, id) values (?, ?, ?, ?, ?, ?)
19:33:13.038 [main] DEBUG o.h.e.j.internal.JdbcCoordinatorImpl - HHH000420: Closing un-released batch
19:33:13.043 [main] DEBUG o.h.e.t.internal.TransactionImpl - begin
19:33:13.044 [main] DEBUG org.hibernate.SQL - select next_val as id_val from hibernate_sequence for update
Hibernate: select next_val as id_val from hibernate_sequence for update
19:33:13.044 [main] DEBUG org.hibernate.SQL - update hibernate_sequence set next_val= ? where next_val=?
Hibernate: update hibernate_sequence set next_val= ? where next_val=?
19:33:13.045 [main] DEBUG o.h.e.i.AbstractSaveEventListener - Generated identifier: 168, using strategy: org.hibernate.id.enhanced.SequenceStyleGenerator
19:33:13.045 [main] DEBUG o.h.e.t.internal.TransactionImpl - committing
19:33:13.045 [main] DEBUG o.h.e.i.AbstractFlushingEventListener - Processing flush-time cascades
19:33:13.045 [main] DEBUG o.h.e.i.AbstractFlushingEventListener - Dirty checking collections
19:33:13.045 [main] DEBUG o.h.e.i.AbstractFlushingEventListener - Flushed: 1 insertions, 0 updates, 0 deletions to 1 objects
19:33:13.045 [main] DEBUG o.h.e.i.AbstractFlushingEventListener - Flushed: 0 (re)creations, 0 updates, 0 removals to 0 collections
19:33:13.045 [main] DEBUG o.h.internal.util.EntityPrinter - Listing entities:
19:33:13.046 [main] DEBUG o.h.internal.util.EntityPrinter - edu.ncsu.csc.itrust2.models.persistent.LogEntry{secondaryUser=null, logCode=5, primaryUser=logapitest, id=168, time=java.util.GregorianCalendar[time=1521660793043,areFieldsSet=true,areAllFieldsSet=true,lenient=true,zone=sun.util.calendar.ZoneInfo[id="Etc/UTC",offset=0,dstSavings=0,useDaylight=false,transitions=0,lastRule=null],firstDayOfWeek=1,minimalDaysInFirstWeek=1,ERA=1,YEAR=2018,MONTH=2,WEEK_OF_YEAR=12,WEEK_OF_MONTH=4,DAY_OF_MONTH=21,DAY_OF_YEAR=80,DAY_OF_WEEK=4,DAY_OF_WEEK_IN_MONTH=3,AM_PM=1,HOUR=7,HOUR_OF_DAY=19,MINUTE=33,SECOND=13,MILLISECOND=43,ZONE_OFFSET=0,DST_OFFSET=0], message=null}
19:33:13.046 [main] DEBUG org.hibernate.SQL - insert into LogEntries (logCode, message, primaryUser, secondaryUser, time, id) values (?, ?, ?, ?, ?, ?)
Hibernate: insert into LogEntries (logCode, message, primaryUser, secondaryUser, time, id) values (?, ?, ?, ?, ?, ?)
19:33:13.047 [main] DEBUG o.h.e.j.internal.JdbcCoordinatorImpl - HHH000420: Closing un-released batch
19:33:13.047 [main] DEBUG o.h.e.t.internal.TransactionImpl - begin
19:33:13.048 [main] DEBUG org.hibernate.SQL - select next_val as id_val from hibernate_sequence for update
Hibernate: select next_val as id_val from hibernate_sequence for update
19:33:13.048 [main] DEBUG org.hibernate.SQL - update hibernate_sequence set next_val= ? where next_val=?
Hibernate: update hibernate_sequence set next_val= ? where next_val=?
19:33:13.049 [main] DEBUG o.h.e.i.AbstractSaveEventListener - Generated identifier: 169, using strategy: org.hibernate.id.enhanced.SequenceStyleGenerator
19:33:13.049 [main] DEBUG o.h.e.t.internal.TransactionImpl - committing
19:33:13.049 [main] DEBUG o.h.e.i.AbstractFlushingEventListener - Processing flush-time cascades
19:33:13.049 [main] DEBUG o.h.e.i.AbstractFlushingEventListener - Dirty checking collections
19:33:13.050 [main] DEBUG o.h.e.i.AbstractFlushingEventListener - Flushed: 1 insertions, 0 updates, 0 deletions to 1 objects
19:33:13.050 [main] DEBUG o.h.e.i.AbstractFlushingEventListener - Flushed: 0 (re)creations, 0 updates, 0 removals to 0 collections
19:33:13.050 [main] DEBUG o.h.internal.util.EntityPrinter - Listing entities:
19:33:13.050 [main] DEBUG o.h.internal.util.EntityPrinter - edu.ncsu.csc.itrust2.models.persistent.LogEntry{secondaryUser=null, logCode=5, primaryUser=logapitest, id=169, time=java.util.GregorianCalendar[time=1521660793047,areFieldsSet=true,areAllFieldsSet=true,lenient=true,zone=sun.util.calendar.ZoneInfo[id="Etc/UTC",offset=0,dstSavings=0,useDaylight=false,transitions=0,lastRule=null],firstDayOfWeek=1,minimalDaysInFirstWeek=1,ERA=1,YEAR=2018,MONTH=2,WEEK_OF_YEAR=12,WEEK_OF_MONTH=4,DAY_OF_MONTH=21,DAY_OF_YEAR=80,DAY_OF_WEEK=4,DAY_OF_WEEK_IN_MONTH=3,AM_PM=1,HOUR=7,HOUR_OF_DAY=19,MINUTE=33,SECOND=13,MILLISECOND=47,ZONE_OFFSET=0,DST_OFFSET=0], message=null}
19:33:13.050 [main] DEBUG org.hibernate.SQL - insert into LogEntries (logCode, message, primaryUser, secondaryUser, time, id) values (?, ?, ?, ?, ?, ?)
Hibernate: insert into LogEntries (logCode, message, primaryUser, secondaryUser, time, id) values (?, ?, ?, ?, ?, ?)
19:33:13.052 [main] DEBUG o.h.e.j.internal.JdbcCoordinatorImpl - HHH000420: Closing un-released batch
19:33:13.052 [main] DEBUG o.h.e.t.internal.TransactionImpl - begin
19:33:13.052 [main] DEBUG org.hibernate.SQL - select next_val as id_val from hibernate_sequence for update
Hibernate: select next_val as id_val from hibernate_sequence for update
19:33:13.053 [main] DEBUG org.hibernate.SQL - update hibernate_sequence set next_val= ? where next_val=?
Hibernate: update hibernate_sequence set next_val= ? where next_val=?
19:33:13.054 [main] DEBUG o.h.e.i.AbstractSaveEventListener - Generated identifier: 170, using strategy: org.hibernate.id.enhanced.SequenceStyleGenerator
19:33:13.054 [main] DEBUG o.h.e.t.internal.TransactionImpl - committing
19:33:13.054 [main] DEBUG o.h.e.i.AbstractFlushingEventListener - Processing flush-time cascades
19:33:13.054 [main] DEBUG o.h.e.i.AbstractFlushingEventListener - Dirty checking collections
19:33:13.054 [main] DEBUG o.h.e.i.AbstractFlushingEventListener - Flushed: 1 insertions, 0 updates, 0 deletions to 1 objects
19:33:13.054 [main] DEBUG o.h.e.i.AbstractFlushingEventListener - Flushed: 0 (re)creations, 0 updates, 0 removals to 0 collections
19:33:13.054 [main] DEBUG o.h.internal.util.EntityPrinter - Listing entities:
19:33:13.054 [main] DEBUG o.h.internal.util.EntityPrinter - edu.ncsu.csc.itrust2.models.persistent.LogEntry{secondaryUser=null, logCode=5, primaryUser=logapitest, id=170, time=java.util.GregorianCalendar[time=1521660793052,areFieldsSet=true,areAllFieldsSet=true,lenient=true,zone=sun.util.calendar.ZoneInfo[id="Etc/UTC",offset=0,dstSavings=0,useDaylight=false,transitions=0,lastRule=null],firstDayOfWeek=1,minimalDaysInFirstWeek=1,ERA=1,YEAR=2018,MONTH=2,WEEK_OF_YEAR=12,WEEK_OF_MONTH=4,DAY_OF_MONTH=21,DAY_OF_YEAR=80,DAY_OF_WEEK=4,DAY_OF_WEEK_IN_MONTH=3,AM_PM=1,HOUR=7,HOUR_OF_DAY=19,MINUTE=33,SECOND=13,MILLISECOND=52,ZONE_OFFSET=0,DST_OFFSET=0], message=null}
19:33:13.055 [main] DEBUG org.hibernate.SQL - insert into LogEntries (logCode, message, primaryUser, secondaryUser, time, id) values (?, ?, ?, ?, ?, ?)
Hibernate: insert into LogEntries (logCode, message, primaryUser, secondaryUser, time, id) values (?, ?, ?, ?, ?, ?)
19:33:13.056 [main] DEBUG o.h.e.j.internal.JdbcCoordinatorImpl - HHH000420: Closing un-released batch
19:33:13.056 [main] DEBUG o.h.e.t.internal.TransactionImpl - begin
19:33:13.064 [main] DEBUG org.hibernate.SQL - select next_val as id_val from hibernate_sequence for update
Hibernate: select next_val as id_val from hibernate_sequence for update
19:33:13.064 [main] DEBUG org.hibernate.SQL - update hibernate_sequence set next_val= ? where next_val=?
Hibernate: update hibernate_sequence set next_val= ? where next_val=?
19:33:13.065 [main] DEBUG o.h.e.i.AbstractSaveEventListener - Generated identifier: 171, using strategy: org.hibernate.id.enhanced.SequenceStyleGenerator
19:33:13.065 [main] DEBUG o.h.e.t.internal.TransactionImpl - committing
19:33:13.065 [main] DEBUG o.h.e.i.AbstractFlushingEventListener - Processing flush-time cascades
19:33:13.065 [main] DEBUG o.h.e.i.AbstractFlushingEventListener - Dirty checking collections
19:33:13.065 [main] DEBUG o.h.e.i.AbstractFlushingEventListener - Flushed: 1 insertions, 0 updates, 0 deletions to 1 objects
19:33:13.066 [main] DEBUG o.h.e.i.AbstractFlushingEventListener - Flushed: 0 (re)creations, 0 updates, 0 removals to 0 collections
19:33:13.066 [main] DEBUG o.h.internal.util.EntityPrinter - Listing entities:
19:33:13.066 [main] DEBUG o.h.internal.util.EntityPrinter - edu.ncsu.csc.itrust2.models.persistent.LogEntry{secondaryUser=null, logCode=5, primaryUser=logapitest, id=171, time=java.util.GregorianCalendar[time=1521660793056,areFieldsSet=true,areAllFieldsSet=true,lenient=true,zone=sun.util.calendar.ZoneInfo[id="Etc/UTC",offset=0,dstSavings=0,useDaylight=false,transitions=0,lastRule=null],firstDayOfWeek=1,minimalDaysInFirstWeek=1,ERA=1,YEAR=2018,MONTH=2,WEEK_OF_YEAR=12,WEEK_OF_MONTH=4,DAY_OF_MONTH=21,DAY_OF_YEAR=80,DAY_OF_WEEK=4,DAY_OF_WEEK_IN_MONTH=3,AM_PM=1,HOUR=7,HOUR_OF_DAY=19,MINUTE=33,SECOND=13,MILLISECOND=56,ZONE_OFFSET=0,DST_OFFSET=0], message=null}
19:33:13.066 [main] DEBUG org.hibernate.SQL - insert into LogEntries (logCode, message, primaryUser, secondaryUser, time, id) values (?, ?, ?, ?, ?, ?)
Hibernate: insert into LogEntries (logCode, message, primaryUser, secondaryUser, time, id) values (?, ?, ?, ?, ?, ?)
19:33:13.067 [main] DEBUG o.h.e.j.internal.JdbcCoordinatorImpl - HHH000420: Closing un-released batch
19:33:13.068 [main] DEBUG o.h.e.t.internal.TransactionImpl - begin
19:33:13.068 [main] DEBUG org.hibernate.SQL - select next_val as id_val from hibernate_sequence for update
Hibernate: select next_val as id_val from hibernate_sequence for update
19:33:13.069 [main] DEBUG org.hibernate.SQL - update hibernate_sequence set next_val= ? where next_val=?
Hibernate: update hibernate_sequence set next_val= ? where next_val=?
19:33:13.069 [main] DEBUG o.h.e.i.AbstractSaveEventListener - Generated identifier: 172, using strategy: org.hibernate.id.enhanced.SequenceStyleGenerator
19:33:13.069 [main] DEBUG o.h.e.t.internal.TransactionImpl - committing
19:33:13.070 [main] DEBUG o.h.e.i.AbstractFlushingEventListener - Processing flush-time cascades
19:33:13.070 [main] DEBUG o.h.e.i.AbstractFlushingEventListener - Dirty checking collections
19:33:13.070 [main] DEBUG o.h.e.i.AbstractFlushingEventListener - Flushed: 1 insertions, 0 updates, 0 deletions to 1 objects
19:33:13.070 [main] DEBUG o.h.e.i.AbstractFlushingEventListener - Flushed: 0 (re)creations, 0 updates, 0 removals to 0 collections
19:33:13.070 [main] DEBUG o.h.internal.util.EntityPrinter - Listing entities:
19:33:13.070 [main] DEBUG o.h.internal.util.EntityPrinter - edu.ncsu.csc.itrust2.models.persistent.LogEntry{secondaryUser=null, logCode=5, primaryUser=logapitest, id=172, time=java.util.GregorianCalendar[time=1521660793068,areFieldsSet=true,areAllFieldsSet=true,lenient=true,zone=sun.util.calendar.ZoneInfo[id="Etc/UTC",offset=0,dstSavings=0,useDaylight=false,transitions=0,lastRule=null],firstDayOfWeek=1,minimalDaysInFirstWeek=1,ERA=1,YEAR=2018,MONTH=2,WEEK_OF_YEAR=12,WEEK_OF_MONTH=4,DAY_OF_MONTH=21,DAY_OF_YEAR=80,DAY_OF_WEEK=4,DAY_OF_WEEK_IN_MONTH=3,AM_PM=1,HOUR=7,HOUR_OF_DAY=19,MINUTE=33,SECOND=13,MILLISECOND=68,ZONE_OFFSET=0,DST_OFFSET=0], message=null}
19:33:13.070 [main] DEBUG org.hibernate.SQL - insert into LogEntries (logCode, message, primaryUser, secondaryUser, time, id) values (?, ?, ?, ?, ?, ?)
Hibernate: insert into LogEntries (logCode, message, primaryUser, secondaryUser, time, id) values (?, ?, ?, ?, ?, ?)
19:33:13.072 [main] DEBUG o.h.e.j.internal.JdbcCoordinatorImpl - HHH000420: Closing un-released batch
19:33:13.072 [main] DEBUG o.h.e.t.internal.TransactionImpl - begin
19:33:13.073 [main] DEBUG org.hibernate.SQL - select next_val as id_val from hibernate_sequence for update
Hibernate: select next_val as id_val from hibernate_sequence for update
19:33:13.073 [main] DEBUG org.hibernate.SQL - update hibernate_sequence set next_val= ? where next_val=?
Hibernate: update hibernate_sequence set next_val= ? where next_val=?
19:33:13.074 [main] DEBUG o.h.e.i.AbstractSaveEventListener - Generated identifier: 173, using strategy: org.hibernate.id.enhanced.SequenceStyleGenerator
19:33:13.074 [main] DEBUG o.h.e.t.internal.TransactionImpl - committing
19:33:13.074 [main] DEBUG o.h.e.i.AbstractFlushingEventListener - Processing flush-time cascades
19:33:13.074 [main] DEBUG o.h.e.i.AbstractFlushingEventListener - Dirty checking collections
19:33:13.074 [main] DEBUG o.h.e.i.AbstractFlushingEventListener - Flushed: 1 insertions, 0 updates, 0 deletions to 1 objects
19:33:13.074 [main] DEBUG o.h.e.i.AbstractFlushingEventListener - Flushed: 0 (re)creations, 0 updates, 0 removals to 0 collections
19:33:13.074 [main] DEBUG o.h.internal.util.EntityPrinter - Listing entities:
19:33:13.074 [main] DEBUG o.h.internal.util.EntityPrinter - edu.ncsu.csc.itrust2.models.persistent.LogEntry{secondaryUser=null, logCode=5, primaryUser=logapitest, id=173, time=java.util.GregorianCalendar[time=1521660793072,areFieldsSet=true,areAllFieldsSet=true,lenient=true,zone=sun.util.calendar.ZoneInfo[id="Etc/UTC",offset=0,dstSavings=0,useDaylight=false,transitions=0,lastRule=null],firstDayOfWeek=1,minimalDaysInFirstWeek=1,ERA=1,YEAR=2018,MONTH=2,WEEK_OF_YEAR=12,WEEK_OF_MONTH=4,DAY_OF_MONTH=21,DAY_OF_YEAR=80,DAY_OF_WEEK=4,DAY_OF_WEEK_IN_MONTH=3,AM_PM=1,HOUR=7,HOUR_OF_DAY=19,MINUTE=33,SECOND=13,MILLISECOND=72,ZONE_OFFSET=0,DST_OFFSET=0], message=null}
19:33:13.075 [main] DEBUG org.hibernate.SQL - insert into LogEntries (logCode, message, primaryUser, secondaryUser, time, id) values (?, ?, ?, ?, ?, ?)
Hibernate: insert into LogEntries (logCode, message, primaryUser, secondaryUser, time, id) values (?, ?, ?, ?, ?, ?)
19:33:13.084 [main] DEBUG o.h.e.j.internal.JdbcCoordinatorImpl - HHH000420: Closing un-released batch
19:33:13.084 [main] DEBUG o.h.e.t.internal.TransactionImpl - begin
19:33:13.085 [main] DEBUG org.hibernate.SQL - select next_val as id_val from hibernate_sequence for update
Hibernate: select next_val as id_val from hibernate_sequence for update
19:33:13.085 [main] DEBUG org.hibernate.SQL - update hibernate_sequence set next_val= ? where next_val=?
Hibernate: update hibernate_sequence set next_val= ? where next_val=?
19:33:13.086 [main] DEBUG o.h.e.i.AbstractSaveEventListener - Generated identifier: 174, using strategy: org.hibernate.id.enhanced.SequenceStyleGenerator
19:33:13.086 [main] DEBUG o.h.e.t.internal.TransactionImpl - committing
19:33:13.086 [main] DEBUG o.h.e.i.AbstractFlushingEventListener - Processing flush-time cascades
19:33:13.086 [main] DEBUG o.h.e.i.AbstractFlushingEventListener - Dirty checking collections
19:33:13.086 [main] DEBUG o.h.e.i.AbstractFlushingEventListener - Flushed: 1 insertions, 0 updates, 0 deletions to 1 objects
19:33:13.086 [main] DEBUG o.h.e.i.AbstractFlushingEventListener - Flushed: 0 (re)creations, 0 updates, 0 removals to 0 collections
19:33:13.086 [main] DEBUG o.h.internal.util.EntityPrinter - Listing entities:
19:33:13.086 [main] DEBUG o.h.internal.util.EntityPrinter - edu.ncsu.csc.itrust2.models.persistent.LogEntry{secondaryUser=null, logCode=5, primaryUser=logapitest, id=174, time=java.util.GregorianCalendar[time=1521660793084,areFieldsSet=true,areAllFieldsSet=true,lenient=true,zone=sun.util.calendar.ZoneInfo[id="Etc/UTC",offset=0,dstSavings=0,useDaylight=false,transitions=0,lastRule=null],firstDayOfWeek=1,minimalDaysInFirstWeek=1,ERA=1,YEAR=2018,MONTH=2,WEEK_OF_YEAR=12,WEEK_OF_MONTH=4,DAY_OF_MONTH=21,DAY_OF_YEAR=80,DAY_OF_WEEK=4,DAY_OF_WEEK_IN_MONTH=3,AM_PM=1,HOUR=7,HOUR_OF_DAY=19,MINUTE=33,SECOND=13,MILLISECOND=84,ZONE_OFFSET=0,DST_OFFSET=0], message=null}
19:33:13.087 [main] DEBUG org.hibernate.SQL - insert into LogEntries (logCode, message, primaryUser, secondaryUser, time, id) values (?, ?, ?, ?, ?, ?)
Hibernate: insert into LogEntries (logCode, message, primaryUser, secondaryUser, time, id) values (?, ?, ?, ?, ?, ?)
19:33:13.089 [main] DEBUG o.h.e.j.internal.JdbcCoordinatorImpl - HHH000420: Closing un-released batch
19:33:13.090 [main] DEBUG o.h.e.t.internal.TransactionImpl - begin
19:33:13.090 [main] DEBUG org.hibernate.SQL - select next_val as id_val from hibernate_sequence for update
Hibernate: select next_val as id_val from hibernate_sequence for update
19:33:13.090 [main] DEBUG org.hibernate.SQL - update hibernate_sequence set next_val= ? where next_val=?
Hibernate: update hibernate_sequence set next_val= ? where next_val=?
19:33:13.091 [main] DEBUG o.h.e.i.AbstractSaveEventListener - Generated identifier: 175, using strategy: org.hibernate.id.enhanced.SequenceStyleGenerator
19:33:13.092 [main] DEBUG o.h.e.t.internal.TransactionImpl - committing
19:33:13.092 [main] DEBUG o.h.e.i.AbstractFlushingEventListener - Processing flush-time cascades
19:33:13.092 [main] DEBUG o.h.e.i.AbstractFlushingEventListener - Dirty checking collections
19:33:13.092 [main] DEBUG o.h.e.i.AbstractFlushingEventListener - Flushed: 1 insertions, 0 updates, 0 deletions to 1 objects
19:33:13.092 [main] DEBUG o.h.e.i.AbstractFlushingEventListener - Flushed: 0 (re)creations, 0 updates, 0 removals to 0 collections
19:33:13.092 [main] DEBUG o.h.internal.util.EntityPrinter - Listing entities:
19:33:13.092 [main] DEBUG o.h.internal.util.EntityPrinter - edu.ncsu.csc.itrust2.models.persistent.LogEntry{secondaryUser=null, logCode=5, primaryUser=logapitest, id=175, time=java.util.GregorianCalendar[time=1521660793090,areFieldsSet=true,areAllFieldsSet=true,lenient=true,zone=sun.util.calendar.ZoneInfo[id="Etc/UTC",offset=0,dstSavings=0,useDaylight=false,transitions=0,lastRule=null],firstDayOfWeek=1,minimalDaysInFirstWeek=1,ERA=1,YEAR=2018,MONTH=2,WEEK_OF_YEAR=12,WEEK_OF_MONTH=4,DAY_OF_MONTH=21,DAY_OF_YEAR=80,DAY_OF_WEEK=4,DAY_OF_WEEK_IN_MONTH=3,AM_PM=1,HOUR=7,HOUR_OF_DAY=19,MINUTE=33,SECOND=13,MILLISECOND=90,ZONE_OFFSET=0,DST_OFFSET=0], message=null}
19:33:13.092 [main] DEBUG org.hibernate.SQL - insert into LogEntries (logCode, message, primaryUser, secondaryUser, time, id) values (?, ?, ?, ?, ?, ?)
Hibernate: insert into LogEntries (logCode, message, primaryUser, secondaryUser, time, id) values (?, ?, ?, ?, ?, ?)
19:33:13.093 [main] DEBUG o.h.e.j.internal.JdbcCoordinatorImpl - HHH000420: Closing un-released batch
19:33:13.094 [main] DEBUG o.h.e.t.internal.TransactionImpl - begin
19:33:13.094 [main] DEBUG org.hibernate.SQL - select next_val as id_val from hibernate_sequence for update
Hibernate: select next_val as id_val from hibernate_sequence for update
19:33:13.095 [main] DEBUG org.hibernate.SQL - update hibernate_sequence set next_val= ? where next_val=?
Hibernate: update hibernate_sequence set next_val= ? where next_val=?
19:33:13.096 [main] DEBUG o.h.e.i.AbstractSaveEventListener - Generated identifier: 176, using strategy: org.hibernate.id.enhanced.SequenceStyleGenerator
19:33:13.096 [main] DEBUG o.h.e.t.internal.TransactionImpl - committing
19:33:13.096 [main] DEBUG o.h.e.i.AbstractFlushingEventListener - Processing flush-time cascades
19:33:13.096 [main] DEBUG o.h.e.i.AbstractFlushingEventListener - Dirty checking collections
19:33:13.096 [main] DEBUG o.h.e.i.AbstractFlushingEventListener - Flushed: 1 insertions, 0 updates, 0 deletions to 1 objects
19:33:13.096 [main] DEBUG o.h.e.i.AbstractFlushingEventListener - Flushed: 0 (re)creations, 0 updates, 0 removals to 0 collections
19:33:13.096 [main] DEBUG o.h.internal.util.EntityPrinter - Listing entities:
19:33:13.096 [main] DEBUG o.h.internal.util.EntityPrinter - edu.ncsu.csc.itrust2.models.persistent.LogEntry{secondaryUser=null, logCode=5, primaryUser=logapitest, id=176, time=java.util.GregorianCalendar[time=1521660793094,areFieldsSet=true,areAllFieldsSet=true,lenient=true,zone=sun.util.calendar.ZoneInfo[id="Etc/UTC",offset=0,dstSavings=0,useDaylight=false,transitions=0,lastRule=null],firstDayOfWeek=1,minimalDaysInFirstWeek=1,ERA=1,YEAR=2018,MONTH=2,WEEK_OF_YEAR=12,WEEK_OF_MONTH=4,DAY_OF_MONTH=21,DAY_OF_YEAR=80,DAY_OF_WEEK=4,DAY_OF_WEEK_IN_MONTH=3,AM_PM=1,HOUR=7,HOUR_OF_DAY=19,MINUTE=33,SECOND=13,MILLISECOND=94,ZONE_OFFSET=0,DST_OFFSET=0], message=null}
19:33:13.103 [main] DEBUG org.hibernate.SQL - insert into LogEntries (logCode, message, primaryUser, secondaryUser, time, id) values (?, ?, ?, ?, ?, ?)
Hibernate: insert into LogEntries (logCode, message, primaryUser, secondaryUser, time, id) values (?, ?, ?, ?, ?, ?)
19:33:13.105 [main] DEBUG o.h.e.j.internal.JdbcCoordinatorImpl - HHH000420: Closing un-released batch
19:33:13.106 [main] DEBUG o.h.e.t.internal.TransactionImpl - begin
19:33:13.107 [main] DEBUG org.hibernate.SQL - select next_val as id_val from hibernate_sequence for update
Hibernate: select next_val as id_val from hibernate_sequence for update
19:33:13.107 [main] DEBUG org.hibernate.SQL - update hibernate_sequence set next_val= ? where next_val=?
Hibernate: update hibernate_sequence set next_val= ? where next_val=?
19:33:13.108 [main] DEBUG o.h.e.i.AbstractSaveEventListener - Generated identifier: 177, using strategy: org.hibernate.id.enhanced.SequenceStyleGenerator
19:33:13.109 [main] DEBUG o.h.e.t.internal.TransactionImpl - committing
19:33:13.109 [main] DEBUG o.h.e.i.AbstractFlushingEventListener - Processing flush-time cascades
19:33:13.109 [main] DEBUG o.h.e.i.AbstractFlushingEventListener - Dirty checking collections
19:33:13.109 [main] DEBUG o.h.e.i.AbstractFlushingEventListener - Flushed: 1 insertions, 0 updates, 0 deletions to 1 objects
19:33:13.109 [main] DEBUG o.h.e.i.AbstractFlushingEventListener - Flushed: 0 (re)creations, 0 updates, 0 removals to 0 collections
19:33:13.109 [main] DEBUG o.h.internal.util.EntityPrinter - Listing entities:
19:33:13.109 [main] DEBUG o.h.internal.util.EntityPrinter - edu.ncsu.csc.itrust2.models.persistent.LogEntry{secondaryUser=null, logCode=5, primaryUser=logapitest, id=177, time=java.util.GregorianCalendar[time=1521660793106,areFieldsSet=true,areAllFieldsSet=true,lenient=true,zone=sun.util.calendar.ZoneInfo[id="Etc/UTC",offset=0,dstSavings=0,useDaylight=false,transitions=0,lastRule=null],firstDayOfWeek=1,minimalDaysInFirstWeek=1,ERA=1,YEAR=2018,MONTH=2,WEEK_OF_YEAR=12,WEEK_OF_MONTH=4,DAY_OF_MONTH=21,DAY_OF_YEAR=80,DAY_OF_WEEK=4,DAY_OF_WEEK_IN_MONTH=3,AM_PM=1,HOUR=7,HOUR_OF_DAY=19,MINUTE=33,SECOND=13,MILLISECOND=106,ZONE_OFFSET=0,DST_OFFSET=0], message=null}
19:33:13.110 [main] DEBUG org.hibernate.SQL - insert into LogEntries (logCode, message, primaryUser, secondaryUser, time, id) values (?, ?, ?, ?, ?, ?)
Hibernate: insert into LogEntries (logCode, message, primaryUser, secondaryUser, time, id) values (?, ?, ?, ?, ?, ?)
19:33:13.111 [main] DEBUG o.h.e.j.internal.JdbcCoordinatorImpl - HHH000420: Closing un-released batch
19:33:13.111 [main] DEBUG o.h.e.t.internal.TransactionImpl - begin
19:33:13.111 [main] DEBUG org.hibernate.SQL - select next_val as id_val from hibernate_sequence for update
Hibernate: select next_val as id_val from hibernate_sequence for update
19:33:13.112 [main] DEBUG org.hibernate.SQL - update hibernate_sequence set next_val= ? where next_val=?
Hibernate: update hibernate_sequence set next_val= ? where next_val=?
19:33:13.113 [main] DEBUG o.h.e.i.AbstractSaveEventListener - Generated identifier: 178, using strategy: org.hibernate.id.enhanced.SequenceStyleGenerator
19:33:13.113 [main] DEBUG o.h.e.t.internal.TransactionImpl - committing
19:33:13.113 [main] DEBUG o.h.e.i.AbstractFlushingEventListener - Processing flush-time cascades
19:33:13.113 [main] DEBUG o.h.e.i.AbstractFlushingEventListener - Dirty checking collections
19:33:13.113 [main] DEBUG o.h.e.i.AbstractFlushingEventListener - Flushed: 1 insertions, 0 updates, 0 deletions to 1 objects
19:33:13.113 [main] DEBUG o.h.e.i.AbstractFlushingEventListener - Flushed: 0 (re)creations, 0 updates, 0 removals to 0 collections
19:33:13.113 [main] DEBUG o.h.internal.util.EntityPrinter - Listing entities:
19:33:13.113 [main] DEBUG o.h.internal.util.EntityPrinter - edu.ncsu.csc.itrust2.models.persistent.LogEntry{secondaryUser=null, logCode=5, primaryUser=logapitest, id=178, time=java.util.GregorianCalendar[time=1521660793111,areFieldsSet=true,areAllFieldsSet=true,lenient=true,zone=sun.util.calendar.ZoneInfo[id="Etc/UTC",offset=0,dstSavings=0,useDaylight=false,transitions=0,lastRule=null],firstDayOfWeek=1,minimalDaysInFirstWeek=1,ERA=1,YEAR=2018,MONTH=2,WEEK_OF_YEAR=12,WEEK_OF_MONTH=4,DAY_OF_MONTH=21,DAY_OF_YEAR=80,DAY_OF_WEEK=4,DAY_OF_WEEK_IN_MONTH=3,AM_PM=1,HOUR=7,HOUR_OF_DAY=19,MINUTE=33,SECOND=13,MILLISECOND=111,ZONE_OFFSET=0,DST_OFFSET=0], message=null}
19:33:13.114 [main] DEBUG org.hibernate.SQL - insert into LogEntries (logCode, message, primaryUser, secondaryUser, time, id) values (?, ?, ?, ?, ?, ?)
Hibernate: insert into LogEntries (logCode, message, primaryUser, secondaryUser, time, id) values (?, ?, ?, ?, ?, ?)
19:33:13.115 [main] DEBUG o.h.e.j.internal.JdbcCoordinatorImpl - HHH000420: Closing un-released batch
19:33:13.115 [main] DEBUG o.h.e.t.internal.TransactionImpl - begin
19:33:13.124 [main] DEBUG org.hibernate.SQL - select next_val as id_val from hibernate_sequence for update
Hibernate: select next_val as id_val from hibernate_sequence for update
19:33:13.124 [main] DEBUG org.hibernate.SQL - update hibernate_sequence set next_val= ? where next_val=?
Hibernate: update hibernate_sequence set next_val= ? where next_val=?
19:33:13.126 [main] DEBUG o.h.e.i.AbstractSaveEventListener - Generated identifier: 179, using strategy: org.hibernate.id.enhanced.SequenceStyleGenerator
19:33:13.126 [main] DEBUG o.h.e.t.internal.TransactionImpl - committing
19:33:13.126 [main] DEBUG o.h.e.i.AbstractFlushingEventListener - Processing flush-time cascades
19:33:13.127 [main] DEBUG o.h.e.i.AbstractFlushingEventListener - Dirty checking collections
19:33:13.127 [main] DEBUG o.h.e.i.AbstractFlushingEventListener - Flushed: 1 insertions, 0 updates, 0 deletions to 1 objects
19:33:13.127 [main] DEBUG o.h.e.i.AbstractFlushingEventListener - Flushed: 0 (re)creations, 0 updates, 0 removals to 0 collections
19:33:13.127 [main] DEBUG o.h.internal.util.EntityPrinter - Listing entities:
19:33:13.127 [main] DEBUG o.h.internal.util.EntityPrinter - edu.ncsu.csc.itrust2.models.persistent.LogEntry{secondaryUser=null, logCode=5, primaryUser=logapitest, id=179, time=java.util.GregorianCalendar[time=1521660793115,areFieldsSet=true,areAllFieldsSet=true,lenient=true,zone=sun.util.calendar.ZoneInfo[id="Etc/UTC",offset=0,dstSavings=0,useDaylight=false,transitions=0,lastRule=null],firstDayOfWeek=1,minimalDaysInFirstWeek=1,ERA=1,YEAR=2018,MONTH=2,WEEK_OF_YEAR=12,WEEK_OF_MONTH=4,DAY_OF_MONTH=21,DAY_OF_YEAR=80,DAY_OF_WEEK=4,DAY_OF_WEEK_IN_MONTH=3,AM_PM=1,HOUR=7,HOUR_OF_DAY=19,MINUTE=33,SECOND=13,MILLISECOND=115,ZONE_OFFSET=0,DST_OFFSET=0], message=null}
19:33:13.127 [main] DEBUG org.hibernate.SQL - insert into LogEntries (logCode, message, primaryUser, secondaryUser, time, id) values (?, ?, ?, ?, ?, ?)
Hibernate: insert into LogEntries (logCode, message, primaryUser, secondaryUser, time, id) values (?, ?, ?, ?, ?, ?)
19:33:13.128 [main] DEBUG o.h.e.j.internal.JdbcCoordinatorImpl - HHH000420: Closing un-released batch
19:33:13.129 [main] DEBUG o.h.e.t.internal.TransactionImpl - begin
19:33:13.129 [main] DEBUG org.hibernate.SQL - select next_val as id_val from hibernate_sequence for update
Hibernate: select next_val as id_val from hibernate_sequence for update
19:33:13.130 [main] DEBUG org.hibernate.SQL - update hibernate_sequence set next_val= ? where next_val=?
Hibernate: update hibernate_sequence set next_val= ? where next_val=?
19:33:13.130 [main] DEBUG o.h.e.i.AbstractSaveEventListener - Generated identifier: 180, using strategy: org.hibernate.id.enhanced.SequenceStyleGenerator
19:33:13.131 [main] DEBUG o.h.e.t.internal.TransactionImpl - committing
19:33:13.131 [main] DEBUG o.h.e.i.AbstractFlushingEventListener - Processing flush-time cascades
19:33:13.131 [main] DEBUG o.h.e.i.AbstractFlushingEventListener - Dirty checking collections
19:33:13.131 [main] DEBUG o.h.e.i.AbstractFlushingEventListener - Flushed: 1 insertions, 0 updates, 0 deletions to 1 objects
19:33:13.131 [main] DEBUG o.h.e.i.AbstractFlushingEventListener - Flushed: 0 (re)creations, 0 updates, 0 removals to 0 collections
19:33:13.131 [main] DEBUG o.h.internal.util.EntityPrinter - Listing entities:
19:33:13.131 [main] DEBUG o.h.internal.util.EntityPrinter - edu.ncsu.csc.itrust2.models.persistent.LogEntry{secondaryUser=null, logCode=5, primaryUser=logapitest, id=180, time=java.util.GregorianCalendar[time=1521660793129,areFieldsSet=true,areAllFieldsSet=true,lenient=true,zone=sun.util.calendar.ZoneInfo[id="Etc/UTC",offset=0,dstSavings=0,useDaylight=false,transitions=0,lastRule=null],firstDayOfWeek=1,minimalDaysInFirstWeek=1,ERA=1,YEAR=2018,MONTH=2,WEEK_OF_YEAR=12,WEEK_OF_MONTH=4,DAY_OF_MONTH=21,DAY_OF_YEAR=80,DAY_OF_WEEK=4,DAY_OF_WEEK_IN_MONTH=3,AM_PM=1,HOUR=7,HOUR_OF_DAY=19,MINUTE=33,SECOND=13,MILLISECOND=129,ZONE_OFFSET=0,DST_OFFSET=0], message=null}
19:33:13.131 [main] DEBUG org.hibernate.SQL - insert into LogEntries (logCode, message, primaryUser, secondaryUser, time, id) values (?, ?, ?, ?, ?, ?)
Hibernate: insert into LogEntries (logCode, message, primaryUser, secondaryUser, time, id) values (?, ?, ?, ?, ?, ?)
19:33:13.133 [main] DEBUG o.h.e.j.internal.JdbcCoordinatorImpl - HHH000420: Closing un-released batch
19:33:13.133 [main] DEBUG o.h.e.t.internal.TransactionImpl - begin
19:33:13.134 [main] DEBUG org.hibernate.SQL - select next_val as id_val from hibernate_sequence for update
Hibernate: select next_val as id_val from hibernate_sequence for update
19:33:13.134 [main] DEBUG org.hibernate.SQL - update hibernate_sequence set next_val= ? where next_val=?
Hibernate: update hibernate_sequence set next_val= ? where next_val=?
19:33:13.135 [main] DEBUG o.h.e.i.AbstractSaveEventListener - Generated identifier: 181, using strategy: org.hibernate.id.enhanced.SequenceStyleGenerator
19:33:13.135 [main] DEBUG o.h.e.t.internal.TransactionImpl - committing
19:33:13.135 [main] DEBUG o.h.e.i.AbstractFlushingEventListener - Processing flush-time cascades
19:33:13.135 [main] DEBUG o.h.e.i.AbstractFlushingEventListener - Dirty checking collections
19:33:13.135 [main] DEBUG o.h.e.i.AbstractFlushingEventListener - Flushed: 1 insertions, 0 updates, 0 deletions to 1 objects
19:33:13.135 [main] DEBUG o.h.e.i.AbstractFlushingEventListener - Flushed: 0 (re)creations, 0 updates, 0 removals to 0 collections
19:33:13.135 [main] DEBUG o.h.internal.util.EntityPrinter - Listing entities:
19:33:13.135 [main] DEBUG o.h.internal.util.EntityPrinter - edu.ncsu.csc.itrust2.models.persistent.LogEntry{secondaryUser=null, logCode=5, primaryUser=logapitest, id=181, time=java.util.GregorianCalendar[time=1521660793133,areFieldsSet=true,areAllFieldsSet=true,lenient=true,zone=sun.util.calendar.ZoneInfo[id="Etc/UTC",offset=0,dstSavings=0,useDaylight=false,transitions=0,lastRule=null],firstDayOfWeek=1,minimalDaysInFirstWeek=1,ERA=1,YEAR=2018,MONTH=2,WEEK_OF_YEAR=12,WEEK_OF_MONTH=4,DAY_OF_MONTH=21,DAY_OF_YEAR=80,DAY_OF_WEEK=4,DAY_OF_WEEK_IN_MONTH=3,AM_PM=1,HOUR=7,HOUR_OF_DAY=19,MINUTE=33,SECOND=13,MILLISECOND=133,ZONE_OFFSET=0,DST_OFFSET=0], message=null}
19:33:13.136 [main] DEBUG org.hibernate.SQL - insert into LogEntries (logCode, message, primaryUser, secondaryUser, time, id) values (?, ?, ?, ?, ?, ?)
Hibernate: insert into LogEntries (logCode, message, primaryUser, secondaryUser, time, id) values (?, ?, ?, ?, ?, ?)
19:33:13.144 [main] DEBUG o.h.e.j.internal.JdbcCoordinatorImpl - HHH000420: Closing un-released batch
19:33:13.144 [main] DEBUG o.h.e.t.internal.TransactionImpl - begin
19:33:13.145 [main] DEBUG org.hibernate.SQL - select next_val as id_val from hibernate_sequence for update
Hibernate: select next_val as id_val from hibernate_sequence for update
19:33:13.145 [main] DEBUG org.hibernate.SQL - update hibernate_sequence set next_val= ? where next_val=?
Hibernate: update hibernate_sequence set next_val= ? where next_val=?
19:33:13.146 [main] DEBUG o.h.e.i.AbstractSaveEventListener - Generated identifier: 182, using strategy: org.hibernate.id.enhanced.SequenceStyleGenerator
19:33:13.146 [main] DEBUG o.h.e.t.internal.TransactionImpl - committing
19:33:13.146 [main] DEBUG o.h.e.i.AbstractFlushingEventListener - Processing flush-time cascades
19:33:13.146 [main] DEBUG o.h.e.i.AbstractFlushingEventListener - Dirty checking collections
19:33:13.146 [main] DEBUG o.h.e.i.AbstractFlushingEventListener - Flushed: 1 insertions, 0 updates, 0 deletions to 1 objects
19:33:13.146 [main] DEBUG o.h.e.i.AbstractFlushingEventListener - Flushed: 0 (re)creations, 0 updates, 0 removals to 0 collections
19:33:13.146 [main] DEBUG o.h.internal.util.EntityPrinter - Listing entities:
19:33:13.146 [main] DEBUG o.h.internal.util.EntityPrinter - edu.ncsu.csc.itrust2.models.persistent.LogEntry{secondaryUser=null, logCode=5, primaryUser=logapitest, id=182, time=java.util.GregorianCalendar[time=1521660793144,areFieldsSet=true,areAllFieldsSet=true,lenient=true,zone=sun.util.calendar.ZoneInfo[id="Etc/UTC",offset=0,dstSavings=0,useDaylight=false,transitions=0,lastRule=null],firstDayOfWeek=1,minimalDaysInFirstWeek=1,ERA=1,YEAR=2018,MONTH=2,WEEK_OF_YEAR=12,WEEK_OF_MONTH=4,DAY_OF_MONTH=21,DAY_OF_YEAR=80,DAY_OF_WEEK=4,DAY_OF_WEEK_IN_MONTH=3,AM_PM=1,HOUR=7,HOUR_OF_DAY=19,MINUTE=33,SECOND=13,MILLISECOND=144,ZONE_OFFSET=0,DST_OFFSET=0], message=null}
19:33:13.147 [main] DEBUG org.hibernate.SQL - insert into LogEntries (logCode, message, primaryUser, secondaryUser, time, id) values (?, ?, ?, ?, ?, ?)
Hibernate: insert into LogEntries (logCode, message, primaryUser, secondaryUser, time, id) values (?, ?, ?, ?, ?, ?)
19:33:13.148 [main] DEBUG o.h.e.j.internal.JdbcCoordinatorImpl - HHH000420: Closing un-released batch
19:33:13.148 [main] DEBUG o.h.e.t.internal.TransactionImpl - begin
19:33:13.149 [main] DEBUG org.hibernate.SQL - select next_val as id_val from hibernate_sequence for update
Hibernate: select next_val as id_val from hibernate_sequence for update
19:33:13.149 [main] DEBUG org.hibernate.SQL - update hibernate_sequence set next_val= ? where next_val=?
Hibernate: update hibernate_sequence set next_val= ? where next_val=?
19:33:13.150 [main] DEBUG o.h.e.i.AbstractSaveEventListener - Generated identifier: 183, using strategy: org.hibernate.id.enhanced.SequenceStyleGenerator
19:33:13.150 [main] DEBUG o.h.e.t.internal.TransactionImpl - committing
19:33:13.150 [main] DEBUG o.h.e.i.AbstractFlushingEventListener - Processing flush-time cascades
19:33:13.150 [main] DEBUG o.h.e.i.AbstractFlushingEventListener - Dirty checking collections
19:33:13.150 [main] DEBUG o.h.e.i.AbstractFlushingEventListener - Flushed: 1 insertions, 0 updates, 0 deletions to 1 objects
19:33:13.150 [main] DEBUG o.h.e.i.AbstractFlushingEventListener - Flushed: 0 (re)creations, 0 updates, 0 removals to 0 collections
19:33:13.150 [main] DEBUG o.h.internal.util.EntityPrinter - Listing entities:
19:33:13.151 [main] DEBUG o.h.internal.util.EntityPrinter - edu.ncsu.csc.itrust2.models.persistent.LogEntry{secondaryUser=null, logCode=5, primaryUser=logapitest, id=183, time=java.util.GregorianCalendar[time=1521660793148,areFieldsSet=true,areAllFieldsSet=true,lenient=true,zone=sun.util.calendar.ZoneInfo[id="Etc/UTC",offset=0,dstSavings=0,useDaylight=false,transitions=0,lastRule=null],firstDayOfWeek=1,minimalDaysInFirstWeek=1,ERA=1,YEAR=2018,MONTH=2,WEEK_OF_YEAR=12,WEEK_OF_MONTH=4,DAY_OF_MONTH=21,DAY_OF_YEAR=80,DAY_OF_WEEK=4,DAY_OF_WEEK_IN_MONTH=3,AM_PM=1,HOUR=7,HOUR_OF_DAY=19,MINUTE=33,SECOND=13,MILLISECOND=148,ZONE_OFFSET=0,DST_OFFSET=0], message=null}
19:33:13.151 [main] DEBUG org.hibernate.SQL - insert into LogEntries (logCode, message, primaryUser, secondaryUser, time, id) values (?, ?, ?, ?, ?, ?)
Hibernate: insert into LogEntries (logCode, message, primaryUser, secondaryUser, time, id) values (?, ?, ?, ?, ?, ?)
19:33:13.153 [main] DEBUG o.h.e.j.internal.JdbcCoordinatorImpl - HHH000420: Closing un-released batch
19:33:13.153 [main] DEBUG o.h.e.t.internal.TransactionImpl - begin
19:33:13.158 [main] DEBUG org.hibernate.SQL - select next_val as id_val from hibernate_sequence for update
Hibernate: select next_val as id_val from hibernate_sequence for update
19:33:13.158 [main] DEBUG org.hibernate.SQL - update hibernate_sequence set next_val= ? where next_val=?
Hibernate: update hibernate_sequence set next_val= ? where next_val=?
19:33:13.160 [main] DEBUG o.h.e.i.AbstractSaveEventListener - Generated identifier: 184, using strategy: org.hibernate.id.enhanced.SequenceStyleGenerator
19:33:13.160 [main] DEBUG o.h.e.t.internal.TransactionImpl - committing
19:33:13.160 [main] DEBUG o.h.e.i.AbstractFlushingEventListener - Processing flush-time cascades
19:33:13.160 [main] DEBUG o.h.e.i.AbstractFlushingEventListener - Dirty checking collections
19:33:13.160 [main] DEBUG o.h.e.i.AbstractFlushingEventListener - Flushed: 1 insertions, 0 updates, 0 deletions to 1 objects
19:33:13.160 [main] DEBUG o.h.e.i.AbstractFlushingEventListener - Flushed: 0 (re)creations, 0 updates, 0 removals to 0 collections
19:33:13.160 [main] DEBUG o.h.internal.util.EntityPrinter - Listing entities:
19:33:13.160 [main] DEBUG o.h.internal.util.EntityPrinter - edu.ncsu.csc.itrust2.models.persistent.LogEntry{secondaryUser=null, logCode=5, primaryUser=logapitest, id=184, time=java.util.GregorianCalendar[time=1521660793153,areFieldsSet=true,areAllFieldsSet=true,lenient=true,zone=sun.util.calendar.ZoneInfo[id="Etc/UTC",offset=0,dstSavings=0,useDaylight=false,transitions=0,lastRule=null],firstDayOfWeek=1,minimalDaysInFirstWeek=1,ERA=1,YEAR=2018,MONTH=2,WEEK_OF_YEAR=12,WEEK_OF_MONTH=4,DAY_OF_MONTH=21,DAY_OF_YEAR=80,DAY_OF_WEEK=4,DAY_OF_WEEK_IN_MONTH=3,AM_PM=1,HOUR=7,HOUR_OF_DAY=19,MINUTE=33,SECOND=13,MILLISECOND=153,ZONE_OFFSET=0,DST_OFFSET=0], message=null}
19:33:13.161 [main] DEBUG org.hibernate.SQL - insert into LogEntries (logCode, message, primaryUser, secondaryUser, time, id) values (?, ?, ?, ?, ?, ?)
Hibernate: insert into LogEntries (logCode, message, primaryUser, secondaryUser, time, id) values (?, ?, ?, ?, ?, ?)
19:33:13.162 [main] DEBUG o.h.e.j.internal.JdbcCoordinatorImpl - HHH000420: Closing un-released batch
19:33:13.162 [main] DEBUG o.h.e.t.internal.TransactionImpl - begin
19:33:13.163 [main] DEBUG org.hibernate.SQL - select next_val as id_val from hibernate_sequence for update
Hibernate: select next_val as id_val from hibernate_sequence for update
19:33:13.163 [main] DEBUG org.hibernate.SQL - update hibernate_sequence set next_val= ? where next_val=?
Hibernate: update hibernate_sequence set next_val= ? where next_val=?
19:33:13.164 [main] DEBUG o.h.e.i.AbstractSaveEventListener - Generated identifier: 185, using strategy: org.hibernate.id.enhanced.SequenceStyleGenerator
19:33:13.165 [main] DEBUG o.h.e.t.internal.TransactionImpl - committing
19:33:13.165 [main] DEBUG o.h.e.i.AbstractFlushingEventListener - Processing flush-time cascades
19:33:13.165 [main] DEBUG o.h.e.i.AbstractFlushingEventListener - Dirty checking collections
19:33:13.165 [main] DEBUG o.h.e.i.AbstractFlushingEventListener - Flushed: 1 insertions, 0 updates, 0 deletions to 1 objects
19:33:13.165 [main] DEBUG o.h.e.i.AbstractFlushingEventListener - Flushed: 0 (re)creations, 0 updates, 0 removals to 0 collections
19:33:13.165 [main] DEBUG o.h.internal.util.EntityPrinter - Listing entities:
19:33:13.165 [main] DEBUG o.h.internal.util.EntityPrinter - edu.ncsu.csc.itrust2.models.persistent.LogEntry{secondaryUser=null, logCode=5, primaryUser=logapitest, id=185, time=java.util.GregorianCalendar[time=1521660793162,areFieldsSet=true,areAllFieldsSet=true,lenient=true,zone=sun.util.calendar.ZoneInfo[id="Etc/UTC",offset=0,dstSavings=0,useDaylight=false,transitions=0,lastRule=null],firstDayOfWeek=1,minimalDaysInFirstWeek=1,ERA=1,YEAR=2018,MONTH=2,WEEK_OF_YEAR=12,WEEK_OF_MONTH=4,DAY_OF_MONTH=21,DAY_OF_YEAR=80,DAY_OF_WEEK=4,DAY_OF_WEEK_IN_MONTH=3,AM_PM=1,HOUR=7,HOUR_OF_DAY=19,MINUTE=33,SECOND=13,MILLISECOND=162,ZONE_OFFSET=0,DST_OFFSET=0], message=null}
19:33:13.165 [main] DEBUG org.hibernate.SQL - insert into LogEntries (logCode, message, primaryUser, secondaryUser, time, id) values (?, ?, ?, ?, ?, ?)
Hibernate: insert into LogEntries (logCode, message, primaryUser, secondaryUser, time, id) values (?, ?, ?, ?, ?, ?)
19:33:13.167 [main] DEBUG o.h.e.j.internal.JdbcCoordinatorImpl - HHH000420: Closing un-released batch
19:33:13.167 [main] DEBUG o.h.e.t.internal.TransactionImpl - begin
19:33:13.175 [main] DEBUG org.hibernate.SQL - select next_val as id_val from hibernate_sequence for update
Hibernate: select next_val as id_val from hibernate_sequence for update
19:33:13.175 [main] DEBUG org.hibernate.SQL - update hibernate_sequence set next_val= ? where next_val=?
Hibernate: update hibernate_sequence set next_val= ? where next_val=?
19:33:13.176 [main] DEBUG o.h.e.i.AbstractSaveEventListener - Generated identifier: 186, using strategy: org.hibernate.id.enhanced.SequenceStyleGenerator
19:33:13.177 [main] DEBUG o.h.e.t.internal.TransactionImpl - committing
19:33:13.177 [main] DEBUG o.h.e.i.AbstractFlushingEventListener - Processing flush-time cascades
19:33:13.177 [main] DEBUG o.h.e.i.AbstractFlushingEventListener - Dirty checking collections
19:33:13.177 [main] DEBUG o.h.e.i.AbstractFlushingEventListener - Flushed: 1 insertions, 0 updates, 0 deletions to 1 objects
19:33:13.177 [main] DEBUG o.h.e.i.AbstractFlushingEventListener - Flushed: 0 (re)creations, 0 updates, 0 removals to 0 collections
19:33:13.177 [main] DEBUG o.h.internal.util.EntityPrinter - Listing entities:
19:33:13.177 [main] DEBUG o.h.internal.util.EntityPrinter - edu.ncsu.csc.itrust2.models.persistent.LogEntry{secondaryUser=null, logCode=5, primaryUser=logapitest, id=186, time=java.util.GregorianCalendar[time=1521660793167,areFieldsSet=true,areAllFieldsSet=true,lenient=true,zone=sun.util.calendar.ZoneInfo[id="Etc/UTC",offset=0,dstSavings=0,useDaylight=false,transitions=0,lastRule=null],firstDayOfWeek=1,minimalDaysInFirstWeek=1,ERA=1,YEAR=2018,MONTH=2,WEEK_OF_YEAR=12,WEEK_OF_MONTH=4,DAY_OF_MONTH=21,DAY_OF_YEAR=80,DAY_OF_WEEK=4,DAY_OF_WEEK_IN_MONTH=3,AM_PM=1,HOUR=7,HOUR_OF_DAY=19,MINUTE=33,SECOND=13,MILLISECOND=167,ZONE_OFFSET=0,DST_OFFSET=0], message=null}
19:33:13.177 [main] DEBUG org.hibernate.SQL - insert into LogEntries (logCode, message, primaryUser, secondaryUser, time, id) values (?, ?, ?, ?, ?, ?)
Hibernate: insert into LogEntries (logCode, message, primaryUser, secondaryUser, time, id) values (?, ?, ?, ?, ?, ?)
19:33:13.179 [main] DEBUG o.h.e.j.internal.JdbcCoordinatorImpl - HHH000420: Closing un-released batch
19:33:13.179 [main] DEBUG o.h.e.t.internal.TransactionImpl - begin
19:33:13.179 [main] DEBUG org.hibernate.SQL - select next_val as id_val from hibernate_sequence for update
Hibernate: select next_val as id_val from hibernate_sequence for update
19:33:13.180 [main] DEBUG org.hibernate.SQL - update hibernate_sequence set next_val= ? where next_val=?
Hibernate: update hibernate_sequence set next_val= ? where next_val=?
19:33:13.181 [main] DEBUG o.h.e.i.AbstractSaveEventListener - Generated identifier: 187, using strategy: org.hibernate.id.enhanced.SequenceStyleGenerator
19:33:13.181 [main] DEBUG o.h.e.t.internal.TransactionImpl - committing
19:33:13.181 [main] DEBUG o.h.e.i.AbstractFlushingEventListener - Processing flush-time cascades
19:33:13.181 [main] DEBUG o.h.e.i.AbstractFlushingEventListener - Dirty checking collections
19:33:13.181 [main] DEBUG o.h.e.i.AbstractFlushingEventListener - Flushed: 1 insertions, 0 updates, 0 deletions to 1 objects
19:33:13.181 [main] DEBUG o.h.e.i.AbstractFlushingEventListener - Flushed: 0 (re)creations, 0 updates, 0 removals to 0 collections
19:33:13.181 [main] DEBUG o.h.internal.util.EntityPrinter - Listing entities:
19:33:13.181 [main] DEBUG o.h.internal.util.EntityPrinter - edu.ncsu.csc.itrust2.models.persistent.LogEntry{secondaryUser=null, logCode=5, primaryUser=logapitest, id=187, time=java.util.GregorianCalendar[time=1521660793179,areFieldsSet=true,areAllFieldsSet=true,lenient=true,zone=sun.util.calendar.ZoneInfo[id="Etc/UTC",offset=0,dstSavings=0,useDaylight=false,transitions=0,lastRule=null],firstDayOfWeek=1,minimalDaysInFirstWeek=1,ERA=1,YEAR=2018,MONTH=2,WEEK_OF_YEAR=12,WEEK_OF_MONTH=4,DAY_OF_MONTH=21,DAY_OF_YEAR=80,DAY_OF_WEEK=4,DAY_OF_WEEK_IN_MONTH=3,AM_PM=1,HOUR=7,HOUR_OF_DAY=19,MINUTE=33,SECOND=13,MILLISECOND=179,ZONE_OFFSET=0,DST_OFFSET=0], message=null}
19:33:13.182 [main] DEBUG org.hibernate.SQL - insert into LogEntries (logCode, message, primaryUser, secondaryUser, time, id) values (?, ?, ?, ?, ?, ?)
Hibernate: insert into LogEntries (logCode, message, primaryUser, secondaryUser, time, id) values (?, ?, ?, ?, ?, ?)
19:33:13.188 [main] DEBUG o.h.e.j.internal.JdbcCoordinatorImpl - HHH000420: Closing un-released batch
19:33:13.188 [main] DEBUG o.h.e.t.internal.TransactionImpl - begin
19:33:13.189 [main] DEBUG org.hibernate.SQL - select next_val as id_val from hibernate_sequence for update
Hibernate: select next_val as id_val from hibernate_sequence for update
19:33:13.190 [main] DEBUG org.hibernate.SQL - update hibernate_sequence set next_val= ? where next_val=?
Hibernate: update hibernate_sequence set next_val= ? where next_val=?
19:33:13.191 [main] DEBUG o.h.e.i.AbstractSaveEventListener - Generated identifier: 188, using strategy: org.hibernate.id.enhanced.SequenceStyleGenerator
19:33:13.191 [main] DEBUG o.h.e.t.internal.TransactionImpl - committing
19:33:13.191 [main] DEBUG o.h.e.i.AbstractFlushingEventListener - Processing flush-time cascades
19:33:13.191 [main] DEBUG o.h.e.i.AbstractFlushingEventListener - Dirty checking collections
19:33:13.191 [main] DEBUG o.h.e.i.AbstractFlushingEventListener - Flushed: 1 insertions, 0 updates, 0 deletions to 1 objects
19:33:13.191 [main] DEBUG o.h.e.i.AbstractFlushingEventListener - Flushed: 0 (re)creations, 0 updates, 0 removals to 0 collections
19:33:13.191 [main] DEBUG o.h.internal.util.EntityPrinter - Listing entities:
19:33:13.191 [main] DEBUG o.h.internal.util.EntityPrinter - edu.ncsu.csc.itrust2.models.persistent.LogEntry{secondaryUser=null, logCode=5, primaryUser=logapitest, id=188, time=java.util.GregorianCalendar[time=1521660793188,areFieldsSet=true,areAllFieldsSet=true,lenient=true,zone=sun.util.calendar.ZoneInfo[id="Etc/UTC",offset=0,dstSavings=0,useDaylight=false,transitions=0,lastRule=null],firstDayOfWeek=1,minimalDaysInFirstWeek=1,ERA=1,YEAR=2018,MONTH=2,WEEK_OF_YEAR=12,WEEK_OF_MONTH=4,DAY_OF_MONTH=21,DAY_OF_YEAR=80,DAY_OF_WEEK=4,DAY_OF_WEEK_IN_MONTH=3,AM_PM=1,HOUR=7,HOUR_OF_DAY=19,MINUTE=33,SECOND=13,MILLISECOND=188,ZONE_OFFSET=0,DST_OFFSET=0], message=null}
19:33:13.192 [main] DEBUG org.hibernate.SQL - insert into LogEntries (logCode, message, primaryUser, secondaryUser, time, id) values (?, ?, ?, ?, ?, ?)
Hibernate: insert into LogEntries (logCode, message, primaryUser, secondaryUser, time, id) values (?, ?, ?, ?, ?, ?)
19:33:13.193 [main] DEBUG o.h.e.j.internal.JdbcCoordinatorImpl - HHH000420: Closing un-released batch
19:33:13.194 [main] DEBUG o.h.e.t.internal.TransactionImpl - begin
19:33:13.194 [main] DEBUG org.hibernate.SQL - select next_val as id_val from hibernate_sequence for update
Hibernate: select next_val as id_val from hibernate_sequence for update
19:33:13.194 [main] DEBUG org.hibernate.SQL - update hibernate_sequence set next_val= ? where next_val=?
Hibernate: update hibernate_sequence set next_val= ? where next_val=?
19:33:13.195 [main] DEBUG o.h.e.i.AbstractSaveEventListener - Generated identifier: 189, using strategy: org.hibernate.id.enhanced.SequenceStyleGenerator
19:33:13.195 [main] DEBUG o.h.e.t.internal.TransactionImpl - committing
19:33:13.195 [main] DEBUG o.h.e.i.AbstractFlushingEventListener - Processing flush-time cascades
19:33:13.196 [main] DEBUG o.h.e.i.AbstractFlushingEventListener - Dirty checking collections
19:33:13.196 [main] DEBUG o.h.e.i.AbstractFlushingEventListener - Flushed: 1 insertions, 0 updates, 0 deletions to 1 objects
19:33:13.196 [main] DEBUG o.h.e.i.AbstractFlushingEventListener - Flushed: 0 (re)creations, 0 updates, 0 removals to 0 collections
19:33:13.196 [main] DEBUG o.h.internal.util.EntityPrinter - Listing entities:
19:33:13.196 [main] DEBUG o.h.internal.util.EntityPrinter - edu.ncsu.csc.itrust2.models.persistent.LogEntry{secondaryUser=null, logCode=5, primaryUser=logapitest, id=189, time=java.util.GregorianCalendar[time=1521660793193,areFieldsSet=true,areAllFieldsSet=true,lenient=true,zone=sun.util.calendar.ZoneInfo[id="Etc/UTC",offset=0,dstSavings=0,useDaylight=false,transitions=0,lastRule=null],firstDayOfWeek=1,minimalDaysInFirstWeek=1,ERA=1,YEAR=2018,MONTH=2,WEEK_OF_YEAR=12,WEEK_OF_MONTH=4,DAY_OF_MONTH=21,DAY_OF_YEAR=80,DAY_OF_WEEK=4,DAY_OF_WEEK_IN_MONTH=3,AM_PM=1,HOUR=7,HOUR_OF_DAY=19,MINUTE=33,SECOND=13,MILLISECOND=193,ZONE_OFFSET=0,DST_OFFSET=0], message=null}
19:33:13.196 [main] DEBUG org.hibernate.SQL - insert into LogEntries (logCode, message, primaryUser, secondaryUser, time, id) values (?, ?, ?, ?, ?, ?)
Hibernate: insert into LogEntries (logCode, message, primaryUser, secondaryUser, time, id) values (?, ?, ?, ?, ?, ?)
19:33:13.200 [main] DEBUG o.h.e.j.internal.JdbcCoordinatorImpl - HHH000420: Closing un-released batch
19:33:13.201 [main] DEBUG o.h.e.t.internal.TransactionImpl - begin
19:33:13.201 [main] DEBUG org.hibernate.SQL - select next_val as id_val from hibernate_sequence for update
Hibernate: select next_val as id_val from hibernate_sequence for update
19:33:13.202 [main] DEBUG org.hibernate.SQL - update hibernate_sequence set next_val= ? where next_val=?
Hibernate: update hibernate_sequence set next_val= ? where next_val=?
19:33:13.203 [main] DEBUG o.h.e.i.AbstractSaveEventListener - Generated identifier: 190, using strategy: org.hibernate.id.enhanced.SequenceStyleGenerator
19:33:13.204 [main] DEBUG o.h.e.t.internal.TransactionImpl - committing
19:33:13.204 [main] DEBUG o.h.e.i.AbstractFlushingEventListener - Processing flush-time cascades
19:33:13.204 [main] DEBUG o.h.e.i.AbstractFlushingEventListener - Dirty checking collections
19:33:13.204 [main] DEBUG o.h.e.i.AbstractFlushingEventListener - Flushed: 1 insertions, 0 updates, 0 deletions to 1 objects
19:33:13.204 [main] DEBUG o.h.e.i.AbstractFlushingEventListener - Flushed: 0 (re)creations, 0 updates, 0 removals to 0 collections
19:33:13.204 [main] DEBUG o.h.internal.util.EntityPrinter - Listing entities:
19:33:13.204 [main] DEBUG o.h.internal.util.EntityPrinter - edu.ncsu.csc.itrust2.models.persistent.LogEntry{secondaryUser=null, logCode=5, primaryUser=logapitest, id=190, time=java.util.GregorianCalendar[time=1521660793200,areFieldsSet=true,areAllFieldsSet=true,lenient=true,zone=sun.util.calendar.ZoneInfo[id="Etc/UTC",offset=0,dstSavings=0,useDaylight=false,transitions=0,lastRule=null],firstDayOfWeek=1,minimalDaysInFirstWeek=1,ERA=1,YEAR=2018,MONTH=2,WEEK_OF_YEAR=12,WEEK_OF_MONTH=4,DAY_OF_MONTH=21,DAY_OF_YEAR=80,DAY_OF_WEEK=4,DAY_OF_WEEK_IN_MONTH=3,AM_PM=1,HOUR=7,HOUR_OF_DAY=19,MINUTE=33,SECOND=13,MILLISECOND=200,ZONE_OFFSET=0,DST_OFFSET=0], message=null}
19:33:13.205 [main] DEBUG org.hibernate.SQL - insert into LogEntries (logCode, message, primaryUser, secondaryUser, time, id) values (?, ?, ?, ?, ?, ?)
Hibernate: insert into LogEntries (logCode, message, primaryUser, secondaryUser, time, id) values (?, ?, ?, ?, ?, ?)
19:33:13.206 [main] DEBUG o.h.e.j.internal.JdbcCoordinatorImpl - HHH000420: Closing un-released batch
19:33:13.209 [main] DEBUG o.h.e.t.internal.TransactionImpl - begin
19:33:13.217 [main] DEBUG org.hibernate.SQL - select next_val as id_val from hibernate_sequence for update
Hibernate: select next_val as id_val from hibernate_sequence for update
19:33:13.218 [main] DEBUG org.hibernate.SQL - update hibernate_sequence set next_val= ? where next_val=?
Hibernate: update hibernate_sequence set next_val= ? where next_val=?
19:33:13.219 [main] DEBUG o.h.e.i.AbstractSaveEventListener - Generated identifier: 191, using strategy: org.hibernate.id.enhanced.SequenceStyleGenerator
19:33:13.219 [main] DEBUG o.h.e.t.internal.TransactionImpl - committing
19:33:13.219 [main] DEBUG o.h.e.i.AbstractFlushingEventListener - Processing flush-time cascades
19:33:13.219 [main] DEBUG o.h.e.i.AbstractFlushingEventListener - Dirty checking collections
19:33:13.220 [main] DEBUG o.h.e.i.AbstractFlushingEventListener - Flushed: 1 insertions, 0 updates, 0 deletions to 1 objects
19:33:13.220 [main] DEBUG o.h.e.i.AbstractFlushingEventListener - Flushed: 0 (re)creations, 0 updates, 0 removals to 0 collections
19:33:13.220 [main] DEBUG o.h.internal.util.EntityPrinter - Listing entities:
19:33:13.220 [main] DEBUG o.h.internal.util.EntityPrinter - edu.ncsu.csc.itrust2.models.persistent.LogEntry{secondaryUser=null, logCode=5, primaryUser=logapitest, id=191, time=java.util.GregorianCalendar[time=1521660793208,areFieldsSet=true,areAllFieldsSet=true,lenient=true,zone=sun.util.calendar.ZoneInfo[id="Etc/UTC",offset=0,dstSavings=0,useDaylight=false,transitions=0,lastRule=null],firstDayOfWeek=1,minimalDaysInFirstWeek=1,ERA=1,YEAR=2018,MONTH=2,WEEK_OF_YEAR=12,WEEK_OF_MONTH=4,DAY_OF_MONTH=21,DAY_OF_YEAR=80,DAY_OF_WEEK=4,DAY_OF_WEEK_IN_MONTH=3,AM_PM=1,HOUR=7,HOUR_OF_DAY=19,MINUTE=33,SECOND=13,MILLISECOND=208,ZONE_OFFSET=0,DST_OFFSET=0], message=null}
19:33:13.220 [main] DEBUG org.hibernate.SQL - insert into LogEntries (logCode, message, primaryUser, secondaryUser, time, id) values (?, ?, ?, ?, ?, ?)
Hibernate: insert into LogEntries (logCode, message, primaryUser, secondaryUser, time, id) values (?, ?, ?, ?, ?, ?)
19:33:13.236 [main] DEBUG o.h.e.j.internal.JdbcCoordinatorImpl - HHH000420: Closing un-released batch
19:33:13.236 [main] DEBUG o.h.e.t.internal.TransactionImpl - begin
19:33:13.237 [main] DEBUG org.hibernate.SQL - select next_val as id_val from hibernate_sequence for update
Hibernate: select next_val as id_val from hibernate_sequence for update
19:33:13.237 [main] DEBUG org.hibernate.SQL - update hibernate_sequence set next_val= ? where next_val=?
Hibernate: update hibernate_sequence set next_val= ? where next_val=?
19:33:13.239 [main] DEBUG o.h.e.i.AbstractSaveEventListener - Generated identifier: 192, using strategy: org.hibernate.id.enhanced.SequenceStyleGenerator
19:33:13.239 [main] DEBUG o.h.e.t.internal.TransactionImpl - committing
19:33:13.239 [main] DEBUG o.h.e.i.AbstractFlushingEventListener - Processing flush-time cascades
19:33:13.239 [main] DEBUG o.h.e.i.AbstractFlushingEventListener - Dirty checking collections
19:33:13.239 [main] DEBUG o.h.e.i.AbstractFlushingEventListener - Flushed: 1 insertions, 0 updates, 0 deletions to 1 objects
19:33:13.239 [main] DEBUG o.h.e.i.AbstractFlushingEventListener - Flushed: 0 (re)creations, 0 updates, 0 removals to 0 collections
19:33:13.239 [main] DEBUG o.h.internal.util.EntityPrinter - Listing entities:
19:33:13.239 [main] DEBUG o.h.internal.util.EntityPrinter - edu.ncsu.csc.itrust2.models.persistent.LogEntry{secondaryUser=null, logCode=5, primaryUser=logapitest, id=192, time=java.util.GregorianCalendar[time=1521660793236,areFieldsSet=true,areAllFieldsSet=true,lenient=true,zone=sun.util.calendar.ZoneInfo[id="Etc/UTC",offset=0,dstSavings=0,useDaylight=false,transitions=0,lastRule=null],firstDayOfWeek=1,minimalDaysInFirstWeek=1,ERA=1,YEAR=2018,MONTH=2,WEEK_OF_YEAR=12,WEEK_OF_MONTH=4,DAY_OF_MONTH=21,DAY_OF_YEAR=80,DAY_OF_WEEK=4,DAY_OF_WEEK_IN_MONTH=3,AM_PM=1,HOUR=7,HOUR_OF_DAY=19,MINUTE=33,SECOND=13,MILLISECOND=236,ZONE_OFFSET=0,DST_OFFSET=0], message=null}
19:33:13.240 [main] DEBUG org.hibernate.SQL - insert into LogEntries (logCode, message, primaryUser, secondaryUser, time, id) values (?, ?, ?, ?, ?, ?)
Hibernate: insert into LogEntries (logCode, message, primaryUser, secondaryUser, time, id) values (?, ?, ?, ?, ?, ?)
19:33:13.241 [main] DEBUG o.h.e.j.internal.JdbcCoordinatorImpl - HHH000420: Closing un-released batch
19:33:13.242 [main] DEBUG o.h.e.t.internal.TransactionImpl - begin
19:33:13.253 [main] DEBUG org.hibernate.SQL - select next_val as id_val from hibernate_sequence for update
Hibernate: select next_val as id_val from hibernate_sequence for update
19:33:13.253 [main] DEBUG org.hibernate.SQL - update hibernate_sequence set next_val= ? where next_val=?
Hibernate: update hibernate_sequence set next_val= ? where next_val=?
19:33:13.260 [main] DEBUG o.h.e.i.AbstractSaveEventListener - Generated identifier: 193, using strategy: org.hibernate.id.enhanced.SequenceStyleGenerator
19:33:13.260 [main] DEBUG o.h.e.t.internal.TransactionImpl - committing
19:33:13.261 [main] DEBUG o.h.e.i.AbstractFlushingEventListener - Processing flush-time cascades
19:33:13.261 [main] DEBUG o.h.e.i.AbstractFlushingEventListener - Dirty checking collections
19:33:13.261 [main] DEBUG o.h.e.i.AbstractFlushingEventListener - Flushed: 1 insertions, 0 updates, 0 deletions to 1 objects
19:33:13.261 [main] DEBUG o.h.e.i.AbstractFlushingEventListener - Flushed: 0 (re)creations, 0 updates, 0 removals to 0 collections
19:33:13.261 [main] DEBUG o.h.internal.util.EntityPrinter - Listing entities:
19:33:13.261 [main] DEBUG o.h.internal.util.EntityPrinter - edu.ncsu.csc.itrust2.models.persistent.LogEntry{secondaryUser=null, logCode=5, primaryUser=logapitest, id=193, time=java.util.GregorianCalendar[time=1521660793241,areFieldsSet=true,areAllFieldsSet=true,lenient=true,zone=sun.util.calendar.ZoneInfo[id="Etc/UTC",offset=0,dstSavings=0,useDaylight=false,transitions=0,lastRule=null],firstDayOfWeek=1,minimalDaysInFirstWeek=1,ERA=1,YEAR=2018,MONTH=2,WEEK_OF_YEAR=12,WEEK_OF_MONTH=4,DAY_OF_MONTH=21,DAY_OF_YEAR=80,DAY_OF_WEEK=4,DAY_OF_WEEK_IN_MONTH=3,AM_PM=1,HOUR=7,HOUR_OF_DAY=19,MINUTE=33,SECOND=13,MILLISECOND=241,ZONE_OFFSET=0,DST_OFFSET=0], message=null}
19:33:13.261 [main] DEBUG org.hibernate.SQL - insert into LogEntries (logCode, message, primaryUser, secondaryUser, time, id) values (?, ?, ?, ?, ?, ?)
Hibernate: insert into LogEntries (logCode, message, primaryUser, secondaryUser, time, id) values (?, ?, ?, ?, ?, ?)
19:33:13.264 [main] DEBUG o.h.e.j.internal.JdbcCoordinatorImpl - HHH000420: Closing un-released batch
19:33:13.265 [main] DEBUG o.h.e.t.internal.TransactionImpl - begin
19:33:13.266 [main] DEBUG org.hibernate.SQL - select next_val as id_val from hibernate_sequence for update
Hibernate: select next_val as id_val from hibernate_sequence for update
19:33:13.267 [main] DEBUG org.hibernate.SQL - update hibernate_sequence set next_val= ? where next_val=?
Hibernate: update hibernate_sequence set next_val= ? where next_val=?
19:33:13.274 [main] DEBUG o.h.e.i.AbstractSaveEventListener - Generated identifier: 194, using strategy: org.hibernate.id.enhanced.SequenceStyleGenerator
19:33:13.274 [main] DEBUG o.h.e.t.internal.TransactionImpl - committing
19:33:13.274 [main] DEBUG o.h.e.i.AbstractFlushingEventListener - Processing flush-time cascades
19:33:13.274 [main] DEBUG o.h.e.i.AbstractFlushingEventListener - Dirty checking collections
19:33:13.274 [main] DEBUG o.h.e.i.AbstractFlushingEventListener - Flushed: 1 insertions, 0 updates, 0 deletions to 1 objects
19:33:13.274 [main] DEBUG o.h.e.i.AbstractFlushingEventListener - Flushed: 0 (re)creations, 0 updates, 0 removals to 0 collections
19:33:13.274 [main] DEBUG o.h.internal.util.EntityPrinter - Listing entities:
19:33:13.275 [main] DEBUG o.h.internal.util.EntityPrinter - edu.ncsu.csc.itrust2.models.persistent.LogEntry{secondaryUser=null, logCode=5, primaryUser=logapitest, id=194, time=java.util.GregorianCalendar[time=1521660793265,areFieldsSet=true,areAllFieldsSet=true,lenient=true,zone=sun.util.calendar.ZoneInfo[id="Etc/UTC",offset=0,dstSavings=0,useDaylight=false,transitions=0,lastRule=null],firstDayOfWeek=1,minimalDaysInFirstWeek=1,ERA=1,YEAR=2018,MONTH=2,WEEK_OF_YEAR=12,WEEK_OF_MONTH=4,DAY_OF_MONTH=21,DAY_OF_YEAR=80,DAY_OF_WEEK=4,DAY_OF_WEEK_IN_MONTH=3,AM_PM=1,HOUR=7,HOUR_OF_DAY=19,MINUTE=33,SECOND=13,MILLISECOND=265,ZONE_OFFSET=0,DST_OFFSET=0], message=null}
19:33:13.275 [main] DEBUG org.hibernate.SQL - insert into LogEntries (logCode, message, primaryUser, secondaryUser, time, id) values (?, ?, ?, ?, ?, ?)
Hibernate: insert into LogEntries (logCode, message, primaryUser, secondaryUser, time, id) values (?, ?, ?, ?, ?, ?)
19:33:13.284 [main] DEBUG o.h.e.j.internal.JdbcCoordinatorImpl - HHH000420: Closing un-released batch
19:33:13.291 [main] DEBUG o.h.e.t.internal.TransactionImpl - begin
19:33:13.292 [main] DEBUG org.hibernate.SQL - select next_val as id_val from hibernate_sequence for update
Hibernate: select next_val as id_val from hibernate_sequence for update
19:33:13.293 [main] DEBUG org.hibernate.SQL - update hibernate_sequence set next_val= ? where next_val=?
Hibernate: update hibernate_sequence set next_val= ? where next_val=?
19:33:13.294 [main] DEBUG o.h.e.i.AbstractSaveEventListener - Generated identifier: 195, using strategy: org.hibernate.id.enhanced.SequenceStyleGenerator
19:33:13.294 [main] DEBUG o.h.e.t.internal.TransactionImpl - committing
19:33:13.294 [main] DEBUG o.h.e.i.AbstractFlushingEventListener - Processing flush-time cascades
19:33:13.294 [main] DEBUG o.h.e.i.AbstractFlushingEventListener - Dirty checking collections
19:33:13.295 [main] DEBUG o.h.e.i.AbstractFlushingEventListener - Flushed: 1 insertions, 0 updates, 0 deletions to 1 objects
19:33:13.295 [main] DEBUG o.h.e.i.AbstractFlushingEventListener - Flushed: 0 (re)creations, 0 updates, 0 removals to 0 collections
19:33:13.295 [main] DEBUG o.h.internal.util.EntityPrinter - Listing entities:
19:33:13.295 [main] DEBUG o.h.internal.util.EntityPrinter - edu.ncsu.csc.itrust2.models.persistent.LogEntry{secondaryUser=null, logCode=5, primaryUser=logapitest, id=195, time=java.util.GregorianCalendar[time=1521660793291,areFieldsSet=true,areAllFieldsSet=true,lenient=true,zone=sun.util.calendar.ZoneInfo[id="Etc/UTC",offset=0,dstSavings=0,useDaylight=false,transitions=0,lastRule=null],firstDayOfWeek=1,minimalDaysInFirstWeek=1,ERA=1,YEAR=2018,MONTH=2,WEEK_OF_YEAR=12,WEEK_OF_MONTH=4,DAY_OF_MONTH=21,DAY_OF_YEAR=80,DAY_OF_WEEK=4,DAY_OF_WEEK_IN_MONTH=3,AM_PM=1,HOUR=7,HOUR_OF_DAY=19,MINUTE=33,SECOND=13,MILLISECOND=291,ZONE_OFFSET=0,DST_OFFSET=0], message=null}
19:33:13.295 [main] DEBUG org.hibernate.SQL - insert into LogEntries (logCode, message, primaryUser, secondaryUser, time, id) values (?, ?, ?, ?, ?, ?)
Hibernate: insert into LogEntries (logCode, message, primaryUser, secondaryUser, time, id) values (?, ?, ?, ?, ?, ?)
19:33:13.302 [main] DEBUG o.h.e.j.internal.JdbcCoordinatorImpl - HHH000420: Closing un-released batch
19:33:13.303 [main] DEBUG o.h.e.t.internal.TransactionImpl - begin
19:33:13.304 [main] DEBUG org.hibernate.SQL - select next_val as id_val from hibernate_sequence for update
Hibernate: select next_val as id_val from hibernate_sequence for update
19:33:13.304 [main] DEBUG org.hibernate.SQL - update hibernate_sequence set next_val= ? where next_val=?
Hibernate: update hibernate_sequence set next_val= ? where next_val=?
19:33:13.306 [main] DEBUG o.h.e.i.AbstractSaveEventListener - Generated identifier: 196, using strategy: org.hibernate.id.enhanced.SequenceStyleGenerator
19:33:13.306 [main] DEBUG o.h.e.t.internal.TransactionImpl - committing
19:33:13.306 [main] DEBUG o.h.e.i.AbstractFlushingEventListener - Processing flush-time cascades
19:33:13.306 [main] DEBUG o.h.e.i.AbstractFlushingEventListener - Dirty checking collections
19:33:13.306 [main] DEBUG o.h.e.i.AbstractFlushingEventListener - Flushed: 1 insertions, 0 updates, 0 deletions to 1 objects
19:33:13.307 [main] DEBUG o.h.e.i.AbstractFlushingEventListener - Flushed: 0 (re)creations, 0 updates, 0 removals to 0 collections
19:33:13.307 [main] DEBUG o.h.internal.util.EntityPrinter - Listing entities:
19:33:13.307 [main] DEBUG o.h.internal.util.EntityPrinter - edu.ncsu.csc.itrust2.models.persistent.LogEntry{secondaryUser=null, logCode=5, primaryUser=logapitest, id=196, time=java.util.GregorianCalendar[time=1521660793303,areFieldsSet=true,areAllFieldsSet=true,lenient=true,zone=sun.util.calendar.ZoneInfo[id="Etc/UTC",offset=0,dstSavings=0,useDaylight=false,transitions=0,lastRule=null],firstDayOfWeek=1,minimalDaysInFirstWeek=1,ERA=1,YEAR=2018,MONTH=2,WEEK_OF_YEAR=12,WEEK_OF_MONTH=4,DAY_OF_MONTH=21,DAY_OF_YEAR=80,DAY_OF_WEEK=4,DAY_OF_WEEK_IN_MONTH=3,AM_PM=1,HOUR=7,HOUR_OF_DAY=19,MINUTE=33,SECOND=13,MILLISECOND=303,ZONE_OFFSET=0,DST_OFFSET=0], message=null}
19:33:13.307 [main] DEBUG org.hibernate.SQL - insert into LogEntries (logCode, message, primaryUser, secondaryUser, time, id) values (?, ?, ?, ?, ?, ?)
Hibernate: insert into LogEntries (logCode, message, primaryUser, secondaryUser, time, id) values (?, ?, ?, ?, ?, ?)
19:33:13.310 [main] DEBUG o.h.e.j.internal.JdbcCoordinatorImpl - HHH000420: Closing un-released batch
19:33:13.311 [main] DEBUG o.h.e.t.internal.TransactionImpl - begin
19:33:13.320 [main] DEBUG org.hibernate.SQL - select next_val as id_val from hibernate_sequence for update
Hibernate: select next_val as id_val from hibernate_sequence for update
19:33:13.322 [main] DEBUG org.hibernate.SQL - update hibernate_sequence set next_val= ? where next_val=?
Hibernate: update hibernate_sequence set next_val= ? where next_val=?
19:33:13.324 [main] DEBUG o.h.e.i.AbstractSaveEventListener - Generated identifier: 197, using strategy: org.hibernate.id.enhanced.SequenceStyleGenerator
19:33:13.325 [main] DEBUG o.h.e.t.internal.TransactionImpl - committing
19:33:13.325 [main] DEBUG o.h.e.i.AbstractFlushingEventListener - Processing flush-time cascades
19:33:13.325 [main] DEBUG o.h.e.i.AbstractFlushingEventListener - Dirty checking collections
19:33:13.325 [main] DEBUG o.h.e.i.AbstractFlushingEventListener - Flushed: 1 insertions, 0 updates, 0 deletions to 1 objects
19:33:13.325 [main] DEBUG o.h.e.i.AbstractFlushingEventListener - Flushed: 0 (re)creations, 0 updates, 0 removals to 0 collections
19:33:13.325 [main] DEBUG o.h.internal.util.EntityPrinter - Listing entities:
19:33:13.325 [main] DEBUG o.h.internal.util.EntityPrinter - edu.ncsu.csc.itrust2.models.persistent.LogEntry{secondaryUser=null, logCode=5, primaryUser=logapitest, id=197, time=java.util.GregorianCalendar[time=1521660793310,areFieldsSet=true,areAllFieldsSet=true,lenient=true,zone=sun.util.calendar.ZoneInfo[id="Etc/UTC",offset=0,dstSavings=0,useDaylight=false,transitions=0,lastRule=null],firstDayOfWeek=1,minimalDaysInFirstWeek=1,ERA=1,YEAR=2018,MONTH=2,WEEK_OF_YEAR=12,WEEK_OF_MONTH=4,DAY_OF_MONTH=21,DAY_OF_YEAR=80,DAY_OF_WEEK=4,DAY_OF_WEEK_IN_MONTH=3,AM_PM=1,HOUR=7,HOUR_OF_DAY=19,MINUTE=33,SECOND=13,MILLISECOND=310,ZONE_OFFSET=0,DST_OFFSET=0], message=null}
19:33:13.325 [main] DEBUG org.hibernate.SQL - insert into LogEntries (logCode, message, primaryUser, secondaryUser, time, id) values (?, ?, ?, ?, ?, ?)
Hibernate: insert into LogEntries (logCode, message, primaryUser, secondaryUser, time, id) values (?, ?, ?, ?, ?, ?)
19:33:13.335 [main] DEBUG o.h.e.j.internal.JdbcCoordinatorImpl - HHH000420: Closing un-released batch
19:33:13.335 [main] DEBUG o.h.e.t.internal.TransactionImpl - begin
19:33:13.336 [main] DEBUG org.hibernate.SQL - select next_val as id_val from hibernate_sequence for update
Hibernate: select next_val as id_val from hibernate_sequence for update
19:33:13.336 [main] DEBUG org.hibernate.SQL - update hibernate_sequence set next_val= ? where next_val=?
Hibernate: update hibernate_sequence set next_val= ? where next_val=?
19:33:13.337 [main] DEBUG o.h.e.i.AbstractSaveEventListener - Generated identifier: 198, using strategy: org.hibernate.id.enhanced.SequenceStyleGenerator
19:33:13.337 [main] DEBUG o.h.e.t.internal.TransactionImpl - committing
19:33:13.338 [main] DEBUG o.h.e.i.AbstractFlushingEventListener - Processing flush-time cascades
19:33:13.338 [main] DEBUG o.h.e.i.AbstractFlushingEventListener - Dirty checking collections
19:33:13.338 [main] DEBUG o.h.e.i.AbstractFlushingEventListener - Flushed: 1 insertions, 0 updates, 0 deletions to 1 objects
19:33:13.338 [main] DEBUG o.h.e.i.AbstractFlushingEventListener - Flushed: 0 (re)creations, 0 updates, 0 removals to 0 collections
19:33:13.338 [main] DEBUG o.h.internal.util.EntityPrinter - Listing entities:
19:33:13.338 [main] DEBUG o.h.internal.util.EntityPrinter - edu.ncsu.csc.itrust2.models.persistent.LogEntry{secondaryUser=null, logCode=5, primaryUser=logapitest, id=198, time=java.util.GregorianCalendar[time=1521660793335,areFieldsSet=true,areAllFieldsSet=true,lenient=true,zone=sun.util.calendar.ZoneInfo[id="Etc/UTC",offset=0,dstSavings=0,useDaylight=false,transitions=0,lastRule=null],firstDayOfWeek=1,minimalDaysInFirstWeek=1,ERA=1,YEAR=2018,MONTH=2,WEEK_OF_YEAR=12,WEEK_OF_MONTH=4,DAY_OF_MONTH=21,DAY_OF_YEAR=80,DAY_OF_WEEK=4,DAY_OF_WEEK_IN_MONTH=3,AM_PM=1,HOUR=7,HOUR_OF_DAY=19,MINUTE=33,SECOND=13,MILLISECOND=335,ZONE_OFFSET=0,DST_OFFSET=0], message=null}
19:33:13.338 [main] DEBUG org.hibernate.SQL - insert into LogEntries (logCode, message, primaryUser, secondaryUser, time, id) values (?, ?, ?, ?, ?, ?)
Hibernate: insert into LogEntries (logCode, message, primaryUser, secondaryUser, time, id) values (?, ?, ?, ?, ?, ?)
19:33:13.340 [main] DEBUG o.h.e.j.internal.JdbcCoordinatorImpl - HHH000420: Closing un-released batch
19:33:13.347 [main] DEBUG o.h.e.t.internal.TransactionImpl - begin
19:33:13.348 [main] DEBUG org.hibernate.SQL - select next_val as id_val from hibernate_sequence for update
Hibernate: select next_val as id_val from hibernate_sequence for update
19:33:13.348 [main] DEBUG org.hibernate.SQL - update hibernate_sequence set next_val= ? where next_val=?
Hibernate: update hibernate_sequence set next_val= ? where next_val=?
19:33:13.349 [main] DEBUG o.h.e.i.AbstractSaveEventListener - Generated identifier: 199, using strategy: org.hibernate.id.enhanced.SequenceStyleGenerator
19:33:13.350 [main] DEBUG o.h.e.t.internal.TransactionImpl - committing
19:33:13.350 [main] DEBUG o.h.e.i.AbstractFlushingEventListener - Processing flush-time cascades
19:33:13.350 [main] DEBUG o.h.e.i.AbstractFlushingEventListener - Dirty checking collections
19:33:13.350 [main] DEBUG o.h.e.i.AbstractFlushingEventListener - Flushed: 1 insertions, 0 updates, 0 deletions to 1 objects
19:33:13.350 [main] DEBUG o.h.e.i.AbstractFlushingEventListener - Flushed: 0 (re)creations, 0 updates, 0 removals to 0 collections
19:33:13.350 [main] DEBUG o.h.internal.util.EntityPrinter - Listing entities:
19:33:13.350 [main] DEBUG o.h.internal.util.EntityPrinter - edu.ncsu.csc.itrust2.models.persistent.LogEntry{secondaryUser=null, logCode=5, primaryUser=logapitest, id=199, time=java.util.GregorianCalendar[time=1521660793347,areFieldsSet=true,areAllFieldsSet=true,lenient=true,zone=sun.util.calendar.ZoneInfo[id="Etc/UTC",offset=0,dstSavings=0,useDaylight=false,transitions=0,lastRule=null],firstDayOfWeek=1,minimalDaysInFirstWeek=1,ERA=1,YEAR=2018,MONTH=2,WEEK_OF_YEAR=12,WEEK_OF_MONTH=4,DAY_OF_MONTH=21,DAY_OF_YEAR=80,DAY_OF_WEEK=4,DAY_OF_WEEK_IN_MONTH=3,AM_PM=1,HOUR=7,HOUR_OF_DAY=19,MINUTE=33,SECOND=13,MILLISECOND=347,ZONE_OFFSET=0,DST_OFFSET=0], message=null}
19:33:13.351 [main] DEBUG org.hibernate.SQL - insert into LogEntries (logCode, message, primaryUser, secondaryUser, time, id) values (?, ?, ?, ?, ?, ?)
Hibernate: insert into LogEntries (logCode, message, primaryUser, secondaryUser, time, id) values (?, ?, ?, ?, ?, ?)
19:33:13.352 [main] DEBUG o.h.e.j.internal.JdbcCoordinatorImpl - HHH000420: Closing un-released batch
19:33:13.353 [main] DEBUG o.h.e.t.internal.TransactionImpl - begin
19:33:13.353 [main] DEBUG org.hibernate.SQL - select next_val as id_val from hibernate_sequence for update
Hibernate: select next_val as id_val from hibernate_sequence for update
19:33:13.353 [main] DEBUG org.hibernate.SQL - update hibernate_sequence set next_val= ? where next_val=?
Hibernate: update hibernate_sequence set next_val= ? where next_val=?
19:33:13.354 [main] DEBUG o.h.e.i.AbstractSaveEventListener - Generated identifier: 200, using strategy: org.hibernate.id.enhanced.SequenceStyleGenerator
19:33:13.354 [main] DEBUG o.h.e.t.internal.TransactionImpl - committing
19:33:13.354 [main] DEBUG o.h.e.i.AbstractFlushingEventListener - Processing flush-time cascades
19:33:13.354 [main] DEBUG o.h.e.i.AbstractFlushingEventListener - Dirty checking collections
19:33:13.354 [main] DEBUG o.h.e.i.AbstractFlushingEventListener - Flushed: 1 insertions, 0 updates, 0 deletions to 1 objects
19:33:13.354 [main] DEBUG o.h.e.i.AbstractFlushingEventListener - Flushed: 0 (re)creations, 0 updates, 0 removals to 0 collections
19:33:13.354 [main] DEBUG o.h.internal.util.EntityPrinter - Listing entities:
19:33:13.355 [main] DEBUG o.h.internal.util.EntityPrinter - edu.ncsu.csc.itrust2.models.persistent.LogEntry{secondaryUser=null, logCode=5, primaryUser=logapitest, id=200, time=java.util.GregorianCalendar[time=1521660793352,areFieldsSet=true,areAllFieldsSet=true,lenient=true,zone=sun.util.calendar.ZoneInfo[id="Etc/UTC",offset=0,dstSavings=0,useDaylight=false,transitions=0,lastRule=null],firstDayOfWeek=1,minimalDaysInFirstWeek=1,ERA=1,YEAR=2018,MONTH=2,WEEK_OF_YEAR=12,WEEK_OF_MONTH=4,DAY_OF_MONTH=21,DAY_OF_YEAR=80,DAY_OF_WEEK=4,DAY_OF_WEEK_IN_MONTH=3,AM_PM=1,HOUR=7,HOUR_OF_DAY=19,MINUTE=33,SECOND=13,MILLISECOND=352,ZONE_OFFSET=0,DST_OFFSET=0], message=null}
19:33:13.355 [main] DEBUG org.hibernate.SQL - insert into LogEntries (logCode, message, primaryUser, secondaryUser, time, id) values (?, ?, ?, ?, ?, ?)
Hibernate: insert into LogEntries (logCode, message, primaryUser, secondaryUser, time, id) values (?, ?, ?, ?, ?, ?)
19:33:13.356 [main] DEBUG o.h.e.j.internal.JdbcCoordinatorImpl - HHH000420: Closing un-released batch
19:33:13.357 [main] DEBUG o.h.e.t.internal.TransactionImpl - begin
19:33:13.357 [main] DEBUG org.hibernate.SQL - select next_val as id_val from hibernate_sequence for update
Hibernate: select next_val as id_val from hibernate_sequence for update
19:33:13.357 [main] DEBUG org.hibernate.SQL - update hibernate_sequence set next_val= ? where next_val=?
Hibernate: update hibernate_sequence set next_val= ? where next_val=?
19:33:13.358 [main] DEBUG o.h.e.i.AbstractSaveEventListener - Generated identifier: 201, using strategy: org.hibernate.id.enhanced.SequenceStyleGenerator
19:33:13.358 [main] DEBUG o.h.e.t.internal.TransactionImpl - committing
19:33:13.358 [main] DEBUG o.h.e.i.AbstractFlushingEventListener - Processing flush-time cascades
19:33:13.358 [main] DEBUG o.h.e.i.AbstractFlushingEventListener - Dirty checking collections
19:33:13.358 [main] DEBUG o.h.e.i.AbstractFlushingEventListener - Flushed: 1 insertions, 0 updates, 0 deletions to 1 objects
19:33:13.359 [main] DEBUG o.h.e.i.AbstractFlushingEventListener - Flushed: 0 (re)creations, 0 updates, 0 removals to 0 collections
19:33:13.359 [main] DEBUG o.h.internal.util.EntityPrinter - Listing entities:
19:33:13.359 [main] DEBUG o.h.internal.util.EntityPrinter - edu.ncsu.csc.itrust2.models.persistent.LogEntry{secondaryUser=null, logCode=5, primaryUser=logapitest, id=201, time=java.util.GregorianCalendar[time=1521660793357,areFieldsSet=true,areAllFieldsSet=true,lenient=true,zone=sun.util.calendar.ZoneInfo[id="Etc/UTC",offset=0,dstSavings=0,useDaylight=false,transitions=0,lastRule=null],firstDayOfWeek=1,minimalDaysInFirstWeek=1,ERA=1,YEAR=2018,MONTH=2,WEEK_OF_YEAR=12,WEEK_OF_MONTH=4,DAY_OF_MONTH=21,DAY_OF_YEAR=80,DAY_OF_WEEK=4,DAY_OF_WEEK_IN_MONTH=3,AM_PM=1,HOUR=7,HOUR_OF_DAY=19,MINUTE=33,SECOND=13,MILLISECOND=357,ZONE_OFFSET=0,DST_OFFSET=0], message=null}
19:33:13.359 [main] DEBUG org.hibernate.SQL - insert into LogEntries (logCode, message, primaryUser, secondaryUser, time, id) values (?, ?, ?, ?, ?, ?)
Hibernate: insert into LogEntries (logCode, message, primaryUser, secondaryUser, time, id) values (?, ?, ?, ?, ?, ?)
19:33:13.366 [main] DEBUG o.h.e.j.internal.JdbcCoordinatorImpl - HHH000420: Closing un-released batch
19:33:13.367 [main] DEBUG o.h.e.t.internal.TransactionImpl - begin
19:33:13.367 [main] DEBUG org.hibernate.SQL - select next_val as id_val from hibernate_sequence for update
Hibernate: select next_val as id_val from hibernate_sequence for update
19:33:13.367 [main] DEBUG org.hibernate.SQL - update hibernate_sequence set next_val= ? where next_val=?
Hibernate: update hibernate_sequence set next_val= ? where next_val=?
19:33:13.368 [main] DEBUG o.h.e.i.AbstractSaveEventListener - Generated identifier: 202, using strategy: org.hibernate.id.enhanced.SequenceStyleGenerator
19:33:13.369 [main] DEBUG o.h.e.t.internal.TransactionImpl - committing
19:33:13.369 [main] DEBUG o.h.e.i.AbstractFlushingEventListener - Processing flush-time cascades
19:33:13.369 [main] DEBUG o.h.e.i.AbstractFlushingEventListener - Dirty checking collections
19:33:13.369 [main] DEBUG o.h.e.i.AbstractFlushingEventListener - Flushed: 1 insertions, 0 updates, 0 deletions to 1 objects
19:33:13.369 [main] DEBUG o.h.e.i.AbstractFlushingEventListener - Flushed: 0 (re)creations, 0 updates, 0 removals to 0 collections
19:33:13.369 [main] DEBUG o.h.internal.util.EntityPrinter - Listing entities:
19:33:13.369 [main] DEBUG o.h.internal.util.EntityPrinter - edu.ncsu.csc.itrust2.models.persistent.LogEntry{secondaryUser=null, logCode=5, primaryUser=logapitest, id=202, time=java.util.GregorianCalendar[time=1521660793367,areFieldsSet=true,areAllFieldsSet=true,lenient=true,zone=sun.util.calendar.ZoneInfo[id="Etc/UTC",offset=0,dstSavings=0,useDaylight=false,transitions=0,lastRule=null],firstDayOfWeek=1,minimalDaysInFirstWeek=1,ERA=1,YEAR=2018,MONTH=2,WEEK_OF_YEAR=12,WEEK_OF_MONTH=4,DAY_OF_MONTH=21,DAY_OF_YEAR=80,DAY_OF_WEEK=4,DAY_OF_WEEK_IN_MONTH=3,AM_PM=1,HOUR=7,HOUR_OF_DAY=19,MINUTE=33,SECOND=13,MILLISECOND=367,ZONE_OFFSET=0,DST_OFFSET=0], message=null}
19:33:13.369 [main] DEBUG org.hibernate.SQL - insert into LogEntries (logCode, message, primaryUser, secondaryUser, time, id) values (?, ?, ?, ?, ?, ?)
Hibernate: insert into LogEntries (logCode, message, primaryUser, secondaryUser, time, id) values (?, ?, ?, ?, ?, ?)
19:33:13.370 [main] DEBUG o.h.e.j.internal.JdbcCoordinatorImpl - HHH000420: Closing un-released batch
19:33:13.371 [main] DEBUG o.h.e.t.internal.TransactionImpl - begin
19:33:13.371 [main] DEBUG org.hibernate.SQL - select next_val as id_val from hibernate_sequence for update
Hibernate: select next_val as id_val from hibernate_sequence for update
19:33:13.371 [main] DEBUG org.hibernate.SQL - update hibernate_sequence set next_val= ? where next_val=?
Hibernate: update hibernate_sequence set next_val= ? where next_val=?
19:33:13.372 [main] DEBUG o.h.e.i.AbstractSaveEventListener - Generated identifier: 203, using strategy: org.hibernate.id.enhanced.SequenceStyleGenerator
19:33:13.373 [main] DEBUG o.h.e.t.internal.TransactionImpl - committing
19:33:13.373 [main] DEBUG o.h.e.i.AbstractFlushingEventListener - Processing flush-time cascades
19:33:13.373 [main] DEBUG o.h.e.i.AbstractFlushingEventListener - Dirty checking collections
19:33:13.373 [main] DEBUG o.h.e.i.AbstractFlushingEventListener - Flushed: 1 insertions, 0 updates, 0 deletions to 1 objects
19:33:13.373 [main] DEBUG o.h.e.i.AbstractFlushingEventListener - Flushed: 0 (re)creations, 0 updates, 0 removals to 0 collections
19:33:13.373 [main] DEBUG o.h.internal.util.EntityPrinter - Listing entities:
19:33:13.373 [main] DEBUG o.h.internal.util.EntityPrinter - edu.ncsu.csc.itrust2.models.persistent.LogEntry{secondaryUser=null, logCode=5, primaryUser=logapitest, id=203, time=java.util.GregorianCalendar[time=1521660793371,areFieldsSet=true,areAllFieldsSet=true,lenient=true,zone=sun.util.calendar.ZoneInfo[id="Etc/UTC",offset=0,dstSavings=0,useDaylight=false,transitions=0,lastRule=null],firstDayOfWeek=1,minimalDaysInFirstWeek=1,ERA=1,YEAR=2018,MONTH=2,WEEK_OF_YEAR=12,WEEK_OF_MONTH=4,DAY_OF_MONTH=21,DAY_OF_YEAR=80,DAY_OF_WEEK=4,DAY_OF_WEEK_IN_MONTH=3,AM_PM=1,HOUR=7,HOUR_OF_DAY=19,MINUTE=33,SECOND=13,MILLISECOND=371,ZONE_OFFSET=0,DST_OFFSET=0], message=null}
19:33:13.373 [main] DEBUG org.hibernate.SQL - insert into LogEntries (logCode, message, primaryUser, secondaryUser, time, id) values (?, ?, ?, ?, ?, ?)
Hibernate: insert into LogEntries (logCode, message, primaryUser, secondaryUser, time, id) values (?, ?, ?, ?, ?, ?)
19:33:13.374 [main] DEBUG o.h.e.j.internal.JdbcCoordinatorImpl - HHH000420: Closing un-released batch
19:33:13.375 [main] DEBUG o.h.e.t.internal.TransactionImpl - begin
19:33:13.375 [main] DEBUG org.hibernate.SQL - select next_val as id_val from hibernate_sequence for update
Hibernate: select next_val as id_val from hibernate_sequence for update
19:33:13.375 [main] DEBUG org.hibernate.SQL - update hibernate_sequence set next_val= ? where next_val=?
Hibernate: update hibernate_sequence set next_val= ? where next_val=?
19:33:13.376 [main] DEBUG o.h.e.i.AbstractSaveEventListener - Generated identifier: 204, using strategy: org.hibernate.id.enhanced.SequenceStyleGenerator
19:33:13.376 [main] DEBUG o.h.e.t.internal.TransactionImpl - committing
19:33:13.376 [main] DEBUG o.h.e.i.AbstractFlushingEventListener - Processing flush-time cascades
19:33:13.376 [main] DEBUG o.h.e.i.AbstractFlushingEventListener - Dirty checking collections
19:33:13.377 [main] DEBUG o.h.e.i.AbstractFlushingEventListener - Flushed: 1 insertions, 0 updates, 0 deletions to 1 objects
19:33:13.377 [main] DEBUG o.h.e.i.AbstractFlushingEventListener - Flushed: 0 (re)creations, 0 updates, 0 removals to 0 collections
19:33:13.377 [main] DEBUG o.h.internal.util.EntityPrinter - Listing entities:
19:33:13.377 [main] DEBUG o.h.internal.util.EntityPrinter - edu.ncsu.csc.itrust2.models.persistent.LogEntry{secondaryUser=null, logCode=5, primaryUser=logapitest, id=204, time=java.util.GregorianCalendar[time=1521660793374,areFieldsSet=true,areAllFieldsSet=true,lenient=true,zone=sun.util.calendar.ZoneInfo[id="Etc/UTC",offset=0,dstSavings=0,useDaylight=false,transitions=0,lastRule=null],firstDayOfWeek=1,minimalDaysInFirstWeek=1,ERA=1,YEAR=2018,MONTH=2,WEEK_OF_YEAR=12,WEEK_OF_MONTH=4,DAY_OF_MONTH=21,DAY_OF_YEAR=80,DAY_OF_WEEK=4,DAY_OF_WEEK_IN_MONTH=3,AM_PM=1,HOUR=7,HOUR_OF_DAY=19,MINUTE=33,SECOND=13,MILLISECOND=374,ZONE_OFFSET=0,DST_OFFSET=0], message=null}
19:33:13.377 [main] DEBUG org.hibernate.SQL - insert into LogEntries (logCode, message, primaryUser, secondaryUser, time, id) values (?, ?, ?, ?, ?, ?)
Hibernate: insert into LogEntries (logCode, message, primaryUser, secondaryUser, time, id) values (?, ?, ?, ?, ?, ?)
19:33:13.378 [main] DEBUG o.h.e.j.internal.JdbcCoordinatorImpl - HHH000420: Closing un-released batch
19:33:13.378 [main] DEBUG o.h.e.t.internal.TransactionImpl - begin
19:33:13.387 [main] DEBUG org.hibernate.SQL - select next_val as id_val from hibernate_sequence for update
Hibernate: select next_val as id_val from hibernate_sequence for update
19:33:13.388 [main] DEBUG org.hibernate.SQL - update hibernate_sequence set next_val= ? where next_val=?
Hibernate: update hibernate_sequence set next_val= ? where next_val=?
19:33:13.389 [main] DEBUG o.h.e.i.AbstractSaveEventListener - Generated identifier: 205, using strategy: org.hibernate.id.enhanced.SequenceStyleGenerator
19:33:13.390 [main] DEBUG o.h.e.t.internal.TransactionImpl - committing
19:33:13.390 [main] DEBUG o.h.e.i.AbstractFlushingEventListener - Processing flush-time cascades
19:33:13.390 [main] DEBUG o.h.e.i.AbstractFlushingEventListener - Dirty checking collections
19:33:13.390 [main] DEBUG o.h.e.i.AbstractFlushingEventListener - Flushed: 1 insertions, 0 updates, 0 deletions to 1 objects
19:33:13.390 [main] DEBUG o.h.e.i.AbstractFlushingEventListener - Flushed: 0 (re)creations, 0 updates, 0 removals to 0 collections
19:33:13.390 [main] DEBUG o.h.internal.util.EntityPrinter - Listing entities:
19:33:13.390 [main] DEBUG o.h.internal.util.EntityPrinter - edu.ncsu.csc.itrust2.models.persistent.LogEntry{secondaryUser=null, logCode=5, primaryUser=logapitest, id=205, time=java.util.GregorianCalendar[time=1521660793378,areFieldsSet=true,areAllFieldsSet=true,lenient=true,zone=sun.util.calendar.ZoneInfo[id="Etc/UTC",offset=0,dstSavings=0,useDaylight=false,transitions=0,lastRule=null],firstDayOfWeek=1,minimalDaysInFirstWeek=1,ERA=1,YEAR=2018,MONTH=2,WEEK_OF_YEAR=12,WEEK_OF_MONTH=4,DAY_OF_MONTH=21,DAY_OF_YEAR=80,DAY_OF_WEEK=4,DAY_OF_WEEK_IN_MONTH=3,AM_PM=1,HOUR=7,HOUR_OF_DAY=19,MINUTE=33,SECOND=13,MILLISECOND=378,ZONE_OFFSET=0,DST_OFFSET=0], message=null}
19:33:13.390 [main] DEBUG org.hibernate.SQL - insert into LogEntries (logCode, message, primaryUser, secondaryUser, time, id) values (?, ?, ?, ?, ?, ?)
Hibernate: insert into LogEntries (logCode, message, primaryUser, secondaryUser, time, id) values (?, ?, ?, ?, ?, ?)
19:33:13.392 [main] DEBUG o.h.e.j.internal.JdbcCoordinatorImpl - HHH000420: Closing un-released batch
19:33:13.392 [main] DEBUG o.h.e.t.internal.TransactionImpl - begin
19:33:13.392 [main] DEBUG org.hibernate.SQL - select next_val as id_val from hibernate_sequence for update
Hibernate: select next_val as id_val from hibernate_sequence for update
19:33:13.393 [main] DEBUG org.hibernate.SQL - update hibernate_sequence set next_val= ? where next_val=?
Hibernate: update hibernate_sequence set next_val= ? where next_val=?
19:33:13.394 [main] DEBUG o.h.e.i.AbstractSaveEventListener - Generated identifier: 206, using strategy: org.hibernate.id.enhanced.SequenceStyleGenerator
19:33:13.394 [main] DEBUG o.h.e.t.internal.TransactionImpl - committing
19:33:13.394 [main] DEBUG o.h.e.i.AbstractFlushingEventListener - Processing flush-time cascades
19:33:13.394 [main] DEBUG o.h.e.i.AbstractFlushingEventListener - Dirty checking collections
19:33:13.394 [main] DEBUG o.h.e.i.AbstractFlushingEventListener - Flushed: 1 insertions, 0 updates, 0 deletions to 1 objects
19:33:13.394 [main] DEBUG o.h.e.i.AbstractFlushingEventListener - Flushed: 0 (re)creations, 0 updates, 0 removals to 0 collections
19:33:13.394 [main] DEBUG o.h.internal.util.EntityPrinter - Listing entities:
19:33:13.394 [main] DEBUG o.h.internal.util.EntityPrinter - edu.ncsu.csc.itrust2.models.persistent.LogEntry{secondaryUser=null, logCode=5, primaryUser=logapitest, id=206, time=java.util.GregorianCalendar[time=1521660793392,areFieldsSet=true,areAllFieldsSet=true,lenient=true,zone=sun.util.calendar.ZoneInfo[id="Etc/UTC",offset=0,dstSavings=0,useDaylight=false,transitions=0,lastRule=null],firstDayOfWeek=1,minimalDaysInFirstWeek=1,ERA=1,YEAR=2018,MONTH=2,WEEK_OF_YEAR=12,WEEK_OF_MONTH=4,DAY_OF_MONTH=21,DAY_OF_YEAR=80,DAY_OF_WEEK=4,DAY_OF_WEEK_IN_MONTH=3,AM_PM=1,HOUR=7,HOUR_OF_DAY=19,MINUTE=33,SECOND=13,MILLISECOND=392,ZONE_OFFSET=0,DST_OFFSET=0], message=null}
19:33:13.394 [main] DEBUG org.hibernate.SQL - insert into LogEntries (logCode, message, primaryUser, secondaryUser, time, id) values (?, ?, ?, ?, ?, ?)
Hibernate: insert into LogEntries (logCode, message, primaryUser, secondaryUser, time, id) values (?, ?, ?, ?, ?, ?)
19:33:13.396 [main] DEBUG o.h.e.j.internal.JdbcCoordinatorImpl - HHH000420: Closing un-released batch
19:33:13.396 [main] DEBUG o.h.e.t.internal.TransactionImpl - begin
19:33:13.396 [main] DEBUG org.hibernate.SQL - select next_val as id_val from hibernate_sequence for update
Hibernate: select next_val as id_val from hibernate_sequence for update
19:33:13.397 [main] DEBUG org.hibernate.SQL - update hibernate_sequence set next_val= ? where next_val=?
Hibernate: update hibernate_sequence set next_val= ? where next_val=?
19:33:13.397 [main] DEBUG o.h.e.i.AbstractSaveEventListener - Generated identifier: 207, using strategy: org.hibernate.id.enhanced.SequenceStyleGenerator
19:33:13.398 [main] DEBUG o.h.e.t.internal.TransactionImpl - committing
19:33:13.398 [main] DEBUG o.h.e.i.AbstractFlushingEventListener - Processing flush-time cascades
19:33:13.398 [main] DEBUG o.h.e.i.AbstractFlushingEventListener - Dirty checking collections
19:33:13.398 [main] DEBUG o.h.e.i.AbstractFlushingEventListener - Flushed: 1 insertions, 0 updates, 0 deletions to 1 objects
19:33:13.398 [main] DEBUG o.h.e.i.AbstractFlushingEventListener - Flushed: 0 (re)creations, 0 updates, 0 removals to 0 collections
19:33:13.398 [main] DEBUG o.h.internal.util.EntityPrinter - Listing entities:
19:33:13.398 [main] DEBUG o.h.internal.util.EntityPrinter - edu.ncsu.csc.itrust2.models.persistent.LogEntry{secondaryUser=null, logCode=5, primaryUser=logapitest, id=207, time=java.util.GregorianCalendar[time=1521660793396,areFieldsSet=true,areAllFieldsSet=true,lenient=true,zone=sun.util.calendar.ZoneInfo[id="Etc/UTC",offset=0,dstSavings=0,useDaylight=false,transitions=0,lastRule=null],firstDayOfWeek=1,minimalDaysInFirstWeek=1,ERA=1,YEAR=2018,MONTH=2,WEEK_OF_YEAR=12,WEEK_OF_MONTH=4,DAY_OF_MONTH=21,DAY_OF_YEAR=80,DAY_OF_WEEK=4,DAY_OF_WEEK_IN_MONTH=3,AM_PM=1,HOUR=7,HOUR_OF_DAY=19,MINUTE=33,SECOND=13,MILLISECOND=396,ZONE_OFFSET=0,DST_OFFSET=0], message=null}
19:33:13.398 [main] DEBUG org.hibernate.SQL - insert into LogEntries (logCode, message, primaryUser, secondaryUser, time, id) values (?, ?, ?, ?, ?, ?)
Hibernate: insert into LogEntries (logCode, message, primaryUser, secondaryUser, time, id) values (?, ?, ?, ?, ?, ?)
19:33:13.403 [main] DEBUG o.h.e.j.internal.JdbcCoordinatorImpl - HHH000420: Closing un-released batch
19:33:13.404 [main] DEBUG o.h.e.t.internal.TransactionImpl - begin
19:33:13.404 [main] DEBUG org.hibernate.SQL - select next_val as id_val from hibernate_sequence for update
Hibernate: select next_val as id_val from hibernate_sequence for update
19:33:13.405 [main] DEBUG org.hibernate.SQL - update hibernate_sequence set next_val= ? where next_val=?
Hibernate: update hibernate_sequence set next_val= ? where next_val=?
19:33:13.406 [main] DEBUG o.h.e.i.AbstractSaveEventListener - Generated identifier: 208, using strategy: org.hibernate.id.enhanced.SequenceStyleGenerator
19:33:13.406 [main] DEBUG o.h.e.t.internal.TransactionImpl - committing
19:33:13.406 [main] DEBUG o.h.e.i.AbstractFlushingEventListener - Processing flush-time cascades
19:33:13.406 [main] DEBUG o.h.e.i.AbstractFlushingEventListener - Dirty checking collections
19:33:13.406 [main] DEBUG o.h.e.i.AbstractFlushingEventListener - Flushed: 1 insertions, 0 updates, 0 deletions to 1 objects
19:33:13.406 [main] DEBUG o.h.e.i.AbstractFlushingEventListener - Flushed: 0 (re)creations, 0 updates, 0 removals to 0 collections
19:33:13.406 [main] DEBUG o.h.internal.util.EntityPrinter - Listing entities:
19:33:13.406 [main] DEBUG o.h.internal.util.EntityPrinter - edu.ncsu.csc.itrust2.models.persistent.LogEntry{secondaryUser=null, logCode=5, primaryUser=logapitest, id=208, time=java.util.GregorianCalendar[time=1521660793404,areFieldsSet=true,areAllFieldsSet=true,lenient=true,zone=sun.util.calendar.ZoneInfo[id="Etc/UTC",offset=0,dstSavings=0,useDaylight=false,transitions=0,lastRule=null],firstDayOfWeek=1,minimalDaysInFirstWeek=1,ERA=1,YEAR=2018,MONTH=2,WEEK_OF_YEAR=12,WEEK_OF_MONTH=4,DAY_OF_MONTH=21,DAY_OF_YEAR=80,DAY_OF_WEEK=4,DAY_OF_WEEK_IN_MONTH=3,AM_PM=1,HOUR=7,HOUR_OF_DAY=19,MINUTE=33,SECOND=13,MILLISECOND=404,ZONE_OFFSET=0,DST_OFFSET=0], message=null}
19:33:13.407 [main] DEBUG org.hibernate.SQL - insert into LogEntries (logCode, message, primaryUser, secondaryUser, time, id) values (?, ?, ?, ?, ?, ?)
Hibernate: insert into LogEntries (logCode, message, primaryUser, secondaryUser, time, id) values (?, ?, ?, ?, ?, ?)
19:33:13.408 [main] DEBUG o.h.e.j.internal.JdbcCoordinatorImpl - HHH000420: Closing un-released batch
19:33:13.408 [main] DEBUG o.h.e.t.internal.TransactionImpl - begin
19:33:13.411 [main] DEBUG org.hibernate.SQL - select next_val as id_val from hibernate_sequence for update
Hibernate: select next_val as id_val from hibernate_sequence for update
19:33:13.412 [main] DEBUG org.hibernate.SQL - update hibernate_sequence set next_val= ? where next_val=?
Hibernate: update hibernate_sequence set next_val= ? where next_val=?
19:33:13.417 [main] DEBUG o.h.e.i.AbstractSaveEventListener - Generated identifier: 209, using strategy: org.hibernate.id.enhanced.SequenceStyleGenerator
19:33:13.418 [main] DEBUG o.h.e.t.internal.TransactionImpl - committing
19:33:13.418 [main] DEBUG o.h.e.i.AbstractFlushingEventListener - Processing flush-time cascades
19:33:13.418 [main] DEBUG o.h.e.i.AbstractFlushingEventListener - Dirty checking collections
19:33:13.418 [main] DEBUG o.h.e.i.AbstractFlushingEventListener - Flushed: 1 insertions, 0 updates, 0 deletions to 1 objects
19:33:13.418 [main] DEBUG o.h.e.i.AbstractFlushingEventListener - Flushed: 0 (re)creations, 0 updates, 0 removals to 0 collections
19:33:13.418 [main] DEBUG o.h.internal.util.EntityPrinter - Listing entities:
19:33:13.418 [main] DEBUG o.h.internal.util.EntityPrinter - edu.ncsu.csc.itrust2.models.persistent.LogEntry{secondaryUser=null, logCode=5, primaryUser=logapitest, id=209, time=java.util.GregorianCalendar[time=1521660793408,areFieldsSet=true,areAllFieldsSet=true,lenient=true,zone=sun.util.calendar.ZoneInfo[id="Etc/UTC",offset=0,dstSavings=0,useDaylight=false,transitions=0,lastRule=null],firstDayOfWeek=1,minimalDaysInFirstWeek=1,ERA=1,YEAR=2018,MONTH=2,WEEK_OF_YEAR=12,WEEK_OF_MONTH=4,DAY_OF_MONTH=21,DAY_OF_YEAR=80,DAY_OF_WEEK=4,DAY_OF_WEEK_IN_MONTH=3,AM_PM=1,HOUR=7,HOUR_OF_DAY=19,MINUTE=33,SECOND=13,MILLISECOND=408,ZONE_OFFSET=0,DST_OFFSET=0], message=null}
19:33:13.419 [main] DEBUG org.hibernate.SQL - insert into LogEntries (logCode, message, primaryUser, secondaryUser, time, id) values (?, ?, ?, ?, ?, ?)
Hibernate: insert into LogEntries (logCode, message, primaryUser, secondaryUser, time, id) values (?, ?, ?, ?, ?, ?)
19:33:13.420 [main] DEBUG o.h.e.j.internal.JdbcCoordinatorImpl - HHH000420: Closing un-released batch
19:33:13.420 [main] DEBUG o.h.e.t.internal.TransactionImpl - begin
19:33:13.421 [main] DEBUG org.hibernate.SQL - select next_val as id_val from hibernate_sequence for update
Hibernate: select next_val as id_val from hibernate_sequence for update
19:33:13.421 [main] DEBUG org.hibernate.SQL - update hibernate_sequence set next_val= ? where next_val=?
Hibernate: update hibernate_sequence set next_val= ? where next_val=?
19:33:13.422 [main] DEBUG o.h.e.i.AbstractSaveEventListener - Generated identifier: 210, using strategy: org.hibernate.id.enhanced.SequenceStyleGenerator
19:33:13.422 [main] DEBUG o.h.e.t.internal.TransactionImpl - committing
19:33:13.422 [main] DEBUG o.h.e.i.AbstractFlushingEventListener - Processing flush-time cascades
19:33:13.422 [main] DEBUG o.h.e.i.AbstractFlushingEventListener - Dirty checking collections
19:33:13.422 [main] DEBUG o.h.e.i.AbstractFlushingEventListener - Flushed: 1 insertions, 0 updates, 0 deletions to 1 objects
19:33:13.422 [main] DEBUG o.h.e.i.AbstractFlushingEventListener - Flushed: 0 (re)creations, 0 updates, 0 removals to 0 collections
19:33:13.422 [main] DEBUG o.h.internal.util.EntityPrinter - Listing entities:
19:33:13.422 [main] DEBUG o.h.internal.util.EntityPrinter - edu.ncsu.csc.itrust2.models.persistent.LogEntry{secondaryUser=null, logCode=5, primaryUser=logapitest, id=210, time=java.util.GregorianCalendar[time=1521660793420,areFieldsSet=true,areAllFieldsSet=true,lenient=true,zone=sun.util.calendar.ZoneInfo[id="Etc/UTC",offset=0,dstSavings=0,useDaylight=false,transitions=0,lastRule=null],firstDayOfWeek=1,minimalDaysInFirstWeek=1,ERA=1,YEAR=2018,MONTH=2,WEEK_OF_YEAR=12,WEEK_OF_MONTH=4,DAY_OF_MONTH=21,DAY_OF_YEAR=80,DAY_OF_WEEK=4,DAY_OF_WEEK_IN_MONTH=3,AM_PM=1,HOUR=7,HOUR_OF_DAY=19,MINUTE=33,SECOND=13,MILLISECOND=420,ZONE_OFFSET=0,DST_OFFSET=0], message=null}
19:33:13.423 [main] DEBUG org.hibernate.SQL - insert into LogEntries (logCode, message, primaryUser, secondaryUser, time, id) values (?, ?, ?, ?, ?, ?)
Hibernate: insert into LogEntries (logCode, message, primaryUser, secondaryUser, time, id) values (?, ?, ?, ?, ?, ?)
19:33:13.424 [main] DEBUG o.h.e.j.internal.JdbcCoordinatorImpl - HHH000420: Closing un-released batch
19:33:13.424 [main] DEBUG o.h.e.t.internal.TransactionImpl - begin
19:33:13.425 [main] DEBUG org.hibernate.SQL - select next_val as id_val from hibernate_sequence for update
Hibernate: select next_val as id_val from hibernate_sequence for update
19:33:13.425 [main] DEBUG org.hibernate.SQL - update hibernate_sequence set next_val= ? where next_val=?
Hibernate: update hibernate_sequence set next_val= ? where next_val=?
19:33:13.426 [main] DEBUG o.h.e.i.AbstractSaveEventListener - Generated identifier: 211, using strategy: org.hibernate.id.enhanced.SequenceStyleGenerator
19:33:13.426 [main] DEBUG o.h.e.t.internal.TransactionImpl - committing
19:33:13.426 [main] DEBUG o.h.e.i.AbstractFlushingEventListener - Processing flush-time cascades
19:33:13.426 [main] DEBUG o.h.e.i.AbstractFlushingEventListener - Dirty checking collections
19:33:13.426 [main] DEBUG o.h.e.i.AbstractFlushingEventListener - Flushed: 1 insertions, 0 updates, 0 deletions to 1 objects
19:33:13.426 [main] DEBUG o.h.e.i.AbstractFlushingEventListener - Flushed: 0 (re)creations, 0 updates, 0 removals to 0 collections
19:33:13.426 [main] DEBUG o.h.internal.util.EntityPrinter - Listing entities:
19:33:13.426 [main] DEBUG o.h.internal.util.EntityPrinter - edu.ncsu.csc.itrust2.models.persistent.LogEntry{secondaryUser=null, logCode=5, primaryUser=logapitest, id=211, time=java.util.GregorianCalendar[time=1521660793424,areFieldsSet=true,areAllFieldsSet=true,lenient=true,zone=sun.util.calendar.ZoneInfo[id="Etc/UTC",offset=0,dstSavings=0,useDaylight=false,transitions=0,lastRule=null],firstDayOfWeek=1,minimalDaysInFirstWeek=1,ERA=1,YEAR=2018,MONTH=2,WEEK_OF_YEAR=12,WEEK_OF_MONTH=4,DAY_OF_MONTH=21,DAY_OF_YEAR=80,DAY_OF_WEEK=4,DAY_OF_WEEK_IN_MONTH=3,AM_PM=1,HOUR=7,HOUR_OF_DAY=19,MINUTE=33,SECOND=13,MILLISECOND=424,ZONE_OFFSET=0,DST_OFFSET=0], message=null}
19:33:13.431 [main] DEBUG org.hibernate.SQL - insert into LogEntries (logCode, message, primaryUser, secondaryUser, time, id) values (?, ?, ?, ?, ?, ?)
Hibernate: insert into LogEntries (logCode, message, primaryUser, secondaryUser, time, id) values (?, ?, ?, ?, ?, ?)
19:33:13.432 [main] DEBUG o.h.e.j.internal.JdbcCoordinatorImpl - HHH000420: Closing un-released batch
19:33:13.433 [main] DEBUG o.h.e.t.internal.TransactionImpl - begin
19:33:13.433 [main] DEBUG org.hibernate.SQL - select next_val as id_val from hibernate_sequence for update
Hibernate: select next_val as id_val from hibernate_sequence for update
19:33:13.434 [main] DEBUG org.hibernate.SQL - update hibernate_sequence set next_val= ? where next_val=?
Hibernate: update hibernate_sequence set next_val= ? where next_val=?
19:33:13.435 [main] DEBUG o.h.e.i.AbstractSaveEventListener - Generated identifier: 212, using strategy: org.hibernate.id.enhanced.SequenceStyleGenerator
19:33:13.435 [main] DEBUG o.h.e.t.internal.TransactionImpl - committing
19:33:13.435 [main] DEBUG o.h.e.i.AbstractFlushingEventListener - Processing flush-time cascades
19:33:13.435 [main] DEBUG o.h.e.i.AbstractFlushingEventListener - Dirty checking collections
19:33:13.435 [main] DEBUG o.h.e.i.AbstractFlushingEventListener - Flushed: 1 insertions, 0 updates, 0 deletions to 1 objects
19:33:13.435 [main] DEBUG o.h.e.i.AbstractFlushingEventListener - Flushed: 0 (re)creations, 0 updates, 0 removals to 0 collections
19:33:13.435 [main] DEBUG o.h.internal.util.EntityPrinter - Listing entities:
19:33:13.435 [main] DEBUG o.h.internal.util.EntityPrinter - edu.ncsu.csc.itrust2.models.persistent.LogEntry{secondaryUser=null, logCode=5, primaryUser=logapitest, id=212, time=java.util.GregorianCalendar[time=1521660793433,areFieldsSet=true,areAllFieldsSet=true,lenient=true,zone=sun.util.calendar.ZoneInfo[id="Etc/UTC",offset=0,dstSavings=0,useDaylight=false,transitions=0,lastRule=null],firstDayOfWeek=1,minimalDaysInFirstWeek=1,ERA=1,YEAR=2018,MONTH=2,WEEK_OF_YEAR=12,WEEK_OF_MONTH=4,DAY_OF_MONTH=21,DAY_OF_YEAR=80,DAY_OF_WEEK=4,DAY_OF_WEEK_IN_MONTH=3,AM_PM=1,HOUR=7,HOUR_OF_DAY=19,MINUTE=33,SECOND=13,MILLISECOND=433,ZONE_OFFSET=0,DST_OFFSET=0], message=null}
19:33:13.436 [main] DEBUG org.hibernate.SQL - insert into LogEntries (logCode, message, primaryUser, secondaryUser, time, id) values (?, ?, ?, ?, ?, ?)
Hibernate: insert into LogEntries (logCode, message, primaryUser, secondaryUser, time, id) values (?, ?, ?, ?, ?, ?)
19:33:13.437 [main] DEBUG o.h.e.j.internal.JdbcCoordinatorImpl - HHH000420: Closing un-released batch
19:33:13.438 [main] DEBUG o.h.e.t.internal.TransactionImpl - begin
19:33:13.444 [main] DEBUG org.hibernate.SQL - select next_val as id_val from hibernate_sequence for update
Hibernate: select next_val as id_val from hibernate_sequence for update
19:33:13.444 [main] DEBUG org.hibernate.SQL - update hibernate_sequence set next_val= ? where next_val=?
Hibernate: update hibernate_sequence set next_val= ? where next_val=?
19:33:13.445 [main] DEBUG o.h.e.i.AbstractSaveEventListener - Generated identifier: 213, using strategy: org.hibernate.id.enhanced.SequenceStyleGenerator
19:33:13.445 [main] DEBUG o.h.e.t.internal.TransactionImpl - committing
19:33:13.445 [main] DEBUG o.h.e.i.AbstractFlushingEventListener - Processing flush-time cascades
19:33:13.445 [main] DEBUG o.h.e.i.AbstractFlushingEventListener - Dirty checking collections
19:33:13.445 [main] DEBUG o.h.e.i.AbstractFlushingEventListener - Flushed: 1 insertions, 0 updates, 0 deletions to 1 objects
19:33:13.445 [main] DEBUG o.h.e.i.AbstractFlushingEventListener - Flushed: 0 (re)creations, 0 updates, 0 removals to 0 collections
19:33:13.445 [main] DEBUG o.h.internal.util.EntityPrinter - Listing entities:
19:33:13.446 [main] DEBUG o.h.internal.util.EntityPrinter - edu.ncsu.csc.itrust2.models.persistent.LogEntry{secondaryUser=null, logCode=5, primaryUser=logapitest, id=213, time=java.util.GregorianCalendar[time=1521660793438,areFieldsSet=true,areAllFieldsSet=true,lenient=true,zone=sun.util.calendar.ZoneInfo[id="Etc/UTC",offset=0,dstSavings=0,useDaylight=false,transitions=0,lastRule=null],firstDayOfWeek=1,minimalDaysInFirstWeek=1,ERA=1,YEAR=2018,MONTH=2,WEEK_OF_YEAR=12,WEEK_OF_MONTH=4,DAY_OF_MONTH=21,DAY_OF_YEAR=80,DAY_OF_WEEK=4,DAY_OF_WEEK_IN_MONTH=3,AM_PM=1,HOUR=7,HOUR_OF_DAY=19,MINUTE=33,SECOND=13,MILLISECOND=438,ZONE_OFFSET=0,DST_OFFSET=0], message=null}
19:33:13.446 [main] DEBUG org.hibernate.SQL - insert into LogEntries (logCode, message, primaryUser, secondaryUser, time, id) values (?, ?, ?, ?, ?, ?)
Hibernate: insert into LogEntries (logCode, message, primaryUser, secondaryUser, time, id) values (?, ?, ?, ?, ?, ?)
19:33:13.447 [main] DEBUG o.h.e.j.internal.JdbcCoordinatorImpl - HHH000420: Closing un-released batch
19:33:13.448 [main] DEBUG o.h.e.t.internal.TransactionImpl - begin
19:33:13.448 [main] DEBUG org.hibernate.SQL - select next_val as id_val from hibernate_sequence for update
Hibernate: select next_val as id_val from hibernate_sequence for update
19:33:13.449 [main] DEBUG org.hibernate.SQL - update hibernate_sequence set next_val= ? where next_val=?
Hibernate: update hibernate_sequence set next_val= ? where next_val=?
19:33:13.449 [main] DEBUG o.h.e.i.AbstractSaveEventListener - Generated identifier: 214, using strategy: org.hibernate.id.enhanced.SequenceStyleGenerator
19:33:13.450 [main] DEBUG o.h.e.t.internal.TransactionImpl - committing
19:33:13.450 [main] DEBUG o.h.e.i.AbstractFlushingEventListener - Processing flush-time cascades
19:33:13.450 [main] DEBUG o.h.e.i.AbstractFlushingEventListener - Dirty checking collections
19:33:13.450 [main] DEBUG o.h.e.i.AbstractFlushingEventListener - Flushed: 1 insertions, 0 updates, 0 deletions to 1 objects
19:33:13.450 [main] DEBUG o.h.e.i.AbstractFlushingEventListener - Flushed: 0 (re)creations, 0 updates, 0 removals to 0 collections
19:33:13.450 [main] DEBUG o.h.internal.util.EntityPrinter - Listing entities:
19:33:13.450 [main] DEBUG o.h.internal.util.EntityPrinter - edu.ncsu.csc.itrust2.models.persistent.LogEntry{secondaryUser=null, logCode=5, primaryUser=logapitest, id=214, time=java.util.GregorianCalendar[time=1521660793448,areFieldsSet=true,areAllFieldsSet=true,lenient=true,zone=sun.util.calendar.ZoneInfo[id="Etc/UTC",offset=0,dstSavings=0,useDaylight=false,transitions=0,lastRule=null],firstDayOfWeek=1,minimalDaysInFirstWeek=1,ERA=1,YEAR=2018,MONTH=2,WEEK_OF_YEAR=12,WEEK_OF_MONTH=4,DAY_OF_MONTH=21,DAY_OF_YEAR=80,DAY_OF_WEEK=4,DAY_OF_WEEK_IN_MONTH=3,AM_PM=1,HOUR=7,HOUR_OF_DAY=19,MINUTE=33,SECOND=13,MILLISECOND=448,ZONE_OFFSET=0,DST_OFFSET=0], message=null}
19:33:13.450 [main] DEBUG org.hibernate.SQL - insert into LogEntries (logCode, message, primaryUser, secondaryUser, time, id) values (?, ?, ?, ?, ?, ?)
Hibernate: insert into LogEntries (logCode, message, primaryUser, secondaryUser, time, id) values (?, ?, ?, ?, ?, ?)
19:33:13.452 [main] DEBUG o.h.e.j.internal.JdbcCoordinatorImpl - HHH000420: Closing un-released batch
19:33:13.452 [main] DEBUG o.h.e.t.internal.TransactionImpl - begin
19:33:13.453 [main] DEBUG org.hibernate.SQL - select next_val as id_val from hibernate_sequence for update
Hibernate: select next_val as id_val from hibernate_sequence for update
19:33:13.453 [main] DEBUG org.hibernate.SQL - update hibernate_sequence set next_val= ? where next_val=?
Hibernate: update hibernate_sequence set next_val= ? where next_val=?
19:33:13.454 [main] DEBUG o.h.e.i.AbstractSaveEventListener - Generated identifier: 215, using strategy: org.hibernate.id.enhanced.SequenceStyleGenerator
19:33:13.454 [main] DEBUG o.h.e.t.internal.TransactionImpl - committing
19:33:13.454 [main] DEBUG o.h.e.i.AbstractFlushingEventListener - Processing flush-time cascades
19:33:13.454 [main] DEBUG o.h.e.i.AbstractFlushingEventListener - Dirty checking collections
19:33:13.455 [main] DEBUG o.h.e.i.AbstractFlushingEventListener - Flushed: 1 insertions, 0 updates, 0 deletions to 1 objects
19:33:13.455 [main] DEBUG o.h.e.i.AbstractFlushingEventListener - Flushed: 0 (re)creations, 0 updates, 0 removals to 0 collections
19:33:13.455 [main] DEBUG o.h.internal.util.EntityPrinter - Listing entities:
19:33:13.455 [main] DEBUG o.h.internal.util.EntityPrinter - edu.ncsu.csc.itrust2.models.persistent.LogEntry{secondaryUser=null, logCode=5, primaryUser=logapitest, id=215, time=java.util.GregorianCalendar[time=1521660793452,areFieldsSet=true,areAllFieldsSet=true,lenient=true,zone=sun.util.calendar.ZoneInfo[id="Etc/UTC",offset=0,dstSavings=0,useDaylight=false,transitions=0,lastRule=null],firstDayOfWeek=1,minimalDaysInFirstWeek=1,ERA=1,YEAR=2018,MONTH=2,WEEK_OF_YEAR=12,WEEK_OF_MONTH=4,DAY_OF_MONTH=21,DAY_OF_YEAR=80,DAY_OF_WEEK=4,DAY_OF_WEEK_IN_MONTH=3,AM_PM=1,HOUR=7,HOUR_OF_DAY=19,MINUTE=33,SECOND=13,MILLISECOND=452,ZONE_OFFSET=0,DST_OFFSET=0], message=null}
19:33:13.455 [main] DEBUG org.hibernate.SQL - insert into LogEntries (logCode, message, primaryUser, secondaryUser, time, id) values (?, ?, ?, ?, ?, ?)
Hibernate: insert into LogEntries (logCode, message, primaryUser, secondaryUser, time, id) values (?, ?, ?, ?, ?, ?)
19:33:13.462 [main] DEBUG o.h.e.j.internal.JdbcCoordinatorImpl - HHH000420: Closing un-released batch
19:33:13.463 [main] DEBUG o.h.e.t.internal.TransactionImpl - begin
19:33:13.463 [main] DEBUG org.hibernate.SQL - select next_val as id_val from hibernate_sequence for update
Hibernate: select next_val as id_val from hibernate_sequence for update
19:33:13.464 [main] DEBUG org.hibernate.SQL - update hibernate_sequence set next_val= ? where next_val=?
Hibernate: update hibernate_sequence set next_val= ? where next_val=?
19:33:13.465 [main] DEBUG o.h.e.i.AbstractSaveEventListener - Generated identifier: 216, using strategy: org.hibernate.id.enhanced.SequenceStyleGenerator
19:33:13.465 [main] DEBUG o.h.e.t.internal.TransactionImpl - committing
19:33:13.465 [main] DEBUG o.h.e.i.AbstractFlushingEventListener - Processing flush-time cascades
19:33:13.465 [main] DEBUG o.h.e.i.AbstractFlushingEventListener - Dirty checking collections
19:33:13.466 [main] DEBUG o.h.e.i.AbstractFlushingEventListener - Flushed: 1 insertions, 0 updates, 0 deletions to 1 objects
19:33:13.466 [main] DEBUG o.h.e.i.AbstractFlushingEventListener - Flushed: 0 (re)creations, 0 updates, 0 removals to 0 collections
19:33:13.466 [main] DEBUG o.h.internal.util.EntityPrinter - Listing entities:
19:33:13.466 [main] DEBUG o.h.internal.util.EntityPrinter - edu.ncsu.csc.itrust2.models.persistent.LogEntry{secondaryUser=null, logCode=5, primaryUser=logapitest, id=216, time=java.util.GregorianCalendar[time=1521660793463,areFieldsSet=true,areAllFieldsSet=true,lenient=true,zone=sun.util.calendar.ZoneInfo[id="Etc/UTC",offset=0,dstSavings=0,useDaylight=false,transitions=0,lastRule=null],firstDayOfWeek=1,minimalDaysInFirstWeek=1,ERA=1,YEAR=2018,MONTH=2,WEEK_OF_YEAR=12,WEEK_OF_MONTH=4,DAY_OF_MONTH=21,DAY_OF_YEAR=80,DAY_OF_WEEK=4,DAY_OF_WEEK_IN_MONTH=3,AM_PM=1,HOUR=7,HOUR_OF_DAY=19,MINUTE=33,SECOND=13,MILLISECOND=463,ZONE_OFFSET=0,DST_OFFSET=0], message=null}
19:33:13.466 [main] DEBUG org.hibernate.SQL - insert into LogEntries (logCode, message, primaryUser, secondaryUser, time, id) values (?, ?, ?, ?, ?, ?)
Hibernate: insert into LogEntries (logCode, message, primaryUser, secondaryUser, time, id) values (?, ?, ?, ?, ?, ?)
19:33:13.468 [main] DEBUG o.h.e.j.internal.JdbcCoordinatorImpl - HHH000420: Closing un-released batch
19:33:13.468 [main] DEBUG o.h.e.t.internal.TransactionImpl - begin
19:33:13.469 [main] DEBUG org.hibernate.SQL - select next_val as id_val from hibernate_sequence for update
Hibernate: select next_val as id_val from hibernate_sequence for update
19:33:13.469 [main] DEBUG org.hibernate.SQL - update hibernate_sequence set next_val= ? where next_val=?
Hibernate: update hibernate_sequence set next_val= ? where next_val=?
19:33:13.470 [main] DEBUG o.h.e.i.AbstractSaveEventListener - Generated identifier: 217, using strategy: org.hibernate.id.enhanced.SequenceStyleGenerator
19:33:13.470 [main] DEBUG o.h.e.t.internal.TransactionImpl - committing
19:33:13.470 [main] DEBUG o.h.e.i.AbstractFlushingEventListener - Processing flush-time cascades
19:33:13.470 [main] DEBUG o.h.e.i.AbstractFlushingEventListener - Dirty checking collections
19:33:13.470 [main] DEBUG o.h.e.i.AbstractFlushingEventListener - Flushed: 1 insertions, 0 updates, 0 deletions to 1 objects
19:33:13.471 [main] DEBUG o.h.e.i.AbstractFlushingEventListener - Flushed: 0 (re)creations, 0 updates, 0 removals to 0 collections
19:33:13.471 [main] DEBUG o.h.internal.util.EntityPrinter - Listing entities:
19:33:13.471 [main] DEBUG o.h.internal.util.EntityPrinter - edu.ncsu.csc.itrust2.models.persistent.LogEntry{secondaryUser=null, logCode=5, primaryUser=logapitest, id=217, time=java.util.GregorianCalendar[time=1521660793468,areFieldsSet=true,areAllFieldsSet=true,lenient=true,zone=sun.util.calendar.ZoneInfo[id="Etc/UTC",offset=0,dstSavings=0,useDaylight=false,transitions=0,lastRule=null],firstDayOfWeek=1,minimalDaysInFirstWeek=1,ERA=1,YEAR=2018,MONTH=2,WEEK_OF_YEAR=12,WEEK_OF_MONTH=4,DAY_OF_MONTH=21,DAY_OF_YEAR=80,DAY_OF_WEEK=4,DAY_OF_WEEK_IN_MONTH=3,AM_PM=1,HOUR=7,HOUR_OF_DAY=19,MINUTE=33,SECOND=13,MILLISECOND=468,ZONE_OFFSET=0,DST_OFFSET=0], message=null}
19:33:13.471 [main] DEBUG org.hibernate.SQL - insert into LogEntries (logCode, message, primaryUser, secondaryUser, time, id) values (?, ?, ?, ?, ?, ?)
Hibernate: insert into LogEntries (logCode, message, primaryUser, secondaryUser, time, id) values (?, ?, ?, ?, ?, ?)
19:33:13.480 [main] DEBUG o.h.e.j.internal.JdbcCoordinatorImpl - HHH000420: Closing un-released batch
19:33:13.480 [main] DEBUG o.h.e.t.internal.TransactionImpl - begin
19:33:13.481 [main] DEBUG org.hibernate.SQL - select next_val as id_val from hibernate_sequence for update
Hibernate: select next_val as id_val from hibernate_sequence for update
19:33:13.481 [main] DEBUG org.hibernate.SQL - update hibernate_sequence set next_val= ? where next_val=?
Hibernate: update hibernate_sequence set next_val= ? where next_val=?
19:33:13.482 [main] DEBUG o.h.e.i.AbstractSaveEventListener - Generated identifier: 218, using strategy: org.hibernate.id.enhanced.SequenceStyleGenerator
19:33:13.482 [main] DEBUG o.h.e.t.internal.TransactionImpl - committing
19:33:13.482 [main] DEBUG o.h.e.i.AbstractFlushingEventListener - Processing flush-time cascades
19:33:13.482 [main] DEBUG o.h.e.i.AbstractFlushingEventListener - Dirty checking collections
19:33:13.482 [main] DEBUG o.h.e.i.AbstractFlushingEventListener - Flushed: 1 insertions, 0 updates, 0 deletions to 1 objects
19:33:13.482 [main] DEBUG o.h.e.i.AbstractFlushingEventListener - Flushed: 0 (re)creations, 0 updates, 0 removals to 0 collections
19:33:13.482 [main] DEBUG o.h.internal.util.EntityPrinter - Listing entities:
19:33:13.483 [main] DEBUG o.h.internal.util.EntityPrinter - edu.ncsu.csc.itrust2.models.persistent.LogEntry{secondaryUser=null, logCode=5, primaryUser=logapitest, id=218, time=java.util.GregorianCalendar[time=1521660793480,areFieldsSet=true,areAllFieldsSet=true,lenient=true,zone=sun.util.calendar.ZoneInfo[id="Etc/UTC",offset=0,dstSavings=0,useDaylight=false,transitions=0,lastRule=null],firstDayOfWeek=1,minimalDaysInFirstWeek=1,ERA=1,YEAR=2018,MONTH=2,WEEK_OF_YEAR=12,WEEK_OF_MONTH=4,DAY_OF_MONTH=21,DAY_OF_YEAR=80,DAY_OF_WEEK=4,DAY_OF_WEEK_IN_MONTH=3,AM_PM=1,HOUR=7,HOUR_OF_DAY=19,MINUTE=33,SECOND=13,MILLISECOND=480,ZONE_OFFSET=0,DST_OFFSET=0], message=null}
19:33:13.483 [main] DEBUG org.hibernate.SQL - insert into LogEntries (logCode, message, primaryUser, secondaryUser, time, id) values (?, ?, ?, ?, ?, ?)
Hibernate: insert into LogEntries (logCode, message, primaryUser, secondaryUser, time, id) values (?, ?, ?, ?, ?, ?)
19:33:13.484 [main] DEBUG o.h.e.j.internal.JdbcCoordinatorImpl - HHH000420: Closing un-released batch
19:33:13.484 [main] DEBUG o.h.e.t.internal.TransactionImpl - begin
19:33:13.485 [main] DEBUG org.hibernate.SQL - select next_val as id_val from hibernate_sequence for update
Hibernate: select next_val as id_val from hibernate_sequence for update
19:33:13.485 [main] DEBUG org.hibernate.SQL - update hibernate_sequence set next_val= ? where next_val=?
Hibernate: update hibernate_sequence set next_val= ? where next_val=?
19:33:13.486 [main] DEBUG o.h.e.i.AbstractSaveEventListener - Generated identifier: 219, using strategy: org.hibernate.id.enhanced.SequenceStyleGenerator
19:33:13.486 [main] DEBUG o.h.e.t.internal.TransactionImpl - committing
19:33:13.486 [main] DEBUG o.h.e.i.AbstractFlushingEventListener - Processing flush-time cascades
19:33:13.486 [main] DEBUG o.h.e.i.AbstractFlushingEventListener - Dirty checking collections
19:33:13.486 [main] DEBUG o.h.e.i.AbstractFlushingEventListener - Flushed: 1 insertions, 0 updates, 0 deletions to 1 objects
19:33:13.486 [main] DEBUG o.h.e.i.AbstractFlushingEventListener - Flushed: 0 (re)creations, 0 updates, 0 removals to 0 collections
19:33:13.487 [main] DEBUG o.h.internal.util.EntityPrinter - Listing entities:
19:33:13.487 [main] DEBUG o.h.internal.util.EntityPrinter - edu.ncsu.csc.itrust2.models.persistent.LogEntry{secondaryUser=null, logCode=5, primaryUser=logapitest, id=219, time=java.util.GregorianCalendar[time=1521660793484,areFieldsSet=true,areAllFieldsSet=true,lenient=true,zone=sun.util.calendar.ZoneInfo[id="Etc/UTC",offset=0,dstSavings=0,useDaylight=false,transitions=0,lastRule=null],firstDayOfWeek=1,minimalDaysInFirstWeek=1,ERA=1,YEAR=2018,MONTH=2,WEEK_OF_YEAR=12,WEEK_OF_MONTH=4,DAY_OF_MONTH=21,DAY_OF_YEAR=80,DAY_OF_WEEK=4,DAY_OF_WEEK_IN_MONTH=3,AM_PM=1,HOUR=7,HOUR_OF_DAY=19,MINUTE=33,SECOND=13,MILLISECOND=484,ZONE_OFFSET=0,DST_OFFSET=0], message=null}
19:33:13.487 [main] DEBUG org.hibernate.SQL - insert into LogEntries (logCode, message, primaryUser, secondaryUser, time, id) values (?, ?, ?, ?, ?, ?)
Hibernate: insert into LogEntries (logCode, message, primaryUser, secondaryUser, time, id) values (?, ?, ?, ?, ?, ?)
19:33:13.488 [main] DEBUG o.h.e.j.internal.JdbcCoordinatorImpl - HHH000420: Closing un-released batch
19:33:13.489 [main] DEBUG o.h.e.t.internal.TransactionImpl - begin
19:33:13.489 [main] DEBUG org.hibernate.SQL - select next_val as id_val from hibernate_sequence for update
Hibernate: select next_val as id_val from hibernate_sequence for update
19:33:13.490 [main] DEBUG org.hibernate.SQL - update hibernate_sequence set next_val= ? where next_val=?
Hibernate: update hibernate_sequence set next_val= ? where next_val=?
19:33:13.490 [main] DEBUG o.h.e.i.AbstractSaveEventListener - Generated identifier: 220, using strategy: org.hibernate.id.enhanced.SequenceStyleGenerator
19:33:13.491 [main] DEBUG o.h.e.t.internal.TransactionImpl - committing
19:33:13.491 [main] DEBUG o.h.e.i.AbstractFlushingEventListener - Processing flush-time cascades
19:33:13.491 [main] DEBUG o.h.e.i.AbstractFlushingEventListener - Dirty checking collections
19:33:13.491 [main] DEBUG o.h.e.i.AbstractFlushingEventListener - Flushed: 1 insertions, 0 updates, 0 deletions to 1 objects
19:33:13.491 [main] DEBUG o.h.e.i.AbstractFlushingEventListener - Flushed: 0 (re)creations, 0 updates, 0 removals to 0 collections
19:33:13.491 [main] DEBUG o.h.internal.util.EntityPrinter - Listing entities:
19:33:13.491 [main] DEBUG o.h.internal.util.EntityPrinter - edu.ncsu.csc.itrust2.models.persistent.LogEntry{secondaryUser=null, logCode=5, primaryUser=logapitest, id=220, time=java.util.GregorianCalendar[time=1521660793489,areFieldsSet=true,areAllFieldsSet=true,lenient=true,zone=sun.util.calendar.ZoneInfo[id="Etc/UTC",offset=0,dstSavings=0,useDaylight=false,transitions=0,lastRule=null],firstDayOfWeek=1,minimalDaysInFirstWeek=1,ERA=1,YEAR=2018,MONTH=2,WEEK_OF_YEAR=12,WEEK_OF_MONTH=4,DAY_OF_MONTH=21,DAY_OF_YEAR=80,DAY_OF_WEEK=4,DAY_OF_WEEK_IN_MONTH=3,AM_PM=1,HOUR=7,HOUR_OF_DAY=19,MINUTE=33,SECOND=13,MILLISECOND=489,ZONE_OFFSET=0,DST_OFFSET=0], message=null}
19:33:13.491 [main] DEBUG org.hibernate.SQL - insert into LogEntries (logCode, message, primaryUser, secondaryUser, time, id) values (?, ?, ?, ?, ?, ?)
Hibernate: insert into LogEntries (logCode, message, primaryUser, secondaryUser, time, id) values (?, ?, ?, ?, ?, ?)
19:33:13.492 [main] DEBUG o.h.e.j.internal.JdbcCoordinatorImpl - HHH000420: Closing un-released batch
19:33:13.493 [main] DEBUG o.h.e.t.internal.TransactionImpl - begin
19:33:13.499 [main] DEBUG org.hibernate.SQL - select next_val as id_val from hibernate_sequence for update
Hibernate: select next_val as id_val from hibernate_sequence for update
19:33:13.500 [main] DEBUG org.hibernate.SQL - update hibernate_sequence set next_val= ? where next_val=?
Hibernate: update hibernate_sequence set next_val= ? where next_val=?
19:33:13.501 [main] DEBUG o.h.e.i.AbstractSaveEventListener - Generated identifier: 221, using strategy: org.hibernate.id.enhanced.SequenceStyleGenerator
19:33:13.502 [main] DEBUG o.h.e.t.internal.TransactionImpl - committing
19:33:13.502 [main] DEBUG o.h.e.i.AbstractFlushingEventListener - Processing flush-time cascades
19:33:13.502 [main] DEBUG o.h.e.i.AbstractFlushingEventListener - Dirty checking collections
19:33:13.502 [main] DEBUG o.h.e.i.AbstractFlushingEventListener - Flushed: 1 insertions, 0 updates, 0 deletions to 1 objects
19:33:13.502 [main] DEBUG o.h.e.i.AbstractFlushingEventListener - Flushed: 0 (re)creations, 0 updates, 0 removals to 0 collections
19:33:13.502 [main] DEBUG o.h.internal.util.EntityPrinter - Listing entities:
19:33:13.502 [main] DEBUG o.h.internal.util.EntityPrinter - edu.ncsu.csc.itrust2.models.persistent.LogEntry{secondaryUser=null, logCode=5, primaryUser=logapitest, id=221, time=java.util.GregorianCalendar[time=1521660793493,areFieldsSet=true,areAllFieldsSet=true,lenient=true,zone=sun.util.calendar.ZoneInfo[id="Etc/UTC",offset=0,dstSavings=0,useDaylight=false,transitions=0,lastRule=null],firstDayOfWeek=1,minimalDaysInFirstWeek=1,ERA=1,YEAR=2018,MONTH=2,WEEK_OF_YEAR=12,WEEK_OF_MONTH=4,DAY_OF_MONTH=21,DAY_OF_YEAR=80,DAY_OF_WEEK=4,DAY_OF_WEEK_IN_MONTH=3,AM_PM=1,HOUR=7,HOUR_OF_DAY=19,MINUTE=33,SECOND=13,MILLISECOND=493,ZONE_OFFSET=0,DST_OFFSET=0], message=null}
19:33:13.503 [main] DEBUG org.hibernate.SQL - insert into LogEntries (logCode, message, primaryUser, secondaryUser, time, id) values (?, ?, ?, ?, ?, ?)
Hibernate: insert into LogEntries (logCode, message, primaryUser, secondaryUser, time, id) values (?, ?, ?, ?, ?, ?)
19:33:13.505 [main] DEBUG o.h.e.j.internal.JdbcCoordinatorImpl - HHH000420: Closing un-released batch
19:33:13.505 [main] DEBUG o.h.e.t.internal.TransactionImpl - begin
19:33:13.506 [main] DEBUG org.hibernate.SQL - select next_val as id_val from hibernate_sequence for update
Hibernate: select next_val as id_val from hibernate_sequence for update
19:33:13.506 [main] DEBUG org.hibernate.SQL - update hibernate_sequence set next_val= ? where next_val=?
Hibernate: update hibernate_sequence set next_val= ? where next_val=?
19:33:13.507 [main] DEBUG o.h.e.i.AbstractSaveEventListener - Generated identifier: 222, using strategy: org.hibernate.id.enhanced.SequenceStyleGenerator
19:33:13.508 [main] DEBUG o.h.e.t.internal.TransactionImpl - committing
19:33:13.508 [main] DEBUG o.h.e.i.AbstractFlushingEventListener - Processing flush-time cascades
19:33:13.508 [main] DEBUG o.h.e.i.AbstractFlushingEventListener - Dirty checking collections
19:33:13.508 [main] DEBUG o.h.e.i.AbstractFlushingEventListener - Flushed: 1 insertions, 0 updates, 0 deletions to 1 objects
19:33:13.508 [main] DEBUG o.h.e.i.AbstractFlushingEventListener - Flushed: 0 (re)creations, 0 updates, 0 removals to 0 collections
19:33:13.508 [main] DEBUG o.h.internal.util.EntityPrinter - Listing entities:
19:33:13.508 [main] DEBUG o.h.internal.util.EntityPrinter - edu.ncsu.csc.itrust2.models.persistent.LogEntry{secondaryUser=null, logCode=5, primaryUser=logapitest, id=222, time=java.util.GregorianCalendar[time=1521660793505,areFieldsSet=true,areAllFieldsSet=true,lenient=true,zone=sun.util.calendar.ZoneInfo[id="Etc/UTC",offset=0,dstSavings=0,useDaylight=false,transitions=0,lastRule=null],firstDayOfWeek=1,minimalDaysInFirstWeek=1,ERA=1,YEAR=2018,MONTH=2,WEEK_OF_YEAR=12,WEEK_OF_MONTH=4,DAY_OF_MONTH=21,DAY_OF_YEAR=80,DAY_OF_WEEK=4,DAY_OF_WEEK_IN_MONTH=3,AM_PM=1,HOUR=7,HOUR_OF_DAY=19,MINUTE=33,SECOND=13,MILLISECOND=505,ZONE_OFFSET=0,DST_OFFSET=0], message=null}
19:33:13.509 [main] DEBUG org.hibernate.SQL - insert into LogEntries (logCode, message, primaryUser, secondaryUser, time, id) values (?, ?, ?, ?, ?, ?)
Hibernate: insert into LogEntries (logCode, message, primaryUser, secondaryUser, time, id) values (?, ?, ?, ?, ?, ?)
19:33:13.510 [main] DEBUG o.h.e.j.internal.JdbcCoordinatorImpl - HHH000420: Closing un-released batch
19:33:13.510 [main] DEBUG o.h.e.t.internal.TransactionImpl - begin
19:33:13.512 [main] DEBUG org.hibernate.SQL - select next_val as id_val from hibernate_sequence for update
Hibernate: select next_val as id_val from hibernate_sequence for update
19:33:13.512 [main] DEBUG org.hibernate.SQL - update hibernate_sequence set next_val= ? where next_val=?
Hibernate: update hibernate_sequence set next_val= ? where next_val=?
19:33:13.513 [main] DEBUG o.h.e.i.AbstractSaveEventListener - Generated identifier: 223, using strategy: org.hibernate.id.enhanced.SequenceStyleGenerator
19:33:13.514 [main] DEBUG o.h.e.t.internal.TransactionImpl - committing
19:33:13.514 [main] DEBUG o.h.e.i.AbstractFlushingEventListener - Processing flush-time cascades
19:33:13.514 [main] DEBUG o.h.e.i.AbstractFlushingEventListener - Dirty checking collections
19:33:13.514 [main] DEBUG o.h.e.i.AbstractFlushingEventListener - Flushed: 1 insertions, 0 updates, 0 deletions to 1 objects
19:33:13.514 [main] DEBUG o.h.e.i.AbstractFlushingEventListener - Flushed: 0 (re)creations, 0 updates, 0 removals to 0 collections
19:33:13.514 [main] DEBUG o.h.internal.util.EntityPrinter - Listing entities:
19:33:13.514 [main] DEBUG o.h.internal.util.EntityPrinter - edu.ncsu.csc.itrust2.models.persistent.LogEntry{secondaryUser=null, logCode=5, primaryUser=logapitest, id=223, time=java.util.GregorianCalendar[time=1521660793510,areFieldsSet=true,areAllFieldsSet=true,lenient=true,zone=sun.util.calendar.ZoneInfo[id="Etc/UTC",offset=0,dstSavings=0,useDaylight=false,transitions=0,lastRule=null],firstDayOfWeek=1,minimalDaysInFirstWeek=1,ERA=1,YEAR=2018,MONTH=2,WEEK_OF_YEAR=12,WEEK_OF_MONTH=4,DAY_OF_MONTH=21,DAY_OF_YEAR=80,DAY_OF_WEEK=4,DAY_OF_WEEK_IN_MONTH=3,AM_PM=1,HOUR=7,HOUR_OF_DAY=19,MINUTE=33,SECOND=13,MILLISECOND=510,ZONE_OFFSET=0,DST_OFFSET=0], message=null}
19:33:13.515 [main] DEBUG org.hibernate.SQL - insert into LogEntries (logCode, message, primaryUser, secondaryUser, time, id) values (?, ?, ?, ?, ?, ?)
Hibernate: insert into LogEntries (logCode, message, primaryUser, secondaryUser, time, id) values (?, ?, ?, ?, ?, ?)
19:33:13.519 [main] DEBUG o.h.e.j.internal.JdbcCoordinatorImpl - HHH000420: Closing un-released batch
19:33:13.520 [main] DEBUG o.h.e.t.internal.TransactionImpl - begin
19:33:13.521 [main] DEBUG org.hibernate.SQL - select next_val as id_val from hibernate_sequence for update
Hibernate: select next_val as id_val from hibernate_sequence for update
19:33:13.521 [main] DEBUG org.hibernate.SQL - update hibernate_sequence set next_val= ? where next_val=?
Hibernate: update hibernate_sequence set next_val= ? where next_val=?
19:33:13.528 [main] DEBUG o.h.e.i.AbstractSaveEventListener - Generated identifier: 224, using strategy: org.hibernate.id.enhanced.SequenceStyleGenerator
19:33:13.528 [main] DEBUG o.h.e.t.internal.TransactionImpl - committing
19:33:13.528 [main] DEBUG o.h.e.i.AbstractFlushingEventListener - Processing flush-time cascades
19:33:13.528 [main] DEBUG o.h.e.i.AbstractFlushingEventListener - Dirty checking collections
19:33:13.529 [main] DEBUG o.h.e.i.AbstractFlushingEventListener - Flushed: 1 insertions, 0 updates, 0 deletions to 1 objects
19:33:13.529 [main] DEBUG o.h.e.i.AbstractFlushingEventListener - Flushed: 0 (re)creations, 0 updates, 0 removals to 0 collections
19:33:13.529 [main] DEBUG o.h.internal.util.EntityPrinter - Listing entities:
19:33:13.529 [main] DEBUG o.h.internal.util.EntityPrinter - edu.ncsu.csc.itrust2.models.persistent.LogEntry{secondaryUser=null, logCode=5, primaryUser=logapitest, id=224, time=java.util.GregorianCalendar[time=1521660793520,areFieldsSet=true,areAllFieldsSet=true,lenient=true,zone=sun.util.calendar.ZoneInfo[id="Etc/UTC",offset=0,dstSavings=0,useDaylight=false,transitions=0,lastRule=null],firstDayOfWeek=1,minimalDaysInFirstWeek=1,ERA=1,YEAR=2018,MONTH=2,WEEK_OF_YEAR=12,WEEK_OF_MONTH=4,DAY_OF_MONTH=21,DAY_OF_YEAR=80,DAY_OF_WEEK=4,DAY_OF_WEEK_IN_MONTH=3,AM_PM=1,HOUR=7,HOUR_OF_DAY=19,MINUTE=33,SECOND=13,MILLISECOND=520,ZONE_OFFSET=0,DST_OFFSET=0], message=null}
19:33:13.529 [main] DEBUG org.hibernate.SQL - insert into LogEntries (logCode, message, primaryUser, secondaryUser, time, id) values (?, ?, ?, ?, ?, ?)
Hibernate: insert into LogEntries (logCode, message, primaryUser, secondaryUser, time, id) values (?, ?, ?, ?, ?, ?)
19:33:13.532 [main] DEBUG o.h.e.j.internal.JdbcCoordinatorImpl - HHH000420: Closing un-released batch
19:33:13.533 [main] DEBUG o.h.e.t.internal.TransactionImpl - begin
19:33:13.533 [main] DEBUG org.hibernate.SQL - select next_val as id_val from hibernate_sequence for update
Hibernate: select next_val as id_val from hibernate_sequence for update
19:33:13.534 [main] DEBUG org.hibernate.SQL - update hibernate_sequence set next_val= ? where next_val=?
Hibernate: update hibernate_sequence set next_val= ? where next_val=?
19:33:13.535 [main] DEBUG o.h.e.i.AbstractSaveEventListener - Generated identifier: 225, using strategy: org.hibernate.id.enhanced.SequenceStyleGenerator
19:33:13.535 [main] DEBUG o.h.e.t.internal.TransactionImpl - committing
19:33:13.536 [main] DEBUG o.h.e.i.AbstractFlushingEventListener - Processing flush-time cascades
19:33:13.536 [main] DEBUG o.h.e.i.AbstractFlushingEventListener - Dirty checking collections
19:33:13.536 [main] DEBUG o.h.e.i.AbstractFlushingEventListener - Flushed: 1 insertions, 0 updates, 0 deletions to 1 objects
19:33:13.536 [main] DEBUG o.h.e.i.AbstractFlushingEventListener - Flushed: 0 (re)creations, 0 updates, 0 removals to 0 collections
19:33:13.536 [main] DEBUG o.h.internal.util.EntityPrinter - Listing entities:
19:33:13.536 [main] DEBUG o.h.internal.util.EntityPrinter - edu.ncsu.csc.itrust2.models.persistent.LogEntry{secondaryUser=null, logCode=5, primaryUser=logapitest, id=225, time=java.util.GregorianCalendar[time=1521660793532,areFieldsSet=true,areAllFieldsSet=true,lenient=true,zone=sun.util.calendar.ZoneInfo[id="Etc/UTC",offset=0,dstSavings=0,useDaylight=false,transitions=0,lastRule=null],firstDayOfWeek=1,minimalDaysInFirstWeek=1,ERA=1,YEAR=2018,MONTH=2,WEEK_OF_YEAR=12,WEEK_OF_MONTH=4,DAY_OF_MONTH=21,DAY_OF_YEAR=80,DAY_OF_WEEK=4,DAY_OF_WEEK_IN_MONTH=3,AM_PM=1,HOUR=7,HOUR_OF_DAY=19,MINUTE=33,SECOND=13,MILLISECOND=532,ZONE_OFFSET=0,DST_OFFSET=0], message=null}
19:33:13.537 [main] DEBUG org.hibernate.SQL - insert into LogEntries (logCode, message, primaryUser, secondaryUser, time, id) values (?, ?, ?, ?, ?, ?)
Hibernate: insert into LogEntries (logCode, message, primaryUser, secondaryUser, time, id) values (?, ?, ?, ?, ?, ?)
19:33:13.539 [main] DEBUG o.h.e.j.internal.JdbcCoordinatorImpl - HHH000420: Closing un-released batch
19:33:13.539 [main] DEBUG o.h.e.t.internal.TransactionImpl - begin
19:33:13.540 [main] DEBUG org.hibernate.SQL - select next_val as id_val from hibernate_sequence for update
Hibernate: select next_val as id_val from hibernate_sequence for update
19:33:13.541 [main] DEBUG org.hibernate.SQL - update hibernate_sequence set next_val= ? where next_val=?
Hibernate: update hibernate_sequence set next_val= ? where next_val=?
19:33:13.543 [main] DEBUG o.h.e.i.AbstractSaveEventListener - Generated identifier: 226, using strategy: org.hibernate.id.enhanced.SequenceStyleGenerator
19:33:13.543 [main] DEBUG o.h.e.t.internal.TransactionImpl - committing
19:33:13.543 [main] DEBUG o.h.e.i.AbstractFlushingEventListener - Processing flush-time cascades
19:33:13.543 [main] DEBUG o.h.e.i.AbstractFlushingEventListener - Dirty checking collections
19:33:13.543 [main] DEBUG o.h.e.i.AbstractFlushingEventListener - Flushed: 1 insertions, 0 updates, 0 deletions to 1 objects
19:33:13.543 [main] DEBUG o.h.e.i.AbstractFlushingEventListener - Flushed: 0 (re)creations, 0 updates, 0 removals to 0 collections
19:33:13.543 [main] DEBUG o.h.internal.util.EntityPrinter - Listing entities:
19:33:13.543 [main] DEBUG o.h.internal.util.EntityPrinter - edu.ncsu.csc.itrust2.models.persistent.LogEntry{secondaryUser=null, logCode=5, primaryUser=logapitest, id=226, time=java.util.GregorianCalendar[time=1521660793539,areFieldsSet=true,areAllFieldsSet=true,lenient=true,zone=sun.util.calendar.ZoneInfo[id="Etc/UTC",offset=0,dstSavings=0,useDaylight=false,transitions=0,lastRule=null],firstDayOfWeek=1,minimalDaysInFirstWeek=1,ERA=1,YEAR=2018,MONTH=2,WEEK_OF_YEAR=12,WEEK_OF_MONTH=4,DAY_OF_MONTH=21,DAY_OF_YEAR=80,DAY_OF_WEEK=4,DAY_OF_WEEK_IN_MONTH=3,AM_PM=1,HOUR=7,HOUR_OF_DAY=19,MINUTE=33,SECOND=13,MILLISECOND=539,ZONE_OFFSET=0,DST_OFFSET=0], message=null}
19:33:13.544 [main] DEBUG org.hibernate.SQL - insert into LogEntries (logCode, message, primaryUser, secondaryUser, time, id) values (?, ?, ?, ?, ?, ?)
Hibernate: insert into LogEntries (logCode, message, primaryUser, secondaryUser, time, id) values (?, ?, ?, ?, ?, ?)
19:33:13.547 [main] DEBUG o.h.e.j.internal.JdbcCoordinatorImpl - HHH000420: Closing un-released batch
19:33:13.548 [main] DEBUG o.h.e.t.internal.TransactionImpl - begin
19:33:13.549 [main] DEBUG org.hibernate.SQL - select next_val as id_val from hibernate_sequence for update
Hibernate: select next_val as id_val from hibernate_sequence for update
19:33:13.550 [main] DEBUG org.hibernate.SQL - update hibernate_sequence set next_val= ? where next_val=?
Hibernate: update hibernate_sequence set next_val= ? where next_val=?
19:33:13.552 [main] DEBUG o.h.e.i.AbstractSaveEventListener - Generated identifier: 227, using strategy: org.hibernate.id.enhanced.SequenceStyleGenerator
19:33:13.552 [main] DEBUG o.h.e.t.internal.TransactionImpl - committing
19:33:13.553 [main] DEBUG o.h.e.i.AbstractFlushingEventListener - Processing flush-time cascades
19:33:13.553 [main] DEBUG o.h.e.i.AbstractFlushingEventListener - Dirty checking collections
19:33:13.553 [main] DEBUG o.h.e.i.AbstractFlushingEventListener - Flushed: 1 insertions, 0 updates, 0 deletions to 1 objects
19:33:13.553 [main] DEBUG o.h.e.i.AbstractFlushingEventListener - Flushed: 0 (re)creations, 0 updates, 0 removals to 0 collections
19:33:13.553 [main] DEBUG o.h.internal.util.EntityPrinter - Listing entities:
19:33:13.553 [main] DEBUG o.h.internal.util.EntityPrinter - edu.ncsu.csc.itrust2.models.persistent.LogEntry{secondaryUser=null, logCode=5, primaryUser=logapitest, id=227, time=java.util.GregorianCalendar[time=1521660793548,areFieldsSet=true,areAllFieldsSet=true,lenient=true,zone=sun.util.calendar.ZoneInfo[id="Etc/UTC",offset=0,dstSavings=0,useDaylight=false,transitions=0,lastRule=null],firstDayOfWeek=1,minimalDaysInFirstWeek=1,ERA=1,YEAR=2018,MONTH=2,WEEK_OF_YEAR=12,WEEK_OF_MONTH=4,DAY_OF_MONTH=21,DAY_OF_YEAR=80,DAY_OF_WEEK=4,DAY_OF_WEEK_IN_MONTH=3,AM_PM=1,HOUR=7,HOUR_OF_DAY=19,MINUTE=33,SECOND=13,MILLISECOND=548,ZONE_OFFSET=0,DST_OFFSET=0], message=null}
19:33:13.555 [main] DEBUG org.hibernate.SQL - insert into LogEntries (logCode, message, primaryUser, secondaryUser, time, id) values (?, ?, ?, ?, ?, ?)
Hibernate: insert into LogEntries (logCode, message, primaryUser, secondaryUser, time, id) values (?, ?, ?, ?, ?, ?)
19:33:13.558 [main] DEBUG o.h.e.j.internal.JdbcCoordinatorImpl - HHH000420: Closing un-released batch
19:33:13.559 [main] DEBUG o.h.e.t.internal.TransactionImpl - begin
19:33:13.560 [main] DEBUG org.hibernate.SQL - select next_val as id_val from hibernate_sequence for update
Hibernate: select next_val as id_val from hibernate_sequence for update
19:33:13.560 [main] DEBUG org.hibernate.SQL - update hibernate_sequence set next_val= ? where next_val=?
Hibernate: update hibernate_sequence set next_val= ? where next_val=?
19:33:13.562 [main] DEBUG o.h.e.i.AbstractSaveEventListener - Generated identifier: 228, using strategy: org.hibernate.id.enhanced.SequenceStyleGenerator
19:33:13.562 [main] DEBUG o.h.e.t.internal.TransactionImpl - committing
19:33:13.562 [main] DEBUG o.h.e.i.AbstractFlushingEventListener - Processing flush-time cascades
19:33:13.562 [main] DEBUG o.h.e.i.AbstractFlushingEventListener - Dirty checking collections
19:33:13.562 [main] DEBUG o.h.e.i.AbstractFlushingEventListener - Flushed: 1 insertions, 0 updates, 0 deletions to 1 objects
19:33:13.562 [main] DEBUG o.h.e.i.AbstractFlushingEventListener - Flushed: 0 (re)creations, 0 updates, 0 removals to 0 collections
19:33:13.562 [main] DEBUG o.h.internal.util.EntityPrinter - Listing entities:
19:33:13.562 [main] DEBUG o.h.internal.util.EntityPrinter - edu.ncsu.csc.itrust2.models.persistent.LogEntry{secondaryUser=null, logCode=5, primaryUser=logapitest, id=228, time=java.util.GregorianCalendar[time=1521660793559,areFieldsSet=true,areAllFieldsSet=true,lenient=true,zone=sun.util.calendar.ZoneInfo[id="Etc/UTC",offset=0,dstSavings=0,useDaylight=false,transitions=0,lastRule=null],firstDayOfWeek=1,minimalDaysInFirstWeek=1,ERA=1,YEAR=2018,MONTH=2,WEEK_OF_YEAR=12,WEEK_OF_MONTH=4,DAY_OF_MONTH=21,DAY_OF_YEAR=80,DAY_OF_WEEK=4,DAY_OF_WEEK_IN_MONTH=3,AM_PM=1,HOUR=7,HOUR_OF_DAY=19,MINUTE=33,SECOND=13,MILLISECOND=559,ZONE_OFFSET=0,DST_OFFSET=0], message=null}
19:33:13.563 [main] DEBUG org.hibernate.SQL - insert into LogEntries (logCode, message, primaryUser, secondaryUser, time, id) values (?, ?, ?, ?, ?, ?)
Hibernate: insert into LogEntries (logCode, message, primaryUser, secondaryUser, time, id) values (?, ?, ?, ?, ?, ?)
19:33:13.568 [main] DEBUG o.h.e.j.internal.JdbcCoordinatorImpl - HHH000420: Closing un-released batch
19:33:13.569 [main] DEBUG o.h.e.t.internal.TransactionImpl - begin
19:33:13.569 [main] DEBUG org.hibernate.SQL - select next_val as id_val from hibernate_sequence for update
Hibernate: select next_val as id_val from hibernate_sequence for update
19:33:13.570 [main] DEBUG org.hibernate.SQL - update hibernate_sequence set next_val= ? where next_val=?
Hibernate: update hibernate_sequence set next_val= ? where next_val=?
19:33:13.571 [main] DEBUG o.h.e.i.AbstractSaveEventListener - Generated identifier: 229, using strategy: org.hibernate.id.enhanced.SequenceStyleGenerator
19:33:13.571 [main] DEBUG o.h.e.t.internal.TransactionImpl - committing
19:33:13.572 [main] DEBUG o.h.e.i.AbstractFlushingEventListener - Processing flush-time cascades
19:33:13.572 [main] DEBUG o.h.e.i.AbstractFlushingEventListener - Dirty checking collections
19:33:13.572 [main] DEBUG o.h.e.i.AbstractFlushingEventListener - Flushed: 1 insertions, 0 updates, 0 deletions to 1 objects
19:33:13.572 [main] DEBUG o.h.e.i.AbstractFlushingEventListener - Flushed: 0 (re)creations, 0 updates, 0 removals to 0 collections
19:33:13.572 [main] DEBUG o.h.internal.util.EntityPrinter - Listing entities:
19:33:13.572 [main] DEBUG o.h.internal.util.EntityPrinter - edu.ncsu.csc.itrust2.models.persistent.LogEntry{secondaryUser=null, logCode=5, primaryUser=logapitest, id=229, time=java.util.GregorianCalendar[time=1521660793568,areFieldsSet=true,areAllFieldsSet=true,lenient=true,zone=sun.util.calendar.ZoneInfo[id="Etc/UTC",offset=0,dstSavings=0,useDaylight=false,transitions=0,lastRule=null],firstDayOfWeek=1,minimalDaysInFirstWeek=1,ERA=1,YEAR=2018,MONTH=2,WEEK_OF_YEAR=12,WEEK_OF_MONTH=4,DAY_OF_MONTH=21,DAY_OF_YEAR=80,DAY_OF_WEEK=4,DAY_OF_WEEK_IN_MONTH=3,AM_PM=1,HOUR=7,HOUR_OF_DAY=19,MINUTE=33,SECOND=13,MILLISECOND=568,ZONE_OFFSET=0,DST_OFFSET=0], message=null}
19:33:13.573 [main] DEBUG org.hibernate.SQL - insert into LogEntries (logCode, message, primaryUser, secondaryUser, time, id) values (?, ?, ?, ?, ?, ?)
Hibernate: insert into LogEntries (logCode, message, primaryUser, secondaryUser, time, id) values (?, ?, ?, ?, ?, ?)
19:33:13.576 [main] DEBUG o.h.e.j.internal.JdbcCoordinatorImpl - HHH000420: Closing un-released batch
19:33:13.576 [main] DEBUG o.h.e.t.internal.TransactionImpl - begin
19:33:13.581 [main] DEBUG org.hibernate.SQL - select next_val as id_val from hibernate_sequence for update
Hibernate: select next_val as id_val from hibernate_sequence for update
19:33:13.582 [main] DEBUG org.hibernate.SQL - update hibernate_sequence set next_val= ? where next_val=?
Hibernate: update hibernate_sequence set next_val= ? where next_val=?
19:33:13.583 [main] DEBUG o.h.e.i.AbstractSaveEventListener - Generated identifier: 230, using strategy: org.hibernate.id.enhanced.SequenceStyleGenerator
19:33:13.583 [main] DEBUG o.h.e.t.internal.TransactionImpl - committing
19:33:13.583 [main] DEBUG o.h.e.i.AbstractFlushingEventListener - Processing flush-time cascades
19:33:13.583 [main] DEBUG o.h.e.i.AbstractFlushingEventListener - Dirty checking collections
19:33:13.583 [main] DEBUG o.h.e.i.AbstractFlushingEventListener - Flushed: 1 insertions, 0 updates, 0 deletions to 1 objects
19:33:13.583 [main] DEBUG o.h.e.i.AbstractFlushingEventListener - Flushed: 0 (re)creations, 0 updates, 0 removals to 0 collections
19:33:13.583 [main] DEBUG o.h.internal.util.EntityPrinter - Listing entities:
19:33:13.583 [main] DEBUG o.h.internal.util.EntityPrinter - edu.ncsu.csc.itrust2.models.persistent.LogEntry{secondaryUser=null, logCode=5, primaryUser=logapitest, id=230, time=java.util.GregorianCalendar[time=1521660793576,areFieldsSet=true,areAllFieldsSet=true,lenient=true,zone=sun.util.calendar.ZoneInfo[id="Etc/UTC",offset=0,dstSavings=0,useDaylight=false,transitions=0,lastRule=null],firstDayOfWeek=1,minimalDaysInFirstWeek=1,ERA=1,YEAR=2018,MONTH=2,WEEK_OF_YEAR=12,WEEK_OF_MONTH=4,DAY_OF_MONTH=21,DAY_OF_YEAR=80,DAY_OF_WEEK=4,DAY_OF_WEEK_IN_MONTH=3,AM_PM=1,HOUR=7,HOUR_OF_DAY=19,MINUTE=33,SECOND=13,MILLISECOND=576,ZONE_OFFSET=0,DST_OFFSET=0], message=null}
19:33:13.584 [main] DEBUG org.hibernate.SQL - insert into LogEntries (logCode, message, primaryUser, secondaryUser, time, id) values (?, ?, ?, ?, ?, ?)
Hibernate: insert into LogEntries (logCode, message, primaryUser, secondaryUser, time, id) values (?, ?, ?, ?, ?, ?)
19:33:13.585 [main] DEBUG o.h.e.j.internal.JdbcCoordinatorImpl - HHH000420: Closing un-released batch
19:33:13.586 [main] DEBUG o.h.e.t.internal.TransactionImpl - begin
19:33:13.587 [main] DEBUG org.hibernate.SQL - select next_val as id_val from hibernate_sequence for update
Hibernate: select next_val as id_val from hibernate_sequence for update
19:33:13.587 [main] DEBUG org.hibernate.SQL - update hibernate_sequence set next_val= ? where next_val=?
Hibernate: update hibernate_sequence set next_val= ? where next_val=?
19:33:13.589 [main] DEBUG o.h.e.i.AbstractSaveEventListener - Generated identifier: 231, using strategy: org.hibernate.id.enhanced.SequenceStyleGenerator
19:33:13.589 [main] DEBUG o.h.e.t.internal.TransactionImpl - committing
19:33:13.589 [main] DEBUG o.h.e.i.AbstractFlushingEventListener - Processing flush-time cascades
19:33:13.589 [main] DEBUG o.h.e.i.AbstractFlushingEventListener - Dirty checking collections
19:33:13.590 [main] DEBUG o.h.e.i.AbstractFlushingEventListener - Flushed: 1 insertions, 0 updates, 0 deletions to 1 objects
19:33:13.590 [main] DEBUG o.h.e.i.AbstractFlushingEventListener - Flushed: 0 (re)creations, 0 updates, 0 removals to 0 collections
19:33:13.590 [main] DEBUG o.h.internal.util.EntityPrinter - Listing entities:
19:33:13.590 [main] DEBUG o.h.internal.util.EntityPrinter - edu.ncsu.csc.itrust2.models.persistent.LogEntry{secondaryUser=null, logCode=5, primaryUser=logapitest, id=231, time=java.util.GregorianCalendar[time=1521660793586,areFieldsSet=true,areAllFieldsSet=true,lenient=true,zone=sun.util.calendar.ZoneInfo[id="Etc/UTC",offset=0,dstSavings=0,useDaylight=false,transitions=0,lastRule=null],firstDayOfWeek=1,minimalDaysInFirstWeek=1,ERA=1,YEAR=2018,MONTH=2,WEEK_OF_YEAR=12,WEEK_OF_MONTH=4,DAY_OF_MONTH=21,DAY_OF_YEAR=80,DAY_OF_WEEK=4,DAY_OF_WEEK_IN_MONTH=3,AM_PM=1,HOUR=7,HOUR_OF_DAY=19,MINUTE=33,SECOND=13,MILLISECOND=586,ZONE_OFFSET=0,DST_OFFSET=0], message=null}
19:33:13.591 [main] DEBUG org.hibernate.SQL - insert into LogEntries (logCode, message, primaryUser, secondaryUser, time, id) values (?, ?, ?, ?, ?, ?)
Hibernate: insert into LogEntries (logCode, message, primaryUser, secondaryUser, time, id) values (?, ?, ?, ?, ?, ?)
19:33:13.596 [main] DEBUG o.h.e.j.internal.JdbcCoordinatorImpl - HHH000420: Closing un-released batch
19:33:13.598 [main] DEBUG o.h.e.t.internal.TransactionImpl - begin
19:33:13.599 [main] DEBUG org.hibernate.SQL - select next_val as id_val from hibernate_sequence for update
Hibernate: select next_val as id_val from hibernate_sequence for update
19:33:13.599 [main] DEBUG org.hibernate.SQL - update hibernate_sequence set next_val= ? where next_val=?
Hibernate: update hibernate_sequence set next_val= ? where next_val=?
19:33:13.602 [main] DEBUG o.h.e.i.AbstractSaveEventListener - Generated identifier: 232, using strategy: org.hibernate.id.enhanced.SequenceStyleGenerator
19:33:13.603 [main] DEBUG o.h.e.t.internal.TransactionImpl - committing
19:33:13.603 [main] DEBUG o.h.e.i.AbstractFlushingEventListener - Processing flush-time cascades
19:33:13.603 [main] DEBUG o.h.e.i.AbstractFlushingEventListener - Dirty checking collections
19:33:13.603 [main] DEBUG o.h.e.i.AbstractFlushingEventListener - Flushed: 1 insertions, 0 updates, 0 deletions to 1 objects
19:33:13.603 [main] DEBUG o.h.e.i.AbstractFlushingEventListener - Flushed: 0 (re)creations, 0 updates, 0 removals to 0 collections
19:33:13.603 [main] DEBUG o.h.internal.util.EntityPrinter - Listing entities:
19:33:13.603 [main] DEBUG o.h.internal.util.EntityPrinter - edu.ncsu.csc.itrust2.models.persistent.LogEntry{secondaryUser=null, logCode=5, primaryUser=logapitest, id=232, time=java.util.GregorianCalendar[time=1521660793598,areFieldsSet=true,areAllFieldsSet=true,lenient=true,zone=sun.util.calendar.ZoneInfo[id="Etc/UTC",offset=0,dstSavings=0,useDaylight=false,transitions=0,lastRule=null],firstDayOfWeek=1,minimalDaysInFirstWeek=1,ERA=1,YEAR=2018,MONTH=2,WEEK_OF_YEAR=12,WEEK_OF_MONTH=4,DAY_OF_MONTH=21,DAY_OF_YEAR=80,DAY_OF_WEEK=4,DAY_OF_WEEK_IN_MONTH=3,AM_PM=1,HOUR=7,HOUR_OF_DAY=19,MINUTE=33,SECOND=13,MILLISECOND=598,ZONE_OFFSET=0,DST_OFFSET=0], message=null}
19:33:13.603 [main] DEBUG org.hibernate.SQL - insert into LogEntries (logCode, message, primaryUser, secondaryUser, time, id) values (?, ?, ?, ?, ?, ?)
Hibernate: insert into LogEntries (logCode, message, primaryUser, secondaryUser, time, id) values (?, ?, ?, ?, ?, ?)
19:33:13.605 [main] DEBUG o.h.e.j.internal.JdbcCoordinatorImpl - HHH000420: Closing un-released batch
19:33:13.606 [main] DEBUG o.h.e.t.internal.TransactionImpl - begin
19:33:13.606 [main] DEBUG org.hibernate.SQL - select next_val as id_val from hibernate_sequence for update
Hibernate: select next_val as id_val from hibernate_sequence for update
19:33:13.607 [main] DEBUG org.hibernate.SQL - update hibernate_sequence set next_val= ? where next_val=?
Hibernate: update hibernate_sequence set next_val= ? where next_val=?
19:33:13.608 [main] DEBUG o.h.e.i.AbstractSaveEventListener - Generated identifier: 233, using strategy: org.hibernate.id.enhanced.SequenceStyleGenerator
19:33:13.608 [main] DEBUG o.h.e.t.internal.TransactionImpl - committing
19:33:13.608 [main] DEBUG o.h.e.i.AbstractFlushingEventListener - Processing flush-time cascades
19:33:13.608 [main] DEBUG o.h.e.i.AbstractFlushingEventListener - Dirty checking collections
19:33:13.609 [main] DEBUG o.h.e.i.AbstractFlushingEventListener - Flushed: 1 insertions, 0 updates, 0 deletions to 1 objects
19:33:13.609 [main] DEBUG o.h.e.i.AbstractFlushingEventListener - Flushed: 0 (re)creations, 0 updates, 0 removals to 0 collections
19:33:13.609 [main] DEBUG o.h.internal.util.EntityPrinter - Listing entities:
19:33:13.609 [main] DEBUG o.h.internal.util.EntityPrinter - edu.ncsu.csc.itrust2.models.persistent.LogEntry{secondaryUser=null, logCode=5, primaryUser=logapitest, id=233, time=java.util.GregorianCalendar[time=1521660793605,areFieldsSet=true,areAllFieldsSet=true,lenient=true,zone=sun.util.calendar.ZoneInfo[id="Etc/UTC",offset=0,dstSavings=0,useDaylight=false,transitions=0,lastRule=null],firstDayOfWeek=1,minimalDaysInFirstWeek=1,ERA=1,YEAR=2018,MONTH=2,WEEK_OF_YEAR=12,WEEK_OF_MONTH=4,DAY_OF_MONTH=21,DAY_OF_YEAR=80,DAY_OF_WEEK=4,DAY_OF_WEEK_IN_MONTH=3,AM_PM=1,HOUR=7,HOUR_OF_DAY=19,MINUTE=33,SECOND=13,MILLISECOND=605,ZONE_OFFSET=0,DST_OFFSET=0], message=null}
19:33:13.609 [main] DEBUG org.hibernate.SQL - insert into LogEntries (logCode, message, primaryUser, secondaryUser, time, id) values (?, ?, ?, ?, ?, ?)
Hibernate: insert into LogEntries (logCode, message, primaryUser, secondaryUser, time, id) values (?, ?, ?, ?, ?, ?)
19:33:13.613 [main] DEBUG o.h.e.j.internal.JdbcCoordinatorImpl - HHH000420: Closing un-released batch
19:33:13.613 [main] DEBUG o.h.e.t.internal.TransactionImpl - begin
19:33:13.614 [main] DEBUG org.hibernate.SQL - select next_val as id_val from hibernate_sequence for update
Hibernate: select next_val as id_val from hibernate_sequence for update
19:33:13.614 [main] DEBUG org.hibernate.SQL - update hibernate_sequence set next_val= ? where next_val=?
Hibernate: update hibernate_sequence set next_val= ? where next_val=?
19:33:13.615 [main] DEBUG o.h.e.i.AbstractSaveEventListener - Generated identifier: 234, using strategy: org.hibernate.id.enhanced.SequenceStyleGenerator
19:33:13.616 [main] DEBUG o.h.e.t.internal.TransactionImpl - committing
19:33:13.616 [main] DEBUG o.h.e.i.AbstractFlushingEventListener - Processing flush-time cascades
19:33:13.617 [main] DEBUG o.h.e.i.AbstractFlushingEventListener - Dirty checking collections
19:33:13.617 [main] DEBUG o.h.e.i.AbstractFlushingEventListener - Flushed: 1 insertions, 0 updates, 0 deletions to 1 objects
19:33:13.617 [main] DEBUG o.h.e.i.AbstractFlushingEventListener - Flushed: 0 (re)creations, 0 updates, 0 removals to 0 collections
19:33:13.617 [main] DEBUG o.h.internal.util.EntityPrinter - Listing entities:
19:33:13.617 [main] DEBUG o.h.internal.util.EntityPrinter - edu.ncsu.csc.itrust2.models.persistent.LogEntry{secondaryUser=null, logCode=5, primaryUser=logapitest, id=234, time=java.util.GregorianCalendar[time=1521660793613,areFieldsSet=true,areAllFieldsSet=true,lenient=true,zone=sun.util.calendar.ZoneInfo[id="Etc/UTC",offset=0,dstSavings=0,useDaylight=false,transitions=0,lastRule=null],firstDayOfWeek=1,minimalDaysInFirstWeek=1,ERA=1,YEAR=2018,MONTH=2,WEEK_OF_YEAR=12,WEEK_OF_MONTH=4,DAY_OF_MONTH=21,DAY_OF_YEAR=80,DAY_OF_WEEK=4,DAY_OF_WEEK_IN_MONTH=3,AM_PM=1,HOUR=7,HOUR_OF_DAY=19,MINUTE=33,SECOND=13,MILLISECOND=613,ZONE_OFFSET=0,DST_OFFSET=0], message=null}
19:33:13.617 [main] DEBUG org.hibernate.SQL - insert into LogEntries (logCode, message, primaryUser, secondaryUser, time, id) values (?, ?, ?, ?, ?, ?)
Hibernate: insert into LogEntries (logCode, message, primaryUser, secondaryUser, time, id) values (?, ?, ?, ?, ?, ?)
19:33:13.622 [main] DEBUG o.h.e.j.internal.JdbcCoordinatorImpl - HHH000420: Closing un-released batch
19:33:13.622 [main] DEBUG o.h.e.t.internal.TransactionImpl - begin
19:33:13.625 [main] DEBUG org.hibernate.SQL - select next_val as id_val from hibernate_sequence for update
Hibernate: select next_val as id_val from hibernate_sequence for update
19:33:13.626 [main] DEBUG org.hibernate.SQL - update hibernate_sequence set next_val= ? where next_val=?
Hibernate: update hibernate_sequence set next_val= ? where next_val=?
19:33:13.627 [main] DEBUG o.h.e.i.AbstractSaveEventListener - Generated identifier: 235, using strategy: org.hibernate.id.enhanced.SequenceStyleGenerator
19:33:13.627 [main] DEBUG o.h.e.t.internal.TransactionImpl - committing
19:33:13.627 [main] DEBUG o.h.e.i.AbstractFlushingEventListener - Processing flush-time cascades
19:33:13.627 [main] DEBUG o.h.e.i.AbstractFlushingEventListener - Dirty checking collections
19:33:13.628 [main] DEBUG o.h.e.i.AbstractFlushingEventListener - Flushed: 1 insertions, 0 updates, 0 deletions to 1 objects
19:33:13.628 [main] DEBUG o.h.e.i.AbstractFlushingEventListener - Flushed: 0 (re)creations, 0 updates, 0 removals to 0 collections
19:33:13.628 [main] DEBUG o.h.internal.util.EntityPrinter - Listing entities:
19:33:13.628 [main] DEBUG o.h.internal.util.EntityPrinter - edu.ncsu.csc.itrust2.models.persistent.LogEntry{secondaryUser=null, logCode=5, primaryUser=logapitest, id=235, time=java.util.GregorianCalendar[time=1521660793622,areFieldsSet=true,areAllFieldsSet=true,lenient=true,zone=sun.util.calendar.ZoneInfo[id="Etc/UTC",offset=0,dstSavings=0,useDaylight=false,transitions=0,lastRule=null],firstDayOfWeek=1,minimalDaysInFirstWeek=1,ERA=1,YEAR=2018,MONTH=2,WEEK_OF_YEAR=12,WEEK_OF_MONTH=4,DAY_OF_MONTH=21,DAY_OF_YEAR=80,DAY_OF_WEEK=4,DAY_OF_WEEK_IN_MONTH=3,AM_PM=1,HOUR=7,HOUR_OF_DAY=19,MINUTE=33,SECOND=13,MILLISECOND=622,ZONE_OFFSET=0,DST_OFFSET=0], message=null}
19:33:13.628 [main] DEBUG org.hibernate.SQL - insert into LogEntries (logCode, message, primaryUser, secondaryUser, time, id) values (?, ?, ?, ?, ?, ?)
Hibernate: insert into LogEntries (logCode, message, primaryUser, secondaryUser, time, id) values (?, ?, ?, ?, ?, ?)
19:33:13.630 [main] DEBUG o.h.e.j.internal.JdbcCoordinatorImpl - HHH000420: Closing un-released batch
19:33:13.631 [main] DEBUG o.h.e.t.internal.TransactionImpl - begin
19:33:13.635 [main] DEBUG org.hibernate.SQL - select next_val as id_val from hibernate_sequence for update
Hibernate: select next_val as id_val from hibernate_sequence for update
19:33:13.636 [main] DEBUG org.hibernate.SQL - update hibernate_sequence set next_val= ? where next_val=?
Hibernate: update hibernate_sequence set next_val= ? where next_val=?
19:33:13.637 [main] DEBUG o.h.e.i.AbstractSaveEventListener - Generated identifier: 236, using strategy: org.hibernate.id.enhanced.SequenceStyleGenerator
19:33:13.637 [main] DEBUG o.h.e.t.internal.TransactionImpl - committing
19:33:13.637 [main] DEBUG o.h.e.i.AbstractFlushingEventListener - Processing flush-time cascades
19:33:13.637 [main] DEBUG o.h.e.i.AbstractFlushingEventListener - Dirty checking collections
19:33:13.637 [main] DEBUG o.h.e.i.AbstractFlushingEventListener - Flushed: 1 insertions, 0 updates, 0 deletions to 1 objects
19:33:13.637 [main] DEBUG o.h.e.i.AbstractFlushingEventListener - Flushed: 0 (re)creations, 0 updates, 0 removals to 0 collections
19:33:13.637 [main] DEBUG o.h.internal.util.EntityPrinter - Listing entities:
19:33:13.637 [main] DEBUG o.h.internal.util.EntityPrinter - edu.ncsu.csc.itrust2.models.persistent.LogEntry{secondaryUser=null, logCode=5, primaryUser=logapitest, id=236, time=java.util.GregorianCalendar[time=1521660793631,areFieldsSet=true,areAllFieldsSet=true,lenient=true,zone=sun.util.calendar.ZoneInfo[id="Etc/UTC",offset=0,dstSavings=0,useDaylight=false,transitions=0,lastRule=null],firstDayOfWeek=1,minimalDaysInFirstWeek=1,ERA=1,YEAR=2018,MONTH=2,WEEK_OF_YEAR=12,WEEK_OF_MONTH=4,DAY_OF_MONTH=21,DAY_OF_YEAR=80,DAY_OF_WEEK=4,DAY_OF_WEEK_IN_MONTH=3,AM_PM=1,HOUR=7,HOUR_OF_DAY=19,MINUTE=33,SECOND=13,MILLISECOND=631,ZONE_OFFSET=0,DST_OFFSET=0], message=null}
19:33:13.637 [main] DEBUG org.hibernate.SQL - insert into LogEntries (logCode, message, primaryUser, secondaryUser, time, id) values (?, ?, ?, ?, ?, ?)
Hibernate: insert into LogEntries (logCode, message, primaryUser, secondaryUser, time, id) values (?, ?, ?, ?, ?, ?)
19:33:13.639 [main] DEBUG o.h.e.j.internal.JdbcCoordinatorImpl - HHH000420: Closing un-released batch
19:33:13.639 [main] DEBUG o.h.e.t.internal.TransactionImpl - begin
19:33:13.640 [main] DEBUG org.hibernate.SQL - select next_val as id_val from hibernate_sequence for update
Hibernate: select next_val as id_val from hibernate_sequence for update
19:33:13.640 [main] DEBUG org.hibernate.SQL - update hibernate_sequence set next_val= ? where next_val=?
Hibernate: update hibernate_sequence set next_val= ? where next_val=?
19:33:13.641 [main] DEBUG o.h.e.i.AbstractSaveEventListener - Generated identifier: 237, using strategy: org.hibernate.id.enhanced.SequenceStyleGenerator
19:33:13.642 [main] DEBUG o.h.e.t.internal.TransactionImpl - committing
19:33:13.642 [main] DEBUG o.h.e.i.AbstractFlushingEventListener - Processing flush-time cascades
19:33:13.642 [main] DEBUG o.h.e.i.AbstractFlushingEventListener - Dirty checking collections
19:33:13.642 [main] DEBUG o.h.e.i.AbstractFlushingEventListener - Flushed: 1 insertions, 0 updates, 0 deletions to 1 objects
19:33:13.642 [main] DEBUG o.h.e.i.AbstractFlushingEventListener - Flushed: 0 (re)creations, 0 updates, 0 removals to 0 collections
19:33:13.642 [main] DEBUG o.h.internal.util.EntityPrinter - Listing entities:
19:33:13.642 [main] DEBUG o.h.internal.util.EntityPrinter - edu.ncsu.csc.itrust2.models.persistent.LogEntry{secondaryUser=null, logCode=5, primaryUser=logapitest, id=237, time=java.util.GregorianCalendar[time=1521660793639,areFieldsSet=true,areAllFieldsSet=true,lenient=true,zone=sun.util.calendar.ZoneInfo[id="Etc/UTC",offset=0,dstSavings=0,useDaylight=false,transitions=0,lastRule=null],firstDayOfWeek=1,minimalDaysInFirstWeek=1,ERA=1,YEAR=2018,MONTH=2,WEEK_OF_YEAR=12,WEEK_OF_MONTH=4,DAY_OF_MONTH=21,DAY_OF_YEAR=80,DAY_OF_WEEK=4,DAY_OF_WEEK_IN_MONTH=3,AM_PM=1,HOUR=7,HOUR_OF_DAY=19,MINUTE=33,SECOND=13,MILLISECOND=639,ZONE_OFFSET=0,DST_OFFSET=0], message=null}
19:33:13.642 [main] DEBUG org.hibernate.SQL - insert into LogEntries (logCode, message, primaryUser, secondaryUser, time, id) values (?, ?, ?, ?, ?, ?)
Hibernate: insert into LogEntries (logCode, message, primaryUser, secondaryUser, time, id) values (?, ?, ?, ?, ?, ?)
19:33:13.644 [main] DEBUG o.h.e.j.internal.JdbcCoordinatorImpl - HHH000420: Closing un-released batch
19:33:13.644 [main] DEBUG o.h.e.t.internal.TransactionImpl - begin
19:33:13.645 [main] DEBUG org.hibernate.SQL - select next_val as id_val from hibernate_sequence for update
Hibernate: select next_val as id_val from hibernate_sequence for update
19:33:13.645 [main] DEBUG org.hibernate.SQL - update hibernate_sequence set next_val= ? where next_val=?
Hibernate: update hibernate_sequence set next_val= ? where next_val=?
19:33:13.646 [main] DEBUG o.h.e.i.AbstractSaveEventListener - Generated identifier: 238, using strategy: org.hibernate.id.enhanced.SequenceStyleGenerator
19:33:13.646 [main] DEBUG o.h.e.t.internal.TransactionImpl - committing
19:33:13.647 [main] DEBUG o.h.e.i.AbstractFlushingEventListener - Processing flush-time cascades
19:33:13.647 [main] DEBUG o.h.e.i.AbstractFlushingEventListener - Dirty checking collections
19:33:13.647 [main] DEBUG o.h.e.i.AbstractFlushingEventListener - Flushed: 1 insertions, 0 updates, 0 deletions to 1 objects
19:33:13.647 [main] DEBUG o.h.e.i.AbstractFlushingEventListener - Flushed: 0 (re)creations, 0 updates, 0 removals to 0 collections
19:33:13.647 [main] DEBUG o.h.internal.util.EntityPrinter - Listing entities:
19:33:13.647 [main] DEBUG o.h.internal.util.EntityPrinter - edu.ncsu.csc.itrust2.models.persistent.LogEntry{secondaryUser=null, logCode=5, primaryUser=logapitest, id=238, time=java.util.GregorianCalendar[time=1521660793644,areFieldsSet=true,areAllFieldsSet=true,lenient=true,zone=sun.util.calendar.ZoneInfo[id="Etc/UTC",offset=0,dstSavings=0,useDaylight=false,transitions=0,lastRule=null],firstDayOfWeek=1,minimalDaysInFirstWeek=1,ERA=1,YEAR=2018,MONTH=2,WEEK_OF_YEAR=12,WEEK_OF_MONTH=4,DAY_OF_MONTH=21,DAY_OF_YEAR=80,DAY_OF_WEEK=4,DAY_OF_WEEK_IN_MONTH=3,AM_PM=1,HOUR=7,HOUR_OF_DAY=19,MINUTE=33,SECOND=13,MILLISECOND=644,ZONE_OFFSET=0,DST_OFFSET=0], message=null}
19:33:13.647 [main] DEBUG org.hibernate.SQL - insert into LogEntries (logCode, message, primaryUser, secondaryUser, time, id) values (?, ?, ?, ?, ?, ?)
Hibernate: insert into LogEntries (logCode, message, primaryUser, secondaryUser, time, id) values (?, ?, ?, ?, ?, ?)
19:33:13.649 [main] DEBUG o.h.e.j.internal.JdbcCoordinatorImpl - HHH000420: Closing un-released batch
19:33:13.650 [main] DEBUG o.h.e.t.internal.TransactionImpl - begin
19:33:13.650 [main] DEBUG org.hibernate.SQL - select next_val as id_val from hibernate_sequence for update
Hibernate: select next_val as id_val from hibernate_sequence for update
19:33:13.651 [main] DEBUG org.hibernate.SQL - update hibernate_sequence set next_val= ? where next_val=?
Hibernate: update hibernate_sequence set next_val= ? where next_val=?
19:33:13.652 [main] DEBUG o.h.e.i.AbstractSaveEventListener - Generated identifier: 239, using strategy: org.hibernate.id.enhanced.SequenceStyleGenerator
19:33:13.652 [main] DEBUG o.h.e.t.internal.TransactionImpl - committing
19:33:13.653 [main] DEBUG o.h.e.i.AbstractFlushingEventListener - Processing flush-time cascades
19:33:13.653 [main] DEBUG o.h.e.i.AbstractFlushingEventListener - Dirty checking collections
19:33:13.653 [main] DEBUG o.h.e.i.AbstractFlushingEventListener - Flushed: 1 insertions, 0 updates, 0 deletions to 1 objects
19:33:13.653 [main] DEBUG o.h.e.i.AbstractFlushingEventListener - Flushed: 0 (re)creations, 0 updates, 0 removals to 0 collections
19:33:13.653 [main] DEBUG o.h.internal.util.EntityPrinter - Listing entities:
19:33:13.653 [main] DEBUG o.h.internal.util.EntityPrinter - edu.ncsu.csc.itrust2.models.persistent.LogEntry{secondaryUser=null, logCode=5, primaryUser=logapitest, id=239, time=java.util.GregorianCalendar[time=1521660793650,areFieldsSet=true,areAllFieldsSet=true,lenient=true,zone=sun.util.calendar.ZoneInfo[id="Etc/UTC",offset=0,dstSavings=0,useDaylight=false,transitions=0,lastRule=null],firstDayOfWeek=1,minimalDaysInFirstWeek=1,ERA=1,YEAR=2018,MONTH=2,WEEK_OF_YEAR=12,WEEK_OF_MONTH=4,DAY_OF_MONTH=21,DAY_OF_YEAR=80,DAY_OF_WEEK=4,DAY_OF_WEEK_IN_MONTH=3,AM_PM=1,HOUR=7,HOUR_OF_DAY=19,MINUTE=33,SECOND=13,MILLISECOND=650,ZONE_OFFSET=0,DST_OFFSET=0], message=null}
19:33:13.653 [main] DEBUG org.hibernate.SQL - insert into LogEntries (logCode, message, primaryUser, secondaryUser, time, id) values (?, ?, ?, ?, ?, ?)
Hibernate: insert into LogEntries (logCode, message, primaryUser, secondaryUser, time, id) values (?, ?, ?, ?, ?, ?)
19:33:13.655 [main] DEBUG o.h.e.j.internal.JdbcCoordinatorImpl - HHH000420: Closing un-released batch
19:33:13.655 [main] DEBUG o.h.e.t.internal.TransactionImpl - begin
19:33:13.656 [main] DEBUG org.hibernate.SQL - select next_val as id_val from hibernate_sequence for update
Hibernate: select next_val as id_val from hibernate_sequence for update
19:33:13.657 [main] DEBUG org.hibernate.SQL - update hibernate_sequence set next_val= ? where next_val=?
Hibernate: update hibernate_sequence set next_val= ? where next_val=?
19:33:13.689 [main] DEBUG o.h.e.i.AbstractSaveEventListener - Generated identifier: 240, using strategy: org.hibernate.id.enhanced.SequenceStyleGenerator
19:33:13.689 [main] DEBUG o.h.e.t.internal.TransactionImpl - committing
19:33:13.689 [main] DEBUG o.h.e.i.AbstractFlushingEventListener - Processing flush-time cascades
19:33:13.689 [main] DEBUG o.h.e.i.AbstractFlushingEventListener - Dirty checking collections
19:33:13.689 [main] DEBUG o.h.e.i.AbstractFlushingEventListener - Flushed: 1 insertions, 0 updates, 0 deletions to 1 objects
19:33:13.689 [main] DEBUG o.h.e.i.AbstractFlushingEventListener - Flushed: 0 (re)creations, 0 updates, 0 removals to 0 collections
19:33:13.690 [main] DEBUG o.h.internal.util.EntityPrinter - Listing entities:
19:33:13.690 [main] DEBUG o.h.internal.util.EntityPrinter - edu.ncsu.csc.itrust2.models.persistent.LogEntry{secondaryUser=null, logCode=5, primaryUser=logapitest, id=240, time=java.util.GregorianCalendar[time=1521660793655,areFieldsSet=true,areAllFieldsSet=true,lenient=true,zone=sun.util.calendar.ZoneInfo[id="Etc/UTC",offset=0,dstSavings=0,useDaylight=false,transitions=0,lastRule=null],firstDayOfWeek=1,minimalDaysInFirstWeek=1,ERA=1,YEAR=2018,MONTH=2,WEEK_OF_YEAR=12,WEEK_OF_MONTH=4,DAY_OF_MONTH=21,DAY_OF_YEAR=80,DAY_OF_WEEK=4,DAY_OF_WEEK_IN_MONTH=3,AM_PM=1,HOUR=7,HOUR_OF_DAY=19,MINUTE=33,SECOND=13,MILLISECOND=655,ZONE_OFFSET=0,DST_OFFSET=0], message=null}
19:33:13.690 [main] DEBUG org.hibernate.SQL - insert into LogEntries (logCode, message, primaryUser, secondaryUser, time, id) values (?, ?, ?, ?, ?, ?)
Hibernate: insert into LogEntries (logCode, message, primaryUser, secondaryUser, time, id) values (?, ?, ?, ?, ?, ?)
19:33:13.692 [main] DEBUG o.h.e.j.internal.JdbcCoordinatorImpl - HHH000420: Closing un-released batch
19:33:13.693 [main] DEBUG o.h.e.t.internal.TransactionImpl - begin
19:33:13.693 [main] DEBUG org.hibernate.SQL - select next_val as id_val from hibernate_sequence for update
Hibernate: select next_val as id_val from hibernate_sequence for update
19:33:13.694 [main] DEBUG org.hibernate.SQL - update hibernate_sequence set next_val= ? where next_val=?
Hibernate: update hibernate_sequence set next_val= ? where next_val=?
19:33:13.695 [main] DEBUG o.h.e.i.AbstractSaveEventListener - Generated identifier: 241, using strategy: org.hibernate.id.enhanced.SequenceStyleGenerator
19:33:13.695 [main] DEBUG o.h.e.t.internal.TransactionImpl - committing
19:33:13.695 [main] DEBUG o.h.e.i.AbstractFlushingEventListener - Processing flush-time cascades
19:33:13.695 [main] DEBUG o.h.e.i.AbstractFlushingEventListener - Dirty checking collections
19:33:13.695 [main] DEBUG o.h.e.i.AbstractFlushingEventListener - Flushed: 1 insertions, 0 updates, 0 deletions to 1 objects
19:33:13.695 [main] DEBUG o.h.e.i.AbstractFlushingEventListener - Flushed: 0 (re)creations, 0 updates, 0 removals to 0 collections
19:33:13.695 [main] DEBUG o.h.internal.util.EntityPrinter - Listing entities:
19:33:13.695 [main] DEBUG o.h.internal.util.EntityPrinter - edu.ncsu.csc.itrust2.models.persistent.LogEntry{secondaryUser=null, logCode=5, primaryUser=logapitest, id=241, time=java.util.GregorianCalendar[time=1521660793693,areFieldsSet=true,areAllFieldsSet=true,lenient=true,zone=sun.util.calendar.ZoneInfo[id="Etc/UTC",offset=0,dstSavings=0,useDaylight=false,transitions=0,lastRule=null],firstDayOfWeek=1,minimalDaysInFirstWeek=1,ERA=1,YEAR=2018,MONTH=2,WEEK_OF_YEAR=12,WEEK_OF_MONTH=4,DAY_OF_MONTH=21,DAY_OF_YEAR=80,DAY_OF_WEEK=4,DAY_OF_WEEK_IN_MONTH=3,AM_PM=1,HOUR=7,HOUR_OF_DAY=19,MINUTE=33,SECOND=13,MILLISECOND=693,ZONE_OFFSET=0,DST_OFFSET=0], message=null}
19:33:13.696 [main] DEBUG org.hibernate.SQL - insert into LogEntries (logCode, message, primaryUser, secondaryUser, time, id) values (?, ?, ?, ?, ?, ?)
Hibernate: insert into LogEntries (logCode, message, primaryUser, secondaryUser, time, id) values (?, ?, ?, ?, ?, ?)
19:33:13.697 [main] DEBUG o.h.e.j.internal.JdbcCoordinatorImpl - HHH000420: Closing un-released batch
19:33:13.698 [main] DEBUG o.h.e.t.internal.TransactionImpl - begin
19:33:13.698 [main] DEBUG org.hibernate.SQL - select next_val as id_val from hibernate_sequence for update
Hibernate: select next_val as id_val from hibernate_sequence for update
19:33:13.699 [main] DEBUG org.hibernate.SQL - update hibernate_sequence set next_val= ? where next_val=?
Hibernate: update hibernate_sequence set next_val= ? where next_val=?
19:33:13.701 [main] DEBUG o.h.e.i.AbstractSaveEventListener - Generated identifier: 242, using strategy: org.hibernate.id.enhanced.SequenceStyleGenerator
19:33:13.701 [main] DEBUG o.h.e.t.internal.TransactionImpl - committing
19:33:13.701 [main] DEBUG o.h.e.i.AbstractFlushingEventListener - Processing flush-time cascades
19:33:13.701 [main] DEBUG o.h.e.i.AbstractFlushingEventListener - Dirty checking collections
19:33:13.702 [main] DEBUG o.h.e.i.AbstractFlushingEventListener - Flushed: 1 insertions, 0 updates, 0 deletions to 1 objects
19:33:13.702 [main] DEBUG o.h.e.i.AbstractFlushingEventListener - Flushed: 0 (re)creations, 0 updates, 0 removals to 0 collections
19:33:13.702 [main] DEBUG o.h.internal.util.EntityPrinter - Listing entities:
19:33:13.702 [main] DEBUG o.h.internal.util.EntityPrinter - edu.ncsu.csc.itrust2.models.persistent.LogEntry{secondaryUser=null, logCode=5, primaryUser=logapitest, id=242, time=java.util.GregorianCalendar[time=1521660793698,areFieldsSet=true,areAllFieldsSet=true,lenient=true,zone=sun.util.calendar.ZoneInfo[id="Etc/UTC",offset=0,dstSavings=0,useDaylight=false,transitions=0,lastRule=null],firstDayOfWeek=1,minimalDaysInFirstWeek=1,ERA=1,YEAR=2018,MONTH=2,WEEK_OF_YEAR=12,WEEK_OF_MONTH=4,DAY_OF_MONTH=21,DAY_OF_YEAR=80,DAY_OF_WEEK=4,DAY_OF_WEEK_IN_MONTH=3,AM_PM=1,HOUR=7,HOUR_OF_DAY=19,MINUTE=33,SECOND=13,MILLISECOND=698,ZONE_OFFSET=0,DST_OFFSET=0], message=null}
19:33:13.702 [main] DEBUG org.hibernate.SQL - insert into LogEntries (logCode, message, primaryUser, secondaryUser, time, id) values (?, ?, ?, ?, ?, ?)
Hibernate: insert into LogEntries (logCode, message, primaryUser, secondaryUser, time, id) values (?, ?, ?, ?, ?, ?)
19:33:13.705 [main] DEBUG o.h.e.j.internal.JdbcCoordinatorImpl - HHH000420: Closing un-released batch
19:33:13.707 [main] DEBUG o.h.e.t.internal.TransactionImpl - begin
19:33:13.708 [main] DEBUG org.hibernate.SQL - select next_val as id_val from hibernate_sequence for update
Hibernate: select next_val as id_val from hibernate_sequence for update
19:33:13.709 [main] DEBUG org.hibernate.SQL - update hibernate_sequence set next_val= ? where next_val=?
Hibernate: update hibernate_sequence set next_val= ? where next_val=?
19:33:13.773 [main] DEBUG o.h.e.i.AbstractSaveEventListener - Generated identifier: 243, using strategy: org.hibernate.id.enhanced.SequenceStyleGenerator
19:33:13.773 [main] DEBUG o.h.e.t.internal.TransactionImpl - committing
19:33:13.773 [main] DEBUG o.h.e.i.AbstractFlushingEventListener - Processing flush-time cascades
19:33:13.773 [main] DEBUG o.h.e.i.AbstractFlushingEventListener - Dirty checking collections
19:33:13.774 [main] DEBUG o.h.e.i.AbstractFlushingEventListener - Flushed: 1 insertions, 0 updates, 0 deletions to 1 objects
19:33:13.774 [main] DEBUG o.h.e.i.AbstractFlushingEventListener - Flushed: 0 (re)creations, 0 updates, 0 removals to 0 collections
19:33:13.774 [main] DEBUG o.h.internal.util.EntityPrinter - Listing entities:
19:33:13.774 [main] DEBUG o.h.internal.util.EntityPrinter - edu.ncsu.csc.itrust2.models.persistent.LogEntry{secondaryUser=null, logCode=5, primaryUser=logapitest, id=243, time=java.util.GregorianCalendar[time=1521660793706,areFieldsSet=true,areAllFieldsSet=true,lenient=true,zone=sun.util.calendar.ZoneInfo[id="Etc/UTC",offset=0,dstSavings=0,useDaylight=false,transitions=0,lastRule=null],firstDayOfWeek=1,minimalDaysInFirstWeek=1,ERA=1,YEAR=2018,MONTH=2,WEEK_OF_YEAR=12,WEEK_OF_MONTH=4,DAY_OF_MONTH=21,DAY_OF_YEAR=80,DAY_OF_WEEK=4,DAY_OF_WEEK_IN_MONTH=3,AM_PM=1,HOUR=7,HOUR_OF_DAY=19,MINUTE=33,SECOND=13,MILLISECOND=706,ZONE_OFFSET=0,DST_OFFSET=0], message=null}
19:33:13.774 [main] DEBUG org.hibernate.SQL - insert into LogEntries (logCode, message, primaryUser, secondaryUser, time, id) values (?, ?, ?, ?, ?, ?)
Hibernate: insert into LogEntries (logCode, message, primaryUser, secondaryUser, time, id) values (?, ?, ?, ?, ?, ?)
19:33:13.777 [main] DEBUG o.h.e.j.internal.JdbcCoordinatorImpl - HHH000420: Closing un-released batch
19:33:13.784 [main] DEBUG o.h.e.t.internal.TransactionImpl - begin
19:33:13.785 [main] DEBUG org.hibernate.SQL - select next_val as id_val from hibernate_sequence for update
Hibernate: select next_val as id_val from hibernate_sequence for update
19:33:13.785 [main] DEBUG org.hibernate.SQL - update hibernate_sequence set next_val= ? where next_val=?
Hibernate: update hibernate_sequence set next_val= ? where next_val=?
19:33:13.787 [main] DEBUG o.h.e.i.AbstractSaveEventListener - Generated identifier: 244, using strategy: org.hibernate.id.enhanced.SequenceStyleGenerator
19:33:13.787 [main] DEBUG o.h.e.t.internal.TransactionImpl - committing
19:33:13.788 [main] DEBUG o.h.e.i.AbstractFlushingEventListener - Processing flush-time cascades
19:33:13.788 [main] DEBUG o.h.e.i.AbstractFlushingEventListener - Dirty checking collections
19:33:13.788 [main] DEBUG o.h.e.i.AbstractFlushingEventListener - Flushed: 1 insertions, 0 updates, 0 deletions to 1 objects
19:33:13.788 [main] DEBUG o.h.e.i.AbstractFlushingEventListener - Flushed: 0 (re)creations, 0 updates, 0 removals to 0 collections
19:33:13.788 [main] DEBUG o.h.internal.util.EntityPrinter - Listing entities:
19:33:13.788 [main] DEBUG o.h.internal.util.EntityPrinter - edu.ncsu.csc.itrust2.models.persistent.LogEntry{secondaryUser=null, logCode=5, primaryUser=logapitest, id=244, time=java.util.GregorianCalendar[time=1521660793784,areFieldsSet=true,areAllFieldsSet=true,lenient=true,zone=sun.util.calendar.ZoneInfo[id="Etc/UTC",offset=0,dstSavings=0,useDaylight=false,transitions=0,lastRule=null],firstDayOfWeek=1,minimalDaysInFirstWeek=1,ERA=1,YEAR=2018,MONTH=2,WEEK_OF_YEAR=12,WEEK_OF_MONTH=4,DAY_OF_MONTH=21,DAY_OF_YEAR=80,DAY_OF_WEEK=4,DAY_OF_WEEK_IN_MONTH=3,AM_PM=1,HOUR=7,HOUR_OF_DAY=19,MINUTE=33,SECOND=13,MILLISECOND=784,ZONE_OFFSET=0,DST_OFFSET=0], message=null}
19:33:13.789 [main] DEBUG org.hibernate.SQL - insert into LogEntries (logCode, message, primaryUser, secondaryUser, time, id) values (?, ?, ?, ?, ?, ?)
Hibernate: insert into LogEntries (logCode, message, primaryUser, secondaryUser, time, id) values (?, ?, ?, ?, ?, ?)
19:33:13.791 [main] DEBUG o.h.e.j.internal.JdbcCoordinatorImpl - HHH000420: Closing un-released batch
19:33:13.791 [main] DEBUG o.h.e.t.internal.TransactionImpl - begin
19:33:13.793 [main] DEBUG org.hibernate.SQL - select next_val as id_val from hibernate_sequence for update
Hibernate: select next_val as id_val from hibernate_sequence for update
19:33:13.794 [main] DEBUG org.hibernate.SQL - update hibernate_sequence set next_val= ? where next_val=?
Hibernate: update hibernate_sequence set next_val= ? where next_val=?
19:33:13.797 [main] DEBUG o.h.e.i.AbstractSaveEventListener - Generated identifier: 245, using strategy: org.hibernate.id.enhanced.SequenceStyleGenerator
19:33:13.797 [main] DEBUG o.h.e.t.internal.TransactionImpl - committing
19:33:13.798 [main] DEBUG o.h.e.i.AbstractFlushingEventListener - Processing flush-time cascades
19:33:13.798 [main] DEBUG o.h.e.i.AbstractFlushingEventListener - Dirty checking collections
19:33:13.798 [main] DEBUG o.h.e.i.AbstractFlushingEventListener - Flushed: 1 insertions, 0 updates, 0 deletions to 1 objects
19:33:13.799 [main] DEBUG o.h.e.i.AbstractFlushingEventListener - Flushed: 0 (re)creations, 0 updates, 0 removals to 0 collections
19:33:13.799 [main] DEBUG o.h.internal.util.EntityPrinter - Listing entities:
19:33:13.800 [main] DEBUG o.h.internal.util.EntityPrinter - edu.ncsu.csc.itrust2.models.persistent.LogEntry{secondaryUser=null, logCode=5, primaryUser=logapitest, id=245, time=java.util.GregorianCalendar[time=1521660793791,areFieldsSet=true,areAllFieldsSet=true,lenient=true,zone=sun.util.calendar.ZoneInfo[id="Etc/UTC",offset=0,dstSavings=0,useDaylight=false,transitions=0,lastRule=null],firstDayOfWeek=1,minimalDaysInFirstWeek=1,ERA=1,YEAR=2018,MONTH=2,WEEK_OF_YEAR=12,WEEK_OF_MONTH=4,DAY_OF_MONTH=21,DAY_OF_YEAR=80,DAY_OF_WEEK=4,DAY_OF_WEEK_IN_MONTH=3,AM_PM=1,HOUR=7,HOUR_OF_DAY=19,MINUTE=33,SECOND=13,MILLISECOND=791,ZONE_OFFSET=0,DST_OFFSET=0], message=null}
19:33:13.801 [main] DEBUG org.hibernate.SQL - insert into LogEntries (logCode, message, primaryUser, secondaryUser, time, id) values (?, ?, ?, ?, ?, ?)
Hibernate: insert into LogEntries (logCode, message, primaryUser, secondaryUser, time, id) values (?, ?, ?, ?, ?, ?)
19:33:13.808 [main] DEBUG o.h.e.j.internal.JdbcCoordinatorImpl - HHH000420: Closing un-released batch
19:33:13.809 [main] DEBUG o.h.e.t.internal.TransactionImpl - begin
19:33:13.814 [main] DEBUG org.hibernate.SQL - select next_val as id_val from hibernate_sequence for update
Hibernate: select next_val as id_val from hibernate_sequence for update
19:33:13.816 [main] DEBUG org.hibernate.SQL - update hibernate_sequence set next_val= ? where next_val=?
Hibernate: update hibernate_sequence set next_val= ? where next_val=?
19:33:13.819 [main] DEBUG o.h.e.i.AbstractSaveEventListener - Generated identifier: 246, using strategy: org.hibernate.id.enhanced.SequenceStyleGenerator
19:33:13.820 [main] DEBUG o.h.e.t.internal.TransactionImpl - committing
19:33:13.820 [main] DEBUG o.h.e.i.AbstractFlushingEventListener - Processing flush-time cascades
19:33:13.820 [main] DEBUG o.h.e.i.AbstractFlushingEventListener - Dirty checking collections
19:33:13.820 [main] DEBUG o.h.e.i.AbstractFlushingEventListener - Flushed: 1 insertions, 0 updates, 0 deletions to 1 objects
19:33:13.821 [main] DEBUG o.h.e.i.AbstractFlushingEventListener - Flushed: 0 (re)creations, 0 updates, 0 removals to 0 collections
19:33:13.821 [main] DEBUG o.h.internal.util.EntityPrinter - Listing entities:
19:33:13.821 [main] DEBUG o.h.internal.util.EntityPrinter - edu.ncsu.csc.itrust2.models.persistent.LogEntry{secondaryUser=null, logCode=5, primaryUser=logapitest, id=246, time=java.util.GregorianCalendar[time=1521660793809,areFieldsSet=true,areAllFieldsSet=true,lenient=true,zone=sun.util.calendar.ZoneInfo[id="Etc/UTC",offset=0,dstSavings=0,useDaylight=false,transitions=0,lastRule=null],firstDayOfWeek=1,minimalDaysInFirstWeek=1,ERA=1,YEAR=2018,MONTH=2,WEEK_OF_YEAR=12,WEEK_OF_MONTH=4,DAY_OF_MONTH=21,DAY_OF_YEAR=80,DAY_OF_WEEK=4,DAY_OF_WEEK_IN_MONTH=3,AM_PM=1,HOUR=7,HOUR_OF_DAY=19,MINUTE=33,SECOND=13,MILLISECOND=809,ZONE_OFFSET=0,DST_OFFSET=0], message=null}
19:33:13.822 [main] DEBUG org.hibernate.SQL - insert into LogEntries (logCode, message, primaryUser, secondaryUser, time, id) values (?, ?, ?, ?, ?, ?)
Hibernate: insert into LogEntries (logCode, message, primaryUser, secondaryUser, time, id) values (?, ?, ?, ?, ?, ?)
19:33:13.825 [main] DEBUG o.h.e.j.internal.JdbcCoordinatorImpl - HHH000420: Closing un-released batch
19:33:13.826 [main] DEBUG o.h.e.t.internal.TransactionImpl - begin
19:33:13.829 [main] DEBUG org.hibernate.SQL - select next_val as id_val from hibernate_sequence for update
Hibernate: select next_val as id_val from hibernate_sequence for update
19:33:13.832 [main] DEBUG org.hibernate.SQL - update hibernate_sequence set next_val= ? where next_val=?
Hibernate: update hibernate_sequence set next_val= ? where next_val=?
19:33:13.834 [main] DEBUG o.h.e.i.AbstractSaveEventListener - Generated identifier: 247, using strategy: org.hibernate.id.enhanced.SequenceStyleGenerator
19:33:13.834 [main] DEBUG o.h.e.t.internal.TransactionImpl - committing
19:33:13.835 [main] DEBUG o.h.e.i.AbstractFlushingEventListener - Processing flush-time cascades
19:33:13.835 [main] DEBUG o.h.e.i.AbstractFlushingEventListener - Dirty checking collections
19:33:13.836 [main] DEBUG o.h.e.i.AbstractFlushingEventListener - Flushed: 1 insertions, 0 updates, 0 deletions to 1 objects
19:33:13.837 [main] DEBUG o.h.e.i.AbstractFlushingEventListener - Flushed: 0 (re)creations, 0 updates, 0 removals to 0 collections
19:33:13.837 [main] DEBUG o.h.internal.util.EntityPrinter - Listing entities:
19:33:13.837 [main] DEBUG o.h.internal.util.EntityPrinter - edu.ncsu.csc.itrust2.models.persistent.LogEntry{secondaryUser=null, logCode=5, primaryUser=logapitest, id=247, time=java.util.GregorianCalendar[time=1521660793826,areFieldsSet=true,areAllFieldsSet=true,lenient=true,zone=sun.util.calendar.ZoneInfo[id="Etc/UTC",offset=0,dstSavings=0,useDaylight=false,transitions=0,lastRule=null],firstDayOfWeek=1,minimalDaysInFirstWeek=1,ERA=1,YEAR=2018,MONTH=2,WEEK_OF_YEAR=12,WEEK_OF_MONTH=4,DAY_OF_MONTH=21,DAY_OF_YEAR=80,DAY_OF_WEEK=4,DAY_OF_WEEK_IN_MONTH=3,AM_PM=1,HOUR=7,HOUR_OF_DAY=19,MINUTE=33,SECOND=13,MILLISECOND=826,ZONE_OFFSET=0,DST_OFFSET=0], message=null}
19:33:13.838 [main] DEBUG org.hibernate.SQL - insert into LogEntries (logCode, message, primaryUser, secondaryUser, time, id) values (?, ?, ?, ?, ?, ?)
Hibernate: insert into LogEntries (logCode, message, primaryUser, secondaryUser, time, id) values (?, ?, ?, ?, ?, ?)
19:33:13.842 [main] DEBUG o.h.e.j.internal.JdbcCoordinatorImpl - HHH000420: Closing un-released batch
19:33:13.842 [main] DEBUG o.h.e.t.internal.TransactionImpl - begin
19:33:13.844 [main] DEBUG org.hibernate.SQL - select next_val as id_val from hibernate_sequence for update
Hibernate: select next_val as id_val from hibernate_sequence for update
19:33:13.845 [main] DEBUG org.hibernate.SQL - update hibernate_sequence set next_val= ? where next_val=?
Hibernate: update hibernate_sequence set next_val= ? where next_val=?
19:33:13.847 [main] DEBUG o.h.e.i.AbstractSaveEventListener - Generated identifier: 248, using strategy: org.hibernate.id.enhanced.SequenceStyleGenerator
19:33:13.849 [main] DEBUG o.h.e.t.internal.TransactionImpl - committing
19:33:13.849 [main] DEBUG o.h.e.i.AbstractFlushingEventListener - Processing flush-time cascades
19:33:13.850 [main] DEBUG o.h.e.i.AbstractFlushingEventListener - Dirty checking collections
19:33:13.850 [main] DEBUG o.h.e.i.AbstractFlushingEventListener - Flushed: 1 insertions, 0 updates, 0 deletions to 1 objects
19:33:13.850 [main] DEBUG o.h.e.i.AbstractFlushingEventListener - Flushed: 0 (re)creations, 0 updates, 0 removals to 0 collections
19:33:13.850 [main] DEBUG o.h.internal.util.EntityPrinter - Listing entities:
19:33:13.850 [main] DEBUG o.h.internal.util.EntityPrinter - edu.ncsu.csc.itrust2.models.persistent.LogEntry{secondaryUser=null, logCode=5, primaryUser=logapitest, id=248, time=java.util.GregorianCalendar[time=1521660793842,areFieldsSet=true,areAllFieldsSet=true,lenient=true,zone=sun.util.calendar.ZoneInfo[id="Etc/UTC",offset=0,dstSavings=0,useDaylight=false,transitions=0,lastRule=null],firstDayOfWeek=1,minimalDaysInFirstWeek=1,ERA=1,YEAR=2018,MONTH=2,WEEK_OF_YEAR=12,WEEK_OF_MONTH=4,DAY_OF_MONTH=21,DAY_OF_YEAR=80,DAY_OF_WEEK=4,DAY_OF_WEEK_IN_MONTH=3,AM_PM=1,HOUR=7,HOUR_OF_DAY=19,MINUTE=33,SECOND=13,MILLISECOND=842,ZONE_OFFSET=0,DST_OFFSET=0], message=null}
19:33:13.853 [main] DEBUG org.hibernate.SQL - insert into LogEntries (logCode, message, primaryUser, secondaryUser, time, id) values (?, ?, ?, ?, ?, ?)
Hibernate: insert into LogEntries (logCode, message, primaryUser, secondaryUser, time, id) values (?, ?, ?, ?, ?, ?)
19:33:13.858 [main] DEBUG o.h.e.j.internal.JdbcCoordinatorImpl - HHH000420: Closing un-released batch
19:33:13.859 [main] DEBUG o.h.e.t.internal.TransactionImpl - begin
19:33:13.860 [main] DEBUG org.hibernate.SQL - select next_val as id_val from hibernate_sequence for update
Hibernate: select next_val as id_val from hibernate_sequence for update
19:33:13.862 [main] DEBUG org.hibernate.SQL - update hibernate_sequence set next_val= ? where next_val=?
Hibernate: update hibernate_sequence set next_val= ? where next_val=?
19:33:13.863 [main] DEBUG o.h.e.i.AbstractSaveEventListener - Generated identifier: 249, using strategy: org.hibernate.id.enhanced.SequenceStyleGenerator
19:33:13.864 [main] DEBUG o.h.e.t.internal.TransactionImpl - committing
19:33:13.864 [main] DEBUG o.h.e.i.AbstractFlushingEventListener - Processing flush-time cascades
19:33:13.864 [main] DEBUG o.h.e.i.AbstractFlushingEventListener - Dirty checking collections
19:33:13.865 [main] DEBUG o.h.e.i.AbstractFlushingEventListener - Flushed: 1 insertions, 0 updates, 0 deletions to 1 objects
19:33:13.865 [main] DEBUG o.h.e.i.AbstractFlushingEventListener - Flushed: 0 (re)creations, 0 updates, 0 removals to 0 collections
19:33:13.865 [main] DEBUG o.h.internal.util.EntityPrinter - Listing entities:
19:33:13.866 [main] DEBUG o.h.internal.util.EntityPrinter - edu.ncsu.csc.itrust2.models.persistent.LogEntry{secondaryUser=null, logCode=5, primaryUser=logapitest, id=249, time=java.util.GregorianCalendar[time=1521660793859,areFieldsSet=true,areAllFieldsSet=true,lenient=true,zone=sun.util.calendar.ZoneInfo[id="Etc/UTC",offset=0,dstSavings=0,useDaylight=false,transitions=0,lastRule=null],firstDayOfWeek=1,minimalDaysInFirstWeek=1,ERA=1,YEAR=2018,MONTH=2,WEEK_OF_YEAR=12,WEEK_OF_MONTH=4,DAY_OF_MONTH=21,DAY_OF_YEAR=80,DAY_OF_WEEK=4,DAY_OF_WEEK_IN_MONTH=3,AM_PM=1,HOUR=7,HOUR_OF_DAY=19,MINUTE=33,SECOND=13,MILLISECOND=859,ZONE_OFFSET=0,DST_OFFSET=0], message=null}
19:33:13.866 [main] DEBUG org.hibernate.SQL - insert into LogEntries (logCode, message, primaryUser, secondaryUser, time, id) values (?, ?, ?, ?, ?, ?)
Hibernate: insert into LogEntries (logCode, message, primaryUser, secondaryUser, time, id) values (?, ?, ?, ?, ?, ?)
19:33:13.869 [main] DEBUG o.h.e.j.internal.JdbcCoordinatorImpl - HHH000420: Closing un-released batch
19:33:13.870 [main] DEBUG o.h.e.t.internal.TransactionImpl - begin
19:33:13.872 [main] DEBUG org.hibernate.SQL - select next_val as id_val from hibernate_sequence for update
Hibernate: select next_val as id_val from hibernate_sequence for update
19:33:13.873 [main] DEBUG org.hibernate.SQL - update hibernate_sequence set next_val= ? where next_val=?
Hibernate: update hibernate_sequence set next_val= ? where next_val=?
19:33:13.874 [main] DEBUG o.h.e.i.AbstractSaveEventListener - Generated identifier: 250, using strategy: org.hibernate.id.enhanced.SequenceStyleGenerator
19:33:13.875 [main] DEBUG o.h.e.t.internal.TransactionImpl - committing
19:33:13.875 [main] DEBUG o.h.e.i.AbstractFlushingEventListener - Processing flush-time cascades
19:33:13.875 [main] DEBUG o.h.e.i.AbstractFlushingEventListener - Dirty checking collections
19:33:13.875 [main] DEBUG o.h.e.i.AbstractFlushingEventListener - Flushed: 1 insertions, 0 updates, 0 deletions to 1 objects
19:33:13.875 [main] DEBUG o.h.e.i.AbstractFlushingEventListener - Flushed: 0 (re)creations, 0 updates, 0 removals to 0 collections
19:33:13.875 [main] DEBUG o.h.internal.util.EntityPrinter - Listing entities:
19:33:13.876 [main] DEBUG o.h.internal.util.EntityPrinter - edu.ncsu.csc.itrust2.models.persistent.LogEntry{secondaryUser=null, logCode=5, primaryUser=logapitest, id=250, time=java.util.GregorianCalendar[time=1521660793869,areFieldsSet=true,areAllFieldsSet=true,lenient=true,zone=sun.util.calendar.ZoneInfo[id="Etc/UTC",offset=0,dstSavings=0,useDaylight=false,transitions=0,lastRule=null],firstDayOfWeek=1,minimalDaysInFirstWeek=1,ERA=1,YEAR=2018,MONTH=2,WEEK_OF_YEAR=12,WEEK_OF_MONTH=4,DAY_OF_MONTH=21,DAY_OF_YEAR=80,DAY_OF_WEEK=4,DAY_OF_WEEK_IN_MONTH=3,AM_PM=1,HOUR=7,HOUR_OF_DAY=19,MINUTE=33,SECOND=13,MILLISECOND=869,ZONE_OFFSET=0,DST_OFFSET=0], message=null}
19:33:13.879 [main] DEBUG org.hibernate.SQL - insert into LogEntries (logCode, message, primaryUser, secondaryUser, time, id) values (?, ?, ?, ?, ?, ?)
Hibernate: insert into LogEntries (logCode, message, primaryUser, secondaryUser, time, id) values (?, ?, ?, ?, ?, ?)
19:33:13.882 [main] DEBUG o.h.e.j.internal.JdbcCoordinatorImpl - HHH000420: Closing un-released batch
19:33:13.883 [main] DEBUG o.h.e.t.internal.TransactionImpl - begin
19:33:13.885 [main] DEBUG org.hibernate.SQL - select next_val as id_val from hibernate_sequence for update
Hibernate: select next_val as id_val from hibernate_sequence for update
19:33:13.885 [main] DEBUG org.hibernate.SQL - update hibernate_sequence set next_val= ? where next_val=?
Hibernate: update hibernate_sequence set next_val= ? where next_val=?
19:33:13.887 [main] DEBUG o.h.e.i.AbstractSaveEventListener - Generated identifier: 251, using strategy: org.hibernate.id.enhanced.SequenceStyleGenerator
19:33:13.888 [main] DEBUG o.h.e.t.internal.TransactionImpl - committing
19:33:13.888 [main] DEBUG o.h.e.i.AbstractFlushingEventListener - Processing flush-time cascades
19:33:13.888 [main] DEBUG o.h.e.i.AbstractFlushingEventListener - Dirty checking collections
19:33:13.888 [main] DEBUG o.h.e.i.AbstractFlushingEventListener - Flushed: 1 insertions, 0 updates, 0 deletions to 1 objects
19:33:13.888 [main] DEBUG o.h.e.i.AbstractFlushingEventListener - Flushed: 0 (re)creations, 0 updates, 0 removals to 0 collections
19:33:13.889 [main] DEBUG o.h.internal.util.EntityPrinter - Listing entities:
19:33:13.889 [main] DEBUG o.h.internal.util.EntityPrinter - edu.ncsu.csc.itrust2.models.persistent.LogEntry{secondaryUser=null, logCode=5, primaryUser=logapitest, id=251, time=java.util.GregorianCalendar[time=1521660793883,areFieldsSet=true,areAllFieldsSet=true,lenient=true,zone=sun.util.calendar.ZoneInfo[id="Etc/UTC",offset=0,dstSavings=0,useDaylight=false,transitions=0,lastRule=null],firstDayOfWeek=1,minimalDaysInFirstWeek=1,ERA=1,YEAR=2018,MONTH=2,WEEK_OF_YEAR=12,WEEK_OF_MONTH=4,DAY_OF_MONTH=21,DAY_OF_YEAR=80,DAY_OF_WEEK=4,DAY_OF_WEEK_IN_MONTH=3,AM_PM=1,HOUR=7,HOUR_OF_DAY=19,MINUTE=33,SECOND=13,MILLISECOND=883,ZONE_OFFSET=0,DST_OFFSET=0], message=null}
19:33:13.889 [main] DEBUG org.hibernate.SQL - insert into LogEntries (logCode, message, primaryUser, secondaryUser, time, id) values (?, ?, ?, ?, ?, ?)
Hibernate: insert into LogEntries (logCode, message, primaryUser, secondaryUser, time, id) values (?, ?, ?, ?, ?, ?)
19:33:13.892 [main] DEBUG o.h.e.j.internal.JdbcCoordinatorImpl - HHH000420: Closing un-released batch
19:33:13.892 [main] DEBUG o.h.e.t.internal.TransactionImpl - begin
19:33:13.896 [main] DEBUG org.hibernate.SQL - select next_val as id_val from hibernate_sequence for update
Hibernate: select next_val as id_val from hibernate_sequence for update
19:33:13.897 [main] DEBUG org.hibernate.SQL - update hibernate_sequence set next_val= ? where next_val=?
Hibernate: update hibernate_sequence set next_val= ? where next_val=?
19:33:13.898 [main] DEBUG o.h.e.i.AbstractSaveEventListener - Generated identifier: 252, using strategy: org.hibernate.id.enhanced.SequenceStyleGenerator
19:33:13.903 [main] DEBUG o.h.e.t.internal.TransactionImpl - committing
19:33:13.905 [main] DEBUG o.h.e.i.AbstractFlushingEventListener - Processing flush-time cascades
19:33:13.905 [main] DEBUG o.h.e.i.AbstractFlushingEventListener - Dirty checking collections
19:33:13.906 [main] DEBUG o.h.e.i.AbstractFlushingEventListener - Flushed: 1 insertions, 0 updates, 0 deletions to 1 objects
19:33:13.907 [main] DEBUG o.h.e.i.AbstractFlushingEventListener - Flushed: 0 (re)creations, 0 updates, 0 removals to 0 collections
19:33:13.907 [main] DEBUG o.h.internal.util.EntityPrinter - Listing entities:
19:33:13.907 [main] DEBUG o.h.internal.util.EntityPrinter - edu.ncsu.csc.itrust2.models.persistent.LogEntry{secondaryUser=null, logCode=5, primaryUser=logapitest, id=252, time=java.util.GregorianCalendar[time=1521660793892,areFieldsSet=true,areAllFieldsSet=true,lenient=true,zone=sun.util.calendar.ZoneInfo[id="Etc/UTC",offset=0,dstSavings=0,useDaylight=false,transitions=0,lastRule=null],firstDayOfWeek=1,minimalDaysInFirstWeek=1,ERA=1,YEAR=2018,MONTH=2,WEEK_OF_YEAR=12,WEEK_OF_MONTH=4,DAY_OF_MONTH=21,DAY_OF_YEAR=80,DAY_OF_WEEK=4,DAY_OF_WEEK_IN_MONTH=3,AM_PM=1,HOUR=7,HOUR_OF_DAY=19,MINUTE=33,SECOND=13,MILLISECOND=892,ZONE_OFFSET=0,DST_OFFSET=0], message=null}
19:33:13.913 [main] DEBUG org.hibernate.SQL - insert into LogEntries (logCode, message, primaryUser, secondaryUser, time, id) values (?, ?, ?, ?, ?, ?)
Hibernate: insert into LogEntries (logCode, message, primaryUser, secondaryUser, time, id) values (?, ?, ?, ?, ?, ?)
19:33:13.918 [main] DEBUG o.h.e.j.internal.JdbcCoordinatorImpl - HHH000420: Closing un-released batch
19:33:13.919 [main] DEBUG o.h.e.t.internal.TransactionImpl - begin
19:33:13.920 [main] DEBUG org.hibernate.SQL - select next_val as id_val from hibernate_sequence for update
Hibernate: select next_val as id_val from hibernate_sequence for update
19:33:13.923 [main] DEBUG org.hibernate.SQL - update hibernate_sequence set next_val= ? where next_val=?
Hibernate: update hibernate_sequence set next_val= ? where next_val=?
19:33:13.925 [main] DEBUG o.h.e.i.AbstractSaveEventListener - Generated identifier: 253, using strategy: org.hibernate.id.enhanced.SequenceStyleGenerator
19:33:13.926 [main] DEBUG o.h.e.t.internal.TransactionImpl - committing
19:33:13.926 [main] DEBUG o.h.e.i.AbstractFlushingEventListener - Processing flush-time cascades
19:33:13.926 [main] DEBUG o.h.e.i.AbstractFlushingEventListener - Dirty checking collections
19:33:13.927 [main] DEBUG o.h.e.i.AbstractFlushingEventListener - Flushed: 1 insertions, 0 updates, 0 deletions to 1 objects
19:33:13.927 [main] DEBUG o.h.e.i.AbstractFlushingEventListener - Flushed: 0 (re)creations, 0 updates, 0 removals to 0 collections
19:33:13.928 [main] DEBUG o.h.internal.util.EntityPrinter - Listing entities:
19:33:13.928 [main] DEBUG o.h.internal.util.EntityPrinter - edu.ncsu.csc.itrust2.models.persistent.LogEntry{secondaryUser=null, logCode=5, primaryUser=logapitest, id=253, time=java.util.GregorianCalendar[time=1521660793919,areFieldsSet=true,areAllFieldsSet=true,lenient=true,zone=sun.util.calendar.ZoneInfo[id="Etc/UTC",offset=0,dstSavings=0,useDaylight=false,transitions=0,lastRule=null],firstDayOfWeek=1,minimalDaysInFirstWeek=1,ERA=1,YEAR=2018,MONTH=2,WEEK_OF_YEAR=12,WEEK_OF_MONTH=4,DAY_OF_MONTH=21,DAY_OF_YEAR=80,DAY_OF_WEEK=4,DAY_OF_WEEK_IN_MONTH=3,AM_PM=1,HOUR=7,HOUR_OF_DAY=19,MINUTE=33,SECOND=13,MILLISECOND=919,ZONE_OFFSET=0,DST_OFFSET=0], message=null}
19:33:13.929 [main] DEBUG org.hibernate.SQL - insert into LogEntries (logCode, message, primaryUser, secondaryUser, time, id) values (?, ?, ?, ?, ?, ?)
Hibernate: insert into LogEntries (logCode, message, primaryUser, secondaryUser, time, id) values (?, ?, ?, ?, ?, ?)
19:33:13.932 [main] DEBUG o.h.e.j.internal.JdbcCoordinatorImpl - HHH000420: Closing un-released batch
19:33:13.933 [main] DEBUG o.h.e.t.internal.TransactionImpl - begin
19:33:13.934 [main] DEBUG org.hibernate.SQL - select next_val as id_val from hibernate_sequence for update
Hibernate: select next_val as id_val from hibernate_sequence for update
19:33:13.936 [main] DEBUG org.hibernate.SQL - update hibernate_sequence set next_val= ? where next_val=?
Hibernate: update hibernate_sequence set next_val= ? where next_val=?
19:33:13.938 [main] DEBUG o.h.e.i.AbstractSaveEventListener - Generated identifier: 254, using strategy: org.hibernate.id.enhanced.SequenceStyleGenerator
19:33:13.938 [main] DEBUG o.h.e.t.internal.TransactionImpl - committing
19:33:13.939 [main] DEBUG o.h.e.i.AbstractFlushingEventListener - Processing flush-time cascades
19:33:13.939 [main] DEBUG o.h.e.i.AbstractFlushingEventListener - Dirty checking collections
19:33:13.939 [main] DEBUG o.h.e.i.AbstractFlushingEventListener - Flushed: 1 insertions, 0 updates, 0 deletions to 1 objects
19:33:13.939 [main] DEBUG o.h.e.i.AbstractFlushingEventListener - Flushed: 0 (re)creations, 0 updates, 0 removals to 0 collections
19:33:13.939 [main] DEBUG o.h.internal.util.EntityPrinter - Listing entities:
19:33:13.940 [main] DEBUG o.h.internal.util.EntityPrinter - edu.ncsu.csc.itrust2.models.persistent.LogEntry{secondaryUser=null, logCode=5, primaryUser=logapitest, id=254, time=java.util.GregorianCalendar[time=1521660793933,areFieldsSet=true,areAllFieldsSet=true,lenient=true,zone=sun.util.calendar.ZoneInfo[id="Etc/UTC",offset=0,dstSavings=0,useDaylight=false,transitions=0,lastRule=null],firstDayOfWeek=1,minimalDaysInFirstWeek=1,ERA=1,YEAR=2018,MONTH=2,WEEK_OF_YEAR=12,WEEK_OF_MONTH=4,DAY_OF_MONTH=21,DAY_OF_YEAR=80,DAY_OF_WEEK=4,DAY_OF_WEEK_IN_MONTH=3,AM_PM=1,HOUR=7,HOUR_OF_DAY=19,MINUTE=33,SECOND=13,MILLISECOND=933,ZONE_OFFSET=0,DST_OFFSET=0], message=null}
19:33:13.940 [main] DEBUG org.hibernate.SQL - insert into LogEntries (logCode, message, primaryUser, secondaryUser, time, id) values (?, ?, ?, ?, ?, ?)
Hibernate: insert into LogEntries (logCode, message, primaryUser, secondaryUser, time, id) values (?, ?, ?, ?, ?, ?)
19:33:13.943 [main] DEBUG o.h.e.j.internal.JdbcCoordinatorImpl - HHH000420: Closing un-released batch
19:33:13.943 [main] DEBUG o.h.e.t.internal.TransactionImpl - begin
19:33:13.945 [main] DEBUG org.hibernate.SQL - select next_val as id_val from hibernate_sequence for update
Hibernate: select next_val as id_val from hibernate_sequence for update
19:33:13.946 [main] DEBUG org.hibernate.SQL - update hibernate_sequence set next_val= ? where next_val=?
Hibernate: update hibernate_sequence set next_val= ? where next_val=?
19:33:13.947 [main] DEBUG o.h.e.i.AbstractSaveEventListener - Generated identifier: 255, using strategy: org.hibernate.id.enhanced.SequenceStyleGenerator
19:33:13.948 [main] DEBUG o.h.e.t.internal.TransactionImpl - committing
19:33:13.948 [main] DEBUG o.h.e.i.AbstractFlushingEventListener - Processing flush-time cascades
19:33:13.948 [main] DEBUG o.h.e.i.AbstractFlushingEventListener - Dirty checking collections
19:33:13.949 [main] DEBUG o.h.e.i.AbstractFlushingEventListener - Flushed: 1 insertions, 0 updates, 0 deletions to 1 objects
19:33:13.949 [main] DEBUG o.h.e.i.AbstractFlushingEventListener - Flushed: 0 (re)creations, 0 updates, 0 removals to 0 collections
19:33:13.949 [main] DEBUG o.h.internal.util.EntityPrinter - Listing entities:
19:33:13.949 [main] DEBUG o.h.internal.util.EntityPrinter - edu.ncsu.csc.itrust2.models.persistent.LogEntry{secondaryUser=null, logCode=5, primaryUser=logapitest, id=255, time=java.util.GregorianCalendar[time=1521660793943,areFieldsSet=true,areAllFieldsSet=true,lenient=true,zone=sun.util.calendar.ZoneInfo[id="Etc/UTC",offset=0,dstSavings=0,useDaylight=false,transitions=0,lastRule=null],firstDayOfWeek=1,minimalDaysInFirstWeek=1,ERA=1,YEAR=2018,MONTH=2,WEEK_OF_YEAR=12,WEEK_OF_MONTH=4,DAY_OF_MONTH=21,DAY_OF_YEAR=80,DAY_OF_WEEK=4,DAY_OF_WEEK_IN_MONTH=3,AM_PM=1,HOUR=7,HOUR_OF_DAY=19,MINUTE=33,SECOND=13,MILLISECOND=943,ZONE_OFFSET=0,DST_OFFSET=0], message=null}
19:33:13.950 [main] DEBUG org.hibernate.SQL - insert into LogEntries (logCode, message, primaryUser, secondaryUser, time, id) values (?, ?, ?, ?, ?, ?)
Hibernate: insert into LogEntries (logCode, message, primaryUser, secondaryUser, time, id) values (?, ?, ?, ?, ?, ?)
19:33:13.954 [main] DEBUG o.h.e.j.internal.JdbcCoordinatorImpl - HHH000420: Closing un-released batch
19:33:13.954 [main] DEBUG o.h.e.t.internal.TransactionImpl - begin
19:33:13.955 [main] DEBUG org.hibernate.SQL - select next_val as id_val from hibernate_sequence for update
Hibernate: select next_val as id_val from hibernate_sequence for update
19:33:13.956 [main] DEBUG org.hibernate.SQL - update hibernate_sequence set next_val= ? where next_val=?
Hibernate: update hibernate_sequence set next_val= ? where next_val=?
19:33:13.958 [main] DEBUG o.h.e.i.AbstractSaveEventListener - Generated identifier: 256, using strategy: org.hibernate.id.enhanced.SequenceStyleGenerator
19:33:13.959 [main] DEBUG o.h.e.t.internal.TransactionImpl - committing
19:33:13.959 [main] DEBUG o.h.e.i.AbstractFlushingEventListener - Processing flush-time cascades
19:33:13.959 [main] DEBUG o.h.e.i.AbstractFlushingEventListener - Dirty checking collections
19:33:13.960 [main] DEBUG o.h.e.i.AbstractFlushingEventListener - Flushed: 1 insertions, 0 updates, 0 deletions to 1 objects
19:33:13.960 [main] DEBUG o.h.e.i.AbstractFlushingEventListener - Flushed: 0 (re)creations, 0 updates, 0 removals to 0 collections
19:33:13.960 [main] DEBUG o.h.internal.util.EntityPrinter - Listing entities:
19:33:13.961 [main] DEBUG o.h.internal.util.EntityPrinter - edu.ncsu.csc.itrust2.models.persistent.LogEntry{secondaryUser=null, logCode=5, primaryUser=logapitest, id=256, time=java.util.GregorianCalendar[time=1521660793954,areFieldsSet=true,areAllFieldsSet=true,lenient=true,zone=sun.util.calendar.ZoneInfo[id="Etc/UTC",offset=0,dstSavings=0,useDaylight=false,transitions=0,lastRule=null],firstDayOfWeek=1,minimalDaysInFirstWeek=1,ERA=1,YEAR=2018,MONTH=2,WEEK_OF_YEAR=12,WEEK_OF_MONTH=4,DAY_OF_MONTH=21,DAY_OF_YEAR=80,DAY_OF_WEEK=4,DAY_OF_WEEK_IN_MONTH=3,AM_PM=1,HOUR=7,HOUR_OF_DAY=19,MINUTE=33,SECOND=13,MILLISECOND=954,ZONE_OFFSET=0,DST_OFFSET=0], message=null}
19:33:13.961 [main] DEBUG org.hibernate.SQL - insert into LogEntries (logCode, message, primaryUser, secondaryUser, time, id) values (?, ?, ?, ?, ?, ?)
Hibernate: insert into LogEntries (logCode, message, primaryUser, secondaryUser, time, id) values (?, ?, ?, ?, ?, ?)
19:33:13.964 [main] DEBUG o.h.e.j.internal.JdbcCoordinatorImpl - HHH000420: Closing un-released batch
19:33:13.965 [main] DEBUG o.h.e.t.internal.TransactionImpl - begin
19:33:13.967 [main] DEBUG org.hibernate.SQL - select next_val as id_val from hibernate_sequence for update
Hibernate: select next_val as id_val from hibernate_sequence for update
19:33:13.968 [main] DEBUG org.hibernate.SQL - update hibernate_sequence set next_val= ? where next_val=?
Hibernate: update hibernate_sequence set next_val= ? where next_val=?
19:33:13.970 [main] DEBUG o.h.e.i.AbstractSaveEventListener - Generated identifier: 257, using strategy: org.hibernate.id.enhanced.SequenceStyleGenerator
19:33:13.970 [main] DEBUG o.h.e.t.internal.TransactionImpl - committing
19:33:13.970 [main] DEBUG o.h.e.i.AbstractFlushingEventListener - Processing flush-time cascades
19:33:13.970 [main] DEBUG o.h.e.i.AbstractFlushingEventListener - Dirty checking collections
19:33:13.971 [main] DEBUG o.h.e.i.AbstractFlushingEventListener - Flushed: 1 insertions, 0 updates, 0 deletions to 1 objects
19:33:13.971 [main] DEBUG o.h.e.i.AbstractFlushingEventListener - Flushed: 0 (re)creations, 0 updates, 0 removals to 0 collections
19:33:13.971 [main] DEBUG o.h.internal.util.EntityPrinter - Listing entities:
19:33:13.971 [main] DEBUG o.h.internal.util.EntityPrinter - edu.ncsu.csc.itrust2.models.persistent.LogEntry{secondaryUser=null, logCode=5, primaryUser=logapitest, id=257, time=java.util.GregorianCalendar[time=1521660793964,areFieldsSet=true,areAllFieldsSet=true,lenient=true,zone=sun.util.calendar.ZoneInfo[id="Etc/UTC",offset=0,dstSavings=0,useDaylight=false,transitions=0,lastRule=null],firstDayOfWeek=1,minimalDaysInFirstWeek=1,ERA=1,YEAR=2018,MONTH=2,WEEK_OF_YEAR=12,WEEK_OF_MONTH=4,DAY_OF_MONTH=21,DAY_OF_YEAR=80,DAY_OF_WEEK=4,DAY_OF_WEEK_IN_MONTH=3,AM_PM=1,HOUR=7,HOUR_OF_DAY=19,MINUTE=33,SECOND=13,MILLISECOND=964,ZONE_OFFSET=0,DST_OFFSET=0], message=null}
19:33:13.973 [main] DEBUG org.hibernate.SQL - insert into LogEntries (logCode, message, primaryUser, secondaryUser, time, id) values (?, ?, ?, ?, ?, ?)
Hibernate: insert into LogEntries (logCode, message, primaryUser, secondaryUser, time, id) values (?, ?, ?, ?, ?, ?)
19:33:13.979 [main] DEBUG o.h.e.j.internal.JdbcCoordinatorImpl - HHH000420: Closing un-released batch
19:33:13.980 [main] DEBUG o.h.e.t.internal.TransactionImpl - begin
19:33:13.984 [main] DEBUG org.hibernate.SQL - select next_val as id_val from hibernate_sequence for update
Hibernate: select next_val as id_val from hibernate_sequence for update
19:33:13.988 [main] DEBUG org.hibernate.SQL - update hibernate_sequence set next_val= ? where next_val=?
Hibernate: update hibernate_sequence set next_val= ? where next_val=?
19:33:13.990 [main] DEBUG o.h.e.i.AbstractSaveEventListener - Generated identifier: 258, using strategy: org.hibernate.id.enhanced.SequenceStyleGenerator
19:33:13.992 [main] DEBUG o.h.e.t.internal.TransactionImpl - committing
19:33:13.992 [main] DEBUG o.h.e.i.AbstractFlushingEventListener - Processing flush-time cascades
19:33:13.993 [main] DEBUG o.h.e.i.AbstractFlushingEventListener - Dirty checking collections
19:33:13.993 [main] DEBUG o.h.e.i.AbstractFlushingEventListener - Flushed: 1 insertions, 0 updates, 0 deletions to 1 objects
19:33:13.993 [main] DEBUG o.h.e.i.AbstractFlushingEventListener - Flushed: 0 (re)creations, 0 updates, 0 removals to 0 collections
19:33:13.993 [main] DEBUG o.h.internal.util.EntityPrinter - Listing entities:
19:33:13.994 [main] DEBUG o.h.internal.util.EntityPrinter - edu.ncsu.csc.itrust2.models.persistent.LogEntry{secondaryUser=null, logCode=5, primaryUser=logapitest, id=258, time=java.util.GregorianCalendar[time=1521660793980,areFieldsSet=true,areAllFieldsSet=true,lenient=true,zone=sun.util.calendar.ZoneInfo[id="Etc/UTC",offset=0,dstSavings=0,useDaylight=false,transitions=0,lastRule=null],firstDayOfWeek=1,minimalDaysInFirstWeek=1,ERA=1,YEAR=2018,MONTH=2,WEEK_OF_YEAR=12,WEEK_OF_MONTH=4,DAY_OF_MONTH=21,DAY_OF_YEAR=80,DAY_OF_WEEK=4,DAY_OF_WEEK_IN_MONTH=3,AM_PM=1,HOUR=7,HOUR_OF_DAY=19,MINUTE=33,SECOND=13,MILLISECOND=980,ZONE_OFFSET=0,DST_OFFSET=0], message=null}
19:33:13.995 [main] DEBUG org.hibernate.SQL - insert into LogEntries (logCode, message, primaryUser, secondaryUser, time, id) values (?, ?, ?, ?, ?, ?)
Hibernate: insert into LogEntries (logCode, message, primaryUser, secondaryUser, time, id) values (?, ?, ?, ?, ?, ?)
19:33:13.999 [main] DEBUG o.h.e.j.internal.JdbcCoordinatorImpl - HHH000420: Closing un-released batch
19:33:13.999 [main] DEBUG o.h.e.t.internal.TransactionImpl - begin
19:33:14.000 [main] DEBUG org.hibernate.SQL - select next_val as id_val from hibernate_sequence for update
Hibernate: select next_val as id_val from hibernate_sequence for update
19:33:14.002 [main] DEBUG org.hibernate.SQL - update hibernate_sequence set next_val= ? where next_val=?
Hibernate: update hibernate_sequence set next_val= ? where next_val=?
19:33:14.005 [main] DEBUG o.h.e.i.AbstractSaveEventListener - Generated identifier: 259, using strategy: org.hibernate.id.enhanced.SequenceStyleGenerator
19:33:14.006 [main] DEBUG o.h.e.t.internal.TransactionImpl - committing
19:33:14.006 [main] DEBUG o.h.e.i.AbstractFlushingEventListener - Processing flush-time cascades
19:33:14.006 [main] DEBUG o.h.e.i.AbstractFlushingEventListener - Dirty checking collections
19:33:14.007 [main] DEBUG o.h.e.i.AbstractFlushingEventListener - Flushed: 1 insertions, 0 updates, 0 deletions to 1 objects
19:33:14.007 [main] DEBUG o.h.e.i.AbstractFlushingEventListener - Flushed: 0 (re)creations, 0 updates, 0 removals to 0 collections
19:33:14.008 [main] DEBUG o.h.internal.util.EntityPrinter - Listing entities:
19:33:14.008 [main] DEBUG o.h.internal.util.EntityPrinter - edu.ncsu.csc.itrust2.models.persistent.LogEntry{secondaryUser=null, logCode=5, primaryUser=logapitest, id=259, time=java.util.GregorianCalendar[time=1521660793999,areFieldsSet=true,areAllFieldsSet=true,lenient=true,zone=sun.util.calendar.ZoneInfo[id="Etc/UTC",offset=0,dstSavings=0,useDaylight=false,transitions=0,lastRule=null],firstDayOfWeek=1,minimalDaysInFirstWeek=1,ERA=1,YEAR=2018,MONTH=2,WEEK_OF_YEAR=12,WEEK_OF_MONTH=4,DAY_OF_MONTH=21,DAY_OF_YEAR=80,DAY_OF_WEEK=4,DAY_OF_WEEK_IN_MONTH=3,AM_PM=1,HOUR=7,HOUR_OF_DAY=19,MINUTE=33,SECOND=13,MILLISECOND=999,ZONE_OFFSET=0,DST_OFFSET=0], message=null}
19:33:14.008 [main] DEBUG org.hibernate.SQL - insert into LogEntries (logCode, message, primaryUser, secondaryUser, time, id) values (?, ?, ?, ?, ?, ?)
Hibernate: insert into LogEntries (logCode, message, primaryUser, secondaryUser, time, id) values (?, ?, ?, ?, ?, ?)
19:33:14.012 [main] DEBUG o.h.e.j.internal.JdbcCoordinatorImpl - HHH000420: Closing un-released batch
19:33:14.013 [main] DEBUG o.h.e.t.internal.TransactionImpl - begin
19:33:14.014 [main] DEBUG org.hibernate.SQL - select next_val as id_val from hibernate_sequence for update
Hibernate: select next_val as id_val from hibernate_sequence for update
19:33:14.015 [main] DEBUG org.hibernate.SQL - update hibernate_sequence set next_val= ? where next_val=?
Hibernate: update hibernate_sequence set next_val= ? where next_val=?
19:33:14.018 [main] DEBUG o.h.e.i.AbstractSaveEventListener - Generated identifier: 260, using strategy: org.hibernate.id.enhanced.SequenceStyleGenerator
19:33:14.019 [main] DEBUG o.h.e.t.internal.TransactionImpl - committing
19:33:14.019 [main] DEBUG o.h.e.i.AbstractFlushingEventListener - Processing flush-time cascades
19:33:14.020 [main] DEBUG o.h.e.i.AbstractFlushingEventListener - Dirty checking collections
19:33:14.021 [main] DEBUG o.h.e.i.AbstractFlushingEventListener - Flushed: 1 insertions, 0 updates, 0 deletions to 1 objects
19:33:14.021 [main] DEBUG o.h.e.i.AbstractFlushingEventListener - Flushed: 0 (re)creations, 0 updates, 0 removals to 0 collections
19:33:14.022 [main] DEBUG o.h.internal.util.EntityPrinter - Listing entities:
19:33:14.022 [main] DEBUG o.h.internal.util.EntityPrinter - edu.ncsu.csc.itrust2.models.persistent.LogEntry{secondaryUser=null, logCode=5, primaryUser=logapitest, id=260, time=java.util.GregorianCalendar[time=1521660794012,areFieldsSet=true,areAllFieldsSet=true,lenient=true,zone=sun.util.calendar.ZoneInfo[id="Etc/UTC",offset=0,dstSavings=0,useDaylight=false,transitions=0,lastRule=null],firstDayOfWeek=1,minimalDaysInFirstWeek=1,ERA=1,YEAR=2018,MONTH=2,WEEK_OF_YEAR=12,WEEK_OF_MONTH=4,DAY_OF_MONTH=21,DAY_OF_YEAR=80,DAY_OF_WEEK=4,DAY_OF_WEEK_IN_MONTH=3,AM_PM=1,HOUR=7,HOUR_OF_DAY=19,MINUTE=33,SECOND=14,MILLISECOND=12,ZONE_OFFSET=0,DST_OFFSET=0], message=null}
19:33:14.024 [main] DEBUG org.hibernate.SQL - insert into LogEntries (logCode, message, primaryUser, secondaryUser, time, id) values (?, ?, ?, ?, ?, ?)
Hibernate: insert into LogEntries (logCode, message, primaryUser, secondaryUser, time, id) values (?, ?, ?, ?, ?, ?)
19:33:14.028 [main] DEBUG o.h.e.j.internal.JdbcCoordinatorImpl - HHH000420: Closing un-released batch
19:33:14.029 [main] DEBUG o.h.e.t.internal.TransactionImpl - begin
19:33:14.030 [main] DEBUG org.hibernate.SQL - select next_val as id_val from hibernate_sequence for update
Hibernate: select next_val as id_val from hibernate_sequence for update
19:33:14.031 [main] DEBUG org.hibernate.SQL - update hibernate_sequence set next_val= ? where next_val=?
Hibernate: update hibernate_sequence set next_val= ? where next_val=?
19:33:14.033 [main] DEBUG o.h.e.i.AbstractSaveEventListener - Generated identifier: 261, using strategy: org.hibernate.id.enhanced.SequenceStyleGenerator
19:33:14.034 [main] DEBUG o.h.e.t.internal.TransactionImpl - committing
19:33:14.034 [main] DEBUG o.h.e.i.AbstractFlushingEventListener - Processing flush-time cascades
19:33:14.034 [main] DEBUG o.h.e.i.AbstractFlushingEventListener - Dirty checking collections
19:33:14.035 [main] DEBUG o.h.e.i.AbstractFlushingEventListener - Flushed: 1 insertions, 0 updates, 0 deletions to 1 objects
19:33:14.035 [main] DEBUG o.h.e.i.AbstractFlushingEventListener - Flushed: 0 (re)creations, 0 updates, 0 removals to 0 collections
19:33:14.035 [main] DEBUG o.h.internal.util.EntityPrinter - Listing entities:
19:33:14.035 [main] DEBUG o.h.internal.util.EntityPrinter - edu.ncsu.csc.itrust2.models.persistent.LogEntry{secondaryUser=null, logCode=5, primaryUser=logapitest, id=261, time=java.util.GregorianCalendar[time=1521660794029,areFieldsSet=true,areAllFieldsSet=true,lenient=true,zone=sun.util.calendar.ZoneInfo[id="Etc/UTC",offset=0,dstSavings=0,useDaylight=false,transitions=0,lastRule=null],firstDayOfWeek=1,minimalDaysInFirstWeek=1,ERA=1,YEAR=2018,MONTH=2,WEEK_OF_YEAR=12,WEEK_OF_MONTH=4,DAY_OF_MONTH=21,DAY_OF_YEAR=80,DAY_OF_WEEK=4,DAY_OF_WEEK_IN_MONTH=3,AM_PM=1,HOUR=7,HOUR_OF_DAY=19,MINUTE=33,SECOND=14,MILLISECOND=29,ZONE_OFFSET=0,DST_OFFSET=0], message=null}
19:33:14.036 [main] DEBUG org.hibernate.SQL - insert into LogEntries (logCode, message, primaryUser, secondaryUser, time, id) values (?, ?, ?, ?, ?, ?)
Hibernate: insert into LogEntries (logCode, message, primaryUser, secondaryUser, time, id) values (?, ?, ?, ?, ?, ?)
19:33:14.039 [main] DEBUG o.h.e.j.internal.JdbcCoordinatorImpl - HHH000420: Closing un-released batch
19:33:14.040 [main] DEBUG o.h.e.t.internal.TransactionImpl - begin
19:33:14.041 [main] DEBUG org.hibernate.SQL - select next_val as id_val from hibernate_sequence for update
Hibernate: select next_val as id_val from hibernate_sequence for update
19:33:14.042 [main] DEBUG org.hibernate.SQL - update hibernate_sequence set next_val= ? where next_val=?
Hibernate: update hibernate_sequence set next_val= ? where next_val=?
19:33:14.044 [main] DEBUG o.h.e.i.AbstractSaveEventListener - Generated identifier: 262, using strategy: org.hibernate.id.enhanced.SequenceStyleGenerator
19:33:14.045 [main] DEBUG o.h.e.t.internal.TransactionImpl - committing
19:33:14.045 [main] DEBUG o.h.e.i.AbstractFlushingEventListener - Processing flush-time cascades
19:33:14.046 [main] DEBUG o.h.e.i.AbstractFlushingEventListener - Dirty checking collections
19:33:14.046 [main] DEBUG o.h.e.i.AbstractFlushingEventListener - Flushed: 1 insertions, 0 updates, 0 deletions to 1 objects
19:33:14.046 [main] DEBUG o.h.e.i.AbstractFlushingEventListener - Flushed: 0 (re)creations, 0 updates, 0 removals to 0 collections
19:33:14.046 [main] DEBUG o.h.internal.util.EntityPrinter - Listing entities:
19:33:14.047 [main] DEBUG o.h.internal.util.EntityPrinter - edu.ncsu.csc.itrust2.models.persistent.LogEntry{secondaryUser=null, logCode=5, primaryUser=logapitest, id=262, time=java.util.GregorianCalendar[time=1521660794040,areFieldsSet=true,areAllFieldsSet=true,lenient=true,zone=sun.util.calendar.ZoneInfo[id="Etc/UTC",offset=0,dstSavings=0,useDaylight=false,transitions=0,lastRule=null],firstDayOfWeek=1,minimalDaysInFirstWeek=1,ERA=1,YEAR=2018,MONTH=2,WEEK_OF_YEAR=12,WEEK_OF_MONTH=4,DAY_OF_MONTH=21,DAY_OF_YEAR=80,DAY_OF_WEEK=4,DAY_OF_WEEK_IN_MONTH=3,AM_PM=1,HOUR=7,HOUR_OF_DAY=19,MINUTE=33,SECOND=14,MILLISECOND=40,ZONE_OFFSET=0,DST_OFFSET=0], message=null}
19:33:14.047 [main] DEBUG org.hibernate.SQL - insert into LogEntries (logCode, message, primaryUser, secondaryUser, time, id) values (?, ?, ?, ?, ?, ?)
Hibernate: insert into LogEntries (logCode, message, primaryUser, secondaryUser, time, id) values (?, ?, ?, ?, ?, ?)
19:33:14.050 [main] DEBUG o.h.e.j.internal.JdbcCoordinatorImpl - HHH000420: Closing un-released batch
19:33:14.051 [main] DEBUG o.h.e.t.internal.TransactionImpl - begin
19:33:14.053 [main] DEBUG org.hibernate.SQL - select next_val as id_val from hibernate_sequence for update
Hibernate: select next_val as id_val from hibernate_sequence for update
19:33:14.054 [main] DEBUG org.hibernate.SQL - update hibernate_sequence set next_val= ? where next_val=?
Hibernate: update hibernate_sequence set next_val= ? where next_val=?
19:33:14.056 [main] DEBUG o.h.e.i.AbstractSaveEventListener - Generated identifier: 263, using strategy: org.hibernate.id.enhanced.SequenceStyleGenerator
19:33:14.056 [main] DEBUG o.h.e.t.internal.TransactionImpl - committing
19:33:14.056 [main] DEBUG o.h.e.i.AbstractFlushingEventListener - Processing flush-time cascades
19:33:14.056 [main] DEBUG o.h.e.i.AbstractFlushingEventListener - Dirty checking collections
19:33:14.057 [main] DEBUG o.h.e.i.AbstractFlushingEventListener - Flushed: 1 insertions, 0 updates, 0 deletions to 1 objects
19:33:14.057 [main] DEBUG o.h.e.i.AbstractFlushingEventListener - Flushed: 0 (re)creations, 0 updates, 0 removals to 0 collections
19:33:14.057 [main] DEBUG o.h.internal.util.EntityPrinter - Listing entities:
19:33:14.057 [main] DEBUG o.h.internal.util.EntityPrinter - edu.ncsu.csc.itrust2.models.persistent.LogEntry{secondaryUser=null, logCode=5, primaryUser=logapitest, id=263, time=java.util.GregorianCalendar[time=1521660794051,areFieldsSet=true,areAllFieldsSet=true,lenient=true,zone=sun.util.calendar.ZoneInfo[id="Etc/UTC",offset=0,dstSavings=0,useDaylight=false,transitions=0,lastRule=null],firstDayOfWeek=1,minimalDaysInFirstWeek=1,ERA=1,YEAR=2018,MONTH=2,WEEK_OF_YEAR=12,WEEK_OF_MONTH=4,DAY_OF_MONTH=21,DAY_OF_YEAR=80,DAY_OF_WEEK=4,DAY_OF_WEEK_IN_MONTH=3,AM_PM=1,HOUR=7,HOUR_OF_DAY=19,MINUTE=33,SECOND=14,MILLISECOND=51,ZONE_OFFSET=0,DST_OFFSET=0], message=null}
19:33:14.058 [main] DEBUG org.hibernate.SQL - insert into LogEntries (logCode, message, primaryUser, secondaryUser, time, id) values (?, ?, ?, ?, ?, ?)
Hibernate: insert into LogEntries (logCode, message, primaryUser, secondaryUser, time, id) values (?, ?, ?, ?, ?, ?)
19:33:14.061 [main] DEBUG o.h.e.j.internal.JdbcCoordinatorImpl - HHH000420: Closing un-released batch
19:33:14.062 [main] DEBUG o.h.e.t.internal.TransactionImpl - begin
19:33:14.064 [main] DEBUG org.hibernate.SQL - select next_val as id_val from hibernate_sequence for update
Hibernate: select next_val as id_val from hibernate_sequence for update
19:33:14.065 [main] DEBUG org.hibernate.SQL - update hibernate_sequence set next_val= ? where next_val=?
Hibernate: update hibernate_sequence set next_val= ? where next_val=?
19:33:14.066 [main] DEBUG o.h.e.i.AbstractSaveEventListener - Generated identifier: 264, using strategy: org.hibernate.id.enhanced.SequenceStyleGenerator
19:33:14.067 [main] DEBUG o.h.e.t.internal.TransactionImpl - committing
19:33:14.068 [main] DEBUG o.h.e.i.AbstractFlushingEventListener - Processing flush-time cascades
19:33:14.068 [main] DEBUG o.h.e.i.AbstractFlushingEventListener - Dirty checking collections
19:33:14.068 [main] DEBUG o.h.e.i.AbstractFlushingEventListener - Flushed: 1 insertions, 0 updates, 0 deletions to 1 objects
19:33:14.068 [main] DEBUG o.h.e.i.AbstractFlushingEventListener - Flushed: 0 (re)creations, 0 updates, 0 removals to 0 collections
19:33:14.069 [main] DEBUG o.h.internal.util.EntityPrinter - Listing entities:
19:33:14.069 [main] DEBUG o.h.internal.util.EntityPrinter - edu.ncsu.csc.itrust2.models.persistent.LogEntry{secondaryUser=null, logCode=5, primaryUser=logapitest, id=264, time=java.util.GregorianCalendar[time=1521660794062,areFieldsSet=true,areAllFieldsSet=true,lenient=true,zone=sun.util.calendar.ZoneInfo[id="Etc/UTC",offset=0,dstSavings=0,useDaylight=false,transitions=0,lastRule=null],firstDayOfWeek=1,minimalDaysInFirstWeek=1,ERA=1,YEAR=2018,MONTH=2,WEEK_OF_YEAR=12,WEEK_OF_MONTH=4,DAY_OF_MONTH=21,DAY_OF_YEAR=80,DAY_OF_WEEK=4,DAY_OF_WEEK_IN_MONTH=3,AM_PM=1,HOUR=7,HOUR_OF_DAY=19,MINUTE=33,SECOND=14,MILLISECOND=62,ZONE_OFFSET=0,DST_OFFSET=0], message=null}
19:33:14.070 [main] DEBUG org.hibernate.SQL - insert into LogEntries (logCode, message, primaryUser, secondaryUser, time, id) values (?, ?, ?, ?, ?, ?)
Hibernate: insert into LogEntries (logCode, message, primaryUser, secondaryUser, time, id) values (?, ?, ?, ?, ?, ?)
19:33:14.077 [main] DEBUG o.h.e.j.internal.JdbcCoordinatorImpl - HHH000420: Closing un-released batch
19:33:14.078 [main] DEBUG o.h.e.t.internal.TransactionImpl - begin
19:33:14.079 [main] DEBUG org.hibernate.SQL - select next_val as id_val from hibernate_sequence for update
Hibernate: select next_val as id_val from hibernate_sequence for update
19:33:14.080 [main] DEBUG org.hibernate.SQL - update hibernate_sequence set next_val= ? where next_val=?
Hibernate: update hibernate_sequence set next_val= ? where next_val=?
19:33:14.081 [main] DEBUG o.h.e.i.AbstractSaveEventListener - Generated identifier: 265, using strategy: org.hibernate.id.enhanced.SequenceStyleGenerator
19:33:14.082 [main] DEBUG o.h.e.t.internal.TransactionImpl - committing
19:33:14.083 [main] DEBUG o.h.e.i.AbstractFlushingEventListener - Processing flush-time cascades
19:33:14.083 [main] DEBUG o.h.e.i.AbstractFlushingEventListener - Dirty checking collections
19:33:14.084 [main] DEBUG o.h.e.i.AbstractFlushingEventListener - Flushed: 1 insertions, 0 updates, 0 deletions to 1 objects
19:33:14.084 [main] DEBUG o.h.e.i.AbstractFlushingEventListener - Flushed: 0 (re)creations, 0 updates, 0 removals to 0 collections
19:33:14.084 [main] DEBUG o.h.internal.util.EntityPrinter - Listing entities:
19:33:14.084 [main] DEBUG o.h.internal.util.EntityPrinter - edu.ncsu.csc.itrust2.models.persistent.LogEntry{secondaryUser=null, logCode=5, primaryUser=logapitest, id=265, time=java.util.GregorianCalendar[time=1521660794078,areFieldsSet=true,areAllFieldsSet=true,lenient=true,zone=sun.util.calendar.ZoneInfo[id="Etc/UTC",offset=0,dstSavings=0,useDaylight=false,transitions=0,lastRule=null],firstDayOfWeek=1,minimalDaysInFirstWeek=1,ERA=1,YEAR=2018,MONTH=2,WEEK_OF_YEAR=12,WEEK_OF_MONTH=4,DAY_OF_MONTH=21,DAY_OF_YEAR=80,DAY_OF_WEEK=4,DAY_OF_WEEK_IN_MONTH=3,AM_PM=1,HOUR=7,HOUR_OF_DAY=19,MINUTE=33,SECOND=14,MILLISECOND=78,ZONE_OFFSET=0,DST_OFFSET=0], message=null}
19:33:14.085 [main] DEBUG org.hibernate.SQL - insert into LogEntries (logCode, message, primaryUser, secondaryUser, time, id) values (?, ?, ?, ?, ?, ?)
Hibernate: insert into LogEntries (logCode, message, primaryUser, secondaryUser, time, id) values (?, ?, ?, ?, ?, ?)
19:33:14.089 [main] DEBUG o.h.e.j.internal.JdbcCoordinatorImpl - HHH000420: Closing un-released batch
19:33:14.090 [main] DEBUG o.h.e.t.internal.TransactionImpl - begin
19:33:14.092 [main] DEBUG org.hibernate.SQL - select next_val as id_val from hibernate_sequence for update
Hibernate: select next_val as id_val from hibernate_sequence for update
19:33:14.093 [main] DEBUG org.hibernate.SQL - update hibernate_sequence set next_val= ? where next_val=?
Hibernate: update hibernate_sequence set next_val= ? where next_val=?
19:33:14.095 [main] DEBUG o.h.e.i.AbstractSaveEventListener - Generated identifier: 266, using strategy: org.hibernate.id.enhanced.SequenceStyleGenerator
19:33:14.096 [main] DEBUG o.h.e.t.internal.TransactionImpl - committing
19:33:14.096 [main] DEBUG o.h.e.i.AbstractFlushingEventListener - Processing flush-time cascades
19:33:14.096 [main] DEBUG o.h.e.i.AbstractFlushingEventListener - Dirty checking collections
19:33:14.097 [main] DEBUG o.h.e.i.AbstractFlushingEventListener - Flushed: 1 insertions, 0 updates, 0 deletions to 1 objects
19:33:14.097 [main] DEBUG o.h.e.i.AbstractFlushingEventListener - Flushed: 0 (re)creations, 0 updates, 0 removals to 0 collections
19:33:14.098 [main] DEBUG o.h.internal.util.EntityPrinter - Listing entities:
19:33:14.098 [main] DEBUG o.h.internal.util.EntityPrinter - edu.ncsu.csc.itrust2.models.persistent.LogEntry{secondaryUser=null, logCode=5, primaryUser=logapitest, id=266, time=java.util.GregorianCalendar[time=1521660794090,areFieldsSet=true,areAllFieldsSet=true,lenient=true,zone=sun.util.calendar.ZoneInfo[id="Etc/UTC",offset=0,dstSavings=0,useDaylight=false,transitions=0,lastRule=null],firstDayOfWeek=1,minimalDaysInFirstWeek=1,ERA=1,YEAR=2018,MONTH=2,WEEK_OF_YEAR=12,WEEK_OF_MONTH=4,DAY_OF_MONTH=21,DAY_OF_YEAR=80,DAY_OF_WEEK=4,DAY_OF_WEEK_IN_MONTH=3,AM_PM=1,HOUR=7,HOUR_OF_DAY=19,MINUTE=33,SECOND=14,MILLISECOND=90,ZONE_OFFSET=0,DST_OFFSET=0], message=null}
19:33:14.099 [main] DEBUG org.hibernate.SQL - insert into LogEntries (logCode, message, primaryUser, secondaryUser, time, id) values (?, ?, ?, ?, ?, ?)
Hibernate: insert into LogEntries (logCode, message, primaryUser, secondaryUser, time, id) values (?, ?, ?, ?, ?, ?)
19:33:14.102 [main] DEBUG o.h.e.j.internal.JdbcCoordinatorImpl - HHH000420: Closing un-released batch
19:33:14.104 [main] DEBUG o.h.e.t.internal.TransactionImpl - begin
19:33:14.105 [main] DEBUG org.hibernate.SQL - select next_val as id_val from hibernate_sequence for update
Hibernate: select next_val as id_val from hibernate_sequence for update
19:33:14.106 [main] DEBUG org.hibernate.SQL - update hibernate_sequence set next_val= ? where next_val=?
Hibernate: update hibernate_sequence set next_val= ? where next_val=?
19:33:14.108 [main] DEBUG o.h.e.i.AbstractSaveEventListener - Generated identifier: 267, using strategy: org.hibernate.id.enhanced.SequenceStyleGenerator
19:33:14.108 [main] DEBUG o.h.e.t.internal.TransactionImpl - committing
19:33:14.108 [main] DEBUG o.h.e.i.AbstractFlushingEventListener - Processing flush-time cascades
19:33:14.109 [main] DEBUG o.h.e.i.AbstractFlushingEventListener - Dirty checking collections
19:33:14.109 [main] DEBUG o.h.e.i.AbstractFlushingEventListener - Flushed: 1 insertions, 0 updates, 0 deletions to 1 objects
19:33:14.110 [main] DEBUG o.h.e.i.AbstractFlushingEventListener - Flushed: 0 (re)creations, 0 updates, 0 removals to 0 collections
19:33:14.110 [main] DEBUG o.h.internal.util.EntityPrinter - Listing entities:
19:33:14.110 [main] DEBUG o.h.internal.util.EntityPrinter - edu.ncsu.csc.itrust2.models.persistent.LogEntry{secondaryUser=null, logCode=5, primaryUser=logapitest, id=267, time=java.util.GregorianCalendar[time=1521660794104,areFieldsSet=true,areAllFieldsSet=true,lenient=true,zone=sun.util.calendar.ZoneInfo[id="Etc/UTC",offset=0,dstSavings=0,useDaylight=false,transitions=0,lastRule=null],firstDayOfWeek=1,minimalDaysInFirstWeek=1,ERA=1,YEAR=2018,MONTH=2,WEEK_OF_YEAR=12,WEEK_OF_MONTH=4,DAY_OF_MONTH=21,DAY_OF_YEAR=80,DAY_OF_WEEK=4,DAY_OF_WEEK_IN_MONTH=3,AM_PM=1,HOUR=7,HOUR_OF_DAY=19,MINUTE=33,SECOND=14,MILLISECOND=104,ZONE_OFFSET=0,DST_OFFSET=0], message=null}
19:33:14.110 [main] DEBUG org.hibernate.SQL - insert into LogEntries (logCode, message, primaryUser, secondaryUser, time, id) values (?, ?, ?, ?, ?, ?)
Hibernate: insert into LogEntries (logCode, message, primaryUser, secondaryUser, time, id) values (?, ?, ?, ?, ?, ?)
19:33:14.112 [main] DEBUG o.h.e.j.internal.JdbcCoordinatorImpl - HHH000420: Closing un-released batch
19:33:14.114 [main] DEBUG o.h.e.t.internal.TransactionImpl - begin
19:33:14.115 [main] DEBUG org.hibernate.SQL - select next_val as id_val from hibernate_sequence for update
Hibernate: select next_val as id_val from hibernate_sequence for update
19:33:14.117 [main] DEBUG org.hibernate.SQL - update hibernate_sequence set next_val= ? where next_val=?
Hibernate: update hibernate_sequence set next_val= ? where next_val=?
19:33:14.118 [main] DEBUG o.h.e.i.AbstractSaveEventListener - Generated identifier: 268, using strategy: org.hibernate.id.enhanced.SequenceStyleGenerator
19:33:14.119 [main] DEBUG o.h.e.t.internal.TransactionImpl - committing
19:33:14.119 [main] DEBUG o.h.e.i.AbstractFlushingEventListener - Processing flush-time cascades
19:33:14.119 [main] DEBUG o.h.e.i.AbstractFlushingEventListener - Dirty checking collections
19:33:14.119 [main] DEBUG o.h.e.i.AbstractFlushingEventListener - Flushed: 1 insertions, 0 updates, 0 deletions to 1 objects
19:33:14.120 [main] DEBUG o.h.e.i.AbstractFlushingEventListener - Flushed: 0 (re)creations, 0 updates, 0 removals to 0 collections
19:33:14.120 [main] DEBUG o.h.internal.util.EntityPrinter - Listing entities:
19:33:14.120 [main] DEBUG o.h.internal.util.EntityPrinter - edu.ncsu.csc.itrust2.models.persistent.LogEntry{secondaryUser=null, logCode=5, primaryUser=logapitest, id=268, time=java.util.GregorianCalendar[time=1521660794114,areFieldsSet=true,areAllFieldsSet=true,lenient=true,zone=sun.util.calendar.ZoneInfo[id="Etc/UTC",offset=0,dstSavings=0,useDaylight=false,transitions=0,lastRule=null],firstDayOfWeek=1,minimalDaysInFirstWeek=1,ERA=1,YEAR=2018,MONTH=2,WEEK_OF_YEAR=12,WEEK_OF_MONTH=4,DAY_OF_MONTH=21,DAY_OF_YEAR=80,DAY_OF_WEEK=4,DAY_OF_WEEK_IN_MONTH=3,AM_PM=1,HOUR=7,HOUR_OF_DAY=19,MINUTE=33,SECOND=14,MILLISECOND=114,ZONE_OFFSET=0,DST_OFFSET=0], message=null}
19:33:14.121 [main] DEBUG org.hibernate.SQL - insert into LogEntries (logCode, message, primaryUser, secondaryUser, time, id) values (?, ?, ?, ?, ?, ?)
Hibernate: insert into LogEntries (logCode, message, primaryUser, secondaryUser, time, id) values (?, ?, ?, ?, ?, ?)
19:33:14.123 [main] DEBUG o.h.e.j.internal.JdbcCoordinatorImpl - HHH000420: Closing un-released batch
19:33:14.124 [main] DEBUG o.h.e.t.internal.TransactionImpl - begin
19:33:14.125 [main] DEBUG org.hibernate.SQL - select next_val as id_val from hibernate_sequence for update
Hibernate: select next_val as id_val from hibernate_sequence for update
19:33:14.126 [main] DEBUG org.hibernate.SQL - update hibernate_sequence set next_val= ? where next_val=?
Hibernate: update hibernate_sequence set next_val= ? where next_val=?
19:33:14.128 [main] DEBUG o.h.e.i.AbstractSaveEventListener - Generated identifier: 269, using strategy: org.hibernate.id.enhanced.SequenceStyleGenerator
19:33:14.128 [main] DEBUG o.h.e.t.internal.TransactionImpl - committing
19:33:14.128 [main] DEBUG o.h.e.i.AbstractFlushingEventListener - Processing flush-time cascades
19:33:14.128 [main] DEBUG o.h.e.i.AbstractFlushingEventListener - Dirty checking collections
19:33:14.129 [main] DEBUG o.h.e.i.AbstractFlushingEventListener - Flushed: 1 insertions, 0 updates, 0 deletions to 1 objects
19:33:14.129 [main] DEBUG o.h.e.i.AbstractFlushingEventListener - Flushed: 0 (re)creations, 0 updates, 0 removals to 0 collections
19:33:14.129 [main] DEBUG o.h.internal.util.EntityPrinter - Listing entities:
19:33:14.129 [main] DEBUG o.h.internal.util.EntityPrinter - edu.ncsu.csc.itrust2.models.persistent.LogEntry{secondaryUser=null, logCode=5, primaryUser=logapitest, id=269, time=java.util.GregorianCalendar[time=1521660794124,areFieldsSet=true,areAllFieldsSet=true,lenient=true,zone=sun.util.calendar.ZoneInfo[id="Etc/UTC",offset=0,dstSavings=0,useDaylight=false,transitions=0,lastRule=null],firstDayOfWeek=1,minimalDaysInFirstWeek=1,ERA=1,YEAR=2018,MONTH=2,WEEK_OF_YEAR=12,WEEK_OF_MONTH=4,DAY_OF_MONTH=21,DAY_OF_YEAR=80,DAY_OF_WEEK=4,DAY_OF_WEEK_IN_MONTH=3,AM_PM=1,HOUR=7,HOUR_OF_DAY=19,MINUTE=33,SECOND=14,MILLISECOND=124,ZONE_OFFSET=0,DST_OFFSET=0], message=null}
19:33:14.130 [main] DEBUG org.hibernate.SQL - insert into LogEntries (logCode, message, primaryUser, secondaryUser, time, id) values (?, ?, ?, ?, ?, ?)
Hibernate: insert into LogEntries (logCode, message, primaryUser, secondaryUser, time, id) values (?, ?, ?, ?, ?, ?)
19:33:14.134 [main] DEBUG o.h.e.j.internal.JdbcCoordinatorImpl - HHH000420: Closing un-released batch
19:33:14.135 [main] DEBUG o.h.e.t.internal.TransactionImpl - begin
19:33:14.136 [main] DEBUG org.hibernate.SQL - select next_val as id_val from hibernate_sequence for update
Hibernate: select next_val as id_val from hibernate_sequence for update
19:33:14.137 [main] DEBUG org.hibernate.SQL - update hibernate_sequence set next_val= ? where next_val=?
Hibernate: update hibernate_sequence set next_val= ? where next_val=?
19:33:14.139 [main] DEBUG o.h.e.i.AbstractSaveEventListener - Generated identifier: 270, using strategy: org.hibernate.id.enhanced.SequenceStyleGenerator
19:33:14.140 [main] DEBUG o.h.e.t.internal.TransactionImpl - committing
19:33:14.140 [main] DEBUG o.h.e.i.AbstractFlushingEventListener - Processing flush-time cascades
19:33:14.140 [main] DEBUG o.h.e.i.AbstractFlushingEventListener - Dirty checking collections
19:33:14.140 [main] DEBUG o.h.e.i.AbstractFlushingEventListener - Flushed: 1 insertions, 0 updates, 0 deletions to 1 objects
19:33:14.141 [main] DEBUG o.h.e.i.AbstractFlushingEventListener - Flushed: 0 (re)creations, 0 updates, 0 removals to 0 collections
19:33:14.141 [main] DEBUG o.h.internal.util.EntityPrinter - Listing entities:
19:33:14.141 [main] DEBUG o.h.internal.util.EntityPrinter - edu.ncsu.csc.itrust2.models.persistent.LogEntry{secondaryUser=null, logCode=5, primaryUser=logapitest, id=270, time=java.util.GregorianCalendar[time=1521660794135,areFieldsSet=true,areAllFieldsSet=true,lenient=true,zone=sun.util.calendar.ZoneInfo[id="Etc/UTC",offset=0,dstSavings=0,useDaylight=false,transitions=0,lastRule=null],firstDayOfWeek=1,minimalDaysInFirstWeek=1,ERA=1,YEAR=2018,MONTH=2,WEEK_OF_YEAR=12,WEEK_OF_MONTH=4,DAY_OF_MONTH=21,DAY_OF_YEAR=80,DAY_OF_WEEK=4,DAY_OF_WEEK_IN_MONTH=3,AM_PM=1,HOUR=7,HOUR_OF_DAY=19,MINUTE=33,SECOND=14,MILLISECOND=135,ZONE_OFFSET=0,DST_OFFSET=0], message=null}
19:33:14.142 [main] DEBUG org.hibernate.SQL - insert into LogEntries (logCode, message, primaryUser, secondaryUser, time, id) values (?, ?, ?, ?, ?, ?)
Hibernate: insert into LogEntries (logCode, message, primaryUser, secondaryUser, time, id) values (?, ?, ?, ?, ?, ?)
19:33:14.145 [main] DEBUG o.h.e.j.internal.JdbcCoordinatorImpl - HHH000420: Closing un-released batch
19:33:14.145 [main] DEBUG o.h.e.t.internal.TransactionImpl - begin
19:33:14.146 [main] DEBUG org.hibernate.SQL - select next_val as id_val from hibernate_sequence for update
Hibernate: select next_val as id_val from hibernate_sequence for update
19:33:14.147 [main] DEBUG org.hibernate.SQL - update hibernate_sequence set next_val= ? where next_val=?
Hibernate: update hibernate_sequence set next_val= ? where next_val=?
19:33:14.149 [main] DEBUG o.h.e.i.AbstractSaveEventListener - Generated identifier: 271, using strategy: org.hibernate.id.enhanced.SequenceStyleGenerator
19:33:14.150 [main] DEBUG o.h.e.t.internal.TransactionImpl - committing
19:33:14.150 [main] DEBUG o.h.e.i.AbstractFlushingEventListener - Processing flush-time cascades
19:33:14.150 [main] DEBUG o.h.e.i.AbstractFlushingEventListener - Dirty checking collections
19:33:14.151 [main] DEBUG o.h.e.i.AbstractFlushingEventListener - Flushed: 1 insertions, 0 updates, 0 deletions to 1 objects
19:33:14.151 [main] DEBUG o.h.e.i.AbstractFlushingEventListener - Flushed: 0 (re)creations, 0 updates, 0 removals to 0 collections
19:33:14.151 [main] DEBUG o.h.internal.util.EntityPrinter - Listing entities:
19:33:14.152 [main] DEBUG o.h.internal.util.EntityPrinter - edu.ncsu.csc.itrust2.models.persistent.LogEntry{secondaryUser=null, logCode=5, primaryUser=logapitest, id=271, time=java.util.GregorianCalendar[time=1521660794145,areFieldsSet=true,areAllFieldsSet=true,lenient=true,zone=sun.util.calendar.ZoneInfo[id="Etc/UTC",offset=0,dstSavings=0,useDaylight=false,transitions=0,lastRule=null],firstDayOfWeek=1,minimalDaysInFirstWeek=1,ERA=1,YEAR=2018,MONTH=2,WEEK_OF_YEAR=12,WEEK_OF_MONTH=4,DAY_OF_MONTH=21,DAY_OF_YEAR=80,DAY_OF_WEEK=4,DAY_OF_WEEK_IN_MONTH=3,AM_PM=1,HOUR=7,HOUR_OF_DAY=19,MINUTE=33,SECOND=14,MILLISECOND=145,ZONE_OFFSET=0,DST_OFFSET=0], message=null}
19:33:14.152 [main] DEBUG org.hibernate.SQL - insert into LogEntries (logCode, message, primaryUser, secondaryUser, time, id) values (?, ?, ?, ?, ?, ?)
Hibernate: insert into LogEntries (logCode, message, primaryUser, secondaryUser, time, id) values (?, ?, ?, ?, ?, ?)
19:33:14.155 [main] DEBUG o.h.e.j.internal.JdbcCoordinatorImpl - HHH000420: Closing un-released batch
19:33:14.156 [main] DEBUG o.h.e.t.internal.TransactionImpl - begin
19:33:14.158 [main] DEBUG org.hibernate.SQL - select next_val as id_val from hibernate_sequence for update
Hibernate: select next_val as id_val from hibernate_sequence for update
19:33:14.158 [main] DEBUG org.hibernate.SQL - update hibernate_sequence set next_val= ? where next_val=?
Hibernate: update hibernate_sequence set next_val= ? where next_val=?
19:33:14.160 [main] DEBUG o.h.e.i.AbstractSaveEventListener - Generated identifier: 272, using strategy: org.hibernate.id.enhanced.SequenceStyleGenerator
19:33:14.161 [main] DEBUG o.h.e.t.internal.TransactionImpl - committing
19:33:14.161 [main] DEBUG o.h.e.i.AbstractFlushingEventListener - Processing flush-time cascades
19:33:14.162 [main] DEBUG o.h.e.i.AbstractFlushingEventListener - Dirty checking collections
19:33:14.162 [main] DEBUG o.h.e.i.AbstractFlushingEventListener - Flushed: 1 insertions, 0 updates, 0 deletions to 1 objects
19:33:14.162 [main] DEBUG o.h.e.i.AbstractFlushingEventListener - Flushed: 0 (re)creations, 0 updates, 0 removals to 0 collections
19:33:14.162 [main] DEBUG o.h.internal.util.EntityPrinter - Listing entities:
19:33:14.162 [main] DEBUG o.h.internal.util.EntityPrinter - edu.ncsu.csc.itrust2.models.persistent.LogEntry{secondaryUser=null, logCode=5, primaryUser=logapitest, id=272, time=java.util.GregorianCalendar[time=1521660794156,areFieldsSet=true,areAllFieldsSet=true,lenient=true,zone=sun.util.calendar.ZoneInfo[id="Etc/UTC",offset=0,dstSavings=0,useDaylight=false,transitions=0,lastRule=null],firstDayOfWeek=1,minimalDaysInFirstWeek=1,ERA=1,YEAR=2018,MONTH=2,WEEK_OF_YEAR=12,WEEK_OF_MONTH=4,DAY_OF_MONTH=21,DAY_OF_YEAR=80,DAY_OF_WEEK=4,DAY_OF_WEEK_IN_MONTH=3,AM_PM=1,HOUR=7,HOUR_OF_DAY=19,MINUTE=33,SECOND=14,MILLISECOND=156,ZONE_OFFSET=0,DST_OFFSET=0], message=null}
19:33:14.164 [main] DEBUG org.hibernate.SQL - insert into LogEntries (logCode, message, primaryUser, secondaryUser, time, id) values (?, ?, ?, ?, ?, ?)
Hibernate: insert into LogEntries (logCode, message, primaryUser, secondaryUser, time, id) values (?, ?, ?, ?, ?, ?)
19:33:14.167 [main] DEBUG o.h.e.j.internal.JdbcCoordinatorImpl - HHH000420: Closing un-released batch
19:33:14.167 [main] DEBUG o.h.e.t.internal.TransactionImpl - begin
19:33:14.169 [main] DEBUG org.hibernate.SQL - select next_val as id_val from hibernate_sequence for update
Hibernate: select next_val as id_val from hibernate_sequence for update
19:33:14.170 [main] DEBUG org.hibernate.SQL - update hibernate_sequence set next_val= ? where next_val=?
Hibernate: update hibernate_sequence set next_val= ? where next_val=?
19:33:14.172 [main] DEBUG o.h.e.i.AbstractSaveEventListener - Generated identifier: 273, using strategy: org.hibernate.id.enhanced.SequenceStyleGenerator
19:33:14.172 [main] DEBUG o.h.e.t.internal.TransactionImpl - committing
19:33:14.172 [main] DEBUG o.h.e.i.AbstractFlushingEventListener - Processing flush-time cascades
19:33:14.172 [main] DEBUG o.h.e.i.AbstractFlushingEventListener - Dirty checking collections
19:33:14.173 [main] DEBUG o.h.e.i.AbstractFlushingEventListener - Flushed: 1 insertions, 0 updates, 0 deletions to 1 objects
19:33:14.173 [main] DEBUG o.h.e.i.AbstractFlushingEventListener - Flushed: 0 (re)creations, 0 updates, 0 removals to 0 collections
19:33:14.173 [main] DEBUG o.h.internal.util.EntityPrinter - Listing entities:
19:33:14.174 [main] DEBUG o.h.internal.util.EntityPrinter - edu.ncsu.csc.itrust2.models.persistent.LogEntry{secondaryUser=null, logCode=5, primaryUser=logapitest, id=273, time=java.util.GregorianCalendar[time=1521660794167,areFieldsSet=true,areAllFieldsSet=true,lenient=true,zone=sun.util.calendar.ZoneInfo[id="Etc/UTC",offset=0,dstSavings=0,useDaylight=false,transitions=0,lastRule=null],firstDayOfWeek=1,minimalDaysInFirstWeek=1,ERA=1,YEAR=2018,MONTH=2,WEEK_OF_YEAR=12,WEEK_OF_MONTH=4,DAY_OF_MONTH=21,DAY_OF_YEAR=80,DAY_OF_WEEK=4,DAY_OF_WEEK_IN_MONTH=3,AM_PM=1,HOUR=7,HOUR_OF_DAY=19,MINUTE=33,SECOND=14,MILLISECOND=167,ZONE_OFFSET=0,DST_OFFSET=0], message=null}
19:33:14.174 [main] DEBUG org.hibernate.SQL - insert into LogEntries (logCode, message, primaryUser, secondaryUser, time, id) values (?, ?, ?, ?, ?, ?)
Hibernate: insert into LogEntries (logCode, message, primaryUser, secondaryUser, time, id) values (?, ?, ?, ?, ?, ?)
19:33:14.178 [main] DEBUG o.h.e.j.internal.JdbcCoordinatorImpl - HHH000420: Closing un-released batch
19:33:14.180 [main] DEBUG o.h.e.t.internal.TransactionImpl - begin
19:33:14.181 [main] DEBUG org.hibernate.SQL - select next_val as id_val from hibernate_sequence for update
Hibernate: select next_val as id_val from hibernate_sequence for update
19:33:14.182 [main] DEBUG org.hibernate.SQL - update hibernate_sequence set next_val= ? where next_val=?
Hibernate: update hibernate_sequence set next_val= ? where next_val=?
19:33:14.184 [main] DEBUG o.h.e.i.AbstractSaveEventListener - Generated identifier: 274, using strategy: org.hibernate.id.enhanced.SequenceStyleGenerator
19:33:14.184 [main] DEBUG o.h.e.t.internal.TransactionImpl - committing
19:33:14.184 [main] DEBUG o.h.e.i.AbstractFlushingEventListener - Processing flush-time cascades
19:33:14.185 [main] DEBUG o.h.e.i.AbstractFlushingEventListener - Dirty checking collections
19:33:14.185 [main] DEBUG o.h.e.i.AbstractFlushingEventListener - Flushed: 1 insertions, 0 updates, 0 deletions to 1 objects
19:33:14.186 [main] DEBUG o.h.e.i.AbstractFlushingEventListener - Flushed: 0 (re)creations, 0 updates, 0 removals to 0 collections
19:33:14.186 [main] DEBUG o.h.internal.util.EntityPrinter - Listing entities:
19:33:14.186 [main] DEBUG o.h.internal.util.EntityPrinter - edu.ncsu.csc.itrust2.models.persistent.LogEntry{secondaryUser=null, logCode=5, primaryUser=logapitest, id=274, time=java.util.GregorianCalendar[time=1521660794179,areFieldsSet=true,areAllFieldsSet=true,lenient=true,zone=sun.util.calendar.ZoneInfo[id="Etc/UTC",offset=0,dstSavings=0,useDaylight=false,transitions=0,lastRule=null],firstDayOfWeek=1,minimalDaysInFirstWeek=1,ERA=1,YEAR=2018,MONTH=2,WEEK_OF_YEAR=12,WEEK_OF_MONTH=4,DAY_OF_MONTH=21,DAY_OF_YEAR=80,DAY_OF_WEEK=4,DAY_OF_WEEK_IN_MONTH=3,AM_PM=1,HOUR=7,HOUR_OF_DAY=19,MINUTE=33,SECOND=14,MILLISECOND=179,ZONE_OFFSET=0,DST_OFFSET=0], message=null}
19:33:14.188 [main] DEBUG org.hibernate.SQL - insert into LogEntries (logCode, message, primaryUser, secondaryUser, time, id) values (?, ?, ?, ?, ?, ?)
Hibernate: insert into LogEntries (logCode, message, primaryUser, secondaryUser, time, id) values (?, ?, ?, ?, ?, ?)
19:33:14.193 [main] DEBUG o.h.e.j.internal.JdbcCoordinatorImpl - HHH000420: Closing un-released batch
19:33:14.194 [main] DEBUG o.h.e.t.internal.TransactionImpl - begin
19:33:14.195 [main] DEBUG org.hibernate.SQL - select next_val as id_val from hibernate_sequence for update
Hibernate: select next_val as id_val from hibernate_sequence for update
19:33:14.196 [main] DEBUG org.hibernate.SQL - update hibernate_sequence set next_val= ? where next_val=?
Hibernate: update hibernate_sequence set next_val= ? where next_val=?
19:33:14.197 [main] DEBUG o.h.e.i.AbstractSaveEventListener - Generated identifier: 275, using strategy: org.hibernate.id.enhanced.SequenceStyleGenerator
19:33:14.198 [main] DEBUG o.h.e.t.internal.TransactionImpl - committing
19:33:14.198 [main] DEBUG o.h.e.i.AbstractFlushingEventListener - Processing flush-time cascades
19:33:14.198 [main] DEBUG o.h.e.i.AbstractFlushingEventListener - Dirty checking collections
19:33:14.199 [main] DEBUG o.h.e.i.AbstractFlushingEventListener - Flushed: 1 insertions, 0 updates, 0 deletions to 1 objects
19:33:14.199 [main] DEBUG o.h.e.i.AbstractFlushingEventListener - Flushed: 0 (re)creations, 0 updates, 0 removals to 0 collections
19:33:14.199 [main] DEBUG o.h.internal.util.EntityPrinter - Listing entities:
19:33:14.200 [main] DEBUG o.h.internal.util.EntityPrinter - edu.ncsu.csc.itrust2.models.persistent.LogEntry{secondaryUser=null, logCode=5, primaryUser=logapitest, id=275, time=java.util.GregorianCalendar[time=1521660794193,areFieldsSet=true,areAllFieldsSet=true,lenient=true,zone=sun.util.calendar.ZoneInfo[id="Etc/UTC",offset=0,dstSavings=0,useDaylight=false,transitions=0,lastRule=null],firstDayOfWeek=1,minimalDaysInFirstWeek=1,ERA=1,YEAR=2018,MONTH=2,WEEK_OF_YEAR=12,WEEK_OF_MONTH=4,DAY_OF_MONTH=21,DAY_OF_YEAR=80,DAY_OF_WEEK=4,DAY_OF_WEEK_IN_MONTH=3,AM_PM=1,HOUR=7,HOUR_OF_DAY=19,MINUTE=33,SECOND=14,MILLISECOND=193,ZONE_OFFSET=0,DST_OFFSET=0], message=null}
19:33:14.202 [main] DEBUG org.hibernate.SQL - insert into LogEntries (logCode, message, primaryUser, secondaryUser, time, id) values (?, ?, ?, ?, ?, ?)
Hibernate: insert into LogEntries (logCode, message, primaryUser, secondaryUser, time, id) values (?, ?, ?, ?, ?, ?)
19:33:14.208 [main] DEBUG o.h.e.j.internal.JdbcCoordinatorImpl - HHH000420: Closing un-released batch
19:33:14.209 [main] DEBUG o.h.e.t.internal.TransactionImpl - begin
19:33:14.210 [main] DEBUG org.hibernate.SQL - select next_val as id_val from hibernate_sequence for update
Hibernate: select next_val as id_val from hibernate_sequence for update
19:33:14.212 [main] DEBUG org.hibernate.SQL - update hibernate_sequence set next_val= ? where next_val=?
Hibernate: update hibernate_sequence set next_val= ? where next_val=?
19:33:14.213 [main] DEBUG o.h.e.i.AbstractSaveEventListener - Generated identifier: 276, using strategy: org.hibernate.id.enhanced.SequenceStyleGenerator
19:33:14.214 [main] DEBUG o.h.e.t.internal.TransactionImpl - committing
19:33:14.215 [main] DEBUG o.h.e.i.AbstractFlushingEventListener - Processing flush-time cascades
19:33:14.218 [main] DEBUG o.h.e.i.AbstractFlushingEventListener - Dirty checking collections
19:33:14.221 [main] DEBUG o.h.e.i.AbstractFlushingEventListener - Flushed: 1 insertions, 0 updates, 0 deletions to 1 objects
19:33:14.222 [main] DEBUG o.h.e.i.AbstractFlushingEventListener - Flushed: 0 (re)creations, 0 updates, 0 removals to 0 collections
19:33:14.224 [main] DEBUG o.h.internal.util.EntityPrinter - Listing entities:
19:33:14.226 [main] DEBUG o.h.internal.util.EntityPrinter - edu.ncsu.csc.itrust2.models.persistent.LogEntry{secondaryUser=null, logCode=5, primaryUser=logapitest, id=276, time=java.util.GregorianCalendar[time=1521660794209,areFieldsSet=true,areAllFieldsSet=true,lenient=true,zone=sun.util.calendar.ZoneInfo[id="Etc/UTC",offset=0,dstSavings=0,useDaylight=false,transitions=0,lastRule=null],firstDayOfWeek=1,minimalDaysInFirstWeek=1,ERA=1,YEAR=2018,MONTH=2,WEEK_OF_YEAR=12,WEEK_OF_MONTH=4,DAY_OF_MONTH=21,DAY_OF_YEAR=80,DAY_OF_WEEK=4,DAY_OF_WEEK_IN_MONTH=3,AM_PM=1,HOUR=7,HOUR_OF_DAY=19,MINUTE=33,SECOND=14,MILLISECOND=209,ZONE_OFFSET=0,DST_OFFSET=0], message=null}
19:33:14.229 [main] DEBUG org.hibernate.SQL - insert into LogEntries (logCode, message, primaryUser, secondaryUser, time, id) values (?, ?, ?, ?, ?, ?)
Hibernate: insert into LogEntries (logCode, message, primaryUser, secondaryUser, time, id) values (?, ?, ?, ?, ?, ?)
19:33:14.235 [main] DEBUG o.h.e.j.internal.JdbcCoordinatorImpl - HHH000420: Closing un-released batch
19:33:14.236 [main] DEBUG o.h.e.t.internal.TransactionImpl - begin
19:33:14.237 [main] DEBUG org.hibernate.SQL - select next_val as id_val from hibernate_sequence for update
Hibernate: select next_val as id_val from hibernate_sequence for update
19:33:14.238 [main] DEBUG org.hibernate.SQL - update hibernate_sequence set next_val= ? where next_val=?
Hibernate: update hibernate_sequence set next_val= ? where next_val=?
19:33:14.240 [main] DEBUG o.h.e.i.AbstractSaveEventListener - Generated identifier: 277, using strategy: org.hibernate.id.enhanced.SequenceStyleGenerator
19:33:14.241 [main] DEBUG o.h.e.t.internal.TransactionImpl - committing
19:33:14.242 [main] DEBUG o.h.e.i.AbstractFlushingEventListener - Processing flush-time cascades
19:33:14.242 [main] DEBUG o.h.e.i.AbstractFlushingEventListener - Dirty checking collections
19:33:14.242 [main] DEBUG o.h.e.i.AbstractFlushingEventListener - Flushed: 1 insertions, 0 updates, 0 deletions to 1 objects
19:33:14.242 [main] DEBUG o.h.e.i.AbstractFlushingEventListener - Flushed: 0 (re)creations, 0 updates, 0 removals to 0 collections
19:33:14.243 [main] DEBUG o.h.internal.util.EntityPrinter - Listing entities:
19:33:14.243 [main] DEBUG o.h.internal.util.EntityPrinter - edu.ncsu.csc.itrust2.models.persistent.LogEntry{secondaryUser=null, logCode=5, primaryUser=logapitest, id=277, time=java.util.GregorianCalendar[time=1521660794236,areFieldsSet=true,areAllFieldsSet=true,lenient=true,zone=sun.util.calendar.ZoneInfo[id="Etc/UTC",offset=0,dstSavings=0,useDaylight=false,transitions=0,lastRule=null],firstDayOfWeek=1,minimalDaysInFirstWeek=1,ERA=1,YEAR=2018,MONTH=2,WEEK_OF_YEAR=12,WEEK_OF_MONTH=4,DAY_OF_MONTH=21,DAY_OF_YEAR=80,DAY_OF_WEEK=4,DAY_OF_WEEK_IN_MONTH=3,AM_PM=1,HOUR=7,HOUR_OF_DAY=19,MINUTE=33,SECOND=14,MILLISECOND=236,ZONE_OFFSET=0,DST_OFFSET=0], message=null}
19:33:14.245 [main] DEBUG org.hibernate.SQL - insert into LogEntries (logCode, message, primaryUser, secondaryUser, time, id) values (?, ?, ?, ?, ?, ?)
Hibernate: insert into LogEntries (logCode, message, primaryUser, secondaryUser, time, id) values (?, ?, ?, ?, ?, ?)
19:33:14.247 [main] DEBUG o.h.e.j.internal.JdbcCoordinatorImpl - HHH000420: Closing un-released batch
19:33:14.249 [main] DEBUG o.h.e.t.internal.TransactionImpl - begin
19:33:14.250 [main] DEBUG org.hibernate.SQL - select next_val as id_val from hibernate_sequence for update
Hibernate: select next_val as id_val from hibernate_sequence for update
19:33:14.251 [main] DEBUG org.hibernate.SQL - update hibernate_sequence set next_val= ? where next_val=?
Hibernate: update hibernate_sequence set next_val= ? where next_val=?
19:33:14.252 [main] DEBUG o.h.e.i.AbstractSaveEventListener - Generated identifier: 278, using strategy: org.hibernate.id.enhanced.SequenceStyleGenerator
19:33:14.253 [main] DEBUG o.h.e.t.internal.TransactionImpl - committing
19:33:14.255 [main] DEBUG o.h.e.i.AbstractFlushingEventListener - Processing flush-time cascades
19:33:14.256 [main] DEBUG o.h.e.i.AbstractFlushingEventListener - Dirty checking collections
19:33:14.258 [main] DEBUG o.h.e.i.AbstractFlushingEventListener - Flushed: 1 insertions, 0 updates, 0 deletions to 1 objects
19:33:14.262 [main] DEBUG o.h.e.i.AbstractFlushingEventListener - Flushed: 0 (re)creations, 0 updates, 0 removals to 0 collections
19:33:14.263 [main] DEBUG o.h.internal.util.EntityPrinter - Listing entities:
19:33:14.263 [main] DEBUG o.h.internal.util.EntityPrinter - edu.ncsu.csc.itrust2.models.persistent.LogEntry{secondaryUser=null, logCode=5, primaryUser=logapitest, id=278, time=java.util.GregorianCalendar[time=1521660794249,areFieldsSet=true,areAllFieldsSet=true,lenient=true,zone=sun.util.calendar.ZoneInfo[id="Etc/UTC",offset=0,dstSavings=0,useDaylight=false,transitions=0,lastRule=null],firstDayOfWeek=1,minimalDaysInFirstWeek=1,ERA=1,YEAR=2018,MONTH=2,WEEK_OF_YEAR=12,WEEK_OF_MONTH=4,DAY_OF_MONTH=21,DAY_OF_YEAR=80,DAY_OF_WEEK=4,DAY_OF_WEEK_IN_MONTH=3,AM_PM=1,HOUR=7,HOUR_OF_DAY=19,MINUTE=33,SECOND=14,MILLISECOND=249,ZONE_OFFSET=0,DST_OFFSET=0], message=null}
19:33:14.265 [main] DEBUG org.hibernate.SQL - insert into LogEntries (logCode, message, primaryUser, secondaryUser, time, id) values (?, ?, ?, ?, ?, ?)
Hibernate: insert into LogEntries (logCode, message, primaryUser, secondaryUser, time, id) values (?, ?, ?, ?, ?, ?)
19:33:14.268 [main] DEBUG o.h.e.j.internal.JdbcCoordinatorImpl - HHH000420: Closing un-released batch
19:33:14.269 [main] DEBUG o.h.e.t.internal.TransactionImpl - begin
19:33:14.270 [main] DEBUG org.hibernate.SQL - select next_val as id_val from hibernate_sequence for update
Hibernate: select next_val as id_val from hibernate_sequence for update
19:33:14.271 [main] DEBUG org.hibernate.SQL - update hibernate_sequence set next_val= ? where next_val=?
Hibernate: update hibernate_sequence set next_val= ? where next_val=?
19:33:14.272 [main] DEBUG o.h.e.i.AbstractSaveEventListener - Generated identifier: 279, using strategy: org.hibernate.id.enhanced.SequenceStyleGenerator
19:33:14.273 [main] DEBUG o.h.e.t.internal.TransactionImpl - committing
19:33:14.274 [main] DEBUG o.h.e.i.AbstractFlushingEventListener - Processing flush-time cascades
19:33:14.274 [main] DEBUG o.h.e.i.AbstractFlushingEventListener - Dirty checking collections
19:33:14.274 [main] DEBUG o.h.e.i.AbstractFlushingEventListener - Flushed: 1 insertions, 0 updates, 0 deletions to 1 objects
19:33:14.276 [main] DEBUG o.h.e.i.AbstractFlushingEventListener - Flushed: 0 (re)creations, 0 updates, 0 removals to 0 collections
19:33:14.279 [main] DEBUG o.h.internal.util.EntityPrinter - Listing entities:
19:33:14.280 [main] DEBUG o.h.internal.util.EntityPrinter - edu.ncsu.csc.itrust2.models.persistent.LogEntry{secondaryUser=null, logCode=5, primaryUser=logapitest, id=279, time=java.util.GregorianCalendar[time=1521660794269,areFieldsSet=true,areAllFieldsSet=true,lenient=true,zone=sun.util.calendar.ZoneInfo[id="Etc/UTC",offset=0,dstSavings=0,useDaylight=false,transitions=0,lastRule=null],firstDayOfWeek=1,minimalDaysInFirstWeek=1,ERA=1,YEAR=2018,MONTH=2,WEEK_OF_YEAR=12,WEEK_OF_MONTH=4,DAY_OF_MONTH=21,DAY_OF_YEAR=80,DAY_OF_WEEK=4,DAY_OF_WEEK_IN_MONTH=3,AM_PM=1,HOUR=7,HOUR_OF_DAY=19,MINUTE=33,SECOND=14,MILLISECOND=269,ZONE_OFFSET=0,DST_OFFSET=0], message=null}
19:33:14.280 [main] DEBUG org.hibernate.SQL - insert into LogEntries (logCode, message, primaryUser, secondaryUser, time, id) values (?, ?, ?, ?, ?, ?)
Hibernate: insert into LogEntries (logCode, message, primaryUser, secondaryUser, time, id) values (?, ?, ?, ?, ?, ?)
19:33:14.282 [main] DEBUG o.h.e.j.internal.JdbcCoordinatorImpl - HHH000420: Closing un-released batch
19:33:14.283 [main] DEBUG o.h.e.t.internal.TransactionImpl - begin
19:33:14.284 [main] DEBUG org.hibernate.SQL - select next_val as id_val from hibernate_sequence for update
Hibernate: select next_val as id_val from hibernate_sequence for update
19:33:14.285 [main] DEBUG org.hibernate.SQL - update hibernate_sequence set next_val= ? where next_val=?
Hibernate: update hibernate_sequence set next_val= ? where next_val=?
19:33:14.287 [main] DEBUG o.h.e.i.AbstractSaveEventListener - Generated identifier: 280, using strategy: org.hibernate.id.enhanced.SequenceStyleGenerator
19:33:14.287 [main] DEBUG o.h.e.t.internal.TransactionImpl - committing
19:33:14.287 [main] DEBUG o.h.e.i.AbstractFlushingEventListener - Processing flush-time cascades
19:33:14.287 [main] DEBUG o.h.e.i.AbstractFlushingEventListener - Dirty checking collections
19:33:14.288 [main] DEBUG o.h.e.i.AbstractFlushingEventListener - Flushed: 1 insertions, 0 updates, 0 deletions to 1 objects
19:33:14.289 [main] DEBUG o.h.e.i.AbstractFlushingEventListener - Flushed: 0 (re)creations, 0 updates, 0 removals to 0 collections
19:33:14.289 [main] DEBUG o.h.internal.util.EntityPrinter - Listing entities:
19:33:14.290 [main] DEBUG o.h.internal.util.EntityPrinter - edu.ncsu.csc.itrust2.models.persistent.LogEntry{secondaryUser=null, logCode=5, primaryUser=logapitest, id=280, time=java.util.GregorianCalendar[time=1521660794282,areFieldsSet=true,areAllFieldsSet=true,lenient=true,zone=sun.util.calendar.ZoneInfo[id="Etc/UTC",offset=0,dstSavings=0,useDaylight=false,transitions=0,lastRule=null],firstDayOfWeek=1,minimalDaysInFirstWeek=1,ERA=1,YEAR=2018,MONTH=2,WEEK_OF_YEAR=12,WEEK_OF_MONTH=4,DAY_OF_MONTH=21,DAY_OF_YEAR=80,DAY_OF_WEEK=4,DAY_OF_WEEK_IN_MONTH=3,AM_PM=1,HOUR=7,HOUR_OF_DAY=19,MINUTE=33,SECOND=14,MILLISECOND=282,ZONE_OFFSET=0,DST_OFFSET=0], message=null}
19:33:14.290 [main] DEBUG org.hibernate.SQL - insert into LogEntries (logCode, message, primaryUser, secondaryUser, time, id) values (?, ?, ?, ?, ?, ?)
Hibernate: insert into LogEntries (logCode, message, primaryUser, secondaryUser, time, id) values (?, ?, ?, ?, ?, ?)
19:33:14.293 [main] DEBUG o.h.e.j.internal.JdbcCoordinatorImpl - HHH000420: Closing un-released batch
19:33:14.294 [main] DEBUG o.h.e.t.internal.TransactionImpl - begin
19:33:14.295 [main] DEBUG org.hibernate.SQL - select next_val as id_val from hibernate_sequence for update
Hibernate: select next_val as id_val from hibernate_sequence for update
19:33:14.295 [main] DEBUG org.hibernate.SQL - update hibernate_sequence set next_val= ? where next_val=?
Hibernate: update hibernate_sequence set next_val= ? where next_val=?
19:33:14.296 [main] DEBUG o.h.e.i.AbstractSaveEventListener - Generated identifier: 281, using strategy: org.hibernate.id.enhanced.SequenceStyleGenerator
19:33:14.297 [main] DEBUG o.h.e.t.internal.TransactionImpl - committing
19:33:14.297 [main] DEBUG o.h.e.i.AbstractFlushingEventListener - Processing flush-time cascades
19:33:14.297 [main] DEBUG o.h.e.i.AbstractFlushingEventListener - Dirty checking collections
19:33:14.297 [main] DEBUG o.h.e.i.AbstractFlushingEventListener - Flushed: 1 insertions, 0 updates, 0 deletions to 1 objects
19:33:14.298 [main] DEBUG o.h.e.i.AbstractFlushingEventListener - Flushed: 0 (re)creations, 0 updates, 0 removals to 0 collections
19:33:14.298 [main] DEBUG o.h.internal.util.EntityPrinter - Listing entities:
19:33:14.298 [main] DEBUG o.h.internal.util.EntityPrinter - edu.ncsu.csc.itrust2.models.persistent.LogEntry{secondaryUser=null, logCode=5, primaryUser=logapitest, id=281, time=java.util.GregorianCalendar[time=1521660794294,areFieldsSet=true,areAllFieldsSet=true,lenient=true,zone=sun.util.calendar.ZoneInfo[id="Etc/UTC",offset=0,dstSavings=0,useDaylight=false,transitions=0,lastRule=null],firstDayOfWeek=1,minimalDaysInFirstWeek=1,ERA=1,YEAR=2018,MONTH=2,WEEK_OF_YEAR=12,WEEK_OF_MONTH=4,DAY_OF_MONTH=21,DAY_OF_YEAR=80,DAY_OF_WEEK=4,DAY_OF_WEEK_IN_MONTH=3,AM_PM=1,HOUR=7,HOUR_OF_DAY=19,MINUTE=33,SECOND=14,MILLISECOND=294,ZONE_OFFSET=0,DST_OFFSET=0], message=null}
19:33:14.299 [main] DEBUG org.hibernate.SQL - insert into LogEntries (logCode, message, primaryUser, secondaryUser, time, id) values (?, ?, ?, ?, ?, ?)
Hibernate: insert into LogEntries (logCode, message, primaryUser, secondaryUser, time, id) values (?, ?, ?, ?, ?, ?)
19:33:14.300 [main] DEBUG o.h.e.j.internal.JdbcCoordinatorImpl - HHH000420: Closing un-released batch
19:33:14.301 [main] DEBUG o.h.e.t.internal.TransactionImpl - begin
19:33:14.302 [main] DEBUG org.hibernate.SQL - select next_val as id_val from hibernate_sequence for update
Hibernate: select next_val as id_val from hibernate_sequence for update
19:33:14.303 [main] DEBUG org.hibernate.SQL - update hibernate_sequence set next_val= ? where next_val=?
Hibernate: update hibernate_sequence set next_val= ? where next_val=?
19:33:14.305 [main] DEBUG o.h.e.i.AbstractSaveEventListener - Generated identifier: 282, using strategy: org.hibernate.id.enhanced.SequenceStyleGenerator
19:33:14.305 [main] DEBUG o.h.e.t.internal.TransactionImpl - committing
19:33:14.305 [main] DEBUG o.h.e.i.AbstractFlushingEventListener - Processing flush-time cascades
19:33:14.305 [main] DEBUG o.h.e.i.AbstractFlushingEventListener - Dirty checking collections
19:33:14.305 [main] DEBUG o.h.e.i.AbstractFlushingEventListener - Flushed: 1 insertions, 0 updates, 0 deletions to 1 objects
19:33:14.305 [main] DEBUG o.h.e.i.AbstractFlushingEventListener - Flushed: 0 (re)creations, 0 updates, 0 removals to 0 collections
19:33:14.306 [main] DEBUG o.h.internal.util.EntityPrinter - Listing entities:
19:33:14.306 [main] DEBUG o.h.internal.util.EntityPrinter - edu.ncsu.csc.itrust2.models.persistent.LogEntry{secondaryUser=null, logCode=5, primaryUser=logapitest, id=282, time=java.util.GregorianCalendar[time=1521660794301,areFieldsSet=true,areAllFieldsSet=true,lenient=true,zone=sun.util.calendar.ZoneInfo[id="Etc/UTC",offset=0,dstSavings=0,useDaylight=false,transitions=0,lastRule=null],firstDayOfWeek=1,minimalDaysInFirstWeek=1,ERA=1,YEAR=2018,MONTH=2,WEEK_OF_YEAR=12,WEEK_OF_MONTH=4,DAY_OF_MONTH=21,DAY_OF_YEAR=80,DAY_OF_WEEK=4,DAY_OF_WEEK_IN_MONTH=3,AM_PM=1,HOUR=7,HOUR_OF_DAY=19,MINUTE=33,SECOND=14,MILLISECOND=301,ZONE_OFFSET=0,DST_OFFSET=0], message=null}
19:33:14.306 [main] DEBUG org.hibernate.SQL - insert into LogEntries (logCode, message, primaryUser, secondaryUser, time, id) values (?, ?, ?, ?, ?, ?)
Hibernate: insert into LogEntries (logCode, message, primaryUser, secondaryUser, time, id) values (?, ?, ?, ?, ?, ?)
19:33:14.308 [main] DEBUG o.h.e.j.internal.JdbcCoordinatorImpl - HHH000420: Closing un-released batch
19:33:14.309 [main] DEBUG o.h.e.t.internal.TransactionImpl - begin
19:33:14.309 [main] DEBUG org.hibernate.SQL - select next_val as id_val from hibernate_sequence for update
Hibernate: select next_val as id_val from hibernate_sequence for update
19:33:14.310 [main] DEBUG org.hibernate.SQL - update hibernate_sequence set next_val= ? where next_val=?
Hibernate: update hibernate_sequence set next_val= ? where next_val=?
19:33:14.311 [main] DEBUG o.h.e.i.AbstractSaveEventListener - Generated identifier: 283, using strategy: org.hibernate.id.enhanced.SequenceStyleGenerator
19:33:14.311 [main] DEBUG o.h.e.t.internal.TransactionImpl - committing
19:33:14.311 [main] DEBUG o.h.e.i.AbstractFlushingEventListener - Processing flush-time cascades
19:33:14.312 [main] DEBUG o.h.e.i.AbstractFlushingEventListener - Dirty checking collections
19:33:14.312 [main] DEBUG o.h.e.i.AbstractFlushingEventListener - Flushed: 1 insertions, 0 updates, 0 deletions to 1 objects
19:33:14.312 [main] DEBUG o.h.e.i.AbstractFlushingEventListener - Flushed: 0 (re)creations, 0 updates, 0 removals to 0 collections
19:33:14.312 [main] DEBUG o.h.internal.util.EntityPrinter - Listing entities:
19:33:14.312 [main] DEBUG o.h.internal.util.EntityPrinter - edu.ncsu.csc.itrust2.models.persistent.LogEntry{secondaryUser=null, logCode=5, primaryUser=logapitest, id=283, time=java.util.GregorianCalendar[time=1521660794309,areFieldsSet=true,areAllFieldsSet=true,lenient=true,zone=sun.util.calendar.ZoneInfo[id="Etc/UTC",offset=0,dstSavings=0,useDaylight=false,transitions=0,lastRule=null],firstDayOfWeek=1,minimalDaysInFirstWeek=1,ERA=1,YEAR=2018,MONTH=2,WEEK_OF_YEAR=12,WEEK_OF_MONTH=4,DAY_OF_MONTH=21,DAY_OF_YEAR=80,DAY_OF_WEEK=4,DAY_OF_WEEK_IN_MONTH=3,AM_PM=1,HOUR=7,HOUR_OF_DAY=19,MINUTE=33,SECOND=14,MILLISECOND=309,ZONE_OFFSET=0,DST_OFFSET=0], message=null}
19:33:14.313 [main] DEBUG org.hibernate.SQL - insert into LogEntries (logCode, message, primaryUser, secondaryUser, time, id) values (?, ?, ?, ?, ?, ?)
Hibernate: insert into LogEntries (logCode, message, primaryUser, secondaryUser, time, id) values (?, ?, ?, ?, ?, ?)
19:33:14.314 [main] DEBUG o.h.e.j.internal.JdbcCoordinatorImpl - HHH000420: Closing un-released batch
19:33:14.315 [main] DEBUG o.h.e.t.internal.TransactionImpl - begin
19:33:14.318 [main] DEBUG org.hibernate.SQL - select next_val as id_val from hibernate_sequence for update
Hibernate: select next_val as id_val from hibernate_sequence for update
19:33:14.318 [main] DEBUG org.hibernate.SQL - update hibernate_sequence set next_val= ? where next_val=?
Hibernate: update hibernate_sequence set next_val= ? where next_val=?
19:33:14.320 [main] DEBUG o.h.e.i.AbstractSaveEventListener - Generated identifier: 284, using strategy: org.hibernate.id.enhanced.SequenceStyleGenerator
19:33:14.320 [main] DEBUG o.h.e.t.internal.TransactionImpl - committing
19:33:14.320 [main] DEBUG o.h.e.i.AbstractFlushingEventListener - Processing flush-time cascades
19:33:14.320 [main] DEBUG o.h.e.i.AbstractFlushingEventListener - Dirty checking collections
19:33:14.321 [main] DEBUG o.h.e.i.AbstractFlushingEventListener - Flushed: 1 insertions, 0 updates, 0 deletions to 1 objects
19:33:14.321 [main] DEBUG o.h.e.i.AbstractFlushingEventListener - Flushed: 0 (re)creations, 0 updates, 0 removals to 0 collections
19:33:14.321 [main] DEBUG o.h.internal.util.EntityPrinter - Listing entities:
19:33:14.321 [main] DEBUG o.h.internal.util.EntityPrinter - edu.ncsu.csc.itrust2.models.persistent.LogEntry{secondaryUser=null, logCode=5, primaryUser=logapitest, id=284, time=java.util.GregorianCalendar[time=1521660794314,areFieldsSet=true,areAllFieldsSet=true,lenient=true,zone=sun.util.calendar.ZoneInfo[id="Etc/UTC",offset=0,dstSavings=0,useDaylight=false,transitions=0,lastRule=null],firstDayOfWeek=1,minimalDaysInFirstWeek=1,ERA=1,YEAR=2018,MONTH=2,WEEK_OF_YEAR=12,WEEK_OF_MONTH=4,DAY_OF_MONTH=21,DAY_OF_YEAR=80,DAY_OF_WEEK=4,DAY_OF_WEEK_IN_MONTH=3,AM_PM=1,HOUR=7,HOUR_OF_DAY=19,MINUTE=33,SECOND=14,MILLISECOND=314,ZONE_OFFSET=0,DST_OFFSET=0], message=null}
19:33:14.322 [main] DEBUG org.hibernate.SQL - insert into LogEntries (logCode, message, primaryUser, secondaryUser, time, id) values (?, ?, ?, ?, ?, ?)
Hibernate: insert into LogEntries (logCode, message, primaryUser, secondaryUser, time, id) values (?, ?, ?, ?, ?, ?)
19:33:14.325 [main] DEBUG o.h.e.j.internal.JdbcCoordinatorImpl - HHH000420: Closing un-released batch
19:33:14.326 [main] DEBUG o.h.e.t.internal.TransactionImpl - begin
19:33:14.327 [main] DEBUG org.hibernate.SQL - select next_val as id_val from hibernate_sequence for update
Hibernate: select next_val as id_val from hibernate_sequence for update
19:33:14.328 [main] DEBUG org.hibernate.SQL - update hibernate_sequence set next_val= ? where next_val=?
Hibernate: update hibernate_sequence set next_val= ? where next_val=?
19:33:14.330 [main] DEBUG o.h.e.i.AbstractSaveEventListener - Generated identifier: 285, using strategy: org.hibernate.id.enhanced.SequenceStyleGenerator
19:33:14.330 [main] DEBUG o.h.e.t.internal.TransactionImpl - committing
19:33:14.330 [main] DEBUG o.h.e.i.AbstractFlushingEventListener - Processing flush-time cascades
19:33:14.331 [main] DEBUG o.h.e.i.AbstractFlushingEventListener - Dirty checking collections
19:33:14.331 [main] DEBUG o.h.e.i.AbstractFlushingEventListener - Flushed: 1 insertions, 0 updates, 0 deletions to 1 objects
19:33:14.331 [main] DEBUG o.h.e.i.AbstractFlushingEventListener - Flushed: 0 (re)creations, 0 updates, 0 removals to 0 collections
19:33:14.331 [main] DEBUG o.h.internal.util.EntityPrinter - Listing entities:
19:33:14.331 [main] DEBUG o.h.internal.util.EntityPrinter - edu.ncsu.csc.itrust2.models.persistent.LogEntry{secondaryUser=null, logCode=5, primaryUser=logapitest, id=285, time=java.util.GregorianCalendar[time=1521660794326,areFieldsSet=true,areAllFieldsSet=true,lenient=true,zone=sun.util.calendar.ZoneInfo[id="Etc/UTC",offset=0,dstSavings=0,useDaylight=false,transitions=0,lastRule=null],firstDayOfWeek=1,minimalDaysInFirstWeek=1,ERA=1,YEAR=2018,MONTH=2,WEEK_OF_YEAR=12,WEEK_OF_MONTH=4,DAY_OF_MONTH=21,DAY_OF_YEAR=80,DAY_OF_WEEK=4,DAY_OF_WEEK_IN_MONTH=3,AM_PM=1,HOUR=7,HOUR_OF_DAY=19,MINUTE=33,SECOND=14,MILLISECOND=326,ZONE_OFFSET=0,DST_OFFSET=0], message=null}
19:33:14.333 [main] DEBUG org.hibernate.SQL - insert into LogEntries (logCode, message, primaryUser, secondaryUser, time, id) values (?, ?, ?, ?, ?, ?)
Hibernate: insert into LogEntries (logCode, message, primaryUser, secondaryUser, time, id) values (?, ?, ?, ?, ?, ?)
19:33:14.335 [main] DEBUG o.h.e.j.internal.JdbcCoordinatorImpl - HHH000420: Closing un-released batch
19:33:14.337 [main] DEBUG o.h.e.t.internal.TransactionImpl - begin
19:33:14.339 [main] DEBUG org.hibernate.SQL - select next_val as id_val from hibernate_sequence for update
Hibernate: select next_val as id_val from hibernate_sequence for update
19:33:14.340 [main] DEBUG org.hibernate.SQL - update hibernate_sequence set next_val= ? where next_val=?
Hibernate: update hibernate_sequence set next_val= ? where next_val=?
19:33:14.342 [main] DEBUG o.h.e.i.AbstractSaveEventListener - Generated identifier: 286, using strategy: org.hibernate.id.enhanced.SequenceStyleGenerator
19:33:14.343 [main] DEBUG o.h.e.t.internal.TransactionImpl - committing
19:33:14.344 [main] DEBUG o.h.e.i.AbstractFlushingEventListener - Processing flush-time cascades
19:33:14.344 [main] DEBUG o.h.e.i.AbstractFlushingEventListener - Dirty checking collections
19:33:14.345 [main] DEBUG o.h.e.i.AbstractFlushingEventListener - Flushed: 1 insertions, 0 updates, 0 deletions to 1 objects
19:33:14.345 [main] DEBUG o.h.e.i.AbstractFlushingEventListener - Flushed: 0 (re)creations, 0 updates, 0 removals to 0 collections
19:33:14.345 [main] DEBUG o.h.internal.util.EntityPrinter - Listing entities:
19:33:14.345 [main] DEBUG o.h.internal.util.EntityPrinter - edu.ncsu.csc.itrust2.models.persistent.LogEntry{secondaryUser=null, logCode=5, primaryUser=logapitest, id=286, time=java.util.GregorianCalendar[time=1521660794337,areFieldsSet=true,areAllFieldsSet=true,lenient=true,zone=sun.util.calendar.ZoneInfo[id="Etc/UTC",offset=0,dstSavings=0,useDaylight=false,transitions=0,lastRule=null],firstDayOfWeek=1,minimalDaysInFirstWeek=1,ERA=1,YEAR=2018,MONTH=2,WEEK_OF_YEAR=12,WEEK_OF_MONTH=4,DAY_OF_MONTH=21,DAY_OF_YEAR=80,DAY_OF_WEEK=4,DAY_OF_WEEK_IN_MONTH=3,AM_PM=1,HOUR=7,HOUR_OF_DAY=19,MINUTE=33,SECOND=14,MILLISECOND=337,ZONE_OFFSET=0,DST_OFFSET=0], message=null}
19:33:14.347 [main] DEBUG org.hibernate.SQL - insert into LogEntries (logCode, message, primaryUser, secondaryUser, time, id) values (?, ?, ?, ?, ?, ?)
Hibernate: insert into LogEntries (logCode, message, primaryUser, secondaryUser, time, id) values (?, ?, ?, ?, ?, ?)
19:33:14.351 [main] DEBUG o.h.e.j.internal.JdbcCoordinatorImpl - HHH000420: Closing un-released batch
19:33:14.353 [main] DEBUG o.h.e.t.internal.TransactionImpl - begin
19:33:14.354 [main] DEBUG org.hibernate.SQL - select next_val as id_val from hibernate_sequence for update
Hibernate: select next_val as id_val from hibernate_sequence for update
19:33:14.355 [main] DEBUG org.hibernate.SQL - update hibernate_sequence set next_val= ? where next_val=?
Hibernate: update hibernate_sequence set next_val= ? where next_val=?
19:33:14.358 [main] DEBUG o.h.e.i.AbstractSaveEventListener - Generated identifier: 287, using strategy: org.hibernate.id.enhanced.SequenceStyleGenerator
19:33:14.358 [main] DEBUG o.h.e.t.internal.TransactionImpl - committing
19:33:14.359 [main] DEBUG o.h.e.i.AbstractFlushingEventListener - Processing flush-time cascades
19:33:14.359 [main] DEBUG o.h.e.i.AbstractFlushingEventListener - Dirty checking collections
19:33:14.359 [main] DEBUG o.h.e.i.AbstractFlushingEventListener - Flushed: 1 insertions, 0 updates, 0 deletions to 1 objects
19:33:14.359 [main] DEBUG o.h.e.i.AbstractFlushingEventListener - Flushed: 0 (re)creations, 0 updates, 0 removals to 0 collections
19:33:14.359 [main] DEBUG o.h.internal.util.EntityPrinter - Listing entities:
19:33:14.359 [main] DEBUG o.h.internal.util.EntityPrinter - edu.ncsu.csc.itrust2.models.persistent.LogEntry{secondaryUser=null, logCode=5, primaryUser=logapitest, id=287, time=java.util.GregorianCalendar[time=1521660794352,areFieldsSet=true,areAllFieldsSet=true,lenient=true,zone=sun.util.calendar.ZoneInfo[id="Etc/UTC",offset=0,dstSavings=0,useDaylight=false,transitions=0,lastRule=null],firstDayOfWeek=1,minimalDaysInFirstWeek=1,ERA=1,YEAR=2018,MONTH=2,WEEK_OF_YEAR=12,WEEK_OF_MONTH=4,DAY_OF_MONTH=21,DAY_OF_YEAR=80,DAY_OF_WEEK=4,DAY_OF_WEEK_IN_MONTH=3,AM_PM=1,HOUR=7,HOUR_OF_DAY=19,MINUTE=33,SECOND=14,MILLISECOND=352,ZONE_OFFSET=0,DST_OFFSET=0], message=null}
19:33:14.360 [main] DEBUG org.hibernate.SQL - insert into LogEntries (logCode, message, primaryUser, secondaryUser, time, id) values (?, ?, ?, ?, ?, ?)
Hibernate: insert into LogEntries (logCode, message, primaryUser, secondaryUser, time, id) values (?, ?, ?, ?, ?, ?)
19:33:14.363 [main] DEBUG o.h.e.j.internal.JdbcCoordinatorImpl - HHH000420: Closing un-released batch
19:33:14.365 [main] DEBUG o.h.e.t.internal.TransactionImpl - begin
19:33:14.366 [main] DEBUG org.hibernate.SQL - select next_val as id_val from hibernate_sequence for update
Hibernate: select next_val as id_val from hibernate_sequence for update
19:33:14.367 [main] DEBUG org.hibernate.SQL - update hibernate_sequence set next_val= ? where next_val=?
Hibernate: update hibernate_sequence set next_val= ? where next_val=?
19:33:14.369 [main] DEBUG o.h.e.i.AbstractSaveEventListener - Generated identifier: 288, using strategy: org.hibernate.id.enhanced.SequenceStyleGenerator
19:33:14.370 [main] DEBUG o.h.e.t.internal.TransactionImpl - committing
19:33:14.370 [main] DEBUG o.h.e.i.AbstractFlushingEventListener - Processing flush-time cascades
19:33:14.371 [main] DEBUG o.h.e.i.AbstractFlushingEventListener - Dirty checking collections
19:33:14.371 [main] DEBUG o.h.e.i.AbstractFlushingEventListener - Flushed: 1 insertions, 0 updates, 0 deletions to 1 objects
19:33:14.372 [main] DEBUG o.h.e.i.AbstractFlushingEventListener - Flushed: 0 (re)creations, 0 updates, 0 removals to 0 collections
19:33:14.372 [main] DEBUG o.h.internal.util.EntityPrinter - Listing entities:
19:33:14.372 [main] DEBUG o.h.internal.util.EntityPrinter - edu.ncsu.csc.itrust2.models.persistent.LogEntry{secondaryUser=null, logCode=5, primaryUser=logapitest, id=288, time=java.util.GregorianCalendar[time=1521660794364,areFieldsSet=true,areAllFieldsSet=true,lenient=true,zone=sun.util.calendar.ZoneInfo[id="Etc/UTC",offset=0,dstSavings=0,useDaylight=false,transitions=0,lastRule=null],firstDayOfWeek=1,minimalDaysInFirstWeek=1,ERA=1,YEAR=2018,MONTH=2,WEEK_OF_YEAR=12,WEEK_OF_MONTH=4,DAY_OF_MONTH=21,DAY_OF_YEAR=80,DAY_OF_WEEK=4,DAY_OF_WEEK_IN_MONTH=3,AM_PM=1,HOUR=7,HOUR_OF_DAY=19,MINUTE=33,SECOND=14,MILLISECOND=364,ZONE_OFFSET=0,DST_OFFSET=0], message=null}
19:33:14.374 [main] DEBUG org.hibernate.SQL - insert into LogEntries (logCode, message, primaryUser, secondaryUser, time, id) values (?, ?, ?, ?, ?, ?)
Hibernate: insert into LogEntries (logCode, message, primaryUser, secondaryUser, time, id) values (?, ?, ?, ?, ?, ?)
19:33:14.376 [main] DEBUG o.h.e.j.internal.JdbcCoordinatorImpl - HHH000420: Closing un-released batch
19:33:14.377 [main] DEBUG o.h.e.t.internal.TransactionImpl - begin
19:33:14.378 [main] DEBUG org.hibernate.SQL - select next_val as id_val from hibernate_sequence for update
Hibernate: select next_val as id_val from hibernate_sequence for update
19:33:14.379 [main] DEBUG org.hibernate.SQL - update hibernate_sequence set next_val= ? where next_val=?
Hibernate: update hibernate_sequence set next_val= ? where next_val=?
19:33:14.380 [main] DEBUG o.h.e.i.AbstractSaveEventListener - Generated identifier: 289, using strategy: org.hibernate.id.enhanced.SequenceStyleGenerator
19:33:14.381 [main] DEBUG o.h.e.t.internal.TransactionImpl - committing
19:33:14.381 [main] DEBUG o.h.e.i.AbstractFlushingEventListener - Processing flush-time cascades
19:33:14.381 [main] DEBUG o.h.e.i.AbstractFlushingEventListener - Dirty checking collections
19:33:14.381 [main] DEBUG o.h.e.i.AbstractFlushingEventListener - Flushed: 1 insertions, 0 updates, 0 deletions to 1 objects
19:33:14.381 [main] DEBUG o.h.e.i.AbstractFlushingEventListener - Flushed: 0 (re)creations, 0 updates, 0 removals to 0 collections
19:33:14.381 [main] DEBUG o.h.internal.util.EntityPrinter - Listing entities:
19:33:14.381 [main] DEBUG o.h.internal.util.EntityPrinter - edu.ncsu.csc.itrust2.models.persistent.LogEntry{secondaryUser=null, logCode=5, primaryUser=logapitest, id=289, time=java.util.GregorianCalendar[time=1521660794377,areFieldsSet=true,areAllFieldsSet=true,lenient=true,zone=sun.util.calendar.ZoneInfo[id="Etc/UTC",offset=0,dstSavings=0,useDaylight=false,transitions=0,lastRule=null],firstDayOfWeek=1,minimalDaysInFirstWeek=1,ERA=1,YEAR=2018,MONTH=2,WEEK_OF_YEAR=12,WEEK_OF_MONTH=4,DAY_OF_MONTH=21,DAY_OF_YEAR=80,DAY_OF_WEEK=4,DAY_OF_WEEK_IN_MONTH=3,AM_PM=1,HOUR=7,HOUR_OF_DAY=19,MINUTE=33,SECOND=14,MILLISECOND=377,ZONE_OFFSET=0,DST_OFFSET=0], message=null}
19:33:14.382 [main] DEBUG org.hibernate.SQL - insert into LogEntries (logCode, message, primaryUser, secondaryUser, time, id) values (?, ?, ?, ?, ?, ?)
Hibernate: insert into LogEntries (logCode, message, primaryUser, secondaryUser, time, id) values (?, ?, ?, ?, ?, ?)
19:33:14.384 [main] DEBUG o.h.e.j.internal.JdbcCoordinatorImpl - HHH000420: Closing un-released batch
19:33:14.385 [main] DEBUG o.h.e.t.internal.TransactionImpl - begin
19:33:14.386 [main] DEBUG org.hibernate.SQL - select next_val as id_val from hibernate_sequence for update
Hibernate: select next_val as id_val from hibernate_sequence for update
19:33:14.387 [main] DEBUG org.hibernate.SQL - update hibernate_sequence set next_val= ? where next_val=?
Hibernate: update hibernate_sequence set next_val= ? where next_val=?
19:33:14.414 [main] DEBUG o.h.e.i.AbstractSaveEventListener - Generated identifier: 290, using strategy: org.hibernate.id.enhanced.SequenceStyleGenerator
19:33:14.414 [main] DEBUG o.h.e.t.internal.TransactionImpl - committing
19:33:14.414 [main] DEBUG o.h.e.i.AbstractFlushingEventListener - Processing flush-time cascades
19:33:14.414 [main] DEBUG o.h.e.i.AbstractFlushingEventListener - Dirty checking collections
19:33:14.414 [main] DEBUG o.h.e.i.AbstractFlushingEventListener - Flushed: 1 insertions, 0 updates, 0 deletions to 1 objects
19:33:14.414 [main] DEBUG o.h.e.i.AbstractFlushingEventListener - Flushed: 0 (re)creations, 0 updates, 0 removals to 0 collections
19:33:14.415 [main] DEBUG o.h.internal.util.EntityPrinter - Listing entities:
19:33:14.415 [main] DEBUG o.h.internal.util.EntityPrinter - edu.ncsu.csc.itrust2.models.persistent.LogEntry{secondaryUser=null, logCode=5, primaryUser=logapitest, id=290, time=java.util.GregorianCalendar[time=1521660794385,areFieldsSet=true,areAllFieldsSet=true,lenient=true,zone=sun.util.calendar.ZoneInfo[id="Etc/UTC",offset=0,dstSavings=0,useDaylight=false,transitions=0,lastRule=null],firstDayOfWeek=1,minimalDaysInFirstWeek=1,ERA=1,YEAR=2018,MONTH=2,WEEK_OF_YEAR=12,WEEK_OF_MONTH=4,DAY_OF_MONTH=21,DAY_OF_YEAR=80,DAY_OF_WEEK=4,DAY_OF_WEEK_IN_MONTH=3,AM_PM=1,HOUR=7,HOUR_OF_DAY=19,MINUTE=33,SECOND=14,MILLISECOND=385,ZONE_OFFSET=0,DST_OFFSET=0], message=null}
19:33:14.416 [main] DEBUG org.hibernate.SQL - insert into LogEntries (logCode, message, primaryUser, secondaryUser, time, id) values (?, ?, ?, ?, ?, ?)
Hibernate: insert into LogEntries (logCode, message, primaryUser, secondaryUser, time, id) values (?, ?, ?, ?, ?, ?)
19:33:14.418 [main] DEBUG o.h.e.j.internal.JdbcCoordinatorImpl - HHH000420: Closing un-released batch
19:33:14.418 [main] DEBUG o.h.e.t.internal.TransactionImpl - begin
19:33:14.419 [main] DEBUG org.hibernate.SQL - select next_val as id_val from hibernate_sequence for update
Hibernate: select next_val as id_val from hibernate_sequence for update
19:33:14.420 [main] DEBUG org.hibernate.SQL - update hibernate_sequence set next_val= ? where next_val=?
Hibernate: update hibernate_sequence set next_val= ? where next_val=?
19:33:14.421 [main] DEBUG o.h.e.i.AbstractSaveEventListener - Generated identifier: 291, using strategy: org.hibernate.id.enhanced.SequenceStyleGenerator
19:33:14.421 [main] DEBUG o.h.e.t.internal.TransactionImpl - committing
19:33:14.421 [main] DEBUG o.h.e.i.AbstractFlushingEventListener - Processing flush-time cascades
19:33:14.421 [main] DEBUG o.h.e.i.AbstractFlushingEventListener - Dirty checking collections
19:33:14.421 [main] DEBUG o.h.e.i.AbstractFlushingEventListener - Flushed: 1 insertions, 0 updates, 0 deletions to 1 objects
19:33:14.421 [main] DEBUG o.h.e.i.AbstractFlushingEventListener - Flushed: 0 (re)creations, 0 updates, 0 removals to 0 collections
19:33:14.421 [main] DEBUG o.h.internal.util.EntityPrinter - Listing entities:
19:33:14.422 [main] DEBUG o.h.internal.util.EntityPrinter - edu.ncsu.csc.itrust2.models.persistent.LogEntry{secondaryUser=null, logCode=5, primaryUser=logapitest, id=291, time=java.util.GregorianCalendar[time=1521660794418,areFieldsSet=true,areAllFieldsSet=true,lenient=true,zone=sun.util.calendar.ZoneInfo[id="Etc/UTC",offset=0,dstSavings=0,useDaylight=false,transitions=0,lastRule=null],firstDayOfWeek=1,minimalDaysInFirstWeek=1,ERA=1,YEAR=2018,MONTH=2,WEEK_OF_YEAR=12,WEEK_OF_MONTH=4,DAY_OF_MONTH=21,DAY_OF_YEAR=80,DAY_OF_WEEK=4,DAY_OF_WEEK_IN_MONTH=3,AM_PM=1,HOUR=7,HOUR_OF_DAY=19,MINUTE=33,SECOND=14,MILLISECOND=418,ZONE_OFFSET=0,DST_OFFSET=0], message=null}
19:33:14.422 [main] DEBUG org.hibernate.SQL - insert into LogEntries (logCode, message, primaryUser, secondaryUser, time, id) values (?, ?, ?, ?, ?, ?)
Hibernate: insert into LogEntries (logCode, message, primaryUser, secondaryUser, time, id) values (?, ?, ?, ?, ?, ?)
19:33:14.424 [main] DEBUG o.h.e.j.internal.JdbcCoordinatorImpl - HHH000420: Closing un-released batch
19:33:14.424 [main] DEBUG o.h.e.t.internal.TransactionImpl - begin
19:33:14.425 [main] DEBUG org.hibernate.SQL - select next_val as id_val from hibernate_sequence for update
Hibernate: select next_val as id_val from hibernate_sequence for update
19:33:14.426 [main] DEBUG org.hibernate.SQL - update hibernate_sequence set next_val= ? where next_val=?
Hibernate: update hibernate_sequence set next_val= ? where next_val=?
19:33:14.427 [main] DEBUG o.h.e.i.AbstractSaveEventListener - Generated identifier: 292, using strategy: org.hibernate.id.enhanced.SequenceStyleGenerator
19:33:14.427 [main] DEBUG o.h.e.t.internal.TransactionImpl - committing
19:33:14.428 [main] DEBUG o.h.e.i.AbstractFlushingEventListener - Processing flush-time cascades
19:33:14.428 [main] DEBUG o.h.e.i.AbstractFlushingEventListener - Dirty checking collections
19:33:14.428 [main] DEBUG o.h.e.i.AbstractFlushingEventListener - Flushed: 1 insertions, 0 updates, 0 deletions to 1 objects
19:33:14.433 [main] DEBUG o.h.e.i.AbstractFlushingEventListener - Flushed: 0 (re)creations, 0 updates, 0 removals to 0 collections
19:33:14.433 [main] DEBUG o.h.internal.util.EntityPrinter - Listing entities:
19:33:14.434 [main] DEBUG o.h.internal.util.EntityPrinter - edu.ncsu.csc.itrust2.models.persistent.LogEntry{secondaryUser=null, logCode=5, primaryUser=logapitest, id=292, time=java.util.GregorianCalendar[time=1521660794424,areFieldsSet=true,areAllFieldsSet=true,lenient=true,zone=sun.util.calendar.ZoneInfo[id="Etc/UTC",offset=0,dstSavings=0,useDaylight=false,transitions=0,lastRule=null],firstDayOfWeek=1,minimalDaysInFirstWeek=1,ERA=1,YEAR=2018,MONTH=2,WEEK_OF_YEAR=12,WEEK_OF_MONTH=4,DAY_OF_MONTH=21,DAY_OF_YEAR=80,DAY_OF_WEEK=4,DAY_OF_WEEK_IN_MONTH=3,AM_PM=1,HOUR=7,HOUR_OF_DAY=19,MINUTE=33,SECOND=14,MILLISECOND=424,ZONE_OFFSET=0,DST_OFFSET=0], message=null}
19:33:14.434 [main] DEBUG org.hibernate.SQL - insert into LogEntries (logCode, message, primaryUser, secondaryUser, time, id) values (?, ?, ?, ?, ?, ?)
Hibernate: insert into LogEntries (logCode, message, primaryUser, secondaryUser, time, id) values (?, ?, ?, ?, ?, ?)
19:33:14.437 [main] DEBUG o.h.e.j.internal.JdbcCoordinatorImpl - HHH000420: Closing un-released batch
19:33:14.438 [main] DEBUG o.h.e.t.internal.TransactionImpl - begin
19:33:14.439 [main] DEBUG org.hibernate.SQL - select next_val as id_val from hibernate_sequence for update
Hibernate: select next_val as id_val from hibernate_sequence for update
19:33:14.440 [main] DEBUG org.hibernate.SQL - update hibernate_sequence set next_val= ? where next_val=?
Hibernate: update hibernate_sequence set next_val= ? where next_val=?
19:33:14.442 [main] DEBUG o.h.e.i.AbstractSaveEventListener - Generated identifier: 293, using strategy: org.hibernate.id.enhanced.SequenceStyleGenerator
19:33:14.442 [main] DEBUG o.h.e.t.internal.TransactionImpl - committing
19:33:14.442 [main] DEBUG o.h.e.i.AbstractFlushingEventListener - Processing flush-time cascades
19:33:14.443 [main] DEBUG o.h.e.i.AbstractFlushingEventListener - Dirty checking collections
19:33:14.443 [main] DEBUG o.h.e.i.AbstractFlushingEventListener - Flushed: 1 insertions, 0 updates, 0 deletions to 1 objects
19:33:14.443 [main] DEBUG o.h.e.i.AbstractFlushingEventListener - Flushed: 0 (re)creations, 0 updates, 0 removals to 0 collections
19:33:14.443 [main] DEBUG o.h.internal.util.EntityPrinter - Listing entities:
19:33:14.443 [main] DEBUG o.h.internal.util.EntityPrinter - edu.ncsu.csc.itrust2.models.persistent.LogEntry{secondaryUser=null, logCode=5, primaryUser=logapitest, id=293, time=java.util.GregorianCalendar[time=1521660794437,areFieldsSet=true,areAllFieldsSet=true,lenient=true,zone=sun.util.calendar.ZoneInfo[id="Etc/UTC",offset=0,dstSavings=0,useDaylight=false,transitions=0,lastRule=null],firstDayOfWeek=1,minimalDaysInFirstWeek=1,ERA=1,YEAR=2018,MONTH=2,WEEK_OF_YEAR=12,WEEK_OF_MONTH=4,DAY_OF_MONTH=21,DAY_OF_YEAR=80,DAY_OF_WEEK=4,DAY_OF_WEEK_IN_MONTH=3,AM_PM=1,HOUR=7,HOUR_OF_DAY=19,MINUTE=33,SECOND=14,MILLISECOND=437,ZONE_OFFSET=0,DST_OFFSET=0], message=null}
19:33:14.444 [main] DEBUG org.hibernate.SQL - insert into LogEntries (logCode, message, primaryUser, secondaryUser, time, id) values (?, ?, ?, ?, ?, ?)
Hibernate: insert into LogEntries (logCode, message, primaryUser, secondaryUser, time, id) values (?, ?, ?, ?, ?, ?)
19:33:14.447 [main] DEBUG o.h.e.j.internal.JdbcCoordinatorImpl - HHH000420: Closing un-released batch
19:33:14.447 [main] DEBUG o.h.e.t.internal.TransactionImpl - begin
19:33:14.449 [main] DEBUG org.hibernate.SQL - select next_val as id_val from hibernate_sequence for update
Hibernate: select next_val as id_val from hibernate_sequence for update
19:33:14.449 [main] DEBUG org.hibernate.SQL - update hibernate_sequence set next_val= ? where next_val=?
Hibernate: update hibernate_sequence set next_val= ? where next_val=?
19:33:14.451 [main] DEBUG o.h.e.i.AbstractSaveEventListener - Generated identifier: 294, using strategy: org.hibernate.id.enhanced.SequenceStyleGenerator
19:33:14.451 [main] DEBUG o.h.e.t.internal.TransactionImpl - committing
19:33:14.452 [main] DEBUG o.h.e.i.AbstractFlushingEventListener - Processing flush-time cascades
19:33:14.452 [main] DEBUG o.h.e.i.AbstractFlushingEventListener - Dirty checking collections
19:33:14.452 [main] DEBUG o.h.e.i.AbstractFlushingEventListener - Flushed: 1 insertions, 0 updates, 0 deletions to 1 objects
19:33:14.453 [main] DEBUG o.h.e.i.AbstractFlushingEventListener - Flushed: 0 (re)creations, 0 updates, 0 removals to 0 collections
19:33:14.453 [main] DEBUG o.h.internal.util.EntityPrinter - Listing entities:
19:33:14.453 [main] DEBUG o.h.internal.util.EntityPrinter - edu.ncsu.csc.itrust2.models.persistent.LogEntry{secondaryUser=null, logCode=5, primaryUser=logapitest, id=294, time=java.util.GregorianCalendar[time=1521660794447,areFieldsSet=true,areAllFieldsSet=true,lenient=true,zone=sun.util.calendar.ZoneInfo[id="Etc/UTC",offset=0,dstSavings=0,useDaylight=false,transitions=0,lastRule=null],firstDayOfWeek=1,minimalDaysInFirstWeek=1,ERA=1,YEAR=2018,MONTH=2,WEEK_OF_YEAR=12,WEEK_OF_MONTH=4,DAY_OF_MONTH=21,DAY_OF_YEAR=80,DAY_OF_WEEK=4,DAY_OF_WEEK_IN_MONTH=3,AM_PM=1,HOUR=7,HOUR_OF_DAY=19,MINUTE=33,SECOND=14,MILLISECOND=447,ZONE_OFFSET=0,DST_OFFSET=0], message=null}
19:33:14.454 [main] DEBUG org.hibernate.SQL - insert into LogEntries (logCode, message, primaryUser, secondaryUser, time, id) values (?, ?, ?, ?, ?, ?)
Hibernate: insert into LogEntries (logCode, message, primaryUser, secondaryUser, time, id) values (?, ?, ?, ?, ?, ?)
19:33:14.457 [main] DEBUG o.h.e.j.internal.JdbcCoordinatorImpl - HHH000420: Closing un-released batch
19:33:14.458 [main] DEBUG o.h.e.t.internal.TransactionImpl - begin
19:33:14.462 [main] DEBUG org.hibernate.SQL - select next_val as id_val from hibernate_sequence for update
Hibernate: select next_val as id_val from hibernate_sequence for update
19:33:14.463 [main] DEBUG org.hibernate.SQL - update hibernate_sequence set next_val= ? where next_val=?
Hibernate: update hibernate_sequence set next_val= ? where next_val=?
19:33:14.465 [main] DEBUG o.h.e.i.AbstractSaveEventListener - Generated identifier: 295, using strategy: org.hibernate.id.enhanced.SequenceStyleGenerator
19:33:14.465 [main] DEBUG o.h.e.t.internal.TransactionImpl - committing
19:33:14.465 [main] DEBUG o.h.e.i.AbstractFlushingEventListener - Processing flush-time cascades
19:33:14.465 [main] DEBUG o.h.e.i.AbstractFlushingEventListener - Dirty checking collections
19:33:14.466 [main] DEBUG o.h.e.i.AbstractFlushingEventListener - Flushed: 1 insertions, 0 updates, 0 deletions to 1 objects
19:33:14.466 [main] DEBUG o.h.e.i.AbstractFlushingEventListener - Flushed: 0 (re)creations, 0 updates, 0 removals to 0 collections
19:33:14.466 [main] DEBUG o.h.internal.util.EntityPrinter - Listing entities:
19:33:14.466 [main] DEBUG o.h.internal.util.EntityPrinter - edu.ncsu.csc.itrust2.models.persistent.LogEntry{secondaryUser=null, logCode=5, primaryUser=logapitest, id=295, time=java.util.GregorianCalendar[time=1521660794457,areFieldsSet=true,areAllFieldsSet=true,lenient=true,zone=sun.util.calendar.ZoneInfo[id="Etc/UTC",offset=0,dstSavings=0,useDaylight=false,transitions=0,lastRule=null],firstDayOfWeek=1,minimalDaysInFirstWeek=1,ERA=1,YEAR=2018,MONTH=2,WEEK_OF_YEAR=12,WEEK_OF_MONTH=4,DAY_OF_MONTH=21,DAY_OF_YEAR=80,DAY_OF_WEEK=4,DAY_OF_WEEK_IN_MONTH=3,AM_PM=1,HOUR=7,HOUR_OF_DAY=19,MINUTE=33,SECOND=14,MILLISECOND=457,ZONE_OFFSET=0,DST_OFFSET=0], message=null}
19:33:14.466 [main] DEBUG org.hibernate.SQL - insert into LogEntries (logCode, message, primaryUser, secondaryUser, time, id) values (?, ?, ?, ?, ?, ?)
Hibernate: insert into LogEntries (logCode, message, primaryUser, secondaryUser, time, id) values (?, ?, ?, ?, ?, ?)
19:33:14.471 [main] DEBUG o.h.e.j.internal.JdbcCoordinatorImpl - HHH000420: Closing un-released batch
19:33:14.472 [main] DEBUG o.h.e.t.internal.TransactionImpl - begin
19:33:14.473 [main] DEBUG org.hibernate.SQL - select next_val as id_val from hibernate_sequence for update
Hibernate: select next_val as id_val from hibernate_sequence for update
19:33:14.475 [main] DEBUG org.hibernate.SQL - update hibernate_sequence set next_val= ? where next_val=?
Hibernate: update hibernate_sequence set next_val= ? where next_val=?
19:33:14.476 [main] DEBUG o.h.e.i.AbstractSaveEventListener - Generated identifier: 296, using strategy: org.hibernate.id.enhanced.SequenceStyleGenerator
19:33:14.477 [main] DEBUG o.h.e.t.internal.TransactionImpl - committing
19:33:14.477 [main] DEBUG o.h.e.i.AbstractFlushingEventListener - Processing flush-time cascades
19:33:14.477 [main] DEBUG o.h.e.i.AbstractFlushingEventListener - Dirty checking collections
19:33:14.477 [main] DEBUG o.h.e.i.AbstractFlushingEventListener - Flushed: 1 insertions, 0 updates, 0 deletions to 1 objects
19:33:14.477 [main] DEBUG o.h.e.i.AbstractFlushingEventListener - Flushed: 0 (re)creations, 0 updates, 0 removals to 0 collections
19:33:14.478 [main] DEBUG o.h.internal.util.EntityPrinter - Listing entities:
19:33:14.478 [main] DEBUG o.h.internal.util.EntityPrinter - edu.ncsu.csc.itrust2.models.persistent.LogEntry{secondaryUser=null, logCode=5, primaryUser=logapitest, id=296, time=java.util.GregorianCalendar[time=1521660794472,areFieldsSet=true,areAllFieldsSet=true,lenient=true,zone=sun.util.calendar.ZoneInfo[id="Etc/UTC",offset=0,dstSavings=0,useDaylight=false,transitions=0,lastRule=null],firstDayOfWeek=1,minimalDaysInFirstWeek=1,ERA=1,YEAR=2018,MONTH=2,WEEK_OF_YEAR=12,WEEK_OF_MONTH=4,DAY_OF_MONTH=21,DAY_OF_YEAR=80,DAY_OF_WEEK=4,DAY_OF_WEEK_IN_MONTH=3,AM_PM=1,HOUR=7,HOUR_OF_DAY=19,MINUTE=33,SECOND=14,MILLISECOND=472,ZONE_OFFSET=0,DST_OFFSET=0], message=null}
19:33:14.478 [main] DEBUG org.hibernate.SQL - insert into LogEntries (logCode, message, primaryUser, secondaryUser, time, id) values (?, ?, ?, ?, ?, ?)
Hibernate: insert into LogEntries (logCode, message, primaryUser, secondaryUser, time, id) values (?, ?, ?, ?, ?, ?)
19:33:14.481 [main] DEBUG o.h.e.j.internal.JdbcCoordinatorImpl - HHH000420: Closing un-released batch
19:33:14.482 [main] DEBUG o.h.e.t.internal.TransactionImpl - begin
19:33:14.483 [main] DEBUG org.hibernate.SQL - select next_val as id_val from hibernate_sequence for update
Hibernate: select next_val as id_val from hibernate_sequence for update
19:33:14.484 [main] DEBUG org.hibernate.SQL - update hibernate_sequence set next_val= ? where next_val=?
Hibernate: update hibernate_sequence set next_val= ? where next_val=?
19:33:14.486 [main] DEBUG o.h.e.i.AbstractSaveEventListener - Generated identifier: 297, using strategy: org.hibernate.id.enhanced.SequenceStyleGenerator
19:33:14.486 [main] DEBUG o.h.e.t.internal.TransactionImpl - committing
19:33:14.487 [main] DEBUG o.h.e.i.AbstractFlushingEventListener - Processing flush-time cascades
19:33:14.487 [main] DEBUG o.h.e.i.AbstractFlushingEventListener - Dirty checking collections
19:33:14.487 [main] DEBUG o.h.e.i.AbstractFlushingEventListener - Flushed: 1 insertions, 0 updates, 0 deletions to 1 objects
19:33:14.487 [main] DEBUG o.h.e.i.AbstractFlushingEventListener - Flushed: 0 (re)creations, 0 updates, 0 removals to 0 collections
19:33:14.487 [main] DEBUG o.h.internal.util.EntityPrinter - Listing entities:
19:33:14.487 [main] DEBUG o.h.internal.util.EntityPrinter - edu.ncsu.csc.itrust2.models.persistent.LogEntry{secondaryUser=null, logCode=5, primaryUser=logapitest, id=297, time=java.util.GregorianCalendar[time=1521660794482,areFieldsSet=true,areAllFieldsSet=true,lenient=true,zone=sun.util.calendar.ZoneInfo[id="Etc/UTC",offset=0,dstSavings=0,useDaylight=false,transitions=0,lastRule=null],firstDayOfWeek=1,minimalDaysInFirstWeek=1,ERA=1,YEAR=2018,MONTH=2,WEEK_OF_YEAR=12,WEEK_OF_MONTH=4,DAY_OF_MONTH=21,DAY_OF_YEAR=80,DAY_OF_WEEK=4,DAY_OF_WEEK_IN_MONTH=3,AM_PM=1,HOUR=7,HOUR_OF_DAY=19,MINUTE=33,SECOND=14,MILLISECOND=482,ZONE_OFFSET=0,DST_OFFSET=0], message=null}
19:33:14.488 [main] DEBUG org.hibernate.SQL - insert into LogEntries (logCode, message, primaryUser, secondaryUser, time, id) values (?, ?, ?, ?, ?, ?)
Hibernate: insert into LogEntries (logCode, message, primaryUser, secondaryUser, time, id) values (?, ?, ?, ?, ?, ?)
19:33:14.491 [main] DEBUG o.h.e.j.internal.JdbcCoordinatorImpl - HHH000420: Closing un-released batch
19:33:14.491 [main] DEBUG o.h.e.t.internal.TransactionImpl - begin
19:33:14.492 [main] DEBUG org.hibernate.SQL - select next_val as id_val from hibernate_sequence for update
Hibernate: select next_val as id_val from hibernate_sequence for update
19:33:14.493 [main] DEBUG org.hibernate.SQL - update hibernate_sequence set next_val= ? where next_val=?
Hibernate: update hibernate_sequence set next_val= ? where next_val=?
19:33:14.495 [main] DEBUG o.h.e.i.AbstractSaveEventListener - Generated identifier: 298, using strategy: org.hibernate.id.enhanced.SequenceStyleGenerator
19:33:14.496 [main] DEBUG o.h.e.t.internal.TransactionImpl - committing
19:33:14.496 [main] DEBUG o.h.e.i.AbstractFlushingEventListener - Processing flush-time cascades
19:33:14.496 [main] DEBUG o.h.e.i.AbstractFlushingEventListener - Dirty checking collections
19:33:14.496 [main] DEBUG o.h.e.i.AbstractFlushingEventListener - Flushed: 1 insertions, 0 updates, 0 deletions to 1 objects
19:33:14.496 [main] DEBUG o.h.e.i.AbstractFlushingEventListener - Flushed: 0 (re)creations, 0 updates, 0 removals to 0 collections
19:33:14.496 [main] DEBUG o.h.internal.util.EntityPrinter - Listing entities:
19:33:14.496 [main] DEBUG o.h.internal.util.EntityPrinter - edu.ncsu.csc.itrust2.models.persistent.LogEntry{secondaryUser=null, logCode=5, primaryUser=logapitest, id=298, time=java.util.GregorianCalendar[time=1521660794491,areFieldsSet=true,areAllFieldsSet=true,lenient=true,zone=sun.util.calendar.ZoneInfo[id="Etc/UTC",offset=0,dstSavings=0,useDaylight=false,transitions=0,lastRule=null],firstDayOfWeek=1,minimalDaysInFirstWeek=1,ERA=1,YEAR=2018,MONTH=2,WEEK_OF_YEAR=12,WEEK_OF_MONTH=4,DAY_OF_MONTH=21,DAY_OF_YEAR=80,DAY_OF_WEEK=4,DAY_OF_WEEK_IN_MONTH=3,AM_PM=1,HOUR=7,HOUR_OF_DAY=19,MINUTE=33,SECOND=14,MILLISECOND=491,ZONE_OFFSET=0,DST_OFFSET=0], message=null}
19:33:14.497 [main] DEBUG org.hibernate.SQL - insert into LogEntries (logCode, message, primaryUser, secondaryUser, time, id) values (?, ?, ?, ?, ?, ?)
Hibernate: insert into LogEntries (logCode, message, primaryUser, secondaryUser, time, id) values (?, ?, ?, ?, ?, ?)
19:33:14.501 [main] DEBUG o.h.e.j.internal.JdbcCoordinatorImpl - HHH000420: Closing un-released batch
19:33:14.502 [main] DEBUG o.h.e.t.internal.TransactionImpl - begin
19:33:14.503 [main] DEBUG org.hibernate.SQL - select next_val as id_val from hibernate_sequence for update
Hibernate: select next_val as id_val from hibernate_sequence for update
19:33:14.504 [main] DEBUG org.hibernate.SQL - update hibernate_sequence set next_val= ? where next_val=?
Hibernate: update hibernate_sequence set next_val= ? where next_val=?
19:33:14.506 [main] DEBUG o.h.e.i.AbstractSaveEventListener - Generated identifier: 299, using strategy: org.hibernate.id.enhanced.SequenceStyleGenerator
19:33:14.507 [main] DEBUG o.h.e.t.internal.TransactionImpl - committing
19:33:14.507 [main] DEBUG o.h.e.i.AbstractFlushingEventListener - Processing flush-time cascades
19:33:14.507 [main] DEBUG o.h.e.i.AbstractFlushingEventListener - Dirty checking collections
19:33:14.509 [main] DEBUG o.h.e.i.AbstractFlushingEventListener - Flushed: 1 insertions, 0 updates, 0 deletions to 1 objects
19:33:14.509 [main] DEBUG o.h.e.i.AbstractFlushingEventListener - Flushed: 0 (re)creations, 0 updates, 0 removals to 0 collections
19:33:14.509 [main] DEBUG o.h.internal.util.EntityPrinter - Listing entities:
19:33:14.509 [main] DEBUG o.h.internal.util.EntityPrinter - edu.ncsu.csc.itrust2.models.persistent.LogEntry{secondaryUser=null, logCode=5, primaryUser=logapitest, id=299, time=java.util.GregorianCalendar[time=1521660794501,areFieldsSet=true,areAllFieldsSet=true,lenient=true,zone=sun.util.calendar.ZoneInfo[id="Etc/UTC",offset=0,dstSavings=0,useDaylight=false,transitions=0,lastRule=null],firstDayOfWeek=1,minimalDaysInFirstWeek=1,ERA=1,YEAR=2018,MONTH=2,WEEK_OF_YEAR=12,WEEK_OF_MONTH=4,DAY_OF_MONTH=21,DAY_OF_YEAR=80,DAY_OF_WEEK=4,DAY_OF_WEEK_IN_MONTH=3,AM_PM=1,HOUR=7,HOUR_OF_DAY=19,MINUTE=33,SECOND=14,MILLISECOND=501,ZONE_OFFSET=0,DST_OFFSET=0], message=null}
19:33:14.510 [main] DEBUG org.hibernate.SQL - insert into LogEntries (logCode, message, primaryUser, secondaryUser, time, id) values (?, ?, ?, ?, ?, ?)
Hibernate: insert into LogEntries (logCode, message, primaryUser, secondaryUser, time, id) values (?, ?, ?, ?, ?, ?)
19:33:14.512 [main] DEBUG o.h.e.j.internal.JdbcCoordinatorImpl - HHH000420: Closing un-released batch
19:33:14.516 [main] DEBUG o.h.e.t.internal.TransactionImpl - begin
19:33:14.518 [main] DEBUG org.hibernate.SQL - select next_val as id_val from hibernate_sequence for update
Hibernate: select next_val as id_val from hibernate_sequence for update
19:33:14.518 [main] DEBUG org.hibernate.SQL - update hibernate_sequence set next_val= ? where next_val=?
Hibernate: update hibernate_sequence set next_val= ? where next_val=?
19:33:14.520 [main] DEBUG o.h.e.i.AbstractSaveEventListener - Generated identifier: 300, using strategy: org.hibernate.id.enhanced.SequenceStyleGenerator
19:33:14.520 [main] DEBUG o.h.e.t.internal.TransactionImpl - committing
19:33:14.520 [main] DEBUG o.h.e.i.AbstractFlushingEventListener - Processing flush-time cascades
19:33:14.520 [main] DEBUG o.h.e.i.AbstractFlushingEventListener - Dirty checking collections
19:33:14.521 [main] DEBUG o.h.e.i.AbstractFlushingEventListener - Flushed: 1 insertions, 0 updates, 0 deletions to 1 objects
19:33:14.521 [main] DEBUG o.h.e.i.AbstractFlushingEventListener - Flushed: 0 (re)creations, 0 updates, 0 removals to 0 collections
19:33:14.521 [main] DEBUG o.h.internal.util.EntityPrinter - Listing entities:
19:33:14.521 [main] DEBUG o.h.internal.util.EntityPrinter - edu.ncsu.csc.itrust2.models.persistent.LogEntry{secondaryUser=null, logCode=5, primaryUser=logapitest, id=300, time=java.util.GregorianCalendar[time=1521660794515,areFieldsSet=true,areAllFieldsSet=true,lenient=true,zone=sun.util.calendar.ZoneInfo[id="Etc/UTC",offset=0,dstSavings=0,useDaylight=false,transitions=0,lastRule=null],firstDayOfWeek=1,minimalDaysInFirstWeek=1,ERA=1,YEAR=2018,MONTH=2,WEEK_OF_YEAR=12,WEEK_OF_MONTH=4,DAY_OF_MONTH=21,DAY_OF_YEAR=80,DAY_OF_WEEK=4,DAY_OF_WEEK_IN_MONTH=3,AM_PM=1,HOUR=7,HOUR_OF_DAY=19,MINUTE=33,SECOND=14,MILLISECOND=515,ZONE_OFFSET=0,DST_OFFSET=0], message=null}
19:33:14.522 [main] DEBUG org.hibernate.SQL - insert into LogEntries (logCode, message, primaryUser, secondaryUser, time, id) values (?, ?, ?, ?, ?, ?)
Hibernate: insert into LogEntries (logCode, message, primaryUser, secondaryUser, time, id) values (?, ?, ?, ?, ?, ?)
19:33:14.523 [main] DEBUG o.h.e.j.internal.JdbcCoordinatorImpl - HHH000420: Closing un-released batch
19:33:14.523 [main] DEBUG o.h.e.t.internal.TransactionImpl - begin
19:33:14.524 [main] DEBUG org.hibernate.SQL - select next_val as id_val from hibernate_sequence for update
Hibernate: select next_val as id_val from hibernate_sequence for update
19:33:14.524 [main] DEBUG org.hibernate.SQL - update hibernate_sequence set next_val= ? where next_val=?
Hibernate: update hibernate_sequence set next_val= ? where next_val=?
19:33:14.525 [main] DEBUG o.h.e.i.AbstractSaveEventListener - Generated identifier: 301, using strategy: org.hibernate.id.enhanced.SequenceStyleGenerator
19:33:14.526 [main] DEBUG o.h.e.t.internal.TransactionImpl - committing
19:33:14.526 [main] DEBUG o.h.e.i.AbstractFlushingEventListener - Processing flush-time cascades
19:33:14.526 [main] DEBUG o.h.e.i.AbstractFlushingEventListener - Dirty checking collections
19:33:14.527 [main] DEBUG o.h.e.i.AbstractFlushingEventListener - Flushed: 1 insertions, 0 updates, 0 deletions to 1 objects
19:33:14.527 [main] DEBUG o.h.e.i.AbstractFlushingEventListener - Flushed: 0 (re)creations, 0 updates, 0 removals to 0 collections
19:33:14.527 [main] DEBUG o.h.internal.util.EntityPrinter - Listing entities:
19:33:14.534 [main] DEBUG o.h.internal.util.EntityPrinter - edu.ncsu.csc.itrust2.models.persistent.LogEntry{secondaryUser=null, logCode=5, primaryUser=logapitest, id=301, time=java.util.GregorianCalendar[time=1521660794523,areFieldsSet=true,areAllFieldsSet=true,lenient=true,zone=sun.util.calendar.ZoneInfo[id="Etc/UTC",offset=0,dstSavings=0,useDaylight=false,transitions=0,lastRule=null],firstDayOfWeek=1,minimalDaysInFirstWeek=1,ERA=1,YEAR=2018,MONTH=2,WEEK_OF_YEAR=12,WEEK_OF_MONTH=4,DAY_OF_MONTH=21,DAY_OF_YEAR=80,DAY_OF_WEEK=4,DAY_OF_WEEK_IN_MONTH=3,AM_PM=1,HOUR=7,HOUR_OF_DAY=19,MINUTE=33,SECOND=14,MILLISECOND=523,ZONE_OFFSET=0,DST_OFFSET=0], message=null}
19:33:14.535 [main] DEBUG org.hibernate.SQL - insert into LogEntries (logCode, message, primaryUser, secondaryUser, time, id) values (?, ?, ?, ?, ?, ?)
Hibernate: insert into LogEntries (logCode, message, primaryUser, secondaryUser, time, id) values (?, ?, ?, ?, ?, ?)
19:33:14.541 [main] DEBUG o.h.e.j.internal.JdbcCoordinatorImpl - HHH000420: Closing un-released batch
19:33:14.541 [main] DEBUG o.h.e.t.internal.TransactionImpl - begin
19:33:14.543 [main] DEBUG org.hibernate.SQL - select next_val as id_val from hibernate_sequence for update
Hibernate: select next_val as id_val from hibernate_sequence for update
19:33:14.543 [main] DEBUG org.hibernate.SQL - update hibernate_sequence set next_val= ? where next_val=?
Hibernate: update hibernate_sequence set next_val= ? where next_val=?
19:33:14.545 [main] DEBUG o.h.e.i.AbstractSaveEventListener - Generated identifier: 302, using strategy: org.hibernate.id.enhanced.SequenceStyleGenerator
19:33:14.546 [main] DEBUG o.h.e.t.internal.TransactionImpl - committing
19:33:14.546 [main] DEBUG o.h.e.i.AbstractFlushingEventListener - Processing flush-time cascades
19:33:14.546 [main] DEBUG o.h.e.i.AbstractFlushingEventListener - Dirty checking collections
19:33:14.546 [main] DEBUG o.h.e.i.AbstractFlushingEventListener - Flushed: 1 insertions, 0 updates, 0 deletions to 1 objects
19:33:14.546 [main] DEBUG o.h.e.i.AbstractFlushingEventListener - Flushed: 0 (re)creations, 0 updates, 0 removals to 0 collections
19:33:14.546 [main] DEBUG o.h.internal.util.EntityPrinter - Listing entities:
19:33:14.546 [main] DEBUG o.h.internal.util.EntityPrinter - edu.ncsu.csc.itrust2.models.persistent.LogEntry{secondaryUser=null, logCode=5, primaryUser=logapitest, id=302, time=java.util.GregorianCalendar[time=1521660794541,areFieldsSet=true,areAllFieldsSet=true,lenient=true,zone=sun.util.calendar.ZoneInfo[id="Etc/UTC",offset=0,dstSavings=0,useDaylight=false,transitions=0,lastRule=null],firstDayOfWeek=1,minimalDaysInFirstWeek=1,ERA=1,YEAR=2018,MONTH=2,WEEK_OF_YEAR=12,WEEK_OF_MONTH=4,DAY_OF_MONTH=21,DAY_OF_YEAR=80,DAY_OF_WEEK=4,DAY_OF_WEEK_IN_MONTH=3,AM_PM=1,HOUR=7,HOUR_OF_DAY=19,MINUTE=33,SECOND=14,MILLISECOND=541,ZONE_OFFSET=0,DST_OFFSET=0], message=null}
19:33:14.548 [main] DEBUG org.hibernate.SQL - insert into LogEntries (logCode, message, primaryUser, secondaryUser, time, id) values (?, ?, ?, ?, ?, ?)
Hibernate: insert into LogEntries (logCode, message, primaryUser, secondaryUser, time, id) values (?, ?, ?, ?, ?, ?)
19:33:14.554 [main] DEBUG o.h.e.j.internal.JdbcCoordinatorImpl - HHH000420: Closing un-released batch
19:33:14.555 [main] DEBUG o.h.e.t.internal.TransactionImpl - begin
19:33:14.557 [main] DEBUG org.hibernate.SQL - select next_val as id_val from hibernate_sequence for update
Hibernate: select next_val as id_val from hibernate_sequence for update
19:33:14.558 [main] DEBUG org.hibernate.SQL - update hibernate_sequence set next_val= ? where next_val=?
Hibernate: update hibernate_sequence set next_val= ? where next_val=?
19:33:14.561 [main] DEBUG o.h.e.i.AbstractSaveEventListener - Generated identifier: 303, using strategy: org.hibernate.id.enhanced.SequenceStyleGenerator
19:33:14.563 [main] DEBUG o.h.e.t.internal.TransactionImpl - committing
19:33:14.563 [main] DEBUG o.h.e.i.AbstractFlushingEventListener - Processing flush-time cascades
19:33:14.564 [main] DEBUG o.h.e.i.AbstractFlushingEventListener - Dirty checking collections
19:33:14.565 [main] DEBUG o.h.e.i.AbstractFlushingEventListener - Flushed: 1 insertions, 0 updates, 0 deletions to 1 objects
19:33:14.565 [main] DEBUG o.h.e.i.AbstractFlushingEventListener - Flushed: 0 (re)creations, 0 updates, 0 removals to 0 collections
19:33:14.565 [main] DEBUG o.h.internal.util.EntityPrinter - Listing entities:
19:33:14.565 [main] DEBUG o.h.internal.util.EntityPrinter - edu.ncsu.csc.itrust2.models.persistent.LogEntry{secondaryUser=null, logCode=5, primaryUser=logapitest, id=303, time=java.util.GregorianCalendar[time=1521660794555,areFieldsSet=true,areAllFieldsSet=true,lenient=true,zone=sun.util.calendar.ZoneInfo[id="Etc/UTC",offset=0,dstSavings=0,useDaylight=false,transitions=0,lastRule=null],firstDayOfWeek=1,minimalDaysInFirstWeek=1,ERA=1,YEAR=2018,MONTH=2,WEEK_OF_YEAR=12,WEEK_OF_MONTH=4,DAY_OF_MONTH=21,DAY_OF_YEAR=80,DAY_OF_WEEK=4,DAY_OF_WEEK_IN_MONTH=3,AM_PM=1,HOUR=7,HOUR_OF_DAY=19,MINUTE=33,SECOND=14,MILLISECOND=555,ZONE_OFFSET=0,DST_OFFSET=0], message=null}
19:33:14.568 [main] DEBUG org.hibernate.SQL - insert into LogEntries (logCode, message, primaryUser, secondaryUser, time, id) values (?, ?, ?, ?, ?, ?)
Hibernate: insert into LogEntries (logCode, message, primaryUser, secondaryUser, time, id) values (?, ?, ?, ?, ?, ?)
19:33:14.573 [main] DEBUG o.h.e.j.internal.JdbcCoordinatorImpl - HHH000420: Closing un-released batch
19:33:14.573 [main] DEBUG o.h.e.t.internal.TransactionImpl - begin
19:33:14.574 [main] DEBUG org.hibernate.SQL - select next_val as id_val from hibernate_sequence for update
Hibernate: select next_val as id_val from hibernate_sequence for update
19:33:14.575 [main] DEBUG org.hibernate.SQL - update hibernate_sequence set next_val= ? where next_val=?
Hibernate: update hibernate_sequence set next_val= ? where next_val=?
19:33:14.577 [main] DEBUG o.h.e.i.AbstractSaveEventListener - Generated identifier: 304, using strategy: org.hibernate.id.enhanced.SequenceStyleGenerator
19:33:14.577 [main] DEBUG o.h.e.t.internal.TransactionImpl - committing
19:33:14.578 [main] DEBUG o.h.e.i.AbstractFlushingEventListener - Processing flush-time cascades
19:33:14.578 [main] DEBUG o.h.e.i.AbstractFlushingEventListener - Dirty checking collections
19:33:14.578 [main] DEBUG o.h.e.i.AbstractFlushingEventListener - Flushed: 1 insertions, 0 updates, 0 deletions to 1 objects
19:33:14.578 [main] DEBUG o.h.e.i.AbstractFlushingEventListener - Flushed: 0 (re)creations, 0 updates, 0 removals to 0 collections
19:33:14.578 [main] DEBUG o.h.internal.util.EntityPrinter - Listing entities:
19:33:14.578 [main] DEBUG o.h.internal.util.EntityPrinter - edu.ncsu.csc.itrust2.models.persistent.LogEntry{secondaryUser=null, logCode=5, primaryUser=logapitest, id=304, time=java.util.GregorianCalendar[time=1521660794573,areFieldsSet=true,areAllFieldsSet=true,lenient=true,zone=sun.util.calendar.ZoneInfo[id="Etc/UTC",offset=0,dstSavings=0,useDaylight=false,transitions=0,lastRule=null],firstDayOfWeek=1,minimalDaysInFirstWeek=1,ERA=1,YEAR=2018,MONTH=2,WEEK_OF_YEAR=12,WEEK_OF_MONTH=4,DAY_OF_MONTH=21,DAY_OF_YEAR=80,DAY_OF_WEEK=4,DAY_OF_WEEK_IN_MONTH=3,AM_PM=1,HOUR=7,HOUR_OF_DAY=19,MINUTE=33,SECOND=14,MILLISECOND=573,ZONE_OFFSET=0,DST_OFFSET=0], message=null}
19:33:14.580 [main] DEBUG org.hibernate.SQL - insert into LogEntries (logCode, message, primaryUser, secondaryUser, time, id) values (?, ?, ?, ?, ?, ?)
Hibernate: insert into LogEntries (logCode, message, primaryUser, secondaryUser, time, id) values (?, ?, ?, ?, ?, ?)
19:33:14.584 [main] DEBUG o.h.e.j.internal.JdbcCoordinatorImpl - HHH000420: Closing un-released batch
19:33:14.586 [main] DEBUG o.h.e.t.internal.TransactionImpl - begin
19:33:14.587 [main] DEBUG org.hibernate.SQL - select next_val as id_val from hibernate_sequence for update
Hibernate: select next_val as id_val from hibernate_sequence for update
19:33:14.589 [main] DEBUG org.hibernate.SQL - update hibernate_sequence set next_val= ? where next_val=?
Hibernate: update hibernate_sequence set next_val= ? where next_val=?
19:33:14.591 [main] DEBUG o.h.e.i.AbstractSaveEventListener - Generated identifier: 305, using strategy: org.hibernate.id.enhanced.SequenceStyleGenerator
19:33:14.592 [main] DEBUG o.h.e.t.internal.TransactionImpl - committing
19:33:14.592 [main] DEBUG o.h.e.i.AbstractFlushingEventListener - Processing flush-time cascades
19:33:14.593 [main] DEBUG o.h.e.i.AbstractFlushingEventListener - Dirty checking collections
19:33:14.593 [main] DEBUG o.h.e.i.AbstractFlushingEventListener - Flushed: 1 insertions, 0 updates, 0 deletions to 1 objects
19:33:14.593 [main] DEBUG o.h.e.i.AbstractFlushingEventListener - Flushed: 0 (re)creations, 0 updates, 0 removals to 0 collections
19:33:14.593 [main] DEBUG o.h.internal.util.EntityPrinter - Listing entities:
19:33:14.594 [main] DEBUG o.h.internal.util.EntityPrinter - edu.ncsu.csc.itrust2.models.persistent.LogEntry{secondaryUser=null, logCode=5, primaryUser=logapitest, id=305, time=java.util.GregorianCalendar[time=1521660794585,areFieldsSet=true,areAllFieldsSet=true,lenient=true,zone=sun.util.calendar.ZoneInfo[id="Etc/UTC",offset=0,dstSavings=0,useDaylight=false,transitions=0,lastRule=null],firstDayOfWeek=1,minimalDaysInFirstWeek=1,ERA=1,YEAR=2018,MONTH=2,WEEK_OF_YEAR=12,WEEK_OF_MONTH=4,DAY_OF_MONTH=21,DAY_OF_YEAR=80,DAY_OF_WEEK=4,DAY_OF_WEEK_IN_MONTH=3,AM_PM=1,HOUR=7,HOUR_OF_DAY=19,MINUTE=33,SECOND=14,MILLISECOND=585,ZONE_OFFSET=0,DST_OFFSET=0], message=null}
19:33:14.596 [main] DEBUG org.hibernate.SQL - insert into LogEntries (logCode, message, primaryUser, secondaryUser, time, id) values (?, ?, ?, ?, ?, ?)
Hibernate: insert into LogEntries (logCode, message, primaryUser, secondaryUser, time, id) values (?, ?, ?, ?, ?, ?)
19:33:14.598 [main] DEBUG o.h.e.j.internal.JdbcCoordinatorImpl - HHH000420: Closing un-released batch
19:33:14.599 [main] DEBUG o.h.e.t.internal.TransactionImpl - begin
19:33:14.600 [main] DEBUG org.hibernate.SQL - select next_val as id_val from hibernate_sequence for update
Hibernate: select next_val as id_val from hibernate_sequence for update
19:33:14.601 [main] DEBUG org.hibernate.SQL - update hibernate_sequence set next_val= ? where next_val=?
Hibernate: update hibernate_sequence set next_val= ? where next_val=?
19:33:14.606 [main] DEBUG o.h.e.i.AbstractSaveEventListener - Generated identifier: 306, using strategy: org.hibernate.id.enhanced.SequenceStyleGenerator
19:33:14.606 [main] DEBUG o.h.e.t.internal.TransactionImpl - committing
19:33:14.606 [main] DEBUG o.h.e.i.AbstractFlushingEventListener - Processing flush-time cascades
19:33:14.606 [main] DEBUG o.h.e.i.AbstractFlushingEventListener - Dirty checking collections
19:33:14.606 [main] DEBUG o.h.e.i.AbstractFlushingEventListener - Flushed: 1 insertions, 0 updates, 0 deletions to 1 objects
19:33:14.607 [main] DEBUG o.h.e.i.AbstractFlushingEventListener - Flushed: 0 (re)creations, 0 updates, 0 removals to 0 collections
19:33:14.607 [main] DEBUG o.h.internal.util.EntityPrinter - Listing entities:
19:33:14.607 [main] DEBUG o.h.internal.util.EntityPrinter - edu.ncsu.csc.itrust2.models.persistent.LogEntry{secondaryUser=null, logCode=5, primaryUser=logapitest, id=306, time=java.util.GregorianCalendar[time=1521660794599,areFieldsSet=true,areAllFieldsSet=true,lenient=true,zone=sun.util.calendar.ZoneInfo[id="Etc/UTC",offset=0,dstSavings=0,useDaylight=false,transitions=0,lastRule=null],firstDayOfWeek=1,minimalDaysInFirstWeek=1,ERA=1,YEAR=2018,MONTH=2,WEEK_OF_YEAR=12,WEEK_OF_MONTH=4,DAY_OF_MONTH=21,DAY_OF_YEAR=80,DAY_OF_WEEK=4,DAY_OF_WEEK_IN_MONTH=3,AM_PM=1,HOUR=7,HOUR_OF_DAY=19,MINUTE=33,SECOND=14,MILLISECOND=599,ZONE_OFFSET=0,DST_OFFSET=0], message=null}
19:33:14.609 [main] DEBUG org.hibernate.SQL - insert into LogEntries (logCode, message, primaryUser, secondaryUser, time, id) values (?, ?, ?, ?, ?, ?)
Hibernate: insert into LogEntries (logCode, message, primaryUser, secondaryUser, time, id) values (?, ?, ?, ?, ?, ?)
19:33:14.614 [main] DEBUG o.h.e.j.internal.JdbcCoordinatorImpl - HHH000420: Closing un-released batch
19:33:14.617 [main] DEBUG o.h.e.t.internal.TransactionImpl - begin
19:33:14.618 [main] DEBUG org.hibernate.SQL - select next_val as id_val from hibernate_sequence for update
Hibernate: select next_val as id_val from hibernate_sequence for update
19:33:14.619 [main] DEBUG org.hibernate.SQL - update hibernate_sequence set next_val= ? where next_val=?
Hibernate: update hibernate_sequence set next_val= ? where next_val=?
19:33:14.621 [main] DEBUG o.h.e.i.AbstractSaveEventListener - Generated identifier: 307, using strategy: org.hibernate.id.enhanced.SequenceStyleGenerator
19:33:14.622 [main] DEBUG o.h.e.t.internal.TransactionImpl - committing
19:33:14.622 [main] DEBUG o.h.e.i.AbstractFlushingEventListener - Processing flush-time cascades
19:33:14.622 [main] DEBUG o.h.e.i.AbstractFlushingEventListener - Dirty checking collections
19:33:14.623 [main] DEBUG o.h.e.i.AbstractFlushingEventListener - Flushed: 1 insertions, 0 updates, 0 deletions to 1 objects
19:33:14.623 [main] DEBUG o.h.e.i.AbstractFlushingEventListener - Flushed: 0 (re)creations, 0 updates, 0 removals to 0 collections
19:33:14.623 [main] DEBUG o.h.internal.util.EntityPrinter - Listing entities:
19:33:14.623 [main] DEBUG o.h.internal.util.EntityPrinter - edu.ncsu.csc.itrust2.models.persistent.LogEntry{secondaryUser=null, logCode=5, primaryUser=logapitest, id=307, time=java.util.GregorianCalendar[time=1521660794615,areFieldsSet=true,areAllFieldsSet=true,lenient=true,zone=sun.util.calendar.ZoneInfo[id="Etc/UTC",offset=0,dstSavings=0,useDaylight=false,transitions=0,lastRule=null],firstDayOfWeek=1,minimalDaysInFirstWeek=1,ERA=1,YEAR=2018,MONTH=2,WEEK_OF_YEAR=12,WEEK_OF_MONTH=4,DAY_OF_MONTH=21,DAY_OF_YEAR=80,DAY_OF_WEEK=4,DAY_OF_WEEK_IN_MONTH=3,AM_PM=1,HOUR=7,HOUR_OF_DAY=19,MINUTE=33,SECOND=14,MILLISECOND=615,ZONE_OFFSET=0,DST_OFFSET=0], message=null}
19:33:14.625 [main] DEBUG org.hibernate.SQL - insert into LogEntries (logCode, message, primaryUser, secondaryUser, time, id) values (?, ?, ?, ?, ?, ?)
Hibernate: insert into LogEntries (logCode, message, primaryUser, secondaryUser, time, id) values (?, ?, ?, ?, ?, ?)
19:33:14.628 [main] DEBUG o.h.e.j.internal.JdbcCoordinatorImpl - HHH000420: Closing un-released batch
19:33:14.629 [main] DEBUG o.h.e.t.internal.TransactionImpl - begin
19:33:14.630 [main] DEBUG org.hibernate.SQL - select next_val as id_val from hibernate_sequence for update
Hibernate: select next_val as id_val from hibernate_sequence for update
19:33:14.631 [main] DEBUG org.hibernate.SQL - update hibernate_sequence set next_val= ? where next_val=?
Hibernate: update hibernate_sequence set next_val= ? where next_val=?
19:33:14.633 [main] DEBUG o.h.e.i.AbstractSaveEventListener - Generated identifier: 308, using strategy: org.hibernate.id.enhanced.SequenceStyleGenerator
19:33:14.634 [main] DEBUG o.h.e.t.internal.TransactionImpl - committing
19:33:14.634 [main] DEBUG o.h.e.i.AbstractFlushingEventListener - Processing flush-time cascades
19:33:14.634 [main] DEBUG o.h.e.i.AbstractFlushingEventListener - Dirty checking collections
19:33:14.635 [main] DEBUG o.h.e.i.AbstractFlushingEventListener - Flushed: 1 insertions, 0 updates, 0 deletions to 1 objects
19:33:14.635 [main] DEBUG o.h.e.i.AbstractFlushingEventListener - Flushed: 0 (re)creations, 0 updates, 0 removals to 0 collections
19:33:14.635 [main] DEBUG o.h.internal.util.EntityPrinter - Listing entities:
19:33:14.635 [main] DEBUG o.h.internal.util.EntityPrinter - edu.ncsu.csc.itrust2.models.persistent.LogEntry{secondaryUser=null, logCode=5, primaryUser=logapitest, id=308, time=java.util.GregorianCalendar[time=1521660794628,areFieldsSet=true,areAllFieldsSet=true,lenient=true,zone=sun.util.calendar.ZoneInfo[id="Etc/UTC",offset=0,dstSavings=0,useDaylight=false,transitions=0,lastRule=null],firstDayOfWeek=1,minimalDaysInFirstWeek=1,ERA=1,YEAR=2018,MONTH=2,WEEK_OF_YEAR=12,WEEK_OF_MONTH=4,DAY_OF_MONTH=21,DAY_OF_YEAR=80,DAY_OF_WEEK=4,DAY_OF_WEEK_IN_MONTH=3,AM_PM=1,HOUR=7,HOUR_OF_DAY=19,MINUTE=33,SECOND=14,MILLISECOND=628,ZONE_OFFSET=0,DST_OFFSET=0], message=null}
19:33:14.637 [main] DEBUG org.hibernate.SQL - insert into LogEntries (logCode, message, primaryUser, secondaryUser, time, id) values (?, ?, ?, ?, ?, ?)
Hibernate: insert into LogEntries (logCode, message, primaryUser, secondaryUser, time, id) values (?, ?, ?, ?, ?, ?)
19:33:14.641 [main] DEBUG o.h.e.j.internal.JdbcCoordinatorImpl - HHH000420: Closing un-released batch
19:33:14.642 [main] DEBUG o.h.e.t.internal.TransactionImpl - begin
19:33:14.644 [main] DEBUG org.hibernate.SQL - select next_val as id_val from hibernate_sequence for update
Hibernate: select next_val as id_val from hibernate_sequence for update
19:33:14.645 [main] DEBUG org.hibernate.SQL - update hibernate_sequence set next_val= ? where next_val=?
Hibernate: update hibernate_sequence set next_val= ? where next_val=?
19:33:14.646 [main] DEBUG o.h.e.i.AbstractSaveEventListener - Generated identifier: 309, using strategy: org.hibernate.id.enhanced.SequenceStyleGenerator
19:33:14.647 [main] DEBUG o.h.e.t.internal.TransactionImpl - committing
19:33:14.647 [main] DEBUG o.h.e.i.AbstractFlushingEventListener - Processing flush-time cascades
19:33:14.648 [main] DEBUG o.h.e.i.AbstractFlushingEventListener - Dirty checking collections
19:33:14.648 [main] DEBUG o.h.e.i.AbstractFlushingEventListener - Flushed: 1 insertions, 0 updates, 0 deletions to 1 objects
19:33:14.649 [main] DEBUG o.h.e.i.AbstractFlushingEventListener - Flushed: 0 (re)creations, 0 updates, 0 removals to 0 collections
19:33:14.649 [main] DEBUG o.h.internal.util.EntityPrinter - Listing entities:
19:33:14.649 [main] DEBUG o.h.internal.util.EntityPrinter - edu.ncsu.csc.itrust2.models.persistent.LogEntry{secondaryUser=null, logCode=5, primaryUser=logapitest, id=309, time=java.util.GregorianCalendar[time=1521660794642,areFieldsSet=true,areAllFieldsSet=true,lenient=true,zone=sun.util.calendar.ZoneInfo[id="Etc/UTC",offset=0,dstSavings=0,useDaylight=false,transitions=0,lastRule=null],firstDayOfWeek=1,minimalDaysInFirstWeek=1,ERA=1,YEAR=2018,MONTH=2,WEEK_OF_YEAR=12,WEEK_OF_MONTH=4,DAY_OF_MONTH=21,DAY_OF_YEAR=80,DAY_OF_WEEK=4,DAY_OF_WEEK_IN_MONTH=3,AM_PM=1,HOUR=7,HOUR_OF_DAY=19,MINUTE=33,SECOND=14,MILLISECOND=642,ZONE_OFFSET=0,DST_OFFSET=0], message=null}
19:33:14.650 [main] DEBUG org.hibernate.SQL - insert into LogEntries (logCode, message, primaryUser, secondaryUser, time, id) values (?, ?, ?, ?, ?, ?)
Hibernate: insert into LogEntries (logCode, message, primaryUser, secondaryUser, time, id) values (?, ?, ?, ?, ?, ?)
19:33:14.653 [main] DEBUG o.h.e.j.internal.JdbcCoordinatorImpl - HHH000420: Closing un-released batch
19:33:14.654 [main] DEBUG o.h.e.t.internal.TransactionImpl - begin
19:33:14.655 [main] DEBUG org.hibernate.SQL - select next_val as id_val from hibernate_sequence for update
Hibernate: select next_val as id_val from hibernate_sequence for update
19:33:14.656 [main] DEBUG org.hibernate.SQL - update hibernate_sequence set next_val= ? where next_val=?
Hibernate: update hibernate_sequence set next_val= ? where next_val=?
19:33:14.658 [main] DEBUG o.h.e.i.AbstractSaveEventListener - Generated identifier: 310, using strategy: org.hibernate.id.enhanced.SequenceStyleGenerator
19:33:14.658 [main] DEBUG o.h.e.t.internal.TransactionImpl - committing
19:33:14.658 [main] DEBUG o.h.e.i.AbstractFlushingEventListener - Processing flush-time cascades
19:33:14.658 [main] DEBUG o.h.e.i.AbstractFlushingEventListener - Dirty checking collections
19:33:14.659 [main] DEBUG o.h.e.i.AbstractFlushingEventListener - Flushed: 1 insertions, 0 updates, 0 deletions to 1 objects
19:33:14.659 [main] DEBUG o.h.e.i.AbstractFlushingEventListener - Flushed: 0 (re)creations, 0 updates, 0 removals to 0 collections
19:33:14.659 [main] DEBUG o.h.internal.util.EntityPrinter - Listing entities:
19:33:14.659 [main] DEBUG o.h.internal.util.EntityPrinter - edu.ncsu.csc.itrust2.models.persistent.LogEntry{secondaryUser=null, logCode=5, primaryUser=logapitest, id=310, time=java.util.GregorianCalendar[time=1521660794654,areFieldsSet=true,areAllFieldsSet=true,lenient=true,zone=sun.util.calendar.ZoneInfo[id="Etc/UTC",offset=0,dstSavings=0,useDaylight=false,transitions=0,lastRule=null],firstDayOfWeek=1,minimalDaysInFirstWeek=1,ERA=1,YEAR=2018,MONTH=2,WEEK_OF_YEAR=12,WEEK_OF_MONTH=4,DAY_OF_MONTH=21,DAY_OF_YEAR=80,DAY_OF_WEEK=4,DAY_OF_WEEK_IN_MONTH=3,AM_PM=1,HOUR=7,HOUR_OF_DAY=19,MINUTE=33,SECOND=14,MILLISECOND=654,ZONE_OFFSET=0,DST_OFFSET=0], message=null}
19:33:14.661 [main] DEBUG org.hibernate.SQL - insert into LogEntries (logCode, message, primaryUser, secondaryUser, time, id) values (?, ?, ?, ?, ?, ?)
Hibernate: insert into LogEntries (logCode, message, primaryUser, secondaryUser, time, id) values (?, ?, ?, ?, ?, ?)
19:33:14.665 [main] DEBUG o.h.e.j.internal.JdbcCoordinatorImpl - HHH000420: Closing un-released batch
19:33:14.666 [main] DEBUG o.h.e.t.internal.TransactionImpl - begin
19:33:14.668 [main] DEBUG org.hibernate.SQL - select next_val as id_val from hibernate_sequence for update
Hibernate: select next_val as id_val from hibernate_sequence for update
19:33:14.669 [main] DEBUG org.hibernate.SQL - update hibernate_sequence set next_val= ? where next_val=?
Hibernate: update hibernate_sequence set next_val= ? where next_val=?
19:33:14.671 [main] DEBUG o.h.e.i.AbstractSaveEventListener - Generated identifier: 311, using strategy: org.hibernate.id.enhanced.SequenceStyleGenerator
19:33:14.672 [main] DEBUG o.h.e.t.internal.TransactionImpl - committing
19:33:14.672 [main] DEBUG o.h.e.i.AbstractFlushingEventListener - Processing flush-time cascades
19:33:14.672 [main] DEBUG o.h.e.i.AbstractFlushingEventListener - Dirty checking collections
19:33:14.673 [main] DEBUG o.h.e.i.AbstractFlushingEventListener - Flushed: 1 insertions, 0 updates, 0 deletions to 1 objects
19:33:14.673 [main] DEBUG o.h.e.i.AbstractFlushingEventListener - Flushed: 0 (re)creations, 0 updates, 0 removals to 0 collections
19:33:14.673 [main] DEBUG o.h.internal.util.EntityPrinter - Listing entities:
19:33:14.674 [main] DEBUG o.h.internal.util.EntityPrinter - edu.ncsu.csc.itrust2.models.persistent.LogEntry{secondaryUser=null, logCode=5, primaryUser=logapitest, id=311, time=java.util.GregorianCalendar[time=1521660794666,areFieldsSet=true,areAllFieldsSet=true,lenient=true,zone=sun.util.calendar.ZoneInfo[id="Etc/UTC",offset=0,dstSavings=0,useDaylight=false,transitions=0,lastRule=null],firstDayOfWeek=1,minimalDaysInFirstWeek=1,ERA=1,YEAR=2018,MONTH=2,WEEK_OF_YEAR=12,WEEK_OF_MONTH=4,DAY_OF_MONTH=21,DAY_OF_YEAR=80,DAY_OF_WEEK=4,DAY_OF_WEEK_IN_MONTH=3,AM_PM=1,HOUR=7,HOUR_OF_DAY=19,MINUTE=33,SECOND=14,MILLISECOND=666,ZONE_OFFSET=0,DST_OFFSET=0], message=null}
19:33:14.675 [main] DEBUG org.hibernate.SQL - insert into LogEntries (logCode, message, primaryUser, secondaryUser, time, id) values (?, ?, ?, ?, ?, ?)
Hibernate: insert into LogEntries (logCode, message, primaryUser, secondaryUser, time, id) values (?, ?, ?, ?, ?, ?)
19:33:14.678 [main] DEBUG o.h.e.j.internal.JdbcCoordinatorImpl - HHH000420: Closing un-released batch
19:33:14.679 [main] DEBUG o.h.e.t.internal.TransactionImpl - begin
19:33:14.681 [main] DEBUG org.hibernate.SQL - select next_val as id_val from hibernate_sequence for update
Hibernate: select next_val as id_val from hibernate_sequence for update
19:33:14.682 [main] DEBUG org.hibernate.SQL - update hibernate_sequence set next_val= ? where next_val=?
Hibernate: update hibernate_sequence set next_val= ? where next_val=?
19:33:14.684 [main] DEBUG o.h.e.i.AbstractSaveEventListener - Generated identifier: 312, using strategy: org.hibernate.id.enhanced.SequenceStyleGenerator
19:33:14.685 [main] DEBUG o.h.e.t.internal.TransactionImpl - committing
19:33:14.685 [main] DEBUG o.h.e.i.AbstractFlushingEventListener - Processing flush-time cascades
19:33:14.685 [main] DEBUG o.h.e.i.AbstractFlushingEventListener - Dirty checking collections
19:33:14.686 [main] DEBUG o.h.e.i.AbstractFlushingEventListener - Flushed: 1 insertions, 0 updates, 0 deletions to 1 objects
19:33:14.686 [main] DEBUG o.h.e.i.AbstractFlushingEventListener - Flushed: 0 (re)creations, 0 updates, 0 removals to 0 collections
19:33:14.686 [main] DEBUG o.h.internal.util.EntityPrinter - Listing entities:
19:33:14.686 [main] DEBUG o.h.internal.util.EntityPrinter - edu.ncsu.csc.itrust2.models.persistent.LogEntry{secondaryUser=null, logCode=5, primaryUser=logapitest, id=312, time=java.util.GregorianCalendar[time=1521660794679,areFieldsSet=true,areAllFieldsSet=true,lenient=true,zone=sun.util.calendar.ZoneInfo[id="Etc/UTC",offset=0,dstSavings=0,useDaylight=false,transitions=0,lastRule=null],firstDayOfWeek=1,minimalDaysInFirstWeek=1,ERA=1,YEAR=2018,MONTH=2,WEEK_OF_YEAR=12,WEEK_OF_MONTH=4,DAY_OF_MONTH=21,DAY_OF_YEAR=80,DAY_OF_WEEK=4,DAY_OF_WEEK_IN_MONTH=3,AM_PM=1,HOUR=7,HOUR_OF_DAY=19,MINUTE=33,SECOND=14,MILLISECOND=679,ZONE_OFFSET=0,DST_OFFSET=0], message=null}
19:33:14.690 [main] DEBUG org.hibernate.SQL - insert into LogEntries (logCode, message, primaryUser, secondaryUser, time, id) values (?, ?, ?, ?, ?, ?)
Hibernate: insert into LogEntries (logCode, message, primaryUser, secondaryUser, time, id) values (?, ?, ?, ?, ?, ?)
19:33:14.692 [main] DEBUG o.h.e.j.internal.JdbcCoordinatorImpl - HHH000420: Closing un-released batch
19:33:14.692 [main] DEBUG o.h.e.t.internal.TransactionImpl - begin
19:33:14.693 [main] DEBUG org.hibernate.SQL - select next_val as id_val from hibernate_sequence for update
Hibernate: select next_val as id_val from hibernate_sequence for update
19:33:14.693 [main] DEBUG org.hibernate.SQL - update hibernate_sequence set next_val= ? where next_val=?
Hibernate: update hibernate_sequence set next_val= ? where next_val=?
19:33:14.694 [main] DEBUG o.h.e.i.AbstractSaveEventListener - Generated identifier: 313, using strategy: org.hibernate.id.enhanced.SequenceStyleGenerator
19:33:14.694 [main] DEBUG o.h.e.t.internal.TransactionImpl - committing
19:33:14.695 [main] DEBUG o.h.e.i.AbstractFlushingEventListener - Processing flush-time cascades
19:33:14.695 [main] DEBUG o.h.e.i.AbstractFlushingEventListener - Dirty checking collections
19:33:14.695 [main] DEBUG o.h.e.i.AbstractFlushingEventListener - Flushed: 1 insertions, 0 updates, 0 deletions to 1 objects
19:33:14.695 [main] DEBUG o.h.e.i.AbstractFlushingEventListener - Flushed: 0 (re)creations, 0 updates, 0 removals to 0 collections
19:33:14.695 [main] DEBUG o.h.internal.util.EntityPrinter - Listing entities:
19:33:14.695 [main] DEBUG o.h.internal.util.EntityPrinter - edu.ncsu.csc.itrust2.models.persistent.LogEntry{secondaryUser=null, logCode=5, primaryUser=logapitest, id=313, time=java.util.GregorianCalendar[time=1521660794692,areFieldsSet=true,areAllFieldsSet=true,lenient=true,zone=sun.util.calendar.ZoneInfo[id="Etc/UTC",offset=0,dstSavings=0,useDaylight=false,transitions=0,lastRule=null],firstDayOfWeek=1,minimalDaysInFirstWeek=1,ERA=1,YEAR=2018,MONTH=2,WEEK_OF_YEAR=12,WEEK_OF_MONTH=4,DAY_OF_MONTH=21,DAY_OF_YEAR=80,DAY_OF_WEEK=4,DAY_OF_WEEK_IN_MONTH=3,AM_PM=1,HOUR=7,HOUR_OF_DAY=19,MINUTE=33,SECOND=14,MILLISECOND=692,ZONE_OFFSET=0,DST_OFFSET=0], message=null}
19:33:14.695 [main] DEBUG org.hibernate.SQL - insert into LogEntries (logCode, message, primaryUser, secondaryUser, time, id) values (?, ?, ?, ?, ?, ?)
Hibernate: insert into LogEntries (logCode, message, primaryUser, secondaryUser, time, id) values (?, ?, ?, ?, ?, ?)
19:33:14.698 [main] DEBUG o.h.e.j.internal.JdbcCoordinatorImpl - HHH000420: Closing un-released batch
19:33:14.698 [main] DEBUG o.h.e.t.internal.TransactionImpl - begin
19:33:14.699 [main] DEBUG org.hibernate.SQL - select next_val as id_val from hibernate_sequence for update
Hibernate: select next_val as id_val from hibernate_sequence for update
19:33:14.699 [main] DEBUG org.hibernate.SQL - update hibernate_sequence set next_val= ? where next_val=?
Hibernate: update hibernate_sequence set next_val= ? where next_val=?
19:33:14.701 [main] DEBUG o.h.e.i.AbstractSaveEventListener - Generated identifier: 314, using strategy: org.hibernate.id.enhanced.SequenceStyleGenerator
19:33:14.701 [main] DEBUG o.h.e.t.internal.TransactionImpl - committing
19:33:14.702 [main] DEBUG o.h.e.i.AbstractFlushingEventListener - Processing flush-time cascades
19:33:14.702 [main] DEBUG o.h.e.i.AbstractFlushingEventListener - Dirty checking collections
19:33:14.702 [main] DEBUG o.h.e.i.AbstractFlushingEventListener - Flushed: 1 insertions, 0 updates, 0 deletions to 1 objects
19:33:14.702 [main] DEBUG o.h.e.i.AbstractFlushingEventListener - Flushed: 0 (re)creations, 0 updates, 0 removals to 0 collections
19:33:14.702 [main] DEBUG o.h.internal.util.EntityPrinter - Listing entities:
19:33:14.702 [main] DEBUG o.h.internal.util.EntityPrinter - edu.ncsu.csc.itrust2.models.persistent.LogEntry{secondaryUser=null, logCode=5, primaryUser=logapitest, id=314, time=java.util.GregorianCalendar[time=1521660794698,areFieldsSet=true,areAllFieldsSet=true,lenient=true,zone=sun.util.calendar.ZoneInfo[id="Etc/UTC",offset=0,dstSavings=0,useDaylight=false,transitions=0,lastRule=null],firstDayOfWeek=1,minimalDaysInFirstWeek=1,ERA=1,YEAR=2018,MONTH=2,WEEK_OF_YEAR=12,WEEK_OF_MONTH=4,DAY_OF_MONTH=21,DAY_OF_YEAR=80,DAY_OF_WEEK=4,DAY_OF_WEEK_IN_MONTH=3,AM_PM=1,HOUR=7,HOUR_OF_DAY=19,MINUTE=33,SECOND=14,MILLISECOND=698,ZONE_OFFSET=0,DST_OFFSET=0], message=null}
19:33:14.704 [main] DEBUG org.hibernate.SQL - insert into LogEntries (logCode, message, primaryUser, secondaryUser, time, id) values (?, ?, ?, ?, ?, ?)
Hibernate: insert into LogEntries (logCode, message, primaryUser, secondaryUser, time, id) values (?, ?, ?, ?, ?, ?)
19:33:14.705 [main] DEBUG o.h.e.j.internal.JdbcCoordinatorImpl - HHH000420: Closing un-released batch
19:33:14.706 [main] DEBUG o.h.e.t.internal.TransactionImpl - begin
19:33:14.707 [main] DEBUG org.hibernate.SQL - select next_val as id_val from hibernate_sequence for update
Hibernate: select next_val as id_val from hibernate_sequence for update
19:33:14.708 [main] DEBUG org.hibernate.SQL - update hibernate_sequence set next_val= ? where next_val=?
Hibernate: update hibernate_sequence set next_val= ? where next_val=?
19:33:14.709 [main] DEBUG o.h.e.i.AbstractSaveEventListener - Generated identifier: 315, using strategy: org.hibernate.id.enhanced.SequenceStyleGenerator
19:33:14.709 [main] DEBUG o.h.e.t.internal.TransactionImpl - committing
19:33:14.709 [main] DEBUG o.h.e.i.AbstractFlushingEventListener - Processing flush-time cascades
19:33:14.709 [main] DEBUG o.h.e.i.AbstractFlushingEventListener - Dirty checking collections
19:33:14.710 [main] DEBUG o.h.e.i.AbstractFlushingEventListener - Flushed: 1 insertions, 0 updates, 0 deletions to 1 objects
19:33:14.710 [main] DEBUG o.h.e.i.AbstractFlushingEventListener - Flushed: 0 (re)creations, 0 updates, 0 removals to 0 collections
19:33:14.710 [main] DEBUG o.h.internal.util.EntityPrinter - Listing entities:
19:33:14.710 [main] DEBUG o.h.internal.util.EntityPrinter - edu.ncsu.csc.itrust2.models.persistent.LogEntry{secondaryUser=null, logCode=5, primaryUser=logapitest, id=315, time=java.util.GregorianCalendar[time=1521660794706,areFieldsSet=true,areAllFieldsSet=true,lenient=true,zone=sun.util.calendar.ZoneInfo[id="Etc/UTC",offset=0,dstSavings=0,useDaylight=false,transitions=0,lastRule=null],firstDayOfWeek=1,minimalDaysInFirstWeek=1,ERA=1,YEAR=2018,MONTH=2,WEEK_OF_YEAR=12,WEEK_OF_MONTH=4,DAY_OF_MONTH=21,DAY_OF_YEAR=80,DAY_OF_WEEK=4,DAY_OF_WEEK_IN_MONTH=3,AM_PM=1,HOUR=7,HOUR_OF_DAY=19,MINUTE=33,SECOND=14,MILLISECOND=706,ZONE_OFFSET=0,DST_OFFSET=0], message=null}
19:33:14.710 [main] DEBUG org.hibernate.SQL - insert into LogEntries (logCode, message, primaryUser, secondaryUser, time, id) values (?, ?, ?, ?, ?, ?)
Hibernate: insert into LogEntries (logCode, message, primaryUser, secondaryUser, time, id) values (?, ?, ?, ?, ?, ?)
19:33:14.712 [main] DEBUG o.h.e.j.internal.JdbcCoordinatorImpl - HHH000420: Closing un-released batch
19:33:14.713 [main] DEBUG o.h.e.t.internal.TransactionImpl - begin
19:33:14.713 [main] DEBUG org.hibernate.SQL - select next_val as id_val from hibernate_sequence for update
Hibernate: select next_val as id_val from hibernate_sequence for update
19:33:14.714 [main] DEBUG org.hibernate.SQL - update hibernate_sequence set next_val= ? where next_val=?
Hibernate: update hibernate_sequence set next_val= ? where next_val=?
19:33:14.715 [main] DEBUG o.h.e.i.AbstractSaveEventListener - Generated identifier: 316, using strategy: org.hibernate.id.enhanced.SequenceStyleGenerator
19:33:14.716 [main] DEBUG o.h.e.t.internal.TransactionImpl - committing
19:33:14.717 [main] DEBUG o.h.e.i.AbstractFlushingEventListener - Processing flush-time cascades
19:33:14.717 [main] DEBUG o.h.e.i.AbstractFlushingEventListener - Dirty checking collections
19:33:14.717 [main] DEBUG o.h.e.i.AbstractFlushingEventListener - Flushed: 1 insertions, 0 updates, 0 deletions to 1 objects
19:33:14.717 [main] DEBUG o.h.e.i.AbstractFlushingEventListener - Flushed: 0 (re)creations, 0 updates, 0 removals to 0 collections
19:33:14.717 [main] DEBUG o.h.internal.util.EntityPrinter - Listing entities:
19:33:14.717 [main] DEBUG o.h.internal.util.EntityPrinter - edu.ncsu.csc.itrust2.models.persistent.LogEntry{secondaryUser=null, logCode=5, primaryUser=logapitest, id=316, time=java.util.GregorianCalendar[time=1521660794712,areFieldsSet=true,areAllFieldsSet=true,lenient=true,zone=sun.util.calendar.ZoneInfo[id="Etc/UTC",offset=0,dstSavings=0,useDaylight=false,transitions=0,lastRule=null],firstDayOfWeek=1,minimalDaysInFirstWeek=1,ERA=1,YEAR=2018,MONTH=2,WEEK_OF_YEAR=12,WEEK_OF_MONTH=4,DAY_OF_MONTH=21,DAY_OF_YEAR=80,DAY_OF_WEEK=4,DAY_OF_WEEK_IN_MONTH=3,AM_PM=1,HOUR=7,HOUR_OF_DAY=19,MINUTE=33,SECOND=14,MILLISECOND=712,ZONE_OFFSET=0,DST_OFFSET=0], message=null}
19:33:14.718 [main] DEBUG org.hibernate.SQL - insert into LogEntries (logCode, message, primaryUser, secondaryUser, time, id) values (?, ?, ?, ?, ?, ?)
Hibernate: insert into LogEntries (logCode, message, primaryUser, secondaryUser, time, id) values (?, ?, ?, ?, ?, ?)
19:33:14.719 [main] DEBUG o.h.e.j.internal.JdbcCoordinatorImpl - HHH000420: Closing un-released batch
19:33:14.720 [main] DEBUG o.h.e.t.internal.TransactionImpl - begin
19:33:14.721 [main] DEBUG org.hibernate.SQL - select next_val as id_val from hibernate_sequence for update
Hibernate: select next_val as id_val from hibernate_sequence for update
19:33:14.722 [main] DEBUG org.hibernate.SQL - update hibernate_sequence set next_val= ? where next_val=?
Hibernate: update hibernate_sequence set next_val= ? where next_val=?
19:33:14.723 [main] DEBUG o.h.e.i.AbstractSaveEventListener - Generated identifier: 317, using strategy: org.hibernate.id.enhanced.SequenceStyleGenerator
19:33:14.723 [main] DEBUG o.h.e.t.internal.TransactionImpl - committing
19:33:14.723 [main] DEBUG o.h.e.i.AbstractFlushingEventListener - Processing flush-time cascades
19:33:14.723 [main] DEBUG o.h.e.i.AbstractFlushingEventListener - Dirty checking collections
19:33:14.724 [main] DEBUG o.h.e.i.AbstractFlushingEventListener - Flushed: 1 insertions, 0 updates, 0 deletions to 1 objects
19:33:14.724 [main] DEBUG o.h.e.i.AbstractFlushingEventListener - Flushed: 0 (re)creations, 0 updates, 0 removals to 0 collections
19:33:14.724 [main] DEBUG o.h.internal.util.EntityPrinter - Listing entities:
19:33:14.724 [main] DEBUG o.h.internal.util.EntityPrinter - edu.ncsu.csc.itrust2.models.persistent.LogEntry{secondaryUser=null, logCode=5, primaryUser=logapitest, id=317, time=java.util.GregorianCalendar[time=1521660794719,areFieldsSet=true,areAllFieldsSet=true,lenient=true,zone=sun.util.calendar.ZoneInfo[id="Etc/UTC",offset=0,dstSavings=0,useDaylight=false,transitions=0,lastRule=null],firstDayOfWeek=1,minimalDaysInFirstWeek=1,ERA=1,YEAR=2018,MONTH=2,WEEK_OF_YEAR=12,WEEK_OF_MONTH=4,DAY_OF_MONTH=21,DAY_OF_YEAR=80,DAY_OF_WEEK=4,DAY_OF_WEEK_IN_MONTH=3,AM_PM=1,HOUR=7,HOUR_OF_DAY=19,MINUTE=33,SECOND=14,MILLISECOND=719,ZONE_OFFSET=0,DST_OFFSET=0], message=null}
19:33:14.725 [main] DEBUG org.hibernate.SQL - insert into LogEntries (logCode, message, primaryUser, secondaryUser, time, id) values (?, ?, ?, ?, ?, ?)
Hibernate: insert into LogEntries (logCode, message, primaryUser, secondaryUser, time, id) values (?, ?, ?, ?, ?, ?)
19:33:14.726 [main] DEBUG o.h.e.j.internal.JdbcCoordinatorImpl - HHH000420: Closing un-released batch
19:33:14.727 [main] DEBUG o.h.e.t.internal.TransactionImpl - begin
19:33:14.728 [main] DEBUG org.hibernate.SQL - select next_val as id_val from hibernate_sequence for update
Hibernate: select next_val as id_val from hibernate_sequence for update
19:33:14.728 [main] DEBUG org.hibernate.SQL - update hibernate_sequence set next_val= ? where next_val=?
Hibernate: update hibernate_sequence set next_val= ? where next_val=?
19:33:14.729 [main] DEBUG o.h.e.i.AbstractSaveEventListener - Generated identifier: 318, using strategy: org.hibernate.id.enhanced.SequenceStyleGenerator
19:33:14.729 [main] DEBUG o.h.e.t.internal.TransactionImpl - committing
19:33:14.730 [main] DEBUG o.h.e.i.AbstractFlushingEventListener - Processing flush-time cascades
19:33:14.730 [main] DEBUG o.h.e.i.AbstractFlushingEventListener - Dirty checking collections
19:33:14.730 [main] DEBUG o.h.e.i.AbstractFlushingEventListener - Flushed: 1 insertions, 0 updates, 0 deletions to 1 objects
19:33:14.730 [main] DEBUG o.h.e.i.AbstractFlushingEventListener - Flushed: 0 (re)creations, 0 updates, 0 removals to 0 collections
19:33:14.730 [main] DEBUG o.h.internal.util.EntityPrinter - Listing entities:
19:33:14.730 [main] DEBUG o.h.internal.util.EntityPrinter - edu.ncsu.csc.itrust2.models.persistent.LogEntry{secondaryUser=null, logCode=5, primaryUser=logapitest, id=318, time=java.util.GregorianCalendar[time=1521660794727,areFieldsSet=true,areAllFieldsSet=true,lenient=true,zone=sun.util.calendar.ZoneInfo[id="Etc/UTC",offset=0,dstSavings=0,useDaylight=false,transitions=0,lastRule=null],firstDayOfWeek=1,minimalDaysInFirstWeek=1,ERA=1,YEAR=2018,MONTH=2,WEEK_OF_YEAR=12,WEEK_OF_MONTH=4,DAY_OF_MONTH=21,DAY_OF_YEAR=80,DAY_OF_WEEK=4,DAY_OF_WEEK_IN_MONTH=3,AM_PM=1,HOUR=7,HOUR_OF_DAY=19,MINUTE=33,SECOND=14,MILLISECOND=727,ZONE_OFFSET=0,DST_OFFSET=0], message=null}
19:33:14.730 [main] DEBUG org.hibernate.SQL - insert into LogEntries (logCode, message, primaryUser, secondaryUser, time, id) values (?, ?, ?, ?, ?, ?)
Hibernate: insert into LogEntries (logCode, message, primaryUser, secondaryUser, time, id) values (?, ?, ?, ?, ?, ?)
19:33:14.731 [main] DEBUG o.h.e.j.internal.JdbcCoordinatorImpl - HHH000420: Closing un-released batch
19:33:14.731 [main] DEBUG o.h.e.t.internal.TransactionImpl - begin
19:33:14.732 [main] DEBUG org.hibernate.SQL - select next_val as id_val from hibernate_sequence for update
Hibernate: select next_val as id_val from hibernate_sequence for update
19:33:14.732 [main] DEBUG org.hibernate.SQL - update hibernate_sequence set next_val= ? where next_val=?
Hibernate: update hibernate_sequence set next_val= ? where next_val=?
19:33:14.734 [main] DEBUG o.h.e.i.AbstractSaveEventListener - Generated identifier: 319, using strategy: org.hibernate.id.enhanced.SequenceStyleGenerator
19:33:14.734 [main] DEBUG o.h.e.t.internal.TransactionImpl - committing
19:33:14.734 [main] DEBUG o.h.e.i.AbstractFlushingEventListener - Processing flush-time cascades
19:33:14.734 [main] DEBUG o.h.e.i.AbstractFlushingEventListener - Dirty checking collections
19:33:14.735 [main] DEBUG o.h.e.i.AbstractFlushingEventListener - Flushed: 1 insertions, 0 updates, 0 deletions to 1 objects
19:33:14.735 [main] DEBUG o.h.e.i.AbstractFlushingEventListener - Flushed: 0 (re)creations, 0 updates, 0 removals to 0 collections
19:33:14.735 [main] DEBUG o.h.internal.util.EntityPrinter - Listing entities:
19:33:14.735 [main] DEBUG o.h.internal.util.EntityPrinter - edu.ncsu.csc.itrust2.models.persistent.LogEntry{secondaryUser=null, logCode=5, primaryUser=logapitest, id=319, time=java.util.GregorianCalendar[time=1521660794731,areFieldsSet=true,areAllFieldsSet=true,lenient=true,zone=sun.util.calendar.ZoneInfo[id="Etc/UTC",offset=0,dstSavings=0,useDaylight=false,transitions=0,lastRule=null],firstDayOfWeek=1,minimalDaysInFirstWeek=1,ERA=1,YEAR=2018,MONTH=2,WEEK_OF_YEAR=12,WEEK_OF_MONTH=4,DAY_OF_MONTH=21,DAY_OF_YEAR=80,DAY_OF_WEEK=4,DAY_OF_WEEK_IN_MONTH=3,AM_PM=1,HOUR=7,HOUR_OF_DAY=19,MINUTE=33,SECOND=14,MILLISECOND=731,ZONE_OFFSET=0,DST_OFFSET=0], message=null}
19:33:14.735 [main] DEBUG org.hibernate.SQL - insert into LogEntries (logCode, message, primaryUser, secondaryUser, time, id) values (?, ?, ?, ?, ?, ?)
Hibernate: insert into LogEntries (logCode, message, primaryUser, secondaryUser, time, id) values (?, ?, ?, ?, ?, ?)
19:33:14.737 [main] DEBUG o.h.e.j.internal.JdbcCoordinatorImpl - HHH000420: Closing un-released batch
19:33:14.737 [main] DEBUG o.h.e.t.internal.TransactionImpl - begin
19:33:14.738 [main] DEBUG org.hibernate.SQL - select next_val as id_val from hibernate_sequence for update
Hibernate: select next_val as id_val from hibernate_sequence for update
19:33:14.738 [main] DEBUG org.hibernate.SQL - update hibernate_sequence set next_val= ? where next_val=?
Hibernate: update hibernate_sequence set next_val= ? where next_val=?
19:33:14.739 [main] DEBUG o.h.e.i.AbstractSaveEventListener - Generated identifier: 320, using strategy: org.hibernate.id.enhanced.SequenceStyleGenerator
19:33:14.740 [main] DEBUG o.h.e.t.internal.TransactionImpl - committing
19:33:14.740 [main] DEBUG o.h.e.i.AbstractFlushingEventListener - Processing flush-time cascades
19:33:14.740 [main] DEBUG o.h.e.i.AbstractFlushingEventListener - Dirty checking collections
19:33:14.741 [main] DEBUG o.h.e.i.AbstractFlushingEventListener - Flushed: 1 insertions, 0 updates, 0 deletions to 1 objects
19:33:14.741 [main] DEBUG o.h.e.i.AbstractFlushingEventListener - Flushed: 0 (re)creations, 0 updates, 0 removals to 0 collections
19:33:14.741 [main] DEBUG o.h.internal.util.EntityPrinter - Listing entities:
19:33:14.741 [main] DEBUG o.h.internal.util.EntityPrinter - edu.ncsu.csc.itrust2.models.persistent.LogEntry{secondaryUser=null, logCode=5, primaryUser=logapitest, id=320, time=java.util.GregorianCalendar[time=1521660794737,areFieldsSet=true,areAllFieldsSet=true,lenient=true,zone=sun.util.calendar.ZoneInfo[id="Etc/UTC",offset=0,dstSavings=0,useDaylight=false,transitions=0,lastRule=null],firstDayOfWeek=1,minimalDaysInFirstWeek=1,ERA=1,YEAR=2018,MONTH=2,WEEK_OF_YEAR=12,WEEK_OF_MONTH=4,DAY_OF_MONTH=21,DAY_OF_YEAR=80,DAY_OF_WEEK=4,DAY_OF_WEEK_IN_MONTH=3,AM_PM=1,HOUR=7,HOUR_OF_DAY=19,MINUTE=33,SECOND=14,MILLISECOND=737,ZONE_OFFSET=0,DST_OFFSET=0], message=null}
19:33:14.743 [main] DEBUG org.hibernate.SQL - insert into LogEntries (logCode, message, primaryUser, secondaryUser, time, id) values (?, ?, ?, ?, ?, ?)
Hibernate: insert into LogEntries (logCode, message, primaryUser, secondaryUser, time, id) values (?, ?, ?, ?, ?, ?)
19:33:14.745 [main] DEBUG o.h.e.j.internal.JdbcCoordinatorImpl - HHH000420: Closing un-released batch
19:33:14.747 [main] DEBUG o.h.e.t.internal.TransactionImpl - begin
19:33:14.748 [main] DEBUG org.hibernate.SQL - select next_val as id_val from hibernate_sequence for update
Hibernate: select next_val as id_val from hibernate_sequence for update
19:33:14.749 [main] DEBUG org.hibernate.SQL - update hibernate_sequence set next_val= ? where next_val=?
Hibernate: update hibernate_sequence set next_val= ? where next_val=?
19:33:14.752 [main] DEBUG o.h.e.i.AbstractSaveEventListener - Generated identifier: 321, using strategy: org.hibernate.id.enhanced.SequenceStyleGenerator
19:33:14.752 [main] DEBUG o.h.e.t.internal.TransactionImpl - committing
19:33:14.753 [main] DEBUG o.h.e.i.AbstractFlushingEventListener - Processing flush-time cascades
19:33:14.753 [main] DEBUG o.h.e.i.AbstractFlushingEventListener - Dirty checking collections
19:33:14.753 [main] DEBUG o.h.e.i.AbstractFlushingEventListener - Flushed: 1 insertions, 0 updates, 0 deletions to 1 objects
19:33:14.754 [main] DEBUG o.h.e.i.AbstractFlushingEventListener - Flushed: 0 (re)creations, 0 updates, 0 removals to 0 collections
19:33:14.754 [main] DEBUG o.h.internal.util.EntityPrinter - Listing entities:
19:33:14.755 [main] DEBUG o.h.internal.util.EntityPrinter - edu.ncsu.csc.itrust2.models.persistent.LogEntry{secondaryUser=null, logCode=5, primaryUser=logapitest, id=321, time=java.util.GregorianCalendar[time=1521660794746,areFieldsSet=true,areAllFieldsSet=true,lenient=true,zone=sun.util.calendar.ZoneInfo[id="Etc/UTC",offset=0,dstSavings=0,useDaylight=false,transitions=0,lastRule=null],firstDayOfWeek=1,minimalDaysInFirstWeek=1,ERA=1,YEAR=2018,MONTH=2,WEEK_OF_YEAR=12,WEEK_OF_MONTH=4,DAY_OF_MONTH=21,DAY_OF_YEAR=80,DAY_OF_WEEK=4,DAY_OF_WEEK_IN_MONTH=3,AM_PM=1,HOUR=7,HOUR_OF_DAY=19,MINUTE=33,SECOND=14,MILLISECOND=746,ZONE_OFFSET=0,DST_OFFSET=0], message=null}
19:33:14.758 [main] DEBUG org.hibernate.SQL - insert into LogEntries (logCode, message, primaryUser, secondaryUser, time, id) values (?, ?, ?, ?, ?, ?)
Hibernate: insert into LogEntries (logCode, message, primaryUser, secondaryUser, time, id) values (?, ?, ?, ?, ?, ?)
19:33:14.763 [main] DEBUG o.h.e.j.internal.JdbcCoordinatorImpl - HHH000420: Closing un-released batch
19:33:14.764 [main] DEBUG o.h.e.t.internal.TransactionImpl - begin
19:33:14.766 [main] DEBUG org.hibernate.SQL - select next_val as id_val from hibernate_sequence for update
Hibernate: select next_val as id_val from hibernate_sequence for update
19:33:14.767 [main] DEBUG org.hibernate.SQL - update hibernate_sequence set next_val= ? where next_val=?
Hibernate: update hibernate_sequence set next_val= ? where next_val=?
19:33:14.770 [main] DEBUG o.h.e.i.AbstractSaveEventListener - Generated identifier: 322, using strategy: org.hibernate.id.enhanced.SequenceStyleGenerator
19:33:14.770 [main] DEBUG o.h.e.t.internal.TransactionImpl - committing
19:33:14.770 [main] DEBUG o.h.e.i.AbstractFlushingEventListener - Processing flush-time cascades
19:33:14.771 [main] DEBUG o.h.e.i.AbstractFlushingEventListener - Dirty checking collections
19:33:14.771 [main] DEBUG o.h.e.i.AbstractFlushingEventListener - Flushed: 1 insertions, 0 updates, 0 deletions to 1 objects
19:33:14.771 [main] DEBUG o.h.e.i.AbstractFlushingEventListener - Flushed: 0 (re)creations, 0 updates, 0 removals to 0 collections
19:33:14.771 [main] DEBUG o.h.internal.util.EntityPrinter - Listing entities:
19:33:14.771 [main] DEBUG o.h.internal.util.EntityPrinter - edu.ncsu.csc.itrust2.models.persistent.LogEntry{secondaryUser=null, logCode=5, primaryUser=logapitest, id=322, time=java.util.GregorianCalendar[time=1521660794764,areFieldsSet=true,areAllFieldsSet=true,lenient=true,zone=sun.util.calendar.ZoneInfo[id="Etc/UTC",offset=0,dstSavings=0,useDaylight=false,transitions=0,lastRule=null],firstDayOfWeek=1,minimalDaysInFirstWeek=1,ERA=1,YEAR=2018,MONTH=2,WEEK_OF_YEAR=12,WEEK_OF_MONTH=4,DAY_OF_MONTH=21,DAY_OF_YEAR=80,DAY_OF_WEEK=4,DAY_OF_WEEK_IN_MONTH=3,AM_PM=1,HOUR=7,HOUR_OF_DAY=19,MINUTE=33,SECOND=14,MILLISECOND=764,ZONE_OFFSET=0,DST_OFFSET=0], message=null}
19:33:14.773 [main] DEBUG org.hibernate.SQL - insert into LogEntries (logCode, message, primaryUser, secondaryUser, time, id) values (?, ?, ?, ?, ?, ?)
Hibernate: insert into LogEntries (logCode, message, primaryUser, secondaryUser, time, id) values (?, ?, ?, ?, ?, ?)
19:33:14.777 [main] DEBUG o.h.e.j.internal.JdbcCoordinatorImpl - HHH000420: Closing un-released batch
19:33:14.779 [main] DEBUG o.h.e.t.internal.TransactionImpl - begin
19:33:14.780 [main] DEBUG org.hibernate.SQL - select next_val as id_val from hibernate_sequence for update
Hibernate: select next_val as id_val from hibernate_sequence for update
19:33:14.782 [main] DEBUG org.hibernate.SQL - update hibernate_sequence set next_val= ? where next_val=?
Hibernate: update hibernate_sequence set next_val= ? where next_val=?
19:33:14.784 [main] DEBUG o.h.e.i.AbstractSaveEventListener - Generated identifier: 323, using strategy: org.hibernate.id.enhanced.SequenceStyleGenerator
19:33:14.786 [main] DEBUG o.h.e.t.internal.TransactionImpl - committing
19:33:14.786 [main] DEBUG o.h.e.i.AbstractFlushingEventListener - Processing flush-time cascades
19:33:14.786 [main] DEBUG o.h.e.i.AbstractFlushingEventListener - Dirty checking collections
19:33:14.786 [main] DEBUG o.h.e.i.AbstractFlushingEventListener - Flushed: 1 insertions, 0 updates, 0 deletions to 1 objects
19:33:14.787 [main] DEBUG o.h.e.i.AbstractFlushingEventListener - Flushed: 0 (re)creations, 0 updates, 0 removals to 0 collections
19:33:14.788 [main] DEBUG o.h.internal.util.EntityPrinter - Listing entities:
19:33:14.788 [main] DEBUG o.h.internal.util.EntityPrinter - edu.ncsu.csc.itrust2.models.persistent.LogEntry{secondaryUser=null, logCode=5, primaryUser=logapitest, id=323, time=java.util.GregorianCalendar[time=1521660794779,areFieldsSet=true,areAllFieldsSet=true,lenient=true,zone=sun.util.calendar.ZoneInfo[id="Etc/UTC",offset=0,dstSavings=0,useDaylight=false,transitions=0,lastRule=null],firstDayOfWeek=1,minimalDaysInFirstWeek=1,ERA=1,YEAR=2018,MONTH=2,WEEK_OF_YEAR=12,WEEK_OF_MONTH=4,DAY_OF_MONTH=21,DAY_OF_YEAR=80,DAY_OF_WEEK=4,DAY_OF_WEEK_IN_MONTH=3,AM_PM=1,HOUR=7,HOUR_OF_DAY=19,MINUTE=33,SECOND=14,MILLISECOND=779,ZONE_OFFSET=0,DST_OFFSET=0], message=null}
19:33:14.790 [main] DEBUG org.hibernate.SQL - insert into LogEntries (logCode, message, primaryUser, secondaryUser, time, id) values (?, ?, ?, ?, ?, ?)
Hibernate: insert into LogEntries (logCode, message, primaryUser, secondaryUser, time, id) values (?, ?, ?, ?, ?, ?)
19:33:14.793 [main] DEBUG o.h.e.j.internal.JdbcCoordinatorImpl - HHH000420: Closing un-released batch
19:33:14.794 [main] DEBUG o.h.e.t.internal.TransactionImpl - begin
19:33:14.796 [main] DEBUG org.hibernate.SQL - select next_val as id_val from hibernate_sequence for update
Hibernate: select next_val as id_val from hibernate_sequence for update
19:33:14.797 [main] DEBUG org.hibernate.SQL - update hibernate_sequence set next_val= ? where next_val=?
Hibernate: update hibernate_sequence set next_val= ? where next_val=?
19:33:14.800 [main] DEBUG o.h.e.i.AbstractSaveEventListener - Generated identifier: 324, using strategy: org.hibernate.id.enhanced.SequenceStyleGenerator
19:33:14.801 [main] DEBUG o.h.e.t.internal.TransactionImpl - committing
19:33:14.801 [main] DEBUG o.h.e.i.AbstractFlushingEventListener - Processing flush-time cascades
19:33:14.801 [main] DEBUG o.h.e.i.AbstractFlushingEventListener - Dirty checking collections
19:33:14.801 [main] DEBUG o.h.e.i.AbstractFlushingEventListener - Flushed: 1 insertions, 0 updates, 0 deletions to 1 objects
19:33:14.801 [main] DEBUG o.h.e.i.AbstractFlushingEventListener - Flushed: 0 (re)creations, 0 updates, 0 removals to 0 collections
19:33:14.802 [main] DEBUG o.h.internal.util.EntityPrinter - Listing entities:
19:33:14.802 [main] DEBUG o.h.internal.util.EntityPrinter - edu.ncsu.csc.itrust2.models.persistent.LogEntry{secondaryUser=null, logCode=5, primaryUser=logapitest, id=324, time=java.util.GregorianCalendar[time=1521660794794,areFieldsSet=true,areAllFieldsSet=true,lenient=true,zone=sun.util.calendar.ZoneInfo[id="Etc/UTC",offset=0,dstSavings=0,useDaylight=false,transitions=0,lastRule=null],firstDayOfWeek=1,minimalDaysInFirstWeek=1,ERA=1,YEAR=2018,MONTH=2,WEEK_OF_YEAR=12,WEEK_OF_MONTH=4,DAY_OF_MONTH=21,DAY_OF_YEAR=80,DAY_OF_WEEK=4,DAY_OF_WEEK_IN_MONTH=3,AM_PM=1,HOUR=7,HOUR_OF_DAY=19,MINUTE=33,SECOND=14,MILLISECOND=794,ZONE_OFFSET=0,DST_OFFSET=0], message=null}
19:33:14.804 [main] DEBUG org.hibernate.SQL - insert into LogEntries (logCode, message, primaryUser, secondaryUser, time, id) values (?, ?, ?, ?, ?, ?)
Hibernate: insert into LogEntries (logCode, message, primaryUser, secondaryUser, time, id) values (?, ?, ?, ?, ?, ?)
19:33:14.809 [main] DEBUG o.h.e.j.internal.JdbcCoordinatorImpl - HHH000420: Closing un-released batch
19:33:14.810 [main] DEBUG o.h.e.t.internal.TransactionImpl - begin
19:33:14.812 [main] DEBUG org.hibernate.SQL - select next_val as id_val from hibernate_sequence for update
Hibernate: select next_val as id_val from hibernate_sequence for update
19:33:14.814 [main] DEBUG org.hibernate.SQL - update hibernate_sequence set next_val= ? where next_val=?
Hibernate: update hibernate_sequence set next_val= ? where next_val=?
19:33:14.818 [main] DEBUG o.h.e.i.AbstractSaveEventListener - Generated identifier: 325, using strategy: org.hibernate.id.enhanced.SequenceStyleGenerator
19:33:14.818 [main] DEBUG o.h.e.t.internal.TransactionImpl - committing
19:33:14.818 [main] DEBUG o.h.e.i.AbstractFlushingEventListener - Processing flush-time cascades
19:33:14.818 [main] DEBUG o.h.e.i.AbstractFlushingEventListener - Dirty checking collections
19:33:14.819 [main] DEBUG o.h.e.i.AbstractFlushingEventListener - Flushed: 1 insertions, 0 updates, 0 deletions to 1 objects
19:33:14.819 [main] DEBUG o.h.e.i.AbstractFlushingEventListener - Flushed: 0 (re)creations, 0 updates, 0 removals to 0 collections
19:33:14.819 [main] DEBUG o.h.internal.util.EntityPrinter - Listing entities:
19:33:14.819 [main] DEBUG o.h.internal.util.EntityPrinter - edu.ncsu.csc.itrust2.models.persistent.LogEntry{secondaryUser=null, logCode=5, primaryUser=logapitest, id=325, time=java.util.GregorianCalendar[time=1521660794810,areFieldsSet=true,areAllFieldsSet=true,lenient=true,zone=sun.util.calendar.ZoneInfo[id="Etc/UTC",offset=0,dstSavings=0,useDaylight=false,transitions=0,lastRule=null],firstDayOfWeek=1,minimalDaysInFirstWeek=1,ERA=1,YEAR=2018,MONTH=2,WEEK_OF_YEAR=12,WEEK_OF_MONTH=4,DAY_OF_MONTH=21,DAY_OF_YEAR=80,DAY_OF_WEEK=4,DAY_OF_WEEK_IN_MONTH=3,AM_PM=1,HOUR=7,HOUR_OF_DAY=19,MINUTE=33,SECOND=14,MILLISECOND=810,ZONE_OFFSET=0,DST_OFFSET=0], message=null}
19:33:14.821 [main] DEBUG org.hibernate.SQL - insert into LogEntries (logCode, message, primaryUser, secondaryUser, time, id) values (?, ?, ?, ?, ?, ?)
Hibernate: insert into LogEntries (logCode, message, primaryUser, secondaryUser, time, id) values (?, ?, ?, ?, ?, ?)
19:33:14.825 [main] DEBUG o.h.e.j.internal.JdbcCoordinatorImpl - HHH000420: Closing un-released batch
19:33:14.825 [main] DEBUG o.h.e.t.internal.TransactionImpl - begin
19:33:14.826 [main] DEBUG org.hibernate.SQL - select next_val as id_val from hibernate_sequence for update
Hibernate: select next_val as id_val from hibernate_sequence for update
19:33:14.827 [main] DEBUG org.hibernate.SQL - update hibernate_sequence set next_val= ? where next_val=?
Hibernate: update hibernate_sequence set next_val= ? where next_val=?
19:33:14.829 [main] DEBUG o.h.e.i.AbstractSaveEventListener - Generated identifier: 326, using strategy: org.hibernate.id.enhanced.SequenceStyleGenerator
19:33:14.829 [main] DEBUG o.h.e.t.internal.TransactionImpl - committing
19:33:14.830 [main] DEBUG o.h.e.i.AbstractFlushingEventListener - Processing flush-time cascades
19:33:14.830 [main] DEBUG o.h.e.i.AbstractFlushingEventListener - Dirty checking collections
19:33:14.830 [main] DEBUG o.h.e.i.AbstractFlushingEventListener - Flushed: 1 insertions, 0 updates, 0 deletions to 1 objects
19:33:14.830 [main] DEBUG o.h.e.i.AbstractFlushingEventListener - Flushed: 0 (re)creations, 0 updates, 0 removals to 0 collections
19:33:14.830 [main] DEBUG o.h.internal.util.EntityPrinter - Listing entities:
19:33:14.830 [main] DEBUG o.h.internal.util.EntityPrinter - edu.ncsu.csc.itrust2.models.persistent.LogEntry{secondaryUser=null, logCode=5, primaryUser=logapitest, id=326, time=java.util.GregorianCalendar[time=1521660794825,areFieldsSet=true,areAllFieldsSet=true,lenient=true,zone=sun.util.calendar.ZoneInfo[id="Etc/UTC",offset=0,dstSavings=0,useDaylight=false,transitions=0,lastRule=null],firstDayOfWeek=1,minimalDaysInFirstWeek=1,ERA=1,YEAR=2018,MONTH=2,WEEK_OF_YEAR=12,WEEK_OF_MONTH=4,DAY_OF_MONTH=21,DAY_OF_YEAR=80,DAY_OF_WEEK=4,DAY_OF_WEEK_IN_MONTH=3,AM_PM=1,HOUR=7,HOUR_OF_DAY=19,MINUTE=33,SECOND=14,MILLISECOND=825,ZONE_OFFSET=0,DST_OFFSET=0], message=null}
19:33:14.831 [main] DEBUG org.hibernate.SQL - insert into LogEntries (logCode, message, primaryUser, secondaryUser, time, id) values (?, ?, ?, ?, ?, ?)
Hibernate: insert into LogEntries (logCode, message, primaryUser, secondaryUser, time, id) values (?, ?, ?, ?, ?, ?)
19:33:14.836 [main] DEBUG o.h.e.j.internal.JdbcCoordinatorImpl - HHH000420: Closing un-released batch
19:33:14.836 [main] DEBUG o.h.e.t.internal.TransactionImpl - begin
19:33:14.837 [main] DEBUG org.hibernate.SQL - select next_val as id_val from hibernate_sequence for update
Hibernate: select next_val as id_val from hibernate_sequence for update
19:33:14.838 [main] DEBUG org.hibernate.SQL - update hibernate_sequence set next_val= ? where next_val=?
Hibernate: update hibernate_sequence set next_val= ? where next_val=?
19:33:14.839 [main] DEBUG o.h.e.i.AbstractSaveEventListener - Generated identifier: 327, using strategy: org.hibernate.id.enhanced.SequenceStyleGenerator
19:33:14.839 [main] DEBUG o.h.e.t.internal.TransactionImpl - committing
19:33:14.840 [main] DEBUG o.h.e.i.AbstractFlushingEventListener - Processing flush-time cascades
19:33:14.840 [main] DEBUG o.h.e.i.AbstractFlushingEventListener - Dirty checking collections
19:33:14.840 [main] DEBUG o.h.e.i.AbstractFlushingEventListener - Flushed: 1 insertions, 0 updates, 0 deletions to 1 objects
19:33:14.840 [main] DEBUG o.h.e.i.AbstractFlushingEventListener - Flushed: 0 (re)creations, 0 updates, 0 removals to 0 collections
19:33:14.840 [main] DEBUG o.h.internal.util.EntityPrinter - Listing entities:
19:33:14.840 [main] DEBUG o.h.internal.util.EntityPrinter - edu.ncsu.csc.itrust2.models.persistent.LogEntry{secondaryUser=null, logCode=5, primaryUser=logapitest, id=327, time=java.util.GregorianCalendar[time=1521660794836,areFieldsSet=true,areAllFieldsSet=true,lenient=true,zone=sun.util.calendar.ZoneInfo[id="Etc/UTC",offset=0,dstSavings=0,useDaylight=false,transitions=0,lastRule=null],firstDayOfWeek=1,minimalDaysInFirstWeek=1,ERA=1,YEAR=2018,MONTH=2,WEEK_OF_YEAR=12,WEEK_OF_MONTH=4,DAY_OF_MONTH=21,DAY_OF_YEAR=80,DAY_OF_WEEK=4,DAY_OF_WEEK_IN_MONTH=3,AM_PM=1,HOUR=7,HOUR_OF_DAY=19,MINUTE=33,SECOND=14,MILLISECOND=836,ZONE_OFFSET=0,DST_OFFSET=0], message=null}
19:33:14.841 [main] DEBUG org.hibernate.SQL - insert into LogEntries (logCode, message, primaryUser, secondaryUser, time, id) values (?, ?, ?, ?, ?, ?)
Hibernate: insert into LogEntries (logCode, message, primaryUser, secondaryUser, time, id) values (?, ?, ?, ?, ?, ?)
19:33:14.845 [main] DEBUG o.h.e.j.internal.JdbcCoordinatorImpl - HHH000420: Closing un-released batch
19:33:14.846 [main] DEBUG o.h.e.t.internal.TransactionImpl - begin
19:33:14.847 [main] DEBUG org.hibernate.SQL - select next_val as id_val from hibernate_sequence for update
Hibernate: select next_val as id_val from hibernate_sequence for update
19:33:14.848 [main] DEBUG org.hibernate.SQL - update hibernate_sequence set next_val= ? where next_val=?
Hibernate: update hibernate_sequence set next_val= ? where next_val=?
19:33:14.850 [main] DEBUG o.h.e.i.AbstractSaveEventListener - Generated identifier: 328, using strategy: org.hibernate.id.enhanced.SequenceStyleGenerator
19:33:14.850 [main] DEBUG o.h.e.t.internal.TransactionImpl - committing
19:33:14.850 [main] DEBUG o.h.e.i.AbstractFlushingEventListener - Processing flush-time cascades
19:33:14.850 [main] DEBUG o.h.e.i.AbstractFlushingEventListener - Dirty checking collections
19:33:14.851 [main] DEBUG o.h.e.i.AbstractFlushingEventListener - Flushed: 1 insertions, 0 updates, 0 deletions to 1 objects
19:33:14.851 [main] DEBUG o.h.e.i.AbstractFlushingEventListener - Flushed: 0 (re)creations, 0 updates, 0 removals to 0 collections
19:33:14.851 [main] DEBUG o.h.internal.util.EntityPrinter - Listing entities:
19:33:14.851 [main] DEBUG o.h.internal.util.EntityPrinter - edu.ncsu.csc.itrust2.models.persistent.LogEntry{secondaryUser=null, logCode=5, primaryUser=logapitest, id=328, time=java.util.GregorianCalendar[time=1521660794845,areFieldsSet=true,areAllFieldsSet=true,lenient=true,zone=sun.util.calendar.ZoneInfo[id="Etc/UTC",offset=0,dstSavings=0,useDaylight=false,transitions=0,lastRule=null],firstDayOfWeek=1,minimalDaysInFirstWeek=1,ERA=1,YEAR=2018,MONTH=2,WEEK_OF_YEAR=12,WEEK_OF_MONTH=4,DAY_OF_MONTH=21,DAY_OF_YEAR=80,DAY_OF_WEEK=4,DAY_OF_WEEK_IN_MONTH=3,AM_PM=1,HOUR=7,HOUR_OF_DAY=19,MINUTE=33,SECOND=14,MILLISECOND=845,ZONE_OFFSET=0,DST_OFFSET=0], message=null}
19:33:14.853 [main] DEBUG org.hibernate.SQL - insert into LogEntries (logCode, message, primaryUser, secondaryUser, time, id) values (?, ?, ?, ?, ?, ?)
Hibernate: insert into LogEntries (logCode, message, primaryUser, secondaryUser, time, id) values (?, ?, ?, ?, ?, ?)
19:33:14.856 [main] DEBUG o.h.e.j.internal.JdbcCoordinatorImpl - HHH000420: Closing un-released batch
19:33:14.858 [main] DEBUG o.h.e.t.internal.TransactionImpl - begin
19:33:14.860 [main] DEBUG org.hibernate.SQL - select next_val as id_val from hibernate_sequence for update
Hibernate: select next_val as id_val from hibernate_sequence for update
19:33:14.861 [main] DEBUG org.hibernate.SQL - update hibernate_sequence set next_val= ? where next_val=?
Hibernate: update hibernate_sequence set next_val= ? where next_val=?
19:33:14.863 [main] DEBUG o.h.e.i.AbstractSaveEventListener - Generated identifier: 329, using strategy: org.hibernate.id.enhanced.SequenceStyleGenerator
19:33:14.864 [main] DEBUG o.h.e.t.internal.TransactionImpl - committing
19:33:14.865 [main] DEBUG o.h.e.i.AbstractFlushingEventListener - Processing flush-time cascades
19:33:14.865 [main] DEBUG o.h.e.i.AbstractFlushingEventListener - Dirty checking collections
19:33:14.865 [main] DEBUG o.h.e.i.AbstractFlushingEventListener - Flushed: 1 insertions, 0 updates, 0 deletions to 1 objects
19:33:14.866 [main] DEBUG o.h.e.i.AbstractFlushingEventListener - Flushed: 0 (re)creations, 0 updates, 0 removals to 0 collections
19:33:14.866 [main] DEBUG o.h.internal.util.EntityPrinter - Listing entities:
19:33:14.866 [main] DEBUG o.h.internal.util.EntityPrinter - edu.ncsu.csc.itrust2.models.persistent.LogEntry{secondaryUser=null, logCode=5, primaryUser=logapitest, id=329, time=java.util.GregorianCalendar[time=1521660794857,areFieldsSet=true,areAllFieldsSet=true,lenient=true,zone=sun.util.calendar.ZoneInfo[id="Etc/UTC",offset=0,dstSavings=0,useDaylight=false,transitions=0,lastRule=null],firstDayOfWeek=1,minimalDaysInFirstWeek=1,ERA=1,YEAR=2018,MONTH=2,WEEK_OF_YEAR=12,WEEK_OF_MONTH=4,DAY_OF_MONTH=21,DAY_OF_YEAR=80,DAY_OF_WEEK=4,DAY_OF_WEEK_IN_MONTH=3,AM_PM=1,HOUR=7,HOUR_OF_DAY=19,MINUTE=33,SECOND=14,MILLISECOND=857,ZONE_OFFSET=0,DST_OFFSET=0], message=null}
19:33:14.869 [main] DEBUG org.hibernate.SQL - insert into LogEntries (logCode, message, primaryUser, secondaryUser, time, id) values (?, ?, ?, ?, ?, ?)
Hibernate: insert into LogEntries (logCode, message, primaryUser, secondaryUser, time, id) values (?, ?, ?, ?, ?, ?)
19:33:14.880 [main] DEBUG o.h.e.j.internal.JdbcCoordinatorImpl - HHH000420: Closing un-released batch
19:33:14.881 [main] DEBUG o.h.e.t.internal.TransactionImpl - begin
19:33:14.881 [main] DEBUG org.hibernate.SQL - select next_val as id_val from hibernate_sequence for update
Hibernate: select next_val as id_val from hibernate_sequence for update
19:33:14.882 [main] DEBUG org.hibernate.SQL - update hibernate_sequence set next_val= ? where next_val=?
Hibernate: update hibernate_sequence set next_val= ? where next_val=?
19:33:14.883 [main] DEBUG o.h.e.i.AbstractSaveEventListener - Generated identifier: 330, using strategy: org.hibernate.id.enhanced.SequenceStyleGenerator
19:33:14.883 [main] DEBUG o.h.e.t.internal.TransactionImpl - committing
19:33:14.883 [main] DEBUG o.h.e.i.AbstractFlushingEventListener - Processing flush-time cascades
19:33:14.883 [main] DEBUG o.h.e.i.AbstractFlushingEventListener - Dirty checking collections
19:33:14.883 [main] DEBUG o.h.e.i.AbstractFlushingEventListener - Flushed: 1 insertions, 0 updates, 0 deletions to 1 objects
19:33:14.883 [main] DEBUG o.h.e.i.AbstractFlushingEventListener - Flushed: 0 (re)creations, 0 updates, 0 removals to 0 collections
19:33:14.883 [main] DEBUG o.h.internal.util.EntityPrinter - Listing entities:
19:33:14.883 [main] DEBUG o.h.internal.util.EntityPrinter - edu.ncsu.csc.itrust2.models.persistent.LogEntry{secondaryUser=null, logCode=5, primaryUser=logapitest, id=330, time=java.util.GregorianCalendar[time=1521660794881,areFieldsSet=true,areAllFieldsSet=true,lenient=true,zone=sun.util.calendar.ZoneInfo[id="Etc/UTC",offset=0,dstSavings=0,useDaylight=false,transitions=0,lastRule=null],firstDayOfWeek=1,minimalDaysInFirstWeek=1,ERA=1,YEAR=2018,MONTH=2,WEEK_OF_YEAR=12,WEEK_OF_MONTH=4,DAY_OF_MONTH=21,DAY_OF_YEAR=80,DAY_OF_WEEK=4,DAY_OF_WEEK_IN_MONTH=3,AM_PM=1,HOUR=7,HOUR_OF_DAY=19,MINUTE=33,SECOND=14,MILLISECOND=881,ZONE_OFFSET=0,DST_OFFSET=0], message=null}
19:33:14.884 [main] DEBUG org.hibernate.SQL - insert into LogEntries (logCode, message, primaryUser, secondaryUser, time, id) values (?, ?, ?, ?, ?, ?)
Hibernate: insert into LogEntries (logCode, message, primaryUser, secondaryUser, time, id) values (?, ?, ?, ?, ?, ?)
19:33:14.886 [main] DEBUG o.h.e.j.internal.JdbcCoordinatorImpl - HHH000420: Closing un-released batch
19:33:14.887 [main] DEBUG o.h.e.t.internal.TransactionImpl - begin
19:33:14.888 [main] DEBUG org.hibernate.SQL - select next_val as id_val from hibernate_sequence for update
Hibernate: select next_val as id_val from hibernate_sequence for update
19:33:14.889 [main] DEBUG org.hibernate.SQL - update hibernate_sequence set next_val= ? where next_val=?
Hibernate: update hibernate_sequence set next_val= ? where next_val=?
19:33:14.891 [main] DEBUG o.h.e.i.AbstractSaveEventListener - Generated identifier: 331, using strategy: org.hibernate.id.enhanced.SequenceStyleGenerator
19:33:14.892 [main] DEBUG o.h.e.t.internal.TransactionImpl - committing
19:33:14.892 [main] DEBUG o.h.e.i.AbstractFlushingEventListener - Processing flush-time cascades
19:33:14.892 [main] DEBUG o.h.e.i.AbstractFlushingEventListener - Dirty checking collections
19:33:14.893 [main] DEBUG o.h.e.i.AbstractFlushingEventListener - Flushed: 1 insertions, 0 updates, 0 deletions to 1 objects
19:33:14.893 [main] DEBUG o.h.e.i.AbstractFlushingEventListener - Flushed: 0 (re)creations, 0 updates, 0 removals to 0 collections
19:33:14.893 [main] DEBUG o.h.internal.util.EntityPrinter - Listing entities:
19:33:14.893 [main] DEBUG o.h.internal.util.EntityPrinter - edu.ncsu.csc.itrust2.models.persistent.LogEntry{secondaryUser=null, logCode=5, primaryUser=logapitest, id=331, time=java.util.GregorianCalendar[time=1521660794887,areFieldsSet=true,areAllFieldsSet=true,lenient=true,zone=sun.util.calendar.ZoneInfo[id="Etc/UTC",offset=0,dstSavings=0,useDaylight=false,transitions=0,lastRule=null],firstDayOfWeek=1,minimalDaysInFirstWeek=1,ERA=1,YEAR=2018,MONTH=2,WEEK_OF_YEAR=12,WEEK_OF_MONTH=4,DAY_OF_MONTH=21,DAY_OF_YEAR=80,DAY_OF_WEEK=4,DAY_OF_WEEK_IN_MONTH=3,AM_PM=1,HOUR=7,HOUR_OF_DAY=19,MINUTE=33,SECOND=14,MILLISECOND=887,ZONE_OFFSET=0,DST_OFFSET=0], message=null}
19:33:14.895 [main] DEBUG org.hibernate.SQL - insert into LogEntries (logCode, message, primaryUser, secondaryUser, time, id) values (?, ?, ?, ?, ?, ?)
Hibernate: insert into LogEntries (logCode, message, primaryUser, secondaryUser, time, id) values (?, ?, ?, ?, ?, ?)
19:33:14.900 [main] DEBUG o.h.e.j.internal.JdbcCoordinatorImpl - HHH000420: Closing un-released batch
19:33:14.903 [main] DEBUG o.h.e.t.internal.TransactionImpl - begin
19:33:14.904 [main] DEBUG org.hibernate.SQL - select next_val as id_val from hibernate_sequence for update
Hibernate: select next_val as id_val from hibernate_sequence for update
19:33:14.905 [main] DEBUG org.hibernate.SQL - update hibernate_sequence set next_val= ? where next_val=?
Hibernate: update hibernate_sequence set next_val= ? where next_val=?
19:33:14.908 [main] DEBUG o.h.e.i.AbstractSaveEventListener - Generated identifier: 332, using strategy: org.hibernate.id.enhanced.SequenceStyleGenerator
19:33:14.908 [main] DEBUG o.h.e.t.internal.TransactionImpl - committing
19:33:14.908 [main] DEBUG o.h.e.i.AbstractFlushingEventListener - Processing flush-time cascades
19:33:14.908 [main] DEBUG o.h.e.i.AbstractFlushingEventListener - Dirty checking collections
19:33:14.909 [main] DEBUG o.h.e.i.AbstractFlushingEventListener - Flushed: 1 insertions, 0 updates, 0 deletions to 1 objects
19:33:14.909 [main] DEBUG o.h.e.i.AbstractFlushingEventListener - Flushed: 0 (re)creations, 0 updates, 0 removals to 0 collections
19:33:14.909 [main] DEBUG o.h.internal.util.EntityPrinter - Listing entities:
19:33:14.909 [main] DEBUG o.h.internal.util.EntityPrinter - edu.ncsu.csc.itrust2.models.persistent.LogEntry{secondaryUser=null, logCode=5, primaryUser=logapitest, id=332, time=java.util.GregorianCalendar[time=1521660794902,areFieldsSet=true,areAllFieldsSet=true,lenient=true,zone=sun.util.calendar.ZoneInfo[id="Etc/UTC",offset=0,dstSavings=0,useDaylight=false,transitions=0,lastRule=null],firstDayOfWeek=1,minimalDaysInFirstWeek=1,ERA=1,YEAR=2018,MONTH=2,WEEK_OF_YEAR=12,WEEK_OF_MONTH=4,DAY_OF_MONTH=21,DAY_OF_YEAR=80,DAY_OF_WEEK=4,DAY_OF_WEEK_IN_MONTH=3,AM_PM=1,HOUR=7,HOUR_OF_DAY=19,MINUTE=33,SECOND=14,MILLISECOND=902,ZONE_OFFSET=0,DST_OFFSET=0], message=null}
19:33:14.913 [main] DEBUG org.hibernate.SQL - insert into LogEntries (logCode, message, primaryUser, secondaryUser, time, id) values (?, ?, ?, ?, ?, ?)
Hibernate: insert into LogEntries (logCode, message, primaryUser, secondaryUser, time, id) values (?, ?, ?, ?, ?, ?)
19:33:14.918 [main] DEBUG o.h.e.j.internal.JdbcCoordinatorImpl - HHH000420: Closing un-released batch
19:33:14.919 [main] DEBUG o.h.e.t.internal.TransactionImpl - begin
19:33:14.920 [main] DEBUG org.hibernate.SQL - select next_val as id_val from hibernate_sequence for update
Hibernate: select next_val as id_val from hibernate_sequence for update
19:33:14.924 [main] DEBUG org.hibernate.SQL - update hibernate_sequence set next_val= ? where next_val=?
Hibernate: update hibernate_sequence set next_val= ? where next_val=?
19:33:14.926 [main] DEBUG o.h.e.i.AbstractSaveEventListener - Generated identifier: 333, using strategy: org.hibernate.id.enhanced.SequenceStyleGenerator
19:33:14.927 [main] DEBUG o.h.e.t.internal.TransactionImpl - committing
19:33:14.928 [main] DEBUG o.h.e.i.AbstractFlushingEventListener - Processing flush-time cascades
19:33:14.928 [main] DEBUG o.h.e.i.AbstractFlushingEventListener - Dirty checking collections
19:33:14.928 [main] DEBUG o.h.e.i.AbstractFlushingEventListener - Flushed: 1 insertions, 0 updates, 0 deletions to 1 objects
19:33:14.928 [main] DEBUG o.h.e.i.AbstractFlushingEventListener - Flushed: 0 (re)creations, 0 updates, 0 removals to 0 collections
19:33:14.928 [main] DEBUG o.h.internal.util.EntityPrinter - Listing entities:
19:33:14.928 [main] DEBUG o.h.internal.util.EntityPrinter - edu.ncsu.csc.itrust2.models.persistent.LogEntry{secondaryUser=null, logCode=5, primaryUser=logapitest, id=333, time=java.util.GregorianCalendar[time=1521660794919,areFieldsSet=true,areAllFieldsSet=true,lenient=true,zone=sun.util.calendar.ZoneInfo[id="Etc/UTC",offset=0,dstSavings=0,useDaylight=false,transitions=0,lastRule=null],firstDayOfWeek=1,minimalDaysInFirstWeek=1,ERA=1,YEAR=2018,MONTH=2,WEEK_OF_YEAR=12,WEEK_OF_MONTH=4,DAY_OF_MONTH=21,DAY_OF_YEAR=80,DAY_OF_WEEK=4,DAY_OF_WEEK_IN_MONTH=3,AM_PM=1,HOUR=7,HOUR_OF_DAY=19,MINUTE=33,SECOND=14,MILLISECOND=919,ZONE_OFFSET=0,DST_OFFSET=0], message=null}
19:33:14.930 [main] DEBUG org.hibernate.SQL - insert into LogEntries (logCode, message, primaryUser, secondaryUser, time, id) values (?, ?, ?, ?, ?, ?)
Hibernate: insert into LogEntries (logCode, message, primaryUser, secondaryUser, time, id) values (?, ?, ?, ?, ?, ?)
19:33:14.934 [main] DEBUG o.h.e.j.internal.JdbcCoordinatorImpl - HHH000420: Closing un-released batch
19:33:14.935 [main] DEBUG o.h.e.t.internal.TransactionImpl - begin
19:33:14.936 [main] DEBUG org.hibernate.SQL - select next_val as id_val from hibernate_sequence for update
Hibernate: select next_val as id_val from hibernate_sequence for update
19:33:14.937 [main] DEBUG org.hibernate.SQL - update hibernate_sequence set next_val= ? where next_val=?
Hibernate: update hibernate_sequence set next_val= ? where next_val=?
19:33:14.939 [main] DEBUG o.h.e.i.AbstractSaveEventListener - Generated identifier: 334, using strategy: org.hibernate.id.enhanced.SequenceStyleGenerator
19:33:14.939 [main] DEBUG o.h.e.t.internal.TransactionImpl - committing
19:33:14.939 [main] DEBUG o.h.e.i.AbstractFlushingEventListener - Processing flush-time cascades
19:33:14.939 [main] DEBUG o.h.e.i.AbstractFlushingEventListener - Dirty checking collections
19:33:14.940 [main] DEBUG o.h.e.i.AbstractFlushingEventListener - Flushed: 1 insertions, 0 updates, 0 deletions to 1 objects
19:33:14.940 [main] DEBUG o.h.e.i.AbstractFlushingEventListener - Flushed: 0 (re)creations, 0 updates, 0 removals to 0 collections
19:33:14.940 [main] DEBUG o.h.internal.util.EntityPrinter - Listing entities:
19:33:14.940 [main] DEBUG o.h.internal.util.EntityPrinter - edu.ncsu.csc.itrust2.models.persistent.LogEntry{secondaryUser=null, logCode=5, primaryUser=logapitest, id=334, time=java.util.GregorianCalendar[time=1521660794935,areFieldsSet=true,areAllFieldsSet=true,lenient=true,zone=sun.util.calendar.ZoneInfo[id="Etc/UTC",offset=0,dstSavings=0,useDaylight=false,transitions=0,lastRule=null],firstDayOfWeek=1,minimalDaysInFirstWeek=1,ERA=1,YEAR=2018,MONTH=2,WEEK_OF_YEAR=12,WEEK_OF_MONTH=4,DAY_OF_MONTH=21,DAY_OF_YEAR=80,DAY_OF_WEEK=4,DAY_OF_WEEK_IN_MONTH=3,AM_PM=1,HOUR=7,HOUR_OF_DAY=19,MINUTE=33,SECOND=14,MILLISECOND=935,ZONE_OFFSET=0,DST_OFFSET=0], message=null}
19:33:14.941 [main] DEBUG org.hibernate.SQL - insert into LogEntries (logCode, message, primaryUser, secondaryUser, time, id) values (?, ?, ?, ?, ?, ?)
Hibernate: insert into LogEntries (logCode, message, primaryUser, secondaryUser, time, id) values (?, ?, ?, ?, ?, ?)
19:33:14.946 [main] DEBUG o.h.e.j.internal.JdbcCoordinatorImpl - HHH000420: Closing un-released batch
19:33:14.948 [main] DEBUG o.h.e.t.internal.TransactionImpl - begin
19:33:14.949 [main] DEBUG org.hibernate.SQL - select next_val as id_val from hibernate_sequence for update
Hibernate: select next_val as id_val from hibernate_sequence for update
19:33:14.951 [main] DEBUG org.hibernate.SQL - update hibernate_sequence set next_val= ? where next_val=?
Hibernate: update hibernate_sequence set next_val= ? where next_val=?
19:33:14.953 [main] DEBUG o.h.e.i.AbstractSaveEventListener - Generated identifier: 335, using strategy: org.hibernate.id.enhanced.SequenceStyleGenerator
19:33:14.954 [main] DEBUG o.h.e.t.internal.TransactionImpl - committing
19:33:14.954 [main] DEBUG o.h.e.i.AbstractFlushingEventListener - Processing flush-time cascades
19:33:14.954 [main] DEBUG o.h.e.i.AbstractFlushingEventListener - Dirty checking collections
19:33:14.955 [main] DEBUG o.h.e.i.AbstractFlushingEventListener - Flushed: 1 insertions, 0 updates, 0 deletions to 1 objects
19:33:14.955 [main] DEBUG o.h.e.i.AbstractFlushingEventListener - Flushed: 0 (re)creations, 0 updates, 0 removals to 0 collections
19:33:14.955 [main] DEBUG o.h.internal.util.EntityPrinter - Listing entities:
19:33:14.955 [main] DEBUG o.h.internal.util.EntityPrinter - edu.ncsu.csc.itrust2.models.persistent.LogEntry{secondaryUser=null, logCode=5, primaryUser=logapitest, id=335, time=java.util.GregorianCalendar[time=1521660794947,areFieldsSet=true,areAllFieldsSet=true,lenient=true,zone=sun.util.calendar.ZoneInfo[id="Etc/UTC",offset=0,dstSavings=0,useDaylight=false,transitions=0,lastRule=null],firstDayOfWeek=1,minimalDaysInFirstWeek=1,ERA=1,YEAR=2018,MONTH=2,WEEK_OF_YEAR=12,WEEK_OF_MONTH=4,DAY_OF_MONTH=21,DAY_OF_YEAR=80,DAY_OF_WEEK=4,DAY_OF_WEEK_IN_MONTH=3,AM_PM=1,HOUR=7,HOUR_OF_DAY=19,MINUTE=33,SECOND=14,MILLISECOND=947,ZONE_OFFSET=0,DST_OFFSET=0], message=null}
19:33:14.956 [main] DEBUG org.hibernate.SQL - insert into LogEntries (logCode, message, primaryUser, secondaryUser, time, id) values (?, ?, ?, ?, ?, ?)
Hibernate: insert into LogEntries (logCode, message, primaryUser, secondaryUser, time, id) values (?, ?, ?, ?, ?, ?)
19:33:14.958 [main] DEBUG o.h.e.j.internal.JdbcCoordinatorImpl - HHH000420: Closing un-released batch
19:33:14.959 [main] DEBUG o.h.e.t.internal.TransactionImpl - begin
19:33:14.960 [main] DEBUG org.hibernate.SQL - select next_val as id_val from hibernate_sequence for update
Hibernate: select next_val as id_val from hibernate_sequence for update
19:33:14.961 [main] DEBUG org.hibernate.SQL - update hibernate_sequence set next_val= ? where next_val=?
Hibernate: update hibernate_sequence set next_val= ? where next_val=?
19:33:14.962 [main] DEBUG o.h.e.i.AbstractSaveEventListener - Generated identifier: 336, using strategy: org.hibernate.id.enhanced.SequenceStyleGenerator
19:33:14.963 [main] DEBUG o.h.e.t.internal.TransactionImpl - committing
19:33:14.963 [main] DEBUG o.h.e.i.AbstractFlushingEventListener - Processing flush-time cascades
19:33:14.963 [main] DEBUG o.h.e.i.AbstractFlushingEventListener - Dirty checking collections
19:33:14.963 [main] DEBUG o.h.e.i.AbstractFlushingEventListener - Flushed: 1 insertions, 0 updates, 0 deletions to 1 objects
19:33:14.963 [main] DEBUG o.h.e.i.AbstractFlushingEventListener - Flushed: 0 (re)creations, 0 updates, 0 removals to 0 collections
19:33:14.963 [main] DEBUG o.h.internal.util.EntityPrinter - Listing entities:
19:33:14.963 [main] DEBUG o.h.internal.util.EntityPrinter - edu.ncsu.csc.itrust2.models.persistent.LogEntry{secondaryUser=null, logCode=5, primaryUser=logapitest, id=336, time=java.util.GregorianCalendar[time=1521660794959,areFieldsSet=true,areAllFieldsSet=true,lenient=true,zone=sun.util.calendar.ZoneInfo[id="Etc/UTC",offset=0,dstSavings=0,useDaylight=false,transitions=0,lastRule=null],firstDayOfWeek=1,minimalDaysInFirstWeek=1,ERA=1,YEAR=2018,MONTH=2,WEEK_OF_YEAR=12,WEEK_OF_MONTH=4,DAY_OF_MONTH=21,DAY_OF_YEAR=80,DAY_OF_WEEK=4,DAY_OF_WEEK_IN_MONTH=3,AM_PM=1,HOUR=7,HOUR_OF_DAY=19,MINUTE=33,SECOND=14,MILLISECOND=959,ZONE_OFFSET=0,DST_OFFSET=0], message=null}
19:33:14.964 [main] DEBUG org.hibernate.SQL - insert into LogEntries (logCode, message, primaryUser, secondaryUser, time, id) values (?, ?, ?, ?, ?, ?)
Hibernate: insert into LogEntries (logCode, message, primaryUser, secondaryUser, time, id) values (?, ?, ?, ?, ?, ?)
19:33:14.965 [main] DEBUG o.h.e.j.internal.JdbcCoordinatorImpl - HHH000420: Closing un-released batch
19:33:14.965 [main] DEBUG o.h.e.t.internal.TransactionImpl - begin
19:33:14.966 [main] DEBUG org.hibernate.SQL - select next_val as id_val from hibernate_sequence for update
Hibernate: select next_val as id_val from hibernate_sequence for update
19:33:14.966 [main] DEBUG org.hibernate.SQL - update hibernate_sequence set next_val= ? where next_val=?
Hibernate: update hibernate_sequence set next_val= ? where next_val=?
19:33:14.968 [main] DEBUG o.h.e.i.AbstractSaveEventListener - Generated identifier: 337, using strategy: org.hibernate.id.enhanced.SequenceStyleGenerator
19:33:14.969 [main] DEBUG o.h.e.t.internal.TransactionImpl - committing
19:33:14.969 [main] DEBUG o.h.e.i.AbstractFlushingEventListener - Processing flush-time cascades
19:33:14.969 [main] DEBUG o.h.e.i.AbstractFlushingEventListener - Dirty checking collections
19:33:14.975 [main] DEBUG o.h.e.i.AbstractFlushingEventListener - Flushed: 1 insertions, 0 updates, 0 deletions to 1 objects
19:33:14.975 [main] DEBUG o.h.e.i.AbstractFlushingEventListener - Flushed: 0 (re)creations, 0 updates, 0 removals to 0 collections
19:33:14.976 [main] DEBUG o.h.internal.util.EntityPrinter - Listing entities:
19:33:14.976 [main] DEBUG o.h.internal.util.EntityPrinter - edu.ncsu.csc.itrust2.models.persistent.LogEntry{secondaryUser=null, logCode=5, primaryUser=logapitest, id=337, time=java.util.GregorianCalendar[time=1521660794965,areFieldsSet=true,areAllFieldsSet=true,lenient=true,zone=sun.util.calendar.ZoneInfo[id="Etc/UTC",offset=0,dstSavings=0,useDaylight=false,transitions=0,lastRule=null],firstDayOfWeek=1,minimalDaysInFirstWeek=1,ERA=1,YEAR=2018,MONTH=2,WEEK_OF_YEAR=12,WEEK_OF_MONTH=4,DAY_OF_MONTH=21,DAY_OF_YEAR=80,DAY_OF_WEEK=4,DAY_OF_WEEK_IN_MONTH=3,AM_PM=1,HOUR=7,HOUR_OF_DAY=19,MINUTE=33,SECOND=14,MILLISECOND=965,ZONE_OFFSET=0,DST_OFFSET=0], message=null}
19:33:14.978 [main] DEBUG org.hibernate.SQL - insert into LogEntries (logCode, message, primaryUser, secondaryUser, time, id) values (?, ?, ?, ?, ?, ?)
Hibernate: insert into LogEntries (logCode, message, primaryUser, secondaryUser, time, id) values (?, ?, ?, ?, ?, ?)
19:33:14.981 [main] DEBUG o.h.e.j.internal.JdbcCoordinatorImpl - HHH000420: Closing un-released batch
19:33:14.981 [main] DEBUG o.h.e.t.internal.TransactionImpl - begin
19:33:14.982 [main] DEBUG org.hibernate.SQL - select next_val as id_val from hibernate_sequence for update
Hibernate: select next_val as id_val from hibernate_sequence for update
19:33:14.983 [main] DEBUG org.hibernate.SQL - update hibernate_sequence set next_val= ? where next_val=?
Hibernate: update hibernate_sequence set next_val= ? where next_val=?
19:33:14.984 [main] DEBUG o.h.e.i.AbstractSaveEventListener - Generated identifier: 338, using strategy: org.hibernate.id.enhanced.SequenceStyleGenerator
19:33:14.985 [main] DEBUG o.h.e.t.internal.TransactionImpl - committing
19:33:14.985 [main] DEBUG o.h.e.i.AbstractFlushingEventListener - Processing flush-time cascades
19:33:14.985 [main] DEBUG o.h.e.i.AbstractFlushingEventListener - Dirty checking collections
19:33:14.985 [main] DEBUG o.h.e.i.AbstractFlushingEventListener - Flushed: 1 insertions, 0 updates, 0 deletions to 1 objects
19:33:14.985 [main] DEBUG o.h.e.i.AbstractFlushingEventListener - Flushed: 0 (re)creations, 0 updates, 0 removals to 0 collections
19:33:14.985 [main] DEBUG o.h.internal.util.EntityPrinter - Listing entities:
19:33:14.985 [main] DEBUG o.h.internal.util.EntityPrinter - edu.ncsu.csc.itrust2.models.persistent.LogEntry{secondaryUser=null, logCode=5, primaryUser=logapitest, id=338, time=java.util.GregorianCalendar[time=1521660794981,areFieldsSet=true,areAllFieldsSet=true,lenient=true,zone=sun.util.calendar.ZoneInfo[id="Etc/UTC",offset=0,dstSavings=0,useDaylight=false,transitions=0,lastRule=null],firstDayOfWeek=1,minimalDaysInFirstWeek=1,ERA=1,YEAR=2018,MONTH=2,WEEK_OF_YEAR=12,WEEK_OF_MONTH=4,DAY_OF_MONTH=21,DAY_OF_YEAR=80,DAY_OF_WEEK=4,DAY_OF_WEEK_IN_MONTH=3,AM_PM=1,HOUR=7,HOUR_OF_DAY=19,MINUTE=33,SECOND=14,MILLISECOND=981,ZONE_OFFSET=0,DST_OFFSET=0], message=null}
19:33:14.986 [main] DEBUG org.hibernate.SQL - insert into LogEntries (logCode, message, primaryUser, secondaryUser, time, id) values (?, ?, ?, ?, ?, ?)
Hibernate: insert into LogEntries (logCode, message, primaryUser, secondaryUser, time, id) values (?, ?, ?, ?, ?, ?)
19:33:14.990 [main] DEBUG o.h.e.j.internal.JdbcCoordinatorImpl - HHH000420: Closing un-released batch
19:33:14.991 [main] DEBUG o.h.e.t.internal.TransactionImpl - begin
19:33:14.992 [main] DEBUG org.hibernate.SQL - select next_val as id_val from hibernate_sequence for update
Hibernate: select next_val as id_val from hibernate_sequence for update
19:33:14.993 [main] DEBUG org.hibernate.SQL - update hibernate_sequence set next_val= ? where next_val=?
Hibernate: update hibernate_sequence set next_val= ? where next_val=?
19:33:14.996 [main] DEBUG o.h.e.i.AbstractSaveEventListener - Generated identifier: 339, using strategy: org.hibernate.id.enhanced.SequenceStyleGenerator
19:33:14.996 [main] DEBUG o.h.e.t.internal.TransactionImpl - committing
19:33:14.996 [main] DEBUG o.h.e.i.AbstractFlushingEventListener - Processing flush-time cascades
19:33:14.996 [main] DEBUG o.h.e.i.AbstractFlushingEventListener - Dirty checking collections
19:33:14.998 [main] DEBUG o.h.e.i.AbstractFlushingEventListener - Flushed: 1 insertions, 0 updates, 0 deletions to 1 objects
19:33:14.998 [main] DEBUG o.h.e.i.AbstractFlushingEventListener - Flushed: 0 (re)creations, 0 updates, 0 removals to 0 collections
19:33:14.998 [main] DEBUG o.h.internal.util.EntityPrinter - Listing entities:
19:33:14.998 [main] DEBUG o.h.internal.util.EntityPrinter - edu.ncsu.csc.itrust2.models.persistent.LogEntry{secondaryUser=null, logCode=5, primaryUser=logapitest, id=339, time=java.util.GregorianCalendar[time=1521660794990,areFieldsSet=true,areAllFieldsSet=true,lenient=true,zone=sun.util.calendar.ZoneInfo[id="Etc/UTC",offset=0,dstSavings=0,useDaylight=false,transitions=0,lastRule=null],firstDayOfWeek=1,minimalDaysInFirstWeek=1,ERA=1,YEAR=2018,MONTH=2,WEEK_OF_YEAR=12,WEEK_OF_MONTH=4,DAY_OF_MONTH=21,DAY_OF_YEAR=80,DAY_OF_WEEK=4,DAY_OF_WEEK_IN_MONTH=3,AM_PM=1,HOUR=7,HOUR_OF_DAY=19,MINUTE=33,SECOND=14,MILLISECOND=990,ZONE_OFFSET=0,DST_OFFSET=0], message=null}
19:33:14.999 [main] DEBUG org.hibernate.SQL - insert into LogEntries (logCode, message, primaryUser, secondaryUser, time, id) values (?, ?, ?, ?, ?, ?)
Hibernate: insert into LogEntries (logCode, message, primaryUser, secondaryUser, time, id) values (?, ?, ?, ?, ?, ?)
19:33:15.002 [main] DEBUG o.h.e.j.internal.JdbcCoordinatorImpl - HHH000420: Closing un-released batch
19:33:15.003 [main] DEBUG o.h.e.t.internal.TransactionImpl - begin
19:33:15.004 [main] DEBUG org.hibernate.SQL - select next_val as id_val from hibernate_sequence for update
Hibernate: select next_val as id_val from hibernate_sequence for update
19:33:15.006 [main] DEBUG org.hibernate.SQL - update hibernate_sequence set next_val= ? where next_val=?
Hibernate: update hibernate_sequence set next_val= ? where next_val=?
19:33:15.008 [main] DEBUG o.h.e.i.AbstractSaveEventListener - Generated identifier: 340, using strategy: org.hibernate.id.enhanced.SequenceStyleGenerator
19:33:15.008 [main] DEBUG o.h.e.t.internal.TransactionImpl - committing
19:33:15.008 [main] DEBUG o.h.e.i.AbstractFlushingEventListener - Processing flush-time cascades
19:33:15.008 [main] DEBUG o.h.e.i.AbstractFlushingEventListener - Dirty checking collections
19:33:15.008 [main] DEBUG o.h.e.i.AbstractFlushingEventListener - Flushed: 1 insertions, 0 updates, 0 deletions to 1 objects
19:33:15.021 [main] DEBUG o.h.e.i.AbstractFlushingEventListener - Flushed: 0 (re)creations, 0 updates, 0 removals to 0 collections
19:33:15.021 [main] DEBUG o.h.internal.util.EntityPrinter - Listing entities:
19:33:15.021 [main] DEBUG o.h.internal.util.EntityPrinter - edu.ncsu.csc.itrust2.models.persistent.LogEntry{secondaryUser=null, logCode=5, primaryUser=logapitest, id=340, time=java.util.GregorianCalendar[time=1521660795003,areFieldsSet=true,areAllFieldsSet=true,lenient=true,zone=sun.util.calendar.ZoneInfo[id="Etc/UTC",offset=0,dstSavings=0,useDaylight=false,transitions=0,lastRule=null],firstDayOfWeek=1,minimalDaysInFirstWeek=1,ERA=1,YEAR=2018,MONTH=2,WEEK_OF_YEAR=12,WEEK_OF_MONTH=4,DAY_OF_MONTH=21,DAY_OF_YEAR=80,DAY_OF_WEEK=4,DAY_OF_WEEK_IN_MONTH=3,AM_PM=1,HOUR=7,HOUR_OF_DAY=19,MINUTE=33,SECOND=15,MILLISECOND=3,ZONE_OFFSET=0,DST_OFFSET=0], message=null}
19:33:15.023 [main] DEBUG org.hibernate.SQL - insert into LogEntries (logCode, message, primaryUser, secondaryUser, time, id) values (?, ?, ?, ?, ?, ?)
Hibernate: insert into LogEntries (logCode, message, primaryUser, secondaryUser, time, id) values (?, ?, ?, ?, ?, ?)
19:33:15.026 [main] DEBUG o.h.e.j.internal.JdbcCoordinatorImpl - HHH000420: Closing un-released batch
19:33:15.028 [main] DEBUG o.h.e.t.internal.TransactionImpl - begin
19:33:15.030 [main] DEBUG org.hibernate.SQL - select next_val as id_val from hibernate_sequence for update
Hibernate: select next_val as id_val from hibernate_sequence for update
19:33:15.031 [main] DEBUG org.hibernate.SQL - update hibernate_sequence set next_val= ? where next_val=?
Hibernate: update hibernate_sequence set next_val= ? where next_val=?
19:33:15.033 [main] DEBUG o.h.e.i.AbstractSaveEventListener - Generated identifier: 341, using strategy: org.hibernate.id.enhanced.SequenceStyleGenerator
19:33:15.034 [main] DEBUG o.h.e.t.internal.TransactionImpl - committing
19:33:15.034 [main] DEBUG o.h.e.i.AbstractFlushingEventListener - Processing flush-time cascades
19:33:15.034 [main] DEBUG o.h.e.i.AbstractFlushingEventListener - Dirty checking collections
19:33:15.034 [main] DEBUG o.h.e.i.AbstractFlushingEventListener - Flushed: 1 insertions, 0 updates, 0 deletions to 1 objects
19:33:15.034 [main] DEBUG o.h.e.i.AbstractFlushingEventListener - Flushed: 0 (re)creations, 0 updates, 0 removals to 0 collections
19:33:15.035 [main] DEBUG o.h.internal.util.EntityPrinter - Listing entities:
19:33:15.035 [main] DEBUG o.h.internal.util.EntityPrinter - edu.ncsu.csc.itrust2.models.persistent.LogEntry{secondaryUser=null, logCode=5, primaryUser=logapitest, id=341, time=java.util.GregorianCalendar[time=1521660795027,areFieldsSet=true,areAllFieldsSet=true,lenient=true,zone=sun.util.calendar.ZoneInfo[id="Etc/UTC",offset=0,dstSavings=0,useDaylight=false,transitions=0,lastRule=null],firstDayOfWeek=1,minimalDaysInFirstWeek=1,ERA=1,YEAR=2018,MONTH=2,WEEK_OF_YEAR=12,WEEK_OF_MONTH=4,DAY_OF_MONTH=21,DAY_OF_YEAR=80,DAY_OF_WEEK=4,DAY_OF_WEEK_IN_MONTH=3,AM_PM=1,HOUR=7,HOUR_OF_DAY=19,MINUTE=33,SECOND=15,MILLISECOND=27,ZONE_OFFSET=0,DST_OFFSET=0], message=null}
19:33:15.037 [main] DEBUG org.hibernate.SQL - insert into LogEntries (logCode, message, primaryUser, secondaryUser, time, id) values (?, ?, ?, ?, ?, ?)
Hibernate: insert into LogEntries (logCode, message, primaryUser, secondaryUser, time, id) values (?, ?, ?, ?, ?, ?)
19:33:15.041 [main] DEBUG o.h.e.j.internal.JdbcCoordinatorImpl - HHH000420: Closing un-released batch
19:33:15.042 [main] DEBUG o.h.e.t.internal.TransactionImpl - begin
19:33:15.043 [main] DEBUG org.hibernate.SQL - select next_val as id_val from hibernate_sequence for update
Hibernate: select next_val as id_val from hibernate_sequence for update
19:33:15.044 [main] DEBUG org.hibernate.SQL - update hibernate_sequence set next_val= ? where next_val=?
Hibernate: update hibernate_sequence set next_val= ? where next_val=?
19:33:15.046 [main] DEBUG o.h.e.i.AbstractSaveEventListener - Generated identifier: 342, using strategy: org.hibernate.id.enhanced.SequenceStyleGenerator
19:33:15.046 [main] DEBUG o.h.e.t.internal.TransactionImpl - committing
19:33:15.047 [main] DEBUG o.h.e.i.AbstractFlushingEventListener - Processing flush-time cascades
19:33:15.047 [main] DEBUG o.h.e.i.AbstractFlushingEventListener - Dirty checking collections
19:33:15.048 [main] DEBUG o.h.e.i.AbstractFlushingEventListener - Flushed: 1 insertions, 0 updates, 0 deletions to 1 objects
19:33:15.048 [main] DEBUG o.h.e.i.AbstractFlushingEventListener - Flushed: 0 (re)creations, 0 updates, 0 removals to 0 collections
19:33:15.048 [main] DEBUG o.h.internal.util.EntityPrinter - Listing entities:
19:33:15.048 [main] DEBUG o.h.internal.util.EntityPrinter - edu.ncsu.csc.itrust2.models.persistent.LogEntry{secondaryUser=null, logCode=5, primaryUser=logapitest, id=342, time=java.util.GregorianCalendar[time=1521660795041,areFieldsSet=true,areAllFieldsSet=true,lenient=true,zone=sun.util.calendar.ZoneInfo[id="Etc/UTC",offset=0,dstSavings=0,useDaylight=false,transitions=0,lastRule=null],firstDayOfWeek=1,minimalDaysInFirstWeek=1,ERA=1,YEAR=2018,MONTH=2,WEEK_OF_YEAR=12,WEEK_OF_MONTH=4,DAY_OF_MONTH=21,DAY_OF_YEAR=80,DAY_OF_WEEK=4,DAY_OF_WEEK_IN_MONTH=3,AM_PM=1,HOUR=7,HOUR_OF_DAY=19,MINUTE=33,SECOND=15,MILLISECOND=41,ZONE_OFFSET=0,DST_OFFSET=0], message=null}
19:33:15.050 [main] DEBUG org.hibernate.SQL - insert into LogEntries (logCode, message, primaryUser, secondaryUser, time, id) values (?, ?, ?, ?, ?, ?)
Hibernate: insert into LogEntries (logCode, message, primaryUser, secondaryUser, time, id) values (?, ?, ?, ?, ?, ?)
19:33:15.054 [main] DEBUG o.h.e.j.internal.JdbcCoordinatorImpl - HHH000420: Closing un-released batch
19:33:15.056 [main] DEBUG o.h.e.t.internal.TransactionImpl - begin
19:33:15.057 [main] DEBUG org.hibernate.SQL - select next_val as id_val from hibernate_sequence for update
Hibernate: select next_val as id_val from hibernate_sequence for update
19:33:15.059 [main] DEBUG org.hibernate.SQL - update hibernate_sequence set next_val= ? where next_val=?
Hibernate: update hibernate_sequence set next_val= ? where next_val=?
19:33:15.062 [main] DEBUG o.h.e.i.AbstractSaveEventListener - Generated identifier: 343, using strategy: org.hibernate.id.enhanced.SequenceStyleGenerator
19:33:15.063 [main] DEBUG o.h.e.t.internal.TransactionImpl - committing
19:33:15.063 [main] DEBUG o.h.e.i.AbstractFlushingEventListener - Processing flush-time cascades
19:33:15.064 [main] DEBUG o.h.e.i.AbstractFlushingEventListener - Dirty checking collections
19:33:15.064 [main] DEBUG o.h.e.i.AbstractFlushingEventListener - Flushed: 1 insertions, 0 updates, 0 deletions to 1 objects
19:33:15.064 [main] DEBUG o.h.e.i.AbstractFlushingEventListener - Flushed: 0 (re)creations, 0 updates, 0 removals to 0 collections
19:33:15.064 [main] DEBUG o.h.internal.util.EntityPrinter - Listing entities:
19:33:15.065 [main] DEBUG o.h.internal.util.EntityPrinter - edu.ncsu.csc.itrust2.models.persistent.LogEntry{secondaryUser=null, logCode=5, primaryUser=logapitest, id=343, time=java.util.GregorianCalendar[time=1521660795055,areFieldsSet=true,areAllFieldsSet=true,lenient=true,zone=sun.util.calendar.ZoneInfo[id="Etc/UTC",offset=0,dstSavings=0,useDaylight=false,transitions=0,lastRule=null],firstDayOfWeek=1,minimalDaysInFirstWeek=1,ERA=1,YEAR=2018,MONTH=2,WEEK_OF_YEAR=12,WEEK_OF_MONTH=4,DAY_OF_MONTH=21,DAY_OF_YEAR=80,DAY_OF_WEEK=4,DAY_OF_WEEK_IN_MONTH=3,AM_PM=1,HOUR=7,HOUR_OF_DAY=19,MINUTE=33,SECOND=15,MILLISECOND=55,ZONE_OFFSET=0,DST_OFFSET=0], message=null}
19:33:15.068 [main] DEBUG org.hibernate.SQL - insert into LogEntries (logCode, message, primaryUser, secondaryUser, time, id) values (?, ?, ?, ?, ?, ?)
Hibernate: insert into LogEntries (logCode, message, primaryUser, secondaryUser, time, id) values (?, ?, ?, ?, ?, ?)
19:33:15.092 [main] DEBUG o.h.e.j.internal.JdbcCoordinatorImpl - HHH000420: Closing un-released batch
19:33:15.093 [main] DEBUG o.h.e.t.internal.TransactionImpl - begin
19:33:15.093 [main] DEBUG org.hibernate.SQL - select next_val as id_val from hibernate_sequence for update
Hibernate: select next_val as id_val from hibernate_sequence for update
19:33:15.094 [main] DEBUG org.hibernate.SQL - update hibernate_sequence set next_val= ? where next_val=?
Hibernate: update hibernate_sequence set next_val= ? where next_val=?
19:33:15.095 [main] DEBUG o.h.e.i.AbstractSaveEventListener - Generated identifier: 344, using strategy: org.hibernate.id.enhanced.SequenceStyleGenerator
19:33:15.095 [main] DEBUG o.h.e.t.internal.TransactionImpl - committing
19:33:15.095 [main] DEBUG o.h.e.i.AbstractFlushingEventListener - Processing flush-time cascades
19:33:15.095 [main] DEBUG o.h.e.i.AbstractFlushingEventListener - Dirty checking collections
19:33:15.095 [main] DEBUG o.h.e.i.AbstractFlushingEventListener - Flushed: 1 insertions, 0 updates, 0 deletions to 1 objects
19:33:15.095 [main] DEBUG o.h.e.i.AbstractFlushingEventListener - Flushed: 0 (re)creations, 0 updates, 0 removals to 0 collections
19:33:15.095 [main] DEBUG o.h.internal.util.EntityPrinter - Listing entities:
19:33:15.095 [main] DEBUG o.h.internal.util.EntityPrinter - edu.ncsu.csc.itrust2.models.persistent.LogEntry{secondaryUser=null, logCode=5, primaryUser=logapitest, id=344, time=java.util.GregorianCalendar[time=1521660795093,areFieldsSet=true,areAllFieldsSet=true,lenient=true,zone=sun.util.calendar.ZoneInfo[id="Etc/UTC",offset=0,dstSavings=0,useDaylight=false,transitions=0,lastRule=null],firstDayOfWeek=1,minimalDaysInFirstWeek=1,ERA=1,YEAR=2018,MONTH=2,WEEK_OF_YEAR=12,WEEK_OF_MONTH=4,DAY_OF_MONTH=21,DAY_OF_YEAR=80,DAY_OF_WEEK=4,DAY_OF_WEEK_IN_MONTH=3,AM_PM=1,HOUR=7,HOUR_OF_DAY=19,MINUTE=33,SECOND=15,MILLISECOND=93,ZONE_OFFSET=0,DST_OFFSET=0], message=null}
19:33:15.096 [main] DEBUG org.hibernate.SQL - insert into LogEntries (logCode, message, primaryUser, secondaryUser, time, id) values (?, ?, ?, ?, ?, ?)
Hibernate: insert into LogEntries (logCode, message, primaryUser, secondaryUser, time, id) values (?, ?, ?, ?, ?, ?)
19:33:15.098 [main] DEBUG o.h.e.j.internal.JdbcCoordinatorImpl - HHH000420: Closing un-released batch
19:33:15.098 [main] DEBUG o.h.e.t.internal.TransactionImpl - begin
19:33:15.099 [main] DEBUG org.hibernate.SQL - select next_val as id_val from hibernate_sequence for update
Hibernate: select next_val as id_val from hibernate_sequence for update
19:33:15.099 [main] DEBUG org.hibernate.SQL - update hibernate_sequence set next_val= ? where next_val=?
Hibernate: update hibernate_sequence set next_val= ? where next_val=?
19:33:15.101 [main] DEBUG o.h.e.i.AbstractSaveEventListener - Generated identifier: 345, using strategy: org.hibernate.id.enhanced.SequenceStyleGenerator
19:33:15.102 [main] DEBUG o.h.e.t.internal.TransactionImpl - committing
19:33:15.102 [main] DEBUG o.h.e.i.AbstractFlushingEventListener - Processing flush-time cascades
19:33:15.102 [main] DEBUG o.h.e.i.AbstractFlushingEventListener - Dirty checking collections
19:33:15.102 [main] DEBUG o.h.e.i.AbstractFlushingEventListener - Flushed: 1 insertions, 0 updates, 0 deletions to 1 objects
19:33:15.102 [main] DEBUG o.h.e.i.AbstractFlushingEventListener - Flushed: 0 (re)creations, 0 updates, 0 removals to 0 collections
19:33:15.103 [main] DEBUG o.h.internal.util.EntityPrinter - Listing entities:
19:33:15.103 [main] DEBUG o.h.internal.util.EntityPrinter - edu.ncsu.csc.itrust2.models.persistent.LogEntry{secondaryUser=null, logCode=5, primaryUser=logapitest, id=345, time=java.util.GregorianCalendar[time=1521660795098,areFieldsSet=true,areAllFieldsSet=true,lenient=true,zone=sun.util.calendar.ZoneInfo[id="Etc/UTC",offset=0,dstSavings=0,useDaylight=false,transitions=0,lastRule=null],firstDayOfWeek=1,minimalDaysInFirstWeek=1,ERA=1,YEAR=2018,MONTH=2,WEEK_OF_YEAR=12,WEEK_OF_MONTH=4,DAY_OF_MONTH=21,DAY_OF_YEAR=80,DAY_OF_WEEK=4,DAY_OF_WEEK_IN_MONTH=3,AM_PM=1,HOUR=7,HOUR_OF_DAY=19,MINUTE=33,SECOND=15,MILLISECOND=98,ZONE_OFFSET=0,DST_OFFSET=0], message=null}
19:33:15.103 [main] DEBUG org.hibernate.SQL - insert into LogEntries (logCode, message, primaryUser, secondaryUser, time, id) values (?, ?, ?, ?, ?, ?)
Hibernate: insert into LogEntries (logCode, message, primaryUser, secondaryUser, time, id) values (?, ?, ?, ?, ?, ?)
19:33:15.105 [main] DEBUG o.h.e.j.internal.JdbcCoordinatorImpl - HHH000420: Closing un-released batch
19:33:15.106 [main] DEBUG o.h.e.t.internal.TransactionImpl - begin
19:33:15.106 [main] DEBUG org.hibernate.SQL - select next_val as id_val from hibernate_sequence for update
Hibernate: select next_val as id_val from hibernate_sequence for update
19:33:15.107 [main] DEBUG org.hibernate.SQL - update hibernate_sequence set next_val= ? where next_val=?
Hibernate: update hibernate_sequence set next_val= ? where next_val=?
19:33:15.108 [main] DEBUG o.h.e.i.AbstractSaveEventListener - Generated identifier: 346, using strategy: org.hibernate.id.enhanced.SequenceStyleGenerator
19:33:15.109 [main] DEBUG o.h.e.t.internal.TransactionImpl - committing
19:33:15.109 [main] DEBUG o.h.e.i.AbstractFlushingEventListener - Processing flush-time cascades
19:33:15.109 [main] DEBUG o.h.e.i.AbstractFlushingEventListener - Dirty checking collections
19:33:15.109 [main] DEBUG o.h.e.i.AbstractFlushingEventListener - Flushed: 1 insertions, 0 updates, 0 deletions to 1 objects
19:33:15.109 [main] DEBUG o.h.e.i.AbstractFlushingEventListener - Flushed: 0 (re)creations, 0 updates, 0 removals to 0 collections
19:33:15.109 [main] DEBUG o.h.internal.util.EntityPrinter - Listing entities:
19:33:15.109 [main] DEBUG o.h.internal.util.EntityPrinter - edu.ncsu.csc.itrust2.models.persistent.LogEntry{secondaryUser=null, logCode=5, primaryUser=logapitest, id=346, time=java.util.GregorianCalendar[time=1521660795106,areFieldsSet=true,areAllFieldsSet=true,lenient=true,zone=sun.util.calendar.ZoneInfo[id="Etc/UTC",offset=0,dstSavings=0,useDaylight=false,transitions=0,lastRule=null],firstDayOfWeek=1,minimalDaysInFirstWeek=1,ERA=1,YEAR=2018,MONTH=2,WEEK_OF_YEAR=12,WEEK_OF_MONTH=4,DAY_OF_MONTH=21,DAY_OF_YEAR=80,DAY_OF_WEEK=4,DAY_OF_WEEK_IN_MONTH=3,AM_PM=1,HOUR=7,HOUR_OF_DAY=19,MINUTE=33,SECOND=15,MILLISECOND=106,ZONE_OFFSET=0,DST_OFFSET=0], message=null}
19:33:15.109 [main] DEBUG org.hibernate.SQL - insert into LogEntries (logCode, message, primaryUser, secondaryUser, time, id) values (?, ?, ?, ?, ?, ?)
Hibernate: insert into LogEntries (logCode, message, primaryUser, secondaryUser, time, id) values (?, ?, ?, ?, ?, ?)
19:33:15.110 [main] DEBUG o.h.e.j.internal.JdbcCoordinatorImpl - HHH000420: Closing un-released batch
19:33:15.111 [main] DEBUG o.h.e.t.internal.TransactionImpl - begin
19:33:15.113 [main] DEBUG org.hibernate.SQL - select next_val as id_val from hibernate_sequence for update
Hibernate: select next_val as id_val from hibernate_sequence for update
19:33:15.114 [main] DEBUG org.hibernate.SQL - update hibernate_sequence set next_val= ? where next_val=?
Hibernate: update hibernate_sequence set next_val= ? where next_val=?
19:33:15.116 [main] DEBUG o.h.e.i.AbstractSaveEventListener - Generated identifier: 347, using strategy: org.hibernate.id.enhanced.SequenceStyleGenerator
19:33:15.117 [main] DEBUG o.h.e.t.internal.TransactionImpl - committing
19:33:15.117 [main] DEBUG o.h.e.i.AbstractFlushingEventListener - Processing flush-time cascades
19:33:15.117 [main] DEBUG o.h.e.i.AbstractFlushingEventListener - Dirty checking collections
19:33:15.117 [main] DEBUG o.h.e.i.AbstractFlushingEventListener - Flushed: 1 insertions, 0 updates, 0 deletions to 1 objects
19:33:15.117 [main] DEBUG o.h.e.i.AbstractFlushingEventListener - Flushed: 0 (re)creations, 0 updates, 0 removals to 0 collections
19:33:15.117 [main] DEBUG o.h.internal.util.EntityPrinter - Listing entities:
19:33:15.117 [main] DEBUG o.h.internal.util.EntityPrinter - edu.ncsu.csc.itrust2.models.persistent.LogEntry{secondaryUser=null, logCode=5, primaryUser=logapitest, id=347, time=java.util.GregorianCalendar[time=1521660795111,areFieldsSet=true,areAllFieldsSet=true,lenient=true,zone=sun.util.calendar.ZoneInfo[id="Etc/UTC",offset=0,dstSavings=0,useDaylight=false,transitions=0,lastRule=null],firstDayOfWeek=1,minimalDaysInFirstWeek=1,ERA=1,YEAR=2018,MONTH=2,WEEK_OF_YEAR=12,WEEK_OF_MONTH=4,DAY_OF_MONTH=21,DAY_OF_YEAR=80,DAY_OF_WEEK=4,DAY_OF_WEEK_IN_MONTH=3,AM_PM=1,HOUR=7,HOUR_OF_DAY=19,MINUTE=33,SECOND=15,MILLISECOND=111,ZONE_OFFSET=0,DST_OFFSET=0], message=null}
19:33:15.119 [main] DEBUG org.hibernate.SQL - insert into LogEntries (logCode, message, primaryUser, secondaryUser, time, id) values (?, ?, ?, ?, ?, ?)
Hibernate: insert into LogEntries (logCode, message, primaryUser, secondaryUser, time, id) values (?, ?, ?, ?, ?, ?)
19:33:15.121 [main] DEBUG o.h.e.j.internal.JdbcCoordinatorImpl - HHH000420: Closing un-released batch
19:33:15.122 [main] DEBUG o.h.e.t.internal.TransactionImpl - begin
19:33:15.123 [main] DEBUG org.hibernate.SQL - select next_val as id_val from hibernate_sequence for update
Hibernate: select next_val as id_val from hibernate_sequence for update
19:33:15.123 [main] DEBUG org.hibernate.SQL - update hibernate_sequence set next_val= ? where next_val=?
Hibernate: update hibernate_sequence set next_val= ? where next_val=?
19:33:15.125 [main] DEBUG o.h.e.i.AbstractSaveEventListener - Generated identifier: 348, using strategy: org.hibernate.id.enhanced.SequenceStyleGenerator
19:33:15.125 [main] DEBUG o.h.e.t.internal.TransactionImpl - committing
19:33:15.125 [main] DEBUG o.h.e.i.AbstractFlushingEventListener - Processing flush-time cascades
19:33:15.125 [main] DEBUG o.h.e.i.AbstractFlushingEventListener - Dirty checking collections
19:33:15.125 [main] DEBUG o.h.e.i.AbstractFlushingEventListener - Flushed: 1 insertions, 0 updates, 0 deletions to 1 objects
19:33:15.125 [main] DEBUG o.h.e.i.AbstractFlushingEventListener - Flushed: 0 (re)creations, 0 updates, 0 removals to 0 collections
19:33:15.126 [main] DEBUG o.h.internal.util.EntityPrinter - Listing entities:
19:33:15.126 [main] DEBUG o.h.internal.util.EntityPrinter - edu.ncsu.csc.itrust2.models.persistent.LogEntry{secondaryUser=null, logCode=5, primaryUser=logapitest, id=348, time=java.util.GregorianCalendar[time=1521660795122,areFieldsSet=true,areAllFieldsSet=true,lenient=true,zone=sun.util.calendar.ZoneInfo[id="Etc/UTC",offset=0,dstSavings=0,useDaylight=false,transitions=0,lastRule=null],firstDayOfWeek=1,minimalDaysInFirstWeek=1,ERA=1,YEAR=2018,MONTH=2,WEEK_OF_YEAR=12,WEEK_OF_MONTH=4,DAY_OF_MONTH=21,DAY_OF_YEAR=80,DAY_OF_WEEK=4,DAY_OF_WEEK_IN_MONTH=3,AM_PM=1,HOUR=7,HOUR_OF_DAY=19,MINUTE=33,SECOND=15,MILLISECOND=122,ZONE_OFFSET=0,DST_OFFSET=0], message=null}
19:33:15.126 [main] DEBUG org.hibernate.SQL - insert into LogEntries (logCode, message, primaryUser, secondaryUser, time, id) values (?, ?, ?, ?, ?, ?)
Hibernate: insert into LogEntries (logCode, message, primaryUser, secondaryUser, time, id) values (?, ?, ?, ?, ?, ?)
19:33:15.128 [main] DEBUG o.h.e.j.internal.JdbcCoordinatorImpl - HHH000420: Closing un-released batch
19:33:15.129 [main] DEBUG o.h.e.t.internal.TransactionImpl - begin
19:33:15.130 [main] DEBUG org.hibernate.SQL - select next_val as id_val from hibernate_sequence for update
Hibernate: select next_val as id_val from hibernate_sequence for update
19:33:15.131 [main] DEBUG org.hibernate.SQL - update hibernate_sequence set next_val= ? where next_val=?
Hibernate: update hibernate_sequence set next_val= ? where next_val=?
19:33:15.133 [main] DEBUG o.h.e.i.AbstractSaveEventListener - Generated identifier: 349, using strategy: org.hibernate.id.enhanced.SequenceStyleGenerator
19:33:15.134 [main] DEBUG o.h.e.t.internal.TransactionImpl - committing
19:33:15.134 [main] DEBUG o.h.e.i.AbstractFlushingEventListener - Processing flush-time cascades
19:33:15.134 [main] DEBUG o.h.e.i.AbstractFlushingEventListener - Dirty checking collections
19:33:15.134 [main] DEBUG o.h.e.i.AbstractFlushingEventListener - Flushed: 1 insertions, 0 updates, 0 deletions to 1 objects
19:33:15.135 [main] DEBUG o.h.e.i.AbstractFlushingEventListener - Flushed: 0 (re)creations, 0 updates, 0 removals to 0 collections
19:33:15.135 [main] DEBUG o.h.internal.util.EntityPrinter - Listing entities:
19:33:15.135 [main] DEBUG o.h.internal.util.EntityPrinter - edu.ncsu.csc.itrust2.models.persistent.LogEntry{secondaryUser=null, logCode=5, primaryUser=logapitest, id=349, time=java.util.GregorianCalendar[time=1521660795129,areFieldsSet=true,areAllFieldsSet=true,lenient=true,zone=sun.util.calendar.ZoneInfo[id="Etc/UTC",offset=0,dstSavings=0,useDaylight=false,transitions=0,lastRule=null],firstDayOfWeek=1,minimalDaysInFirstWeek=1,ERA=1,YEAR=2018,MONTH=2,WEEK_OF_YEAR=12,WEEK_OF_MONTH=4,DAY_OF_MONTH=21,DAY_OF_YEAR=80,DAY_OF_WEEK=4,DAY_OF_WEEK_IN_MONTH=3,AM_PM=1,HOUR=7,HOUR_OF_DAY=19,MINUTE=33,SECOND=15,MILLISECOND=129,ZONE_OFFSET=0,DST_OFFSET=0], message=null}
19:33:15.136 [main] DEBUG org.hibernate.SQL - insert into LogEntries (logCode, message, primaryUser, secondaryUser, time, id) values (?, ?, ?, ?, ?, ?)
Hibernate: insert into LogEntries (logCode, message, primaryUser, secondaryUser, time, id) values (?, ?, ?, ?, ?, ?)
19:33:15.138 [main] DEBUG o.h.e.j.internal.JdbcCoordinatorImpl - HHH000420: Closing un-released batch
19:33:15.139 [main] DEBUG o.h.e.t.internal.TransactionImpl - begin
19:33:15.140 [main] DEBUG org.hibernate.SQL - select next_val as id_val from hibernate_sequence for update
Hibernate: select next_val as id_val from hibernate_sequence for update
19:33:15.140 [main] DEBUG org.hibernate.SQL - update hibernate_sequence set next_val= ? where next_val=?
Hibernate: update hibernate_sequence set next_val= ? where next_val=?
19:33:15.141 [main] DEBUG o.h.e.i.AbstractSaveEventListener - Generated identifier: 350, using strategy: org.hibernate.id.enhanced.SequenceStyleGenerator
19:33:15.142 [main] DEBUG o.h.e.t.internal.TransactionImpl - committing
19:33:15.142 [main] DEBUG o.h.e.i.AbstractFlushingEventListener - Processing flush-time cascades
19:33:15.142 [main] DEBUG o.h.e.i.AbstractFlushingEventListener - Dirty checking collections
19:33:15.142 [main] DEBUG o.h.e.i.AbstractFlushingEventListener - Flushed: 1 insertions, 0 updates, 0 deletions to 1 objects
19:33:15.142 [main] DEBUG o.h.e.i.AbstractFlushingEventListener - Flushed: 0 (re)creations, 0 updates, 0 removals to 0 collections
19:33:15.142 [main] DEBUG o.h.internal.util.EntityPrinter - Listing entities:
19:33:15.142 [main] DEBUG o.h.internal.util.EntityPrinter - edu.ncsu.csc.itrust2.models.persistent.LogEntry{secondaryUser=null, logCode=5, primaryUser=logapitest, id=350, time=java.util.GregorianCalendar[time=1521660795139,areFieldsSet=true,areAllFieldsSet=true,lenient=true,zone=sun.util.calendar.ZoneInfo[id="Etc/UTC",offset=0,dstSavings=0,useDaylight=false,transitions=0,lastRule=null],firstDayOfWeek=1,minimalDaysInFirstWeek=1,ERA=1,YEAR=2018,MONTH=2,WEEK_OF_YEAR=12,WEEK_OF_MONTH=4,DAY_OF_MONTH=21,DAY_OF_YEAR=80,DAY_OF_WEEK=4,DAY_OF_WEEK_IN_MONTH=3,AM_PM=1,HOUR=7,HOUR_OF_DAY=19,MINUTE=33,SECOND=15,MILLISECOND=139,ZONE_OFFSET=0,DST_OFFSET=0], message=null}
19:33:15.142 [main] DEBUG org.hibernate.SQL - insert into LogEntries (logCode, message, primaryUser, secondaryUser, time, id) values (?, ?, ?, ?, ?, ?)
Hibernate: insert into LogEntries (logCode, message, primaryUser, secondaryUser, time, id) values (?, ?, ?, ?, ?, ?)
19:33:15.144 [main] DEBUG o.h.e.j.internal.JdbcCoordinatorImpl - HHH000420: Closing un-released batch
19:33:15.145 [main] DEBUG o.h.e.t.internal.TransactionImpl - begin
19:33:15.146 [main] DEBUG org.hibernate.SQL - select next_val as id_val from hibernate_sequence for update
Hibernate: select next_val as id_val from hibernate_sequence for update
19:33:15.147 [main] DEBUG org.hibernate.SQL - update hibernate_sequence set next_val= ? where next_val=?
Hibernate: update hibernate_sequence set next_val= ? where next_val=?
19:33:15.148 [main] DEBUG o.h.e.i.AbstractSaveEventListener - Generated identifier: 351, using strategy: org.hibernate.id.enhanced.SequenceStyleGenerator
19:33:15.149 [main] DEBUG o.h.e.t.internal.TransactionImpl - committing
19:33:15.149 [main] DEBUG o.h.e.i.AbstractFlushingEventListener - Processing flush-time cascades
19:33:15.149 [main] DEBUG o.h.e.i.AbstractFlushingEventListener - Dirty checking collections
19:33:15.149 [main] DEBUG o.h.e.i.AbstractFlushingEventListener - Flushed: 1 insertions, 0 updates, 0 deletions to 1 objects
19:33:15.149 [main] DEBUG o.h.e.i.AbstractFlushingEventListener - Flushed: 0 (re)creations, 0 updates, 0 removals to 0 collections
19:33:15.149 [main] DEBUG o.h.internal.util.EntityPrinter - Listing entities:
19:33:15.149 [main] DEBUG o.h.internal.util.EntityPrinter - edu.ncsu.csc.itrust2.models.persistent.LogEntry{secondaryUser=null, logCode=5, primaryUser=logapitest, id=351, time=java.util.GregorianCalendar[time=1521660795145,areFieldsSet=true,areAllFieldsSet=true,lenient=true,zone=sun.util.calendar.ZoneInfo[id="Etc/UTC",offset=0,dstSavings=0,useDaylight=false,transitions=0,lastRule=null],firstDayOfWeek=1,minimalDaysInFirstWeek=1,ERA=1,YEAR=2018,MONTH=2,WEEK_OF_YEAR=12,WEEK_OF_MONTH=4,DAY_OF_MONTH=21,DAY_OF_YEAR=80,DAY_OF_WEEK=4,DAY_OF_WEEK_IN_MONTH=3,AM_PM=1,HOUR=7,HOUR_OF_DAY=19,MINUTE=33,SECOND=15,MILLISECOND=145,ZONE_OFFSET=0,DST_OFFSET=0], message=null}
19:33:15.150 [main] DEBUG org.hibernate.SQL - insert into LogEntries (logCode, message, primaryUser, secondaryUser, time, id) values (?, ?, ?, ?, ?, ?)
Hibernate: insert into LogEntries (logCode, message, primaryUser, secondaryUser, time, id) values (?, ?, ?, ?, ?, ?)
19:33:15.155 [main] DEBUG o.h.e.j.internal.JdbcCoordinatorImpl - HHH000420: Closing un-released batch
19:33:15.156 [main] DEBUG o.h.e.t.internal.TransactionImpl - begin
19:33:15.157 [main] DEBUG org.hibernate.SQL - select next_val as id_val from hibernate_sequence for update
Hibernate: select next_val as id_val from hibernate_sequence for update
19:33:15.157 [main] DEBUG org.hibernate.SQL - update hibernate_sequence set next_val= ? where next_val=?
Hibernate: update hibernate_sequence set next_val= ? where next_val=?
19:33:15.159 [main] DEBUG o.h.e.i.AbstractSaveEventListener - Generated identifier: 352, using strategy: org.hibernate.id.enhanced.SequenceStyleGenerator
19:33:15.159 [main] DEBUG o.h.e.t.internal.TransactionImpl - committing
19:33:15.159 [main] DEBUG o.h.e.i.AbstractFlushingEventListener - Processing flush-time cascades
19:33:15.159 [main] DEBUG o.h.e.i.AbstractFlushingEventListener - Dirty checking collections
19:33:15.159 [main] DEBUG o.h.e.i.AbstractFlushingEventListener - Flushed: 1 insertions, 0 updates, 0 deletions to 1 objects
19:33:15.159 [main] DEBUG o.h.e.i.AbstractFlushingEventListener - Flushed: 0 (re)creations, 0 updates, 0 removals to 0 collections
19:33:15.160 [main] DEBUG o.h.internal.util.EntityPrinter - Listing entities:
19:33:15.160 [main] DEBUG o.h.internal.util.EntityPrinter - edu.ncsu.csc.itrust2.models.persistent.LogEntry{secondaryUser=null, logCode=5, primaryUser=logapitest, id=352, time=java.util.GregorianCalendar[time=1521660795155,areFieldsSet=true,areAllFieldsSet=true,lenient=true,zone=sun.util.calendar.ZoneInfo[id="Etc/UTC",offset=0,dstSavings=0,useDaylight=false,transitions=0,lastRule=null],firstDayOfWeek=1,minimalDaysInFirstWeek=1,ERA=1,YEAR=2018,MONTH=2,WEEK_OF_YEAR=12,WEEK_OF_MONTH=4,DAY_OF_MONTH=21,DAY_OF_YEAR=80,DAY_OF_WEEK=4,DAY_OF_WEEK_IN_MONTH=3,AM_PM=1,HOUR=7,HOUR_OF_DAY=19,MINUTE=33,SECOND=15,MILLISECOND=155,ZONE_OFFSET=0,DST_OFFSET=0], message=null}
19:33:15.160 [main] DEBUG org.hibernate.SQL - insert into LogEntries (logCode, message, primaryUser, secondaryUser, time, id) values (?, ?, ?, ?, ?, ?)
Hibernate: insert into LogEntries (logCode, message, primaryUser, secondaryUser, time, id) values (?, ?, ?, ?, ?, ?)
19:33:15.162 [main] DEBUG o.h.e.j.internal.JdbcCoordinatorImpl - HHH000420: Closing un-released batch
19:33:15.163 [main] DEBUG o.h.e.t.internal.TransactionImpl - begin
19:33:15.164 [main] DEBUG org.hibernate.SQL - select next_val as id_val from hibernate_sequence for update
Hibernate: select next_val as id_val from hibernate_sequence for update
19:33:15.165 [main] DEBUG org.hibernate.SQL - update hibernate_sequence set next_val= ? where next_val=?
Hibernate: update hibernate_sequence set next_val= ? where next_val=?
19:33:15.166 [main] DEBUG o.h.e.i.AbstractSaveEventListener - Generated identifier: 353, using strategy: org.hibernate.id.enhanced.SequenceStyleGenerator
19:33:15.166 [main] DEBUG o.h.e.t.internal.TransactionImpl - committing
19:33:15.167 [main] DEBUG o.h.e.i.AbstractFlushingEventListener - Processing flush-time cascades
19:33:15.167 [main] DEBUG o.h.e.i.AbstractFlushingEventListener - Dirty checking collections
19:33:15.168 [main] DEBUG o.h.e.i.AbstractFlushingEventListener - Flushed: 1 insertions, 0 updates, 0 deletions to 1 objects
19:33:15.168 [main] DEBUG o.h.e.i.AbstractFlushingEventListener - Flushed: 0 (re)creations, 0 updates, 0 removals to 0 collections
19:33:15.168 [main] DEBUG o.h.internal.util.EntityPrinter - Listing entities:
19:33:15.169 [main] DEBUG o.h.internal.util.EntityPrinter - edu.ncsu.csc.itrust2.models.persistent.LogEntry{secondaryUser=null, logCode=5, primaryUser=logapitest, id=353, time=java.util.GregorianCalendar[time=1521660795163,areFieldsSet=true,areAllFieldsSet=true,lenient=true,zone=sun.util.calendar.ZoneInfo[id="Etc/UTC",offset=0,dstSavings=0,useDaylight=false,transitions=0,lastRule=null],firstDayOfWeek=1,minimalDaysInFirstWeek=1,ERA=1,YEAR=2018,MONTH=2,WEEK_OF_YEAR=12,WEEK_OF_MONTH=4,DAY_OF_MONTH=21,DAY_OF_YEAR=80,DAY_OF_WEEK=4,DAY_OF_WEEK_IN_MONTH=3,AM_PM=1,HOUR=7,HOUR_OF_DAY=19,MINUTE=33,SECOND=15,MILLISECOND=163,ZONE_OFFSET=0,DST_OFFSET=0], message=null}
19:33:15.170 [main] DEBUG org.hibernate.SQL - insert into LogEntries (logCode, message, primaryUser, secondaryUser, time, id) values (?, ?, ?, ?, ?, ?)
Hibernate: insert into LogEntries (logCode, message, primaryUser, secondaryUser, time, id) values (?, ?, ?, ?, ?, ?)
19:33:15.172 [main] DEBUG o.h.e.j.internal.JdbcCoordinatorImpl - HHH000420: Closing un-released batch
19:33:15.183 [main] DEBUG o.h.e.t.internal.TransactionImpl - begin
19:33:15.185 [main] DEBUG org.hibernate.SQL - select next_val as id_val from hibernate_sequence for update
Hibernate: select next_val as id_val from hibernate_sequence for update
19:33:15.186 [main] DEBUG org.hibernate.SQL - update hibernate_sequence set next_val= ? where next_val=?
Hibernate: update hibernate_sequence set next_val= ? where next_val=?
19:33:15.189 [main] DEBUG o.h.e.i.AbstractSaveEventListener - Generated identifier: 354, using strategy: org.hibernate.id.enhanced.SequenceStyleGenerator
19:33:15.189 [main] DEBUG o.h.e.t.internal.TransactionImpl - committing
19:33:15.189 [main] DEBUG o.h.e.i.AbstractFlushingEventListener - Processing flush-time cascades
19:33:15.190 [main] DEBUG o.h.e.i.AbstractFlushingEventListener - Dirty checking collections
19:33:15.190 [main] DEBUG o.h.e.i.AbstractFlushingEventListener - Flushed: 1 insertions, 0 updates, 0 deletions to 1 objects
19:33:15.191 [main] DEBUG o.h.e.i.AbstractFlushingEventListener - Flushed: 0 (re)creations, 0 updates, 0 removals to 0 collections
19:33:15.191 [main] DEBUG o.h.internal.util.EntityPrinter - Listing entities:
19:33:15.191 [main] DEBUG o.h.internal.util.EntityPrinter - edu.ncsu.csc.itrust2.models.persistent.LogEntry{secondaryUser=null, logCode=5, primaryUser=logapitest, id=354, time=java.util.GregorianCalendar[time=1521660795183,areFieldsSet=true,areAllFieldsSet=true,lenient=true,zone=sun.util.calendar.ZoneInfo[id="Etc/UTC",offset=0,dstSavings=0,useDaylight=false,transitions=0,lastRule=null],firstDayOfWeek=1,minimalDaysInFirstWeek=1,ERA=1,YEAR=2018,MONTH=2,WEEK_OF_YEAR=12,WEEK_OF_MONTH=4,DAY_OF_MONTH=21,DAY_OF_YEAR=80,DAY_OF_WEEK=4,DAY_OF_WEEK_IN_MONTH=3,AM_PM=1,HOUR=7,HOUR_OF_DAY=19,MINUTE=33,SECOND=15,MILLISECOND=183,ZONE_OFFSET=0,DST_OFFSET=0], message=null}
19:33:15.194 [main] DEBUG org.hibernate.SQL - insert into LogEntries (logCode, message, primaryUser, secondaryUser, time, id) values (?, ?, ?, ?, ?, ?)
Hibernate: insert into LogEntries (logCode, message, primaryUser, secondaryUser, time, id) values (?, ?, ?, ?, ?, ?)
19:33:15.199 [main] DEBUG o.h.e.j.internal.JdbcCoordinatorImpl - HHH000420: Closing un-released batch
19:33:15.202 [main] DEBUG o.h.e.t.internal.TransactionImpl - begin
19:33:15.205 [main] DEBUG org.hibernate.SQL - select next_val as id_val from hibernate_sequence for update
Hibernate: select next_val as id_val from hibernate_sequence for update
19:33:15.206 [main] DEBUG org.hibernate.SQL - update hibernate_sequence set next_val= ? where next_val=?
Hibernate: update hibernate_sequence set next_val= ? where next_val=?
19:33:15.209 [main] DEBUG o.h.e.i.AbstractSaveEventListener - Generated identifier: 355, using strategy: org.hibernate.id.enhanced.SequenceStyleGenerator
19:33:15.210 [main] DEBUG o.h.e.t.internal.TransactionImpl - committing
19:33:15.210 [main] DEBUG o.h.e.i.AbstractFlushingEventListener - Processing flush-time cascades
19:33:15.211 [main] DEBUG o.h.e.i.AbstractFlushingEventListener - Dirty checking collections
19:33:15.211 [main] DEBUG o.h.e.i.AbstractFlushingEventListener - Flushed: 1 insertions, 0 updates, 0 deletions to 1 objects
19:33:15.211 [main] DEBUG o.h.e.i.AbstractFlushingEventListener - Flushed: 0 (re)creations, 0 updates, 0 removals to 0 collections
19:33:15.211 [main] DEBUG o.h.internal.util.EntityPrinter - Listing entities:
19:33:15.212 [main] DEBUG o.h.internal.util.EntityPrinter - edu.ncsu.csc.itrust2.models.persistent.LogEntry{secondaryUser=null, logCode=5, primaryUser=logapitest, id=355, time=java.util.GregorianCalendar[time=1521660795201,areFieldsSet=true,areAllFieldsSet=true,lenient=true,zone=sun.util.calendar.ZoneInfo[id="Etc/UTC",offset=0,dstSavings=0,useDaylight=false,transitions=0,lastRule=null],firstDayOfWeek=1,minimalDaysInFirstWeek=1,ERA=1,YEAR=2018,MONTH=2,WEEK_OF_YEAR=12,WEEK_OF_MONTH=4,DAY_OF_MONTH=21,DAY_OF_YEAR=80,DAY_OF_WEEK=4,DAY_OF_WEEK_IN_MONTH=3,AM_PM=1,HOUR=7,HOUR_OF_DAY=19,MINUTE=33,SECOND=15,MILLISECOND=201,ZONE_OFFSET=0,DST_OFFSET=0], message=null}
19:33:15.214 [main] DEBUG org.hibernate.SQL - insert into LogEntries (logCode, message, primaryUser, secondaryUser, time, id) values (?, ?, ?, ?, ?, ?)
Hibernate: insert into LogEntries (logCode, message, primaryUser, secondaryUser, time, id) values (?, ?, ?, ?, ?, ?)
19:33:15.221 [main] DEBUG o.h.e.j.internal.JdbcCoordinatorImpl - HHH000420: Closing un-released batch
19:33:15.222 [main] DEBUG o.h.e.t.internal.TransactionImpl - begin
19:33:15.223 [main] DEBUG org.hibernate.SQL - select next_val as id_val from hibernate_sequence for update
Hibernate: select next_val as id_val from hibernate_sequence for update
19:33:15.224 [main] DEBUG org.hibernate.SQL - update hibernate_sequence set next_val= ? where next_val=?
Hibernate: update hibernate_sequence set next_val= ? where next_val=?
19:33:15.227 [main] DEBUG o.h.e.i.AbstractSaveEventListener - Generated identifier: 356, using strategy: org.hibernate.id.enhanced.SequenceStyleGenerator
19:33:15.228 [main] DEBUG o.h.e.t.internal.TransactionImpl - committing
19:33:15.228 [main] DEBUG o.h.e.i.AbstractFlushingEventListener - Processing flush-time cascades
19:33:15.228 [main] DEBUG o.h.e.i.AbstractFlushingEventListener - Dirty checking collections
19:33:15.228 [main] DEBUG o.h.e.i.AbstractFlushingEventListener - Flushed: 1 insertions, 0 updates, 0 deletions to 1 objects
19:33:15.228 [main] DEBUG o.h.e.i.AbstractFlushingEventListener - Flushed: 0 (re)creations, 0 updates, 0 removals to 0 collections
19:33:15.228 [main] DEBUG o.h.internal.util.EntityPrinter - Listing entities:
19:33:15.228 [main] DEBUG o.h.internal.util.EntityPrinter - edu.ncsu.csc.itrust2.models.persistent.LogEntry{secondaryUser=null, logCode=5, primaryUser=logapitest, id=356, time=java.util.GregorianCalendar[time=1521660795222,areFieldsSet=true,areAllFieldsSet=true,lenient=true,zone=sun.util.calendar.ZoneInfo[id="Etc/UTC",offset=0,dstSavings=0,useDaylight=false,transitions=0,lastRule=null],firstDayOfWeek=1,minimalDaysInFirstWeek=1,ERA=1,YEAR=2018,MONTH=2,WEEK_OF_YEAR=12,WEEK_OF_MONTH=4,DAY_OF_MONTH=21,DAY_OF_YEAR=80,DAY_OF_WEEK=4,DAY_OF_WEEK_IN_MONTH=3,AM_PM=1,HOUR=7,HOUR_OF_DAY=19,MINUTE=33,SECOND=15,MILLISECOND=222,ZONE_OFFSET=0,DST_OFFSET=0], message=null}
19:33:15.229 [main] DEBUG org.hibernate.SQL - insert into LogEntries (logCode, message, primaryUser, secondaryUser, time, id) values (?, ?, ?, ?, ?, ?)
Hibernate: insert into LogEntries (logCode, message, primaryUser, secondaryUser, time, id) values (?, ?, ?, ?, ?, ?)
19:33:15.235 [main] DEBUG o.h.e.j.internal.JdbcCoordinatorImpl - HHH000420: Closing un-released batch
19:33:15.237 [main] DEBUG o.h.e.t.internal.TransactionImpl - begin
19:33:15.239 [main] DEBUG org.hibernate.SQL - select next_val as id_val from hibernate_sequence for update
Hibernate: select next_val as id_val from hibernate_sequence for update
19:33:15.239 [main] DEBUG org.hibernate.SQL - update hibernate_sequence set next_val= ? where next_val=?
Hibernate: update hibernate_sequence set next_val= ? where next_val=?
19:33:15.242 [main] DEBUG o.h.e.i.AbstractSaveEventListener - Generated identifier: 357, using strategy: org.hibernate.id.enhanced.SequenceStyleGenerator
19:33:15.243 [main] DEBUG o.h.e.t.internal.TransactionImpl - committing
19:33:15.243 [main] DEBUG o.h.e.i.AbstractFlushingEventListener - Processing flush-time cascades
19:33:15.244 [main] DEBUG o.h.e.i.AbstractFlushingEventListener - Dirty checking collections
19:33:15.244 [main] DEBUG o.h.e.i.AbstractFlushingEventListener - Flushed: 1 insertions, 0 updates, 0 deletions to 1 objects
19:33:15.244 [main] DEBUG o.h.e.i.AbstractFlushingEventListener - Flushed: 0 (re)creations, 0 updates, 0 removals to 0 collections
19:33:15.244 [main] DEBUG o.h.internal.util.EntityPrinter - Listing entities:
19:33:15.245 [main] DEBUG o.h.internal.util.EntityPrinter - edu.ncsu.csc.itrust2.models.persistent.LogEntry{secondaryUser=null, logCode=5, primaryUser=logapitest, id=357, time=java.util.GregorianCalendar[time=1521660795236,areFieldsSet=true,areAllFieldsSet=true,lenient=true,zone=sun.util.calendar.ZoneInfo[id="Etc/UTC",offset=0,dstSavings=0,useDaylight=false,transitions=0,lastRule=null],firstDayOfWeek=1,minimalDaysInFirstWeek=1,ERA=1,YEAR=2018,MONTH=2,WEEK_OF_YEAR=12,WEEK_OF_MONTH=4,DAY_OF_MONTH=21,DAY_OF_YEAR=80,DAY_OF_WEEK=4,DAY_OF_WEEK_IN_MONTH=3,AM_PM=1,HOUR=7,HOUR_OF_DAY=19,MINUTE=33,SECOND=15,MILLISECOND=236,ZONE_OFFSET=0,DST_OFFSET=0], message=null}
19:33:15.246 [main] DEBUG org.hibernate.SQL - insert into LogEntries (logCode, message, primaryUser, secondaryUser, time, id) values (?, ?, ?, ?, ?, ?)
Hibernate: insert into LogEntries (logCode, message, primaryUser, secondaryUser, time, id) values (?, ?, ?, ?, ?, ?)
19:33:15.250 [main] DEBUG o.h.e.j.internal.JdbcCoordinatorImpl - HHH000420: Closing un-released batch
19:33:15.250 [main] DEBUG o.h.e.t.internal.TransactionImpl - begin
19:33:15.252 [main] DEBUG org.hibernate.SQL - select next_val as id_val from hibernate_sequence for update
Hibernate: select next_val as id_val from hibernate_sequence for update
19:33:15.253 [main] DEBUG org.hibernate.SQL - update hibernate_sequence set next_val= ? where next_val=?
Hibernate: update hibernate_sequence set next_val= ? where next_val=?
19:33:15.255 [main] DEBUG o.h.e.i.AbstractSaveEventListener - Generated identifier: 358, using strategy: org.hibernate.id.enhanced.SequenceStyleGenerator
19:33:15.255 [main] DEBUG o.h.e.t.internal.TransactionImpl - committing
19:33:15.255 [main] DEBUG o.h.e.i.AbstractFlushingEventListener - Processing flush-time cascades
19:33:15.255 [main] DEBUG o.h.e.i.AbstractFlushingEventListener - Dirty checking collections
19:33:15.256 [main] DEBUG o.h.e.i.AbstractFlushingEventListener - Flushed: 1 insertions, 0 updates, 0 deletions to 1 objects
19:33:15.256 [main] DEBUG o.h.e.i.AbstractFlushingEventListener - Flushed: 0 (re)creations, 0 updates, 0 removals to 0 collections
19:33:15.256 [main] DEBUG o.h.internal.util.EntityPrinter - Listing entities:
19:33:15.256 [main] DEBUG o.h.internal.util.EntityPrinter - edu.ncsu.csc.itrust2.models.persistent.LogEntry{secondaryUser=null, logCode=5, primaryUser=logapitest, id=358, time=java.util.GregorianCalendar[time=1521660795250,areFieldsSet=true,areAllFieldsSet=true,lenient=true,zone=sun.util.calendar.ZoneInfo[id="Etc/UTC",offset=0,dstSavings=0,useDaylight=false,transitions=0,lastRule=null],firstDayOfWeek=1,minimalDaysInFirstWeek=1,ERA=1,YEAR=2018,MONTH=2,WEEK_OF_YEAR=12,WEEK_OF_MONTH=4,DAY_OF_MONTH=21,DAY_OF_YEAR=80,DAY_OF_WEEK=4,DAY_OF_WEEK_IN_MONTH=3,AM_PM=1,HOUR=7,HOUR_OF_DAY=19,MINUTE=33,SECOND=15,MILLISECOND=250,ZONE_OFFSET=0,DST_OFFSET=0], message=null}
19:33:15.257 [main] DEBUG org.hibernate.SQL - insert into LogEntries (logCode, message, primaryUser, secondaryUser, time, id) values (?, ?, ?, ?, ?, ?)
Hibernate: insert into LogEntries (logCode, message, primaryUser, secondaryUser, time, id) values (?, ?, ?, ?, ?, ?)
19:33:15.260 [main] DEBUG o.h.e.j.internal.JdbcCoordinatorImpl - HHH000420: Closing un-released batch
19:33:15.261 [main] DEBUG o.h.e.t.internal.TransactionImpl - begin
19:33:15.263 [main] DEBUG org.hibernate.SQL - select next_val as id_val from hibernate_sequence for update
Hibernate: select next_val as id_val from hibernate_sequence for update
19:33:15.264 [main] DEBUG org.hibernate.SQL - update hibernate_sequence set next_val= ? where next_val=?
Hibernate: update hibernate_sequence set next_val= ? where next_val=?
19:33:15.267 [main] DEBUG o.h.e.i.AbstractSaveEventListener - Generated identifier: 359, using strategy: org.hibernate.id.enhanced.SequenceStyleGenerator
19:33:15.268 [main] DEBUG o.h.e.t.internal.TransactionImpl - committing
19:33:15.268 [main] DEBUG o.h.e.i.AbstractFlushingEventListener - Processing flush-time cascades
19:33:15.268 [main] DEBUG o.h.e.i.AbstractFlushingEventListener - Dirty checking collections
19:33:15.269 [main] DEBUG o.h.e.i.AbstractFlushingEventListener - Flushed: 1 insertions, 0 updates, 0 deletions to 1 objects
19:33:15.269 [main] DEBUG o.h.e.i.AbstractFlushingEventListener - Flushed: 0 (re)creations, 0 updates, 0 removals to 0 collections
19:33:15.269 [main] DEBUG o.h.internal.util.EntityPrinter - Listing entities:
19:33:15.269 [main] DEBUG o.h.internal.util.EntityPrinter - edu.ncsu.csc.itrust2.models.persistent.LogEntry{secondaryUser=null, logCode=5, primaryUser=logapitest, id=359, time=java.util.GregorianCalendar[time=1521660795261,areFieldsSet=true,areAllFieldsSet=true,lenient=true,zone=sun.util.calendar.ZoneInfo[id="Etc/UTC",offset=0,dstSavings=0,useDaylight=false,transitions=0,lastRule=null],firstDayOfWeek=1,minimalDaysInFirstWeek=1,ERA=1,YEAR=2018,MONTH=2,WEEK_OF_YEAR=12,WEEK_OF_MONTH=4,DAY_OF_MONTH=21,DAY_OF_YEAR=80,DAY_OF_WEEK=4,DAY_OF_WEEK_IN_MONTH=3,AM_PM=1,HOUR=7,HOUR_OF_DAY=19,MINUTE=33,SECOND=15,MILLISECOND=261,ZONE_OFFSET=0,DST_OFFSET=0], message=null}
19:33:15.270 [main] DEBUG org.hibernate.SQL - insert into LogEntries (logCode, message, primaryUser, secondaryUser, time, id) values (?, ?, ?, ?, ?, ?)
Hibernate: insert into LogEntries (logCode, message, primaryUser, secondaryUser, time, id) values (?, ?, ?, ?, ?, ?)
19:33:15.277 [main] DEBUG o.h.e.j.internal.JdbcCoordinatorImpl - HHH000420: Closing un-released batch
19:33:15.277 [main] DEBUG o.h.e.t.internal.TransactionImpl - begin
19:33:15.278 [main] DEBUG org.hibernate.SQL - select next_val as id_val from hibernate_sequence for update
Hibernate: select next_val as id_val from hibernate_sequence for update
19:33:15.279 [main] DEBUG org.hibernate.SQL - update hibernate_sequence set next_val= ? where next_val=?
Hibernate: update hibernate_sequence set next_val= ? where next_val=?
19:33:15.280 [main] DEBUG o.h.e.i.AbstractSaveEventListener - Generated identifier: 360, using strategy: org.hibernate.id.enhanced.SequenceStyleGenerator
19:33:15.281 [main] DEBUG o.h.e.t.internal.TransactionImpl - committing
19:33:15.281 [main] DEBUG o.h.e.i.AbstractFlushingEventListener - Processing flush-time cascades
19:33:15.281 [main] DEBUG o.h.e.i.AbstractFlushingEventListener - Dirty checking collections
19:33:15.281 [main] DEBUG o.h.e.i.AbstractFlushingEventListener - Flushed: 1 insertions, 0 updates, 0 deletions to 1 objects
19:33:15.282 [main] DEBUG o.h.e.i.AbstractFlushingEventListener - Flushed: 0 (re)creations, 0 updates, 0 removals to 0 collections
19:33:15.282 [main] DEBUG o.h.internal.util.EntityPrinter - Listing entities:
19:33:15.282 [main] DEBUG o.h.internal.util.EntityPrinter - edu.ncsu.csc.itrust2.models.persistent.LogEntry{secondaryUser=null, logCode=5, primaryUser=logapitest, id=360, time=java.util.GregorianCalendar[time=1521660795277,areFieldsSet=true,areAllFieldsSet=true,lenient=true,zone=sun.util.calendar.ZoneInfo[id="Etc/UTC",offset=0,dstSavings=0,useDaylight=false,transitions=0,lastRule=null],firstDayOfWeek=1,minimalDaysInFirstWeek=1,ERA=1,YEAR=2018,MONTH=2,WEEK_OF_YEAR=12,WEEK_OF_MONTH=4,DAY_OF_MONTH=21,DAY_OF_YEAR=80,DAY_OF_WEEK=4,DAY_OF_WEEK_IN_MONTH=3,AM_PM=1,HOUR=7,HOUR_OF_DAY=19,MINUTE=33,SECOND=15,MILLISECOND=277,ZONE_OFFSET=0,DST_OFFSET=0], message=null}
19:33:15.283 [main] DEBUG org.hibernate.SQL - insert into LogEntries (logCode, message, primaryUser, secondaryUser, time, id) values (?, ?, ?, ?, ?, ?)
Hibernate: insert into LogEntries (logCode, message, primaryUser, secondaryUser, time, id) values (?, ?, ?, ?, ?, ?)
19:33:15.287 [main] DEBUG o.h.e.j.internal.JdbcCoordinatorImpl - HHH000420: Closing un-released batch
19:33:15.287 [main] DEBUG o.h.e.t.internal.TransactionImpl - begin
19:33:15.289 [main] DEBUG org.hibernate.SQL - select next_val as id_val from hibernate_sequence for update
Hibernate: select next_val as id_val from hibernate_sequence for update
19:33:15.290 [main] DEBUG org.hibernate.SQL - update hibernate_sequence set next_val= ? where next_val=?
Hibernate: update hibernate_sequence set next_val= ? where next_val=?
19:33:15.292 [main] DEBUG o.h.e.i.AbstractSaveEventListener - Generated identifier: 361, using strategy: org.hibernate.id.enhanced.SequenceStyleGenerator
19:33:15.293 [main] DEBUG o.h.e.t.internal.TransactionImpl - committing
19:33:15.293 [main] DEBUG o.h.e.i.AbstractFlushingEventListener - Processing flush-time cascades
19:33:15.293 [main] DEBUG o.h.e.i.AbstractFlushingEventListener - Dirty checking collections
19:33:15.294 [main] DEBUG o.h.e.i.AbstractFlushingEventListener - Flushed: 1 insertions, 0 updates, 0 deletions to 1 objects
19:33:15.294 [main] DEBUG o.h.e.i.AbstractFlushingEventListener - Flushed: 0 (re)creations, 0 updates, 0 removals to 0 collections
19:33:15.294 [main] DEBUG o.h.internal.util.EntityPrinter - Listing entities:
19:33:15.295 [main] DEBUG o.h.internal.util.EntityPrinter - edu.ncsu.csc.itrust2.models.persistent.LogEntry{secondaryUser=null, logCode=5, primaryUser=logapitest, id=361, time=java.util.GregorianCalendar[time=1521660795287,areFieldsSet=true,areAllFieldsSet=true,lenient=true,zone=sun.util.calendar.ZoneInfo[id="Etc/UTC",offset=0,dstSavings=0,useDaylight=false,transitions=0,lastRule=null],firstDayOfWeek=1,minimalDaysInFirstWeek=1,ERA=1,YEAR=2018,MONTH=2,WEEK_OF_YEAR=12,WEEK_OF_MONTH=4,DAY_OF_MONTH=21,DAY_OF_YEAR=80,DAY_OF_WEEK=4,DAY_OF_WEEK_IN_MONTH=3,AM_PM=1,HOUR=7,HOUR_OF_DAY=19,MINUTE=33,SECOND=15,MILLISECOND=287,ZONE_OFFSET=0,DST_OFFSET=0], message=null}
19:33:15.296 [main] DEBUG org.hibernate.SQL - insert into LogEntries (logCode, message, primaryUser, secondaryUser, time, id) values (?, ?, ?, ?, ?, ?)
Hibernate: insert into LogEntries (logCode, message, primaryUser, secondaryUser, time, id) values (?, ?, ?, ?, ?, ?)
19:33:15.306 [main] DEBUG o.h.e.j.internal.JdbcCoordinatorImpl - HHH000420: Closing un-released batch
19:33:15.307 [main] DEBUG o.h.e.t.internal.TransactionImpl - begin
19:33:15.307 [main] DEBUG org.hibernate.SQL - select next_val as id_val from hibernate_sequence for update
Hibernate: select next_val as id_val from hibernate_sequence for update
19:33:15.308 [main] DEBUG org.hibernate.SQL - update hibernate_sequence set next_val= ? where next_val=?
Hibernate: update hibernate_sequence set next_val= ? where next_val=?
19:33:15.309 [main] DEBUG o.h.e.i.AbstractSaveEventListener - Generated identifier: 362, using strategy: org.hibernate.id.enhanced.SequenceStyleGenerator
19:33:15.309 [main] DEBUG o.h.e.t.internal.TransactionImpl - committing
19:33:15.309 [main] DEBUG o.h.e.i.AbstractFlushingEventListener - Processing flush-time cascades
19:33:15.309 [main] DEBUG o.h.e.i.AbstractFlushingEventListener - Dirty checking collections
19:33:15.309 [main] DEBUG o.h.e.i.AbstractFlushingEventListener - Flushed: 1 insertions, 0 updates, 0 deletions to 1 objects
19:33:15.309 [main] DEBUG o.h.e.i.AbstractFlushingEventListener - Flushed: 0 (re)creations, 0 updates, 0 removals to 0 collections
19:33:15.310 [main] DEBUG o.h.internal.util.EntityPrinter - Listing entities:
19:33:15.310 [main] DEBUG o.h.internal.util.EntityPrinter - edu.ncsu.csc.itrust2.models.persistent.LogEntry{secondaryUser=null, logCode=5, primaryUser=logapitest, id=362, time=java.util.GregorianCalendar[time=1521660795306,areFieldsSet=true,areAllFieldsSet=true,lenient=true,zone=sun.util.calendar.ZoneInfo[id="Etc/UTC",offset=0,dstSavings=0,useDaylight=false,transitions=0,lastRule=null],firstDayOfWeek=1,minimalDaysInFirstWeek=1,ERA=1,YEAR=2018,MONTH=2,WEEK_OF_YEAR=12,WEEK_OF_MONTH=4,DAY_OF_MONTH=21,DAY_OF_YEAR=80,DAY_OF_WEEK=4,DAY_OF_WEEK_IN_MONTH=3,AM_PM=1,HOUR=7,HOUR_OF_DAY=19,MINUTE=33,SECOND=15,MILLISECOND=306,ZONE_OFFSET=0,DST_OFFSET=0], message=null}
19:33:15.310 [main] DEBUG org.hibernate.SQL - insert into LogEntries (logCode, message, primaryUser, secondaryUser, time, id) values (?, ?, ?, ?, ?, ?)
Hibernate: insert into LogEntries (logCode, message, primaryUser, secondaryUser, time, id) values (?, ?, ?, ?, ?, ?)
19:33:15.312 [main] DEBUG o.h.e.j.internal.JdbcCoordinatorImpl - HHH000420: Closing un-released batch
19:33:15.313 [main] DEBUG o.h.e.t.internal.TransactionImpl - begin
19:33:15.313 [main] DEBUG org.hibernate.SQL - select next_val as id_val from hibernate_sequence for update
Hibernate: select next_val as id_val from hibernate_sequence for update
19:33:15.314 [main] DEBUG org.hibernate.SQL - update hibernate_sequence set next_val= ? where next_val=?
Hibernate: update hibernate_sequence set next_val= ? where next_val=?
19:33:15.317 [main] DEBUG o.h.e.i.AbstractSaveEventListener - Generated identifier: 363, using strategy: org.hibernate.id.enhanced.SequenceStyleGenerator
19:33:15.317 [main] DEBUG o.h.e.t.internal.TransactionImpl - committing
19:33:15.317 [main] DEBUG o.h.e.i.AbstractFlushingEventListener - Processing flush-time cascades
19:33:15.317 [main] DEBUG o.h.e.i.AbstractFlushingEventListener - Dirty checking collections
19:33:15.318 [main] DEBUG o.h.e.i.AbstractFlushingEventListener - Flushed: 1 insertions, 0 updates, 0 deletions to 1 objects
19:33:15.318 [main] DEBUG o.h.e.i.AbstractFlushingEventListener - Flushed: 0 (re)creations, 0 updates, 0 removals to 0 collections
19:33:15.318 [main] DEBUG o.h.internal.util.EntityPrinter - Listing entities:
19:33:15.318 [main] DEBUG o.h.internal.util.EntityPrinter - edu.ncsu.csc.itrust2.models.persistent.LogEntry{secondaryUser=null, logCode=5, primaryUser=logapitest, id=363, time=java.util.GregorianCalendar[time=1521660795312,areFieldsSet=true,areAllFieldsSet=true,lenient=true,zone=sun.util.calendar.ZoneInfo[id="Etc/UTC",offset=0,dstSavings=0,useDaylight=false,transitions=0,lastRule=null],firstDayOfWeek=1,minimalDaysInFirstWeek=1,ERA=1,YEAR=2018,MONTH=2,WEEK_OF_YEAR=12,WEEK_OF_MONTH=4,DAY_OF_MONTH=21,DAY_OF_YEAR=80,DAY_OF_WEEK=4,DAY_OF_WEEK_IN_MONTH=3,AM_PM=1,HOUR=7,HOUR_OF_DAY=19,MINUTE=33,SECOND=15,MILLISECOND=312,ZONE_OFFSET=0,DST_OFFSET=0], message=null}
19:33:15.318 [main] DEBUG org.hibernate.SQL - insert into LogEntries (logCode, message, primaryUser, secondaryUser, time, id) values (?, ?, ?, ?, ?, ?)
Hibernate: insert into LogEntries (logCode, message, primaryUser, secondaryUser, time, id) values (?, ?, ?, ?, ?, ?)
19:33:15.320 [main] DEBUG o.h.e.j.internal.JdbcCoordinatorImpl - HHH000420: Closing un-released batch
19:33:15.321 [main] DEBUG o.h.e.t.internal.TransactionImpl - begin
19:33:15.321 [main] DEBUG org.hibernate.SQL - select next_val as id_val from hibernate_sequence for update
Hibernate: select next_val as id_val from hibernate_sequence for update
19:33:15.322 [main] DEBUG org.hibernate.SQL - update hibernate_sequence set next_val= ? where next_val=?
Hibernate: update hibernate_sequence set next_val= ? where next_val=?
19:33:15.323 [main] DEBUG o.h.e.i.AbstractSaveEventListener - Generated identifier: 364, using strategy: org.hibernate.id.enhanced.SequenceStyleGenerator
19:33:15.323 [main] DEBUG o.h.e.t.internal.TransactionImpl - committing
19:33:15.324 [main] DEBUG o.h.e.i.AbstractFlushingEventListener - Processing flush-time cascades
19:33:15.324 [main] DEBUG o.h.e.i.AbstractFlushingEventListener - Dirty checking collections
19:33:15.324 [main] DEBUG o.h.e.i.AbstractFlushingEventListener - Flushed: 1 insertions, 0 updates, 0 deletions to 1 objects
19:33:15.324 [main] DEBUG o.h.e.i.AbstractFlushingEventListener - Flushed: 0 (re)creations, 0 updates, 0 removals to 0 collections
19:33:15.324 [main] DEBUG o.h.internal.util.EntityPrinter - Listing entities:
19:33:15.324 [main] DEBUG o.h.internal.util.EntityPrinter - edu.ncsu.csc.itrust2.models.persistent.LogEntry{secondaryUser=null, logCode=5, primaryUser=logapitest, id=364, time=java.util.GregorianCalendar[time=1521660795321,areFieldsSet=true,areAllFieldsSet=true,lenient=true,zone=sun.util.calendar.ZoneInfo[id="Etc/UTC",offset=0,dstSavings=0,useDaylight=false,transitions=0,lastRule=null],firstDayOfWeek=1,minimalDaysInFirstWeek=1,ERA=1,YEAR=2018,MONTH=2,WEEK_OF_YEAR=12,WEEK_OF_MONTH=4,DAY_OF_MONTH=21,DAY_OF_YEAR=80,DAY_OF_WEEK=4,DAY_OF_WEEK_IN_MONTH=3,AM_PM=1,HOUR=7,HOUR_OF_DAY=19,MINUTE=33,SECOND=15,MILLISECOND=321,ZONE_OFFSET=0,DST_OFFSET=0], message=null}
19:33:15.324 [main] DEBUG org.hibernate.SQL - insert into LogEntries (logCode, message, primaryUser, secondaryUser, time, id) values (?, ?, ?, ?, ?, ?)
Hibernate: insert into LogEntries (logCode, message, primaryUser, secondaryUser, time, id) values (?, ?, ?, ?, ?, ?)
19:33:15.326 [main] DEBUG o.h.e.j.internal.JdbcCoordinatorImpl - HHH000420: Closing un-released batch
19:33:15.327 [main] DEBUG o.h.e.t.internal.TransactionImpl - begin
19:33:15.328 [main] DEBUG org.hibernate.SQL - select next_val as id_val from hibernate_sequence for update
Hibernate: select next_val as id_val from hibernate_sequence for update
19:33:15.328 [main] DEBUG org.hibernate.SQL - update hibernate_sequence set next_val= ? where next_val=?
Hibernate: update hibernate_sequence set next_val= ? where next_val=?
19:33:15.329 [main] DEBUG o.h.e.i.AbstractSaveEventListener - Generated identifier: 365, using strategy: org.hibernate.id.enhanced.SequenceStyleGenerator
19:33:15.330 [main] DEBUG o.h.e.t.internal.TransactionImpl - committing
19:33:15.330 [main] DEBUG o.h.e.i.AbstractFlushingEventListener - Processing flush-time cascades
19:33:15.330 [main] DEBUG o.h.e.i.AbstractFlushingEventListener - Dirty checking collections
19:33:15.330 [main] DEBUG o.h.e.i.AbstractFlushingEventListener - Flushed: 1 insertions, 0 updates, 0 deletions to 1 objects
19:33:15.330 [main] DEBUG o.h.e.i.AbstractFlushingEventListener - Flushed: 0 (re)creations, 0 updates, 0 removals to 0 collections
19:33:15.330 [main] DEBUG o.h.internal.util.EntityPrinter - Listing entities:
19:33:15.330 [main] DEBUG o.h.internal.util.EntityPrinter - edu.ncsu.csc.itrust2.models.persistent.LogEntry{secondaryUser=null, logCode=5, primaryUser=logapitest, id=365, time=java.util.GregorianCalendar[time=1521660795327,areFieldsSet=true,areAllFieldsSet=true,lenient=true,zone=sun.util.calendar.ZoneInfo[id="Etc/UTC",offset=0,dstSavings=0,useDaylight=false,transitions=0,lastRule=null],firstDayOfWeek=1,minimalDaysInFirstWeek=1,ERA=1,YEAR=2018,MONTH=2,WEEK_OF_YEAR=12,WEEK_OF_MONTH=4,DAY_OF_MONTH=21,DAY_OF_YEAR=80,DAY_OF_WEEK=4,DAY_OF_WEEK_IN_MONTH=3,AM_PM=1,HOUR=7,HOUR_OF_DAY=19,MINUTE=33,SECOND=15,MILLISECOND=327,ZONE_OFFSET=0,DST_OFFSET=0], message=null}
19:33:15.330 [main] DEBUG org.hibernate.SQL - insert into LogEntries (logCode, message, primaryUser, secondaryUser, time, id) values (?, ?, ?, ?, ?, ?)
Hibernate: insert into LogEntries (logCode, message, primaryUser, secondaryUser, time, id) values (?, ?, ?, ?, ?, ?)
19:33:15.332 [main] DEBUG o.h.e.j.internal.JdbcCoordinatorImpl - HHH000420: Closing un-released batch
19:33:15.332 [main] DEBUG o.h.e.t.internal.TransactionImpl - begin
19:33:15.333 [main] DEBUG org.hibernate.SQL - select next_val as id_val from hibernate_sequence for update
Hibernate: select next_val as id_val from hibernate_sequence for update
19:33:15.334 [main] DEBUG org.hibernate.SQL - update hibernate_sequence set next_val= ? where next_val=?
Hibernate: update hibernate_sequence set next_val= ? where next_val=?
19:33:15.335 [main] DEBUG o.h.e.i.AbstractSaveEventListener - Generated identifier: 366, using strategy: org.hibernate.id.enhanced.SequenceStyleGenerator
19:33:15.335 [main] DEBUG o.h.e.t.internal.TransactionImpl - committing
19:33:15.335 [main] DEBUG o.h.e.i.AbstractFlushingEventListener - Processing flush-time cascades
19:33:15.335 [main] DEBUG o.h.e.i.AbstractFlushingEventListener - Dirty checking collections
19:33:15.335 [main] DEBUG o.h.e.i.AbstractFlushingEventListener - Flushed: 1 insertions, 0 updates, 0 deletions to 1 objects
19:33:15.335 [main] DEBUG o.h.e.i.AbstractFlushingEventListener - Flushed: 0 (re)creations, 0 updates, 0 removals to 0 collections
19:33:15.335 [main] DEBUG o.h.internal.util.EntityPrinter - Listing entities:
19:33:15.336 [main] DEBUG o.h.internal.util.EntityPrinter - edu.ncsu.csc.itrust2.models.persistent.LogEntry{secondaryUser=null, logCode=5, primaryUser=logapitest, id=366, time=java.util.GregorianCalendar[time=1521660795332,areFieldsSet=true,areAllFieldsSet=true,lenient=true,zone=sun.util.calendar.ZoneInfo[id="Etc/UTC",offset=0,dstSavings=0,useDaylight=false,transitions=0,lastRule=null],firstDayOfWeek=1,minimalDaysInFirstWeek=1,ERA=1,YEAR=2018,MONTH=2,WEEK_OF_YEAR=12,WEEK_OF_MONTH=4,DAY_OF_MONTH=21,DAY_OF_YEAR=80,DAY_OF_WEEK=4,DAY_OF_WEEK_IN_MONTH=3,AM_PM=1,HOUR=7,HOUR_OF_DAY=19,MINUTE=33,SECOND=15,MILLISECOND=332,ZONE_OFFSET=0,DST_OFFSET=0], message=null}
19:33:15.342 [main] DEBUG org.hibernate.SQL - insert into LogEntries (logCode, message, primaryUser, secondaryUser, time, id) values (?, ?, ?, ?, ?, ?)
Hibernate: insert into LogEntries (logCode, message, primaryUser, secondaryUser, time, id) values (?, ?, ?, ?, ?, ?)
19:33:15.347 [main] DEBUG o.h.e.j.internal.JdbcCoordinatorImpl - HHH000420: Closing un-released batch
19:33:15.348 [main] DEBUG o.h.e.t.internal.TransactionImpl - begin
19:33:15.349 [main] DEBUG org.hibernate.SQL - select next_val as id_val from hibernate_sequence for update
Hibernate: select next_val as id_val from hibernate_sequence for update
19:33:15.350 [main] DEBUG org.hibernate.SQL - update hibernate_sequence set next_val= ? where next_val=?
Hibernate: update hibernate_sequence set next_val= ? where next_val=?
19:33:15.351 [main] DEBUG o.h.e.i.AbstractSaveEventListener - Generated identifier: 367, using strategy: org.hibernate.id.enhanced.SequenceStyleGenerator
19:33:15.352 [main] DEBUG o.h.e.t.internal.TransactionImpl - committing
19:33:15.352 [main] DEBUG o.h.e.i.AbstractFlushingEventListener - Processing flush-time cascades
19:33:15.352 [main] DEBUG o.h.e.i.AbstractFlushingEventListener - Dirty checking collections
19:33:15.353 [main] DEBUG o.h.e.i.AbstractFlushingEventListener - Flushed: 1 insertions, 0 updates, 0 deletions to 1 objects
19:33:15.353 [main] DEBUG o.h.e.i.AbstractFlushingEventListener - Flushed: 0 (re)creations, 0 updates, 0 removals to 0 collections
19:33:15.353 [main] DEBUG o.h.internal.util.EntityPrinter - Listing entities:
19:33:15.353 [main] DEBUG o.h.internal.util.EntityPrinter - edu.ncsu.csc.itrust2.models.persistent.LogEntry{secondaryUser=null, logCode=5, primaryUser=logapitest, id=367, time=java.util.GregorianCalendar[time=1521660795348,areFieldsSet=true,areAllFieldsSet=true,lenient=true,zone=sun.util.calendar.ZoneInfo[id="Etc/UTC",offset=0,dstSavings=0,useDaylight=false,transitions=0,lastRule=null],firstDayOfWeek=1,minimalDaysInFirstWeek=1,ERA=1,YEAR=2018,MONTH=2,WEEK_OF_YEAR=12,WEEK_OF_MONTH=4,DAY_OF_MONTH=21,DAY_OF_YEAR=80,DAY_OF_WEEK=4,DAY_OF_WEEK_IN_MONTH=3,AM_PM=1,HOUR=7,HOUR_OF_DAY=19,MINUTE=33,SECOND=15,MILLISECOND=348,ZONE_OFFSET=0,DST_OFFSET=0], message=null}
19:33:15.353 [main] DEBUG org.hibernate.SQL - insert into LogEntries (logCode, message, primaryUser, secondaryUser, time, id) values (?, ?, ?, ?, ?, ?)
Hibernate: insert into LogEntries (logCode, message, primaryUser, secondaryUser, time, id) values (?, ?, ?, ?, ?, ?)
19:33:15.355 [main] DEBUG o.h.e.j.internal.JdbcCoordinatorImpl - HHH000420: Closing un-released batch
19:33:15.355 [main] DEBUG o.h.e.t.internal.TransactionImpl - begin
19:33:15.356 [main] DEBUG org.hibernate.SQL - select next_val as id_val from hibernate_sequence for update
Hibernate: select next_val as id_val from hibernate_sequence for update
19:33:15.356 [main] DEBUG org.hibernate.SQL - update hibernate_sequence set next_val= ? where next_val=?
Hibernate: update hibernate_sequence set next_val= ? where next_val=?
19:33:15.357 [main] DEBUG o.h.e.i.AbstractSaveEventListener - Generated identifier: 368, using strategy: org.hibernate.id.enhanced.SequenceStyleGenerator
19:33:15.357 [main] DEBUG o.h.e.t.internal.TransactionImpl - committing
19:33:15.358 [main] DEBUG o.h.e.i.AbstractFlushingEventListener - Processing flush-time cascades
19:33:15.358 [main] DEBUG o.h.e.i.AbstractFlushingEventListener - Dirty checking collections
19:33:15.358 [main] DEBUG o.h.e.i.AbstractFlushingEventListener - Flushed: 1 insertions, 0 updates, 0 deletions to 1 objects
19:33:15.358 [main] DEBUG o.h.e.i.AbstractFlushingEventListener - Flushed: 0 (re)creations, 0 updates, 0 removals to 0 collections
19:33:15.358 [main] DEBUG o.h.internal.util.EntityPrinter - Listing entities:
19:33:15.359 [main] DEBUG o.h.internal.util.EntityPrinter - edu.ncsu.csc.itrust2.models.persistent.LogEntry{secondaryUser=null, logCode=5, primaryUser=logapitest, id=368, time=java.util.GregorianCalendar[time=1521660795355,areFieldsSet=true,areAllFieldsSet=true,lenient=true,zone=sun.util.calendar.ZoneInfo[id="Etc/UTC",offset=0,dstSavings=0,useDaylight=false,transitions=0,lastRule=null],firstDayOfWeek=1,minimalDaysInFirstWeek=1,ERA=1,YEAR=2018,MONTH=2,WEEK_OF_YEAR=12,WEEK_OF_MONTH=4,DAY_OF_MONTH=21,DAY_OF_YEAR=80,DAY_OF_WEEK=4,DAY_OF_WEEK_IN_MONTH=3,AM_PM=1,HOUR=7,HOUR_OF_DAY=19,MINUTE=33,SECOND=15,MILLISECOND=355,ZONE_OFFSET=0,DST_OFFSET=0], message=null}
19:33:15.359 [main] DEBUG org.hibernate.SQL - insert into LogEntries (logCode, message, primaryUser, secondaryUser, time, id) values (?, ?, ?, ?, ?, ?)
Hibernate: insert into LogEntries (logCode, message, primaryUser, secondaryUser, time, id) values (?, ?, ?, ?, ?, ?)
19:33:15.364 [main] DEBUG o.h.e.j.internal.JdbcCoordinatorImpl - HHH000420: Closing un-released batch
19:33:15.365 [main] DEBUG o.h.e.t.internal.TransactionImpl - begin
19:33:15.366 [main] DEBUG org.hibernate.SQL - select next_val as id_val from hibernate_sequence for update
Hibernate: select next_val as id_val from hibernate_sequence for update
19:33:15.366 [main] DEBUG org.hibernate.SQL - update hibernate_sequence set next_val= ? where next_val=?
Hibernate: update hibernate_sequence set next_val= ? where next_val=?
19:33:15.368 [main] DEBUG o.h.e.i.AbstractSaveEventListener - Generated identifier: 369, using strategy: org.hibernate.id.enhanced.SequenceStyleGenerator
19:33:15.368 [main] DEBUG o.h.e.t.internal.TransactionImpl - committing
19:33:15.369 [main] DEBUG o.h.e.i.AbstractFlushingEventListener - Processing flush-time cascades
19:33:15.369 [main] DEBUG o.h.e.i.AbstractFlushingEventListener - Dirty checking collections
19:33:15.369 [main] DEBUG o.h.e.i.AbstractFlushingEventListener - Flushed: 1 insertions, 0 updates, 0 deletions to 1 objects
19:33:15.369 [main] DEBUG o.h.e.i.AbstractFlushingEventListener - Flushed: 0 (re)creations, 0 updates, 0 removals to 0 collections
19:33:15.369 [main] DEBUG o.h.internal.util.EntityPrinter - Listing entities:
19:33:15.369 [main] DEBUG o.h.internal.util.EntityPrinter - edu.ncsu.csc.itrust2.models.persistent.LogEntry{secondaryUser=null, logCode=5, primaryUser=logapitest, id=369, time=java.util.GregorianCalendar[time=1521660795365,areFieldsSet=true,areAllFieldsSet=true,lenient=true,zone=sun.util.calendar.ZoneInfo[id="Etc/UTC",offset=0,dstSavings=0,useDaylight=false,transitions=0,lastRule=null],firstDayOfWeek=1,minimalDaysInFirstWeek=1,ERA=1,YEAR=2018,MONTH=2,WEEK_OF_YEAR=12,WEEK_OF_MONTH=4,DAY_OF_MONTH=21,DAY_OF_YEAR=80,DAY_OF_WEEK=4,DAY_OF_WEEK_IN_MONTH=3,AM_PM=1,HOUR=7,HOUR_OF_DAY=19,MINUTE=33,SECOND=15,MILLISECOND=365,ZONE_OFFSET=0,DST_OFFSET=0], message=null}
19:33:15.370 [main] DEBUG org.hibernate.SQL - insert into LogEntries (logCode, message, primaryUser, secondaryUser, time, id) values (?, ?, ?, ?, ?, ?)
Hibernate: insert into LogEntries (logCode, message, primaryUser, secondaryUser, time, id) values (?, ?, ?, ?, ?, ?)
19:33:15.374 [main] DEBUG o.h.e.j.internal.JdbcCoordinatorImpl - HHH000420: Closing un-released batch
19:33:15.381 [main] DEBUG o.h.e.t.internal.TransactionImpl - begin
19:33:15.383 [main] DEBUG org.hibernate.SQL - select next_val as id_val from hibernate_sequence for update
Hibernate: select next_val as id_val from hibernate_sequence for update
19:33:15.384 [main] DEBUG org.hibernate.SQL - update hibernate_sequence set next_val= ? where next_val=?
Hibernate: update hibernate_sequence set next_val= ? where next_val=?
19:33:15.388 [main] DEBUG o.h.e.i.AbstractSaveEventListener - Generated identifier: 370, using strategy: org.hibernate.id.enhanced.SequenceStyleGenerator
19:33:15.388 [main] DEBUG o.h.e.t.internal.TransactionImpl - committing
19:33:15.388 [main] DEBUG o.h.e.i.AbstractFlushingEventListener - Processing flush-time cascades
19:33:15.388 [main] DEBUG o.h.e.i.AbstractFlushingEventListener - Dirty checking collections
19:33:15.389 [main] DEBUG o.h.e.i.AbstractFlushingEventListener - Flushed: 1 insertions, 0 updates, 0 deletions to 1 objects
19:33:15.389 [main] DEBUG o.h.e.i.AbstractFlushingEventListener - Flushed: 0 (re)creations, 0 updates, 0 removals to 0 collections
19:33:15.389 [main] DEBUG o.h.internal.util.EntityPrinter - Listing entities:
19:33:15.389 [main] DEBUG o.h.internal.util.EntityPrinter - edu.ncsu.csc.itrust2.models.persistent.LogEntry{secondaryUser=null, logCode=5, primaryUser=logapitest, id=370, time=java.util.GregorianCalendar[time=1521660795375,areFieldsSet=true,areAllFieldsSet=true,lenient=true,zone=sun.util.calendar.ZoneInfo[id="Etc/UTC",offset=0,dstSavings=0,useDaylight=false,transitions=0,lastRule=null],firstDayOfWeek=1,minimalDaysInFirstWeek=1,ERA=1,YEAR=2018,MONTH=2,WEEK_OF_YEAR=12,WEEK_OF_MONTH=4,DAY_OF_MONTH=21,DAY_OF_YEAR=80,DAY_OF_WEEK=4,DAY_OF_WEEK_IN_MONTH=3,AM_PM=1,HOUR=7,HOUR_OF_DAY=19,MINUTE=33,SECOND=15,MILLISECOND=375,ZONE_OFFSET=0,DST_OFFSET=0], message=null}
19:33:15.393 [main] DEBUG org.hibernate.SQL - insert into LogEntries (logCode, message, primaryUser, secondaryUser, time, id) values (?, ?, ?, ?, ?, ?)
Hibernate: insert into LogEntries (logCode, message, primaryUser, secondaryUser, time, id) values (?, ?, ?, ?, ?, ?)
19:33:15.402 [main] DEBUG o.h.e.j.internal.JdbcCoordinatorImpl - HHH000420: Closing un-released batch
19:33:15.403 [main] DEBUG o.h.e.t.internal.TransactionImpl - begin
19:33:15.406 [main] DEBUG org.hibernate.SQL - select next_val as id_val from hibernate_sequence for update
Hibernate: select next_val as id_val from hibernate_sequence for update
19:33:15.408 [main] DEBUG org.hibernate.SQL - update hibernate_sequence set next_val= ? where next_val=?
Hibernate: update hibernate_sequence set next_val= ? where next_val=?
19:33:15.410 [main] DEBUG o.h.e.i.AbstractSaveEventListener - Generated identifier: 371, using strategy: org.hibernate.id.enhanced.SequenceStyleGenerator
19:33:15.412 [main] DEBUG o.h.e.t.internal.TransactionImpl - committing
19:33:15.412 [main] DEBUG o.h.e.i.AbstractFlushingEventListener - Processing flush-time cascades
19:33:15.412 [main] DEBUG o.h.e.i.AbstractFlushingEventListener - Dirty checking collections
19:33:15.413 [main] DEBUG o.h.e.i.AbstractFlushingEventListener - Flushed: 1 insertions, 0 updates, 0 deletions to 1 objects
19:33:15.414 [main] DEBUG o.h.e.i.AbstractFlushingEventListener - Flushed: 0 (re)creations, 0 updates, 0 removals to 0 collections
19:33:15.414 [main] DEBUG o.h.internal.util.EntityPrinter - Listing entities:
19:33:15.415 [main] DEBUG o.h.internal.util.EntityPrinter - edu.ncsu.csc.itrust2.models.persistent.LogEntry{secondaryUser=null, logCode=5, primaryUser=logapitest, id=371, time=java.util.GregorianCalendar[time=1521660795403,areFieldsSet=true,areAllFieldsSet=true,lenient=true,zone=sun.util.calendar.ZoneInfo[id="Etc/UTC",offset=0,dstSavings=0,useDaylight=false,transitions=0,lastRule=null],firstDayOfWeek=1,minimalDaysInFirstWeek=1,ERA=1,YEAR=2018,MONTH=2,WEEK_OF_YEAR=12,WEEK_OF_MONTH=4,DAY_OF_MONTH=21,DAY_OF_YEAR=80,DAY_OF_WEEK=4,DAY_OF_WEEK_IN_MONTH=3,AM_PM=1,HOUR=7,HOUR_OF_DAY=19,MINUTE=33,SECOND=15,MILLISECOND=403,ZONE_OFFSET=0,DST_OFFSET=0], message=null}
19:33:15.418 [main] DEBUG org.hibernate.SQL - insert into LogEntries (logCode, message, primaryUser, secondaryUser, time, id) values (?, ?, ?, ?, ?, ?)
Hibernate: insert into LogEntries (logCode, message, primaryUser, secondaryUser, time, id) values (?, ?, ?, ?, ?, ?)
19:33:15.423 [main] DEBUG o.h.e.j.internal.JdbcCoordinatorImpl - HHH000420: Closing un-released batch
19:33:15.425 [main] DEBUG o.h.e.t.internal.TransactionImpl - begin
19:33:15.427 [main] DEBUG org.hibernate.SQL - select next_val as id_val from hibernate_sequence for update
Hibernate: select next_val as id_val from hibernate_sequence for update
19:33:15.429 [main] DEBUG org.hibernate.SQL - update hibernate_sequence set next_val= ? where next_val=?
Hibernate: update hibernate_sequence set next_val= ? where next_val=?
19:33:15.435 [main] DEBUG o.h.e.i.AbstractSaveEventListener - Generated identifier: 372, using strategy: org.hibernate.id.enhanced.SequenceStyleGenerator
19:33:15.436 [main] DEBUG o.h.e.t.internal.TransactionImpl - committing
19:33:15.436 [main] DEBUG o.h.e.i.AbstractFlushingEventListener - Processing flush-time cascades
19:33:15.436 [main] DEBUG o.h.e.i.AbstractFlushingEventListener - Dirty checking collections
19:33:15.437 [main] DEBUG o.h.e.i.AbstractFlushingEventListener - Flushed: 1 insertions, 0 updates, 0 deletions to 1 objects
19:33:15.437 [main] DEBUG o.h.e.i.AbstractFlushingEventListener - Flushed: 0 (re)creations, 0 updates, 0 removals to 0 collections
19:33:15.437 [main] DEBUG o.h.internal.util.EntityPrinter - Listing entities:
19:33:15.438 [main] DEBUG o.h.internal.util.EntityPrinter - edu.ncsu.csc.itrust2.models.persistent.LogEntry{secondaryUser=null, logCode=5, primaryUser=logapitest, id=372, time=java.util.GregorianCalendar[time=1521660795424,areFieldsSet=true,areAllFieldsSet=true,lenient=true,zone=sun.util.calendar.ZoneInfo[id="Etc/UTC",offset=0,dstSavings=0,useDaylight=false,transitions=0,lastRule=null],firstDayOfWeek=1,minimalDaysInFirstWeek=1,ERA=1,YEAR=2018,MONTH=2,WEEK_OF_YEAR=12,WEEK_OF_MONTH=4,DAY_OF_MONTH=21,DAY_OF_YEAR=80,DAY_OF_WEEK=4,DAY_OF_WEEK_IN_MONTH=3,AM_PM=1,HOUR=7,HOUR_OF_DAY=19,MINUTE=33,SECOND=15,MILLISECOND=424,ZONE_OFFSET=0,DST_OFFSET=0], message=null}
19:33:15.441 [main] DEBUG org.hibernate.SQL - insert into LogEntries (logCode, message, primaryUser, secondaryUser, time, id) values (?, ?, ?, ?, ?, ?)
Hibernate: insert into LogEntries (logCode, message, primaryUser, secondaryUser, time, id) values (?, ?, ?, ?, ?, ?)
19:33:15.444 [main] DEBUG o.h.e.j.internal.JdbcCoordinatorImpl - HHH000420: Closing un-released batch
19:33:15.446 [main] DEBUG o.h.e.t.internal.TransactionImpl - begin
19:33:15.448 [main] DEBUG org.hibernate.SQL - select next_val as id_val from hibernate_sequence for update
Hibernate: select next_val as id_val from hibernate_sequence for update
19:33:15.449 [main] DEBUG org.hibernate.SQL - update hibernate_sequence set next_val= ? where next_val=?
Hibernate: update hibernate_sequence set next_val= ? where next_val=?
19:33:15.451 [main] DEBUG o.h.e.i.AbstractSaveEventListener - Generated identifier: 373, using strategy: org.hibernate.id.enhanced.SequenceStyleGenerator
19:33:15.453 [main] DEBUG o.h.e.t.internal.TransactionImpl - committing
19:33:15.453 [main] DEBUG o.h.e.i.AbstractFlushingEventListener - Processing flush-time cascades
19:33:15.454 [main] DEBUG o.h.e.i.AbstractFlushingEventListener - Dirty checking collections
19:33:15.454 [main] DEBUG o.h.e.i.AbstractFlushingEventListener - Flushed: 1 insertions, 0 updates, 0 deletions to 1 objects
19:33:15.454 [main] DEBUG o.h.e.i.AbstractFlushingEventListener - Flushed: 0 (re)creations, 0 updates, 0 removals to 0 collections
19:33:15.456 [main] DEBUG o.h.internal.util.EntityPrinter - Listing entities:
19:33:15.456 [main] DEBUG o.h.internal.util.EntityPrinter - edu.ncsu.csc.itrust2.models.persistent.LogEntry{secondaryUser=null, logCode=5, primaryUser=logapitest, id=373, time=java.util.GregorianCalendar[time=1521660795445,areFieldsSet=true,areAllFieldsSet=true,lenient=true,zone=sun.util.calendar.ZoneInfo[id="Etc/UTC",offset=0,dstSavings=0,useDaylight=false,transitions=0,lastRule=null],firstDayOfWeek=1,minimalDaysInFirstWeek=1,ERA=1,YEAR=2018,MONTH=2,WEEK_OF_YEAR=12,WEEK_OF_MONTH=4,DAY_OF_MONTH=21,DAY_OF_YEAR=80,DAY_OF_WEEK=4,DAY_OF_WEEK_IN_MONTH=3,AM_PM=1,HOUR=7,HOUR_OF_DAY=19,MINUTE=33,SECOND=15,MILLISECOND=445,ZONE_OFFSET=0,DST_OFFSET=0], message=null}
19:33:15.456 [main] DEBUG org.hibernate.SQL - insert into LogEntries (logCode, message, primaryUser, secondaryUser, time, id) values (?, ?, ?, ?, ?, ?)
Hibernate: insert into LogEntries (logCode, message, primaryUser, secondaryUser, time, id) values (?, ?, ?, ?, ?, ?)
19:33:15.460 [main] DEBUG o.h.e.j.internal.JdbcCoordinatorImpl - HHH000420: Closing un-released batch
19:33:15.463 [main] DEBUG o.h.e.t.internal.TransactionImpl - begin
19:33:15.466 [main] DEBUG org.hibernate.SQL - select next_val as id_val from hibernate_sequence for update
Hibernate: select next_val as id_val from hibernate_sequence for update
19:33:15.467 [main] DEBUG org.hibernate.SQL - update hibernate_sequence set next_val= ? where next_val=?
Hibernate: update hibernate_sequence set next_val= ? where next_val=?
19:33:15.469 [main] DEBUG o.h.e.i.AbstractSaveEventListener - Generated identifier: 374, using strategy: org.hibernate.id.enhanced.SequenceStyleGenerator
19:33:15.470 [main] DEBUG o.h.e.t.internal.TransactionImpl - committing
19:33:15.470 [main] DEBUG o.h.e.i.AbstractFlushingEventListener - Processing flush-time cascades
19:33:15.471 [main] DEBUG o.h.e.i.AbstractFlushingEventListener - Dirty checking collections
19:33:15.471 [main] DEBUG o.h.e.i.AbstractFlushingEventListener - Flushed: 1 insertions, 0 updates, 0 deletions to 1 objects
19:33:15.471 [main] DEBUG o.h.e.i.AbstractFlushingEventListener - Flushed: 0 (re)creations, 0 updates, 0 removals to 0 collections
19:33:15.472 [main] DEBUG o.h.internal.util.EntityPrinter - Listing entities:
19:33:15.472 [main] DEBUG o.h.internal.util.EntityPrinter - edu.ncsu.csc.itrust2.models.persistent.LogEntry{secondaryUser=null, logCode=5, primaryUser=logapitest, id=374, time=java.util.GregorianCalendar[time=1521660795462,areFieldsSet=true,areAllFieldsSet=true,lenient=true,zone=sun.util.calendar.ZoneInfo[id="Etc/UTC",offset=0,dstSavings=0,useDaylight=false,transitions=0,lastRule=null],firstDayOfWeek=1,minimalDaysInFirstWeek=1,ERA=1,YEAR=2018,MONTH=2,WEEK_OF_YEAR=12,WEEK_OF_MONTH=4,DAY_OF_MONTH=21,DAY_OF_YEAR=80,DAY_OF_WEEK=4,DAY_OF_WEEK_IN_MONTH=3,AM_PM=1,HOUR=7,HOUR_OF_DAY=19,MINUTE=33,SECOND=15,MILLISECOND=462,ZONE_OFFSET=0,DST_OFFSET=0], message=null}
19:33:15.472 [main] DEBUG org.hibernate.SQL - insert into LogEntries (logCode, message, primaryUser, secondaryUser, time, id) values (?, ?, ?, ?, ?, ?)
Hibernate: insert into LogEntries (logCode, message, primaryUser, secondaryUser, time, id) values (?, ?, ?, ?, ?, ?)
19:33:15.479 [main] DEBUG o.h.e.j.internal.JdbcCoordinatorImpl - HHH000420: Closing un-released batch
19:33:15.481 [main] DEBUG o.h.e.t.internal.TransactionImpl - begin
19:33:15.485 [main] DEBUG org.hibernate.SQL - select next_val as id_val from hibernate_sequence for update
Hibernate: select next_val as id_val from hibernate_sequence for update
19:33:15.486 [main] DEBUG org.hibernate.SQL - update hibernate_sequence set next_val= ? where next_val=?
Hibernate: update hibernate_sequence set next_val= ? where next_val=?
19:33:15.488 [main] DEBUG o.h.e.i.AbstractSaveEventListener - Generated identifier: 375, using strategy: org.hibernate.id.enhanced.SequenceStyleGenerator
19:33:15.488 [main] DEBUG o.h.e.t.internal.TransactionImpl - committing
19:33:15.489 [main] DEBUG o.h.e.i.AbstractFlushingEventListener - Processing flush-time cascades
19:33:15.489 [main] DEBUG o.h.e.i.AbstractFlushingEventListener - Dirty checking collections
19:33:15.489 [main] DEBUG o.h.e.i.AbstractFlushingEventListener - Flushed: 1 insertions, 0 updates, 0 deletions to 1 objects
19:33:15.489 [main] DEBUG o.h.e.i.AbstractFlushingEventListener - Flushed: 0 (re)creations, 0 updates, 0 removals to 0 collections
19:33:15.490 [main] DEBUG o.h.internal.util.EntityPrinter - Listing entities:
19:33:15.490 [main] DEBUG o.h.internal.util.EntityPrinter - edu.ncsu.csc.itrust2.models.persistent.LogEntry{secondaryUser=null, logCode=5, primaryUser=logapitest, id=375, time=java.util.GregorianCalendar[time=1521660795481,areFieldsSet=true,areAllFieldsSet=true,lenient=true,zone=sun.util.calendar.ZoneInfo[id="Etc/UTC",offset=0,dstSavings=0,useDaylight=false,transitions=0,lastRule=null],firstDayOfWeek=1,minimalDaysInFirstWeek=1,ERA=1,YEAR=2018,MONTH=2,WEEK_OF_YEAR=12,WEEK_OF_MONTH=4,DAY_OF_MONTH=21,DAY_OF_YEAR=80,DAY_OF_WEEK=4,DAY_OF_WEEK_IN_MONTH=3,AM_PM=1,HOUR=7,HOUR_OF_DAY=19,MINUTE=33,SECOND=15,MILLISECOND=481,ZONE_OFFSET=0,DST_OFFSET=0], message=null}
19:33:15.493 [main] DEBUG org.hibernate.SQL - insert into LogEntries (logCode, message, primaryUser, secondaryUser, time, id) values (?, ?, ?, ?, ?, ?)
Hibernate: insert into LogEntries (logCode, message, primaryUser, secondaryUser, time, id) values (?, ?, ?, ?, ?, ?)
19:33:15.502 [main] DEBUG o.h.e.j.internal.JdbcCoordinatorImpl - HHH000420: Closing un-released batch
19:33:15.502 [main] DEBUG o.h.e.t.internal.TransactionImpl - begin
19:33:15.506 [main] DEBUG org.hibernate.SQL - select next_val as id_val from hibernate_sequence for update
Hibernate: select next_val as id_val from hibernate_sequence for update
19:33:15.507 [main] DEBUG org.hibernate.SQL - update hibernate_sequence set next_val= ? where next_val=?
Hibernate: update hibernate_sequence set next_val= ? where next_val=?
19:33:15.509 [main] DEBUG o.h.e.i.AbstractSaveEventListener - Generated identifier: 376, using strategy: org.hibernate.id.enhanced.SequenceStyleGenerator
19:33:15.510 [main] DEBUG o.h.e.t.internal.TransactionImpl - committing
19:33:15.510 [main] DEBUG o.h.e.i.AbstractFlushingEventListener - Processing flush-time cascades
19:33:15.510 [main] DEBUG o.h.e.i.AbstractFlushingEventListener - Dirty checking collections
19:33:15.511 [main] DEBUG o.h.e.i.AbstractFlushingEventListener - Flushed: 1 insertions, 0 updates, 0 deletions to 1 objects
19:33:15.512 [main] DEBUG o.h.e.i.AbstractFlushingEventListener - Flushed: 0 (re)creations, 0 updates, 0 removals to 0 collections
19:33:15.512 [main] DEBUG o.h.internal.util.EntityPrinter - Listing entities:
19:33:15.512 [main] DEBUG o.h.internal.util.EntityPrinter - edu.ncsu.csc.itrust2.models.persistent.LogEntry{secondaryUser=null, logCode=5, primaryUser=logapitest, id=376, time=java.util.GregorianCalendar[time=1521660795502,areFieldsSet=true,areAllFieldsSet=true,lenient=true,zone=sun.util.calendar.ZoneInfo[id="Etc/UTC",offset=0,dstSavings=0,useDaylight=false,transitions=0,lastRule=null],firstDayOfWeek=1,minimalDaysInFirstWeek=1,ERA=1,YEAR=2018,MONTH=2,WEEK_OF_YEAR=12,WEEK_OF_MONTH=4,DAY_OF_MONTH=21,DAY_OF_YEAR=80,DAY_OF_WEEK=4,DAY_OF_WEEK_IN_MONTH=3,AM_PM=1,HOUR=7,HOUR_OF_DAY=19,MINUTE=33,SECOND=15,MILLISECOND=502,ZONE_OFFSET=0,DST_OFFSET=0], message=null}
19:33:15.513 [main] DEBUG org.hibernate.SQL - insert into LogEntries (logCode, message, primaryUser, secondaryUser, time, id) values (?, ?, ?, ?, ?, ?)
Hibernate: insert into LogEntries (logCode, message, primaryUser, secondaryUser, time, id) values (?, ?, ?, ?, ?, ?)
19:33:15.518 [main] DEBUG o.h.e.j.internal.JdbcCoordinatorImpl - HHH000420: Closing un-released batch
19:33:15.518 [main] DEBUG o.h.e.t.internal.TransactionImpl - begin
19:33:15.519 [main] DEBUG org.hibernate.SQL - select next_val as id_val from hibernate_sequence for update
Hibernate: select next_val as id_val from hibernate_sequence for update
19:33:15.520 [main] DEBUG org.hibernate.SQL - update hibernate_sequence set next_val= ? where next_val=?
Hibernate: update hibernate_sequence set next_val= ? where next_val=?
19:33:15.522 [main] DEBUG o.h.e.i.AbstractSaveEventListener - Generated identifier: 377, using strategy: org.hibernate.id.enhanced.SequenceStyleGenerator
19:33:15.522 [main] DEBUG o.h.e.t.internal.TransactionImpl - committing
19:33:15.522 [main] DEBUG o.h.e.i.AbstractFlushingEventListener - Processing flush-time cascades
19:33:15.522 [main] DEBUG o.h.e.i.AbstractFlushingEventListener - Dirty checking collections
19:33:15.522 [main] DEBUG o.h.e.i.AbstractFlushingEventListener - Flushed: 1 insertions, 0 updates, 0 deletions to 1 objects
19:33:15.522 [main] DEBUG o.h.e.i.AbstractFlushingEventListener - Flushed: 0 (re)creations, 0 updates, 0 removals to 0 collections
19:33:15.522 [main] DEBUG o.h.internal.util.EntityPrinter - Listing entities:
19:33:15.522 [main] DEBUG o.h.internal.util.EntityPrinter - edu.ncsu.csc.itrust2.models.persistent.LogEntry{secondaryUser=null, logCode=5, primaryUser=logapitest, id=377, time=java.util.GregorianCalendar[time=1521660795518,areFieldsSet=true,areAllFieldsSet=true,lenient=true,zone=sun.util.calendar.ZoneInfo[id="Etc/UTC",offset=0,dstSavings=0,useDaylight=false,transitions=0,lastRule=null],firstDayOfWeek=1,minimalDaysInFirstWeek=1,ERA=1,YEAR=2018,MONTH=2,WEEK_OF_YEAR=12,WEEK_OF_MONTH=4,DAY_OF_MONTH=21,DAY_OF_YEAR=80,DAY_OF_WEEK=4,DAY_OF_WEEK_IN_MONTH=3,AM_PM=1,HOUR=7,HOUR_OF_DAY=19,MINUTE=33,SECOND=15,MILLISECOND=518,ZONE_OFFSET=0,DST_OFFSET=0], message=null}
19:33:15.523 [main] DEBUG org.hibernate.SQL - insert into LogEntries (logCode, message, primaryUser, secondaryUser, time, id) values (?, ?, ?, ?, ?, ?)
Hibernate: insert into LogEntries (logCode, message, primaryUser, secondaryUser, time, id) values (?, ?, ?, ?, ?, ?)
19:33:15.525 [main] DEBUG o.h.e.j.internal.JdbcCoordinatorImpl - HHH000420: Closing un-released batch
19:33:15.526 [main] DEBUG o.h.e.t.internal.TransactionImpl - begin
19:33:15.528 [main] DEBUG org.hibernate.SQL - select next_val as id_val from hibernate_sequence for update
Hibernate: select next_val as id_val from hibernate_sequence for update
19:33:15.528 [main] DEBUG org.hibernate.SQL - update hibernate_sequence set next_val= ? where next_val=?
Hibernate: update hibernate_sequence set next_val= ? where next_val=?
19:33:15.530 [main] DEBUG o.h.e.i.AbstractSaveEventListener - Generated identifier: 378, using strategy: org.hibernate.id.enhanced.SequenceStyleGenerator
19:33:15.530 [main] DEBUG o.h.e.t.internal.TransactionImpl - committing
19:33:15.531 [main] DEBUG o.h.e.i.AbstractFlushingEventListener - Processing flush-time cascades
19:33:15.532 [main] DEBUG o.h.e.i.AbstractFlushingEventListener - Dirty checking collections
19:33:15.532 [main] DEBUG o.h.e.i.AbstractFlushingEventListener - Flushed: 1 insertions, 0 updates, 0 deletions to 1 objects
19:33:15.532 [main] DEBUG o.h.e.i.AbstractFlushingEventListener - Flushed: 0 (re)creations, 0 updates, 0 removals to 0 collections
19:33:15.532 [main] DEBUG o.h.internal.util.EntityPrinter - Listing entities:
19:33:15.532 [main] DEBUG o.h.internal.util.EntityPrinter - edu.ncsu.csc.itrust2.models.persistent.LogEntry{secondaryUser=null, logCode=5, primaryUser=logapitest, id=378, time=java.util.GregorianCalendar[time=1521660795526,areFieldsSet=true,areAllFieldsSet=true,lenient=true,zone=sun.util.calendar.ZoneInfo[id="Etc/UTC",offset=0,dstSavings=0,useDaylight=false,transitions=0,lastRule=null],firstDayOfWeek=1,minimalDaysInFirstWeek=1,ERA=1,YEAR=2018,MONTH=2,WEEK_OF_YEAR=12,WEEK_OF_MONTH=4,DAY_OF_MONTH=21,DAY_OF_YEAR=80,DAY_OF_WEEK=4,DAY_OF_WEEK_IN_MONTH=3,AM_PM=1,HOUR=7,HOUR_OF_DAY=19,MINUTE=33,SECOND=15,MILLISECOND=526,ZONE_OFFSET=0,DST_OFFSET=0], message=null}
19:33:15.539 [main] DEBUG org.hibernate.SQL - insert into LogEntries (logCode, message, primaryUser, secondaryUser, time, id) values (?, ?, ?, ?, ?, ?)
Hibernate: insert into LogEntries (logCode, message, primaryUser, secondaryUser, time, id) values (?, ?, ?, ?, ?, ?)
19:33:15.541 [main] DEBUG o.h.e.j.internal.JdbcCoordinatorImpl - HHH000420: Closing un-released batch
19:33:15.542 [main] DEBUG o.h.e.t.internal.TransactionImpl - begin
19:33:15.547 [main] DEBUG org.hibernate.SQL - select next_val as id_val from hibernate_sequence for update
Hibernate: select next_val as id_val from hibernate_sequence for update
19:33:15.548 [main] DEBUG org.hibernate.SQL - update hibernate_sequence set next_val= ? where next_val=?
Hibernate: update hibernate_sequence set next_val= ? where next_val=?
19:33:15.550 [main] DEBUG o.h.e.i.AbstractSaveEventListener - Generated identifier: 379, using strategy: org.hibernate.id.enhanced.SequenceStyleGenerator
19:33:15.554 [main] DEBUG o.h.e.t.internal.TransactionImpl - committing
19:33:15.554 [main] DEBUG o.h.e.i.AbstractFlushingEventListener - Processing flush-time cascades
19:33:15.555 [main] DEBUG o.h.e.i.AbstractFlushingEventListener - Dirty checking collections
19:33:15.555 [main] DEBUG o.h.e.i.AbstractFlushingEventListener - Flushed: 1 insertions, 0 updates, 0 deletions to 1 objects
19:33:15.555 [main] DEBUG o.h.e.i.AbstractFlushingEventListener - Flushed: 0 (re)creations, 0 updates, 0 removals to 0 collections
19:33:15.555 [main] DEBUG o.h.internal.util.EntityPrinter - Listing entities:
19:33:15.556 [main] DEBUG o.h.internal.util.EntityPrinter - edu.ncsu.csc.itrust2.models.persistent.LogEntry{secondaryUser=null, logCode=5, primaryUser=logapitest, id=379, time=java.util.GregorianCalendar[time=1521660795542,areFieldsSet=true,areAllFieldsSet=true,lenient=true,zone=sun.util.calendar.ZoneInfo[id="Etc/UTC",offset=0,dstSavings=0,useDaylight=false,transitions=0,lastRule=null],firstDayOfWeek=1,minimalDaysInFirstWeek=1,ERA=1,YEAR=2018,MONTH=2,WEEK_OF_YEAR=12,WEEK_OF_MONTH=4,DAY_OF_MONTH=21,DAY_OF_YEAR=80,DAY_OF_WEEK=4,DAY_OF_WEEK_IN_MONTH=3,AM_PM=1,HOUR=7,HOUR_OF_DAY=19,MINUTE=33,SECOND=15,MILLISECOND=542,ZONE_OFFSET=0,DST_OFFSET=0], message=null}
19:33:15.557 [main] DEBUG org.hibernate.SQL - insert into LogEntries (logCode, message, primaryUser, secondaryUser, time, id) values (?, ?, ?, ?, ?, ?)
Hibernate: insert into LogEntries (logCode, message, primaryUser, secondaryUser, time, id) values (?, ?, ?, ?, ?, ?)
19:33:15.560 [main] DEBUG o.h.e.j.internal.JdbcCoordinatorImpl - HHH000420: Closing un-released batch
19:33:15.560 [main] DEBUG o.h.e.t.internal.TransactionImpl - begin
19:33:15.562 [main] DEBUG org.hibernate.SQL - select next_val as id_val from hibernate_sequence for update
Hibernate: select next_val as id_val from hibernate_sequence for update
19:33:15.562 [main] DEBUG org.hibernate.SQL - update hibernate_sequence set next_val= ? where next_val=?
Hibernate: update hibernate_sequence set next_val= ? where next_val=?
19:33:15.565 [main] DEBUG o.h.e.i.AbstractSaveEventListener - Generated identifier: 380, using strategy: org.hibernate.id.enhanced.SequenceStyleGenerator
19:33:15.566 [main] DEBUG o.h.e.t.internal.TransactionImpl - committing
19:33:15.566 [main] DEBUG o.h.e.i.AbstractFlushingEventListener - Processing flush-time cascades
19:33:15.566 [main] DEBUG o.h.e.i.AbstractFlushingEventListener - Dirty checking collections
19:33:15.567 [main] DEBUG o.h.e.i.AbstractFlushingEventListener - Flushed: 1 insertions, 0 updates, 0 deletions to 1 objects
19:33:15.567 [main] DEBUG o.h.e.i.AbstractFlushingEventListener - Flushed: 0 (re)creations, 0 updates, 0 removals to 0 collections
19:33:15.567 [main] DEBUG o.h.internal.util.EntityPrinter - Listing entities:
19:33:15.567 [main] DEBUG o.h.internal.util.EntityPrinter - edu.ncsu.csc.itrust2.models.persistent.LogEntry{secondaryUser=null, logCode=5, primaryUser=logapitest, id=380, time=java.util.GregorianCalendar[time=1521660795560,areFieldsSet=true,areAllFieldsSet=true,lenient=true,zone=sun.util.calendar.ZoneInfo[id="Etc/UTC",offset=0,dstSavings=0,useDaylight=false,transitions=0,lastRule=null],firstDayOfWeek=1,minimalDaysInFirstWeek=1,ERA=1,YEAR=2018,MONTH=2,WEEK_OF_YEAR=12,WEEK_OF_MONTH=4,DAY_OF_MONTH=21,DAY_OF_YEAR=80,DAY_OF_WEEK=4,DAY_OF_WEEK_IN_MONTH=3,AM_PM=1,HOUR=7,HOUR_OF_DAY=19,MINUTE=33,SECOND=15,MILLISECOND=560,ZONE_OFFSET=0,DST_OFFSET=0], message=null}
19:33:15.569 [main] DEBUG org.hibernate.SQL - insert into LogEntries (logCode, message, primaryUser, secondaryUser, time, id) values (?, ?, ?, ?, ?, ?)
Hibernate: insert into LogEntries (logCode, message, primaryUser, secondaryUser, time, id) values (?, ?, ?, ?, ?, ?)
19:33:15.572 [main] DEBUG o.h.e.j.internal.JdbcCoordinatorImpl - HHH000420: Closing un-released batch
19:33:15.573 [main] DEBUG o.h.e.t.internal.TransactionImpl - begin
19:33:15.575 [main] DEBUG org.hibernate.SQL - select next_val as id_val from hibernate_sequence for update
Hibernate: select next_val as id_val from hibernate_sequence for update
19:33:15.576 [main] DEBUG org.hibernate.SQL - update hibernate_sequence set next_val= ? where next_val=?
Hibernate: update hibernate_sequence set next_val= ? where next_val=?
19:33:15.578 [main] DEBUG o.h.e.i.AbstractSaveEventListener - Generated identifier: 381, using strategy: org.hibernate.id.enhanced.SequenceStyleGenerator
19:33:15.580 [main] DEBUG o.h.e.t.internal.TransactionImpl - committing
19:33:15.580 [main] DEBUG o.h.e.i.AbstractFlushingEventListener - Processing flush-time cascades
19:33:15.580 [main] DEBUG o.h.e.i.AbstractFlushingEventListener - Dirty checking collections
19:33:15.581 [main] DEBUG o.h.e.i.AbstractFlushingEventListener - Flushed: 1 insertions, 0 updates, 0 deletions to 1 objects
19:33:15.581 [main] DEBUG o.h.e.i.AbstractFlushingEventListener - Flushed: 0 (re)creations, 0 updates, 0 removals to 0 collections
19:33:15.581 [main] DEBUG o.h.internal.util.EntityPrinter - Listing entities:
19:33:15.581 [main] DEBUG o.h.internal.util.EntityPrinter - edu.ncsu.csc.itrust2.models.persistent.LogEntry{secondaryUser=null, logCode=5, primaryUser=logapitest, id=381, time=java.util.GregorianCalendar[time=1521660795573,areFieldsSet=true,areAllFieldsSet=true,lenient=true,zone=sun.util.calendar.ZoneInfo[id="Etc/UTC",offset=0,dstSavings=0,useDaylight=false,transitions=0,lastRule=null],firstDayOfWeek=1,minimalDaysInFirstWeek=1,ERA=1,YEAR=2018,MONTH=2,WEEK_OF_YEAR=12,WEEK_OF_MONTH=4,DAY_OF_MONTH=21,DAY_OF_YEAR=80,DAY_OF_WEEK=4,DAY_OF_WEEK_IN_MONTH=3,AM_PM=1,HOUR=7,HOUR_OF_DAY=19,MINUTE=33,SECOND=15,MILLISECOND=573,ZONE_OFFSET=0,DST_OFFSET=0], message=null}
19:33:15.583 [main] DEBUG org.hibernate.SQL - insert into LogEntries (logCode, message, primaryUser, secondaryUser, time, id) values (?, ?, ?, ?, ?, ?)
Hibernate: insert into LogEntries (logCode, message, primaryUser, secondaryUser, time, id) values (?, ?, ?, ?, ?, ?)
19:33:15.587 [main] DEBUG o.h.e.j.internal.JdbcCoordinatorImpl - HHH000420: Closing un-released batch
19:33:15.588 [main] DEBUG o.h.e.t.internal.TransactionImpl - begin
19:33:15.589 [main] DEBUG org.hibernate.SQL - select next_val as id_val from hibernate_sequence for update
Hibernate: select next_val as id_val from hibernate_sequence for update
19:33:15.591 [main] DEBUG org.hibernate.SQL - update hibernate_sequence set next_val= ? where next_val=?
Hibernate: update hibernate_sequence set next_val= ? where next_val=?
19:33:15.593 [main] DEBUG o.h.e.i.AbstractSaveEventListener - Generated identifier: 382, using strategy: org.hibernate.id.enhanced.SequenceStyleGenerator
19:33:15.594 [main] DEBUG o.h.e.t.internal.TransactionImpl - committing
19:33:15.594 [main] DEBUG o.h.e.i.AbstractFlushingEventListener - Processing flush-time cascades
19:33:15.594 [main] DEBUG o.h.e.i.AbstractFlushingEventListener - Dirty checking collections
19:33:15.595 [main] DEBUG o.h.e.i.AbstractFlushingEventListener - Flushed: 1 insertions, 0 updates, 0 deletions to 1 objects
19:33:15.595 [main] DEBUG o.h.e.i.AbstractFlushingEventListener - Flushed: 0 (re)creations, 0 updates, 0 removals to 0 collections
19:33:15.595 [main] DEBUG o.h.internal.util.EntityPrinter - Listing entities:
19:33:15.595 [main] DEBUG o.h.internal.util.EntityPrinter - edu.ncsu.csc.itrust2.models.persistent.LogEntry{secondaryUser=null, logCode=5, primaryUser=logapitest, id=382, time=java.util.GregorianCalendar[time=1521660795588,areFieldsSet=true,areAllFieldsSet=true,lenient=true,zone=sun.util.calendar.ZoneInfo[id="Etc/UTC",offset=0,dstSavings=0,useDaylight=false,transitions=0,lastRule=null],firstDayOfWeek=1,minimalDaysInFirstWeek=1,ERA=1,YEAR=2018,MONTH=2,WEEK_OF_YEAR=12,WEEK_OF_MONTH=4,DAY_OF_MONTH=21,DAY_OF_YEAR=80,DAY_OF_WEEK=4,DAY_OF_WEEK_IN_MONTH=3,AM_PM=1,HOUR=7,HOUR_OF_DAY=19,MINUTE=33,SECOND=15,MILLISECOND=588,ZONE_OFFSET=0,DST_OFFSET=0], message=null}
19:33:15.598 [main] DEBUG org.hibernate.SQL - insert into LogEntries (logCode, message, primaryUser, secondaryUser, time, id) values (?, ?, ?, ?, ?, ?)
Hibernate: insert into LogEntries (logCode, message, primaryUser, secondaryUser, time, id) values (?, ?, ?, ?, ?, ?)
19:33:15.603 [main] DEBUG o.h.e.j.internal.JdbcCoordinatorImpl - HHH000420: Closing un-released batch
19:33:15.604 [main] DEBUG o.h.e.t.internal.TransactionImpl - begin
19:33:15.605 [main] DEBUG org.hibernate.SQL - select next_val as id_val from hibernate_sequence for update
Hibernate: select next_val as id_val from hibernate_sequence for update
19:33:15.606 [main] DEBUG org.hibernate.SQL - update hibernate_sequence set next_val= ? where next_val=?
Hibernate: update hibernate_sequence set next_val= ? where next_val=?
19:33:15.608 [main] DEBUG o.h.e.i.AbstractSaveEventListener - Generated identifier: 383, using strategy: org.hibernate.id.enhanced.SequenceStyleGenerator
19:33:15.608 [main] DEBUG o.h.e.t.internal.TransactionImpl - committing
19:33:15.608 [main] DEBUG o.h.e.i.AbstractFlushingEventListener - Processing flush-time cascades
19:33:15.608 [main] DEBUG o.h.e.i.AbstractFlushingEventListener - Dirty checking collections
19:33:15.609 [main] DEBUG o.h.e.i.AbstractFlushingEventListener - Flushed: 1 insertions, 0 updates, 0 deletions to 1 objects
19:33:15.609 [main] DEBUG o.h.e.i.AbstractFlushingEventListener - Flushed: 0 (re)creations, 0 updates, 0 removals to 0 collections
19:33:15.609 [main] DEBUG o.h.internal.util.EntityPrinter - Listing entities:
19:33:15.609 [main] DEBUG o.h.internal.util.EntityPrinter - edu.ncsu.csc.itrust2.models.persistent.LogEntry{secondaryUser=null, logCode=5, primaryUser=logapitest, id=383, time=java.util.GregorianCalendar[time=1521660795604,areFieldsSet=true,areAllFieldsSet=true,lenient=true,zone=sun.util.calendar.ZoneInfo[id="Etc/UTC",offset=0,dstSavings=0,useDaylight=false,transitions=0,lastRule=null],firstDayOfWeek=1,minimalDaysInFirstWeek=1,ERA=1,YEAR=2018,MONTH=2,WEEK_OF_YEAR=12,WEEK_OF_MONTH=4,DAY_OF_MONTH=21,DAY_OF_YEAR=80,DAY_OF_WEEK=4,DAY_OF_WEEK_IN_MONTH=3,AM_PM=1,HOUR=7,HOUR_OF_DAY=19,MINUTE=33,SECOND=15,MILLISECOND=604,ZONE_OFFSET=0,DST_OFFSET=0], message=null}
19:33:15.610 [main] DEBUG org.hibernate.SQL - insert into LogEntries (logCode, message, primaryUser, secondaryUser, time, id) values (?, ?, ?, ?, ?, ?)
Hibernate: insert into LogEntries (logCode, message, primaryUser, secondaryUser, time, id) values (?, ?, ?, ?, ?, ?)
19:33:15.614 [main] DEBUG o.h.e.j.internal.JdbcCoordinatorImpl - HHH000420: Closing un-released batch
19:33:15.615 [main] DEBUG o.h.e.t.internal.TransactionImpl - begin
19:33:15.617 [main] DEBUG org.hibernate.SQL - select next_val as id_val from hibernate_sequence for update
Hibernate: select next_val as id_val from hibernate_sequence for update
19:33:15.618 [main] DEBUG org.hibernate.SQL - update hibernate_sequence set next_val= ? where next_val=?
Hibernate: update hibernate_sequence set next_val= ? where next_val=?
19:33:15.620 [main] DEBUG o.h.e.i.AbstractSaveEventListener - Generated identifier: 384, using strategy: org.hibernate.id.enhanced.SequenceStyleGenerator
19:33:15.621 [main] DEBUG o.h.e.t.internal.TransactionImpl - committing
19:33:15.621 [main] DEBUG o.h.e.i.AbstractFlushingEventListener - Processing flush-time cascades
19:33:15.621 [main] DEBUG o.h.e.i.AbstractFlushingEventListener - Dirty checking collections
19:33:15.621 [main] DEBUG o.h.e.i.AbstractFlushingEventListener - Flushed: 1 insertions, 0 updates, 0 deletions to 1 objects
19:33:15.621 [main] DEBUG o.h.e.i.AbstractFlushingEventListener - Flushed: 0 (re)creations, 0 updates, 0 removals to 0 collections
19:33:15.621 [main] DEBUG o.h.internal.util.EntityPrinter - Listing entities:
19:33:15.622 [main] DEBUG o.h.internal.util.EntityPrinter - edu.ncsu.csc.itrust2.models.persistent.LogEntry{secondaryUser=null, logCode=5, primaryUser=logapitest, id=384, time=java.util.GregorianCalendar[time=1521660795615,areFieldsSet=true,areAllFieldsSet=true,lenient=true,zone=sun.util.calendar.ZoneInfo[id="Etc/UTC",offset=0,dstSavings=0,useDaylight=false,transitions=0,lastRule=null],firstDayOfWeek=1,minimalDaysInFirstWeek=1,ERA=1,YEAR=2018,MONTH=2,WEEK_OF_YEAR=12,WEEK_OF_MONTH=4,DAY_OF_MONTH=21,DAY_OF_YEAR=80,DAY_OF_WEEK=4,DAY_OF_WEEK_IN_MONTH=3,AM_PM=1,HOUR=7,HOUR_OF_DAY=19,MINUTE=33,SECOND=15,MILLISECOND=615,ZONE_OFFSET=0,DST_OFFSET=0], message=null}
19:33:15.623 [main] DEBUG org.hibernate.SQL - insert into LogEntries (logCode, message, primaryUser, secondaryUser, time, id) values (?, ?, ?, ?, ?, ?)
Hibernate: insert into LogEntries (logCode, message, primaryUser, secondaryUser, time, id) values (?, ?, ?, ?, ?, ?)
19:33:15.626 [main] DEBUG o.h.e.j.internal.JdbcCoordinatorImpl - HHH000420: Closing un-released batch
19:33:15.627 [main] DEBUG o.h.e.t.internal.TransactionImpl - begin
19:33:15.628 [main] DEBUG org.hibernate.SQL - select next_val as id_val from hibernate_sequence for update
Hibernate: select next_val as id_val from hibernate_sequence for update
19:33:15.629 [main] DEBUG org.hibernate.SQL - update hibernate_sequence set next_val= ? where next_val=?
Hibernate: update hibernate_sequence set next_val= ? where next_val=?
19:33:15.630 [main] DEBUG o.h.e.i.AbstractSaveEventListener - Generated identifier: 385, using strategy: org.hibernate.id.enhanced.SequenceStyleGenerator
19:33:15.630 [main] DEBUG o.h.e.t.internal.TransactionImpl - committing
19:33:15.630 [main] DEBUG o.h.e.i.AbstractFlushingEventListener - Processing flush-time cascades
19:33:15.630 [main] DEBUG o.h.e.i.AbstractFlushingEventListener - Dirty checking collections
19:33:15.631 [main] DEBUG o.h.e.i.AbstractFlushingEventListener - Flushed: 1 insertions, 0 updates, 0 deletions to 1 objects
19:33:15.631 [main] DEBUG o.h.e.i.AbstractFlushingEventListener - Flushed: 0 (re)creations, 0 updates, 0 removals to 0 collections
19:33:15.631 [main] DEBUG o.h.internal.util.EntityPrinter - Listing entities:
19:33:15.634 [main] DEBUG o.h.internal.util.EntityPrinter - edu.ncsu.csc.itrust2.models.persistent.LogEntry{secondaryUser=null, logCode=5, primaryUser=logapitest, id=385, time=java.util.GregorianCalendar[time=1521660795626,areFieldsSet=true,areAllFieldsSet=true,lenient=true,zone=sun.util.calendar.ZoneInfo[id="Etc/UTC",offset=0,dstSavings=0,useDaylight=false,transitions=0,lastRule=null],firstDayOfWeek=1,minimalDaysInFirstWeek=1,ERA=1,YEAR=2018,MONTH=2,WEEK_OF_YEAR=12,WEEK_OF_MONTH=4,DAY_OF_MONTH=21,DAY_OF_YEAR=80,DAY_OF_WEEK=4,DAY_OF_WEEK_IN_MONTH=3,AM_PM=1,HOUR=7,HOUR_OF_DAY=19,MINUTE=33,SECOND=15,MILLISECOND=626,ZONE_OFFSET=0,DST_OFFSET=0], message=null}
19:33:15.636 [main] DEBUG org.hibernate.SQL - insert into LogEntries (logCode, message, primaryUser, secondaryUser, time, id) values (?, ?, ?, ?, ?, ?)
Hibernate: insert into LogEntries (logCode, message, primaryUser, secondaryUser, time, id) values (?, ?, ?, ?, ?, ?)
19:33:15.638 [main] DEBUG o.h.e.j.internal.JdbcCoordinatorImpl - HHH000420: Closing un-released batch
19:33:15.638 [main] DEBUG o.h.e.t.internal.TransactionImpl - begin
19:33:15.639 [main] DEBUG org.hibernate.SQL - select next_val as id_val from hibernate_sequence for update
Hibernate: select next_val as id_val from hibernate_sequence for update
19:33:15.640 [main] DEBUG org.hibernate.SQL - update hibernate_sequence set next_val= ? where next_val=?
Hibernate: update hibernate_sequence set next_val= ? where next_val=?
19:33:15.641 [main] DEBUG o.h.e.i.AbstractSaveEventListener - Generated identifier: 386, using strategy: org.hibernate.id.enhanced.SequenceStyleGenerator
19:33:15.642 [main] DEBUG o.h.e.t.internal.TransactionImpl - committing
19:33:15.642 [main] DEBUG o.h.e.i.AbstractFlushingEventListener - Processing flush-time cascades
19:33:15.642 [main] DEBUG o.h.e.i.AbstractFlushingEventListener - Dirty checking collections
19:33:15.642 [main] DEBUG o.h.e.i.AbstractFlushingEventListener - Flushed: 1 insertions, 0 updates, 0 deletions to 1 objects
19:33:15.642 [main] DEBUG o.h.e.i.AbstractFlushingEventListener - Flushed: 0 (re)creations, 0 updates, 0 removals to 0 collections
19:33:15.642 [main] DEBUG o.h.internal.util.EntityPrinter - Listing entities:
19:33:15.642 [main] DEBUG o.h.internal.util.EntityPrinter - edu.ncsu.csc.itrust2.models.persistent.LogEntry{secondaryUser=null, logCode=5, primaryUser=logapitest, id=386, time=java.util.GregorianCalendar[time=1521660795638,areFieldsSet=true,areAllFieldsSet=true,lenient=true,zone=sun.util.calendar.ZoneInfo[id="Etc/UTC",offset=0,dstSavings=0,useDaylight=false,transitions=0,lastRule=null],firstDayOfWeek=1,minimalDaysInFirstWeek=1,ERA=1,YEAR=2018,MONTH=2,WEEK_OF_YEAR=12,WEEK_OF_MONTH=4,DAY_OF_MONTH=21,DAY_OF_YEAR=80,DAY_OF_WEEK=4,DAY_OF_WEEK_IN_MONTH=3,AM_PM=1,HOUR=7,HOUR_OF_DAY=19,MINUTE=33,SECOND=15,MILLISECOND=638,ZONE_OFFSET=0,DST_OFFSET=0], message=null}
19:33:15.643 [main] DEBUG org.hibernate.SQL - insert into LogEntries (logCode, message, primaryUser, secondaryUser, time, id) values (?, ?, ?, ?, ?, ?)
Hibernate: insert into LogEntries (logCode, message, primaryUser, secondaryUser, time, id) values (?, ?, ?, ?, ?, ?)
19:33:15.645 [main] DEBUG o.h.e.j.internal.JdbcCoordinatorImpl - HHH000420: Closing un-released batch
19:33:15.645 [main] DEBUG o.h.e.t.internal.TransactionImpl - begin
19:33:15.646 [main] DEBUG org.hibernate.SQL - select next_val as id_val from hibernate_sequence for update
Hibernate: select next_val as id_val from hibernate_sequence for update
19:33:15.647 [main] DEBUG org.hibernate.SQL - update hibernate_sequence set next_val= ? where next_val=?
Hibernate: update hibernate_sequence set next_val= ? where next_val=?
19:33:15.649 [main] DEBUG o.h.e.i.AbstractSaveEventListener - Generated identifier: 387, using strategy: org.hibernate.id.enhanced.SequenceStyleGenerator
19:33:15.650 [main] DEBUG o.h.e.t.internal.TransactionImpl - committing
19:33:15.650 [main] DEBUG o.h.e.i.AbstractFlushingEventListener - Processing flush-time cascades
19:33:15.650 [main] DEBUG o.h.e.i.AbstractFlushingEventListener - Dirty checking collections
19:33:15.650 [main] DEBUG o.h.e.i.AbstractFlushingEventListener - Flushed: 1 insertions, 0 updates, 0 deletions to 1 objects
19:33:15.650 [main] DEBUG o.h.e.i.AbstractFlushingEventListener - Flushed: 0 (re)creations, 0 updates, 0 removals to 0 collections
19:33:15.650 [main] DEBUG o.h.internal.util.EntityPrinter - Listing entities:
19:33:15.650 [main] DEBUG o.h.internal.util.EntityPrinter - edu.ncsu.csc.itrust2.models.persistent.LogEntry{secondaryUser=null, logCode=5, primaryUser=logapitest, id=387, time=java.util.GregorianCalendar[time=1521660795645,areFieldsSet=true,areAllFieldsSet=true,lenient=true,zone=sun.util.calendar.ZoneInfo[id="Etc/UTC",offset=0,dstSavings=0,useDaylight=false,transitions=0,lastRule=null],firstDayOfWeek=1,minimalDaysInFirstWeek=1,ERA=1,YEAR=2018,MONTH=2,WEEK_OF_YEAR=12,WEEK_OF_MONTH=4,DAY_OF_MONTH=21,DAY_OF_YEAR=80,DAY_OF_WEEK=4,DAY_OF_WEEK_IN_MONTH=3,AM_PM=1,HOUR=7,HOUR_OF_DAY=19,MINUTE=33,SECOND=15,MILLISECOND=645,ZONE_OFFSET=0,DST_OFFSET=0], message=null}
19:33:15.651 [main] DEBUG org.hibernate.SQL - insert into LogEntries (logCode, message, primaryUser, secondaryUser, time, id) values (?, ?, ?, ?, ?, ?)
Hibernate: insert into LogEntries (logCode, message, primaryUser, secondaryUser, time, id) values (?, ?, ?, ?, ?, ?)
19:33:15.653 [main] DEBUG o.h.e.j.internal.JdbcCoordinatorImpl - HHH000420: Closing un-released batch
19:33:15.653 [main] DEBUG o.h.e.t.internal.TransactionImpl - begin
19:33:15.654 [main] DEBUG org.hibernate.SQL - select next_val as id_val from hibernate_sequence for update
Hibernate: select next_val as id_val from hibernate_sequence for update
19:33:15.655 [main] DEBUG org.hibernate.SQL - update hibernate_sequence set next_val= ? where next_val=?
Hibernate: update hibernate_sequence set next_val= ? where next_val=?
19:33:15.656 [main] DEBUG o.h.e.i.AbstractSaveEventListener - Generated identifier: 388, using strategy: org.hibernate.id.enhanced.SequenceStyleGenerator
19:33:15.657 [main] DEBUG o.h.e.t.internal.TransactionImpl - committing
19:33:15.657 [main] DEBUG o.h.e.i.AbstractFlushingEventListener - Processing flush-time cascades
19:33:15.657 [main] DEBUG o.h.e.i.AbstractFlushingEventListener - Dirty checking collections
19:33:15.657 [main] DEBUG o.h.e.i.AbstractFlushingEventListener - Flushed: 1 insertions, 0 updates, 0 deletions to 1 objects
19:33:15.657 [main] DEBUG o.h.e.i.AbstractFlushingEventListener - Flushed: 0 (re)creations, 0 updates, 0 removals to 0 collections
19:33:15.657 [main] DEBUG o.h.internal.util.EntityPrinter - Listing entities:
19:33:15.658 [main] DEBUG o.h.internal.util.EntityPrinter - edu.ncsu.csc.itrust2.models.persistent.LogEntry{secondaryUser=null, logCode=5, primaryUser=logapitest, id=388, time=java.util.GregorianCalendar[time=1521660795653,areFieldsSet=true,areAllFieldsSet=true,lenient=true,zone=sun.util.calendar.ZoneInfo[id="Etc/UTC",offset=0,dstSavings=0,useDaylight=false,transitions=0,lastRule=null],firstDayOfWeek=1,minimalDaysInFirstWeek=1,ERA=1,YEAR=2018,MONTH=2,WEEK_OF_YEAR=12,WEEK_OF_MONTH=4,DAY_OF_MONTH=21,DAY_OF_YEAR=80,DAY_OF_WEEK=4,DAY_OF_WEEK_IN_MONTH=3,AM_PM=1,HOUR=7,HOUR_OF_DAY=19,MINUTE=33,SECOND=15,MILLISECOND=653,ZONE_OFFSET=0,DST_OFFSET=0], message=null}
19:33:15.658 [main] DEBUG org.hibernate.SQL - insert into LogEntries (logCode, message, primaryUser, secondaryUser, time, id) values (?, ?, ?, ?, ?, ?)
Hibernate: insert into LogEntries (logCode, message, primaryUser, secondaryUser, time, id) values (?, ?, ?, ?, ?, ?)
19:33:15.660 [main] DEBUG o.h.e.j.internal.JdbcCoordinatorImpl - HHH000420: Closing un-released batch
19:33:15.661 [main] DEBUG o.h.e.t.internal.TransactionImpl - begin
19:33:15.662 [main] DEBUG org.hibernate.SQL - select next_val as id_val from hibernate_sequence for update
Hibernate: select next_val as id_val from hibernate_sequence for update
19:33:15.662 [main] DEBUG org.hibernate.SQL - update hibernate_sequence set next_val= ? where next_val=?
Hibernate: update hibernate_sequence set next_val= ? where next_val=?
19:33:15.664 [main] DEBUG o.h.e.i.AbstractSaveEventListener - Generated identifier: 389, using strategy: org.hibernate.id.enhanced.SequenceStyleGenerator
19:33:15.666 [main] DEBUG o.h.e.t.internal.TransactionImpl - committing
19:33:15.666 [main] DEBUG o.h.e.i.AbstractFlushingEventListener - Processing flush-time cascades
19:33:15.666 [main] DEBUG o.h.e.i.AbstractFlushingEventListener - Dirty checking collections
19:33:15.666 [main] DEBUG o.h.e.i.AbstractFlushingEventListener - Flushed: 1 insertions, 0 updates, 0 deletions to 1 objects
19:33:15.667 [main] DEBUG o.h.e.i.AbstractFlushingEventListener - Flushed: 0 (re)creations, 0 updates, 0 removals to 0 collections
19:33:15.667 [main] DEBUG o.h.internal.util.EntityPrinter - Listing entities:
19:33:15.667 [main] DEBUG o.h.internal.util.EntityPrinter - edu.ncsu.csc.itrust2.models.persistent.LogEntry{secondaryUser=null, logCode=5, primaryUser=logapitest, id=389, time=java.util.GregorianCalendar[time=1521660795661,areFieldsSet=true,areAllFieldsSet=true,lenient=true,zone=sun.util.calendar.ZoneInfo[id="Etc/UTC",offset=0,dstSavings=0,useDaylight=false,transitions=0,lastRule=null],firstDayOfWeek=1,minimalDaysInFirstWeek=1,ERA=1,YEAR=2018,MONTH=2,WEEK_OF_YEAR=12,WEEK_OF_MONTH=4,DAY_OF_MONTH=21,DAY_OF_YEAR=80,DAY_OF_WEEK=4,DAY_OF_WEEK_IN_MONTH=3,AM_PM=1,HOUR=7,HOUR_OF_DAY=19,MINUTE=33,SECOND=15,MILLISECOND=661,ZONE_OFFSET=0,DST_OFFSET=0], message=null}
19:33:15.668 [main] DEBUG org.hibernate.SQL - insert into LogEntries (logCode, message, primaryUser, secondaryUser, time, id) values (?, ?, ?, ?, ?, ?)
Hibernate: insert into LogEntries (logCode, message, primaryUser, secondaryUser, time, id) values (?, ?, ?, ?, ?, ?)
19:33:15.669 [main] DEBUG o.h.e.j.internal.JdbcCoordinatorImpl - HHH000420: Closing un-released batch
19:33:15.669 [main] DEBUG o.h.e.t.internal.TransactionImpl - begin
19:33:15.670 [main] DEBUG org.hibernate.SQL - select next_val as id_val from hibernate_sequence for update
Hibernate: select next_val as id_val from hibernate_sequence for update
19:33:15.671 [main] DEBUG org.hibernate.SQL - update hibernate_sequence set next_val= ? where next_val=?
Hibernate: update hibernate_sequence set next_val= ? where next_val=?
19:33:15.672 [main] DEBUG o.h.e.i.AbstractSaveEventListener - Generated identifier: 390, using strategy: org.hibernate.id.enhanced.SequenceStyleGenerator
19:33:15.672 [main] DEBUG o.h.e.t.internal.TransactionImpl - committing
19:33:15.672 [main] DEBUG o.h.e.i.AbstractFlushingEventListener - Processing flush-time cascades
19:33:15.672 [main] DEBUG o.h.e.i.AbstractFlushingEventListener - Dirty checking collections
19:33:15.672 [main] DEBUG o.h.e.i.AbstractFlushingEventListener - Flushed: 1 insertions, 0 updates, 0 deletions to 1 objects
19:33:15.672 [main] DEBUG o.h.e.i.AbstractFlushingEventListener - Flushed: 0 (re)creations, 0 updates, 0 removals to 0 collections
19:33:15.672 [main] DEBUG o.h.internal.util.EntityPrinter - Listing entities:
19:33:15.673 [main] DEBUG o.h.internal.util.EntityPrinter - edu.ncsu.csc.itrust2.models.persistent.LogEntry{secondaryUser=null, logCode=5, primaryUser=logapitest, id=390, time=java.util.GregorianCalendar[time=1521660795669,areFieldsSet=true,areAllFieldsSet=true,lenient=true,zone=sun.util.calendar.ZoneInfo[id="Etc/UTC",offset=0,dstSavings=0,useDaylight=false,transitions=0,lastRule=null],firstDayOfWeek=1,minimalDaysInFirstWeek=1,ERA=1,YEAR=2018,MONTH=2,WEEK_OF_YEAR=12,WEEK_OF_MONTH=4,DAY_OF_MONTH=21,DAY_OF_YEAR=80,DAY_OF_WEEK=4,DAY_OF_WEEK_IN_MONTH=3,AM_PM=1,HOUR=7,HOUR_OF_DAY=19,MINUTE=33,SECOND=15,MILLISECOND=669,ZONE_OFFSET=0,DST_OFFSET=0], message=null}
19:33:15.673 [main] DEBUG org.hibernate.SQL - insert into LogEntries (logCode, message, primaryUser, secondaryUser, time, id) values (?, ?, ?, ?, ?, ?)
Hibernate: insert into LogEntries (logCode, message, primaryUser, secondaryUser, time, id) values (?, ?, ?, ?, ?, ?)
19:33:15.675 [main] DEBUG o.h.e.j.internal.JdbcCoordinatorImpl - HHH000420: Closing un-released batch
19:33:15.678 [main] DEBUG o.h.e.t.internal.TransactionImpl - begin
19:33:15.679 [main] DEBUG org.hibernate.SQL - select next_val as id_val from hibernate_sequence for update
Hibernate: select next_val as id_val from hibernate_sequence for update
19:33:15.681 [main] DEBUG org.hibernate.SQL - update hibernate_sequence set next_val= ? where next_val=?
Hibernate: update hibernate_sequence set next_val= ? where next_val=?
19:33:15.683 [main] DEBUG o.h.e.i.AbstractSaveEventListener - Generated identifier: 391, using strategy: org.hibernate.id.enhanced.SequenceStyleGenerator
19:33:15.683 [main] DEBUG o.h.e.t.internal.TransactionImpl - committing
19:33:15.683 [main] DEBUG o.h.e.i.AbstractFlushingEventListener - Processing flush-time cascades
19:33:15.683 [main] DEBUG o.h.e.i.AbstractFlushingEventListener - Dirty checking collections
19:33:15.684 [main] DEBUG o.h.e.i.AbstractFlushingEventListener - Flushed: 1 insertions, 0 updates, 0 deletions to 1 objects
19:33:15.684 [main] DEBUG o.h.e.i.AbstractFlushingEventListener - Flushed: 0 (re)creations, 0 updates, 0 removals to 0 collections
19:33:15.684 [main] DEBUG o.h.internal.util.EntityPrinter - Listing entities:
19:33:15.684 [main] DEBUG o.h.internal.util.EntityPrinter - edu.ncsu.csc.itrust2.models.persistent.LogEntry{secondaryUser=null, logCode=5, primaryUser=logapitest, id=391, time=java.util.GregorianCalendar[time=1521660795678,areFieldsSet=true,areAllFieldsSet=true,lenient=true,zone=sun.util.calendar.ZoneInfo[id="Etc/UTC",offset=0,dstSavings=0,useDaylight=false,transitions=0,lastRule=null],firstDayOfWeek=1,minimalDaysInFirstWeek=1,ERA=1,YEAR=2018,MONTH=2,WEEK_OF_YEAR=12,WEEK_OF_MONTH=4,DAY_OF_MONTH=21,DAY_OF_YEAR=80,DAY_OF_WEEK=4,DAY_OF_WEEK_IN_MONTH=3,AM_PM=1,HOUR=7,HOUR_OF_DAY=19,MINUTE=33,SECOND=15,MILLISECOND=678,ZONE_OFFSET=0,DST_OFFSET=0], message=null}
19:33:15.686 [main] DEBUG org.hibernate.SQL - insert into LogEntries (logCode, message, primaryUser, secondaryUser, time, id) values (?, ?, ?, ?, ?, ?)
Hibernate: insert into LogEntries (logCode, message, primaryUser, secondaryUser, time, id) values (?, ?, ?, ?, ?, ?)
19:33:15.688 [main] DEBUG o.h.e.j.internal.JdbcCoordinatorImpl - HHH000420: Closing un-released batch
19:33:15.689 [main] DEBUG o.h.e.t.internal.TransactionImpl - begin
19:33:15.690 [main] DEBUG org.hibernate.SQL - select next_val as id_val from hibernate_sequence for update
Hibernate: select next_val as id_val from hibernate_sequence for update
19:33:15.690 [main] DEBUG org.hibernate.SQL - update hibernate_sequence set next_val= ? where next_val=?
Hibernate: update hibernate_sequence set next_val= ? where next_val=?
19:33:15.692 [main] DEBUG o.h.e.i.AbstractSaveEventListener - Generated identifier: 392, using strategy: org.hibernate.id.enhanced.SequenceStyleGenerator
19:33:15.693 [main] DEBUG o.h.e.t.internal.TransactionImpl - committing
19:33:15.693 [main] DEBUG o.h.e.i.AbstractFlushingEventListener - Processing flush-time cascades
19:33:15.693 [main] DEBUG o.h.e.i.AbstractFlushingEventListener - Dirty checking collections
19:33:15.694 [main] DEBUG o.h.e.i.AbstractFlushingEventListener - Flushed: 1 insertions, 0 updates, 0 deletions to 1 objects
19:33:15.694 [main] DEBUG o.h.e.i.AbstractFlushingEventListener - Flushed: 0 (re)creations, 0 updates, 0 removals to 0 collections
19:33:15.694 [main] DEBUG o.h.internal.util.EntityPrinter - Listing entities:
19:33:15.694 [main] DEBUG o.h.internal.util.EntityPrinter - edu.ncsu.csc.itrust2.models.persistent.LogEntry{secondaryUser=null, logCode=5, primaryUser=logapitest, id=392, time=java.util.GregorianCalendar[time=1521660795688,areFieldsSet=true,areAllFieldsSet=true,lenient=true,zone=sun.util.calendar.ZoneInfo[id="Etc/UTC",offset=0,dstSavings=0,useDaylight=false,transitions=0,lastRule=null],firstDayOfWeek=1,minimalDaysInFirstWeek=1,ERA=1,YEAR=2018,MONTH=2,WEEK_OF_YEAR=12,WEEK_OF_MONTH=4,DAY_OF_MONTH=21,DAY_OF_YEAR=80,DAY_OF_WEEK=4,DAY_OF_WEEK_IN_MONTH=3,AM_PM=1,HOUR=7,HOUR_OF_DAY=19,MINUTE=33,SECOND=15,MILLISECOND=688,ZONE_OFFSET=0,DST_OFFSET=0], message=null}
19:33:15.695 [main] DEBUG org.hibernate.SQL - insert into LogEntries (logCode, message, primaryUser, secondaryUser, time, id) values (?, ?, ?, ?, ?, ?)
Hibernate: insert into LogEntries (logCode, message, primaryUser, secondaryUser, time, id) values (?, ?, ?, ?, ?, ?)
19:33:15.697 [main] DEBUG o.h.e.j.internal.JdbcCoordinatorImpl - HHH000420: Closing un-released batch
19:33:15.698 [main] DEBUG o.h.e.t.internal.TransactionImpl - begin
19:33:15.699 [main] DEBUG org.hibernate.SQL - select next_val as id_val from hibernate_sequence for update
Hibernate: select next_val as id_val from hibernate_sequence for update
19:33:15.700 [main] DEBUG org.hibernate.SQL - update hibernate_sequence set next_val= ? where next_val=?
Hibernate: update hibernate_sequence set next_val= ? where next_val=?
19:33:15.703 [main] DEBUG o.h.e.i.AbstractSaveEventListener - Generated identifier: 393, using strategy: org.hibernate.id.enhanced.SequenceStyleGenerator
19:33:15.704 [main] DEBUG o.h.e.t.internal.TransactionImpl - committing
19:33:15.705 [main] DEBUG o.h.e.i.AbstractFlushingEventListener - Processing flush-time cascades
19:33:15.705 [main] DEBUG o.h.e.i.AbstractFlushingEventListener - Dirty checking collections
19:33:15.705 [main] DEBUG o.h.e.i.AbstractFlushingEventListener - Flushed: 1 insertions, 0 updates, 0 deletions to 1 objects
19:33:15.705 [main] DEBUG o.h.e.i.AbstractFlushingEventListener - Flushed: 0 (re)creations, 0 updates, 0 removals to 0 collections
19:33:15.705 [main] DEBUG o.h.internal.util.EntityPrinter - Listing entities:
19:33:15.707 [main] DEBUG o.h.internal.util.EntityPrinter - edu.ncsu.csc.itrust2.models.persistent.LogEntry{secondaryUser=null, logCode=5, primaryUser=logapitest, id=393, time=java.util.GregorianCalendar[time=1521660795698,areFieldsSet=true,areAllFieldsSet=true,lenient=true,zone=sun.util.calendar.ZoneInfo[id="Etc/UTC",offset=0,dstSavings=0,useDaylight=false,transitions=0,lastRule=null],firstDayOfWeek=1,minimalDaysInFirstWeek=1,ERA=1,YEAR=2018,MONTH=2,WEEK_OF_YEAR=12,WEEK_OF_MONTH=4,DAY_OF_MONTH=21,DAY_OF_YEAR=80,DAY_OF_WEEK=4,DAY_OF_WEEK_IN_MONTH=3,AM_PM=1,HOUR=7,HOUR_OF_DAY=19,MINUTE=33,SECOND=15,MILLISECOND=698,ZONE_OFFSET=0,DST_OFFSET=0], message=null}
19:33:15.708 [main] DEBUG org.hibernate.SQL - insert into LogEntries (logCode, message, primaryUser, secondaryUser, time, id) values (?, ?, ?, ?, ?, ?)
Hibernate: insert into LogEntries (logCode, message, primaryUser, secondaryUser, time, id) values (?, ?, ?, ?, ?, ?)
19:33:15.712 [main] DEBUG o.h.e.j.internal.JdbcCoordinatorImpl - HHH000420: Closing un-released batch
19:33:15.713 [main] DEBUG o.h.e.t.internal.TransactionImpl - begin
19:33:15.716 [main] DEBUG org.hibernate.SQL - select next_val as id_val from hibernate_sequence for update
Hibernate: select next_val as id_val from hibernate_sequence for update
19:33:15.717 [main] DEBUG org.hibernate.SQL - update hibernate_sequence set next_val= ? where next_val=?
Hibernate: update hibernate_sequence set next_val= ? where next_val=?
19:33:15.720 [main] DEBUG o.h.e.i.AbstractSaveEventListener - Generated identifier: 394, using strategy: org.hibernate.id.enhanced.SequenceStyleGenerator
19:33:15.721 [main] DEBUG o.h.e.t.internal.TransactionImpl - committing
19:33:15.721 [main] DEBUG o.h.e.i.AbstractFlushingEventListener - Processing flush-time cascades
19:33:15.721 [main] DEBUG o.h.e.i.AbstractFlushingEventListener - Dirty checking collections
19:33:15.721 [main] DEBUG o.h.e.i.AbstractFlushingEventListener - Flushed: 1 insertions, 0 updates, 0 deletions to 1 objects
19:33:15.722 [main] DEBUG o.h.e.i.AbstractFlushingEventListener - Flushed: 0 (re)creations, 0 updates, 0 removals to 0 collections
19:33:15.722 [main] DEBUG o.h.internal.util.EntityPrinter - Listing entities:
19:33:15.722 [main] DEBUG o.h.internal.util.EntityPrinter - edu.ncsu.csc.itrust2.models.persistent.LogEntry{secondaryUser=null, logCode=5, primaryUser=logapitest, id=394, time=java.util.GregorianCalendar[time=1521660795713,areFieldsSet=true,areAllFieldsSet=true,lenient=true,zone=sun.util.calendar.ZoneInfo[id="Etc/UTC",offset=0,dstSavings=0,useDaylight=false,transitions=0,lastRule=null],firstDayOfWeek=1,minimalDaysInFirstWeek=1,ERA=1,YEAR=2018,MONTH=2,WEEK_OF_YEAR=12,WEEK_OF_MONTH=4,DAY_OF_MONTH=21,DAY_OF_YEAR=80,DAY_OF_WEEK=4,DAY_OF_WEEK_IN_MONTH=3,AM_PM=1,HOUR=7,HOUR_OF_DAY=19,MINUTE=33,SECOND=15,MILLISECOND=713,ZONE_OFFSET=0,DST_OFFSET=0], message=null}
19:33:15.724 [main] DEBUG org.hibernate.SQL - insert into LogEntries (logCode, message, primaryUser, secondaryUser, time, id) values (?, ?, ?, ?, ?, ?)
Hibernate: insert into LogEntries (logCode, message, primaryUser, secondaryUser, time, id) values (?, ?, ?, ?, ?, ?)
19:33:15.744 [main] DEBUG o.h.e.j.internal.JdbcCoordinatorImpl - HHH000420: Closing un-released batch
19:33:15.745 [main] DEBUG o.h.e.t.internal.TransactionImpl - begin
19:33:15.747 [main] DEBUG org.hibernate.SQL - select next_val as id_val from hibernate_sequence for update
Hibernate: select next_val as id_val from hibernate_sequence for update
19:33:15.748 [main] DEBUG org.hibernate.SQL - update hibernate_sequence set next_val= ? where next_val=?
Hibernate: update hibernate_sequence set next_val= ? where next_val=?
19:33:15.750 [main] DEBUG o.h.e.i.AbstractSaveEventListener - Generated identifier: 395, using strategy: org.hibernate.id.enhanced.SequenceStyleGenerator
19:33:15.759 [main] DEBUG o.h.e.t.internal.TransactionImpl - committing
19:33:15.760 [main] DEBUG o.h.e.i.AbstractFlushingEventListener - Processing flush-time cascades
19:33:15.760 [main] DEBUG o.h.e.i.AbstractFlushingEventListener - Dirty checking collections
19:33:15.760 [main] DEBUG o.h.e.i.AbstractFlushingEventListener - Flushed: 1 insertions, 0 updates, 0 deletions to 1 objects
19:33:15.760 [main] DEBUG o.h.e.i.AbstractFlushingEventListener - Flushed: 0 (re)creations, 0 updates, 0 removals to 0 collections
19:33:15.760 [main] DEBUG o.h.internal.util.EntityPrinter - Listing entities:
19:33:15.761 [main] DEBUG o.h.internal.util.EntityPrinter - edu.ncsu.csc.itrust2.models.persistent.LogEntry{secondaryUser=null, logCode=5, primaryUser=logapitest, id=395, time=java.util.GregorianCalendar[time=1521660795745,areFieldsSet=true,areAllFieldsSet=true,lenient=true,zone=sun.util.calendar.ZoneInfo[id="Etc/UTC",offset=0,dstSavings=0,useDaylight=false,transitions=0,lastRule=null],firstDayOfWeek=1,minimalDaysInFirstWeek=1,ERA=1,YEAR=2018,MONTH=2,WEEK_OF_YEAR=12,WEEK_OF_MONTH=4,DAY_OF_MONTH=21,DAY_OF_YEAR=80,DAY_OF_WEEK=4,DAY_OF_WEEK_IN_MONTH=3,AM_PM=1,HOUR=7,HOUR_OF_DAY=19,MINUTE=33,SECOND=15,MILLISECOND=745,ZONE_OFFSET=0,DST_OFFSET=0], message=null}
19:33:15.763 [main] DEBUG org.hibernate.SQL - insert into LogEntries (logCode, message, primaryUser, secondaryUser, time, id) values (?, ?, ?, ?, ?, ?)
Hibernate: insert into LogEntries (logCode, message, primaryUser, secondaryUser, time, id) values (?, ?, ?, ?, ?, ?)
19:33:15.766 [main] DEBUG o.h.e.j.internal.JdbcCoordinatorImpl - HHH000420: Closing un-released batch
19:33:15.767 [main] DEBUG o.h.e.t.internal.TransactionImpl - begin
19:33:15.769 [main] DEBUG org.hibernate.SQL - select next_val as id_val from hibernate_sequence for update
Hibernate: select next_val as id_val from hibernate_sequence for update
19:33:15.771 [main] DEBUG org.hibernate.SQL - update hibernate_sequence set next_val= ? where next_val=?
Hibernate: update hibernate_sequence set next_val= ? where next_val=?
19:33:15.773 [main] DEBUG o.h.e.i.AbstractSaveEventListener - Generated identifier: 396, using strategy: org.hibernate.id.enhanced.SequenceStyleGenerator
19:33:15.774 [main] DEBUG o.h.e.t.internal.TransactionImpl - committing
19:33:15.774 [main] DEBUG o.h.e.i.AbstractFlushingEventListener - Processing flush-time cascades
19:33:15.774 [main] DEBUG o.h.e.i.AbstractFlushingEventListener - Dirty checking collections
19:33:15.775 [main] DEBUG o.h.e.i.AbstractFlushingEventListener - Flushed: 1 insertions, 0 updates, 0 deletions to 1 objects
19:33:15.775 [main] DEBUG o.h.e.i.AbstractFlushingEventListener - Flushed: 0 (re)creations, 0 updates, 0 removals to 0 collections
19:33:15.775 [main] DEBUG o.h.internal.util.EntityPrinter - Listing entities:
19:33:15.775 [main] DEBUG o.h.internal.util.EntityPrinter - edu.ncsu.csc.itrust2.models.persistent.LogEntry{secondaryUser=null, logCode=5, primaryUser=logapitest, id=396, time=java.util.GregorianCalendar[time=1521660795767,areFieldsSet=true,areAllFieldsSet=true,lenient=true,zone=sun.util.calendar.ZoneInfo[id="Etc/UTC",offset=0,dstSavings=0,useDaylight=false,transitions=0,lastRule=null],firstDayOfWeek=1,minimalDaysInFirstWeek=1,ERA=1,YEAR=2018,MONTH=2,WEEK_OF_YEAR=12,WEEK_OF_MONTH=4,DAY_OF_MONTH=21,DAY_OF_YEAR=80,DAY_OF_WEEK=4,DAY_OF_WEEK_IN_MONTH=3,AM_PM=1,HOUR=7,HOUR_OF_DAY=19,MINUTE=33,SECOND=15,MILLISECOND=767,ZONE_OFFSET=0,DST_OFFSET=0], message=null}
19:33:15.777 [main] DEBUG org.hibernate.SQL - insert into LogEntries (logCode, message, primaryUser, secondaryUser, time, id) values (?, ?, ?, ?, ?, ?)
Hibernate: insert into LogEntries (logCode, message, primaryUser, secondaryUser, time, id) values (?, ?, ?, ?, ?, ?)
19:33:15.784 [main] DEBUG o.h.e.j.internal.JdbcCoordinatorImpl - HHH000420: Closing un-released batch
19:33:15.785 [main] DEBUG o.h.e.t.internal.TransactionImpl - begin
19:33:15.786 [main] DEBUG org.hibernate.SQL - select next_val as id_val from hibernate_sequence for update
Hibernate: select next_val as id_val from hibernate_sequence for update
19:33:15.786 [main] DEBUG org.hibernate.SQL - update hibernate_sequence set next_val= ? where next_val=?
Hibernate: update hibernate_sequence set next_val= ? where next_val=?
19:33:15.788 [main] DEBUG o.h.e.i.AbstractSaveEventListener - Generated identifier: 397, using strategy: org.hibernate.id.enhanced.SequenceStyleGenerator
19:33:15.789 [main] DEBUG o.h.e.t.internal.TransactionImpl - committing
19:33:15.789 [main] DEBUG o.h.e.i.AbstractFlushingEventListener - Processing flush-time cascades
19:33:15.789 [main] DEBUG o.h.e.i.AbstractFlushingEventListener - Dirty checking collections
19:33:15.789 [main] DEBUG o.h.e.i.AbstractFlushingEventListener - Flushed: 1 insertions, 0 updates, 0 deletions to 1 objects
19:33:15.789 [main] DEBUG o.h.e.i.AbstractFlushingEventListener - Flushed: 0 (re)creations, 0 updates, 0 removals to 0 collections
19:33:15.789 [main] DEBUG o.h.internal.util.EntityPrinter - Listing entities:
19:33:15.789 [main] DEBUG o.h.internal.util.EntityPrinter - edu.ncsu.csc.itrust2.models.persistent.LogEntry{secondaryUser=null, logCode=5, primaryUser=logapitest, id=397, time=java.util.GregorianCalendar[time=1521660795785,areFieldsSet=true,areAllFieldsSet=true,lenient=true,zone=sun.util.calendar.ZoneInfo[id="Etc/UTC",offset=0,dstSavings=0,useDaylight=false,transitions=0,lastRule=null],firstDayOfWeek=1,minimalDaysInFirstWeek=1,ERA=1,YEAR=2018,MONTH=2,WEEK_OF_YEAR=12,WEEK_OF_MONTH=4,DAY_OF_MONTH=21,DAY_OF_YEAR=80,DAY_OF_WEEK=4,DAY_OF_WEEK_IN_MONTH=3,AM_PM=1,HOUR=7,HOUR_OF_DAY=19,MINUTE=33,SECOND=15,MILLISECOND=785,ZONE_OFFSET=0,DST_OFFSET=0], message=null}
19:33:15.800 [main] DEBUG org.hibernate.SQL - insert into LogEntries (logCode, message, primaryUser, secondaryUser, time, id) values (?, ?, ?, ?, ?, ?)
Hibernate: insert into LogEntries (logCode, message, primaryUser, secondaryUser, time, id) values (?, ?, ?, ?, ?, ?)
19:33:15.805 [main] DEBUG o.h.e.j.internal.JdbcCoordinatorImpl - HHH000420: Closing un-released batch
19:33:15.805 [main] DEBUG o.h.e.t.internal.TransactionImpl - begin
19:33:15.807 [main] DEBUG org.hibernate.SQL - select next_val as id_val from hibernate_sequence for update
Hibernate: select next_val as id_val from hibernate_sequence for update
19:33:15.808 [main] DEBUG org.hibernate.SQL - update hibernate_sequence set next_val= ? where next_val=?
Hibernate: update hibernate_sequence set next_val= ? where next_val=?
19:33:15.810 [main] DEBUG o.h.e.i.AbstractSaveEventListener - Generated identifier: 398, using strategy: org.hibernate.id.enhanced.SequenceStyleGenerator
19:33:15.811 [main] DEBUG o.h.e.t.internal.TransactionImpl - committing
19:33:15.811 [main] DEBUG o.h.e.i.AbstractFlushingEventListener - Processing flush-time cascades
19:33:15.811 [main] DEBUG o.h.e.i.AbstractFlushingEventListener - Dirty checking collections
19:33:15.811 [main] DEBUG o.h.e.i.AbstractFlushingEventListener - Flushed: 1 insertions, 0 updates, 0 deletions to 1 objects
19:33:15.811 [main] DEBUG o.h.e.i.AbstractFlushingEventListener - Flushed: 0 (re)creations, 0 updates, 0 removals to 0 collections
19:33:15.811 [main] DEBUG o.h.internal.util.EntityPrinter - Listing entities:
19:33:15.811 [main] DEBUG o.h.internal.util.EntityPrinter - edu.ncsu.csc.itrust2.models.persistent.LogEntry{secondaryUser=null, logCode=5, primaryUser=logapitest, id=398, time=java.util.GregorianCalendar[time=1521660795805,areFieldsSet=true,areAllFieldsSet=true,lenient=true,zone=sun.util.calendar.ZoneInfo[id="Etc/UTC",offset=0,dstSavings=0,useDaylight=false,transitions=0,lastRule=null],firstDayOfWeek=1,minimalDaysInFirstWeek=1,ERA=1,YEAR=2018,MONTH=2,WEEK_OF_YEAR=12,WEEK_OF_MONTH=4,DAY_OF_MONTH=21,DAY_OF_YEAR=80,DAY_OF_WEEK=4,DAY_OF_WEEK_IN_MONTH=3,AM_PM=1,HOUR=7,HOUR_OF_DAY=19,MINUTE=33,SECOND=15,MILLISECOND=805,ZONE_OFFSET=0,DST_OFFSET=0], message=null}
19:33:15.816 [main] DEBUG org.hibernate.SQL - insert into LogEntries (logCode, message, primaryUser, secondaryUser, time, id) values (?, ?, ?, ?, ?, ?)
Hibernate: insert into LogEntries (logCode, message, primaryUser, secondaryUser, time, id) values (?, ?, ?, ?, ?, ?)
19:33:15.824 [main] DEBUG o.h.e.j.internal.JdbcCoordinatorImpl - HHH000420: Closing un-released batch
19:33:15.824 [main] DEBUG o.h.e.t.internal.TransactionImpl - begin
19:33:15.826 [main] DEBUG org.hibernate.SQL - select next_val as id_val from hibernate_sequence for update
Hibernate: select next_val as id_val from hibernate_sequence for update
19:33:15.827 [main] DEBUG org.hibernate.SQL - update hibernate_sequence set next_val= ? where next_val=?
Hibernate: update hibernate_sequence set next_val= ? where next_val=?
19:33:15.828 [main] DEBUG o.h.e.i.AbstractSaveEventListener - Generated identifier: 399, using strategy: org.hibernate.id.enhanced.SequenceStyleGenerator
19:33:15.829 [main] DEBUG o.h.e.t.internal.TransactionImpl - committing
19:33:15.830 [main] DEBUG o.h.e.i.AbstractFlushingEventListener - Processing flush-time cascades
19:33:15.830 [main] DEBUG o.h.e.i.AbstractFlushingEventListener - Dirty checking collections
19:33:15.830 [main] DEBUG o.h.e.i.AbstractFlushingEventListener - Flushed: 1 insertions, 0 updates, 0 deletions to 1 objects
19:33:15.830 [main] DEBUG o.h.e.i.AbstractFlushingEventListener - Flushed: 0 (re)creations, 0 updates, 0 removals to 0 collections
19:33:15.831 [main] DEBUG o.h.internal.util.EntityPrinter - Listing entities:
19:33:15.831 [main] DEBUG o.h.internal.util.EntityPrinter - edu.ncsu.csc.itrust2.models.persistent.LogEntry{secondaryUser=null, logCode=5, primaryUser=logapitest, id=399, time=java.util.GregorianCalendar[time=1521660795824,areFieldsSet=true,areAllFieldsSet=true,lenient=true,zone=sun.util.calendar.ZoneInfo[id="Etc/UTC",offset=0,dstSavings=0,useDaylight=false,transitions=0,lastRule=null],firstDayOfWeek=1,minimalDaysInFirstWeek=1,ERA=1,YEAR=2018,MONTH=2,WEEK_OF_YEAR=12,WEEK_OF_MONTH=4,DAY_OF_MONTH=21,DAY_OF_YEAR=80,DAY_OF_WEEK=4,DAY_OF_WEEK_IN_MONTH=3,AM_PM=1,HOUR=7,HOUR_OF_DAY=19,MINUTE=33,SECOND=15,MILLISECOND=824,ZONE_OFFSET=0,DST_OFFSET=0], message=null}
19:33:15.831 [main] DEBUG org.hibernate.SQL - insert into LogEntries (logCode, message, primaryUser, secondaryUser, time, id) values (?, ?, ?, ?, ?, ?)
Hibernate: insert into LogEntries (logCode, message, primaryUser, secondaryUser, time, id) values (?, ?, ?, ?, ?, ?)
19:33:15.834 [main] DEBUG o.h.e.j.internal.JdbcCoordinatorImpl - HHH000420: Closing un-released batch
19:33:15.880 [main] DEBUG o.h.e.t.internal.TransactionImpl - begin
19:33:15.881 [main] DEBUG org.hibernate.SQL - select next_val as id_val from hibernate_sequence for update
Hibernate: select next_val as id_val from hibernate_sequence for update
19:33:15.882 [main] DEBUG org.hibernate.SQL - update hibernate_sequence set next_val= ? where next_val=?
Hibernate: update hibernate_sequence set next_val= ? where next_val=?
19:33:15.883 [main] DEBUG o.h.e.i.AbstractSaveEventListener - Generated identifier: 400, using strategy: org.hibernate.id.enhanced.SequenceStyleGenerator
19:33:15.883 [main] DEBUG o.h.e.t.internal.TransactionImpl - committing
19:33:15.883 [main] DEBUG o.h.e.i.AbstractFlushingEventListener - Processing flush-time cascades
19:33:15.883 [main] DEBUG o.h.e.i.AbstractFlushingEventListener - Dirty checking collections
19:33:15.883 [main] DEBUG o.h.e.i.AbstractFlushingEventListener - Flushed: 1 insertions, 0 updates, 0 deletions to 1 objects
19:33:15.883 [main] DEBUG o.h.e.i.AbstractFlushingEventListener - Flushed: 0 (re)creations, 0 updates, 0 removals to 0 collections
19:33:15.883 [main] DEBUG o.h.internal.util.EntityPrinter - Listing entities:
19:33:15.883 [main] DEBUG o.h.internal.util.EntityPrinter - edu.ncsu.csc.itrust2.models.persistent.LogEntry{secondaryUser=null, logCode=5, primaryUser=logapitest, id=400, time=java.util.GregorianCalendar[time=1521660795880,areFieldsSet=true,areAllFieldsSet=true,lenient=true,zone=sun.util.calendar.ZoneInfo[id="Etc/UTC",offset=0,dstSavings=0,useDaylight=false,transitions=0,lastRule=null],firstDayOfWeek=1,minimalDaysInFirstWeek=1,ERA=1,YEAR=2018,MONTH=2,WEEK_OF_YEAR=12,WEEK_OF_MONTH=4,DAY_OF_MONTH=21,DAY_OF_YEAR=80,DAY_OF_WEEK=4,DAY_OF_WEEK_IN_MONTH=3,AM_PM=1,HOUR=7,HOUR_OF_DAY=19,MINUTE=33,SECOND=15,MILLISECOND=880,ZONE_OFFSET=0,DST_OFFSET=0], message=null}
19:33:15.883 [main] DEBUG org.hibernate.SQL - insert into LogEntries (logCode, message, primaryUser, secondaryUser, time, id) values (?, ?, ?, ?, ?, ?)
Hibernate: insert into LogEntries (logCode, message, primaryUser, secondaryUser, time, id) values (?, ?, ?, ?, ?, ?)
19:33:15.885 [main] DEBUG o.h.e.j.internal.JdbcCoordinatorImpl - HHH000420: Closing un-released batch
19:33:15.885 [main] DEBUG o.h.e.t.internal.TransactionImpl - begin
19:33:15.886 [main] DEBUG org.hibernate.SQL - select next_val as id_val from hibernate_sequence for update
Hibernate: select next_val as id_val from hibernate_sequence for update
19:33:15.886 [main] DEBUG org.hibernate.SQL - update hibernate_sequence set next_val= ? where next_val=?
Hibernate: update hibernate_sequence set next_val= ? where next_val=?
19:33:15.888 [main] DEBUG o.h.e.i.AbstractSaveEventListener - Generated identifier: 401, using strategy: org.hibernate.id.enhanced.SequenceStyleGenerator
19:33:15.888 [main] DEBUG o.h.e.t.internal.TransactionImpl - committing
19:33:15.888 [main] DEBUG o.h.e.i.AbstractFlushingEventListener - Processing flush-time cascades
19:33:15.888 [main] DEBUG o.h.e.i.AbstractFlushingEventListener - Dirty checking collections
19:33:15.889 [main] DEBUG o.h.e.i.AbstractFlushingEventListener - Flushed: 1 insertions, 0 updates, 0 deletions to 1 objects
19:33:15.889 [main] DEBUG o.h.e.i.AbstractFlushingEventListener - Flushed: 0 (re)creations, 0 updates, 0 removals to 0 collections
19:33:15.889 [main] DEBUG o.h.internal.util.EntityPrinter - Listing entities:
19:33:15.889 [main] DEBUG o.h.internal.util.EntityPrinter - edu.ncsu.csc.itrust2.models.persistent.LogEntry{secondaryUser=null, logCode=5, primaryUser=logapitest, id=401, time=java.util.GregorianCalendar[time=1521660795885,areFieldsSet=true,areAllFieldsSet=true,lenient=true,zone=sun.util.calendar.ZoneInfo[id="Etc/UTC",offset=0,dstSavings=0,useDaylight=false,transitions=0,lastRule=null],firstDayOfWeek=1,minimalDaysInFirstWeek=1,ERA=1,YEAR=2018,MONTH=2,WEEK_OF_YEAR=12,WEEK_OF_MONTH=4,DAY_OF_MONTH=21,DAY_OF_YEAR=80,DAY_OF_WEEK=4,DAY_OF_WEEK_IN_MONTH=3,AM_PM=1,HOUR=7,HOUR_OF_DAY=19,MINUTE=33,SECOND=15,MILLISECOND=885,ZONE_OFFSET=0,DST_OFFSET=0], message=null}
19:33:15.890 [main] DEBUG org.hibernate.SQL - insert into LogEntries (logCode, message, primaryUser, secondaryUser, time, id) values (?, ?, ?, ?, ?, ?)
Hibernate: insert into LogEntries (logCode, message, primaryUser, secondaryUser, time, id) values (?, ?, ?, ?, ?, ?)
19:33:15.891 [main] DEBUG o.h.e.j.internal.JdbcCoordinatorImpl - HHH000420: Closing un-released batch
19:33:15.892 [main] DEBUG o.h.e.t.internal.TransactionImpl - begin
19:33:15.893 [main] DEBUG org.hibernate.SQL - select next_val as id_val from hibernate_sequence for update
Hibernate: select next_val as id_val from hibernate_sequence for update
19:33:15.894 [main] DEBUG org.hibernate.SQL - update hibernate_sequence set next_val= ? where next_val=?
Hibernate: update hibernate_sequence set next_val= ? where next_val=?
19:33:15.896 [main] DEBUG o.h.e.i.AbstractSaveEventListener - Generated identifier: 402, using strategy: org.hibernate.id.enhanced.SequenceStyleGenerator
19:33:15.896 [main] DEBUG o.h.e.t.internal.TransactionImpl - committing
19:33:15.897 [main] DEBUG o.h.e.i.AbstractFlushingEventListener - Processing flush-time cascades
19:33:15.897 [main] DEBUG o.h.e.i.AbstractFlushingEventListener - Dirty checking collections
19:33:15.897 [main] DEBUG o.h.e.i.AbstractFlushingEventListener - Flushed: 1 insertions, 0 updates, 0 deletions to 1 objects
19:33:15.897 [main] DEBUG o.h.e.i.AbstractFlushingEventListener - Flushed: 0 (re)creations, 0 updates, 0 removals to 0 collections
19:33:15.897 [main] DEBUG o.h.internal.util.EntityPrinter - Listing entities:
19:33:15.898 [main] DEBUG o.h.internal.util.EntityPrinter - edu.ncsu.csc.itrust2.models.persistent.LogEntry{secondaryUser=null, logCode=5, primaryUser=logapitest, id=402, time=java.util.GregorianCalendar[time=1521660795892,areFieldsSet=true,areAllFieldsSet=true,lenient=true,zone=sun.util.calendar.ZoneInfo[id="Etc/UTC",offset=0,dstSavings=0,useDaylight=false,transitions=0,lastRule=null],firstDayOfWeek=1,minimalDaysInFirstWeek=1,ERA=1,YEAR=2018,MONTH=2,WEEK_OF_YEAR=12,WEEK_OF_MONTH=4,DAY_OF_MONTH=21,DAY_OF_YEAR=80,DAY_OF_WEEK=4,DAY_OF_WEEK_IN_MONTH=3,AM_PM=1,HOUR=7,HOUR_OF_DAY=19,MINUTE=33,SECOND=15,MILLISECOND=892,ZONE_OFFSET=0,DST_OFFSET=0], message=null}
19:33:15.900 [main] DEBUG org.hibernate.SQL - insert into LogEntries (logCode, message, primaryUser, secondaryUser, time, id) values (?, ?, ?, ?, ?, ?)
Hibernate: insert into LogEntries (logCode, message, primaryUser, secondaryUser, time, id) values (?, ?, ?, ?, ?, ?)
19:33:15.904 [main] DEBUG o.h.e.j.internal.JdbcCoordinatorImpl - HHH000420: Closing un-released batch
19:33:15.906 [main] DEBUG o.h.e.t.internal.TransactionImpl - begin
19:33:15.907 [main] DEBUG org.hibernate.SQL - select next_val as id_val from hibernate_sequence for update
Hibernate: select next_val as id_val from hibernate_sequence for update
19:33:15.909 [main] DEBUG org.hibernate.SQL - update hibernate_sequence set next_val= ? where next_val=?
Hibernate: update hibernate_sequence set next_val= ? where next_val=?
19:33:15.910 [main] DEBUG o.h.e.i.AbstractSaveEventListener - Generated identifier: 403, using strategy: org.hibernate.id.enhanced.SequenceStyleGenerator
19:33:15.911 [main] DEBUG o.h.e.t.internal.TransactionImpl - committing
19:33:15.911 [main] DEBUG o.h.e.i.AbstractFlushingEventListener - Processing flush-time cascades
19:33:15.911 [main] DEBUG o.h.e.i.AbstractFlushingEventListener - Dirty checking collections
19:33:15.912 [main] DEBUG o.h.e.i.AbstractFlushingEventListener - Flushed: 1 insertions, 0 updates, 0 deletions to 1 objects
19:33:15.912 [main] DEBUG o.h.e.i.AbstractFlushingEventListener - Flushed: 0 (re)creations, 0 updates, 0 removals to 0 collections
19:33:15.912 [main] DEBUG o.h.internal.util.EntityPrinter - Listing entities:
19:33:15.912 [main] DEBUG o.h.internal.util.EntityPrinter - edu.ncsu.csc.itrust2.models.persistent.LogEntry{secondaryUser=null, logCode=5, primaryUser=logapitest, id=403, time=java.util.GregorianCalendar[time=1521660795906,areFieldsSet=true,areAllFieldsSet=true,lenient=true,zone=sun.util.calendar.ZoneInfo[id="Etc/UTC",offset=0,dstSavings=0,useDaylight=false,transitions=0,lastRule=null],firstDayOfWeek=1,minimalDaysInFirstWeek=1,ERA=1,YEAR=2018,MONTH=2,WEEK_OF_YEAR=12,WEEK_OF_MONTH=4,DAY_OF_MONTH=21,DAY_OF_YEAR=80,DAY_OF_WEEK=4,DAY_OF_WEEK_IN_MONTH=3,AM_PM=1,HOUR=7,HOUR_OF_DAY=19,MINUTE=33,SECOND=15,MILLISECOND=906,ZONE_OFFSET=0,DST_OFFSET=0], message=null}
19:33:15.919 [main] DEBUG org.hibernate.SQL - insert into LogEntries (logCode, message, primaryUser, secondaryUser, time, id) values (?, ?, ?, ?, ?, ?)
Hibernate: insert into LogEntries (logCode, message, primaryUser, secondaryUser, time, id) values (?, ?, ?, ?, ?, ?)
19:33:15.924 [main] DEBUG o.h.e.j.internal.JdbcCoordinatorImpl - HHH000420: Closing un-released batch
19:33:15.925 [main] DEBUG o.h.e.t.internal.TransactionImpl - begin
19:33:15.927 [main] DEBUG org.hibernate.SQL - select next_val as id_val from hibernate_sequence for update
Hibernate: select next_val as id_val from hibernate_sequence for update
19:33:15.928 [main] DEBUG org.hibernate.SQL - update hibernate_sequence set next_val= ? where next_val=?
Hibernate: update hibernate_sequence set next_val= ? where next_val=?
19:33:15.930 [main] DEBUG o.h.e.i.AbstractSaveEventListener - Generated identifier: 404, using strategy: org.hibernate.id.enhanced.SequenceStyleGenerator
19:33:15.931 [main] DEBUG o.h.e.t.internal.TransactionImpl - committing
19:33:15.931 [main] DEBUG o.h.e.i.AbstractFlushingEventListener - Processing flush-time cascades
19:33:15.932 [main] DEBUG o.h.e.i.AbstractFlushingEventListener - Dirty checking collections
19:33:15.932 [main] DEBUG o.h.e.i.AbstractFlushingEventListener - Flushed: 1 insertions, 0 updates, 0 deletions to 1 objects
19:33:15.932 [main] DEBUG o.h.e.i.AbstractFlushingEventListener - Flushed: 0 (re)creations, 0 updates, 0 removals to 0 collections
19:33:15.932 [main] DEBUG o.h.internal.util.EntityPrinter - Listing entities:
19:33:15.932 [main] DEBUG o.h.internal.util.EntityPrinter - edu.ncsu.csc.itrust2.models.persistent.LogEntry{secondaryUser=null, logCode=5, primaryUser=logapitest, id=404, time=java.util.GregorianCalendar[time=1521660795925,areFieldsSet=true,areAllFieldsSet=true,lenient=true,zone=sun.util.calendar.ZoneInfo[id="Etc/UTC",offset=0,dstSavings=0,useDaylight=false,transitions=0,lastRule=null],firstDayOfWeek=1,minimalDaysInFirstWeek=1,ERA=1,YEAR=2018,MONTH=2,WEEK_OF_YEAR=12,WEEK_OF_MONTH=4,DAY_OF_MONTH=21,DAY_OF_YEAR=80,DAY_OF_WEEK=4,DAY_OF_WEEK_IN_MONTH=3,AM_PM=1,HOUR=7,HOUR_OF_DAY=19,MINUTE=33,SECOND=15,MILLISECOND=925,ZONE_OFFSET=0,DST_OFFSET=0], message=null}
19:33:15.936 [main] DEBUG org.hibernate.SQL - insert into LogEntries (logCode, message, primaryUser, secondaryUser, time, id) values (?, ?, ?, ?, ?, ?)
Hibernate: insert into LogEntries (logCode, message, primaryUser, secondaryUser, time, id) values (?, ?, ?, ?, ?, ?)
19:33:15.944 [main] DEBUG o.h.e.j.internal.JdbcCoordinatorImpl - HHH000420: Closing un-released batch
19:33:15.944 [main] DEBUG o.h.e.t.internal.TransactionImpl - begin
19:33:15.948 [main] DEBUG org.hibernate.SQL - select next_val as id_val from hibernate_sequence for update
Hibernate: select next_val as id_val from hibernate_sequence for update
19:33:15.949 [main] DEBUG org.hibernate.SQL - update hibernate_sequence set next_val= ? where next_val=?
Hibernate: update hibernate_sequence set next_val= ? where next_val=?
19:33:15.952 [main] DEBUG o.h.e.i.AbstractSaveEventListener - Generated identifier: 405, using strategy: org.hibernate.id.enhanced.SequenceStyleGenerator
19:33:15.952 [main] DEBUG o.h.e.t.internal.TransactionImpl - committing
19:33:15.953 [main] DEBUG o.h.e.i.AbstractFlushingEventListener - Processing flush-time cascades
19:33:15.953 [main] DEBUG o.h.e.i.AbstractFlushingEventListener - Dirty checking collections
19:33:15.953 [main] DEBUG o.h.e.i.AbstractFlushingEventListener - Flushed: 1 insertions, 0 updates, 0 deletions to 1 objects
19:33:15.954 [main] DEBUG o.h.e.i.AbstractFlushingEventListener - Flushed: 0 (re)creations, 0 updates, 0 removals to 0 collections
19:33:15.954 [main] DEBUG o.h.internal.util.EntityPrinter - Listing entities:
19:33:15.954 [main] DEBUG o.h.internal.util.EntityPrinter - edu.ncsu.csc.itrust2.models.persistent.LogEntry{secondaryUser=null, logCode=5, primaryUser=logapitest, id=405, time=java.util.GregorianCalendar[time=1521660795944,areFieldsSet=true,areAllFieldsSet=true,lenient=true,zone=sun.util.calendar.ZoneInfo[id="Etc/UTC",offset=0,dstSavings=0,useDaylight=false,transitions=0,lastRule=null],firstDayOfWeek=1,minimalDaysInFirstWeek=1,ERA=1,YEAR=2018,MONTH=2,WEEK_OF_YEAR=12,WEEK_OF_MONTH=4,DAY_OF_MONTH=21,DAY_OF_YEAR=80,DAY_OF_WEEK=4,DAY_OF_WEEK_IN_MONTH=3,AM_PM=1,HOUR=7,HOUR_OF_DAY=19,MINUTE=33,SECOND=15,MILLISECOND=944,ZONE_OFFSET=0,DST_OFFSET=0], message=null}
19:33:15.956 [main] DEBUG org.hibernate.SQL - insert into LogEntries (logCode, message, primaryUser, secondaryUser, time, id) values (?, ?, ?, ?, ?, ?)
Hibernate: insert into LogEntries (logCode, message, primaryUser, secondaryUser, time, id) values (?, ?, ?, ?, ?, ?)
19:33:15.961 [main] DEBUG o.h.e.j.internal.JdbcCoordinatorImpl - HHH000420: Closing un-released batch
19:33:15.962 [main] DEBUG o.h.e.t.internal.TransactionImpl - begin
19:33:15.965 [main] DEBUG org.hibernate.SQL - select next_val as id_val from hibernate_sequence for update
Hibernate: select next_val as id_val from hibernate_sequence for update
19:33:15.966 [main] DEBUG org.hibernate.SQL - update hibernate_sequence set next_val= ? where next_val=?
Hibernate: update hibernate_sequence set next_val= ? where next_val=?
19:33:15.968 [main] DEBUG o.h.e.i.AbstractSaveEventListener - Generated identifier: 406, using strategy: org.hibernate.id.enhanced.SequenceStyleGenerator
19:33:15.969 [main] DEBUG o.h.e.t.internal.TransactionImpl - committing
19:33:15.969 [main] DEBUG o.h.e.i.AbstractFlushingEventListener - Processing flush-time cascades
19:33:15.969 [main] DEBUG o.h.e.i.AbstractFlushingEventListener - Dirty checking collections
19:33:15.969 [main] DEBUG o.h.e.i.AbstractFlushingEventListener - Flushed: 1 insertions, 0 updates, 0 deletions to 1 objects
19:33:15.970 [main] DEBUG o.h.e.i.AbstractFlushingEventListener - Flushed: 0 (re)creations, 0 updates, 0 removals to 0 collections
19:33:15.970 [main] DEBUG o.h.internal.util.EntityPrinter - Listing entities:
19:33:15.970 [main] DEBUG o.h.internal.util.EntityPrinter - edu.ncsu.csc.itrust2.models.persistent.LogEntry{secondaryUser=null, logCode=5, primaryUser=logapitest, id=406, time=java.util.GregorianCalendar[time=1521660795962,areFieldsSet=true,areAllFieldsSet=true,lenient=true,zone=sun.util.calendar.ZoneInfo[id="Etc/UTC",offset=0,dstSavings=0,useDaylight=false,transitions=0,lastRule=null],firstDayOfWeek=1,minimalDaysInFirstWeek=1,ERA=1,YEAR=2018,MONTH=2,WEEK_OF_YEAR=12,WEEK_OF_MONTH=4,DAY_OF_MONTH=21,DAY_OF_YEAR=80,DAY_OF_WEEK=4,DAY_OF_WEEK_IN_MONTH=3,AM_PM=1,HOUR=7,HOUR_OF_DAY=19,MINUTE=33,SECOND=15,MILLISECOND=962,ZONE_OFFSET=0,DST_OFFSET=0], message=null}
19:33:15.971 [main] DEBUG org.hibernate.SQL - insert into LogEntries (logCode, message, primaryUser, secondaryUser, time, id) values (?, ?, ?, ?, ?, ?)
Hibernate: insert into LogEntries (logCode, message, primaryUser, secondaryUser, time, id) values (?, ?, ?, ?, ?, ?)
19:33:15.973 [main] DEBUG o.h.e.j.internal.JdbcCoordinatorImpl - HHH000420: Closing un-released batch
19:33:15.975 [main] DEBUG o.h.e.t.internal.TransactionImpl - begin
19:33:15.976 [main] DEBUG org.hibernate.SQL - select next_val as id_val from hibernate_sequence for update
Hibernate: select next_val as id_val from hibernate_sequence for update
19:33:15.977 [main] DEBUG org.hibernate.SQL - update hibernate_sequence set next_val= ? where next_val=?
Hibernate: update hibernate_sequence set next_val= ? where next_val=?
19:33:15.979 [main] DEBUG o.h.e.i.AbstractSaveEventListener - Generated identifier: 407, using strategy: org.hibernate.id.enhanced.SequenceStyleGenerator
19:33:15.979 [main] DEBUG o.h.e.t.internal.TransactionImpl - committing
19:33:15.980 [main] DEBUG o.h.e.i.AbstractFlushingEventListener - Processing flush-time cascades
19:33:15.980 [main] DEBUG o.h.e.i.AbstractFlushingEventListener - Dirty checking collections
19:33:15.980 [main] DEBUG o.h.e.i.AbstractFlushingEventListener - Flushed: 1 insertions, 0 updates, 0 deletions to 1 objects
19:33:15.981 [main] DEBUG o.h.e.i.AbstractFlushingEventListener - Flushed: 0 (re)creations, 0 updates, 0 removals to 0 collections
19:33:15.981 [main] DEBUG o.h.internal.util.EntityPrinter - Listing entities:
19:33:15.981 [main] DEBUG o.h.internal.util.EntityPrinter - edu.ncsu.csc.itrust2.models.persistent.LogEntry{secondaryUser=null, logCode=5, primaryUser=logapitest, id=407, time=java.util.GregorianCalendar[time=1521660795975,areFieldsSet=true,areAllFieldsSet=true,lenient=true,zone=sun.util.calendar.ZoneInfo[id="Etc/UTC",offset=0,dstSavings=0,useDaylight=false,transitions=0,lastRule=null],firstDayOfWeek=1,minimalDaysInFirstWeek=1,ERA=1,YEAR=2018,MONTH=2,WEEK_OF_YEAR=12,WEEK_OF_MONTH=4,DAY_OF_MONTH=21,DAY_OF_YEAR=80,DAY_OF_WEEK=4,DAY_OF_WEEK_IN_MONTH=3,AM_PM=1,HOUR=7,HOUR_OF_DAY=19,MINUTE=33,SECOND=15,MILLISECOND=975,ZONE_OFFSET=0,DST_OFFSET=0], message=null}
19:33:15.982 [main] DEBUG org.hibernate.SQL - insert into LogEntries (logCode, message, primaryUser, secondaryUser, time, id) values (?, ?, ?, ?, ?, ?)
Hibernate: insert into LogEntries (logCode, message, primaryUser, secondaryUser, time, id) values (?, ?, ?, ?, ?, ?)
19:33:15.985 [main] DEBUG o.h.e.j.internal.JdbcCoordinatorImpl - HHH000420: Closing un-released batch
19:33:15.986 [main] DEBUG o.h.e.t.internal.TransactionImpl - begin
19:33:15.986 [main] DEBUG org.hibernate.SQL - select next_val as id_val from hibernate_sequence for update
Hibernate: select next_val as id_val from hibernate_sequence for update
19:33:15.988 [main] DEBUG org.hibernate.SQL - update hibernate_sequence set next_val= ? where next_val=?
Hibernate: update hibernate_sequence set next_val= ? where next_val=?
19:33:15.990 [main] DEBUG o.h.e.i.AbstractSaveEventListener - Generated identifier: 408, using strategy: org.hibernate.id.enhanced.SequenceStyleGenerator
19:33:15.990 [main] DEBUG o.h.e.t.internal.TransactionImpl - committing
19:33:15.991 [main] DEBUG o.h.e.i.AbstractFlushingEventListener - Processing flush-time cascades
19:33:15.991 [main] DEBUG o.h.e.i.AbstractFlushingEventListener - Dirty checking collections
19:33:15.991 [main] DEBUG o.h.e.i.AbstractFlushingEventListener - Flushed: 1 insertions, 0 updates, 0 deletions to 1 objects
19:33:15.992 [main] DEBUG o.h.e.i.AbstractFlushingEventListener - Flushed: 0 (re)creations, 0 updates, 0 removals to 0 collections
19:33:15.992 [main] DEBUG o.h.internal.util.EntityPrinter - Listing entities:
19:33:15.992 [main] DEBUG o.h.internal.util.EntityPrinter - edu.ncsu.csc.itrust2.models.persistent.LogEntry{secondaryUser=null, logCode=5, primaryUser=logapitest, id=408, time=java.util.GregorianCalendar[time=1521660795985,areFieldsSet=true,areAllFieldsSet=true,lenient=true,zone=sun.util.calendar.ZoneInfo[id="Etc/UTC",offset=0,dstSavings=0,useDaylight=false,transitions=0,lastRule=null],firstDayOfWeek=1,minimalDaysInFirstWeek=1,ERA=1,YEAR=2018,MONTH=2,WEEK_OF_YEAR=12,WEEK_OF_MONTH=4,DAY_OF_MONTH=21,DAY_OF_YEAR=80,DAY_OF_WEEK=4,DAY_OF_WEEK_IN_MONTH=3,AM_PM=1,HOUR=7,HOUR_OF_DAY=19,MINUTE=33,SECOND=15,MILLISECOND=985,ZONE_OFFSET=0,DST_OFFSET=0], message=null}
19:33:15.992 [main] DEBUG org.hibernate.SQL - insert into LogEntries (logCode, message, primaryUser, secondaryUser, time, id) values (?, ?, ?, ?, ?, ?)
Hibernate: insert into LogEntries (logCode, message, primaryUser, secondaryUser, time, id) values (?, ?, ?, ?, ?, ?)
19:33:15.995 [main] DEBUG o.h.e.j.internal.JdbcCoordinatorImpl - HHH000420: Closing un-released batch
19:33:15.996 [main] DEBUG o.h.e.t.internal.TransactionImpl - begin
19:33:15.998 [main] DEBUG org.hibernate.SQL - select next_val as id_val from hibernate_sequence for update
Hibernate: select next_val as id_val from hibernate_sequence for update
19:33:15.999 [main] DEBUG org.hibernate.SQL - update hibernate_sequence set next_val= ? where next_val=?
Hibernate: update hibernate_sequence set next_val= ? where next_val=?
19:33:16.001 [main] DEBUG o.h.e.i.AbstractSaveEventListener - Generated identifier: 409, using strategy: org.hibernate.id.enhanced.SequenceStyleGenerator
19:33:16.002 [main] DEBUG o.h.e.t.internal.TransactionImpl - committing
19:33:16.003 [main] DEBUG o.h.e.i.AbstractFlushingEventListener - Processing flush-time cascades
19:33:16.003 [main] DEBUG o.h.e.i.AbstractFlushingEventListener - Dirty checking collections
19:33:16.003 [main] DEBUG o.h.e.i.AbstractFlushingEventListener - Flushed: 1 insertions, 0 updates, 0 deletions to 1 objects
19:33:16.003 [main] DEBUG o.h.e.i.AbstractFlushingEventListener - Flushed: 0 (re)creations, 0 updates, 0 removals to 0 collections
19:33:16.004 [main] DEBUG o.h.internal.util.EntityPrinter - Listing entities:
19:33:16.004 [main] DEBUG o.h.internal.util.EntityPrinter - edu.ncsu.csc.itrust2.models.persistent.LogEntry{secondaryUser=null, logCode=5, primaryUser=logapitest, id=409, time=java.util.GregorianCalendar[time=1521660795996,areFieldsSet=true,areAllFieldsSet=true,lenient=true,zone=sun.util.calendar.ZoneInfo[id="Etc/UTC",offset=0,dstSavings=0,useDaylight=false,transitions=0,lastRule=null],firstDayOfWeek=1,minimalDaysInFirstWeek=1,ERA=1,YEAR=2018,MONTH=2,WEEK_OF_YEAR=12,WEEK_OF_MONTH=4,DAY_OF_MONTH=21,DAY_OF_YEAR=80,DAY_OF_WEEK=4,DAY_OF_WEEK_IN_MONTH=3,AM_PM=1,HOUR=7,HOUR_OF_DAY=19,MINUTE=33,SECOND=15,MILLISECOND=996,ZONE_OFFSET=0,DST_OFFSET=0], message=null}
19:33:16.006 [main] DEBUG org.hibernate.SQL - insert into LogEntries (logCode, message, primaryUser, secondaryUser, time, id) values (?, ?, ?, ?, ?, ?)
Hibernate: insert into LogEntries (logCode, message, primaryUser, secondaryUser, time, id) values (?, ?, ?, ?, ?, ?)
19:33:16.009 [main] DEBUG o.h.e.j.internal.JdbcCoordinatorImpl - HHH000420: Closing un-released batch
19:33:16.009 [main] DEBUG o.h.e.t.internal.TransactionImpl - begin
19:33:16.011 [main] DEBUG org.hibernate.SQL - select next_val as id_val from hibernate_sequence for update
Hibernate: select next_val as id_val from hibernate_sequence for update
19:33:16.012 [main] DEBUG org.hibernate.SQL - update hibernate_sequence set next_val= ? where next_val=?
Hibernate: update hibernate_sequence set next_val= ? where next_val=?
19:33:16.014 [main] DEBUG o.h.e.i.AbstractSaveEventListener - Generated identifier: 410, using strategy: org.hibernate.id.enhanced.SequenceStyleGenerator
19:33:16.015 [main] DEBUG o.h.e.t.internal.TransactionImpl - committing
19:33:16.015 [main] DEBUG o.h.e.i.AbstractFlushingEventListener - Processing flush-time cascades
19:33:16.015 [main] DEBUG o.h.e.i.AbstractFlushingEventListener - Dirty checking collections
19:33:16.016 [main] DEBUG o.h.e.i.AbstractFlushingEventListener - Flushed: 1 insertions, 0 updates, 0 deletions to 1 objects
19:33:16.016 [main] DEBUG o.h.e.i.AbstractFlushingEventListener - Flushed: 0 (re)creations, 0 updates, 0 removals to 0 collections
19:33:16.016 [main] DEBUG o.h.internal.util.EntityPrinter - Listing entities:
19:33:16.016 [main] DEBUG o.h.internal.util.EntityPrinter - edu.ncsu.csc.itrust2.models.persistent.LogEntry{secondaryUser=null, logCode=5, primaryUser=logapitest, id=410, time=java.util.GregorianCalendar[time=1521660796009,areFieldsSet=true,areAllFieldsSet=true,lenient=true,zone=sun.util.calendar.ZoneInfo[id="Etc/UTC",offset=0,dstSavings=0,useDaylight=false,transitions=0,lastRule=null],firstDayOfWeek=1,minimalDaysInFirstWeek=1,ERA=1,YEAR=2018,MONTH=2,WEEK_OF_YEAR=12,WEEK_OF_MONTH=4,DAY_OF_MONTH=21,DAY_OF_YEAR=80,DAY_OF_WEEK=4,DAY_OF_WEEK_IN_MONTH=3,AM_PM=1,HOUR=7,HOUR_OF_DAY=19,MINUTE=33,SECOND=16,MILLISECOND=9,ZONE_OFFSET=0,DST_OFFSET=0], message=null}
19:33:16.017 [main] DEBUG org.hibernate.SQL - insert into LogEntries (logCode, message, primaryUser, secondaryUser, time, id) values (?, ?, ?, ?, ?, ?)
Hibernate: insert into LogEntries (logCode, message, primaryUser, secondaryUser, time, id) values (?, ?, ?, ?, ?, ?)
19:33:16.020 [main] DEBUG o.h.e.j.internal.JdbcCoordinatorImpl - HHH000420: Closing un-released batch
19:33:16.020 [main] DEBUG o.h.e.t.internal.TransactionImpl - begin
19:33:16.021 [main] DEBUG org.hibernate.SQL - select next_val as id_val from hibernate_sequence for update
Hibernate: select next_val as id_val from hibernate_sequence for update
19:33:16.022 [main] DEBUG org.hibernate.SQL - update hibernate_sequence set next_val= ? where next_val=?
Hibernate: update hibernate_sequence set next_val= ? where next_val=?
19:33:16.023 [main] DEBUG o.h.e.i.AbstractSaveEventListener - Generated identifier: 411, using strategy: org.hibernate.id.enhanced.SequenceStyleGenerator
19:33:16.023 [main] DEBUG o.h.e.t.internal.TransactionImpl - committing
19:33:16.023 [main] DEBUG o.h.e.i.AbstractFlushingEventListener - Processing flush-time cascades
19:33:16.023 [main] DEBUG o.h.e.i.AbstractFlushingEventListener - Dirty checking collections
19:33:16.023 [main] DEBUG o.h.e.i.AbstractFlushingEventListener - Flushed: 1 insertions, 0 updates, 0 deletions to 1 objects
19:33:16.023 [main] DEBUG o.h.e.i.AbstractFlushingEventListener - Flushed: 0 (re)creations, 0 updates, 0 removals to 0 collections
19:33:16.023 [main] DEBUG o.h.internal.util.EntityPrinter - Listing entities:
19:33:16.023 [main] DEBUG o.h.internal.util.EntityPrinter - edu.ncsu.csc.itrust2.models.persistent.LogEntry{secondaryUser=null, logCode=5, primaryUser=logapitest, id=411, time=java.util.GregorianCalendar[time=1521660796020,areFieldsSet=true,areAllFieldsSet=true,lenient=true,zone=sun.util.calendar.ZoneInfo[id="Etc/UTC",offset=0,dstSavings=0,useDaylight=false,transitions=0,lastRule=null],firstDayOfWeek=1,minimalDaysInFirstWeek=1,ERA=1,YEAR=2018,MONTH=2,WEEK_OF_YEAR=12,WEEK_OF_MONTH=4,DAY_OF_MONTH=21,DAY_OF_YEAR=80,DAY_OF_WEEK=4,DAY_OF_WEEK_IN_MONTH=3,AM_PM=1,HOUR=7,HOUR_OF_DAY=19,MINUTE=33,SECOND=16,MILLISECOND=20,ZONE_OFFSET=0,DST_OFFSET=0], message=null}
19:33:16.024 [main] DEBUG org.hibernate.SQL - insert into LogEntries (logCode, message, primaryUser, secondaryUser, time, id) values (?, ?, ?, ?, ?, ?)
Hibernate: insert into LogEntries (logCode, message, primaryUser, secondaryUser, time, id) values (?, ?, ?, ?, ?, ?)
19:33:16.025 [main] DEBUG o.h.e.j.internal.JdbcCoordinatorImpl - HHH000420: Closing un-released batch
19:33:16.026 [main] DEBUG o.h.e.t.internal.TransactionImpl - begin
19:33:16.027 [main] DEBUG org.hibernate.SQL - select next_val as id_val from hibernate_sequence for update
Hibernate: select next_val as id_val from hibernate_sequence for update
19:33:16.027 [main] DEBUG org.hibernate.SQL - update hibernate_sequence set next_val= ? where next_val=?
Hibernate: update hibernate_sequence set next_val= ? where next_val=?
19:33:16.028 [main] DEBUG o.h.e.i.AbstractSaveEventListener - Generated identifier: 412, using strategy: org.hibernate.id.enhanced.SequenceStyleGenerator
19:33:16.028 [main] DEBUG o.h.e.t.internal.TransactionImpl - committing
19:33:16.028 [main] DEBUG o.h.e.i.AbstractFlushingEventListener - Processing flush-time cascades
19:33:16.028 [main] DEBUG o.h.e.i.AbstractFlushingEventListener - Dirty checking collections
19:33:16.029 [main] DEBUG o.h.e.i.AbstractFlushingEventListener - Flushed: 1 insertions, 0 updates, 0 deletions to 1 objects
19:33:16.029 [main] DEBUG o.h.e.i.AbstractFlushingEventListener - Flushed: 0 (re)creations, 0 updates, 0 removals to 0 collections
19:33:16.029 [main] DEBUG o.h.internal.util.EntityPrinter - Listing entities:
19:33:16.029 [main] DEBUG o.h.internal.util.EntityPrinter - edu.ncsu.csc.itrust2.models.persistent.LogEntry{secondaryUser=null, logCode=5, primaryUser=logapitest, id=412, time=java.util.GregorianCalendar[time=1521660796026,areFieldsSet=true,areAllFieldsSet=true,lenient=true,zone=sun.util.calendar.ZoneInfo[id="Etc/UTC",offset=0,dstSavings=0,useDaylight=false,transitions=0,lastRule=null],firstDayOfWeek=1,minimalDaysInFirstWeek=1,ERA=1,YEAR=2018,MONTH=2,WEEK_OF_YEAR=12,WEEK_OF_MONTH=4,DAY_OF_MONTH=21,DAY_OF_YEAR=80,DAY_OF_WEEK=4,DAY_OF_WEEK_IN_MONTH=3,AM_PM=1,HOUR=7,HOUR_OF_DAY=19,MINUTE=33,SECOND=16,MILLISECOND=26,ZONE_OFFSET=0,DST_OFFSET=0], message=null}
19:33:16.030 [main] DEBUG org.hibernate.SQL - insert into LogEntries (logCode, message, primaryUser, secondaryUser, time, id) values (?, ?, ?, ?, ?, ?)
Hibernate: insert into LogEntries (logCode, message, primaryUser, secondaryUser, time, id) values (?, ?, ?, ?, ?, ?)
19:33:16.031 [main] DEBUG o.h.e.j.internal.JdbcCoordinatorImpl - HHH000420: Closing un-released batch
19:33:16.031 [main] DEBUG o.h.e.t.internal.TransactionImpl - begin
19:33:16.032 [main] DEBUG org.hibernate.SQL - select next_val as id_val from hibernate_sequence for update
Hibernate: select next_val as id_val from hibernate_sequence for update
19:33:16.032 [main] DEBUG org.hibernate.SQL - update hibernate_sequence set next_val= ? where next_val=?
Hibernate: update hibernate_sequence set next_val= ? where next_val=?
19:33:16.034 [main] DEBUG o.h.e.i.AbstractSaveEventListener - Generated identifier: 413, using strategy: org.hibernate.id.enhanced.SequenceStyleGenerator
19:33:16.034 [main] DEBUG o.h.e.t.internal.TransactionImpl - committing
19:33:16.035 [main] DEBUG o.h.e.i.AbstractFlushingEventListener - Processing flush-time cascades
19:33:16.035 [main] DEBUG o.h.e.i.AbstractFlushingEventListener - Dirty checking collections
19:33:16.035 [main] DEBUG o.h.e.i.AbstractFlushingEventListener - Flushed: 1 insertions, 0 updates, 0 deletions to 1 objects
19:33:16.035 [main] DEBUG o.h.e.i.AbstractFlushingEventListener - Flushed: 0 (re)creations, 0 updates, 0 removals to 0 collections
19:33:16.035 [main] DEBUG o.h.internal.util.EntityPrinter - Listing entities:
19:33:16.035 [main] DEBUG o.h.internal.util.EntityPrinter - edu.ncsu.csc.itrust2.models.persistent.LogEntry{secondaryUser=null, logCode=5, primaryUser=logapitest, id=413, time=java.util.GregorianCalendar[time=1521660796031,areFieldsSet=true,areAllFieldsSet=true,lenient=true,zone=sun.util.calendar.ZoneInfo[id="Etc/UTC",offset=0,dstSavings=0,useDaylight=false,transitions=0,lastRule=null],firstDayOfWeek=1,minimalDaysInFirstWeek=1,ERA=1,YEAR=2018,MONTH=2,WEEK_OF_YEAR=12,WEEK_OF_MONTH=4,DAY_OF_MONTH=21,DAY_OF_YEAR=80,DAY_OF_WEEK=4,DAY_OF_WEEK_IN_MONTH=3,AM_PM=1,HOUR=7,HOUR_OF_DAY=19,MINUTE=33,SECOND=16,MILLISECOND=31,ZONE_OFFSET=0,DST_OFFSET=0], message=null}
19:33:16.035 [main] DEBUG org.hibernate.SQL - insert into LogEntries (logCode, message, primaryUser, secondaryUser, time, id) values (?, ?, ?, ?, ?, ?)
Hibernate: insert into LogEntries (logCode, message, primaryUser, secondaryUser, time, id) values (?, ?, ?, ?, ?, ?)
19:33:16.038 [main] DEBUG o.h.e.j.internal.JdbcCoordinatorImpl - HHH000420: Closing un-released batch
19:33:16.038 [main] DEBUG o.h.e.t.internal.TransactionImpl - begin
19:33:16.039 [main] DEBUG org.hibernate.SQL - select next_val as id_val from hibernate_sequence for update
Hibernate: select next_val as id_val from hibernate_sequence for update
19:33:16.039 [main] DEBUG org.hibernate.SQL - update hibernate_sequence set next_val= ? where next_val=?
Hibernate: update hibernate_sequence set next_val= ? where next_val=?
19:33:16.041 [main] DEBUG o.h.e.i.AbstractSaveEventListener - Generated identifier: 414, using strategy: org.hibernate.id.enhanced.SequenceStyleGenerator
19:33:16.041 [main] DEBUG o.h.e.t.internal.TransactionImpl - committing
19:33:16.041 [main] DEBUG o.h.e.i.AbstractFlushingEventListener - Processing flush-time cascades
19:33:16.041 [main] DEBUG o.h.e.i.AbstractFlushingEventListener - Dirty checking collections
19:33:16.042 [main] DEBUG o.h.e.i.AbstractFlushingEventListener - Flushed: 1 insertions, 0 updates, 0 deletions to 1 objects
19:33:16.042 [main] DEBUG o.h.e.i.AbstractFlushingEventListener - Flushed: 0 (re)creations, 0 updates, 0 removals to 0 collections
19:33:16.042 [main] DEBUG o.h.internal.util.EntityPrinter - Listing entities:
19:33:16.042 [main] DEBUG o.h.internal.util.EntityPrinter - edu.ncsu.csc.itrust2.models.persistent.LogEntry{secondaryUser=null, logCode=5, primaryUser=logapitest, id=414, time=java.util.GregorianCalendar[time=1521660796038,areFieldsSet=true,areAllFieldsSet=true,lenient=true,zone=sun.util.calendar.ZoneInfo[id="Etc/UTC",offset=0,dstSavings=0,useDaylight=false,transitions=0,lastRule=null],firstDayOfWeek=1,minimalDaysInFirstWeek=1,ERA=1,YEAR=2018,MONTH=2,WEEK_OF_YEAR=12,WEEK_OF_MONTH=4,DAY_OF_MONTH=21,DAY_OF_YEAR=80,DAY_OF_WEEK=4,DAY_OF_WEEK_IN_MONTH=3,AM_PM=1,HOUR=7,HOUR_OF_DAY=19,MINUTE=33,SECOND=16,MILLISECOND=38,ZONE_OFFSET=0,DST_OFFSET=0], message=null}
19:33:16.042 [main] DEBUG org.hibernate.SQL - insert into LogEntries (logCode, message, primaryUser, secondaryUser, time, id) values (?, ?, ?, ?, ?, ?)
Hibernate: insert into LogEntries (logCode, message, primaryUser, secondaryUser, time, id) values (?, ?, ?, ?, ?, ?)
19:33:16.044 [main] DEBUG o.h.e.j.internal.JdbcCoordinatorImpl - HHH000420: Closing un-released batch
19:33:16.044 [main] DEBUG o.h.e.t.internal.TransactionImpl - begin
19:33:16.045 [main] DEBUG org.hibernate.SQL - select next_val as id_val from hibernate_sequence for update
Hibernate: select next_val as id_val from hibernate_sequence for update
19:33:16.046 [main] DEBUG org.hibernate.SQL - update hibernate_sequence set next_val= ? where next_val=?
Hibernate: update hibernate_sequence set next_val= ? where next_val=?
19:33:16.046 [main] DEBUG o.h.e.i.AbstractSaveEventListener - Generated identifier: 415, using strategy: org.hibernate.id.enhanced.SequenceStyleGenerator
19:33:16.047 [main] DEBUG o.h.e.t.internal.TransactionImpl - committing
19:33:16.047 [main] DEBUG o.h.e.i.AbstractFlushingEventListener - Processing flush-time cascades
19:33:16.047 [main] DEBUG o.h.e.i.AbstractFlushingEventListener - Dirty checking collections
19:33:16.047 [main] DEBUG o.h.e.i.AbstractFlushingEventListener - Flushed: 1 insertions, 0 updates, 0 deletions to 1 objects
19:33:16.047 [main] DEBUG o.h.e.i.AbstractFlushingEventListener - Flushed: 0 (re)creations, 0 updates, 0 removals to 0 collections
19:33:16.047 [main] DEBUG o.h.internal.util.EntityPrinter - Listing entities:
19:33:16.048 [main] DEBUG o.h.internal.util.EntityPrinter - edu.ncsu.csc.itrust2.models.persistent.LogEntry{secondaryUser=null, logCode=5, primaryUser=logapitest, id=415, time=java.util.GregorianCalendar[time=1521660796044,areFieldsSet=true,areAllFieldsSet=true,lenient=true,zone=sun.util.calendar.ZoneInfo[id="Etc/UTC",offset=0,dstSavings=0,useDaylight=false,transitions=0,lastRule=null],firstDayOfWeek=1,minimalDaysInFirstWeek=1,ERA=1,YEAR=2018,MONTH=2,WEEK_OF_YEAR=12,WEEK_OF_MONTH=4,DAY_OF_MONTH=21,DAY_OF_YEAR=80,DAY_OF_WEEK=4,DAY_OF_WEEK_IN_MONTH=3,AM_PM=1,HOUR=7,HOUR_OF_DAY=19,MINUTE=33,SECOND=16,MILLISECOND=44,ZONE_OFFSET=0,DST_OFFSET=0], message=null}
19:33:16.048 [main] DEBUG org.hibernate.SQL - insert into LogEntries (logCode, message, primaryUser, secondaryUser, time, id) values (?, ?, ?, ?, ?, ?)
Hibernate: insert into LogEntries (logCode, message, primaryUser, secondaryUser, time, id) values (?, ?, ?, ?, ?, ?)
19:33:16.049 [main] DEBUG o.h.e.j.internal.JdbcCoordinatorImpl - HHH000420: Closing un-released batch
19:33:16.050 [main] DEBUG o.h.e.t.internal.TransactionImpl - begin
19:33:16.060 [main] DEBUG org.hibernate.SQL - select next_val as id_val from hibernate_sequence for update
Hibernate: select next_val as id_val from hibernate_sequence for update
19:33:16.060 [main] DEBUG org.hibernate.SQL - update hibernate_sequence set next_val= ? where next_val=?
Hibernate: update hibernate_sequence set next_val= ? where next_val=?
19:33:16.063 [main] DEBUG o.h.e.i.AbstractSaveEventListener - Generated identifier: 416, using strategy: org.hibernate.id.enhanced.SequenceStyleGenerator
19:33:16.063 [main] DEBUG o.h.e.t.internal.TransactionImpl - committing
19:33:16.063 [main] DEBUG o.h.e.i.AbstractFlushingEventListener - Processing flush-time cascades
19:33:16.063 [main] DEBUG o.h.e.i.AbstractFlushingEventListener - Dirty checking collections
19:33:16.063 [main] DEBUG o.h.e.i.AbstractFlushingEventListener - Flushed: 1 insertions, 0 updates, 0 deletions to 1 objects
19:33:16.063 [main] DEBUG o.h.e.i.AbstractFlushingEventListener - Flushed: 0 (re)creations, 0 updates, 0 removals to 0 collections
19:33:16.063 [main] DEBUG o.h.internal.util.EntityPrinter - Listing entities:
19:33:16.064 [main] DEBUG o.h.internal.util.EntityPrinter - edu.ncsu.csc.itrust2.models.persistent.LogEntry{secondaryUser=null, logCode=5, primaryUser=logapitest, id=416, time=java.util.GregorianCalendar[time=1521660796050,areFieldsSet=true,areAllFieldsSet=true,lenient=true,zone=sun.util.calendar.ZoneInfo[id="Etc/UTC",offset=0,dstSavings=0,useDaylight=false,transitions=0,lastRule=null],firstDayOfWeek=1,minimalDaysInFirstWeek=1,ERA=1,YEAR=2018,MONTH=2,WEEK_OF_YEAR=12,WEEK_OF_MONTH=4,DAY_OF_MONTH=21,DAY_OF_YEAR=80,DAY_OF_WEEK=4,DAY_OF_WEEK_IN_MONTH=3,AM_PM=1,HOUR=7,HOUR_OF_DAY=19,MINUTE=33,SECOND=16,MILLISECOND=50,ZONE_OFFSET=0,DST_OFFSET=0], message=null}
19:33:16.064 [main] DEBUG org.hibernate.SQL - insert into LogEntries (logCode, message, primaryUser, secondaryUser, time, id) values (?, ?, ?, ?, ?, ?)
Hibernate: insert into LogEntries (logCode, message, primaryUser, secondaryUser, time, id) values (?, ?, ?, ?, ?, ?)
19:33:16.067 [main] DEBUG o.h.e.j.internal.JdbcCoordinatorImpl - HHH000420: Closing un-released batch
19:33:16.067 [main] DEBUG o.h.e.t.internal.TransactionImpl - begin
19:33:16.068 [main] DEBUG org.hibernate.SQL - select next_val as id_val from hibernate_sequence for update
Hibernate: select next_val as id_val from hibernate_sequence for update
19:33:16.069 [main] DEBUG org.hibernate.SQL - update hibernate_sequence set next_val= ? where next_val=?
Hibernate: update hibernate_sequence set next_val= ? where next_val=?
19:33:16.070 [main] DEBUG o.h.e.i.AbstractSaveEventListener - Generated identifier: 417, using strategy: org.hibernate.id.enhanced.SequenceStyleGenerator
19:33:16.071 [main] DEBUG o.h.e.t.internal.TransactionImpl - committing
19:33:16.071 [main] DEBUG o.h.e.i.AbstractFlushingEventListener - Processing flush-time cascades
19:33:16.071 [main] DEBUG o.h.e.i.AbstractFlushingEventListener - Dirty checking collections
19:33:16.071 [main] DEBUG o.h.e.i.AbstractFlushingEventListener - Flushed: 1 insertions, 0 updates, 0 deletions to 1 objects
19:33:16.071 [main] DEBUG o.h.e.i.AbstractFlushingEventListener - Flushed: 0 (re)creations, 0 updates, 0 removals to 0 collections
19:33:16.072 [main] DEBUG o.h.internal.util.EntityPrinter - Listing entities:
19:33:16.072 [main] DEBUG o.h.internal.util.EntityPrinter - edu.ncsu.csc.itrust2.models.persistent.LogEntry{secondaryUser=null, logCode=5, primaryUser=logapitest, id=417, time=java.util.GregorianCalendar[time=1521660796067,areFieldsSet=true,areAllFieldsSet=true,lenient=true,zone=sun.util.calendar.ZoneInfo[id="Etc/UTC",offset=0,dstSavings=0,useDaylight=false,transitions=0,lastRule=null],firstDayOfWeek=1,minimalDaysInFirstWeek=1,ERA=1,YEAR=2018,MONTH=2,WEEK_OF_YEAR=12,WEEK_OF_MONTH=4,DAY_OF_MONTH=21,DAY_OF_YEAR=80,DAY_OF_WEEK=4,DAY_OF_WEEK_IN_MONTH=3,AM_PM=1,HOUR=7,HOUR_OF_DAY=19,MINUTE=33,SECOND=16,MILLISECOND=67,ZONE_OFFSET=0,DST_OFFSET=0], message=null}
19:33:16.073 [main] DEBUG org.hibernate.SQL - insert into LogEntries (logCode, message, primaryUser, secondaryUser, time, id) values (?, ?, ?, ?, ?, ?)
Hibernate: insert into LogEntries (logCode, message, primaryUser, secondaryUser, time, id) values (?, ?, ?, ?, ?, ?)
19:33:16.076 [main] DEBUG o.h.e.j.internal.JdbcCoordinatorImpl - HHH000420: Closing un-released batch
19:33:16.076 [main] DEBUG o.h.e.t.internal.TransactionImpl - begin
19:33:16.077 [main] DEBUG org.hibernate.SQL - select next_val as id_val from hibernate_sequence for update
Hibernate: select next_val as id_val from hibernate_sequence for update
19:33:16.078 [main] DEBUG org.hibernate.SQL - update hibernate_sequence set next_val= ? where next_val=?
Hibernate: update hibernate_sequence set next_val= ? where next_val=?
19:33:16.080 [main] DEBUG o.h.e.i.AbstractSaveEventListener - Generated identifier: 418, using strategy: org.hibernate.id.enhanced.SequenceStyleGenerator
19:33:16.081 [main] DEBUG o.h.e.t.internal.TransactionImpl - committing
19:33:16.081 [main] DEBUG o.h.e.i.AbstractFlushingEventListener - Processing flush-time cascades
19:33:16.081 [main] DEBUG o.h.e.i.AbstractFlushingEventListener - Dirty checking collections
19:33:16.081 [main] DEBUG o.h.e.i.AbstractFlushingEventListener - Flushed: 1 insertions, 0 updates, 0 deletions to 1 objects
19:33:16.082 [main] DEBUG o.h.e.i.AbstractFlushingEventListener - Flushed: 0 (re)creations, 0 updates, 0 removals to 0 collections
19:33:16.082 [main] DEBUG o.h.internal.util.EntityPrinter - Listing entities:
19:33:16.082 [main] DEBUG o.h.internal.util.EntityPrinter - edu.ncsu.csc.itrust2.models.persistent.LogEntry{secondaryUser=null, logCode=5, primaryUser=logapitest, id=418, time=java.util.GregorianCalendar[time=1521660796076,areFieldsSet=true,areAllFieldsSet=true,lenient=true,zone=sun.util.calendar.ZoneInfo[id="Etc/UTC",offset=0,dstSavings=0,useDaylight=false,transitions=0,lastRule=null],firstDayOfWeek=1,minimalDaysInFirstWeek=1,ERA=1,YEAR=2018,MONTH=2,WEEK_OF_YEAR=12,WEEK_OF_MONTH=4,DAY_OF_MONTH=21,DAY_OF_YEAR=80,DAY_OF_WEEK=4,DAY_OF_WEEK_IN_MONTH=3,AM_PM=1,HOUR=7,HOUR_OF_DAY=19,MINUTE=33,SECOND=16,MILLISECOND=76,ZONE_OFFSET=0,DST_OFFSET=0], message=null}
19:33:16.082 [main] DEBUG org.hibernate.SQL - insert into LogEntries (logCode, message, primaryUser, secondaryUser, time, id) values (?, ?, ?, ?, ?, ?)
Hibernate: insert into LogEntries (logCode, message, primaryUser, secondaryUser, time, id) values (?, ?, ?, ?, ?, ?)
19:33:16.084 [main] DEBUG o.h.e.j.internal.JdbcCoordinatorImpl - HHH000420: Closing un-released batch
19:33:16.085 [main] DEBUG o.h.e.t.internal.TransactionImpl - begin
19:33:16.086 [main] DEBUG org.hibernate.SQL - select next_val as id_val from hibernate_sequence for update
Hibernate: select next_val as id_val from hibernate_sequence for update
19:33:16.086 [main] DEBUG org.hibernate.SQL - update hibernate_sequence set next_val= ? where next_val=?
Hibernate: update hibernate_sequence set next_val= ? where next_val=?
19:33:16.089 [main] DEBUG o.h.e.i.AbstractSaveEventListener - Generated identifier: 419, using strategy: org.hibernate.id.enhanced.SequenceStyleGenerator
19:33:16.089 [main] DEBUG o.h.e.t.internal.TransactionImpl - committing
19:33:16.090 [main] DEBUG o.h.e.i.AbstractFlushingEventListener - Processing flush-time cascades
19:33:16.090 [main] DEBUG o.h.e.i.AbstractFlushingEventListener - Dirty checking collections
19:33:16.090 [main] DEBUG o.h.e.i.AbstractFlushingEventListener - Flushed: 1 insertions, 0 updates, 0 deletions to 1 objects
19:33:16.090 [main] DEBUG o.h.e.i.AbstractFlushingEventListener - Flushed: 0 (re)creations, 0 updates, 0 removals to 0 collections
19:33:16.091 [main] DEBUG o.h.internal.util.EntityPrinter - Listing entities:
19:33:16.091 [main] DEBUG o.h.internal.util.EntityPrinter - edu.ncsu.csc.itrust2.models.persistent.LogEntry{secondaryUser=null, logCode=5, primaryUser=logapitest, id=419, time=java.util.GregorianCalendar[time=1521660796084,areFieldsSet=true,areAllFieldsSet=true,lenient=true,zone=sun.util.calendar.ZoneInfo[id="Etc/UTC",offset=0,dstSavings=0,useDaylight=false,transitions=0,lastRule=null],firstDayOfWeek=1,minimalDaysInFirstWeek=1,ERA=1,YEAR=2018,MONTH=2,WEEK_OF_YEAR=12,WEEK_OF_MONTH=4,DAY_OF_MONTH=21,DAY_OF_YEAR=80,DAY_OF_WEEK=4,DAY_OF_WEEK_IN_MONTH=3,AM_PM=1,HOUR=7,HOUR_OF_DAY=19,MINUTE=33,SECOND=16,MILLISECOND=84,ZONE_OFFSET=0,DST_OFFSET=0], message=null}
19:33:16.091 [main] DEBUG org.hibernate.SQL - insert into LogEntries (logCode, message, primaryUser, secondaryUser, time, id) values (?, ?, ?, ?, ?, ?)
Hibernate: insert into LogEntries (logCode, message, primaryUser, secondaryUser, time, id) values (?, ?, ?, ?, ?, ?)
19:33:16.095 [main] DEBUG o.h.e.j.internal.JdbcCoordinatorImpl - HHH000420: Closing un-released batch
19:33:16.096 [main] DEBUG o.h.e.t.internal.TransactionImpl - begin
19:33:16.097 [main] DEBUG org.hibernate.SQL - select next_val as id_val from hibernate_sequence for update
Hibernate: select next_val as id_val from hibernate_sequence for update
19:33:16.100 [main] DEBUG org.hibernate.SQL - update hibernate_sequence set next_val= ? where next_val=?
Hibernate: update hibernate_sequence set next_val= ? where next_val=?
19:33:16.102 [main] DEBUG o.h.e.i.AbstractSaveEventListener - Generated identifier: 420, using strategy: org.hibernate.id.enhanced.SequenceStyleGenerator
19:33:16.103 [main] DEBUG o.h.e.t.internal.TransactionImpl - committing
19:33:16.105 [main] DEBUG o.h.e.i.AbstractFlushingEventListener - Processing flush-time cascades
19:33:16.105 [main] DEBUG o.h.e.i.AbstractFlushingEventListener - Dirty checking collections
19:33:16.106 [main] DEBUG o.h.e.i.AbstractFlushingEventListener - Flushed: 1 insertions, 0 updates, 0 deletions to 1 objects
19:33:16.106 [main] DEBUG o.h.e.i.AbstractFlushingEventListener - Flushed: 0 (re)creations, 0 updates, 0 removals to 0 collections
19:33:16.106 [main] DEBUG o.h.internal.util.EntityPrinter - Listing entities:
19:33:16.106 [main] DEBUG o.h.internal.util.EntityPrinter - edu.ncsu.csc.itrust2.models.persistent.LogEntry{secondaryUser=null, logCode=5, primaryUser=logapitest, id=420, time=java.util.GregorianCalendar[time=1521660796096,areFieldsSet=true,areAllFieldsSet=true,lenient=true,zone=sun.util.calendar.ZoneInfo[id="Etc/UTC",offset=0,dstSavings=0,useDaylight=false,transitions=0,lastRule=null],firstDayOfWeek=1,minimalDaysInFirstWeek=1,ERA=1,YEAR=2018,MONTH=2,WEEK_OF_YEAR=12,WEEK_OF_MONTH=4,DAY_OF_MONTH=21,DAY_OF_YEAR=80,DAY_OF_WEEK=4,DAY_OF_WEEK_IN_MONTH=3,AM_PM=1,HOUR=7,HOUR_OF_DAY=19,MINUTE=33,SECOND=16,MILLISECOND=96,ZONE_OFFSET=0,DST_OFFSET=0], message=null}
19:33:16.107 [main] DEBUG org.hibernate.SQL - insert into LogEntries (logCode, message, primaryUser, secondaryUser, time, id) values (?, ?, ?, ?, ?, ?)
Hibernate: insert into LogEntries (logCode, message, primaryUser, secondaryUser, time, id) values (?, ?, ?, ?, ?, ?)
19:33:16.110 [main] DEBUG o.h.e.j.internal.JdbcCoordinatorImpl - HHH000420: Closing un-released batch
19:33:16.110 [main] DEBUG o.h.e.t.internal.TransactionImpl - begin
19:33:16.113 [main] DEBUG org.hibernate.SQL - select next_val as id_val from hibernate_sequence for update
Hibernate: select next_val as id_val from hibernate_sequence for update
19:33:16.114 [main] DEBUG org.hibernate.SQL - update hibernate_sequence set next_val= ? where next_val=?
Hibernate: update hibernate_sequence set next_val= ? where next_val=?
19:33:16.117 [main] DEBUG o.h.e.i.AbstractSaveEventListener - Generated identifier: 421, using strategy: org.hibernate.id.enhanced.SequenceStyleGenerator
19:33:16.117 [main] DEBUG o.h.e.t.internal.TransactionImpl - committing
19:33:16.118 [main] DEBUG o.h.e.i.AbstractFlushingEventListener - Processing flush-time cascades
19:33:16.118 [main] DEBUG o.h.e.i.AbstractFlushingEventListener - Dirty checking collections
19:33:16.118 [main] DEBUG o.h.e.i.AbstractFlushingEventListener - Flushed: 1 insertions, 0 updates, 0 deletions to 1 objects
19:33:16.119 [main] DEBUG o.h.e.i.AbstractFlushingEventListener - Flushed: 0 (re)creations, 0 updates, 0 removals to 0 collections
19:33:16.119 [main] DEBUG o.h.internal.util.EntityPrinter - Listing entities:
19:33:16.119 [main] DEBUG o.h.internal.util.EntityPrinter - edu.ncsu.csc.itrust2.models.persistent.LogEntry{secondaryUser=null, logCode=5, primaryUser=logapitest, id=421, time=java.util.GregorianCalendar[time=1521660796110,areFieldsSet=true,areAllFieldsSet=true,lenient=true,zone=sun.util.calendar.ZoneInfo[id="Etc/UTC",offset=0,dstSavings=0,useDaylight=false,transitions=0,lastRule=null],firstDayOfWeek=1,minimalDaysInFirstWeek=1,ERA=1,YEAR=2018,MONTH=2,WEEK_OF_YEAR=12,WEEK_OF_MONTH=4,DAY_OF_MONTH=21,DAY_OF_YEAR=80,DAY_OF_WEEK=4,DAY_OF_WEEK_IN_MONTH=3,AM_PM=1,HOUR=7,HOUR_OF_DAY=19,MINUTE=33,SECOND=16,MILLISECOND=110,ZONE_OFFSET=0,DST_OFFSET=0], message=null}
19:33:16.119 [main] DEBUG org.hibernate.SQL - insert into LogEntries (logCode, message, primaryUser, secondaryUser, time, id) values (?, ?, ?, ?, ?, ?)
Hibernate: insert into LogEntries (logCode, message, primaryUser, secondaryUser, time, id) values (?, ?, ?, ?, ?, ?)
19:33:16.122 [main] DEBUG o.h.e.j.internal.JdbcCoordinatorImpl - HHH000420: Closing un-released batch
19:33:16.122 [main] DEBUG o.h.e.t.internal.TransactionImpl - begin
19:33:16.123 [main] DEBUG org.hibernate.SQL - select next_val as id_val from hibernate_sequence for update
Hibernate: select next_val as id_val from hibernate_sequence for update
19:33:16.124 [main] DEBUG org.hibernate.SQL - update hibernate_sequence set next_val= ? where next_val=?
Hibernate: update hibernate_sequence set next_val= ? where next_val=?
19:33:16.126 [main] DEBUG o.h.e.i.AbstractSaveEventListener - Generated identifier: 422, using strategy: org.hibernate.id.enhanced.SequenceStyleGenerator
19:33:16.127 [main] DEBUG o.h.e.t.internal.TransactionImpl - committing
19:33:16.127 [main] DEBUG o.h.e.i.AbstractFlushingEventListener - Processing flush-time cascades
19:33:16.127 [main] DEBUG o.h.e.i.AbstractFlushingEventListener - Dirty checking collections
19:33:16.128 [main] DEBUG o.h.e.i.AbstractFlushingEventListener - Flushed: 1 insertions, 0 updates, 0 deletions to 1 objects
19:33:16.128 [main] DEBUG o.h.e.i.AbstractFlushingEventListener - Flushed: 0 (re)creations, 0 updates, 0 removals to 0 collections
19:33:16.128 [main] DEBUG o.h.internal.util.EntityPrinter - Listing entities:
19:33:16.128 [main] DEBUG o.h.internal.util.EntityPrinter - edu.ncsu.csc.itrust2.models.persistent.LogEntry{secondaryUser=null, logCode=5, primaryUser=logapitest, id=422, time=java.util.GregorianCalendar[time=1521660796122,areFieldsSet=true,areAllFieldsSet=true,lenient=true,zone=sun.util.calendar.ZoneInfo[id="Etc/UTC",offset=0,dstSavings=0,useDaylight=false,transitions=0,lastRule=null],firstDayOfWeek=1,minimalDaysInFirstWeek=1,ERA=1,YEAR=2018,MONTH=2,WEEK_OF_YEAR=12,WEEK_OF_MONTH=4,DAY_OF_MONTH=21,DAY_OF_YEAR=80,DAY_OF_WEEK=4,DAY_OF_WEEK_IN_MONTH=3,AM_PM=1,HOUR=7,HOUR_OF_DAY=19,MINUTE=33,SECOND=16,MILLISECOND=122,ZONE_OFFSET=0,DST_OFFSET=0], message=null}
19:33:16.129 [main] DEBUG org.hibernate.SQL - insert into LogEntries (logCode, message, primaryUser, secondaryUser, time, id) values (?, ?, ?, ?, ?, ?)
Hibernate: insert into LogEntries (logCode, message, primaryUser, secondaryUser, time, id) values (?, ?, ?, ?, ?, ?)
19:33:16.131 [main] DEBUG o.h.e.j.internal.JdbcCoordinatorImpl - HHH000420: Closing un-released batch
19:33:16.132 [main] DEBUG o.h.e.t.internal.TransactionImpl - begin
19:33:16.134 [main] DEBUG org.hibernate.SQL - select next_val as id_val from hibernate_sequence for update
Hibernate: select next_val as id_val from hibernate_sequence for update
19:33:16.135 [main] DEBUG org.hibernate.SQL - update hibernate_sequence set next_val= ? where next_val=?
Hibernate: update hibernate_sequence set next_val= ? where next_val=?
19:33:16.137 [main] DEBUG o.h.e.i.AbstractSaveEventListener - Generated identifier: 423, using strategy: org.hibernate.id.enhanced.SequenceStyleGenerator
19:33:16.137 [main] DEBUG o.h.e.t.internal.TransactionImpl - committing
19:33:16.137 [main] DEBUG o.h.e.i.AbstractFlushingEventListener - Processing flush-time cascades
19:33:16.137 [main] DEBUG o.h.e.i.AbstractFlushingEventListener - Dirty checking collections
19:33:16.138 [main] DEBUG o.h.e.i.AbstractFlushingEventListener - Flushed: 1 insertions, 0 updates, 0 deletions to 1 objects
19:33:16.138 [main] DEBUG o.h.e.i.AbstractFlushingEventListener - Flushed: 0 (re)creations, 0 updates, 0 removals to 0 collections
19:33:16.138 [main] DEBUG o.h.internal.util.EntityPrinter - Listing entities:
19:33:16.138 [main] DEBUG o.h.internal.util.EntityPrinter - edu.ncsu.csc.itrust2.models.persistent.LogEntry{secondaryUser=null, logCode=5, primaryUser=logapitest, id=423, time=java.util.GregorianCalendar[time=1521660796132,areFieldsSet=true,areAllFieldsSet=true,lenient=true,zone=sun.util.calendar.ZoneInfo[id="Etc/UTC",offset=0,dstSavings=0,useDaylight=false,transitions=0,lastRule=null],firstDayOfWeek=1,minimalDaysInFirstWeek=1,ERA=1,YEAR=2018,MONTH=2,WEEK_OF_YEAR=12,WEEK_OF_MONTH=4,DAY_OF_MONTH=21,DAY_OF_YEAR=80,DAY_OF_WEEK=4,DAY_OF_WEEK_IN_MONTH=3,AM_PM=1,HOUR=7,HOUR_OF_DAY=19,MINUTE=33,SECOND=16,MILLISECOND=132,ZONE_OFFSET=0,DST_OFFSET=0], message=null}
19:33:16.138 [main] DEBUG org.hibernate.SQL - insert into LogEntries (logCode, message, primaryUser, secondaryUser, time, id) values (?, ?, ?, ?, ?, ?)
Hibernate: insert into LogEntries (logCode, message, primaryUser, secondaryUser, time, id) values (?, ?, ?, ?, ?, ?)
19:33:16.141 [main] DEBUG o.h.e.j.internal.JdbcCoordinatorImpl - HHH000420: Closing un-released batch
19:33:16.142 [main] DEBUG o.h.e.t.internal.TransactionImpl - begin
19:33:16.144 [main] DEBUG org.hibernate.SQL - select next_val as id_val from hibernate_sequence for update
Hibernate: select next_val as id_val from hibernate_sequence for update
19:33:16.145 [main] DEBUG org.hibernate.SQL - update hibernate_sequence set next_val= ? where next_val=?
Hibernate: update hibernate_sequence set next_val= ? where next_val=?
19:33:16.146 [main] DEBUG o.h.e.i.AbstractSaveEventListener - Generated identifier: 424, using strategy: org.hibernate.id.enhanced.SequenceStyleGenerator
19:33:16.147 [main] DEBUG o.h.e.t.internal.TransactionImpl - committing
19:33:16.147 [main] DEBUG o.h.e.i.AbstractFlushingEventListener - Processing flush-time cascades
19:33:16.147 [main] DEBUG o.h.e.i.AbstractFlushingEventListener - Dirty checking collections
19:33:16.148 [main] DEBUG o.h.e.i.AbstractFlushingEventListener - Flushed: 1 insertions, 0 updates, 0 deletions to 1 objects
19:33:16.148 [main] DEBUG o.h.e.i.AbstractFlushingEventListener - Flushed: 0 (re)creations, 0 updates, 0 removals to 0 collections
19:33:16.148 [main] DEBUG o.h.internal.util.EntityPrinter - Listing entities:
19:33:16.148 [main] DEBUG o.h.internal.util.EntityPrinter - edu.ncsu.csc.itrust2.models.persistent.LogEntry{secondaryUser=null, logCode=5, primaryUser=logapitest, id=424, time=java.util.GregorianCalendar[time=1521660796142,areFieldsSet=true,areAllFieldsSet=true,lenient=true,zone=sun.util.calendar.ZoneInfo[id="Etc/UTC",offset=0,dstSavings=0,useDaylight=false,transitions=0,lastRule=null],firstDayOfWeek=1,minimalDaysInFirstWeek=1,ERA=1,YEAR=2018,MONTH=2,WEEK_OF_YEAR=12,WEEK_OF_MONTH=4,DAY_OF_MONTH=21,DAY_OF_YEAR=80,DAY_OF_WEEK=4,DAY_OF_WEEK_IN_MONTH=3,AM_PM=1,HOUR=7,HOUR_OF_DAY=19,MINUTE=33,SECOND=16,MILLISECOND=142,ZONE_OFFSET=0,DST_OFFSET=0], message=null}
19:33:16.149 [main] DEBUG org.hibernate.SQL - insert into LogEntries (logCode, message, primaryUser, secondaryUser, time, id) values (?, ?, ?, ?, ?, ?)
Hibernate: insert into LogEntries (logCode, message, primaryUser, secondaryUser, time, id) values (?, ?, ?, ?, ?, ?)
19:33:16.151 [main] DEBUG o.h.e.j.internal.JdbcCoordinatorImpl - HHH000420: Closing un-released batch
19:33:16.152 [main] DEBUG o.h.e.t.internal.TransactionImpl - begin
19:33:16.153 [main] DEBUG org.hibernate.SQL - select next_val as id_val from hibernate_sequence for update
Hibernate: select next_val as id_val from hibernate_sequence for update
19:33:16.153 [main] DEBUG org.hibernate.SQL - update hibernate_sequence set next_val= ? where next_val=?
Hibernate: update hibernate_sequence set next_val= ? where next_val=?
19:33:16.155 [main] DEBUG o.h.e.i.AbstractSaveEventListener - Generated identifier: 425, using strategy: org.hibernate.id.enhanced.SequenceStyleGenerator
19:33:16.156 [main] DEBUG o.h.e.t.internal.TransactionImpl - committing
19:33:16.156 [main] DEBUG o.h.e.i.AbstractFlushingEventListener - Processing flush-time cascades
19:33:16.156 [main] DEBUG o.h.e.i.AbstractFlushingEventListener - Dirty checking collections
19:33:16.156 [main] DEBUG o.h.e.i.AbstractFlushingEventListener - Flushed: 1 insertions, 0 updates, 0 deletions to 1 objects
19:33:16.156 [main] DEBUG o.h.e.i.AbstractFlushingEventListener - Flushed: 0 (re)creations, 0 updates, 0 removals to 0 collections
19:33:16.156 [main] DEBUG o.h.internal.util.EntityPrinter - Listing entities:
19:33:16.156 [main] DEBUG o.h.internal.util.EntityPrinter - edu.ncsu.csc.itrust2.models.persistent.LogEntry{secondaryUser=null, logCode=5, primaryUser=logapitest, id=425, time=java.util.GregorianCalendar[time=1521660796152,areFieldsSet=true,areAllFieldsSet=true,lenient=true,zone=sun.util.calendar.ZoneInfo[id="Etc/UTC",offset=0,dstSavings=0,useDaylight=false,transitions=0,lastRule=null],firstDayOfWeek=1,minimalDaysInFirstWeek=1,ERA=1,YEAR=2018,MONTH=2,WEEK_OF_YEAR=12,WEEK_OF_MONTH=4,DAY_OF_MONTH=21,DAY_OF_YEAR=80,DAY_OF_WEEK=4,DAY_OF_WEEK_IN_MONTH=3,AM_PM=1,HOUR=7,HOUR_OF_DAY=19,MINUTE=33,SECOND=16,MILLISECOND=152,ZONE_OFFSET=0,DST_OFFSET=0], message=null}
19:33:16.157 [main] DEBUG org.hibernate.SQL - insert into LogEntries (logCode, message, primaryUser, secondaryUser, time, id) values (?, ?, ?, ?, ?, ?)
Hibernate: insert into LogEntries (logCode, message, primaryUser, secondaryUser, time, id) values (?, ?, ?, ?, ?, ?)
19:33:16.160 [main] DEBUG o.h.e.j.internal.JdbcCoordinatorImpl - HHH000420: Closing un-released batch
19:33:16.160 [main] DEBUG o.h.e.t.internal.TransactionImpl - begin
19:33:16.162 [main] DEBUG org.hibernate.SQL - select next_val as id_val from hibernate_sequence for update
Hibernate: select next_val as id_val from hibernate_sequence for update
19:33:16.163 [main] DEBUG org.hibernate.SQL - update hibernate_sequence set next_val= ? where next_val=?
Hibernate: update hibernate_sequence set next_val= ? where next_val=?
19:33:16.165 [main] DEBUG o.h.e.i.AbstractSaveEventListener - Generated identifier: 426, using strategy: org.hibernate.id.enhanced.SequenceStyleGenerator
19:33:16.165 [main] DEBUG o.h.e.t.internal.TransactionImpl - committing
19:33:16.165 [main] DEBUG o.h.e.i.AbstractFlushingEventListener - Processing flush-time cascades
19:33:16.166 [main] DEBUG o.h.e.i.AbstractFlushingEventListener - Dirty checking collections
19:33:16.166 [main] DEBUG o.h.e.i.AbstractFlushingEventListener - Flushed: 1 insertions, 0 updates, 0 deletions to 1 objects
19:33:16.167 [main] DEBUG o.h.e.i.AbstractFlushingEventListener - Flushed: 0 (re)creations, 0 updates, 0 removals to 0 collections
19:33:16.167 [main] DEBUG o.h.internal.util.EntityPrinter - Listing entities:
19:33:16.167 [main] DEBUG o.h.internal.util.EntityPrinter - edu.ncsu.csc.itrust2.models.persistent.LogEntry{secondaryUser=null, logCode=5, primaryUser=logapitest, id=426, time=java.util.GregorianCalendar[time=1521660796160,areFieldsSet=true,areAllFieldsSet=true,lenient=true,zone=sun.util.calendar.ZoneInfo[id="Etc/UTC",offset=0,dstSavings=0,useDaylight=false,transitions=0,lastRule=null],firstDayOfWeek=1,minimalDaysInFirstWeek=1,ERA=1,YEAR=2018,MONTH=2,WEEK_OF_YEAR=12,WEEK_OF_MONTH=4,DAY_OF_MONTH=21,DAY_OF_YEAR=80,DAY_OF_WEEK=4,DAY_OF_WEEK_IN_MONTH=3,AM_PM=1,HOUR=7,HOUR_OF_DAY=19,MINUTE=33,SECOND=16,MILLISECOND=160,ZONE_OFFSET=0,DST_OFFSET=0], message=null}
19:33:16.168 [main] DEBUG org.hibernate.SQL - insert into LogEntries (logCode, message, primaryUser, secondaryUser, time, id) values (?, ?, ?, ?, ?, ?)
Hibernate: insert into LogEntries (logCode, message, primaryUser, secondaryUser, time, id) values (?, ?, ?, ?, ?, ?)
19:33:16.172 [main] DEBUG o.h.e.j.internal.JdbcCoordinatorImpl - HHH000420: Closing un-released batch
19:33:16.173 [main] DEBUG o.h.e.t.internal.TransactionImpl - begin
19:33:16.174 [main] DEBUG org.hibernate.SQL - select next_val as id_val from hibernate_sequence for update
Hibernate: select next_val as id_val from hibernate_sequence for update
19:33:16.175 [main] DEBUG org.hibernate.SQL - update hibernate_sequence set next_val= ? where next_val=?
Hibernate: update hibernate_sequence set next_val= ? where next_val=?
19:33:16.177 [main] DEBUG o.h.e.i.AbstractSaveEventListener - Generated identifier: 427, using strategy: org.hibernate.id.enhanced.SequenceStyleGenerator
19:33:16.177 [main] DEBUG o.h.e.t.internal.TransactionImpl - committing
19:33:16.177 [main] DEBUG o.h.e.i.AbstractFlushingEventListener - Processing flush-time cascades
19:33:16.178 [main] DEBUG o.h.e.i.AbstractFlushingEventListener - Dirty checking collections
19:33:16.178 [main] DEBUG o.h.e.i.AbstractFlushingEventListener - Flushed: 1 insertions, 0 updates, 0 deletions to 1 objects
19:33:16.178 [main] DEBUG o.h.e.i.AbstractFlushingEventListener - Flushed: 0 (re)creations, 0 updates, 0 removals to 0 collections
19:33:16.178 [main] DEBUG o.h.internal.util.EntityPrinter - Listing entities:
19:33:16.178 [main] DEBUG o.h.internal.util.EntityPrinter - edu.ncsu.csc.itrust2.models.persistent.LogEntry{secondaryUser=null, logCode=5, primaryUser=logapitest, id=427, time=java.util.GregorianCalendar[time=1521660796173,areFieldsSet=true,areAllFieldsSet=true,lenient=true,zone=sun.util.calendar.ZoneInfo[id="Etc/UTC",offset=0,dstSavings=0,useDaylight=false,transitions=0,lastRule=null],firstDayOfWeek=1,minimalDaysInFirstWeek=1,ERA=1,YEAR=2018,MONTH=2,WEEK_OF_YEAR=12,WEEK_OF_MONTH=4,DAY_OF_MONTH=21,DAY_OF_YEAR=80,DAY_OF_WEEK=4,DAY_OF_WEEK_IN_MONTH=3,AM_PM=1,HOUR=7,HOUR_OF_DAY=19,MINUTE=33,SECOND=16,MILLISECOND=173,ZONE_OFFSET=0,DST_OFFSET=0], message=null}
19:33:16.178 [main] DEBUG org.hibernate.SQL - insert into LogEntries (logCode, message, primaryUser, secondaryUser, time, id) values (?, ?, ?, ?, ?, ?)
Hibernate: insert into LogEntries (logCode, message, primaryUser, secondaryUser, time, id) values (?, ?, ?, ?, ?, ?)
19:33:16.181 [main] DEBUG o.h.e.j.internal.JdbcCoordinatorImpl - HHH000420: Closing un-released batch
19:33:16.182 [main] DEBUG o.h.e.t.internal.TransactionImpl - begin
19:33:16.184 [main] DEBUG org.hibernate.SQL - select next_val as id_val from hibernate_sequence for update
Hibernate: select next_val as id_val from hibernate_sequence for update
19:33:16.185 [main] DEBUG org.hibernate.SQL - update hibernate_sequence set next_val= ? where next_val=?
Hibernate: update hibernate_sequence set next_val= ? where next_val=?
19:33:16.187 [main] DEBUG o.h.e.i.AbstractSaveEventListener - Generated identifier: 428, using strategy: org.hibernate.id.enhanced.SequenceStyleGenerator
19:33:16.187 [main] DEBUG o.h.e.t.internal.TransactionImpl - committing
19:33:16.188 [main] DEBUG o.h.e.i.AbstractFlushingEventListener - Processing flush-time cascades
19:33:16.188 [main] DEBUG o.h.e.i.AbstractFlushingEventListener - Dirty checking collections
19:33:16.188 [main] DEBUG o.h.e.i.AbstractFlushingEventListener - Flushed: 1 insertions, 0 updates, 0 deletions to 1 objects
19:33:16.188 [main] DEBUG o.h.e.i.AbstractFlushingEventListener - Flushed: 0 (re)creations, 0 updates, 0 removals to 0 collections
19:33:16.189 [main] DEBUG o.h.internal.util.EntityPrinter - Listing entities:
19:33:16.189 [main] DEBUG o.h.internal.util.EntityPrinter - edu.ncsu.csc.itrust2.models.persistent.LogEntry{secondaryUser=null, logCode=5, primaryUser=logapitest, id=428, time=java.util.GregorianCalendar[time=1521660796182,areFieldsSet=true,areAllFieldsSet=true,lenient=true,zone=sun.util.calendar.ZoneInfo[id="Etc/UTC",offset=0,dstSavings=0,useDaylight=false,transitions=0,lastRule=null],firstDayOfWeek=1,minimalDaysInFirstWeek=1,ERA=1,YEAR=2018,MONTH=2,WEEK_OF_YEAR=12,WEEK_OF_MONTH=4,DAY_OF_MONTH=21,DAY_OF_YEAR=80,DAY_OF_WEEK=4,DAY_OF_WEEK_IN_MONTH=3,AM_PM=1,HOUR=7,HOUR_OF_DAY=19,MINUTE=33,SECOND=16,MILLISECOND=182,ZONE_OFFSET=0,DST_OFFSET=0], message=null}
19:33:16.192 [main] DEBUG org.hibernate.SQL - insert into LogEntries (logCode, message, primaryUser, secondaryUser, time, id) values (?, ?, ?, ?, ?, ?)
Hibernate: insert into LogEntries (logCode, message, primaryUser, secondaryUser, time, id) values (?, ?, ?, ?, ?, ?)
19:33:16.197 [main] DEBUG o.h.e.j.internal.JdbcCoordinatorImpl - HHH000420: Closing un-released batch
19:33:16.197 [main] DEBUG o.h.e.t.internal.TransactionImpl - begin
19:33:16.199 [main] DEBUG org.hibernate.SQL - select next_val as id_val from hibernate_sequence for update
Hibernate: select next_val as id_val from hibernate_sequence for update
19:33:16.200 [main] DEBUG org.hibernate.SQL - update hibernate_sequence set next_val= ? where next_val=?
Hibernate: update hibernate_sequence set next_val= ? where next_val=?
19:33:16.202 [main] DEBUG o.h.e.i.AbstractSaveEventListener - Generated identifier: 429, using strategy: org.hibernate.id.enhanced.SequenceStyleGenerator
19:33:16.203 [main] DEBUG o.h.e.t.internal.TransactionImpl - committing
19:33:16.204 [main] DEBUG o.h.e.i.AbstractFlushingEventListener - Processing flush-time cascades
19:33:16.204 [main] DEBUG o.h.e.i.AbstractFlushingEventListener - Dirty checking collections
19:33:16.204 [main] DEBUG o.h.e.i.AbstractFlushingEventListener - Flushed: 1 insertions, 0 updates, 0 deletions to 1 objects
19:33:16.204 [main] DEBUG o.h.e.i.AbstractFlushingEventListener - Flushed: 0 (re)creations, 0 updates, 0 removals to 0 collections
19:33:16.205 [main] DEBUG o.h.internal.util.EntityPrinter - Listing entities:
19:33:16.205 [main] DEBUG o.h.internal.util.EntityPrinter - edu.ncsu.csc.itrust2.models.persistent.LogEntry{secondaryUser=null, logCode=5, primaryUser=logapitest, id=429, time=java.util.GregorianCalendar[time=1521660796197,areFieldsSet=true,areAllFieldsSet=true,lenient=true,zone=sun.util.calendar.ZoneInfo[id="Etc/UTC",offset=0,dstSavings=0,useDaylight=false,transitions=0,lastRule=null],firstDayOfWeek=1,minimalDaysInFirstWeek=1,ERA=1,YEAR=2018,MONTH=2,WEEK_OF_YEAR=12,WEEK_OF_MONTH=4,DAY_OF_MONTH=21,DAY_OF_YEAR=80,DAY_OF_WEEK=4,DAY_OF_WEEK_IN_MONTH=3,AM_PM=1,HOUR=7,HOUR_OF_DAY=19,MINUTE=33,SECOND=16,MILLISECOND=197,ZONE_OFFSET=0,DST_OFFSET=0], message=null}
19:33:16.205 [main] DEBUG org.hibernate.SQL - insert into LogEntries (logCode, message, primaryUser, secondaryUser, time, id) values (?, ?, ?, ?, ?, ?)
Hibernate: insert into LogEntries (logCode, message, primaryUser, secondaryUser, time, id) values (?, ?, ?, ?, ?, ?)
19:33:16.208 [main] DEBUG o.h.e.j.internal.JdbcCoordinatorImpl - HHH000420: Closing un-released batch
19:33:16.210 [main] DEBUG o.h.e.t.internal.TransactionImpl - begin
19:33:16.211 [main] DEBUG org.hibernate.SQL - select next_val as id_val from hibernate_sequence for update
Hibernate: select next_val as id_val from hibernate_sequence for update
19:33:16.212 [main] DEBUG org.hibernate.SQL - update hibernate_sequence set next_val= ? where next_val=?
Hibernate: update hibernate_sequence set next_val= ? where next_val=?
19:33:16.214 [main] DEBUG o.h.e.i.AbstractSaveEventListener - Generated identifier: 430, using strategy: org.hibernate.id.enhanced.SequenceStyleGenerator
19:33:16.216 [main] DEBUG o.h.e.t.internal.TransactionImpl - committing
19:33:16.216 [main] DEBUG o.h.e.i.AbstractFlushingEventListener - Processing flush-time cascades
19:33:16.216 [main] DEBUG o.h.e.i.AbstractFlushingEventListener - Dirty checking collections
19:33:16.218 [main] DEBUG o.h.e.i.AbstractFlushingEventListener - Flushed: 1 insertions, 0 updates, 0 deletions to 1 objects
19:33:16.219 [main] DEBUG o.h.e.i.AbstractFlushingEventListener - Flushed: 0 (re)creations, 0 updates, 0 removals to 0 collections
19:33:16.219 [main] DEBUG o.h.internal.util.EntityPrinter - Listing entities:
19:33:16.219 [main] DEBUG o.h.internal.util.EntityPrinter - edu.ncsu.csc.itrust2.models.persistent.LogEntry{secondaryUser=null, logCode=5, primaryUser=logapitest, id=430, time=java.util.GregorianCalendar[time=1521660796210,areFieldsSet=true,areAllFieldsSet=true,lenient=true,zone=sun.util.calendar.ZoneInfo[id="Etc/UTC",offset=0,dstSavings=0,useDaylight=false,transitions=0,lastRule=null],firstDayOfWeek=1,minimalDaysInFirstWeek=1,ERA=1,YEAR=2018,MONTH=2,WEEK_OF_YEAR=12,WEEK_OF_MONTH=4,DAY_OF_MONTH=21,DAY_OF_YEAR=80,DAY_OF_WEEK=4,DAY_OF_WEEK_IN_MONTH=3,AM_PM=1,HOUR=7,HOUR_OF_DAY=19,MINUTE=33,SECOND=16,MILLISECOND=210,ZONE_OFFSET=0,DST_OFFSET=0], message=null}
19:33:16.219 [main] DEBUG org.hibernate.SQL - insert into LogEntries (logCode, message, primaryUser, secondaryUser, time, id) values (?, ?, ?, ?, ?, ?)
Hibernate: insert into LogEntries (logCode, message, primaryUser, secondaryUser, time, id) values (?, ?, ?, ?, ?, ?)
19:33:16.225 [main] DEBUG o.h.e.j.internal.JdbcCoordinatorImpl - HHH000420: Closing un-released batch
19:33:16.226 [main] DEBUG o.h.e.t.internal.TransactionImpl - begin
19:33:16.228 [main] DEBUG org.hibernate.SQL - select next_val as id_val from hibernate_sequence for update
Hibernate: select next_val as id_val from hibernate_sequence for update
19:33:16.230 [main] DEBUG org.hibernate.SQL - update hibernate_sequence set next_val= ? where next_val=?
Hibernate: update hibernate_sequence set next_val= ? where next_val=?
19:33:16.233 [main] DEBUG o.h.e.i.AbstractSaveEventListener - Generated identifier: 431, using strategy: org.hibernate.id.enhanced.SequenceStyleGenerator
19:33:16.233 [main] DEBUG o.h.e.t.internal.TransactionImpl - committing
19:33:16.233 [main] DEBUG o.h.e.i.AbstractFlushingEventListener - Processing flush-time cascades
19:33:16.234 [main] DEBUG o.h.e.i.AbstractFlushingEventListener - Dirty checking collections
19:33:16.234 [main] DEBUG o.h.e.i.AbstractFlushingEventListener - Flushed: 1 insertions, 0 updates, 0 deletions to 1 objects
19:33:16.234 [main] DEBUG o.h.e.i.AbstractFlushingEventListener - Flushed: 0 (re)creations, 0 updates, 0 removals to 0 collections
19:33:16.235 [main] DEBUG o.h.internal.util.EntityPrinter - Listing entities:
19:33:16.235 [main] DEBUG o.h.internal.util.EntityPrinter - edu.ncsu.csc.itrust2.models.persistent.LogEntry{secondaryUser=null, logCode=5, primaryUser=logapitest, id=431, time=java.util.GregorianCalendar[time=1521660796226,areFieldsSet=true,areAllFieldsSet=true,lenient=true,zone=sun.util.calendar.ZoneInfo[id="Etc/UTC",offset=0,dstSavings=0,useDaylight=false,transitions=0,lastRule=null],firstDayOfWeek=1,minimalDaysInFirstWeek=1,ERA=1,YEAR=2018,MONTH=2,WEEK_OF_YEAR=12,WEEK_OF_MONTH=4,DAY_OF_MONTH=21,DAY_OF_YEAR=80,DAY_OF_WEEK=4,DAY_OF_WEEK_IN_MONTH=3,AM_PM=1,HOUR=7,HOUR_OF_DAY=19,MINUTE=33,SECOND=16,MILLISECOND=226,ZONE_OFFSET=0,DST_OFFSET=0], message=null}
19:33:16.235 [main] DEBUG org.hibernate.SQL - insert into LogEntries (logCode, message, primaryUser, secondaryUser, time, id) values (?, ?, ?, ?, ?, ?)
Hibernate: insert into LogEntries (logCode, message, primaryUser, secondaryUser, time, id) values (?, ?, ?, ?, ?, ?)
19:33:16.238 [main] DEBUG o.h.e.j.internal.JdbcCoordinatorImpl - HHH000420: Closing un-released batch
19:33:16.239 [main] DEBUG o.h.e.t.internal.TransactionImpl - begin
19:33:16.241 [main] DEBUG org.hibernate.SQL - select next_val as id_val from hibernate_sequence for update
Hibernate: select next_val as id_val from hibernate_sequence for update
19:33:16.241 [main] DEBUG org.hibernate.SQL - update hibernate_sequence set next_val= ? where next_val=?
Hibernate: update hibernate_sequence set next_val= ? where next_val=?
19:33:16.244 [main] DEBUG o.h.e.i.AbstractSaveEventListener - Generated identifier: 432, using strategy: org.hibernate.id.enhanced.SequenceStyleGenerator
19:33:16.244 [main] DEBUG o.h.e.t.internal.TransactionImpl - committing
19:33:16.244 [main] DEBUG o.h.e.i.AbstractFlushingEventListener - Processing flush-time cascades
19:33:16.244 [main] DEBUG o.h.e.i.AbstractFlushingEventListener - Dirty checking collections
19:33:16.244 [main] DEBUG o.h.e.i.AbstractFlushingEventListener - Flushed: 1 insertions, 0 updates, 0 deletions to 1 objects
19:33:16.244 [main] DEBUG o.h.e.i.AbstractFlushingEventListener - Flushed: 0 (re)creations, 0 updates, 0 removals to 0 collections
19:33:16.244 [main] DEBUG o.h.internal.util.EntityPrinter - Listing entities:
19:33:16.245 [main] DEBUG o.h.internal.util.EntityPrinter - edu.ncsu.csc.itrust2.models.persistent.LogEntry{secondaryUser=null, logCode=5, primaryUser=logapitest, id=432, time=java.util.GregorianCalendar[time=1521660796239,areFieldsSet=true,areAllFieldsSet=true,lenient=true,zone=sun.util.calendar.ZoneInfo[id="Etc/UTC",offset=0,dstSavings=0,useDaylight=false,transitions=0,lastRule=null],firstDayOfWeek=1,minimalDaysInFirstWeek=1,ERA=1,YEAR=2018,MONTH=2,WEEK_OF_YEAR=12,WEEK_OF_MONTH=4,DAY_OF_MONTH=21,DAY_OF_YEAR=80,DAY_OF_WEEK=4,DAY_OF_WEEK_IN_MONTH=3,AM_PM=1,HOUR=7,HOUR_OF_DAY=19,MINUTE=33,SECOND=16,MILLISECOND=239,ZONE_OFFSET=0,DST_OFFSET=0], message=null}
19:33:16.245 [main] DEBUG org.hibernate.SQL - insert into LogEntries (logCode, message, primaryUser, secondaryUser, time, id) values (?, ?, ?, ?, ?, ?)
Hibernate: insert into LogEntries (logCode, message, primaryUser, secondaryUser, time, id) values (?, ?, ?, ?, ?, ?)
19:33:16.246 [main] DEBUG o.h.e.j.internal.JdbcCoordinatorImpl - HHH000420: Closing un-released batch
19:33:16.247 [main] DEBUG o.h.e.t.internal.TransactionImpl - begin
19:33:16.248 [main] DEBUG org.hibernate.SQL - select next_val as id_val from hibernate_sequence for update
Hibernate: select next_val as id_val from hibernate_sequence for update
19:33:16.249 [main] DEBUG org.hibernate.SQL - update hibernate_sequence set next_val= ? where next_val=?
Hibernate: update hibernate_sequence set next_val= ? where next_val=?
19:33:16.250 [main] DEBUG o.h.e.i.AbstractSaveEventListener - Generated identifier: 433, using strategy: org.hibernate.id.enhanced.SequenceStyleGenerator
19:33:16.251 [main] DEBUG o.h.e.t.internal.TransactionImpl - committing
19:33:16.251 [main] DEBUG o.h.e.i.AbstractFlushingEventListener - Processing flush-time cascades
19:33:16.251 [main] DEBUG o.h.e.i.AbstractFlushingEventListener - Dirty checking collections
19:33:16.251 [main] DEBUG o.h.e.i.AbstractFlushingEventListener - Flushed: 1 insertions, 0 updates, 0 deletions to 1 objects
19:33:16.251 [main] DEBUG o.h.e.i.AbstractFlushingEventListener - Flushed: 0 (re)creations, 0 updates, 0 removals to 0 collections
19:33:16.251 [main] DEBUG o.h.internal.util.EntityPrinter - Listing entities:
19:33:16.251 [main] DEBUG o.h.internal.util.EntityPrinter - edu.ncsu.csc.itrust2.models.persistent.LogEntry{secondaryUser=null, logCode=5, primaryUser=logapitest, id=433, time=java.util.GregorianCalendar[time=1521660796247,areFieldsSet=true,areAllFieldsSet=true,lenient=true,zone=sun.util.calendar.ZoneInfo[id="Etc/UTC",offset=0,dstSavings=0,useDaylight=false,transitions=0,lastRule=null],firstDayOfWeek=1,minimalDaysInFirstWeek=1,ERA=1,YEAR=2018,MONTH=2,WEEK_OF_YEAR=12,WEEK_OF_MONTH=4,DAY_OF_MONTH=21,DAY_OF_YEAR=80,DAY_OF_WEEK=4,DAY_OF_WEEK_IN_MONTH=3,AM_PM=1,HOUR=7,HOUR_OF_DAY=19,MINUTE=33,SECOND=16,MILLISECOND=247,ZONE_OFFSET=0,DST_OFFSET=0], message=null}
19:33:16.253 [main] DEBUG org.hibernate.SQL - insert into LogEntries (logCode, message, primaryUser, secondaryUser, time, id) values (?, ?, ?, ?, ?, ?)
Hibernate: insert into LogEntries (logCode, message, primaryUser, secondaryUser, time, id) values (?, ?, ?, ?, ?, ?)
19:33:16.254 [main] DEBUG o.h.e.j.internal.JdbcCoordinatorImpl - HHH000420: Closing un-released batch
19:33:16.255 [main] DEBUG o.h.e.t.internal.TransactionImpl - begin
19:33:16.256 [main] DEBUG org.hibernate.SQL - select next_val as id_val from hibernate_sequence for update
Hibernate: select next_val as id_val from hibernate_sequence for update
19:33:16.257 [main] DEBUG org.hibernate.SQL - update hibernate_sequence set next_val= ? where next_val=?
Hibernate: update hibernate_sequence set next_val= ? where next_val=?
19:33:16.259 [main] DEBUG o.h.e.i.AbstractSaveEventListener - Generated identifier: 434, using strategy: org.hibernate.id.enhanced.SequenceStyleGenerator
19:33:16.260 [main] DEBUG o.h.e.t.internal.TransactionImpl - committing
19:33:16.260 [main] DEBUG o.h.e.i.AbstractFlushingEventListener - Processing flush-time cascades
19:33:16.260 [main] DEBUG o.h.e.i.AbstractFlushingEventListener - Dirty checking collections
19:33:16.260 [main] DEBUG o.h.e.i.AbstractFlushingEventListener - Flushed: 1 insertions, 0 updates, 0 deletions to 1 objects
19:33:16.260 [main] DEBUG o.h.e.i.AbstractFlushingEventListener - Flushed: 0 (re)creations, 0 updates, 0 removals to 0 collections
19:33:16.260 [main] DEBUG o.h.internal.util.EntityPrinter - Listing entities:
19:33:16.260 [main] DEBUG o.h.internal.util.EntityPrinter - edu.ncsu.csc.itrust2.models.persistent.LogEntry{secondaryUser=null, logCode=5, primaryUser=logapitest, id=434, time=java.util.GregorianCalendar[time=1521660796255,areFieldsSet=true,areAllFieldsSet=true,lenient=true,zone=sun.util.calendar.ZoneInfo[id="Etc/UTC",offset=0,dstSavings=0,useDaylight=false,transitions=0,lastRule=null],firstDayOfWeek=1,minimalDaysInFirstWeek=1,ERA=1,YEAR=2018,MONTH=2,WEEK_OF_YEAR=12,WEEK_OF_MONTH=4,DAY_OF_MONTH=21,DAY_OF_YEAR=80,DAY_OF_WEEK=4,DAY_OF_WEEK_IN_MONTH=3,AM_PM=1,HOUR=7,HOUR_OF_DAY=19,MINUTE=33,SECOND=16,MILLISECOND=255,ZONE_OFFSET=0,DST_OFFSET=0], message=null}
19:33:16.261 [main] DEBUG org.hibernate.SQL - insert into LogEntries (logCode, message, primaryUser, secondaryUser, time, id) values (?, ?, ?, ?, ?, ?)
Hibernate: insert into LogEntries (logCode, message, primaryUser, secondaryUser, time, id) values (?, ?, ?, ?, ?, ?)
19:33:16.263 [main] DEBUG o.h.e.j.internal.JdbcCoordinatorImpl - HHH000420: Closing un-released batch
19:33:16.264 [main] DEBUG o.h.e.t.internal.TransactionImpl - begin
19:33:16.266 [main] DEBUG org.hibernate.SQL - select next_val as id_val from hibernate_sequence for update
Hibernate: select next_val as id_val from hibernate_sequence for update
19:33:16.267 [main] DEBUG org.hibernate.SQL - update hibernate_sequence set next_val= ? where next_val=?
Hibernate: update hibernate_sequence set next_val= ? where next_val=?
19:33:16.268 [main] DEBUG o.h.e.i.AbstractSaveEventListener - Generated identifier: 435, using strategy: org.hibernate.id.enhanced.SequenceStyleGenerator
19:33:16.269 [main] DEBUG o.h.e.t.internal.TransactionImpl - committing
19:33:16.269 [main] DEBUG o.h.e.i.AbstractFlushingEventListener - Processing flush-time cascades
19:33:16.269 [main] DEBUG o.h.e.i.AbstractFlushingEventListener - Dirty checking collections
19:33:16.269 [main] DEBUG o.h.e.i.AbstractFlushingEventListener - Flushed: 1 insertions, 0 updates, 0 deletions to 1 objects
19:33:16.269 [main] DEBUG o.h.e.i.AbstractFlushingEventListener - Flushed: 0 (re)creations, 0 updates, 0 removals to 0 collections
19:33:16.269 [main] DEBUG o.h.internal.util.EntityPrinter - Listing entities:
19:33:16.269 [main] DEBUG o.h.internal.util.EntityPrinter - edu.ncsu.csc.itrust2.models.persistent.LogEntry{secondaryUser=null, logCode=5, primaryUser=logapitest, id=435, time=java.util.GregorianCalendar[time=1521660796264,areFieldsSet=true,areAllFieldsSet=true,lenient=true,zone=sun.util.calendar.ZoneInfo[id="Etc/UTC",offset=0,dstSavings=0,useDaylight=false,transitions=0,lastRule=null],firstDayOfWeek=1,minimalDaysInFirstWeek=1,ERA=1,YEAR=2018,MONTH=2,WEEK_OF_YEAR=12,WEEK_OF_MONTH=4,DAY_OF_MONTH=21,DAY_OF_YEAR=80,DAY_OF_WEEK=4,DAY_OF_WEEK_IN_MONTH=3,AM_PM=1,HOUR=7,HOUR_OF_DAY=19,MINUTE=33,SECOND=16,MILLISECOND=264,ZONE_OFFSET=0,DST_OFFSET=0], message=null}
19:33:16.270 [main] DEBUG org.hibernate.SQL - insert into LogEntries (logCode, message, primaryUser, secondaryUser, time, id) values (?, ?, ?, ?, ?, ?)
Hibernate: insert into LogEntries (logCode, message, primaryUser, secondaryUser, time, id) values (?, ?, ?, ?, ?, ?)
19:33:16.271 [main] DEBUG o.h.e.j.internal.JdbcCoordinatorImpl - HHH000420: Closing un-released batch
19:33:16.272 [main] DEBUG o.h.e.t.internal.TransactionImpl - begin
19:33:16.273 [main] DEBUG org.hibernate.SQL - select next_val as id_val from hibernate_sequence for update
Hibernate: select next_val as id_val from hibernate_sequence for update
19:33:16.274 [main] DEBUG org.hibernate.SQL - update hibernate_sequence set next_val= ? where next_val=?
Hibernate: update hibernate_sequence set next_val= ? where next_val=?
19:33:16.277 [main] DEBUG o.h.e.i.AbstractSaveEventListener - Generated identifier: 436, using strategy: org.hibernate.id.enhanced.SequenceStyleGenerator
19:33:16.277 [main] DEBUG o.h.e.t.internal.TransactionImpl - committing
19:33:16.277 [main] DEBUG o.h.e.i.AbstractFlushingEventListener - Processing flush-time cascades
19:33:16.277 [main] DEBUG o.h.e.i.AbstractFlushingEventListener - Dirty checking collections
19:33:16.277 [main] DEBUG o.h.e.i.AbstractFlushingEventListener - Flushed: 1 insertions, 0 updates, 0 deletions to 1 objects
19:33:16.277 [main] DEBUG o.h.e.i.AbstractFlushingEventListener - Flushed: 0 (re)creations, 0 updates, 0 removals to 0 collections
19:33:16.277 [main] DEBUG o.h.internal.util.EntityPrinter - Listing entities:
19:33:16.277 [main] DEBUG o.h.internal.util.EntityPrinter - edu.ncsu.csc.itrust2.models.persistent.LogEntry{secondaryUser=null, logCode=5, primaryUser=logapitest, id=436, time=java.util.GregorianCalendar[time=1521660796272,areFieldsSet=true,areAllFieldsSet=true,lenient=true,zone=sun.util.calendar.ZoneInfo[id="Etc/UTC",offset=0,dstSavings=0,useDaylight=false,transitions=0,lastRule=null],firstDayOfWeek=1,minimalDaysInFirstWeek=1,ERA=1,YEAR=2018,MONTH=2,WEEK_OF_YEAR=12,WEEK_OF_MONTH=4,DAY_OF_MONTH=21,DAY_OF_YEAR=80,DAY_OF_WEEK=4,DAY_OF_WEEK_IN_MONTH=3,AM_PM=1,HOUR=7,HOUR_OF_DAY=19,MINUTE=33,SECOND=16,MILLISECOND=272,ZONE_OFFSET=0,DST_OFFSET=0], message=null}
19:33:16.278 [main] DEBUG org.hibernate.SQL - insert into LogEntries (logCode, message, primaryUser, secondaryUser, time, id) values (?, ?, ?, ?, ?, ?)
Hibernate: insert into LogEntries (logCode, message, primaryUser, secondaryUser, time, id) values (?, ?, ?, ?, ?, ?)
19:33:16.280 [main] DEBUG o.h.e.j.internal.JdbcCoordinatorImpl - HHH000420: Closing un-released batch
19:33:16.281 [main] DEBUG o.h.e.t.internal.TransactionImpl - begin
19:33:16.282 [main] DEBUG org.hibernate.SQL - select next_val as id_val from hibernate_sequence for update
Hibernate: select next_val as id_val from hibernate_sequence for update
19:33:16.283 [main] DEBUG org.hibernate.SQL - update hibernate_sequence set next_val= ? where next_val=?
Hibernate: update hibernate_sequence set next_val= ? where next_val=?
19:33:16.284 [main] DEBUG o.h.e.i.AbstractSaveEventListener - Generated identifier: 437, using strategy: org.hibernate.id.enhanced.SequenceStyleGenerator
19:33:16.284 [main] DEBUG o.h.e.t.internal.TransactionImpl - committing
19:33:16.284 [main] DEBUG o.h.e.i.AbstractFlushingEventListener - Processing flush-time cascades
19:33:16.284 [main] DEBUG o.h.e.i.AbstractFlushingEventListener - Dirty checking collections
19:33:16.285 [main] DEBUG o.h.e.i.AbstractFlushingEventListener - Flushed: 1 insertions, 0 updates, 0 deletions to 1 objects
19:33:16.285 [main] DEBUG o.h.e.i.AbstractFlushingEventListener - Flushed: 0 (re)creations, 0 updates, 0 removals to 0 collections
19:33:16.285 [main] DEBUG o.h.internal.util.EntityPrinter - Listing entities:
19:33:16.285 [main] DEBUG o.h.internal.util.EntityPrinter - edu.ncsu.csc.itrust2.models.persistent.LogEntry{secondaryUser=null, logCode=5, primaryUser=logapitest, id=437, time=java.util.GregorianCalendar[time=1521660796281,areFieldsSet=true,areAllFieldsSet=true,lenient=true,zone=sun.util.calendar.ZoneInfo[id="Etc/UTC",offset=0,dstSavings=0,useDaylight=false,transitions=0,lastRule=null],firstDayOfWeek=1,minimalDaysInFirstWeek=1,ERA=1,YEAR=2018,MONTH=2,WEEK_OF_YEAR=12,WEEK_OF_MONTH=4,DAY_OF_MONTH=21,DAY_OF_YEAR=80,DAY_OF_WEEK=4,DAY_OF_WEEK_IN_MONTH=3,AM_PM=1,HOUR=7,HOUR_OF_DAY=19,MINUTE=33,SECOND=16,MILLISECOND=281,ZONE_OFFSET=0,DST_OFFSET=0], message=null}
19:33:16.285 [main] DEBUG org.hibernate.SQL - insert into LogEntries (logCode, message, primaryUser, secondaryUser, time, id) values (?, ?, ?, ?, ?, ?)
Hibernate: insert into LogEntries (logCode, message, primaryUser, secondaryUser, time, id) values (?, ?, ?, ?, ?, ?)
19:33:16.286 [main] DEBUG o.h.e.j.internal.JdbcCoordinatorImpl - HHH000420: Closing un-released batch
19:33:16.287 [main] DEBUG o.h.e.t.internal.TransactionImpl - begin
19:33:16.287 [main] DEBUG org.hibernate.SQL - select next_val as id_val from hibernate_sequence for update
Hibernate: select next_val as id_val from hibernate_sequence for update
19:33:16.289 [main] DEBUG org.hibernate.SQL - update hibernate_sequence set next_val= ? where next_val=?
Hibernate: update hibernate_sequence set next_val= ? where next_val=?
19:33:16.291 [main] DEBUG o.h.e.i.AbstractSaveEventListener - Generated identifier: 438, using strategy: org.hibernate.id.enhanced.SequenceStyleGenerator
19:33:16.291 [main] DEBUG o.h.e.t.internal.TransactionImpl - committing
19:33:16.292 [main] DEBUG o.h.e.i.AbstractFlushingEventListener - Processing flush-time cascades
19:33:16.292 [main] DEBUG o.h.e.i.AbstractFlushingEventListener - Dirty checking collections
19:33:16.292 [main] DEBUG o.h.e.i.AbstractFlushingEventListener - Flushed: 1 insertions, 0 updates, 0 deletions to 1 objects
19:33:16.292 [main] DEBUG o.h.e.i.AbstractFlushingEventListener - Flushed: 0 (re)creations, 0 updates, 0 removals to 0 collections
19:33:16.292 [main] DEBUG o.h.internal.util.EntityPrinter - Listing entities:
19:33:16.292 [main] DEBUG o.h.internal.util.EntityPrinter - edu.ncsu.csc.itrust2.models.persistent.LogEntry{secondaryUser=null, logCode=5, primaryUser=logapitest, id=438, time=java.util.GregorianCalendar[time=1521660796287,areFieldsSet=true,areAllFieldsSet=true,lenient=true,zone=sun.util.calendar.ZoneInfo[id="Etc/UTC",offset=0,dstSavings=0,useDaylight=false,transitions=0,lastRule=null],firstDayOfWeek=1,minimalDaysInFirstWeek=1,ERA=1,YEAR=2018,MONTH=2,WEEK_OF_YEAR=12,WEEK_OF_MONTH=4,DAY_OF_MONTH=21,DAY_OF_YEAR=80,DAY_OF_WEEK=4,DAY_OF_WEEK_IN_MONTH=3,AM_PM=1,HOUR=7,HOUR_OF_DAY=19,MINUTE=33,SECOND=16,MILLISECOND=287,ZONE_OFFSET=0,DST_OFFSET=0], message=null}
19:33:16.293 [main] DEBUG org.hibernate.SQL - insert into LogEntries (logCode, message, primaryUser, secondaryUser, time, id) values (?, ?, ?, ?, ?, ?)
Hibernate: insert into LogEntries (logCode, message, primaryUser, secondaryUser, time, id) values (?, ?, ?, ?, ?, ?)
19:33:16.295 [main] DEBUG o.h.e.j.internal.JdbcCoordinatorImpl - HHH000420: Closing un-released batch
19:33:16.296 [main] DEBUG o.h.e.t.internal.TransactionImpl - begin
19:33:16.296 [main] DEBUG org.hibernate.SQL - select next_val as id_val from hibernate_sequence for update
Hibernate: select next_val as id_val from hibernate_sequence for update
19:33:16.297 [main] DEBUG org.hibernate.SQL - update hibernate_sequence set next_val= ? where next_val=?
Hibernate: update hibernate_sequence set next_val= ? where next_val=?
19:33:16.298 [main] DEBUG o.h.e.i.AbstractSaveEventListener - Generated identifier: 439, using strategy: org.hibernate.id.enhanced.SequenceStyleGenerator
19:33:16.299 [main] DEBUG o.h.e.t.internal.TransactionImpl - committing
19:33:16.299 [main] DEBUG o.h.e.i.AbstractFlushingEventListener - Processing flush-time cascades
19:33:16.299 [main] DEBUG o.h.e.i.AbstractFlushingEventListener - Dirty checking collections
19:33:16.299 [main] DEBUG o.h.e.i.AbstractFlushingEventListener - Flushed: 1 insertions, 0 updates, 0 deletions to 1 objects
19:33:16.299 [main] DEBUG o.h.e.i.AbstractFlushingEventListener - Flushed: 0 (re)creations, 0 updates, 0 removals to 0 collections
19:33:16.299 [main] DEBUG o.h.internal.util.EntityPrinter - Listing entities:
19:33:16.299 [main] DEBUG o.h.internal.util.EntityPrinter - edu.ncsu.csc.itrust2.models.persistent.LogEntry{secondaryUser=null, logCode=5, primaryUser=logapitest, id=439, time=java.util.GregorianCalendar[time=1521660796295,areFieldsSet=true,areAllFieldsSet=true,lenient=true,zone=sun.util.calendar.ZoneInfo[id="Etc/UTC",offset=0,dstSavings=0,useDaylight=false,transitions=0,lastRule=null],firstDayOfWeek=1,minimalDaysInFirstWeek=1,ERA=1,YEAR=2018,MONTH=2,WEEK_OF_YEAR=12,WEEK_OF_MONTH=4,DAY_OF_MONTH=21,DAY_OF_YEAR=80,DAY_OF_WEEK=4,DAY_OF_WEEK_IN_MONTH=3,AM_PM=1,HOUR=7,HOUR_OF_DAY=19,MINUTE=33,SECOND=16,MILLISECOND=295,ZONE_OFFSET=0,DST_OFFSET=0], message=null}
19:33:16.300 [main] DEBUG org.hibernate.SQL - insert into LogEntries (logCode, message, primaryUser, secondaryUser, time, id) values (?, ?, ?, ?, ?, ?)
Hibernate: insert into LogEntries (logCode, message, primaryUser, secondaryUser, time, id) values (?, ?, ?, ?, ?, ?)
19:33:16.302 [main] DEBUG o.h.e.j.internal.JdbcCoordinatorImpl - HHH000420: Closing un-released batch
19:33:16.303 [main] DEBUG o.h.e.t.internal.TransactionImpl - begin
19:33:16.304 [main] DEBUG org.hibernate.SQL - select next_val as id_val from hibernate_sequence for update
Hibernate: select next_val as id_val from hibernate_sequence for update
19:33:16.304 [main] DEBUG org.hibernate.SQL - update hibernate_sequence set next_val= ? where next_val=?
Hibernate: update hibernate_sequence set next_val= ? where next_val=?
19:33:16.306 [main] DEBUG o.h.e.i.AbstractSaveEventListener - Generated identifier: 440, using strategy: org.hibernate.id.enhanced.SequenceStyleGenerator
19:33:16.307 [main] DEBUG o.h.e.t.internal.TransactionImpl - committing
19:33:16.307 [main] DEBUG o.h.e.i.AbstractFlushingEventListener - Processing flush-time cascades
19:33:16.307 [main] DEBUG o.h.e.i.AbstractFlushingEventListener - Dirty checking collections
19:33:16.307 [main] DEBUG o.h.e.i.AbstractFlushingEventListener - Flushed: 1 insertions, 0 updates, 0 deletions to 1 objects
19:33:16.307 [main] DEBUG o.h.e.i.AbstractFlushingEventListener - Flushed: 0 (re)creations, 0 updates, 0 removals to 0 collections
19:33:16.307 [main] DEBUG o.h.internal.util.EntityPrinter - Listing entities:
19:33:16.307 [main] DEBUG o.h.internal.util.EntityPrinter - edu.ncsu.csc.itrust2.models.persistent.LogEntry{secondaryUser=null, logCode=5, primaryUser=logapitest, id=440, time=java.util.GregorianCalendar[time=1521660796302,areFieldsSet=true,areAllFieldsSet=true,lenient=true,zone=sun.util.calendar.ZoneInfo[id="Etc/UTC",offset=0,dstSavings=0,useDaylight=false,transitions=0,lastRule=null],firstDayOfWeek=1,minimalDaysInFirstWeek=1,ERA=1,YEAR=2018,MONTH=2,WEEK_OF_YEAR=12,WEEK_OF_MONTH=4,DAY_OF_MONTH=21,DAY_OF_YEAR=80,DAY_OF_WEEK=4,DAY_OF_WEEK_IN_MONTH=3,AM_PM=1,HOUR=7,HOUR_OF_DAY=19,MINUTE=33,SECOND=16,MILLISECOND=302,ZONE_OFFSET=0,DST_OFFSET=0], message=null}
19:33:16.308 [main] DEBUG org.hibernate.SQL - insert into LogEntries (logCode, message, primaryUser, secondaryUser, time, id) values (?, ?, ?, ?, ?, ?)
Hibernate: insert into LogEntries (logCode, message, primaryUser, secondaryUser, time, id) values (?, ?, ?, ?, ?, ?)
19:33:16.310 [main] DEBUG o.h.e.j.internal.JdbcCoordinatorImpl - HHH000420: Closing un-released batch
19:33:16.311 [main] DEBUG o.h.e.t.internal.TransactionImpl - begin
19:33:16.312 [main] DEBUG org.hibernate.SQL - select next_val as id_val from hibernate_sequence for update
Hibernate: select next_val as id_val from hibernate_sequence for update
19:33:16.312 [main] DEBUG org.hibernate.SQL - update hibernate_sequence set next_val= ? where next_val=?
Hibernate: update hibernate_sequence set next_val= ? where next_val=?
19:33:16.314 [main] DEBUG o.h.e.i.AbstractSaveEventListener - Generated identifier: 441, using strategy: org.hibernate.id.enhanced.SequenceStyleGenerator
19:33:16.316 [main] DEBUG o.h.e.t.internal.TransactionImpl - committing
19:33:16.316 [main] DEBUG o.h.e.i.AbstractFlushingEventListener - Processing flush-time cascades
19:33:16.316 [main] DEBUG o.h.e.i.AbstractFlushingEventListener - Dirty checking collections
19:33:16.316 [main] DEBUG o.h.e.i.AbstractFlushingEventListener - Flushed: 1 insertions, 0 updates, 0 deletions to 1 objects
19:33:16.317 [main] DEBUG o.h.e.i.AbstractFlushingEventListener - Flushed: 0 (re)creations, 0 updates, 0 removals to 0 collections
19:33:16.317 [main] DEBUG o.h.internal.util.EntityPrinter - Listing entities:
19:33:16.317 [main] DEBUG o.h.internal.util.EntityPrinter - edu.ncsu.csc.itrust2.models.persistent.LogEntry{secondaryUser=null, logCode=5, primaryUser=logapitest, id=441, time=java.util.GregorianCalendar[time=1521660796310,areFieldsSet=true,areAllFieldsSet=true,lenient=true,zone=sun.util.calendar.ZoneInfo[id="Etc/UTC",offset=0,dstSavings=0,useDaylight=false,transitions=0,lastRule=null],firstDayOfWeek=1,minimalDaysInFirstWeek=1,ERA=1,YEAR=2018,MONTH=2,WEEK_OF_YEAR=12,WEEK_OF_MONTH=4,DAY_OF_MONTH=21,DAY_OF_YEAR=80,DAY_OF_WEEK=4,DAY_OF_WEEK_IN_MONTH=3,AM_PM=1,HOUR=7,HOUR_OF_DAY=19,MINUTE=33,SECOND=16,MILLISECOND=310,ZONE_OFFSET=0,DST_OFFSET=0], message=null}
19:33:16.317 [main] DEBUG org.hibernate.SQL - insert into LogEntries (logCode, message, primaryUser, secondaryUser, time, id) values (?, ?, ?, ?, ?, ?)
Hibernate: insert into LogEntries (logCode, message, primaryUser, secondaryUser, time, id) values (?, ?, ?, ?, ?, ?)
19:33:16.319 [main] DEBUG o.h.e.j.internal.JdbcCoordinatorImpl - HHH000420: Closing un-released batch
19:33:16.319 [main] DEBUG o.h.e.t.internal.TransactionImpl - begin
19:33:16.321 [main] DEBUG org.hibernate.SQL - select next_val as id_val from hibernate_sequence for update
Hibernate: select next_val as id_val from hibernate_sequence for update
19:33:16.322 [main] DEBUG org.hibernate.SQL - update hibernate_sequence set next_val= ? where next_val=?
Hibernate: update hibernate_sequence set next_val= ? where next_val=?
19:33:16.323 [main] DEBUG o.h.e.i.AbstractSaveEventListener - Generated identifier: 442, using strategy: org.hibernate.id.enhanced.SequenceStyleGenerator
19:33:16.324 [main] DEBUG o.h.e.t.internal.TransactionImpl - committing
19:33:16.324 [main] DEBUG o.h.e.i.AbstractFlushingEventListener - Processing flush-time cascades
19:33:16.324 [main] DEBUG o.h.e.i.AbstractFlushingEventListener - Dirty checking collections
19:33:16.324 [main] DEBUG o.h.e.i.AbstractFlushingEventListener - Flushed: 1 insertions, 0 updates, 0 deletions to 1 objects
19:33:16.324 [main] DEBUG o.h.e.i.AbstractFlushingEventListener - Flushed: 0 (re)creations, 0 updates, 0 removals to 0 collections
19:33:16.324 [main] DEBUG o.h.internal.util.EntityPrinter - Listing entities:
19:33:16.324 [main] DEBUG o.h.internal.util.EntityPrinter - edu.ncsu.csc.itrust2.models.persistent.LogEntry{secondaryUser=null, logCode=5, primaryUser=logapitest, id=442, time=java.util.GregorianCalendar[time=1521660796319,areFieldsSet=true,areAllFieldsSet=true,lenient=true,zone=sun.util.calendar.ZoneInfo[id="Etc/UTC",offset=0,dstSavings=0,useDaylight=false,transitions=0,lastRule=null],firstDayOfWeek=1,minimalDaysInFirstWeek=1,ERA=1,YEAR=2018,MONTH=2,WEEK_OF_YEAR=12,WEEK_OF_MONTH=4,DAY_OF_MONTH=21,DAY_OF_YEAR=80,DAY_OF_WEEK=4,DAY_OF_WEEK_IN_MONTH=3,AM_PM=1,HOUR=7,HOUR_OF_DAY=19,MINUTE=33,SECOND=16,MILLISECOND=319,ZONE_OFFSET=0,DST_OFFSET=0], message=null}
19:33:16.325 [main] DEBUG org.hibernate.SQL - insert into LogEntries (logCode, message, primaryUser, secondaryUser, time, id) values (?, ?, ?, ?, ?, ?)
Hibernate: insert into LogEntries (logCode, message, primaryUser, secondaryUser, time, id) values (?, ?, ?, ?, ?, ?)
19:33:16.326 [main] DEBUG o.h.e.j.internal.JdbcCoordinatorImpl - HHH000420: Closing un-released batch
19:33:16.327 [main] DEBUG o.h.e.t.internal.TransactionImpl - begin
19:33:16.328 [main] DEBUG org.hibernate.SQL - select next_val as id_val from hibernate_sequence for update
Hibernate: select next_val as id_val from hibernate_sequence for update
19:33:16.329 [main] DEBUG org.hibernate.SQL - update hibernate_sequence set next_val= ? where next_val=?
Hibernate: update hibernate_sequence set next_val= ? where next_val=?
19:33:16.330 [main] DEBUG o.h.e.i.AbstractSaveEventListener - Generated identifier: 443, using strategy: org.hibernate.id.enhanced.SequenceStyleGenerator
19:33:16.330 [main] DEBUG o.h.e.t.internal.TransactionImpl - committing
19:33:16.330 [main] DEBUG o.h.e.i.AbstractFlushingEventListener - Processing flush-time cascades
19:33:16.331 [main] DEBUG o.h.e.i.AbstractFlushingEventListener - Dirty checking collections
19:33:16.331 [main] DEBUG o.h.e.i.AbstractFlushingEventListener - Flushed: 1 insertions, 0 updates, 0 deletions to 1 objects
19:33:16.331 [main] DEBUG o.h.e.i.AbstractFlushingEventListener - Flushed: 0 (re)creations, 0 updates, 0 removals to 0 collections
19:33:16.331 [main] DEBUG o.h.internal.util.EntityPrinter - Listing entities:
19:33:16.331 [main] DEBUG o.h.internal.util.EntityPrinter - edu.ncsu.csc.itrust2.models.persistent.LogEntry{secondaryUser=null, logCode=5, primaryUser=logapitest, id=443, time=java.util.GregorianCalendar[time=1521660796327,areFieldsSet=true,areAllFieldsSet=true,lenient=true,zone=sun.util.calendar.ZoneInfo[id="Etc/UTC",offset=0,dstSavings=0,useDaylight=false,transitions=0,lastRule=null],firstDayOfWeek=1,minimalDaysInFirstWeek=1,ERA=1,YEAR=2018,MONTH=2,WEEK_OF_YEAR=12,WEEK_OF_MONTH=4,DAY_OF_MONTH=21,DAY_OF_YEAR=80,DAY_OF_WEEK=4,DAY_OF_WEEK_IN_MONTH=3,AM_PM=1,HOUR=7,HOUR_OF_DAY=19,MINUTE=33,SECOND=16,MILLISECOND=327,ZONE_OFFSET=0,DST_OFFSET=0], message=null}
19:33:16.332 [main] DEBUG org.hibernate.SQL - insert into LogEntries (logCode, message, primaryUser, secondaryUser, time, id) values (?, ?, ?, ?, ?, ?)
Hibernate: insert into LogEntries (logCode, message, primaryUser, secondaryUser, time, id) values (?, ?, ?, ?, ?, ?)
19:33:16.333 [main] DEBUG o.h.e.j.internal.JdbcCoordinatorImpl - HHH000420: Closing un-released batch
19:33:16.334 [main] DEBUG o.h.e.t.internal.TransactionImpl - begin
19:33:16.334 [main] DEBUG org.hibernate.SQL - select next_val as id_val from hibernate_sequence for update
Hibernate: select next_val as id_val from hibernate_sequence for update
19:33:16.335 [main] DEBUG org.hibernate.SQL - update hibernate_sequence set next_val= ? where next_val=?
Hibernate: update hibernate_sequence set next_val= ? where next_val=?
19:33:16.337 [main] DEBUG o.h.e.i.AbstractSaveEventListener - Generated identifier: 444, using strategy: org.hibernate.id.enhanced.SequenceStyleGenerator
19:33:16.337 [main] DEBUG o.h.e.t.internal.TransactionImpl - committing
19:33:16.337 [main] DEBUG o.h.e.i.AbstractFlushingEventListener - Processing flush-time cascades
19:33:16.337 [main] DEBUG o.h.e.i.AbstractFlushingEventListener - Dirty checking collections
19:33:16.338 [main] DEBUG o.h.e.i.AbstractFlushingEventListener - Flushed: 1 insertions, 0 updates, 0 deletions to 1 objects
19:33:16.338 [main] DEBUG o.h.e.i.AbstractFlushingEventListener - Flushed: 0 (re)creations, 0 updates, 0 removals to 0 collections
19:33:16.338 [main] DEBUG o.h.internal.util.EntityPrinter - Listing entities:
19:33:16.338 [main] DEBUG o.h.internal.util.EntityPrinter - edu.ncsu.csc.itrust2.models.persistent.LogEntry{secondaryUser=null, logCode=5, primaryUser=logapitest, id=444, time=java.util.GregorianCalendar[time=1521660796334,areFieldsSet=true,areAllFieldsSet=true,lenient=true,zone=sun.util.calendar.ZoneInfo[id="Etc/UTC",offset=0,dstSavings=0,useDaylight=false,transitions=0,lastRule=null],firstDayOfWeek=1,minimalDaysInFirstWeek=1,ERA=1,YEAR=2018,MONTH=2,WEEK_OF_YEAR=12,WEEK_OF_MONTH=4,DAY_OF_MONTH=21,DAY_OF_YEAR=80,DAY_OF_WEEK=4,DAY_OF_WEEK_IN_MONTH=3,AM_PM=1,HOUR=7,HOUR_OF_DAY=19,MINUTE=33,SECOND=16,MILLISECOND=334,ZONE_OFFSET=0,DST_OFFSET=0], message=null}
19:33:16.339 [main] DEBUG org.hibernate.SQL - insert into LogEntries (logCode, message, primaryUser, secondaryUser, time, id) values (?, ?, ?, ?, ?, ?)
Hibernate: insert into LogEntries (logCode, message, primaryUser, secondaryUser, time, id) values (?, ?, ?, ?, ?, ?)
19:33:16.341 [main] DEBUG o.h.e.j.internal.JdbcCoordinatorImpl - HHH000420: Closing un-released batch
19:33:16.342 [main] DEBUG o.h.e.t.internal.TransactionImpl - begin
19:33:16.342 [main] DEBUG org.hibernate.SQL - select next_val as id_val from hibernate_sequence for update
Hibernate: select next_val as id_val from hibernate_sequence for update
19:33:16.344 [main] DEBUG org.hibernate.SQL - update hibernate_sequence set next_val= ? where next_val=?
Hibernate: update hibernate_sequence set next_val= ? where next_val=?
19:33:16.345 [main] DEBUG o.h.e.i.AbstractSaveEventListener - Generated identifier: 445, using strategy: org.hibernate.id.enhanced.SequenceStyleGenerator
19:33:16.346 [main] DEBUG o.h.e.t.internal.TransactionImpl - committing
19:33:16.346 [main] DEBUG o.h.e.i.AbstractFlushingEventListener - Processing flush-time cascades
19:33:16.346 [main] DEBUG o.h.e.i.AbstractFlushingEventListener - Dirty checking collections
19:33:16.346 [main] DEBUG o.h.e.i.AbstractFlushingEventListener - Flushed: 1 insertions, 0 updates, 0 deletions to 1 objects
19:33:16.346 [main] DEBUG o.h.e.i.AbstractFlushingEventListener - Flushed: 0 (re)creations, 0 updates, 0 removals to 0 collections
19:33:16.346 [main] DEBUG o.h.internal.util.EntityPrinter - Listing entities:
19:33:16.347 [main] DEBUG o.h.internal.util.EntityPrinter - edu.ncsu.csc.itrust2.models.persistent.LogEntry{secondaryUser=null, logCode=5, primaryUser=logapitest, id=445, time=java.util.GregorianCalendar[time=1521660796342,areFieldsSet=true,areAllFieldsSet=true,lenient=true,zone=sun.util.calendar.ZoneInfo[id="Etc/UTC",offset=0,dstSavings=0,useDaylight=false,transitions=0,lastRule=null],firstDayOfWeek=1,minimalDaysInFirstWeek=1,ERA=1,YEAR=2018,MONTH=2,WEEK_OF_YEAR=12,WEEK_OF_MONTH=4,DAY_OF_MONTH=21,DAY_OF_YEAR=80,DAY_OF_WEEK=4,DAY_OF_WEEK_IN_MONTH=3,AM_PM=1,HOUR=7,HOUR_OF_DAY=19,MINUTE=33,SECOND=16,MILLISECOND=342,ZONE_OFFSET=0,DST_OFFSET=0], message=null}
19:33:16.347 [main] DEBUG org.hibernate.SQL - insert into LogEntries (logCode, message, primaryUser, secondaryUser, time, id) values (?, ?, ?, ?, ?, ?)
Hibernate: insert into LogEntries (logCode, message, primaryUser, secondaryUser, time, id) values (?, ?, ?, ?, ?, ?)
19:33:16.349 [main] DEBUG o.h.e.j.internal.JdbcCoordinatorImpl - HHH000420: Closing un-released batch
19:33:16.350 [main] DEBUG o.h.e.t.internal.TransactionImpl - begin
19:33:16.351 [main] DEBUG org.hibernate.SQL - select next_val as id_val from hibernate_sequence for update
Hibernate: select next_val as id_val from hibernate_sequence for update
19:33:16.352 [main] DEBUG org.hibernate.SQL - update hibernate_sequence set next_val= ? where next_val=?
Hibernate: update hibernate_sequence set next_val= ? where next_val=?
19:33:16.354 [main] DEBUG o.h.e.i.AbstractSaveEventListener - Generated identifier: 446, using strategy: org.hibernate.id.enhanced.SequenceStyleGenerator
19:33:16.356 [main] DEBUG o.h.e.t.internal.TransactionImpl - committing
19:33:16.356 [main] DEBUG o.h.e.i.AbstractFlushingEventListener - Processing flush-time cascades
19:33:16.356 [main] DEBUG o.h.e.i.AbstractFlushingEventListener - Dirty checking collections
19:33:16.356 [main] DEBUG o.h.e.i.AbstractFlushingEventListener - Flushed: 1 insertions, 0 updates, 0 deletions to 1 objects
19:33:16.356 [main] DEBUG o.h.e.i.AbstractFlushingEventListener - Flushed: 0 (re)creations, 0 updates, 0 removals to 0 collections
19:33:16.357 [main] DEBUG o.h.internal.util.EntityPrinter - Listing entities:
19:33:16.357 [main] DEBUG o.h.internal.util.EntityPrinter - edu.ncsu.csc.itrust2.models.persistent.LogEntry{secondaryUser=null, logCode=5, primaryUser=logapitest, id=446, time=java.util.GregorianCalendar[time=1521660796350,areFieldsSet=true,areAllFieldsSet=true,lenient=true,zone=sun.util.calendar.ZoneInfo[id="Etc/UTC",offset=0,dstSavings=0,useDaylight=false,transitions=0,lastRule=null],firstDayOfWeek=1,minimalDaysInFirstWeek=1,ERA=1,YEAR=2018,MONTH=2,WEEK_OF_YEAR=12,WEEK_OF_MONTH=4,DAY_OF_MONTH=21,DAY_OF_YEAR=80,DAY_OF_WEEK=4,DAY_OF_WEEK_IN_MONTH=3,AM_PM=1,HOUR=7,HOUR_OF_DAY=19,MINUTE=33,SECOND=16,MILLISECOND=350,ZONE_OFFSET=0,DST_OFFSET=0], message=null}
19:33:16.358 [main] DEBUG org.hibernate.SQL - insert into LogEntries (logCode, message, primaryUser, secondaryUser, time, id) values (?, ?, ?, ?, ?, ?)
Hibernate: insert into LogEntries (logCode, message, primaryUser, secondaryUser, time, id) values (?, ?, ?, ?, ?, ?)
19:33:16.361 [main] DEBUG o.h.e.j.internal.JdbcCoordinatorImpl - HHH000420: Closing un-released batch
19:33:16.361 [main] DEBUG o.h.e.t.internal.TransactionImpl - begin
19:33:16.362 [main] DEBUG org.hibernate.SQL - select next_val as id_val from hibernate_sequence for update
Hibernate: select next_val as id_val from hibernate_sequence for update
19:33:16.364 [main] DEBUG org.hibernate.SQL - update hibernate_sequence set next_val= ? where next_val=?
Hibernate: update hibernate_sequence set next_val= ? where next_val=?
19:33:16.365 [main] DEBUG o.h.e.i.AbstractSaveEventListener - Generated identifier: 447, using strategy: org.hibernate.id.enhanced.SequenceStyleGenerator
19:33:16.366 [main] DEBUG o.h.e.t.internal.TransactionImpl - committing
19:33:16.366 [main] DEBUG o.h.e.i.AbstractFlushingEventListener - Processing flush-time cascades
19:33:16.366 [main] DEBUG o.h.e.i.AbstractFlushingEventListener - Dirty checking collections
19:33:16.366 [main] DEBUG o.h.e.i.AbstractFlushingEventListener - Flushed: 1 insertions, 0 updates, 0 deletions to 1 objects
19:33:16.367 [main] DEBUG o.h.e.i.AbstractFlushingEventListener - Flushed: 0 (re)creations, 0 updates, 0 removals to 0 collections
19:33:16.367 [main] DEBUG o.h.internal.util.EntityPrinter - Listing entities:
19:33:16.367 [main] DEBUG o.h.internal.util.EntityPrinter - edu.ncsu.csc.itrust2.models.persistent.LogEntry{secondaryUser=null, logCode=5, primaryUser=logapitest, id=447, time=java.util.GregorianCalendar[time=1521660796361,areFieldsSet=true,areAllFieldsSet=true,lenient=true,zone=sun.util.calendar.ZoneInfo[id="Etc/UTC",offset=0,dstSavings=0,useDaylight=false,transitions=0,lastRule=null],firstDayOfWeek=1,minimalDaysInFirstWeek=1,ERA=1,YEAR=2018,MONTH=2,WEEK_OF_YEAR=12,WEEK_OF_MONTH=4,DAY_OF_MONTH=21,DAY_OF_YEAR=80,DAY_OF_WEEK=4,DAY_OF_WEEK_IN_MONTH=3,AM_PM=1,HOUR=7,HOUR_OF_DAY=19,MINUTE=33,SECOND=16,MILLISECOND=361,ZONE_OFFSET=0,DST_OFFSET=0], message=null}
19:33:16.368 [main] DEBUG org.hibernate.SQL - insert into LogEntries (logCode, message, primaryUser, secondaryUser, time, id) values (?, ?, ?, ?, ?, ?)
Hibernate: insert into LogEntries (logCode, message, primaryUser, secondaryUser, time, id) values (?, ?, ?, ?, ?, ?)
19:33:16.371 [main] DEBUG o.h.e.j.internal.JdbcCoordinatorImpl - HHH000420: Closing un-released batch
19:33:16.373 [main] DEBUG o.h.e.t.internal.TransactionImpl - begin
19:33:16.373 [main] DEBUG org.hibernate.SQL - select next_val as id_val from hibernate_sequence for update
Hibernate: select next_val as id_val from hibernate_sequence for update
19:33:16.374 [main] DEBUG org.hibernate.SQL - update hibernate_sequence set next_val= ? where next_val=?
Hibernate: update hibernate_sequence set next_val= ? where next_val=?
19:33:16.376 [main] DEBUG o.h.e.i.AbstractSaveEventListener - Generated identifier: 448, using strategy: org.hibernate.id.enhanced.SequenceStyleGenerator
19:33:16.376 [main] DEBUG o.h.e.t.internal.TransactionImpl - committing
19:33:16.376 [main] DEBUG o.h.e.i.AbstractFlushingEventListener - Processing flush-time cascades
19:33:16.376 [main] DEBUG o.h.e.i.AbstractFlushingEventListener - Dirty checking collections
19:33:16.377 [main] DEBUG o.h.e.i.AbstractFlushingEventListener - Flushed: 1 insertions, 0 updates, 0 deletions to 1 objects
19:33:16.377 [main] DEBUG o.h.e.i.AbstractFlushingEventListener - Flushed: 0 (re)creations, 0 updates, 0 removals to 0 collections
19:33:16.377 [main] DEBUG o.h.internal.util.EntityPrinter - Listing entities:
19:33:16.377 [main] DEBUG o.h.internal.util.EntityPrinter - edu.ncsu.csc.itrust2.models.persistent.LogEntry{secondaryUser=null, logCode=5, primaryUser=logapitest, id=448, time=java.util.GregorianCalendar[time=1521660796372,areFieldsSet=true,areAllFieldsSet=true,lenient=true,zone=sun.util.calendar.ZoneInfo[id="Etc/UTC",offset=0,dstSavings=0,useDaylight=false,transitions=0,lastRule=null],firstDayOfWeek=1,minimalDaysInFirstWeek=1,ERA=1,YEAR=2018,MONTH=2,WEEK_OF_YEAR=12,WEEK_OF_MONTH=4,DAY_OF_MONTH=21,DAY_OF_YEAR=80,DAY_OF_WEEK=4,DAY_OF_WEEK_IN_MONTH=3,AM_PM=1,HOUR=7,HOUR_OF_DAY=19,MINUTE=33,SECOND=16,MILLISECOND=372,ZONE_OFFSET=0,DST_OFFSET=0], message=null}
19:33:16.378 [main] DEBUG org.hibernate.SQL - insert into LogEntries (logCode, message, primaryUser, secondaryUser, time, id) values (?, ?, ?, ?, ?, ?)
Hibernate: insert into LogEntries (logCode, message, primaryUser, secondaryUser, time, id) values (?, ?, ?, ?, ?, ?)
19:33:16.381 [main] DEBUG o.h.e.j.internal.JdbcCoordinatorImpl - HHH000420: Closing un-released batch
19:33:16.382 [main] DEBUG o.h.e.t.internal.TransactionImpl - begin
19:33:16.383 [main] DEBUG org.hibernate.SQL - select next_val as id_val from hibernate_sequence for update
Hibernate: select next_val as id_val from hibernate_sequence for update
19:33:16.383 [main] DEBUG org.hibernate.SQL - update hibernate_sequence set next_val= ? where next_val=?
Hibernate: update hibernate_sequence set next_val= ? where next_val=?
19:33:16.385 [main] DEBUG o.h.e.i.AbstractSaveEventListener - Generated identifier: 449, using strategy: org.hibernate.id.enhanced.SequenceStyleGenerator
19:33:16.386 [main] DEBUG o.h.e.t.internal.TransactionImpl - committing
19:33:16.386 [main] DEBUG o.h.e.i.AbstractFlushingEventListener - Processing flush-time cascades
19:33:16.386 [main] DEBUG o.h.e.i.AbstractFlushingEventListener - Dirty checking collections
19:33:16.386 [main] DEBUG o.h.e.i.AbstractFlushingEventListener - Flushed: 1 insertions, 0 updates, 0 deletions to 1 objects
19:33:16.386 [main] DEBUG o.h.e.i.AbstractFlushingEventListener - Flushed: 0 (re)creations, 0 updates, 0 removals to 0 collections
19:33:16.387 [main] DEBUG o.h.internal.util.EntityPrinter - Listing entities:
19:33:16.387 [main] DEBUG o.h.internal.util.EntityPrinter - edu.ncsu.csc.itrust2.models.persistent.LogEntry{secondaryUser=null, logCode=5, primaryUser=logapitest, id=449, time=java.util.GregorianCalendar[time=1521660796381,areFieldsSet=true,areAllFieldsSet=true,lenient=true,zone=sun.util.calendar.ZoneInfo[id="Etc/UTC",offset=0,dstSavings=0,useDaylight=false,transitions=0,lastRule=null],firstDayOfWeek=1,minimalDaysInFirstWeek=1,ERA=1,YEAR=2018,MONTH=2,WEEK_OF_YEAR=12,WEEK_OF_MONTH=4,DAY_OF_MONTH=21,DAY_OF_YEAR=80,DAY_OF_WEEK=4,DAY_OF_WEEK_IN_MONTH=3,AM_PM=1,HOUR=7,HOUR_OF_DAY=19,MINUTE=33,SECOND=16,MILLISECOND=381,ZONE_OFFSET=0,DST_OFFSET=0], message=null}
19:33:16.390 [main] DEBUG org.hibernate.SQL - insert into LogEntries (logCode, message, primaryUser, secondaryUser, time, id) values (?, ?, ?, ?, ?, ?)
Hibernate: insert into LogEntries (logCode, message, primaryUser, secondaryUser, time, id) values (?, ?, ?, ?, ?, ?)
19:33:16.393 [main] DEBUG o.h.e.j.internal.JdbcCoordinatorImpl - HHH000420: Closing un-released batch
19:33:16.394 [main] DEBUG o.h.e.t.internal.TransactionImpl - begin
19:33:16.396 [main] DEBUG org.hibernate.SQL - select next_val as id_val from hibernate_sequence for update
Hibernate: select next_val as id_val from hibernate_sequence for update
19:33:16.397 [main] DEBUG org.hibernate.SQL - update hibernate_sequence set next_val= ? where next_val=?
Hibernate: update hibernate_sequence set next_val= ? where next_val=?
19:33:16.399 [main] DEBUG o.h.e.i.AbstractSaveEventListener - Generated identifier: 450, using strategy: org.hibernate.id.enhanced.SequenceStyleGenerator
19:33:16.399 [main] DEBUG o.h.e.t.internal.TransactionImpl - committing
19:33:16.399 [main] DEBUG o.h.e.i.AbstractFlushingEventListener - Processing flush-time cascades
19:33:16.399 [main] DEBUG o.h.e.i.AbstractFlushingEventListener - Dirty checking collections
19:33:16.400 [main] DEBUG o.h.e.i.AbstractFlushingEventListener - Flushed: 1 insertions, 0 updates, 0 deletions to 1 objects
19:33:16.400 [main] DEBUG o.h.e.i.AbstractFlushingEventListener - Flushed: 0 (re)creations, 0 updates, 0 removals to 0 collections
19:33:16.400 [main] DEBUG o.h.internal.util.EntityPrinter - Listing entities:
19:33:16.400 [main] DEBUG o.h.internal.util.EntityPrinter - edu.ncsu.csc.itrust2.models.persistent.LogEntry{secondaryUser=null, logCode=5, primaryUser=logapitest, id=450, time=java.util.GregorianCalendar[time=1521660796394,areFieldsSet=true,areAllFieldsSet=true,lenient=true,zone=sun.util.calendar.ZoneInfo[id="Etc/UTC",offset=0,dstSavings=0,useDaylight=false,transitions=0,lastRule=null],firstDayOfWeek=1,minimalDaysInFirstWeek=1,ERA=1,YEAR=2018,MONTH=2,WEEK_OF_YEAR=12,WEEK_OF_MONTH=4,DAY_OF_MONTH=21,DAY_OF_YEAR=80,DAY_OF_WEEK=4,DAY_OF_WEEK_IN_MONTH=3,AM_PM=1,HOUR=7,HOUR_OF_DAY=19,MINUTE=33,SECOND=16,MILLISECOND=394,ZONE_OFFSET=0,DST_OFFSET=0], message=null}
19:33:16.403 [main] DEBUG org.hibernate.SQL - insert into LogEntries (logCode, message, primaryUser, secondaryUser, time, id) values (?, ?, ?, ?, ?, ?)
Hibernate: insert into LogEntries (logCode, message, primaryUser, secondaryUser, time, id) values (?, ?, ?, ?, ?, ?)
19:33:16.406 [main] DEBUG o.h.e.j.internal.JdbcCoordinatorImpl - HHH000420: Closing un-released batch
19:33:16.407 [main] DEBUG o.h.e.t.internal.TransactionImpl - begin
19:33:16.408 [main] DEBUG org.hibernate.SQL - select next_val as id_val from hibernate_sequence for update
Hibernate: select next_val as id_val from hibernate_sequence for update
19:33:16.409 [main] DEBUG org.hibernate.SQL - update hibernate_sequence set next_val= ? where next_val=?
Hibernate: update hibernate_sequence set next_val= ? where next_val=?
19:33:16.410 [main] DEBUG o.h.e.i.AbstractSaveEventListener - Generated identifier: 451, using strategy: org.hibernate.id.enhanced.SequenceStyleGenerator
19:33:16.411 [main] DEBUG o.h.e.t.internal.TransactionImpl - committing
19:33:16.411 [main] DEBUG o.h.e.i.AbstractFlushingEventListener - Processing flush-time cascades
19:33:16.411 [main] DEBUG o.h.e.i.AbstractFlushingEventListener - Dirty checking collections
19:33:16.412 [main] DEBUG o.h.e.i.AbstractFlushingEventListener - Flushed: 1 insertions, 0 updates, 0 deletions to 1 objects
19:33:16.412 [main] DEBUG o.h.e.i.AbstractFlushingEventListener - Flushed: 0 (re)creations, 0 updates, 0 removals to 0 collections
19:33:16.412 [main] DEBUG o.h.internal.util.EntityPrinter - Listing entities:
19:33:16.412 [main] DEBUG o.h.internal.util.EntityPrinter - edu.ncsu.csc.itrust2.models.persistent.LogEntry{secondaryUser=null, logCode=5, primaryUser=logapitest, id=451, time=java.util.GregorianCalendar[time=1521660796407,areFieldsSet=true,areAllFieldsSet=true,lenient=true,zone=sun.util.calendar.ZoneInfo[id="Etc/UTC",offset=0,dstSavings=0,useDaylight=false,transitions=0,lastRule=null],firstDayOfWeek=1,minimalDaysInFirstWeek=1,ERA=1,YEAR=2018,MONTH=2,WEEK_OF_YEAR=12,WEEK_OF_MONTH=4,DAY_OF_MONTH=21,DAY_OF_YEAR=80,DAY_OF_WEEK=4,DAY_OF_WEEK_IN_MONTH=3,AM_PM=1,HOUR=7,HOUR_OF_DAY=19,MINUTE=33,SECOND=16,MILLISECOND=407,ZONE_OFFSET=0,DST_OFFSET=0], message=null}
19:33:16.413 [main] DEBUG org.hibernate.SQL - insert into LogEntries (logCode, message, primaryUser, secondaryUser, time, id) values (?, ?, ?, ?, ?, ?)
Hibernate: insert into LogEntries (logCode, message, primaryUser, secondaryUser, time, id) values (?, ?, ?, ?, ?, ?)
19:33:16.418 [main] DEBUG o.h.e.j.internal.JdbcCoordinatorImpl - HHH000420: Closing un-released batch
19:33:16.418 [main] DEBUG o.h.e.t.internal.TransactionImpl - begin
19:33:16.419 [main] DEBUG org.hibernate.SQL - select next_val as id_val from hibernate_sequence for update
Hibernate: select next_val as id_val from hibernate_sequence for update
19:33:16.420 [main] DEBUG org.hibernate.SQL - update hibernate_sequence set next_val= ? where next_val=?
Hibernate: update hibernate_sequence set next_val= ? where next_val=?
19:33:16.422 [main] DEBUG o.h.e.i.AbstractSaveEventListener - Generated identifier: 452, using strategy: org.hibernate.id.enhanced.SequenceStyleGenerator
19:33:16.423 [main] DEBUG o.h.e.t.internal.TransactionImpl - committing
19:33:16.423 [main] DEBUG o.h.e.i.AbstractFlushingEventListener - Processing flush-time cascades
19:33:16.423 [main] DEBUG o.h.e.i.AbstractFlushingEventListener - Dirty checking collections
19:33:16.423 [main] DEBUG o.h.e.i.AbstractFlushingEventListener - Flushed: 1 insertions, 0 updates, 0 deletions to 1 objects
19:33:16.423 [main] DEBUG o.h.e.i.AbstractFlushingEventListener - Flushed: 0 (re)creations, 0 updates, 0 removals to 0 collections
19:33:16.423 [main] DEBUG o.h.internal.util.EntityPrinter - Listing entities:
19:33:16.423 [main] DEBUG o.h.internal.util.EntityPrinter - edu.ncsu.csc.itrust2.models.persistent.LogEntry{secondaryUser=null, logCode=5, primaryUser=logapitest, id=452, time=java.util.GregorianCalendar[time=1521660796418,areFieldsSet=true,areAllFieldsSet=true,lenient=true,zone=sun.util.calendar.ZoneInfo[id="Etc/UTC",offset=0,dstSavings=0,useDaylight=false,transitions=0,lastRule=null],firstDayOfWeek=1,minimalDaysInFirstWeek=1,ERA=1,YEAR=2018,MONTH=2,WEEK_OF_YEAR=12,WEEK_OF_MONTH=4,DAY_OF_MONTH=21,DAY_OF_YEAR=80,DAY_OF_WEEK=4,DAY_OF_WEEK_IN_MONTH=3,AM_PM=1,HOUR=7,HOUR_OF_DAY=19,MINUTE=33,SECOND=16,MILLISECOND=418,ZONE_OFFSET=0,DST_OFFSET=0], message=null}
19:33:16.424 [main] DEBUG org.hibernate.SQL - insert into LogEntries (logCode, message, primaryUser, secondaryUser, time, id) values (?, ?, ?, ?, ?, ?)
Hibernate: insert into LogEntries (logCode, message, primaryUser, secondaryUser, time, id) values (?, ?, ?, ?, ?, ?)
19:33:16.426 [main] DEBUG o.h.e.j.internal.JdbcCoordinatorImpl - HHH000420: Closing un-released batch
19:33:16.427 [main] DEBUG o.h.e.t.internal.TransactionImpl - begin
19:33:16.428 [main] DEBUG org.hibernate.SQL - select next_val as id_val from hibernate_sequence for update
Hibernate: select next_val as id_val from hibernate_sequence for update
19:33:16.430 [main] DEBUG org.hibernate.SQL - update hibernate_sequence set next_val= ? where next_val=?
Hibernate: update hibernate_sequence set next_val= ? where next_val=?
19:33:16.432 [main] DEBUG o.h.e.i.AbstractSaveEventListener - Generated identifier: 453, using strategy: org.hibernate.id.enhanced.SequenceStyleGenerator
19:33:16.432 [main] DEBUG o.h.e.t.internal.TransactionImpl - committing
19:33:16.433 [main] DEBUG o.h.e.i.AbstractFlushingEventListener - Processing flush-time cascades
19:33:16.433 [main] DEBUG o.h.e.i.AbstractFlushingEventListener - Dirty checking collections
19:33:16.433 [main] DEBUG o.h.e.i.AbstractFlushingEventListener - Flushed: 1 insertions, 0 updates, 0 deletions to 1 objects
19:33:16.433 [main] DEBUG o.h.e.i.AbstractFlushingEventListener - Flushed: 0 (re)creations, 0 updates, 0 removals to 0 collections
19:33:16.433 [main] DEBUG o.h.internal.util.EntityPrinter - Listing entities:
19:33:16.434 [main] DEBUG o.h.internal.util.EntityPrinter - edu.ncsu.csc.itrust2.models.persistent.LogEntry{secondaryUser=null, logCode=5, primaryUser=logapitest, id=453, time=java.util.GregorianCalendar[time=1521660796427,areFieldsSet=true,areAllFieldsSet=true,lenient=true,zone=sun.util.calendar.ZoneInfo[id="Etc/UTC",offset=0,dstSavings=0,useDaylight=false,transitions=0,lastRule=null],firstDayOfWeek=1,minimalDaysInFirstWeek=1,ERA=1,YEAR=2018,MONTH=2,WEEK_OF_YEAR=12,WEEK_OF_MONTH=4,DAY_OF_MONTH=21,DAY_OF_YEAR=80,DAY_OF_WEEK=4,DAY_OF_WEEK_IN_MONTH=3,AM_PM=1,HOUR=7,HOUR_OF_DAY=19,MINUTE=33,SECOND=16,MILLISECOND=427,ZONE_OFFSET=0,DST_OFFSET=0], message=null}
19:33:16.434 [main] DEBUG org.hibernate.SQL - insert into LogEntries (logCode, message, primaryUser, secondaryUser, time, id) values (?, ?, ?, ?, ?, ?)
Hibernate: insert into LogEntries (logCode, message, primaryUser, secondaryUser, time, id) values (?, ?, ?, ?, ?, ?)
19:33:16.437 [main] DEBUG o.h.e.j.internal.JdbcCoordinatorImpl - HHH000420: Closing un-released batch
19:33:16.438 [main] DEBUG o.h.e.t.internal.TransactionImpl - begin
19:33:16.439 [main] DEBUG org.hibernate.SQL - select next_val as id_val from hibernate_sequence for update
Hibernate: select next_val as id_val from hibernate_sequence for update
19:33:16.441 [main] DEBUG org.hibernate.SQL - update hibernate_sequence set next_val= ? where next_val=?
Hibernate: update hibernate_sequence set next_val= ? where next_val=?
19:33:16.443 [main] DEBUG o.h.e.i.AbstractSaveEventListener - Generated identifier: 454, using strategy: org.hibernate.id.enhanced.SequenceStyleGenerator
19:33:16.443 [main] DEBUG o.h.e.t.internal.TransactionImpl - committing
19:33:16.443 [main] DEBUG o.h.e.i.AbstractFlushingEventListener - Processing flush-time cascades
19:33:16.443 [main] DEBUG o.h.e.i.AbstractFlushingEventListener - Dirty checking collections
19:33:16.449 [main] DEBUG o.h.e.i.AbstractFlushingEventListener - Flushed: 1 insertions, 0 updates, 0 deletions to 1 objects
19:33:16.449 [main] DEBUG o.h.e.i.AbstractFlushingEventListener - Flushed: 0 (re)creations, 0 updates, 0 removals to 0 collections
19:33:16.449 [main] DEBUG o.h.internal.util.EntityPrinter - Listing entities:
19:33:16.450 [main] DEBUG o.h.internal.util.EntityPrinter - edu.ncsu.csc.itrust2.models.persistent.LogEntry{secondaryUser=null, logCode=5, primaryUser=logapitest, id=454, time=java.util.GregorianCalendar[time=1521660796437,areFieldsSet=true,areAllFieldsSet=true,lenient=true,zone=sun.util.calendar.ZoneInfo[id="Etc/UTC",offset=0,dstSavings=0,useDaylight=false,transitions=0,lastRule=null],firstDayOfWeek=1,minimalDaysInFirstWeek=1,ERA=1,YEAR=2018,MONTH=2,WEEK_OF_YEAR=12,WEEK_OF_MONTH=4,DAY_OF_MONTH=21,DAY_OF_YEAR=80,DAY_OF_WEEK=4,DAY_OF_WEEK_IN_MONTH=3,AM_PM=1,HOUR=7,HOUR_OF_DAY=19,MINUTE=33,SECOND=16,MILLISECOND=437,ZONE_OFFSET=0,DST_OFFSET=0], message=null}
19:33:16.450 [main] DEBUG org.hibernate.SQL - insert into LogEntries (logCode, message, primaryUser, secondaryUser, time, id) values (?, ?, ?, ?, ?, ?)
Hibernate: insert into LogEntries (logCode, message, primaryUser, secondaryUser, time, id) values (?, ?, ?, ?, ?, ?)
19:33:16.454 [main] DEBUG o.h.e.j.internal.JdbcCoordinatorImpl - HHH000420: Closing un-released batch
19:33:16.455 [main] DEBUG o.h.e.t.internal.TransactionImpl - begin
19:33:16.456 [main] DEBUG org.hibernate.SQL - select next_val as id_val from hibernate_sequence for update
Hibernate: select next_val as id_val from hibernate_sequence for update
19:33:16.457 [main] DEBUG org.hibernate.SQL - update hibernate_sequence set next_val= ? where next_val=?
Hibernate: update hibernate_sequence set next_val= ? where next_val=?
19:33:16.459 [main] DEBUG o.h.e.i.AbstractSaveEventListener - Generated identifier: 455, using strategy: org.hibernate.id.enhanced.SequenceStyleGenerator
19:33:16.459 [main] DEBUG o.h.e.t.internal.TransactionImpl - committing
19:33:16.460 [main] DEBUG o.h.e.i.AbstractFlushingEventListener - Processing flush-time cascades
19:33:16.460 [main] DEBUG o.h.e.i.AbstractFlushingEventListener - Dirty checking collections
19:33:16.460 [main] DEBUG o.h.e.i.AbstractFlushingEventListener - Flushed: 1 insertions, 0 updates, 0 deletions to 1 objects
19:33:16.460 [main] DEBUG o.h.e.i.AbstractFlushingEventListener - Flushed: 0 (re)creations, 0 updates, 0 removals to 0 collections
19:33:16.460 [main] DEBUG o.h.internal.util.EntityPrinter - Listing entities:
19:33:16.460 [main] DEBUG o.h.internal.util.EntityPrinter - edu.ncsu.csc.itrust2.models.persistent.LogEntry{secondaryUser=null, logCode=5, primaryUser=logapitest, id=455, time=java.util.GregorianCalendar[time=1521660796454,areFieldsSet=true,areAllFieldsSet=true,lenient=true,zone=sun.util.calendar.ZoneInfo[id="Etc/UTC",offset=0,dstSavings=0,useDaylight=false,transitions=0,lastRule=null],firstDayOfWeek=1,minimalDaysInFirstWeek=1,ERA=1,YEAR=2018,MONTH=2,WEEK_OF_YEAR=12,WEEK_OF_MONTH=4,DAY_OF_MONTH=21,DAY_OF_YEAR=80,DAY_OF_WEEK=4,DAY_OF_WEEK_IN_MONTH=3,AM_PM=1,HOUR=7,HOUR_OF_DAY=19,MINUTE=33,SECOND=16,MILLISECOND=454,ZONE_OFFSET=0,DST_OFFSET=0], message=null}
19:33:16.461 [main] DEBUG org.hibernate.SQL - insert into LogEntries (logCode, message, primaryUser, secondaryUser, time, id) values (?, ?, ?, ?, ?, ?)
Hibernate: insert into LogEntries (logCode, message, primaryUser, secondaryUser, time, id) values (?, ?, ?, ?, ?, ?)
19:33:16.465 [main] DEBUG o.h.e.j.internal.JdbcCoordinatorImpl - HHH000420: Closing un-released batch
19:33:16.466 [main] DEBUG o.h.e.t.internal.TransactionImpl - begin
19:33:16.467 [main] DEBUG org.hibernate.SQL - select next_val as id_val from hibernate_sequence for update
Hibernate: select next_val as id_val from hibernate_sequence for update
19:33:16.468 [main] DEBUG org.hibernate.SQL - update hibernate_sequence set next_val= ? where next_val=?
Hibernate: update hibernate_sequence set next_val= ? where next_val=?
19:33:16.471 [main] DEBUG o.h.e.i.AbstractSaveEventListener - Generated identifier: 456, using strategy: org.hibernate.id.enhanced.SequenceStyleGenerator
19:33:16.471 [main] DEBUG o.h.e.t.internal.TransactionImpl - committing
19:33:16.471 [main] DEBUG o.h.e.i.AbstractFlushingEventListener - Processing flush-time cascades
19:33:16.471 [main] DEBUG o.h.e.i.AbstractFlushingEventListener - Dirty checking collections
19:33:16.472 [main] DEBUG o.h.e.i.AbstractFlushingEventListener - Flushed: 1 insertions, 0 updates, 0 deletions to 1 objects
19:33:16.472 [main] DEBUG o.h.e.i.AbstractFlushingEventListener - Flushed: 0 (re)creations, 0 updates, 0 removals to 0 collections
19:33:16.472 [main] DEBUG o.h.internal.util.EntityPrinter - Listing entities:
19:33:16.472 [main] DEBUG o.h.internal.util.EntityPrinter - edu.ncsu.csc.itrust2.models.persistent.LogEntry{secondaryUser=null, logCode=5, primaryUser=logapitest, id=456, time=java.util.GregorianCalendar[time=1521660796466,areFieldsSet=true,areAllFieldsSet=true,lenient=true,zone=sun.util.calendar.ZoneInfo[id="Etc/UTC",offset=0,dstSavings=0,useDaylight=false,transitions=0,lastRule=null],firstDayOfWeek=1,minimalDaysInFirstWeek=1,ERA=1,YEAR=2018,MONTH=2,WEEK_OF_YEAR=12,WEEK_OF_MONTH=4,DAY_OF_MONTH=21,DAY_OF_YEAR=80,DAY_OF_WEEK=4,DAY_OF_WEEK_IN_MONTH=3,AM_PM=1,HOUR=7,HOUR_OF_DAY=19,MINUTE=33,SECOND=16,MILLISECOND=466,ZONE_OFFSET=0,DST_OFFSET=0], message=null}
19:33:16.473 [main] DEBUG org.hibernate.SQL - insert into LogEntries (logCode, message, primaryUser, secondaryUser, time, id) values (?, ?, ?, ?, ?, ?)
Hibernate: insert into LogEntries (logCode, message, primaryUser, secondaryUser, time, id) values (?, ?, ?, ?, ?, ?)
19:33:16.475 [main] DEBUG o.h.e.j.internal.JdbcCoordinatorImpl - HHH000420: Closing un-released batch
19:33:16.477 [main] DEBUG o.h.e.t.internal.TransactionImpl - begin
19:33:16.478 [main] DEBUG org.hibernate.SQL - select next_val as id_val from hibernate_sequence for update
Hibernate: select next_val as id_val from hibernate_sequence for update
19:33:16.478 [main] DEBUG org.hibernate.SQL - update hibernate_sequence set next_val= ? where next_val=?
Hibernate: update hibernate_sequence set next_val= ? where next_val=?
19:33:16.481 [main] DEBUG o.h.e.i.AbstractSaveEventListener - Generated identifier: 457, using strategy: org.hibernate.id.enhanced.SequenceStyleGenerator
19:33:16.481 [main] DEBUG o.h.e.t.internal.TransactionImpl - committing
19:33:16.481 [main] DEBUG o.h.e.i.AbstractFlushingEventListener - Processing flush-time cascades
19:33:16.481 [main] DEBUG o.h.e.i.AbstractFlushingEventListener - Dirty checking collections
19:33:16.481 [main] DEBUG o.h.e.i.AbstractFlushingEventListener - Flushed: 1 insertions, 0 updates, 0 deletions to 1 objects
19:33:16.481 [main] DEBUG o.h.e.i.AbstractFlushingEventListener - Flushed: 0 (re)creations, 0 updates, 0 removals to 0 collections
19:33:16.481 [main] DEBUG o.h.internal.util.EntityPrinter - Listing entities:
19:33:16.481 [main] DEBUG o.h.internal.util.EntityPrinter - edu.ncsu.csc.itrust2.models.persistent.LogEntry{secondaryUser=null, logCode=5, primaryUser=logapitest, id=457, time=java.util.GregorianCalendar[time=1521660796476,areFieldsSet=true,areAllFieldsSet=true,lenient=true,zone=sun.util.calendar.ZoneInfo[id="Etc/UTC",offset=0,dstSavings=0,useDaylight=false,transitions=0,lastRule=null],firstDayOfWeek=1,minimalDaysInFirstWeek=1,ERA=1,YEAR=2018,MONTH=2,WEEK_OF_YEAR=12,WEEK_OF_MONTH=4,DAY_OF_MONTH=21,DAY_OF_YEAR=80,DAY_OF_WEEK=4,DAY_OF_WEEK_IN_MONTH=3,AM_PM=1,HOUR=7,HOUR_OF_DAY=19,MINUTE=33,SECOND=16,MILLISECOND=476,ZONE_OFFSET=0,DST_OFFSET=0], message=null}
19:33:16.483 [main] DEBUG org.hibernate.SQL - insert into LogEntries (logCode, message, primaryUser, secondaryUser, time, id) values (?, ?, ?, ?, ?, ?)
Hibernate: insert into LogEntries (logCode, message, primaryUser, secondaryUser, time, id) values (?, ?, ?, ?, ?, ?)
19:33:16.488 [main] DEBUG o.h.e.j.internal.JdbcCoordinatorImpl - HHH000420: Closing un-released batch
19:33:16.488 [main] DEBUG o.h.e.t.internal.TransactionImpl - begin
19:33:16.489 [main] DEBUG org.hibernate.SQL - select next_val as id_val from hibernate_sequence for update
Hibernate: select next_val as id_val from hibernate_sequence for update
19:33:16.489 [main] DEBUG org.hibernate.SQL - update hibernate_sequence set next_val= ? where next_val=?
Hibernate: update hibernate_sequence set next_val= ? where next_val=?
19:33:16.490 [main] DEBUG o.h.e.i.AbstractSaveEventListener - Generated identifier: 458, using strategy: org.hibernate.id.enhanced.SequenceStyleGenerator
19:33:16.491 [main] DEBUG o.h.e.t.internal.TransactionImpl - committing
19:33:16.491 [main] DEBUG o.h.e.i.AbstractFlushingEventListener - Processing flush-time cascades
19:33:16.491 [main] DEBUG o.h.e.i.AbstractFlushingEventListener - Dirty checking collections
19:33:16.491 [main] DEBUG o.h.e.i.AbstractFlushingEventListener - Flushed: 1 insertions, 0 updates, 0 deletions to 1 objects
19:33:16.491 [main] DEBUG o.h.e.i.AbstractFlushingEventListener - Flushed: 0 (re)creations, 0 updates, 0 removals to 0 collections
19:33:16.491 [main] DEBUG o.h.internal.util.EntityPrinter - Listing entities:
19:33:16.491 [main] DEBUG o.h.internal.util.EntityPrinter - edu.ncsu.csc.itrust2.models.persistent.LogEntry{secondaryUser=null, logCode=5, primaryUser=logapitest, id=458, time=java.util.GregorianCalendar[time=1521660796488,areFieldsSet=true,areAllFieldsSet=true,lenient=true,zone=sun.util.calendar.ZoneInfo[id="Etc/UTC",offset=0,dstSavings=0,useDaylight=false,transitions=0,lastRule=null],firstDayOfWeek=1,minimalDaysInFirstWeek=1,ERA=1,YEAR=2018,MONTH=2,WEEK_OF_YEAR=12,WEEK_OF_MONTH=4,DAY_OF_MONTH=21,DAY_OF_YEAR=80,DAY_OF_WEEK=4,DAY_OF_WEEK_IN_MONTH=3,AM_PM=1,HOUR=7,HOUR_OF_DAY=19,MINUTE=33,SECOND=16,MILLISECOND=488,ZONE_OFFSET=0,DST_OFFSET=0], message=null}
19:33:16.491 [main] DEBUG org.hibernate.SQL - insert into LogEntries (logCode, message, primaryUser, secondaryUser, time, id) values (?, ?, ?, ?, ?, ?)
Hibernate: insert into LogEntries (logCode, message, primaryUser, secondaryUser, time, id) values (?, ?, ?, ?, ?, ?)
19:33:16.493 [main] DEBUG o.h.e.j.internal.JdbcCoordinatorImpl - HHH000420: Closing un-released batch
19:33:16.493 [main] DEBUG o.h.e.t.internal.TransactionImpl - begin
19:33:16.494 [main] DEBUG org.hibernate.SQL - select next_val as id_val from hibernate_sequence for update
Hibernate: select next_val as id_val from hibernate_sequence for update
19:33:16.494 [main] DEBUG org.hibernate.SQL - update hibernate_sequence set next_val= ? where next_val=?
Hibernate: update hibernate_sequence set next_val= ? where next_val=?
19:33:16.496 [main] DEBUG o.h.e.i.AbstractSaveEventListener - Generated identifier: 459, using strategy: org.hibernate.id.enhanced.SequenceStyleGenerator
19:33:16.496 [main] DEBUG o.h.e.t.internal.TransactionImpl - committing
19:33:16.496 [main] DEBUG o.h.e.i.AbstractFlushingEventListener - Processing flush-time cascades
19:33:16.496 [main] DEBUG o.h.e.i.AbstractFlushingEventListener - Dirty checking collections
19:33:16.497 [main] DEBUG o.h.e.i.AbstractFlushingEventListener - Flushed: 1 insertions, 0 updates, 0 deletions to 1 objects
19:33:16.497 [main] DEBUG o.h.e.i.AbstractFlushingEventListener - Flushed: 0 (re)creations, 0 updates, 0 removals to 0 collections
19:33:16.497 [main] DEBUG o.h.internal.util.EntityPrinter - Listing entities:
19:33:16.497 [main] DEBUG o.h.internal.util.EntityPrinter - edu.ncsu.csc.itrust2.models.persistent.LogEntry{secondaryUser=null, logCode=5, primaryUser=logapitest, id=459, time=java.util.GregorianCalendar[time=1521660796493,areFieldsSet=true,areAllFieldsSet=true,lenient=true,zone=sun.util.calendar.ZoneInfo[id="Etc/UTC",offset=0,dstSavings=0,useDaylight=false,transitions=0,lastRule=null],firstDayOfWeek=1,minimalDaysInFirstWeek=1,ERA=1,YEAR=2018,MONTH=2,WEEK_OF_YEAR=12,WEEK_OF_MONTH=4,DAY_OF_MONTH=21,DAY_OF_YEAR=80,DAY_OF_WEEK=4,DAY_OF_WEEK_IN_MONTH=3,AM_PM=1,HOUR=7,HOUR_OF_DAY=19,MINUTE=33,SECOND=16,MILLISECOND=493,ZONE_OFFSET=0,DST_OFFSET=0], message=null}
19:33:16.497 [main] DEBUG org.hibernate.SQL - insert into LogEntries (logCode, message, primaryUser, secondaryUser, time, id) values (?, ?, ?, ?, ?, ?)
Hibernate: insert into LogEntries (logCode, message, primaryUser, secondaryUser, time, id) values (?, ?, ?, ?, ?, ?)
19:33:16.542 [main] DEBUG o.h.e.j.internal.JdbcCoordinatorImpl - HHH000420: Closing un-released batch
19:33:16.542 [main] DEBUG o.h.e.t.internal.TransactionImpl - begin
19:33:16.543 [main] DEBUG org.hibernate.SQL - select next_val as id_val from hibernate_sequence for update
Hibernate: select next_val as id_val from hibernate_sequence for update
19:33:16.543 [main] DEBUG org.hibernate.SQL - update hibernate_sequence set next_val= ? where next_val=?
Hibernate: update hibernate_sequence set next_val= ? where next_val=?
19:33:16.545 [main] DEBUG o.h.e.i.AbstractSaveEventListener - Generated identifier: 460, using strategy: org.hibernate.id.enhanced.SequenceStyleGenerator
19:33:16.545 [main] DEBUG o.h.e.t.internal.TransactionImpl - committing
19:33:16.545 [main] DEBUG o.h.e.i.AbstractFlushingEventListener - Processing flush-time cascades
19:33:16.545 [main] DEBUG o.h.e.i.AbstractFlushingEventListener - Dirty checking collections
19:33:16.545 [main] DEBUG o.h.e.i.AbstractFlushingEventListener - Flushed: 1 insertions, 0 updates, 0 deletions to 1 objects
19:33:16.545 [main] DEBUG o.h.e.i.AbstractFlushingEventListener - Flushed: 0 (re)creations, 0 updates, 0 removals to 0 collections
19:33:16.545 [main] DEBUG o.h.internal.util.EntityPrinter - Listing entities:
19:33:16.545 [main] DEBUG o.h.internal.util.EntityPrinter - edu.ncsu.csc.itrust2.models.persistent.LogEntry{secondaryUser=null, logCode=5, primaryUser=logapitest, id=460, time=java.util.GregorianCalendar[time=1521660796542,areFieldsSet=true,areAllFieldsSet=true,lenient=true,zone=sun.util.calendar.ZoneInfo[id="Etc/UTC",offset=0,dstSavings=0,useDaylight=false,transitions=0,lastRule=null],firstDayOfWeek=1,minimalDaysInFirstWeek=1,ERA=1,YEAR=2018,MONTH=2,WEEK_OF_YEAR=12,WEEK_OF_MONTH=4,DAY_OF_MONTH=21,DAY_OF_YEAR=80,DAY_OF_WEEK=4,DAY_OF_WEEK_IN_MONTH=3,AM_PM=1,HOUR=7,HOUR_OF_DAY=19,MINUTE=33,SECOND=16,MILLISECOND=542,ZONE_OFFSET=0,DST_OFFSET=0], message=null}
19:33:16.546 [main] DEBUG org.hibernate.SQL - insert into LogEntries (logCode, message, primaryUser, secondaryUser, time, id) values (?, ?, ?, ?, ?, ?)
Hibernate: insert into LogEntries (logCode, message, primaryUser, secondaryUser, time, id) values (?, ?, ?, ?, ?, ?)
19:33:16.547 [main] DEBUG o.h.e.j.internal.JdbcCoordinatorImpl - HHH000420: Closing un-released batch
19:33:16.547 [main] DEBUG o.h.e.t.internal.TransactionImpl - begin
19:33:16.547 [main] DEBUG org.hibernate.SQL - select next_val as id_val from hibernate_sequence for update
Hibernate: select next_val as id_val from hibernate_sequence for update
19:33:16.548 [main] DEBUG org.hibernate.SQL - update hibernate_sequence set next_val= ? where next_val=?
Hibernate: update hibernate_sequence set next_val= ? where next_val=?
19:33:16.549 [main] DEBUG o.h.e.i.AbstractSaveEventListener - Generated identifier: 461, using strategy: org.hibernate.id.enhanced.SequenceStyleGenerator
19:33:16.549 [main] DEBUG o.h.e.t.internal.TransactionImpl - committing
19:33:16.549 [main] DEBUG o.h.e.i.AbstractFlushingEventListener - Processing flush-time cascades
19:33:16.549 [main] DEBUG o.h.e.i.AbstractFlushingEventListener - Dirty checking collections
19:33:16.549 [main] DEBUG o.h.e.i.AbstractFlushingEventListener - Flushed: 1 insertions, 0 updates, 0 deletions to 1 objects
19:33:16.549 [main] DEBUG o.h.e.i.AbstractFlushingEventListener - Flushed: 0 (re)creations, 0 updates, 0 removals to 0 collections
19:33:16.549 [main] DEBUG o.h.internal.util.EntityPrinter - Listing entities:
19:33:16.549 [main] DEBUG o.h.internal.util.EntityPrinter - edu.ncsu.csc.itrust2.models.persistent.LogEntry{secondaryUser=null, logCode=5, primaryUser=logapitest, id=461, time=java.util.GregorianCalendar[time=1521660796547,areFieldsSet=true,areAllFieldsSet=true,lenient=true,zone=sun.util.calendar.ZoneInfo[id="Etc/UTC",offset=0,dstSavings=0,useDaylight=false,transitions=0,lastRule=null],firstDayOfWeek=1,minimalDaysInFirstWeek=1,ERA=1,YEAR=2018,MONTH=2,WEEK_OF_YEAR=12,WEEK_OF_MONTH=4,DAY_OF_MONTH=21,DAY_OF_YEAR=80,DAY_OF_WEEK=4,DAY_OF_WEEK_IN_MONTH=3,AM_PM=1,HOUR=7,HOUR_OF_DAY=19,MINUTE=33,SECOND=16,MILLISECOND=547,ZONE_OFFSET=0,DST_OFFSET=0], message=null}
19:33:16.550 [main] DEBUG org.hibernate.SQL - insert into LogEntries (logCode, message, primaryUser, secondaryUser, time, id) values (?, ?, ?, ?, ?, ?)
Hibernate: insert into LogEntries (logCode, message, primaryUser, secondaryUser, time, id) values (?, ?, ?, ?, ?, ?)
19:33:16.551 [main] DEBUG o.h.e.j.internal.JdbcCoordinatorImpl - HHH000420: Closing un-released batch
19:33:16.551 [main] DEBUG o.h.e.t.internal.TransactionImpl - begin
19:33:16.552 [main] DEBUG org.hibernate.SQL - select next_val as id_val from hibernate_sequence for update
Hibernate: select next_val as id_val from hibernate_sequence for update
19:33:16.552 [main] DEBUG org.hibernate.SQL - update hibernate_sequence set next_val= ? where next_val=?
Hibernate: update hibernate_sequence set next_val= ? where next_val=?
19:33:16.553 [main] DEBUG o.h.e.i.AbstractSaveEventListener - Generated identifier: 462, using strategy: org.hibernate.id.enhanced.SequenceStyleGenerator
19:33:16.553 [main] DEBUG o.h.e.t.internal.TransactionImpl - committing
19:33:16.553 [main] DEBUG o.h.e.i.AbstractFlushingEventListener - Processing flush-time cascades
19:33:16.553 [main] DEBUG o.h.e.i.AbstractFlushingEventListener - Dirty checking collections
19:33:16.554 [main] DEBUG o.h.e.i.AbstractFlushingEventListener - Flushed: 1 insertions, 0 updates, 0 deletions to 1 objects
19:33:16.554 [main] DEBUG o.h.e.i.AbstractFlushingEventListener - Flushed: 0 (re)creations, 0 updates, 0 removals to 0 collections
19:33:16.554 [main] DEBUG o.h.internal.util.EntityPrinter - Listing entities:
19:33:16.554 [main] DEBUG o.h.internal.util.EntityPrinter - edu.ncsu.csc.itrust2.models.persistent.LogEntry{secondaryUser=null, logCode=5, primaryUser=logapitest, id=462, time=java.util.GregorianCalendar[time=1521660796551,areFieldsSet=true,areAllFieldsSet=true,lenient=true,zone=sun.util.calendar.ZoneInfo[id="Etc/UTC",offset=0,dstSavings=0,useDaylight=false,transitions=0,lastRule=null],firstDayOfWeek=1,minimalDaysInFirstWeek=1,ERA=1,YEAR=2018,MONTH=2,WEEK_OF_YEAR=12,WEEK_OF_MONTH=4,DAY_OF_MONTH=21,DAY_OF_YEAR=80,DAY_OF_WEEK=4,DAY_OF_WEEK_IN_MONTH=3,AM_PM=1,HOUR=7,HOUR_OF_DAY=19,MINUTE=33,SECOND=16,MILLISECOND=551,ZONE_OFFSET=0,DST_OFFSET=0], message=null}
19:33:16.554 [main] DEBUG org.hibernate.SQL - insert into LogEntries (logCode, message, primaryUser, secondaryUser, time, id) values (?, ?, ?, ?, ?, ?)
Hibernate: insert into LogEntries (logCode, message, primaryUser, secondaryUser, time, id) values (?, ?, ?, ?, ?, ?)
19:33:16.556 [main] DEBUG o.h.e.j.internal.JdbcCoordinatorImpl - HHH000420: Closing un-released batch
19:33:16.556 [main] DEBUG o.h.e.t.internal.TransactionImpl - begin
19:33:16.557 [main] DEBUG org.hibernate.SQL - select next_val as id_val from hibernate_sequence for update
Hibernate: select next_val as id_val from hibernate_sequence for update
19:33:16.558 [main] DEBUG org.hibernate.SQL - update hibernate_sequence set next_val= ? where next_val=?
Hibernate: update hibernate_sequence set next_val= ? where next_val=?
19:33:16.559 [main] DEBUG o.h.e.i.AbstractSaveEventListener - Generated identifier: 463, using strategy: org.hibernate.id.enhanced.SequenceStyleGenerator
19:33:16.559 [main] DEBUG o.h.e.t.internal.TransactionImpl - committing
19:33:16.560 [main] DEBUG o.h.e.i.AbstractFlushingEventListener - Processing flush-time cascades
19:33:16.560 [main] DEBUG o.h.e.i.AbstractFlushingEventListener - Dirty checking collections
19:33:16.560 [main] DEBUG o.h.e.i.AbstractFlushingEventListener - Flushed: 1 insertions, 0 updates, 0 deletions to 1 objects
19:33:16.560 [main] DEBUG o.h.e.i.AbstractFlushingEventListener - Flushed: 0 (re)creations, 0 updates, 0 removals to 0 collections
19:33:16.560 [main] DEBUG o.h.internal.util.EntityPrinter - Listing entities:
19:33:16.561 [main] DEBUG o.h.internal.util.EntityPrinter - edu.ncsu.csc.itrust2.models.persistent.LogEntry{secondaryUser=null, logCode=5, primaryUser=logapitest, id=463, time=java.util.GregorianCalendar[time=1521660796556,areFieldsSet=true,areAllFieldsSet=true,lenient=true,zone=sun.util.calendar.ZoneInfo[id="Etc/UTC",offset=0,dstSavings=0,useDaylight=false,transitions=0,lastRule=null],firstDayOfWeek=1,minimalDaysInFirstWeek=1,ERA=1,YEAR=2018,MONTH=2,WEEK_OF_YEAR=12,WEEK_OF_MONTH=4,DAY_OF_MONTH=21,DAY_OF_YEAR=80,DAY_OF_WEEK=4,DAY_OF_WEEK_IN_MONTH=3,AM_PM=1,HOUR=7,HOUR_OF_DAY=19,MINUTE=33,SECOND=16,MILLISECOND=556,ZONE_OFFSET=0,DST_OFFSET=0], message=null}
19:33:16.561 [main] DEBUG org.hibernate.SQL - insert into LogEntries (logCode, message, primaryUser, secondaryUser, time, id) values (?, ?, ?, ?, ?, ?)
Hibernate: insert into LogEntries (logCode, message, primaryUser, secondaryUser, time, id) values (?, ?, ?, ?, ?, ?)
19:33:16.563 [main] DEBUG o.h.e.j.internal.JdbcCoordinatorImpl - HHH000420: Closing un-released batch
19:33:16.563 [main] DEBUG o.h.e.t.internal.TransactionImpl - begin
19:33:16.565 [main] DEBUG org.hibernate.SQL - select next_val as id_val from hibernate_sequence for update
Hibernate: select next_val as id_val from hibernate_sequence for update
19:33:16.565 [main] DEBUG org.hibernate.SQL - update hibernate_sequence set next_val= ? where next_val=?
Hibernate: update hibernate_sequence set next_val= ? where next_val=?
19:33:16.567 [main] DEBUG o.h.e.i.AbstractSaveEventListener - Generated identifier: 464, using strategy: org.hibernate.id.enhanced.SequenceStyleGenerator
19:33:16.567 [main] DEBUG o.h.e.t.internal.TransactionImpl - committing
19:33:16.568 [main] DEBUG o.h.e.i.AbstractFlushingEventListener - Processing flush-time cascades
19:33:16.568 [main] DEBUG o.h.e.i.AbstractFlushingEventListener - Dirty checking collections
19:33:16.568 [main] DEBUG o.h.e.i.AbstractFlushingEventListener - Flushed: 1 insertions, 0 updates, 0 deletions to 1 objects
19:33:16.568 [main] DEBUG o.h.e.i.AbstractFlushingEventListener - Flushed: 0 (re)creations, 0 updates, 0 removals to 0 collections
19:33:16.569 [main] DEBUG o.h.internal.util.EntityPrinter - Listing entities:
19:33:16.569 [main] DEBUG o.h.internal.util.EntityPrinter - edu.ncsu.csc.itrust2.models.persistent.LogEntry{secondaryUser=null, logCode=5, primaryUser=logapitest, id=464, time=java.util.GregorianCalendar[time=1521660796563,areFieldsSet=true,areAllFieldsSet=true,lenient=true,zone=sun.util.calendar.ZoneInfo[id="Etc/UTC",offset=0,dstSavings=0,useDaylight=false,transitions=0,lastRule=null],firstDayOfWeek=1,minimalDaysInFirstWeek=1,ERA=1,YEAR=2018,MONTH=2,WEEK_OF_YEAR=12,WEEK_OF_MONTH=4,DAY_OF_MONTH=21,DAY_OF_YEAR=80,DAY_OF_WEEK=4,DAY_OF_WEEK_IN_MONTH=3,AM_PM=1,HOUR=7,HOUR_OF_DAY=19,MINUTE=33,SECOND=16,MILLISECOND=563,ZONE_OFFSET=0,DST_OFFSET=0], message=null}
19:33:16.570 [main] DEBUG org.hibernate.SQL - insert into LogEntries (logCode, message, primaryUser, secondaryUser, time, id) values (?, ?, ?, ?, ?, ?)
Hibernate: insert into LogEntries (logCode, message, primaryUser, secondaryUser, time, id) values (?, ?, ?, ?, ?, ?)
19:33:16.572 [main] DEBUG o.h.e.j.internal.JdbcCoordinatorImpl - HHH000420: Closing un-released batch
19:33:16.573 [main] DEBUG o.h.e.t.internal.TransactionImpl - begin
19:33:16.574 [main] DEBUG org.hibernate.SQL - select next_val as id_val from hibernate_sequence for update
Hibernate: select next_val as id_val from hibernate_sequence for update
19:33:16.575 [main] DEBUG org.hibernate.SQL - update hibernate_sequence set next_val= ? where next_val=?
Hibernate: update hibernate_sequence set next_val= ? where next_val=?
19:33:16.576 [main] DEBUG o.h.e.i.AbstractSaveEventListener - Generated identifier: 465, using strategy: org.hibernate.id.enhanced.SequenceStyleGenerator
19:33:16.576 [main] DEBUG o.h.e.t.internal.TransactionImpl - committing
19:33:16.577 [main] DEBUG o.h.e.i.AbstractFlushingEventListener - Processing flush-time cascades
19:33:16.577 [main] DEBUG o.h.e.i.AbstractFlushingEventListener - Dirty checking collections
19:33:16.577 [main] DEBUG o.h.e.i.AbstractFlushingEventListener - Flushed: 1 insertions, 0 updates, 0 deletions to 1 objects
19:33:16.577 [main] DEBUG o.h.e.i.AbstractFlushingEventListener - Flushed: 0 (re)creations, 0 updates, 0 removals to 0 collections
19:33:16.577 [main] DEBUG o.h.internal.util.EntityPrinter - Listing entities:
19:33:16.577 [main] DEBUG o.h.internal.util.EntityPrinter - edu.ncsu.csc.itrust2.models.persistent.LogEntry{secondaryUser=null, logCode=5, primaryUser=logapitest, id=465, time=java.util.GregorianCalendar[time=1521660796573,areFieldsSet=true,areAllFieldsSet=true,lenient=true,zone=sun.util.calendar.ZoneInfo[id="Etc/UTC",offset=0,dstSavings=0,useDaylight=false,transitions=0,lastRule=null],firstDayOfWeek=1,minimalDaysInFirstWeek=1,ERA=1,YEAR=2018,MONTH=2,WEEK_OF_YEAR=12,WEEK_OF_MONTH=4,DAY_OF_MONTH=21,DAY_OF_YEAR=80,DAY_OF_WEEK=4,DAY_OF_WEEK_IN_MONTH=3,AM_PM=1,HOUR=7,HOUR_OF_DAY=19,MINUTE=33,SECOND=16,MILLISECOND=573,ZONE_OFFSET=0,DST_OFFSET=0], message=null}
19:33:16.578 [main] DEBUG org.hibernate.SQL - insert into LogEntries (logCode, message, primaryUser, secondaryUser, time, id) values (?, ?, ?, ?, ?, ?)
Hibernate: insert into LogEntries (logCode, message, primaryUser, secondaryUser, time, id) values (?, ?, ?, ?, ?, ?)
19:33:16.580 [main] DEBUG o.h.e.j.internal.JdbcCoordinatorImpl - HHH000420: Closing un-released batch
19:33:16.580 [main] DEBUG o.h.e.t.internal.TransactionImpl - begin
19:33:16.582 [main] DEBUG org.hibernate.SQL - select next_val as id_val from hibernate_sequence for update
Hibernate: select next_val as id_val from hibernate_sequence for update
19:33:16.582 [main] DEBUG org.hibernate.SQL - update hibernate_sequence set next_val= ? where next_val=?
Hibernate: update hibernate_sequence set next_val= ? where next_val=?
19:33:16.584 [main] DEBUG o.h.e.i.AbstractSaveEventListener - Generated identifier: 466, using strategy: org.hibernate.id.enhanced.SequenceStyleGenerator
19:33:16.584 [main] DEBUG o.h.e.t.internal.TransactionImpl - committing
19:33:16.585 [main] DEBUG o.h.e.i.AbstractFlushingEventListener - Processing flush-time cascades
19:33:16.586 [main] DEBUG o.h.e.i.AbstractFlushingEventListener - Dirty checking collections
19:33:16.586 [main] DEBUG o.h.e.i.AbstractFlushingEventListener - Flushed: 1 insertions, 0 updates, 0 deletions to 1 objects
19:33:16.586 [main] DEBUG o.h.e.i.AbstractFlushingEventListener - Flushed: 0 (re)creations, 0 updates, 0 removals to 0 collections
19:33:16.586 [main] DEBUG o.h.internal.util.EntityPrinter - Listing entities:
19:33:16.586 [main] DEBUG o.h.internal.util.EntityPrinter - edu.ncsu.csc.itrust2.models.persistent.LogEntry{secondaryUser=null, logCode=5, primaryUser=logapitest, id=466, time=java.util.GregorianCalendar[time=1521660796580,areFieldsSet=true,areAllFieldsSet=true,lenient=true,zone=sun.util.calendar.ZoneInfo[id="Etc/UTC",offset=0,dstSavings=0,useDaylight=false,transitions=0,lastRule=null],firstDayOfWeek=1,minimalDaysInFirstWeek=1,ERA=1,YEAR=2018,MONTH=2,WEEK_OF_YEAR=12,WEEK_OF_MONTH=4,DAY_OF_MONTH=21,DAY_OF_YEAR=80,DAY_OF_WEEK=4,DAY_OF_WEEK_IN_MONTH=3,AM_PM=1,HOUR=7,HOUR_OF_DAY=19,MINUTE=33,SECOND=16,MILLISECOND=580,ZONE_OFFSET=0,DST_OFFSET=0], message=null}
19:33:16.588 [main] DEBUG org.hibernate.SQL - insert into LogEntries (logCode, message, primaryUser, secondaryUser, time, id) values (?, ?, ?, ?, ?, ?)
Hibernate: insert into LogEntries (logCode, message, primaryUser, secondaryUser, time, id) values (?, ?, ?, ?, ?, ?)
19:33:16.590 [main] DEBUG o.h.e.j.internal.JdbcCoordinatorImpl - HHH000420: Closing un-released batch
19:33:16.590 [main] DEBUG o.h.e.t.internal.TransactionImpl - begin
19:33:16.592 [main] DEBUG org.hibernate.SQL - select next_val as id_val from hibernate_sequence for update
Hibernate: select next_val as id_val from hibernate_sequence for update
19:33:16.592 [main] DEBUG org.hibernate.SQL - update hibernate_sequence set next_val= ? where next_val=?
Hibernate: update hibernate_sequence set next_val= ? where next_val=?
19:33:16.593 [main] DEBUG o.h.e.i.AbstractSaveEventListener - Generated identifier: 467, using strategy: org.hibernate.id.enhanced.SequenceStyleGenerator
19:33:16.594 [main] DEBUG o.h.e.t.internal.TransactionImpl - committing
19:33:16.594 [main] DEBUG o.h.e.i.AbstractFlushingEventListener - Processing flush-time cascades
19:33:16.594 [main] DEBUG o.h.e.i.AbstractFlushingEventListener - Dirty checking collections
19:33:16.594 [main] DEBUG o.h.e.i.AbstractFlushingEventListener - Flushed: 1 insertions, 0 updates, 0 deletions to 1 objects
19:33:16.595 [main] DEBUG o.h.e.i.AbstractFlushingEventListener - Flushed: 0 (re)creations, 0 updates, 0 removals to 0 collections
19:33:16.595 [main] DEBUG o.h.internal.util.EntityPrinter - Listing entities:
19:33:16.595 [main] DEBUG o.h.internal.util.EntityPrinter - edu.ncsu.csc.itrust2.models.persistent.LogEntry{secondaryUser=null, logCode=5, primaryUser=logapitest, id=467, time=java.util.GregorianCalendar[time=1521660796590,areFieldsSet=true,areAllFieldsSet=true,lenient=true,zone=sun.util.calendar.ZoneInfo[id="Etc/UTC",offset=0,dstSavings=0,useDaylight=false,transitions=0,lastRule=null],firstDayOfWeek=1,minimalDaysInFirstWeek=1,ERA=1,YEAR=2018,MONTH=2,WEEK_OF_YEAR=12,WEEK_OF_MONTH=4,DAY_OF_MONTH=21,DAY_OF_YEAR=80,DAY_OF_WEEK=4,DAY_OF_WEEK_IN_MONTH=3,AM_PM=1,HOUR=7,HOUR_OF_DAY=19,MINUTE=33,SECOND=16,MILLISECOND=590,ZONE_OFFSET=0,DST_OFFSET=0], message=null}
19:33:16.595 [main] DEBUG org.hibernate.SQL - insert into LogEntries (logCode, message, primaryUser, secondaryUser, time, id) values (?, ?, ?, ?, ?, ?)
Hibernate: insert into LogEntries (logCode, message, primaryUser, secondaryUser, time, id) values (?, ?, ?, ?, ?, ?)
19:33:16.597 [main] DEBUG o.h.e.j.internal.JdbcCoordinatorImpl - HHH000420: Closing un-released batch
19:33:16.598 [main] DEBUG o.h.e.t.internal.TransactionImpl - begin
19:33:16.599 [main] DEBUG org.hibernate.SQL - select next_val as id_val from hibernate_sequence for update
Hibernate: select next_val as id_val from hibernate_sequence for update
19:33:16.601 [main] DEBUG org.hibernate.SQL - update hibernate_sequence set next_val= ? where next_val=?
Hibernate: update hibernate_sequence set next_val= ? where next_val=?
19:33:16.603 [main] DEBUG o.h.e.i.AbstractSaveEventListener - Generated identifier: 468, using strategy: org.hibernate.id.enhanced.SequenceStyleGenerator
19:33:16.603 [main] DEBUG o.h.e.t.internal.TransactionImpl - committing
19:33:16.604 [main] DEBUG o.h.e.i.AbstractFlushingEventListener - Processing flush-time cascades
19:33:16.604 [main] DEBUG o.h.e.i.AbstractFlushingEventListener - Dirty checking collections
19:33:16.604 [main] DEBUG o.h.e.i.AbstractFlushingEventListener - Flushed: 1 insertions, 0 updates, 0 deletions to 1 objects
19:33:16.604 [main] DEBUG o.h.e.i.AbstractFlushingEventListener - Flushed: 0 (re)creations, 0 updates, 0 removals to 0 collections
19:33:16.604 [main] DEBUG o.h.internal.util.EntityPrinter - Listing entities:
19:33:16.605 [main] DEBUG o.h.internal.util.EntityPrinter - edu.ncsu.csc.itrust2.models.persistent.LogEntry{secondaryUser=null, logCode=5, primaryUser=logapitest, id=468, time=java.util.GregorianCalendar[time=1521660796598,areFieldsSet=true,areAllFieldsSet=true,lenient=true,zone=sun.util.calendar.ZoneInfo[id="Etc/UTC",offset=0,dstSavings=0,useDaylight=false,transitions=0,lastRule=null],firstDayOfWeek=1,minimalDaysInFirstWeek=1,ERA=1,YEAR=2018,MONTH=2,WEEK_OF_YEAR=12,WEEK_OF_MONTH=4,DAY_OF_MONTH=21,DAY_OF_YEAR=80,DAY_OF_WEEK=4,DAY_OF_WEEK_IN_MONTH=3,AM_PM=1,HOUR=7,HOUR_OF_DAY=19,MINUTE=33,SECOND=16,MILLISECOND=598,ZONE_OFFSET=0,DST_OFFSET=0], message=null}
19:33:16.605 [main] DEBUG org.hibernate.SQL - insert into LogEntries (logCode, message, primaryUser, secondaryUser, time, id) values (?, ?, ?, ?, ?, ?)
Hibernate: insert into LogEntries (logCode, message, primaryUser, secondaryUser, time, id) values (?, ?, ?, ?, ?, ?)
19:33:16.607 [main] DEBUG o.h.e.j.internal.JdbcCoordinatorImpl - HHH000420: Closing un-released batch
19:33:16.607 [main] DEBUG o.h.e.t.internal.TransactionImpl - begin
19:33:16.609 [main] DEBUG org.hibernate.SQL - select next_val as id_val from hibernate_sequence for update
Hibernate: select next_val as id_val from hibernate_sequence for update
19:33:16.609 [main] DEBUG org.hibernate.SQL - update hibernate_sequence set next_val= ? where next_val=?
Hibernate: update hibernate_sequence set next_val= ? where next_val=?
19:33:16.611 [main] DEBUG o.h.e.i.AbstractSaveEventListener - Generated identifier: 469, using strategy: org.hibernate.id.enhanced.SequenceStyleGenerator
19:33:16.611 [main] DEBUG o.h.e.t.internal.TransactionImpl - committing
19:33:16.611 [main] DEBUG o.h.e.i.AbstractFlushingEventListener - Processing flush-time cascades
19:33:16.612 [main] DEBUG o.h.e.i.AbstractFlushingEventListener - Dirty checking collections
19:33:16.612 [main] DEBUG o.h.e.i.AbstractFlushingEventListener - Flushed: 1 insertions, 0 updates, 0 deletions to 1 objects
19:33:16.612 [main] DEBUG o.h.e.i.AbstractFlushingEventListener - Flushed: 0 (re)creations, 0 updates, 0 removals to 0 collections
19:33:16.612 [main] DEBUG o.h.internal.util.EntityPrinter - Listing entities:
19:33:16.612 [main] DEBUG o.h.internal.util.EntityPrinter - edu.ncsu.csc.itrust2.models.persistent.LogEntry{secondaryUser=null, logCode=5, primaryUser=logapitest, id=469, time=java.util.GregorianCalendar[time=1521660796607,areFieldsSet=true,areAllFieldsSet=true,lenient=true,zone=sun.util.calendar.ZoneInfo[id="Etc/UTC",offset=0,dstSavings=0,useDaylight=false,transitions=0,lastRule=null],firstDayOfWeek=1,minimalDaysInFirstWeek=1,ERA=1,YEAR=2018,MONTH=2,WEEK_OF_YEAR=12,WEEK_OF_MONTH=4,DAY_OF_MONTH=21,DAY_OF_YEAR=80,DAY_OF_WEEK=4,DAY_OF_WEEK_IN_MONTH=3,AM_PM=1,HOUR=7,HOUR_OF_DAY=19,MINUTE=33,SECOND=16,MILLISECOND=607,ZONE_OFFSET=0,DST_OFFSET=0], message=null}
19:33:16.613 [main] DEBUG org.hibernate.SQL - insert into LogEntries (logCode, message, primaryUser, secondaryUser, time, id) values (?, ?, ?, ?, ?, ?)
Hibernate: insert into LogEntries (logCode, message, primaryUser, secondaryUser, time, id) values (?, ?, ?, ?, ?, ?)
19:33:16.616 [main] DEBUG o.h.e.j.internal.JdbcCoordinatorImpl - HHH000420: Closing un-released batch
19:33:16.616 [main] DEBUG o.h.e.t.internal.TransactionImpl - begin
19:33:16.618 [main] DEBUG org.hibernate.SQL - select next_val as id_val from hibernate_sequence for update
Hibernate: select next_val as id_val from hibernate_sequence for update
19:33:16.618 [main] DEBUG org.hibernate.SQL - update hibernate_sequence set next_val= ? where next_val=?
Hibernate: update hibernate_sequence set next_val= ? where next_val=?
19:33:16.621 [main] DEBUG o.h.e.i.AbstractSaveEventListener - Generated identifier: 470, using strategy: org.hibernate.id.enhanced.SequenceStyleGenerator
19:33:16.621 [main] DEBUG o.h.e.t.internal.TransactionImpl - committing
19:33:16.621 [main] DEBUG o.h.e.i.AbstractFlushingEventListener - Processing flush-time cascades
19:33:16.621 [main] DEBUG o.h.e.i.AbstractFlushingEventListener - Dirty checking collections
19:33:16.621 [main] DEBUG o.h.e.i.AbstractFlushingEventListener - Flushed: 1 insertions, 0 updates, 0 deletions to 1 objects
19:33:16.622 [main] DEBUG o.h.e.i.AbstractFlushingEventListener - Flushed: 0 (re)creations, 0 updates, 0 removals to 0 collections
19:33:16.622 [main] DEBUG o.h.internal.util.EntityPrinter - Listing entities:
19:33:16.622 [main] DEBUG o.h.internal.util.EntityPrinter - edu.ncsu.csc.itrust2.models.persistent.LogEntry{secondaryUser=null, logCode=5, primaryUser=logapitest, id=470, time=java.util.GregorianCalendar[time=1521660796616,areFieldsSet=true,areAllFieldsSet=true,lenient=true,zone=sun.util.calendar.ZoneInfo[id="Etc/UTC",offset=0,dstSavings=0,useDaylight=false,transitions=0,lastRule=null],firstDayOfWeek=1,minimalDaysInFirstWeek=1,ERA=1,YEAR=2018,MONTH=2,WEEK_OF_YEAR=12,WEEK_OF_MONTH=4,DAY_OF_MONTH=21,DAY_OF_YEAR=80,DAY_OF_WEEK=4,DAY_OF_WEEK_IN_MONTH=3,AM_PM=1,HOUR=7,HOUR_OF_DAY=19,MINUTE=33,SECOND=16,MILLISECOND=616,ZONE_OFFSET=0,DST_OFFSET=0], message=null}
19:33:16.623 [main] DEBUG org.hibernate.SQL - insert into LogEntries (logCode, message, primaryUser, secondaryUser, time, id) values (?, ?, ?, ?, ?, ?)
Hibernate: insert into LogEntries (logCode, message, primaryUser, secondaryUser, time, id) values (?, ?, ?, ?, ?, ?)
19:33:16.625 [main] DEBUG o.h.e.j.internal.JdbcCoordinatorImpl - HHH000420: Closing un-released batch
19:33:16.625 [main] DEBUG o.h.e.t.internal.TransactionImpl - begin
19:33:16.627 [main] DEBUG org.hibernate.SQL - select next_val as id_val from hibernate_sequence for update
Hibernate: select next_val as id_val from hibernate_sequence for update
19:33:16.627 [main] DEBUG org.hibernate.SQL - update hibernate_sequence set next_val= ? where next_val=?
Hibernate: update hibernate_sequence set next_val= ? where next_val=?
19:33:16.628 [main] DEBUG o.h.e.i.AbstractSaveEventListener - Generated identifier: 471, using strategy: org.hibernate.id.enhanced.SequenceStyleGenerator
19:33:16.628 [main] DEBUG o.h.e.t.internal.TransactionImpl - committing
19:33:16.629 [main] DEBUG o.h.e.i.AbstractFlushingEventListener - Processing flush-time cascades
19:33:16.629 [main] DEBUG o.h.e.i.AbstractFlushingEventListener - Dirty checking collections
19:33:16.629 [main] DEBUG o.h.e.i.AbstractFlushingEventListener - Flushed: 1 insertions, 0 updates, 0 deletions to 1 objects
19:33:16.629 [main] DEBUG o.h.e.i.AbstractFlushingEventListener - Flushed: 0 (re)creations, 0 updates, 0 removals to 0 collections
19:33:16.629 [main] DEBUG o.h.internal.util.EntityPrinter - Listing entities:
19:33:16.629 [main] DEBUG o.h.internal.util.EntityPrinter - edu.ncsu.csc.itrust2.models.persistent.LogEntry{secondaryUser=null, logCode=5, primaryUser=logapitest, id=471, time=java.util.GregorianCalendar[time=1521660796625,areFieldsSet=true,areAllFieldsSet=true,lenient=true,zone=sun.util.calendar.ZoneInfo[id="Etc/UTC",offset=0,dstSavings=0,useDaylight=false,transitions=0,lastRule=null],firstDayOfWeek=1,minimalDaysInFirstWeek=1,ERA=1,YEAR=2018,MONTH=2,WEEK_OF_YEAR=12,WEEK_OF_MONTH=4,DAY_OF_MONTH=21,DAY_OF_YEAR=80,DAY_OF_WEEK=4,DAY_OF_WEEK_IN_MONTH=3,AM_PM=1,HOUR=7,HOUR_OF_DAY=19,MINUTE=33,SECOND=16,MILLISECOND=625,ZONE_OFFSET=0,DST_OFFSET=0], message=null}
19:33:16.630 [main] DEBUG org.hibernate.SQL - insert into LogEntries (logCode, message, primaryUser, secondaryUser, time, id) values (?, ?, ?, ?, ?, ?)
Hibernate: insert into LogEntries (logCode, message, primaryUser, secondaryUser, time, id) values (?, ?, ?, ?, ?, ?)
19:33:16.631 [main] DEBUG o.h.e.j.internal.JdbcCoordinatorImpl - HHH000420: Closing un-released batch
19:33:16.632 [main] DEBUG o.h.e.t.internal.TransactionImpl - begin
19:33:16.633 [main] DEBUG org.hibernate.SQL - select next_val as id_val from hibernate_sequence for update
Hibernate: select next_val as id_val from hibernate_sequence for update
19:33:16.634 [main] DEBUG org.hibernate.SQL - update hibernate_sequence set next_val= ? where next_val=?
Hibernate: update hibernate_sequence set next_val= ? where next_val=?
19:33:16.636 [main] DEBUG o.h.e.i.AbstractSaveEventListener - Generated identifier: 472, using strategy: org.hibernate.id.enhanced.SequenceStyleGenerator
19:33:16.636 [main] DEBUG o.h.e.t.internal.TransactionImpl - committing
19:33:16.637 [main] DEBUG o.h.e.i.AbstractFlushingEventListener - Processing flush-time cascades
19:33:16.637 [main] DEBUG o.h.e.i.AbstractFlushingEventListener - Dirty checking collections
19:33:16.637 [main] DEBUG o.h.e.i.AbstractFlushingEventListener - Flushed: 1 insertions, 0 updates, 0 deletions to 1 objects
19:33:16.638 [main] DEBUG o.h.e.i.AbstractFlushingEventListener - Flushed: 0 (re)creations, 0 updates, 0 removals to 0 collections
19:33:16.638 [main] DEBUG o.h.internal.util.EntityPrinter - Listing entities:
19:33:16.638 [main] DEBUG o.h.internal.util.EntityPrinter - edu.ncsu.csc.itrust2.models.persistent.LogEntry{secondaryUser=null, logCode=5, primaryUser=logapitest, id=472, time=java.util.GregorianCalendar[time=1521660796632,areFieldsSet=true,areAllFieldsSet=true,lenient=true,zone=sun.util.calendar.ZoneInfo[id="Etc/UTC",offset=0,dstSavings=0,useDaylight=false,transitions=0,lastRule=null],firstDayOfWeek=1,minimalDaysInFirstWeek=1,ERA=1,YEAR=2018,MONTH=2,WEEK_OF_YEAR=12,WEEK_OF_MONTH=4,DAY_OF_MONTH=21,DAY_OF_YEAR=80,DAY_OF_WEEK=4,DAY_OF_WEEK_IN_MONTH=3,AM_PM=1,HOUR=7,HOUR_OF_DAY=19,MINUTE=33,SECOND=16,MILLISECOND=632,ZONE_OFFSET=0,DST_OFFSET=0], message=null}
19:33:16.639 [main] DEBUG org.hibernate.SQL - insert into LogEntries (logCode, message, primaryUser, secondaryUser, time, id) values (?, ?, ?, ?, ?, ?)
Hibernate: insert into LogEntries (logCode, message, primaryUser, secondaryUser, time, id) values (?, ?, ?, ?, ?, ?)
19:33:16.641 [main] DEBUG o.h.e.j.internal.JdbcCoordinatorImpl - HHH000420: Closing un-released batch
19:33:16.641 [main] DEBUG o.h.e.t.internal.TransactionImpl - begin
19:33:16.642 [main] DEBUG org.hibernate.SQL - select next_val as id_val from hibernate_sequence for update
Hibernate: select next_val as id_val from hibernate_sequence for update
19:33:16.643 [main] DEBUG org.hibernate.SQL - update hibernate_sequence set next_val= ? where next_val=?
Hibernate: update hibernate_sequence set next_val= ? where next_val=?
19:33:16.644 [main] DEBUG o.h.e.i.AbstractSaveEventListener - Generated identifier: 473, using strategy: org.hibernate.id.enhanced.SequenceStyleGenerator
19:33:16.645 [main] DEBUG o.h.e.t.internal.TransactionImpl - committing
19:33:16.645 [main] DEBUG o.h.e.i.AbstractFlushingEventListener - Processing flush-time cascades
19:33:16.645 [main] DEBUG o.h.e.i.AbstractFlushingEventListener - Dirty checking collections
19:33:16.646 [main] DEBUG o.h.e.i.AbstractFlushingEventListener - Flushed: 1 insertions, 0 updates, 0 deletions to 1 objects
19:33:16.646 [main] DEBUG o.h.e.i.AbstractFlushingEventListener - Flushed: 0 (re)creations, 0 updates, 0 removals to 0 collections
19:33:16.646 [main] DEBUG o.h.internal.util.EntityPrinter - Listing entities:
19:33:16.646 [main] DEBUG o.h.internal.util.EntityPrinter - edu.ncsu.csc.itrust2.models.persistent.LogEntry{secondaryUser=null, logCode=5, primaryUser=logapitest, id=473, time=java.util.GregorianCalendar[time=1521660796641,areFieldsSet=true,areAllFieldsSet=true,lenient=true,zone=sun.util.calendar.ZoneInfo[id="Etc/UTC",offset=0,dstSavings=0,useDaylight=false,transitions=0,lastRule=null],firstDayOfWeek=1,minimalDaysInFirstWeek=1,ERA=1,YEAR=2018,MONTH=2,WEEK_OF_YEAR=12,WEEK_OF_MONTH=4,DAY_OF_MONTH=21,DAY_OF_YEAR=80,DAY_OF_WEEK=4,DAY_OF_WEEK_IN_MONTH=3,AM_PM=1,HOUR=7,HOUR_OF_DAY=19,MINUTE=33,SECOND=16,MILLISECOND=641,ZONE_OFFSET=0,DST_OFFSET=0], message=null}
19:33:16.646 [main] DEBUG org.hibernate.SQL - insert into LogEntries (logCode, message, primaryUser, secondaryUser, time, id) values (?, ?, ?, ?, ?, ?)
Hibernate: insert into LogEntries (logCode, message, primaryUser, secondaryUser, time, id) values (?, ?, ?, ?, ?, ?)
19:33:16.648 [main] DEBUG o.h.e.j.internal.JdbcCoordinatorImpl - HHH000420: Closing un-released batch
19:33:16.648 [main] DEBUG o.h.e.t.internal.TransactionImpl - begin
19:33:16.650 [main] DEBUG org.hibernate.SQL - select next_val as id_val from hibernate_sequence for update
Hibernate: select next_val as id_val from hibernate_sequence for update
19:33:16.650 [main] DEBUG org.hibernate.SQL - update hibernate_sequence set next_val= ? where next_val=?
Hibernate: update hibernate_sequence set next_val= ? where next_val=?
19:33:16.652 [main] DEBUG o.h.e.i.AbstractSaveEventListener - Generated identifier: 474, using strategy: org.hibernate.id.enhanced.SequenceStyleGenerator
19:33:16.652 [main] DEBUG o.h.e.t.internal.TransactionImpl - committing
19:33:16.653 [main] DEBUG o.h.e.i.AbstractFlushingEventListener - Processing flush-time cascades
19:33:16.653 [main] DEBUG o.h.e.i.AbstractFlushingEventListener - Dirty checking collections
19:33:16.653 [main] DEBUG o.h.e.i.AbstractFlushingEventListener - Flushed: 1 insertions, 0 updates, 0 deletions to 1 objects
19:33:16.653 [main] DEBUG o.h.e.i.AbstractFlushingEventListener - Flushed: 0 (re)creations, 0 updates, 0 removals to 0 collections
19:33:16.653 [main] DEBUG o.h.internal.util.EntityPrinter - Listing entities:
19:33:16.653 [main] DEBUG o.h.internal.util.EntityPrinter - edu.ncsu.csc.itrust2.models.persistent.LogEntry{secondaryUser=null, logCode=5, primaryUser=logapitest, id=474, time=java.util.GregorianCalendar[time=1521660796648,areFieldsSet=true,areAllFieldsSet=true,lenient=true,zone=sun.util.calendar.ZoneInfo[id="Etc/UTC",offset=0,dstSavings=0,useDaylight=false,transitions=0,lastRule=null],firstDayOfWeek=1,minimalDaysInFirstWeek=1,ERA=1,YEAR=2018,MONTH=2,WEEK_OF_YEAR=12,WEEK_OF_MONTH=4,DAY_OF_MONTH=21,DAY_OF_YEAR=80,DAY_OF_WEEK=4,DAY_OF_WEEK_IN_MONTH=3,AM_PM=1,HOUR=7,HOUR_OF_DAY=19,MINUTE=33,SECOND=16,MILLISECOND=648,ZONE_OFFSET=0,DST_OFFSET=0], message=null}
19:33:16.654 [main] DEBUG org.hibernate.SQL - insert into LogEntries (logCode, message, primaryUser, secondaryUser, time, id) values (?, ?, ?, ?, ?, ?)
Hibernate: insert into LogEntries (logCode, message, primaryUser, secondaryUser, time, id) values (?, ?, ?, ?, ?, ?)
19:33:16.656 [main] DEBUG o.h.e.j.internal.JdbcCoordinatorImpl - HHH000420: Closing un-released batch
19:33:16.657 [main] DEBUG o.h.e.t.internal.TransactionImpl - begin
19:33:16.658 [main] DEBUG org.hibernate.SQL - select next_val as id_val from hibernate_sequence for update
Hibernate: select next_val as id_val from hibernate_sequence for update
19:33:16.659 [main] DEBUG org.hibernate.SQL - update hibernate_sequence set next_val= ? where next_val=?
Hibernate: update hibernate_sequence set next_val= ? where next_val=?
19:33:16.661 [main] DEBUG o.h.e.i.AbstractSaveEventListener - Generated identifier: 475, using strategy: org.hibernate.id.enhanced.SequenceStyleGenerator
19:33:16.661 [main] DEBUG o.h.e.t.internal.TransactionImpl - committing
19:33:16.661 [main] DEBUG o.h.e.i.AbstractFlushingEventListener - Processing flush-time cascades
19:33:16.661 [main] DEBUG o.h.e.i.AbstractFlushingEventListener - Dirty checking collections
19:33:16.661 [main] DEBUG o.h.e.i.AbstractFlushingEventListener - Flushed: 1 insertions, 0 updates, 0 deletions to 1 objects
19:33:16.661 [main] DEBUG o.h.e.i.AbstractFlushingEventListener - Flushed: 0 (re)creations, 0 updates, 0 removals to 0 collections
19:33:16.661 [main] DEBUG o.h.internal.util.EntityPrinter - Listing entities:
19:33:16.661 [main] DEBUG o.h.internal.util.EntityPrinter - edu.ncsu.csc.itrust2.models.persistent.LogEntry{secondaryUser=null, logCode=5, primaryUser=logapitest, id=475, time=java.util.GregorianCalendar[time=1521660796656,areFieldsSet=true,areAllFieldsSet=true,lenient=true,zone=sun.util.calendar.ZoneInfo[id="Etc/UTC",offset=0,dstSavings=0,useDaylight=false,transitions=0,lastRule=null],firstDayOfWeek=1,minimalDaysInFirstWeek=1,ERA=1,YEAR=2018,MONTH=2,WEEK_OF_YEAR=12,WEEK_OF_MONTH=4,DAY_OF_MONTH=21,DAY_OF_YEAR=80,DAY_OF_WEEK=4,DAY_OF_WEEK_IN_MONTH=3,AM_PM=1,HOUR=7,HOUR_OF_DAY=19,MINUTE=33,SECOND=16,MILLISECOND=656,ZONE_OFFSET=0,DST_OFFSET=0], message=null}
19:33:16.662 [main] DEBUG org.hibernate.SQL - insert into LogEntries (logCode, message, primaryUser, secondaryUser, time, id) values (?, ?, ?, ?, ?, ?)
Hibernate: insert into LogEntries (logCode, message, primaryUser, secondaryUser, time, id) values (?, ?, ?, ?, ?, ?)
19:33:16.664 [main] DEBUG o.h.e.j.internal.JdbcCoordinatorImpl - HHH000420: Closing un-released batch
19:33:16.664 [main] DEBUG o.h.e.t.internal.TransactionImpl - begin
19:33:16.665 [main] DEBUG org.hibernate.SQL - select next_val as id_val from hibernate_sequence for update
Hibernate: select next_val as id_val from hibernate_sequence for update
19:33:16.666 [main] DEBUG org.hibernate.SQL - update hibernate_sequence set next_val= ? where next_val=?
Hibernate: update hibernate_sequence set next_val= ? where next_val=?
19:33:16.668 [main] DEBUG o.h.e.i.AbstractSaveEventListener - Generated identifier: 476, using strategy: org.hibernate.id.enhanced.SequenceStyleGenerator
19:33:16.668 [main] DEBUG o.h.e.t.internal.TransactionImpl - committing
19:33:16.668 [main] DEBUG o.h.e.i.AbstractFlushingEventListener - Processing flush-time cascades
19:33:16.669 [main] DEBUG o.h.e.i.AbstractFlushingEventListener - Dirty checking collections
19:33:16.669 [main] DEBUG o.h.e.i.AbstractFlushingEventListener - Flushed: 1 insertions, 0 updates, 0 deletions to 1 objects
19:33:16.669 [main] DEBUG o.h.e.i.AbstractFlushingEventListener - Flushed: 0 (re)creations, 0 updates, 0 removals to 0 collections
19:33:16.669 [main] DEBUG o.h.internal.util.EntityPrinter - Listing entities:
19:33:16.669 [main] DEBUG o.h.internal.util.EntityPrinter - edu.ncsu.csc.itrust2.models.persistent.LogEntry{secondaryUser=null, logCode=5, primaryUser=logapitest, id=476, time=java.util.GregorianCalendar[time=1521660796664,areFieldsSet=true,areAllFieldsSet=true,lenient=true,zone=sun.util.calendar.ZoneInfo[id="Etc/UTC",offset=0,dstSavings=0,useDaylight=false,transitions=0,lastRule=null],firstDayOfWeek=1,minimalDaysInFirstWeek=1,ERA=1,YEAR=2018,MONTH=2,WEEK_OF_YEAR=12,WEEK_OF_MONTH=4,DAY_OF_MONTH=21,DAY_OF_YEAR=80,DAY_OF_WEEK=4,DAY_OF_WEEK_IN_MONTH=3,AM_PM=1,HOUR=7,HOUR_OF_DAY=19,MINUTE=33,SECOND=16,MILLISECOND=664,ZONE_OFFSET=0,DST_OFFSET=0], message=null}
19:33:16.670 [main] DEBUG org.hibernate.SQL - insert into LogEntries (logCode, message, primaryUser, secondaryUser, time, id) values (?, ?, ?, ?, ?, ?)
Hibernate: insert into LogEntries (logCode, message, primaryUser, secondaryUser, time, id) values (?, ?, ?, ?, ?, ?)
19:33:16.672 [main] DEBUG o.h.e.j.internal.JdbcCoordinatorImpl - HHH000420: Closing un-released batch
19:33:16.672 [main] DEBUG o.h.e.t.internal.TransactionImpl - begin
19:33:16.673 [main] DEBUG org.hibernate.SQL - select next_val as id_val from hibernate_sequence for update
Hibernate: select next_val as id_val from hibernate_sequence for update
19:33:16.674 [main] DEBUG org.hibernate.SQL - update hibernate_sequence set next_val= ? where next_val=?
Hibernate: update hibernate_sequence set next_val= ? where next_val=?
19:33:16.675 [main] DEBUG o.h.e.i.AbstractSaveEventListener - Generated identifier: 477, using strategy: org.hibernate.id.enhanced.SequenceStyleGenerator
19:33:16.676 [main] DEBUG o.h.e.t.internal.TransactionImpl - committing
19:33:16.676 [main] DEBUG o.h.e.i.AbstractFlushingEventListener - Processing flush-time cascades
19:33:16.676 [main] DEBUG o.h.e.i.AbstractFlushingEventListener - Dirty checking collections
19:33:16.676 [main] DEBUG o.h.e.i.AbstractFlushingEventListener - Flushed: 1 insertions, 0 updates, 0 deletions to 1 objects
19:33:16.677 [main] DEBUG o.h.e.i.AbstractFlushingEventListener - Flushed: 0 (re)creations, 0 updates, 0 removals to 0 collections
19:33:16.677 [main] DEBUG o.h.internal.util.EntityPrinter - Listing entities:
19:33:16.677 [main] DEBUG o.h.internal.util.EntityPrinter - edu.ncsu.csc.itrust2.models.persistent.LogEntry{secondaryUser=null, logCode=5, primaryUser=logapitest, id=477, time=java.util.GregorianCalendar[time=1521660796672,areFieldsSet=true,areAllFieldsSet=true,lenient=true,zone=sun.util.calendar.ZoneInfo[id="Etc/UTC",offset=0,dstSavings=0,useDaylight=false,transitions=0,lastRule=null],firstDayOfWeek=1,minimalDaysInFirstWeek=1,ERA=1,YEAR=2018,MONTH=2,WEEK_OF_YEAR=12,WEEK_OF_MONTH=4,DAY_OF_MONTH=21,DAY_OF_YEAR=80,DAY_OF_WEEK=4,DAY_OF_WEEK_IN_MONTH=3,AM_PM=1,HOUR=7,HOUR_OF_DAY=19,MINUTE=33,SECOND=16,MILLISECOND=672,ZONE_OFFSET=0,DST_OFFSET=0], message=null}
19:33:16.678 [main] DEBUG org.hibernate.SQL - insert into LogEntries (logCode, message, primaryUser, secondaryUser, time, id) values (?, ?, ?, ?, ?, ?)
Hibernate: insert into LogEntries (logCode, message, primaryUser, secondaryUser, time, id) values (?, ?, ?, ?, ?, ?)
19:33:16.680 [main] DEBUG o.h.e.j.internal.JdbcCoordinatorImpl - HHH000420: Closing un-released batch
19:33:16.686 [main] DEBUG o.h.e.t.internal.TransactionImpl - begin
19:33:16.686 [main] DEBUG org.hibernate.SQL - select next_val as id_val from hibernate_sequence for update
Hibernate: select next_val as id_val from hibernate_sequence for update
19:33:16.687 [main] DEBUG org.hibernate.SQL - update hibernate_sequence set next_val= ? where next_val=?
Hibernate: update hibernate_sequence set next_val= ? where next_val=?
19:33:16.688 [main] DEBUG o.h.e.i.AbstractSaveEventListener - Generated identifier: 478, using strategy: org.hibernate.id.enhanced.SequenceStyleGenerator
19:33:16.688 [main] DEBUG o.h.e.t.internal.TransactionImpl - committing
19:33:16.688 [main] DEBUG o.h.e.i.AbstractFlushingEventListener - Processing flush-time cascades
19:33:16.688 [main] DEBUG o.h.e.i.AbstractFlushingEventListener - Dirty checking collections
19:33:16.688 [main] DEBUG o.h.e.i.AbstractFlushingEventListener - Flushed: 1 insertions, 0 updates, 0 deletions to 1 objects
19:33:16.688 [main] DEBUG o.h.e.i.AbstractFlushingEventListener - Flushed: 0 (re)creations, 0 updates, 0 removals to 0 collections
19:33:16.689 [main] DEBUG o.h.internal.util.EntityPrinter - Listing entities:
19:33:16.689 [main] DEBUG o.h.internal.util.EntityPrinter - edu.ncsu.csc.itrust2.models.persistent.LogEntry{secondaryUser=null, logCode=5, primaryUser=logapitest, id=478, time=java.util.GregorianCalendar[time=1521660796680,areFieldsSet=true,areAllFieldsSet=true,lenient=true,zone=sun.util.calendar.ZoneInfo[id="Etc/UTC",offset=0,dstSavings=0,useDaylight=false,transitions=0,lastRule=null],firstDayOfWeek=1,minimalDaysInFirstWeek=1,ERA=1,YEAR=2018,MONTH=2,WEEK_OF_YEAR=12,WEEK_OF_MONTH=4,DAY_OF_MONTH=21,DAY_OF_YEAR=80,DAY_OF_WEEK=4,DAY_OF_WEEK_IN_MONTH=3,AM_PM=1,HOUR=7,HOUR_OF_DAY=19,MINUTE=33,SECOND=16,MILLISECOND=680,ZONE_OFFSET=0,DST_OFFSET=0], message=null}
19:33:16.689 [main] DEBUG org.hibernate.SQL - insert into LogEntries (logCode, message, primaryUser, secondaryUser, time, id) values (?, ?, ?, ?, ?, ?)
Hibernate: insert into LogEntries (logCode, message, primaryUser, secondaryUser, time, id) values (?, ?, ?, ?, ?, ?)
19:33:16.691 [main] DEBUG o.h.e.j.internal.JdbcCoordinatorImpl - HHH000420: Closing un-released batch
19:33:16.692 [main] DEBUG o.h.e.t.internal.TransactionImpl - begin
19:33:16.692 [main] DEBUG org.hibernate.SQL - select next_val as id_val from hibernate_sequence for update
Hibernate: select next_val as id_val from hibernate_sequence for update
19:33:16.692 [main] DEBUG org.hibernate.SQL - update hibernate_sequence set next_val= ? where next_val=?
Hibernate: update hibernate_sequence set next_val= ? where next_val=?
19:33:16.693 [main] DEBUG o.h.e.i.AbstractSaveEventListener - Generated identifier: 479, using strategy: org.hibernate.id.enhanced.SequenceStyleGenerator
19:33:16.694 [main] DEBUG o.h.e.t.internal.TransactionImpl - committing
19:33:16.694 [main] DEBUG o.h.e.i.AbstractFlushingEventListener - Processing flush-time cascades
19:33:16.694 [main] DEBUG o.h.e.i.AbstractFlushingEventListener - Dirty checking collections
19:33:16.694 [main] DEBUG o.h.e.i.AbstractFlushingEventListener - Flushed: 1 insertions, 0 updates, 0 deletions to 1 objects
19:33:16.694 [main] DEBUG o.h.e.i.AbstractFlushingEventListener - Flushed: 0 (re)creations, 0 updates, 0 removals to 0 collections
19:33:16.694 [main] DEBUG o.h.internal.util.EntityPrinter - Listing entities:
19:33:16.694 [main] DEBUG o.h.internal.util.EntityPrinter - edu.ncsu.csc.itrust2.models.persistent.LogEntry{secondaryUser=null, logCode=5, primaryUser=logapitest, id=479, time=java.util.GregorianCalendar[time=1521660796691,areFieldsSet=true,areAllFieldsSet=true,lenient=true,zone=sun.util.calendar.ZoneInfo[id="Etc/UTC",offset=0,dstSavings=0,useDaylight=false,transitions=0,lastRule=null],firstDayOfWeek=1,minimalDaysInFirstWeek=1,ERA=1,YEAR=2018,MONTH=2,WEEK_OF_YEAR=12,WEEK_OF_MONTH=4,DAY_OF_MONTH=21,DAY_OF_YEAR=80,DAY_OF_WEEK=4,DAY_OF_WEEK_IN_MONTH=3,AM_PM=1,HOUR=7,HOUR_OF_DAY=19,MINUTE=33,SECOND=16,MILLISECOND=691,ZONE_OFFSET=0,DST_OFFSET=0], message=null}
19:33:16.694 [main] DEBUG org.hibernate.SQL - insert into LogEntries (logCode, message, primaryUser, secondaryUser, time, id) values (?, ?, ?, ?, ?, ?)
Hibernate: insert into LogEntries (logCode, message, primaryUser, secondaryUser, time, id) values (?, ?, ?, ?, ?, ?)
19:33:16.696 [main] DEBUG o.h.e.j.internal.JdbcCoordinatorImpl - HHH000420: Closing un-released batch
19:33:16.696 [main] DEBUG o.h.e.t.internal.TransactionImpl - begin
19:33:16.697 [main] DEBUG org.hibernate.SQL - select next_val as id_val from hibernate_sequence for update
Hibernate: select next_val as id_val from hibernate_sequence for update
19:33:16.697 [main] DEBUG org.hibernate.SQL - update hibernate_sequence set next_val= ? where next_val=?
Hibernate: update hibernate_sequence set next_val= ? where next_val=?
19:33:16.698 [main] DEBUG o.h.e.i.AbstractSaveEventListener - Generated identifier: 480, using strategy: org.hibernate.id.enhanced.SequenceStyleGenerator
19:33:16.698 [main] DEBUG o.h.e.t.internal.TransactionImpl - committing
19:33:16.698 [main] DEBUG o.h.e.i.AbstractFlushingEventListener - Processing flush-time cascades
19:33:16.699 [main] DEBUG o.h.e.i.AbstractFlushingEventListener - Dirty checking collections
19:33:16.699 [main] DEBUG o.h.e.i.AbstractFlushingEventListener - Flushed: 1 insertions, 0 updates, 0 deletions to 1 objects
19:33:16.699 [main] DEBUG o.h.e.i.AbstractFlushingEventListener - Flushed: 0 (re)creations, 0 updates, 0 removals to 0 collections
19:33:16.699 [main] DEBUG o.h.internal.util.EntityPrinter - Listing entities:
19:33:16.699 [main] DEBUG o.h.internal.util.EntityPrinter - edu.ncsu.csc.itrust2.models.persistent.LogEntry{secondaryUser=null, logCode=5, primaryUser=logapitest, id=480, time=java.util.GregorianCalendar[time=1521660796696,areFieldsSet=true,areAllFieldsSet=true,lenient=true,zone=sun.util.calendar.ZoneInfo[id="Etc/UTC",offset=0,dstSavings=0,useDaylight=false,transitions=0,lastRule=null],firstDayOfWeek=1,minimalDaysInFirstWeek=1,ERA=1,YEAR=2018,MONTH=2,WEEK_OF_YEAR=12,WEEK_OF_MONTH=4,DAY_OF_MONTH=21,DAY_OF_YEAR=80,DAY_OF_WEEK=4,DAY_OF_WEEK_IN_MONTH=3,AM_PM=1,HOUR=7,HOUR_OF_DAY=19,MINUTE=33,SECOND=16,MILLISECOND=696,ZONE_OFFSET=0,DST_OFFSET=0], message=null}
19:33:16.700 [main] DEBUG org.hibernate.SQL - insert into LogEntries (logCode, message, primaryUser, secondaryUser, time, id) values (?, ?, ?, ?, ?, ?)
Hibernate: insert into LogEntries (logCode, message, primaryUser, secondaryUser, time, id) values (?, ?, ?, ?, ?, ?)
19:33:16.702 [main] DEBUG o.h.e.j.internal.JdbcCoordinatorImpl - HHH000420: Closing un-released batch
19:33:16.702 [main] DEBUG o.h.e.t.internal.TransactionImpl - begin
19:33:16.703 [main] DEBUG org.hibernate.SQL - select next_val as id_val from hibernate_sequence for update
Hibernate: select next_val as id_val from hibernate_sequence for update
19:33:16.703 [main] DEBUG org.hibernate.SQL - update hibernate_sequence set next_val= ? where next_val=?
Hibernate: update hibernate_sequence set next_val= ? where next_val=?
19:33:16.704 [main] DEBUG o.h.e.i.AbstractSaveEventListener - Generated identifier: 481, using strategy: org.hibernate.id.enhanced.SequenceStyleGenerator
19:33:16.705 [main] DEBUG o.h.e.t.internal.TransactionImpl - committing
19:33:16.705 [main] DEBUG o.h.e.i.AbstractFlushingEventListener - Processing flush-time cascades
19:33:16.705 [main] DEBUG o.h.e.i.AbstractFlushingEventListener - Dirty checking collections
19:33:16.705 [main] DEBUG o.h.e.i.AbstractFlushingEventListener - Flushed: 1 insertions, 0 updates, 0 deletions to 1 objects
19:33:16.705 [main] DEBUG o.h.e.i.AbstractFlushingEventListener - Flushed: 0 (re)creations, 0 updates, 0 removals to 0 collections
19:33:16.705 [main] DEBUG o.h.internal.util.EntityPrinter - Listing entities:
19:33:16.705 [main] DEBUG o.h.internal.util.EntityPrinter - edu.ncsu.csc.itrust2.models.persistent.LogEntry{secondaryUser=null, logCode=5, primaryUser=logapitest, id=481, time=java.util.GregorianCalendar[time=1521660796702,areFieldsSet=true,areAllFieldsSet=true,lenient=true,zone=sun.util.calendar.ZoneInfo[id="Etc/UTC",offset=0,dstSavings=0,useDaylight=false,transitions=0,lastRule=null],firstDayOfWeek=1,minimalDaysInFirstWeek=1,ERA=1,YEAR=2018,MONTH=2,WEEK_OF_YEAR=12,WEEK_OF_MONTH=4,DAY_OF_MONTH=21,DAY_OF_YEAR=80,DAY_OF_WEEK=4,DAY_OF_WEEK_IN_MONTH=3,AM_PM=1,HOUR=7,HOUR_OF_DAY=19,MINUTE=33,SECOND=16,MILLISECOND=702,ZONE_OFFSET=0,DST_OFFSET=0], message=null}
19:33:16.705 [main] DEBUG org.hibernate.SQL - insert into LogEntries (logCode, message, primaryUser, secondaryUser, time, id) values (?, ?, ?, ?, ?, ?)
Hibernate: insert into LogEntries (logCode, message, primaryUser, secondaryUser, time, id) values (?, ?, ?, ?, ?, ?)
19:33:16.707 [main] DEBUG o.h.e.j.internal.JdbcCoordinatorImpl - HHH000420: Closing un-released batch
19:33:16.707 [main] DEBUG o.h.e.t.internal.TransactionImpl - begin
19:33:16.707 [main] DEBUG org.hibernate.SQL - select next_val as id_val from hibernate_sequence for update
Hibernate: select next_val as id_val from hibernate_sequence for update
19:33:16.708 [main] DEBUG org.hibernate.SQL - update hibernate_sequence set next_val= ? where next_val=?
Hibernate: update hibernate_sequence set next_val= ? where next_val=?
19:33:16.710 [main] DEBUG o.h.e.i.AbstractSaveEventListener - Generated identifier: 482, using strategy: org.hibernate.id.enhanced.SequenceStyleGenerator
19:33:16.710 [main] DEBUG o.h.e.t.internal.TransactionImpl - committing
19:33:16.710 [main] DEBUG o.h.e.i.AbstractFlushingEventListener - Processing flush-time cascades
19:33:16.710 [main] DEBUG o.h.e.i.AbstractFlushingEventListener - Dirty checking collections
19:33:16.710 [main] DEBUG o.h.e.i.AbstractFlushingEventListener - Flushed: 1 insertions, 0 updates, 0 deletions to 1 objects
19:33:16.710 [main] DEBUG o.h.e.i.AbstractFlushingEventListener - Flushed: 0 (re)creations, 0 updates, 0 removals to 0 collections
19:33:16.710 [main] DEBUG o.h.internal.util.EntityPrinter - Listing entities:
19:33:16.710 [main] DEBUG o.h.internal.util.EntityPrinter - edu.ncsu.csc.itrust2.models.persistent.LogEntry{secondaryUser=null, logCode=5, primaryUser=logapitest, id=482, time=java.util.GregorianCalendar[time=1521660796707,areFieldsSet=true,areAllFieldsSet=true,lenient=true,zone=sun.util.calendar.ZoneInfo[id="Etc/UTC",offset=0,dstSavings=0,useDaylight=false,transitions=0,lastRule=null],firstDayOfWeek=1,minimalDaysInFirstWeek=1,ERA=1,YEAR=2018,MONTH=2,WEEK_OF_YEAR=12,WEEK_OF_MONTH=4,DAY_OF_MONTH=21,DAY_OF_YEAR=80,DAY_OF_WEEK=4,DAY_OF_WEEK_IN_MONTH=3,AM_PM=1,HOUR=7,HOUR_OF_DAY=19,MINUTE=33,SECOND=16,MILLISECOND=707,ZONE_OFFSET=0,DST_OFFSET=0], message=null}
19:33:16.711 [main] DEBUG org.hibernate.SQL - insert into LogEntries (logCode, message, primaryUser, secondaryUser, time, id) values (?, ?, ?, ?, ?, ?)
Hibernate: insert into LogEntries (logCode, message, primaryUser, secondaryUser, time, id) values (?, ?, ?, ?, ?, ?)
19:33:16.712 [main] DEBUG o.h.e.j.internal.JdbcCoordinatorImpl - HHH000420: Closing un-released batch
19:33:16.713 [main] DEBUG o.h.e.t.internal.TransactionImpl - begin
19:33:16.713 [main] DEBUG org.hibernate.SQL - select next_val as id_val from hibernate_sequence for update
Hibernate: select next_val as id_val from hibernate_sequence for update
19:33:16.714 [main] DEBUG org.hibernate.SQL - update hibernate_sequence set next_val= ? where next_val=?
Hibernate: update hibernate_sequence set next_val= ? where next_val=?
19:33:16.715 [main] DEBUG o.h.e.i.AbstractSaveEventListener - Generated identifier: 483, using strategy: org.hibernate.id.enhanced.SequenceStyleGenerator
19:33:16.716 [main] DEBUG o.h.e.t.internal.TransactionImpl - committing
19:33:16.716 [main] DEBUG o.h.e.i.AbstractFlushingEventListener - Processing flush-time cascades
19:33:16.716 [main] DEBUG o.h.e.i.AbstractFlushingEventListener - Dirty checking collections
19:33:16.716 [main] DEBUG o.h.e.i.AbstractFlushingEventListener - Flushed: 1 insertions, 0 updates, 0 deletions to 1 objects
19:33:16.716 [main] DEBUG o.h.e.i.AbstractFlushingEventListener - Flushed: 0 (re)creations, 0 updates, 0 removals to 0 collections
19:33:16.716 [main] DEBUG o.h.internal.util.EntityPrinter - Listing entities:
19:33:16.716 [main] DEBUG o.h.internal.util.EntityPrinter - edu.ncsu.csc.itrust2.models.persistent.LogEntry{secondaryUser=null, logCode=5, primaryUser=logapitest, id=483, time=java.util.GregorianCalendar[time=1521660796712,areFieldsSet=true,areAllFieldsSet=true,lenient=true,zone=sun.util.calendar.ZoneInfo[id="Etc/UTC",offset=0,dstSavings=0,useDaylight=false,transitions=0,lastRule=null],firstDayOfWeek=1,minimalDaysInFirstWeek=1,ERA=1,YEAR=2018,MONTH=2,WEEK_OF_YEAR=12,WEEK_OF_MONTH=4,DAY_OF_MONTH=21,DAY_OF_YEAR=80,DAY_OF_WEEK=4,DAY_OF_WEEK_IN_MONTH=3,AM_PM=1,HOUR=7,HOUR_OF_DAY=19,MINUTE=33,SECOND=16,MILLISECOND=712,ZONE_OFFSET=0,DST_OFFSET=0], message=null}
19:33:16.717 [main] DEBUG org.hibernate.SQL - insert into LogEntries (logCode, message, primaryUser, secondaryUser, time, id) values (?, ?, ?, ?, ?, ?)
Hibernate: insert into LogEntries (logCode, message, primaryUser, secondaryUser, time, id) values (?, ?, ?, ?, ?, ?)
19:33:16.718 [main] DEBUG o.h.e.j.internal.JdbcCoordinatorImpl - HHH000420: Closing un-released batch
19:33:16.719 [main] DEBUG o.h.e.t.internal.TransactionImpl - begin
19:33:16.719 [main] DEBUG org.hibernate.SQL - select next_val as id_val from hibernate_sequence for update
Hibernate: select next_val as id_val from hibernate_sequence for update
19:33:16.720 [main] DEBUG org.hibernate.SQL - update hibernate_sequence set next_val= ? where next_val=?
Hibernate: update hibernate_sequence set next_val= ? where next_val=?
19:33:16.721 [main] DEBUG o.h.e.i.AbstractSaveEventListener - Generated identifier: 484, using strategy: org.hibernate.id.enhanced.SequenceStyleGenerator
19:33:16.721 [main] DEBUG o.h.e.t.internal.TransactionImpl - committing
19:33:16.721 [main] DEBUG o.h.e.i.AbstractFlushingEventListener - Processing flush-time cascades
19:33:16.721 [main] DEBUG o.h.e.i.AbstractFlushingEventListener - Dirty checking collections
19:33:16.721 [main] DEBUG o.h.e.i.AbstractFlushingEventListener - Flushed: 1 insertions, 0 updates, 0 deletions to 1 objects
19:33:16.721 [main] DEBUG o.h.e.i.AbstractFlushingEventListener - Flushed: 0 (re)creations, 0 updates, 0 removals to 0 collections
19:33:16.722 [main] DEBUG o.h.internal.util.EntityPrinter - Listing entities:
19:33:16.722 [main] DEBUG o.h.internal.util.EntityPrinter - edu.ncsu.csc.itrust2.models.persistent.LogEntry{secondaryUser=null, logCode=5, primaryUser=logapitest, id=484, time=java.util.GregorianCalendar[time=1521660796719,areFieldsSet=true,areAllFieldsSet=true,lenient=true,zone=sun.util.calendar.ZoneInfo[id="Etc/UTC",offset=0,dstSavings=0,useDaylight=false,transitions=0,lastRule=null],firstDayOfWeek=1,minimalDaysInFirstWeek=1,ERA=1,YEAR=2018,MONTH=2,WEEK_OF_YEAR=12,WEEK_OF_MONTH=4,DAY_OF_MONTH=21,DAY_OF_YEAR=80,DAY_OF_WEEK=4,DAY_OF_WEEK_IN_MONTH=3,AM_PM=1,HOUR=7,HOUR_OF_DAY=19,MINUTE=33,SECOND=16,MILLISECOND=719,ZONE_OFFSET=0,DST_OFFSET=0], message=null}
19:33:16.722 [main] DEBUG org.hibernate.SQL - insert into LogEntries (logCode, message, primaryUser, secondaryUser, time, id) values (?, ?, ?, ?, ?, ?)
Hibernate: insert into LogEntries (logCode, message, primaryUser, secondaryUser, time, id) values (?, ?, ?, ?, ?, ?)
19:33:16.723 [main] DEBUG o.h.e.j.internal.JdbcCoordinatorImpl - HHH000420: Closing un-released batch
19:33:16.724 [main] DEBUG o.h.e.t.internal.TransactionImpl - begin
19:33:16.724 [main] DEBUG org.hibernate.SQL - select next_val as id_val from hibernate_sequence for update
Hibernate: select next_val as id_val from hibernate_sequence for update
19:33:16.725 [main] DEBUG org.hibernate.SQL - update hibernate_sequence set next_val= ? where next_val=?
Hibernate: update hibernate_sequence set next_val= ? where next_val=?
19:33:16.726 [main] DEBUG o.h.e.i.AbstractSaveEventListener - Generated identifier: 485, using strategy: org.hibernate.id.enhanced.SequenceStyleGenerator
19:33:16.726 [main] DEBUG o.h.e.t.internal.TransactionImpl - committing
19:33:16.726 [main] DEBUG o.h.e.i.AbstractFlushingEventListener - Processing flush-time cascades
19:33:16.726 [main] DEBUG o.h.e.i.AbstractFlushingEventListener - Dirty checking collections
19:33:16.726 [main] DEBUG o.h.e.i.AbstractFlushingEventListener - Flushed: 1 insertions, 0 updates, 0 deletions to 1 objects
19:33:16.726 [main] DEBUG o.h.e.i.AbstractFlushingEventListener - Flushed: 0 (re)creations, 0 updates, 0 removals to 0 collections
19:33:16.726 [main] DEBUG o.h.internal.util.EntityPrinter - Listing entities:
19:33:16.726 [main] DEBUG o.h.internal.util.EntityPrinter - edu.ncsu.csc.itrust2.models.persistent.LogEntry{secondaryUser=null, logCode=5, primaryUser=logapitest, id=485, time=java.util.GregorianCalendar[time=1521660796724,areFieldsSet=true,areAllFieldsSet=true,lenient=true,zone=sun.util.calendar.ZoneInfo[id="Etc/UTC",offset=0,dstSavings=0,useDaylight=false,transitions=0,lastRule=null],firstDayOfWeek=1,minimalDaysInFirstWeek=1,ERA=1,YEAR=2018,MONTH=2,WEEK_OF_YEAR=12,WEEK_OF_MONTH=4,DAY_OF_MONTH=21,DAY_OF_YEAR=80,DAY_OF_WEEK=4,DAY_OF_WEEK_IN_MONTH=3,AM_PM=1,HOUR=7,HOUR_OF_DAY=19,MINUTE=33,SECOND=16,MILLISECOND=724,ZONE_OFFSET=0,DST_OFFSET=0], message=null}
19:33:16.727 [main] DEBUG org.hibernate.SQL - insert into LogEntries (logCode, message, primaryUser, secondaryUser, time, id) values (?, ?, ?, ?, ?, ?)
Hibernate: insert into LogEntries (logCode, message, primaryUser, secondaryUser, time, id) values (?, ?, ?, ?, ?, ?)
19:33:16.729 [main] DEBUG o.h.e.j.internal.JdbcCoordinatorImpl - HHH000420: Closing un-released batch
19:33:16.729 [main] DEBUG o.h.e.t.internal.TransactionImpl - begin
19:33:16.729 [main] DEBUG org.hibernate.SQL - select next_val as id_val from hibernate_sequence for update
Hibernate: select next_val as id_val from hibernate_sequence for update
19:33:16.730 [main] DEBUG org.hibernate.SQL - update hibernate_sequence set next_val= ? where next_val=?
Hibernate: update hibernate_sequence set next_val= ? where next_val=?
19:33:16.731 [main] DEBUG o.h.e.i.AbstractSaveEventListener - Generated identifier: 486, using strategy: org.hibernate.id.enhanced.SequenceStyleGenerator
19:33:16.731 [main] DEBUG o.h.e.t.internal.TransactionImpl - committing
19:33:16.731 [main] DEBUG o.h.e.i.AbstractFlushingEventListener - Processing flush-time cascades
19:33:16.731 [main] DEBUG o.h.e.i.AbstractFlushingEventListener - Dirty checking collections
19:33:16.731 [main] DEBUG o.h.e.i.AbstractFlushingEventListener - Flushed: 1 insertions, 0 updates, 0 deletions to 1 objects
19:33:16.731 [main] DEBUG o.h.e.i.AbstractFlushingEventListener - Flushed: 0 (re)creations, 0 updates, 0 removals to 0 collections
19:33:16.731 [main] DEBUG o.h.internal.util.EntityPrinter - Listing entities:
19:33:16.732 [main] DEBUG o.h.internal.util.EntityPrinter - edu.ncsu.csc.itrust2.models.persistent.LogEntry{secondaryUser=null, logCode=5, primaryUser=logapitest, id=486, time=java.util.GregorianCalendar[time=1521660796729,areFieldsSet=true,areAllFieldsSet=true,lenient=true,zone=sun.util.calendar.ZoneInfo[id="Etc/UTC",offset=0,dstSavings=0,useDaylight=false,transitions=0,lastRule=null],firstDayOfWeek=1,minimalDaysInFirstWeek=1,ERA=1,YEAR=2018,MONTH=2,WEEK_OF_YEAR=12,WEEK_OF_MONTH=4,DAY_OF_MONTH=21,DAY_OF_YEAR=80,DAY_OF_WEEK=4,DAY_OF_WEEK_IN_MONTH=3,AM_PM=1,HOUR=7,HOUR_OF_DAY=19,MINUTE=33,SECOND=16,MILLISECOND=729,ZONE_OFFSET=0,DST_OFFSET=0], message=null}
19:33:16.732 [main] DEBUG org.hibernate.SQL - insert into LogEntries (logCode, message, primaryUser, secondaryUser, time, id) values (?, ?, ?, ?, ?, ?)
Hibernate: insert into LogEntries (logCode, message, primaryUser, secondaryUser, time, id) values (?, ?, ?, ?, ?, ?)
19:33:16.734 [main] DEBUG o.h.e.j.internal.JdbcCoordinatorImpl - HHH000420: Closing un-released batch
19:33:16.734 [main] DEBUG o.h.e.t.internal.TransactionImpl - begin
19:33:16.735 [main] DEBUG org.hibernate.SQL - select next_val as id_val from hibernate_sequence for update
Hibernate: select next_val as id_val from hibernate_sequence for update
19:33:16.735 [main] DEBUG org.hibernate.SQL - update hibernate_sequence set next_val= ? where next_val=?
Hibernate: update hibernate_sequence set next_val= ? where next_val=?
19:33:16.736 [main] DEBUG o.h.e.i.AbstractSaveEventListener - Generated identifier: 487, using strategy: org.hibernate.id.enhanced.SequenceStyleGenerator
19:33:16.737 [main] DEBUG o.h.e.t.internal.TransactionImpl - committing
19:33:16.737 [main] DEBUG o.h.e.i.AbstractFlushingEventListener - Processing flush-time cascades
19:33:16.737 [main] DEBUG o.h.e.i.AbstractFlushingEventListener - Dirty checking collections
19:33:16.737 [main] DEBUG o.h.e.i.AbstractFlushingEventListener - Flushed: 1 insertions, 0 updates, 0 deletions to 1 objects
19:33:16.737 [main] DEBUG o.h.e.i.AbstractFlushingEventListener - Flushed: 0 (re)creations, 0 updates, 0 removals to 0 collections
19:33:16.737 [main] DEBUG o.h.internal.util.EntityPrinter - Listing entities:
19:33:16.737 [main] DEBUG o.h.internal.util.EntityPrinter - edu.ncsu.csc.itrust2.models.persistent.LogEntry{secondaryUser=null, logCode=5, primaryUser=logapitest, id=487, time=java.util.GregorianCalendar[time=1521660796734,areFieldsSet=true,areAllFieldsSet=true,lenient=true,zone=sun.util.calendar.ZoneInfo[id="Etc/UTC",offset=0,dstSavings=0,useDaylight=false,transitions=0,lastRule=null],firstDayOfWeek=1,minimalDaysInFirstWeek=1,ERA=1,YEAR=2018,MONTH=2,WEEK_OF_YEAR=12,WEEK_OF_MONTH=4,DAY_OF_MONTH=21,DAY_OF_YEAR=80,DAY_OF_WEEK=4,DAY_OF_WEEK_IN_MONTH=3,AM_PM=1,HOUR=7,HOUR_OF_DAY=19,MINUTE=33,SECOND=16,MILLISECOND=734,ZONE_OFFSET=0,DST_OFFSET=0], message=null}
19:33:16.737 [main] DEBUG org.hibernate.SQL - insert into LogEntries (logCode, message, primaryUser, secondaryUser, time, id) values (?, ?, ?, ?, ?, ?)
Hibernate: insert into LogEntries (logCode, message, primaryUser, secondaryUser, time, id) values (?, ?, ?, ?, ?, ?)
19:33:16.739 [main] DEBUG o.h.e.j.internal.JdbcCoordinatorImpl - HHH000420: Closing un-released batch
19:33:16.739 [main] DEBUG o.h.e.t.internal.TransactionImpl - begin
19:33:16.739 [main] DEBUG org.hibernate.SQL - select next_val as id_val from hibernate_sequence for update
Hibernate: select next_val as id_val from hibernate_sequence for update
19:33:16.740 [main] DEBUG org.hibernate.SQL - update hibernate_sequence set next_val= ? where next_val=?
Hibernate: update hibernate_sequence set next_val= ? where next_val=?
19:33:16.741 [main] DEBUG o.h.e.i.AbstractSaveEventListener - Generated identifier: 488, using strategy: org.hibernate.id.enhanced.SequenceStyleGenerator
19:33:16.741 [main] DEBUG o.h.e.t.internal.TransactionImpl - committing
19:33:16.741 [main] DEBUG o.h.e.i.AbstractFlushingEventListener - Processing flush-time cascades
19:33:16.742 [main] DEBUG o.h.e.i.AbstractFlushingEventListener - Dirty checking collections
19:33:16.742 [main] DEBUG o.h.e.i.AbstractFlushingEventListener - Flushed: 1 insertions, 0 updates, 0 deletions to 1 objects
19:33:16.742 [main] DEBUG o.h.e.i.AbstractFlushingEventListener - Flushed: 0 (re)creations, 0 updates, 0 removals to 0 collections
19:33:16.742 [main] DEBUG o.h.internal.util.EntityPrinter - Listing entities:
19:33:16.742 [main] DEBUG o.h.internal.util.EntityPrinter - edu.ncsu.csc.itrust2.models.persistent.LogEntry{secondaryUser=null, logCode=5, primaryUser=logapitest, id=488, time=java.util.GregorianCalendar[time=1521660796739,areFieldsSet=true,areAllFieldsSet=true,lenient=true,zone=sun.util.calendar.ZoneInfo[id="Etc/UTC",offset=0,dstSavings=0,useDaylight=false,transitions=0,lastRule=null],firstDayOfWeek=1,minimalDaysInFirstWeek=1,ERA=1,YEAR=2018,MONTH=2,WEEK_OF_YEAR=12,WEEK_OF_MONTH=4,DAY_OF_MONTH=21,DAY_OF_YEAR=80,DAY_OF_WEEK=4,DAY_OF_WEEK_IN_MONTH=3,AM_PM=1,HOUR=7,HOUR_OF_DAY=19,MINUTE=33,SECOND=16,MILLISECOND=739,ZONE_OFFSET=0,DST_OFFSET=0], message=null}
19:33:16.742 [main] DEBUG org.hibernate.SQL - insert into LogEntries (logCode, message, primaryUser, secondaryUser, time, id) values (?, ?, ?, ?, ?, ?)
Hibernate: insert into LogEntries (logCode, message, primaryUser, secondaryUser, time, id) values (?, ?, ?, ?, ?, ?)
19:33:16.743 [main] DEBUG o.h.e.j.internal.JdbcCoordinatorImpl - HHH000420: Closing un-released batch
19:33:16.744 [main] DEBUG o.h.e.t.internal.TransactionImpl - begin
19:33:16.745 [main] DEBUG org.hibernate.SQL - select next_val as id_val from hibernate_sequence for update
Hibernate: select next_val as id_val from hibernate_sequence for update
19:33:16.745 [main] DEBUG org.hibernate.SQL - update hibernate_sequence set next_val= ? where next_val=?
Hibernate: update hibernate_sequence set next_val= ? where next_val=?
19:33:16.746 [main] DEBUG o.h.e.i.AbstractSaveEventListener - Generated identifier: 489, using strategy: org.hibernate.id.enhanced.SequenceStyleGenerator
19:33:16.746 [main] DEBUG o.h.e.t.internal.TransactionImpl - committing
19:33:16.746 [main] DEBUG o.h.e.i.AbstractFlushingEventListener - Processing flush-time cascades
19:33:16.746 [main] DEBUG o.h.e.i.AbstractFlushingEventListener - Dirty checking collections
19:33:16.746 [main] DEBUG o.h.e.i.AbstractFlushingEventListener - Flushed: 1 insertions, 0 updates, 0 deletions to 1 objects
19:33:16.746 [main] DEBUG o.h.e.i.AbstractFlushingEventListener - Flushed: 0 (re)creations, 0 updates, 0 removals to 0 collections
19:33:16.746 [main] DEBUG o.h.internal.util.EntityPrinter - Listing entities:
19:33:16.746 [main] DEBUG o.h.internal.util.EntityPrinter - edu.ncsu.csc.itrust2.models.persistent.LogEntry{secondaryUser=null, logCode=5, primaryUser=logapitest, id=489, time=java.util.GregorianCalendar[time=1521660796744,areFieldsSet=true,areAllFieldsSet=true,lenient=true,zone=sun.util.calendar.ZoneInfo[id="Etc/UTC",offset=0,dstSavings=0,useDaylight=false,transitions=0,lastRule=null],firstDayOfWeek=1,minimalDaysInFirstWeek=1,ERA=1,YEAR=2018,MONTH=2,WEEK_OF_YEAR=12,WEEK_OF_MONTH=4,DAY_OF_MONTH=21,DAY_OF_YEAR=80,DAY_OF_WEEK=4,DAY_OF_WEEK_IN_MONTH=3,AM_PM=1,HOUR=7,HOUR_OF_DAY=19,MINUTE=33,SECOND=16,MILLISECOND=744,ZONE_OFFSET=0,DST_OFFSET=0], message=null}
19:33:16.747 [main] DEBUG org.hibernate.SQL - insert into LogEntries (logCode, message, primaryUser, secondaryUser, time, id) values (?, ?, ?, ?, ?, ?)
Hibernate: insert into LogEntries (logCode, message, primaryUser, secondaryUser, time, id) values (?, ?, ?, ?, ?, ?)
19:33:16.748 [main] DEBUG o.h.e.j.internal.JdbcCoordinatorImpl - HHH000420: Closing un-released batch
19:33:16.748 [main] DEBUG o.h.e.t.internal.TransactionImpl - begin
19:33:16.749 [main] DEBUG org.hibernate.SQL - select next_val as id_val from hibernate_sequence for update
Hibernate: select next_val as id_val from hibernate_sequence for update
19:33:16.749 [main] DEBUG org.hibernate.SQL - update hibernate_sequence set next_val= ? where next_val=?
Hibernate: update hibernate_sequence set next_val= ? where next_val=?
19:33:16.750 [main] DEBUG o.h.e.i.AbstractSaveEventListener - Generated identifier: 490, using strategy: org.hibernate.id.enhanced.SequenceStyleGenerator
19:33:16.751 [main] DEBUG o.h.e.t.internal.TransactionImpl - committing
19:33:16.751 [main] DEBUG o.h.e.i.AbstractFlushingEventListener - Processing flush-time cascades
19:33:16.751 [main] DEBUG o.h.e.i.AbstractFlushingEventListener - Dirty checking collections
19:33:16.751 [main] DEBUG o.h.e.i.AbstractFlushingEventListener - Flushed: 1 insertions, 0 updates, 0 deletions to 1 objects
19:33:16.751 [main] DEBUG o.h.e.i.AbstractFlushingEventListener - Flushed: 0 (re)creations, 0 updates, 0 removals to 0 collections
19:33:16.751 [main] DEBUG o.h.internal.util.EntityPrinter - Listing entities:
19:33:16.751 [main] DEBUG o.h.internal.util.EntityPrinter - edu.ncsu.csc.itrust2.models.persistent.LogEntry{secondaryUser=null, logCode=5, primaryUser=logapitest, id=490, time=java.util.GregorianCalendar[time=1521660796748,areFieldsSet=true,areAllFieldsSet=true,lenient=true,zone=sun.util.calendar.ZoneInfo[id="Etc/UTC",offset=0,dstSavings=0,useDaylight=false,transitions=0,lastRule=null],firstDayOfWeek=1,minimalDaysInFirstWeek=1,ERA=1,YEAR=2018,MONTH=2,WEEK_OF_YEAR=12,WEEK_OF_MONTH=4,DAY_OF_MONTH=21,DAY_OF_YEAR=80,DAY_OF_WEEK=4,DAY_OF_WEEK_IN_MONTH=3,AM_PM=1,HOUR=7,HOUR_OF_DAY=19,MINUTE=33,SECOND=16,MILLISECOND=748,ZONE_OFFSET=0,DST_OFFSET=0], message=null}
19:33:16.751 [main] DEBUG org.hibernate.SQL - insert into LogEntries (logCode, message, primaryUser, secondaryUser, time, id) values (?, ?, ?, ?, ?, ?)
Hibernate: insert into LogEntries (logCode, message, primaryUser, secondaryUser, time, id) values (?, ?, ?, ?, ?, ?)
19:33:16.753 [main] DEBUG o.h.e.j.internal.JdbcCoordinatorImpl - HHH000420: Closing un-released batch
19:33:16.753 [main] DEBUG o.h.e.t.internal.TransactionImpl - begin
19:33:16.754 [main] DEBUG org.hibernate.SQL - select next_val as id_val from hibernate_sequence for update
Hibernate: select next_val as id_val from hibernate_sequence for update
19:33:16.754 [main] DEBUG org.hibernate.SQL - update hibernate_sequence set next_val= ? where next_val=?
Hibernate: update hibernate_sequence set next_val= ? where next_val=?
19:33:16.755 [main] DEBUG o.h.e.i.AbstractSaveEventListener - Generated identifier: 491, using strategy: org.hibernate.id.enhanced.SequenceStyleGenerator
19:33:16.756 [main] DEBUG o.h.e.t.internal.TransactionImpl - committing
19:33:16.756 [main] DEBUG o.h.e.i.AbstractFlushingEventListener - Processing flush-time cascades
19:33:16.756 [main] DEBUG o.h.e.i.AbstractFlushingEventListener - Dirty checking collections
19:33:16.756 [main] DEBUG o.h.e.i.AbstractFlushingEventListener - Flushed: 1 insertions, 0 updates, 0 deletions to 1 objects
19:33:16.756 [main] DEBUG o.h.e.i.AbstractFlushingEventListener - Flushed: 0 (re)creations, 0 updates, 0 removals to 0 collections
19:33:16.756 [main] DEBUG o.h.internal.util.EntityPrinter - Listing entities:
19:33:16.756 [main] DEBUG o.h.internal.util.EntityPrinter - edu.ncsu.csc.itrust2.models.persistent.LogEntry{secondaryUser=null, logCode=5, primaryUser=logapitest, id=491, time=java.util.GregorianCalendar[time=1521660796753,areFieldsSet=true,areAllFieldsSet=true,lenient=true,zone=sun.util.calendar.ZoneInfo[id="Etc/UTC",offset=0,dstSavings=0,useDaylight=false,transitions=0,lastRule=null],firstDayOfWeek=1,minimalDaysInFirstWeek=1,ERA=1,YEAR=2018,MONTH=2,WEEK_OF_YEAR=12,WEEK_OF_MONTH=4,DAY_OF_MONTH=21,DAY_OF_YEAR=80,DAY_OF_WEEK=4,DAY_OF_WEEK_IN_MONTH=3,AM_PM=1,HOUR=7,HOUR_OF_DAY=19,MINUTE=33,SECOND=16,MILLISECOND=753,ZONE_OFFSET=0,DST_OFFSET=0], message=null}
19:33:16.756 [main] DEBUG org.hibernate.SQL - insert into LogEntries (logCode, message, primaryUser, secondaryUser, time, id) values (?, ?, ?, ?, ?, ?)
Hibernate: insert into LogEntries (logCode, message, primaryUser, secondaryUser, time, id) values (?, ?, ?, ?, ?, ?)
19:33:16.757 [main] DEBUG o.h.e.j.internal.JdbcCoordinatorImpl - HHH000420: Closing un-released batch
19:33:16.758 [main] DEBUG o.h.e.t.internal.TransactionImpl - begin
19:33:16.758 [main] DEBUG org.hibernate.SQL - select next_val as id_val from hibernate_sequence for update
Hibernate: select next_val as id_val from hibernate_sequence for update
19:33:16.759 [main] DEBUG org.hibernate.SQL - update hibernate_sequence set next_val= ? where next_val=?
Hibernate: update hibernate_sequence set next_val= ? where next_val=?
19:33:16.760 [main] DEBUG o.h.e.i.AbstractSaveEventListener - Generated identifier: 492, using strategy: org.hibernate.id.enhanced.SequenceStyleGenerator
19:33:16.760 [main] DEBUG o.h.e.t.internal.TransactionImpl - committing
19:33:16.760 [main] DEBUG o.h.e.i.AbstractFlushingEventListener - Processing flush-time cascades
19:33:16.760 [main] DEBUG o.h.e.i.AbstractFlushingEventListener - Dirty checking collections
19:33:16.760 [main] DEBUG o.h.e.i.AbstractFlushingEventListener - Flushed: 1 insertions, 0 updates, 0 deletions to 1 objects
19:33:16.760 [main] DEBUG o.h.e.i.AbstractFlushingEventListener - Flushed: 0 (re)creations, 0 updates, 0 removals to 0 collections
19:33:16.760 [main] DEBUG o.h.internal.util.EntityPrinter - Listing entities:
19:33:16.761 [main] DEBUG o.h.internal.util.EntityPrinter - edu.ncsu.csc.itrust2.models.persistent.LogEntry{secondaryUser=null, logCode=5, primaryUser=logapitest, id=492, time=java.util.GregorianCalendar[time=1521660796758,areFieldsSet=true,areAllFieldsSet=true,lenient=true,zone=sun.util.calendar.ZoneInfo[id="Etc/UTC",offset=0,dstSavings=0,useDaylight=false,transitions=0,lastRule=null],firstDayOfWeek=1,minimalDaysInFirstWeek=1,ERA=1,YEAR=2018,MONTH=2,WEEK_OF_YEAR=12,WEEK_OF_MONTH=4,DAY_OF_MONTH=21,DAY_OF_YEAR=80,DAY_OF_WEEK=4,DAY_OF_WEEK_IN_MONTH=3,AM_PM=1,HOUR=7,HOUR_OF_DAY=19,MINUTE=33,SECOND=16,MILLISECOND=758,ZONE_OFFSET=0,DST_OFFSET=0], message=null}
19:33:16.761 [main] DEBUG org.hibernate.SQL - insert into LogEntries (logCode, message, primaryUser, secondaryUser, time, id) values (?, ?, ?, ?, ?, ?)
Hibernate: insert into LogEntries (logCode, message, primaryUser, secondaryUser, time, id) values (?, ?, ?, ?, ?, ?)
19:33:16.762 [main] DEBUG o.h.e.j.internal.JdbcCoordinatorImpl - HHH000420: Closing un-released batch
19:33:16.763 [main] DEBUG o.h.e.t.internal.TransactionImpl - begin
19:33:16.763 [main] DEBUG org.hibernate.SQL - select next_val as id_val from hibernate_sequence for update
Hibernate: select next_val as id_val from hibernate_sequence for update
19:33:16.763 [main] DEBUG org.hibernate.SQL - update hibernate_sequence set next_val= ? where next_val=?
Hibernate: update hibernate_sequence set next_val= ? where next_val=?
19:33:16.764 [main] DEBUG o.h.e.i.AbstractSaveEventListener - Generated identifier: 493, using strategy: org.hibernate.id.enhanced.SequenceStyleGenerator
19:33:16.765 [main] DEBUG o.h.e.t.internal.TransactionImpl - committing
19:33:16.765 [main] DEBUG o.h.e.i.AbstractFlushingEventListener - Processing flush-time cascades
19:33:16.765 [main] DEBUG o.h.e.i.AbstractFlushingEventListener - Dirty checking collections
19:33:16.765 [main] DEBUG o.h.e.i.AbstractFlushingEventListener - Flushed: 1 insertions, 0 updates, 0 deletions to 1 objects
19:33:16.765 [main] DEBUG o.h.e.i.AbstractFlushingEventListener - Flushed: 0 (re)creations, 0 updates, 0 removals to 0 collections
19:33:16.765 [main] DEBUG o.h.internal.util.EntityPrinter - Listing entities:
19:33:16.765 [main] DEBUG o.h.internal.util.EntityPrinter - edu.ncsu.csc.itrust2.models.persistent.LogEntry{secondaryUser=null, logCode=5, primaryUser=logapitest, id=493, time=java.util.GregorianCalendar[time=1521660796762,areFieldsSet=true,areAllFieldsSet=true,lenient=true,zone=sun.util.calendar.ZoneInfo[id="Etc/UTC",offset=0,dstSavings=0,useDaylight=false,transitions=0,lastRule=null],firstDayOfWeek=1,minimalDaysInFirstWeek=1,ERA=1,YEAR=2018,MONTH=2,WEEK_OF_YEAR=12,WEEK_OF_MONTH=4,DAY_OF_MONTH=21,DAY_OF_YEAR=80,DAY_OF_WEEK=4,DAY_OF_WEEK_IN_MONTH=3,AM_PM=1,HOUR=7,HOUR_OF_DAY=19,MINUTE=33,SECOND=16,MILLISECOND=762,ZONE_OFFSET=0,DST_OFFSET=0], message=null}
19:33:16.765 [main] DEBUG org.hibernate.SQL - insert into LogEntries (logCode, message, primaryUser, secondaryUser, time, id) values (?, ?, ?, ?, ?, ?)
Hibernate: insert into LogEntries (logCode, message, primaryUser, secondaryUser, time, id) values (?, ?, ?, ?, ?, ?)
19:33:16.766 [main] DEBUG o.h.e.j.internal.JdbcCoordinatorImpl - HHH000420: Closing un-released batch
19:33:16.766 [main] DEBUG o.h.e.t.internal.TransactionImpl - begin
19:33:16.767 [main] DEBUG org.hibernate.SQL - select next_val as id_val from hibernate_sequence for update
Hibernate: select next_val as id_val from hibernate_sequence for update
19:33:16.767 [main] DEBUG org.hibernate.SQL - update hibernate_sequence set next_val= ? where next_val=?
Hibernate: update hibernate_sequence set next_val= ? where next_val=?
19:33:16.768 [main] DEBUG o.h.e.i.AbstractSaveEventListener - Generated identifier: 494, using strategy: org.hibernate.id.enhanced.SequenceStyleGenerator
19:33:16.769 [main] DEBUG o.h.e.t.internal.TransactionImpl - committing
19:33:16.769 [main] DEBUG o.h.e.i.AbstractFlushingEventListener - Processing flush-time cascades
19:33:16.769 [main] DEBUG o.h.e.i.AbstractFlushingEventListener - Dirty checking collections
19:33:16.769 [main] DEBUG o.h.e.i.AbstractFlushingEventListener - Flushed: 1 insertions, 0 updates, 0 deletions to 1 objects
19:33:16.769 [main] DEBUG o.h.e.i.AbstractFlushingEventListener - Flushed: 0 (re)creations, 0 updates, 0 removals to 0 collections
19:33:16.769 [main] DEBUG o.h.internal.util.EntityPrinter - Listing entities:
19:33:16.769 [main] DEBUG o.h.internal.util.EntityPrinter - edu.ncsu.csc.itrust2.models.persistent.LogEntry{secondaryUser=null, logCode=5, primaryUser=logapitest, id=494, time=java.util.GregorianCalendar[time=1521660796766,areFieldsSet=true,areAllFieldsSet=true,lenient=true,zone=sun.util.calendar.ZoneInfo[id="Etc/UTC",offset=0,dstSavings=0,useDaylight=false,transitions=0,lastRule=null],firstDayOfWeek=1,minimalDaysInFirstWeek=1,ERA=1,YEAR=2018,MONTH=2,WEEK_OF_YEAR=12,WEEK_OF_MONTH=4,DAY_OF_MONTH=21,DAY_OF_YEAR=80,DAY_OF_WEEK=4,DAY_OF_WEEK_IN_MONTH=3,AM_PM=1,HOUR=7,HOUR_OF_DAY=19,MINUTE=33,SECOND=16,MILLISECOND=766,ZONE_OFFSET=0,DST_OFFSET=0], message=null}
19:33:16.770 [main] DEBUG org.hibernate.SQL - insert into LogEntries (logCode, message, primaryUser, secondaryUser, time, id) values (?, ?, ?, ?, ?, ?)
Hibernate: insert into LogEntries (logCode, message, primaryUser, secondaryUser, time, id) values (?, ?, ?, ?, ?, ?)
19:33:16.771 [main] DEBUG o.h.e.j.internal.JdbcCoordinatorImpl - HHH000420: Closing un-released batch
19:33:16.771 [main] DEBUG o.h.e.t.internal.TransactionImpl - begin
19:33:16.771 [main] DEBUG org.hibernate.SQL - select next_val as id_val from hibernate_sequence for update
Hibernate: select next_val as id_val from hibernate_sequence for update
19:33:16.772 [main] DEBUG org.hibernate.SQL - update hibernate_sequence set next_val= ? where next_val=?
Hibernate: update hibernate_sequence set next_val= ? where next_val=?
19:33:16.773 [main] DEBUG o.h.e.i.AbstractSaveEventListener - Generated identifier: 495, using strategy: org.hibernate.id.enhanced.SequenceStyleGenerator
19:33:16.773 [main] DEBUG o.h.e.t.internal.TransactionImpl - committing
19:33:16.773 [main] DEBUG o.h.e.i.AbstractFlushingEventListener - Processing flush-time cascades
19:33:16.773 [main] DEBUG o.h.e.i.AbstractFlushingEventListener - Dirty checking collections
19:33:16.773 [main] DEBUG o.h.e.i.AbstractFlushingEventListener - Flushed: 1 insertions, 0 updates, 0 deletions to 1 objects
19:33:16.773 [main] DEBUG o.h.e.i.AbstractFlushingEventListener - Flushed: 0 (re)creations, 0 updates, 0 removals to 0 collections
19:33:16.773 [main] DEBUG o.h.internal.util.EntityPrinter - Listing entities:
19:33:16.773 [main] DEBUG o.h.internal.util.EntityPrinter - edu.ncsu.csc.itrust2.models.persistent.LogEntry{secondaryUser=null, logCode=5, primaryUser=logapitest, id=495, time=java.util.GregorianCalendar[time=1521660796771,areFieldsSet=true,areAllFieldsSet=true,lenient=true,zone=sun.util.calendar.ZoneInfo[id="Etc/UTC",offset=0,dstSavings=0,useDaylight=false,transitions=0,lastRule=null],firstDayOfWeek=1,minimalDaysInFirstWeek=1,ERA=1,YEAR=2018,MONTH=2,WEEK_OF_YEAR=12,WEEK_OF_MONTH=4,DAY_OF_MONTH=21,DAY_OF_YEAR=80,DAY_OF_WEEK=4,DAY_OF_WEEK_IN_MONTH=3,AM_PM=1,HOUR=7,HOUR_OF_DAY=19,MINUTE=33,SECOND=16,MILLISECOND=771,ZONE_OFFSET=0,DST_OFFSET=0], message=null}
19:33:16.774 [main] DEBUG org.hibernate.SQL - insert into LogEntries (logCode, message, primaryUser, secondaryUser, time, id) values (?, ?, ?, ?, ?, ?)
Hibernate: insert into LogEntries (logCode, message, primaryUser, secondaryUser, time, id) values (?, ?, ?, ?, ?, ?)
19:33:16.775 [main] DEBUG o.h.e.j.internal.JdbcCoordinatorImpl - HHH000420: Closing un-released batch
19:33:16.775 [main] DEBUG o.h.e.t.internal.TransactionImpl - begin
19:33:16.776 [main] DEBUG org.hibernate.SQL - select next_val as id_val from hibernate_sequence for update
Hibernate: select next_val as id_val from hibernate_sequence for update
19:33:16.776 [main] DEBUG org.hibernate.SQL - update hibernate_sequence set next_val= ? where next_val=?
Hibernate: update hibernate_sequence set next_val= ? where next_val=?
19:33:16.777 [main] DEBUG o.h.e.i.AbstractSaveEventListener - Generated identifier: 496, using strategy: org.hibernate.id.enhanced.SequenceStyleGenerator
19:33:16.778 [main] DEBUG o.h.e.t.internal.TransactionImpl - committing
19:33:16.778 [main] DEBUG o.h.e.i.AbstractFlushingEventListener - Processing flush-time cascades
19:33:16.778 [main] DEBUG o.h.e.i.AbstractFlushingEventListener - Dirty checking collections
19:33:16.778 [main] DEBUG o.h.e.i.AbstractFlushingEventListener - Flushed: 1 insertions, 0 updates, 0 deletions to 1 objects
19:33:16.778 [main] DEBUG o.h.e.i.AbstractFlushingEventListener - Flushed: 0 (re)creations, 0 updates, 0 removals to 0 collections
19:33:16.778 [main] DEBUG o.h.internal.util.EntityPrinter - Listing entities:
19:33:16.778 [main] DEBUG o.h.internal.util.EntityPrinter - edu.ncsu.csc.itrust2.models.persistent.LogEntry{secondaryUser=null, logCode=5, primaryUser=logapitest, id=496, time=java.util.GregorianCalendar[time=1521660796775,areFieldsSet=true,areAllFieldsSet=true,lenient=true,zone=sun.util.calendar.ZoneInfo[id="Etc/UTC",offset=0,dstSavings=0,useDaylight=false,transitions=0,lastRule=null],firstDayOfWeek=1,minimalDaysInFirstWeek=1,ERA=1,YEAR=2018,MONTH=2,WEEK_OF_YEAR=12,WEEK_OF_MONTH=4,DAY_OF_MONTH=21,DAY_OF_YEAR=80,DAY_OF_WEEK=4,DAY_OF_WEEK_IN_MONTH=3,AM_PM=1,HOUR=7,HOUR_OF_DAY=19,MINUTE=33,SECOND=16,MILLISECOND=775,ZONE_OFFSET=0,DST_OFFSET=0], message=null}
19:33:16.778 [main] DEBUG org.hibernate.SQL - insert into LogEntries (logCode, message, primaryUser, secondaryUser, time, id) values (?, ?, ?, ?, ?, ?)
Hibernate: insert into LogEntries (logCode, message, primaryUser, secondaryUser, time, id) values (?, ?, ?, ?, ?, ?)
19:33:16.780 [main] DEBUG o.h.e.j.internal.JdbcCoordinatorImpl - HHH000420: Closing un-released batch
19:33:16.780 [main] DEBUG o.h.e.t.internal.TransactionImpl - begin
19:33:16.780 [main] DEBUG org.hibernate.SQL - select next_val as id_val from hibernate_sequence for update
Hibernate: select next_val as id_val from hibernate_sequence for update
19:33:16.781 [main] DEBUG org.hibernate.SQL - update hibernate_sequence set next_val= ? where next_val=?
Hibernate: update hibernate_sequence set next_val= ? where next_val=?
19:33:16.782 [main] DEBUG o.h.e.i.AbstractSaveEventListener - Generated identifier: 497, using strategy: org.hibernate.id.enhanced.SequenceStyleGenerator
19:33:16.782 [main] DEBUG o.h.e.t.internal.TransactionImpl - committing
19:33:16.782 [main] DEBUG o.h.e.i.AbstractFlushingEventListener - Processing flush-time cascades
19:33:16.782 [main] DEBUG o.h.e.i.AbstractFlushingEventListener - Dirty checking collections
19:33:16.782 [main] DEBUG o.h.e.i.AbstractFlushingEventListener - Flushed: 1 insertions, 0 updates, 0 deletions to 1 objects
19:33:16.782 [main] DEBUG o.h.e.i.AbstractFlushingEventListener - Flushed: 0 (re)creations, 0 updates, 0 removals to 0 collections
19:33:16.782 [main] DEBUG o.h.internal.util.EntityPrinter - Listing entities:
19:33:16.782 [main] DEBUG o.h.internal.util.EntityPrinter - edu.ncsu.csc.itrust2.models.persistent.LogEntry{secondaryUser=null, logCode=5, primaryUser=logapitest, id=497, time=java.util.GregorianCalendar[time=1521660796780,areFieldsSet=true,areAllFieldsSet=true,lenient=true,zone=sun.util.calendar.ZoneInfo[id="Etc/UTC",offset=0,dstSavings=0,useDaylight=false,transitions=0,lastRule=null],firstDayOfWeek=1,minimalDaysInFirstWeek=1,ERA=1,YEAR=2018,MONTH=2,WEEK_OF_YEAR=12,WEEK_OF_MONTH=4,DAY_OF_MONTH=21,DAY_OF_YEAR=80,DAY_OF_WEEK=4,DAY_OF_WEEK_IN_MONTH=3,AM_PM=1,HOUR=7,HOUR_OF_DAY=19,MINUTE=33,SECOND=16,MILLISECOND=780,ZONE_OFFSET=0,DST_OFFSET=0], message=null}
19:33:16.783 [main] DEBUG org.hibernate.SQL - insert into LogEntries (logCode, message, primaryUser, secondaryUser, time, id) values (?, ?, ?, ?, ?, ?)
Hibernate: insert into LogEntries (logCode, message, primaryUser, secondaryUser, time, id) values (?, ?, ?, ?, ?, ?)
19:33:16.784 [main] DEBUG o.h.e.j.internal.JdbcCoordinatorImpl - HHH000420: Closing un-released batch
19:33:16.784 [main] DEBUG o.h.e.t.internal.TransactionImpl - begin
19:33:16.785 [main] DEBUG org.hibernate.SQL - select next_val as id_val from hibernate_sequence for update
Hibernate: select next_val as id_val from hibernate_sequence for update
19:33:16.785 [main] DEBUG org.hibernate.SQL - update hibernate_sequence set next_val= ? where next_val=?
Hibernate: update hibernate_sequence set next_val= ? where next_val=?
19:33:16.786 [main] DEBUG o.h.e.i.AbstractSaveEventListener - Generated identifier: 498, using strategy: org.hibernate.id.enhanced.SequenceStyleGenerator
19:33:16.786 [main] DEBUG o.h.e.t.internal.TransactionImpl - committing
19:33:16.786 [main] DEBUG o.h.e.i.AbstractFlushingEventListener - Processing flush-time cascades
19:33:16.786 [main] DEBUG o.h.e.i.AbstractFlushingEventListener - Dirty checking collections
19:33:16.786 [main] DEBUG o.h.e.i.AbstractFlushingEventListener - Flushed: 1 insertions, 0 updates, 0 deletions to 1 objects
19:33:16.786 [main] DEBUG o.h.e.i.AbstractFlushingEventListener - Flushed: 0 (re)creations, 0 updates, 0 removals to 0 collections
19:33:16.786 [main] DEBUG o.h.internal.util.EntityPrinter - Listing entities:
19:33:16.786 [main] DEBUG o.h.internal.util.EntityPrinter - edu.ncsu.csc.itrust2.models.persistent.LogEntry{secondaryUser=null, logCode=5, primaryUser=logapitest, id=498, time=java.util.GregorianCalendar[time=1521660796784,areFieldsSet=true,areAllFieldsSet=true,lenient=true,zone=sun.util.calendar.ZoneInfo[id="Etc/UTC",offset=0,dstSavings=0,useDaylight=false,transitions=0,lastRule=null],firstDayOfWeek=1,minimalDaysInFirstWeek=1,ERA=1,YEAR=2018,MONTH=2,WEEK_OF_YEAR=12,WEEK_OF_MONTH=4,DAY_OF_MONTH=21,DAY_OF_YEAR=80,DAY_OF_WEEK=4,DAY_OF_WEEK_IN_MONTH=3,AM_PM=1,HOUR=7,HOUR_OF_DAY=19,MINUTE=33,SECOND=16,MILLISECOND=784,ZONE_OFFSET=0,DST_OFFSET=0], message=null}
19:33:16.787 [main] DEBUG org.hibernate.SQL - insert into LogEntries (logCode, message, primaryUser, secondaryUser, time, id) values (?, ?, ?, ?, ?, ?)
Hibernate: insert into LogEntries (logCode, message, primaryUser, secondaryUser, time, id) values (?, ?, ?, ?, ?, ?)
19:33:16.788 [main] DEBUG o.h.e.j.internal.JdbcCoordinatorImpl - HHH000420: Closing un-released batch
19:33:16.788 [main] DEBUG o.h.e.t.internal.TransactionImpl - begin
19:33:16.789 [main] DEBUG org.hibernate.SQL - select next_val as id_val from hibernate_sequence for update
Hibernate: select next_val as id_val from hibernate_sequence for update
19:33:16.790 [main] DEBUG org.hibernate.SQL - update hibernate_sequence set next_val= ? where next_val=?
Hibernate: update hibernate_sequence set next_val= ? where next_val=?
19:33:16.790 [main] DEBUG o.h.e.i.AbstractSaveEventListener - Generated identifier: 499, using strategy: org.hibernate.id.enhanced.SequenceStyleGenerator
19:33:16.791 [main] DEBUG o.h.e.t.internal.TransactionImpl - committing
19:33:16.791 [main] DEBUG o.h.e.i.AbstractFlushingEventListener - Processing flush-time cascades
19:33:16.791 [main] DEBUG o.h.e.i.AbstractFlushingEventListener - Dirty checking collections
19:33:16.791 [main] DEBUG o.h.e.i.AbstractFlushingEventListener - Flushed: 1 insertions, 0 updates, 0 deletions to 1 objects
19:33:16.791 [main] DEBUG o.h.e.i.AbstractFlushingEventListener - Flushed: 0 (re)creations, 0 updates, 0 removals to 0 collections
19:33:16.791 [main] DEBUG o.h.internal.util.EntityPrinter - Listing entities:
19:33:16.791 [main] DEBUG o.h.internal.util.EntityPrinter - edu.ncsu.csc.itrust2.models.persistent.LogEntry{secondaryUser=null, logCode=5, primaryUser=logapitest, id=499, time=java.util.GregorianCalendar[time=1521660796788,areFieldsSet=true,areAllFieldsSet=true,lenient=true,zone=sun.util.calendar.ZoneInfo[id="Etc/UTC",offset=0,dstSavings=0,useDaylight=false,transitions=0,lastRule=null],firstDayOfWeek=1,minimalDaysInFirstWeek=1,ERA=1,YEAR=2018,MONTH=2,WEEK_OF_YEAR=12,WEEK_OF_MONTH=4,DAY_OF_MONTH=21,DAY_OF_YEAR=80,DAY_OF_WEEK=4,DAY_OF_WEEK_IN_MONTH=3,AM_PM=1,HOUR=7,HOUR_OF_DAY=19,MINUTE=33,SECOND=16,MILLISECOND=788,ZONE_OFFSET=0,DST_OFFSET=0], message=null}
19:33:16.791 [main] DEBUG org.hibernate.SQL - insert into LogEntries (logCode, message, primaryUser, secondaryUser, time, id) values (?, ?, ?, ?, ?, ?)
Hibernate: insert into LogEntries (logCode, message, primaryUser, secondaryUser, time, id) values (?, ?, ?, ?, ?, ?)
19:33:16.792 [main] DEBUG o.h.e.j.internal.JdbcCoordinatorImpl - HHH000420: Closing un-released batch
19:33:16.793 [main] DEBUG o.h.e.t.internal.TransactionImpl - begin
19:33:16.793 [main] DEBUG org.hibernate.SQL - select next_val as id_val from hibernate_sequence for update
Hibernate: select next_val as id_val from hibernate_sequence for update
19:33:16.793 [main] DEBUG org.hibernate.SQL - update hibernate_sequence set next_val= ? where next_val=?
Hibernate: update hibernate_sequence set next_val= ? where next_val=?
19:33:16.794 [main] DEBUG o.h.e.i.AbstractSaveEventListener - Generated identifier: 500, using strategy: org.hibernate.id.enhanced.SequenceStyleGenerator
19:33:16.794 [main] DEBUG o.h.e.t.internal.TransactionImpl - committing
19:33:16.794 [main] DEBUG o.h.e.i.AbstractFlushingEventListener - Processing flush-time cascades
19:33:16.795 [main] DEBUG o.h.e.i.AbstractFlushingEventListener - Dirty checking collections
19:33:16.795 [main] DEBUG o.h.e.i.AbstractFlushingEventListener - Flushed: 1 insertions, 0 updates, 0 deletions to 1 objects
19:33:16.795 [main] DEBUG o.h.e.i.AbstractFlushingEventListener - Flushed: 0 (re)creations, 0 updates, 0 removals to 0 collections
19:33:16.795 [main] DEBUG o.h.internal.util.EntityPrinter - Listing entities:
19:33:16.795 [main] DEBUG o.h.internal.util.EntityPrinter - edu.ncsu.csc.itrust2.models.persistent.LogEntry{secondaryUser=null, logCode=5, primaryUser=logapitest, id=500, time=java.util.GregorianCalendar[time=1521660796793,areFieldsSet=true,areAllFieldsSet=true,lenient=true,zone=sun.util.calendar.ZoneInfo[id="Etc/UTC",offset=0,dstSavings=0,useDaylight=false,transitions=0,lastRule=null],firstDayOfWeek=1,minimalDaysInFirstWeek=1,ERA=1,YEAR=2018,MONTH=2,WEEK_OF_YEAR=12,WEEK_OF_MONTH=4,DAY_OF_MONTH=21,DAY_OF_YEAR=80,DAY_OF_WEEK=4,DAY_OF_WEEK_IN_MONTH=3,AM_PM=1,HOUR=7,HOUR_OF_DAY=19,MINUTE=33,SECOND=16,MILLISECOND=793,ZONE_OFFSET=0,DST_OFFSET=0], message=null}
19:33:16.795 [main] DEBUG org.hibernate.SQL - insert into LogEntries (logCode, message, primaryUser, secondaryUser, time, id) values (?, ?, ?, ?, ?, ?)
Hibernate: insert into LogEntries (logCode, message, primaryUser, secondaryUser, time, id) values (?, ?, ?, ?, ?, ?)
19:33:16.796 [main] DEBUG o.h.e.j.internal.JdbcCoordinatorImpl - HHH000420: Closing un-released batch
19:33:16.797 [main] DEBUG o.h.e.t.internal.TransactionImpl - begin
19:33:16.797 [main] DEBUG org.hibernate.SQL - select next_val as id_val from hibernate_sequence for update
Hibernate: select next_val as id_val from hibernate_sequence for update
19:33:16.797 [main] DEBUG org.hibernate.SQL - update hibernate_sequence set next_val= ? where next_val=?
Hibernate: update hibernate_sequence set next_val= ? where next_val=?
19:33:16.798 [main] DEBUG o.h.e.i.AbstractSaveEventListener - Generated identifier: 501, using strategy: org.hibernate.id.enhanced.SequenceStyleGenerator
19:33:16.798 [main] DEBUG o.h.e.t.internal.TransactionImpl - committing
19:33:16.798 [main] DEBUG o.h.e.i.AbstractFlushingEventListener - Processing flush-time cascades
19:33:16.798 [main] DEBUG o.h.e.i.AbstractFlushingEventListener - Dirty checking collections
19:33:16.799 [main] DEBUG o.h.e.i.AbstractFlushingEventListener - Flushed: 1 insertions, 0 updates, 0 deletions to 1 objects
19:33:16.799 [main] DEBUG o.h.e.i.AbstractFlushingEventListener - Flushed: 0 (re)creations, 0 updates, 0 removals to 0 collections
19:33:16.799 [main] DEBUG o.h.internal.util.EntityPrinter - Listing entities:
19:33:16.799 [main] DEBUG o.h.internal.util.EntityPrinter - edu.ncsu.csc.itrust2.models.persistent.LogEntry{secondaryUser=null, logCode=5, primaryUser=logapitest, id=501, time=java.util.GregorianCalendar[time=1521660796797,areFieldsSet=true,areAllFieldsSet=true,lenient=true,zone=sun.util.calendar.ZoneInfo[id="Etc/UTC",offset=0,dstSavings=0,useDaylight=false,transitions=0,lastRule=null],firstDayOfWeek=1,minimalDaysInFirstWeek=1,ERA=1,YEAR=2018,MONTH=2,WEEK_OF_YEAR=12,WEEK_OF_MONTH=4,DAY_OF_MONTH=21,DAY_OF_YEAR=80,DAY_OF_WEEK=4,DAY_OF_WEEK_IN_MONTH=3,AM_PM=1,HOUR=7,HOUR_OF_DAY=19,MINUTE=33,SECOND=16,MILLISECOND=797,ZONE_OFFSET=0,DST_OFFSET=0], message=null}
19:33:16.799 [main] DEBUG org.hibernate.SQL - insert into LogEntries (logCode, message, primaryUser, secondaryUser, time, id) values (?, ?, ?, ?, ?, ?)
Hibernate: insert into LogEntries (logCode, message, primaryUser, secondaryUser, time, id) values (?, ?, ?, ?, ?, ?)
19:33:16.801 [main] DEBUG o.h.e.j.internal.JdbcCoordinatorImpl - HHH000420: Closing un-released batch
19:33:16.802 [main] DEBUG o.h.e.t.internal.TransactionImpl - begin
19:33:16.802 [main] DEBUG org.hibernate.SQL - select next_val as id_val from hibernate_sequence for update
Hibernate: select next_val as id_val from hibernate_sequence for update
19:33:16.803 [main] DEBUG org.hibernate.SQL - update hibernate_sequence set next_val= ? where next_val=?
Hibernate: update hibernate_sequence set next_val= ? where next_val=?
19:33:16.804 [main] DEBUG o.h.e.i.AbstractSaveEventListener - Generated identifier: 502, using strategy: org.hibernate.id.enhanced.SequenceStyleGenerator
19:33:16.804 [main] DEBUG o.h.e.t.internal.TransactionImpl - committing
19:33:16.804 [main] DEBUG o.h.e.i.AbstractFlushingEventListener - Processing flush-time cascades
19:33:16.804 [main] DEBUG o.h.e.i.AbstractFlushingEventListener - Dirty checking collections
19:33:16.804 [main] DEBUG o.h.e.i.AbstractFlushingEventListener - Flushed: 1 insertions, 0 updates, 0 deletions to 1 objects
19:33:16.804 [main] DEBUG o.h.e.i.AbstractFlushingEventListener - Flushed: 0 (re)creations, 0 updates, 0 removals to 0 collections
19:33:16.804 [main] DEBUG o.h.internal.util.EntityPrinter - Listing entities:
19:33:16.804 [main] DEBUG o.h.internal.util.EntityPrinter - edu.ncsu.csc.itrust2.models.persistent.LogEntry{secondaryUser=null, logCode=5, primaryUser=logapitest, id=502, time=java.util.GregorianCalendar[time=1521660796802,areFieldsSet=true,areAllFieldsSet=true,lenient=true,zone=sun.util.calendar.ZoneInfo[id="Etc/UTC",offset=0,dstSavings=0,useDaylight=false,transitions=0,lastRule=null],firstDayOfWeek=1,minimalDaysInFirstWeek=1,ERA=1,YEAR=2018,MONTH=2,WEEK_OF_YEAR=12,WEEK_OF_MONTH=4,DAY_OF_MONTH=21,DAY_OF_YEAR=80,DAY_OF_WEEK=4,DAY_OF_WEEK_IN_MONTH=3,AM_PM=1,HOUR=7,HOUR_OF_DAY=19,MINUTE=33,SECOND=16,MILLISECOND=802,ZONE_OFFSET=0,DST_OFFSET=0], message=null}
19:33:16.805 [main] DEBUG org.hibernate.SQL - insert into LogEntries (logCode, message, primaryUser, secondaryUser, time, id) values (?, ?, ?, ?, ?, ?)
Hibernate: insert into LogEntries (logCode, message, primaryUser, secondaryUser, time, id) values (?, ?, ?, ?, ?, ?)
19:33:16.806 [main] DEBUG o.h.e.j.internal.JdbcCoordinatorImpl - HHH000420: Closing un-released batch
19:33:16.806 [main] DEBUG o.h.e.t.internal.TransactionImpl - begin
19:33:16.806 [main] DEBUG org.hibernate.SQL - select next_val as id_val from hibernate_sequence for update
Hibernate: select next_val as id_val from hibernate_sequence for update
19:33:16.807 [main] DEBUG org.hibernate.SQL - update hibernate_sequence set next_val= ? where next_val=?
Hibernate: update hibernate_sequence set next_val= ? where next_val=?
19:33:16.808 [main] DEBUG o.h.e.i.AbstractSaveEventListener - Generated identifier: 503, using strategy: org.hibernate.id.enhanced.SequenceStyleGenerator
19:33:16.808 [main] DEBUG o.h.e.t.internal.TransactionImpl - committing
19:33:16.808 [main] DEBUG o.h.e.i.AbstractFlushingEventListener - Processing flush-time cascades
19:33:16.808 [main] DEBUG o.h.e.i.AbstractFlushingEventListener - Dirty checking collections
19:33:16.809 [main] DEBUG o.h.e.i.AbstractFlushingEventListener - Flushed: 1 insertions, 0 updates, 0 deletions to 1 objects
19:33:16.809 [main] DEBUG o.h.e.i.AbstractFlushingEventListener - Flushed: 0 (re)creations, 0 updates, 0 removals to 0 collections
19:33:16.809 [main] DEBUG o.h.internal.util.EntityPrinter - Listing entities:
19:33:16.809 [main] DEBUG o.h.internal.util.EntityPrinter - edu.ncsu.csc.itrust2.models.persistent.LogEntry{secondaryUser=null, logCode=5, primaryUser=logapitest, id=503, time=java.util.GregorianCalendar[time=1521660796806,areFieldsSet=true,areAllFieldsSet=true,lenient=true,zone=sun.util.calendar.ZoneInfo[id="Etc/UTC",offset=0,dstSavings=0,useDaylight=false,transitions=0,lastRule=null],firstDayOfWeek=1,minimalDaysInFirstWeek=1,ERA=1,YEAR=2018,MONTH=2,WEEK_OF_YEAR=12,WEEK_OF_MONTH=4,DAY_OF_MONTH=21,DAY_OF_YEAR=80,DAY_OF_WEEK=4,DAY_OF_WEEK_IN_MONTH=3,AM_PM=1,HOUR=7,HOUR_OF_DAY=19,MINUTE=33,SECOND=16,MILLISECOND=806,ZONE_OFFSET=0,DST_OFFSET=0], message=null}
19:33:16.809 [main] DEBUG org.hibernate.SQL - insert into LogEntries (logCode, message, primaryUser, secondaryUser, time, id) values (?, ?, ?, ?, ?, ?)
Hibernate: insert into LogEntries (logCode, message, primaryUser, secondaryUser, time, id) values (?, ?, ?, ?, ?, ?)
19:33:16.810 [main] DEBUG o.h.e.j.internal.JdbcCoordinatorImpl - HHH000420: Closing un-released batch
19:33:16.810 [main] DEBUG o.h.e.t.internal.TransactionImpl - begin
19:33:16.811 [main] DEBUG org.hibernate.SQL - select next_val as id_val from hibernate_sequence for update
Hibernate: select next_val as id_val from hibernate_sequence for update
19:33:16.811 [main] DEBUG org.hibernate.SQL - update hibernate_sequence set next_val= ? where next_val=?
Hibernate: update hibernate_sequence set next_val= ? where next_val=?
19:33:16.812 [main] DEBUG o.h.e.i.AbstractSaveEventListener - Generated identifier: 504, using strategy: org.hibernate.id.enhanced.SequenceStyleGenerator
19:33:16.812 [main] DEBUG o.h.e.t.internal.TransactionImpl - committing
19:33:16.813 [main] DEBUG o.h.e.i.AbstractFlushingEventListener - Processing flush-time cascades
19:33:16.813 [main] DEBUG o.h.e.i.AbstractFlushingEventListener - Dirty checking collections
19:33:16.813 [main] DEBUG o.h.e.i.AbstractFlushingEventListener - Flushed: 1 insertions, 0 updates, 0 deletions to 1 objects
19:33:16.813 [main] DEBUG o.h.e.i.AbstractFlushingEventListener - Flushed: 0 (re)creations, 0 updates, 0 removals to 0 collections
19:33:16.813 [main] DEBUG o.h.internal.util.EntityPrinter - Listing entities:
19:33:16.813 [main] DEBUG o.h.internal.util.EntityPrinter - edu.ncsu.csc.itrust2.models.persistent.LogEntry{secondaryUser=null, logCode=5, primaryUser=logapitest, id=504, time=java.util.GregorianCalendar[time=1521660796810,areFieldsSet=true,areAllFieldsSet=true,lenient=true,zone=sun.util.calendar.ZoneInfo[id="Etc/UTC",offset=0,dstSavings=0,useDaylight=false,transitions=0,lastRule=null],firstDayOfWeek=1,minimalDaysInFirstWeek=1,ERA=1,YEAR=2018,MONTH=2,WEEK_OF_YEAR=12,WEEK_OF_MONTH=4,DAY_OF_MONTH=21,DAY_OF_YEAR=80,DAY_OF_WEEK=4,DAY_OF_WEEK_IN_MONTH=3,AM_PM=1,HOUR=7,HOUR_OF_DAY=19,MINUTE=33,SECOND=16,MILLISECOND=810,ZONE_OFFSET=0,DST_OFFSET=0], message=null}
19:33:16.814 [main] DEBUG org.hibernate.SQL - insert into LogEntries (logCode, message, primaryUser, secondaryUser, time, id) values (?, ?, ?, ?, ?, ?)
Hibernate: insert into LogEntries (logCode, message, primaryUser, secondaryUser, time, id) values (?, ?, ?, ?, ?, ?)
19:33:16.817 [main] DEBUG o.h.e.j.internal.JdbcCoordinatorImpl - HHH000420: Closing un-released batch
19:33:16.817 [main] DEBUG o.h.e.t.internal.TransactionImpl - begin
19:33:16.818 [main] DEBUG org.hibernate.SQL - select next_val as id_val from hibernate_sequence for update
Hibernate: select next_val as id_val from hibernate_sequence for update
19:33:16.819 [main] DEBUG org.hibernate.SQL - update hibernate_sequence set next_val= ? where next_val=?
Hibernate: update hibernate_sequence set next_val= ? where next_val=?
19:33:16.820 [main] DEBUG o.h.e.i.AbstractSaveEventListener - Generated identifier: 505, using strategy: org.hibernate.id.enhanced.SequenceStyleGenerator
19:33:16.820 [main] DEBUG o.h.e.t.internal.TransactionImpl - committing
19:33:16.820 [main] DEBUG o.h.e.i.AbstractFlushingEventListener - Processing flush-time cascades
19:33:16.821 [main] DEBUG o.h.e.i.AbstractFlushingEventListener - Dirty checking collections
19:33:16.821 [main] DEBUG o.h.e.i.AbstractFlushingEventListener - Flushed: 1 insertions, 0 updates, 0 deletions to 1 objects
19:33:16.821 [main] DEBUG o.h.e.i.AbstractFlushingEventListener - Flushed: 0 (re)creations, 0 updates, 0 removals to 0 collections
19:33:16.821 [main] DEBUG o.h.internal.util.EntityPrinter - Listing entities:
19:33:16.821 [main] DEBUG o.h.internal.util.EntityPrinter - edu.ncsu.csc.itrust2.models.persistent.LogEntry{secondaryUser=null, logCode=5, primaryUser=logapitest, id=505, time=java.util.GregorianCalendar[time=1521660796817,areFieldsSet=true,areAllFieldsSet=true,lenient=true,zone=sun.util.calendar.ZoneInfo[id="Etc/UTC",offset=0,dstSavings=0,useDaylight=false,transitions=0,lastRule=null],firstDayOfWeek=1,minimalDaysInFirstWeek=1,ERA=1,YEAR=2018,MONTH=2,WEEK_OF_YEAR=12,WEEK_OF_MONTH=4,DAY_OF_MONTH=21,DAY_OF_YEAR=80,DAY_OF_WEEK=4,DAY_OF_WEEK_IN_MONTH=3,AM_PM=1,HOUR=7,HOUR_OF_DAY=19,MINUTE=33,SECOND=16,MILLISECOND=817,ZONE_OFFSET=0,DST_OFFSET=0], message=null}
19:33:16.822 [main] DEBUG org.hibernate.SQL - insert into LogEntries (logCode, message, primaryUser, secondaryUser, time, id) values (?, ?, ?, ?, ?, ?)
Hibernate: insert into LogEntries (logCode, message, primaryUser, secondaryUser, time, id) values (?, ?, ?, ?, ?, ?)
19:33:16.825 [main] DEBUG o.h.e.j.internal.JdbcCoordinatorImpl - HHH000420: Closing un-released batch
19:33:16.825 [main] DEBUG o.h.e.t.internal.TransactionImpl - begin
19:33:16.827 [main] DEBUG org.hibernate.SQL - select next_val as id_val from hibernate_sequence for update
Hibernate: select next_val as id_val from hibernate_sequence for update
19:33:16.828 [main] DEBUG org.hibernate.SQL - update hibernate_sequence set next_val= ? where next_val=?
Hibernate: update hibernate_sequence set next_val= ? where next_val=?
19:33:16.829 [main] DEBUG o.h.e.i.AbstractSaveEventListener - Generated identifier: 506, using strategy: org.hibernate.id.enhanced.SequenceStyleGenerator
19:33:16.830 [main] DEBUG o.h.e.t.internal.TransactionImpl - committing
19:33:16.830 [main] DEBUG o.h.e.i.AbstractFlushingEventListener - Processing flush-time cascades
19:33:16.831 [main] DEBUG o.h.e.i.AbstractFlushingEventListener - Dirty checking collections
19:33:16.831 [main] DEBUG o.h.e.i.AbstractFlushingEventListener - Flushed: 1 insertions, 0 updates, 0 deletions to 1 objects
19:33:16.831 [main] DEBUG o.h.e.i.AbstractFlushingEventListener - Flushed: 0 (re)creations, 0 updates, 0 removals to 0 collections
19:33:16.831 [main] DEBUG o.h.internal.util.EntityPrinter - Listing entities:
19:33:16.831 [main] DEBUG o.h.internal.util.EntityPrinter - edu.ncsu.csc.itrust2.models.persistent.LogEntry{secondaryUser=null, logCode=5, primaryUser=logapitest, id=506, time=java.util.GregorianCalendar[time=1521660796825,areFieldsSet=true,areAllFieldsSet=true,lenient=true,zone=sun.util.calendar.ZoneInfo[id="Etc/UTC",offset=0,dstSavings=0,useDaylight=false,transitions=0,lastRule=null],firstDayOfWeek=1,minimalDaysInFirstWeek=1,ERA=1,YEAR=2018,MONTH=2,WEEK_OF_YEAR=12,WEEK_OF_MONTH=4,DAY_OF_MONTH=21,DAY_OF_YEAR=80,DAY_OF_WEEK=4,DAY_OF_WEEK_IN_MONTH=3,AM_PM=1,HOUR=7,HOUR_OF_DAY=19,MINUTE=33,SECOND=16,MILLISECOND=825,ZONE_OFFSET=0,DST_OFFSET=0], message=null}
19:33:16.832 [main] DEBUG org.hibernate.SQL - insert into LogEntries (logCode, message, primaryUser, secondaryUser, time, id) values (?, ?, ?, ?, ?, ?)
Hibernate: insert into LogEntries (logCode, message, primaryUser, secondaryUser, time, id) values (?, ?, ?, ?, ?, ?)
19:33:16.834 [main] DEBUG o.h.e.j.internal.JdbcCoordinatorImpl - HHH000420: Closing un-released batch
19:33:16.835 [main] DEBUG o.h.e.t.internal.TransactionImpl - begin
19:33:16.837 [main] DEBUG org.hibernate.SQL - select next_val as id_val from hibernate_sequence for update
Hibernate: select next_val as id_val from hibernate_sequence for update
19:33:16.837 [main] DEBUG org.hibernate.SQL - update hibernate_sequence set next_val= ? where next_val=?
Hibernate: update hibernate_sequence set next_val= ? where next_val=?
19:33:16.840 [main] DEBUG o.h.e.i.AbstractSaveEventListener - Generated identifier: 507, using strategy: org.hibernate.id.enhanced.SequenceStyleGenerator
19:33:16.840 [main] DEBUG o.h.e.t.internal.TransactionImpl - committing
19:33:16.840 [main] DEBUG o.h.e.i.AbstractFlushingEventListener - Processing flush-time cascades
19:33:16.841 [main] DEBUG o.h.e.i.AbstractFlushingEventListener - Dirty checking collections
19:33:16.841 [main] DEBUG o.h.e.i.AbstractFlushingEventListener - Flushed: 1 insertions, 0 updates, 0 deletions to 1 objects
19:33:16.841 [main] DEBUG o.h.e.i.AbstractFlushingEventListener - Flushed: 0 (re)creations, 0 updates, 0 removals to 0 collections
19:33:16.841 [main] DEBUG o.h.internal.util.EntityPrinter - Listing entities:
19:33:16.841 [main] DEBUG o.h.internal.util.EntityPrinter - edu.ncsu.csc.itrust2.models.persistent.LogEntry{secondaryUser=null, logCode=5, primaryUser=logapitest, id=507, time=java.util.GregorianCalendar[time=1521660796835,areFieldsSet=true,areAllFieldsSet=true,lenient=true,zone=sun.util.calendar.ZoneInfo[id="Etc/UTC",offset=0,dstSavings=0,useDaylight=false,transitions=0,lastRule=null],firstDayOfWeek=1,minimalDaysInFirstWeek=1,ERA=1,YEAR=2018,MONTH=2,WEEK_OF_YEAR=12,WEEK_OF_MONTH=4,DAY_OF_MONTH=21,DAY_OF_YEAR=80,DAY_OF_WEEK=4,DAY_OF_WEEK_IN_MONTH=3,AM_PM=1,HOUR=7,HOUR_OF_DAY=19,MINUTE=33,SECOND=16,MILLISECOND=835,ZONE_OFFSET=0,DST_OFFSET=0], message=null}
19:33:16.842 [main] DEBUG org.hibernate.SQL - insert into LogEntries (logCode, message, primaryUser, secondaryUser, time, id) values (?, ?, ?, ?, ?, ?)
Hibernate: insert into LogEntries (logCode, message, primaryUser, secondaryUser, time, id) values (?, ?, ?, ?, ?, ?)
19:33:16.845 [main] DEBUG o.h.e.j.internal.JdbcCoordinatorImpl - HHH000420: Closing un-released batch
19:33:16.846 [main] DEBUG o.h.e.t.internal.TransactionImpl - begin
19:33:16.848 [main] DEBUG org.hibernate.SQL - select next_val as id_val from hibernate_sequence for update
Hibernate: select next_val as id_val from hibernate_sequence for update
19:33:16.848 [main] DEBUG org.hibernate.SQL - update hibernate_sequence set next_val= ? where next_val=?
Hibernate: update hibernate_sequence set next_val= ? where next_val=?
19:33:16.850 [main] DEBUG o.h.e.i.AbstractSaveEventListener - Generated identifier: 508, using strategy: org.hibernate.id.enhanced.SequenceStyleGenerator
19:33:16.851 [main] DEBUG o.h.e.t.internal.TransactionImpl - committing
19:33:16.851 [main] DEBUG o.h.e.i.AbstractFlushingEventListener - Processing flush-time cascades
19:33:16.851 [main] DEBUG o.h.e.i.AbstractFlushingEventListener - Dirty checking collections
19:33:16.852 [main] DEBUG o.h.e.i.AbstractFlushingEventListener - Flushed: 1 insertions, 0 updates, 0 deletions to 1 objects
19:33:16.852 [main] DEBUG o.h.e.i.AbstractFlushingEventListener - Flushed: 0 (re)creations, 0 updates, 0 removals to 0 collections
19:33:16.852 [main] DEBUG o.h.internal.util.EntityPrinter - Listing entities:
19:33:16.852 [main] DEBUG o.h.internal.util.EntityPrinter - edu.ncsu.csc.itrust2.models.persistent.LogEntry{secondaryUser=null, logCode=5, primaryUser=logapitest, id=508, time=java.util.GregorianCalendar[time=1521660796846,areFieldsSet=true,areAllFieldsSet=true,lenient=true,zone=sun.util.calendar.ZoneInfo[id="Etc/UTC",offset=0,dstSavings=0,useDaylight=false,transitions=0,lastRule=null],firstDayOfWeek=1,minimalDaysInFirstWeek=1,ERA=1,YEAR=2018,MONTH=2,WEEK_OF_YEAR=12,WEEK_OF_MONTH=4,DAY_OF_MONTH=21,DAY_OF_YEAR=80,DAY_OF_WEEK=4,DAY_OF_WEEK_IN_MONTH=3,AM_PM=1,HOUR=7,HOUR_OF_DAY=19,MINUTE=33,SECOND=16,MILLISECOND=846,ZONE_OFFSET=0,DST_OFFSET=0], message=null}
19:33:16.852 [main] DEBUG org.hibernate.SQL - insert into LogEntries (logCode, message, primaryUser, secondaryUser, time, id) values (?, ?, ?, ?, ?, ?)
Hibernate: insert into LogEntries (logCode, message, primaryUser, secondaryUser, time, id) values (?, ?, ?, ?, ?, ?)
19:33:16.855 [main] DEBUG o.h.e.j.internal.JdbcCoordinatorImpl - HHH000420: Closing un-released batch
19:33:16.855 [main] DEBUG o.h.e.t.internal.TransactionImpl - begin
19:33:16.857 [main] DEBUG org.hibernate.SQL - select next_val as id_val from hibernate_sequence for update
Hibernate: select next_val as id_val from hibernate_sequence for update
19:33:16.857 [main] DEBUG org.hibernate.SQL - update hibernate_sequence set next_val= ? where next_val=?
Hibernate: update hibernate_sequence set next_val= ? where next_val=?
19:33:16.859 [main] DEBUG o.h.e.i.AbstractSaveEventListener - Generated identifier: 509, using strategy: org.hibernate.id.enhanced.SequenceStyleGenerator
19:33:16.860 [main] DEBUG o.h.e.t.internal.TransactionImpl - committing
19:33:16.860 [main] DEBUG o.h.e.i.AbstractFlushingEventListener - Processing flush-time cascades
19:33:16.860 [main] DEBUG o.h.e.i.AbstractFlushingEventListener - Dirty checking collections
19:33:16.861 [main] DEBUG o.h.e.i.AbstractFlushingEventListener - Flushed: 1 insertions, 0 updates, 0 deletions to 1 objects
19:33:16.861 [main] DEBUG o.h.e.i.AbstractFlushingEventListener - Flushed: 0 (re)creations, 0 updates, 0 removals to 0 collections
19:33:16.861 [main] DEBUG o.h.internal.util.EntityPrinter - Listing entities:
19:33:16.861 [main] DEBUG o.h.internal.util.EntityPrinter - edu.ncsu.csc.itrust2.models.persistent.LogEntry{secondaryUser=null, logCode=5, primaryUser=logapitest, id=509, time=java.util.GregorianCalendar[time=1521660796855,areFieldsSet=true,areAllFieldsSet=true,lenient=true,zone=sun.util.calendar.ZoneInfo[id="Etc/UTC",offset=0,dstSavings=0,useDaylight=false,transitions=0,lastRule=null],firstDayOfWeek=1,minimalDaysInFirstWeek=1,ERA=1,YEAR=2018,MONTH=2,WEEK_OF_YEAR=12,WEEK_OF_MONTH=4,DAY_OF_MONTH=21,DAY_OF_YEAR=80,DAY_OF_WEEK=4,DAY_OF_WEEK_IN_MONTH=3,AM_PM=1,HOUR=7,HOUR_OF_DAY=19,MINUTE=33,SECOND=16,MILLISECOND=855,ZONE_OFFSET=0,DST_OFFSET=0], message=null}
19:33:16.861 [main] DEBUG org.hibernate.SQL - insert into LogEntries (logCode, message, primaryUser, secondaryUser, time, id) values (?, ?, ?, ?, ?, ?)
Hibernate: insert into LogEntries (logCode, message, primaryUser, secondaryUser, time, id) values (?, ?, ?, ?, ?, ?)
19:33:16.864 [main] DEBUG o.h.e.j.internal.JdbcCoordinatorImpl - HHH000420: Closing un-released batch
19:33:16.865 [main] DEBUG o.h.e.t.internal.TransactionImpl - begin
19:33:16.867 [main] DEBUG org.hibernate.SQL - select next_val as id_val from hibernate_sequence for update
Hibernate: select next_val as id_val from hibernate_sequence for update
19:33:16.867 [main] DEBUG org.hibernate.SQL - update hibernate_sequence set next_val= ? where next_val=?
Hibernate: update hibernate_sequence set next_val= ? where next_val=?
19:33:16.869 [main] DEBUG o.h.e.i.AbstractSaveEventListener - Generated identifier: 510, using strategy: org.hibernate.id.enhanced.SequenceStyleGenerator
19:33:16.869 [main] DEBUG o.h.e.t.internal.TransactionImpl - committing
19:33:16.870 [main] DEBUG o.h.e.i.AbstractFlushingEventListener - Processing flush-time cascades
19:33:16.870 [main] DEBUG o.h.e.i.AbstractFlushingEventListener - Dirty checking collections
19:33:16.870 [main] DEBUG o.h.e.i.AbstractFlushingEventListener - Flushed: 1 insertions, 0 updates, 0 deletions to 1 objects
19:33:16.870 [main] DEBUG o.h.e.i.AbstractFlushingEventListener - Flushed: 0 (re)creations, 0 updates, 0 removals to 0 collections
19:33:16.871 [main] DEBUG o.h.internal.util.EntityPrinter - Listing entities:
19:33:16.871 [main] DEBUG o.h.internal.util.EntityPrinter - edu.ncsu.csc.itrust2.models.persistent.LogEntry{secondaryUser=null, logCode=5, primaryUser=logapitest, id=510, time=java.util.GregorianCalendar[time=1521660796865,areFieldsSet=true,areAllFieldsSet=true,lenient=true,zone=sun.util.calendar.ZoneInfo[id="Etc/UTC",offset=0,dstSavings=0,useDaylight=false,transitions=0,lastRule=null],firstDayOfWeek=1,minimalDaysInFirstWeek=1,ERA=1,YEAR=2018,MONTH=2,WEEK_OF_YEAR=12,WEEK_OF_MONTH=4,DAY_OF_MONTH=21,DAY_OF_YEAR=80,DAY_OF_WEEK=4,DAY_OF_WEEK_IN_MONTH=3,AM_PM=1,HOUR=7,HOUR_OF_DAY=19,MINUTE=33,SECOND=16,MILLISECOND=865,ZONE_OFFSET=0,DST_OFFSET=0], message=null}
19:33:16.871 [main] DEBUG org.hibernate.SQL - insert into LogEntries (logCode, message, primaryUser, secondaryUser, time, id) values (?, ?, ?, ?, ?, ?)
Hibernate: insert into LogEntries (logCode, message, primaryUser, secondaryUser, time, id) values (?, ?, ?, ?, ?, ?)
19:33:16.874 [main] DEBUG o.h.e.j.internal.JdbcCoordinatorImpl - HHH000420: Closing un-released batch
19:33:16.874 [main] DEBUG o.h.e.t.internal.TransactionImpl - begin
19:33:16.875 [main] DEBUG org.hibernate.SQL - select next_val as id_val from hibernate_sequence for update
Hibernate: select next_val as id_val from hibernate_sequence for update
19:33:16.876 [main] DEBUG org.hibernate.SQL - update hibernate_sequence set next_val= ? where next_val=?
Hibernate: update hibernate_sequence set next_val= ? where next_val=?
19:33:16.877 [main] DEBUG o.h.e.i.AbstractSaveEventListener - Generated identifier: 511, using strategy: org.hibernate.id.enhanced.SequenceStyleGenerator
19:33:16.878 [main] DEBUG o.h.e.t.internal.TransactionImpl - committing
19:33:16.878 [main] DEBUG o.h.e.i.AbstractFlushingEventListener - Processing flush-time cascades
19:33:16.878 [main] DEBUG o.h.e.i.AbstractFlushingEventListener - Dirty checking collections
19:33:16.879 [main] DEBUG o.h.e.i.AbstractFlushingEventListener - Flushed: 1 insertions, 0 updates, 0 deletions to 1 objects
19:33:16.879 [main] DEBUG o.h.e.i.AbstractFlushingEventListener - Flushed: 0 (re)creations, 0 updates, 0 removals to 0 collections
19:33:16.879 [main] DEBUG o.h.internal.util.EntityPrinter - Listing entities:
19:33:16.880 [main] DEBUG o.h.internal.util.EntityPrinter - edu.ncsu.csc.itrust2.models.persistent.LogEntry{secondaryUser=null, logCode=5, primaryUser=logapitest, id=511, time=java.util.GregorianCalendar[time=1521660796874,areFieldsSet=true,areAllFieldsSet=true,lenient=true,zone=sun.util.calendar.ZoneInfo[id="Etc/UTC",offset=0,dstSavings=0,useDaylight=false,transitions=0,lastRule=null],firstDayOfWeek=1,minimalDaysInFirstWeek=1,ERA=1,YEAR=2018,MONTH=2,WEEK_OF_YEAR=12,WEEK_OF_MONTH=4,DAY_OF_MONTH=21,DAY_OF_YEAR=80,DAY_OF_WEEK=4,DAY_OF_WEEK_IN_MONTH=3,AM_PM=1,HOUR=7,HOUR_OF_DAY=19,MINUTE=33,SECOND=16,MILLISECOND=874,ZONE_OFFSET=0,DST_OFFSET=0], message=null}
19:33:16.880 [main] DEBUG org.hibernate.SQL - insert into LogEntries (logCode, message, primaryUser, secondaryUser, time, id) values (?, ?, ?, ?, ?, ?)
Hibernate: insert into LogEntries (logCode, message, primaryUser, secondaryUser, time, id) values (?, ?, ?, ?, ?, ?)
19:33:16.882 [main] DEBUG o.h.e.j.internal.JdbcCoordinatorImpl - HHH000420: Closing un-released batch
19:33:16.883 [main] DEBUG o.h.e.t.internal.TransactionImpl - begin
19:33:16.885 [main] DEBUG org.hibernate.SQL - select next_val as id_val from hibernate_sequence for update
Hibernate: select next_val as id_val from hibernate_sequence for update
19:33:16.886 [main] DEBUG org.hibernate.SQL - update hibernate_sequence set next_val= ? where next_val=?
Hibernate: update hibernate_sequence set next_val= ? where next_val=?
19:33:16.888 [main] DEBUG o.h.e.i.AbstractSaveEventListener - Generated identifier: 512, using strategy: org.hibernate.id.enhanced.SequenceStyleGenerator
19:33:16.888 [main] DEBUG o.h.e.t.internal.TransactionImpl - committing
19:33:16.888 [main] DEBUG o.h.e.i.AbstractFlushingEventListener - Processing flush-time cascades
19:33:16.889 [main] DEBUG o.h.e.i.AbstractFlushingEventListener - Dirty checking collections
19:33:16.889 [main] DEBUG o.h.e.i.AbstractFlushingEventListener - Flushed: 1 insertions, 0 updates, 0 deletions to 1 objects
19:33:16.889 [main] DEBUG o.h.e.i.AbstractFlushingEventListener - Flushed: 0 (re)creations, 0 updates, 0 removals to 0 collections
19:33:16.889 [main] DEBUG o.h.internal.util.EntityPrinter - Listing entities:
19:33:16.889 [main] DEBUG o.h.internal.util.EntityPrinter - edu.ncsu.csc.itrust2.models.persistent.LogEntry{secondaryUser=null, logCode=5, primaryUser=logapitest, id=512, time=java.util.GregorianCalendar[time=1521660796883,areFieldsSet=true,areAllFieldsSet=true,lenient=true,zone=sun.util.calendar.ZoneInfo[id="Etc/UTC",offset=0,dstSavings=0,useDaylight=false,transitions=0,lastRule=null],firstDayOfWeek=1,minimalDaysInFirstWeek=1,ERA=1,YEAR=2018,MONTH=2,WEEK_OF_YEAR=12,WEEK_OF_MONTH=4,DAY_OF_MONTH=21,DAY_OF_YEAR=80,DAY_OF_WEEK=4,DAY_OF_WEEK_IN_MONTH=3,AM_PM=1,HOUR=7,HOUR_OF_DAY=19,MINUTE=33,SECOND=16,MILLISECOND=883,ZONE_OFFSET=0,DST_OFFSET=0], message=null}
19:33:16.890 [main] DEBUG org.hibernate.SQL - insert into LogEntries (logCode, message, primaryUser, secondaryUser, time, id) values (?, ?, ?, ?, ?, ?)
Hibernate: insert into LogEntries (logCode, message, primaryUser, secondaryUser, time, id) values (?, ?, ?, ?, ?, ?)
19:33:16.897 [main] DEBUG o.h.e.j.internal.JdbcCoordinatorImpl - HHH000420: Closing un-released batch
19:33:16.898 [main] DEBUG o.h.e.t.internal.TransactionImpl - begin
19:33:16.899 [main] DEBUG org.hibernate.SQL - select next_val as id_val from hibernate_sequence for update
Hibernate: select next_val as id_val from hibernate_sequence for update
19:33:16.900 [main] DEBUG org.hibernate.SQL - update hibernate_sequence set next_val= ? where next_val=?
Hibernate: update hibernate_sequence set next_val= ? where next_val=?
19:33:16.903 [main] DEBUG o.h.e.i.AbstractSaveEventListener - Generated identifier: 513, using strategy: org.hibernate.id.enhanced.SequenceStyleGenerator
19:33:16.903 [main] DEBUG o.h.e.t.internal.TransactionImpl - committing
19:33:16.904 [main] DEBUG o.h.e.i.AbstractFlushingEventListener - Processing flush-time cascades
19:33:16.904 [main] DEBUG o.h.e.i.AbstractFlushingEventListener - Dirty checking collections
19:33:16.904 [main] DEBUG o.h.e.i.AbstractFlushingEventListener - Flushed: 1 insertions, 0 updates, 0 deletions to 1 objects
19:33:16.904 [main] DEBUG o.h.e.i.AbstractFlushingEventListener - Flushed: 0 (re)creations, 0 updates, 0 removals to 0 collections
19:33:16.904 [main] DEBUG o.h.internal.util.EntityPrinter - Listing entities:
19:33:16.904 [main] DEBUG o.h.internal.util.EntityPrinter - edu.ncsu.csc.itrust2.models.persistent.LogEntry{secondaryUser=null, logCode=5, primaryUser=logapitest, id=513, time=java.util.GregorianCalendar[time=1521660796898,areFieldsSet=true,areAllFieldsSet=true,lenient=true,zone=sun.util.calendar.ZoneInfo[id="Etc/UTC",offset=0,dstSavings=0,useDaylight=false,transitions=0,lastRule=null],firstDayOfWeek=1,minimalDaysInFirstWeek=1,ERA=1,YEAR=2018,MONTH=2,WEEK_OF_YEAR=12,WEEK_OF_MONTH=4,DAY_OF_MONTH=21,DAY_OF_YEAR=80,DAY_OF_WEEK=4,DAY_OF_WEEK_IN_MONTH=3,AM_PM=1,HOUR=7,HOUR_OF_DAY=19,MINUTE=33,SECOND=16,MILLISECOND=898,ZONE_OFFSET=0,DST_OFFSET=0], message=null}
19:33:16.905 [main] DEBUG org.hibernate.SQL - insert into LogEntries (logCode, message, primaryUser, secondaryUser, time, id) values (?, ?, ?, ?, ?, ?)
Hibernate: insert into LogEntries (logCode, message, primaryUser, secondaryUser, time, id) values (?, ?, ?, ?, ?, ?)
19:33:16.907 [main] DEBUG o.h.e.j.internal.JdbcCoordinatorImpl - HHH000420: Closing un-released batch
19:33:16.908 [main] DEBUG o.h.e.t.internal.TransactionImpl - begin
19:33:16.909 [main] DEBUG org.hibernate.SQL - select next_val as id_val from hibernate_sequence for update
Hibernate: select next_val as id_val from hibernate_sequence for update
19:33:16.910 [main] DEBUG org.hibernate.SQL - update hibernate_sequence set next_val= ? where next_val=?
Hibernate: update hibernate_sequence set next_val= ? where next_val=?
19:33:16.912 [main] DEBUG o.h.e.i.AbstractSaveEventListener - Generated identifier: 514, using strategy: org.hibernate.id.enhanced.SequenceStyleGenerator
19:33:16.913 [main] DEBUG o.h.e.t.internal.TransactionImpl - committing
19:33:16.913 [main] DEBUG o.h.e.i.AbstractFlushingEventListener - Processing flush-time cascades
19:33:16.913 [main] DEBUG o.h.e.i.AbstractFlushingEventListener - Dirty checking collections
19:33:16.913 [main] DEBUG o.h.e.i.AbstractFlushingEventListener - Flushed: 1 insertions, 0 updates, 0 deletions to 1 objects
19:33:16.914 [main] DEBUG o.h.e.i.AbstractFlushingEventListener - Flushed: 0 (re)creations, 0 updates, 0 removals to 0 collections
19:33:16.914 [main] DEBUG o.h.internal.util.EntityPrinter - Listing entities:
19:33:16.914 [main] DEBUG o.h.internal.util.EntityPrinter - edu.ncsu.csc.itrust2.models.persistent.LogEntry{secondaryUser=null, logCode=5, primaryUser=logapitest, id=514, time=java.util.GregorianCalendar[time=1521660796908,areFieldsSet=true,areAllFieldsSet=true,lenient=true,zone=sun.util.calendar.ZoneInfo[id="Etc/UTC",offset=0,dstSavings=0,useDaylight=false,transitions=0,lastRule=null],firstDayOfWeek=1,minimalDaysInFirstWeek=1,ERA=1,YEAR=2018,MONTH=2,WEEK_OF_YEAR=12,WEEK_OF_MONTH=4,DAY_OF_MONTH=21,DAY_OF_YEAR=80,DAY_OF_WEEK=4,DAY_OF_WEEK_IN_MONTH=3,AM_PM=1,HOUR=7,HOUR_OF_DAY=19,MINUTE=33,SECOND=16,MILLISECOND=908,ZONE_OFFSET=0,DST_OFFSET=0], message=null}
19:33:16.916 [main] DEBUG org.hibernate.SQL - insert into LogEntries (logCode, message, primaryUser, secondaryUser, time, id) values (?, ?, ?, ?, ?, ?)
Hibernate: insert into LogEntries (logCode, message, primaryUser, secondaryUser, time, id) values (?, ?, ?, ?, ?, ?)
19:33:16.919 [main] DEBUG o.h.e.j.internal.JdbcCoordinatorImpl - HHH000420: Closing un-released batch
19:33:16.920 [main] DEBUG o.h.e.t.internal.TransactionImpl - begin
19:33:16.921 [main] DEBUG org.hibernate.SQL - select next_val as id_val from hibernate_sequence for update
Hibernate: select next_val as id_val from hibernate_sequence for update
19:33:16.922 [main] DEBUG org.hibernate.SQL - update hibernate_sequence set next_val= ? where next_val=?
Hibernate: update hibernate_sequence set next_val= ? where next_val=?
19:33:16.924 [main] DEBUG o.h.e.i.AbstractSaveEventListener - Generated identifier: 515, using strategy: org.hibernate.id.enhanced.SequenceStyleGenerator
19:33:16.924 [main] DEBUG o.h.e.t.internal.TransactionImpl - committing
19:33:16.924 [main] DEBUG o.h.e.i.AbstractFlushingEventListener - Processing flush-time cascades
19:33:16.925 [main] DEBUG o.h.e.i.AbstractFlushingEventListener - Dirty checking collections
19:33:16.925 [main] DEBUG o.h.e.i.AbstractFlushingEventListener - Flushed: 1 insertions, 0 updates, 0 deletions to 1 objects
19:33:16.925 [main] DEBUG o.h.e.i.AbstractFlushingEventListener - Flushed: 0 (re)creations, 0 updates, 0 removals to 0 collections
19:33:16.925 [main] DEBUG o.h.internal.util.EntityPrinter - Listing entities:
19:33:16.925 [main] DEBUG o.h.internal.util.EntityPrinter - edu.ncsu.csc.itrust2.models.persistent.LogEntry{secondaryUser=null, logCode=5, primaryUser=logapitest, id=515, time=java.util.GregorianCalendar[time=1521660796920,areFieldsSet=true,areAllFieldsSet=true,lenient=true,zone=sun.util.calendar.ZoneInfo[id="Etc/UTC",offset=0,dstSavings=0,useDaylight=false,transitions=0,lastRule=null],firstDayOfWeek=1,minimalDaysInFirstWeek=1,ERA=1,YEAR=2018,MONTH=2,WEEK_OF_YEAR=12,WEEK_OF_MONTH=4,DAY_OF_MONTH=21,DAY_OF_YEAR=80,DAY_OF_WEEK=4,DAY_OF_WEEK_IN_MONTH=3,AM_PM=1,HOUR=7,HOUR_OF_DAY=19,MINUTE=33,SECOND=16,MILLISECOND=920,ZONE_OFFSET=0,DST_OFFSET=0], message=null}
19:33:16.926 [main] DEBUG org.hibernate.SQL - insert into LogEntries (logCode, message, primaryUser, secondaryUser, time, id) values (?, ?, ?, ?, ?, ?)
Hibernate: insert into LogEntries (logCode, message, primaryUser, secondaryUser, time, id) values (?, ?, ?, ?, ?, ?)
19:33:16.951 [main] DEBUG o.h.e.j.internal.JdbcCoordinatorImpl - HHH000420: Closing un-released batch
19:33:16.951 [main] DEBUG o.h.e.t.internal.TransactionImpl - begin
19:33:16.952 [main] DEBUG org.hibernate.SQL - select next_val as id_val from hibernate_sequence for update
Hibernate: select next_val as id_val from hibernate_sequence for update
19:33:16.952 [main] DEBUG org.hibernate.SQL - update hibernate_sequence set next_val= ? where next_val=?
Hibernate: update hibernate_sequence set next_val= ? where next_val=?
19:33:16.953 [main] DEBUG o.h.e.i.AbstractSaveEventListener - Generated identifier: 516, using strategy: org.hibernate.id.enhanced.SequenceStyleGenerator
19:33:16.953 [main] DEBUG o.h.e.t.internal.TransactionImpl - committing
19:33:16.953 [main] DEBUG o.h.e.i.AbstractFlushingEventListener - Processing flush-time cascades
19:33:16.953 [main] DEBUG o.h.e.i.AbstractFlushingEventListener - Dirty checking collections
19:33:16.953 [main] DEBUG o.h.e.i.AbstractFlushingEventListener - Flushed: 1 insertions, 0 updates, 0 deletions to 1 objects
19:33:16.953 [main] DEBUG o.h.e.i.AbstractFlushingEventListener - Flushed: 0 (re)creations, 0 updates, 0 removals to 0 collections
19:33:16.953 [main] DEBUG o.h.internal.util.EntityPrinter - Listing entities:
19:33:16.953 [main] DEBUG o.h.internal.util.EntityPrinter - edu.ncsu.csc.itrust2.models.persistent.LogEntry{secondaryUser=null, logCode=5, primaryUser=logapitest, id=516, time=java.util.GregorianCalendar[time=1521660796951,areFieldsSet=true,areAllFieldsSet=true,lenient=true,zone=sun.util.calendar.ZoneInfo[id="Etc/UTC",offset=0,dstSavings=0,useDaylight=false,transitions=0,lastRule=null],firstDayOfWeek=1,minimalDaysInFirstWeek=1,ERA=1,YEAR=2018,MONTH=2,WEEK_OF_YEAR=12,WEEK_OF_MONTH=4,DAY_OF_MONTH=21,DAY_OF_YEAR=80,DAY_OF_WEEK=4,DAY_OF_WEEK_IN_MONTH=3,AM_PM=1,HOUR=7,HOUR_OF_DAY=19,MINUTE=33,SECOND=16,MILLISECOND=951,ZONE_OFFSET=0,DST_OFFSET=0], message=null}
19:33:16.954 [main] DEBUG org.hibernate.SQL - insert into LogEntries (logCode, message, primaryUser, secondaryUser, time, id) values (?, ?, ?, ?, ?, ?)
Hibernate: insert into LogEntries (logCode, message, primaryUser, secondaryUser, time, id) values (?, ?, ?, ?, ?, ?)
19:33:16.955 [main] DEBUG o.h.e.j.internal.JdbcCoordinatorImpl - HHH000420: Closing un-released batch
19:33:16.955 [main] DEBUG o.h.e.t.internal.TransactionImpl - begin
19:33:16.956 [main] DEBUG org.hibernate.SQL - select next_val as id_val from hibernate_sequence for update
Hibernate: select next_val as id_val from hibernate_sequence for update
19:33:16.956 [main] DEBUG org.hibernate.SQL - update hibernate_sequence set next_val= ? where next_val=?
Hibernate: update hibernate_sequence set next_val= ? where next_val=?
19:33:16.958 [main] DEBUG o.h.e.i.AbstractSaveEventListener - Generated identifier: 517, using strategy: org.hibernate.id.enhanced.SequenceStyleGenerator
19:33:16.958 [main] DEBUG o.h.e.t.internal.TransactionImpl - committing
19:33:16.958 [main] DEBUG o.h.e.i.AbstractFlushingEventListener - Processing flush-time cascades
19:33:16.958 [main] DEBUG o.h.e.i.AbstractFlushingEventListener - Dirty checking collections
19:33:16.958 [main] DEBUG o.h.e.i.AbstractFlushingEventListener - Flushed: 1 insertions, 0 updates, 0 deletions to 1 objects
19:33:16.958 [main] DEBUG o.h.e.i.AbstractFlushingEventListener - Flushed: 0 (re)creations, 0 updates, 0 removals to 0 collections
19:33:16.958 [main] DEBUG o.h.internal.util.EntityPrinter - Listing entities:
19:33:16.958 [main] DEBUG o.h.internal.util.EntityPrinter - edu.ncsu.csc.itrust2.models.persistent.LogEntry{secondaryUser=null, logCode=5, primaryUser=logapitest, id=517, time=java.util.GregorianCalendar[time=1521660796955,areFieldsSet=true,areAllFieldsSet=true,lenient=true,zone=sun.util.calendar.ZoneInfo[id="Etc/UTC",offset=0,dstSavings=0,useDaylight=false,transitions=0,lastRule=null],firstDayOfWeek=1,minimalDaysInFirstWeek=1,ERA=1,YEAR=2018,MONTH=2,WEEK_OF_YEAR=12,WEEK_OF_MONTH=4,DAY_OF_MONTH=21,DAY_OF_YEAR=80,DAY_OF_WEEK=4,DAY_OF_WEEK_IN_MONTH=3,AM_PM=1,HOUR=7,HOUR_OF_DAY=19,MINUTE=33,SECOND=16,MILLISECOND=955,ZONE_OFFSET=0,DST_OFFSET=0], message=null}
19:33:16.959 [main] DEBUG org.hibernate.SQL - insert into LogEntries (logCode, message, primaryUser, secondaryUser, time, id) values (?, ?, ?, ?, ?, ?)
Hibernate: insert into LogEntries (logCode, message, primaryUser, secondaryUser, time, id) values (?, ?, ?, ?, ?, ?)
19:33:16.960 [main] DEBUG o.h.e.j.internal.JdbcCoordinatorImpl - HHH000420: Closing un-released batch
19:33:16.960 [main] DEBUG o.h.e.t.internal.TransactionImpl - begin
19:33:16.960 [main] DEBUG org.hibernate.SQL - select next_val as id_val from hibernate_sequence for update
Hibernate: select next_val as id_val from hibernate_sequence for update
19:33:16.961 [main] DEBUG org.hibernate.SQL - update hibernate_sequence set next_val= ? where next_val=?
Hibernate: update hibernate_sequence set next_val= ? where next_val=?
19:33:16.962 [main] DEBUG o.h.e.i.AbstractSaveEventListener - Generated identifier: 518, using strategy: org.hibernate.id.enhanced.SequenceStyleGenerator
19:33:16.962 [main] DEBUG o.h.e.t.internal.TransactionImpl - committing
19:33:16.962 [main] DEBUG o.h.e.i.AbstractFlushingEventListener - Processing flush-time cascades
19:33:16.962 [main] DEBUG o.h.e.i.AbstractFlushingEventListener - Dirty checking collections
19:33:16.962 [main] DEBUG o.h.e.i.AbstractFlushingEventListener - Flushed: 1 insertions, 0 updates, 0 deletions to 1 objects
19:33:16.962 [main] DEBUG o.h.e.i.AbstractFlushingEventListener - Flushed: 0 (re)creations, 0 updates, 0 removals to 0 collections
19:33:16.962 [main] DEBUG o.h.internal.util.EntityPrinter - Listing entities:
19:33:16.962 [main] DEBUG o.h.internal.util.EntityPrinter - edu.ncsu.csc.itrust2.models.persistent.LogEntry{secondaryUser=null, logCode=5, primaryUser=logapitest, id=518, time=java.util.GregorianCalendar[time=1521660796960,areFieldsSet=true,areAllFieldsSet=true,lenient=true,zone=sun.util.calendar.ZoneInfo[id="Etc/UTC",offset=0,dstSavings=0,useDaylight=false,transitions=0,lastRule=null],firstDayOfWeek=1,minimalDaysInFirstWeek=1,ERA=1,YEAR=2018,MONTH=2,WEEK_OF_YEAR=12,WEEK_OF_MONTH=4,DAY_OF_MONTH=21,DAY_OF_YEAR=80,DAY_OF_WEEK=4,DAY_OF_WEEK_IN_MONTH=3,AM_PM=1,HOUR=7,HOUR_OF_DAY=19,MINUTE=33,SECOND=16,MILLISECOND=960,ZONE_OFFSET=0,DST_OFFSET=0], message=null}
19:33:16.963 [main] DEBUG org.hibernate.SQL - insert into LogEntries (logCode, message, primaryUser, secondaryUser, time, id) values (?, ?, ?, ?, ?, ?)
Hibernate: insert into LogEntries (logCode, message, primaryUser, secondaryUser, time, id) values (?, ?, ?, ?, ?, ?)
19:33:16.964 [main] DEBUG o.h.e.j.internal.JdbcCoordinatorImpl - HHH000420: Closing un-released batch
19:33:16.965 [main] DEBUG o.h.e.t.internal.TransactionImpl - begin
19:33:16.966 [main] DEBUG org.hibernate.SQL - select next_val as id_val from hibernate_sequence for update
Hibernate: select next_val as id_val from hibernate_sequence for update
19:33:16.967 [main] DEBUG org.hibernate.SQL - update hibernate_sequence set next_val= ? where next_val=?
Hibernate: update hibernate_sequence set next_val= ? where next_val=?
19:33:16.968 [main] DEBUG o.h.e.i.AbstractSaveEventListener - Generated identifier: 519, using strategy: org.hibernate.id.enhanced.SequenceStyleGenerator
19:33:16.968 [main] DEBUG o.h.e.t.internal.TransactionImpl - committing
19:33:16.968 [main] DEBUG o.h.e.i.AbstractFlushingEventListener - Processing flush-time cascades
19:33:16.969 [main] DEBUG o.h.e.i.AbstractFlushingEventListener - Dirty checking collections
19:33:16.969 [main] DEBUG o.h.e.i.AbstractFlushingEventListener - Flushed: 1 insertions, 0 updates, 0 deletions to 1 objects
19:33:16.969 [main] DEBUG o.h.e.i.AbstractFlushingEventListener - Flushed: 0 (re)creations, 0 updates, 0 removals to 0 collections
19:33:16.969 [main] DEBUG o.h.internal.util.EntityPrinter - Listing entities:
19:33:16.969 [main] DEBUG o.h.internal.util.EntityPrinter - edu.ncsu.csc.itrust2.models.persistent.LogEntry{secondaryUser=null, logCode=5, primaryUser=logapitest, id=519, time=java.util.GregorianCalendar[time=1521660796965,areFieldsSet=true,areAllFieldsSet=true,lenient=true,zone=sun.util.calendar.ZoneInfo[id="Etc/UTC",offset=0,dstSavings=0,useDaylight=false,transitions=0,lastRule=null],firstDayOfWeek=1,minimalDaysInFirstWeek=1,ERA=1,YEAR=2018,MONTH=2,WEEK_OF_YEAR=12,WEEK_OF_MONTH=4,DAY_OF_MONTH=21,DAY_OF_YEAR=80,DAY_OF_WEEK=4,DAY_OF_WEEK_IN_MONTH=3,AM_PM=1,HOUR=7,HOUR_OF_DAY=19,MINUTE=33,SECOND=16,MILLISECOND=965,ZONE_OFFSET=0,DST_OFFSET=0], message=null}
19:33:16.970 [main] DEBUG org.hibernate.SQL - insert into LogEntries (logCode, message, primaryUser, secondaryUser, time, id) values (?, ?, ?, ?, ?, ?)
Hibernate: insert into LogEntries (logCode, message, primaryUser, secondaryUser, time, id) values (?, ?, ?, ?, ?, ?)
19:33:16.971 [main] DEBUG o.h.e.j.internal.JdbcCoordinatorImpl - HHH000420: Closing un-released batch
19:33:16.972 [main] DEBUG o.h.e.t.internal.TransactionImpl - begin
19:33:16.973 [main] DEBUG org.hibernate.SQL - select next_val as id_val from hibernate_sequence for update
Hibernate: select next_val as id_val from hibernate_sequence for update
19:33:16.974 [main] DEBUG org.hibernate.SQL - update hibernate_sequence set next_val= ? where next_val=?
Hibernate: update hibernate_sequence set next_val= ? where next_val=?
19:33:16.976 [main] DEBUG o.h.e.i.AbstractSaveEventListener - Generated identifier: 520, using strategy: org.hibernate.id.enhanced.SequenceStyleGenerator
19:33:16.976 [main] DEBUG o.h.e.t.internal.TransactionImpl - committing
19:33:16.976 [main] DEBUG o.h.e.i.AbstractFlushingEventListener - Processing flush-time cascades
19:33:16.976 [main] DEBUG o.h.e.i.AbstractFlushingEventListener - Dirty checking collections
19:33:16.976 [main] DEBUG o.h.e.i.AbstractFlushingEventListener - Flushed: 1 insertions, 0 updates, 0 deletions to 1 objects
19:33:16.977 [main] DEBUG o.h.e.i.AbstractFlushingEventListener - Flushed: 0 (re)creations, 0 updates, 0 removals to 0 collections
19:33:16.977 [main] DEBUG o.h.internal.util.EntityPrinter - Listing entities:
19:33:16.977 [main] DEBUG o.h.internal.util.EntityPrinter - edu.ncsu.csc.itrust2.models.persistent.LogEntry{secondaryUser=null, logCode=5, primaryUser=logapitest, id=520, time=java.util.GregorianCalendar[time=1521660796972,areFieldsSet=true,areAllFieldsSet=true,lenient=true,zone=sun.util.calendar.ZoneInfo[id="Etc/UTC",offset=0,dstSavings=0,useDaylight=false,transitions=0,lastRule=null],firstDayOfWeek=1,minimalDaysInFirstWeek=1,ERA=1,YEAR=2018,MONTH=2,WEEK_OF_YEAR=12,WEEK_OF_MONTH=4,DAY_OF_MONTH=21,DAY_OF_YEAR=80,DAY_OF_WEEK=4,DAY_OF_WEEK_IN_MONTH=3,AM_PM=1,HOUR=7,HOUR_OF_DAY=19,MINUTE=33,SECOND=16,MILLISECOND=972,ZONE_OFFSET=0,DST_OFFSET=0], message=null}
19:33:16.977 [main] DEBUG org.hibernate.SQL - insert into LogEntries (logCode, message, primaryUser, secondaryUser, time, id) values (?, ?, ?, ?, ?, ?)
Hibernate: insert into LogEntries (logCode, message, primaryUser, secondaryUser, time, id) values (?, ?, ?, ?, ?, ?)
19:33:16.979 [main] DEBUG o.h.e.j.internal.JdbcCoordinatorImpl - HHH000420: Closing un-released batch
19:33:16.980 [main] DEBUG o.h.e.t.internal.TransactionImpl - begin
19:33:16.981 [main] DEBUG org.hibernate.SQL - select next_val as id_val from hibernate_sequence for update
Hibernate: select next_val as id_val from hibernate_sequence for update
19:33:16.982 [main] DEBUG org.hibernate.SQL - update hibernate_sequence set next_val= ? where next_val=?
Hibernate: update hibernate_sequence set next_val= ? where next_val=?
19:33:16.984 [main] DEBUG o.h.e.i.AbstractSaveEventListener - Generated identifier: 521, using strategy: org.hibernate.id.enhanced.SequenceStyleGenerator
19:33:16.984 [main] DEBUG o.h.e.t.internal.TransactionImpl - committing
19:33:16.985 [main] DEBUG o.h.e.i.AbstractFlushingEventListener - Processing flush-time cascades
19:33:16.985 [main] DEBUG o.h.e.i.AbstractFlushingEventListener - Dirty checking collections
19:33:16.985 [main] DEBUG o.h.e.i.AbstractFlushingEventListener - Flushed: 1 insertions, 0 updates, 0 deletions to 1 objects
19:33:16.985 [main] DEBUG o.h.e.i.AbstractFlushingEventListener - Flushed: 0 (re)creations, 0 updates, 0 removals to 0 collections
19:33:16.985 [main] DEBUG o.h.internal.util.EntityPrinter - Listing entities:
19:33:16.985 [main] DEBUG o.h.internal.util.EntityPrinter - edu.ncsu.csc.itrust2.models.persistent.LogEntry{secondaryUser=null, logCode=5, primaryUser=logapitest, id=521, time=java.util.GregorianCalendar[time=1521660796980,areFieldsSet=true,areAllFieldsSet=true,lenient=true,zone=sun.util.calendar.ZoneInfo[id="Etc/UTC",offset=0,dstSavings=0,useDaylight=false,transitions=0,lastRule=null],firstDayOfWeek=1,minimalDaysInFirstWeek=1,ERA=1,YEAR=2018,MONTH=2,WEEK_OF_YEAR=12,WEEK_OF_MONTH=4,DAY_OF_MONTH=21,DAY_OF_YEAR=80,DAY_OF_WEEK=4,DAY_OF_WEEK_IN_MONTH=3,AM_PM=1,HOUR=7,HOUR_OF_DAY=19,MINUTE=33,SECOND=16,MILLISECOND=980,ZONE_OFFSET=0,DST_OFFSET=0], message=null}
19:33:16.986 [main] DEBUG org.hibernate.SQL - insert into LogEntries (logCode, message, primaryUser, secondaryUser, time, id) values (?, ?, ?, ?, ?, ?)
Hibernate: insert into LogEntries (logCode, message, primaryUser, secondaryUser, time, id) values (?, ?, ?, ?, ?, ?)
19:33:16.988 [main] DEBUG o.h.e.j.internal.JdbcCoordinatorImpl - HHH000420: Closing un-released batch
19:33:16.989 [main] DEBUG o.h.e.t.internal.TransactionImpl - begin
19:33:16.990 [main] DEBUG org.hibernate.SQL - select next_val as id_val from hibernate_sequence for update
Hibernate: select next_val as id_val from hibernate_sequence for update
19:33:16.991 [main] DEBUG org.hibernate.SQL - update hibernate_sequence set next_val= ? where next_val=?
Hibernate: update hibernate_sequence set next_val= ? where next_val=?
19:33:16.992 [main] DEBUG o.h.e.i.AbstractSaveEventListener - Generated identifier: 522, using strategy: org.hibernate.id.enhanced.SequenceStyleGenerator
19:33:16.993 [main] DEBUG o.h.e.t.internal.TransactionImpl - committing
19:33:16.993 [main] DEBUG o.h.e.i.AbstractFlushingEventListener - Processing flush-time cascades
19:33:16.993 [main] DEBUG o.h.e.i.AbstractFlushingEventListener - Dirty checking collections
19:33:16.993 [main] DEBUG o.h.e.i.AbstractFlushingEventListener - Flushed: 1 insertions, 0 updates, 0 deletions to 1 objects
19:33:16.993 [main] DEBUG o.h.e.i.AbstractFlushingEventListener - Flushed: 0 (re)creations, 0 updates, 0 removals to 0 collections
19:33:16.994 [main] DEBUG o.h.internal.util.EntityPrinter - Listing entities:
19:33:16.994 [main] DEBUG o.h.internal.util.EntityPrinter - edu.ncsu.csc.itrust2.models.persistent.LogEntry{secondaryUser=null, logCode=5, primaryUser=logapitest, id=522, time=java.util.GregorianCalendar[time=1521660796989,areFieldsSet=true,areAllFieldsSet=true,lenient=true,zone=sun.util.calendar.ZoneInfo[id="Etc/UTC",offset=0,dstSavings=0,useDaylight=false,transitions=0,lastRule=null],firstDayOfWeek=1,minimalDaysInFirstWeek=1,ERA=1,YEAR=2018,MONTH=2,WEEK_OF_YEAR=12,WEEK_OF_MONTH=4,DAY_OF_MONTH=21,DAY_OF_YEAR=80,DAY_OF_WEEK=4,DAY_OF_WEEK_IN_MONTH=3,AM_PM=1,HOUR=7,HOUR_OF_DAY=19,MINUTE=33,SECOND=16,MILLISECOND=989,ZONE_OFFSET=0,DST_OFFSET=0], message=null}
19:33:16.994 [main] DEBUG org.hibernate.SQL - insert into LogEntries (logCode, message, primaryUser, secondaryUser, time, id) values (?, ?, ?, ?, ?, ?)
Hibernate: insert into LogEntries (logCode, message, primaryUser, secondaryUser, time, id) values (?, ?, ?, ?, ?, ?)
19:33:16.996 [main] DEBUG o.h.e.j.internal.JdbcCoordinatorImpl - HHH000420: Closing un-released batch
19:33:16.997 [main] DEBUG o.h.e.t.internal.TransactionImpl - begin
19:33:16.999 [main] DEBUG org.hibernate.SQL - select next_val as id_val from hibernate_sequence for update
Hibernate: select next_val as id_val from hibernate_sequence for update
19:33:16.999 [main] DEBUG org.hibernate.SQL - update hibernate_sequence set next_val= ? where next_val=?
Hibernate: update hibernate_sequence set next_val= ? where next_val=?
19:33:17.001 [main] DEBUG o.h.e.i.AbstractSaveEventListener - Generated identifier: 523, using strategy: org.hibernate.id.enhanced.SequenceStyleGenerator
19:33:17.003 [main] DEBUG o.h.e.t.internal.TransactionImpl - committing
19:33:17.003 [main] DEBUG o.h.e.i.AbstractFlushingEventListener - Processing flush-time cascades
19:33:17.003 [main] DEBUG o.h.e.i.AbstractFlushingEventListener - Dirty checking collections
19:33:17.003 [main] DEBUG o.h.e.i.AbstractFlushingEventListener - Flushed: 1 insertions, 0 updates, 0 deletions to 1 objects
19:33:17.003 [main] DEBUG o.h.e.i.AbstractFlushingEventListener - Flushed: 0 (re)creations, 0 updates, 0 removals to 0 collections
19:33:17.003 [main] DEBUG o.h.internal.util.EntityPrinter - Listing entities:
19:33:17.004 [main] DEBUG o.h.internal.util.EntityPrinter - edu.ncsu.csc.itrust2.models.persistent.LogEntry{secondaryUser=null, logCode=5, primaryUser=logapitest, id=523, time=java.util.GregorianCalendar[time=1521660796997,areFieldsSet=true,areAllFieldsSet=true,lenient=true,zone=sun.util.calendar.ZoneInfo[id="Etc/UTC",offset=0,dstSavings=0,useDaylight=false,transitions=0,lastRule=null],firstDayOfWeek=1,minimalDaysInFirstWeek=1,ERA=1,YEAR=2018,MONTH=2,WEEK_OF_YEAR=12,WEEK_OF_MONTH=4,DAY_OF_MONTH=21,DAY_OF_YEAR=80,DAY_OF_WEEK=4,DAY_OF_WEEK_IN_MONTH=3,AM_PM=1,HOUR=7,HOUR_OF_DAY=19,MINUTE=33,SECOND=16,MILLISECOND=997,ZONE_OFFSET=0,DST_OFFSET=0], message=null}
19:33:17.004 [main] DEBUG org.hibernate.SQL - insert into LogEntries (logCode, message, primaryUser, secondaryUser, time, id) values (?, ?, ?, ?, ?, ?)
Hibernate: insert into LogEntries (logCode, message, primaryUser, secondaryUser, time, id) values (?, ?, ?, ?, ?, ?)
19:33:17.006 [main] DEBUG o.h.e.j.internal.JdbcCoordinatorImpl - HHH000420: Closing un-released batch
19:33:17.007 [main] DEBUG o.h.e.t.internal.TransactionImpl - begin
19:33:17.008 [main] DEBUG org.hibernate.SQL - select next_val as id_val from hibernate_sequence for update
Hibernate: select next_val as id_val from hibernate_sequence for update
19:33:17.009 [main] DEBUG org.hibernate.SQL - update hibernate_sequence set next_val= ? where next_val=?
Hibernate: update hibernate_sequence set next_val= ? where next_val=?
19:33:17.010 [main] DEBUG o.h.e.i.AbstractSaveEventListener - Generated identifier: 524, using strategy: org.hibernate.id.enhanced.SequenceStyleGenerator
19:33:17.010 [main] DEBUG o.h.e.t.internal.TransactionImpl - committing
19:33:17.011 [main] DEBUG o.h.e.i.AbstractFlushingEventListener - Processing flush-time cascades
19:33:17.011 [main] DEBUG o.h.e.i.AbstractFlushingEventListener - Dirty checking collections
19:33:17.011 [main] DEBUG o.h.e.i.AbstractFlushingEventListener - Flushed: 1 insertions, 0 updates, 0 deletions to 1 objects
19:33:17.011 [main] DEBUG o.h.e.i.AbstractFlushingEventListener - Flushed: 0 (re)creations, 0 updates, 0 removals to 0 collections
19:33:17.011 [main] DEBUG o.h.internal.util.EntityPrinter - Listing entities:
19:33:17.012 [main] DEBUG o.h.internal.util.EntityPrinter - edu.ncsu.csc.itrust2.models.persistent.LogEntry{secondaryUser=null, logCode=5, primaryUser=logapitest, id=524, time=java.util.GregorianCalendar[time=1521660797007,areFieldsSet=true,areAllFieldsSet=true,lenient=true,zone=sun.util.calendar.ZoneInfo[id="Etc/UTC",offset=0,dstSavings=0,useDaylight=false,transitions=0,lastRule=null],firstDayOfWeek=1,minimalDaysInFirstWeek=1,ERA=1,YEAR=2018,MONTH=2,WEEK_OF_YEAR=12,WEEK_OF_MONTH=4,DAY_OF_MONTH=21,DAY_OF_YEAR=80,DAY_OF_WEEK=4,DAY_OF_WEEK_IN_MONTH=3,AM_PM=1,HOUR=7,HOUR_OF_DAY=19,MINUTE=33,SECOND=17,MILLISECOND=7,ZONE_OFFSET=0,DST_OFFSET=0], message=null}
19:33:17.012 [main] DEBUG org.hibernate.SQL - insert into LogEntries (logCode, message, primaryUser, secondaryUser, time, id) values (?, ?, ?, ?, ?, ?)
Hibernate: insert into LogEntries (logCode, message, primaryUser, secondaryUser, time, id) values (?, ?, ?, ?, ?, ?)
19:33:17.014 [main] DEBUG o.h.e.j.internal.JdbcCoordinatorImpl - HHH000420: Closing un-released batch
19:33:17.016 [main] DEBUG o.h.e.t.internal.TransactionImpl - begin
19:33:17.017 [main] DEBUG org.hibernate.SQL - select next_val as id_val from hibernate_sequence for update
Hibernate: select next_val as id_val from hibernate_sequence for update
19:33:17.017 [main] DEBUG org.hibernate.SQL - update hibernate_sequence set next_val= ? where next_val=?
Hibernate: update hibernate_sequence set next_val= ? where next_val=?
19:33:17.020 [main] DEBUG o.h.e.i.AbstractSaveEventListener - Generated identifier: 525, using strategy: org.hibernate.id.enhanced.SequenceStyleGenerator
19:33:17.020 [main] DEBUG o.h.e.t.internal.TransactionImpl - committing
19:33:17.020 [main] DEBUG o.h.e.i.AbstractFlushingEventListener - Processing flush-time cascades
19:33:17.021 [main] DEBUG o.h.e.i.AbstractFlushingEventListener - Dirty checking collections
19:33:17.021 [main] DEBUG o.h.e.i.AbstractFlushingEventListener - Flushed: 1 insertions, 0 updates, 0 deletions to 1 objects
19:33:17.021 [main] DEBUG o.h.e.i.AbstractFlushingEventListener - Flushed: 0 (re)creations, 0 updates, 0 removals to 0 collections
19:33:17.021 [main] DEBUG o.h.internal.util.EntityPrinter - Listing entities:
19:33:17.021 [main] DEBUG o.h.internal.util.EntityPrinter - edu.ncsu.csc.itrust2.models.persistent.LogEntry{secondaryUser=null, logCode=5, primaryUser=logapitest, id=525, time=java.util.GregorianCalendar[time=1521660797016,areFieldsSet=true,areAllFieldsSet=true,lenient=true,zone=sun.util.calendar.ZoneInfo[id="Etc/UTC",offset=0,dstSavings=0,useDaylight=false,transitions=0,lastRule=null],firstDayOfWeek=1,minimalDaysInFirstWeek=1,ERA=1,YEAR=2018,MONTH=2,WEEK_OF_YEAR=12,WEEK_OF_MONTH=4,DAY_OF_MONTH=21,DAY_OF_YEAR=80,DAY_OF_WEEK=4,DAY_OF_WEEK_IN_MONTH=3,AM_PM=1,HOUR=7,HOUR_OF_DAY=19,MINUTE=33,SECOND=17,MILLISECOND=16,ZONE_OFFSET=0,DST_OFFSET=0], message=null}
19:33:17.022 [main] DEBUG org.hibernate.SQL - insert into LogEntries (logCode, message, primaryUser, secondaryUser, time, id) values (?, ?, ?, ?, ?, ?)
Hibernate: insert into LogEntries (logCode, message, primaryUser, secondaryUser, time, id) values (?, ?, ?, ?, ?, ?)
19:33:17.024 [main] DEBUG o.h.e.j.internal.JdbcCoordinatorImpl - HHH000420: Closing un-released batch
19:33:17.025 [main] DEBUG o.h.e.t.internal.TransactionImpl - begin
19:33:17.026 [main] DEBUG org.hibernate.SQL - select next_val as id_val from hibernate_sequence for update
Hibernate: select next_val as id_val from hibernate_sequence for update
19:33:17.027 [main] DEBUG org.hibernate.SQL - update hibernate_sequence set next_val= ? where next_val=?
Hibernate: update hibernate_sequence set next_val= ? where next_val=?
19:33:17.028 [main] DEBUG o.h.e.i.AbstractSaveEventListener - Generated identifier: 526, using strategy: org.hibernate.id.enhanced.SequenceStyleGenerator
19:33:17.030 [main] DEBUG o.h.e.t.internal.TransactionImpl - committing
19:33:17.030 [main] DEBUG o.h.e.i.AbstractFlushingEventListener - Processing flush-time cascades
19:33:17.031 [main] DEBUG o.h.e.i.AbstractFlushingEventListener - Dirty checking collections
19:33:17.031 [main] DEBUG o.h.e.i.AbstractFlushingEventListener - Flushed: 1 insertions, 0 updates, 0 deletions to 1 objects
19:33:17.031 [main] DEBUG o.h.e.i.AbstractFlushingEventListener - Flushed: 0 (re)creations, 0 updates, 0 removals to 0 collections
19:33:17.031 [main] DEBUG o.h.internal.util.EntityPrinter - Listing entities:
19:33:17.031 [main] DEBUG o.h.internal.util.EntityPrinter - edu.ncsu.csc.itrust2.models.persistent.LogEntry{secondaryUser=null, logCode=5, primaryUser=logapitest, id=526, time=java.util.GregorianCalendar[time=1521660797025,areFieldsSet=true,areAllFieldsSet=true,lenient=true,zone=sun.util.calendar.ZoneInfo[id="Etc/UTC",offset=0,dstSavings=0,useDaylight=false,transitions=0,lastRule=null],firstDayOfWeek=1,minimalDaysInFirstWeek=1,ERA=1,YEAR=2018,MONTH=2,WEEK_OF_YEAR=12,WEEK_OF_MONTH=4,DAY_OF_MONTH=21,DAY_OF_YEAR=80,DAY_OF_WEEK=4,DAY_OF_WEEK_IN_MONTH=3,AM_PM=1,HOUR=7,HOUR_OF_DAY=19,MINUTE=33,SECOND=17,MILLISECOND=25,ZONE_OFFSET=0,DST_OFFSET=0], message=null}
19:33:17.032 [main] DEBUG org.hibernate.SQL - insert into LogEntries (logCode, message, primaryUser, secondaryUser, time, id) values (?, ?, ?, ?, ?, ?)
Hibernate: insert into LogEntries (logCode, message, primaryUser, secondaryUser, time, id) values (?, ?, ?, ?, ?, ?)
19:33:17.035 [main] DEBUG o.h.e.j.internal.JdbcCoordinatorImpl - HHH000420: Closing un-released batch
19:33:17.035 [main] DEBUG o.h.e.t.internal.TransactionImpl - begin
19:33:17.037 [main] DEBUG org.hibernate.SQL - select next_val as id_val from hibernate_sequence for update
Hibernate: select next_val as id_val from hibernate_sequence for update
19:33:17.037 [main] DEBUG org.hibernate.SQL - update hibernate_sequence set next_val= ? where next_val=?
Hibernate: update hibernate_sequence set next_val= ? where next_val=?
19:33:17.039 [main] DEBUG o.h.e.i.AbstractSaveEventListener - Generated identifier: 527, using strategy: org.hibernate.id.enhanced.SequenceStyleGenerator
19:33:17.039 [main] DEBUG o.h.e.t.internal.TransactionImpl - committing
19:33:17.039 [main] DEBUG o.h.e.i.AbstractFlushingEventListener - Processing flush-time cascades
19:33:17.040 [main] DEBUG o.h.e.i.AbstractFlushingEventListener - Dirty checking collections
19:33:17.040 [main] DEBUG o.h.e.i.AbstractFlushingEventListener - Flushed: 1 insertions, 0 updates, 0 deletions to 1 objects
19:33:17.040 [main] DEBUG o.h.e.i.AbstractFlushingEventListener - Flushed: 0 (re)creations, 0 updates, 0 removals to 0 collections
19:33:17.040 [main] DEBUG o.h.internal.util.EntityPrinter - Listing entities:
19:33:17.040 [main] DEBUG o.h.internal.util.EntityPrinter - edu.ncsu.csc.itrust2.models.persistent.LogEntry{secondaryUser=null, logCode=5, primaryUser=logapitest, id=527, time=java.util.GregorianCalendar[time=1521660797035,areFieldsSet=true,areAllFieldsSet=true,lenient=true,zone=sun.util.calendar.ZoneInfo[id="Etc/UTC",offset=0,dstSavings=0,useDaylight=false,transitions=0,lastRule=null],firstDayOfWeek=1,minimalDaysInFirstWeek=1,ERA=1,YEAR=2018,MONTH=2,WEEK_OF_YEAR=12,WEEK_OF_MONTH=4,DAY_OF_MONTH=21,DAY_OF_YEAR=80,DAY_OF_WEEK=4,DAY_OF_WEEK_IN_MONTH=3,AM_PM=1,HOUR=7,HOUR_OF_DAY=19,MINUTE=33,SECOND=17,MILLISECOND=35,ZONE_OFFSET=0,DST_OFFSET=0], message=null}
19:33:17.041 [main] DEBUG org.hibernate.SQL - insert into LogEntries (logCode, message, primaryUser, secondaryUser, time, id) values (?, ?, ?, ?, ?, ?)
Hibernate: insert into LogEntries (logCode, message, primaryUser, secondaryUser, time, id) values (?, ?, ?, ?, ?, ?)
19:33:17.043 [main] DEBUG o.h.e.j.internal.JdbcCoordinatorImpl - HHH000420: Closing un-released batch
19:33:17.044 [main] DEBUG o.h.e.t.internal.TransactionImpl - begin
19:33:17.045 [main] DEBUG org.hibernate.SQL - select next_val as id_val from hibernate_sequence for update
Hibernate: select next_val as id_val from hibernate_sequence for update
19:33:17.046 [main] DEBUG org.hibernate.SQL - update hibernate_sequence set next_val= ? where next_val=?
Hibernate: update hibernate_sequence set next_val= ? where next_val=?
19:33:17.047 [main] DEBUG o.h.e.i.AbstractSaveEventListener - Generated identifier: 528, using strategy: org.hibernate.id.enhanced.SequenceStyleGenerator
19:33:17.048 [main] DEBUG o.h.e.t.internal.TransactionImpl - committing
19:33:17.049 [main] DEBUG o.h.e.i.AbstractFlushingEventListener - Processing flush-time cascades
19:33:17.049 [main] DEBUG o.h.e.i.AbstractFlushingEventListener - Dirty checking collections
19:33:17.049 [main] DEBUG o.h.e.i.AbstractFlushingEventListener - Flushed: 1 insertions, 0 updates, 0 deletions to 1 objects
19:33:17.049 [main] DEBUG o.h.e.i.AbstractFlushingEventListener - Flushed: 0 (re)creations, 0 updates, 0 removals to 0 collections
19:33:17.049 [main] DEBUG o.h.internal.util.EntityPrinter - Listing entities:
19:33:17.049 [main] DEBUG o.h.internal.util.EntityPrinter - edu.ncsu.csc.itrust2.models.persistent.LogEntry{secondaryUser=null, logCode=5, primaryUser=logapitest, id=528, time=java.util.GregorianCalendar[time=1521660797044,areFieldsSet=true,areAllFieldsSet=true,lenient=true,zone=sun.util.calendar.ZoneInfo[id="Etc/UTC",offset=0,dstSavings=0,useDaylight=false,transitions=0,lastRule=null],firstDayOfWeek=1,minimalDaysInFirstWeek=1,ERA=1,YEAR=2018,MONTH=2,WEEK_OF_YEAR=12,WEEK_OF_MONTH=4,DAY_OF_MONTH=21,DAY_OF_YEAR=80,DAY_OF_WEEK=4,DAY_OF_WEEK_IN_MONTH=3,AM_PM=1,HOUR=7,HOUR_OF_DAY=19,MINUTE=33,SECOND=17,MILLISECOND=44,ZONE_OFFSET=0,DST_OFFSET=0], message=null}
19:33:17.050 [main] DEBUG org.hibernate.SQL - insert into LogEntries (logCode, message, primaryUser, secondaryUser, time, id) values (?, ?, ?, ?, ?, ?)
Hibernate: insert into LogEntries (logCode, message, primaryUser, secondaryUser, time, id) values (?, ?, ?, ?, ?, ?)
19:33:17.052 [main] DEBUG o.h.e.j.internal.JdbcCoordinatorImpl - HHH000420: Closing un-released batch
19:33:17.053 [main] DEBUG o.h.e.t.internal.TransactionImpl - begin
19:33:17.053 [main] DEBUG org.hibernate.SQL - select next_val as id_val from hibernate_sequence for update
Hibernate: select next_val as id_val from hibernate_sequence for update
19:33:17.054 [main] DEBUG org.hibernate.SQL - update hibernate_sequence set next_val= ? where next_val=?
Hibernate: update hibernate_sequence set next_val= ? where next_val=?
19:33:17.056 [main] DEBUG o.h.e.i.AbstractSaveEventListener - Generated identifier: 529, using strategy: org.hibernate.id.enhanced.SequenceStyleGenerator
19:33:17.056 [main] DEBUG o.h.e.t.internal.TransactionImpl - committing
19:33:17.056 [main] DEBUG o.h.e.i.AbstractFlushingEventListener - Processing flush-time cascades
19:33:17.057 [main] DEBUG o.h.e.i.AbstractFlushingEventListener - Dirty checking collections
19:33:17.057 [main] DEBUG o.h.e.i.AbstractFlushingEventListener - Flushed: 1 insertions, 0 updates, 0 deletions to 1 objects
19:33:17.057 [main] DEBUG o.h.e.i.AbstractFlushingEventListener - Flushed: 0 (re)creations, 0 updates, 0 removals to 0 collections
19:33:17.057 [main] DEBUG o.h.internal.util.EntityPrinter - Listing entities:
19:33:17.058 [main] DEBUG o.h.internal.util.EntityPrinter - edu.ncsu.csc.itrust2.models.persistent.LogEntry{secondaryUser=null, logCode=5, primaryUser=logapitest, id=529, time=java.util.GregorianCalendar[time=1521660797053,areFieldsSet=true,areAllFieldsSet=true,lenient=true,zone=sun.util.calendar.ZoneInfo[id="Etc/UTC",offset=0,dstSavings=0,useDaylight=false,transitions=0,lastRule=null],firstDayOfWeek=1,minimalDaysInFirstWeek=1,ERA=1,YEAR=2018,MONTH=2,WEEK_OF_YEAR=12,WEEK_OF_MONTH=4,DAY_OF_MONTH=21,DAY_OF_YEAR=80,DAY_OF_WEEK=4,DAY_OF_WEEK_IN_MONTH=3,AM_PM=1,HOUR=7,HOUR_OF_DAY=19,MINUTE=33,SECOND=17,MILLISECOND=53,ZONE_OFFSET=0,DST_OFFSET=0], message=null}
19:33:17.058 [main] DEBUG org.hibernate.SQL - insert into LogEntries (logCode, message, primaryUser, secondaryUser, time, id) values (?, ?, ?, ?, ?, ?)
Hibernate: insert into LogEntries (logCode, message, primaryUser, secondaryUser, time, id) values (?, ?, ?, ?, ?, ?)
19:33:17.060 [main] DEBUG o.h.e.j.internal.JdbcCoordinatorImpl - HHH000420: Closing un-released batch
19:33:17.060 [main] DEBUG o.h.e.t.internal.TransactionImpl - begin
19:33:17.062 [main] DEBUG org.hibernate.SQL - select next_val as id_val from hibernate_sequence for update
Hibernate: select next_val as id_val from hibernate_sequence for update
19:33:17.063 [main] DEBUG org.hibernate.SQL - update hibernate_sequence set next_val= ? where next_val=?
Hibernate: update hibernate_sequence set next_val= ? where next_val=?
19:33:17.065 [main] DEBUG o.h.e.i.AbstractSaveEventListener - Generated identifier: 530, using strategy: org.hibernate.id.enhanced.SequenceStyleGenerator
19:33:17.065 [main] DEBUG o.h.e.t.internal.TransactionImpl - committing
19:33:17.065 [main] DEBUG o.h.e.i.AbstractFlushingEventListener - Processing flush-time cascades
19:33:17.065 [main] DEBUG o.h.e.i.AbstractFlushingEventListener - Dirty checking collections
19:33:17.066 [main] DEBUG o.h.e.i.AbstractFlushingEventListener - Flushed: 1 insertions, 0 updates, 0 deletions to 1 objects
19:33:17.066 [main] DEBUG o.h.e.i.AbstractFlushingEventListener - Flushed: 0 (re)creations, 0 updates, 0 removals to 0 collections
19:33:17.066 [main] DEBUG o.h.internal.util.EntityPrinter - Listing entities:
19:33:17.066 [main] DEBUG o.h.internal.util.EntityPrinter - edu.ncsu.csc.itrust2.models.persistent.LogEntry{secondaryUser=null, logCode=5, primaryUser=logapitest, id=530, time=java.util.GregorianCalendar[time=1521660797060,areFieldsSet=true,areAllFieldsSet=true,lenient=true,zone=sun.util.calendar.ZoneInfo[id="Etc/UTC",offset=0,dstSavings=0,useDaylight=false,transitions=0,lastRule=null],firstDayOfWeek=1,minimalDaysInFirstWeek=1,ERA=1,YEAR=2018,MONTH=2,WEEK_OF_YEAR=12,WEEK_OF_MONTH=4,DAY_OF_MONTH=21,DAY_OF_YEAR=80,DAY_OF_WEEK=4,DAY_OF_WEEK_IN_MONTH=3,AM_PM=1,HOUR=7,HOUR_OF_DAY=19,MINUTE=33,SECOND=17,MILLISECOND=60,ZONE_OFFSET=0,DST_OFFSET=0], message=null}
19:33:17.067 [main] DEBUG org.hibernate.SQL - insert into LogEntries (logCode, message, primaryUser, secondaryUser, time, id) values (?, ?, ?, ?, ?, ?)
Hibernate: insert into LogEntries (logCode, message, primaryUser, secondaryUser, time, id) values (?, ?, ?, ?, ?, ?)
19:33:17.068 [main] DEBUG o.h.e.j.internal.JdbcCoordinatorImpl - HHH000420: Closing un-released batch
19:33:17.069 [main] DEBUG o.h.e.t.internal.TransactionImpl - begin
19:33:17.071 [main] DEBUG org.hibernate.SQL - select next_val as id_val from hibernate_sequence for update
Hibernate: select next_val as id_val from hibernate_sequence for update
19:33:17.071 [main] DEBUG org.hibernate.SQL - update hibernate_sequence set next_val= ? where next_val=?
Hibernate: update hibernate_sequence set next_val= ? where next_val=?
19:33:17.073 [main] DEBUG o.h.e.i.AbstractSaveEventListener - Generated identifier: 531, using strategy: org.hibernate.id.enhanced.SequenceStyleGenerator
19:33:17.073 [main] DEBUG o.h.e.t.internal.TransactionImpl - committing
19:33:17.073 [main] DEBUG o.h.e.i.AbstractFlushingEventListener - Processing flush-time cascades
19:33:17.074 [main] DEBUG o.h.e.i.AbstractFlushingEventListener - Dirty checking collections
19:33:17.074 [main] DEBUG o.h.e.i.AbstractFlushingEventListener - Flushed: 1 insertions, 0 updates, 0 deletions to 1 objects
19:33:17.074 [main] DEBUG o.h.e.i.AbstractFlushingEventListener - Flushed: 0 (re)creations, 0 updates, 0 removals to 0 collections
19:33:17.074 [main] DEBUG o.h.internal.util.EntityPrinter - Listing entities:
19:33:17.074 [main] DEBUG o.h.internal.util.EntityPrinter - edu.ncsu.csc.itrust2.models.persistent.LogEntry{secondaryUser=null, logCode=5, primaryUser=logapitest, id=531, time=java.util.GregorianCalendar[time=1521660797069,areFieldsSet=true,areAllFieldsSet=true,lenient=true,zone=sun.util.calendar.ZoneInfo[id="Etc/UTC",offset=0,dstSavings=0,useDaylight=false,transitions=0,lastRule=null],firstDayOfWeek=1,minimalDaysInFirstWeek=1,ERA=1,YEAR=2018,MONTH=2,WEEK_OF_YEAR=12,WEEK_OF_MONTH=4,DAY_OF_MONTH=21,DAY_OF_YEAR=80,DAY_OF_WEEK=4,DAY_OF_WEEK_IN_MONTH=3,AM_PM=1,HOUR=7,HOUR_OF_DAY=19,MINUTE=33,SECOND=17,MILLISECOND=69,ZONE_OFFSET=0,DST_OFFSET=0], message=null}
19:33:17.074 [main] DEBUG org.hibernate.SQL - insert into LogEntries (logCode, message, primaryUser, secondaryUser, time, id) values (?, ?, ?, ?, ?, ?)
Hibernate: insert into LogEntries (logCode, message, primaryUser, secondaryUser, time, id) values (?, ?, ?, ?, ?, ?)
19:33:17.077 [main] DEBUG o.h.e.j.internal.JdbcCoordinatorImpl - HHH000420: Closing un-released batch
19:33:17.078 [main] DEBUG o.h.e.t.internal.TransactionImpl - begin
19:33:17.079 [main] DEBUG org.hibernate.SQL - select next_val as id_val from hibernate_sequence for update
Hibernate: select next_val as id_val from hibernate_sequence for update
19:33:17.080 [main] DEBUG org.hibernate.SQL - update hibernate_sequence set next_val= ? where next_val=?
Hibernate: update hibernate_sequence set next_val= ? where next_val=?
19:33:17.081 [main] DEBUG o.h.e.i.AbstractSaveEventListener - Generated identifier: 532, using strategy: org.hibernate.id.enhanced.SequenceStyleGenerator
19:33:17.082 [main] DEBUG o.h.e.t.internal.TransactionImpl - committing
19:33:17.082 [main] DEBUG o.h.e.i.AbstractFlushingEventListener - Processing flush-time cascades
19:33:17.082 [main] DEBUG o.h.e.i.AbstractFlushingEventListener - Dirty checking collections
19:33:17.082 [main] DEBUG o.h.e.i.AbstractFlushingEventListener - Flushed: 1 insertions, 0 updates, 0 deletions to 1 objects
19:33:17.082 [main] DEBUG o.h.e.i.AbstractFlushingEventListener - Flushed: 0 (re)creations, 0 updates, 0 removals to 0 collections
19:33:17.083 [main] DEBUG o.h.internal.util.EntityPrinter - Listing entities:
19:33:17.083 [main] DEBUG o.h.internal.util.EntityPrinter - edu.ncsu.csc.itrust2.models.persistent.LogEntry{secondaryUser=null, logCode=5, primaryUser=logapitest, id=532, time=java.util.GregorianCalendar[time=1521660797078,areFieldsSet=true,areAllFieldsSet=true,lenient=true,zone=sun.util.calendar.ZoneInfo[id="Etc/UTC",offset=0,dstSavings=0,useDaylight=false,transitions=0,lastRule=null],firstDayOfWeek=1,minimalDaysInFirstWeek=1,ERA=1,YEAR=2018,MONTH=2,WEEK_OF_YEAR=12,WEEK_OF_MONTH=4,DAY_OF_MONTH=21,DAY_OF_YEAR=80,DAY_OF_WEEK=4,DAY_OF_WEEK_IN_MONTH=3,AM_PM=1,HOUR=7,HOUR_OF_DAY=19,MINUTE=33,SECOND=17,MILLISECOND=78,ZONE_OFFSET=0,DST_OFFSET=0], message=null}
19:33:17.083 [main] DEBUG org.hibernate.SQL - insert into LogEntries (logCode, message, primaryUser, secondaryUser, time, id) values (?, ?, ?, ?, ?, ?)
Hibernate: insert into LogEntries (logCode, message, primaryUser, secondaryUser, time, id) values (?, ?, ?, ?, ?, ?)
19:33:17.086 [main] DEBUG o.h.e.j.internal.JdbcCoordinatorImpl - HHH000420: Closing un-released batch
19:33:17.090 [main] DEBUG o.s.t.w.s.TestDispatcherServlet - DispatcherServlet with name '' processing POST request for [/api/v1/logentries/range]
19:33:17.091 [main] DEBUG o.s.w.s.m.m.a.RequestMappingHandlerMapping - Looking up handler method for path /api/v1/logentries/range
19:33:17.092 [main] DEBUG o.s.w.s.m.m.a.RequestMappingHandlerMapping - Returning handler method [public org.springframework.http.ResponseEntity edu.ncsu.csc.itrust2.controllers.api.APILogEntryController.getEntryByDateRange(edu.ncsu.csc.itrust2.controllers.api.comm.LogEntryRequestBody)]
19:33:17.092 [main] DEBUG o.s.b.f.s.DefaultListableBeanFactory - Returning cached instance of singleton bean 'APILogEntryController'
19:33:17.097 [main] DEBUG o.s.w.s.m.m.a.RequestResponseBodyMethodProcessor - Read [class edu.ncsu.csc.itrust2.controllers.api.comm.LogEntryRequestBody] as "application/json" with [org.springframework.http.converter.json.GsonHttpMessageConverter@378ee665]
19:33:17.101 [main] DEBUG o.h.e.t.internal.TransactionImpl - begin
19:33:17.109 [main] DEBUG org.hibernate.SQL - select this_.id as id1_6_0_, this_.logCode as logCode2_6_0_, this_.message as message3_6_0_, this_.primaryUser as primaryU4_6_0_, this_.secondaryUser as secondar5_6_0_, this_.time as time6_6_0_ from LogEntries this_ where this_.time between ? and ? and (this_.primaryUser=? or this_.secondaryUser=?)
Hibernate: select this_.id as id1_6_0_, this_.logCode as logCode2_6_0_, this_.message as message3_6_0_, this_.primaryUser as primaryU4_6_0_, this_.secondaryUser as secondar5_6_0_, this_.time as time6_6_0_ from LogEntries this_ where this_.time between ? and ? and (this_.primaryUser=? or this_.secondaryUser=?)
19:33:17.120 [main] DEBUG org.hibernate.loader.Loader - Result set row: 0
19:33:17.121 [main] DEBUG org.hibernate.loader.Loader - Result row: EntityKey[edu.ncsu.csc.itrust2.models.persistent.LogEntry#33]
19:33:17.121 [main] DEBUG org.hibernate.loader.Loader - Result set row: 1
19:33:17.121 [main] DEBUG org.hibernate.loader.Loader - Result row: EntityKey[edu.ncsu.csc.itrust2.models.persistent.LogEntry#34]
19:33:17.122 [main] DEBUG org.hibernate.loader.Loader - Result set row: 2
19:33:17.123 [main] DEBUG org.hibernate.loader.Loader - Result row: EntityKey[edu.ncsu.csc.itrust2.models.persistent.LogEntry#35]
19:33:17.123 [main] DEBUG org.hibernate.loader.Loader - Result set row: 3
19:33:17.123 [main] DEBUG org.hibernate.loader.Loader - Result row: EntityKey[edu.ncsu.csc.itrust2.models.persistent.LogEntry#36]
19:33:17.126 [main] DEBUG org.hibernate.loader.Loader - Result set row: 4
19:33:17.126 [main] DEBUG org.hibernate.loader.Loader - Result row: EntityKey[edu.ncsu.csc.itrust2.models.persistent.LogEntry#37]
19:33:17.127 [main] DEBUG org.hibernate.loader.Loader - Result set row: 5
19:33:17.127 [main] DEBUG org.hibernate.loader.Loader - Result row: EntityKey[edu.ncsu.csc.itrust2.models.persistent.LogEntry#38]
19:33:17.127 [main] DEBUG org.hibernate.loader.Loader - Result set row: 6
19:33:17.128 [main] DEBUG org.hibernate.loader.Loader - Result row: EntityKey[edu.ncsu.csc.itrust2.models.persistent.LogEntry#39]
19:33:17.129 [main] DEBUG org.hibernate.loader.Loader - Result set row: 7
19:33:17.129 [main] DEBUG org.hibernate.loader.Loader - Result row: EntityKey[edu.ncsu.csc.itrust2.models.persistent.LogEntry#40]
19:33:17.129 [main] DEBUG org.hibernate.loader.Loader - Result set row: 8
19:33:17.129 [main] DEBUG org.hibernate.loader.Loader - Result row: EntityKey[edu.ncsu.csc.itrust2.models.persistent.LogEntry#41]
19:33:17.130 [main] DEBUG org.hibernate.loader.Loader - Result set row: 9
19:33:17.131 [main] DEBUG org.hibernate.loader.Loader - Result row: EntityKey[edu.ncsu.csc.itrust2.models.persistent.LogEntry#42]
19:33:17.131 [main] DEBUG org.hibernate.loader.Loader - Result set row: 10
19:33:17.132 [main] DEBUG org.hibernate.loader.Loader - Result row: EntityKey[edu.ncsu.csc.itrust2.models.persistent.LogEntry#43]
19:33:17.132 [main] DEBUG org.hibernate.loader.Loader - Result set row: 11
19:33:17.132 [main] DEBUG org.hibernate.loader.Loader - Result row: EntityKey[edu.ncsu.csc.itrust2.models.persistent.LogEntry#44]
19:33:17.132 [main] DEBUG org.hibernate.loader.Loader - Result set row: 12
19:33:17.134 [main] DEBUG org.hibernate.loader.Loader - Result row: EntityKey[edu.ncsu.csc.itrust2.models.persistent.LogEntry#45]
19:33:17.134 [main] DEBUG org.hibernate.loader.Loader - Result set row: 13
19:33:17.134 [main] DEBUG org.hibernate.loader.Loader - Result row: EntityKey[edu.ncsu.csc.itrust2.models.persistent.LogEntry#46]
19:33:17.135 [main] DEBUG org.hibernate.loader.Loader - Result set row: 14
19:33:17.135 [main] DEBUG org.hibernate.loader.Loader - Result row: EntityKey[edu.ncsu.csc.itrust2.models.persistent.LogEntry#47]
19:33:17.135 [main] DEBUG org.hibernate.loader.Loader - Result set row: 15
19:33:17.136 [main] DEBUG org.hibernate.loader.Loader - Result row: EntityKey[edu.ncsu.csc.itrust2.models.persistent.LogEntry#48]
19:33:17.140 [main] DEBUG org.hibernate.loader.Loader - Result set row: 16
19:33:17.141 [main] DEBUG org.hibernate.loader.Loader - Result row: EntityKey[edu.ncsu.csc.itrust2.models.persistent.LogEntry#49]
19:33:17.141 [main] DEBUG org.hibernate.loader.Loader - Result set row: 17
19:33:17.141 [main] DEBUG org.hibernate.loader.Loader - Result row: EntityKey[edu.ncsu.csc.itrust2.models.persistent.LogEntry#50]
19:33:17.141 [main] DEBUG org.hibernate.loader.Loader - Result set row: 18
19:33:17.142 [main] DEBUG org.hibernate.loader.Loader - Result row: EntityKey[edu.ncsu.csc.itrust2.models.persistent.LogEntry#51]
19:33:17.143 [main] DEBUG org.hibernate.loader.Loader - Result set row: 19
19:33:17.143 [main] DEBUG org.hibernate.loader.Loader - Result row: EntityKey[edu.ncsu.csc.itrust2.models.persistent.LogEntry#52]
19:33:17.143 [main] DEBUG org.hibernate.loader.Loader - Result set row: 20
19:33:17.144 [main] DEBUG org.hibernate.loader.Loader - Result row: EntityKey[edu.ncsu.csc.itrust2.models.persistent.LogEntry#53]
19:33:17.145 [main] DEBUG org.hibernate.loader.Loader - Result set row: 21
19:33:17.145 [main] DEBUG org.hibernate.loader.Loader - Result row: EntityKey[edu.ncsu.csc.itrust2.models.persistent.LogEntry#54]
19:33:17.148 [main] DEBUG org.hibernate.loader.Loader - Result set row: 22
19:33:17.149 [main] DEBUG org.hibernate.loader.Loader - Result row: EntityKey[edu.ncsu.csc.itrust2.models.persistent.LogEntry#55]
19:33:17.150 [main] DEBUG org.hibernate.loader.Loader - Result set row: 23
19:33:17.150 [main] DEBUG org.hibernate.loader.Loader - Result row: EntityKey[edu.ncsu.csc.itrust2.models.persistent.LogEntry#56]
19:33:17.151 [main] DEBUG org.hibernate.loader.Loader - Result set row: 24
19:33:17.151 [main] DEBUG org.hibernate.loader.Loader - Result row: EntityKey[edu.ncsu.csc.itrust2.models.persistent.LogEntry#57]
19:33:17.153 [main] DEBUG org.hibernate.loader.Loader - Result set row: 25
19:33:17.153 [main] DEBUG org.hibernate.loader.Loader - Result row: EntityKey[edu.ncsu.csc.itrust2.models.persistent.LogEntry#58]
19:33:17.153 [main] DEBUG org.hibernate.loader.Loader - Result set row: 26
19:33:17.154 [main] DEBUG org.hibernate.loader.Loader - Result row: EntityKey[edu.ncsu.csc.itrust2.models.persistent.LogEntry#59]
19:33:17.154 [main] DEBUG org.hibernate.loader.Loader - Result set row: 27
19:33:17.155 [main] DEBUG org.hibernate.loader.Loader - Result row: EntityKey[edu.ncsu.csc.itrust2.models.persistent.LogEntry#60]
19:33:17.155 [main] DEBUG org.hibernate.loader.Loader - Result set row: 28
19:33:17.156 [main] DEBUG org.hibernate.loader.Loader - Result row: EntityKey[edu.ncsu.csc.itrust2.models.persistent.LogEntry#61]
19:33:17.157 [main] DEBUG org.hibernate.loader.Loader - Result set row: 29
19:33:17.157 [main] DEBUG org.hibernate.loader.Loader - Result row: EntityKey[edu.ncsu.csc.itrust2.models.persistent.LogEntry#62]
19:33:17.158 [main] DEBUG org.hibernate.loader.Loader - Result set row: 30
19:33:17.158 [main] DEBUG org.hibernate.loader.Loader - Result row: EntityKey[edu.ncsu.csc.itrust2.models.persistent.LogEntry#63]
19:33:17.158 [main] DEBUG org.hibernate.loader.Loader - Result set row: 31
19:33:17.159 [main] DEBUG org.hibernate.loader.Loader - Result row: EntityKey[edu.ncsu.csc.itrust2.models.persistent.LogEntry#64]
19:33:17.160 [main] DEBUG org.hibernate.loader.Loader - Result set row: 32
19:33:17.160 [main] DEBUG org.hibernate.loader.Loader - Result row: EntityKey[edu.ncsu.csc.itrust2.models.persistent.LogEntry#65]
19:33:17.160 [main] DEBUG org.hibernate.loader.Loader - Result set row: 33
19:33:17.161 [main] DEBUG org.hibernate.loader.Loader - Result row: EntityKey[edu.ncsu.csc.itrust2.models.persistent.LogEntry#66]
19:33:17.161 [main] DEBUG org.hibernate.loader.Loader - Result set row: 34
19:33:17.162 [main] DEBUG org.hibernate.loader.Loader - Result row: EntityKey[edu.ncsu.csc.itrust2.models.persistent.LogEntry#67]
19:33:17.162 [main] DEBUG org.hibernate.loader.Loader - Result set row: 35
19:33:17.162 [main] DEBUG org.hibernate.loader.Loader - Result row: EntityKey[edu.ncsu.csc.itrust2.models.persistent.LogEntry#68]
19:33:17.162 [main] DEBUG org.hibernate.loader.Loader - Result set row: 36
19:33:17.162 [main] DEBUG org.hibernate.loader.Loader - Result row: EntityKey[edu.ncsu.csc.itrust2.models.persistent.LogEntry#69]
19:33:17.162 [main] DEBUG org.hibernate.loader.Loader - Result set row: 37
19:33:17.162 [main] DEBUG org.hibernate.loader.Loader - Result row: EntityKey[edu.ncsu.csc.itrust2.models.persistent.LogEntry#70]
19:33:17.162 [main] DEBUG org.hibernate.loader.Loader - Result set row: 38
19:33:17.162 [main] DEBUG org.hibernate.loader.Loader - Result row: EntityKey[edu.ncsu.csc.itrust2.models.persistent.LogEntry#71]
19:33:17.163 [main] DEBUG org.hibernate.loader.Loader - Result set row: 39
19:33:17.163 [main] DEBUG org.hibernate.loader.Loader - Result row: EntityKey[edu.ncsu.csc.itrust2.models.persistent.LogEntry#72]
19:33:17.163 [main] DEBUG org.hibernate.loader.Loader - Result set row: 40
19:33:17.163 [main] DEBUG org.hibernate.loader.Loader - Result row: EntityKey[edu.ncsu.csc.itrust2.models.persistent.LogEntry#73]
19:33:17.163 [main] DEBUG org.hibernate.loader.Loader - Result set row: 41
19:33:17.163 [main] DEBUG org.hibernate.loader.Loader - Result row: EntityKey[edu.ncsu.csc.itrust2.models.persistent.LogEntry#74]
19:33:17.163 [main] DEBUG org.hibernate.loader.Loader - Result set row: 42
19:33:17.163 [main] DEBUG org.hibernate.loader.Loader - Result row: EntityKey[edu.ncsu.csc.itrust2.models.persistent.LogEntry#75]
19:33:17.163 [main] DEBUG org.hibernate.loader.Loader - Result set row: 43
19:33:17.163 [main] DEBUG org.hibernate.loader.Loader - Result row: EntityKey[edu.ncsu.csc.itrust2.models.persistent.LogEntry#76]
19:33:17.164 [main] DEBUG org.hibernate.loader.Loader - Result set row: 44
19:33:17.164 [main] DEBUG org.hibernate.loader.Loader - Result row: EntityKey[edu.ncsu.csc.itrust2.models.persistent.LogEntry#77]
19:33:17.164 [main] DEBUG org.hibernate.loader.Loader - Result set row: 45
19:33:17.164 [main] DEBUG org.hibernate.loader.Loader - Result row: EntityKey[edu.ncsu.csc.itrust2.models.persistent.LogEntry#78]
19:33:17.164 [main] DEBUG org.hibernate.loader.Loader - Result set row: 46
19:33:17.164 [main] DEBUG org.hibernate.loader.Loader - Result row: EntityKey[edu.ncsu.csc.itrust2.models.persistent.LogEntry#79]
19:33:17.164 [main] DEBUG org.hibernate.loader.Loader - Result set row: 47
19:33:17.164 [main] DEBUG org.hibernate.loader.Loader - Result row: EntityKey[edu.ncsu.csc.itrust2.models.persistent.LogEntry#80]
19:33:17.164 [main] DEBUG org.hibernate.loader.Loader - Result set row: 48
19:33:17.164 [main] DEBUG org.hibernate.loader.Loader - Result row: EntityKey[edu.ncsu.csc.itrust2.models.persistent.LogEntry#81]
19:33:17.164 [main] DEBUG org.hibernate.loader.Loader - Result set row: 49
19:33:17.164 [main] DEBUG org.hibernate.loader.Loader - Result row: EntityKey[edu.ncsu.csc.itrust2.models.persistent.LogEntry#82]
19:33:17.164 [main] DEBUG org.hibernate.loader.Loader - Result set row: 50
19:33:17.164 [main] DEBUG org.hibernate.loader.Loader - Result row: EntityKey[edu.ncsu.csc.itrust2.models.persistent.LogEntry#83]
19:33:17.164 [main] DEBUG org.hibernate.loader.Loader - Result set row: 51
19:33:17.164 [main] DEBUG org.hibernate.loader.Loader - Result row: EntityKey[edu.ncsu.csc.itrust2.models.persistent.LogEntry#84]
19:33:17.164 [main] DEBUG org.hibernate.loader.Loader - Result set row: 52
19:33:17.165 [main] DEBUG org.hibernate.loader.Loader - Result row: EntityKey[edu.ncsu.csc.itrust2.models.persistent.LogEntry#85]
19:33:17.165 [main] DEBUG org.hibernate.loader.Loader - Result set row: 53
19:33:17.165 [main] DEBUG org.hibernate.loader.Loader - Result row: EntityKey[edu.ncsu.csc.itrust2.models.persistent.LogEntry#86]
19:33:17.165 [main] DEBUG org.hibernate.loader.Loader - Result set row: 54
19:33:17.165 [main] DEBUG org.hibernate.loader.Loader - Result row: EntityKey[edu.ncsu.csc.itrust2.models.persistent.LogEntry#87]
19:33:17.165 [main] DEBUG org.hibernate.loader.Loader - Result set row: 55
19:33:17.165 [main] DEBUG org.hibernate.loader.Loader - Result row: EntityKey[edu.ncsu.csc.itrust2.models.persistent.LogEntry#88]
19:33:17.165 [main] DEBUG org.hibernate.loader.Loader - Result set row: 56
19:33:17.165 [main] DEBUG org.hibernate.loader.Loader - Result row: EntityKey[edu.ncsu.csc.itrust2.models.persistent.LogEntry#89]
19:33:17.165 [main] DEBUG org.hibernate.loader.Loader - Result set row: 57
19:33:17.165 [main] DEBUG org.hibernate.loader.Loader - Result row: EntityKey[edu.ncsu.csc.itrust2.models.persistent.LogEntry#90]
19:33:17.165 [main] DEBUG org.hibernate.loader.Loader - Result set row: 58
19:33:17.165 [main] DEBUG org.hibernate.loader.Loader - Result row: EntityKey[edu.ncsu.csc.itrust2.models.persistent.LogEntry#91]
19:33:17.166 [main] DEBUG org.hibernate.loader.Loader - Result set row: 59
19:33:17.166 [main] DEBUG org.hibernate.loader.Loader - Result row: EntityKey[edu.ncsu.csc.itrust2.models.persistent.LogEntry#92]
19:33:17.166 [main] DEBUG org.hibernate.loader.Loader - Result set row: 60
19:33:17.166 [main] DEBUG org.hibernate.loader.Loader - Result row: EntityKey[edu.ncsu.csc.itrust2.models.persistent.LogEntry#93]
19:33:17.166 [main] DEBUG org.hibernate.loader.Loader - Result set row: 61
19:33:17.166 [main] DEBUG org.hibernate.loader.Loader - Result row: EntityKey[edu.ncsu.csc.itrust2.models.persistent.LogEntry#94]
19:33:17.166 [main] DEBUG org.hibernate.loader.Loader - Result set row: 62
19:33:17.166 [main] DEBUG org.hibernate.loader.Loader - Result row: EntityKey[edu.ncsu.csc.itrust2.models.persistent.LogEntry#95]
19:33:17.166 [main] DEBUG org.hibernate.loader.Loader - Result set row: 63
19:33:17.166 [main] DEBUG org.hibernate.loader.Loader - Result row: EntityKey[edu.ncsu.csc.itrust2.models.persistent.LogEntry#96]
19:33:17.166 [main] DEBUG org.hibernate.loader.Loader - Result set row: 64
19:33:17.166 [main] DEBUG org.hibernate.loader.Loader - Result row: EntityKey[edu.ncsu.csc.itrust2.models.persistent.LogEntry#97]
19:33:17.166 [main] DEBUG org.hibernate.loader.Loader - Result set row: 65
19:33:17.166 [main] DEBUG org.hibernate.loader.Loader - Result row: EntityKey[edu.ncsu.csc.itrust2.models.persistent.LogEntry#98]
19:33:17.167 [main] DEBUG org.hibernate.loader.Loader - Result set row: 66
19:33:17.167 [main] DEBUG org.hibernate.loader.Loader - Result row: EntityKey[edu.ncsu.csc.itrust2.models.persistent.LogEntry#99]
19:33:17.167 [main] DEBUG org.hibernate.loader.Loader - Result set row: 67
19:33:17.168 [main] DEBUG org.hibernate.loader.Loader - Result row: EntityKey[edu.ncsu.csc.itrust2.models.persistent.LogEntry#100]
19:33:17.169 [main] DEBUG org.hibernate.loader.Loader - Result set row: 68
19:33:17.169 [main] DEBUG org.hibernate.loader.Loader - Result row: EntityKey[edu.ncsu.csc.itrust2.models.persistent.LogEntry#101]
19:33:17.171 [main] DEBUG org.hibernate.loader.Loader - Result set row: 69
19:33:17.172 [main] DEBUG org.hibernate.loader.Loader - Result row: EntityKey[edu.ncsu.csc.itrust2.models.persistent.LogEntry#102]
19:33:17.172 [main] DEBUG org.hibernate.loader.Loader - Result set row: 70
19:33:17.173 [main] DEBUG org.hibernate.loader.Loader - Result row: EntityKey[edu.ncsu.csc.itrust2.models.persistent.LogEntry#103]
19:33:17.173 [main] DEBUG org.hibernate.loader.Loader - Result set row: 71
19:33:17.174 [main] DEBUG org.hibernate.loader.Loader - Result row: EntityKey[edu.ncsu.csc.itrust2.models.persistent.LogEntry#104]
19:33:17.175 [main] DEBUG org.hibernate.loader.Loader - Result set row: 72
19:33:17.175 [main] DEBUG org.hibernate.loader.Loader - Result row: EntityKey[edu.ncsu.csc.itrust2.models.persistent.LogEntry#105]
19:33:17.180 [main] DEBUG org.hibernate.loader.Loader - Result set row: 73
19:33:17.180 [main] DEBUG org.hibernate.loader.Loader - Result row: EntityKey[edu.ncsu.csc.itrust2.models.persistent.LogEntry#106]
19:33:17.180 [main] DEBUG org.hibernate.loader.Loader - Result set row: 74
19:33:17.182 [main] DEBUG org.hibernate.loader.Loader - Result row: EntityKey[edu.ncsu.csc.itrust2.models.persistent.LogEntry#107]
19:33:17.182 [main] DEBUG org.hibernate.loader.Loader - Result set row: 75
19:33:17.182 [main] DEBUG org.hibernate.loader.Loader - Result row: EntityKey[edu.ncsu.csc.itrust2.models.persistent.LogEntry#108]
19:33:17.183 [main] DEBUG org.hibernate.loader.Loader - Result set row: 76
19:33:17.184 [main] DEBUG org.hibernate.loader.Loader - Result row: EntityKey[edu.ncsu.csc.itrust2.models.persistent.LogEntry#109]
19:33:17.184 [main] DEBUG org.hibernate.loader.Loader - Result set row: 77
19:33:17.185 [main] DEBUG org.hibernate.loader.Loader - Result row: EntityKey[edu.ncsu.csc.itrust2.models.persistent.LogEntry#110]
19:33:17.185 [main] DEBUG org.hibernate.loader.Loader - Result set row: 78
19:33:17.185 [main] DEBUG org.hibernate.loader.Loader - Result row: EntityKey[edu.ncsu.csc.itrust2.models.persistent.LogEntry#111]
19:33:17.187 [main] DEBUG org.hibernate.loader.Loader - Result set row: 79
19:33:17.187 [main] DEBUG org.hibernate.loader.Loader - Result row: EntityKey[edu.ncsu.csc.itrust2.models.persistent.LogEntry#112]
19:33:17.187 [main] DEBUG org.hibernate.loader.Loader - Result set row: 80
19:33:17.187 [main] DEBUG org.hibernate.loader.Loader - Result row: EntityKey[edu.ncsu.csc.itrust2.models.persistent.LogEntry#113]
19:33:17.188 [main] DEBUG org.hibernate.loader.Loader - Result set row: 81
19:33:17.188 [main] DEBUG org.hibernate.loader.Loader - Result row: EntityKey[edu.ncsu.csc.itrust2.models.persistent.LogEntry#114]
19:33:17.188 [main] DEBUG org.hibernate.loader.Loader - Result set row: 82
19:33:17.188 [main] DEBUG org.hibernate.loader.Loader - Result row: EntityKey[edu.ncsu.csc.itrust2.models.persistent.LogEntry#115]
19:33:17.188 [main] DEBUG org.hibernate.loader.Loader - Result set row: 83
19:33:17.188 [main] DEBUG org.hibernate.loader.Loader - Result row: EntityKey[edu.ncsu.csc.itrust2.models.persistent.LogEntry#116]
19:33:17.188 [main] DEBUG org.hibernate.loader.Loader - Result set row: 84
19:33:17.188 [main] DEBUG org.hibernate.loader.Loader - Result row: EntityKey[edu.ncsu.csc.itrust2.models.persistent.LogEntry#117]
19:33:17.188 [main] DEBUG org.hibernate.loader.Loader - Result set row: 85
19:33:17.188 [main] DEBUG org.hibernate.loader.Loader - Result row: EntityKey[edu.ncsu.csc.itrust2.models.persistent.LogEntry#118]
19:33:17.189 [main] DEBUG org.hibernate.loader.Loader - Result set row: 86
19:33:17.189 [main] DEBUG org.hibernate.loader.Loader - Result row: EntityKey[edu.ncsu.csc.itrust2.models.persistent.LogEntry#119]
19:33:17.191 [main] DEBUG org.hibernate.loader.Loader - Result set row: 87
19:33:17.192 [main] DEBUG org.hibernate.loader.Loader - Result row: EntityKey[edu.ncsu.csc.itrust2.models.persistent.LogEntry#120]
19:33:17.192 [main] DEBUG org.hibernate.loader.Loader - Result set row: 88
19:33:17.192 [main] DEBUG org.hibernate.loader.Loader - Result row: EntityKey[edu.ncsu.csc.itrust2.models.persistent.LogEntry#121]
19:33:17.194 [main] DEBUG org.hibernate.loader.Loader - Result set row: 89
19:33:17.194 [main] DEBUG org.hibernate.loader.Loader - Result row: EntityKey[edu.ncsu.csc.itrust2.models.persistent.LogEntry#122]
19:33:17.194 [main] DEBUG org.hibernate.loader.Loader - Result set row: 90
19:33:17.194 [main] DEBUG org.hibernate.loader.Loader - Result row: EntityKey[edu.ncsu.csc.itrust2.models.persistent.LogEntry#123]
19:33:17.194 [main] DEBUG org.hibernate.loader.Loader - Result set row: 91
19:33:17.194 [main] DEBUG org.hibernate.loader.Loader - Result row: EntityKey[edu.ncsu.csc.itrust2.models.persistent.LogEntry#124]
19:33:17.194 [main] DEBUG org.hibernate.loader.Loader - Result set row: 92
19:33:17.194 [main] DEBUG org.hibernate.loader.Loader - Result row: EntityKey[edu.ncsu.csc.itrust2.models.persistent.LogEntry#125]
19:33:17.194 [main] DEBUG org.hibernate.loader.Loader - Result set row: 93
19:33:17.194 [main] DEBUG org.hibernate.loader.Loader - Result row: EntityKey[edu.ncsu.csc.itrust2.models.persistent.LogEntry#126]
19:33:17.194 [main] DEBUG org.hibernate.loader.Loader - Result set row: 94
19:33:17.194 [main] DEBUG org.hibernate.loader.Loader - Result row: EntityKey[edu.ncsu.csc.itrust2.models.persistent.LogEntry#127]
19:33:17.194 [main] DEBUG org.hibernate.loader.Loader - Result set row: 95
19:33:17.194 [main] DEBUG org.hibernate.loader.Loader - Result row: EntityKey[edu.ncsu.csc.itrust2.models.persistent.LogEntry#128]
19:33:17.195 [main] DEBUG org.hibernate.loader.Loader - Result set row: 96
19:33:17.195 [main] DEBUG org.hibernate.loader.Loader - Result row: EntityKey[edu.ncsu.csc.itrust2.models.persistent.LogEntry#129]
19:33:17.195 [main] DEBUG org.hibernate.loader.Loader - Result set row: 97
19:33:17.195 [main] DEBUG org.hibernate.loader.Loader - Result row: EntityKey[edu.ncsu.csc.itrust2.models.persistent.LogEntry#130]
19:33:17.195 [main] DEBUG org.hibernate.loader.Loader - Result set row: 98
19:33:17.195 [main] DEBUG org.hibernate.loader.Loader - Result row: EntityKey[edu.ncsu.csc.itrust2.models.persistent.LogEntry#131]
19:33:17.195 [main] DEBUG org.hibernate.loader.Loader - Result set row: 99
19:33:17.195 [main] DEBUG org.hibernate.loader.Loader - Result row: EntityKey[edu.ncsu.csc.itrust2.models.persistent.LogEntry#132]
19:33:17.195 [main] DEBUG org.hibernate.loader.Loader - Result set row: 100
19:33:17.195 [main] DEBUG org.hibernate.loader.Loader - Result row: EntityKey[edu.ncsu.csc.itrust2.models.persistent.LogEntry#133]
19:33:17.195 [main] DEBUG org.hibernate.loader.Loader - Result set row: 101
19:33:17.195 [main] DEBUG org.hibernate.loader.Loader - Result row: EntityKey[edu.ncsu.csc.itrust2.models.persistent.LogEntry#134]
19:33:17.195 [main] DEBUG org.hibernate.loader.Loader - Result set row: 102
19:33:17.195 [main] DEBUG org.hibernate.loader.Loader - Result row: EntityKey[edu.ncsu.csc.itrust2.models.persistent.LogEntry#135]
19:33:17.195 [main] DEBUG org.hibernate.loader.Loader - Result set row: 103
19:33:17.196 [main] DEBUG org.hibernate.loader.Loader - Result row: EntityKey[edu.ncsu.csc.itrust2.models.persistent.LogEntry#136]
19:33:17.196 [main] DEBUG org.hibernate.loader.Loader - Result set row: 104
19:33:17.196 [main] DEBUG org.hibernate.loader.Loader - Result row: EntityKey[edu.ncsu.csc.itrust2.models.persistent.LogEntry#137]
19:33:17.196 [main] DEBUG org.hibernate.loader.Loader - Result set row: 105
19:33:17.196 [main] DEBUG org.hibernate.loader.Loader - Result row: EntityKey[edu.ncsu.csc.itrust2.models.persistent.LogEntry#138]
19:33:17.196 [main] DEBUG org.hibernate.loader.Loader - Result set row: 106
19:33:17.196 [main] DEBUG org.hibernate.loader.Loader - Result row: EntityKey[edu.ncsu.csc.itrust2.models.persistent.LogEntry#139]
19:33:17.196 [main] DEBUG org.hibernate.loader.Loader - Result set row: 107
19:33:17.196 [main] DEBUG org.hibernate.loader.Loader - Result row: EntityKey[edu.ncsu.csc.itrust2.models.persistent.LogEntry#140]
19:33:17.196 [main] DEBUG org.hibernate.loader.Loader - Result set row: 108
19:33:17.196 [main] DEBUG org.hibernate.loader.Loader - Result row: EntityKey[edu.ncsu.csc.itrust2.models.persistent.LogEntry#141]
19:33:17.196 [main] DEBUG org.hibernate.loader.Loader - Result set row: 109
19:33:17.196 [main] DEBUG org.hibernate.loader.Loader - Result row: EntityKey[edu.ncsu.csc.itrust2.models.persistent.LogEntry#142]
19:33:17.196 [main] DEBUG org.hibernate.loader.Loader - Result set row: 110
19:33:17.196 [main] DEBUG org.hibernate.loader.Loader - Result row: EntityKey[edu.ncsu.csc.itrust2.models.persistent.LogEntry#143]
19:33:17.197 [main] DEBUG org.hibernate.loader.Loader - Result set row: 111
19:33:17.197 [main] DEBUG org.hibernate.loader.Loader - Result row: EntityKey[edu.ncsu.csc.itrust2.models.persistent.LogEntry#144]
19:33:17.197 [main] DEBUG org.hibernate.loader.Loader - Result set row: 112
19:33:17.197 [main] DEBUG org.hibernate.loader.Loader - Result row: EntityKey[edu.ncsu.csc.itrust2.models.persistent.LogEntry#145]
19:33:17.197 [main] DEBUG org.hibernate.loader.Loader - Result set row: 113
19:33:17.197 [main] DEBUG org.hibernate.loader.Loader - Result row: EntityKey[edu.ncsu.csc.itrust2.models.persistent.LogEntry#146]
19:33:17.197 [main] DEBUG org.hibernate.loader.Loader - Result set row: 114
19:33:17.197 [main] DEBUG org.hibernate.loader.Loader - Result row: EntityKey[edu.ncsu.csc.itrust2.models.persistent.LogEntry#147]
19:33:17.207 [main] DEBUG org.hibernate.loader.Loader - Result set row: 115
19:33:17.207 [main] DEBUG org.hibernate.loader.Loader - Result row: EntityKey[edu.ncsu.csc.itrust2.models.persistent.LogEntry#148]
19:33:17.208 [main] DEBUG org.hibernate.loader.Loader - Result set row: 116
19:33:17.208 [main] DEBUG org.hibernate.loader.Loader - Result row: EntityKey[edu.ncsu.csc.itrust2.models.persistent.LogEntry#149]
19:33:17.208 [main] DEBUG org.hibernate.loader.Loader - Result set row: 117
19:33:17.208 [main] DEBUG org.hibernate.loader.Loader - Result row: EntityKey[edu.ncsu.csc.itrust2.models.persistent.LogEntry#150]
19:33:17.209 [main] DEBUG org.hibernate.loader.Loader - Result set row: 118
19:33:17.209 [main] DEBUG org.hibernate.loader.Loader - Result row: EntityKey[edu.ncsu.csc.itrust2.models.persistent.LogEntry#151]
19:33:17.209 [main] DEBUG org.hibernate.loader.Loader - Result set row: 119
19:33:17.209 [main] DEBUG org.hibernate.loader.Loader - Result row: EntityKey[edu.ncsu.csc.itrust2.models.persistent.LogEntry#152]
19:33:17.209 [main] DEBUG org.hibernate.loader.Loader - Result set row: 120
19:33:17.209 [main] DEBUG org.hibernate.loader.Loader - Result row: EntityKey[edu.ncsu.csc.itrust2.models.persistent.LogEntry#153]
19:33:17.209 [main] DEBUG org.hibernate.loader.Loader - Result set row: 121
19:33:17.209 [main] DEBUG org.hibernate.loader.Loader - Result row: EntityKey[edu.ncsu.csc.itrust2.models.persistent.LogEntry#154]
19:33:17.210 [main] DEBUG org.hibernate.loader.Loader - Result set row: 122
19:33:17.210 [main] DEBUG org.hibernate.loader.Loader - Result row: EntityKey[edu.ncsu.csc.itrust2.models.persistent.LogEntry#155]
19:33:17.210 [main] DEBUG org.hibernate.loader.Loader - Result set row: 123
19:33:17.210 [main] DEBUG org.hibernate.loader.Loader - Result row: EntityKey[edu.ncsu.csc.itrust2.models.persistent.LogEntry#156]
19:33:17.210 [main] DEBUG org.hibernate.loader.Loader - Result set row: 124
19:33:17.210 [main] DEBUG org.hibernate.loader.Loader - Result row: EntityKey[edu.ncsu.csc.itrust2.models.persistent.LogEntry#157]
19:33:17.211 [main] DEBUG org.hibernate.loader.Loader - Result set row: 125
19:33:17.211 [main] DEBUG org.hibernate.loader.Loader - Result row: EntityKey[edu.ncsu.csc.itrust2.models.persistent.LogEntry#158]
19:33:17.211 [main] DEBUG org.hibernate.loader.Loader - Result set row: 126
19:33:17.211 [main] DEBUG org.hibernate.loader.Loader - Result row: EntityKey[edu.ncsu.csc.itrust2.models.persistent.LogEntry#159]
19:33:17.211 [main] DEBUG org.hibernate.loader.Loader - Result set row: 127
19:33:17.211 [main] DEBUG org.hibernate.loader.Loader - Result row: EntityKey[edu.ncsu.csc.itrust2.models.persistent.LogEntry#160]
19:33:17.211 [main] DEBUG org.hibernate.loader.Loader - Result set row: 128
19:33:17.212 [main] DEBUG org.hibernate.loader.Loader - Result row: EntityKey[edu.ncsu.csc.itrust2.models.persistent.LogEntry#161]
19:33:17.212 [main] DEBUG org.hibernate.loader.Loader - Result set row: 129
19:33:17.212 [main] DEBUG org.hibernate.loader.Loader - Result row: EntityKey[edu.ncsu.csc.itrust2.models.persistent.LogEntry#162]
19:33:17.212 [main] DEBUG org.hibernate.loader.Loader - Result set row: 130
19:33:17.212 [main] DEBUG org.hibernate.loader.Loader - Result row: EntityKey[edu.ncsu.csc.itrust2.models.persistent.LogEntry#163]
19:33:17.212 [main] DEBUG org.hibernate.loader.Loader - Result set row: 131
19:33:17.212 [main] DEBUG org.hibernate.loader.Loader - Result row: EntityKey[edu.ncsu.csc.itrust2.models.persistent.LogEntry#164]
19:33:17.212 [main] DEBUG org.hibernate.loader.Loader - Result set row: 132
19:33:17.212 [main] DEBUG org.hibernate.loader.Loader - Result row: EntityKey[edu.ncsu.csc.itrust2.models.persistent.LogEntry#165]
19:33:17.213 [main] DEBUG org.hibernate.loader.Loader - Result set row: 133
19:33:17.213 [main] DEBUG org.hibernate.loader.Loader - Result row: EntityKey[edu.ncsu.csc.itrust2.models.persistent.LogEntry#166]
19:33:17.213 [main] DEBUG org.hibernate.loader.Loader - Result set row: 134
19:33:17.213 [main] DEBUG org.hibernate.loader.Loader - Result row: EntityKey[edu.ncsu.csc.itrust2.models.persistent.LogEntry#167]
19:33:17.213 [main] DEBUG org.hibernate.loader.Loader - Result set row: 135
19:33:17.214 [main] DEBUG org.hibernate.loader.Loader - Result row: EntityKey[edu.ncsu.csc.itrust2.models.persistent.LogEntry#168]
19:33:17.214 [main] DEBUG org.hibernate.loader.Loader - Result set row: 136
19:33:17.214 [main] DEBUG org.hibernate.loader.Loader - Result row: EntityKey[edu.ncsu.csc.itrust2.models.persistent.LogEntry#169]
19:33:17.214 [main] DEBUG org.hibernate.loader.Loader - Result set row: 137
19:33:17.214 [main] DEBUG org.hibernate.loader.Loader - Result row: EntityKey[edu.ncsu.csc.itrust2.models.persistent.LogEntry#170]
19:33:17.214 [main] DEBUG org.hibernate.loader.Loader - Result set row: 138
19:33:17.214 [main] DEBUG org.hibernate.loader.Loader - Result row: EntityKey[edu.ncsu.csc.itrust2.models.persistent.LogEntry#171]
19:33:17.214 [main] DEBUG org.hibernate.loader.Loader - Result set row: 139
19:33:17.214 [main] DEBUG org.hibernate.loader.Loader - Result row: EntityKey[edu.ncsu.csc.itrust2.models.persistent.LogEntry#172]
19:33:17.216 [main] DEBUG org.hibernate.loader.Loader - Result set row: 140
19:33:17.217 [main] DEBUG org.hibernate.loader.Loader - Result row: EntityKey[edu.ncsu.csc.itrust2.models.persistent.LogEntry#173]
19:33:17.217 [main] DEBUG org.hibernate.loader.Loader - Result set row: 141
19:33:17.217 [main] DEBUG org.hibernate.loader.Loader - Result row: EntityKey[edu.ncsu.csc.itrust2.models.persistent.LogEntry#174]
19:33:17.217 [main] DEBUG org.hibernate.loader.Loader - Result set row: 142
19:33:17.219 [main] DEBUG org.hibernate.loader.Loader - Result row: EntityKey[edu.ncsu.csc.itrust2.models.persistent.LogEntry#175]
19:33:17.219 [main] DEBUG org.hibernate.loader.Loader - Result set row: 143
19:33:17.220 [main] DEBUG org.hibernate.loader.Loader - Result row: EntityKey[edu.ncsu.csc.itrust2.models.persistent.LogEntry#176]
19:33:17.220 [main] DEBUG org.hibernate.loader.Loader - Result set row: 144
19:33:17.220 [main] DEBUG org.hibernate.loader.Loader - Result row: EntityKey[edu.ncsu.csc.itrust2.models.persistent.LogEntry#177]
19:33:17.221 [main] DEBUG org.hibernate.loader.Loader - Result set row: 145
19:33:17.221 [main] DEBUG org.hibernate.loader.Loader - Result row: EntityKey[edu.ncsu.csc.itrust2.models.persistent.LogEntry#178]
19:33:17.221 [main] DEBUG org.hibernate.loader.Loader - Result set row: 146
19:33:17.221 [main] DEBUG org.hibernate.loader.Loader - Result row: EntityKey[edu.ncsu.csc.itrust2.models.persistent.LogEntry#179]
19:33:17.222 [main] DEBUG org.hibernate.loader.Loader - Result set row: 147
19:33:17.222 [main] DEBUG org.hibernate.loader.Loader - Result row: EntityKey[edu.ncsu.csc.itrust2.models.persistent.LogEntry#180]
19:33:17.222 [main] DEBUG org.hibernate.loader.Loader - Result set row: 148
19:33:17.224 [main] DEBUG org.hibernate.loader.Loader - Result row: EntityKey[edu.ncsu.csc.itrust2.models.persistent.LogEntry#181]
19:33:17.226 [main] DEBUG org.hibernate.loader.Loader - Result set row: 149
19:33:17.226 [main] DEBUG org.hibernate.loader.Loader - Result row: EntityKey[edu.ncsu.csc.itrust2.models.persistent.LogEntry#182]
19:33:17.227 [main] DEBUG org.hibernate.loader.Loader - Result set row: 150
19:33:17.227 [main] DEBUG org.hibernate.loader.Loader - Result row: EntityKey[edu.ncsu.csc.itrust2.models.persistent.LogEntry#183]
19:33:17.228 [main] DEBUG org.hibernate.loader.Loader - Result set row: 151
19:33:17.228 [main] DEBUG org.hibernate.loader.Loader - Result row: EntityKey[edu.ncsu.csc.itrust2.models.persistent.LogEntry#184]
19:33:17.230 [main] DEBUG org.hibernate.loader.Loader - Result set row: 152
19:33:17.230 [main] DEBUG org.hibernate.loader.Loader - Result row: EntityKey[edu.ncsu.csc.itrust2.models.persistent.LogEntry#185]
19:33:17.231 [main] DEBUG org.hibernate.loader.Loader - Result set row: 153
19:33:17.231 [main] DEBUG org.hibernate.loader.Loader - Result row: EntityKey[edu.ncsu.csc.itrust2.models.persistent.LogEntry#186]
19:33:17.235 [main] DEBUG org.hibernate.loader.Loader - Result set row: 154
19:33:17.235 [main] DEBUG org.hibernate.loader.Loader - Result row: EntityKey[edu.ncsu.csc.itrust2.models.persistent.LogEntry#187]
19:33:17.235 [main] DEBUG org.hibernate.loader.Loader - Result set row: 155
19:33:17.235 [main] DEBUG org.hibernate.loader.Loader - Result row: EntityKey[edu.ncsu.csc.itrust2.models.persistent.LogEntry#188]
19:33:17.236 [main] DEBUG org.hibernate.loader.Loader - Result set row: 156
19:33:17.236 [main] DEBUG org.hibernate.loader.Loader - Result row: EntityKey[edu.ncsu.csc.itrust2.models.persistent.LogEntry#189]
19:33:17.236 [main] DEBUG org.hibernate.loader.Loader - Result set row: 157
19:33:17.236 [main] DEBUG org.hibernate.loader.Loader - Result row: EntityKey[edu.ncsu.csc.itrust2.models.persistent.LogEntry#190]
19:33:17.236 [main] DEBUG org.hibernate.loader.Loader - Result set row: 158
19:33:17.236 [main] DEBUG org.hibernate.loader.Loader - Result row: EntityKey[edu.ncsu.csc.itrust2.models.persistent.LogEntry#191]
19:33:17.236 [main] DEBUG org.hibernate.loader.Loader - Result set row: 159
19:33:17.237 [main] DEBUG org.hibernate.loader.Loader - Result row: EntityKey[edu.ncsu.csc.itrust2.models.persistent.LogEntry#192]
19:33:17.237 [main] DEBUG org.hibernate.loader.Loader - Result set row: 160
19:33:17.237 [main] DEBUG org.hibernate.loader.Loader - Result row: EntityKey[edu.ncsu.csc.itrust2.models.persistent.LogEntry#193]
19:33:17.237 [main] DEBUG org.hibernate.loader.Loader - Result set row: 161
19:33:17.237 [main] DEBUG org.hibernate.loader.Loader - Result row: EntityKey[edu.ncsu.csc.itrust2.models.persistent.LogEntry#194]
19:33:17.238 [main] DEBUG org.hibernate.loader.Loader - Result set row: 162
19:33:17.238 [main] DEBUG org.hibernate.loader.Loader - Result row: EntityKey[edu.ncsu.csc.itrust2.models.persistent.LogEntry#195]
19:33:17.238 [main] DEBUG org.hibernate.loader.Loader - Result set row: 163
19:33:17.238 [main] DEBUG org.hibernate.loader.Loader - Result row: EntityKey[edu.ncsu.csc.itrust2.models.persistent.LogEntry#196]
19:33:17.240 [main] DEBUG org.hibernate.loader.Loader - Result set row: 164
19:33:17.240 [main] DEBUG org.hibernate.loader.Loader - Result row: EntityKey[edu.ncsu.csc.itrust2.models.persistent.LogEntry#197]
19:33:17.240 [main] DEBUG org.hibernate.loader.Loader - Result set row: 165
19:33:17.240 [main] DEBUG org.hibernate.loader.Loader - Result row: EntityKey[edu.ncsu.csc.itrust2.models.persistent.LogEntry#198]
19:33:17.241 [main] DEBUG org.hibernate.loader.Loader - Result set row: 166
19:33:17.241 [main] DEBUG org.hibernate.loader.Loader - Result row: EntityKey[edu.ncsu.csc.itrust2.models.persistent.LogEntry#199]
19:33:17.241 [main] DEBUG org.hibernate.loader.Loader - Result set row: 167
19:33:17.241 [main] DEBUG org.hibernate.loader.Loader - Result row: EntityKey[edu.ncsu.csc.itrust2.models.persistent.LogEntry#200]
19:33:17.241 [main] DEBUG org.hibernate.loader.Loader - Result set row: 168
19:33:17.241 [main] DEBUG org.hibernate.loader.Loader - Result row: EntityKey[edu.ncsu.csc.itrust2.models.persistent.LogEntry#201]
19:33:17.243 [main] DEBUG org.hibernate.loader.Loader - Result set row: 169
19:33:17.243 [main] DEBUG org.hibernate.loader.Loader - Result row: EntityKey[edu.ncsu.csc.itrust2.models.persistent.LogEntry#202]
19:33:17.244 [main] DEBUG org.hibernate.loader.Loader - Result set row: 170
19:33:17.244 [main] DEBUG org.hibernate.loader.Loader - Result row: EntityKey[edu.ncsu.csc.itrust2.models.persistent.LogEntry#203]
19:33:17.244 [main] DEBUG org.hibernate.loader.Loader - Result set row: 171
19:33:17.245 [main] DEBUG org.hibernate.loader.Loader - Result row: EntityKey[edu.ncsu.csc.itrust2.models.persistent.LogEntry#204]
19:33:17.245 [main] DEBUG org.hibernate.loader.Loader - Result set row: 172
19:33:17.245 [main] DEBUG org.hibernate.loader.Loader - Result row: EntityKey[edu.ncsu.csc.itrust2.models.persistent.LogEntry#205]
19:33:17.247 [main] DEBUG org.hibernate.loader.Loader - Result set row: 173
19:33:17.247 [main] DEBUG org.hibernate.loader.Loader - Result row: EntityKey[edu.ncsu.csc.itrust2.models.persistent.LogEntry#206]
19:33:17.247 [main] DEBUG org.hibernate.loader.Loader - Result set row: 174
19:33:17.248 [main] DEBUG org.hibernate.loader.Loader - Result row: EntityKey[edu.ncsu.csc.itrust2.models.persistent.LogEntry#207]
19:33:17.250 [main] DEBUG org.hibernate.loader.Loader - Result set row: 175
19:33:17.250 [main] DEBUG org.hibernate.loader.Loader - Result row: EntityKey[edu.ncsu.csc.itrust2.models.persistent.LogEntry#208]
19:33:17.250 [main] DEBUG org.hibernate.loader.Loader - Result set row: 176
19:33:17.251 [main] DEBUG org.hibernate.loader.Loader - Result row: EntityKey[edu.ncsu.csc.itrust2.models.persistent.LogEntry#209]
19:33:17.251 [main] DEBUG org.hibernate.loader.Loader - Result set row: 177
19:33:17.251 [main] DEBUG org.hibernate.loader.Loader - Result row: EntityKey[edu.ncsu.csc.itrust2.models.persistent.LogEntry#210]
19:33:17.251 [main] DEBUG org.hibernate.loader.Loader - Result set row: 178
19:33:17.251 [main] DEBUG org.hibernate.loader.Loader - Result row: EntityKey[edu.ncsu.csc.itrust2.models.persistent.LogEntry#211]
19:33:17.252 [main] DEBUG org.hibernate.loader.Loader - Result set row: 179
19:33:17.252 [main] DEBUG org.hibernate.loader.Loader - Result row: EntityKey[edu.ncsu.csc.itrust2.models.persistent.LogEntry#212]
19:33:17.257 [main] DEBUG org.hibernate.loader.Loader - Result set row: 180
19:33:17.257 [main] DEBUG org.hibernate.loader.Loader - Result row: EntityKey[edu.ncsu.csc.itrust2.models.persistent.LogEntry#213]
19:33:17.258 [main] DEBUG org.hibernate.loader.Loader - Result set row: 181
19:33:17.258 [main] DEBUG org.hibernate.loader.Loader - Result row: EntityKey[edu.ncsu.csc.itrust2.models.persistent.LogEntry#214]
19:33:17.258 [main] DEBUG org.hibernate.loader.Loader - Result set row: 182
19:33:17.258 [main] DEBUG org.hibernate.loader.Loader - Result row: EntityKey[edu.ncsu.csc.itrust2.models.persistent.LogEntry#215]
19:33:17.258 [main] DEBUG org.hibernate.loader.Loader - Result set row: 183
19:33:17.259 [main] DEBUG org.hibernate.loader.Loader - Result row: EntityKey[edu.ncsu.csc.itrust2.models.persistent.LogEntry#216]
19:33:17.259 [main] DEBUG org.hibernate.loader.Loader - Result set row: 184
19:33:17.259 [main] DEBUG org.hibernate.loader.Loader - Result row: EntityKey[edu.ncsu.csc.itrust2.models.persistent.LogEntry#217]
19:33:17.259 [main] DEBUG org.hibernate.loader.Loader - Result set row: 185
19:33:17.259 [main] DEBUG org.hibernate.loader.Loader - Result row: EntityKey[edu.ncsu.csc.itrust2.models.persistent.LogEntry#218]
19:33:17.260 [main] DEBUG org.hibernate.loader.Loader - Result set row: 186
19:33:17.260 [main] DEBUG org.hibernate.loader.Loader - Result row: EntityKey[edu.ncsu.csc.itrust2.models.persistent.LogEntry#219]
19:33:17.260 [main] DEBUG org.hibernate.loader.Loader - Result set row: 187
19:33:17.260 [main] DEBUG org.hibernate.loader.Loader - Result row: EntityKey[edu.ncsu.csc.itrust2.models.persistent.LogEntry#220]
19:33:17.260 [main] DEBUG org.hibernate.loader.Loader - Result set row: 188
19:33:17.260 [main] DEBUG org.hibernate.loader.Loader - Result row: EntityKey[edu.ncsu.csc.itrust2.models.persistent.LogEntry#221]
19:33:17.261 [main] DEBUG org.hibernate.loader.Loader - Result set row: 189
19:33:17.261 [main] DEBUG org.hibernate.loader.Loader - Result row: EntityKey[edu.ncsu.csc.itrust2.models.persistent.LogEntry#222]
19:33:17.261 [main] DEBUG org.hibernate.loader.Loader - Result set row: 190
19:33:17.261 [main] DEBUG org.hibernate.loader.Loader - Result row: EntityKey[edu.ncsu.csc.itrust2.models.persistent.LogEntry#223]
19:33:17.261 [main] DEBUG org.hibernate.loader.Loader - Result set row: 191
19:33:17.262 [main] DEBUG org.hibernate.loader.Loader - Result row: EntityKey[edu.ncsu.csc.itrust2.models.persistent.LogEntry#224]
19:33:17.262 [main] DEBUG org.hibernate.loader.Loader - Result set row: 192
19:33:17.262 [main] DEBUG org.hibernate.loader.Loader - Result row: EntityKey[edu.ncsu.csc.itrust2.models.persistent.LogEntry#225]
19:33:17.262 [main] DEBUG org.hibernate.loader.Loader - Result set row: 193
19:33:17.262 [main] DEBUG org.hibernate.loader.Loader - Result row: EntityKey[edu.ncsu.csc.itrust2.models.persistent.LogEntry#226]
19:33:17.262 [main] DEBUG org.hibernate.loader.Loader - Result set row: 194
19:33:17.263 [main] DEBUG org.hibernate.loader.Loader - Result row: EntityKey[edu.ncsu.csc.itrust2.models.persistent.LogEntry#227]
19:33:17.263 [main] DEBUG org.hibernate.loader.Loader - Result set row: 195
19:33:17.263 [main] DEBUG org.hibernate.loader.Loader - Result row: EntityKey[edu.ncsu.csc.itrust2.models.persistent.LogEntry#228]
19:33:17.263 [main] DEBUG org.hibernate.loader.Loader - Result set row: 196
19:33:17.263 [main] DEBUG org.hibernate.loader.Loader - Result row: EntityKey[edu.ncsu.csc.itrust2.models.persistent.LogEntry#229]
19:33:17.263 [main] DEBUG org.hibernate.loader.Loader - Result set row: 197
19:33:17.263 [main] DEBUG org.hibernate.loader.Loader - Result row: EntityKey[edu.ncsu.csc.itrust2.models.persistent.LogEntry#230]
19:33:17.271 [main] DEBUG org.hibernate.loader.Loader - Result set row: 198
19:33:17.271 [main] DEBUG org.hibernate.loader.Loader - Result row: EntityKey[edu.ncsu.csc.itrust2.models.persistent.LogEntry#231]
19:33:17.271 [main] DEBUG org.hibernate.loader.Loader - Result set row: 199
19:33:17.272 [main] DEBUG org.hibernate.loader.Loader - Result row: EntityKey[edu.ncsu.csc.itrust2.models.persistent.LogEntry#232]
19:33:17.272 [main] DEBUG org.hibernate.loader.Loader - Result set row: 200
19:33:17.272 [main] DEBUG org.hibernate.loader.Loader - Result row: EntityKey[edu.ncsu.csc.itrust2.models.persistent.LogEntry#233]
19:33:17.272 [main] DEBUG org.hibernate.loader.Loader - Result set row: 201
19:33:17.272 [main] DEBUG org.hibernate.loader.Loader - Result row: EntityKey[edu.ncsu.csc.itrust2.models.persistent.LogEntry#234]
19:33:17.272 [main] DEBUG org.hibernate.loader.Loader - Result set row: 202
19:33:17.272 [main] DEBUG org.hibernate.loader.Loader - Result row: EntityKey[edu.ncsu.csc.itrust2.models.persistent.LogEntry#235]
19:33:17.273 [main] DEBUG org.hibernate.loader.Loader - Result set row: 203
19:33:17.273 [main] DEBUG org.hibernate.loader.Loader - Result row: EntityKey[edu.ncsu.csc.itrust2.models.persistent.LogEntry#236]
19:33:17.273 [main] DEBUG org.hibernate.loader.Loader - Result set row: 204
19:33:17.273 [main] DEBUG org.hibernate.loader.Loader - Result row: EntityKey[edu.ncsu.csc.itrust2.models.persistent.LogEntry#237]
19:33:17.273 [main] DEBUG org.hibernate.loader.Loader - Result set row: 205
19:33:17.273 [main] DEBUG org.hibernate.loader.Loader - Result row: EntityKey[edu.ncsu.csc.itrust2.models.persistent.LogEntry#238]
19:33:17.273 [main] DEBUG org.hibernate.loader.Loader - Result set row: 206
19:33:17.273 [main] DEBUG org.hibernate.loader.Loader - Result row: EntityKey[edu.ncsu.csc.itrust2.models.persistent.LogEntry#239]
19:33:17.274 [main] DEBUG org.hibernate.loader.Loader - Result set row: 207
19:33:17.274 [main] DEBUG org.hibernate.loader.Loader - Result row: EntityKey[edu.ncsu.csc.itrust2.models.persistent.LogEntry#240]
19:33:17.274 [main] DEBUG org.hibernate.loader.Loader - Result set row: 208
19:33:17.274 [main] DEBUG org.hibernate.loader.Loader - Result row: EntityKey[edu.ncsu.csc.itrust2.models.persistent.LogEntry#241]
19:33:17.274 [main] DEBUG org.hibernate.loader.Loader - Result set row: 209
19:33:17.274 [main] DEBUG org.hibernate.loader.Loader - Result row: EntityKey[edu.ncsu.csc.itrust2.models.persistent.LogEntry#242]
19:33:17.274 [main] DEBUG org.hibernate.loader.Loader - Result set row: 210
19:33:17.274 [main] DEBUG org.hibernate.loader.Loader - Result row: EntityKey[edu.ncsu.csc.itrust2.models.persistent.LogEntry#243]
19:33:17.274 [main] DEBUG org.hibernate.loader.Loader - Result set row: 211
19:33:17.274 [main] DEBUG org.hibernate.loader.Loader - Result row: EntityKey[edu.ncsu.csc.itrust2.models.persistent.LogEntry#244]
19:33:17.274 [main] DEBUG org.hibernate.loader.Loader - Result set row: 212
19:33:17.274 [main] DEBUG org.hibernate.loader.Loader - Result row: EntityKey[edu.ncsu.csc.itrust2.models.persistent.LogEntry#245]
19:33:17.275 [main] DEBUG org.hibernate.loader.Loader - Result set row: 213
19:33:17.275 [main] DEBUG org.hibernate.loader.Loader - Result row: EntityKey[edu.ncsu.csc.itrust2.models.persistent.LogEntry#246]
19:33:17.275 [main] DEBUG org.hibernate.loader.Loader - Result set row: 214
19:33:17.275 [main] DEBUG org.hibernate.loader.Loader - Result row: EntityKey[edu.ncsu.csc.itrust2.models.persistent.LogEntry#247]
19:33:17.275 [main] DEBUG org.hibernate.loader.Loader - Result set row: 215
19:33:17.275 [main] DEBUG org.hibernate.loader.Loader - Result row: EntityKey[edu.ncsu.csc.itrust2.models.persistent.LogEntry#248]
19:33:17.275 [main] DEBUG org.hibernate.loader.Loader - Result set row: 216
19:33:17.275 [main] DEBUG org.hibernate.loader.Loader - Result row: EntityKey[edu.ncsu.csc.itrust2.models.persistent.LogEntry#249]
19:33:17.275 [main] DEBUG org.hibernate.loader.Loader - Result set row: 217
19:33:17.275 [main] DEBUG org.hibernate.loader.Loader - Result row: EntityKey[edu.ncsu.csc.itrust2.models.persistent.LogEntry#250]
19:33:17.275 [main] DEBUG org.hibernate.loader.Loader - Result set row: 218
19:33:17.276 [main] DEBUG org.hibernate.loader.Loader - Result row: EntityKey[edu.ncsu.csc.itrust2.models.persistent.LogEntry#251]
19:33:17.276 [main] DEBUG org.hibernate.loader.Loader - Result set row: 219
19:33:17.276 [main] DEBUG org.hibernate.loader.Loader - Result row: EntityKey[edu.ncsu.csc.itrust2.models.persistent.LogEntry#252]
19:33:17.276 [main] DEBUG org.hibernate.loader.Loader - Result set row: 220
19:33:17.276 [main] DEBUG org.hibernate.loader.Loader - Result row: EntityKey[edu.ncsu.csc.itrust2.models.persistent.LogEntry#253]
19:33:17.276 [main] DEBUG org.hibernate.loader.Loader - Result set row: 221
19:33:17.276 [main] DEBUG org.hibernate.loader.Loader - Result row: EntityKey[edu.ncsu.csc.itrust2.models.persistent.LogEntry#254]
19:33:17.276 [main] DEBUG org.hibernate.loader.Loader - Result set row: 222
19:33:17.276 [main] DEBUG org.hibernate.loader.Loader - Result row: EntityKey[edu.ncsu.csc.itrust2.models.persistent.LogEntry#255]
19:33:17.276 [main] DEBUG org.hibernate.loader.Loader - Result set row: 223
19:33:17.276 [main] DEBUG org.hibernate.loader.Loader - Result row: EntityKey[edu.ncsu.csc.itrust2.models.persistent.LogEntry#256]
19:33:17.276 [main] DEBUG org.hibernate.loader.Loader - Result set row: 224
19:33:17.276 [main] DEBUG org.hibernate.loader.Loader - Result row: EntityKey[edu.ncsu.csc.itrust2.models.persistent.LogEntry#257]
19:33:17.276 [main] DEBUG org.hibernate.loader.Loader - Result set row: 225
19:33:17.276 [main] DEBUG org.hibernate.loader.Loader - Result row: EntityKey[edu.ncsu.csc.itrust2.models.persistent.LogEntry#258]
19:33:17.277 [main] DEBUG org.hibernate.loader.Loader - Result set row: 226
19:33:17.277 [main] DEBUG org.hibernate.loader.Loader - Result row: EntityKey[edu.ncsu.csc.itrust2.models.persistent.LogEntry#259]
19:33:17.277 [main] DEBUG org.hibernate.loader.Loader - Result set row: 227
19:33:17.277 [main] DEBUG org.hibernate.loader.Loader - Result row: EntityKey[edu.ncsu.csc.itrust2.models.persistent.LogEntry#260]
19:33:17.277 [main] DEBUG org.hibernate.loader.Loader - Result set row: 228
19:33:17.277 [main] DEBUG org.hibernate.loader.Loader - Result row: EntityKey[edu.ncsu.csc.itrust2.models.persistent.LogEntry#261]
19:33:17.277 [main] DEBUG org.hibernate.loader.Loader - Result set row: 229
19:33:17.277 [main] DEBUG org.hibernate.loader.Loader - Result row: EntityKey[edu.ncsu.csc.itrust2.models.persistent.LogEntry#262]
19:33:17.277 [main] DEBUG org.hibernate.loader.Loader - Result set row: 230
19:33:17.277 [main] DEBUG org.hibernate.loader.Loader - Result row: EntityKey[edu.ncsu.csc.itrust2.models.persistent.LogEntry#263]
19:33:17.277 [main] DEBUG org.hibernate.loader.Loader - Result set row: 231
19:33:17.277 [main] DEBUG org.hibernate.loader.Loader - Result row: EntityKey[edu.ncsu.csc.itrust2.models.persistent.LogEntry#264]
19:33:17.277 [main] DEBUG org.hibernate.loader.Loader - Result set row: 232
19:33:17.277 [main] DEBUG org.hibernate.loader.Loader - Result row: EntityKey[edu.ncsu.csc.itrust2.models.persistent.LogEntry#265]
19:33:17.278 [main] DEBUG org.hibernate.loader.Loader - Result set row: 233
19:33:17.278 [main] DEBUG org.hibernate.loader.Loader - Result row: EntityKey[edu.ncsu.csc.itrust2.models.persistent.LogEntry#266]
19:33:17.278 [main] DEBUG org.hibernate.loader.Loader - Result set row: 234
19:33:17.278 [main] DEBUG org.hibernate.loader.Loader - Result row: EntityKey[edu.ncsu.csc.itrust2.models.persistent.LogEntry#267]
19:33:17.278 [main] DEBUG org.hibernate.loader.Loader - Result set row: 235
19:33:17.278 [main] DEBUG org.hibernate.loader.Loader - Result row: EntityKey[edu.ncsu.csc.itrust2.models.persistent.LogEntry#268]
19:33:17.278 [main] DEBUG org.hibernate.loader.Loader - Result set row: 236
19:33:17.278 [main] DEBUG org.hibernate.loader.Loader - Result row: EntityKey[edu.ncsu.csc.itrust2.models.persistent.LogEntry#269]
19:33:17.278 [main] DEBUG org.hibernate.loader.Loader - Result set row: 237
19:33:17.278 [main] DEBUG org.hibernate.loader.Loader - Result row: EntityKey[edu.ncsu.csc.itrust2.models.persistent.LogEntry#270]
19:33:17.278 [main] DEBUG org.hibernate.loader.Loader - Result set row: 238
19:33:17.278 [main] DEBUG org.hibernate.loader.Loader - Result row: EntityKey[edu.ncsu.csc.itrust2.models.persistent.LogEntry#271]
19:33:17.278 [main] DEBUG org.hibernate.loader.Loader - Result set row: 239
19:33:17.278 [main] DEBUG org.hibernate.loader.Loader - Result row: EntityKey[edu.ncsu.csc.itrust2.models.persistent.LogEntry#272]
19:33:17.278 [main] DEBUG org.hibernate.loader.Loader - Result set row: 240
19:33:17.278 [main] DEBUG org.hibernate.loader.Loader - Result row: EntityKey[edu.ncsu.csc.itrust2.models.persistent.LogEntry#273]
19:33:17.278 [main] DEBUG org.hibernate.loader.Loader - Result set row: 241
19:33:17.278 [main] DEBUG org.hibernate.loader.Loader - Result row: EntityKey[edu.ncsu.csc.itrust2.models.persistent.LogEntry#274]
19:33:17.279 [main] DEBUG org.hibernate.loader.Loader - Result set row: 242
19:33:17.279 [main] DEBUG org.hibernate.loader.Loader - Result row: EntityKey[edu.ncsu.csc.itrust2.models.persistent.LogEntry#275]
19:33:17.279 [main] DEBUG org.hibernate.loader.Loader - Result set row: 243
19:33:17.279 [main] DEBUG org.hibernate.loader.Loader - Result row: EntityKey[edu.ncsu.csc.itrust2.models.persistent.LogEntry#276]
19:33:17.279 [main] DEBUG org.hibernate.loader.Loader - Result set row: 244
19:33:17.279 [main] DEBUG org.hibernate.loader.Loader - Result row: EntityKey[edu.ncsu.csc.itrust2.models.persistent.LogEntry#277]
19:33:17.279 [main] DEBUG org.hibernate.loader.Loader - Result set row: 245
19:33:17.279 [main] DEBUG org.hibernate.loader.Loader - Result row: EntityKey[edu.ncsu.csc.itrust2.models.persistent.LogEntry#278]
19:33:17.279 [main] DEBUG org.hibernate.loader.Loader - Result set row: 246
19:33:17.279 [main] DEBUG org.hibernate.loader.Loader - Result row: EntityKey[edu.ncsu.csc.itrust2.models.persistent.LogEntry#279]
19:33:17.287 [main] DEBUG org.hibernate.loader.Loader - Result set row: 247
19:33:17.287 [main] DEBUG org.hibernate.loader.Loader - Result row: EntityKey[edu.ncsu.csc.itrust2.models.persistent.LogEntry#280]
19:33:17.288 [main] DEBUG org.hibernate.loader.Loader - Result set row: 248
19:33:17.288 [main] DEBUG org.hibernate.loader.Loader - Result row: EntityKey[edu.ncsu.csc.itrust2.models.persistent.LogEntry#281]
19:33:17.288 [main] DEBUG org.hibernate.loader.Loader - Result set row: 249
19:33:17.288 [main] DEBUG org.hibernate.loader.Loader - Result row: EntityKey[edu.ncsu.csc.itrust2.models.persistent.LogEntry#282]
19:33:17.289 [main] DEBUG org.hibernate.loader.Loader - Result set row: 250
19:33:17.289 [main] DEBUG org.hibernate.loader.Loader - Result row: EntityKey[edu.ncsu.csc.itrust2.models.persistent.LogEntry#283]
19:33:17.289 [main] DEBUG org.hibernate.loader.Loader - Result set row: 251
19:33:17.289 [main] DEBUG org.hibernate.loader.Loader - Result row: EntityKey[edu.ncsu.csc.itrust2.models.persistent.LogEntry#284]
19:33:17.289 [main] DEBUG org.hibernate.loader.Loader - Result set row: 252
19:33:17.289 [main] DEBUG org.hibernate.loader.Loader - Result row: EntityKey[edu.ncsu.csc.itrust2.models.persistent.LogEntry#285]
19:33:17.289 [main] DEBUG org.hibernate.loader.Loader - Result set row: 253
19:33:17.289 [main] DEBUG org.hibernate.loader.Loader - Result row: EntityKey[edu.ncsu.csc.itrust2.models.persistent.LogEntry#286]
19:33:17.290 [main] DEBUG org.hibernate.loader.Loader - Result set row: 254
19:33:17.290 [main] DEBUG org.hibernate.loader.Loader - Result row: EntityKey[edu.ncsu.csc.itrust2.models.persistent.LogEntry#287]
19:33:17.290 [main] DEBUG org.hibernate.loader.Loader - Result set row: 255
19:33:17.290 [main] DEBUG org.hibernate.loader.Loader - Result row: EntityKey[edu.ncsu.csc.itrust2.models.persistent.LogEntry#288]
19:33:17.290 [main] DEBUG org.hibernate.loader.Loader - Result set row: 256
19:33:17.290 [main] DEBUG org.hibernate.loader.Loader - Result row: EntityKey[edu.ncsu.csc.itrust2.models.persistent.LogEntry#289]
19:33:17.290 [main] DEBUG org.hibernate.loader.Loader - Result set row: 257
19:33:17.290 [main] DEBUG org.hibernate.loader.Loader - Result row: EntityKey[edu.ncsu.csc.itrust2.models.persistent.LogEntry#290]
19:33:17.291 [main] DEBUG org.hibernate.loader.Loader - Result set row: 258
19:33:17.291 [main] DEBUG org.hibernate.loader.Loader - Result row: EntityKey[edu.ncsu.csc.itrust2.models.persistent.LogEntry#291]
19:33:17.291 [main] DEBUG org.hibernate.loader.Loader - Result set row: 259
19:33:17.291 [main] DEBUG org.hibernate.loader.Loader - Result row: EntityKey[edu.ncsu.csc.itrust2.models.persistent.LogEntry#292]
19:33:17.291 [main] DEBUG org.hibernate.loader.Loader - Result set row: 260
19:33:17.291 [main] DEBUG org.hibernate.loader.Loader - Result row: EntityKey[edu.ncsu.csc.itrust2.models.persistent.LogEntry#293]
19:33:17.291 [main] DEBUG org.hibernate.loader.Loader - Result set row: 261
19:33:17.291 [main] DEBUG org.hibernate.loader.Loader - Result row: EntityKey[edu.ncsu.csc.itrust2.models.persistent.LogEntry#294]
19:33:17.292 [main] DEBUG org.hibernate.loader.Loader - Result set row: 262
19:33:17.292 [main] DEBUG org.hibernate.loader.Loader - Result row: EntityKey[edu.ncsu.csc.itrust2.models.persistent.LogEntry#295]
19:33:17.292 [main] DEBUG org.hibernate.loader.Loader - Result set row: 263
19:33:17.292 [main] DEBUG org.hibernate.loader.Loader - Result row: EntityKey[edu.ncsu.csc.itrust2.models.persistent.LogEntry#296]
19:33:17.292 [main] DEBUG org.hibernate.loader.Loader - Result set row: 264
19:33:17.292 [main] DEBUG org.hibernate.loader.Loader - Result row: EntityKey[edu.ncsu.csc.itrust2.models.persistent.LogEntry#297]
19:33:17.292 [main] DEBUG org.hibernate.loader.Loader - Result set row: 265
19:33:17.292 [main] DEBUG org.hibernate.loader.Loader - Result row: EntityKey[edu.ncsu.csc.itrust2.models.persistent.LogEntry#298]
19:33:17.292 [main] DEBUG org.hibernate.loader.Loader - Result set row: 266
19:33:17.293 [main] DEBUG org.hibernate.loader.Loader - Result row: EntityKey[edu.ncsu.csc.itrust2.models.persistent.LogEntry#299]
19:33:17.293 [main] DEBUG org.hibernate.loader.Loader - Result set row: 267
19:33:17.293 [main] DEBUG org.hibernate.loader.Loader - Result row: EntityKey[edu.ncsu.csc.itrust2.models.persistent.LogEntry#300]
19:33:17.293 [main] DEBUG org.hibernate.loader.Loader - Result set row: 268
19:33:17.293 [main] DEBUG org.hibernate.loader.Loader - Result row: EntityKey[edu.ncsu.csc.itrust2.models.persistent.LogEntry#301]
19:33:17.293 [main] DEBUG org.hibernate.loader.Loader - Result set row: 269
19:33:17.293 [main] DEBUG org.hibernate.loader.Loader - Result row: EntityKey[edu.ncsu.csc.itrust2.models.persistent.LogEntry#302]
19:33:17.293 [main] DEBUG org.hibernate.loader.Loader - Result set row: 270
19:33:17.293 [main] DEBUG org.hibernate.loader.Loader - Result row: EntityKey[edu.ncsu.csc.itrust2.models.persistent.LogEntry#303]
19:33:17.294 [main] DEBUG org.hibernate.loader.Loader - Result set row: 271
19:33:17.294 [main] DEBUG org.hibernate.loader.Loader - Result row: EntityKey[edu.ncsu.csc.itrust2.models.persistent.LogEntry#304]
19:33:17.294 [main] DEBUG org.hibernate.loader.Loader - Result set row: 272
19:33:17.294 [main] DEBUG org.hibernate.loader.Loader - Result row: EntityKey[edu.ncsu.csc.itrust2.models.persistent.LogEntry#305]
19:33:17.294 [main] DEBUG org.hibernate.loader.Loader - Result set row: 273
19:33:17.294 [main] DEBUG org.hibernate.loader.Loader - Result row: EntityKey[edu.ncsu.csc.itrust2.models.persistent.LogEntry#306]
19:33:17.294 [main] DEBUG org.hibernate.loader.Loader - Result set row: 274
19:33:17.294 [main] DEBUG org.hibernate.loader.Loader - Result row: EntityKey[edu.ncsu.csc.itrust2.models.persistent.LogEntry#307]
19:33:17.294 [main] DEBUG org.hibernate.loader.Loader - Result set row: 275
19:33:17.294 [main] DEBUG org.hibernate.loader.Loader - Result row: EntityKey[edu.ncsu.csc.itrust2.models.persistent.LogEntry#308]
19:33:17.295 [main] DEBUG org.hibernate.loader.Loader - Result set row: 276
19:33:17.295 [main] DEBUG org.hibernate.loader.Loader - Result row: EntityKey[edu.ncsu.csc.itrust2.models.persistent.LogEntry#309]
19:33:17.295 [main] DEBUG org.hibernate.loader.Loader - Result set row: 277
19:33:17.295 [main] DEBUG org.hibernate.loader.Loader - Result row: EntityKey[edu.ncsu.csc.itrust2.models.persistent.LogEntry#310]
19:33:17.295 [main] DEBUG org.hibernate.loader.Loader - Result set row: 278
19:33:17.295 [main] DEBUG org.hibernate.loader.Loader - Result row: EntityKey[edu.ncsu.csc.itrust2.models.persistent.LogEntry#311]
19:33:17.295 [main] DEBUG org.hibernate.loader.Loader - Result set row: 279
19:33:17.295 [main] DEBUG org.hibernate.loader.Loader - Result row: EntityKey[edu.ncsu.csc.itrust2.models.persistent.LogEntry#312]
19:33:17.296 [main] DEBUG org.hibernate.loader.Loader - Result set row: 280
19:33:17.296 [main] DEBUG org.hibernate.loader.Loader - Result row: EntityKey[edu.ncsu.csc.itrust2.models.persistent.LogEntry#313]
19:33:17.298 [main] DEBUG org.hibernate.loader.Loader - Result set row: 281
19:33:17.298 [main] DEBUG org.hibernate.loader.Loader - Result row: EntityKey[edu.ncsu.csc.itrust2.models.persistent.LogEntry#314]
19:33:17.299 [main] DEBUG org.hibernate.loader.Loader - Result set row: 282
19:33:17.299 [main] DEBUG org.hibernate.loader.Loader - Result row: EntityKey[edu.ncsu.csc.itrust2.models.persistent.LogEntry#315]
19:33:17.299 [main] DEBUG org.hibernate.loader.Loader - Result set row: 283
19:33:17.299 [main] DEBUG org.hibernate.loader.Loader - Result row: EntityKey[edu.ncsu.csc.itrust2.models.persistent.LogEntry#316]
19:33:17.299 [main] DEBUG org.hibernate.loader.Loader - Result set row: 284
19:33:17.300 [main] DEBUG org.hibernate.loader.Loader - Result row: EntityKey[edu.ncsu.csc.itrust2.models.persistent.LogEntry#317]
19:33:17.300 [main] DEBUG org.hibernate.loader.Loader - Result set row: 285
19:33:17.300 [main] DEBUG org.hibernate.loader.Loader - Result row: EntityKey[edu.ncsu.csc.itrust2.models.persistent.LogEntry#318]
19:33:17.300 [main] DEBUG org.hibernate.loader.Loader - Result set row: 286
19:33:17.300 [main] DEBUG org.hibernate.loader.Loader - Result row: EntityKey[edu.ncsu.csc.itrust2.models.persistent.LogEntry#319]
19:33:17.307 [main] DEBUG org.hibernate.loader.Loader - Result set row: 287
19:33:17.307 [main] DEBUG org.hibernate.loader.Loader - Result row: EntityKey[edu.ncsu.csc.itrust2.models.persistent.LogEntry#320]
19:33:17.308 [main] DEBUG org.hibernate.loader.Loader - Result set row: 288
19:33:17.308 [main] DEBUG org.hibernate.loader.Loader - Result row: EntityKey[edu.ncsu.csc.itrust2.models.persistent.LogEntry#321]
19:33:17.308 [main] DEBUG org.hibernate.loader.Loader - Result set row: 289
19:33:17.308 [main] DEBUG org.hibernate.loader.Loader - Result row: EntityKey[edu.ncsu.csc.itrust2.models.persistent.LogEntry#322]
19:33:17.308 [main] DEBUG org.hibernate.loader.Loader - Result set row: 290
19:33:17.308 [main] DEBUG org.hibernate.loader.Loader - Result row: EntityKey[edu.ncsu.csc.itrust2.models.persistent.LogEntry#323]
19:33:17.309 [main] DEBUG org.hibernate.loader.Loader - Result set row: 291
19:33:17.309 [main] DEBUG org.hibernate.loader.Loader - Result row: EntityKey[edu.ncsu.csc.itrust2.models.persistent.LogEntry#324]
19:33:17.309 [main] DEBUG org.hibernate.loader.Loader - Result set row: 292
19:33:17.309 [main] DEBUG org.hibernate.loader.Loader - Result row: EntityKey[edu.ncsu.csc.itrust2.models.persistent.LogEntry#325]
19:33:17.309 [main] DEBUG org.hibernate.loader.Loader - Result set row: 293
19:33:17.309 [main] DEBUG org.hibernate.loader.Loader - Result row: EntityKey[edu.ncsu.csc.itrust2.models.persistent.LogEntry#326]
19:33:17.309 [main] DEBUG org.hibernate.loader.Loader - Result set row: 294
19:33:17.309 [main] DEBUG org.hibernate.loader.Loader - Result row: EntityKey[edu.ncsu.csc.itrust2.models.persistent.LogEntry#327]
19:33:17.310 [main] DEBUG org.hibernate.loader.Loader - Result set row: 295
19:33:17.310 [main] DEBUG org.hibernate.loader.Loader - Result row: EntityKey[edu.ncsu.csc.itrust2.models.persistent.LogEntry#328]
19:33:17.310 [main] DEBUG org.hibernate.loader.Loader - Result set row: 296
19:33:17.310 [main] DEBUG org.hibernate.loader.Loader - Result row: EntityKey[edu.ncsu.csc.itrust2.models.persistent.LogEntry#329]
19:33:17.310 [main] DEBUG org.hibernate.loader.Loader - Result set row: 297
19:33:17.310 [main] DEBUG org.hibernate.loader.Loader - Result row: EntityKey[edu.ncsu.csc.itrust2.models.persistent.LogEntry#330]
19:33:17.310 [main] DEBUG org.hibernate.loader.Loader - Result set row: 298
19:33:17.310 [main] DEBUG org.hibernate.loader.Loader - Result row: EntityKey[edu.ncsu.csc.itrust2.models.persistent.LogEntry#331]
19:33:17.310 [main] DEBUG org.hibernate.loader.Loader - Result set row: 299
19:33:17.310 [main] DEBUG org.hibernate.loader.Loader - Result row: EntityKey[edu.ncsu.csc.itrust2.models.persistent.LogEntry#332]
19:33:17.311 [main] DEBUG org.hibernate.loader.Loader - Result set row: 300
19:33:17.311 [main] DEBUG org.hibernate.loader.Loader - Result row: EntityKey[edu.ncsu.csc.itrust2.models.persistent.LogEntry#333]
19:33:17.311 [main] DEBUG org.hibernate.loader.Loader - Result set row: 301
19:33:17.311 [main] DEBUG org.hibernate.loader.Loader - Result row: EntityKey[edu.ncsu.csc.itrust2.models.persistent.LogEntry#334]
19:33:17.311 [main] DEBUG org.hibernate.loader.Loader - Result set row: 302
19:33:17.311 [main] DEBUG org.hibernate.loader.Loader - Result row: EntityKey[edu.ncsu.csc.itrust2.models.persistent.LogEntry#335]
19:33:17.311 [main] DEBUG org.hibernate.loader.Loader - Result set row: 303
19:33:17.311 [main] DEBUG org.hibernate.loader.Loader - Result row: EntityKey[edu.ncsu.csc.itrust2.models.persistent.LogEntry#336]
19:33:17.311 [main] DEBUG org.hibernate.loader.Loader - Result set row: 304
19:33:17.312 [main] DEBUG org.hibernate.loader.Loader - Result row: EntityKey[edu.ncsu.csc.itrust2.models.persistent.LogEntry#337]
19:33:17.312 [main] DEBUG org.hibernate.loader.Loader - Result set row: 305
19:33:17.312 [main] DEBUG org.hibernate.loader.Loader - Result row: EntityKey[edu.ncsu.csc.itrust2.models.persistent.LogEntry#338]
19:33:17.312 [main] DEBUG org.hibernate.loader.Loader - Result set row: 306
19:33:17.312 [main] DEBUG org.hibernate.loader.Loader - Result row: EntityKey[edu.ncsu.csc.itrust2.models.persistent.LogEntry#339]
19:33:17.312 [main] DEBUG org.hibernate.loader.Loader - Result set row: 307
19:33:17.312 [main] DEBUG org.hibernate.loader.Loader - Result row: EntityKey[edu.ncsu.csc.itrust2.models.persistent.LogEntry#340]
19:33:17.312 [main] DEBUG org.hibernate.loader.Loader - Result set row: 308
19:33:17.312 [main] DEBUG org.hibernate.loader.Loader - Result row: EntityKey[edu.ncsu.csc.itrust2.models.persistent.LogEntry#341]
19:33:17.312 [main] DEBUG org.hibernate.loader.Loader - Result set row: 309
19:33:17.312 [main] DEBUG org.hibernate.loader.Loader - Result row: EntityKey[edu.ncsu.csc.itrust2.models.persistent.LogEntry#342]
19:33:17.313 [main] DEBUG org.hibernate.loader.Loader - Result set row: 310
19:33:17.313 [main] DEBUG org.hibernate.loader.Loader - Result row: EntityKey[edu.ncsu.csc.itrust2.models.persistent.LogEntry#343]
19:33:17.313 [main] DEBUG org.hibernate.loader.Loader - Result set row: 311
19:33:17.313 [main] DEBUG org.hibernate.loader.Loader - Result row: EntityKey[edu.ncsu.csc.itrust2.models.persistent.LogEntry#344]
19:33:17.313 [main] DEBUG org.hibernate.loader.Loader - Result set row: 312
19:33:17.313 [main] DEBUG org.hibernate.loader.Loader - Result row: EntityKey[edu.ncsu.csc.itrust2.models.persistent.LogEntry#345]
19:33:17.313 [main] DEBUG org.hibernate.loader.Loader - Result set row: 313
19:33:17.313 [main] DEBUG org.hibernate.loader.Loader - Result row: EntityKey[edu.ncsu.csc.itrust2.models.persistent.LogEntry#346]
19:33:17.313 [main] DEBUG org.hibernate.loader.Loader - Result set row: 314
19:33:17.313 [main] DEBUG org.hibernate.loader.Loader - Result row: EntityKey[edu.ncsu.csc.itrust2.models.persistent.LogEntry#347]
19:33:17.315 [main] DEBUG org.hibernate.loader.Loader - Result set row: 315
19:33:17.316 [main] DEBUG org.hibernate.loader.Loader - Result row: EntityKey[edu.ncsu.csc.itrust2.models.persistent.LogEntry#348]
19:33:17.322 [main] DEBUG org.hibernate.loader.Loader - Result set row: 316
19:33:17.323 [main] DEBUG org.hibernate.loader.Loader - Result row: EntityKey[edu.ncsu.csc.itrust2.models.persistent.LogEntry#349]
19:33:17.323 [main] DEBUG org.hibernate.loader.Loader - Result set row: 317
19:33:17.323 [main] DEBUG org.hibernate.loader.Loader - Result row: EntityKey[edu.ncsu.csc.itrust2.models.persistent.LogEntry#350]
19:33:17.323 [main] DEBUG org.hibernate.loader.Loader - Result set row: 318
19:33:17.323 [main] DEBUG org.hibernate.loader.Loader - Result row: EntityKey[edu.ncsu.csc.itrust2.models.persistent.LogEntry#351]
19:33:17.324 [main] DEBUG org.hibernate.loader.Loader - Result set row: 319
19:33:17.324 [main] DEBUG org.hibernate.loader.Loader - Result row: EntityKey[edu.ncsu.csc.itrust2.models.persistent.LogEntry#352]
19:33:17.324 [main] DEBUG org.hibernate.loader.Loader - Result set row: 320
19:33:17.324 [main] DEBUG org.hibernate.loader.Loader - Result row: EntityKey[edu.ncsu.csc.itrust2.models.persistent.LogEntry#353]
19:33:17.324 [main] DEBUG org.hibernate.loader.Loader - Result set row: 321
19:33:17.324 [main] DEBUG org.hibernate.loader.Loader - Result row: EntityKey[edu.ncsu.csc.itrust2.models.persistent.LogEntry#354]
19:33:17.324 [main] DEBUG org.hibernate.loader.Loader - Result set row: 322
19:33:17.324 [main] DEBUG org.hibernate.loader.Loader - Result row: EntityKey[edu.ncsu.csc.itrust2.models.persistent.LogEntry#355]
19:33:17.325 [main] DEBUG org.hibernate.loader.Loader - Result set row: 323
19:33:17.325 [main] DEBUG org.hibernate.loader.Loader - Result row: EntityKey[edu.ncsu.csc.itrust2.models.persistent.LogEntry#356]
19:33:17.325 [main] DEBUG org.hibernate.loader.Loader - Result set row: 324
19:33:17.325 [main] DEBUG org.hibernate.loader.Loader - Result row: EntityKey[edu.ncsu.csc.itrust2.models.persistent.LogEntry#357]
19:33:17.325 [main] DEBUG org.hibernate.loader.Loader - Result set row: 325
19:33:17.325 [main] DEBUG org.hibernate.loader.Loader - Result row: EntityKey[edu.ncsu.csc.itrust2.models.persistent.LogEntry#358]
19:33:17.325 [main] DEBUG org.hibernate.loader.Loader - Result set row: 326
19:33:17.325 [main] DEBUG org.hibernate.loader.Loader - Result row: EntityKey[edu.ncsu.csc.itrust2.models.persistent.LogEntry#359]
19:33:17.325 [main] DEBUG org.hibernate.loader.Loader - Result set row: 327
19:33:17.325 [main] DEBUG org.hibernate.loader.Loader - Result row: EntityKey[edu.ncsu.csc.itrust2.models.persistent.LogEntry#360]
19:33:17.326 [main] DEBUG org.hibernate.loader.Loader - Result set row: 328
19:33:17.326 [main] DEBUG org.hibernate.loader.Loader - Result row: EntityKey[edu.ncsu.csc.itrust2.models.persistent.LogEntry#361]
19:33:17.326 [main] DEBUG org.hibernate.loader.Loader - Result set row: 329
19:33:17.326 [main] DEBUG org.hibernate.loader.Loader - Result row: EntityKey[edu.ncsu.csc.itrust2.models.persistent.LogEntry#362]
19:33:17.326 [main] DEBUG org.hibernate.loader.Loader - Result set row: 330
19:33:17.326 [main] DEBUG org.hibernate.loader.Loader - Result row: EntityKey[edu.ncsu.csc.itrust2.models.persistent.LogEntry#363]
19:33:17.326 [main] DEBUG org.hibernate.loader.Loader - Result set row: 331
19:33:17.326 [main] DEBUG org.hibernate.loader.Loader - Result row: EntityKey[edu.ncsu.csc.itrust2.models.persistent.LogEntry#364]
19:33:17.326 [main] DEBUG org.hibernate.loader.Loader - Result set row: 332
19:33:17.326 [main] DEBUG org.hibernate.loader.Loader - Result row: EntityKey[edu.ncsu.csc.itrust2.models.persistent.LogEntry#365]
19:33:17.327 [main] DEBUG org.hibernate.loader.Loader - Result set row: 333
19:33:17.327 [main] DEBUG org.hibernate.loader.Loader - Result row: EntityKey[edu.ncsu.csc.itrust2.models.persistent.LogEntry#366]
19:33:17.327 [main] DEBUG org.hibernate.loader.Loader - Result set row: 334
19:33:17.327 [main] DEBUG org.hibernate.loader.Loader - Result row: EntityKey[edu.ncsu.csc.itrust2.models.persistent.LogEntry#367]
19:33:17.327 [main] DEBUG org.hibernate.loader.Loader - Result set row: 335
19:33:17.327 [main] DEBUG org.hibernate.loader.Loader - Result row: EntityKey[edu.ncsu.csc.itrust2.models.persistent.LogEntry#368]
19:33:17.327 [main] DEBUG org.hibernate.loader.Loader - Result set row: 336
19:33:17.327 [main] DEBUG org.hibernate.loader.Loader - Result row: EntityKey[edu.ncsu.csc.itrust2.models.persistent.LogEntry#369]
19:33:17.327 [main] DEBUG org.hibernate.loader.Loader - Result set row: 337
19:33:17.327 [main] DEBUG org.hibernate.loader.Loader - Result row: EntityKey[edu.ncsu.csc.itrust2.models.persistent.LogEntry#370]
19:33:17.328 [main] DEBUG org.hibernate.loader.Loader - Result set row: 338
19:33:17.328 [main] DEBUG org.hibernate.loader.Loader - Result row: EntityKey[edu.ncsu.csc.itrust2.models.persistent.LogEntry#371]
19:33:17.328 [main] DEBUG org.hibernate.loader.Loader - Result set row: 339
19:33:17.328 [main] DEBUG org.hibernate.loader.Loader - Result row: EntityKey[edu.ncsu.csc.itrust2.models.persistent.LogEntry#372]
19:33:17.328 [main] DEBUG org.hibernate.loader.Loader - Result set row: 340
19:33:17.328 [main] DEBUG org.hibernate.loader.Loader - Result row: EntityKey[edu.ncsu.csc.itrust2.models.persistent.LogEntry#373]
19:33:17.328 [main] DEBUG org.hibernate.loader.Loader - Result set row: 341
19:33:17.328 [main] DEBUG org.hibernate.loader.Loader - Result row: EntityKey[edu.ncsu.csc.itrust2.models.persistent.LogEntry#374]
19:33:17.329 [main] DEBUG org.hibernate.loader.Loader - Result set row: 342
19:33:17.329 [main] DEBUG org.hibernate.loader.Loader - Result row: EntityKey[edu.ncsu.csc.itrust2.models.persistent.LogEntry#375]
19:33:17.329 [main] DEBUG org.hibernate.loader.Loader - Result set row: 343
19:33:17.329 [main] DEBUG org.hibernate.loader.Loader - Result row: EntityKey[edu.ncsu.csc.itrust2.models.persistent.LogEntry#376]
19:33:17.329 [main] DEBUG org.hibernate.loader.Loader - Result set row: 344
19:33:17.329 [main] DEBUG org.hibernate.loader.Loader - Result row: EntityKey[edu.ncsu.csc.itrust2.models.persistent.LogEntry#377]
19:33:17.329 [main] DEBUG org.hibernate.loader.Loader - Result set row: 345
19:33:17.329 [main] DEBUG org.hibernate.loader.Loader - Result row: EntityKey[edu.ncsu.csc.itrust2.models.persistent.LogEntry#378]
19:33:17.329 [main] DEBUG org.hibernate.loader.Loader - Result set row: 346
19:33:17.329 [main] DEBUG org.hibernate.loader.Loader - Result row: EntityKey[edu.ncsu.csc.itrust2.models.persistent.LogEntry#379]
19:33:17.330 [main] DEBUG org.hibernate.loader.Loader - Result set row: 347
19:33:17.330 [main] DEBUG org.hibernate.loader.Loader - Result row: EntityKey[edu.ncsu.csc.itrust2.models.persistent.LogEntry#380]
19:33:17.330 [main] DEBUG org.hibernate.loader.Loader - Result set row: 348
19:33:17.330 [main] DEBUG org.hibernate.loader.Loader - Result row: EntityKey[edu.ncsu.csc.itrust2.models.persistent.LogEntry#381]
19:33:17.337 [main] DEBUG org.hibernate.loader.Loader - Result set row: 349
19:33:17.338 [main] DEBUG org.hibernate.loader.Loader - Result row: EntityKey[edu.ncsu.csc.itrust2.models.persistent.LogEntry#382]
19:33:17.338 [main] DEBUG org.hibernate.loader.Loader - Result set row: 350
19:33:17.338 [main] DEBUG org.hibernate.loader.Loader - Result row: EntityKey[edu.ncsu.csc.itrust2.models.persistent.LogEntry#383]
19:33:17.338 [main] DEBUG org.hibernate.loader.Loader - Result set row: 351
19:33:17.338 [main] DEBUG org.hibernate.loader.Loader - Result row: EntityKey[edu.ncsu.csc.itrust2.models.persistent.LogEntry#384]
19:33:17.338 [main] DEBUG org.hibernate.loader.Loader - Result set row: 352
19:33:17.338 [main] DEBUG org.hibernate.loader.Loader - Result row: EntityKey[edu.ncsu.csc.itrust2.models.persistent.LogEntry#385]
19:33:17.339 [main] DEBUG org.hibernate.loader.Loader - Result set row: 353
19:33:17.339 [main] DEBUG org.hibernate.loader.Loader - Result row: EntityKey[edu.ncsu.csc.itrust2.models.persistent.LogEntry#386]
19:33:17.339 [main] DEBUG org.hibernate.loader.Loader - Result set row: 354
19:33:17.339 [main] DEBUG org.hibernate.loader.Loader - Result row: EntityKey[edu.ncsu.csc.itrust2.models.persistent.LogEntry#387]
19:33:17.339 [main] DEBUG org.hibernate.loader.Loader - Result set row: 355
19:33:17.339 [main] DEBUG org.hibernate.loader.Loader - Result row: EntityKey[edu.ncsu.csc.itrust2.models.persistent.LogEntry#388]
19:33:17.339 [main] DEBUG org.hibernate.loader.Loader - Result set row: 356
19:33:17.339 [main] DEBUG org.hibernate.loader.Loader - Result row: EntityKey[edu.ncsu.csc.itrust2.models.persistent.LogEntry#389]
19:33:17.339 [main] DEBUG org.hibernate.loader.Loader - Result set row: 357
19:33:17.339 [main] DEBUG org.hibernate.loader.Loader - Result row: EntityKey[edu.ncsu.csc.itrust2.models.persistent.LogEntry#390]
19:33:17.340 [main] DEBUG org.hibernate.loader.Loader - Result set row: 358
19:33:17.340 [main] DEBUG org.hibernate.loader.Loader - Result row: EntityKey[edu.ncsu.csc.itrust2.models.persistent.LogEntry#391]
19:33:17.340 [main] DEBUG org.hibernate.loader.Loader - Result set row: 359
19:33:17.340 [main] DEBUG org.hibernate.loader.Loader - Result row: EntityKey[edu.ncsu.csc.itrust2.models.persistent.LogEntry#392]
19:33:17.340 [main] DEBUG org.hibernate.loader.Loader - Result set row: 360
19:33:17.340 [main] DEBUG org.hibernate.loader.Loader - Result row: EntityKey[edu.ncsu.csc.itrust2.models.persistent.LogEntry#393]
19:33:17.340 [main] DEBUG org.hibernate.loader.Loader - Result set row: 361
19:33:17.340 [main] DEBUG org.hibernate.loader.Loader - Result row: EntityKey[edu.ncsu.csc.itrust2.models.persistent.LogEntry#394]
19:33:17.340 [main] DEBUG org.hibernate.loader.Loader - Result set row: 362
19:33:17.340 [main] DEBUG org.hibernate.loader.Loader - Result row: EntityKey[edu.ncsu.csc.itrust2.models.persistent.LogEntry#395]
19:33:17.341 [main] DEBUG org.hibernate.loader.Loader - Result set row: 363
19:33:17.341 [main] DEBUG org.hibernate.loader.Loader - Result row: EntityKey[edu.ncsu.csc.itrust2.models.persistent.LogEntry#396]
19:33:17.341 [main] DEBUG org.hibernate.loader.Loader - Result set row: 364
19:33:17.341 [main] DEBUG org.hibernate.loader.Loader - Result row: EntityKey[edu.ncsu.csc.itrust2.models.persistent.LogEntry#397]
19:33:17.341 [main] DEBUG org.hibernate.loader.Loader - Result set row: 365
19:33:17.341 [main] DEBUG org.hibernate.loader.Loader - Result row: EntityKey[edu.ncsu.csc.itrust2.models.persistent.LogEntry#398]
19:33:17.341 [main] DEBUG org.hibernate.loader.Loader - Result set row: 366
19:33:17.341 [main] DEBUG org.hibernate.loader.Loader - Result row: EntityKey[edu.ncsu.csc.itrust2.models.persistent.LogEntry#399]
19:33:17.342 [main] DEBUG org.hibernate.loader.Loader - Result set row: 367
19:33:17.342 [main] DEBUG org.hibernate.loader.Loader - Result row: EntityKey[edu.ncsu.csc.itrust2.models.persistent.LogEntry#400]
19:33:17.342 [main] DEBUG org.hibernate.loader.Loader - Result set row: 368
19:33:17.342 [main] DEBUG org.hibernate.loader.Loader - Result row: EntityKey[edu.ncsu.csc.itrust2.models.persistent.LogEntry#401]
19:33:17.342 [main] DEBUG org.hibernate.loader.Loader - Result set row: 369
19:33:17.342 [main] DEBUG org.hibernate.loader.Loader - Result row: EntityKey[edu.ncsu.csc.itrust2.models.persistent.LogEntry#402]
19:33:17.343 [main] DEBUG org.hibernate.loader.Loader - Result set row: 370
19:33:17.343 [main] DEBUG org.hibernate.loader.Loader - Result row: EntityKey[edu.ncsu.csc.itrust2.models.persistent.LogEntry#403]
19:33:17.343 [main] DEBUG org.hibernate.loader.Loader - Result set row: 371
19:33:17.343 [main] DEBUG org.hibernate.loader.Loader - Result row: EntityKey[edu.ncsu.csc.itrust2.models.persistent.LogEntry#404]
19:33:17.343 [main] DEBUG org.hibernate.loader.Loader - Result set row: 372
19:33:17.343 [main] DEBUG org.hibernate.loader.Loader - Result row: EntityKey[edu.ncsu.csc.itrust2.models.persistent.LogEntry#405]
19:33:17.344 [main] DEBUG org.hibernate.loader.Loader - Result set row: 373
19:33:17.344 [main] DEBUG org.hibernate.loader.Loader - Result row: EntityKey[edu.ncsu.csc.itrust2.models.persistent.LogEntry#406]
19:33:17.344 [main] DEBUG org.hibernate.loader.Loader - Result set row: 374
19:33:17.344 [main] DEBUG org.hibernate.loader.Loader - Result row: EntityKey[edu.ncsu.csc.itrust2.models.persistent.LogEntry#407]
19:33:17.344 [main] DEBUG org.hibernate.loader.Loader - Result set row: 375
19:33:17.344 [main] DEBUG org.hibernate.loader.Loader - Result row: EntityKey[edu.ncsu.csc.itrust2.models.persistent.LogEntry#408]
19:33:17.344 [main] DEBUG org.hibernate.loader.Loader - Result set row: 376
19:33:17.344 [main] DEBUG org.hibernate.loader.Loader - Result row: EntityKey[edu.ncsu.csc.itrust2.models.persistent.LogEntry#409]
19:33:17.345 [main] DEBUG org.hibernate.loader.Loader - Result set row: 377
19:33:17.345 [main] DEBUG org.hibernate.loader.Loader - Result row: EntityKey[edu.ncsu.csc.itrust2.models.persistent.LogEntry#410]
19:33:17.345 [main] DEBUG org.hibernate.loader.Loader - Result set row: 378
19:33:17.345 [main] DEBUG org.hibernate.loader.Loader - Result row: EntityKey[edu.ncsu.csc.itrust2.models.persistent.LogEntry#411]
19:33:17.345 [main] DEBUG org.hibernate.loader.Loader - Result set row: 379
19:33:17.345 [main] DEBUG org.hibernate.loader.Loader - Result row: EntityKey[edu.ncsu.csc.itrust2.models.persistent.LogEntry#412]
19:33:17.345 [main] DEBUG org.hibernate.loader.Loader - Result set row: 380
19:33:17.345 [main] DEBUG org.hibernate.loader.Loader - Result row: EntityKey[edu.ncsu.csc.itrust2.models.persistent.LogEntry#413]
19:33:17.345 [main] DEBUG org.hibernate.loader.Loader - Result set row: 381
19:33:17.345 [main] DEBUG org.hibernate.loader.Loader - Result row: EntityKey[edu.ncsu.csc.itrust2.models.persistent.LogEntry#414]
19:33:17.345 [main] DEBUG org.hibernate.loader.Loader - Result set row: 382
19:33:17.346 [main] DEBUG org.hibernate.loader.Loader - Result row: EntityKey[edu.ncsu.csc.itrust2.models.persistent.LogEntry#415]
19:33:17.346 [main] DEBUG org.hibernate.loader.Loader - Result set row: 383
19:33:17.346 [main] DEBUG org.hibernate.loader.Loader - Result row: EntityKey[edu.ncsu.csc.itrust2.models.persistent.LogEntry#416]
19:33:17.346 [main] DEBUG org.hibernate.loader.Loader - Result set row: 384
19:33:17.346 [main] DEBUG org.hibernate.loader.Loader - Result row: EntityKey[edu.ncsu.csc.itrust2.models.persistent.LogEntry#417]
19:33:17.346 [main] DEBUG org.hibernate.loader.Loader - Result set row: 385
19:33:17.346 [main] DEBUG org.hibernate.loader.Loader - Result row: EntityKey[edu.ncsu.csc.itrust2.models.persistent.LogEntry#418]
19:33:17.346 [main] DEBUG org.hibernate.loader.Loader - Result set row: 386
19:33:17.346 [main] DEBUG org.hibernate.loader.Loader - Result row: EntityKey[edu.ncsu.csc.itrust2.models.persistent.LogEntry#419]
19:33:17.347 [main] DEBUG org.hibernate.loader.Loader - Result set row: 387
19:33:17.347 [main] DEBUG org.hibernate.loader.Loader - Result row: EntityKey[edu.ncsu.csc.itrust2.models.persistent.LogEntry#420]
19:33:17.348 [main] DEBUG org.hibernate.loader.Loader - Result set row: 388
19:33:17.349 [main] DEBUG org.hibernate.loader.Loader - Result row: EntityKey[edu.ncsu.csc.itrust2.models.persistent.LogEntry#421]
19:33:17.349 [main] DEBUG org.hibernate.loader.Loader - Result set row: 389
19:33:17.349 [main] DEBUG org.hibernate.loader.Loader - Result row: EntityKey[edu.ncsu.csc.itrust2.models.persistent.LogEntry#422]
19:33:17.349 [main] DEBUG org.hibernate.loader.Loader - Result set row: 390
19:33:17.349 [main] DEBUG org.hibernate.loader.Loader - Result row: EntityKey[edu.ncsu.csc.itrust2.models.persistent.LogEntry#423]
19:33:17.349 [main] DEBUG org.hibernate.loader.Loader - Result set row: 391
19:33:17.349 [main] DEBUG org.hibernate.loader.Loader - Result row: EntityKey[edu.ncsu.csc.itrust2.models.persistent.LogEntry#424]
19:33:17.350 [main] DEBUG org.hibernate.loader.Loader - Result set row: 392
19:33:17.350 [main] DEBUG org.hibernate.loader.Loader - Result row: EntityKey[edu.ncsu.csc.itrust2.models.persistent.LogEntry#425]
19:33:17.352 [main] DEBUG org.hibernate.loader.Loader - Result set row: 393
19:33:17.352 [main] DEBUG org.hibernate.loader.Loader - Result row: EntityKey[edu.ncsu.csc.itrust2.models.persistent.LogEntry#426]
19:33:17.352 [main] DEBUG org.hibernate.loader.Loader - Result set row: 394
19:33:17.352 [main] DEBUG org.hibernate.loader.Loader - Result row: EntityKey[edu.ncsu.csc.itrust2.models.persistent.LogEntry#427]
19:33:17.353 [main] DEBUG org.hibernate.loader.Loader - Result set row: 395
19:33:17.353 [main] DEBUG org.hibernate.loader.Loader - Result row: EntityKey[edu.ncsu.csc.itrust2.models.persistent.LogEntry#428]
19:33:17.353 [main] DEBUG org.hibernate.loader.Loader - Result set row: 396
19:33:17.353 [main] DEBUG org.hibernate.loader.Loader - Result row: EntityKey[edu.ncsu.csc.itrust2.models.persistent.LogEntry#429]
19:33:17.353 [main] DEBUG org.hibernate.loader.Loader - Result set row: 397
19:33:17.353 [main] DEBUG org.hibernate.loader.Loader - Result row: EntityKey[edu.ncsu.csc.itrust2.models.persistent.LogEntry#430]
19:33:17.353 [main] DEBUG org.hibernate.loader.Loader - Result set row: 398
19:33:17.353 [main] DEBUG org.hibernate.loader.Loader - Result row: EntityKey[edu.ncsu.csc.itrust2.models.persistent.LogEntry#431]
19:33:17.354 [main] DEBUG org.hibernate.loader.Loader - Result set row: 399
19:33:17.354 [main] DEBUG org.hibernate.loader.Loader - Result row: EntityKey[edu.ncsu.csc.itrust2.models.persistent.LogEntry#432]
19:33:17.354 [main] DEBUG org.hibernate.loader.Loader - Result set row: 400
19:33:17.354 [main] DEBUG org.hibernate.loader.Loader - Result row: EntityKey[edu.ncsu.csc.itrust2.models.persistent.LogEntry#433]
19:33:17.354 [main] DEBUG org.hibernate.loader.Loader - Result set row: 401
19:33:17.354 [main] DEBUG org.hibernate.loader.Loader - Result row: EntityKey[edu.ncsu.csc.itrust2.models.persistent.LogEntry#434]
19:33:17.354 [main] DEBUG org.hibernate.loader.Loader - Result set row: 402
19:33:17.354 [main] DEBUG org.hibernate.loader.Loader - Result row: EntityKey[edu.ncsu.csc.itrust2.models.persistent.LogEntry#435]
19:33:17.354 [main] DEBUG org.hibernate.loader.Loader - Result set row: 403
19:33:17.354 [main] DEBUG org.hibernate.loader.Loader - Result row: EntityKey[edu.ncsu.csc.itrust2.models.persistent.LogEntry#436]
19:33:17.355 [main] DEBUG org.hibernate.loader.Loader - Result set row: 404
19:33:17.355 [main] DEBUG org.hibernate.loader.Loader - Result row: EntityKey[edu.ncsu.csc.itrust2.models.persistent.LogEntry#437]
19:33:17.355 [main] DEBUG org.hibernate.loader.Loader - Result set row: 405
19:33:17.355 [main] DEBUG org.hibernate.loader.Loader - Result row: EntityKey[edu.ncsu.csc.itrust2.models.persistent.LogEntry#438]
19:33:17.355 [main] DEBUG org.hibernate.loader.Loader - Result set row: 406
19:33:17.355 [main] DEBUG org.hibernate.loader.Loader - Result row: EntityKey[edu.ncsu.csc.itrust2.models.persistent.LogEntry#439]
19:33:17.355 [main] DEBUG org.hibernate.loader.Loader - Result set row: 407
19:33:17.355 [main] DEBUG org.hibernate.loader.Loader - Result row: EntityKey[edu.ncsu.csc.itrust2.models.persistent.LogEntry#440]
19:33:17.355 [main] DEBUG org.hibernate.loader.Loader - Result set row: 408
19:33:17.355 [main] DEBUG org.hibernate.loader.Loader - Result row: EntityKey[edu.ncsu.csc.itrust2.models.persistent.LogEntry#441]
19:33:17.356 [main] DEBUG org.hibernate.loader.Loader - Result set row: 409
19:33:17.356 [main] DEBUG org.hibernate.loader.Loader - Result row: EntityKey[edu.ncsu.csc.itrust2.models.persistent.LogEntry#442]
19:33:17.356 [main] DEBUG org.hibernate.loader.Loader - Result set row: 410
19:33:17.356 [main] DEBUG org.hibernate.loader.Loader - Result row: EntityKey[edu.ncsu.csc.itrust2.models.persistent.LogEntry#443]
19:33:17.356 [main] DEBUG org.hibernate.loader.Loader - Result set row: 411
19:33:17.356 [main] DEBUG org.hibernate.loader.Loader - Result row: EntityKey[edu.ncsu.csc.itrust2.models.persistent.LogEntry#444]
19:33:17.356 [main] DEBUG org.hibernate.loader.Loader - Result set row: 412
19:33:17.356 [main] DEBUG org.hibernate.loader.Loader - Result row: EntityKey[edu.ncsu.csc.itrust2.models.persistent.LogEntry#445]
19:33:17.356 [main] DEBUG org.hibernate.loader.Loader - Result set row: 413
19:33:17.356 [main] DEBUG org.hibernate.loader.Loader - Result row: EntityKey[edu.ncsu.csc.itrust2.models.persistent.LogEntry#446]
19:33:17.356 [main] DEBUG org.hibernate.loader.Loader - Result set row: 414
19:33:17.357 [main] DEBUG org.hibernate.loader.Loader - Result row: EntityKey[edu.ncsu.csc.itrust2.models.persistent.LogEntry#447]
19:33:17.357 [main] DEBUG org.hibernate.loader.Loader - Result set row: 415
19:33:17.357 [main] DEBUG org.hibernate.loader.Loader - Result row: EntityKey[edu.ncsu.csc.itrust2.models.persistent.LogEntry#448]
19:33:17.357 [main] DEBUG org.hibernate.loader.Loader - Result set row: 416
19:33:17.357 [main] DEBUG org.hibernate.loader.Loader - Result row: EntityKey[edu.ncsu.csc.itrust2.models.persistent.LogEntry#449]
19:33:17.357 [main] DEBUG org.hibernate.loader.Loader - Result set row: 417
19:33:17.357 [main] DEBUG org.hibernate.loader.Loader - Result row: EntityKey[edu.ncsu.csc.itrust2.models.persistent.LogEntry#450]
19:33:17.357 [main] DEBUG org.hibernate.loader.Loader - Result set row: 418
19:33:17.362 [main] DEBUG org.hibernate.loader.Loader - Result row: EntityKey[edu.ncsu.csc.itrust2.models.persistent.LogEntry#451]
19:33:17.362 [main] DEBUG org.hibernate.loader.Loader - Result set row: 419
19:33:17.362 [main] DEBUG org.hibernate.loader.Loader - Result row: EntityKey[edu.ncsu.csc.itrust2.models.persistent.LogEntry#452]
19:33:17.363 [main] DEBUG org.hibernate.loader.Loader - Result set row: 420
19:33:17.363 [main] DEBUG org.hibernate.loader.Loader - Result row: EntityKey[edu.ncsu.csc.itrust2.models.persistent.LogEntry#453]
19:33:17.363 [main] DEBUG org.hibernate.loader.Loader - Result set row: 421
19:33:17.363 [main] DEBUG org.hibernate.loader.Loader - Result row: EntityKey[edu.ncsu.csc.itrust2.models.persistent.LogEntry#454]
19:33:17.363 [main] DEBUG org.hibernate.loader.Loader - Result set row: 422
19:33:17.363 [main] DEBUG org.hibernate.loader.Loader - Result row: EntityKey[edu.ncsu.csc.itrust2.models.persistent.LogEntry#455]
19:33:17.363 [main] DEBUG org.hibernate.loader.Loader - Result set row: 423
19:33:17.364 [main] DEBUG org.hibernate.loader.Loader - Result row: EntityKey[edu.ncsu.csc.itrust2.models.persistent.LogEntry#456]
19:33:17.364 [main] DEBUG org.hibernate.loader.Loader - Result set row: 424
19:33:17.364 [main] DEBUG org.hibernate.loader.Loader - Result row: EntityKey[edu.ncsu.csc.itrust2.models.persistent.LogEntry#457]
19:33:17.364 [main] DEBUG org.hibernate.loader.Loader - Result set row: 425
19:33:17.364 [main] DEBUG org.hibernate.loader.Loader - Result row: EntityKey[edu.ncsu.csc.itrust2.models.persistent.LogEntry#458]
19:33:17.364 [main] DEBUG org.hibernate.loader.Loader - Result set row: 426
19:33:17.364 [main] DEBUG org.hibernate.loader.Loader - Result row: EntityKey[edu.ncsu.csc.itrust2.models.persistent.LogEntry#459]
19:33:17.364 [main] DEBUG org.hibernate.loader.Loader - Result set row: 427
19:33:17.364 [main] DEBUG org.hibernate.loader.Loader - Result row: EntityKey[edu.ncsu.csc.itrust2.models.persistent.LogEntry#460]
19:33:17.365 [main] DEBUG org.hibernate.loader.Loader - Result set row: 428
19:33:17.365 [main] DEBUG org.hibernate.loader.Loader - Result row: EntityKey[edu.ncsu.csc.itrust2.models.persistent.LogEntry#461]
19:33:17.365 [main] DEBUG org.hibernate.loader.Loader - Result set row: 429
19:33:17.365 [main] DEBUG org.hibernate.loader.Loader - Result row: EntityKey[edu.ncsu.csc.itrust2.models.persistent.LogEntry#462]
19:33:17.365 [main] DEBUG org.hibernate.loader.Loader - Result set row: 430
19:33:17.365 [main] DEBUG org.hibernate.loader.Loader - Result row: EntityKey[edu.ncsu.csc.itrust2.models.persistent.LogEntry#463]
19:33:17.365 [main] DEBUG org.hibernate.loader.Loader - Result set row: 431
19:33:17.365 [main] DEBUG org.hibernate.loader.Loader - Result row: EntityKey[edu.ncsu.csc.itrust2.models.persistent.LogEntry#464]
19:33:17.365 [main] DEBUG org.hibernate.loader.Loader - Result set row: 432
19:33:17.365 [main] DEBUG org.hibernate.loader.Loader - Result row: EntityKey[edu.ncsu.csc.itrust2.models.persistent.LogEntry#465]
19:33:17.366 [main] DEBUG org.hibernate.loader.Loader - Result set row: 433
19:33:17.366 [main] DEBUG org.hibernate.loader.Loader - Result row: EntityKey[edu.ncsu.csc.itrust2.models.persistent.LogEntry#466]
19:33:17.366 [main] DEBUG org.hibernate.loader.Loader - Result set row: 434
19:33:17.366 [main] DEBUG org.hibernate.loader.Loader - Result row: EntityKey[edu.ncsu.csc.itrust2.models.persistent.LogEntry#467]
19:33:17.366 [main] DEBUG org.hibernate.loader.Loader - Result set row: 435
19:33:17.366 [main] DEBUG org.hibernate.loader.Loader - Result row: EntityKey[edu.ncsu.csc.itrust2.models.persistent.LogEntry#468]
19:33:17.370 [main] DEBUG org.hibernate.loader.Loader - Result set row: 436
19:33:17.370 [main] DEBUG org.hibernate.loader.Loader - Result row: EntityKey[edu.ncsu.csc.itrust2.models.persistent.LogEntry#469]
19:33:17.371 [main] DEBUG org.hibernate.loader.Loader - Result set row: 437
19:33:17.371 [main] DEBUG org.hibernate.loader.Loader - Result row: EntityKey[edu.ncsu.csc.itrust2.models.persistent.LogEntry#470]
19:33:17.371 [main] DEBUG org.hibernate.loader.Loader - Result set row: 438
19:33:17.371 [main] DEBUG org.hibernate.loader.Loader - Result row: EntityKey[edu.ncsu.csc.itrust2.models.persistent.LogEntry#471]
19:33:17.371 [main] DEBUG org.hibernate.loader.Loader - Result set row: 439
19:33:17.371 [main] DEBUG org.hibernate.loader.Loader - Result row: EntityKey[edu.ncsu.csc.itrust2.models.persistent.LogEntry#472]
19:33:17.372 [main] DEBUG org.hibernate.loader.Loader - Result set row: 440
19:33:17.372 [main] DEBUG org.hibernate.loader.Loader - Result row: EntityKey[edu.ncsu.csc.itrust2.models.persistent.LogEntry#473]
19:33:17.372 [main] DEBUG org.hibernate.loader.Loader - Result set row: 441
19:33:17.372 [main] DEBUG org.hibernate.loader.Loader - Result row: EntityKey[edu.ncsu.csc.itrust2.models.persistent.LogEntry#474]
19:33:17.373 [main] DEBUG org.hibernate.loader.Loader - Result set row: 442
19:33:17.373 [main] DEBUG org.hibernate.loader.Loader - Result row: EntityKey[edu.ncsu.csc.itrust2.models.persistent.LogEntry#475]
19:33:17.373 [main] DEBUG org.hibernate.loader.Loader - Result set row: 443
19:33:17.373 [main] DEBUG org.hibernate.loader.Loader - Result row: EntityKey[edu.ncsu.csc.itrust2.models.persistent.LogEntry#476]
19:33:17.374 [main] DEBUG org.hibernate.loader.Loader - Result set row: 444
19:33:17.374 [main] DEBUG org.hibernate.loader.Loader - Result row: EntityKey[edu.ncsu.csc.itrust2.models.persistent.LogEntry#477]
19:33:17.374 [main] DEBUG org.hibernate.loader.Loader - Result set row: 445
19:33:17.376 [main] DEBUG org.hibernate.loader.Loader - Result row: EntityKey[edu.ncsu.csc.itrust2.models.persistent.LogEntry#478]
19:33:17.376 [main] DEBUG org.hibernate.loader.Loader - Result set row: 446
19:33:17.377 [main] DEBUG org.hibernate.loader.Loader - Result row: EntityKey[edu.ncsu.csc.itrust2.models.persistent.LogEntry#479]
19:33:17.377 [main] DEBUG org.hibernate.loader.Loader - Result set row: 447
19:33:17.377 [main] DEBUG org.hibernate.loader.Loader - Result row: EntityKey[edu.ncsu.csc.itrust2.models.persistent.LogEntry#480]
19:33:17.377 [main] DEBUG org.hibernate.loader.Loader - Result set row: 448
19:33:17.377 [main] DEBUG org.hibernate.loader.Loader - Result row: EntityKey[edu.ncsu.csc.itrust2.models.persistent.LogEntry#481]
19:33:17.377 [main] DEBUG org.hibernate.loader.Loader - Result set row: 449
19:33:17.377 [main] DEBUG org.hibernate.loader.Loader - Result row: EntityKey[edu.ncsu.csc.itrust2.models.persistent.LogEntry#482]
19:33:17.378 [main] DEBUG org.hibernate.loader.Loader - Result set row: 450
19:33:17.378 [main] DEBUG org.hibernate.loader.Loader - Result row: EntityKey[edu.ncsu.csc.itrust2.models.persistent.LogEntry#483]
19:33:17.379 [main] DEBUG org.hibernate.loader.Loader - Result set row: 451
19:33:17.379 [main] DEBUG org.hibernate.loader.Loader - Result row: EntityKey[edu.ncsu.csc.itrust2.models.persistent.LogEntry#484]
19:33:17.379 [main] DEBUG org.hibernate.loader.Loader - Result set row: 452
19:33:17.379 [main] DEBUG org.hibernate.loader.Loader - Result row: EntityKey[edu.ncsu.csc.itrust2.models.persistent.LogEntry#485]
19:33:17.379 [main] DEBUG org.hibernate.loader.Loader - Result set row: 453
19:33:17.379 [main] DEBUG org.hibernate.loader.Loader - Result row: EntityKey[edu.ncsu.csc.itrust2.models.persistent.LogEntry#486]
19:33:17.379 [main] DEBUG org.hibernate.loader.Loader - Result set row: 454
19:33:17.379 [main] DEBUG org.hibernate.loader.Loader - Result row: EntityKey[edu.ncsu.csc.itrust2.models.persistent.LogEntry#487]
19:33:17.379 [main] DEBUG org.hibernate.loader.Loader - Result set row: 455
19:33:17.379 [main] DEBUG org.hibernate.loader.Loader - Result row: EntityKey[edu.ncsu.csc.itrust2.models.persistent.LogEntry#488]
19:33:17.379 [main] DEBUG org.hibernate.loader.Loader - Result set row: 456
19:33:17.380 [main] DEBUG org.hibernate.loader.Loader - Result row: EntityKey[edu.ncsu.csc.itrust2.models.persistent.LogEntry#489]
19:33:17.380 [main] DEBUG org.hibernate.loader.Loader - Result set row: 457
19:33:17.380 [main] DEBUG org.hibernate.loader.Loader - Result row: EntityKey[edu.ncsu.csc.itrust2.models.persistent.LogEntry#490]
19:33:17.380 [main] DEBUG org.hibernate.loader.Loader - Result set row: 458
19:33:17.380 [main] DEBUG org.hibernate.loader.Loader - Result row: EntityKey[edu.ncsu.csc.itrust2.models.persistent.LogEntry#491]
19:33:17.380 [main] DEBUG org.hibernate.loader.Loader - Result set row: 459
19:33:17.380 [main] DEBUG org.hibernate.loader.Loader - Result row: EntityKey[edu.ncsu.csc.itrust2.models.persistent.LogEntry#492]
19:33:17.380 [main] DEBUG org.hibernate.loader.Loader - Result set row: 460
19:33:17.380 [main] DEBUG org.hibernate.loader.Loader - Result row: EntityKey[edu.ncsu.csc.itrust2.models.persistent.LogEntry#493]
19:33:17.380 [main] DEBUG org.hibernate.loader.Loader - Result set row: 461
19:33:17.381 [main] DEBUG org.hibernate.loader.Loader - Result row: EntityKey[edu.ncsu.csc.itrust2.models.persistent.LogEntry#494]
19:33:17.381 [main] DEBUG org.hibernate.loader.Loader - Result set row: 462
19:33:17.381 [main] DEBUG org.hibernate.loader.Loader - Result row: EntityKey[edu.ncsu.csc.itrust2.models.persistent.LogEntry#495]
19:33:17.381 [main] DEBUG org.hibernate.loader.Loader - Result set row: 463
19:33:17.381 [main] DEBUG org.hibernate.loader.Loader - Result row: EntityKey[edu.ncsu.csc.itrust2.models.persistent.LogEntry#496]
19:33:17.381 [main] DEBUG org.hibernate.loader.Loader - Result set row: 464
19:33:17.381 [main] DEBUG org.hibernate.loader.Loader - Result row: EntityKey[edu.ncsu.csc.itrust2.models.persistent.LogEntry#497]
19:33:17.381 [main] DEBUG org.hibernate.loader.Loader - Result set row: 465
19:33:17.381 [main] DEBUG org.hibernate.loader.Loader - Result row: EntityKey[edu.ncsu.csc.itrust2.models.persistent.LogEntry#498]
19:33:17.381 [main] DEBUG org.hibernate.loader.Loader - Result set row: 466
19:33:17.381 [main] DEBUG org.hibernate.loader.Loader - Result row: EntityKey[edu.ncsu.csc.itrust2.models.persistent.LogEntry#499]
19:33:17.382 [main] DEBUG org.hibernate.loader.Loader - Result set row: 467
19:33:17.382 [main] DEBUG org.hibernate.loader.Loader - Result row: EntityKey[edu.ncsu.csc.itrust2.models.persistent.LogEntry#500]
19:33:17.382 [main] DEBUG org.hibernate.loader.Loader - Result set row: 468
19:33:17.382 [main] DEBUG org.hibernate.loader.Loader - Result row: EntityKey[edu.ncsu.csc.itrust2.models.persistent.LogEntry#501]
19:33:17.382 [main] DEBUG org.hibernate.loader.Loader - Result set row: 469
19:33:17.382 [main] DEBUG org.hibernate.loader.Loader - Result row: EntityKey[edu.ncsu.csc.itrust2.models.persistent.LogEntry#502]
19:33:17.382 [main] DEBUG org.hibernate.loader.Loader - Result set row: 470
19:33:17.382 [main] DEBUG org.hibernate.loader.Loader - Result row: EntityKey[edu.ncsu.csc.itrust2.models.persistent.LogEntry#503]
19:33:17.382 [main] DEBUG org.hibernate.loader.Loader - Result set row: 471
19:33:17.382 [main] DEBUG org.hibernate.loader.Loader - Result row: EntityKey[edu.ncsu.csc.itrust2.models.persistent.LogEntry#504]
19:33:17.382 [main] DEBUG org.hibernate.loader.Loader - Result set row: 472
19:33:17.382 [main] DEBUG org.hibernate.loader.Loader - Result row: EntityKey[edu.ncsu.csc.itrust2.models.persistent.LogEntry#505]
19:33:17.385 [main] DEBUG org.hibernate.loader.Loader - Result set row: 473
19:33:17.385 [main] DEBUG org.hibernate.loader.Loader - Result row: EntityKey[edu.ncsu.csc.itrust2.models.persistent.LogEntry#506]
19:33:17.385 [main] DEBUG org.hibernate.loader.Loader - Result set row: 474
19:33:17.385 [main] DEBUG org.hibernate.loader.Loader - Result row: EntityKey[edu.ncsu.csc.itrust2.models.persistent.LogEntry#507]
19:33:17.385 [main] DEBUG org.hibernate.loader.Loader - Result set row: 475
19:33:17.385 [main] DEBUG org.hibernate.loader.Loader - Result row: EntityKey[edu.ncsu.csc.itrust2.models.persistent.LogEntry#508]
19:33:17.385 [main] DEBUG org.hibernate.loader.Loader - Result set row: 476
19:33:17.386 [main] DEBUG org.hibernate.loader.Loader - Result row: EntityKey[edu.ncsu.csc.itrust2.models.persistent.LogEntry#509]
19:33:17.386 [main] DEBUG org.hibernate.loader.Loader - Result set row: 477
19:33:17.386 [main] DEBUG org.hibernate.loader.Loader - Result row: EntityKey[edu.ncsu.csc.itrust2.models.persistent.LogEntry#510]
19:33:17.386 [main] DEBUG org.hibernate.loader.Loader - Result set row: 478
19:33:17.386 [main] DEBUG org.hibernate.loader.Loader - Result row: EntityKey[edu.ncsu.csc.itrust2.models.persistent.LogEntry#511]
19:33:17.386 [main] DEBUG org.hibernate.loader.Loader - Result set row: 479
19:33:17.386 [main] DEBUG org.hibernate.loader.Loader - Result row: EntityKey[edu.ncsu.csc.itrust2.models.persistent.LogEntry#512]
19:33:17.386 [main] DEBUG org.hibernate.loader.Loader - Result set row: 480
19:33:17.386 [main] DEBUG org.hibernate.loader.Loader - Result row: EntityKey[edu.ncsu.csc.itrust2.models.persistent.LogEntry#513]
19:33:17.386 [main] DEBUG org.hibernate.loader.Loader - Result set row: 481
19:33:17.387 [main] DEBUG org.hibernate.loader.Loader - Result row: EntityKey[edu.ncsu.csc.itrust2.models.persistent.LogEntry#514]
19:33:17.387 [main] DEBUG org.hibernate.loader.Loader - Result set row: 482
19:33:17.387 [main] DEBUG org.hibernate.loader.Loader - Result row: EntityKey[edu.ncsu.csc.itrust2.models.persistent.LogEntry#515]
19:33:17.387 [main] DEBUG org.hibernate.loader.Loader - Result set row: 483
19:33:17.387 [main] DEBUG org.hibernate.loader.Loader - Result row: EntityKey[edu.ncsu.csc.itrust2.models.persistent.LogEntry#516]
19:33:17.388 [main] DEBUG org.hibernate.loader.Loader - Result set row: 484
19:33:17.388 [main] DEBUG org.hibernate.loader.Loader - Result row: EntityKey[edu.ncsu.csc.itrust2.models.persistent.LogEntry#517]
19:33:17.389 [main] DEBUG org.hibernate.loader.Loader - Result set row: 485
19:33:17.389 [main] DEBUG org.hibernate.loader.Loader - Result row: EntityKey[edu.ncsu.csc.itrust2.models.persistent.LogEntry#518]
19:33:17.389 [main] DEBUG org.hibernate.loader.Loader - Result set row: 486
19:33:17.389 [main] DEBUG org.hibernate.loader.Loader - Result row: EntityKey[edu.ncsu.csc.itrust2.models.persistent.LogEntry#519]
19:33:17.389 [main] DEBUG org.hibernate.loader.Loader - Result set row: 487
19:33:17.389 [main] DEBUG org.hibernate.loader.Loader - Result row: EntityKey[edu.ncsu.csc.itrust2.models.persistent.LogEntry#520]
19:33:17.389 [main] DEBUG org.hibernate.loader.Loader - Result set row: 488
19:33:17.389 [main] DEBUG org.hibernate.loader.Loader - Result row: EntityKey[edu.ncsu.csc.itrust2.models.persistent.LogEntry#521]
19:33:17.390 [main] DEBUG org.hibernate.loader.Loader - Result set row: 489
19:33:17.390 [main] DEBUG org.hibernate.loader.Loader - Result row: EntityKey[edu.ncsu.csc.itrust2.models.persistent.LogEntry#522]
19:33:17.390 [main] DEBUG org.hibernate.loader.Loader - Result set row: 490
19:33:17.396 [main] DEBUG org.hibernate.loader.Loader - Result row: EntityKey[edu.ncsu.csc.itrust2.models.persistent.LogEntry#523]
19:33:17.399 [main] DEBUG org.hibernate.loader.Loader - Result set row: 491
19:33:17.399 [main] DEBUG org.hibernate.loader.Loader - Result row: EntityKey[edu.ncsu.csc.itrust2.models.persistent.LogEntry#524]
19:33:17.399 [main] DEBUG org.hibernate.loader.Loader - Result set row: 492
19:33:17.399 [main] DEBUG org.hibernate.loader.Loader - Result row: EntityKey[edu.ncsu.csc.itrust2.models.persistent.LogEntry#525]
19:33:17.399 [main] DEBUG org.hibernate.loader.Loader - Result set row: 493
19:33:17.400 [main] DEBUG org.hibernate.loader.Loader - Result row: EntityKey[edu.ncsu.csc.itrust2.models.persistent.LogEntry#526]
19:33:17.400 [main] DEBUG org.hibernate.loader.Loader - Result set row: 494
19:33:17.400 [main] DEBUG org.hibernate.loader.Loader - Result row: EntityKey[edu.ncsu.csc.itrust2.models.persistent.LogEntry#527]
19:33:17.400 [main] DEBUG org.hibernate.loader.Loader - Result set row: 495
19:33:17.400 [main] DEBUG org.hibernate.loader.Loader - Result row: EntityKey[edu.ncsu.csc.itrust2.models.persistent.LogEntry#528]
19:33:17.403 [main] DEBUG org.hibernate.loader.Loader - Result set row: 496
19:33:17.403 [main] DEBUG org.hibernate.loader.Loader - Result row: EntityKey[edu.ncsu.csc.itrust2.models.persistent.LogEntry#529]
19:33:17.405 [main] DEBUG org.hibernate.loader.Loader - Result set row: 497
19:33:17.405 [main] DEBUG org.hibernate.loader.Loader - Result row: EntityKey[edu.ncsu.csc.itrust2.models.persistent.LogEntry#530]
19:33:17.406 [main] DEBUG org.hibernate.loader.Loader - Result set row: 498
19:33:17.406 [main] DEBUG org.hibernate.loader.Loader - Result row: EntityKey[edu.ncsu.csc.itrust2.models.persistent.LogEntry#531]
19:33:17.406 [main] DEBUG org.hibernate.loader.Loader - Result set row: 499
19:33:17.406 [main] DEBUG org.hibernate.loader.Loader - Result row: EntityKey[edu.ncsu.csc.itrust2.models.persistent.LogEntry#532]
19:33:17.407 [main] DEBUG o.h.engine.internal.TwoPhaseLoad - Resolving associations for [edu.ncsu.csc.itrust2.models.persistent.LogEntry#33]
19:33:17.407 [main] DEBUG o.h.engine.internal.TwoPhaseLoad - Done materializing entity [edu.ncsu.csc.itrust2.models.persistent.LogEntry#33]
19:33:17.407 [main] DEBUG o.h.engine.internal.TwoPhaseLoad - Resolving associations for [edu.ncsu.csc.itrust2.models.persistent.LogEntry#34]
19:33:17.407 [main] DEBUG o.h.engine.internal.TwoPhaseLoad - Done materializing entity [edu.ncsu.csc.itrust2.models.persistent.LogEntry#34]
19:33:17.407 [main] DEBUG o.h.engine.internal.TwoPhaseLoad - Resolving associations for [edu.ncsu.csc.itrust2.models.persistent.LogEntry#35]
19:33:17.407 [main] DEBUG o.h.engine.internal.TwoPhaseLoad - Done materializing entity [edu.ncsu.csc.itrust2.models.persistent.LogEntry#35]
19:33:17.407 [main] DEBUG o.h.engine.internal.TwoPhaseLoad - Resolving associations for [edu.ncsu.csc.itrust2.models.persistent.LogEntry#36]
19:33:17.407 [main] DEBUG o.h.engine.internal.TwoPhaseLoad - Done materializing entity [edu.ncsu.csc.itrust2.models.persistent.LogEntry#36]
19:33:17.407 [main] DEBUG o.h.engine.internal.TwoPhaseLoad - Resolving associations for [edu.ncsu.csc.itrust2.models.persistent.LogEntry#37]
19:33:17.408 [main] DEBUG o.h.engine.internal.TwoPhaseLoad - Done materializing entity [edu.ncsu.csc.itrust2.models.persistent.LogEntry#37]
19:33:17.408 [main] DEBUG o.h.engine.internal.TwoPhaseLoad - Resolving associations for [edu.ncsu.csc.itrust2.models.persistent.LogEntry#38]
19:33:17.408 [main] DEBUG o.h.engine.internal.TwoPhaseLoad - Done materializing entity [edu.ncsu.csc.itrust2.models.persistent.LogEntry#38]
19:33:17.408 [main] DEBUG o.h.engine.internal.TwoPhaseLoad - Resolving associations for [edu.ncsu.csc.itrust2.models.persistent.LogEntry#39]
19:33:17.408 [main] DEBUG o.h.engine.internal.TwoPhaseLoad - Done materializing entity [edu.ncsu.csc.itrust2.models.persistent.LogEntry#39]
19:33:17.408 [main] DEBUG o.h.engine.internal.TwoPhaseLoad - Resolving associations for [edu.ncsu.csc.itrust2.models.persistent.LogEntry#40]
19:33:17.408 [main] DEBUG o.h.engine.internal.TwoPhaseLoad - Done materializing entity [edu.ncsu.csc.itrust2.models.persistent.LogEntry#40]
19:33:17.408 [main] DEBUG o.h.engine.internal.TwoPhaseLoad - Resolving associations for [edu.ncsu.csc.itrust2.models.persistent.LogEntry#41]
19:33:17.408 [main] DEBUG o.h.engine.internal.TwoPhaseLoad - Done materializing entity [edu.ncsu.csc.itrust2.models.persistent.LogEntry#41]
19:33:17.408 [main] DEBUG o.h.engine.internal.TwoPhaseLoad - Resolving associations for [edu.ncsu.csc.itrust2.models.persistent.LogEntry#42]
19:33:17.408 [main] DEBUG o.h.engine.internal.TwoPhaseLoad - Done materializing entity [edu.ncsu.csc.itrust2.models.persistent.LogEntry#42]
19:33:17.408 [main] DEBUG o.h.engine.internal.TwoPhaseLoad - Resolving associations for [edu.ncsu.csc.itrust2.models.persistent.LogEntry#43]
19:33:17.408 [main] DEBUG o.h.engine.internal.TwoPhaseLoad - Done materializing entity [edu.ncsu.csc.itrust2.models.persistent.LogEntry#43]
19:33:17.408 [main] DEBUG o.h.engine.internal.TwoPhaseLoad - Resolving associations for [edu.ncsu.csc.itrust2.models.persistent.LogEntry#44]
19:33:17.408 [main] DEBUG o.h.engine.internal.TwoPhaseLoad - Done materializing entity [edu.ncsu.csc.itrust2.models.persistent.LogEntry#44]
19:33:17.408 [main] DEBUG o.h.engine.internal.TwoPhaseLoad - Resolving associations for [edu.ncsu.csc.itrust2.models.persistent.LogEntry#45]
19:33:17.408 [main] DEBUG o.h.engine.internal.TwoPhaseLoad - Done materializing entity [edu.ncsu.csc.itrust2.models.persistent.LogEntry#45]
19:33:17.408 [main] DEBUG o.h.engine.internal.TwoPhaseLoad - Resolving associations for [edu.ncsu.csc.itrust2.models.persistent.LogEntry#46]
19:33:17.409 [main] DEBUG o.h.engine.internal.TwoPhaseLoad - Done materializing entity [edu.ncsu.csc.itrust2.models.persistent.LogEntry#46]
19:33:17.409 [main] DEBUG o.h.engine.internal.TwoPhaseLoad - Resolving associations for [edu.ncsu.csc.itrust2.models.persistent.LogEntry#47]
19:33:17.409 [main] DEBUG o.h.engine.internal.TwoPhaseLoad - Done materializing entity [edu.ncsu.csc.itrust2.models.persistent.LogEntry#47]
19:33:17.409 [main] DEBUG o.h.engine.internal.TwoPhaseLoad - Resolving associations for [edu.ncsu.csc.itrust2.models.persistent.LogEntry#48]
19:33:17.409 [main] DEBUG o.h.engine.internal.TwoPhaseLoad - Done materializing entity [edu.ncsu.csc.itrust2.models.persistent.LogEntry#48]
19:33:17.409 [main] DEBUG o.h.engine.internal.TwoPhaseLoad - Resolving associations for [edu.ncsu.csc.itrust2.models.persistent.LogEntry#49]
19:33:17.409 [main] DEBUG o.h.engine.internal.TwoPhaseLoad - Done materializing entity [edu.ncsu.csc.itrust2.models.persistent.LogEntry#49]
19:33:17.410 [main] DEBUG o.h.engine.internal.TwoPhaseLoad - Resolving associations for [edu.ncsu.csc.itrust2.models.persistent.LogEntry#50]
19:33:17.410 [main] DEBUG o.h.engine.internal.TwoPhaseLoad - Done materializing entity [edu.ncsu.csc.itrust2.models.persistent.LogEntry#50]
19:33:17.410 [main] DEBUG o.h.engine.internal.TwoPhaseLoad - Resolving associations for [edu.ncsu.csc.itrust2.models.persistent.LogEntry#51]
19:33:17.410 [main] DEBUG o.h.engine.internal.TwoPhaseLoad - Done materializing entity [edu.ncsu.csc.itrust2.models.persistent.LogEntry#51]
19:33:17.410 [main] DEBUG o.h.engine.internal.TwoPhaseLoad - Resolving associations for [edu.ncsu.csc.itrust2.models.persistent.LogEntry#52]
19:33:17.410 [main] DEBUG o.h.engine.internal.TwoPhaseLoad - Done materializing entity [edu.ncsu.csc.itrust2.models.persistent.LogEntry#52]
19:33:17.410 [main] DEBUG o.h.engine.internal.TwoPhaseLoad - Resolving associations for [edu.ncsu.csc.itrust2.models.persistent.LogEntry#53]
19:33:17.410 [main] DEBUG o.h.engine.internal.TwoPhaseLoad - Done materializing entity [edu.ncsu.csc.itrust2.models.persistent.LogEntry#53]
19:33:17.410 [main] DEBUG o.h.engine.internal.TwoPhaseLoad - Resolving associations for [edu.ncsu.csc.itrust2.models.persistent.LogEntry#54]
19:33:17.410 [main] DEBUG o.h.engine.internal.TwoPhaseLoad - Done materializing entity [edu.ncsu.csc.itrust2.models.persistent.LogEntry#54]
19:33:17.410 [main] DEBUG o.h.engine.internal.TwoPhaseLoad - Resolving associations for [edu.ncsu.csc.itrust2.models.persistent.LogEntry#55]
19:33:17.410 [main] DEBUG o.h.engine.internal.TwoPhaseLoad - Done materializing entity [edu.ncsu.csc.itrust2.models.persistent.LogEntry#55]
19:33:17.410 [main] DEBUG o.h.engine.internal.TwoPhaseLoad - Resolving associations for [edu.ncsu.csc.itrust2.models.persistent.LogEntry#56]
19:33:17.410 [main] DEBUG o.h.engine.internal.TwoPhaseLoad - Done materializing entity [edu.ncsu.csc.itrust2.models.persistent.LogEntry#56]
19:33:17.410 [main] DEBUG o.h.engine.internal.TwoPhaseLoad - Resolving associations for [edu.ncsu.csc.itrust2.models.persistent.LogEntry#57]
19:33:17.410 [main] DEBUG o.h.engine.internal.TwoPhaseLoad - Done materializing entity [edu.ncsu.csc.itrust2.models.persistent.LogEntry#57]
19:33:17.410 [main] DEBUG o.h.engine.internal.TwoPhaseLoad - Resolving associations for [edu.ncsu.csc.itrust2.models.persistent.LogEntry#58]
19:33:17.411 [main] DEBUG o.h.engine.internal.TwoPhaseLoad - Done materializing entity [edu.ncsu.csc.itrust2.models.persistent.LogEntry#58]
19:33:17.411 [main] DEBUG o.h.engine.internal.TwoPhaseLoad - Resolving associations for [edu.ncsu.csc.itrust2.models.persistent.LogEntry#59]
19:33:17.411 [main] DEBUG o.h.engine.internal.TwoPhaseLoad - Done materializing entity [edu.ncsu.csc.itrust2.models.persistent.LogEntry#59]
19:33:17.411 [main] DEBUG o.h.engine.internal.TwoPhaseLoad - Resolving associations for [edu.ncsu.csc.itrust2.models.persistent.LogEntry#60]
19:33:17.411 [main] DEBUG o.h.engine.internal.TwoPhaseLoad - Done materializing entity [edu.ncsu.csc.itrust2.models.persistent.LogEntry#60]
19:33:17.411 [main] DEBUG o.h.engine.internal.TwoPhaseLoad - Resolving associations for [edu.ncsu.csc.itrust2.models.persistent.LogEntry#61]
19:33:17.411 [main] DEBUG o.h.engine.internal.TwoPhaseLoad - Done materializing entity [edu.ncsu.csc.itrust2.models.persistent.LogEntry#61]
19:33:17.411 [main] DEBUG o.h.engine.internal.TwoPhaseLoad - Resolving associations for [edu.ncsu.csc.itrust2.models.persistent.LogEntry#62]
19:33:17.411 [main] DEBUG o.h.engine.internal.TwoPhaseLoad - Done materializing entity [edu.ncsu.csc.itrust2.models.persistent.LogEntry#62]
19:33:17.411 [main] DEBUG o.h.engine.internal.TwoPhaseLoad - Resolving associations for [edu.ncsu.csc.itrust2.models.persistent.LogEntry#63]
19:33:17.411 [main] DEBUG o.h.engine.internal.TwoPhaseLoad - Done materializing entity [edu.ncsu.csc.itrust2.models.persistent.LogEntry#63]
19:33:17.411 [main] DEBUG o.h.engine.internal.TwoPhaseLoad - Resolving associations for [edu.ncsu.csc.itrust2.models.persistent.LogEntry#64]
19:33:17.411 [main] DEBUG o.h.engine.internal.TwoPhaseLoad - Done materializing entity [edu.ncsu.csc.itrust2.models.persistent.LogEntry#64]
19:33:17.412 [main] DEBUG o.h.engine.internal.TwoPhaseLoad - Resolving associations for [edu.ncsu.csc.itrust2.models.persistent.LogEntry#65]
19:33:17.412 [main] DEBUG o.h.engine.internal.TwoPhaseLoad - Done materializing entity [edu.ncsu.csc.itrust2.models.persistent.LogEntry#65]
19:33:17.412 [main] DEBUG o.h.engine.internal.TwoPhaseLoad - Resolving associations for [edu.ncsu.csc.itrust2.models.persistent.LogEntry#66]
19:33:17.412 [main] DEBUG o.h.engine.internal.TwoPhaseLoad - Done materializing entity [edu.ncsu.csc.itrust2.models.persistent.LogEntry#66]
19:33:17.412 [main] DEBUG o.h.engine.internal.TwoPhaseLoad - Resolving associations for [edu.ncsu.csc.itrust2.models.persistent.LogEntry#67]
19:33:17.412 [main] DEBUG o.h.engine.internal.TwoPhaseLoad - Done materializing entity [edu.ncsu.csc.itrust2.models.persistent.LogEntry#67]
19:33:17.412 [main] DEBUG o.h.engine.internal.TwoPhaseLoad - Resolving associations for [edu.ncsu.csc.itrust2.models.persistent.LogEntry#68]
19:33:17.413 [main] DEBUG o.h.engine.internal.TwoPhaseLoad - Done materializing entity [edu.ncsu.csc.itrust2.models.persistent.LogEntry#68]
19:33:17.413 [main] DEBUG o.h.engine.internal.TwoPhaseLoad - Resolving associations for [edu.ncsu.csc.itrust2.models.persistent.LogEntry#69]
19:33:17.413 [main] DEBUG o.h.engine.internal.TwoPhaseLoad - Done materializing entity [edu.ncsu.csc.itrust2.models.persistent.LogEntry#69]
19:33:17.413 [main] DEBUG o.h.engine.internal.TwoPhaseLoad - Resolving associations for [edu.ncsu.csc.itrust2.models.persistent.LogEntry#70]
19:33:17.414 [main] DEBUG o.h.engine.internal.TwoPhaseLoad - Done materializing entity [edu.ncsu.csc.itrust2.models.persistent.LogEntry#70]
19:33:17.414 [main] DEBUG o.h.engine.internal.TwoPhaseLoad - Resolving associations for [edu.ncsu.csc.itrust2.models.persistent.LogEntry#71]
19:33:17.414 [main] DEBUG o.h.engine.internal.TwoPhaseLoad - Done materializing entity [edu.ncsu.csc.itrust2.models.persistent.LogEntry#71]
19:33:17.414 [main] DEBUG o.h.engine.internal.TwoPhaseLoad - Resolving associations for [edu.ncsu.csc.itrust2.models.persistent.LogEntry#72]
19:33:17.414 [main] DEBUG o.h.engine.internal.TwoPhaseLoad - Done materializing entity [edu.ncsu.csc.itrust2.models.persistent.LogEntry#72]
19:33:17.414 [main] DEBUG o.h.engine.internal.TwoPhaseLoad - Resolving associations for [edu.ncsu.csc.itrust2.models.persistent.LogEntry#73]
19:33:17.414 [main] DEBUG o.h.engine.internal.TwoPhaseLoad - Done materializing entity [edu.ncsu.csc.itrust2.models.persistent.LogEntry#73]
19:33:17.414 [main] DEBUG o.h.engine.internal.TwoPhaseLoad - Resolving associations for [edu.ncsu.csc.itrust2.models.persistent.LogEntry#74]
19:33:17.415 [main] DEBUG o.h.engine.internal.TwoPhaseLoad - Done materializing entity [edu.ncsu.csc.itrust2.models.persistent.LogEntry#74]
19:33:17.416 [main] DEBUG o.h.engine.internal.TwoPhaseLoad - Resolving associations for [edu.ncsu.csc.itrust2.models.persistent.LogEntry#75]
19:33:17.416 [main] DEBUG o.h.engine.internal.TwoPhaseLoad - Done materializing entity [edu.ncsu.csc.itrust2.models.persistent.LogEntry#75]
19:33:17.416 [main] DEBUG o.h.engine.internal.TwoPhaseLoad - Resolving associations for [edu.ncsu.csc.itrust2.models.persistent.LogEntry#76]
19:33:17.416 [main] DEBUG o.h.engine.internal.TwoPhaseLoad - Done materializing entity [edu.ncsu.csc.itrust2.models.persistent.LogEntry#76]
19:33:17.416 [main] DEBUG o.h.engine.internal.TwoPhaseLoad - Resolving associations for [edu.ncsu.csc.itrust2.models.persistent.LogEntry#77]
19:33:17.416 [main] DEBUG o.h.engine.internal.TwoPhaseLoad - Done materializing entity [edu.ncsu.csc.itrust2.models.persistent.LogEntry#77]
19:33:17.416 [main] DEBUG o.h.engine.internal.TwoPhaseLoad - Resolving associations for [edu.ncsu.csc.itrust2.models.persistent.LogEntry#78]
19:33:17.416 [main] DEBUG o.h.engine.internal.TwoPhaseLoad - Done materializing entity [edu.ncsu.csc.itrust2.models.persistent.LogEntry#78]
19:33:17.416 [main] DEBUG o.h.engine.internal.TwoPhaseLoad - Resolving associations for [edu.ncsu.csc.itrust2.models.persistent.LogEntry#79]
19:33:17.417 [main] DEBUG o.h.engine.internal.TwoPhaseLoad - Done materializing entity [edu.ncsu.csc.itrust2.models.persistent.LogEntry#79]
19:33:17.417 [main] DEBUG o.h.engine.internal.TwoPhaseLoad - Resolving associations for [edu.ncsu.csc.itrust2.models.persistent.LogEntry#80]
19:33:17.417 [main] DEBUG o.h.engine.internal.TwoPhaseLoad - Done materializing entity [edu.ncsu.csc.itrust2.models.persistent.LogEntry#80]
19:33:17.417 [main] DEBUG o.h.engine.internal.TwoPhaseLoad - Resolving associations for [edu.ncsu.csc.itrust2.models.persistent.LogEntry#81]
19:33:17.417 [main] DEBUG o.h.engine.internal.TwoPhaseLoad - Done materializing entity [edu.ncsu.csc.itrust2.models.persistent.LogEntry#81]
19:33:17.417 [main] DEBUG o.h.engine.internal.TwoPhaseLoad - Resolving associations for [edu.ncsu.csc.itrust2.models.persistent.LogEntry#82]
19:33:17.417 [main] DEBUG o.h.engine.internal.TwoPhaseLoad - Done materializing entity [edu.ncsu.csc.itrust2.models.persistent.LogEntry#82]
19:33:17.417 [main] DEBUG o.h.engine.internal.TwoPhaseLoad - Resolving associations for [edu.ncsu.csc.itrust2.models.persistent.LogEntry#83]
19:33:17.417 [main] DEBUG o.h.engine.internal.TwoPhaseLoad - Done materializing entity [edu.ncsu.csc.itrust2.models.persistent.LogEntry#83]
19:33:17.417 [main] DEBUG o.h.engine.internal.TwoPhaseLoad - Resolving associations for [edu.ncsu.csc.itrust2.models.persistent.LogEntry#84]
19:33:17.417 [main] DEBUG o.h.engine.internal.TwoPhaseLoad - Done materializing entity [edu.ncsu.csc.itrust2.models.persistent.LogEntry#84]
19:33:17.417 [main] DEBUG o.h.engine.internal.TwoPhaseLoad - Resolving associations for [edu.ncsu.csc.itrust2.models.persistent.LogEntry#85]
19:33:17.417 [main] DEBUG o.h.engine.internal.TwoPhaseLoad - Done materializing entity [edu.ncsu.csc.itrust2.models.persistent.LogEntry#85]
19:33:17.417 [main] DEBUG o.h.engine.internal.TwoPhaseLoad - Resolving associations for [edu.ncsu.csc.itrust2.models.persistent.LogEntry#86]
19:33:17.417 [main] DEBUG o.h.engine.internal.TwoPhaseLoad - Done materializing entity [edu.ncsu.csc.itrust2.models.persistent.LogEntry#86]
19:33:17.417 [main] DEBUG o.h.engine.internal.TwoPhaseLoad - Resolving associations for [edu.ncsu.csc.itrust2.models.persistent.LogEntry#87]
19:33:17.417 [main] DEBUG o.h.engine.internal.TwoPhaseLoad - Done materializing entity [edu.ncsu.csc.itrust2.models.persistent.LogEntry#87]
19:33:17.417 [main] DEBUG o.h.engine.internal.TwoPhaseLoad - Resolving associations for [edu.ncsu.csc.itrust2.models.persistent.LogEntry#88]
19:33:17.417 [main] DEBUG o.h.engine.internal.TwoPhaseLoad - Done materializing entity [edu.ncsu.csc.itrust2.models.persistent.LogEntry#88]
19:33:17.417 [main] DEBUG o.h.engine.internal.TwoPhaseLoad - Resolving associations for [edu.ncsu.csc.itrust2.models.persistent.LogEntry#89]
19:33:17.418 [main] DEBUG o.h.engine.internal.TwoPhaseLoad - Done materializing entity [edu.ncsu.csc.itrust2.models.persistent.LogEntry#89]
19:33:17.418 [main] DEBUG o.h.engine.internal.TwoPhaseLoad - Resolving associations for [edu.ncsu.csc.itrust2.models.persistent.LogEntry#90]
19:33:17.418 [main] DEBUG o.h.engine.internal.TwoPhaseLoad - Done materializing entity [edu.ncsu.csc.itrust2.models.persistent.LogEntry#90]
19:33:17.418 [main] DEBUG o.h.engine.internal.TwoPhaseLoad - Resolving associations for [edu.ncsu.csc.itrust2.models.persistent.LogEntry#91]
19:33:17.419 [main] DEBUG o.h.engine.internal.TwoPhaseLoad - Done materializing entity [edu.ncsu.csc.itrust2.models.persistent.LogEntry#91]
19:33:17.419 [main] DEBUG o.h.engine.internal.TwoPhaseLoad - Resolving associations for [edu.ncsu.csc.itrust2.models.persistent.LogEntry#92]
19:33:17.419 [main] DEBUG o.h.engine.internal.TwoPhaseLoad - Done materializing entity [edu.ncsu.csc.itrust2.models.persistent.LogEntry#92]
19:33:17.419 [main] DEBUG o.h.engine.internal.TwoPhaseLoad - Resolving associations for [edu.ncsu.csc.itrust2.models.persistent.LogEntry#93]
19:33:17.419 [main] DEBUG o.h.engine.internal.TwoPhaseLoad - Done materializing entity [edu.ncsu.csc.itrust2.models.persistent.LogEntry#93]
19:33:17.419 [main] DEBUG o.h.engine.internal.TwoPhaseLoad - Resolving associations for [edu.ncsu.csc.itrust2.models.persistent.LogEntry#94]
19:33:17.419 [main] DEBUG o.h.engine.internal.TwoPhaseLoad - Done materializing entity [edu.ncsu.csc.itrust2.models.persistent.LogEntry#94]
19:33:17.419 [main] DEBUG o.h.engine.internal.TwoPhaseLoad - Resolving associations for [edu.ncsu.csc.itrust2.models.persistent.LogEntry#95]
19:33:17.419 [main] DEBUG o.h.engine.internal.TwoPhaseLoad - Done materializing entity [edu.ncsu.csc.itrust2.models.persistent.LogEntry#95]
19:33:17.419 [main] DEBUG o.h.engine.internal.TwoPhaseLoad - Resolving associations for [edu.ncsu.csc.itrust2.models.persistent.LogEntry#96]
19:33:17.419 [main] DEBUG o.h.engine.internal.TwoPhaseLoad - Done materializing entity [edu.ncsu.csc.itrust2.models.persistent.LogEntry#96]
19:33:17.419 [main] DEBUG o.h.engine.internal.TwoPhaseLoad - Resolving associations for [edu.ncsu.csc.itrust2.models.persistent.LogEntry#97]
19:33:17.419 [main] DEBUG o.h.engine.internal.TwoPhaseLoad - Done materializing entity [edu.ncsu.csc.itrust2.models.persistent.LogEntry#97]
19:33:17.420 [main] DEBUG o.h.engine.internal.TwoPhaseLoad - Resolving associations for [edu.ncsu.csc.itrust2.models.persistent.LogEntry#98]
19:33:17.420 [main] DEBUG o.h.engine.internal.TwoPhaseLoad - Done materializing entity [edu.ncsu.csc.itrust2.models.persistent.LogEntry#98]
19:33:17.420 [main] DEBUG o.h.engine.internal.TwoPhaseLoad - Resolving associations for [edu.ncsu.csc.itrust2.models.persistent.LogEntry#99]
19:33:17.421 [main] DEBUG o.h.engine.internal.TwoPhaseLoad - Done materializing entity [edu.ncsu.csc.itrust2.models.persistent.LogEntry#99]
19:33:17.421 [main] DEBUG o.h.engine.internal.TwoPhaseLoad - Resolving associations for [edu.ncsu.csc.itrust2.models.persistent.LogEntry#100]
19:33:17.421 [main] DEBUG o.h.engine.internal.TwoPhaseLoad - Done materializing entity [edu.ncsu.csc.itrust2.models.persistent.LogEntry#100]
19:33:17.421 [main] DEBUG o.h.engine.internal.TwoPhaseLoad - Resolving associations for [edu.ncsu.csc.itrust2.models.persistent.LogEntry#101]
19:33:17.421 [main] DEBUG o.h.engine.internal.TwoPhaseLoad - Done materializing entity [edu.ncsu.csc.itrust2.models.persistent.LogEntry#101]
19:33:17.421 [main] DEBUG o.h.engine.internal.TwoPhaseLoad - Resolving associations for [edu.ncsu.csc.itrust2.models.persistent.LogEntry#102]
19:33:17.421 [main] DEBUG o.h.engine.internal.TwoPhaseLoad - Done materializing entity [edu.ncsu.csc.itrust2.models.persistent.LogEntry#102]
19:33:17.421 [main] DEBUG o.h.engine.internal.TwoPhaseLoad - Resolving associations for [edu.ncsu.csc.itrust2.models.persistent.LogEntry#103]
19:33:17.421 [main] DEBUG o.h.engine.internal.TwoPhaseLoad - Done materializing entity [edu.ncsu.csc.itrust2.models.persistent.LogEntry#103]
19:33:17.421 [main] DEBUG o.h.engine.internal.TwoPhaseLoad - Resolving associations for [edu.ncsu.csc.itrust2.models.persistent.LogEntry#104]
19:33:17.421 [main] DEBUG o.h.engine.internal.TwoPhaseLoad - Done materializing entity [edu.ncsu.csc.itrust2.models.persistent.LogEntry#104]
19:33:17.421 [main] DEBUG o.h.engine.internal.TwoPhaseLoad - Resolving associations for [edu.ncsu.csc.itrust2.models.persistent.LogEntry#105]
19:33:17.422 [main] DEBUG o.h.engine.internal.TwoPhaseLoad - Done materializing entity [edu.ncsu.csc.itrust2.models.persistent.LogEntry#105]
19:33:17.422 [main] DEBUG o.h.engine.internal.TwoPhaseLoad - Resolving associations for [edu.ncsu.csc.itrust2.models.persistent.LogEntry#106]
19:33:17.422 [main] DEBUG o.h.engine.internal.TwoPhaseLoad - Done materializing entity [edu.ncsu.csc.itrust2.models.persistent.LogEntry#106]
19:33:17.422 [main] DEBUG o.h.engine.internal.TwoPhaseLoad - Resolving associations for [edu.ncsu.csc.itrust2.models.persistent.LogEntry#107]
19:33:17.422 [main] DEBUG o.h.engine.internal.TwoPhaseLoad - Done materializing entity [edu.ncsu.csc.itrust2.models.persistent.LogEntry#107]
19:33:17.422 [main] DEBUG o.h.engine.internal.TwoPhaseLoad - Resolving associations for [edu.ncsu.csc.itrust2.models.persistent.LogEntry#108]
19:33:17.423 [main] DEBUG o.h.engine.internal.TwoPhaseLoad - Done materializing entity [edu.ncsu.csc.itrust2.models.persistent.LogEntry#108]
19:33:17.423 [main] DEBUG o.h.engine.internal.TwoPhaseLoad - Resolving associations for [edu.ncsu.csc.itrust2.models.persistent.LogEntry#109]
19:33:17.423 [main] DEBUG o.h.engine.internal.TwoPhaseLoad - Done materializing entity [edu.ncsu.csc.itrust2.models.persistent.LogEntry#109]
19:33:17.423 [main] DEBUG o.h.engine.internal.TwoPhaseLoad - Resolving associations for [edu.ncsu.csc.itrust2.models.persistent.LogEntry#110]
19:33:17.424 [main] DEBUG o.h.engine.internal.TwoPhaseLoad - Done materializing entity [edu.ncsu.csc.itrust2.models.persistent.LogEntry#110]
19:33:17.425 [main] DEBUG o.h.engine.internal.TwoPhaseLoad - Resolving associations for [edu.ncsu.csc.itrust2.models.persistent.LogEntry#111]
19:33:17.425 [main] DEBUG o.h.engine.internal.TwoPhaseLoad - Done materializing entity [edu.ncsu.csc.itrust2.models.persistent.LogEntry#111]
19:33:17.426 [main] DEBUG o.h.engine.internal.TwoPhaseLoad - Resolving associations for [edu.ncsu.csc.itrust2.models.persistent.LogEntry#112]
19:33:17.430 [main] DEBUG o.h.engine.internal.TwoPhaseLoad - Done materializing entity [edu.ncsu.csc.itrust2.models.persistent.LogEntry#112]
19:33:17.430 [main] DEBUG o.h.engine.internal.TwoPhaseLoad - Resolving associations for [edu.ncsu.csc.itrust2.models.persistent.LogEntry#113]
19:33:17.430 [main] DEBUG o.h.engine.internal.TwoPhaseLoad - Done materializing entity [edu.ncsu.csc.itrust2.models.persistent.LogEntry#113]
19:33:17.430 [main] DEBUG o.h.engine.internal.TwoPhaseLoad - Resolving associations for [edu.ncsu.csc.itrust2.models.persistent.LogEntry#114]
19:33:17.430 [main] DEBUG o.h.engine.internal.TwoPhaseLoad - Done materializing entity [edu.ncsu.csc.itrust2.models.persistent.LogEntry#114]
19:33:17.431 [main] DEBUG o.h.engine.internal.TwoPhaseLoad - Resolving associations for [edu.ncsu.csc.itrust2.models.persistent.LogEntry#115]
19:33:17.431 [main] DEBUG o.h.engine.internal.TwoPhaseLoad - Done materializing entity [edu.ncsu.csc.itrust2.models.persistent.LogEntry#115]
19:33:17.432 [main] DEBUG o.h.engine.internal.TwoPhaseLoad - Resolving associations for [edu.ncsu.csc.itrust2.models.persistent.LogEntry#116]
19:33:17.433 [main] DEBUG o.h.engine.internal.TwoPhaseLoad - Done materializing entity [edu.ncsu.csc.itrust2.models.persistent.LogEntry#116]
19:33:17.433 [main] DEBUG o.h.engine.internal.TwoPhaseLoad - Resolving associations for [edu.ncsu.csc.itrust2.models.persistent.LogEntry#117]
19:33:17.433 [main] DEBUG o.h.engine.internal.TwoPhaseLoad - Done materializing entity [edu.ncsu.csc.itrust2.models.persistent.LogEntry#117]
19:33:17.433 [main] DEBUG o.h.engine.internal.TwoPhaseLoad - Resolving associations for [edu.ncsu.csc.itrust2.models.persistent.LogEntry#118]
19:33:17.433 [main] DEBUG o.h.engine.internal.TwoPhaseLoad - Done materializing entity [edu.ncsu.csc.itrust2.models.persistent.LogEntry#118]
19:33:17.433 [main] DEBUG o.h.engine.internal.TwoPhaseLoad - Resolving associations for [edu.ncsu.csc.itrust2.models.persistent.LogEntry#119]
19:33:17.433 [main] DEBUG o.h.engine.internal.TwoPhaseLoad - Done materializing entity [edu.ncsu.csc.itrust2.models.persistent.LogEntry#119]
19:33:17.433 [main] DEBUG o.h.engine.internal.TwoPhaseLoad - Resolving associations for [edu.ncsu.csc.itrust2.models.persistent.LogEntry#120]
19:33:17.433 [main] DEBUG o.h.engine.internal.TwoPhaseLoad - Done materializing entity [edu.ncsu.csc.itrust2.models.persistent.LogEntry#120]
19:33:17.433 [main] DEBUG o.h.engine.internal.TwoPhaseLoad - Resolving associations for [edu.ncsu.csc.itrust2.models.persistent.LogEntry#121]
19:33:17.433 [main] DEBUG o.h.engine.internal.TwoPhaseLoad - Done materializing entity [edu.ncsu.csc.itrust2.models.persistent.LogEntry#121]
19:33:17.433 [main] DEBUG o.h.engine.internal.TwoPhaseLoad - Resolving associations for [edu.ncsu.csc.itrust2.models.persistent.LogEntry#122]
19:33:17.433 [main] DEBUG o.h.engine.internal.TwoPhaseLoad - Done materializing entity [edu.ncsu.csc.itrust2.models.persistent.LogEntry#122]
19:33:17.434 [main] DEBUG o.h.engine.internal.TwoPhaseLoad - Resolving associations for [edu.ncsu.csc.itrust2.models.persistent.LogEntry#123]
19:33:17.434 [main] DEBUG o.h.engine.internal.TwoPhaseLoad - Done materializing entity [edu.ncsu.csc.itrust2.models.persistent.LogEntry#123]
19:33:17.434 [main] DEBUG o.h.engine.internal.TwoPhaseLoad - Resolving associations for [edu.ncsu.csc.itrust2.models.persistent.LogEntry#124]
19:33:17.434 [main] DEBUG o.h.engine.internal.TwoPhaseLoad - Done materializing entity [edu.ncsu.csc.itrust2.models.persistent.LogEntry#124]
19:33:17.434 [main] DEBUG o.h.engine.internal.TwoPhaseLoad - Resolving associations for [edu.ncsu.csc.itrust2.models.persistent.LogEntry#125]
19:33:17.434 [main] DEBUG o.h.engine.internal.TwoPhaseLoad - Done materializing entity [edu.ncsu.csc.itrust2.models.persistent.LogEntry#125]
19:33:17.434 [main] DEBUG o.h.engine.internal.TwoPhaseLoad - Resolving associations for [edu.ncsu.csc.itrust2.models.persistent.LogEntry#126]
19:33:17.434 [main] DEBUG o.h.engine.internal.TwoPhaseLoad - Done materializing entity [edu.ncsu.csc.itrust2.models.persistent.LogEntry#126]
19:33:17.434 [main] DEBUG o.h.engine.internal.TwoPhaseLoad - Resolving associations for [edu.ncsu.csc.itrust2.models.persistent.LogEntry#127]
19:33:17.434 [main] DEBUG o.h.engine.internal.TwoPhaseLoad - Done materializing entity [edu.ncsu.csc.itrust2.models.persistent.LogEntry#127]
19:33:17.434 [main] DEBUG o.h.engine.internal.TwoPhaseLoad - Resolving associations for [edu.ncsu.csc.itrust2.models.persistent.LogEntry#128]
19:33:17.434 [main] DEBUG o.h.engine.internal.TwoPhaseLoad - Done materializing entity [edu.ncsu.csc.itrust2.models.persistent.LogEntry#128]
19:33:17.434 [main] DEBUG o.h.engine.internal.TwoPhaseLoad - Resolving associations for [edu.ncsu.csc.itrust2.models.persistent.LogEntry#129]
19:33:17.434 [main] DEBUG o.h.engine.internal.TwoPhaseLoad - Done materializing entity [edu.ncsu.csc.itrust2.models.persistent.LogEntry#129]
19:33:17.434 [main] DEBUG o.h.engine.internal.TwoPhaseLoad - Resolving associations for [edu.ncsu.csc.itrust2.models.persistent.LogEntry#130]
19:33:17.434 [main] DEBUG o.h.engine.internal.TwoPhaseLoad - Done materializing entity [edu.ncsu.csc.itrust2.models.persistent.LogEntry#130]
19:33:17.434 [main] DEBUG o.h.engine.internal.TwoPhaseLoad - Resolving associations for [edu.ncsu.csc.itrust2.models.persistent.LogEntry#131]
19:33:17.434 [main] DEBUG o.h.engine.internal.TwoPhaseLoad - Done materializing entity [edu.ncsu.csc.itrust2.models.persistent.LogEntry#131]
19:33:17.434 [main] DEBUG o.h.engine.internal.TwoPhaseLoad - Resolving associations for [edu.ncsu.csc.itrust2.models.persistent.LogEntry#132]
19:33:17.434 [main] DEBUG o.h.engine.internal.TwoPhaseLoad - Done materializing entity [edu.ncsu.csc.itrust2.models.persistent.LogEntry#132]
19:33:17.434 [main] DEBUG o.h.engine.internal.TwoPhaseLoad - Resolving associations for [edu.ncsu.csc.itrust2.models.persistent.LogEntry#133]
19:33:17.435 [main] DEBUG o.h.engine.internal.TwoPhaseLoad - Done materializing entity [edu.ncsu.csc.itrust2.models.persistent.LogEntry#133]
19:33:17.435 [main] DEBUG o.h.engine.internal.TwoPhaseLoad - Resolving associations for [edu.ncsu.csc.itrust2.models.persistent.LogEntry#134]
19:33:17.435 [main] DEBUG o.h.engine.internal.TwoPhaseLoad - Done materializing entity [edu.ncsu.csc.itrust2.models.persistent.LogEntry#134]
19:33:17.435 [main] DEBUG o.h.engine.internal.TwoPhaseLoad - Resolving associations for [edu.ncsu.csc.itrust2.models.persistent.LogEntry#135]
19:33:17.435 [main] DEBUG o.h.engine.internal.TwoPhaseLoad - Done materializing entity [edu.ncsu.csc.itrust2.models.persistent.LogEntry#135]
19:33:17.435 [main] DEBUG o.h.engine.internal.TwoPhaseLoad - Resolving associations for [edu.ncsu.csc.itrust2.models.persistent.LogEntry#136]
19:33:17.435 [main] DEBUG o.h.engine.internal.TwoPhaseLoad - Done materializing entity [edu.ncsu.csc.itrust2.models.persistent.LogEntry#136]
19:33:17.435 [main] DEBUG o.h.engine.internal.TwoPhaseLoad - Resolving associations for [edu.ncsu.csc.itrust2.models.persistent.LogEntry#137]
19:33:17.435 [main] DEBUG o.h.engine.internal.TwoPhaseLoad - Done materializing entity [edu.ncsu.csc.itrust2.models.persistent.LogEntry#137]
19:33:17.435 [main] DEBUG o.h.engine.internal.TwoPhaseLoad - Resolving associations for [edu.ncsu.csc.itrust2.models.persistent.LogEntry#138]
19:33:17.435 [main] DEBUG o.h.engine.internal.TwoPhaseLoad - Done materializing entity [edu.ncsu.csc.itrust2.models.persistent.LogEntry#138]
19:33:17.435 [main] DEBUG o.h.engine.internal.TwoPhaseLoad - Resolving associations for [edu.ncsu.csc.itrust2.models.persistent.LogEntry#139]
19:33:17.435 [main] DEBUG o.h.engine.internal.TwoPhaseLoad - Done materializing entity [edu.ncsu.csc.itrust2.models.persistent.LogEntry#139]
19:33:17.435 [main] DEBUG o.h.engine.internal.TwoPhaseLoad - Resolving associations for [edu.ncsu.csc.itrust2.models.persistent.LogEntry#140]
19:33:17.435 [main] DEBUG o.h.engine.internal.TwoPhaseLoad - Done materializing entity [edu.ncsu.csc.itrust2.models.persistent.LogEntry#140]
19:33:17.435 [main] DEBUG o.h.engine.internal.TwoPhaseLoad - Resolving associations for [edu.ncsu.csc.itrust2.models.persistent.LogEntry#141]
19:33:17.435 [main] DEBUG o.h.engine.internal.TwoPhaseLoad - Done materializing entity [edu.ncsu.csc.itrust2.models.persistent.LogEntry#141]
19:33:17.435 [main] DEBUG o.h.engine.internal.TwoPhaseLoad - Resolving associations for [edu.ncsu.csc.itrust2.models.persistent.LogEntry#142]
19:33:17.436 [main] DEBUG o.h.engine.internal.TwoPhaseLoad - Done materializing entity [edu.ncsu.csc.itrust2.models.persistent.LogEntry#142]
19:33:17.436 [main] DEBUG o.h.engine.internal.TwoPhaseLoad - Resolving associations for [edu.ncsu.csc.itrust2.models.persistent.LogEntry#143]
19:33:17.436 [main] DEBUG o.h.engine.internal.TwoPhaseLoad - Done materializing entity [edu.ncsu.csc.itrust2.models.persistent.LogEntry#143]
19:33:17.436 [main] DEBUG o.h.engine.internal.TwoPhaseLoad - Resolving associations for [edu.ncsu.csc.itrust2.models.persistent.LogEntry#144]
19:33:17.436 [main] DEBUG o.h.engine.internal.TwoPhaseLoad - Done materializing entity [edu.ncsu.csc.itrust2.models.persistent.LogEntry#144]
19:33:17.436 [main] DEBUG o.h.engine.internal.TwoPhaseLoad - Resolving associations for [edu.ncsu.csc.itrust2.models.persistent.LogEntry#145]
19:33:17.436 [main] DEBUG o.h.engine.internal.TwoPhaseLoad - Done materializing entity [edu.ncsu.csc.itrust2.models.persistent.LogEntry#145]
19:33:17.436 [main] DEBUG o.h.engine.internal.TwoPhaseLoad - Resolving associations for [edu.ncsu.csc.itrust2.models.persistent.LogEntry#146]
19:33:17.436 [main] DEBUG o.h.engine.internal.TwoPhaseLoad - Done materializing entity [edu.ncsu.csc.itrust2.models.persistent.LogEntry#146]
19:33:17.436 [main] DEBUG o.h.engine.internal.TwoPhaseLoad - Resolving associations for [edu.ncsu.csc.itrust2.models.persistent.LogEntry#147]
19:33:17.436 [main] DEBUG o.h.engine.internal.TwoPhaseLoad - Done materializing entity [edu.ncsu.csc.itrust2.models.persistent.LogEntry#147]
19:33:17.436 [main] DEBUG o.h.engine.internal.TwoPhaseLoad - Resolving associations for [edu.ncsu.csc.itrust2.models.persistent.LogEntry#148]
19:33:17.436 [main] DEBUG o.h.engine.internal.TwoPhaseLoad - Done materializing entity [edu.ncsu.csc.itrust2.models.persistent.LogEntry#148]
19:33:17.436 [main] DEBUG o.h.engine.internal.TwoPhaseLoad - Resolving associations for [edu.ncsu.csc.itrust2.models.persistent.LogEntry#149]
19:33:17.437 [main] DEBUG o.h.engine.internal.TwoPhaseLoad - Done materializing entity [edu.ncsu.csc.itrust2.models.persistent.LogEntry#149]
19:33:17.437 [main] DEBUG o.h.engine.internal.TwoPhaseLoad - Resolving associations for [edu.ncsu.csc.itrust2.models.persistent.LogEntry#150]
19:33:17.437 [main] DEBUG o.h.engine.internal.TwoPhaseLoad - Done materializing entity [edu.ncsu.csc.itrust2.models.persistent.LogEntry#150]
19:33:17.437 [main] DEBUG o.h.engine.internal.TwoPhaseLoad - Resolving associations for [edu.ncsu.csc.itrust2.models.persistent.LogEntry#151]
19:33:17.441 [main] DEBUG o.h.engine.internal.TwoPhaseLoad - Done materializing entity [edu.ncsu.csc.itrust2.models.persistent.LogEntry#151]
19:33:17.441 [main] DEBUG o.h.engine.internal.TwoPhaseLoad - Resolving associations for [edu.ncsu.csc.itrust2.models.persistent.LogEntry#152]
19:33:17.442 [main] DEBUG o.h.engine.internal.TwoPhaseLoad - Done materializing entity [edu.ncsu.csc.itrust2.models.persistent.LogEntry#152]
19:33:17.442 [main] DEBUG o.h.engine.internal.TwoPhaseLoad - Resolving associations for [edu.ncsu.csc.itrust2.models.persistent.LogEntry#153]
19:33:17.442 [main] DEBUG o.h.engine.internal.TwoPhaseLoad - Done materializing entity [edu.ncsu.csc.itrust2.models.persistent.LogEntry#153]
19:33:17.442 [main] DEBUG o.h.engine.internal.TwoPhaseLoad - Resolving associations for [edu.ncsu.csc.itrust2.models.persistent.LogEntry#154]
19:33:17.443 [main] DEBUG o.h.engine.internal.TwoPhaseLoad - Done materializing entity [edu.ncsu.csc.itrust2.models.persistent.LogEntry#154]
19:33:17.443 [main] DEBUG o.h.engine.internal.TwoPhaseLoad - Resolving associations for [edu.ncsu.csc.itrust2.models.persistent.LogEntry#155]
19:33:17.443 [main] DEBUG o.h.engine.internal.TwoPhaseLoad - Done materializing entity [edu.ncsu.csc.itrust2.models.persistent.LogEntry#155]
19:33:17.443 [main] DEBUG o.h.engine.internal.TwoPhaseLoad - Resolving associations for [edu.ncsu.csc.itrust2.models.persistent.LogEntry#156]
19:33:17.443 [main] DEBUG o.h.engine.internal.TwoPhaseLoad - Done materializing entity [edu.ncsu.csc.itrust2.models.persistent.LogEntry#156]
19:33:17.443 [main] DEBUG o.h.engine.internal.TwoPhaseLoad - Resolving associations for [edu.ncsu.csc.itrust2.models.persistent.LogEntry#157]
19:33:17.443 [main] DEBUG o.h.engine.internal.TwoPhaseLoad - Done materializing entity [edu.ncsu.csc.itrust2.models.persistent.LogEntry#157]
19:33:17.443 [main] DEBUG o.h.engine.internal.TwoPhaseLoad - Resolving associations for [edu.ncsu.csc.itrust2.models.persistent.LogEntry#158]
19:33:17.443 [main] DEBUG o.h.engine.internal.TwoPhaseLoad - Done materializing entity [edu.ncsu.csc.itrust2.models.persistent.LogEntry#158]
19:33:17.443 [main] DEBUG o.h.engine.internal.TwoPhaseLoad - Resolving associations for [edu.ncsu.csc.itrust2.models.persistent.LogEntry#159]
19:33:17.443 [main] DEBUG o.h.engine.internal.TwoPhaseLoad - Done materializing entity [edu.ncsu.csc.itrust2.models.persistent.LogEntry#159]
19:33:17.443 [main] DEBUG o.h.engine.internal.TwoPhaseLoad - Resolving associations for [edu.ncsu.csc.itrust2.models.persistent.LogEntry#160]
19:33:17.443 [main] DEBUG o.h.engine.internal.TwoPhaseLoad - Done materializing entity [edu.ncsu.csc.itrust2.models.persistent.LogEntry#160]
19:33:17.443 [main] DEBUG o.h.engine.internal.TwoPhaseLoad - Resolving associations for [edu.ncsu.csc.itrust2.models.persistent.LogEntry#161]
19:33:17.443 [main] DEBUG o.h.engine.internal.TwoPhaseLoad - Done materializing entity [edu.ncsu.csc.itrust2.models.persistent.LogEntry#161]
19:33:17.444 [main] DEBUG o.h.engine.internal.TwoPhaseLoad - Resolving associations for [edu.ncsu.csc.itrust2.models.persistent.LogEntry#162]
19:33:17.444 [main] DEBUG o.h.engine.internal.TwoPhaseLoad - Done materializing entity [edu.ncsu.csc.itrust2.models.persistent.LogEntry#162]
19:33:17.444 [main] DEBUG o.h.engine.internal.TwoPhaseLoad - Resolving associations for [edu.ncsu.csc.itrust2.models.persistent.LogEntry#163]
19:33:17.444 [main] DEBUG o.h.engine.internal.TwoPhaseLoad - Done materializing entity [edu.ncsu.csc.itrust2.models.persistent.LogEntry#163]
19:33:17.444 [main] DEBUG o.h.engine.internal.TwoPhaseLoad - Resolving associations for [edu.ncsu.csc.itrust2.models.persistent.LogEntry#164]
19:33:17.444 [main] DEBUG o.h.engine.internal.TwoPhaseLoad - Done materializing entity [edu.ncsu.csc.itrust2.models.persistent.LogEntry#164]
19:33:17.444 [main] DEBUG o.h.engine.internal.TwoPhaseLoad - Resolving associations for [edu.ncsu.csc.itrust2.models.persistent.LogEntry#165]
19:33:17.444 [main] DEBUG o.h.engine.internal.TwoPhaseLoad - Done materializing entity [edu.ncsu.csc.itrust2.models.persistent.LogEntry#165]
19:33:17.444 [main] DEBUG o.h.engine.internal.TwoPhaseLoad - Resolving associations for [edu.ncsu.csc.itrust2.models.persistent.LogEntry#166]
19:33:17.444 [main] DEBUG o.h.engine.internal.TwoPhaseLoad - Done materializing entity [edu.ncsu.csc.itrust2.models.persistent.LogEntry#166]
19:33:17.444 [main] DEBUG o.h.engine.internal.TwoPhaseLoad - Resolving associations for [edu.ncsu.csc.itrust2.models.persistent.LogEntry#167]
19:33:17.444 [main] DEBUG o.h.engine.internal.TwoPhaseLoad - Done materializing entity [edu.ncsu.csc.itrust2.models.persistent.LogEntry#167]
19:33:17.444 [main] DEBUG o.h.engine.internal.TwoPhaseLoad - Resolving associations for [edu.ncsu.csc.itrust2.models.persistent.LogEntry#168]
19:33:17.444 [main] DEBUG o.h.engine.internal.TwoPhaseLoad - Done materializing entity [edu.ncsu.csc.itrust2.models.persistent.LogEntry#168]
19:33:17.444 [main] DEBUG o.h.engine.internal.TwoPhaseLoad - Resolving associations for [edu.ncsu.csc.itrust2.models.persistent.LogEntry#169]
19:33:17.444 [main] DEBUG o.h.engine.internal.TwoPhaseLoad - Done materializing entity [edu.ncsu.csc.itrust2.models.persistent.LogEntry#169]
19:33:17.444 [main] DEBUG o.h.engine.internal.TwoPhaseLoad - Resolving associations for [edu.ncsu.csc.itrust2.models.persistent.LogEntry#170]
19:33:17.444 [main] DEBUG o.h.engine.internal.TwoPhaseLoad - Done materializing entity [edu.ncsu.csc.itrust2.models.persistent.LogEntry#170]
19:33:17.444 [main] DEBUG o.h.engine.internal.TwoPhaseLoad - Resolving associations for [edu.ncsu.csc.itrust2.models.persistent.LogEntry#171]
19:33:17.444 [main] DEBUG o.h.engine.internal.TwoPhaseLoad - Done materializing entity [edu.ncsu.csc.itrust2.models.persistent.LogEntry#171]
19:33:17.444 [main] DEBUG o.h.engine.internal.TwoPhaseLoad - Resolving associations for [edu.ncsu.csc.itrust2.models.persistent.LogEntry#172]
19:33:17.445 [main] DEBUG o.h.engine.internal.TwoPhaseLoad - Done materializing entity [edu.ncsu.csc.itrust2.models.persistent.LogEntry#172]
19:33:17.445 [main] DEBUG o.h.engine.internal.TwoPhaseLoad - Resolving associations for [edu.ncsu.csc.itrust2.models.persistent.LogEntry#173]
19:33:17.445 [main] DEBUG o.h.engine.internal.TwoPhaseLoad - Done materializing entity [edu.ncsu.csc.itrust2.models.persistent.LogEntry#173]
19:33:17.445 [main] DEBUG o.h.engine.internal.TwoPhaseLoad - Resolving associations for [edu.ncsu.csc.itrust2.models.persistent.LogEntry#174]
19:33:17.445 [main] DEBUG o.h.engine.internal.TwoPhaseLoad - Done materializing entity [edu.ncsu.csc.itrust2.models.persistent.LogEntry#174]
19:33:17.445 [main] DEBUG o.h.engine.internal.TwoPhaseLoad - Resolving associations for [edu.ncsu.csc.itrust2.models.persistent.LogEntry#175]
19:33:17.446 [main] DEBUG o.h.engine.internal.TwoPhaseLoad - Done materializing entity [edu.ncsu.csc.itrust2.models.persistent.LogEntry#175]
19:33:17.446 [main] DEBUG o.h.engine.internal.TwoPhaseLoad - Resolving associations for [edu.ncsu.csc.itrust2.models.persistent.LogEntry#176]
19:33:17.446 [main] DEBUG o.h.engine.internal.TwoPhaseLoad - Done materializing entity [edu.ncsu.csc.itrust2.models.persistent.LogEntry#176]
19:33:17.446 [main] DEBUG o.h.engine.internal.TwoPhaseLoad - Resolving associations for [edu.ncsu.csc.itrust2.models.persistent.LogEntry#177]
19:33:17.446 [main] DEBUG o.h.engine.internal.TwoPhaseLoad - Done materializing entity [edu.ncsu.csc.itrust2.models.persistent.LogEntry#177]
19:33:17.446 [main] DEBUG o.h.engine.internal.TwoPhaseLoad - Resolving associations for [edu.ncsu.csc.itrust2.models.persistent.LogEntry#178]
19:33:17.446 [main] DEBUG o.h.engine.internal.TwoPhaseLoad - Done materializing entity [edu.ncsu.csc.itrust2.models.persistent.LogEntry#178]
19:33:17.446 [main] DEBUG o.h.engine.internal.TwoPhaseLoad - Resolving associations for [edu.ncsu.csc.itrust2.models.persistent.LogEntry#179]
19:33:17.446 [main] DEBUG o.h.engine.internal.TwoPhaseLoad - Done materializing entity [edu.ncsu.csc.itrust2.models.persistent.LogEntry#179]
19:33:17.446 [main] DEBUG o.h.engine.internal.TwoPhaseLoad - Resolving associations for [edu.ncsu.csc.itrust2.models.persistent.LogEntry#180]
19:33:17.446 [main] DEBUG o.h.engine.internal.TwoPhaseLoad - Done materializing entity [edu.ncsu.csc.itrust2.models.persistent.LogEntry#180]
19:33:17.446 [main] DEBUG o.h.engine.internal.TwoPhaseLoad - Resolving associations for [edu.ncsu.csc.itrust2.models.persistent.LogEntry#181]
19:33:17.446 [main] DEBUG o.h.engine.internal.TwoPhaseLoad - Done materializing entity [edu.ncsu.csc.itrust2.models.persistent.LogEntry#181]
19:33:17.446 [main] DEBUG o.h.engine.internal.TwoPhaseLoad - Resolving associations for [edu.ncsu.csc.itrust2.models.persistent.LogEntry#182]
19:33:17.446 [main] DEBUG o.h.engine.internal.TwoPhaseLoad - Done materializing entity [edu.ncsu.csc.itrust2.models.persistent.LogEntry#182]
19:33:17.446 [main] DEBUG o.h.engine.internal.TwoPhaseLoad - Resolving associations for [edu.ncsu.csc.itrust2.models.persistent.LogEntry#183]
19:33:17.446 [main] DEBUG o.h.engine.internal.TwoPhaseLoad - Done materializing entity [edu.ncsu.csc.itrust2.models.persistent.LogEntry#183]
19:33:17.446 [main] DEBUG o.h.engine.internal.TwoPhaseLoad - Resolving associations for [edu.ncsu.csc.itrust2.models.persistent.LogEntry#184]
19:33:17.446 [main] DEBUG o.h.engine.internal.TwoPhaseLoad - Done materializing entity [edu.ncsu.csc.itrust2.models.persistent.LogEntry#184]
19:33:17.447 [main] DEBUG o.h.engine.internal.TwoPhaseLoad - Resolving associations for [edu.ncsu.csc.itrust2.models.persistent.LogEntry#185]
19:33:17.447 [main] DEBUG o.h.engine.internal.TwoPhaseLoad - Done materializing entity [edu.ncsu.csc.itrust2.models.persistent.LogEntry#185]
19:33:17.447 [main] DEBUG o.h.engine.internal.TwoPhaseLoad - Resolving associations for [edu.ncsu.csc.itrust2.models.persistent.LogEntry#186]
19:33:17.447 [main] DEBUG o.h.engine.internal.TwoPhaseLoad - Done materializing entity [edu.ncsu.csc.itrust2.models.persistent.LogEntry#186]
19:33:17.447 [main] DEBUG o.h.engine.internal.TwoPhaseLoad - Resolving associations for [edu.ncsu.csc.itrust2.models.persistent.LogEntry#187]
19:33:17.447 [main] DEBUG o.h.engine.internal.TwoPhaseLoad - Done materializing entity [edu.ncsu.csc.itrust2.models.persistent.LogEntry#187]
19:33:17.447 [main] DEBUG o.h.engine.internal.TwoPhaseLoad - Resolving associations for [edu.ncsu.csc.itrust2.models.persistent.LogEntry#188]
19:33:17.447 [main] DEBUG o.h.engine.internal.TwoPhaseLoad - Done materializing entity [edu.ncsu.csc.itrust2.models.persistent.LogEntry#188]
19:33:17.447 [main] DEBUG o.h.engine.internal.TwoPhaseLoad - Resolving associations for [edu.ncsu.csc.itrust2.models.persistent.LogEntry#189]
19:33:17.447 [main] DEBUG o.h.engine.internal.TwoPhaseLoad - Done materializing entity [edu.ncsu.csc.itrust2.models.persistent.LogEntry#189]
19:33:17.447 [main] DEBUG o.h.engine.internal.TwoPhaseLoad - Resolving associations for [edu.ncsu.csc.itrust2.models.persistent.LogEntry#190]
19:33:17.447 [main] DEBUG o.h.engine.internal.TwoPhaseLoad - Done materializing entity [edu.ncsu.csc.itrust2.models.persistent.LogEntry#190]
19:33:17.447 [main] DEBUG o.h.engine.internal.TwoPhaseLoad - Resolving associations for [edu.ncsu.csc.itrust2.models.persistent.LogEntry#191]
19:33:17.447 [main] DEBUG o.h.engine.internal.TwoPhaseLoad - Done materializing entity [edu.ncsu.csc.itrust2.models.persistent.LogEntry#191]
19:33:17.447 [main] DEBUG o.h.engine.internal.TwoPhaseLoad - Resolving associations for [edu.ncsu.csc.itrust2.models.persistent.LogEntry#192]
19:33:17.447 [main] DEBUG o.h.engine.internal.TwoPhaseLoad - Done materializing entity [edu.ncsu.csc.itrust2.models.persistent.LogEntry#192]
19:33:17.447 [main] DEBUG o.h.engine.internal.TwoPhaseLoad - Resolving associations for [edu.ncsu.csc.itrust2.models.persistent.LogEntry#193]
19:33:17.448 [main] DEBUG o.h.engine.internal.TwoPhaseLoad - Done materializing entity [edu.ncsu.csc.itrust2.models.persistent.LogEntry#193]
19:33:17.448 [main] DEBUG o.h.engine.internal.TwoPhaseLoad - Resolving associations for [edu.ncsu.csc.itrust2.models.persistent.LogEntry#194]
19:33:17.448 [main] DEBUG o.h.engine.internal.TwoPhaseLoad - Done materializing entity [edu.ncsu.csc.itrust2.models.persistent.LogEntry#194]
19:33:17.448 [main] DEBUG o.h.engine.internal.TwoPhaseLoad - Resolving associations for [edu.ncsu.csc.itrust2.models.persistent.LogEntry#195]
19:33:17.448 [main] DEBUG o.h.engine.internal.TwoPhaseLoad - Done materializing entity [edu.ncsu.csc.itrust2.models.persistent.LogEntry#195]
19:33:17.455 [main] DEBUG o.h.engine.internal.TwoPhaseLoad - Resolving associations for [edu.ncsu.csc.itrust2.models.persistent.LogEntry#196]
19:33:17.455 [main] DEBUG o.h.engine.internal.TwoPhaseLoad - Done materializing entity [edu.ncsu.csc.itrust2.models.persistent.LogEntry#196]
19:33:17.455 [main] DEBUG o.h.engine.internal.TwoPhaseLoad - Resolving associations for [edu.ncsu.csc.itrust2.models.persistent.LogEntry#197]
19:33:17.455 [main] DEBUG o.h.engine.internal.TwoPhaseLoad - Done materializing entity [edu.ncsu.csc.itrust2.models.persistent.LogEntry#197]
19:33:17.455 [main] DEBUG o.h.engine.internal.TwoPhaseLoad - Resolving associations for [edu.ncsu.csc.itrust2.models.persistent.LogEntry#198]
19:33:17.456 [main] DEBUG o.h.engine.internal.TwoPhaseLoad - Done materializing entity [edu.ncsu.csc.itrust2.models.persistent.LogEntry#198]
19:33:17.456 [main] DEBUG o.h.engine.internal.TwoPhaseLoad - Resolving associations for [edu.ncsu.csc.itrust2.models.persistent.LogEntry#199]
19:33:17.456 [main] DEBUG o.h.engine.internal.TwoPhaseLoad - Done materializing entity [edu.ncsu.csc.itrust2.models.persistent.LogEntry#199]
19:33:17.456 [main] DEBUG o.h.engine.internal.TwoPhaseLoad - Resolving associations for [edu.ncsu.csc.itrust2.models.persistent.LogEntry#200]
19:33:17.456 [main] DEBUG o.h.engine.internal.TwoPhaseLoad - Done materializing entity [edu.ncsu.csc.itrust2.models.persistent.LogEntry#200]
19:33:17.456 [main] DEBUG o.h.engine.internal.TwoPhaseLoad - Resolving associations for [edu.ncsu.csc.itrust2.models.persistent.LogEntry#201]
19:33:17.456 [main] DEBUG o.h.engine.internal.TwoPhaseLoad - Done materializing entity [edu.ncsu.csc.itrust2.models.persistent.LogEntry#201]
19:33:17.456 [main] DEBUG o.h.engine.internal.TwoPhaseLoad - Resolving associations for [edu.ncsu.csc.itrust2.models.persistent.LogEntry#202]
19:33:17.456 [main] DEBUG o.h.engine.internal.TwoPhaseLoad - Done materializing entity [edu.ncsu.csc.itrust2.models.persistent.LogEntry#202]
19:33:17.456 [main] DEBUG o.h.engine.internal.TwoPhaseLoad - Resolving associations for [edu.ncsu.csc.itrust2.models.persistent.LogEntry#203]
19:33:17.457 [main] DEBUG o.h.engine.internal.TwoPhaseLoad - Done materializing entity [edu.ncsu.csc.itrust2.models.persistent.LogEntry#203]
19:33:17.457 [main] DEBUG o.h.engine.internal.TwoPhaseLoad - Resolving associations for [edu.ncsu.csc.itrust2.models.persistent.LogEntry#204]
19:33:17.457 [main] DEBUG o.h.engine.internal.TwoPhaseLoad - Done materializing entity [edu.ncsu.csc.itrust2.models.persistent.LogEntry#204]
19:33:17.457 [main] DEBUG o.h.engine.internal.TwoPhaseLoad - Resolving associations for [edu.ncsu.csc.itrust2.models.persistent.LogEntry#205]
19:33:17.457 [main] DEBUG o.h.engine.internal.TwoPhaseLoad - Done materializing entity [edu.ncsu.csc.itrust2.models.persistent.LogEntry#205]
19:33:17.457 [main] DEBUG o.h.engine.internal.TwoPhaseLoad - Resolving associations for [edu.ncsu.csc.itrust2.models.persistent.LogEntry#206]
19:33:17.457 [main] DEBUG o.h.engine.internal.TwoPhaseLoad - Done materializing entity [edu.ncsu.csc.itrust2.models.persistent.LogEntry#206]
19:33:17.457 [main] DEBUG o.h.engine.internal.TwoPhaseLoad - Resolving associations for [edu.ncsu.csc.itrust2.models.persistent.LogEntry#207]
19:33:17.457 [main] DEBUG o.h.engine.internal.TwoPhaseLoad - Done materializing entity [edu.ncsu.csc.itrust2.models.persistent.LogEntry#207]
19:33:17.457 [main] DEBUG o.h.engine.internal.TwoPhaseLoad - Resolving associations for [edu.ncsu.csc.itrust2.models.persistent.LogEntry#208]
19:33:17.457 [main] DEBUG o.h.engine.internal.TwoPhaseLoad - Done materializing entity [edu.ncsu.csc.itrust2.models.persistent.LogEntry#208]
19:33:17.458 [main] DEBUG o.h.engine.internal.TwoPhaseLoad - Resolving associations for [edu.ncsu.csc.itrust2.models.persistent.LogEntry#209]
19:33:17.458 [main] DEBUG o.h.engine.internal.TwoPhaseLoad - Done materializing entity [edu.ncsu.csc.itrust2.models.persistent.LogEntry#209]
19:33:17.458 [main] DEBUG o.h.engine.internal.TwoPhaseLoad - Resolving associations for [edu.ncsu.csc.itrust2.models.persistent.LogEntry#210]
19:33:17.458 [main] DEBUG o.h.engine.internal.TwoPhaseLoad - Done materializing entity [edu.ncsu.csc.itrust2.models.persistent.LogEntry#210]
19:33:17.458 [main] DEBUG o.h.engine.internal.TwoPhaseLoad - Resolving associations for [edu.ncsu.csc.itrust2.models.persistent.LogEntry#211]
19:33:17.458 [main] DEBUG o.h.engine.internal.TwoPhaseLoad - Done materializing entity [edu.ncsu.csc.itrust2.models.persistent.LogEntry#211]
19:33:17.458 [main] DEBUG o.h.engine.internal.TwoPhaseLoad - Resolving associations for [edu.ncsu.csc.itrust2.models.persistent.LogEntry#212]
19:33:17.459 [main] DEBUG o.h.engine.internal.TwoPhaseLoad - Done materializing entity [edu.ncsu.csc.itrust2.models.persistent.LogEntry#212]
19:33:17.459 [main] DEBUG o.h.engine.internal.TwoPhaseLoad - Resolving associations for [edu.ncsu.csc.itrust2.models.persistent.LogEntry#213]
19:33:17.459 [main] DEBUG o.h.engine.internal.TwoPhaseLoad - Done materializing entity [edu.ncsu.csc.itrust2.models.persistent.LogEntry#213]
19:33:17.459 [main] DEBUG o.h.engine.internal.TwoPhaseLoad - Resolving associations for [edu.ncsu.csc.itrust2.models.persistent.LogEntry#214]
19:33:17.459 [main] DEBUG o.h.engine.internal.TwoPhaseLoad - Done materializing entity [edu.ncsu.csc.itrust2.models.persistent.LogEntry#214]
19:33:17.459 [main] DEBUG o.h.engine.internal.TwoPhaseLoad - Resolving associations for [edu.ncsu.csc.itrust2.models.persistent.LogEntry#215]
19:33:17.459 [main] DEBUG o.h.engine.internal.TwoPhaseLoad - Done materializing entity [edu.ncsu.csc.itrust2.models.persistent.LogEntry#215]
19:33:17.459 [main] DEBUG o.h.engine.internal.TwoPhaseLoad - Resolving associations for [edu.ncsu.csc.itrust2.models.persistent.LogEntry#216]
19:33:17.459 [main] DEBUG o.h.engine.internal.TwoPhaseLoad - Done materializing entity [edu.ncsu.csc.itrust2.models.persistent.LogEntry#216]
19:33:17.459 [main] DEBUG o.h.engine.internal.TwoPhaseLoad - Resolving associations for [edu.ncsu.csc.itrust2.models.persistent.LogEntry#217]
19:33:17.459 [main] DEBUG o.h.engine.internal.TwoPhaseLoad - Done materializing entity [edu.ncsu.csc.itrust2.models.persistent.LogEntry#217]
19:33:17.467 [main] DEBUG o.h.engine.internal.TwoPhaseLoad - Resolving associations for [edu.ncsu.csc.itrust2.models.persistent.LogEntry#218]
19:33:17.467 [main] DEBUG o.h.engine.internal.TwoPhaseLoad - Done materializing entity [edu.ncsu.csc.itrust2.models.persistent.LogEntry#218]
19:33:17.467 [main] DEBUG o.h.engine.internal.TwoPhaseLoad - Resolving associations for [edu.ncsu.csc.itrust2.models.persistent.LogEntry#219]
19:33:17.467 [main] DEBUG o.h.engine.internal.TwoPhaseLoad - Done materializing entity [edu.ncsu.csc.itrust2.models.persistent.LogEntry#219]
19:33:17.467 [main] DEBUG o.h.engine.internal.TwoPhaseLoad - Resolving associations for [edu.ncsu.csc.itrust2.models.persistent.LogEntry#220]
19:33:17.467 [main] DEBUG o.h.engine.internal.TwoPhaseLoad - Done materializing entity [edu.ncsu.csc.itrust2.models.persistent.LogEntry#220]
19:33:17.467 [main] DEBUG o.h.engine.internal.TwoPhaseLoad - Resolving associations for [edu.ncsu.csc.itrust2.models.persistent.LogEntry#221]
19:33:17.467 [main] DEBUG o.h.engine.internal.TwoPhaseLoad - Done materializing entity [edu.ncsu.csc.itrust2.models.persistent.LogEntry#221]
19:33:17.468 [main] DEBUG o.h.engine.internal.TwoPhaseLoad - Resolving associations for [edu.ncsu.csc.itrust2.models.persistent.LogEntry#222]
19:33:17.468 [main] DEBUG o.h.engine.internal.TwoPhaseLoad - Done materializing entity [edu.ncsu.csc.itrust2.models.persistent.LogEntry#222]
19:33:17.468 [main] DEBUG o.h.engine.internal.TwoPhaseLoad - Resolving associations for [edu.ncsu.csc.itrust2.models.persistent.LogEntry#223]
19:33:17.468 [main] DEBUG o.h.engine.internal.TwoPhaseLoad - Done materializing entity [edu.ncsu.csc.itrust2.models.persistent.LogEntry#223]
19:33:17.468 [main] DEBUG o.h.engine.internal.TwoPhaseLoad - Resolving associations for [edu.ncsu.csc.itrust2.models.persistent.LogEntry#224]
19:33:17.468 [main] DEBUG o.h.engine.internal.TwoPhaseLoad - Done materializing entity [edu.ncsu.csc.itrust2.models.persistent.LogEntry#224]
19:33:17.468 [main] DEBUG o.h.engine.internal.TwoPhaseLoad - Resolving associations for [edu.ncsu.csc.itrust2.models.persistent.LogEntry#225]
19:33:17.468 [main] DEBUG o.h.engine.internal.TwoPhaseLoad - Done materializing entity [edu.ncsu.csc.itrust2.models.persistent.LogEntry#225]
19:33:17.468 [main] DEBUG o.h.engine.internal.TwoPhaseLoad - Resolving associations for [edu.ncsu.csc.itrust2.models.persistent.LogEntry#226]
19:33:17.468 [main] DEBUG o.h.engine.internal.TwoPhaseLoad - Done materializing entity [edu.ncsu.csc.itrust2.models.persistent.LogEntry#226]
19:33:17.468 [main] DEBUG o.h.engine.internal.TwoPhaseLoad - Resolving associations for [edu.ncsu.csc.itrust2.models.persistent.LogEntry#227]
19:33:17.468 [main] DEBUG o.h.engine.internal.TwoPhaseLoad - Done materializing entity [edu.ncsu.csc.itrust2.models.persistent.LogEntry#227]
19:33:17.468 [main] DEBUG o.h.engine.internal.TwoPhaseLoad - Resolving associations for [edu.ncsu.csc.itrust2.models.persistent.LogEntry#228]
19:33:17.468 [main] DEBUG o.h.engine.internal.TwoPhaseLoad - Done materializing entity [edu.ncsu.csc.itrust2.models.persistent.LogEntry#228]
19:33:17.468 [main] DEBUG o.h.engine.internal.TwoPhaseLoad - Resolving associations for [edu.ncsu.csc.itrust2.models.persistent.LogEntry#229]
19:33:17.468 [main] DEBUG o.h.engine.internal.TwoPhaseLoad - Done materializing entity [edu.ncsu.csc.itrust2.models.persistent.LogEntry#229]
19:33:17.468 [main] DEBUG o.h.engine.internal.TwoPhaseLoad - Resolving associations for [edu.ncsu.csc.itrust2.models.persistent.LogEntry#230]
19:33:17.469 [main] DEBUG o.h.engine.internal.TwoPhaseLoad - Done materializing entity [edu.ncsu.csc.itrust2.models.persistent.LogEntry#230]
19:33:17.469 [main] DEBUG o.h.engine.internal.TwoPhaseLoad - Resolving associations for [edu.ncsu.csc.itrust2.models.persistent.LogEntry#231]
19:33:17.469 [main] DEBUG o.h.engine.internal.TwoPhaseLoad - Done materializing entity [edu.ncsu.csc.itrust2.models.persistent.LogEntry#231]
19:33:17.469 [main] DEBUG o.h.engine.internal.TwoPhaseLoad - Resolving associations for [edu.ncsu.csc.itrust2.models.persistent.LogEntry#232]
19:33:17.469 [main] DEBUG o.h.engine.internal.TwoPhaseLoad - Done materializing entity [edu.ncsu.csc.itrust2.models.persistent.LogEntry#232]
19:33:17.469 [main] DEBUG o.h.engine.internal.TwoPhaseLoad - Resolving associations for [edu.ncsu.csc.itrust2.models.persistent.LogEntry#233]
19:33:17.470 [main] DEBUG o.h.engine.internal.TwoPhaseLoad - Done materializing entity [edu.ncsu.csc.itrust2.models.persistent.LogEntry#233]
19:33:17.470 [main] DEBUG o.h.engine.internal.TwoPhaseLoad - Resolving associations for [edu.ncsu.csc.itrust2.models.persistent.LogEntry#234]
19:33:17.470 [main] DEBUG o.h.engine.internal.TwoPhaseLoad - Done materializing entity [edu.ncsu.csc.itrust2.models.persistent.LogEntry#234]
19:33:17.470 [main] DEBUG o.h.engine.internal.TwoPhaseLoad - Resolving associations for [edu.ncsu.csc.itrust2.models.persistent.LogEntry#235]
19:33:17.470 [main] DEBUG o.h.engine.internal.TwoPhaseLoad - Done materializing entity [edu.ncsu.csc.itrust2.models.persistent.LogEntry#235]
19:33:17.470 [main] DEBUG o.h.engine.internal.TwoPhaseLoad - Resolving associations for [edu.ncsu.csc.itrust2.models.persistent.LogEntry#236]
19:33:17.470 [main] DEBUG o.h.engine.internal.TwoPhaseLoad - Done materializing entity [edu.ncsu.csc.itrust2.models.persistent.LogEntry#236]
19:33:17.470 [main] DEBUG o.h.engine.internal.TwoPhaseLoad - Resolving associations for [edu.ncsu.csc.itrust2.models.persistent.LogEntry#237]
19:33:17.470 [main] DEBUG o.h.engine.internal.TwoPhaseLoad - Done materializing entity [edu.ncsu.csc.itrust2.models.persistent.LogEntry#237]
19:33:17.470 [main] DEBUG o.h.engine.internal.TwoPhaseLoad - Resolving associations for [edu.ncsu.csc.itrust2.models.persistent.LogEntry#238]
19:33:17.470 [main] DEBUG o.h.engine.internal.TwoPhaseLoad - Done materializing entity [edu.ncsu.csc.itrust2.models.persistent.LogEntry#238]
19:33:17.470 [main] DEBUG o.h.engine.internal.TwoPhaseLoad - Resolving associations for [edu.ncsu.csc.itrust2.models.persistent.LogEntry#239]
19:33:17.470 [main] DEBUG o.h.engine.internal.TwoPhaseLoad - Done materializing entity [edu.ncsu.csc.itrust2.models.persistent.LogEntry#239]
19:33:17.471 [main] DEBUG o.h.engine.internal.TwoPhaseLoad - Resolving associations for [edu.ncsu.csc.itrust2.models.persistent.LogEntry#240]
19:33:17.471 [main] DEBUG o.h.engine.internal.TwoPhaseLoad - Done materializing entity [edu.ncsu.csc.itrust2.models.persistent.LogEntry#240]
19:33:17.471 [main] DEBUG o.h.engine.internal.TwoPhaseLoad - Resolving associations for [edu.ncsu.csc.itrust2.models.persistent.LogEntry#241]
19:33:17.471 [main] DEBUG o.h.engine.internal.TwoPhaseLoad - Done materializing entity [edu.ncsu.csc.itrust2.models.persistent.LogEntry#241]
19:33:17.471 [main] DEBUG o.h.engine.internal.TwoPhaseLoad - Resolving associations for [edu.ncsu.csc.itrust2.models.persistent.LogEntry#242]
19:33:17.471 [main] DEBUG o.h.engine.internal.TwoPhaseLoad - Done materializing entity [edu.ncsu.csc.itrust2.models.persistent.LogEntry#242]
19:33:17.471 [main] DEBUG o.h.engine.internal.TwoPhaseLoad - Resolving associations for [edu.ncsu.csc.itrust2.models.persistent.LogEntry#243]
19:33:17.471 [main] DEBUG o.h.engine.internal.TwoPhaseLoad - Done materializing entity [edu.ncsu.csc.itrust2.models.persistent.LogEntry#243]
19:33:17.471 [main] DEBUG o.h.engine.internal.TwoPhaseLoad - Resolving associations for [edu.ncsu.csc.itrust2.models.persistent.LogEntry#244]
19:33:17.471 [main] DEBUG o.h.engine.internal.TwoPhaseLoad - Done materializing entity [edu.ncsu.csc.itrust2.models.persistent.LogEntry#244]
19:33:17.471 [main] DEBUG o.h.engine.internal.TwoPhaseLoad - Resolving associations for [edu.ncsu.csc.itrust2.models.persistent.LogEntry#245]
19:33:17.471 [main] DEBUG o.h.engine.internal.TwoPhaseLoad - Done materializing entity [edu.ncsu.csc.itrust2.models.persistent.LogEntry#245]
19:33:17.471 [main] DEBUG o.h.engine.internal.TwoPhaseLoad - Resolving associations for [edu.ncsu.csc.itrust2.models.persistent.LogEntry#246]
19:33:17.471 [main] DEBUG o.h.engine.internal.TwoPhaseLoad - Done materializing entity [edu.ncsu.csc.itrust2.models.persistent.LogEntry#246]
19:33:17.471 [main] DEBUG o.h.engine.internal.TwoPhaseLoad - Resolving associations for [edu.ncsu.csc.itrust2.models.persistent.LogEntry#247]
19:33:17.471 [main] DEBUG o.h.engine.internal.TwoPhaseLoad - Done materializing entity [edu.ncsu.csc.itrust2.models.persistent.LogEntry#247]
19:33:17.471 [main] DEBUG o.h.engine.internal.TwoPhaseLoad - Resolving associations for [edu.ncsu.csc.itrust2.models.persistent.LogEntry#248]
19:33:17.471 [main] DEBUG o.h.engine.internal.TwoPhaseLoad - Done materializing entity [edu.ncsu.csc.itrust2.models.persistent.LogEntry#248]
19:33:17.472 [main] DEBUG o.h.engine.internal.TwoPhaseLoad - Resolving associations for [edu.ncsu.csc.itrust2.models.persistent.LogEntry#249]
19:33:17.472 [main] DEBUG o.h.engine.internal.TwoPhaseLoad - Done materializing entity [edu.ncsu.csc.itrust2.models.persistent.LogEntry#249]
19:33:17.472 [main] DEBUG o.h.engine.internal.TwoPhaseLoad - Resolving associations for [edu.ncsu.csc.itrust2.models.persistent.LogEntry#250]
19:33:17.472 [main] DEBUG o.h.engine.internal.TwoPhaseLoad - Done materializing entity [edu.ncsu.csc.itrust2.models.persistent.LogEntry#250]
19:33:17.472 [main] DEBUG o.h.engine.internal.TwoPhaseLoad - Resolving associations for [edu.ncsu.csc.itrust2.models.persistent.LogEntry#251]
19:33:17.472 [main] DEBUG o.h.engine.internal.TwoPhaseLoad - Done materializing entity [edu.ncsu.csc.itrust2.models.persistent.LogEntry#251]
19:33:17.472 [main] DEBUG o.h.engine.internal.TwoPhaseLoad - Resolving associations for [edu.ncsu.csc.itrust2.models.persistent.LogEntry#252]
19:33:17.472 [main] DEBUG o.h.engine.internal.TwoPhaseLoad - Done materializing entity [edu.ncsu.csc.itrust2.models.persistent.LogEntry#252]
19:33:17.472 [main] DEBUG o.h.engine.internal.TwoPhaseLoad - Resolving associations for [edu.ncsu.csc.itrust2.models.persistent.LogEntry#253]
19:33:17.472 [main] DEBUG o.h.engine.internal.TwoPhaseLoad - Done materializing entity [edu.ncsu.csc.itrust2.models.persistent.LogEntry#253]
19:33:17.472 [main] DEBUG o.h.engine.internal.TwoPhaseLoad - Resolving associations for [edu.ncsu.csc.itrust2.models.persistent.LogEntry#254]
19:33:17.472 [main] DEBUG o.h.engine.internal.TwoPhaseLoad - Done materializing entity [edu.ncsu.csc.itrust2.models.persistent.LogEntry#254]
19:33:17.472 [main] DEBUG o.h.engine.internal.TwoPhaseLoad - Resolving associations for [edu.ncsu.csc.itrust2.models.persistent.LogEntry#255]
19:33:17.472 [main] DEBUG o.h.engine.internal.TwoPhaseLoad - Done materializing entity [edu.ncsu.csc.itrust2.models.persistent.LogEntry#255]
19:33:17.472 [main] DEBUG o.h.engine.internal.TwoPhaseLoad - Resolving associations for [edu.ncsu.csc.itrust2.models.persistent.LogEntry#256]
19:33:17.472 [main] DEBUG o.h.engine.internal.TwoPhaseLoad - Done materializing entity [edu.ncsu.csc.itrust2.models.persistent.LogEntry#256]
19:33:17.472 [main] DEBUG o.h.engine.internal.TwoPhaseLoad - Resolving associations for [edu.ncsu.csc.itrust2.models.persistent.LogEntry#257]
19:33:17.472 [main] DEBUG o.h.engine.internal.TwoPhaseLoad - Done materializing entity [edu.ncsu.csc.itrust2.models.persistent.LogEntry#257]
19:33:17.473 [main] DEBUG o.h.engine.internal.TwoPhaseLoad - Resolving associations for [edu.ncsu.csc.itrust2.models.persistent.LogEntry#258]
19:33:17.473 [main] DEBUG o.h.engine.internal.TwoPhaseLoad - Done materializing entity [edu.ncsu.csc.itrust2.models.persistent.LogEntry#258]
19:33:17.473 [main] DEBUG o.h.engine.internal.TwoPhaseLoad - Resolving associations for [edu.ncsu.csc.itrust2.models.persistent.LogEntry#259]
19:33:17.473 [main] DEBUG o.h.engine.internal.TwoPhaseLoad - Done materializing entity [edu.ncsu.csc.itrust2.models.persistent.LogEntry#259]
19:33:17.473 [main] DEBUG o.h.engine.internal.TwoPhaseLoad - Resolving associations for [edu.ncsu.csc.itrust2.models.persistent.LogEntry#260]
19:33:17.473 [main] DEBUG o.h.engine.internal.TwoPhaseLoad - Done materializing entity [edu.ncsu.csc.itrust2.models.persistent.LogEntry#260]
19:33:17.473 [main] DEBUG o.h.engine.internal.TwoPhaseLoad - Resolving associations for [edu.ncsu.csc.itrust2.models.persistent.LogEntry#261]
19:33:17.473 [main] DEBUG o.h.engine.internal.TwoPhaseLoad - Done materializing entity [edu.ncsu.csc.itrust2.models.persistent.LogEntry#261]
19:33:17.473 [main] DEBUG o.h.engine.internal.TwoPhaseLoad - Resolving associations for [edu.ncsu.csc.itrust2.models.persistent.LogEntry#262]
19:33:17.473 [main] DEBUG o.h.engine.internal.TwoPhaseLoad - Done materializing entity [edu.ncsu.csc.itrust2.models.persistent.LogEntry#262]
19:33:17.473 [main] DEBUG o.h.engine.internal.TwoPhaseLoad - Resolving associations for [edu.ncsu.csc.itrust2.models.persistent.LogEntry#263]
19:33:17.473 [main] DEBUG o.h.engine.internal.TwoPhaseLoad - Done materializing entity [edu.ncsu.csc.itrust2.models.persistent.LogEntry#263]
19:33:17.473 [main] DEBUG o.h.engine.internal.TwoPhaseLoad - Resolving associations for [edu.ncsu.csc.itrust2.models.persistent.LogEntry#264]
19:33:17.473 [main] DEBUG o.h.engine.internal.TwoPhaseLoad - Done materializing entity [edu.ncsu.csc.itrust2.models.persistent.LogEntry#264]
19:33:17.473 [main] DEBUG o.h.engine.internal.TwoPhaseLoad - Resolving associations for [edu.ncsu.csc.itrust2.models.persistent.LogEntry#265]
19:33:17.473 [main] DEBUG o.h.engine.internal.TwoPhaseLoad - Done materializing entity [edu.ncsu.csc.itrust2.models.persistent.LogEntry#265]
19:33:17.473 [main] DEBUG o.h.engine.internal.TwoPhaseLoad - Resolving associations for [edu.ncsu.csc.itrust2.models.persistent.LogEntry#266]
19:33:17.473 [main] DEBUG o.h.engine.internal.TwoPhaseLoad - Done materializing entity [edu.ncsu.csc.itrust2.models.persistent.LogEntry#266]
19:33:17.473 [main] DEBUG o.h.engine.internal.TwoPhaseLoad - Resolving associations for [edu.ncsu.csc.itrust2.models.persistent.LogEntry#267]
19:33:17.473 [main] DEBUG o.h.engine.internal.TwoPhaseLoad - Done materializing entity [edu.ncsu.csc.itrust2.models.persistent.LogEntry#267]
19:33:17.474 [main] DEBUG o.h.engine.internal.TwoPhaseLoad - Resolving associations for [edu.ncsu.csc.itrust2.models.persistent.LogEntry#268]
19:33:17.474 [main] DEBUG o.h.engine.internal.TwoPhaseLoad - Done materializing entity [edu.ncsu.csc.itrust2.models.persistent.LogEntry#268]
19:33:17.474 [main] DEBUG o.h.engine.internal.TwoPhaseLoad - Resolving associations for [edu.ncsu.csc.itrust2.models.persistent.LogEntry#269]
19:33:17.474 [main] DEBUG o.h.engine.internal.TwoPhaseLoad - Done materializing entity [edu.ncsu.csc.itrust2.models.persistent.LogEntry#269]
19:33:17.474 [main] DEBUG o.h.engine.internal.TwoPhaseLoad - Resolving associations for [edu.ncsu.csc.itrust2.models.persistent.LogEntry#270]
19:33:17.474 [main] DEBUG o.h.engine.internal.TwoPhaseLoad - Done materializing entity [edu.ncsu.csc.itrust2.models.persistent.LogEntry#270]
19:33:17.474 [main] DEBUG o.h.engine.internal.TwoPhaseLoad - Resolving associations for [edu.ncsu.csc.itrust2.models.persistent.LogEntry#271]
19:33:17.474 [main] DEBUG o.h.engine.internal.TwoPhaseLoad - Done materializing entity [edu.ncsu.csc.itrust2.models.persistent.LogEntry#271]
19:33:17.474 [main] DEBUG o.h.engine.internal.TwoPhaseLoad - Resolving associations for [edu.ncsu.csc.itrust2.models.persistent.LogEntry#272]
19:33:17.474 [main] DEBUG o.h.engine.internal.TwoPhaseLoad - Done materializing entity [edu.ncsu.csc.itrust2.models.persistent.LogEntry#272]
19:33:17.474 [main] DEBUG o.h.engine.internal.TwoPhaseLoad - Resolving associations for [edu.ncsu.csc.itrust2.models.persistent.LogEntry#273]
19:33:17.474 [main] DEBUG o.h.engine.internal.TwoPhaseLoad - Done materializing entity [edu.ncsu.csc.itrust2.models.persistent.LogEntry#273]
19:33:17.474 [main] DEBUG o.h.engine.internal.TwoPhaseLoad - Resolving associations for [edu.ncsu.csc.itrust2.models.persistent.LogEntry#274]
19:33:17.474 [main] DEBUG o.h.engine.internal.TwoPhaseLoad - Done materializing entity [edu.ncsu.csc.itrust2.models.persistent.LogEntry#274]
19:33:17.474 [main] DEBUG o.h.engine.internal.TwoPhaseLoad - Resolving associations for [edu.ncsu.csc.itrust2.models.persistent.LogEntry#275]
19:33:17.474 [main] DEBUG o.h.engine.internal.TwoPhaseLoad - Done materializing entity [edu.ncsu.csc.itrust2.models.persistent.LogEntry#275]
19:33:17.474 [main] DEBUG o.h.engine.internal.TwoPhaseLoad - Resolving associations for [edu.ncsu.csc.itrust2.models.persistent.LogEntry#276]
19:33:17.474 [main] DEBUG o.h.engine.internal.TwoPhaseLoad - Done materializing entity [edu.ncsu.csc.itrust2.models.persistent.LogEntry#276]
19:33:17.474 [main] DEBUG o.h.engine.internal.TwoPhaseLoad - Resolving associations for [edu.ncsu.csc.itrust2.models.persistent.LogEntry#277]
19:33:17.474 [main] DEBUG o.h.engine.internal.TwoPhaseLoad - Done materializing entity [edu.ncsu.csc.itrust2.models.persistent.LogEntry#277]
19:33:17.474 [main] DEBUG o.h.engine.internal.TwoPhaseLoad - Resolving associations for [edu.ncsu.csc.itrust2.models.persistent.LogEntry#278]
19:33:17.475 [main] DEBUG o.h.engine.internal.TwoPhaseLoad - Done materializing entity [edu.ncsu.csc.itrust2.models.persistent.LogEntry#278]
19:33:17.475 [main] DEBUG o.h.engine.internal.TwoPhaseLoad - Resolving associations for [edu.ncsu.csc.itrust2.models.persistent.LogEntry#279]
19:33:17.475 [main] DEBUG o.h.engine.internal.TwoPhaseLoad - Done materializing entity [edu.ncsu.csc.itrust2.models.persistent.LogEntry#279]
19:33:17.475 [main] DEBUG o.h.engine.internal.TwoPhaseLoad - Resolving associations for [edu.ncsu.csc.itrust2.models.persistent.LogEntry#280]
19:33:17.475 [main] DEBUG o.h.engine.internal.TwoPhaseLoad - Done materializing entity [edu.ncsu.csc.itrust2.models.persistent.LogEntry#280]
19:33:17.475 [main] DEBUG o.h.engine.internal.TwoPhaseLoad - Resolving associations for [edu.ncsu.csc.itrust2.models.persistent.LogEntry#281]
19:33:17.475 [main] DEBUG o.h.engine.internal.TwoPhaseLoad - Done materializing entity [edu.ncsu.csc.itrust2.models.persistent.LogEntry#281]
19:33:17.475 [main] DEBUG o.h.engine.internal.TwoPhaseLoad - Resolving associations for [edu.ncsu.csc.itrust2.models.persistent.LogEntry#282]
19:33:17.475 [main] DEBUG o.h.engine.internal.TwoPhaseLoad - Done materializing entity [edu.ncsu.csc.itrust2.models.persistent.LogEntry#282]
19:33:17.475 [main] DEBUG o.h.engine.internal.TwoPhaseLoad - Resolving associations for [edu.ncsu.csc.itrust2.models.persistent.LogEntry#283]
19:33:17.475 [main] DEBUG o.h.engine.internal.TwoPhaseLoad - Done materializing entity [edu.ncsu.csc.itrust2.models.persistent.LogEntry#283]
19:33:17.475 [main] DEBUG o.h.engine.internal.TwoPhaseLoad - Resolving associations for [edu.ncsu.csc.itrust2.models.persistent.LogEntry#284]
19:33:17.475 [main] DEBUG o.h.engine.internal.TwoPhaseLoad - Done materializing entity [edu.ncsu.csc.itrust2.models.persistent.LogEntry#284]
19:33:17.475 [main] DEBUG o.h.engine.internal.TwoPhaseLoad - Resolving associations for [edu.ncsu.csc.itrust2.models.persistent.LogEntry#285]
19:33:17.475 [main] DEBUG o.h.engine.internal.TwoPhaseLoad - Done materializing entity [edu.ncsu.csc.itrust2.models.persistent.LogEntry#285]
19:33:17.475 [main] DEBUG o.h.engine.internal.TwoPhaseLoad - Resolving associations for [edu.ncsu.csc.itrust2.models.persistent.LogEntry#286]
19:33:17.475 [main] DEBUG o.h.engine.internal.TwoPhaseLoad - Done materializing entity [edu.ncsu.csc.itrust2.models.persistent.LogEntry#286]
19:33:17.475 [main] DEBUG o.h.engine.internal.TwoPhaseLoad - Resolving associations for [edu.ncsu.csc.itrust2.models.persistent.LogEntry#287]
19:33:17.475 [main] DEBUG o.h.engine.internal.TwoPhaseLoad - Done materializing entity [edu.ncsu.csc.itrust2.models.persistent.LogEntry#287]
19:33:17.475 [main] DEBUG o.h.engine.internal.TwoPhaseLoad - Resolving associations for [edu.ncsu.csc.itrust2.models.persistent.LogEntry#288]
19:33:17.475 [main] DEBUG o.h.engine.internal.TwoPhaseLoad - Done materializing entity [edu.ncsu.csc.itrust2.models.persistent.LogEntry#288]
19:33:17.475 [main] DEBUG o.h.engine.internal.TwoPhaseLoad - Resolving associations for [edu.ncsu.csc.itrust2.models.persistent.LogEntry#289]
19:33:17.475 [main] DEBUG o.h.engine.internal.TwoPhaseLoad - Done materializing entity [edu.ncsu.csc.itrust2.models.persistent.LogEntry#289]
19:33:17.475 [main] DEBUG o.h.engine.internal.TwoPhaseLoad - Resolving associations for [edu.ncsu.csc.itrust2.models.persistent.LogEntry#290]
19:33:17.475 [main] DEBUG o.h.engine.internal.TwoPhaseLoad - Done materializing entity [edu.ncsu.csc.itrust2.models.persistent.LogEntry#290]
19:33:17.475 [main] DEBUG o.h.engine.internal.TwoPhaseLoad - Resolving associations for [edu.ncsu.csc.itrust2.models.persistent.LogEntry#291]
19:33:17.475 [main] DEBUG o.h.engine.internal.TwoPhaseLoad - Done materializing entity [edu.ncsu.csc.itrust2.models.persistent.LogEntry#291]
19:33:17.475 [main] DEBUG o.h.engine.internal.TwoPhaseLoad - Resolving associations for [edu.ncsu.csc.itrust2.models.persistent.LogEntry#292]
19:33:17.476 [main] DEBUG o.h.engine.internal.TwoPhaseLoad - Done materializing entity [edu.ncsu.csc.itrust2.models.persistent.LogEntry#292]
19:33:17.476 [main] DEBUG o.h.engine.internal.TwoPhaseLoad - Resolving associations for [edu.ncsu.csc.itrust2.models.persistent.LogEntry#293]
19:33:17.476 [main] DEBUG o.h.engine.internal.TwoPhaseLoad - Done materializing entity [edu.ncsu.csc.itrust2.models.persistent.LogEntry#293]
19:33:17.476 [main] DEBUG o.h.engine.internal.TwoPhaseLoad - Resolving associations for [edu.ncsu.csc.itrust2.models.persistent.LogEntry#294]
19:33:17.476 [main] DEBUG o.h.engine.internal.TwoPhaseLoad - Done materializing entity [edu.ncsu.csc.itrust2.models.persistent.LogEntry#294]
19:33:17.476 [main] DEBUG o.h.engine.internal.TwoPhaseLoad - Resolving associations for [edu.ncsu.csc.itrust2.models.persistent.LogEntry#295]
19:33:17.476 [main] DEBUG o.h.engine.internal.TwoPhaseLoad - Done materializing entity [edu.ncsu.csc.itrust2.models.persistent.LogEntry#295]
19:33:17.476 [main] DEBUG o.h.engine.internal.TwoPhaseLoad - Resolving associations for [edu.ncsu.csc.itrust2.models.persistent.LogEntry#296]
19:33:17.476 [main] DEBUG o.h.engine.internal.TwoPhaseLoad - Done materializing entity [edu.ncsu.csc.itrust2.models.persistent.LogEntry#296]
19:33:17.476 [main] DEBUG o.h.engine.internal.TwoPhaseLoad - Resolving associations for [edu.ncsu.csc.itrust2.models.persistent.LogEntry#297]
19:33:17.476 [main] DEBUG o.h.engine.internal.TwoPhaseLoad - Done materializing entity [edu.ncsu.csc.itrust2.models.persistent.LogEntry#297]
19:33:17.476 [main] DEBUG o.h.engine.internal.TwoPhaseLoad - Resolving associations for [edu.ncsu.csc.itrust2.models.persistent.LogEntry#298]
19:33:17.476 [main] DEBUG o.h.engine.internal.TwoPhaseLoad - Done materializing entity [edu.ncsu.csc.itrust2.models.persistent.LogEntry#298]
19:33:17.476 [main] DEBUG o.h.engine.internal.TwoPhaseLoad - Resolving associations for [edu.ncsu.csc.itrust2.models.persistent.LogEntry#299]
19:33:17.476 [main] DEBUG o.h.engine.internal.TwoPhaseLoad - Done materializing entity [edu.ncsu.csc.itrust2.models.persistent.LogEntry#299]
19:33:17.476 [main] DEBUG o.h.engine.internal.TwoPhaseLoad - Resolving associations for [edu.ncsu.csc.itrust2.models.persistent.LogEntry#300]
19:33:17.477 [main] DEBUG o.h.engine.internal.TwoPhaseLoad - Done materializing entity [edu.ncsu.csc.itrust2.models.persistent.LogEntry#300]
19:33:17.477 [main] DEBUG o.h.engine.internal.TwoPhaseLoad - Resolving associations for [edu.ncsu.csc.itrust2.models.persistent.LogEntry#301]
19:33:17.477 [main] DEBUG o.h.engine.internal.TwoPhaseLoad - Done materializing entity [edu.ncsu.csc.itrust2.models.persistent.LogEntry#301]
19:33:17.477 [main] DEBUG o.h.engine.internal.TwoPhaseLoad - Resolving associations for [edu.ncsu.csc.itrust2.models.persistent.LogEntry#302]
19:33:17.477 [main] DEBUG o.h.engine.internal.TwoPhaseLoad - Done materializing entity [edu.ncsu.csc.itrust2.models.persistent.LogEntry#302]
19:33:17.477 [main] DEBUG o.h.engine.internal.TwoPhaseLoad - Resolving associations for [edu.ncsu.csc.itrust2.models.persistent.LogEntry#303]
19:33:17.477 [main] DEBUG o.h.engine.internal.TwoPhaseLoad - Done materializing entity [edu.ncsu.csc.itrust2.models.persistent.LogEntry#303]
19:33:17.477 [main] DEBUG o.h.engine.internal.TwoPhaseLoad - Resolving associations for [edu.ncsu.csc.itrust2.models.persistent.LogEntry#304]
19:33:17.477 [main] DEBUG o.h.engine.internal.TwoPhaseLoad - Done materializing entity [edu.ncsu.csc.itrust2.models.persistent.LogEntry#304]
19:33:17.477 [main] DEBUG o.h.engine.internal.TwoPhaseLoad - Resolving associations for [edu.ncsu.csc.itrust2.models.persistent.LogEntry#305]
19:33:17.477 [main] DEBUG o.h.engine.internal.TwoPhaseLoad - Done materializing entity [edu.ncsu.csc.itrust2.models.persistent.LogEntry#305]
19:33:17.477 [main] DEBUG o.h.engine.internal.TwoPhaseLoad - Resolving associations for [edu.ncsu.csc.itrust2.models.persistent.LogEntry#306]
19:33:17.477 [main] DEBUG o.h.engine.internal.TwoPhaseLoad - Done materializing entity [edu.ncsu.csc.itrust2.models.persistent.LogEntry#306]
19:33:17.477 [main] DEBUG o.h.engine.internal.TwoPhaseLoad - Resolving associations for [edu.ncsu.csc.itrust2.models.persistent.LogEntry#307]
19:33:17.477 [main] DEBUG o.h.engine.internal.TwoPhaseLoad - Done materializing entity [edu.ncsu.csc.itrust2.models.persistent.LogEntry#307]
19:33:17.477 [main] DEBUG o.h.engine.internal.TwoPhaseLoad - Resolving associations for [edu.ncsu.csc.itrust2.models.persistent.LogEntry#308]
19:33:17.477 [main] DEBUG o.h.engine.internal.TwoPhaseLoad - Done materializing entity [edu.ncsu.csc.itrust2.models.persistent.LogEntry#308]
19:33:17.477 [main] DEBUG o.h.engine.internal.TwoPhaseLoad - Resolving associations for [edu.ncsu.csc.itrust2.models.persistent.LogEntry#309]
19:33:17.477 [main] DEBUG o.h.engine.internal.TwoPhaseLoad - Done materializing entity [edu.ncsu.csc.itrust2.models.persistent.LogEntry#309]
19:33:17.477 [main] DEBUG o.h.engine.internal.TwoPhaseLoad - Resolving associations for [edu.ncsu.csc.itrust2.models.persistent.LogEntry#310]
19:33:17.477 [main] DEBUG o.h.engine.internal.TwoPhaseLoad - Done materializing entity [edu.ncsu.csc.itrust2.models.persistent.LogEntry#310]
19:33:17.477 [main] DEBUG o.h.engine.internal.TwoPhaseLoad - Resolving associations for [edu.ncsu.csc.itrust2.models.persistent.LogEntry#311]
19:33:17.478 [main] DEBUG o.h.engine.internal.TwoPhaseLoad - Done materializing entity [edu.ncsu.csc.itrust2.models.persistent.LogEntry#311]
19:33:17.478 [main] DEBUG o.h.engine.internal.TwoPhaseLoad - Resolving associations for [edu.ncsu.csc.itrust2.models.persistent.LogEntry#312]
19:33:17.478 [main] DEBUG o.h.engine.internal.TwoPhaseLoad - Done materializing entity [edu.ncsu.csc.itrust2.models.persistent.LogEntry#312]
19:33:17.478 [main] DEBUG o.h.engine.internal.TwoPhaseLoad - Resolving associations for [edu.ncsu.csc.itrust2.models.persistent.LogEntry#313]
19:33:17.478 [main] DEBUG o.h.engine.internal.TwoPhaseLoad - Done materializing entity [edu.ncsu.csc.itrust2.models.persistent.LogEntry#313]
19:33:17.478 [main] DEBUG o.h.engine.internal.TwoPhaseLoad - Resolving associations for [edu.ncsu.csc.itrust2.models.persistent.LogEntry#314]
19:33:17.485 [main] DEBUG o.h.engine.internal.TwoPhaseLoad - Done materializing entity [edu.ncsu.csc.itrust2.models.persistent.LogEntry#314]
19:33:17.485 [main] DEBUG o.h.engine.internal.TwoPhaseLoad - Resolving associations for [edu.ncsu.csc.itrust2.models.persistent.LogEntry#315]
19:33:17.485 [main] DEBUG o.h.engine.internal.TwoPhaseLoad - Done materializing entity [edu.ncsu.csc.itrust2.models.persistent.LogEntry#315]
19:33:17.485 [main] DEBUG o.h.engine.internal.TwoPhaseLoad - Resolving associations for [edu.ncsu.csc.itrust2.models.persistent.LogEntry#316]
19:33:17.486 [main] DEBUG o.h.engine.internal.TwoPhaseLoad - Done materializing entity [edu.ncsu.csc.itrust2.models.persistent.LogEntry#316]
19:33:17.486 [main] DEBUG o.h.engine.internal.TwoPhaseLoad - Resolving associations for [edu.ncsu.csc.itrust2.models.persistent.LogEntry#317]
19:33:17.486 [main] DEBUG o.h.engine.internal.TwoPhaseLoad - Done materializing entity [edu.ncsu.csc.itrust2.models.persistent.LogEntry#317]
19:33:17.486 [main] DEBUG o.h.engine.internal.TwoPhaseLoad - Resolving associations for [edu.ncsu.csc.itrust2.models.persistent.LogEntry#318]
19:33:17.486 [main] DEBUG o.h.engine.internal.TwoPhaseLoad - Done materializing entity [edu.ncsu.csc.itrust2.models.persistent.LogEntry#318]
19:33:17.486 [main] DEBUG o.h.engine.internal.TwoPhaseLoad - Resolving associations for [edu.ncsu.csc.itrust2.models.persistent.LogEntry#319]
19:33:17.486 [main] DEBUG o.h.engine.internal.TwoPhaseLoad - Done materializing entity [edu.ncsu.csc.itrust2.models.persistent.LogEntry#319]
19:33:17.486 [main] DEBUG o.h.engine.internal.TwoPhaseLoad - Resolving associations for [edu.ncsu.csc.itrust2.models.persistent.LogEntry#320]
19:33:17.486 [main] DEBUG o.h.engine.internal.TwoPhaseLoad - Done materializing entity [edu.ncsu.csc.itrust2.models.persistent.LogEntry#320]
19:33:17.486 [main] DEBUG o.h.engine.internal.TwoPhaseLoad - Resolving associations for [edu.ncsu.csc.itrust2.models.persistent.LogEntry#321]
19:33:17.486 [main] DEBUG o.h.engine.internal.TwoPhaseLoad - Done materializing entity [edu.ncsu.csc.itrust2.models.persistent.LogEntry#321]
19:33:17.486 [main] DEBUG o.h.engine.internal.TwoPhaseLoad - Resolving associations for [edu.ncsu.csc.itrust2.models.persistent.LogEntry#322]
19:33:17.486 [main] DEBUG o.h.engine.internal.TwoPhaseLoad - Done materializing entity [edu.ncsu.csc.itrust2.models.persistent.LogEntry#322]
19:33:17.486 [main] DEBUG o.h.engine.internal.TwoPhaseLoad - Resolving associations for [edu.ncsu.csc.itrust2.models.persistent.LogEntry#323]
19:33:17.486 [main] DEBUG o.h.engine.internal.TwoPhaseLoad - Done materializing entity [edu.ncsu.csc.itrust2.models.persistent.LogEntry#323]
19:33:17.486 [main] DEBUG o.h.engine.internal.TwoPhaseLoad - Resolving associations for [edu.ncsu.csc.itrust2.models.persistent.LogEntry#324]
19:33:17.487 [main] DEBUG o.h.engine.internal.TwoPhaseLoad - Done materializing entity [edu.ncsu.csc.itrust2.models.persistent.LogEntry#324]
19:33:17.487 [main] DEBUG o.h.engine.internal.TwoPhaseLoad - Resolving associations for [edu.ncsu.csc.itrust2.models.persistent.LogEntry#325]
19:33:17.487 [main] DEBUG o.h.engine.internal.TwoPhaseLoad - Done materializing entity [edu.ncsu.csc.itrust2.models.persistent.LogEntry#325]
19:33:17.487 [main] DEBUG o.h.engine.internal.TwoPhaseLoad - Resolving associations for [edu.ncsu.csc.itrust2.models.persistent.LogEntry#326]
19:33:17.488 [main] DEBUG o.h.engine.internal.TwoPhaseLoad - Done materializing entity [edu.ncsu.csc.itrust2.models.persistent.LogEntry#326]
19:33:17.488 [main] DEBUG o.h.engine.internal.TwoPhaseLoad - Resolving associations for [edu.ncsu.csc.itrust2.models.persistent.LogEntry#327]
19:33:17.488 [main] DEBUG o.h.engine.internal.TwoPhaseLoad - Done materializing entity [edu.ncsu.csc.itrust2.models.persistent.LogEntry#327]
19:33:17.489 [main] DEBUG o.h.engine.internal.TwoPhaseLoad - Resolving associations for [edu.ncsu.csc.itrust2.models.persistent.LogEntry#328]
19:33:17.489 [main] DEBUG o.h.engine.internal.TwoPhaseLoad - Done materializing entity [edu.ncsu.csc.itrust2.models.persistent.LogEntry#328]
19:33:17.489 [main] DEBUG o.h.engine.internal.TwoPhaseLoad - Resolving associations for [edu.ncsu.csc.itrust2.models.persistent.LogEntry#329]
19:33:17.489 [main] DEBUG o.h.engine.internal.TwoPhaseLoad - Done materializing entity [edu.ncsu.csc.itrust2.models.persistent.LogEntry#329]
19:33:17.489 [main] DEBUG o.h.engine.internal.TwoPhaseLoad - Resolving associations for [edu.ncsu.csc.itrust2.models.persistent.LogEntry#330]
19:33:17.489 [main] DEBUG o.h.engine.internal.TwoPhaseLoad - Done materializing entity [edu.ncsu.csc.itrust2.models.persistent.LogEntry#330]
19:33:17.489 [main] DEBUG o.h.engine.internal.TwoPhaseLoad - Resolving associations for [edu.ncsu.csc.itrust2.models.persistent.LogEntry#331]
19:33:17.489 [main] DEBUG o.h.engine.internal.TwoPhaseLoad - Done materializing entity [edu.ncsu.csc.itrust2.models.persistent.LogEntry#331]
19:33:17.489 [main] DEBUG o.h.engine.internal.TwoPhaseLoad - Resolving associations for [edu.ncsu.csc.itrust2.models.persistent.LogEntry#332]
19:33:17.489 [main] DEBUG o.h.engine.internal.TwoPhaseLoad - Done materializing entity [edu.ncsu.csc.itrust2.models.persistent.LogEntry#332]
19:33:17.489 [main] DEBUG o.h.engine.internal.TwoPhaseLoad - Resolving associations for [edu.ncsu.csc.itrust2.models.persistent.LogEntry#333]
19:33:17.489 [main] DEBUG o.h.engine.internal.TwoPhaseLoad - Done materializing entity [edu.ncsu.csc.itrust2.models.persistent.LogEntry#333]
19:33:17.489 [main] DEBUG o.h.engine.internal.TwoPhaseLoad - Resolving associations for [edu.ncsu.csc.itrust2.models.persistent.LogEntry#334]
19:33:17.489 [main] DEBUG o.h.engine.internal.TwoPhaseLoad - Done materializing entity [edu.ncsu.csc.itrust2.models.persistent.LogEntry#334]
19:33:17.489 [main] DEBUG o.h.engine.internal.TwoPhaseLoad - Resolving associations for [edu.ncsu.csc.itrust2.models.persistent.LogEntry#335]
19:33:17.489 [main] DEBUG o.h.engine.internal.TwoPhaseLoad - Done materializing entity [edu.ncsu.csc.itrust2.models.persistent.LogEntry#335]
19:33:17.489 [main] DEBUG o.h.engine.internal.TwoPhaseLoad - Resolving associations for [edu.ncsu.csc.itrust2.models.persistent.LogEntry#336]
19:33:17.489 [main] DEBUG o.h.engine.internal.TwoPhaseLoad - Done materializing entity [edu.ncsu.csc.itrust2.models.persistent.LogEntry#336]
19:33:17.489 [main] DEBUG o.h.engine.internal.TwoPhaseLoad - Resolving associations for [edu.ncsu.csc.itrust2.models.persistent.LogEntry#337]
19:33:17.489 [main] DEBUG o.h.engine.internal.TwoPhaseLoad - Done materializing entity [edu.ncsu.csc.itrust2.models.persistent.LogEntry#337]
19:33:17.490 [main] DEBUG o.h.engine.internal.TwoPhaseLoad - Resolving associations for [edu.ncsu.csc.itrust2.models.persistent.LogEntry#338]
19:33:17.490 [main] DEBUG o.h.engine.internal.TwoPhaseLoad - Done materializing entity [edu.ncsu.csc.itrust2.models.persistent.LogEntry#338]
19:33:17.490 [main] DEBUG o.h.engine.internal.TwoPhaseLoad - Resolving associations for [edu.ncsu.csc.itrust2.models.persistent.LogEntry#339]
19:33:17.490 [main] DEBUG o.h.engine.internal.TwoPhaseLoad - Done materializing entity [edu.ncsu.csc.itrust2.models.persistent.LogEntry#339]
19:33:17.490 [main] DEBUG o.h.engine.internal.TwoPhaseLoad - Resolving associations for [edu.ncsu.csc.itrust2.models.persistent.LogEntry#340]
19:33:17.490 [main] DEBUG o.h.engine.internal.TwoPhaseLoad - Done materializing entity [edu.ncsu.csc.itrust2.models.persistent.LogEntry#340]
19:33:17.490 [main] DEBUG o.h.engine.internal.TwoPhaseLoad - Resolving associations for [edu.ncsu.csc.itrust2.models.persistent.LogEntry#341]
19:33:17.490 [main] DEBUG o.h.engine.internal.TwoPhaseLoad - Done materializing entity [edu.ncsu.csc.itrust2.models.persistent.LogEntry#341]
19:33:17.490 [main] DEBUG o.h.engine.internal.TwoPhaseLoad - Resolving associations for [edu.ncsu.csc.itrust2.models.persistent.LogEntry#342]
19:33:17.490 [main] DEBUG o.h.engine.internal.TwoPhaseLoad - Done materializing entity [edu.ncsu.csc.itrust2.models.persistent.LogEntry#342]
19:33:17.490 [main] DEBUG o.h.engine.internal.TwoPhaseLoad - Resolving associations for [edu.ncsu.csc.itrust2.models.persistent.LogEntry#343]
19:33:17.490 [main] DEBUG o.h.engine.internal.TwoPhaseLoad - Done materializing entity [edu.ncsu.csc.itrust2.models.persistent.LogEntry#343]
19:33:17.490 [main] DEBUG o.h.engine.internal.TwoPhaseLoad - Resolving associations for [edu.ncsu.csc.itrust2.models.persistent.LogEntry#344]
19:33:17.490 [main] DEBUG o.h.engine.internal.TwoPhaseLoad - Done materializing entity [edu.ncsu.csc.itrust2.models.persistent.LogEntry#344]
19:33:17.490 [main] DEBUG o.h.engine.internal.TwoPhaseLoad - Resolving associations for [edu.ncsu.csc.itrust2.models.persistent.LogEntry#345]
19:33:17.490 [main] DEBUG o.h.engine.internal.TwoPhaseLoad - Done materializing entity [edu.ncsu.csc.itrust2.models.persistent.LogEntry#345]
19:33:17.490 [main] DEBUG o.h.engine.internal.TwoPhaseLoad - Resolving associations for [edu.ncsu.csc.itrust2.models.persistent.LogEntry#346]
19:33:17.490 [main] DEBUG o.h.engine.internal.TwoPhaseLoad - Done materializing entity [edu.ncsu.csc.itrust2.models.persistent.LogEntry#346]
19:33:17.490 [main] DEBUG o.h.engine.internal.TwoPhaseLoad - Resolving associations for [edu.ncsu.csc.itrust2.models.persistent.LogEntry#347]
19:33:17.490 [main] DEBUG o.h.engine.internal.TwoPhaseLoad - Done materializing entity [edu.ncsu.csc.itrust2.models.persistent.LogEntry#347]
19:33:17.490 [main] DEBUG o.h.engine.internal.TwoPhaseLoad - Resolving associations for [edu.ncsu.csc.itrust2.models.persistent.LogEntry#348]
19:33:17.491 [main] DEBUG o.h.engine.internal.TwoPhaseLoad - Done materializing entity [edu.ncsu.csc.itrust2.models.persistent.LogEntry#348]
19:33:17.491 [main] DEBUG o.h.engine.internal.TwoPhaseLoad - Resolving associations for [edu.ncsu.csc.itrust2.models.persistent.LogEntry#349]
19:33:17.491 [main] DEBUG o.h.engine.internal.TwoPhaseLoad - Done materializing entity [edu.ncsu.csc.itrust2.models.persistent.LogEntry#349]
19:33:17.491 [main] DEBUG o.h.engine.internal.TwoPhaseLoad - Resolving associations for [edu.ncsu.csc.itrust2.models.persistent.LogEntry#350]
19:33:17.491 [main] DEBUG o.h.engine.internal.TwoPhaseLoad - Done materializing entity [edu.ncsu.csc.itrust2.models.persistent.LogEntry#350]
19:33:17.491 [main] DEBUG o.h.engine.internal.TwoPhaseLoad - Resolving associations for [edu.ncsu.csc.itrust2.models.persistent.LogEntry#351]
19:33:17.491 [main] DEBUG o.h.engine.internal.TwoPhaseLoad - Done materializing entity [edu.ncsu.csc.itrust2.models.persistent.LogEntry#351]
19:33:17.491 [main] DEBUG o.h.engine.internal.TwoPhaseLoad - Resolving associations for [edu.ncsu.csc.itrust2.models.persistent.LogEntry#352]
19:33:17.491 [main] DEBUG o.h.engine.internal.TwoPhaseLoad - Done materializing entity [edu.ncsu.csc.itrust2.models.persistent.LogEntry#352]
19:33:17.491 [main] DEBUG o.h.engine.internal.TwoPhaseLoad - Resolving associations for [edu.ncsu.csc.itrust2.models.persistent.LogEntry#353]
19:33:17.491 [main] DEBUG o.h.engine.internal.TwoPhaseLoad - Done materializing entity [edu.ncsu.csc.itrust2.models.persistent.LogEntry#353]
19:33:17.491 [main] DEBUG o.h.engine.internal.TwoPhaseLoad - Resolving associations for [edu.ncsu.csc.itrust2.models.persistent.LogEntry#354]
19:33:17.491 [main] DEBUG o.h.engine.internal.TwoPhaseLoad - Done materializing entity [edu.ncsu.csc.itrust2.models.persistent.LogEntry#354]
19:33:17.491 [main] DEBUG o.h.engine.internal.TwoPhaseLoad - Resolving associations for [edu.ncsu.csc.itrust2.models.persistent.LogEntry#355]
19:33:17.491 [main] DEBUG o.h.engine.internal.TwoPhaseLoad - Done materializing entity [edu.ncsu.csc.itrust2.models.persistent.LogEntry#355]
19:33:17.491 [main] DEBUG o.h.engine.internal.TwoPhaseLoad - Resolving associations for [edu.ncsu.csc.itrust2.models.persistent.LogEntry#356]
19:33:17.491 [main] DEBUG o.h.engine.internal.TwoPhaseLoad - Done materializing entity [edu.ncsu.csc.itrust2.models.persistent.LogEntry#356]
19:33:17.492 [main] DEBUG o.h.engine.internal.TwoPhaseLoad - Resolving associations for [edu.ncsu.csc.itrust2.models.persistent.LogEntry#357]
19:33:17.492 [main] DEBUG o.h.engine.internal.TwoPhaseLoad - Done materializing entity [edu.ncsu.csc.itrust2.models.persistent.LogEntry#357]
19:33:17.492 [main] DEBUG o.h.engine.internal.TwoPhaseLoad - Resolving associations for [edu.ncsu.csc.itrust2.models.persistent.LogEntry#358]
19:33:17.493 [main] DEBUG o.h.engine.internal.TwoPhaseLoad - Done materializing entity [edu.ncsu.csc.itrust2.models.persistent.LogEntry#358]
19:33:17.493 [main] DEBUG o.h.engine.internal.TwoPhaseLoad - Resolving associations for [edu.ncsu.csc.itrust2.models.persistent.LogEntry#359]
19:33:17.493 [main] DEBUG o.h.engine.internal.TwoPhaseLoad - Done materializing entity [edu.ncsu.csc.itrust2.models.persistent.LogEntry#359]
19:33:17.493 [main] DEBUG o.h.engine.internal.TwoPhaseLoad - Resolving associations for [edu.ncsu.csc.itrust2.models.persistent.LogEntry#360]
19:33:17.493 [main] DEBUG o.h.engine.internal.TwoPhaseLoad - Done materializing entity [edu.ncsu.csc.itrust2.models.persistent.LogEntry#360]
19:33:17.493 [main] DEBUG o.h.engine.internal.TwoPhaseLoad - Resolving associations for [edu.ncsu.csc.itrust2.models.persistent.LogEntry#361]
19:33:17.493 [main] DEBUG o.h.engine.internal.TwoPhaseLoad - Done materializing entity [edu.ncsu.csc.itrust2.models.persistent.LogEntry#361]
19:33:17.493 [main] DEBUG o.h.engine.internal.TwoPhaseLoad - Resolving associations for [edu.ncsu.csc.itrust2.models.persistent.LogEntry#362]
19:33:17.493 [main] DEBUG o.h.engine.internal.TwoPhaseLoad - Done materializing entity [edu.ncsu.csc.itrust2.models.persistent.LogEntry#362]
19:33:17.493 [main] DEBUG o.h.engine.internal.TwoPhaseLoad - Resolving associations for [edu.ncsu.csc.itrust2.models.persistent.LogEntry#363]
19:33:17.493 [main] DEBUG o.h.engine.internal.TwoPhaseLoad - Done materializing entity [edu.ncsu.csc.itrust2.models.persistent.LogEntry#363]
19:33:17.493 [main] DEBUG o.h.engine.internal.TwoPhaseLoad - Resolving associations for [edu.ncsu.csc.itrust2.models.persistent.LogEntry#364]
19:33:17.493 [main] DEBUG o.h.engine.internal.TwoPhaseLoad - Done materializing entity [edu.ncsu.csc.itrust2.models.persistent.LogEntry#364]
19:33:17.493 [main] DEBUG o.h.engine.internal.TwoPhaseLoad - Resolving associations for [edu.ncsu.csc.itrust2.models.persistent.LogEntry#365]
19:33:17.493 [main] DEBUG o.h.engine.internal.TwoPhaseLoad - Done materializing entity [edu.ncsu.csc.itrust2.models.persistent.LogEntry#365]
19:33:17.493 [main] DEBUG o.h.engine.internal.TwoPhaseLoad - Resolving associations for [edu.ncsu.csc.itrust2.models.persistent.LogEntry#366]
19:33:17.493 [main] DEBUG o.h.engine.internal.TwoPhaseLoad - Done materializing entity [edu.ncsu.csc.itrust2.models.persistent.LogEntry#366]
19:33:17.493 [main] DEBUG o.h.engine.internal.TwoPhaseLoad - Resolving associations for [edu.ncsu.csc.itrust2.models.persistent.LogEntry#367]
19:33:17.493 [main] DEBUG o.h.engine.internal.TwoPhaseLoad - Done materializing entity [edu.ncsu.csc.itrust2.models.persistent.LogEntry#367]
19:33:17.493 [main] DEBUG o.h.engine.internal.TwoPhaseLoad - Resolving associations for [edu.ncsu.csc.itrust2.models.persistent.LogEntry#368]
19:33:17.493 [main] DEBUG o.h.engine.internal.TwoPhaseLoad - Done materializing entity [edu.ncsu.csc.itrust2.models.persistent.LogEntry#368]
19:33:17.493 [main] DEBUG o.h.engine.internal.TwoPhaseLoad - Resolving associations for [edu.ncsu.csc.itrust2.models.persistent.LogEntry#369]
19:33:17.493 [main] DEBUG o.h.engine.internal.TwoPhaseLoad - Done materializing entity [edu.ncsu.csc.itrust2.models.persistent.LogEntry#369]
19:33:17.494 [main] DEBUG o.h.engine.internal.TwoPhaseLoad - Resolving associations for [edu.ncsu.csc.itrust2.models.persistent.LogEntry#370]
19:33:17.494 [main] DEBUG o.h.engine.internal.TwoPhaseLoad - Done materializing entity [edu.ncsu.csc.itrust2.models.persistent.LogEntry#370]
19:33:17.494 [main] DEBUG o.h.engine.internal.TwoPhaseLoad - Resolving associations for [edu.ncsu.csc.itrust2.models.persistent.LogEntry#371]
19:33:17.494 [main] DEBUG o.h.engine.internal.TwoPhaseLoad - Done materializing entity [edu.ncsu.csc.itrust2.models.persistent.LogEntry#371]
19:33:17.494 [main] DEBUG o.h.engine.internal.TwoPhaseLoad - Resolving associations for [edu.ncsu.csc.itrust2.models.persistent.LogEntry#372]
19:33:17.494 [main] DEBUG o.h.engine.internal.TwoPhaseLoad - Done materializing entity [edu.ncsu.csc.itrust2.models.persistent.LogEntry#372]
19:33:17.494 [main] DEBUG o.h.engine.internal.TwoPhaseLoad - Resolving associations for [edu.ncsu.csc.itrust2.models.persistent.LogEntry#373]
19:33:17.494 [main] DEBUG o.h.engine.internal.TwoPhaseLoad - Done materializing entity [edu.ncsu.csc.itrust2.models.persistent.LogEntry#373]
19:33:17.494 [main] DEBUG o.h.engine.internal.TwoPhaseLoad - Resolving associations for [edu.ncsu.csc.itrust2.models.persistent.LogEntry#374]
19:33:17.494 [main] DEBUG o.h.engine.internal.TwoPhaseLoad - Done materializing entity [edu.ncsu.csc.itrust2.models.persistent.LogEntry#374]
19:33:17.494 [main] DEBUG o.h.engine.internal.TwoPhaseLoad - Resolving associations for [edu.ncsu.csc.itrust2.models.persistent.LogEntry#375]
19:33:17.494 [main] DEBUG o.h.engine.internal.TwoPhaseLoad - Done materializing entity [edu.ncsu.csc.itrust2.models.persistent.LogEntry#375]
19:33:17.494 [main] DEBUG o.h.engine.internal.TwoPhaseLoad - Resolving associations for [edu.ncsu.csc.itrust2.models.persistent.LogEntry#376]
19:33:17.494 [main] DEBUG o.h.engine.internal.TwoPhaseLoad - Done materializing entity [edu.ncsu.csc.itrust2.models.persistent.LogEntry#376]
19:33:17.494 [main] DEBUG o.h.engine.internal.TwoPhaseLoad - Resolving associations for [edu.ncsu.csc.itrust2.models.persistent.LogEntry#377]
19:33:17.494 [main] DEBUG o.h.engine.internal.TwoPhaseLoad - Done materializing entity [edu.ncsu.csc.itrust2.models.persistent.LogEntry#377]
19:33:17.494 [main] DEBUG o.h.engine.internal.TwoPhaseLoad - Resolving associations for [edu.ncsu.csc.itrust2.models.persistent.LogEntry#378]
19:33:17.494 [main] DEBUG o.h.engine.internal.TwoPhaseLoad - Done materializing entity [edu.ncsu.csc.itrust2.models.persistent.LogEntry#378]
19:33:17.494 [main] DEBUG o.h.engine.internal.TwoPhaseLoad - Resolving associations for [edu.ncsu.csc.itrust2.models.persistent.LogEntry#379]
19:33:17.494 [main] DEBUG o.h.engine.internal.TwoPhaseLoad - Done materializing entity [edu.ncsu.csc.itrust2.models.persistent.LogEntry#379]
19:33:17.494 [main] DEBUG o.h.engine.internal.TwoPhaseLoad - Resolving associations for [edu.ncsu.csc.itrust2.models.persistent.LogEntry#380]
19:33:17.494 [main] DEBUG o.h.engine.internal.TwoPhaseLoad - Done materializing entity [edu.ncsu.csc.itrust2.models.persistent.LogEntry#380]
19:33:17.494 [main] DEBUG o.h.engine.internal.TwoPhaseLoad - Resolving associations for [edu.ncsu.csc.itrust2.models.persistent.LogEntry#381]
19:33:17.495 [main] DEBUG o.h.engine.internal.TwoPhaseLoad - Done materializing entity [edu.ncsu.csc.itrust2.models.persistent.LogEntry#381]
19:33:17.495 [main] DEBUG o.h.engine.internal.TwoPhaseLoad - Resolving associations for [edu.ncsu.csc.itrust2.models.persistent.LogEntry#382]
19:33:17.495 [main] DEBUG o.h.engine.internal.TwoPhaseLoad - Done materializing entity [edu.ncsu.csc.itrust2.models.persistent.LogEntry#382]
19:33:17.495 [main] DEBUG o.h.engine.internal.TwoPhaseLoad - Resolving associations for [edu.ncsu.csc.itrust2.models.persistent.LogEntry#383]
19:33:17.495 [main] DEBUG o.h.engine.internal.TwoPhaseLoad - Done materializing entity [edu.ncsu.csc.itrust2.models.persistent.LogEntry#383]
19:33:17.495 [main] DEBUG o.h.engine.internal.TwoPhaseLoad - Resolving associations for [edu.ncsu.csc.itrust2.models.persistent.LogEntry#384]
19:33:17.495 [main] DEBUG o.h.engine.internal.TwoPhaseLoad - Done materializing entity [edu.ncsu.csc.itrust2.models.persistent.LogEntry#384]
19:33:17.495 [main] DEBUG o.h.engine.internal.TwoPhaseLoad - Resolving associations for [edu.ncsu.csc.itrust2.models.persistent.LogEntry#385]
19:33:17.495 [main] DEBUG o.h.engine.internal.TwoPhaseLoad - Done materializing entity [edu.ncsu.csc.itrust2.models.persistent.LogEntry#385]
19:33:17.495 [main] DEBUG o.h.engine.internal.TwoPhaseLoad - Resolving associations for [edu.ncsu.csc.itrust2.models.persistent.LogEntry#386]
19:33:17.495 [main] DEBUG o.h.engine.internal.TwoPhaseLoad - Done materializing entity [edu.ncsu.csc.itrust2.models.persistent.LogEntry#386]
19:33:17.495 [main] DEBUG o.h.engine.internal.TwoPhaseLoad - Resolving associations for [edu.ncsu.csc.itrust2.models.persistent.LogEntry#387]
19:33:17.495 [main] DEBUG o.h.engine.internal.TwoPhaseLoad - Done materializing entity [edu.ncsu.csc.itrust2.models.persistent.LogEntry#387]
19:33:17.495 [main] DEBUG o.h.engine.internal.TwoPhaseLoad - Resolving associations for [edu.ncsu.csc.itrust2.models.persistent.LogEntry#388]
19:33:17.495 [main] DEBUG o.h.engine.internal.TwoPhaseLoad - Done materializing entity [edu.ncsu.csc.itrust2.models.persistent.LogEntry#388]
19:33:17.495 [main] DEBUG o.h.engine.internal.TwoPhaseLoad - Resolving associations for [edu.ncsu.csc.itrust2.models.persistent.LogEntry#389]
19:33:17.495 [main] DEBUG o.h.engine.internal.TwoPhaseLoad - Done materializing entity [edu.ncsu.csc.itrust2.models.persistent.LogEntry#389]
19:33:17.495 [main] DEBUG o.h.engine.internal.TwoPhaseLoad - Resolving associations for [edu.ncsu.csc.itrust2.models.persistent.LogEntry#390]
19:33:17.495 [main] DEBUG o.h.engine.internal.TwoPhaseLoad - Done materializing entity [edu.ncsu.csc.itrust2.models.persistent.LogEntry#390]
19:33:17.495 [main] DEBUG o.h.engine.internal.TwoPhaseLoad - Resolving associations for [edu.ncsu.csc.itrust2.models.persistent.LogEntry#391]
19:33:17.495 [main] DEBUG o.h.engine.internal.TwoPhaseLoad - Done materializing entity [edu.ncsu.csc.itrust2.models.persistent.LogEntry#391]
19:33:17.496 [main] DEBUG o.h.engine.internal.TwoPhaseLoad - Resolving associations for [edu.ncsu.csc.itrust2.models.persistent.LogEntry#392]
19:33:17.496 [main] DEBUG o.h.engine.internal.TwoPhaseLoad - Done materializing entity [edu.ncsu.csc.itrust2.models.persistent.LogEntry#392]
19:33:17.496 [main] DEBUG o.h.engine.internal.TwoPhaseLoad - Resolving associations for [edu.ncsu.csc.itrust2.models.persistent.LogEntry#393]
19:33:17.496 [main] DEBUG o.h.engine.internal.TwoPhaseLoad - Done materializing entity [edu.ncsu.csc.itrust2.models.persistent.LogEntry#393]
19:33:17.496 [main] DEBUG o.h.engine.internal.TwoPhaseLoad - Resolving associations for [edu.ncsu.csc.itrust2.models.persistent.LogEntry#394]
19:33:17.496 [main] DEBUG o.h.engine.internal.TwoPhaseLoad - Done materializing entity [edu.ncsu.csc.itrust2.models.persistent.LogEntry#394]
19:33:17.496 [main] DEBUG o.h.engine.internal.TwoPhaseLoad - Resolving associations for [edu.ncsu.csc.itrust2.models.persistent.LogEntry#395]
19:33:17.496 [main] DEBUG o.h.engine.internal.TwoPhaseLoad - Done materializing entity [edu.ncsu.csc.itrust2.models.persistent.LogEntry#395]
19:33:17.496 [main] DEBUG o.h.engine.internal.TwoPhaseLoad - Resolving associations for [edu.ncsu.csc.itrust2.models.persistent.LogEntry#396]
19:33:17.496 [main] DEBUG o.h.engine.internal.TwoPhaseLoad - Done materializing entity [edu.ncsu.csc.itrust2.models.persistent.LogEntry#396]
19:33:17.496 [main] DEBUG o.h.engine.internal.TwoPhaseLoad - Resolving associations for [edu.ncsu.csc.itrust2.models.persistent.LogEntry#397]
19:33:17.496 [main] DEBUG o.h.engine.internal.TwoPhaseLoad - Done materializing entity [edu.ncsu.csc.itrust2.models.persistent.LogEntry#397]
19:33:17.496 [main] DEBUG o.h.engine.internal.TwoPhaseLoad - Resolving associations for [edu.ncsu.csc.itrust2.models.persistent.LogEntry#398]
19:33:17.496 [main] DEBUG o.h.engine.internal.TwoPhaseLoad - Done materializing entity [edu.ncsu.csc.itrust2.models.persistent.LogEntry#398]
19:33:17.496 [main] DEBUG o.h.engine.internal.TwoPhaseLoad - Resolving associations for [edu.ncsu.csc.itrust2.models.persistent.LogEntry#399]
19:33:17.496 [main] DEBUG o.h.engine.internal.TwoPhaseLoad - Done materializing entity [edu.ncsu.csc.itrust2.models.persistent.LogEntry#399]
19:33:17.496 [main] DEBUG o.h.engine.internal.TwoPhaseLoad - Resolving associations for [edu.ncsu.csc.itrust2.models.persistent.LogEntry#400]
19:33:17.496 [main] DEBUG o.h.engine.internal.TwoPhaseLoad - Done materializing entity [edu.ncsu.csc.itrust2.models.persistent.LogEntry#400]
19:33:17.496 [main] DEBUG o.h.engine.internal.TwoPhaseLoad - Resolving associations for [edu.ncsu.csc.itrust2.models.persistent.LogEntry#401]
19:33:17.497 [main] DEBUG o.h.engine.internal.TwoPhaseLoad - Done materializing entity [edu.ncsu.csc.itrust2.models.persistent.LogEntry#401]
19:33:17.497 [main] DEBUG o.h.engine.internal.TwoPhaseLoad - Resolving associations for [edu.ncsu.csc.itrust2.models.persistent.LogEntry#402]
19:33:17.497 [main] DEBUG o.h.engine.internal.TwoPhaseLoad - Done materializing entity [edu.ncsu.csc.itrust2.models.persistent.LogEntry#402]
19:33:17.497 [main] DEBUG o.h.engine.internal.TwoPhaseLoad - Resolving associations for [edu.ncsu.csc.itrust2.models.persistent.LogEntry#403]
19:33:17.497 [main] DEBUG o.h.engine.internal.TwoPhaseLoad - Done materializing entity [edu.ncsu.csc.itrust2.models.persistent.LogEntry#403]
19:33:17.497 [main] DEBUG o.h.engine.internal.TwoPhaseLoad - Resolving associations for [edu.ncsu.csc.itrust2.models.persistent.LogEntry#404]
19:33:17.498 [main] DEBUG o.h.engine.internal.TwoPhaseLoad - Done materializing entity [edu.ncsu.csc.itrust2.models.persistent.LogEntry#404]
19:33:17.498 [main] DEBUG o.h.engine.internal.TwoPhaseLoad - Resolving associations for [edu.ncsu.csc.itrust2.models.persistent.LogEntry#405]
19:33:17.498 [main] DEBUG o.h.engine.internal.TwoPhaseLoad - Done materializing entity [edu.ncsu.csc.itrust2.models.persistent.LogEntry#405]
19:33:17.498 [main] DEBUG o.h.engine.internal.TwoPhaseLoad - Resolving associations for [edu.ncsu.csc.itrust2.models.persistent.LogEntry#406]
19:33:17.498 [main] DEBUG o.h.engine.internal.TwoPhaseLoad - Done materializing entity [edu.ncsu.csc.itrust2.models.persistent.LogEntry#406]
19:33:17.498 [main] DEBUG o.h.engine.internal.TwoPhaseLoad - Resolving associations for [edu.ncsu.csc.itrust2.models.persistent.LogEntry#407]
19:33:17.498 [main] DEBUG o.h.engine.internal.TwoPhaseLoad - Done materializing entity [edu.ncsu.csc.itrust2.models.persistent.LogEntry#407]
19:33:17.498 [main] DEBUG o.h.engine.internal.TwoPhaseLoad - Resolving associations for [edu.ncsu.csc.itrust2.models.persistent.LogEntry#408]
19:33:17.498 [main] DEBUG o.h.engine.internal.TwoPhaseLoad - Done materializing entity [edu.ncsu.csc.itrust2.models.persistent.LogEntry#408]
19:33:17.498 [main] DEBUG o.h.engine.internal.TwoPhaseLoad - Resolving associations for [edu.ncsu.csc.itrust2.models.persistent.LogEntry#409]
19:33:17.498 [main] DEBUG o.h.engine.internal.TwoPhaseLoad - Done materializing entity [edu.ncsu.csc.itrust2.models.persistent.LogEntry#409]
19:33:17.498 [main] DEBUG o.h.engine.internal.TwoPhaseLoad - Resolving associations for [edu.ncsu.csc.itrust2.models.persistent.LogEntry#410]
19:33:17.498 [main] DEBUG o.h.engine.internal.TwoPhaseLoad - Done materializing entity [edu.ncsu.csc.itrust2.models.persistent.LogEntry#410]
19:33:17.498 [main] DEBUG o.h.engine.internal.TwoPhaseLoad - Resolving associations for [edu.ncsu.csc.itrust2.models.persistent.LogEntry#411]
19:33:17.498 [main] DEBUG o.h.engine.internal.TwoPhaseLoad - Done materializing entity [edu.ncsu.csc.itrust2.models.persistent.LogEntry#411]
19:33:17.498 [main] DEBUG o.h.engine.internal.TwoPhaseLoad - Resolving associations for [edu.ncsu.csc.itrust2.models.persistent.LogEntry#412]
19:33:17.499 [main] DEBUG o.h.engine.internal.TwoPhaseLoad - Done materializing entity [edu.ncsu.csc.itrust2.models.persistent.LogEntry#412]
19:33:17.499 [main] DEBUG o.h.engine.internal.TwoPhaseLoad - Resolving associations for [edu.ncsu.csc.itrust2.models.persistent.LogEntry#413]
19:33:17.499 [main] DEBUG o.h.engine.internal.TwoPhaseLoad - Done materializing entity [edu.ncsu.csc.itrust2.models.persistent.LogEntry#413]
19:33:17.499 [main] DEBUG o.h.engine.internal.TwoPhaseLoad - Resolving associations for [edu.ncsu.csc.itrust2.models.persistent.LogEntry#414]
19:33:17.499 [main] DEBUG o.h.engine.internal.TwoPhaseLoad - Done materializing entity [edu.ncsu.csc.itrust2.models.persistent.LogEntry#414]
19:33:17.499 [main] DEBUG o.h.engine.internal.TwoPhaseLoad - Resolving associations for [edu.ncsu.csc.itrust2.models.persistent.LogEntry#415]
19:33:17.499 [main] DEBUG o.h.engine.internal.TwoPhaseLoad - Done materializing entity [edu.ncsu.csc.itrust2.models.persistent.LogEntry#415]
19:33:17.507 [main] DEBUG o.h.engine.internal.TwoPhaseLoad - Resolving associations for [edu.ncsu.csc.itrust2.models.persistent.LogEntry#416]
19:33:17.508 [main] DEBUG o.h.engine.internal.TwoPhaseLoad - Done materializing entity [edu.ncsu.csc.itrust2.models.persistent.LogEntry#416]
19:33:17.508 [main] DEBUG o.h.engine.internal.TwoPhaseLoad - Resolving associations for [edu.ncsu.csc.itrust2.models.persistent.LogEntry#417]
19:33:17.509 [main] DEBUG o.h.engine.internal.TwoPhaseLoad - Done materializing entity [edu.ncsu.csc.itrust2.models.persistent.LogEntry#417]
19:33:17.509 [main] DEBUG o.h.engine.internal.TwoPhaseLoad - Resolving associations for [edu.ncsu.csc.itrust2.models.persistent.LogEntry#418]
19:33:17.509 [main] DEBUG o.h.engine.internal.TwoPhaseLoad - Done materializing entity [edu.ncsu.csc.itrust2.models.persistent.LogEntry#418]
19:33:17.510 [main] DEBUG o.h.engine.internal.TwoPhaseLoad - Resolving associations for [edu.ncsu.csc.itrust2.models.persistent.LogEntry#419]
19:33:17.510 [main] DEBUG o.h.engine.internal.TwoPhaseLoad - Done materializing entity [edu.ncsu.csc.itrust2.models.persistent.LogEntry#419]
19:33:17.510 [main] DEBUG o.h.engine.internal.TwoPhaseLoad - Resolving associations for [edu.ncsu.csc.itrust2.models.persistent.LogEntry#420]
19:33:17.510 [main] DEBUG o.h.engine.internal.TwoPhaseLoad - Done materializing entity [edu.ncsu.csc.itrust2.models.persistent.LogEntry#420]
19:33:17.511 [main] DEBUG o.h.engine.internal.TwoPhaseLoad - Resolving associations for [edu.ncsu.csc.itrust2.models.persistent.LogEntry#421]
19:33:17.511 [main] DEBUG o.h.engine.internal.TwoPhaseLoad - Done materializing entity [edu.ncsu.csc.itrust2.models.persistent.LogEntry#421]
19:33:17.511 [main] DEBUG o.h.engine.internal.TwoPhaseLoad - Resolving associations for [edu.ncsu.csc.itrust2.models.persistent.LogEntry#422]
19:33:17.511 [main] DEBUG o.h.engine.internal.TwoPhaseLoad - Done materializing entity [edu.ncsu.csc.itrust2.models.persistent.LogEntry#422]
19:33:17.511 [main] DEBUG o.h.engine.internal.TwoPhaseLoad - Resolving associations for [edu.ncsu.csc.itrust2.models.persistent.LogEntry#423]
19:33:17.512 [main] DEBUG o.h.engine.internal.TwoPhaseLoad - Done materializing entity [edu.ncsu.csc.itrust2.models.persistent.LogEntry#423]
19:33:17.512 [main] DEBUG o.h.engine.internal.TwoPhaseLoad - Resolving associations for [edu.ncsu.csc.itrust2.models.persistent.LogEntry#424]
19:33:17.512 [main] DEBUG o.h.engine.internal.TwoPhaseLoad - Done materializing entity [edu.ncsu.csc.itrust2.models.persistent.LogEntry#424]
19:33:17.512 [main] DEBUG o.h.engine.internal.TwoPhaseLoad - Resolving associations for [edu.ncsu.csc.itrust2.models.persistent.LogEntry#425]
19:33:17.512 [main] DEBUG o.h.engine.internal.TwoPhaseLoad - Done materializing entity [edu.ncsu.csc.itrust2.models.persistent.LogEntry#425]
19:33:17.512 [main] DEBUG o.h.engine.internal.TwoPhaseLoad - Resolving associations for [edu.ncsu.csc.itrust2.models.persistent.LogEntry#426]
19:33:17.513 [main] DEBUG o.h.engine.internal.TwoPhaseLoad - Done materializing entity [edu.ncsu.csc.itrust2.models.persistent.LogEntry#426]
19:33:17.513 [main] DEBUG o.h.engine.internal.TwoPhaseLoad - Resolving associations for [edu.ncsu.csc.itrust2.models.persistent.LogEntry#427]
19:33:17.513 [main] DEBUG o.h.engine.internal.TwoPhaseLoad - Done materializing entity [edu.ncsu.csc.itrust2.models.persistent.LogEntry#427]
19:33:17.513 [main] DEBUG o.h.engine.internal.TwoPhaseLoad - Resolving associations for [edu.ncsu.csc.itrust2.models.persistent.LogEntry#428]
19:33:17.514 [main] DEBUG o.h.engine.internal.TwoPhaseLoad - Done materializing entity [edu.ncsu.csc.itrust2.models.persistent.LogEntry#428]
19:33:17.514 [main] DEBUG o.h.engine.internal.TwoPhaseLoad - Resolving associations for [edu.ncsu.csc.itrust2.models.persistent.LogEntry#429]
19:33:17.515 [main] DEBUG o.h.engine.internal.TwoPhaseLoad - Done materializing entity [edu.ncsu.csc.itrust2.models.persistent.LogEntry#429]
19:33:17.516 [main] DEBUG o.h.engine.internal.TwoPhaseLoad - Resolving associations for [edu.ncsu.csc.itrust2.models.persistent.LogEntry#430]
19:33:17.517 [main] DEBUG o.h.engine.internal.TwoPhaseLoad - Done materializing entity [edu.ncsu.csc.itrust2.models.persistent.LogEntry#430]
19:33:17.517 [main] DEBUG o.h.engine.internal.TwoPhaseLoad - Resolving associations for [edu.ncsu.csc.itrust2.models.persistent.LogEntry#431]
19:33:17.518 [main] DEBUG o.h.engine.internal.TwoPhaseLoad - Done materializing entity [edu.ncsu.csc.itrust2.models.persistent.LogEntry#431]
19:33:17.518 [main] DEBUG o.h.engine.internal.TwoPhaseLoad - Resolving associations for [edu.ncsu.csc.itrust2.models.persistent.LogEntry#432]
19:33:17.518 [main] DEBUG o.h.engine.internal.TwoPhaseLoad - Done materializing entity [edu.ncsu.csc.itrust2.models.persistent.LogEntry#432]
19:33:17.518 [main] DEBUG o.h.engine.internal.TwoPhaseLoad - Resolving associations for [edu.ncsu.csc.itrust2.models.persistent.LogEntry#433]
19:33:17.518 [main] DEBUG o.h.engine.internal.TwoPhaseLoad - Done materializing entity [edu.ncsu.csc.itrust2.models.persistent.LogEntry#433]
19:33:17.519 [main] DEBUG o.h.engine.internal.TwoPhaseLoad - Resolving associations for [edu.ncsu.csc.itrust2.models.persistent.LogEntry#434]
19:33:17.519 [main] DEBUG o.h.engine.internal.TwoPhaseLoad - Done materializing entity [edu.ncsu.csc.itrust2.models.persistent.LogEntry#434]
19:33:17.519 [main] DEBUG o.h.engine.internal.TwoPhaseLoad - Resolving associations for [edu.ncsu.csc.itrust2.models.persistent.LogEntry#435]
19:33:17.519 [main] DEBUG o.h.engine.internal.TwoPhaseLoad - Done materializing entity [edu.ncsu.csc.itrust2.models.persistent.LogEntry#435]
19:33:17.519 [main] DEBUG o.h.engine.internal.TwoPhaseLoad - Resolving associations for [edu.ncsu.csc.itrust2.models.persistent.LogEntry#436]
19:33:17.519 [main] DEBUG o.h.engine.internal.TwoPhaseLoad - Done materializing entity [edu.ncsu.csc.itrust2.models.persistent.LogEntry#436]
19:33:17.519 [main] DEBUG o.h.engine.internal.TwoPhaseLoad - Resolving associations for [edu.ncsu.csc.itrust2.models.persistent.LogEntry#437]
19:33:17.520 [main] DEBUG o.h.engine.internal.TwoPhaseLoad - Done materializing entity [edu.ncsu.csc.itrust2.models.persistent.LogEntry#437]
19:33:17.520 [main] DEBUG o.h.engine.internal.TwoPhaseLoad - Resolving associations for [edu.ncsu.csc.itrust2.models.persistent.LogEntry#438]
19:33:17.520 [main] DEBUG o.h.engine.internal.TwoPhaseLoad - Done materializing entity [edu.ncsu.csc.itrust2.models.persistent.LogEntry#438]
19:33:17.520 [main] DEBUG o.h.engine.internal.TwoPhaseLoad - Resolving associations for [edu.ncsu.csc.itrust2.models.persistent.LogEntry#439]
19:33:17.520 [main] DEBUG o.h.engine.internal.TwoPhaseLoad - Done materializing entity [edu.ncsu.csc.itrust2.models.persistent.LogEntry#439]
19:33:17.521 [main] DEBUG o.h.engine.internal.TwoPhaseLoad - Resolving associations for [edu.ncsu.csc.itrust2.models.persistent.LogEntry#440]
19:33:17.521 [main] DEBUG o.h.engine.internal.TwoPhaseLoad - Done materializing entity [edu.ncsu.csc.itrust2.models.persistent.LogEntry#440]
19:33:17.521 [main] DEBUG o.h.engine.internal.TwoPhaseLoad - Resolving associations for [edu.ncsu.csc.itrust2.models.persistent.LogEntry#441]
19:33:17.521 [main] DEBUG o.h.engine.internal.TwoPhaseLoad - Done materializing entity [edu.ncsu.csc.itrust2.models.persistent.LogEntry#441]
19:33:17.521 [main] DEBUG o.h.engine.internal.TwoPhaseLoad - Resolving associations for [edu.ncsu.csc.itrust2.models.persistent.LogEntry#442]
19:33:17.521 [main] DEBUG o.h.engine.internal.TwoPhaseLoad - Done materializing entity [edu.ncsu.csc.itrust2.models.persistent.LogEntry#442]
19:33:17.521 [main] DEBUG o.h.engine.internal.TwoPhaseLoad - Resolving associations for [edu.ncsu.csc.itrust2.models.persistent.LogEntry#443]
19:33:17.522 [main] DEBUG o.h.engine.internal.TwoPhaseLoad - Done materializing entity [edu.ncsu.csc.itrust2.models.persistent.LogEntry#443]
19:33:17.522 [main] DEBUG o.h.engine.internal.TwoPhaseLoad - Resolving associations for [edu.ncsu.csc.itrust2.models.persistent.LogEntry#444]
19:33:17.522 [main] DEBUG o.h.engine.internal.TwoPhaseLoad - Done materializing entity [edu.ncsu.csc.itrust2.models.persistent.LogEntry#444]
19:33:17.522 [main] DEBUG o.h.engine.internal.TwoPhaseLoad - Resolving associations for [edu.ncsu.csc.itrust2.models.persistent.LogEntry#445]
19:33:17.522 [main] DEBUG o.h.engine.internal.TwoPhaseLoad - Done materializing entity [edu.ncsu.csc.itrust2.models.persistent.LogEntry#445]
19:33:17.522 [main] DEBUG o.h.engine.internal.TwoPhaseLoad - Resolving associations for [edu.ncsu.csc.itrust2.models.persistent.LogEntry#446]
19:33:17.522 [main] DEBUG o.h.engine.internal.TwoPhaseLoad - Done materializing entity [edu.ncsu.csc.itrust2.models.persistent.LogEntry#446]
19:33:17.523 [main] DEBUG o.h.engine.internal.TwoPhaseLoad - Resolving associations for [edu.ncsu.csc.itrust2.models.persistent.LogEntry#447]
19:33:17.523 [main] DEBUG o.h.engine.internal.TwoPhaseLoad - Done materializing entity [edu.ncsu.csc.itrust2.models.persistent.LogEntry#447]
19:33:17.523 [main] DEBUG o.h.engine.internal.TwoPhaseLoad - Resolving associations for [edu.ncsu.csc.itrust2.models.persistent.LogEntry#448]
19:33:17.523 [main] DEBUG o.h.engine.internal.TwoPhaseLoad - Done materializing entity [edu.ncsu.csc.itrust2.models.persistent.LogEntry#448]
19:33:17.523 [main] DEBUG o.h.engine.internal.TwoPhaseLoad - Resolving associations for [edu.ncsu.csc.itrust2.models.persistent.LogEntry#449]
19:33:17.523 [main] DEBUG o.h.engine.internal.TwoPhaseLoad - Done materializing entity [edu.ncsu.csc.itrust2.models.persistent.LogEntry#449]
19:33:17.524 [main] DEBUG o.h.engine.internal.TwoPhaseLoad - Resolving associations for [edu.ncsu.csc.itrust2.models.persistent.LogEntry#450]
19:33:17.524 [main] DEBUG o.h.engine.internal.TwoPhaseLoad - Done materializing entity [edu.ncsu.csc.itrust2.models.persistent.LogEntry#450]
19:33:17.524 [main] DEBUG o.h.engine.internal.TwoPhaseLoad - Resolving associations for [edu.ncsu.csc.itrust2.models.persistent.LogEntry#451]
19:33:17.524 [main] DEBUG o.h.engine.internal.TwoPhaseLoad - Done materializing entity [edu.ncsu.csc.itrust2.models.persistent.LogEntry#451]
19:33:17.524 [main] DEBUG o.h.engine.internal.TwoPhaseLoad - Resolving associations for [edu.ncsu.csc.itrust2.models.persistent.LogEntry#452]
19:33:17.524 [main] DEBUG o.h.engine.internal.TwoPhaseLoad - Done materializing entity [edu.ncsu.csc.itrust2.models.persistent.LogEntry#452]
19:33:17.524 [main] DEBUG o.h.engine.internal.TwoPhaseLoad - Resolving associations for [edu.ncsu.csc.itrust2.models.persistent.LogEntry#453]
19:33:17.525 [main] DEBUG o.h.engine.internal.TwoPhaseLoad - Done materializing entity [edu.ncsu.csc.itrust2.models.persistent.LogEntry#453]
19:33:17.525 [main] DEBUG o.h.engine.internal.TwoPhaseLoad - Resolving associations for [edu.ncsu.csc.itrust2.models.persistent.LogEntry#454]
19:33:17.525 [main] DEBUG o.h.engine.internal.TwoPhaseLoad - Done materializing entity [edu.ncsu.csc.itrust2.models.persistent.LogEntry#454]
19:33:17.525 [main] DEBUG o.h.engine.internal.TwoPhaseLoad - Resolving associations for [edu.ncsu.csc.itrust2.models.persistent.LogEntry#455]
19:33:17.525 [main] DEBUG o.h.engine.internal.TwoPhaseLoad - Done materializing entity [edu.ncsu.csc.itrust2.models.persistent.LogEntry#455]
19:33:17.525 [main] DEBUG o.h.engine.internal.TwoPhaseLoad - Resolving associations for [edu.ncsu.csc.itrust2.models.persistent.LogEntry#456]
19:33:17.526 [main] DEBUG o.h.engine.internal.TwoPhaseLoad - Done materializing entity [edu.ncsu.csc.itrust2.models.persistent.LogEntry#456]
19:33:17.526 [main] DEBUG o.h.engine.internal.TwoPhaseLoad - Resolving associations for [edu.ncsu.csc.itrust2.models.persistent.LogEntry#457]
19:33:17.526 [main] DEBUG o.h.engine.internal.TwoPhaseLoad - Done materializing entity [edu.ncsu.csc.itrust2.models.persistent.LogEntry#457]
19:33:17.526 [main] DEBUG o.h.engine.internal.TwoPhaseLoad - Resolving associations for [edu.ncsu.csc.itrust2.models.persistent.LogEntry#458]
19:33:17.526 [main] DEBUG o.h.engine.internal.TwoPhaseLoad - Done materializing entity [edu.ncsu.csc.itrust2.models.persistent.LogEntry#458]
19:33:17.526 [main] DEBUG o.h.engine.internal.TwoPhaseLoad - Resolving associations for [edu.ncsu.csc.itrust2.models.persistent.LogEntry#459]
19:33:17.526 [main] DEBUG o.h.engine.internal.TwoPhaseLoad - Done materializing entity [edu.ncsu.csc.itrust2.models.persistent.LogEntry#459]
19:33:17.527 [main] DEBUG o.h.engine.internal.TwoPhaseLoad - Resolving associations for [edu.ncsu.csc.itrust2.models.persistent.LogEntry#460]
19:33:17.527 [main] DEBUG o.h.engine.internal.TwoPhaseLoad - Done materializing entity [edu.ncsu.csc.itrust2.models.persistent.LogEntry#460]
19:33:17.527 [main] DEBUG o.h.engine.internal.TwoPhaseLoad - Resolving associations for [edu.ncsu.csc.itrust2.models.persistent.LogEntry#461]
19:33:17.527 [main] DEBUG o.h.engine.internal.TwoPhaseLoad - Done materializing entity [edu.ncsu.csc.itrust2.models.persistent.LogEntry#461]
19:33:17.527 [main] DEBUG o.h.engine.internal.TwoPhaseLoad - Resolving associations for [edu.ncsu.csc.itrust2.models.persistent.LogEntry#462]
19:33:17.527 [main] DEBUG o.h.engine.internal.TwoPhaseLoad - Done materializing entity [edu.ncsu.csc.itrust2.models.persistent.LogEntry#462]
19:33:17.527 [main] DEBUG o.h.engine.internal.TwoPhaseLoad - Resolving associations for [edu.ncsu.csc.itrust2.models.persistent.LogEntry#463]
19:33:17.528 [main] DEBUG o.h.engine.internal.TwoPhaseLoad - Done materializing entity [edu.ncsu.csc.itrust2.models.persistent.LogEntry#463]
19:33:17.528 [main] DEBUG o.h.engine.internal.TwoPhaseLoad - Resolving associations for [edu.ncsu.csc.itrust2.models.persistent.LogEntry#464]
19:33:17.528 [main] DEBUG o.h.engine.internal.TwoPhaseLoad - Done materializing entity [edu.ncsu.csc.itrust2.models.persistent.LogEntry#464]
19:33:17.528 [main] DEBUG o.h.engine.internal.TwoPhaseLoad - Resolving associations for [edu.ncsu.csc.itrust2.models.persistent.LogEntry#465]
19:33:17.528 [main] DEBUG o.h.engine.internal.TwoPhaseLoad - Done materializing entity [edu.ncsu.csc.itrust2.models.persistent.LogEntry#465]
19:33:17.528 [main] DEBUG o.h.engine.internal.TwoPhaseLoad - Resolving associations for [edu.ncsu.csc.itrust2.models.persistent.LogEntry#466]
19:33:17.528 [main] DEBUG o.h.engine.internal.TwoPhaseLoad - Done materializing entity [edu.ncsu.csc.itrust2.models.persistent.LogEntry#466]
19:33:17.528 [main] DEBUG o.h.engine.internal.TwoPhaseLoad - Resolving associations for [edu.ncsu.csc.itrust2.models.persistent.LogEntry#467]
19:33:17.528 [main] DEBUG o.h.engine.internal.TwoPhaseLoad - Done materializing entity [edu.ncsu.csc.itrust2.models.persistent.LogEntry#467]
19:33:17.529 [main] DEBUG o.h.engine.internal.TwoPhaseLoad - Resolving associations for [edu.ncsu.csc.itrust2.models.persistent.LogEntry#468]
19:33:17.529 [main] DEBUG o.h.engine.internal.TwoPhaseLoad - Done materializing entity [edu.ncsu.csc.itrust2.models.persistent.LogEntry#468]
19:33:17.529 [main] DEBUG o.h.engine.internal.TwoPhaseLoad - Resolving associations for [edu.ncsu.csc.itrust2.models.persistent.LogEntry#469]
19:33:17.529 [main] DEBUG o.h.engine.internal.TwoPhaseLoad - Done materializing entity [edu.ncsu.csc.itrust2.models.persistent.LogEntry#469]
19:33:17.529 [main] DEBUG o.h.engine.internal.TwoPhaseLoad - Resolving associations for [edu.ncsu.csc.itrust2.models.persistent.LogEntry#470]
19:33:17.529 [main] DEBUG o.h.engine.internal.TwoPhaseLoad - Done materializing entity [edu.ncsu.csc.itrust2.models.persistent.LogEntry#470]
19:33:17.529 [main] DEBUG o.h.engine.internal.TwoPhaseLoad - Resolving associations for [edu.ncsu.csc.itrust2.models.persistent.LogEntry#471]
19:33:17.529 [main] DEBUG o.h.engine.internal.TwoPhaseLoad - Done materializing entity [edu.ncsu.csc.itrust2.models.persistent.LogEntry#471]
19:33:17.530 [main] DEBUG o.h.engine.internal.TwoPhaseLoad - Resolving associations for [edu.ncsu.csc.itrust2.models.persistent.LogEntry#472]
19:33:17.530 [main] DEBUG o.h.engine.internal.TwoPhaseLoad - Done materializing entity [edu.ncsu.csc.itrust2.models.persistent.LogEntry#472]
19:33:17.530 [main] DEBUG o.h.engine.internal.TwoPhaseLoad - Resolving associations for [edu.ncsu.csc.itrust2.models.persistent.LogEntry#473]
19:33:17.530 [main] DEBUG o.h.engine.internal.TwoPhaseLoad - Done materializing entity [edu.ncsu.csc.itrust2.models.persistent.LogEntry#473]
19:33:17.530 [main] DEBUG o.h.engine.internal.TwoPhaseLoad - Resolving associations for [edu.ncsu.csc.itrust2.models.persistent.LogEntry#474]
19:33:17.530 [main] DEBUG o.h.engine.internal.TwoPhaseLoad - Done materializing entity [edu.ncsu.csc.itrust2.models.persistent.LogEntry#474]
19:33:17.531 [main] DEBUG o.h.engine.internal.TwoPhaseLoad - Resolving associations for [edu.ncsu.csc.itrust2.models.persistent.LogEntry#475]
19:33:17.531 [main] DEBUG o.h.engine.internal.TwoPhaseLoad - Done materializing entity [edu.ncsu.csc.itrust2.models.persistent.LogEntry#475]
19:33:17.531 [main] DEBUG o.h.engine.internal.TwoPhaseLoad - Resolving associations for [edu.ncsu.csc.itrust2.models.persistent.LogEntry#476]
19:33:17.531 [main] DEBUG o.h.engine.internal.TwoPhaseLoad - Done materializing entity [edu.ncsu.csc.itrust2.models.persistent.LogEntry#476]
19:33:17.531 [main] DEBUG o.h.engine.internal.TwoPhaseLoad - Resolving associations for [edu.ncsu.csc.itrust2.models.persistent.LogEntry#477]
19:33:17.532 [main] DEBUG o.h.engine.internal.TwoPhaseLoad - Done materializing entity [edu.ncsu.csc.itrust2.models.persistent.LogEntry#477]
19:33:17.532 [main] DEBUG o.h.engine.internal.TwoPhaseLoad - Resolving associations for [edu.ncsu.csc.itrust2.models.persistent.LogEntry#478]
19:33:17.532 [main] DEBUG o.h.engine.internal.TwoPhaseLoad - Done materializing entity [edu.ncsu.csc.itrust2.models.persistent.LogEntry#478]
19:33:17.532 [main] DEBUG o.h.engine.internal.TwoPhaseLoad - Resolving associations for [edu.ncsu.csc.itrust2.models.persistent.LogEntry#479]
19:33:17.532 [main] DEBUG o.h.engine.internal.TwoPhaseLoad - Done materializing entity [edu.ncsu.csc.itrust2.models.persistent.LogEntry#479]
19:33:17.532 [main] DEBUG o.h.engine.internal.TwoPhaseLoad - Resolving associations for [edu.ncsu.csc.itrust2.models.persistent.LogEntry#480]
19:33:17.533 [main] DEBUG o.h.engine.internal.TwoPhaseLoad - Done materializing entity [edu.ncsu.csc.itrust2.models.persistent.LogEntry#480]
19:33:17.533 [main] DEBUG o.h.engine.internal.TwoPhaseLoad - Resolving associations for [edu.ncsu.csc.itrust2.models.persistent.LogEntry#481]
19:33:17.533 [main] DEBUG o.h.engine.internal.TwoPhaseLoad - Done materializing entity [edu.ncsu.csc.itrust2.models.persistent.LogEntry#481]
19:33:17.533 [main] DEBUG o.h.engine.internal.TwoPhaseLoad - Resolving associations for [edu.ncsu.csc.itrust2.models.persistent.LogEntry#482]
19:33:17.533 [main] DEBUG o.h.engine.internal.TwoPhaseLoad - Done materializing entity [edu.ncsu.csc.itrust2.models.persistent.LogEntry#482]
19:33:17.533 [main] DEBUG o.h.engine.internal.TwoPhaseLoad - Resolving associations for [edu.ncsu.csc.itrust2.models.persistent.LogEntry#483]
19:33:17.533 [main] DEBUG o.h.engine.internal.TwoPhaseLoad - Done materializing entity [edu.ncsu.csc.itrust2.models.persistent.LogEntry#483]
19:33:17.534 [main] DEBUG o.h.engine.internal.TwoPhaseLoad - Resolving associations for [edu.ncsu.csc.itrust2.models.persistent.LogEntry#484]
19:33:17.534 [main] DEBUG o.h.engine.internal.TwoPhaseLoad - Done materializing entity [edu.ncsu.csc.itrust2.models.persistent.LogEntry#484]
19:33:17.534 [main] DEBUG o.h.engine.internal.TwoPhaseLoad - Resolving associations for [edu.ncsu.csc.itrust2.models.persistent.LogEntry#485]
19:33:17.534 [main] DEBUG o.h.engine.internal.TwoPhaseLoad - Done materializing entity [edu.ncsu.csc.itrust2.models.persistent.LogEntry#485]
19:33:17.534 [main] DEBUG o.h.engine.internal.TwoPhaseLoad - Resolving associations for [edu.ncsu.csc.itrust2.models.persistent.LogEntry#486]
19:33:17.534 [main] DEBUG o.h.engine.internal.TwoPhaseLoad - Done materializing entity [edu.ncsu.csc.itrust2.models.persistent.LogEntry#486]
19:33:17.534 [main] DEBUG o.h.engine.internal.TwoPhaseLoad - Resolving associations for [edu.ncsu.csc.itrust2.models.persistent.LogEntry#487]
19:33:17.534 [main] DEBUG o.h.engine.internal.TwoPhaseLoad - Done materializing entity [edu.ncsu.csc.itrust2.models.persistent.LogEntry#487]
19:33:17.535 [main] DEBUG o.h.engine.internal.TwoPhaseLoad - Resolving associations for [edu.ncsu.csc.itrust2.models.persistent.LogEntry#488]
19:33:17.535 [main] DEBUG o.h.engine.internal.TwoPhaseLoad - Done materializing entity [edu.ncsu.csc.itrust2.models.persistent.LogEntry#488]
19:33:17.535 [main] DEBUG o.h.engine.internal.TwoPhaseLoad - Resolving associations for [edu.ncsu.csc.itrust2.models.persistent.LogEntry#489]
19:33:17.535 [main] DEBUG o.h.engine.internal.TwoPhaseLoad - Done materializing entity [edu.ncsu.csc.itrust2.models.persistent.LogEntry#489]
19:33:17.536 [main] DEBUG o.h.engine.internal.TwoPhaseLoad - Resolving associations for [edu.ncsu.csc.itrust2.models.persistent.LogEntry#490]
19:33:17.536 [main] DEBUG o.h.engine.internal.TwoPhaseLoad - Done materializing entity [edu.ncsu.csc.itrust2.models.persistent.LogEntry#490]
19:33:17.536 [main] DEBUG o.h.engine.internal.TwoPhaseLoad - Resolving associations for [edu.ncsu.csc.itrust2.models.persistent.LogEntry#491]
19:33:17.536 [main] DEBUG o.h.engine.internal.TwoPhaseLoad - Done materializing entity [edu.ncsu.csc.itrust2.models.persistent.LogEntry#491]
19:33:17.537 [main] DEBUG o.h.engine.internal.TwoPhaseLoad - Resolving associations for [edu.ncsu.csc.itrust2.models.persistent.LogEntry#492]
19:33:17.537 [main] DEBUG o.h.engine.internal.TwoPhaseLoad - Done materializing entity [edu.ncsu.csc.itrust2.models.persistent.LogEntry#492]
19:33:17.537 [main] DEBUG o.h.engine.internal.TwoPhaseLoad - Resolving associations for [edu.ncsu.csc.itrust2.models.persistent.LogEntry#493]
19:33:17.537 [main] DEBUG o.h.engine.internal.TwoPhaseLoad - Done materializing entity [edu.ncsu.csc.itrust2.models.persistent.LogEntry#493]
19:33:17.537 [main] DEBUG o.h.engine.internal.TwoPhaseLoad - Resolving associations for [edu.ncsu.csc.itrust2.models.persistent.LogEntry#494]
19:33:17.537 [main] DEBUG o.h.engine.internal.TwoPhaseLoad - Done materializing entity [edu.ncsu.csc.itrust2.models.persistent.LogEntry#494]
19:33:17.538 [main] DEBUG o.h.engine.internal.TwoPhaseLoad - Resolving associations for [edu.ncsu.csc.itrust2.models.persistent.LogEntry#495]
19:33:17.538 [main] DEBUG o.h.engine.internal.TwoPhaseLoad - Done materializing entity [edu.ncsu.csc.itrust2.models.persistent.LogEntry#495]
19:33:17.538 [main] DEBUG o.h.engine.internal.TwoPhaseLoad - Resolving associations for [edu.ncsu.csc.itrust2.models.persistent.LogEntry#496]
19:33:17.538 [main] DEBUG o.h.engine.internal.TwoPhaseLoad - Done materializing entity [edu.ncsu.csc.itrust2.models.persistent.LogEntry#496]
19:33:17.539 [main] DEBUG o.h.engine.internal.TwoPhaseLoad - Resolving associations for [edu.ncsu.csc.itrust2.models.persistent.LogEntry#497]
19:33:17.539 [main] DEBUG o.h.engine.internal.TwoPhaseLoad - Done materializing entity [edu.ncsu.csc.itrust2.models.persistent.LogEntry#497]
19:33:17.539 [main] DEBUG o.h.engine.internal.TwoPhaseLoad - Resolving associations for [edu.ncsu.csc.itrust2.models.persistent.LogEntry#498]
19:33:17.539 [main] DEBUG o.h.engine.internal.TwoPhaseLoad - Done materializing entity [edu.ncsu.csc.itrust2.models.persistent.LogEntry#498]
19:33:17.539 [main] DEBUG o.h.engine.internal.TwoPhaseLoad - Resolving associations for [edu.ncsu.csc.itrust2.models.persistent.LogEntry#499]
19:33:17.540 [main] DEBUG o.h.engine.internal.TwoPhaseLoad - Done materializing entity [edu.ncsu.csc.itrust2.models.persistent.LogEntry#499]
19:33:17.540 [main] DEBUG o.h.engine.internal.TwoPhaseLoad - Resolving associations for [edu.ncsu.csc.itrust2.models.persistent.LogEntry#500]
19:33:17.540 [main] DEBUG o.h.engine.internal.TwoPhaseLoad - Done materializing entity [edu.ncsu.csc.itrust2.models.persistent.LogEntry#500]
19:33:17.540 [main] DEBUG o.h.engine.internal.TwoPhaseLoad - Resolving associations for [edu.ncsu.csc.itrust2.models.persistent.LogEntry#501]
19:33:17.540 [main] DEBUG o.h.engine.internal.TwoPhaseLoad - Done materializing entity [edu.ncsu.csc.itrust2.models.persistent.LogEntry#501]
19:33:17.541 [main] DEBUG o.h.engine.internal.TwoPhaseLoad - Resolving associations for [edu.ncsu.csc.itrust2.models.persistent.LogEntry#502]
19:33:17.541 [main] DEBUG o.h.engine.internal.TwoPhaseLoad - Done materializing entity [edu.ncsu.csc.itrust2.models.persistent.LogEntry#502]
19:33:17.541 [main] DEBUG o.h.engine.internal.TwoPhaseLoad - Resolving associations for [edu.ncsu.csc.itrust2.models.persistent.LogEntry#503]
19:33:17.541 [main] DEBUG o.h.engine.internal.TwoPhaseLoad - Done materializing entity [edu.ncsu.csc.itrust2.models.persistent.LogEntry#503]
19:33:17.541 [main] DEBUG o.h.engine.internal.TwoPhaseLoad - Resolving associations for [edu.ncsu.csc.itrust2.models.persistent.LogEntry#504]
19:33:17.541 [main] DEBUG o.h.engine.internal.TwoPhaseLoad - Done materializing entity [edu.ncsu.csc.itrust2.models.persistent.LogEntry#504]
19:33:17.541 [main] DEBUG o.h.engine.internal.TwoPhaseLoad - Resolving associations for [edu.ncsu.csc.itrust2.models.persistent.LogEntry#505]
19:33:17.541 [main] DEBUG o.h.engine.internal.TwoPhaseLoad - Done materializing entity [edu.ncsu.csc.itrust2.models.persistent.LogEntry#505]
19:33:17.542 [main] DEBUG o.h.engine.internal.TwoPhaseLoad - Resolving associations for [edu.ncsu.csc.itrust2.models.persistent.LogEntry#506]
19:33:17.542 [main] DEBUG o.h.engine.internal.TwoPhaseLoad - Done materializing entity [edu.ncsu.csc.itrust2.models.persistent.LogEntry#506]
19:33:17.542 [main] DEBUG o.h.engine.internal.TwoPhaseLoad - Resolving associations for [edu.ncsu.csc.itrust2.models.persistent.LogEntry#507]
19:33:17.542 [main] DEBUG o.h.engine.internal.TwoPhaseLoad - Done materializing entity [edu.ncsu.csc.itrust2.models.persistent.LogEntry#507]
19:33:17.543 [main] DEBUG o.h.engine.internal.TwoPhaseLoad - Resolving associations for [edu.ncsu.csc.itrust2.models.persistent.LogEntry#508]
19:33:17.543 [main] DEBUG o.h.engine.internal.TwoPhaseLoad - Done materializing entity [edu.ncsu.csc.itrust2.models.persistent.LogEntry#508]
19:33:17.543 [main] DEBUG o.h.engine.internal.TwoPhaseLoad - Resolving associations for [edu.ncsu.csc.itrust2.models.persistent.LogEntry#509]
19:33:17.543 [main] DEBUG o.h.engine.internal.TwoPhaseLoad - Done materializing entity [edu.ncsu.csc.itrust2.models.persistent.LogEntry#509]
19:33:17.543 [main] DEBUG o.h.engine.internal.TwoPhaseLoad - Resolving associations for [edu.ncsu.csc.itrust2.models.persistent.LogEntry#510]
19:33:17.543 [main] DEBUG o.h.engine.internal.TwoPhaseLoad - Done materializing entity [edu.ncsu.csc.itrust2.models.persistent.LogEntry#510]
19:33:17.543 [main] DEBUG o.h.engine.internal.TwoPhaseLoad - Resolving associations for [edu.ncsu.csc.itrust2.models.persistent.LogEntry#511]
19:33:17.543 [main] DEBUG o.h.engine.internal.TwoPhaseLoad - Done materializing entity [edu.ncsu.csc.itrust2.models.persistent.LogEntry#511]
19:33:17.544 [main] DEBUG o.h.engine.internal.TwoPhaseLoad - Resolving associations for [edu.ncsu.csc.itrust2.models.persistent.LogEntry#512]
19:33:17.544 [main] DEBUG o.h.engine.internal.TwoPhaseLoad - Done materializing entity [edu.ncsu.csc.itrust2.models.persistent.LogEntry#512]
19:33:17.544 [main] DEBUG o.h.engine.internal.TwoPhaseLoad - Resolving associations for [edu.ncsu.csc.itrust2.models.persistent.LogEntry#513]
19:33:17.544 [main] DEBUG o.h.engine.internal.TwoPhaseLoad - Done materializing entity [edu.ncsu.csc.itrust2.models.persistent.LogEntry#513]
19:33:17.544 [main] DEBUG o.h.engine.internal.TwoPhaseLoad - Resolving associations for [edu.ncsu.csc.itrust2.models.persistent.LogEntry#514]
19:33:17.544 [main] DEBUG o.h.engine.internal.TwoPhaseLoad - Done materializing entity [edu.ncsu.csc.itrust2.models.persistent.LogEntry#514]
19:33:17.545 [main] DEBUG o.h.engine.internal.TwoPhaseLoad - Resolving associations for [edu.ncsu.csc.itrust2.models.persistent.LogEntry#515]
19:33:17.545 [main] DEBUG o.h.engine.internal.TwoPhaseLoad - Done materializing entity [edu.ncsu.csc.itrust2.models.persistent.LogEntry#515]
19:33:17.545 [main] DEBUG o.h.engine.internal.TwoPhaseLoad - Resolving associations for [edu.ncsu.csc.itrust2.models.persistent.LogEntry#516]
19:33:17.545 [main] DEBUG o.h.engine.internal.TwoPhaseLoad - Done materializing entity [edu.ncsu.csc.itrust2.models.persistent.LogEntry#516]
19:33:17.545 [main] DEBUG o.h.engine.internal.TwoPhaseLoad - Resolving associations for [edu.ncsu.csc.itrust2.models.persistent.LogEntry#517]
19:33:17.545 [main] DEBUG o.h.engine.internal.TwoPhaseLoad - Done materializing entity [edu.ncsu.csc.itrust2.models.persistent.LogEntry#517]
19:33:17.545 [main] DEBUG o.h.engine.internal.TwoPhaseLoad - Resolving associations for [edu.ncsu.csc.itrust2.models.persistent.LogEntry#518]
19:33:17.545 [main] DEBUG o.h.engine.internal.TwoPhaseLoad - Done materializing entity [edu.ncsu.csc.itrust2.models.persistent.LogEntry#518]
19:33:17.545 [main] DEBUG o.h.engine.internal.TwoPhaseLoad - Resolving associations for [edu.ncsu.csc.itrust2.models.persistent.LogEntry#519]
19:33:17.546 [main] DEBUG o.h.engine.internal.TwoPhaseLoad - Done materializing entity [edu.ncsu.csc.itrust2.models.persistent.LogEntry#519]
19:33:17.546 [main] DEBUG o.h.engine.internal.TwoPhaseLoad - Resolving associations for [edu.ncsu.csc.itrust2.models.persistent.LogEntry#520]
19:33:17.546 [main] DEBUG o.h.engine.internal.TwoPhaseLoad - Done materializing entity [edu.ncsu.csc.itrust2.models.persistent.LogEntry#520]
19:33:17.546 [main] DEBUG o.h.engine.internal.TwoPhaseLoad - Resolving associations for [edu.ncsu.csc.itrust2.models.persistent.LogEntry#521]
19:33:17.546 [main] DEBUG o.h.engine.internal.TwoPhaseLoad - Done materializing entity [edu.ncsu.csc.itrust2.models.persistent.LogEntry#521]
19:33:17.546 [main] DEBUG o.h.engine.internal.TwoPhaseLoad - Resolving associations for [edu.ncsu.csc.itrust2.models.persistent.LogEntry#522]
19:33:17.546 [main] DEBUG o.h.engine.internal.TwoPhaseLoad - Done materializing entity [edu.ncsu.csc.itrust2.models.persistent.LogEntry#522]
19:33:17.547 [main] DEBUG o.h.engine.internal.TwoPhaseLoad - Resolving associations for [edu.ncsu.csc.itrust2.models.persistent.LogEntry#523]
19:33:17.547 [main] DEBUG o.h.engine.internal.TwoPhaseLoad - Done materializing entity [edu.ncsu.csc.itrust2.models.persistent.LogEntry#523]
19:33:17.547 [main] DEBUG o.h.engine.internal.TwoPhaseLoad - Resolving associations for [edu.ncsu.csc.itrust2.models.persistent.LogEntry#524]
19:33:17.547 [main] DEBUG o.h.engine.internal.TwoPhaseLoad - Done materializing entity [edu.ncsu.csc.itrust2.models.persistent.LogEntry#524]
19:33:17.547 [main] DEBUG o.h.engine.internal.TwoPhaseLoad - Resolving associations for [edu.ncsu.csc.itrust2.models.persistent.LogEntry#525]
19:33:17.547 [main] DEBUG o.h.engine.internal.TwoPhaseLoad - Done materializing entity [edu.ncsu.csc.itrust2.models.persistent.LogEntry#525]
19:33:17.547 [main] DEBUG o.h.engine.internal.TwoPhaseLoad - Resolving associations for [edu.ncsu.csc.itrust2.models.persistent.LogEntry#526]
19:33:17.547 [main] DEBUG o.h.engine.internal.TwoPhaseLoad - Done materializing entity [edu.ncsu.csc.itrust2.models.persistent.LogEntry#526]
19:33:17.551 [main] DEBUG o.h.engine.internal.TwoPhaseLoad - Resolving associations for [edu.ncsu.csc.itrust2.models.persistent.LogEntry#527]
19:33:17.551 [main] DEBUG o.h.engine.internal.TwoPhaseLoad - Done materializing entity [edu.ncsu.csc.itrust2.models.persistent.LogEntry#527]
19:33:17.551 [main] DEBUG o.h.engine.internal.TwoPhaseLoad - Resolving associations for [edu.ncsu.csc.itrust2.models.persistent.LogEntry#528]
19:33:17.551 [main] DEBUG o.h.engine.internal.TwoPhaseLoad - Done materializing entity [edu.ncsu.csc.itrust2.models.persistent.LogEntry#528]
19:33:17.551 [main] DEBUG o.h.engine.internal.TwoPhaseLoad - Resolving associations for [edu.ncsu.csc.itrust2.models.persistent.LogEntry#529]
19:33:17.551 [main] DEBUG o.h.engine.internal.TwoPhaseLoad - Done materializing entity [edu.ncsu.csc.itrust2.models.persistent.LogEntry#529]
19:33:17.551 [main] DEBUG o.h.engine.internal.TwoPhaseLoad - Resolving associations for [edu.ncsu.csc.itrust2.models.persistent.LogEntry#530]
19:33:17.551 [main] DEBUG o.h.engine.internal.TwoPhaseLoad - Done materializing entity [edu.ncsu.csc.itrust2.models.persistent.LogEntry#530]
19:33:17.551 [main] DEBUG o.h.engine.internal.TwoPhaseLoad - Resolving associations for [edu.ncsu.csc.itrust2.models.persistent.LogEntry#531]
19:33:17.551 [main] DEBUG o.h.engine.internal.TwoPhaseLoad - Done materializing entity [edu.ncsu.csc.itrust2.models.persistent.LogEntry#531]
19:33:17.551 [main] DEBUG o.h.engine.internal.TwoPhaseLoad - Resolving associations for [edu.ncsu.csc.itrust2.models.persistent.LogEntry#532]
19:33:17.551 [main] DEBUG o.h.engine.internal.TwoPhaseLoad - Done materializing entity [edu.ncsu.csc.itrust2.models.persistent.LogEntry#532]
19:33:17.559 [main] DEBUG o.h.e.t.internal.TransactionImpl - committing
19:33:17.559 [main] DEBUG o.h.e.i.AbstractFlushingEventListener - Processing flush-time cascades
19:33:17.560 [main] DEBUG o.h.e.i.AbstractFlushingEventListener - Dirty checking collections
19:33:17.562 [main] DEBUG o.h.e.i.AbstractFlushingEventListener - Flushed: 0 insertions, 0 updates, 0 deletions to 500 objects
19:33:17.562 [main] DEBUG o.h.e.i.AbstractFlushingEventListener - Flushed: 0 (re)creations, 0 updates, 0 removals to 0 collections
19:33:17.562 [main] DEBUG o.h.internal.util.EntityPrinter - Listing entities:
19:33:17.562 [main] DEBUG o.h.internal.util.EntityPrinter - edu.ncsu.csc.itrust2.models.persistent.LogEntry{secondaryUser=null, logCode=5, primaryUser=logapitest, id=395, time=java.util.GregorianCalendar[time=1521660796000,areFieldsSet=true,areAllFieldsSet=true,lenient=true,zone=sun.util.calendar.ZoneInfo[id="Etc/UTC",offset=0,dstSavings=0,useDaylight=false,transitions=0,lastRule=null],firstDayOfWeek=1,minimalDaysInFirstWeek=1,ERA=1,YEAR=2018,MONTH=2,WEEK_OF_YEAR=12,WEEK_OF_MONTH=4,DAY_OF_MONTH=21,DAY_OF_YEAR=80,DAY_OF_WEEK=4,DAY_OF_WEEK_IN_MONTH=3,AM_PM=1,HOUR=7,HOUR_OF_DAY=19,MINUTE=33,SECOND=16,MILLISECOND=0,ZONE_OFFSET=0,DST_OFFSET=0], message=null}
19:33:17.562 [main] DEBUG o.h.internal.util.EntityPrinter - edu.ncsu.csc.itrust2.models.persistent.LogEntry{secondaryUser=null, logCode=5, primaryUser=logapitest, id=396, time=java.util.GregorianCalendar[time=1521660796000,areFieldsSet=true,areAllFieldsSet=true,lenient=true,zone=sun.util.calendar.ZoneInfo[id="Etc/UTC",offset=0,dstSavings=0,useDaylight=false,transitions=0,lastRule=null],firstDayOfWeek=1,minimalDaysInFirstWeek=1,ERA=1,YEAR=2018,MONTH=2,WEEK_OF_YEAR=12,WEEK_OF_MONTH=4,DAY_OF_MONTH=21,DAY_OF_YEAR=80,DAY_OF_WEEK=4,DAY_OF_WEEK_IN_MONTH=3,AM_PM=1,HOUR=7,HOUR_OF_DAY=19,MINUTE=33,SECOND=16,MILLISECOND=0,ZONE_OFFSET=0,DST_OFFSET=0], message=null}
19:33:17.562 [main] DEBUG o.h.internal.util.EntityPrinter - edu.ncsu.csc.itrust2.models.persistent.LogEntry{secondaryUser=null, logCode=5, primaryUser=logapitest, id=397, time=java.util.GregorianCalendar[time=1521660796000,areFieldsSet=true,areAllFieldsSet=true,lenient=true,zone=sun.util.calendar.ZoneInfo[id="Etc/UTC",offset=0,dstSavings=0,useDaylight=false,transitions=0,lastRule=null],firstDayOfWeek=1,minimalDaysInFirstWeek=1,ERA=1,YEAR=2018,MONTH=2,WEEK_OF_YEAR=12,WEEK_OF_MONTH=4,DAY_OF_MONTH=21,DAY_OF_YEAR=80,DAY_OF_WEEK=4,DAY_OF_WEEK_IN_MONTH=3,AM_PM=1,HOUR=7,HOUR_OF_DAY=19,MINUTE=33,SECOND=16,MILLISECOND=0,ZONE_OFFSET=0,DST_OFFSET=0], message=null}
19:33:17.562 [main] DEBUG o.h.internal.util.EntityPrinter - edu.ncsu.csc.itrust2.models.persistent.LogEntry{secondaryUser=null, logCode=5, primaryUser=logapitest, id=398, time=java.util.GregorianCalendar[time=1521660796000,areFieldsSet=true,areAllFieldsSet=true,lenient=true,zone=sun.util.calendar.ZoneInfo[id="Etc/UTC",offset=0,dstSavings=0,useDaylight=false,transitions=0,lastRule=null],firstDayOfWeek=1,minimalDaysInFirstWeek=1,ERA=1,YEAR=2018,MONTH=2,WEEK_OF_YEAR=12,WEEK_OF_MONTH=4,DAY_OF_MONTH=21,DAY_OF_YEAR=80,DAY_OF_WEEK=4,DAY_OF_WEEK_IN_MONTH=3,AM_PM=1,HOUR=7,HOUR_OF_DAY=19,MINUTE=33,SECOND=16,MILLISECOND=0,ZONE_OFFSET=0,DST_OFFSET=0], message=null}
19:33:17.562 [main] DEBUG o.h.internal.util.EntityPrinter - edu.ncsu.csc.itrust2.models.persistent.LogEntry{secondaryUser=null, logCode=5, primaryUser=logapitest, id=399, time=java.util.GregorianCalendar[time=1521660796000,areFieldsSet=true,areAllFieldsSet=true,lenient=true,zone=sun.util.calendar.ZoneInfo[id="Etc/UTC",offset=0,dstSavings=0,useDaylight=false,transitions=0,lastRule=null],firstDayOfWeek=1,minimalDaysInFirstWeek=1,ERA=1,YEAR=2018,MONTH=2,WEEK_OF_YEAR=12,WEEK_OF_MONTH=4,DAY_OF_MONTH=21,DAY_OF_YEAR=80,DAY_OF_WEEK=4,DAY_OF_WEEK_IN_MONTH=3,AM_PM=1,HOUR=7,HOUR_OF_DAY=19,MINUTE=33,SECOND=16,MILLISECOND=0,ZONE_OFFSET=0,DST_OFFSET=0], message=null}
19:33:17.562 [main] DEBUG o.h.internal.util.EntityPrinter - edu.ncsu.csc.itrust2.models.persistent.LogEntry{secondaryUser=null, logCode=5, primaryUser=logapitest, id=400, time=java.util.GregorianCalendar[time=1521660796000,areFieldsSet=true,areAllFieldsSet=true,lenient=true,zone=sun.util.calendar.ZoneInfo[id="Etc/UTC",offset=0,dstSavings=0,useDaylight=false,transitions=0,lastRule=null],firstDayOfWeek=1,minimalDaysInFirstWeek=1,ERA=1,YEAR=2018,MONTH=2,WEEK_OF_YEAR=12,WEEK_OF_MONTH=4,DAY_OF_MONTH=21,DAY_OF_YEAR=80,DAY_OF_WEEK=4,DAY_OF_WEEK_IN_MONTH=3,AM_PM=1,HOUR=7,HOUR_OF_DAY=19,MINUTE=33,SECOND=16,MILLISECOND=0,ZONE_OFFSET=0,DST_OFFSET=0], message=null}
19:33:17.562 [main] DEBUG o.h.internal.util.EntityPrinter - edu.ncsu.csc.itrust2.models.persistent.LogEntry{secondaryUser=null, logCode=5, primaryUser=logapitest, id=401, time=java.util.GregorianCalendar[time=1521660796000,areFieldsSet=true,areAllFieldsSet=true,lenient=true,zone=sun.util.calendar.ZoneInfo[id="Etc/UTC",offset=0,dstSavings=0,useDaylight=false,transitions=0,lastRule=null],firstDayOfWeek=1,minimalDaysInFirstWeek=1,ERA=1,YEAR=2018,MONTH=2,WEEK_OF_YEAR=12,WEEK_OF_MONTH=4,DAY_OF_MONTH=21,DAY_OF_YEAR=80,DAY_OF_WEEK=4,DAY_OF_WEEK_IN_MONTH=3,AM_PM=1,HOUR=7,HOUR_OF_DAY=19,MINUTE=33,SECOND=16,MILLISECOND=0,ZONE_OFFSET=0,DST_OFFSET=0], message=null}
19:33:17.562 [main] DEBUG o.h.internal.util.EntityPrinter - edu.ncsu.csc.itrust2.models.persistent.LogEntry{secondaryUser=null, logCode=5, primaryUser=logapitest, id=402, time=java.util.GregorianCalendar[time=1521660796000,areFieldsSet=true,areAllFieldsSet=true,lenient=true,zone=sun.util.calendar.ZoneInfo[id="Etc/UTC",offset=0,dstSavings=0,useDaylight=false,transitions=0,lastRule=null],firstDayOfWeek=1,minimalDaysInFirstWeek=1,ERA=1,YEAR=2018,MONTH=2,WEEK_OF_YEAR=12,WEEK_OF_MONTH=4,DAY_OF_MONTH=21,DAY_OF_YEAR=80,DAY_OF_WEEK=4,DAY_OF_WEEK_IN_MONTH=3,AM_PM=1,HOUR=7,HOUR_OF_DAY=19,MINUTE=33,SECOND=16,MILLISECOND=0,ZONE_OFFSET=0,DST_OFFSET=0], message=null}
19:33:17.562 [main] DEBUG o.h.internal.util.EntityPrinter - edu.ncsu.csc.itrust2.models.persistent.LogEntry{secondaryUser=null, logCode=5, primaryUser=logapitest, id=403, time=java.util.GregorianCalendar[time=1521660796000,areFieldsSet=true,areAllFieldsSet=true,lenient=true,zone=sun.util.calendar.ZoneInfo[id="Etc/UTC",offset=0,dstSavings=0,useDaylight=false,transitions=0,lastRule=null],firstDayOfWeek=1,minimalDaysInFirstWeek=1,ERA=1,YEAR=2018,MONTH=2,WEEK_OF_YEAR=12,WEEK_OF_MONTH=4,DAY_OF_MONTH=21,DAY_OF_YEAR=80,DAY_OF_WEEK=4,DAY_OF_WEEK_IN_MONTH=3,AM_PM=1,HOUR=7,HOUR_OF_DAY=19,MINUTE=33,SECOND=16,MILLISECOND=0,ZONE_OFFSET=0,DST_OFFSET=0], message=null}
19:33:17.562 [main] DEBUG o.h.internal.util.EntityPrinter - edu.ncsu.csc.itrust2.models.persistent.LogEntry{secondaryUser=null, logCode=5, primaryUser=logapitest, id=404, time=java.util.GregorianCalendar[time=1521660796000,areFieldsSet=true,areAllFieldsSet=true,lenient=true,zone=sun.util.calendar.ZoneInfo[id="Etc/UTC",offset=0,dstSavings=0,useDaylight=false,transitions=0,lastRule=null],firstDayOfWeek=1,minimalDaysInFirstWeek=1,ERA=1,YEAR=2018,MONTH=2,WEEK_OF_YEAR=12,WEEK_OF_MONTH=4,DAY_OF_MONTH=21,DAY_OF_YEAR=80,DAY_OF_WEEK=4,DAY_OF_WEEK_IN_MONTH=3,AM_PM=1,HOUR=7,HOUR_OF_DAY=19,MINUTE=33,SECOND=16,MILLISECOND=0,ZONE_OFFSET=0,DST_OFFSET=0], message=null}
19:33:17.562 [main] DEBUG o.h.internal.util.EntityPrinter - edu.ncsu.csc.itrust2.models.persistent.LogEntry{secondaryUser=null, logCode=5, primaryUser=logapitest, id=405, time=java.util.GregorianCalendar[time=1521660796000,areFieldsSet=true,areAllFieldsSet=true,lenient=true,zone=sun.util.calendar.ZoneInfo[id="Etc/UTC",offset=0,dstSavings=0,useDaylight=false,transitions=0,lastRule=null],firstDayOfWeek=1,minimalDaysInFirstWeek=1,ERA=1,YEAR=2018,MONTH=2,WEEK_OF_YEAR=12,WEEK_OF_MONTH=4,DAY_OF_MONTH=21,DAY_OF_YEAR=80,DAY_OF_WEEK=4,DAY_OF_WEEK_IN_MONTH=3,AM_PM=1,HOUR=7,HOUR_OF_DAY=19,MINUTE=33,SECOND=16,MILLISECOND=0,ZONE_OFFSET=0,DST_OFFSET=0], message=null}
19:33:17.562 [main] DEBUG o.h.internal.util.EntityPrinter - edu.ncsu.csc.itrust2.models.persistent.LogEntry{secondaryUser=null, logCode=5, primaryUser=logapitest, id=406, time=java.util.GregorianCalendar[time=1521660796000,areFieldsSet=true,areAllFieldsSet=true,lenient=true,zone=sun.util.calendar.ZoneInfo[id="Etc/UTC",offset=0,dstSavings=0,useDaylight=false,transitions=0,lastRule=null],firstDayOfWeek=1,minimalDaysInFirstWeek=1,ERA=1,YEAR=2018,MONTH=2,WEEK_OF_YEAR=12,WEEK_OF_MONTH=4,DAY_OF_MONTH=21,DAY_OF_YEAR=80,DAY_OF_WEEK=4,DAY_OF_WEEK_IN_MONTH=3,AM_PM=1,HOUR=7,HOUR_OF_DAY=19,MINUTE=33,SECOND=16,MILLISECOND=0,ZONE_OFFSET=0,DST_OFFSET=0], message=null}
19:33:17.562 [main] DEBUG o.h.internal.util.EntityPrinter - edu.ncsu.csc.itrust2.models.persistent.LogEntry{secondaryUser=null, logCode=5, primaryUser=logapitest, id=407, time=java.util.GregorianCalendar[time=1521660796000,areFieldsSet=true,areAllFieldsSet=true,lenient=true,zone=sun.util.calendar.ZoneInfo[id="Etc/UTC",offset=0,dstSavings=0,useDaylight=false,transitions=0,lastRule=null],firstDayOfWeek=1,minimalDaysInFirstWeek=1,ERA=1,YEAR=2018,MONTH=2,WEEK_OF_YEAR=12,WEEK_OF_MONTH=4,DAY_OF_MONTH=21,DAY_OF_YEAR=80,DAY_OF_WEEK=4,DAY_OF_WEEK_IN_MONTH=3,AM_PM=1,HOUR=7,HOUR_OF_DAY=19,MINUTE=33,SECOND=16,MILLISECOND=0,ZONE_OFFSET=0,DST_OFFSET=0], message=null}
19:33:17.563 [main] DEBUG o.h.internal.util.EntityPrinter - edu.ncsu.csc.itrust2.models.persistent.LogEntry{secondaryUser=null, logCode=5, primaryUser=logapitest, id=408, time=java.util.GregorianCalendar[time=1521660796000,areFieldsSet=true,areAllFieldsSet=true,lenient=true,zone=sun.util.calendar.ZoneInfo[id="Etc/UTC",offset=0,dstSavings=0,useDaylight=false,transitions=0,lastRule=null],firstDayOfWeek=1,minimalDaysInFirstWeek=1,ERA=1,YEAR=2018,MONTH=2,WEEK_OF_YEAR=12,WEEK_OF_MONTH=4,DAY_OF_MONTH=21,DAY_OF_YEAR=80,DAY_OF_WEEK=4,DAY_OF_WEEK_IN_MONTH=3,AM_PM=1,HOUR=7,HOUR_OF_DAY=19,MINUTE=33,SECOND=16,MILLISECOND=0,ZONE_OFFSET=0,DST_OFFSET=0], message=null}
19:33:17.563 [main] DEBUG o.h.internal.util.EntityPrinter - edu.ncsu.csc.itrust2.models.persistent.LogEntry{secondaryUser=null, logCode=5, primaryUser=logapitest, id=409, time=java.util.GregorianCalendar[time=1521660796000,areFieldsSet=true,areAllFieldsSet=true,lenient=true,zone=sun.util.calendar.ZoneInfo[id="Etc/UTC",offset=0,dstSavings=0,useDaylight=false,transitions=0,lastRule=null],firstDayOfWeek=1,minimalDaysInFirstWeek=1,ERA=1,YEAR=2018,MONTH=2,WEEK_OF_YEAR=12,WEEK_OF_MONTH=4,DAY_OF_MONTH=21,DAY_OF_YEAR=80,DAY_OF_WEEK=4,DAY_OF_WEEK_IN_MONTH=3,AM_PM=1,HOUR=7,HOUR_OF_DAY=19,MINUTE=33,SECOND=16,MILLISECOND=0,ZONE_OFFSET=0,DST_OFFSET=0], message=null}
19:33:17.563 [main] DEBUG o.h.internal.util.EntityPrinter - edu.ncsu.csc.itrust2.models.persistent.LogEntry{secondaryUser=null, logCode=5, primaryUser=logapitest, id=410, time=java.util.GregorianCalendar[time=1521660796000,areFieldsSet=true,areAllFieldsSet=true,lenient=true,zone=sun.util.calendar.ZoneInfo[id="Etc/UTC",offset=0,dstSavings=0,useDaylight=false,transitions=0,lastRule=null],firstDayOfWeek=1,minimalDaysInFirstWeek=1,ERA=1,YEAR=2018,MONTH=2,WEEK_OF_YEAR=12,WEEK_OF_MONTH=4,DAY_OF_MONTH=21,DAY_OF_YEAR=80,DAY_OF_WEEK=4,DAY_OF_WEEK_IN_MONTH=3,AM_PM=1,HOUR=7,HOUR_OF_DAY=19,MINUTE=33,SECOND=16,MILLISECOND=0,ZONE_OFFSET=0,DST_OFFSET=0], message=null}
19:33:17.563 [main] DEBUG o.h.internal.util.EntityPrinter - edu.ncsu.csc.itrust2.models.persistent.LogEntry{secondaryUser=null, logCode=5, primaryUser=logapitest, id=411, time=java.util.GregorianCalendar[time=1521660796000,areFieldsSet=true,areAllFieldsSet=true,lenient=true,zone=sun.util.calendar.ZoneInfo[id="Etc/UTC",offset=0,dstSavings=0,useDaylight=false,transitions=0,lastRule=null],firstDayOfWeek=1,minimalDaysInFirstWeek=1,ERA=1,YEAR=2018,MONTH=2,WEEK_OF_YEAR=12,WEEK_OF_MONTH=4,DAY_OF_MONTH=21,DAY_OF_YEAR=80,DAY_OF_WEEK=4,DAY_OF_WEEK_IN_MONTH=3,AM_PM=1,HOUR=7,HOUR_OF_DAY=19,MINUTE=33,SECOND=16,MILLISECOND=0,ZONE_OFFSET=0,DST_OFFSET=0], message=null}
19:33:17.563 [main] DEBUG o.h.internal.util.EntityPrinter - edu.ncsu.csc.itrust2.models.persistent.LogEntry{secondaryUser=null, logCode=5, primaryUser=logapitest, id=412, time=java.util.GregorianCalendar[time=1521660796000,areFieldsSet=true,areAllFieldsSet=true,lenient=true,zone=sun.util.calendar.ZoneInfo[id="Etc/UTC",offset=0,dstSavings=0,useDaylight=false,transitions=0,lastRule=null],firstDayOfWeek=1,minimalDaysInFirstWeek=1,ERA=1,YEAR=2018,MONTH=2,WEEK_OF_YEAR=12,WEEK_OF_MONTH=4,DAY_OF_MONTH=21,DAY_OF_YEAR=80,DAY_OF_WEEK=4,DAY_OF_WEEK_IN_MONTH=3,AM_PM=1,HOUR=7,HOUR_OF_DAY=19,MINUTE=33,SECOND=16,MILLISECOND=0,ZONE_OFFSET=0,DST_OFFSET=0], message=null}
19:33:17.563 [main] DEBUG o.h.internal.util.EntityPrinter - edu.ncsu.csc.itrust2.models.persistent.LogEntry{secondaryUser=null, logCode=5, primaryUser=logapitest, id=413, time=java.util.GregorianCalendar[time=1521660796000,areFieldsSet=true,areAllFieldsSet=true,lenient=true,zone=sun.util.calendar.ZoneInfo[id="Etc/UTC",offset=0,dstSavings=0,useDaylight=false,transitions=0,lastRule=null],firstDayOfWeek=1,minimalDaysInFirstWeek=1,ERA=1,YEAR=2018,MONTH=2,WEEK_OF_YEAR=12,WEEK_OF_MONTH=4,DAY_OF_MONTH=21,DAY_OF_YEAR=80,DAY_OF_WEEK=4,DAY_OF_WEEK_IN_MONTH=3,AM_PM=1,HOUR=7,HOUR_OF_DAY=19,MINUTE=33,SECOND=16,MILLISECOND=0,ZONE_OFFSET=0,DST_OFFSET=0], message=null}
19:33:17.563 [main] DEBUG o.h.internal.util.EntityPrinter - edu.ncsu.csc.itrust2.models.persistent.LogEntry{secondaryUser=null, logCode=5, primaryUser=logapitest, id=414, time=java.util.GregorianCalendar[time=1521660796000,areFieldsSet=true,areAllFieldsSet=true,lenient=true,zone=sun.util.calendar.ZoneInfo[id="Etc/UTC",offset=0,dstSavings=0,useDaylight=false,transitions=0,lastRule=null],firstDayOfWeek=1,minimalDaysInFirstWeek=1,ERA=1,YEAR=2018,MONTH=2,WEEK_OF_YEAR=12,WEEK_OF_MONTH=4,DAY_OF_MONTH=21,DAY_OF_YEAR=80,DAY_OF_WEEK=4,DAY_OF_WEEK_IN_MONTH=3,AM_PM=1,HOUR=7,HOUR_OF_DAY=19,MINUTE=33,SECOND=16,MILLISECOND=0,ZONE_OFFSET=0,DST_OFFSET=0], message=null}
19:33:17.563 [main] DEBUG o.h.internal.util.EntityPrinter - edu.ncsu.csc.itrust2.models.persistent.LogEntry{secondaryUser=null, logCode=5, primaryUser=logapitest, id=415, time=java.util.GregorianCalendar[time=1521660796000,areFieldsSet=true,areAllFieldsSet=true,lenient=true,zone=sun.util.calendar.ZoneInfo[id="Etc/UTC",offset=0,dstSavings=0,useDaylight=false,transitions=0,lastRule=null],firstDayOfWeek=1,minimalDaysInFirstWeek=1,ERA=1,YEAR=2018,MONTH=2,WEEK_OF_YEAR=12,WEEK_OF_MONTH=4,DAY_OF_MONTH=21,DAY_OF_YEAR=80,DAY_OF_WEEK=4,DAY_OF_WEEK_IN_MONTH=3,AM_PM=1,HOUR=7,HOUR_OF_DAY=19,MINUTE=33,SECOND=16,MILLISECOND=0,ZONE_OFFSET=0,DST_OFFSET=0], message=null}
19:33:17.563 [main] DEBUG o.h.internal.util.EntityPrinter - More......
19:33:17.564 [main] DEBUG o.h.e.t.internal.TransactionImpl - begin
19:33:17.566 [main] DEBUG org.hibernate.SQL - select this_.username as username1_15_0_, this_.enabled as enabled2_15_0_, this_.password as password3_15_0_, this_.role as role4_15_0_ from Users this_ where this_.username=?
Hibernate: select this_.username as username1_15_0_, this_.enabled as enabled2_15_0_, this_.password as password3_15_0_, this_.role as role4_15_0_ from Users this_ where this_.username=?
19:33:17.566 [main] DEBUG org.hibernate.loader.Loader - Result set row: 0
19:33:17.567 [main] DEBUG org.hibernate.loader.Loader - Result row: EntityKey[edu.ncsu.csc.itrust2.models.persistent.User#logapitest]
19:33:17.567 [main] DEBUG o.h.engine.internal.TwoPhaseLoad - Resolving associations for [edu.ncsu.csc.itrust2.models.persistent.User#logapitest]
19:33:17.567 [main] DEBUG o.h.engine.internal.TwoPhaseLoad - Done materializing entity [edu.ncsu.csc.itrust2.models.persistent.User#logapitest]
19:33:17.567 [main] DEBUG o.h.e.t.internal.TransactionImpl - committing
19:33:17.567 [main] DEBUG o.h.e.i.AbstractFlushingEventListener - Processing flush-time cascades
19:33:17.567 [main] DEBUG o.h.e.i.AbstractFlushingEventListener - Dirty checking collections
19:33:17.568 [main] DEBUG o.h.e.i.AbstractFlushingEventListener - Flushed: 0 insertions, 0 updates, 0 deletions to 1 objects
19:33:17.568 [main] DEBUG o.h.e.i.AbstractFlushingEventListener - Flushed: 0 (re)creations, 0 updates, 0 removals to 0 collections
19:33:17.568 [main] DEBUG o.h.internal.util.EntityPrinter - Listing entities:
19:33:17.568 [main] DEBUG o.h.internal.util.EntityPrinter - edu.ncsu.csc.itrust2.models.persistent.User{password=$2a$10$EblZqNptyYvcLm/VwDCVAuBjzZOI7khzdyGPBr08PpIi0na624b8., role=ROLE_PATIENT, enabled=1, username=logapitest}
19:33:17.570 [main] DEBUG o.h.e.t.internal.TransactionImpl - begin
19:33:17.571 [main] DEBUG org.hibernate.SQL - select this_.username as username1_15_0_, this_.enabled as enabled2_15_0_, this_.password as password3_15_0_, this_.role as role4_15_0_ from Users this_ where this_.username=?
Hibernate: select this_.username as username1_15_0_, this_.enabled as enabled2_15_0_, this_.password as password3_15_0_, this_.role as role4_15_0_ from Users this_ where this_.username=?
19:33:17.571 [main] DEBUG o.h.e.t.internal.TransactionImpl - committing
19:33:17.572 [main] DEBUG o.s.w.s.m.m.a.ExceptionHandlerExceptionResolver - Resolving exception from handler [public org.springframework.http.ResponseEntity edu.ncsu.csc.itrust2.controllers.api.APILogEntryController.getEntryByDateRange(edu.ncsu.csc.itrust2.controllers.api.comm.LogEntryRequestBody)]: java.lang.NullPointerException
19:33:17.575 [main] DEBUG o.s.w.s.m.a.ResponseStatusExceptionResolver - Resolving exception from handler [public org.springframework.http.ResponseEntity edu.ncsu.csc.itrust2.controllers.api.APILogEntryController.getEntryByDateRange(edu.ncsu.csc.itrust2.controllers.api.comm.LogEntryRequestBody)]: java.lang.NullPointerException
19:33:17.575 [main] DEBUG o.s.w.s.m.s.DefaultHandlerExceptionResolver - Resolving exception from handler [public org.springframework.http.ResponseEntity edu.ncsu.csc.itrust2.controllers.api.APILogEntryController.getEntryByDateRange(edu.ncsu.csc.itrust2.controllers.api.comm.LogEntryRequestBody)]: java.lang.NullPointerException
19:33:17.646 [main] DEBUG o.s.t.w.s.TestDispatcherServlet - Could not complete request
java.lang.NullPointerException: null
	at edu.ncsu.csc.itrust2.controllers.api.APILogEntryController.getEntryByDateRange(APILogEntryController.java:129) ~[classes/:na]
	at sun.reflect.NativeMethodAccessorImpl.invoke0(Native Method) ~[na:1.8.0_161]
	at sun.reflect.NativeMethodAccessorImpl.invoke(NativeMethodAccessorImpl.java:62) ~[na:1.8.0_161]
	at sun.reflect.DelegatingMethodAccessorImpl.invoke(DelegatingMethodAccessorImpl.java:43) ~[na:1.8.0_161]
	at java.lang.reflect.Method.invoke(Method.java:498) ~[na:1.8.0_161]
	at org.springframework.web.method.support.InvocableHandlerMethod.doInvoke(InvocableHandlerMethod.java:220) ~[spring-web-4.3.5.RELEASE.jar:4.3.5.RELEASE]
	at org.springframework.web.method.support.InvocableHandlerMethod.invokeForRequest(InvocableHandlerMethod.java:134) ~[spring-web-4.3.5.RELEASE.jar:4.3.5.RELEASE]
	at org.springframework.web.servlet.mvc.method.annotation.ServletInvocableHandlerMethod.invokeAndHandle(ServletInvocableHandlerMethod.java:116) ~[spring-webmvc-4.3.5.RELEASE.jar:4.3.5.RELEASE]
	at org.springframework.web.servlet.mvc.method.annotation.RequestMappingHandlerAdapter.invokeHandlerMethod(RequestMappingHandlerAdapter.java:827) ~[spring-webmvc-4.3.5.RELEASE.jar:4.3.5.RELEASE]
	at org.springframework.web.servlet.mvc.method.annotation.RequestMappingHandlerAdapter.handleInternal(RequestMappingHandlerAdapter.java:738) ~[spring-webmvc-4.3.5.RELEASE.jar:4.3.5.RELEASE]
	at org.springframework.web.servlet.mvc.method.AbstractHandlerMethodAdapter.handle(AbstractHandlerMethodAdapter.java:85) ~[spring-webmvc-4.3.5.RELEASE.jar:4.3.5.RELEASE]
	at org.springframework.web.servlet.DispatcherServlet.doDispatch(DispatcherServlet.java:963) ~[spring-webmvc-4.3.5.RELEASE.jar:4.3.5.RELEASE]
	at org.springframework.web.servlet.DispatcherServlet.doService(DispatcherServlet.java:897) ~[spring-webmvc-4.3.5.RELEASE.jar:4.3.5.RELEASE]
	at org.springframework.web.servlet.FrameworkServlet.processRequest(FrameworkServlet.java:970) [spring-webmvc-4.3.5.RELEASE.jar:4.3.5.RELEASE]
	at org.springframework.web.servlet.FrameworkServlet.doPost(FrameworkServlet.java:872) [spring-webmvc-4.3.5.RELEASE.jar:4.3.5.RELEASE]
	at javax.servlet.http.HttpServlet.service(HttpServlet.java:688) [javax.servlet-api-3.0.1.jar:3.0.1]
	at org.springframework.web.servlet.FrameworkServlet.service(FrameworkServlet.java:846) [spring-webmvc-4.3.5.RELEASE.jar:4.3.5.RELEASE]
	at org.springframework.test.web.servlet.TestDispatcherServlet.service(TestDispatcherServlet.java:65) [spring-test-4.3.5.RELEASE.jar:4.3.5.RELEASE]
	at javax.servlet.http.HttpServlet.service(HttpServlet.java:770) [javax.servlet-api-3.0.1.jar:3.0.1]
	at org.springframework.mock.web.MockFilterChain$ServletFilterProxy.doFilter(MockFilterChain.java:167) [spring-test-4.3.5.RELEASE.jar:4.3.5.RELEASE]
	at org.springframework.mock.web.MockFilterChain.doFilter(MockFilterChain.java:134) [spring-test-4.3.5.RELEASE.jar:4.3.5.RELEASE]
	at org.springframework.test.web.servlet.MockMvc.perform(MockMvc.java:155) [spring-test-4.3.5.RELEASE.jar:4.3.5.RELEASE]
	at edu.ncsu.csc.itrust2.apitest.APILogEntryTest.testLogByDateLarge(APILogEntryTest.java:103) [test-classes/:na]
	at sun.reflect.NativeMethodAccessorImpl.invoke0(Native Method) ~[na:1.8.0_161]
	at sun.reflect.NativeMethodAccessorImpl.invoke(NativeMethodAccessorImpl.java:62) ~[na:1.8.0_161]
	at sun.reflect.DelegatingMethodAccessorImpl.invoke(DelegatingMethodAccessorImpl.java:43) ~[na:1.8.0_161]
	at java.lang.reflect.Method.invoke(Method.java:498) ~[na:1.8.0_161]
	at org.junit.runners.model.FrameworkMethod$1.runReflectiveCall(FrameworkMethod.java:50) [junit-4.12.jar:4.12]
	at org.junit.internal.runners.model.ReflectiveCallable.run(ReflectiveCallable.java:12) [junit-4.12.jar:4.12]
	at org.junit.runners.model.FrameworkMethod.invokeExplosively(FrameworkMethod.java:47) [junit-4.12.jar:4.12]
	at org.junit.internal.runners.statements.InvokeMethod.evaluate(InvokeMethod.java:17) [junit-4.12.jar:4.12]
	at org.junit.internal.runners.statements.RunBefores.evaluate(RunBefores.java:26) [junit-4.12.jar:4.12]
	at org.springframework.test.context.junit4.statements.RunBeforeTestMethodCallbacks.evaluate(RunBeforeTestMethodCallbacks.java:75) [spring-test-4.3.5.RELEASE.jar:4.3.5.RELEASE]
	at org.springframework.test.context.junit4.statements.RunAfterTestMethodCallbacks.evaluate(RunAfterTestMethodCallbacks.java:86) [spring-test-4.3.5.RELEASE.jar:4.3.5.RELEASE]
	at org.springframework.test.context.junit4.statements.SpringRepeat.evaluate(SpringRepeat.java:84) [spring-test-4.3.5.RELEASE.jar:4.3.5.RELEASE]
	at org.junit.runners.ParentRunner.runLeaf(ParentRunner.java:325) [junit-4.12.jar:4.12]
	at org.springframework.test.context.junit4.SpringJUnit4ClassRunner.runChild(SpringJUnit4ClassRunner.java:252) [spring-test-4.3.5.RELEASE.jar:4.3.5.RELEASE]
	at org.springframework.test.context.junit4.SpringJUnit4ClassRunner.runChild(SpringJUnit4ClassRunner.java:94) [spring-test-4.3.5.RELEASE.jar:4.3.5.RELEASE]
	at org.junit.runners.ParentRunner$3.run(ParentRunner.java:290) [junit-4.12.jar:4.12]
	at org.junit.runners.ParentRunner$1.schedule(ParentRunner.java:71) [junit-4.12.jar:4.12]
	at org.junit.runners.ParentRunner.runChildren(ParentRunner.java:288) [junit-4.12.jar:4.12]
	at org.junit.runners.ParentRunner.access$000(ParentRunner.java:58) [junit-4.12.jar:4.12]
	at org.junit.runners.ParentRunner$2.evaluate(ParentRunner.java:268) [junit-4.12.jar:4.12]
	at org.springframework.test.context.junit4.statements.RunBeforeTestClassCallbacks.evaluate(RunBeforeTestClassCallbacks.java:61) [spring-test-4.3.5.RELEASE.jar:4.3.5.RELEASE]
	at org.springframework.test.context.junit4.statements.RunAfterTestClassCallbacks.evaluate(RunAfterTestClassCallbacks.java:70) [spring-test-4.3.5.RELEASE.jar:4.3.5.RELEASE]
	at org.junit.runners.ParentRunner.run(ParentRunner.java:363) [junit-4.12.jar:4.12]
	at org.springframework.test.context.junit4.SpringJUnit4ClassRunner.run(SpringJUnit4ClassRunner.java:191) [spring-test-4.3.5.RELEASE.jar:4.3.5.RELEASE]
	at org.apache.maven.surefire.junit4.JUnit4Provider.execute(JUnit4Provider.java:365) [surefire-junit4-2.20.jar:2.20]
	at org.apache.maven.surefire.junit4.JUnit4Provider.executeWithRerun(JUnit4Provider.java:272) [surefire-junit4-2.20.jar:2.20]
	at org.apache.maven.surefire.junit4.JUnit4Provider.executeTestSet(JUnit4Provider.java:236) [surefire-junit4-2.20.jar:2.20]
	at org.apache.maven.surefire.junit4.JUnit4Provider.invoke(JUnit4Provider.java:159) [surefire-junit4-2.20.jar:2.20]
	at org.apache.maven.surefire.booter.ForkedBooter.invokeProviderInSameClassLoader(ForkedBooter.java:386) [surefire-booter-2.20.jar:2.20]
	at org.apache.maven.surefire.booter.ForkedBooter.runSuitesInProcess(ForkedBooter.java:323) [surefire-booter-2.20.jar:2.20]
	at org.apache.maven.surefire.booter.ForkedBooter.main(ForkedBooter.java:143) [surefire-booter-2.20.jar:2.20]
19:33:17.648 [main] DEBUG o.s.t.c.s.AbstractDirtiesContextTestExecutionListener - After test method: context [DefaultTestContext@3b94bd17 testClass = APILogEntryTest, testInstance = edu.ncsu.csc.itrust2.apitest.APILogEntryTest@3e36879b, testMethod = testLogByDateLarge@APILogEntryTest, testException = org.springframework.web.util.NestedServletException: Request processing failed; nested exception is java.lang.NullPointerException, mergedContextConfiguration = [WebMergedContextConfiguration@36fb90cc testClass = APILogEntryTest, locations = '{}', classes = '{class edu.ncsu.csc.itrust2.config.RootConfiguration, class edu.ncsu.csc.itrust2.mvc.config.WebMvcConfiguration}', contextInitializerClasses = '[]', activeProfiles = '{}', propertySourceLocations = '{}', propertySourceProperties = '{}', contextCustomizers = set[[empty]], resourceBasePath = 'src/main/webapp', contextLoader = 'org.springframework.test.context.web.WebDelegatingSmartContextLoader', parent = [null]]], class annotated with @DirtiesContext [false] with mode [null], method annotated with @DirtiesContext [false] with mode [null].
19:33:17.648 [main] DEBUG o.s.t.c.w.ServletTestExecutionListener - Resetting RequestContextHolder for test context [DefaultTestContext@3b94bd17 testClass = APILogEntryTest, testInstance = edu.ncsu.csc.itrust2.apitest.APILogEntryTest@3e36879b, testMethod = testLogByDateLarge@APILogEntryTest, testException = org.springframework.web.util.NestedServletException: Request processing failed; nested exception is java.lang.NullPointerException, mergedContextConfiguration = [WebMergedContextConfiguration@36fb90cc testClass = APILogEntryTest, locations = '{}', classes = '{class edu.ncsu.csc.itrust2.config.RootConfiguration, class edu.ncsu.csc.itrust2.mvc.config.WebMvcConfiguration}', contextInitializerClasses = '[]', activeProfiles = '{}', propertySourceLocations = '{}', propertySourceProperties = '{}', contextCustomizers = set[[empty]], resourceBasePath = 'src/main/webapp', contextLoader = 'org.springframework.test.context.web.WebDelegatingSmartContextLoader', parent = [null]]].
]]></system-out>
  </testcase>
  <testcase name="testLogByDate" classname="edu.ncsu.csc.itrust2.apitest.APILogEntryTest" time="0.086"/>
</testsuite>