<?xml version="1.0" encoding="UTF-8"?>
<testsuite xmlns:xsi="http://www.w3.org/2001/XMLSchema-instance" xsi:noNamespaceSchemaLocation="https://maven.apache.org/surefire/maven-surefire-plugin/xsd/surefire-test-report.xsd" name="edu.ncsu.csc.itrust2.apitest.APIHospitalTest" time="0.008" tests="2" errors="0" skipped="0" failures="1">
  <properties>
    <property name="java.runtime.name" value="Java(TM) SE Runtime Environment"/>
    <property name="sun.boot.library.path" value="/usr/lib/jvm/java-8-oracle/jre/lib/amd64"/>
    <property name="java.vm.version" value="25.161-b12"/>
    <property name="java.vm.vendor" value="Oracle Corporation"/>
    <property name="maven.multiModuleProjectDirectory" value="/var/lib/jenkins/workspace/iTrust-Fuzz-Job/iTrust2-v2/iTrust/iTrust2"/>
    <property name="java.vendor.url" value="http://java.oracle.com/"/>
    <property name="path.separator" value=":"/>
    <property name="guice.disable.misplaced.annotation.check" value="true"/>
    <property name="java.vm.name" value="Java HotSpot(TM) 64-Bit Server VM"/>
    <property name="file.encoding.pkg" value="sun.io"/>
    <property name="user.country" value="US"/>
    <property name="sun.java.launcher" value="SUN_STANDARD"/>
    <property name="sun.os.patch.level" value="unknown"/>
    <property name="java.vm.specification.name" value="Java Virtual Machine Specification"/>
    <property name="user.dir" value="/var/lib/jenkins/workspace/iTrust-Fuzz-Job/iTrust2-v2/iTrust/iTrust2"/>
    <property name="java.runtime.version" value="1.8.0_161-b12"/>
    <property name="java.awt.graphicsenv" value="sun.awt.X11GraphicsEnvironment"/>
    <property name="java.endorsed.dirs" value="/usr/lib/jvm/java-8-oracle/jre/lib/endorsed"/>
    <property name="os.arch" value="amd64"/>
    <property name="java.io.tmpdir" value="/tmp"/>
    <property name="line.separator" value="&#10;"/>
    <property name="java.vm.specification.vendor" value="Oracle Corporation"/>
    <property name="os.name" value="Linux"/>
    <property name="classworlds.conf" value="/usr/share/maven/bin/m2.conf"/>
    <property name="sun.jnu.encoding" value="UTF-8"/>
    <property name="java.library.path" value="/usr/java/packages/lib/amd64:/usr/lib64:/lib64:/lib:/usr/lib"/>
    <property name="java.specification.name" value="Java Platform API Specification"/>
    <property name="java.class.version" value="52.0"/>
    <property name="sun.management.compiler" value="HotSpot 64-Bit Tiered Compilers"/>
    <property name="os.version" value="4.4.0-116-generic"/>
    <property name="user.home" value="/root"/>
    <property name="user.timezone" value="Etc/UTC"/>
    <property name="java.awt.printerjob" value="sun.print.PSPrinterJob"/>
    <property name="file.encoding" value="UTF-8"/>
    <property name="java.specification.version" value="1.8"/>
    <property name="user.name" value="root"/>
    <property name="java.class.path" value="/usr/share/maven/boot/plexus-classworlds-2.x.jar"/>
    <property name="java.vm.specification.version" value="1.8"/>
    <property name="sun.arch.data.model" value="64"/>
    <property name="java.home" value="/usr/lib/jvm/java-8-oracle/jre"/>
    <property name="sun.java.command" value="org.codehaus.plexus.classworlds.launcher.Launcher clean test verify checkstyle:checkstyle"/>
    <property name="java.specification.vendor" value="Oracle Corporation"/>
    <property name="user.language" value="en"/>
    <property name="awt.toolkit" value="sun.awt.X11.XToolkit"/>
    <property name="java.vm.info" value="mixed mode"/>
    <property name="java.version" value="1.8.0_161"/>
    <property name="java.ext.dirs" value="/usr/lib/jvm/java-8-oracle/jre/lib/ext:/usr/java/packages/lib/ext"/>
    <property name="securerandom.source" value="file:/dev/./urandom"/>
    <property name="sun.boot.class.path" value="/usr/lib/jvm/java-8-oracle/jre/lib/resources.jar:/usr/lib/jvm/java-8-oracle/jre/lib/rt.jar:/usr/lib/jvm/java-8-oracle/jre/lib/sunrsasign.jar:/usr/lib/jvm/java-8-oracle/jre/lib/jsse.jar:/usr/lib/jvm/java-8-oracle/jre/lib/jce.jar:/usr/lib/jvm/java-8-oracle/jre/lib/charsets.jar:/usr/lib/jvm/java-8-oracle/jre/lib/jfr.jar:/usr/lib/jvm/java-8-oracle/jre/classes"/>
    <property name="java.vendor" value="Oracle Corporation"/>
    <property name="maven.home" value="/usr/share/maven"/>
    <property name="file.separator" value="/"/>
    <property name="java.vendor.url.bug" value="http://bugreport.sun.com/bugreport/"/>
    <property name="sun.cpu.endian" value="little"/>
    <property name="sun.io.unicode.encoding" value="UnicodeLittle"/>
    <property name="sun.cpu.isalist" value=""/>
  </properties>
  <testcase name="testGetNonExistentHospital" classname="edu.ncsu.csc.itrust2.apitest.APIHospitalTest" time="0.001"/>
  <testcase name="testHospitalAPI" classname="edu.ncsu.csc.itrust2.apitest.APIHospitalTest" time="0.006">
    <failure message="Status expected:&lt;200&gt; but was:&lt;404&gt;" type="java.lang.AssertionError"><![CDATA[java.lang.AssertionError: Status expected:<200> but was:<404>
	at edu.ncsu.csc.itrust2.apitest.APIHospitalTest.testHospitalAPI(APIHospitalTest.java:81)
]]></failure>
    <system-out><![CDATA[01:12:47.520 [main] DEBUG o.s.t.annotation.ProfileValueUtils - Retrieved @ProfileValueSourceConfiguration [null] for test class [edu.ncsu.csc.itrust2.apitest.APIHospitalTest]
01:12:47.520 [main] DEBUG o.s.t.annotation.ProfileValueUtils - Retrieved ProfileValueSource type [class org.springframework.test.annotation.SystemProfileValueSource] for class [edu.ncsu.csc.itrust2.apitest.APIHospitalTest]
01:12:47.521 [main] DEBUG o.s.t.c.c.DefaultCacheAwareContextLoaderDelegate - Retrieved ApplicationContext from cache with key [[WebMergedContextConfiguration@463b76ba testClass = APIHospitalTest, locations = '{}', classes = '{class edu.ncsu.csc.itrust2.config.RootConfiguration, class edu.ncsu.csc.itrust2.mvc.config.WebMvcConfiguration}', contextInitializerClasses = '[]', activeProfiles = '{}', propertySourceLocations = '{}', propertySourceProperties = '{}', contextCustomizers = set[[empty]], resourceBasePath = 'src/main/webapp', contextLoader = 'org.springframework.test.context.web.WebDelegatingSmartContextLoader', parent = [null]]]
01:12:47.521 [main] DEBUG o.springframework.test.context.cache - Spring test ApplicationContext cache statistics: [DefaultContextCache@2c0b29cf size = 1, maxSize = 32, parentContextCount = 0, hitCount = 39, missCount = 1]
01:12:47.521 [main] DEBUG o.s.t.c.w.ServletTestExecutionListener - Setting up MockHttpServletRequest, MockHttpServletResponse, ServletWebRequest, and RequestContextHolder for test context [DefaultTestContext@bdc9d0a testClass = APIHospitalTest, testInstance = edu.ncsu.csc.itrust2.apitest.APIHospitalTest@42f36684, testMethod = [null], testException = [null], mergedContextConfiguration = [WebMergedContextConfiguration@463b76ba testClass = APIHospitalTest, locations = '{}', classes = '{class edu.ncsu.csc.itrust2.config.RootConfiguration, class edu.ncsu.csc.itrust2.mvc.config.WebMvcConfiguration}', contextInitializerClasses = '[]', activeProfiles = '{}', propertySourceLocations = '{}', propertySourceProperties = '{}', contextCustomizers = set[[empty]], resourceBasePath = 'src/main/webapp', contextLoader = 'org.springframework.test.context.web.WebDelegatingSmartContextLoader', parent = [null]]].
01:12:47.521 [main] DEBUG o.s.t.c.s.DependencyInjectionTestExecutionListener - Performing dependency injection for test context [[DefaultTestContext@bdc9d0a testClass = APIHospitalTest, testInstance = edu.ncsu.csc.itrust2.apitest.APIHospitalTest@42f36684, testMethod = [null], testException = [null], mergedContextConfiguration = [WebMergedContextConfiguration@463b76ba testClass = APIHospitalTest, locations = '{}', classes = '{class edu.ncsu.csc.itrust2.config.RootConfiguration, class edu.ncsu.csc.itrust2.mvc.config.WebMvcConfiguration}', contextInitializerClasses = '[]', activeProfiles = '{}', propertySourceLocations = '{}', propertySourceProperties = '{}', contextCustomizers = set[[empty]], resourceBasePath = 'src/main/webapp', contextLoader = 'org.springframework.test.context.web.WebDelegatingSmartContextLoader', parent = [null]]]].
01:12:47.521 [main] DEBUG o.s.t.c.c.DefaultCacheAwareContextLoaderDelegate - Retrieved ApplicationContext from cache with key [[WebMergedContextConfiguration@463b76ba testClass = APIHospitalTest, locations = '{}', classes = '{class edu.ncsu.csc.itrust2.config.RootConfiguration, class edu.ncsu.csc.itrust2.mvc.config.WebMvcConfiguration}', contextInitializerClasses = '[]', activeProfiles = '{}', propertySourceLocations = '{}', propertySourceProperties = '{}', contextCustomizers = set[[empty]], resourceBasePath = 'src/main/webapp', contextLoader = 'org.springframework.test.context.web.WebDelegatingSmartContextLoader', parent = [null]]]
01:12:47.521 [main] DEBUG o.springframework.test.context.cache - Spring test ApplicationContext cache statistics: [DefaultContextCache@2c0b29cf size = 1, maxSize = 32, parentContextCount = 0, hitCount = 40, missCount = 1]
01:12:47.522 [main] DEBUG o.s.b.f.annotation.InjectionMetadata - Processing injected element of bean 'edu.ncsu.csc.itrust2.apitest.APIHospitalTest': AutowiredFieldElement for private org.springframework.web.context.WebApplicationContext edu.ncsu.csc.itrust2.apitest.APIHospitalTest.context
01:12:47.525 [main] DEBUG o.s.t.c.s.AbstractDirtiesContextTestExecutionListener - Before test method: context [DefaultTestContext@bdc9d0a testClass = APIHospitalTest, testInstance = edu.ncsu.csc.itrust2.apitest.APIHospitalTest@42f36684, testMethod = testHospitalAPI@APIHospitalTest, testException = [null], mergedContextConfiguration = [WebMergedContextConfiguration@463b76ba testClass = APIHospitalTest, locations = '{}', classes = '{class edu.ncsu.csc.itrust2.config.RootConfiguration, class edu.ncsu.csc.itrust2.mvc.config.WebMvcConfiguration}', contextInitializerClasses = '[]', activeProfiles = '{}', propertySourceLocations = '{}', propertySourceProperties = '{}', contextCustomizers = set[[empty]], resourceBasePath = 'src/main/webapp', contextLoader = 'org.springframework.test.context.web.WebDelegatingSmartContextLoader', parent = [null]]], class annotated with @DirtiesContext [false] with mode [null], method annotated with @DirtiesContext [false] with mode [null].
01:12:47.526 [main] DEBUG o.s.t.w.s.TestDispatcherServlet - Initializing servlet ''
01:12:47.526 [main] DEBUG o.s.w.c.s.StandardServletEnvironment - Adding [servletConfigInitParams] PropertySource with lowest search precedence
01:12:47.526 [main] DEBUG o.s.w.c.s.StandardServletEnvironment - Adding [servletContextInitParams] PropertySource with lowest search precedence
01:12:47.526 [main] DEBUG o.s.w.c.s.StandardServletEnvironment - Adding [systemProperties] PropertySource with lowest search precedence
01:12:47.527 [main] DEBUG o.s.w.c.s.StandardServletEnvironment - Adding [systemEnvironment] PropertySource with lowest search precedence
01:12:47.527 [main] DEBUG o.s.w.c.s.StandardServletEnvironment - Initialized StandardServletEnvironment with PropertySources [servletConfigInitParams,servletContextInitParams,systemProperties,systemEnvironment]
01:12:47.527 [main] INFO  o.s.mock.web.MockServletContext - Initializing Spring FrameworkServlet ''
01:12:47.527 [main] INFO  o.s.t.w.s.TestDispatcherServlet - FrameworkServlet '': initialization started
01:12:47.527 [main] DEBUG o.s.t.w.s.TestDispatcherServlet - Unable to locate MultipartResolver with name 'multipartResolver': no multipart request handling provided
01:12:47.528 [main] DEBUG o.s.b.f.s.DefaultListableBeanFactory - Creating instance of bean 'org.springframework.web.servlet.i18n.AcceptHeaderLocaleResolver'
01:12:47.530 [main] DEBUG o.s.b.f.s.DefaultListableBeanFactory - Finished creating instance of bean 'org.springframework.web.servlet.i18n.AcceptHeaderLocaleResolver'
01:12:47.530 [main] DEBUG o.s.t.w.s.TestDispatcherServlet - Unable to locate LocaleResolver with name 'localeResolver': using default [org.springframework.web.servlet.i18n.AcceptHeaderLocaleResolver@1d256b08]
01:12:47.530 [main] DEBUG o.s.b.f.s.DefaultListableBeanFactory - Creating instance of bean 'org.springframework.web.servlet.theme.FixedThemeResolver'
01:12:47.531 [main] DEBUG o.s.b.f.s.DefaultListableBeanFactory - Finished creating instance of bean 'org.springframework.web.servlet.theme.FixedThemeResolver'
01:12:47.531 [main] DEBUG o.s.t.w.s.TestDispatcherServlet - Unable to locate ThemeResolver with name 'themeResolver': using default [org.springframework.web.servlet.theme.FixedThemeResolver@896936d]
01:12:47.532 [main] DEBUG o.s.b.f.s.DefaultListableBeanFactory - Returning cached instance of singleton bean 'requestMappingHandlerMapping'
01:12:47.534 [main] DEBUG o.s.b.f.s.DefaultListableBeanFactory - Returning cached instance of singleton bean 'viewControllerHandlerMapping'
01:12:47.534 [main] DEBUG o.s.b.f.s.DefaultListableBeanFactory - Returning cached instance of singleton bean 'beanNameHandlerMapping'
01:12:47.534 [main] DEBUG o.s.b.f.s.DefaultListableBeanFactory - Returning cached instance of singleton bean 'resourceHandlerMapping'
01:12:47.534 [main] DEBUG o.s.b.f.s.DefaultListableBeanFactory - Returning cached instance of singleton bean 'defaultServletHandlerMapping'
01:12:47.540 [main] DEBUG o.s.b.f.s.DefaultListableBeanFactory - Returning cached instance of singleton bean 'requestMappingHandlerAdapter'
01:12:47.540 [main] DEBUG o.s.b.f.s.DefaultListableBeanFactory - Returning cached instance of singleton bean 'httpRequestHandlerAdapter'
01:12:47.540 [main] DEBUG o.s.b.f.s.DefaultListableBeanFactory - Returning cached instance of singleton bean 'simpleControllerHandlerAdapter'
01:12:47.541 [main] DEBUG o.s.b.f.s.DefaultListableBeanFactory - Returning cached instance of singleton bean 'handlerExceptionResolver'
01:12:47.541 [main] DEBUG o.s.b.f.s.DefaultListableBeanFactory - Creating instance of bean 'org.springframework.web.servlet.view.DefaultRequestToViewNameTranslator'
01:12:47.541 [main] DEBUG o.s.b.f.s.DefaultListableBeanFactory - Finished creating instance of bean 'org.springframework.web.servlet.view.DefaultRequestToViewNameTranslator'
01:12:47.542 [main] DEBUG o.s.t.w.s.TestDispatcherServlet - Unable to locate RequestToViewNameTranslator with name 'viewNameTranslator': using default [org.springframework.web.servlet.view.DefaultRequestToViewNameTranslator@518803bd]
01:12:47.542 [main] DEBUG o.s.b.f.s.DefaultListableBeanFactory - Returning cached instance of singleton bean 'mvcViewResolver'
01:12:47.542 [main] DEBUG o.s.b.f.s.DefaultListableBeanFactory - Returning cached instance of singleton bean 'viewResolver'
01:12:47.543 [main] DEBUG o.s.b.f.s.DefaultListableBeanFactory - Creating instance of bean 'org.springframework.web.servlet.support.SessionFlashMapManager'
01:12:47.543 [main] DEBUG o.s.b.f.s.DefaultListableBeanFactory - Finished creating instance of bean 'org.springframework.web.servlet.support.SessionFlashMapManager'
01:12:47.543 [main] DEBUG o.s.t.w.s.TestDispatcherServlet - Unable to locate FlashMapManager with name 'flashMapManager': using default [org.springframework.web.servlet.support.SessionFlashMapManager@6b11d01f]
01:12:47.543 [main] DEBUG o.s.t.w.s.TestDispatcherServlet - Published WebApplicationContext of servlet '' as ServletContext attribute with name [org.springframework.web.servlet.FrameworkServlet.CONTEXT.]
01:12:47.543 [main] INFO  o.s.t.w.s.TestDispatcherServlet - FrameworkServlet '': initialization completed in 16 ms
01:12:47.543 [main] DEBUG o.s.t.w.s.TestDispatcherServlet - Servlet '' configured successfully
01:12:47.544 [main] DEBUG o.s.t.w.s.TestDispatcherServlet - DispatcherServlet with name '' processing DELETE request for [/api/v1/hospitals]
01:12:47.544 [main] DEBUG o.s.w.s.m.m.a.RequestMappingHandlerMapping - Looking up handler method for path /api/v1/hospitals
01:12:47.546 [main] DEBUG o.s.w.s.m.m.a.ExceptionHandlerExceptionResolver - Resolving exception from handler [null]: org.springframework.web.HttpRequestMethodNotSupportedException: Request method 'DELETE' not supported
01:12:47.546 [main] DEBUG o.s.w.s.m.a.ResponseStatusExceptionResolver - Resolving exception from handler [null]: org.springframework.web.HttpRequestMethodNotSupportedException: Request method 'DELETE' not supported
01:12:47.546 [main] DEBUG o.s.w.s.m.s.DefaultHandlerExceptionResolver - Resolving exception from handler [null]: org.springframework.web.HttpRequestMethodNotSupportedException: Request method 'DELETE' not supported
01:12:47.546 [main] WARN  o.s.web.servlet.PageNotFound - Request method 'DELETE' not supported
01:12:47.546 [main] DEBUG o.s.t.w.s.TestDispatcherServlet - Null ModelAndView returned to DispatcherServlet with name '': assuming HandlerAdapter completed request handling
01:12:47.546 [main] DEBUG o.s.t.w.s.TestDispatcherServlet - Successfully completed request
01:12:47.548 [main] DEBUG o.s.t.w.s.TestDispatcherServlet - DispatcherServlet with name '' processing POST request for [/api/v1/hospitals]
01:12:47.549 [main] DEBUG o.s.w.s.m.m.a.RequestMappingHandlerMapping - Looking up handler method for path /api/v1/hospitals
01:12:47.550 [main] DEBUG o.s.w.s.m.m.a.RequestMappingHandlerMapping - Returning handler method [public org.springframework.http.ResponseEntity edu.ncsu.csc.itrust2.controllers.api.APIHospitalController.createHospital(edu.ncsu.csc.itrust2.forms.admin.HospitalForm)]
01:12:47.551 [main] DEBUG o.s.b.f.s.DefaultListableBeanFactory - Returning cached instance of singleton bean 'APIHospitalController'
01:12:47.552 [main] DEBUG o.s.w.s.m.m.a.RequestResponseBodyMethodProcessor - Read [class edu.ncsu.csc.itrust2.forms.admin.HospitalForm] as "application/json" with [org.springframework.http.converter.json.GsonHttpMessageConverter@5c2b5dfa]
01:12:47.558 [main] DEBUG o.h.e.t.internal.TransactionImpl - begin
01:12:47.560 [main] DEBUG org.hibernate.SQL - select this_.name as name1_4_0_, this_.address as address2_4_0_, this_.state as state3_4_0_, this_.zip as zip4_4_0_ from Hospitals this_ where this_.name=?
Hibernate: select this_.name as name1_4_0_, this_.address as address2_4_0_, this_.state as state3_4_0_, this_.zip as zip4_4_0_ from Hospitals this_ where this_.name=?
01:12:47.562 [main] DEBUG org.hibernate.loader.Loader - Result set row: 0
01:12:47.562 [main] DEBUG org.hibernate.loader.Loader - Result row: EntityKey[edu.ncsu.csc.itrust2.models.persistent.Hospital#iTrust Test Hospital 2]
01:12:47.564 [main] DEBUG o.h.engine.internal.TwoPhaseLoad - Resolving associations for [edu.ncsu.csc.itrust2.models.persistent.Hospital#iTrust Test Hospital 2]
01:12:47.565 [main] DEBUG o.h.engine.internal.TwoPhaseLoad - Done materializing entity [edu.ncsu.csc.itrust2.models.persistent.Hospital#iTrust Test Hospital 2]
01:12:47.567 [main] DEBUG o.h.e.t.internal.TransactionImpl - committing
01:12:47.568 [main] DEBUG o.h.e.i.AbstractFlushingEventListener - Processing flush-time cascades
01:12:47.568 [main] DEBUG o.h.e.i.AbstractFlushingEventListener - Dirty checking collections
01:12:47.569 [main] DEBUG o.h.e.i.AbstractFlushingEventListener - Flushed: 0 insertions, 0 updates, 0 deletions to 1 objects
01:12:47.569 [main] DEBUG o.h.e.i.AbstractFlushingEventListener - Flushed: 0 (re)creations, 0 updates, 0 removals to 0 collections
01:12:47.569 [main] DEBUG o.h.internal.util.EntityPrinter - Listing entities:
01:12:47.569 [main] DEBUG o.h.internal.util.EntityPrinter - edu.ncsu.csc.itrust2.models.persistent.Hospital{zip=27607, address=1 iTrust Test Street, name=iTrust Test Hospital 2, state=NC}
01:12:47.575 [main] DEBUG o.s.w.s.m.m.a.HttpEntityMethodProcessor - Written [{"status":"failed","message":"Hospital with the name iTrust Test Hospital 2 already exists"}] as "text/plain" using [org.springframework.http.converter.StringHttpMessageConverter@50a5b9b5]
01:12:47.576 [main] DEBUG o.s.t.w.s.TestDispatcherServlet - Null ModelAndView returned to DispatcherServlet with name '': assuming HandlerAdapter completed request handling
01:12:47.576 [main] DEBUG o.s.t.w.s.TestDispatcherServlet - Successfully completed request
01:12:47.577 [main] DEBUG o.s.t.w.s.TestDispatcherServlet - DispatcherServlet with name '' processing GET request for [/api/v1/hospitals/iTrust%20Test%20Hospital%202]
01:12:47.578 [main] DEBUG o.s.w.s.m.m.a.RequestMappingHandlerMapping - Looking up handler method for path /api/v1/hospitals/iTrust Test Hospital 2
01:12:47.579 [main] DEBUG o.s.w.s.m.m.a.RequestMappingHandlerMapping - Returning handler method [public org.springframework.http.ResponseEntity edu.ncsu.csc.itrust2.controllers.api.APIHospitalController.getHospital(java.lang.String)]
01:12:47.581 [main] DEBUG o.s.b.f.s.DefaultListableBeanFactory - Returning cached instance of singleton bean 'APIHospitalController'
01:12:47.581 [main] DEBUG o.s.t.w.s.TestDispatcherServlet - Last-Modified value for [/api/v1/hospitals/iTrust%20Test%20Hospital%202] is: -1
01:12:47.582 [main] DEBUG o.h.e.t.internal.TransactionImpl - begin
01:12:47.587 [main] DEBUG org.hibernate.SQL - select this_.name as name1_4_0_, this_.address as address2_4_0_, this_.state as state3_4_0_, this_.zip as zip4_4_0_ from Hospitals this_ where this_.name=?
Hibernate: select this_.name as name1_4_0_, this_.address as address2_4_0_, this_.state as state3_4_0_, this_.zip as zip4_4_0_ from Hospitals this_ where this_.name=?
01:12:47.588 [main] DEBUG org.hibernate.loader.Loader - Result set row: 0
01:12:47.588 [main] DEBUG org.hibernate.loader.Loader - Result row: EntityKey[edu.ncsu.csc.itrust2.models.persistent.Hospital#iTrust Test Hospital 2]
01:12:47.589 [main] DEBUG o.h.engine.internal.TwoPhaseLoad - Resolving associations for [edu.ncsu.csc.itrust2.models.persistent.Hospital#iTrust Test Hospital 2]
01:12:47.589 [main] DEBUG o.h.engine.internal.TwoPhaseLoad - Done materializing entity [edu.ncsu.csc.itrust2.models.persistent.Hospital#iTrust Test Hospital 2]
01:12:47.589 [main] DEBUG o.h.e.t.internal.TransactionImpl - committing
01:12:47.589 [main] DEBUG o.h.e.i.AbstractFlushingEventListener - Processing flush-time cascades
01:12:47.589 [main] DEBUG o.h.e.i.AbstractFlushingEventListener - Dirty checking collections
01:12:47.590 [main] DEBUG o.h.e.i.AbstractFlushingEventListener - Flushed: 0 insertions, 0 updates, 0 deletions to 1 objects
01:12:47.590 [main] DEBUG o.h.e.i.AbstractFlushingEventListener - Flushed: 0 (re)creations, 0 updates, 0 removals to 0 collections
01:12:47.590 [main] DEBUG o.h.internal.util.EntityPrinter - Listing entities:
01:12:47.590 [main] DEBUG o.h.internal.util.EntityPrinter - edu.ncsu.csc.itrust2.models.persistent.Hospital{zip=27607, address=1 iTrust Test Street, name=iTrust Test Hospital 2, state=NC}
01:12:47.590 [main] DEBUG o.h.e.t.internal.TransactionImpl - begin
01:12:47.591 [main] DEBUG org.hibernate.SQL - select next_val as id_val from hibernate_sequence for update
Hibernate: select next_val as id_val from hibernate_sequence for update
01:12:47.591 [main] DEBUG org.hibernate.SQL - update hibernate_sequence set next_val= ? where next_val=?
Hibernate: update hibernate_sequence set next_val= ? where next_val=?
01:12:47.593 [main] DEBUG o.h.e.i.AbstractSaveEventListener - Generated identifier: 531, using strategy: org.hibernate.id.enhanced.SequenceStyleGenerator
01:12:47.593 [main] DEBUG o.h.e.t.internal.TransactionImpl - committing
01:12:47.593 [main] DEBUG o.h.e.i.AbstractFlushingEventListener - Processing flush-time cascades
01:12:47.593 [main] DEBUG o.h.e.i.AbstractFlushingEventListener - Dirty checking collections
01:12:47.594 [main] DEBUG o.h.e.i.AbstractFlushingEventListener - Flushed: 1 insertions, 0 updates, 0 deletions to 1 objects
01:12:47.594 [main] DEBUG o.h.e.i.AbstractFlushingEventListener - Flushed: 0 (re)creations, 0 updates, 0 removals to 0 collections
01:12:47.594 [main] DEBUG o.h.internal.util.EntityPrinter - Listing entities:
01:12:47.594 [main] DEBUG o.h.internal.util.EntityPrinter - edu.ncsu.csc.itrust2.models.persistent.LogEntry{secondaryUser=null, logCode=16, primaryUser=SPRING_API_TEST_USER, id=531, time=java.util.GregorianCalendar[time=1521594767590,areFieldsSet=true,areAllFieldsSet=true,lenient=true,zone=sun.util.calendar.ZoneInfo[id="Etc/UTC",offset=0,dstSavings=0,useDaylight=false,transitions=0,lastRule=null],firstDayOfWeek=1,minimalDaysInFirstWeek=1,ERA=1,YEAR=2018,MONTH=2,WEEK_OF_YEAR=12,WEEK_OF_MONTH=4,DAY_OF_MONTH=21,DAY_OF_YEAR=80,DAY_OF_WEEK=4,DAY_OF_WEEK_IN_MONTH=3,AM_PM=0,HOUR=1,HOUR_OF_DAY=1,MINUTE=12,SECOND=47,MILLISECOND=590,ZONE_OFFSET=0,DST_OFFSET=0], message=null}
01:12:47.595 [main] DEBUG org.hibernate.SQL - insert into LogEntries (logCode, message, primaryUser, secondaryUser, time, id) values (?, ?, ?, ?, ?, ?)
Hibernate: insert into LogEntries (logCode, message, primaryUser, secondaryUser, time, id) values (?, ?, ?, ?, ?, ?)
01:12:47.598 [main] DEBUG o.h.e.j.internal.JdbcCoordinatorImpl - HHH000420: Closing un-released batch
01:12:47.603 [main] DEBUG o.s.w.s.m.m.a.HttpEntityMethodProcessor - Written [edu.ncsu.csc.itrust2.models.persistent.Hospital@667dd4ee] as "application/json" using [org.springframework.http.converter.json.GsonHttpMessageConverter@5c2b5dfa]
01:12:47.604 [main] DEBUG o.s.t.w.s.TestDispatcherServlet - Null ModelAndView returned to DispatcherServlet with name '': assuming HandlerAdapter completed request handling
01:12:47.604 [main] DEBUG o.s.t.w.s.TestDispatcherServlet - Successfully completed request
01:12:47.605 [main] DEBUG o.s.t.w.s.TestDispatcherServlet - DispatcherServlet with name '' processing POST request for [/api/v1/hospitals]
01:12:47.605 [main] DEBUG o.s.w.s.m.m.a.RequestMappingHandlerMapping - Looking up handler method for path /api/v1/hospitals
01:12:47.606 [main] DEBUG o.s.w.s.m.m.a.RequestMappingHandlerMapping - Returning handler method [public org.springframework.http.ResponseEntity edu.ncsu.csc.itrust2.controllers.api.APIHospitalController.createHospital(edu.ncsu.csc.itrust2.forms.admin.HospitalForm)]
01:12:47.606 [main] DEBUG o.s.b.f.s.DefaultListableBeanFactory - Returning cached instance of singleton bean 'APIHospitalController'
01:12:47.606 [main] DEBUG o.s.w.s.m.m.a.RequestResponseBodyMethodProcessor - Read [class edu.ncsu.csc.itrust2.forms.admin.HospitalForm] as "application/json" with [org.springframework.http.converter.json.GsonHttpMessageConverter@5c2b5dfa]
01:12:47.607 [main] DEBUG o.h.e.t.internal.TransactionImpl - begin
01:12:47.607 [main] DEBUG org.hibernate.SQL - select this_.name as name1_4_0_, this_.address as address2_4_0_, this_.state as state3_4_0_, this_.zip as zip4_4_0_ from Hospitals this_ where this_.name=?
Hibernate: select this_.name as name1_4_0_, this_.address as address2_4_0_, this_.state as state3_4_0_, this_.zip as zip4_4_0_ from Hospitals this_ where this_.name=?
01:12:47.609 [main] DEBUG org.hibernate.loader.Loader - Result set row: 0
01:12:47.609 [main] DEBUG org.hibernate.loader.Loader - Result row: EntityKey[edu.ncsu.csc.itrust2.models.persistent.Hospital#iTrust Test Hospital 2]
01:12:47.610 [main] DEBUG o.h.engine.internal.TwoPhaseLoad - Resolving associations for [edu.ncsu.csc.itrust2.models.persistent.Hospital#iTrust Test Hospital 2]
01:12:47.610 [main] DEBUG o.h.engine.internal.TwoPhaseLoad - Done materializing entity [edu.ncsu.csc.itrust2.models.persistent.Hospital#iTrust Test Hospital 2]
01:12:47.611 [main] DEBUG o.h.e.t.internal.TransactionImpl - committing
01:12:47.612 [main] DEBUG o.h.e.i.AbstractFlushingEventListener - Processing flush-time cascades
01:12:47.612 [main] DEBUG o.h.e.i.AbstractFlushingEventListener - Dirty checking collections
01:12:47.612 [main] DEBUG o.h.e.i.AbstractFlushingEventListener - Flushed: 0 insertions, 0 updates, 0 deletions to 1 objects
01:12:47.612 [main] DEBUG o.h.e.i.AbstractFlushingEventListener - Flushed: 0 (re)creations, 0 updates, 0 removals to 0 collections
01:12:47.612 [main] DEBUG o.h.internal.util.EntityPrinter - Listing entities:
01:12:47.613 [main] DEBUG o.h.internal.util.EntityPrinter - edu.ncsu.csc.itrust2.models.persistent.Hospital{zip=27607, address=1 iTrust Test Street, name=iTrust Test Hospital 2, state=NC}
01:12:47.616 [main] DEBUG o.s.w.s.m.m.a.HttpEntityMethodProcessor - Written [{"status":"failed","message":"Hospital with the name iTrust Test Hospital 2 already exists"}] as "text/plain" using [org.springframework.http.converter.StringHttpMessageConverter@50a5b9b5]
01:12:47.616 [main] DEBUG o.s.t.w.s.TestDispatcherServlet - Null ModelAndView returned to DispatcherServlet with name '': assuming HandlerAdapter completed request handling
01:12:47.616 [main] DEBUG o.s.t.w.s.TestDispatcherServlet - Successfully completed request
01:12:47.617 [main] DEBUG o.s.t.w.s.TestDispatcherServlet - DispatcherServlet with name '' processing PUT request for [/api/v1/hospitals/iTrust%20Test%20Hospital%202]
01:12:47.618 [main] DEBUG o.s.w.s.m.m.a.RequestMappingHandlerMapping - Looking up handler method for path /api/v1/hospitals/iTrust Test Hospital 2
01:12:47.619 [main] DEBUG o.s.w.s.m.m.a.RequestMappingHandlerMapping - Returning handler method [public org.springframework.http.ResponseEntity edu.ncsu.csc.itrust2.controllers.api.APIHospitalController.updateHospital(java.lang.String,edu.ncsu.csc.itrust2.forms.admin.HospitalForm)]
01:12:47.620 [main] DEBUG o.s.b.f.s.DefaultListableBeanFactory - Returning cached instance of singleton bean 'APIHospitalController'
01:12:47.640 [main] DEBUG o.s.w.s.m.m.a.RequestResponseBodyMethodProcessor - Read [class edu.ncsu.csc.itrust2.forms.admin.HospitalForm] as "application/json" with [org.springframework.http.converter.json.GsonHttpMessageConverter@5c2b5dfa]
01:12:47.640 [main] DEBUG o.h.e.t.internal.TransactionImpl - begin
01:12:47.641 [main] DEBUG org.hibernate.SQL - select this_.name as name1_4_0_, this_.address as address2_4_0_, this_.state as state3_4_0_, this_.zip as zip4_4_0_ from Hospitals this_ where this_.name=?
Hibernate: select this_.name as name1_4_0_, this_.address as address2_4_0_, this_.state as state3_4_0_, this_.zip as zip4_4_0_ from Hospitals this_ where this_.name=?
01:12:47.642 [main] DEBUG org.hibernate.loader.Loader - Result set row: 0
01:12:47.642 [main] DEBUG org.hibernate.loader.Loader - Result row: EntityKey[edu.ncsu.csc.itrust2.models.persistent.Hospital#iTrust Test Hospital 2]
01:12:47.643 [main] DEBUG o.h.engine.internal.TwoPhaseLoad - Resolving associations for [edu.ncsu.csc.itrust2.models.persistent.Hospital#iTrust Test Hospital 2]
01:12:47.643 [main] DEBUG o.h.engine.internal.TwoPhaseLoad - Done materializing entity [edu.ncsu.csc.itrust2.models.persistent.Hospital#iTrust Test Hospital 2]
01:12:47.643 [main] DEBUG o.h.e.t.internal.TransactionImpl - committing
01:12:47.643 [main] DEBUG o.h.e.i.AbstractFlushingEventListener - Processing flush-time cascades
01:12:47.643 [main] DEBUG o.h.e.i.AbstractFlushingEventListener - Dirty checking collections
01:12:47.643 [main] DEBUG o.h.e.i.AbstractFlushingEventListener - Flushed: 0 insertions, 0 updates, 0 deletions to 1 objects
01:12:47.643 [main] DEBUG o.h.e.i.AbstractFlushingEventListener - Flushed: 0 (re)creations, 0 updates, 0 removals to 0 collections
01:12:47.643 [main] DEBUG o.h.internal.util.EntityPrinter - Listing entities:
01:12:47.643 [main] DEBUG o.h.internal.util.EntityPrinter - edu.ncsu.csc.itrust2.models.persistent.Hospital{zip=27607, address=1 iTrust Test Street, name=iTrust Test Hospital 2, state=NC}
01:12:47.644 [main] DEBUG o.s.w.s.m.m.a.HttpEntityMethodProcessor - Written [{"status":"failed","message":"No hospital found for name iTrust Test Hospital 2"}] as "text/plain" using [org.springframework.http.converter.StringHttpMessageConverter@50a5b9b5]
01:12:47.644 [main] DEBUG o.s.t.w.s.TestDispatcherServlet - Null ModelAndView returned to DispatcherServlet with name '': assuming HandlerAdapter completed request handling
01:12:47.644 [main] DEBUG o.s.t.w.s.TestDispatcherServlet - Successfully completed request
01:12:47.645 [main] DEBUG o.s.t.c.s.AbstractDirtiesContextTestExecutionListener - After test method: context [DefaultTestContext@bdc9d0a testClass = APIHospitalTest, testInstance = edu.ncsu.csc.itrust2.apitest.APIHospitalTest@42f36684, testMethod = testHospitalAPI@APIHospitalTest, testException = java.lang.AssertionError: Status expected:<200> but was:<404>, mergedContextConfiguration = [WebMergedContextConfiguration@463b76ba testClass = APIHospitalTest, locations = '{}', classes = '{class edu.ncsu.csc.itrust2.config.RootConfiguration, class edu.ncsu.csc.itrust2.mvc.config.WebMvcConfiguration}', contextInitializerClasses = '[]', activeProfiles = '{}', propertySourceLocations = '{}', propertySourceProperties = '{}', contextCustomizers = set[[empty]], resourceBasePath = 'src/main/webapp', contextLoader = 'org.springframework.test.context.web.WebDelegatingSmartContextLoader', parent = [null]]], class annotated with @DirtiesContext [false] with mode [null], method annotated with @DirtiesContext [false] with mode [null].
01:12:47.645 [main] DEBUG o.s.t.c.w.ServletTestExecutionListener - Resetting RequestContextHolder for test context [DefaultTestContext@bdc9d0a testClass = APIHospitalTest, testInstance = edu.ncsu.csc.itrust2.apitest.APIHospitalTest@42f36684, testMethod = testHospitalAPI@APIHospitalTest, testException = java.lang.AssertionError: Status expected:<200> but was:<404>, mergedContextConfiguration = [WebMergedContextConfiguration@463b76ba testClass = APIHospitalTest, locations = '{}', classes = '{class edu.ncsu.csc.itrust2.config.RootConfiguration, class edu.ncsu.csc.itrust2.mvc.config.WebMvcConfiguration}', contextInitializerClasses = '[]', activeProfiles = '{}', propertySourceLocations = '{}', propertySourceProperties = '{}', contextCustomizers = set[[empty]], resourceBasePath = 'src/main/webapp', contextLoader = 'org.springframework.test.context.web.WebDelegatingSmartContextLoader', parent = [null]]].
]]></system-out>
    <system-err><![CDATA[HOSPITALS
HOSPITALS
]]></system-err>
  </testcase>
</testsuite>