<?xml version="1.0" encoding="UTF-8"?>
<testsuite xmlns:xsi="http://www.w3.org/2001/XMLSchema-instance" xsi:noNamespaceSchemaLocation="https://maven.apache.org/surefire/maven-surefire-plugin/xsd/surefire-test-report.xsd" name="edu.ncsu.csc.itrust2.apitest.APIPersonnelTest" time="12.13" tests="2" errors="0" skipped="0" failures="2">
  <properties>
    <property name="java.runtime.name" value="Java(TM) SE Runtime Environment"/>
    <property name="sun.boot.library.path" value="/usr/lib/jvm/java-8-oracle/jre/lib/amd64"/>
    <property name="java.vm.version" value="25.161-b12"/>
    <property name="java.vm.vendor" value="Oracle Corporation"/>
    <property name="maven.multiModuleProjectDirectory" value="/var/lib/jenkins/workspace/iTrust-Fuzz-Job/iTrust2-v2/iTrust/iTrust2"/>
    <property name="java.vendor.url" value="http://java.oracle.com/"/>
    <property name="path.separator" value=":"/>
    <property name="guice.disable.misplaced.annotation.check" value="true"/>
    <property name="java.vm.name" value="Java HotSpot(TM) 64-Bit Server VM"/>
    <property name="file.encoding.pkg" value="sun.io"/>
    <property name="user.country" value="US"/>
    <property name="sun.java.launcher" value="SUN_STANDARD"/>
    <property name="sun.os.patch.level" value="unknown"/>
    <property name="java.vm.specification.name" value="Java Virtual Machine Specification"/>
    <property name="user.dir" value="/var/lib/jenkins/workspace/iTrust-Fuzz-Job/iTrust2-v2/iTrust/iTrust2"/>
    <property name="java.runtime.version" value="1.8.0_161-b12"/>
    <property name="java.awt.graphicsenv" value="sun.awt.X11GraphicsEnvironment"/>
    <property name="java.endorsed.dirs" value="/usr/lib/jvm/java-8-oracle/jre/lib/endorsed"/>
    <property name="os.arch" value="amd64"/>
    <property name="java.io.tmpdir" value="/tmp"/>
    <property name="line.separator" value="&#10;"/>
    <property name="java.vm.specification.vendor" value="Oracle Corporation"/>
    <property name="os.name" value="Linux"/>
    <property name="classworlds.conf" value="/usr/share/maven/bin/m2.conf"/>
    <property name="sun.jnu.encoding" value="UTF-8"/>
    <property name="java.library.path" value="/usr/java/packages/lib/amd64:/usr/lib64:/lib64:/lib:/usr/lib"/>
    <property name="java.specification.name" value="Java Platform API Specification"/>
    <property name="java.class.version" value="52.0"/>
    <property name="sun.management.compiler" value="HotSpot 64-Bit Tiered Compilers"/>
    <property name="os.version" value="4.4.0-116-generic"/>
    <property name="user.home" value="/root"/>
    <property name="user.timezone" value="Etc/UTC"/>
    <property name="java.awt.printerjob" value="sun.print.PSPrinterJob"/>
    <property name="file.encoding" value="UTF-8"/>
    <property name="java.specification.version" value="1.8"/>
    <property name="user.name" value="root"/>
    <property name="java.class.path" value="/usr/share/maven/boot/plexus-classworlds-2.x.jar"/>
    <property name="java.vm.specification.version" value="1.8"/>
    <property name="sun.arch.data.model" value="64"/>
    <property name="java.home" value="/usr/lib/jvm/java-8-oracle/jre"/>
    <property name="sun.java.command" value="org.codehaus.plexus.classworlds.launcher.Launcher clean test verify checkstyle:checkstyle"/>
    <property name="java.specification.vendor" value="Oracle Corporation"/>
    <property name="user.language" value="en"/>
    <property name="awt.toolkit" value="sun.awt.X11.XToolkit"/>
    <property name="java.vm.info" value="mixed mode"/>
    <property name="java.version" value="1.8.0_161"/>
    <property name="java.ext.dirs" value="/usr/lib/jvm/java-8-oracle/jre/lib/ext:/usr/java/packages/lib/ext"/>
    <property name="securerandom.source" value="file:/dev/./urandom"/>
    <property name="sun.boot.class.path" value="/usr/lib/jvm/java-8-oracle/jre/lib/resources.jar:/usr/lib/jvm/java-8-oracle/jre/lib/rt.jar:/usr/lib/jvm/java-8-oracle/jre/lib/sunrsasign.jar:/usr/lib/jvm/java-8-oracle/jre/lib/jsse.jar:/usr/lib/jvm/java-8-oracle/jre/lib/jce.jar:/usr/lib/jvm/java-8-oracle/jre/lib/charsets.jar:/usr/lib/jvm/java-8-oracle/jre/lib/jfr.jar:/usr/lib/jvm/java-8-oracle/jre/classes"/>
    <property name="java.vendor" value="Oracle Corporation"/>
    <property name="maven.home" value="/usr/share/maven"/>
    <property name="file.separator" value="/"/>
    <property name="java.vendor.url.bug" value="http://bugreport.sun.com/bugreport/"/>
    <property name="sun.cpu.endian" value="little"/>
    <property name="sun.io.unicode.encoding" value="UnicodeLittle"/>
    <property name="sun.cpu.isalist" value=""/>
  </properties>
  <testcase name="testGetNonExistentPersonnel" classname="edu.ncsu.csc.itrust2.apitest.APIPersonnelTest" time="5.583">
    <failure message="Status expected:&lt;404&gt; but was:&lt;200&gt;" type="java.lang.AssertionError"><![CDATA[java.lang.AssertionError: Status expected:<404> but was:<200>
	at edu.ncsu.csc.itrust2.apitest.APIPersonnelTest.testGetNonExistentPersonnel(APIPersonnelTest.java:61)
]]></failure>
    <system-out><![CDATA[03:44:38.038 [main] DEBUG o.s.t.c.j.SpringJUnit4ClassRunner - SpringJUnit4ClassRunner constructor called with [class edu.ncsu.csc.itrust2.apitest.APIPersonnelTest]
03:44:38.051 [main] DEBUG o.s.test.context.BootstrapUtils - Instantiating CacheAwareContextLoaderDelegate from class [org.springframework.test.context.cache.DefaultCacheAwareContextLoaderDelegate]
03:44:38.065 [main] DEBUG o.s.test.context.BootstrapUtils - Instantiating BootstrapContext using constructor [public org.springframework.test.context.support.DefaultBootstrapContext(java.lang.Class,org.springframework.test.context.CacheAwareContextLoaderDelegate)]
03:44:38.095 [main] DEBUG o.s.test.context.BootstrapUtils - Instantiating TestContextBootstrapper for test class [edu.ncsu.csc.itrust2.apitest.APIPersonnelTest] from class [org.springframework.test.context.web.WebTestContextBootstrapper]
03:44:38.137 [main] DEBUG o.s.t.c.s.AbstractDelegatingSmartContextLoader - Delegating to AnnotationConfigWebContextLoader to process context configuration [ContextConfigurationAttributes@32f0c7f8 declaringClass = 'edu.ncsu.csc.itrust2.apitest.APIPersonnelTest', classes = '{class edu.ncsu.csc.itrust2.config.RootConfiguration, class edu.ncsu.csc.itrust2.mvc.config.WebMvcConfiguration}', locations = '{}', inheritLocations = true, initializers = '{}', inheritInitializers = true, name = [null], contextLoaderClass = 'org.springframework.test.context.ContextLoader'].
03:44:38.170 [main] DEBUG o.s.t.c.support.ActiveProfilesUtils - Could not find an 'annotation declaring class' for annotation type [org.springframework.test.context.ActiveProfiles] and class [edu.ncsu.csc.itrust2.apitest.APIPersonnelTest]
03:44:38.172 [main] DEBUG o.s.t.c.w.WebTestContextBootstrapper - @TestExecutionListeners is not present for class [edu.ncsu.csc.itrust2.apitest.APIPersonnelTest]: using defaults.
03:44:38.174 [main] INFO  o.s.t.c.w.WebTestContextBootstrapper - Loaded default TestExecutionListener class names from location [META-INF/spring.factories]: [org.springframework.security.test.context.support.WithSecurityContextTestExecutionListener, org.springframework.test.context.web.ServletTestExecutionListener, org.springframework.test.context.support.DirtiesContextBeforeModesTestExecutionListener, org.springframework.test.context.support.DependencyInjectionTestExecutionListener, org.springframework.test.context.support.DirtiesContextTestExecutionListener, org.springframework.test.context.transaction.TransactionalTestExecutionListener, org.springframework.test.context.jdbc.SqlScriptsTestExecutionListener]
03:44:38.198 [main] INFO  o.s.t.c.w.WebTestContextBootstrapper - Using TestExecutionListeners: [org.springframework.test.context.web.ServletTestExecutionListener@51841ac6, org.springframework.test.context.support.DirtiesContextBeforeModesTestExecutionListener@5ba26eb0, org.springframework.test.context.support.DependencyInjectionTestExecutionListener@435e60ff, org.springframework.test.context.support.DirtiesContextTestExecutionListener@17d32e9b, org.springframework.test.context.transaction.TransactionalTestExecutionListener@66f0548d, org.springframework.test.context.jdbc.SqlScriptsTestExecutionListener@2e6f610d, org.springframework.security.test.context.support.WithSecurityContextTestExecutionListener@1e86a5a7]
03:44:38.202 [main] DEBUG o.s.t.annotation.ProfileValueUtils - Retrieved @ProfileValueSourceConfiguration [null] for test class [edu.ncsu.csc.itrust2.apitest.APIPersonnelTest]
03:44:38.203 [main] DEBUG o.s.t.annotation.ProfileValueUtils - Retrieved ProfileValueSource type [class org.springframework.test.annotation.SystemProfileValueSource] for class [edu.ncsu.csc.itrust2.apitest.APIPersonnelTest]
03:44:38.204 [main] DEBUG o.s.t.annotation.ProfileValueUtils - Retrieved @ProfileValueSourceConfiguration [null] for test class [edu.ncsu.csc.itrust2.apitest.APIPersonnelTest]
03:44:38.205 [main] DEBUG o.s.t.annotation.ProfileValueUtils - Retrieved ProfileValueSource type [class org.springframework.test.annotation.SystemProfileValueSource] for class [edu.ncsu.csc.itrust2.apitest.APIPersonnelTest]
03:44:38.208 [main] DEBUG o.s.t.annotation.ProfileValueUtils - Retrieved @ProfileValueSourceConfiguration [null] for test class [edu.ncsu.csc.itrust2.apitest.APIPersonnelTest]
03:44:38.209 [main] DEBUG o.s.t.annotation.ProfileValueUtils - Retrieved ProfileValueSource type [class org.springframework.test.annotation.SystemProfileValueSource] for class [edu.ncsu.csc.itrust2.apitest.APIPersonnelTest]
03:44:38.214 [main] DEBUG o.s.t.c.s.AbstractDirtiesContextTestExecutionListener - Before test class: context [DefaultTestContext@70c53dbe testClass = APIPersonnelTest, testInstance = [null], testMethod = [null], testException = [null], mergedContextConfiguration = [WebMergedContextConfiguration@1894e40d testClass = APIPersonnelTest, locations = '{}', classes = '{class edu.ncsu.csc.itrust2.config.RootConfiguration, class edu.ncsu.csc.itrust2.mvc.config.WebMvcConfiguration}', contextInitializerClasses = '[]', activeProfiles = '{}', propertySourceLocations = '{}', propertySourceProperties = '{}', contextCustomizers = set[[empty]], resourceBasePath = 'src/main/webapp', contextLoader = 'org.springframework.test.context.web.WebDelegatingSmartContextLoader', parent = [null]]], class annotated with @DirtiesContext [false] with mode [null].
03:44:38.216 [main] DEBUG o.s.t.annotation.ProfileValueUtils - Retrieved @ProfileValueSourceConfiguration [null] for test class [edu.ncsu.csc.itrust2.apitest.APIPersonnelTest]
03:44:38.216 [main] DEBUG o.s.t.annotation.ProfileValueUtils - Retrieved ProfileValueSource type [class org.springframework.test.annotation.SystemProfileValueSource] for class [edu.ncsu.csc.itrust2.apitest.APIPersonnelTest]
03:44:38.220 [main] DEBUG o.s.t.c.s.AbstractDelegatingSmartContextLoader - Delegating to AnnotationConfigWebContextLoader to load context from [WebMergedContextConfiguration@1894e40d testClass = APIPersonnelTest, locations = '{}', classes = '{class edu.ncsu.csc.itrust2.config.RootConfiguration, class edu.ncsu.csc.itrust2.mvc.config.WebMvcConfiguration}', contextInitializerClasses = '[]', activeProfiles = '{}', propertySourceLocations = '{}', propertySourceProperties = '{}', contextCustomizers = set[[empty]], resourceBasePath = 'src/main/webapp', contextLoader = 'org.springframework.test.context.web.WebDelegatingSmartContextLoader', parent = [null]].
03:44:38.221 [main] DEBUG o.s.t.c.w.AbstractGenericWebContextLoader - Loading WebApplicationContext for merged context configuration [WebMergedContextConfiguration@1894e40d testClass = APIPersonnelTest, locations = '{}', classes = '{class edu.ncsu.csc.itrust2.config.RootConfiguration, class edu.ncsu.csc.itrust2.mvc.config.WebMvcConfiguration}', contextInitializerClasses = '[]', activeProfiles = '{}', propertySourceLocations = '{}', propertySourceProperties = '{}', contextCustomizers = set[[empty]], resourceBasePath = 'src/main/webapp', contextLoader = 'org.springframework.test.context.web.WebDelegatingSmartContextLoader', parent = [null]].
03:44:38.343 [main] DEBUG o.s.w.c.s.StandardServletEnvironment - Adding [servletConfigInitParams] PropertySource with lowest search precedence
03:44:38.344 [main] DEBUG o.s.w.c.s.StandardServletEnvironment - Adding [servletContextInitParams] PropertySource with lowest search precedence
03:44:38.351 [main] DEBUG o.s.w.c.s.StandardServletEnvironment - Adding [systemProperties] PropertySource with lowest search precedence
03:44:38.353 [main] DEBUG o.s.w.c.s.StandardServletEnvironment - Adding [systemEnvironment] PropertySource with lowest search precedence
03:44:38.354 [main] DEBUG o.s.w.c.s.StandardServletEnvironment - Initialized StandardServletEnvironment with PropertySources [servletConfigInitParams,servletContextInitParams,systemProperties,systemEnvironment]
03:44:38.354 [main] DEBUG o.s.t.c.w.AnnotationConfigWebContextLoader - Registering annotated classes: {class edu.ncsu.csc.itrust2.config.RootConfiguration, class edu.ncsu.csc.itrust2.mvc.config.WebMvcConfiguration}
03:44:38.467 [main] INFO  o.s.w.c.s.GenericWebApplicationContext - Refreshing org.springframework.web.context.support.GenericWebApplicationContext@a098d76: startup date [Wed Mar 21 03:44:38 UTC 2018]; root of context hierarchy
03:44:38.471 [main] DEBUG o.s.w.c.s.StandardServletEnvironment - Replacing [servletContextInitParams] PropertySource with [servletContextInitParams]
03:44:38.472 [main] DEBUG o.s.w.c.s.GenericWebApplicationContext - Bean factory for org.springframework.web.context.support.GenericWebApplicationContext@a098d76: org.springframework.beans.factory.support.DefaultListableBeanFactory@14b528b6: defining beans [org.springframework.context.annotation.internalConfigurationAnnotationProcessor,org.springframework.context.annotation.internalAutowiredAnnotationProcessor,org.springframework.context.annotation.internalRequiredAnnotationProcessor,org.springframework.context.annotation.internalCommonAnnotationProcessor,org.springframework.context.annotation.internalPersistenceAnnotationProcessor,org.springframework.context.event.internalEventListenerProcessor,org.springframework.context.event.internalEventListenerFactory,rootConfiguration,webMvcConfiguration]; root of factory hierarchy
03:44:38.493 [main] DEBUG o.s.b.f.s.DefaultListableBeanFactory - Registering scope 'request' with implementation [org.springframework.web.context.request.RequestScope@1cd2143b]
03:44:38.496 [main] DEBUG o.s.b.f.s.DefaultListableBeanFactory - Registering scope 'session' with implementation [org.springframework.web.context.request.SessionScope@57186526]
03:44:38.496 [main] DEBUG o.s.b.f.s.DefaultListableBeanFactory - Registering scope 'globalSession' with implementation [org.springframework.web.context.request.SessionScope@391d1e33]
03:44:38.498 [main] DEBUG o.s.b.f.s.DefaultListableBeanFactory - Registering scope 'application' with implementation [org.springframework.web.context.support.ServletContextScope@615efd1c]
03:44:38.517 [main] DEBUG o.s.b.f.s.DefaultListableBeanFactory - Creating shared instance of singleton bean 'org.springframework.context.annotation.internalConfigurationAnnotationProcessor'
03:44:38.518 [main] DEBUG o.s.b.f.s.DefaultListableBeanFactory - Creating instance of bean 'org.springframework.context.annotation.internalConfigurationAnnotationProcessor'
03:44:38.575 [main] DEBUG o.s.b.f.s.DefaultListableBeanFactory - Eagerly caching bean 'org.springframework.context.annotation.internalConfigurationAnnotationProcessor' to allow for resolving potential circular references
03:44:38.581 [main] DEBUG o.s.b.f.s.DefaultListableBeanFactory - Finished creating instance of bean 'org.springframework.context.annotation.internalConfigurationAnnotationProcessor'
03:44:38.641 [main] DEBUG o.s.core.env.StandardEnvironment - Adding [systemProperties] PropertySource with lowest search precedence
03:44:38.642 [main] DEBUG o.s.core.env.StandardEnvironment - Adding [systemEnvironment] PropertySource with lowest search precedence
03:44:38.643 [main] DEBUG o.s.core.env.StandardEnvironment - Initialized StandardEnvironment with PropertySources [systemProperties,systemEnvironment]
03:44:38.652 [main] DEBUG o.s.c.i.s.PathMatchingResourcePatternResolver - Resolved classpath location [edu/ncsu/csc/itrust2/config/] to resources [URL [file:/var/lib/jenkins/workspace/iTrust-Fuzz-Job/iTrust2-v2/iTrust/iTrust2/target/classes/edu/ncsu/csc/itrust2/config/]]
03:44:38.656 [main] DEBUG o.s.c.i.s.PathMatchingResourcePatternResolver - Looking for matching resources in directory tree [/var/lib/jenkins/workspace/iTrust-Fuzz-Job/iTrust2-v2/iTrust/iTrust2/target/classes/edu/ncsu/csc/itrust2/config]
03:44:38.657 [main] DEBUG o.s.c.i.s.PathMatchingResourcePatternResolver - Searching directory [/var/lib/jenkins/workspace/iTrust-Fuzz-Job/iTrust2-v2/iTrust/iTrust2/target/classes/edu/ncsu/csc/itrust2/config] for files matching pattern [/var/lib/jenkins/workspace/iTrust-Fuzz-Job/iTrust2-v2/iTrust/iTrust2/target/classes/edu/ncsu/csc/itrust2/config/**/*.class]
03:44:38.668 [main] DEBUG o.s.c.i.s.PathMatchingResourcePatternResolver - Resolved location pattern [classpath*:edu/ncsu/csc/itrust2/config/**/*.class] to resources [file [/var/lib/jenkins/workspace/iTrust-Fuzz-Job/iTrust2-v2/iTrust/iTrust2/target/classes/edu/ncsu/csc/itrust2/config/ContextListener.class], file [/var/lib/jenkins/workspace/iTrust-Fuzz-Job/iTrust2-v2/iTrust/iTrust2/target/classes/edu/ncsu/csc/itrust2/config/DataConfiguration.class], file [/var/lib/jenkins/workspace/iTrust-Fuzz-Job/iTrust2-v2/iTrust/iTrust2/target/classes/edu/ncsu/csc/itrust2/config/FailureHandler.class], file [/var/lib/jenkins/workspace/iTrust-Fuzz-Job/iTrust2-v2/iTrust/iTrust2/target/classes/edu/ncsu/csc/itrust2/config/IPFilter.class], file [/var/lib/jenkins/workspace/iTrust-Fuzz-Job/iTrust2-v2/iTrust/iTrust2/target/classes/edu/ncsu/csc/itrust2/config/ITrust2ApplicationInitializer.class], file [/var/lib/jenkins/workspace/iTrust-Fuzz-Job/iTrust2-v2/iTrust/iTrust2/target/classes/edu/ncsu/csc/itrust2/config/ITrust2WebApplicationInitializer.class], file [/var/lib/jenkins/workspace/iTrust-Fuzz-Job/iTrust2-v2/iTrust/iTrust2/target/classes/edu/ncsu/csc/itrust2/config/LoginAuditingListener.class], file [/var/lib/jenkins/workspace/iTrust-Fuzz-Job/iTrust2-v2/iTrust/iTrust2/target/classes/edu/ncsu/csc/itrust2/config/RootConfiguration.class], file [/var/lib/jenkins/workspace/iTrust-Fuzz-Job/iTrust2-v2/iTrust/iTrust2/target/classes/edu/ncsu/csc/itrust2/config/SecurityConfig.class]]
03:44:38.737 [main] DEBUG o.s.c.a.ClassPathBeanDefinitionScanner - Identified candidate component class: file [/var/lib/jenkins/workspace/iTrust-Fuzz-Job/iTrust2-v2/iTrust/iTrust2/target/classes/edu/ncsu/csc/itrust2/config/DataConfiguration.class]
03:44:38.749 [main] DEBUG o.s.c.a.ClassPathBeanDefinitionScanner - Identified candidate component class: file [/var/lib/jenkins/workspace/iTrust-Fuzz-Job/iTrust2-v2/iTrust/iTrust2/target/classes/edu/ncsu/csc/itrust2/config/LoginAuditingListener.class]
03:44:38.758 [main] DEBUG o.s.c.a.ClassPathBeanDefinitionScanner - Identified candidate component class: file [/var/lib/jenkins/workspace/iTrust-Fuzz-Job/iTrust2-v2/iTrust/iTrust2/target/classes/edu/ncsu/csc/itrust2/config/SecurityConfig.class]
03:44:38.852 [main] DEBUG o.s.core.env.StandardEnvironment - Adding [systemProperties] PropertySource with lowest search precedence
03:44:38.859 [main] DEBUG o.s.core.env.StandardEnvironment - Adding [systemEnvironment] PropertySource with lowest search precedence
03:44:38.860 [main] DEBUG o.s.core.env.StandardEnvironment - Initialized StandardEnvironment with PropertySources [systemProperties,systemEnvironment]
03:44:38.864 [main] DEBUG o.s.c.i.s.PathMatchingResourcePatternResolver - Resolved classpath location [edu/ncsu/csc/itrust2/controllers/] to resources [URL [file:/var/lib/jenkins/workspace/iTrust-Fuzz-Job/iTrust2-v2/iTrust/iTrust2/target/classes/edu/ncsu/csc/itrust2/controllers/]]
03:44:38.865 [main] DEBUG o.s.c.i.s.PathMatchingResourcePatternResolver - Looking for matching resources in directory tree [/var/lib/jenkins/workspace/iTrust-Fuzz-Job/iTrust2-v2/iTrust/iTrust2/target/classes/edu/ncsu/csc/itrust2/controllers]
03:44:38.866 [main] DEBUG o.s.c.i.s.PathMatchingResourcePatternResolver - Searching directory [/var/lib/jenkins/workspace/iTrust-Fuzz-Job/iTrust2-v2/iTrust/iTrust2/target/classes/edu/ncsu/csc/itrust2/controllers] for files matching pattern [/var/lib/jenkins/workspace/iTrust-Fuzz-Job/iTrust2-v2/iTrust/iTrust2/target/classes/edu/ncsu/csc/itrust2/controllers/**/*.class]
03:44:38.866 [main] DEBUG o.s.c.i.s.PathMatchingResourcePatternResolver - Searching directory [/var/lib/jenkins/workspace/iTrust-Fuzz-Job/iTrust2-v2/iTrust/iTrust2/target/classes/edu/ncsu/csc/itrust2/controllers/admin] for files matching pattern [/var/lib/jenkins/workspace/iTrust-Fuzz-Job/iTrust2-v2/iTrust/iTrust2/target/classes/edu/ncsu/csc/itrust2/controllers/**/*.class]
03:44:38.868 [main] DEBUG o.s.c.i.s.PathMatchingResourcePatternResolver - Searching directory [/var/lib/jenkins/workspace/iTrust-Fuzz-Job/iTrust2-v2/iTrust/iTrust2/target/classes/edu/ncsu/csc/itrust2/controllers/api] for files matching pattern [/var/lib/jenkins/workspace/iTrust-Fuzz-Job/iTrust2-v2/iTrust/iTrust2/target/classes/edu/ncsu/csc/itrust2/controllers/**/*.class]
03:44:38.876 [main] DEBUG o.s.c.i.s.PathMatchingResourcePatternResolver - Searching directory [/var/lib/jenkins/workspace/iTrust-Fuzz-Job/iTrust2-v2/iTrust/iTrust2/target/classes/edu/ncsu/csc/itrust2/controllers/api/comm] for files matching pattern [/var/lib/jenkins/workspace/iTrust-Fuzz-Job/iTrust2-v2/iTrust/iTrust2/target/classes/edu/ncsu/csc/itrust2/controllers/**/*.class]
03:44:38.877 [main] DEBUG o.s.c.i.s.PathMatchingResourcePatternResolver - Searching directory [/var/lib/jenkins/workspace/iTrust-Fuzz-Job/iTrust2-v2/iTrust/iTrust2/target/classes/edu/ncsu/csc/itrust2/controllers/hcp] for files matching pattern [/var/lib/jenkins/workspace/iTrust-Fuzz-Job/iTrust2-v2/iTrust/iTrust2/target/classes/edu/ncsu/csc/itrust2/controllers/**/*.class]
03:44:38.878 [main] DEBUG o.s.c.i.s.PathMatchingResourcePatternResolver - Searching directory [/var/lib/jenkins/workspace/iTrust-Fuzz-Job/iTrust2-v2/iTrust/iTrust2/target/classes/edu/ncsu/csc/itrust2/controllers/patient] for files matching pattern [/var/lib/jenkins/workspace/iTrust-Fuzz-Job/iTrust2-v2/iTrust/iTrust2/target/classes/edu/ncsu/csc/itrust2/controllers/**/*.class]
03:44:38.879 [main] DEBUG o.s.c.i.s.PathMatchingResourcePatternResolver - Searching directory [/var/lib/jenkins/workspace/iTrust-Fuzz-Job/iTrust2-v2/iTrust/iTrust2/target/classes/edu/ncsu/csc/itrust2/controllers/personnel] for files matching pattern [/var/lib/jenkins/workspace/iTrust-Fuzz-Job/iTrust2-v2/iTrust/iTrust2/target/classes/edu/ncsu/csc/itrust2/controllers/**/*.class]
03:44:38.880 [main] DEBUG o.s.c.i.s.PathMatchingResourcePatternResolver - Resolved location pattern [classpath*:edu/ncsu/csc/itrust2/controllers/**/*.class] to resources [file [/var/lib/jenkins/workspace/iTrust-Fuzz-Job/iTrust2-v2/iTrust/iTrust2/target/classes/edu/ncsu/csc/itrust2/controllers/DefaultController.class], file [/var/lib/jenkins/workspace/iTrust-Fuzz-Job/iTrust2-v2/iTrust/iTrust2/target/classes/edu/ncsu/csc/itrust2/controllers/admin/AdminController.class], file [/var/lib/jenkins/workspace/iTrust-Fuzz-Job/iTrust2-v2/iTrust/iTrust2/target/classes/edu/ncsu/csc/itrust2/controllers/admin/AdminUserController$1.class], file [/var/lib/jenkins/workspace/iTrust-Fuzz-Job/iTrust2-v2/iTrust/iTrust2/target/classes/edu/ncsu/csc/itrust2/controllers/admin/AdminUserController.class], file [/var/lib/jenkins/workspace/iTrust-Fuzz-Job/iTrust2-v2/iTrust/iTrust2/target/classes/edu/ncsu/csc/itrust2/controllers/admin/HospitalController.class], file [/var/lib/jenkins/workspace/iTrust-Fuzz-Job/iTrust2-v2/iTrust/iTrust2/target/classes/edu/ncsu/csc/itrust2/controllers/admin/ICDCodesController.class], file [/var/lib/jenkins/workspace/iTrust-Fuzz-Job/iTrust2-v2/iTrust/iTrust2/target/classes/edu/ncsu/csc/itrust2/controllers/api/APIAppointmentRequestController.class], file [/var/lib/jenkins/workspace/iTrust-Fuzz-Job/iTrust2-v2/iTrust/iTrust2/target/classes/edu/ncsu/csc/itrust2/controllers/api/APIController$JSONResponse.class], file [/var/lib/jenkins/workspace/iTrust-Fuzz-Job/iTrust2-v2/iTrust/iTrust2/target/classes/edu/ncsu/csc/itrust2/controllers/api/APIController.class], file [/var/lib/jenkins/workspace/iTrust-Fuzz-Job/iTrust2-v2/iTrust/iTrust2/target/classes/edu/ncsu/csc/itrust2/controllers/api/APIDiagnosisController.class], file [/var/lib/jenkins/workspace/iTrust-Fuzz-Job/iTrust2-v2/iTrust/iTrust2/target/classes/edu/ncsu/csc/itrust2/controllers/api/APIDrugController.class], file [/var/lib/jenkins/workspace/iTrust-Fuzz-Job/iTrust2-v2/iTrust/iTrust2/target/classes/edu/ncsu/csc/itrust2/controllers/api/APIEnumController.class], file [/var/lib/jenkins/workspace/iTrust-Fuzz-Job/iTrust2-v2/iTrust/iTrust2/target/classes/edu/ncsu/csc/itrust2/controllers/api/APIHospitalController.class], file [/var/lib/jenkins/workspace/iTrust-Fuzz-Job/iTrust2-v2/iTrust/iTrust2/target/classes/edu/ncsu/csc/itrust2/controllers/api/APIICDCodeController.class], file [/var/lib/jenkins/workspace/iTrust-Fuzz-Job/iTrust2-v2/iTrust/iTrust2/target/classes/edu/ncsu/csc/itrust2/controllers/api/APILogEntryController.class], file [/var/lib/jenkins/workspace/iTrust-Fuzz-Job/iTrust2-v2/iTrust/iTrust2/target/classes/edu/ncsu/csc/itrust2/controllers/api/APIOfficeVisitController.class], file [/var/lib/jenkins/workspace/iTrust-Fuzz-Job/iTrust2-v2/iTrust/iTrust2/target/classes/edu/ncsu/csc/itrust2/controllers/api/APIPasswordController.class], file [/var/lib/jenkins/workspace/iTrust-Fuzz-Job/iTrust2-v2/iTrust/iTrust2/target/classes/edu/ncsu/csc/itrust2/controllers/api/APIPatientController.class], file [/var/lib/jenkins/workspace/iTrust-Fuzz-Job/iTrust2-v2/iTrust/iTrust2/target/classes/edu/ncsu/csc/itrust2/controllers/api/APIPersonnelController.class], file [/var/lib/jenkins/workspace/iTrust-Fuzz-Job/iTrust2-v2/iTrust/iTrust2/target/classes/edu/ncsu/csc/itrust2/controllers/api/APIPrescriptionController.class], file [/var/lib/jenkins/workspace/iTrust-Fuzz-Job/iTrust2-v2/iTrust/iTrust2/target/classes/edu/ncsu/csc/itrust2/controllers/api/APIUserController.class], file [/var/lib/jenkins/workspace/iTrust-Fuzz-Job/iTrust2-v2/iTrust/iTrust2/target/classes/edu/ncsu/csc/itrust2/controllers/api/comm/LogEntryRequestBody.class], file [/var/lib/jenkins/workspace/iTrust-Fuzz-Job/iTrust2-v2/iTrust/iTrust2/target/classes/edu/ncsu/csc/itrust2/controllers/api/comm/LogEntryTableRow.class], file [/var/lib/jenkins/workspace/iTrust-Fuzz-Job/iTrust2-v2/iTrust/iTrust2/target/classes/edu/ncsu/csc/itrust2/controllers/hcp/AppointmentControllerHCP.class], file [/var/lib/jenkins/workspace/iTrust-Fuzz-Job/iTrust2-v2/iTrust/iTrust2/target/classes/edu/ncsu/csc/itrust2/controllers/hcp/HCPController.class], file [/var/lib/jenkins/workspace/iTrust-Fuzz-Job/iTrust2-v2/iTrust/iTrust2/target/classes/edu/ncsu/csc/itrust2/controllers/hcp/OfficeVisitController.class], file [/var/lib/jenkins/workspace/iTrust-Fuzz-Job/iTrust2-v2/iTrust/iTrust2/target/classes/edu/ncsu/csc/itrust2/controllers/patient/AppointmentController.class], file [/var/lib/jenkins/workspace/iTrust-Fuzz-Job/iTrust2-v2/iTrust/iTrust2/target/classes/edu/ncsu/csc/itrust2/controllers/patient/DiagnosesController.class], file [/var/lib/jenkins/workspace/iTrust-Fuzz-Job/iTrust2-v2/iTrust/iTrust2/target/classes/edu/ncsu/csc/itrust2/controllers/patient/PatientController.class], file [/var/lib/jenkins/workspace/iTrust-Fuzz-Job/iTrust2-v2/iTrust/iTrust2/target/classes/edu/ncsu/csc/itrust2/controllers/personnel/PasswordController.class], file [/var/lib/jenkins/workspace/iTrust-Fuzz-Job/iTrust2-v2/iTrust/iTrust2/target/classes/edu/ncsu/csc/itrust2/controllers/personnel/UserController.class]]
03:44:38.890 [main] DEBUG o.s.c.a.ClassPathBeanDefinitionScanner - Identified candidate component class: file [/var/lib/jenkins/workspace/iTrust-Fuzz-Job/iTrust2-v2/iTrust/iTrust2/target/classes/edu/ncsu/csc/itrust2/controllers/DefaultController.class]
03:44:38.893 [main] DEBUG o.s.c.a.ClassPathBeanDefinitionScanner - Identified candidate component class: file [/var/lib/jenkins/workspace/iTrust-Fuzz-Job/iTrust2-v2/iTrust/iTrust2/target/classes/edu/ncsu/csc/itrust2/controllers/admin/AdminController.class]
03:44:38.908 [main] DEBUG o.s.c.a.ClassPathBeanDefinitionScanner - Identified candidate component class: file [/var/lib/jenkins/workspace/iTrust-Fuzz-Job/iTrust2-v2/iTrust/iTrust2/target/classes/edu/ncsu/csc/itrust2/controllers/admin/AdminUserController.class]
03:44:38.913 [main] DEBUG o.s.c.a.ClassPathBeanDefinitionScanner - Identified candidate component class: file [/var/lib/jenkins/workspace/iTrust-Fuzz-Job/iTrust2-v2/iTrust/iTrust2/target/classes/edu/ncsu/csc/itrust2/controllers/admin/HospitalController.class]
03:44:38.915 [main] DEBUG o.s.c.a.ClassPathBeanDefinitionScanner - Identified candidate component class: file [/var/lib/jenkins/workspace/iTrust-Fuzz-Job/iTrust2-v2/iTrust/iTrust2/target/classes/edu/ncsu/csc/itrust2/controllers/admin/ICDCodesController.class]
03:44:38.941 [main] DEBUG o.s.c.a.ClassPathBeanDefinitionScanner - Identified candidate component class: file [/var/lib/jenkins/workspace/iTrust-Fuzz-Job/iTrust2-v2/iTrust/iTrust2/target/classes/edu/ncsu/csc/itrust2/controllers/api/APIAppointmentRequestController.class]
03:44:38.950 [main] DEBUG o.s.c.a.ClassPathBeanDefinitionScanner - Identified candidate component class: file [/var/lib/jenkins/workspace/iTrust-Fuzz-Job/iTrust2-v2/iTrust/iTrust2/target/classes/edu/ncsu/csc/itrust2/controllers/api/APIDiagnosisController.class]
03:44:38.963 [main] DEBUG o.s.c.a.ClassPathBeanDefinitionScanner - Identified candidate component class: file [/var/lib/jenkins/workspace/iTrust-Fuzz-Job/iTrust2-v2/iTrust/iTrust2/target/classes/edu/ncsu/csc/itrust2/controllers/api/APIDrugController.class]
03:44:38.970 [main] DEBUG o.s.c.a.ClassPathBeanDefinitionScanner - Identified candidate component class: file [/var/lib/jenkins/workspace/iTrust-Fuzz-Job/iTrust2-v2/iTrust/iTrust2/target/classes/edu/ncsu/csc/itrust2/controllers/api/APIEnumController.class]
03:44:38.974 [main] DEBUG o.s.c.a.ClassPathBeanDefinitionScanner - Identified candidate component class: file [/var/lib/jenkins/workspace/iTrust-Fuzz-Job/iTrust2-v2/iTrust/iTrust2/target/classes/edu/ncsu/csc/itrust2/controllers/api/APIHospitalController.class]
03:44:38.981 [main] DEBUG o.s.c.a.ClassPathBeanDefinitionScanner - Identified candidate component class: file [/var/lib/jenkins/workspace/iTrust-Fuzz-Job/iTrust2-v2/iTrust/iTrust2/target/classes/edu/ncsu/csc/itrust2/controllers/api/APIICDCodeController.class]
03:44:38.985 [main] DEBUG o.s.c.a.ClassPathBeanDefinitionScanner - Identified candidate component class: file [/var/lib/jenkins/workspace/iTrust-Fuzz-Job/iTrust2-v2/iTrust/iTrust2/target/classes/edu/ncsu/csc/itrust2/controllers/api/APILogEntryController.class]
03:44:38.991 [main] DEBUG o.s.c.a.ClassPathBeanDefinitionScanner - Identified candidate component class: file [/var/lib/jenkins/workspace/iTrust-Fuzz-Job/iTrust2-v2/iTrust/iTrust2/target/classes/edu/ncsu/csc/itrust2/controllers/api/APIOfficeVisitController.class]
03:44:38.996 [main] DEBUG o.s.c.a.ClassPathBeanDefinitionScanner - Identified candidate component class: file [/var/lib/jenkins/workspace/iTrust-Fuzz-Job/iTrust2-v2/iTrust/iTrust2/target/classes/edu/ncsu/csc/itrust2/controllers/api/APIPasswordController.class]
03:44:39.000 [main] DEBUG o.s.c.a.ClassPathBeanDefinitionScanner - Identified candidate component class: file [/var/lib/jenkins/workspace/iTrust-Fuzz-Job/iTrust2-v2/iTrust/iTrust2/target/classes/edu/ncsu/csc/itrust2/controllers/api/APIPatientController.class]
03:44:39.006 [main] DEBUG o.s.c.a.ClassPathBeanDefinitionScanner - Identified candidate component class: file [/var/lib/jenkins/workspace/iTrust-Fuzz-Job/iTrust2-v2/iTrust/iTrust2/target/classes/edu/ncsu/csc/itrust2/controllers/api/APIPersonnelController.class]
03:44:39.014 [main] DEBUG o.s.c.a.ClassPathBeanDefinitionScanner - Identified candidate component class: file [/var/lib/jenkins/workspace/iTrust-Fuzz-Job/iTrust2-v2/iTrust/iTrust2/target/classes/edu/ncsu/csc/itrust2/controllers/api/APIPrescriptionController.class]
03:44:39.023 [main] DEBUG o.s.c.a.ClassPathBeanDefinitionScanner - Identified candidate component class: file [/var/lib/jenkins/workspace/iTrust-Fuzz-Job/iTrust2-v2/iTrust/iTrust2/target/classes/edu/ncsu/csc/itrust2/controllers/api/APIUserController.class]
03:44:39.026 [main] DEBUG o.s.c.a.ClassPathBeanDefinitionScanner - Identified candidate component class: file [/var/lib/jenkins/workspace/iTrust-Fuzz-Job/iTrust2-v2/iTrust/iTrust2/target/classes/edu/ncsu/csc/itrust2/controllers/hcp/AppointmentControllerHCP.class]
03:44:39.028 [main] DEBUG o.s.c.a.ClassPathBeanDefinitionScanner - Identified candidate component class: file [/var/lib/jenkins/workspace/iTrust-Fuzz-Job/iTrust2-v2/iTrust/iTrust2/target/classes/edu/ncsu/csc/itrust2/controllers/hcp/HCPController.class]
03:44:39.030 [main] DEBUG o.s.c.a.ClassPathBeanDefinitionScanner - Identified candidate component class: file [/var/lib/jenkins/workspace/iTrust-Fuzz-Job/iTrust2-v2/iTrust/iTrust2/target/classes/edu/ncsu/csc/itrust2/controllers/hcp/OfficeVisitController.class]
03:44:39.037 [main] DEBUG o.s.c.a.ClassPathBeanDefinitionScanner - Identified candidate component class: file [/var/lib/jenkins/workspace/iTrust-Fuzz-Job/iTrust2-v2/iTrust/iTrust2/target/classes/edu/ncsu/csc/itrust2/controllers/patient/AppointmentController.class]
03:44:39.038 [main] DEBUG o.s.c.a.ClassPathBeanDefinitionScanner - Identified candidate component class: file [/var/lib/jenkins/workspace/iTrust-Fuzz-Job/iTrust2-v2/iTrust/iTrust2/target/classes/edu/ncsu/csc/itrust2/controllers/patient/DiagnosesController.class]
03:44:39.041 [main] DEBUG o.s.c.a.ClassPathBeanDefinitionScanner - Identified candidate component class: file [/var/lib/jenkins/workspace/iTrust-Fuzz-Job/iTrust2-v2/iTrust/iTrust2/target/classes/edu/ncsu/csc/itrust2/controllers/patient/PatientController.class]
03:44:39.044 [main] DEBUG o.s.c.a.ClassPathBeanDefinitionScanner - Identified candidate component class: file [/var/lib/jenkins/workspace/iTrust-Fuzz-Job/iTrust2-v2/iTrust/iTrust2/target/classes/edu/ncsu/csc/itrust2/controllers/personnel/PasswordController.class]
03:44:39.047 [main] DEBUG o.s.c.a.ClassPathBeanDefinitionScanner - Identified candidate component class: file [/var/lib/jenkins/workspace/iTrust-Fuzz-Job/iTrust2-v2/iTrust/iTrust2/target/classes/edu/ncsu/csc/itrust2/controllers/personnel/UserController.class]
03:44:39.051 [main] DEBUG o.s.c.i.s.PathMatchingResourcePatternResolver - Resolved classpath location [edu/ncsu/csc/itrust2/config/] to resources [URL [file:/var/lib/jenkins/workspace/iTrust-Fuzz-Job/iTrust2-v2/iTrust/iTrust2/target/classes/edu/ncsu/csc/itrust2/config/]]
03:44:39.053 [main] DEBUG o.s.c.i.s.PathMatchingResourcePatternResolver - Looking for matching resources in directory tree [/var/lib/jenkins/workspace/iTrust-Fuzz-Job/iTrust2-v2/iTrust/iTrust2/target/classes/edu/ncsu/csc/itrust2/config]
03:44:39.054 [main] DEBUG o.s.c.i.s.PathMatchingResourcePatternResolver - Searching directory [/var/lib/jenkins/workspace/iTrust-Fuzz-Job/iTrust2-v2/iTrust/iTrust2/target/classes/edu/ncsu/csc/itrust2/config] for files matching pattern [/var/lib/jenkins/workspace/iTrust-Fuzz-Job/iTrust2-v2/iTrust/iTrust2/target/classes/edu/ncsu/csc/itrust2/config/**/*.class]
03:44:39.056 [main] DEBUG o.s.c.i.s.PathMatchingResourcePatternResolver - Resolved location pattern [classpath*:edu/ncsu/csc/itrust2/config/**/*.class] to resources [file [/var/lib/jenkins/workspace/iTrust-Fuzz-Job/iTrust2-v2/iTrust/iTrust2/target/classes/edu/ncsu/csc/itrust2/config/ContextListener.class], file [/var/lib/jenkins/workspace/iTrust-Fuzz-Job/iTrust2-v2/iTrust/iTrust2/target/classes/edu/ncsu/csc/itrust2/config/DataConfiguration.class], file [/var/lib/jenkins/workspace/iTrust-Fuzz-Job/iTrust2-v2/iTrust/iTrust2/target/classes/edu/ncsu/csc/itrust2/config/FailureHandler.class], file [/var/lib/jenkins/workspace/iTrust-Fuzz-Job/iTrust2-v2/iTrust/iTrust2/target/classes/edu/ncsu/csc/itrust2/config/IPFilter.class], file [/var/lib/jenkins/workspace/iTrust-Fuzz-Job/iTrust2-v2/iTrust/iTrust2/target/classes/edu/ncsu/csc/itrust2/config/ITrust2ApplicationInitializer.class], file [/var/lib/jenkins/workspace/iTrust-Fuzz-Job/iTrust2-v2/iTrust/iTrust2/target/classes/edu/ncsu/csc/itrust2/config/ITrust2WebApplicationInitializer.class], file [/var/lib/jenkins/workspace/iTrust-Fuzz-Job/iTrust2-v2/iTrust/iTrust2/target/classes/edu/ncsu/csc/itrust2/config/LoginAuditingListener.class], file [/var/lib/jenkins/workspace/iTrust-Fuzz-Job/iTrust2-v2/iTrust/iTrust2/target/classes/edu/ncsu/csc/itrust2/config/RootConfiguration.class], file [/var/lib/jenkins/workspace/iTrust-Fuzz-Job/iTrust2-v2/iTrust/iTrust2/target/classes/edu/ncsu/csc/itrust2/config/SecurityConfig.class]]
03:44:39.058 [main] DEBUG o.s.c.a.ClassPathBeanDefinitionScanner - Identified candidate component class: file [/var/lib/jenkins/workspace/iTrust-Fuzz-Job/iTrust2-v2/iTrust/iTrust2/target/classes/edu/ncsu/csc/itrust2/config/DataConfiguration.class]
03:44:39.060 [main] DEBUG o.s.c.a.ClassPathBeanDefinitionScanner - Identified candidate component class: file [/var/lib/jenkins/workspace/iTrust-Fuzz-Job/iTrust2-v2/iTrust/iTrust2/target/classes/edu/ncsu/csc/itrust2/config/LoginAuditingListener.class]
03:44:39.062 [main] DEBUG o.s.c.a.ClassPathBeanDefinitionScanner - Identified candidate component class: file [/var/lib/jenkins/workspace/iTrust-Fuzz-Job/iTrust2-v2/iTrust/iTrust2/target/classes/edu/ncsu/csc/itrust2/config/RootConfiguration.class]
03:44:39.064 [main] DEBUG o.s.c.a.ClassPathBeanDefinitionScanner - Identified candidate component class: file [/var/lib/jenkins/workspace/iTrust-Fuzz-Job/iTrust2-v2/iTrust/iTrust2/target/classes/edu/ncsu/csc/itrust2/config/SecurityConfig.class]
03:44:39.239 [main] DEBUG o.s.c.a.ConfigurationClassBeanDefinitionReader - Registering bean definition for @Bean method edu.ncsu.csc.itrust2.config.DataConfiguration.dataSource()
03:44:39.240 [main] DEBUG o.s.c.a.ConfigurationClassBeanDefinitionReader - Registered bean definition for imported class 'org.springframework.security.config.annotation.configuration.ObjectPostProcessorConfiguration'
03:44:39.241 [main] DEBUG o.s.c.a.ConfigurationClassBeanDefinitionReader - Registering bean definition for @Bean method org.springframework.security.config.annotation.configuration.ObjectPostProcessorConfiguration.objectPostProcessor()
03:44:39.241 [main] DEBUG o.s.c.a.ConfigurationClassBeanDefinitionReader - Registered bean definition for imported class 'org.springframework.security.config.annotation.authentication.configuration.AuthenticationConfiguration'
03:44:39.242 [main] DEBUG o.s.c.a.ConfigurationClassBeanDefinitionReader - Registering bean definition for @Bean method org.springframework.security.config.annotation.authentication.configuration.AuthenticationConfiguration.authenticationManagerBuilder()
03:44:39.242 [main] DEBUG o.s.c.a.ConfigurationClassBeanDefinitionReader - Registering bean definition for @Bean method org.springframework.security.config.annotation.authentication.configuration.AuthenticationConfiguration.enableGlobalAuthenticationAutowiredConfigurer()
03:44:39.242 [main] DEBUG o.s.c.a.ConfigurationClassBeanDefinitionReader - Registering bean definition for @Bean method org.springframework.security.config.annotation.authentication.configuration.AuthenticationConfiguration.initializeUserDetailsBeanManagerConfigurer()
03:44:39.244 [main] DEBUG o.s.c.a.ConfigurationClassBeanDefinitionReader - Registering bean definition for @Bean method org.springframework.security.config.annotation.authentication.configuration.AuthenticationConfiguration.initializeAuthenticationProviderBeanManagerConfigurer()
03:44:39.248 [main] DEBUG o.s.c.a.ConfigurationClassBeanDefinitionReader - Registered bean definition for imported class 'org.springframework.security.config.annotation.web.configuration.WebSecurityConfiguration'
03:44:39.249 [main] DEBUG o.s.c.a.ConfigurationClassBeanDefinitionReader - Registering bean definition for @Bean method org.springframework.security.config.annotation.web.configuration.WebSecurityConfiguration.delegatingApplicationListener()
03:44:39.250 [main] DEBUG o.s.c.a.ConfigurationClassBeanDefinitionReader - Registering bean definition for @Bean method org.springframework.security.config.annotation.web.configuration.WebSecurityConfiguration.webSecurityExpressionHandler()
03:44:39.252 [main] DEBUG o.s.c.a.ConfigurationClassBeanDefinitionReader - Registering bean definition for @Bean method org.springframework.security.config.annotation.web.configuration.WebSecurityConfiguration.springSecurityFilterChain()
03:44:39.253 [main] DEBUG o.s.c.a.ConfigurationClassBeanDefinitionReader - Registering bean definition for @Bean method org.springframework.security.config.annotation.web.configuration.WebSecurityConfiguration.privilegeEvaluator()
03:44:39.253 [main] DEBUG o.s.c.a.ConfigurationClassBeanDefinitionReader - Registering bean definition for @Bean method org.springframework.security.config.annotation.web.configuration.WebSecurityConfiguration.autowiredWebSecurityConfigurersIgnoreParents()
03:44:39.253 [main] DEBUG o.s.c.a.ConfigurationClassBeanDefinitionReader - Registered bean definition for imported class 'org.springframework.security.config.annotation.web.configuration.WebMvcSecurityConfiguration'
03:44:39.254 [main] DEBUG o.s.c.a.ConfigurationClassBeanDefinitionReader - Registering bean definition for @Bean method org.springframework.security.config.annotation.web.configuration.WebMvcSecurityConfiguration.requestDataValueProcessor()
03:44:39.254 [main] DEBUG o.s.c.a.ConfigurationClassBeanDefinitionReader - Registering bean definition for @Bean method edu.ncsu.csc.itrust2.config.SecurityConfig.passwordEncoder()
03:44:39.255 [main] DEBUG o.s.c.a.ConfigurationClassBeanDefinitionReader - Registering bean definition for @Bean method edu.ncsu.csc.itrust2.config.SecurityConfig.defaultAuthenticationEventPublisher()
03:44:39.255 [main] DEBUG o.s.c.a.ConfigurationClassBeanDefinitionReader - Registering bean definition for @Bean method edu.ncsu.csc.itrust2.config.SecurityConfig.failureHandler()
03:44:39.255 [main] DEBUG o.s.c.a.ConfigurationClassBeanDefinitionReader - Registering bean definition for @Bean method edu.ncsu.csc.itrust2.config.SecurityConfig.ipBlockFilter()
03:44:39.257 [main] DEBUG o.s.c.a.ConfigurationClassBeanDefinitionReader - Registered bean definition for imported class 'org.springframework.web.servlet.config.annotation.DelegatingWebMvcConfiguration'
03:44:39.257 [main] DEBUG o.s.c.a.ConfigurationClassBeanDefinitionReader - Registering bean definition for @Bean method org.springframework.web.servlet.config.annotation.DelegatingWebMvcConfiguration.mvcConversionService()
03:44:39.258 [main] DEBUG o.s.c.a.ConfigurationClassBeanDefinitionReader - Registering bean definition for @Bean method org.springframework.web.servlet.config.annotation.DelegatingWebMvcConfiguration.requestMappingHandlerMapping()
03:44:39.259 [main] DEBUG o.s.c.a.ConfigurationClassBeanDefinitionReader - Registering bean definition for @Bean method org.springframework.web.servlet.config.annotation.DelegatingWebMvcConfiguration.mvcPathMatcher()
03:44:39.266 [main] DEBUG o.s.c.a.ConfigurationClassBeanDefinitionReader - Registering bean definition for @Bean method org.springframework.web.servlet.config.annotation.DelegatingWebMvcConfiguration.mvcUrlPathHelper()
03:44:39.269 [main] DEBUG o.s.c.a.ConfigurationClassBeanDefinitionReader - Registering bean definition for @Bean method org.springframework.web.servlet.config.annotation.DelegatingWebMvcConfiguration.mvcContentNegotiationManager()
03:44:39.269 [main] DEBUG o.s.c.a.ConfigurationClassBeanDefinitionReader - Registering bean definition for @Bean method org.springframework.web.servlet.config.annotation.DelegatingWebMvcConfiguration.viewControllerHandlerMapping()
03:44:39.270 [main] DEBUG o.s.c.a.ConfigurationClassBeanDefinitionReader - Registering bean definition for @Bean method org.springframework.web.servlet.config.annotation.DelegatingWebMvcConfiguration.beanNameHandlerMapping()
03:44:39.272 [main] DEBUG o.s.c.a.ConfigurationClassBeanDefinitionReader - Registering bean definition for @Bean method org.springframework.web.servlet.config.annotation.DelegatingWebMvcConfiguration.resourceHandlerMapping()
03:44:39.273 [main] DEBUG o.s.c.a.ConfigurationClassBeanDefinitionReader - Registering bean definition for @Bean method org.springframework.web.servlet.config.annotation.DelegatingWebMvcConfiguration.mvcResourceUrlProvider()
03:44:39.274 [main] DEBUG o.s.c.a.ConfigurationClassBeanDefinitionReader - Registering bean definition for @Bean method org.springframework.web.servlet.config.annotation.DelegatingWebMvcConfiguration.defaultServletHandlerMapping()
03:44:39.276 [main] DEBUG o.s.c.a.ConfigurationClassBeanDefinitionReader - Registering bean definition for @Bean method org.springframework.web.servlet.config.annotation.DelegatingWebMvcConfiguration.requestMappingHandlerAdapter()
03:44:39.280 [main] DEBUG o.s.c.a.ConfigurationClassBeanDefinitionReader - Registering bean definition for @Bean method org.springframework.web.servlet.config.annotation.DelegatingWebMvcConfiguration.mvcValidator()
03:44:39.280 [main] DEBUG o.s.c.a.ConfigurationClassBeanDefinitionReader - Registering bean definition for @Bean method org.springframework.web.servlet.config.annotation.DelegatingWebMvcConfiguration.mvcUriComponentsContributor()
03:44:39.282 [main] DEBUG o.s.c.a.ConfigurationClassBeanDefinitionReader - Registering bean definition for @Bean method org.springframework.web.servlet.config.annotation.DelegatingWebMvcConfiguration.httpRequestHandlerAdapter()
03:44:39.283 [main] DEBUG o.s.c.a.ConfigurationClassBeanDefinitionReader - Registering bean definition for @Bean method org.springframework.web.servlet.config.annotation.DelegatingWebMvcConfiguration.simpleControllerHandlerAdapter()
03:44:39.284 [main] DEBUG o.s.c.a.ConfigurationClassBeanDefinitionReader - Registering bean definition for @Bean method org.springframework.web.servlet.config.annotation.DelegatingWebMvcConfiguration.handlerExceptionResolver()
03:44:39.285 [main] DEBUG o.s.c.a.ConfigurationClassBeanDefinitionReader - Registering bean definition for @Bean method org.springframework.web.servlet.config.annotation.DelegatingWebMvcConfiguration.mvcViewResolver()
03:44:39.285 [main] DEBUG o.s.c.a.ConfigurationClassBeanDefinitionReader - Registered bean definition for imported class 'org.springframework.security.config.annotation.method.configuration.GlobalMethodSecurityConfiguration'
03:44:39.285 [main] DEBUG o.s.c.a.ConfigurationClassBeanDefinitionReader - Registering bean definition for @Bean method org.springframework.security.config.annotation.method.configuration.GlobalMethodSecurityConfiguration.methodSecurityInterceptor()
03:44:39.285 [main] DEBUG o.s.c.a.ConfigurationClassBeanDefinitionReader - Registering bean definition for @Bean method org.springframework.security.config.annotation.method.configuration.GlobalMethodSecurityConfiguration.methodSecurityMetadataSource()
03:44:39.286 [main] DEBUG o.s.c.a.ConfigurationClassBeanDefinitionReader - Registering bean definition for @Bean method org.springframework.security.config.annotation.method.configuration.GlobalMethodSecurityConfiguration.preInvocationAuthorizationAdvice()
03:44:39.286 [main] DEBUG o.s.c.a.ConfigurationClassBeanDefinitionReader - Registering bean definition for @Bean method edu.ncsu.csc.itrust2.mvc.config.WebMvcConfiguration.viewResolver()
03:44:39.286 [main] DEBUG o.s.c.a.ConfigurationClassBeanDefinitionReader - Registering bean definition for @Bean method edu.ncsu.csc.itrust2.mvc.config.WebMvcConfiguration.templateEngine()
03:44:39.287 [main] DEBUG o.s.c.a.ConfigurationClassBeanDefinitionReader - Registering bean definition for @Bean method edu.ncsu.csc.itrust2.mvc.config.WebMvcConfiguration.domainClassConverter()
03:44:39.675 [main] DEBUG o.s.c.a.ConfigurationClassEnhancer - Successfully enhanced edu.ncsu.csc.itrust2.config.RootConfiguration; enhanced class name is: edu.ncsu.csc.itrust2.config.RootConfiguration$$EnhancerBySpringCGLIB$$d87634b3
03:44:39.675 [main] DEBUG o.s.c.a.ConfigurationClassPostProcessor - Replacing bean definition 'rootConfiguration' existing class 'edu.ncsu.csc.itrust2.config.RootConfiguration' with enhanced class 'edu.ncsu.csc.itrust2.config.RootConfiguration$$EnhancerBySpringCGLIB$$d87634b3'
03:44:39.704 [main] DEBUG o.s.c.a.ConfigurationClassEnhancer - Successfully enhanced edu.ncsu.csc.itrust2.mvc.config.WebMvcConfiguration; enhanced class name is: edu.ncsu.csc.itrust2.mvc.config.WebMvcConfiguration$$EnhancerBySpringCGLIB$$f5213803
03:44:39.705 [main] DEBUG o.s.c.a.ConfigurationClassPostProcessor - Replacing bean definition 'webMvcConfiguration' existing class 'edu.ncsu.csc.itrust2.mvc.config.WebMvcConfiguration' with enhanced class 'edu.ncsu.csc.itrust2.mvc.config.WebMvcConfiguration$$EnhancerBySpringCGLIB$$f5213803'
03:44:39.715 [main] DEBUG o.s.c.a.ConfigurationClassEnhancer - Successfully enhanced edu.ncsu.csc.itrust2.config.DataConfiguration; enhanced class name is: edu.ncsu.csc.itrust2.config.DataConfiguration$$EnhancerBySpringCGLIB$$1cb579eb
03:44:39.716 [main] DEBUG o.s.c.a.ConfigurationClassPostProcessor - Replacing bean definition 'dataConfiguration' existing class 'edu.ncsu.csc.itrust2.config.DataConfiguration' with enhanced class 'edu.ncsu.csc.itrust2.config.DataConfiguration$$EnhancerBySpringCGLIB$$1cb579eb'
03:44:39.749 [main] DEBUG o.s.c.a.ConfigurationClassEnhancer - Successfully enhanced edu.ncsu.csc.itrust2.config.SecurityConfig; enhanced class name is: edu.ncsu.csc.itrust2.config.SecurityConfig$$EnhancerBySpringCGLIB$$f36018f
03:44:39.750 [main] DEBUG o.s.c.a.ConfigurationClassPostProcessor - Replacing bean definition 'securityConfig' existing class 'edu.ncsu.csc.itrust2.config.SecurityConfig' with enhanced class 'edu.ncsu.csc.itrust2.config.SecurityConfig$$EnhancerBySpringCGLIB$$f36018f'
03:44:39.757 [main] DEBUG o.s.c.a.ConfigurationClassEnhancer - Successfully enhanced org.springframework.security.config.annotation.configuration.ObjectPostProcessorConfiguration; enhanced class name is: org.springframework.security.config.annotation.configuration.ObjectPostProcessorConfiguration$$EnhancerBySpringCGLIB$$1d2b4b5b
03:44:39.757 [main] DEBUG o.s.c.a.ConfigurationClassPostProcessor - Replacing bean definition 'org.springframework.security.config.annotation.configuration.ObjectPostProcessorConfiguration' existing class 'org.springframework.security.config.annotation.configuration.ObjectPostProcessorConfiguration' with enhanced class 'org.springframework.security.config.annotation.configuration.ObjectPostProcessorConfiguration$$EnhancerBySpringCGLIB$$1d2b4b5b'
03:44:39.765 [main] DEBUG o.s.c.a.ConfigurationClassEnhancer - Successfully enhanced org.springframework.security.config.annotation.authentication.configuration.AuthenticationConfiguration; enhanced class name is: org.springframework.security.config.annotation.authentication.configuration.AuthenticationConfiguration$$EnhancerBySpringCGLIB$$68f455d0
03:44:39.765 [main] DEBUG o.s.c.a.ConfigurationClassPostProcessor - Replacing bean definition 'org.springframework.security.config.annotation.authentication.configuration.AuthenticationConfiguration' existing class 'org.springframework.security.config.annotation.authentication.configuration.AuthenticationConfiguration' with enhanced class 'org.springframework.security.config.annotation.authentication.configuration.AuthenticationConfiguration$$EnhancerBySpringCGLIB$$68f455d0'
03:44:39.766 [main] DEBUG o.s.c.a.ConfigurationClassEnhancer - Successfully enhanced org.springframework.security.config.annotation.authentication.configuration.AuthenticationConfiguration; enhanced class name is: org.springframework.security.config.annotation.authentication.configuration.AuthenticationConfiguration$$EnhancerBySpringCGLIB$$68f455d0
03:44:39.766 [main] DEBUG o.s.c.a.ConfigurationClassPostProcessor - Replacing bean definition 'enableGlobalAuthenticationAutowiredConfigurer' existing class 'org.springframework.security.config.annotation.authentication.configuration.AuthenticationConfiguration' with enhanced class 'org.springframework.security.config.annotation.authentication.configuration.AuthenticationConfiguration$$EnhancerBySpringCGLIB$$68f455d0'
03:44:39.766 [main] DEBUG o.s.c.a.ConfigurationClassEnhancer - Successfully enhanced org.springframework.security.config.annotation.authentication.configuration.AuthenticationConfiguration; enhanced class name is: org.springframework.security.config.annotation.authentication.configuration.AuthenticationConfiguration$$EnhancerBySpringCGLIB$$68f455d0
03:44:39.766 [main] DEBUG o.s.c.a.ConfigurationClassPostProcessor - Replacing bean definition 'initializeUserDetailsBeanManagerConfigurer' existing class 'org.springframework.security.config.annotation.authentication.configuration.AuthenticationConfiguration' with enhanced class 'org.springframework.security.config.annotation.authentication.configuration.AuthenticationConfiguration$$EnhancerBySpringCGLIB$$68f455d0'
03:44:39.766 [main] DEBUG o.s.c.a.ConfigurationClassEnhancer - Successfully enhanced org.springframework.security.config.annotation.authentication.configuration.AuthenticationConfiguration; enhanced class name is: org.springframework.security.config.annotation.authentication.configuration.AuthenticationConfiguration$$EnhancerBySpringCGLIB$$68f455d0
03:44:39.766 [main] DEBUG o.s.c.a.ConfigurationClassPostProcessor - Replacing bean definition 'initializeAuthenticationProviderBeanManagerConfigurer' existing class 'org.springframework.security.config.annotation.authentication.configuration.AuthenticationConfiguration' with enhanced class 'org.springframework.security.config.annotation.authentication.configuration.AuthenticationConfiguration$$EnhancerBySpringCGLIB$$68f455d0'
03:44:39.773 [main] DEBUG o.s.c.a.ConfigurationClassEnhancer - Successfully enhanced org.springframework.security.config.annotation.web.configuration.WebSecurityConfiguration; enhanced class name is: org.springframework.security.config.annotation.web.configuration.WebSecurityConfiguration$$EnhancerBySpringCGLIB$$2baeb014
03:44:39.773 [main] DEBUG o.s.c.a.ConfigurationClassPostProcessor - Replacing bean definition 'org.springframework.security.config.annotation.web.configuration.WebSecurityConfiguration' existing class 'org.springframework.security.config.annotation.web.configuration.WebSecurityConfiguration' with enhanced class 'org.springframework.security.config.annotation.web.configuration.WebSecurityConfiguration$$EnhancerBySpringCGLIB$$2baeb014'
03:44:39.773 [main] DEBUG o.s.c.a.ConfigurationClassEnhancer - Successfully enhanced org.springframework.security.config.annotation.web.configuration.WebSecurityConfiguration; enhanced class name is: org.springframework.security.config.annotation.web.configuration.WebSecurityConfiguration$$EnhancerBySpringCGLIB$$2baeb014
03:44:39.773 [main] DEBUG o.s.c.a.ConfigurationClassPostProcessor - Replacing bean definition 'delegatingApplicationListener' existing class 'org.springframework.security.config.annotation.web.configuration.WebSecurityConfiguration' with enhanced class 'org.springframework.security.config.annotation.web.configuration.WebSecurityConfiguration$$EnhancerBySpringCGLIB$$2baeb014'
03:44:39.806 [main] DEBUG o.s.c.a.ConfigurationClassEnhancer - Successfully enhanced org.springframework.web.servlet.config.annotation.DelegatingWebMvcConfiguration; enhanced class name is: org.springframework.web.servlet.config.annotation.DelegatingWebMvcConfiguration$$EnhancerBySpringCGLIB$$493e6857
03:44:39.806 [main] DEBUG o.s.c.a.ConfigurationClassPostProcessor - Replacing bean definition 'org.springframework.web.servlet.config.annotation.DelegatingWebMvcConfiguration' existing class 'org.springframework.web.servlet.config.annotation.DelegatingWebMvcConfiguration' with enhanced class 'org.springframework.web.servlet.config.annotation.DelegatingWebMvcConfiguration$$EnhancerBySpringCGLIB$$493e6857'
03:44:39.815 [main] DEBUG o.s.c.a.ConfigurationClassEnhancer - Successfully enhanced org.springframework.security.config.annotation.method.configuration.GlobalMethodSecurityConfiguration; enhanced class name is: org.springframework.security.config.annotation.method.configuration.GlobalMethodSecurityConfiguration$$EnhancerBySpringCGLIB$$41ffee0d
03:44:39.815 [main] DEBUG o.s.c.a.ConfigurationClassPostProcessor - Replacing bean definition 'org.springframework.security.config.annotation.method.configuration.GlobalMethodSecurityConfiguration' existing class 'org.springframework.security.config.annotation.method.configuration.GlobalMethodSecurityConfiguration' with enhanced class 'org.springframework.security.config.annotation.method.configuration.GlobalMethodSecurityConfiguration$$EnhancerBySpringCGLIB$$41ffee0d'
03:44:39.826 [main] DEBUG o.s.b.f.s.DefaultListableBeanFactory - Creating shared instance of singleton bean 'org.springframework.context.annotation.internalAutowiredAnnotationProcessor'
03:44:39.827 [main] DEBUG o.s.b.f.s.DefaultListableBeanFactory - Creating instance of bean 'org.springframework.context.annotation.internalAutowiredAnnotationProcessor'
03:44:39.828 [main] DEBUG o.s.b.f.s.DefaultListableBeanFactory - Eagerly caching bean 'org.springframework.context.annotation.internalAutowiredAnnotationProcessor' to allow for resolving potential circular references
03:44:39.863 [main] DEBUG o.s.b.f.s.DefaultListableBeanFactory - Finished creating instance of bean 'org.springframework.context.annotation.internalAutowiredAnnotationProcessor'
03:44:39.863 [main] DEBUG o.s.b.f.s.DefaultListableBeanFactory - Creating shared instance of singleton bean 'org.springframework.context.annotation.internalRequiredAnnotationProcessor'
03:44:39.863 [main] DEBUG o.s.b.f.s.DefaultListableBeanFactory - Creating instance of bean 'org.springframework.context.annotation.internalRequiredAnnotationProcessor'
03:44:39.864 [main] DEBUG o.s.b.f.s.DefaultListableBeanFactory - Eagerly caching bean 'org.springframework.context.annotation.internalRequiredAnnotationProcessor' to allow for resolving potential circular references
03:44:39.871 [main] DEBUG o.s.b.f.s.DefaultListableBeanFactory - Finished creating instance of bean 'org.springframework.context.annotation.internalRequiredAnnotationProcessor'
03:44:39.871 [main] DEBUG o.s.b.f.s.DefaultListableBeanFactory - Creating shared instance of singleton bean 'org.springframework.context.annotation.internalCommonAnnotationProcessor'
03:44:39.871 [main] DEBUG o.s.b.f.s.DefaultListableBeanFactory - Creating instance of bean 'org.springframework.context.annotation.internalCommonAnnotationProcessor'
03:44:39.876 [main] DEBUG o.s.b.f.s.DefaultListableBeanFactory - Eagerly caching bean 'org.springframework.context.annotation.internalCommonAnnotationProcessor' to allow for resolving potential circular references
03:44:39.885 [main] DEBUG o.s.b.f.s.DefaultListableBeanFactory - Finished creating instance of bean 'org.springframework.context.annotation.internalCommonAnnotationProcessor'
03:44:39.886 [main] DEBUG o.s.b.f.s.DefaultListableBeanFactory - Creating shared instance of singleton bean 'org.springframework.context.annotation.internalPersistenceAnnotationProcessor'
03:44:39.886 [main] DEBUG o.s.b.f.s.DefaultListableBeanFactory - Creating instance of bean 'org.springframework.context.annotation.internalPersistenceAnnotationProcessor'
03:44:39.897 [main] DEBUG o.s.b.f.s.DefaultListableBeanFactory - Eagerly caching bean 'org.springframework.context.annotation.internalPersistenceAnnotationProcessor' to allow for resolving potential circular references
03:44:39.908 [main] DEBUG o.s.b.f.s.DefaultListableBeanFactory - Finished creating instance of bean 'org.springframework.context.annotation.internalPersistenceAnnotationProcessor'
03:44:39.908 [main] DEBUG o.s.b.f.s.DefaultListableBeanFactory - Creating shared instance of singleton bean 'org.springframework.aop.config.internalAutoProxyCreator'
03:44:39.915 [main] DEBUG o.s.b.f.s.DefaultListableBeanFactory - Creating instance of bean 'org.springframework.aop.config.internalAutoProxyCreator'
03:44:39.940 [main] DEBUG o.s.b.f.s.DefaultListableBeanFactory - Eagerly caching bean 'org.springframework.aop.config.internalAutoProxyCreator' to allow for resolving potential circular references
03:44:39.974 [main] DEBUG o.s.b.f.s.DefaultListableBeanFactory - Finished creating instance of bean 'org.springframework.aop.config.internalAutoProxyCreator'
03:44:39.977 [main] DEBUG o.s.w.c.s.GenericWebApplicationContext - Unable to locate MessageSource with name 'messageSource': using default [org.springframework.context.support.DelegatingMessageSource@7af7c9aa]
03:44:39.982 [main] DEBUG o.s.w.c.s.GenericWebApplicationContext - Unable to locate ApplicationEventMulticaster with name 'applicationEventMulticaster': using default [org.springframework.context.event.SimpleApplicationEventMulticaster@7789526e]
03:44:39.985 [main] DEBUG o.s.u.c.s.UiApplicationContextUtils - Unable to locate ThemeSource with name 'themeSource': using default [org.springframework.ui.context.support.ResourceBundleThemeSource@318a81a0]
03:44:39.988 [main] DEBUG o.s.b.f.s.DefaultListableBeanFactory - Pre-instantiating singletons in org.springframework.beans.factory.support.DefaultListableBeanFactory@14b528b6: defining beans [org.springframework.context.annotation.internalConfigurationAnnotationProcessor,org.springframework.context.annotation.internalAutowiredAnnotationProcessor,org.springframework.context.annotation.internalRequiredAnnotationProcessor,org.springframework.context.annotation.internalCommonAnnotationProcessor,org.springframework.context.annotation.internalPersistenceAnnotationProcessor,org.springframework.context.event.internalEventListenerProcessor,org.springframework.context.event.internalEventListenerFactory,rootConfiguration,webMvcConfiguration,dataConfiguration,loginAuditingListener,securityConfig,defaultController,adminController,adminUserController,hospitalController,ICDCodesController,APIAppointmentRequestController,APIDiagnosisController,APIDrugController,APIEnumController,APIHospitalController,APIICDCodeController,APILogEntryController,APIOfficeVisitController,APIPasswordController,APIPatientController,APIPersonnelController,APIPrescriptionController,APIUserController,appointmentControllerHCP,HCPController,officeVisitController,appointmentController,diagnosesController,patientController,passwordController,userController,dataSource,org.springframework.security.config.annotation.configuration.ObjectPostProcessorConfiguration,objectPostProcessor,org.springframework.security.config.annotation.authentication.configuration.AuthenticationConfiguration,authenticationManagerBuilder,enableGlobalAuthenticationAutowiredConfigurer,initializeUserDetailsBeanManagerConfigurer,initializeAuthenticationProviderBeanManagerConfigurer,org.springframework.security.config.annotation.web.configuration.WebSecurityConfiguration,delegatingApplicationListener,webSecurityExpressionHandler,springSecurityFilterChain,privilegeEvaluator,autowiredWebSecurityConfigurersIgnoreParents,org.springframework.security.config.annotation.web.configuration.WebMvcSecurityConfiguration,requestDataValueProcessor,passwordEncoder,defaultAuthenticationEventPublisher,failureHandler,ipBlockFilter,org.springframework.web.servlet.config.annotation.DelegatingWebMvcConfiguration,mvcConversionService,requestMappingHandlerMapping,mvcPathMatcher,mvcUrlPathHelper,mvcContentNegotiationManager,viewControllerHandlerMapping,beanNameHandlerMapping,resourceHandlerMapping,mvcResourceUrlProvider,defaultServletHandlerMapping,requestMappingHandlerAdapter,mvcValidator,mvcUriComponentsContributor,httpRequestHandlerAdapter,simpleControllerHandlerAdapter,handlerExceptionResolver,mvcViewResolver,org.springframework.security.config.annotation.method.configuration.GlobalMethodSecurityConfiguration,methodSecurityInterceptor,methodSecurityMetadataSource,preInvocationAuthorizationAdvice,viewResolver,templateEngine,domainClassConverter,metaDataSourceAdvisor,org.springframework.aop.config.internalAutoProxyCreator]; root of factory hierarchy
03:44:39.988 [main] DEBUG o.s.b.f.s.DefaultListableBeanFactory - Returning cached instance of singleton bean 'org.springframework.context.annotation.internalConfigurationAnnotationProcessor'
03:44:39.989 [main] DEBUG o.s.b.f.s.DefaultListableBeanFactory - Returning cached instance of singleton bean 'org.springframework.context.annotation.internalAutowiredAnnotationProcessor'
03:44:39.989 [main] DEBUG o.s.b.f.s.DefaultListableBeanFactory - Returning cached instance of singleton bean 'org.springframework.context.annotation.internalRequiredAnnotationProcessor'
03:44:39.989 [main] DEBUG o.s.b.f.s.DefaultListableBeanFactory - Returning cached instance of singleton bean 'org.springframework.context.annotation.internalCommonAnnotationProcessor'
03:44:39.989 [main] DEBUG o.s.b.f.s.DefaultListableBeanFactory - Returning cached instance of singleton bean 'org.springframework.context.annotation.internalPersistenceAnnotationProcessor'
03:44:39.989 [main] DEBUG o.s.b.f.s.DefaultListableBeanFactory - Creating shared instance of singleton bean 'org.springframework.context.event.internalEventListenerProcessor'
03:44:39.989 [main] DEBUG o.s.b.f.s.DefaultListableBeanFactory - Creating instance of bean 'org.springframework.context.event.internalEventListenerProcessor'
03:44:39.991 [main] DEBUG o.s.b.f.s.DefaultListableBeanFactory - Eagerly caching bean 'org.springframework.context.event.internalEventListenerProcessor' to allow for resolving potential circular references
03:44:39.995 [main] DEBUG o.s.b.f.s.DefaultListableBeanFactory - Creating shared instance of singleton bean 'metaDataSourceAdvisor'
03:44:39.996 [main] DEBUG o.s.b.f.s.DefaultListableBeanFactory - Creating instance of bean 'metaDataSourceAdvisor'
03:44:40.002 [main] DEBUG o.s.b.f.s.DefaultListableBeanFactory - Creating shared instance of singleton bean 'methodSecurityMetadataSource'
03:44:40.003 [main] DEBUG o.s.b.f.s.DefaultListableBeanFactory - Creating instance of bean 'methodSecurityMetadataSource'
03:44:40.003 [main] DEBUG o.s.b.f.s.DefaultListableBeanFactory - Creating shared instance of singleton bean 'org.springframework.security.config.annotation.method.configuration.GlobalMethodSecurityConfiguration'
03:44:40.003 [main] DEBUG o.s.b.f.s.DefaultListableBeanFactory - Creating instance of bean 'org.springframework.security.config.annotation.method.configuration.GlobalMethodSecurityConfiguration'
03:44:40.029 [main] DEBUG o.s.b.f.annotation.InjectionMetadata - Registered injected element on class [org.springframework.security.config.annotation.method.configuration.GlobalMethodSecurityConfiguration$$EnhancerBySpringCGLIB$$41ffee0d]: AutowiredMethodElement for public void org.springframework.security.config.annotation.method.configuration.GlobalMethodSecurityConfiguration.setApplicationContext(org.springframework.context.ApplicationContext)
03:44:40.029 [main] DEBUG o.s.b.f.annotation.InjectionMetadata - Registered injected element on class [org.springframework.security.config.annotation.method.configuration.GlobalMethodSecurityConfiguration$$EnhancerBySpringCGLIB$$41ffee0d]: AutowiredMethodElement for public void org.springframework.security.config.annotation.method.configuration.GlobalMethodSecurityConfiguration.setObjectPostProcessor(org.springframework.security.config.annotation.ObjectPostProcessor)
03:44:40.030 [main] DEBUG o.s.b.f.annotation.InjectionMetadata - Registered injected element on class [org.springframework.security.config.annotation.method.configuration.GlobalMethodSecurityConfiguration$$EnhancerBySpringCGLIB$$41ffee0d]: AutowiredMethodElement for public void org.springframework.security.config.annotation.method.configuration.GlobalMethodSecurityConfiguration.setJsr250MethodSecurityMetadataSource(org.springframework.security.access.annotation.Jsr250MethodSecurityMetadataSource)
03:44:40.041 [main] DEBUG o.s.b.f.annotation.InjectionMetadata - Registered injected element on class [org.springframework.security.config.annotation.method.configuration.GlobalMethodSecurityConfiguration$$EnhancerBySpringCGLIB$$41ffee0d]: AutowiredMethodElement for public void org.springframework.security.config.annotation.method.configuration.GlobalMethodSecurityConfiguration.setMethodSecurityExpressionHandler(java.util.List)
03:44:40.042 [main] DEBUG o.s.b.f.s.DefaultListableBeanFactory - Eagerly caching bean 'org.springframework.security.config.annotation.method.configuration.GlobalMethodSecurityConfiguration' to allow for resolving potential circular references
03:44:40.043 [main] DEBUG o.s.b.f.annotation.InjectionMetadata - Processing injected element of bean 'org.springframework.security.config.annotation.method.configuration.GlobalMethodSecurityConfiguration': AutowiredMethodElement for public void org.springframework.security.config.annotation.method.configuration.GlobalMethodSecurityConfiguration.setApplicationContext(org.springframework.context.ApplicationContext)
03:44:40.049 [main] DEBUG o.s.b.f.a.AutowiredAnnotationBeanPostProcessor - Autowiring by type from bean name 'org.springframework.security.config.annotation.method.configuration.GlobalMethodSecurityConfiguration' to bean named 'org.springframework.web.context.support.GenericWebApplicationContext@a098d76'
03:44:40.050 [main] DEBUG o.s.b.f.annotation.InjectionMetadata - Processing injected element of bean 'org.springframework.security.config.annotation.method.configuration.GlobalMethodSecurityConfiguration': AutowiredMethodElement for public void org.springframework.security.config.annotation.method.configuration.GlobalMethodSecurityConfiguration.setObjectPostProcessor(org.springframework.security.config.annotation.ObjectPostProcessor)
03:44:40.053 [main] DEBUG o.s.b.f.s.DefaultListableBeanFactory - Creating shared instance of singleton bean 'objectPostProcessor'
03:44:40.053 [main] DEBUG o.s.b.f.s.DefaultListableBeanFactory - Creating instance of bean 'objectPostProcessor'
03:44:40.053 [main] DEBUG o.s.b.f.s.DefaultListableBeanFactory - Creating shared instance of singleton bean 'org.springframework.security.config.annotation.configuration.ObjectPostProcessorConfiguration'
03:44:40.053 [main] DEBUG o.s.b.f.s.DefaultListableBeanFactory - Creating instance of bean 'org.springframework.security.config.annotation.configuration.ObjectPostProcessorConfiguration'
03:44:40.054 [main] DEBUG o.s.b.f.s.DefaultListableBeanFactory - Eagerly caching bean 'org.springframework.security.config.annotation.configuration.ObjectPostProcessorConfiguration' to allow for resolving potential circular references
03:44:40.059 [main] DEBUG o.s.a.f.a.BeanFactoryAdvisorRetrievalHelper - Skipping currently created advisor 'metaDataSourceAdvisor'
03:44:40.064 [main] DEBUG o.s.b.f.s.DefaultListableBeanFactory - Finished creating instance of bean 'org.springframework.security.config.annotation.configuration.ObjectPostProcessorConfiguration'
03:44:40.073 [main] DEBUG o.s.b.f.s.DefaultListableBeanFactory - Autowiring by type from bean name 'objectPostProcessor' via factory method to bean named 'org.springframework.beans.factory.support.DefaultListableBeanFactory@14b528b6'
03:44:40.115 [main] DEBUG o.s.b.f.s.DefaultListableBeanFactory - Eagerly caching bean 'objectPostProcessor' to allow for resolving potential circular references
03:44:40.124 [main] DEBUG o.s.a.f.a.BeanFactoryAdvisorRetrievalHelper - Skipping currently created advisor 'metaDataSourceAdvisor'
03:44:40.125 [main] DEBUG o.s.b.f.s.DefaultListableBeanFactory - Finished creating instance of bean 'objectPostProcessor'
03:44:40.125 [main] DEBUG o.s.b.f.a.AutowiredAnnotationBeanPostProcessor - Autowiring by type from bean name 'org.springframework.security.config.annotation.method.configuration.GlobalMethodSecurityConfiguration' to bean named 'objectPostProcessor'
03:44:40.152 [main] DEBUG o.s.b.f.annotation.InjectionMetadata - Processing injected element of bean 'org.springframework.security.config.annotation.method.configuration.GlobalMethodSecurityConfiguration': AutowiredMethodElement for public void org.springframework.security.config.annotation.method.configuration.GlobalMethodSecurityConfiguration.setJsr250MethodSecurityMetadataSource(org.springframework.security.access.annotation.Jsr250MethodSecurityMetadataSource)
03:44:40.154 [main] DEBUG o.s.b.f.annotation.InjectionMetadata - Processing injected element of bean 'org.springframework.security.config.annotation.method.configuration.GlobalMethodSecurityConfiguration': AutowiredMethodElement for public void org.springframework.security.config.annotation.method.configuration.GlobalMethodSecurityConfiguration.setMethodSecurityExpressionHandler(java.util.List)
03:44:40.161 [main] DEBUG o.s.b.f.s.DefaultListableBeanFactory - Returning cached instance of singleton bean 'org.springframework.context.annotation.ConfigurationClassPostProcessor.importRegistry'
03:44:40.161 [main] DEBUG o.s.a.f.a.BeanFactoryAdvisorRetrievalHelper - Skipping currently created advisor 'metaDataSourceAdvisor'
03:44:40.162 [main] DEBUG o.s.b.f.s.DefaultListableBeanFactory - Finished creating instance of bean 'org.springframework.security.config.annotation.method.configuration.GlobalMethodSecurityConfiguration'
03:44:40.197 [main] DEBUG o.s.b.f.s.DefaultListableBeanFactory - Eagerly caching bean 'methodSecurityMetadataSource' to allow for resolving potential circular references
03:44:40.206 [main] DEBUG o.s.b.f.s.DefaultListableBeanFactory - Finished creating instance of bean 'methodSecurityMetadataSource'
03:44:40.215 [main] DEBUG o.s.b.f.s.DefaultListableBeanFactory - Eagerly caching bean 'metaDataSourceAdvisor' to allow for resolving potential circular references
03:44:40.224 [main] DEBUG o.s.b.f.s.DefaultListableBeanFactory - Finished creating instance of bean 'metaDataSourceAdvisor'
03:44:40.231 [main] DEBUG o.s.b.f.s.DefaultListableBeanFactory - Finished creating instance of bean 'org.springframework.context.event.internalEventListenerProcessor'
03:44:40.232 [main] DEBUG o.s.b.f.s.DefaultListableBeanFactory - Creating shared instance of singleton bean 'org.springframework.context.event.internalEventListenerFactory'
03:44:40.232 [main] DEBUG o.s.b.f.s.DefaultListableBeanFactory - Creating instance of bean 'org.springframework.context.event.internalEventListenerFactory'
03:44:40.233 [main] DEBUG o.s.b.f.s.DefaultListableBeanFactory - Eagerly caching bean 'org.springframework.context.event.internalEventListenerFactory' to allow for resolving potential circular references
03:44:40.240 [main] DEBUG o.s.b.f.s.DefaultListableBeanFactory - Returning cached instance of singleton bean 'metaDataSourceAdvisor'
03:44:40.242 [main] DEBUG o.s.b.f.s.DefaultListableBeanFactory - Finished creating instance of bean 'org.springframework.context.event.internalEventListenerFactory'
03:44:40.248 [main] DEBUG o.s.b.f.s.DefaultListableBeanFactory - Creating shared instance of singleton bean 'rootConfiguration'
03:44:40.249 [main] DEBUG o.s.b.f.s.DefaultListableBeanFactory - Creating instance of bean 'rootConfiguration'
03:44:40.251 [main] DEBUG o.s.b.f.s.DefaultListableBeanFactory - Eagerly caching bean 'rootConfiguration' to allow for resolving potential circular references
03:44:40.261 [main] DEBUG o.s.b.f.s.DefaultListableBeanFactory - Returning cached instance of singleton bean 'metaDataSourceAdvisor'
03:44:40.269 [main] DEBUG o.s.b.f.s.DefaultListableBeanFactory - Finished creating instance of bean 'rootConfiguration'
03:44:40.271 [main] DEBUG o.s.b.f.s.DefaultListableBeanFactory - Creating shared instance of singleton bean 'webMvcConfiguration'
03:44:40.271 [main] DEBUG o.s.b.f.s.DefaultListableBeanFactory - Creating instance of bean 'webMvcConfiguration'
03:44:40.276 [main] DEBUG o.s.b.f.annotation.InjectionMetadata - Registered injected element on class [edu.ncsu.csc.itrust2.mvc.config.WebMvcConfiguration$$EnhancerBySpringCGLIB$$f5213803]: AutowiredFieldElement for private org.springframework.context.ApplicationContext edu.ncsu.csc.itrust2.mvc.config.WebMvcConfiguration.applicationContext
03:44:40.276 [main] DEBUG o.s.b.f.annotation.InjectionMetadata - Registered injected element on class [edu.ncsu.csc.itrust2.mvc.config.WebMvcConfiguration$$EnhancerBySpringCGLIB$$f5213803]: AutowiredFieldElement for private org.springframework.format.support.FormattingConversionService edu.ncsu.csc.itrust2.mvc.config.WebMvcConfiguration.mvcConversionService
03:44:40.278 [main] DEBUG o.s.b.f.s.DefaultListableBeanFactory - Eagerly caching bean 'webMvcConfiguration' to allow for resolving potential circular references
03:44:40.298 [main] DEBUG o.s.b.f.annotation.InjectionMetadata - Processing injected element of bean 'webMvcConfiguration': AutowiredFieldElement for private org.springframework.context.ApplicationContext edu.ncsu.csc.itrust2.mvc.config.WebMvcConfiguration.applicationContext
03:44:40.299 [main] DEBUG o.s.b.f.a.AutowiredAnnotationBeanPostProcessor - Autowiring by type from bean name 'webMvcConfiguration' to bean named 'org.springframework.web.context.support.GenericWebApplicationContext@a098d76'
03:44:40.300 [main] DEBUG o.s.b.f.annotation.InjectionMetadata - Processing injected element of bean 'webMvcConfiguration': AutowiredFieldElement for private org.springframework.format.support.FormattingConversionService edu.ncsu.csc.itrust2.mvc.config.WebMvcConfiguration.mvcConversionService
03:44:40.302 [main] DEBUG o.s.b.f.s.DefaultListableBeanFactory - Creating shared instance of singleton bean 'mvcConversionService'
03:44:40.303 [main] DEBUG o.s.b.f.s.DefaultListableBeanFactory - Creating instance of bean 'mvcConversionService'
03:44:40.304 [main] DEBUG o.s.b.f.s.DefaultListableBeanFactory - Creating shared instance of singleton bean 'org.springframework.web.servlet.config.annotation.DelegatingWebMvcConfiguration'
03:44:40.305 [main] DEBUG o.s.b.f.s.DefaultListableBeanFactory - Creating instance of bean 'org.springframework.web.servlet.config.annotation.DelegatingWebMvcConfiguration'
03:44:40.337 [main] DEBUG o.s.b.f.annotation.InjectionMetadata - Registered injected element on class [org.springframework.web.servlet.config.annotation.DelegatingWebMvcConfiguration$$EnhancerBySpringCGLIB$$493e6857]: AutowiredMethodElement for public void org.springframework.web.servlet.config.annotation.DelegatingWebMvcConfiguration.setConfigurers(java.util.List)
03:44:40.339 [main] DEBUG o.s.b.f.s.DefaultListableBeanFactory - Eagerly caching bean 'org.springframework.web.servlet.config.annotation.DelegatingWebMvcConfiguration' to allow for resolving potential circular references
03:44:40.347 [main] DEBUG o.s.b.f.annotation.InjectionMetadata - Processing injected element of bean 'org.springframework.web.servlet.config.annotation.DelegatingWebMvcConfiguration': AutowiredMethodElement for public void org.springframework.web.servlet.config.annotation.DelegatingWebMvcConfiguration.setConfigurers(java.util.List)
03:44:40.349 [main] DEBUG o.s.b.f.s.DefaultListableBeanFactory - Returning cached instance of singleton bean 'metaDataSourceAdvisor'
03:44:40.379 [main] DEBUG o.s.b.f.s.DefaultListableBeanFactory - Returning eagerly cached instance of singleton bean 'webMvcConfiguration' that is not fully initialized yet - a consequence of a circular reference
03:44:40.381 [main] DEBUG o.s.b.f.s.DefaultListableBeanFactory - Creating shared instance of singleton bean 'org.springframework.security.config.annotation.web.configuration.WebMvcSecurityConfiguration'
03:44:40.381 [main] DEBUG o.s.b.f.s.DefaultListableBeanFactory - Creating instance of bean 'org.springframework.security.config.annotation.web.configuration.WebMvcSecurityConfiguration'
03:44:40.383 [main] DEBUG o.s.b.f.s.DefaultListableBeanFactory - Eagerly caching bean 'org.springframework.security.config.annotation.web.configuration.WebMvcSecurityConfiguration' to allow for resolving potential circular references
03:44:40.390 [main] DEBUG o.s.b.f.s.DefaultListableBeanFactory - Returning cached instance of singleton bean 'metaDataSourceAdvisor'
03:44:40.394 [main] DEBUG o.s.b.f.s.DefaultListableBeanFactory - Finished creating instance of bean 'org.springframework.security.config.annotation.web.configuration.WebMvcSecurityConfiguration'
03:44:40.412 [main] DEBUG o.s.b.f.a.AutowiredAnnotationBeanPostProcessor - Autowiring by type from bean name 'org.springframework.web.servlet.config.annotation.DelegatingWebMvcConfiguration' to bean named 'webMvcConfiguration'
03:44:40.412 [main] DEBUG o.s.b.f.a.AutowiredAnnotationBeanPostProcessor - Autowiring by type from bean name 'org.springframework.web.servlet.config.annotation.DelegatingWebMvcConfiguration' to bean named 'org.springframework.security.config.annotation.web.configuration.WebMvcSecurityConfiguration'
03:44:40.413 [main] DEBUG o.s.b.f.s.DefaultListableBeanFactory - Returning cached instance of singleton bean 'metaDataSourceAdvisor'
03:44:40.440 [main] DEBUG o.s.b.f.s.DefaultListableBeanFactory - Finished creating instance of bean 'org.springframework.web.servlet.config.annotation.DelegatingWebMvcConfiguration'
03:44:40.743 [main] DEBUG o.s.b.f.s.DefaultListableBeanFactory - Eagerly caching bean 'mvcConversionService' to allow for resolving potential circular references
03:44:40.752 [main] DEBUG o.s.b.f.s.DefaultListableBeanFactory - Returning cached instance of singleton bean 'metaDataSourceAdvisor'
03:44:40.757 [main] DEBUG o.s.b.f.s.DefaultListableBeanFactory - Finished creating instance of bean 'mvcConversionService'
03:44:40.758 [main] DEBUG o.s.b.f.a.AutowiredAnnotationBeanPostProcessor - Autowiring by type from bean name 'webMvcConfiguration' to bean named 'mvcConversionService'
03:44:40.758 [main] DEBUG o.s.b.f.s.DefaultListableBeanFactory - Finished creating instance of bean 'webMvcConfiguration'
03:44:40.758 [main] DEBUG o.s.b.f.s.DefaultListableBeanFactory - Creating shared instance of singleton bean 'dataConfiguration'
03:44:40.758 [main] DEBUG o.s.b.f.s.DefaultListableBeanFactory - Creating instance of bean 'dataConfiguration'
03:44:40.760 [main] DEBUG o.s.b.f.s.DefaultListableBeanFactory - Eagerly caching bean 'dataConfiguration' to allow for resolving potential circular references
03:44:40.763 [main] DEBUG o.s.b.f.s.DefaultListableBeanFactory - Returning cached instance of singleton bean 'metaDataSourceAdvisor'
03:44:40.765 [main] DEBUG o.s.b.f.s.DefaultListableBeanFactory - Finished creating instance of bean 'dataConfiguration'
03:44:40.765 [main] DEBUG o.s.b.f.s.DefaultListableBeanFactory - Creating shared instance of singleton bean 'loginAuditingListener'
03:44:40.765 [main] DEBUG o.s.b.f.s.DefaultListableBeanFactory - Creating instance of bean 'loginAuditingListener'
03:44:40.766 [main] DEBUG o.s.b.f.s.DefaultListableBeanFactory - Eagerly caching bean 'loginAuditingListener' to allow for resolving potential circular references
03:44:40.768 [main] DEBUG o.s.b.f.s.DefaultListableBeanFactory - Returning cached instance of singleton bean 'metaDataSourceAdvisor'
03:44:40.768 [main] DEBUG o.s.b.f.s.DefaultListableBeanFactory - Finished creating instance of bean 'loginAuditingListener'
03:44:40.769 [main] DEBUG o.s.b.f.s.DefaultListableBeanFactory - Creating shared instance of singleton bean 'securityConfig'
03:44:40.769 [main] DEBUG o.s.b.f.s.DefaultListableBeanFactory - Creating instance of bean 'securityConfig'
03:44:40.782 [main] DEBUG o.s.b.f.annotation.InjectionMetadata - Registered injected element on class [edu.ncsu.csc.itrust2.config.SecurityConfig$$EnhancerBySpringCGLIB$$f36018f]: AutowiredMethodElement for public void org.springframework.security.config.annotation.web.configuration.WebSecurityConfigurerAdapter.setApplicationContext(org.springframework.context.ApplicationContext)
03:44:40.782 [main] DEBUG o.s.b.f.annotation.InjectionMetadata - Registered injected element on class [edu.ncsu.csc.itrust2.config.SecurityConfig$$EnhancerBySpringCGLIB$$f36018f]: AutowiredMethodElement for public void org.springframework.security.config.annotation.web.configuration.WebSecurityConfigurerAdapter.setObjectPostProcessor(org.springframework.security.config.annotation.ObjectPostProcessor)
03:44:40.782 [main] DEBUG o.s.b.f.annotation.InjectionMetadata - Registered injected element on class [edu.ncsu.csc.itrust2.config.SecurityConfig$$EnhancerBySpringCGLIB$$f36018f]: AutowiredMethodElement for public void org.springframework.security.config.annotation.web.configuration.WebSecurityConfigurerAdapter.setTrustResolver(org.springframework.security.authentication.AuthenticationTrustResolver)
03:44:40.782 [main] DEBUG o.s.b.f.annotation.InjectionMetadata - Registered injected element on class [edu.ncsu.csc.itrust2.config.SecurityConfig$$EnhancerBySpringCGLIB$$f36018f]: AutowiredMethodElement for public void org.springframework.security.config.annotation.web.configuration.WebSecurityConfigurerAdapter.setContentNegotationStrategy(org.springframework.web.accept.ContentNegotiationStrategy)
03:44:40.782 [main] DEBUG o.s.b.f.annotation.InjectionMetadata - Registered injected element on class [edu.ncsu.csc.itrust2.config.SecurityConfig$$EnhancerBySpringCGLIB$$f36018f]: AutowiredMethodElement for public void org.springframework.security.config.annotation.web.configuration.WebSecurityConfigurerAdapter.setAuthenticationConfiguration(org.springframework.security.config.annotation.authentication.configuration.AuthenticationConfiguration)
03:44:40.782 [main] DEBUG o.s.b.f.annotation.InjectionMetadata - Registered injected element on class [edu.ncsu.csc.itrust2.config.SecurityConfig$$EnhancerBySpringCGLIB$$f36018f]: AutowiredFieldElement for javax.sql.DataSource edu.ncsu.csc.itrust2.config.SecurityConfig.dataSource
03:44:40.782 [main] DEBUG o.s.b.f.annotation.InjectionMetadata - Registered injected element on class [edu.ncsu.csc.itrust2.config.SecurityConfig$$EnhancerBySpringCGLIB$$f36018f]: AutowiredMethodElement for public void edu.ncsu.csc.itrust2.config.SecurityConfig.configureGlobal(org.springframework.security.config.annotation.authentication.builders.AuthenticationManagerBuilder) throws java.lang.Exception
03:44:40.783 [main] DEBUG o.s.b.f.s.DefaultListableBeanFactory - Eagerly caching bean 'securityConfig' to allow for resolving potential circular references
03:44:40.783 [main] DEBUG o.s.b.f.annotation.InjectionMetadata - Processing injected element of bean 'securityConfig': AutowiredMethodElement for public void org.springframework.security.config.annotation.web.configuration.WebSecurityConfigurerAdapter.setApplicationContext(org.springframework.context.ApplicationContext)
03:44:40.783 [main] DEBUG o.s.b.f.a.AutowiredAnnotationBeanPostProcessor - Autowiring by type from bean name 'securityConfig' to bean named 'org.springframework.web.context.support.GenericWebApplicationContext@a098d76'
03:44:40.783 [main] DEBUG o.s.b.f.annotation.InjectionMetadata - Processing injected element of bean 'securityConfig': AutowiredMethodElement for public void org.springframework.security.config.annotation.web.configuration.WebSecurityConfigurerAdapter.setObjectPostProcessor(org.springframework.security.config.annotation.ObjectPostProcessor)
03:44:40.784 [main] DEBUG o.s.b.f.s.DefaultListableBeanFactory - Returning cached instance of singleton bean 'objectPostProcessor'
03:44:40.784 [main] DEBUG o.s.b.f.a.AutowiredAnnotationBeanPostProcessor - Autowiring by type from bean name 'securityConfig' to bean named 'objectPostProcessor'
03:44:40.790 [main] DEBUG o.s.b.f.annotation.InjectionMetadata - Processing injected element of bean 'securityConfig': AutowiredMethodElement for public void org.springframework.security.config.annotation.web.configuration.WebSecurityConfigurerAdapter.setTrustResolver(org.springframework.security.authentication.AuthenticationTrustResolver)
03:44:40.791 [main] DEBUG o.s.b.f.annotation.InjectionMetadata - Processing injected element of bean 'securityConfig': AutowiredMethodElement for public void org.springframework.security.config.annotation.web.configuration.WebSecurityConfigurerAdapter.setContentNegotationStrategy(org.springframework.web.accept.ContentNegotiationStrategy)
03:44:40.792 [main] DEBUG o.s.b.f.s.DefaultListableBeanFactory - Creating shared instance of singleton bean 'mvcContentNegotiationManager'
03:44:40.792 [main] DEBUG o.s.b.f.s.DefaultListableBeanFactory - Creating instance of bean 'mvcContentNegotiationManager'
03:44:40.793 [main] DEBUG o.s.b.f.s.DefaultListableBeanFactory - Returning cached instance of singleton bean 'org.springframework.web.servlet.config.annotation.DelegatingWebMvcConfiguration'
03:44:40.814 [main] DEBUG o.s.b.f.s.DefaultListableBeanFactory - Eagerly caching bean 'mvcContentNegotiationManager' to allow for resolving potential circular references
03:44:40.818 [main] DEBUG o.s.b.f.s.DefaultListableBeanFactory - Returning cached instance of singleton bean 'metaDataSourceAdvisor'
03:44:40.827 [main] DEBUG o.s.b.f.s.DefaultListableBeanFactory - Finished creating instance of bean 'mvcContentNegotiationManager'
03:44:40.827 [main] DEBUG o.s.b.f.a.AutowiredAnnotationBeanPostProcessor - Autowiring by type from bean name 'securityConfig' to bean named 'mvcContentNegotiationManager'
03:44:40.827 [main] DEBUG o.s.b.f.annotation.InjectionMetadata - Processing injected element of bean 'securityConfig': AutowiredMethodElement for public void org.springframework.security.config.annotation.web.configuration.WebSecurityConfigurerAdapter.setAuthenticationConfiguration(org.springframework.security.config.annotation.authentication.configuration.AuthenticationConfiguration)
03:44:40.828 [main] DEBUG o.s.b.f.s.DefaultListableBeanFactory - Creating shared instance of singleton bean 'org.springframework.security.config.annotation.authentication.configuration.AuthenticationConfiguration'
03:44:40.828 [main] DEBUG o.s.b.f.s.DefaultListableBeanFactory - Creating instance of bean 'org.springframework.security.config.annotation.authentication.configuration.AuthenticationConfiguration'
03:44:40.838 [main] DEBUG o.s.b.f.annotation.InjectionMetadata - Registered injected element on class [org.springframework.security.config.annotation.authentication.configuration.AuthenticationConfiguration$$EnhancerBySpringCGLIB$$68f455d0]: AutowiredMethodElement for public void org.springframework.security.config.annotation.authentication.configuration.AuthenticationConfiguration.setApplicationContext(org.springframework.context.ApplicationContext)
03:44:40.838 [main] DEBUG o.s.b.f.annotation.InjectionMetadata - Registered injected element on class [org.springframework.security.config.annotation.authentication.configuration.AuthenticationConfiguration$$EnhancerBySpringCGLIB$$68f455d0]: AutowiredMethodElement for public void org.springframework.security.config.annotation.authentication.configuration.AuthenticationConfiguration.setGlobalAuthenticationConfigurers(java.util.List) throws java.lang.Exception
03:44:40.839 [main] DEBUG o.s.b.f.annotation.InjectionMetadata - Registered injected element on class [org.springframework.security.config.annotation.authentication.configuration.AuthenticationConfiguration$$EnhancerBySpringCGLIB$$68f455d0]: AutowiredMethodElement for public void org.springframework.security.config.annotation.authentication.configuration.AuthenticationConfiguration.setObjectPostProcessor(org.springframework.security.config.annotation.ObjectPostProcessor)
03:44:40.839 [main] DEBUG o.s.b.f.s.DefaultListableBeanFactory - Eagerly caching bean 'org.springframework.security.config.annotation.authentication.configuration.AuthenticationConfiguration' to allow for resolving potential circular references
03:44:40.840 [main] DEBUG o.s.b.f.annotation.InjectionMetadata - Processing injected element of bean 'org.springframework.security.config.annotation.authentication.configuration.AuthenticationConfiguration': AutowiredMethodElement for public void org.springframework.security.config.annotation.authentication.configuration.AuthenticationConfiguration.setApplicationContext(org.springframework.context.ApplicationContext)
03:44:40.840 [main] DEBUG o.s.b.f.a.AutowiredAnnotationBeanPostProcessor - Autowiring by type from bean name 'org.springframework.security.config.annotation.authentication.configuration.AuthenticationConfiguration' to bean named 'org.springframework.web.context.support.GenericWebApplicationContext@a098d76'
03:44:40.840 [main] DEBUG o.s.b.f.annotation.InjectionMetadata - Processing injected element of bean 'org.springframework.security.config.annotation.authentication.configuration.AuthenticationConfiguration': AutowiredMethodElement for public void org.springframework.security.config.annotation.authentication.configuration.AuthenticationConfiguration.setGlobalAuthenticationConfigurers(java.util.List) throws java.lang.Exception
03:44:40.841 [main] DEBUG o.s.b.f.s.DefaultListableBeanFactory - Creating shared instance of singleton bean 'enableGlobalAuthenticationAutowiredConfigurer'
03:44:40.842 [main] DEBUG o.s.b.f.s.DefaultListableBeanFactory - Creating instance of bean 'enableGlobalAuthenticationAutowiredConfigurer'
03:44:40.846 [main] DEBUG o.s.b.f.s.DefaultListableBeanFactory - Autowiring by type from bean name 'enableGlobalAuthenticationAutowiredConfigurer' via factory method to bean named 'org.springframework.web.context.support.GenericWebApplicationContext@a098d76'
03:44:40.848 [main] DEBUG o.s.b.f.s.DefaultListableBeanFactory - Eagerly caching bean 'enableGlobalAuthenticationAutowiredConfigurer' to allow for resolving potential circular references
03:44:40.854 [main] DEBUG o.s.b.f.s.DefaultListableBeanFactory - Returning cached instance of singleton bean 'metaDataSourceAdvisor'
03:44:40.863 [main] DEBUG o.s.b.f.s.DefaultListableBeanFactory - Finished creating instance of bean 'enableGlobalAuthenticationAutowiredConfigurer'
03:44:40.865 [main] DEBUG o.s.b.f.s.DefaultListableBeanFactory - Creating shared instance of singleton bean 'initializeUserDetailsBeanManagerConfigurer'
03:44:40.865 [main] DEBUG o.s.b.f.s.DefaultListableBeanFactory - Creating instance of bean 'initializeUserDetailsBeanManagerConfigurer'
03:44:40.867 [main] DEBUG o.s.b.f.s.DefaultListableBeanFactory - Autowiring by type from bean name 'initializeUserDetailsBeanManagerConfigurer' via factory method to bean named 'org.springframework.web.context.support.GenericWebApplicationContext@a098d76'
03:44:40.869 [main] DEBUG o.s.b.f.s.DefaultListableBeanFactory - Eagerly caching bean 'initializeUserDetailsBeanManagerConfigurer' to allow for resolving potential circular references
03:44:40.875 [main] DEBUG o.s.b.f.s.DefaultListableBeanFactory - Returning cached instance of singleton bean 'metaDataSourceAdvisor'
03:44:40.882 [main] DEBUG o.s.b.f.s.DefaultListableBeanFactory - Finished creating instance of bean 'initializeUserDetailsBeanManagerConfigurer'
03:44:40.884 [main] DEBUG o.s.b.f.s.DefaultListableBeanFactory - Creating shared instance of singleton bean 'initializeAuthenticationProviderBeanManagerConfigurer'
03:44:40.884 [main] DEBUG o.s.b.f.s.DefaultListableBeanFactory - Creating instance of bean 'initializeAuthenticationProviderBeanManagerConfigurer'
03:44:40.885 [main] DEBUG o.s.b.f.s.DefaultListableBeanFactory - Autowiring by type from bean name 'initializeAuthenticationProviderBeanManagerConfigurer' via factory method to bean named 'org.springframework.web.context.support.GenericWebApplicationContext@a098d76'
03:44:40.891 [main] DEBUG o.s.b.f.s.DefaultListableBeanFactory - Eagerly caching bean 'initializeAuthenticationProviderBeanManagerConfigurer' to allow for resolving potential circular references
03:44:40.898 [main] DEBUG o.s.b.f.s.DefaultListableBeanFactory - Returning cached instance of singleton bean 'metaDataSourceAdvisor'
03:44:40.904 [main] DEBUG o.s.b.f.s.DefaultListableBeanFactory - Finished creating instance of bean 'initializeAuthenticationProviderBeanManagerConfigurer'
03:44:40.906 [main] DEBUG o.s.b.f.a.AutowiredAnnotationBeanPostProcessor - Autowiring by type from bean name 'org.springframework.security.config.annotation.authentication.configuration.AuthenticationConfiguration' to bean named 'enableGlobalAuthenticationAutowiredConfigurer'
03:44:40.906 [main] DEBUG o.s.b.f.a.AutowiredAnnotationBeanPostProcessor - Autowiring by type from bean name 'org.springframework.security.config.annotation.authentication.configuration.AuthenticationConfiguration' to bean named 'initializeUserDetailsBeanManagerConfigurer'
03:44:40.906 [main] DEBUG o.s.b.f.a.AutowiredAnnotationBeanPostProcessor - Autowiring by type from bean name 'org.springframework.security.config.annotation.authentication.configuration.AuthenticationConfiguration' to bean named 'initializeAuthenticationProviderBeanManagerConfigurer'
03:44:40.908 [main] DEBUG o.s.b.f.annotation.InjectionMetadata - Processing injected element of bean 'org.springframework.security.config.annotation.authentication.configuration.AuthenticationConfiguration': AutowiredMethodElement for public void org.springframework.security.config.annotation.authentication.configuration.AuthenticationConfiguration.setObjectPostProcessor(org.springframework.security.config.annotation.ObjectPostProcessor)
03:44:40.909 [main] DEBUG o.s.b.f.s.DefaultListableBeanFactory - Returning cached instance of singleton bean 'objectPostProcessor'
03:44:40.909 [main] DEBUG o.s.b.f.a.AutowiredAnnotationBeanPostProcessor - Autowiring by type from bean name 'org.springframework.security.config.annotation.authentication.configuration.AuthenticationConfiguration' to bean named 'objectPostProcessor'
03:44:40.910 [main] DEBUG o.s.b.f.s.DefaultListableBeanFactory - Returning cached instance of singleton bean 'metaDataSourceAdvisor'
03:44:40.914 [main] DEBUG o.s.b.f.s.DefaultListableBeanFactory - Finished creating instance of bean 'org.springframework.security.config.annotation.authentication.configuration.AuthenticationConfiguration'
03:44:40.924 [main] DEBUG o.s.b.f.a.AutowiredAnnotationBeanPostProcessor - Autowiring by type from bean name 'securityConfig' to bean named 'org.springframework.security.config.annotation.authentication.configuration.AuthenticationConfiguration'
03:44:40.926 [main] DEBUG o.s.b.f.annotation.InjectionMetadata - Processing injected element of bean 'securityConfig': AutowiredFieldElement for javax.sql.DataSource edu.ncsu.csc.itrust2.config.SecurityConfig.dataSource
03:44:40.927 [main] DEBUG o.s.b.f.s.DefaultListableBeanFactory - Creating shared instance of singleton bean 'dataSource'
03:44:40.927 [main] DEBUG o.s.b.f.s.DefaultListableBeanFactory - Creating instance of bean 'dataSource'
03:44:40.928 [main] DEBUG o.s.b.f.s.DefaultListableBeanFactory - Returning cached instance of singleton bean 'dataConfiguration'
03:44:40.957 [main] INFO  o.s.j.d.DriverManagerDataSource - Loaded JDBC driver: com.mysql.jdbc.Driver
03:44:40.962 [main] DEBUG o.s.b.f.s.DefaultListableBeanFactory - Eagerly caching bean 'dataSource' to allow for resolving potential circular references
03:44:40.974 [main] DEBUG o.s.b.f.s.DefaultListableBeanFactory - Returning cached instance of singleton bean 'metaDataSourceAdvisor'
03:44:40.998 [main] DEBUG o.s.b.f.s.DefaultListableBeanFactory - Finished creating instance of bean 'dataSource'
03:44:40.999 [main] DEBUG o.s.b.f.a.AutowiredAnnotationBeanPostProcessor - Autowiring by type from bean name 'securityConfig' to bean named 'dataSource'
03:44:40.999 [main] DEBUG o.s.b.f.annotation.InjectionMetadata - Processing injected element of bean 'securityConfig': AutowiredMethodElement for public void edu.ncsu.csc.itrust2.config.SecurityConfig.configureGlobal(org.springframework.security.config.annotation.authentication.builders.AuthenticationManagerBuilder) throws java.lang.Exception
03:44:41.000 [main] DEBUG o.s.b.f.s.DefaultListableBeanFactory - Creating shared instance of singleton bean 'authenticationManagerBuilder'
03:44:41.000 [main] DEBUG o.s.b.f.s.DefaultListableBeanFactory - Creating instance of bean 'authenticationManagerBuilder'
03:44:41.001 [main] DEBUG o.s.b.f.s.DefaultListableBeanFactory - Returning cached instance of singleton bean 'org.springframework.security.config.annotation.authentication.configuration.AuthenticationConfiguration'
03:44:41.003 [main] DEBUG o.s.b.f.s.DefaultListableBeanFactory - Returning cached instance of singleton bean 'objectPostProcessor'
03:44:41.003 [main] DEBUG o.s.b.f.s.DefaultListableBeanFactory - Autowiring by type from bean name 'authenticationManagerBuilder' via factory method to bean named 'objectPostProcessor'
03:44:41.027 [main] DEBUG o.s.b.f.s.DefaultListableBeanFactory - Eagerly caching bean 'authenticationManagerBuilder' to allow for resolving potential circular references
03:44:41.049 [main] DEBUG o.s.b.f.s.DefaultListableBeanFactory - Returning cached instance of singleton bean 'metaDataSourceAdvisor'
03:44:41.054 [main] DEBUG o.s.b.f.s.DefaultListableBeanFactory - Finished creating instance of bean 'authenticationManagerBuilder'
03:44:41.054 [main] DEBUG o.s.b.f.a.AutowiredAnnotationBeanPostProcessor - Autowiring by type from bean name 'securityConfig' to bean named 'authenticationManagerBuilder'
03:44:41.097 [main] DEBUG o.s.b.f.s.DefaultListableBeanFactory - Creating shared instance of singleton bean 'passwordEncoder'
03:44:41.098 [main] DEBUG o.s.b.f.s.DefaultListableBeanFactory - Creating instance of bean 'passwordEncoder'
03:44:41.098 [main] DEBUG o.s.b.f.s.DefaultListableBeanFactory - Returning cached instance of singleton bean 'metaDataSourceAdvisor'
03:44:41.131 [main] DEBUG o.s.b.f.s.DefaultListableBeanFactory - Returning eagerly cached instance of singleton bean 'securityConfig' that is not fully initialized yet - a consequence of a circular reference
03:44:41.152 [main] DEBUG o.s.b.f.s.DefaultListableBeanFactory - Eagerly caching bean 'passwordEncoder' to allow for resolving potential circular references
03:44:41.154 [main] DEBUG o.s.b.f.s.DefaultListableBeanFactory - Returning cached instance of singleton bean 'metaDataSourceAdvisor'
03:44:41.155 [main] DEBUG o.s.b.f.s.DefaultListableBeanFactory - Finished creating instance of bean 'passwordEncoder'
03:44:41.328 [main] DEBUG o.s.b.f.s.DefaultListableBeanFactory - Creating shared instance of singleton bean 'defaultAuthenticationEventPublisher'
03:44:41.328 [main] DEBUG o.s.b.f.s.DefaultListableBeanFactory - Creating instance of bean 'defaultAuthenticationEventPublisher'
03:44:41.329 [main] DEBUG o.s.b.f.s.DefaultListableBeanFactory - Returning eagerly cached instance of singleton bean 'securityConfig' that is not fully initialized yet - a consequence of a circular reference
03:44:41.334 [main] DEBUG o.s.b.f.s.DefaultListableBeanFactory - Eagerly caching bean 'defaultAuthenticationEventPublisher' to allow for resolving potential circular references
03:44:41.338 [main] DEBUG o.s.b.f.s.DefaultListableBeanFactory - Returning cached instance of singleton bean 'metaDataSourceAdvisor'
03:44:41.338 [main] DEBUG o.s.b.f.s.DefaultListableBeanFactory - Finished creating instance of bean 'defaultAuthenticationEventPublisher'
03:44:41.339 [main] DEBUG o.s.b.f.s.DefaultListableBeanFactory - Finished creating instance of bean 'securityConfig'
03:44:41.339 [main] DEBUG o.s.b.f.s.DefaultListableBeanFactory - Creating shared instance of singleton bean 'defaultController'
03:44:41.340 [main] DEBUG o.s.b.f.s.DefaultListableBeanFactory - Creating instance of bean 'defaultController'
03:44:41.347 [main] DEBUG o.s.b.f.s.DefaultListableBeanFactory - Eagerly caching bean 'defaultController' to allow for resolving potential circular references
03:44:41.349 [main] DEBUG o.s.b.f.s.DefaultListableBeanFactory - Returning cached instance of singleton bean 'metaDataSourceAdvisor'
03:44:41.350 [main] DEBUG o.s.b.f.s.DefaultListableBeanFactory - Finished creating instance of bean 'defaultController'
03:44:41.350 [main] DEBUG o.s.b.f.s.DefaultListableBeanFactory - Creating shared instance of singleton bean 'adminController'
03:44:41.350 [main] DEBUG o.s.b.f.s.DefaultListableBeanFactory - Creating instance of bean 'adminController'
03:44:41.351 [main] DEBUG o.s.b.f.s.DefaultListableBeanFactory - Eagerly caching bean 'adminController' to allow for resolving potential circular references
03:44:41.353 [main] DEBUG o.s.b.f.s.DefaultListableBeanFactory - Returning cached instance of singleton bean 'metaDataSourceAdvisor'
03:44:41.357 [main] DEBUG o.s.s.a.p.PrePostAnnotationSecurityMetadataSource - @org.springframework.security.access.prepost.PreAuthorize(value=hasRole('ROLE_ADMIN')) found on specific method: public java.lang.String edu.ncsu.csc.itrust2.controllers.admin.AdminController.index(org.springframework.ui.Model)
03:44:41.411 [main] DEBUG o.s.s.a.m.DelegatingMethodSecurityMetadataSource - Caching method [CacheKey[edu.ncsu.csc.itrust2.controllers.admin.AdminController; public java.lang.String edu.ncsu.csc.itrust2.controllers.admin.AdminController.index(org.springframework.ui.Model)]] with attributes [[authorize: 'hasRole('ROLE_ADMIN')', filter: 'null', filterTarget: 'null']]
03:44:41.417 [main] DEBUG o.s.a.f.a.InfrastructureAdvisorAutoProxyCreator - Creating implicit proxy for bean 'adminController' with 0 common interceptors and 1 specific interceptors
03:44:41.421 [main] DEBUG o.s.aop.framework.CglibAopProxy - Creating CGLIB proxy: target source is SingletonTargetSource for target object [edu.ncsu.csc.itrust2.controllers.admin.AdminController@4b90a402]
03:44:41.430 [main] DEBUG o.s.b.f.s.DefaultListableBeanFactory - Creating shared instance of singleton bean 'methodSecurityInterceptor'
03:44:41.430 [main] DEBUG o.s.b.f.s.DefaultListableBeanFactory - Creating instance of bean 'methodSecurityInterceptor'
03:44:41.430 [main] DEBUG o.s.b.f.s.DefaultListableBeanFactory - Returning cached instance of singleton bean 'org.springframework.security.config.annotation.method.configuration.GlobalMethodSecurityConfiguration'
03:44:41.442 [main] DEBUG o.s.b.f.s.DefaultListableBeanFactory - Returning cached instance of singleton bean 'methodSecurityMetadataSource'
03:44:41.443 [main] DEBUG o.s.b.f.s.DefaultListableBeanFactory - Eagerly caching bean 'methodSecurityInterceptor' to allow for resolving potential circular references
03:44:41.451 [main] DEBUG o.s.b.f.s.DefaultListableBeanFactory - Invoking afterPropertiesSet() on bean with name 'methodSecurityInterceptor'
03:44:41.451 [main] DEBUG o.s.s.a.i.a.MethodSecurityInterceptor - Validated configuration attributes
03:44:41.452 [main] DEBUG o.s.b.f.s.DefaultListableBeanFactory - Finished creating instance of bean 'methodSecurityInterceptor'
03:44:41.456 [main] DEBUG o.s.aop.framework.CglibAopProxy - Unable to apply any optimisations to advised method: public java.lang.String edu.ncsu.csc.itrust2.controllers.admin.AdminController.index(org.springframework.ui.Model)
03:44:41.456 [main] DEBUG o.s.aop.framework.CglibAopProxy - Found 'equals' method: public boolean java.lang.Object.equals(java.lang.Object)
03:44:41.457 [main] DEBUG o.s.aop.framework.CglibAopProxy - Unable to apply any optimisations to advised method: public java.lang.String java.lang.Object.toString()
03:44:41.457 [main] DEBUG o.s.aop.framework.CglibAopProxy - Found 'hashCode' method: public native int java.lang.Object.hashCode()
03:44:41.457 [main] DEBUG o.s.aop.framework.CglibAopProxy - Unable to apply any optimisations to advised method: protected native java.lang.Object java.lang.Object.clone() throws java.lang.CloneNotSupportedException
03:44:41.457 [main] DEBUG o.s.aop.framework.CglibAopProxy - Method is declared on Advised interface: public abstract void org.springframework.aop.framework.Advised.setTargetSource(org.springframework.aop.TargetSource)
03:44:41.457 [main] DEBUG o.s.aop.framework.CglibAopProxy - Method is declared on Advised interface: public abstract org.springframework.aop.TargetSource org.springframework.aop.framework.Advised.getTargetSource()
03:44:41.457 [main] DEBUG o.s.aop.framework.CglibAopProxy - Method is declared on Advised interface: public abstract boolean org.springframework.aop.framework.Advised.isProxyTargetClass()
03:44:41.458 [main] DEBUG o.s.aop.framework.CglibAopProxy - Method is declared on Advised interface: public abstract void org.springframework.aop.framework.Advised.addAdvisor(org.springframework.aop.Advisor) throws org.springframework.aop.framework.AopConfigException
03:44:41.458 [main] DEBUG o.s.aop.framework.CglibAopProxy - Method is declared on Advised interface: public abstract void org.springframework.aop.framework.Advised.addAdvisor(int,org.springframework.aop.Advisor) throws org.springframework.aop.framework.AopConfigException
03:44:41.458 [main] DEBUG o.s.aop.framework.CglibAopProxy - Method is declared on Advised interface: public abstract void org.springframework.aop.framework.Advised.setPreFiltered(boolean)
03:44:41.458 [main] DEBUG o.s.aop.framework.CglibAopProxy - Method is declared on Advised interface: public abstract boolean org.springframework.aop.framework.Advised.isExposeProxy()
03:44:41.458 [main] DEBUG o.s.aop.framework.CglibAopProxy - Method is declared on Advised interface: public abstract void org.springframework.aop.framework.Advised.setExposeProxy(boolean)
03:44:41.458 [main] DEBUG o.s.aop.framework.CglibAopProxy - Method is declared on Advised interface: public abstract boolean org.springframework.aop.framework.Advised.isPreFiltered()
03:44:41.458 [main] DEBUG o.s.aop.framework.CglibAopProxy - Method is declared on Advised interface: public abstract java.lang.Class[] org.springframework.aop.framework.Advised.getProxiedInterfaces()
03:44:41.458 [main] DEBUG o.s.aop.framework.CglibAopProxy - Method is declared on Advised interface: public abstract boolean org.springframework.aop.framework.Advised.isInterfaceProxied(java.lang.Class)
03:44:41.458 [main] DEBUG o.s.aop.framework.CglibAopProxy - Method is declared on Advised interface: public abstract org.springframework.aop.Advisor[] org.springframework.aop.framework.Advised.getAdvisors()
03:44:41.459 [main] DEBUG o.s.aop.framework.CglibAopProxy - Method is declared on Advised interface: public abstract void org.springframework.aop.framework.Advised.removeAdvisor(int) throws org.springframework.aop.framework.AopConfigException
03:44:41.459 [main] DEBUG o.s.aop.framework.CglibAopProxy - Method is declared on Advised interface: public abstract boolean org.springframework.aop.framework.Advised.removeAdvisor(org.springframework.aop.Advisor)
03:44:41.459 [main] DEBUG o.s.aop.framework.CglibAopProxy - Method is declared on Advised interface: public abstract boolean org.springframework.aop.framework.Advised.replaceAdvisor(org.springframework.aop.Advisor,org.springframework.aop.Advisor) throws org.springframework.aop.framework.AopConfigException
03:44:41.460 [main] DEBUG o.s.aop.framework.CglibAopProxy - Method is declared on Advised interface: public abstract boolean org.springframework.aop.framework.Advised.removeAdvice(org.aopalliance.aop.Advice)
03:44:41.460 [main] DEBUG o.s.aop.framework.CglibAopProxy - Method is declared on Advised interface: public abstract java.lang.String org.springframework.aop.framework.Advised.toProxyConfigString()
03:44:41.460 [main] DEBUG o.s.aop.framework.CglibAopProxy - Method is declared on Advised interface: public abstract void org.springframework.aop.framework.Advised.addAdvice(int,org.aopalliance.aop.Advice) throws org.springframework.aop.framework.AopConfigException
03:44:41.460 [main] DEBUG o.s.aop.framework.CglibAopProxy - Method is declared on Advised interface: public abstract void org.springframework.aop.framework.Advised.addAdvice(org.aopalliance.aop.Advice) throws org.springframework.aop.framework.AopConfigException
03:44:41.460 [main] DEBUG o.s.aop.framework.CglibAopProxy - Method is declared on Advised interface: public abstract int org.springframework.aop.framework.Advised.indexOf(org.aopalliance.aop.Advice)
03:44:41.460 [main] DEBUG o.s.aop.framework.CglibAopProxy - Method is declared on Advised interface: public abstract int org.springframework.aop.framework.Advised.indexOf(org.springframework.aop.Advisor)
03:44:41.461 [main] DEBUG o.s.aop.framework.CglibAopProxy - Method is declared on Advised interface: public abstract boolean org.springframework.aop.framework.Advised.isFrozen()
03:44:41.461 [main] DEBUG o.s.aop.framework.CglibAopProxy - Method is declared on Advised interface: public abstract java.lang.Class org.springframework.aop.TargetClassAware.getTargetClass()
03:44:41.487 [main] DEBUG o.s.b.f.s.DefaultListableBeanFactory - Finished creating instance of bean 'adminController'
03:44:41.487 [main] DEBUG o.s.b.f.s.DefaultListableBeanFactory - Creating shared instance of singleton bean 'adminUserController'
03:44:41.487 [main] DEBUG o.s.b.f.s.DefaultListableBeanFactory - Creating instance of bean 'adminUserController'
03:44:41.492 [main] DEBUG o.s.b.f.s.DefaultListableBeanFactory - Eagerly caching bean 'adminUserController' to allow for resolving potential circular references
03:44:41.493 [main] DEBUG o.s.b.f.s.DefaultListableBeanFactory - Returning cached instance of singleton bean 'metaDataSourceAdvisor'
03:44:41.494 [main] DEBUG o.s.s.a.p.PrePostAnnotationSecurityMetadataSource - @org.springframework.security.access.prepost.PreAuthorize(value=hasRole('ROLE_ADMIN')) found on specific method: public java.lang.String edu.ncsu.csc.itrust2.controllers.admin.AdminUserController.deleteUser(org.springframework.ui.Model)
03:44:41.495 [main] DEBUG o.s.s.a.m.DelegatingMethodSecurityMetadataSource - Caching method [CacheKey[edu.ncsu.csc.itrust2.controllers.admin.AdminUserController; public java.lang.String edu.ncsu.csc.itrust2.controllers.admin.AdminUserController.deleteUser(org.springframework.ui.Model)]] with attributes [[authorize: 'hasRole('ROLE_ADMIN')', filter: 'null', filterTarget: 'null']]
03:44:41.495 [main] DEBUG o.s.a.f.a.InfrastructureAdvisorAutoProxyCreator - Creating implicit proxy for bean 'adminUserController' with 0 common interceptors and 1 specific interceptors
03:44:41.495 [main] DEBUG o.s.aop.framework.CglibAopProxy - Creating CGLIB proxy: target source is SingletonTargetSource for target object [edu.ncsu.csc.itrust2.controllers.admin.AdminUserController@6942ff10]
03:44:41.496 [main] DEBUG o.s.aop.framework.CglibAopProxy - Unable to apply any optimisations to advised method: public java.lang.String edu.ncsu.csc.itrust2.controllers.admin.AdminUserController.deleteUser(org.springframework.ui.Model)
03:44:41.497 [main] DEBUG o.s.s.a.p.PrePostAnnotationSecurityMetadataSource - @org.springframework.security.access.prepost.PreAuthorize(value=hasRole('ROLE_ADMIN')) found on specific method: public java.lang.String edu.ncsu.csc.itrust2.controllers.admin.AdminUserController.deleteUserSubmit(edu.ncsu.csc.itrust2.forms.admin.DeleteUserForm,org.springframework.validation.BindingResult,org.springframework.ui.Model)
03:44:41.497 [main] DEBUG o.s.s.a.m.DelegatingMethodSecurityMetadataSource - Caching method [CacheKey[edu.ncsu.csc.itrust2.controllers.admin.AdminUserController; public java.lang.String edu.ncsu.csc.itrust2.controllers.admin.AdminUserController.deleteUserSubmit(edu.ncsu.csc.itrust2.forms.admin.DeleteUserForm,org.springframework.validation.BindingResult,org.springframework.ui.Model)]] with attributes [[authorize: 'hasRole('ROLE_ADMIN')', filter: 'null', filterTarget: 'null']]
03:44:41.497 [main] DEBUG o.s.aop.framework.CglibAopProxy - Unable to apply any optimisations to advised method: public java.lang.String edu.ncsu.csc.itrust2.controllers.admin.AdminUserController.deleteUserSubmit(edu.ncsu.csc.itrust2.forms.admin.DeleteUserForm,org.springframework.validation.BindingResult,org.springframework.ui.Model)
03:44:41.497 [main] DEBUG o.s.s.a.p.PrePostAnnotationSecurityMetadataSource - @org.springframework.security.access.prepost.PreAuthorize(value=hasRole('ROLE_ADMIN')) found on specific method: public java.lang.String edu.ncsu.csc.itrust2.controllers.admin.AdminUserController.drugs(org.springframework.ui.Model)
03:44:41.498 [main] DEBUG o.s.s.a.m.DelegatingMethodSecurityMetadataSource - Caching method [CacheKey[edu.ncsu.csc.itrust2.controllers.admin.AdminUserController; public java.lang.String edu.ncsu.csc.itrust2.controllers.admin.AdminUserController.drugs(org.springframework.ui.Model)]] with attributes [[authorize: 'hasRole('ROLE_ADMIN')', filter: 'null', filterTarget: 'null']]
03:44:41.498 [main] DEBUG o.s.aop.framework.CglibAopProxy - Unable to apply any optimisations to advised method: public java.lang.String edu.ncsu.csc.itrust2.controllers.admin.AdminUserController.drugs(org.springframework.ui.Model)
03:44:41.498 [main] DEBUG o.s.s.a.p.PrePostAnnotationSecurityMetadataSource - @org.springframework.security.access.prepost.PreAuthorize(value=hasRole('ROLE_ADMIN')) found on specific method: public java.lang.String edu.ncsu.csc.itrust2.controllers.admin.AdminUserController.addUser(org.springframework.ui.Model)
03:44:41.498 [main] DEBUG o.s.s.a.m.DelegatingMethodSecurityMetadataSource - Caching method [CacheKey[edu.ncsu.csc.itrust2.controllers.admin.AdminUserController; public java.lang.String edu.ncsu.csc.itrust2.controllers.admin.AdminUserController.addUser(org.springframework.ui.Model)]] with attributes [[authorize: 'hasRole('ROLE_ADMIN')', filter: 'null', filterTarget: 'null']]
03:44:41.498 [main] DEBUG o.s.aop.framework.CglibAopProxy - Unable to apply any optimisations to advised method: public java.lang.String edu.ncsu.csc.itrust2.controllers.admin.AdminUserController.addUser(org.springframework.ui.Model)
03:44:41.498 [main] DEBUG o.s.s.a.p.PrePostAnnotationSecurityMetadataSource - @org.springframework.security.access.prepost.PreAuthorize(value=hasRole('ROLE_ADMIN')) found on specific method: public java.lang.String edu.ncsu.csc.itrust2.controllers.admin.AdminUserController.addUserSubmit(edu.ncsu.csc.itrust2.forms.admin.UserForm,org.springframework.validation.BindingResult,org.springframework.ui.Model)
03:44:41.499 [main] DEBUG o.s.s.a.m.DelegatingMethodSecurityMetadataSource - Caching method [CacheKey[edu.ncsu.csc.itrust2.controllers.admin.AdminUserController; public java.lang.String edu.ncsu.csc.itrust2.controllers.admin.AdminUserController.addUserSubmit(edu.ncsu.csc.itrust2.forms.admin.UserForm,org.springframework.validation.BindingResult,org.springframework.ui.Model)]] with attributes [[authorize: 'hasRole('ROLE_ADMIN')', filter: 'null', filterTarget: 'null']]
03:44:41.499 [main] DEBUG o.s.aop.framework.CglibAopProxy - Unable to apply any optimisations to advised method: public java.lang.String edu.ncsu.csc.itrust2.controllers.admin.AdminUserController.addUserSubmit(edu.ncsu.csc.itrust2.forms.admin.UserForm,org.springframework.validation.BindingResult,org.springframework.ui.Model)
03:44:41.499 [main] DEBUG o.s.aop.framework.CglibAopProxy - Found 'equals' method: public boolean java.lang.Object.equals(java.lang.Object)
03:44:41.499 [main] DEBUG o.s.aop.framework.CglibAopProxy - Unable to apply any optimisations to advised method: public java.lang.String java.lang.Object.toString()
03:44:41.499 [main] DEBUG o.s.aop.framework.CglibAopProxy - Found 'hashCode' method: public native int java.lang.Object.hashCode()
03:44:41.499 [main] DEBUG o.s.aop.framework.CglibAopProxy - Unable to apply any optimisations to advised method: protected native java.lang.Object java.lang.Object.clone() throws java.lang.CloneNotSupportedException
03:44:41.499 [main] DEBUG o.s.aop.framework.CglibAopProxy - Method is declared on Advised interface: public abstract void org.springframework.aop.framework.Advised.setTargetSource(org.springframework.aop.TargetSource)
03:44:41.499 [main] DEBUG o.s.aop.framework.CglibAopProxy - Method is declared on Advised interface: public abstract org.springframework.aop.TargetSource org.springframework.aop.framework.Advised.getTargetSource()
03:44:41.499 [main] DEBUG o.s.aop.framework.CglibAopProxy - Method is declared on Advised interface: public abstract boolean org.springframework.aop.framework.Advised.isProxyTargetClass()
03:44:41.500 [main] DEBUG o.s.aop.framework.CglibAopProxy - Method is declared on Advised interface: public abstract void org.springframework.aop.framework.Advised.addAdvisor(org.springframework.aop.Advisor) throws org.springframework.aop.framework.AopConfigException
03:44:41.507 [main] DEBUG o.s.aop.framework.CglibAopProxy - Method is declared on Advised interface: public abstract void org.springframework.aop.framework.Advised.addAdvisor(int,org.springframework.aop.Advisor) throws org.springframework.aop.framework.AopConfigException
03:44:41.507 [main] DEBUG o.s.aop.framework.CglibAopProxy - Method is declared on Advised interface: public abstract void org.springframework.aop.framework.Advised.setPreFiltered(boolean)
03:44:41.507 [main] DEBUG o.s.aop.framework.CglibAopProxy - Method is declared on Advised interface: public abstract boolean org.springframework.aop.framework.Advised.isExposeProxy()
03:44:41.507 [main] DEBUG o.s.aop.framework.CglibAopProxy - Method is declared on Advised interface: public abstract void org.springframework.aop.framework.Advised.setExposeProxy(boolean)
03:44:41.507 [main] DEBUG o.s.aop.framework.CglibAopProxy - Method is declared on Advised interface: public abstract boolean org.springframework.aop.framework.Advised.isPreFiltered()
03:44:41.507 [main] DEBUG o.s.aop.framework.CglibAopProxy - Method is declared on Advised interface: public abstract java.lang.Class[] org.springframework.aop.framework.Advised.getProxiedInterfaces()
03:44:41.508 [main] DEBUG o.s.aop.framework.CglibAopProxy - Method is declared on Advised interface: public abstract boolean org.springframework.aop.framework.Advised.isInterfaceProxied(java.lang.Class)
03:44:41.508 [main] DEBUG o.s.aop.framework.CglibAopProxy - Method is declared on Advised interface: public abstract org.springframework.aop.Advisor[] org.springframework.aop.framework.Advised.getAdvisors()
03:44:41.508 [main] DEBUG o.s.aop.framework.CglibAopProxy - Method is declared on Advised interface: public abstract void org.springframework.aop.framework.Advised.removeAdvisor(int) throws org.springframework.aop.framework.AopConfigException
03:44:41.508 [main] DEBUG o.s.aop.framework.CglibAopProxy - Method is declared on Advised interface: public abstract boolean org.springframework.aop.framework.Advised.removeAdvisor(org.springframework.aop.Advisor)
03:44:41.508 [main] DEBUG o.s.aop.framework.CglibAopProxy - Method is declared on Advised interface: public abstract boolean org.springframework.aop.framework.Advised.replaceAdvisor(org.springframework.aop.Advisor,org.springframework.aop.Advisor) throws org.springframework.aop.framework.AopConfigException
03:44:41.508 [main] DEBUG o.s.aop.framework.CglibAopProxy - Method is declared on Advised interface: public abstract boolean org.springframework.aop.framework.Advised.removeAdvice(org.aopalliance.aop.Advice)
03:44:41.508 [main] DEBUG o.s.aop.framework.CglibAopProxy - Method is declared on Advised interface: public abstract java.lang.String org.springframework.aop.framework.Advised.toProxyConfigString()
03:44:41.508 [main] DEBUG o.s.aop.framework.CglibAopProxy - Method is declared on Advised interface: public abstract void org.springframework.aop.framework.Advised.addAdvice(int,org.aopalliance.aop.Advice) throws org.springframework.aop.framework.AopConfigException
03:44:41.508 [main] DEBUG o.s.aop.framework.CglibAopProxy - Method is declared on Advised interface: public abstract void org.springframework.aop.framework.Advised.addAdvice(org.aopalliance.aop.Advice) throws org.springframework.aop.framework.AopConfigException
03:44:41.508 [main] DEBUG o.s.aop.framework.CglibAopProxy - Method is declared on Advised interface: public abstract int org.springframework.aop.framework.Advised.indexOf(org.aopalliance.aop.Advice)
03:44:41.509 [main] DEBUG o.s.aop.framework.CglibAopProxy - Method is declared on Advised interface: public abstract int org.springframework.aop.framework.Advised.indexOf(org.springframework.aop.Advisor)
03:44:41.509 [main] DEBUG o.s.aop.framework.CglibAopProxy - Method is declared on Advised interface: public abstract boolean org.springframework.aop.framework.Advised.isFrozen()
03:44:41.509 [main] DEBUG o.s.aop.framework.CglibAopProxy - Method is declared on Advised interface: public abstract java.lang.Class org.springframework.aop.TargetClassAware.getTargetClass()
03:44:41.522 [main] DEBUG o.s.b.f.s.DefaultListableBeanFactory - Finished creating instance of bean 'adminUserController'
03:44:41.523 [main] DEBUG o.s.b.f.s.DefaultListableBeanFactory - Creating shared instance of singleton bean 'hospitalController'
03:44:41.523 [main] DEBUG o.s.b.f.s.DefaultListableBeanFactory - Creating instance of bean 'hospitalController'
03:44:41.525 [main] DEBUG o.s.b.f.s.DefaultListableBeanFactory - Eagerly caching bean 'hospitalController' to allow for resolving potential circular references
03:44:41.527 [main] DEBUG o.s.b.f.s.DefaultListableBeanFactory - Returning cached instance of singleton bean 'metaDataSourceAdvisor'
03:44:41.528 [main] DEBUG o.s.s.a.p.PrePostAnnotationSecurityMetadataSource - @org.springframework.security.access.prepost.PreAuthorize(value=hasRole('ROLE_ADMIN')) found on specific method: public java.lang.String edu.ncsu.csc.itrust2.controllers.admin.HospitalController.addHospital(org.springframework.ui.Model)
03:44:41.528 [main] DEBUG o.s.s.a.m.DelegatingMethodSecurityMetadataSource - Caching method [CacheKey[edu.ncsu.csc.itrust2.controllers.admin.HospitalController; public java.lang.String edu.ncsu.csc.itrust2.controllers.admin.HospitalController.addHospital(org.springframework.ui.Model)]] with attributes [[authorize: 'hasRole('ROLE_ADMIN')', filter: 'null', filterTarget: 'null']]
03:44:41.529 [main] DEBUG o.s.a.f.a.InfrastructureAdvisorAutoProxyCreator - Creating implicit proxy for bean 'hospitalController' with 0 common interceptors and 1 specific interceptors
03:44:41.529 [main] DEBUG o.s.aop.framework.CglibAopProxy - Creating CGLIB proxy: target source is SingletonTargetSource for target object [edu.ncsu.csc.itrust2.controllers.admin.HospitalController@3f8961fc]
03:44:41.530 [main] DEBUG o.s.aop.framework.CglibAopProxy - Unable to apply any optimisations to advised method: public java.lang.String edu.ncsu.csc.itrust2.controllers.admin.HospitalController.addHospital(org.springframework.ui.Model)
03:44:41.530 [main] DEBUG o.s.s.a.p.PrePostAnnotationSecurityMetadataSource - @org.springframework.security.access.prepost.PreAuthorize(value=hasRole('ROLE_ADMIN')) found on specific method: public java.lang.String edu.ncsu.csc.itrust2.controllers.admin.HospitalController.addHospitalSubmit(edu.ncsu.csc.itrust2.forms.admin.HospitalForm,org.springframework.validation.BindingResult,org.springframework.ui.Model)
03:44:41.530 [main] DEBUG o.s.s.a.m.DelegatingMethodSecurityMetadataSource - Caching method [CacheKey[edu.ncsu.csc.itrust2.controllers.admin.HospitalController; public java.lang.String edu.ncsu.csc.itrust2.controllers.admin.HospitalController.addHospitalSubmit(edu.ncsu.csc.itrust2.forms.admin.HospitalForm,org.springframework.validation.BindingResult,org.springframework.ui.Model)]] with attributes [[authorize: 'hasRole('ROLE_ADMIN')', filter: 'null', filterTarget: 'null']]
03:44:41.530 [main] DEBUG o.s.aop.framework.CglibAopProxy - Unable to apply any optimisations to advised method: public java.lang.String edu.ncsu.csc.itrust2.controllers.admin.HospitalController.addHospitalSubmit(edu.ncsu.csc.itrust2.forms.admin.HospitalForm,org.springframework.validation.BindingResult,org.springframework.ui.Model)
03:44:41.530 [main] DEBUG o.s.s.a.p.PrePostAnnotationSecurityMetadataSource - @org.springframework.security.access.prepost.PreAuthorize(value=hasRole('ROLE_ADMIN')) found on specific method: public java.lang.String edu.ncsu.csc.itrust2.controllers.admin.HospitalController.deleteHospital(org.springframework.ui.Model)
03:44:41.530 [main] DEBUG o.s.s.a.m.DelegatingMethodSecurityMetadataSource - Caching method [CacheKey[edu.ncsu.csc.itrust2.controllers.admin.HospitalController; public java.lang.String edu.ncsu.csc.itrust2.controllers.admin.HospitalController.deleteHospital(org.springframework.ui.Model)]] with attributes [[authorize: 'hasRole('ROLE_ADMIN')', filter: 'null', filterTarget: 'null']]
03:44:41.530 [main] DEBUG o.s.aop.framework.CglibAopProxy - Unable to apply any optimisations to advised method: public java.lang.String edu.ncsu.csc.itrust2.controllers.admin.HospitalController.deleteHospital(org.springframework.ui.Model)
03:44:41.531 [main] DEBUG o.s.s.a.p.PrePostAnnotationSecurityMetadataSource - @org.springframework.security.access.prepost.PreAuthorize(value=hasRole('ROLE_ADMIN')) found on specific method: public java.lang.String edu.ncsu.csc.itrust2.controllers.admin.HospitalController.deleteHospitalSubmit(edu.ncsu.csc.itrust2.forms.admin.DeleteHospitalForm,org.springframework.validation.BindingResult,org.springframework.ui.Model)
03:44:41.531 [main] DEBUG o.s.s.a.m.DelegatingMethodSecurityMetadataSource - Caching method [CacheKey[edu.ncsu.csc.itrust2.controllers.admin.HospitalController; public java.lang.String edu.ncsu.csc.itrust2.controllers.admin.HospitalController.deleteHospitalSubmit(edu.ncsu.csc.itrust2.forms.admin.DeleteHospitalForm,org.springframework.validation.BindingResult,org.springframework.ui.Model)]] with attributes [[authorize: 'hasRole('ROLE_ADMIN')', filter: 'null', filterTarget: 'null']]
03:44:41.531 [main] DEBUG o.s.aop.framework.CglibAopProxy - Unable to apply any optimisations to advised method: public java.lang.String edu.ncsu.csc.itrust2.controllers.admin.HospitalController.deleteHospitalSubmit(edu.ncsu.csc.itrust2.forms.admin.DeleteHospitalForm,org.springframework.validation.BindingResult,org.springframework.ui.Model)
03:44:41.531 [main] DEBUG o.s.aop.framework.CglibAopProxy - Found 'equals' method: public boolean java.lang.Object.equals(java.lang.Object)
03:44:41.531 [main] DEBUG o.s.aop.framework.CglibAopProxy - Unable to apply any optimisations to advised method: public java.lang.String java.lang.Object.toString()
03:44:41.531 [main] DEBUG o.s.aop.framework.CglibAopProxy - Found 'hashCode' method: public native int java.lang.Object.hashCode()
03:44:41.531 [main] DEBUG o.s.aop.framework.CglibAopProxy - Unable to apply any optimisations to advised method: protected native java.lang.Object java.lang.Object.clone() throws java.lang.CloneNotSupportedException
03:44:41.532 [main] DEBUG o.s.aop.framework.CglibAopProxy - Method is declared on Advised interface: public abstract void org.springframework.aop.framework.Advised.setTargetSource(org.springframework.aop.TargetSource)
03:44:41.532 [main] DEBUG o.s.aop.framework.CglibAopProxy - Method is declared on Advised interface: public abstract org.springframework.aop.TargetSource org.springframework.aop.framework.Advised.getTargetSource()
03:44:41.532 [main] DEBUG o.s.aop.framework.CglibAopProxy - Method is declared on Advised interface: public abstract boolean org.springframework.aop.framework.Advised.isProxyTargetClass()
03:44:41.532 [main] DEBUG o.s.aop.framework.CglibAopProxy - Method is declared on Advised interface: public abstract void org.springframework.aop.framework.Advised.addAdvisor(org.springframework.aop.Advisor) throws org.springframework.aop.framework.AopConfigException
03:44:41.532 [main] DEBUG o.s.aop.framework.CglibAopProxy - Method is declared on Advised interface: public abstract void org.springframework.aop.framework.Advised.addAdvisor(int,org.springframework.aop.Advisor) throws org.springframework.aop.framework.AopConfigException
03:44:41.533 [main] DEBUG o.s.aop.framework.CglibAopProxy - Method is declared on Advised interface: public abstract void org.springframework.aop.framework.Advised.setPreFiltered(boolean)
03:44:41.533 [main] DEBUG o.s.aop.framework.CglibAopProxy - Method is declared on Advised interface: public abstract boolean org.springframework.aop.framework.Advised.isExposeProxy()
03:44:41.533 [main] DEBUG o.s.aop.framework.CglibAopProxy - Method is declared on Advised interface: public abstract void org.springframework.aop.framework.Advised.setExposeProxy(boolean)
03:44:41.533 [main] DEBUG o.s.aop.framework.CglibAopProxy - Method is declared on Advised interface: public abstract boolean org.springframework.aop.framework.Advised.isPreFiltered()
03:44:41.533 [main] DEBUG o.s.aop.framework.CglibAopProxy - Method is declared on Advised interface: public abstract java.lang.Class[] org.springframework.aop.framework.Advised.getProxiedInterfaces()
03:44:41.533 [main] DEBUG o.s.aop.framework.CglibAopProxy - Method is declared on Advised interface: public abstract boolean org.springframework.aop.framework.Advised.isInterfaceProxied(java.lang.Class)
03:44:41.533 [main] DEBUG o.s.aop.framework.CglibAopProxy - Method is declared on Advised interface: public abstract org.springframework.aop.Advisor[] org.springframework.aop.framework.Advised.getAdvisors()
03:44:41.533 [main] DEBUG o.s.aop.framework.CglibAopProxy - Method is declared on Advised interface: public abstract void org.springframework.aop.framework.Advised.removeAdvisor(int) throws org.springframework.aop.framework.AopConfigException
03:44:41.533 [main] DEBUG o.s.aop.framework.CglibAopProxy - Method is declared on Advised interface: public abstract boolean org.springframework.aop.framework.Advised.removeAdvisor(org.springframework.aop.Advisor)
03:44:41.533 [main] DEBUG o.s.aop.framework.CglibAopProxy - Method is declared on Advised interface: public abstract boolean org.springframework.aop.framework.Advised.replaceAdvisor(org.springframework.aop.Advisor,org.springframework.aop.Advisor) throws org.springframework.aop.framework.AopConfigException
03:44:41.533 [main] DEBUG o.s.aop.framework.CglibAopProxy - Method is declared on Advised interface: public abstract boolean org.springframework.aop.framework.Advised.removeAdvice(org.aopalliance.aop.Advice)
03:44:41.533 [main] DEBUG o.s.aop.framework.CglibAopProxy - Method is declared on Advised interface: public abstract java.lang.String org.springframework.aop.framework.Advised.toProxyConfigString()
03:44:41.533 [main] DEBUG o.s.aop.framework.CglibAopProxy - Method is declared on Advised interface: public abstract void org.springframework.aop.framework.Advised.addAdvice(int,org.aopalliance.aop.Advice) throws org.springframework.aop.framework.AopConfigException
03:44:41.534 [main] DEBUG o.s.aop.framework.CglibAopProxy - Method is declared on Advised interface: public abstract void org.springframework.aop.framework.Advised.addAdvice(org.aopalliance.aop.Advice) throws org.springframework.aop.framework.AopConfigException
03:44:41.534 [main] DEBUG o.s.aop.framework.CglibAopProxy - Method is declared on Advised interface: public abstract int org.springframework.aop.framework.Advised.indexOf(org.aopalliance.aop.Advice)
03:44:41.534 [main] DEBUG o.s.aop.framework.CglibAopProxy - Method is declared on Advised interface: public abstract int org.springframework.aop.framework.Advised.indexOf(org.springframework.aop.Advisor)
03:44:41.534 [main] DEBUG o.s.aop.framework.CglibAopProxy - Method is declared on Advised interface: public abstract boolean org.springframework.aop.framework.Advised.isFrozen()
03:44:41.534 [main] DEBUG o.s.aop.framework.CglibAopProxy - Method is declared on Advised interface: public abstract java.lang.Class org.springframework.aop.TargetClassAware.getTargetClass()
03:44:41.553 [main] DEBUG o.s.b.f.s.DefaultListableBeanFactory - Finished creating instance of bean 'hospitalController'
03:44:41.554 [main] DEBUG o.s.b.f.s.DefaultListableBeanFactory - Creating shared instance of singleton bean 'ICDCodesController'
03:44:41.554 [main] DEBUG o.s.b.f.s.DefaultListableBeanFactory - Creating instance of bean 'ICDCodesController'
03:44:41.555 [main] DEBUG o.s.b.f.s.DefaultListableBeanFactory - Eagerly caching bean 'ICDCodesController' to allow for resolving potential circular references
03:44:41.558 [main] DEBUG o.s.b.f.s.DefaultListableBeanFactory - Returning cached instance of singleton bean 'metaDataSourceAdvisor'
03:44:41.558 [main] DEBUG o.s.s.a.p.PrePostAnnotationSecurityMetadataSource - @org.springframework.security.access.prepost.PreAuthorize(value=hasRole('ROLE_ADMIN')) found on specific method: public java.lang.String edu.ncsu.csc.itrust2.controllers.admin.ICDCodesController.addCode(org.springframework.ui.Model)
03:44:41.560 [main] DEBUG o.s.s.a.m.DelegatingMethodSecurityMetadataSource - Caching method [CacheKey[edu.ncsu.csc.itrust2.controllers.admin.ICDCodesController; public java.lang.String edu.ncsu.csc.itrust2.controllers.admin.ICDCodesController.addCode(org.springframework.ui.Model)]] with attributes [[authorize: 'hasRole('ROLE_ADMIN')', filter: 'null', filterTarget: 'null']]
03:44:41.560 [main] DEBUG o.s.a.f.a.InfrastructureAdvisorAutoProxyCreator - Creating implicit proxy for bean 'ICDCodesController' with 0 common interceptors and 1 specific interceptors
03:44:41.561 [main] DEBUG o.s.aop.framework.CglibAopProxy - Creating CGLIB proxy: target source is SingletonTargetSource for target object [edu.ncsu.csc.itrust2.controllers.admin.ICDCodesController@7a1587e8]
03:44:41.562 [main] DEBUG o.s.aop.framework.CglibAopProxy - Unable to apply any optimisations to advised method: public java.lang.String edu.ncsu.csc.itrust2.controllers.admin.ICDCodesController.addCode(org.springframework.ui.Model)
03:44:41.562 [main] DEBUG o.s.aop.framework.CglibAopProxy - Found 'equals' method: public boolean java.lang.Object.equals(java.lang.Object)
03:44:41.562 [main] DEBUG o.s.aop.framework.CglibAopProxy - Unable to apply any optimisations to advised method: public java.lang.String java.lang.Object.toString()
03:44:41.563 [main] DEBUG o.s.aop.framework.CglibAopProxy - Found 'hashCode' method: public native int java.lang.Object.hashCode()
03:44:41.563 [main] DEBUG o.s.aop.framework.CglibAopProxy - Unable to apply any optimisations to advised method: protected native java.lang.Object java.lang.Object.clone() throws java.lang.CloneNotSupportedException
03:44:41.563 [main] DEBUG o.s.aop.framework.CglibAopProxy - Method is declared on Advised interface: public abstract void org.springframework.aop.framework.Advised.setTargetSource(org.springframework.aop.TargetSource)
03:44:41.563 [main] DEBUG o.s.aop.framework.CglibAopProxy - Method is declared on Advised interface: public abstract org.springframework.aop.TargetSource org.springframework.aop.framework.Advised.getTargetSource()
03:44:41.563 [main] DEBUG o.s.aop.framework.CglibAopProxy - Method is declared on Advised interface: public abstract boolean org.springframework.aop.framework.Advised.isProxyTargetClass()
03:44:41.563 [main] DEBUG o.s.aop.framework.CglibAopProxy - Method is declared on Advised interface: public abstract void org.springframework.aop.framework.Advised.addAdvisor(org.springframework.aop.Advisor) throws org.springframework.aop.framework.AopConfigException
03:44:41.564 [main] DEBUG o.s.aop.framework.CglibAopProxy - Method is declared on Advised interface: public abstract void org.springframework.aop.framework.Advised.addAdvisor(int,org.springframework.aop.Advisor) throws org.springframework.aop.framework.AopConfigException
03:44:41.564 [main] DEBUG o.s.aop.framework.CglibAopProxy - Method is declared on Advised interface: public abstract void org.springframework.aop.framework.Advised.setPreFiltered(boolean)
03:44:41.564 [main] DEBUG o.s.aop.framework.CglibAopProxy - Method is declared on Advised interface: public abstract boolean org.springframework.aop.framework.Advised.isExposeProxy()
03:44:41.564 [main] DEBUG o.s.aop.framework.CglibAopProxy - Method is declared on Advised interface: public abstract void org.springframework.aop.framework.Advised.setExposeProxy(boolean)
03:44:41.564 [main] DEBUG o.s.aop.framework.CglibAopProxy - Method is declared on Advised interface: public abstract boolean org.springframework.aop.framework.Advised.isPreFiltered()
03:44:41.564 [main] DEBUG o.s.aop.framework.CglibAopProxy - Method is declared on Advised interface: public abstract java.lang.Class[] org.springframework.aop.framework.Advised.getProxiedInterfaces()
03:44:41.564 [main] DEBUG o.s.aop.framework.CglibAopProxy - Method is declared on Advised interface: public abstract boolean org.springframework.aop.framework.Advised.isInterfaceProxied(java.lang.Class)
03:44:41.565 [main] DEBUG o.s.aop.framework.CglibAopProxy - Method is declared on Advised interface: public abstract org.springframework.aop.Advisor[] org.springframework.aop.framework.Advised.getAdvisors()
03:44:41.565 [main] DEBUG o.s.aop.framework.CglibAopProxy - Method is declared on Advised interface: public abstract void org.springframework.aop.framework.Advised.removeAdvisor(int) throws org.springframework.aop.framework.AopConfigException
03:44:41.565 [main] DEBUG o.s.aop.framework.CglibAopProxy - Method is declared on Advised interface: public abstract boolean org.springframework.aop.framework.Advised.removeAdvisor(org.springframework.aop.Advisor)
03:44:41.565 [main] DEBUG o.s.aop.framework.CglibAopProxy - Method is declared on Advised interface: public abstract boolean org.springframework.aop.framework.Advised.replaceAdvisor(org.springframework.aop.Advisor,org.springframework.aop.Advisor) throws org.springframework.aop.framework.AopConfigException
03:44:41.565 [main] DEBUG o.s.aop.framework.CglibAopProxy - Method is declared on Advised interface: public abstract boolean org.springframework.aop.framework.Advised.removeAdvice(org.aopalliance.aop.Advice)
03:44:41.565 [main] DEBUG o.s.aop.framework.CglibAopProxy - Method is declared on Advised interface: public abstract java.lang.String org.springframework.aop.framework.Advised.toProxyConfigString()
03:44:41.565 [main] DEBUG o.s.aop.framework.CglibAopProxy - Method is declared on Advised interface: public abstract void org.springframework.aop.framework.Advised.addAdvice(int,org.aopalliance.aop.Advice) throws org.springframework.aop.framework.AopConfigException
03:44:41.565 [main] DEBUG o.s.aop.framework.CglibAopProxy - Method is declared on Advised interface: public abstract void org.springframework.aop.framework.Advised.addAdvice(org.aopalliance.aop.Advice) throws org.springframework.aop.framework.AopConfigException
03:44:41.566 [main] DEBUG o.s.aop.framework.CglibAopProxy - Method is declared on Advised interface: public abstract int org.springframework.aop.framework.Advised.indexOf(org.aopalliance.aop.Advice)
03:44:41.566 [main] DEBUG o.s.aop.framework.CglibAopProxy - Method is declared on Advised interface: public abstract int org.springframework.aop.framework.Advised.indexOf(org.springframework.aop.Advisor)
03:44:41.567 [main] DEBUG o.s.aop.framework.CglibAopProxy - Method is declared on Advised interface: public abstract boolean org.springframework.aop.framework.Advised.isFrozen()
03:44:41.567 [main] DEBUG o.s.aop.framework.CglibAopProxy - Method is declared on Advised interface: public abstract java.lang.Class org.springframework.aop.TargetClassAware.getTargetClass()
03:44:41.577 [main] DEBUG o.s.b.f.s.DefaultListableBeanFactory - Finished creating instance of bean 'ICDCodesController'
03:44:41.577 [main] DEBUG o.s.b.f.s.DefaultListableBeanFactory - Creating shared instance of singleton bean 'APIAppointmentRequestController'
03:44:41.577 [main] DEBUG o.s.b.f.s.DefaultListableBeanFactory - Creating instance of bean 'APIAppointmentRequestController'
03:44:41.807 [main] DEBUG o.s.b.f.s.DefaultListableBeanFactory - Eagerly caching bean 'APIAppointmentRequestController' to allow for resolving potential circular references
03:44:41.826 [main] DEBUG o.s.b.f.s.DefaultListableBeanFactory - Returning cached instance of singleton bean 'metaDataSourceAdvisor'
03:44:41.829 [main] DEBUG o.s.b.f.s.DefaultListableBeanFactory - Finished creating instance of bean 'APIAppointmentRequestController'
03:44:41.829 [main] DEBUG o.s.b.f.s.DefaultListableBeanFactory - Creating shared instance of singleton bean 'APIDiagnosisController'
03:44:41.829 [main] DEBUG o.s.b.f.s.DefaultListableBeanFactory - Creating instance of bean 'APIDiagnosisController'
03:44:41.831 [main] DEBUG o.s.b.f.s.DefaultListableBeanFactory - Eagerly caching bean 'APIDiagnosisController' to allow for resolving potential circular references
03:44:41.837 [main] DEBUG o.s.b.f.s.DefaultListableBeanFactory - Returning cached instance of singleton bean 'metaDataSourceAdvisor'
03:44:41.839 [main] DEBUG o.s.b.f.s.DefaultListableBeanFactory - Finished creating instance of bean 'APIDiagnosisController'
03:44:41.840 [main] DEBUG o.s.b.f.s.DefaultListableBeanFactory - Creating shared instance of singleton bean 'APIDrugController'
03:44:41.840 [main] DEBUG o.s.b.f.s.DefaultListableBeanFactory - Creating instance of bean 'APIDrugController'
03:44:41.845 [main] DEBUG o.s.b.f.s.DefaultListableBeanFactory - Eagerly caching bean 'APIDrugController' to allow for resolving potential circular references
03:44:41.848 [main] DEBUG o.s.b.f.s.DefaultListableBeanFactory - Returning cached instance of singleton bean 'metaDataSourceAdvisor'
03:44:41.849 [main] DEBUG o.s.s.a.p.PrePostAnnotationSecurityMetadataSource - @org.springframework.security.access.prepost.PreAuthorize(value=hasRole('ROLE_ADMIN')) found on specific method: public org.springframework.http.ResponseEntity edu.ncsu.csc.itrust2.controllers.api.APIDrugController.addDrug(edu.ncsu.csc.itrust2.forms.admin.DrugForm)
03:44:41.849 [main] DEBUG o.s.s.a.m.DelegatingMethodSecurityMetadataSource - Caching method [CacheKey[edu.ncsu.csc.itrust2.controllers.api.APIDrugController; public org.springframework.http.ResponseEntity edu.ncsu.csc.itrust2.controllers.api.APIDrugController.addDrug(edu.ncsu.csc.itrust2.forms.admin.DrugForm)]] with attributes [[authorize: 'hasRole('ROLE_ADMIN')', filter: 'null', filterTarget: 'null']]
03:44:41.850 [main] DEBUG o.s.a.f.a.InfrastructureAdvisorAutoProxyCreator - Creating implicit proxy for bean 'APIDrugController' with 0 common interceptors and 1 specific interceptors
03:44:41.850 [main] DEBUG o.s.aop.framework.CglibAopProxy - Creating CGLIB proxy: target source is SingletonTargetSource for target object [edu.ncsu.csc.itrust2.controllers.api.APIDrugController@107ac2b6]
03:44:41.851 [main] DEBUG o.s.aop.framework.CglibAopProxy - Unable to apply any optimisations to advised method: public org.springframework.http.ResponseEntity edu.ncsu.csc.itrust2.controllers.api.APIDrugController.addDrug(edu.ncsu.csc.itrust2.forms.admin.DrugForm)
03:44:41.852 [main] DEBUG o.s.s.a.p.PrePostAnnotationSecurityMetadataSource - @org.springframework.security.access.prepost.PreAuthorize(value=hasRole('ROLE_ADMIN')) found on specific method: public org.springframework.http.ResponseEntity edu.ncsu.csc.itrust2.controllers.api.APIDrugController.editDrug(edu.ncsu.csc.itrust2.forms.admin.DrugForm)
03:44:41.853 [main] DEBUG o.s.s.a.m.DelegatingMethodSecurityMetadataSource - Caching method [CacheKey[edu.ncsu.csc.itrust2.controllers.api.APIDrugController; public org.springframework.http.ResponseEntity edu.ncsu.csc.itrust2.controllers.api.APIDrugController.editDrug(edu.ncsu.csc.itrust2.forms.admin.DrugForm)]] with attributes [[authorize: 'hasRole('ROLE_ADMIN')', filter: 'null', filterTarget: 'null']]
03:44:41.853 [main] DEBUG o.s.aop.framework.CglibAopProxy - Unable to apply any optimisations to advised method: public org.springframework.http.ResponseEntity edu.ncsu.csc.itrust2.controllers.api.APIDrugController.editDrug(edu.ncsu.csc.itrust2.forms.admin.DrugForm)
03:44:41.854 [main] DEBUG o.s.s.a.p.PrePostAnnotationSecurityMetadataSource - @org.springframework.security.access.prepost.PreAuthorize(value=hasRole('ROLE_ADMIN')) found on specific method: public org.springframework.http.ResponseEntity edu.ncsu.csc.itrust2.controllers.api.APIDrugController.deleteDrug(java.lang.String)
03:44:41.854 [main] DEBUG o.s.s.a.m.DelegatingMethodSecurityMetadataSource - Caching method [CacheKey[edu.ncsu.csc.itrust2.controllers.api.APIDrugController; public org.springframework.http.ResponseEntity edu.ncsu.csc.itrust2.controllers.api.APIDrugController.deleteDrug(java.lang.String)]] with attributes [[authorize: 'hasRole('ROLE_ADMIN')', filter: 'null', filterTarget: 'null']]
03:44:41.854 [main] DEBUG o.s.aop.framework.CglibAopProxy - Unable to apply any optimisations to advised method: public org.springframework.http.ResponseEntity edu.ncsu.csc.itrust2.controllers.api.APIDrugController.deleteDrug(java.lang.String)
03:44:41.854 [main] DEBUG o.s.aop.framework.CglibAopProxy - Unable to apply any optimisations to advised method: public java.util.List edu.ncsu.csc.itrust2.controllers.api.APIDrugController.getDrugs()
03:44:41.855 [main] DEBUG o.s.aop.framework.CglibAopProxy - Found 'equals' method: public boolean java.lang.Object.equals(java.lang.Object)
03:44:41.856 [main] DEBUG o.s.aop.framework.CglibAopProxy - Unable to apply any optimisations to advised method: public java.lang.String java.lang.Object.toString()
03:44:41.856 [main] DEBUG o.s.aop.framework.CglibAopProxy - Found 'hashCode' method: public native int java.lang.Object.hashCode()
03:44:41.856 [main] DEBUG o.s.aop.framework.CglibAopProxy - Unable to apply any optimisations to advised method: protected native java.lang.Object java.lang.Object.clone() throws java.lang.CloneNotSupportedException
03:44:41.856 [main] DEBUG o.s.aop.framework.CglibAopProxy - Method is declared on Advised interface: public abstract void org.springframework.aop.framework.Advised.setTargetSource(org.springframework.aop.TargetSource)
03:44:41.856 [main] DEBUG o.s.aop.framework.CglibAopProxy - Method is declared on Advised interface: public abstract org.springframework.aop.TargetSource org.springframework.aop.framework.Advised.getTargetSource()
03:44:41.856 [main] DEBUG o.s.aop.framework.CglibAopProxy - Method is declared on Advised interface: public abstract boolean org.springframework.aop.framework.Advised.isProxyTargetClass()
03:44:41.856 [main] DEBUG o.s.aop.framework.CglibAopProxy - Method is declared on Advised interface: public abstract void org.springframework.aop.framework.Advised.addAdvisor(org.springframework.aop.Advisor) throws org.springframework.aop.framework.AopConfigException
03:44:41.856 [main] DEBUG o.s.aop.framework.CglibAopProxy - Method is declared on Advised interface: public abstract void org.springframework.aop.framework.Advised.addAdvisor(int,org.springframework.aop.Advisor) throws org.springframework.aop.framework.AopConfigException
03:44:41.856 [main] DEBUG o.s.aop.framework.CglibAopProxy - Method is declared on Advised interface: public abstract void org.springframework.aop.framework.Advised.setPreFiltered(boolean)
03:44:41.857 [main] DEBUG o.s.aop.framework.CglibAopProxy - Method is declared on Advised interface: public abstract boolean org.springframework.aop.framework.Advised.isExposeProxy()
03:44:41.857 [main] DEBUG o.s.aop.framework.CglibAopProxy - Method is declared on Advised interface: public abstract void org.springframework.aop.framework.Advised.setExposeProxy(boolean)
03:44:41.857 [main] DEBUG o.s.aop.framework.CglibAopProxy - Method is declared on Advised interface: public abstract boolean org.springframework.aop.framework.Advised.isPreFiltered()
03:44:41.857 [main] DEBUG o.s.aop.framework.CglibAopProxy - Method is declared on Advised interface: public abstract java.lang.Class[] org.springframework.aop.framework.Advised.getProxiedInterfaces()
03:44:41.857 [main] DEBUG o.s.aop.framework.CglibAopProxy - Method is declared on Advised interface: public abstract boolean org.springframework.aop.framework.Advised.isInterfaceProxied(java.lang.Class)
03:44:41.857 [main] DEBUG o.s.aop.framework.CglibAopProxy - Method is declared on Advised interface: public abstract org.springframework.aop.Advisor[] org.springframework.aop.framework.Advised.getAdvisors()
03:44:41.857 [main] DEBUG o.s.aop.framework.CglibAopProxy - Method is declared on Advised interface: public abstract void org.springframework.aop.framework.Advised.removeAdvisor(int) throws org.springframework.aop.framework.AopConfigException
03:44:41.857 [main] DEBUG o.s.aop.framework.CglibAopProxy - Method is declared on Advised interface: public abstract boolean org.springframework.aop.framework.Advised.removeAdvisor(org.springframework.aop.Advisor)
03:44:41.857 [main] DEBUG o.s.aop.framework.CglibAopProxy - Method is declared on Advised interface: public abstract boolean org.springframework.aop.framework.Advised.replaceAdvisor(org.springframework.aop.Advisor,org.springframework.aop.Advisor) throws org.springframework.aop.framework.AopConfigException
03:44:41.857 [main] DEBUG o.s.aop.framework.CglibAopProxy - Method is declared on Advised interface: public abstract boolean org.springframework.aop.framework.Advised.removeAdvice(org.aopalliance.aop.Advice)
03:44:41.857 [main] DEBUG o.s.aop.framework.CglibAopProxy - Method is declared on Advised interface: public abstract java.lang.String org.springframework.aop.framework.Advised.toProxyConfigString()
03:44:41.858 [main] DEBUG o.s.aop.framework.CglibAopProxy - Method is declared on Advised interface: public abstract void org.springframework.aop.framework.Advised.addAdvice(int,org.aopalliance.aop.Advice) throws org.springframework.aop.framework.AopConfigException
03:44:41.858 [main] DEBUG o.s.aop.framework.CglibAopProxy - Method is declared on Advised interface: public abstract void org.springframework.aop.framework.Advised.addAdvice(org.aopalliance.aop.Advice) throws org.springframework.aop.framework.AopConfigException
03:44:41.858 [main] DEBUG o.s.aop.framework.CglibAopProxy - Method is declared on Advised interface: public abstract int org.springframework.aop.framework.Advised.indexOf(org.aopalliance.aop.Advice)
03:44:41.858 [main] DEBUG o.s.aop.framework.CglibAopProxy - Method is declared on Advised interface: public abstract int org.springframework.aop.framework.Advised.indexOf(org.springframework.aop.Advisor)
03:44:41.858 [main] DEBUG o.s.aop.framework.CglibAopProxy - Method is declared on Advised interface: public abstract boolean org.springframework.aop.framework.Advised.isFrozen()
03:44:41.858 [main] DEBUG o.s.aop.framework.CglibAopProxy - Method is declared on Advised interface: public abstract java.lang.Class org.springframework.aop.TargetClassAware.getTargetClass()
03:44:41.883 [main] DEBUG o.s.b.f.s.DefaultListableBeanFactory - Finished creating instance of bean 'APIDrugController'
03:44:41.883 [main] DEBUG o.s.b.f.s.DefaultListableBeanFactory - Creating shared instance of singleton bean 'APIEnumController'
03:44:41.884 [main] DEBUG o.s.b.f.s.DefaultListableBeanFactory - Creating instance of bean 'APIEnumController'
03:44:41.892 [main] DEBUG o.s.b.f.s.DefaultListableBeanFactory - Eagerly caching bean 'APIEnumController' to allow for resolving potential circular references
03:44:41.900 [main] DEBUG o.s.b.f.s.DefaultListableBeanFactory - Returning cached instance of singleton bean 'metaDataSourceAdvisor'
03:44:41.905 [main] DEBUG o.s.b.f.s.DefaultListableBeanFactory - Finished creating instance of bean 'APIEnumController'
03:44:41.905 [main] DEBUG o.s.b.f.s.DefaultListableBeanFactory - Creating shared instance of singleton bean 'APIHospitalController'
03:44:41.905 [main] DEBUG o.s.b.f.s.DefaultListableBeanFactory - Creating instance of bean 'APIHospitalController'
03:44:41.906 [main] DEBUG o.s.b.f.s.DefaultListableBeanFactory - Eagerly caching bean 'APIHospitalController' to allow for resolving potential circular references
03:44:41.910 [main] DEBUG o.s.b.f.s.DefaultListableBeanFactory - Returning cached instance of singleton bean 'metaDataSourceAdvisor'
03:44:41.911 [main] DEBUG o.s.b.f.s.DefaultListableBeanFactory - Finished creating instance of bean 'APIHospitalController'
03:44:41.911 [main] DEBUG o.s.b.f.s.DefaultListableBeanFactory - Creating shared instance of singleton bean 'APIICDCodeController'
03:44:41.912 [main] DEBUG o.s.b.f.s.DefaultListableBeanFactory - Creating instance of bean 'APIICDCodeController'
03:44:41.915 [main] DEBUG o.s.b.f.s.DefaultListableBeanFactory - Eagerly caching bean 'APIICDCodeController' to allow for resolving potential circular references
03:44:41.918 [main] DEBUG o.s.b.f.s.DefaultListableBeanFactory - Returning cached instance of singleton bean 'metaDataSourceAdvisor'
03:44:41.919 [main] DEBUG o.s.s.a.p.PrePostAnnotationSecurityMetadataSource - @org.springframework.security.access.prepost.PreAuthorize(value=hasRole('ROLE_ADMIN')) found on specific method: public org.springframework.http.ResponseEntity edu.ncsu.csc.itrust2.controllers.api.APIICDCodeController.addCode(edu.ncsu.csc.itrust2.forms.admin.ICDCodeForm)
03:44:41.919 [main] DEBUG o.s.s.a.m.DelegatingMethodSecurityMetadataSource - Caching method [CacheKey[edu.ncsu.csc.itrust2.controllers.api.APIICDCodeController; public org.springframework.http.ResponseEntity edu.ncsu.csc.itrust2.controllers.api.APIICDCodeController.addCode(edu.ncsu.csc.itrust2.forms.admin.ICDCodeForm)]] with attributes [[authorize: 'hasRole('ROLE_ADMIN')', filter: 'null', filterTarget: 'null']]
03:44:41.919 [main] DEBUG o.s.a.f.a.InfrastructureAdvisorAutoProxyCreator - Creating implicit proxy for bean 'APIICDCodeController' with 0 common interceptors and 1 specific interceptors
03:44:41.919 [main] DEBUG o.s.aop.framework.CglibAopProxy - Creating CGLIB proxy: target source is SingletonTargetSource for target object [edu.ncsu.csc.itrust2.controllers.api.APIICDCodeController@14404be2]
03:44:41.922 [main] DEBUG o.s.aop.framework.CglibAopProxy - Unable to apply any optimisations to advised method: public org.springframework.http.ResponseEntity edu.ncsu.csc.itrust2.controllers.api.APIICDCodeController.getCode(java.lang.Long)
03:44:41.922 [main] DEBUG o.s.aop.framework.CglibAopProxy - Unable to apply any optimisations to advised method: public org.springframework.http.ResponseEntity edu.ncsu.csc.itrust2.controllers.api.APIICDCodeController.addCode(edu.ncsu.csc.itrust2.forms.admin.ICDCodeForm)
03:44:41.923 [main] DEBUG o.s.aop.framework.CglibAopProxy - Unable to apply any optimisations to advised method: public java.util.List edu.ncsu.csc.itrust2.controllers.api.APIICDCodeController.getCodes()
03:44:41.923 [main] DEBUG o.s.s.a.p.PrePostAnnotationSecurityMetadataSource - @org.springframework.security.access.prepost.PreAuthorize(value=hasRole('ROLE_ADMIN')) found on specific method: public org.springframework.http.ResponseEntity edu.ncsu.csc.itrust2.controllers.api.APIICDCodeController.updateCode(java.lang.Long,edu.ncsu.csc.itrust2.forms.admin.ICDCodeForm)
03:44:41.924 [main] DEBUG o.s.s.a.m.DelegatingMethodSecurityMetadataSource - Caching method [CacheKey[edu.ncsu.csc.itrust2.controllers.api.APIICDCodeController; public org.springframework.http.ResponseEntity edu.ncsu.csc.itrust2.controllers.api.APIICDCodeController.updateCode(java.lang.Long,edu.ncsu.csc.itrust2.forms.admin.ICDCodeForm)]] with attributes [[authorize: 'hasRole('ROLE_ADMIN')', filter: 'null', filterTarget: 'null']]
03:44:41.925 [main] DEBUG o.s.aop.framework.CglibAopProxy - Unable to apply any optimisations to advised method: public org.springframework.http.ResponseEntity edu.ncsu.csc.itrust2.controllers.api.APIICDCodeController.updateCode(java.lang.Long,edu.ncsu.csc.itrust2.forms.admin.ICDCodeForm)
03:44:41.926 [main] DEBUG o.s.s.a.p.PrePostAnnotationSecurityMetadataSource - @org.springframework.security.access.prepost.PreAuthorize(value=hasRole('ROLE_ADMIN')) found on specific method: public org.springframework.http.ResponseEntity edu.ncsu.csc.itrust2.controllers.api.APIICDCodeController.deleteCode(java.lang.Long)
03:44:41.931 [main] DEBUG o.s.s.a.m.DelegatingMethodSecurityMetadataSource - Caching method [CacheKey[edu.ncsu.csc.itrust2.controllers.api.APIICDCodeController; public org.springframework.http.ResponseEntity edu.ncsu.csc.itrust2.controllers.api.APIICDCodeController.deleteCode(java.lang.Long)]] with attributes [[authorize: 'hasRole('ROLE_ADMIN')', filter: 'null', filterTarget: 'null']]
03:44:41.939 [main] DEBUG o.s.aop.framework.CglibAopProxy - Unable to apply any optimisations to advised method: public org.springframework.http.ResponseEntity edu.ncsu.csc.itrust2.controllers.api.APIICDCodeController.deleteCode(java.lang.Long)
03:44:41.940 [main] DEBUG o.s.aop.framework.CglibAopProxy - Found 'equals' method: public boolean java.lang.Object.equals(java.lang.Object)
03:44:41.940 [main] DEBUG o.s.aop.framework.CglibAopProxy - Unable to apply any optimisations to advised method: public java.lang.String java.lang.Object.toString()
03:44:41.940 [main] DEBUG o.s.aop.framework.CglibAopProxy - Found 'hashCode' method: public native int java.lang.Object.hashCode()
03:44:41.940 [main] DEBUG o.s.aop.framework.CglibAopProxy - Unable to apply any optimisations to advised method: protected native java.lang.Object java.lang.Object.clone() throws java.lang.CloneNotSupportedException
03:44:41.940 [main] DEBUG o.s.aop.framework.CglibAopProxy - Method is declared on Advised interface: public abstract void org.springframework.aop.framework.Advised.setTargetSource(org.springframework.aop.TargetSource)
03:44:41.940 [main] DEBUG o.s.aop.framework.CglibAopProxy - Method is declared on Advised interface: public abstract org.springframework.aop.TargetSource org.springframework.aop.framework.Advised.getTargetSource()
03:44:41.940 [main] DEBUG o.s.aop.framework.CglibAopProxy - Method is declared on Advised interface: public abstract boolean org.springframework.aop.framework.Advised.isProxyTargetClass()
03:44:41.940 [main] DEBUG o.s.aop.framework.CglibAopProxy - Method is declared on Advised interface: public abstract void org.springframework.aop.framework.Advised.addAdvisor(org.springframework.aop.Advisor) throws org.springframework.aop.framework.AopConfigException
03:44:41.941 [main] DEBUG o.s.aop.framework.CglibAopProxy - Method is declared on Advised interface: public abstract void org.springframework.aop.framework.Advised.addAdvisor(int,org.springframework.aop.Advisor) throws org.springframework.aop.framework.AopConfigException
03:44:41.941 [main] DEBUG o.s.aop.framework.CglibAopProxy - Method is declared on Advised interface: public abstract void org.springframework.aop.framework.Advised.setPreFiltered(boolean)
03:44:41.941 [main] DEBUG o.s.aop.framework.CglibAopProxy - Method is declared on Advised interface: public abstract boolean org.springframework.aop.framework.Advised.isExposeProxy()
03:44:41.941 [main] DEBUG o.s.aop.framework.CglibAopProxy - Method is declared on Advised interface: public abstract void org.springframework.aop.framework.Advised.setExposeProxy(boolean)
03:44:41.941 [main] DEBUG o.s.aop.framework.CglibAopProxy - Method is declared on Advised interface: public abstract boolean org.springframework.aop.framework.Advised.isPreFiltered()
03:44:41.941 [main] DEBUG o.s.aop.framework.CglibAopProxy - Method is declared on Advised interface: public abstract java.lang.Class[] org.springframework.aop.framework.Advised.getProxiedInterfaces()
03:44:41.941 [main] DEBUG o.s.aop.framework.CglibAopProxy - Method is declared on Advised interface: public abstract boolean org.springframework.aop.framework.Advised.isInterfaceProxied(java.lang.Class)
03:44:41.941 [main] DEBUG o.s.aop.framework.CglibAopProxy - Method is declared on Advised interface: public abstract org.springframework.aop.Advisor[] org.springframework.aop.framework.Advised.getAdvisors()
03:44:41.941 [main] DEBUG o.s.aop.framework.CglibAopProxy - Method is declared on Advised interface: public abstract void org.springframework.aop.framework.Advised.removeAdvisor(int) throws org.springframework.aop.framework.AopConfigException
03:44:41.941 [main] DEBUG o.s.aop.framework.CglibAopProxy - Method is declared on Advised interface: public abstract boolean org.springframework.aop.framework.Advised.removeAdvisor(org.springframework.aop.Advisor)
03:44:41.942 [main] DEBUG o.s.aop.framework.CglibAopProxy - Method is declared on Advised interface: public abstract boolean org.springframework.aop.framework.Advised.replaceAdvisor(org.springframework.aop.Advisor,org.springframework.aop.Advisor) throws org.springframework.aop.framework.AopConfigException
03:44:41.942 [main] DEBUG o.s.aop.framework.CglibAopProxy - Method is declared on Advised interface: public abstract boolean org.springframework.aop.framework.Advised.removeAdvice(org.aopalliance.aop.Advice)
03:44:41.942 [main] DEBUG o.s.aop.framework.CglibAopProxy - Method is declared on Advised interface: public abstract java.lang.String org.springframework.aop.framework.Advised.toProxyConfigString()
03:44:41.942 [main] DEBUG o.s.aop.framework.CglibAopProxy - Method is declared on Advised interface: public abstract void org.springframework.aop.framework.Advised.addAdvice(int,org.aopalliance.aop.Advice) throws org.springframework.aop.framework.AopConfigException
03:44:41.942 [main] DEBUG o.s.aop.framework.CglibAopProxy - Method is declared on Advised interface: public abstract void org.springframework.aop.framework.Advised.addAdvice(org.aopalliance.aop.Advice) throws org.springframework.aop.framework.AopConfigException
03:44:41.942 [main] DEBUG o.s.aop.framework.CglibAopProxy - Method is declared on Advised interface: public abstract int org.springframework.aop.framework.Advised.indexOf(org.aopalliance.aop.Advice)
03:44:41.942 [main] DEBUG o.s.aop.framework.CglibAopProxy - Method is declared on Advised interface: public abstract int org.springframework.aop.framework.Advised.indexOf(org.springframework.aop.Advisor)
03:44:41.942 [main] DEBUG o.s.aop.framework.CglibAopProxy - Method is declared on Advised interface: public abstract boolean org.springframework.aop.framework.Advised.isFrozen()
03:44:41.942 [main] DEBUG o.s.aop.framework.CglibAopProxy - Method is declared on Advised interface: public abstract java.lang.Class org.springframework.aop.TargetClassAware.getTargetClass()
03:44:41.958 [main] DEBUG o.s.b.f.s.DefaultListableBeanFactory - Finished creating instance of bean 'APIICDCodeController'
03:44:41.963 [main] DEBUG o.s.b.f.s.DefaultListableBeanFactory - Creating shared instance of singleton bean 'APILogEntryController'
03:44:41.966 [main] DEBUG o.s.b.f.s.DefaultListableBeanFactory - Creating instance of bean 'APILogEntryController'
03:44:41.968 [main] DEBUG o.s.b.f.s.DefaultListableBeanFactory - Eagerly caching bean 'APILogEntryController' to allow for resolving potential circular references
03:44:41.970 [main] DEBUG o.s.b.f.s.DefaultListableBeanFactory - Returning cached instance of singleton bean 'metaDataSourceAdvisor'
03:44:41.971 [main] DEBUG o.s.b.f.s.DefaultListableBeanFactory - Finished creating instance of bean 'APILogEntryController'
03:44:41.973 [main] DEBUG o.s.b.f.s.DefaultListableBeanFactory - Creating shared instance of singleton bean 'APIOfficeVisitController'
03:44:41.974 [main] DEBUG o.s.b.f.s.DefaultListableBeanFactory - Creating instance of bean 'APIOfficeVisitController'
03:44:41.985 [main] DEBUG o.s.b.f.s.DefaultListableBeanFactory - Eagerly caching bean 'APIOfficeVisitController' to allow for resolving potential circular references
03:44:41.990 [main] DEBUG o.s.b.f.s.DefaultListableBeanFactory - Returning cached instance of singleton bean 'metaDataSourceAdvisor'
03:44:41.991 [main] DEBUG o.s.s.a.p.PrePostAnnotationSecurityMetadataSource - @org.springframework.security.access.prepost.PreAuthorize(value=hasRole('ROLE_PATIENT')) found on specific method: public java.util.List edu.ncsu.csc.itrust2.controllers.api.APIOfficeVisitController.getMyOfficeVisits()
03:44:41.991 [main] DEBUG o.s.s.a.m.DelegatingMethodSecurityMetadataSource - Caching method [CacheKey[edu.ncsu.csc.itrust2.controllers.api.APIOfficeVisitController; public java.util.List edu.ncsu.csc.itrust2.controllers.api.APIOfficeVisitController.getMyOfficeVisits()]] with attributes [[authorize: 'hasRole('ROLE_PATIENT')', filter: 'null', filterTarget: 'null']]
03:44:41.991 [main] DEBUG o.s.a.f.a.InfrastructureAdvisorAutoProxyCreator - Creating implicit proxy for bean 'APIOfficeVisitController' with 0 common interceptors and 1 specific interceptors
03:44:41.991 [main] DEBUG o.s.aop.framework.CglibAopProxy - Creating CGLIB proxy: target source is SingletonTargetSource for target object [edu.ncsu.csc.itrust2.controllers.api.APIOfficeVisitController@94047a4]
03:44:41.992 [main] DEBUG o.s.aop.framework.CglibAopProxy - Unable to apply any optimisations to advised method: public java.util.List edu.ncsu.csc.itrust2.controllers.api.APIOfficeVisitController.getOfficeVisits()
03:44:41.993 [main] DEBUG o.s.aop.framework.CglibAopProxy - Unable to apply any optimisations to advised method: public java.util.List edu.ncsu.csc.itrust2.controllers.api.APIOfficeVisitController.getMyOfficeVisits()
03:44:41.993 [main] DEBUG o.s.aop.framework.CglibAopProxy - Unable to apply any optimisations to advised method: public org.springframework.http.ResponseEntity edu.ncsu.csc.itrust2.controllers.api.APIOfficeVisitController.getOfficeVisit(java.lang.Long)
03:44:41.994 [main] DEBUG o.s.aop.framework.CglibAopProxy - Unable to apply any optimisations to advised method: public void edu.ncsu.csc.itrust2.controllers.api.APIOfficeVisitController.deleteOfficeVisits()
03:44:41.994 [main] DEBUG o.s.aop.framework.CglibAopProxy - Unable to apply any optimisations to advised method: public org.springframework.http.ResponseEntity edu.ncsu.csc.itrust2.controllers.api.APIOfficeVisitController.createOfficeVisit(edu.ncsu.csc.itrust2.forms.hcp.OfficeVisitForm)
03:44:41.994 [main] DEBUG o.s.aop.framework.CglibAopProxy - Unable to apply any optimisations to advised method: public org.springframework.http.ResponseEntity edu.ncsu.csc.itrust2.controllers.api.APIOfficeVisitController.deleteOfficeVisit(java.lang.Long)
03:44:41.995 [main] DEBUG o.s.aop.framework.CglibAopProxy - Unable to apply any optimisations to advised method: public org.springframework.http.ResponseEntity edu.ncsu.csc.itrust2.controllers.api.APIOfficeVisitController.updateOfficeVisit(java.lang.Long,edu.ncsu.csc.itrust2.forms.hcp.OfficeVisitForm)
03:44:41.995 [main] DEBUG o.s.s.a.p.PrePostAnnotationSecurityMetadataSource - @org.springframework.security.access.prepost.PreAuthorize(value=hasRole('ROLE_HCP')) found on specific method: public org.springframework.http.ResponseEntity edu.ncsu.csc.itrust2.controllers.api.APIOfficeVisitController.viewOfficeVisitHCP(java.lang.Long,edu.ncsu.csc.itrust2.forms.hcp.OfficeVisitForm)
03:44:41.995 [main] DEBUG o.s.s.a.m.DelegatingMethodSecurityMetadataSource - Caching method [CacheKey[edu.ncsu.csc.itrust2.controllers.api.APIOfficeVisitController; public org.springframework.http.ResponseEntity edu.ncsu.csc.itrust2.controllers.api.APIOfficeVisitController.viewOfficeVisitHCP(java.lang.Long,edu.ncsu.csc.itrust2.forms.hcp.OfficeVisitForm)]] with attributes [[authorize: 'hasRole('ROLE_HCP')', filter: 'null', filterTarget: 'null']]
03:44:41.995 [main] DEBUG o.s.aop.framework.CglibAopProxy - Unable to apply any optimisations to advised method: public org.springframework.http.ResponseEntity edu.ncsu.csc.itrust2.controllers.api.APIOfficeVisitController.viewOfficeVisitHCP(java.lang.Long,edu.ncsu.csc.itrust2.forms.hcp.OfficeVisitForm)
03:44:41.995 [main] DEBUG o.s.s.a.p.PrePostAnnotationSecurityMetadataSource - @org.springframework.security.access.prepost.PreAuthorize(value=hasRole('ROLE_PATIENT')) found on specific method: public org.springframework.http.ResponseEntity edu.ncsu.csc.itrust2.controllers.api.APIOfficeVisitController.viewOfficeVisitPatient(java.lang.Long,edu.ncsu.csc.itrust2.forms.hcp.OfficeVisitForm)
03:44:41.996 [main] DEBUG o.s.s.a.m.DelegatingMethodSecurityMetadataSource - Caching method [CacheKey[edu.ncsu.csc.itrust2.controllers.api.APIOfficeVisitController; public org.springframework.http.ResponseEntity edu.ncsu.csc.itrust2.controllers.api.APIOfficeVisitController.viewOfficeVisitPatient(java.lang.Long,edu.ncsu.csc.itrust2.forms.hcp.OfficeVisitForm)]] with attributes [[authorize: 'hasRole('ROLE_PATIENT')', filter: 'null', filterTarget: 'null']]
03:44:41.996 [main] DEBUG o.s.aop.framework.CglibAopProxy - Unable to apply any optimisations to advised method: public org.springframework.http.ResponseEntity edu.ncsu.csc.itrust2.controllers.api.APIOfficeVisitController.viewOfficeVisitPatient(java.lang.Long,edu.ncsu.csc.itrust2.forms.hcp.OfficeVisitForm)
03:44:41.996 [main] DEBUG o.s.aop.framework.CglibAopProxy - Found 'equals' method: public boolean java.lang.Object.equals(java.lang.Object)
03:44:41.997 [main] DEBUG o.s.aop.framework.CglibAopProxy - Unable to apply any optimisations to advised method: public java.lang.String java.lang.Object.toString()
03:44:41.997 [main] DEBUG o.s.aop.framework.CglibAopProxy - Found 'hashCode' method: public native int java.lang.Object.hashCode()
03:44:41.997 [main] DEBUG o.s.aop.framework.CglibAopProxy - Unable to apply any optimisations to advised method: protected native java.lang.Object java.lang.Object.clone() throws java.lang.CloneNotSupportedException
03:44:41.997 [main] DEBUG o.s.aop.framework.CglibAopProxy - Method is declared on Advised interface: public abstract void org.springframework.aop.framework.Advised.setTargetSource(org.springframework.aop.TargetSource)
03:44:41.997 [main] DEBUG o.s.aop.framework.CglibAopProxy - Method is declared on Advised interface: public abstract org.springframework.aop.TargetSource org.springframework.aop.framework.Advised.getTargetSource()
03:44:41.997 [main] DEBUG o.s.aop.framework.CglibAopProxy - Method is declared on Advised interface: public abstract boolean org.springframework.aop.framework.Advised.isProxyTargetClass()
03:44:41.997 [main] DEBUG o.s.aop.framework.CglibAopProxy - Method is declared on Advised interface: public abstract void org.springframework.aop.framework.Advised.addAdvisor(org.springframework.aop.Advisor) throws org.springframework.aop.framework.AopConfigException
03:44:41.997 [main] DEBUG o.s.aop.framework.CglibAopProxy - Method is declared on Advised interface: public abstract void org.springframework.aop.framework.Advised.addAdvisor(int,org.springframework.aop.Advisor) throws org.springframework.aop.framework.AopConfigException
03:44:41.997 [main] DEBUG o.s.aop.framework.CglibAopProxy - Method is declared on Advised interface: public abstract void org.springframework.aop.framework.Advised.setPreFiltered(boolean)
03:44:41.997 [main] DEBUG o.s.aop.framework.CglibAopProxy - Method is declared on Advised interface: public abstract boolean org.springframework.aop.framework.Advised.isExposeProxy()
03:44:41.997 [main] DEBUG o.s.aop.framework.CglibAopProxy - Method is declared on Advised interface: public abstract void org.springframework.aop.framework.Advised.setExposeProxy(boolean)
03:44:41.997 [main] DEBUG o.s.aop.framework.CglibAopProxy - Method is declared on Advised interface: public abstract boolean org.springframework.aop.framework.Advised.isPreFiltered()
03:44:41.997 [main] DEBUG o.s.aop.framework.CglibAopProxy - Method is declared on Advised interface: public abstract java.lang.Class[] org.springframework.aop.framework.Advised.getProxiedInterfaces()
03:44:41.997 [main] DEBUG o.s.aop.framework.CglibAopProxy - Method is declared on Advised interface: public abstract boolean org.springframework.aop.framework.Advised.isInterfaceProxied(java.lang.Class)
03:44:41.997 [main] DEBUG o.s.aop.framework.CglibAopProxy - Method is declared on Advised interface: public abstract org.springframework.aop.Advisor[] org.springframework.aop.framework.Advised.getAdvisors()
03:44:41.997 [main] DEBUG o.s.aop.framework.CglibAopProxy - Method is declared on Advised interface: public abstract void org.springframework.aop.framework.Advised.removeAdvisor(int) throws org.springframework.aop.framework.AopConfigException
03:44:41.998 [main] DEBUG o.s.aop.framework.CglibAopProxy - Method is declared on Advised interface: public abstract boolean org.springframework.aop.framework.Advised.removeAdvisor(org.springframework.aop.Advisor)
03:44:41.998 [main] DEBUG o.s.aop.framework.CglibAopProxy - Method is declared on Advised interface: public abstract boolean org.springframework.aop.framework.Advised.replaceAdvisor(org.springframework.aop.Advisor,org.springframework.aop.Advisor) throws org.springframework.aop.framework.AopConfigException
03:44:41.998 [main] DEBUG o.s.aop.framework.CglibAopProxy - Method is declared on Advised interface: public abstract boolean org.springframework.aop.framework.Advised.removeAdvice(org.aopalliance.aop.Advice)
03:44:41.998 [main] DEBUG o.s.aop.framework.CglibAopProxy - Method is declared on Advised interface: public abstract java.lang.String org.springframework.aop.framework.Advised.toProxyConfigString()
03:44:41.998 [main] DEBUG o.s.aop.framework.CglibAopProxy - Method is declared on Advised interface: public abstract void org.springframework.aop.framework.Advised.addAdvice(int,org.aopalliance.aop.Advice) throws org.springframework.aop.framework.AopConfigException
03:44:41.998 [main] DEBUG o.s.aop.framework.CglibAopProxy - Method is declared on Advised interface: public abstract void org.springframework.aop.framework.Advised.addAdvice(org.aopalliance.aop.Advice) throws org.springframework.aop.framework.AopConfigException
03:44:41.998 [main] DEBUG o.s.aop.framework.CglibAopProxy - Method is declared on Advised interface: public abstract int org.springframework.aop.framework.Advised.indexOf(org.aopalliance.aop.Advice)
03:44:41.998 [main] DEBUG o.s.aop.framework.CglibAopProxy - Method is declared on Advised interface: public abstract int org.springframework.aop.framework.Advised.indexOf(org.springframework.aop.Advisor)
03:44:41.998 [main] DEBUG o.s.aop.framework.CglibAopProxy - Method is declared on Advised interface: public abstract boolean org.springframework.aop.framework.Advised.isFrozen()
03:44:41.998 [main] DEBUG o.s.aop.framework.CglibAopProxy - Method is declared on Advised interface: public abstract java.lang.Class org.springframework.aop.TargetClassAware.getTargetClass()
03:44:42.018 [main] DEBUG o.s.b.f.s.DefaultListableBeanFactory - Finished creating instance of bean 'APIOfficeVisitController'
03:44:42.021 [main] DEBUG o.s.b.f.s.DefaultListableBeanFactory - Creating shared instance of singleton bean 'APIPasswordController'
03:44:42.021 [main] DEBUG o.s.b.f.s.DefaultListableBeanFactory - Creating instance of bean 'APIPasswordController'
03:44:42.024 [main] DEBUG o.s.b.f.annotation.InjectionMetadata - Registered injected element on class [edu.ncsu.csc.itrust2.controllers.api.APIPasswordController]: AutowiredFieldElement for org.springframework.core.env.Environment edu.ncsu.csc.itrust2.controllers.api.APIPasswordController.environment
03:44:42.024 [main] DEBUG o.s.b.f.s.DefaultListableBeanFactory - Eagerly caching bean 'APIPasswordController' to allow for resolving potential circular references
03:44:42.026 [main] DEBUG o.s.b.f.annotation.InjectionMetadata - Processing injected element of bean 'APIPasswordController': AutowiredFieldElement for org.springframework.core.env.Environment edu.ncsu.csc.itrust2.controllers.api.APIPasswordController.environment
03:44:42.027 [main] DEBUG o.s.b.f.s.DefaultListableBeanFactory - Returning cached instance of singleton bean 'environment'
03:44:42.027 [main] DEBUG o.s.b.f.a.AutowiredAnnotationBeanPostProcessor - Autowiring by type from bean name 'APIPasswordController' to bean named 'environment'
03:44:42.027 [main] DEBUG o.s.b.f.s.DefaultListableBeanFactory - Returning cached instance of singleton bean 'metaDataSourceAdvisor'
03:44:42.029 [main] DEBUG o.s.b.f.s.DefaultListableBeanFactory - Finished creating instance of bean 'APIPasswordController'
03:44:42.029 [main] DEBUG o.s.b.f.s.DefaultListableBeanFactory - Creating shared instance of singleton bean 'APIPatientController'
03:44:42.029 [main] DEBUG o.s.b.f.s.DefaultListableBeanFactory - Creating instance of bean 'APIPatientController'
03:44:42.032 [main] DEBUG o.s.b.f.s.DefaultListableBeanFactory - Eagerly caching bean 'APIPatientController' to allow for resolving potential circular references
03:44:42.036 [main] DEBUG o.s.b.f.s.DefaultListableBeanFactory - Returning cached instance of singleton bean 'metaDataSourceAdvisor'
03:44:42.037 [main] DEBUG o.s.s.a.p.PrePostAnnotationSecurityMetadataSource - @org.springframework.security.access.prepost.PreAuthorize(value=hasRole('ROLE_PATIENT')) found on specific method: public org.springframework.http.ResponseEntity edu.ncsu.csc.itrust2.controllers.api.APIPatientController.getPatient()
03:44:42.037 [main] DEBUG o.s.s.a.m.DelegatingMethodSecurityMetadataSource - Caching method [CacheKey[edu.ncsu.csc.itrust2.controllers.api.APIPatientController; public org.springframework.http.ResponseEntity edu.ncsu.csc.itrust2.controllers.api.APIPatientController.getPatient()]] with attributes [[authorize: 'hasRole('ROLE_PATIENT')', filter: 'null', filterTarget: 'null']]
03:44:42.038 [main] DEBUG o.s.a.f.a.InfrastructureAdvisorAutoProxyCreator - Creating implicit proxy for bean 'APIPatientController' with 0 common interceptors and 1 specific interceptors
03:44:42.038 [main] DEBUG o.s.aop.framework.CglibAopProxy - Creating CGLIB proxy: target source is SingletonTargetSource for target object [edu.ncsu.csc.itrust2.controllers.api.APIPatientController@2fb5e706]
03:44:42.041 [main] DEBUG o.s.aop.framework.CglibAopProxy - Unable to apply any optimisations to advised method: public org.springframework.http.ResponseEntity edu.ncsu.csc.itrust2.controllers.api.APIPatientController.getPatient(java.lang.String)
03:44:42.041 [main] DEBUG o.s.aop.framework.CglibAopProxy - Unable to apply any optimisations to advised method: public org.springframework.http.ResponseEntity edu.ncsu.csc.itrust2.controllers.api.APIPatientController.getPatient()
03:44:42.041 [main] DEBUG o.s.aop.framework.CglibAopProxy - Unable to apply any optimisations to advised method: public java.util.List edu.ncsu.csc.itrust2.controllers.api.APIPatientController.getPatients()
03:44:42.042 [main] DEBUG o.s.aop.framework.CglibAopProxy - Unable to apply any optimisations to advised method: public org.springframework.http.ResponseEntity edu.ncsu.csc.itrust2.controllers.api.APIPatientController.createPatient(edu.ncsu.csc.itrust2.forms.hcp_patient.PatientForm)
03:44:42.044 [main] DEBUG o.s.aop.framework.CglibAopProxy - Unable to apply any optimisations to advised method: public org.springframework.http.ResponseEntity edu.ncsu.csc.itrust2.controllers.api.APIPatientController.updatePatient(java.lang.String,edu.ncsu.csc.itrust2.forms.hcp_patient.PatientForm)
03:44:42.044 [main] DEBUG o.s.aop.framework.CglibAopProxy - Found 'equals' method: public boolean java.lang.Object.equals(java.lang.Object)
03:44:42.044 [main] DEBUG o.s.aop.framework.CglibAopProxy - Unable to apply any optimisations to advised method: public java.lang.String java.lang.Object.toString()
03:44:42.044 [main] DEBUG o.s.aop.framework.CglibAopProxy - Found 'hashCode' method: public native int java.lang.Object.hashCode()
03:44:42.045 [main] DEBUG o.s.aop.framework.CglibAopProxy - Unable to apply any optimisations to advised method: protected native java.lang.Object java.lang.Object.clone() throws java.lang.CloneNotSupportedException
03:44:42.045 [main] DEBUG o.s.aop.framework.CglibAopProxy - Method is declared on Advised interface: public abstract void org.springframework.aop.framework.Advised.setTargetSource(org.springframework.aop.TargetSource)
03:44:42.045 [main] DEBUG o.s.aop.framework.CglibAopProxy - Method is declared on Advised interface: public abstract org.springframework.aop.TargetSource org.springframework.aop.framework.Advised.getTargetSource()
03:44:42.045 [main] DEBUG o.s.aop.framework.CglibAopProxy - Method is declared on Advised interface: public abstract boolean org.springframework.aop.framework.Advised.isProxyTargetClass()
03:44:42.045 [main] DEBUG o.s.aop.framework.CglibAopProxy - Method is declared on Advised interface: public abstract void org.springframework.aop.framework.Advised.addAdvisor(org.springframework.aop.Advisor) throws org.springframework.aop.framework.AopConfigException
03:44:42.046 [main] DEBUG o.s.aop.framework.CglibAopProxy - Method is declared on Advised interface: public abstract void org.springframework.aop.framework.Advised.addAdvisor(int,org.springframework.aop.Advisor) throws org.springframework.aop.framework.AopConfigException
03:44:42.046 [main] DEBUG o.s.aop.framework.CglibAopProxy - Method is declared on Advised interface: public abstract void org.springframework.aop.framework.Advised.setPreFiltered(boolean)
03:44:42.046 [main] DEBUG o.s.aop.framework.CglibAopProxy - Method is declared on Advised interface: public abstract boolean org.springframework.aop.framework.Advised.isExposeProxy()
03:44:42.046 [main] DEBUG o.s.aop.framework.CglibAopProxy - Method is declared on Advised interface: public abstract void org.springframework.aop.framework.Advised.setExposeProxy(boolean)
03:44:42.047 [main] DEBUG o.s.aop.framework.CglibAopProxy - Method is declared on Advised interface: public abstract boolean org.springframework.aop.framework.Advised.isPreFiltered()
03:44:42.047 [main] DEBUG o.s.aop.framework.CglibAopProxy - Method is declared on Advised interface: public abstract java.lang.Class[] org.springframework.aop.framework.Advised.getProxiedInterfaces()
03:44:42.047 [main] DEBUG o.s.aop.framework.CglibAopProxy - Method is declared on Advised interface: public abstract boolean org.springframework.aop.framework.Advised.isInterfaceProxied(java.lang.Class)
03:44:42.047 [main] DEBUG o.s.aop.framework.CglibAopProxy - Method is declared on Advised interface: public abstract org.springframework.aop.Advisor[] org.springframework.aop.framework.Advised.getAdvisors()
03:44:42.048 [main] DEBUG o.s.aop.framework.CglibAopProxy - Method is declared on Advised interface: public abstract void org.springframework.aop.framework.Advised.removeAdvisor(int) throws org.springframework.aop.framework.AopConfigException
03:44:42.048 [main] DEBUG o.s.aop.framework.CglibAopProxy - Method is declared on Advised interface: public abstract boolean org.springframework.aop.framework.Advised.removeAdvisor(org.springframework.aop.Advisor)
03:44:42.048 [main] DEBUG o.s.aop.framework.CglibAopProxy - Method is declared on Advised interface: public abstract boolean org.springframework.aop.framework.Advised.replaceAdvisor(org.springframework.aop.Advisor,org.springframework.aop.Advisor) throws org.springframework.aop.framework.AopConfigException
03:44:42.048 [main] DEBUG o.s.aop.framework.CglibAopProxy - Method is declared on Advised interface: public abstract boolean org.springframework.aop.framework.Advised.removeAdvice(org.aopalliance.aop.Advice)
03:44:42.048 [main] DEBUG o.s.aop.framework.CglibAopProxy - Method is declared on Advised interface: public abstract java.lang.String org.springframework.aop.framework.Advised.toProxyConfigString()
03:44:42.048 [main] DEBUG o.s.aop.framework.CglibAopProxy - Method is declared on Advised interface: public abstract void org.springframework.aop.framework.Advised.addAdvice(int,org.aopalliance.aop.Advice) throws org.springframework.aop.framework.AopConfigException
03:44:42.048 [main] DEBUG o.s.aop.framework.CglibAopProxy - Method is declared on Advised interface: public abstract void org.springframework.aop.framework.Advised.addAdvice(org.aopalliance.aop.Advice) throws org.springframework.aop.framework.AopConfigException
03:44:42.048 [main] DEBUG o.s.aop.framework.CglibAopProxy - Method is declared on Advised interface: public abstract int org.springframework.aop.framework.Advised.indexOf(org.aopalliance.aop.Advice)
03:44:42.049 [main] DEBUG o.s.aop.framework.CglibAopProxy - Method is declared on Advised interface: public abstract int org.springframework.aop.framework.Advised.indexOf(org.springframework.aop.Advisor)
03:44:42.049 [main] DEBUG o.s.aop.framework.CglibAopProxy - Method is declared on Advised interface: public abstract boolean org.springframework.aop.framework.Advised.isFrozen()
03:44:42.049 [main] DEBUG o.s.aop.framework.CglibAopProxy - Method is declared on Advised interface: public abstract java.lang.Class org.springframework.aop.TargetClassAware.getTargetClass()
03:44:42.062 [main] DEBUG o.s.b.f.s.DefaultListableBeanFactory - Finished creating instance of bean 'APIPatientController'
03:44:42.063 [main] DEBUG o.s.b.f.s.DefaultListableBeanFactory - Creating shared instance of singleton bean 'APIPersonnelController'
03:44:42.063 [main] DEBUG o.s.b.f.s.DefaultListableBeanFactory - Creating instance of bean 'APIPersonnelController'
03:44:42.066 [main] DEBUG o.s.b.f.s.DefaultListableBeanFactory - Eagerly caching bean 'APIPersonnelController' to allow for resolving potential circular references
03:44:42.070 [main] DEBUG o.s.b.f.s.DefaultListableBeanFactory - Returning cached instance of singleton bean 'metaDataSourceAdvisor'
03:44:42.072 [main] DEBUG o.s.b.f.s.DefaultListableBeanFactory - Finished creating instance of bean 'APIPersonnelController'
03:44:42.073 [main] DEBUG o.s.b.f.s.DefaultListableBeanFactory - Creating shared instance of singleton bean 'APIPrescriptionController'
03:44:42.073 [main] DEBUG o.s.b.f.s.DefaultListableBeanFactory - Creating instance of bean 'APIPrescriptionController'
03:44:42.076 [main] DEBUG o.s.b.f.s.DefaultListableBeanFactory - Eagerly caching bean 'APIPrescriptionController' to allow for resolving potential circular references
03:44:42.080 [main] DEBUG o.s.b.f.s.DefaultListableBeanFactory - Returning cached instance of singleton bean 'metaDataSourceAdvisor'
03:44:42.081 [main] DEBUG o.s.s.a.p.PrePostAnnotationSecurityMetadataSource - @org.springframework.security.access.prepost.PreAuthorize(value=hasRole('ROLE_HCP')) found on specific method: public org.springframework.http.ResponseEntity edu.ncsu.csc.itrust2.controllers.api.APIPrescriptionController.addPrescription(edu.ncsu.csc.itrust2.forms.hcp.PrescriptionForm)
03:44:42.083 [main] DEBUG o.s.s.a.m.DelegatingMethodSecurityMetadataSource - Caching method [CacheKey[edu.ncsu.csc.itrust2.controllers.api.APIPrescriptionController; public org.springframework.http.ResponseEntity edu.ncsu.csc.itrust2.controllers.api.APIPrescriptionController.addPrescription(edu.ncsu.csc.itrust2.forms.hcp.PrescriptionForm)]] with attributes [[authorize: 'hasRole('ROLE_HCP')', filter: 'null', filterTarget: 'null']]
03:44:42.083 [main] DEBUG o.s.a.f.a.InfrastructureAdvisorAutoProxyCreator - Creating implicit proxy for bean 'APIPrescriptionController' with 0 common interceptors and 1 specific interceptors
03:44:42.083 [main] DEBUG o.s.aop.framework.CglibAopProxy - Creating CGLIB proxy: target source is SingletonTargetSource for target object [edu.ncsu.csc.itrust2.controllers.api.APIPrescriptionController@4e791e53]
03:44:42.084 [main] DEBUG o.s.aop.framework.CglibAopProxy - Unable to apply any optimisations to advised method: public org.springframework.http.ResponseEntity edu.ncsu.csc.itrust2.controllers.api.APIPrescriptionController.addPrescription(edu.ncsu.csc.itrust2.forms.hcp.PrescriptionForm)
03:44:42.085 [main] DEBUG o.s.s.a.p.PrePostAnnotationSecurityMetadataSource - @org.springframework.security.access.prepost.PreAuthorize(value=hasRole('ROLE_HCP')) found on specific method: public org.springframework.http.ResponseEntity edu.ncsu.csc.itrust2.controllers.api.APIPrescriptionController.editPrescription(edu.ncsu.csc.itrust2.forms.hcp.PrescriptionForm)
03:44:42.086 [main] DEBUG o.s.s.a.m.DelegatingMethodSecurityMetadataSource - Caching method [CacheKey[edu.ncsu.csc.itrust2.controllers.api.APIPrescriptionController; public org.springframework.http.ResponseEntity edu.ncsu.csc.itrust2.controllers.api.APIPrescriptionController.editPrescription(edu.ncsu.csc.itrust2.forms.hcp.PrescriptionForm)]] with attributes [[authorize: 'hasRole('ROLE_HCP')', filter: 'null', filterTarget: 'null']]
03:44:42.086 [main] DEBUG o.s.aop.framework.CglibAopProxy - Unable to apply any optimisations to advised method: public org.springframework.http.ResponseEntity edu.ncsu.csc.itrust2.controllers.api.APIPrescriptionController.editPrescription(edu.ncsu.csc.itrust2.forms.hcp.PrescriptionForm)
03:44:42.086 [main] DEBUG o.s.s.a.p.PrePostAnnotationSecurityMetadataSource - @org.springframework.security.access.prepost.PreAuthorize(value=hasRole('ROLE_HCP')) found on specific method: public org.springframework.http.ResponseEntity edu.ncsu.csc.itrust2.controllers.api.APIPrescriptionController.deletePrescription(java.lang.Long)
03:44:42.087 [main] DEBUG o.s.s.a.m.DelegatingMethodSecurityMetadataSource - Caching method [CacheKey[edu.ncsu.csc.itrust2.controllers.api.APIPrescriptionController; public org.springframework.http.ResponseEntity edu.ncsu.csc.itrust2.controllers.api.APIPrescriptionController.deletePrescription(java.lang.Long)]] with attributes [[authorize: 'hasRole('ROLE_HCP')', filter: 'null', filterTarget: 'null']]
03:44:42.087 [main] DEBUG o.s.aop.framework.CglibAopProxy - Unable to apply any optimisations to advised method: public org.springframework.http.ResponseEntity edu.ncsu.csc.itrust2.controllers.api.APIPrescriptionController.deletePrescription(java.lang.Long)
03:44:42.087 [main] DEBUG o.s.s.a.p.PrePostAnnotationSecurityMetadataSource - @org.springframework.security.access.prepost.PreAuthorize(value=hasAnyRole('ROLE_HCP', 'ROLE_PATIENT')) found on specific method: public java.util.List edu.ncsu.csc.itrust2.controllers.api.APIPrescriptionController.getPrescriptions()
03:44:42.088 [main] DEBUG o.s.s.a.m.DelegatingMethodSecurityMetadataSource - Caching method [CacheKey[edu.ncsu.csc.itrust2.controllers.api.APIPrescriptionController; public java.util.List edu.ncsu.csc.itrust2.controllers.api.APIPrescriptionController.getPrescriptions()]] with attributes [[authorize: 'hasAnyRole('ROLE_HCP', 'ROLE_PATIENT')', filter: 'null', filterTarget: 'null']]
03:44:42.088 [main] DEBUG o.s.aop.framework.CglibAopProxy - Unable to apply any optimisations to advised method: public java.util.List edu.ncsu.csc.itrust2.controllers.api.APIPrescriptionController.getPrescriptions()
03:44:42.089 [main] DEBUG o.s.s.a.p.PrePostAnnotationSecurityMetadataSource - @org.springframework.security.access.prepost.PreAuthorize(value=hasRole('ROLE_HCP')) found on specific method: public org.springframework.http.ResponseEntity edu.ncsu.csc.itrust2.controllers.api.APIPrescriptionController.getPrescription(java.lang.Long)
03:44:42.089 [main] DEBUG o.s.s.a.m.DelegatingMethodSecurityMetadataSource - Caching method [CacheKey[edu.ncsu.csc.itrust2.controllers.api.APIPrescriptionController; public org.springframework.http.ResponseEntity edu.ncsu.csc.itrust2.controllers.api.APIPrescriptionController.getPrescription(java.lang.Long)]] with attributes [[authorize: 'hasRole('ROLE_HCP')', filter: 'null', filterTarget: 'null']]
03:44:42.089 [main] DEBUG o.s.aop.framework.CglibAopProxy - Unable to apply any optimisations to advised method: public org.springframework.http.ResponseEntity edu.ncsu.csc.itrust2.controllers.api.APIPrescriptionController.getPrescription(java.lang.Long)
03:44:42.095 [main] DEBUG o.s.aop.framework.CglibAopProxy - Found 'equals' method: public boolean java.lang.Object.equals(java.lang.Object)
03:44:42.095 [main] DEBUG o.s.aop.framework.CglibAopProxy - Unable to apply any optimisations to advised method: public java.lang.String java.lang.Object.toString()
03:44:42.096 [main] DEBUG o.s.aop.framework.CglibAopProxy - Found 'hashCode' method: public native int java.lang.Object.hashCode()
03:44:42.097 [main] DEBUG o.s.aop.framework.CglibAopProxy - Unable to apply any optimisations to advised method: protected native java.lang.Object java.lang.Object.clone() throws java.lang.CloneNotSupportedException
03:44:42.097 [main] DEBUG o.s.aop.framework.CglibAopProxy - Method is declared on Advised interface: public abstract void org.springframework.aop.framework.Advised.setTargetSource(org.springframework.aop.TargetSource)
03:44:42.097 [main] DEBUG o.s.aop.framework.CglibAopProxy - Method is declared on Advised interface: public abstract org.springframework.aop.TargetSource org.springframework.aop.framework.Advised.getTargetSource()
03:44:42.097 [main] DEBUG o.s.aop.framework.CglibAopProxy - Method is declared on Advised interface: public abstract boolean org.springframework.aop.framework.Advised.isProxyTargetClass()
03:44:42.097 [main] DEBUG o.s.aop.framework.CglibAopProxy - Method is declared on Advised interface: public abstract void org.springframework.aop.framework.Advised.addAdvisor(org.springframework.aop.Advisor) throws org.springframework.aop.framework.AopConfigException
03:44:42.097 [main] DEBUG o.s.aop.framework.CglibAopProxy - Method is declared on Advised interface: public abstract void org.springframework.aop.framework.Advised.addAdvisor(int,org.springframework.aop.Advisor) throws org.springframework.aop.framework.AopConfigException
03:44:42.097 [main] DEBUG o.s.aop.framework.CglibAopProxy - Method is declared on Advised interface: public abstract void org.springframework.aop.framework.Advised.setPreFiltered(boolean)
03:44:42.098 [main] DEBUG o.s.aop.framework.CglibAopProxy - Method is declared on Advised interface: public abstract boolean org.springframework.aop.framework.Advised.isExposeProxy()
03:44:42.098 [main] DEBUG o.s.aop.framework.CglibAopProxy - Method is declared on Advised interface: public abstract void org.springframework.aop.framework.Advised.setExposeProxy(boolean)
03:44:42.098 [main] DEBUG o.s.aop.framework.CglibAopProxy - Method is declared on Advised interface: public abstract boolean org.springframework.aop.framework.Advised.isPreFiltered()
03:44:42.098 [main] DEBUG o.s.aop.framework.CglibAopProxy - Method is declared on Advised interface: public abstract java.lang.Class[] org.springframework.aop.framework.Advised.getProxiedInterfaces()
03:44:42.098 [main] DEBUG o.s.aop.framework.CglibAopProxy - Method is declared on Advised interface: public abstract boolean org.springframework.aop.framework.Advised.isInterfaceProxied(java.lang.Class)
03:44:42.098 [main] DEBUG o.s.aop.framework.CglibAopProxy - Method is declared on Advised interface: public abstract org.springframework.aop.Advisor[] org.springframework.aop.framework.Advised.getAdvisors()
03:44:42.098 [main] DEBUG o.s.aop.framework.CglibAopProxy - Method is declared on Advised interface: public abstract void org.springframework.aop.framework.Advised.removeAdvisor(int) throws org.springframework.aop.framework.AopConfigException
03:44:42.098 [main] DEBUG o.s.aop.framework.CglibAopProxy - Method is declared on Advised interface: public abstract boolean org.springframework.aop.framework.Advised.removeAdvisor(org.springframework.aop.Advisor)
03:44:42.098 [main] DEBUG o.s.aop.framework.CglibAopProxy - Method is declared on Advised interface: public abstract boolean org.springframework.aop.framework.Advised.replaceAdvisor(org.springframework.aop.Advisor,org.springframework.aop.Advisor) throws org.springframework.aop.framework.AopConfigException
03:44:42.098 [main] DEBUG o.s.aop.framework.CglibAopProxy - Method is declared on Advised interface: public abstract boolean org.springframework.aop.framework.Advised.removeAdvice(org.aopalliance.aop.Advice)
03:44:42.098 [main] DEBUG o.s.aop.framework.CglibAopProxy - Method is declared on Advised interface: public abstract java.lang.String org.springframework.aop.framework.Advised.toProxyConfigString()
03:44:42.098 [main] DEBUG o.s.aop.framework.CglibAopProxy - Method is declared on Advised interface: public abstract void org.springframework.aop.framework.Advised.addAdvice(int,org.aopalliance.aop.Advice) throws org.springframework.aop.framework.AopConfigException
03:44:42.098 [main] DEBUG o.s.aop.framework.CglibAopProxy - Method is declared on Advised interface: public abstract void org.springframework.aop.framework.Advised.addAdvice(org.aopalliance.aop.Advice) throws org.springframework.aop.framework.AopConfigException
03:44:42.098 [main] DEBUG o.s.aop.framework.CglibAopProxy - Method is declared on Advised interface: public abstract int org.springframework.aop.framework.Advised.indexOf(org.aopalliance.aop.Advice)
03:44:42.098 [main] DEBUG o.s.aop.framework.CglibAopProxy - Method is declared on Advised interface: public abstract int org.springframework.aop.framework.Advised.indexOf(org.springframework.aop.Advisor)
03:44:42.098 [main] DEBUG o.s.aop.framework.CglibAopProxy - Method is declared on Advised interface: public abstract boolean org.springframework.aop.framework.Advised.isFrozen()
03:44:42.098 [main] DEBUG o.s.aop.framework.CglibAopProxy - Method is declared on Advised interface: public abstract java.lang.Class org.springframework.aop.TargetClassAware.getTargetClass()
03:44:42.111 [main] DEBUG o.s.b.f.s.DefaultListableBeanFactory - Finished creating instance of bean 'APIPrescriptionController'
03:44:42.111 [main] DEBUG o.s.b.f.s.DefaultListableBeanFactory - Creating shared instance of singleton bean 'APIUserController'
03:44:42.111 [main] DEBUG o.s.b.f.s.DefaultListableBeanFactory - Creating instance of bean 'APIUserController'
03:44:42.114 [main] DEBUG o.s.b.f.s.DefaultListableBeanFactory - Eagerly caching bean 'APIUserController' to allow for resolving potential circular references
03:44:42.118 [main] DEBUG o.s.b.f.s.DefaultListableBeanFactory - Returning cached instance of singleton bean 'metaDataSourceAdvisor'
03:44:42.121 [main] DEBUG o.s.b.f.s.DefaultListableBeanFactory - Finished creating instance of bean 'APIUserController'
03:44:42.121 [main] DEBUG o.s.b.f.s.DefaultListableBeanFactory - Creating shared instance of singleton bean 'appointmentControllerHCP'
03:44:42.121 [main] DEBUG o.s.b.f.s.DefaultListableBeanFactory - Creating instance of bean 'appointmentControllerHCP'
03:44:42.123 [main] DEBUG o.s.b.f.s.DefaultListableBeanFactory - Eagerly caching bean 'appointmentControllerHCP' to allow for resolving potential circular references
03:44:42.125 [main] DEBUG o.s.b.f.s.DefaultListableBeanFactory - Returning cached instance of singleton bean 'metaDataSourceAdvisor'
03:44:42.125 [main] DEBUG o.s.s.a.p.PrePostAnnotationSecurityMetadataSource - @org.springframework.security.access.prepost.PreAuthorize(value=hasRole('ROLE_HCP')) found on specific method: public java.lang.String edu.ncsu.csc.itrust2.controllers.hcp.AppointmentControllerHCP.requestAppointmentForm(org.springframework.ui.Model)
03:44:42.126 [main] DEBUG o.s.s.a.m.DelegatingMethodSecurityMetadataSource - Caching method [CacheKey[edu.ncsu.csc.itrust2.controllers.hcp.AppointmentControllerHCP; public java.lang.String edu.ncsu.csc.itrust2.controllers.hcp.AppointmentControllerHCP.requestAppointmentForm(org.springframework.ui.Model)]] with attributes [[authorize: 'hasRole('ROLE_HCP')', filter: 'null', filterTarget: 'null']]
03:44:42.126 [main] DEBUG o.s.a.f.a.InfrastructureAdvisorAutoProxyCreator - Creating implicit proxy for bean 'appointmentControllerHCP' with 0 common interceptors and 1 specific interceptors
03:44:42.126 [main] DEBUG o.s.aop.framework.CglibAopProxy - Creating CGLIB proxy: target source is SingletonTargetSource for target object [edu.ncsu.csc.itrust2.controllers.hcp.AppointmentControllerHCP@761ac810]
03:44:42.127 [main] DEBUG o.s.aop.framework.CglibAopProxy - Unable to apply any optimisations to advised method: public java.lang.String edu.ncsu.csc.itrust2.controllers.hcp.AppointmentControllerHCP.requestAppointmentForm(org.springframework.ui.Model)
03:44:42.128 [main] DEBUG o.s.s.a.p.PrePostAnnotationSecurityMetadataSource - @org.springframework.security.access.prepost.PreAuthorize(value=hasRole('ROLE_HCP')) found on specific method: public java.lang.String edu.ncsu.csc.itrust2.controllers.hcp.AppointmentControllerHCP.appointmentActionSubmit(edu.ncsu.csc.itrust2.forms.patient.AppointmentForm)
03:44:42.129 [main] DEBUG o.s.s.a.m.DelegatingMethodSecurityMetadataSource - Caching method [CacheKey[edu.ncsu.csc.itrust2.controllers.hcp.AppointmentControllerHCP; public java.lang.String edu.ncsu.csc.itrust2.controllers.hcp.AppointmentControllerHCP.appointmentActionSubmit(edu.ncsu.csc.itrust2.forms.patient.AppointmentForm)]] with attributes [[authorize: 'hasRole('ROLE_HCP')', filter: 'null', filterTarget: 'null']]
03:44:42.129 [main] DEBUG o.s.aop.framework.CglibAopProxy - Unable to apply any optimisations to advised method: public java.lang.String edu.ncsu.csc.itrust2.controllers.hcp.AppointmentControllerHCP.appointmentActionSubmit(edu.ncsu.csc.itrust2.forms.patient.AppointmentForm)
03:44:42.129 [main] DEBUG o.s.s.a.p.PrePostAnnotationSecurityMetadataSource - @org.springframework.security.access.prepost.PreAuthorize(value=hasRole('ROLE_HCP')) found on specific method: public java.lang.String edu.ncsu.csc.itrust2.controllers.hcp.AppointmentControllerHCP.upcomingAppointments(org.springframework.ui.Model)
03:44:42.130 [main] DEBUG o.s.s.a.m.DelegatingMethodSecurityMetadataSource - Caching method [CacheKey[edu.ncsu.csc.itrust2.controllers.hcp.AppointmentControllerHCP; public java.lang.String edu.ncsu.csc.itrust2.controllers.hcp.AppointmentControllerHCP.upcomingAppointments(org.springframework.ui.Model)]] with attributes [[authorize: 'hasRole('ROLE_HCP')', filter: 'null', filterTarget: 'null']]
03:44:42.130 [main] DEBUG o.s.aop.framework.CglibAopProxy - Unable to apply any optimisations to advised method: public java.lang.String edu.ncsu.csc.itrust2.controllers.hcp.AppointmentControllerHCP.upcomingAppointments(org.springframework.ui.Model)
03:44:42.130 [main] DEBUG o.s.aop.framework.CglibAopProxy - Found 'equals' method: public boolean java.lang.Object.equals(java.lang.Object)
03:44:42.130 [main] DEBUG o.s.aop.framework.CglibAopProxy - Unable to apply any optimisations to advised method: public java.lang.String java.lang.Object.toString()
03:44:42.130 [main] DEBUG o.s.aop.framework.CglibAopProxy - Found 'hashCode' method: public native int java.lang.Object.hashCode()
03:44:42.130 [main] DEBUG o.s.aop.framework.CglibAopProxy - Unable to apply any optimisations to advised method: protected native java.lang.Object java.lang.Object.clone() throws java.lang.CloneNotSupportedException
03:44:42.130 [main] DEBUG o.s.aop.framework.CglibAopProxy - Method is declared on Advised interface: public abstract void org.springframework.aop.framework.Advised.setTargetSource(org.springframework.aop.TargetSource)
03:44:42.130 [main] DEBUG o.s.aop.framework.CglibAopProxy - Method is declared on Advised interface: public abstract org.springframework.aop.TargetSource org.springframework.aop.framework.Advised.getTargetSource()
03:44:42.131 [main] DEBUG o.s.aop.framework.CglibAopProxy - Method is declared on Advised interface: public abstract boolean org.springframework.aop.framework.Advised.isProxyTargetClass()
03:44:42.131 [main] DEBUG o.s.aop.framework.CglibAopProxy - Method is declared on Advised interface: public abstract void org.springframework.aop.framework.Advised.addAdvisor(org.springframework.aop.Advisor) throws org.springframework.aop.framework.AopConfigException
03:44:42.131 [main] DEBUG o.s.aop.framework.CglibAopProxy - Method is declared on Advised interface: public abstract void org.springframework.aop.framework.Advised.addAdvisor(int,org.springframework.aop.Advisor) throws org.springframework.aop.framework.AopConfigException
03:44:42.131 [main] DEBUG o.s.aop.framework.CglibAopProxy - Method is declared on Advised interface: public abstract void org.springframework.aop.framework.Advised.setPreFiltered(boolean)
03:44:42.131 [main] DEBUG o.s.aop.framework.CglibAopProxy - Method is declared on Advised interface: public abstract boolean org.springframework.aop.framework.Advised.isExposeProxy()
03:44:42.131 [main] DEBUG o.s.aop.framework.CglibAopProxy - Method is declared on Advised interface: public abstract void org.springframework.aop.framework.Advised.setExposeProxy(boolean)
03:44:42.131 [main] DEBUG o.s.aop.framework.CglibAopProxy - Method is declared on Advised interface: public abstract boolean org.springframework.aop.framework.Advised.isPreFiltered()
03:44:42.131 [main] DEBUG o.s.aop.framework.CglibAopProxy - Method is declared on Advised interface: public abstract java.lang.Class[] org.springframework.aop.framework.Advised.getProxiedInterfaces()
03:44:42.131 [main] DEBUG o.s.aop.framework.CglibAopProxy - Method is declared on Advised interface: public abstract boolean org.springframework.aop.framework.Advised.isInterfaceProxied(java.lang.Class)
03:44:42.131 [main] DEBUG o.s.aop.framework.CglibAopProxy - Method is declared on Advised interface: public abstract org.springframework.aop.Advisor[] org.springframework.aop.framework.Advised.getAdvisors()
03:44:42.131 [main] DEBUG o.s.aop.framework.CglibAopProxy - Method is declared on Advised interface: public abstract void org.springframework.aop.framework.Advised.removeAdvisor(int) throws org.springframework.aop.framework.AopConfigException
03:44:42.131 [main] DEBUG o.s.aop.framework.CglibAopProxy - Method is declared on Advised interface: public abstract boolean org.springframework.aop.framework.Advised.removeAdvisor(org.springframework.aop.Advisor)
03:44:42.131 [main] DEBUG o.s.aop.framework.CglibAopProxy - Method is declared on Advised interface: public abstract boolean org.springframework.aop.framework.Advised.replaceAdvisor(org.springframework.aop.Advisor,org.springframework.aop.Advisor) throws org.springframework.aop.framework.AopConfigException
03:44:42.131 [main] DEBUG o.s.aop.framework.CglibAopProxy - Method is declared on Advised interface: public abstract boolean org.springframework.aop.framework.Advised.removeAdvice(org.aopalliance.aop.Advice)
03:44:42.131 [main] DEBUG o.s.aop.framework.CglibAopProxy - Method is declared on Advised interface: public abstract java.lang.String org.springframework.aop.framework.Advised.toProxyConfigString()
03:44:42.131 [main] DEBUG o.s.aop.framework.CglibAopProxy - Method is declared on Advised interface: public abstract void org.springframework.aop.framework.Advised.addAdvice(int,org.aopalliance.aop.Advice) throws org.springframework.aop.framework.AopConfigException
03:44:42.131 [main] DEBUG o.s.aop.framework.CglibAopProxy - Method is declared on Advised interface: public abstract void org.springframework.aop.framework.Advised.addAdvice(org.aopalliance.aop.Advice) throws org.springframework.aop.framework.AopConfigException
03:44:42.131 [main] DEBUG o.s.aop.framework.CglibAopProxy - Method is declared on Advised interface: public abstract int org.springframework.aop.framework.Advised.indexOf(org.aopalliance.aop.Advice)
03:44:42.131 [main] DEBUG o.s.aop.framework.CglibAopProxy - Method is declared on Advised interface: public abstract int org.springframework.aop.framework.Advised.indexOf(org.springframework.aop.Advisor)
03:44:42.132 [main] DEBUG o.s.aop.framework.CglibAopProxy - Method is declared on Advised interface: public abstract boolean org.springframework.aop.framework.Advised.isFrozen()
03:44:42.132 [main] DEBUG o.s.aop.framework.CglibAopProxy - Method is declared on Advised interface: public abstract java.lang.Class org.springframework.aop.TargetClassAware.getTargetClass()
03:44:42.145 [main] DEBUG o.s.b.f.s.DefaultListableBeanFactory - Finished creating instance of bean 'appointmentControllerHCP'
03:44:42.145 [main] DEBUG o.s.b.f.s.DefaultListableBeanFactory - Creating shared instance of singleton bean 'HCPController'
03:44:42.145 [main] DEBUG o.s.b.f.s.DefaultListableBeanFactory - Creating instance of bean 'HCPController'
03:44:42.147 [main] DEBUG o.s.b.f.s.DefaultListableBeanFactory - Eagerly caching bean 'HCPController' to allow for resolving potential circular references
03:44:42.149 [main] DEBUG o.s.b.f.s.DefaultListableBeanFactory - Returning cached instance of singleton bean 'metaDataSourceAdvisor'
03:44:42.149 [main] DEBUG o.s.s.a.p.PrePostAnnotationSecurityMetadataSource - @org.springframework.security.access.prepost.PreAuthorize(value=hasRole('ROLE_HCP')) found on specific method: public java.lang.String edu.ncsu.csc.itrust2.controllers.hcp.HCPController.editPatientDemographics()
03:44:42.150 [main] DEBUG o.s.s.a.m.DelegatingMethodSecurityMetadataSource - Caching method [CacheKey[edu.ncsu.csc.itrust2.controllers.hcp.HCPController; public java.lang.String edu.ncsu.csc.itrust2.controllers.hcp.HCPController.editPatientDemographics()]] with attributes [[authorize: 'hasRole('ROLE_HCP')', filter: 'null', filterTarget: 'null']]
03:44:42.150 [main] DEBUG o.s.a.f.a.InfrastructureAdvisorAutoProxyCreator - Creating implicit proxy for bean 'HCPController' with 0 common interceptors and 1 specific interceptors
03:44:42.150 [main] DEBUG o.s.aop.framework.CglibAopProxy - Creating CGLIB proxy: target source is SingletonTargetSource for target object [edu.ncsu.csc.itrust2.controllers.hcp.HCPController@41a4135e]
03:44:42.151 [main] DEBUG o.s.aop.framework.CglibAopProxy - Unable to apply any optimisations to advised method: public java.lang.String edu.ncsu.csc.itrust2.controllers.hcp.HCPController.editPatientDemographics()
03:44:42.151 [main] DEBUG o.s.s.a.p.PrePostAnnotationSecurityMetadataSource - @org.springframework.security.access.prepost.PreAuthorize(value=hasRole('ROLE_HCP')) found on specific method: public java.lang.String edu.ncsu.csc.itrust2.controllers.hcp.HCPController.editPrescriptions()
03:44:42.151 [main] DEBUG o.s.s.a.m.DelegatingMethodSecurityMetadataSource - Caching method [CacheKey[edu.ncsu.csc.itrust2.controllers.hcp.HCPController; public java.lang.String edu.ncsu.csc.itrust2.controllers.hcp.HCPController.editPrescriptions()]] with attributes [[authorize: 'hasRole('ROLE_HCP')', filter: 'null', filterTarget: 'null']]
03:44:42.151 [main] DEBUG o.s.aop.framework.CglibAopProxy - Unable to apply any optimisations to advised method: public java.lang.String edu.ncsu.csc.itrust2.controllers.hcp.HCPController.editPrescriptions()
03:44:42.151 [main] DEBUG o.s.s.a.p.PrePostAnnotationSecurityMetadataSource - @org.springframework.security.access.prepost.PreAuthorize(value=hasRole('ROLE_HCP')) found on specific method: public java.lang.String edu.ncsu.csc.itrust2.controllers.hcp.HCPController.index(org.springframework.ui.Model)
03:44:42.152 [main] DEBUG o.s.s.a.m.DelegatingMethodSecurityMetadataSource - Caching method [CacheKey[edu.ncsu.csc.itrust2.controllers.hcp.HCPController; public java.lang.String edu.ncsu.csc.itrust2.controllers.hcp.HCPController.index(org.springframework.ui.Model)]] with attributes [[authorize: 'hasRole('ROLE_HCP')', filter: 'null', filterTarget: 'null']]
03:44:42.152 [main] DEBUG o.s.aop.framework.CglibAopProxy - Unable to apply any optimisations to advised method: public java.lang.String edu.ncsu.csc.itrust2.controllers.hcp.HCPController.index(org.springframework.ui.Model)
03:44:42.152 [main] DEBUG o.s.aop.framework.CglibAopProxy - Found 'equals' method: public boolean java.lang.Object.equals(java.lang.Object)
03:44:42.152 [main] DEBUG o.s.aop.framework.CglibAopProxy - Unable to apply any optimisations to advised method: public java.lang.String java.lang.Object.toString()
03:44:42.152 [main] DEBUG o.s.aop.framework.CglibAopProxy - Found 'hashCode' method: public native int java.lang.Object.hashCode()
03:44:42.152 [main] DEBUG o.s.aop.framework.CglibAopProxy - Unable to apply any optimisations to advised method: protected native java.lang.Object java.lang.Object.clone() throws java.lang.CloneNotSupportedException
03:44:42.152 [main] DEBUG o.s.aop.framework.CglibAopProxy - Method is declared on Advised interface: public abstract void org.springframework.aop.framework.Advised.setTargetSource(org.springframework.aop.TargetSource)
03:44:42.152 [main] DEBUG o.s.aop.framework.CglibAopProxy - Method is declared on Advised interface: public abstract org.springframework.aop.TargetSource org.springframework.aop.framework.Advised.getTargetSource()
03:44:42.152 [main] DEBUG o.s.aop.framework.CglibAopProxy - Method is declared on Advised interface: public abstract boolean org.springframework.aop.framework.Advised.isProxyTargetClass()
03:44:42.152 [main] DEBUG o.s.aop.framework.CglibAopProxy - Method is declared on Advised interface: public abstract void org.springframework.aop.framework.Advised.addAdvisor(org.springframework.aop.Advisor) throws org.springframework.aop.framework.AopConfigException
03:44:42.152 [main] DEBUG o.s.aop.framework.CglibAopProxy - Method is declared on Advised interface: public abstract void org.springframework.aop.framework.Advised.addAdvisor(int,org.springframework.aop.Advisor) throws org.springframework.aop.framework.AopConfigException
03:44:42.153 [main] DEBUG o.s.aop.framework.CglibAopProxy - Method is declared on Advised interface: public abstract void org.springframework.aop.framework.Advised.setPreFiltered(boolean)
03:44:42.153 [main] DEBUG o.s.aop.framework.CglibAopProxy - Method is declared on Advised interface: public abstract boolean org.springframework.aop.framework.Advised.isExposeProxy()
03:44:42.153 [main] DEBUG o.s.aop.framework.CglibAopProxy - Method is declared on Advised interface: public abstract void org.springframework.aop.framework.Advised.setExposeProxy(boolean)
03:44:42.153 [main] DEBUG o.s.aop.framework.CglibAopProxy - Method is declared on Advised interface: public abstract boolean org.springframework.aop.framework.Advised.isPreFiltered()
03:44:42.153 [main] DEBUG o.s.aop.framework.CglibAopProxy - Method is declared on Advised interface: public abstract java.lang.Class[] org.springframework.aop.framework.Advised.getProxiedInterfaces()
03:44:42.154 [main] DEBUG o.s.aop.framework.CglibAopProxy - Method is declared on Advised interface: public abstract boolean org.springframework.aop.framework.Advised.isInterfaceProxied(java.lang.Class)
03:44:42.154 [main] DEBUG o.s.aop.framework.CglibAopProxy - Method is declared on Advised interface: public abstract org.springframework.aop.Advisor[] org.springframework.aop.framework.Advised.getAdvisors()
03:44:42.154 [main] DEBUG o.s.aop.framework.CglibAopProxy - Method is declared on Advised interface: public abstract void org.springframework.aop.framework.Advised.removeAdvisor(int) throws org.springframework.aop.framework.AopConfigException
03:44:42.154 [main] DEBUG o.s.aop.framework.CglibAopProxy - Method is declared on Advised interface: public abstract boolean org.springframework.aop.framework.Advised.removeAdvisor(org.springframework.aop.Advisor)
03:44:42.154 [main] DEBUG o.s.aop.framework.CglibAopProxy - Method is declared on Advised interface: public abstract boolean org.springframework.aop.framework.Advised.replaceAdvisor(org.springframework.aop.Advisor,org.springframework.aop.Advisor) throws org.springframework.aop.framework.AopConfigException
03:44:42.154 [main] DEBUG o.s.aop.framework.CglibAopProxy - Method is declared on Advised interface: public abstract boolean org.springframework.aop.framework.Advised.removeAdvice(org.aopalliance.aop.Advice)
03:44:42.154 [main] DEBUG o.s.aop.framework.CglibAopProxy - Method is declared on Advised interface: public abstract java.lang.String org.springframework.aop.framework.Advised.toProxyConfigString()
03:44:42.154 [main] DEBUG o.s.aop.framework.CglibAopProxy - Method is declared on Advised interface: public abstract void org.springframework.aop.framework.Advised.addAdvice(int,org.aopalliance.aop.Advice) throws org.springframework.aop.framework.AopConfigException
03:44:42.154 [main] DEBUG o.s.aop.framework.CglibAopProxy - Method is declared on Advised interface: public abstract void org.springframework.aop.framework.Advised.addAdvice(org.aopalliance.aop.Advice) throws org.springframework.aop.framework.AopConfigException
03:44:42.154 [main] DEBUG o.s.aop.framework.CglibAopProxy - Method is declared on Advised interface: public abstract int org.springframework.aop.framework.Advised.indexOf(org.aopalliance.aop.Advice)
03:44:42.154 [main] DEBUG o.s.aop.framework.CglibAopProxy - Method is declared on Advised interface: public abstract int org.springframework.aop.framework.Advised.indexOf(org.springframework.aop.Advisor)
03:44:42.154 [main] DEBUG o.s.aop.framework.CglibAopProxy - Method is declared on Advised interface: public abstract boolean org.springframework.aop.framework.Advised.isFrozen()
03:44:42.154 [main] DEBUG o.s.aop.framework.CglibAopProxy - Method is declared on Advised interface: public abstract java.lang.Class org.springframework.aop.TargetClassAware.getTargetClass()
03:44:42.169 [main] DEBUG o.s.b.f.s.DefaultListableBeanFactory - Finished creating instance of bean 'HCPController'
03:44:42.169 [main] DEBUG o.s.b.f.s.DefaultListableBeanFactory - Creating shared instance of singleton bean 'officeVisitController'
03:44:42.169 [main] DEBUG o.s.b.f.s.DefaultListableBeanFactory - Creating instance of bean 'officeVisitController'
03:44:42.170 [main] DEBUG o.s.b.f.s.DefaultListableBeanFactory - Eagerly caching bean 'officeVisitController' to allow for resolving potential circular references
03:44:42.173 [main] DEBUG o.s.b.f.s.DefaultListableBeanFactory - Returning cached instance of singleton bean 'metaDataSourceAdvisor'
03:44:42.173 [main] DEBUG o.s.s.a.p.PrePostAnnotationSecurityMetadataSource - @org.springframework.security.access.prepost.PreAuthorize(value=hasRole('ROLE_HCP')) found on specific method: public java.lang.String edu.ncsu.csc.itrust2.controllers.hcp.OfficeVisitController.documentOfficeVisit(org.springframework.ui.Model)
03:44:42.173 [main] DEBUG o.s.s.a.m.DelegatingMethodSecurityMetadataSource - Caching method [CacheKey[edu.ncsu.csc.itrust2.controllers.hcp.OfficeVisitController; public java.lang.String edu.ncsu.csc.itrust2.controllers.hcp.OfficeVisitController.documentOfficeVisit(org.springframework.ui.Model)]] with attributes [[authorize: 'hasRole('ROLE_HCP')', filter: 'null', filterTarget: 'null']]
03:44:42.174 [main] DEBUG o.s.a.f.a.InfrastructureAdvisorAutoProxyCreator - Creating implicit proxy for bean 'officeVisitController' with 0 common interceptors and 1 specific interceptors
03:44:42.174 [main] DEBUG o.s.aop.framework.CglibAopProxy - Creating CGLIB proxy: target source is SingletonTargetSource for target object [edu.ncsu.csc.itrust2.controllers.hcp.OfficeVisitController@4ce66169]
03:44:42.175 [main] DEBUG o.s.aop.framework.CglibAopProxy - Unable to apply any optimisations to advised method: public java.lang.String edu.ncsu.csc.itrust2.controllers.hcp.OfficeVisitController.documentOfficeVisit(org.springframework.ui.Model)
03:44:42.175 [main] DEBUG o.s.s.a.p.PrePostAnnotationSecurityMetadataSource - @org.springframework.security.access.prepost.PreAuthorize(value=hasRole('ROLE_HCP')) found on specific method: public java.lang.String edu.ncsu.csc.itrust2.controllers.hcp.OfficeVisitController.documentVisitSubmit(edu.ncsu.csc.itrust2.forms.hcp.OfficeVisitForm,org.springframework.validation.BindingResult,org.springframework.ui.Model)
03:44:42.175 [main] DEBUG o.s.s.a.m.DelegatingMethodSecurityMetadataSource - Caching method [CacheKey[edu.ncsu.csc.itrust2.controllers.hcp.OfficeVisitController; public java.lang.String edu.ncsu.csc.itrust2.controllers.hcp.OfficeVisitController.documentVisitSubmit(edu.ncsu.csc.itrust2.forms.hcp.OfficeVisitForm,org.springframework.validation.BindingResult,org.springframework.ui.Model)]] with attributes [[authorize: 'hasRole('ROLE_HCP')', filter: 'null', filterTarget: 'null']]
03:44:42.176 [main] DEBUG o.s.aop.framework.CglibAopProxy - Unable to apply any optimisations to advised method: public java.lang.String edu.ncsu.csc.itrust2.controllers.hcp.OfficeVisitController.documentVisitSubmit(edu.ncsu.csc.itrust2.forms.hcp.OfficeVisitForm,org.springframework.validation.BindingResult,org.springframework.ui.Model)
03:44:42.176 [main] DEBUG o.s.s.a.p.PrePostAnnotationSecurityMetadataSource - @org.springframework.security.access.prepost.PreAuthorize(value=hasRole('ROLE_HCP')) found on specific method: public java.lang.String edu.ncsu.csc.itrust2.controllers.hcp.OfficeVisitController.getAllOfficeVisits(org.springframework.ui.Model)
03:44:42.176 [main] DEBUG o.s.s.a.m.DelegatingMethodSecurityMetadataSource - Caching method [CacheKey[edu.ncsu.csc.itrust2.controllers.hcp.OfficeVisitController; public java.lang.String edu.ncsu.csc.itrust2.controllers.hcp.OfficeVisitController.getAllOfficeVisits(org.springframework.ui.Model)]] with attributes [[authorize: 'hasRole('ROLE_HCP')', filter: 'null', filterTarget: 'null']]
03:44:42.176 [main] DEBUG o.s.aop.framework.CglibAopProxy - Unable to apply any optimisations to advised method: public java.lang.String edu.ncsu.csc.itrust2.controllers.hcp.OfficeVisitController.getAllOfficeVisits(org.springframework.ui.Model)
03:44:42.176 [main] DEBUG o.s.aop.framework.CglibAopProxy - Found 'equals' method: public boolean java.lang.Object.equals(java.lang.Object)
03:44:42.177 [main] DEBUG o.s.aop.framework.CglibAopProxy - Unable to apply any optimisations to advised method: public java.lang.String java.lang.Object.toString()
03:44:42.177 [main] DEBUG o.s.aop.framework.CglibAopProxy - Found 'hashCode' method: public native int java.lang.Object.hashCode()
03:44:42.177 [main] DEBUG o.s.aop.framework.CglibAopProxy - Unable to apply any optimisations to advised method: protected native java.lang.Object java.lang.Object.clone() throws java.lang.CloneNotSupportedException
03:44:42.177 [main] DEBUG o.s.aop.framework.CglibAopProxy - Method is declared on Advised interface: public abstract void org.springframework.aop.framework.Advised.setTargetSource(org.springframework.aop.TargetSource)
03:44:42.177 [main] DEBUG o.s.aop.framework.CglibAopProxy - Method is declared on Advised interface: public abstract org.springframework.aop.TargetSource org.springframework.aop.framework.Advised.getTargetSource()
03:44:42.177 [main] DEBUG o.s.aop.framework.CglibAopProxy - Method is declared on Advised interface: public abstract boolean org.springframework.aop.framework.Advised.isProxyTargetClass()
03:44:42.177 [main] DEBUG o.s.aop.framework.CglibAopProxy - Method is declared on Advised interface: public abstract void org.springframework.aop.framework.Advised.addAdvisor(org.springframework.aop.Advisor) throws org.springframework.aop.framework.AopConfigException
03:44:42.177 [main] DEBUG o.s.aop.framework.CglibAopProxy - Method is declared on Advised interface: public abstract void org.springframework.aop.framework.Advised.addAdvisor(int,org.springframework.aop.Advisor) throws org.springframework.aop.framework.AopConfigException
03:44:42.177 [main] DEBUG o.s.aop.framework.CglibAopProxy - Method is declared on Advised interface: public abstract void org.springframework.aop.framework.Advised.setPreFiltered(boolean)
03:44:42.177 [main] DEBUG o.s.aop.framework.CglibAopProxy - Method is declared on Advised interface: public abstract boolean org.springframework.aop.framework.Advised.isExposeProxy()
03:44:42.178 [main] DEBUG o.s.aop.framework.CglibAopProxy - Method is declared on Advised interface: public abstract void org.springframework.aop.framework.Advised.setExposeProxy(boolean)
03:44:42.178 [main] DEBUG o.s.aop.framework.CglibAopProxy - Method is declared on Advised interface: public abstract boolean org.springframework.aop.framework.Advised.isPreFiltered()
03:44:42.178 [main] DEBUG o.s.aop.framework.CglibAopProxy - Method is declared on Advised interface: public abstract java.lang.Class[] org.springframework.aop.framework.Advised.getProxiedInterfaces()
03:44:42.178 [main] DEBUG o.s.aop.framework.CglibAopProxy - Method is declared on Advised interface: public abstract boolean org.springframework.aop.framework.Advised.isInterfaceProxied(java.lang.Class)
03:44:42.178 [main] DEBUG o.s.aop.framework.CglibAopProxy - Method is declared on Advised interface: public abstract org.springframework.aop.Advisor[] org.springframework.aop.framework.Advised.getAdvisors()
03:44:42.178 [main] DEBUG o.s.aop.framework.CglibAopProxy - Method is declared on Advised interface: public abstract void org.springframework.aop.framework.Advised.removeAdvisor(int) throws org.springframework.aop.framework.AopConfigException
03:44:42.178 [main] DEBUG o.s.aop.framework.CglibAopProxy - Method is declared on Advised interface: public abstract boolean org.springframework.aop.framework.Advised.removeAdvisor(org.springframework.aop.Advisor)
03:44:42.178 [main] DEBUG o.s.aop.framework.CglibAopProxy - Method is declared on Advised interface: public abstract boolean org.springframework.aop.framework.Advised.replaceAdvisor(org.springframework.aop.Advisor,org.springframework.aop.Advisor) throws org.springframework.aop.framework.AopConfigException
03:44:42.178 [main] DEBUG o.s.aop.framework.CglibAopProxy - Method is declared on Advised interface: public abstract boolean org.springframework.aop.framework.Advised.removeAdvice(org.aopalliance.aop.Advice)
03:44:42.178 [main] DEBUG o.s.aop.framework.CglibAopProxy - Method is declared on Advised interface: public abstract java.lang.String org.springframework.aop.framework.Advised.toProxyConfigString()
03:44:42.178 [main] DEBUG o.s.aop.framework.CglibAopProxy - Method is declared on Advised interface: public abstract void org.springframework.aop.framework.Advised.addAdvice(int,org.aopalliance.aop.Advice) throws org.springframework.aop.framework.AopConfigException
03:44:42.179 [main] DEBUG o.s.aop.framework.CglibAopProxy - Method is declared on Advised interface: public abstract void org.springframework.aop.framework.Advised.addAdvice(org.aopalliance.aop.Advice) throws org.springframework.aop.framework.AopConfigException
03:44:42.179 [main] DEBUG o.s.aop.framework.CglibAopProxy - Method is declared on Advised interface: public abstract int org.springframework.aop.framework.Advised.indexOf(org.aopalliance.aop.Advice)
03:44:42.179 [main] DEBUG o.s.aop.framework.CglibAopProxy - Method is declared on Advised interface: public abstract int org.springframework.aop.framework.Advised.indexOf(org.springframework.aop.Advisor)
03:44:42.179 [main] DEBUG o.s.aop.framework.CglibAopProxy - Method is declared on Advised interface: public abstract boolean org.springframework.aop.framework.Advised.isFrozen()
03:44:42.179 [main] DEBUG o.s.aop.framework.CglibAopProxy - Method is declared on Advised interface: public abstract java.lang.Class org.springframework.aop.TargetClassAware.getTargetClass()
03:44:42.202 [main] DEBUG o.s.b.f.s.DefaultListableBeanFactory - Finished creating instance of bean 'officeVisitController'
03:44:42.203 [main] DEBUG o.s.b.f.s.DefaultListableBeanFactory - Creating shared instance of singleton bean 'appointmentController'
03:44:42.203 [main] DEBUG o.s.b.f.s.DefaultListableBeanFactory - Creating instance of bean 'appointmentController'
03:44:42.204 [main] DEBUG o.s.b.f.s.DefaultListableBeanFactory - Eagerly caching bean 'appointmentController' to allow for resolving potential circular references
03:44:42.206 [main] DEBUG o.s.b.f.s.DefaultListableBeanFactory - Returning cached instance of singleton bean 'metaDataSourceAdvisor'
03:44:42.206 [main] DEBUG o.s.s.a.p.PrePostAnnotationSecurityMetadataSource - @org.springframework.security.access.prepost.PreAuthorize(value=hasRole('ROLE_PATIENT')) found on specific method: public java.lang.String edu.ncsu.csc.itrust2.controllers.patient.AppointmentController.requestAppointmentForm(org.springframework.ui.Model)
03:44:42.207 [main] DEBUG o.s.s.a.m.DelegatingMethodSecurityMetadataSource - Caching method [CacheKey[edu.ncsu.csc.itrust2.controllers.patient.AppointmentController; public java.lang.String edu.ncsu.csc.itrust2.controllers.patient.AppointmentController.requestAppointmentForm(org.springframework.ui.Model)]] with attributes [[authorize: 'hasRole('ROLE_PATIENT')', filter: 'null', filterTarget: 'null']]
03:44:42.207 [main] DEBUG o.s.a.f.a.InfrastructureAdvisorAutoProxyCreator - Creating implicit proxy for bean 'appointmentController' with 0 common interceptors and 1 specific interceptors
03:44:42.207 [main] DEBUG o.s.aop.framework.CglibAopProxy - Creating CGLIB proxy: target source is SingletonTargetSource for target object [edu.ncsu.csc.itrust2.controllers.patient.AppointmentController@492c1b1b]
03:44:42.208 [main] DEBUG o.s.aop.framework.CglibAopProxy - Unable to apply any optimisations to advised method: public java.lang.String edu.ncsu.csc.itrust2.controllers.patient.AppointmentController.requestAppointmentForm(org.springframework.ui.Model)
03:44:42.208 [main] DEBUG o.s.s.a.p.PrePostAnnotationSecurityMetadataSource - @org.springframework.security.access.prepost.PreAuthorize(value=hasRole('ROLE_PATIENT')) found on specific method: public java.lang.String edu.ncsu.csc.itrust2.controllers.patient.AppointmentController.inventorySubmit(edu.ncsu.csc.itrust2.forms.patient.AppointmentRequestForm,org.springframework.validation.BindingResult,org.springframework.ui.Model)
03:44:42.208 [main] DEBUG o.s.s.a.m.DelegatingMethodSecurityMetadataSource - Caching method [CacheKey[edu.ncsu.csc.itrust2.controllers.patient.AppointmentController; public java.lang.String edu.ncsu.csc.itrust2.controllers.patient.AppointmentController.inventorySubmit(edu.ncsu.csc.itrust2.forms.patient.AppointmentRequestForm,org.springframework.validation.BindingResult,org.springframework.ui.Model)]] with attributes [[authorize: 'hasRole('ROLE_PATIENT')', filter: 'null', filterTarget: 'null']]
03:44:42.209 [main] DEBUG o.s.aop.framework.CglibAopProxy - Unable to apply any optimisations to advised method: public java.lang.String edu.ncsu.csc.itrust2.controllers.patient.AppointmentController.inventorySubmit(edu.ncsu.csc.itrust2.forms.patient.AppointmentRequestForm,org.springframework.validation.BindingResult,org.springframework.ui.Model)
03:44:42.209 [main] DEBUG o.s.s.a.p.PrePostAnnotationSecurityMetadataSource - @org.springframework.security.access.prepost.PreAuthorize(value=hasRole('ROLE_PATIENT')) found on specific method: public java.lang.String edu.ncsu.csc.itrust2.controllers.patient.AppointmentController.viewAppointmentRequests(org.springframework.ui.Model)
03:44:42.209 [main] DEBUG o.s.s.a.m.DelegatingMethodSecurityMetadataSource - Caching method [CacheKey[edu.ncsu.csc.itrust2.controllers.patient.AppointmentController; public java.lang.String edu.ncsu.csc.itrust2.controllers.patient.AppointmentController.viewAppointmentRequests(org.springframework.ui.Model)]] with attributes [[authorize: 'hasRole('ROLE_PATIENT')', filter: 'null', filterTarget: 'null']]
03:44:42.209 [main] DEBUG o.s.aop.framework.CglibAopProxy - Unable to apply any optimisations to advised method: public java.lang.String edu.ncsu.csc.itrust2.controllers.patient.AppointmentController.viewAppointmentRequests(org.springframework.ui.Model)
03:44:42.209 [main] DEBUG o.s.s.a.p.PrePostAnnotationSecurityMetadataSource - @org.springframework.security.access.prepost.PreAuthorize(value=hasRole('ROLE_PATIENT')) found on specific method: public java.lang.String edu.ncsu.csc.itrust2.controllers.patient.AppointmentController.viewRequestsSubmit(edu.ncsu.csc.itrust2.forms.patient.AppointmentForm)
03:44:42.209 [main] DEBUG o.s.s.a.m.DelegatingMethodSecurityMetadataSource - Caching method [CacheKey[edu.ncsu.csc.itrust2.controllers.patient.AppointmentController; public java.lang.String edu.ncsu.csc.itrust2.controllers.patient.AppointmentController.viewRequestsSubmit(edu.ncsu.csc.itrust2.forms.patient.AppointmentForm)]] with attributes [[authorize: 'hasRole('ROLE_PATIENT')', filter: 'null', filterTarget: 'null']]
03:44:42.209 [main] DEBUG o.s.aop.framework.CglibAopProxy - Unable to apply any optimisations to advised method: public java.lang.String edu.ncsu.csc.itrust2.controllers.patient.AppointmentController.viewRequestsSubmit(edu.ncsu.csc.itrust2.forms.patient.AppointmentForm)
03:44:42.209 [main] DEBUG o.s.aop.framework.CglibAopProxy - Found 'equals' method: public boolean java.lang.Object.equals(java.lang.Object)
03:44:42.210 [main] DEBUG o.s.aop.framework.CglibAopProxy - Unable to apply any optimisations to advised method: public java.lang.String java.lang.Object.toString()
03:44:42.210 [main] DEBUG o.s.aop.framework.CglibAopProxy - Found 'hashCode' method: public native int java.lang.Object.hashCode()
03:44:42.210 [main] DEBUG o.s.aop.framework.CglibAopProxy - Unable to apply any optimisations to advised method: protected native java.lang.Object java.lang.Object.clone() throws java.lang.CloneNotSupportedException
03:44:42.210 [main] DEBUG o.s.aop.framework.CglibAopProxy - Method is declared on Advised interface: public abstract void org.springframework.aop.framework.Advised.setTargetSource(org.springframework.aop.TargetSource)
03:44:42.210 [main] DEBUG o.s.aop.framework.CglibAopProxy - Method is declared on Advised interface: public abstract org.springframework.aop.TargetSource org.springframework.aop.framework.Advised.getTargetSource()
03:44:42.210 [main] DEBUG o.s.aop.framework.CglibAopProxy - Method is declared on Advised interface: public abstract boolean org.springframework.aop.framework.Advised.isProxyTargetClass()
03:44:42.210 [main] DEBUG o.s.aop.framework.CglibAopProxy - Method is declared on Advised interface: public abstract void org.springframework.aop.framework.Advised.addAdvisor(org.springframework.aop.Advisor) throws org.springframework.aop.framework.AopConfigException
03:44:42.211 [main] DEBUG o.s.aop.framework.CglibAopProxy - Method is declared on Advised interface: public abstract void org.springframework.aop.framework.Advised.addAdvisor(int,org.springframework.aop.Advisor) throws org.springframework.aop.framework.AopConfigException
03:44:42.211 [main] DEBUG o.s.aop.framework.CglibAopProxy - Method is declared on Advised interface: public abstract void org.springframework.aop.framework.Advised.setPreFiltered(boolean)
03:44:42.211 [main] DEBUG o.s.aop.framework.CglibAopProxy - Method is declared on Advised interface: public abstract boolean org.springframework.aop.framework.Advised.isExposeProxy()
03:44:42.211 [main] DEBUG o.s.aop.framework.CglibAopProxy - Method is declared on Advised interface: public abstract void org.springframework.aop.framework.Advised.setExposeProxy(boolean)
03:44:42.211 [main] DEBUG o.s.aop.framework.CglibAopProxy - Method is declared on Advised interface: public abstract boolean org.springframework.aop.framework.Advised.isPreFiltered()
03:44:42.211 [main] DEBUG o.s.aop.framework.CglibAopProxy - Method is declared on Advised interface: public abstract java.lang.Class[] org.springframework.aop.framework.Advised.getProxiedInterfaces()
03:44:42.211 [main] DEBUG o.s.aop.framework.CglibAopProxy - Method is declared on Advised interface: public abstract boolean org.springframework.aop.framework.Advised.isInterfaceProxied(java.lang.Class)
03:44:42.211 [main] DEBUG o.s.aop.framework.CglibAopProxy - Method is declared on Advised interface: public abstract org.springframework.aop.Advisor[] org.springframework.aop.framework.Advised.getAdvisors()
03:44:42.211 [main] DEBUG o.s.aop.framework.CglibAopProxy - Method is declared on Advised interface: public abstract void org.springframework.aop.framework.Advised.removeAdvisor(int) throws org.springframework.aop.framework.AopConfigException
03:44:42.211 [main] DEBUG o.s.aop.framework.CglibAopProxy - Method is declared on Advised interface: public abstract boolean org.springframework.aop.framework.Advised.removeAdvisor(org.springframework.aop.Advisor)
03:44:42.211 [main] DEBUG o.s.aop.framework.CglibAopProxy - Method is declared on Advised interface: public abstract boolean org.springframework.aop.framework.Advised.replaceAdvisor(org.springframework.aop.Advisor,org.springframework.aop.Advisor) throws org.springframework.aop.framework.AopConfigException
03:44:42.212 [main] DEBUG o.s.aop.framework.CglibAopProxy - Method is declared on Advised interface: public abstract boolean org.springframework.aop.framework.Advised.removeAdvice(org.aopalliance.aop.Advice)
03:44:42.212 [main] DEBUG o.s.aop.framework.CglibAopProxy - Method is declared on Advised interface: public abstract java.lang.String org.springframework.aop.framework.Advised.toProxyConfigString()
03:44:42.212 [main] DEBUG o.s.aop.framework.CglibAopProxy - Method is declared on Advised interface: public abstract void org.springframework.aop.framework.Advised.addAdvice(int,org.aopalliance.aop.Advice) throws org.springframework.aop.framework.AopConfigException
03:44:42.212 [main] DEBUG o.s.aop.framework.CglibAopProxy - Method is declared on Advised interface: public abstract void org.springframework.aop.framework.Advised.addAdvice(org.aopalliance.aop.Advice) throws org.springframework.aop.framework.AopConfigException
03:44:42.212 [main] DEBUG o.s.aop.framework.CglibAopProxy - Method is declared on Advised interface: public abstract int org.springframework.aop.framework.Advised.indexOf(org.aopalliance.aop.Advice)
03:44:42.212 [main] DEBUG o.s.aop.framework.CglibAopProxy - Method is declared on Advised interface: public abstract int org.springframework.aop.framework.Advised.indexOf(org.springframework.aop.Advisor)
03:44:42.212 [main] DEBUG o.s.aop.framework.CglibAopProxy - Method is declared on Advised interface: public abstract boolean org.springframework.aop.framework.Advised.isFrozen()
03:44:42.212 [main] DEBUG o.s.aop.framework.CglibAopProxy - Method is declared on Advised interface: public abstract java.lang.Class org.springframework.aop.TargetClassAware.getTargetClass()
03:44:42.225 [main] DEBUG o.s.b.f.s.DefaultListableBeanFactory - Finished creating instance of bean 'appointmentController'
03:44:42.227 [main] DEBUG o.s.b.f.s.DefaultListableBeanFactory - Creating shared instance of singleton bean 'diagnosesController'
03:44:42.227 [main] DEBUG o.s.b.f.s.DefaultListableBeanFactory - Creating instance of bean 'diagnosesController'
03:44:42.229 [main] DEBUG o.s.b.f.s.DefaultListableBeanFactory - Eagerly caching bean 'diagnosesController' to allow for resolving potential circular references
03:44:42.231 [main] DEBUG o.s.b.f.s.DefaultListableBeanFactory - Returning cached instance of singleton bean 'metaDataSourceAdvisor'
03:44:42.232 [main] DEBUG o.s.s.a.p.PrePostAnnotationSecurityMetadataSource - @org.springframework.security.access.prepost.PreAuthorize(value=hasRole('ROLE_PATIENT')) found on specific method: public java.lang.String edu.ncsu.csc.itrust2.controllers.patient.DiagnosesController.viewDiagnoses(org.springframework.ui.Model)
03:44:42.232 [main] DEBUG o.s.s.a.m.DelegatingMethodSecurityMetadataSource - Caching method [CacheKey[edu.ncsu.csc.itrust2.controllers.patient.DiagnosesController; public java.lang.String edu.ncsu.csc.itrust2.controllers.patient.DiagnosesController.viewDiagnoses(org.springframework.ui.Model)]] with attributes [[authorize: 'hasRole('ROLE_PATIENT')', filter: 'null', filterTarget: 'null']]
03:44:42.232 [main] DEBUG o.s.a.f.a.InfrastructureAdvisorAutoProxyCreator - Creating implicit proxy for bean 'diagnosesController' with 0 common interceptors and 1 specific interceptors
03:44:42.233 [main] DEBUG o.s.aop.framework.CglibAopProxy - Creating CGLIB proxy: target source is SingletonTargetSource for target object [edu.ncsu.csc.itrust2.controllers.patient.DiagnosesController@37635407]
03:44:42.233 [main] DEBUG o.s.aop.framework.CglibAopProxy - Unable to apply any optimisations to advised method: public java.lang.String edu.ncsu.csc.itrust2.controllers.patient.DiagnosesController.viewDiagnoses(org.springframework.ui.Model)
03:44:42.233 [main] DEBUG o.s.aop.framework.CglibAopProxy - Found 'equals' method: public boolean java.lang.Object.equals(java.lang.Object)
03:44:42.233 [main] DEBUG o.s.aop.framework.CglibAopProxy - Unable to apply any optimisations to advised method: public java.lang.String java.lang.Object.toString()
03:44:42.234 [main] DEBUG o.s.aop.framework.CglibAopProxy - Found 'hashCode' method: public native int java.lang.Object.hashCode()
03:44:42.234 [main] DEBUG o.s.aop.framework.CglibAopProxy - Unable to apply any optimisations to advised method: protected native java.lang.Object java.lang.Object.clone() throws java.lang.CloneNotSupportedException
03:44:42.234 [main] DEBUG o.s.aop.framework.CglibAopProxy - Method is declared on Advised interface: public abstract void org.springframework.aop.framework.Advised.setTargetSource(org.springframework.aop.TargetSource)
03:44:42.234 [main] DEBUG o.s.aop.framework.CglibAopProxy - Method is declared on Advised interface: public abstract org.springframework.aop.TargetSource org.springframework.aop.framework.Advised.getTargetSource()
03:44:42.234 [main] DEBUG o.s.aop.framework.CglibAopProxy - Method is declared on Advised interface: public abstract boolean org.springframework.aop.framework.Advised.isProxyTargetClass()
03:44:42.234 [main] DEBUG o.s.aop.framework.CglibAopProxy - Method is declared on Advised interface: public abstract void org.springframework.aop.framework.Advised.addAdvisor(org.springframework.aop.Advisor) throws org.springframework.aop.framework.AopConfigException
03:44:42.234 [main] DEBUG o.s.aop.framework.CglibAopProxy - Method is declared on Advised interface: public abstract void org.springframework.aop.framework.Advised.addAdvisor(int,org.springframework.aop.Advisor) throws org.springframework.aop.framework.AopConfigException
03:44:42.234 [main] DEBUG o.s.aop.framework.CglibAopProxy - Method is declared on Advised interface: public abstract void org.springframework.aop.framework.Advised.setPreFiltered(boolean)
03:44:42.234 [main] DEBUG o.s.aop.framework.CglibAopProxy - Method is declared on Advised interface: public abstract boolean org.springframework.aop.framework.Advised.isExposeProxy()
03:44:42.234 [main] DEBUG o.s.aop.framework.CglibAopProxy - Method is declared on Advised interface: public abstract void org.springframework.aop.framework.Advised.setExposeProxy(boolean)
03:44:42.234 [main] DEBUG o.s.aop.framework.CglibAopProxy - Method is declared on Advised interface: public abstract boolean org.springframework.aop.framework.Advised.isPreFiltered()
03:44:42.234 [main] DEBUG o.s.aop.framework.CglibAopProxy - Method is declared on Advised interface: public abstract java.lang.Class[] org.springframework.aop.framework.Advised.getProxiedInterfaces()
03:44:42.235 [main] DEBUG o.s.aop.framework.CglibAopProxy - Method is declared on Advised interface: public abstract boolean org.springframework.aop.framework.Advised.isInterfaceProxied(java.lang.Class)
03:44:42.235 [main] DEBUG o.s.aop.framework.CglibAopProxy - Method is declared on Advised interface: public abstract org.springframework.aop.Advisor[] org.springframework.aop.framework.Advised.getAdvisors()
03:44:42.235 [main] DEBUG o.s.aop.framework.CglibAopProxy - Method is declared on Advised interface: public abstract void org.springframework.aop.framework.Advised.removeAdvisor(int) throws org.springframework.aop.framework.AopConfigException
03:44:42.235 [main] DEBUG o.s.aop.framework.CglibAopProxy - Method is declared on Advised interface: public abstract boolean org.springframework.aop.framework.Advised.removeAdvisor(org.springframework.aop.Advisor)
03:44:42.235 [main] DEBUG o.s.aop.framework.CglibAopProxy - Method is declared on Advised interface: public abstract boolean org.springframework.aop.framework.Advised.replaceAdvisor(org.springframework.aop.Advisor,org.springframework.aop.Advisor) throws org.springframework.aop.framework.AopConfigException
03:44:42.235 [main] DEBUG o.s.aop.framework.CglibAopProxy - Method is declared on Advised interface: public abstract boolean org.springframework.aop.framework.Advised.removeAdvice(org.aopalliance.aop.Advice)
03:44:42.235 [main] DEBUG o.s.aop.framework.CglibAopProxy - Method is declared on Advised interface: public abstract java.lang.String org.springframework.aop.framework.Advised.toProxyConfigString()
03:44:42.235 [main] DEBUG o.s.aop.framework.CglibAopProxy - Method is declared on Advised interface: public abstract void org.springframework.aop.framework.Advised.addAdvice(int,org.aopalliance.aop.Advice) throws org.springframework.aop.framework.AopConfigException
03:44:42.235 [main] DEBUG o.s.aop.framework.CglibAopProxy - Method is declared on Advised interface: public abstract void org.springframework.aop.framework.Advised.addAdvice(org.aopalliance.aop.Advice) throws org.springframework.aop.framework.AopConfigException
03:44:42.235 [main] DEBUG o.s.aop.framework.CglibAopProxy - Method is declared on Advised interface: public abstract int org.springframework.aop.framework.Advised.indexOf(org.aopalliance.aop.Advice)
03:44:42.235 [main] DEBUG o.s.aop.framework.CglibAopProxy - Method is declared on Advised interface: public abstract int org.springframework.aop.framework.Advised.indexOf(org.springframework.aop.Advisor)
03:44:42.235 [main] DEBUG o.s.aop.framework.CglibAopProxy - Method is declared on Advised interface: public abstract boolean org.springframework.aop.framework.Advised.isFrozen()
03:44:42.236 [main] DEBUG o.s.aop.framework.CglibAopProxy - Method is declared on Advised interface: public abstract java.lang.Class org.springframework.aop.TargetClassAware.getTargetClass()
03:44:42.250 [main] DEBUG o.s.b.f.s.DefaultListableBeanFactory - Finished creating instance of bean 'diagnosesController'
03:44:42.256 [main] DEBUG o.s.b.f.s.DefaultListableBeanFactory - Creating shared instance of singleton bean 'patientController'
03:44:42.256 [main] DEBUG o.s.b.f.s.DefaultListableBeanFactory - Creating instance of bean 'patientController'
03:44:42.259 [main] DEBUG o.s.b.f.s.DefaultListableBeanFactory - Eagerly caching bean 'patientController' to allow for resolving potential circular references
03:44:42.261 [main] DEBUG o.s.b.f.s.DefaultListableBeanFactory - Returning cached instance of singleton bean 'metaDataSourceAdvisor'
03:44:42.261 [main] DEBUG o.s.s.a.p.PrePostAnnotationSecurityMetadataSource - @org.springframework.security.access.prepost.PreAuthorize(value=hasRole('ROLE_PATIENT')) found on specific method: public java.lang.String edu.ncsu.csc.itrust2.controllers.patient.PatientController.viewOfficeVisits(org.springframework.ui.Model)
03:44:42.262 [main] DEBUG o.s.s.a.m.DelegatingMethodSecurityMetadataSource - Caching method [CacheKey[edu.ncsu.csc.itrust2.controllers.patient.PatientController; public java.lang.String edu.ncsu.csc.itrust2.controllers.patient.PatientController.viewOfficeVisits(org.springframework.ui.Model)]] with attributes [[authorize: 'hasRole('ROLE_PATIENT')', filter: 'null', filterTarget: 'null']]
03:44:42.262 [main] DEBUG o.s.a.f.a.InfrastructureAdvisorAutoProxyCreator - Creating implicit proxy for bean 'patientController' with 0 common interceptors and 1 specific interceptors
03:44:42.262 [main] DEBUG o.s.aop.framework.CglibAopProxy - Creating CGLIB proxy: target source is SingletonTargetSource for target object [edu.ncsu.csc.itrust2.controllers.patient.PatientController@3e216fc9]
03:44:42.262 [main] DEBUG o.s.aop.framework.CglibAopProxy - Unable to apply any optimisations to advised method: public java.lang.String edu.ncsu.csc.itrust2.controllers.patient.PatientController.viewOfficeVisits(org.springframework.ui.Model)
03:44:42.263 [main] DEBUG o.s.s.a.p.PrePostAnnotationSecurityMetadataSource - @org.springframework.security.access.prepost.PreAuthorize(value=hasRole('ROLE_PATIENT')) found on specific method: public java.lang.String edu.ncsu.csc.itrust2.controllers.patient.PatientController.viewPrescriptions(org.springframework.ui.Model)
03:44:42.263 [main] DEBUG o.s.s.a.m.DelegatingMethodSecurityMetadataSource - Caching method [CacheKey[edu.ncsu.csc.itrust2.controllers.patient.PatientController; public java.lang.String edu.ncsu.csc.itrust2.controllers.patient.PatientController.viewPrescriptions(org.springframework.ui.Model)]] with attributes [[authorize: 'hasRole('ROLE_PATIENT')', filter: 'null', filterTarget: 'null']]
03:44:42.263 [main] DEBUG o.s.aop.framework.CglibAopProxy - Unable to apply any optimisations to advised method: public java.lang.String edu.ncsu.csc.itrust2.controllers.patient.PatientController.viewPrescriptions(org.springframework.ui.Model)
03:44:42.264 [main] DEBUG o.s.s.a.p.PrePostAnnotationSecurityMetadataSource - @org.springframework.security.access.prepost.PreAuthorize(value=hasRole('ROLE_PATIENT')) found on specific method: public java.lang.String edu.ncsu.csc.itrust2.controllers.patient.PatientController.viewDemographics(org.springframework.ui.Model)
03:44:42.265 [main] DEBUG o.s.s.a.m.DelegatingMethodSecurityMetadataSource - Caching method [CacheKey[edu.ncsu.csc.itrust2.controllers.patient.PatientController; public java.lang.String edu.ncsu.csc.itrust2.controllers.patient.PatientController.viewDemographics(org.springframework.ui.Model)]] with attributes [[authorize: 'hasRole('ROLE_PATIENT')', filter: 'null', filterTarget: 'null']]
03:44:42.265 [main] DEBUG o.s.aop.framework.CglibAopProxy - Unable to apply any optimisations to advised method: public java.lang.String edu.ncsu.csc.itrust2.controllers.patient.PatientController.viewDemographics(org.springframework.ui.Model)
03:44:42.266 [main] DEBUG o.s.s.a.p.PrePostAnnotationSecurityMetadataSource - @org.springframework.security.access.prepost.PreAuthorize(value=hasRole('ROLE_PATIENT')) found on specific method: public java.lang.String edu.ncsu.csc.itrust2.controllers.patient.PatientController.demographicsSubmit(edu.ncsu.csc.itrust2.forms.hcp_patient.PatientForm,org.springframework.validation.BindingResult,org.springframework.ui.Model)
03:44:42.267 [main] DEBUG o.s.s.a.m.DelegatingMethodSecurityMetadataSource - Caching method [CacheKey[edu.ncsu.csc.itrust2.controllers.patient.PatientController; public java.lang.String edu.ncsu.csc.itrust2.controllers.patient.PatientController.demographicsSubmit(edu.ncsu.csc.itrust2.forms.hcp_patient.PatientForm,org.springframework.validation.BindingResult,org.springframework.ui.Model)]] with attributes [[authorize: 'hasRole('ROLE_PATIENT')', filter: 'null', filterTarget: 'null']]
03:44:42.267 [main] DEBUG o.s.aop.framework.CglibAopProxy - Unable to apply any optimisations to advised method: public java.lang.String edu.ncsu.csc.itrust2.controllers.patient.PatientController.demographicsSubmit(edu.ncsu.csc.itrust2.forms.hcp_patient.PatientForm,org.springframework.validation.BindingResult,org.springframework.ui.Model)
03:44:42.267 [main] DEBUG o.s.s.a.p.PrePostAnnotationSecurityMetadataSource - @org.springframework.security.access.prepost.PreAuthorize(value=hasRole('ROLE_PATIENT')) found on specific method: public java.lang.String edu.ncsu.csc.itrust2.controllers.patient.PatientController.index(org.springframework.ui.Model)
03:44:42.267 [main] DEBUG o.s.s.a.m.DelegatingMethodSecurityMetadataSource - Caching method [CacheKey[edu.ncsu.csc.itrust2.controllers.patient.PatientController; public java.lang.String edu.ncsu.csc.itrust2.controllers.patient.PatientController.index(org.springframework.ui.Model)]] with attributes [[authorize: 'hasRole('ROLE_PATIENT')', filter: 'null', filterTarget: 'null']]
03:44:42.267 [main] DEBUG o.s.aop.framework.CglibAopProxy - Unable to apply any optimisations to advised method: public java.lang.String edu.ncsu.csc.itrust2.controllers.patient.PatientController.index(org.springframework.ui.Model)
03:44:42.267 [main] DEBUG o.s.aop.framework.CglibAopProxy - Found 'equals' method: public boolean java.lang.Object.equals(java.lang.Object)
03:44:42.268 [main] DEBUG o.s.aop.framework.CglibAopProxy - Unable to apply any optimisations to advised method: public java.lang.String java.lang.Object.toString()
03:44:42.268 [main] DEBUG o.s.aop.framework.CglibAopProxy - Found 'hashCode' method: public native int java.lang.Object.hashCode()
03:44:42.268 [main] DEBUG o.s.aop.framework.CglibAopProxy - Unable to apply any optimisations to advised method: protected native java.lang.Object java.lang.Object.clone() throws java.lang.CloneNotSupportedException
03:44:42.268 [main] DEBUG o.s.aop.framework.CglibAopProxy - Method is declared on Advised interface: public abstract void org.springframework.aop.framework.Advised.setTargetSource(org.springframework.aop.TargetSource)
03:44:42.268 [main] DEBUG o.s.aop.framework.CglibAopProxy - Method is declared on Advised interface: public abstract org.springframework.aop.TargetSource org.springframework.aop.framework.Advised.getTargetSource()
03:44:42.268 [main] DEBUG o.s.aop.framework.CglibAopProxy - Method is declared on Advised interface: public abstract boolean org.springframework.aop.framework.Advised.isProxyTargetClass()
03:44:42.268 [main] DEBUG o.s.aop.framework.CglibAopProxy - Method is declared on Advised interface: public abstract void org.springframework.aop.framework.Advised.addAdvisor(org.springframework.aop.Advisor) throws org.springframework.aop.framework.AopConfigException
03:44:42.268 [main] DEBUG o.s.aop.framework.CglibAopProxy - Method is declared on Advised interface: public abstract void org.springframework.aop.framework.Advised.addAdvisor(int,org.springframework.aop.Advisor) throws org.springframework.aop.framework.AopConfigException
03:44:42.268 [main] DEBUG o.s.aop.framework.CglibAopProxy - Method is declared on Advised interface: public abstract void org.springframework.aop.framework.Advised.setPreFiltered(boolean)
03:44:42.268 [main] DEBUG o.s.aop.framework.CglibAopProxy - Method is declared on Advised interface: public abstract boolean org.springframework.aop.framework.Advised.isExposeProxy()
03:44:42.268 [main] DEBUG o.s.aop.framework.CglibAopProxy - Method is declared on Advised interface: public abstract void org.springframework.aop.framework.Advised.setExposeProxy(boolean)
03:44:42.268 [main] DEBUG o.s.aop.framework.CglibAopProxy - Method is declared on Advised interface: public abstract boolean org.springframework.aop.framework.Advised.isPreFiltered()
03:44:42.268 [main] DEBUG o.s.aop.framework.CglibAopProxy - Method is declared on Advised interface: public abstract java.lang.Class[] org.springframework.aop.framework.Advised.getProxiedInterfaces()
03:44:42.268 [main] DEBUG o.s.aop.framework.CglibAopProxy - Method is declared on Advised interface: public abstract boolean org.springframework.aop.framework.Advised.isInterfaceProxied(java.lang.Class)
03:44:42.268 [main] DEBUG o.s.aop.framework.CglibAopProxy - Method is declared on Advised interface: public abstract org.springframework.aop.Advisor[] org.springframework.aop.framework.Advised.getAdvisors()
03:44:42.268 [main] DEBUG o.s.aop.framework.CglibAopProxy - Method is declared on Advised interface: public abstract void org.springframework.aop.framework.Advised.removeAdvisor(int) throws org.springframework.aop.framework.AopConfigException
03:44:42.268 [main] DEBUG o.s.aop.framework.CglibAopProxy - Method is declared on Advised interface: public abstract boolean org.springframework.aop.framework.Advised.removeAdvisor(org.springframework.aop.Advisor)
03:44:42.269 [main] DEBUG o.s.aop.framework.CglibAopProxy - Method is declared on Advised interface: public abstract boolean org.springframework.aop.framework.Advised.replaceAdvisor(org.springframework.aop.Advisor,org.springframework.aop.Advisor) throws org.springframework.aop.framework.AopConfigException
03:44:42.269 [main] DEBUG o.s.aop.framework.CglibAopProxy - Method is declared on Advised interface: public abstract boolean org.springframework.aop.framework.Advised.removeAdvice(org.aopalliance.aop.Advice)
03:44:42.269 [main] DEBUG o.s.aop.framework.CglibAopProxy - Method is declared on Advised interface: public abstract java.lang.String org.springframework.aop.framework.Advised.toProxyConfigString()
03:44:42.269 [main] DEBUG o.s.aop.framework.CglibAopProxy - Method is declared on Advised interface: public abstract void org.springframework.aop.framework.Advised.addAdvice(int,org.aopalliance.aop.Advice) throws org.springframework.aop.framework.AopConfigException
03:44:42.269 [main] DEBUG o.s.aop.framework.CglibAopProxy - Method is declared on Advised interface: public abstract void org.springframework.aop.framework.Advised.addAdvice(org.aopalliance.aop.Advice) throws org.springframework.aop.framework.AopConfigException
03:44:42.269 [main] DEBUG o.s.aop.framework.CglibAopProxy - Method is declared on Advised interface: public abstract int org.springframework.aop.framework.Advised.indexOf(org.aopalliance.aop.Advice)
03:44:42.269 [main] DEBUG o.s.aop.framework.CglibAopProxy - Method is declared on Advised interface: public abstract int org.springframework.aop.framework.Advised.indexOf(org.springframework.aop.Advisor)
03:44:42.269 [main] DEBUG o.s.aop.framework.CglibAopProxy - Method is declared on Advised interface: public abstract boolean org.springframework.aop.framework.Advised.isFrozen()
03:44:42.269 [main] DEBUG o.s.aop.framework.CglibAopProxy - Method is declared on Advised interface: public abstract java.lang.Class org.springframework.aop.TargetClassAware.getTargetClass()
03:44:42.279 [main] DEBUG o.s.b.f.s.DefaultListableBeanFactory - Finished creating instance of bean 'patientController'
03:44:42.279 [main] DEBUG o.s.b.f.s.DefaultListableBeanFactory - Creating shared instance of singleton bean 'passwordController'
03:44:42.279 [main] DEBUG o.s.b.f.s.DefaultListableBeanFactory - Creating instance of bean 'passwordController'
03:44:42.280 [main] DEBUG o.s.b.f.s.DefaultListableBeanFactory - Eagerly caching bean 'passwordController' to allow for resolving potential circular references
03:44:42.282 [main] DEBUG o.s.b.f.s.DefaultListableBeanFactory - Returning cached instance of singleton bean 'metaDataSourceAdvisor'
03:44:42.282 [main] DEBUG o.s.b.f.s.DefaultListableBeanFactory - Finished creating instance of bean 'passwordController'
03:44:42.282 [main] DEBUG o.s.b.f.s.DefaultListableBeanFactory - Creating shared instance of singleton bean 'userController'
03:44:42.282 [main] DEBUG o.s.b.f.s.DefaultListableBeanFactory - Creating instance of bean 'userController'
03:44:42.283 [main] DEBUG o.s.b.f.s.DefaultListableBeanFactory - Eagerly caching bean 'userController' to allow for resolving potential circular references
03:44:42.284 [main] DEBUG o.s.b.f.s.DefaultListableBeanFactory - Returning cached instance of singleton bean 'metaDataSourceAdvisor'
03:44:42.284 [main] DEBUG o.s.s.a.p.PrePostAnnotationSecurityMetadataSource - @org.springframework.security.access.prepost.PreAuthorize(value=hasRole('ROLE_HCP') or hasRole('ROLE_ADMIN')) found on specific method: public java.lang.String edu.ncsu.csc.itrust2.controllers.personnel.UserController.viewDemographics(org.springframework.ui.Model)
03:44:42.286 [main] DEBUG o.s.s.a.m.DelegatingMethodSecurityMetadataSource - Caching method [CacheKey[edu.ncsu.csc.itrust2.controllers.personnel.UserController; public java.lang.String edu.ncsu.csc.itrust2.controllers.personnel.UserController.viewDemographics(org.springframework.ui.Model)]] with attributes [[authorize: 'hasRole('ROLE_HCP') or hasRole('ROLE_ADMIN')', filter: 'null', filterTarget: 'null']]
03:44:42.286 [main] DEBUG o.s.a.f.a.InfrastructureAdvisorAutoProxyCreator - Creating implicit proxy for bean 'userController' with 0 common interceptors and 1 specific interceptors
03:44:42.286 [main] DEBUG o.s.aop.framework.CglibAopProxy - Creating CGLIB proxy: target source is SingletonTargetSource for target object [edu.ncsu.csc.itrust2.controllers.personnel.UserController@18f7a872]
03:44:42.286 [main] DEBUG o.s.aop.framework.CglibAopProxy - Unable to apply any optimisations to advised method: public java.lang.String edu.ncsu.csc.itrust2.controllers.personnel.UserController.viewDemographics(org.springframework.ui.Model)
03:44:42.286 [main] DEBUG o.s.s.a.p.PrePostAnnotationSecurityMetadataSource - @org.springframework.security.access.prepost.PreAuthorize(value=hasRole('ROLE_HCP') or hasRole('ROLE_ADMIN')) found on specific method: public java.lang.String edu.ncsu.csc.itrust2.controllers.personnel.UserController.demographicsSubmit(edu.ncsu.csc.itrust2.forms.personnel.PersonnelForm,org.springframework.validation.BindingResult,org.springframework.ui.Model)
03:44:42.287 [main] DEBUG o.s.s.a.m.DelegatingMethodSecurityMetadataSource - Caching method [CacheKey[edu.ncsu.csc.itrust2.controllers.personnel.UserController; public java.lang.String edu.ncsu.csc.itrust2.controllers.personnel.UserController.demographicsSubmit(edu.ncsu.csc.itrust2.forms.personnel.PersonnelForm,org.springframework.validation.BindingResult,org.springframework.ui.Model)]] with attributes [[authorize: 'hasRole('ROLE_HCP') or hasRole('ROLE_ADMIN')', filter: 'null', filterTarget: 'null']]
03:44:42.287 [main] DEBUG o.s.aop.framework.CglibAopProxy - Unable to apply any optimisations to advised method: public java.lang.String edu.ncsu.csc.itrust2.controllers.personnel.UserController.demographicsSubmit(edu.ncsu.csc.itrust2.forms.personnel.PersonnelForm,org.springframework.validation.BindingResult,org.springframework.ui.Model)
03:44:42.287 [main] DEBUG o.s.aop.framework.CglibAopProxy - Found 'equals' method: public boolean java.lang.Object.equals(java.lang.Object)
03:44:42.287 [main] DEBUG o.s.aop.framework.CglibAopProxy - Unable to apply any optimisations to advised method: public java.lang.String java.lang.Object.toString()
03:44:42.287 [main] DEBUG o.s.aop.framework.CglibAopProxy - Found 'hashCode' method: public native int java.lang.Object.hashCode()
03:44:42.287 [main] DEBUG o.s.aop.framework.CglibAopProxy - Unable to apply any optimisations to advised method: protected native java.lang.Object java.lang.Object.clone() throws java.lang.CloneNotSupportedException
03:44:42.287 [main] DEBUG o.s.aop.framework.CglibAopProxy - Method is declared on Advised interface: public abstract void org.springframework.aop.framework.Advised.setTargetSource(org.springframework.aop.TargetSource)
03:44:42.287 [main] DEBUG o.s.aop.framework.CglibAopProxy - Method is declared on Advised interface: public abstract org.springframework.aop.TargetSource org.springframework.aop.framework.Advised.getTargetSource()
03:44:42.287 [main] DEBUG o.s.aop.framework.CglibAopProxy - Method is declared on Advised interface: public abstract boolean org.springframework.aop.framework.Advised.isProxyTargetClass()
03:44:42.287 [main] DEBUG o.s.aop.framework.CglibAopProxy - Method is declared on Advised interface: public abstract void org.springframework.aop.framework.Advised.addAdvisor(org.springframework.aop.Advisor) throws org.springframework.aop.framework.AopConfigException
03:44:42.287 [main] DEBUG o.s.aop.framework.CglibAopProxy - Method is declared on Advised interface: public abstract void org.springframework.aop.framework.Advised.addAdvisor(int,org.springframework.aop.Advisor) throws org.springframework.aop.framework.AopConfigException
03:44:42.287 [main] DEBUG o.s.aop.framework.CglibAopProxy - Method is declared on Advised interface: public abstract void org.springframework.aop.framework.Advised.setPreFiltered(boolean)
03:44:42.287 [main] DEBUG o.s.aop.framework.CglibAopProxy - Method is declared on Advised interface: public abstract boolean org.springframework.aop.framework.Advised.isExposeProxy()
03:44:42.287 [main] DEBUG o.s.aop.framework.CglibAopProxy - Method is declared on Advised interface: public abstract void org.springframework.aop.framework.Advised.setExposeProxy(boolean)
03:44:42.288 [main] DEBUG o.s.aop.framework.CglibAopProxy - Method is declared on Advised interface: public abstract boolean org.springframework.aop.framework.Advised.isPreFiltered()
03:44:42.288 [main] DEBUG o.s.aop.framework.CglibAopProxy - Method is declared on Advised interface: public abstract java.lang.Class[] org.springframework.aop.framework.Advised.getProxiedInterfaces()
03:44:42.288 [main] DEBUG o.s.aop.framework.CglibAopProxy - Method is declared on Advised interface: public abstract boolean org.springframework.aop.framework.Advised.isInterfaceProxied(java.lang.Class)
03:44:42.288 [main] DEBUG o.s.aop.framework.CglibAopProxy - Method is declared on Advised interface: public abstract org.springframework.aop.Advisor[] org.springframework.aop.framework.Advised.getAdvisors()
03:44:42.288 [main] DEBUG o.s.aop.framework.CglibAopProxy - Method is declared on Advised interface: public abstract void org.springframework.aop.framework.Advised.removeAdvisor(int) throws org.springframework.aop.framework.AopConfigException
03:44:42.288 [main] DEBUG o.s.aop.framework.CglibAopProxy - Method is declared on Advised interface: public abstract boolean org.springframework.aop.framework.Advised.removeAdvisor(org.springframework.aop.Advisor)
03:44:42.288 [main] DEBUG o.s.aop.framework.CglibAopProxy - Method is declared on Advised interface: public abstract boolean org.springframework.aop.framework.Advised.replaceAdvisor(org.springframework.aop.Advisor,org.springframework.aop.Advisor) throws org.springframework.aop.framework.AopConfigException
03:44:42.288 [main] DEBUG o.s.aop.framework.CglibAopProxy - Method is declared on Advised interface: public abstract boolean org.springframework.aop.framework.Advised.removeAdvice(org.aopalliance.aop.Advice)
03:44:42.288 [main] DEBUG o.s.aop.framework.CglibAopProxy - Method is declared on Advised interface: public abstract java.lang.String org.springframework.aop.framework.Advised.toProxyConfigString()
03:44:42.288 [main] DEBUG o.s.aop.framework.CglibAopProxy - Method is declared on Advised interface: public abstract void org.springframework.aop.framework.Advised.addAdvice(int,org.aopalliance.aop.Advice) throws org.springframework.aop.framework.AopConfigException
03:44:42.288 [main] DEBUG o.s.aop.framework.CglibAopProxy - Method is declared on Advised interface: public abstract void org.springframework.aop.framework.Advised.addAdvice(org.aopalliance.aop.Advice) throws org.springframework.aop.framework.AopConfigException
03:44:42.288 [main] DEBUG o.s.aop.framework.CglibAopProxy - Method is declared on Advised interface: public abstract int org.springframework.aop.framework.Advised.indexOf(org.aopalliance.aop.Advice)
03:44:42.288 [main] DEBUG o.s.aop.framework.CglibAopProxy - Method is declared on Advised interface: public abstract int org.springframework.aop.framework.Advised.indexOf(org.springframework.aop.Advisor)
03:44:42.288 [main] DEBUG o.s.aop.framework.CglibAopProxy - Method is declared on Advised interface: public abstract boolean org.springframework.aop.framework.Advised.isFrozen()
03:44:42.288 [main] DEBUG o.s.aop.framework.CglibAopProxy - Method is declared on Advised interface: public abstract java.lang.Class org.springframework.aop.TargetClassAware.getTargetClass()
03:44:42.298 [main] DEBUG o.s.b.f.s.DefaultListableBeanFactory - Finished creating instance of bean 'userController'
03:44:42.298 [main] DEBUG o.s.b.f.s.DefaultListableBeanFactory - Returning cached instance of singleton bean 'dataSource'
03:44:42.298 [main] DEBUG o.s.b.f.s.DefaultListableBeanFactory - Returning cached instance of singleton bean 'org.springframework.security.config.annotation.configuration.ObjectPostProcessorConfiguration'
03:44:42.298 [main] DEBUG o.s.b.f.s.DefaultListableBeanFactory - Returning cached instance of singleton bean 'objectPostProcessor'
03:44:42.298 [main] DEBUG o.s.b.f.s.DefaultListableBeanFactory - Returning cached instance of singleton bean 'org.springframework.security.config.annotation.authentication.configuration.AuthenticationConfiguration'
03:44:42.298 [main] DEBUG o.s.b.f.s.DefaultListableBeanFactory - Returning cached instance of singleton bean 'authenticationManagerBuilder'
03:44:42.298 [main] DEBUG o.s.b.f.s.DefaultListableBeanFactory - Returning cached instance of singleton bean 'enableGlobalAuthenticationAutowiredConfigurer'
03:44:42.298 [main] DEBUG o.s.b.f.s.DefaultListableBeanFactory - Returning cached instance of singleton bean 'initializeUserDetailsBeanManagerConfigurer'
03:44:42.298 [main] DEBUG o.s.b.f.s.DefaultListableBeanFactory - Returning cached instance of singleton bean 'initializeAuthenticationProviderBeanManagerConfigurer'
03:44:42.299 [main] DEBUG o.s.b.f.s.DefaultListableBeanFactory - Creating shared instance of singleton bean 'org.springframework.security.config.annotation.web.configuration.WebSecurityConfiguration'
03:44:42.299 [main] DEBUG o.s.b.f.s.DefaultListableBeanFactory - Creating instance of bean 'org.springframework.security.config.annotation.web.configuration.WebSecurityConfiguration'
03:44:42.304 [main] DEBUG o.s.b.f.annotation.InjectionMetadata - Registered injected element on class [org.springframework.security.config.annotation.web.configuration.WebSecurityConfiguration$$EnhancerBySpringCGLIB$$2baeb014]: AutowiredFieldElement for private org.springframework.security.config.annotation.ObjectPostProcessor org.springframework.security.config.annotation.web.configuration.WebSecurityConfiguration.objectObjectPostProcessor
03:44:42.304 [main] DEBUG o.s.b.f.annotation.InjectionMetadata - Registered injected element on class [org.springframework.security.config.annotation.web.configuration.WebSecurityConfiguration$$EnhancerBySpringCGLIB$$2baeb014]: AutowiredMethodElement for public void org.springframework.security.config.annotation.web.configuration.WebSecurityConfiguration.setFilterChainProxySecurityConfigurer(org.springframework.security.config.annotation.ObjectPostProcessor,java.util.List) throws java.lang.Exception
03:44:42.304 [main] DEBUG o.s.b.f.s.DefaultListableBeanFactory - Eagerly caching bean 'org.springframework.security.config.annotation.web.configuration.WebSecurityConfiguration' to allow for resolving potential circular references
03:44:42.305 [main] DEBUG o.s.b.f.annotation.InjectionMetadata - Processing injected element of bean 'org.springframework.security.config.annotation.web.configuration.WebSecurityConfiguration': AutowiredFieldElement for private org.springframework.security.config.annotation.ObjectPostProcessor org.springframework.security.config.annotation.web.configuration.WebSecurityConfiguration.objectObjectPostProcessor
03:44:42.306 [main] DEBUG o.s.b.f.s.DefaultListableBeanFactory - Returning cached instance of singleton bean 'objectPostProcessor'
03:44:42.306 [main] DEBUG o.s.b.f.a.AutowiredAnnotationBeanPostProcessor - Autowiring by type from bean name 'org.springframework.security.config.annotation.web.configuration.WebSecurityConfiguration' to bean named 'objectPostProcessor'
03:44:42.306 [main] DEBUG o.s.b.f.annotation.InjectionMetadata - Processing injected element of bean 'org.springframework.security.config.annotation.web.configuration.WebSecurityConfiguration': AutowiredMethodElement for public void org.springframework.security.config.annotation.web.configuration.WebSecurityConfiguration.setFilterChainProxySecurityConfigurer(org.springframework.security.config.annotation.ObjectPostProcessor,java.util.List) throws java.lang.Exception
03:44:42.311 [main] DEBUG o.s.b.f.s.DefaultListableBeanFactory - Returning cached instance of singleton bean 'objectPostProcessor'
03:44:42.315 [main] DEBUG o.s.b.f.s.DefaultListableBeanFactory - Creating shared instance of singleton bean 'autowiredWebSecurityConfigurersIgnoreParents'
03:44:42.315 [main] DEBUG o.s.b.f.s.DefaultListableBeanFactory - Creating instance of bean 'autowiredWebSecurityConfigurersIgnoreParents'
03:44:42.316 [main] DEBUG o.s.b.f.s.DefaultListableBeanFactory - Returning cached instance of singleton bean 'metaDataSourceAdvisor'
03:44:42.319 [main] DEBUG o.s.b.f.s.DefaultListableBeanFactory - Returning eagerly cached instance of singleton bean 'org.springframework.security.config.annotation.web.configuration.WebSecurityConfiguration' that is not fully initialized yet - a consequence of a circular reference
03:44:42.322 [main] DEBUG o.s.b.f.s.DefaultListableBeanFactory - Autowiring by type from bean name 'autowiredWebSecurityConfigurersIgnoreParents' via factory method to bean named 'org.springframework.beans.factory.support.DefaultListableBeanFactory@14b528b6'
03:44:42.334 [main] DEBUG o.s.b.f.s.DefaultListableBeanFactory - Eagerly caching bean 'autowiredWebSecurityConfigurersIgnoreParents' to allow for resolving potential circular references
03:44:42.338 [main] DEBUG o.s.b.f.s.DefaultListableBeanFactory - Returning cached instance of singleton bean 'metaDataSourceAdvisor'
03:44:42.338 [main] DEBUG o.s.b.f.s.DefaultListableBeanFactory - Finished creating instance of bean 'autowiredWebSecurityConfigurersIgnoreParents'
03:44:42.349 [main] DEBUG o.s.b.f.s.DefaultListableBeanFactory - Returning cached instance of singleton bean 'securityConfig'
03:44:42.352 [main] DEBUG o.s.b.f.a.AutowiredAnnotationBeanPostProcessor - Autowiring by type from bean name 'org.springframework.security.config.annotation.web.configuration.WebSecurityConfiguration' to bean named 'objectPostProcessor'
03:44:42.357 [main] DEBUG o.s.b.f.s.DefaultListableBeanFactory - Returning cached instance of singleton bean 'metaDataSourceAdvisor'
03:44:42.372 [main] DEBUG o.s.b.f.s.DefaultListableBeanFactory - Returning cached instance of singleton bean 'org.springframework.context.annotation.ConfigurationClassPostProcessor.importRegistry'
03:44:42.373 [main] DEBUG o.s.b.f.s.DefaultListableBeanFactory - Finished creating instance of bean 'org.springframework.security.config.annotation.web.configuration.WebSecurityConfiguration'
03:44:42.373 [main] DEBUG o.s.b.f.s.DefaultListableBeanFactory - Creating shared instance of singleton bean 'delegatingApplicationListener'
03:44:42.373 [main] DEBUG o.s.b.f.s.DefaultListableBeanFactory - Creating instance of bean 'delegatingApplicationListener'
03:44:42.374 [main] DEBUG o.s.b.f.s.DefaultListableBeanFactory - Eagerly caching bean 'delegatingApplicationListener' to allow for resolving potential circular references
03:44:42.376 [main] DEBUG o.s.b.f.s.DefaultListableBeanFactory - Returning cached instance of singleton bean 'metaDataSourceAdvisor'
03:44:42.377 [main] DEBUG o.s.b.f.s.DefaultListableBeanFactory - Finished creating instance of bean 'delegatingApplicationListener'
03:44:42.378 [main] DEBUG o.s.b.f.s.DefaultListableBeanFactory - Creating shared instance of singleton bean 'springSecurityFilterChain'
03:44:42.378 [main] DEBUG o.s.b.f.s.DefaultListableBeanFactory - Creating instance of bean 'springSecurityFilterChain'
03:44:42.378 [main] DEBUG o.s.b.f.s.DefaultListableBeanFactory - Returning cached instance of singleton bean 'org.springframework.security.config.annotation.web.configuration.WebSecurityConfiguration'
03:44:42.379 [main] DEBUG o.s.b.f.s.DefaultListableBeanFactory - Returning cached instance of singleton bean 'metaDataSourceAdvisor'
03:44:42.384 [main] DEBUG o.s.b.f.s.DefaultListableBeanFactory - Returning cached instance of singleton bean 'webMvcConfiguration'
03:44:42.384 [main] DEBUG o.s.b.f.s.DefaultListableBeanFactory - Returning cached instance of singleton bean 'securityConfig'
03:44:42.384 [main] DEBUG o.s.s.c.a.a.c.AuthenticationConfiguration$EnableGlobalAuthenticationAutowiredConfigurer - Eagerly initializing {webMvcConfiguration=edu.ncsu.csc.itrust2.mvc.config.WebMvcConfiguration$$EnhancerBySpringCGLIB$$f5213803@1d82d35c, securityConfig=edu.ncsu.csc.itrust2.config.SecurityConfig$$EnhancerBySpringCGLIB$$f36018f@2620264e}
03:44:42.388 [main] DEBUG o.s.b.f.s.DefaultListableBeanFactory - Invoking afterPropertiesSet() on bean with name 'org.springframework.security.authentication.dao.DaoAuthenticationProvider@53d782b0'
03:44:42.388 [main] DEBUG o.s.b.f.s.DefaultListableBeanFactory - Returning cached instance of singleton bean 'metaDataSourceAdvisor'
03:44:42.402 [main] DEBUG o.s.b.f.s.DefaultListableBeanFactory - Invoking afterPropertiesSet() on bean with name 'org.springframework.security.authentication.ProviderManager@3e6b8b27'
03:44:42.402 [main] DEBUG o.s.b.f.s.DefaultListableBeanFactory - Returning cached instance of singleton bean 'metaDataSourceAdvisor'
03:44:42.411 [main] DEBUG o.s.b.f.s.DefaultListableBeanFactory - Returning cached instance of singleton bean 'authenticationManagerBuilder'
03:44:42.479 [main] DEBUG o.s.w.c.s.StandardServletEnvironment - Adding [servletConfigInitParams] PropertySource with lowest search precedence
03:44:42.480 [main] DEBUG o.s.w.c.s.StandardServletEnvironment - Adding [servletContextInitParams] PropertySource with lowest search precedence
03:44:42.480 [main] DEBUG o.s.w.c.s.StandardServletEnvironment - Adding [systemProperties] PropertySource with lowest search precedence
03:44:42.481 [main] DEBUG o.s.w.c.s.StandardServletEnvironment - Adding [systemEnvironment] PropertySource with lowest search precedence
03:44:42.481 [main] DEBUG o.s.w.c.s.StandardServletEnvironment - Initialized StandardServletEnvironment with PropertySources [servletConfigInitParams,servletContextInitParams,systemProperties,systemEnvironment]
03:44:42.509 [main] DEBUG o.s.w.c.s.StandardServletEnvironment - Adding [servletConfigInitParams] PropertySource with lowest search precedence
03:44:42.509 [main] DEBUG o.s.w.c.s.StandardServletEnvironment - Adding [servletContextInitParams] PropertySource with lowest search precedence
03:44:42.509 [main] DEBUG o.s.w.c.s.StandardServletEnvironment - Adding [systemProperties] PropertySource with lowest search precedence
03:44:42.509 [main] DEBUG o.s.w.c.s.StandardServletEnvironment - Adding [systemEnvironment] PropertySource with lowest search precedence
03:44:42.510 [main] DEBUG o.s.w.c.s.StandardServletEnvironment - Initialized StandardServletEnvironment with PropertySources [servletConfigInitParams,servletContextInitParams,systemProperties,systemEnvironment]
03:44:42.510 [main] DEBUG o.s.w.c.s.StandardServletEnvironment - Adding [servletConfigInitParams] PropertySource with lowest search precedence
03:44:42.510 [main] DEBUG o.s.w.c.s.StandardServletEnvironment - Adding [servletContextInitParams] PropertySource with lowest search precedence
03:44:42.511 [main] DEBUG o.s.w.c.s.StandardServletEnvironment - Adding [systemProperties] PropertySource with lowest search precedence
03:44:42.511 [main] DEBUG o.s.w.c.s.StandardServletEnvironment - Adding [systemEnvironment] PropertySource with lowest search precedence
03:44:42.511 [main] DEBUG o.s.w.c.s.StandardServletEnvironment - Initialized StandardServletEnvironment with PropertySources [servletConfigInitParams,servletContextInitParams,systemProperties,systemEnvironment]
03:44:42.515 [main] DEBUG o.s.b.f.s.DefaultListableBeanFactory - Creating shared instance of singleton bean 'ipBlockFilter'
03:44:42.516 [main] DEBUG o.s.b.f.s.DefaultListableBeanFactory - Creating instance of bean 'ipBlockFilter'
03:44:42.516 [main] DEBUG o.s.b.f.s.DefaultListableBeanFactory - Returning cached instance of singleton bean 'securityConfig'
03:44:42.517 [main] DEBUG o.s.w.c.s.StandardServletEnvironment - Adding [servletConfigInitParams] PropertySource with lowest search precedence
03:44:42.518 [main] DEBUG o.s.w.c.s.StandardServletEnvironment - Adding [servletContextInitParams] PropertySource with lowest search precedence
03:44:42.518 [main] DEBUG o.s.w.c.s.StandardServletEnvironment - Adding [systemProperties] PropertySource with lowest search precedence
03:44:42.518 [main] DEBUG o.s.w.c.s.StandardServletEnvironment - Adding [systemEnvironment] PropertySource with lowest search precedence
03:44:42.518 [main] DEBUG o.s.w.c.s.StandardServletEnvironment - Initialized StandardServletEnvironment with PropertySources [servletConfigInitParams,servletContextInitParams,systemProperties,systemEnvironment]
03:44:42.519 [main] DEBUG o.s.b.f.s.DefaultListableBeanFactory - Eagerly caching bean 'ipBlockFilter' to allow for resolving potential circular references
03:44:42.527 [main] DEBUG o.s.b.f.s.DefaultListableBeanFactory - Invoking afterPropertiesSet() on bean with name 'ipBlockFilter'
03:44:42.527 [main] DEBUG o.s.b.f.s.DefaultListableBeanFactory - Returning cached instance of singleton bean 'metaDataSourceAdvisor'
03:44:42.528 [main] DEBUG o.s.b.f.s.DefaultListableBeanFactory - Finished creating instance of bean 'ipBlockFilter'
03:44:42.539 [main] DEBUG o.s.w.c.s.StandardServletEnvironment - Adding [servletConfigInitParams] PropertySource with lowest search precedence
03:44:42.539 [main] DEBUG o.s.w.c.s.StandardServletEnvironment - Adding [servletContextInitParams] PropertySource with lowest search precedence
03:44:42.540 [main] DEBUG o.s.w.c.s.StandardServletEnvironment - Adding [systemProperties] PropertySource with lowest search precedence
03:44:42.540 [main] DEBUG o.s.w.c.s.StandardServletEnvironment - Adding [systemEnvironment] PropertySource with lowest search precedence
03:44:42.540 [main] DEBUG o.s.w.c.s.StandardServletEnvironment - Initialized StandardServletEnvironment with PropertySources [servletConfigInitParams,servletContextInitParams,systemProperties,systemEnvironment]
03:44:42.553 [main] DEBUG o.s.b.f.s.DefaultListableBeanFactory - Creating shared instance of singleton bean 'failureHandler'
03:44:42.553 [main] DEBUG o.s.b.f.s.DefaultListableBeanFactory - Creating instance of bean 'failureHandler'
03:44:42.553 [main] DEBUG o.s.b.f.s.DefaultListableBeanFactory - Returning cached instance of singleton bean 'securityConfig'
03:44:42.556 [main] DEBUG o.s.b.f.s.DefaultListableBeanFactory - Eagerly caching bean 'failureHandler' to allow for resolving potential circular references
03:44:42.565 [main] DEBUG o.s.b.f.s.DefaultListableBeanFactory - Returning cached instance of singleton bean 'metaDataSourceAdvisor'
03:44:42.565 [main] DEBUG o.s.b.f.s.DefaultListableBeanFactory - Finished creating instance of bean 'failureHandler'
03:44:42.568 [main] INFO  o.s.s.web.DefaultSecurityFilterChain - Creating filter chain: Ant [pattern='/api/v1/requestPasswordReset'], []
03:44:42.568 [main] INFO  o.s.s.web.DefaultSecurityFilterChain - Creating filter chain: Ant [pattern='/api/v1/resetPassword/*'], []
03:44:42.569 [main] INFO  o.s.s.web.DefaultSecurityFilterChain - Creating filter chain: Ant [pattern='/requestPasswordReset'], []
03:44:42.569 [main] INFO  o.s.s.web.DefaultSecurityFilterChain - Creating filter chain: Ant [pattern='/resetPassword'], []
03:44:42.577 [main] DEBUG o.s.b.f.s.DefaultListableBeanFactory - Returning cached instance of singleton bean 'metaDataSourceAdvisor'
03:44:42.585 [main] DEBUG o.s.b.f.s.DefaultListableBeanFactory - Returning cached instance of singleton bean 'metaDataSourceAdvisor'
03:44:42.604 [main] DEBUG o.s.w.c.s.StandardServletEnvironment - Adding [servletConfigInitParams] PropertySource with lowest search precedence
03:44:42.604 [main] DEBUG o.s.w.c.s.StandardServletEnvironment - Adding [servletContextInitParams] PropertySource with lowest search precedence
03:44:42.605 [main] DEBUG o.s.w.c.s.StandardServletEnvironment - Adding [systemProperties] PropertySource with lowest search precedence
03:44:42.605 [main] DEBUG o.s.w.c.s.StandardServletEnvironment - Adding [systemEnvironment] PropertySource with lowest search precedence
03:44:42.605 [main] DEBUG o.s.w.c.s.StandardServletEnvironment - Initialized StandardServletEnvironment with PropertySources [servletConfigInitParams,servletContextInitParams,systemProperties,systemEnvironment]
03:44:42.606 [main] DEBUG o.s.b.f.s.DefaultListableBeanFactory - Returning cached instance of singleton bean 'metaDataSourceAdvisor'
03:44:42.609 [main] DEBUG o.s.b.f.s.DefaultListableBeanFactory - Invoking afterPropertiesSet() on bean with name 'org.springframework.security.web.authentication.LoginUrlAuthenticationEntryPoint@66f965a'
03:44:42.609 [main] DEBUG o.s.b.f.s.DefaultListableBeanFactory - Returning cached instance of singleton bean 'metaDataSourceAdvisor'
03:44:42.612 [main] DEBUG o.s.b.f.s.DefaultListableBeanFactory - Invoking afterPropertiesSet() on bean with name 'org.springframework.security.authentication.ProviderManager@28089256'
03:44:42.612 [main] DEBUG o.s.b.f.s.DefaultListableBeanFactory - Returning cached instance of singleton bean 'metaDataSourceAdvisor'
03:44:42.613 [main] DEBUG o.s.w.c.s.StandardServletEnvironment - Adding [servletConfigInitParams] PropertySource with lowest search precedence
03:44:42.613 [main] DEBUG o.s.w.c.s.StandardServletEnvironment - Adding [servletContextInitParams] PropertySource with lowest search precedence
03:44:42.613 [main] DEBUG o.s.w.c.s.StandardServletEnvironment - Adding [systemProperties] PropertySource with lowest search precedence
03:44:42.613 [main] DEBUG o.s.w.c.s.StandardServletEnvironment - Adding [systemEnvironment] PropertySource with lowest search precedence
03:44:42.613 [main] DEBUG o.s.w.c.s.StandardServletEnvironment - Initialized StandardServletEnvironment with PropertySources [servletConfigInitParams,servletContextInitParams,systemProperties,systemEnvironment]
03:44:42.616 [main] DEBUG o.s.b.f.s.DefaultListableBeanFactory - Invoking afterPropertiesSet() on bean with name 'org.springframework.security.web.csrf.CsrfFilter@292109c7'
03:44:42.616 [main] DEBUG o.s.b.f.s.DefaultListableBeanFactory - Returning cached instance of singleton bean 'metaDataSourceAdvisor'
03:44:42.625 [main] DEBUG o.s.w.c.s.StandardServletEnvironment - Adding [servletConfigInitParams] PropertySource with lowest search precedence
03:44:42.625 [main] DEBUG o.s.w.c.s.StandardServletEnvironment - Adding [servletContextInitParams] PropertySource with lowest search precedence
03:44:42.625 [main] DEBUG o.s.w.c.s.StandardServletEnvironment - Adding [systemProperties] PropertySource with lowest search precedence
03:44:42.626 [main] DEBUG o.s.w.c.s.StandardServletEnvironment - Adding [systemEnvironment] PropertySource with lowest search precedence
03:44:42.626 [main] DEBUG o.s.w.c.s.StandardServletEnvironment - Initialized StandardServletEnvironment with PropertySources [servletConfigInitParams,servletContextInitParams,systemProperties,systemEnvironment]
03:44:42.628 [main] DEBUG o.s.b.f.s.DefaultListableBeanFactory - Invoking afterPropertiesSet() on bean with name 'org.springframework.security.web.access.ExceptionTranslationFilter@1a6d072e'
03:44:42.629 [main] DEBUG o.s.b.f.s.DefaultListableBeanFactory - Returning cached instance of singleton bean 'metaDataSourceAdvisor'
03:44:42.636 [main] DEBUG o.s.w.c.s.StandardServletEnvironment - Adding [servletConfigInitParams] PropertySource with lowest search precedence
03:44:42.636 [main] DEBUG o.s.w.c.s.StandardServletEnvironment - Adding [servletContextInitParams] PropertySource with lowest search precedence
03:44:42.637 [main] DEBUG o.s.w.c.s.StandardServletEnvironment - Adding [systemProperties] PropertySource with lowest search precedence
03:44:42.637 [main] DEBUG o.s.w.c.s.StandardServletEnvironment - Adding [systemEnvironment] PropertySource with lowest search precedence
03:44:42.637 [main] DEBUG o.s.w.c.s.StandardServletEnvironment - Initialized StandardServletEnvironment with PropertySources [servletConfigInitParams,servletContextInitParams,systemProperties,systemEnvironment]
03:44:42.637 [main] DEBUG o.s.b.f.s.DefaultListableBeanFactory - Invoking afterPropertiesSet() on bean with name 'org.springframework.security.web.header.HeaderWriterFilter@3415d6e'
03:44:42.637 [main] DEBUG o.s.b.f.s.DefaultListableBeanFactory - Returning cached instance of singleton bean 'metaDataSourceAdvisor'
03:44:42.644 [main] DEBUG o.s.w.c.s.StandardServletEnvironment - Adding [servletConfigInitParams] PropertySource with lowest search precedence
03:44:42.644 [main] DEBUG o.s.w.c.s.StandardServletEnvironment - Adding [servletContextInitParams] PropertySource with lowest search precedence
03:44:42.644 [main] DEBUG o.s.w.c.s.StandardServletEnvironment - Adding [systemProperties] PropertySource with lowest search precedence
03:44:42.644 [main] DEBUG o.s.w.c.s.StandardServletEnvironment - Adding [systemEnvironment] PropertySource with lowest search precedence
03:44:42.645 [main] DEBUG o.s.w.c.s.StandardServletEnvironment - Initialized StandardServletEnvironment with PropertySources [servletConfigInitParams,servletContextInitParams,systemProperties,systemEnvironment]
03:44:42.645 [main] DEBUG o.s.b.f.s.DefaultListableBeanFactory - Invoking afterPropertiesSet() on bean with name 'org.springframework.security.web.session.SessionManagementFilter@491da2fe'
03:44:42.645 [main] DEBUG o.s.b.f.s.DefaultListableBeanFactory - Returning cached instance of singleton bean 'metaDataSourceAdvisor'
03:44:42.652 [main] DEBUG o.s.w.c.s.StandardServletEnvironment - Adding [servletConfigInitParams] PropertySource with lowest search precedence
03:44:42.652 [main] DEBUG o.s.w.c.s.StandardServletEnvironment - Adding [servletContextInitParams] PropertySource with lowest search precedence
03:44:42.652 [main] DEBUG o.s.w.c.s.StandardServletEnvironment - Adding [systemProperties] PropertySource with lowest search precedence
03:44:42.652 [main] DEBUG o.s.w.c.s.StandardServletEnvironment - Adding [systemEnvironment] PropertySource with lowest search precedence
03:44:42.653 [main] DEBUG o.s.w.c.s.StandardServletEnvironment - Initialized StandardServletEnvironment with PropertySources [servletConfigInitParams,servletContextInitParams,systemProperties,systemEnvironment]
03:44:42.653 [main] DEBUG o.s.b.f.s.DefaultListableBeanFactory - Invoking afterPropertiesSet() on bean with name 'org.springframework.security.web.context.SecurityContextPersistenceFilter@4515dfae'
03:44:42.653 [main] DEBUG o.s.b.f.s.DefaultListableBeanFactory - Returning cached instance of singleton bean 'metaDataSourceAdvisor'
03:44:42.661 [main] DEBUG o.s.w.c.s.StandardServletEnvironment - Adding [servletConfigInitParams] PropertySource with lowest search precedence
03:44:42.661 [main] DEBUG o.s.w.c.s.StandardServletEnvironment - Adding [servletContextInitParams] PropertySource with lowest search precedence
03:44:42.661 [main] DEBUG o.s.w.c.s.StandardServletEnvironment - Adding [systemProperties] PropertySource with lowest search precedence
03:44:42.661 [main] DEBUG o.s.w.c.s.StandardServletEnvironment - Adding [systemEnvironment] PropertySource with lowest search precedence
03:44:42.661 [main] DEBUG o.s.w.c.s.StandardServletEnvironment - Initialized StandardServletEnvironment with PropertySources [servletConfigInitParams,servletContextInitParams,systemProperties,systemEnvironment]
03:44:42.662 [main] DEBUG o.s.b.f.s.DefaultListableBeanFactory - Invoking afterPropertiesSet() on bean with name 'org.springframework.security.web.savedrequest.RequestCacheAwareFilter@2be41d90'
03:44:42.662 [main] DEBUG o.s.b.f.s.DefaultListableBeanFactory - Returning cached instance of singleton bean 'metaDataSourceAdvisor'
03:44:42.671 [main] DEBUG o.s.b.f.s.DefaultListableBeanFactory - Invoking afterPropertiesSet() on bean with name 'org.springframework.security.web.servletapi.SecurityContextHolderAwareRequestFilter@513babf3'
03:44:42.672 [main] DEBUG o.s.b.f.s.DefaultListableBeanFactory - Returning cached instance of singleton bean 'metaDataSourceAdvisor'
03:44:42.683 [main] DEBUG o.s.w.c.s.StandardServletEnvironment - Adding [servletConfigInitParams] PropertySource with lowest search precedence
03:44:42.683 [main] DEBUG o.s.w.c.s.StandardServletEnvironment - Adding [servletContextInitParams] PropertySource with lowest search precedence
03:44:42.683 [main] DEBUG o.s.w.c.s.StandardServletEnvironment - Adding [systemProperties] PropertySource with lowest search precedence
03:44:42.684 [main] DEBUG o.s.w.c.s.StandardServletEnvironment - Adding [systemEnvironment] PropertySource with lowest search precedence
03:44:42.684 [main] DEBUG o.s.w.c.s.StandardServletEnvironment - Initialized StandardServletEnvironment with PropertySources [servletConfigInitParams,servletContextInitParams,systemProperties,systemEnvironment]
03:44:42.684 [main] DEBUG o.s.b.f.s.DefaultListableBeanFactory - Invoking afterPropertiesSet() on bean with name 'org.springframework.security.web.authentication.logout.LogoutFilter@7e5e568e'
03:44:42.684 [main] DEBUG o.s.b.f.s.DefaultListableBeanFactory - Returning cached instance of singleton bean 'metaDataSourceAdvisor'
03:44:42.699 [main] DEBUG o.s.s.w.a.e.ExpressionBasedFilterInvocationSecurityMetadataSource - Adding web access control expression 'anonymous', for Ant [pattern='/login*']
03:44:42.701 [main] DEBUG o.s.s.w.a.e.ExpressionBasedFilterInvocationSecurityMetadataSource - Adding web access control expression 'authenticated', for org.springframework.security.web.util.matcher.AnyRequestMatcher@1
03:44:42.702 [main] DEBUG o.s.b.f.s.DefaultListableBeanFactory - Invoking afterPropertiesSet() on bean with name 'org.springframework.security.access.vote.AffirmativeBased@701dc5ad'
03:44:42.703 [main] DEBUG o.s.b.f.s.DefaultListableBeanFactory - Returning cached instance of singleton bean 'metaDataSourceAdvisor'
03:44:42.708 [main] DEBUG o.s.s.w.a.i.FilterSecurityInterceptor - Validated configuration attributes
03:44:42.708 [main] DEBUG o.s.b.f.s.DefaultListableBeanFactory - Invoking afterPropertiesSet() on bean with name 'org.springframework.security.web.access.intercept.FilterSecurityInterceptor@4201bd3'
03:44:42.708 [main] DEBUG o.s.s.w.a.i.FilterSecurityInterceptor - Validated configuration attributes
03:44:42.708 [main] DEBUG o.s.b.f.s.DefaultListableBeanFactory - Returning cached instance of singleton bean 'metaDataSourceAdvisor'
03:44:42.714 [main] DEBUG o.s.b.f.s.DefaultListableBeanFactory - Invoking afterPropertiesSet() on bean with name 'org.springframework.security.web.authentication.UsernamePasswordAuthenticationFilter@5e7026b9'
03:44:42.714 [main] DEBUG o.s.b.f.s.DefaultListableBeanFactory - Returning cached instance of singleton bean 'metaDataSourceAdvisor'
03:44:42.729 [main] INFO  o.s.s.web.DefaultSecurityFilterChain - Creating filter chain: org.springframework.security.web.util.matcher.AnyRequestMatcher@1, [edu.ncsu.csc.itrust2.config.IPFilter@7c8c2d03, org.springframework.security.web.context.request.async.WebAsyncManagerIntegrationFilter@418a4fff, org.springframework.security.web.context.SecurityContextPersistenceFilter@4515dfae, org.springframework.security.web.header.HeaderWriterFilter@3415d6e, org.springframework.security.web.csrf.CsrfFilter@292109c7, org.springframework.security.web.authentication.logout.LogoutFilter@7e5e568e, org.springframework.security.web.authentication.UsernamePasswordAuthenticationFilter@5e7026b9, org.springframework.security.web.savedrequest.RequestCacheAwareFilter@2be41d90, org.springframework.security.web.servletapi.SecurityContextHolderAwareRequestFilter@513babf3, org.springframework.security.web.authentication.AnonymousAuthenticationFilter@7834d8ec, org.springframework.security.web.session.SessionManagementFilter@491da2fe, org.springframework.security.web.access.ExceptionTranslationFilter@1a6d072e, org.springframework.security.web.access.intercept.FilterSecurityInterceptor@4201bd3]
03:44:42.731 [main] DEBUG o.s.w.c.s.StandardServletEnvironment - Adding [servletConfigInitParams] PropertySource with lowest search precedence
03:44:42.731 [main] DEBUG o.s.w.c.s.StandardServletEnvironment - Adding [servletContextInitParams] PropertySource with lowest search precedence
03:44:42.731 [main] DEBUG o.s.w.c.s.StandardServletEnvironment - Adding [systemProperties] PropertySource with lowest search precedence
03:44:42.732 [main] DEBUG o.s.w.c.s.StandardServletEnvironment - Adding [systemEnvironment] PropertySource with lowest search precedence
03:44:42.732 [main] DEBUG o.s.w.c.s.StandardServletEnvironment - Initialized StandardServletEnvironment with PropertySources [servletConfigInitParams,servletContextInitParams,systemProperties,systemEnvironment]
03:44:42.736 [main] DEBUG o.s.b.f.s.DefaultListableBeanFactory - Eagerly caching bean 'springSecurityFilterChain' to allow for resolving potential circular references
03:44:42.741 [main] DEBUG o.s.b.f.s.DefaultListableBeanFactory - Invoking afterPropertiesSet() on bean with name 'springSecurityFilterChain'
03:44:42.741 [main] DEBUG o.s.b.f.s.DefaultListableBeanFactory - Returning cached instance of singleton bean 'metaDataSourceAdvisor'
03:44:42.744 [main] DEBUG o.s.b.f.s.DefaultListableBeanFactory - Finished creating instance of bean 'springSecurityFilterChain'
03:44:42.744 [main] DEBUG o.s.b.f.s.DefaultListableBeanFactory - Creating shared instance of singleton bean 'webSecurityExpressionHandler'
03:44:42.744 [main] DEBUG o.s.b.f.s.DefaultListableBeanFactory - Creating instance of bean 'webSecurityExpressionHandler'
03:44:42.744 [main] DEBUG o.s.b.f.s.DefaultListableBeanFactory - Returning cached instance of singleton bean 'org.springframework.security.config.annotation.web.configuration.WebSecurityConfiguration'
03:44:42.746 [main] DEBUG o.s.b.f.s.DefaultListableBeanFactory - Eagerly caching bean 'webSecurityExpressionHandler' to allow for resolving potential circular references
03:44:42.747 [main] DEBUG o.s.b.f.s.DefaultListableBeanFactory - Finished creating instance of bean 'webSecurityExpressionHandler'
03:44:42.747 [main] DEBUG o.s.b.f.s.DefaultListableBeanFactory - Returning cached instance of singleton bean 'springSecurityFilterChain'
03:44:42.747 [main] DEBUG o.s.b.f.s.DefaultListableBeanFactory - Returning cached instance of singleton bean 'springSecurityFilterChain'
03:44:42.747 [main] DEBUG o.s.b.f.s.DefaultListableBeanFactory - Creating shared instance of singleton bean 'privilegeEvaluator'
03:44:42.747 [main] DEBUG o.s.b.f.s.DefaultListableBeanFactory - Creating instance of bean 'privilegeEvaluator'
03:44:42.748 [main] DEBUG o.s.b.f.s.DefaultListableBeanFactory - Returning cached instance of singleton bean 'org.springframework.security.config.annotation.web.configuration.WebSecurityConfiguration'
03:44:42.750 [main] DEBUG o.s.b.f.s.DefaultListableBeanFactory - Eagerly caching bean 'privilegeEvaluator' to allow for resolving potential circular references
03:44:42.752 [main] DEBUG o.s.b.f.s.DefaultListableBeanFactory - Returning cached instance of singleton bean 'metaDataSourceAdvisor'
03:44:42.753 [main] DEBUG o.s.b.f.s.DefaultListableBeanFactory - Finished creating instance of bean 'privilegeEvaluator'
03:44:42.753 [main] DEBUG o.s.b.f.s.DefaultListableBeanFactory - Returning cached instance of singleton bean 'autowiredWebSecurityConfigurersIgnoreParents'
03:44:42.753 [main] DEBUG o.s.b.f.s.DefaultListableBeanFactory - Returning cached instance of singleton bean 'org.springframework.security.config.annotation.web.configuration.WebMvcSecurityConfiguration'
03:44:42.753 [main] DEBUG o.s.b.f.s.DefaultListableBeanFactory - Creating shared instance of singleton bean 'requestDataValueProcessor'
03:44:42.753 [main] DEBUG o.s.b.f.s.DefaultListableBeanFactory - Creating instance of bean 'requestDataValueProcessor'
03:44:42.753 [main] DEBUG o.s.b.f.s.DefaultListableBeanFactory - Returning cached instance of singleton bean 'org.springframework.security.config.annotation.web.configuration.WebMvcSecurityConfiguration'
03:44:42.754 [main] DEBUG o.s.b.f.s.DefaultListableBeanFactory - Eagerly caching bean 'requestDataValueProcessor' to allow for resolving potential circular references
03:44:42.756 [main] DEBUG o.s.b.f.s.DefaultListableBeanFactory - Returning cached instance of singleton bean 'metaDataSourceAdvisor'
03:44:42.757 [main] DEBUG o.s.b.f.s.DefaultListableBeanFactory - Finished creating instance of bean 'requestDataValueProcessor'
03:44:42.757 [main] DEBUG o.s.b.f.s.DefaultListableBeanFactory - Returning cached instance of singleton bean 'passwordEncoder'
03:44:42.757 [main] DEBUG o.s.b.f.s.DefaultListableBeanFactory - Returning cached instance of singleton bean 'defaultAuthenticationEventPublisher'
03:44:42.757 [main] DEBUG o.s.b.f.s.DefaultListableBeanFactory - Returning cached instance of singleton bean 'failureHandler'
03:44:42.758 [main] DEBUG o.s.b.f.s.DefaultListableBeanFactory - Returning cached instance of singleton bean 'ipBlockFilter'
03:44:42.758 [main] DEBUG o.s.b.f.s.DefaultListableBeanFactory - Returning cached instance of singleton bean 'org.springframework.web.servlet.config.annotation.DelegatingWebMvcConfiguration'
03:44:42.758 [main] DEBUG o.s.b.f.s.DefaultListableBeanFactory - Returning cached instance of singleton bean 'mvcConversionService'
03:44:42.759 [main] DEBUG o.s.b.f.s.DefaultListableBeanFactory - Creating shared instance of singleton bean 'requestMappingHandlerMapping'
03:44:42.759 [main] DEBUG o.s.b.f.s.DefaultListableBeanFactory - Creating instance of bean 'requestMappingHandlerMapping'
03:44:42.759 [main] DEBUG o.s.b.f.s.DefaultListableBeanFactory - Returning cached instance of singleton bean 'org.springframework.web.servlet.config.annotation.DelegatingWebMvcConfiguration'
03:44:42.786 [main] DEBUG o.s.b.f.s.DefaultListableBeanFactory - Returning cached instance of singleton bean 'mvcConversionService'
03:44:42.788 [main] DEBUG o.s.b.f.s.DefaultListableBeanFactory - Creating shared instance of singleton bean 'mvcResourceUrlProvider'
03:44:42.788 [main] DEBUG o.s.b.f.s.DefaultListableBeanFactory - Creating instance of bean 'mvcResourceUrlProvider'
03:44:42.789 [main] DEBUG o.s.b.f.s.DefaultListableBeanFactory - Returning cached instance of singleton bean 'org.springframework.web.servlet.config.annotation.DelegatingWebMvcConfiguration'
03:44:42.790 [main] DEBUG o.s.b.f.s.DefaultListableBeanFactory - Eagerly caching bean 'mvcResourceUrlProvider' to allow for resolving potential circular references
03:44:42.795 [main] DEBUG o.s.b.f.s.DefaultListableBeanFactory - Returning cached instance of singleton bean 'metaDataSourceAdvisor'
03:44:42.795 [main] DEBUG o.s.b.f.s.DefaultListableBeanFactory - Finished creating instance of bean 'mvcResourceUrlProvider'
03:44:42.800 [main] DEBUG o.s.b.f.s.DefaultListableBeanFactory - Returning cached instance of singleton bean 'mvcContentNegotiationManager'
03:44:42.807 [main] DEBUG o.s.b.f.s.DefaultListableBeanFactory - Eagerly caching bean 'requestMappingHandlerMapping' to allow for resolving potential circular references
03:44:42.818 [main] DEBUG o.s.b.f.s.DefaultListableBeanFactory - Invoking afterPropertiesSet() on bean with name 'requestMappingHandlerMapping'
03:44:42.818 [main] DEBUG o.s.w.s.m.m.a.RequestMappingHandlerMapping - Looking for request mappings in application context: org.springframework.web.context.support.GenericWebApplicationContext@a098d76: startup date [Wed Mar 21 03:44:38 UTC 2018]; root of context hierarchy
03:44:42.835 [main] DEBUG o.s.w.s.m.m.a.RequestMappingHandlerMapping - 1 request handler methods found on class edu.ncsu.csc.itrust2.controllers.DefaultController: {public org.springframework.web.servlet.view.RedirectView edu.ncsu.csc.itrust2.controllers.DefaultController.index(org.springframework.ui.Model)={[/]}}
03:44:42.836 [main] INFO  o.s.w.s.m.m.a.RequestMappingHandlerMapping - Mapped "{[/]}" onto public org.springframework.web.servlet.view.RedirectView edu.ncsu.csc.itrust2.controllers.DefaultController.index(org.springframework.ui.Model)
03:44:42.838 [main] DEBUG o.s.w.s.m.m.a.RequestMappingHandlerMapping - 1 request handler methods found on class edu.ncsu.csc.itrust2.controllers.admin.AdminController: {public java.lang.String edu.ncsu.csc.itrust2.controllers.admin.AdminController.index(org.springframework.ui.Model)={[/admin/index]}}
03:44:42.838 [main] INFO  o.s.w.s.m.m.a.RequestMappingHandlerMapping - Mapped "{[/admin/index]}" onto public java.lang.String edu.ncsu.csc.itrust2.controllers.admin.AdminController.index(org.springframework.ui.Model)
03:44:42.842 [main] DEBUG o.s.w.s.m.m.a.RequestMappingHandlerMapping - 5 request handler methods found on class edu.ncsu.csc.itrust2.controllers.admin.AdminUserController: {public java.lang.String edu.ncsu.csc.itrust2.controllers.admin.AdminUserController.deleteUser(org.springframework.ui.Model)={[/admin/deleteUser]}, public java.lang.String edu.ncsu.csc.itrust2.controllers.admin.AdminUserController.deleteUserSubmit(edu.ncsu.csc.itrust2.forms.admin.DeleteUserForm,org.springframework.validation.BindingResult,org.springframework.ui.Model)={[/admin/deleteUser],methods=[POST]}, public java.lang.String edu.ncsu.csc.itrust2.controllers.admin.AdminUserController.drugs(org.springframework.ui.Model)={[/admin/drugs]}, public java.lang.String edu.ncsu.csc.itrust2.controllers.admin.AdminUserController.addUser(org.springframework.ui.Model)={[/admin/addUser]}, public java.lang.String edu.ncsu.csc.itrust2.controllers.admin.AdminUserController.addUserSubmit(edu.ncsu.csc.itrust2.forms.admin.UserForm,org.springframework.validation.BindingResult,org.springframework.ui.Model)={[/admin/addUser],methods=[POST]}}
03:44:42.842 [main] INFO  o.s.w.s.m.m.a.RequestMappingHandlerMapping - Mapped "{[/admin/deleteUser]}" onto public java.lang.String edu.ncsu.csc.itrust2.controllers.admin.AdminUserController.deleteUser(org.springframework.ui.Model)
03:44:42.842 [main] INFO  o.s.w.s.m.m.a.RequestMappingHandlerMapping - Mapped "{[/admin/deleteUser],methods=[POST]}" onto public java.lang.String edu.ncsu.csc.itrust2.controllers.admin.AdminUserController.deleteUserSubmit(edu.ncsu.csc.itrust2.forms.admin.DeleteUserForm,org.springframework.validation.BindingResult,org.springframework.ui.Model)
03:44:42.843 [main] INFO  o.s.w.s.m.m.a.RequestMappingHandlerMapping - Mapped "{[/admin/drugs]}" onto public java.lang.String edu.ncsu.csc.itrust2.controllers.admin.AdminUserController.drugs(org.springframework.ui.Model)
03:44:42.843 [main] INFO  o.s.w.s.m.m.a.RequestMappingHandlerMapping - Mapped "{[/admin/addUser]}" onto public java.lang.String edu.ncsu.csc.itrust2.controllers.admin.AdminUserController.addUser(org.springframework.ui.Model)
03:44:42.843 [main] INFO  o.s.w.s.m.m.a.RequestMappingHandlerMapping - Mapped "{[/admin/addUser],methods=[POST]}" onto public java.lang.String edu.ncsu.csc.itrust2.controllers.admin.AdminUserController.addUserSubmit(edu.ncsu.csc.itrust2.forms.admin.UserForm,org.springframework.validation.BindingResult,org.springframework.ui.Model)
03:44:42.846 [main] DEBUG o.s.w.s.m.m.a.RequestMappingHandlerMapping - 4 request handler methods found on class edu.ncsu.csc.itrust2.controllers.admin.HospitalController: {public java.lang.String edu.ncsu.csc.itrust2.controllers.admin.HospitalController.addHospital(org.springframework.ui.Model)={[/admin/addHospital]}, public java.lang.String edu.ncsu.csc.itrust2.controllers.admin.HospitalController.addHospitalSubmit(edu.ncsu.csc.itrust2.forms.admin.HospitalForm,org.springframework.validation.BindingResult,org.springframework.ui.Model)={[/admin/addHospital],methods=[POST]}, public java.lang.String edu.ncsu.csc.itrust2.controllers.admin.HospitalController.deleteHospital(org.springframework.ui.Model)={[/admin/deleteHospital]}, public java.lang.String edu.ncsu.csc.itrust2.controllers.admin.HospitalController.deleteHospitalSubmit(edu.ncsu.csc.itrust2.forms.admin.DeleteHospitalForm,org.springframework.validation.BindingResult,org.springframework.ui.Model)={[/admin/deleteHospital],methods=[POST]}}
03:44:42.846 [main] INFO  o.s.w.s.m.m.a.RequestMappingHandlerMapping - Mapped "{[/admin/addHospital]}" onto public java.lang.String edu.ncsu.csc.itrust2.controllers.admin.HospitalController.addHospital(org.springframework.ui.Model)
03:44:42.846 [main] INFO  o.s.w.s.m.m.a.RequestMappingHandlerMapping - Mapped "{[/admin/addHospital],methods=[POST]}" onto public java.lang.String edu.ncsu.csc.itrust2.controllers.admin.HospitalController.addHospitalSubmit(edu.ncsu.csc.itrust2.forms.admin.HospitalForm,org.springframework.validation.BindingResult,org.springframework.ui.Model)
03:44:42.846 [main] INFO  o.s.w.s.m.m.a.RequestMappingHandlerMapping - Mapped "{[/admin/deleteHospital]}" onto public java.lang.String edu.ncsu.csc.itrust2.controllers.admin.HospitalController.deleteHospital(org.springframework.ui.Model)
03:44:42.846 [main] INFO  o.s.w.s.m.m.a.RequestMappingHandlerMapping - Mapped "{[/admin/deleteHospital],methods=[POST]}" onto public java.lang.String edu.ncsu.csc.itrust2.controllers.admin.HospitalController.deleteHospitalSubmit(edu.ncsu.csc.itrust2.forms.admin.DeleteHospitalForm,org.springframework.validation.BindingResult,org.springframework.ui.Model)
03:44:42.847 [main] DEBUG o.s.w.s.m.m.a.RequestMappingHandlerMapping - 1 request handler methods found on class edu.ncsu.csc.itrust2.controllers.admin.ICDCodesController: {public java.lang.String edu.ncsu.csc.itrust2.controllers.admin.ICDCodesController.addCode(org.springframework.ui.Model)={[/admin/manageICDCodes]}}
03:44:42.847 [main] INFO  o.s.w.s.m.m.a.RequestMappingHandlerMapping - Mapped "{[/admin/manageICDCodes]}" onto public java.lang.String edu.ncsu.csc.itrust2.controllers.admin.ICDCodesController.addCode(org.springframework.ui.Model)
03:44:42.856 [main] DEBUG o.s.w.s.m.m.a.RequestMappingHandlerMapping - 6 request handler methods found on class edu.ncsu.csc.itrust2.controllers.api.APIAppointmentRequestController: {public java.util.List edu.ncsu.csc.itrust2.controllers.api.APIAppointmentRequestController.getAppointmentRequests()={[/api/v1//appointmentrequests],methods=[GET]}, public org.springframework.http.ResponseEntity edu.ncsu.csc.itrust2.controllers.api.APIAppointmentRequestController.getAppointmentRequest(java.lang.Long)={[/api/v1//appointmentrequests/{id}],methods=[GET]}, public org.springframework.http.ResponseEntity edu.ncsu.csc.itrust2.controllers.api.APIAppointmentRequestController.createAppointmentRequest(edu.ncsu.csc.itrust2.forms.patient.AppointmentRequestForm)={[/api/v1//appointmentrequests],methods=[POST]}, public org.springframework.http.ResponseEntity edu.ncsu.csc.itrust2.controllers.api.APIAppointmentRequestController.deleteAppointmentRequest(java.lang.Long)={[/api/v1//appointmentrequests/{id}],methods=[DELETE]}, public org.springframework.http.ResponseEntity edu.ncsu.csc.itrust2.controllers.api.APIAppointmentRequestController.updateAppointmentRequest(java.lang.Long,edu.ncsu.csc.itrust2.forms.patient.AppointmentRequestForm)={[/api/v1//appointmentrequests/{id}],methods=[PUT]}, public org.springframework.http.ResponseEntity edu.ncsu.csc.itrust2.controllers.api.APIAppointmentRequestController.deleteAppointmentRequests()={[/api/v1//appointmentrequests],methods=[DELETE]}}
03:44:42.856 [main] INFO  o.s.w.s.m.m.a.RequestMappingHandlerMapping - Mapped "{[/api/v1//appointmentrequests],methods=[GET]}" onto public java.util.List<edu.ncsu.csc.itrust2.models.persistent.AppointmentRequest> edu.ncsu.csc.itrust2.controllers.api.APIAppointmentRequestController.getAppointmentRequests()
03:44:42.857 [main] INFO  o.s.w.s.m.m.a.RequestMappingHandlerMapping - Mapped "{[/api/v1//appointmentrequests/{id}],methods=[GET]}" onto public org.springframework.http.ResponseEntity edu.ncsu.csc.itrust2.controllers.api.APIAppointmentRequestController.getAppointmentRequest(java.lang.Long)
03:44:42.859 [main] INFO  o.s.w.s.m.m.a.RequestMappingHandlerMapping - Mapped "{[/api/v1//appointmentrequests],methods=[POST]}" onto public org.springframework.http.ResponseEntity edu.ncsu.csc.itrust2.controllers.api.APIAppointmentRequestController.createAppointmentRequest(edu.ncsu.csc.itrust2.forms.patient.AppointmentRequestForm)
03:44:42.859 [main] INFO  o.s.w.s.m.m.a.RequestMappingHandlerMapping - Mapped "{[/api/v1//appointmentrequests/{id}],methods=[DELETE]}" onto public org.springframework.http.ResponseEntity edu.ncsu.csc.itrust2.controllers.api.APIAppointmentRequestController.deleteAppointmentRequest(java.lang.Long)
03:44:42.860 [main] INFO  o.s.w.s.m.m.a.RequestMappingHandlerMapping - Mapped "{[/api/v1//appointmentrequests/{id}],methods=[PUT]}" onto public org.springframework.http.ResponseEntity edu.ncsu.csc.itrust2.controllers.api.APIAppointmentRequestController.updateAppointmentRequest(java.lang.Long,edu.ncsu.csc.itrust2.forms.patient.AppointmentRequestForm)
03:44:42.860 [main] INFO  o.s.w.s.m.m.a.RequestMappingHandlerMapping - Mapped "{[/api/v1//appointmentrequests],methods=[DELETE]}" onto public org.springframework.http.ResponseEntity edu.ncsu.csc.itrust2.controllers.api.APIAppointmentRequestController.deleteAppointmentRequests()
03:44:42.862 [main] DEBUG o.s.w.s.m.m.a.RequestMappingHandlerMapping - 3 request handler methods found on class edu.ncsu.csc.itrust2.controllers.api.APIDiagnosisController: {public org.springframework.http.ResponseEntity edu.ncsu.csc.itrust2.controllers.api.APIDiagnosisController.getDiagnosis(java.lang.Long)={[/api/v1//diagnosis/{id}],methods=[GET]}, public java.util.List edu.ncsu.csc.itrust2.controllers.api.APIDiagnosisController.getDiagnosis()={[/api/v1//diagnoses],methods=[GET]}, public java.util.List edu.ncsu.csc.itrust2.controllers.api.APIDiagnosisController.getDiagnosesForVisit(java.lang.Long)={[/api/v1//diagnosesforvisit/{id}],methods=[GET]}}
03:44:42.862 [main] INFO  o.s.w.s.m.m.a.RequestMappingHandlerMapping - Mapped "{[/api/v1//diagnosis/{id}],methods=[GET]}" onto public org.springframework.http.ResponseEntity edu.ncsu.csc.itrust2.controllers.api.APIDiagnosisController.getDiagnosis(java.lang.Long)
03:44:42.862 [main] INFO  o.s.w.s.m.m.a.RequestMappingHandlerMapping - Mapped "{[/api/v1//diagnoses],methods=[GET]}" onto public java.util.List<edu.ncsu.csc.itrust2.models.persistent.Diagnosis> edu.ncsu.csc.itrust2.controllers.api.APIDiagnosisController.getDiagnosis()
03:44:42.863 [main] INFO  o.s.w.s.m.m.a.RequestMappingHandlerMapping - Mapped "{[/api/v1//diagnosesforvisit/{id}],methods=[GET]}" onto public java.util.List<edu.ncsu.csc.itrust2.models.persistent.Diagnosis> edu.ncsu.csc.itrust2.controllers.api.APIDiagnosisController.getDiagnosesForVisit(java.lang.Long)
03:44:42.864 [main] DEBUG o.s.w.s.m.m.a.RequestMappingHandlerMapping - 4 request handler methods found on class edu.ncsu.csc.itrust2.controllers.api.APIDrugController: {public org.springframework.http.ResponseEntity edu.ncsu.csc.itrust2.controllers.api.APIDrugController.addDrug(edu.ncsu.csc.itrust2.forms.admin.DrugForm)={[/api/v1//drugs],methods=[POST]}, public org.springframework.http.ResponseEntity edu.ncsu.csc.itrust2.controllers.api.APIDrugController.editDrug(edu.ncsu.csc.itrust2.forms.admin.DrugForm)={[/api/v1//drugs],methods=[PUT]}, public org.springframework.http.ResponseEntity edu.ncsu.csc.itrust2.controllers.api.APIDrugController.deleteDrug(java.lang.String)={[/api/v1//drugs/{id}],methods=[DELETE]}, public java.util.List edu.ncsu.csc.itrust2.controllers.api.APIDrugController.getDrugs()={[/api/v1//drugs],methods=[GET]}}
03:44:42.865 [main] INFO  o.s.w.s.m.m.a.RequestMappingHandlerMapping - Mapped "{[/api/v1//drugs],methods=[POST]}" onto public org.springframework.http.ResponseEntity edu.ncsu.csc.itrust2.controllers.api.APIDrugController.addDrug(edu.ncsu.csc.itrust2.forms.admin.DrugForm)
03:44:42.865 [main] INFO  o.s.w.s.m.m.a.RequestMappingHandlerMapping - Mapped "{[/api/v1//drugs],methods=[PUT]}" onto public org.springframework.http.ResponseEntity edu.ncsu.csc.itrust2.controllers.api.APIDrugController.editDrug(edu.ncsu.csc.itrust2.forms.admin.DrugForm)
03:44:42.865 [main] INFO  o.s.w.s.m.m.a.RequestMappingHandlerMapping - Mapped "{[/api/v1//drugs/{id}],methods=[DELETE]}" onto public org.springframework.http.ResponseEntity edu.ncsu.csc.itrust2.controllers.api.APIDrugController.deleteDrug(java.lang.String)
03:44:42.866 [main] INFO  o.s.w.s.m.m.a.RequestMappingHandlerMapping - Mapped "{[/api/v1//drugs],methods=[GET]}" onto public java.util.List<edu.ncsu.csc.itrust2.models.persistent.Drug> edu.ncsu.csc.itrust2.controllers.api.APIDrugController.getDrugs()
03:44:42.869 [main] DEBUG o.s.w.s.m.m.a.RequestMappingHandlerMapping - 7 request handler methods found on class edu.ncsu.csc.itrust2.controllers.api.APIEnumController: {public java.util.List edu.ncsu.csc.itrust2.controllers.api.APIEnumController.getEthnicity()={[/api/v1//ethnicity],methods=[GET]}, public java.util.List edu.ncsu.csc.itrust2.controllers.api.APIEnumController.getAppointmentTypes()={[/api/v1//appointmenttype],methods=[GET]}, public java.util.List edu.ncsu.csc.itrust2.controllers.api.APIEnumController.getBloodTypes()={[/api/v1//bloodtype],methods=[GET]}, public java.util.List edu.ncsu.csc.itrust2.controllers.api.APIEnumController.getGenders()={[/api/v1//gender],methods=[GET]}, public java.util.List edu.ncsu.csc.itrust2.controllers.api.APIEnumController.getStates()={[/api/v1//state],methods=[GET]}, public java.util.List edu.ncsu.csc.itrust2.controllers.api.APIEnumController.getHouseSmokingStatuses()={[/api/v1//housesmoking],methods=[GET]}, public java.util.List edu.ncsu.csc.itrust2.controllers.api.APIEnumController.getPatientSmokingStatuses()={[/api/v1//patientsmoking],methods=[GET]}}
03:44:42.872 [main] INFO  o.s.w.s.m.m.a.RequestMappingHandlerMapping - Mapped "{[/api/v1//ethnicity],methods=[GET]}" onto public java.util.List<java.util.Map<java.lang.String, java.lang.Object>> edu.ncsu.csc.itrust2.controllers.api.APIEnumController.getEthnicity()
03:44:42.872 [main] INFO  o.s.w.s.m.m.a.RequestMappingHandlerMapping - Mapped "{[/api/v1//appointmenttype],methods=[GET]}" onto public java.util.List<edu.ncsu.csc.itrust2.models.enums.AppointmentType> edu.ncsu.csc.itrust2.controllers.api.APIEnumController.getAppointmentTypes()
03:44:42.873 [main] INFO  o.s.w.s.m.m.a.RequestMappingHandlerMapping - Mapped "{[/api/v1//bloodtype],methods=[GET]}" onto public java.util.List<java.util.Map<java.lang.String, java.lang.Object>> edu.ncsu.csc.itrust2.controllers.api.APIEnumController.getBloodTypes()
03:44:42.875 [main] INFO  o.s.w.s.m.m.a.RequestMappingHandlerMapping - Mapped "{[/api/v1//gender],methods=[GET]}" onto public java.util.List<java.util.Map<java.lang.String, java.lang.Object>> edu.ncsu.csc.itrust2.controllers.api.APIEnumController.getGenders()
03:44:42.875 [main] INFO  o.s.w.s.m.m.a.RequestMappingHandlerMapping - Mapped "{[/api/v1//state],methods=[GET]}" onto public java.util.List<java.util.Map<java.lang.String, java.lang.Object>> edu.ncsu.csc.itrust2.controllers.api.APIEnumController.getStates()
03:44:42.876 [main] INFO  o.s.w.s.m.m.a.RequestMappingHandlerMapping - Mapped "{[/api/v1//housesmoking],methods=[GET]}" onto public java.util.List<edu.ncsu.csc.itrust2.models.enums.HouseholdSmokingStatus> edu.ncsu.csc.itrust2.controllers.api.APIEnumController.getHouseSmokingStatuses()
03:44:42.876 [main] INFO  o.s.w.s.m.m.a.RequestMappingHandlerMapping - Mapped "{[/api/v1//patientsmoking],methods=[GET]}" onto public java.util.List<edu.ncsu.csc.itrust2.models.enums.PatientSmokingStatus> edu.ncsu.csc.itrust2.controllers.api.APIEnumController.getPatientSmokingStatuses()
03:44:42.879 [main] DEBUG o.s.w.s.m.m.a.RequestMappingHandlerMapping - 4 request handler methods found on class edu.ncsu.csc.itrust2.controllers.api.APIHospitalController: {public java.util.List edu.ncsu.csc.itrust2.controllers.api.APIHospitalController.getHospitals()={[/api/v1//hospitals],methods=[GET]}, public org.springframework.http.ResponseEntity edu.ncsu.csc.itrust2.controllers.api.APIHospitalController.getHospital(java.lang.String)={[/api/v1//hospitals/{id}],methods=[GET]}, public org.springframework.http.ResponseEntity edu.ncsu.csc.itrust2.controllers.api.APIHospitalController.createHospital(edu.ncsu.csc.itrust2.forms.admin.HospitalForm)={[/api/v1//hospitals],methods=[POST]}, public org.springframework.http.ResponseEntity edu.ncsu.csc.itrust2.controllers.api.APIHospitalController.updateHospital(java.lang.String,edu.ncsu.csc.itrust2.forms.admin.HospitalForm)={[/api/v1//hospitals/{id}],methods=[PUT]}}
03:44:42.880 [main] INFO  o.s.w.s.m.m.a.RequestMappingHandlerMapping - Mapped "{[/api/v1//hospitals],methods=[GET]}" onto public java.util.List<edu.ncsu.csc.itrust2.models.persistent.Hospital> edu.ncsu.csc.itrust2.controllers.api.APIHospitalController.getHospitals()
03:44:42.880 [main] INFO  o.s.w.s.m.m.a.RequestMappingHandlerMapping - Mapped "{[/api/v1//hospitals/{id}],methods=[GET]}" onto public org.springframework.http.ResponseEntity edu.ncsu.csc.itrust2.controllers.api.APIHospitalController.getHospital(java.lang.String)
03:44:42.880 [main] INFO  o.s.w.s.m.m.a.RequestMappingHandlerMapping - Mapped "{[/api/v1//hospitals],methods=[POST]}" onto public org.springframework.http.ResponseEntity edu.ncsu.csc.itrust2.controllers.api.APIHospitalController.createHospital(edu.ncsu.csc.itrust2.forms.admin.HospitalForm)
03:44:42.881 [main] INFO  o.s.w.s.m.m.a.RequestMappingHandlerMapping - Mapped "{[/api/v1//hospitals/{id}],methods=[PUT]}" onto public org.springframework.http.ResponseEntity edu.ncsu.csc.itrust2.controllers.api.APIHospitalController.updateHospital(java.lang.String,edu.ncsu.csc.itrust2.forms.admin.HospitalForm)
03:44:42.892 [main] DEBUG o.s.w.s.m.m.a.RequestMappingHandlerMapping - 5 request handler methods found on class edu.ncsu.csc.itrust2.controllers.api.APIICDCodeController: {public org.springframework.http.ResponseEntity edu.ncsu.csc.itrust2.controllers.api.APIICDCodeController.getCode(java.lang.Long)={[/api/v1//icdcode/{id}],methods=[GET]}, public org.springframework.http.ResponseEntity edu.ncsu.csc.itrust2.controllers.api.APIICDCodeController.addCode(edu.ncsu.csc.itrust2.forms.admin.ICDCodeForm)={[/api/v1//icdcodes],methods=[POST]}, public java.util.List edu.ncsu.csc.itrust2.controllers.api.APIICDCodeController.getCodes()={[/api/v1//icdcodes],methods=[GET]}, public org.springframework.http.ResponseEntity edu.ncsu.csc.itrust2.controllers.api.APIICDCodeController.updateCode(java.lang.Long,edu.ncsu.csc.itrust2.forms.admin.ICDCodeForm)={[/api/v1//icdcode/{id}],methods=[PUT]}, public org.springframework.http.ResponseEntity edu.ncsu.csc.itrust2.controllers.api.APIICDCodeController.deleteCode(java.lang.Long)={[/api/v1//icdcode/{id}],methods=[DELETE]}}
03:44:42.892 [main] INFO  o.s.w.s.m.m.a.RequestMappingHandlerMapping - Mapped "{[/api/v1//icdcode/{id}],methods=[GET]}" onto public org.springframework.http.ResponseEntity edu.ncsu.csc.itrust2.controllers.api.APIICDCodeController.getCode(java.lang.Long)
03:44:42.892 [main] INFO  o.s.w.s.m.m.a.RequestMappingHandlerMapping - Mapped "{[/api/v1//icdcodes],methods=[POST]}" onto public org.springframework.http.ResponseEntity edu.ncsu.csc.itrust2.controllers.api.APIICDCodeController.addCode(edu.ncsu.csc.itrust2.forms.admin.ICDCodeForm)
03:44:42.893 [main] INFO  o.s.w.s.m.m.a.RequestMappingHandlerMapping - Mapped "{[/api/v1//icdcodes],methods=[GET]}" onto public java.util.List<edu.ncsu.csc.itrust2.models.persistent.ICDCode> edu.ncsu.csc.itrust2.controllers.api.APIICDCodeController.getCodes()
03:44:42.893 [main] INFO  o.s.w.s.m.m.a.RequestMappingHandlerMapping - Mapped "{[/api/v1//icdcode/{id}],methods=[PUT]}" onto public org.springframework.http.ResponseEntity edu.ncsu.csc.itrust2.controllers.api.APIICDCodeController.updateCode(java.lang.Long,edu.ncsu.csc.itrust2.forms.admin.ICDCodeForm)
03:44:42.894 [main] INFO  o.s.w.s.m.m.a.RequestMappingHandlerMapping - Mapped "{[/api/v1//icdcode/{id}],methods=[DELETE]}" onto public org.springframework.http.ResponseEntity edu.ncsu.csc.itrust2.controllers.api.APIICDCodeController.deleteCode(java.lang.Long)
03:44:42.895 [main] DEBUG o.s.w.s.m.m.a.RequestMappingHandlerMapping - 1 request handler methods found on class edu.ncsu.csc.itrust2.controllers.api.APILogEntryController: {public org.springframework.http.ResponseEntity edu.ncsu.csc.itrust2.controllers.api.APILogEntryController.getEntryByDateRange(edu.ncsu.csc.itrust2.controllers.api.comm.LogEntryRequestBody)={[/api/v1//logentries/range],methods=[POST]}}
03:44:42.895 [main] INFO  o.s.w.s.m.m.a.RequestMappingHandlerMapping - Mapped "{[/api/v1//logentries/range],methods=[POST]}" onto public org.springframework.http.ResponseEntity edu.ncsu.csc.itrust2.controllers.api.APILogEntryController.getEntryByDateRange(edu.ncsu.csc.itrust2.controllers.api.comm.LogEntryRequestBody)
03:44:42.902 [main] DEBUG o.s.w.s.m.m.a.RequestMappingHandlerMapping - 9 request handler methods found on class edu.ncsu.csc.itrust2.controllers.api.APIOfficeVisitController: {public java.util.List edu.ncsu.csc.itrust2.controllers.api.APIOfficeVisitController.getOfficeVisits()={[/api/v1//officevisits],methods=[GET]}, public java.util.List edu.ncsu.csc.itrust2.controllers.api.APIOfficeVisitController.getMyOfficeVisits()={[/api/v1//officevisits/myofficevisits],methods=[GET]}, public org.springframework.http.ResponseEntity edu.ncsu.csc.itrust2.controllers.api.APIOfficeVisitController.getOfficeVisit(java.lang.Long)={[/api/v1//officevisits/{id}],methods=[GET]}, public void edu.ncsu.csc.itrust2.controllers.api.APIOfficeVisitController.deleteOfficeVisits()={[/api/v1//officevisits],methods=[DELETE]}, public org.springframework.http.ResponseEntity edu.ncsu.csc.itrust2.controllers.api.APIOfficeVisitController.createOfficeVisit(edu.ncsu.csc.itrust2.forms.hcp.OfficeVisitForm)={[/api/v1//officevisits],methods=[POST]}, public org.springframework.http.ResponseEntity edu.ncsu.csc.itrust2.controllers.api.APIOfficeVisitController.deleteOfficeVisit(java.lang.Long)={[/api/v1//officevisits/{id}],methods=[DELETE]}, public org.springframework.http.ResponseEntity edu.ncsu.csc.itrust2.controllers.api.APIOfficeVisitController.updateOfficeVisit(java.lang.Long,edu.ncsu.csc.itrust2.forms.hcp.OfficeVisitForm)={[/api/v1//officevisits/{id}],methods=[PUT]}, public org.springframework.http.ResponseEntity edu.ncsu.csc.itrust2.controllers.api.APIOfficeVisitController.viewOfficeVisitHCP(java.lang.Long,edu.ncsu.csc.itrust2.forms.hcp.OfficeVisitForm)={[/api/v1//officevisits/hcp/view/{id}],methods=[POST]}, public org.springframework.http.ResponseEntity edu.ncsu.csc.itrust2.controllers.api.APIOfficeVisitController.viewOfficeVisitPatient(java.lang.Long,edu.ncsu.csc.itrust2.forms.hcp.OfficeVisitForm)={[/api/v1//officevisits/patient/view/{id}],methods=[POST]}}
03:44:42.902 [main] INFO  o.s.w.s.m.m.a.RequestMappingHandlerMapping - Mapped "{[/api/v1//officevisits],methods=[GET]}" onto public java.util.List<edu.ncsu.csc.itrust2.models.persistent.OfficeVisit> edu.ncsu.csc.itrust2.controllers.api.APIOfficeVisitController.getOfficeVisits()
03:44:42.903 [main] INFO  o.s.w.s.m.m.a.RequestMappingHandlerMapping - Mapped "{[/api/v1//officevisits/myofficevisits],methods=[GET]}" onto public java.util.List<edu.ncsu.csc.itrust2.models.persistent.OfficeVisit> edu.ncsu.csc.itrust2.controllers.api.APIOfficeVisitController.getMyOfficeVisits()
03:44:42.903 [main] INFO  o.s.w.s.m.m.a.RequestMappingHandlerMapping - Mapped "{[/api/v1//officevisits/{id}],methods=[GET]}" onto public org.springframework.http.ResponseEntity edu.ncsu.csc.itrust2.controllers.api.APIOfficeVisitController.getOfficeVisit(java.lang.Long)
03:44:42.904 [main] INFO  o.s.w.s.m.m.a.RequestMappingHandlerMapping - Mapped "{[/api/v1//officevisits],methods=[DELETE]}" onto public void edu.ncsu.csc.itrust2.controllers.api.APIOfficeVisitController.deleteOfficeVisits()
03:44:42.904 [main] INFO  o.s.w.s.m.m.a.RequestMappingHandlerMapping - Mapped "{[/api/v1//officevisits],methods=[POST]}" onto public org.springframework.http.ResponseEntity edu.ncsu.csc.itrust2.controllers.api.APIOfficeVisitController.createOfficeVisit(edu.ncsu.csc.itrust2.forms.hcp.OfficeVisitForm)
03:44:42.904 [main] INFO  o.s.w.s.m.m.a.RequestMappingHandlerMapping - Mapped "{[/api/v1//officevisits/{id}],methods=[DELETE]}" onto public org.springframework.http.ResponseEntity edu.ncsu.csc.itrust2.controllers.api.APIOfficeVisitController.deleteOfficeVisit(java.lang.Long)
03:44:42.905 [main] INFO  o.s.w.s.m.m.a.RequestMappingHandlerMapping - Mapped "{[/api/v1//officevisits/{id}],methods=[PUT]}" onto public org.springframework.http.ResponseEntity edu.ncsu.csc.itrust2.controllers.api.APIOfficeVisitController.updateOfficeVisit(java.lang.Long,edu.ncsu.csc.itrust2.forms.hcp.OfficeVisitForm)
03:44:42.905 [main] INFO  o.s.w.s.m.m.a.RequestMappingHandlerMapping - Mapped "{[/api/v1//officevisits/hcp/view/{id}],methods=[POST]}" onto public org.springframework.http.ResponseEntity edu.ncsu.csc.itrust2.controllers.api.APIOfficeVisitController.viewOfficeVisitHCP(java.lang.Long,edu.ncsu.csc.itrust2.forms.hcp.OfficeVisitForm)
03:44:42.905 [main] INFO  o.s.w.s.m.m.a.RequestMappingHandlerMapping - Mapped "{[/api/v1//officevisits/patient/view/{id}],methods=[POST]}" onto public org.springframework.http.ResponseEntity edu.ncsu.csc.itrust2.controllers.api.APIOfficeVisitController.viewOfficeVisitPatient(java.lang.Long,edu.ncsu.csc.itrust2.forms.hcp.OfficeVisitForm)
03:44:42.909 [main] DEBUG o.s.w.s.m.m.a.RequestMappingHandlerMapping - 3 request handler methods found on class edu.ncsu.csc.itrust2.controllers.api.APIPasswordController: {public org.springframework.http.ResponseEntity edu.ncsu.csc.itrust2.controllers.api.APIPasswordController.changePassword(edu.ncsu.csc.itrust2.forms.personnel.PasswordChangeForm)={[/api/v1//changePassword],methods=[POST]}, public org.springframework.http.ResponseEntity edu.ncsu.csc.itrust2.controllers.api.APIPasswordController.requestReset(java.lang.String)={[/api/v1//requestPasswordReset],methods=[POST]}, public org.springframework.http.ResponseEntity edu.ncsu.csc.itrust2.controllers.api.APIPasswordController.resetPassword(edu.ncsu.csc.itrust2.forms.personnel.PasswordChangeForm,long)={[/api/v1//resetPassword/{tokenId}],methods=[POST]}}
03:44:42.909 [main] INFO  o.s.w.s.m.m.a.RequestMappingHandlerMapping - Mapped "{[/api/v1//changePassword],methods=[POST]}" onto public org.springframework.http.ResponseEntity edu.ncsu.csc.itrust2.controllers.api.APIPasswordController.changePassword(edu.ncsu.csc.itrust2.forms.personnel.PasswordChangeForm)
03:44:42.910 [main] INFO  o.s.w.s.m.m.a.RequestMappingHandlerMapping - Mapped "{[/api/v1//requestPasswordReset],methods=[POST]}" onto public org.springframework.http.ResponseEntity edu.ncsu.csc.itrust2.controllers.api.APIPasswordController.requestReset(java.lang.String)
03:44:42.910 [main] INFO  o.s.w.s.m.m.a.RequestMappingHandlerMapping - Mapped "{[/api/v1//resetPassword/{tokenId}],methods=[POST]}" onto public org.springframework.http.ResponseEntity edu.ncsu.csc.itrust2.controllers.api.APIPasswordController.resetPassword(edu.ncsu.csc.itrust2.forms.personnel.PasswordChangeForm,long)
03:44:42.918 [main] DEBUG o.s.w.s.m.m.a.RequestMappingHandlerMapping - 5 request handler methods found on class edu.ncsu.csc.itrust2.controllers.api.APIPatientController: {public org.springframework.http.ResponseEntity edu.ncsu.csc.itrust2.controllers.api.APIPatientController.getPatient(java.lang.String)={[/api/v1//patients/{username}],methods=[GET]}, public org.springframework.http.ResponseEntity edu.ncsu.csc.itrust2.controllers.api.APIPatientController.getPatient()={[/api/v1//patient],methods=[GET]}, public java.util.List edu.ncsu.csc.itrust2.controllers.api.APIPatientController.getPatients()={[/api/v1//patients],methods=[GET]}, public org.springframework.http.ResponseEntity edu.ncsu.csc.itrust2.controllers.api.APIPatientController.createPatient(edu.ncsu.csc.itrust2.forms.hcp_patient.PatientForm)={[/api/v1//patients],methods=[POST]}, public org.springframework.http.ResponseEntity edu.ncsu.csc.itrust2.controllers.api.APIPatientController.updatePatient(java.lang.String,edu.ncsu.csc.itrust2.forms.hcp_patient.PatientForm)={[/api/v1//patients/{id}],methods=[PUT]}}
03:44:42.918 [main] INFO  o.s.w.s.m.m.a.RequestMappingHandlerMapping - Mapped "{[/api/v1//patients/{username}],methods=[GET]}" onto public org.springframework.http.ResponseEntity edu.ncsu.csc.itrust2.controllers.api.APIPatientController.getPatient(java.lang.String)
03:44:42.918 [main] INFO  o.s.w.s.m.m.a.RequestMappingHandlerMapping - Mapped "{[/api/v1//patient],methods=[GET]}" onto public org.springframework.http.ResponseEntity edu.ncsu.csc.itrust2.controllers.api.APIPatientController.getPatient()
03:44:42.918 [main] INFO  o.s.w.s.m.m.a.RequestMappingHandlerMapping - Mapped "{[/api/v1//patients],methods=[GET]}" onto public java.util.List<edu.ncsu.csc.itrust2.models.persistent.Patient> edu.ncsu.csc.itrust2.controllers.api.APIPatientController.getPatients()
03:44:42.919 [main] INFO  o.s.w.s.m.m.a.RequestMappingHandlerMapping - Mapped "{[/api/v1//patients],methods=[POST]}" onto public org.springframework.http.ResponseEntity edu.ncsu.csc.itrust2.controllers.api.APIPatientController.createPatient(edu.ncsu.csc.itrust2.forms.hcp_patient.PatientForm)
03:44:42.919 [main] INFO  o.s.w.s.m.m.a.RequestMappingHandlerMapping - Mapped "{[/api/v1//patients/{id}],methods=[PUT]}" onto public org.springframework.http.ResponseEntity edu.ncsu.csc.itrust2.controllers.api.APIPatientController.updatePatient(java.lang.String,edu.ncsu.csc.itrust2.forms.hcp_patient.PatientForm)
03:44:42.930 [main] DEBUG o.s.w.s.m.m.a.RequestMappingHandlerMapping - 4 request handler methods found on class edu.ncsu.csc.itrust2.controllers.api.APIPersonnelController: {public org.springframework.http.ResponseEntity edu.ncsu.csc.itrust2.controllers.api.APIPersonnelController.getPersonnel(java.lang.String)={[/api/v1//personnel/{id}],methods=[GET]}, public java.util.List edu.ncsu.csc.itrust2.controllers.api.APIPersonnelController.getPersonnel()={[/api/v1//personnel],methods=[GET]}, public org.springframework.http.ResponseEntity edu.ncsu.csc.itrust2.controllers.api.APIPersonnelController.createPersonnel(edu.ncsu.csc.itrust2.forms.personnel.PersonnelForm)={[/api/v1//personnel],methods=[POST]}, public org.springframework.http.ResponseEntity edu.ncsu.csc.itrust2.controllers.api.APIPersonnelController.updatePersonnel(java.lang.String,edu.ncsu.csc.itrust2.forms.personnel.PersonnelForm)={[/api/v1//personnel/{id}],methods=[PUT]}}
03:44:42.930 [main] INFO  o.s.w.s.m.m.a.RequestMappingHandlerMapping - Mapped "{[/api/v1//personnel/{id}],methods=[GET]}" onto public org.springframework.http.ResponseEntity edu.ncsu.csc.itrust2.controllers.api.APIPersonnelController.getPersonnel(java.lang.String)
03:44:42.930 [main] INFO  o.s.w.s.m.m.a.RequestMappingHandlerMapping - Mapped "{[/api/v1//personnel],methods=[GET]}" onto public java.util.List<edu.ncsu.csc.itrust2.models.persistent.Personnel> edu.ncsu.csc.itrust2.controllers.api.APIPersonnelController.getPersonnel()
03:44:42.930 [main] INFO  o.s.w.s.m.m.a.RequestMappingHandlerMapping - Mapped "{[/api/v1//personnel],methods=[POST]}" onto public org.springframework.http.ResponseEntity edu.ncsu.csc.itrust2.controllers.api.APIPersonnelController.createPersonnel(edu.ncsu.csc.itrust2.forms.personnel.PersonnelForm)
03:44:42.930 [main] INFO  o.s.w.s.m.m.a.RequestMappingHandlerMapping - Mapped "{[/api/v1//personnel/{id}],methods=[PUT]}" onto public org.springframework.http.ResponseEntity edu.ncsu.csc.itrust2.controllers.api.APIPersonnelController.updatePersonnel(java.lang.String,edu.ncsu.csc.itrust2.forms.personnel.PersonnelForm)
03:44:42.933 [main] DEBUG o.s.w.s.m.m.a.RequestMappingHandlerMapping - 5 request handler methods found on class edu.ncsu.csc.itrust2.controllers.api.APIPrescriptionController: {public org.springframework.http.ResponseEntity edu.ncsu.csc.itrust2.controllers.api.APIPrescriptionController.addPrescription(edu.ncsu.csc.itrust2.forms.hcp.PrescriptionForm)={[/api/v1//prescriptions],methods=[POST]}, public org.springframework.http.ResponseEntity edu.ncsu.csc.itrust2.controllers.api.APIPrescriptionController.editPrescription(edu.ncsu.csc.itrust2.forms.hcp.PrescriptionForm)={[/api/v1//prescriptions],methods=[PUT]}, public org.springframework.http.ResponseEntity edu.ncsu.csc.itrust2.controllers.api.APIPrescriptionController.deletePrescription(java.lang.Long)={[/api/v1//prescriptions/{id}],methods=[DELETE]}, public java.util.List edu.ncsu.csc.itrust2.controllers.api.APIPrescriptionController.getPrescriptions()={[/api/v1//prescriptions],methods=[GET]}, public org.springframework.http.ResponseEntity edu.ncsu.csc.itrust2.controllers.api.APIPrescriptionController.getPrescription(java.lang.Long)={[/api/v1//prescriptions/{id}],methods=[GET]}}
03:44:42.933 [main] INFO  o.s.w.s.m.m.a.RequestMappingHandlerMapping - Mapped "{[/api/v1//prescriptions],methods=[POST]}" onto public org.springframework.http.ResponseEntity edu.ncsu.csc.itrust2.controllers.api.APIPrescriptionController.addPrescription(edu.ncsu.csc.itrust2.forms.hcp.PrescriptionForm)
03:44:42.935 [main] INFO  o.s.w.s.m.m.a.RequestMappingHandlerMapping - Mapped "{[/api/v1//prescriptions],methods=[PUT]}" onto public org.springframework.http.ResponseEntity edu.ncsu.csc.itrust2.controllers.api.APIPrescriptionController.editPrescription(edu.ncsu.csc.itrust2.forms.hcp.PrescriptionForm)
03:44:42.935 [main] INFO  o.s.w.s.m.m.a.RequestMappingHandlerMapping - Mapped "{[/api/v1//prescriptions/{id}],methods=[DELETE]}" onto public org.springframework.http.ResponseEntity edu.ncsu.csc.itrust2.controllers.api.APIPrescriptionController.deletePrescription(java.lang.Long)
03:44:42.935 [main] INFO  o.s.w.s.m.m.a.RequestMappingHandlerMapping - Mapped "{[/api/v1//prescriptions],methods=[GET]}" onto public java.util.List<edu.ncsu.csc.itrust2.models.persistent.Prescription> edu.ncsu.csc.itrust2.controllers.api.APIPrescriptionController.getPrescriptions()
03:44:42.936 [main] INFO  o.s.w.s.m.m.a.RequestMappingHandlerMapping - Mapped "{[/api/v1//prescriptions/{id}],methods=[GET]}" onto public org.springframework.http.ResponseEntity edu.ncsu.csc.itrust2.controllers.api.APIPrescriptionController.getPrescription(java.lang.Long)
03:44:42.939 [main] DEBUG o.s.w.s.m.m.a.RequestMappingHandlerMapping - 5 request handler methods found on class edu.ncsu.csc.itrust2.controllers.api.APIUserController: {public org.springframework.http.ResponseEntity edu.ncsu.csc.itrust2.controllers.api.APIUserController.getUser(java.lang.String)={[/api/v1//users/{id}],methods=[GET]}, public org.springframework.http.ResponseEntity edu.ncsu.csc.itrust2.controllers.api.APIUserController.getRole()={[/api/v1//role],methods=[GET]}, public java.util.List edu.ncsu.csc.itrust2.controllers.api.APIUserController.getUsers()={[/api/v1//users],methods=[GET]}, public org.springframework.http.ResponseEntity edu.ncsu.csc.itrust2.controllers.api.APIUserController.createUser(edu.ncsu.csc.itrust2.forms.admin.UserForm)={[/api/v1//users],methods=[POST]}, public org.springframework.http.ResponseEntity edu.ncsu.csc.itrust2.controllers.api.APIUserController.updateUser(java.lang.String,edu.ncsu.csc.itrust2.forms.admin.UserForm)={[/api/v1//users/{id}],methods=[PUT]}}
03:44:42.939 [main] INFO  o.s.w.s.m.m.a.RequestMappingHandlerMapping - Mapped "{[/api/v1//users/{id}],methods=[GET]}" onto public org.springframework.http.ResponseEntity edu.ncsu.csc.itrust2.controllers.api.APIUserController.getUser(java.lang.String)
03:44:42.939 [main] INFO  o.s.w.s.m.m.a.RequestMappingHandlerMapping - Mapped "{[/api/v1//role],methods=[GET]}" onto public org.springframework.http.ResponseEntity edu.ncsu.csc.itrust2.controllers.api.APIUserController.getRole()
03:44:42.940 [main] INFO  o.s.w.s.m.m.a.RequestMappingHandlerMapping - Mapped "{[/api/v1//users],methods=[GET]}" onto public java.util.List<edu.ncsu.csc.itrust2.models.persistent.User> edu.ncsu.csc.itrust2.controllers.api.APIUserController.getUsers()
03:44:42.940 [main] INFO  o.s.w.s.m.m.a.RequestMappingHandlerMapping - Mapped "{[/api/v1//users],methods=[POST]}" onto public org.springframework.http.ResponseEntity edu.ncsu.csc.itrust2.controllers.api.APIUserController.createUser(edu.ncsu.csc.itrust2.forms.admin.UserForm)
03:44:42.940 [main] INFO  o.s.w.s.m.m.a.RequestMappingHandlerMapping - Mapped "{[/api/v1//users/{id}],methods=[PUT]}" onto public org.springframework.http.ResponseEntity edu.ncsu.csc.itrust2.controllers.api.APIUserController.updateUser(java.lang.String,edu.ncsu.csc.itrust2.forms.admin.UserForm)
03:44:42.942 [main] DEBUG o.s.w.s.m.m.a.RequestMappingHandlerMapping - 3 request handler methods found on class edu.ncsu.csc.itrust2.controllers.hcp.AppointmentControllerHCP: {public java.lang.String edu.ncsu.csc.itrust2.controllers.hcp.AppointmentControllerHCP.requestAppointmentForm(org.springframework.ui.Model)={[/hcp/viewAppointmentRequests],methods=[GET]}, public java.lang.String edu.ncsu.csc.itrust2.controllers.hcp.AppointmentControllerHCP.appointmentActionSubmit(edu.ncsu.csc.itrust2.forms.patient.AppointmentForm)={[/hcp/viewAppointmentRequests],methods=[POST]}, public java.lang.String edu.ncsu.csc.itrust2.controllers.hcp.AppointmentControllerHCP.upcomingAppointments(org.springframework.ui.Model)={[/hcp/viewAppointments],methods=[GET]}}
03:44:42.942 [main] INFO  o.s.w.s.m.m.a.RequestMappingHandlerMapping - Mapped "{[/hcp/viewAppointmentRequests],methods=[GET]}" onto public java.lang.String edu.ncsu.csc.itrust2.controllers.hcp.AppointmentControllerHCP.requestAppointmentForm(org.springframework.ui.Model)
03:44:42.943 [main] INFO  o.s.w.s.m.m.a.RequestMappingHandlerMapping - Mapped "{[/hcp/viewAppointmentRequests],methods=[POST]}" onto public java.lang.String edu.ncsu.csc.itrust2.controllers.hcp.AppointmentControllerHCP.appointmentActionSubmit(edu.ncsu.csc.itrust2.forms.patient.AppointmentForm)
03:44:42.943 [main] INFO  o.s.w.s.m.m.a.RequestMappingHandlerMapping - Mapped "{[/hcp/viewAppointments],methods=[GET]}" onto public java.lang.String edu.ncsu.csc.itrust2.controllers.hcp.AppointmentControllerHCP.upcomingAppointments(org.springframework.ui.Model)
03:44:42.944 [main] DEBUG o.s.w.s.m.m.a.RequestMappingHandlerMapping - 3 request handler methods found on class edu.ncsu.csc.itrust2.controllers.hcp.HCPController: {public java.lang.String edu.ncsu.csc.itrust2.controllers.hcp.HCPController.editPatientDemographics()={[/hcp/editPatientDemographics],methods=[GET]}, public java.lang.String edu.ncsu.csc.itrust2.controllers.hcp.HCPController.editPrescriptions()={[/hcp/editPrescriptions],methods=[GET]}, public java.lang.String edu.ncsu.csc.itrust2.controllers.hcp.HCPController.index(org.springframework.ui.Model)={[/hcp/index]}}
03:44:42.944 [main] INFO  o.s.w.s.m.m.a.RequestMappingHandlerMapping - Mapped "{[/hcp/editPatientDemographics],methods=[GET]}" onto public java.lang.String edu.ncsu.csc.itrust2.controllers.hcp.HCPController.editPatientDemographics()
03:44:42.945 [main] INFO  o.s.w.s.m.m.a.RequestMappingHandlerMapping - Mapped "{[/hcp/editPrescriptions],methods=[GET]}" onto public java.lang.String edu.ncsu.csc.itrust2.controllers.hcp.HCPController.editPrescriptions()
03:44:42.945 [main] INFO  o.s.w.s.m.m.a.RequestMappingHandlerMapping - Mapped "{[/hcp/index]}" onto public java.lang.String edu.ncsu.csc.itrust2.controllers.hcp.HCPController.index(org.springframework.ui.Model)
03:44:42.951 [main] DEBUG o.s.w.s.m.m.a.RequestMappingHandlerMapping - 3 request handler methods found on class edu.ncsu.csc.itrust2.controllers.hcp.OfficeVisitController: {public java.lang.String edu.ncsu.csc.itrust2.controllers.hcp.OfficeVisitController.documentOfficeVisit(org.springframework.ui.Model)={[/hcp/documentOfficeVisit],methods=[GET]}, public java.lang.String edu.ncsu.csc.itrust2.controllers.hcp.OfficeVisitController.documentVisitSubmit(edu.ncsu.csc.itrust2.forms.hcp.OfficeVisitForm,org.springframework.validation.BindingResult,org.springframework.ui.Model)={[/hcp/documentOfficeVisit],methods=[POST]}, public java.lang.String edu.ncsu.csc.itrust2.controllers.hcp.OfficeVisitController.getAllOfficeVisits(org.springframework.ui.Model)={[/hcp/editOfficeVisit],methods=[GET]}}
03:44:42.951 [main] INFO  o.s.w.s.m.m.a.RequestMappingHandlerMapping - Mapped "{[/hcp/documentOfficeVisit],methods=[GET]}" onto public java.lang.String edu.ncsu.csc.itrust2.controllers.hcp.OfficeVisitController.documentOfficeVisit(org.springframework.ui.Model)
03:44:42.951 [main] INFO  o.s.w.s.m.m.a.RequestMappingHandlerMapping - Mapped "{[/hcp/documentOfficeVisit],methods=[POST]}" onto public java.lang.String edu.ncsu.csc.itrust2.controllers.hcp.OfficeVisitController.documentVisitSubmit(edu.ncsu.csc.itrust2.forms.hcp.OfficeVisitForm,org.springframework.validation.BindingResult,org.springframework.ui.Model)
03:44:42.951 [main] INFO  o.s.w.s.m.m.a.RequestMappingHandlerMapping - Mapped "{[/hcp/editOfficeVisit],methods=[GET]}" onto public java.lang.String edu.ncsu.csc.itrust2.controllers.hcp.OfficeVisitController.getAllOfficeVisits(org.springframework.ui.Model)
03:44:42.954 [main] DEBUG o.s.w.s.m.m.a.RequestMappingHandlerMapping - 4 request handler methods found on class edu.ncsu.csc.itrust2.controllers.patient.AppointmentController: {public java.lang.String edu.ncsu.csc.itrust2.controllers.patient.AppointmentController.requestAppointmentForm(org.springframework.ui.Model)={[/patient/requestAppointment],methods=[GET]}, public java.lang.String edu.ncsu.csc.itrust2.controllers.patient.AppointmentController.inventorySubmit(edu.ncsu.csc.itrust2.forms.patient.AppointmentRequestForm,org.springframework.validation.BindingResult,org.springframework.ui.Model)={[/patient/requestAppointment],methods=[POST]}, public java.lang.String edu.ncsu.csc.itrust2.controllers.patient.AppointmentController.viewAppointmentRequests(org.springframework.ui.Model)={[/patient/viewAppointmentRequests],methods=[GET]}, public java.lang.String edu.ncsu.csc.itrust2.controllers.patient.AppointmentController.viewRequestsSubmit(edu.ncsu.csc.itrust2.forms.patient.AppointmentForm)={[/patient/viewAppointmentRequests],methods=[POST]}}
03:44:42.954 [main] INFO  o.s.w.s.m.m.a.RequestMappingHandlerMapping - Mapped "{[/patient/requestAppointment],methods=[GET]}" onto public java.lang.String edu.ncsu.csc.itrust2.controllers.patient.AppointmentController.requestAppointmentForm(org.springframework.ui.Model)
03:44:42.954 [main] INFO  o.s.w.s.m.m.a.RequestMappingHandlerMapping - Mapped "{[/patient/requestAppointment],methods=[POST]}" onto public java.lang.String edu.ncsu.csc.itrust2.controllers.patient.AppointmentController.inventorySubmit(edu.ncsu.csc.itrust2.forms.patient.AppointmentRequestForm,org.springframework.validation.BindingResult,org.springframework.ui.Model)
03:44:42.955 [main] INFO  o.s.w.s.m.m.a.RequestMappingHandlerMapping - Mapped "{[/patient/viewAppointmentRequests],methods=[GET]}" onto public java.lang.String edu.ncsu.csc.itrust2.controllers.patient.AppointmentController.viewAppointmentRequests(org.springframework.ui.Model)
03:44:42.956 [main] INFO  o.s.w.s.m.m.a.RequestMappingHandlerMapping - Mapped "{[/patient/viewAppointmentRequests],methods=[POST]}" onto public java.lang.String edu.ncsu.csc.itrust2.controllers.patient.AppointmentController.viewRequestsSubmit(edu.ncsu.csc.itrust2.forms.patient.AppointmentForm)
03:44:42.957 [main] DEBUG o.s.w.s.m.m.a.RequestMappingHandlerMapping - 1 request handler methods found on class edu.ncsu.csc.itrust2.controllers.patient.DiagnosesController: {public java.lang.String edu.ncsu.csc.itrust2.controllers.patient.DiagnosesController.viewDiagnoses(org.springframework.ui.Model)={[/patient/viewDiagnoses],methods=[GET]}}
03:44:42.958 [main] INFO  o.s.w.s.m.m.a.RequestMappingHandlerMapping - Mapped "{[/patient/viewDiagnoses],methods=[GET]}" onto public java.lang.String edu.ncsu.csc.itrust2.controllers.patient.DiagnosesController.viewDiagnoses(org.springframework.ui.Model)
03:44:42.962 [main] DEBUG o.s.w.s.m.m.a.RequestMappingHandlerMapping - 5 request handler methods found on class edu.ncsu.csc.itrust2.controllers.patient.PatientController: {public java.lang.String edu.ncsu.csc.itrust2.controllers.patient.PatientController.viewOfficeVisits(org.springframework.ui.Model)={[/patient/viewOfficeVisits],methods=[GET]}, public java.lang.String edu.ncsu.csc.itrust2.controllers.patient.PatientController.viewPrescriptions(org.springframework.ui.Model)={[/patient/viewPrescriptions],methods=[GET]}, public java.lang.String edu.ncsu.csc.itrust2.controllers.patient.PatientController.viewDemographics(org.springframework.ui.Model)={[/patient/editDemographics],methods=[GET]}, public java.lang.String edu.ncsu.csc.itrust2.controllers.patient.PatientController.demographicsSubmit(edu.ncsu.csc.itrust2.forms.hcp_patient.PatientForm,org.springframework.validation.BindingResult,org.springframework.ui.Model)={[/patient/editDemographics],methods=[POST]}, public java.lang.String edu.ncsu.csc.itrust2.controllers.patient.PatientController.index(org.springframework.ui.Model)={[/patient/index]}}
03:44:42.962 [main] INFO  o.s.w.s.m.m.a.RequestMappingHandlerMapping - Mapped "{[/patient/viewOfficeVisits],methods=[GET]}" onto public java.lang.String edu.ncsu.csc.itrust2.controllers.patient.PatientController.viewOfficeVisits(org.springframework.ui.Model)
03:44:42.963 [main] INFO  o.s.w.s.m.m.a.RequestMappingHandlerMapping - Mapped "{[/patient/viewPrescriptions],methods=[GET]}" onto public java.lang.String edu.ncsu.csc.itrust2.controllers.patient.PatientController.viewPrescriptions(org.springframework.ui.Model)
03:44:42.963 [main] INFO  o.s.w.s.m.m.a.RequestMappingHandlerMapping - Mapped "{[/patient/editDemographics],methods=[GET]}" onto public java.lang.String edu.ncsu.csc.itrust2.controllers.patient.PatientController.viewDemographics(org.springframework.ui.Model)
03:44:42.963 [main] INFO  o.s.w.s.m.m.a.RequestMappingHandlerMapping - Mapped "{[/patient/editDemographics],methods=[POST]}" onto public java.lang.String edu.ncsu.csc.itrust2.controllers.patient.PatientController.demographicsSubmit(edu.ncsu.csc.itrust2.forms.hcp_patient.PatientForm,org.springframework.validation.BindingResult,org.springframework.ui.Model)
03:44:42.963 [main] INFO  o.s.w.s.m.m.a.RequestMappingHandlerMapping - Mapped "{[/patient/index]}" onto public java.lang.String edu.ncsu.csc.itrust2.controllers.patient.PatientController.index(org.springframework.ui.Model)
03:44:42.965 [main] DEBUG o.s.w.s.m.m.a.RequestMappingHandlerMapping - 3 request handler methods found on class edu.ncsu.csc.itrust2.controllers.personnel.PasswordController: {public java.lang.String edu.ncsu.csc.itrust2.controllers.personnel.PasswordController.changePassword(org.springframework.ui.Model)={[/changePassword],methods=[GET]}, public java.lang.String edu.ncsu.csc.itrust2.controllers.personnel.PasswordController.requestReset(org.springframework.ui.Model)={[/requestPasswordReset],methods=[GET]}, public java.lang.String edu.ncsu.csc.itrust2.controllers.personnel.PasswordController.resetPassword(org.springframework.ui.Model,long)={[/resetPassword],methods=[GET]}}
03:44:42.967 [main] INFO  o.s.w.s.m.m.a.RequestMappingHandlerMapping - Mapped "{[/changePassword],methods=[GET]}" onto public java.lang.String edu.ncsu.csc.itrust2.controllers.personnel.PasswordController.changePassword(org.springframework.ui.Model)
03:44:42.968 [main] INFO  o.s.w.s.m.m.a.RequestMappingHandlerMapping - Mapped "{[/requestPasswordReset],methods=[GET]}" onto public java.lang.String edu.ncsu.csc.itrust2.controllers.personnel.PasswordController.requestReset(org.springframework.ui.Model)
03:44:42.968 [main] INFO  o.s.w.s.m.m.a.RequestMappingHandlerMapping - Mapped "{[/resetPassword],methods=[GET]}" onto public java.lang.String edu.ncsu.csc.itrust2.controllers.personnel.PasswordController.resetPassword(org.springframework.ui.Model,long)
03:44:42.970 [main] DEBUG o.s.w.s.m.m.a.RequestMappingHandlerMapping - 2 request handler methods found on class edu.ncsu.csc.itrust2.controllers.personnel.UserController: {public java.lang.String edu.ncsu.csc.itrust2.controllers.personnel.UserController.viewDemographics(org.springframework.ui.Model)={[/personnel/editDemographics],methods=[GET]}, public java.lang.String edu.ncsu.csc.itrust2.controllers.personnel.UserController.demographicsSubmit(edu.ncsu.csc.itrust2.forms.personnel.PersonnelForm,org.springframework.validation.BindingResult,org.springframework.ui.Model)={[/personnel/editDemographics],methods=[POST]}}
03:44:42.970 [main] INFO  o.s.w.s.m.m.a.RequestMappingHandlerMapping - Mapped "{[/personnel/editDemographics],methods=[GET]}" onto public java.lang.String edu.ncsu.csc.itrust2.controllers.personnel.UserController.viewDemographics(org.springframework.ui.Model)
03:44:42.970 [main] INFO  o.s.w.s.m.m.a.RequestMappingHandlerMapping - Mapped "{[/personnel/editDemographics],methods=[POST]}" onto public java.lang.String edu.ncsu.csc.itrust2.controllers.personnel.UserController.demographicsSubmit(edu.ncsu.csc.itrust2.forms.personnel.PersonnelForm,org.springframework.validation.BindingResult,org.springframework.ui.Model)
03:44:42.973 [main] DEBUG o.s.b.f.s.DefaultListableBeanFactory - Returning cached instance of singleton bean 'metaDataSourceAdvisor'
03:44:43.010 [main] DEBUG o.s.b.f.s.DefaultListableBeanFactory - Finished creating instance of bean 'requestMappingHandlerMapping'
03:44:43.010 [main] DEBUG o.s.b.f.s.DefaultListableBeanFactory - Creating shared instance of singleton bean 'mvcPathMatcher'
03:44:43.010 [main] DEBUG o.s.b.f.s.DefaultListableBeanFactory - Creating instance of bean 'mvcPathMatcher'
03:44:43.011 [main] DEBUG o.s.b.f.s.DefaultListableBeanFactory - Returning cached instance of singleton bean 'org.springframework.web.servlet.config.annotation.DelegatingWebMvcConfiguration'
03:44:43.012 [main] DEBUG o.s.b.f.s.DefaultListableBeanFactory - Eagerly caching bean 'mvcPathMatcher' to allow for resolving potential circular references
03:44:43.018 [main] DEBUG o.s.b.f.s.DefaultListableBeanFactory - Returning cached instance of singleton bean 'metaDataSourceAdvisor'
03:44:43.019 [main] DEBUG o.s.b.f.s.DefaultListableBeanFactory - Finished creating instance of bean 'mvcPathMatcher'
03:44:43.020 [main] DEBUG o.s.b.f.s.DefaultListableBeanFactory - Creating shared instance of singleton bean 'mvcUrlPathHelper'
03:44:43.020 [main] DEBUG o.s.b.f.s.DefaultListableBeanFactory - Creating instance of bean 'mvcUrlPathHelper'
03:44:43.021 [main] DEBUG o.s.b.f.s.DefaultListableBeanFactory - Returning cached instance of singleton bean 'org.springframework.web.servlet.config.annotation.DelegatingWebMvcConfiguration'
03:44:43.022 [main] DEBUG o.s.b.f.s.DefaultListableBeanFactory - Eagerly caching bean 'mvcUrlPathHelper' to allow for resolving potential circular references
03:44:43.045 [main] DEBUG o.s.b.f.s.DefaultListableBeanFactory - Returning cached instance of singleton bean 'metaDataSourceAdvisor'
03:44:43.047 [main] DEBUG o.s.b.f.s.DefaultListableBeanFactory - Finished creating instance of bean 'mvcUrlPathHelper'
03:44:43.047 [main] DEBUG o.s.b.f.s.DefaultListableBeanFactory - Returning cached instance of singleton bean 'mvcContentNegotiationManager'
03:44:43.050 [main] DEBUG o.s.b.f.s.DefaultListableBeanFactory - Creating shared instance of singleton bean 'viewControllerHandlerMapping'
03:44:43.050 [main] DEBUG o.s.b.f.s.DefaultListableBeanFactory - Creating instance of bean 'viewControllerHandlerMapping'
03:44:43.050 [main] DEBUG o.s.b.f.s.DefaultListableBeanFactory - Returning cached instance of singleton bean 'org.springframework.web.servlet.config.annotation.DelegatingWebMvcConfiguration'
03:44:43.057 [main] DEBUG o.s.b.f.s.DefaultListableBeanFactory - Returning cached instance of singleton bean 'mvcPathMatcher'
03:44:43.060 [main] DEBUG o.s.b.f.s.DefaultListableBeanFactory - Returning cached instance of singleton bean 'mvcUrlPathHelper'
03:44:43.060 [main] DEBUG o.s.b.f.s.DefaultListableBeanFactory - Eagerly caching bean 'viewControllerHandlerMapping' to allow for resolving potential circular references
03:44:43.074 [main] INFO  o.s.w.s.h.SimpleUrlHandlerMapping - Mapped URL path [/login] onto handler of type [class org.springframework.web.servlet.mvc.ParameterizableViewController]
03:44:43.075 [main] DEBUG o.s.b.f.s.DefaultListableBeanFactory - Returning cached instance of singleton bean 'metaDataSourceAdvisor'
03:44:43.082 [main] DEBUG o.s.b.f.s.DefaultListableBeanFactory - Finished creating instance of bean 'viewControllerHandlerMapping'
03:44:43.083 [main] DEBUG o.s.b.f.s.DefaultListableBeanFactory - Creating shared instance of singleton bean 'beanNameHandlerMapping'
03:44:43.083 [main] DEBUG o.s.b.f.s.DefaultListableBeanFactory - Creating instance of bean 'beanNameHandlerMapping'
03:44:43.084 [main] DEBUG o.s.b.f.s.DefaultListableBeanFactory - Returning cached instance of singleton bean 'org.springframework.web.servlet.config.annotation.DelegatingWebMvcConfiguration'
03:44:43.086 [main] DEBUG o.s.b.f.s.DefaultListableBeanFactory - Eagerly caching bean 'beanNameHandlerMapping' to allow for resolving potential circular references
03:44:43.096 [main] DEBUG o.s.w.s.h.BeanNameUrlHandlerMapping - Looking for URL mappings in application context: org.springframework.web.context.support.GenericWebApplicationContext@a098d76: startup date [Wed Mar 21 03:44:38 UTC 2018]; root of context hierarchy
03:44:43.096 [main] DEBUG o.s.w.s.h.BeanNameUrlHandlerMapping - Rejected bean name 'org.springframework.context.annotation.internalConfigurationAnnotationProcessor': no URL paths identified
03:44:43.096 [main] DEBUG o.s.w.s.h.BeanNameUrlHandlerMapping - Rejected bean name 'org.springframework.context.annotation.internalAutowiredAnnotationProcessor': no URL paths identified
03:44:43.096 [main] DEBUG o.s.w.s.h.BeanNameUrlHandlerMapping - Rejected bean name 'org.springframework.context.annotation.internalRequiredAnnotationProcessor': no URL paths identified
03:44:43.096 [main] DEBUG o.s.w.s.h.BeanNameUrlHandlerMapping - Rejected bean name 'org.springframework.context.annotation.internalCommonAnnotationProcessor': no URL paths identified
03:44:43.096 [main] DEBUG o.s.w.s.h.BeanNameUrlHandlerMapping - Rejected bean name 'org.springframework.context.annotation.internalPersistenceAnnotationProcessor': no URL paths identified
03:44:43.096 [main] DEBUG o.s.w.s.h.BeanNameUrlHandlerMapping - Rejected bean name 'org.springframework.context.event.internalEventListenerProcessor': no URL paths identified
03:44:43.096 [main] DEBUG o.s.w.s.h.BeanNameUrlHandlerMapping - Rejected bean name 'org.springframework.context.event.internalEventListenerFactory': no URL paths identified
03:44:43.096 [main] DEBUG o.s.w.s.h.BeanNameUrlHandlerMapping - Rejected bean name 'rootConfiguration': no URL paths identified
03:44:43.097 [main] DEBUG o.s.w.s.h.BeanNameUrlHandlerMapping - Rejected bean name 'webMvcConfiguration': no URL paths identified
03:44:43.097 [main] DEBUG o.s.w.s.h.BeanNameUrlHandlerMapping - Rejected bean name 'dataConfiguration': no URL paths identified
03:44:43.097 [main] DEBUG o.s.w.s.h.BeanNameUrlHandlerMapping - Rejected bean name 'loginAuditingListener': no URL paths identified
03:44:43.097 [main] DEBUG o.s.w.s.h.BeanNameUrlHandlerMapping - Rejected bean name 'securityConfig': no URL paths identified
03:44:43.097 [main] DEBUG o.s.w.s.h.BeanNameUrlHandlerMapping - Rejected bean name 'defaultController': no URL paths identified
03:44:43.097 [main] DEBUG o.s.w.s.h.BeanNameUrlHandlerMapping - Rejected bean name 'adminController': no URL paths identified
03:44:43.097 [main] DEBUG o.s.w.s.h.BeanNameUrlHandlerMapping - Rejected bean name 'adminUserController': no URL paths identified
03:44:43.097 [main] DEBUG o.s.w.s.h.BeanNameUrlHandlerMapping - Rejected bean name 'hospitalController': no URL paths identified
03:44:43.097 [main] DEBUG o.s.w.s.h.BeanNameUrlHandlerMapping - Rejected bean name 'ICDCodesController': no URL paths identified
03:44:43.097 [main] DEBUG o.s.w.s.h.BeanNameUrlHandlerMapping - Rejected bean name 'APIAppointmentRequestController': no URL paths identified
03:44:43.097 [main] DEBUG o.s.w.s.h.BeanNameUrlHandlerMapping - Rejected bean name 'APIDiagnosisController': no URL paths identified
03:44:43.097 [main] DEBUG o.s.w.s.h.BeanNameUrlHandlerMapping - Rejected bean name 'APIDrugController': no URL paths identified
03:44:43.097 [main] DEBUG o.s.w.s.h.BeanNameUrlHandlerMapping - Rejected bean name 'APIEnumController': no URL paths identified
03:44:43.097 [main] DEBUG o.s.w.s.h.BeanNameUrlHandlerMapping - Rejected bean name 'APIHospitalController': no URL paths identified
03:44:43.097 [main] DEBUG o.s.w.s.h.BeanNameUrlHandlerMapping - Rejected bean name 'APIICDCodeController': no URL paths identified
03:44:43.098 [main] DEBUG o.s.w.s.h.BeanNameUrlHandlerMapping - Rejected bean name 'APILogEntryController': no URL paths identified
03:44:43.098 [main] DEBUG o.s.w.s.h.BeanNameUrlHandlerMapping - Rejected bean name 'APIOfficeVisitController': no URL paths identified
03:44:43.098 [main] DEBUG o.s.w.s.h.BeanNameUrlHandlerMapping - Rejected bean name 'APIPasswordController': no URL paths identified
03:44:43.098 [main] DEBUG o.s.w.s.h.BeanNameUrlHandlerMapping - Rejected bean name 'APIPatientController': no URL paths identified
03:44:43.098 [main] DEBUG o.s.w.s.h.BeanNameUrlHandlerMapping - Rejected bean name 'APIPersonnelController': no URL paths identified
03:44:43.098 [main] DEBUG o.s.w.s.h.BeanNameUrlHandlerMapping - Rejected bean name 'APIPrescriptionController': no URL paths identified
03:44:43.098 [main] DEBUG o.s.w.s.h.BeanNameUrlHandlerMapping - Rejected bean name 'APIUserController': no URL paths identified
03:44:43.098 [main] DEBUG o.s.w.s.h.BeanNameUrlHandlerMapping - Rejected bean name 'appointmentControllerHCP': no URL paths identified
03:44:43.098 [main] DEBUG o.s.w.s.h.BeanNameUrlHandlerMapping - Rejected bean name 'HCPController': no URL paths identified
03:44:43.098 [main] DEBUG o.s.w.s.h.BeanNameUrlHandlerMapping - Rejected bean name 'officeVisitController': no URL paths identified
03:44:43.098 [main] DEBUG o.s.w.s.h.BeanNameUrlHandlerMapping - Rejected bean name 'appointmentController': no URL paths identified
03:44:43.098 [main] DEBUG o.s.w.s.h.BeanNameUrlHandlerMapping - Rejected bean name 'diagnosesController': no URL paths identified
03:44:43.098 [main] DEBUG o.s.w.s.h.BeanNameUrlHandlerMapping - Rejected bean name 'patientController': no URL paths identified
03:44:43.098 [main] DEBUG o.s.w.s.h.BeanNameUrlHandlerMapping - Rejected bean name 'passwordController': no URL paths identified
03:44:43.099 [main] DEBUG o.s.w.s.h.BeanNameUrlHandlerMapping - Rejected bean name 'userController': no URL paths identified
03:44:43.099 [main] DEBUG o.s.w.s.h.BeanNameUrlHandlerMapping - Rejected bean name 'dataSource': no URL paths identified
03:44:43.099 [main] DEBUG o.s.w.s.h.BeanNameUrlHandlerMapping - Rejected bean name 'org.springframework.security.config.annotation.configuration.ObjectPostProcessorConfiguration': no URL paths identified
03:44:43.099 [main] DEBUG o.s.w.s.h.BeanNameUrlHandlerMapping - Rejected bean name 'objectPostProcessor': no URL paths identified
03:44:43.099 [main] DEBUG o.s.w.s.h.BeanNameUrlHandlerMapping - Rejected bean name 'org.springframework.security.config.annotation.authentication.configuration.AuthenticationConfiguration': no URL paths identified
03:44:43.099 [main] DEBUG o.s.w.s.h.BeanNameUrlHandlerMapping - Rejected bean name 'authenticationManagerBuilder': no URL paths identified
03:44:43.099 [main] DEBUG o.s.w.s.h.BeanNameUrlHandlerMapping - Rejected bean name 'enableGlobalAuthenticationAutowiredConfigurer': no URL paths identified
03:44:43.099 [main] DEBUG o.s.w.s.h.BeanNameUrlHandlerMapping - Rejected bean name 'initializeUserDetailsBeanManagerConfigurer': no URL paths identified
03:44:43.099 [main] DEBUG o.s.w.s.h.BeanNameUrlHandlerMapping - Rejected bean name 'initializeAuthenticationProviderBeanManagerConfigurer': no URL paths identified
03:44:43.099 [main] DEBUG o.s.w.s.h.BeanNameUrlHandlerMapping - Rejected bean name 'org.springframework.security.config.annotation.web.configuration.WebSecurityConfiguration': no URL paths identified
03:44:43.099 [main] DEBUG o.s.w.s.h.BeanNameUrlHandlerMapping - Rejected bean name 'delegatingApplicationListener': no URL paths identified
03:44:43.099 [main] DEBUG o.s.w.s.h.BeanNameUrlHandlerMapping - Rejected bean name 'webSecurityExpressionHandler': no URL paths identified
03:44:43.099 [main] DEBUG o.s.w.s.h.BeanNameUrlHandlerMapping - Rejected bean name 'springSecurityFilterChain': no URL paths identified
03:44:43.099 [main] DEBUG o.s.w.s.h.BeanNameUrlHandlerMapping - Rejected bean name 'privilegeEvaluator': no URL paths identified
03:44:43.099 [main] DEBUG o.s.w.s.h.BeanNameUrlHandlerMapping - Rejected bean name 'autowiredWebSecurityConfigurersIgnoreParents': no URL paths identified
03:44:43.099 [main] DEBUG o.s.w.s.h.BeanNameUrlHandlerMapping - Rejected bean name 'org.springframework.security.config.annotation.web.configuration.WebMvcSecurityConfiguration': no URL paths identified
03:44:43.100 [main] DEBUG o.s.w.s.h.BeanNameUrlHandlerMapping - Rejected bean name 'requestDataValueProcessor': no URL paths identified
03:44:43.100 [main] DEBUG o.s.w.s.h.BeanNameUrlHandlerMapping - Rejected bean name 'passwordEncoder': no URL paths identified
03:44:43.100 [main] DEBUG o.s.w.s.h.BeanNameUrlHandlerMapping - Rejected bean name 'defaultAuthenticationEventPublisher': no URL paths identified
03:44:43.100 [main] DEBUG o.s.w.s.h.BeanNameUrlHandlerMapping - Rejected bean name 'failureHandler': no URL paths identified
03:44:43.100 [main] DEBUG o.s.w.s.h.BeanNameUrlHandlerMapping - Rejected bean name 'ipBlockFilter': no URL paths identified
03:44:43.100 [main] DEBUG o.s.w.s.h.BeanNameUrlHandlerMapping - Rejected bean name 'org.springframework.web.servlet.config.annotation.DelegatingWebMvcConfiguration': no URL paths identified
03:44:43.100 [main] DEBUG o.s.w.s.h.BeanNameUrlHandlerMapping - Rejected bean name 'mvcConversionService': no URL paths identified
03:44:43.100 [main] DEBUG o.s.w.s.h.BeanNameUrlHandlerMapping - Rejected bean name 'requestMappingHandlerMapping': no URL paths identified
03:44:43.100 [main] DEBUG o.s.w.s.h.BeanNameUrlHandlerMapping - Rejected bean name 'mvcPathMatcher': no URL paths identified
03:44:43.100 [main] DEBUG o.s.w.s.h.BeanNameUrlHandlerMapping - Rejected bean name 'mvcUrlPathHelper': no URL paths identified
03:44:43.100 [main] DEBUG o.s.w.s.h.BeanNameUrlHandlerMapping - Rejected bean name 'mvcContentNegotiationManager': no URL paths identified
03:44:43.100 [main] DEBUG o.s.w.s.h.BeanNameUrlHandlerMapping - Rejected bean name 'viewControllerHandlerMapping': no URL paths identified
03:44:43.100 [main] DEBUG o.s.w.s.h.BeanNameUrlHandlerMapping - Rejected bean name 'beanNameHandlerMapping': no URL paths identified
03:44:43.100 [main] DEBUG o.s.w.s.h.BeanNameUrlHandlerMapping - Rejected bean name 'resourceHandlerMapping': no URL paths identified
03:44:43.100 [main] DEBUG o.s.w.s.h.BeanNameUrlHandlerMapping - Rejected bean name 'mvcResourceUrlProvider': no URL paths identified
03:44:43.100 [main] DEBUG o.s.w.s.h.BeanNameUrlHandlerMapping - Rejected bean name 'defaultServletHandlerMapping': no URL paths identified
03:44:43.100 [main] DEBUG o.s.w.s.h.BeanNameUrlHandlerMapping - Rejected bean name 'requestMappingHandlerAdapter': no URL paths identified
03:44:43.100 [main] DEBUG o.s.w.s.h.BeanNameUrlHandlerMapping - Rejected bean name 'mvcValidator': no URL paths identified
03:44:43.100 [main] DEBUG o.s.w.s.h.BeanNameUrlHandlerMapping - Rejected bean name 'mvcUriComponentsContributor': no URL paths identified
03:44:43.100 [main] DEBUG o.s.w.s.h.BeanNameUrlHandlerMapping - Rejected bean name 'httpRequestHandlerAdapter': no URL paths identified
03:44:43.101 [main] DEBUG o.s.w.s.h.BeanNameUrlHandlerMapping - Rejected bean name 'simpleControllerHandlerAdapter': no URL paths identified
03:44:43.101 [main] DEBUG o.s.w.s.h.BeanNameUrlHandlerMapping - Rejected bean name 'handlerExceptionResolver': no URL paths identified
03:44:43.101 [main] DEBUG o.s.w.s.h.BeanNameUrlHandlerMapping - Rejected bean name 'mvcViewResolver': no URL paths identified
03:44:43.101 [main] DEBUG o.s.w.s.h.BeanNameUrlHandlerMapping - Rejected bean name 'org.springframework.security.config.annotation.method.configuration.GlobalMethodSecurityConfiguration': no URL paths identified
03:44:43.101 [main] DEBUG o.s.w.s.h.BeanNameUrlHandlerMapping - Rejected bean name 'methodSecurityInterceptor': no URL paths identified
03:44:43.101 [main] DEBUG o.s.w.s.h.BeanNameUrlHandlerMapping - Rejected bean name 'methodSecurityMetadataSource': no URL paths identified
03:44:43.101 [main] DEBUG o.s.w.s.h.BeanNameUrlHandlerMapping - Rejected bean name 'preInvocationAuthorizationAdvice': no URL paths identified
03:44:43.102 [main] DEBUG o.s.w.s.h.BeanNameUrlHandlerMapping - Rejected bean name 'viewResolver': no URL paths identified
03:44:43.102 [main] DEBUG o.s.w.s.h.BeanNameUrlHandlerMapping - Rejected bean name 'templateEngine': no URL paths identified
03:44:43.103 [main] DEBUG o.s.w.s.h.BeanNameUrlHandlerMapping - Rejected bean name 'domainClassConverter': no URL paths identified
03:44:43.103 [main] DEBUG o.s.w.s.h.BeanNameUrlHandlerMapping - Rejected bean name 'metaDataSourceAdvisor': no URL paths identified
03:44:43.103 [main] DEBUG o.s.w.s.h.BeanNameUrlHandlerMapping - Rejected bean name 'org.springframework.aop.config.internalAutoProxyCreator': no URL paths identified
03:44:43.103 [main] DEBUG o.s.w.s.h.BeanNameUrlHandlerMapping - Rejected bean name 'environment': no URL paths identified
03:44:43.103 [main] DEBUG o.s.w.s.h.BeanNameUrlHandlerMapping - Rejected bean name 'systemProperties': no URL paths identified
03:44:43.103 [main] DEBUG o.s.w.s.h.BeanNameUrlHandlerMapping - Rejected bean name 'systemEnvironment': no URL paths identified
03:44:43.103 [main] DEBUG o.s.w.s.h.BeanNameUrlHandlerMapping - Rejected bean name 'servletContext': no URL paths identified
03:44:43.103 [main] DEBUG o.s.w.s.h.BeanNameUrlHandlerMapping - Rejected bean name 'contextParameters': no URL paths identified
03:44:43.103 [main] DEBUG o.s.w.s.h.BeanNameUrlHandlerMapping - Rejected bean name 'contextAttributes': no URL paths identified
03:44:43.103 [main] DEBUG o.s.w.s.h.BeanNameUrlHandlerMapping - Rejected bean name 'org.springframework.context.annotation.ConfigurationClassPostProcessor.importRegistry': no URL paths identified
03:44:43.103 [main] DEBUG o.s.w.s.h.BeanNameUrlHandlerMapping - Rejected bean name 'messageSource': no URL paths identified
03:44:43.103 [main] DEBUG o.s.w.s.h.BeanNameUrlHandlerMapping - Rejected bean name 'applicationEventMulticaster': no URL paths identified
03:44:43.103 [main] DEBUG o.s.b.f.s.DefaultListableBeanFactory - Returning cached instance of singleton bean 'metaDataSourceAdvisor'
03:44:43.111 [main] DEBUG o.s.b.f.s.DefaultListableBeanFactory - Finished creating instance of bean 'beanNameHandlerMapping'
03:44:43.112 [main] DEBUG o.s.b.f.s.DefaultListableBeanFactory - Creating shared instance of singleton bean 'resourceHandlerMapping'
03:44:43.112 [main] DEBUG o.s.b.f.s.DefaultListableBeanFactory - Creating instance of bean 'resourceHandlerMapping'
03:44:43.112 [main] DEBUG o.s.b.f.s.DefaultListableBeanFactory - Returning cached instance of singleton bean 'org.springframework.web.servlet.config.annotation.DelegatingWebMvcConfiguration'
03:44:43.114 [main] DEBUG o.s.b.f.s.DefaultListableBeanFactory - Returning cached instance of singleton bean 'mvcContentNegotiationManager'
03:44:43.123 [main] DEBUG o.s.b.f.s.DefaultListableBeanFactory - Returning cached instance of singleton bean 'mvcPathMatcher'
03:44:43.123 [main] DEBUG o.s.b.f.s.DefaultListableBeanFactory - Returning cached instance of singleton bean 'mvcUrlPathHelper'
03:44:43.123 [main] DEBUG o.s.b.f.s.DefaultListableBeanFactory - Returning cached instance of singleton bean 'mvcResourceUrlProvider'
03:44:43.124 [main] DEBUG o.s.b.f.s.DefaultListableBeanFactory - Eagerly caching bean 'resourceHandlerMapping' to allow for resolving potential circular references
03:44:43.124 [main] INFO  o.s.w.s.h.SimpleUrlHandlerMapping - Mapped URL path [/resources/**] onto handler of type [class org.springframework.web.servlet.resource.ResourceHttpRequestHandler]
03:44:43.124 [main] DEBUG o.s.b.f.s.DefaultListableBeanFactory - Returning cached instance of singleton bean 'metaDataSourceAdvisor'
03:44:43.125 [main] DEBUG o.s.b.f.s.DefaultListableBeanFactory - Finished creating instance of bean 'resourceHandlerMapping'
03:44:43.125 [main] DEBUG o.s.b.f.s.DefaultListableBeanFactory - Returning cached instance of singleton bean 'mvcResourceUrlProvider'
03:44:43.125 [main] DEBUG o.s.b.f.s.DefaultListableBeanFactory - Creating shared instance of singleton bean 'defaultServletHandlerMapping'
03:44:43.125 [main] DEBUG o.s.b.f.s.DefaultListableBeanFactory - Creating instance of bean 'defaultServletHandlerMapping'
03:44:43.125 [main] DEBUG o.s.b.f.s.DefaultListableBeanFactory - Returning cached instance of singleton bean 'org.springframework.web.servlet.config.annotation.DelegatingWebMvcConfiguration'
03:44:43.126 [main] DEBUG o.s.b.f.s.DefaultListableBeanFactory - Eagerly caching bean 'defaultServletHandlerMapping' to allow for resolving potential circular references
03:44:43.131 [main] DEBUG o.s.b.f.s.DefaultListableBeanFactory - Returning cached instance of singleton bean 'metaDataSourceAdvisor'
03:44:43.137 [main] DEBUG o.s.b.f.s.DefaultListableBeanFactory - Finished creating instance of bean 'defaultServletHandlerMapping'
03:44:43.137 [main] DEBUG o.s.b.f.s.DefaultListableBeanFactory - Creating shared instance of singleton bean 'requestMappingHandlerAdapter'
03:44:43.137 [main] DEBUG o.s.b.f.s.DefaultListableBeanFactory - Creating instance of bean 'requestMappingHandlerAdapter'
03:44:43.138 [main] DEBUG o.s.b.f.s.DefaultListableBeanFactory - Returning cached instance of singleton bean 'org.springframework.web.servlet.config.annotation.DelegatingWebMvcConfiguration'
03:44:43.271 [main] DEBUG o.s.b.f.s.DefaultListableBeanFactory - Returning cached instance of singleton bean 'mvcContentNegotiationManager'
03:44:43.275 [main] DEBUG o.s.b.f.s.DefaultListableBeanFactory - Returning cached instance of singleton bean 'mvcConversionService'
03:44:43.276 [main] DEBUG o.s.b.f.s.DefaultListableBeanFactory - Creating shared instance of singleton bean 'mvcValidator'
03:44:43.276 [main] DEBUG o.s.b.f.s.DefaultListableBeanFactory - Creating instance of bean 'mvcValidator'
03:44:43.276 [main] DEBUG o.s.b.f.s.DefaultListableBeanFactory - Returning cached instance of singleton bean 'org.springframework.web.servlet.config.annotation.DelegatingWebMvcConfiguration'
03:44:43.290 [main] DEBUG o.s.b.f.s.DefaultListableBeanFactory - Eagerly caching bean 'mvcValidator' to allow for resolving potential circular references
03:44:43.300 [main] DEBUG o.s.b.f.s.DefaultListableBeanFactory - Invoking afterPropertiesSet() on bean with name 'mvcValidator'
03:44:43.354 [main] DEBUG org.jboss.logging - Logging Provider: org.jboss.logging.Slf4jLoggerProvider
03:44:43.359 [main] INFO  o.h.validator.internal.util.Version - HV000001: Hibernate Validator 5.4.1.Final
03:44:43.397 [main] DEBUG o.h.v.i.e.r.DefaultTraversableResolver - Found javax.persistence.Persistence on classpath containing 'getPersistenceUtil'. Assuming JPA 2 environment. Trying to instantiate JPA aware TraversableResolver
03:44:43.399 [main] DEBUG o.h.v.i.e.r.DefaultTraversableResolver - Instantiated JPA aware TraversableResolver of type org.hibernate.validator.internal.engine.resolver.JPATraversableResolver.
03:44:43.429 [main] DEBUG o.h.v.i.engine.ConfigurationImpl - Setting custom MessageInterpolator of type org.springframework.validation.beanvalidation.LocaleContextMessageInterpolator
03:44:43.430 [main] DEBUG o.h.v.i.engine.ConfigurationImpl - Setting custom ConstraintValidatorFactory of type org.springframework.validation.beanvalidation.SpringConstraintValidatorFactory
03:44:43.432 [main] DEBUG o.h.v.i.engine.ConfigurationImpl - Setting custom ParameterNameProvider of type com.sun.proxy.$Proxy47
03:44:43.435 [main] DEBUG o.h.v.i.xml.ValidationXmlParser - Trying to load META-INF/validation.xml for XML based Validator configuration.
03:44:43.437 [main] DEBUG o.h.v.i.xml.ResourceLoaderHelper - Trying to load META-INF/validation.xml via user class loader
03:44:43.438 [main] DEBUG o.h.v.i.xml.ResourceLoaderHelper - Trying to load META-INF/validation.xml via TCCL
03:44:43.439 [main] DEBUG o.h.v.i.xml.ResourceLoaderHelper - Trying to load META-INF/validation.xml via Hibernate Validator's class loader
03:44:43.439 [main] DEBUG o.h.v.i.xml.ValidationXmlParser - No META-INF/validation.xml found. Using annotation based configuration only.
03:44:43.531 [main] DEBUG o.s.b.f.s.DefaultListableBeanFactory - Returning cached instance of singleton bean 'metaDataSourceAdvisor'
03:44:43.535 [main] DEBUG o.s.b.f.s.DefaultListableBeanFactory - Finished creating instance of bean 'mvcValidator'
03:44:43.548 [main] DEBUG o.s.b.f.s.DefaultListableBeanFactory - Eagerly caching bean 'requestMappingHandlerAdapter' to allow for resolving potential circular references
03:44:43.562 [main] DEBUG o.s.b.f.s.DefaultListableBeanFactory - Invoking afterPropertiesSet() on bean with name 'requestMappingHandlerAdapter'
03:44:43.563 [main] INFO  o.s.w.s.m.m.a.RequestMappingHandlerAdapter - Looking for @ControllerAdvice: org.springframework.web.context.support.GenericWebApplicationContext@a098d76: startup date [Wed Mar 21 03:44:38 UTC 2018]; root of context hierarchy
03:44:43.630 [main] DEBUG o.s.b.f.s.DefaultListableBeanFactory - Returning cached instance of singleton bean 'metaDataSourceAdvisor'
03:44:43.646 [main] DEBUG o.s.b.f.s.DefaultListableBeanFactory - Finished creating instance of bean 'requestMappingHandlerAdapter'
03:44:43.646 [main] DEBUG o.s.b.f.s.DefaultListableBeanFactory - Returning cached instance of singleton bean 'mvcValidator'
03:44:43.647 [main] DEBUG o.s.b.f.s.DefaultListableBeanFactory - Creating shared instance of singleton bean 'mvcUriComponentsContributor'
03:44:43.647 [main] DEBUG o.s.b.f.s.DefaultListableBeanFactory - Creating instance of bean 'mvcUriComponentsContributor'
03:44:43.647 [main] DEBUG o.s.b.f.s.DefaultListableBeanFactory - Returning cached instance of singleton bean 'org.springframework.web.servlet.config.annotation.DelegatingWebMvcConfiguration'
03:44:43.648 [main] DEBUG o.s.b.f.s.DefaultListableBeanFactory - Returning cached instance of singleton bean 'requestMappingHandlerAdapter'
03:44:43.648 [main] DEBUG o.s.b.f.s.DefaultListableBeanFactory - Returning cached instance of singleton bean 'mvcConversionService'
03:44:43.650 [main] DEBUG o.s.b.f.s.DefaultListableBeanFactory - Eagerly caching bean 'mvcUriComponentsContributor' to allow for resolving potential circular references
03:44:43.654 [main] DEBUG o.s.b.f.s.DefaultListableBeanFactory - Returning cached instance of singleton bean 'metaDataSourceAdvisor'
03:44:43.654 [main] DEBUG o.s.b.f.s.DefaultListableBeanFactory - Finished creating instance of bean 'mvcUriComponentsContributor'
03:44:43.654 [main] DEBUG o.s.b.f.s.DefaultListableBeanFactory - Creating shared instance of singleton bean 'httpRequestHandlerAdapter'
03:44:43.655 [main] DEBUG o.s.b.f.s.DefaultListableBeanFactory - Creating instance of bean 'httpRequestHandlerAdapter'
03:44:43.655 [main] DEBUG o.s.b.f.s.DefaultListableBeanFactory - Returning cached instance of singleton bean 'org.springframework.web.servlet.config.annotation.DelegatingWebMvcConfiguration'
03:44:43.656 [main] DEBUG o.s.b.f.s.DefaultListableBeanFactory - Eagerly caching bean 'httpRequestHandlerAdapter' to allow for resolving potential circular references
03:44:43.659 [main] DEBUG o.s.b.f.s.DefaultListableBeanFactory - Returning cached instance of singleton bean 'metaDataSourceAdvisor'
03:44:43.660 [main] DEBUG o.s.b.f.s.DefaultListableBeanFactory - Finished creating instance of bean 'httpRequestHandlerAdapter'
03:44:43.660 [main] DEBUG o.s.b.f.s.DefaultListableBeanFactory - Creating shared instance of singleton bean 'simpleControllerHandlerAdapter'
03:44:43.660 [main] DEBUG o.s.b.f.s.DefaultListableBeanFactory - Creating instance of bean 'simpleControllerHandlerAdapter'
03:44:43.661 [main] DEBUG o.s.b.f.s.DefaultListableBeanFactory - Returning cached instance of singleton bean 'org.springframework.web.servlet.config.annotation.DelegatingWebMvcConfiguration'
03:44:43.662 [main] DEBUG o.s.b.f.s.DefaultListableBeanFactory - Eagerly caching bean 'simpleControllerHandlerAdapter' to allow for resolving potential circular references
03:44:43.664 [main] DEBUG o.s.b.f.s.DefaultListableBeanFactory - Returning cached instance of singleton bean 'metaDataSourceAdvisor'
03:44:43.665 [main] DEBUG o.s.b.f.s.DefaultListableBeanFactory - Finished creating instance of bean 'simpleControllerHandlerAdapter'
03:44:43.665 [main] DEBUG o.s.b.f.s.DefaultListableBeanFactory - Creating shared instance of singleton bean 'handlerExceptionResolver'
03:44:43.665 [main] DEBUG o.s.b.f.s.DefaultListableBeanFactory - Creating instance of bean 'handlerExceptionResolver'
03:44:43.665 [main] DEBUG o.s.b.f.s.DefaultListableBeanFactory - Returning cached instance of singleton bean 'org.springframework.web.servlet.config.annotation.DelegatingWebMvcConfiguration'
03:44:43.670 [main] DEBUG o.s.b.f.s.DefaultListableBeanFactory - Returning cached instance of singleton bean 'mvcContentNegotiationManager'
03:44:43.670 [main] DEBUG o.s.w.s.m.m.a.ExceptionHandlerExceptionResolver - Looking for exception mappings: org.springframework.web.context.support.GenericWebApplicationContext@a098d76: startup date [Wed Mar 21 03:44:38 UTC 2018]; root of context hierarchy
03:44:43.676 [main] DEBUG o.s.b.f.s.DefaultListableBeanFactory - Eagerly caching bean 'handlerExceptionResolver' to allow for resolving potential circular references
03:44:43.679 [main] DEBUG o.s.b.f.s.DefaultListableBeanFactory - Returning cached instance of singleton bean 'metaDataSourceAdvisor'
03:44:43.679 [main] DEBUG o.s.b.f.s.DefaultListableBeanFactory - Finished creating instance of bean 'handlerExceptionResolver'
03:44:43.680 [main] DEBUG o.s.b.f.s.DefaultListableBeanFactory - Creating shared instance of singleton bean 'mvcViewResolver'
03:44:43.680 [main] DEBUG o.s.b.f.s.DefaultListableBeanFactory - Creating instance of bean 'mvcViewResolver'
03:44:43.680 [main] DEBUG o.s.b.f.s.DefaultListableBeanFactory - Returning cached instance of singleton bean 'org.springframework.web.servlet.config.annotation.DelegatingWebMvcConfiguration'
03:44:43.687 [main] DEBUG o.s.b.f.s.DefaultListableBeanFactory - Returning cached instance of singleton bean 'mvcContentNegotiationManager'
03:44:43.690 [main] DEBUG o.s.b.f.s.DefaultListableBeanFactory - Eagerly caching bean 'mvcViewResolver' to allow for resolving potential circular references
03:44:43.695 [main] DEBUG o.s.b.f.s.DefaultListableBeanFactory - Invoking afterPropertiesSet() on bean with name 'mvcViewResolver'
03:44:43.695 [main] DEBUG o.s.b.f.s.DefaultListableBeanFactory - Returning cached instance of singleton bean 'metaDataSourceAdvisor'
03:44:43.696 [main] DEBUG o.s.b.f.s.DefaultListableBeanFactory - Finished creating instance of bean 'mvcViewResolver'
03:44:43.696 [main] DEBUG o.s.b.f.s.DefaultListableBeanFactory - Returning cached instance of singleton bean 'org.springframework.security.config.annotation.method.configuration.GlobalMethodSecurityConfiguration'
03:44:43.696 [main] DEBUG o.s.b.f.s.DefaultListableBeanFactory - Returning cached instance of singleton bean 'methodSecurityInterceptor'
03:44:43.696 [main] DEBUG o.s.b.f.s.DefaultListableBeanFactory - Returning cached instance of singleton bean 'methodSecurityMetadataSource'
03:44:43.696 [main] DEBUG o.s.b.f.s.DefaultListableBeanFactory - Creating shared instance of singleton bean 'preInvocationAuthorizationAdvice'
03:44:43.696 [main] DEBUG o.s.b.f.s.DefaultListableBeanFactory - Creating instance of bean 'preInvocationAuthorizationAdvice'
03:44:43.697 [main] DEBUG o.s.b.f.s.DefaultListableBeanFactory - Returning cached instance of singleton bean 'org.springframework.security.config.annotation.method.configuration.GlobalMethodSecurityConfiguration'
03:44:43.697 [main] DEBUG o.s.b.f.s.DefaultListableBeanFactory - Eagerly caching bean 'preInvocationAuthorizationAdvice' to allow for resolving potential circular references
03:44:43.699 [main] DEBUG o.s.b.f.s.DefaultListableBeanFactory - Finished creating instance of bean 'preInvocationAuthorizationAdvice'
03:44:43.699 [main] DEBUG o.s.b.f.s.DefaultListableBeanFactory - Creating shared instance of singleton bean 'viewResolver'
03:44:43.699 [main] DEBUG o.s.b.f.s.DefaultListableBeanFactory - Creating instance of bean 'viewResolver'
03:44:43.700 [main] DEBUG o.s.b.f.s.DefaultListableBeanFactory - Returning cached instance of singleton bean 'webMvcConfiguration'
03:44:43.717 [main] DEBUG o.s.b.f.s.DefaultListableBeanFactory - Creating shared instance of singleton bean 'templateEngine'
03:44:43.717 [main] DEBUG o.s.b.f.s.DefaultListableBeanFactory - Creating instance of bean 'templateEngine'
03:44:43.717 [main] DEBUG o.s.b.f.s.DefaultListableBeanFactory - Returning cached instance of singleton bean 'webMvcConfiguration'
03:44:43.768 [main] DEBUG o.s.b.f.s.DefaultListableBeanFactory - Eagerly caching bean 'templateEngine' to allow for resolving potential circular references
03:44:43.773 [main] DEBUG o.s.b.f.s.DefaultListableBeanFactory - Invoking afterPropertiesSet() on bean with name 'templateEngine'
03:44:43.775 [main] DEBUG o.s.b.f.s.DefaultListableBeanFactory - Returning cached instance of singleton bean 'metaDataSourceAdvisor'
03:44:43.777 [main] DEBUG o.s.b.f.s.DefaultListableBeanFactory - Finished creating instance of bean 'templateEngine'
03:44:43.778 [main] DEBUG o.s.b.f.s.DefaultListableBeanFactory - Eagerly caching bean 'viewResolver' to allow for resolving potential circular references
03:44:43.783 [main] DEBUG o.s.b.f.s.DefaultListableBeanFactory - Returning cached instance of singleton bean 'metaDataSourceAdvisor'
03:44:43.788 [main] DEBUG o.s.b.f.s.DefaultListableBeanFactory - Finished creating instance of bean 'viewResolver'
03:44:43.788 [main] DEBUG o.s.b.f.s.DefaultListableBeanFactory - Returning cached instance of singleton bean 'templateEngine'
03:44:43.789 [main] DEBUG o.s.b.f.s.DefaultListableBeanFactory - Creating shared instance of singleton bean 'domainClassConverter'
03:44:43.789 [main] DEBUG o.s.b.f.s.DefaultListableBeanFactory - Creating instance of bean 'domainClassConverter'
03:44:43.789 [main] DEBUG o.s.b.f.s.DefaultListableBeanFactory - Returning cached instance of singleton bean 'webMvcConfiguration'
03:44:43.793 [main] DEBUG o.s.b.f.s.DefaultListableBeanFactory - Eagerly caching bean 'domainClassConverter' to allow for resolving potential circular references
03:44:43.799 [main] DEBUG o.s.b.f.s.DefaultListableBeanFactory - Returning cached instance of singleton bean 'metaDataSourceAdvisor'
03:44:43.799 [main] DEBUG o.s.b.f.s.DefaultListableBeanFactory - Finished creating instance of bean 'domainClassConverter'
03:44:43.799 [main] DEBUG o.s.b.f.s.DefaultListableBeanFactory - Returning cached instance of singleton bean 'metaDataSourceAdvisor'
03:44:43.800 [main] DEBUG o.s.b.f.s.DefaultListableBeanFactory - Returning cached instance of singleton bean 'org.springframework.aop.config.internalAutoProxyCreator'
03:44:43.800 [main] DEBUG o.s.b.f.s.DefaultListableBeanFactory - Returning cached instance of singleton bean 'org.springframework.context.event.internalEventListenerFactory'
03:44:43.846 [main] DEBUG o.s.b.f.s.DefaultListableBeanFactory - Returning cached instance of singleton bean 'metaDataSourceAdvisor'
03:44:43.846 [main] DEBUG o.s.b.f.s.DefaultListableBeanFactory - Returning cached instance of singleton bean 'org.springframework.security.config.annotation.authentication.configuration.AuthenticationConfiguration'
03:44:43.850 [main] DEBUG o.s.w.c.s.GenericWebApplicationContext - Unable to locate LifecycleProcessor with name 'lifecycleProcessor': using default [org.springframework.context.support.DefaultLifecycleProcessor@5ace491]
03:44:43.850 [main] DEBUG o.s.b.f.s.DefaultListableBeanFactory - Returning cached instance of singleton bean 'lifecycleProcessor'
03:44:43.853 [main] DEBUG o.s.b.f.s.DefaultListableBeanFactory - Returning cached instance of singleton bean 'loginAuditingListener'
03:44:43.853 [main] DEBUG o.s.b.f.s.DefaultListableBeanFactory - Returning cached instance of singleton bean 'delegatingApplicationListener'
03:44:43.853 [main] DEBUG o.s.b.f.s.DefaultListableBeanFactory - Returning cached instance of singleton bean 'mvcResourceUrlProvider'
03:44:43.853 [main] DEBUG o.s.w.s.resource.ResourceUrlProvider - Looking for resource handler mappings
03:44:43.854 [main] DEBUG o.s.b.f.s.DefaultListableBeanFactory - Returning cached instance of singleton bean 'viewControllerHandlerMapping'
03:44:43.854 [main] DEBUG o.s.b.f.s.DefaultListableBeanFactory - Returning cached instance of singleton bean 'resourceHandlerMapping'
03:44:43.854 [main] DEBUG o.s.w.s.resource.ResourceUrlProvider - Found resource handler mapping: URL pattern="/resources/**", locations=[class path resource [resources/]], resolvers=[org.springframework.web.servlet.resource.PathResourceResolver@fbcba93]
03:44:43.856 [main] DEBUG o.s.c.e.PropertySourcesPropertyResolver - Could not find key 'spring.liveBeansView.mbeanDomain' in any property source
03:44:43.861 [main] DEBUG o.s.t.c.c.DefaultCacheAwareContextLoaderDelegate - Storing ApplicationContext in cache under key [[WebMergedContextConfiguration@1894e40d testClass = APIPersonnelTest, locations = '{}', classes = '{class edu.ncsu.csc.itrust2.config.RootConfiguration, class edu.ncsu.csc.itrust2.mvc.config.WebMvcConfiguration}', contextInitializerClasses = '[]', activeProfiles = '{}', propertySourceLocations = '{}', propertySourceProperties = '{}', contextCustomizers = set[[empty]], resourceBasePath = 'src/main/webapp', contextLoader = 'org.springframework.test.context.web.WebDelegatingSmartContextLoader', parent = [null]]]
03:44:43.861 [main] DEBUG o.springframework.test.context.cache - Spring test ApplicationContext cache statistics: [DefaultContextCache@2c0b29cf size = 1, maxSize = 32, parentContextCount = 0, hitCount = 0, missCount = 1]
03:44:43.862 [main] DEBUG o.s.t.c.w.ServletTestExecutionListener - Setting up MockHttpServletRequest, MockHttpServletResponse, ServletWebRequest, and RequestContextHolder for test context [DefaultTestContext@70c53dbe testClass = APIPersonnelTest, testInstance = edu.ncsu.csc.itrust2.apitest.APIPersonnelTest@374d09fa, testMethod = [null], testException = [null], mergedContextConfiguration = [WebMergedContextConfiguration@1894e40d testClass = APIPersonnelTest, locations = '{}', classes = '{class edu.ncsu.csc.itrust2.config.RootConfiguration, class edu.ncsu.csc.itrust2.mvc.config.WebMvcConfiguration}', contextInitializerClasses = '[]', activeProfiles = '{}', propertySourceLocations = '{}', propertySourceProperties = '{}', contextCustomizers = set[[empty]], resourceBasePath = 'src/main/webapp', contextLoader = 'org.springframework.test.context.web.WebDelegatingSmartContextLoader', parent = [null]]].
03:44:43.881 [main] DEBUG o.s.t.c.s.DependencyInjectionTestExecutionListener - Performing dependency injection for test context [[DefaultTestContext@70c53dbe testClass = APIPersonnelTest, testInstance = edu.ncsu.csc.itrust2.apitest.APIPersonnelTest@374d09fa, testMethod = [null], testException = [null], mergedContextConfiguration = [WebMergedContextConfiguration@1894e40d testClass = APIPersonnelTest, locations = '{}', classes = '{class edu.ncsu.csc.itrust2.config.RootConfiguration, class edu.ncsu.csc.itrust2.mvc.config.WebMvcConfiguration}', contextInitializerClasses = '[]', activeProfiles = '{}', propertySourceLocations = '{}', propertySourceProperties = '{}', contextCustomizers = set[[empty]], resourceBasePath = 'src/main/webapp', contextLoader = 'org.springframework.test.context.web.WebDelegatingSmartContextLoader', parent = [null]]]].
03:44:43.881 [main] DEBUG o.s.t.c.c.DefaultCacheAwareContextLoaderDelegate - Retrieved ApplicationContext from cache with key [[WebMergedContextConfiguration@1894e40d testClass = APIPersonnelTest, locations = '{}', classes = '{class edu.ncsu.csc.itrust2.config.RootConfiguration, class edu.ncsu.csc.itrust2.mvc.config.WebMvcConfiguration}', contextInitializerClasses = '[]', activeProfiles = '{}', propertySourceLocations = '{}', propertySourceProperties = '{}', contextCustomizers = set[[empty]], resourceBasePath = 'src/main/webapp', contextLoader = 'org.springframework.test.context.web.WebDelegatingSmartContextLoader', parent = [null]]]
03:44:43.881 [main] DEBUG o.springframework.test.context.cache - Spring test ApplicationContext cache statistics: [DefaultContextCache@2c0b29cf size = 1, maxSize = 32, parentContextCount = 0, hitCount = 1, missCount = 1]
03:44:43.883 [main] DEBUG o.s.b.f.annotation.InjectionMetadata - Processing injected element of bean 'edu.ncsu.csc.itrust2.apitest.APIPersonnelTest': AutowiredFieldElement for private org.springframework.web.context.WebApplicationContext edu.ncsu.csc.itrust2.apitest.APIPersonnelTest.context
03:44:43.884 [main] DEBUG o.s.b.f.a.AutowiredAnnotationBeanPostProcessor - Autowiring by type from bean name 'edu.ncsu.csc.itrust2.apitest.APIPersonnelTest' to bean named 'org.springframework.web.context.support.GenericWebApplicationContext@a098d76'
03:44:43.884 [main] DEBUG o.s.b.f.s.DefaultListableBeanFactory - Returning cached instance of singleton bean 'metaDataSourceAdvisor'
03:44:43.890 [main] DEBUG o.s.t.c.s.AbstractDirtiesContextTestExecutionListener - Before test method: context [DefaultTestContext@70c53dbe testClass = APIPersonnelTest, testInstance = edu.ncsu.csc.itrust2.apitest.APIPersonnelTest@374d09fa, testMethod = testGetNonExistentPersonnel@APIPersonnelTest, testException = [null], mergedContextConfiguration = [WebMergedContextConfiguration@1894e40d testClass = APIPersonnelTest, locations = '{}', classes = '{class edu.ncsu.csc.itrust2.config.RootConfiguration, class edu.ncsu.csc.itrust2.mvc.config.WebMvcConfiguration}', contextInitializerClasses = '[]', activeProfiles = '{}', propertySourceLocations = '{}', propertySourceProperties = '{}', contextCustomizers = set[[empty]], resourceBasePath = 'src/main/webapp', contextLoader = 'org.springframework.test.context.web.WebDelegatingSmartContextLoader', parent = [null]]], class annotated with @DirtiesContext [false] with mode [null], method annotated with @DirtiesContext [false] with mode [null].
03:44:43.934 [main] DEBUG o.s.t.w.s.TestDispatcherServlet - Initializing servlet ''
03:44:43.936 [main] DEBUG o.s.w.c.s.StandardServletEnvironment - Adding [servletConfigInitParams] PropertySource with lowest search precedence
03:44:43.936 [main] DEBUG o.s.w.c.s.StandardServletEnvironment - Adding [servletContextInitParams] PropertySource with lowest search precedence
03:44:43.937 [main] DEBUG o.s.w.c.s.StandardServletEnvironment - Adding [systemProperties] PropertySource with lowest search precedence
03:44:43.937 [main] DEBUG o.s.w.c.s.StandardServletEnvironment - Adding [systemEnvironment] PropertySource with lowest search precedence
03:44:43.937 [main] DEBUG o.s.w.c.s.StandardServletEnvironment - Initialized StandardServletEnvironment with PropertySources [servletConfigInitParams,servletContextInitParams,systemProperties,systemEnvironment]
03:44:43.937 [main] INFO  o.s.mock.web.MockServletContext - Initializing Spring FrameworkServlet ''
03:44:43.937 [main] INFO  o.s.t.w.s.TestDispatcherServlet - FrameworkServlet '': initialization started
03:44:43.939 [main] DEBUG o.s.t.w.s.TestDispatcherServlet - Unable to locate MultipartResolver with name 'multipartResolver': no multipart request handling provided
03:44:43.940 [main] DEBUG o.s.b.f.s.DefaultListableBeanFactory - Creating instance of bean 'org.springframework.web.servlet.i18n.AcceptHeaderLocaleResolver'
03:44:43.944 [main] DEBUG o.s.b.f.s.DefaultListableBeanFactory - Returning cached instance of singleton bean 'metaDataSourceAdvisor'
03:44:43.945 [main] DEBUG o.s.b.f.s.DefaultListableBeanFactory - Finished creating instance of bean 'org.springframework.web.servlet.i18n.AcceptHeaderLocaleResolver'
03:44:43.945 [main] DEBUG o.s.t.w.s.TestDispatcherServlet - Unable to locate LocaleResolver with name 'localeResolver': using default [org.springframework.web.servlet.i18n.AcceptHeaderLocaleResolver@16f86d8f]
03:44:43.946 [main] DEBUG o.s.b.f.s.DefaultListableBeanFactory - Creating instance of bean 'org.springframework.web.servlet.theme.FixedThemeResolver'
03:44:43.949 [main] DEBUG o.s.b.f.s.DefaultListableBeanFactory - Returning cached instance of singleton bean 'metaDataSourceAdvisor'
03:44:43.950 [main] DEBUG o.s.b.f.s.DefaultListableBeanFactory - Finished creating instance of bean 'org.springframework.web.servlet.theme.FixedThemeResolver'
03:44:43.950 [main] DEBUG o.s.t.w.s.TestDispatcherServlet - Unable to locate ThemeResolver with name 'themeResolver': using default [org.springframework.web.servlet.theme.FixedThemeResolver@2ff89271]
03:44:43.950 [main] DEBUG o.s.b.f.s.DefaultListableBeanFactory - Returning cached instance of singleton bean 'requestMappingHandlerMapping'
03:44:43.950 [main] DEBUG o.s.b.f.s.DefaultListableBeanFactory - Returning cached instance of singleton bean 'viewControllerHandlerMapping'
03:44:43.950 [main] DEBUG o.s.b.f.s.DefaultListableBeanFactory - Returning cached instance of singleton bean 'beanNameHandlerMapping'
03:44:43.950 [main] DEBUG o.s.b.f.s.DefaultListableBeanFactory - Returning cached instance of singleton bean 'resourceHandlerMapping'
03:44:43.950 [main] DEBUG o.s.b.f.s.DefaultListableBeanFactory - Returning cached instance of singleton bean 'defaultServletHandlerMapping'
03:44:43.951 [main] DEBUG o.s.b.f.s.DefaultListableBeanFactory - Returning cached instance of singleton bean 'requestMappingHandlerAdapter'
03:44:43.951 [main] DEBUG o.s.b.f.s.DefaultListableBeanFactory - Returning cached instance of singleton bean 'httpRequestHandlerAdapter'
03:44:43.951 [main] DEBUG o.s.b.f.s.DefaultListableBeanFactory - Returning cached instance of singleton bean 'simpleControllerHandlerAdapter'
03:44:43.951 [main] DEBUG o.s.b.f.s.DefaultListableBeanFactory - Returning cached instance of singleton bean 'handlerExceptionResolver'
03:44:43.953 [main] DEBUG o.s.b.f.s.DefaultListableBeanFactory - Creating instance of bean 'org.springframework.web.servlet.view.DefaultRequestToViewNameTranslator'
03:44:43.955 [main] DEBUG o.s.b.f.s.DefaultListableBeanFactory - Returning cached instance of singleton bean 'metaDataSourceAdvisor'
03:44:43.955 [main] DEBUG o.s.b.f.s.DefaultListableBeanFactory - Finished creating instance of bean 'org.springframework.web.servlet.view.DefaultRequestToViewNameTranslator'
03:44:43.955 [main] DEBUG o.s.t.w.s.TestDispatcherServlet - Unable to locate RequestToViewNameTranslator with name 'viewNameTranslator': using default [org.springframework.web.servlet.view.DefaultRequestToViewNameTranslator@40df1311]
03:44:43.956 [main] DEBUG o.s.b.f.s.DefaultListableBeanFactory - Returning cached instance of singleton bean 'mvcViewResolver'
03:44:43.956 [main] DEBUG o.s.b.f.s.DefaultListableBeanFactory - Returning cached instance of singleton bean 'viewResolver'
03:44:43.960 [main] DEBUG o.s.b.f.s.DefaultListableBeanFactory - Creating instance of bean 'org.springframework.web.servlet.support.SessionFlashMapManager'
03:44:43.966 [main] DEBUG o.s.b.f.s.DefaultListableBeanFactory - Returning cached instance of singleton bean 'metaDataSourceAdvisor'
03:44:43.967 [main] DEBUG o.s.b.f.s.DefaultListableBeanFactory - Finished creating instance of bean 'org.springframework.web.servlet.support.SessionFlashMapManager'
03:44:43.967 [main] DEBUG o.s.t.w.s.TestDispatcherServlet - Unable to locate FlashMapManager with name 'flashMapManager': using default [org.springframework.web.servlet.support.SessionFlashMapManager@66e33cea]
03:44:43.967 [main] DEBUG o.s.t.w.s.TestDispatcherServlet - Published WebApplicationContext of servlet '' as ServletContext attribute with name [org.springframework.web.servlet.FrameworkServlet.CONTEXT.]
03:44:43.967 [main] INFO  o.s.t.w.s.TestDispatcherServlet - FrameworkServlet '': initialization completed in 30 ms
03:44:43.967 [main] DEBUG o.s.t.w.s.TestDispatcherServlet - Servlet '' configured successfully
03:44:44.005 [main] DEBUG o.s.t.w.s.TestDispatcherServlet - DispatcherServlet with name '' processing GET request for [/api/v1/personnel/-1]
03:44:44.010 [main] DEBUG o.s.w.s.m.m.a.RequestMappingHandlerMapping - Looking up handler method for path /api/v1/personnel/-1
03:44:44.018 [main] DEBUG o.s.w.s.m.m.a.RequestMappingHandlerMapping - Returning handler method [public org.springframework.http.ResponseEntity edu.ncsu.csc.itrust2.controllers.api.APIPersonnelController.getPersonnel(java.lang.String)]
03:44:44.018 [main] DEBUG o.s.b.f.s.DefaultListableBeanFactory - Returning cached instance of singleton bean 'APIPersonnelController'
03:44:44.019 [main] DEBUG o.s.t.w.s.TestDispatcherServlet - Last-Modified value for [/api/v1/personnel/-1] is: -1
03:44:44.110 [main] DEBUG o.h.i.internal.IntegratorServiceImpl - Adding Integrator [org.hibernate.cfg.beanvalidation.BeanValidationIntegrator].
03:44:44.113 [main] DEBUG o.h.i.internal.IntegratorServiceImpl - Adding Integrator [org.hibernate.secure.spi.JaccIntegrator].
03:44:44.118 [main] DEBUG o.h.i.internal.IntegratorServiceImpl - Adding Integrator [org.hibernate.cache.internal.CollectionCacheInvalidator].
03:44:44.275 [main] INFO  org.hibernate.Version - HHH000412: Hibernate Core {5.0.11.Final}
03:44:44.278 [main] INFO  org.hibernate.cfg.Environment - HHH000205: Loaded properties from resource hibernate.properties: {hibernate.connection.username=root, hibernate.connection.password=****, hibernate.connection.url=jdbc:mysql://localhost:3306/iTrust2?createDatabaseIfNotExist=true, hibernate.bytecode.use_reflection_optimizer=false}
03:44:44.279 [main] INFO  org.hibernate.cfg.Environment - HHH000021: Bytecode provider name : javassist
03:44:44.334 [main] DEBUG o.h.b.j.i.s.LocalXmlResourceResolver - Interpreting public/system identifier : [null] - [http://www.hibernate.org/dtd/hibernate-configuration-3.0.dtd]
03:44:44.335 [main] DEBUG o.h.b.j.i.s.LocalXmlResourceResolver - Recognized hibernate-configuration identifier; attempting to resolve on classpath under org/hibernate/
03:44:44.340 [main] DEBUG o.h.b.c.internal.JaxbCfgProcessor - cfg.xml document did not define namespaces; wrapping in custom event reader to introduce namespace information
03:44:44.970 [main] DEBUG org.hibernate.cfg.Configuration - Building session factory using internal StandardServiceRegistryBuilder
03:44:44.982 [main] DEBUG o.h.service.spi.ServiceBinding - Overriding existing service binding [org.hibernate.secure.spi.JaccService]
03:44:44.982 [main] DEBUG org.hibernate.cfg.Configuration - Building session factory using provided StandardServiceRegistry
03:44:45.019 [main] DEBUG o.h.c.i.RegionFactoryInitiator - Cache region factory : org.hibernate.cache.internal.NoCachingRegionFactory
03:44:45.033 [main] INFO  o.h.annotations.common.Version - HCANN000001: Hibernate Commons Annotations {5.0.1.Final}
03:44:45.194 [main] DEBUG org.hibernate.type.BasicTypeRegistry - Adding type registration boolean -> org.hibernate.type.BooleanType@40783a1c
03:44:45.194 [main] DEBUG org.hibernate.type.BasicTypeRegistry - Adding type registration boolean -> org.hibernate.type.BooleanType@40783a1c
03:44:45.194 [main] DEBUG org.hibernate.type.BasicTypeRegistry - Adding type registration java.lang.Boolean -> org.hibernate.type.BooleanType@40783a1c
03:44:45.196 [main] DEBUG org.hibernate.type.BasicTypeRegistry - Adding type registration numeric_boolean -> org.hibernate.type.NumericBooleanType@59c81e46
03:44:45.197 [main] DEBUG org.hibernate.type.BasicTypeRegistry - Adding type registration true_false -> org.hibernate.type.TrueFalseType@7f9c22ac
03:44:45.198 [main] DEBUG org.hibernate.type.BasicTypeRegistry - Adding type registration yes_no -> org.hibernate.type.YesNoType@27b611aa
03:44:45.200 [main] DEBUG org.hibernate.type.BasicTypeRegistry - Adding type registration byte -> org.hibernate.type.ByteType@16c2eaa3
03:44:45.200 [main] DEBUG org.hibernate.type.BasicTypeRegistry - Adding type registration byte -> org.hibernate.type.ByteType@16c2eaa3
03:44:45.200 [main] DEBUG org.hibernate.type.BasicTypeRegistry - Adding type registration java.lang.Byte -> org.hibernate.type.ByteType@16c2eaa3
03:44:45.202 [main] DEBUG org.hibernate.type.BasicTypeRegistry - Adding type registration character -> org.hibernate.type.CharacterType@7a70cf38
03:44:45.202 [main] DEBUG org.hibernate.type.BasicTypeRegistry - Adding type registration char -> org.hibernate.type.CharacterType@7a70cf38
03:44:45.202 [main] DEBUG org.hibernate.type.BasicTypeRegistry - Adding type registration java.lang.Character -> org.hibernate.type.CharacterType@7a70cf38
03:44:45.206 [main] DEBUG org.hibernate.type.BasicTypeRegistry - Adding type registration short -> org.hibernate.type.ShortType@94e90c0
03:44:45.206 [main] DEBUG org.hibernate.type.BasicTypeRegistry - Adding type registration short -> org.hibernate.type.ShortType@94e90c0
03:44:45.206 [main] DEBUG org.hibernate.type.BasicTypeRegistry - Adding type registration java.lang.Short -> org.hibernate.type.ShortType@94e90c0
03:44:45.209 [main] DEBUG org.hibernate.type.BasicTypeRegistry - Adding type registration integer -> org.hibernate.type.IntegerType@5412a7c6
03:44:45.209 [main] DEBUG org.hibernate.type.BasicTypeRegistry - Adding type registration int -> org.hibernate.type.IntegerType@5412a7c6
03:44:45.209 [main] DEBUG org.hibernate.type.BasicTypeRegistry - Adding type registration java.lang.Integer -> org.hibernate.type.IntegerType@5412a7c6
03:44:45.211 [main] DEBUG org.hibernate.type.BasicTypeRegistry - Adding type registration long -> org.hibernate.type.LongType@50fd1535
03:44:45.211 [main] DEBUG org.hibernate.type.BasicTypeRegistry - Adding type registration long -> org.hibernate.type.LongType@50fd1535
03:44:45.211 [main] DEBUG org.hibernate.type.BasicTypeRegistry - Adding type registration java.lang.Long -> org.hibernate.type.LongType@50fd1535
03:44:45.214 [main] DEBUG org.hibernate.type.BasicTypeRegistry - Adding type registration float -> org.hibernate.type.FloatType@41709aa8
03:44:45.214 [main] DEBUG org.hibernate.type.BasicTypeRegistry - Adding type registration float -> org.hibernate.type.FloatType@41709aa8
03:44:45.214 [main] DEBUG org.hibernate.type.BasicTypeRegistry - Adding type registration java.lang.Float -> org.hibernate.type.FloatType@41709aa8
03:44:45.216 [main] DEBUG org.hibernate.type.BasicTypeRegistry - Adding type registration double -> org.hibernate.type.DoubleType@315bf7c1
03:44:45.216 [main] DEBUG org.hibernate.type.BasicTypeRegistry - Adding type registration double -> org.hibernate.type.DoubleType@315bf7c1
03:44:45.216 [main] DEBUG org.hibernate.type.BasicTypeRegistry - Adding type registration java.lang.Double -> org.hibernate.type.DoubleType@315bf7c1
03:44:45.219 [main] DEBUG org.hibernate.type.BasicTypeRegistry - Adding type registration big_decimal -> org.hibernate.type.BigDecimalType@7d49699
03:44:45.219 [main] DEBUG org.hibernate.type.BasicTypeRegistry - Adding type registration java.math.BigDecimal -> org.hibernate.type.BigDecimalType@7d49699
03:44:45.221 [main] DEBUG org.hibernate.type.BasicTypeRegistry - Adding type registration big_integer -> org.hibernate.type.BigIntegerType@1172dc2c
03:44:45.221 [main] DEBUG org.hibernate.type.BasicTypeRegistry - Adding type registration java.math.BigInteger -> org.hibernate.type.BigIntegerType@1172dc2c
03:44:45.223 [main] DEBUG org.hibernate.type.BasicTypeRegistry - Adding type registration string -> org.hibernate.type.StringType@1f344be
03:44:45.223 [main] DEBUG org.hibernate.type.BasicTypeRegistry - Adding type registration java.lang.String -> org.hibernate.type.StringType@1f344be
03:44:45.224 [main] DEBUG org.hibernate.type.BasicTypeRegistry - Adding type registration nstring -> org.hibernate.type.StringNVarcharType@793f45f2
03:44:45.225 [main] DEBUG org.hibernate.type.BasicTypeRegistry - Adding type registration ncharacter -> org.hibernate.type.CharacterNCharType@4d7f5e96
03:44:45.227 [main] DEBUG org.hibernate.type.BasicTypeRegistry - Adding type registration url -> org.hibernate.type.UrlType@3773d26d
03:44:45.227 [main] DEBUG org.hibernate.type.BasicTypeRegistry - Adding type registration java.net.URL -> org.hibernate.type.UrlType@3773d26d
03:44:45.230 [main] DEBUG org.hibernate.type.BasicTypeRegistry - Adding type registration date -> org.hibernate.type.DateType@6460dd5e
03:44:45.230 [main] DEBUG org.hibernate.type.BasicTypeRegistry - Adding type registration java.sql.Date -> org.hibernate.type.DateType@6460dd5e
03:44:45.233 [main] DEBUG org.hibernate.type.BasicTypeRegistry - Adding type registration time -> org.hibernate.type.TimeType@3282cd58
03:44:45.233 [main] DEBUG org.hibernate.type.BasicTypeRegistry - Adding type registration java.sql.Time -> org.hibernate.type.TimeType@3282cd58
03:44:45.237 [main] DEBUG org.hibernate.type.BasicTypeRegistry - Adding type registration timestamp -> org.hibernate.type.TimestampType@6e4a2790
03:44:45.237 [main] DEBUG org.hibernate.type.BasicTypeRegistry - Adding type registration java.sql.Timestamp -> org.hibernate.type.TimestampType@6e4a2790
03:44:45.238 [main] DEBUG org.hibernate.type.BasicTypeRegistry - Adding type registration java.util.Date -> org.hibernate.type.TimestampType@6e4a2790
03:44:45.241 [main] DEBUG org.hibernate.type.BasicTypeRegistry - Adding type registration dbtimestamp -> org.hibernate.type.DbTimestampType@15d075c0
03:44:45.244 [main] DEBUG org.hibernate.type.BasicTypeRegistry - Adding type registration calendar -> org.hibernate.type.CalendarType@22db1358
03:44:45.244 [main] DEBUG org.hibernate.type.BasicTypeRegistry - Adding type registration java.util.Calendar -> org.hibernate.type.CalendarType@22db1358
03:44:45.245 [main] DEBUG org.hibernate.type.BasicTypeRegistry - Adding type registration java.util.GregorianCalendar -> org.hibernate.type.CalendarType@22db1358
03:44:45.246 [main] DEBUG org.hibernate.type.BasicTypeRegistry - Adding type registration calendar_date -> org.hibernate.type.CalendarDateType@389467e9
03:44:45.248 [main] DEBUG org.hibernate.type.BasicTypeRegistry - Adding type registration locale -> org.hibernate.type.LocaleType@281a0671
03:44:45.248 [main] DEBUG org.hibernate.type.BasicTypeRegistry - Adding type registration java.util.Locale -> org.hibernate.type.LocaleType@281a0671
03:44:45.249 [main] DEBUG org.hibernate.type.BasicTypeRegistry - Adding type registration currency -> org.hibernate.type.CurrencyType@5f16d90c
03:44:45.249 [main] DEBUG org.hibernate.type.BasicTypeRegistry - Adding type registration java.util.Currency -> org.hibernate.type.CurrencyType@5f16d90c
03:44:45.251 [main] DEBUG org.hibernate.type.BasicTypeRegistry - Adding type registration timezone -> org.hibernate.type.TimeZoneType@15407521
03:44:45.251 [main] DEBUG org.hibernate.type.BasicTypeRegistry - Adding type registration java.util.TimeZone -> org.hibernate.type.TimeZoneType@15407521
03:44:45.253 [main] DEBUG org.hibernate.type.BasicTypeRegistry - Adding type registration class -> org.hibernate.type.ClassType@532887bc
03:44:45.253 [main] DEBUG org.hibernate.type.BasicTypeRegistry - Adding type registration java.lang.Class -> org.hibernate.type.ClassType@532887bc
03:44:45.257 [main] DEBUG org.hibernate.type.BasicTypeRegistry - Adding type registration uuid-binary -> org.hibernate.type.UUIDBinaryType@15acb72d
03:44:45.258 [main] DEBUG org.hibernate.type.BasicTypeRegistry - Adding type registration java.util.UUID -> org.hibernate.type.UUIDBinaryType@15acb72d
03:44:45.258 [main] DEBUG org.hibernate.type.BasicTypeRegistry - Adding type registration uuid-char -> org.hibernate.type.UUIDCharType@6a9cdf61
03:44:45.261 [main] DEBUG org.hibernate.type.BasicTypeRegistry - Adding type registration binary -> org.hibernate.type.BinaryType@218d34aa
03:44:45.261 [main] DEBUG org.hibernate.type.BasicTypeRegistry - Adding type registration byte[] -> org.hibernate.type.BinaryType@218d34aa
03:44:45.261 [main] DEBUG org.hibernate.type.BasicTypeRegistry - Adding type registration [B -> org.hibernate.type.BinaryType@218d34aa
03:44:45.263 [main] DEBUG org.hibernate.type.BasicTypeRegistry - Adding type registration wrapper-binary -> org.hibernate.type.WrapperBinaryType@51d9bed3
03:44:45.263 [main] DEBUG org.hibernate.type.BasicTypeRegistry - Adding type registration Byte[] -> org.hibernate.type.WrapperBinaryType@51d9bed3
03:44:45.263 [main] DEBUG org.hibernate.type.BasicTypeRegistry - Adding type registration [Ljava.lang.Byte; -> org.hibernate.type.WrapperBinaryType@51d9bed3
03:44:45.265 [main] DEBUG org.hibernate.type.BasicTypeRegistry - Adding type registration row_version -> org.hibernate.type.RowVersionType@72f855b9
03:44:45.266 [main] DEBUG org.hibernate.type.BasicTypeRegistry - Adding type registration image -> org.hibernate.type.ImageType@45eb6b7d
03:44:45.268 [main] DEBUG org.hibernate.type.BasicTypeRegistry - Adding type registration characters -> org.hibernate.type.CharArrayType@19199df
03:44:45.268 [main] DEBUG org.hibernate.type.BasicTypeRegistry - Adding type registration char[] -> org.hibernate.type.CharArrayType@19199df
03:44:45.268 [main] DEBUG org.hibernate.type.BasicTypeRegistry - Adding type registration [C -> org.hibernate.type.CharArrayType@19199df
03:44:45.270 [main] DEBUG org.hibernate.type.BasicTypeRegistry - Adding type registration wrapper-characters -> org.hibernate.type.CharacterArrayType@3d411475
03:44:45.270 [main] DEBUG org.hibernate.type.BasicTypeRegistry - Adding type registration [Ljava.lang.Character; -> org.hibernate.type.CharacterArrayType@3d411475
03:44:45.270 [main] DEBUG org.hibernate.type.BasicTypeRegistry - Adding type registration Character[] -> org.hibernate.type.CharacterArrayType@3d411475
03:44:45.271 [main] DEBUG org.hibernate.type.BasicTypeRegistry - Adding type registration text -> org.hibernate.type.TextType@320d4c62
03:44:45.274 [main] DEBUG org.hibernate.type.BasicTypeRegistry - Adding type registration ntext -> org.hibernate.type.NTextType@41404e50
03:44:45.282 [main] DEBUG org.hibernate.type.BasicTypeRegistry - Adding type registration blob -> org.hibernate.type.BlobType@77b84c33
03:44:45.282 [main] DEBUG org.hibernate.type.BasicTypeRegistry - Adding type registration java.sql.Blob -> org.hibernate.type.BlobType@77b84c33
03:44:45.284 [main] DEBUG org.hibernate.type.BasicTypeRegistry - Adding type registration materialized_blob -> org.hibernate.type.MaterializedBlobType@18bd405b
03:44:45.291 [main] DEBUG org.hibernate.type.BasicTypeRegistry - Adding type registration clob -> org.hibernate.type.ClobType@4ef45124
03:44:45.291 [main] DEBUG org.hibernate.type.BasicTypeRegistry - Adding type registration java.sql.Clob -> org.hibernate.type.ClobType@4ef45124
03:44:45.299 [main] DEBUG org.hibernate.type.BasicTypeRegistry - Adding type registration nclob -> org.hibernate.type.NClobType@a3b336a
03:44:45.299 [main] DEBUG org.hibernate.type.BasicTypeRegistry - Adding type registration java.sql.NClob -> org.hibernate.type.NClobType@a3b336a
03:44:45.300 [main] DEBUG org.hibernate.type.BasicTypeRegistry - Adding type registration materialized_clob -> org.hibernate.type.MaterializedClobType@253a891e
03:44:45.301 [main] DEBUG org.hibernate.type.BasicTypeRegistry - Adding type registration materialized_nclob -> org.hibernate.type.MaterializedNClobType@50833f62
03:44:45.303 [main] DEBUG org.hibernate.type.BasicTypeRegistry - Adding type registration serializable -> org.hibernate.type.SerializableType@3b4004cd
03:44:45.309 [main] DEBUG org.hibernate.type.BasicTypeRegistry - Adding type registration object -> org.hibernate.type.ObjectType@5bdaeec8
03:44:45.309 [main] DEBUG org.hibernate.type.BasicTypeRegistry - Adding type registration java.lang.Object -> org.hibernate.type.ObjectType@5bdaeec8
03:44:45.310 [main] DEBUG org.hibernate.type.BasicTypeRegistry - Adding type registration imm_date -> org.hibernate.type.AdaptedImmutableType@34f8564d
03:44:45.310 [main] DEBUG org.hibernate.type.BasicTypeRegistry - Adding type registration imm_time -> org.hibernate.type.AdaptedImmutableType@6664d5e9
03:44:45.310 [main] DEBUG org.hibernate.type.BasicTypeRegistry - Adding type registration imm_timestamp -> org.hibernate.type.AdaptedImmutableType@355583e4
03:44:45.310 [main] DEBUG org.hibernate.type.BasicTypeRegistry - Adding type registration imm_dbtimestamp -> org.hibernate.type.AdaptedImmutableType@4fee97bd
03:44:45.310 [main] DEBUG org.hibernate.type.BasicTypeRegistry - Adding type registration imm_calendar -> org.hibernate.type.AdaptedImmutableType@3952fa33
03:44:45.311 [main] DEBUG org.hibernate.type.BasicTypeRegistry - Adding type registration imm_calendar_date -> org.hibernate.type.AdaptedImmutableType@7959ab6d
03:44:45.311 [main] DEBUG org.hibernate.type.BasicTypeRegistry - Adding type registration imm_binary -> org.hibernate.type.AdaptedImmutableType@600a5d01
03:44:45.311 [main] DEBUG org.hibernate.type.BasicTypeRegistry - Adding type registration imm_serializable -> org.hibernate.type.AdaptedImmutableType@5be26dc2
03:44:45.326 [main] WARN  org.hibernate.orm.connections - HHH10001002: Using Hibernate built-in connection pool (not for production use!)
03:44:45.328 [main] INFO  org.hibernate.orm.connections - HHH10001005: using driver [com.mysql.jdbc.Driver] at URL [jdbc:mysql://localhost:3306/iTrust2?createDatabaseIfNotExist=true]
03:44:45.328 [main] INFO  org.hibernate.orm.connections - HHH10001001: Connection properties: {user=root, password=root}
03:44:45.328 [main] INFO  org.hibernate.orm.connections - HHH10001003: Autocommit mode: false
03:44:45.333 [main] DEBUG o.h.e.j.c.i.DriverManagerConnectionProviderImpl - Initializing Connection pool with 1 Connections
03:44:45.333 [main] INFO  o.h.e.j.c.i.DriverManagerConnectionProviderImpl - HHH000115: Hibernate connection pool size: 100 (min=1)
03:44:45.798 [main] DEBUG o.h.e.j.e.i.JdbcEnvironmentInitiator - Database ->
       name : MySQL
    version : 5.7.21-0ubuntu0.16.04.1
      major : 5
      minor : 7
03:44:45.798 [main] DEBUG o.h.e.j.e.i.JdbcEnvironmentInitiator - Driver ->
       name : MySQL Connector Java
    version : mysql-connector-java-5.1.40 ( Revision: 402933ef52cad9aa82624e80acbea46e3a701ce6 )
      major : 5
      minor : 1
03:44:45.798 [main] DEBUG o.h.e.j.e.i.JdbcEnvironmentInitiator - JDBC version : 4.0
03:44:45.816 [main] INFO  org.hibernate.dialect.Dialect - HHH000400: Using dialect: org.hibernate.dialect.MySQLDialect
03:44:45.890 [main] DEBUG o.h.e.j.e.s.IdentifierHelperBuilder - JDBC driver metadata reported database stores quoted identifiers in more than one case
03:44:45.896 [main] DEBUG o.h.e.j.e.s.IdentifierHelperBuilder - IdentifierCaseStrategy for both quoted and unquoted identifiers was set to the same strategy [MIXED]; that will likely lead to problems in schema update and validation if using quoted identifiers
03:44:45.962 [main] DEBUG o.h.i.f.i.DefaultIdentifierGeneratorFactory - Registering IdentifierGenerator strategy [uuid2] -> [org.hibernate.id.UUIDGenerator]
03:44:45.963 [main] DEBUG o.h.i.f.i.DefaultIdentifierGeneratorFactory - Registering IdentifierGenerator strategy [guid] -> [org.hibernate.id.GUIDGenerator]
03:44:45.965 [main] DEBUG o.h.i.f.i.DefaultIdentifierGeneratorFactory - Registering IdentifierGenerator strategy [uuid] -> [org.hibernate.id.UUIDHexGenerator]
03:44:45.965 [main] DEBUG o.h.i.f.i.DefaultIdentifierGeneratorFactory - Registering IdentifierGenerator strategy [uuid.hex] -> [org.hibernate.id.UUIDHexGenerator]
03:44:45.966 [main] DEBUG o.h.i.f.i.DefaultIdentifierGeneratorFactory - Registering IdentifierGenerator strategy [assigned] -> [org.hibernate.id.Assigned]
03:44:45.967 [main] DEBUG o.h.i.f.i.DefaultIdentifierGeneratorFactory - Registering IdentifierGenerator strategy [identity] -> [org.hibernate.id.IdentityGenerator]
03:44:45.968 [main] DEBUG o.h.i.f.i.DefaultIdentifierGeneratorFactory - Registering IdentifierGenerator strategy [select] -> [org.hibernate.id.SelectGenerator]
03:44:45.970 [main] DEBUG o.h.i.f.i.DefaultIdentifierGeneratorFactory - Registering IdentifierGenerator strategy [sequence] -> [org.hibernate.id.enhanced.SequenceStyleGenerator]
03:44:45.972 [main] DEBUG o.h.i.f.i.DefaultIdentifierGeneratorFactory - Registering IdentifierGenerator strategy [seqhilo] -> [org.hibernate.id.SequenceHiLoGenerator]
03:44:45.974 [main] DEBUG o.h.i.f.i.DefaultIdentifierGeneratorFactory - Registering IdentifierGenerator strategy [increment] -> [org.hibernate.id.IncrementGenerator]
03:44:45.975 [main] DEBUG o.h.i.f.i.DefaultIdentifierGeneratorFactory - Registering IdentifierGenerator strategy [foreign] -> [org.hibernate.id.ForeignGenerator]
03:44:45.975 [main] DEBUG o.h.i.f.i.DefaultIdentifierGeneratorFactory - Registering IdentifierGenerator strategy [sequence-identity] -> [org.hibernate.id.SequenceIdentityGenerator]
03:44:45.976 [main] DEBUG o.h.i.f.i.DefaultIdentifierGeneratorFactory - Registering IdentifierGenerator strategy [enhanced-sequence] -> [org.hibernate.id.enhanced.SequenceStyleGenerator]
03:44:45.978 [main] DEBUG o.h.i.f.i.DefaultIdentifierGeneratorFactory - Registering IdentifierGenerator strategy [enhanced-table] -> [org.hibernate.id.enhanced.TableGenerator]
03:44:46.035 [main] DEBUG o.h.boot.model.relational.Namespace - Created database namespace [logicalName=Name{catalog=null, schema=null}, physicalName=Name{catalog=null, schema=null}]
03:44:46.111 [main] DEBUG org.hibernate.cfg.AnnotationBinder - Binding entity from annotated class: edu.ncsu.csc.itrust2.models.persistent.LogEntry
03:44:46.159 [main] DEBUG org.hibernate.cfg.Ejb3Column - Binding column: Ejb3DiscriminatorColumn{logicalColumnName'DTYPE', discriminatorTypeName='string'}
03:44:46.174 [main] DEBUG o.h.cfg.annotations.EntityBinder - Import with entity name LogEntry
03:44:46.180 [main] DEBUG o.h.cfg.annotations.EntityBinder - Bind entity edu.ncsu.csc.itrust2.models.persistent.LogEntry on table LogEntries
03:44:46.227 [main] DEBUG org.hibernate.cfg.Ejb3Column - Binding column: Ejb3Column{table=org.hibernate.mapping.Table(LogEntries), mappingColumn=id, insertable=true, updatable=true, unique=false}
03:44:46.234 [main] DEBUG o.h.cfg.annotations.PropertyBinder - MetadataSourceProcessor property id with lazy=false
03:44:46.238 [main] DEBUG o.h.cfg.AbstractPropertyHolder - Attempting to locate auto-apply AttributeConverter for property [edu.ncsu.csc.itrust2.models.persistent.LogEntry:id]
03:44:46.241 [main] DEBUG o.h.c.annotations.SimpleValueBinder - building SimpleValue for id
03:44:46.247 [main] DEBUG o.h.cfg.annotations.PropertyBinder - Building property id
03:44:46.253 [main] DEBUG org.hibernate.cfg.Ejb3Column - Binding column: Ejb3Column{table=org.hibernate.mapping.Table(LogEntries), mappingColumn=logCode, insertable=true, updatable=true, unique=false}
03:44:46.254 [main] DEBUG o.h.cfg.annotations.PropertyBinder - MetadataSourceProcessor property logCode with lazy=false
03:44:46.256 [main] DEBUG o.h.cfg.AbstractPropertyHolder - Attempting to locate auto-apply AttributeConverter for property [edu.ncsu.csc.itrust2.models.persistent.LogEntry:logCode]
03:44:46.258 [main] DEBUG o.h.c.annotations.SimpleValueBinder - building SimpleValue for logCode
03:44:46.259 [main] DEBUG o.h.cfg.annotations.PropertyBinder - Building property logCode
03:44:46.260 [main] DEBUG org.hibernate.cfg.Ejb3Column - Binding column: Ejb3Column{table=org.hibernate.mapping.Table(LogEntries), mappingColumn=message, insertable=true, updatable=true, unique=false}
03:44:46.261 [main] DEBUG o.h.cfg.annotations.PropertyBinder - MetadataSourceProcessor property message with lazy=false
03:44:46.261 [main] DEBUG o.h.cfg.AbstractPropertyHolder - Attempting to locate auto-apply AttributeConverter for property [edu.ncsu.csc.itrust2.models.persistent.LogEntry:message]
03:44:46.261 [main] DEBUG o.h.c.annotations.SimpleValueBinder - building SimpleValue for message
03:44:46.261 [main] DEBUG o.h.cfg.annotations.PropertyBinder - Building property message
03:44:46.262 [main] DEBUG org.hibernate.cfg.Ejb3Column - Binding column: Ejb3Column{table=org.hibernate.mapping.Table(LogEntries), mappingColumn=primaryUser, insertable=true, updatable=true, unique=false}
03:44:46.263 [main] DEBUG o.h.cfg.annotations.PropertyBinder - MetadataSourceProcessor property primaryUser with lazy=false
03:44:46.263 [main] DEBUG o.h.cfg.AbstractPropertyHolder - Attempting to locate auto-apply AttributeConverter for property [edu.ncsu.csc.itrust2.models.persistent.LogEntry:primaryUser]
03:44:46.263 [main] DEBUG o.h.c.annotations.SimpleValueBinder - building SimpleValue for primaryUser
03:44:46.263 [main] DEBUG o.h.cfg.annotations.PropertyBinder - Building property primaryUser
03:44:46.264 [main] DEBUG org.hibernate.cfg.Ejb3Column - Binding column: Ejb3Column{table=org.hibernate.mapping.Table(LogEntries), mappingColumn=secondaryUser, insertable=true, updatable=true, unique=false}
03:44:46.264 [main] DEBUG o.h.cfg.annotations.PropertyBinder - MetadataSourceProcessor property secondaryUser with lazy=false
03:44:46.264 [main] DEBUG o.h.cfg.AbstractPropertyHolder - Attempting to locate auto-apply AttributeConverter for property [edu.ncsu.csc.itrust2.models.persistent.LogEntry:secondaryUser]
03:44:46.264 [main] DEBUG o.h.c.annotations.SimpleValueBinder - building SimpleValue for secondaryUser
03:44:46.264 [main] DEBUG o.h.cfg.annotations.PropertyBinder - Building property secondaryUser
03:44:46.265 [main] DEBUG org.hibernate.cfg.Ejb3Column - Binding column: Ejb3Column{table=org.hibernate.mapping.Table(LogEntries), mappingColumn=time, insertable=true, updatable=true, unique=false}
03:44:46.265 [main] DEBUG o.h.cfg.annotations.PropertyBinder - MetadataSourceProcessor property time with lazy=false
03:44:46.265 [main] DEBUG o.h.cfg.AbstractPropertyHolder - Attempting to locate auto-apply AttributeConverter for property [edu.ncsu.csc.itrust2.models.persistent.LogEntry:time]
03:44:46.265 [main] DEBUG o.h.c.annotations.SimpleValueBinder - building SimpleValue for time
03:44:46.265 [main] DEBUG o.h.cfg.annotations.PropertyBinder - Building property time
03:44:46.267 [main] DEBUG org.hibernate.cfg.AnnotationBinder - Binding entity from annotated class: edu.ncsu.csc.itrust2.models.persistent.AppointmentRequest
03:44:46.267 [main] DEBUG org.hibernate.cfg.Ejb3Column - Binding column: Ejb3DiscriminatorColumn{logicalColumnName'DTYPE', discriminatorTypeName='string'}
03:44:46.267 [main] DEBUG o.h.cfg.annotations.EntityBinder - Import with entity name AppointmentRequest
03:44:46.267 [main] DEBUG o.h.cfg.annotations.EntityBinder - Bind entity edu.ncsu.csc.itrust2.models.persistent.AppointmentRequest on table AppointmentRequests
03:44:46.291 [main] DEBUG org.hibernate.cfg.Ejb3Column - Binding column: Ejb3Column{table=org.hibernate.mapping.Table(AppointmentRequests), mappingColumn=id, insertable=true, updatable=true, unique=false}
03:44:46.296 [main] DEBUG o.h.cfg.annotations.PropertyBinder - MetadataSourceProcessor property id with lazy=false
03:44:46.296 [main] DEBUG o.h.cfg.AbstractPropertyHolder - Attempting to locate auto-apply AttributeConverter for property [edu.ncsu.csc.itrust2.models.persistent.AppointmentRequest:id]
03:44:46.296 [main] DEBUG o.h.c.annotations.SimpleValueBinder - building SimpleValue for id
03:44:46.297 [main] DEBUG o.h.cfg.annotations.PropertyBinder - Building property id
03:44:46.297 [main] DEBUG org.hibernate.cfg.Ejb3Column - Binding column: Ejb3Column{table=org.hibernate.mapping.Table(AppointmentRequests), mappingColumn=comments, insertable=true, updatable=true, unique=false}
03:44:46.297 [main] DEBUG o.h.cfg.annotations.PropertyBinder - MetadataSourceProcessor property comments with lazy=false
03:44:46.300 [main] DEBUG o.h.cfg.AbstractPropertyHolder - Attempting to locate auto-apply AttributeConverter for property [edu.ncsu.csc.itrust2.models.persistent.AppointmentRequest:comments]
03:44:46.300 [main] DEBUG o.h.c.annotations.SimpleValueBinder - building SimpleValue for comments
03:44:46.301 [main] DEBUG o.h.cfg.annotations.PropertyBinder - Building property comments
03:44:46.301 [main] DEBUG org.hibernate.cfg.Ejb3Column - Binding column: Ejb3Column{table=org.hibernate.mapping.Table(AppointmentRequests), mappingColumn=date, insertable=true, updatable=true, unique=false}
03:44:46.301 [main] DEBUG o.h.cfg.annotations.PropertyBinder - MetadataSourceProcessor property date with lazy=false
03:44:46.301 [main] DEBUG o.h.cfg.AbstractPropertyHolder - Attempting to locate auto-apply AttributeConverter for property [edu.ncsu.csc.itrust2.models.persistent.AppointmentRequest:date]
03:44:46.301 [main] DEBUG o.h.c.annotations.SimpleValueBinder - building SimpleValue for date
03:44:46.301 [main] DEBUG o.h.cfg.annotations.PropertyBinder - Building property date
03:44:46.304 [main] DEBUG org.hibernate.cfg.Ejb3Column - Binding column: Ejb3JoinColumn{logicalColumnName='hcp_id', referencedColumn='', mappedBy=''}
03:44:46.306 [main] DEBUG org.hibernate.cfg.Ejb3Column - Binding column: Ejb3Column{table=org.hibernate.mapping.Table(AppointmentRequests), mappingColumn=hcp, insertable=true, updatable=true, unique=false}
03:44:46.311 [main] DEBUG o.h.cfg.annotations.PropertyBinder - Building property hcp
03:44:46.313 [main] DEBUG org.hibernate.cfg.Ejb3Column - Binding column: Ejb3JoinColumn{logicalColumnName='patient_id', referencedColumn='', mappedBy=''}
03:44:46.313 [main] DEBUG org.hibernate.cfg.Ejb3Column - Binding column: Ejb3Column{table=org.hibernate.mapping.Table(AppointmentRequests), mappingColumn=patient, insertable=true, updatable=true, unique=false}
03:44:46.314 [main] DEBUG o.h.cfg.annotations.PropertyBinder - Building property patient
03:44:46.314 [main] DEBUG org.hibernate.cfg.Ejb3Column - Binding column: Ejb3Column{table=org.hibernate.mapping.Table(AppointmentRequests), mappingColumn=status, insertable=true, updatable=true, unique=false}
03:44:46.315 [main] DEBUG o.h.cfg.annotations.PropertyBinder - MetadataSourceProcessor property status with lazy=false
03:44:46.315 [main] DEBUG o.h.cfg.AbstractPropertyHolder - Attempting to locate auto-apply AttributeConverter for property [edu.ncsu.csc.itrust2.models.persistent.AppointmentRequest:status]
03:44:46.316 [main] DEBUG o.h.c.annotations.SimpleValueBinder - building SimpleValue for status
03:44:46.316 [main] DEBUG o.h.cfg.annotations.PropertyBinder - Building property status
03:44:46.318 [main] DEBUG org.hibernate.cfg.Ejb3Column - Binding column: Ejb3Column{table=org.hibernate.mapping.Table(AppointmentRequests), mappingColumn=type, insertable=true, updatable=true, unique=false}
03:44:46.318 [main] DEBUG o.h.cfg.annotations.PropertyBinder - MetadataSourceProcessor property type with lazy=false
03:44:46.318 [main] DEBUG o.h.cfg.AbstractPropertyHolder - Attempting to locate auto-apply AttributeConverter for property [edu.ncsu.csc.itrust2.models.persistent.AppointmentRequest:type]
03:44:46.318 [main] DEBUG o.h.c.annotations.SimpleValueBinder - building SimpleValue for type
03:44:46.319 [main] DEBUG o.h.cfg.annotations.PropertyBinder - Building property type
03:44:46.319 [main] DEBUG org.hibernate.cfg.AnnotationBinder - Binding entity from annotated class: edu.ncsu.csc.itrust2.models.persistent.User
03:44:46.320 [main] DEBUG org.hibernate.cfg.Ejb3Column - Binding column: Ejb3DiscriminatorColumn{logicalColumnName'DTYPE', discriminatorTypeName='string'}
03:44:46.320 [main] DEBUG o.h.cfg.annotations.EntityBinder - Import with entity name User
03:44:46.321 [main] DEBUG o.h.cfg.annotations.EntityBinder - Bind entity edu.ncsu.csc.itrust2.models.persistent.User on table Users
03:44:46.336 [main] DEBUG org.hibernate.cfg.Ejb3Column - Binding column: Ejb3Column{table=org.hibernate.mapping.Table(Users), mappingColumn=username, insertable=true, updatable=true, unique=false}
03:44:46.336 [main] DEBUG o.h.cfg.annotations.PropertyBinder - MetadataSourceProcessor property username with lazy=false
03:44:46.338 [main] DEBUG o.h.cfg.AbstractPropertyHolder - Attempting to locate auto-apply AttributeConverter for property [edu.ncsu.csc.itrust2.models.persistent.User:username]
03:44:46.338 [main] DEBUG o.h.c.annotations.SimpleValueBinder - building SimpleValue for username
03:44:46.338 [main] DEBUG o.h.cfg.annotations.PropertyBinder - Building property username
03:44:46.339 [main] DEBUG org.hibernate.cfg.Ejb3Column - Binding column: Ejb3Column{table=org.hibernate.mapping.Table(Users), mappingColumn=enabled, insertable=true, updatable=true, unique=false}
03:44:46.339 [main] DEBUG o.h.cfg.annotations.PropertyBinder - MetadataSourceProcessor property enabled with lazy=false
03:44:46.339 [main] DEBUG o.h.cfg.AbstractPropertyHolder - Attempting to locate auto-apply AttributeConverter for property [edu.ncsu.csc.itrust2.models.persistent.User:enabled]
03:44:46.340 [main] DEBUG o.h.c.annotations.SimpleValueBinder - building SimpleValue for enabled
03:44:46.340 [main] DEBUG o.h.cfg.annotations.PropertyBinder - Building property enabled
03:44:46.340 [main] DEBUG org.hibernate.cfg.Ejb3Column - Binding column: Ejb3Column{table=org.hibernate.mapping.Table(Users), mappingColumn=password, insertable=true, updatable=true, unique=false}
03:44:46.341 [main] DEBUG o.h.cfg.annotations.PropertyBinder - MetadataSourceProcessor property password with lazy=false
03:44:46.341 [main] DEBUG o.h.cfg.AbstractPropertyHolder - Attempting to locate auto-apply AttributeConverter for property [edu.ncsu.csc.itrust2.models.persistent.User:password]
03:44:46.341 [main] DEBUG o.h.c.annotations.SimpleValueBinder - building SimpleValue for password
03:44:46.341 [main] DEBUG o.h.cfg.annotations.PropertyBinder - Building property password
03:44:46.342 [main] DEBUG org.hibernate.cfg.Ejb3Column - Binding column: Ejb3Column{table=org.hibernate.mapping.Table(Users), mappingColumn=role, insertable=true, updatable=true, unique=false}
03:44:46.342 [main] DEBUG o.h.cfg.annotations.PropertyBinder - MetadataSourceProcessor property role with lazy=false
03:44:46.343 [main] DEBUG o.h.cfg.AbstractPropertyHolder - Attempting to locate auto-apply AttributeConverter for property [edu.ncsu.csc.itrust2.models.persistent.User:role]
03:44:46.345 [main] DEBUG o.h.c.annotations.SimpleValueBinder - building SimpleValue for role
03:44:46.345 [main] DEBUG o.h.cfg.annotations.PropertyBinder - Building property role
03:44:46.345 [main] DEBUG org.hibernate.cfg.AnnotationBinder - Binding entity from annotated class: edu.ncsu.csc.itrust2.models.persistent.OfficeVisit
03:44:46.346 [main] DEBUG org.hibernate.cfg.Ejb3Column - Binding column: Ejb3DiscriminatorColumn{logicalColumnName'DTYPE', discriminatorTypeName='string'}
03:44:46.346 [main] DEBUG o.h.cfg.annotations.EntityBinder - Import with entity name OfficeVisit
03:44:46.346 [main] DEBUG o.h.cfg.annotations.EntityBinder - Bind entity edu.ncsu.csc.itrust2.models.persistent.OfficeVisit on table OfficeVisits
03:44:46.358 [main] DEBUG org.hibernate.cfg.Ejb3Column - Binding column: Ejb3Column{table=org.hibernate.mapping.Table(OfficeVisits), mappingColumn=id, insertable=true, updatable=true, unique=false}
03:44:46.358 [main] DEBUG o.h.cfg.annotations.PropertyBinder - MetadataSourceProcessor property id with lazy=false
03:44:46.358 [main] DEBUG o.h.cfg.AbstractPropertyHolder - Attempting to locate auto-apply AttributeConverter for property [edu.ncsu.csc.itrust2.models.persistent.OfficeVisit:id]
03:44:46.359 [main] DEBUG o.h.c.annotations.SimpleValueBinder - building SimpleValue for id
03:44:46.359 [main] DEBUG o.h.cfg.annotations.PropertyBinder - Building property id
03:44:46.359 [main] DEBUG org.hibernate.cfg.Ejb3Column - Binding column: Ejb3JoinColumn{logicalColumnName='appointment_id', referencedColumn='', mappedBy=''}
03:44:46.359 [main] DEBUG org.hibernate.cfg.Ejb3Column - Binding column: Ejb3Column{table=org.hibernate.mapping.Table(OfficeVisits), mappingColumn=appointment, insertable=true, updatable=true, unique=false}
03:44:46.360 [main] DEBUG o.h.cfg.annotations.PropertyBinder - Building property appointment
03:44:46.360 [main] DEBUG org.hibernate.cfg.Ejb3Column - Binding column: Ejb3JoinColumn{logicalColumnName='basichealthmetrics_id', referencedColumn='', mappedBy=''}
03:44:46.361 [main] DEBUG org.hibernate.cfg.Ejb3Column - Binding column: Ejb3Column{table=org.hibernate.mapping.Table(OfficeVisits), mappingColumn=basicHealthMetrics, insertable=true, updatable=true, unique=false}
03:44:46.364 [main] DEBUG o.h.cfg.annotations.PropertyBinder - Building property basicHealthMetrics
03:44:46.365 [main] DEBUG org.hibernate.cfg.Ejb3Column - Binding column: Ejb3Column{table=org.hibernate.mapping.Table(OfficeVisits), mappingColumn=date, insertable=true, updatable=true, unique=false}
03:44:46.365 [main] DEBUG o.h.cfg.annotations.PropertyBinder - MetadataSourceProcessor property date with lazy=false
03:44:46.365 [main] DEBUG o.h.cfg.AbstractPropertyHolder - Attempting to locate auto-apply AttributeConverter for property [edu.ncsu.csc.itrust2.models.persistent.OfficeVisit:date]
03:44:46.365 [main] DEBUG o.h.c.annotations.SimpleValueBinder - building SimpleValue for date
03:44:46.365 [main] DEBUG o.h.cfg.annotations.PropertyBinder - Building property date
03:44:46.365 [main] DEBUG org.hibernate.cfg.Ejb3Column - Binding column: Ejb3JoinColumn{logicalColumnName='hcp_id', referencedColumn='', mappedBy=''}
03:44:46.366 [main] DEBUG org.hibernate.cfg.Ejb3Column - Binding column: Ejb3Column{table=org.hibernate.mapping.Table(OfficeVisits), mappingColumn=hcp, insertable=true, updatable=true, unique=false}
03:44:46.366 [main] DEBUG o.h.cfg.annotations.PropertyBinder - Building property hcp
03:44:46.367 [main] DEBUG org.hibernate.cfg.Ejb3Column - Binding column: Ejb3JoinColumn{logicalColumnName='hospital_id', referencedColumn='', mappedBy=''}
03:44:46.367 [main] DEBUG org.hibernate.cfg.Ejb3Column - Binding column: Ejb3Column{table=org.hibernate.mapping.Table(OfficeVisits), mappingColumn=hospital, insertable=true, updatable=true, unique=false}
03:44:46.367 [main] DEBUG o.h.cfg.annotations.PropertyBinder - Building property hospital
03:44:46.369 [main] DEBUG org.hibernate.cfg.Ejb3Column - Binding column: Ejb3Column{table=org.hibernate.mapping.Table(OfficeVisits), mappingColumn=notes, insertable=true, updatable=true, unique=false}
03:44:46.369 [main] DEBUG o.h.cfg.annotations.PropertyBinder - MetadataSourceProcessor property notes with lazy=false
03:44:46.370 [main] DEBUG o.h.cfg.AbstractPropertyHolder - Attempting to locate auto-apply AttributeConverter for property [edu.ncsu.csc.itrust2.models.persistent.OfficeVisit:notes]
03:44:46.370 [main] DEBUG o.h.c.annotations.SimpleValueBinder - building SimpleValue for notes
03:44:46.370 [main] DEBUG o.h.cfg.annotations.PropertyBinder - Building property notes
03:44:46.370 [main] DEBUG org.hibernate.cfg.Ejb3Column - Binding column: Ejb3JoinColumn{logicalColumnName='patient_id', referencedColumn='', mappedBy=''}
03:44:46.370 [main] DEBUG org.hibernate.cfg.Ejb3Column - Binding column: Ejb3Column{table=org.hibernate.mapping.Table(OfficeVisits), mappingColumn=patient, insertable=true, updatable=true, unique=false}
03:44:46.371 [main] DEBUG o.h.cfg.annotations.PropertyBinder - Building property patient
03:44:46.371 [main] DEBUG org.hibernate.cfg.Ejb3Column - Binding column: Ejb3JoinColumn{logicalColumnName='prescriptions_id', referencedColumn='', mappedBy=''}
03:44:46.371 [main] DEBUG org.hibernate.cfg.Ejb3Column - Binding column: Ejb3Column{table=org.hibernate.mapping.Table(OfficeVisits), mappingColumn=prescriptions, insertable=true, updatable=true, unique=false}
03:44:46.375 [main] DEBUG org.hibernate.cfg.Ejb3Column - Binding column: Ejb3Column{table=org.hibernate.mapping.Table(OfficeVisits), mappingColumn=null, insertable=true, updatable=true, unique=false}
03:44:46.414 [main] DEBUG org.hibernate.cfg.Ejb3Column - Binding column: Ejb3Column{table=org.hibernate.mapping.Table(OfficeVisits), mappingColumn=element, insertable=true, updatable=true, unique=false}
03:44:46.415 [main] DEBUG org.hibernate.cfg.Ejb3Column - Binding column: Ejb3Column{table=org.hibernate.mapping.Table(OfficeVisits), mappingColumn=prescriptions_KEY, insertable=true, updatable=true, unique=false}
03:44:46.416 [main] DEBUG org.hibernate.cfg.Ejb3Column - Binding column: Ejb3JoinColumn{logicalColumnName='prescriptions_KEY', referencedColumn='null', mappedBy='null'}
03:44:46.417 [main] DEBUG org.hibernate.cfg.Ejb3Column - Binding column: Ejb3JoinColumn{logicalColumnName='null', referencedColumn='null', mappedBy=''}
03:44:46.417 [main] DEBUG org.hibernate.cfg.Ejb3Column - Binding column: Ejb3JoinColumn{logicalColumnName='null', referencedColumn='null', mappedBy=''}
03:44:46.418 [main] DEBUG o.h.cfg.annotations.CollectionBinder - Collection role: edu.ncsu.csc.itrust2.models.persistent.OfficeVisit.prescriptions
03:44:46.422 [main] DEBUG o.h.cfg.annotations.PropertyBinder - Building property prescriptions
03:44:46.422 [main] DEBUG org.hibernate.cfg.Ejb3Column - Binding column: Ejb3Column{table=org.hibernate.mapping.Table(OfficeVisits), mappingColumn=type, insertable=true, updatable=true, unique=false}
03:44:46.422 [main] DEBUG o.h.cfg.annotations.PropertyBinder - MetadataSourceProcessor property type with lazy=false
03:44:46.422 [main] DEBUG o.h.cfg.AbstractPropertyHolder - Attempting to locate auto-apply AttributeConverter for property [edu.ncsu.csc.itrust2.models.persistent.OfficeVisit:type]
03:44:46.422 [main] DEBUG o.h.c.annotations.SimpleValueBinder - building SimpleValue for type
03:44:46.422 [main] DEBUG o.h.cfg.annotations.PropertyBinder - Building property type
03:44:46.423 [main] DEBUG org.hibernate.cfg.AnnotationBinder - Binding entity from annotated class: edu.ncsu.csc.itrust2.models.persistent.Hospital
03:44:46.423 [main] DEBUG org.hibernate.cfg.Ejb3Column - Binding column: Ejb3DiscriminatorColumn{logicalColumnName'DTYPE', discriminatorTypeName='string'}
03:44:46.423 [main] DEBUG o.h.cfg.annotations.EntityBinder - Import with entity name Hospital
03:44:46.423 [main] DEBUG o.h.cfg.annotations.EntityBinder - Bind entity edu.ncsu.csc.itrust2.models.persistent.Hospital on table Hospitals
03:44:46.427 [main] DEBUG org.hibernate.cfg.Ejb3Column - Binding column: Ejb3Column{table=org.hibernate.mapping.Table(Hospitals), mappingColumn=name, insertable=true, updatable=true, unique=false}
03:44:46.427 [main] DEBUG o.h.cfg.annotations.PropertyBinder - MetadataSourceProcessor property name with lazy=false
03:44:46.427 [main] DEBUG o.h.cfg.AbstractPropertyHolder - Attempting to locate auto-apply AttributeConverter for property [edu.ncsu.csc.itrust2.models.persistent.Hospital:name]
03:44:46.427 [main] DEBUG o.h.c.annotations.SimpleValueBinder - building SimpleValue for name
03:44:46.428 [main] DEBUG o.h.cfg.annotations.PropertyBinder - Building property name
03:44:46.430 [main] DEBUG org.hibernate.cfg.Ejb3Column - Binding column: Ejb3Column{table=org.hibernate.mapping.Table(Hospitals), mappingColumn=address, insertable=true, updatable=true, unique=false}
03:44:46.431 [main] DEBUG o.h.cfg.annotations.PropertyBinder - MetadataSourceProcessor property address with lazy=false
03:44:46.431 [main] DEBUG o.h.cfg.AbstractPropertyHolder - Attempting to locate auto-apply AttributeConverter for property [edu.ncsu.csc.itrust2.models.persistent.Hospital:address]
03:44:46.431 [main] DEBUG o.h.c.annotations.SimpleValueBinder - building SimpleValue for address
03:44:46.431 [main] DEBUG o.h.cfg.annotations.PropertyBinder - Building property address
03:44:46.431 [main] DEBUG org.hibernate.cfg.Ejb3Column - Binding column: Ejb3Column{table=org.hibernate.mapping.Table(Hospitals), mappingColumn=state, insertable=true, updatable=true, unique=false}
03:44:46.431 [main] DEBUG o.h.cfg.annotations.PropertyBinder - MetadataSourceProcessor property state with lazy=false
03:44:46.431 [main] DEBUG o.h.cfg.AbstractPropertyHolder - Attempting to locate auto-apply AttributeConverter for property [edu.ncsu.csc.itrust2.models.persistent.Hospital:state]
03:44:46.432 [main] DEBUG o.h.c.annotations.SimpleValueBinder - building SimpleValue for state
03:44:46.432 [main] DEBUG o.h.cfg.annotations.PropertyBinder - Building property state
03:44:46.432 [main] DEBUG org.hibernate.cfg.Ejb3Column - Binding column: Ejb3Column{table=org.hibernate.mapping.Table(Hospitals), mappingColumn=zip, insertable=true, updatable=true, unique=false}
03:44:46.432 [main] DEBUG o.h.cfg.annotations.PropertyBinder - MetadataSourceProcessor property zip with lazy=false
03:44:46.432 [main] DEBUG o.h.cfg.AbstractPropertyHolder - Attempting to locate auto-apply AttributeConverter for property [edu.ncsu.csc.itrust2.models.persistent.Hospital:zip]
03:44:46.432 [main] DEBUG o.h.c.annotations.SimpleValueBinder - building SimpleValue for zip
03:44:46.432 [main] DEBUG o.h.cfg.annotations.PropertyBinder - Building property zip
03:44:46.432 [main] DEBUG org.hibernate.cfg.AnnotationBinder - Binding entity from annotated class: edu.ncsu.csc.itrust2.models.persistent.Patient
03:44:46.432 [main] DEBUG org.hibernate.cfg.Ejb3Column - Binding column: Ejb3DiscriminatorColumn{logicalColumnName'DTYPE', discriminatorTypeName='string'}
03:44:46.432 [main] DEBUG o.h.cfg.annotations.EntityBinder - Import with entity name Patient
03:44:46.432 [main] DEBUG o.h.cfg.annotations.EntityBinder - Bind entity edu.ncsu.csc.itrust2.models.persistent.Patient on table Patients
03:44:46.434 [main] DEBUG org.hibernate.cfg.Ejb3Column - Binding column: Ejb3JoinColumn{logicalColumnName='self_id', referencedColumn='', mappedBy=''}
03:44:46.434 [main] DEBUG org.hibernate.cfg.Ejb3Column - Binding column: Ejb3Column{table=org.hibernate.mapping.Table(Patients), mappingColumn=self, insertable=true, updatable=true, unique=false}
03:44:46.435 [main] DEBUG o.h.cfg.annotations.PropertyBinder - Building property self
03:44:46.440 [main] DEBUG org.hibernate.cfg.Ejb3Column - Binding column: Ejb3Column{table=org.hibernate.mapping.Table(Patients), mappingColumn=address1, insertable=true, updatable=true, unique=false}
03:44:46.441 [main] DEBUG o.h.cfg.annotations.PropertyBinder - MetadataSourceProcessor property address1 with lazy=false
03:44:46.441 [main] DEBUG o.h.cfg.AbstractPropertyHolder - Attempting to locate auto-apply AttributeConverter for property [edu.ncsu.csc.itrust2.models.persistent.Patient:address1]
03:44:46.441 [main] DEBUG o.h.c.annotations.SimpleValueBinder - building SimpleValue for address1
03:44:46.441 [main] DEBUG o.h.cfg.annotations.PropertyBinder - Building property address1
03:44:46.442 [main] DEBUG org.hibernate.cfg.Ejb3Column - Binding column: Ejb3Column{table=org.hibernate.mapping.Table(Patients), mappingColumn=address2, insertable=true, updatable=true, unique=false}
03:44:46.442 [main] DEBUG o.h.cfg.annotations.PropertyBinder - MetadataSourceProcessor property address2 with lazy=false
03:44:46.442 [main] DEBUG o.h.cfg.AbstractPropertyHolder - Attempting to locate auto-apply AttributeConverter for property [edu.ncsu.csc.itrust2.models.persistent.Patient:address2]
03:44:46.443 [main] DEBUG o.h.c.annotations.SimpleValueBinder - building SimpleValue for address2
03:44:46.443 [main] DEBUG o.h.cfg.annotations.PropertyBinder - Building property address2
03:44:46.444 [main] DEBUG org.hibernate.cfg.Ejb3Column - Binding column: Ejb3Column{table=org.hibernate.mapping.Table(Patients), mappingColumn=bloodType, insertable=true, updatable=true, unique=false}
03:44:46.444 [main] DEBUG o.h.cfg.annotations.PropertyBinder - MetadataSourceProcessor property bloodType with lazy=false
03:44:46.444 [main] DEBUG o.h.cfg.AbstractPropertyHolder - Attempting to locate auto-apply AttributeConverter for property [edu.ncsu.csc.itrust2.models.persistent.Patient:bloodType]
03:44:46.444 [main] DEBUG o.h.c.annotations.SimpleValueBinder - building SimpleValue for bloodType
03:44:46.444 [main] DEBUG o.h.cfg.annotations.PropertyBinder - Building property bloodType
03:44:46.445 [main] DEBUG org.hibernate.cfg.Ejb3Column - Binding column: Ejb3Column{table=org.hibernate.mapping.Table(Patients), mappingColumn=causeOfDeath, insertable=true, updatable=true, unique=false}
03:44:46.445 [main] DEBUG o.h.cfg.annotations.PropertyBinder - MetadataSourceProcessor property causeOfDeath with lazy=false
03:44:46.445 [main] DEBUG o.h.cfg.AbstractPropertyHolder - Attempting to locate auto-apply AttributeConverter for property [edu.ncsu.csc.itrust2.models.persistent.Patient:causeOfDeath]
03:44:46.445 [main] DEBUG o.h.c.annotations.SimpleValueBinder - building SimpleValue for causeOfDeath
03:44:46.445 [main] DEBUG o.h.cfg.annotations.PropertyBinder - Building property causeOfDeath
03:44:46.446 [main] DEBUG org.hibernate.cfg.Ejb3Column - Binding column: Ejb3Column{table=org.hibernate.mapping.Table(Patients), mappingColumn=city, insertable=true, updatable=true, unique=false}
03:44:46.446 [main] DEBUG o.h.cfg.annotations.PropertyBinder - MetadataSourceProcessor property city with lazy=false
03:44:46.446 [main] DEBUG o.h.cfg.AbstractPropertyHolder - Attempting to locate auto-apply AttributeConverter for property [edu.ncsu.csc.itrust2.models.persistent.Patient:city]
03:44:46.446 [main] DEBUG o.h.c.annotations.SimpleValueBinder - building SimpleValue for city
03:44:46.446 [main] DEBUG o.h.cfg.annotations.PropertyBinder - Building property city
03:44:46.446 [main] DEBUG org.hibernate.cfg.Ejb3Column - Binding column: Ejb3Column{table=org.hibernate.mapping.Table(Patients), mappingColumn=dateOfBirth, insertable=true, updatable=true, unique=false}
03:44:46.446 [main] DEBUG o.h.cfg.annotations.PropertyBinder - MetadataSourceProcessor property dateOfBirth with lazy=false
03:44:46.446 [main] DEBUG o.h.cfg.AbstractPropertyHolder - Attempting to locate auto-apply AttributeConverter for property [edu.ncsu.csc.itrust2.models.persistent.Patient:dateOfBirth]
03:44:46.446 [main] DEBUG o.h.c.annotations.SimpleValueBinder - building SimpleValue for dateOfBirth
03:44:46.446 [main] DEBUG o.h.cfg.annotations.PropertyBinder - Building property dateOfBirth
03:44:46.446 [main] DEBUG org.hibernate.cfg.Ejb3Column - Binding column: Ejb3Column{table=org.hibernate.mapping.Table(Patients), mappingColumn=dateOfDeath, insertable=true, updatable=true, unique=false}
03:44:46.447 [main] DEBUG o.h.cfg.annotations.PropertyBinder - MetadataSourceProcessor property dateOfDeath with lazy=false
03:44:46.447 [main] DEBUG o.h.cfg.AbstractPropertyHolder - Attempting to locate auto-apply AttributeConverter for property [edu.ncsu.csc.itrust2.models.persistent.Patient:dateOfDeath]
03:44:46.447 [main] DEBUG o.h.c.annotations.SimpleValueBinder - building SimpleValue for dateOfDeath
03:44:46.447 [main] DEBUG o.h.cfg.annotations.PropertyBinder - Building property dateOfDeath
03:44:46.447 [main] DEBUG org.hibernate.cfg.Ejb3Column - Binding column: Ejb3Column{table=org.hibernate.mapping.Table(Patients), mappingColumn=email, insertable=true, updatable=true, unique=false}
03:44:46.447 [main] DEBUG o.h.cfg.annotations.PropertyBinder - MetadataSourceProcessor property email with lazy=false
03:44:46.447 [main] DEBUG o.h.cfg.AbstractPropertyHolder - Attempting to locate auto-apply AttributeConverter for property [edu.ncsu.csc.itrust2.models.persistent.Patient:email]
03:44:46.447 [main] DEBUG o.h.c.annotations.SimpleValueBinder - building SimpleValue for email
03:44:46.447 [main] DEBUG o.h.cfg.annotations.PropertyBinder - Building property email
03:44:46.448 [main] DEBUG org.hibernate.cfg.Ejb3Column - Binding column: Ejb3Column{table=org.hibernate.mapping.Table(Patients), mappingColumn=ethnicity, insertable=true, updatable=true, unique=false}
03:44:46.448 [main] DEBUG o.h.cfg.annotations.PropertyBinder - MetadataSourceProcessor property ethnicity with lazy=false
03:44:46.448 [main] DEBUG o.h.cfg.AbstractPropertyHolder - Attempting to locate auto-apply AttributeConverter for property [edu.ncsu.csc.itrust2.models.persistent.Patient:ethnicity]
03:44:46.448 [main] DEBUG o.h.c.annotations.SimpleValueBinder - building SimpleValue for ethnicity
03:44:46.448 [main] DEBUG o.h.cfg.annotations.PropertyBinder - Building property ethnicity
03:44:46.448 [main] DEBUG org.hibernate.cfg.Ejb3Column - Binding column: Ejb3JoinColumn{logicalColumnName='father_id', referencedColumn='', mappedBy=''}
03:44:46.448 [main] DEBUG org.hibernate.cfg.Ejb3Column - Binding column: Ejb3Column{table=org.hibernate.mapping.Table(Patients), mappingColumn=father, insertable=true, updatable=true, unique=false}
03:44:46.448 [main] DEBUG o.h.cfg.annotations.PropertyBinder - Building property father
03:44:46.449 [main] DEBUG org.hibernate.cfg.Ejb3Column - Binding column: Ejb3Column{table=org.hibernate.mapping.Table(Patients), mappingColumn=firstName, insertable=true, updatable=true, unique=false}
03:44:46.449 [main] DEBUG o.h.cfg.annotations.PropertyBinder - MetadataSourceProcessor property firstName with lazy=false
03:44:46.449 [main] DEBUG o.h.cfg.AbstractPropertyHolder - Attempting to locate auto-apply AttributeConverter for property [edu.ncsu.csc.itrust2.models.persistent.Patient:firstName]
03:44:46.449 [main] DEBUG o.h.c.annotations.SimpleValueBinder - building SimpleValue for firstName
03:44:46.449 [main] DEBUG o.h.cfg.annotations.PropertyBinder - Building property firstName
03:44:46.449 [main] DEBUG org.hibernate.cfg.Ejb3Column - Binding column: Ejb3Column{table=org.hibernate.mapping.Table(Patients), mappingColumn=gender, insertable=true, updatable=true, unique=false}
03:44:46.449 [main] DEBUG o.h.cfg.annotations.PropertyBinder - MetadataSourceProcessor property gender with lazy=false
03:44:46.449 [main] DEBUG o.h.cfg.AbstractPropertyHolder - Attempting to locate auto-apply AttributeConverter for property [edu.ncsu.csc.itrust2.models.persistent.Patient:gender]
03:44:46.449 [main] DEBUG o.h.c.annotations.SimpleValueBinder - building SimpleValue for gender
03:44:46.449 [main] DEBUG o.h.cfg.annotations.PropertyBinder - Building property gender
03:44:46.450 [main] DEBUG org.hibernate.cfg.Ejb3Column - Binding column: Ejb3Column{table=org.hibernate.mapping.Table(Patients), mappingColumn=id, insertable=true, updatable=true, unique=false}
03:44:46.450 [main] DEBUG o.h.cfg.annotations.PropertyBinder - MetadataSourceProcessor property id with lazy=false
03:44:46.450 [main] DEBUG o.h.cfg.AbstractPropertyHolder - Attempting to locate auto-apply AttributeConverter for property [edu.ncsu.csc.itrust2.models.persistent.Patient:id]
03:44:46.450 [main] DEBUG o.h.c.annotations.SimpleValueBinder - building SimpleValue for id
03:44:46.450 [main] DEBUG o.h.cfg.annotations.PropertyBinder - Building property id
03:44:46.450 [main] DEBUG org.hibernate.cfg.Ejb3Column - Binding column: Ejb3Column{table=org.hibernate.mapping.Table(Patients), mappingColumn=lastName, insertable=true, updatable=true, unique=false}
03:44:46.450 [main] DEBUG o.h.cfg.annotations.PropertyBinder - MetadataSourceProcessor property lastName with lazy=false
03:44:46.450 [main] DEBUG o.h.cfg.AbstractPropertyHolder - Attempting to locate auto-apply AttributeConverter for property [edu.ncsu.csc.itrust2.models.persistent.Patient:lastName]
03:44:46.450 [main] DEBUG o.h.c.annotations.SimpleValueBinder - building SimpleValue for lastName
03:44:46.451 [main] DEBUG o.h.cfg.annotations.PropertyBinder - Building property lastName
03:44:46.452 [main] DEBUG org.hibernate.cfg.Ejb3Column - Binding column: Ejb3JoinColumn{logicalColumnName='mother_id', referencedColumn='', mappedBy=''}
03:44:46.452 [main] DEBUG org.hibernate.cfg.Ejb3Column - Binding column: Ejb3Column{table=org.hibernate.mapping.Table(Patients), mappingColumn=mother, insertable=true, updatable=true, unique=false}
03:44:46.452 [main] DEBUG o.h.cfg.annotations.PropertyBinder - Building property mother
03:44:46.452 [main] DEBUG org.hibernate.cfg.Ejb3Column - Binding column: Ejb3Column{table=org.hibernate.mapping.Table(Patients), mappingColumn=phone, insertable=true, updatable=true, unique=false}
03:44:46.452 [main] DEBUG o.h.cfg.annotations.PropertyBinder - MetadataSourceProcessor property phone with lazy=false
03:44:46.452 [main] DEBUG o.h.cfg.AbstractPropertyHolder - Attempting to locate auto-apply AttributeConverter for property [edu.ncsu.csc.itrust2.models.persistent.Patient:phone]
03:44:46.453 [main] DEBUG o.h.c.annotations.SimpleValueBinder - building SimpleValue for phone
03:44:46.453 [main] DEBUG o.h.cfg.annotations.PropertyBinder - Building property phone
03:44:46.453 [main] DEBUG org.hibernate.cfg.Ejb3Column - Binding column: Ejb3Column{table=org.hibernate.mapping.Table(Patients), mappingColumn=preferredName, insertable=true, updatable=true, unique=false}
03:44:46.453 [main] DEBUG o.h.cfg.annotations.PropertyBinder - MetadataSourceProcessor property preferredName with lazy=false
03:44:46.453 [main] DEBUG o.h.cfg.AbstractPropertyHolder - Attempting to locate auto-apply AttributeConverter for property [edu.ncsu.csc.itrust2.models.persistent.Patient:preferredName]
03:44:46.454 [main] DEBUG o.h.c.annotations.SimpleValueBinder - building SimpleValue for preferredName
03:44:46.454 [main] DEBUG o.h.cfg.annotations.PropertyBinder - Building property preferredName
03:44:46.454 [main] DEBUG org.hibernate.cfg.Ejb3Column - Binding column: Ejb3Column{table=org.hibernate.mapping.Table(Patients), mappingColumn=state, insertable=true, updatable=true, unique=false}
03:44:46.455 [main] DEBUG o.h.cfg.annotations.PropertyBinder - MetadataSourceProcessor property state with lazy=false
03:44:46.455 [main] DEBUG o.h.cfg.AbstractPropertyHolder - Attempting to locate auto-apply AttributeConverter for property [edu.ncsu.csc.itrust2.models.persistent.Patient:state]
03:44:46.456 [main] DEBUG o.h.c.annotations.SimpleValueBinder - building SimpleValue for state
03:44:46.456 [main] DEBUG o.h.cfg.annotations.PropertyBinder - Building property state
03:44:46.456 [main] DEBUG org.hibernate.cfg.Ejb3Column - Binding column: Ejb3Column{table=org.hibernate.mapping.Table(Patients), mappingColumn=zip, insertable=true, updatable=true, unique=false}
03:44:46.457 [main] DEBUG o.h.cfg.annotations.PropertyBinder - MetadataSourceProcessor property zip with lazy=false
03:44:46.457 [main] DEBUG o.h.cfg.AbstractPropertyHolder - Attempting to locate auto-apply AttributeConverter for property [edu.ncsu.csc.itrust2.models.persistent.Patient:zip]
03:44:46.457 [main] DEBUG o.h.c.annotations.SimpleValueBinder - building SimpleValue for zip
03:44:46.457 [main] DEBUG o.h.cfg.annotations.PropertyBinder - Building property zip
03:44:46.457 [main] DEBUG org.hibernate.cfg.AnnotationBinder - Binding entity from annotated class: edu.ncsu.csc.itrust2.models.persistent.Personnel
03:44:46.458 [main] DEBUG org.hibernate.cfg.Ejb3Column - Binding column: Ejb3DiscriminatorColumn{logicalColumnName'DTYPE', discriminatorTypeName='string'}
03:44:46.458 [main] DEBUG o.h.cfg.annotations.EntityBinder - Import with entity name Personnel
03:44:46.458 [main] DEBUG o.h.cfg.annotations.EntityBinder - Bind entity edu.ncsu.csc.itrust2.models.persistent.Personnel on table Personnel
03:44:46.460 [main] DEBUG org.hibernate.cfg.Ejb3Column - Binding column: Ejb3Column{table=org.hibernate.mapping.Table(Personnel), mappingColumn=id, insertable=true, updatable=true, unique=false}
03:44:46.460 [main] DEBUG o.h.cfg.annotations.PropertyBinder - MetadataSourceProcessor property id with lazy=false
03:44:46.460 [main] DEBUG o.h.cfg.AbstractPropertyHolder - Attempting to locate auto-apply AttributeConverter for property [edu.ncsu.csc.itrust2.models.persistent.Personnel:id]
03:44:46.460 [main] DEBUG o.h.c.annotations.SimpleValueBinder - building SimpleValue for id
03:44:46.461 [main] DEBUG o.h.cfg.annotations.PropertyBinder - Building property id
03:44:46.461 [main] DEBUG org.hibernate.cfg.Ejb3Column - Binding column: Ejb3Column{table=org.hibernate.mapping.Table(Personnel), mappingColumn=address1, insertable=true, updatable=true, unique=false}
03:44:46.461 [main] DEBUG o.h.cfg.annotations.PropertyBinder - MetadataSourceProcessor property address1 with lazy=false
03:44:46.461 [main] DEBUG o.h.cfg.AbstractPropertyHolder - Attempting to locate auto-apply AttributeConverter for property [edu.ncsu.csc.itrust2.models.persistent.Personnel:address1]
03:44:46.461 [main] DEBUG o.h.c.annotations.SimpleValueBinder - building SimpleValue for address1
03:44:46.461 [main] DEBUG o.h.cfg.annotations.PropertyBinder - Building property address1
03:44:46.462 [main] DEBUG org.hibernate.cfg.Ejb3Column - Binding column: Ejb3Column{table=org.hibernate.mapping.Table(Personnel), mappingColumn=address2, insertable=true, updatable=true, unique=false}
03:44:46.462 [main] DEBUG o.h.cfg.annotations.PropertyBinder - MetadataSourceProcessor property address2 with lazy=false
03:44:46.462 [main] DEBUG o.h.cfg.AbstractPropertyHolder - Attempting to locate auto-apply AttributeConverter for property [edu.ncsu.csc.itrust2.models.persistent.Personnel:address2]
03:44:46.462 [main] DEBUG o.h.c.annotations.SimpleValueBinder - building SimpleValue for address2
03:44:46.462 [main] DEBUG o.h.cfg.annotations.PropertyBinder - Building property address2
03:44:46.462 [main] DEBUG org.hibernate.cfg.Ejb3Column - Binding column: Ejb3Column{table=org.hibernate.mapping.Table(Personnel), mappingColumn=city, insertable=true, updatable=true, unique=false}
03:44:46.463 [main] DEBUG o.h.cfg.annotations.PropertyBinder - MetadataSourceProcessor property city with lazy=false
03:44:46.463 [main] DEBUG o.h.cfg.AbstractPropertyHolder - Attempting to locate auto-apply AttributeConverter for property [edu.ncsu.csc.itrust2.models.persistent.Personnel:city]
03:44:46.463 [main] DEBUG o.h.c.annotations.SimpleValueBinder - building SimpleValue for city
03:44:46.463 [main] DEBUG o.h.cfg.annotations.PropertyBinder - Building property city
03:44:46.464 [main] DEBUG org.hibernate.cfg.Ejb3Column - Binding column: Ejb3Column{table=org.hibernate.mapping.Table(Personnel), mappingColumn=email, insertable=true, updatable=true, unique=false}
03:44:46.464 [main] DEBUG o.h.cfg.annotations.PropertyBinder - MetadataSourceProcessor property email with lazy=false
03:44:46.464 [main] DEBUG o.h.cfg.AbstractPropertyHolder - Attempting to locate auto-apply AttributeConverter for property [edu.ncsu.csc.itrust2.models.persistent.Personnel:email]
03:44:46.464 [main] DEBUG o.h.c.annotations.SimpleValueBinder - building SimpleValue for email
03:44:46.464 [main] DEBUG o.h.cfg.annotations.PropertyBinder - Building property email
03:44:46.465 [main] DEBUG org.hibernate.cfg.Ejb3Column - Binding column: Ejb3Column{table=org.hibernate.mapping.Table(Personnel), mappingColumn=enabled, insertable=true, updatable=true, unique=false}
03:44:46.465 [main] DEBUG o.h.cfg.annotations.PropertyBinder - MetadataSourceProcessor property enabled with lazy=false
03:44:46.465 [main] DEBUG o.h.cfg.AbstractPropertyHolder - Attempting to locate auto-apply AttributeConverter for property [edu.ncsu.csc.itrust2.models.persistent.Personnel:enabled]
03:44:46.465 [main] DEBUG o.h.c.annotations.SimpleValueBinder - building SimpleValue for enabled
03:44:46.466 [main] DEBUG o.h.cfg.annotations.PropertyBinder - Building property enabled
03:44:46.466 [main] DEBUG org.hibernate.cfg.Ejb3Column - Binding column: Ejb3Column{table=org.hibernate.mapping.Table(Personnel), mappingColumn=firstName, insertable=true, updatable=true, unique=false}
03:44:46.466 [main] DEBUG o.h.cfg.annotations.PropertyBinder - MetadataSourceProcessor property firstName with lazy=false
03:44:46.466 [main] DEBUG o.h.cfg.AbstractPropertyHolder - Attempting to locate auto-apply AttributeConverter for property [edu.ncsu.csc.itrust2.models.persistent.Personnel:firstName]
03:44:46.466 [main] DEBUG o.h.c.annotations.SimpleValueBinder - building SimpleValue for firstName
03:44:46.467 [main] DEBUG o.h.cfg.annotations.PropertyBinder - Building property firstName
03:44:46.467 [main] DEBUG org.hibernate.cfg.Ejb3Column - Binding column: Ejb3Column{table=org.hibernate.mapping.Table(Personnel), mappingColumn=lastName, insertable=true, updatable=true, unique=false}
03:44:46.467 [main] DEBUG o.h.cfg.annotations.PropertyBinder - MetadataSourceProcessor property lastName with lazy=false
03:44:46.467 [main] DEBUG o.h.cfg.AbstractPropertyHolder - Attempting to locate auto-apply AttributeConverter for property [edu.ncsu.csc.itrust2.models.persistent.Personnel:lastName]
03:44:46.468 [main] DEBUG o.h.c.annotations.SimpleValueBinder - building SimpleValue for lastName
03:44:46.468 [main] DEBUG o.h.cfg.annotations.PropertyBinder - Building property lastName
03:44:46.468 [main] DEBUG org.hibernate.cfg.Ejb3Column - Binding column: Ejb3Column{table=org.hibernate.mapping.Table(Personnel), mappingColumn=phone, insertable=true, updatable=true, unique=false}
03:44:46.468 [main] DEBUG o.h.cfg.annotations.PropertyBinder - MetadataSourceProcessor property phone with lazy=false
03:44:46.468 [main] DEBUG o.h.cfg.AbstractPropertyHolder - Attempting to locate auto-apply AttributeConverter for property [edu.ncsu.csc.itrust2.models.persistent.Personnel:phone]
03:44:46.469 [main] DEBUG o.h.c.annotations.SimpleValueBinder - building SimpleValue for phone
03:44:46.469 [main] DEBUG o.h.cfg.annotations.PropertyBinder - Building property phone
03:44:46.469 [main] DEBUG org.hibernate.cfg.Ejb3Column - Binding column: Ejb3JoinColumn{logicalColumnName='self_id', referencedColumn='', mappedBy=''}
03:44:46.469 [main] DEBUG org.hibernate.cfg.Ejb3Column - Binding column: Ejb3Column{table=org.hibernate.mapping.Table(Personnel), mappingColumn=self, insertable=true, updatable=true, unique=false}
03:44:46.470 [main] DEBUG o.h.cfg.annotations.PropertyBinder - Building property self
03:44:46.470 [main] DEBUG org.hibernate.cfg.Ejb3Column - Binding column: Ejb3Column{table=org.hibernate.mapping.Table(Personnel), mappingColumn=specialty, insertable=true, updatable=true, unique=false}
03:44:46.470 [main] DEBUG o.h.cfg.annotations.PropertyBinder - MetadataSourceProcessor property specialty with lazy=false
03:44:46.470 [main] DEBUG o.h.cfg.AbstractPropertyHolder - Attempting to locate auto-apply AttributeConverter for property [edu.ncsu.csc.itrust2.models.persistent.Personnel:specialty]
03:44:46.470 [main] DEBUG o.h.c.annotations.SimpleValueBinder - building SimpleValue for specialty
03:44:46.471 [main] DEBUG o.h.cfg.annotations.PropertyBinder - Building property specialty
03:44:46.471 [main] DEBUG org.hibernate.cfg.Ejb3Column - Binding column: Ejb3Column{table=org.hibernate.mapping.Table(Personnel), mappingColumn=state, insertable=true, updatable=true, unique=false}
03:44:46.471 [main] DEBUG o.h.cfg.annotations.PropertyBinder - MetadataSourceProcessor property state with lazy=false
03:44:46.471 [main] DEBUG o.h.cfg.AbstractPropertyHolder - Attempting to locate auto-apply AttributeConverter for property [edu.ncsu.csc.itrust2.models.persistent.Personnel:state]
03:44:46.471 [main] DEBUG o.h.c.annotations.SimpleValueBinder - building SimpleValue for state
03:44:46.471 [main] DEBUG o.h.cfg.annotations.PropertyBinder - Building property state
03:44:46.472 [main] DEBUG org.hibernate.cfg.Ejb3Column - Binding column: Ejb3Column{table=org.hibernate.mapping.Table(Personnel), mappingColumn=zip, insertable=true, updatable=true, unique=false}
03:44:46.472 [main] DEBUG o.h.cfg.annotations.PropertyBinder - MetadataSourceProcessor property zip with lazy=false
03:44:46.472 [main] DEBUG o.h.cfg.AbstractPropertyHolder - Attempting to locate auto-apply AttributeConverter for property [edu.ncsu.csc.itrust2.models.persistent.Personnel:zip]
03:44:46.472 [main] DEBUG o.h.c.annotations.SimpleValueBinder - building SimpleValue for zip
03:44:46.472 [main] DEBUG o.h.cfg.annotations.PropertyBinder - Building property zip
03:44:46.473 [main] DEBUG org.hibernate.cfg.AnnotationBinder - Binding entity from annotated class: edu.ncsu.csc.itrust2.models.persistent.BasicHealthMetrics
03:44:46.473 [main] DEBUG org.hibernate.cfg.Ejb3Column - Binding column: Ejb3DiscriminatorColumn{logicalColumnName'DTYPE', discriminatorTypeName='string'}
03:44:46.473 [main] DEBUG o.h.cfg.annotations.EntityBinder - Import with entity name BasicHealthMetrics
03:44:46.473 [main] DEBUG o.h.cfg.annotations.EntityBinder - Bind entity edu.ncsu.csc.itrust2.models.persistent.BasicHealthMetrics on table BasicHealthMetrics
03:44:46.475 [main] DEBUG org.hibernate.cfg.Ejb3Column - Binding column: Ejb3Column{table=org.hibernate.mapping.Table(BasicHealthMetrics), mappingColumn=id, insertable=true, updatable=true, unique=false}
03:44:46.476 [main] DEBUG o.h.cfg.annotations.PropertyBinder - MetadataSourceProcessor property id with lazy=false
03:44:46.476 [main] DEBUG o.h.cfg.AbstractPropertyHolder - Attempting to locate auto-apply AttributeConverter for property [edu.ncsu.csc.itrust2.models.persistent.BasicHealthMetrics:id]
03:44:46.476 [main] DEBUG o.h.c.annotations.SimpleValueBinder - building SimpleValue for id
03:44:46.476 [main] DEBUG o.h.cfg.annotations.PropertyBinder - Building property id
03:44:46.477 [main] DEBUG org.hibernate.cfg.Ejb3Column - Binding column: Ejb3Column{table=org.hibernate.mapping.Table(BasicHealthMetrics), mappingColumn=diastolic, insertable=true, updatable=true, unique=false}
03:44:46.477 [main] DEBUG o.h.cfg.annotations.PropertyBinder - MetadataSourceProcessor property diastolic with lazy=false
03:44:46.477 [main] DEBUG o.h.cfg.AbstractPropertyHolder - Attempting to locate auto-apply AttributeConverter for property [edu.ncsu.csc.itrust2.models.persistent.BasicHealthMetrics:diastolic]
03:44:46.477 [main] DEBUG o.h.c.annotations.SimpleValueBinder - building SimpleValue for diastolic
03:44:46.477 [main] DEBUG o.h.cfg.annotations.PropertyBinder - Building property diastolic
03:44:46.478 [main] DEBUG org.hibernate.cfg.Ejb3Column - Binding column: Ejb3JoinColumn{logicalColumnName='hcp_id', referencedColumn='', mappedBy=''}
03:44:46.478 [main] DEBUG org.hibernate.cfg.Ejb3Column - Binding column: Ejb3Column{table=org.hibernate.mapping.Table(BasicHealthMetrics), mappingColumn=hcp, insertable=true, updatable=true, unique=false}
03:44:46.478 [main] DEBUG o.h.cfg.annotations.PropertyBinder - Building property hcp
03:44:46.479 [main] DEBUG org.hibernate.cfg.Ejb3Column - Binding column: Ejb3Column{table=org.hibernate.mapping.Table(BasicHealthMetrics), mappingColumn=hdl, insertable=true, updatable=true, unique=false}
03:44:46.479 [main] DEBUG o.h.cfg.annotations.PropertyBinder - MetadataSourceProcessor property hdl with lazy=false
03:44:46.479 [main] DEBUG o.h.cfg.AbstractPropertyHolder - Attempting to locate auto-apply AttributeConverter for property [edu.ncsu.csc.itrust2.models.persistent.BasicHealthMetrics:hdl]
03:44:46.479 [main] DEBUG o.h.c.annotations.SimpleValueBinder - building SimpleValue for hdl
03:44:46.479 [main] DEBUG o.h.cfg.annotations.PropertyBinder - Building property hdl
03:44:46.480 [main] DEBUG org.hibernate.cfg.Ejb3Column - Binding column: Ejb3Column{table=org.hibernate.mapping.Table(BasicHealthMetrics), mappingColumn=headCircumference, insertable=true, updatable=true, unique=false}
03:44:46.480 [main] DEBUG o.h.cfg.annotations.PropertyBinder - MetadataSourceProcessor property headCircumference with lazy=false
03:44:46.480 [main] DEBUG o.h.cfg.AbstractPropertyHolder - Attempting to locate auto-apply AttributeConverter for property [edu.ncsu.csc.itrust2.models.persistent.BasicHealthMetrics:headCircumference]
03:44:46.480 [main] DEBUG o.h.c.annotations.SimpleValueBinder - building SimpleValue for headCircumference
03:44:46.481 [main] DEBUG o.h.cfg.annotations.PropertyBinder - Building property headCircumference
03:44:46.481 [main] DEBUG org.hibernate.cfg.Ejb3Column - Binding column: Ejb3Column{table=org.hibernate.mapping.Table(BasicHealthMetrics), mappingColumn=height, insertable=true, updatable=true, unique=false}
03:44:46.481 [main] DEBUG o.h.cfg.annotations.PropertyBinder - MetadataSourceProcessor property height with lazy=false
03:44:46.481 [main] DEBUG o.h.cfg.AbstractPropertyHolder - Attempting to locate auto-apply AttributeConverter for property [edu.ncsu.csc.itrust2.models.persistent.BasicHealthMetrics:height]
03:44:46.481 [main] DEBUG o.h.c.annotations.SimpleValueBinder - building SimpleValue for height
03:44:46.482 [main] DEBUG o.h.cfg.annotations.PropertyBinder - Building property height
03:44:46.482 [main] DEBUG org.hibernate.cfg.Ejb3Column - Binding column: Ejb3Column{table=org.hibernate.mapping.Table(BasicHealthMetrics), mappingColumn=houseSmokingStatus, insertable=true, updatable=true, unique=false}
03:44:46.482 [main] DEBUG o.h.cfg.annotations.PropertyBinder - MetadataSourceProcessor property houseSmokingStatus with lazy=false
03:44:46.483 [main] DEBUG o.h.cfg.AbstractPropertyHolder - Attempting to locate auto-apply AttributeConverter for property [edu.ncsu.csc.itrust2.models.persistent.BasicHealthMetrics:houseSmokingStatus]
03:44:46.483 [main] DEBUG o.h.c.annotations.SimpleValueBinder - building SimpleValue for houseSmokingStatus
03:44:46.483 [main] DEBUG o.h.cfg.annotations.PropertyBinder - Building property houseSmokingStatus
03:44:46.483 [main] DEBUG org.hibernate.cfg.Ejb3Column - Binding column: Ejb3Column{table=org.hibernate.mapping.Table(BasicHealthMetrics), mappingColumn=ldl, insertable=true, updatable=true, unique=false}
03:44:46.483 [main] DEBUG o.h.cfg.annotations.PropertyBinder - MetadataSourceProcessor property ldl with lazy=false
03:44:46.484 [main] DEBUG o.h.cfg.AbstractPropertyHolder - Attempting to locate auto-apply AttributeConverter for property [edu.ncsu.csc.itrust2.models.persistent.BasicHealthMetrics:ldl]
03:44:46.484 [main] DEBUG o.h.c.annotations.SimpleValueBinder - building SimpleValue for ldl
03:44:46.484 [main] DEBUG o.h.cfg.annotations.PropertyBinder - Building property ldl
03:44:46.484 [main] DEBUG org.hibernate.cfg.Ejb3Column - Binding column: Ejb3JoinColumn{logicalColumnName='patient_id', referencedColumn='', mappedBy=''}
03:44:46.484 [main] DEBUG org.hibernate.cfg.Ejb3Column - Binding column: Ejb3Column{table=org.hibernate.mapping.Table(BasicHealthMetrics), mappingColumn=patient, insertable=true, updatable=true, unique=false}
03:44:46.485 [main] DEBUG o.h.cfg.annotations.PropertyBinder - Building property patient
03:44:46.485 [main] DEBUG org.hibernate.cfg.Ejb3Column - Binding column: Ejb3Column{table=org.hibernate.mapping.Table(BasicHealthMetrics), mappingColumn=patientSmokingStatus, insertable=true, updatable=true, unique=false}
03:44:46.485 [main] DEBUG o.h.cfg.annotations.PropertyBinder - MetadataSourceProcessor property patientSmokingStatus with lazy=false
03:44:46.485 [main] DEBUG o.h.cfg.AbstractPropertyHolder - Attempting to locate auto-apply AttributeConverter for property [edu.ncsu.csc.itrust2.models.persistent.BasicHealthMetrics:patientSmokingStatus]
03:44:46.486 [main] DEBUG o.h.c.annotations.SimpleValueBinder - building SimpleValue for patientSmokingStatus
03:44:46.486 [main] DEBUG o.h.cfg.annotations.PropertyBinder - Building property patientSmokingStatus
03:44:46.486 [main] DEBUG org.hibernate.cfg.Ejb3Column - Binding column: Ejb3Column{table=org.hibernate.mapping.Table(BasicHealthMetrics), mappingColumn=systolic, insertable=true, updatable=true, unique=false}
03:44:46.486 [main] DEBUG o.h.cfg.annotations.PropertyBinder - MetadataSourceProcessor property systolic with lazy=false
03:44:46.486 [main] DEBUG o.h.cfg.AbstractPropertyHolder - Attempting to locate auto-apply AttributeConverter for property [edu.ncsu.csc.itrust2.models.persistent.BasicHealthMetrics:systolic]
03:44:46.487 [main] DEBUG o.h.c.annotations.SimpleValueBinder - building SimpleValue for systolic
03:44:46.487 [main] DEBUG o.h.cfg.annotations.PropertyBinder - Building property systolic
03:44:46.487 [main] DEBUG org.hibernate.cfg.Ejb3Column - Binding column: Ejb3Column{table=org.hibernate.mapping.Table(BasicHealthMetrics), mappingColumn=tri, insertable=true, updatable=true, unique=false}
03:44:46.487 [main] DEBUG o.h.cfg.annotations.PropertyBinder - MetadataSourceProcessor property tri with lazy=false
03:44:46.487 [main] DEBUG o.h.cfg.AbstractPropertyHolder - Attempting to locate auto-apply AttributeConverter for property [edu.ncsu.csc.itrust2.models.persistent.BasicHealthMetrics:tri]
03:44:46.488 [main] DEBUG o.h.c.annotations.SimpleValueBinder - building SimpleValue for tri
03:44:46.488 [main] DEBUG o.h.cfg.annotations.PropertyBinder - Building property tri
03:44:46.488 [main] DEBUG org.hibernate.cfg.Ejb3Column - Binding column: Ejb3Column{table=org.hibernate.mapping.Table(BasicHealthMetrics), mappingColumn=weight, insertable=true, updatable=true, unique=false}
03:44:46.488 [main] DEBUG o.h.cfg.annotations.PropertyBinder - MetadataSourceProcessor property weight with lazy=false
03:44:46.488 [main] DEBUG o.h.cfg.AbstractPropertyHolder - Attempting to locate auto-apply AttributeConverter for property [edu.ncsu.csc.itrust2.models.persistent.BasicHealthMetrics:weight]
03:44:46.489 [main] DEBUG o.h.c.annotations.SimpleValueBinder - building SimpleValue for weight
03:44:46.489 [main] DEBUG o.h.cfg.annotations.PropertyBinder - Building property weight
03:44:46.489 [main] DEBUG org.hibernate.cfg.AnnotationBinder - Binding entity from annotated class: edu.ncsu.csc.itrust2.models.persistent.Diagnosis
03:44:46.489 [main] DEBUG org.hibernate.cfg.Ejb3Column - Binding column: Ejb3DiscriminatorColumn{logicalColumnName'DTYPE', discriminatorTypeName='string'}
03:44:46.489 [main] DEBUG o.h.cfg.annotations.EntityBinder - Import with entity name Diagnosis
03:44:46.490 [main] DEBUG o.h.cfg.annotations.EntityBinder - Bind entity edu.ncsu.csc.itrust2.models.persistent.Diagnosis on table Diagnoses
03:44:46.500 [main] DEBUG org.hibernate.cfg.Ejb3Column - Binding column: Ejb3Column{table=org.hibernate.mapping.Table(Diagnoses), mappingColumn=id, insertable=true, updatable=true, unique=false}
03:44:46.500 [main] DEBUG o.h.cfg.annotations.PropertyBinder - MetadataSourceProcessor property id with lazy=false
03:44:46.500 [main] DEBUG o.h.cfg.AbstractPropertyHolder - Attempting to locate auto-apply AttributeConverter for property [edu.ncsu.csc.itrust2.models.persistent.Diagnosis:id]
03:44:46.500 [main] DEBUG o.h.c.annotations.SimpleValueBinder - building SimpleValue for id
03:44:46.501 [main] DEBUG o.h.cfg.annotations.PropertyBinder - Building property id
03:44:46.501 [main] DEBUG org.hibernate.cfg.Ejb3Column - Binding column: Ejb3JoinColumn{logicalColumnName='code_id', referencedColumn='', mappedBy=''}
03:44:46.501 [main] DEBUG org.hibernate.cfg.Ejb3Column - Binding column: Ejb3Column{table=org.hibernate.mapping.Table(Diagnoses), mappingColumn=code, insertable=true, updatable=true, unique=false}
03:44:46.501 [main] DEBUG o.h.cfg.annotations.PropertyBinder - Building property code
03:44:46.501 [main] DEBUG org.hibernate.cfg.Ejb3Column - Binding column: Ejb3Column{table=org.hibernate.mapping.Table(Diagnoses), mappingColumn=note, insertable=true, updatable=true, unique=false}
03:44:46.501 [main] DEBUG o.h.cfg.annotations.PropertyBinder - MetadataSourceProcessor property note with lazy=false
03:44:46.502 [main] DEBUG o.h.cfg.AbstractPropertyHolder - Attempting to locate auto-apply AttributeConverter for property [edu.ncsu.csc.itrust2.models.persistent.Diagnosis:note]
03:44:46.502 [main] DEBUG o.h.c.annotations.SimpleValueBinder - building SimpleValue for note
03:44:46.502 [main] DEBUG o.h.cfg.annotations.PropertyBinder - Building property note
03:44:46.502 [main] DEBUG org.hibernate.cfg.Ejb3Column - Binding column: Ejb3JoinColumn{logicalColumnName='visit_id', referencedColumn='', mappedBy=''}
03:44:46.502 [main] DEBUG org.hibernate.cfg.Ejb3Column - Binding column: Ejb3Column{table=org.hibernate.mapping.Table(Diagnoses), mappingColumn=visit, insertable=true, updatable=true, unique=false}
03:44:46.502 [main] DEBUG o.h.cfg.annotations.PropertyBinder - Building property visit
03:44:46.502 [main] DEBUG org.hibernate.cfg.AnnotationBinder - Binding entity from annotated class: edu.ncsu.csc.itrust2.models.persistent.ICDCode
03:44:46.502 [main] DEBUG org.hibernate.cfg.Ejb3Column - Binding column: Ejb3DiscriminatorColumn{logicalColumnName'DTYPE', discriminatorTypeName='string'}
03:44:46.503 [main] DEBUG o.h.cfg.annotations.EntityBinder - Import with entity name ICDCode
03:44:46.503 [main] DEBUG o.h.cfg.annotations.EntityBinder - Bind entity edu.ncsu.csc.itrust2.models.persistent.ICDCode on table ICDCodes
03:44:46.504 [main] DEBUG org.hibernate.cfg.Ejb3Column - Binding column: Ejb3Column{table=org.hibernate.mapping.Table(ICDCodes), mappingColumn=id, insertable=true, updatable=true, unique=false}
03:44:46.504 [main] DEBUG o.h.cfg.annotations.PropertyBinder - MetadataSourceProcessor property id with lazy=false
03:44:46.504 [main] DEBUG o.h.cfg.AbstractPropertyHolder - Attempting to locate auto-apply AttributeConverter for property [edu.ncsu.csc.itrust2.models.persistent.ICDCode:id]
03:44:46.504 [main] DEBUG o.h.c.annotations.SimpleValueBinder - building SimpleValue for id
03:44:46.504 [main] DEBUG o.h.cfg.annotations.PropertyBinder - Building property id
03:44:46.505 [main] DEBUG org.hibernate.cfg.Ejb3Column - Binding column: Ejb3Column{table=org.hibernate.mapping.Table(ICDCodes), mappingColumn=code, insertable=true, updatable=true, unique=false}
03:44:46.505 [main] DEBUG o.h.cfg.annotations.PropertyBinder - MetadataSourceProcessor property code with lazy=false
03:44:46.505 [main] DEBUG o.h.cfg.AbstractPropertyHolder - Attempting to locate auto-apply AttributeConverter for property [edu.ncsu.csc.itrust2.models.persistent.ICDCode:code]
03:44:46.505 [main] DEBUG o.h.c.annotations.SimpleValueBinder - building SimpleValue for code
03:44:46.505 [main] DEBUG o.h.cfg.annotations.PropertyBinder - Building property code
03:44:46.505 [main] DEBUG org.hibernate.cfg.Ejb3Column - Binding column: Ejb3Column{table=org.hibernate.mapping.Table(ICDCodes), mappingColumn=description, insertable=true, updatable=true, unique=false}
03:44:46.505 [main] DEBUG o.h.cfg.annotations.PropertyBinder - MetadataSourceProcessor property description with lazy=false
03:44:46.505 [main] DEBUG o.h.cfg.AbstractPropertyHolder - Attempting to locate auto-apply AttributeConverter for property [edu.ncsu.csc.itrust2.models.persistent.ICDCode:description]
03:44:46.505 [main] DEBUG o.h.c.annotations.SimpleValueBinder - building SimpleValue for description
03:44:46.505 [main] DEBUG o.h.cfg.annotations.PropertyBinder - Building property description
03:44:46.505 [main] DEBUG org.hibernate.cfg.AnnotationBinder - Binding entity from annotated class: edu.ncsu.csc.itrust2.models.persistent.Drug
03:44:46.506 [main] DEBUG org.hibernate.cfg.Ejb3Column - Binding column: Ejb3DiscriminatorColumn{logicalColumnName'DTYPE', discriminatorTypeName='string'}
03:44:46.506 [main] DEBUG o.h.cfg.annotations.EntityBinder - Import with entity name Drug
03:44:46.506 [main] DEBUG o.h.cfg.annotations.EntityBinder - Bind entity edu.ncsu.csc.itrust2.models.persistent.Drug on table Drugs
03:44:46.509 [main] DEBUG org.hibernate.cfg.Ejb3Column - Binding column: Ejb3Column{table=org.hibernate.mapping.Table(Drugs), mappingColumn=id, insertable=true, updatable=true, unique=false}
03:44:46.509 [main] DEBUG o.h.cfg.annotations.PropertyBinder - MetadataSourceProcessor property id with lazy=false
03:44:46.509 [main] DEBUG o.h.cfg.AbstractPropertyHolder - Attempting to locate auto-apply AttributeConverter for property [edu.ncsu.csc.itrust2.models.persistent.Drug:id]
03:44:46.509 [main] DEBUG o.h.c.annotations.SimpleValueBinder - building SimpleValue for id
03:44:46.509 [main] DEBUG o.h.cfg.annotations.PropertyBinder - Building property id
03:44:46.509 [main] DEBUG org.hibernate.cfg.Ejb3Column - Binding column: Ejb3Column{table=org.hibernate.mapping.Table(Drugs), mappingColumn=code, insertable=true, updatable=true, unique=false}
03:44:46.509 [main] DEBUG o.h.cfg.annotations.PropertyBinder - MetadataSourceProcessor property code with lazy=false
03:44:46.509 [main] DEBUG o.h.cfg.AbstractPropertyHolder - Attempting to locate auto-apply AttributeConverter for property [edu.ncsu.csc.itrust2.models.persistent.Drug:code]
03:44:46.509 [main] DEBUG o.h.c.annotations.SimpleValueBinder - building SimpleValue for code
03:44:46.509 [main] DEBUG o.h.cfg.annotations.PropertyBinder - Building property code
03:44:46.509 [main] DEBUG org.hibernate.cfg.Ejb3Column - Binding column: Ejb3Column{table=org.hibernate.mapping.Table(Drugs), mappingColumn=description, insertable=true, updatable=true, unique=false}
03:44:46.510 [main] DEBUG o.h.cfg.annotations.PropertyBinder - MetadataSourceProcessor property description with lazy=false
03:44:46.510 [main] DEBUG o.h.cfg.AbstractPropertyHolder - Attempting to locate auto-apply AttributeConverter for property [edu.ncsu.csc.itrust2.models.persistent.Drug:description]
03:44:46.510 [main] DEBUG o.h.c.annotations.SimpleValueBinder - building SimpleValue for description
03:44:46.510 [main] DEBUG o.h.cfg.annotations.PropertyBinder - Building property description
03:44:46.510 [main] DEBUG org.hibernate.cfg.Ejb3Column - Binding column: Ejb3Column{table=org.hibernate.mapping.Table(Drugs), mappingColumn=name, insertable=true, updatable=true, unique=false}
03:44:46.510 [main] DEBUG o.h.cfg.annotations.PropertyBinder - MetadataSourceProcessor property name with lazy=false
03:44:46.510 [main] DEBUG o.h.cfg.AbstractPropertyHolder - Attempting to locate auto-apply AttributeConverter for property [edu.ncsu.csc.itrust2.models.persistent.Drug:name]
03:44:46.511 [main] DEBUG o.h.c.annotations.SimpleValueBinder - building SimpleValue for name
03:44:46.511 [main] DEBUG o.h.cfg.annotations.PropertyBinder - Building property name
03:44:46.511 [main] DEBUG org.hibernate.cfg.AnnotationBinder - Binding entity from annotated class: edu.ncsu.csc.itrust2.models.persistent.Prescription
03:44:46.511 [main] DEBUG org.hibernate.cfg.Ejb3Column - Binding column: Ejb3DiscriminatorColumn{logicalColumnName'DTYPE', discriminatorTypeName='string'}
03:44:46.511 [main] DEBUG o.h.cfg.annotations.EntityBinder - Import with entity name Prescription
03:44:46.511 [main] DEBUG o.h.cfg.annotations.EntityBinder - Bind entity edu.ncsu.csc.itrust2.models.persistent.Prescription on table Prescriptions
03:44:46.514 [main] DEBUG org.hibernate.cfg.Ejb3Column - Binding column: Ejb3Column{table=org.hibernate.mapping.Table(Prescriptions), mappingColumn=id, insertable=true, updatable=true, unique=false}
03:44:46.514 [main] DEBUG o.h.cfg.annotations.PropertyBinder - MetadataSourceProcessor property id with lazy=false
03:44:46.514 [main] DEBUG o.h.cfg.AbstractPropertyHolder - Attempting to locate auto-apply AttributeConverter for property [edu.ncsu.csc.itrust2.models.persistent.Prescription:id]
03:44:46.514 [main] DEBUG o.h.c.annotations.SimpleValueBinder - building SimpleValue for id
03:44:46.514 [main] DEBUG o.h.cfg.annotations.PropertyBinder - Building property id
03:44:46.515 [main] DEBUG org.hibernate.cfg.Ejb3Column - Binding column: Ejb3JoinColumn{logicalColumnName='dosage_id', referencedColumn='', mappedBy=''}
03:44:46.515 [main] DEBUG org.hibernate.cfg.Ejb3Column - Binding column: Ejb3Column{table=org.hibernate.mapping.Table(Prescriptions), mappingColumn=dosage, insertable=true, updatable=true, unique=false}
03:44:46.515 [main] DEBUG o.h.cfg.annotations.PropertyBinder - MetadataSourceProcessor property dosage with lazy=false
03:44:46.516 [main] DEBUG o.h.cfg.AbstractPropertyHolder - Attempting to locate auto-apply AttributeConverter for property [edu.ncsu.csc.itrust2.models.persistent.Prescription:dosage]
03:44:46.516 [main] DEBUG o.h.c.annotations.SimpleValueBinder - building SimpleValue for dosage
03:44:46.516 [main] DEBUG o.h.cfg.annotations.PropertyBinder - Building property dosage
03:44:46.516 [main] DEBUG org.hibernate.cfg.Ejb3Column - Binding column: Ejb3JoinColumn{logicalColumnName='drug_id', referencedColumn='', mappedBy=''}
03:44:46.516 [main] DEBUG org.hibernate.cfg.Ejb3Column - Binding column: Ejb3Column{table=org.hibernate.mapping.Table(Prescriptions), mappingColumn=drug, insertable=true, updatable=true, unique=false}
03:44:46.517 [main] DEBUG o.h.cfg.annotations.PropertyBinder - Building property drug
03:44:46.517 [main] DEBUG org.hibernate.cfg.Ejb3Column - Binding column: Ejb3JoinColumn{logicalColumnName='end_id', referencedColumn='', mappedBy=''}
03:44:46.517 [main] DEBUG org.hibernate.cfg.Ejb3Column - Binding column: Ejb3Column{table=org.hibernate.mapping.Table(Prescriptions), mappingColumn=endDate, insertable=true, updatable=true, unique=false}
03:44:46.517 [main] DEBUG o.h.cfg.annotations.PropertyBinder - MetadataSourceProcessor property endDate with lazy=false
03:44:46.517 [main] DEBUG o.h.cfg.AbstractPropertyHolder - Attempting to locate auto-apply AttributeConverter for property [edu.ncsu.csc.itrust2.models.persistent.Prescription:endDate]
03:44:46.517 [main] DEBUG o.h.c.annotations.SimpleValueBinder - building SimpleValue for endDate
03:44:46.518 [main] DEBUG o.h.cfg.annotations.PropertyBinder - Building property endDate
03:44:46.518 [main] DEBUG org.hibernate.cfg.Ejb3Column - Binding column: Ejb3JoinColumn{logicalColumnName='patient_id', referencedColumn='', mappedBy=''}
03:44:46.518 [main] DEBUG org.hibernate.cfg.Ejb3Column - Binding column: Ejb3Column{table=org.hibernate.mapping.Table(Prescriptions), mappingColumn=patient, insertable=true, updatable=true, unique=false}
03:44:46.518 [main] DEBUG o.h.cfg.annotations.PropertyBinder - Building property patient
03:44:46.519 [main] DEBUG org.hibernate.cfg.Ejb3Column - Binding column: Ejb3JoinColumn{logicalColumnName='renewal_id', referencedColumn='', mappedBy=''}
03:44:46.519 [main] DEBUG org.hibernate.cfg.Ejb3Column - Binding column: Ejb3Column{table=org.hibernate.mapping.Table(Prescriptions), mappingColumn=renewals, insertable=true, updatable=true, unique=false}
03:44:46.519 [main] DEBUG o.h.cfg.annotations.PropertyBinder - MetadataSourceProcessor property renewals with lazy=false
03:44:46.519 [main] DEBUG o.h.cfg.AbstractPropertyHolder - Attempting to locate auto-apply AttributeConverter for property [edu.ncsu.csc.itrust2.models.persistent.Prescription:renewals]
03:44:46.519 [main] DEBUG o.h.c.annotations.SimpleValueBinder - building SimpleValue for renewals
03:44:46.519 [main] DEBUG o.h.cfg.annotations.PropertyBinder - Building property renewals
03:44:46.520 [main] DEBUG org.hibernate.cfg.Ejb3Column - Binding column: Ejb3JoinColumn{logicalColumnName='start_id', referencedColumn='', mappedBy=''}
03:44:46.520 [main] DEBUG org.hibernate.cfg.Ejb3Column - Binding column: Ejb3Column{table=org.hibernate.mapping.Table(Prescriptions), mappingColumn=startDate, insertable=true, updatable=true, unique=false}
03:44:46.520 [main] DEBUG o.h.cfg.annotations.PropertyBinder - MetadataSourceProcessor property startDate with lazy=false
03:44:46.521 [main] DEBUG o.h.cfg.AbstractPropertyHolder - Attempting to locate auto-apply AttributeConverter for property [edu.ncsu.csc.itrust2.models.persistent.Prescription:startDate]
03:44:46.521 [main] DEBUG o.h.c.annotations.SimpleValueBinder - building SimpleValue for startDate
03:44:46.521 [main] DEBUG o.h.cfg.annotations.PropertyBinder - Building property startDate
03:44:46.521 [main] DEBUG org.hibernate.cfg.AnnotationBinder - Binding entity from annotated class: edu.ncsu.csc.itrust2.models.persistent.PasswordResetToken
03:44:46.522 [main] DEBUG org.hibernate.cfg.Ejb3Column - Binding column: Ejb3DiscriminatorColumn{logicalColumnName'DTYPE', discriminatorTypeName='string'}
03:44:46.522 [main] DEBUG o.h.cfg.annotations.EntityBinder - Import with entity name PasswordResetToken
03:44:46.522 [main] DEBUG o.h.cfg.annotations.EntityBinder - Bind entity edu.ncsu.csc.itrust2.models.persistent.PasswordResetToken on table PasswordResetTokens
03:44:46.524 [main] DEBUG org.hibernate.cfg.Ejb3Column - Binding column: Ejb3Column{table=org.hibernate.mapping.Table(PasswordResetTokens), mappingColumn=id, insertable=true, updatable=true, unique=false}
03:44:46.525 [main] DEBUG o.h.cfg.annotations.PropertyBinder - MetadataSourceProcessor property id with lazy=false
03:44:46.525 [main] DEBUG o.h.cfg.AbstractPropertyHolder - Attempting to locate auto-apply AttributeConverter for property [edu.ncsu.csc.itrust2.models.persistent.PasswordResetToken:id]
03:44:46.525 [main] DEBUG o.h.c.annotations.SimpleValueBinder - building SimpleValue for id
03:44:46.525 [main] DEBUG o.h.cfg.annotations.PropertyBinder - Building property id
03:44:46.526 [main] DEBUG org.hibernate.cfg.Ejb3Column - Binding column: Ejb3Column{table=org.hibernate.mapping.Table(PasswordResetTokens), mappingColumn=creationTime, insertable=true, updatable=true, unique=false}
03:44:46.526 [main] DEBUG o.h.cfg.annotations.PropertyBinder - MetadataSourceProcessor property creationTime with lazy=false
03:44:46.526 [main] DEBUG o.h.cfg.AbstractPropertyHolder - Attempting to locate auto-apply AttributeConverter for property [edu.ncsu.csc.itrust2.models.persistent.PasswordResetToken:creationTime]
03:44:46.526 [main] DEBUG o.h.c.annotations.SimpleValueBinder - building SimpleValue for creationTime
03:44:46.527 [main] DEBUG o.h.cfg.annotations.PropertyBinder - Building property creationTime
03:44:46.527 [main] DEBUG org.hibernate.cfg.Ejb3Column - Binding column: Ejb3Column{table=org.hibernate.mapping.Table(PasswordResetTokens), mappingColumn=tempPassword, insertable=true, updatable=true, unique=false}
03:44:46.527 [main] DEBUG o.h.cfg.annotations.PropertyBinder - MetadataSourceProcessor property tempPassword with lazy=false
03:44:46.528 [main] DEBUG o.h.cfg.AbstractPropertyHolder - Attempting to locate auto-apply AttributeConverter for property [edu.ncsu.csc.itrust2.models.persistent.PasswordResetToken:tempPassword]
03:44:46.528 [main] DEBUG o.h.c.annotations.SimpleValueBinder - building SimpleValue for tempPassword
03:44:46.528 [main] DEBUG o.h.cfg.annotations.PropertyBinder - Building property tempPassword
03:44:46.528 [main] DEBUG org.hibernate.cfg.Ejb3Column - Binding column: Ejb3JoinColumn{logicalColumnName='user_id', referencedColumn='', mappedBy=''}
03:44:46.529 [main] DEBUG org.hibernate.cfg.Ejb3Column - Binding column: Ejb3Column{table=org.hibernate.mapping.Table(PasswordResetTokens), mappingColumn=user, insertable=true, updatable=true, unique=false}
03:44:46.529 [main] DEBUG o.h.cfg.annotations.PropertyBinder - Building property user
03:44:46.529 [main] DEBUG org.hibernate.cfg.AnnotationBinder - Binding entity from annotated class: edu.ncsu.csc.itrust2.models.persistent.LoginAttempt
03:44:46.530 [main] DEBUG org.hibernate.cfg.Ejb3Column - Binding column: Ejb3DiscriminatorColumn{logicalColumnName'DTYPE', discriminatorTypeName='string'}
03:44:46.530 [main] DEBUG o.h.cfg.annotations.EntityBinder - Import with entity name LoginAttempt
03:44:46.530 [main] DEBUG o.h.cfg.annotations.EntityBinder - Bind entity edu.ncsu.csc.itrust2.models.persistent.LoginAttempt on table LoginAttempts
03:44:46.532 [main] DEBUG org.hibernate.cfg.Ejb3Column - Binding column: Ejb3Column{table=org.hibernate.mapping.Table(LoginAttempts), mappingColumn=id, insertable=true, updatable=true, unique=false}
03:44:46.532 [main] DEBUG o.h.cfg.annotations.PropertyBinder - MetadataSourceProcessor property id with lazy=false
03:44:46.532 [main] DEBUG o.h.cfg.AbstractPropertyHolder - Attempting to locate auto-apply AttributeConverter for property [edu.ncsu.csc.itrust2.models.persistent.LoginAttempt:id]
03:44:46.532 [main] DEBUG o.h.c.annotations.SimpleValueBinder - building SimpleValue for id
03:44:46.532 [main] DEBUG o.h.cfg.annotations.PropertyBinder - Building property id
03:44:46.533 [main] DEBUG org.hibernate.cfg.Ejb3Column - Binding column: Ejb3Column{table=org.hibernate.mapping.Table(LoginAttempts), mappingColumn=ip, insertable=true, updatable=true, unique=false}
03:44:46.533 [main] DEBUG o.h.cfg.annotations.PropertyBinder - MetadataSourceProcessor property ip with lazy=false
03:44:46.533 [main] DEBUG o.h.cfg.AbstractPropertyHolder - Attempting to locate auto-apply AttributeConverter for property [edu.ncsu.csc.itrust2.models.persistent.LoginAttempt:ip]
03:44:46.534 [main] DEBUG o.h.c.annotations.SimpleValueBinder - building SimpleValue for ip
03:44:46.534 [main] DEBUG o.h.cfg.annotations.PropertyBinder - Building property ip
03:44:46.534 [main] DEBUG org.hibernate.cfg.Ejb3Column - Binding column: Ejb3Column{table=org.hibernate.mapping.Table(LoginAttempts), mappingColumn=time, insertable=true, updatable=true, unique=false}
03:44:46.534 [main] DEBUG o.h.cfg.annotations.PropertyBinder - MetadataSourceProcessor property time with lazy=false
03:44:46.534 [main] DEBUG o.h.cfg.AbstractPropertyHolder - Attempting to locate auto-apply AttributeConverter for property [edu.ncsu.csc.itrust2.models.persistent.LoginAttempt:time]
03:44:46.535 [main] DEBUG o.h.c.annotations.SimpleValueBinder - building SimpleValue for time
03:44:46.535 [main] DEBUG o.h.cfg.annotations.PropertyBinder - Building property time
03:44:46.535 [main] DEBUG org.hibernate.cfg.Ejb3Column - Binding column: Ejb3JoinColumn{logicalColumnName='user_id', referencedColumn='', mappedBy=''}
03:44:46.535 [main] DEBUG org.hibernate.cfg.Ejb3Column - Binding column: Ejb3Column{table=org.hibernate.mapping.Table(LoginAttempts), mappingColumn=user, insertable=true, updatable=true, unique=false}
03:44:46.536 [main] DEBUG o.h.cfg.annotations.PropertyBinder - Building property user
03:44:46.536 [main] DEBUG org.hibernate.cfg.AnnotationBinder - Binding entity from annotated class: edu.ncsu.csc.itrust2.models.persistent.LoginLockout
03:44:46.536 [main] DEBUG org.hibernate.cfg.Ejb3Column - Binding column: Ejb3DiscriminatorColumn{logicalColumnName'DTYPE', discriminatorTypeName='string'}
03:44:46.536 [main] DEBUG o.h.cfg.annotations.EntityBinder - Import with entity name LoginLockout
03:44:46.536 [main] DEBUG o.h.cfg.annotations.EntityBinder - Bind entity edu.ncsu.csc.itrust2.models.persistent.LoginLockout on table LoginLockouts
03:44:46.538 [main] DEBUG org.hibernate.cfg.Ejb3Column - Binding column: Ejb3Column{table=org.hibernate.mapping.Table(LoginLockouts), mappingColumn=id, insertable=true, updatable=true, unique=false}
03:44:46.538 [main] DEBUG o.h.cfg.annotations.PropertyBinder - MetadataSourceProcessor property id with lazy=false
03:44:46.539 [main] DEBUG o.h.cfg.AbstractPropertyHolder - Attempting to locate auto-apply AttributeConverter for property [edu.ncsu.csc.itrust2.models.persistent.LoginLockout:id]
03:44:46.539 [main] DEBUG o.h.c.annotations.SimpleValueBinder - building SimpleValue for id
03:44:46.539 [main] DEBUG o.h.cfg.annotations.PropertyBinder - Building property id
03:44:46.540 [main] DEBUG org.hibernate.cfg.Ejb3Column - Binding column: Ejb3Column{table=org.hibernate.mapping.Table(LoginLockouts), mappingColumn=ip, insertable=true, updatable=true, unique=false}
03:44:46.540 [main] DEBUG o.h.cfg.annotations.PropertyBinder - MetadataSourceProcessor property ip with lazy=false
03:44:46.540 [main] DEBUG o.h.cfg.AbstractPropertyHolder - Attempting to locate auto-apply AttributeConverter for property [edu.ncsu.csc.itrust2.models.persistent.LoginLockout:ip]
03:44:46.540 [main] DEBUG o.h.c.annotations.SimpleValueBinder - building SimpleValue for ip
03:44:46.541 [main] DEBUG o.h.cfg.annotations.PropertyBinder - Building property ip
03:44:46.541 [main] DEBUG org.hibernate.cfg.Ejb3Column - Binding column: Ejb3Column{table=org.hibernate.mapping.Table(LoginLockouts), mappingColumn=time, insertable=true, updatable=true, unique=false}
03:44:46.541 [main] DEBUG o.h.cfg.annotations.PropertyBinder - MetadataSourceProcessor property time with lazy=false
03:44:46.541 [main] DEBUG o.h.cfg.AbstractPropertyHolder - Attempting to locate auto-apply AttributeConverter for property [edu.ncsu.csc.itrust2.models.persistent.LoginLockout:time]
03:44:46.542 [main] DEBUG o.h.c.annotations.SimpleValueBinder - building SimpleValue for time
03:44:46.542 [main] DEBUG o.h.cfg.annotations.PropertyBinder - Building property time
03:44:46.543 [main] DEBUG org.hibernate.cfg.Ejb3Column - Binding column: Ejb3JoinColumn{logicalColumnName='user_id', referencedColumn='', mappedBy=''}
03:44:46.543 [main] DEBUG org.hibernate.cfg.Ejb3Column - Binding column: Ejb3Column{table=org.hibernate.mapping.Table(LoginLockouts), mappingColumn=user, insertable=true, updatable=true, unique=false}
03:44:46.543 [main] DEBUG o.h.cfg.annotations.PropertyBinder - Building property user
03:44:46.543 [main] DEBUG org.hibernate.cfg.AnnotationBinder - Binding entity from annotated class: edu.ncsu.csc.itrust2.models.persistent.LoginBan
03:44:46.543 [main] DEBUG org.hibernate.cfg.Ejb3Column - Binding column: Ejb3DiscriminatorColumn{logicalColumnName'DTYPE', discriminatorTypeName='string'}
03:44:46.543 [main] DEBUG o.h.cfg.annotations.EntityBinder - Import with entity name LoginBan
03:44:46.543 [main] DEBUG o.h.cfg.annotations.EntityBinder - Bind entity edu.ncsu.csc.itrust2.models.persistent.LoginBan on table LoginBans
03:44:46.544 [main] DEBUG org.hibernate.cfg.Ejb3Column - Binding column: Ejb3Column{table=org.hibernate.mapping.Table(LoginBans), mappingColumn=id, insertable=true, updatable=true, unique=false}
03:44:46.545 [main] DEBUG o.h.cfg.annotations.PropertyBinder - MetadataSourceProcessor property id with lazy=false
03:44:46.545 [main] DEBUG o.h.cfg.AbstractPropertyHolder - Attempting to locate auto-apply AttributeConverter for property [edu.ncsu.csc.itrust2.models.persistent.LoginBan:id]
03:44:46.545 [main] DEBUG o.h.c.annotations.SimpleValueBinder - building SimpleValue for id
03:44:46.545 [main] DEBUG o.h.cfg.annotations.PropertyBinder - Building property id
03:44:46.545 [main] DEBUG org.hibernate.cfg.Ejb3Column - Binding column: Ejb3Column{table=org.hibernate.mapping.Table(LoginBans), mappingColumn=ip, insertable=true, updatable=true, unique=false}
03:44:46.545 [main] DEBUG o.h.cfg.annotations.PropertyBinder - MetadataSourceProcessor property ip with lazy=false
03:44:46.545 [main] DEBUG o.h.cfg.AbstractPropertyHolder - Attempting to locate auto-apply AttributeConverter for property [edu.ncsu.csc.itrust2.models.persistent.LoginBan:ip]
03:44:46.545 [main] DEBUG o.h.c.annotations.SimpleValueBinder - building SimpleValue for ip
03:44:46.545 [main] DEBUG o.h.cfg.annotations.PropertyBinder - Building property ip
03:44:46.545 [main] DEBUG org.hibernate.cfg.Ejb3Column - Binding column: Ejb3Column{table=org.hibernate.mapping.Table(LoginBans), mappingColumn=time, insertable=true, updatable=true, unique=false}
03:44:46.545 [main] DEBUG o.h.cfg.annotations.PropertyBinder - MetadataSourceProcessor property time with lazy=false
03:44:46.545 [main] DEBUG o.h.cfg.AbstractPropertyHolder - Attempting to locate auto-apply AttributeConverter for property [edu.ncsu.csc.itrust2.models.persistent.LoginBan:time]
03:44:46.545 [main] DEBUG o.h.c.annotations.SimpleValueBinder - building SimpleValue for time
03:44:46.546 [main] DEBUG o.h.cfg.annotations.PropertyBinder - Building property time
03:44:46.546 [main] DEBUG org.hibernate.cfg.Ejb3Column - Binding column: Ejb3JoinColumn{logicalColumnName='user_id', referencedColumn='', mappedBy=''}
03:44:46.546 [main] DEBUG org.hibernate.cfg.Ejb3Column - Binding column: Ejb3Column{table=org.hibernate.mapping.Table(LoginBans), mappingColumn=user, insertable=true, updatable=true, unique=false}
03:44:46.546 [main] DEBUG o.h.cfg.annotations.PropertyBinder - Building property user
03:44:46.547 [main] DEBUG o.h.c.annotations.SimpleValueBinder - Starting fillSimpleValue for id
03:44:46.547 [main] DEBUG o.h.c.annotations.SimpleValueBinder - Starting fillSimpleValue for logCode
03:44:46.548 [main] DEBUG o.h.c.annotations.SimpleValueBinder - Starting fillSimpleValue for message
03:44:46.548 [main] DEBUG o.h.c.annotations.SimpleValueBinder - Starting fillSimpleValue for primaryUser
03:44:46.548 [main] DEBUG o.h.c.annotations.SimpleValueBinder - Starting fillSimpleValue for secondaryUser
03:44:46.548 [main] DEBUG o.h.c.annotations.SimpleValueBinder - Starting fillSimpleValue for time
03:44:46.549 [main] DEBUG o.h.c.annotations.SimpleValueBinder - Starting fillSimpleValue for id
03:44:46.549 [main] DEBUG o.h.c.annotations.SimpleValueBinder - Starting fillSimpleValue for comments
03:44:46.549 [main] DEBUG o.h.c.annotations.SimpleValueBinder - Starting fillSimpleValue for date
03:44:46.549 [main] DEBUG o.h.c.annotations.SimpleValueBinder - Starting fillSimpleValue for status
03:44:46.549 [main] DEBUG o.h.c.annotations.SimpleValueBinder - Starting fillSimpleValue for type
03:44:46.549 [main] DEBUG o.h.c.annotations.SimpleValueBinder - Starting fillSimpleValue for username
03:44:46.549 [main] DEBUG o.h.c.annotations.SimpleValueBinder - Starting fillSimpleValue for enabled
03:44:46.549 [main] DEBUG o.h.c.annotations.SimpleValueBinder - Starting fillSimpleValue for password
03:44:46.549 [main] DEBUG o.h.c.annotations.SimpleValueBinder - Starting fillSimpleValue for role
03:44:46.549 [main] DEBUG o.h.c.annotations.SimpleValueBinder - Starting fillSimpleValue for id
03:44:46.549 [main] DEBUG o.h.c.annotations.SimpleValueBinder - Starting fillSimpleValue for date
03:44:46.550 [main] DEBUG o.h.c.annotations.SimpleValueBinder - Starting fillSimpleValue for notes
03:44:46.550 [main] DEBUG o.h.c.annotations.SimpleValueBinder - Starting fillSimpleValue for type
03:44:46.550 [main] DEBUG o.h.c.annotations.SimpleValueBinder - Starting fillSimpleValue for name
03:44:46.550 [main] DEBUG o.h.c.annotations.SimpleValueBinder - Starting fillSimpleValue for address
03:44:46.550 [main] DEBUG o.h.c.annotations.SimpleValueBinder - Starting fillSimpleValue for state
03:44:46.550 [main] DEBUG o.h.c.annotations.SimpleValueBinder - Starting fillSimpleValue for zip
03:44:46.550 [main] DEBUG o.h.c.annotations.SimpleValueBinder - Starting fillSimpleValue for address1
03:44:46.550 [main] DEBUG o.h.c.annotations.SimpleValueBinder - Starting fillSimpleValue for address2
03:44:46.550 [main] DEBUG o.h.c.annotations.SimpleValueBinder - Starting fillSimpleValue for bloodType
03:44:46.551 [main] DEBUG o.h.c.annotations.SimpleValueBinder - Starting fillSimpleValue for causeOfDeath
03:44:46.551 [main] DEBUG o.h.c.annotations.SimpleValueBinder - Starting fillSimpleValue for city
03:44:46.551 [main] DEBUG o.h.c.annotations.SimpleValueBinder - Starting fillSimpleValue for dateOfBirth
03:44:46.551 [main] DEBUG o.h.c.annotations.SimpleValueBinder - Starting fillSimpleValue for dateOfDeath
03:44:46.551 [main] DEBUG o.h.c.annotations.SimpleValueBinder - Starting fillSimpleValue for email
03:44:46.551 [main] DEBUG o.h.c.annotations.SimpleValueBinder - Starting fillSimpleValue for ethnicity
03:44:46.551 [main] DEBUG o.h.c.annotations.SimpleValueBinder - Starting fillSimpleValue for firstName
03:44:46.551 [main] DEBUG o.h.c.annotations.SimpleValueBinder - Starting fillSimpleValue for gender
03:44:46.551 [main] DEBUG o.h.c.annotations.SimpleValueBinder - Starting fillSimpleValue for id
03:44:46.551 [main] DEBUG o.h.c.annotations.SimpleValueBinder - Starting fillSimpleValue for lastName
03:44:46.552 [main] DEBUG o.h.c.annotations.SimpleValueBinder - Starting fillSimpleValue for phone
03:44:46.552 [main] DEBUG o.h.c.annotations.SimpleValueBinder - Starting fillSimpleValue for preferredName
03:44:46.552 [main] DEBUG o.h.c.annotations.SimpleValueBinder - Starting fillSimpleValue for state
03:44:46.552 [main] DEBUG o.h.c.annotations.SimpleValueBinder - Starting fillSimpleValue for zip
03:44:46.552 [main] DEBUG o.h.c.annotations.SimpleValueBinder - Starting fillSimpleValue for id
03:44:46.552 [main] DEBUG o.h.c.annotations.SimpleValueBinder - Starting fillSimpleValue for address1
03:44:46.552 [main] DEBUG o.h.c.annotations.SimpleValueBinder - Starting fillSimpleValue for address2
03:44:46.552 [main] DEBUG o.h.c.annotations.SimpleValueBinder - Starting fillSimpleValue for city
03:44:46.552 [main] DEBUG o.h.c.annotations.SimpleValueBinder - Starting fillSimpleValue for email
03:44:46.552 [main] DEBUG o.h.c.annotations.SimpleValueBinder - Starting fillSimpleValue for enabled
03:44:46.553 [main] DEBUG o.h.c.annotations.SimpleValueBinder - Starting fillSimpleValue for firstName
03:44:46.553 [main] DEBUG o.h.c.annotations.SimpleValueBinder - Starting fillSimpleValue for lastName
03:44:46.553 [main] DEBUG o.h.c.annotations.SimpleValueBinder - Starting fillSimpleValue for phone
03:44:46.553 [main] DEBUG o.h.c.annotations.SimpleValueBinder - Starting fillSimpleValue for specialty
03:44:46.553 [main] DEBUG o.h.c.annotations.SimpleValueBinder - Starting fillSimpleValue for state
03:44:46.553 [main] DEBUG o.h.c.annotations.SimpleValueBinder - Starting fillSimpleValue for zip
03:44:46.553 [main] DEBUG o.h.c.annotations.SimpleValueBinder - Starting fillSimpleValue for id
03:44:46.553 [main] DEBUG o.h.c.annotations.SimpleValueBinder - Starting fillSimpleValue for diastolic
03:44:46.553 [main] DEBUG o.h.c.annotations.SimpleValueBinder - Starting fillSimpleValue for hdl
03:44:46.553 [main] DEBUG o.h.c.annotations.SimpleValueBinder - Starting fillSimpleValue for headCircumference
03:44:46.554 [main] DEBUG o.h.c.annotations.SimpleValueBinder - Starting fillSimpleValue for height
03:44:46.554 [main] DEBUG o.h.c.annotations.SimpleValueBinder - Starting fillSimpleValue for houseSmokingStatus
03:44:46.554 [main] DEBUG o.h.c.annotations.SimpleValueBinder - Starting fillSimpleValue for ldl
03:44:46.554 [main] DEBUG o.h.c.annotations.SimpleValueBinder - Starting fillSimpleValue for patientSmokingStatus
03:44:46.554 [main] DEBUG o.h.c.annotations.SimpleValueBinder - Starting fillSimpleValue for systolic
03:44:46.554 [main] DEBUG o.h.c.annotations.SimpleValueBinder - Starting fillSimpleValue for tri
03:44:46.554 [main] DEBUG o.h.c.annotations.SimpleValueBinder - Starting fillSimpleValue for weight
03:44:46.554 [main] DEBUG o.h.c.annotations.SimpleValueBinder - Starting fillSimpleValue for id
03:44:46.555 [main] DEBUG o.h.c.annotations.SimpleValueBinder - Starting fillSimpleValue for note
03:44:46.555 [main] DEBUG o.h.c.annotations.SimpleValueBinder - Starting fillSimpleValue for id
03:44:46.556 [main] DEBUG o.h.c.annotations.SimpleValueBinder - Starting fillSimpleValue for code
03:44:46.556 [main] DEBUG o.h.c.annotations.SimpleValueBinder - Starting fillSimpleValue for description
03:44:46.556 [main] DEBUG o.h.c.annotations.SimpleValueBinder - Starting fillSimpleValue for id
03:44:46.556 [main] DEBUG o.h.c.annotations.SimpleValueBinder - Starting fillSimpleValue for code
03:44:46.556 [main] DEBUG o.h.c.annotations.SimpleValueBinder - Starting fillSimpleValue for description
03:44:46.556 [main] DEBUG o.h.c.annotations.SimpleValueBinder - Starting fillSimpleValue for name
03:44:46.556 [main] DEBUG o.h.c.annotations.SimpleValueBinder - Starting fillSimpleValue for id
03:44:46.556 [main] DEBUG o.h.c.annotations.SimpleValueBinder - Starting fillSimpleValue for dosage
03:44:46.556 [main] DEBUG o.h.c.annotations.SimpleValueBinder - Starting fillSimpleValue for endDate
03:44:46.556 [main] DEBUG o.h.c.annotations.SimpleValueBinder - Starting fillSimpleValue for renewals
03:44:46.556 [main] DEBUG o.h.c.annotations.SimpleValueBinder - Starting fillSimpleValue for startDate
03:44:46.557 [main] DEBUG o.h.c.annotations.SimpleValueBinder - Starting fillSimpleValue for id
03:44:46.557 [main] DEBUG o.h.c.annotations.SimpleValueBinder - Starting fillSimpleValue for creationTime
03:44:46.557 [main] DEBUG o.h.c.annotations.SimpleValueBinder - Starting fillSimpleValue for tempPassword
03:44:46.557 [main] DEBUG o.h.c.annotations.SimpleValueBinder - Starting fillSimpleValue for id
03:44:46.557 [main] DEBUG o.h.c.annotations.SimpleValueBinder - Starting fillSimpleValue for ip
03:44:46.557 [main] DEBUG o.h.c.annotations.SimpleValueBinder - Starting fillSimpleValue for time
03:44:46.557 [main] DEBUG o.h.c.annotations.SimpleValueBinder - Starting fillSimpleValue for id
03:44:46.557 [main] DEBUG o.h.c.annotations.SimpleValueBinder - Starting fillSimpleValue for ip
03:44:46.557 [main] DEBUG o.h.c.annotations.SimpleValueBinder - Starting fillSimpleValue for time
03:44:46.557 [main] DEBUG o.h.c.annotations.SimpleValueBinder - Starting fillSimpleValue for id
03:44:46.557 [main] DEBUG o.h.c.annotations.SimpleValueBinder - Starting fillSimpleValue for ip
03:44:46.557 [main] DEBUG o.h.c.annotations.SimpleValueBinder - Starting fillSimpleValue for time
03:44:46.569 [main] DEBUG org.hibernate.mapping.PrimaryKey - Forcing column [id] to be non-null as it is part of the primary key for table [logentries]
03:44:46.569 [main] DEBUG org.hibernate.mapping.PrimaryKey - Forcing column [id] to be non-null as it is part of the primary key for table [appointmentrequests]
03:44:46.569 [main] DEBUG org.hibernate.mapping.PrimaryKey - Forcing column [username] to be non-null as it is part of the primary key for table [users]
03:44:46.570 [main] DEBUG org.hibernate.mapping.PrimaryKey - Forcing column [id] to be non-null as it is part of the primary key for table [officevisits]
03:44:46.570 [main] DEBUG org.hibernate.mapping.PrimaryKey - Forcing column [name] to be non-null as it is part of the primary key for table [hospitals]
03:44:46.572 [main] DEBUG org.hibernate.mapping.PrimaryKey - Forcing column [self_id] to be non-null as it is part of the primary key for table [patients]
03:44:46.572 [main] DEBUG org.hibernate.mapping.PrimaryKey - Forcing column [id] to be non-null as it is part of the primary key for table [personnel]
03:44:46.572 [main] DEBUG org.hibernate.mapping.PrimaryKey - Forcing column [id] to be non-null as it is part of the primary key for table [basichealthmetrics]
03:44:46.573 [main] DEBUG org.hibernate.mapping.PrimaryKey - Forcing column [id] to be non-null as it is part of the primary key for table [diagnoses]
03:44:46.573 [main] DEBUG org.hibernate.mapping.PrimaryKey - Forcing column [id] to be non-null as it is part of the primary key for table [icdcodes]
03:44:46.573 [main] DEBUG org.hibernate.mapping.PrimaryKey - Forcing column [id] to be non-null as it is part of the primary key for table [drugs]
03:44:46.573 [main] DEBUG org.hibernate.mapping.PrimaryKey - Forcing column [id] to be non-null as it is part of the primary key for table [prescriptions]
03:44:46.573 [main] DEBUG org.hibernate.mapping.PrimaryKey - Forcing column [id] to be non-null as it is part of the primary key for table [passwordresettokens]
03:44:46.573 [main] DEBUG org.hibernate.mapping.PrimaryKey - Forcing column [id] to be non-null as it is part of the primary key for table [loginattempts]
03:44:46.574 [main] DEBUG org.hibernate.mapping.PrimaryKey - Forcing column [id] to be non-null as it is part of the primary key for table [loginlockouts]
03:44:46.576 [main] DEBUG org.hibernate.mapping.PrimaryKey - Forcing column [id] to be non-null as it is part of the primary key for table [loginbans]
03:44:46.577 [main] DEBUG o.hibernate.cfg.CollectionSecondPass - Second pass for collection: edu.ncsu.csc.itrust2.models.persistent.OfficeVisit.prescriptions
03:44:46.577 [main] DEBUG o.h.cfg.annotations.CollectionBinder - Binding a OneToMany: edu.ncsu.csc.itrust2.models.persistent.OfficeVisit.prescriptions through a foreign key
03:44:46.579 [main] DEBUG o.h.cfg.annotations.CollectionBinder - Mapping collection: edu.ncsu.csc.itrust2.models.persistent.OfficeVisit.prescriptions -> Prescriptions
03:44:46.581 [main] DEBUG o.hibernate.cfg.CollectionSecondPass - Mapped collection key: prescriptions_id, one-to-many: edu.ncsu.csc.itrust2.models.persistent.Prescription
03:44:46.581 [main] DEBUG o.h.b.i.InFlightMetadataCollectorImpl - Resolving reference to class: edu.ncsu.csc.itrust2.models.persistent.User
03:44:46.586 [main] DEBUG o.h.b.i.InFlightMetadataCollectorImpl - Resolving reference to class: edu.ncsu.csc.itrust2.models.persistent.User
03:44:46.587 [main] DEBUG o.h.b.i.InFlightMetadataCollectorImpl - Resolving reference to class: edu.ncsu.csc.itrust2.models.persistent.User
03:44:46.588 [main] DEBUG o.h.b.i.InFlightMetadataCollectorImpl - Resolving reference to class: edu.ncsu.csc.itrust2.models.persistent.User
03:44:46.588 [main] DEBUG o.h.b.i.InFlightMetadataCollectorImpl - Resolving reference to class: edu.ncsu.csc.itrust2.models.persistent.ICDCode
03:44:46.589 [main] DEBUG o.h.b.i.InFlightMetadataCollectorImpl - Resolving reference to class: edu.ncsu.csc.itrust2.models.persistent.OfficeVisit
03:44:46.589 [main] DEBUG o.h.b.i.InFlightMetadataCollectorImpl - Resolving reference to class: edu.ncsu.csc.itrust2.models.persistent.User
03:44:46.589 [main] DEBUG o.h.b.i.InFlightMetadataCollectorImpl - Resolving reference to class: edu.ncsu.csc.itrust2.models.persistent.User
03:44:46.590 [main] DEBUG o.h.b.i.InFlightMetadataCollectorImpl - Resolving reference to class: edu.ncsu.csc.itrust2.models.persistent.User
03:44:46.590 [main] DEBUG o.h.b.i.InFlightMetadataCollectorImpl - Resolving reference to class: edu.ncsu.csc.itrust2.models.persistent.AppointmentRequest
03:44:46.590 [main] DEBUG o.h.b.i.InFlightMetadataCollectorImpl - Resolving reference to class: edu.ncsu.csc.itrust2.models.persistent.BasicHealthMetrics
03:44:46.591 [main] DEBUG o.h.b.i.InFlightMetadataCollectorImpl - Resolving reference to class: edu.ncsu.csc.itrust2.models.persistent.User
03:44:46.591 [main] DEBUG o.h.b.i.InFlightMetadataCollectorImpl - Resolving reference to class: edu.ncsu.csc.itrust2.models.persistent.Hospital
03:44:46.591 [main] DEBUG o.h.b.i.InFlightMetadataCollectorImpl - Resolving reference to class: edu.ncsu.csc.itrust2.models.persistent.User
03:44:46.591 [main] DEBUG o.h.b.i.InFlightMetadataCollectorImpl - Resolving reference to class: edu.ncsu.csc.itrust2.models.persistent.User
03:44:46.592 [main] DEBUG o.h.b.i.InFlightMetadataCollectorImpl - Resolving reference to class: edu.ncsu.csc.itrust2.models.persistent.User
03:44:46.592 [main] DEBUG o.h.b.i.InFlightMetadataCollectorImpl - Resolving reference to class: edu.ncsu.csc.itrust2.models.persistent.User
03:44:46.593 [main] DEBUG o.h.b.i.InFlightMetadataCollectorImpl - Resolving reference to class: edu.ncsu.csc.itrust2.models.persistent.User
03:44:46.593 [main] DEBUG o.h.b.i.InFlightMetadataCollectorImpl - Resolving reference to class: edu.ncsu.csc.itrust2.models.persistent.User
03:44:46.593 [main] DEBUG o.h.b.i.InFlightMetadataCollectorImpl - Resolving reference to class: edu.ncsu.csc.itrust2.models.persistent.Drug
03:44:46.593 [main] DEBUG o.h.b.i.InFlightMetadataCollectorImpl - Resolving reference to class: edu.ncsu.csc.itrust2.models.persistent.User
03:44:46.594 [main] DEBUG o.h.b.i.InFlightMetadataCollectorImpl - Resolving reference to class: edu.ncsu.csc.itrust2.models.persistent.OfficeVisit
03:44:46.595 [main] DEBUG o.h.b.i.InFlightMetadataCollectorImpl - Resolving reference to class: edu.ncsu.csc.itrust2.models.persistent.User
03:44:46.595 [main] DEBUG o.h.b.i.InFlightMetadataCollectorImpl - Resolving reference to class: edu.ncsu.csc.itrust2.models.persistent.User
03:44:46.595 [main] DEBUG o.h.b.i.InFlightMetadataCollectorImpl - Resolving reference to class: edu.ncsu.csc.itrust2.models.persistent.User
03:44:46.596 [main] DEBUG o.h.b.i.InFlightMetadataCollectorImpl - Resolving reference to class: edu.ncsu.csc.itrust2.models.persistent.User
03:44:46.596 [main] DEBUG o.h.b.i.InFlightMetadataCollectorImpl - Resolving reference to class: edu.ncsu.csc.itrust2.models.persistent.ICDCode
03:44:46.596 [main] DEBUG o.h.b.i.InFlightMetadataCollectorImpl - Resolving reference to class: edu.ncsu.csc.itrust2.models.persistent.OfficeVisit
03:44:46.596 [main] DEBUG o.h.b.i.InFlightMetadataCollectorImpl - Resolving reference to class: edu.ncsu.csc.itrust2.models.persistent.User
03:44:46.596 [main] DEBUG o.h.b.i.InFlightMetadataCollectorImpl - Resolving reference to class: edu.ncsu.csc.itrust2.models.persistent.User
03:44:46.596 [main] DEBUG o.h.b.i.InFlightMetadataCollectorImpl - Resolving reference to class: edu.ncsu.csc.itrust2.models.persistent.User
03:44:46.596 [main] DEBUG o.h.b.i.InFlightMetadataCollectorImpl - Resolving reference to class: edu.ncsu.csc.itrust2.models.persistent.AppointmentRequest
03:44:46.596 [main] DEBUG o.h.b.i.InFlightMetadataCollectorImpl - Resolving reference to class: edu.ncsu.csc.itrust2.models.persistent.BasicHealthMetrics
03:44:46.596 [main] DEBUG o.h.b.i.InFlightMetadataCollectorImpl - Resolving reference to class: edu.ncsu.csc.itrust2.models.persistent.User
03:44:46.597 [main] DEBUG o.h.b.i.InFlightMetadataCollectorImpl - Resolving reference to class: edu.ncsu.csc.itrust2.models.persistent.Hospital
03:44:46.597 [main] DEBUG o.h.b.i.InFlightMetadataCollectorImpl - Resolving reference to class: edu.ncsu.csc.itrust2.models.persistent.User
03:44:46.597 [main] DEBUG o.h.b.i.InFlightMetadataCollectorImpl - Resolving reference to class: edu.ncsu.csc.itrust2.models.persistent.User
03:44:46.597 [main] DEBUG o.h.b.i.InFlightMetadataCollectorImpl - Resolving reference to class: edu.ncsu.csc.itrust2.models.persistent.User
03:44:46.597 [main] DEBUG o.h.b.i.InFlightMetadataCollectorImpl - Resolving reference to class: edu.ncsu.csc.itrust2.models.persistent.User
03:44:46.597 [main] DEBUG o.h.b.i.InFlightMetadataCollectorImpl - Resolving reference to class: edu.ncsu.csc.itrust2.models.persistent.User
03:44:46.597 [main] DEBUG o.h.b.i.InFlightMetadataCollectorImpl - Resolving reference to class: edu.ncsu.csc.itrust2.models.persistent.User
03:44:46.597 [main] DEBUG o.h.b.i.InFlightMetadataCollectorImpl - Resolving reference to class: edu.ncsu.csc.itrust2.models.persistent.Drug
03:44:46.597 [main] DEBUG o.h.b.i.InFlightMetadataCollectorImpl - Resolving reference to class: edu.ncsu.csc.itrust2.models.persistent.User
03:44:46.598 [main] DEBUG o.h.b.i.InFlightMetadataCollectorImpl - Resolving reference to class: edu.ncsu.csc.itrust2.models.persistent.OfficeVisit
03:44:46.617 [main] DEBUG o.h.b.internal.ClassLoaderAccessImpl - Not known whether passed class name [edu.ncsu.csc.itrust2.models.persistent.Patient] is safe
03:44:46.618 [main] DEBUG o.h.b.internal.ClassLoaderAccessImpl - No temp ClassLoader provided; using live ClassLoader for loading potentially unsafe class : edu.ncsu.csc.itrust2.models.persistent.Patient
03:44:46.726 [main] WARN  org.hibernate.mapping.RootClass - HHH000038: Composite-id class does not override equals(): edu.ncsu.csc.itrust2.models.persistent.Patient
03:44:46.726 [main] WARN  org.hibernate.mapping.RootClass - HHH000039: Composite-id class does not override hashCode(): edu.ncsu.csc.itrust2.models.persistent.Patient
03:44:46.751 [main] DEBUG o.h.internal.SessionFactoryImpl - Building session factory
03:44:46.752 [main] DEBUG org.hibernate.cfg.Settings - SessionFactory name : null
03:44:46.753 [main] DEBUG org.hibernate.cfg.Settings - Automatic flush during beforeCompletion(): disabled
03:44:46.753 [main] DEBUG org.hibernate.cfg.Settings - Automatic session close at end of transaction: disabled
03:44:46.753 [main] DEBUG org.hibernate.cfg.Settings - Statistics: disabled
03:44:46.753 [main] DEBUG org.hibernate.cfg.Settings - Deleted entity synthetic identifier rollback: disabled
03:44:46.753 [main] DEBUG org.hibernate.cfg.Settings - Default entity-mode: pojo
03:44:46.753 [main] DEBUG org.hibernate.cfg.Settings - Check Nullability in Core (should be disabled when Bean Validation is on): enabled
03:44:46.753 [main] DEBUG org.hibernate.cfg.Settings - Allow initialization of lazy state outside session : disabled
03:44:46.753 [main] DEBUG org.hibernate.cfg.Settings - Using BatchFetchStyle : LEGACY
03:44:46.753 [main] DEBUG org.hibernate.cfg.Settings - Default batch fetch size: -1
03:44:46.753 [main] DEBUG org.hibernate.cfg.Settings - Maximum outer join fetch depth: 2
03:44:46.753 [main] DEBUG org.hibernate.cfg.Settings - Default null ordering: NONE
03:44:46.753 [main] DEBUG org.hibernate.cfg.Settings - Order SQL updates by primary key: disabled
03:44:46.753 [main] DEBUG org.hibernate.cfg.Settings - Order SQL inserts for batching: disabled
03:44:46.753 [main] DEBUG org.hibernate.cfg.Settings - multi-tenancy strategy : NONE
03:44:46.753 [main] DEBUG org.hibernate.cfg.Settings - JTA Track by Thread: enabled
03:44:46.753 [main] DEBUG org.hibernate.cfg.Settings - Query language substitutions: {}
03:44:46.753 [main] DEBUG org.hibernate.cfg.Settings - JPA query language strict compliance: disabled
03:44:46.754 [main] DEBUG org.hibernate.cfg.Settings - Named query checking : enabled
03:44:46.754 [main] DEBUG org.hibernate.cfg.Settings - Second-level cache: enabled
03:44:46.754 [main] DEBUG org.hibernate.cfg.Settings - Second-level query cache: disabled
03:44:46.754 [main] DEBUG org.hibernate.cfg.Settings - Second-level query cache factory: org.hibernate.cache.internal.StandardQueryCacheFactory@760fe54a
03:44:46.754 [main] DEBUG org.hibernate.cfg.Settings - Second-level cache region prefix: null
03:44:46.754 [main] DEBUG org.hibernate.cfg.Settings - Optimize second-level cache for minimal puts: disabled
03:44:46.754 [main] DEBUG org.hibernate.cfg.Settings - Structured second-level cache entries: disabled
03:44:46.754 [main] DEBUG org.hibernate.cfg.Settings - Second-level cache direct-reference entries: disabled
03:44:46.754 [main] DEBUG org.hibernate.cfg.Settings - Automatic eviction of collection cache: disabled
03:44:46.755 [main] DEBUG org.hibernate.cfg.Settings - JDBC batch size: 15
03:44:46.755 [main] DEBUG org.hibernate.cfg.Settings - JDBC batch updates for versioned data: enabled
03:44:46.755 [main] DEBUG org.hibernate.cfg.Settings - Scrollable result sets: enabled
03:44:46.755 [main] DEBUG org.hibernate.cfg.Settings - Wrap result sets: disabled
03:44:46.755 [main] DEBUG org.hibernate.cfg.Settings - JDBC3 getGeneratedKeys(): enabled
03:44:46.755 [main] DEBUG org.hibernate.cfg.Settings - JDBC result set fetch size: null
03:44:46.755 [main] DEBUG org.hibernate.cfg.Settings - Connection release mode: ON_CLOSE
03:44:46.755 [main] DEBUG org.hibernate.cfg.Settings - Generate SQL with comments: disabled
03:44:46.851 [main] DEBUG o.h.internal.SessionFactoryImpl - Returning a Reference to the SessionFactory
03:44:46.854 [main] DEBUG o.h.internal.SessionFactoryImpl - Session factory constructed with filter configurations : {}
03:44:46.854 [main] DEBUG o.h.internal.SessionFactoryImpl - Instantiating session factory with properties: {hibernate.connection.password=root, java.runtime.name=Java(TM) SE Runtime Environment, java.vm.version=25.161-b12, sun.boot.library.path=/usr/lib/jvm/java-8-oracle/jre/lib/amd64, hibernate.connection.username=root, hibernate.boot.CfgXmlAccessService.key=org.hibernate.boot.cfgxml.spi.LoadedConfig@76dc938d, java.vm.vendor=Oracle Corporation, java.vendor.url=http://java.oracle.com/, path.separator=:, java.vm.name=Java HotSpot(TM) 64-Bit Server VM, file.encoding.pkg=sun.io, sun.os.patch.level=unknown, user.country=US, sun.java.launcher=SUN_STANDARD, java.vm.specification.name=Java Virtual Machine Specification, user.dir=/var/lib/jenkins/workspace/iTrust-Fuzz-Job/iTrust2-v2/iTrust/iTrust2, java.runtime.version=1.8.0_161-b12, java.awt.graphicsenv=sun.awt.X11GraphicsEnvironment, basedir=/var/lib/jenkins/workspace/iTrust-Fuzz-Job/iTrust2-v2/iTrust/iTrust2, os.arch=amd64, java.endorsed.dirs=/usr/lib/jvm/java-8-oracle/jre/lib/endorsed, surefire.real.class.path=/var/lib/jenkins/workspace/iTrust-Fuzz-Job/iTrust2-v2/iTrust/iTrust2/target/surefire/surefirebooter2698091633519242683.jar:/root/.m2/repository/org/jacoco/org.jacoco.agent/0.7.5.201505241946/org.jacoco.agent-0.7.5.201505241946-runtime.jar, java.io.tmpdir=/tmp, line.separator=
, java.vm.specification.vendor=Oracle Corporation, os.name=Linux, sun.jnu.encoding=UTF-8, java.library.path=/usr/java/packages/lib/amd64:/usr/lib64:/lib64:/lib:/usr/lib, surefire.test.class.path=/var/lib/jenkins/workspace/iTrust-Fuzz-Job/iTrust2-v2/iTrust/iTrust2/target/test-classes:/var/lib/jenkins/workspace/iTrust-Fuzz-Job/iTrust2-v2/iTrust/iTrust2/target/classes:/root/.m2/repository/javax/servlet/jsp/jstl/javax.servlet.jsp.jstl-api/1.2.1/javax.servlet.jsp.jstl-api-1.2.1.jar:/root/.m2/repository/javax/validation/validation-api/1.1.0.Final/validation-api-1.1.0.Final.jar:/root/.m2/repository/org/hibernate/hibernate-validator/5.4.1.Final/hibernate-validator-5.4.1.Final.jar:/root/.m2/repository/org/jboss/logging/jboss-logging/3.3.0.Final/jboss-logging-3.3.0.Final.jar:/root/.m2/repository/com/fasterxml/classmate/1.3.1/classmate-1.3.1.jar:/root/.m2/repository/org/slf4j/jcl-over-slf4j/1.7.7/jcl-over-slf4j-1.7.7.jar:/root/.m2/repository/org/slf4j/jul-to-slf4j/1.7.7/jul-to-slf4j-1.7.7.jar:/root/.m2/repository/org/slf4j/log4j-over-slf4j/1.7.7/log4j-over-slf4j-1.7.7.jar:/root/.m2/repository/org/slf4j/slf4j-api/1.7.7/slf4j-api-1.7.7.jar:/root/.m2/repository/org/springframework/security/spring-security-config/4.2.2.RELEASE/spring-security-config-4.2.2.RELEASE.jar:/root/.m2/repository/aopalliance/aopalliance/1.0/aopalliance-1.0.jar:/root/.m2/repository/org/springframework/spring-aop/4.3.5.RELEASE/spring-aop-4.3.5.RELEASE.jar:/root/.m2/repository/org/springframework/spring-beans/4.3.5.RELEASE/spring-beans-4.3.5.RELEASE.jar:/root/.m2/repository/org/springframework/spring-context/4.3.5.RELEASE/spring-context-4.3.5.RELEASE.jar:/root/.m2/repository/org/springframework/spring-core/4.3.5.RELEASE/spring-core-4.3.5.RELEASE.jar:/root/.m2/repository/org/springframework/security/spring-security-core/4.2.2.RELEASE/spring-security-core-4.2.2.RELEASE.jar:/root/.m2/repository/org/springframework/spring-expression/4.3.5.RELEASE/spring-expression-4.3.5.RELEASE.jar:/root/.m2/repository/org/springframework/security/spring-security-web/4.2.2.RELEASE/spring-security-web-4.2.2.RELEASE.jar:/root/.m2/repository/org/springframework/spring-web/4.3.5.RELEASE/spring-web-4.3.5.RELEASE.jar:/root/.m2/repository/org/springframework/spring-jdbc/4.3.5.RELEASE/spring-jdbc-4.3.5.RELEASE.jar:/root/.m2/repository/org/springframework/spring-tx/4.3.5.RELEASE/spring-tx-4.3.5.RELEASE.jar:/root/.m2/repository/javax/el/javax.el-api/2.2.4/javax.el-api-2.2.4.jar:/root/.m2/repository/org/glassfish/javax.el/3.0.1-b08/javax.el-3.0.1-b08.jar:/root/.m2/repository/org/springframework/spring-webmvc/4.3.5.RELEASE/spring-webmvc-4.3.5.RELEASE.jar:/root/.m2/repository/commons-logging/commons-logging/1.2/commons-logging-1.2.jar:/root/.m2/repository/javax/servlet/jsp/jsp-api/2.1/jsp-api-2.1.jar:/root/.m2/repository/javax/servlet/javax.servlet-api/3.0.1/javax.servlet-api-3.0.1.jar:/root/.m2/repository/cglib/cglib-nodep/3.1/cglib-nodep-3.1.jar:/root/.m2/repository/ch/qos/logback/logback-classic/1.1.2/logback-classic-1.1.2.jar:/root/.m2/repository/ch/qos/logback/logback-core/1.1.2/logback-core-1.1.2.jar:/root/.m2/repository/opensymphony/sitemesh/2.4.2/sitemesh-2.4.2.jar:/root/.m2/repository/junit/junit/4.12/junit-4.12.jar:/root/.m2/repository/org/assertj/assertj-core/2.2.0/assertj-core-2.2.0.jar:/root/.m2/repository/org/mockito/mockito-core/1.10.19/mockito-core-1.10.19.jar:/root/.m2/repository/org/objenesis/objenesis/2.1/objenesis-2.1.jar:/root/.m2/repository/org/springframework/security/spring-security-test/4.2.2.RELEASE/spring-security-test-4.2.2.RELEASE.jar:/root/.m2/repository/org/springframework/spring-test/4.3.5.RELEASE/spring-test-4.3.5.RELEASE.jar:/root/.m2/repository/mysql/mysql-connector-java/5.1.40/mysql-connector-java-5.1.40.jar:/root/.m2/repository/org/springframework/spring-orm/4.3.5.RELEASE/spring-orm-4.3.5.RELEASE.jar:/root/.m2/repository/org/springframework/data/spring-data-jpa/1.10.2.RELEASE/spring-data-jpa-1.10.2.RELEASE.jar:/root/.m2/repository/org/springframework/data/spring-data-commons/1.12.2.RELEASE/spring-data-commons-1.12.2.RELEASE.jar:/root/.m2/repository/org/aspectj/aspectjrt/1.8.9/aspectjrt-1.8.9.jar:/root/.m2/repository/org/thymeleaf/thymeleaf/3.0.0.RELEASE/thymeleaf-3.0.0.RELEASE.jar:/root/.m2/repository/ognl/ognl/3.1.3/ognl-3.1.3.jar:/root/.m2/repository/org/javassist/javassist/3.20.0-GA/javassist-3.20.0-GA.jar:/root/.m2/repository/org/attoparser/attoparser/2.0.0.RELEASE/attoparser-2.0.0.RELEASE.jar:/root/.m2/repository/org/unbescape/unbescape/1.1.3.RELEASE/unbescape-1.1.3.RELEASE.jar:/root/.m2/repository/org/thymeleaf/thymeleaf-spring4/3.0.2.RELEASE/thymeleaf-spring4-3.0.2.RELEASE.jar:/root/.m2/repository/org/thymeleaf/extras/thymeleaf-extras-tiles2-spring4/2.1.1.RELEASE/thymeleaf-extras-tiles2-spring4-2.1.1.RELEASE.jar:/root/.m2/repository/org/thymeleaf/extras/thymeleaf-extras-tiles2/2.1.1.RELEASE/thymeleaf-extras-tiles2-2.1.1.RELEASE.jar:/root/.m2/repository/org/apache/tiles/tiles-core/2.2.2/tiles-core-2.2.2.jar:/root/.m2/repository/org/apache/tiles/tiles-api/2.2.2/tiles-api-2.2.2.jar:/root/.m2/repository/commons-digester/commons-digester/2.0/commons-digester-2.0.jar:/root/.m2/repository/commons-beanutils/commons-beanutils/1.8.0/commons-beanutils-1.8.0.jar:/root/.m2/repository/org/apache/tiles/tiles-template/2.2.2/tiles-template-2.2.2.jar:/root/.m2/repository/org/apache/tiles/tiles-servlet/2.2.2/tiles-servlet-2.2.2.jar:/root/.m2/repository/org/apache/tiles/tiles-jsp/2.2.2/tiles-jsp-2.2.2.jar:/root/.m2/repository/org/hibernate/hibernate-entitymanager/5.0.11.Final/hibernate-entitymanager-5.0.11.Final.jar:/root/.m2/repository/org/hibernate/hibernate-core/5.0.11.Final/hibernate-core-5.0.11.Final.jar:/root/.m2/repository/antlr/antlr/2.7.7/antlr-2.7.7.jar:/root/.m2/repository/org/jboss/jandex/2.0.0.Final/jandex-2.0.0.Final.jar:/root/.m2/repository/dom4j/dom4j/1.6.1/dom4j-1.6.1.jar:/root/.m2/repository/org/hibernate/common/hibernate-commons-annotations/5.0.1.Final/hibernate-commons-annotations-5.0.1.Final.jar:/root/.m2/repository/org/hibernate/javax/persistence/hibernate-jpa-2.1-api/1.0.0.Final/hibernate-jpa-2.1-api-1.0.0.Final.jar:/root/.m2/repository/org/apache/geronimo/specs/geronimo-jta_1.1_spec/1.1.1/geronimo-jta_1.1_spec-1.1.1.jar:/root/.m2/repository/org/seleniumhq/selenium/selenium-java/2.53.1/selenium-java-2.53.1.jar:/root/.m2/repository/org/seleniumhq/selenium/selenium-chrome-driver/2.53.1/selenium-chrome-driver-2.53.1.jar:/root/.m2/repository/org/seleniumhq/selenium/selenium-remote-driver/2.53.1/selenium-remote-driver-2.53.1.jar:/root/.m2/repository/org/seleniumhq/selenium/selenium-api/2.53.1/selenium-api-2.53.1.jar:/root/.m2/repository/com/google/guava/guava/19.0/guava-19.0.jar:/root/.m2/repository/org/seleniumhq/selenium/selenium-edge-driver/2.53.1/selenium-edge-driver-2.53.1.jar:/root/.m2/repository/org/apache/commons/commons-exec/1.3/commons-exec-1.3.jar:/root/.m2/repository/org/seleniumhq/selenium/selenium-firefox-driver/2.53.1/selenium-firefox-driver-2.53.1.jar:/root/.m2/repository/org/seleniumhq/selenium/selenium-ie-driver/2.53.1/selenium-ie-driver-2.53.1.jar:/root/.m2/repository/net/java/dev/jna/jna/4.1.0/jna-4.1.0.jar:/root/.m2/repository/net/java/dev/jna/jna-platform/4.1.0/jna-platform-4.1.0.jar:/root/.m2/repository/org/seleniumhq/selenium/selenium-safari-driver/2.53.1/selenium-safari-driver-2.53.1.jar:/root/.m2/repository/io/netty/netty/3.5.7.Final/netty-3.5.7.Final.jar:/root/.m2/repository/org/seleniumhq/selenium/selenium-support/2.53.1/selenium-support-2.53.1.jar:/root/.m2/repository/org/seleniumhq/selenium/selenium-leg-rc/2.53.1/selenium-leg-rc-2.53.1.jar:/root/.m2/repository/org/seleniumhq/selenium/htmlunit-driver/2.21/htmlunit-driver-2.21.jar:/root/.m2/repository/net/sourceforge/htmlunit/htmlunit/2.21/htmlunit-2.21.jar:/root/.m2/repository/xalan/xalan/2.7.2/xalan-2.7.2.jar:/root/.m2/repository/xalan/serializer/2.7.2/serializer-2.7.2.jar:/root/.m2/repository/org/apache/httpcomponents/httpmime/4.5.2/httpmime-4.5.2.jar:/root/.m2/repository/commons-codec/commons-codec/1.10/commons-codec-1.10.jar:/root/.m2/repository/net/sourceforge/htmlunit/htmlunit-core-js/2.17/htmlunit-core-js-2.17.jar:/root/.m2/repository/net/sourceforge/htmlunit/neko-htmlunit/2.21/neko-htmlunit-2.21.jar:/root/.m2/repository/xerces/xercesImpl/2.11.0/xercesImpl-2.11.0.jar:/root/.m2/repository/net/sourceforge/cssparser/cssparser/0.9.18/cssparser-0.9.18.jar:/root/.m2/repository/org/w3c/css/sac/1.3/sac-1.3.jar:/root/.m2/repository/org/eclipse/jetty/websocket/websocket-client/9.2.15.v20160210/websocket-client-9.2.15.v20160210.jar:/root/.m2/repository/org/eclipse/jetty/jetty-util/9.2.15.v20160210/jetty-util-9.2.15.v20160210.jar:/root/.m2/repository/org/eclipse/jetty/jetty-io/9.2.15.v20160210/jetty-io-9.2.15.v20160210.jar:/root/.m2/repository/org/eclipse/jetty/websocket/websocket-common/9.2.15.v20160210/websocket-common-9.2.15.v20160210.jar:/root/.m2/repository/org/eclipse/jetty/websocket/websocket-api/9.2.15.v20160210/websocket-api-9.2.15.v20160210.jar:/root/.m2/repository/commons-collections/commons-collections/3.2.2/commons-collections-3.2.2.jar:/root/.m2/repository/io/github/bonigarcia/webdrivermanager/1.7.2/webdrivermanager-1.7.2.jar:/root/.m2/repository/commons-io/commons-io/2.5/commons-io-2.5.jar:/root/.m2/repository/com/typesafe/config/1.2.1/config-1.2.1.jar:/root/.m2/repository/org/apache/commons/commons-lang3/3.5/commons-lang3-3.5.jar:/root/.m2/repository/org/apache/httpcomponents/httpclient/4.5.3/httpclient-4.5.3.jar:/root/.m2/repository/org/apache/httpcomponents/httpcore/4.4.6/httpcore-4.4.6.jar:/root/.m2/repository/org/rauschig/jarchivelib/0.7.1/jarchivelib-0.7.1.jar:/root/.m2/repository/org/apache/commons/commons-compress/1.9/commons-compress-1.9.jar:/root/.m2/repository/org/jsoup/jsoup/1.10.2/jsoup-1.10.2.jar:/root/.m2/repository/xml-apis/xml-apis/1.4.01/xml-apis-1.4.01.jar:/root/.m2/repository/info/cukes/cucumber-core/1.2.4/cucumber-core-1.2.4.jar:/root/.m2/repository/info/cukes/gherkin/2.12.2/gherkin-2.12.2.jar:/root/.m2/repository/info/cukes/cucumber-html/0.2.3/cucumber-html-0.2.3.jar:/root/.m2/repository/info/cukes/cucumber-java/1.2.4/cucumber-java-1.2.4.jar:/root/.m2/repository/info/cukes/cucumber-jvm-deps/1.0.5/cucumber-jvm-deps-1.0.5.jar:/root/.m2/repository/info/cukes/cucumber-picocontainer/1.2.4/cucumber-picocontainer-1.2.4.jar:/root/.m2/repository/org/picocontainer/picocontainer/2.15/picocontainer-2.15.jar:/root/.m2/repository/info/cukes/cucumber-junit/1.2.4/cucumber-junit-1.2.4.jar:/root/.m2/repository/org/springframework/webflow/spring-binding/2.4.4.RELEASE/spring-binding-2.4.4.RELEASE.jar:/root/.m2/repository/opensymphony/ognl/2.6.11/ognl-2.6.11.jar:/root/.m2/repository/org/springframework/webflow/spring-webflow/2.4.4.RELEASE/spring-webflow-2.4.4.RELEASE.jar:/root/.m2/repository/org/springframework/webflow/spring-js/2.4.4.RELEASE/spring-js-2.4.4.RELEASE.jar:/root/.m2/repository/org/springframework/webflow/spring-js-resources/2.4.4.RELEASE/spring-js-resources-2.4.4.RELEASE.jar:/root/.m2/repository/com/google/code/gson/gson/2.8.0/gson-2.8.0.jar:/root/.m2/repository/org/hamcrest/hamcrest-core/1.3/hamcrest-core-1.3.jar:/root/.m2/repository/org/hamcrest/hamcrest-library/1.3/hamcrest-library-1.3.jar:/root/.m2/repository/com/jayway/jsonpath/json-path-assert/2.2.0/json-path-assert-2.2.0.jar:/root/.m2/repository/com/jayway/jsonpath/json-path/2.2.0/json-path-2.2.0.jar:/root/.m2/repository/net/minidev/json-smart/2.2.1/json-smart-2.2.1.jar:/root/.m2/repository/net/minidev/accessors-smart/1.1/accessors-smart-1.1.jar:/root/.m2/repository/org/ow2/asm/asm/5.0.3/asm-5.0.3.jar:/root/.m2/repository/org/springframework/session/spring-session/1.2.1.RELEASE/spring-session-1.2.1.RELEASE.jar:/root/.m2/repository/javax/mail/mail/1.4.7/mail-1.4.7.jar:/root/.m2/repository/javax/activation/activation/1.1/activation-1.1.jar:/root/.m2/repository/javax/mail/javax.mail-api/1.5.5/javax.mail-api-1.5.5.jar:, java.class.version=52.0, java.specification.name=Java Platform API Specification, hibernate.connection.pool_size=100, sun.management.compiler=HotSpot 64-Bit Tiered Compilers, os.version=4.4.0-116-generic, user.home=/root, user.timezone=Etc/UTC, java.awt.printerjob=sun.print.PSPrinterJob, file.encoding=UTF-8, java.specification.version=1.8, hibernate.connection.driver_class=com.mysql.jdbc.Driver, show_sql=true, user.name=root, java.class.path=/var/lib/jenkins/workspace/iTrust-Fuzz-Job/iTrust2-v2/iTrust/iTrust2/target/test-classes:/var/lib/jenkins/workspace/iTrust-Fuzz-Job/iTrust2-v2/iTrust/iTrust2/target/classes:/root/.m2/repository/javax/servlet/jsp/jstl/javax.servlet.jsp.jstl-api/1.2.1/javax.servlet.jsp.jstl-api-1.2.1.jar:/root/.m2/repository/javax/validation/validation-api/1.1.0.Final/validation-api-1.1.0.Final.jar:/root/.m2/repository/org/hibernate/hibernate-validator/5.4.1.Final/hibernate-validator-5.4.1.Final.jar:/root/.m2/repository/org/jboss/logging/jboss-logging/3.3.0.Final/jboss-logging-3.3.0.Final.jar:/root/.m2/repository/com/fasterxml/classmate/1.3.1/classmate-1.3.1.jar:/root/.m2/repository/org/slf4j/jcl-over-slf4j/1.7.7/jcl-over-slf4j-1.7.7.jar:/root/.m2/repository/org/slf4j/jul-to-slf4j/1.7.7/jul-to-slf4j-1.7.7.jar:/root/.m2/repository/org/slf4j/log4j-over-slf4j/1.7.7/log4j-over-slf4j-1.7.7.jar:/root/.m2/repository/org/slf4j/slf4j-api/1.7.7/slf4j-api-1.7.7.jar:/root/.m2/repository/org/springframework/security/spring-security-config/4.2.2.RELEASE/spring-security-config-4.2.2.RELEASE.jar:/root/.m2/repository/aopalliance/aopalliance/1.0/aopalliance-1.0.jar:/root/.m2/repository/org/springframework/spring-aop/4.3.5.RELEASE/spring-aop-4.3.5.RELEASE.jar:/root/.m2/repository/org/springframework/spring-beans/4.3.5.RELEASE/spring-beans-4.3.5.RELEASE.jar:/root/.m2/repository/org/springframework/spring-context/4.3.5.RELEASE/spring-context-4.3.5.RELEASE.jar:/root/.m2/repository/org/springframework/spring-core/4.3.5.RELEASE/spring-core-4.3.5.RELEASE.jar:/root/.m2/repository/org/springframework/security/spring-security-core/4.2.2.RELEASE/spring-security-core-4.2.2.RELEASE.jar:/root/.m2/repository/org/springframework/spring-expression/4.3.5.RELEASE/spring-expression-4.3.5.RELEASE.jar:/root/.m2/repository/org/springframework/security/spring-security-web/4.2.2.RELEASE/spring-security-web-4.2.2.RELEASE.jar:/root/.m2/repository/org/springframework/spring-web/4.3.5.RELEASE/spring-web-4.3.5.RELEASE.jar:/root/.m2/repository/org/springframework/spring-jdbc/4.3.5.RELEASE/spring-jdbc-4.3.5.RELEASE.jar:/root/.m2/repository/org/springframework/spring-tx/4.3.5.RELEASE/spring-tx-4.3.5.RELEASE.jar:/root/.m2/repository/javax/el/javax.el-api/2.2.4/javax.el-api-2.2.4.jar:/root/.m2/repository/org/glassfish/javax.el/3.0.1-b08/javax.el-3.0.1-b08.jar:/root/.m2/repository/org/springframework/spring-webmvc/4.3.5.RELEASE/spring-webmvc-4.3.5.RELEASE.jar:/root/.m2/repository/commons-logging/commons-logging/1.2/commons-logging-1.2.jar:/root/.m2/repository/javax/servlet/jsp/jsp-api/2.1/jsp-api-2.1.jar:/root/.m2/repository/javax/servlet/javax.servlet-api/3.0.1/javax.servlet-api-3.0.1.jar:/root/.m2/repository/cglib/cglib-nodep/3.1/cglib-nodep-3.1.jar:/root/.m2/repository/ch/qos/logback/logback-classic/1.1.2/logback-classic-1.1.2.jar:/root/.m2/repository/ch/qos/logback/logback-core/1.1.2/logback-core-1.1.2.jar:/root/.m2/repository/opensymphony/sitemesh/2.4.2/sitemesh-2.4.2.jar:/root/.m2/repository/junit/junit/4.12/junit-4.12.jar:/root/.m2/repository/org/assertj/assertj-core/2.2.0/assertj-core-2.2.0.jar:/root/.m2/repository/org/mockito/mockito-core/1.10.19/mockito-core-1.10.19.jar:/root/.m2/repository/org/objenesis/objenesis/2.1/objenesis-2.1.jar:/root/.m2/repository/org/springframework/security/spring-security-test/4.2.2.RELEASE/spring-security-test-4.2.2.RELEASE.jar:/root/.m2/repository/org/springframework/spring-test/4.3.5.RELEASE/spring-test-4.3.5.RELEASE.jar:/root/.m2/repository/mysql/mysql-connector-java/5.1.40/mysql-connector-java-5.1.40.jar:/root/.m2/repository/org/springframework/spring-orm/4.3.5.RELEASE/spring-orm-4.3.5.RELEASE.jar:/root/.m2/repository/org/springframework/data/spring-data-jpa/1.10.2.RELEASE/spring-data-jpa-1.10.2.RELEASE.jar:/root/.m2/repository/org/springframework/data/spring-data-commons/1.12.2.RELEASE/spring-data-commons-1.12.2.RELEASE.jar:/root/.m2/repository/org/aspectj/aspectjrt/1.8.9/aspectjrt-1.8.9.jar:/root/.m2/repository/org/thymeleaf/thymeleaf/3.0.0.RELEASE/thymeleaf-3.0.0.RELEASE.jar:/root/.m2/repository/ognl/ognl/3.1.3/ognl-3.1.3.jar:/root/.m2/repository/org/javassist/javassist/3.20.0-GA/javassist-3.20.0-GA.jar:/root/.m2/repository/org/attoparser/attoparser/2.0.0.RELEASE/attoparser-2.0.0.RELEASE.jar:/root/.m2/repository/org/unbescape/unbescape/1.1.3.RELEASE/unbescape-1.1.3.RELEASE.jar:/root/.m2/repository/org/thymeleaf/thymeleaf-spring4/3.0.2.RELEASE/thymeleaf-spring4-3.0.2.RELEASE.jar:/root/.m2/repository/org/thymeleaf/extras/thymeleaf-extras-tiles2-spring4/2.1.1.RELEASE/thymeleaf-extras-tiles2-spring4-2.1.1.RELEASE.jar:/root/.m2/repository/org/thymeleaf/extras/thymeleaf-extras-tiles2/2.1.1.RELEASE/thymeleaf-extras-tiles2-2.1.1.RELEASE.jar:/root/.m2/repository/org/apache/tiles/tiles-core/2.2.2/tiles-core-2.2.2.jar:/root/.m2/repository/org/apache/tiles/tiles-api/2.2.2/tiles-api-2.2.2.jar:/root/.m2/repository/commons-digester/commons-digester/2.0/commons-digester-2.0.jar:/root/.m2/repository/commons-beanutils/commons-beanutils/1.8.0/commons-beanutils-1.8.0.jar:/root/.m2/repository/org/apache/tiles/tiles-template/2.2.2/tiles-template-2.2.2.jar:/root/.m2/repository/org/apache/tiles/tiles-servlet/2.2.2/tiles-servlet-2.2.2.jar:/root/.m2/repository/org/apache/tiles/tiles-jsp/2.2.2/tiles-jsp-2.2.2.jar:/root/.m2/repository/org/hibernate/hibernate-entitymanager/5.0.11.Final/hibernate-entitymanager-5.0.11.Final.jar:/root/.m2/repository/org/hibernate/hibernate-core/5.0.11.Final/hibernate-core-5.0.11.Final.jar:/root/.m2/repository/antlr/antlr/2.7.7/antlr-2.7.7.jar:/root/.m2/repository/org/jboss/jandex/2.0.0.Final/jandex-2.0.0.Final.jar:/root/.m2/repository/dom4j/dom4j/1.6.1/dom4j-1.6.1.jar:/root/.m2/repository/org/hibernate/common/hibernate-commons-annotations/5.0.1.Final/hibernate-commons-annotations-5.0.1.Final.jar:/root/.m2/repository/org/hibernate/javax/persistence/hibernate-jpa-2.1-api/1.0.0.Final/hibernate-jpa-2.1-api-1.0.0.Final.jar:/root/.m2/repository/org/apache/geronimo/specs/geronimo-jta_1.1_spec/1.1.1/geronimo-jta_1.1_spec-1.1.1.jar:/root/.m2/repository/org/seleniumhq/selenium/selenium-java/2.53.1/selenium-java-2.53.1.jar:/root/.m2/repository/org/seleniumhq/selenium/selenium-chrome-driver/2.53.1/selenium-chrome-driver-2.53.1.jar:/root/.m2/repository/org/seleniumhq/selenium/selenium-remote-driver/2.53.1/selenium-remote-driver-2.53.1.jar:/root/.m2/repository/org/seleniumhq/selenium/selenium-api/2.53.1/selenium-api-2.53.1.jar:/root/.m2/repository/com/google/guava/guava/19.0/guava-19.0.jar:/root/.m2/repository/org/seleniumhq/selenium/selenium-edge-driver/2.53.1/selenium-edge-driver-2.53.1.jar:/root/.m2/repository/org/apache/commons/commons-exec/1.3/commons-exec-1.3.jar:/root/.m2/repository/org/seleniumhq/selenium/selenium-firefox-driver/2.53.1/selenium-firefox-driver-2.53.1.jar:/root/.m2/repository/org/seleniumhq/selenium/selenium-ie-driver/2.53.1/selenium-ie-driver-2.53.1.jar:/root/.m2/repository/net/java/dev/jna/jna/4.1.0/jna-4.1.0.jar:/root/.m2/repository/net/java/dev/jna/jna-platform/4.1.0/jna-platform-4.1.0.jar:/root/.m2/repository/org/seleniumhq/selenium/selenium-safari-driver/2.53.1/selenium-safari-driver-2.53.1.jar:/root/.m2/repository/io/netty/netty/3.5.7.Final/netty-3.5.7.Final.jar:/root/.m2/repository/org/seleniumhq/selenium/selenium-support/2.53.1/selenium-support-2.53.1.jar:/root/.m2/repository/org/seleniumhq/selenium/selenium-leg-rc/2.53.1/selenium-leg-rc-2.53.1.jar:/root/.m2/repository/org/seleniumhq/selenium/htmlunit-driver/2.21/htmlunit-driver-2.21.jar:/root/.m2/repository/net/sourceforge/htmlunit/htmlunit/2.21/htmlunit-2.21.jar:/root/.m2/repository/xalan/xalan/2.7.2/xalan-2.7.2.jar:/root/.m2/repository/xalan/serializer/2.7.2/serializer-2.7.2.jar:/root/.m2/repository/org/apache/httpcomponents/httpmime/4.5.2/httpmime-4.5.2.jar:/root/.m2/repository/commons-codec/commons-codec/1.10/commons-codec-1.10.jar:/root/.m2/repository/net/sourceforge/htmlunit/htmlunit-core-js/2.17/htmlunit-core-js-2.17.jar:/root/.m2/repository/net/sourceforge/htmlunit/neko-htmlunit/2.21/neko-htmlunit-2.21.jar:/root/.m2/repository/xerces/xercesImpl/2.11.0/xercesImpl-2.11.0.jar:/root/.m2/repository/net/sourceforge/cssparser/cssparser/0.9.18/cssparser-0.9.18.jar:/root/.m2/repository/org/w3c/css/sac/1.3/sac-1.3.jar:/root/.m2/repository/org/eclipse/jetty/websocket/websocket-client/9.2.15.v20160210/websocket-client-9.2.15.v20160210.jar:/root/.m2/repository/org/eclipse/jetty/jetty-util/9.2.15.v20160210/jetty-util-9.2.15.v20160210.jar:/root/.m2/repository/org/eclipse/jetty/jetty-io/9.2.15.v20160210/jetty-io-9.2.15.v20160210.jar:/root/.m2/repository/org/eclipse/jetty/websocket/websocket-common/9.2.15.v20160210/websocket-common-9.2.15.v20160210.jar:/root/.m2/repository/org/eclipse/jetty/websocket/websocket-api/9.2.15.v20160210/websocket-api-9.2.15.v20160210.jar:/root/.m2/repository/commons-collections/commons-collections/3.2.2/commons-collections-3.2.2.jar:/root/.m2/repository/io/github/bonigarcia/webdrivermanager/1.7.2/webdrivermanager-1.7.2.jar:/root/.m2/repository/commons-io/commons-io/2.5/commons-io-2.5.jar:/root/.m2/repository/com/typesafe/config/1.2.1/config-1.2.1.jar:/root/.m2/repository/org/apache/commons/commons-lang3/3.5/commons-lang3-3.5.jar:/root/.m2/repository/org/apache/httpcomponents/httpclient/4.5.3/httpclient-4.5.3.jar:/root/.m2/repository/org/apache/httpcomponents/httpcore/4.4.6/httpcore-4.4.6.jar:/root/.m2/repository/org/rauschig/jarchivelib/0.7.1/jarchivelib-0.7.1.jar:/root/.m2/repository/org/apache/commons/commons-compress/1.9/commons-compress-1.9.jar:/root/.m2/repository/org/jsoup/jsoup/1.10.2/jsoup-1.10.2.jar:/root/.m2/repository/xml-apis/xml-apis/1.4.01/xml-apis-1.4.01.jar:/root/.m2/repository/info/cukes/cucumber-core/1.2.4/cucumber-core-1.2.4.jar:/root/.m2/repository/info/cukes/gherkin/2.12.2/gherkin-2.12.2.jar:/root/.m2/repository/info/cukes/cucumber-html/0.2.3/cucumber-html-0.2.3.jar:/root/.m2/repository/info/cukes/cucumber-java/1.2.4/cucumber-java-1.2.4.jar:/root/.m2/repository/info/cukes/cucumber-jvm-deps/1.0.5/cucumber-jvm-deps-1.0.5.jar:/root/.m2/repository/info/cukes/cucumber-picocontainer/1.2.4/cucumber-picocontainer-1.2.4.jar:/root/.m2/repository/org/picocontainer/picocontainer/2.15/picocontainer-2.15.jar:/root/.m2/repository/info/cukes/cucumber-junit/1.2.4/cucumber-junit-1.2.4.jar:/root/.m2/repository/org/springframework/webflow/spring-binding/2.4.4.RELEASE/spring-binding-2.4.4.RELEASE.jar:/root/.m2/repository/opensymphony/ognl/2.6.11/ognl-2.6.11.jar:/root/.m2/repository/org/springframework/webflow/spring-webflow/2.4.4.RELEASE/spring-webflow-2.4.4.RELEASE.jar:/root/.m2/repository/org/springframework/webflow/spring-js/2.4.4.RELEASE/spring-js-2.4.4.RELEASE.jar:/root/.m2/repository/org/springframework/webflow/spring-js-resources/2.4.4.RELEASE/spring-js-resources-2.4.4.RELEASE.jar:/root/.m2/repository/com/google/code/gson/gson/2.8.0/gson-2.8.0.jar:/root/.m2/repository/org/hamcrest/hamcrest-core/1.3/hamcrest-core-1.3.jar:/root/.m2/repository/org/hamcrest/hamcrest-library/1.3/hamcrest-library-1.3.jar:/root/.m2/repository/com/jayway/jsonpath/json-path-assert/2.2.0/json-path-assert-2.2.0.jar:/root/.m2/repository/com/jayway/jsonpath/json-path/2.2.0/json-path-2.2.0.jar:/root/.m2/repository/net/minidev/json-smart/2.2.1/json-smart-2.2.1.jar:/root/.m2/repository/net/minidev/accessors-smart/1.1/accessors-smart-1.1.jar:/root/.m2/repository/org/ow2/asm/asm/5.0.3/asm-5.0.3.jar:/root/.m2/repository/org/springframework/session/spring-session/1.2.1.RELEASE/spring-session-1.2.1.RELEASE.jar:/root/.m2/repository/javax/mail/mail/1.4.7/mail-1.4.7.jar:/root/.m2/repository/javax/activation/activation/1.1/activation-1.1.jar:/root/.m2/repository/javax/mail/javax.mail-api/1.5.5/javax.mail-api-1.5.5.jar:, hibernate.bytecode.use_reflection_optimizer=false, hibernate.show_sql=true, java.vm.specification.version=1.8, sun.arch.data.model=64, sun.java.command=/var/lib/jenkins/workspace/iTrust-Fuzz-Job/iTrust2-v2/iTrust/iTrust2/target/surefire/surefirebooter2698091633519242683.jar /var/lib/jenkins/workspace/iTrust-Fuzz-Job/iTrust2-v2/iTrust/iTrust2/target/surefire 2018-03-21T03-44-35_882-jvmRun1 surefire3952432996275303718tmp surefire_03034180119139243688tmp, java.home=/usr/lib/jvm/java-8-oracle/jre, hibernate.connection.url=jdbc:mysql://localhost:3306/iTrust2?createDatabaseIfNotExist=true, hibernate.dialect=org.hibernate.dialect.MySQLDialect, user.language=en, java.specification.vendor=Oracle Corporation, awt.toolkit=sun.awt.X11.XToolkit, java.vm.info=mixed mode, java.version=1.8.0_161, java.ext.dirs=/usr/lib/jvm/java-8-oracle/jre/lib/ext:/usr/java/packages/lib/ext, sun.boot.class.path=/usr/lib/jvm/java-8-oracle/jre/lib/resources.jar:/usr/lib/jvm/java-8-oracle/jre/lib/rt.jar:/usr/lib/jvm/java-8-oracle/jre/lib/sunrsasign.jar:/usr/lib/jvm/java-8-oracle/jre/lib/jsse.jar:/usr/lib/jvm/java-8-oracle/jre/lib/jce.jar:/usr/lib/jvm/java-8-oracle/jre/lib/charsets.jar:/usr/lib/jvm/java-8-oracle/jre/lib/jfr.jar:/usr/lib/jvm/java-8-oracle/jre/classes, java.vendor=Oracle Corporation, localRepository=/root/.m2/repository, file.separator=/, java.vendor.url.bug=http://bugreport.sun.com/bugreport/, hibernate.hbm2ddl.auto=update, sun.io.unicode.encoding=UnicodeLittle, sun.cpu.endian=little, sun.cpu.isalist=}
03:44:46.879 [main] DEBUG o.h.v.i.e.r.DefaultTraversableResolver - Found javax.persistence.Persistence on classpath containing 'getPersistenceUtil'. Assuming JPA 2 environment. Trying to instantiate JPA aware TraversableResolver
03:44:46.879 [main] DEBUG o.h.v.i.e.r.DefaultTraversableResolver - Instantiated JPA aware TraversableResolver of type org.hibernate.validator.internal.engine.resolver.JPATraversableResolver.
03:44:46.879 [main] DEBUG o.h.v.i.xml.ValidationXmlParser - Trying to load META-INF/validation.xml for XML based Validator configuration.
03:44:46.879 [main] DEBUG o.h.v.i.xml.ResourceLoaderHelper - Trying to load META-INF/validation.xml via TCCL
03:44:46.880 [main] DEBUG o.h.v.i.xml.ResourceLoaderHelper - Trying to load META-INF/validation.xml via Hibernate Validator's class loader
03:44:46.880 [main] DEBUG o.h.v.i.xml.ValidationXmlParser - No META-INF/validation.xml found. Using annotation based configuration only.
03:44:46.886 [main] DEBUG o.h.b.internal.ClassLoaderAccessImpl - Not known whether passed class name [edu.ncsu.csc.itrust2.models.persistent.Personnel] is safe
03:44:46.886 [main] DEBUG o.h.b.internal.ClassLoaderAccessImpl - No temp ClassLoader provided; using live ClassLoader for loading potentially unsafe class : edu.ncsu.csc.itrust2.models.persistent.Personnel
03:44:47.002 [main] DEBUG o.h.b.internal.ClassLoaderAccessImpl - Not known whether passed class name [edu.ncsu.csc.itrust2.models.persistent.BasicHealthMetrics] is safe
03:44:47.002 [main] DEBUG o.h.b.internal.ClassLoaderAccessImpl - No temp ClassLoader provided; using live ClassLoader for loading potentially unsafe class : edu.ncsu.csc.itrust2.models.persistent.BasicHealthMetrics
03:44:47.036 [main] DEBUG o.h.b.internal.ClassLoaderAccessImpl - Not known whether passed class name [edu.ncsu.csc.itrust2.models.persistent.LoginAttempt] is safe
03:44:47.036 [main] DEBUG o.h.b.internal.ClassLoaderAccessImpl - No temp ClassLoader provided; using live ClassLoader for loading potentially unsafe class : edu.ncsu.csc.itrust2.models.persistent.LoginAttempt
03:44:47.044 [main] DEBUG o.h.b.internal.ClassLoaderAccessImpl - Not known whether passed class name [edu.ncsu.csc.itrust2.models.persistent.Patient] is safe
03:44:47.044 [main] DEBUG o.h.b.internal.ClassLoaderAccessImpl - No temp ClassLoader provided; using live ClassLoader for loading potentially unsafe class : edu.ncsu.csc.itrust2.models.persistent.Patient
03:44:47.075 [main] DEBUG o.h.b.internal.ClassLoaderAccessImpl - Not known whether passed class name [edu.ncsu.csc.itrust2.models.persistent.ICDCode] is safe
03:44:47.075 [main] DEBUG o.h.b.internal.ClassLoaderAccessImpl - No temp ClassLoader provided; using live ClassLoader for loading potentially unsafe class : edu.ncsu.csc.itrust2.models.persistent.ICDCode
03:44:47.077 [main] DEBUG o.h.b.internal.ClassLoaderAccessImpl - Not known whether passed class name [edu.ncsu.csc.itrust2.models.persistent.AppointmentRequest] is safe
03:44:47.077 [main] DEBUG o.h.b.internal.ClassLoaderAccessImpl - No temp ClassLoader provided; using live ClassLoader for loading potentially unsafe class : edu.ncsu.csc.itrust2.models.persistent.AppointmentRequest
03:44:47.087 [main] DEBUG o.h.b.internal.ClassLoaderAccessImpl - Not known whether passed class name [edu.ncsu.csc.itrust2.models.persistent.LoginBan] is safe
03:44:47.087 [main] DEBUG o.h.b.internal.ClassLoaderAccessImpl - No temp ClassLoader provided; using live ClassLoader for loading potentially unsafe class : edu.ncsu.csc.itrust2.models.persistent.LoginBan
03:44:47.089 [main] DEBUG o.h.b.internal.ClassLoaderAccessImpl - Not known whether passed class name [edu.ncsu.csc.itrust2.models.persistent.LogEntry] is safe
03:44:47.089 [main] DEBUG o.h.b.internal.ClassLoaderAccessImpl - No temp ClassLoader provided; using live ClassLoader for loading potentially unsafe class : edu.ncsu.csc.itrust2.models.persistent.LogEntry
03:44:47.099 [main] DEBUG o.h.b.internal.ClassLoaderAccessImpl - Not known whether passed class name [edu.ncsu.csc.itrust2.models.persistent.LoginLockout] is safe
03:44:47.099 [main] DEBUG o.h.b.internal.ClassLoaderAccessImpl - No temp ClassLoader provided; using live ClassLoader for loading potentially unsafe class : edu.ncsu.csc.itrust2.models.persistent.LoginLockout
03:44:47.101 [main] DEBUG o.h.b.internal.ClassLoaderAccessImpl - Not known whether passed class name [edu.ncsu.csc.itrust2.models.persistent.OfficeVisit] is safe
03:44:47.101 [main] DEBUG o.h.b.internal.ClassLoaderAccessImpl - No temp ClassLoader provided; using live ClassLoader for loading potentially unsafe class : edu.ncsu.csc.itrust2.models.persistent.OfficeVisit
03:44:47.115 [main] DEBUG o.h.b.internal.ClassLoaderAccessImpl - Not known whether passed class name [edu.ncsu.csc.itrust2.models.persistent.Drug] is safe
03:44:47.115 [main] DEBUG o.h.b.internal.ClassLoaderAccessImpl - No temp ClassLoader provided; using live ClassLoader for loading potentially unsafe class : edu.ncsu.csc.itrust2.models.persistent.Drug
03:44:47.126 [main] DEBUG o.h.v.i.m.d.ConstraintDescriptorImpl - Adding composing constraint: ConstraintDescriptorImpl{annotation=javax.validation.constraints.NotNull, payloads=[], hasComposingConstraints=true, isReportAsSingleInvalidConstraint=false, elementType=FIELD, definedOn=DEFINED_LOCALLY, groups=[interface javax.validation.groups.Default], attributes={message={javax.validation.constraints.NotNull.message}, payload=[Ljava.lang.Class;@407222ae, groups=[Ljava.lang.Class;@715dac54}, constraintType=GENERIC}.
03:44:47.128 [main] DEBUG o.h.v.i.m.d.ConstraintDescriptorImpl - Adding composing constraint: ConstraintDescriptorImpl{annotation=javax.validation.constraints.Size, payloads=[], hasComposingConstraints=true, isReportAsSingleInvalidConstraint=false, elementType=FIELD, definedOn=DEFINED_LOCALLY, groups=[interface javax.validation.groups.Default], attributes={groups=[Ljava.lang.Class;@68844a1c, min=1, message={javax.validation.constraints.Size.message}, payload=[Ljava.lang.Class;@7ffabd53, max=2147483647}, constraintType=GENERIC}.
03:44:47.135 [main] DEBUG o.h.b.internal.ClassLoaderAccessImpl - Not known whether passed class name [edu.ncsu.csc.itrust2.models.persistent.Diagnosis] is safe
03:44:47.136 [main] DEBUG o.h.b.internal.ClassLoaderAccessImpl - No temp ClassLoader provided; using live ClassLoader for loading potentially unsafe class : edu.ncsu.csc.itrust2.models.persistent.Diagnosis
03:44:47.143 [main] DEBUG o.h.b.internal.ClassLoaderAccessImpl - Not known whether passed class name [edu.ncsu.csc.itrust2.models.persistent.User] is safe
03:44:47.143 [main] DEBUG o.h.b.internal.ClassLoaderAccessImpl - No temp ClassLoader provided; using live ClassLoader for loading potentially unsafe class : edu.ncsu.csc.itrust2.models.persistent.User
03:44:47.152 [main] DEBUG o.h.b.internal.ClassLoaderAccessImpl - Not known whether passed class name [edu.ncsu.csc.itrust2.models.persistent.Hospital] is safe
03:44:47.152 [main] DEBUG o.h.b.internal.ClassLoaderAccessImpl - No temp ClassLoader provided; using live ClassLoader for loading potentially unsafe class : edu.ncsu.csc.itrust2.models.persistent.Hospital
03:44:47.153 [main] DEBUG o.h.v.i.m.d.ConstraintDescriptorImpl - Adding composing constraint: ConstraintDescriptorImpl{annotation=javax.validation.constraints.NotNull, payloads=[], hasComposingConstraints=true, isReportAsSingleInvalidConstraint=false, elementType=FIELD, definedOn=DEFINED_LOCALLY, groups=[interface javax.validation.groups.Default], attributes={message={javax.validation.constraints.NotNull.message}, payload=[Ljava.lang.Class;@34ae5ab3, groups=[Ljava.lang.Class;@17977d1}, constraintType=GENERIC}.
03:44:47.154 [main] DEBUG o.h.v.i.m.d.ConstraintDescriptorImpl - Adding composing constraint: ConstraintDescriptorImpl{annotation=javax.validation.constraints.Size, payloads=[], hasComposingConstraints=true, isReportAsSingleInvalidConstraint=false, elementType=FIELD, definedOn=DEFINED_LOCALLY, groups=[interface javax.validation.groups.Default], attributes={groups=[Ljava.lang.Class;@72802caa, min=1, message={javax.validation.constraints.Size.message}, payload=[Ljava.lang.Class;@ce81e25, max=2147483647}, constraintType=GENERIC}.
03:44:47.156 [main] DEBUG o.h.v.i.m.d.ConstraintDescriptorImpl - Adding composing constraint: ConstraintDescriptorImpl{annotation=javax.validation.constraints.NotNull, payloads=[], hasComposingConstraints=true, isReportAsSingleInvalidConstraint=false, elementType=FIELD, definedOn=DEFINED_LOCALLY, groups=[interface javax.validation.groups.Default], attributes={message={javax.validation.constraints.NotNull.message}, payload=[Ljava.lang.Class;@4a55b6c9, groups=[Ljava.lang.Class;@5887ad}, constraintType=GENERIC}.
03:44:47.156 [main] DEBUG o.h.v.i.m.d.ConstraintDescriptorImpl - Adding composing constraint: ConstraintDescriptorImpl{annotation=javax.validation.constraints.Size, payloads=[], hasComposingConstraints=true, isReportAsSingleInvalidConstraint=false, elementType=FIELD, definedOn=DEFINED_LOCALLY, groups=[interface javax.validation.groups.Default], attributes={groups=[Ljava.lang.Class;@734e0e70, min=1, message={javax.validation.constraints.Size.message}, payload=[Ljava.lang.Class;@3f9b2f0a, max=2147483647}, constraintType=GENERIC}.
03:44:47.157 [main] DEBUG o.h.v.i.m.d.ConstraintDescriptorImpl - Adding composing constraint: ConstraintDescriptorImpl{annotation=javax.validation.constraints.NotNull, payloads=[], hasComposingConstraints=true, isReportAsSingleInvalidConstraint=false, elementType=FIELD, definedOn=DEFINED_LOCALLY, groups=[interface javax.validation.groups.Default], attributes={message={javax.validation.constraints.NotNull.message}, payload=[Ljava.lang.Class;@589f25ce, groups=[Ljava.lang.Class;@1cbea49f}, constraintType=GENERIC}.
03:44:47.157 [main] DEBUG o.h.v.i.m.d.ConstraintDescriptorImpl - Adding composing constraint: ConstraintDescriptorImpl{annotation=javax.validation.constraints.Size, payloads=[], hasComposingConstraints=true, isReportAsSingleInvalidConstraint=false, elementType=FIELD, definedOn=DEFINED_LOCALLY, groups=[interface javax.validation.groups.Default], attributes={groups=[Ljava.lang.Class;@1f8014f6, min=1, message={javax.validation.constraints.Size.message}, payload=[Ljava.lang.Class;@79058b73, max=2147483647}, constraintType=GENERIC}.
03:44:47.163 [main] DEBUG o.h.b.internal.ClassLoaderAccessImpl - Not known whether passed class name [edu.ncsu.csc.itrust2.models.persistent.PasswordResetToken] is safe
03:44:47.164 [main] DEBUG o.h.b.internal.ClassLoaderAccessImpl - No temp ClassLoader provided; using live ClassLoader for loading potentially unsafe class : edu.ncsu.csc.itrust2.models.persistent.PasswordResetToken
03:44:47.177 [main] DEBUG o.h.b.internal.ClassLoaderAccessImpl - Not known whether passed class name [edu.ncsu.csc.itrust2.models.persistent.Prescription] is safe
03:44:47.178 [main] DEBUG o.h.b.internal.ClassLoaderAccessImpl - No temp ClassLoader provided; using live ClassLoader for loading potentially unsafe class : edu.ncsu.csc.itrust2.models.persistent.Prescription
03:44:47.190 [main] DEBUG o.h.secure.spi.JaccIntegrator - Skipping JACC integration as it was not enabled
03:44:47.231 [main] DEBUG o.h.b.internal.ClassLoaderAccessImpl - Not known whether passed class name [edu.ncsu.csc.itrust2.models.persistent.Personnel] is safe
03:44:47.232 [main] DEBUG o.h.b.internal.ClassLoaderAccessImpl - No temp ClassLoader provided; using live ClassLoader for loading potentially unsafe class : edu.ncsu.csc.itrust2.models.persistent.Personnel
03:44:47.247 [main] DEBUG o.h.b.internal.ClassLoaderAccessImpl - Not known whether passed class name [edu.ncsu.csc.itrust2.models.persistent.Personnel] is safe
03:44:47.247 [main] DEBUG o.h.b.internal.ClassLoaderAccessImpl - No temp ClassLoader provided; using live ClassLoader for loading potentially unsafe class : edu.ncsu.csc.itrust2.models.persistent.Personnel
03:44:47.412 [main] DEBUG o.h.b.internal.ClassLoaderAccessImpl - Not known whether passed class name [edu.ncsu.csc.itrust2.models.persistent.BasicHealthMetrics] is safe
03:44:47.412 [main] DEBUG o.h.b.internal.ClassLoaderAccessImpl - No temp ClassLoader provided; using live ClassLoader for loading potentially unsafe class : edu.ncsu.csc.itrust2.models.persistent.BasicHealthMetrics
03:44:47.413 [main] DEBUG o.h.b.internal.ClassLoaderAccessImpl - Not known whether passed class name [edu.ncsu.csc.itrust2.models.persistent.BasicHealthMetrics] is safe
03:44:47.413 [main] DEBUG o.h.b.internal.ClassLoaderAccessImpl - No temp ClassLoader provided; using live ClassLoader for loading potentially unsafe class : edu.ncsu.csc.itrust2.models.persistent.BasicHealthMetrics
03:44:47.435 [main] DEBUG o.h.b.internal.ClassLoaderAccessImpl - Not known whether passed class name [edu.ncsu.csc.itrust2.models.persistent.LoginAttempt] is safe
03:44:47.435 [main] DEBUG o.h.b.internal.ClassLoaderAccessImpl - No temp ClassLoader provided; using live ClassLoader for loading potentially unsafe class : edu.ncsu.csc.itrust2.models.persistent.LoginAttempt
03:44:47.436 [main] DEBUG o.h.b.internal.ClassLoaderAccessImpl - Not known whether passed class name [edu.ncsu.csc.itrust2.models.persistent.LoginAttempt] is safe
03:44:47.436 [main] DEBUG o.h.b.internal.ClassLoaderAccessImpl - No temp ClassLoader provided; using live ClassLoader for loading potentially unsafe class : edu.ncsu.csc.itrust2.models.persistent.LoginAttempt
03:44:47.453 [main] DEBUG o.h.b.internal.ClassLoaderAccessImpl - Not known whether passed class name [edu.ncsu.csc.itrust2.models.persistent.Patient] is safe
03:44:47.453 [main] DEBUG o.h.b.internal.ClassLoaderAccessImpl - No temp ClassLoader provided; using live ClassLoader for loading potentially unsafe class : edu.ncsu.csc.itrust2.models.persistent.Patient
03:44:47.490 [main] DEBUG o.h.b.internal.ClassLoaderAccessImpl - Not known whether passed class name [edu.ncsu.csc.itrust2.models.persistent.ICDCode] is safe
03:44:47.490 [main] DEBUG o.h.b.internal.ClassLoaderAccessImpl - No temp ClassLoader provided; using live ClassLoader for loading potentially unsafe class : edu.ncsu.csc.itrust2.models.persistent.ICDCode
03:44:47.490 [main] DEBUG o.h.b.internal.ClassLoaderAccessImpl - Not known whether passed class name [edu.ncsu.csc.itrust2.models.persistent.ICDCode] is safe
03:44:47.490 [main] DEBUG o.h.b.internal.ClassLoaderAccessImpl - No temp ClassLoader provided; using live ClassLoader for loading potentially unsafe class : edu.ncsu.csc.itrust2.models.persistent.ICDCode
03:44:47.498 [main] DEBUG o.h.b.internal.ClassLoaderAccessImpl - Not known whether passed class name [edu.ncsu.csc.itrust2.models.persistent.AppointmentRequest] is safe
03:44:47.498 [main] DEBUG o.h.b.internal.ClassLoaderAccessImpl - No temp ClassLoader provided; using live ClassLoader for loading potentially unsafe class : edu.ncsu.csc.itrust2.models.persistent.AppointmentRequest
03:44:47.500 [main] DEBUG o.h.b.internal.ClassLoaderAccessImpl - Not known whether passed class name [edu.ncsu.csc.itrust2.models.persistent.AppointmentRequest] is safe
03:44:47.501 [main] DEBUG o.h.b.internal.ClassLoaderAccessImpl - No temp ClassLoader provided; using live ClassLoader for loading potentially unsafe class : edu.ncsu.csc.itrust2.models.persistent.AppointmentRequest
03:44:47.513 [main] DEBUG o.h.b.internal.ClassLoaderAccessImpl - Not known whether passed class name [edu.ncsu.csc.itrust2.models.persistent.LoginBan] is safe
03:44:47.514 [main] DEBUG o.h.b.internal.ClassLoaderAccessImpl - No temp ClassLoader provided; using live ClassLoader for loading potentially unsafe class : edu.ncsu.csc.itrust2.models.persistent.LoginBan
03:44:47.515 [main] DEBUG o.h.b.internal.ClassLoaderAccessImpl - Not known whether passed class name [edu.ncsu.csc.itrust2.models.persistent.LoginBan] is safe
03:44:47.515 [main] DEBUG o.h.b.internal.ClassLoaderAccessImpl - No temp ClassLoader provided; using live ClassLoader for loading potentially unsafe class : edu.ncsu.csc.itrust2.models.persistent.LoginBan
03:44:47.522 [main] DEBUG o.h.b.internal.ClassLoaderAccessImpl - Not known whether passed class name [edu.ncsu.csc.itrust2.models.persistent.LogEntry] is safe
03:44:47.522 [main] DEBUG o.h.b.internal.ClassLoaderAccessImpl - No temp ClassLoader provided; using live ClassLoader for loading potentially unsafe class : edu.ncsu.csc.itrust2.models.persistent.LogEntry
03:44:47.522 [main] DEBUG o.h.b.internal.ClassLoaderAccessImpl - Not known whether passed class name [edu.ncsu.csc.itrust2.models.persistent.LogEntry] is safe
03:44:47.522 [main] DEBUG o.h.b.internal.ClassLoaderAccessImpl - No temp ClassLoader provided; using live ClassLoader for loading potentially unsafe class : edu.ncsu.csc.itrust2.models.persistent.LogEntry
03:44:47.527 [main] DEBUG o.h.b.internal.ClassLoaderAccessImpl - Not known whether passed class name [edu.ncsu.csc.itrust2.models.persistent.LoginLockout] is safe
03:44:47.527 [main] DEBUG o.h.b.internal.ClassLoaderAccessImpl - No temp ClassLoader provided; using live ClassLoader for loading potentially unsafe class : edu.ncsu.csc.itrust2.models.persistent.LoginLockout
03:44:47.527 [main] DEBUG o.h.b.internal.ClassLoaderAccessImpl - Not known whether passed class name [edu.ncsu.csc.itrust2.models.persistent.LoginLockout] is safe
03:44:47.527 [main] DEBUG o.h.b.internal.ClassLoaderAccessImpl - No temp ClassLoader provided; using live ClassLoader for loading potentially unsafe class : edu.ncsu.csc.itrust2.models.persistent.LoginLockout
03:44:47.537 [main] DEBUG o.h.b.internal.ClassLoaderAccessImpl - Not known whether passed class name [edu.ncsu.csc.itrust2.models.persistent.OfficeVisit] is safe
03:44:47.537 [main] DEBUG o.h.b.internal.ClassLoaderAccessImpl - No temp ClassLoader provided; using live ClassLoader for loading potentially unsafe class : edu.ncsu.csc.itrust2.models.persistent.OfficeVisit
03:44:47.543 [main] DEBUG o.h.b.internal.ClassLoaderAccessImpl - Not known whether passed class name [edu.ncsu.csc.itrust2.models.persistent.OfficeVisit] is safe
03:44:47.544 [main] DEBUG o.h.b.internal.ClassLoaderAccessImpl - No temp ClassLoader provided; using live ClassLoader for loading potentially unsafe class : edu.ncsu.csc.itrust2.models.persistent.OfficeVisit
03:44:47.557 [main] DEBUG o.h.b.internal.ClassLoaderAccessImpl - Not known whether passed class name [edu.ncsu.csc.itrust2.models.persistent.Drug] is safe
03:44:47.557 [main] DEBUG o.h.b.internal.ClassLoaderAccessImpl - No temp ClassLoader provided; using live ClassLoader for loading potentially unsafe class : edu.ncsu.csc.itrust2.models.persistent.Drug
03:44:47.558 [main] DEBUG o.h.b.internal.ClassLoaderAccessImpl - Not known whether passed class name [edu.ncsu.csc.itrust2.models.persistent.Drug] is safe
03:44:47.558 [main] DEBUG o.h.b.internal.ClassLoaderAccessImpl - No temp ClassLoader provided; using live ClassLoader for loading potentially unsafe class : edu.ncsu.csc.itrust2.models.persistent.Drug
03:44:47.572 [main] DEBUG o.h.b.internal.ClassLoaderAccessImpl - Not known whether passed class name [edu.ncsu.csc.itrust2.models.persistent.Diagnosis] is safe
03:44:47.572 [main] DEBUG o.h.b.internal.ClassLoaderAccessImpl - No temp ClassLoader provided; using live ClassLoader for loading potentially unsafe class : edu.ncsu.csc.itrust2.models.persistent.Diagnosis
03:44:47.572 [main] DEBUG o.h.b.internal.ClassLoaderAccessImpl - Not known whether passed class name [edu.ncsu.csc.itrust2.models.persistent.Diagnosis] is safe
03:44:47.572 [main] DEBUG o.h.b.internal.ClassLoaderAccessImpl - No temp ClassLoader provided; using live ClassLoader for loading potentially unsafe class : edu.ncsu.csc.itrust2.models.persistent.Diagnosis
03:44:47.575 [main] DEBUG o.h.b.internal.ClassLoaderAccessImpl - Not known whether passed class name [edu.ncsu.csc.itrust2.models.persistent.User] is safe
03:44:47.575 [main] DEBUG o.h.b.internal.ClassLoaderAccessImpl - No temp ClassLoader provided; using live ClassLoader for loading potentially unsafe class : edu.ncsu.csc.itrust2.models.persistent.User
03:44:47.576 [main] DEBUG o.h.b.internal.ClassLoaderAccessImpl - Not known whether passed class name [edu.ncsu.csc.itrust2.models.persistent.User] is safe
03:44:47.576 [main] DEBUG o.h.b.internal.ClassLoaderAccessImpl - No temp ClassLoader provided; using live ClassLoader for loading potentially unsafe class : edu.ncsu.csc.itrust2.models.persistent.User
03:44:47.586 [main] DEBUG o.h.b.internal.ClassLoaderAccessImpl - Not known whether passed class name [edu.ncsu.csc.itrust2.models.persistent.Hospital] is safe
03:44:47.586 [main] DEBUG o.h.b.internal.ClassLoaderAccessImpl - No temp ClassLoader provided; using live ClassLoader for loading potentially unsafe class : edu.ncsu.csc.itrust2.models.persistent.Hospital
03:44:47.588 [main] DEBUG o.h.b.internal.ClassLoaderAccessImpl - Not known whether passed class name [edu.ncsu.csc.itrust2.models.persistent.Hospital] is safe
03:44:47.588 [main] DEBUG o.h.b.internal.ClassLoaderAccessImpl - No temp ClassLoader provided; using live ClassLoader for loading potentially unsafe class : edu.ncsu.csc.itrust2.models.persistent.Hospital
03:44:47.593 [main] DEBUG o.h.b.internal.ClassLoaderAccessImpl - Not known whether passed class name [edu.ncsu.csc.itrust2.models.persistent.PasswordResetToken] is safe
03:44:47.596 [main] DEBUG o.h.b.internal.ClassLoaderAccessImpl - No temp ClassLoader provided; using live ClassLoader for loading potentially unsafe class : edu.ncsu.csc.itrust2.models.persistent.PasswordResetToken
03:44:47.597 [main] DEBUG o.h.b.internal.ClassLoaderAccessImpl - Not known whether passed class name [edu.ncsu.csc.itrust2.models.persistent.PasswordResetToken] is safe
03:44:47.597 [main] DEBUG o.h.b.internal.ClassLoaderAccessImpl - No temp ClassLoader provided; using live ClassLoader for loading potentially unsafe class : edu.ncsu.csc.itrust2.models.persistent.PasswordResetToken
03:44:47.605 [main] DEBUG o.h.b.internal.ClassLoaderAccessImpl - Not known whether passed class name [edu.ncsu.csc.itrust2.models.persistent.Prescription] is safe
03:44:47.608 [main] DEBUG o.h.b.internal.ClassLoaderAccessImpl - No temp ClassLoader provided; using live ClassLoader for loading potentially unsafe class : edu.ncsu.csc.itrust2.models.persistent.Prescription
03:44:47.609 [main] DEBUG o.h.b.internal.ClassLoaderAccessImpl - Not known whether passed class name [edu.ncsu.csc.itrust2.models.persistent.Prescription] is safe
03:44:47.609 [main] DEBUG o.h.b.internal.ClassLoaderAccessImpl - No temp ClassLoader provided; using live ClassLoader for loading potentially unsafe class : edu.ncsu.csc.itrust2.models.persistent.Prescription
03:44:47.646 [main] DEBUG o.h.p.c.AbstractCollectionPersister - Static SQL for collection: edu.ncsu.csc.itrust2.models.persistent.OfficeVisit.prescriptions
03:44:47.646 [main] DEBUG o.h.p.c.AbstractCollectionPersister -  Row insert: update Prescriptions set prescriptions_id=? where id=?
03:44:47.646 [main] DEBUG o.h.p.c.AbstractCollectionPersister -  Row update: update Prescriptions set  where id=?
03:44:47.646 [main] DEBUG o.h.p.c.AbstractCollectionPersister -  Row delete: update Prescriptions set prescriptions_id=null where prescriptions_id=? and id=?
03:44:47.646 [main] DEBUG o.h.p.c.AbstractCollectionPersister -  One-shot delete: update Prescriptions set prescriptions_id=null where prescriptions_id=?
03:44:47.656 [main] DEBUG o.h.p.entity.AbstractEntityPersister - Static SQL for entity: edu.ncsu.csc.itrust2.models.persistent.Personnel
03:44:47.656 [main] DEBUG o.h.p.entity.AbstractEntityPersister -  Version select: select id from Personnel where id =?
03:44:47.656 [main] DEBUG o.h.p.entity.AbstractEntityPersister -  Snapshot select: select personnel_.id, personnel_.address1 as address2_13_, personnel_.address2 as address3_13_, personnel_.city as city4_13_, personnel_.email as email5_13_, personnel_.enabled as enabled6_13_, personnel_.firstName as firstNam7_13_, personnel_.lastName as lastName8_13_, personnel_.phone as phone9_13_, personnel_.self_id as self_id13_13_, personnel_.specialty as special10_13_, personnel_.state as state11_13_, personnel_.zip as zip12_13_ from Personnel personnel_ where personnel_.id=?
03:44:47.656 [main] DEBUG o.h.p.entity.AbstractEntityPersister -  Insert 0: insert into Personnel (address1, address2, city, email, enabled, firstName, lastName, phone, self_id, specialty, state, zip, id) values (?, ?, ?, ?, ?, ?, ?, ?, ?, ?, ?, ?, ?)
03:44:47.656 [main] DEBUG o.h.p.entity.AbstractEntityPersister -  Update 0: update Personnel set address1=?, address2=?, city=?, email=?, enabled=?, firstName=?, lastName=?, phone=?, self_id=?, specialty=?, state=?, zip=? where id=?
03:44:47.656 [main] DEBUG o.h.p.entity.AbstractEntityPersister -  Delete 0: delete from Personnel where id=?
03:44:47.722 [main] DEBUG o.h.l.p.b.i.spaces.QuerySpacesImpl - Adding QuerySpace : uid = <gen:0> -> org.hibernate.loader.plan.build.internal.spaces.EntityQuerySpaceImpl@13ebfbd3]
03:44:47.724 [main] DEBUG o.h.p.w.spi.MetamodelGraphWalker - Visiting attribute path : address1
03:44:47.724 [main] DEBUG o.h.p.w.spi.MetamodelGraphWalker - Visiting attribute path : address2
03:44:47.725 [main] DEBUG o.h.p.w.spi.MetamodelGraphWalker - Visiting attribute path : city
03:44:47.725 [main] DEBUG o.h.p.w.spi.MetamodelGraphWalker - Visiting attribute path : email
03:44:47.726 [main] DEBUG o.h.p.w.spi.MetamodelGraphWalker - Visiting attribute path : enabled
03:44:47.726 [main] DEBUG o.h.p.w.spi.MetamodelGraphWalker - Visiting attribute path : firstName
03:44:47.726 [main] DEBUG o.h.p.w.spi.MetamodelGraphWalker - Visiting attribute path : lastName
03:44:47.726 [main] DEBUG o.h.p.w.spi.MetamodelGraphWalker - Visiting attribute path : phone
03:44:47.726 [main] DEBUG o.h.p.w.spi.MetamodelGraphWalker - Visiting attribute path : self
03:44:47.738 [main] DEBUG o.h.l.p.b.i.spaces.QuerySpacesImpl - Adding QuerySpace : uid = <gen:1> -> org.hibernate.loader.plan.build.internal.spaces.EntityQuerySpaceImpl@407046a0]
03:44:47.744 [main] DEBUG o.h.p.w.spi.MetamodelGraphWalker - Visiting attribute path : self.enabled
03:44:47.744 [main] DEBUG o.h.p.w.spi.MetamodelGraphWalker - Visiting attribute path : self.password
03:44:47.744 [main] DEBUG o.h.p.w.spi.MetamodelGraphWalker - Visiting attribute path : self.role
03:44:47.744 [main] DEBUG o.h.p.w.spi.MetamodelGraphWalker - Visiting attribute path : specialty
03:44:47.744 [main] DEBUG o.h.p.w.spi.MetamodelGraphWalker - Visiting attribute path : state
03:44:47.744 [main] DEBUG o.h.p.w.spi.MetamodelGraphWalker - Visiting attribute path : zip
03:44:47.744 [main] DEBUG o.h.l.p.b.i.FetchStyleLoadPlanBuildingAssociationVisitationStrategy - Building LoadPlan...
03:44:47.791 [main] DEBUG o.h.l.p.e.i.LoadQueryJoinAndFetchProcessor - processing queryspace <gen:0>
03:44:47.806 [main] DEBUG o.h.l.p.b.spi.LoadPlanTreePrinter - LoadPlan(entity=edu.ncsu.csc.itrust2.models.persistent.Personnel)
    - Returns
       - EntityReturnImpl(entity=edu.ncsu.csc.itrust2.models.persistent.Personnel, querySpaceUid=<gen:0>, path=edu.ncsu.csc.itrust2.models.persistent.Personnel)
          - EntityAttributeFetchImpl(entity=edu.ncsu.csc.itrust2.models.persistent.User, querySpaceUid=<gen:1>, path=edu.ncsu.csc.itrust2.models.persistent.Personnel.self)
    - QuerySpaces
       - EntityQuerySpaceImpl(uid=<gen:0>, entity=edu.ncsu.csc.itrust2.models.persistent.Personnel)
          - SQL table alias mapping - personnel0_
          - alias suffix - 0_
          - suffixed key columns - {id1_13_0_}
          - JOIN (JoinDefinedByMetadata(self)) : <gen:0> -> <gen:1>
             - EntityQuerySpaceImpl(uid=<gen:1>, entity=edu.ncsu.csc.itrust2.models.persistent.User)
                - SQL table alias mapping - user1_
                - alias suffix - 1_
                - suffixed key columns - {username1_15_1_}

03:44:47.810 [main] DEBUG o.h.loader.entity.plan.EntityLoader - Static select for entity edu.ncsu.csc.itrust2.models.persistent.Personnel [NONE]: select personnel0_.id as id1_13_0_, personnel0_.address1 as address2_13_0_, personnel0_.address2 as address3_13_0_, personnel0_.city as city4_13_0_, personnel0_.email as email5_13_0_, personnel0_.enabled as enabled6_13_0_, personnel0_.firstName as firstNam7_13_0_, personnel0_.lastName as lastName8_13_0_, personnel0_.phone as phone9_13_0_, personnel0_.self_id as self_id13_13_0_, personnel0_.specialty as special10_13_0_, personnel0_.state as state11_13_0_, personnel0_.zip as zip12_13_0_, user1_.username as username1_15_1_, user1_.enabled as enabled2_15_1_, user1_.password as password3_15_1_, user1_.role as role4_15_1_ from Personnel personnel0_ left outer join Users user1_ on personnel0_.self_id=user1_.username where personnel0_.id=?
03:44:47.810 [main] DEBUG o.h.l.p.b.i.spaces.QuerySpacesImpl - Adding QuerySpace : uid = <gen:0> -> org.hibernate.loader.plan.build.internal.spaces.EntityQuerySpaceImpl@1c4d87ff]
03:44:47.811 [main] DEBUG o.h.p.w.spi.MetamodelGraphWalker - Visiting attribute path : address1
03:44:47.811 [main] DEBUG o.h.p.w.spi.MetamodelGraphWalker - Visiting attribute path : address2
03:44:47.811 [main] DEBUG o.h.p.w.spi.MetamodelGraphWalker - Visiting attribute path : city
03:44:47.811 [main] DEBUG o.h.p.w.spi.MetamodelGraphWalker - Visiting attribute path : email
03:44:47.811 [main] DEBUG o.h.p.w.spi.MetamodelGraphWalker - Visiting attribute path : enabled
03:44:47.811 [main] DEBUG o.h.p.w.spi.MetamodelGraphWalker - Visiting attribute path : firstName
03:44:47.811 [main] DEBUG o.h.p.w.spi.MetamodelGraphWalker - Visiting attribute path : lastName
03:44:47.811 [main] DEBUG o.h.p.w.spi.MetamodelGraphWalker - Visiting attribute path : phone
03:44:47.811 [main] DEBUG o.h.p.w.spi.MetamodelGraphWalker - Visiting attribute path : self
03:44:47.811 [main] DEBUG o.h.l.p.b.i.spaces.QuerySpacesImpl - Adding QuerySpace : uid = <gen:1> -> org.hibernate.loader.plan.build.internal.spaces.EntityQuerySpaceImpl@38018af7]
03:44:47.811 [main] DEBUG o.h.p.w.spi.MetamodelGraphWalker - Visiting attribute path : self.enabled
03:44:47.811 [main] DEBUG o.h.p.w.spi.MetamodelGraphWalker - Visiting attribute path : self.password
03:44:47.811 [main] DEBUG o.h.p.w.spi.MetamodelGraphWalker - Visiting attribute path : self.role
03:44:47.812 [main] DEBUG o.h.p.w.spi.MetamodelGraphWalker - Visiting attribute path : specialty
03:44:47.812 [main] DEBUG o.h.p.w.spi.MetamodelGraphWalker - Visiting attribute path : state
03:44:47.812 [main] DEBUG o.h.p.w.spi.MetamodelGraphWalker - Visiting attribute path : zip
03:44:47.812 [main] DEBUG o.h.l.p.b.i.FetchStyleLoadPlanBuildingAssociationVisitationStrategy - Building LoadPlan...
03:44:47.814 [main] DEBUG o.h.l.p.e.i.LoadQueryJoinAndFetchProcessor - processing queryspace <gen:0>
03:44:47.816 [main] DEBUG o.h.l.p.b.spi.LoadPlanTreePrinter - LoadPlan(entity=edu.ncsu.csc.itrust2.models.persistent.Personnel)
    - Returns
       - EntityReturnImpl(entity=edu.ncsu.csc.itrust2.models.persistent.Personnel, querySpaceUid=<gen:0>, path=edu.ncsu.csc.itrust2.models.persistent.Personnel)
          - EntityAttributeFetchImpl(entity=edu.ncsu.csc.itrust2.models.persistent.User, querySpaceUid=<gen:1>, path=edu.ncsu.csc.itrust2.models.persistent.Personnel.self)
    - QuerySpaces
       - EntityQuerySpaceImpl(uid=<gen:0>, entity=edu.ncsu.csc.itrust2.models.persistent.Personnel)
          - SQL table alias mapping - personnel0_
          - alias suffix - 0_
          - suffixed key columns - {id1_13_0_}
          - JOIN (JoinDefinedByMetadata(self)) : <gen:0> -> <gen:1>
             - EntityQuerySpaceImpl(uid=<gen:1>, entity=edu.ncsu.csc.itrust2.models.persistent.User)
                - SQL table alias mapping - user1_
                - alias suffix - 1_
                - suffixed key columns - {username1_15_1_}

03:44:47.816 [main] DEBUG o.h.loader.entity.plan.EntityLoader - Static select for entity edu.ncsu.csc.itrust2.models.persistent.Personnel [READ]: select personnel0_.id as id1_13_0_, personnel0_.address1 as address2_13_0_, personnel0_.address2 as address3_13_0_, personnel0_.city as city4_13_0_, personnel0_.email as email5_13_0_, personnel0_.enabled as enabled6_13_0_, personnel0_.firstName as firstNam7_13_0_, personnel0_.lastName as lastName8_13_0_, personnel0_.phone as phone9_13_0_, personnel0_.self_id as self_id13_13_0_, personnel0_.specialty as special10_13_0_, personnel0_.state as state11_13_0_, personnel0_.zip as zip12_13_0_, user1_.username as username1_15_1_, user1_.enabled as enabled2_15_1_, user1_.password as password3_15_1_, user1_.role as role4_15_1_ from Personnel personnel0_ left outer join Users user1_ on personnel0_.self_id=user1_.username where personnel0_.id=?
03:44:47.816 [main] DEBUG o.h.l.p.b.i.spaces.QuerySpacesImpl - Adding QuerySpace : uid = <gen:0> -> org.hibernate.loader.plan.build.internal.spaces.EntityQuerySpaceImpl@f5fcdf5]
03:44:47.816 [main] DEBUG o.h.p.w.spi.MetamodelGraphWalker - Visiting attribute path : address1
03:44:47.816 [main] DEBUG o.h.p.w.spi.MetamodelGraphWalker - Visiting attribute path : address2
03:44:47.816 [main] DEBUG o.h.p.w.spi.MetamodelGraphWalker - Visiting attribute path : city
03:44:47.816 [main] DEBUG o.h.p.w.spi.MetamodelGraphWalker - Visiting attribute path : email
03:44:47.816 [main] DEBUG o.h.p.w.spi.MetamodelGraphWalker - Visiting attribute path : enabled
03:44:47.816 [main] DEBUG o.h.p.w.spi.MetamodelGraphWalker - Visiting attribute path : firstName
03:44:47.817 [main] DEBUG o.h.p.w.spi.MetamodelGraphWalker - Visiting attribute path : lastName
03:44:47.817 [main] DEBUG o.h.p.w.spi.MetamodelGraphWalker - Visiting attribute path : phone
03:44:47.817 [main] DEBUG o.h.p.w.spi.MetamodelGraphWalker - Visiting attribute path : self
03:44:47.817 [main] DEBUG o.h.l.p.b.i.spaces.QuerySpacesImpl - Adding QuerySpace : uid = <gen:1> -> org.hibernate.loader.plan.build.internal.spaces.EntityQuerySpaceImpl@2a82a45e]
03:44:47.817 [main] DEBUG o.h.p.w.spi.MetamodelGraphWalker - Visiting attribute path : specialty
03:44:47.817 [main] DEBUG o.h.p.w.spi.MetamodelGraphWalker - Visiting attribute path : state
03:44:47.817 [main] DEBUG o.h.p.w.spi.MetamodelGraphWalker - Visiting attribute path : zip
03:44:47.817 [main] DEBUG o.h.l.p.b.i.FetchStyleLoadPlanBuildingAssociationVisitationStrategy - Building LoadPlan...
03:44:47.817 [main] DEBUG o.h.l.p.e.i.LoadQueryJoinAndFetchProcessor - processing queryspace <gen:0>
03:44:47.817 [main] DEBUG o.h.l.p.b.spi.LoadPlanTreePrinter - LoadPlan(entity=edu.ncsu.csc.itrust2.models.persistent.Personnel)
    - Returns
       - EntityReturnImpl(entity=edu.ncsu.csc.itrust2.models.persistent.Personnel, querySpaceUid=<gen:0>, path=edu.ncsu.csc.itrust2.models.persistent.Personnel)
          - EntityAttributeFetchImpl(entity=edu.ncsu.csc.itrust2.models.persistent.User, querySpaceUid=<gen:1>, path=edu.ncsu.csc.itrust2.models.persistent.Personnel.self)
    - QuerySpaces
       - EntityQuerySpaceImpl(uid=<gen:0>, entity=edu.ncsu.csc.itrust2.models.persistent.Personnel)
          - SQL table alias mapping - personnel0_
          - alias suffix - 0_
          - suffixed key columns - {id1_13_0_}

03:44:47.817 [main] DEBUG o.h.loader.entity.plan.EntityLoader - Static select for entity edu.ncsu.csc.itrust2.models.persistent.Personnel [UPGRADE]: select personnel0_.id as id1_13_0_, personnel0_.address1 as address2_13_0_, personnel0_.address2 as address3_13_0_, personnel0_.city as city4_13_0_, personnel0_.email as email5_13_0_, personnel0_.enabled as enabled6_13_0_, personnel0_.firstName as firstNam7_13_0_, personnel0_.lastName as lastName8_13_0_, personnel0_.phone as phone9_13_0_, personnel0_.self_id as self_id13_13_0_, personnel0_.specialty as special10_13_0_, personnel0_.state as state11_13_0_, personnel0_.zip as zip12_13_0_ from Personnel personnel0_ where personnel0_.id=? for update
03:44:47.818 [main] DEBUG o.h.l.p.b.i.spaces.QuerySpacesImpl - Adding QuerySpace : uid = <gen:0> -> org.hibernate.loader.plan.build.internal.spaces.EntityQuerySpaceImpl@3bb2af3f]
03:44:47.818 [main] DEBUG o.h.p.w.spi.MetamodelGraphWalker - Visiting attribute path : address1
03:44:47.818 [main] DEBUG o.h.p.w.spi.MetamodelGraphWalker - Visiting attribute path : address2
03:44:47.818 [main] DEBUG o.h.p.w.spi.MetamodelGraphWalker - Visiting attribute path : city
03:44:47.818 [main] DEBUG o.h.p.w.spi.MetamodelGraphWalker - Visiting attribute path : email
03:44:47.818 [main] DEBUG o.h.p.w.spi.MetamodelGraphWalker - Visiting attribute path : enabled
03:44:47.818 [main] DEBUG o.h.p.w.spi.MetamodelGraphWalker - Visiting attribute path : firstName
03:44:47.818 [main] DEBUG o.h.p.w.spi.MetamodelGraphWalker - Visiting attribute path : lastName
03:44:47.818 [main] DEBUG o.h.p.w.spi.MetamodelGraphWalker - Visiting attribute path : phone
03:44:47.818 [main] DEBUG o.h.p.w.spi.MetamodelGraphWalker - Visiting attribute path : self
03:44:47.819 [main] DEBUG o.h.l.p.b.i.spaces.QuerySpacesImpl - Adding QuerySpace : uid = <gen:1> -> org.hibernate.loader.plan.build.internal.spaces.EntityQuerySpaceImpl@5291f5ab]
03:44:47.819 [main] DEBUG o.h.p.w.spi.MetamodelGraphWalker - Visiting attribute path : specialty
03:44:47.819 [main] DEBUG o.h.p.w.spi.MetamodelGraphWalker - Visiting attribute path : state
03:44:47.819 [main] DEBUG o.h.p.w.spi.MetamodelGraphWalker - Visiting attribute path : zip
03:44:47.820 [main] DEBUG o.h.l.p.b.i.FetchStyleLoadPlanBuildingAssociationVisitationStrategy - Building LoadPlan...
03:44:47.820 [main] DEBUG o.h.l.p.e.i.LoadQueryJoinAndFetchProcessor - processing queryspace <gen:0>
03:44:47.821 [main] DEBUG o.h.l.p.b.spi.LoadPlanTreePrinter - LoadPlan(entity=edu.ncsu.csc.itrust2.models.persistent.Personnel)
    - Returns
       - EntityReturnImpl(entity=edu.ncsu.csc.itrust2.models.persistent.Personnel, querySpaceUid=<gen:0>, path=edu.ncsu.csc.itrust2.models.persistent.Personnel)
          - EntityAttributeFetchImpl(entity=edu.ncsu.csc.itrust2.models.persistent.User, querySpaceUid=<gen:1>, path=edu.ncsu.csc.itrust2.models.persistent.Personnel.self)
    - QuerySpaces
       - EntityQuerySpaceImpl(uid=<gen:0>, entity=edu.ncsu.csc.itrust2.models.persistent.Personnel)
          - SQL table alias mapping - personnel0_
          - alias suffix - 0_
          - suffixed key columns - {id1_13_0_}

03:44:47.821 [main] DEBUG o.h.loader.entity.plan.EntityLoader - Static select for entity edu.ncsu.csc.itrust2.models.persistent.Personnel [UPGRADE_NOWAIT]: select personnel0_.id as id1_13_0_, personnel0_.address1 as address2_13_0_, personnel0_.address2 as address3_13_0_, personnel0_.city as city4_13_0_, personnel0_.email as email5_13_0_, personnel0_.enabled as enabled6_13_0_, personnel0_.firstName as firstNam7_13_0_, personnel0_.lastName as lastName8_13_0_, personnel0_.phone as phone9_13_0_, personnel0_.self_id as self_id13_13_0_, personnel0_.specialty as special10_13_0_, personnel0_.state as state11_13_0_, personnel0_.zip as zip12_13_0_ from Personnel personnel0_ where personnel0_.id=? for update
03:44:47.822 [main] DEBUG o.h.l.p.b.i.spaces.QuerySpacesImpl - Adding QuerySpace : uid = <gen:0> -> org.hibernate.loader.plan.build.internal.spaces.EntityQuerySpaceImpl@6d8e0bf3]
03:44:47.822 [main] DEBUG o.h.p.w.spi.MetamodelGraphWalker - Visiting attribute path : address1
03:44:47.822 [main] DEBUG o.h.p.w.spi.MetamodelGraphWalker - Visiting attribute path : address2
03:44:47.822 [main] DEBUG o.h.p.w.spi.MetamodelGraphWalker - Visiting attribute path : city
03:44:47.822 [main] DEBUG o.h.p.w.spi.MetamodelGraphWalker - Visiting attribute path : email
03:44:47.822 [main] DEBUG o.h.p.w.spi.MetamodelGraphWalker - Visiting attribute path : enabled
03:44:47.822 [main] DEBUG o.h.p.w.spi.MetamodelGraphWalker - Visiting attribute path : firstName
03:44:47.822 [main] DEBUG o.h.p.w.spi.MetamodelGraphWalker - Visiting attribute path : lastName
03:44:47.822 [main] DEBUG o.h.p.w.spi.MetamodelGraphWalker - Visiting attribute path : phone
03:44:47.822 [main] DEBUG o.h.p.w.spi.MetamodelGraphWalker - Visiting attribute path : self
03:44:47.822 [main] DEBUG o.h.l.p.b.i.spaces.QuerySpacesImpl - Adding QuerySpace : uid = <gen:1> -> org.hibernate.loader.plan.build.internal.spaces.EntityQuerySpaceImpl@1623aabb]
03:44:47.823 [main] DEBUG o.h.p.w.spi.MetamodelGraphWalker - Visiting attribute path : specialty
03:44:47.823 [main] DEBUG o.h.p.w.spi.MetamodelGraphWalker - Visiting attribute path : state
03:44:47.823 [main] DEBUG o.h.p.w.spi.MetamodelGraphWalker - Visiting attribute path : zip
03:44:47.823 [main] DEBUG o.h.l.p.b.i.FetchStyleLoadPlanBuildingAssociationVisitationStrategy - Building LoadPlan...
03:44:47.823 [main] DEBUG o.h.l.p.e.i.LoadQueryJoinAndFetchProcessor - processing queryspace <gen:0>
03:44:47.824 [main] DEBUG o.h.l.p.b.spi.LoadPlanTreePrinter - LoadPlan(entity=edu.ncsu.csc.itrust2.models.persistent.Personnel)
    - Returns
       - EntityReturnImpl(entity=edu.ncsu.csc.itrust2.models.persistent.Personnel, querySpaceUid=<gen:0>, path=edu.ncsu.csc.itrust2.models.persistent.Personnel)
          - EntityAttributeFetchImpl(entity=edu.ncsu.csc.itrust2.models.persistent.User, querySpaceUid=<gen:1>, path=edu.ncsu.csc.itrust2.models.persistent.Personnel.self)
    - QuerySpaces
       - EntityQuerySpaceImpl(uid=<gen:0>, entity=edu.ncsu.csc.itrust2.models.persistent.Personnel)
          - SQL table alias mapping - personnel0_
          - alias suffix - 0_
          - suffixed key columns - {id1_13_0_}

03:44:47.826 [main] DEBUG o.h.loader.entity.plan.EntityLoader - Static select for entity edu.ncsu.csc.itrust2.models.persistent.Personnel [UPGRADE_SKIPLOCKED]: select personnel0_.id as id1_13_0_, personnel0_.address1 as address2_13_0_, personnel0_.address2 as address3_13_0_, personnel0_.city as city4_13_0_, personnel0_.email as email5_13_0_, personnel0_.enabled as enabled6_13_0_, personnel0_.firstName as firstNam7_13_0_, personnel0_.lastName as lastName8_13_0_, personnel0_.phone as phone9_13_0_, personnel0_.self_id as self_id13_13_0_, personnel0_.specialty as special10_13_0_, personnel0_.state as state11_13_0_, personnel0_.zip as zip12_13_0_ from Personnel personnel0_ where personnel0_.id=? for update
03:44:47.828 [main] DEBUG o.h.l.p.b.i.spaces.QuerySpacesImpl - Adding QuerySpace : uid = <gen:0> -> org.hibernate.loader.plan.build.internal.spaces.EntityQuerySpaceImpl@4bc22979]
03:44:47.828 [main] DEBUG o.h.p.w.spi.MetamodelGraphWalker - Visiting attribute path : address1
03:44:47.828 [main] DEBUG o.h.p.w.spi.MetamodelGraphWalker - Visiting attribute path : address2
03:44:47.828 [main] DEBUG o.h.p.w.spi.MetamodelGraphWalker - Visiting attribute path : city
03:44:47.828 [main] DEBUG o.h.p.w.spi.MetamodelGraphWalker - Visiting attribute path : email
03:44:47.828 [main] DEBUG o.h.p.w.spi.MetamodelGraphWalker - Visiting attribute path : enabled
03:44:47.828 [main] DEBUG o.h.p.w.spi.MetamodelGraphWalker - Visiting attribute path : firstName
03:44:47.828 [main] DEBUG o.h.p.w.spi.MetamodelGraphWalker - Visiting attribute path : lastName
03:44:47.828 [main] DEBUG o.h.p.w.spi.MetamodelGraphWalker - Visiting attribute path : phone
03:44:47.829 [main] DEBUG o.h.p.w.spi.MetamodelGraphWalker - Visiting attribute path : self
03:44:47.829 [main] DEBUG o.h.l.p.b.i.spaces.QuerySpacesImpl - Adding QuerySpace : uid = <gen:1> -> org.hibernate.loader.plan.build.internal.spaces.EntityQuerySpaceImpl@492b1840]
03:44:47.829 [main] DEBUG o.h.p.w.spi.MetamodelGraphWalker - Visiting attribute path : specialty
03:44:47.829 [main] DEBUG o.h.p.w.spi.MetamodelGraphWalker - Visiting attribute path : state
03:44:47.829 [main] DEBUG o.h.p.w.spi.MetamodelGraphWalker - Visiting attribute path : zip
03:44:47.829 [main] DEBUG o.h.l.p.b.i.FetchStyleLoadPlanBuildingAssociationVisitationStrategy - Building LoadPlan...
03:44:47.834 [main] DEBUG o.h.l.p.e.i.LoadQueryJoinAndFetchProcessor - processing queryspace <gen:0>
03:44:47.836 [main] DEBUG o.h.l.p.b.spi.LoadPlanTreePrinter - LoadPlan(entity=edu.ncsu.csc.itrust2.models.persistent.Personnel)
    - Returns
       - EntityReturnImpl(entity=edu.ncsu.csc.itrust2.models.persistent.Personnel, querySpaceUid=<gen:0>, path=edu.ncsu.csc.itrust2.models.persistent.Personnel)
          - EntityAttributeFetchImpl(entity=edu.ncsu.csc.itrust2.models.persistent.User, querySpaceUid=<gen:1>, path=edu.ncsu.csc.itrust2.models.persistent.Personnel.self)
    - QuerySpaces
       - EntityQuerySpaceImpl(uid=<gen:0>, entity=edu.ncsu.csc.itrust2.models.persistent.Personnel)
          - SQL table alias mapping - personnel0_
          - alias suffix - 0_
          - suffixed key columns - {id1_13_0_}

03:44:47.836 [main] DEBUG o.h.loader.entity.plan.EntityLoader - Static select for entity edu.ncsu.csc.itrust2.models.persistent.Personnel [FORCE]: select personnel0_.id as id1_13_0_, personnel0_.address1 as address2_13_0_, personnel0_.address2 as address3_13_0_, personnel0_.city as city4_13_0_, personnel0_.email as email5_13_0_, personnel0_.enabled as enabled6_13_0_, personnel0_.firstName as firstNam7_13_0_, personnel0_.lastName as lastName8_13_0_, personnel0_.phone as phone9_13_0_, personnel0_.self_id as self_id13_13_0_, personnel0_.specialty as special10_13_0_, personnel0_.state as state11_13_0_, personnel0_.zip as zip12_13_0_ from Personnel personnel0_ where personnel0_.id=? for update
03:44:47.836 [main] DEBUG o.h.l.p.b.i.spaces.QuerySpacesImpl - Adding QuerySpace : uid = <gen:0> -> org.hibernate.loader.plan.build.internal.spaces.EntityQuerySpaceImpl@42d605ac]
03:44:47.836 [main] DEBUG o.h.p.w.spi.MetamodelGraphWalker - Visiting attribute path : address1
03:44:47.836 [main] DEBUG o.h.p.w.spi.MetamodelGraphWalker - Visiting attribute path : address2
03:44:47.836 [main] DEBUG o.h.p.w.spi.MetamodelGraphWalker - Visiting attribute path : city
03:44:47.836 [main] DEBUG o.h.p.w.spi.MetamodelGraphWalker - Visiting attribute path : email
03:44:47.836 [main] DEBUG o.h.p.w.spi.MetamodelGraphWalker - Visiting attribute path : enabled
03:44:47.836 [main] DEBUG o.h.p.w.spi.MetamodelGraphWalker - Visiting attribute path : firstName
03:44:47.836 [main] DEBUG o.h.p.w.spi.MetamodelGraphWalker - Visiting attribute path : lastName
03:44:47.837 [main] DEBUG o.h.p.w.spi.MetamodelGraphWalker - Visiting attribute path : phone
03:44:47.837 [main] DEBUG o.h.p.w.spi.MetamodelGraphWalker - Visiting attribute path : self
03:44:47.837 [main] DEBUG o.h.l.p.b.i.spaces.QuerySpacesImpl - Adding QuerySpace : uid = <gen:1> -> org.hibernate.loader.plan.build.internal.spaces.EntityQuerySpaceImpl@3d3d9165]
03:44:47.837 [main] DEBUG o.h.p.w.spi.MetamodelGraphWalker - Visiting attribute path : specialty
03:44:47.837 [main] DEBUG o.h.p.w.spi.MetamodelGraphWalker - Visiting attribute path : state
03:44:47.837 [main] DEBUG o.h.p.w.spi.MetamodelGraphWalker - Visiting attribute path : zip
03:44:47.837 [main] DEBUG o.h.l.p.b.i.FetchStyleLoadPlanBuildingAssociationVisitationStrategy - Building LoadPlan...
03:44:47.837 [main] DEBUG o.h.l.p.e.i.LoadQueryJoinAndFetchProcessor - processing queryspace <gen:0>
03:44:47.837 [main] DEBUG o.h.l.p.b.spi.LoadPlanTreePrinter - LoadPlan(entity=edu.ncsu.csc.itrust2.models.persistent.Personnel)
    - Returns
       - EntityReturnImpl(entity=edu.ncsu.csc.itrust2.models.persistent.Personnel, querySpaceUid=<gen:0>, path=edu.ncsu.csc.itrust2.models.persistent.Personnel)
          - EntityAttributeFetchImpl(entity=edu.ncsu.csc.itrust2.models.persistent.User, querySpaceUid=<gen:1>, path=edu.ncsu.csc.itrust2.models.persistent.Personnel.self)
    - QuerySpaces
       - EntityQuerySpaceImpl(uid=<gen:0>, entity=edu.ncsu.csc.itrust2.models.persistent.Personnel)
          - SQL table alias mapping - personnel0_
          - alias suffix - 0_
          - suffixed key columns - {id1_13_0_}

03:44:47.838 [main] DEBUG o.h.loader.entity.plan.EntityLoader - Static select for entity edu.ncsu.csc.itrust2.models.persistent.Personnel [PESSIMISTIC_READ]: select personnel0_.id as id1_13_0_, personnel0_.address1 as address2_13_0_, personnel0_.address2 as address3_13_0_, personnel0_.city as city4_13_0_, personnel0_.email as email5_13_0_, personnel0_.enabled as enabled6_13_0_, personnel0_.firstName as firstNam7_13_0_, personnel0_.lastName as lastName8_13_0_, personnel0_.phone as phone9_13_0_, personnel0_.self_id as self_id13_13_0_, personnel0_.specialty as special10_13_0_, personnel0_.state as state11_13_0_, personnel0_.zip as zip12_13_0_ from Personnel personnel0_ where personnel0_.id=? lock in share mode
03:44:47.838 [main] DEBUG o.h.l.p.b.i.spaces.QuerySpacesImpl - Adding QuerySpace : uid = <gen:0> -> org.hibernate.loader.plan.build.internal.spaces.EntityQuerySpaceImpl@2c45779a]
03:44:47.838 [main] DEBUG o.h.p.w.spi.MetamodelGraphWalker - Visiting attribute path : address1
03:44:47.838 [main] DEBUG o.h.p.w.spi.MetamodelGraphWalker - Visiting attribute path : address2
03:44:47.838 [main] DEBUG o.h.p.w.spi.MetamodelGraphWalker - Visiting attribute path : city
03:44:47.838 [main] DEBUG o.h.p.w.spi.MetamodelGraphWalker - Visiting attribute path : email
03:44:47.838 [main] DEBUG o.h.p.w.spi.MetamodelGraphWalker - Visiting attribute path : enabled
03:44:47.838 [main] DEBUG o.h.p.w.spi.MetamodelGraphWalker - Visiting attribute path : firstName
03:44:47.838 [main] DEBUG o.h.p.w.spi.MetamodelGraphWalker - Visiting attribute path : lastName
03:44:47.838 [main] DEBUG o.h.p.w.spi.MetamodelGraphWalker - Visiting attribute path : phone
03:44:47.838 [main] DEBUG o.h.p.w.spi.MetamodelGraphWalker - Visiting attribute path : self
03:44:47.838 [main] DEBUG o.h.l.p.b.i.spaces.QuerySpacesImpl - Adding QuerySpace : uid = <gen:1> -> org.hibernate.loader.plan.build.internal.spaces.EntityQuerySpaceImpl@6d51cc69]
03:44:47.839 [main] DEBUG o.h.p.w.spi.MetamodelGraphWalker - Visiting attribute path : specialty
03:44:47.839 [main] DEBUG o.h.p.w.spi.MetamodelGraphWalker - Visiting attribute path : state
03:44:47.839 [main] DEBUG o.h.p.w.spi.MetamodelGraphWalker - Visiting attribute path : zip
03:44:47.839 [main] DEBUG o.h.l.p.b.i.FetchStyleLoadPlanBuildingAssociationVisitationStrategy - Building LoadPlan...
03:44:47.839 [main] DEBUG o.h.l.p.e.i.LoadQueryJoinAndFetchProcessor - processing queryspace <gen:0>
03:44:47.840 [main] DEBUG o.h.l.p.b.spi.LoadPlanTreePrinter - LoadPlan(entity=edu.ncsu.csc.itrust2.models.persistent.Personnel)
    - Returns
       - EntityReturnImpl(entity=edu.ncsu.csc.itrust2.models.persistent.Personnel, querySpaceUid=<gen:0>, path=edu.ncsu.csc.itrust2.models.persistent.Personnel)
          - EntityAttributeFetchImpl(entity=edu.ncsu.csc.itrust2.models.persistent.User, querySpaceUid=<gen:1>, path=edu.ncsu.csc.itrust2.models.persistent.Personnel.self)
    - QuerySpaces
       - EntityQuerySpaceImpl(uid=<gen:0>, entity=edu.ncsu.csc.itrust2.models.persistent.Personnel)
          - SQL table alias mapping - personnel0_
          - alias suffix - 0_
          - suffixed key columns - {id1_13_0_}

03:44:47.840 [main] DEBUG o.h.loader.entity.plan.EntityLoader - Static select for entity edu.ncsu.csc.itrust2.models.persistent.Personnel [PESSIMISTIC_WRITE]: select personnel0_.id as id1_13_0_, personnel0_.address1 as address2_13_0_, personnel0_.address2 as address3_13_0_, personnel0_.city as city4_13_0_, personnel0_.email as email5_13_0_, personnel0_.enabled as enabled6_13_0_, personnel0_.firstName as firstNam7_13_0_, personnel0_.lastName as lastName8_13_0_, personnel0_.phone as phone9_13_0_, personnel0_.self_id as self_id13_13_0_, personnel0_.specialty as special10_13_0_, personnel0_.state as state11_13_0_, personnel0_.zip as zip12_13_0_ from Personnel personnel0_ where personnel0_.id=? for update
03:44:47.840 [main] DEBUG o.h.l.p.b.i.spaces.QuerySpacesImpl - Adding QuerySpace : uid = <gen:0> -> org.hibernate.loader.plan.build.internal.spaces.EntityQuerySpaceImpl@3cb6de1f]
03:44:47.840 [main] DEBUG o.h.p.w.spi.MetamodelGraphWalker - Visiting attribute path : address1
03:44:47.840 [main] DEBUG o.h.p.w.spi.MetamodelGraphWalker - Visiting attribute path : address2
03:44:47.840 [main] DEBUG o.h.p.w.spi.MetamodelGraphWalker - Visiting attribute path : city
03:44:47.840 [main] DEBUG o.h.p.w.spi.MetamodelGraphWalker - Visiting attribute path : email
03:44:47.840 [main] DEBUG o.h.p.w.spi.MetamodelGraphWalker - Visiting attribute path : enabled
03:44:47.840 [main] DEBUG o.h.p.w.spi.MetamodelGraphWalker - Visiting attribute path : firstName
03:44:47.841 [main] DEBUG o.h.p.w.spi.MetamodelGraphWalker - Visiting attribute path : lastName
03:44:47.841 [main] DEBUG o.h.p.w.spi.MetamodelGraphWalker - Visiting attribute path : phone
03:44:47.841 [main] DEBUG o.h.p.w.spi.MetamodelGraphWalker - Visiting attribute path : self
03:44:47.844 [main] DEBUG o.h.l.p.b.i.spaces.QuerySpacesImpl - Adding QuerySpace : uid = <gen:1> -> org.hibernate.loader.plan.build.internal.spaces.EntityQuerySpaceImpl@2db9e32]
03:44:47.845 [main] DEBUG o.h.p.w.spi.MetamodelGraphWalker - Visiting attribute path : specialty
03:44:47.845 [main] DEBUG o.h.p.w.spi.MetamodelGraphWalker - Visiting attribute path : state
03:44:47.845 [main] DEBUG o.h.p.w.spi.MetamodelGraphWalker - Visiting attribute path : zip
03:44:47.845 [main] DEBUG o.h.l.p.b.i.FetchStyleLoadPlanBuildingAssociationVisitationStrategy - Building LoadPlan...
03:44:47.847 [main] DEBUG o.h.l.p.e.i.LoadQueryJoinAndFetchProcessor - processing queryspace <gen:0>
03:44:47.847 [main] DEBUG o.h.l.p.b.spi.LoadPlanTreePrinter - LoadPlan(entity=edu.ncsu.csc.itrust2.models.persistent.Personnel)
    - Returns
       - EntityReturnImpl(entity=edu.ncsu.csc.itrust2.models.persistent.Personnel, querySpaceUid=<gen:0>, path=edu.ncsu.csc.itrust2.models.persistent.Personnel)
          - EntityAttributeFetchImpl(entity=edu.ncsu.csc.itrust2.models.persistent.User, querySpaceUid=<gen:1>, path=edu.ncsu.csc.itrust2.models.persistent.Personnel.self)
    - QuerySpaces
       - EntityQuerySpaceImpl(uid=<gen:0>, entity=edu.ncsu.csc.itrust2.models.persistent.Personnel)
          - SQL table alias mapping - personnel0_
          - alias suffix - 0_
          - suffixed key columns - {id1_13_0_}

03:44:47.847 [main] DEBUG o.h.loader.entity.plan.EntityLoader - Static select for entity edu.ncsu.csc.itrust2.models.persistent.Personnel [PESSIMISTIC_FORCE_INCREMENT]: select personnel0_.id as id1_13_0_, personnel0_.address1 as address2_13_0_, personnel0_.address2 as address3_13_0_, personnel0_.city as city4_13_0_, personnel0_.email as email5_13_0_, personnel0_.enabled as enabled6_13_0_, personnel0_.firstName as firstNam7_13_0_, personnel0_.lastName as lastName8_13_0_, personnel0_.phone as phone9_13_0_, personnel0_.self_id as self_id13_13_0_, personnel0_.specialty as special10_13_0_, personnel0_.state as state11_13_0_, personnel0_.zip as zip12_13_0_ from Personnel personnel0_ where personnel0_.id=? for update
03:44:47.848 [main] DEBUG o.h.l.p.b.i.spaces.QuerySpacesImpl - Adding QuerySpace : uid = <gen:0> -> org.hibernate.loader.plan.build.internal.spaces.EntityQuerySpaceImpl@618a2884]
03:44:47.848 [main] DEBUG o.h.p.w.spi.MetamodelGraphWalker - Visiting attribute path : address1
03:44:47.848 [main] DEBUG o.h.p.w.spi.MetamodelGraphWalker - Visiting attribute path : address2
03:44:47.848 [main] DEBUG o.h.p.w.spi.MetamodelGraphWalker - Visiting attribute path : city
03:44:47.848 [main] DEBUG o.h.p.w.spi.MetamodelGraphWalker - Visiting attribute path : email
03:44:47.848 [main] DEBUG o.h.p.w.spi.MetamodelGraphWalker - Visiting attribute path : enabled
03:44:47.848 [main] DEBUG o.h.p.w.spi.MetamodelGraphWalker - Visiting attribute path : firstName
03:44:47.848 [main] DEBUG o.h.p.w.spi.MetamodelGraphWalker - Visiting attribute path : lastName
03:44:47.849 [main] DEBUG o.h.p.w.spi.MetamodelGraphWalker - Visiting attribute path : phone
03:44:47.849 [main] DEBUG o.h.p.w.spi.MetamodelGraphWalker - Visiting attribute path : self
03:44:47.849 [main] DEBUG o.h.l.p.b.i.spaces.QuerySpacesImpl - Adding QuerySpace : uid = <gen:1> -> org.hibernate.loader.plan.build.internal.spaces.EntityQuerySpaceImpl@14cc8b77]
03:44:47.849 [main] DEBUG o.h.p.w.spi.MetamodelGraphWalker - Visiting attribute path : specialty
03:44:47.849 [main] DEBUG o.h.p.w.spi.MetamodelGraphWalker - Visiting attribute path : state
03:44:47.849 [main] DEBUG o.h.p.w.spi.MetamodelGraphWalker - Visiting attribute path : zip
03:44:47.849 [main] DEBUG o.h.l.p.b.i.FetchStyleLoadPlanBuildingAssociationVisitationStrategy - Building LoadPlan...
03:44:47.850 [main] DEBUG o.h.l.p.e.i.LoadQueryJoinAndFetchProcessor - processing queryspace <gen:0>
03:44:47.851 [main] DEBUG o.h.l.p.b.spi.LoadPlanTreePrinter - LoadPlan(entity=edu.ncsu.csc.itrust2.models.persistent.Personnel)
    - Returns
       - EntityReturnImpl(entity=edu.ncsu.csc.itrust2.models.persistent.Personnel, querySpaceUid=<gen:0>, path=edu.ncsu.csc.itrust2.models.persistent.Personnel)
          - EntityAttributeFetchImpl(entity=edu.ncsu.csc.itrust2.models.persistent.User, querySpaceUid=<gen:1>, path=edu.ncsu.csc.itrust2.models.persistent.Personnel.self)
    - QuerySpaces
       - EntityQuerySpaceImpl(uid=<gen:0>, entity=edu.ncsu.csc.itrust2.models.persistent.Personnel)
          - SQL table alias mapping - personnel0_
          - alias suffix - 0_
          - suffixed key columns - {id1_13_0_}

03:44:47.851 [main] DEBUG o.h.loader.entity.plan.EntityLoader - Static select for entity edu.ncsu.csc.itrust2.models.persistent.Personnel [OPTIMISTIC]: select personnel0_.id as id1_13_0_, personnel0_.address1 as address2_13_0_, personnel0_.address2 as address3_13_0_, personnel0_.city as city4_13_0_, personnel0_.email as email5_13_0_, personnel0_.enabled as enabled6_13_0_, personnel0_.firstName as firstNam7_13_0_, personnel0_.lastName as lastName8_13_0_, personnel0_.phone as phone9_13_0_, personnel0_.self_id as self_id13_13_0_, personnel0_.specialty as special10_13_0_, personnel0_.state as state11_13_0_, personnel0_.zip as zip12_13_0_ from Personnel personnel0_ where personnel0_.id=?
03:44:47.851 [main] DEBUG o.h.l.p.b.i.spaces.QuerySpacesImpl - Adding QuerySpace : uid = <gen:0> -> org.hibernate.loader.plan.build.internal.spaces.EntityQuerySpaceImpl@4a38bdd2]
03:44:47.851 [main] DEBUG o.h.p.w.spi.MetamodelGraphWalker - Visiting attribute path : address1
03:44:47.851 [main] DEBUG o.h.p.w.spi.MetamodelGraphWalker - Visiting attribute path : address2
03:44:47.851 [main] DEBUG o.h.p.w.spi.MetamodelGraphWalker - Visiting attribute path : city
03:44:47.851 [main] DEBUG o.h.p.w.spi.MetamodelGraphWalker - Visiting attribute path : email
03:44:47.851 [main] DEBUG o.h.p.w.spi.MetamodelGraphWalker - Visiting attribute path : enabled
03:44:47.851 [main] DEBUG o.h.p.w.spi.MetamodelGraphWalker - Visiting attribute path : firstName
03:44:47.851 [main] DEBUG o.h.p.w.spi.MetamodelGraphWalker - Visiting attribute path : lastName
03:44:47.851 [main] DEBUG o.h.p.w.spi.MetamodelGraphWalker - Visiting attribute path : phone
03:44:47.851 [main] DEBUG o.h.p.w.spi.MetamodelGraphWalker - Visiting attribute path : self
03:44:47.852 [main] DEBUG o.h.l.p.b.i.spaces.QuerySpacesImpl - Adding QuerySpace : uid = <gen:1> -> org.hibernate.loader.plan.build.internal.spaces.EntityQuerySpaceImpl@237dbbe9]
03:44:47.852 [main] DEBUG o.h.p.w.spi.MetamodelGraphWalker - Visiting attribute path : specialty
03:44:47.852 [main] DEBUG o.h.p.w.spi.MetamodelGraphWalker - Visiting attribute path : state
03:44:47.852 [main] DEBUG o.h.p.w.spi.MetamodelGraphWalker - Visiting attribute path : zip
03:44:47.852 [main] DEBUG o.h.l.p.b.i.FetchStyleLoadPlanBuildingAssociationVisitationStrategy - Building LoadPlan...
03:44:47.852 [main] DEBUG o.h.l.p.e.i.LoadQueryJoinAndFetchProcessor - processing queryspace <gen:0>
03:44:47.852 [main] DEBUG o.h.l.p.b.spi.LoadPlanTreePrinter - LoadPlan(entity=edu.ncsu.csc.itrust2.models.persistent.Personnel)
    - Returns
       - EntityReturnImpl(entity=edu.ncsu.csc.itrust2.models.persistent.Personnel, querySpaceUid=<gen:0>, path=edu.ncsu.csc.itrust2.models.persistent.Personnel)
          - EntityAttributeFetchImpl(entity=edu.ncsu.csc.itrust2.models.persistent.User, querySpaceUid=<gen:1>, path=edu.ncsu.csc.itrust2.models.persistent.Personnel.self)
    - QuerySpaces
       - EntityQuerySpaceImpl(uid=<gen:0>, entity=edu.ncsu.csc.itrust2.models.persistent.Personnel)
          - SQL table alias mapping - personnel0_
          - alias suffix - 0_
          - suffixed key columns - {id1_13_0_}

03:44:47.853 [main] DEBUG o.h.loader.entity.plan.EntityLoader - Static select for entity edu.ncsu.csc.itrust2.models.persistent.Personnel [OPTIMISTIC_FORCE_INCREMENT]: select personnel0_.id as id1_13_0_, personnel0_.address1 as address2_13_0_, personnel0_.address2 as address3_13_0_, personnel0_.city as city4_13_0_, personnel0_.email as email5_13_0_, personnel0_.enabled as enabled6_13_0_, personnel0_.firstName as firstNam7_13_0_, personnel0_.lastName as lastName8_13_0_, personnel0_.phone as phone9_13_0_, personnel0_.self_id as self_id13_13_0_, personnel0_.specialty as special10_13_0_, personnel0_.state as state11_13_0_, personnel0_.zip as zip12_13_0_ from Personnel personnel0_ where personnel0_.id=?
03:44:47.883 [main] DEBUG org.hibernate.loader.Loader - Static select for action ACTION_MERGE on entity edu.ncsu.csc.itrust2.models.persistent.Personnel: select personnel0_.id as id1_13_0_, personnel0_.address1 as address2_13_0_, personnel0_.address2 as address3_13_0_, personnel0_.city as city4_13_0_, personnel0_.email as email5_13_0_, personnel0_.enabled as enabled6_13_0_, personnel0_.firstName as firstNam7_13_0_, personnel0_.lastName as lastName8_13_0_, personnel0_.phone as phone9_13_0_, personnel0_.self_id as self_id13_13_0_, personnel0_.specialty as special10_13_0_, personnel0_.state as state11_13_0_, personnel0_.zip as zip12_13_0_ from Personnel personnel0_ where personnel0_.id=?
03:44:47.883 [main] DEBUG org.hibernate.loader.Loader - Static select for action ACTION_REFRESH on entity edu.ncsu.csc.itrust2.models.persistent.Personnel: select personnel0_.id as id1_13_0_, personnel0_.address1 as address2_13_0_, personnel0_.address2 as address3_13_0_, personnel0_.city as city4_13_0_, personnel0_.email as email5_13_0_, personnel0_.enabled as enabled6_13_0_, personnel0_.firstName as firstNam7_13_0_, personnel0_.lastName as lastName8_13_0_, personnel0_.phone as phone9_13_0_, personnel0_.self_id as self_id13_13_0_, personnel0_.specialty as special10_13_0_, personnel0_.state as state11_13_0_, personnel0_.zip as zip12_13_0_ from Personnel personnel0_ where personnel0_.id=?
03:44:47.885 [main] DEBUG o.h.p.entity.AbstractEntityPersister - Static SQL for entity: edu.ncsu.csc.itrust2.models.persistent.BasicHealthMetrics
03:44:47.885 [main] DEBUG o.h.p.entity.AbstractEntityPersister -  Version select: select id from BasicHealthMetrics where id =?
03:44:47.885 [main] DEBUG o.h.p.entity.AbstractEntityPersister -  Snapshot select: select basichealt_.id, basichealt_.diastolic as diastoli2_1_, basichealt_.hcp_id as hcp_id12_1_, basichealt_.hdl as hdl3_1_, basichealt_.headCircumference as headCirc4_1_, basichealt_.height as height5_1_, basichealt_.houseSmokingStatus as houseSmo6_1_, basichealt_.ldl as ldl7_1_, basichealt_.patient_id as patient13_1_, basichealt_.patientSmokingStatus as patientS8_1_, basichealt_.systolic as systolic9_1_, basichealt_.tri as tri10_1_, basichealt_.weight as weight11_1_ from BasicHealthMetrics basichealt_ where basichealt_.id=?
03:44:47.885 [main] DEBUG o.h.p.entity.AbstractEntityPersister -  Insert 0: insert into BasicHealthMetrics (diastolic, hcp_id, hdl, headCircumference, height, houseSmokingStatus, ldl, patient_id, patientSmokingStatus, systolic, tri, weight, id) values (?, ?, ?, ?, ?, ?, ?, ?, ?, ?, ?, ?, ?)
03:44:47.885 [main] DEBUG o.h.p.entity.AbstractEntityPersister -  Update 0: update BasicHealthMetrics set diastolic=?, hcp_id=?, hdl=?, headCircumference=?, height=?, houseSmokingStatus=?, ldl=?, patient_id=?, patientSmokingStatus=?, systolic=?, tri=?, weight=? where id=?
03:44:47.885 [main] DEBUG o.h.p.entity.AbstractEntityPersister -  Delete 0: delete from BasicHealthMetrics where id=?
03:44:47.885 [main] DEBUG o.h.l.p.b.i.spaces.QuerySpacesImpl - Adding QuerySpace : uid = <gen:0> -> org.hibernate.loader.plan.build.internal.spaces.EntityQuerySpaceImpl@4a5b1a27]
03:44:47.887 [main] DEBUG o.h.p.w.spi.MetamodelGraphWalker - Visiting attribute path : diastolic
03:44:47.887 [main] DEBUG o.h.p.w.spi.MetamodelGraphWalker - Visiting attribute path : hcp
03:44:47.888 [main] DEBUG o.h.l.p.b.i.spaces.QuerySpacesImpl - Adding QuerySpace : uid = <gen:1> -> org.hibernate.loader.plan.build.internal.spaces.EntityQuerySpaceImpl@b20d07f]
03:44:47.888 [main] DEBUG o.h.p.w.spi.MetamodelGraphWalker - Visiting attribute path : hcp.enabled
03:44:47.889 [main] DEBUG o.h.p.w.spi.MetamodelGraphWalker - Visiting attribute path : hcp.password
03:44:47.889 [main] DEBUG o.h.p.w.spi.MetamodelGraphWalker - Visiting attribute path : hcp.role
03:44:47.889 [main] DEBUG o.h.p.w.spi.MetamodelGraphWalker - Visiting attribute path : hdl
03:44:47.890 [main] DEBUG o.h.p.w.spi.MetamodelGraphWalker - Visiting attribute path : headCircumference
03:44:47.890 [main] DEBUG o.h.p.w.spi.MetamodelGraphWalker - Visiting attribute path : height
03:44:47.890 [main] DEBUG o.h.p.w.spi.MetamodelGraphWalker - Visiting attribute path : houseSmokingStatus
03:44:47.890 [main] DEBUG o.h.p.w.spi.MetamodelGraphWalker - Visiting attribute path : ldl
03:44:47.890 [main] DEBUG o.h.p.w.spi.MetamodelGraphWalker - Visiting attribute path : patient
03:44:47.891 [main] DEBUG o.h.l.p.b.i.spaces.QuerySpacesImpl - Adding QuerySpace : uid = <gen:2> -> org.hibernate.loader.plan.build.internal.spaces.EntityQuerySpaceImpl@3f327c15]
03:44:47.891 [main] DEBUG o.h.p.w.spi.MetamodelGraphWalker - Visiting attribute path : patient.enabled
03:44:47.891 [main] DEBUG o.h.p.w.spi.MetamodelGraphWalker - Visiting attribute path : patient.password
03:44:47.891 [main] DEBUG o.h.p.w.spi.MetamodelGraphWalker - Visiting attribute path : patient.role
03:44:47.891 [main] DEBUG o.h.p.w.spi.MetamodelGraphWalker - Visiting attribute path : patientSmokingStatus
03:44:47.891 [main] DEBUG o.h.p.w.spi.MetamodelGraphWalker - Visiting attribute path : systolic
03:44:47.891 [main] DEBUG o.h.p.w.spi.MetamodelGraphWalker - Visiting attribute path : tri
03:44:47.891 [main] DEBUG o.h.p.w.spi.MetamodelGraphWalker - Visiting attribute path : weight
03:44:47.892 [main] DEBUG o.h.l.p.b.i.FetchStyleLoadPlanBuildingAssociationVisitationStrategy - Building LoadPlan...
03:44:47.893 [main] DEBUG o.h.l.p.e.i.LoadQueryJoinAndFetchProcessor - processing queryspace <gen:0>
03:44:47.897 [main] DEBUG o.h.l.p.b.spi.LoadPlanTreePrinter - LoadPlan(entity=edu.ncsu.csc.itrust2.models.persistent.BasicHealthMetrics)
    - Returns
       - EntityReturnImpl(entity=edu.ncsu.csc.itrust2.models.persistent.BasicHealthMetrics, querySpaceUid=<gen:0>, path=edu.ncsu.csc.itrust2.models.persistent.BasicHealthMetrics)
          - EntityAttributeFetchImpl(entity=edu.ncsu.csc.itrust2.models.persistent.User, querySpaceUid=<gen:1>, path=edu.ncsu.csc.itrust2.models.persistent.BasicHealthMetrics.hcp)
          - EntityAttributeFetchImpl(entity=edu.ncsu.csc.itrust2.models.persistent.User, querySpaceUid=<gen:2>, path=edu.ncsu.csc.itrust2.models.persistent.BasicHealthMetrics.patient)
    - QuerySpaces
       - EntityQuerySpaceImpl(uid=<gen:0>, entity=edu.ncsu.csc.itrust2.models.persistent.BasicHealthMetrics)
          - SQL table alias mapping - basichealt0_
          - alias suffix - 0_
          - suffixed key columns - {id1_1_0_}
          - JOIN (JoinDefinedByMetadata(hcp)) : <gen:0> -> <gen:1>
             - EntityQuerySpaceImpl(uid=<gen:1>, entity=edu.ncsu.csc.itrust2.models.persistent.User)
                - SQL table alias mapping - user1_
                - alias suffix - 1_
                - suffixed key columns - {username1_15_1_}
          - JOIN (JoinDefinedByMetadata(patient)) : <gen:0> -> <gen:2>
             - EntityQuerySpaceImpl(uid=<gen:2>, entity=edu.ncsu.csc.itrust2.models.persistent.User)
                - SQL table alias mapping - user2_
                - alias suffix - 2_
                - suffixed key columns - {username1_15_2_}

03:44:47.897 [main] DEBUG o.h.loader.entity.plan.EntityLoader - Static select for entity edu.ncsu.csc.itrust2.models.persistent.BasicHealthMetrics [NONE]: select basichealt0_.id as id1_1_0_, basichealt0_.diastolic as diastoli2_1_0_, basichealt0_.hcp_id as hcp_id12_1_0_, basichealt0_.hdl as hdl3_1_0_, basichealt0_.headCircumference as headCirc4_1_0_, basichealt0_.height as height5_1_0_, basichealt0_.houseSmokingStatus as houseSmo6_1_0_, basichealt0_.ldl as ldl7_1_0_, basichealt0_.patient_id as patient13_1_0_, basichealt0_.patientSmokingStatus as patientS8_1_0_, basichealt0_.systolic as systolic9_1_0_, basichealt0_.tri as tri10_1_0_, basichealt0_.weight as weight11_1_0_, user1_.username as username1_15_1_, user1_.enabled as enabled2_15_1_, user1_.password as password3_15_1_, user1_.role as role4_15_1_, user2_.username as username1_15_2_, user2_.enabled as enabled2_15_2_, user2_.password as password3_15_2_, user2_.role as role4_15_2_ from BasicHealthMetrics basichealt0_ inner join Users user1_ on basichealt0_.hcp_id=user1_.username inner join Users user2_ on basichealt0_.patient_id=user2_.username where basichealt0_.id=?
03:44:47.897 [main] DEBUG o.h.l.p.b.i.spaces.QuerySpacesImpl - Adding QuerySpace : uid = <gen:0> -> org.hibernate.loader.plan.build.internal.spaces.EntityQuerySpaceImpl@1bd21143]
03:44:47.898 [main] DEBUG o.h.p.w.spi.MetamodelGraphWalker - Visiting attribute path : diastolic
03:44:47.898 [main] DEBUG o.h.p.w.spi.MetamodelGraphWalker - Visiting attribute path : hcp
03:44:47.899 [main] DEBUG o.h.l.p.b.i.spaces.QuerySpacesImpl - Adding QuerySpace : uid = <gen:1> -> org.hibernate.loader.plan.build.internal.spaces.EntityQuerySpaceImpl@4cf0c635]
03:44:47.899 [main] DEBUG o.h.p.w.spi.MetamodelGraphWalker - Visiting attribute path : hcp.enabled
03:44:47.899 [main] DEBUG o.h.p.w.spi.MetamodelGraphWalker - Visiting attribute path : hcp.password
03:44:47.899 [main] DEBUG o.h.p.w.spi.MetamodelGraphWalker - Visiting attribute path : hcp.role
03:44:47.899 [main] DEBUG o.h.p.w.spi.MetamodelGraphWalker - Visiting attribute path : hdl
03:44:47.900 [main] DEBUG o.h.p.w.spi.MetamodelGraphWalker - Visiting attribute path : headCircumference
03:44:47.900 [main] DEBUG o.h.p.w.spi.MetamodelGraphWalker - Visiting attribute path : height
03:44:47.900 [main] DEBUG o.h.p.w.spi.MetamodelGraphWalker - Visiting attribute path : houseSmokingStatus
03:44:47.900 [main] DEBUG o.h.p.w.spi.MetamodelGraphWalker - Visiting attribute path : ldl
03:44:47.900 [main] DEBUG o.h.p.w.spi.MetamodelGraphWalker - Visiting attribute path : patient
03:44:47.900 [main] DEBUG o.h.l.p.b.i.spaces.QuerySpacesImpl - Adding QuerySpace : uid = <gen:2> -> org.hibernate.loader.plan.build.internal.spaces.EntityQuerySpaceImpl@356b73ad]
03:44:47.901 [main] DEBUG o.h.p.w.spi.MetamodelGraphWalker - Visiting attribute path : patient.enabled
03:44:47.901 [main] DEBUG o.h.p.w.spi.MetamodelGraphWalker - Visiting attribute path : patient.password
03:44:47.901 [main] DEBUG o.h.p.w.spi.MetamodelGraphWalker - Visiting attribute path : patient.role
03:44:47.901 [main] DEBUG o.h.p.w.spi.MetamodelGraphWalker - Visiting attribute path : patientSmokingStatus
03:44:47.901 [main] DEBUG o.h.p.w.spi.MetamodelGraphWalker - Visiting attribute path : systolic
03:44:47.901 [main] DEBUG o.h.p.w.spi.MetamodelGraphWalker - Visiting attribute path : tri
03:44:47.901 [main] DEBUG o.h.p.w.spi.MetamodelGraphWalker - Visiting attribute path : weight
03:44:47.901 [main] DEBUG o.h.l.p.b.i.FetchStyleLoadPlanBuildingAssociationVisitationStrategy - Building LoadPlan...
03:44:47.902 [main] DEBUG o.h.l.p.e.i.LoadQueryJoinAndFetchProcessor - processing queryspace <gen:0>
03:44:47.904 [main] DEBUG o.h.l.p.b.spi.LoadPlanTreePrinter - LoadPlan(entity=edu.ncsu.csc.itrust2.models.persistent.BasicHealthMetrics)
    - Returns
       - EntityReturnImpl(entity=edu.ncsu.csc.itrust2.models.persistent.BasicHealthMetrics, querySpaceUid=<gen:0>, path=edu.ncsu.csc.itrust2.models.persistent.BasicHealthMetrics)
          - EntityAttributeFetchImpl(entity=edu.ncsu.csc.itrust2.models.persistent.User, querySpaceUid=<gen:1>, path=edu.ncsu.csc.itrust2.models.persistent.BasicHealthMetrics.hcp)
          - EntityAttributeFetchImpl(entity=edu.ncsu.csc.itrust2.models.persistent.User, querySpaceUid=<gen:2>, path=edu.ncsu.csc.itrust2.models.persistent.BasicHealthMetrics.patient)
    - QuerySpaces
       - EntityQuerySpaceImpl(uid=<gen:0>, entity=edu.ncsu.csc.itrust2.models.persistent.BasicHealthMetrics)
          - SQL table alias mapping - basichealt0_
          - alias suffix - 0_
          - suffixed key columns - {id1_1_0_}
          - JOIN (JoinDefinedByMetadata(hcp)) : <gen:0> -> <gen:1>
             - EntityQuerySpaceImpl(uid=<gen:1>, entity=edu.ncsu.csc.itrust2.models.persistent.User)
                - SQL table alias mapping - user1_
                - alias suffix - 1_
                - suffixed key columns - {username1_15_1_}
          - JOIN (JoinDefinedByMetadata(patient)) : <gen:0> -> <gen:2>
             - EntityQuerySpaceImpl(uid=<gen:2>, entity=edu.ncsu.csc.itrust2.models.persistent.User)
                - SQL table alias mapping - user2_
                - alias suffix - 2_
                - suffixed key columns - {username1_15_2_}

03:44:47.904 [main] DEBUG o.h.loader.entity.plan.EntityLoader - Static select for entity edu.ncsu.csc.itrust2.models.persistent.BasicHealthMetrics [READ]: select basichealt0_.id as id1_1_0_, basichealt0_.diastolic as diastoli2_1_0_, basichealt0_.hcp_id as hcp_id12_1_0_, basichealt0_.hdl as hdl3_1_0_, basichealt0_.headCircumference as headCirc4_1_0_, basichealt0_.height as height5_1_0_, basichealt0_.houseSmokingStatus as houseSmo6_1_0_, basichealt0_.ldl as ldl7_1_0_, basichealt0_.patient_id as patient13_1_0_, basichealt0_.patientSmokingStatus as patientS8_1_0_, basichealt0_.systolic as systolic9_1_0_, basichealt0_.tri as tri10_1_0_, basichealt0_.weight as weight11_1_0_, user1_.username as username1_15_1_, user1_.enabled as enabled2_15_1_, user1_.password as password3_15_1_, user1_.role as role4_15_1_, user2_.username as username1_15_2_, user2_.enabled as enabled2_15_2_, user2_.password as password3_15_2_, user2_.role as role4_15_2_ from BasicHealthMetrics basichealt0_ inner join Users user1_ on basichealt0_.hcp_id=user1_.username inner join Users user2_ on basichealt0_.patient_id=user2_.username where basichealt0_.id=?
03:44:47.905 [main] DEBUG o.h.l.p.b.i.spaces.QuerySpacesImpl - Adding QuerySpace : uid = <gen:0> -> org.hibernate.loader.plan.build.internal.spaces.EntityQuerySpaceImpl@691fd3a8]
03:44:47.905 [main] DEBUG o.h.p.w.spi.MetamodelGraphWalker - Visiting attribute path : diastolic
03:44:47.905 [main] DEBUG o.h.p.w.spi.MetamodelGraphWalker - Visiting attribute path : hcp
03:44:47.905 [main] DEBUG o.h.l.p.b.i.spaces.QuerySpacesImpl - Adding QuerySpace : uid = <gen:1> -> org.hibernate.loader.plan.build.internal.spaces.EntityQuerySpaceImpl@78e99576]
03:44:47.905 [main] DEBUG o.h.p.w.spi.MetamodelGraphWalker - Visiting attribute path : hdl
03:44:47.905 [main] DEBUG o.h.p.w.spi.MetamodelGraphWalker - Visiting attribute path : headCircumference
03:44:47.905 [main] DEBUG o.h.p.w.spi.MetamodelGraphWalker - Visiting attribute path : height
03:44:47.905 [main] DEBUG o.h.p.w.spi.MetamodelGraphWalker - Visiting attribute path : houseSmokingStatus
03:44:47.905 [main] DEBUG o.h.p.w.spi.MetamodelGraphWalker - Visiting attribute path : ldl
03:44:47.905 [main] DEBUG o.h.p.w.spi.MetamodelGraphWalker - Visiting attribute path : patient
03:44:47.905 [main] DEBUG o.h.l.p.b.i.spaces.QuerySpacesImpl - Adding QuerySpace : uid = <gen:2> -> org.hibernate.loader.plan.build.internal.spaces.EntityQuerySpaceImpl@78b9aa0a]
03:44:47.905 [main] DEBUG o.h.p.w.spi.MetamodelGraphWalker - Visiting attribute path : patientSmokingStatus
03:44:47.905 [main] DEBUG o.h.p.w.spi.MetamodelGraphWalker - Visiting attribute path : systolic
03:44:47.905 [main] DEBUG o.h.p.w.spi.MetamodelGraphWalker - Visiting attribute path : tri
03:44:47.905 [main] DEBUG o.h.p.w.spi.MetamodelGraphWalker - Visiting attribute path : weight
03:44:47.905 [main] DEBUG o.h.l.p.b.i.FetchStyleLoadPlanBuildingAssociationVisitationStrategy - Building LoadPlan...
03:44:47.906 [main] DEBUG o.h.l.p.e.i.LoadQueryJoinAndFetchProcessor - processing queryspace <gen:0>
03:44:47.906 [main] DEBUG o.h.l.p.b.spi.LoadPlanTreePrinter - LoadPlan(entity=edu.ncsu.csc.itrust2.models.persistent.BasicHealthMetrics)
    - Returns
       - EntityReturnImpl(entity=edu.ncsu.csc.itrust2.models.persistent.BasicHealthMetrics, querySpaceUid=<gen:0>, path=edu.ncsu.csc.itrust2.models.persistent.BasicHealthMetrics)
          - EntityAttributeFetchImpl(entity=edu.ncsu.csc.itrust2.models.persistent.User, querySpaceUid=<gen:1>, path=edu.ncsu.csc.itrust2.models.persistent.BasicHealthMetrics.hcp)
          - EntityAttributeFetchImpl(entity=edu.ncsu.csc.itrust2.models.persistent.User, querySpaceUid=<gen:2>, path=edu.ncsu.csc.itrust2.models.persistent.BasicHealthMetrics.patient)
    - QuerySpaces
       - EntityQuerySpaceImpl(uid=<gen:0>, entity=edu.ncsu.csc.itrust2.models.persistent.BasicHealthMetrics)
          - SQL table alias mapping - basichealt0_
          - alias suffix - 0_
          - suffixed key columns - {id1_1_0_}

03:44:47.906 [main] DEBUG o.h.loader.entity.plan.EntityLoader - Static select for entity edu.ncsu.csc.itrust2.models.persistent.BasicHealthMetrics [UPGRADE]: select basichealt0_.id as id1_1_0_, basichealt0_.diastolic as diastoli2_1_0_, basichealt0_.hcp_id as hcp_id12_1_0_, basichealt0_.hdl as hdl3_1_0_, basichealt0_.headCircumference as headCirc4_1_0_, basichealt0_.height as height5_1_0_, basichealt0_.houseSmokingStatus as houseSmo6_1_0_, basichealt0_.ldl as ldl7_1_0_, basichealt0_.patient_id as patient13_1_0_, basichealt0_.patientSmokingStatus as patientS8_1_0_, basichealt0_.systolic as systolic9_1_0_, basichealt0_.tri as tri10_1_0_, basichealt0_.weight as weight11_1_0_ from BasicHealthMetrics basichealt0_ where basichealt0_.id=? for update
03:44:47.906 [main] DEBUG o.h.l.p.b.i.spaces.QuerySpacesImpl - Adding QuerySpace : uid = <gen:0> -> org.hibernate.loader.plan.build.internal.spaces.EntityQuerySpaceImpl@6f2cb426]
03:44:47.906 [main] DEBUG o.h.p.w.spi.MetamodelGraphWalker - Visiting attribute path : diastolic
03:44:47.906 [main] DEBUG o.h.p.w.spi.MetamodelGraphWalker - Visiting attribute path : hcp
03:44:47.906 [main] DEBUG o.h.l.p.b.i.spaces.QuerySpacesImpl - Adding QuerySpace : uid = <gen:1> -> org.hibernate.loader.plan.build.internal.spaces.EntityQuerySpaceImpl@46e6ebc6]
03:44:47.906 [main] DEBUG o.h.p.w.spi.MetamodelGraphWalker - Visiting attribute path : hdl
03:44:47.907 [main] DEBUG o.h.p.w.spi.MetamodelGraphWalker - Visiting attribute path : headCircumference
03:44:47.907 [main] DEBUG o.h.p.w.spi.MetamodelGraphWalker - Visiting attribute path : height
03:44:47.907 [main] DEBUG o.h.p.w.spi.MetamodelGraphWalker - Visiting attribute path : houseSmokingStatus
03:44:47.907 [main] DEBUG o.h.p.w.spi.MetamodelGraphWalker - Visiting attribute path : ldl
03:44:47.907 [main] DEBUG o.h.p.w.spi.MetamodelGraphWalker - Visiting attribute path : patient
03:44:47.907 [main] DEBUG o.h.l.p.b.i.spaces.QuerySpacesImpl - Adding QuerySpace : uid = <gen:2> -> org.hibernate.loader.plan.build.internal.spaces.EntityQuerySpaceImpl@73bae0ea]
03:44:47.907 [main] DEBUG o.h.p.w.spi.MetamodelGraphWalker - Visiting attribute path : patientSmokingStatus
03:44:47.907 [main] DEBUG o.h.p.w.spi.MetamodelGraphWalker - Visiting attribute path : systolic
03:44:47.907 [main] DEBUG o.h.p.w.spi.MetamodelGraphWalker - Visiting attribute path : tri
03:44:47.907 [main] DEBUG o.h.p.w.spi.MetamodelGraphWalker - Visiting attribute path : weight
03:44:47.907 [main] DEBUG o.h.l.p.b.i.FetchStyleLoadPlanBuildingAssociationVisitationStrategy - Building LoadPlan...
03:44:47.907 [main] DEBUG o.h.l.p.e.i.LoadQueryJoinAndFetchProcessor - processing queryspace <gen:0>
03:44:47.908 [main] DEBUG o.h.l.p.b.spi.LoadPlanTreePrinter - LoadPlan(entity=edu.ncsu.csc.itrust2.models.persistent.BasicHealthMetrics)
    - Returns
       - EntityReturnImpl(entity=edu.ncsu.csc.itrust2.models.persistent.BasicHealthMetrics, querySpaceUid=<gen:0>, path=edu.ncsu.csc.itrust2.models.persistent.BasicHealthMetrics)
          - EntityAttributeFetchImpl(entity=edu.ncsu.csc.itrust2.models.persistent.User, querySpaceUid=<gen:1>, path=edu.ncsu.csc.itrust2.models.persistent.BasicHealthMetrics.hcp)
          - EntityAttributeFetchImpl(entity=edu.ncsu.csc.itrust2.models.persistent.User, querySpaceUid=<gen:2>, path=edu.ncsu.csc.itrust2.models.persistent.BasicHealthMetrics.patient)
    - QuerySpaces
       - EntityQuerySpaceImpl(uid=<gen:0>, entity=edu.ncsu.csc.itrust2.models.persistent.BasicHealthMetrics)
          - SQL table alias mapping - basichealt0_
          - alias suffix - 0_
          - suffixed key columns - {id1_1_0_}

03:44:47.908 [main] DEBUG o.h.loader.entity.plan.EntityLoader - Static select for entity edu.ncsu.csc.itrust2.models.persistent.BasicHealthMetrics [UPGRADE_NOWAIT]: select basichealt0_.id as id1_1_0_, basichealt0_.diastolic as diastoli2_1_0_, basichealt0_.hcp_id as hcp_id12_1_0_, basichealt0_.hdl as hdl3_1_0_, basichealt0_.headCircumference as headCirc4_1_0_, basichealt0_.height as height5_1_0_, basichealt0_.houseSmokingStatus as houseSmo6_1_0_, basichealt0_.ldl as ldl7_1_0_, basichealt0_.patient_id as patient13_1_0_, basichealt0_.patientSmokingStatus as patientS8_1_0_, basichealt0_.systolic as systolic9_1_0_, basichealt0_.tri as tri10_1_0_, basichealt0_.weight as weight11_1_0_ from BasicHealthMetrics basichealt0_ where basichealt0_.id=? for update
03:44:47.908 [main] DEBUG o.h.l.p.b.i.spaces.QuerySpacesImpl - Adding QuerySpace : uid = <gen:0> -> org.hibernate.loader.plan.build.internal.spaces.EntityQuerySpaceImpl@793de73f]
03:44:47.908 [main] DEBUG o.h.p.w.spi.MetamodelGraphWalker - Visiting attribute path : diastolic
03:44:47.908 [main] DEBUG o.h.p.w.spi.MetamodelGraphWalker - Visiting attribute path : hcp
03:44:47.908 [main] DEBUG o.h.l.p.b.i.spaces.QuerySpacesImpl - Adding QuerySpace : uid = <gen:1> -> org.hibernate.loader.plan.build.internal.spaces.EntityQuerySpaceImpl@7e84a611]
03:44:47.908 [main] DEBUG o.h.p.w.spi.MetamodelGraphWalker - Visiting attribute path : hdl
03:44:47.908 [main] DEBUG o.h.p.w.spi.MetamodelGraphWalker - Visiting attribute path : headCircumference
03:44:47.908 [main] DEBUG o.h.p.w.spi.MetamodelGraphWalker - Visiting attribute path : height
03:44:47.908 [main] DEBUG o.h.p.w.spi.MetamodelGraphWalker - Visiting attribute path : houseSmokingStatus
03:44:47.908 [main] DEBUG o.h.p.w.spi.MetamodelGraphWalker - Visiting attribute path : ldl
03:44:47.908 [main] DEBUG o.h.p.w.spi.MetamodelGraphWalker - Visiting attribute path : patient
03:44:47.908 [main] DEBUG o.h.l.p.b.i.spaces.QuerySpacesImpl - Adding QuerySpace : uid = <gen:2> -> org.hibernate.loader.plan.build.internal.spaces.EntityQuerySpaceImpl@5a9da49b]
03:44:47.908 [main] DEBUG o.h.p.w.spi.MetamodelGraphWalker - Visiting attribute path : patientSmokingStatus
03:44:47.908 [main] DEBUG o.h.p.w.spi.MetamodelGraphWalker - Visiting attribute path : systolic
03:44:47.908 [main] DEBUG o.h.p.w.spi.MetamodelGraphWalker - Visiting attribute path : tri
03:44:47.908 [main] DEBUG o.h.p.w.spi.MetamodelGraphWalker - Visiting attribute path : weight
03:44:47.908 [main] DEBUG o.h.l.p.b.i.FetchStyleLoadPlanBuildingAssociationVisitationStrategy - Building LoadPlan...
03:44:47.909 [main] DEBUG o.h.l.p.e.i.LoadQueryJoinAndFetchProcessor - processing queryspace <gen:0>
03:44:47.909 [main] DEBUG o.h.l.p.b.spi.LoadPlanTreePrinter - LoadPlan(entity=edu.ncsu.csc.itrust2.models.persistent.BasicHealthMetrics)
    - Returns
       - EntityReturnImpl(entity=edu.ncsu.csc.itrust2.models.persistent.BasicHealthMetrics, querySpaceUid=<gen:0>, path=edu.ncsu.csc.itrust2.models.persistent.BasicHealthMetrics)
          - EntityAttributeFetchImpl(entity=edu.ncsu.csc.itrust2.models.persistent.User, querySpaceUid=<gen:1>, path=edu.ncsu.csc.itrust2.models.persistent.BasicHealthMetrics.hcp)
          - EntityAttributeFetchImpl(entity=edu.ncsu.csc.itrust2.models.persistent.User, querySpaceUid=<gen:2>, path=edu.ncsu.csc.itrust2.models.persistent.BasicHealthMetrics.patient)
    - QuerySpaces
       - EntityQuerySpaceImpl(uid=<gen:0>, entity=edu.ncsu.csc.itrust2.models.persistent.BasicHealthMetrics)
          - SQL table alias mapping - basichealt0_
          - alias suffix - 0_
          - suffixed key columns - {id1_1_0_}

03:44:47.909 [main] DEBUG o.h.loader.entity.plan.EntityLoader - Static select for entity edu.ncsu.csc.itrust2.models.persistent.BasicHealthMetrics [UPGRADE_SKIPLOCKED]: select basichealt0_.id as id1_1_0_, basichealt0_.diastolic as diastoli2_1_0_, basichealt0_.hcp_id as hcp_id12_1_0_, basichealt0_.hdl as hdl3_1_0_, basichealt0_.headCircumference as headCirc4_1_0_, basichealt0_.height as height5_1_0_, basichealt0_.houseSmokingStatus as houseSmo6_1_0_, basichealt0_.ldl as ldl7_1_0_, basichealt0_.patient_id as patient13_1_0_, basichealt0_.patientSmokingStatus as patientS8_1_0_, basichealt0_.systolic as systolic9_1_0_, basichealt0_.tri as tri10_1_0_, basichealt0_.weight as weight11_1_0_ from BasicHealthMetrics basichealt0_ where basichealt0_.id=? for update
03:44:47.909 [main] DEBUG o.h.l.p.b.i.spaces.QuerySpacesImpl - Adding QuerySpace : uid = <gen:0> -> org.hibernate.loader.plan.build.internal.spaces.EntityQuerySpaceImpl@4c0fa4e8]
03:44:47.909 [main] DEBUG o.h.p.w.spi.MetamodelGraphWalker - Visiting attribute path : diastolic
03:44:47.909 [main] DEBUG o.h.p.w.spi.MetamodelGraphWalker - Visiting attribute path : hcp
03:44:47.909 [main] DEBUG o.h.l.p.b.i.spaces.QuerySpacesImpl - Adding QuerySpace : uid = <gen:1> -> org.hibernate.loader.plan.build.internal.spaces.EntityQuerySpaceImpl@766b346f]
03:44:47.909 [main] DEBUG o.h.p.w.spi.MetamodelGraphWalker - Visiting attribute path : hdl
03:44:47.909 [main] DEBUG o.h.p.w.spi.MetamodelGraphWalker - Visiting attribute path : headCircumference
03:44:47.909 [main] DEBUG o.h.p.w.spi.MetamodelGraphWalker - Visiting attribute path : height
03:44:47.909 [main] DEBUG o.h.p.w.spi.MetamodelGraphWalker - Visiting attribute path : houseSmokingStatus
03:44:47.909 [main] DEBUG o.h.p.w.spi.MetamodelGraphWalker - Visiting attribute path : ldl
03:44:47.909 [main] DEBUG o.h.p.w.spi.MetamodelGraphWalker - Visiting attribute path : patient
03:44:47.909 [main] DEBUG o.h.l.p.b.i.spaces.QuerySpacesImpl - Adding QuerySpace : uid = <gen:2> -> org.hibernate.loader.plan.build.internal.spaces.EntityQuerySpaceImpl@41e5ef45]
03:44:47.909 [main] DEBUG o.h.p.w.spi.MetamodelGraphWalker - Visiting attribute path : patientSmokingStatus
03:44:47.909 [main] DEBUG o.h.p.w.spi.MetamodelGraphWalker - Visiting attribute path : systolic
03:44:47.910 [main] DEBUG o.h.p.w.spi.MetamodelGraphWalker - Visiting attribute path : tri
03:44:47.910 [main] DEBUG o.h.p.w.spi.MetamodelGraphWalker - Visiting attribute path : weight
03:44:47.910 [main] DEBUG o.h.l.p.b.i.FetchStyleLoadPlanBuildingAssociationVisitationStrategy - Building LoadPlan...
03:44:47.910 [main] DEBUG o.h.l.p.e.i.LoadQueryJoinAndFetchProcessor - processing queryspace <gen:0>
03:44:47.910 [main] DEBUG o.h.l.p.b.spi.LoadPlanTreePrinter - LoadPlan(entity=edu.ncsu.csc.itrust2.models.persistent.BasicHealthMetrics)
    - Returns
       - EntityReturnImpl(entity=edu.ncsu.csc.itrust2.models.persistent.BasicHealthMetrics, querySpaceUid=<gen:0>, path=edu.ncsu.csc.itrust2.models.persistent.BasicHealthMetrics)
          - EntityAttributeFetchImpl(entity=edu.ncsu.csc.itrust2.models.persistent.User, querySpaceUid=<gen:1>, path=edu.ncsu.csc.itrust2.models.persistent.BasicHealthMetrics.hcp)
          - EntityAttributeFetchImpl(entity=edu.ncsu.csc.itrust2.models.persistent.User, querySpaceUid=<gen:2>, path=edu.ncsu.csc.itrust2.models.persistent.BasicHealthMetrics.patient)
    - QuerySpaces
       - EntityQuerySpaceImpl(uid=<gen:0>, entity=edu.ncsu.csc.itrust2.models.persistent.BasicHealthMetrics)
          - SQL table alias mapping - basichealt0_
          - alias suffix - 0_
          - suffixed key columns - {id1_1_0_}

03:44:47.910 [main] DEBUG o.h.loader.entity.plan.EntityLoader - Static select for entity edu.ncsu.csc.itrust2.models.persistent.BasicHealthMetrics [FORCE]: select basichealt0_.id as id1_1_0_, basichealt0_.diastolic as diastoli2_1_0_, basichealt0_.hcp_id as hcp_id12_1_0_, basichealt0_.hdl as hdl3_1_0_, basichealt0_.headCircumference as headCirc4_1_0_, basichealt0_.height as height5_1_0_, basichealt0_.houseSmokingStatus as houseSmo6_1_0_, basichealt0_.ldl as ldl7_1_0_, basichealt0_.patient_id as patient13_1_0_, basichealt0_.patientSmokingStatus as patientS8_1_0_, basichealt0_.systolic as systolic9_1_0_, basichealt0_.tri as tri10_1_0_, basichealt0_.weight as weight11_1_0_ from BasicHealthMetrics basichealt0_ where basichealt0_.id=? for update
03:44:47.910 [main] DEBUG o.h.l.p.b.i.spaces.QuerySpacesImpl - Adding QuerySpace : uid = <gen:0> -> org.hibernate.loader.plan.build.internal.spaces.EntityQuerySpaceImpl@70fc3b75]
03:44:47.910 [main] DEBUG o.h.p.w.spi.MetamodelGraphWalker - Visiting attribute path : diastolic
03:44:47.910 [main] DEBUG o.h.p.w.spi.MetamodelGraphWalker - Visiting attribute path : hcp
03:44:47.910 [main] DEBUG o.h.l.p.b.i.spaces.QuerySpacesImpl - Adding QuerySpace : uid = <gen:1> -> org.hibernate.loader.plan.build.internal.spaces.EntityQuerySpaceImpl@57484e17]
03:44:47.910 [main] DEBUG o.h.p.w.spi.MetamodelGraphWalker - Visiting attribute path : hdl
03:44:47.910 [main] DEBUG o.h.p.w.spi.MetamodelGraphWalker - Visiting attribute path : headCircumference
03:44:47.910 [main] DEBUG o.h.p.w.spi.MetamodelGraphWalker - Visiting attribute path : height
03:44:47.910 [main] DEBUG o.h.p.w.spi.MetamodelGraphWalker - Visiting attribute path : houseSmokingStatus
03:44:47.910 [main] DEBUG o.h.p.w.spi.MetamodelGraphWalker - Visiting attribute path : ldl
03:44:47.911 [main] DEBUG o.h.p.w.spi.MetamodelGraphWalker - Visiting attribute path : patient
03:44:47.911 [main] DEBUG o.h.l.p.b.i.spaces.QuerySpacesImpl - Adding QuerySpace : uid = <gen:2> -> org.hibernate.loader.plan.build.internal.spaces.EntityQuerySpaceImpl@39390c7c]
03:44:47.911 [main] DEBUG o.h.p.w.spi.MetamodelGraphWalker - Visiting attribute path : patientSmokingStatus
03:44:47.911 [main] DEBUG o.h.p.w.spi.MetamodelGraphWalker - Visiting attribute path : systolic
03:44:47.911 [main] DEBUG o.h.p.w.spi.MetamodelGraphWalker - Visiting attribute path : tri
03:44:47.911 [main] DEBUG o.h.p.w.spi.MetamodelGraphWalker - Visiting attribute path : weight
03:44:47.911 [main] DEBUG o.h.l.p.b.i.FetchStyleLoadPlanBuildingAssociationVisitationStrategy - Building LoadPlan...
03:44:47.911 [main] DEBUG o.h.l.p.e.i.LoadQueryJoinAndFetchProcessor - processing queryspace <gen:0>
03:44:47.916 [main] DEBUG o.h.l.p.b.spi.LoadPlanTreePrinter - LoadPlan(entity=edu.ncsu.csc.itrust2.models.persistent.BasicHealthMetrics)
    - Returns
       - EntityReturnImpl(entity=edu.ncsu.csc.itrust2.models.persistent.BasicHealthMetrics, querySpaceUid=<gen:0>, path=edu.ncsu.csc.itrust2.models.persistent.BasicHealthMetrics)
          - EntityAttributeFetchImpl(entity=edu.ncsu.csc.itrust2.models.persistent.User, querySpaceUid=<gen:1>, path=edu.ncsu.csc.itrust2.models.persistent.BasicHealthMetrics.hcp)
          - EntityAttributeFetchImpl(entity=edu.ncsu.csc.itrust2.models.persistent.User, querySpaceUid=<gen:2>, path=edu.ncsu.csc.itrust2.models.persistent.BasicHealthMetrics.patient)
    - QuerySpaces
       - EntityQuerySpaceImpl(uid=<gen:0>, entity=edu.ncsu.csc.itrust2.models.persistent.BasicHealthMetrics)
          - SQL table alias mapping - basichealt0_
          - alias suffix - 0_
          - suffixed key columns - {id1_1_0_}

03:44:47.916 [main] DEBUG o.h.loader.entity.plan.EntityLoader - Static select for entity edu.ncsu.csc.itrust2.models.persistent.BasicHealthMetrics [PESSIMISTIC_READ]: select basichealt0_.id as id1_1_0_, basichealt0_.diastolic as diastoli2_1_0_, basichealt0_.hcp_id as hcp_id12_1_0_, basichealt0_.hdl as hdl3_1_0_, basichealt0_.headCircumference as headCirc4_1_0_, basichealt0_.height as height5_1_0_, basichealt0_.houseSmokingStatus as houseSmo6_1_0_, basichealt0_.ldl as ldl7_1_0_, basichealt0_.patient_id as patient13_1_0_, basichealt0_.patientSmokingStatus as patientS8_1_0_, basichealt0_.systolic as systolic9_1_0_, basichealt0_.tri as tri10_1_0_, basichealt0_.weight as weight11_1_0_ from BasicHealthMetrics basichealt0_ where basichealt0_.id=? lock in share mode
03:44:47.916 [main] DEBUG o.h.l.p.b.i.spaces.QuerySpacesImpl - Adding QuerySpace : uid = <gen:0> -> org.hibernate.loader.plan.build.internal.spaces.EntityQuerySpaceImpl@280fbfbd]
03:44:47.917 [main] DEBUG o.h.p.w.spi.MetamodelGraphWalker - Visiting attribute path : diastolic
03:44:47.917 [main] DEBUG o.h.p.w.spi.MetamodelGraphWalker - Visiting attribute path : hcp
03:44:47.917 [main] DEBUG o.h.l.p.b.i.spaces.QuerySpacesImpl - Adding QuerySpace : uid = <gen:1> -> org.hibernate.loader.plan.build.internal.spaces.EntityQuerySpaceImpl@3ba23ae0]
03:44:47.917 [main] DEBUG o.h.p.w.spi.MetamodelGraphWalker - Visiting attribute path : hdl
03:44:47.917 [main] DEBUG o.h.p.w.spi.MetamodelGraphWalker - Visiting attribute path : headCircumference
03:44:47.917 [main] DEBUG o.h.p.w.spi.MetamodelGraphWalker - Visiting attribute path : height
03:44:47.917 [main] DEBUG o.h.p.w.spi.MetamodelGraphWalker - Visiting attribute path : houseSmokingStatus
03:44:47.917 [main] DEBUG o.h.p.w.spi.MetamodelGraphWalker - Visiting attribute path : ldl
03:44:47.917 [main] DEBUG o.h.p.w.spi.MetamodelGraphWalker - Visiting attribute path : patient
03:44:47.918 [main] DEBUG o.h.l.p.b.i.spaces.QuerySpacesImpl - Adding QuerySpace : uid = <gen:2> -> org.hibernate.loader.plan.build.internal.spaces.EntityQuerySpaceImpl@4a099b04]
03:44:47.919 [main] DEBUG o.h.p.w.spi.MetamodelGraphWalker - Visiting attribute path : patientSmokingStatus
03:44:47.919 [main] DEBUG o.h.p.w.spi.MetamodelGraphWalker - Visiting attribute path : systolic
03:44:47.919 [main] DEBUG o.h.p.w.spi.MetamodelGraphWalker - Visiting attribute path : tri
03:44:47.919 [main] DEBUG o.h.p.w.spi.MetamodelGraphWalker - Visiting attribute path : weight
03:44:47.919 [main] DEBUG o.h.l.p.b.i.FetchStyleLoadPlanBuildingAssociationVisitationStrategy - Building LoadPlan...
03:44:47.919 [main] DEBUG o.h.l.p.e.i.LoadQueryJoinAndFetchProcessor - processing queryspace <gen:0>
03:44:47.919 [main] DEBUG o.h.l.p.b.spi.LoadPlanTreePrinter - LoadPlan(entity=edu.ncsu.csc.itrust2.models.persistent.BasicHealthMetrics)
    - Returns
       - EntityReturnImpl(entity=edu.ncsu.csc.itrust2.models.persistent.BasicHealthMetrics, querySpaceUid=<gen:0>, path=edu.ncsu.csc.itrust2.models.persistent.BasicHealthMetrics)
          - EntityAttributeFetchImpl(entity=edu.ncsu.csc.itrust2.models.persistent.User, querySpaceUid=<gen:1>, path=edu.ncsu.csc.itrust2.models.persistent.BasicHealthMetrics.hcp)
          - EntityAttributeFetchImpl(entity=edu.ncsu.csc.itrust2.models.persistent.User, querySpaceUid=<gen:2>, path=edu.ncsu.csc.itrust2.models.persistent.BasicHealthMetrics.patient)
    - QuerySpaces
       - EntityQuerySpaceImpl(uid=<gen:0>, entity=edu.ncsu.csc.itrust2.models.persistent.BasicHealthMetrics)
          - SQL table alias mapping - basichealt0_
          - alias suffix - 0_
          - suffixed key columns - {id1_1_0_}

03:44:47.920 [main] DEBUG o.h.loader.entity.plan.EntityLoader - Static select for entity edu.ncsu.csc.itrust2.models.persistent.BasicHealthMetrics [PESSIMISTIC_WRITE]: select basichealt0_.id as id1_1_0_, basichealt0_.diastolic as diastoli2_1_0_, basichealt0_.hcp_id as hcp_id12_1_0_, basichealt0_.hdl as hdl3_1_0_, basichealt0_.headCircumference as headCirc4_1_0_, basichealt0_.height as height5_1_0_, basichealt0_.houseSmokingStatus as houseSmo6_1_0_, basichealt0_.ldl as ldl7_1_0_, basichealt0_.patient_id as patient13_1_0_, basichealt0_.patientSmokingStatus as patientS8_1_0_, basichealt0_.systolic as systolic9_1_0_, basichealt0_.tri as tri10_1_0_, basichealt0_.weight as weight11_1_0_ from BasicHealthMetrics basichealt0_ where basichealt0_.id=? for update
03:44:47.920 [main] DEBUG o.h.l.p.b.i.spaces.QuerySpacesImpl - Adding QuerySpace : uid = <gen:0> -> org.hibernate.loader.plan.build.internal.spaces.EntityQuerySpaceImpl@1fae37af]
03:44:47.920 [main] DEBUG o.h.p.w.spi.MetamodelGraphWalker - Visiting attribute path : diastolic
03:44:47.920 [main] DEBUG o.h.p.w.spi.MetamodelGraphWalker - Visiting attribute path : hcp
03:44:47.920 [main] DEBUG o.h.l.p.b.i.spaces.QuerySpacesImpl - Adding QuerySpace : uid = <gen:1> -> org.hibernate.loader.plan.build.internal.spaces.EntityQuerySpaceImpl@64a1027e]
03:44:47.920 [main] DEBUG o.h.p.w.spi.MetamodelGraphWalker - Visiting attribute path : hdl
03:44:47.920 [main] DEBUG o.h.p.w.spi.MetamodelGraphWalker - Visiting attribute path : headCircumference
03:44:47.921 [main] DEBUG o.h.p.w.spi.MetamodelGraphWalker - Visiting attribute path : height
03:44:47.921 [main] DEBUG o.h.p.w.spi.MetamodelGraphWalker - Visiting attribute path : houseSmokingStatus
03:44:47.921 [main] DEBUG o.h.p.w.spi.MetamodelGraphWalker - Visiting attribute path : ldl
03:44:47.921 [main] DEBUG o.h.p.w.spi.MetamodelGraphWalker - Visiting attribute path : patient
03:44:47.921 [main] DEBUG o.h.l.p.b.i.spaces.QuerySpacesImpl - Adding QuerySpace : uid = <gen:2> -> org.hibernate.loader.plan.build.internal.spaces.EntityQuerySpaceImpl@62767455]
03:44:47.921 [main] DEBUG o.h.p.w.spi.MetamodelGraphWalker - Visiting attribute path : patientSmokingStatus
03:44:47.923 [main] DEBUG o.h.p.w.spi.MetamodelGraphWalker - Visiting attribute path : systolic
03:44:47.923 [main] DEBUG o.h.p.w.spi.MetamodelGraphWalker - Visiting attribute path : tri
03:44:47.923 [main] DEBUG o.h.p.w.spi.MetamodelGraphWalker - Visiting attribute path : weight
03:44:47.924 [main] DEBUG o.h.l.p.b.i.FetchStyleLoadPlanBuildingAssociationVisitationStrategy - Building LoadPlan...
03:44:47.924 [main] DEBUG o.h.l.p.e.i.LoadQueryJoinAndFetchProcessor - processing queryspace <gen:0>
03:44:47.924 [main] DEBUG o.h.l.p.b.spi.LoadPlanTreePrinter - LoadPlan(entity=edu.ncsu.csc.itrust2.models.persistent.BasicHealthMetrics)
    - Returns
       - EntityReturnImpl(entity=edu.ncsu.csc.itrust2.models.persistent.BasicHealthMetrics, querySpaceUid=<gen:0>, path=edu.ncsu.csc.itrust2.models.persistent.BasicHealthMetrics)
          - EntityAttributeFetchImpl(entity=edu.ncsu.csc.itrust2.models.persistent.User, querySpaceUid=<gen:1>, path=edu.ncsu.csc.itrust2.models.persistent.BasicHealthMetrics.hcp)
          - EntityAttributeFetchImpl(entity=edu.ncsu.csc.itrust2.models.persistent.User, querySpaceUid=<gen:2>, path=edu.ncsu.csc.itrust2.models.persistent.BasicHealthMetrics.patient)
    - QuerySpaces
       - EntityQuerySpaceImpl(uid=<gen:0>, entity=edu.ncsu.csc.itrust2.models.persistent.BasicHealthMetrics)
          - SQL table alias mapping - basichealt0_
          - alias suffix - 0_
          - suffixed key columns - {id1_1_0_}

03:44:47.924 [main] DEBUG o.h.loader.entity.plan.EntityLoader - Static select for entity edu.ncsu.csc.itrust2.models.persistent.BasicHealthMetrics [PESSIMISTIC_FORCE_INCREMENT]: select basichealt0_.id as id1_1_0_, basichealt0_.diastolic as diastoli2_1_0_, basichealt0_.hcp_id as hcp_id12_1_0_, basichealt0_.hdl as hdl3_1_0_, basichealt0_.headCircumference as headCirc4_1_0_, basichealt0_.height as height5_1_0_, basichealt0_.houseSmokingStatus as houseSmo6_1_0_, basichealt0_.ldl as ldl7_1_0_, basichealt0_.patient_id as patient13_1_0_, basichealt0_.patientSmokingStatus as patientS8_1_0_, basichealt0_.systolic as systolic9_1_0_, basichealt0_.tri as tri10_1_0_, basichealt0_.weight as weight11_1_0_ from BasicHealthMetrics basichealt0_ where basichealt0_.id=? for update
03:44:47.924 [main] DEBUG o.h.l.p.b.i.spaces.QuerySpacesImpl - Adding QuerySpace : uid = <gen:0> -> org.hibernate.loader.plan.build.internal.spaces.EntityQuerySpaceImpl@c0b34fb]
03:44:47.925 [main] DEBUG o.h.p.w.spi.MetamodelGraphWalker - Visiting attribute path : diastolic
03:44:47.925 [main] DEBUG o.h.p.w.spi.MetamodelGraphWalker - Visiting attribute path : hcp
03:44:47.925 [main] DEBUG o.h.l.p.b.i.spaces.QuerySpacesImpl - Adding QuerySpace : uid = <gen:1> -> org.hibernate.loader.plan.build.internal.spaces.EntityQuerySpaceImpl@5cb4229c]
03:44:47.925 [main] DEBUG o.h.p.w.spi.MetamodelGraphWalker - Visiting attribute path : hdl
03:44:47.925 [main] DEBUG o.h.p.w.spi.MetamodelGraphWalker - Visiting attribute path : headCircumference
03:44:47.925 [main] DEBUG o.h.p.w.spi.MetamodelGraphWalker - Visiting attribute path : height
03:44:47.925 [main] DEBUG o.h.p.w.spi.MetamodelGraphWalker - Visiting attribute path : houseSmokingStatus
03:44:47.925 [main] DEBUG o.h.p.w.spi.MetamodelGraphWalker - Visiting attribute path : ldl
03:44:47.925 [main] DEBUG o.h.p.w.spi.MetamodelGraphWalker - Visiting attribute path : patient
03:44:47.925 [main] DEBUG o.h.l.p.b.i.spaces.QuerySpacesImpl - Adding QuerySpace : uid = <gen:2> -> org.hibernate.loader.plan.build.internal.spaces.EntityQuerySpaceImpl@d313183]
03:44:47.925 [main] DEBUG o.h.p.w.spi.MetamodelGraphWalker - Visiting attribute path : patientSmokingStatus
03:44:47.925 [main] DEBUG o.h.p.w.spi.MetamodelGraphWalker - Visiting attribute path : systolic
03:44:47.925 [main] DEBUG o.h.p.w.spi.MetamodelGraphWalker - Visiting attribute path : tri
03:44:47.925 [main] DEBUG o.h.p.w.spi.MetamodelGraphWalker - Visiting attribute path : weight
03:44:47.925 [main] DEBUG o.h.l.p.b.i.FetchStyleLoadPlanBuildingAssociationVisitationStrategy - Building LoadPlan...
03:44:47.925 [main] DEBUG o.h.l.p.e.i.LoadQueryJoinAndFetchProcessor - processing queryspace <gen:0>
03:44:47.926 [main] DEBUG o.h.l.p.b.spi.LoadPlanTreePrinter - LoadPlan(entity=edu.ncsu.csc.itrust2.models.persistent.BasicHealthMetrics)
    - Returns
       - EntityReturnImpl(entity=edu.ncsu.csc.itrust2.models.persistent.BasicHealthMetrics, querySpaceUid=<gen:0>, path=edu.ncsu.csc.itrust2.models.persistent.BasicHealthMetrics)
          - EntityAttributeFetchImpl(entity=edu.ncsu.csc.itrust2.models.persistent.User, querySpaceUid=<gen:1>, path=edu.ncsu.csc.itrust2.models.persistent.BasicHealthMetrics.hcp)
          - EntityAttributeFetchImpl(entity=edu.ncsu.csc.itrust2.models.persistent.User, querySpaceUid=<gen:2>, path=edu.ncsu.csc.itrust2.models.persistent.BasicHealthMetrics.patient)
    - QuerySpaces
       - EntityQuerySpaceImpl(uid=<gen:0>, entity=edu.ncsu.csc.itrust2.models.persistent.BasicHealthMetrics)
          - SQL table alias mapping - basichealt0_
          - alias suffix - 0_
          - suffixed key columns - {id1_1_0_}

03:44:47.926 [main] DEBUG o.h.loader.entity.plan.EntityLoader - Static select for entity edu.ncsu.csc.itrust2.models.persistent.BasicHealthMetrics [OPTIMISTIC]: select basichealt0_.id as id1_1_0_, basichealt0_.diastolic as diastoli2_1_0_, basichealt0_.hcp_id as hcp_id12_1_0_, basichealt0_.hdl as hdl3_1_0_, basichealt0_.headCircumference as headCirc4_1_0_, basichealt0_.height as height5_1_0_, basichealt0_.houseSmokingStatus as houseSmo6_1_0_, basichealt0_.ldl as ldl7_1_0_, basichealt0_.patient_id as patient13_1_0_, basichealt0_.patientSmokingStatus as patientS8_1_0_, basichealt0_.systolic as systolic9_1_0_, basichealt0_.tri as tri10_1_0_, basichealt0_.weight as weight11_1_0_ from BasicHealthMetrics basichealt0_ where basichealt0_.id=?
03:44:47.926 [main] DEBUG o.h.l.p.b.i.spaces.QuerySpacesImpl - Adding QuerySpace : uid = <gen:0> -> org.hibernate.loader.plan.build.internal.spaces.EntityQuerySpaceImpl@58486032]
03:44:47.926 [main] DEBUG o.h.p.w.spi.MetamodelGraphWalker - Visiting attribute path : diastolic
03:44:47.926 [main] DEBUG o.h.p.w.spi.MetamodelGraphWalker - Visiting attribute path : hcp
03:44:47.926 [main] DEBUG o.h.l.p.b.i.spaces.QuerySpacesImpl - Adding QuerySpace : uid = <gen:1> -> org.hibernate.loader.plan.build.internal.spaces.EntityQuerySpaceImpl@463cc818]
03:44:47.926 [main] DEBUG o.h.p.w.spi.MetamodelGraphWalker - Visiting attribute path : hdl
03:44:47.926 [main] DEBUG o.h.p.w.spi.MetamodelGraphWalker - Visiting attribute path : headCircumference
03:44:47.926 [main] DEBUG o.h.p.w.spi.MetamodelGraphWalker - Visiting attribute path : height
03:44:47.926 [main] DEBUG o.h.p.w.spi.MetamodelGraphWalker - Visiting attribute path : houseSmokingStatus
03:44:47.926 [main] DEBUG o.h.p.w.spi.MetamodelGraphWalker - Visiting attribute path : ldl
03:44:47.926 [main] DEBUG o.h.p.w.spi.MetamodelGraphWalker - Visiting attribute path : patient
03:44:47.926 [main] DEBUG o.h.l.p.b.i.spaces.QuerySpacesImpl - Adding QuerySpace : uid = <gen:2> -> org.hibernate.loader.plan.build.internal.spaces.EntityQuerySpaceImpl@42855475]
03:44:47.926 [main] DEBUG o.h.p.w.spi.MetamodelGraphWalker - Visiting attribute path : patientSmokingStatus
03:44:47.926 [main] DEBUG o.h.p.w.spi.MetamodelGraphWalker - Visiting attribute path : systolic
03:44:47.926 [main] DEBUG o.h.p.w.spi.MetamodelGraphWalker - Visiting attribute path : tri
03:44:47.926 [main] DEBUG o.h.p.w.spi.MetamodelGraphWalker - Visiting attribute path : weight
03:44:47.926 [main] DEBUG o.h.l.p.b.i.FetchStyleLoadPlanBuildingAssociationVisitationStrategy - Building LoadPlan...
03:44:47.927 [main] DEBUG o.h.l.p.e.i.LoadQueryJoinAndFetchProcessor - processing queryspace <gen:0>
03:44:47.927 [main] DEBUG o.h.l.p.b.spi.LoadPlanTreePrinter - LoadPlan(entity=edu.ncsu.csc.itrust2.models.persistent.BasicHealthMetrics)
    - Returns
       - EntityReturnImpl(entity=edu.ncsu.csc.itrust2.models.persistent.BasicHealthMetrics, querySpaceUid=<gen:0>, path=edu.ncsu.csc.itrust2.models.persistent.BasicHealthMetrics)
          - EntityAttributeFetchImpl(entity=edu.ncsu.csc.itrust2.models.persistent.User, querySpaceUid=<gen:1>, path=edu.ncsu.csc.itrust2.models.persistent.BasicHealthMetrics.hcp)
          - EntityAttributeFetchImpl(entity=edu.ncsu.csc.itrust2.models.persistent.User, querySpaceUid=<gen:2>, path=edu.ncsu.csc.itrust2.models.persistent.BasicHealthMetrics.patient)
    - QuerySpaces
       - EntityQuerySpaceImpl(uid=<gen:0>, entity=edu.ncsu.csc.itrust2.models.persistent.BasicHealthMetrics)
          - SQL table alias mapping - basichealt0_
          - alias suffix - 0_
          - suffixed key columns - {id1_1_0_}

03:44:47.927 [main] DEBUG o.h.loader.entity.plan.EntityLoader - Static select for entity edu.ncsu.csc.itrust2.models.persistent.BasicHealthMetrics [OPTIMISTIC_FORCE_INCREMENT]: select basichealt0_.id as id1_1_0_, basichealt0_.diastolic as diastoli2_1_0_, basichealt0_.hcp_id as hcp_id12_1_0_, basichealt0_.hdl as hdl3_1_0_, basichealt0_.headCircumference as headCirc4_1_0_, basichealt0_.height as height5_1_0_, basichealt0_.houseSmokingStatus as houseSmo6_1_0_, basichealt0_.ldl as ldl7_1_0_, basichealt0_.patient_id as patient13_1_0_, basichealt0_.patientSmokingStatus as patientS8_1_0_, basichealt0_.systolic as systolic9_1_0_, basichealt0_.tri as tri10_1_0_, basichealt0_.weight as weight11_1_0_ from BasicHealthMetrics basichealt0_ where basichealt0_.id=?
03:44:47.927 [main] DEBUG org.hibernate.loader.Loader - Static select for action ACTION_MERGE on entity edu.ncsu.csc.itrust2.models.persistent.BasicHealthMetrics: select basichealt0_.id as id1_1_0_, basichealt0_.diastolic as diastoli2_1_0_, basichealt0_.hcp_id as hcp_id12_1_0_, basichealt0_.hdl as hdl3_1_0_, basichealt0_.headCircumference as headCirc4_1_0_, basichealt0_.height as height5_1_0_, basichealt0_.houseSmokingStatus as houseSmo6_1_0_, basichealt0_.ldl as ldl7_1_0_, basichealt0_.patient_id as patient13_1_0_, basichealt0_.patientSmokingStatus as patientS8_1_0_, basichealt0_.systolic as systolic9_1_0_, basichealt0_.tri as tri10_1_0_, basichealt0_.weight as weight11_1_0_ from BasicHealthMetrics basichealt0_ where basichealt0_.id=?
03:44:47.927 [main] DEBUG org.hibernate.loader.Loader - Static select for action ACTION_REFRESH on entity edu.ncsu.csc.itrust2.models.persistent.BasicHealthMetrics: select basichealt0_.id as id1_1_0_, basichealt0_.diastolic as diastoli2_1_0_, basichealt0_.hcp_id as hcp_id12_1_0_, basichealt0_.hdl as hdl3_1_0_, basichealt0_.headCircumference as headCirc4_1_0_, basichealt0_.height as height5_1_0_, basichealt0_.houseSmokingStatus as houseSmo6_1_0_, basichealt0_.ldl as ldl7_1_0_, basichealt0_.patient_id as patient13_1_0_, basichealt0_.patientSmokingStatus as patientS8_1_0_, basichealt0_.systolic as systolic9_1_0_, basichealt0_.tri as tri10_1_0_, basichealt0_.weight as weight11_1_0_ from BasicHealthMetrics basichealt0_ where basichealt0_.id=?
03:44:47.928 [main] DEBUG o.h.p.entity.AbstractEntityPersister - Static SQL for entity: edu.ncsu.csc.itrust2.models.persistent.LoginAttempt
03:44:47.928 [main] DEBUG o.h.p.entity.AbstractEntityPersister -  Version select: select id from LoginAttempts where id =?
03:44:47.928 [main] DEBUG o.h.p.entity.AbstractEntityPersister -  Snapshot select: select loginattem_.id, loginattem_.ip as ip2_7_, loginattem_.time as time3_7_, loginattem_.user_id as user_id4_7_ from LoginAttempts loginattem_ where loginattem_.id=?
03:44:47.928 [main] DEBUG o.h.p.entity.AbstractEntityPersister -  Insert 0: insert into LoginAttempts (ip, time, user_id, id) values (?, ?, ?, ?)
03:44:47.928 [main] DEBUG o.h.p.entity.AbstractEntityPersister -  Update 0: update LoginAttempts set ip=?, time=?, user_id=? where id=?
03:44:47.928 [main] DEBUG o.h.p.entity.AbstractEntityPersister -  Delete 0: delete from LoginAttempts where id=?
03:44:47.928 [main] DEBUG o.h.l.p.b.i.spaces.QuerySpacesImpl - Adding QuerySpace : uid = <gen:0> -> org.hibernate.loader.plan.build.internal.spaces.EntityQuerySpaceImpl@59d7e5e7]
03:44:47.928 [main] DEBUG o.h.p.w.spi.MetamodelGraphWalker - Visiting attribute path : ip
03:44:47.928 [main] DEBUG o.h.p.w.spi.MetamodelGraphWalker - Visiting attribute path : time
03:44:47.928 [main] DEBUG o.h.p.w.spi.MetamodelGraphWalker - Visiting attribute path : user
03:44:47.928 [main] DEBUG o.h.l.p.b.i.spaces.QuerySpacesImpl - Adding QuerySpace : uid = <gen:1> -> org.hibernate.loader.plan.build.internal.spaces.EntityQuerySpaceImpl@4fb56267]
03:44:47.928 [main] DEBUG o.h.p.w.spi.MetamodelGraphWalker - Visiting attribute path : user.enabled
03:44:47.928 [main] DEBUG o.h.p.w.spi.MetamodelGraphWalker - Visiting attribute path : user.password
03:44:47.928 [main] DEBUG o.h.p.w.spi.MetamodelGraphWalker - Visiting attribute path : user.role
03:44:47.928 [main] DEBUG o.h.l.p.b.i.FetchStyleLoadPlanBuildingAssociationVisitationStrategy - Building LoadPlan...
03:44:47.929 [main] DEBUG o.h.l.p.e.i.LoadQueryJoinAndFetchProcessor - processing queryspace <gen:0>
03:44:47.929 [main] DEBUG o.h.l.p.b.spi.LoadPlanTreePrinter - LoadPlan(entity=edu.ncsu.csc.itrust2.models.persistent.LoginAttempt)
    - Returns
       - EntityReturnImpl(entity=edu.ncsu.csc.itrust2.models.persistent.LoginAttempt, querySpaceUid=<gen:0>, path=edu.ncsu.csc.itrust2.models.persistent.LoginAttempt)
          - EntityAttributeFetchImpl(entity=edu.ncsu.csc.itrust2.models.persistent.User, querySpaceUid=<gen:1>, path=edu.ncsu.csc.itrust2.models.persistent.LoginAttempt.user)
    - QuerySpaces
       - EntityQuerySpaceImpl(uid=<gen:0>, entity=edu.ncsu.csc.itrust2.models.persistent.LoginAttempt)
          - SQL table alias mapping - loginattem0_
          - alias suffix - 0_
          - suffixed key columns - {id1_7_0_}
          - JOIN (JoinDefinedByMetadata(user)) : <gen:0> -> <gen:1>
             - EntityQuerySpaceImpl(uid=<gen:1>, entity=edu.ncsu.csc.itrust2.models.persistent.User)
                - SQL table alias mapping - user1_
                - alias suffix - 1_
                - suffixed key columns - {username1_15_1_}

03:44:47.929 [main] DEBUG o.h.loader.entity.plan.EntityLoader - Static select for entity edu.ncsu.csc.itrust2.models.persistent.LoginAttempt [NONE]: select loginattem0_.id as id1_7_0_, loginattem0_.ip as ip2_7_0_, loginattem0_.time as time3_7_0_, loginattem0_.user_id as user_id4_7_0_, user1_.username as username1_15_1_, user1_.enabled as enabled2_15_1_, user1_.password as password3_15_1_, user1_.role as role4_15_1_ from LoginAttempts loginattem0_ left outer join Users user1_ on loginattem0_.user_id=user1_.username where loginattem0_.id=?
03:44:47.929 [main] DEBUG o.h.l.p.b.i.spaces.QuerySpacesImpl - Adding QuerySpace : uid = <gen:0> -> org.hibernate.loader.plan.build.internal.spaces.EntityQuerySpaceImpl@41e590dd]
03:44:47.929 [main] DEBUG o.h.p.w.spi.MetamodelGraphWalker - Visiting attribute path : ip
03:44:47.929 [main] DEBUG o.h.p.w.spi.MetamodelGraphWalker - Visiting attribute path : time
03:44:47.929 [main] DEBUG o.h.p.w.spi.MetamodelGraphWalker - Visiting attribute path : user
03:44:47.929 [main] DEBUG o.h.l.p.b.i.spaces.QuerySpacesImpl - Adding QuerySpace : uid = <gen:1> -> org.hibernate.loader.plan.build.internal.spaces.EntityQuerySpaceImpl@2b51643]
03:44:47.930 [main] DEBUG o.h.p.w.spi.MetamodelGraphWalker - Visiting attribute path : user.enabled
03:44:47.930 [main] DEBUG o.h.p.w.spi.MetamodelGraphWalker - Visiting attribute path : user.password
03:44:47.930 [main] DEBUG o.h.p.w.spi.MetamodelGraphWalker - Visiting attribute path : user.role
03:44:47.930 [main] DEBUG o.h.l.p.b.i.FetchStyleLoadPlanBuildingAssociationVisitationStrategy - Building LoadPlan...
03:44:47.930 [main] DEBUG o.h.l.p.e.i.LoadQueryJoinAndFetchProcessor - processing queryspace <gen:0>
03:44:47.931 [main] DEBUG o.h.l.p.b.spi.LoadPlanTreePrinter - LoadPlan(entity=edu.ncsu.csc.itrust2.models.persistent.LoginAttempt)
    - Returns
       - EntityReturnImpl(entity=edu.ncsu.csc.itrust2.models.persistent.LoginAttempt, querySpaceUid=<gen:0>, path=edu.ncsu.csc.itrust2.models.persistent.LoginAttempt)
          - EntityAttributeFetchImpl(entity=edu.ncsu.csc.itrust2.models.persistent.User, querySpaceUid=<gen:1>, path=edu.ncsu.csc.itrust2.models.persistent.LoginAttempt.user)
    - QuerySpaces
       - EntityQuerySpaceImpl(uid=<gen:0>, entity=edu.ncsu.csc.itrust2.models.persistent.LoginAttempt)
          - SQL table alias mapping - loginattem0_
          - alias suffix - 0_
          - suffixed key columns - {id1_7_0_}
          - JOIN (JoinDefinedByMetadata(user)) : <gen:0> -> <gen:1>
             - EntityQuerySpaceImpl(uid=<gen:1>, entity=edu.ncsu.csc.itrust2.models.persistent.User)
                - SQL table alias mapping - user1_
                - alias suffix - 1_
                - suffixed key columns - {username1_15_1_}

03:44:47.931 [main] DEBUG o.h.loader.entity.plan.EntityLoader - Static select for entity edu.ncsu.csc.itrust2.models.persistent.LoginAttempt [READ]: select loginattem0_.id as id1_7_0_, loginattem0_.ip as ip2_7_0_, loginattem0_.time as time3_7_0_, loginattem0_.user_id as user_id4_7_0_, user1_.username as username1_15_1_, user1_.enabled as enabled2_15_1_, user1_.password as password3_15_1_, user1_.role as role4_15_1_ from LoginAttempts loginattem0_ left outer join Users user1_ on loginattem0_.user_id=user1_.username where loginattem0_.id=?
03:44:47.931 [main] DEBUG o.h.l.p.b.i.spaces.QuerySpacesImpl - Adding QuerySpace : uid = <gen:0> -> org.hibernate.loader.plan.build.internal.spaces.EntityQuerySpaceImpl@153290ce]
03:44:47.933 [main] DEBUG o.h.p.w.spi.MetamodelGraphWalker - Visiting attribute path : ip
03:44:47.933 [main] DEBUG o.h.p.w.spi.MetamodelGraphWalker - Visiting attribute path : time
03:44:47.933 [main] DEBUG o.h.p.w.spi.MetamodelGraphWalker - Visiting attribute path : user
03:44:47.933 [main] DEBUG o.h.l.p.b.i.spaces.QuerySpacesImpl - Adding QuerySpace : uid = <gen:1> -> org.hibernate.loader.plan.build.internal.spaces.EntityQuerySpaceImpl@6604a666]
03:44:47.934 [main] DEBUG o.h.l.p.b.i.FetchStyleLoadPlanBuildingAssociationVisitationStrategy - Building LoadPlan...
03:44:47.934 [main] DEBUG o.h.l.p.e.i.LoadQueryJoinAndFetchProcessor - processing queryspace <gen:0>
03:44:47.935 [main] DEBUG o.h.l.p.b.spi.LoadPlanTreePrinter - LoadPlan(entity=edu.ncsu.csc.itrust2.models.persistent.LoginAttempt)
    - Returns
       - EntityReturnImpl(entity=edu.ncsu.csc.itrust2.models.persistent.LoginAttempt, querySpaceUid=<gen:0>, path=edu.ncsu.csc.itrust2.models.persistent.LoginAttempt)
          - EntityAttributeFetchImpl(entity=edu.ncsu.csc.itrust2.models.persistent.User, querySpaceUid=<gen:1>, path=edu.ncsu.csc.itrust2.models.persistent.LoginAttempt.user)
    - QuerySpaces
       - EntityQuerySpaceImpl(uid=<gen:0>, entity=edu.ncsu.csc.itrust2.models.persistent.LoginAttempt)
          - SQL table alias mapping - loginattem0_
          - alias suffix - 0_
          - suffixed key columns - {id1_7_0_}

03:44:47.935 [main] DEBUG o.h.loader.entity.plan.EntityLoader - Static select for entity edu.ncsu.csc.itrust2.models.persistent.LoginAttempt [UPGRADE]: select loginattem0_.id as id1_7_0_, loginattem0_.ip as ip2_7_0_, loginattem0_.time as time3_7_0_, loginattem0_.user_id as user_id4_7_0_ from LoginAttempts loginattem0_ where loginattem0_.id=? for update
03:44:47.936 [main] DEBUG o.h.l.p.b.i.spaces.QuerySpacesImpl - Adding QuerySpace : uid = <gen:0> -> org.hibernate.loader.plan.build.internal.spaces.EntityQuerySpaceImpl@7a87512e]
03:44:47.936 [main] DEBUG o.h.p.w.spi.MetamodelGraphWalker - Visiting attribute path : ip
03:44:47.936 [main] DEBUG o.h.p.w.spi.MetamodelGraphWalker - Visiting attribute path : time
03:44:47.936 [main] DEBUG o.h.p.w.spi.MetamodelGraphWalker - Visiting attribute path : user
03:44:47.936 [main] DEBUG o.h.l.p.b.i.spaces.QuerySpacesImpl - Adding QuerySpace : uid = <gen:1> -> org.hibernate.loader.plan.build.internal.spaces.EntityQuerySpaceImpl@7a2f4fde]
03:44:47.936 [main] DEBUG o.h.l.p.b.i.FetchStyleLoadPlanBuildingAssociationVisitationStrategy - Building LoadPlan...
03:44:47.939 [main] DEBUG o.h.l.p.e.i.LoadQueryJoinAndFetchProcessor - processing queryspace <gen:0>
03:44:47.940 [main] DEBUG o.h.l.p.b.spi.LoadPlanTreePrinter - LoadPlan(entity=edu.ncsu.csc.itrust2.models.persistent.LoginAttempt)
    - Returns
       - EntityReturnImpl(entity=edu.ncsu.csc.itrust2.models.persistent.LoginAttempt, querySpaceUid=<gen:0>, path=edu.ncsu.csc.itrust2.models.persistent.LoginAttempt)
          - EntityAttributeFetchImpl(entity=edu.ncsu.csc.itrust2.models.persistent.User, querySpaceUid=<gen:1>, path=edu.ncsu.csc.itrust2.models.persistent.LoginAttempt.user)
    - QuerySpaces
       - EntityQuerySpaceImpl(uid=<gen:0>, entity=edu.ncsu.csc.itrust2.models.persistent.LoginAttempt)
          - SQL table alias mapping - loginattem0_
          - alias suffix - 0_
          - suffixed key columns - {id1_7_0_}

03:44:47.941 [main] DEBUG o.h.loader.entity.plan.EntityLoader - Static select for entity edu.ncsu.csc.itrust2.models.persistent.LoginAttempt [UPGRADE_NOWAIT]: select loginattem0_.id as id1_7_0_, loginattem0_.ip as ip2_7_0_, loginattem0_.time as time3_7_0_, loginattem0_.user_id as user_id4_7_0_ from LoginAttempts loginattem0_ where loginattem0_.id=? for update
03:44:47.942 [main] DEBUG o.h.l.p.b.i.spaces.QuerySpacesImpl - Adding QuerySpace : uid = <gen:0> -> org.hibernate.loader.plan.build.internal.spaces.EntityQuerySpaceImpl@395bf16b]
03:44:47.942 [main] DEBUG o.h.p.w.spi.MetamodelGraphWalker - Visiting attribute path : ip
03:44:47.942 [main] DEBUG o.h.p.w.spi.MetamodelGraphWalker - Visiting attribute path : time
03:44:47.942 [main] DEBUG o.h.p.w.spi.MetamodelGraphWalker - Visiting attribute path : user
03:44:47.943 [main] DEBUG o.h.l.p.b.i.spaces.QuerySpacesImpl - Adding QuerySpace : uid = <gen:1> -> org.hibernate.loader.plan.build.internal.spaces.EntityQuerySpaceImpl@121e3cb7]
03:44:47.943 [main] DEBUG o.h.l.p.b.i.FetchStyleLoadPlanBuildingAssociationVisitationStrategy - Building LoadPlan...
03:44:47.945 [main] DEBUG o.h.l.p.e.i.LoadQueryJoinAndFetchProcessor - processing queryspace <gen:0>
03:44:47.945 [main] DEBUG o.h.l.p.b.spi.LoadPlanTreePrinter - LoadPlan(entity=edu.ncsu.csc.itrust2.models.persistent.LoginAttempt)
    - Returns
       - EntityReturnImpl(entity=edu.ncsu.csc.itrust2.models.persistent.LoginAttempt, querySpaceUid=<gen:0>, path=edu.ncsu.csc.itrust2.models.persistent.LoginAttempt)
          - EntityAttributeFetchImpl(entity=edu.ncsu.csc.itrust2.models.persistent.User, querySpaceUid=<gen:1>, path=edu.ncsu.csc.itrust2.models.persistent.LoginAttempt.user)
    - QuerySpaces
       - EntityQuerySpaceImpl(uid=<gen:0>, entity=edu.ncsu.csc.itrust2.models.persistent.LoginAttempt)
          - SQL table alias mapping - loginattem0_
          - alias suffix - 0_
          - suffixed key columns - {id1_7_0_}

03:44:47.946 [main] DEBUG o.h.loader.entity.plan.EntityLoader - Static select for entity edu.ncsu.csc.itrust2.models.persistent.LoginAttempt [UPGRADE_SKIPLOCKED]: select loginattem0_.id as id1_7_0_, loginattem0_.ip as ip2_7_0_, loginattem0_.time as time3_7_0_, loginattem0_.user_id as user_id4_7_0_ from LoginAttempts loginattem0_ where loginattem0_.id=? for update
03:44:47.946 [main] DEBUG o.h.l.p.b.i.spaces.QuerySpacesImpl - Adding QuerySpace : uid = <gen:0> -> org.hibernate.loader.plan.build.internal.spaces.EntityQuerySpaceImpl@12cfc095]
03:44:47.946 [main] DEBUG o.h.p.w.spi.MetamodelGraphWalker - Visiting attribute path : ip
03:44:47.946 [main] DEBUG o.h.p.w.spi.MetamodelGraphWalker - Visiting attribute path : time
03:44:47.946 [main] DEBUG o.h.p.w.spi.MetamodelGraphWalker - Visiting attribute path : user
03:44:47.946 [main] DEBUG o.h.l.p.b.i.spaces.QuerySpacesImpl - Adding QuerySpace : uid = <gen:1> -> org.hibernate.loader.plan.build.internal.spaces.EntityQuerySpaceImpl@2371db7f]
03:44:47.946 [main] DEBUG o.h.l.p.b.i.FetchStyleLoadPlanBuildingAssociationVisitationStrategy - Building LoadPlan...
03:44:47.946 [main] DEBUG o.h.l.p.e.i.LoadQueryJoinAndFetchProcessor - processing queryspace <gen:0>
03:44:47.946 [main] DEBUG o.h.l.p.b.spi.LoadPlanTreePrinter - LoadPlan(entity=edu.ncsu.csc.itrust2.models.persistent.LoginAttempt)
    - Returns
       - EntityReturnImpl(entity=edu.ncsu.csc.itrust2.models.persistent.LoginAttempt, querySpaceUid=<gen:0>, path=edu.ncsu.csc.itrust2.models.persistent.LoginAttempt)
          - EntityAttributeFetchImpl(entity=edu.ncsu.csc.itrust2.models.persistent.User, querySpaceUid=<gen:1>, path=edu.ncsu.csc.itrust2.models.persistent.LoginAttempt.user)
    - QuerySpaces
       - EntityQuerySpaceImpl(uid=<gen:0>, entity=edu.ncsu.csc.itrust2.models.persistent.LoginAttempt)
          - SQL table alias mapping - loginattem0_
          - alias suffix - 0_
          - suffixed key columns - {id1_7_0_}

03:44:47.947 [main] DEBUG o.h.loader.entity.plan.EntityLoader - Static select for entity edu.ncsu.csc.itrust2.models.persistent.LoginAttempt [FORCE]: select loginattem0_.id as id1_7_0_, loginattem0_.ip as ip2_7_0_, loginattem0_.time as time3_7_0_, loginattem0_.user_id as user_id4_7_0_ from LoginAttempts loginattem0_ where loginattem0_.id=? for update
03:44:47.947 [main] DEBUG o.h.l.p.b.i.spaces.QuerySpacesImpl - Adding QuerySpace : uid = <gen:0> -> org.hibernate.loader.plan.build.internal.spaces.EntityQuerySpaceImpl@40e9b022]
03:44:47.947 [main] DEBUG o.h.p.w.spi.MetamodelGraphWalker - Visiting attribute path : ip
03:44:47.947 [main] DEBUG o.h.p.w.spi.MetamodelGraphWalker - Visiting attribute path : time
03:44:47.947 [main] DEBUG o.h.p.w.spi.MetamodelGraphWalker - Visiting attribute path : user
03:44:47.947 [main] DEBUG o.h.l.p.b.i.spaces.QuerySpacesImpl - Adding QuerySpace : uid = <gen:1> -> org.hibernate.loader.plan.build.internal.spaces.EntityQuerySpaceImpl@1556748e]
03:44:47.947 [main] DEBUG o.h.l.p.b.i.FetchStyleLoadPlanBuildingAssociationVisitationStrategy - Building LoadPlan...
03:44:47.948 [main] DEBUG o.h.l.p.e.i.LoadQueryJoinAndFetchProcessor - processing queryspace <gen:0>
03:44:47.948 [main] DEBUG o.h.l.p.b.spi.LoadPlanTreePrinter - LoadPlan(entity=edu.ncsu.csc.itrust2.models.persistent.LoginAttempt)
    - Returns
       - EntityReturnImpl(entity=edu.ncsu.csc.itrust2.models.persistent.LoginAttempt, querySpaceUid=<gen:0>, path=edu.ncsu.csc.itrust2.models.persistent.LoginAttempt)
          - EntityAttributeFetchImpl(entity=edu.ncsu.csc.itrust2.models.persistent.User, querySpaceUid=<gen:1>, path=edu.ncsu.csc.itrust2.models.persistent.LoginAttempt.user)
    - QuerySpaces
       - EntityQuerySpaceImpl(uid=<gen:0>, entity=edu.ncsu.csc.itrust2.models.persistent.LoginAttempt)
          - SQL table alias mapping - loginattem0_
          - alias suffix - 0_
          - suffixed key columns - {id1_7_0_}

03:44:47.948 [main] DEBUG o.h.loader.entity.plan.EntityLoader - Static select for entity edu.ncsu.csc.itrust2.models.persistent.LoginAttempt [PESSIMISTIC_READ]: select loginattem0_.id as id1_7_0_, loginattem0_.ip as ip2_7_0_, loginattem0_.time as time3_7_0_, loginattem0_.user_id as user_id4_7_0_ from LoginAttempts loginattem0_ where loginattem0_.id=? lock in share mode
03:44:47.948 [main] DEBUG o.h.l.p.b.i.spaces.QuerySpacesImpl - Adding QuerySpace : uid = <gen:0> -> org.hibernate.loader.plan.build.internal.spaces.EntityQuerySpaceImpl@38d1ff78]
03:44:47.949 [main] DEBUG o.h.p.w.spi.MetamodelGraphWalker - Visiting attribute path : ip
03:44:47.949 [main] DEBUG o.h.p.w.spi.MetamodelGraphWalker - Visiting attribute path : time
03:44:47.949 [main] DEBUG o.h.p.w.spi.MetamodelGraphWalker - Visiting attribute path : user
03:44:47.949 [main] DEBUG o.h.l.p.b.i.spaces.QuerySpacesImpl - Adding QuerySpace : uid = <gen:1> -> org.hibernate.loader.plan.build.internal.spaces.EntityQuerySpaceImpl@69f82d9f]
03:44:47.949 [main] DEBUG o.h.l.p.b.i.FetchStyleLoadPlanBuildingAssociationVisitationStrategy - Building LoadPlan...
03:44:47.949 [main] DEBUG o.h.l.p.e.i.LoadQueryJoinAndFetchProcessor - processing queryspace <gen:0>
03:44:47.950 [main] DEBUG o.h.l.p.b.spi.LoadPlanTreePrinter - LoadPlan(entity=edu.ncsu.csc.itrust2.models.persistent.LoginAttempt)
    - Returns
       - EntityReturnImpl(entity=edu.ncsu.csc.itrust2.models.persistent.LoginAttempt, querySpaceUid=<gen:0>, path=edu.ncsu.csc.itrust2.models.persistent.LoginAttempt)
          - EntityAttributeFetchImpl(entity=edu.ncsu.csc.itrust2.models.persistent.User, querySpaceUid=<gen:1>, path=edu.ncsu.csc.itrust2.models.persistent.LoginAttempt.user)
    - QuerySpaces
       - EntityQuerySpaceImpl(uid=<gen:0>, entity=edu.ncsu.csc.itrust2.models.persistent.LoginAttempt)
          - SQL table alias mapping - loginattem0_
          - alias suffix - 0_
          - suffixed key columns - {id1_7_0_}

03:44:47.950 [main] DEBUG o.h.loader.entity.plan.EntityLoader - Static select for entity edu.ncsu.csc.itrust2.models.persistent.LoginAttempt [PESSIMISTIC_WRITE]: select loginattem0_.id as id1_7_0_, loginattem0_.ip as ip2_7_0_, loginattem0_.time as time3_7_0_, loginattem0_.user_id as user_id4_7_0_ from LoginAttempts loginattem0_ where loginattem0_.id=? for update
03:44:47.950 [main] DEBUG o.h.l.p.b.i.spaces.QuerySpacesImpl - Adding QuerySpace : uid = <gen:0> -> org.hibernate.loader.plan.build.internal.spaces.EntityQuerySpaceImpl@4facd62a]
03:44:47.950 [main] DEBUG o.h.p.w.spi.MetamodelGraphWalker - Visiting attribute path : ip
03:44:47.950 [main] DEBUG o.h.p.w.spi.MetamodelGraphWalker - Visiting attribute path : time
03:44:47.951 [main] DEBUG o.h.p.w.spi.MetamodelGraphWalker - Visiting attribute path : user
03:44:47.951 [main] DEBUG o.h.l.p.b.i.spaces.QuerySpacesImpl - Adding QuerySpace : uid = <gen:1> -> org.hibernate.loader.plan.build.internal.spaces.EntityQuerySpaceImpl@6c96564e]
03:44:47.951 [main] DEBUG o.h.l.p.b.i.FetchStyleLoadPlanBuildingAssociationVisitationStrategy - Building LoadPlan...
03:44:47.956 [main] DEBUG o.h.l.p.e.i.LoadQueryJoinAndFetchProcessor - processing queryspace <gen:0>
03:44:47.957 [main] DEBUG o.h.l.p.b.spi.LoadPlanTreePrinter - LoadPlan(entity=edu.ncsu.csc.itrust2.models.persistent.LoginAttempt)
    - Returns
       - EntityReturnImpl(entity=edu.ncsu.csc.itrust2.models.persistent.LoginAttempt, querySpaceUid=<gen:0>, path=edu.ncsu.csc.itrust2.models.persistent.LoginAttempt)
          - EntityAttributeFetchImpl(entity=edu.ncsu.csc.itrust2.models.persistent.User, querySpaceUid=<gen:1>, path=edu.ncsu.csc.itrust2.models.persistent.LoginAttempt.user)
    - QuerySpaces
       - EntityQuerySpaceImpl(uid=<gen:0>, entity=edu.ncsu.csc.itrust2.models.persistent.LoginAttempt)
          - SQL table alias mapping - loginattem0_
          - alias suffix - 0_
          - suffixed key columns - {id1_7_0_}

03:44:47.957 [main] DEBUG o.h.loader.entity.plan.EntityLoader - Static select for entity edu.ncsu.csc.itrust2.models.persistent.LoginAttempt [PESSIMISTIC_FORCE_INCREMENT]: select loginattem0_.id as id1_7_0_, loginattem0_.ip as ip2_7_0_, loginattem0_.time as time3_7_0_, loginattem0_.user_id as user_id4_7_0_ from LoginAttempts loginattem0_ where loginattem0_.id=? for update
03:44:47.957 [main] DEBUG o.h.l.p.b.i.spaces.QuerySpacesImpl - Adding QuerySpace : uid = <gen:0> -> org.hibernate.loader.plan.build.internal.spaces.EntityQuerySpaceImpl@44aa1a96]
03:44:47.957 [main] DEBUG o.h.p.w.spi.MetamodelGraphWalker - Visiting attribute path : ip
03:44:47.957 [main] DEBUG o.h.p.w.spi.MetamodelGraphWalker - Visiting attribute path : time
03:44:47.957 [main] DEBUG o.h.p.w.spi.MetamodelGraphWalker - Visiting attribute path : user
03:44:47.957 [main] DEBUG o.h.l.p.b.i.spaces.QuerySpacesImpl - Adding QuerySpace : uid = <gen:1> -> org.hibernate.loader.plan.build.internal.spaces.EntityQuerySpaceImpl@1b0d6b8e]
03:44:47.958 [main] DEBUG o.h.l.p.b.i.FetchStyleLoadPlanBuildingAssociationVisitationStrategy - Building LoadPlan...
03:44:47.958 [main] DEBUG o.h.l.p.e.i.LoadQueryJoinAndFetchProcessor - processing queryspace <gen:0>
03:44:47.959 [main] DEBUG o.h.l.p.b.spi.LoadPlanTreePrinter - LoadPlan(entity=edu.ncsu.csc.itrust2.models.persistent.LoginAttempt)
    - Returns
       - EntityReturnImpl(entity=edu.ncsu.csc.itrust2.models.persistent.LoginAttempt, querySpaceUid=<gen:0>, path=edu.ncsu.csc.itrust2.models.persistent.LoginAttempt)
          - EntityAttributeFetchImpl(entity=edu.ncsu.csc.itrust2.models.persistent.User, querySpaceUid=<gen:1>, path=edu.ncsu.csc.itrust2.models.persistent.LoginAttempt.user)
    - QuerySpaces
       - EntityQuerySpaceImpl(uid=<gen:0>, entity=edu.ncsu.csc.itrust2.models.persistent.LoginAttempt)
          - SQL table alias mapping - loginattem0_
          - alias suffix - 0_
          - suffixed key columns - {id1_7_0_}

03:44:47.959 [main] DEBUG o.h.loader.entity.plan.EntityLoader - Static select for entity edu.ncsu.csc.itrust2.models.persistent.LoginAttempt [OPTIMISTIC]: select loginattem0_.id as id1_7_0_, loginattem0_.ip as ip2_7_0_, loginattem0_.time as time3_7_0_, loginattem0_.user_id as user_id4_7_0_ from LoginAttempts loginattem0_ where loginattem0_.id=?
03:44:47.959 [main] DEBUG o.h.l.p.b.i.spaces.QuerySpacesImpl - Adding QuerySpace : uid = <gen:0> -> org.hibernate.loader.plan.build.internal.spaces.EntityQuerySpaceImpl@45f77a87]
03:44:47.959 [main] DEBUG o.h.p.w.spi.MetamodelGraphWalker - Visiting attribute path : ip
03:44:47.959 [main] DEBUG o.h.p.w.spi.MetamodelGraphWalker - Visiting attribute path : time
03:44:47.959 [main] DEBUG o.h.p.w.spi.MetamodelGraphWalker - Visiting attribute path : user
03:44:47.959 [main] DEBUG o.h.l.p.b.i.spaces.QuerySpacesImpl - Adding QuerySpace : uid = <gen:1> -> org.hibernate.loader.plan.build.internal.spaces.EntityQuerySpaceImpl@48578e68]
03:44:47.960 [main] DEBUG o.h.l.p.b.i.FetchStyleLoadPlanBuildingAssociationVisitationStrategy - Building LoadPlan...
03:44:47.960 [main] DEBUG o.h.l.p.e.i.LoadQueryJoinAndFetchProcessor - processing queryspace <gen:0>
03:44:47.960 [main] DEBUG o.h.l.p.b.spi.LoadPlanTreePrinter - LoadPlan(entity=edu.ncsu.csc.itrust2.models.persistent.LoginAttempt)
    - Returns
       - EntityReturnImpl(entity=edu.ncsu.csc.itrust2.models.persistent.LoginAttempt, querySpaceUid=<gen:0>, path=edu.ncsu.csc.itrust2.models.persistent.LoginAttempt)
          - EntityAttributeFetchImpl(entity=edu.ncsu.csc.itrust2.models.persistent.User, querySpaceUid=<gen:1>, path=edu.ncsu.csc.itrust2.models.persistent.LoginAttempt.user)
    - QuerySpaces
       - EntityQuerySpaceImpl(uid=<gen:0>, entity=edu.ncsu.csc.itrust2.models.persistent.LoginAttempt)
          - SQL table alias mapping - loginattem0_
          - alias suffix - 0_
          - suffixed key columns - {id1_7_0_}

03:44:47.960 [main] DEBUG o.h.loader.entity.plan.EntityLoader - Static select for entity edu.ncsu.csc.itrust2.models.persistent.LoginAttempt [OPTIMISTIC_FORCE_INCREMENT]: select loginattem0_.id as id1_7_0_, loginattem0_.ip as ip2_7_0_, loginattem0_.time as time3_7_0_, loginattem0_.user_id as user_id4_7_0_ from LoginAttempts loginattem0_ where loginattem0_.id=?
03:44:47.961 [main] DEBUG org.hibernate.loader.Loader - Static select for action ACTION_MERGE on entity edu.ncsu.csc.itrust2.models.persistent.LoginAttempt: select loginattem0_.id as id1_7_0_, loginattem0_.ip as ip2_7_0_, loginattem0_.time as time3_7_0_, loginattem0_.user_id as user_id4_7_0_ from LoginAttempts loginattem0_ where loginattem0_.id=?
03:44:47.961 [main] DEBUG org.hibernate.loader.Loader - Static select for action ACTION_REFRESH on entity edu.ncsu.csc.itrust2.models.persistent.LoginAttempt: select loginattem0_.id as id1_7_0_, loginattem0_.ip as ip2_7_0_, loginattem0_.time as time3_7_0_, loginattem0_.user_id as user_id4_7_0_ from LoginAttempts loginattem0_ where loginattem0_.id=?
03:44:47.961 [main] DEBUG o.h.p.entity.AbstractEntityPersister - Static SQL for entity: edu.ncsu.csc.itrust2.models.persistent.Patient
03:44:47.961 [main] DEBUG o.h.p.entity.AbstractEntityPersister -  Version select: select self_id from Patients where self_id =?
03:44:47.961 [main] DEBUG o.h.p.entity.AbstractEntityPersister -  Snapshot select: select patient_.self_id, patient_.address1 as address1_12_, patient_.address2 as address2_12_, patient_.bloodType as bloodTyp3_12_, patient_.causeOfDeath as causeOfD4_12_, patient_.city as city5_12_, patient_.dateOfBirth as dateOfBi6_12_, patient_.dateOfDeath as dateOfDe7_12_, patient_.email as email8_12_, patient_.ethnicity as ethnicit9_12_, patient_.father_id as father_19_12_, patient_.firstName as firstNa10_12_, patient_.gender as gender11_12_, patient_.id as id12_12_, patient_.lastName as lastNam13_12_, patient_.mother_id as mother_20_12_, patient_.phone as phone14_12_, patient_.preferredName as preferr15_12_, patient_.state as state16_12_, patient_.zip as zip17_12_ from Patients patient_ where patient_.self_id=?
03:44:47.961 [main] DEBUG o.h.p.entity.AbstractEntityPersister -  Insert 0: insert into Patients (address1, address2, bloodType, causeOfDeath, city, dateOfBirth, dateOfDeath, email, ethnicity, father_id, firstName, gender, id, lastName, mother_id, phone, preferredName, state, zip, self_id) values (?, ?, ?, ?, ?, ?, ?, ?, ?, ?, ?, ?, ?, ?, ?, ?, ?, ?, ?, ?)
03:44:47.961 [main] DEBUG o.h.p.entity.AbstractEntityPersister -  Update 0: update Patients set address1=?, address2=?, bloodType=?, causeOfDeath=?, city=?, dateOfBirth=?, dateOfDeath=?, email=?, ethnicity=?, father_id=?, firstName=?, gender=?, id=?, lastName=?, mother_id=?, phone=?, preferredName=?, state=?, zip=? where self_id=?
03:44:47.961 [main] DEBUG o.h.p.entity.AbstractEntityPersister -  Delete 0: delete from Patients where self_id=?
03:44:47.961 [main] DEBUG o.h.l.p.b.i.spaces.QuerySpacesImpl - Adding QuerySpace : uid = <gen:0> -> org.hibernate.loader.plan.build.internal.spaces.EntityQuerySpaceImpl@38f6cdf7]
03:44:47.963 [main] DEBUG o.h.l.p.b.i.spaces.QuerySpacesImpl - Adding QuerySpace : uid = <gen:0>-id -> org.hibernate.loader.plan.build.internal.spaces.CompositeQuerySpaceImpl@4bf85d]
03:44:47.967 [main] DEBUG o.h.p.w.spi.MetamodelGraphWalker - Visiting attribute path : self
03:44:47.967 [main] DEBUG o.h.p.w.spi.MetamodelGraphWalker - Property path deemed to be circular : self
03:44:47.967 [main] DEBUG o.h.p.w.spi.MetamodelGraphWalker - Visiting attribute path : address1
03:44:47.967 [main] DEBUG o.h.p.w.spi.MetamodelGraphWalker - Visiting attribute path : address2
03:44:47.967 [main] DEBUG o.h.p.w.spi.MetamodelGraphWalker - Visiting attribute path : bloodType
03:44:47.967 [main] DEBUG o.h.p.w.spi.MetamodelGraphWalker - Visiting attribute path : causeOfDeath
03:44:47.967 [main] DEBUG o.h.p.w.spi.MetamodelGraphWalker - Visiting attribute path : city
03:44:47.967 [main] DEBUG o.h.p.w.spi.MetamodelGraphWalker - Visiting attribute path : dateOfBirth
03:44:47.967 [main] DEBUG o.h.p.w.spi.MetamodelGraphWalker - Visiting attribute path : dateOfDeath
03:44:47.967 [main] DEBUG o.h.p.w.spi.MetamodelGraphWalker - Visiting attribute path : email
03:44:47.967 [main] DEBUG o.h.p.w.spi.MetamodelGraphWalker - Visiting attribute path : ethnicity
03:44:47.967 [main] DEBUG o.h.p.w.spi.MetamodelGraphWalker - Visiting attribute path : father
03:44:47.968 [main] DEBUG o.h.l.p.b.i.spaces.QuerySpacesImpl - Adding QuerySpace : uid = <gen:1> -> org.hibernate.loader.plan.build.internal.spaces.EntityQuerySpaceImpl@56ba316b]
03:44:47.968 [main] DEBUG o.h.p.w.spi.MetamodelGraphWalker - Visiting attribute path : father.enabled
03:44:47.968 [main] DEBUG o.h.p.w.spi.MetamodelGraphWalker - Visiting attribute path : father.password
03:44:47.968 [main] DEBUG o.h.p.w.spi.MetamodelGraphWalker - Visiting attribute path : father.role
03:44:47.968 [main] DEBUG o.h.p.w.spi.MetamodelGraphWalker - Visiting attribute path : firstName
03:44:47.968 [main] DEBUG o.h.p.w.spi.MetamodelGraphWalker - Visiting attribute path : gender
03:44:47.968 [main] DEBUG o.h.p.w.spi.MetamodelGraphWalker - Visiting attribute path : id
03:44:47.968 [main] DEBUG o.h.p.w.spi.MetamodelGraphWalker - Visiting attribute path : lastName
03:44:47.968 [main] DEBUG o.h.p.w.spi.MetamodelGraphWalker - Visiting attribute path : mother
03:44:47.968 [main] DEBUG o.h.l.p.b.i.spaces.QuerySpacesImpl - Adding QuerySpace : uid = <gen:2> -> org.hibernate.loader.plan.build.internal.spaces.EntityQuerySpaceImpl@2b63bb80]
03:44:47.968 [main] DEBUG o.h.p.w.spi.MetamodelGraphWalker - Visiting attribute path : mother.enabled
03:44:47.969 [main] DEBUG o.h.p.w.spi.MetamodelGraphWalker - Visiting attribute path : mother.password
03:44:47.969 [main] DEBUG o.h.p.w.spi.MetamodelGraphWalker - Visiting attribute path : mother.role
03:44:47.969 [main] DEBUG o.h.p.w.spi.MetamodelGraphWalker - Visiting attribute path : phone
03:44:47.969 [main] DEBUG o.h.p.w.spi.MetamodelGraphWalker - Visiting attribute path : preferredName
03:44:47.969 [main] DEBUG o.h.p.w.spi.MetamodelGraphWalker - Visiting attribute path : state
03:44:47.969 [main] DEBUG o.h.p.w.spi.MetamodelGraphWalker - Visiting attribute path : zip
03:44:47.969 [main] DEBUG o.h.l.p.b.i.FetchStyleLoadPlanBuildingAssociationVisitationStrategy - Building LoadPlan...
03:44:47.972 [main] DEBUG o.h.l.p.e.i.LoadQueryJoinAndFetchProcessor - processing queryspace <gen:0>
03:44:47.973 [main] DEBUG o.h.l.p.b.spi.LoadPlanTreePrinter - LoadPlan(entity=edu.ncsu.csc.itrust2.models.persistent.Patient)
    - Returns
       - EntityReturnImpl(entity=edu.ncsu.csc.itrust2.models.persistent.Patient, querySpaceUid=<gen:0>, path=edu.ncsu.csc.itrust2.models.persistent.Patient)
          - EntityAttributeFetchImpl(entity=edu.ncsu.csc.itrust2.models.persistent.User, querySpaceUid=<gen:1>, path=edu.ncsu.csc.itrust2.models.persistent.Patient.father)
          - EntityAttributeFetchImpl(entity=edu.ncsu.csc.itrust2.models.persistent.User, querySpaceUid=<gen:2>, path=edu.ncsu.csc.itrust2.models.persistent.Patient.mother)
    - QuerySpaces
       - EntityQuerySpaceImpl(uid=<gen:0>, entity=edu.ncsu.csc.itrust2.models.persistent.Patient)
          - SQL table alias mapping - patient0_
          - alias suffix - 0_
          - suffixed key columns - {self_id18_12_0_}
          - JOIN (JoinDefinedByMetadata(id)) : <gen:0> -> <gen:0>-id
             - CompositeQuerySpaceImpl(uid=<gen:0>-id)
                - SQL table alias mapping - patient0_
          - JOIN (JoinDefinedByMetadata(father)) : <gen:0> -> <gen:1>
             - EntityQuerySpaceImpl(uid=<gen:1>, entity=edu.ncsu.csc.itrust2.models.persistent.User)
                - SQL table alias mapping - user1_
                - alias suffix - 1_
                - suffixed key columns - {username1_15_1_}
          - JOIN (JoinDefinedByMetadata(mother)) : <gen:0> -> <gen:2>
             - EntityQuerySpaceImpl(uid=<gen:2>, entity=edu.ncsu.csc.itrust2.models.persistent.User)
                - SQL table alias mapping - user2_
                - alias suffix - 2_
                - suffixed key columns - {username1_15_2_}

03:44:47.974 [main] DEBUG o.h.loader.entity.plan.EntityLoader - Static select for entity edu.ncsu.csc.itrust2.models.persistent.Patient [NONE]: select patient0_.self_id as self_id18_12_0_, patient0_.address1 as address1_12_0_, patient0_.address2 as address2_12_0_, patient0_.bloodType as bloodTyp3_12_0_, patient0_.causeOfDeath as causeOfD4_12_0_, patient0_.city as city5_12_0_, patient0_.dateOfBirth as dateOfBi6_12_0_, patient0_.dateOfDeath as dateOfDe7_12_0_, patient0_.email as email8_12_0_, patient0_.ethnicity as ethnicit9_12_0_, patient0_.father_id as father_19_12_0_, patient0_.firstName as firstNa10_12_0_, patient0_.gender as gender11_12_0_, patient0_.id as id12_12_0_, patient0_.lastName as lastNam13_12_0_, patient0_.mother_id as mother_20_12_0_, patient0_.phone as phone14_12_0_, patient0_.preferredName as preferr15_12_0_, patient0_.state as state16_12_0_, patient0_.zip as zip17_12_0_, user1_.username as username1_15_1_, user1_.enabled as enabled2_15_1_, user1_.password as password3_15_1_, user1_.role as role4_15_1_, user2_.username as username1_15_2_, user2_.enabled as enabled2_15_2_, user2_.password as password3_15_2_, user2_.role as role4_15_2_ from Patients patient0_ left outer join Users user1_ on patient0_.father_id=user1_.username left outer join Users user2_ on patient0_.mother_id=user2_.username where patient0_.self_id=?
03:44:47.975 [main] DEBUG o.h.l.p.b.i.spaces.QuerySpacesImpl - Adding QuerySpace : uid = <gen:0> -> org.hibernate.loader.plan.build.internal.spaces.EntityQuerySpaceImpl@6d40c5df]
03:44:47.975 [main] DEBUG o.h.l.p.b.i.spaces.QuerySpacesImpl - Adding QuerySpace : uid = <gen:0>-id -> org.hibernate.loader.plan.build.internal.spaces.CompositeQuerySpaceImpl@54e42bd]
03:44:47.976 [main] DEBUG o.h.p.w.spi.MetamodelGraphWalker - Visiting attribute path : self
03:44:47.976 [main] DEBUG o.h.p.w.spi.MetamodelGraphWalker - Property path deemed to be circular : self
03:44:47.976 [main] DEBUG o.h.p.w.spi.MetamodelGraphWalker - Visiting attribute path : address1
03:44:47.976 [main] DEBUG o.h.p.w.spi.MetamodelGraphWalker - Visiting attribute path : address2
03:44:47.976 [main] DEBUG o.h.p.w.spi.MetamodelGraphWalker - Visiting attribute path : bloodType
03:44:47.976 [main] DEBUG o.h.p.w.spi.MetamodelGraphWalker - Visiting attribute path : causeOfDeath
03:44:47.977 [main] DEBUG o.h.p.w.spi.MetamodelGraphWalker - Visiting attribute path : city
03:44:47.977 [main] DEBUG o.h.p.w.spi.MetamodelGraphWalker - Visiting attribute path : dateOfBirth
03:44:47.977 [main] DEBUG o.h.p.w.spi.MetamodelGraphWalker - Visiting attribute path : dateOfDeath
03:44:47.977 [main] DEBUG o.h.p.w.spi.MetamodelGraphWalker - Visiting attribute path : email
03:44:47.977 [main] DEBUG o.h.p.w.spi.MetamodelGraphWalker - Visiting attribute path : ethnicity
03:44:47.977 [main] DEBUG o.h.p.w.spi.MetamodelGraphWalker - Visiting attribute path : father
03:44:47.978 [main] DEBUG o.h.l.p.b.i.spaces.QuerySpacesImpl - Adding QuerySpace : uid = <gen:1> -> org.hibernate.loader.plan.build.internal.spaces.EntityQuerySpaceImpl@66ee413]
03:44:47.978 [main] DEBUG o.h.p.w.spi.MetamodelGraphWalker - Visiting attribute path : father.enabled
03:44:47.978 [main] DEBUG o.h.p.w.spi.MetamodelGraphWalker - Visiting attribute path : father.password
03:44:47.978 [main] DEBUG o.h.p.w.spi.MetamodelGraphWalker - Visiting attribute path : father.role
03:44:47.978 [main] DEBUG o.h.p.w.spi.MetamodelGraphWalker - Visiting attribute path : firstName
03:44:47.978 [main] DEBUG o.h.p.w.spi.MetamodelGraphWalker - Visiting attribute path : gender
03:44:47.978 [main] DEBUG o.h.p.w.spi.MetamodelGraphWalker - Visiting attribute path : id
03:44:47.978 [main] DEBUG o.h.p.w.spi.MetamodelGraphWalker - Visiting attribute path : lastName
03:44:47.978 [main] DEBUG o.h.p.w.spi.MetamodelGraphWalker - Visiting attribute path : mother
03:44:47.979 [main] DEBUG o.h.l.p.b.i.spaces.QuerySpacesImpl - Adding QuerySpace : uid = <gen:2> -> org.hibernate.loader.plan.build.internal.spaces.EntityQuerySpaceImpl@783dd3f0]
03:44:47.979 [main] DEBUG o.h.p.w.spi.MetamodelGraphWalker - Visiting attribute path : mother.enabled
03:44:47.979 [main] DEBUG o.h.p.w.spi.MetamodelGraphWalker - Visiting attribute path : mother.password
03:44:47.979 [main] DEBUG o.h.p.w.spi.MetamodelGraphWalker - Visiting attribute path : mother.role
03:44:47.979 [main] DEBUG o.h.p.w.spi.MetamodelGraphWalker - Visiting attribute path : phone
03:44:47.979 [main] DEBUG o.h.p.w.spi.MetamodelGraphWalker - Visiting attribute path : preferredName
03:44:47.979 [main] DEBUG o.h.p.w.spi.MetamodelGraphWalker - Visiting attribute path : state
03:44:47.979 [main] DEBUG o.h.p.w.spi.MetamodelGraphWalker - Visiting attribute path : zip
03:44:47.979 [main] DEBUG o.h.l.p.b.i.FetchStyleLoadPlanBuildingAssociationVisitationStrategy - Building LoadPlan...
03:44:47.983 [main] DEBUG o.h.l.p.e.i.LoadQueryJoinAndFetchProcessor - processing queryspace <gen:0>
03:44:47.984 [main] DEBUG o.h.l.p.b.spi.LoadPlanTreePrinter - LoadPlan(entity=edu.ncsu.csc.itrust2.models.persistent.Patient)
    - Returns
       - EntityReturnImpl(entity=edu.ncsu.csc.itrust2.models.persistent.Patient, querySpaceUid=<gen:0>, path=edu.ncsu.csc.itrust2.models.persistent.Patient)
          - EntityAttributeFetchImpl(entity=edu.ncsu.csc.itrust2.models.persistent.User, querySpaceUid=<gen:1>, path=edu.ncsu.csc.itrust2.models.persistent.Patient.father)
          - EntityAttributeFetchImpl(entity=edu.ncsu.csc.itrust2.models.persistent.User, querySpaceUid=<gen:2>, path=edu.ncsu.csc.itrust2.models.persistent.Patient.mother)
    - QuerySpaces
       - EntityQuerySpaceImpl(uid=<gen:0>, entity=edu.ncsu.csc.itrust2.models.persistent.Patient)
          - SQL table alias mapping - patient0_
          - alias suffix - 0_
          - suffixed key columns - {self_id18_12_0_}
          - JOIN (JoinDefinedByMetadata(id)) : <gen:0> -> <gen:0>-id
             - CompositeQuerySpaceImpl(uid=<gen:0>-id)
                - SQL table alias mapping - patient0_
          - JOIN (JoinDefinedByMetadata(father)) : <gen:0> -> <gen:1>
             - EntityQuerySpaceImpl(uid=<gen:1>, entity=edu.ncsu.csc.itrust2.models.persistent.User)
                - SQL table alias mapping - user1_
                - alias suffix - 1_
                - suffixed key columns - {username1_15_1_}
          - JOIN (JoinDefinedByMetadata(mother)) : <gen:0> -> <gen:2>
             - EntityQuerySpaceImpl(uid=<gen:2>, entity=edu.ncsu.csc.itrust2.models.persistent.User)
                - SQL table alias mapping - user2_
                - alias suffix - 2_
                - suffixed key columns - {username1_15_2_}

03:44:47.985 [main] DEBUG o.h.loader.entity.plan.EntityLoader - Static select for entity edu.ncsu.csc.itrust2.models.persistent.Patient [READ]: select patient0_.self_id as self_id18_12_0_, patient0_.address1 as address1_12_0_, patient0_.address2 as address2_12_0_, patient0_.bloodType as bloodTyp3_12_0_, patient0_.causeOfDeath as causeOfD4_12_0_, patient0_.city as city5_12_0_, patient0_.dateOfBirth as dateOfBi6_12_0_, patient0_.dateOfDeath as dateOfDe7_12_0_, patient0_.email as email8_12_0_, patient0_.ethnicity as ethnicit9_12_0_, patient0_.father_id as father_19_12_0_, patient0_.firstName as firstNa10_12_0_, patient0_.gender as gender11_12_0_, patient0_.id as id12_12_0_, patient0_.lastName as lastNam13_12_0_, patient0_.mother_id as mother_20_12_0_, patient0_.phone as phone14_12_0_, patient0_.preferredName as preferr15_12_0_, patient0_.state as state16_12_0_, patient0_.zip as zip17_12_0_, user1_.username as username1_15_1_, user1_.enabled as enabled2_15_1_, user1_.password as password3_15_1_, user1_.role as role4_15_1_, user2_.username as username1_15_2_, user2_.enabled as enabled2_15_2_, user2_.password as password3_15_2_, user2_.role as role4_15_2_ from Patients patient0_ left outer join Users user1_ on patient0_.father_id=user1_.username left outer join Users user2_ on patient0_.mother_id=user2_.username where patient0_.self_id=?
03:44:47.985 [main] DEBUG o.h.l.p.b.i.spaces.QuerySpacesImpl - Adding QuerySpace : uid = <gen:0> -> org.hibernate.loader.plan.build.internal.spaces.EntityQuerySpaceImpl@390b8418]
03:44:47.985 [main] DEBUG o.h.l.p.b.i.spaces.QuerySpacesImpl - Adding QuerySpace : uid = <gen:0>-id -> org.hibernate.loader.plan.build.internal.spaces.CompositeQuerySpaceImpl@5886b2ad]
03:44:47.985 [main] DEBUG o.h.p.w.spi.MetamodelGraphWalker - Visiting attribute path : self
03:44:47.985 [main] DEBUG o.h.p.w.spi.MetamodelGraphWalker - Property path deemed to be circular : self
03:44:47.985 [main] DEBUG o.h.p.w.spi.MetamodelGraphWalker - Visiting attribute path : address1
03:44:47.985 [main] DEBUG o.h.p.w.spi.MetamodelGraphWalker - Visiting attribute path : address2
03:44:47.985 [main] DEBUG o.h.p.w.spi.MetamodelGraphWalker - Visiting attribute path : bloodType
03:44:47.985 [main] DEBUG o.h.p.w.spi.MetamodelGraphWalker - Visiting attribute path : causeOfDeath
03:44:47.985 [main] DEBUG o.h.p.w.spi.MetamodelGraphWalker - Visiting attribute path : city
03:44:47.985 [main] DEBUG o.h.p.w.spi.MetamodelGraphWalker - Visiting attribute path : dateOfBirth
03:44:47.985 [main] DEBUG o.h.p.w.spi.MetamodelGraphWalker - Visiting attribute path : dateOfDeath
03:44:47.985 [main] DEBUG o.h.p.w.spi.MetamodelGraphWalker - Visiting attribute path : email
03:44:47.985 [main] DEBUG o.h.p.w.spi.MetamodelGraphWalker - Visiting attribute path : ethnicity
03:44:47.985 [main] DEBUG o.h.p.w.spi.MetamodelGraphWalker - Visiting attribute path : father
03:44:47.985 [main] DEBUG o.h.l.p.b.i.spaces.QuerySpacesImpl - Adding QuerySpace : uid = <gen:1> -> org.hibernate.loader.plan.build.internal.spaces.EntityQuerySpaceImpl@465ed2a0]
03:44:47.985 [main] DEBUG o.h.p.w.spi.MetamodelGraphWalker - Visiting attribute path : firstName
03:44:47.985 [main] DEBUG o.h.p.w.spi.MetamodelGraphWalker - Visiting attribute path : gender
03:44:47.985 [main] DEBUG o.h.p.w.spi.MetamodelGraphWalker - Visiting attribute path : id
03:44:47.988 [main] DEBUG o.h.p.w.spi.MetamodelGraphWalker - Visiting attribute path : lastName
03:44:47.988 [main] DEBUG o.h.p.w.spi.MetamodelGraphWalker - Visiting attribute path : mother
03:44:47.988 [main] DEBUG o.h.l.p.b.i.spaces.QuerySpacesImpl - Adding QuerySpace : uid = <gen:2> -> org.hibernate.loader.plan.build.internal.spaces.EntityQuerySpaceImpl@2ba0131c]
03:44:47.989 [main] DEBUG o.h.p.w.spi.MetamodelGraphWalker - Visiting attribute path : phone
03:44:47.989 [main] DEBUG o.h.p.w.spi.MetamodelGraphWalker - Visiting attribute path : preferredName
03:44:47.989 [main] DEBUG o.h.p.w.spi.MetamodelGraphWalker - Visiting attribute path : state
03:44:47.989 [main] DEBUG o.h.p.w.spi.MetamodelGraphWalker - Visiting attribute path : zip
03:44:47.989 [main] DEBUG o.h.l.p.b.i.FetchStyleLoadPlanBuildingAssociationVisitationStrategy - Building LoadPlan...
03:44:47.989 [main] DEBUG o.h.l.p.e.i.LoadQueryJoinAndFetchProcessor - processing queryspace <gen:0>
03:44:47.990 [main] DEBUG o.h.l.p.b.spi.LoadPlanTreePrinter - LoadPlan(entity=edu.ncsu.csc.itrust2.models.persistent.Patient)
    - Returns
       - EntityReturnImpl(entity=edu.ncsu.csc.itrust2.models.persistent.Patient, querySpaceUid=<gen:0>, path=edu.ncsu.csc.itrust2.models.persistent.Patient)
          - EntityAttributeFetchImpl(entity=edu.ncsu.csc.itrust2.models.persistent.User, querySpaceUid=<gen:1>, path=edu.ncsu.csc.itrust2.models.persistent.Patient.father)
          - EntityAttributeFetchImpl(entity=edu.ncsu.csc.itrust2.models.persistent.User, querySpaceUid=<gen:2>, path=edu.ncsu.csc.itrust2.models.persistent.Patient.mother)
    - QuerySpaces
       - EntityQuerySpaceImpl(uid=<gen:0>, entity=edu.ncsu.csc.itrust2.models.persistent.Patient)
          - SQL table alias mapping - patient0_
          - alias suffix - 0_
          - suffixed key columns - {self_id18_12_0_}
          - JOIN (JoinDefinedByMetadata(id)) : <gen:0> -> <gen:0>-id
             - CompositeQuerySpaceImpl(uid=<gen:0>-id)
                - SQL table alias mapping - patient0_

03:44:47.990 [main] DEBUG o.h.loader.entity.plan.EntityLoader - Static select for entity edu.ncsu.csc.itrust2.models.persistent.Patient [UPGRADE]: select patient0_.self_id as self_id18_12_0_, patient0_.address1 as address1_12_0_, patient0_.address2 as address2_12_0_, patient0_.bloodType as bloodTyp3_12_0_, patient0_.causeOfDeath as causeOfD4_12_0_, patient0_.city as city5_12_0_, patient0_.dateOfBirth as dateOfBi6_12_0_, patient0_.dateOfDeath as dateOfDe7_12_0_, patient0_.email as email8_12_0_, patient0_.ethnicity as ethnicit9_12_0_, patient0_.father_id as father_19_12_0_, patient0_.firstName as firstNa10_12_0_, patient0_.gender as gender11_12_0_, patient0_.id as id12_12_0_, patient0_.lastName as lastNam13_12_0_, patient0_.mother_id as mother_20_12_0_, patient0_.phone as phone14_12_0_, patient0_.preferredName as preferr15_12_0_, patient0_.state as state16_12_0_, patient0_.zip as zip17_12_0_ from Patients patient0_ where patient0_.self_id=? for update
03:44:47.990 [main] DEBUG o.h.l.p.b.i.spaces.QuerySpacesImpl - Adding QuerySpace : uid = <gen:0> -> org.hibernate.loader.plan.build.internal.spaces.EntityQuerySpaceImpl@770e5cde]
03:44:47.990 [main] DEBUG o.h.l.p.b.i.spaces.QuerySpacesImpl - Adding QuerySpace : uid = <gen:0>-id -> org.hibernate.loader.plan.build.internal.spaces.CompositeQuerySpaceImpl@5174d7e8]
03:44:47.990 [main] DEBUG o.h.p.w.spi.MetamodelGraphWalker - Visiting attribute path : self
03:44:47.990 [main] DEBUG o.h.p.w.spi.MetamodelGraphWalker - Property path deemed to be circular : self
03:44:47.991 [main] DEBUG o.h.p.w.spi.MetamodelGraphWalker - Visiting attribute path : address1
03:44:47.991 [main] DEBUG o.h.p.w.spi.MetamodelGraphWalker - Visiting attribute path : address2
03:44:47.991 [main] DEBUG o.h.p.w.spi.MetamodelGraphWalker - Visiting attribute path : bloodType
03:44:47.991 [main] DEBUG o.h.p.w.spi.MetamodelGraphWalker - Visiting attribute path : causeOfDeath
03:44:47.991 [main] DEBUG o.h.p.w.spi.MetamodelGraphWalker - Visiting attribute path : city
03:44:47.991 [main] DEBUG o.h.p.w.spi.MetamodelGraphWalker - Visiting attribute path : dateOfBirth
03:44:47.991 [main] DEBUG o.h.p.w.spi.MetamodelGraphWalker - Visiting attribute path : dateOfDeath
03:44:47.991 [main] DEBUG o.h.p.w.spi.MetamodelGraphWalker - Visiting attribute path : email
03:44:47.991 [main] DEBUG o.h.p.w.spi.MetamodelGraphWalker - Visiting attribute path : ethnicity
03:44:47.992 [main] DEBUG o.h.p.w.spi.MetamodelGraphWalker - Visiting attribute path : father
03:44:47.992 [main] DEBUG o.h.l.p.b.i.spaces.QuerySpacesImpl - Adding QuerySpace : uid = <gen:1> -> org.hibernate.loader.plan.build.internal.spaces.EntityQuerySpaceImpl@4ff15e5b]
03:44:47.992 [main] DEBUG o.h.p.w.spi.MetamodelGraphWalker - Visiting attribute path : firstName
03:44:47.992 [main] DEBUG o.h.p.w.spi.MetamodelGraphWalker - Visiting attribute path : gender
03:44:47.992 [main] DEBUG o.h.p.w.spi.MetamodelGraphWalker - Visiting attribute path : id
03:44:47.992 [main] DEBUG o.h.p.w.spi.MetamodelGraphWalker - Visiting attribute path : lastName
03:44:47.992 [main] DEBUG o.h.p.w.spi.MetamodelGraphWalker - Visiting attribute path : mother
03:44:47.992 [main] DEBUG o.h.l.p.b.i.spaces.QuerySpacesImpl - Adding QuerySpace : uid = <gen:2> -> org.hibernate.loader.plan.build.internal.spaces.EntityQuerySpaceImpl@38cd1bda]
03:44:47.992 [main] DEBUG o.h.p.w.spi.MetamodelGraphWalker - Visiting attribute path : phone
03:44:47.993 [main] DEBUG o.h.p.w.spi.MetamodelGraphWalker - Visiting attribute path : preferredName
03:44:47.993 [main] DEBUG o.h.p.w.spi.MetamodelGraphWalker - Visiting attribute path : state
03:44:47.993 [main] DEBUG o.h.p.w.spi.MetamodelGraphWalker - Visiting attribute path : zip
03:44:47.993 [main] DEBUG o.h.l.p.b.i.FetchStyleLoadPlanBuildingAssociationVisitationStrategy - Building LoadPlan...
03:44:47.993 [main] DEBUG o.h.l.p.e.i.LoadQueryJoinAndFetchProcessor - processing queryspace <gen:0>
03:44:47.994 [main] DEBUG o.h.l.p.b.spi.LoadPlanTreePrinter - LoadPlan(entity=edu.ncsu.csc.itrust2.models.persistent.Patient)
    - Returns
       - EntityReturnImpl(entity=edu.ncsu.csc.itrust2.models.persistent.Patient, querySpaceUid=<gen:0>, path=edu.ncsu.csc.itrust2.models.persistent.Patient)
          - EntityAttributeFetchImpl(entity=edu.ncsu.csc.itrust2.models.persistent.User, querySpaceUid=<gen:1>, path=edu.ncsu.csc.itrust2.models.persistent.Patient.father)
          - EntityAttributeFetchImpl(entity=edu.ncsu.csc.itrust2.models.persistent.User, querySpaceUid=<gen:2>, path=edu.ncsu.csc.itrust2.models.persistent.Patient.mother)
    - QuerySpaces
       - EntityQuerySpaceImpl(uid=<gen:0>, entity=edu.ncsu.csc.itrust2.models.persistent.Patient)
          - SQL table alias mapping - patient0_
          - alias suffix - 0_
          - suffixed key columns - {self_id18_12_0_}
          - JOIN (JoinDefinedByMetadata(id)) : <gen:0> -> <gen:0>-id
             - CompositeQuerySpaceImpl(uid=<gen:0>-id)
                - SQL table alias mapping - patient0_

03:44:47.994 [main] DEBUG o.h.loader.entity.plan.EntityLoader - Static select for entity edu.ncsu.csc.itrust2.models.persistent.Patient [UPGRADE_NOWAIT]: select patient0_.self_id as self_id18_12_0_, patient0_.address1 as address1_12_0_, patient0_.address2 as address2_12_0_, patient0_.bloodType as bloodTyp3_12_0_, patient0_.causeOfDeath as causeOfD4_12_0_, patient0_.city as city5_12_0_, patient0_.dateOfBirth as dateOfBi6_12_0_, patient0_.dateOfDeath as dateOfDe7_12_0_, patient0_.email as email8_12_0_, patient0_.ethnicity as ethnicit9_12_0_, patient0_.father_id as father_19_12_0_, patient0_.firstName as firstNa10_12_0_, patient0_.gender as gender11_12_0_, patient0_.id as id12_12_0_, patient0_.lastName as lastNam13_12_0_, patient0_.mother_id as mother_20_12_0_, patient0_.phone as phone14_12_0_, patient0_.preferredName as preferr15_12_0_, patient0_.state as state16_12_0_, patient0_.zip as zip17_12_0_ from Patients patient0_ where patient0_.self_id=? for update
03:44:47.994 [main] DEBUG o.h.l.p.b.i.spaces.QuerySpacesImpl - Adding QuerySpace : uid = <gen:0> -> org.hibernate.loader.plan.build.internal.spaces.EntityQuerySpaceImpl@27785213]
03:44:47.994 [main] DEBUG o.h.l.p.b.i.spaces.QuerySpacesImpl - Adding QuerySpace : uid = <gen:0>-id -> org.hibernate.loader.plan.build.internal.spaces.CompositeQuerySpaceImpl@dd58245]
03:44:47.994 [main] DEBUG o.h.p.w.spi.MetamodelGraphWalker - Visiting attribute path : self
03:44:47.994 [main] DEBUG o.h.p.w.spi.MetamodelGraphWalker - Property path deemed to be circular : self
03:44:47.994 [main] DEBUG o.h.p.w.spi.MetamodelGraphWalker - Visiting attribute path : address1
03:44:47.995 [main] DEBUG o.h.p.w.spi.MetamodelGraphWalker - Visiting attribute path : address2
03:44:47.995 [main] DEBUG o.h.p.w.spi.MetamodelGraphWalker - Visiting attribute path : bloodType
03:44:47.995 [main] DEBUG o.h.p.w.spi.MetamodelGraphWalker - Visiting attribute path : causeOfDeath
03:44:47.995 [main] DEBUG o.h.p.w.spi.MetamodelGraphWalker - Visiting attribute path : city
03:44:47.995 [main] DEBUG o.h.p.w.spi.MetamodelGraphWalker - Visiting attribute path : dateOfBirth
03:44:47.995 [main] DEBUG o.h.p.w.spi.MetamodelGraphWalker - Visiting attribute path : dateOfDeath
03:44:47.995 [main] DEBUG o.h.p.w.spi.MetamodelGraphWalker - Visiting attribute path : email
03:44:47.995 [main] DEBUG o.h.p.w.spi.MetamodelGraphWalker - Visiting attribute path : ethnicity
03:44:47.995 [main] DEBUG o.h.p.w.spi.MetamodelGraphWalker - Visiting attribute path : father
03:44:47.996 [main] DEBUG o.h.l.p.b.i.spaces.QuerySpacesImpl - Adding QuerySpace : uid = <gen:1> -> org.hibernate.loader.plan.build.internal.spaces.EntityQuerySpaceImpl@7d5df6e2]
03:44:47.996 [main] DEBUG o.h.p.w.spi.MetamodelGraphWalker - Visiting attribute path : firstName
03:44:47.996 [main] DEBUG o.h.p.w.spi.MetamodelGraphWalker - Visiting attribute path : gender
03:44:47.996 [main] DEBUG o.h.p.w.spi.MetamodelGraphWalker - Visiting attribute path : id
03:44:47.996 [main] DEBUG o.h.p.w.spi.MetamodelGraphWalker - Visiting attribute path : lastName
03:44:47.996 [main] DEBUG o.h.p.w.spi.MetamodelGraphWalker - Visiting attribute path : mother
03:44:47.996 [main] DEBUG o.h.l.p.b.i.spaces.QuerySpacesImpl - Adding QuerySpace : uid = <gen:2> -> org.hibernate.loader.plan.build.internal.spaces.EntityQuerySpaceImpl@5c3b94a6]
03:44:47.996 [main] DEBUG o.h.p.w.spi.MetamodelGraphWalker - Visiting attribute path : phone
03:44:47.997 [main] DEBUG o.h.p.w.spi.MetamodelGraphWalker - Visiting attribute path : preferredName
03:44:47.997 [main] DEBUG o.h.p.w.spi.MetamodelGraphWalker - Visiting attribute path : state
03:44:47.997 [main] DEBUG o.h.p.w.spi.MetamodelGraphWalker - Visiting attribute path : zip
03:44:47.997 [main] DEBUG o.h.l.p.b.i.FetchStyleLoadPlanBuildingAssociationVisitationStrategy - Building LoadPlan...
03:44:47.997 [main] DEBUG o.h.l.p.e.i.LoadQueryJoinAndFetchProcessor - processing queryspace <gen:0>
03:44:47.998 [main] DEBUG o.h.l.p.b.spi.LoadPlanTreePrinter - LoadPlan(entity=edu.ncsu.csc.itrust2.models.persistent.Patient)
    - Returns
       - EntityReturnImpl(entity=edu.ncsu.csc.itrust2.models.persistent.Patient, querySpaceUid=<gen:0>, path=edu.ncsu.csc.itrust2.models.persistent.Patient)
          - EntityAttributeFetchImpl(entity=edu.ncsu.csc.itrust2.models.persistent.User, querySpaceUid=<gen:1>, path=edu.ncsu.csc.itrust2.models.persistent.Patient.father)
          - EntityAttributeFetchImpl(entity=edu.ncsu.csc.itrust2.models.persistent.User, querySpaceUid=<gen:2>, path=edu.ncsu.csc.itrust2.models.persistent.Patient.mother)
    - QuerySpaces
       - EntityQuerySpaceImpl(uid=<gen:0>, entity=edu.ncsu.csc.itrust2.models.persistent.Patient)
          - SQL table alias mapping - patient0_
          - alias suffix - 0_
          - suffixed key columns - {self_id18_12_0_}
          - JOIN (JoinDefinedByMetadata(id)) : <gen:0> -> <gen:0>-id
             - CompositeQuerySpaceImpl(uid=<gen:0>-id)
                - SQL table alias mapping - patient0_

03:44:47.998 [main] DEBUG o.h.loader.entity.plan.EntityLoader - Static select for entity edu.ncsu.csc.itrust2.models.persistent.Patient [UPGRADE_SKIPLOCKED]: select patient0_.self_id as self_id18_12_0_, patient0_.address1 as address1_12_0_, patient0_.address2 as address2_12_0_, patient0_.bloodType as bloodTyp3_12_0_, patient0_.causeOfDeath as causeOfD4_12_0_, patient0_.city as city5_12_0_, patient0_.dateOfBirth as dateOfBi6_12_0_, patient0_.dateOfDeath as dateOfDe7_12_0_, patient0_.email as email8_12_0_, patient0_.ethnicity as ethnicit9_12_0_, patient0_.father_id as father_19_12_0_, patient0_.firstName as firstNa10_12_0_, patient0_.gender as gender11_12_0_, patient0_.id as id12_12_0_, patient0_.lastName as lastNam13_12_0_, patient0_.mother_id as mother_20_12_0_, patient0_.phone as phone14_12_0_, patient0_.preferredName as preferr15_12_0_, patient0_.state as state16_12_0_, patient0_.zip as zip17_12_0_ from Patients patient0_ where patient0_.self_id=? for update
03:44:47.998 [main] DEBUG o.h.l.p.b.i.spaces.QuerySpacesImpl - Adding QuerySpace : uid = <gen:0> -> org.hibernate.loader.plan.build.internal.spaces.EntityQuerySpaceImpl@c493b15]
03:44:47.998 [main] DEBUG o.h.l.p.b.i.spaces.QuerySpacesImpl - Adding QuerySpace : uid = <gen:0>-id -> org.hibernate.loader.plan.build.internal.spaces.CompositeQuerySpaceImpl@12be8c62]
03:44:47.998 [main] DEBUG o.h.p.w.spi.MetamodelGraphWalker - Visiting attribute path : self
03:44:47.998 [main] DEBUG o.h.p.w.spi.MetamodelGraphWalker - Property path deemed to be circular : self
03:44:47.998 [main] DEBUG o.h.p.w.spi.MetamodelGraphWalker - Visiting attribute path : address1
03:44:47.999 [main] DEBUG o.h.p.w.spi.MetamodelGraphWalker - Visiting attribute path : address2
03:44:47.999 [main] DEBUG o.h.p.w.spi.MetamodelGraphWalker - Visiting attribute path : bloodType
03:44:48.007 [main] DEBUG o.h.p.w.spi.MetamodelGraphWalker - Visiting attribute path : causeOfDeath
03:44:48.007 [main] DEBUG o.h.p.w.spi.MetamodelGraphWalker - Visiting attribute path : city
03:44:48.007 [main] DEBUG o.h.p.w.spi.MetamodelGraphWalker - Visiting attribute path : dateOfBirth
03:44:48.007 [main] DEBUG o.h.p.w.spi.MetamodelGraphWalker - Visiting attribute path : dateOfDeath
03:44:48.008 [main] DEBUG o.h.p.w.spi.MetamodelGraphWalker - Visiting attribute path : email
03:44:48.008 [main] DEBUG o.h.p.w.spi.MetamodelGraphWalker - Visiting attribute path : ethnicity
03:44:48.008 [main] DEBUG o.h.p.w.spi.MetamodelGraphWalker - Visiting attribute path : father
03:44:48.008 [main] DEBUG o.h.l.p.b.i.spaces.QuerySpacesImpl - Adding QuerySpace : uid = <gen:1> -> org.hibernate.loader.plan.build.internal.spaces.EntityQuerySpaceImpl@458caaa6]
03:44:48.008 [main] DEBUG o.h.p.w.spi.MetamodelGraphWalker - Visiting attribute path : firstName
03:44:48.008 [main] DEBUG o.h.p.w.spi.MetamodelGraphWalker - Visiting attribute path : gender
03:44:48.008 [main] DEBUG o.h.p.w.spi.MetamodelGraphWalker - Visiting attribute path : id
03:44:48.008 [main] DEBUG o.h.p.w.spi.MetamodelGraphWalker - Visiting attribute path : lastName
03:44:48.008 [main] DEBUG o.h.p.w.spi.MetamodelGraphWalker - Visiting attribute path : mother
03:44:48.008 [main] DEBUG o.h.l.p.b.i.spaces.QuerySpacesImpl - Adding QuerySpace : uid = <gen:2> -> org.hibernate.loader.plan.build.internal.spaces.EntityQuerySpaceImpl@2337e3e9]
03:44:48.008 [main] DEBUG o.h.p.w.spi.MetamodelGraphWalker - Visiting attribute path : phone
03:44:48.008 [main] DEBUG o.h.p.w.spi.MetamodelGraphWalker - Visiting attribute path : preferredName
03:44:48.008 [main] DEBUG o.h.p.w.spi.MetamodelGraphWalker - Visiting attribute path : state
03:44:48.008 [main] DEBUG o.h.p.w.spi.MetamodelGraphWalker - Visiting attribute path : zip
03:44:48.008 [main] DEBUG o.h.l.p.b.i.FetchStyleLoadPlanBuildingAssociationVisitationStrategy - Building LoadPlan...
03:44:48.008 [main] DEBUG o.h.l.p.e.i.LoadQueryJoinAndFetchProcessor - processing queryspace <gen:0>
03:44:48.009 [main] DEBUG o.h.l.p.b.spi.LoadPlanTreePrinter - LoadPlan(entity=edu.ncsu.csc.itrust2.models.persistent.Patient)
    - Returns
       - EntityReturnImpl(entity=edu.ncsu.csc.itrust2.models.persistent.Patient, querySpaceUid=<gen:0>, path=edu.ncsu.csc.itrust2.models.persistent.Patient)
          - EntityAttributeFetchImpl(entity=edu.ncsu.csc.itrust2.models.persistent.User, querySpaceUid=<gen:1>, path=edu.ncsu.csc.itrust2.models.persistent.Patient.father)
          - EntityAttributeFetchImpl(entity=edu.ncsu.csc.itrust2.models.persistent.User, querySpaceUid=<gen:2>, path=edu.ncsu.csc.itrust2.models.persistent.Patient.mother)
    - QuerySpaces
       - EntityQuerySpaceImpl(uid=<gen:0>, entity=edu.ncsu.csc.itrust2.models.persistent.Patient)
          - SQL table alias mapping - patient0_
          - alias suffix - 0_
          - suffixed key columns - {self_id18_12_0_}
          - JOIN (JoinDefinedByMetadata(id)) : <gen:0> -> <gen:0>-id
             - CompositeQuerySpaceImpl(uid=<gen:0>-id)
                - SQL table alias mapping - patient0_

03:44:48.009 [main] DEBUG o.h.loader.entity.plan.EntityLoader - Static select for entity edu.ncsu.csc.itrust2.models.persistent.Patient [FORCE]: select patient0_.self_id as self_id18_12_0_, patient0_.address1 as address1_12_0_, patient0_.address2 as address2_12_0_, patient0_.bloodType as bloodTyp3_12_0_, patient0_.causeOfDeath as causeOfD4_12_0_, patient0_.city as city5_12_0_, patient0_.dateOfBirth as dateOfBi6_12_0_, patient0_.dateOfDeath as dateOfDe7_12_0_, patient0_.email as email8_12_0_, patient0_.ethnicity as ethnicit9_12_0_, patient0_.father_id as father_19_12_0_, patient0_.firstName as firstNa10_12_0_, patient0_.gender as gender11_12_0_, patient0_.id as id12_12_0_, patient0_.lastName as lastNam13_12_0_, patient0_.mother_id as mother_20_12_0_, patient0_.phone as phone14_12_0_, patient0_.preferredName as preferr15_12_0_, patient0_.state as state16_12_0_, patient0_.zip as zip17_12_0_ from Patients patient0_ where patient0_.self_id=? for update
03:44:48.009 [main] DEBUG o.h.l.p.b.i.spaces.QuerySpacesImpl - Adding QuerySpace : uid = <gen:0> -> org.hibernate.loader.plan.build.internal.spaces.EntityQuerySpaceImpl@1754aaa4]
03:44:48.009 [main] DEBUG o.h.l.p.b.i.spaces.QuerySpacesImpl - Adding QuerySpace : uid = <gen:0>-id -> org.hibernate.loader.plan.build.internal.spaces.CompositeQuerySpaceImpl@52884195]
03:44:48.009 [main] DEBUG o.h.p.w.spi.MetamodelGraphWalker - Visiting attribute path : self
03:44:48.009 [main] DEBUG o.h.p.w.spi.MetamodelGraphWalker - Property path deemed to be circular : self
03:44:48.009 [main] DEBUG o.h.p.w.spi.MetamodelGraphWalker - Visiting attribute path : address1
03:44:48.009 [main] DEBUG o.h.p.w.spi.MetamodelGraphWalker - Visiting attribute path : address2
03:44:48.009 [main] DEBUG o.h.p.w.spi.MetamodelGraphWalker - Visiting attribute path : bloodType
03:44:48.009 [main] DEBUG o.h.p.w.spi.MetamodelGraphWalker - Visiting attribute path : causeOfDeath
03:44:48.009 [main] DEBUG o.h.p.w.spi.MetamodelGraphWalker - Visiting attribute path : city
03:44:48.009 [main] DEBUG o.h.p.w.spi.MetamodelGraphWalker - Visiting attribute path : dateOfBirth
03:44:48.009 [main] DEBUG o.h.p.w.spi.MetamodelGraphWalker - Visiting attribute path : dateOfDeath
03:44:48.009 [main] DEBUG o.h.p.w.spi.MetamodelGraphWalker - Visiting attribute path : email
03:44:48.009 [main] DEBUG o.h.p.w.spi.MetamodelGraphWalker - Visiting attribute path : ethnicity
03:44:48.009 [main] DEBUG o.h.p.w.spi.MetamodelGraphWalker - Visiting attribute path : father
03:44:48.009 [main] DEBUG o.h.l.p.b.i.spaces.QuerySpacesImpl - Adding QuerySpace : uid = <gen:1> -> org.hibernate.loader.plan.build.internal.spaces.EntityQuerySpaceImpl@5c760302]
03:44:48.009 [main] DEBUG o.h.p.w.spi.MetamodelGraphWalker - Visiting attribute path : firstName
03:44:48.009 [main] DEBUG o.h.p.w.spi.MetamodelGraphWalker - Visiting attribute path : gender
03:44:48.009 [main] DEBUG o.h.p.w.spi.MetamodelGraphWalker - Visiting attribute path : id
03:44:48.009 [main] DEBUG o.h.p.w.spi.MetamodelGraphWalker - Visiting attribute path : lastName
03:44:48.009 [main] DEBUG o.h.p.w.spi.MetamodelGraphWalker - Visiting attribute path : mother
03:44:48.010 [main] DEBUG o.h.l.p.b.i.spaces.QuerySpacesImpl - Adding QuerySpace : uid = <gen:2> -> org.hibernate.loader.plan.build.internal.spaces.EntityQuerySpaceImpl@4c6275f0]
03:44:48.010 [main] DEBUG o.h.p.w.spi.MetamodelGraphWalker - Visiting attribute path : phone
03:44:48.010 [main] DEBUG o.h.p.w.spi.MetamodelGraphWalker - Visiting attribute path : preferredName
03:44:48.010 [main] DEBUG o.h.p.w.spi.MetamodelGraphWalker - Visiting attribute path : state
03:44:48.010 [main] DEBUG o.h.p.w.spi.MetamodelGraphWalker - Visiting attribute path : zip
03:44:48.010 [main] DEBUG o.h.l.p.b.i.FetchStyleLoadPlanBuildingAssociationVisitationStrategy - Building LoadPlan...
03:44:48.010 [main] DEBUG o.h.l.p.e.i.LoadQueryJoinAndFetchProcessor - processing queryspace <gen:0>
03:44:48.010 [main] DEBUG o.h.l.p.b.spi.LoadPlanTreePrinter - LoadPlan(entity=edu.ncsu.csc.itrust2.models.persistent.Patient)
    - Returns
       - EntityReturnImpl(entity=edu.ncsu.csc.itrust2.models.persistent.Patient, querySpaceUid=<gen:0>, path=edu.ncsu.csc.itrust2.models.persistent.Patient)
          - EntityAttributeFetchImpl(entity=edu.ncsu.csc.itrust2.models.persistent.User, querySpaceUid=<gen:1>, path=edu.ncsu.csc.itrust2.models.persistent.Patient.father)
          - EntityAttributeFetchImpl(entity=edu.ncsu.csc.itrust2.models.persistent.User, querySpaceUid=<gen:2>, path=edu.ncsu.csc.itrust2.models.persistent.Patient.mother)
    - QuerySpaces
       - EntityQuerySpaceImpl(uid=<gen:0>, entity=edu.ncsu.csc.itrust2.models.persistent.Patient)
          - SQL table alias mapping - patient0_
          - alias suffix - 0_
          - suffixed key columns - {self_id18_12_0_}
          - JOIN (JoinDefinedByMetadata(id)) : <gen:0> -> <gen:0>-id
             - CompositeQuerySpaceImpl(uid=<gen:0>-id)
                - SQL table alias mapping - patient0_

03:44:48.010 [main] DEBUG o.h.loader.entity.plan.EntityLoader - Static select for entity edu.ncsu.csc.itrust2.models.persistent.Patient [PESSIMISTIC_READ]: select patient0_.self_id as self_id18_12_0_, patient0_.address1 as address1_12_0_, patient0_.address2 as address2_12_0_, patient0_.bloodType as bloodTyp3_12_0_, patient0_.causeOfDeath as causeOfD4_12_0_, patient0_.city as city5_12_0_, patient0_.dateOfBirth as dateOfBi6_12_0_, patient0_.dateOfDeath as dateOfDe7_12_0_, patient0_.email as email8_12_0_, patient0_.ethnicity as ethnicit9_12_0_, patient0_.father_id as father_19_12_0_, patient0_.firstName as firstNa10_12_0_, patient0_.gender as gender11_12_0_, patient0_.id as id12_12_0_, patient0_.lastName as lastNam13_12_0_, patient0_.mother_id as mother_20_12_0_, patient0_.phone as phone14_12_0_, patient0_.preferredName as preferr15_12_0_, patient0_.state as state16_12_0_, patient0_.zip as zip17_12_0_ from Patients patient0_ where patient0_.self_id=? lock in share mode
03:44:48.010 [main] DEBUG o.h.l.p.b.i.spaces.QuerySpacesImpl - Adding QuerySpace : uid = <gen:0> -> org.hibernate.loader.plan.build.internal.spaces.EntityQuerySpaceImpl@36ae125c]
03:44:48.010 [main] DEBUG o.h.l.p.b.i.spaces.QuerySpacesImpl - Adding QuerySpace : uid = <gen:0>-id -> org.hibernate.loader.plan.build.internal.spaces.CompositeQuerySpaceImpl@7406db58]
03:44:48.010 [main] DEBUG o.h.p.w.spi.MetamodelGraphWalker - Visiting attribute path : self
03:44:48.010 [main] DEBUG o.h.p.w.spi.MetamodelGraphWalker - Property path deemed to be circular : self
03:44:48.010 [main] DEBUG o.h.p.w.spi.MetamodelGraphWalker - Visiting attribute path : address1
03:44:48.010 [main] DEBUG o.h.p.w.spi.MetamodelGraphWalker - Visiting attribute path : address2
03:44:48.010 [main] DEBUG o.h.p.w.spi.MetamodelGraphWalker - Visiting attribute path : bloodType
03:44:48.011 [main] DEBUG o.h.p.w.spi.MetamodelGraphWalker - Visiting attribute path : causeOfDeath
03:44:48.011 [main] DEBUG o.h.p.w.spi.MetamodelGraphWalker - Visiting attribute path : city
03:44:48.011 [main] DEBUG o.h.p.w.spi.MetamodelGraphWalker - Visiting attribute path : dateOfBirth
03:44:48.011 [main] DEBUG o.h.p.w.spi.MetamodelGraphWalker - Visiting attribute path : dateOfDeath
03:44:48.011 [main] DEBUG o.h.p.w.spi.MetamodelGraphWalker - Visiting attribute path : email
03:44:48.011 [main] DEBUG o.h.p.w.spi.MetamodelGraphWalker - Visiting attribute path : ethnicity
03:44:48.011 [main] DEBUG o.h.p.w.spi.MetamodelGraphWalker - Visiting attribute path : father
03:44:48.011 [main] DEBUG o.h.l.p.b.i.spaces.QuerySpacesImpl - Adding QuerySpace : uid = <gen:1> -> org.hibernate.loader.plan.build.internal.spaces.EntityQuerySpaceImpl@1ec5590]
03:44:48.011 [main] DEBUG o.h.p.w.spi.MetamodelGraphWalker - Visiting attribute path : firstName
03:44:48.011 [main] DEBUG o.h.p.w.spi.MetamodelGraphWalker - Visiting attribute path : gender
03:44:48.011 [main] DEBUG o.h.p.w.spi.MetamodelGraphWalker - Visiting attribute path : id
03:44:48.011 [main] DEBUG o.h.p.w.spi.MetamodelGraphWalker - Visiting attribute path : lastName
03:44:48.011 [main] DEBUG o.h.p.w.spi.MetamodelGraphWalker - Visiting attribute path : mother
03:44:48.011 [main] DEBUG o.h.l.p.b.i.spaces.QuerySpacesImpl - Adding QuerySpace : uid = <gen:2> -> org.hibernate.loader.plan.build.internal.spaces.EntityQuerySpaceImpl@437292ee]
03:44:48.011 [main] DEBUG o.h.p.w.spi.MetamodelGraphWalker - Visiting attribute path : phone
03:44:48.011 [main] DEBUG o.h.p.w.spi.MetamodelGraphWalker - Visiting attribute path : preferredName
03:44:48.011 [main] DEBUG o.h.p.w.spi.MetamodelGraphWalker - Visiting attribute path : state
03:44:48.011 [main] DEBUG o.h.p.w.spi.MetamodelGraphWalker - Visiting attribute path : zip
03:44:48.011 [main] DEBUG o.h.l.p.b.i.FetchStyleLoadPlanBuildingAssociationVisitationStrategy - Building LoadPlan...
03:44:48.011 [main] DEBUG o.h.l.p.e.i.LoadQueryJoinAndFetchProcessor - processing queryspace <gen:0>
03:44:48.012 [main] DEBUG o.h.l.p.b.spi.LoadPlanTreePrinter - LoadPlan(entity=edu.ncsu.csc.itrust2.models.persistent.Patient)
    - Returns
       - EntityReturnImpl(entity=edu.ncsu.csc.itrust2.models.persistent.Patient, querySpaceUid=<gen:0>, path=edu.ncsu.csc.itrust2.models.persistent.Patient)
          - EntityAttributeFetchImpl(entity=edu.ncsu.csc.itrust2.models.persistent.User, querySpaceUid=<gen:1>, path=edu.ncsu.csc.itrust2.models.persistent.Patient.father)
          - EntityAttributeFetchImpl(entity=edu.ncsu.csc.itrust2.models.persistent.User, querySpaceUid=<gen:2>, path=edu.ncsu.csc.itrust2.models.persistent.Patient.mother)
    - QuerySpaces
       - EntityQuerySpaceImpl(uid=<gen:0>, entity=edu.ncsu.csc.itrust2.models.persistent.Patient)
          - SQL table alias mapping - patient0_
          - alias suffix - 0_
          - suffixed key columns - {self_id18_12_0_}
          - JOIN (JoinDefinedByMetadata(id)) : <gen:0> -> <gen:0>-id
             - CompositeQuerySpaceImpl(uid=<gen:0>-id)
                - SQL table alias mapping - patient0_

03:44:48.012 [main] DEBUG o.h.loader.entity.plan.EntityLoader - Static select for entity edu.ncsu.csc.itrust2.models.persistent.Patient [PESSIMISTIC_WRITE]: select patient0_.self_id as self_id18_12_0_, patient0_.address1 as address1_12_0_, patient0_.address2 as address2_12_0_, patient0_.bloodType as bloodTyp3_12_0_, patient0_.causeOfDeath as causeOfD4_12_0_, patient0_.city as city5_12_0_, patient0_.dateOfBirth as dateOfBi6_12_0_, patient0_.dateOfDeath as dateOfDe7_12_0_, patient0_.email as email8_12_0_, patient0_.ethnicity as ethnicit9_12_0_, patient0_.father_id as father_19_12_0_, patient0_.firstName as firstNa10_12_0_, patient0_.gender as gender11_12_0_, patient0_.id as id12_12_0_, patient0_.lastName as lastNam13_12_0_, patient0_.mother_id as mother_20_12_0_, patient0_.phone as phone14_12_0_, patient0_.preferredName as preferr15_12_0_, patient0_.state as state16_12_0_, patient0_.zip as zip17_12_0_ from Patients patient0_ where patient0_.self_id=? for update
03:44:48.012 [main] DEBUG o.h.l.p.b.i.spaces.QuerySpacesImpl - Adding QuerySpace : uid = <gen:0> -> org.hibernate.loader.plan.build.internal.spaces.EntityQuerySpaceImpl@7e0d38a9]
03:44:48.012 [main] DEBUG o.h.l.p.b.i.spaces.QuerySpacesImpl - Adding QuerySpace : uid = <gen:0>-id -> org.hibernate.loader.plan.build.internal.spaces.CompositeQuerySpaceImpl@df6cc57]
03:44:48.012 [main] DEBUG o.h.p.w.spi.MetamodelGraphWalker - Visiting attribute path : self
03:44:48.012 [main] DEBUG o.h.p.w.spi.MetamodelGraphWalker - Property path deemed to be circular : self
03:44:48.012 [main] DEBUG o.h.p.w.spi.MetamodelGraphWalker - Visiting attribute path : address1
03:44:48.012 [main] DEBUG o.h.p.w.spi.MetamodelGraphWalker - Visiting attribute path : address2
03:44:48.012 [main] DEBUG o.h.p.w.spi.MetamodelGraphWalker - Visiting attribute path : bloodType
03:44:48.012 [main] DEBUG o.h.p.w.spi.MetamodelGraphWalker - Visiting attribute path : causeOfDeath
03:44:48.012 [main] DEBUG o.h.p.w.spi.MetamodelGraphWalker - Visiting attribute path : city
03:44:48.012 [main] DEBUG o.h.p.w.spi.MetamodelGraphWalker - Visiting attribute path : dateOfBirth
03:44:48.012 [main] DEBUG o.h.p.w.spi.MetamodelGraphWalker - Visiting attribute path : dateOfDeath
03:44:48.012 [main] DEBUG o.h.p.w.spi.MetamodelGraphWalker - Visiting attribute path : email
03:44:48.012 [main] DEBUG o.h.p.w.spi.MetamodelGraphWalker - Visiting attribute path : ethnicity
03:44:48.012 [main] DEBUG o.h.p.w.spi.MetamodelGraphWalker - Visiting attribute path : father
03:44:48.013 [main] DEBUG o.h.l.p.b.i.spaces.QuerySpacesImpl - Adding QuerySpace : uid = <gen:1> -> org.hibernate.loader.plan.build.internal.spaces.EntityQuerySpaceImpl@2e38ed9f]
03:44:48.013 [main] DEBUG o.h.p.w.spi.MetamodelGraphWalker - Visiting attribute path : firstName
03:44:48.013 [main] DEBUG o.h.p.w.spi.MetamodelGraphWalker - Visiting attribute path : gender
03:44:48.013 [main] DEBUG o.h.p.w.spi.MetamodelGraphWalker - Visiting attribute path : id
03:44:48.013 [main] DEBUG o.h.p.w.spi.MetamodelGraphWalker - Visiting attribute path : lastName
03:44:48.013 [main] DEBUG o.h.p.w.spi.MetamodelGraphWalker - Visiting attribute path : mother
03:44:48.013 [main] DEBUG o.h.l.p.b.i.spaces.QuerySpacesImpl - Adding QuerySpace : uid = <gen:2> -> org.hibernate.loader.plan.build.internal.spaces.EntityQuerySpaceImpl@1597087b]
03:44:48.013 [main] DEBUG o.h.p.w.spi.MetamodelGraphWalker - Visiting attribute path : phone
03:44:48.013 [main] DEBUG o.h.p.w.spi.MetamodelGraphWalker - Visiting attribute path : preferredName
03:44:48.013 [main] DEBUG o.h.p.w.spi.MetamodelGraphWalker - Visiting attribute path : state
03:44:48.013 [main] DEBUG o.h.p.w.spi.MetamodelGraphWalker - Visiting attribute path : zip
03:44:48.013 [main] DEBUG o.h.l.p.b.i.FetchStyleLoadPlanBuildingAssociationVisitationStrategy - Building LoadPlan...
03:44:48.013 [main] DEBUG o.h.l.p.e.i.LoadQueryJoinAndFetchProcessor - processing queryspace <gen:0>
03:44:48.014 [main] DEBUG o.h.l.p.b.spi.LoadPlanTreePrinter - LoadPlan(entity=edu.ncsu.csc.itrust2.models.persistent.Patient)
    - Returns
       - EntityReturnImpl(entity=edu.ncsu.csc.itrust2.models.persistent.Patient, querySpaceUid=<gen:0>, path=edu.ncsu.csc.itrust2.models.persistent.Patient)
          - EntityAttributeFetchImpl(entity=edu.ncsu.csc.itrust2.models.persistent.User, querySpaceUid=<gen:1>, path=edu.ncsu.csc.itrust2.models.persistent.Patient.father)
          - EntityAttributeFetchImpl(entity=edu.ncsu.csc.itrust2.models.persistent.User, querySpaceUid=<gen:2>, path=edu.ncsu.csc.itrust2.models.persistent.Patient.mother)
    - QuerySpaces
       - EntityQuerySpaceImpl(uid=<gen:0>, entity=edu.ncsu.csc.itrust2.models.persistent.Patient)
          - SQL table alias mapping - patient0_
          - alias suffix - 0_
          - suffixed key columns - {self_id18_12_0_}
          - JOIN (JoinDefinedByMetadata(id)) : <gen:0> -> <gen:0>-id
             - CompositeQuerySpaceImpl(uid=<gen:0>-id)
                - SQL table alias mapping - patient0_

03:44:48.014 [main] DEBUG o.h.loader.entity.plan.EntityLoader - Static select for entity edu.ncsu.csc.itrust2.models.persistent.Patient [PESSIMISTIC_FORCE_INCREMENT]: select patient0_.self_id as self_id18_12_0_, patient0_.address1 as address1_12_0_, patient0_.address2 as address2_12_0_, patient0_.bloodType as bloodTyp3_12_0_, patient0_.causeOfDeath as causeOfD4_12_0_, patient0_.city as city5_12_0_, patient0_.dateOfBirth as dateOfBi6_12_0_, patient0_.dateOfDeath as dateOfDe7_12_0_, patient0_.email as email8_12_0_, patient0_.ethnicity as ethnicit9_12_0_, patient0_.father_id as father_19_12_0_, patient0_.firstName as firstNa10_12_0_, patient0_.gender as gender11_12_0_, patient0_.id as id12_12_0_, patient0_.lastName as lastNam13_12_0_, patient0_.mother_id as mother_20_12_0_, patient0_.phone as phone14_12_0_, patient0_.preferredName as preferr15_12_0_, patient0_.state as state16_12_0_, patient0_.zip as zip17_12_0_ from Patients patient0_ where patient0_.self_id=? for update
03:44:48.014 [main] DEBUG o.h.l.p.b.i.spaces.QuerySpacesImpl - Adding QuerySpace : uid = <gen:0> -> org.hibernate.loader.plan.build.internal.spaces.EntityQuerySpaceImpl@5143b24d]
03:44:48.014 [main] DEBUG o.h.l.p.b.i.spaces.QuerySpacesImpl - Adding QuerySpace : uid = <gen:0>-id -> org.hibernate.loader.plan.build.internal.spaces.CompositeQuerySpaceImpl@52344e9d]
03:44:48.014 [main] DEBUG o.h.p.w.spi.MetamodelGraphWalker - Visiting attribute path : self
03:44:48.014 [main] DEBUG o.h.p.w.spi.MetamodelGraphWalker - Property path deemed to be circular : self
03:44:48.015 [main] DEBUG o.h.p.w.spi.MetamodelGraphWalker - Visiting attribute path : address1
03:44:48.015 [main] DEBUG o.h.p.w.spi.MetamodelGraphWalker - Visiting attribute path : address2
03:44:48.015 [main] DEBUG o.h.p.w.spi.MetamodelGraphWalker - Visiting attribute path : bloodType
03:44:48.015 [main] DEBUG o.h.p.w.spi.MetamodelGraphWalker - Visiting attribute path : causeOfDeath
03:44:48.015 [main] DEBUG o.h.p.w.spi.MetamodelGraphWalker - Visiting attribute path : city
03:44:48.015 [main] DEBUG o.h.p.w.spi.MetamodelGraphWalker - Visiting attribute path : dateOfBirth
03:44:48.015 [main] DEBUG o.h.p.w.spi.MetamodelGraphWalker - Visiting attribute path : dateOfDeath
03:44:48.015 [main] DEBUG o.h.p.w.spi.MetamodelGraphWalker - Visiting attribute path : email
03:44:48.015 [main] DEBUG o.h.p.w.spi.MetamodelGraphWalker - Visiting attribute path : ethnicity
03:44:48.015 [main] DEBUG o.h.p.w.spi.MetamodelGraphWalker - Visiting attribute path : father
03:44:48.015 [main] DEBUG o.h.l.p.b.i.spaces.QuerySpacesImpl - Adding QuerySpace : uid = <gen:1> -> org.hibernate.loader.plan.build.internal.spaces.EntityQuerySpaceImpl@5a6d1fc2]
03:44:48.015 [main] DEBUG o.h.p.w.spi.MetamodelGraphWalker - Visiting attribute path : firstName
03:44:48.019 [main] DEBUG o.h.p.w.spi.MetamodelGraphWalker - Visiting attribute path : gender
03:44:48.019 [main] DEBUG o.h.p.w.spi.MetamodelGraphWalker - Visiting attribute path : id
03:44:48.019 [main] DEBUG o.h.p.w.spi.MetamodelGraphWalker - Visiting attribute path : lastName
03:44:48.019 [main] DEBUG o.h.p.w.spi.MetamodelGraphWalker - Visiting attribute path : mother
03:44:48.019 [main] DEBUG o.h.l.p.b.i.spaces.QuerySpacesImpl - Adding QuerySpace : uid = <gen:2> -> org.hibernate.loader.plan.build.internal.spaces.EntityQuerySpaceImpl@2addf2b4]
03:44:48.019 [main] DEBUG o.h.p.w.spi.MetamodelGraphWalker - Visiting attribute path : phone
03:44:48.019 [main] DEBUG o.h.p.w.spi.MetamodelGraphWalker - Visiting attribute path : preferredName
03:44:48.019 [main] DEBUG o.h.p.w.spi.MetamodelGraphWalker - Visiting attribute path : state
03:44:48.019 [main] DEBUG o.h.p.w.spi.MetamodelGraphWalker - Visiting attribute path : zip
03:44:48.020 [main] DEBUG o.h.l.p.b.i.FetchStyleLoadPlanBuildingAssociationVisitationStrategy - Building LoadPlan...
03:44:48.020 [main] DEBUG o.h.l.p.e.i.LoadQueryJoinAndFetchProcessor - processing queryspace <gen:0>
03:44:48.021 [main] DEBUG o.h.l.p.b.spi.LoadPlanTreePrinter - LoadPlan(entity=edu.ncsu.csc.itrust2.models.persistent.Patient)
    - Returns
       - EntityReturnImpl(entity=edu.ncsu.csc.itrust2.models.persistent.Patient, querySpaceUid=<gen:0>, path=edu.ncsu.csc.itrust2.models.persistent.Patient)
          - EntityAttributeFetchImpl(entity=edu.ncsu.csc.itrust2.models.persistent.User, querySpaceUid=<gen:1>, path=edu.ncsu.csc.itrust2.models.persistent.Patient.father)
          - EntityAttributeFetchImpl(entity=edu.ncsu.csc.itrust2.models.persistent.User, querySpaceUid=<gen:2>, path=edu.ncsu.csc.itrust2.models.persistent.Patient.mother)
    - QuerySpaces
       - EntityQuerySpaceImpl(uid=<gen:0>, entity=edu.ncsu.csc.itrust2.models.persistent.Patient)
          - SQL table alias mapping - patient0_
          - alias suffix - 0_
          - suffixed key columns - {self_id18_12_0_}
          - JOIN (JoinDefinedByMetadata(id)) : <gen:0> -> <gen:0>-id
             - CompositeQuerySpaceImpl(uid=<gen:0>-id)
                - SQL table alias mapping - patient0_

03:44:48.021 [main] DEBUG o.h.loader.entity.plan.EntityLoader - Static select for entity edu.ncsu.csc.itrust2.models.persistent.Patient [OPTIMISTIC]: select patient0_.self_id as self_id18_12_0_, patient0_.address1 as address1_12_0_, patient0_.address2 as address2_12_0_, patient0_.bloodType as bloodTyp3_12_0_, patient0_.causeOfDeath as causeOfD4_12_0_, patient0_.city as city5_12_0_, patient0_.dateOfBirth as dateOfBi6_12_0_, patient0_.dateOfDeath as dateOfDe7_12_0_, patient0_.email as email8_12_0_, patient0_.ethnicity as ethnicit9_12_0_, patient0_.father_id as father_19_12_0_, patient0_.firstName as firstNa10_12_0_, patient0_.gender as gender11_12_0_, patient0_.id as id12_12_0_, patient0_.lastName as lastNam13_12_0_, patient0_.mother_id as mother_20_12_0_, patient0_.phone as phone14_12_0_, patient0_.preferredName as preferr15_12_0_, patient0_.state as state16_12_0_, patient0_.zip as zip17_12_0_ from Patients patient0_ where patient0_.self_id=?
03:44:48.021 [main] DEBUG o.h.l.p.b.i.spaces.QuerySpacesImpl - Adding QuerySpace : uid = <gen:0> -> org.hibernate.loader.plan.build.internal.spaces.EntityQuerySpaceImpl@598dc933]
03:44:48.021 [main] DEBUG o.h.l.p.b.i.spaces.QuerySpacesImpl - Adding QuerySpace : uid = <gen:0>-id -> org.hibernate.loader.plan.build.internal.spaces.CompositeQuerySpaceImpl@4f5fc8c7]
03:44:48.022 [main] DEBUG o.h.p.w.spi.MetamodelGraphWalker - Visiting attribute path : self
03:44:48.022 [main] DEBUG o.h.p.w.spi.MetamodelGraphWalker - Property path deemed to be circular : self
03:44:48.022 [main] DEBUG o.h.p.w.spi.MetamodelGraphWalker - Visiting attribute path : address1
03:44:48.022 [main] DEBUG o.h.p.w.spi.MetamodelGraphWalker - Visiting attribute path : address2
03:44:48.022 [main] DEBUG o.h.p.w.spi.MetamodelGraphWalker - Visiting attribute path : bloodType
03:44:48.022 [main] DEBUG o.h.p.w.spi.MetamodelGraphWalker - Visiting attribute path : causeOfDeath
03:44:48.022 [main] DEBUG o.h.p.w.spi.MetamodelGraphWalker - Visiting attribute path : city
03:44:48.022 [main] DEBUG o.h.p.w.spi.MetamodelGraphWalker - Visiting attribute path : dateOfBirth
03:44:48.022 [main] DEBUG o.h.p.w.spi.MetamodelGraphWalker - Visiting attribute path : dateOfDeath
03:44:48.022 [main] DEBUG o.h.p.w.spi.MetamodelGraphWalker - Visiting attribute path : email
03:44:48.022 [main] DEBUG o.h.p.w.spi.MetamodelGraphWalker - Visiting attribute path : ethnicity
03:44:48.022 [main] DEBUG o.h.p.w.spi.MetamodelGraphWalker - Visiting attribute path : father
03:44:48.022 [main] DEBUG o.h.l.p.b.i.spaces.QuerySpacesImpl - Adding QuerySpace : uid = <gen:1> -> org.hibernate.loader.plan.build.internal.spaces.EntityQuerySpaceImpl@f00cac4]
03:44:48.022 [main] DEBUG o.h.p.w.spi.MetamodelGraphWalker - Visiting attribute path : firstName
03:44:48.022 [main] DEBUG o.h.p.w.spi.MetamodelGraphWalker - Visiting attribute path : gender
03:44:48.022 [main] DEBUG o.h.p.w.spi.MetamodelGraphWalker - Visiting attribute path : id
03:44:48.022 [main] DEBUG o.h.p.w.spi.MetamodelGraphWalker - Visiting attribute path : lastName
03:44:48.022 [main] DEBUG o.h.p.w.spi.MetamodelGraphWalker - Visiting attribute path : mother
03:44:48.022 [main] DEBUG o.h.l.p.b.i.spaces.QuerySpacesImpl - Adding QuerySpace : uid = <gen:2> -> org.hibernate.loader.plan.build.internal.spaces.EntityQuerySpaceImpl@3e283213]
03:44:48.022 [main] DEBUG o.h.p.w.spi.MetamodelGraphWalker - Visiting attribute path : phone
03:44:48.022 [main] DEBUG o.h.p.w.spi.MetamodelGraphWalker - Visiting attribute path : preferredName
03:44:48.022 [main] DEBUG o.h.p.w.spi.MetamodelGraphWalker - Visiting attribute path : state
03:44:48.022 [main] DEBUG o.h.p.w.spi.MetamodelGraphWalker - Visiting attribute path : zip
03:44:48.022 [main] DEBUG o.h.l.p.b.i.FetchStyleLoadPlanBuildingAssociationVisitationStrategy - Building LoadPlan...
03:44:48.023 [main] DEBUG o.h.l.p.e.i.LoadQueryJoinAndFetchProcessor - processing queryspace <gen:0>
03:44:48.023 [main] DEBUG o.h.l.p.b.spi.LoadPlanTreePrinter - LoadPlan(entity=edu.ncsu.csc.itrust2.models.persistent.Patient)
    - Returns
       - EntityReturnImpl(entity=edu.ncsu.csc.itrust2.models.persistent.Patient, querySpaceUid=<gen:0>, path=edu.ncsu.csc.itrust2.models.persistent.Patient)
          - EntityAttributeFetchImpl(entity=edu.ncsu.csc.itrust2.models.persistent.User, querySpaceUid=<gen:1>, path=edu.ncsu.csc.itrust2.models.persistent.Patient.father)
          - EntityAttributeFetchImpl(entity=edu.ncsu.csc.itrust2.models.persistent.User, querySpaceUid=<gen:2>, path=edu.ncsu.csc.itrust2.models.persistent.Patient.mother)
    - QuerySpaces
       - EntityQuerySpaceImpl(uid=<gen:0>, entity=edu.ncsu.csc.itrust2.models.persistent.Patient)
          - SQL table alias mapping - patient0_
          - alias suffix - 0_
          - suffixed key columns - {self_id18_12_0_}
          - JOIN (JoinDefinedByMetadata(id)) : <gen:0> -> <gen:0>-id
             - CompositeQuerySpaceImpl(uid=<gen:0>-id)
                - SQL table alias mapping - patient0_

03:44:48.023 [main] DEBUG o.h.loader.entity.plan.EntityLoader - Static select for entity edu.ncsu.csc.itrust2.models.persistent.Patient [OPTIMISTIC_FORCE_INCREMENT]: select patient0_.self_id as self_id18_12_0_, patient0_.address1 as address1_12_0_, patient0_.address2 as address2_12_0_, patient0_.bloodType as bloodTyp3_12_0_, patient0_.causeOfDeath as causeOfD4_12_0_, patient0_.city as city5_12_0_, patient0_.dateOfBirth as dateOfBi6_12_0_, patient0_.dateOfDeath as dateOfDe7_12_0_, patient0_.email as email8_12_0_, patient0_.ethnicity as ethnicit9_12_0_, patient0_.father_id as father_19_12_0_, patient0_.firstName as firstNa10_12_0_, patient0_.gender as gender11_12_0_, patient0_.id as id12_12_0_, patient0_.lastName as lastNam13_12_0_, patient0_.mother_id as mother_20_12_0_, patient0_.phone as phone14_12_0_, patient0_.preferredName as preferr15_12_0_, patient0_.state as state16_12_0_, patient0_.zip as zip17_12_0_ from Patients patient0_ where patient0_.self_id=?
03:44:48.024 [main] DEBUG org.hibernate.loader.Loader - Static select for action ACTION_MERGE on entity edu.ncsu.csc.itrust2.models.persistent.Patient: select patient0_.self_id as self_id18_12_0_, patient0_.address1 as address1_12_0_, patient0_.address2 as address2_12_0_, patient0_.bloodType as bloodTyp3_12_0_, patient0_.causeOfDeath as causeOfD4_12_0_, patient0_.city as city5_12_0_, patient0_.dateOfBirth as dateOfBi6_12_0_, patient0_.dateOfDeath as dateOfDe7_12_0_, patient0_.email as email8_12_0_, patient0_.ethnicity as ethnicit9_12_0_, patient0_.father_id as father_19_12_0_, patient0_.firstName as firstNa10_12_0_, patient0_.gender as gender11_12_0_, patient0_.id as id12_12_0_, patient0_.lastName as lastNam13_12_0_, patient0_.mother_id as mother_20_12_0_, patient0_.phone as phone14_12_0_, patient0_.preferredName as preferr15_12_0_, patient0_.state as state16_12_0_, patient0_.zip as zip17_12_0_ from Patients patient0_ where patient0_.self_id=?
03:44:48.026 [main] DEBUG org.hibernate.loader.Loader - Static select for action ACTION_REFRESH on entity edu.ncsu.csc.itrust2.models.persistent.Patient: select patient0_.self_id as self_id18_12_0_, patient0_.address1 as address1_12_0_, patient0_.address2 as address2_12_0_, patient0_.bloodType as bloodTyp3_12_0_, patient0_.causeOfDeath as causeOfD4_12_0_, patient0_.city as city5_12_0_, patient0_.dateOfBirth as dateOfBi6_12_0_, patient0_.dateOfDeath as dateOfDe7_12_0_, patient0_.email as email8_12_0_, patient0_.ethnicity as ethnicit9_12_0_, patient0_.father_id as father_19_12_0_, patient0_.firstName as firstNa10_12_0_, patient0_.gender as gender11_12_0_, patient0_.id as id12_12_0_, patient0_.lastName as lastNam13_12_0_, patient0_.mother_id as mother_20_12_0_, patient0_.phone as phone14_12_0_, patient0_.preferredName as preferr15_12_0_, patient0_.state as state16_12_0_, patient0_.zip as zip17_12_0_ from Patients patient0_ where patient0_.self_id=?
03:44:48.026 [main] DEBUG o.h.p.entity.AbstractEntityPersister - Static SQL for entity: edu.ncsu.csc.itrust2.models.persistent.ICDCode
03:44:48.026 [main] DEBUG o.h.p.entity.AbstractEntityPersister -  Version select: select id from ICDCodes where id =?
03:44:48.026 [main] DEBUG o.h.p.entity.AbstractEntityPersister -  Snapshot select: select icdcode_.id, icdcode_.code as code2_5_, icdcode_.description as descript3_5_ from ICDCodes icdcode_ where icdcode_.id=?
03:44:48.026 [main] DEBUG o.h.p.entity.AbstractEntityPersister -  Insert 0: insert into ICDCodes (code, description, id) values (?, ?, ?)
03:44:48.026 [main] DEBUG o.h.p.entity.AbstractEntityPersister -  Update 0: update ICDCodes set code=?, description=? where id=?
03:44:48.026 [main] DEBUG o.h.p.entity.AbstractEntityPersister -  Delete 0: delete from ICDCodes where id=?
03:44:48.027 [main] DEBUG o.h.l.p.b.i.spaces.QuerySpacesImpl - Adding QuerySpace : uid = <gen:0> -> org.hibernate.loader.plan.build.internal.spaces.EntityQuerySpaceImpl@31b6f172]
03:44:48.027 [main] DEBUG o.h.p.w.spi.MetamodelGraphWalker - Visiting attribute path : code
03:44:48.027 [main] DEBUG o.h.p.w.spi.MetamodelGraphWalker - Visiting attribute path : description
03:44:48.027 [main] DEBUG o.h.l.p.b.i.FetchStyleLoadPlanBuildingAssociationVisitationStrategy - Building LoadPlan...
03:44:48.029 [main] DEBUG o.h.l.p.e.i.LoadQueryJoinAndFetchProcessor - processing queryspace <gen:0>
03:44:48.029 [main] DEBUG o.h.l.p.b.spi.LoadPlanTreePrinter - LoadPlan(entity=edu.ncsu.csc.itrust2.models.persistent.ICDCode)
    - Returns
       - EntityReturnImpl(entity=edu.ncsu.csc.itrust2.models.persistent.ICDCode, querySpaceUid=<gen:0>, path=edu.ncsu.csc.itrust2.models.persistent.ICDCode)
    - QuerySpaces
       - EntityQuerySpaceImpl(uid=<gen:0>, entity=edu.ncsu.csc.itrust2.models.persistent.ICDCode)
          - SQL table alias mapping - icdcode0_
          - alias suffix - 0_
          - suffixed key columns - {id1_5_0_}

03:44:48.029 [main] DEBUG o.h.loader.entity.plan.EntityLoader - Static select for entity edu.ncsu.csc.itrust2.models.persistent.ICDCode [NONE]: select icdcode0_.id as id1_5_0_, icdcode0_.code as code2_5_0_, icdcode0_.description as descript3_5_0_ from ICDCodes icdcode0_ where icdcode0_.id=?
03:44:48.029 [main] DEBUG o.h.l.p.b.i.spaces.QuerySpacesImpl - Adding QuerySpace : uid = <gen:0> -> org.hibernate.loader.plan.build.internal.spaces.EntityQuerySpaceImpl@1afd773e]
03:44:48.029 [main] DEBUG o.h.p.w.spi.MetamodelGraphWalker - Visiting attribute path : code
03:44:48.030 [main] DEBUG o.h.p.w.spi.MetamodelGraphWalker - Visiting attribute path : description
03:44:48.030 [main] DEBUG o.h.l.p.b.i.FetchStyleLoadPlanBuildingAssociationVisitationStrategy - Building LoadPlan...
03:44:48.030 [main] DEBUG o.h.l.p.e.i.LoadQueryJoinAndFetchProcessor - processing queryspace <gen:0>
03:44:48.030 [main] DEBUG o.h.l.p.b.spi.LoadPlanTreePrinter - LoadPlan(entity=edu.ncsu.csc.itrust2.models.persistent.ICDCode)
    - Returns
       - EntityReturnImpl(entity=edu.ncsu.csc.itrust2.models.persistent.ICDCode, querySpaceUid=<gen:0>, path=edu.ncsu.csc.itrust2.models.persistent.ICDCode)
    - QuerySpaces
       - EntityQuerySpaceImpl(uid=<gen:0>, entity=edu.ncsu.csc.itrust2.models.persistent.ICDCode)
          - SQL table alias mapping - icdcode0_
          - alias suffix - 0_
          - suffixed key columns - {id1_5_0_}

03:44:48.030 [main] DEBUG o.h.loader.entity.plan.EntityLoader - Static select for entity edu.ncsu.csc.itrust2.models.persistent.ICDCode [READ]: select icdcode0_.id as id1_5_0_, icdcode0_.code as code2_5_0_, icdcode0_.description as descript3_5_0_ from ICDCodes icdcode0_ where icdcode0_.id=?
03:44:48.030 [main] DEBUG o.h.l.p.b.i.spaces.QuerySpacesImpl - Adding QuerySpace : uid = <gen:0> -> org.hibernate.loader.plan.build.internal.spaces.EntityQuerySpaceImpl@6381267c]
03:44:48.030 [main] DEBUG o.h.p.w.spi.MetamodelGraphWalker - Visiting attribute path : code
03:44:48.030 [main] DEBUG o.h.p.w.spi.MetamodelGraphWalker - Visiting attribute path : description
03:44:48.030 [main] DEBUG o.h.l.p.b.i.FetchStyleLoadPlanBuildingAssociationVisitationStrategy - Building LoadPlan...
03:44:48.030 [main] DEBUG o.h.l.p.e.i.LoadQueryJoinAndFetchProcessor - processing queryspace <gen:0>
03:44:48.031 [main] DEBUG o.h.l.p.b.spi.LoadPlanTreePrinter - LoadPlan(entity=edu.ncsu.csc.itrust2.models.persistent.ICDCode)
    - Returns
       - EntityReturnImpl(entity=edu.ncsu.csc.itrust2.models.persistent.ICDCode, querySpaceUid=<gen:0>, path=edu.ncsu.csc.itrust2.models.persistent.ICDCode)
    - QuerySpaces
       - EntityQuerySpaceImpl(uid=<gen:0>, entity=edu.ncsu.csc.itrust2.models.persistent.ICDCode)
          - SQL table alias mapping - icdcode0_
          - alias suffix - 0_
          - suffixed key columns - {id1_5_0_}

03:44:48.031 [main] DEBUG o.h.loader.entity.plan.EntityLoader - Static select for entity edu.ncsu.csc.itrust2.models.persistent.ICDCode [UPGRADE]: select icdcode0_.id as id1_5_0_, icdcode0_.code as code2_5_0_, icdcode0_.description as descript3_5_0_ from ICDCodes icdcode0_ where icdcode0_.id=? for update
03:44:48.032 [main] DEBUG o.h.l.p.b.i.spaces.QuerySpacesImpl - Adding QuerySpace : uid = <gen:0> -> org.hibernate.loader.plan.build.internal.spaces.EntityQuerySpaceImpl@17586565]
03:44:48.032 [main] DEBUG o.h.p.w.spi.MetamodelGraphWalker - Visiting attribute path : code
03:44:48.032 [main] DEBUG o.h.p.w.spi.MetamodelGraphWalker - Visiting attribute path : description
03:44:48.032 [main] DEBUG o.h.l.p.b.i.FetchStyleLoadPlanBuildingAssociationVisitationStrategy - Building LoadPlan...
03:44:48.033 [main] DEBUG o.h.l.p.e.i.LoadQueryJoinAndFetchProcessor - processing queryspace <gen:0>
03:44:48.033 [main] DEBUG o.h.l.p.b.spi.LoadPlanTreePrinter - LoadPlan(entity=edu.ncsu.csc.itrust2.models.persistent.ICDCode)
    - Returns
       - EntityReturnImpl(entity=edu.ncsu.csc.itrust2.models.persistent.ICDCode, querySpaceUid=<gen:0>, path=edu.ncsu.csc.itrust2.models.persistent.ICDCode)
    - QuerySpaces
       - EntityQuerySpaceImpl(uid=<gen:0>, entity=edu.ncsu.csc.itrust2.models.persistent.ICDCode)
          - SQL table alias mapping - icdcode0_
          - alias suffix - 0_
          - suffixed key columns - {id1_5_0_}

03:44:48.033 [main] DEBUG o.h.loader.entity.plan.EntityLoader - Static select for entity edu.ncsu.csc.itrust2.models.persistent.ICDCode [UPGRADE_NOWAIT]: select icdcode0_.id as id1_5_0_, icdcode0_.code as code2_5_0_, icdcode0_.description as descript3_5_0_ from ICDCodes icdcode0_ where icdcode0_.id=? for update
03:44:48.033 [main] DEBUG o.h.l.p.b.i.spaces.QuerySpacesImpl - Adding QuerySpace : uid = <gen:0> -> org.hibernate.loader.plan.build.internal.spaces.EntityQuerySpaceImpl@4bba3d76]
03:44:48.034 [main] DEBUG o.h.p.w.spi.MetamodelGraphWalker - Visiting attribute path : code
03:44:48.034 [main] DEBUG o.h.p.w.spi.MetamodelGraphWalker - Visiting attribute path : description
03:44:48.034 [main] DEBUG o.h.l.p.b.i.FetchStyleLoadPlanBuildingAssociationVisitationStrategy - Building LoadPlan...
03:44:48.035 [main] DEBUG o.h.l.p.e.i.LoadQueryJoinAndFetchProcessor - processing queryspace <gen:0>
03:44:48.036 [main] DEBUG o.h.l.p.b.spi.LoadPlanTreePrinter - LoadPlan(entity=edu.ncsu.csc.itrust2.models.persistent.ICDCode)
    - Returns
       - EntityReturnImpl(entity=edu.ncsu.csc.itrust2.models.persistent.ICDCode, querySpaceUid=<gen:0>, path=edu.ncsu.csc.itrust2.models.persistent.ICDCode)
    - QuerySpaces
       - EntityQuerySpaceImpl(uid=<gen:0>, entity=edu.ncsu.csc.itrust2.models.persistent.ICDCode)
          - SQL table alias mapping - icdcode0_
          - alias suffix - 0_
          - suffixed key columns - {id1_5_0_}

03:44:48.036 [main] DEBUG o.h.loader.entity.plan.EntityLoader - Static select for entity edu.ncsu.csc.itrust2.models.persistent.ICDCode [UPGRADE_SKIPLOCKED]: select icdcode0_.id as id1_5_0_, icdcode0_.code as code2_5_0_, icdcode0_.description as descript3_5_0_ from ICDCodes icdcode0_ where icdcode0_.id=? for update
03:44:48.036 [main] DEBUG o.h.l.p.b.i.spaces.QuerySpacesImpl - Adding QuerySpace : uid = <gen:0> -> org.hibernate.loader.plan.build.internal.spaces.EntityQuerySpaceImpl@142b1d8b]
03:44:48.037 [main] DEBUG o.h.p.w.spi.MetamodelGraphWalker - Visiting attribute path : code
03:44:48.037 [main] DEBUG o.h.p.w.spi.MetamodelGraphWalker - Visiting attribute path : description
03:44:48.037 [main] DEBUG o.h.l.p.b.i.FetchStyleLoadPlanBuildingAssociationVisitationStrategy - Building LoadPlan...
03:44:48.037 [main] DEBUG o.h.l.p.e.i.LoadQueryJoinAndFetchProcessor - processing queryspace <gen:0>
03:44:48.037 [main] DEBUG o.h.l.p.b.spi.LoadPlanTreePrinter - LoadPlan(entity=edu.ncsu.csc.itrust2.models.persistent.ICDCode)
    - Returns
       - EntityReturnImpl(entity=edu.ncsu.csc.itrust2.models.persistent.ICDCode, querySpaceUid=<gen:0>, path=edu.ncsu.csc.itrust2.models.persistent.ICDCode)
    - QuerySpaces
       - EntityQuerySpaceImpl(uid=<gen:0>, entity=edu.ncsu.csc.itrust2.models.persistent.ICDCode)
          - SQL table alias mapping - icdcode0_
          - alias suffix - 0_
          - suffixed key columns - {id1_5_0_}

03:44:48.038 [main] DEBUG o.h.loader.entity.plan.EntityLoader - Static select for entity edu.ncsu.csc.itrust2.models.persistent.ICDCode [FORCE]: select icdcode0_.id as id1_5_0_, icdcode0_.code as code2_5_0_, icdcode0_.description as descript3_5_0_ from ICDCodes icdcode0_ where icdcode0_.id=? for update
03:44:48.038 [main] DEBUG o.h.l.p.b.i.spaces.QuerySpacesImpl - Adding QuerySpace : uid = <gen:0> -> org.hibernate.loader.plan.build.internal.spaces.EntityQuerySpaceImpl@3d5e072a]
03:44:48.038 [main] DEBUG o.h.p.w.spi.MetamodelGraphWalker - Visiting attribute path : code
03:44:48.038 [main] DEBUG o.h.p.w.spi.MetamodelGraphWalker - Visiting attribute path : description
03:44:48.038 [main] DEBUG o.h.l.p.b.i.FetchStyleLoadPlanBuildingAssociationVisitationStrategy - Building LoadPlan...
03:44:48.038 [main] DEBUG o.h.l.p.e.i.LoadQueryJoinAndFetchProcessor - processing queryspace <gen:0>
03:44:48.039 [main] DEBUG o.h.l.p.b.spi.LoadPlanTreePrinter - LoadPlan(entity=edu.ncsu.csc.itrust2.models.persistent.ICDCode)
    - Returns
       - EntityReturnImpl(entity=edu.ncsu.csc.itrust2.models.persistent.ICDCode, querySpaceUid=<gen:0>, path=edu.ncsu.csc.itrust2.models.persistent.ICDCode)
    - QuerySpaces
       - EntityQuerySpaceImpl(uid=<gen:0>, entity=edu.ncsu.csc.itrust2.models.persistent.ICDCode)
          - SQL table alias mapping - icdcode0_
          - alias suffix - 0_
          - suffixed key columns - {id1_5_0_}

03:44:48.039 [main] DEBUG o.h.loader.entity.plan.EntityLoader - Static select for entity edu.ncsu.csc.itrust2.models.persistent.ICDCode [PESSIMISTIC_READ]: select icdcode0_.id as id1_5_0_, icdcode0_.code as code2_5_0_, icdcode0_.description as descript3_5_0_ from ICDCodes icdcode0_ where icdcode0_.id=? lock in share mode
03:44:48.040 [main] DEBUG o.h.l.p.b.i.spaces.QuerySpacesImpl - Adding QuerySpace : uid = <gen:0> -> org.hibernate.loader.plan.build.internal.spaces.EntityQuerySpaceImpl@50a5eb53]
03:44:48.042 [main] DEBUG o.h.p.w.spi.MetamodelGraphWalker - Visiting attribute path : code
03:44:48.042 [main] DEBUG o.h.p.w.spi.MetamodelGraphWalker - Visiting attribute path : description
03:44:48.042 [main] DEBUG o.h.l.p.b.i.FetchStyleLoadPlanBuildingAssociationVisitationStrategy - Building LoadPlan...
03:44:48.043 [main] DEBUG o.h.l.p.e.i.LoadQueryJoinAndFetchProcessor - processing queryspace <gen:0>
03:44:48.045 [main] DEBUG o.h.l.p.b.spi.LoadPlanTreePrinter - LoadPlan(entity=edu.ncsu.csc.itrust2.models.persistent.ICDCode)
    - Returns
       - EntityReturnImpl(entity=edu.ncsu.csc.itrust2.models.persistent.ICDCode, querySpaceUid=<gen:0>, path=edu.ncsu.csc.itrust2.models.persistent.ICDCode)
    - QuerySpaces
       - EntityQuerySpaceImpl(uid=<gen:0>, entity=edu.ncsu.csc.itrust2.models.persistent.ICDCode)
          - SQL table alias mapping - icdcode0_
          - alias suffix - 0_
          - suffixed key columns - {id1_5_0_}

03:44:48.045 [main] DEBUG o.h.loader.entity.plan.EntityLoader - Static select for entity edu.ncsu.csc.itrust2.models.persistent.ICDCode [PESSIMISTIC_WRITE]: select icdcode0_.id as id1_5_0_, icdcode0_.code as code2_5_0_, icdcode0_.description as descript3_5_0_ from ICDCodes icdcode0_ where icdcode0_.id=? for update
03:44:48.045 [main] DEBUG o.h.l.p.b.i.spaces.QuerySpacesImpl - Adding QuerySpace : uid = <gen:0> -> org.hibernate.loader.plan.build.internal.spaces.EntityQuerySpaceImpl@14eae1e6]
03:44:48.046 [main] DEBUG o.h.p.w.spi.MetamodelGraphWalker - Visiting attribute path : code
03:44:48.046 [main] DEBUG o.h.p.w.spi.MetamodelGraphWalker - Visiting attribute path : description
03:44:48.046 [main] DEBUG o.h.l.p.b.i.FetchStyleLoadPlanBuildingAssociationVisitationStrategy - Building LoadPlan...
03:44:48.046 [main] DEBUG o.h.l.p.e.i.LoadQueryJoinAndFetchProcessor - processing queryspace <gen:0>
03:44:48.047 [main] DEBUG o.h.l.p.b.spi.LoadPlanTreePrinter - LoadPlan(entity=edu.ncsu.csc.itrust2.models.persistent.ICDCode)
    - Returns
       - EntityReturnImpl(entity=edu.ncsu.csc.itrust2.models.persistent.ICDCode, querySpaceUid=<gen:0>, path=edu.ncsu.csc.itrust2.models.persistent.ICDCode)
    - QuerySpaces
       - EntityQuerySpaceImpl(uid=<gen:0>, entity=edu.ncsu.csc.itrust2.models.persistent.ICDCode)
          - SQL table alias mapping - icdcode0_
          - alias suffix - 0_
          - suffixed key columns - {id1_5_0_}

03:44:48.047 [main] DEBUG o.h.loader.entity.plan.EntityLoader - Static select for entity edu.ncsu.csc.itrust2.models.persistent.ICDCode [PESSIMISTIC_FORCE_INCREMENT]: select icdcode0_.id as id1_5_0_, icdcode0_.code as code2_5_0_, icdcode0_.description as descript3_5_0_ from ICDCodes icdcode0_ where icdcode0_.id=? for update
03:44:48.047 [main] DEBUG o.h.l.p.b.i.spaces.QuerySpacesImpl - Adding QuerySpace : uid = <gen:0> -> org.hibernate.loader.plan.build.internal.spaces.EntityQuerySpaceImpl@47bb496]
03:44:48.047 [main] DEBUG o.h.p.w.spi.MetamodelGraphWalker - Visiting attribute path : code
03:44:48.047 [main] DEBUG o.h.p.w.spi.MetamodelGraphWalker - Visiting attribute path : description
03:44:48.047 [main] DEBUG o.h.l.p.b.i.FetchStyleLoadPlanBuildingAssociationVisitationStrategy - Building LoadPlan...
03:44:48.047 [main] DEBUG o.h.l.p.e.i.LoadQueryJoinAndFetchProcessor - processing queryspace <gen:0>
03:44:48.047 [main] DEBUG o.h.l.p.b.spi.LoadPlanTreePrinter - LoadPlan(entity=edu.ncsu.csc.itrust2.models.persistent.ICDCode)
    - Returns
       - EntityReturnImpl(entity=edu.ncsu.csc.itrust2.models.persistent.ICDCode, querySpaceUid=<gen:0>, path=edu.ncsu.csc.itrust2.models.persistent.ICDCode)
    - QuerySpaces
       - EntityQuerySpaceImpl(uid=<gen:0>, entity=edu.ncsu.csc.itrust2.models.persistent.ICDCode)
          - SQL table alias mapping - icdcode0_
          - alias suffix - 0_
          - suffixed key columns - {id1_5_0_}

03:44:48.047 [main] DEBUG o.h.loader.entity.plan.EntityLoader - Static select for entity edu.ncsu.csc.itrust2.models.persistent.ICDCode [OPTIMISTIC]: select icdcode0_.id as id1_5_0_, icdcode0_.code as code2_5_0_, icdcode0_.description as descript3_5_0_ from ICDCodes icdcode0_ where icdcode0_.id=?
03:44:48.048 [main] DEBUG o.h.l.p.b.i.spaces.QuerySpacesImpl - Adding QuerySpace : uid = <gen:0> -> org.hibernate.loader.plan.build.internal.spaces.EntityQuerySpaceImpl@18975ca9]
03:44:48.048 [main] DEBUG o.h.p.w.spi.MetamodelGraphWalker - Visiting attribute path : code
03:44:48.048 [main] DEBUG o.h.p.w.spi.MetamodelGraphWalker - Visiting attribute path : description
03:44:48.048 [main] DEBUG o.h.l.p.b.i.FetchStyleLoadPlanBuildingAssociationVisitationStrategy - Building LoadPlan...
03:44:48.048 [main] DEBUG o.h.l.p.e.i.LoadQueryJoinAndFetchProcessor - processing queryspace <gen:0>
03:44:48.048 [main] DEBUG o.h.l.p.b.spi.LoadPlanTreePrinter - LoadPlan(entity=edu.ncsu.csc.itrust2.models.persistent.ICDCode)
    - Returns
       - EntityReturnImpl(entity=edu.ncsu.csc.itrust2.models.persistent.ICDCode, querySpaceUid=<gen:0>, path=edu.ncsu.csc.itrust2.models.persistent.ICDCode)
    - QuerySpaces
       - EntityQuerySpaceImpl(uid=<gen:0>, entity=edu.ncsu.csc.itrust2.models.persistent.ICDCode)
          - SQL table alias mapping - icdcode0_
          - alias suffix - 0_
          - suffixed key columns - {id1_5_0_}

03:44:48.048 [main] DEBUG o.h.loader.entity.plan.EntityLoader - Static select for entity edu.ncsu.csc.itrust2.models.persistent.ICDCode [OPTIMISTIC_FORCE_INCREMENT]: select icdcode0_.id as id1_5_0_, icdcode0_.code as code2_5_0_, icdcode0_.description as descript3_5_0_ from ICDCodes icdcode0_ where icdcode0_.id=?
03:44:48.049 [main] DEBUG org.hibernate.loader.Loader - Static select for action ACTION_MERGE on entity edu.ncsu.csc.itrust2.models.persistent.ICDCode: select icdcode0_.id as id1_5_0_, icdcode0_.code as code2_5_0_, icdcode0_.description as descript3_5_0_ from ICDCodes icdcode0_ where icdcode0_.id=?
03:44:48.049 [main] DEBUG org.hibernate.loader.Loader - Static select for action ACTION_REFRESH on entity edu.ncsu.csc.itrust2.models.persistent.ICDCode: select icdcode0_.id as id1_5_0_, icdcode0_.code as code2_5_0_, icdcode0_.description as descript3_5_0_ from ICDCodes icdcode0_ where icdcode0_.id=?
03:44:48.049 [main] DEBUG o.h.p.entity.AbstractEntityPersister - Static SQL for entity: edu.ncsu.csc.itrust2.models.persistent.AppointmentRequest
03:44:48.049 [main] DEBUG o.h.p.entity.AbstractEntityPersister -  Version select: select id from AppointmentRequests where id =?
03:44:48.049 [main] DEBUG o.h.p.entity.AbstractEntityPersister -  Snapshot select: select appointmen_.id, appointmen_.comments as comments2_0_, appointmen_.date as date3_0_, appointmen_.hcp_id as hcp_id6_0_, appointmen_.patient_id as patient_7_0_, appointmen_.status as status4_0_, appointmen_.type as type5_0_ from AppointmentRequests appointmen_ where appointmen_.id=?
03:44:48.049 [main] DEBUG o.h.p.entity.AbstractEntityPersister -  Insert 0: insert into AppointmentRequests (comments, date, hcp_id, patient_id, status, type, id) values (?, ?, ?, ?, ?, ?, ?)
03:44:48.049 [main] DEBUG o.h.p.entity.AbstractEntityPersister -  Update 0: update AppointmentRequests set comments=?, date=?, hcp_id=?, patient_id=?, status=?, type=? where id=?
03:44:48.049 [main] DEBUG o.h.p.entity.AbstractEntityPersister -  Delete 0: delete from AppointmentRequests where id=?
03:44:48.049 [main] DEBUG o.h.l.p.b.i.spaces.QuerySpacesImpl - Adding QuerySpace : uid = <gen:0> -> org.hibernate.loader.plan.build.internal.spaces.EntityQuerySpaceImpl@63f629c1]
03:44:48.050 [main] DEBUG o.h.p.w.spi.MetamodelGraphWalker - Visiting attribute path : comments
03:44:48.050 [main] DEBUG o.h.p.w.spi.MetamodelGraphWalker - Visiting attribute path : date
03:44:48.050 [main] DEBUG o.h.p.w.spi.MetamodelGraphWalker - Visiting attribute path : hcp
03:44:48.050 [main] DEBUG o.h.l.p.b.i.spaces.QuerySpacesImpl - Adding QuerySpace : uid = <gen:1> -> org.hibernate.loader.plan.build.internal.spaces.EntityQuerySpaceImpl@115858a8]
03:44:48.051 [main] DEBUG o.h.p.w.spi.MetamodelGraphWalker - Visiting attribute path : hcp.enabled
03:44:48.051 [main] DEBUG o.h.p.w.spi.MetamodelGraphWalker - Visiting attribute path : hcp.password
03:44:48.051 [main] DEBUG o.h.p.w.spi.MetamodelGraphWalker - Visiting attribute path : hcp.role
03:44:48.051 [main] DEBUG o.h.p.w.spi.MetamodelGraphWalker - Visiting attribute path : patient
03:44:48.051 [main] DEBUG o.h.l.p.b.i.spaces.QuerySpacesImpl - Adding QuerySpace : uid = <gen:2> -> org.hibernate.loader.plan.build.internal.spaces.EntityQuerySpaceImpl@7e5713e4]
03:44:48.052 [main] DEBUG o.h.p.w.spi.MetamodelGraphWalker - Visiting attribute path : patient.enabled
03:44:48.052 [main] DEBUG o.h.p.w.spi.MetamodelGraphWalker - Visiting attribute path : patient.password
03:44:48.052 [main] DEBUG o.h.p.w.spi.MetamodelGraphWalker - Visiting attribute path : patient.role
03:44:48.052 [main] DEBUG o.h.p.w.spi.MetamodelGraphWalker - Visiting attribute path : status
03:44:48.052 [main] DEBUG o.h.p.w.spi.MetamodelGraphWalker - Visiting attribute path : type
03:44:48.052 [main] DEBUG o.h.l.p.b.i.FetchStyleLoadPlanBuildingAssociationVisitationStrategy - Building LoadPlan...
03:44:48.052 [main] DEBUG o.h.l.p.e.i.LoadQueryJoinAndFetchProcessor - processing queryspace <gen:0>
03:44:48.053 [main] DEBUG o.h.l.p.b.spi.LoadPlanTreePrinter - LoadPlan(entity=edu.ncsu.csc.itrust2.models.persistent.AppointmentRequest)
    - Returns
       - EntityReturnImpl(entity=edu.ncsu.csc.itrust2.models.persistent.AppointmentRequest, querySpaceUid=<gen:0>, path=edu.ncsu.csc.itrust2.models.persistent.AppointmentRequest)
          - EntityAttributeFetchImpl(entity=edu.ncsu.csc.itrust2.models.persistent.User, querySpaceUid=<gen:1>, path=edu.ncsu.csc.itrust2.models.persistent.AppointmentRequest.hcp)
          - EntityAttributeFetchImpl(entity=edu.ncsu.csc.itrust2.models.persistent.User, querySpaceUid=<gen:2>, path=edu.ncsu.csc.itrust2.models.persistent.AppointmentRequest.patient)
    - QuerySpaces
       - EntityQuerySpaceImpl(uid=<gen:0>, entity=edu.ncsu.csc.itrust2.models.persistent.AppointmentRequest)
          - SQL table alias mapping - appointmen0_
          - alias suffix - 0_
          - suffixed key columns - {id1_0_0_}
          - JOIN (JoinDefinedByMetadata(hcp)) : <gen:0> -> <gen:1>
             - EntityQuerySpaceImpl(uid=<gen:1>, entity=edu.ncsu.csc.itrust2.models.persistent.User)
                - SQL table alias mapping - user1_
                - alias suffix - 1_
                - suffixed key columns - {username1_15_1_}
          - JOIN (JoinDefinedByMetadata(patient)) : <gen:0> -> <gen:2>
             - EntityQuerySpaceImpl(uid=<gen:2>, entity=edu.ncsu.csc.itrust2.models.persistent.User)
                - SQL table alias mapping - user2_
                - alias suffix - 2_
                - suffixed key columns - {username1_15_2_}

03:44:48.053 [main] DEBUG o.h.loader.entity.plan.EntityLoader - Static select for entity edu.ncsu.csc.itrust2.models.persistent.AppointmentRequest [NONE]: select appointmen0_.id as id1_0_0_, appointmen0_.comments as comments2_0_0_, appointmen0_.date as date3_0_0_, appointmen0_.hcp_id as hcp_id6_0_0_, appointmen0_.patient_id as patient_7_0_0_, appointmen0_.status as status4_0_0_, appointmen0_.type as type5_0_0_, user1_.username as username1_15_1_, user1_.enabled as enabled2_15_1_, user1_.password as password3_15_1_, user1_.role as role4_15_1_, user2_.username as username1_15_2_, user2_.enabled as enabled2_15_2_, user2_.password as password3_15_2_, user2_.role as role4_15_2_ from AppointmentRequests appointmen0_ inner join Users user1_ on appointmen0_.hcp_id=user1_.username inner join Users user2_ on appointmen0_.patient_id=user2_.username where appointmen0_.id=?
03:44:48.053 [main] DEBUG o.h.l.p.b.i.spaces.QuerySpacesImpl - Adding QuerySpace : uid = <gen:0> -> org.hibernate.loader.plan.build.internal.spaces.EntityQuerySpaceImpl@5fa0cb6f]
03:44:48.053 [main] DEBUG o.h.p.w.spi.MetamodelGraphWalker - Visiting attribute path : comments
03:44:48.053 [main] DEBUG o.h.p.w.spi.MetamodelGraphWalker - Visiting attribute path : date
03:44:48.055 [main] DEBUG o.h.p.w.spi.MetamodelGraphWalker - Visiting attribute path : hcp
03:44:48.055 [main] DEBUG o.h.l.p.b.i.spaces.QuerySpacesImpl - Adding QuerySpace : uid = <gen:1> -> org.hibernate.loader.plan.build.internal.spaces.EntityQuerySpaceImpl@59affebc]
03:44:48.055 [main] DEBUG o.h.p.w.spi.MetamodelGraphWalker - Visiting attribute path : hcp.enabled
03:44:48.055 [main] DEBUG o.h.p.w.spi.MetamodelGraphWalker - Visiting attribute path : hcp.password
03:44:48.055 [main] DEBUG o.h.p.w.spi.MetamodelGraphWalker - Visiting attribute path : hcp.role
03:44:48.055 [main] DEBUG o.h.p.w.spi.MetamodelGraphWalker - Visiting attribute path : patient
03:44:48.056 [main] DEBUG o.h.l.p.b.i.spaces.QuerySpacesImpl - Adding QuerySpace : uid = <gen:2> -> org.hibernate.loader.plan.build.internal.spaces.EntityQuerySpaceImpl@7ee7f230]
03:44:48.056 [main] DEBUG o.h.p.w.spi.MetamodelGraphWalker - Visiting attribute path : patient.enabled
03:44:48.056 [main] DEBUG o.h.p.w.spi.MetamodelGraphWalker - Visiting attribute path : patient.password
03:44:48.056 [main] DEBUG o.h.p.w.spi.MetamodelGraphWalker - Visiting attribute path : patient.role
03:44:48.056 [main] DEBUG o.h.p.w.spi.MetamodelGraphWalker - Visiting attribute path : status
03:44:48.056 [main] DEBUG o.h.p.w.spi.MetamodelGraphWalker - Visiting attribute path : type
03:44:48.057 [main] DEBUG o.h.l.p.b.i.FetchStyleLoadPlanBuildingAssociationVisitationStrategy - Building LoadPlan...
03:44:48.057 [main] DEBUG o.h.l.p.e.i.LoadQueryJoinAndFetchProcessor - processing queryspace <gen:0>
03:44:48.058 [main] DEBUG o.h.l.p.b.spi.LoadPlanTreePrinter - LoadPlan(entity=edu.ncsu.csc.itrust2.models.persistent.AppointmentRequest)
    - Returns
       - EntityReturnImpl(entity=edu.ncsu.csc.itrust2.models.persistent.AppointmentRequest, querySpaceUid=<gen:0>, path=edu.ncsu.csc.itrust2.models.persistent.AppointmentRequest)
          - EntityAttributeFetchImpl(entity=edu.ncsu.csc.itrust2.models.persistent.User, querySpaceUid=<gen:1>, path=edu.ncsu.csc.itrust2.models.persistent.AppointmentRequest.hcp)
          - EntityAttributeFetchImpl(entity=edu.ncsu.csc.itrust2.models.persistent.User, querySpaceUid=<gen:2>, path=edu.ncsu.csc.itrust2.models.persistent.AppointmentRequest.patient)
    - QuerySpaces
       - EntityQuerySpaceImpl(uid=<gen:0>, entity=edu.ncsu.csc.itrust2.models.persistent.AppointmentRequest)
          - SQL table alias mapping - appointmen0_
          - alias suffix - 0_
          - suffixed key columns - {id1_0_0_}
          - JOIN (JoinDefinedByMetadata(hcp)) : <gen:0> -> <gen:1>
             - EntityQuerySpaceImpl(uid=<gen:1>, entity=edu.ncsu.csc.itrust2.models.persistent.User)
                - SQL table alias mapping - user1_
                - alias suffix - 1_
                - suffixed key columns - {username1_15_1_}
          - JOIN (JoinDefinedByMetadata(patient)) : <gen:0> -> <gen:2>
             - EntityQuerySpaceImpl(uid=<gen:2>, entity=edu.ncsu.csc.itrust2.models.persistent.User)
                - SQL table alias mapping - user2_
                - alias suffix - 2_
                - suffixed key columns - {username1_15_2_}

03:44:48.058 [main] DEBUG o.h.loader.entity.plan.EntityLoader - Static select for entity edu.ncsu.csc.itrust2.models.persistent.AppointmentRequest [READ]: select appointmen0_.id as id1_0_0_, appointmen0_.comments as comments2_0_0_, appointmen0_.date as date3_0_0_, appointmen0_.hcp_id as hcp_id6_0_0_, appointmen0_.patient_id as patient_7_0_0_, appointmen0_.status as status4_0_0_, appointmen0_.type as type5_0_0_, user1_.username as username1_15_1_, user1_.enabled as enabled2_15_1_, user1_.password as password3_15_1_, user1_.role as role4_15_1_, user2_.username as username1_15_2_, user2_.enabled as enabled2_15_2_, user2_.password as password3_15_2_, user2_.role as role4_15_2_ from AppointmentRequests appointmen0_ inner join Users user1_ on appointmen0_.hcp_id=user1_.username inner join Users user2_ on appointmen0_.patient_id=user2_.username where appointmen0_.id=?
03:44:48.058 [main] DEBUG o.h.l.p.b.i.spaces.QuerySpacesImpl - Adding QuerySpace : uid = <gen:0> -> org.hibernate.loader.plan.build.internal.spaces.EntityQuerySpaceImpl@4f99df83]
03:44:48.058 [main] DEBUG o.h.p.w.spi.MetamodelGraphWalker - Visiting attribute path : comments
03:44:48.058 [main] DEBUG o.h.p.w.spi.MetamodelGraphWalker - Visiting attribute path : date
03:44:48.058 [main] DEBUG o.h.p.w.spi.MetamodelGraphWalker - Visiting attribute path : hcp
03:44:48.059 [main] DEBUG o.h.l.p.b.i.spaces.QuerySpacesImpl - Adding QuerySpace : uid = <gen:1> -> org.hibernate.loader.plan.build.internal.spaces.EntityQuerySpaceImpl@491719c]
03:44:48.059 [main] DEBUG o.h.p.w.spi.MetamodelGraphWalker - Visiting attribute path : patient
03:44:48.059 [main] DEBUG o.h.l.p.b.i.spaces.QuerySpacesImpl - Adding QuerySpace : uid = <gen:2> -> org.hibernate.loader.plan.build.internal.spaces.EntityQuerySpaceImpl@41814a6d]
03:44:48.059 [main] DEBUG o.h.p.w.spi.MetamodelGraphWalker - Visiting attribute path : status
03:44:48.059 [main] DEBUG o.h.p.w.spi.MetamodelGraphWalker - Visiting attribute path : type
03:44:48.059 [main] DEBUG o.h.l.p.b.i.FetchStyleLoadPlanBuildingAssociationVisitationStrategy - Building LoadPlan...
03:44:48.060 [main] DEBUG o.h.l.p.e.i.LoadQueryJoinAndFetchProcessor - processing queryspace <gen:0>
03:44:48.060 [main] DEBUG o.h.l.p.b.spi.LoadPlanTreePrinter - LoadPlan(entity=edu.ncsu.csc.itrust2.models.persistent.AppointmentRequest)
    - Returns
       - EntityReturnImpl(entity=edu.ncsu.csc.itrust2.models.persistent.AppointmentRequest, querySpaceUid=<gen:0>, path=edu.ncsu.csc.itrust2.models.persistent.AppointmentRequest)
          - EntityAttributeFetchImpl(entity=edu.ncsu.csc.itrust2.models.persistent.User, querySpaceUid=<gen:1>, path=edu.ncsu.csc.itrust2.models.persistent.AppointmentRequest.hcp)
          - EntityAttributeFetchImpl(entity=edu.ncsu.csc.itrust2.models.persistent.User, querySpaceUid=<gen:2>, path=edu.ncsu.csc.itrust2.models.persistent.AppointmentRequest.patient)
    - QuerySpaces
       - EntityQuerySpaceImpl(uid=<gen:0>, entity=edu.ncsu.csc.itrust2.models.persistent.AppointmentRequest)
          - SQL table alias mapping - appointmen0_
          - alias suffix - 0_
          - suffixed key columns - {id1_0_0_}

03:44:48.060 [main] DEBUG o.h.loader.entity.plan.EntityLoader - Static select for entity edu.ncsu.csc.itrust2.models.persistent.AppointmentRequest [UPGRADE]: select appointmen0_.id as id1_0_0_, appointmen0_.comments as comments2_0_0_, appointmen0_.date as date3_0_0_, appointmen0_.hcp_id as hcp_id6_0_0_, appointmen0_.patient_id as patient_7_0_0_, appointmen0_.status as status4_0_0_, appointmen0_.type as type5_0_0_ from AppointmentRequests appointmen0_ where appointmen0_.id=? for update
03:44:48.060 [main] DEBUG o.h.l.p.b.i.spaces.QuerySpacesImpl - Adding QuerySpace : uid = <gen:0> -> org.hibernate.loader.plan.build.internal.spaces.EntityQuerySpaceImpl@4065f019]
03:44:48.060 [main] DEBUG o.h.p.w.spi.MetamodelGraphWalker - Visiting attribute path : comments
03:44:48.060 [main] DEBUG o.h.p.w.spi.MetamodelGraphWalker - Visiting attribute path : date
03:44:48.060 [main] DEBUG o.h.p.w.spi.MetamodelGraphWalker - Visiting attribute path : hcp
03:44:48.061 [main] DEBUG o.h.l.p.b.i.spaces.QuerySpacesImpl - Adding QuerySpace : uid = <gen:1> -> org.hibernate.loader.plan.build.internal.spaces.EntityQuerySpaceImpl@394c9284]
03:44:48.061 [main] DEBUG o.h.p.w.spi.MetamodelGraphWalker - Visiting attribute path : patient
03:44:48.061 [main] DEBUG o.h.l.p.b.i.spaces.QuerySpacesImpl - Adding QuerySpace : uid = <gen:2> -> org.hibernate.loader.plan.build.internal.spaces.EntityQuerySpaceImpl@725575e2]
03:44:48.061 [main] DEBUG o.h.p.w.spi.MetamodelGraphWalker - Visiting attribute path : status
03:44:48.061 [main] DEBUG o.h.p.w.spi.MetamodelGraphWalker - Visiting attribute path : type
03:44:48.061 [main] DEBUG o.h.l.p.b.i.FetchStyleLoadPlanBuildingAssociationVisitationStrategy - Building LoadPlan...
03:44:48.061 [main] DEBUG o.h.l.p.e.i.LoadQueryJoinAndFetchProcessor - processing queryspace <gen:0>
03:44:48.062 [main] DEBUG o.h.l.p.b.spi.LoadPlanTreePrinter - LoadPlan(entity=edu.ncsu.csc.itrust2.models.persistent.AppointmentRequest)
    - Returns
       - EntityReturnImpl(entity=edu.ncsu.csc.itrust2.models.persistent.AppointmentRequest, querySpaceUid=<gen:0>, path=edu.ncsu.csc.itrust2.models.persistent.AppointmentRequest)
          - EntityAttributeFetchImpl(entity=edu.ncsu.csc.itrust2.models.persistent.User, querySpaceUid=<gen:1>, path=edu.ncsu.csc.itrust2.models.persistent.AppointmentRequest.hcp)
          - EntityAttributeFetchImpl(entity=edu.ncsu.csc.itrust2.models.persistent.User, querySpaceUid=<gen:2>, path=edu.ncsu.csc.itrust2.models.persistent.AppointmentRequest.patient)
    - QuerySpaces
       - EntityQuerySpaceImpl(uid=<gen:0>, entity=edu.ncsu.csc.itrust2.models.persistent.AppointmentRequest)
          - SQL table alias mapping - appointmen0_
          - alias suffix - 0_
          - suffixed key columns - {id1_0_0_}

03:44:48.062 [main] DEBUG o.h.loader.entity.plan.EntityLoader - Static select for entity edu.ncsu.csc.itrust2.models.persistent.AppointmentRequest [UPGRADE_NOWAIT]: select appointmen0_.id as id1_0_0_, appointmen0_.comments as comments2_0_0_, appointmen0_.date as date3_0_0_, appointmen0_.hcp_id as hcp_id6_0_0_, appointmen0_.patient_id as patient_7_0_0_, appointmen0_.status as status4_0_0_, appointmen0_.type as type5_0_0_ from AppointmentRequests appointmen0_ where appointmen0_.id=? for update
03:44:48.062 [main] DEBUG o.h.l.p.b.i.spaces.QuerySpacesImpl - Adding QuerySpace : uid = <gen:0> -> org.hibernate.loader.plan.build.internal.spaces.EntityQuerySpaceImpl@1ddfa689]
03:44:48.062 [main] DEBUG o.h.p.w.spi.MetamodelGraphWalker - Visiting attribute path : comments
03:44:48.062 [main] DEBUG o.h.p.w.spi.MetamodelGraphWalker - Visiting attribute path : date
03:44:48.062 [main] DEBUG o.h.p.w.spi.MetamodelGraphWalker - Visiting attribute path : hcp
03:44:48.063 [main] DEBUG o.h.l.p.b.i.spaces.QuerySpacesImpl - Adding QuerySpace : uid = <gen:1> -> org.hibernate.loader.plan.build.internal.spaces.EntityQuerySpaceImpl@680c02e]
03:44:48.063 [main] DEBUG o.h.p.w.spi.MetamodelGraphWalker - Visiting attribute path : patient
03:44:48.063 [main] DEBUG o.h.l.p.b.i.spaces.QuerySpacesImpl - Adding QuerySpace : uid = <gen:2> -> org.hibernate.loader.plan.build.internal.spaces.EntityQuerySpaceImpl@5fa34f79]
03:44:48.063 [main] DEBUG o.h.p.w.spi.MetamodelGraphWalker - Visiting attribute path : status
03:44:48.063 [main] DEBUG o.h.p.w.spi.MetamodelGraphWalker - Visiting attribute path : type
03:44:48.063 [main] DEBUG o.h.l.p.b.i.FetchStyleLoadPlanBuildingAssociationVisitationStrategy - Building LoadPlan...
03:44:48.063 [main] DEBUG o.h.l.p.e.i.LoadQueryJoinAndFetchProcessor - processing queryspace <gen:0>
03:44:48.063 [main] DEBUG o.h.l.p.b.spi.LoadPlanTreePrinter - LoadPlan(entity=edu.ncsu.csc.itrust2.models.persistent.AppointmentRequest)
    - Returns
       - EntityReturnImpl(entity=edu.ncsu.csc.itrust2.models.persistent.AppointmentRequest, querySpaceUid=<gen:0>, path=edu.ncsu.csc.itrust2.models.persistent.AppointmentRequest)
          - EntityAttributeFetchImpl(entity=edu.ncsu.csc.itrust2.models.persistent.User, querySpaceUid=<gen:1>, path=edu.ncsu.csc.itrust2.models.persistent.AppointmentRequest.hcp)
          - EntityAttributeFetchImpl(entity=edu.ncsu.csc.itrust2.models.persistent.User, querySpaceUid=<gen:2>, path=edu.ncsu.csc.itrust2.models.persistent.AppointmentRequest.patient)
    - QuerySpaces
       - EntityQuerySpaceImpl(uid=<gen:0>, entity=edu.ncsu.csc.itrust2.models.persistent.AppointmentRequest)
          - SQL table alias mapping - appointmen0_
          - alias suffix - 0_
          - suffixed key columns - {id1_0_0_}

03:44:48.063 [main] DEBUG o.h.loader.entity.plan.EntityLoader - Static select for entity edu.ncsu.csc.itrust2.models.persistent.AppointmentRequest [UPGRADE_SKIPLOCKED]: select appointmen0_.id as id1_0_0_, appointmen0_.comments as comments2_0_0_, appointmen0_.date as date3_0_0_, appointmen0_.hcp_id as hcp_id6_0_0_, appointmen0_.patient_id as patient_7_0_0_, appointmen0_.status as status4_0_0_, appointmen0_.type as type5_0_0_ from AppointmentRequests appointmen0_ where appointmen0_.id=? for update
03:44:48.063 [main] DEBUG o.h.l.p.b.i.spaces.QuerySpacesImpl - Adding QuerySpace : uid = <gen:0> -> org.hibernate.loader.plan.build.internal.spaces.EntityQuerySpaceImpl@3fa841ea]
03:44:48.063 [main] DEBUG o.h.p.w.spi.MetamodelGraphWalker - Visiting attribute path : comments
03:44:48.063 [main] DEBUG o.h.p.w.spi.MetamodelGraphWalker - Visiting attribute path : date
03:44:48.063 [main] DEBUG o.h.p.w.spi.MetamodelGraphWalker - Visiting attribute path : hcp
03:44:48.063 [main] DEBUG o.h.l.p.b.i.spaces.QuerySpacesImpl - Adding QuerySpace : uid = <gen:1> -> org.hibernate.loader.plan.build.internal.spaces.EntityQuerySpaceImpl@49511122]
03:44:48.063 [main] DEBUG o.h.p.w.spi.MetamodelGraphWalker - Visiting attribute path : patient
03:44:48.064 [main] DEBUG o.h.l.p.b.i.spaces.QuerySpacesImpl - Adding QuerySpace : uid = <gen:2> -> org.hibernate.loader.plan.build.internal.spaces.EntityQuerySpaceImpl@ccc47f6]
03:44:48.064 [main] DEBUG o.h.p.w.spi.MetamodelGraphWalker - Visiting attribute path : status
03:44:48.064 [main] DEBUG o.h.p.w.spi.MetamodelGraphWalker - Visiting attribute path : type
03:44:48.064 [main] DEBUG o.h.l.p.b.i.FetchStyleLoadPlanBuildingAssociationVisitationStrategy - Building LoadPlan...
03:44:48.064 [main] DEBUG o.h.l.p.e.i.LoadQueryJoinAndFetchProcessor - processing queryspace <gen:0>
03:44:48.064 [main] DEBUG o.h.l.p.b.spi.LoadPlanTreePrinter - LoadPlan(entity=edu.ncsu.csc.itrust2.models.persistent.AppointmentRequest)
    - Returns
       - EntityReturnImpl(entity=edu.ncsu.csc.itrust2.models.persistent.AppointmentRequest, querySpaceUid=<gen:0>, path=edu.ncsu.csc.itrust2.models.persistent.AppointmentRequest)
          - EntityAttributeFetchImpl(entity=edu.ncsu.csc.itrust2.models.persistent.User, querySpaceUid=<gen:1>, path=edu.ncsu.csc.itrust2.models.persistent.AppointmentRequest.hcp)
          - EntityAttributeFetchImpl(entity=edu.ncsu.csc.itrust2.models.persistent.User, querySpaceUid=<gen:2>, path=edu.ncsu.csc.itrust2.models.persistent.AppointmentRequest.patient)
    - QuerySpaces
       - EntityQuerySpaceImpl(uid=<gen:0>, entity=edu.ncsu.csc.itrust2.models.persistent.AppointmentRequest)
          - SQL table alias mapping - appointmen0_
          - alias suffix - 0_
          - suffixed key columns - {id1_0_0_}

03:44:48.065 [main] DEBUG o.h.loader.entity.plan.EntityLoader - Static select for entity edu.ncsu.csc.itrust2.models.persistent.AppointmentRequest [FORCE]: select appointmen0_.id as id1_0_0_, appointmen0_.comments as comments2_0_0_, appointmen0_.date as date3_0_0_, appointmen0_.hcp_id as hcp_id6_0_0_, appointmen0_.patient_id as patient_7_0_0_, appointmen0_.status as status4_0_0_, appointmen0_.type as type5_0_0_ from AppointmentRequests appointmen0_ where appointmen0_.id=? for update
03:44:48.065 [main] DEBUG o.h.l.p.b.i.spaces.QuerySpacesImpl - Adding QuerySpace : uid = <gen:0> -> org.hibernate.loader.plan.build.internal.spaces.EntityQuerySpaceImpl@7196f094]
03:44:48.065 [main] DEBUG o.h.p.w.spi.MetamodelGraphWalker - Visiting attribute path : comments
03:44:48.065 [main] DEBUG o.h.p.w.spi.MetamodelGraphWalker - Visiting attribute path : date
03:44:48.065 [main] DEBUG o.h.p.w.spi.MetamodelGraphWalker - Visiting attribute path : hcp
03:44:48.066 [main] DEBUG o.h.l.p.b.i.spaces.QuerySpacesImpl - Adding QuerySpace : uid = <gen:1> -> org.hibernate.loader.plan.build.internal.spaces.EntityQuerySpaceImpl@785b35b2]
03:44:48.066 [main] DEBUG o.h.p.w.spi.MetamodelGraphWalker - Visiting attribute path : patient
03:44:48.066 [main] DEBUG o.h.l.p.b.i.spaces.QuerySpacesImpl - Adding QuerySpace : uid = <gen:2> -> org.hibernate.loader.plan.build.internal.spaces.EntityQuerySpaceImpl@16c63eb8]
03:44:48.066 [main] DEBUG o.h.p.w.spi.MetamodelGraphWalker - Visiting attribute path : status
03:44:48.066 [main] DEBUG o.h.p.w.spi.MetamodelGraphWalker - Visiting attribute path : type
03:44:48.066 [main] DEBUG o.h.l.p.b.i.FetchStyleLoadPlanBuildingAssociationVisitationStrategy - Building LoadPlan...
03:44:48.067 [main] DEBUG o.h.l.p.e.i.LoadQueryJoinAndFetchProcessor - processing queryspace <gen:0>
03:44:48.067 [main] DEBUG o.h.l.p.b.spi.LoadPlanTreePrinter - LoadPlan(entity=edu.ncsu.csc.itrust2.models.persistent.AppointmentRequest)
    - Returns
       - EntityReturnImpl(entity=edu.ncsu.csc.itrust2.models.persistent.AppointmentRequest, querySpaceUid=<gen:0>, path=edu.ncsu.csc.itrust2.models.persistent.AppointmentRequest)
          - EntityAttributeFetchImpl(entity=edu.ncsu.csc.itrust2.models.persistent.User, querySpaceUid=<gen:1>, path=edu.ncsu.csc.itrust2.models.persistent.AppointmentRequest.hcp)
          - EntityAttributeFetchImpl(entity=edu.ncsu.csc.itrust2.models.persistent.User, querySpaceUid=<gen:2>, path=edu.ncsu.csc.itrust2.models.persistent.AppointmentRequest.patient)
    - QuerySpaces
       - EntityQuerySpaceImpl(uid=<gen:0>, entity=edu.ncsu.csc.itrust2.models.persistent.AppointmentRequest)
          - SQL table alias mapping - appointmen0_
          - alias suffix - 0_
          - suffixed key columns - {id1_0_0_}

03:44:48.068 [main] DEBUG o.h.loader.entity.plan.EntityLoader - Static select for entity edu.ncsu.csc.itrust2.models.persistent.AppointmentRequest [PESSIMISTIC_READ]: select appointmen0_.id as id1_0_0_, appointmen0_.comments as comments2_0_0_, appointmen0_.date as date3_0_0_, appointmen0_.hcp_id as hcp_id6_0_0_, appointmen0_.patient_id as patient_7_0_0_, appointmen0_.status as status4_0_0_, appointmen0_.type as type5_0_0_ from AppointmentRequests appointmen0_ where appointmen0_.id=? lock in share mode
03:44:48.068 [main] DEBUG o.h.l.p.b.i.spaces.QuerySpacesImpl - Adding QuerySpace : uid = <gen:0> -> org.hibernate.loader.plan.build.internal.spaces.EntityQuerySpaceImpl@50927ea4]
03:44:48.068 [main] DEBUG o.h.p.w.spi.MetamodelGraphWalker - Visiting attribute path : comments
03:44:48.068 [main] DEBUG o.h.p.w.spi.MetamodelGraphWalker - Visiting attribute path : date
03:44:48.068 [main] DEBUG o.h.p.w.spi.MetamodelGraphWalker - Visiting attribute path : hcp
03:44:48.068 [main] DEBUG o.h.l.p.b.i.spaces.QuerySpacesImpl - Adding QuerySpace : uid = <gen:1> -> org.hibernate.loader.plan.build.internal.spaces.EntityQuerySpaceImpl@5ff494ff]
03:44:48.068 [main] DEBUG o.h.p.w.spi.MetamodelGraphWalker - Visiting attribute path : patient
03:44:48.068 [main] DEBUG o.h.l.p.b.i.spaces.QuerySpacesImpl - Adding QuerySpace : uid = <gen:2> -> org.hibernate.loader.plan.build.internal.spaces.EntityQuerySpaceImpl@78e05247]
03:44:48.069 [main] DEBUG o.h.p.w.spi.MetamodelGraphWalker - Visiting attribute path : status
03:44:48.069 [main] DEBUG o.h.p.w.spi.MetamodelGraphWalker - Visiting attribute path : type
03:44:48.069 [main] DEBUG o.h.l.p.b.i.FetchStyleLoadPlanBuildingAssociationVisitationStrategy - Building LoadPlan...
03:44:48.069 [main] DEBUG o.h.l.p.e.i.LoadQueryJoinAndFetchProcessor - processing queryspace <gen:0>
03:44:48.069 [main] DEBUG o.h.l.p.b.spi.LoadPlanTreePrinter - LoadPlan(entity=edu.ncsu.csc.itrust2.models.persistent.AppointmentRequest)
    - Returns
       - EntityReturnImpl(entity=edu.ncsu.csc.itrust2.models.persistent.AppointmentRequest, querySpaceUid=<gen:0>, path=edu.ncsu.csc.itrust2.models.persistent.AppointmentRequest)
          - EntityAttributeFetchImpl(entity=edu.ncsu.csc.itrust2.models.persistent.User, querySpaceUid=<gen:1>, path=edu.ncsu.csc.itrust2.models.persistent.AppointmentRequest.hcp)
          - EntityAttributeFetchImpl(entity=edu.ncsu.csc.itrust2.models.persistent.User, querySpaceUid=<gen:2>, path=edu.ncsu.csc.itrust2.models.persistent.AppointmentRequest.patient)
    - QuerySpaces
       - EntityQuerySpaceImpl(uid=<gen:0>, entity=edu.ncsu.csc.itrust2.models.persistent.AppointmentRequest)
          - SQL table alias mapping - appointmen0_
          - alias suffix - 0_
          - suffixed key columns - {id1_0_0_}

03:44:48.070 [main] DEBUG o.h.loader.entity.plan.EntityLoader - Static select for entity edu.ncsu.csc.itrust2.models.persistent.AppointmentRequest [PESSIMISTIC_WRITE]: select appointmen0_.id as id1_0_0_, appointmen0_.comments as comments2_0_0_, appointmen0_.date as date3_0_0_, appointmen0_.hcp_id as hcp_id6_0_0_, appointmen0_.patient_id as patient_7_0_0_, appointmen0_.status as status4_0_0_, appointmen0_.type as type5_0_0_ from AppointmentRequests appointmen0_ where appointmen0_.id=? for update
03:44:48.070 [main] DEBUG o.h.l.p.b.i.spaces.QuerySpacesImpl - Adding QuerySpace : uid = <gen:0> -> org.hibernate.loader.plan.build.internal.spaces.EntityQuerySpaceImpl@3b4464a1]
03:44:48.071 [main] DEBUG o.h.p.w.spi.MetamodelGraphWalker - Visiting attribute path : comments
03:44:48.071 [main] DEBUG o.h.p.w.spi.MetamodelGraphWalker - Visiting attribute path : date
03:44:48.071 [main] DEBUG o.h.p.w.spi.MetamodelGraphWalker - Visiting attribute path : hcp
03:44:48.071 [main] DEBUG o.h.l.p.b.i.spaces.QuerySpacesImpl - Adding QuerySpace : uid = <gen:1> -> org.hibernate.loader.plan.build.internal.spaces.EntityQuerySpaceImpl@206e1d26]
03:44:48.072 [main] DEBUG o.h.p.w.spi.MetamodelGraphWalker - Visiting attribute path : patient
03:44:48.072 [main] DEBUG o.h.l.p.b.i.spaces.QuerySpacesImpl - Adding QuerySpace : uid = <gen:2> -> org.hibernate.loader.plan.build.internal.spaces.EntityQuerySpaceImpl@5a661106]
03:44:48.072 [main] DEBUG o.h.p.w.spi.MetamodelGraphWalker - Visiting attribute path : status
03:44:48.072 [main] DEBUG o.h.p.w.spi.MetamodelGraphWalker - Visiting attribute path : type
03:44:48.072 [main] DEBUG o.h.l.p.b.i.FetchStyleLoadPlanBuildingAssociationVisitationStrategy - Building LoadPlan...
03:44:48.072 [main] DEBUG o.h.l.p.e.i.LoadQueryJoinAndFetchProcessor - processing queryspace <gen:0>
03:44:48.074 [main] DEBUG o.h.l.p.b.spi.LoadPlanTreePrinter - LoadPlan(entity=edu.ncsu.csc.itrust2.models.persistent.AppointmentRequest)
    - Returns
       - EntityReturnImpl(entity=edu.ncsu.csc.itrust2.models.persistent.AppointmentRequest, querySpaceUid=<gen:0>, path=edu.ncsu.csc.itrust2.models.persistent.AppointmentRequest)
          - EntityAttributeFetchImpl(entity=edu.ncsu.csc.itrust2.models.persistent.User, querySpaceUid=<gen:1>, path=edu.ncsu.csc.itrust2.models.persistent.AppointmentRequest.hcp)
          - EntityAttributeFetchImpl(entity=edu.ncsu.csc.itrust2.models.persistent.User, querySpaceUid=<gen:2>, path=edu.ncsu.csc.itrust2.models.persistent.AppointmentRequest.patient)
    - QuerySpaces
       - EntityQuerySpaceImpl(uid=<gen:0>, entity=edu.ncsu.csc.itrust2.models.persistent.AppointmentRequest)
          - SQL table alias mapping - appointmen0_
          - alias suffix - 0_
          - suffixed key columns - {id1_0_0_}

03:44:48.074 [main] DEBUG o.h.loader.entity.plan.EntityLoader - Static select for entity edu.ncsu.csc.itrust2.models.persistent.AppointmentRequest [PESSIMISTIC_FORCE_INCREMENT]: select appointmen0_.id as id1_0_0_, appointmen0_.comments as comments2_0_0_, appointmen0_.date as date3_0_0_, appointmen0_.hcp_id as hcp_id6_0_0_, appointmen0_.patient_id as patient_7_0_0_, appointmen0_.status as status4_0_0_, appointmen0_.type as type5_0_0_ from AppointmentRequests appointmen0_ where appointmen0_.id=? for update
03:44:48.074 [main] DEBUG o.h.l.p.b.i.spaces.QuerySpacesImpl - Adding QuerySpace : uid = <gen:0> -> org.hibernate.loader.plan.build.internal.spaces.EntityQuerySpaceImpl@429f0787]
03:44:48.074 [main] DEBUG o.h.p.w.spi.MetamodelGraphWalker - Visiting attribute path : comments
03:44:48.074 [main] DEBUG o.h.p.w.spi.MetamodelGraphWalker - Visiting attribute path : date
03:44:48.074 [main] DEBUG o.h.p.w.spi.MetamodelGraphWalker - Visiting attribute path : hcp
03:44:48.075 [main] DEBUG o.h.l.p.b.i.spaces.QuerySpacesImpl - Adding QuerySpace : uid = <gen:1> -> org.hibernate.loader.plan.build.internal.spaces.EntityQuerySpaceImpl@782a695c]
03:44:48.075 [main] DEBUG o.h.p.w.spi.MetamodelGraphWalker - Visiting attribute path : patient
03:44:48.075 [main] DEBUG o.h.l.p.b.i.spaces.QuerySpacesImpl - Adding QuerySpace : uid = <gen:2> -> org.hibernate.loader.plan.build.internal.spaces.EntityQuerySpaceImpl@122eb97e]
03:44:48.075 [main] DEBUG o.h.p.w.spi.MetamodelGraphWalker - Visiting attribute path : status
03:44:48.075 [main] DEBUG o.h.p.w.spi.MetamodelGraphWalker - Visiting attribute path : type
03:44:48.075 [main] DEBUG o.h.l.p.b.i.FetchStyleLoadPlanBuildingAssociationVisitationStrategy - Building LoadPlan...
03:44:48.075 [main] DEBUG o.h.l.p.e.i.LoadQueryJoinAndFetchProcessor - processing queryspace <gen:0>
03:44:48.077 [main] DEBUG o.h.l.p.b.spi.LoadPlanTreePrinter - LoadPlan(entity=edu.ncsu.csc.itrust2.models.persistent.AppointmentRequest)
    - Returns
       - EntityReturnImpl(entity=edu.ncsu.csc.itrust2.models.persistent.AppointmentRequest, querySpaceUid=<gen:0>, path=edu.ncsu.csc.itrust2.models.persistent.AppointmentRequest)
          - EntityAttributeFetchImpl(entity=edu.ncsu.csc.itrust2.models.persistent.User, querySpaceUid=<gen:1>, path=edu.ncsu.csc.itrust2.models.persistent.AppointmentRequest.hcp)
          - EntityAttributeFetchImpl(entity=edu.ncsu.csc.itrust2.models.persistent.User, querySpaceUid=<gen:2>, path=edu.ncsu.csc.itrust2.models.persistent.AppointmentRequest.patient)
    - QuerySpaces
       - EntityQuerySpaceImpl(uid=<gen:0>, entity=edu.ncsu.csc.itrust2.models.persistent.AppointmentRequest)
          - SQL table alias mapping - appointmen0_
          - alias suffix - 0_
          - suffixed key columns - {id1_0_0_}

03:44:48.077 [main] DEBUG o.h.loader.entity.plan.EntityLoader - Static select for entity edu.ncsu.csc.itrust2.models.persistent.AppointmentRequest [OPTIMISTIC]: select appointmen0_.id as id1_0_0_, appointmen0_.comments as comments2_0_0_, appointmen0_.date as date3_0_0_, appointmen0_.hcp_id as hcp_id6_0_0_, appointmen0_.patient_id as patient_7_0_0_, appointmen0_.status as status4_0_0_, appointmen0_.type as type5_0_0_ from AppointmentRequests appointmen0_ where appointmen0_.id=?
03:44:48.077 [main] DEBUG o.h.l.p.b.i.spaces.QuerySpacesImpl - Adding QuerySpace : uid = <gen:0> -> org.hibernate.loader.plan.build.internal.spaces.EntityQuerySpaceImpl@28372783]
03:44:48.078 [main] DEBUG o.h.p.w.spi.MetamodelGraphWalker - Visiting attribute path : comments
03:44:48.078 [main] DEBUG o.h.p.w.spi.MetamodelGraphWalker - Visiting attribute path : date
03:44:48.078 [main] DEBUG o.h.p.w.spi.MetamodelGraphWalker - Visiting attribute path : hcp
03:44:48.078 [main] DEBUG o.h.l.p.b.i.spaces.QuerySpacesImpl - Adding QuerySpace : uid = <gen:1> -> org.hibernate.loader.plan.build.internal.spaces.EntityQuerySpaceImpl@45759fd9]
03:44:48.078 [main] DEBUG o.h.p.w.spi.MetamodelGraphWalker - Visiting attribute path : patient
03:44:48.078 [main] DEBUG o.h.l.p.b.i.spaces.QuerySpacesImpl - Adding QuerySpace : uid = <gen:2> -> org.hibernate.loader.plan.build.internal.spaces.EntityQuerySpaceImpl@22f72b40]
03:44:48.078 [main] DEBUG o.h.p.w.spi.MetamodelGraphWalker - Visiting attribute path : status
03:44:48.078 [main] DEBUG o.h.p.w.spi.MetamodelGraphWalker - Visiting attribute path : type
03:44:48.079 [main] DEBUG o.h.l.p.b.i.FetchStyleLoadPlanBuildingAssociationVisitationStrategy - Building LoadPlan...
03:44:48.080 [main] DEBUG o.h.l.p.e.i.LoadQueryJoinAndFetchProcessor - processing queryspace <gen:0>
03:44:48.080 [main] DEBUG o.h.l.p.b.spi.LoadPlanTreePrinter - LoadPlan(entity=edu.ncsu.csc.itrust2.models.persistent.AppointmentRequest)
    - Returns
       - EntityReturnImpl(entity=edu.ncsu.csc.itrust2.models.persistent.AppointmentRequest, querySpaceUid=<gen:0>, path=edu.ncsu.csc.itrust2.models.persistent.AppointmentRequest)
          - EntityAttributeFetchImpl(entity=edu.ncsu.csc.itrust2.models.persistent.User, querySpaceUid=<gen:1>, path=edu.ncsu.csc.itrust2.models.persistent.AppointmentRequest.hcp)
          - EntityAttributeFetchImpl(entity=edu.ncsu.csc.itrust2.models.persistent.User, querySpaceUid=<gen:2>, path=edu.ncsu.csc.itrust2.models.persistent.AppointmentRequest.patient)
    - QuerySpaces
       - EntityQuerySpaceImpl(uid=<gen:0>, entity=edu.ncsu.csc.itrust2.models.persistent.AppointmentRequest)
          - SQL table alias mapping - appointmen0_
          - alias suffix - 0_
          - suffixed key columns - {id1_0_0_}

03:44:48.080 [main] DEBUG o.h.loader.entity.plan.EntityLoader - Static select for entity edu.ncsu.csc.itrust2.models.persistent.AppointmentRequest [OPTIMISTIC_FORCE_INCREMENT]: select appointmen0_.id as id1_0_0_, appointmen0_.comments as comments2_0_0_, appointmen0_.date as date3_0_0_, appointmen0_.hcp_id as hcp_id6_0_0_, appointmen0_.patient_id as patient_7_0_0_, appointmen0_.status as status4_0_0_, appointmen0_.type as type5_0_0_ from AppointmentRequests appointmen0_ where appointmen0_.id=?
03:44:48.081 [main] DEBUG org.hibernate.loader.Loader - Static select for action ACTION_MERGE on entity edu.ncsu.csc.itrust2.models.persistent.AppointmentRequest: select appointmen0_.id as id1_0_0_, appointmen0_.comments as comments2_0_0_, appointmen0_.date as date3_0_0_, appointmen0_.hcp_id as hcp_id6_0_0_, appointmen0_.patient_id as patient_7_0_0_, appointmen0_.status as status4_0_0_, appointmen0_.type as type5_0_0_ from AppointmentRequests appointmen0_ where appointmen0_.id=?
03:44:48.082 [main] DEBUG org.hibernate.loader.Loader - Static select for action ACTION_REFRESH on entity edu.ncsu.csc.itrust2.models.persistent.AppointmentRequest: select appointmen0_.id as id1_0_0_, appointmen0_.comments as comments2_0_0_, appointmen0_.date as date3_0_0_, appointmen0_.hcp_id as hcp_id6_0_0_, appointmen0_.patient_id as patient_7_0_0_, appointmen0_.status as status4_0_0_, appointmen0_.type as type5_0_0_ from AppointmentRequests appointmen0_ where appointmen0_.id=?
03:44:48.082 [main] DEBUG o.h.p.entity.AbstractEntityPersister - Static SQL for entity: edu.ncsu.csc.itrust2.models.persistent.LoginBan
03:44:48.082 [main] DEBUG o.h.p.entity.AbstractEntityPersister -  Version select: select id from LoginBans where id =?
03:44:48.082 [main] DEBUG o.h.p.entity.AbstractEntityPersister -  Snapshot select: select loginban_.id, loginban_.ip as ip2_8_, loginban_.time as time3_8_, loginban_.user_id as user_id4_8_ from LoginBans loginban_ where loginban_.id=?
03:44:48.082 [main] DEBUG o.h.p.entity.AbstractEntityPersister -  Insert 0: insert into LoginBans (ip, time, user_id, id) values (?, ?, ?, ?)
03:44:48.082 [main] DEBUG o.h.p.entity.AbstractEntityPersister -  Update 0: update LoginBans set ip=?, time=?, user_id=? where id=?
03:44:48.082 [main] DEBUG o.h.p.entity.AbstractEntityPersister -  Delete 0: delete from LoginBans where id=?
03:44:48.082 [main] DEBUG o.h.l.p.b.i.spaces.QuerySpacesImpl - Adding QuerySpace : uid = <gen:0> -> org.hibernate.loader.plan.build.internal.spaces.EntityQuerySpaceImpl@33ed0ba2]
03:44:48.083 [main] DEBUG o.h.p.w.spi.MetamodelGraphWalker - Visiting attribute path : ip
03:44:48.083 [main] DEBUG o.h.p.w.spi.MetamodelGraphWalker - Visiting attribute path : time
03:44:48.083 [main] DEBUG o.h.p.w.spi.MetamodelGraphWalker - Visiting attribute path : user
03:44:48.083 [main] DEBUG o.h.l.p.b.i.spaces.QuerySpacesImpl - Adding QuerySpace : uid = <gen:1> -> org.hibernate.loader.plan.build.internal.spaces.EntityQuerySpaceImpl@47f207eb]
03:44:48.083 [main] DEBUG o.h.p.w.spi.MetamodelGraphWalker - Visiting attribute path : user.enabled
03:44:48.083 [main] DEBUG o.h.p.w.spi.MetamodelGraphWalker - Visiting attribute path : user.password
03:44:48.083 [main] DEBUG o.h.p.w.spi.MetamodelGraphWalker - Visiting attribute path : user.role
03:44:48.085 [main] DEBUG o.h.l.p.b.i.FetchStyleLoadPlanBuildingAssociationVisitationStrategy - Building LoadPlan...
03:44:48.085 [main] DEBUG o.h.l.p.e.i.LoadQueryJoinAndFetchProcessor - processing queryspace <gen:0>
03:44:48.085 [main] DEBUG o.h.l.p.b.spi.LoadPlanTreePrinter - LoadPlan(entity=edu.ncsu.csc.itrust2.models.persistent.LoginBan)
    - Returns
       - EntityReturnImpl(entity=edu.ncsu.csc.itrust2.models.persistent.LoginBan, querySpaceUid=<gen:0>, path=edu.ncsu.csc.itrust2.models.persistent.LoginBan)
          - EntityAttributeFetchImpl(entity=edu.ncsu.csc.itrust2.models.persistent.User, querySpaceUid=<gen:1>, path=edu.ncsu.csc.itrust2.models.persistent.LoginBan.user)
    - QuerySpaces
       - EntityQuerySpaceImpl(uid=<gen:0>, entity=edu.ncsu.csc.itrust2.models.persistent.LoginBan)
          - SQL table alias mapping - loginban0_
          - alias suffix - 0_
          - suffixed key columns - {id1_8_0_}
          - JOIN (JoinDefinedByMetadata(user)) : <gen:0> -> <gen:1>
             - EntityQuerySpaceImpl(uid=<gen:1>, entity=edu.ncsu.csc.itrust2.models.persistent.User)
                - SQL table alias mapping - user1_
                - alias suffix - 1_
                - suffixed key columns - {username1_15_1_}

03:44:48.086 [main] DEBUG o.h.loader.entity.plan.EntityLoader - Static select for entity edu.ncsu.csc.itrust2.models.persistent.LoginBan [NONE]: select loginban0_.id as id1_8_0_, loginban0_.ip as ip2_8_0_, loginban0_.time as time3_8_0_, loginban0_.user_id as user_id4_8_0_, user1_.username as username1_15_1_, user1_.enabled as enabled2_15_1_, user1_.password as password3_15_1_, user1_.role as role4_15_1_ from LoginBans loginban0_ left outer join Users user1_ on loginban0_.user_id=user1_.username where loginban0_.id=?
03:44:48.086 [main] DEBUG o.h.l.p.b.i.spaces.QuerySpacesImpl - Adding QuerySpace : uid = <gen:0> -> org.hibernate.loader.plan.build.internal.spaces.EntityQuerySpaceImpl@72f294f]
03:44:48.086 [main] DEBUG o.h.p.w.spi.MetamodelGraphWalker - Visiting attribute path : ip
03:44:48.086 [main] DEBUG o.h.p.w.spi.MetamodelGraphWalker - Visiting attribute path : time
03:44:48.086 [main] DEBUG o.h.p.w.spi.MetamodelGraphWalker - Visiting attribute path : user
03:44:48.087 [main] DEBUG o.h.l.p.b.i.spaces.QuerySpacesImpl - Adding QuerySpace : uid = <gen:1> -> org.hibernate.loader.plan.build.internal.spaces.EntityQuerySpaceImpl@7878adb3]
03:44:48.087 [main] DEBUG o.h.p.w.spi.MetamodelGraphWalker - Visiting attribute path : user.enabled
03:44:48.087 [main] DEBUG o.h.p.w.spi.MetamodelGraphWalker - Visiting attribute path : user.password
03:44:48.087 [main] DEBUG o.h.p.w.spi.MetamodelGraphWalker - Visiting attribute path : user.role
03:44:48.087 [main] DEBUG o.h.l.p.b.i.FetchStyleLoadPlanBuildingAssociationVisitationStrategy - Building LoadPlan...
03:44:48.088 [main] DEBUG o.h.l.p.e.i.LoadQueryJoinAndFetchProcessor - processing queryspace <gen:0>
03:44:48.088 [main] DEBUG o.h.l.p.b.spi.LoadPlanTreePrinter - LoadPlan(entity=edu.ncsu.csc.itrust2.models.persistent.LoginBan)
    - Returns
       - EntityReturnImpl(entity=edu.ncsu.csc.itrust2.models.persistent.LoginBan, querySpaceUid=<gen:0>, path=edu.ncsu.csc.itrust2.models.persistent.LoginBan)
          - EntityAttributeFetchImpl(entity=edu.ncsu.csc.itrust2.models.persistent.User, querySpaceUid=<gen:1>, path=edu.ncsu.csc.itrust2.models.persistent.LoginBan.user)
    - QuerySpaces
       - EntityQuerySpaceImpl(uid=<gen:0>, entity=edu.ncsu.csc.itrust2.models.persistent.LoginBan)
          - SQL table alias mapping - loginban0_
          - alias suffix - 0_
          - suffixed key columns - {id1_8_0_}
          - JOIN (JoinDefinedByMetadata(user)) : <gen:0> -> <gen:1>
             - EntityQuerySpaceImpl(uid=<gen:1>, entity=edu.ncsu.csc.itrust2.models.persistent.User)
                - SQL table alias mapping - user1_
                - alias suffix - 1_
                - suffixed key columns - {username1_15_1_}

03:44:48.088 [main] DEBUG o.h.loader.entity.plan.EntityLoader - Static select for entity edu.ncsu.csc.itrust2.models.persistent.LoginBan [READ]: select loginban0_.id as id1_8_0_, loginban0_.ip as ip2_8_0_, loginban0_.time as time3_8_0_, loginban0_.user_id as user_id4_8_0_, user1_.username as username1_15_1_, user1_.enabled as enabled2_15_1_, user1_.password as password3_15_1_, user1_.role as role4_15_1_ from LoginBans loginban0_ left outer join Users user1_ on loginban0_.user_id=user1_.username where loginban0_.id=?
03:44:48.089 [main] DEBUG o.h.l.p.b.i.spaces.QuerySpacesImpl - Adding QuerySpace : uid = <gen:0> -> org.hibernate.loader.plan.build.internal.spaces.EntityQuerySpaceImpl@7e94e0a4]
03:44:48.090 [main] DEBUG o.h.p.w.spi.MetamodelGraphWalker - Visiting attribute path : ip
03:44:48.090 [main] DEBUG o.h.p.w.spi.MetamodelGraphWalker - Visiting attribute path : time
03:44:48.090 [main] DEBUG o.h.p.w.spi.MetamodelGraphWalker - Visiting attribute path : user
03:44:48.090 [main] DEBUG o.h.l.p.b.i.spaces.QuerySpacesImpl - Adding QuerySpace : uid = <gen:1> -> org.hibernate.loader.plan.build.internal.spaces.EntityQuerySpaceImpl@7d37107a]
03:44:48.090 [main] DEBUG o.h.l.p.b.i.FetchStyleLoadPlanBuildingAssociationVisitationStrategy - Building LoadPlan...
03:44:48.091 [main] DEBUG o.h.l.p.e.i.LoadQueryJoinAndFetchProcessor - processing queryspace <gen:0>
03:44:48.091 [main] DEBUG o.h.l.p.b.spi.LoadPlanTreePrinter - LoadPlan(entity=edu.ncsu.csc.itrust2.models.persistent.LoginBan)
    - Returns
       - EntityReturnImpl(entity=edu.ncsu.csc.itrust2.models.persistent.LoginBan, querySpaceUid=<gen:0>, path=edu.ncsu.csc.itrust2.models.persistent.LoginBan)
          - EntityAttributeFetchImpl(entity=edu.ncsu.csc.itrust2.models.persistent.User, querySpaceUid=<gen:1>, path=edu.ncsu.csc.itrust2.models.persistent.LoginBan.user)
    - QuerySpaces
       - EntityQuerySpaceImpl(uid=<gen:0>, entity=edu.ncsu.csc.itrust2.models.persistent.LoginBan)
          - SQL table alias mapping - loginban0_
          - alias suffix - 0_
          - suffixed key columns - {id1_8_0_}

03:44:48.092 [main] DEBUG o.h.loader.entity.plan.EntityLoader - Static select for entity edu.ncsu.csc.itrust2.models.persistent.LoginBan [UPGRADE]: select loginban0_.id as id1_8_0_, loginban0_.ip as ip2_8_0_, loginban0_.time as time3_8_0_, loginban0_.user_id as user_id4_8_0_ from LoginBans loginban0_ where loginban0_.id=? for update
03:44:48.092 [main] DEBUG o.h.l.p.b.i.spaces.QuerySpacesImpl - Adding QuerySpace : uid = <gen:0> -> org.hibernate.loader.plan.build.internal.spaces.EntityQuerySpaceImpl@3e3297b]
03:44:48.092 [main] DEBUG o.h.p.w.spi.MetamodelGraphWalker - Visiting attribute path : ip
03:44:48.092 [main] DEBUG o.h.p.w.spi.MetamodelGraphWalker - Visiting attribute path : time
03:44:48.092 [main] DEBUG o.h.p.w.spi.MetamodelGraphWalker - Visiting attribute path : user
03:44:48.093 [main] DEBUG o.h.l.p.b.i.spaces.QuerySpacesImpl - Adding QuerySpace : uid = <gen:1> -> org.hibernate.loader.plan.build.internal.spaces.EntityQuerySpaceImpl@63ca7b09]
03:44:48.093 [main] DEBUG o.h.l.p.b.i.FetchStyleLoadPlanBuildingAssociationVisitationStrategy - Building LoadPlan...
03:44:48.094 [main] DEBUG o.h.l.p.e.i.LoadQueryJoinAndFetchProcessor - processing queryspace <gen:0>
03:44:48.094 [main] DEBUG o.h.l.p.b.spi.LoadPlanTreePrinter - LoadPlan(entity=edu.ncsu.csc.itrust2.models.persistent.LoginBan)
    - Returns
       - EntityReturnImpl(entity=edu.ncsu.csc.itrust2.models.persistent.LoginBan, querySpaceUid=<gen:0>, path=edu.ncsu.csc.itrust2.models.persistent.LoginBan)
          - EntityAttributeFetchImpl(entity=edu.ncsu.csc.itrust2.models.persistent.User, querySpaceUid=<gen:1>, path=edu.ncsu.csc.itrust2.models.persistent.LoginBan.user)
    - QuerySpaces
       - EntityQuerySpaceImpl(uid=<gen:0>, entity=edu.ncsu.csc.itrust2.models.persistent.LoginBan)
          - SQL table alias mapping - loginban0_
          - alias suffix - 0_
          - suffixed key columns - {id1_8_0_}

03:44:48.094 [main] DEBUG o.h.loader.entity.plan.EntityLoader - Static select for entity edu.ncsu.csc.itrust2.models.persistent.LoginBan [UPGRADE_NOWAIT]: select loginban0_.id as id1_8_0_, loginban0_.ip as ip2_8_0_, loginban0_.time as time3_8_0_, loginban0_.user_id as user_id4_8_0_ from LoginBans loginban0_ where loginban0_.id=? for update
03:44:48.095 [main] DEBUG o.h.l.p.b.i.spaces.QuerySpacesImpl - Adding QuerySpace : uid = <gen:0> -> org.hibernate.loader.plan.build.internal.spaces.EntityQuerySpaceImpl@26bb13ca]
03:44:48.096 [main] DEBUG o.h.p.w.spi.MetamodelGraphWalker - Visiting attribute path : ip
03:44:48.096 [main] DEBUG o.h.p.w.spi.MetamodelGraphWalker - Visiting attribute path : time
03:44:48.096 [main] DEBUG o.h.p.w.spi.MetamodelGraphWalker - Visiting attribute path : user
03:44:48.096 [main] DEBUG o.h.l.p.b.i.spaces.QuerySpacesImpl - Adding QuerySpace : uid = <gen:1> -> org.hibernate.loader.plan.build.internal.spaces.EntityQuerySpaceImpl@3d60c115]
03:44:48.096 [main] DEBUG o.h.l.p.b.i.FetchStyleLoadPlanBuildingAssociationVisitationStrategy - Building LoadPlan...
03:44:48.096 [main] DEBUG o.h.l.p.e.i.LoadQueryJoinAndFetchProcessor - processing queryspace <gen:0>
03:44:48.096 [main] DEBUG o.h.l.p.b.spi.LoadPlanTreePrinter - LoadPlan(entity=edu.ncsu.csc.itrust2.models.persistent.LoginBan)
    - Returns
       - EntityReturnImpl(entity=edu.ncsu.csc.itrust2.models.persistent.LoginBan, querySpaceUid=<gen:0>, path=edu.ncsu.csc.itrust2.models.persistent.LoginBan)
          - EntityAttributeFetchImpl(entity=edu.ncsu.csc.itrust2.models.persistent.User, querySpaceUid=<gen:1>, path=edu.ncsu.csc.itrust2.models.persistent.LoginBan.user)
    - QuerySpaces
       - EntityQuerySpaceImpl(uid=<gen:0>, entity=edu.ncsu.csc.itrust2.models.persistent.LoginBan)
          - SQL table alias mapping - loginban0_
          - alias suffix - 0_
          - suffixed key columns - {id1_8_0_}

03:44:48.096 [main] DEBUG o.h.loader.entity.plan.EntityLoader - Static select for entity edu.ncsu.csc.itrust2.models.persistent.LoginBan [UPGRADE_SKIPLOCKED]: select loginban0_.id as id1_8_0_, loginban0_.ip as ip2_8_0_, loginban0_.time as time3_8_0_, loginban0_.user_id as user_id4_8_0_ from LoginBans loginban0_ where loginban0_.id=? for update
03:44:48.097 [main] DEBUG o.h.l.p.b.i.spaces.QuerySpacesImpl - Adding QuerySpace : uid = <gen:0> -> org.hibernate.loader.plan.build.internal.spaces.EntityQuerySpaceImpl@dc2f783]
03:44:48.097 [main] DEBUG o.h.p.w.spi.MetamodelGraphWalker - Visiting attribute path : ip
03:44:48.097 [main] DEBUG o.h.p.w.spi.MetamodelGraphWalker - Visiting attribute path : time
03:44:48.097 [main] DEBUG o.h.p.w.spi.MetamodelGraphWalker - Visiting attribute path : user
03:44:48.097 [main] DEBUG o.h.l.p.b.i.spaces.QuerySpacesImpl - Adding QuerySpace : uid = <gen:1> -> org.hibernate.loader.plan.build.internal.spaces.EntityQuerySpaceImpl@51285b0]
03:44:48.097 [main] DEBUG o.h.l.p.b.i.FetchStyleLoadPlanBuildingAssociationVisitationStrategy - Building LoadPlan...
03:44:48.097 [main] DEBUG o.h.l.p.e.i.LoadQueryJoinAndFetchProcessor - processing queryspace <gen:0>
03:44:48.097 [main] DEBUG o.h.l.p.b.spi.LoadPlanTreePrinter - LoadPlan(entity=edu.ncsu.csc.itrust2.models.persistent.LoginBan)
    - Returns
       - EntityReturnImpl(entity=edu.ncsu.csc.itrust2.models.persistent.LoginBan, querySpaceUid=<gen:0>, path=edu.ncsu.csc.itrust2.models.persistent.LoginBan)
          - EntityAttributeFetchImpl(entity=edu.ncsu.csc.itrust2.models.persistent.User, querySpaceUid=<gen:1>, path=edu.ncsu.csc.itrust2.models.persistent.LoginBan.user)
    - QuerySpaces
       - EntityQuerySpaceImpl(uid=<gen:0>, entity=edu.ncsu.csc.itrust2.models.persistent.LoginBan)
          - SQL table alias mapping - loginban0_
          - alias suffix - 0_
          - suffixed key columns - {id1_8_0_}

03:44:48.097 [main] DEBUG o.h.loader.entity.plan.EntityLoader - Static select for entity edu.ncsu.csc.itrust2.models.persistent.LoginBan [FORCE]: select loginban0_.id as id1_8_0_, loginban0_.ip as ip2_8_0_, loginban0_.time as time3_8_0_, loginban0_.user_id as user_id4_8_0_ from LoginBans loginban0_ where loginban0_.id=? for update
03:44:48.098 [main] DEBUG o.h.l.p.b.i.spaces.QuerySpacesImpl - Adding QuerySpace : uid = <gen:0> -> org.hibernate.loader.plan.build.internal.spaces.EntityQuerySpaceImpl@3ec1846e]
03:44:48.098 [main] DEBUG o.h.p.w.spi.MetamodelGraphWalker - Visiting attribute path : ip
03:44:48.098 [main] DEBUG o.h.p.w.spi.MetamodelGraphWalker - Visiting attribute path : time
03:44:48.098 [main] DEBUG o.h.p.w.spi.MetamodelGraphWalker - Visiting attribute path : user
03:44:48.098 [main] DEBUG o.h.l.p.b.i.spaces.QuerySpacesImpl - Adding QuerySpace : uid = <gen:1> -> org.hibernate.loader.plan.build.internal.spaces.EntityQuerySpaceImpl@1b068afc]
03:44:48.098 [main] DEBUG o.h.l.p.b.i.FetchStyleLoadPlanBuildingAssociationVisitationStrategy - Building LoadPlan...
03:44:48.098 [main] DEBUG o.h.l.p.e.i.LoadQueryJoinAndFetchProcessor - processing queryspace <gen:0>
03:44:48.098 [main] DEBUG o.h.l.p.b.spi.LoadPlanTreePrinter - LoadPlan(entity=edu.ncsu.csc.itrust2.models.persistent.LoginBan)
    - Returns
       - EntityReturnImpl(entity=edu.ncsu.csc.itrust2.models.persistent.LoginBan, querySpaceUid=<gen:0>, path=edu.ncsu.csc.itrust2.models.persistent.LoginBan)
          - EntityAttributeFetchImpl(entity=edu.ncsu.csc.itrust2.models.persistent.User, querySpaceUid=<gen:1>, path=edu.ncsu.csc.itrust2.models.persistent.LoginBan.user)
    - QuerySpaces
       - EntityQuerySpaceImpl(uid=<gen:0>, entity=edu.ncsu.csc.itrust2.models.persistent.LoginBan)
          - SQL table alias mapping - loginban0_
          - alias suffix - 0_
          - suffixed key columns - {id1_8_0_}

03:44:48.098 [main] DEBUG o.h.loader.entity.plan.EntityLoader - Static select for entity edu.ncsu.csc.itrust2.models.persistent.LoginBan [PESSIMISTIC_READ]: select loginban0_.id as id1_8_0_, loginban0_.ip as ip2_8_0_, loginban0_.time as time3_8_0_, loginban0_.user_id as user_id4_8_0_ from LoginBans loginban0_ where loginban0_.id=? lock in share mode
03:44:48.099 [main] DEBUG o.h.l.p.b.i.spaces.QuerySpacesImpl - Adding QuerySpace : uid = <gen:0> -> org.hibernate.loader.plan.build.internal.spaces.EntityQuerySpaceImpl@aa8a329]
03:44:48.099 [main] DEBUG o.h.p.w.spi.MetamodelGraphWalker - Visiting attribute path : ip
03:44:48.099 [main] DEBUG o.h.p.w.spi.MetamodelGraphWalker - Visiting attribute path : time
03:44:48.099 [main] DEBUG o.h.p.w.spi.MetamodelGraphWalker - Visiting attribute path : user
03:44:48.099 [main] DEBUG o.h.l.p.b.i.spaces.QuerySpacesImpl - Adding QuerySpace : uid = <gen:1> -> org.hibernate.loader.plan.build.internal.spaces.EntityQuerySpaceImpl@34c7c2f1]
03:44:48.099 [main] DEBUG o.h.l.p.b.i.FetchStyleLoadPlanBuildingAssociationVisitationStrategy - Building LoadPlan...
03:44:48.099 [main] DEBUG o.h.l.p.e.i.LoadQueryJoinAndFetchProcessor - processing queryspace <gen:0>
03:44:48.100 [main] DEBUG o.h.l.p.b.spi.LoadPlanTreePrinter - LoadPlan(entity=edu.ncsu.csc.itrust2.models.persistent.LoginBan)
    - Returns
       - EntityReturnImpl(entity=edu.ncsu.csc.itrust2.models.persistent.LoginBan, querySpaceUid=<gen:0>, path=edu.ncsu.csc.itrust2.models.persistent.LoginBan)
          - EntityAttributeFetchImpl(entity=edu.ncsu.csc.itrust2.models.persistent.User, querySpaceUid=<gen:1>, path=edu.ncsu.csc.itrust2.models.persistent.LoginBan.user)
    - QuerySpaces
       - EntityQuerySpaceImpl(uid=<gen:0>, entity=edu.ncsu.csc.itrust2.models.persistent.LoginBan)
          - SQL table alias mapping - loginban0_
          - alias suffix - 0_
          - suffixed key columns - {id1_8_0_}

03:44:48.100 [main] DEBUG o.h.loader.entity.plan.EntityLoader - Static select for entity edu.ncsu.csc.itrust2.models.persistent.LoginBan [PESSIMISTIC_WRITE]: select loginban0_.id as id1_8_0_, loginban0_.ip as ip2_8_0_, loginban0_.time as time3_8_0_, loginban0_.user_id as user_id4_8_0_ from LoginBans loginban0_ where loginban0_.id=? for update
03:44:48.100 [main] DEBUG o.h.l.p.b.i.spaces.QuerySpacesImpl - Adding QuerySpace : uid = <gen:0> -> org.hibernate.loader.plan.build.internal.spaces.EntityQuerySpaceImpl@1b39ffff]
03:44:48.101 [main] DEBUG o.h.p.w.spi.MetamodelGraphWalker - Visiting attribute path : ip
03:44:48.101 [main] DEBUG o.h.p.w.spi.MetamodelGraphWalker - Visiting attribute path : time
03:44:48.101 [main] DEBUG o.h.p.w.spi.MetamodelGraphWalker - Visiting attribute path : user
03:44:48.101 [main] DEBUG o.h.l.p.b.i.spaces.QuerySpacesImpl - Adding QuerySpace : uid = <gen:1> -> org.hibernate.loader.plan.build.internal.spaces.EntityQuerySpaceImpl@29e577a0]
03:44:48.101 [main] DEBUG o.h.l.p.b.i.FetchStyleLoadPlanBuildingAssociationVisitationStrategy - Building LoadPlan...
03:44:48.101 [main] DEBUG o.h.l.p.e.i.LoadQueryJoinAndFetchProcessor - processing queryspace <gen:0>
03:44:48.101 [main] DEBUG o.h.l.p.b.spi.LoadPlanTreePrinter - LoadPlan(entity=edu.ncsu.csc.itrust2.models.persistent.LoginBan)
    - Returns
       - EntityReturnImpl(entity=edu.ncsu.csc.itrust2.models.persistent.LoginBan, querySpaceUid=<gen:0>, path=edu.ncsu.csc.itrust2.models.persistent.LoginBan)
          - EntityAttributeFetchImpl(entity=edu.ncsu.csc.itrust2.models.persistent.User, querySpaceUid=<gen:1>, path=edu.ncsu.csc.itrust2.models.persistent.LoginBan.user)
    - QuerySpaces
       - EntityQuerySpaceImpl(uid=<gen:0>, entity=edu.ncsu.csc.itrust2.models.persistent.LoginBan)
          - SQL table alias mapping - loginban0_
          - alias suffix - 0_
          - suffixed key columns - {id1_8_0_}

03:44:48.102 [main] DEBUG o.h.loader.entity.plan.EntityLoader - Static select for entity edu.ncsu.csc.itrust2.models.persistent.LoginBan [PESSIMISTIC_FORCE_INCREMENT]: select loginban0_.id as id1_8_0_, loginban0_.ip as ip2_8_0_, loginban0_.time as time3_8_0_, loginban0_.user_id as user_id4_8_0_ from LoginBans loginban0_ where loginban0_.id=? for update
03:44:48.102 [main] DEBUG o.h.l.p.b.i.spaces.QuerySpacesImpl - Adding QuerySpace : uid = <gen:0> -> org.hibernate.loader.plan.build.internal.spaces.EntityQuerySpaceImpl@233ff827]
03:44:48.102 [main] DEBUG o.h.p.w.spi.MetamodelGraphWalker - Visiting attribute path : ip
03:44:48.102 [main] DEBUG o.h.p.w.spi.MetamodelGraphWalker - Visiting attribute path : time
03:44:48.102 [main] DEBUG o.h.p.w.spi.MetamodelGraphWalker - Visiting attribute path : user
03:44:48.102 [main] DEBUG o.h.l.p.b.i.spaces.QuerySpacesImpl - Adding QuerySpace : uid = <gen:1> -> org.hibernate.loader.plan.build.internal.spaces.EntityQuerySpaceImpl@1e312071]
03:44:48.103 [main] DEBUG o.h.l.p.b.i.FetchStyleLoadPlanBuildingAssociationVisitationStrategy - Building LoadPlan...
03:44:48.103 [main] DEBUG o.h.l.p.e.i.LoadQueryJoinAndFetchProcessor - processing queryspace <gen:0>
03:44:48.103 [main] DEBUG o.h.l.p.b.spi.LoadPlanTreePrinter - LoadPlan(entity=edu.ncsu.csc.itrust2.models.persistent.LoginBan)
    - Returns
       - EntityReturnImpl(entity=edu.ncsu.csc.itrust2.models.persistent.LoginBan, querySpaceUid=<gen:0>, path=edu.ncsu.csc.itrust2.models.persistent.LoginBan)
          - EntityAttributeFetchImpl(entity=edu.ncsu.csc.itrust2.models.persistent.User, querySpaceUid=<gen:1>, path=edu.ncsu.csc.itrust2.models.persistent.LoginBan.user)
    - QuerySpaces
       - EntityQuerySpaceImpl(uid=<gen:0>, entity=edu.ncsu.csc.itrust2.models.persistent.LoginBan)
          - SQL table alias mapping - loginban0_
          - alias suffix - 0_
          - suffixed key columns - {id1_8_0_}

03:44:48.104 [main] DEBUG o.h.loader.entity.plan.EntityLoader - Static select for entity edu.ncsu.csc.itrust2.models.persistent.LoginBan [OPTIMISTIC]: select loginban0_.id as id1_8_0_, loginban0_.ip as ip2_8_0_, loginban0_.time as time3_8_0_, loginban0_.user_id as user_id4_8_0_ from LoginBans loginban0_ where loginban0_.id=?
03:44:48.104 [main] DEBUG o.h.l.p.b.i.spaces.QuerySpacesImpl - Adding QuerySpace : uid = <gen:0> -> org.hibernate.loader.plan.build.internal.spaces.EntityQuerySpaceImpl@1ceb0c60]
03:44:48.104 [main] DEBUG o.h.p.w.spi.MetamodelGraphWalker - Visiting attribute path : ip
03:44:48.104 [main] DEBUG o.h.p.w.spi.MetamodelGraphWalker - Visiting attribute path : time
03:44:48.104 [main] DEBUG o.h.p.w.spi.MetamodelGraphWalker - Visiting attribute path : user
03:44:48.104 [main] DEBUG o.h.l.p.b.i.spaces.QuerySpacesImpl - Adding QuerySpace : uid = <gen:1> -> org.hibernate.loader.plan.build.internal.spaces.EntityQuerySpaceImpl@5e171446]
03:44:48.104 [main] DEBUG o.h.l.p.b.i.FetchStyleLoadPlanBuildingAssociationVisitationStrategy - Building LoadPlan...
03:44:48.104 [main] DEBUG o.h.l.p.e.i.LoadQueryJoinAndFetchProcessor - processing queryspace <gen:0>
03:44:48.105 [main] DEBUG o.h.l.p.b.spi.LoadPlanTreePrinter - LoadPlan(entity=edu.ncsu.csc.itrust2.models.persistent.LoginBan)
    - Returns
       - EntityReturnImpl(entity=edu.ncsu.csc.itrust2.models.persistent.LoginBan, querySpaceUid=<gen:0>, path=edu.ncsu.csc.itrust2.models.persistent.LoginBan)
          - EntityAttributeFetchImpl(entity=edu.ncsu.csc.itrust2.models.persistent.User, querySpaceUid=<gen:1>, path=edu.ncsu.csc.itrust2.models.persistent.LoginBan.user)
    - QuerySpaces
       - EntityQuerySpaceImpl(uid=<gen:0>, entity=edu.ncsu.csc.itrust2.models.persistent.LoginBan)
          - SQL table alias mapping - loginban0_
          - alias suffix - 0_
          - suffixed key columns - {id1_8_0_}

03:44:48.105 [main] DEBUG o.h.loader.entity.plan.EntityLoader - Static select for entity edu.ncsu.csc.itrust2.models.persistent.LoginBan [OPTIMISTIC_FORCE_INCREMENT]: select loginban0_.id as id1_8_0_, loginban0_.ip as ip2_8_0_, loginban0_.time as time3_8_0_, loginban0_.user_id as user_id4_8_0_ from LoginBans loginban0_ where loginban0_.id=?
03:44:48.106 [main] DEBUG org.hibernate.loader.Loader - Static select for action ACTION_MERGE on entity edu.ncsu.csc.itrust2.models.persistent.LoginBan: select loginban0_.id as id1_8_0_, loginban0_.ip as ip2_8_0_, loginban0_.time as time3_8_0_, loginban0_.user_id as user_id4_8_0_ from LoginBans loginban0_ where loginban0_.id=?
03:44:48.106 [main] DEBUG org.hibernate.loader.Loader - Static select for action ACTION_REFRESH on entity edu.ncsu.csc.itrust2.models.persistent.LoginBan: select loginban0_.id as id1_8_0_, loginban0_.ip as ip2_8_0_, loginban0_.time as time3_8_0_, loginban0_.user_id as user_id4_8_0_ from LoginBans loginban0_ where loginban0_.id=?
03:44:48.107 [main] DEBUG o.h.p.entity.AbstractEntityPersister - Static SQL for entity: edu.ncsu.csc.itrust2.models.persistent.LogEntry
03:44:48.107 [main] DEBUG o.h.p.entity.AbstractEntityPersister -  Version select: select id from LogEntries where id =?
03:44:48.107 [main] DEBUG o.h.p.entity.AbstractEntityPersister -  Snapshot select: select logentry_.id, logentry_.logCode as logCode2_6_, logentry_.message as message3_6_, logentry_.primaryUser as primaryU4_6_, logentry_.secondaryUser as secondar5_6_, logentry_.time as time6_6_ from LogEntries logentry_ where logentry_.id=?
03:44:48.107 [main] DEBUG o.h.p.entity.AbstractEntityPersister -  Insert 0: insert into LogEntries (logCode, message, primaryUser, secondaryUser, time, id) values (?, ?, ?, ?, ?, ?)
03:44:48.107 [main] DEBUG o.h.p.entity.AbstractEntityPersister -  Update 0: update LogEntries set logCode=?, message=?, primaryUser=?, secondaryUser=?, time=? where id=?
03:44:48.107 [main] DEBUG o.h.p.entity.AbstractEntityPersister -  Delete 0: delete from LogEntries where id=?
03:44:48.107 [main] DEBUG o.h.l.p.b.i.spaces.QuerySpacesImpl - Adding QuerySpace : uid = <gen:0> -> org.hibernate.loader.plan.build.internal.spaces.EntityQuerySpaceImpl@49b2855d]
03:44:48.107 [main] DEBUG o.h.p.w.spi.MetamodelGraphWalker - Visiting attribute path : logCode
03:44:48.107 [main] DEBUG o.h.p.w.spi.MetamodelGraphWalker - Visiting attribute path : message
03:44:48.107 [main] DEBUG o.h.p.w.spi.MetamodelGraphWalker - Visiting attribute path : primaryUser
03:44:48.107 [main] DEBUG o.h.p.w.spi.MetamodelGraphWalker - Visiting attribute path : secondaryUser
03:44:48.107 [main] DEBUG o.h.p.w.spi.MetamodelGraphWalker - Visiting attribute path : time
03:44:48.107 [main] DEBUG o.h.l.p.b.i.FetchStyleLoadPlanBuildingAssociationVisitationStrategy - Building LoadPlan...
03:44:48.107 [main] DEBUG o.h.l.p.e.i.LoadQueryJoinAndFetchProcessor - processing queryspace <gen:0>
03:44:48.108 [main] DEBUG o.h.l.p.b.spi.LoadPlanTreePrinter - LoadPlan(entity=edu.ncsu.csc.itrust2.models.persistent.LogEntry)
    - Returns
       - EntityReturnImpl(entity=edu.ncsu.csc.itrust2.models.persistent.LogEntry, querySpaceUid=<gen:0>, path=edu.ncsu.csc.itrust2.models.persistent.LogEntry)
    - QuerySpaces
       - EntityQuerySpaceImpl(uid=<gen:0>, entity=edu.ncsu.csc.itrust2.models.persistent.LogEntry)
          - SQL table alias mapping - logentry0_
          - alias suffix - 0_
          - suffixed key columns - {id1_6_0_}

03:44:48.108 [main] DEBUG o.h.loader.entity.plan.EntityLoader - Static select for entity edu.ncsu.csc.itrust2.models.persistent.LogEntry [NONE]: select logentry0_.id as id1_6_0_, logentry0_.logCode as logCode2_6_0_, logentry0_.message as message3_6_0_, logentry0_.primaryUser as primaryU4_6_0_, logentry0_.secondaryUser as secondar5_6_0_, logentry0_.time as time6_6_0_ from LogEntries logentry0_ where logentry0_.id=?
03:44:48.108 [main] DEBUG o.h.l.p.b.i.spaces.QuerySpacesImpl - Adding QuerySpace : uid = <gen:0> -> org.hibernate.loader.plan.build.internal.spaces.EntityQuerySpaceImpl@436a953]
03:44:48.108 [main] DEBUG o.h.p.w.spi.MetamodelGraphWalker - Visiting attribute path : logCode
03:44:48.108 [main] DEBUG o.h.p.w.spi.MetamodelGraphWalker - Visiting attribute path : message
03:44:48.108 [main] DEBUG o.h.p.w.spi.MetamodelGraphWalker - Visiting attribute path : primaryUser
03:44:48.108 [main] DEBUG o.h.p.w.spi.MetamodelGraphWalker - Visiting attribute path : secondaryUser
03:44:48.108 [main] DEBUG o.h.p.w.spi.MetamodelGraphWalker - Visiting attribute path : time
03:44:48.108 [main] DEBUG o.h.l.p.b.i.FetchStyleLoadPlanBuildingAssociationVisitationStrategy - Building LoadPlan...
03:44:48.109 [main] DEBUG o.h.l.p.e.i.LoadQueryJoinAndFetchProcessor - processing queryspace <gen:0>
03:44:48.109 [main] DEBUG o.h.l.p.b.spi.LoadPlanTreePrinter - LoadPlan(entity=edu.ncsu.csc.itrust2.models.persistent.LogEntry)
    - Returns
       - EntityReturnImpl(entity=edu.ncsu.csc.itrust2.models.persistent.LogEntry, querySpaceUid=<gen:0>, path=edu.ncsu.csc.itrust2.models.persistent.LogEntry)
    - QuerySpaces
       - EntityQuerySpaceImpl(uid=<gen:0>, entity=edu.ncsu.csc.itrust2.models.persistent.LogEntry)
          - SQL table alias mapping - logentry0_
          - alias suffix - 0_
          - suffixed key columns - {id1_6_0_}

03:44:48.109 [main] DEBUG o.h.loader.entity.plan.EntityLoader - Static select for entity edu.ncsu.csc.itrust2.models.persistent.LogEntry [READ]: select logentry0_.id as id1_6_0_, logentry0_.logCode as logCode2_6_0_, logentry0_.message as message3_6_0_, logentry0_.primaryUser as primaryU4_6_0_, logentry0_.secondaryUser as secondar5_6_0_, logentry0_.time as time6_6_0_ from LogEntries logentry0_ where logentry0_.id=?
03:44:48.109 [main] DEBUG o.h.l.p.b.i.spaces.QuerySpacesImpl - Adding QuerySpace : uid = <gen:0> -> org.hibernate.loader.plan.build.internal.spaces.EntityQuerySpaceImpl@3fa0d1cb]
03:44:48.109 [main] DEBUG o.h.p.w.spi.MetamodelGraphWalker - Visiting attribute path : logCode
03:44:48.112 [main] DEBUG o.h.p.w.spi.MetamodelGraphWalker - Visiting attribute path : message
03:44:48.112 [main] DEBUG o.h.p.w.spi.MetamodelGraphWalker - Visiting attribute path : primaryUser
03:44:48.112 [main] DEBUG o.h.p.w.spi.MetamodelGraphWalker - Visiting attribute path : secondaryUser
03:44:48.112 [main] DEBUG o.h.p.w.spi.MetamodelGraphWalker - Visiting attribute path : time
03:44:48.112 [main] DEBUG o.h.l.p.b.i.FetchStyleLoadPlanBuildingAssociationVisitationStrategy - Building LoadPlan...
03:44:48.112 [main] DEBUG o.h.l.p.e.i.LoadQueryJoinAndFetchProcessor - processing queryspace <gen:0>
03:44:48.113 [main] DEBUG o.h.l.p.b.spi.LoadPlanTreePrinter - LoadPlan(entity=edu.ncsu.csc.itrust2.models.persistent.LogEntry)
    - Returns
       - EntityReturnImpl(entity=edu.ncsu.csc.itrust2.models.persistent.LogEntry, querySpaceUid=<gen:0>, path=edu.ncsu.csc.itrust2.models.persistent.LogEntry)
    - QuerySpaces
       - EntityQuerySpaceImpl(uid=<gen:0>, entity=edu.ncsu.csc.itrust2.models.persistent.LogEntry)
          - SQL table alias mapping - logentry0_
          - alias suffix - 0_
          - suffixed key columns - {id1_6_0_}

03:44:48.113 [main] DEBUG o.h.loader.entity.plan.EntityLoader - Static select for entity edu.ncsu.csc.itrust2.models.persistent.LogEntry [UPGRADE]: select logentry0_.id as id1_6_0_, logentry0_.logCode as logCode2_6_0_, logentry0_.message as message3_6_0_, logentry0_.primaryUser as primaryU4_6_0_, logentry0_.secondaryUser as secondar5_6_0_, logentry0_.time as time6_6_0_ from LogEntries logentry0_ where logentry0_.id=? for update
03:44:48.113 [main] DEBUG o.h.l.p.b.i.spaces.QuerySpacesImpl - Adding QuerySpace : uid = <gen:0> -> org.hibernate.loader.plan.build.internal.spaces.EntityQuerySpaceImpl@732e9d36]
03:44:48.114 [main] DEBUG o.h.p.w.spi.MetamodelGraphWalker - Visiting attribute path : logCode
03:44:48.114 [main] DEBUG o.h.p.w.spi.MetamodelGraphWalker - Visiting attribute path : message
03:44:48.114 [main] DEBUG o.h.p.w.spi.MetamodelGraphWalker - Visiting attribute path : primaryUser
03:44:48.114 [main] DEBUG o.h.p.w.spi.MetamodelGraphWalker - Visiting attribute path : secondaryUser
03:44:48.114 [main] DEBUG o.h.p.w.spi.MetamodelGraphWalker - Visiting attribute path : time
03:44:48.114 [main] DEBUG o.h.l.p.b.i.FetchStyleLoadPlanBuildingAssociationVisitationStrategy - Building LoadPlan...
03:44:48.114 [main] DEBUG o.h.l.p.e.i.LoadQueryJoinAndFetchProcessor - processing queryspace <gen:0>
03:44:48.114 [main] DEBUG o.h.l.p.b.spi.LoadPlanTreePrinter - LoadPlan(entity=edu.ncsu.csc.itrust2.models.persistent.LogEntry)
    - Returns
       - EntityReturnImpl(entity=edu.ncsu.csc.itrust2.models.persistent.LogEntry, querySpaceUid=<gen:0>, path=edu.ncsu.csc.itrust2.models.persistent.LogEntry)
    - QuerySpaces
       - EntityQuerySpaceImpl(uid=<gen:0>, entity=edu.ncsu.csc.itrust2.models.persistent.LogEntry)
          - SQL table alias mapping - logentry0_
          - alias suffix - 0_
          - suffixed key columns - {id1_6_0_}

03:44:48.114 [main] DEBUG o.h.loader.entity.plan.EntityLoader - Static select for entity edu.ncsu.csc.itrust2.models.persistent.LogEntry [UPGRADE_NOWAIT]: select logentry0_.id as id1_6_0_, logentry0_.logCode as logCode2_6_0_, logentry0_.message as message3_6_0_, logentry0_.primaryUser as primaryU4_6_0_, logentry0_.secondaryUser as secondar5_6_0_, logentry0_.time as time6_6_0_ from LogEntries logentry0_ where logentry0_.id=? for update
03:44:48.114 [main] DEBUG o.h.l.p.b.i.spaces.QuerySpacesImpl - Adding QuerySpace : uid = <gen:0> -> org.hibernate.loader.plan.build.internal.spaces.EntityQuerySpaceImpl@152833e]
03:44:48.117 [main] DEBUG o.h.p.w.spi.MetamodelGraphWalker - Visiting attribute path : logCode
03:44:48.117 [main] DEBUG o.h.p.w.spi.MetamodelGraphWalker - Visiting attribute path : message
03:44:48.117 [main] DEBUG o.h.p.w.spi.MetamodelGraphWalker - Visiting attribute path : primaryUser
03:44:48.117 [main] DEBUG o.h.p.w.spi.MetamodelGraphWalker - Visiting attribute path : secondaryUser
03:44:48.117 [main] DEBUG o.h.p.w.spi.MetamodelGraphWalker - Visiting attribute path : time
03:44:48.117 [main] DEBUG o.h.l.p.b.i.FetchStyleLoadPlanBuildingAssociationVisitationStrategy - Building LoadPlan...
03:44:48.117 [main] DEBUG o.h.l.p.e.i.LoadQueryJoinAndFetchProcessor - processing queryspace <gen:0>
03:44:48.117 [main] DEBUG o.h.l.p.b.spi.LoadPlanTreePrinter - LoadPlan(entity=edu.ncsu.csc.itrust2.models.persistent.LogEntry)
    - Returns
       - EntityReturnImpl(entity=edu.ncsu.csc.itrust2.models.persistent.LogEntry, querySpaceUid=<gen:0>, path=edu.ncsu.csc.itrust2.models.persistent.LogEntry)
    - QuerySpaces
       - EntityQuerySpaceImpl(uid=<gen:0>, entity=edu.ncsu.csc.itrust2.models.persistent.LogEntry)
          - SQL table alias mapping - logentry0_
          - alias suffix - 0_
          - suffixed key columns - {id1_6_0_}

03:44:48.117 [main] DEBUG o.h.loader.entity.plan.EntityLoader - Static select for entity edu.ncsu.csc.itrust2.models.persistent.LogEntry [UPGRADE_SKIPLOCKED]: select logentry0_.id as id1_6_0_, logentry0_.logCode as logCode2_6_0_, logentry0_.message as message3_6_0_, logentry0_.primaryUser as primaryU4_6_0_, logentry0_.secondaryUser as secondar5_6_0_, logentry0_.time as time6_6_0_ from LogEntries logentry0_ where logentry0_.id=? for update
03:44:48.118 [main] DEBUG o.h.l.p.b.i.spaces.QuerySpacesImpl - Adding QuerySpace : uid = <gen:0> -> org.hibernate.loader.plan.build.internal.spaces.EntityQuerySpaceImpl@5aed59aa]
03:44:48.119 [main] DEBUG o.h.p.w.spi.MetamodelGraphWalker - Visiting attribute path : logCode
03:44:48.119 [main] DEBUG o.h.p.w.spi.MetamodelGraphWalker - Visiting attribute path : message
03:44:48.119 [main] DEBUG o.h.p.w.spi.MetamodelGraphWalker - Visiting attribute path : primaryUser
03:44:48.119 [main] DEBUG o.h.p.w.spi.MetamodelGraphWalker - Visiting attribute path : secondaryUser
03:44:48.119 [main] DEBUG o.h.p.w.spi.MetamodelGraphWalker - Visiting attribute path : time
03:44:48.119 [main] DEBUG o.h.l.p.b.i.FetchStyleLoadPlanBuildingAssociationVisitationStrategy - Building LoadPlan...
03:44:48.120 [main] DEBUG o.h.l.p.e.i.LoadQueryJoinAndFetchProcessor - processing queryspace <gen:0>
03:44:48.120 [main] DEBUG o.h.l.p.b.spi.LoadPlanTreePrinter - LoadPlan(entity=edu.ncsu.csc.itrust2.models.persistent.LogEntry)
    - Returns
       - EntityReturnImpl(entity=edu.ncsu.csc.itrust2.models.persistent.LogEntry, querySpaceUid=<gen:0>, path=edu.ncsu.csc.itrust2.models.persistent.LogEntry)
    - QuerySpaces
       - EntityQuerySpaceImpl(uid=<gen:0>, entity=edu.ncsu.csc.itrust2.models.persistent.LogEntry)
          - SQL table alias mapping - logentry0_
          - alias suffix - 0_
          - suffixed key columns - {id1_6_0_}

03:44:48.120 [main] DEBUG o.h.loader.entity.plan.EntityLoader - Static select for entity edu.ncsu.csc.itrust2.models.persistent.LogEntry [FORCE]: select logentry0_.id as id1_6_0_, logentry0_.logCode as logCode2_6_0_, logentry0_.message as message3_6_0_, logentry0_.primaryUser as primaryU4_6_0_, logentry0_.secondaryUser as secondar5_6_0_, logentry0_.time as time6_6_0_ from LogEntries logentry0_ where logentry0_.id=? for update
03:44:48.120 [main] DEBUG o.h.l.p.b.i.spaces.QuerySpacesImpl - Adding QuerySpace : uid = <gen:0> -> org.hibernate.loader.plan.build.internal.spaces.EntityQuerySpaceImpl@5efc3e29]
03:44:48.121 [main] DEBUG o.h.p.w.spi.MetamodelGraphWalker - Visiting attribute path : logCode
03:44:48.121 [main] DEBUG o.h.p.w.spi.MetamodelGraphWalker - Visiting attribute path : message
03:44:48.121 [main] DEBUG o.h.p.w.spi.MetamodelGraphWalker - Visiting attribute path : primaryUser
03:44:48.121 [main] DEBUG o.h.p.w.spi.MetamodelGraphWalker - Visiting attribute path : secondaryUser
03:44:48.121 [main] DEBUG o.h.p.w.spi.MetamodelGraphWalker - Visiting attribute path : time
03:44:48.121 [main] DEBUG o.h.l.p.b.i.FetchStyleLoadPlanBuildingAssociationVisitationStrategy - Building LoadPlan...
03:44:48.121 [main] DEBUG o.h.l.p.e.i.LoadQueryJoinAndFetchProcessor - processing queryspace <gen:0>
03:44:48.121 [main] DEBUG o.h.l.p.b.spi.LoadPlanTreePrinter - LoadPlan(entity=edu.ncsu.csc.itrust2.models.persistent.LogEntry)
    - Returns
       - EntityReturnImpl(entity=edu.ncsu.csc.itrust2.models.persistent.LogEntry, querySpaceUid=<gen:0>, path=edu.ncsu.csc.itrust2.models.persistent.LogEntry)
    - QuerySpaces
       - EntityQuerySpaceImpl(uid=<gen:0>, entity=edu.ncsu.csc.itrust2.models.persistent.LogEntry)
          - SQL table alias mapping - logentry0_
          - alias suffix - 0_
          - suffixed key columns - {id1_6_0_}

03:44:48.121 [main] DEBUG o.h.loader.entity.plan.EntityLoader - Static select for entity edu.ncsu.csc.itrust2.models.persistent.LogEntry [PESSIMISTIC_READ]: select logentry0_.id as id1_6_0_, logentry0_.logCode as logCode2_6_0_, logentry0_.message as message3_6_0_, logentry0_.primaryUser as primaryU4_6_0_, logentry0_.secondaryUser as secondar5_6_0_, logentry0_.time as time6_6_0_ from LogEntries logentry0_ where logentry0_.id=? lock in share mode
03:44:48.121 [main] DEBUG o.h.l.p.b.i.spaces.QuerySpacesImpl - Adding QuerySpace : uid = <gen:0> -> org.hibernate.loader.plan.build.internal.spaces.EntityQuerySpaceImpl@5e31e41d]
03:44:48.122 [main] DEBUG o.h.p.w.spi.MetamodelGraphWalker - Visiting attribute path : logCode
03:44:48.122 [main] DEBUG o.h.p.w.spi.MetamodelGraphWalker - Visiting attribute path : message
03:44:48.122 [main] DEBUG o.h.p.w.spi.MetamodelGraphWalker - Visiting attribute path : primaryUser
03:44:48.122 [main] DEBUG o.h.p.w.spi.MetamodelGraphWalker - Visiting attribute path : secondaryUser
03:44:48.123 [main] DEBUG o.h.p.w.spi.MetamodelGraphWalker - Visiting attribute path : time
03:44:48.123 [main] DEBUG o.h.l.p.b.i.FetchStyleLoadPlanBuildingAssociationVisitationStrategy - Building LoadPlan...
03:44:48.123 [main] DEBUG o.h.l.p.e.i.LoadQueryJoinAndFetchProcessor - processing queryspace <gen:0>
03:44:48.123 [main] DEBUG o.h.l.p.b.spi.LoadPlanTreePrinter - LoadPlan(entity=edu.ncsu.csc.itrust2.models.persistent.LogEntry)
    - Returns
       - EntityReturnImpl(entity=edu.ncsu.csc.itrust2.models.persistent.LogEntry, querySpaceUid=<gen:0>, path=edu.ncsu.csc.itrust2.models.persistent.LogEntry)
    - QuerySpaces
       - EntityQuerySpaceImpl(uid=<gen:0>, entity=edu.ncsu.csc.itrust2.models.persistent.LogEntry)
          - SQL table alias mapping - logentry0_
          - alias suffix - 0_
          - suffixed key columns - {id1_6_0_}

03:44:48.123 [main] DEBUG o.h.loader.entity.plan.EntityLoader - Static select for entity edu.ncsu.csc.itrust2.models.persistent.LogEntry [PESSIMISTIC_WRITE]: select logentry0_.id as id1_6_0_, logentry0_.logCode as logCode2_6_0_, logentry0_.message as message3_6_0_, logentry0_.primaryUser as primaryU4_6_0_, logentry0_.secondaryUser as secondar5_6_0_, logentry0_.time as time6_6_0_ from LogEntries logentry0_ where logentry0_.id=? for update
03:44:48.124 [main] DEBUG o.h.l.p.b.i.spaces.QuerySpacesImpl - Adding QuerySpace : uid = <gen:0> -> org.hibernate.loader.plan.build.internal.spaces.EntityQuerySpaceImpl@3a02c1ad]
03:44:48.124 [main] DEBUG o.h.p.w.spi.MetamodelGraphWalker - Visiting attribute path : logCode
03:44:48.124 [main] DEBUG o.h.p.w.spi.MetamodelGraphWalker - Visiting attribute path : message
03:44:48.124 [main] DEBUG o.h.p.w.spi.MetamodelGraphWalker - Visiting attribute path : primaryUser
03:44:48.124 [main] DEBUG o.h.p.w.spi.MetamodelGraphWalker - Visiting attribute path : secondaryUser
03:44:48.124 [main] DEBUG o.h.p.w.spi.MetamodelGraphWalker - Visiting attribute path : time
03:44:48.124 [main] DEBUG o.h.l.p.b.i.FetchStyleLoadPlanBuildingAssociationVisitationStrategy - Building LoadPlan...
03:44:48.124 [main] DEBUG o.h.l.p.e.i.LoadQueryJoinAndFetchProcessor - processing queryspace <gen:0>
03:44:48.125 [main] DEBUG o.h.l.p.b.spi.LoadPlanTreePrinter - LoadPlan(entity=edu.ncsu.csc.itrust2.models.persistent.LogEntry)
    - Returns
       - EntityReturnImpl(entity=edu.ncsu.csc.itrust2.models.persistent.LogEntry, querySpaceUid=<gen:0>, path=edu.ncsu.csc.itrust2.models.persistent.LogEntry)
    - QuerySpaces
       - EntityQuerySpaceImpl(uid=<gen:0>, entity=edu.ncsu.csc.itrust2.models.persistent.LogEntry)
          - SQL table alias mapping - logentry0_
          - alias suffix - 0_
          - suffixed key columns - {id1_6_0_}

03:44:48.125 [main] DEBUG o.h.loader.entity.plan.EntityLoader - Static select for entity edu.ncsu.csc.itrust2.models.persistent.LogEntry [PESSIMISTIC_FORCE_INCREMENT]: select logentry0_.id as id1_6_0_, logentry0_.logCode as logCode2_6_0_, logentry0_.message as message3_6_0_, logentry0_.primaryUser as primaryU4_6_0_, logentry0_.secondaryUser as secondar5_6_0_, logentry0_.time as time6_6_0_ from LogEntries logentry0_ where logentry0_.id=? for update
03:44:48.125 [main] DEBUG o.h.l.p.b.i.spaces.QuerySpacesImpl - Adding QuerySpace : uid = <gen:0> -> org.hibernate.loader.plan.build.internal.spaces.EntityQuerySpaceImpl@b80e25e]
03:44:48.125 [main] DEBUG o.h.p.w.spi.MetamodelGraphWalker - Visiting attribute path : logCode
03:44:48.125 [main] DEBUG o.h.p.w.spi.MetamodelGraphWalker - Visiting attribute path : message
03:44:48.125 [main] DEBUG o.h.p.w.spi.MetamodelGraphWalker - Visiting attribute path : primaryUser
03:44:48.125 [main] DEBUG o.h.p.w.spi.MetamodelGraphWalker - Visiting attribute path : secondaryUser
03:44:48.125 [main] DEBUG o.h.p.w.spi.MetamodelGraphWalker - Visiting attribute path : time
03:44:48.125 [main] DEBUG o.h.l.p.b.i.FetchStyleLoadPlanBuildingAssociationVisitationStrategy - Building LoadPlan...
03:44:48.125 [main] DEBUG o.h.l.p.e.i.LoadQueryJoinAndFetchProcessor - processing queryspace <gen:0>
03:44:48.127 [main] DEBUG o.h.l.p.b.spi.LoadPlanTreePrinter - LoadPlan(entity=edu.ncsu.csc.itrust2.models.persistent.LogEntry)
    - Returns
       - EntityReturnImpl(entity=edu.ncsu.csc.itrust2.models.persistent.LogEntry, querySpaceUid=<gen:0>, path=edu.ncsu.csc.itrust2.models.persistent.LogEntry)
    - QuerySpaces
       - EntityQuerySpaceImpl(uid=<gen:0>, entity=edu.ncsu.csc.itrust2.models.persistent.LogEntry)
          - SQL table alias mapping - logentry0_
          - alias suffix - 0_
          - suffixed key columns - {id1_6_0_}

03:44:48.127 [main] DEBUG o.h.loader.entity.plan.EntityLoader - Static select for entity edu.ncsu.csc.itrust2.models.persistent.LogEntry [OPTIMISTIC]: select logentry0_.id as id1_6_0_, logentry0_.logCode as logCode2_6_0_, logentry0_.message as message3_6_0_, logentry0_.primaryUser as primaryU4_6_0_, logentry0_.secondaryUser as secondar5_6_0_, logentry0_.time as time6_6_0_ from LogEntries logentry0_ where logentry0_.id=?
03:44:48.127 [main] DEBUG o.h.l.p.b.i.spaces.QuerySpacesImpl - Adding QuerySpace : uid = <gen:0> -> org.hibernate.loader.plan.build.internal.spaces.EntityQuerySpaceImpl@27412c88]
03:44:48.128 [main] DEBUG o.h.p.w.spi.MetamodelGraphWalker - Visiting attribute path : logCode
03:44:48.128 [main] DEBUG o.h.p.w.spi.MetamodelGraphWalker - Visiting attribute path : message
03:44:48.128 [main] DEBUG o.h.p.w.spi.MetamodelGraphWalker - Visiting attribute path : primaryUser
03:44:48.128 [main] DEBUG o.h.p.w.spi.MetamodelGraphWalker - Visiting attribute path : secondaryUser
03:44:48.128 [main] DEBUG o.h.p.w.spi.MetamodelGraphWalker - Visiting attribute path : time
03:44:48.128 [main] DEBUG o.h.l.p.b.i.FetchStyleLoadPlanBuildingAssociationVisitationStrategy - Building LoadPlan...
03:44:48.128 [main] DEBUG o.h.l.p.e.i.LoadQueryJoinAndFetchProcessor - processing queryspace <gen:0>
03:44:48.129 [main] DEBUG o.h.l.p.b.spi.LoadPlanTreePrinter - LoadPlan(entity=edu.ncsu.csc.itrust2.models.persistent.LogEntry)
    - Returns
       - EntityReturnImpl(entity=edu.ncsu.csc.itrust2.models.persistent.LogEntry, querySpaceUid=<gen:0>, path=edu.ncsu.csc.itrust2.models.persistent.LogEntry)
    - QuerySpaces
       - EntityQuerySpaceImpl(uid=<gen:0>, entity=edu.ncsu.csc.itrust2.models.persistent.LogEntry)
          - SQL table alias mapping - logentry0_
          - alias suffix - 0_
          - suffixed key columns - {id1_6_0_}

03:44:48.129 [main] DEBUG o.h.loader.entity.plan.EntityLoader - Static select for entity edu.ncsu.csc.itrust2.models.persistent.LogEntry [OPTIMISTIC_FORCE_INCREMENT]: select logentry0_.id as id1_6_0_, logentry0_.logCode as logCode2_6_0_, logentry0_.message as message3_6_0_, logentry0_.primaryUser as primaryU4_6_0_, logentry0_.secondaryUser as secondar5_6_0_, logentry0_.time as time6_6_0_ from LogEntries logentry0_ where logentry0_.id=?
03:44:48.129 [main] DEBUG org.hibernate.loader.Loader - Static select for action ACTION_MERGE on entity edu.ncsu.csc.itrust2.models.persistent.LogEntry: select logentry0_.id as id1_6_0_, logentry0_.logCode as logCode2_6_0_, logentry0_.message as message3_6_0_, logentry0_.primaryUser as primaryU4_6_0_, logentry0_.secondaryUser as secondar5_6_0_, logentry0_.time as time6_6_0_ from LogEntries logentry0_ where logentry0_.id=?
03:44:48.129 [main] DEBUG org.hibernate.loader.Loader - Static select for action ACTION_REFRESH on entity edu.ncsu.csc.itrust2.models.persistent.LogEntry: select logentry0_.id as id1_6_0_, logentry0_.logCode as logCode2_6_0_, logentry0_.message as message3_6_0_, logentry0_.primaryUser as primaryU4_6_0_, logentry0_.secondaryUser as secondar5_6_0_, logentry0_.time as time6_6_0_ from LogEntries logentry0_ where logentry0_.id=?
03:44:48.130 [main] DEBUG o.h.p.entity.AbstractEntityPersister - Static SQL for entity: edu.ncsu.csc.itrust2.models.persistent.LoginLockout
03:44:48.130 [main] DEBUG o.h.p.entity.AbstractEntityPersister -  Version select: select id from LoginLockouts where id =?
03:44:48.130 [main] DEBUG o.h.p.entity.AbstractEntityPersister -  Snapshot select: select loginlocko_.id, loginlocko_.ip as ip2_9_, loginlocko_.time as time3_9_, loginlocko_.user_id as user_id4_9_ from LoginLockouts loginlocko_ where loginlocko_.id=?
03:44:48.130 [main] DEBUG o.h.p.entity.AbstractEntityPersister -  Insert 0: insert into LoginLockouts (ip, time, user_id, id) values (?, ?, ?, ?)
03:44:48.130 [main] DEBUG o.h.p.entity.AbstractEntityPersister -  Update 0: update LoginLockouts set ip=?, time=?, user_id=? where id=?
03:44:48.130 [main] DEBUG o.h.p.entity.AbstractEntityPersister -  Delete 0: delete from LoginLockouts where id=?
03:44:48.130 [main] DEBUG o.h.l.p.b.i.spaces.QuerySpacesImpl - Adding QuerySpace : uid = <gen:0> -> org.hibernate.loader.plan.build.internal.spaces.EntityQuerySpaceImpl@76e28b38]
03:44:48.130 [main] DEBUG o.h.p.w.spi.MetamodelGraphWalker - Visiting attribute path : ip
03:44:48.130 [main] DEBUG o.h.p.w.spi.MetamodelGraphWalker - Visiting attribute path : time
03:44:48.130 [main] DEBUG o.h.p.w.spi.MetamodelGraphWalker - Visiting attribute path : user
03:44:48.131 [main] DEBUG o.h.l.p.b.i.spaces.QuerySpacesImpl - Adding QuerySpace : uid = <gen:1> -> org.hibernate.loader.plan.build.internal.spaces.EntityQuerySpaceImpl@47cb7753]
03:44:48.131 [main] DEBUG o.h.p.w.spi.MetamodelGraphWalker - Visiting attribute path : user.enabled
03:44:48.131 [main] DEBUG o.h.p.w.spi.MetamodelGraphWalker - Visiting attribute path : user.password
03:44:48.131 [main] DEBUG o.h.p.w.spi.MetamodelGraphWalker - Visiting attribute path : user.role
03:44:48.131 [main] DEBUG o.h.l.p.b.i.FetchStyleLoadPlanBuildingAssociationVisitationStrategy - Building LoadPlan...
03:44:48.131 [main] DEBUG o.h.l.p.e.i.LoadQueryJoinAndFetchProcessor - processing queryspace <gen:0>
03:44:48.132 [main] DEBUG o.h.l.p.b.spi.LoadPlanTreePrinter - LoadPlan(entity=edu.ncsu.csc.itrust2.models.persistent.LoginLockout)
    - Returns
       - EntityReturnImpl(entity=edu.ncsu.csc.itrust2.models.persistent.LoginLockout, querySpaceUid=<gen:0>, path=edu.ncsu.csc.itrust2.models.persistent.LoginLockout)
          - EntityAttributeFetchImpl(entity=edu.ncsu.csc.itrust2.models.persistent.User, querySpaceUid=<gen:1>, path=edu.ncsu.csc.itrust2.models.persistent.LoginLockout.user)
    - QuerySpaces
       - EntityQuerySpaceImpl(uid=<gen:0>, entity=edu.ncsu.csc.itrust2.models.persistent.LoginLockout)
          - SQL table alias mapping - loginlocko0_
          - alias suffix - 0_
          - suffixed key columns - {id1_9_0_}
          - JOIN (JoinDefinedByMetadata(user)) : <gen:0> -> <gen:1>
             - EntityQuerySpaceImpl(uid=<gen:1>, entity=edu.ncsu.csc.itrust2.models.persistent.User)
                - SQL table alias mapping - user1_
                - alias suffix - 1_
                - suffixed key columns - {username1_15_1_}

03:44:48.132 [main] DEBUG o.h.loader.entity.plan.EntityLoader - Static select for entity edu.ncsu.csc.itrust2.models.persistent.LoginLockout [NONE]: select loginlocko0_.id as id1_9_0_, loginlocko0_.ip as ip2_9_0_, loginlocko0_.time as time3_9_0_, loginlocko0_.user_id as user_id4_9_0_, user1_.username as username1_15_1_, user1_.enabled as enabled2_15_1_, user1_.password as password3_15_1_, user1_.role as role4_15_1_ from LoginLockouts loginlocko0_ left outer join Users user1_ on loginlocko0_.user_id=user1_.username where loginlocko0_.id=?
03:44:48.132 [main] DEBUG o.h.l.p.b.i.spaces.QuerySpacesImpl - Adding QuerySpace : uid = <gen:0> -> org.hibernate.loader.plan.build.internal.spaces.EntityQuerySpaceImpl@3fd5159f]
03:44:48.132 [main] DEBUG o.h.p.w.spi.MetamodelGraphWalker - Visiting attribute path : ip
03:44:48.132 [main] DEBUG o.h.p.w.spi.MetamodelGraphWalker - Visiting attribute path : time
03:44:48.132 [main] DEBUG o.h.p.w.spi.MetamodelGraphWalker - Visiting attribute path : user
03:44:48.132 [main] DEBUG o.h.l.p.b.i.spaces.QuerySpacesImpl - Adding QuerySpace : uid = <gen:1> -> org.hibernate.loader.plan.build.internal.spaces.EntityQuerySpaceImpl@4b8c91e1]
03:44:48.133 [main] DEBUG o.h.p.w.spi.MetamodelGraphWalker - Visiting attribute path : user.enabled
03:44:48.133 [main] DEBUG o.h.p.w.spi.MetamodelGraphWalker - Visiting attribute path : user.password
03:44:48.133 [main] DEBUG o.h.p.w.spi.MetamodelGraphWalker - Visiting attribute path : user.role
03:44:48.133 [main] DEBUG o.h.l.p.b.i.FetchStyleLoadPlanBuildingAssociationVisitationStrategy - Building LoadPlan...
03:44:48.133 [main] DEBUG o.h.l.p.e.i.LoadQueryJoinAndFetchProcessor - processing queryspace <gen:0>
03:44:48.133 [main] DEBUG o.h.l.p.b.spi.LoadPlanTreePrinter - LoadPlan(entity=edu.ncsu.csc.itrust2.models.persistent.LoginLockout)
    - Returns
       - EntityReturnImpl(entity=edu.ncsu.csc.itrust2.models.persistent.LoginLockout, querySpaceUid=<gen:0>, path=edu.ncsu.csc.itrust2.models.persistent.LoginLockout)
          - EntityAttributeFetchImpl(entity=edu.ncsu.csc.itrust2.models.persistent.User, querySpaceUid=<gen:1>, path=edu.ncsu.csc.itrust2.models.persistent.LoginLockout.user)
    - QuerySpaces
       - EntityQuerySpaceImpl(uid=<gen:0>, entity=edu.ncsu.csc.itrust2.models.persistent.LoginLockout)
          - SQL table alias mapping - loginlocko0_
          - alias suffix - 0_
          - suffixed key columns - {id1_9_0_}
          - JOIN (JoinDefinedByMetadata(user)) : <gen:0> -> <gen:1>
             - EntityQuerySpaceImpl(uid=<gen:1>, entity=edu.ncsu.csc.itrust2.models.persistent.User)
                - SQL table alias mapping - user1_
                - alias suffix - 1_
                - suffixed key columns - {username1_15_1_}

03:44:48.133 [main] DEBUG o.h.loader.entity.plan.EntityLoader - Static select for entity edu.ncsu.csc.itrust2.models.persistent.LoginLockout [READ]: select loginlocko0_.id as id1_9_0_, loginlocko0_.ip as ip2_9_0_, loginlocko0_.time as time3_9_0_, loginlocko0_.user_id as user_id4_9_0_, user1_.username as username1_15_1_, user1_.enabled as enabled2_15_1_, user1_.password as password3_15_1_, user1_.role as role4_15_1_ from LoginLockouts loginlocko0_ left outer join Users user1_ on loginlocko0_.user_id=user1_.username where loginlocko0_.id=?
03:44:48.133 [main] DEBUG o.h.l.p.b.i.spaces.QuerySpacesImpl - Adding QuerySpace : uid = <gen:0> -> org.hibernate.loader.plan.build.internal.spaces.EntityQuerySpaceImpl@66a67a00]
03:44:48.133 [main] DEBUG o.h.p.w.spi.MetamodelGraphWalker - Visiting attribute path : ip
03:44:48.133 [main] DEBUG o.h.p.w.spi.MetamodelGraphWalker - Visiting attribute path : time
03:44:48.133 [main] DEBUG o.h.p.w.spi.MetamodelGraphWalker - Visiting attribute path : user
03:44:48.133 [main] DEBUG o.h.l.p.b.i.spaces.QuerySpacesImpl - Adding QuerySpace : uid = <gen:1> -> org.hibernate.loader.plan.build.internal.spaces.EntityQuerySpaceImpl@1699aa36]
03:44:48.133 [main] DEBUG o.h.l.p.b.i.FetchStyleLoadPlanBuildingAssociationVisitationStrategy - Building LoadPlan...
03:44:48.134 [main] DEBUG o.h.l.p.e.i.LoadQueryJoinAndFetchProcessor - processing queryspace <gen:0>
03:44:48.134 [main] DEBUG o.h.l.p.b.spi.LoadPlanTreePrinter - LoadPlan(entity=edu.ncsu.csc.itrust2.models.persistent.LoginLockout)
    - Returns
       - EntityReturnImpl(entity=edu.ncsu.csc.itrust2.models.persistent.LoginLockout, querySpaceUid=<gen:0>, path=edu.ncsu.csc.itrust2.models.persistent.LoginLockout)
          - EntityAttributeFetchImpl(entity=edu.ncsu.csc.itrust2.models.persistent.User, querySpaceUid=<gen:1>, path=edu.ncsu.csc.itrust2.models.persistent.LoginLockout.user)
    - QuerySpaces
       - EntityQuerySpaceImpl(uid=<gen:0>, entity=edu.ncsu.csc.itrust2.models.persistent.LoginLockout)
          - SQL table alias mapping - loginlocko0_
          - alias suffix - 0_
          - suffixed key columns - {id1_9_0_}

03:44:48.134 [main] DEBUG o.h.loader.entity.plan.EntityLoader - Static select for entity edu.ncsu.csc.itrust2.models.persistent.LoginLockout [UPGRADE]: select loginlocko0_.id as id1_9_0_, loginlocko0_.ip as ip2_9_0_, loginlocko0_.time as time3_9_0_, loginlocko0_.user_id as user_id4_9_0_ from LoginLockouts loginlocko0_ where loginlocko0_.id=? for update
03:44:48.134 [main] DEBUG o.h.l.p.b.i.spaces.QuerySpacesImpl - Adding QuerySpace : uid = <gen:0> -> org.hibernate.loader.plan.build.internal.spaces.EntityQuerySpaceImpl@2065da16]
03:44:48.135 [main] DEBUG o.h.p.w.spi.MetamodelGraphWalker - Visiting attribute path : ip
03:44:48.136 [main] DEBUG o.h.p.w.spi.MetamodelGraphWalker - Visiting attribute path : time
03:44:48.137 [main] DEBUG o.h.p.w.spi.MetamodelGraphWalker - Visiting attribute path : user
03:44:48.138 [main] DEBUG o.h.l.p.b.i.spaces.QuerySpacesImpl - Adding QuerySpace : uid = <gen:1> -> org.hibernate.loader.plan.build.internal.spaces.EntityQuerySpaceImpl@6558b5c7]
03:44:48.138 [main] DEBUG o.h.l.p.b.i.FetchStyleLoadPlanBuildingAssociationVisitationStrategy - Building LoadPlan...
03:44:48.139 [main] DEBUG o.h.l.p.e.i.LoadQueryJoinAndFetchProcessor - processing queryspace <gen:0>
03:44:48.139 [main] DEBUG o.h.l.p.b.spi.LoadPlanTreePrinter - LoadPlan(entity=edu.ncsu.csc.itrust2.models.persistent.LoginLockout)
    - Returns
       - EntityReturnImpl(entity=edu.ncsu.csc.itrust2.models.persistent.LoginLockout, querySpaceUid=<gen:0>, path=edu.ncsu.csc.itrust2.models.persistent.LoginLockout)
          - EntityAttributeFetchImpl(entity=edu.ncsu.csc.itrust2.models.persistent.User, querySpaceUid=<gen:1>, path=edu.ncsu.csc.itrust2.models.persistent.LoginLockout.user)
    - QuerySpaces
       - EntityQuerySpaceImpl(uid=<gen:0>, entity=edu.ncsu.csc.itrust2.models.persistent.LoginLockout)
          - SQL table alias mapping - loginlocko0_
          - alias suffix - 0_
          - suffixed key columns - {id1_9_0_}

03:44:48.140 [main] DEBUG o.h.loader.entity.plan.EntityLoader - Static select for entity edu.ncsu.csc.itrust2.models.persistent.LoginLockout [UPGRADE_NOWAIT]: select loginlocko0_.id as id1_9_0_, loginlocko0_.ip as ip2_9_0_, loginlocko0_.time as time3_9_0_, loginlocko0_.user_id as user_id4_9_0_ from LoginLockouts loginlocko0_ where loginlocko0_.id=? for update
03:44:48.140 [main] DEBUG o.h.l.p.b.i.spaces.QuerySpacesImpl - Adding QuerySpace : uid = <gen:0> -> org.hibernate.loader.plan.build.internal.spaces.EntityQuerySpaceImpl@3e4b6b40]
03:44:48.140 [main] DEBUG o.h.p.w.spi.MetamodelGraphWalker - Visiting attribute path : ip
03:44:48.140 [main] DEBUG o.h.p.w.spi.MetamodelGraphWalker - Visiting attribute path : time
03:44:48.140 [main] DEBUG o.h.p.w.spi.MetamodelGraphWalker - Visiting attribute path : user
03:44:48.140 [main] DEBUG o.h.l.p.b.i.spaces.QuerySpacesImpl - Adding QuerySpace : uid = <gen:1> -> org.hibernate.loader.plan.build.internal.spaces.EntityQuerySpaceImpl@7366b259]
03:44:48.140 [main] DEBUG o.h.l.p.b.i.FetchStyleLoadPlanBuildingAssociationVisitationStrategy - Building LoadPlan...
03:44:48.140 [main] DEBUG o.h.l.p.e.i.LoadQueryJoinAndFetchProcessor - processing queryspace <gen:0>
03:44:48.141 [main] DEBUG o.h.l.p.b.spi.LoadPlanTreePrinter - LoadPlan(entity=edu.ncsu.csc.itrust2.models.persistent.LoginLockout)
    - Returns
       - EntityReturnImpl(entity=edu.ncsu.csc.itrust2.models.persistent.LoginLockout, querySpaceUid=<gen:0>, path=edu.ncsu.csc.itrust2.models.persistent.LoginLockout)
          - EntityAttributeFetchImpl(entity=edu.ncsu.csc.itrust2.models.persistent.User, querySpaceUid=<gen:1>, path=edu.ncsu.csc.itrust2.models.persistent.LoginLockout.user)
    - QuerySpaces
       - EntityQuerySpaceImpl(uid=<gen:0>, entity=edu.ncsu.csc.itrust2.models.persistent.LoginLockout)
          - SQL table alias mapping - loginlocko0_
          - alias suffix - 0_
          - suffixed key columns - {id1_9_0_}

03:44:48.141 [main] DEBUG o.h.loader.entity.plan.EntityLoader - Static select for entity edu.ncsu.csc.itrust2.models.persistent.LoginLockout [UPGRADE_SKIPLOCKED]: select loginlocko0_.id as id1_9_0_, loginlocko0_.ip as ip2_9_0_, loginlocko0_.time as time3_9_0_, loginlocko0_.user_id as user_id4_9_0_ from LoginLockouts loginlocko0_ where loginlocko0_.id=? for update
03:44:48.143 [main] DEBUG o.h.l.p.b.i.spaces.QuerySpacesImpl - Adding QuerySpace : uid = <gen:0> -> org.hibernate.loader.plan.build.internal.spaces.EntityQuerySpaceImpl@5330d77f]
03:44:48.143 [main] DEBUG o.h.p.w.spi.MetamodelGraphWalker - Visiting attribute path : ip
03:44:48.143 [main] DEBUG o.h.p.w.spi.MetamodelGraphWalker - Visiting attribute path : time
03:44:48.143 [main] DEBUG o.h.p.w.spi.MetamodelGraphWalker - Visiting attribute path : user
03:44:48.144 [main] DEBUG o.h.l.p.b.i.spaces.QuerySpacesImpl - Adding QuerySpace : uid = <gen:1> -> org.hibernate.loader.plan.build.internal.spaces.EntityQuerySpaceImpl@31e5514]
03:44:48.144 [main] DEBUG o.h.l.p.b.i.FetchStyleLoadPlanBuildingAssociationVisitationStrategy - Building LoadPlan...
03:44:48.144 [main] DEBUG o.h.l.p.e.i.LoadQueryJoinAndFetchProcessor - processing queryspace <gen:0>
03:44:48.144 [main] DEBUG o.h.l.p.b.spi.LoadPlanTreePrinter - LoadPlan(entity=edu.ncsu.csc.itrust2.models.persistent.LoginLockout)
    - Returns
       - EntityReturnImpl(entity=edu.ncsu.csc.itrust2.models.persistent.LoginLockout, querySpaceUid=<gen:0>, path=edu.ncsu.csc.itrust2.models.persistent.LoginLockout)
          - EntityAttributeFetchImpl(entity=edu.ncsu.csc.itrust2.models.persistent.User, querySpaceUid=<gen:1>, path=edu.ncsu.csc.itrust2.models.persistent.LoginLockout.user)
    - QuerySpaces
       - EntityQuerySpaceImpl(uid=<gen:0>, entity=edu.ncsu.csc.itrust2.models.persistent.LoginLockout)
          - SQL table alias mapping - loginlocko0_
          - alias suffix - 0_
          - suffixed key columns - {id1_9_0_}

03:44:48.145 [main] DEBUG o.h.loader.entity.plan.EntityLoader - Static select for entity edu.ncsu.csc.itrust2.models.persistent.LoginLockout [FORCE]: select loginlocko0_.id as id1_9_0_, loginlocko0_.ip as ip2_9_0_, loginlocko0_.time as time3_9_0_, loginlocko0_.user_id as user_id4_9_0_ from LoginLockouts loginlocko0_ where loginlocko0_.id=? for update
03:44:48.145 [main] DEBUG o.h.l.p.b.i.spaces.QuerySpacesImpl - Adding QuerySpace : uid = <gen:0> -> org.hibernate.loader.plan.build.internal.spaces.EntityQuerySpaceImpl@452ccb54]
03:44:48.145 [main] DEBUG o.h.p.w.spi.MetamodelGraphWalker - Visiting attribute path : ip
03:44:48.145 [main] DEBUG o.h.p.w.spi.MetamodelGraphWalker - Visiting attribute path : time
03:44:48.145 [main] DEBUG o.h.p.w.spi.MetamodelGraphWalker - Visiting attribute path : user
03:44:48.145 [main] DEBUG o.h.l.p.b.i.spaces.QuerySpacesImpl - Adding QuerySpace : uid = <gen:1> -> org.hibernate.loader.plan.build.internal.spaces.EntityQuerySpaceImpl@31cbfaa]
03:44:48.145 [main] DEBUG o.h.l.p.b.i.FetchStyleLoadPlanBuildingAssociationVisitationStrategy - Building LoadPlan...
03:44:48.145 [main] DEBUG o.h.l.p.e.i.LoadQueryJoinAndFetchProcessor - processing queryspace <gen:0>
03:44:48.145 [main] DEBUG o.h.l.p.b.spi.LoadPlanTreePrinter - LoadPlan(entity=edu.ncsu.csc.itrust2.models.persistent.LoginLockout)
    - Returns
       - EntityReturnImpl(entity=edu.ncsu.csc.itrust2.models.persistent.LoginLockout, querySpaceUid=<gen:0>, path=edu.ncsu.csc.itrust2.models.persistent.LoginLockout)
          - EntityAttributeFetchImpl(entity=edu.ncsu.csc.itrust2.models.persistent.User, querySpaceUid=<gen:1>, path=edu.ncsu.csc.itrust2.models.persistent.LoginLockout.user)
    - QuerySpaces
       - EntityQuerySpaceImpl(uid=<gen:0>, entity=edu.ncsu.csc.itrust2.models.persistent.LoginLockout)
          - SQL table alias mapping - loginlocko0_
          - alias suffix - 0_
          - suffixed key columns - {id1_9_0_}

03:44:48.146 [main] DEBUG o.h.loader.entity.plan.EntityLoader - Static select for entity edu.ncsu.csc.itrust2.models.persistent.LoginLockout [PESSIMISTIC_READ]: select loginlocko0_.id as id1_9_0_, loginlocko0_.ip as ip2_9_0_, loginlocko0_.time as time3_9_0_, loginlocko0_.user_id as user_id4_9_0_ from LoginLockouts loginlocko0_ where loginlocko0_.id=? lock in share mode
03:44:48.146 [main] DEBUG o.h.l.p.b.i.spaces.QuerySpacesImpl - Adding QuerySpace : uid = <gen:0> -> org.hibernate.loader.plan.build.internal.spaces.EntityQuerySpaceImpl@72dbfc28]
03:44:48.146 [main] DEBUG o.h.p.w.spi.MetamodelGraphWalker - Visiting attribute path : ip
03:44:48.146 [main] DEBUG o.h.p.w.spi.MetamodelGraphWalker - Visiting attribute path : time
03:44:48.146 [main] DEBUG o.h.p.w.spi.MetamodelGraphWalker - Visiting attribute path : user
03:44:48.146 [main] DEBUG o.h.l.p.b.i.spaces.QuerySpacesImpl - Adding QuerySpace : uid = <gen:1> -> org.hibernate.loader.plan.build.internal.spaces.EntityQuerySpaceImpl@52c2c5b3]
03:44:48.146 [main] DEBUG o.h.l.p.b.i.FetchStyleLoadPlanBuildingAssociationVisitationStrategy - Building LoadPlan...
03:44:48.147 [main] DEBUG o.h.l.p.e.i.LoadQueryJoinAndFetchProcessor - processing queryspace <gen:0>
03:44:48.147 [main] DEBUG o.h.l.p.b.spi.LoadPlanTreePrinter - LoadPlan(entity=edu.ncsu.csc.itrust2.models.persistent.LoginLockout)
    - Returns
       - EntityReturnImpl(entity=edu.ncsu.csc.itrust2.models.persistent.LoginLockout, querySpaceUid=<gen:0>, path=edu.ncsu.csc.itrust2.models.persistent.LoginLockout)
          - EntityAttributeFetchImpl(entity=edu.ncsu.csc.itrust2.models.persistent.User, querySpaceUid=<gen:1>, path=edu.ncsu.csc.itrust2.models.persistent.LoginLockout.user)
    - QuerySpaces
       - EntityQuerySpaceImpl(uid=<gen:0>, entity=edu.ncsu.csc.itrust2.models.persistent.LoginLockout)
          - SQL table alias mapping - loginlocko0_
          - alias suffix - 0_
          - suffixed key columns - {id1_9_0_}

03:44:48.147 [main] DEBUG o.h.loader.entity.plan.EntityLoader - Static select for entity edu.ncsu.csc.itrust2.models.persistent.LoginLockout [PESSIMISTIC_WRITE]: select loginlocko0_.id as id1_9_0_, loginlocko0_.ip as ip2_9_0_, loginlocko0_.time as time3_9_0_, loginlocko0_.user_id as user_id4_9_0_ from LoginLockouts loginlocko0_ where loginlocko0_.id=? for update
03:44:48.147 [main] DEBUG o.h.l.p.b.i.spaces.QuerySpacesImpl - Adding QuerySpace : uid = <gen:0> -> org.hibernate.loader.plan.build.internal.spaces.EntityQuerySpaceImpl@34c5c1ae]
03:44:48.147 [main] DEBUG o.h.p.w.spi.MetamodelGraphWalker - Visiting attribute path : ip
03:44:48.147 [main] DEBUG o.h.p.w.spi.MetamodelGraphWalker - Visiting attribute path : time
03:44:48.147 [main] DEBUG o.h.p.w.spi.MetamodelGraphWalker - Visiting attribute path : user
03:44:48.147 [main] DEBUG o.h.l.p.b.i.spaces.QuerySpacesImpl - Adding QuerySpace : uid = <gen:1> -> org.hibernate.loader.plan.build.internal.spaces.EntityQuerySpaceImpl@3f80294b]
03:44:48.147 [main] DEBUG o.h.l.p.b.i.FetchStyleLoadPlanBuildingAssociationVisitationStrategy - Building LoadPlan...
03:44:48.148 [main] DEBUG o.h.l.p.e.i.LoadQueryJoinAndFetchProcessor - processing queryspace <gen:0>
03:44:48.149 [main] DEBUG o.h.l.p.b.spi.LoadPlanTreePrinter - LoadPlan(entity=edu.ncsu.csc.itrust2.models.persistent.LoginLockout)
    - Returns
       - EntityReturnImpl(entity=edu.ncsu.csc.itrust2.models.persistent.LoginLockout, querySpaceUid=<gen:0>, path=edu.ncsu.csc.itrust2.models.persistent.LoginLockout)
          - EntityAttributeFetchImpl(entity=edu.ncsu.csc.itrust2.models.persistent.User, querySpaceUid=<gen:1>, path=edu.ncsu.csc.itrust2.models.persistent.LoginLockout.user)
    - QuerySpaces
       - EntityQuerySpaceImpl(uid=<gen:0>, entity=edu.ncsu.csc.itrust2.models.persistent.LoginLockout)
          - SQL table alias mapping - loginlocko0_
          - alias suffix - 0_
          - suffixed key columns - {id1_9_0_}

03:44:48.149 [main] DEBUG o.h.loader.entity.plan.EntityLoader - Static select for entity edu.ncsu.csc.itrust2.models.persistent.LoginLockout [PESSIMISTIC_FORCE_INCREMENT]: select loginlocko0_.id as id1_9_0_, loginlocko0_.ip as ip2_9_0_, loginlocko0_.time as time3_9_0_, loginlocko0_.user_id as user_id4_9_0_ from LoginLockouts loginlocko0_ where loginlocko0_.id=? for update
03:44:48.149 [main] DEBUG o.h.l.p.b.i.spaces.QuerySpacesImpl - Adding QuerySpace : uid = <gen:0> -> org.hibernate.loader.plan.build.internal.spaces.EntityQuerySpaceImpl@7b2b9c55]
03:44:48.149 [main] DEBUG o.h.p.w.spi.MetamodelGraphWalker - Visiting attribute path : ip
03:44:48.149 [main] DEBUG o.h.p.w.spi.MetamodelGraphWalker - Visiting attribute path : time
03:44:48.149 [main] DEBUG o.h.p.w.spi.MetamodelGraphWalker - Visiting attribute path : user
03:44:48.149 [main] DEBUG o.h.l.p.b.i.spaces.QuerySpacesImpl - Adding QuerySpace : uid = <gen:1> -> org.hibernate.loader.plan.build.internal.spaces.EntityQuerySpaceImpl@6a2d68e3]
03:44:48.150 [main] DEBUG o.h.l.p.b.i.FetchStyleLoadPlanBuildingAssociationVisitationStrategy - Building LoadPlan...
03:44:48.151 [main] DEBUG o.h.l.p.e.i.LoadQueryJoinAndFetchProcessor - processing queryspace <gen:0>
03:44:48.151 [main] DEBUG o.h.l.p.b.spi.LoadPlanTreePrinter - LoadPlan(entity=edu.ncsu.csc.itrust2.models.persistent.LoginLockout)
    - Returns
       - EntityReturnImpl(entity=edu.ncsu.csc.itrust2.models.persistent.LoginLockout, querySpaceUid=<gen:0>, path=edu.ncsu.csc.itrust2.models.persistent.LoginLockout)
          - EntityAttributeFetchImpl(entity=edu.ncsu.csc.itrust2.models.persistent.User, querySpaceUid=<gen:1>, path=edu.ncsu.csc.itrust2.models.persistent.LoginLockout.user)
    - QuerySpaces
       - EntityQuerySpaceImpl(uid=<gen:0>, entity=edu.ncsu.csc.itrust2.models.persistent.LoginLockout)
          - SQL table alias mapping - loginlocko0_
          - alias suffix - 0_
          - suffixed key columns - {id1_9_0_}

03:44:48.151 [main] DEBUG o.h.loader.entity.plan.EntityLoader - Static select for entity edu.ncsu.csc.itrust2.models.persistent.LoginLockout [OPTIMISTIC]: select loginlocko0_.id as id1_9_0_, loginlocko0_.ip as ip2_9_0_, loginlocko0_.time as time3_9_0_, loginlocko0_.user_id as user_id4_9_0_ from LoginLockouts loginlocko0_ where loginlocko0_.id=?
03:44:48.151 [main] DEBUG o.h.l.p.b.i.spaces.QuerySpacesImpl - Adding QuerySpace : uid = <gen:0> -> org.hibernate.loader.plan.build.internal.spaces.EntityQuerySpaceImpl@54d9de9c]
03:44:48.151 [main] DEBUG o.h.p.w.spi.MetamodelGraphWalker - Visiting attribute path : ip
03:44:48.151 [main] DEBUG o.h.p.w.spi.MetamodelGraphWalker - Visiting attribute path : time
03:44:48.151 [main] DEBUG o.h.p.w.spi.MetamodelGraphWalker - Visiting attribute path : user
03:44:48.152 [main] DEBUG o.h.l.p.b.i.spaces.QuerySpacesImpl - Adding QuerySpace : uid = <gen:1> -> org.hibernate.loader.plan.build.internal.spaces.EntityQuerySpaceImpl@5d319dbd]
03:44:48.152 [main] DEBUG o.h.l.p.b.i.FetchStyleLoadPlanBuildingAssociationVisitationStrategy - Building LoadPlan...
03:44:48.152 [main] DEBUG o.h.l.p.e.i.LoadQueryJoinAndFetchProcessor - processing queryspace <gen:0>
03:44:48.152 [main] DEBUG o.h.l.p.b.spi.LoadPlanTreePrinter - LoadPlan(entity=edu.ncsu.csc.itrust2.models.persistent.LoginLockout)
    - Returns
       - EntityReturnImpl(entity=edu.ncsu.csc.itrust2.models.persistent.LoginLockout, querySpaceUid=<gen:0>, path=edu.ncsu.csc.itrust2.models.persistent.LoginLockout)
          - EntityAttributeFetchImpl(entity=edu.ncsu.csc.itrust2.models.persistent.User, querySpaceUid=<gen:1>, path=edu.ncsu.csc.itrust2.models.persistent.LoginLockout.user)
    - QuerySpaces
       - EntityQuerySpaceImpl(uid=<gen:0>, entity=edu.ncsu.csc.itrust2.models.persistent.LoginLockout)
          - SQL table alias mapping - loginlocko0_
          - alias suffix - 0_
          - suffixed key columns - {id1_9_0_}

03:44:48.153 [main] DEBUG o.h.loader.entity.plan.EntityLoader - Static select for entity edu.ncsu.csc.itrust2.models.persistent.LoginLockout [OPTIMISTIC_FORCE_INCREMENT]: select loginlocko0_.id as id1_9_0_, loginlocko0_.ip as ip2_9_0_, loginlocko0_.time as time3_9_0_, loginlocko0_.user_id as user_id4_9_0_ from LoginLockouts loginlocko0_ where loginlocko0_.id=?
03:44:48.153 [main] DEBUG org.hibernate.loader.Loader - Static select for action ACTION_MERGE on entity edu.ncsu.csc.itrust2.models.persistent.LoginLockout: select loginlocko0_.id as id1_9_0_, loginlocko0_.ip as ip2_9_0_, loginlocko0_.time as time3_9_0_, loginlocko0_.user_id as user_id4_9_0_ from LoginLockouts loginlocko0_ where loginlocko0_.id=?
03:44:48.154 [main] DEBUG org.hibernate.loader.Loader - Static select for action ACTION_REFRESH on entity edu.ncsu.csc.itrust2.models.persistent.LoginLockout: select loginlocko0_.id as id1_9_0_, loginlocko0_.ip as ip2_9_0_, loginlocko0_.time as time3_9_0_, loginlocko0_.user_id as user_id4_9_0_ from LoginLockouts loginlocko0_ where loginlocko0_.id=?
03:44:48.154 [main] DEBUG o.h.p.entity.AbstractEntityPersister - Static SQL for entity: edu.ncsu.csc.itrust2.models.persistent.OfficeVisit
03:44:48.154 [main] DEBUG o.h.p.entity.AbstractEntityPersister -  Version select: select id from OfficeVisits where id =?
03:44:48.154 [main] DEBUG o.h.p.entity.AbstractEntityPersister -  Snapshot select: select officevisi_.id, officevisi_.appointment_id as appointm5_10_, officevisi_.basichealthmetrics_id as basichea6_10_, officevisi_.date as date2_10_, officevisi_.hcp_id as hcp_id7_10_, officevisi_.hospital_id as hospital8_10_, officevisi_.notes as notes3_10_, officevisi_.patient_id as patient_9_10_, officevisi_.type as type4_10_ from OfficeVisits officevisi_ where officevisi_.id=?
03:44:48.154 [main] DEBUG o.h.p.entity.AbstractEntityPersister -  Insert 0: insert into OfficeVisits (appointment_id, basichealthmetrics_id, date, hcp_id, hospital_id, notes, patient_id, type, id) values (?, ?, ?, ?, ?, ?, ?, ?, ?)
03:44:48.154 [main] DEBUG o.h.p.entity.AbstractEntityPersister -  Update 0: update OfficeVisits set appointment_id=?, basichealthmetrics_id=?, date=?, hcp_id=?, hospital_id=?, notes=?, patient_id=?, type=? where id=?
03:44:48.154 [main] DEBUG o.h.p.entity.AbstractEntityPersister -  Delete 0: delete from OfficeVisits where id=?
03:44:48.155 [main] DEBUG o.h.l.p.b.i.spaces.QuerySpacesImpl - Adding QuerySpace : uid = <gen:0> -> org.hibernate.loader.plan.build.internal.spaces.EntityQuerySpaceImpl@5c5a8c88]
03:44:48.155 [main] DEBUG o.h.p.w.spi.MetamodelGraphWalker - Visiting attribute path : appointment
03:44:48.155 [main] DEBUG o.h.l.p.b.i.spaces.QuerySpacesImpl - Adding QuerySpace : uid = <gen:1> -> org.hibernate.loader.plan.build.internal.spaces.EntityQuerySpaceImpl@c5be903]
03:44:48.155 [main] DEBUG o.h.p.w.spi.MetamodelGraphWalker - Visiting attribute path : appointment.comments
03:44:48.155 [main] DEBUG o.h.p.w.spi.MetamodelGraphWalker - Visiting attribute path : appointment.date
03:44:48.155 [main] DEBUG o.h.p.w.spi.MetamodelGraphWalker - Visiting attribute path : appointment.hcp
03:44:48.155 [main] DEBUG o.h.l.p.b.i.spaces.QuerySpacesImpl - Adding QuerySpace : uid = <gen:2> -> org.hibernate.loader.plan.build.internal.spaces.EntityQuerySpaceImpl@55e0a8ae]
03:44:48.156 [main] DEBUG o.h.p.w.spi.MetamodelGraphWalker - Visiting attribute path : appointment.hcp.enabled
03:44:48.156 [main] DEBUG o.h.p.w.spi.MetamodelGraphWalker - Visiting attribute path : appointment.hcp.password
03:44:48.156 [main] DEBUG o.h.p.w.spi.MetamodelGraphWalker - Visiting attribute path : appointment.hcp.role
03:44:48.156 [main] DEBUG o.h.p.w.spi.MetamodelGraphWalker - Visiting attribute path : appointment.patient
03:44:48.156 [main] DEBUG o.h.l.p.b.i.spaces.QuerySpacesImpl - Adding QuerySpace : uid = <gen:3> -> org.hibernate.loader.plan.build.internal.spaces.EntityQuerySpaceImpl@2cc28b3d]
03:44:48.156 [main] DEBUG o.h.p.w.spi.MetamodelGraphWalker - Visiting attribute path : appointment.patient.enabled
03:44:48.156 [main] DEBUG o.h.p.w.spi.MetamodelGraphWalker - Visiting attribute path : appointment.patient.password
03:44:48.156 [main] DEBUG o.h.p.w.spi.MetamodelGraphWalker - Visiting attribute path : appointment.patient.role
03:44:48.156 [main] DEBUG o.h.p.w.spi.MetamodelGraphWalker - Visiting attribute path : appointment.status
03:44:48.156 [main] DEBUG o.h.p.w.spi.MetamodelGraphWalker - Visiting attribute path : appointment.type
03:44:48.156 [main] DEBUG o.h.p.w.spi.MetamodelGraphWalker - Visiting attribute path : basicHealthMetrics
03:44:48.157 [main] DEBUG o.h.l.p.b.i.spaces.QuerySpacesImpl - Adding QuerySpace : uid = <gen:4> -> org.hibernate.loader.plan.build.internal.spaces.EntityQuerySpaceImpl@1304e6ac]
03:44:48.157 [main] DEBUG o.h.p.w.spi.MetamodelGraphWalker - Visiting attribute path : basicHealthMetrics.diastolic
03:44:48.157 [main] DEBUG o.h.p.w.spi.MetamodelGraphWalker - Visiting attribute path : basicHealthMetrics.hcp
03:44:48.157 [main] DEBUG o.h.l.p.b.i.spaces.QuerySpacesImpl - Adding QuerySpace : uid = <gen:5> -> org.hibernate.loader.plan.build.internal.spaces.EntityQuerySpaceImpl@47f8be58]
03:44:48.157 [main] DEBUG o.h.p.w.spi.MetamodelGraphWalker - Visiting attribute path : basicHealthMetrics.hcp.enabled
03:44:48.157 [main] DEBUG o.h.p.w.spi.MetamodelGraphWalker - Visiting attribute path : basicHealthMetrics.hcp.password
03:44:48.157 [main] DEBUG o.h.p.w.spi.MetamodelGraphWalker - Visiting attribute path : basicHealthMetrics.hcp.role
03:44:48.157 [main] DEBUG o.h.p.w.spi.MetamodelGraphWalker - Visiting attribute path : basicHealthMetrics.hdl
03:44:48.157 [main] DEBUG o.h.p.w.spi.MetamodelGraphWalker - Visiting attribute path : basicHealthMetrics.headCircumference
03:44:48.157 [main] DEBUG o.h.p.w.spi.MetamodelGraphWalker - Visiting attribute path : basicHealthMetrics.height
03:44:48.157 [main] DEBUG o.h.p.w.spi.MetamodelGraphWalker - Visiting attribute path : basicHealthMetrics.houseSmokingStatus
03:44:48.157 [main] DEBUG o.h.p.w.spi.MetamodelGraphWalker - Visiting attribute path : basicHealthMetrics.ldl
03:44:48.157 [main] DEBUG o.h.p.w.spi.MetamodelGraphWalker - Visiting attribute path : basicHealthMetrics.patient
03:44:48.158 [main] DEBUG o.h.l.p.b.i.spaces.QuerySpacesImpl - Adding QuerySpace : uid = <gen:6> -> org.hibernate.loader.plan.build.internal.spaces.EntityQuerySpaceImpl@3c5ecf91]
03:44:48.158 [main] DEBUG o.h.p.w.spi.MetamodelGraphWalker - Visiting attribute path : basicHealthMetrics.patient.enabled
03:44:48.158 [main] DEBUG o.h.p.w.spi.MetamodelGraphWalker - Visiting attribute path : basicHealthMetrics.patient.password
03:44:48.158 [main] DEBUG o.h.p.w.spi.MetamodelGraphWalker - Visiting attribute path : basicHealthMetrics.patient.role
03:44:48.158 [main] DEBUG o.h.p.w.spi.MetamodelGraphWalker - Visiting attribute path : basicHealthMetrics.patientSmokingStatus
03:44:48.158 [main] DEBUG o.h.p.w.spi.MetamodelGraphWalker - Visiting attribute path : basicHealthMetrics.systolic
03:44:48.158 [main] DEBUG o.h.p.w.spi.MetamodelGraphWalker - Visiting attribute path : basicHealthMetrics.tri
03:44:48.158 [main] DEBUG o.h.p.w.spi.MetamodelGraphWalker - Visiting attribute path : basicHealthMetrics.weight
03:44:48.158 [main] DEBUG o.h.p.w.spi.MetamodelGraphWalker - Visiting attribute path : date
03:44:48.158 [main] DEBUG o.h.p.w.spi.MetamodelGraphWalker - Visiting attribute path : hcp
03:44:48.158 [main] DEBUG o.h.l.p.b.i.spaces.QuerySpacesImpl - Adding QuerySpace : uid = <gen:7> -> org.hibernate.loader.plan.build.internal.spaces.EntityQuerySpaceImpl@1be71add]
03:44:48.158 [main] DEBUG o.h.p.w.spi.MetamodelGraphWalker - Visiting attribute path : hcp.enabled
03:44:48.158 [main] DEBUG o.h.p.w.spi.MetamodelGraphWalker - Visiting attribute path : hcp.password
03:44:48.158 [main] DEBUG o.h.p.w.spi.MetamodelGraphWalker - Visiting attribute path : hcp.role
03:44:48.158 [main] DEBUG o.h.p.w.spi.MetamodelGraphWalker - Visiting attribute path : hospital
03:44:48.158 [main] DEBUG o.h.l.p.b.i.spaces.QuerySpacesImpl - Adding QuerySpace : uid = <gen:8> -> org.hibernate.loader.plan.build.internal.spaces.EntityQuerySpaceImpl@24a0a2a]
03:44:48.158 [main] DEBUG o.h.p.w.spi.MetamodelGraphWalker - Visiting attribute path : hospital.address
03:44:48.160 [main] DEBUG o.h.p.w.spi.MetamodelGraphWalker - Visiting attribute path : hospital.state
03:44:48.160 [main] DEBUG o.h.p.w.spi.MetamodelGraphWalker - Visiting attribute path : hospital.zip
03:44:48.160 [main] DEBUG o.h.p.w.spi.MetamodelGraphWalker - Visiting attribute path : notes
03:44:48.160 [main] DEBUG o.h.p.w.spi.MetamodelGraphWalker - Visiting attribute path : patient
03:44:48.160 [main] DEBUG o.h.l.p.b.i.spaces.QuerySpacesImpl - Adding QuerySpace : uid = <gen:9> -> org.hibernate.loader.plan.build.internal.spaces.EntityQuerySpaceImpl@43bb19c2]
03:44:48.161 [main] DEBUG o.h.p.w.spi.MetamodelGraphWalker - Visiting attribute path : patient.enabled
03:44:48.161 [main] DEBUG o.h.p.w.spi.MetamodelGraphWalker - Visiting attribute path : patient.password
03:44:48.161 [main] DEBUG o.h.p.w.spi.MetamodelGraphWalker - Visiting attribute path : patient.role
03:44:48.161 [main] DEBUG o.h.p.w.spi.MetamodelGraphWalker - Visiting attribute path : prescriptions
03:44:48.162 [main] DEBUG o.h.l.p.b.i.spaces.QuerySpacesImpl - Adding QuerySpace : uid = <gen:10> -> org.hibernate.loader.plan.build.internal.spaces.CollectionQuerySpaceImpl@12e6b5a7]
03:44:48.165 [main] DEBUG o.h.l.p.b.i.spaces.QuerySpacesImpl - Adding QuerySpace : uid = <gen:11> -> org.hibernate.loader.plan.build.internal.spaces.EntityQuerySpaceImpl@3461ad50]
03:44:48.168 [main] DEBUG o.h.p.w.spi.MetamodelGraphWalker - Visiting attribute path : prescriptions.dosage
03:44:48.168 [main] DEBUG o.h.p.w.spi.MetamodelGraphWalker - Visiting attribute path : prescriptions.drug
03:44:48.168 [main] DEBUG o.h.l.p.b.i.spaces.QuerySpacesImpl - Adding QuerySpace : uid = <gen:12> -> org.hibernate.loader.plan.build.internal.spaces.EntityQuerySpaceImpl@29a636c8]
03:44:48.168 [main] DEBUG o.h.p.w.spi.MetamodelGraphWalker - Visiting attribute path : prescriptions.drug.code
03:44:48.168 [main] DEBUG o.h.p.w.spi.MetamodelGraphWalker - Visiting attribute path : prescriptions.drug.description
03:44:48.168 [main] DEBUG o.h.p.w.spi.MetamodelGraphWalker - Visiting attribute path : prescriptions.drug.name
03:44:48.168 [main] DEBUG o.h.p.w.spi.MetamodelGraphWalker - Visiting attribute path : prescriptions.endDate
03:44:48.168 [main] DEBUG o.h.p.w.spi.MetamodelGraphWalker - Visiting attribute path : prescriptions.patient
03:44:48.169 [main] DEBUG o.h.l.p.b.i.spaces.QuerySpacesImpl - Adding QuerySpace : uid = <gen:13> -> org.hibernate.loader.plan.build.internal.spaces.EntityQuerySpaceImpl@585da76f]
03:44:48.169 [main] DEBUG o.h.p.w.spi.MetamodelGraphWalker - Visiting attribute path : prescriptions.patient.enabled
03:44:48.169 [main] DEBUG o.h.p.w.spi.MetamodelGraphWalker - Visiting attribute path : prescriptions.patient.password
03:44:48.169 [main] DEBUG o.h.p.w.spi.MetamodelGraphWalker - Visiting attribute path : prescriptions.patient.role
03:44:48.169 [main] DEBUG o.h.p.w.spi.MetamodelGraphWalker - Visiting attribute path : prescriptions.renewals
03:44:48.169 [main] DEBUG o.h.p.w.spi.MetamodelGraphWalker - Visiting attribute path : prescriptions.startDate
03:44:48.169 [main] DEBUG o.h.p.w.spi.MetamodelGraphWalker - Visiting attribute path : type
03:44:48.170 [main] DEBUG o.h.l.p.b.i.FetchStyleLoadPlanBuildingAssociationVisitationStrategy - Building LoadPlan...
03:44:48.170 [main] DEBUG o.h.l.p.e.i.LoadQueryJoinAndFetchProcessor - processing queryspace <gen:0>
03:44:48.178 [main] DEBUG o.h.l.p.b.spi.LoadPlanTreePrinter - LoadPlan(entity=edu.ncsu.csc.itrust2.models.persistent.OfficeVisit)
    - Returns
       - EntityReturnImpl(entity=edu.ncsu.csc.itrust2.models.persistent.OfficeVisit, querySpaceUid=<gen:0>, path=edu.ncsu.csc.itrust2.models.persistent.OfficeVisit)
          - EntityAttributeFetchImpl(entity=edu.ncsu.csc.itrust2.models.persistent.AppointmentRequest, querySpaceUid=<gen:1>, path=edu.ncsu.csc.itrust2.models.persistent.OfficeVisit.appointment)
             - EntityAttributeFetchImpl(entity=edu.ncsu.csc.itrust2.models.persistent.User, querySpaceUid=<gen:2>, path=edu.ncsu.csc.itrust2.models.persistent.OfficeVisit.appointment.hcp)
             - EntityAttributeFetchImpl(entity=edu.ncsu.csc.itrust2.models.persistent.User, querySpaceUid=<gen:3>, path=edu.ncsu.csc.itrust2.models.persistent.OfficeVisit.appointment.patient)
          - EntityAttributeFetchImpl(entity=edu.ncsu.csc.itrust2.models.persistent.BasicHealthMetrics, querySpaceUid=<gen:4>, path=edu.ncsu.csc.itrust2.models.persistent.OfficeVisit.basicHealthMetrics)
             - EntityAttributeFetchImpl(entity=edu.ncsu.csc.itrust2.models.persistent.User, querySpaceUid=<gen:5>, path=edu.ncsu.csc.itrust2.models.persistent.OfficeVisit.basicHealthMetrics.hcp)
             - EntityAttributeFetchImpl(entity=edu.ncsu.csc.itrust2.models.persistent.User, querySpaceUid=<gen:6>, path=edu.ncsu.csc.itrust2.models.persistent.OfficeVisit.basicHealthMetrics.patient)
          - EntityAttributeFetchImpl(entity=edu.ncsu.csc.itrust2.models.persistent.User, querySpaceUid=<gen:7>, path=edu.ncsu.csc.itrust2.models.persistent.OfficeVisit.hcp)
          - EntityAttributeFetchImpl(entity=edu.ncsu.csc.itrust2.models.persistent.Hospital, querySpaceUid=<gen:8>, path=edu.ncsu.csc.itrust2.models.persistent.OfficeVisit.hospital)
          - EntityAttributeFetchImpl(entity=edu.ncsu.csc.itrust2.models.persistent.User, querySpaceUid=<gen:9>, path=edu.ncsu.csc.itrust2.models.persistent.OfficeVisit.patient)
          - CollectionAttributeFetchImpl(collection=edu.ncsu.csc.itrust2.models.persistent.OfficeVisit.prescriptions, querySpaceUid=<gen:10>, path=edu.ncsu.csc.itrust2.models.persistent.OfficeVisit.prescriptions)
             - (collection element) CollectionFetchableElementEntityGraph(entity=edu.ncsu.csc.itrust2.models.persistent.Prescription, querySpaceUid=<gen:11>, path=edu.ncsu.csc.itrust2.models.persistent.OfficeVisit.prescriptions.<elements>)
                - EntityAttributeFetchImpl(entity=edu.ncsu.csc.itrust2.models.persistent.Drug, querySpaceUid=<gen:12>, path=edu.ncsu.csc.itrust2.models.persistent.OfficeVisit.prescriptions.<elements>.drug)
                - EntityAttributeFetchImpl(entity=edu.ncsu.csc.itrust2.models.persistent.User, querySpaceUid=<gen:13>, path=edu.ncsu.csc.itrust2.models.persistent.OfficeVisit.prescriptions.<elements>.patient)
    - QuerySpaces
       - EntityQuerySpaceImpl(uid=<gen:0>, entity=edu.ncsu.csc.itrust2.models.persistent.OfficeVisit)
          - SQL table alias mapping - officevisi0_
          - alias suffix - 0_
          - suffixed key columns - {id1_10_0_}
          - JOIN (JoinDefinedByMetadata(appointment)) : <gen:0> -> <gen:1>
             - EntityQuerySpaceImpl(uid=<gen:1>, entity=edu.ncsu.csc.itrust2.models.persistent.AppointmentRequest)
                - SQL table alias mapping - appointmen1_
                - alias suffix - 1_
                - suffixed key columns - {id1_0_1_}
                - JOIN (JoinDefinedByMetadata(hcp)) : <gen:1> -> <gen:2>
                   - EntityQuerySpaceImpl(uid=<gen:2>, entity=edu.ncsu.csc.itrust2.models.persistent.User)
                      - SQL table alias mapping - user2_
                      - alias suffix - 2_
                      - suffixed key columns - {username1_15_2_}
                - JOIN (JoinDefinedByMetadata(patient)) : <gen:1> -> <gen:3>
                   - EntityQuerySpaceImpl(uid=<gen:3>, entity=edu.ncsu.csc.itrust2.models.persistent.User)
                      - SQL table alias mapping - user3_
                      - alias suffix - 3_
                      - suffixed key columns - {username1_15_3_}
          - JOIN (JoinDefinedByMetadata(basicHealthMetrics)) : <gen:0> -> <gen:4>
             - EntityQuerySpaceImpl(uid=<gen:4>, entity=edu.ncsu.csc.itrust2.models.persistent.BasicHealthMetrics)
                - SQL table alias mapping - basichealt4_
                - alias suffix - 4_
                - suffixed key columns - {id1_1_4_}
                - JOIN (JoinDefinedByMetadata(hcp)) : <gen:4> -> <gen:5>
                   - EntityQuerySpaceImpl(uid=<gen:5>, entity=edu.ncsu.csc.itrust2.models.persistent.User)
                      - SQL table alias mapping - user5_
                      - alias suffix - 5_
                      - suffixed key columns - {username1_15_5_}
                - JOIN (JoinDefinedByMetadata(patient)) : <gen:4> -> <gen:6>
                   - EntityQuerySpaceImpl(uid=<gen:6>, entity=edu.ncsu.csc.itrust2.models.persistent.User)
                      - SQL table alias mapping - user6_
                      - alias suffix - 6_
                      - suffixed key columns - {username1_15_6_}
          - JOIN (JoinDefinedByMetadata(hcp)) : <gen:0> -> <gen:7>
             - EntityQuerySpaceImpl(uid=<gen:7>, entity=edu.ncsu.csc.itrust2.models.persistent.User)
                - SQL table alias mapping - user7_
                - alias suffix - 7_
                - suffixed key columns - {username1_15_7_}
          - JOIN (JoinDefinedByMetadata(hospital)) : <gen:0> -> <gen:8>
             - EntityQuerySpaceImpl(uid=<gen:8>, entity=edu.ncsu.csc.itrust2.models.persistent.Hospital)
                - SQL table alias mapping - hospital8_
                - alias suffix - 8_
                - suffixed key columns - {name1_4_8_}
          - JOIN (JoinDefinedByMetadata(patient)) : <gen:0> -> <gen:9>
             - EntityQuerySpaceImpl(uid=<gen:9>, entity=edu.ncsu.csc.itrust2.models.persistent.User)
                - SQL table alias mapping - user9_
                - alias suffix - 9_
                - suffixed key columns - {username1_15_9_}
          - JOIN (JoinDefinedByMetadata(prescriptions)) : <gen:0> -> <gen:10>
             - CollectionQuerySpaceImpl(uid=<gen:10>, collection=edu.ncsu.csc.itrust2.models.persistent.OfficeVisit.prescriptions)
                - SQL table alias mapping - prescripti10_
                - alias suffix - 10_
                - suffixed key columns - {prescrip8_14_10_}
                - entity-element alias suffix - 11_
                - 11_entity-element suffixed key columns - id1_14_11_
                - JOIN (JoinDefinedByMetadata(elements)) : <gen:10> -> <gen:11>
                   - EntityQuerySpaceImpl(uid=<gen:11>, entity=edu.ncsu.csc.itrust2.models.persistent.Prescription)
                      - SQL table alias mapping - prescripti10_
                      - alias suffix - 11_
                      - suffixed key columns - {id1_14_11_}
                      - JOIN (JoinDefinedByMetadata(drug)) : <gen:11> -> <gen:12>
                         - EntityQuerySpaceImpl(uid=<gen:12>, entity=edu.ncsu.csc.itrust2.models.persistent.Drug)
                            - SQL table alias mapping - drug11_
                            - alias suffix - 12_
                            - suffixed key columns - {id1_3_12_}
                      - JOIN (JoinDefinedByMetadata(patient)) : <gen:11> -> <gen:13>
                         - EntityQuerySpaceImpl(uid=<gen:13>, entity=edu.ncsu.csc.itrust2.models.persistent.User)
                            - SQL table alias mapping - user12_
                            - alias suffix - 13_
                            - suffixed key columns - {username1_15_13_}

03:44:48.178 [main] DEBUG o.h.loader.entity.plan.EntityLoader - Static select for entity edu.ncsu.csc.itrust2.models.persistent.OfficeVisit [NONE]: select officevisi0_.id as id1_10_0_, officevisi0_.appointment_id as appointm5_10_0_, officevisi0_.basichealthmetrics_id as basichea6_10_0_, officevisi0_.date as date2_10_0_, officevisi0_.hcp_id as hcp_id7_10_0_, officevisi0_.hospital_id as hospital8_10_0_, officevisi0_.notes as notes3_10_0_, officevisi0_.patient_id as patient_9_10_0_, officevisi0_.type as type4_10_0_, appointmen1_.id as id1_0_1_, appointmen1_.comments as comments2_0_1_, appointmen1_.date as date3_0_1_, appointmen1_.hcp_id as hcp_id6_0_1_, appointmen1_.patient_id as patient_7_0_1_, appointmen1_.status as status4_0_1_, appointmen1_.type as type5_0_1_, user2_.username as username1_15_2_, user2_.enabled as enabled2_15_2_, user2_.password as password3_15_2_, user2_.role as role4_15_2_, user3_.username as username1_15_3_, user3_.enabled as enabled2_15_3_, user3_.password as password3_15_3_, user3_.role as role4_15_3_, basichealt4_.id as id1_1_4_, basichealt4_.diastolic as diastoli2_1_4_, basichealt4_.hcp_id as hcp_id12_1_4_, basichealt4_.hdl as hdl3_1_4_, basichealt4_.headCircumference as headCirc4_1_4_, basichealt4_.height as height5_1_4_, basichealt4_.houseSmokingStatus as houseSmo6_1_4_, basichealt4_.ldl as ldl7_1_4_, basichealt4_.patient_id as patient13_1_4_, basichealt4_.patientSmokingStatus as patientS8_1_4_, basichealt4_.systolic as systolic9_1_4_, basichealt4_.tri as tri10_1_4_, basichealt4_.weight as weight11_1_4_, user5_.username as username1_15_5_, user5_.enabled as enabled2_15_5_, user5_.password as password3_15_5_, user5_.role as role4_15_5_, user6_.username as username1_15_6_, user6_.enabled as enabled2_15_6_, user6_.password as password3_15_6_, user6_.role as role4_15_6_, user7_.username as username1_15_7_, user7_.enabled as enabled2_15_7_, user7_.password as password3_15_7_, user7_.role as role4_15_7_, hospital8_.name as name1_4_8_, hospital8_.address as address2_4_8_, hospital8_.state as state3_4_8_, hospital8_.zip as zip4_4_8_, user9_.username as username1_15_9_, user9_.enabled as enabled2_15_9_, user9_.password as password3_15_9_, user9_.role as role4_15_9_, prescripti10_.prescriptions_id as prescrip8_14_10_, prescripti10_.id as id1_14_10_, prescripti10_.id as id1_14_11_, prescripti10_.dosage as dosage2_14_11_, prescripti10_.drug_id as drug_id6_14_11_, prescripti10_.endDate as endDate3_14_11_, prescripti10_.patient_id as patient_7_14_11_, prescripti10_.renewals as renewals4_14_11_, prescripti10_.startDate as startDat5_14_11_, drug11_.id as id1_3_12_, drug11_.code as code2_3_12_, drug11_.description as descript3_3_12_, drug11_.name as name4_3_12_, user12_.username as username1_15_13_, user12_.enabled as enabled2_15_13_, user12_.password as password3_15_13_, user12_.role as role4_15_13_ from OfficeVisits officevisi0_ left outer join AppointmentRequests appointmen1_ on officevisi0_.appointment_id=appointmen1_.id left outer join Users user2_ on appointmen1_.hcp_id=user2_.username left outer join Users user3_ on appointmen1_.patient_id=user3_.username left outer join BasicHealthMetrics basichealt4_ on officevisi0_.basichealthmetrics_id=basichealt4_.id left outer join Users user5_ on basichealt4_.hcp_id=user5_.username left outer join Users user6_ on basichealt4_.patient_id=user6_.username inner join Users user7_ on officevisi0_.hcp_id=user7_.username inner join Hospitals hospital8_ on officevisi0_.hospital_id=hospital8_.name inner join Users user9_ on officevisi0_.patient_id=user9_.username left outer join Prescriptions prescripti10_ on officevisi0_.id=prescripti10_.prescriptions_id left outer join Drugs drug11_ on prescripti10_.drug_id=drug11_.id left outer join Users user12_ on prescripti10_.patient_id=user12_.username where officevisi0_.id=?
03:44:48.179 [main] DEBUG o.h.l.p.b.i.spaces.QuerySpacesImpl - Adding QuerySpace : uid = <gen:0> -> org.hibernate.loader.plan.build.internal.spaces.EntityQuerySpaceImpl@4e966f12]
03:44:48.179 [main] DEBUG o.h.p.w.spi.MetamodelGraphWalker - Visiting attribute path : appointment
03:44:48.180 [main] DEBUG o.h.l.p.b.i.spaces.QuerySpacesImpl - Adding QuerySpace : uid = <gen:1> -> org.hibernate.loader.plan.build.internal.spaces.EntityQuerySpaceImpl@4bca4cdf]
03:44:48.180 [main] DEBUG o.h.p.w.spi.MetamodelGraphWalker - Visiting attribute path : appointment.comments
03:44:48.180 [main] DEBUG o.h.p.w.spi.MetamodelGraphWalker - Visiting attribute path : appointment.date
03:44:48.180 [main] DEBUG o.h.p.w.spi.MetamodelGraphWalker - Visiting attribute path : appointment.hcp
03:44:48.180 [main] DEBUG o.h.l.p.b.i.spaces.QuerySpacesImpl - Adding QuerySpace : uid = <gen:2> -> org.hibernate.loader.plan.build.internal.spaces.EntityQuerySpaceImpl@5fa8351d]
03:44:48.180 [main] DEBUG o.h.p.w.spi.MetamodelGraphWalker - Visiting attribute path : appointment.hcp.enabled
03:44:48.180 [main] DEBUG o.h.p.w.spi.MetamodelGraphWalker - Visiting attribute path : appointment.hcp.password
03:44:48.180 [main] DEBUG o.h.p.w.spi.MetamodelGraphWalker - Visiting attribute path : appointment.hcp.role
03:44:48.180 [main] DEBUG o.h.p.w.spi.MetamodelGraphWalker - Visiting attribute path : appointment.patient
03:44:48.180 [main] DEBUG o.h.l.p.b.i.spaces.QuerySpacesImpl - Adding QuerySpace : uid = <gen:3> -> org.hibernate.loader.plan.build.internal.spaces.EntityQuerySpaceImpl@6f471910]
03:44:48.180 [main] DEBUG o.h.p.w.spi.MetamodelGraphWalker - Visiting attribute path : appointment.patient.enabled
03:44:48.180 [main] DEBUG o.h.p.w.spi.MetamodelGraphWalker - Visiting attribute path : appointment.patient.password
03:44:48.180 [main] DEBUG o.h.p.w.spi.MetamodelGraphWalker - Visiting attribute path : appointment.patient.role
03:44:48.180 [main] DEBUG o.h.p.w.spi.MetamodelGraphWalker - Visiting attribute path : appointment.status
03:44:48.180 [main] DEBUG o.h.p.w.spi.MetamodelGraphWalker - Visiting attribute path : appointment.type
03:44:48.181 [main] DEBUG o.h.p.w.spi.MetamodelGraphWalker - Visiting attribute path : basicHealthMetrics
03:44:48.181 [main] DEBUG o.h.l.p.b.i.spaces.QuerySpacesImpl - Adding QuerySpace : uid = <gen:4> -> org.hibernate.loader.plan.build.internal.spaces.EntityQuerySpaceImpl@a1cfd17]
03:44:48.181 [main] DEBUG o.h.p.w.spi.MetamodelGraphWalker - Visiting attribute path : basicHealthMetrics.diastolic
03:44:48.181 [main] DEBUG o.h.p.w.spi.MetamodelGraphWalker - Visiting attribute path : basicHealthMetrics.hcp
03:44:48.181 [main] DEBUG o.h.l.p.b.i.spaces.QuerySpacesImpl - Adding QuerySpace : uid = <gen:5> -> org.hibernate.loader.plan.build.internal.spaces.EntityQuerySpaceImpl@3bad5fd1]
03:44:48.181 [main] DEBUG o.h.p.w.spi.MetamodelGraphWalker - Visiting attribute path : basicHealthMetrics.hcp.enabled
03:44:48.181 [main] DEBUG o.h.p.w.spi.MetamodelGraphWalker - Visiting attribute path : basicHealthMetrics.hcp.password
03:44:48.181 [main] DEBUG o.h.p.w.spi.MetamodelGraphWalker - Visiting attribute path : basicHealthMetrics.hcp.role
03:44:48.181 [main] DEBUG o.h.p.w.spi.MetamodelGraphWalker - Visiting attribute path : basicHealthMetrics.hdl
03:44:48.181 [main] DEBUG o.h.p.w.spi.MetamodelGraphWalker - Visiting attribute path : basicHealthMetrics.headCircumference
03:44:48.181 [main] DEBUG o.h.p.w.spi.MetamodelGraphWalker - Visiting attribute path : basicHealthMetrics.height
03:44:48.181 [main] DEBUG o.h.p.w.spi.MetamodelGraphWalker - Visiting attribute path : basicHealthMetrics.houseSmokingStatus
03:44:48.181 [main] DEBUG o.h.p.w.spi.MetamodelGraphWalker - Visiting attribute path : basicHealthMetrics.ldl
03:44:48.181 [main] DEBUG o.h.p.w.spi.MetamodelGraphWalker - Visiting attribute path : basicHealthMetrics.patient
03:44:48.182 [main] DEBUG o.h.l.p.b.i.spaces.QuerySpacesImpl - Adding QuerySpace : uid = <gen:6> -> org.hibernate.loader.plan.build.internal.spaces.EntityQuerySpaceImpl@53a164ec]
03:44:48.182 [main] DEBUG o.h.p.w.spi.MetamodelGraphWalker - Visiting attribute path : basicHealthMetrics.patient.enabled
03:44:48.182 [main] DEBUG o.h.p.w.spi.MetamodelGraphWalker - Visiting attribute path : basicHealthMetrics.patient.password
03:44:48.182 [main] DEBUG o.h.p.w.spi.MetamodelGraphWalker - Visiting attribute path : basicHealthMetrics.patient.role
03:44:48.182 [main] DEBUG o.h.p.w.spi.MetamodelGraphWalker - Visiting attribute path : basicHealthMetrics.patientSmokingStatus
03:44:48.182 [main] DEBUG o.h.p.w.spi.MetamodelGraphWalker - Visiting attribute path : basicHealthMetrics.systolic
03:44:48.182 [main] DEBUG o.h.p.w.spi.MetamodelGraphWalker - Visiting attribute path : basicHealthMetrics.tri
03:44:48.182 [main] DEBUG o.h.p.w.spi.MetamodelGraphWalker - Visiting attribute path : basicHealthMetrics.weight
03:44:48.182 [main] DEBUG o.h.p.w.spi.MetamodelGraphWalker - Visiting attribute path : date
03:44:48.182 [main] DEBUG o.h.p.w.spi.MetamodelGraphWalker - Visiting attribute path : hcp
03:44:48.183 [main] DEBUG o.h.l.p.b.i.spaces.QuerySpacesImpl - Adding QuerySpace : uid = <gen:7> -> org.hibernate.loader.plan.build.internal.spaces.EntityQuerySpaceImpl@44b6df0a]
03:44:48.184 [main] DEBUG o.h.p.w.spi.MetamodelGraphWalker - Visiting attribute path : hcp.enabled
03:44:48.184 [main] DEBUG o.h.p.w.spi.MetamodelGraphWalker - Visiting attribute path : hcp.password
03:44:48.184 [main] DEBUG o.h.p.w.spi.MetamodelGraphWalker - Visiting attribute path : hcp.role
03:44:48.184 [main] DEBUG o.h.p.w.spi.MetamodelGraphWalker - Visiting attribute path : hospital
03:44:48.184 [main] DEBUG o.h.l.p.b.i.spaces.QuerySpacesImpl - Adding QuerySpace : uid = <gen:8> -> org.hibernate.loader.plan.build.internal.spaces.EntityQuerySpaceImpl@64bb731b]
03:44:48.184 [main] DEBUG o.h.p.w.spi.MetamodelGraphWalker - Visiting attribute path : hospital.address
03:44:48.184 [main] DEBUG o.h.p.w.spi.MetamodelGraphWalker - Visiting attribute path : hospital.state
03:44:48.184 [main] DEBUG o.h.p.w.spi.MetamodelGraphWalker - Visiting attribute path : hospital.zip
03:44:48.184 [main] DEBUG o.h.p.w.spi.MetamodelGraphWalker - Visiting attribute path : notes
03:44:48.184 [main] DEBUG o.h.p.w.spi.MetamodelGraphWalker - Visiting attribute path : patient
03:44:48.184 [main] DEBUG o.h.l.p.b.i.spaces.QuerySpacesImpl - Adding QuerySpace : uid = <gen:9> -> org.hibernate.loader.plan.build.internal.spaces.EntityQuerySpaceImpl@21c954d4]
03:44:48.184 [main] DEBUG o.h.p.w.spi.MetamodelGraphWalker - Visiting attribute path : patient.enabled
03:44:48.184 [main] DEBUG o.h.p.w.spi.MetamodelGraphWalker - Visiting attribute path : patient.password
03:44:48.184 [main] DEBUG o.h.p.w.spi.MetamodelGraphWalker - Visiting attribute path : patient.role
03:44:48.184 [main] DEBUG o.h.p.w.spi.MetamodelGraphWalker - Visiting attribute path : prescriptions
03:44:48.185 [main] DEBUG o.h.l.p.b.i.spaces.QuerySpacesImpl - Adding QuerySpace : uid = <gen:10> -> org.hibernate.loader.plan.build.internal.spaces.CollectionQuerySpaceImpl@d10867d]
03:44:48.185 [main] DEBUG o.h.l.p.b.i.spaces.QuerySpacesImpl - Adding QuerySpace : uid = <gen:11> -> org.hibernate.loader.plan.build.internal.spaces.EntityQuerySpaceImpl@72e37c17]
03:44:48.185 [main] DEBUG o.h.p.w.spi.MetamodelGraphWalker - Visiting attribute path : prescriptions.dosage
03:44:48.185 [main] DEBUG o.h.p.w.spi.MetamodelGraphWalker - Visiting attribute path : prescriptions.drug
03:44:48.185 [main] DEBUG o.h.l.p.b.i.spaces.QuerySpacesImpl - Adding QuerySpace : uid = <gen:12> -> org.hibernate.loader.plan.build.internal.spaces.EntityQuerySpaceImpl@42d70ecf]
03:44:48.188 [main] DEBUG o.h.p.w.spi.MetamodelGraphWalker - Visiting attribute path : prescriptions.drug.code
03:44:48.188 [main] DEBUG o.h.p.w.spi.MetamodelGraphWalker - Visiting attribute path : prescriptions.drug.description
03:44:48.188 [main] DEBUG o.h.p.w.spi.MetamodelGraphWalker - Visiting attribute path : prescriptions.drug.name
03:44:48.188 [main] DEBUG o.h.p.w.spi.MetamodelGraphWalker - Visiting attribute path : prescriptions.endDate
03:44:48.188 [main] DEBUG o.h.p.w.spi.MetamodelGraphWalker - Visiting attribute path : prescriptions.patient
03:44:48.188 [main] DEBUG o.h.l.p.b.i.spaces.QuerySpacesImpl - Adding QuerySpace : uid = <gen:13> -> org.hibernate.loader.plan.build.internal.spaces.EntityQuerySpaceImpl@d37d9eb]
03:44:48.188 [main] DEBUG o.h.p.w.spi.MetamodelGraphWalker - Visiting attribute path : prescriptions.patient.enabled
03:44:48.188 [main] DEBUG o.h.p.w.spi.MetamodelGraphWalker - Visiting attribute path : prescriptions.patient.password
03:44:48.188 [main] DEBUG o.h.p.w.spi.MetamodelGraphWalker - Visiting attribute path : prescriptions.patient.role
03:44:48.188 [main] DEBUG o.h.p.w.spi.MetamodelGraphWalker - Visiting attribute path : prescriptions.renewals
03:44:48.188 [main] DEBUG o.h.p.w.spi.MetamodelGraphWalker - Visiting attribute path : prescriptions.startDate
03:44:48.190 [main] DEBUG o.h.p.w.spi.MetamodelGraphWalker - Visiting attribute path : type
03:44:48.194 [main] DEBUG o.h.l.p.b.i.FetchStyleLoadPlanBuildingAssociationVisitationStrategy - Building LoadPlan...
03:44:48.199 [main] DEBUG o.h.l.p.e.i.LoadQueryJoinAndFetchProcessor - processing queryspace <gen:0>
03:44:48.201 [main] DEBUG o.h.l.p.b.spi.LoadPlanTreePrinter - LoadPlan(entity=edu.ncsu.csc.itrust2.models.persistent.OfficeVisit)
    - Returns
       - EntityReturnImpl(entity=edu.ncsu.csc.itrust2.models.persistent.OfficeVisit, querySpaceUid=<gen:0>, path=edu.ncsu.csc.itrust2.models.persistent.OfficeVisit)
          - EntityAttributeFetchImpl(entity=edu.ncsu.csc.itrust2.models.persistent.AppointmentRequest, querySpaceUid=<gen:1>, path=edu.ncsu.csc.itrust2.models.persistent.OfficeVisit.appointment)
             - EntityAttributeFetchImpl(entity=edu.ncsu.csc.itrust2.models.persistent.User, querySpaceUid=<gen:2>, path=edu.ncsu.csc.itrust2.models.persistent.OfficeVisit.appointment.hcp)
             - EntityAttributeFetchImpl(entity=edu.ncsu.csc.itrust2.models.persistent.User, querySpaceUid=<gen:3>, path=edu.ncsu.csc.itrust2.models.persistent.OfficeVisit.appointment.patient)
          - EntityAttributeFetchImpl(entity=edu.ncsu.csc.itrust2.models.persistent.BasicHealthMetrics, querySpaceUid=<gen:4>, path=edu.ncsu.csc.itrust2.models.persistent.OfficeVisit.basicHealthMetrics)
             - EntityAttributeFetchImpl(entity=edu.ncsu.csc.itrust2.models.persistent.User, querySpaceUid=<gen:5>, path=edu.ncsu.csc.itrust2.models.persistent.OfficeVisit.basicHealthMetrics.hcp)
             - EntityAttributeFetchImpl(entity=edu.ncsu.csc.itrust2.models.persistent.User, querySpaceUid=<gen:6>, path=edu.ncsu.csc.itrust2.models.persistent.OfficeVisit.basicHealthMetrics.patient)
          - EntityAttributeFetchImpl(entity=edu.ncsu.csc.itrust2.models.persistent.User, querySpaceUid=<gen:7>, path=edu.ncsu.csc.itrust2.models.persistent.OfficeVisit.hcp)
          - EntityAttributeFetchImpl(entity=edu.ncsu.csc.itrust2.models.persistent.Hospital, querySpaceUid=<gen:8>, path=edu.ncsu.csc.itrust2.models.persistent.OfficeVisit.hospital)
          - EntityAttributeFetchImpl(entity=edu.ncsu.csc.itrust2.models.persistent.User, querySpaceUid=<gen:9>, path=edu.ncsu.csc.itrust2.models.persistent.OfficeVisit.patient)
          - CollectionAttributeFetchImpl(collection=edu.ncsu.csc.itrust2.models.persistent.OfficeVisit.prescriptions, querySpaceUid=<gen:10>, path=edu.ncsu.csc.itrust2.models.persistent.OfficeVisit.prescriptions)
             - (collection element) CollectionFetchableElementEntityGraph(entity=edu.ncsu.csc.itrust2.models.persistent.Prescription, querySpaceUid=<gen:11>, path=edu.ncsu.csc.itrust2.models.persistent.OfficeVisit.prescriptions.<elements>)
                - EntityAttributeFetchImpl(entity=edu.ncsu.csc.itrust2.models.persistent.Drug, querySpaceUid=<gen:12>, path=edu.ncsu.csc.itrust2.models.persistent.OfficeVisit.prescriptions.<elements>.drug)
                - EntityAttributeFetchImpl(entity=edu.ncsu.csc.itrust2.models.persistent.User, querySpaceUid=<gen:13>, path=edu.ncsu.csc.itrust2.models.persistent.OfficeVisit.prescriptions.<elements>.patient)
    - QuerySpaces
       - EntityQuerySpaceImpl(uid=<gen:0>, entity=edu.ncsu.csc.itrust2.models.persistent.OfficeVisit)
          - SQL table alias mapping - officevisi0_
          - alias suffix - 0_
          - suffixed key columns - {id1_10_0_}
          - JOIN (JoinDefinedByMetadata(appointment)) : <gen:0> -> <gen:1>
             - EntityQuerySpaceImpl(uid=<gen:1>, entity=edu.ncsu.csc.itrust2.models.persistent.AppointmentRequest)
                - SQL table alias mapping - appointmen1_
                - alias suffix - 1_
                - suffixed key columns - {id1_0_1_}
                - JOIN (JoinDefinedByMetadata(hcp)) : <gen:1> -> <gen:2>
                   - EntityQuerySpaceImpl(uid=<gen:2>, entity=edu.ncsu.csc.itrust2.models.persistent.User)
                      - SQL table alias mapping - user2_
                      - alias suffix - 2_
                      - suffixed key columns - {username1_15_2_}
                - JOIN (JoinDefinedByMetadata(patient)) : <gen:1> -> <gen:3>
                   - EntityQuerySpaceImpl(uid=<gen:3>, entity=edu.ncsu.csc.itrust2.models.persistent.User)
                      - SQL table alias mapping - user3_
                      - alias suffix - 3_
                      - suffixed key columns - {username1_15_3_}
          - JOIN (JoinDefinedByMetadata(basicHealthMetrics)) : <gen:0> -> <gen:4>
             - EntityQuerySpaceImpl(uid=<gen:4>, entity=edu.ncsu.csc.itrust2.models.persistent.BasicHealthMetrics)
                - SQL table alias mapping - basichealt4_
                - alias suffix - 4_
                - suffixed key columns - {id1_1_4_}
                - JOIN (JoinDefinedByMetadata(hcp)) : <gen:4> -> <gen:5>
                   - EntityQuerySpaceImpl(uid=<gen:5>, entity=edu.ncsu.csc.itrust2.models.persistent.User)
                      - SQL table alias mapping - user5_
                      - alias suffix - 5_
                      - suffixed key columns - {username1_15_5_}
                - JOIN (JoinDefinedByMetadata(patient)) : <gen:4> -> <gen:6>
                   - EntityQuerySpaceImpl(uid=<gen:6>, entity=edu.ncsu.csc.itrust2.models.persistent.User)
                      - SQL table alias mapping - user6_
                      - alias suffix - 6_
                      - suffixed key columns - {username1_15_6_}
          - JOIN (JoinDefinedByMetadata(hcp)) : <gen:0> -> <gen:7>
             - EntityQuerySpaceImpl(uid=<gen:7>, entity=edu.ncsu.csc.itrust2.models.persistent.User)
                - SQL table alias mapping - user7_
                - alias suffix - 7_
                - suffixed key columns - {username1_15_7_}
          - JOIN (JoinDefinedByMetadata(hospital)) : <gen:0> -> <gen:8>
             - EntityQuerySpaceImpl(uid=<gen:8>, entity=edu.ncsu.csc.itrust2.models.persistent.Hospital)
                - SQL table alias mapping - hospital8_
                - alias suffix - 8_
                - suffixed key columns - {name1_4_8_}
          - JOIN (JoinDefinedByMetadata(patient)) : <gen:0> -> <gen:9>
             - EntityQuerySpaceImpl(uid=<gen:9>, entity=edu.ncsu.csc.itrust2.models.persistent.User)
                - SQL table alias mapping - user9_
                - alias suffix - 9_
                - suffixed key columns - {username1_15_9_}
          - JOIN (JoinDefinedByMetadata(prescriptions)) : <gen:0> -> <gen:10>
             - CollectionQuerySpaceImpl(uid=<gen:10>, collection=edu.ncsu.csc.itrust2.models.persistent.OfficeVisit.prescriptions)
                - SQL table alias mapping - prescripti10_
                - alias suffix - 10_
                - suffixed key columns - {prescrip8_14_10_}
                - entity-element alias suffix - 11_
                - 11_entity-element suffixed key columns - id1_14_11_
                - JOIN (JoinDefinedByMetadata(elements)) : <gen:10> -> <gen:11>
                   - EntityQuerySpaceImpl(uid=<gen:11>, entity=edu.ncsu.csc.itrust2.models.persistent.Prescription)
                      - SQL table alias mapping - prescripti10_
                      - alias suffix - 11_
                      - suffixed key columns - {id1_14_11_}
                      - JOIN (JoinDefinedByMetadata(drug)) : <gen:11> -> <gen:12>
                         - EntityQuerySpaceImpl(uid=<gen:12>, entity=edu.ncsu.csc.itrust2.models.persistent.Drug)
                            - SQL table alias mapping - drug11_
                            - alias suffix - 12_
                            - suffixed key columns - {id1_3_12_}
                      - JOIN (JoinDefinedByMetadata(patient)) : <gen:11> -> <gen:13>
                         - EntityQuerySpaceImpl(uid=<gen:13>, entity=edu.ncsu.csc.itrust2.models.persistent.User)
                            - SQL table alias mapping - user12_
                            - alias suffix - 13_
                            - suffixed key columns - {username1_15_13_}

03:44:48.201 [main] DEBUG o.h.loader.entity.plan.EntityLoader - Static select for entity edu.ncsu.csc.itrust2.models.persistent.OfficeVisit [READ]: select officevisi0_.id as id1_10_0_, officevisi0_.appointment_id as appointm5_10_0_, officevisi0_.basichealthmetrics_id as basichea6_10_0_, officevisi0_.date as date2_10_0_, officevisi0_.hcp_id as hcp_id7_10_0_, officevisi0_.hospital_id as hospital8_10_0_, officevisi0_.notes as notes3_10_0_, officevisi0_.patient_id as patient_9_10_0_, officevisi0_.type as type4_10_0_, appointmen1_.id as id1_0_1_, appointmen1_.comments as comments2_0_1_, appointmen1_.date as date3_0_1_, appointmen1_.hcp_id as hcp_id6_0_1_, appointmen1_.patient_id as patient_7_0_1_, appointmen1_.status as status4_0_1_, appointmen1_.type as type5_0_1_, user2_.username as username1_15_2_, user2_.enabled as enabled2_15_2_, user2_.password as password3_15_2_, user2_.role as role4_15_2_, user3_.username as username1_15_3_, user3_.enabled as enabled2_15_3_, user3_.password as password3_15_3_, user3_.role as role4_15_3_, basichealt4_.id as id1_1_4_, basichealt4_.diastolic as diastoli2_1_4_, basichealt4_.hcp_id as hcp_id12_1_4_, basichealt4_.hdl as hdl3_1_4_, basichealt4_.headCircumference as headCirc4_1_4_, basichealt4_.height as height5_1_4_, basichealt4_.houseSmokingStatus as houseSmo6_1_4_, basichealt4_.ldl as ldl7_1_4_, basichealt4_.patient_id as patient13_1_4_, basichealt4_.patientSmokingStatus as patientS8_1_4_, basichealt4_.systolic as systolic9_1_4_, basichealt4_.tri as tri10_1_4_, basichealt4_.weight as weight11_1_4_, user5_.username as username1_15_5_, user5_.enabled as enabled2_15_5_, user5_.password as password3_15_5_, user5_.role as role4_15_5_, user6_.username as username1_15_6_, user6_.enabled as enabled2_15_6_, user6_.password as password3_15_6_, user6_.role as role4_15_6_, user7_.username as username1_15_7_, user7_.enabled as enabled2_15_7_, user7_.password as password3_15_7_, user7_.role as role4_15_7_, hospital8_.name as name1_4_8_, hospital8_.address as address2_4_8_, hospital8_.state as state3_4_8_, hospital8_.zip as zip4_4_8_, user9_.username as username1_15_9_, user9_.enabled as enabled2_15_9_, user9_.password as password3_15_9_, user9_.role as role4_15_9_, prescripti10_.prescriptions_id as prescrip8_14_10_, prescripti10_.id as id1_14_10_, prescripti10_.id as id1_14_11_, prescripti10_.dosage as dosage2_14_11_, prescripti10_.drug_id as drug_id6_14_11_, prescripti10_.endDate as endDate3_14_11_, prescripti10_.patient_id as patient_7_14_11_, prescripti10_.renewals as renewals4_14_11_, prescripti10_.startDate as startDat5_14_11_, drug11_.id as id1_3_12_, drug11_.code as code2_3_12_, drug11_.description as descript3_3_12_, drug11_.name as name4_3_12_, user12_.username as username1_15_13_, user12_.enabled as enabled2_15_13_, user12_.password as password3_15_13_, user12_.role as role4_15_13_ from OfficeVisits officevisi0_ left outer join AppointmentRequests appointmen1_ on officevisi0_.appointment_id=appointmen1_.id left outer join Users user2_ on appointmen1_.hcp_id=user2_.username left outer join Users user3_ on appointmen1_.patient_id=user3_.username left outer join BasicHealthMetrics basichealt4_ on officevisi0_.basichealthmetrics_id=basichealt4_.id left outer join Users user5_ on basichealt4_.hcp_id=user5_.username left outer join Users user6_ on basichealt4_.patient_id=user6_.username inner join Users user7_ on officevisi0_.hcp_id=user7_.username inner join Hospitals hospital8_ on officevisi0_.hospital_id=hospital8_.name inner join Users user9_ on officevisi0_.patient_id=user9_.username left outer join Prescriptions prescripti10_ on officevisi0_.id=prescripti10_.prescriptions_id left outer join Drugs drug11_ on prescripti10_.drug_id=drug11_.id left outer join Users user12_ on prescripti10_.patient_id=user12_.username where officevisi0_.id=?
03:44:48.201 [main] DEBUG o.h.l.p.b.i.spaces.QuerySpacesImpl - Adding QuerySpace : uid = <gen:0> -> org.hibernate.loader.plan.build.internal.spaces.EntityQuerySpaceImpl@56e56092]
03:44:48.202 [main] DEBUG o.h.p.w.spi.MetamodelGraphWalker - Visiting attribute path : appointment
03:44:48.202 [main] DEBUG o.h.l.p.b.i.spaces.QuerySpacesImpl - Adding QuerySpace : uid = <gen:1> -> org.hibernate.loader.plan.build.internal.spaces.EntityQuerySpaceImpl@205cc7f1]
03:44:48.202 [main] DEBUG o.h.p.w.spi.MetamodelGraphWalker - Visiting attribute path : basicHealthMetrics
03:44:48.202 [main] DEBUG o.h.l.p.b.i.spaces.QuerySpacesImpl - Adding QuerySpace : uid = <gen:2> -> org.hibernate.loader.plan.build.internal.spaces.EntityQuerySpaceImpl@792e3a94]
03:44:48.202 [main] DEBUG o.h.p.w.spi.MetamodelGraphWalker - Visiting attribute path : date
03:44:48.202 [main] DEBUG o.h.p.w.spi.MetamodelGraphWalker - Visiting attribute path : hcp
03:44:48.202 [main] DEBUG o.h.l.p.b.i.spaces.QuerySpacesImpl - Adding QuerySpace : uid = <gen:3> -> org.hibernate.loader.plan.build.internal.spaces.EntityQuerySpaceImpl@43234d3]
03:44:48.202 [main] DEBUG o.h.p.w.spi.MetamodelGraphWalker - Visiting attribute path : hospital
03:44:48.203 [main] DEBUG o.h.l.p.b.i.spaces.QuerySpacesImpl - Adding QuerySpace : uid = <gen:4> -> org.hibernate.loader.plan.build.internal.spaces.EntityQuerySpaceImpl@2aec2058]
03:44:48.203 [main] DEBUG o.h.p.w.spi.MetamodelGraphWalker - Visiting attribute path : notes
03:44:48.203 [main] DEBUG o.h.p.w.spi.MetamodelGraphWalker - Visiting attribute path : patient
03:44:48.203 [main] DEBUG o.h.l.p.b.i.spaces.QuerySpacesImpl - Adding QuerySpace : uid = <gen:5> -> org.hibernate.loader.plan.build.internal.spaces.EntityQuerySpaceImpl@6cc909bb]
03:44:48.203 [main] DEBUG o.h.p.w.spi.MetamodelGraphWalker - Visiting attribute path : prescriptions
03:44:48.203 [main] DEBUG o.h.l.p.b.i.spaces.QuerySpacesImpl - Adding QuerySpace : uid = <gen:6> -> org.hibernate.loader.plan.build.internal.spaces.CollectionQuerySpaceImpl@64bb642c]
03:44:48.203 [main] DEBUG o.h.l.p.b.i.spaces.QuerySpacesImpl - Adding QuerySpace : uid = <gen:7> -> org.hibernate.loader.plan.build.internal.spaces.EntityQuerySpaceImpl@71ba40c4]
03:44:48.204 [main] DEBUG o.h.p.w.spi.MetamodelGraphWalker - Visiting attribute path : type
03:44:48.204 [main] DEBUG o.h.l.p.b.i.FetchStyleLoadPlanBuildingAssociationVisitationStrategy - Building LoadPlan...
03:44:48.204 [main] DEBUG o.h.l.p.e.i.LoadQueryJoinAndFetchProcessor - processing queryspace <gen:0>
03:44:48.204 [main] DEBUG o.h.l.p.b.spi.LoadPlanTreePrinter - LoadPlan(entity=edu.ncsu.csc.itrust2.models.persistent.OfficeVisit)
    - Returns
       - EntityReturnImpl(entity=edu.ncsu.csc.itrust2.models.persistent.OfficeVisit, querySpaceUid=<gen:0>, path=edu.ncsu.csc.itrust2.models.persistent.OfficeVisit)
          - EntityAttributeFetchImpl(entity=edu.ncsu.csc.itrust2.models.persistent.AppointmentRequest, querySpaceUid=<gen:1>, path=edu.ncsu.csc.itrust2.models.persistent.OfficeVisit.appointment)
          - EntityAttributeFetchImpl(entity=edu.ncsu.csc.itrust2.models.persistent.BasicHealthMetrics, querySpaceUid=<gen:2>, path=edu.ncsu.csc.itrust2.models.persistent.OfficeVisit.basicHealthMetrics)
          - EntityAttributeFetchImpl(entity=edu.ncsu.csc.itrust2.models.persistent.User, querySpaceUid=<gen:3>, path=edu.ncsu.csc.itrust2.models.persistent.OfficeVisit.hcp)
          - EntityAttributeFetchImpl(entity=edu.ncsu.csc.itrust2.models.persistent.Hospital, querySpaceUid=<gen:4>, path=edu.ncsu.csc.itrust2.models.persistent.OfficeVisit.hospital)
          - EntityAttributeFetchImpl(entity=edu.ncsu.csc.itrust2.models.persistent.User, querySpaceUid=<gen:5>, path=edu.ncsu.csc.itrust2.models.persistent.OfficeVisit.patient)
          - CollectionAttributeFetchImpl(collection=edu.ncsu.csc.itrust2.models.persistent.OfficeVisit.prescriptions, querySpaceUid=<gen:6>, path=edu.ncsu.csc.itrust2.models.persistent.OfficeVisit.prescriptions)
             - (collection element) CollectionFetchableElementEntityGraph(entity=edu.ncsu.csc.itrust2.models.persistent.Prescription, querySpaceUid=<gen:7>, path=edu.ncsu.csc.itrust2.models.persistent.OfficeVisit.prescriptions.<elements>)
    - QuerySpaces
       - EntityQuerySpaceImpl(uid=<gen:0>, entity=edu.ncsu.csc.itrust2.models.persistent.OfficeVisit)
          - SQL table alias mapping - officevisi0_
          - alias suffix - 0_
          - suffixed key columns - {id1_10_0_}

03:44:48.205 [main] DEBUG o.h.loader.entity.plan.EntityLoader - Static select for entity edu.ncsu.csc.itrust2.models.persistent.OfficeVisit [UPGRADE]: select officevisi0_.id as id1_10_0_, officevisi0_.appointment_id as appointm5_10_0_, officevisi0_.basichealthmetrics_id as basichea6_10_0_, officevisi0_.date as date2_10_0_, officevisi0_.hcp_id as hcp_id7_10_0_, officevisi0_.hospital_id as hospital8_10_0_, officevisi0_.notes as notes3_10_0_, officevisi0_.patient_id as patient_9_10_0_, officevisi0_.type as type4_10_0_ from OfficeVisits officevisi0_ where officevisi0_.id=? for update
03:44:48.205 [main] DEBUG o.h.l.p.b.i.spaces.QuerySpacesImpl - Adding QuerySpace : uid = <gen:0> -> org.hibernate.loader.plan.build.internal.spaces.EntityQuerySpaceImpl@3a1f404b]
03:44:48.205 [main] DEBUG o.h.p.w.spi.MetamodelGraphWalker - Visiting attribute path : appointment
03:44:48.205 [main] DEBUG o.h.l.p.b.i.spaces.QuerySpacesImpl - Adding QuerySpace : uid = <gen:1> -> org.hibernate.loader.plan.build.internal.spaces.EntityQuerySpaceImpl@211a8f9d]
03:44:48.205 [main] DEBUG o.h.p.w.spi.MetamodelGraphWalker - Visiting attribute path : basicHealthMetrics
03:44:48.205 [main] DEBUG o.h.l.p.b.i.spaces.QuerySpacesImpl - Adding QuerySpace : uid = <gen:2> -> org.hibernate.loader.plan.build.internal.spaces.EntityQuerySpaceImpl@205571a]
03:44:48.205 [main] DEBUG o.h.p.w.spi.MetamodelGraphWalker - Visiting attribute path : date
03:44:48.206 [main] DEBUG o.h.p.w.spi.MetamodelGraphWalker - Visiting attribute path : hcp
03:44:48.206 [main] DEBUG o.h.l.p.b.i.spaces.QuerySpacesImpl - Adding QuerySpace : uid = <gen:3> -> org.hibernate.loader.plan.build.internal.spaces.EntityQuerySpaceImpl@42d84209]
03:44:48.206 [main] DEBUG o.h.p.w.spi.MetamodelGraphWalker - Visiting attribute path : hospital
03:44:48.206 [main] DEBUG o.h.l.p.b.i.spaces.QuerySpacesImpl - Adding QuerySpace : uid = <gen:4> -> org.hibernate.loader.plan.build.internal.spaces.EntityQuerySpaceImpl@24126432]
03:44:48.206 [main] DEBUG o.h.p.w.spi.MetamodelGraphWalker - Visiting attribute path : notes
03:44:48.206 [main] DEBUG o.h.p.w.spi.MetamodelGraphWalker - Visiting attribute path : patient
03:44:48.206 [main] DEBUG o.h.l.p.b.i.spaces.QuerySpacesImpl - Adding QuerySpace : uid = <gen:5> -> org.hibernate.loader.plan.build.internal.spaces.EntityQuerySpaceImpl@5181714a]
03:44:48.206 [main] DEBUG o.h.p.w.spi.MetamodelGraphWalker - Visiting attribute path : prescriptions
03:44:48.207 [main] DEBUG o.h.l.p.b.i.spaces.QuerySpacesImpl - Adding QuerySpace : uid = <gen:6> -> org.hibernate.loader.plan.build.internal.spaces.CollectionQuerySpaceImpl@799441e7]
03:44:48.207 [main] DEBUG o.h.l.p.b.i.spaces.QuerySpacesImpl - Adding QuerySpace : uid = <gen:7> -> org.hibernate.loader.plan.build.internal.spaces.EntityQuerySpaceImpl@79dc9cd6]
03:44:48.207 [main] DEBUG o.h.p.w.spi.MetamodelGraphWalker - Visiting attribute path : type
03:44:48.207 [main] DEBUG o.h.l.p.b.i.FetchStyleLoadPlanBuildingAssociationVisitationStrategy - Building LoadPlan...
03:44:48.207 [main] DEBUG o.h.l.p.e.i.LoadQueryJoinAndFetchProcessor - processing queryspace <gen:0>
03:44:48.208 [main] DEBUG o.h.l.p.b.spi.LoadPlanTreePrinter - LoadPlan(entity=edu.ncsu.csc.itrust2.models.persistent.OfficeVisit)
    - Returns
       - EntityReturnImpl(entity=edu.ncsu.csc.itrust2.models.persistent.OfficeVisit, querySpaceUid=<gen:0>, path=edu.ncsu.csc.itrust2.models.persistent.OfficeVisit)
          - EntityAttributeFetchImpl(entity=edu.ncsu.csc.itrust2.models.persistent.AppointmentRequest, querySpaceUid=<gen:1>, path=edu.ncsu.csc.itrust2.models.persistent.OfficeVisit.appointment)
          - EntityAttributeFetchImpl(entity=edu.ncsu.csc.itrust2.models.persistent.BasicHealthMetrics, querySpaceUid=<gen:2>, path=edu.ncsu.csc.itrust2.models.persistent.OfficeVisit.basicHealthMetrics)
          - EntityAttributeFetchImpl(entity=edu.ncsu.csc.itrust2.models.persistent.User, querySpaceUid=<gen:3>, path=edu.ncsu.csc.itrust2.models.persistent.OfficeVisit.hcp)
          - EntityAttributeFetchImpl(entity=edu.ncsu.csc.itrust2.models.persistent.Hospital, querySpaceUid=<gen:4>, path=edu.ncsu.csc.itrust2.models.persistent.OfficeVisit.hospital)
          - EntityAttributeFetchImpl(entity=edu.ncsu.csc.itrust2.models.persistent.User, querySpaceUid=<gen:5>, path=edu.ncsu.csc.itrust2.models.persistent.OfficeVisit.patient)
          - CollectionAttributeFetchImpl(collection=edu.ncsu.csc.itrust2.models.persistent.OfficeVisit.prescriptions, querySpaceUid=<gen:6>, path=edu.ncsu.csc.itrust2.models.persistent.OfficeVisit.prescriptions)
             - (collection element) CollectionFetchableElementEntityGraph(entity=edu.ncsu.csc.itrust2.models.persistent.Prescription, querySpaceUid=<gen:7>, path=edu.ncsu.csc.itrust2.models.persistent.OfficeVisit.prescriptions.<elements>)
    - QuerySpaces
       - EntityQuerySpaceImpl(uid=<gen:0>, entity=edu.ncsu.csc.itrust2.models.persistent.OfficeVisit)
          - SQL table alias mapping - officevisi0_
          - alias suffix - 0_
          - suffixed key columns - {id1_10_0_}

03:44:48.208 [main] DEBUG o.h.loader.entity.plan.EntityLoader - Static select for entity edu.ncsu.csc.itrust2.models.persistent.OfficeVisit [UPGRADE_NOWAIT]: select officevisi0_.id as id1_10_0_, officevisi0_.appointment_id as appointm5_10_0_, officevisi0_.basichealthmetrics_id as basichea6_10_0_, officevisi0_.date as date2_10_0_, officevisi0_.hcp_id as hcp_id7_10_0_, officevisi0_.hospital_id as hospital8_10_0_, officevisi0_.notes as notes3_10_0_, officevisi0_.patient_id as patient_9_10_0_, officevisi0_.type as type4_10_0_ from OfficeVisits officevisi0_ where officevisi0_.id=? for update
03:44:48.208 [main] DEBUG o.h.l.p.b.i.spaces.QuerySpacesImpl - Adding QuerySpace : uid = <gen:0> -> org.hibernate.loader.plan.build.internal.spaces.EntityQuerySpaceImpl@4ed8542b]
03:44:48.208 [main] DEBUG o.h.p.w.spi.MetamodelGraphWalker - Visiting attribute path : appointment
03:44:48.208 [main] DEBUG o.h.l.p.b.i.spaces.QuerySpacesImpl - Adding QuerySpace : uid = <gen:1> -> org.hibernate.loader.plan.build.internal.spaces.EntityQuerySpaceImpl@4f499794]
03:44:48.209 [main] DEBUG o.h.p.w.spi.MetamodelGraphWalker - Visiting attribute path : basicHealthMetrics
03:44:48.209 [main] DEBUG o.h.l.p.b.i.spaces.QuerySpacesImpl - Adding QuerySpace : uid = <gen:2> -> org.hibernate.loader.plan.build.internal.spaces.EntityQuerySpaceImpl@52ee8887]
03:44:48.209 [main] DEBUG o.h.p.w.spi.MetamodelGraphWalker - Visiting attribute path : date
03:44:48.209 [main] DEBUG o.h.p.w.spi.MetamodelGraphWalker - Visiting attribute path : hcp
03:44:48.209 [main] DEBUG o.h.l.p.b.i.spaces.QuerySpacesImpl - Adding QuerySpace : uid = <gen:3> -> org.hibernate.loader.plan.build.internal.spaces.EntityQuerySpaceImpl@5e1be7fd]
03:44:48.209 [main] DEBUG o.h.p.w.spi.MetamodelGraphWalker - Visiting attribute path : hospital
03:44:48.210 [main] DEBUG o.h.l.p.b.i.spaces.QuerySpacesImpl - Adding QuerySpace : uid = <gen:4> -> org.hibernate.loader.plan.build.internal.spaces.EntityQuerySpaceImpl@171760a]
03:44:48.210 [main] DEBUG o.h.p.w.spi.MetamodelGraphWalker - Visiting attribute path : notes
03:44:48.210 [main] DEBUG o.h.p.w.spi.MetamodelGraphWalker - Visiting attribute path : patient
03:44:48.212 [main] DEBUG o.h.l.p.b.i.spaces.QuerySpacesImpl - Adding QuerySpace : uid = <gen:5> -> org.hibernate.loader.plan.build.internal.spaces.EntityQuerySpaceImpl@287b487]
03:44:48.212 [main] DEBUG o.h.p.w.spi.MetamodelGraphWalker - Visiting attribute path : prescriptions
03:44:48.212 [main] DEBUG o.h.l.p.b.i.spaces.QuerySpacesImpl - Adding QuerySpace : uid = <gen:6> -> org.hibernate.loader.plan.build.internal.spaces.CollectionQuerySpaceImpl@248baee0]
03:44:48.212 [main] DEBUG o.h.l.p.b.i.spaces.QuerySpacesImpl - Adding QuerySpace : uid = <gen:7> -> org.hibernate.loader.plan.build.internal.spaces.EntityQuerySpaceImpl@252e9183]
03:44:48.213 [main] DEBUG o.h.p.w.spi.MetamodelGraphWalker - Visiting attribute path : type
03:44:48.213 [main] DEBUG o.h.l.p.b.i.FetchStyleLoadPlanBuildingAssociationVisitationStrategy - Building LoadPlan...
03:44:48.213 [main] DEBUG o.h.l.p.e.i.LoadQueryJoinAndFetchProcessor - processing queryspace <gen:0>
03:44:48.213 [main] DEBUG o.h.l.p.b.spi.LoadPlanTreePrinter - LoadPlan(entity=edu.ncsu.csc.itrust2.models.persistent.OfficeVisit)
    - Returns
       - EntityReturnImpl(entity=edu.ncsu.csc.itrust2.models.persistent.OfficeVisit, querySpaceUid=<gen:0>, path=edu.ncsu.csc.itrust2.models.persistent.OfficeVisit)
          - EntityAttributeFetchImpl(entity=edu.ncsu.csc.itrust2.models.persistent.AppointmentRequest, querySpaceUid=<gen:1>, path=edu.ncsu.csc.itrust2.models.persistent.OfficeVisit.appointment)
          - EntityAttributeFetchImpl(entity=edu.ncsu.csc.itrust2.models.persistent.BasicHealthMetrics, querySpaceUid=<gen:2>, path=edu.ncsu.csc.itrust2.models.persistent.OfficeVisit.basicHealthMetrics)
          - EntityAttributeFetchImpl(entity=edu.ncsu.csc.itrust2.models.persistent.User, querySpaceUid=<gen:3>, path=edu.ncsu.csc.itrust2.models.persistent.OfficeVisit.hcp)
          - EntityAttributeFetchImpl(entity=edu.ncsu.csc.itrust2.models.persistent.Hospital, querySpaceUid=<gen:4>, path=edu.ncsu.csc.itrust2.models.persistent.OfficeVisit.hospital)
          - EntityAttributeFetchImpl(entity=edu.ncsu.csc.itrust2.models.persistent.User, querySpaceUid=<gen:5>, path=edu.ncsu.csc.itrust2.models.persistent.OfficeVisit.patient)
          - CollectionAttributeFetchImpl(collection=edu.ncsu.csc.itrust2.models.persistent.OfficeVisit.prescriptions, querySpaceUid=<gen:6>, path=edu.ncsu.csc.itrust2.models.persistent.OfficeVisit.prescriptions)
             - (collection element) CollectionFetchableElementEntityGraph(entity=edu.ncsu.csc.itrust2.models.persistent.Prescription, querySpaceUid=<gen:7>, path=edu.ncsu.csc.itrust2.models.persistent.OfficeVisit.prescriptions.<elements>)
    - QuerySpaces
       - EntityQuerySpaceImpl(uid=<gen:0>, entity=edu.ncsu.csc.itrust2.models.persistent.OfficeVisit)
          - SQL table alias mapping - officevisi0_
          - alias suffix - 0_
          - suffixed key columns - {id1_10_0_}

03:44:48.213 [main] DEBUG o.h.loader.entity.plan.EntityLoader - Static select for entity edu.ncsu.csc.itrust2.models.persistent.OfficeVisit [UPGRADE_SKIPLOCKED]: select officevisi0_.id as id1_10_0_, officevisi0_.appointment_id as appointm5_10_0_, officevisi0_.basichealthmetrics_id as basichea6_10_0_, officevisi0_.date as date2_10_0_, officevisi0_.hcp_id as hcp_id7_10_0_, officevisi0_.hospital_id as hospital8_10_0_, officevisi0_.notes as notes3_10_0_, officevisi0_.patient_id as patient_9_10_0_, officevisi0_.type as type4_10_0_ from OfficeVisits officevisi0_ where officevisi0_.id=? for update
03:44:48.214 [main] DEBUG o.h.l.p.b.i.spaces.QuerySpacesImpl - Adding QuerySpace : uid = <gen:0> -> org.hibernate.loader.plan.build.internal.spaces.EntityQuerySpaceImpl@2f65720a]
03:44:48.214 [main] DEBUG o.h.p.w.spi.MetamodelGraphWalker - Visiting attribute path : appointment
03:44:48.214 [main] DEBUG o.h.l.p.b.i.spaces.QuerySpacesImpl - Adding QuerySpace : uid = <gen:1> -> org.hibernate.loader.plan.build.internal.spaces.EntityQuerySpaceImpl@697c88ac]
03:44:48.214 [main] DEBUG o.h.p.w.spi.MetamodelGraphWalker - Visiting attribute path : basicHealthMetrics
03:44:48.214 [main] DEBUG o.h.l.p.b.i.spaces.QuerySpacesImpl - Adding QuerySpace : uid = <gen:2> -> org.hibernate.loader.plan.build.internal.spaces.EntityQuerySpaceImpl@388fae89]
03:44:48.214 [main] DEBUG o.h.p.w.spi.MetamodelGraphWalker - Visiting attribute path : date
03:44:48.214 [main] DEBUG o.h.p.w.spi.MetamodelGraphWalker - Visiting attribute path : hcp
03:44:48.215 [main] DEBUG o.h.l.p.b.i.spaces.QuerySpacesImpl - Adding QuerySpace : uid = <gen:3> -> org.hibernate.loader.plan.build.internal.spaces.EntityQuerySpaceImpl@3cfe7eb0]
03:44:48.215 [main] DEBUG o.h.p.w.spi.MetamodelGraphWalker - Visiting attribute path : hospital
03:44:48.215 [main] DEBUG o.h.l.p.b.i.spaces.QuerySpacesImpl - Adding QuerySpace : uid = <gen:4> -> org.hibernate.loader.plan.build.internal.spaces.EntityQuerySpaceImpl@629ef762]
03:44:48.215 [main] DEBUG o.h.p.w.spi.MetamodelGraphWalker - Visiting attribute path : notes
03:44:48.215 [main] DEBUG o.h.p.w.spi.MetamodelGraphWalker - Visiting attribute path : patient
03:44:48.215 [main] DEBUG o.h.l.p.b.i.spaces.QuerySpacesImpl - Adding QuerySpace : uid = <gen:5> -> org.hibernate.loader.plan.build.internal.spaces.EntityQuerySpaceImpl@6f2a3a75]
03:44:48.215 [main] DEBUG o.h.p.w.spi.MetamodelGraphWalker - Visiting attribute path : prescriptions
03:44:48.215 [main] DEBUG o.h.l.p.b.i.spaces.QuerySpacesImpl - Adding QuerySpace : uid = <gen:6> -> org.hibernate.loader.plan.build.internal.spaces.CollectionQuerySpaceImpl@2a942aff]
03:44:48.215 [main] DEBUG o.h.l.p.b.i.spaces.QuerySpacesImpl - Adding QuerySpace : uid = <gen:7> -> org.hibernate.loader.plan.build.internal.spaces.EntityQuerySpaceImpl@65d0dae3]
03:44:48.215 [main] DEBUG o.h.p.w.spi.MetamodelGraphWalker - Visiting attribute path : type
03:44:48.216 [main] DEBUG o.h.l.p.b.i.FetchStyleLoadPlanBuildingAssociationVisitationStrategy - Building LoadPlan...
03:44:48.216 [main] DEBUG o.h.l.p.e.i.LoadQueryJoinAndFetchProcessor - processing queryspace <gen:0>
03:44:48.216 [main] DEBUG o.h.l.p.b.spi.LoadPlanTreePrinter - LoadPlan(entity=edu.ncsu.csc.itrust2.models.persistent.OfficeVisit)
    - Returns
       - EntityReturnImpl(entity=edu.ncsu.csc.itrust2.models.persistent.OfficeVisit, querySpaceUid=<gen:0>, path=edu.ncsu.csc.itrust2.models.persistent.OfficeVisit)
          - EntityAttributeFetchImpl(entity=edu.ncsu.csc.itrust2.models.persistent.AppointmentRequest, querySpaceUid=<gen:1>, path=edu.ncsu.csc.itrust2.models.persistent.OfficeVisit.appointment)
          - EntityAttributeFetchImpl(entity=edu.ncsu.csc.itrust2.models.persistent.BasicHealthMetrics, querySpaceUid=<gen:2>, path=edu.ncsu.csc.itrust2.models.persistent.OfficeVisit.basicHealthMetrics)
          - EntityAttributeFetchImpl(entity=edu.ncsu.csc.itrust2.models.persistent.User, querySpaceUid=<gen:3>, path=edu.ncsu.csc.itrust2.models.persistent.OfficeVisit.hcp)
          - EntityAttributeFetchImpl(entity=edu.ncsu.csc.itrust2.models.persistent.Hospital, querySpaceUid=<gen:4>, path=edu.ncsu.csc.itrust2.models.persistent.OfficeVisit.hospital)
          - EntityAttributeFetchImpl(entity=edu.ncsu.csc.itrust2.models.persistent.User, querySpaceUid=<gen:5>, path=edu.ncsu.csc.itrust2.models.persistent.OfficeVisit.patient)
          - CollectionAttributeFetchImpl(collection=edu.ncsu.csc.itrust2.models.persistent.OfficeVisit.prescriptions, querySpaceUid=<gen:6>, path=edu.ncsu.csc.itrust2.models.persistent.OfficeVisit.prescriptions)
             - (collection element) CollectionFetchableElementEntityGraph(entity=edu.ncsu.csc.itrust2.models.persistent.Prescription, querySpaceUid=<gen:7>, path=edu.ncsu.csc.itrust2.models.persistent.OfficeVisit.prescriptions.<elements>)
    - QuerySpaces
       - EntityQuerySpaceImpl(uid=<gen:0>, entity=edu.ncsu.csc.itrust2.models.persistent.OfficeVisit)
          - SQL table alias mapping - officevisi0_
          - alias suffix - 0_
          - suffixed key columns - {id1_10_0_}

03:44:48.216 [main] DEBUG o.h.loader.entity.plan.EntityLoader - Static select for entity edu.ncsu.csc.itrust2.models.persistent.OfficeVisit [FORCE]: select officevisi0_.id as id1_10_0_, officevisi0_.appointment_id as appointm5_10_0_, officevisi0_.basichealthmetrics_id as basichea6_10_0_, officevisi0_.date as date2_10_0_, officevisi0_.hcp_id as hcp_id7_10_0_, officevisi0_.hospital_id as hospital8_10_0_, officevisi0_.notes as notes3_10_0_, officevisi0_.patient_id as patient_9_10_0_, officevisi0_.type as type4_10_0_ from OfficeVisits officevisi0_ where officevisi0_.id=? for update
03:44:48.217 [main] DEBUG o.h.l.p.b.i.spaces.QuerySpacesImpl - Adding QuerySpace : uid = <gen:0> -> org.hibernate.loader.plan.build.internal.spaces.EntityQuerySpaceImpl@70e014dc]
03:44:48.217 [main] DEBUG o.h.p.w.spi.MetamodelGraphWalker - Visiting attribute path : appointment
03:44:48.217 [main] DEBUG o.h.l.p.b.i.spaces.QuerySpacesImpl - Adding QuerySpace : uid = <gen:1> -> org.hibernate.loader.plan.build.internal.spaces.EntityQuerySpaceImpl@456f69ce]
03:44:48.217 [main] DEBUG o.h.p.w.spi.MetamodelGraphWalker - Visiting attribute path : basicHealthMetrics
03:44:48.217 [main] DEBUG o.h.l.p.b.i.spaces.QuerySpacesImpl - Adding QuerySpace : uid = <gen:2> -> org.hibernate.loader.plan.build.internal.spaces.EntityQuerySpaceImpl@268bb442]
03:44:48.217 [main] DEBUG o.h.p.w.spi.MetamodelGraphWalker - Visiting attribute path : date
03:44:48.218 [main] DEBUG o.h.p.w.spi.MetamodelGraphWalker - Visiting attribute path : hcp
03:44:48.218 [main] DEBUG o.h.l.p.b.i.spaces.QuerySpacesImpl - Adding QuerySpace : uid = <gen:3> -> org.hibernate.loader.plan.build.internal.spaces.EntityQuerySpaceImpl@56bd02bb]
03:44:48.218 [main] DEBUG o.h.p.w.spi.MetamodelGraphWalker - Visiting attribute path : hospital
03:44:48.218 [main] DEBUG o.h.l.p.b.i.spaces.QuerySpacesImpl - Adding QuerySpace : uid = <gen:4> -> org.hibernate.loader.plan.build.internal.spaces.EntityQuerySpaceImpl@2366ef02]
03:44:48.218 [main] DEBUG o.h.p.w.spi.MetamodelGraphWalker - Visiting attribute path : notes
03:44:48.218 [main] DEBUG o.h.p.w.spi.MetamodelGraphWalker - Visiting attribute path : patient
03:44:48.219 [main] DEBUG o.h.l.p.b.i.spaces.QuerySpacesImpl - Adding QuerySpace : uid = <gen:5> -> org.hibernate.loader.plan.build.internal.spaces.EntityQuerySpaceImpl@1df9d3b9]
03:44:48.219 [main] DEBUG o.h.p.w.spi.MetamodelGraphWalker - Visiting attribute path : prescriptions
03:44:48.219 [main] DEBUG o.h.l.p.b.i.spaces.QuerySpacesImpl - Adding QuerySpace : uid = <gen:6> -> org.hibernate.loader.plan.build.internal.spaces.CollectionQuerySpaceImpl@66ab4de0]
03:44:48.219 [main] DEBUG o.h.l.p.b.i.spaces.QuerySpacesImpl - Adding QuerySpace : uid = <gen:7> -> org.hibernate.loader.plan.build.internal.spaces.EntityQuerySpaceImpl@58bd2354]
03:44:48.219 [main] DEBUG o.h.p.w.spi.MetamodelGraphWalker - Visiting attribute path : type
03:44:48.220 [main] DEBUG o.h.l.p.b.i.FetchStyleLoadPlanBuildingAssociationVisitationStrategy - Building LoadPlan...
03:44:48.220 [main] DEBUG o.h.l.p.e.i.LoadQueryJoinAndFetchProcessor - processing queryspace <gen:0>
03:44:48.220 [main] DEBUG o.h.l.p.b.spi.LoadPlanTreePrinter - LoadPlan(entity=edu.ncsu.csc.itrust2.models.persistent.OfficeVisit)
    - Returns
       - EntityReturnImpl(entity=edu.ncsu.csc.itrust2.models.persistent.OfficeVisit, querySpaceUid=<gen:0>, path=edu.ncsu.csc.itrust2.models.persistent.OfficeVisit)
          - EntityAttributeFetchImpl(entity=edu.ncsu.csc.itrust2.models.persistent.AppointmentRequest, querySpaceUid=<gen:1>, path=edu.ncsu.csc.itrust2.models.persistent.OfficeVisit.appointment)
          - EntityAttributeFetchImpl(entity=edu.ncsu.csc.itrust2.models.persistent.BasicHealthMetrics, querySpaceUid=<gen:2>, path=edu.ncsu.csc.itrust2.models.persistent.OfficeVisit.basicHealthMetrics)
          - EntityAttributeFetchImpl(entity=edu.ncsu.csc.itrust2.models.persistent.User, querySpaceUid=<gen:3>, path=edu.ncsu.csc.itrust2.models.persistent.OfficeVisit.hcp)
          - EntityAttributeFetchImpl(entity=edu.ncsu.csc.itrust2.models.persistent.Hospital, querySpaceUid=<gen:4>, path=edu.ncsu.csc.itrust2.models.persistent.OfficeVisit.hospital)
          - EntityAttributeFetchImpl(entity=edu.ncsu.csc.itrust2.models.persistent.User, querySpaceUid=<gen:5>, path=edu.ncsu.csc.itrust2.models.persistent.OfficeVisit.patient)
          - CollectionAttributeFetchImpl(collection=edu.ncsu.csc.itrust2.models.persistent.OfficeVisit.prescriptions, querySpaceUid=<gen:6>, path=edu.ncsu.csc.itrust2.models.persistent.OfficeVisit.prescriptions)
             - (collection element) CollectionFetchableElementEntityGraph(entity=edu.ncsu.csc.itrust2.models.persistent.Prescription, querySpaceUid=<gen:7>, path=edu.ncsu.csc.itrust2.models.persistent.OfficeVisit.prescriptions.<elements>)
    - QuerySpaces
       - EntityQuerySpaceImpl(uid=<gen:0>, entity=edu.ncsu.csc.itrust2.models.persistent.OfficeVisit)
          - SQL table alias mapping - officevisi0_
          - alias suffix - 0_
          - suffixed key columns - {id1_10_0_}

03:44:48.221 [main] DEBUG o.h.loader.entity.plan.EntityLoader - Static select for entity edu.ncsu.csc.itrust2.models.persistent.OfficeVisit [PESSIMISTIC_READ]: select officevisi0_.id as id1_10_0_, officevisi0_.appointment_id as appointm5_10_0_, officevisi0_.basichealthmetrics_id as basichea6_10_0_, officevisi0_.date as date2_10_0_, officevisi0_.hcp_id as hcp_id7_10_0_, officevisi0_.hospital_id as hospital8_10_0_, officevisi0_.notes as notes3_10_0_, officevisi0_.patient_id as patient_9_10_0_, officevisi0_.type as type4_10_0_ from OfficeVisits officevisi0_ where officevisi0_.id=? lock in share mode
03:44:48.221 [main] DEBUG o.h.l.p.b.i.spaces.QuerySpacesImpl - Adding QuerySpace : uid = <gen:0> -> org.hibernate.loader.plan.build.internal.spaces.EntityQuerySpaceImpl@4cb7c9be]
03:44:48.221 [main] DEBUG o.h.p.w.spi.MetamodelGraphWalker - Visiting attribute path : appointment
03:44:48.221 [main] DEBUG o.h.l.p.b.i.spaces.QuerySpacesImpl - Adding QuerySpace : uid = <gen:1> -> org.hibernate.loader.plan.build.internal.spaces.EntityQuerySpaceImpl@23f835d7]
03:44:48.221 [main] DEBUG o.h.p.w.spi.MetamodelGraphWalker - Visiting attribute path : basicHealthMetrics
03:44:48.222 [main] DEBUG o.h.l.p.b.i.spaces.QuerySpacesImpl - Adding QuerySpace : uid = <gen:2> -> org.hibernate.loader.plan.build.internal.spaces.EntityQuerySpaceImpl@12ee057f]
03:44:48.222 [main] DEBUG o.h.p.w.spi.MetamodelGraphWalker - Visiting attribute path : date
03:44:48.222 [main] DEBUG o.h.p.w.spi.MetamodelGraphWalker - Visiting attribute path : hcp
03:44:48.222 [main] DEBUG o.h.l.p.b.i.spaces.QuerySpacesImpl - Adding QuerySpace : uid = <gen:3> -> org.hibernate.loader.plan.build.internal.spaces.EntityQuerySpaceImpl@60e6c4a5]
03:44:48.222 [main] DEBUG o.h.p.w.spi.MetamodelGraphWalker - Visiting attribute path : hospital
03:44:48.222 [main] DEBUG o.h.l.p.b.i.spaces.QuerySpacesImpl - Adding QuerySpace : uid = <gen:4> -> org.hibernate.loader.plan.build.internal.spaces.EntityQuerySpaceImpl@7a804bdc]
03:44:48.222 [main] DEBUG o.h.p.w.spi.MetamodelGraphWalker - Visiting attribute path : notes
03:44:48.222 [main] DEBUG o.h.p.w.spi.MetamodelGraphWalker - Visiting attribute path : patient
03:44:48.223 [main] DEBUG o.h.l.p.b.i.spaces.QuerySpacesImpl - Adding QuerySpace : uid = <gen:5> -> org.hibernate.loader.plan.build.internal.spaces.EntityQuerySpaceImpl@18b48fd6]
03:44:48.223 [main] DEBUG o.h.p.w.spi.MetamodelGraphWalker - Visiting attribute path : prescriptions
03:44:48.223 [main] DEBUG o.h.l.p.b.i.spaces.QuerySpacesImpl - Adding QuerySpace : uid = <gen:6> -> org.hibernate.loader.plan.build.internal.spaces.CollectionQuerySpaceImpl@7a13a442]
03:44:48.223 [main] DEBUG o.h.l.p.b.i.spaces.QuerySpacesImpl - Adding QuerySpace : uid = <gen:7> -> org.hibernate.loader.plan.build.internal.spaces.EntityQuerySpaceImpl@2c069449]
03:44:48.223 [main] DEBUG o.h.p.w.spi.MetamodelGraphWalker - Visiting attribute path : type
03:44:48.223 [main] DEBUG o.h.l.p.b.i.FetchStyleLoadPlanBuildingAssociationVisitationStrategy - Building LoadPlan...
03:44:48.224 [main] DEBUG o.h.l.p.e.i.LoadQueryJoinAndFetchProcessor - processing queryspace <gen:0>
03:44:48.224 [main] DEBUG o.h.l.p.b.spi.LoadPlanTreePrinter - LoadPlan(entity=edu.ncsu.csc.itrust2.models.persistent.OfficeVisit)
    - Returns
       - EntityReturnImpl(entity=edu.ncsu.csc.itrust2.models.persistent.OfficeVisit, querySpaceUid=<gen:0>, path=edu.ncsu.csc.itrust2.models.persistent.OfficeVisit)
          - EntityAttributeFetchImpl(entity=edu.ncsu.csc.itrust2.models.persistent.AppointmentRequest, querySpaceUid=<gen:1>, path=edu.ncsu.csc.itrust2.models.persistent.OfficeVisit.appointment)
          - EntityAttributeFetchImpl(entity=edu.ncsu.csc.itrust2.models.persistent.BasicHealthMetrics, querySpaceUid=<gen:2>, path=edu.ncsu.csc.itrust2.models.persistent.OfficeVisit.basicHealthMetrics)
          - EntityAttributeFetchImpl(entity=edu.ncsu.csc.itrust2.models.persistent.User, querySpaceUid=<gen:3>, path=edu.ncsu.csc.itrust2.models.persistent.OfficeVisit.hcp)
          - EntityAttributeFetchImpl(entity=edu.ncsu.csc.itrust2.models.persistent.Hospital, querySpaceUid=<gen:4>, path=edu.ncsu.csc.itrust2.models.persistent.OfficeVisit.hospital)
          - EntityAttributeFetchImpl(entity=edu.ncsu.csc.itrust2.models.persistent.User, querySpaceUid=<gen:5>, path=edu.ncsu.csc.itrust2.models.persistent.OfficeVisit.patient)
          - CollectionAttributeFetchImpl(collection=edu.ncsu.csc.itrust2.models.persistent.OfficeVisit.prescriptions, querySpaceUid=<gen:6>, path=edu.ncsu.csc.itrust2.models.persistent.OfficeVisit.prescriptions)
             - (collection element) CollectionFetchableElementEntityGraph(entity=edu.ncsu.csc.itrust2.models.persistent.Prescription, querySpaceUid=<gen:7>, path=edu.ncsu.csc.itrust2.models.persistent.OfficeVisit.prescriptions.<elements>)
    - QuerySpaces
       - EntityQuerySpaceImpl(uid=<gen:0>, entity=edu.ncsu.csc.itrust2.models.persistent.OfficeVisit)
          - SQL table alias mapping - officevisi0_
          - alias suffix - 0_
          - suffixed key columns - {id1_10_0_}

03:44:48.225 [main] DEBUG o.h.loader.entity.plan.EntityLoader - Static select for entity edu.ncsu.csc.itrust2.models.persistent.OfficeVisit [PESSIMISTIC_WRITE]: select officevisi0_.id as id1_10_0_, officevisi0_.appointment_id as appointm5_10_0_, officevisi0_.basichealthmetrics_id as basichea6_10_0_, officevisi0_.date as date2_10_0_, officevisi0_.hcp_id as hcp_id7_10_0_, officevisi0_.hospital_id as hospital8_10_0_, officevisi0_.notes as notes3_10_0_, officevisi0_.patient_id as patient_9_10_0_, officevisi0_.type as type4_10_0_ from OfficeVisits officevisi0_ where officevisi0_.id=? for update
03:44:48.225 [main] DEBUG o.h.l.p.b.i.spaces.QuerySpacesImpl - Adding QuerySpace : uid = <gen:0> -> org.hibernate.loader.plan.build.internal.spaces.EntityQuerySpaceImpl@5420e4be]
03:44:48.225 [main] DEBUG o.h.p.w.spi.MetamodelGraphWalker - Visiting attribute path : appointment
03:44:48.225 [main] DEBUG o.h.l.p.b.i.spaces.QuerySpacesImpl - Adding QuerySpace : uid = <gen:1> -> org.hibernate.loader.plan.build.internal.spaces.EntityQuerySpaceImpl@f80933f]
03:44:48.225 [main] DEBUG o.h.p.w.spi.MetamodelGraphWalker - Visiting attribute path : basicHealthMetrics
03:44:48.226 [main] DEBUG o.h.l.p.b.i.spaces.QuerySpacesImpl - Adding QuerySpace : uid = <gen:2> -> org.hibernate.loader.plan.build.internal.spaces.EntityQuerySpaceImpl@173cfa5a]
03:44:48.226 [main] DEBUG o.h.p.w.spi.MetamodelGraphWalker - Visiting attribute path : date
03:44:48.226 [main] DEBUG o.h.p.w.spi.MetamodelGraphWalker - Visiting attribute path : hcp
03:44:48.226 [main] DEBUG o.h.l.p.b.i.spaces.QuerySpacesImpl - Adding QuerySpace : uid = <gen:3> -> org.hibernate.loader.plan.build.internal.spaces.EntityQuerySpaceImpl@44eaf917]
03:44:48.226 [main] DEBUG o.h.p.w.spi.MetamodelGraphWalker - Visiting attribute path : hospital
03:44:48.226 [main] DEBUG o.h.l.p.b.i.spaces.QuerySpacesImpl - Adding QuerySpace : uid = <gen:4> -> org.hibernate.loader.plan.build.internal.spaces.EntityQuerySpaceImpl@1c3aeaca]
03:44:48.226 [main] DEBUG o.h.p.w.spi.MetamodelGraphWalker - Visiting attribute path : notes
03:44:48.226 [main] DEBUG o.h.p.w.spi.MetamodelGraphWalker - Visiting attribute path : patient
03:44:48.227 [main] DEBUG o.h.l.p.b.i.spaces.QuerySpacesImpl - Adding QuerySpace : uid = <gen:5> -> org.hibernate.loader.plan.build.internal.spaces.EntityQuerySpaceImpl@17a89b19]
03:44:48.227 [main] DEBUG o.h.p.w.spi.MetamodelGraphWalker - Visiting attribute path : prescriptions
03:44:48.227 [main] DEBUG o.h.l.p.b.i.spaces.QuerySpacesImpl - Adding QuerySpace : uid = <gen:6> -> org.hibernate.loader.plan.build.internal.spaces.CollectionQuerySpaceImpl@67364d9c]
03:44:48.227 [main] DEBUG o.h.l.p.b.i.spaces.QuerySpacesImpl - Adding QuerySpace : uid = <gen:7> -> org.hibernate.loader.plan.build.internal.spaces.EntityQuerySpaceImpl@7407322c]
03:44:48.227 [main] DEBUG o.h.p.w.spi.MetamodelGraphWalker - Visiting attribute path : type
03:44:48.228 [main] DEBUG o.h.l.p.b.i.FetchStyleLoadPlanBuildingAssociationVisitationStrategy - Building LoadPlan...
03:44:48.228 [main] DEBUG o.h.l.p.e.i.LoadQueryJoinAndFetchProcessor - processing queryspace <gen:0>
03:44:48.228 [main] DEBUG o.h.l.p.b.spi.LoadPlanTreePrinter - LoadPlan(entity=edu.ncsu.csc.itrust2.models.persistent.OfficeVisit)
    - Returns
       - EntityReturnImpl(entity=edu.ncsu.csc.itrust2.models.persistent.OfficeVisit, querySpaceUid=<gen:0>, path=edu.ncsu.csc.itrust2.models.persistent.OfficeVisit)
          - EntityAttributeFetchImpl(entity=edu.ncsu.csc.itrust2.models.persistent.AppointmentRequest, querySpaceUid=<gen:1>, path=edu.ncsu.csc.itrust2.models.persistent.OfficeVisit.appointment)
          - EntityAttributeFetchImpl(entity=edu.ncsu.csc.itrust2.models.persistent.BasicHealthMetrics, querySpaceUid=<gen:2>, path=edu.ncsu.csc.itrust2.models.persistent.OfficeVisit.basicHealthMetrics)
          - EntityAttributeFetchImpl(entity=edu.ncsu.csc.itrust2.models.persistent.User, querySpaceUid=<gen:3>, path=edu.ncsu.csc.itrust2.models.persistent.OfficeVisit.hcp)
          - EntityAttributeFetchImpl(entity=edu.ncsu.csc.itrust2.models.persistent.Hospital, querySpaceUid=<gen:4>, path=edu.ncsu.csc.itrust2.models.persistent.OfficeVisit.hospital)
          - EntityAttributeFetchImpl(entity=edu.ncsu.csc.itrust2.models.persistent.User, querySpaceUid=<gen:5>, path=edu.ncsu.csc.itrust2.models.persistent.OfficeVisit.patient)
          - CollectionAttributeFetchImpl(collection=edu.ncsu.csc.itrust2.models.persistent.OfficeVisit.prescriptions, querySpaceUid=<gen:6>, path=edu.ncsu.csc.itrust2.models.persistent.OfficeVisit.prescriptions)
             - (collection element) CollectionFetchableElementEntityGraph(entity=edu.ncsu.csc.itrust2.models.persistent.Prescription, querySpaceUid=<gen:7>, path=edu.ncsu.csc.itrust2.models.persistent.OfficeVisit.prescriptions.<elements>)
    - QuerySpaces
       - EntityQuerySpaceImpl(uid=<gen:0>, entity=edu.ncsu.csc.itrust2.models.persistent.OfficeVisit)
          - SQL table alias mapping - officevisi0_
          - alias suffix - 0_
          - suffixed key columns - {id1_10_0_}

03:44:48.228 [main] DEBUG o.h.loader.entity.plan.EntityLoader - Static select for entity edu.ncsu.csc.itrust2.models.persistent.OfficeVisit [PESSIMISTIC_FORCE_INCREMENT]: select officevisi0_.id as id1_10_0_, officevisi0_.appointment_id as appointm5_10_0_, officevisi0_.basichealthmetrics_id as basichea6_10_0_, officevisi0_.date as date2_10_0_, officevisi0_.hcp_id as hcp_id7_10_0_, officevisi0_.hospital_id as hospital8_10_0_, officevisi0_.notes as notes3_10_0_, officevisi0_.patient_id as patient_9_10_0_, officevisi0_.type as type4_10_0_ from OfficeVisits officevisi0_ where officevisi0_.id=? for update
03:44:48.229 [main] DEBUG o.h.l.p.b.i.spaces.QuerySpacesImpl - Adding QuerySpace : uid = <gen:0> -> org.hibernate.loader.plan.build.internal.spaces.EntityQuerySpaceImpl@3fa0fadc]
03:44:48.229 [main] DEBUG o.h.p.w.spi.MetamodelGraphWalker - Visiting attribute path : appointment
03:44:48.229 [main] DEBUG o.h.l.p.b.i.spaces.QuerySpacesImpl - Adding QuerySpace : uid = <gen:1> -> org.hibernate.loader.plan.build.internal.spaces.EntityQuerySpaceImpl@390c34d3]
03:44:48.229 [main] DEBUG o.h.p.w.spi.MetamodelGraphWalker - Visiting attribute path : basicHealthMetrics
03:44:48.229 [main] DEBUG o.h.l.p.b.i.spaces.QuerySpacesImpl - Adding QuerySpace : uid = <gen:2> -> org.hibernate.loader.plan.build.internal.spaces.EntityQuerySpaceImpl@7457e78c]
03:44:48.229 [main] DEBUG o.h.p.w.spi.MetamodelGraphWalker - Visiting attribute path : date
03:44:48.230 [main] DEBUG o.h.p.w.spi.MetamodelGraphWalker - Visiting attribute path : hcp
03:44:48.230 [main] DEBUG o.h.l.p.b.i.spaces.QuerySpacesImpl - Adding QuerySpace : uid = <gen:3> -> org.hibernate.loader.plan.build.internal.spaces.EntityQuerySpaceImpl@4c1985c0]
03:44:48.230 [main] DEBUG o.h.p.w.spi.MetamodelGraphWalker - Visiting attribute path : hospital
03:44:48.230 [main] DEBUG o.h.l.p.b.i.spaces.QuerySpacesImpl - Adding QuerySpace : uid = <gen:4> -> org.hibernate.loader.plan.build.internal.spaces.EntityQuerySpaceImpl@3e1bb2ef]
03:44:48.230 [main] DEBUG o.h.p.w.spi.MetamodelGraphWalker - Visiting attribute path : notes
03:44:48.231 [main] DEBUG o.h.p.w.spi.MetamodelGraphWalker - Visiting attribute path : patient
03:44:48.231 [main] DEBUG o.h.l.p.b.i.spaces.QuerySpacesImpl - Adding QuerySpace : uid = <gen:5> -> org.hibernate.loader.plan.build.internal.spaces.EntityQuerySpaceImpl@6669a353]
03:44:48.231 [main] DEBUG o.h.p.w.spi.MetamodelGraphWalker - Visiting attribute path : prescriptions
03:44:48.231 [main] DEBUG o.h.l.p.b.i.spaces.QuerySpacesImpl - Adding QuerySpace : uid = <gen:6> -> org.hibernate.loader.plan.build.internal.spaces.CollectionQuerySpaceImpl@2dc94395]
03:44:48.231 [main] DEBUG o.h.l.p.b.i.spaces.QuerySpacesImpl - Adding QuerySpace : uid = <gen:7> -> org.hibernate.loader.plan.build.internal.spaces.EntityQuerySpaceImpl@2d7ee469]
03:44:48.231 [main] DEBUG o.h.p.w.spi.MetamodelGraphWalker - Visiting attribute path : type
03:44:48.232 [main] DEBUG o.h.l.p.b.i.FetchStyleLoadPlanBuildingAssociationVisitationStrategy - Building LoadPlan...
03:44:48.232 [main] DEBUG o.h.l.p.e.i.LoadQueryJoinAndFetchProcessor - processing queryspace <gen:0>
03:44:48.232 [main] DEBUG o.h.l.p.b.spi.LoadPlanTreePrinter - LoadPlan(entity=edu.ncsu.csc.itrust2.models.persistent.OfficeVisit)
    - Returns
       - EntityReturnImpl(entity=edu.ncsu.csc.itrust2.models.persistent.OfficeVisit, querySpaceUid=<gen:0>, path=edu.ncsu.csc.itrust2.models.persistent.OfficeVisit)
          - EntityAttributeFetchImpl(entity=edu.ncsu.csc.itrust2.models.persistent.AppointmentRequest, querySpaceUid=<gen:1>, path=edu.ncsu.csc.itrust2.models.persistent.OfficeVisit.appointment)
          - EntityAttributeFetchImpl(entity=edu.ncsu.csc.itrust2.models.persistent.BasicHealthMetrics, querySpaceUid=<gen:2>, path=edu.ncsu.csc.itrust2.models.persistent.OfficeVisit.basicHealthMetrics)
          - EntityAttributeFetchImpl(entity=edu.ncsu.csc.itrust2.models.persistent.User, querySpaceUid=<gen:3>, path=edu.ncsu.csc.itrust2.models.persistent.OfficeVisit.hcp)
          - EntityAttributeFetchImpl(entity=edu.ncsu.csc.itrust2.models.persistent.Hospital, querySpaceUid=<gen:4>, path=edu.ncsu.csc.itrust2.models.persistent.OfficeVisit.hospital)
          - EntityAttributeFetchImpl(entity=edu.ncsu.csc.itrust2.models.persistent.User, querySpaceUid=<gen:5>, path=edu.ncsu.csc.itrust2.models.persistent.OfficeVisit.patient)
          - CollectionAttributeFetchImpl(collection=edu.ncsu.csc.itrust2.models.persistent.OfficeVisit.prescriptions, querySpaceUid=<gen:6>, path=edu.ncsu.csc.itrust2.models.persistent.OfficeVisit.prescriptions)
             - (collection element) CollectionFetchableElementEntityGraph(entity=edu.ncsu.csc.itrust2.models.persistent.Prescription, querySpaceUid=<gen:7>, path=edu.ncsu.csc.itrust2.models.persistent.OfficeVisit.prescriptions.<elements>)
    - QuerySpaces
       - EntityQuerySpaceImpl(uid=<gen:0>, entity=edu.ncsu.csc.itrust2.models.persistent.OfficeVisit)
          - SQL table alias mapping - officevisi0_
          - alias suffix - 0_
          - suffixed key columns - {id1_10_0_}

03:44:48.233 [main] DEBUG o.h.loader.entity.plan.EntityLoader - Static select for entity edu.ncsu.csc.itrust2.models.persistent.OfficeVisit [OPTIMISTIC]: select officevisi0_.id as id1_10_0_, officevisi0_.appointment_id as appointm5_10_0_, officevisi0_.basichealthmetrics_id as basichea6_10_0_, officevisi0_.date as date2_10_0_, officevisi0_.hcp_id as hcp_id7_10_0_, officevisi0_.hospital_id as hospital8_10_0_, officevisi0_.notes as notes3_10_0_, officevisi0_.patient_id as patient_9_10_0_, officevisi0_.type as type4_10_0_ from OfficeVisits officevisi0_ where officevisi0_.id=?
03:44:48.233 [main] DEBUG o.h.l.p.b.i.spaces.QuerySpacesImpl - Adding QuerySpace : uid = <gen:0> -> org.hibernate.loader.plan.build.internal.spaces.EntityQuerySpaceImpl@4e91a7e3]
03:44:48.233 [main] DEBUG o.h.p.w.spi.MetamodelGraphWalker - Visiting attribute path : appointment
03:44:48.233 [main] DEBUG o.h.l.p.b.i.spaces.QuerySpacesImpl - Adding QuerySpace : uid = <gen:1> -> org.hibernate.loader.plan.build.internal.spaces.EntityQuerySpaceImpl@2fbd49e]
03:44:48.233 [main] DEBUG o.h.p.w.spi.MetamodelGraphWalker - Visiting attribute path : basicHealthMetrics
03:44:48.234 [main] DEBUG o.h.l.p.b.i.spaces.QuerySpacesImpl - Adding QuerySpace : uid = <gen:2> -> org.hibernate.loader.plan.build.internal.spaces.EntityQuerySpaceImpl@587c3504]
03:44:48.234 [main] DEBUG o.h.p.w.spi.MetamodelGraphWalker - Visiting attribute path : date
03:44:48.234 [main] DEBUG o.h.p.w.spi.MetamodelGraphWalker - Visiting attribute path : hcp
03:44:48.234 [main] DEBUG o.h.l.p.b.i.spaces.QuerySpacesImpl - Adding QuerySpace : uid = <gen:3> -> org.hibernate.loader.plan.build.internal.spaces.EntityQuerySpaceImpl@1b112f57]
03:44:48.234 [main] DEBUG o.h.p.w.spi.MetamodelGraphWalker - Visiting attribute path : hospital
03:44:48.234 [main] DEBUG o.h.l.p.b.i.spaces.QuerySpacesImpl - Adding QuerySpace : uid = <gen:4> -> org.hibernate.loader.plan.build.internal.spaces.EntityQuerySpaceImpl@31c0e942]
03:44:48.234 [main] DEBUG o.h.p.w.spi.MetamodelGraphWalker - Visiting attribute path : notes
03:44:48.235 [main] DEBUG o.h.p.w.spi.MetamodelGraphWalker - Visiting attribute path : patient
03:44:48.235 [main] DEBUG o.h.l.p.b.i.spaces.QuerySpacesImpl - Adding QuerySpace : uid = <gen:5> -> org.hibernate.loader.plan.build.internal.spaces.EntityQuerySpaceImpl@6dc384c0]
03:44:48.235 [main] DEBUG o.h.p.w.spi.MetamodelGraphWalker - Visiting attribute path : prescriptions
03:44:48.235 [main] DEBUG o.h.l.p.b.i.spaces.QuerySpacesImpl - Adding QuerySpace : uid = <gen:6> -> org.hibernate.loader.plan.build.internal.spaces.CollectionQuerySpaceImpl@54ae5869]
03:44:48.235 [main] DEBUG o.h.l.p.b.i.spaces.QuerySpacesImpl - Adding QuerySpace : uid = <gen:7> -> org.hibernate.loader.plan.build.internal.spaces.EntityQuerySpaceImpl@46d7ae3c]
03:44:48.235 [main] DEBUG o.h.p.w.spi.MetamodelGraphWalker - Visiting attribute path : type
03:44:48.236 [main] DEBUG o.h.l.p.b.i.FetchStyleLoadPlanBuildingAssociationVisitationStrategy - Building LoadPlan...
03:44:48.236 [main] DEBUG o.h.l.p.e.i.LoadQueryJoinAndFetchProcessor - processing queryspace <gen:0>
03:44:48.237 [main] DEBUG o.h.l.p.b.spi.LoadPlanTreePrinter - LoadPlan(entity=edu.ncsu.csc.itrust2.models.persistent.OfficeVisit)
    - Returns
       - EntityReturnImpl(entity=edu.ncsu.csc.itrust2.models.persistent.OfficeVisit, querySpaceUid=<gen:0>, path=edu.ncsu.csc.itrust2.models.persistent.OfficeVisit)
          - EntityAttributeFetchImpl(entity=edu.ncsu.csc.itrust2.models.persistent.AppointmentRequest, querySpaceUid=<gen:1>, path=edu.ncsu.csc.itrust2.models.persistent.OfficeVisit.appointment)
          - EntityAttributeFetchImpl(entity=edu.ncsu.csc.itrust2.models.persistent.BasicHealthMetrics, querySpaceUid=<gen:2>, path=edu.ncsu.csc.itrust2.models.persistent.OfficeVisit.basicHealthMetrics)
          - EntityAttributeFetchImpl(entity=edu.ncsu.csc.itrust2.models.persistent.User, querySpaceUid=<gen:3>, path=edu.ncsu.csc.itrust2.models.persistent.OfficeVisit.hcp)
          - EntityAttributeFetchImpl(entity=edu.ncsu.csc.itrust2.models.persistent.Hospital, querySpaceUid=<gen:4>, path=edu.ncsu.csc.itrust2.models.persistent.OfficeVisit.hospital)
          - EntityAttributeFetchImpl(entity=edu.ncsu.csc.itrust2.models.persistent.User, querySpaceUid=<gen:5>, path=edu.ncsu.csc.itrust2.models.persistent.OfficeVisit.patient)
          - CollectionAttributeFetchImpl(collection=edu.ncsu.csc.itrust2.models.persistent.OfficeVisit.prescriptions, querySpaceUid=<gen:6>, path=edu.ncsu.csc.itrust2.models.persistent.OfficeVisit.prescriptions)
             - (collection element) CollectionFetchableElementEntityGraph(entity=edu.ncsu.csc.itrust2.models.persistent.Prescription, querySpaceUid=<gen:7>, path=edu.ncsu.csc.itrust2.models.persistent.OfficeVisit.prescriptions.<elements>)
    - QuerySpaces
       - EntityQuerySpaceImpl(uid=<gen:0>, entity=edu.ncsu.csc.itrust2.models.persistent.OfficeVisit)
          - SQL table alias mapping - officevisi0_
          - alias suffix - 0_
          - suffixed key columns - {id1_10_0_}

03:44:48.237 [main] DEBUG o.h.loader.entity.plan.EntityLoader - Static select for entity edu.ncsu.csc.itrust2.models.persistent.OfficeVisit [OPTIMISTIC_FORCE_INCREMENT]: select officevisi0_.id as id1_10_0_, officevisi0_.appointment_id as appointm5_10_0_, officevisi0_.basichealthmetrics_id as basichea6_10_0_, officevisi0_.date as date2_10_0_, officevisi0_.hcp_id as hcp_id7_10_0_, officevisi0_.hospital_id as hospital8_10_0_, officevisi0_.notes as notes3_10_0_, officevisi0_.patient_id as patient_9_10_0_, officevisi0_.type as type4_10_0_ from OfficeVisits officevisi0_ where officevisi0_.id=?
03:44:48.237 [main] DEBUG org.hibernate.loader.Loader - Static select for action ACTION_MERGE on entity edu.ncsu.csc.itrust2.models.persistent.OfficeVisit: select officevisi0_.id as id1_10_0_, officevisi0_.appointment_id as appointm5_10_0_, officevisi0_.basichealthmetrics_id as basichea6_10_0_, officevisi0_.date as date2_10_0_, officevisi0_.hcp_id as hcp_id7_10_0_, officevisi0_.hospital_id as hospital8_10_0_, officevisi0_.notes as notes3_10_0_, officevisi0_.patient_id as patient_9_10_0_, officevisi0_.type as type4_10_0_ from OfficeVisits officevisi0_ where officevisi0_.id=?
03:44:48.238 [main] DEBUG org.hibernate.loader.Loader - Static select for action ACTION_REFRESH on entity edu.ncsu.csc.itrust2.models.persistent.OfficeVisit: select officevisi0_.id as id1_10_0_, officevisi0_.appointment_id as appointm5_10_0_, officevisi0_.basichealthmetrics_id as basichea6_10_0_, officevisi0_.date as date2_10_0_, officevisi0_.hcp_id as hcp_id7_10_0_, officevisi0_.hospital_id as hospital8_10_0_, officevisi0_.notes as notes3_10_0_, officevisi0_.patient_id as patient_9_10_0_, officevisi0_.type as type4_10_0_ from OfficeVisits officevisi0_ where officevisi0_.id=?
03:44:48.238 [main] DEBUG o.h.p.entity.AbstractEntityPersister - Static SQL for entity: edu.ncsu.csc.itrust2.models.persistent.Drug
03:44:48.238 [main] DEBUG o.h.p.entity.AbstractEntityPersister -  Version select: select id from Drugs where id =?
03:44:48.238 [main] DEBUG o.h.p.entity.AbstractEntityPersister -  Snapshot select: select drug_.id, drug_.code as code2_3_, drug_.description as descript3_3_, drug_.name as name4_3_ from Drugs drug_ where drug_.id=?
03:44:48.238 [main] DEBUG o.h.p.entity.AbstractEntityPersister -  Insert 0: insert into Drugs (code, description, name, id) values (?, ?, ?, ?)
03:44:48.239 [main] DEBUG o.h.p.entity.AbstractEntityPersister -  Update 0: update Drugs set code=?, description=?, name=? where id=?
03:44:48.239 [main] DEBUG o.h.p.entity.AbstractEntityPersister -  Delete 0: delete from Drugs where id=?
03:44:48.239 [main] DEBUG o.h.l.p.b.i.spaces.QuerySpacesImpl - Adding QuerySpace : uid = <gen:0> -> org.hibernate.loader.plan.build.internal.spaces.EntityQuerySpaceImpl@70ebd55d]
03:44:48.239 [main] DEBUG o.h.p.w.spi.MetamodelGraphWalker - Visiting attribute path : code
03:44:48.239 [main] DEBUG o.h.p.w.spi.MetamodelGraphWalker - Visiting attribute path : description
03:44:48.240 [main] DEBUG o.h.p.w.spi.MetamodelGraphWalker - Visiting attribute path : name
03:44:48.240 [main] DEBUG o.h.l.p.b.i.FetchStyleLoadPlanBuildingAssociationVisitationStrategy - Building LoadPlan...
03:44:48.240 [main] DEBUG o.h.l.p.e.i.LoadQueryJoinAndFetchProcessor - processing queryspace <gen:0>
03:44:48.241 [main] DEBUG o.h.l.p.b.spi.LoadPlanTreePrinter - LoadPlan(entity=edu.ncsu.csc.itrust2.models.persistent.Drug)
    - Returns
       - EntityReturnImpl(entity=edu.ncsu.csc.itrust2.models.persistent.Drug, querySpaceUid=<gen:0>, path=edu.ncsu.csc.itrust2.models.persistent.Drug)
    - QuerySpaces
       - EntityQuerySpaceImpl(uid=<gen:0>, entity=edu.ncsu.csc.itrust2.models.persistent.Drug)
          - SQL table alias mapping - drug0_
          - alias suffix - 0_
          - suffixed key columns - {id1_3_0_}

03:44:48.242 [main] DEBUG o.h.loader.entity.plan.EntityLoader - Static select for entity edu.ncsu.csc.itrust2.models.persistent.Drug [NONE]: select drug0_.id as id1_3_0_, drug0_.code as code2_3_0_, drug0_.description as descript3_3_0_, drug0_.name as name4_3_0_ from Drugs drug0_ where drug0_.id=?
03:44:48.242 [main] DEBUG o.h.l.p.b.i.spaces.QuerySpacesImpl - Adding QuerySpace : uid = <gen:0> -> org.hibernate.loader.plan.build.internal.spaces.EntityQuerySpaceImpl@27b4d742]
03:44:48.242 [main] DEBUG o.h.p.w.spi.MetamodelGraphWalker - Visiting attribute path : code
03:44:48.242 [main] DEBUG o.h.p.w.spi.MetamodelGraphWalker - Visiting attribute path : description
03:44:48.242 [main] DEBUG o.h.p.w.spi.MetamodelGraphWalker - Visiting attribute path : name
03:44:48.242 [main] DEBUG o.h.l.p.b.i.FetchStyleLoadPlanBuildingAssociationVisitationStrategy - Building LoadPlan...
03:44:48.243 [main] DEBUG o.h.l.p.e.i.LoadQueryJoinAndFetchProcessor - processing queryspace <gen:0>
03:44:48.243 [main] DEBUG o.h.l.p.b.spi.LoadPlanTreePrinter - LoadPlan(entity=edu.ncsu.csc.itrust2.models.persistent.Drug)
    - Returns
       - EntityReturnImpl(entity=edu.ncsu.csc.itrust2.models.persistent.Drug, querySpaceUid=<gen:0>, path=edu.ncsu.csc.itrust2.models.persistent.Drug)
    - QuerySpaces
       - EntityQuerySpaceImpl(uid=<gen:0>, entity=edu.ncsu.csc.itrust2.models.persistent.Drug)
          - SQL table alias mapping - drug0_
          - alias suffix - 0_
          - suffixed key columns - {id1_3_0_}

03:44:48.244 [main] DEBUG o.h.loader.entity.plan.EntityLoader - Static select for entity edu.ncsu.csc.itrust2.models.persistent.Drug [READ]: select drug0_.id as id1_3_0_, drug0_.code as code2_3_0_, drug0_.description as descript3_3_0_, drug0_.name as name4_3_0_ from Drugs drug0_ where drug0_.id=?
03:44:48.244 [main] DEBUG o.h.l.p.b.i.spaces.QuerySpacesImpl - Adding QuerySpace : uid = <gen:0> -> org.hibernate.loader.plan.build.internal.spaces.EntityQuerySpaceImpl@72065c3b]
03:44:48.244 [main] DEBUG o.h.p.w.spi.MetamodelGraphWalker - Visiting attribute path : code
03:44:48.244 [main] DEBUG o.h.p.w.spi.MetamodelGraphWalker - Visiting attribute path : description
03:44:48.244 [main] DEBUG o.h.p.w.spi.MetamodelGraphWalker - Visiting attribute path : name
03:44:48.244 [main] DEBUG o.h.l.p.b.i.FetchStyleLoadPlanBuildingAssociationVisitationStrategy - Building LoadPlan...
03:44:48.245 [main] DEBUG o.h.l.p.e.i.LoadQueryJoinAndFetchProcessor - processing queryspace <gen:0>
03:44:48.245 [main] DEBUG o.h.l.p.b.spi.LoadPlanTreePrinter - LoadPlan(entity=edu.ncsu.csc.itrust2.models.persistent.Drug)
    - Returns
       - EntityReturnImpl(entity=edu.ncsu.csc.itrust2.models.persistent.Drug, querySpaceUid=<gen:0>, path=edu.ncsu.csc.itrust2.models.persistent.Drug)
    - QuerySpaces
       - EntityQuerySpaceImpl(uid=<gen:0>, entity=edu.ncsu.csc.itrust2.models.persistent.Drug)
          - SQL table alias mapping - drug0_
          - alias suffix - 0_
          - suffixed key columns - {id1_3_0_}

03:44:48.245 [main] DEBUG o.h.loader.entity.plan.EntityLoader - Static select for entity edu.ncsu.csc.itrust2.models.persistent.Drug [UPGRADE]: select drug0_.id as id1_3_0_, drug0_.code as code2_3_0_, drug0_.description as descript3_3_0_, drug0_.name as name4_3_0_ from Drugs drug0_ where drug0_.id=? for update
03:44:48.245 [main] DEBUG o.h.l.p.b.i.spaces.QuerySpacesImpl - Adding QuerySpace : uid = <gen:0> -> org.hibernate.loader.plan.build.internal.spaces.EntityQuerySpaceImpl@fdaafba]
03:44:48.245 [main] DEBUG o.h.p.w.spi.MetamodelGraphWalker - Visiting attribute path : code
03:44:48.245 [main] DEBUG o.h.p.w.spi.MetamodelGraphWalker - Visiting attribute path : description
03:44:48.245 [main] DEBUG o.h.p.w.spi.MetamodelGraphWalker - Visiting attribute path : name
03:44:48.245 [main] DEBUG o.h.l.p.b.i.FetchStyleLoadPlanBuildingAssociationVisitationStrategy - Building LoadPlan...
03:44:48.245 [main] DEBUG o.h.l.p.e.i.LoadQueryJoinAndFetchProcessor - processing queryspace <gen:0>
03:44:48.246 [main] DEBUG o.h.l.p.b.spi.LoadPlanTreePrinter - LoadPlan(entity=edu.ncsu.csc.itrust2.models.persistent.Drug)
    - Returns
       - EntityReturnImpl(entity=edu.ncsu.csc.itrust2.models.persistent.Drug, querySpaceUid=<gen:0>, path=edu.ncsu.csc.itrust2.models.persistent.Drug)
    - QuerySpaces
       - EntityQuerySpaceImpl(uid=<gen:0>, entity=edu.ncsu.csc.itrust2.models.persistent.Drug)
          - SQL table alias mapping - drug0_
          - alias suffix - 0_
          - suffixed key columns - {id1_3_0_}

03:44:48.246 [main] DEBUG o.h.loader.entity.plan.EntityLoader - Static select for entity edu.ncsu.csc.itrust2.models.persistent.Drug [UPGRADE_NOWAIT]: select drug0_.id as id1_3_0_, drug0_.code as code2_3_0_, drug0_.description as descript3_3_0_, drug0_.name as name4_3_0_ from Drugs drug0_ where drug0_.id=? for update
03:44:48.246 [main] DEBUG o.h.l.p.b.i.spaces.QuerySpacesImpl - Adding QuerySpace : uid = <gen:0> -> org.hibernate.loader.plan.build.internal.spaces.EntityQuerySpaceImpl@5adfe27c]
03:44:48.246 [main] DEBUG o.h.p.w.spi.MetamodelGraphWalker - Visiting attribute path : code
03:44:48.246 [main] DEBUG o.h.p.w.spi.MetamodelGraphWalker - Visiting attribute path : description
03:44:48.246 [main] DEBUG o.h.p.w.spi.MetamodelGraphWalker - Visiting attribute path : name
03:44:48.247 [main] DEBUG o.h.l.p.b.i.FetchStyleLoadPlanBuildingAssociationVisitationStrategy - Building LoadPlan...
03:44:48.247 [main] DEBUG o.h.l.p.e.i.LoadQueryJoinAndFetchProcessor - processing queryspace <gen:0>
03:44:48.247 [main] DEBUG o.h.l.p.b.spi.LoadPlanTreePrinter - LoadPlan(entity=edu.ncsu.csc.itrust2.models.persistent.Drug)
    - Returns
       - EntityReturnImpl(entity=edu.ncsu.csc.itrust2.models.persistent.Drug, querySpaceUid=<gen:0>, path=edu.ncsu.csc.itrust2.models.persistent.Drug)
    - QuerySpaces
       - EntityQuerySpaceImpl(uid=<gen:0>, entity=edu.ncsu.csc.itrust2.models.persistent.Drug)
          - SQL table alias mapping - drug0_
          - alias suffix - 0_
          - suffixed key columns - {id1_3_0_}

03:44:48.247 [main] DEBUG o.h.loader.entity.plan.EntityLoader - Static select for entity edu.ncsu.csc.itrust2.models.persistent.Drug [UPGRADE_SKIPLOCKED]: select drug0_.id as id1_3_0_, drug0_.code as code2_3_0_, drug0_.description as descript3_3_0_, drug0_.name as name4_3_0_ from Drugs drug0_ where drug0_.id=? for update
03:44:48.247 [main] DEBUG o.h.l.p.b.i.spaces.QuerySpacesImpl - Adding QuerySpace : uid = <gen:0> -> org.hibernate.loader.plan.build.internal.spaces.EntityQuerySpaceImpl@256d0b2a]
03:44:48.247 [main] DEBUG o.h.p.w.spi.MetamodelGraphWalker - Visiting attribute path : code
03:44:48.247 [main] DEBUG o.h.p.w.spi.MetamodelGraphWalker - Visiting attribute path : description
03:44:48.247 [main] DEBUG o.h.p.w.spi.MetamodelGraphWalker - Visiting attribute path : name
03:44:48.247 [main] DEBUG o.h.l.p.b.i.FetchStyleLoadPlanBuildingAssociationVisitationStrategy - Building LoadPlan...
03:44:48.247 [main] DEBUG o.h.l.p.e.i.LoadQueryJoinAndFetchProcessor - processing queryspace <gen:0>
03:44:48.248 [main] DEBUG o.h.l.p.b.spi.LoadPlanTreePrinter - LoadPlan(entity=edu.ncsu.csc.itrust2.models.persistent.Drug)
    - Returns
       - EntityReturnImpl(entity=edu.ncsu.csc.itrust2.models.persistent.Drug, querySpaceUid=<gen:0>, path=edu.ncsu.csc.itrust2.models.persistent.Drug)
    - QuerySpaces
       - EntityQuerySpaceImpl(uid=<gen:0>, entity=edu.ncsu.csc.itrust2.models.persistent.Drug)
          - SQL table alias mapping - drug0_
          - alias suffix - 0_
          - suffixed key columns - {id1_3_0_}

03:44:48.248 [main] DEBUG o.h.loader.entity.plan.EntityLoader - Static select for entity edu.ncsu.csc.itrust2.models.persistent.Drug [FORCE]: select drug0_.id as id1_3_0_, drug0_.code as code2_3_0_, drug0_.description as descript3_3_0_, drug0_.name as name4_3_0_ from Drugs drug0_ where drug0_.id=? for update
03:44:48.248 [main] DEBUG o.h.l.p.b.i.spaces.QuerySpacesImpl - Adding QuerySpace : uid = <gen:0> -> org.hibernate.loader.plan.build.internal.spaces.EntityQuerySpaceImpl@5e36d0fc]
03:44:48.248 [main] DEBUG o.h.p.w.spi.MetamodelGraphWalker - Visiting attribute path : code
03:44:48.248 [main] DEBUG o.h.p.w.spi.MetamodelGraphWalker - Visiting attribute path : description
03:44:48.248 [main] DEBUG o.h.p.w.spi.MetamodelGraphWalker - Visiting attribute path : name
03:44:48.248 [main] DEBUG o.h.l.p.b.i.FetchStyleLoadPlanBuildingAssociationVisitationStrategy - Building LoadPlan...
03:44:48.248 [main] DEBUG o.h.l.p.e.i.LoadQueryJoinAndFetchProcessor - processing queryspace <gen:0>
03:44:48.249 [main] DEBUG o.h.l.p.b.spi.LoadPlanTreePrinter - LoadPlan(entity=edu.ncsu.csc.itrust2.models.persistent.Drug)
    - Returns
       - EntityReturnImpl(entity=edu.ncsu.csc.itrust2.models.persistent.Drug, querySpaceUid=<gen:0>, path=edu.ncsu.csc.itrust2.models.persistent.Drug)
    - QuerySpaces
       - EntityQuerySpaceImpl(uid=<gen:0>, entity=edu.ncsu.csc.itrust2.models.persistent.Drug)
          - SQL table alias mapping - drug0_
          - alias suffix - 0_
          - suffixed key columns - {id1_3_0_}

03:44:48.249 [main] DEBUG o.h.loader.entity.plan.EntityLoader - Static select for entity edu.ncsu.csc.itrust2.models.persistent.Drug [PESSIMISTIC_READ]: select drug0_.id as id1_3_0_, drug0_.code as code2_3_0_, drug0_.description as descript3_3_0_, drug0_.name as name4_3_0_ from Drugs drug0_ where drug0_.id=? lock in share mode
03:44:48.249 [main] DEBUG o.h.l.p.b.i.spaces.QuerySpacesImpl - Adding QuerySpace : uid = <gen:0> -> org.hibernate.loader.plan.build.internal.spaces.EntityQuerySpaceImpl@6a466405]
03:44:48.249 [main] DEBUG o.h.p.w.spi.MetamodelGraphWalker - Visiting attribute path : code
03:44:48.249 [main] DEBUG o.h.p.w.spi.MetamodelGraphWalker - Visiting attribute path : description
03:44:48.249 [main] DEBUG o.h.p.w.spi.MetamodelGraphWalker - Visiting attribute path : name
03:44:48.249 [main] DEBUG o.h.l.p.b.i.FetchStyleLoadPlanBuildingAssociationVisitationStrategy - Building LoadPlan...
03:44:48.249 [main] DEBUG o.h.l.p.e.i.LoadQueryJoinAndFetchProcessor - processing queryspace <gen:0>
03:44:48.249 [main] DEBUG o.h.l.p.b.spi.LoadPlanTreePrinter - LoadPlan(entity=edu.ncsu.csc.itrust2.models.persistent.Drug)
    - Returns
       - EntityReturnImpl(entity=edu.ncsu.csc.itrust2.models.persistent.Drug, querySpaceUid=<gen:0>, path=edu.ncsu.csc.itrust2.models.persistent.Drug)
    - QuerySpaces
       - EntityQuerySpaceImpl(uid=<gen:0>, entity=edu.ncsu.csc.itrust2.models.persistent.Drug)
          - SQL table alias mapping - drug0_
          - alias suffix - 0_
          - suffixed key columns - {id1_3_0_}

03:44:48.250 [main] DEBUG o.h.loader.entity.plan.EntityLoader - Static select for entity edu.ncsu.csc.itrust2.models.persistent.Drug [PESSIMISTIC_WRITE]: select drug0_.id as id1_3_0_, drug0_.code as code2_3_0_, drug0_.description as descript3_3_0_, drug0_.name as name4_3_0_ from Drugs drug0_ where drug0_.id=? for update
03:44:48.250 [main] DEBUG o.h.l.p.b.i.spaces.QuerySpacesImpl - Adding QuerySpace : uid = <gen:0> -> org.hibernate.loader.plan.build.internal.spaces.EntityQuerySpaceImpl@1cc7c93]
03:44:48.250 [main] DEBUG o.h.p.w.spi.MetamodelGraphWalker - Visiting attribute path : code
03:44:48.250 [main] DEBUG o.h.p.w.spi.MetamodelGraphWalker - Visiting attribute path : description
03:44:48.250 [main] DEBUG o.h.p.w.spi.MetamodelGraphWalker - Visiting attribute path : name
03:44:48.250 [main] DEBUG o.h.l.p.b.i.FetchStyleLoadPlanBuildingAssociationVisitationStrategy - Building LoadPlan...
03:44:48.250 [main] DEBUG o.h.l.p.e.i.LoadQueryJoinAndFetchProcessor - processing queryspace <gen:0>
03:44:48.250 [main] DEBUG o.h.l.p.b.spi.LoadPlanTreePrinter - LoadPlan(entity=edu.ncsu.csc.itrust2.models.persistent.Drug)
    - Returns
       - EntityReturnImpl(entity=edu.ncsu.csc.itrust2.models.persistent.Drug, querySpaceUid=<gen:0>, path=edu.ncsu.csc.itrust2.models.persistent.Drug)
    - QuerySpaces
       - EntityQuerySpaceImpl(uid=<gen:0>, entity=edu.ncsu.csc.itrust2.models.persistent.Drug)
          - SQL table alias mapping - drug0_
          - alias suffix - 0_
          - suffixed key columns - {id1_3_0_}

03:44:48.250 [main] DEBUG o.h.loader.entity.plan.EntityLoader - Static select for entity edu.ncsu.csc.itrust2.models.persistent.Drug [PESSIMISTIC_FORCE_INCREMENT]: select drug0_.id as id1_3_0_, drug0_.code as code2_3_0_, drug0_.description as descript3_3_0_, drug0_.name as name4_3_0_ from Drugs drug0_ where drug0_.id=? for update
03:44:48.250 [main] DEBUG o.h.l.p.b.i.spaces.QuerySpacesImpl - Adding QuerySpace : uid = <gen:0> -> org.hibernate.loader.plan.build.internal.spaces.EntityQuerySpaceImpl@76f992d]
03:44:48.251 [main] DEBUG o.h.p.w.spi.MetamodelGraphWalker - Visiting attribute path : code
03:44:48.251 [main] DEBUG o.h.p.w.spi.MetamodelGraphWalker - Visiting attribute path : description
03:44:48.251 [main] DEBUG o.h.p.w.spi.MetamodelGraphWalker - Visiting attribute path : name
03:44:48.251 [main] DEBUG o.h.l.p.b.i.FetchStyleLoadPlanBuildingAssociationVisitationStrategy - Building LoadPlan...
03:44:48.251 [main] DEBUG o.h.l.p.e.i.LoadQueryJoinAndFetchProcessor - processing queryspace <gen:0>
03:44:48.251 [main] DEBUG o.h.l.p.b.spi.LoadPlanTreePrinter - LoadPlan(entity=edu.ncsu.csc.itrust2.models.persistent.Drug)
    - Returns
       - EntityReturnImpl(entity=edu.ncsu.csc.itrust2.models.persistent.Drug, querySpaceUid=<gen:0>, path=edu.ncsu.csc.itrust2.models.persistent.Drug)
    - QuerySpaces
       - EntityQuerySpaceImpl(uid=<gen:0>, entity=edu.ncsu.csc.itrust2.models.persistent.Drug)
          - SQL table alias mapping - drug0_
          - alias suffix - 0_
          - suffixed key columns - {id1_3_0_}

03:44:48.251 [main] DEBUG o.h.loader.entity.plan.EntityLoader - Static select for entity edu.ncsu.csc.itrust2.models.persistent.Drug [OPTIMISTIC]: select drug0_.id as id1_3_0_, drug0_.code as code2_3_0_, drug0_.description as descript3_3_0_, drug0_.name as name4_3_0_ from Drugs drug0_ where drug0_.id=?
03:44:48.252 [main] DEBUG o.h.l.p.b.i.spaces.QuerySpacesImpl - Adding QuerySpace : uid = <gen:0> -> org.hibernate.loader.plan.build.internal.spaces.EntityQuerySpaceImpl@23f54365]
03:44:48.252 [main] DEBUG o.h.p.w.spi.MetamodelGraphWalker - Visiting attribute path : code
03:44:48.252 [main] DEBUG o.h.p.w.spi.MetamodelGraphWalker - Visiting attribute path : description
03:44:48.252 [main] DEBUG o.h.p.w.spi.MetamodelGraphWalker - Visiting attribute path : name
03:44:48.252 [main] DEBUG o.h.l.p.b.i.FetchStyleLoadPlanBuildingAssociationVisitationStrategy - Building LoadPlan...
03:44:48.252 [main] DEBUG o.h.l.p.e.i.LoadQueryJoinAndFetchProcessor - processing queryspace <gen:0>
03:44:48.253 [main] DEBUG o.h.l.p.b.spi.LoadPlanTreePrinter - LoadPlan(entity=edu.ncsu.csc.itrust2.models.persistent.Drug)
    - Returns
       - EntityReturnImpl(entity=edu.ncsu.csc.itrust2.models.persistent.Drug, querySpaceUid=<gen:0>, path=edu.ncsu.csc.itrust2.models.persistent.Drug)
    - QuerySpaces
       - EntityQuerySpaceImpl(uid=<gen:0>, entity=edu.ncsu.csc.itrust2.models.persistent.Drug)
          - SQL table alias mapping - drug0_
          - alias suffix - 0_
          - suffixed key columns - {id1_3_0_}

03:44:48.254 [main] DEBUG o.h.loader.entity.plan.EntityLoader - Static select for entity edu.ncsu.csc.itrust2.models.persistent.Drug [OPTIMISTIC_FORCE_INCREMENT]: select drug0_.id as id1_3_0_, drug0_.code as code2_3_0_, drug0_.description as descript3_3_0_, drug0_.name as name4_3_0_ from Drugs drug0_ where drug0_.id=?
03:44:48.255 [main] DEBUG org.hibernate.loader.Loader - Static select for action ACTION_MERGE on entity edu.ncsu.csc.itrust2.models.persistent.Drug: select drug0_.id as id1_3_0_, drug0_.code as code2_3_0_, drug0_.description as descript3_3_0_, drug0_.name as name4_3_0_ from Drugs drug0_ where drug0_.id=?
03:44:48.255 [main] DEBUG org.hibernate.loader.Loader - Static select for action ACTION_REFRESH on entity edu.ncsu.csc.itrust2.models.persistent.Drug: select drug0_.id as id1_3_0_, drug0_.code as code2_3_0_, drug0_.description as descript3_3_0_, drug0_.name as name4_3_0_ from Drugs drug0_ where drug0_.id=?
03:44:48.255 [main] DEBUG o.h.p.entity.AbstractEntityPersister - Static SQL for entity: edu.ncsu.csc.itrust2.models.persistent.Diagnosis
03:44:48.255 [main] DEBUG o.h.p.entity.AbstractEntityPersister -  Version select: select id from Diagnoses where id =?
03:44:48.255 [main] DEBUG o.h.p.entity.AbstractEntityPersister -  Snapshot select: select diagnosis_.id, diagnosis_.code_id as code_id3_2_, diagnosis_.note as note2_2_, diagnosis_.visit_id as visit_id4_2_ from Diagnoses diagnosis_ where diagnosis_.id=?
03:44:48.256 [main] DEBUG o.h.p.entity.AbstractEntityPersister -  Insert 0: insert into Diagnoses (code_id, note, visit_id, id) values (?, ?, ?, ?)
03:44:48.256 [main] DEBUG o.h.p.entity.AbstractEntityPersister -  Update 0: update Diagnoses set code_id=?, note=?, visit_id=? where id=?
03:44:48.256 [main] DEBUG o.h.p.entity.AbstractEntityPersister -  Delete 0: delete from Diagnoses where id=?
03:44:48.256 [main] DEBUG o.h.l.p.b.i.spaces.QuerySpacesImpl - Adding QuerySpace : uid = <gen:0> -> org.hibernate.loader.plan.build.internal.spaces.EntityQuerySpaceImpl@3e6d2a6]
03:44:48.256 [main] DEBUG o.h.p.w.spi.MetamodelGraphWalker - Visiting attribute path : code
03:44:48.256 [main] DEBUG o.h.l.p.b.i.spaces.QuerySpacesImpl - Adding QuerySpace : uid = <gen:1> -> org.hibernate.loader.plan.build.internal.spaces.EntityQuerySpaceImpl@373ae995]
03:44:48.256 [main] DEBUG o.h.p.w.spi.MetamodelGraphWalker - Visiting attribute path : code.code
03:44:48.256 [main] DEBUG o.h.p.w.spi.MetamodelGraphWalker - Visiting attribute path : code.description
03:44:48.256 [main] DEBUG o.h.p.w.spi.MetamodelGraphWalker - Visiting attribute path : note
03:44:48.257 [main] DEBUG o.h.p.w.spi.MetamodelGraphWalker - Visiting attribute path : visit
03:44:48.257 [main] DEBUG o.h.l.p.b.i.spaces.QuerySpacesImpl - Adding QuerySpace : uid = <gen:2> -> org.hibernate.loader.plan.build.internal.spaces.EntityQuerySpaceImpl@2630e6c7]
03:44:48.257 [main] DEBUG o.h.p.w.spi.MetamodelGraphWalker - Visiting attribute path : visit.appointment
03:44:48.257 [main] DEBUG o.h.l.p.b.i.spaces.QuerySpacesImpl - Adding QuerySpace : uid = <gen:3> -> org.hibernate.loader.plan.build.internal.spaces.EntityQuerySpaceImpl@13f42792]
03:44:48.257 [main] DEBUG o.h.p.w.spi.MetamodelGraphWalker - Visiting attribute path : visit.appointment.comments
03:44:48.257 [main] DEBUG o.h.p.w.spi.MetamodelGraphWalker - Visiting attribute path : visit.appointment.date
03:44:48.257 [main] DEBUG o.h.p.w.spi.MetamodelGraphWalker - Visiting attribute path : visit.appointment.hcp
03:44:48.257 [main] DEBUG o.h.l.p.b.i.spaces.QuerySpacesImpl - Adding QuerySpace : uid = <gen:4> -> org.hibernate.loader.plan.build.internal.spaces.EntityQuerySpaceImpl@122a2f74]
03:44:48.257 [main] DEBUG o.h.p.w.spi.MetamodelGraphWalker - Visiting attribute path : visit.appointment.patient
03:44:48.257 [main] DEBUG o.h.l.p.b.i.spaces.QuerySpacesImpl - Adding QuerySpace : uid = <gen:5> -> org.hibernate.loader.plan.build.internal.spaces.EntityQuerySpaceImpl@71da6045]
03:44:48.257 [main] DEBUG o.h.p.w.spi.MetamodelGraphWalker - Visiting attribute path : visit.appointment.status
03:44:48.257 [main] DEBUG o.h.p.w.spi.MetamodelGraphWalker - Visiting attribute path : visit.appointment.type
03:44:48.257 [main] DEBUG o.h.p.w.spi.MetamodelGraphWalker - Visiting attribute path : visit.basicHealthMetrics
03:44:48.257 [main] DEBUG o.h.l.p.b.i.spaces.QuerySpacesImpl - Adding QuerySpace : uid = <gen:6> -> org.hibernate.loader.plan.build.internal.spaces.EntityQuerySpaceImpl@43a0015b]
03:44:48.258 [main] DEBUG o.h.p.w.spi.MetamodelGraphWalker - Visiting attribute path : visit.basicHealthMetrics.diastolic
03:44:48.258 [main] DEBUG o.h.p.w.spi.MetamodelGraphWalker - Visiting attribute path : visit.basicHealthMetrics.hcp
03:44:48.258 [main] DEBUG o.h.l.p.b.i.spaces.QuerySpacesImpl - Adding QuerySpace : uid = <gen:7> -> org.hibernate.loader.plan.build.internal.spaces.EntityQuerySpaceImpl@5ceb4036]
03:44:48.258 [main] DEBUG o.h.p.w.spi.MetamodelGraphWalker - Visiting attribute path : visit.basicHealthMetrics.hdl
03:44:48.258 [main] DEBUG o.h.p.w.spi.MetamodelGraphWalker - Visiting attribute path : visit.basicHealthMetrics.headCircumference
03:44:48.258 [main] DEBUG o.h.p.w.spi.MetamodelGraphWalker - Visiting attribute path : visit.basicHealthMetrics.height
03:44:48.258 [main] DEBUG o.h.p.w.spi.MetamodelGraphWalker - Visiting attribute path : visit.basicHealthMetrics.houseSmokingStatus
03:44:48.258 [main] DEBUG o.h.p.w.spi.MetamodelGraphWalker - Visiting attribute path : visit.basicHealthMetrics.ldl
03:44:48.258 [main] DEBUG o.h.p.w.spi.MetamodelGraphWalker - Visiting attribute path : visit.basicHealthMetrics.patient
03:44:48.258 [main] DEBUG o.h.l.p.b.i.spaces.QuerySpacesImpl - Adding QuerySpace : uid = <gen:8> -> org.hibernate.loader.plan.build.internal.spaces.EntityQuerySpaceImpl@7e11cba6]
03:44:48.258 [main] DEBUG o.h.p.w.spi.MetamodelGraphWalker - Visiting attribute path : visit.basicHealthMetrics.patientSmokingStatus
03:44:48.258 [main] DEBUG o.h.p.w.spi.MetamodelGraphWalker - Visiting attribute path : visit.basicHealthMetrics.systolic
03:44:48.258 [main] DEBUG o.h.p.w.spi.MetamodelGraphWalker - Visiting attribute path : visit.basicHealthMetrics.tri
03:44:48.258 [main] DEBUG o.h.p.w.spi.MetamodelGraphWalker - Visiting attribute path : visit.basicHealthMetrics.weight
03:44:48.258 [main] DEBUG o.h.p.w.spi.MetamodelGraphWalker - Visiting attribute path : visit.date
03:44:48.258 [main] DEBUG o.h.p.w.spi.MetamodelGraphWalker - Visiting attribute path : visit.hcp
03:44:48.258 [main] DEBUG o.h.l.p.b.i.spaces.QuerySpacesImpl - Adding QuerySpace : uid = <gen:9> -> org.hibernate.loader.plan.build.internal.spaces.EntityQuerySpaceImpl@3df8a7e6]
03:44:48.258 [main] DEBUG o.h.p.w.spi.MetamodelGraphWalker - Visiting attribute path : visit.hcp.enabled
03:44:48.258 [main] DEBUG o.h.p.w.spi.MetamodelGraphWalker - Visiting attribute path : visit.hcp.password
03:44:48.258 [main] DEBUG o.h.p.w.spi.MetamodelGraphWalker - Visiting attribute path : visit.hcp.role
03:44:48.258 [main] DEBUG o.h.p.w.spi.MetamodelGraphWalker - Visiting attribute path : visit.hospital
03:44:48.258 [main] DEBUG o.h.l.p.b.i.spaces.QuerySpacesImpl - Adding QuerySpace : uid = <gen:10> -> org.hibernate.loader.plan.build.internal.spaces.EntityQuerySpaceImpl@68573a77]
03:44:48.258 [main] DEBUG o.h.p.w.spi.MetamodelGraphWalker - Visiting attribute path : visit.hospital.address
03:44:48.258 [main] DEBUG o.h.p.w.spi.MetamodelGraphWalker - Visiting attribute path : visit.hospital.state
03:44:48.258 [main] DEBUG o.h.p.w.spi.MetamodelGraphWalker - Visiting attribute path : visit.hospital.zip
03:44:48.258 [main] DEBUG o.h.p.w.spi.MetamodelGraphWalker - Visiting attribute path : visit.notes
03:44:48.258 [main] DEBUG o.h.p.w.spi.MetamodelGraphWalker - Visiting attribute path : visit.patient
03:44:48.258 [main] DEBUG o.h.l.p.b.i.spaces.QuerySpacesImpl - Adding QuerySpace : uid = <gen:11> -> org.hibernate.loader.plan.build.internal.spaces.EntityQuerySpaceImpl@60d4d35c]
03:44:48.258 [main] DEBUG o.h.p.w.spi.MetamodelGraphWalker - Visiting attribute path : visit.patient.enabled
03:44:48.263 [main] DEBUG o.h.p.w.spi.MetamodelGraphWalker - Visiting attribute path : visit.patient.password
03:44:48.263 [main] DEBUG o.h.p.w.spi.MetamodelGraphWalker - Visiting attribute path : visit.patient.role
03:44:48.263 [main] DEBUG o.h.p.w.spi.MetamodelGraphWalker - Visiting attribute path : visit.prescriptions
03:44:48.264 [main] DEBUG o.h.l.p.b.i.spaces.QuerySpacesImpl - Adding QuerySpace : uid = <gen:12> -> org.hibernate.loader.plan.build.internal.spaces.CollectionQuerySpaceImpl@6668eae]
03:44:48.264 [main] DEBUG o.h.l.p.b.i.spaces.QuerySpacesImpl - Adding QuerySpace : uid = <gen:13> -> org.hibernate.loader.plan.build.internal.spaces.EntityQuerySpaceImpl@424874c2]
03:44:48.264 [main] DEBUG o.h.p.w.spi.MetamodelGraphWalker - Visiting attribute path : visit.prescriptions.dosage
03:44:48.264 [main] DEBUG o.h.p.w.spi.MetamodelGraphWalker - Visiting attribute path : visit.prescriptions.drug
03:44:48.264 [main] DEBUG o.h.l.p.b.i.spaces.QuerySpacesImpl - Adding QuerySpace : uid = <gen:14> -> org.hibernate.loader.plan.build.internal.spaces.EntityQuerySpaceImpl@7d8ca91e]
03:44:48.264 [main] DEBUG o.h.p.w.spi.MetamodelGraphWalker - Visiting attribute path : visit.prescriptions.endDate
03:44:48.264 [main] DEBUG o.h.p.w.spi.MetamodelGraphWalker - Visiting attribute path : visit.prescriptions.patient
03:44:48.265 [main] DEBUG o.h.l.p.b.i.spaces.QuerySpacesImpl - Adding QuerySpace : uid = <gen:15> -> org.hibernate.loader.plan.build.internal.spaces.EntityQuerySpaceImpl@7ce32c09]
03:44:48.265 [main] DEBUG o.h.p.w.spi.MetamodelGraphWalker - Visiting attribute path : visit.prescriptions.renewals
03:44:48.265 [main] DEBUG o.h.p.w.spi.MetamodelGraphWalker - Visiting attribute path : visit.prescriptions.startDate
03:44:48.265 [main] DEBUG o.h.p.w.spi.MetamodelGraphWalker - Visiting attribute path : visit.type
03:44:48.265 [main] DEBUG o.h.l.p.b.i.FetchStyleLoadPlanBuildingAssociationVisitationStrategy - Building LoadPlan...
03:44:48.265 [main] DEBUG o.h.l.p.e.i.LoadQueryJoinAndFetchProcessor - processing queryspace <gen:0>
03:44:48.266 [main] DEBUG o.h.l.p.b.spi.LoadPlanTreePrinter - LoadPlan(entity=edu.ncsu.csc.itrust2.models.persistent.Diagnosis)
    - Returns
       - EntityReturnImpl(entity=edu.ncsu.csc.itrust2.models.persistent.Diagnosis, querySpaceUid=<gen:0>, path=edu.ncsu.csc.itrust2.models.persistent.Diagnosis)
          - EntityAttributeFetchImpl(entity=edu.ncsu.csc.itrust2.models.persistent.ICDCode, querySpaceUid=<gen:1>, path=edu.ncsu.csc.itrust2.models.persistent.Diagnosis.code)
          - EntityAttributeFetchImpl(entity=edu.ncsu.csc.itrust2.models.persistent.OfficeVisit, querySpaceUid=<gen:2>, path=edu.ncsu.csc.itrust2.models.persistent.Diagnosis.visit)
             - EntityAttributeFetchImpl(entity=edu.ncsu.csc.itrust2.models.persistent.AppointmentRequest, querySpaceUid=<gen:3>, path=edu.ncsu.csc.itrust2.models.persistent.Diagnosis.visit.appointment)
                - EntityAttributeFetchImpl(entity=edu.ncsu.csc.itrust2.models.persistent.User, querySpaceUid=<gen:4>, path=edu.ncsu.csc.itrust2.models.persistent.Diagnosis.visit.appointment.hcp)
                - EntityAttributeFetchImpl(entity=edu.ncsu.csc.itrust2.models.persistent.User, querySpaceUid=<gen:5>, path=edu.ncsu.csc.itrust2.models.persistent.Diagnosis.visit.appointment.patient)
             - EntityAttributeFetchImpl(entity=edu.ncsu.csc.itrust2.models.persistent.BasicHealthMetrics, querySpaceUid=<gen:6>, path=edu.ncsu.csc.itrust2.models.persistent.Diagnosis.visit.basicHealthMetrics)
                - EntityAttributeFetchImpl(entity=edu.ncsu.csc.itrust2.models.persistent.User, querySpaceUid=<gen:7>, path=edu.ncsu.csc.itrust2.models.persistent.Diagnosis.visit.basicHealthMetrics.hcp)
                - EntityAttributeFetchImpl(entity=edu.ncsu.csc.itrust2.models.persistent.User, querySpaceUid=<gen:8>, path=edu.ncsu.csc.itrust2.models.persistent.Diagnosis.visit.basicHealthMetrics.patient)
             - EntityAttributeFetchImpl(entity=edu.ncsu.csc.itrust2.models.persistent.User, querySpaceUid=<gen:9>, path=edu.ncsu.csc.itrust2.models.persistent.Diagnosis.visit.hcp)
             - EntityAttributeFetchImpl(entity=edu.ncsu.csc.itrust2.models.persistent.Hospital, querySpaceUid=<gen:10>, path=edu.ncsu.csc.itrust2.models.persistent.Diagnosis.visit.hospital)
             - EntityAttributeFetchImpl(entity=edu.ncsu.csc.itrust2.models.persistent.User, querySpaceUid=<gen:11>, path=edu.ncsu.csc.itrust2.models.persistent.Diagnosis.visit.patient)
             - CollectionAttributeFetchImpl(collection=edu.ncsu.csc.itrust2.models.persistent.OfficeVisit.prescriptions, querySpaceUid=<gen:12>, path=edu.ncsu.csc.itrust2.models.persistent.Diagnosis.visit.prescriptions)
                - (collection element) CollectionFetchableElementEntityGraph(entity=edu.ncsu.csc.itrust2.models.persistent.Prescription, querySpaceUid=<gen:13>, path=edu.ncsu.csc.itrust2.models.persistent.Diagnosis.visit.prescriptions.<elements>)
                   - EntityAttributeFetchImpl(entity=edu.ncsu.csc.itrust2.models.persistent.Drug, querySpaceUid=<gen:14>, path=edu.ncsu.csc.itrust2.models.persistent.Diagnosis.visit.prescriptions.<elements>.drug)
                   - EntityAttributeFetchImpl(entity=edu.ncsu.csc.itrust2.models.persistent.User, querySpaceUid=<gen:15>, path=edu.ncsu.csc.itrust2.models.persistent.Diagnosis.visit.prescriptions.<elements>.patient)
    - QuerySpaces
       - EntityQuerySpaceImpl(uid=<gen:0>, entity=edu.ncsu.csc.itrust2.models.persistent.Diagnosis)
          - SQL table alias mapping - diagnosis0_
          - alias suffix - 0_
          - suffixed key columns - {id1_2_0_}
          - JOIN (JoinDefinedByMetadata(code)) : <gen:0> -> <gen:1>
             - EntityQuerySpaceImpl(uid=<gen:1>, entity=edu.ncsu.csc.itrust2.models.persistent.ICDCode)
                - SQL table alias mapping - icdcode1_
                - alias suffix - 1_
                - suffixed key columns - {id1_5_1_}
          - JOIN (JoinDefinedByMetadata(visit)) : <gen:0> -> <gen:2>
             - EntityQuerySpaceImpl(uid=<gen:2>, entity=edu.ncsu.csc.itrust2.models.persistent.OfficeVisit)
                - SQL table alias mapping - officevisi2_
                - alias suffix - 2_
                - suffixed key columns - {id1_10_2_}
                - JOIN (JoinDefinedByMetadata(appointment)) : <gen:2> -> <gen:3>
                   - EntityQuerySpaceImpl(uid=<gen:3>, entity=edu.ncsu.csc.itrust2.models.persistent.AppointmentRequest)
                      - SQL table alias mapping - appointmen3_
                      - alias suffix - 3_
                      - suffixed key columns - {id1_0_3_}
                - JOIN (JoinDefinedByMetadata(basicHealthMetrics)) : <gen:2> -> <gen:6>
                   - EntityQuerySpaceImpl(uid=<gen:6>, entity=edu.ncsu.csc.itrust2.models.persistent.BasicHealthMetrics)
                      - SQL table alias mapping - basichealt4_
                      - alias suffix - 4_
                      - suffixed key columns - {id1_1_4_}
                - JOIN (JoinDefinedByMetadata(hcp)) : <gen:2> -> <gen:9>
                   - EntityQuerySpaceImpl(uid=<gen:9>, entity=edu.ncsu.csc.itrust2.models.persistent.User)
                      - SQL table alias mapping - user5_
                      - alias suffix - 5_
                      - suffixed key columns - {username1_15_5_}
                - JOIN (JoinDefinedByMetadata(hospital)) : <gen:2> -> <gen:10>
                   - EntityQuerySpaceImpl(uid=<gen:10>, entity=edu.ncsu.csc.itrust2.models.persistent.Hospital)
                      - SQL table alias mapping - hospital6_
                      - alias suffix - 6_
                      - suffixed key columns - {name1_4_6_}
                - JOIN (JoinDefinedByMetadata(patient)) : <gen:2> -> <gen:11>
                   - EntityQuerySpaceImpl(uid=<gen:11>, entity=edu.ncsu.csc.itrust2.models.persistent.User)
                      - SQL table alias mapping - user7_
                      - alias suffix - 7_
                      - suffixed key columns - {username1_15_7_}
                - JOIN (JoinDefinedByMetadata(prescriptions)) : <gen:2> -> <gen:12>
                   - CollectionQuerySpaceImpl(uid=<gen:12>, collection=edu.ncsu.csc.itrust2.models.persistent.OfficeVisit.prescriptions)
                      - SQL table alias mapping - prescripti8_
                      - alias suffix - 8_
                      - suffixed key columns - {prescrip8_14_8_}
                      - entity-element alias suffix - 9_
                      - 9_entity-element suffixed key columns - id1_14_9_
                      - JOIN (JoinDefinedByMetadata(elements)) : <gen:12> -> <gen:13>
                         - EntityQuerySpaceImpl(uid=<gen:13>, entity=edu.ncsu.csc.itrust2.models.persistent.Prescription)
                            - SQL table alias mapping - prescripti8_
                            - alias suffix - 9_
                            - suffixed key columns - {id1_14_9_}

03:44:48.267 [main] DEBUG o.h.loader.entity.plan.EntityLoader - Static select for entity edu.ncsu.csc.itrust2.models.persistent.Diagnosis [NONE]: select diagnosis0_.id as id1_2_0_, diagnosis0_.code_id as code_id3_2_0_, diagnosis0_.note as note2_2_0_, diagnosis0_.visit_id as visit_id4_2_0_, icdcode1_.id as id1_5_1_, icdcode1_.code as code2_5_1_, icdcode1_.description as descript3_5_1_, officevisi2_.id as id1_10_2_, officevisi2_.appointment_id as appointm5_10_2_, officevisi2_.basichealthmetrics_id as basichea6_10_2_, officevisi2_.date as date2_10_2_, officevisi2_.hcp_id as hcp_id7_10_2_, officevisi2_.hospital_id as hospital8_10_2_, officevisi2_.notes as notes3_10_2_, officevisi2_.patient_id as patient_9_10_2_, officevisi2_.type as type4_10_2_, appointmen3_.id as id1_0_3_, appointmen3_.comments as comments2_0_3_, appointmen3_.date as date3_0_3_, appointmen3_.hcp_id as hcp_id6_0_3_, appointmen3_.patient_id as patient_7_0_3_, appointmen3_.status as status4_0_3_, appointmen3_.type as type5_0_3_, basichealt4_.id as id1_1_4_, basichealt4_.diastolic as diastoli2_1_4_, basichealt4_.hcp_id as hcp_id12_1_4_, basichealt4_.hdl as hdl3_1_4_, basichealt4_.headCircumference as headCirc4_1_4_, basichealt4_.height as height5_1_4_, basichealt4_.houseSmokingStatus as houseSmo6_1_4_, basichealt4_.ldl as ldl7_1_4_, basichealt4_.patient_id as patient13_1_4_, basichealt4_.patientSmokingStatus as patientS8_1_4_, basichealt4_.systolic as systolic9_1_4_, basichealt4_.tri as tri10_1_4_, basichealt4_.weight as weight11_1_4_, user5_.username as username1_15_5_, user5_.enabled as enabled2_15_5_, user5_.password as password3_15_5_, user5_.role as role4_15_5_, hospital6_.name as name1_4_6_, hospital6_.address as address2_4_6_, hospital6_.state as state3_4_6_, hospital6_.zip as zip4_4_6_, user7_.username as username1_15_7_, user7_.enabled as enabled2_15_7_, user7_.password as password3_15_7_, user7_.role as role4_15_7_, prescripti8_.prescriptions_id as prescrip8_14_8_, prescripti8_.id as id1_14_8_, prescripti8_.id as id1_14_9_, prescripti8_.dosage as dosage2_14_9_, prescripti8_.drug_id as drug_id6_14_9_, prescripti8_.endDate as endDate3_14_9_, prescripti8_.patient_id as patient_7_14_9_, prescripti8_.renewals as renewals4_14_9_, prescripti8_.startDate as startDat5_14_9_ from Diagnoses diagnosis0_ inner join ICDCodes icdcode1_ on diagnosis0_.code_id=icdcode1_.id inner join OfficeVisits officevisi2_ on diagnosis0_.visit_id=officevisi2_.id left outer join AppointmentRequests appointmen3_ on officevisi2_.appointment_id=appointmen3_.id left outer join BasicHealthMetrics basichealt4_ on officevisi2_.basichealthmetrics_id=basichealt4_.id inner join Users user5_ on officevisi2_.hcp_id=user5_.username inner join Hospitals hospital6_ on officevisi2_.hospital_id=hospital6_.name inner join Users user7_ on officevisi2_.patient_id=user7_.username left outer join Prescriptions prescripti8_ on officevisi2_.id=prescripti8_.prescriptions_id where diagnosis0_.id=?
03:44:48.267 [main] DEBUG o.h.l.p.b.i.spaces.QuerySpacesImpl - Adding QuerySpace : uid = <gen:0> -> org.hibernate.loader.plan.build.internal.spaces.EntityQuerySpaceImpl@78a84d40]
03:44:48.267 [main] DEBUG o.h.p.w.spi.MetamodelGraphWalker - Visiting attribute path : code
03:44:48.267 [main] DEBUG o.h.l.p.b.i.spaces.QuerySpacesImpl - Adding QuerySpace : uid = <gen:1> -> org.hibernate.loader.plan.build.internal.spaces.EntityQuerySpaceImpl@45110105]
03:44:48.267 [main] DEBUG o.h.p.w.spi.MetamodelGraphWalker - Visiting attribute path : code.code
03:44:48.267 [main] DEBUG o.h.p.w.spi.MetamodelGraphWalker - Visiting attribute path : code.description
03:44:48.267 [main] DEBUG o.h.p.w.spi.MetamodelGraphWalker - Visiting attribute path : note
03:44:48.267 [main] DEBUG o.h.p.w.spi.MetamodelGraphWalker - Visiting attribute path : visit
03:44:48.268 [main] DEBUG o.h.l.p.b.i.spaces.QuerySpacesImpl - Adding QuerySpace : uid = <gen:2> -> org.hibernate.loader.plan.build.internal.spaces.EntityQuerySpaceImpl@1a0f75c9]
03:44:48.268 [main] DEBUG o.h.p.w.spi.MetamodelGraphWalker - Visiting attribute path : visit.appointment
03:44:48.268 [main] DEBUG o.h.l.p.b.i.spaces.QuerySpacesImpl - Adding QuerySpace : uid = <gen:3> -> org.hibernate.loader.plan.build.internal.spaces.EntityQuerySpaceImpl@66987e79]
03:44:48.268 [main] DEBUG o.h.p.w.spi.MetamodelGraphWalker - Visiting attribute path : visit.appointment.comments
03:44:48.268 [main] DEBUG o.h.p.w.spi.MetamodelGraphWalker - Visiting attribute path : visit.appointment.date
03:44:48.268 [main] DEBUG o.h.p.w.spi.MetamodelGraphWalker - Visiting attribute path : visit.appointment.hcp
03:44:48.268 [main] DEBUG o.h.l.p.b.i.spaces.QuerySpacesImpl - Adding QuerySpace : uid = <gen:4> -> org.hibernate.loader.plan.build.internal.spaces.EntityQuerySpaceImpl@18465e1a]
03:44:48.268 [main] DEBUG o.h.p.w.spi.MetamodelGraphWalker - Visiting attribute path : visit.appointment.patient
03:44:48.269 [main] DEBUG o.h.l.p.b.i.spaces.QuerySpacesImpl - Adding QuerySpace : uid = <gen:5> -> org.hibernate.loader.plan.build.internal.spaces.EntityQuerySpaceImpl@511af385]
03:44:48.269 [main] DEBUG o.h.p.w.spi.MetamodelGraphWalker - Visiting attribute path : visit.appointment.status
03:44:48.269 [main] DEBUG o.h.p.w.spi.MetamodelGraphWalker - Visiting attribute path : visit.appointment.type
03:44:48.269 [main] DEBUG o.h.p.w.spi.MetamodelGraphWalker - Visiting attribute path : visit.basicHealthMetrics
03:44:48.269 [main] DEBUG o.h.l.p.b.i.spaces.QuerySpacesImpl - Adding QuerySpace : uid = <gen:6> -> org.hibernate.loader.plan.build.internal.spaces.EntityQuerySpaceImpl@74543469]
03:44:48.271 [main] DEBUG o.h.p.w.spi.MetamodelGraphWalker - Visiting attribute path : visit.basicHealthMetrics.diastolic
03:44:48.271 [main] DEBUG o.h.p.w.spi.MetamodelGraphWalker - Visiting attribute path : visit.basicHealthMetrics.hcp
03:44:48.271 [main] DEBUG o.h.l.p.b.i.spaces.QuerySpacesImpl - Adding QuerySpace : uid = <gen:7> -> org.hibernate.loader.plan.build.internal.spaces.EntityQuerySpaceImpl@11ef50fa]
03:44:48.271 [main] DEBUG o.h.p.w.spi.MetamodelGraphWalker - Visiting attribute path : visit.basicHealthMetrics.hdl
03:44:48.271 [main] DEBUG o.h.p.w.spi.MetamodelGraphWalker - Visiting attribute path : visit.basicHealthMetrics.headCircumference
03:44:48.271 [main] DEBUG o.h.p.w.spi.MetamodelGraphWalker - Visiting attribute path : visit.basicHealthMetrics.height
03:44:48.271 [main] DEBUG o.h.p.w.spi.MetamodelGraphWalker - Visiting attribute path : visit.basicHealthMetrics.houseSmokingStatus
03:44:48.271 [main] DEBUG o.h.p.w.spi.MetamodelGraphWalker - Visiting attribute path : visit.basicHealthMetrics.ldl
03:44:48.272 [main] DEBUG o.h.p.w.spi.MetamodelGraphWalker - Visiting attribute path : visit.basicHealthMetrics.patient
03:44:48.272 [main] DEBUG o.h.l.p.b.i.spaces.QuerySpacesImpl - Adding QuerySpace : uid = <gen:8> -> org.hibernate.loader.plan.build.internal.spaces.EntityQuerySpaceImpl@176f1f99]
03:44:48.272 [main] DEBUG o.h.p.w.spi.MetamodelGraphWalker - Visiting attribute path : visit.basicHealthMetrics.patientSmokingStatus
03:44:48.272 [main] DEBUG o.h.p.w.spi.MetamodelGraphWalker - Visiting attribute path : visit.basicHealthMetrics.systolic
03:44:48.273 [main] DEBUG o.h.p.w.spi.MetamodelGraphWalker - Visiting attribute path : visit.basicHealthMetrics.tri
03:44:48.273 [main] DEBUG o.h.p.w.spi.MetamodelGraphWalker - Visiting attribute path : visit.basicHealthMetrics.weight
03:44:48.273 [main] DEBUG o.h.p.w.spi.MetamodelGraphWalker - Visiting attribute path : visit.date
03:44:48.273 [main] DEBUG o.h.p.w.spi.MetamodelGraphWalker - Visiting attribute path : visit.hcp
03:44:48.273 [main] DEBUG o.h.l.p.b.i.spaces.QuerySpacesImpl - Adding QuerySpace : uid = <gen:9> -> org.hibernate.loader.plan.build.internal.spaces.EntityQuerySpaceImpl@42cd8661]
03:44:48.273 [main] DEBUG o.h.p.w.spi.MetamodelGraphWalker - Visiting attribute path : visit.hcp.enabled
03:44:48.273 [main] DEBUG o.h.p.w.spi.MetamodelGraphWalker - Visiting attribute path : visit.hcp.password
03:44:48.273 [main] DEBUG o.h.p.w.spi.MetamodelGraphWalker - Visiting attribute path : visit.hcp.role
03:44:48.275 [main] DEBUG o.h.p.w.spi.MetamodelGraphWalker - Visiting attribute path : visit.hospital
03:44:48.275 [main] DEBUG o.h.l.p.b.i.spaces.QuerySpacesImpl - Adding QuerySpace : uid = <gen:10> -> org.hibernate.loader.plan.build.internal.spaces.EntityQuerySpaceImpl@9651ee1]
03:44:48.275 [main] DEBUG o.h.p.w.spi.MetamodelGraphWalker - Visiting attribute path : visit.hospital.address
03:44:48.275 [main] DEBUG o.h.p.w.spi.MetamodelGraphWalker - Visiting attribute path : visit.hospital.state
03:44:48.275 [main] DEBUG o.h.p.w.spi.MetamodelGraphWalker - Visiting attribute path : visit.hospital.zip
03:44:48.276 [main] DEBUG o.h.p.w.spi.MetamodelGraphWalker - Visiting attribute path : visit.notes
03:44:48.276 [main] DEBUG o.h.p.w.spi.MetamodelGraphWalker - Visiting attribute path : visit.patient
03:44:48.276 [main] DEBUG o.h.l.p.b.i.spaces.QuerySpacesImpl - Adding QuerySpace : uid = <gen:11> -> org.hibernate.loader.plan.build.internal.spaces.EntityQuerySpaceImpl@484937af]
03:44:48.276 [main] DEBUG o.h.p.w.spi.MetamodelGraphWalker - Visiting attribute path : visit.patient.enabled
03:44:48.276 [main] DEBUG o.h.p.w.spi.MetamodelGraphWalker - Visiting attribute path : visit.patient.password
03:44:48.276 [main] DEBUG o.h.p.w.spi.MetamodelGraphWalker - Visiting attribute path : visit.patient.role
03:44:48.277 [main] DEBUG o.h.p.w.spi.MetamodelGraphWalker - Visiting attribute path : visit.prescriptions
03:44:48.277 [main] DEBUG o.h.l.p.b.i.spaces.QuerySpacesImpl - Adding QuerySpace : uid = <gen:12> -> org.hibernate.loader.plan.build.internal.spaces.CollectionQuerySpaceImpl@3c1f4bf1]
03:44:48.277 [main] DEBUG o.h.l.p.b.i.spaces.QuerySpacesImpl - Adding QuerySpace : uid = <gen:13> -> org.hibernate.loader.plan.build.internal.spaces.EntityQuerySpaceImpl@10f65aa2]
03:44:48.277 [main] DEBUG o.h.p.w.spi.MetamodelGraphWalker - Visiting attribute path : visit.prescriptions.dosage
03:44:48.277 [main] DEBUG o.h.p.w.spi.MetamodelGraphWalker - Visiting attribute path : visit.prescriptions.drug
03:44:48.277 [main] DEBUG o.h.l.p.b.i.spaces.QuerySpacesImpl - Adding QuerySpace : uid = <gen:14> -> org.hibernate.loader.plan.build.internal.spaces.EntityQuerySpaceImpl@2c37626f]
03:44:48.277 [main] DEBUG o.h.p.w.spi.MetamodelGraphWalker - Visiting attribute path : visit.prescriptions.endDate
03:44:48.277 [main] DEBUG o.h.p.w.spi.MetamodelGraphWalker - Visiting attribute path : visit.prescriptions.patient
03:44:48.278 [main] DEBUG o.h.l.p.b.i.spaces.QuerySpacesImpl - Adding QuerySpace : uid = <gen:15> -> org.hibernate.loader.plan.build.internal.spaces.EntityQuerySpaceImpl@e360e01]
03:44:48.278 [main] DEBUG o.h.p.w.spi.MetamodelGraphWalker - Visiting attribute path : visit.prescriptions.renewals
03:44:48.278 [main] DEBUG o.h.p.w.spi.MetamodelGraphWalker - Visiting attribute path : visit.prescriptions.startDate
03:44:48.278 [main] DEBUG o.h.p.w.spi.MetamodelGraphWalker - Visiting attribute path : visit.type
03:44:48.278 [main] DEBUG o.h.l.p.b.i.FetchStyleLoadPlanBuildingAssociationVisitationStrategy - Building LoadPlan...
03:44:48.278 [main] DEBUG o.h.l.p.e.i.LoadQueryJoinAndFetchProcessor - processing queryspace <gen:0>
03:44:48.280 [main] DEBUG o.h.l.p.b.spi.LoadPlanTreePrinter - LoadPlan(entity=edu.ncsu.csc.itrust2.models.persistent.Diagnosis)
    - Returns
       - EntityReturnImpl(entity=edu.ncsu.csc.itrust2.models.persistent.Diagnosis, querySpaceUid=<gen:0>, path=edu.ncsu.csc.itrust2.models.persistent.Diagnosis)
          - EntityAttributeFetchImpl(entity=edu.ncsu.csc.itrust2.models.persistent.ICDCode, querySpaceUid=<gen:1>, path=edu.ncsu.csc.itrust2.models.persistent.Diagnosis.code)
          - EntityAttributeFetchImpl(entity=edu.ncsu.csc.itrust2.models.persistent.OfficeVisit, querySpaceUid=<gen:2>, path=edu.ncsu.csc.itrust2.models.persistent.Diagnosis.visit)
             - EntityAttributeFetchImpl(entity=edu.ncsu.csc.itrust2.models.persistent.AppointmentRequest, querySpaceUid=<gen:3>, path=edu.ncsu.csc.itrust2.models.persistent.Diagnosis.visit.appointment)
                - EntityAttributeFetchImpl(entity=edu.ncsu.csc.itrust2.models.persistent.User, querySpaceUid=<gen:4>, path=edu.ncsu.csc.itrust2.models.persistent.Diagnosis.visit.appointment.hcp)
                - EntityAttributeFetchImpl(entity=edu.ncsu.csc.itrust2.models.persistent.User, querySpaceUid=<gen:5>, path=edu.ncsu.csc.itrust2.models.persistent.Diagnosis.visit.appointment.patient)
             - EntityAttributeFetchImpl(entity=edu.ncsu.csc.itrust2.models.persistent.BasicHealthMetrics, querySpaceUid=<gen:6>, path=edu.ncsu.csc.itrust2.models.persistent.Diagnosis.visit.basicHealthMetrics)
                - EntityAttributeFetchImpl(entity=edu.ncsu.csc.itrust2.models.persistent.User, querySpaceUid=<gen:7>, path=edu.ncsu.csc.itrust2.models.persistent.Diagnosis.visit.basicHealthMetrics.hcp)
                - EntityAttributeFetchImpl(entity=edu.ncsu.csc.itrust2.models.persistent.User, querySpaceUid=<gen:8>, path=edu.ncsu.csc.itrust2.models.persistent.Diagnosis.visit.basicHealthMetrics.patient)
             - EntityAttributeFetchImpl(entity=edu.ncsu.csc.itrust2.models.persistent.User, querySpaceUid=<gen:9>, path=edu.ncsu.csc.itrust2.models.persistent.Diagnosis.visit.hcp)
             - EntityAttributeFetchImpl(entity=edu.ncsu.csc.itrust2.models.persistent.Hospital, querySpaceUid=<gen:10>, path=edu.ncsu.csc.itrust2.models.persistent.Diagnosis.visit.hospital)
             - EntityAttributeFetchImpl(entity=edu.ncsu.csc.itrust2.models.persistent.User, querySpaceUid=<gen:11>, path=edu.ncsu.csc.itrust2.models.persistent.Diagnosis.visit.patient)
             - CollectionAttributeFetchImpl(collection=edu.ncsu.csc.itrust2.models.persistent.OfficeVisit.prescriptions, querySpaceUid=<gen:12>, path=edu.ncsu.csc.itrust2.models.persistent.Diagnosis.visit.prescriptions)
                - (collection element) CollectionFetchableElementEntityGraph(entity=edu.ncsu.csc.itrust2.models.persistent.Prescription, querySpaceUid=<gen:13>, path=edu.ncsu.csc.itrust2.models.persistent.Diagnosis.visit.prescriptions.<elements>)
                   - EntityAttributeFetchImpl(entity=edu.ncsu.csc.itrust2.models.persistent.Drug, querySpaceUid=<gen:14>, path=edu.ncsu.csc.itrust2.models.persistent.Diagnosis.visit.prescriptions.<elements>.drug)
                   - EntityAttributeFetchImpl(entity=edu.ncsu.csc.itrust2.models.persistent.User, querySpaceUid=<gen:15>, path=edu.ncsu.csc.itrust2.models.persistent.Diagnosis.visit.prescriptions.<elements>.patient)
    - QuerySpaces
       - EntityQuerySpaceImpl(uid=<gen:0>, entity=edu.ncsu.csc.itrust2.models.persistent.Diagnosis)
          - SQL table alias mapping - diagnosis0_
          - alias suffix - 0_
          - suffixed key columns - {id1_2_0_}
          - JOIN (JoinDefinedByMetadata(code)) : <gen:0> -> <gen:1>
             - EntityQuerySpaceImpl(uid=<gen:1>, entity=edu.ncsu.csc.itrust2.models.persistent.ICDCode)
                - SQL table alias mapping - icdcode1_
                - alias suffix - 1_
                - suffixed key columns - {id1_5_1_}
          - JOIN (JoinDefinedByMetadata(visit)) : <gen:0> -> <gen:2>
             - EntityQuerySpaceImpl(uid=<gen:2>, entity=edu.ncsu.csc.itrust2.models.persistent.OfficeVisit)
                - SQL table alias mapping - officevisi2_
                - alias suffix - 2_
                - suffixed key columns - {id1_10_2_}
                - JOIN (JoinDefinedByMetadata(appointment)) : <gen:2> -> <gen:3>
                   - EntityQuerySpaceImpl(uid=<gen:3>, entity=edu.ncsu.csc.itrust2.models.persistent.AppointmentRequest)
                      - SQL table alias mapping - appointmen3_
                      - alias suffix - 3_
                      - suffixed key columns - {id1_0_3_}
                - JOIN (JoinDefinedByMetadata(basicHealthMetrics)) : <gen:2> -> <gen:6>
                   - EntityQuerySpaceImpl(uid=<gen:6>, entity=edu.ncsu.csc.itrust2.models.persistent.BasicHealthMetrics)
                      - SQL table alias mapping - basichealt4_
                      - alias suffix - 4_
                      - suffixed key columns - {id1_1_4_}
                - JOIN (JoinDefinedByMetadata(hcp)) : <gen:2> -> <gen:9>
                   - EntityQuerySpaceImpl(uid=<gen:9>, entity=edu.ncsu.csc.itrust2.models.persistent.User)
                      - SQL table alias mapping - user5_
                      - alias suffix - 5_
                      - suffixed key columns - {username1_15_5_}
                - JOIN (JoinDefinedByMetadata(hospital)) : <gen:2> -> <gen:10>
                   - EntityQuerySpaceImpl(uid=<gen:10>, entity=edu.ncsu.csc.itrust2.models.persistent.Hospital)
                      - SQL table alias mapping - hospital6_
                      - alias suffix - 6_
                      - suffixed key columns - {name1_4_6_}
                - JOIN (JoinDefinedByMetadata(patient)) : <gen:2> -> <gen:11>
                   - EntityQuerySpaceImpl(uid=<gen:11>, entity=edu.ncsu.csc.itrust2.models.persistent.User)
                      - SQL table alias mapping - user7_
                      - alias suffix - 7_
                      - suffixed key columns - {username1_15_7_}
                - JOIN (JoinDefinedByMetadata(prescriptions)) : <gen:2> -> <gen:12>
                   - CollectionQuerySpaceImpl(uid=<gen:12>, collection=edu.ncsu.csc.itrust2.models.persistent.OfficeVisit.prescriptions)
                      - SQL table alias mapping - prescripti8_
                      - alias suffix - 8_
                      - suffixed key columns - {prescrip8_14_8_}
                      - entity-element alias suffix - 9_
                      - 9_entity-element suffixed key columns - id1_14_9_
                      - JOIN (JoinDefinedByMetadata(elements)) : <gen:12> -> <gen:13>
                         - EntityQuerySpaceImpl(uid=<gen:13>, entity=edu.ncsu.csc.itrust2.models.persistent.Prescription)
                            - SQL table alias mapping - prescripti8_
                            - alias suffix - 9_
                            - suffixed key columns - {id1_14_9_}

03:44:48.280 [main] DEBUG o.h.loader.entity.plan.EntityLoader - Static select for entity edu.ncsu.csc.itrust2.models.persistent.Diagnosis [READ]: select diagnosis0_.id as id1_2_0_, diagnosis0_.code_id as code_id3_2_0_, diagnosis0_.note as note2_2_0_, diagnosis0_.visit_id as visit_id4_2_0_, icdcode1_.id as id1_5_1_, icdcode1_.code as code2_5_1_, icdcode1_.description as descript3_5_1_, officevisi2_.id as id1_10_2_, officevisi2_.appointment_id as appointm5_10_2_, officevisi2_.basichealthmetrics_id as basichea6_10_2_, officevisi2_.date as date2_10_2_, officevisi2_.hcp_id as hcp_id7_10_2_, officevisi2_.hospital_id as hospital8_10_2_, officevisi2_.notes as notes3_10_2_, officevisi2_.patient_id as patient_9_10_2_, officevisi2_.type as type4_10_2_, appointmen3_.id as id1_0_3_, appointmen3_.comments as comments2_0_3_, appointmen3_.date as date3_0_3_, appointmen3_.hcp_id as hcp_id6_0_3_, appointmen3_.patient_id as patient_7_0_3_, appointmen3_.status as status4_0_3_, appointmen3_.type as type5_0_3_, basichealt4_.id as id1_1_4_, basichealt4_.diastolic as diastoli2_1_4_, basichealt4_.hcp_id as hcp_id12_1_4_, basichealt4_.hdl as hdl3_1_4_, basichealt4_.headCircumference as headCirc4_1_4_, basichealt4_.height as height5_1_4_, basichealt4_.houseSmokingStatus as houseSmo6_1_4_, basichealt4_.ldl as ldl7_1_4_, basichealt4_.patient_id as patient13_1_4_, basichealt4_.patientSmokingStatus as patientS8_1_4_, basichealt4_.systolic as systolic9_1_4_, basichealt4_.tri as tri10_1_4_, basichealt4_.weight as weight11_1_4_, user5_.username as username1_15_5_, user5_.enabled as enabled2_15_5_, user5_.password as password3_15_5_, user5_.role as role4_15_5_, hospital6_.name as name1_4_6_, hospital6_.address as address2_4_6_, hospital6_.state as state3_4_6_, hospital6_.zip as zip4_4_6_, user7_.username as username1_15_7_, user7_.enabled as enabled2_15_7_, user7_.password as password3_15_7_, user7_.role as role4_15_7_, prescripti8_.prescriptions_id as prescrip8_14_8_, prescripti8_.id as id1_14_8_, prescripti8_.id as id1_14_9_, prescripti8_.dosage as dosage2_14_9_, prescripti8_.drug_id as drug_id6_14_9_, prescripti8_.endDate as endDate3_14_9_, prescripti8_.patient_id as patient_7_14_9_, prescripti8_.renewals as renewals4_14_9_, prescripti8_.startDate as startDat5_14_9_ from Diagnoses diagnosis0_ inner join ICDCodes icdcode1_ on diagnosis0_.code_id=icdcode1_.id inner join OfficeVisits officevisi2_ on diagnosis0_.visit_id=officevisi2_.id left outer join AppointmentRequests appointmen3_ on officevisi2_.appointment_id=appointmen3_.id left outer join BasicHealthMetrics basichealt4_ on officevisi2_.basichealthmetrics_id=basichealt4_.id inner join Users user5_ on officevisi2_.hcp_id=user5_.username inner join Hospitals hospital6_ on officevisi2_.hospital_id=hospital6_.name inner join Users user7_ on officevisi2_.patient_id=user7_.username left outer join Prescriptions prescripti8_ on officevisi2_.id=prescripti8_.prescriptions_id where diagnosis0_.id=?
03:44:48.281 [main] DEBUG o.h.l.p.b.i.spaces.QuerySpacesImpl - Adding QuerySpace : uid = <gen:0> -> org.hibernate.loader.plan.build.internal.spaces.EntityQuerySpaceImpl@210588]
03:44:48.281 [main] DEBUG o.h.p.w.spi.MetamodelGraphWalker - Visiting attribute path : code
03:44:48.281 [main] DEBUG o.h.l.p.b.i.spaces.QuerySpacesImpl - Adding QuerySpace : uid = <gen:1> -> org.hibernate.loader.plan.build.internal.spaces.EntityQuerySpaceImpl@72a6c2f4]
03:44:48.281 [main] DEBUG o.h.p.w.spi.MetamodelGraphWalker - Visiting attribute path : note
03:44:48.281 [main] DEBUG o.h.p.w.spi.MetamodelGraphWalker - Visiting attribute path : visit
03:44:48.281 [main] DEBUG o.h.l.p.b.i.spaces.QuerySpacesImpl - Adding QuerySpace : uid = <gen:2> -> org.hibernate.loader.plan.build.internal.spaces.EntityQuerySpaceImpl@4c5e9ca7]
03:44:48.281 [main] DEBUG o.h.l.p.b.i.FetchStyleLoadPlanBuildingAssociationVisitationStrategy - Building LoadPlan...
03:44:48.282 [main] DEBUG o.h.l.p.e.i.LoadQueryJoinAndFetchProcessor - processing queryspace <gen:0>
03:44:48.284 [main] DEBUG o.h.l.p.b.spi.LoadPlanTreePrinter - LoadPlan(entity=edu.ncsu.csc.itrust2.models.persistent.Diagnosis)
    - Returns
       - EntityReturnImpl(entity=edu.ncsu.csc.itrust2.models.persistent.Diagnosis, querySpaceUid=<gen:0>, path=edu.ncsu.csc.itrust2.models.persistent.Diagnosis)
          - EntityAttributeFetchImpl(entity=edu.ncsu.csc.itrust2.models.persistent.ICDCode, querySpaceUid=<gen:1>, path=edu.ncsu.csc.itrust2.models.persistent.Diagnosis.code)
          - EntityAttributeFetchImpl(entity=edu.ncsu.csc.itrust2.models.persistent.OfficeVisit, querySpaceUid=<gen:2>, path=edu.ncsu.csc.itrust2.models.persistent.Diagnosis.visit)
    - QuerySpaces
       - EntityQuerySpaceImpl(uid=<gen:0>, entity=edu.ncsu.csc.itrust2.models.persistent.Diagnosis)
          - SQL table alias mapping - diagnosis0_
          - alias suffix - 0_
          - suffixed key columns - {id1_2_0_}

03:44:48.284 [main] DEBUG o.h.loader.entity.plan.EntityLoader - Static select for entity edu.ncsu.csc.itrust2.models.persistent.Diagnosis [UPGRADE]: select diagnosis0_.id as id1_2_0_, diagnosis0_.code_id as code_id3_2_0_, diagnosis0_.note as note2_2_0_, diagnosis0_.visit_id as visit_id4_2_0_ from Diagnoses diagnosis0_ where diagnosis0_.id=? for update
03:44:48.284 [main] DEBUG o.h.l.p.b.i.spaces.QuerySpacesImpl - Adding QuerySpace : uid = <gen:0> -> org.hibernate.loader.plan.build.internal.spaces.EntityQuerySpaceImpl@445bdde1]
03:44:48.284 [main] DEBUG o.h.p.w.spi.MetamodelGraphWalker - Visiting attribute path : code
03:44:48.284 [main] DEBUG o.h.l.p.b.i.spaces.QuerySpacesImpl - Adding QuerySpace : uid = <gen:1> -> org.hibernate.loader.plan.build.internal.spaces.EntityQuerySpaceImpl@4a706bf7]
03:44:48.285 [main] DEBUG o.h.p.w.spi.MetamodelGraphWalker - Visiting attribute path : note
03:44:48.285 [main] DEBUG o.h.p.w.spi.MetamodelGraphWalker - Visiting attribute path : visit
03:44:48.285 [main] DEBUG o.h.l.p.b.i.spaces.QuerySpacesImpl - Adding QuerySpace : uid = <gen:2> -> org.hibernate.loader.plan.build.internal.spaces.EntityQuerySpaceImpl@72737dba]
03:44:48.285 [main] DEBUG o.h.l.p.b.i.FetchStyleLoadPlanBuildingAssociationVisitationStrategy - Building LoadPlan...
03:44:48.285 [main] DEBUG o.h.l.p.e.i.LoadQueryJoinAndFetchProcessor - processing queryspace <gen:0>
03:44:48.286 [main] DEBUG o.h.l.p.b.spi.LoadPlanTreePrinter - LoadPlan(entity=edu.ncsu.csc.itrust2.models.persistent.Diagnosis)
    - Returns
       - EntityReturnImpl(entity=edu.ncsu.csc.itrust2.models.persistent.Diagnosis, querySpaceUid=<gen:0>, path=edu.ncsu.csc.itrust2.models.persistent.Diagnosis)
          - EntityAttributeFetchImpl(entity=edu.ncsu.csc.itrust2.models.persistent.ICDCode, querySpaceUid=<gen:1>, path=edu.ncsu.csc.itrust2.models.persistent.Diagnosis.code)
          - EntityAttributeFetchImpl(entity=edu.ncsu.csc.itrust2.models.persistent.OfficeVisit, querySpaceUid=<gen:2>, path=edu.ncsu.csc.itrust2.models.persistent.Diagnosis.visit)
    - QuerySpaces
       - EntityQuerySpaceImpl(uid=<gen:0>, entity=edu.ncsu.csc.itrust2.models.persistent.Diagnosis)
          - SQL table alias mapping - diagnosis0_
          - alias suffix - 0_
          - suffixed key columns - {id1_2_0_}

03:44:48.287 [main] DEBUG o.h.loader.entity.plan.EntityLoader - Static select for entity edu.ncsu.csc.itrust2.models.persistent.Diagnosis [UPGRADE_NOWAIT]: select diagnosis0_.id as id1_2_0_, diagnosis0_.code_id as code_id3_2_0_, diagnosis0_.note as note2_2_0_, diagnosis0_.visit_id as visit_id4_2_0_ from Diagnoses diagnosis0_ where diagnosis0_.id=? for update
03:44:48.288 [main] DEBUG o.h.l.p.b.i.spaces.QuerySpacesImpl - Adding QuerySpace : uid = <gen:0> -> org.hibernate.loader.plan.build.internal.spaces.EntityQuerySpaceImpl@685d02c0]
03:44:48.288 [main] DEBUG o.h.p.w.spi.MetamodelGraphWalker - Visiting attribute path : code
03:44:48.288 [main] DEBUG o.h.l.p.b.i.spaces.QuerySpacesImpl - Adding QuerySpace : uid = <gen:1> -> org.hibernate.loader.plan.build.internal.spaces.EntityQuerySpaceImpl@2500399]
03:44:48.288 [main] DEBUG o.h.p.w.spi.MetamodelGraphWalker - Visiting attribute path : note
03:44:48.288 [main] DEBUG o.h.p.w.spi.MetamodelGraphWalker - Visiting attribute path : visit
03:44:48.288 [main] DEBUG o.h.l.p.b.i.spaces.QuerySpacesImpl - Adding QuerySpace : uid = <gen:2> -> org.hibernate.loader.plan.build.internal.spaces.EntityQuerySpaceImpl@6ba730c4]
03:44:48.288 [main] DEBUG o.h.l.p.b.i.FetchStyleLoadPlanBuildingAssociationVisitationStrategy - Building LoadPlan...
03:44:48.289 [main] DEBUG o.h.l.p.e.i.LoadQueryJoinAndFetchProcessor - processing queryspace <gen:0>
03:44:48.289 [main] DEBUG o.h.l.p.b.spi.LoadPlanTreePrinter - LoadPlan(entity=edu.ncsu.csc.itrust2.models.persistent.Diagnosis)
    - Returns
       - EntityReturnImpl(entity=edu.ncsu.csc.itrust2.models.persistent.Diagnosis, querySpaceUid=<gen:0>, path=edu.ncsu.csc.itrust2.models.persistent.Diagnosis)
          - EntityAttributeFetchImpl(entity=edu.ncsu.csc.itrust2.models.persistent.ICDCode, querySpaceUid=<gen:1>, path=edu.ncsu.csc.itrust2.models.persistent.Diagnosis.code)
          - EntityAttributeFetchImpl(entity=edu.ncsu.csc.itrust2.models.persistent.OfficeVisit, querySpaceUid=<gen:2>, path=edu.ncsu.csc.itrust2.models.persistent.Diagnosis.visit)
    - QuerySpaces
       - EntityQuerySpaceImpl(uid=<gen:0>, entity=edu.ncsu.csc.itrust2.models.persistent.Diagnosis)
          - SQL table alias mapping - diagnosis0_
          - alias suffix - 0_
          - suffixed key columns - {id1_2_0_}

03:44:48.289 [main] DEBUG o.h.loader.entity.plan.EntityLoader - Static select for entity edu.ncsu.csc.itrust2.models.persistent.Diagnosis [UPGRADE_SKIPLOCKED]: select diagnosis0_.id as id1_2_0_, diagnosis0_.code_id as code_id3_2_0_, diagnosis0_.note as note2_2_0_, diagnosis0_.visit_id as visit_id4_2_0_ from Diagnoses diagnosis0_ where diagnosis0_.id=? for update
03:44:48.289 [main] DEBUG o.h.l.p.b.i.spaces.QuerySpacesImpl - Adding QuerySpace : uid = <gen:0> -> org.hibernate.loader.plan.build.internal.spaces.EntityQuerySpaceImpl@6b6c7472]
03:44:48.289 [main] DEBUG o.h.p.w.spi.MetamodelGraphWalker - Visiting attribute path : code
03:44:48.289 [main] DEBUG o.h.l.p.b.i.spaces.QuerySpacesImpl - Adding QuerySpace : uid = <gen:1> -> org.hibernate.loader.plan.build.internal.spaces.EntityQuerySpaceImpl@155ec2ca]
03:44:48.289 [main] DEBUG o.h.p.w.spi.MetamodelGraphWalker - Visiting attribute path : note
03:44:48.290 [main] DEBUG o.h.p.w.spi.MetamodelGraphWalker - Visiting attribute path : visit
03:44:48.290 [main] DEBUG o.h.l.p.b.i.spaces.QuerySpacesImpl - Adding QuerySpace : uid = <gen:2> -> org.hibernate.loader.plan.build.internal.spaces.EntityQuerySpaceImpl@472df1b5]
03:44:48.290 [main] DEBUG o.h.l.p.b.i.FetchStyleLoadPlanBuildingAssociationVisitationStrategy - Building LoadPlan...
03:44:48.290 [main] DEBUG o.h.l.p.e.i.LoadQueryJoinAndFetchProcessor - processing queryspace <gen:0>
03:44:48.290 [main] DEBUG o.h.l.p.b.spi.LoadPlanTreePrinter - LoadPlan(entity=edu.ncsu.csc.itrust2.models.persistent.Diagnosis)
    - Returns
       - EntityReturnImpl(entity=edu.ncsu.csc.itrust2.models.persistent.Diagnosis, querySpaceUid=<gen:0>, path=edu.ncsu.csc.itrust2.models.persistent.Diagnosis)
          - EntityAttributeFetchImpl(entity=edu.ncsu.csc.itrust2.models.persistent.ICDCode, querySpaceUid=<gen:1>, path=edu.ncsu.csc.itrust2.models.persistent.Diagnosis.code)
          - EntityAttributeFetchImpl(entity=edu.ncsu.csc.itrust2.models.persistent.OfficeVisit, querySpaceUid=<gen:2>, path=edu.ncsu.csc.itrust2.models.persistent.Diagnosis.visit)
    - QuerySpaces
       - EntityQuerySpaceImpl(uid=<gen:0>, entity=edu.ncsu.csc.itrust2.models.persistent.Diagnosis)
          - SQL table alias mapping - diagnosis0_
          - alias suffix - 0_
          - suffixed key columns - {id1_2_0_}

03:44:48.291 [main] DEBUG o.h.loader.entity.plan.EntityLoader - Static select for entity edu.ncsu.csc.itrust2.models.persistent.Diagnosis [FORCE]: select diagnosis0_.id as id1_2_0_, diagnosis0_.code_id as code_id3_2_0_, diagnosis0_.note as note2_2_0_, diagnosis0_.visit_id as visit_id4_2_0_ from Diagnoses diagnosis0_ where diagnosis0_.id=? for update
03:44:48.291 [main] DEBUG o.h.l.p.b.i.spaces.QuerySpacesImpl - Adding QuerySpace : uid = <gen:0> -> org.hibernate.loader.plan.build.internal.spaces.EntityQuerySpaceImpl@4f6ad2c6]
03:44:48.292 [main] DEBUG o.h.p.w.spi.MetamodelGraphWalker - Visiting attribute path : code
03:44:48.292 [main] DEBUG o.h.l.p.b.i.spaces.QuerySpacesImpl - Adding QuerySpace : uid = <gen:1> -> org.hibernate.loader.plan.build.internal.spaces.EntityQuerySpaceImpl@39ff2654]
03:44:48.292 [main] DEBUG o.h.p.w.spi.MetamodelGraphWalker - Visiting attribute path : note
03:44:48.292 [main] DEBUG o.h.p.w.spi.MetamodelGraphWalker - Visiting attribute path : visit
03:44:48.292 [main] DEBUG o.h.l.p.b.i.spaces.QuerySpacesImpl - Adding QuerySpace : uid = <gen:2> -> org.hibernate.loader.plan.build.internal.spaces.EntityQuerySpaceImpl@1177d887]
03:44:48.292 [main] DEBUG o.h.l.p.b.i.FetchStyleLoadPlanBuildingAssociationVisitationStrategy - Building LoadPlan...
03:44:48.292 [main] DEBUG o.h.l.p.e.i.LoadQueryJoinAndFetchProcessor - processing queryspace <gen:0>
03:44:48.294 [main] DEBUG o.h.l.p.b.spi.LoadPlanTreePrinter - LoadPlan(entity=edu.ncsu.csc.itrust2.models.persistent.Diagnosis)
    - Returns
       - EntityReturnImpl(entity=edu.ncsu.csc.itrust2.models.persistent.Diagnosis, querySpaceUid=<gen:0>, path=edu.ncsu.csc.itrust2.models.persistent.Diagnosis)
          - EntityAttributeFetchImpl(entity=edu.ncsu.csc.itrust2.models.persistent.ICDCode, querySpaceUid=<gen:1>, path=edu.ncsu.csc.itrust2.models.persistent.Diagnosis.code)
          - EntityAttributeFetchImpl(entity=edu.ncsu.csc.itrust2.models.persistent.OfficeVisit, querySpaceUid=<gen:2>, path=edu.ncsu.csc.itrust2.models.persistent.Diagnosis.visit)
    - QuerySpaces
       - EntityQuerySpaceImpl(uid=<gen:0>, entity=edu.ncsu.csc.itrust2.models.persistent.Diagnosis)
          - SQL table alias mapping - diagnosis0_
          - alias suffix - 0_
          - suffixed key columns - {id1_2_0_}

03:44:48.295 [main] DEBUG o.h.loader.entity.plan.EntityLoader - Static select for entity edu.ncsu.csc.itrust2.models.persistent.Diagnosis [PESSIMISTIC_READ]: select diagnosis0_.id as id1_2_0_, diagnosis0_.code_id as code_id3_2_0_, diagnosis0_.note as note2_2_0_, diagnosis0_.visit_id as visit_id4_2_0_ from Diagnoses diagnosis0_ where diagnosis0_.id=? lock in share mode
03:44:48.296 [main] DEBUG o.h.l.p.b.i.spaces.QuerySpacesImpl - Adding QuerySpace : uid = <gen:0> -> org.hibernate.loader.plan.build.internal.spaces.EntityQuerySpaceImpl@812c48d]
03:44:48.296 [main] DEBUG o.h.p.w.spi.MetamodelGraphWalker - Visiting attribute path : code
03:44:48.297 [main] DEBUG o.h.l.p.b.i.spaces.QuerySpacesImpl - Adding QuerySpace : uid = <gen:1> -> org.hibernate.loader.plan.build.internal.spaces.EntityQuerySpaceImpl@350c396c]
03:44:48.297 [main] DEBUG o.h.p.w.spi.MetamodelGraphWalker - Visiting attribute path : note
03:44:48.297 [main] DEBUG o.h.p.w.spi.MetamodelGraphWalker - Visiting attribute path : visit
03:44:48.297 [main] DEBUG o.h.l.p.b.i.spaces.QuerySpacesImpl - Adding QuerySpace : uid = <gen:2> -> org.hibernate.loader.plan.build.internal.spaces.EntityQuerySpaceImpl@1a106caa]
03:44:48.297 [main] DEBUG o.h.l.p.b.i.FetchStyleLoadPlanBuildingAssociationVisitationStrategy - Building LoadPlan...
03:44:48.297 [main] DEBUG o.h.l.p.e.i.LoadQueryJoinAndFetchProcessor - processing queryspace <gen:0>
03:44:48.298 [main] DEBUG o.h.l.p.b.spi.LoadPlanTreePrinter - LoadPlan(entity=edu.ncsu.csc.itrust2.models.persistent.Diagnosis)
    - Returns
       - EntityReturnImpl(entity=edu.ncsu.csc.itrust2.models.persistent.Diagnosis, querySpaceUid=<gen:0>, path=edu.ncsu.csc.itrust2.models.persistent.Diagnosis)
          - EntityAttributeFetchImpl(entity=edu.ncsu.csc.itrust2.models.persistent.ICDCode, querySpaceUid=<gen:1>, path=edu.ncsu.csc.itrust2.models.persistent.Diagnosis.code)
          - EntityAttributeFetchImpl(entity=edu.ncsu.csc.itrust2.models.persistent.OfficeVisit, querySpaceUid=<gen:2>, path=edu.ncsu.csc.itrust2.models.persistent.Diagnosis.visit)
    - QuerySpaces
       - EntityQuerySpaceImpl(uid=<gen:0>, entity=edu.ncsu.csc.itrust2.models.persistent.Diagnosis)
          - SQL table alias mapping - diagnosis0_
          - alias suffix - 0_
          - suffixed key columns - {id1_2_0_}

03:44:48.298 [main] DEBUG o.h.loader.entity.plan.EntityLoader - Static select for entity edu.ncsu.csc.itrust2.models.persistent.Diagnosis [PESSIMISTIC_WRITE]: select diagnosis0_.id as id1_2_0_, diagnosis0_.code_id as code_id3_2_0_, diagnosis0_.note as note2_2_0_, diagnosis0_.visit_id as visit_id4_2_0_ from Diagnoses diagnosis0_ where diagnosis0_.id=? for update
03:44:48.298 [main] DEBUG o.h.l.p.b.i.spaces.QuerySpacesImpl - Adding QuerySpace : uid = <gen:0> -> org.hibernate.loader.plan.build.internal.spaces.EntityQuerySpaceImpl@438e5c9]
03:44:48.298 [main] DEBUG o.h.p.w.spi.MetamodelGraphWalker - Visiting attribute path : code
03:44:48.298 [main] DEBUG o.h.l.p.b.i.spaces.QuerySpacesImpl - Adding QuerySpace : uid = <gen:1> -> org.hibernate.loader.plan.build.internal.spaces.EntityQuerySpaceImpl@2e3499ad]
03:44:48.298 [main] DEBUG o.h.p.w.spi.MetamodelGraphWalker - Visiting attribute path : note
03:44:48.298 [main] DEBUG o.h.p.w.spi.MetamodelGraphWalker - Visiting attribute path : visit
03:44:48.298 [main] DEBUG o.h.l.p.b.i.spaces.QuerySpacesImpl - Adding QuerySpace : uid = <gen:2> -> org.hibernate.loader.plan.build.internal.spaces.EntityQuerySpaceImpl@3758d5fd]
03:44:48.298 [main] DEBUG o.h.l.p.b.i.FetchStyleLoadPlanBuildingAssociationVisitationStrategy - Building LoadPlan...
03:44:48.299 [main] DEBUG o.h.l.p.e.i.LoadQueryJoinAndFetchProcessor - processing queryspace <gen:0>
03:44:48.299 [main] DEBUG o.h.l.p.b.spi.LoadPlanTreePrinter - LoadPlan(entity=edu.ncsu.csc.itrust2.models.persistent.Diagnosis)
    - Returns
       - EntityReturnImpl(entity=edu.ncsu.csc.itrust2.models.persistent.Diagnosis, querySpaceUid=<gen:0>, path=edu.ncsu.csc.itrust2.models.persistent.Diagnosis)
          - EntityAttributeFetchImpl(entity=edu.ncsu.csc.itrust2.models.persistent.ICDCode, querySpaceUid=<gen:1>, path=edu.ncsu.csc.itrust2.models.persistent.Diagnosis.code)
          - EntityAttributeFetchImpl(entity=edu.ncsu.csc.itrust2.models.persistent.OfficeVisit, querySpaceUid=<gen:2>, path=edu.ncsu.csc.itrust2.models.persistent.Diagnosis.visit)
    - QuerySpaces
       - EntityQuerySpaceImpl(uid=<gen:0>, entity=edu.ncsu.csc.itrust2.models.persistent.Diagnosis)
          - SQL table alias mapping - diagnosis0_
          - alias suffix - 0_
          - suffixed key columns - {id1_2_0_}

03:44:48.299 [main] DEBUG o.h.loader.entity.plan.EntityLoader - Static select for entity edu.ncsu.csc.itrust2.models.persistent.Diagnosis [PESSIMISTIC_FORCE_INCREMENT]: select diagnosis0_.id as id1_2_0_, diagnosis0_.code_id as code_id3_2_0_, diagnosis0_.note as note2_2_0_, diagnosis0_.visit_id as visit_id4_2_0_ from Diagnoses diagnosis0_ where diagnosis0_.id=? for update
03:44:48.299 [main] DEBUG o.h.l.p.b.i.spaces.QuerySpacesImpl - Adding QuerySpace : uid = <gen:0> -> org.hibernate.loader.plan.build.internal.spaces.EntityQuerySpaceImpl@740d6872]
03:44:48.299 [main] DEBUG o.h.p.w.spi.MetamodelGraphWalker - Visiting attribute path : code
03:44:48.301 [main] DEBUG o.h.l.p.b.i.spaces.QuerySpacesImpl - Adding QuerySpace : uid = <gen:1> -> org.hibernate.loader.plan.build.internal.spaces.EntityQuerySpaceImpl@3cdde1de]
03:44:48.301 [main] DEBUG o.h.p.w.spi.MetamodelGraphWalker - Visiting attribute path : note
03:44:48.301 [main] DEBUG o.h.p.w.spi.MetamodelGraphWalker - Visiting attribute path : visit
03:44:48.302 [main] DEBUG o.h.l.p.b.i.spaces.QuerySpacesImpl - Adding QuerySpace : uid = <gen:2> -> org.hibernate.loader.plan.build.internal.spaces.EntityQuerySpaceImpl@4ddb3c85]
03:44:48.302 [main] DEBUG o.h.l.p.b.i.FetchStyleLoadPlanBuildingAssociationVisitationStrategy - Building LoadPlan...
03:44:48.302 [main] DEBUG o.h.l.p.e.i.LoadQueryJoinAndFetchProcessor - processing queryspace <gen:0>
03:44:48.302 [main] DEBUG o.h.l.p.b.spi.LoadPlanTreePrinter - LoadPlan(entity=edu.ncsu.csc.itrust2.models.persistent.Diagnosis)
    - Returns
       - EntityReturnImpl(entity=edu.ncsu.csc.itrust2.models.persistent.Diagnosis, querySpaceUid=<gen:0>, path=edu.ncsu.csc.itrust2.models.persistent.Diagnosis)
          - EntityAttributeFetchImpl(entity=edu.ncsu.csc.itrust2.models.persistent.ICDCode, querySpaceUid=<gen:1>, path=edu.ncsu.csc.itrust2.models.persistent.Diagnosis.code)
          - EntityAttributeFetchImpl(entity=edu.ncsu.csc.itrust2.models.persistent.OfficeVisit, querySpaceUid=<gen:2>, path=edu.ncsu.csc.itrust2.models.persistent.Diagnosis.visit)
    - QuerySpaces
       - EntityQuerySpaceImpl(uid=<gen:0>, entity=edu.ncsu.csc.itrust2.models.persistent.Diagnosis)
          - SQL table alias mapping - diagnosis0_
          - alias suffix - 0_
          - suffixed key columns - {id1_2_0_}

03:44:48.303 [main] DEBUG o.h.loader.entity.plan.EntityLoader - Static select for entity edu.ncsu.csc.itrust2.models.persistent.Diagnosis [OPTIMISTIC]: select diagnosis0_.id as id1_2_0_, diagnosis0_.code_id as code_id3_2_0_, diagnosis0_.note as note2_2_0_, diagnosis0_.visit_id as visit_id4_2_0_ from Diagnoses diagnosis0_ where diagnosis0_.id=?
03:44:48.303 [main] DEBUG o.h.l.p.b.i.spaces.QuerySpacesImpl - Adding QuerySpace : uid = <gen:0> -> org.hibernate.loader.plan.build.internal.spaces.EntityQuerySpaceImpl@528a83b4]
03:44:48.303 [main] DEBUG o.h.p.w.spi.MetamodelGraphWalker - Visiting attribute path : code
03:44:48.304 [main] DEBUG o.h.l.p.b.i.spaces.QuerySpacesImpl - Adding QuerySpace : uid = <gen:1> -> org.hibernate.loader.plan.build.internal.spaces.EntityQuerySpaceImpl@409fca49]
03:44:48.305 [main] DEBUG o.h.p.w.spi.MetamodelGraphWalker - Visiting attribute path : note
03:44:48.305 [main] DEBUG o.h.p.w.spi.MetamodelGraphWalker - Visiting attribute path : visit
03:44:48.306 [main] DEBUG o.h.l.p.b.i.spaces.QuerySpacesImpl - Adding QuerySpace : uid = <gen:2> -> org.hibernate.loader.plan.build.internal.spaces.EntityQuerySpaceImpl@5434e9cb]
03:44:48.306 [main] DEBUG o.h.l.p.b.i.FetchStyleLoadPlanBuildingAssociationVisitationStrategy - Building LoadPlan...
03:44:48.306 [main] DEBUG o.h.l.p.e.i.LoadQueryJoinAndFetchProcessor - processing queryspace <gen:0>
03:44:48.306 [main] DEBUG o.h.l.p.b.spi.LoadPlanTreePrinter - LoadPlan(entity=edu.ncsu.csc.itrust2.models.persistent.Diagnosis)
    - Returns
       - EntityReturnImpl(entity=edu.ncsu.csc.itrust2.models.persistent.Diagnosis, querySpaceUid=<gen:0>, path=edu.ncsu.csc.itrust2.models.persistent.Diagnosis)
          - EntityAttributeFetchImpl(entity=edu.ncsu.csc.itrust2.models.persistent.ICDCode, querySpaceUid=<gen:1>, path=edu.ncsu.csc.itrust2.models.persistent.Diagnosis.code)
          - EntityAttributeFetchImpl(entity=edu.ncsu.csc.itrust2.models.persistent.OfficeVisit, querySpaceUid=<gen:2>, path=edu.ncsu.csc.itrust2.models.persistent.Diagnosis.visit)
    - QuerySpaces
       - EntityQuerySpaceImpl(uid=<gen:0>, entity=edu.ncsu.csc.itrust2.models.persistent.Diagnosis)
          - SQL table alias mapping - diagnosis0_
          - alias suffix - 0_
          - suffixed key columns - {id1_2_0_}

03:44:48.306 [main] DEBUG o.h.loader.entity.plan.EntityLoader - Static select for entity edu.ncsu.csc.itrust2.models.persistent.Diagnosis [OPTIMISTIC_FORCE_INCREMENT]: select diagnosis0_.id as id1_2_0_, diagnosis0_.code_id as code_id3_2_0_, diagnosis0_.note as note2_2_0_, diagnosis0_.visit_id as visit_id4_2_0_ from Diagnoses diagnosis0_ where diagnosis0_.id=?
03:44:48.307 [main] DEBUG org.hibernate.loader.Loader - Static select for action ACTION_MERGE on entity edu.ncsu.csc.itrust2.models.persistent.Diagnosis: select diagnosis0_.id as id1_2_0_, diagnosis0_.code_id as code_id3_2_0_, diagnosis0_.note as note2_2_0_, diagnosis0_.visit_id as visit_id4_2_0_ from Diagnoses diagnosis0_ where diagnosis0_.id=?
03:44:48.307 [main] DEBUG org.hibernate.loader.Loader - Static select for action ACTION_REFRESH on entity edu.ncsu.csc.itrust2.models.persistent.Diagnosis: select diagnosis0_.id as id1_2_0_, diagnosis0_.code_id as code_id3_2_0_, diagnosis0_.note as note2_2_0_, diagnosis0_.visit_id as visit_id4_2_0_ from Diagnoses diagnosis0_ where diagnosis0_.id=?
03:44:48.308 [main] DEBUG o.h.p.entity.AbstractEntityPersister - Static SQL for entity: edu.ncsu.csc.itrust2.models.persistent.User
03:44:48.308 [main] DEBUG o.h.p.entity.AbstractEntityPersister -  Version select: select username from Users where username =?
03:44:48.308 [main] DEBUG o.h.p.entity.AbstractEntityPersister -  Snapshot select: select user_.username, user_.enabled as enabled2_15_, user_.password as password3_15_, user_.role as role4_15_ from Users user_ where user_.username=?
03:44:48.308 [main] DEBUG o.h.p.entity.AbstractEntityPersister -  Insert 0: insert into Users (enabled, password, role, username) values (?, ?, ?, ?)
03:44:48.308 [main] DEBUG o.h.p.entity.AbstractEntityPersister -  Update 0: update Users set enabled=?, password=?, role=? where username=?
03:44:48.308 [main] DEBUG o.h.p.entity.AbstractEntityPersister -  Delete 0: delete from Users where username=?
03:44:48.308 [main] DEBUG o.h.l.p.b.i.spaces.QuerySpacesImpl - Adding QuerySpace : uid = <gen:0> -> org.hibernate.loader.plan.build.internal.spaces.EntityQuerySpaceImpl@52a547da]
03:44:48.308 [main] DEBUG o.h.p.w.spi.MetamodelGraphWalker - Visiting attribute path : enabled
03:44:48.308 [main] DEBUG o.h.p.w.spi.MetamodelGraphWalker - Visiting attribute path : password
03:44:48.308 [main] DEBUG o.h.p.w.spi.MetamodelGraphWalker - Visiting attribute path : role
03:44:48.309 [main] DEBUG o.h.l.p.b.i.FetchStyleLoadPlanBuildingAssociationVisitationStrategy - Building LoadPlan...
03:44:48.309 [main] DEBUG o.h.l.p.e.i.LoadQueryJoinAndFetchProcessor - processing queryspace <gen:0>
03:44:48.309 [main] DEBUG o.h.l.p.b.spi.LoadPlanTreePrinter - LoadPlan(entity=edu.ncsu.csc.itrust2.models.persistent.User)
    - Returns
       - EntityReturnImpl(entity=edu.ncsu.csc.itrust2.models.persistent.User, querySpaceUid=<gen:0>, path=edu.ncsu.csc.itrust2.models.persistent.User)
    - QuerySpaces
       - EntityQuerySpaceImpl(uid=<gen:0>, entity=edu.ncsu.csc.itrust2.models.persistent.User)
          - SQL table alias mapping - user0_
          - alias suffix - 0_
          - suffixed key columns - {username1_15_0_}

03:44:48.309 [main] DEBUG o.h.loader.entity.plan.EntityLoader - Static select for entity edu.ncsu.csc.itrust2.models.persistent.User [NONE]: select user0_.username as username1_15_0_, user0_.enabled as enabled2_15_0_, user0_.password as password3_15_0_, user0_.role as role4_15_0_ from Users user0_ where user0_.username=?
03:44:48.309 [main] DEBUG o.h.l.p.b.i.spaces.QuerySpacesImpl - Adding QuerySpace : uid = <gen:0> -> org.hibernate.loader.plan.build.internal.spaces.EntityQuerySpaceImpl@7757fa2]
03:44:48.309 [main] DEBUG o.h.p.w.spi.MetamodelGraphWalker - Visiting attribute path : enabled
03:44:48.309 [main] DEBUG o.h.p.w.spi.MetamodelGraphWalker - Visiting attribute path : password
03:44:48.309 [main] DEBUG o.h.p.w.spi.MetamodelGraphWalker - Visiting attribute path : role
03:44:48.309 [main] DEBUG o.h.l.p.b.i.FetchStyleLoadPlanBuildingAssociationVisitationStrategy - Building LoadPlan...
03:44:48.309 [main] DEBUG o.h.l.p.e.i.LoadQueryJoinAndFetchProcessor - processing queryspace <gen:0>
03:44:48.310 [main] DEBUG o.h.l.p.b.spi.LoadPlanTreePrinter - LoadPlan(entity=edu.ncsu.csc.itrust2.models.persistent.User)
    - Returns
       - EntityReturnImpl(entity=edu.ncsu.csc.itrust2.models.persistent.User, querySpaceUid=<gen:0>, path=edu.ncsu.csc.itrust2.models.persistent.User)
    - QuerySpaces
       - EntityQuerySpaceImpl(uid=<gen:0>, entity=edu.ncsu.csc.itrust2.models.persistent.User)
          - SQL table alias mapping - user0_
          - alias suffix - 0_
          - suffixed key columns - {username1_15_0_}

03:44:48.310 [main] DEBUG o.h.loader.entity.plan.EntityLoader - Static select for entity edu.ncsu.csc.itrust2.models.persistent.User [READ]: select user0_.username as username1_15_0_, user0_.enabled as enabled2_15_0_, user0_.password as password3_15_0_, user0_.role as role4_15_0_ from Users user0_ where user0_.username=?
03:44:48.310 [main] DEBUG o.h.l.p.b.i.spaces.QuerySpacesImpl - Adding QuerySpace : uid = <gen:0> -> org.hibernate.loader.plan.build.internal.spaces.EntityQuerySpaceImpl@c1fb6f4]
03:44:48.310 [main] DEBUG o.h.p.w.spi.MetamodelGraphWalker - Visiting attribute path : enabled
03:44:48.310 [main] DEBUG o.h.p.w.spi.MetamodelGraphWalker - Visiting attribute path : password
03:44:48.310 [main] DEBUG o.h.p.w.spi.MetamodelGraphWalker - Visiting attribute path : role
03:44:48.310 [main] DEBUG o.h.l.p.b.i.FetchStyleLoadPlanBuildingAssociationVisitationStrategy - Building LoadPlan...
03:44:48.310 [main] DEBUG o.h.l.p.e.i.LoadQueryJoinAndFetchProcessor - processing queryspace <gen:0>
03:44:48.310 [main] DEBUG o.h.l.p.b.spi.LoadPlanTreePrinter - LoadPlan(entity=edu.ncsu.csc.itrust2.models.persistent.User)
    - Returns
       - EntityReturnImpl(entity=edu.ncsu.csc.itrust2.models.persistent.User, querySpaceUid=<gen:0>, path=edu.ncsu.csc.itrust2.models.persistent.User)
    - QuerySpaces
       - EntityQuerySpaceImpl(uid=<gen:0>, entity=edu.ncsu.csc.itrust2.models.persistent.User)
          - SQL table alias mapping - user0_
          - alias suffix - 0_
          - suffixed key columns - {username1_15_0_}

03:44:48.310 [main] DEBUG o.h.loader.entity.plan.EntityLoader - Static select for entity edu.ncsu.csc.itrust2.models.persistent.User [UPGRADE]: select user0_.username as username1_15_0_, user0_.enabled as enabled2_15_0_, user0_.password as password3_15_0_, user0_.role as role4_15_0_ from Users user0_ where user0_.username=? for update
03:44:48.310 [main] DEBUG o.h.l.p.b.i.spaces.QuerySpacesImpl - Adding QuerySpace : uid = <gen:0> -> org.hibernate.loader.plan.build.internal.spaces.EntityQuerySpaceImpl@280f9319]
03:44:48.311 [main] DEBUG o.h.p.w.spi.MetamodelGraphWalker - Visiting attribute path : enabled
03:44:48.311 [main] DEBUG o.h.p.w.spi.MetamodelGraphWalker - Visiting attribute path : password
03:44:48.311 [main] DEBUG o.h.p.w.spi.MetamodelGraphWalker - Visiting attribute path : role
03:44:48.311 [main] DEBUG o.h.l.p.b.i.FetchStyleLoadPlanBuildingAssociationVisitationStrategy - Building LoadPlan...
03:44:48.311 [main] DEBUG o.h.l.p.e.i.LoadQueryJoinAndFetchProcessor - processing queryspace <gen:0>
03:44:48.311 [main] DEBUG o.h.l.p.b.spi.LoadPlanTreePrinter - LoadPlan(entity=edu.ncsu.csc.itrust2.models.persistent.User)
    - Returns
       - EntityReturnImpl(entity=edu.ncsu.csc.itrust2.models.persistent.User, querySpaceUid=<gen:0>, path=edu.ncsu.csc.itrust2.models.persistent.User)
    - QuerySpaces
       - EntityQuerySpaceImpl(uid=<gen:0>, entity=edu.ncsu.csc.itrust2.models.persistent.User)
          - SQL table alias mapping - user0_
          - alias suffix - 0_
          - suffixed key columns - {username1_15_0_}

03:44:48.311 [main] DEBUG o.h.loader.entity.plan.EntityLoader - Static select for entity edu.ncsu.csc.itrust2.models.persistent.User [UPGRADE_NOWAIT]: select user0_.username as username1_15_0_, user0_.enabled as enabled2_15_0_, user0_.password as password3_15_0_, user0_.role as role4_15_0_ from Users user0_ where user0_.username=? for update
03:44:48.311 [main] DEBUG o.h.l.p.b.i.spaces.QuerySpacesImpl - Adding QuerySpace : uid = <gen:0> -> org.hibernate.loader.plan.build.internal.spaces.EntityQuerySpaceImpl@481a66f0]
03:44:48.311 [main] DEBUG o.h.p.w.spi.MetamodelGraphWalker - Visiting attribute path : enabled
03:44:48.311 [main] DEBUG o.h.p.w.spi.MetamodelGraphWalker - Visiting attribute path : password
03:44:48.311 [main] DEBUG o.h.p.w.spi.MetamodelGraphWalker - Visiting attribute path : role
03:44:48.311 [main] DEBUG o.h.l.p.b.i.FetchStyleLoadPlanBuildingAssociationVisitationStrategy - Building LoadPlan...
03:44:48.312 [main] DEBUG o.h.l.p.e.i.LoadQueryJoinAndFetchProcessor - processing queryspace <gen:0>
03:44:48.312 [main] DEBUG o.h.l.p.b.spi.LoadPlanTreePrinter - LoadPlan(entity=edu.ncsu.csc.itrust2.models.persistent.User)
    - Returns
       - EntityReturnImpl(entity=edu.ncsu.csc.itrust2.models.persistent.User, querySpaceUid=<gen:0>, path=edu.ncsu.csc.itrust2.models.persistent.User)
    - QuerySpaces
       - EntityQuerySpaceImpl(uid=<gen:0>, entity=edu.ncsu.csc.itrust2.models.persistent.User)
          - SQL table alias mapping - user0_
          - alias suffix - 0_
          - suffixed key columns - {username1_15_0_}

03:44:48.312 [main] DEBUG o.h.loader.entity.plan.EntityLoader - Static select for entity edu.ncsu.csc.itrust2.models.persistent.User [UPGRADE_SKIPLOCKED]: select user0_.username as username1_15_0_, user0_.enabled as enabled2_15_0_, user0_.password as password3_15_0_, user0_.role as role4_15_0_ from Users user0_ where user0_.username=? for update
03:44:48.312 [main] DEBUG o.h.l.p.b.i.spaces.QuerySpacesImpl - Adding QuerySpace : uid = <gen:0> -> org.hibernate.loader.plan.build.internal.spaces.EntityQuerySpaceImpl@438fd465]
03:44:48.312 [main] DEBUG o.h.p.w.spi.MetamodelGraphWalker - Visiting attribute path : enabled
03:44:48.312 [main] DEBUG o.h.p.w.spi.MetamodelGraphWalker - Visiting attribute path : password
03:44:48.312 [main] DEBUG o.h.p.w.spi.MetamodelGraphWalker - Visiting attribute path : role
03:44:48.312 [main] DEBUG o.h.l.p.b.i.FetchStyleLoadPlanBuildingAssociationVisitationStrategy - Building LoadPlan...
03:44:48.312 [main] DEBUG o.h.l.p.e.i.LoadQueryJoinAndFetchProcessor - processing queryspace <gen:0>
03:44:48.312 [main] DEBUG o.h.l.p.b.spi.LoadPlanTreePrinter - LoadPlan(entity=edu.ncsu.csc.itrust2.models.persistent.User)
    - Returns
       - EntityReturnImpl(entity=edu.ncsu.csc.itrust2.models.persistent.User, querySpaceUid=<gen:0>, path=edu.ncsu.csc.itrust2.models.persistent.User)
    - QuerySpaces
       - EntityQuerySpaceImpl(uid=<gen:0>, entity=edu.ncsu.csc.itrust2.models.persistent.User)
          - SQL table alias mapping - user0_
          - alias suffix - 0_
          - suffixed key columns - {username1_15_0_}

03:44:48.312 [main] DEBUG o.h.loader.entity.plan.EntityLoader - Static select for entity edu.ncsu.csc.itrust2.models.persistent.User [FORCE]: select user0_.username as username1_15_0_, user0_.enabled as enabled2_15_0_, user0_.password as password3_15_0_, user0_.role as role4_15_0_ from Users user0_ where user0_.username=? for update
03:44:48.313 [main] DEBUG o.h.l.p.b.i.spaces.QuerySpacesImpl - Adding QuerySpace : uid = <gen:0> -> org.hibernate.loader.plan.build.internal.spaces.EntityQuerySpaceImpl@7f24aeb5]
03:44:48.313 [main] DEBUG o.h.p.w.spi.MetamodelGraphWalker - Visiting attribute path : enabled
03:44:48.313 [main] DEBUG o.h.p.w.spi.MetamodelGraphWalker - Visiting attribute path : password
03:44:48.313 [main] DEBUG o.h.p.w.spi.MetamodelGraphWalker - Visiting attribute path : role
03:44:48.313 [main] DEBUG o.h.l.p.b.i.FetchStyleLoadPlanBuildingAssociationVisitationStrategy - Building LoadPlan...
03:44:48.313 [main] DEBUG o.h.l.p.e.i.LoadQueryJoinAndFetchProcessor - processing queryspace <gen:0>
03:44:48.313 [main] DEBUG o.h.l.p.b.spi.LoadPlanTreePrinter - LoadPlan(entity=edu.ncsu.csc.itrust2.models.persistent.User)
    - Returns
       - EntityReturnImpl(entity=edu.ncsu.csc.itrust2.models.persistent.User, querySpaceUid=<gen:0>, path=edu.ncsu.csc.itrust2.models.persistent.User)
    - QuerySpaces
       - EntityQuerySpaceImpl(uid=<gen:0>, entity=edu.ncsu.csc.itrust2.models.persistent.User)
          - SQL table alias mapping - user0_
          - alias suffix - 0_
          - suffixed key columns - {username1_15_0_}

03:44:48.313 [main] DEBUG o.h.loader.entity.plan.EntityLoader - Static select for entity edu.ncsu.csc.itrust2.models.persistent.User [PESSIMISTIC_READ]: select user0_.username as username1_15_0_, user0_.enabled as enabled2_15_0_, user0_.password as password3_15_0_, user0_.role as role4_15_0_ from Users user0_ where user0_.username=? lock in share mode
03:44:48.313 [main] DEBUG o.h.l.p.b.i.spaces.QuerySpacesImpl - Adding QuerySpace : uid = <gen:0> -> org.hibernate.loader.plan.build.internal.spaces.EntityQuerySpaceImpl@35580065]
03:44:48.313 [main] DEBUG o.h.p.w.spi.MetamodelGraphWalker - Visiting attribute path : enabled
03:44:48.313 [main] DEBUG o.h.p.w.spi.MetamodelGraphWalker - Visiting attribute path : password
03:44:48.313 [main] DEBUG o.h.p.w.spi.MetamodelGraphWalker - Visiting attribute path : role
03:44:48.313 [main] DEBUG o.h.l.p.b.i.FetchStyleLoadPlanBuildingAssociationVisitationStrategy - Building LoadPlan...
03:44:48.313 [main] DEBUG o.h.l.p.e.i.LoadQueryJoinAndFetchProcessor - processing queryspace <gen:0>
03:44:48.314 [main] DEBUG o.h.l.p.b.spi.LoadPlanTreePrinter - LoadPlan(entity=edu.ncsu.csc.itrust2.models.persistent.User)
    - Returns
       - EntityReturnImpl(entity=edu.ncsu.csc.itrust2.models.persistent.User, querySpaceUid=<gen:0>, path=edu.ncsu.csc.itrust2.models.persistent.User)
    - QuerySpaces
       - EntityQuerySpaceImpl(uid=<gen:0>, entity=edu.ncsu.csc.itrust2.models.persistent.User)
          - SQL table alias mapping - user0_
          - alias suffix - 0_
          - suffixed key columns - {username1_15_0_}

03:44:48.314 [main] DEBUG o.h.loader.entity.plan.EntityLoader - Static select for entity edu.ncsu.csc.itrust2.models.persistent.User [PESSIMISTIC_WRITE]: select user0_.username as username1_15_0_, user0_.enabled as enabled2_15_0_, user0_.password as password3_15_0_, user0_.role as role4_15_0_ from Users user0_ where user0_.username=? for update
03:44:48.314 [main] DEBUG o.h.l.p.b.i.spaces.QuerySpacesImpl - Adding QuerySpace : uid = <gen:0> -> org.hibernate.loader.plan.build.internal.spaces.EntityQuerySpaceImpl@187ff373]
03:44:48.314 [main] DEBUG o.h.p.w.spi.MetamodelGraphWalker - Visiting attribute path : enabled
03:44:48.314 [main] DEBUG o.h.p.w.spi.MetamodelGraphWalker - Visiting attribute path : password
03:44:48.314 [main] DEBUG o.h.p.w.spi.MetamodelGraphWalker - Visiting attribute path : role
03:44:48.314 [main] DEBUG o.h.l.p.b.i.FetchStyleLoadPlanBuildingAssociationVisitationStrategy - Building LoadPlan...
03:44:48.314 [main] DEBUG o.h.l.p.e.i.LoadQueryJoinAndFetchProcessor - processing queryspace <gen:0>
03:44:48.314 [main] DEBUG o.h.l.p.b.spi.LoadPlanTreePrinter - LoadPlan(entity=edu.ncsu.csc.itrust2.models.persistent.User)
    - Returns
       - EntityReturnImpl(entity=edu.ncsu.csc.itrust2.models.persistent.User, querySpaceUid=<gen:0>, path=edu.ncsu.csc.itrust2.models.persistent.User)
    - QuerySpaces
       - EntityQuerySpaceImpl(uid=<gen:0>, entity=edu.ncsu.csc.itrust2.models.persistent.User)
          - SQL table alias mapping - user0_
          - alias suffix - 0_
          - suffixed key columns - {username1_15_0_}

03:44:48.314 [main] DEBUG o.h.loader.entity.plan.EntityLoader - Static select for entity edu.ncsu.csc.itrust2.models.persistent.User [PESSIMISTIC_FORCE_INCREMENT]: select user0_.username as username1_15_0_, user0_.enabled as enabled2_15_0_, user0_.password as password3_15_0_, user0_.role as role4_15_0_ from Users user0_ where user0_.username=? for update
03:44:48.316 [main] DEBUG o.h.l.p.b.i.spaces.QuerySpacesImpl - Adding QuerySpace : uid = <gen:0> -> org.hibernate.loader.plan.build.internal.spaces.EntityQuerySpaceImpl@2b5137e2]
03:44:48.316 [main] DEBUG o.h.p.w.spi.MetamodelGraphWalker - Visiting attribute path : enabled
03:44:48.316 [main] DEBUG o.h.p.w.spi.MetamodelGraphWalker - Visiting attribute path : password
03:44:48.316 [main] DEBUG o.h.p.w.spi.MetamodelGraphWalker - Visiting attribute path : role
03:44:48.317 [main] DEBUG o.h.l.p.b.i.FetchStyleLoadPlanBuildingAssociationVisitationStrategy - Building LoadPlan...
03:44:48.317 [main] DEBUG o.h.l.p.e.i.LoadQueryJoinAndFetchProcessor - processing queryspace <gen:0>
03:44:48.317 [main] DEBUG o.h.l.p.b.spi.LoadPlanTreePrinter - LoadPlan(entity=edu.ncsu.csc.itrust2.models.persistent.User)
    - Returns
       - EntityReturnImpl(entity=edu.ncsu.csc.itrust2.models.persistent.User, querySpaceUid=<gen:0>, path=edu.ncsu.csc.itrust2.models.persistent.User)
    - QuerySpaces
       - EntityQuerySpaceImpl(uid=<gen:0>, entity=edu.ncsu.csc.itrust2.models.persistent.User)
          - SQL table alias mapping - user0_
          - alias suffix - 0_
          - suffixed key columns - {username1_15_0_}

03:44:48.318 [main] DEBUG o.h.loader.entity.plan.EntityLoader - Static select for entity edu.ncsu.csc.itrust2.models.persistent.User [OPTIMISTIC]: select user0_.username as username1_15_0_, user0_.enabled as enabled2_15_0_, user0_.password as password3_15_0_, user0_.role as role4_15_0_ from Users user0_ where user0_.username=?
03:44:48.319 [main] DEBUG o.h.l.p.b.i.spaces.QuerySpacesImpl - Adding QuerySpace : uid = <gen:0> -> org.hibernate.loader.plan.build.internal.spaces.EntityQuerySpaceImpl@2b25e8c6]
03:44:48.319 [main] DEBUG o.h.p.w.spi.MetamodelGraphWalker - Visiting attribute path : enabled
03:44:48.319 [main] DEBUG o.h.p.w.spi.MetamodelGraphWalker - Visiting attribute path : password
03:44:48.319 [main] DEBUG o.h.p.w.spi.MetamodelGraphWalker - Visiting attribute path : role
03:44:48.319 [main] DEBUG o.h.l.p.b.i.FetchStyleLoadPlanBuildingAssociationVisitationStrategy - Building LoadPlan...
03:44:48.319 [main] DEBUG o.h.l.p.e.i.LoadQueryJoinAndFetchProcessor - processing queryspace <gen:0>
03:44:48.320 [main] DEBUG o.h.l.p.b.spi.LoadPlanTreePrinter - LoadPlan(entity=edu.ncsu.csc.itrust2.models.persistent.User)
    - Returns
       - EntityReturnImpl(entity=edu.ncsu.csc.itrust2.models.persistent.User, querySpaceUid=<gen:0>, path=edu.ncsu.csc.itrust2.models.persistent.User)
    - QuerySpaces
       - EntityQuerySpaceImpl(uid=<gen:0>, entity=edu.ncsu.csc.itrust2.models.persistent.User)
          - SQL table alias mapping - user0_
          - alias suffix - 0_
          - suffixed key columns - {username1_15_0_}

03:44:48.320 [main] DEBUG o.h.loader.entity.plan.EntityLoader - Static select for entity edu.ncsu.csc.itrust2.models.persistent.User [OPTIMISTIC_FORCE_INCREMENT]: select user0_.username as username1_15_0_, user0_.enabled as enabled2_15_0_, user0_.password as password3_15_0_, user0_.role as role4_15_0_ from Users user0_ where user0_.username=?
03:44:48.320 [main] DEBUG org.hibernate.loader.Loader - Static select for action ACTION_MERGE on entity edu.ncsu.csc.itrust2.models.persistent.User: select user0_.username as username1_15_0_, user0_.enabled as enabled2_15_0_, user0_.password as password3_15_0_, user0_.role as role4_15_0_ from Users user0_ where user0_.username=?
03:44:48.320 [main] DEBUG org.hibernate.loader.Loader - Static select for action ACTION_REFRESH on entity edu.ncsu.csc.itrust2.models.persistent.User: select user0_.username as username1_15_0_, user0_.enabled as enabled2_15_0_, user0_.password as password3_15_0_, user0_.role as role4_15_0_ from Users user0_ where user0_.username=?
03:44:48.321 [main] DEBUG o.h.p.entity.AbstractEntityPersister - Static SQL for entity: edu.ncsu.csc.itrust2.models.persistent.Hospital
03:44:48.321 [main] DEBUG o.h.p.entity.AbstractEntityPersister -  Version select: select name from Hospitals where name =?
03:44:48.321 [main] DEBUG o.h.p.entity.AbstractEntityPersister -  Snapshot select: select hospital_.name, hospital_.address as address2_4_, hospital_.state as state3_4_, hospital_.zip as zip4_4_ from Hospitals hospital_ where hospital_.name=?
03:44:48.321 [main] DEBUG o.h.p.entity.AbstractEntityPersister -  Insert 0: insert into Hospitals (address, state, zip, name) values (?, ?, ?, ?)
03:44:48.321 [main] DEBUG o.h.p.entity.AbstractEntityPersister -  Update 0: update Hospitals set address=?, state=?, zip=? where name=?
03:44:48.321 [main] DEBUG o.h.p.entity.AbstractEntityPersister -  Delete 0: delete from Hospitals where name=?
03:44:48.322 [main] DEBUG o.h.l.p.b.i.spaces.QuerySpacesImpl - Adding QuerySpace : uid = <gen:0> -> org.hibernate.loader.plan.build.internal.spaces.EntityQuerySpaceImpl@2dc97eb8]
03:44:48.322 [main] DEBUG o.h.p.w.spi.MetamodelGraphWalker - Visiting attribute path : address
03:44:48.322 [main] DEBUG o.h.p.w.spi.MetamodelGraphWalker - Visiting attribute path : state
03:44:48.322 [main] DEBUG o.h.p.w.spi.MetamodelGraphWalker - Visiting attribute path : zip
03:44:48.322 [main] DEBUG o.h.l.p.b.i.FetchStyleLoadPlanBuildingAssociationVisitationStrategy - Building LoadPlan...
03:44:48.322 [main] DEBUG o.h.l.p.e.i.LoadQueryJoinAndFetchProcessor - processing queryspace <gen:0>
03:44:48.322 [main] DEBUG o.h.l.p.b.spi.LoadPlanTreePrinter - LoadPlan(entity=edu.ncsu.csc.itrust2.models.persistent.Hospital)
    - Returns
       - EntityReturnImpl(entity=edu.ncsu.csc.itrust2.models.persistent.Hospital, querySpaceUid=<gen:0>, path=edu.ncsu.csc.itrust2.models.persistent.Hospital)
    - QuerySpaces
       - EntityQuerySpaceImpl(uid=<gen:0>, entity=edu.ncsu.csc.itrust2.models.persistent.Hospital)
          - SQL table alias mapping - hospital0_
          - alias suffix - 0_
          - suffixed key columns - {name1_4_0_}

03:44:48.322 [main] DEBUG o.h.loader.entity.plan.EntityLoader - Static select for entity edu.ncsu.csc.itrust2.models.persistent.Hospital [NONE]: select hospital0_.name as name1_4_0_, hospital0_.address as address2_4_0_, hospital0_.state as state3_4_0_, hospital0_.zip as zip4_4_0_ from Hospitals hospital0_ where hospital0_.name=?
03:44:48.322 [main] DEBUG o.h.l.p.b.i.spaces.QuerySpacesImpl - Adding QuerySpace : uid = <gen:0> -> org.hibernate.loader.plan.build.internal.spaces.EntityQuerySpaceImpl@560520a7]
03:44:48.323 [main] DEBUG o.h.p.w.spi.MetamodelGraphWalker - Visiting attribute path : address
03:44:48.323 [main] DEBUG o.h.p.w.spi.MetamodelGraphWalker - Visiting attribute path : state
03:44:48.323 [main] DEBUG o.h.p.w.spi.MetamodelGraphWalker - Visiting attribute path : zip
03:44:48.323 [main] DEBUG o.h.l.p.b.i.FetchStyleLoadPlanBuildingAssociationVisitationStrategy - Building LoadPlan...
03:44:48.323 [main] DEBUG o.h.l.p.e.i.LoadQueryJoinAndFetchProcessor - processing queryspace <gen:0>
03:44:48.324 [main] DEBUG o.h.l.p.b.spi.LoadPlanTreePrinter - LoadPlan(entity=edu.ncsu.csc.itrust2.models.persistent.Hospital)
    - Returns
       - EntityReturnImpl(entity=edu.ncsu.csc.itrust2.models.persistent.Hospital, querySpaceUid=<gen:0>, path=edu.ncsu.csc.itrust2.models.persistent.Hospital)
    - QuerySpaces
       - EntityQuerySpaceImpl(uid=<gen:0>, entity=edu.ncsu.csc.itrust2.models.persistent.Hospital)
          - SQL table alias mapping - hospital0_
          - alias suffix - 0_
          - suffixed key columns - {name1_4_0_}

03:44:48.324 [main] DEBUG o.h.loader.entity.plan.EntityLoader - Static select for entity edu.ncsu.csc.itrust2.models.persistent.Hospital [READ]: select hospital0_.name as name1_4_0_, hospital0_.address as address2_4_0_, hospital0_.state as state3_4_0_, hospital0_.zip as zip4_4_0_ from Hospitals hospital0_ where hospital0_.name=?
03:44:48.324 [main] DEBUG o.h.l.p.b.i.spaces.QuerySpacesImpl - Adding QuerySpace : uid = <gen:0> -> org.hibernate.loader.plan.build.internal.spaces.EntityQuerySpaceImpl@12cc49b0]
03:44:48.324 [main] DEBUG o.h.p.w.spi.MetamodelGraphWalker - Visiting attribute path : address
03:44:48.324 [main] DEBUG o.h.p.w.spi.MetamodelGraphWalker - Visiting attribute path : state
03:44:48.325 [main] DEBUG o.h.p.w.spi.MetamodelGraphWalker - Visiting attribute path : zip
03:44:48.325 [main] DEBUG o.h.l.p.b.i.FetchStyleLoadPlanBuildingAssociationVisitationStrategy - Building LoadPlan...
03:44:48.325 [main] DEBUG o.h.l.p.e.i.LoadQueryJoinAndFetchProcessor - processing queryspace <gen:0>
03:44:48.325 [main] DEBUG o.h.l.p.b.spi.LoadPlanTreePrinter - LoadPlan(entity=edu.ncsu.csc.itrust2.models.persistent.Hospital)
    - Returns
       - EntityReturnImpl(entity=edu.ncsu.csc.itrust2.models.persistent.Hospital, querySpaceUid=<gen:0>, path=edu.ncsu.csc.itrust2.models.persistent.Hospital)
    - QuerySpaces
       - EntityQuerySpaceImpl(uid=<gen:0>, entity=edu.ncsu.csc.itrust2.models.persistent.Hospital)
          - SQL table alias mapping - hospital0_
          - alias suffix - 0_
          - suffixed key columns - {name1_4_0_}

03:44:48.325 [main] DEBUG o.h.loader.entity.plan.EntityLoader - Static select for entity edu.ncsu.csc.itrust2.models.persistent.Hospital [UPGRADE]: select hospital0_.name as name1_4_0_, hospital0_.address as address2_4_0_, hospital0_.state as state3_4_0_, hospital0_.zip as zip4_4_0_ from Hospitals hospital0_ where hospital0_.name=? for update
03:44:48.325 [main] DEBUG o.h.l.p.b.i.spaces.QuerySpacesImpl - Adding QuerySpace : uid = <gen:0> -> org.hibernate.loader.plan.build.internal.spaces.EntityQuerySpaceImpl@2b980d86]
03:44:48.325 [main] DEBUG o.h.p.w.spi.MetamodelGraphWalker - Visiting attribute path : address
03:44:48.325 [main] DEBUG o.h.p.w.spi.MetamodelGraphWalker - Visiting attribute path : state
03:44:48.325 [main] DEBUG o.h.p.w.spi.MetamodelGraphWalker - Visiting attribute path : zip
03:44:48.325 [main] DEBUG o.h.l.p.b.i.FetchStyleLoadPlanBuildingAssociationVisitationStrategy - Building LoadPlan...
03:44:48.326 [main] DEBUG o.h.l.p.e.i.LoadQueryJoinAndFetchProcessor - processing queryspace <gen:0>
03:44:48.326 [main] DEBUG o.h.l.p.b.spi.LoadPlanTreePrinter - LoadPlan(entity=edu.ncsu.csc.itrust2.models.persistent.Hospital)
    - Returns
       - EntityReturnImpl(entity=edu.ncsu.csc.itrust2.models.persistent.Hospital, querySpaceUid=<gen:0>, path=edu.ncsu.csc.itrust2.models.persistent.Hospital)
    - QuerySpaces
       - EntityQuerySpaceImpl(uid=<gen:0>, entity=edu.ncsu.csc.itrust2.models.persistent.Hospital)
          - SQL table alias mapping - hospital0_
          - alias suffix - 0_
          - suffixed key columns - {name1_4_0_}

03:44:48.326 [main] DEBUG o.h.loader.entity.plan.EntityLoader - Static select for entity edu.ncsu.csc.itrust2.models.persistent.Hospital [UPGRADE_NOWAIT]: select hospital0_.name as name1_4_0_, hospital0_.address as address2_4_0_, hospital0_.state as state3_4_0_, hospital0_.zip as zip4_4_0_ from Hospitals hospital0_ where hospital0_.name=? for update
03:44:48.326 [main] DEBUG o.h.l.p.b.i.spaces.QuerySpacesImpl - Adding QuerySpace : uid = <gen:0> -> org.hibernate.loader.plan.build.internal.spaces.EntityQuerySpaceImpl@191407f1]
03:44:48.326 [main] DEBUG o.h.p.w.spi.MetamodelGraphWalker - Visiting attribute path : address
03:44:48.326 [main] DEBUG o.h.p.w.spi.MetamodelGraphWalker - Visiting attribute path : state
03:44:48.327 [main] DEBUG o.h.p.w.spi.MetamodelGraphWalker - Visiting attribute path : zip
03:44:48.327 [main] DEBUG o.h.l.p.b.i.FetchStyleLoadPlanBuildingAssociationVisitationStrategy - Building LoadPlan...
03:44:48.327 [main] DEBUG o.h.l.p.e.i.LoadQueryJoinAndFetchProcessor - processing queryspace <gen:0>
03:44:48.327 [main] DEBUG o.h.l.p.b.spi.LoadPlanTreePrinter - LoadPlan(entity=edu.ncsu.csc.itrust2.models.persistent.Hospital)
    - Returns
       - EntityReturnImpl(entity=edu.ncsu.csc.itrust2.models.persistent.Hospital, querySpaceUid=<gen:0>, path=edu.ncsu.csc.itrust2.models.persistent.Hospital)
    - QuerySpaces
       - EntityQuerySpaceImpl(uid=<gen:0>, entity=edu.ncsu.csc.itrust2.models.persistent.Hospital)
          - SQL table alias mapping - hospital0_
          - alias suffix - 0_
          - suffixed key columns - {name1_4_0_}

03:44:48.327 [main] DEBUG o.h.loader.entity.plan.EntityLoader - Static select for entity edu.ncsu.csc.itrust2.models.persistent.Hospital [UPGRADE_SKIPLOCKED]: select hospital0_.name as name1_4_0_, hospital0_.address as address2_4_0_, hospital0_.state as state3_4_0_, hospital0_.zip as zip4_4_0_ from Hospitals hospital0_ where hospital0_.name=? for update
03:44:48.327 [main] DEBUG o.h.l.p.b.i.spaces.QuerySpacesImpl - Adding QuerySpace : uid = <gen:0> -> org.hibernate.loader.plan.build.internal.spaces.EntityQuerySpaceImpl@1e7dee56]
03:44:48.327 [main] DEBUG o.h.p.w.spi.MetamodelGraphWalker - Visiting attribute path : address
03:44:48.327 [main] DEBUG o.h.p.w.spi.MetamodelGraphWalker - Visiting attribute path : state
03:44:48.327 [main] DEBUG o.h.p.w.spi.MetamodelGraphWalker - Visiting attribute path : zip
03:44:48.328 [main] DEBUG o.h.l.p.b.i.FetchStyleLoadPlanBuildingAssociationVisitationStrategy - Building LoadPlan...
03:44:48.328 [main] DEBUG o.h.l.p.e.i.LoadQueryJoinAndFetchProcessor - processing queryspace <gen:0>
03:44:48.328 [main] DEBUG o.h.l.p.b.spi.LoadPlanTreePrinter - LoadPlan(entity=edu.ncsu.csc.itrust2.models.persistent.Hospital)
    - Returns
       - EntityReturnImpl(entity=edu.ncsu.csc.itrust2.models.persistent.Hospital, querySpaceUid=<gen:0>, path=edu.ncsu.csc.itrust2.models.persistent.Hospital)
    - QuerySpaces
       - EntityQuerySpaceImpl(uid=<gen:0>, entity=edu.ncsu.csc.itrust2.models.persistent.Hospital)
          - SQL table alias mapping - hospital0_
          - alias suffix - 0_
          - suffixed key columns - {name1_4_0_}

03:44:48.328 [main] DEBUG o.h.loader.entity.plan.EntityLoader - Static select for entity edu.ncsu.csc.itrust2.models.persistent.Hospital [FORCE]: select hospital0_.name as name1_4_0_, hospital0_.address as address2_4_0_, hospital0_.state as state3_4_0_, hospital0_.zip as zip4_4_0_ from Hospitals hospital0_ where hospital0_.name=? for update
03:44:48.328 [main] DEBUG o.h.l.p.b.i.spaces.QuerySpacesImpl - Adding QuerySpace : uid = <gen:0> -> org.hibernate.loader.plan.build.internal.spaces.EntityQuerySpaceImpl@64dcd098]
03:44:48.329 [main] DEBUG o.h.p.w.spi.MetamodelGraphWalker - Visiting attribute path : address
03:44:48.339 [main] DEBUG o.h.p.w.spi.MetamodelGraphWalker - Visiting attribute path : state
03:44:48.339 [main] DEBUG o.h.p.w.spi.MetamodelGraphWalker - Visiting attribute path : zip
03:44:48.339 [main] DEBUG o.h.l.p.b.i.FetchStyleLoadPlanBuildingAssociationVisitationStrategy - Building LoadPlan...
03:44:48.341 [main] DEBUG o.h.l.p.e.i.LoadQueryJoinAndFetchProcessor - processing queryspace <gen:0>
03:44:48.341 [main] DEBUG o.h.l.p.b.spi.LoadPlanTreePrinter - LoadPlan(entity=edu.ncsu.csc.itrust2.models.persistent.Hospital)
    - Returns
       - EntityReturnImpl(entity=edu.ncsu.csc.itrust2.models.persistent.Hospital, querySpaceUid=<gen:0>, path=edu.ncsu.csc.itrust2.models.persistent.Hospital)
    - QuerySpaces
       - EntityQuerySpaceImpl(uid=<gen:0>, entity=edu.ncsu.csc.itrust2.models.persistent.Hospital)
          - SQL table alias mapping - hospital0_
          - alias suffix - 0_
          - suffixed key columns - {name1_4_0_}

03:44:48.341 [main] DEBUG o.h.loader.entity.plan.EntityLoader - Static select for entity edu.ncsu.csc.itrust2.models.persistent.Hospital [PESSIMISTIC_READ]: select hospital0_.name as name1_4_0_, hospital0_.address as address2_4_0_, hospital0_.state as state3_4_0_, hospital0_.zip as zip4_4_0_ from Hospitals hospital0_ where hospital0_.name=? lock in share mode
03:44:48.341 [main] DEBUG o.h.l.p.b.i.spaces.QuerySpacesImpl - Adding QuerySpace : uid = <gen:0> -> org.hibernate.loader.plan.build.internal.spaces.EntityQuerySpaceImpl@71ee8479]
03:44:48.342 [main] DEBUG o.h.p.w.spi.MetamodelGraphWalker - Visiting attribute path : address
03:44:48.342 [main] DEBUG o.h.p.w.spi.MetamodelGraphWalker - Visiting attribute path : state
03:44:48.342 [main] DEBUG o.h.p.w.spi.MetamodelGraphWalker - Visiting attribute path : zip
03:44:48.342 [main] DEBUG o.h.l.p.b.i.FetchStyleLoadPlanBuildingAssociationVisitationStrategy - Building LoadPlan...
03:44:48.343 [main] DEBUG o.h.l.p.e.i.LoadQueryJoinAndFetchProcessor - processing queryspace <gen:0>
03:44:48.343 [main] DEBUG o.h.l.p.b.spi.LoadPlanTreePrinter - LoadPlan(entity=edu.ncsu.csc.itrust2.models.persistent.Hospital)
    - Returns
       - EntityReturnImpl(entity=edu.ncsu.csc.itrust2.models.persistent.Hospital, querySpaceUid=<gen:0>, path=edu.ncsu.csc.itrust2.models.persistent.Hospital)
    - QuerySpaces
       - EntityQuerySpaceImpl(uid=<gen:0>, entity=edu.ncsu.csc.itrust2.models.persistent.Hospital)
          - SQL table alias mapping - hospital0_
          - alias suffix - 0_
          - suffixed key columns - {name1_4_0_}

03:44:48.343 [main] DEBUG o.h.loader.entity.plan.EntityLoader - Static select for entity edu.ncsu.csc.itrust2.models.persistent.Hospital [PESSIMISTIC_WRITE]: select hospital0_.name as name1_4_0_, hospital0_.address as address2_4_0_, hospital0_.state as state3_4_0_, hospital0_.zip as zip4_4_0_ from Hospitals hospital0_ where hospital0_.name=? for update
03:44:48.344 [main] DEBUG o.h.l.p.b.i.spaces.QuerySpacesImpl - Adding QuerySpace : uid = <gen:0> -> org.hibernate.loader.plan.build.internal.spaces.EntityQuerySpaceImpl@5d2e7a6a]
03:44:48.344 [main] DEBUG o.h.p.w.spi.MetamodelGraphWalker - Visiting attribute path : address
03:44:48.344 [main] DEBUG o.h.p.w.spi.MetamodelGraphWalker - Visiting attribute path : state
03:44:48.352 [main] DEBUG o.h.p.w.spi.MetamodelGraphWalker - Visiting attribute path : zip
03:44:48.352 [main] DEBUG o.h.l.p.b.i.FetchStyleLoadPlanBuildingAssociationVisitationStrategy - Building LoadPlan...
03:44:48.352 [main] DEBUG o.h.l.p.e.i.LoadQueryJoinAndFetchProcessor - processing queryspace <gen:0>
03:44:48.353 [main] DEBUG o.h.l.p.b.spi.LoadPlanTreePrinter - LoadPlan(entity=edu.ncsu.csc.itrust2.models.persistent.Hospital)
    - Returns
       - EntityReturnImpl(entity=edu.ncsu.csc.itrust2.models.persistent.Hospital, querySpaceUid=<gen:0>, path=edu.ncsu.csc.itrust2.models.persistent.Hospital)
    - QuerySpaces
       - EntityQuerySpaceImpl(uid=<gen:0>, entity=edu.ncsu.csc.itrust2.models.persistent.Hospital)
          - SQL table alias mapping - hospital0_
          - alias suffix - 0_
          - suffixed key columns - {name1_4_0_}

03:44:48.353 [main] DEBUG o.h.loader.entity.plan.EntityLoader - Static select for entity edu.ncsu.csc.itrust2.models.persistent.Hospital [PESSIMISTIC_FORCE_INCREMENT]: select hospital0_.name as name1_4_0_, hospital0_.address as address2_4_0_, hospital0_.state as state3_4_0_, hospital0_.zip as zip4_4_0_ from Hospitals hospital0_ where hospital0_.name=? for update
03:44:48.354 [main] DEBUG o.h.l.p.b.i.spaces.QuerySpacesImpl - Adding QuerySpace : uid = <gen:0> -> org.hibernate.loader.plan.build.internal.spaces.EntityQuerySpaceImpl@5edb9d36]
03:44:48.354 [main] DEBUG o.h.p.w.spi.MetamodelGraphWalker - Visiting attribute path : address
03:44:48.354 [main] DEBUG o.h.p.w.spi.MetamodelGraphWalker - Visiting attribute path : state
03:44:48.354 [main] DEBUG o.h.p.w.spi.MetamodelGraphWalker - Visiting attribute path : zip
03:44:48.355 [main] DEBUG o.h.l.p.b.i.FetchStyleLoadPlanBuildingAssociationVisitationStrategy - Building LoadPlan...
03:44:48.355 [main] DEBUG o.h.l.p.e.i.LoadQueryJoinAndFetchProcessor - processing queryspace <gen:0>
03:44:48.355 [main] DEBUG o.h.l.p.b.spi.LoadPlanTreePrinter - LoadPlan(entity=edu.ncsu.csc.itrust2.models.persistent.Hospital)
    - Returns
       - EntityReturnImpl(entity=edu.ncsu.csc.itrust2.models.persistent.Hospital, querySpaceUid=<gen:0>, path=edu.ncsu.csc.itrust2.models.persistent.Hospital)
    - QuerySpaces
       - EntityQuerySpaceImpl(uid=<gen:0>, entity=edu.ncsu.csc.itrust2.models.persistent.Hospital)
          - SQL table alias mapping - hospital0_
          - alias suffix - 0_
          - suffixed key columns - {name1_4_0_}

03:44:48.355 [main] DEBUG o.h.loader.entity.plan.EntityLoader - Static select for entity edu.ncsu.csc.itrust2.models.persistent.Hospital [OPTIMISTIC]: select hospital0_.name as name1_4_0_, hospital0_.address as address2_4_0_, hospital0_.state as state3_4_0_, hospital0_.zip as zip4_4_0_ from Hospitals hospital0_ where hospital0_.name=?
03:44:48.356 [main] DEBUG o.h.l.p.b.i.spaces.QuerySpacesImpl - Adding QuerySpace : uid = <gen:0> -> org.hibernate.loader.plan.build.internal.spaces.EntityQuerySpaceImpl@eca30fb]
03:44:48.356 [main] DEBUG o.h.p.w.spi.MetamodelGraphWalker - Visiting attribute path : address
03:44:48.356 [main] DEBUG o.h.p.w.spi.MetamodelGraphWalker - Visiting attribute path : state
03:44:48.356 [main] DEBUG o.h.p.w.spi.MetamodelGraphWalker - Visiting attribute path : zip
03:44:48.356 [main] DEBUG o.h.l.p.b.i.FetchStyleLoadPlanBuildingAssociationVisitationStrategy - Building LoadPlan...
03:44:48.356 [main] DEBUG o.h.l.p.e.i.LoadQueryJoinAndFetchProcessor - processing queryspace <gen:0>
03:44:48.356 [main] DEBUG o.h.l.p.b.spi.LoadPlanTreePrinter - LoadPlan(entity=edu.ncsu.csc.itrust2.models.persistent.Hospital)
    - Returns
       - EntityReturnImpl(entity=edu.ncsu.csc.itrust2.models.persistent.Hospital, querySpaceUid=<gen:0>, path=edu.ncsu.csc.itrust2.models.persistent.Hospital)
    - QuerySpaces
       - EntityQuerySpaceImpl(uid=<gen:0>, entity=edu.ncsu.csc.itrust2.models.persistent.Hospital)
          - SQL table alias mapping - hospital0_
          - alias suffix - 0_
          - suffixed key columns - {name1_4_0_}

03:44:48.357 [main] DEBUG o.h.loader.entity.plan.EntityLoader - Static select for entity edu.ncsu.csc.itrust2.models.persistent.Hospital [OPTIMISTIC_FORCE_INCREMENT]: select hospital0_.name as name1_4_0_, hospital0_.address as address2_4_0_, hospital0_.state as state3_4_0_, hospital0_.zip as zip4_4_0_ from Hospitals hospital0_ where hospital0_.name=?
03:44:48.357 [main] DEBUG org.hibernate.loader.Loader - Static select for action ACTION_MERGE on entity edu.ncsu.csc.itrust2.models.persistent.Hospital: select hospital0_.name as name1_4_0_, hospital0_.address as address2_4_0_, hospital0_.state as state3_4_0_, hospital0_.zip as zip4_4_0_ from Hospitals hospital0_ where hospital0_.name=?
03:44:48.357 [main] DEBUG org.hibernate.loader.Loader - Static select for action ACTION_REFRESH on entity edu.ncsu.csc.itrust2.models.persistent.Hospital: select hospital0_.name as name1_4_0_, hospital0_.address as address2_4_0_, hospital0_.state as state3_4_0_, hospital0_.zip as zip4_4_0_ from Hospitals hospital0_ where hospital0_.name=?
03:44:48.357 [main] DEBUG o.h.p.entity.AbstractEntityPersister - Static SQL for entity: edu.ncsu.csc.itrust2.models.persistent.PasswordResetToken
03:44:48.358 [main] DEBUG o.h.p.entity.AbstractEntityPersister -  Version select: select id from PasswordResetTokens where id =?
03:44:48.358 [main] DEBUG o.h.p.entity.AbstractEntityPersister -  Snapshot select: select passwordre_.id, passwordre_.creationTime as creation2_11_, passwordre_.tempPassword as tempPass3_11_, passwordre_.user_id as user_id4_11_ from PasswordResetTokens passwordre_ where passwordre_.id=?
03:44:48.358 [main] DEBUG o.h.p.entity.AbstractEntityPersister -  Insert 0: insert into PasswordResetTokens (creationTime, tempPassword, user_id, id) values (?, ?, ?, ?)
03:44:48.358 [main] DEBUG o.h.p.entity.AbstractEntityPersister -  Update 0: update PasswordResetTokens set creationTime=?, tempPassword=?, user_id=? where id=?
03:44:48.358 [main] DEBUG o.h.p.entity.AbstractEntityPersister -  Delete 0: delete from PasswordResetTokens where id=?
03:44:48.358 [main] DEBUG o.h.l.p.b.i.spaces.QuerySpacesImpl - Adding QuerySpace : uid = <gen:0> -> org.hibernate.loader.plan.build.internal.spaces.EntityQuerySpaceImpl@4f910063]
03:44:48.358 [main] DEBUG o.h.p.w.spi.MetamodelGraphWalker - Visiting attribute path : creationTime
03:44:48.358 [main] DEBUG o.h.p.w.spi.MetamodelGraphWalker - Visiting attribute path : tempPassword
03:44:48.358 [main] DEBUG o.h.p.w.spi.MetamodelGraphWalker - Visiting attribute path : user
03:44:48.359 [main] DEBUG o.h.l.p.b.i.spaces.QuerySpacesImpl - Adding QuerySpace : uid = <gen:1> -> org.hibernate.loader.plan.build.internal.spaces.EntityQuerySpaceImpl@7f689f96]
03:44:48.359 [main] DEBUG o.h.p.w.spi.MetamodelGraphWalker - Visiting attribute path : user.enabled
03:44:48.359 [main] DEBUG o.h.p.w.spi.MetamodelGraphWalker - Visiting attribute path : user.password
03:44:48.359 [main] DEBUG o.h.p.w.spi.MetamodelGraphWalker - Visiting attribute path : user.role
03:44:48.359 [main] DEBUG o.h.l.p.b.i.FetchStyleLoadPlanBuildingAssociationVisitationStrategy - Building LoadPlan...
03:44:48.359 [main] DEBUG o.h.l.p.e.i.LoadQueryJoinAndFetchProcessor - processing queryspace <gen:0>
03:44:48.359 [main] DEBUG o.h.l.p.b.spi.LoadPlanTreePrinter - LoadPlan(entity=edu.ncsu.csc.itrust2.models.persistent.PasswordResetToken)
    - Returns
       - EntityReturnImpl(entity=edu.ncsu.csc.itrust2.models.persistent.PasswordResetToken, querySpaceUid=<gen:0>, path=edu.ncsu.csc.itrust2.models.persistent.PasswordResetToken)
          - EntityAttributeFetchImpl(entity=edu.ncsu.csc.itrust2.models.persistent.User, querySpaceUid=<gen:1>, path=edu.ncsu.csc.itrust2.models.persistent.PasswordResetToken.user)
    - QuerySpaces
       - EntityQuerySpaceImpl(uid=<gen:0>, entity=edu.ncsu.csc.itrust2.models.persistent.PasswordResetToken)
          - SQL table alias mapping - passwordre0_
          - alias suffix - 0_
          - suffixed key columns - {id1_11_0_}
          - JOIN (JoinDefinedByMetadata(user)) : <gen:0> -> <gen:1>
             - EntityQuerySpaceImpl(uid=<gen:1>, entity=edu.ncsu.csc.itrust2.models.persistent.User)
                - SQL table alias mapping - user1_
                - alias suffix - 1_
                - suffixed key columns - {username1_15_1_}

03:44:48.360 [main] DEBUG o.h.loader.entity.plan.EntityLoader - Static select for entity edu.ncsu.csc.itrust2.models.persistent.PasswordResetToken [NONE]: select passwordre0_.id as id1_11_0_, passwordre0_.creationTime as creation2_11_0_, passwordre0_.tempPassword as tempPass3_11_0_, passwordre0_.user_id as user_id4_11_0_, user1_.username as username1_15_1_, user1_.enabled as enabled2_15_1_, user1_.password as password3_15_1_, user1_.role as role4_15_1_ from PasswordResetTokens passwordre0_ inner join Users user1_ on passwordre0_.user_id=user1_.username where passwordre0_.id=?
03:44:48.360 [main] DEBUG o.h.l.p.b.i.spaces.QuerySpacesImpl - Adding QuerySpace : uid = <gen:0> -> org.hibernate.loader.plan.build.internal.spaces.EntityQuerySpaceImpl@7deffc6d]
03:44:48.360 [main] DEBUG o.h.p.w.spi.MetamodelGraphWalker - Visiting attribute path : creationTime
03:44:48.360 [main] DEBUG o.h.p.w.spi.MetamodelGraphWalker - Visiting attribute path : tempPassword
03:44:48.360 [main] DEBUG o.h.p.w.spi.MetamodelGraphWalker - Visiting attribute path : user
03:44:48.360 [main] DEBUG o.h.l.p.b.i.spaces.QuerySpacesImpl - Adding QuerySpace : uid = <gen:1> -> org.hibernate.loader.plan.build.internal.spaces.EntityQuerySpaceImpl@37bf398f]
03:44:48.360 [main] DEBUG o.h.p.w.spi.MetamodelGraphWalker - Visiting attribute path : user.enabled
03:44:48.360 [main] DEBUG o.h.p.w.spi.MetamodelGraphWalker - Visiting attribute path : user.password
03:44:48.360 [main] DEBUG o.h.p.w.spi.MetamodelGraphWalker - Visiting attribute path : user.role
03:44:48.360 [main] DEBUG o.h.l.p.b.i.FetchStyleLoadPlanBuildingAssociationVisitationStrategy - Building LoadPlan...
03:44:48.360 [main] DEBUG o.h.l.p.e.i.LoadQueryJoinAndFetchProcessor - processing queryspace <gen:0>
03:44:48.361 [main] DEBUG o.h.l.p.b.spi.LoadPlanTreePrinter - LoadPlan(entity=edu.ncsu.csc.itrust2.models.persistent.PasswordResetToken)
    - Returns
       - EntityReturnImpl(entity=edu.ncsu.csc.itrust2.models.persistent.PasswordResetToken, querySpaceUid=<gen:0>, path=edu.ncsu.csc.itrust2.models.persistent.PasswordResetToken)
          - EntityAttributeFetchImpl(entity=edu.ncsu.csc.itrust2.models.persistent.User, querySpaceUid=<gen:1>, path=edu.ncsu.csc.itrust2.models.persistent.PasswordResetToken.user)
    - QuerySpaces
       - EntityQuerySpaceImpl(uid=<gen:0>, entity=edu.ncsu.csc.itrust2.models.persistent.PasswordResetToken)
          - SQL table alias mapping - passwordre0_
          - alias suffix - 0_
          - suffixed key columns - {id1_11_0_}
          - JOIN (JoinDefinedByMetadata(user)) : <gen:0> -> <gen:1>
             - EntityQuerySpaceImpl(uid=<gen:1>, entity=edu.ncsu.csc.itrust2.models.persistent.User)
                - SQL table alias mapping - user1_
                - alias suffix - 1_
                - suffixed key columns - {username1_15_1_}

03:44:48.361 [main] DEBUG o.h.loader.entity.plan.EntityLoader - Static select for entity edu.ncsu.csc.itrust2.models.persistent.PasswordResetToken [READ]: select passwordre0_.id as id1_11_0_, passwordre0_.creationTime as creation2_11_0_, passwordre0_.tempPassword as tempPass3_11_0_, passwordre0_.user_id as user_id4_11_0_, user1_.username as username1_15_1_, user1_.enabled as enabled2_15_1_, user1_.password as password3_15_1_, user1_.role as role4_15_1_ from PasswordResetTokens passwordre0_ inner join Users user1_ on passwordre0_.user_id=user1_.username where passwordre0_.id=?
03:44:48.361 [main] DEBUG o.h.l.p.b.i.spaces.QuerySpacesImpl - Adding QuerySpace : uid = <gen:0> -> org.hibernate.loader.plan.build.internal.spaces.EntityQuerySpaceImpl@5c687565]
03:44:48.361 [main] DEBUG o.h.p.w.spi.MetamodelGraphWalker - Visiting attribute path : creationTime
03:44:48.361 [main] DEBUG o.h.p.w.spi.MetamodelGraphWalker - Visiting attribute path : tempPassword
03:44:48.361 [main] DEBUG o.h.p.w.spi.MetamodelGraphWalker - Visiting attribute path : user
03:44:48.361 [main] DEBUG o.h.l.p.b.i.spaces.QuerySpacesImpl - Adding QuerySpace : uid = <gen:1> -> org.hibernate.loader.plan.build.internal.spaces.EntityQuerySpaceImpl@1a50782c]
03:44:48.363 [main] DEBUG o.h.l.p.b.i.FetchStyleLoadPlanBuildingAssociationVisitationStrategy - Building LoadPlan...
03:44:48.363 [main] DEBUG o.h.l.p.e.i.LoadQueryJoinAndFetchProcessor - processing queryspace <gen:0>
03:44:48.364 [main] DEBUG o.h.l.p.b.spi.LoadPlanTreePrinter - LoadPlan(entity=edu.ncsu.csc.itrust2.models.persistent.PasswordResetToken)
    - Returns
       - EntityReturnImpl(entity=edu.ncsu.csc.itrust2.models.persistent.PasswordResetToken, querySpaceUid=<gen:0>, path=edu.ncsu.csc.itrust2.models.persistent.PasswordResetToken)
          - EntityAttributeFetchImpl(entity=edu.ncsu.csc.itrust2.models.persistent.User, querySpaceUid=<gen:1>, path=edu.ncsu.csc.itrust2.models.persistent.PasswordResetToken.user)
    - QuerySpaces
       - EntityQuerySpaceImpl(uid=<gen:0>, entity=edu.ncsu.csc.itrust2.models.persistent.PasswordResetToken)
          - SQL table alias mapping - passwordre0_
          - alias suffix - 0_
          - suffixed key columns - {id1_11_0_}

03:44:48.364 [main] DEBUG o.h.loader.entity.plan.EntityLoader - Static select for entity edu.ncsu.csc.itrust2.models.persistent.PasswordResetToken [UPGRADE]: select passwordre0_.id as id1_11_0_, passwordre0_.creationTime as creation2_11_0_, passwordre0_.tempPassword as tempPass3_11_0_, passwordre0_.user_id as user_id4_11_0_ from PasswordResetTokens passwordre0_ where passwordre0_.id=? for update
03:44:48.364 [main] DEBUG o.h.l.p.b.i.spaces.QuerySpacesImpl - Adding QuerySpace : uid = <gen:0> -> org.hibernate.loader.plan.build.internal.spaces.EntityQuerySpaceImpl@736d4950]
03:44:48.364 [main] DEBUG o.h.p.w.spi.MetamodelGraphWalker - Visiting attribute path : creationTime
03:44:48.364 [main] DEBUG o.h.p.w.spi.MetamodelGraphWalker - Visiting attribute path : tempPassword
03:44:48.364 [main] DEBUG o.h.p.w.spi.MetamodelGraphWalker - Visiting attribute path : user
03:44:48.364 [main] DEBUG o.h.l.p.b.i.spaces.QuerySpacesImpl - Adding QuerySpace : uid = <gen:1> -> org.hibernate.loader.plan.build.internal.spaces.EntityQuerySpaceImpl@52611244]
03:44:48.365 [main] DEBUG o.h.l.p.b.i.FetchStyleLoadPlanBuildingAssociationVisitationStrategy - Building LoadPlan...
03:44:48.366 [main] DEBUG o.h.l.p.e.i.LoadQueryJoinAndFetchProcessor - processing queryspace <gen:0>
03:44:48.366 [main] DEBUG o.h.l.p.b.spi.LoadPlanTreePrinter - LoadPlan(entity=edu.ncsu.csc.itrust2.models.persistent.PasswordResetToken)
    - Returns
       - EntityReturnImpl(entity=edu.ncsu.csc.itrust2.models.persistent.PasswordResetToken, querySpaceUid=<gen:0>, path=edu.ncsu.csc.itrust2.models.persistent.PasswordResetToken)
          - EntityAttributeFetchImpl(entity=edu.ncsu.csc.itrust2.models.persistent.User, querySpaceUid=<gen:1>, path=edu.ncsu.csc.itrust2.models.persistent.PasswordResetToken.user)
    - QuerySpaces
       - EntityQuerySpaceImpl(uid=<gen:0>, entity=edu.ncsu.csc.itrust2.models.persistent.PasswordResetToken)
          - SQL table alias mapping - passwordre0_
          - alias suffix - 0_
          - suffixed key columns - {id1_11_0_}

03:44:48.366 [main] DEBUG o.h.loader.entity.plan.EntityLoader - Static select for entity edu.ncsu.csc.itrust2.models.persistent.PasswordResetToken [UPGRADE_NOWAIT]: select passwordre0_.id as id1_11_0_, passwordre0_.creationTime as creation2_11_0_, passwordre0_.tempPassword as tempPass3_11_0_, passwordre0_.user_id as user_id4_11_0_ from PasswordResetTokens passwordre0_ where passwordre0_.id=? for update
03:44:48.367 [main] DEBUG o.h.l.p.b.i.spaces.QuerySpacesImpl - Adding QuerySpace : uid = <gen:0> -> org.hibernate.loader.plan.build.internal.spaces.EntityQuerySpaceImpl@4b69813c]
03:44:48.367 [main] DEBUG o.h.p.w.spi.MetamodelGraphWalker - Visiting attribute path : creationTime
03:44:48.367 [main] DEBUG o.h.p.w.spi.MetamodelGraphWalker - Visiting attribute path : tempPassword
03:44:48.367 [main] DEBUG o.h.p.w.spi.MetamodelGraphWalker - Visiting attribute path : user
03:44:48.367 [main] DEBUG o.h.l.p.b.i.spaces.QuerySpacesImpl - Adding QuerySpace : uid = <gen:1> -> org.hibernate.loader.plan.build.internal.spaces.EntityQuerySpaceImpl@30cce476]
03:44:48.367 [main] DEBUG o.h.l.p.b.i.FetchStyleLoadPlanBuildingAssociationVisitationStrategy - Building LoadPlan...
03:44:48.368 [main] DEBUG o.h.l.p.e.i.LoadQueryJoinAndFetchProcessor - processing queryspace <gen:0>
03:44:48.368 [main] DEBUG o.h.l.p.b.spi.LoadPlanTreePrinter - LoadPlan(entity=edu.ncsu.csc.itrust2.models.persistent.PasswordResetToken)
    - Returns
       - EntityReturnImpl(entity=edu.ncsu.csc.itrust2.models.persistent.PasswordResetToken, querySpaceUid=<gen:0>, path=edu.ncsu.csc.itrust2.models.persistent.PasswordResetToken)
          - EntityAttributeFetchImpl(entity=edu.ncsu.csc.itrust2.models.persistent.User, querySpaceUid=<gen:1>, path=edu.ncsu.csc.itrust2.models.persistent.PasswordResetToken.user)
    - QuerySpaces
       - EntityQuerySpaceImpl(uid=<gen:0>, entity=edu.ncsu.csc.itrust2.models.persistent.PasswordResetToken)
          - SQL table alias mapping - passwordre0_
          - alias suffix - 0_
          - suffixed key columns - {id1_11_0_}

03:44:48.368 [main] DEBUG o.h.loader.entity.plan.EntityLoader - Static select for entity edu.ncsu.csc.itrust2.models.persistent.PasswordResetToken [UPGRADE_SKIPLOCKED]: select passwordre0_.id as id1_11_0_, passwordre0_.creationTime as creation2_11_0_, passwordre0_.tempPassword as tempPass3_11_0_, passwordre0_.user_id as user_id4_11_0_ from PasswordResetTokens passwordre0_ where passwordre0_.id=? for update
03:44:48.368 [main] DEBUG o.h.l.p.b.i.spaces.QuerySpacesImpl - Adding QuerySpace : uid = <gen:0> -> org.hibernate.loader.plan.build.internal.spaces.EntityQuerySpaceImpl@6ae53319]
03:44:48.368 [main] DEBUG o.h.p.w.spi.MetamodelGraphWalker - Visiting attribute path : creationTime
03:44:48.368 [main] DEBUG o.h.p.w.spi.MetamodelGraphWalker - Visiting attribute path : tempPassword
03:44:48.368 [main] DEBUG o.h.p.w.spi.MetamodelGraphWalker - Visiting attribute path : user
03:44:48.369 [main] DEBUG o.h.l.p.b.i.spaces.QuerySpacesImpl - Adding QuerySpace : uid = <gen:1> -> org.hibernate.loader.plan.build.internal.spaces.EntityQuerySpaceImpl@40a7546]
03:44:48.369 [main] DEBUG o.h.l.p.b.i.FetchStyleLoadPlanBuildingAssociationVisitationStrategy - Building LoadPlan...
03:44:48.369 [main] DEBUG o.h.l.p.e.i.LoadQueryJoinAndFetchProcessor - processing queryspace <gen:0>
03:44:48.370 [main] DEBUG o.h.l.p.b.spi.LoadPlanTreePrinter - LoadPlan(entity=edu.ncsu.csc.itrust2.models.persistent.PasswordResetToken)
    - Returns
       - EntityReturnImpl(entity=edu.ncsu.csc.itrust2.models.persistent.PasswordResetToken, querySpaceUid=<gen:0>, path=edu.ncsu.csc.itrust2.models.persistent.PasswordResetToken)
          - EntityAttributeFetchImpl(entity=edu.ncsu.csc.itrust2.models.persistent.User, querySpaceUid=<gen:1>, path=edu.ncsu.csc.itrust2.models.persistent.PasswordResetToken.user)
    - QuerySpaces
       - EntityQuerySpaceImpl(uid=<gen:0>, entity=edu.ncsu.csc.itrust2.models.persistent.PasswordResetToken)
          - SQL table alias mapping - passwordre0_
          - alias suffix - 0_
          - suffixed key columns - {id1_11_0_}

03:44:48.370 [main] DEBUG o.h.loader.entity.plan.EntityLoader - Static select for entity edu.ncsu.csc.itrust2.models.persistent.PasswordResetToken [FORCE]: select passwordre0_.id as id1_11_0_, passwordre0_.creationTime as creation2_11_0_, passwordre0_.tempPassword as tempPass3_11_0_, passwordre0_.user_id as user_id4_11_0_ from PasswordResetTokens passwordre0_ where passwordre0_.id=? for update
03:44:48.370 [main] DEBUG o.h.l.p.b.i.spaces.QuerySpacesImpl - Adding QuerySpace : uid = <gen:0> -> org.hibernate.loader.plan.build.internal.spaces.EntityQuerySpaceImpl@5332dee5]
03:44:48.370 [main] DEBUG o.h.p.w.spi.MetamodelGraphWalker - Visiting attribute path : creationTime
03:44:48.370 [main] DEBUG o.h.p.w.spi.MetamodelGraphWalker - Visiting attribute path : tempPassword
03:44:48.370 [main] DEBUG o.h.p.w.spi.MetamodelGraphWalker - Visiting attribute path : user
03:44:48.371 [main] DEBUG o.h.l.p.b.i.spaces.QuerySpacesImpl - Adding QuerySpace : uid = <gen:1> -> org.hibernate.loader.plan.build.internal.spaces.EntityQuerySpaceImpl@6c0ad587]
03:44:48.371 [main] DEBUG o.h.l.p.b.i.FetchStyleLoadPlanBuildingAssociationVisitationStrategy - Building LoadPlan...
03:44:48.371 [main] DEBUG o.h.l.p.e.i.LoadQueryJoinAndFetchProcessor - processing queryspace <gen:0>
03:44:48.371 [main] DEBUG o.h.l.p.b.spi.LoadPlanTreePrinter - LoadPlan(entity=edu.ncsu.csc.itrust2.models.persistent.PasswordResetToken)
    - Returns
       - EntityReturnImpl(entity=edu.ncsu.csc.itrust2.models.persistent.PasswordResetToken, querySpaceUid=<gen:0>, path=edu.ncsu.csc.itrust2.models.persistent.PasswordResetToken)
          - EntityAttributeFetchImpl(entity=edu.ncsu.csc.itrust2.models.persistent.User, querySpaceUid=<gen:1>, path=edu.ncsu.csc.itrust2.models.persistent.PasswordResetToken.user)
    - QuerySpaces
       - EntityQuerySpaceImpl(uid=<gen:0>, entity=edu.ncsu.csc.itrust2.models.persistent.PasswordResetToken)
          - SQL table alias mapping - passwordre0_
          - alias suffix - 0_
          - suffixed key columns - {id1_11_0_}

03:44:48.372 [main] DEBUG o.h.loader.entity.plan.EntityLoader - Static select for entity edu.ncsu.csc.itrust2.models.persistent.PasswordResetToken [PESSIMISTIC_READ]: select passwordre0_.id as id1_11_0_, passwordre0_.creationTime as creation2_11_0_, passwordre0_.tempPassword as tempPass3_11_0_, passwordre0_.user_id as user_id4_11_0_ from PasswordResetTokens passwordre0_ where passwordre0_.id=? lock in share mode
03:44:48.372 [main] DEBUG o.h.l.p.b.i.spaces.QuerySpacesImpl - Adding QuerySpace : uid = <gen:0> -> org.hibernate.loader.plan.build.internal.spaces.EntityQuerySpaceImpl@3b7d3d05]
03:44:48.372 [main] DEBUG o.h.p.w.spi.MetamodelGraphWalker - Visiting attribute path : creationTime
03:44:48.372 [main] DEBUG o.h.p.w.spi.MetamodelGraphWalker - Visiting attribute path : tempPassword
03:44:48.372 [main] DEBUG o.h.p.w.spi.MetamodelGraphWalker - Visiting attribute path : user
03:44:48.372 [main] DEBUG o.h.l.p.b.i.spaces.QuerySpacesImpl - Adding QuerySpace : uid = <gen:1> -> org.hibernate.loader.plan.build.internal.spaces.EntityQuerySpaceImpl@c90d38d]
03:44:48.372 [main] DEBUG o.h.l.p.b.i.FetchStyleLoadPlanBuildingAssociationVisitationStrategy - Building LoadPlan...
03:44:48.373 [main] DEBUG o.h.l.p.e.i.LoadQueryJoinAndFetchProcessor - processing queryspace <gen:0>
03:44:48.373 [main] DEBUG o.h.l.p.b.spi.LoadPlanTreePrinter - LoadPlan(entity=edu.ncsu.csc.itrust2.models.persistent.PasswordResetToken)
    - Returns
       - EntityReturnImpl(entity=edu.ncsu.csc.itrust2.models.persistent.PasswordResetToken, querySpaceUid=<gen:0>, path=edu.ncsu.csc.itrust2.models.persistent.PasswordResetToken)
          - EntityAttributeFetchImpl(entity=edu.ncsu.csc.itrust2.models.persistent.User, querySpaceUid=<gen:1>, path=edu.ncsu.csc.itrust2.models.persistent.PasswordResetToken.user)
    - QuerySpaces
       - EntityQuerySpaceImpl(uid=<gen:0>, entity=edu.ncsu.csc.itrust2.models.persistent.PasswordResetToken)
          - SQL table alias mapping - passwordre0_
          - alias suffix - 0_
          - suffixed key columns - {id1_11_0_}

03:44:48.374 [main] DEBUG o.h.loader.entity.plan.EntityLoader - Static select for entity edu.ncsu.csc.itrust2.models.persistent.PasswordResetToken [PESSIMISTIC_WRITE]: select passwordre0_.id as id1_11_0_, passwordre0_.creationTime as creation2_11_0_, passwordre0_.tempPassword as tempPass3_11_0_, passwordre0_.user_id as user_id4_11_0_ from PasswordResetTokens passwordre0_ where passwordre0_.id=? for update
03:44:48.374 [main] DEBUG o.h.l.p.b.i.spaces.QuerySpacesImpl - Adding QuerySpace : uid = <gen:0> -> org.hibernate.loader.plan.build.internal.spaces.EntityQuerySpaceImpl@360c9975]
03:44:48.374 [main] DEBUG o.h.p.w.spi.MetamodelGraphWalker - Visiting attribute path : creationTime
03:44:48.374 [main] DEBUG o.h.p.w.spi.MetamodelGraphWalker - Visiting attribute path : tempPassword
03:44:48.374 [main] DEBUG o.h.p.w.spi.MetamodelGraphWalker - Visiting attribute path : user
03:44:48.375 [main] DEBUG o.h.l.p.b.i.spaces.QuerySpacesImpl - Adding QuerySpace : uid = <gen:1> -> org.hibernate.loader.plan.build.internal.spaces.EntityQuerySpaceImpl@72eb7495]
03:44:48.375 [main] DEBUG o.h.l.p.b.i.FetchStyleLoadPlanBuildingAssociationVisitationStrategy - Building LoadPlan...
03:44:48.375 [main] DEBUG o.h.l.p.e.i.LoadQueryJoinAndFetchProcessor - processing queryspace <gen:0>
03:44:48.376 [main] DEBUG o.h.l.p.b.spi.LoadPlanTreePrinter - LoadPlan(entity=edu.ncsu.csc.itrust2.models.persistent.PasswordResetToken)
    - Returns
       - EntityReturnImpl(entity=edu.ncsu.csc.itrust2.models.persistent.PasswordResetToken, querySpaceUid=<gen:0>, path=edu.ncsu.csc.itrust2.models.persistent.PasswordResetToken)
          - EntityAttributeFetchImpl(entity=edu.ncsu.csc.itrust2.models.persistent.User, querySpaceUid=<gen:1>, path=edu.ncsu.csc.itrust2.models.persistent.PasswordResetToken.user)
    - QuerySpaces
       - EntityQuerySpaceImpl(uid=<gen:0>, entity=edu.ncsu.csc.itrust2.models.persistent.PasswordResetToken)
          - SQL table alias mapping - passwordre0_
          - alias suffix - 0_
          - suffixed key columns - {id1_11_0_}

03:44:48.376 [main] DEBUG o.h.loader.entity.plan.EntityLoader - Static select for entity edu.ncsu.csc.itrust2.models.persistent.PasswordResetToken [PESSIMISTIC_FORCE_INCREMENT]: select passwordre0_.id as id1_11_0_, passwordre0_.creationTime as creation2_11_0_, passwordre0_.tempPassword as tempPass3_11_0_, passwordre0_.user_id as user_id4_11_0_ from PasswordResetTokens passwordre0_ where passwordre0_.id=? for update
03:44:48.376 [main] DEBUG o.h.l.p.b.i.spaces.QuerySpacesImpl - Adding QuerySpace : uid = <gen:0> -> org.hibernate.loader.plan.build.internal.spaces.EntityQuerySpaceImpl@786dddfe]
03:44:48.377 [main] DEBUG o.h.p.w.spi.MetamodelGraphWalker - Visiting attribute path : creationTime
03:44:48.377 [main] DEBUG o.h.p.w.spi.MetamodelGraphWalker - Visiting attribute path : tempPassword
03:44:48.377 [main] DEBUG o.h.p.w.spi.MetamodelGraphWalker - Visiting attribute path : user
03:44:48.377 [main] DEBUG o.h.l.p.b.i.spaces.QuerySpacesImpl - Adding QuerySpace : uid = <gen:1> -> org.hibernate.loader.plan.build.internal.spaces.EntityQuerySpaceImpl@16f22873]
03:44:48.377 [main] DEBUG o.h.l.p.b.i.FetchStyleLoadPlanBuildingAssociationVisitationStrategy - Building LoadPlan...
03:44:48.377 [main] DEBUG o.h.l.p.e.i.LoadQueryJoinAndFetchProcessor - processing queryspace <gen:0>
03:44:48.378 [main] DEBUG o.h.l.p.b.spi.LoadPlanTreePrinter - LoadPlan(entity=edu.ncsu.csc.itrust2.models.persistent.PasswordResetToken)
    - Returns
       - EntityReturnImpl(entity=edu.ncsu.csc.itrust2.models.persistent.PasswordResetToken, querySpaceUid=<gen:0>, path=edu.ncsu.csc.itrust2.models.persistent.PasswordResetToken)
          - EntityAttributeFetchImpl(entity=edu.ncsu.csc.itrust2.models.persistent.User, querySpaceUid=<gen:1>, path=edu.ncsu.csc.itrust2.models.persistent.PasswordResetToken.user)
    - QuerySpaces
       - EntityQuerySpaceImpl(uid=<gen:0>, entity=edu.ncsu.csc.itrust2.models.persistent.PasswordResetToken)
          - SQL table alias mapping - passwordre0_
          - alias suffix - 0_
          - suffixed key columns - {id1_11_0_}

03:44:48.378 [main] DEBUG o.h.loader.entity.plan.EntityLoader - Static select for entity edu.ncsu.csc.itrust2.models.persistent.PasswordResetToken [OPTIMISTIC]: select passwordre0_.id as id1_11_0_, passwordre0_.creationTime as creation2_11_0_, passwordre0_.tempPassword as tempPass3_11_0_, passwordre0_.user_id as user_id4_11_0_ from PasswordResetTokens passwordre0_ where passwordre0_.id=?
03:44:48.378 [main] DEBUG o.h.l.p.b.i.spaces.QuerySpacesImpl - Adding QuerySpace : uid = <gen:0> -> org.hibernate.loader.plan.build.internal.spaces.EntityQuerySpaceImpl@3f14b9e4]
03:44:48.378 [main] DEBUG o.h.p.w.spi.MetamodelGraphWalker - Visiting attribute path : creationTime
03:44:48.378 [main] DEBUG o.h.p.w.spi.MetamodelGraphWalker - Visiting attribute path : tempPassword
03:44:48.378 [main] DEBUG o.h.p.w.spi.MetamodelGraphWalker - Visiting attribute path : user
03:44:48.380 [main] DEBUG o.h.l.p.b.i.spaces.QuerySpacesImpl - Adding QuerySpace : uid = <gen:1> -> org.hibernate.loader.plan.build.internal.spaces.EntityQuerySpaceImpl@42b655ce]
03:44:48.380 [main] DEBUG o.h.l.p.b.i.FetchStyleLoadPlanBuildingAssociationVisitationStrategy - Building LoadPlan...
03:44:48.380 [main] DEBUG o.h.l.p.e.i.LoadQueryJoinAndFetchProcessor - processing queryspace <gen:0>
03:44:48.381 [main] DEBUG o.h.l.p.b.spi.LoadPlanTreePrinter - LoadPlan(entity=edu.ncsu.csc.itrust2.models.persistent.PasswordResetToken)
    - Returns
       - EntityReturnImpl(entity=edu.ncsu.csc.itrust2.models.persistent.PasswordResetToken, querySpaceUid=<gen:0>, path=edu.ncsu.csc.itrust2.models.persistent.PasswordResetToken)
          - EntityAttributeFetchImpl(entity=edu.ncsu.csc.itrust2.models.persistent.User, querySpaceUid=<gen:1>, path=edu.ncsu.csc.itrust2.models.persistent.PasswordResetToken.user)
    - QuerySpaces
       - EntityQuerySpaceImpl(uid=<gen:0>, entity=edu.ncsu.csc.itrust2.models.persistent.PasswordResetToken)
          - SQL table alias mapping - passwordre0_
          - alias suffix - 0_
          - suffixed key columns - {id1_11_0_}

03:44:48.381 [main] DEBUG o.h.loader.entity.plan.EntityLoader - Static select for entity edu.ncsu.csc.itrust2.models.persistent.PasswordResetToken [OPTIMISTIC_FORCE_INCREMENT]: select passwordre0_.id as id1_11_0_, passwordre0_.creationTime as creation2_11_0_, passwordre0_.tempPassword as tempPass3_11_0_, passwordre0_.user_id as user_id4_11_0_ from PasswordResetTokens passwordre0_ where passwordre0_.id=?
03:44:48.385 [main] DEBUG org.hibernate.loader.Loader - Static select for action ACTION_MERGE on entity edu.ncsu.csc.itrust2.models.persistent.PasswordResetToken: select passwordre0_.id as id1_11_0_, passwordre0_.creationTime as creation2_11_0_, passwordre0_.tempPassword as tempPass3_11_0_, passwordre0_.user_id as user_id4_11_0_ from PasswordResetTokens passwordre0_ where passwordre0_.id=?
03:44:48.386 [main] DEBUG org.hibernate.loader.Loader - Static select for action ACTION_REFRESH on entity edu.ncsu.csc.itrust2.models.persistent.PasswordResetToken: select passwordre0_.id as id1_11_0_, passwordre0_.creationTime as creation2_11_0_, passwordre0_.tempPassword as tempPass3_11_0_, passwordre0_.user_id as user_id4_11_0_ from PasswordResetTokens passwordre0_ where passwordre0_.id=?
03:44:48.386 [main] DEBUG o.h.p.entity.AbstractEntityPersister - Static SQL for entity: edu.ncsu.csc.itrust2.models.persistent.Prescription
03:44:48.386 [main] DEBUG o.h.p.entity.AbstractEntityPersister -  Version select: select id from Prescriptions where id =?
03:44:48.386 [main] DEBUG o.h.p.entity.AbstractEntityPersister -  Snapshot select: select prescripti_.id, prescripti_.dosage as dosage2_14_, prescripti_.drug_id as drug_id6_14_, prescripti_.endDate as endDate3_14_, prescripti_.patient_id as patient_7_14_, prescripti_.renewals as renewals4_14_, prescripti_.startDate as startDat5_14_ from Prescriptions prescripti_ where prescripti_.id=?
03:44:48.386 [main] DEBUG o.h.p.entity.AbstractEntityPersister -  Insert 0: insert into Prescriptions (dosage, drug_id, endDate, patient_id, renewals, startDate, id) values (?, ?, ?, ?, ?, ?, ?)
03:44:48.386 [main] DEBUG o.h.p.entity.AbstractEntityPersister -  Update 0: update Prescriptions set dosage=?, drug_id=?, endDate=?, patient_id=?, renewals=?, startDate=? where id=?
03:44:48.386 [main] DEBUG o.h.p.entity.AbstractEntityPersister -  Delete 0: delete from Prescriptions where id=?
03:44:48.386 [main] DEBUG o.h.l.p.b.i.spaces.QuerySpacesImpl - Adding QuerySpace : uid = <gen:0> -> org.hibernate.loader.plan.build.internal.spaces.EntityQuerySpaceImpl@45805c5b]
03:44:48.387 [main] DEBUG o.h.p.w.spi.MetamodelGraphWalker - Visiting attribute path : dosage
03:44:48.387 [main] DEBUG o.h.p.w.spi.MetamodelGraphWalker - Visiting attribute path : drug
03:44:48.387 [main] DEBUG o.h.l.p.b.i.spaces.QuerySpacesImpl - Adding QuerySpace : uid = <gen:1> -> org.hibernate.loader.plan.build.internal.spaces.EntityQuerySpaceImpl@76663a02]
03:44:48.387 [main] DEBUG o.h.p.w.spi.MetamodelGraphWalker - Visiting attribute path : drug.code
03:44:48.387 [main] DEBUG o.h.p.w.spi.MetamodelGraphWalker - Visiting attribute path : drug.description
03:44:48.387 [main] DEBUG o.h.p.w.spi.MetamodelGraphWalker - Visiting attribute path : drug.name
03:44:48.387 [main] DEBUG o.h.p.w.spi.MetamodelGraphWalker - Visiting attribute path : endDate
03:44:48.387 [main] DEBUG o.h.p.w.spi.MetamodelGraphWalker - Visiting attribute path : patient
03:44:48.387 [main] DEBUG o.h.l.p.b.i.spaces.QuerySpacesImpl - Adding QuerySpace : uid = <gen:2> -> org.hibernate.loader.plan.build.internal.spaces.EntityQuerySpaceImpl@412bff2b]
03:44:48.387 [main] DEBUG o.h.p.w.spi.MetamodelGraphWalker - Visiting attribute path : patient.enabled
03:44:48.387 [main] DEBUG o.h.p.w.spi.MetamodelGraphWalker - Visiting attribute path : patient.password
03:44:48.388 [main] DEBUG o.h.p.w.spi.MetamodelGraphWalker - Visiting attribute path : patient.role
03:44:48.388 [main] DEBUG o.h.p.w.spi.MetamodelGraphWalker - Visiting attribute path : renewals
03:44:48.388 [main] DEBUG o.h.p.w.spi.MetamodelGraphWalker - Visiting attribute path : startDate
03:44:48.388 [main] DEBUG o.h.l.p.b.i.FetchStyleLoadPlanBuildingAssociationVisitationStrategy - Building LoadPlan...
03:44:48.388 [main] DEBUG o.h.l.p.e.i.LoadQueryJoinAndFetchProcessor - processing queryspace <gen:0>
03:44:48.390 [main] DEBUG o.h.l.p.b.spi.LoadPlanTreePrinter - LoadPlan(entity=edu.ncsu.csc.itrust2.models.persistent.Prescription)
    - Returns
       - EntityReturnImpl(entity=edu.ncsu.csc.itrust2.models.persistent.Prescription, querySpaceUid=<gen:0>, path=edu.ncsu.csc.itrust2.models.persistent.Prescription)
          - EntityAttributeFetchImpl(entity=edu.ncsu.csc.itrust2.models.persistent.Drug, querySpaceUid=<gen:1>, path=edu.ncsu.csc.itrust2.models.persistent.Prescription.drug)
          - EntityAttributeFetchImpl(entity=edu.ncsu.csc.itrust2.models.persistent.User, querySpaceUid=<gen:2>, path=edu.ncsu.csc.itrust2.models.persistent.Prescription.patient)
    - QuerySpaces
       - EntityQuerySpaceImpl(uid=<gen:0>, entity=edu.ncsu.csc.itrust2.models.persistent.Prescription)
          - SQL table alias mapping - prescripti0_
          - alias suffix - 0_
          - suffixed key columns - {id1_14_0_}
          - JOIN (JoinDefinedByMetadata(drug)) : <gen:0> -> <gen:1>
             - EntityQuerySpaceImpl(uid=<gen:1>, entity=edu.ncsu.csc.itrust2.models.persistent.Drug)
                - SQL table alias mapping - drug1_
                - alias suffix - 1_
                - suffixed key columns - {id1_3_1_}
          - JOIN (JoinDefinedByMetadata(patient)) : <gen:0> -> <gen:2>
             - EntityQuerySpaceImpl(uid=<gen:2>, entity=edu.ncsu.csc.itrust2.models.persistent.User)
                - SQL table alias mapping - user2_
                - alias suffix - 2_
                - suffixed key columns - {username1_15_2_}

03:44:48.390 [main] DEBUG o.h.loader.entity.plan.EntityLoader - Static select for entity edu.ncsu.csc.itrust2.models.persistent.Prescription [NONE]: select prescripti0_.id as id1_14_0_, prescripti0_.dosage as dosage2_14_0_, prescripti0_.drug_id as drug_id6_14_0_, prescripti0_.endDate as endDate3_14_0_, prescripti0_.patient_id as patient_7_14_0_, prescripti0_.renewals as renewals4_14_0_, prescripti0_.startDate as startDat5_14_0_, drug1_.id as id1_3_1_, drug1_.code as code2_3_1_, drug1_.description as descript3_3_1_, drug1_.name as name4_3_1_, user2_.username as username1_15_2_, user2_.enabled as enabled2_15_2_, user2_.password as password3_15_2_, user2_.role as role4_15_2_ from Prescriptions prescripti0_ inner join Drugs drug1_ on prescripti0_.drug_id=drug1_.id inner join Users user2_ on prescripti0_.patient_id=user2_.username where prescripti0_.id=?
03:44:48.390 [main] DEBUG o.h.l.p.b.i.spaces.QuerySpacesImpl - Adding QuerySpace : uid = <gen:0> -> org.hibernate.loader.plan.build.internal.spaces.EntityQuerySpaceImpl@5178bad7]
03:44:48.390 [main] DEBUG o.h.p.w.spi.MetamodelGraphWalker - Visiting attribute path : dosage
03:44:48.390 [main] DEBUG o.h.p.w.spi.MetamodelGraphWalker - Visiting attribute path : drug
03:44:48.390 [main] DEBUG o.h.l.p.b.i.spaces.QuerySpacesImpl - Adding QuerySpace : uid = <gen:1> -> org.hibernate.loader.plan.build.internal.spaces.EntityQuerySpaceImpl@39853799]
03:44:48.390 [main] DEBUG o.h.p.w.spi.MetamodelGraphWalker - Visiting attribute path : drug.code
03:44:48.390 [main] DEBUG o.h.p.w.spi.MetamodelGraphWalker - Visiting attribute path : drug.description
03:44:48.391 [main] DEBUG o.h.p.w.spi.MetamodelGraphWalker - Visiting attribute path : drug.name
03:44:48.391 [main] DEBUG o.h.p.w.spi.MetamodelGraphWalker - Visiting attribute path : endDate
03:44:48.391 [main] DEBUG o.h.p.w.spi.MetamodelGraphWalker - Visiting attribute path : patient
03:44:48.391 [main] DEBUG o.h.l.p.b.i.spaces.QuerySpacesImpl - Adding QuerySpace : uid = <gen:2> -> org.hibernate.loader.plan.build.internal.spaces.EntityQuerySpaceImpl@72c8ecd8]
03:44:48.391 [main] DEBUG o.h.p.w.spi.MetamodelGraphWalker - Visiting attribute path : patient.enabled
03:44:48.392 [main] DEBUG o.h.p.w.spi.MetamodelGraphWalker - Visiting attribute path : patient.password
03:44:48.392 [main] DEBUG o.h.p.w.spi.MetamodelGraphWalker - Visiting attribute path : patient.role
03:44:48.392 [main] DEBUG o.h.p.w.spi.MetamodelGraphWalker - Visiting attribute path : renewals
03:44:48.392 [main] DEBUG o.h.p.w.spi.MetamodelGraphWalker - Visiting attribute path : startDate
03:44:48.392 [main] DEBUG o.h.l.p.b.i.FetchStyleLoadPlanBuildingAssociationVisitationStrategy - Building LoadPlan...
03:44:48.392 [main] DEBUG o.h.l.p.e.i.LoadQueryJoinAndFetchProcessor - processing queryspace <gen:0>
03:44:48.393 [main] DEBUG o.h.l.p.b.spi.LoadPlanTreePrinter - LoadPlan(entity=edu.ncsu.csc.itrust2.models.persistent.Prescription)
    - Returns
       - EntityReturnImpl(entity=edu.ncsu.csc.itrust2.models.persistent.Prescription, querySpaceUid=<gen:0>, path=edu.ncsu.csc.itrust2.models.persistent.Prescription)
          - EntityAttributeFetchImpl(entity=edu.ncsu.csc.itrust2.models.persistent.Drug, querySpaceUid=<gen:1>, path=edu.ncsu.csc.itrust2.models.persistent.Prescription.drug)
          - EntityAttributeFetchImpl(entity=edu.ncsu.csc.itrust2.models.persistent.User, querySpaceUid=<gen:2>, path=edu.ncsu.csc.itrust2.models.persistent.Prescription.patient)
    - QuerySpaces
       - EntityQuerySpaceImpl(uid=<gen:0>, entity=edu.ncsu.csc.itrust2.models.persistent.Prescription)
          - SQL table alias mapping - prescripti0_
          - alias suffix - 0_
          - suffixed key columns - {id1_14_0_}
          - JOIN (JoinDefinedByMetadata(drug)) : <gen:0> -> <gen:1>
             - EntityQuerySpaceImpl(uid=<gen:1>, entity=edu.ncsu.csc.itrust2.models.persistent.Drug)
                - SQL table alias mapping - drug1_
                - alias suffix - 1_
                - suffixed key columns - {id1_3_1_}
          - JOIN (JoinDefinedByMetadata(patient)) : <gen:0> -> <gen:2>
             - EntityQuerySpaceImpl(uid=<gen:2>, entity=edu.ncsu.csc.itrust2.models.persistent.User)
                - SQL table alias mapping - user2_
                - alias suffix - 2_
                - suffixed key columns - {username1_15_2_}

03:44:48.393 [main] DEBUG o.h.loader.entity.plan.EntityLoader - Static select for entity edu.ncsu.csc.itrust2.models.persistent.Prescription [READ]: select prescripti0_.id as id1_14_0_, prescripti0_.dosage as dosage2_14_0_, prescripti0_.drug_id as drug_id6_14_0_, prescripti0_.endDate as endDate3_14_0_, prescripti0_.patient_id as patient_7_14_0_, prescripti0_.renewals as renewals4_14_0_, prescripti0_.startDate as startDat5_14_0_, drug1_.id as id1_3_1_, drug1_.code as code2_3_1_, drug1_.description as descript3_3_1_, drug1_.name as name4_3_1_, user2_.username as username1_15_2_, user2_.enabled as enabled2_15_2_, user2_.password as password3_15_2_, user2_.role as role4_15_2_ from Prescriptions prescripti0_ inner join Drugs drug1_ on prescripti0_.drug_id=drug1_.id inner join Users user2_ on prescripti0_.patient_id=user2_.username where prescripti0_.id=?
03:44:48.394 [main] DEBUG o.h.l.p.b.i.spaces.QuerySpacesImpl - Adding QuerySpace : uid = <gen:0> -> org.hibernate.loader.plan.build.internal.spaces.EntityQuerySpaceImpl@ff2ff46]
03:44:48.394 [main] DEBUG o.h.p.w.spi.MetamodelGraphWalker - Visiting attribute path : dosage
03:44:48.394 [main] DEBUG o.h.p.w.spi.MetamodelGraphWalker - Visiting attribute path : drug
03:44:48.394 [main] DEBUG o.h.l.p.b.i.spaces.QuerySpacesImpl - Adding QuerySpace : uid = <gen:1> -> org.hibernate.loader.plan.build.internal.spaces.EntityQuerySpaceImpl@4e09a3a9]
03:44:48.394 [main] DEBUG o.h.p.w.spi.MetamodelGraphWalker - Visiting attribute path : endDate
03:44:48.394 [main] DEBUG o.h.p.w.spi.MetamodelGraphWalker - Visiting attribute path : patient
03:44:48.394 [main] DEBUG o.h.l.p.b.i.spaces.QuerySpacesImpl - Adding QuerySpace : uid = <gen:2> -> org.hibernate.loader.plan.build.internal.spaces.EntityQuerySpaceImpl@8c2d541]
03:44:48.395 [main] DEBUG o.h.p.w.spi.MetamodelGraphWalker - Visiting attribute path : renewals
03:44:48.395 [main] DEBUG o.h.p.w.spi.MetamodelGraphWalker - Visiting attribute path : startDate
03:44:48.395 [main] DEBUG o.h.l.p.b.i.FetchStyleLoadPlanBuildingAssociationVisitationStrategy - Building LoadPlan...
03:44:48.395 [main] DEBUG o.h.l.p.e.i.LoadQueryJoinAndFetchProcessor - processing queryspace <gen:0>
03:44:48.396 [main] DEBUG o.h.l.p.b.spi.LoadPlanTreePrinter - LoadPlan(entity=edu.ncsu.csc.itrust2.models.persistent.Prescription)
    - Returns
       - EntityReturnImpl(entity=edu.ncsu.csc.itrust2.models.persistent.Prescription, querySpaceUid=<gen:0>, path=edu.ncsu.csc.itrust2.models.persistent.Prescription)
          - EntityAttributeFetchImpl(entity=edu.ncsu.csc.itrust2.models.persistent.Drug, querySpaceUid=<gen:1>, path=edu.ncsu.csc.itrust2.models.persistent.Prescription.drug)
          - EntityAttributeFetchImpl(entity=edu.ncsu.csc.itrust2.models.persistent.User, querySpaceUid=<gen:2>, path=edu.ncsu.csc.itrust2.models.persistent.Prescription.patient)
    - QuerySpaces
       - EntityQuerySpaceImpl(uid=<gen:0>, entity=edu.ncsu.csc.itrust2.models.persistent.Prescription)
          - SQL table alias mapping - prescripti0_
          - alias suffix - 0_
          - suffixed key columns - {id1_14_0_}

03:44:48.396 [main] DEBUG o.h.loader.entity.plan.EntityLoader - Static select for entity edu.ncsu.csc.itrust2.models.persistent.Prescription [UPGRADE]: select prescripti0_.id as id1_14_0_, prescripti0_.dosage as dosage2_14_0_, prescripti0_.drug_id as drug_id6_14_0_, prescripti0_.endDate as endDate3_14_0_, prescripti0_.patient_id as patient_7_14_0_, prescripti0_.renewals as renewals4_14_0_, prescripti0_.startDate as startDat5_14_0_ from Prescriptions prescripti0_ where prescripti0_.id=? for update
03:44:48.396 [main] DEBUG o.h.l.p.b.i.spaces.QuerySpacesImpl - Adding QuerySpace : uid = <gen:0> -> org.hibernate.loader.plan.build.internal.spaces.EntityQuerySpaceImpl@10d213d0]
03:44:48.396 [main] DEBUG o.h.p.w.spi.MetamodelGraphWalker - Visiting attribute path : dosage
03:44:48.396 [main] DEBUG o.h.p.w.spi.MetamodelGraphWalker - Visiting attribute path : drug
03:44:48.396 [main] DEBUG o.h.l.p.b.i.spaces.QuerySpacesImpl - Adding QuerySpace : uid = <gen:1> -> org.hibernate.loader.plan.build.internal.spaces.EntityQuerySpaceImpl@794cc43a]
03:44:48.396 [main] DEBUG o.h.p.w.spi.MetamodelGraphWalker - Visiting attribute path : endDate
03:44:48.397 [main] DEBUG o.h.p.w.spi.MetamodelGraphWalker - Visiting attribute path : patient
03:44:48.397 [main] DEBUG o.h.l.p.b.i.spaces.QuerySpacesImpl - Adding QuerySpace : uid = <gen:2> -> org.hibernate.loader.plan.build.internal.spaces.EntityQuerySpaceImpl@673a7e8f]
03:44:48.397 [main] DEBUG o.h.p.w.spi.MetamodelGraphWalker - Visiting attribute path : renewals
03:44:48.397 [main] DEBUG o.h.p.w.spi.MetamodelGraphWalker - Visiting attribute path : startDate
03:44:48.397 [main] DEBUG o.h.l.p.b.i.FetchStyleLoadPlanBuildingAssociationVisitationStrategy - Building LoadPlan...
03:44:48.397 [main] DEBUG o.h.l.p.e.i.LoadQueryJoinAndFetchProcessor - processing queryspace <gen:0>
03:44:48.398 [main] DEBUG o.h.l.p.b.spi.LoadPlanTreePrinter - LoadPlan(entity=edu.ncsu.csc.itrust2.models.persistent.Prescription)
    - Returns
       - EntityReturnImpl(entity=edu.ncsu.csc.itrust2.models.persistent.Prescription, querySpaceUid=<gen:0>, path=edu.ncsu.csc.itrust2.models.persistent.Prescription)
          - EntityAttributeFetchImpl(entity=edu.ncsu.csc.itrust2.models.persistent.Drug, querySpaceUid=<gen:1>, path=edu.ncsu.csc.itrust2.models.persistent.Prescription.drug)
          - EntityAttributeFetchImpl(entity=edu.ncsu.csc.itrust2.models.persistent.User, querySpaceUid=<gen:2>, path=edu.ncsu.csc.itrust2.models.persistent.Prescription.patient)
    - QuerySpaces
       - EntityQuerySpaceImpl(uid=<gen:0>, entity=edu.ncsu.csc.itrust2.models.persistent.Prescription)
          - SQL table alias mapping - prescripti0_
          - alias suffix - 0_
          - suffixed key columns - {id1_14_0_}

03:44:48.398 [main] DEBUG o.h.loader.entity.plan.EntityLoader - Static select for entity edu.ncsu.csc.itrust2.models.persistent.Prescription [UPGRADE_NOWAIT]: select prescripti0_.id as id1_14_0_, prescripti0_.dosage as dosage2_14_0_, prescripti0_.drug_id as drug_id6_14_0_, prescripti0_.endDate as endDate3_14_0_, prescripti0_.patient_id as patient_7_14_0_, prescripti0_.renewals as renewals4_14_0_, prescripti0_.startDate as startDat5_14_0_ from Prescriptions prescripti0_ where prescripti0_.id=? for update
03:44:48.398 [main] DEBUG o.h.l.p.b.i.spaces.QuerySpacesImpl - Adding QuerySpace : uid = <gen:0> -> org.hibernate.loader.plan.build.internal.spaces.EntityQuerySpaceImpl@67f6ad2b]
03:44:48.398 [main] DEBUG o.h.p.w.spi.MetamodelGraphWalker - Visiting attribute path : dosage
03:44:48.398 [main] DEBUG o.h.p.w.spi.MetamodelGraphWalker - Visiting attribute path : drug
03:44:48.399 [main] DEBUG o.h.l.p.b.i.spaces.QuerySpacesImpl - Adding QuerySpace : uid = <gen:1> -> org.hibernate.loader.plan.build.internal.spaces.EntityQuerySpaceImpl@5bdd96f1]
03:44:48.399 [main] DEBUG o.h.p.w.spi.MetamodelGraphWalker - Visiting attribute path : endDate
03:44:48.399 [main] DEBUG o.h.p.w.spi.MetamodelGraphWalker - Visiting attribute path : patient
03:44:48.399 [main] DEBUG o.h.l.p.b.i.spaces.QuerySpacesImpl - Adding QuerySpace : uid = <gen:2> -> org.hibernate.loader.plan.build.internal.spaces.EntityQuerySpaceImpl@6fa75503]
03:44:48.399 [main] DEBUG o.h.p.w.spi.MetamodelGraphWalker - Visiting attribute path : renewals
03:44:48.399 [main] DEBUG o.h.p.w.spi.MetamodelGraphWalker - Visiting attribute path : startDate
03:44:48.399 [main] DEBUG o.h.l.p.b.i.FetchStyleLoadPlanBuildingAssociationVisitationStrategy - Building LoadPlan...
03:44:48.399 [main] DEBUG o.h.l.p.e.i.LoadQueryJoinAndFetchProcessor - processing queryspace <gen:0>
03:44:48.400 [main] DEBUG o.h.l.p.b.spi.LoadPlanTreePrinter - LoadPlan(entity=edu.ncsu.csc.itrust2.models.persistent.Prescription)
    - Returns
       - EntityReturnImpl(entity=edu.ncsu.csc.itrust2.models.persistent.Prescription, querySpaceUid=<gen:0>, path=edu.ncsu.csc.itrust2.models.persistent.Prescription)
          - EntityAttributeFetchImpl(entity=edu.ncsu.csc.itrust2.models.persistent.Drug, querySpaceUid=<gen:1>, path=edu.ncsu.csc.itrust2.models.persistent.Prescription.drug)
          - EntityAttributeFetchImpl(entity=edu.ncsu.csc.itrust2.models.persistent.User, querySpaceUid=<gen:2>, path=edu.ncsu.csc.itrust2.models.persistent.Prescription.patient)
    - QuerySpaces
       - EntityQuerySpaceImpl(uid=<gen:0>, entity=edu.ncsu.csc.itrust2.models.persistent.Prescription)
          - SQL table alias mapping - prescripti0_
          - alias suffix - 0_
          - suffixed key columns - {id1_14_0_}

03:44:48.400 [main] DEBUG o.h.loader.entity.plan.EntityLoader - Static select for entity edu.ncsu.csc.itrust2.models.persistent.Prescription [UPGRADE_SKIPLOCKED]: select prescripti0_.id as id1_14_0_, prescripti0_.dosage as dosage2_14_0_, prescripti0_.drug_id as drug_id6_14_0_, prescripti0_.endDate as endDate3_14_0_, prescripti0_.patient_id as patient_7_14_0_, prescripti0_.renewals as renewals4_14_0_, prescripti0_.startDate as startDat5_14_0_ from Prescriptions prescripti0_ where prescripti0_.id=? for update
03:44:48.400 [main] DEBUG o.h.l.p.b.i.spaces.QuerySpacesImpl - Adding QuerySpace : uid = <gen:0> -> org.hibernate.loader.plan.build.internal.spaces.EntityQuerySpaceImpl@3d6a2229]
03:44:48.400 [main] DEBUG o.h.p.w.spi.MetamodelGraphWalker - Visiting attribute path : dosage
03:44:48.400 [main] DEBUG o.h.p.w.spi.MetamodelGraphWalker - Visiting attribute path : drug
03:44:48.403 [main] DEBUG o.h.l.p.b.i.spaces.QuerySpacesImpl - Adding QuerySpace : uid = <gen:1> -> org.hibernate.loader.plan.build.internal.spaces.EntityQuerySpaceImpl@3119734e]
03:44:48.404 [main] DEBUG o.h.p.w.spi.MetamodelGraphWalker - Visiting attribute path : endDate
03:44:48.404 [main] DEBUG o.h.p.w.spi.MetamodelGraphWalker - Visiting attribute path : patient
03:44:48.404 [main] DEBUG o.h.l.p.b.i.spaces.QuerySpacesImpl - Adding QuerySpace : uid = <gen:2> -> org.hibernate.loader.plan.build.internal.spaces.EntityQuerySpaceImpl@64c33723]
03:44:48.404 [main] DEBUG o.h.p.w.spi.MetamodelGraphWalker - Visiting attribute path : renewals
03:44:48.404 [main] DEBUG o.h.p.w.spi.MetamodelGraphWalker - Visiting attribute path : startDate
03:44:48.404 [main] DEBUG o.h.l.p.b.i.FetchStyleLoadPlanBuildingAssociationVisitationStrategy - Building LoadPlan...
03:44:48.405 [main] DEBUG o.h.l.p.e.i.LoadQueryJoinAndFetchProcessor - processing queryspace <gen:0>
03:44:48.407 [main] DEBUG o.h.l.p.b.spi.LoadPlanTreePrinter - LoadPlan(entity=edu.ncsu.csc.itrust2.models.persistent.Prescription)
    - Returns
       - EntityReturnImpl(entity=edu.ncsu.csc.itrust2.models.persistent.Prescription, querySpaceUid=<gen:0>, path=edu.ncsu.csc.itrust2.models.persistent.Prescription)
          - EntityAttributeFetchImpl(entity=edu.ncsu.csc.itrust2.models.persistent.Drug, querySpaceUid=<gen:1>, path=edu.ncsu.csc.itrust2.models.persistent.Prescription.drug)
          - EntityAttributeFetchImpl(entity=edu.ncsu.csc.itrust2.models.persistent.User, querySpaceUid=<gen:2>, path=edu.ncsu.csc.itrust2.models.persistent.Prescription.patient)
    - QuerySpaces
       - EntityQuerySpaceImpl(uid=<gen:0>, entity=edu.ncsu.csc.itrust2.models.persistent.Prescription)
          - SQL table alias mapping - prescripti0_
          - alias suffix - 0_
          - suffixed key columns - {id1_14_0_}

03:44:48.407 [main] DEBUG o.h.loader.entity.plan.EntityLoader - Static select for entity edu.ncsu.csc.itrust2.models.persistent.Prescription [FORCE]: select prescripti0_.id as id1_14_0_, prescripti0_.dosage as dosage2_14_0_, prescripti0_.drug_id as drug_id6_14_0_, prescripti0_.endDate as endDate3_14_0_, prescripti0_.patient_id as patient_7_14_0_, prescripti0_.renewals as renewals4_14_0_, prescripti0_.startDate as startDat5_14_0_ from Prescriptions prescripti0_ where prescripti0_.id=? for update
03:44:48.407 [main] DEBUG o.h.l.p.b.i.spaces.QuerySpacesImpl - Adding QuerySpace : uid = <gen:0> -> org.hibernate.loader.plan.build.internal.spaces.EntityQuerySpaceImpl@8543af8]
03:44:48.407 [main] DEBUG o.h.p.w.spi.MetamodelGraphWalker - Visiting attribute path : dosage
03:44:48.407 [main] DEBUG o.h.p.w.spi.MetamodelGraphWalker - Visiting attribute path : drug
03:44:48.407 [main] DEBUG o.h.l.p.b.i.spaces.QuerySpacesImpl - Adding QuerySpace : uid = <gen:1> -> org.hibernate.loader.plan.build.internal.spaces.EntityQuerySpaceImpl@54f40ec8]
03:44:48.407 [main] DEBUG o.h.p.w.spi.MetamodelGraphWalker - Visiting attribute path : endDate
03:44:48.407 [main] DEBUG o.h.p.w.spi.MetamodelGraphWalker - Visiting attribute path : patient
03:44:48.408 [main] DEBUG o.h.l.p.b.i.spaces.QuerySpacesImpl - Adding QuerySpace : uid = <gen:2> -> org.hibernate.loader.plan.build.internal.spaces.EntityQuerySpaceImpl@2973515a]
03:44:48.408 [main] DEBUG o.h.p.w.spi.MetamodelGraphWalker - Visiting attribute path : renewals
03:44:48.408 [main] DEBUG o.h.p.w.spi.MetamodelGraphWalker - Visiting attribute path : startDate
03:44:48.408 [main] DEBUG o.h.l.p.b.i.FetchStyleLoadPlanBuildingAssociationVisitationStrategy - Building LoadPlan...
03:44:48.408 [main] DEBUG o.h.l.p.e.i.LoadQueryJoinAndFetchProcessor - processing queryspace <gen:0>
03:44:48.408 [main] DEBUG o.h.l.p.b.spi.LoadPlanTreePrinter - LoadPlan(entity=edu.ncsu.csc.itrust2.models.persistent.Prescription)
    - Returns
       - EntityReturnImpl(entity=edu.ncsu.csc.itrust2.models.persistent.Prescription, querySpaceUid=<gen:0>, path=edu.ncsu.csc.itrust2.models.persistent.Prescription)
          - EntityAttributeFetchImpl(entity=edu.ncsu.csc.itrust2.models.persistent.Drug, querySpaceUid=<gen:1>, path=edu.ncsu.csc.itrust2.models.persistent.Prescription.drug)
          - EntityAttributeFetchImpl(entity=edu.ncsu.csc.itrust2.models.persistent.User, querySpaceUid=<gen:2>, path=edu.ncsu.csc.itrust2.models.persistent.Prescription.patient)
    - QuerySpaces
       - EntityQuerySpaceImpl(uid=<gen:0>, entity=edu.ncsu.csc.itrust2.models.persistent.Prescription)
          - SQL table alias mapping - prescripti0_
          - alias suffix - 0_
          - suffixed key columns - {id1_14_0_}

03:44:48.408 [main] DEBUG o.h.loader.entity.plan.EntityLoader - Static select for entity edu.ncsu.csc.itrust2.models.persistent.Prescription [PESSIMISTIC_READ]: select prescripti0_.id as id1_14_0_, prescripti0_.dosage as dosage2_14_0_, prescripti0_.drug_id as drug_id6_14_0_, prescripti0_.endDate as endDate3_14_0_, prescripti0_.patient_id as patient_7_14_0_, prescripti0_.renewals as renewals4_14_0_, prescripti0_.startDate as startDat5_14_0_ from Prescriptions prescripti0_ where prescripti0_.id=? lock in share mode
03:44:48.408 [main] DEBUG o.h.l.p.b.i.spaces.QuerySpacesImpl - Adding QuerySpace : uid = <gen:0> -> org.hibernate.loader.plan.build.internal.spaces.EntityQuerySpaceImpl@593d76]
03:44:48.409 [main] DEBUG o.h.p.w.spi.MetamodelGraphWalker - Visiting attribute path : dosage
03:44:48.409 [main] DEBUG o.h.p.w.spi.MetamodelGraphWalker - Visiting attribute path : drug
03:44:48.409 [main] DEBUG o.h.l.p.b.i.spaces.QuerySpacesImpl - Adding QuerySpace : uid = <gen:1> -> org.hibernate.loader.plan.build.internal.spaces.EntityQuerySpaceImpl@36ba85cd]
03:44:48.409 [main] DEBUG o.h.p.w.spi.MetamodelGraphWalker - Visiting attribute path : endDate
03:44:48.409 [main] DEBUG o.h.p.w.spi.MetamodelGraphWalker - Visiting attribute path : patient
03:44:48.409 [main] DEBUG o.h.l.p.b.i.spaces.QuerySpacesImpl - Adding QuerySpace : uid = <gen:2> -> org.hibernate.loader.plan.build.internal.spaces.EntityQuerySpaceImpl@570fbc1]
03:44:48.409 [main] DEBUG o.h.p.w.spi.MetamodelGraphWalker - Visiting attribute path : renewals
03:44:48.409 [main] DEBUG o.h.p.w.spi.MetamodelGraphWalker - Visiting attribute path : startDate
03:44:48.409 [main] DEBUG o.h.l.p.b.i.FetchStyleLoadPlanBuildingAssociationVisitationStrategy - Building LoadPlan...
03:44:48.409 [main] DEBUG o.h.l.p.e.i.LoadQueryJoinAndFetchProcessor - processing queryspace <gen:0>
03:44:48.409 [main] DEBUG o.h.l.p.b.spi.LoadPlanTreePrinter - LoadPlan(entity=edu.ncsu.csc.itrust2.models.persistent.Prescription)
    - Returns
       - EntityReturnImpl(entity=edu.ncsu.csc.itrust2.models.persistent.Prescription, querySpaceUid=<gen:0>, path=edu.ncsu.csc.itrust2.models.persistent.Prescription)
          - EntityAttributeFetchImpl(entity=edu.ncsu.csc.itrust2.models.persistent.Drug, querySpaceUid=<gen:1>, path=edu.ncsu.csc.itrust2.models.persistent.Prescription.drug)
          - EntityAttributeFetchImpl(entity=edu.ncsu.csc.itrust2.models.persistent.User, querySpaceUid=<gen:2>, path=edu.ncsu.csc.itrust2.models.persistent.Prescription.patient)
    - QuerySpaces
       - EntityQuerySpaceImpl(uid=<gen:0>, entity=edu.ncsu.csc.itrust2.models.persistent.Prescription)
          - SQL table alias mapping - prescripti0_
          - alias suffix - 0_
          - suffixed key columns - {id1_14_0_}

03:44:48.410 [main] DEBUG o.h.loader.entity.plan.EntityLoader - Static select for entity edu.ncsu.csc.itrust2.models.persistent.Prescription [PESSIMISTIC_WRITE]: select prescripti0_.id as id1_14_0_, prescripti0_.dosage as dosage2_14_0_, prescripti0_.drug_id as drug_id6_14_0_, prescripti0_.endDate as endDate3_14_0_, prescripti0_.patient_id as patient_7_14_0_, prescripti0_.renewals as renewals4_14_0_, prescripti0_.startDate as startDat5_14_0_ from Prescriptions prescripti0_ where prescripti0_.id=? for update
03:44:48.410 [main] DEBUG o.h.l.p.b.i.spaces.QuerySpacesImpl - Adding QuerySpace : uid = <gen:0> -> org.hibernate.loader.plan.build.internal.spaces.EntityQuerySpaceImpl@4c0bc494]
03:44:48.410 [main] DEBUG o.h.p.w.spi.MetamodelGraphWalker - Visiting attribute path : dosage
03:44:48.410 [main] DEBUG o.h.p.w.spi.MetamodelGraphWalker - Visiting attribute path : drug
03:44:48.410 [main] DEBUG o.h.l.p.b.i.spaces.QuerySpacesImpl - Adding QuerySpace : uid = <gen:1> -> org.hibernate.loader.plan.build.internal.spaces.EntityQuerySpaceImpl@e992c7b]
03:44:48.410 [main] DEBUG o.h.p.w.spi.MetamodelGraphWalker - Visiting attribute path : endDate
03:44:48.410 [main] DEBUG o.h.p.w.spi.MetamodelGraphWalker - Visiting attribute path : patient
03:44:48.410 [main] DEBUG o.h.l.p.b.i.spaces.QuerySpacesImpl - Adding QuerySpace : uid = <gen:2> -> org.hibernate.loader.plan.build.internal.spaces.EntityQuerySpaceImpl@cb5609a]
03:44:48.410 [main] DEBUG o.h.p.w.spi.MetamodelGraphWalker - Visiting attribute path : renewals
03:44:48.410 [main] DEBUG o.h.p.w.spi.MetamodelGraphWalker - Visiting attribute path : startDate
03:44:48.410 [main] DEBUG o.h.l.p.b.i.FetchStyleLoadPlanBuildingAssociationVisitationStrategy - Building LoadPlan...
03:44:48.410 [main] DEBUG o.h.l.p.e.i.LoadQueryJoinAndFetchProcessor - processing queryspace <gen:0>
03:44:48.411 [main] DEBUG o.h.l.p.b.spi.LoadPlanTreePrinter - LoadPlan(entity=edu.ncsu.csc.itrust2.models.persistent.Prescription)
    - Returns
       - EntityReturnImpl(entity=edu.ncsu.csc.itrust2.models.persistent.Prescription, querySpaceUid=<gen:0>, path=edu.ncsu.csc.itrust2.models.persistent.Prescription)
          - EntityAttributeFetchImpl(entity=edu.ncsu.csc.itrust2.models.persistent.Drug, querySpaceUid=<gen:1>, path=edu.ncsu.csc.itrust2.models.persistent.Prescription.drug)
          - EntityAttributeFetchImpl(entity=edu.ncsu.csc.itrust2.models.persistent.User, querySpaceUid=<gen:2>, path=edu.ncsu.csc.itrust2.models.persistent.Prescription.patient)
    - QuerySpaces
       - EntityQuerySpaceImpl(uid=<gen:0>, entity=edu.ncsu.csc.itrust2.models.persistent.Prescription)
          - SQL table alias mapping - prescripti0_
          - alias suffix - 0_
          - suffixed key columns - {id1_14_0_}

03:44:48.411 [main] DEBUG o.h.loader.entity.plan.EntityLoader - Static select for entity edu.ncsu.csc.itrust2.models.persistent.Prescription [PESSIMISTIC_FORCE_INCREMENT]: select prescripti0_.id as id1_14_0_, prescripti0_.dosage as dosage2_14_0_, prescripti0_.drug_id as drug_id6_14_0_, prescripti0_.endDate as endDate3_14_0_, prescripti0_.patient_id as patient_7_14_0_, prescripti0_.renewals as renewals4_14_0_, prescripti0_.startDate as startDat5_14_0_ from Prescriptions prescripti0_ where prescripti0_.id=? for update
03:44:48.411 [main] DEBUG o.h.l.p.b.i.spaces.QuerySpacesImpl - Adding QuerySpace : uid = <gen:0> -> org.hibernate.loader.plan.build.internal.spaces.EntityQuerySpaceImpl@1e082afc]
03:44:48.411 [main] DEBUG o.h.p.w.spi.MetamodelGraphWalker - Visiting attribute path : dosage
03:44:48.411 [main] DEBUG o.h.p.w.spi.MetamodelGraphWalker - Visiting attribute path : drug
03:44:48.411 [main] DEBUG o.h.l.p.b.i.spaces.QuerySpacesImpl - Adding QuerySpace : uid = <gen:1> -> org.hibernate.loader.plan.build.internal.spaces.EntityQuerySpaceImpl@4f8a671a]
03:44:48.411 [main] DEBUG o.h.p.w.spi.MetamodelGraphWalker - Visiting attribute path : endDate
03:44:48.411 [main] DEBUG o.h.p.w.spi.MetamodelGraphWalker - Visiting attribute path : patient
03:44:48.413 [main] DEBUG o.h.l.p.b.i.spaces.QuerySpacesImpl - Adding QuerySpace : uid = <gen:2> -> org.hibernate.loader.plan.build.internal.spaces.EntityQuerySpaceImpl@689c7fc1]
03:44:48.413 [main] DEBUG o.h.p.w.spi.MetamodelGraphWalker - Visiting attribute path : renewals
03:44:48.413 [main] DEBUG o.h.p.w.spi.MetamodelGraphWalker - Visiting attribute path : startDate
03:44:48.413 [main] DEBUG o.h.l.p.b.i.FetchStyleLoadPlanBuildingAssociationVisitationStrategy - Building LoadPlan...
03:44:48.413 [main] DEBUG o.h.l.p.e.i.LoadQueryJoinAndFetchProcessor - processing queryspace <gen:0>
03:44:48.417 [main] DEBUG o.h.l.p.b.spi.LoadPlanTreePrinter - LoadPlan(entity=edu.ncsu.csc.itrust2.models.persistent.Prescription)
    - Returns
       - EntityReturnImpl(entity=edu.ncsu.csc.itrust2.models.persistent.Prescription, querySpaceUid=<gen:0>, path=edu.ncsu.csc.itrust2.models.persistent.Prescription)
          - EntityAttributeFetchImpl(entity=edu.ncsu.csc.itrust2.models.persistent.Drug, querySpaceUid=<gen:1>, path=edu.ncsu.csc.itrust2.models.persistent.Prescription.drug)
          - EntityAttributeFetchImpl(entity=edu.ncsu.csc.itrust2.models.persistent.User, querySpaceUid=<gen:2>, path=edu.ncsu.csc.itrust2.models.persistent.Prescription.patient)
    - QuerySpaces
       - EntityQuerySpaceImpl(uid=<gen:0>, entity=edu.ncsu.csc.itrust2.models.persistent.Prescription)
          - SQL table alias mapping - prescripti0_
          - alias suffix - 0_
          - suffixed key columns - {id1_14_0_}

03:44:48.417 [main] DEBUG o.h.loader.entity.plan.EntityLoader - Static select for entity edu.ncsu.csc.itrust2.models.persistent.Prescription [OPTIMISTIC]: select prescripti0_.id as id1_14_0_, prescripti0_.dosage as dosage2_14_0_, prescripti0_.drug_id as drug_id6_14_0_, prescripti0_.endDate as endDate3_14_0_, prescripti0_.patient_id as patient_7_14_0_, prescripti0_.renewals as renewals4_14_0_, prescripti0_.startDate as startDat5_14_0_ from Prescriptions prescripti0_ where prescripti0_.id=?
03:44:48.417 [main] DEBUG o.h.l.p.b.i.spaces.QuerySpacesImpl - Adding QuerySpace : uid = <gen:0> -> org.hibernate.loader.plan.build.internal.spaces.EntityQuerySpaceImpl@371ce7e4]
03:44:48.417 [main] DEBUG o.h.p.w.spi.MetamodelGraphWalker - Visiting attribute path : dosage
03:44:48.417 [main] DEBUG o.h.p.w.spi.MetamodelGraphWalker - Visiting attribute path : drug
03:44:48.417 [main] DEBUG o.h.l.p.b.i.spaces.QuerySpacesImpl - Adding QuerySpace : uid = <gen:1> -> org.hibernate.loader.plan.build.internal.spaces.EntityQuerySpaceImpl@18f2f742]
03:44:48.417 [main] DEBUG o.h.p.w.spi.MetamodelGraphWalker - Visiting attribute path : endDate
03:44:48.417 [main] DEBUG o.h.p.w.spi.MetamodelGraphWalker - Visiting attribute path : patient
03:44:48.417 [main] DEBUG o.h.l.p.b.i.spaces.QuerySpacesImpl - Adding QuerySpace : uid = <gen:2> -> org.hibernate.loader.plan.build.internal.spaces.EntityQuerySpaceImpl@131be1ea]
03:44:48.418 [main] DEBUG o.h.p.w.spi.MetamodelGraphWalker - Visiting attribute path : renewals
03:44:48.418 [main] DEBUG o.h.p.w.spi.MetamodelGraphWalker - Visiting attribute path : startDate
03:44:48.418 [main] DEBUG o.h.l.p.b.i.FetchStyleLoadPlanBuildingAssociationVisitationStrategy - Building LoadPlan...
03:44:48.418 [main] DEBUG o.h.l.p.e.i.LoadQueryJoinAndFetchProcessor - processing queryspace <gen:0>
03:44:48.418 [main] DEBUG o.h.l.p.b.spi.LoadPlanTreePrinter - LoadPlan(entity=edu.ncsu.csc.itrust2.models.persistent.Prescription)
    - Returns
       - EntityReturnImpl(entity=edu.ncsu.csc.itrust2.models.persistent.Prescription, querySpaceUid=<gen:0>, path=edu.ncsu.csc.itrust2.models.persistent.Prescription)
          - EntityAttributeFetchImpl(entity=edu.ncsu.csc.itrust2.models.persistent.Drug, querySpaceUid=<gen:1>, path=edu.ncsu.csc.itrust2.models.persistent.Prescription.drug)
          - EntityAttributeFetchImpl(entity=edu.ncsu.csc.itrust2.models.persistent.User, querySpaceUid=<gen:2>, path=edu.ncsu.csc.itrust2.models.persistent.Prescription.patient)
    - QuerySpaces
       - EntityQuerySpaceImpl(uid=<gen:0>, entity=edu.ncsu.csc.itrust2.models.persistent.Prescription)
          - SQL table alias mapping - prescripti0_
          - alias suffix - 0_
          - suffixed key columns - {id1_14_0_}

03:44:48.418 [main] DEBUG o.h.loader.entity.plan.EntityLoader - Static select for entity edu.ncsu.csc.itrust2.models.persistent.Prescription [OPTIMISTIC_FORCE_INCREMENT]: select prescripti0_.id as id1_14_0_, prescripti0_.dosage as dosage2_14_0_, prescripti0_.drug_id as drug_id6_14_0_, prescripti0_.endDate as endDate3_14_0_, prescripti0_.patient_id as patient_7_14_0_, prescripti0_.renewals as renewals4_14_0_, prescripti0_.startDate as startDat5_14_0_ from Prescriptions prescripti0_ where prescripti0_.id=?
03:44:48.419 [main] DEBUG org.hibernate.loader.Loader - Static select for action ACTION_MERGE on entity edu.ncsu.csc.itrust2.models.persistent.Prescription: select prescripti0_.id as id1_14_0_, prescripti0_.dosage as dosage2_14_0_, prescripti0_.drug_id as drug_id6_14_0_, prescripti0_.endDate as endDate3_14_0_, prescripti0_.patient_id as patient_7_14_0_, prescripti0_.renewals as renewals4_14_0_, prescripti0_.startDate as startDat5_14_0_ from Prescriptions prescripti0_ where prescripti0_.id=?
03:44:48.420 [main] DEBUG org.hibernate.loader.Loader - Static select for action ACTION_REFRESH on entity edu.ncsu.csc.itrust2.models.persistent.Prescription: select prescripti0_.id as id1_14_0_, prescripti0_.dosage as dosage2_14_0_, prescripti0_.drug_id as drug_id6_14_0_, prescripti0_.endDate as endDate3_14_0_, prescripti0_.patient_id as patient_7_14_0_, prescripti0_.renewals as renewals4_14_0_, prescripti0_.startDate as startDat5_14_0_ from Prescriptions prescripti0_ where prescripti0_.id=?
03:44:48.431 [main] DEBUG o.h.l.p.b.i.spaces.QuerySpacesImpl - Adding QuerySpace : uid = <gen:0> -> org.hibernate.loader.plan.build.internal.spaces.CollectionQuerySpaceImpl@2646961c]
03:44:48.432 [main] DEBUG o.h.l.p.b.i.spaces.QuerySpacesImpl - Adding QuerySpace : uid = <gen:1> -> org.hibernate.loader.plan.build.internal.spaces.EntityQuerySpaceImpl@2cdd1b87]
03:44:48.432 [main] DEBUG o.h.p.w.spi.MetamodelGraphWalker - Visiting attribute path : dosage
03:44:48.432 [main] DEBUG o.h.p.w.spi.MetamodelGraphWalker - Visiting attribute path : drug
03:44:48.432 [main] DEBUG o.h.l.p.b.i.spaces.QuerySpacesImpl - Adding QuerySpace : uid = <gen:2> -> org.hibernate.loader.plan.build.internal.spaces.EntityQuerySpaceImpl@3180b2eb]
03:44:48.432 [main] DEBUG o.h.p.w.spi.MetamodelGraphWalker - Visiting attribute path : drug.code
03:44:48.432 [main] DEBUG o.h.p.w.spi.MetamodelGraphWalker - Visiting attribute path : drug.description
03:44:48.432 [main] DEBUG o.h.p.w.spi.MetamodelGraphWalker - Visiting attribute path : drug.name
03:44:48.432 [main] DEBUG o.h.p.w.spi.MetamodelGraphWalker - Visiting attribute path : endDate
03:44:48.432 [main] DEBUG o.h.p.w.spi.MetamodelGraphWalker - Visiting attribute path : patient
03:44:48.434 [main] DEBUG o.h.l.p.b.i.spaces.QuerySpacesImpl - Adding QuerySpace : uid = <gen:3> -> org.hibernate.loader.plan.build.internal.spaces.EntityQuerySpaceImpl@6973cb98]
03:44:48.436 [main] DEBUG o.h.p.w.spi.MetamodelGraphWalker - Visiting attribute path : patient.enabled
03:44:48.437 [main] DEBUG o.h.p.w.spi.MetamodelGraphWalker - Visiting attribute path : patient.password
03:44:48.437 [main] DEBUG o.h.p.w.spi.MetamodelGraphWalker - Visiting attribute path : patient.role
03:44:48.437 [main] DEBUG o.h.p.w.spi.MetamodelGraphWalker - Visiting attribute path : renewals
03:44:48.437 [main] DEBUG o.h.p.w.spi.MetamodelGraphWalker - Visiting attribute path : startDate
03:44:48.437 [main] DEBUG o.h.l.p.b.i.FetchStyleLoadPlanBuildingAssociationVisitationStrategy - Building LoadPlan...
03:44:48.439 [main] DEBUG o.h.l.p.e.i.LoadQueryJoinAndFetchProcessor - processing queryspace <gen:0>
03:44:48.439 [main] DEBUG o.h.l.p.b.spi.LoadPlanTreePrinter - LoadPlan(collection=edu.ncsu.csc.itrust2.models.persistent.OfficeVisit.prescriptions)
    - Returns
       - CollectionReturnImpl(collection=edu.ncsu.csc.itrust2.models.persistent.OfficeVisit.prescriptions, querySpaceUid=<gen:0>, path=[edu.ncsu.csc.itrust2.models.persistent.OfficeVisit.prescriptions])
          - (collection element) CollectionFetchableElementEntityGraph(entity=edu.ncsu.csc.itrust2.models.persistent.Prescription, querySpaceUid=<gen:1>, path=[edu.ncsu.csc.itrust2.models.persistent.OfficeVisit.prescriptions].<elements>)
             - EntityAttributeFetchImpl(entity=edu.ncsu.csc.itrust2.models.persistent.Drug, querySpaceUid=<gen:2>, path=[edu.ncsu.csc.itrust2.models.persistent.OfficeVisit.prescriptions].<elements>.drug)
             - EntityAttributeFetchImpl(entity=edu.ncsu.csc.itrust2.models.persistent.User, querySpaceUid=<gen:3>, path=[edu.ncsu.csc.itrust2.models.persistent.OfficeVisit.prescriptions].<elements>.patient)
    - QuerySpaces
       - CollectionQuerySpaceImpl(uid=<gen:0>, collection=edu.ncsu.csc.itrust2.models.persistent.OfficeVisit.prescriptions)
          - SQL table alias mapping - prescripti0_
          - alias suffix - 0_
          - suffixed key columns - {prescrip8_14_0_}
          - entity-element alias suffix - 1_
          - 1_entity-element suffixed key columns - id1_14_1_
          - JOIN (JoinDefinedByMetadata(elements)) : <gen:0> -> <gen:1>
             - EntityQuerySpaceImpl(uid=<gen:1>, entity=edu.ncsu.csc.itrust2.models.persistent.Prescription)
                - SQL table alias mapping - prescripti0_
                - alias suffix - 1_
                - suffixed key columns - {id1_14_1_}
                - JOIN (JoinDefinedByMetadata(drug)) : <gen:1> -> <gen:2>
                   - EntityQuerySpaceImpl(uid=<gen:2>, entity=edu.ncsu.csc.itrust2.models.persistent.Drug)
                      - SQL table alias mapping - drug1_
                      - alias suffix - 2_
                      - suffixed key columns - {id1_3_2_}
                - JOIN (JoinDefinedByMetadata(patient)) : <gen:1> -> <gen:3>
                   - EntityQuerySpaceImpl(uid=<gen:3>, entity=edu.ncsu.csc.itrust2.models.persistent.User)
                      - SQL table alias mapping - user2_
                      - alias suffix - 3_
                      - suffixed key columns - {username1_15_3_}

03:44:48.440 [main] DEBUG o.h.l.c.plan.CollectionLoader - Static select for collection edu.ncsu.csc.itrust2.models.persistent.OfficeVisit.prescriptions: select prescripti0_.prescriptions_id as prescrip8_14_0_, prescripti0_.id as id1_14_0_, prescripti0_.id as id1_14_1_, prescripti0_.dosage as dosage2_14_1_, prescripti0_.drug_id as drug_id6_14_1_, prescripti0_.endDate as endDate3_14_1_, prescripti0_.patient_id as patient_7_14_1_, prescripti0_.renewals as renewals4_14_1_, prescripti0_.startDate as startDat5_14_1_, drug1_.id as id1_3_2_, drug1_.code as code2_3_2_, drug1_.description as descript3_3_2_, drug1_.name as name4_3_2_, user2_.username as username1_15_3_, user2_.enabled as enabled2_15_3_, user2_.password as password3_15_3_, user2_.role as role4_15_3_ from Prescriptions prescripti0_ inner join Drugs drug1_ on prescripti0_.drug_id=drug1_.id inner join Users user2_ on prescripti0_.patient_id=user2_.username where prescripti0_.prescriptions_id=?
03:44:48.440 [main] DEBUG o.h.internal.SessionFactoryImpl - Instantiated session factory
03:44:48.448 [main] INFO  o.h.tool.hbm2ddl.SchemaUpdate - HHH000228: Running hbm2ddl schema update
03:44:48.555 [main] DEBUG org.hibernate.mapping.Table - No alter strings for table : AppointmentRequests
03:44:48.614 [main] DEBUG org.hibernate.mapping.Table - No alter strings for table : BasicHealthMetrics
03:44:48.633 [main] DEBUG org.hibernate.mapping.Table - No alter strings for table : Diagnoses
03:44:48.646 [main] DEBUG org.hibernate.mapping.Table - No alter strings for table : Drugs
03:44:48.656 [main] DEBUG org.hibernate.mapping.Table - No alter strings for table : hibernate_sequence
03:44:48.672 [main] DEBUG org.hibernate.mapping.Table - No alter strings for table : Hospitals
03:44:48.683 [main] DEBUG org.hibernate.mapping.Table - No alter strings for table : ICDCodes
03:44:48.708 [main] DEBUG org.hibernate.mapping.Table - No alter strings for table : LogEntries
03:44:48.720 [main] DEBUG org.hibernate.mapping.Table - No alter strings for table : LoginAttempts
03:44:48.739 [main] DEBUG org.hibernate.mapping.Table - No alter strings for table : LoginBans
03:44:48.755 [main] DEBUG org.hibernate.mapping.Table - No alter strings for table : LoginLockouts
03:44:48.773 [main] DEBUG org.hibernate.mapping.Table - No alter strings for table : OfficeVisits
03:44:48.782 [main] DEBUG org.hibernate.mapping.Table - No alter strings for table : PasswordResetTokens
03:44:48.826 [main] DEBUG org.hibernate.mapping.Table - No alter strings for table : Patients
03:44:48.859 [main] DEBUG org.hibernate.mapping.Table - No alter strings for table : Personnel
03:44:48.876 [main] DEBUG org.hibernate.mapping.Table - No alter strings for table : Prescriptions
03:44:48.883 [main] DEBUG org.hibernate.mapping.Table - No alter strings for table : Users
03:44:49.060 [main] DEBUG o.h.e.t.j.p.i.JtaPlatformInitiator - No JtaPlatform was specified, checking resolver
03:44:49.061 [main] DEBUG o.h.e.t.j.p.i.JtaPlatformResolverInitiator - No JtaPlatformResolver was specified, using default [org.hibernate.engine.transaction.jta.platform.internal.StandardJtaPlatformResolver]
03:44:49.065 [main] DEBUG o.h.e.t.j.p.i.StandardJtaPlatformResolver - Could not resolve JtaPlatform, using default [org.hibernate.engine.transaction.jta.platform.internal.NoJtaPlatform]
03:44:49.066 [main] DEBUG o.h.internal.NamedQueryRepository - Checking 0 named HQL queries
03:44:49.067 [main] DEBUG o.h.internal.NamedQueryRepository - Checking 0 named SQL queries
03:44:49.069 [main] DEBUG o.h.internal.SessionFactoryRegistry - Initializing SessionFactoryRegistry : org.hibernate.internal.SessionFactoryRegistry@5cfd888f
03:44:49.072 [main] DEBUG o.h.internal.SessionFactoryRegistry - Registering SessionFactory: 9d36fd26-afe1-423c-a3f3-0dacc46a0745 (<unnamed>)
03:44:49.073 [main] DEBUG o.h.internal.SessionFactoryRegistry - Not binding SessionFactory to JNDI, no JNDI name configured
03:44:49.180 [main] DEBUG o.h.s.internal.StatisticsInitiator - Statistics initialized [enabled=false]
03:44:49.181 [main] DEBUG o.h.e.t.internal.TransactionImpl - begin
03:44:49.237 [main] DEBUG org.hibernate.SQL - select this_.username as username1_15_0_, this_.enabled as enabled2_15_0_, this_.password as password3_15_0_, this_.role as role4_15_0_ from Users this_ where this_.username=?
Hibernate: select this_.username as username1_15_0_, this_.enabled as enabled2_15_0_, this_.password as password3_15_0_, this_.role as role4_15_0_ from Users this_ where this_.username=?
03:44:49.261 [main] DEBUG o.h.e.t.internal.TransactionImpl - committing
03:44:49.266 [main] DEBUG o.h.e.t.internal.TransactionImpl - begin
03:44:49.268 [main] DEBUG org.hibernate.SQL - select this_.id as id1_13_1_, this_.address1 as address2_13_1_, this_.address2 as address3_13_1_, this_.city as city4_13_1_, this_.email as email5_13_1_, this_.enabled as enabled6_13_1_, this_.firstName as firstNam7_13_1_, this_.lastName as lastName8_13_1_, this_.phone as phone9_13_1_, this_.self_id as self_id13_13_1_, this_.specialty as special10_13_1_, this_.state as state11_13_1_, this_.zip as zip12_13_1_, user2_.username as username1_15_0_, user2_.enabled as enabled2_15_0_, user2_.password as password3_15_0_, user2_.role as role4_15_0_ from Personnel this_ left outer join Users user2_ on this_.self_id=user2_.username where this_.self_id=?
Hibernate: select this_.id as id1_13_1_, this_.address1 as address2_13_1_, this_.address2 as address3_13_1_, this_.city as city4_13_1_, this_.email as email5_13_1_, this_.enabled as enabled6_13_1_, this_.firstName as firstNam7_13_1_, this_.lastName as lastName8_13_1_, this_.phone as phone9_13_1_, this_.self_id as self_id13_13_1_, this_.specialty as special10_13_1_, this_.state as state11_13_1_, this_.zip as zip12_13_1_, user2_.username as username1_15_0_, user2_.enabled as enabled2_15_0_, user2_.password as password3_15_0_, user2_.role as role4_15_0_ from Personnel this_ left outer join Users user2_ on this_.self_id=user2_.username where this_.self_id=?
03:44:49.272 [main] DEBUG o.h.e.t.internal.TransactionImpl - committing
03:44:49.281 [main] DEBUG o.h.e.t.internal.TransactionImpl - begin
03:44:49.317 [main] DEBUG org.hibernate.SQL - select next_val as id_val from hibernate_sequence for update
Hibernate: select next_val as id_val from hibernate_sequence for update
03:44:49.320 [main] DEBUG org.hibernate.SQL - update hibernate_sequence set next_val= ? where next_val=?
Hibernate: update hibernate_sequence set next_val= ? where next_val=?
03:44:49.322 [main] DEBUG o.h.e.i.AbstractSaveEventListener - Generated identifier: 3, using strategy: org.hibernate.id.enhanced.SequenceStyleGenerator
03:44:49.351 [main] DEBUG o.h.e.t.internal.TransactionImpl - committing
03:44:49.354 [main] DEBUG o.h.e.i.AbstractFlushingEventListener - Processing flush-time cascades
03:44:49.356 [main] DEBUG o.h.e.i.AbstractFlushingEventListener - Dirty checking collections
03:44:49.361 [main] DEBUG o.h.e.i.AbstractFlushingEventListener - Flushed: 1 insertions, 0 updates, 0 deletions to 1 objects
03:44:49.361 [main] DEBUG o.h.e.i.AbstractFlushingEventListener - Flushed: 0 (re)creations, 0 updates, 0 removals to 0 collections
03:44:49.364 [main] DEBUG o.h.internal.util.EntityPrinter - Listing entities:
03:44:49.365 [main] DEBUG o.h.internal.util.EntityPrinter - edu.ncsu.csc.itrust2.models.persistent.LogEntry{secondaryUser=null, logCode=12, primaryUser=SPRING_API_TEST_USER, id=3, time=java.util.GregorianCalendar[time=1521603889280,areFieldsSet=true,areAllFieldsSet=true,lenient=true,zone=sun.util.calendar.ZoneInfo[id="Etc/UTC",offset=0,dstSavings=0,useDaylight=false,transitions=0,lastRule=null],firstDayOfWeek=1,minimalDaysInFirstWeek=1,ERA=1,YEAR=2018,MONTH=2,WEEK_OF_YEAR=12,WEEK_OF_MONTH=4,DAY_OF_MONTH=21,DAY_OF_YEAR=80,DAY_OF_WEEK=4,DAY_OF_WEEK_IN_MONTH=3,AM_PM=0,HOUR=3,HOUR_OF_DAY=3,MINUTE=44,SECOND=49,MILLISECOND=280,ZONE_OFFSET=0,DST_OFFSET=0], message=null}
03:44:49.423 [main] DEBUG org.hibernate.SQL - insert into LogEntries (logCode, message, primaryUser, secondaryUser, time, id) values (?, ?, ?, ?, ?, ?)
Hibernate: insert into LogEntries (logCode, message, primaryUser, secondaryUser, time, id) values (?, ?, ?, ?, ?, ?)
03:44:49.431 [main] DEBUG o.h.e.j.internal.JdbcCoordinatorImpl - HHH000420: Closing un-released batch
03:44:49.451 [main] DEBUG o.s.t.w.s.TestDispatcherServlet - Null ModelAndView returned to DispatcherServlet with name '': assuming HandlerAdapter completed request handling
03:44:49.451 [main] DEBUG o.s.t.w.s.TestDispatcherServlet - Successfully completed request
03:44:49.454 [main] DEBUG o.s.b.f.s.DefaultListableBeanFactory - Returning cached instance of singleton bean 'loginAuditingListener'
03:44:49.454 [main] DEBUG o.s.b.f.s.DefaultListableBeanFactory - Returning cached instance of singleton bean 'delegatingApplicationListener'
03:44:49.460 [main] DEBUG o.s.t.c.s.AbstractDirtiesContextTestExecutionListener - After test method: context [DefaultTestContext@70c53dbe testClass = APIPersonnelTest, testInstance = edu.ncsu.csc.itrust2.apitest.APIPersonnelTest@374d09fa, testMethod = testGetNonExistentPersonnel@APIPersonnelTest, testException = java.lang.AssertionError: Status expected:<404> but was:<200>, mergedContextConfiguration = [WebMergedContextConfiguration@1894e40d testClass = APIPersonnelTest, locations = '{}', classes = '{class edu.ncsu.csc.itrust2.config.RootConfiguration, class edu.ncsu.csc.itrust2.mvc.config.WebMvcConfiguration}', contextInitializerClasses = '[]', activeProfiles = '{}', propertySourceLocations = '{}', propertySourceProperties = '{}', contextCustomizers = set[[empty]], resourceBasePath = 'src/main/webapp', contextLoader = 'org.springframework.test.context.web.WebDelegatingSmartContextLoader', parent = [null]]], class annotated with @DirtiesContext [false] with mode [null], method annotated with @DirtiesContext [false] with mode [null].
03:44:49.460 [main] DEBUG o.s.t.c.w.ServletTestExecutionListener - Resetting RequestContextHolder for test context [DefaultTestContext@70c53dbe testClass = APIPersonnelTest, testInstance = edu.ncsu.csc.itrust2.apitest.APIPersonnelTest@374d09fa, testMethod = testGetNonExistentPersonnel@APIPersonnelTest, testException = java.lang.AssertionError: Status expected:<404> but was:<200>, mergedContextConfiguration = [WebMergedContextConfiguration@1894e40d testClass = APIPersonnelTest, locations = '{}', classes = '{class edu.ncsu.csc.itrust2.config.RootConfiguration, class edu.ncsu.csc.itrust2.mvc.config.WebMvcConfiguration}', contextInitializerClasses = '[]', activeProfiles = '{}', propertySourceLocations = '{}', propertySourceProperties = '{}', contextCustomizers = set[[empty]], resourceBasePath = 'src/main/webapp', contextLoader = 'org.springframework.test.context.web.WebDelegatingSmartContextLoader', parent = [null]]].
]]></system-out>
    <system-err><![CDATA[Wed Mar 21 03:44:45 UTC 2018 WARN: Establishing SSL connection without server's identity verification is not recommended. According to MySQL 5.5.45+, 5.6.26+ and 5.7.6+ requirements SSL connection must be established by default if explicit option isn't set. For compliance with existing applications not using SSL the verifyServerCertificate property is set to 'false'. You need either to explicitly disable SSL by setting useSSL=false, or set useSSL=true and provide truststore for server certificate verification.
Wed Mar 21 03:44:48 UTC 2018 WARN: Establishing SSL connection without server's identity verification is not recommended. According to MySQL 5.5.45+, 5.6.26+ and 5.7.6+ requirements SSL connection must be established by default if explicit option isn't set. For compliance with existing applications not using SSL the verifyServerCertificate property is set to 'false'. You need either to explicitly disable SSL by setting useSSL=false, or set useSSL=true and provide truststore for server certificate verification.
]]></system-err>
  </testcase>
  <testcase name="testPersonnelAPI" classname="edu.ncsu.csc.itrust2.apitest.APIPersonnelTest" time="0.312">
    <failure message="Status expected:&lt;200&gt; but was:&lt;404&gt;" type="java.lang.AssertionError"><![CDATA[java.lang.AssertionError: Status expected:<200> but was:<404>
	at edu.ncsu.csc.itrust2.apitest.APIPersonnelTest.testPersonnelAPI(APIPersonnelTest.java:100)
]]></failure>
    <system-out><![CDATA[03:44:49.480 [main] DEBUG o.s.t.annotation.ProfileValueUtils - Retrieved @ProfileValueSourceConfiguration [null] for test class [edu.ncsu.csc.itrust2.apitest.APIPersonnelTest]
03:44:49.481 [main] DEBUG o.s.t.annotation.ProfileValueUtils - Retrieved ProfileValueSource type [class org.springframework.test.annotation.SystemProfileValueSource] for class [edu.ncsu.csc.itrust2.apitest.APIPersonnelTest]
03:44:49.481 [main] DEBUG o.s.t.c.c.DefaultCacheAwareContextLoaderDelegate - Retrieved ApplicationContext from cache with key [[WebMergedContextConfiguration@1894e40d testClass = APIPersonnelTest, locations = '{}', classes = '{class edu.ncsu.csc.itrust2.config.RootConfiguration, class edu.ncsu.csc.itrust2.mvc.config.WebMvcConfiguration}', contextInitializerClasses = '[]', activeProfiles = '{}', propertySourceLocations = '{}', propertySourceProperties = '{}', contextCustomizers = set[[empty]], resourceBasePath = 'src/main/webapp', contextLoader = 'org.springframework.test.context.web.WebDelegatingSmartContextLoader', parent = [null]]]
03:44:49.481 [main] DEBUG o.springframework.test.context.cache - Spring test ApplicationContext cache statistics: [DefaultContextCache@2c0b29cf size = 1, maxSize = 32, parentContextCount = 0, hitCount = 2, missCount = 1]
03:44:49.482 [main] DEBUG o.s.t.c.w.ServletTestExecutionListener - Setting up MockHttpServletRequest, MockHttpServletResponse, ServletWebRequest, and RequestContextHolder for test context [DefaultTestContext@70c53dbe testClass = APIPersonnelTest, testInstance = edu.ncsu.csc.itrust2.apitest.APIPersonnelTest@5bbc201f, testMethod = [null], testException = [null], mergedContextConfiguration = [WebMergedContextConfiguration@1894e40d testClass = APIPersonnelTest, locations = '{}', classes = '{class edu.ncsu.csc.itrust2.config.RootConfiguration, class edu.ncsu.csc.itrust2.mvc.config.WebMvcConfiguration}', contextInitializerClasses = '[]', activeProfiles = '{}', propertySourceLocations = '{}', propertySourceProperties = '{}', contextCustomizers = set[[empty]], resourceBasePath = 'src/main/webapp', contextLoader = 'org.springframework.test.context.web.WebDelegatingSmartContextLoader', parent = [null]]].
03:44:49.482 [main] DEBUG o.s.t.c.s.DependencyInjectionTestExecutionListener - Performing dependency injection for test context [[DefaultTestContext@70c53dbe testClass = APIPersonnelTest, testInstance = edu.ncsu.csc.itrust2.apitest.APIPersonnelTest@5bbc201f, testMethod = [null], testException = [null], mergedContextConfiguration = [WebMergedContextConfiguration@1894e40d testClass = APIPersonnelTest, locations = '{}', classes = '{class edu.ncsu.csc.itrust2.config.RootConfiguration, class edu.ncsu.csc.itrust2.mvc.config.WebMvcConfiguration}', contextInitializerClasses = '[]', activeProfiles = '{}', propertySourceLocations = '{}', propertySourceProperties = '{}', contextCustomizers = set[[empty]], resourceBasePath = 'src/main/webapp', contextLoader = 'org.springframework.test.context.web.WebDelegatingSmartContextLoader', parent = [null]]]].
03:44:49.482 [main] DEBUG o.s.t.c.c.DefaultCacheAwareContextLoaderDelegate - Retrieved ApplicationContext from cache with key [[WebMergedContextConfiguration@1894e40d testClass = APIPersonnelTest, locations = '{}', classes = '{class edu.ncsu.csc.itrust2.config.RootConfiguration, class edu.ncsu.csc.itrust2.mvc.config.WebMvcConfiguration}', contextInitializerClasses = '[]', activeProfiles = '{}', propertySourceLocations = '{}', propertySourceProperties = '{}', contextCustomizers = set[[empty]], resourceBasePath = 'src/main/webapp', contextLoader = 'org.springframework.test.context.web.WebDelegatingSmartContextLoader', parent = [null]]]
03:44:49.482 [main] DEBUG o.springframework.test.context.cache - Spring test ApplicationContext cache statistics: [DefaultContextCache@2c0b29cf size = 1, maxSize = 32, parentContextCount = 0, hitCount = 3, missCount = 1]
03:44:49.482 [main] DEBUG o.s.b.f.annotation.InjectionMetadata - Processing injected element of bean 'edu.ncsu.csc.itrust2.apitest.APIPersonnelTest': AutowiredFieldElement for private org.springframework.web.context.WebApplicationContext edu.ncsu.csc.itrust2.apitest.APIPersonnelTest.context
03:44:49.483 [main] DEBUG o.s.t.c.s.AbstractDirtiesContextTestExecutionListener - Before test method: context [DefaultTestContext@70c53dbe testClass = APIPersonnelTest, testInstance = edu.ncsu.csc.itrust2.apitest.APIPersonnelTest@5bbc201f, testMethod = testPersonnelAPI@APIPersonnelTest, testException = [null], mergedContextConfiguration = [WebMergedContextConfiguration@1894e40d testClass = APIPersonnelTest, locations = '{}', classes = '{class edu.ncsu.csc.itrust2.config.RootConfiguration, class edu.ncsu.csc.itrust2.mvc.config.WebMvcConfiguration}', contextInitializerClasses = '[]', activeProfiles = '{}', propertySourceLocations = '{}', propertySourceProperties = '{}', contextCustomizers = set[[empty]], resourceBasePath = 'src/main/webapp', contextLoader = 'org.springframework.test.context.web.WebDelegatingSmartContextLoader', parent = [null]]], class annotated with @DirtiesContext [false] with mode [null], method annotated with @DirtiesContext [false] with mode [null].
03:44:49.483 [main] DEBUG o.s.t.w.s.TestDispatcherServlet - Initializing servlet ''
03:44:49.483 [main] DEBUG o.s.w.c.s.StandardServletEnvironment - Adding [servletConfigInitParams] PropertySource with lowest search precedence
03:44:49.483 [main] DEBUG o.s.w.c.s.StandardServletEnvironment - Adding [servletContextInitParams] PropertySource with lowest search precedence
03:44:49.485 [main] DEBUG o.s.w.c.s.StandardServletEnvironment - Adding [systemProperties] PropertySource with lowest search precedence
03:44:49.485 [main] DEBUG o.s.w.c.s.StandardServletEnvironment - Adding [systemEnvironment] PropertySource with lowest search precedence
03:44:49.485 [main] DEBUG o.s.w.c.s.StandardServletEnvironment - Initialized StandardServletEnvironment with PropertySources [servletConfigInitParams,servletContextInitParams,systemProperties,systemEnvironment]
03:44:49.485 [main] INFO  o.s.mock.web.MockServletContext - Initializing Spring FrameworkServlet ''
03:44:49.485 [main] INFO  o.s.t.w.s.TestDispatcherServlet - FrameworkServlet '': initialization started
03:44:49.486 [main] DEBUG o.s.t.w.s.TestDispatcherServlet - Unable to locate MultipartResolver with name 'multipartResolver': no multipart request handling provided
03:44:49.486 [main] DEBUG o.s.b.f.s.DefaultListableBeanFactory - Creating instance of bean 'org.springframework.web.servlet.i18n.AcceptHeaderLocaleResolver'
03:44:49.486 [main] DEBUG o.s.b.f.s.DefaultListableBeanFactory - Finished creating instance of bean 'org.springframework.web.servlet.i18n.AcceptHeaderLocaleResolver'
03:44:49.486 [main] DEBUG o.s.t.w.s.TestDispatcherServlet - Unable to locate LocaleResolver with name 'localeResolver': using default [org.springframework.web.servlet.i18n.AcceptHeaderLocaleResolver@69c95fb6]
03:44:49.486 [main] DEBUG o.s.b.f.s.DefaultListableBeanFactory - Creating instance of bean 'org.springframework.web.servlet.theme.FixedThemeResolver'
03:44:49.486 [main] DEBUG o.s.b.f.s.DefaultListableBeanFactory - Finished creating instance of bean 'org.springframework.web.servlet.theme.FixedThemeResolver'
03:44:49.486 [main] DEBUG o.s.t.w.s.TestDispatcherServlet - Unable to locate ThemeResolver with name 'themeResolver': using default [org.springframework.web.servlet.theme.FixedThemeResolver@49be79b1]
03:44:49.487 [main] DEBUG o.s.b.f.s.DefaultListableBeanFactory - Returning cached instance of singleton bean 'requestMappingHandlerMapping'
03:44:49.487 [main] DEBUG o.s.b.f.s.DefaultListableBeanFactory - Returning cached instance of singleton bean 'viewControllerHandlerMapping'
03:44:49.487 [main] DEBUG o.s.b.f.s.DefaultListableBeanFactory - Returning cached instance of singleton bean 'beanNameHandlerMapping'
03:44:49.487 [main] DEBUG o.s.b.f.s.DefaultListableBeanFactory - Returning cached instance of singleton bean 'resourceHandlerMapping'
03:44:49.487 [main] DEBUG o.s.b.f.s.DefaultListableBeanFactory - Returning cached instance of singleton bean 'defaultServletHandlerMapping'
03:44:49.488 [main] DEBUG o.s.b.f.s.DefaultListableBeanFactory - Returning cached instance of singleton bean 'requestMappingHandlerAdapter'
03:44:49.488 [main] DEBUG o.s.b.f.s.DefaultListableBeanFactory - Returning cached instance of singleton bean 'httpRequestHandlerAdapter'
03:44:49.488 [main] DEBUG o.s.b.f.s.DefaultListableBeanFactory - Returning cached instance of singleton bean 'simpleControllerHandlerAdapter'
03:44:49.488 [main] DEBUG o.s.b.f.s.DefaultListableBeanFactory - Returning cached instance of singleton bean 'handlerExceptionResolver'
03:44:49.488 [main] DEBUG o.s.b.f.s.DefaultListableBeanFactory - Creating instance of bean 'org.springframework.web.servlet.view.DefaultRequestToViewNameTranslator'
03:44:49.489 [main] DEBUG o.s.b.f.s.DefaultListableBeanFactory - Finished creating instance of bean 'org.springframework.web.servlet.view.DefaultRequestToViewNameTranslator'
03:44:49.489 [main] DEBUG o.s.t.w.s.TestDispatcherServlet - Unable to locate RequestToViewNameTranslator with name 'viewNameTranslator': using default [org.springframework.web.servlet.view.DefaultRequestToViewNameTranslator@73b80441]
03:44:49.489 [main] DEBUG o.s.b.f.s.DefaultListableBeanFactory - Returning cached instance of singleton bean 'mvcViewResolver'
03:44:49.489 [main] DEBUG o.s.b.f.s.DefaultListableBeanFactory - Returning cached instance of singleton bean 'viewResolver'
03:44:49.489 [main] DEBUG o.s.b.f.s.DefaultListableBeanFactory - Creating instance of bean 'org.springframework.web.servlet.support.SessionFlashMapManager'
03:44:49.489 [main] DEBUG o.s.b.f.s.DefaultListableBeanFactory - Finished creating instance of bean 'org.springframework.web.servlet.support.SessionFlashMapManager'
03:44:49.490 [main] DEBUG o.s.t.w.s.TestDispatcherServlet - Unable to locate FlashMapManager with name 'flashMapManager': using default [org.springframework.web.servlet.support.SessionFlashMapManager@50aa96dd]
03:44:49.490 [main] DEBUG o.s.t.w.s.TestDispatcherServlet - Published WebApplicationContext of servlet '' as ServletContext attribute with name [org.springframework.web.servlet.FrameworkServlet.CONTEXT.]
03:44:49.490 [main] INFO  o.s.t.w.s.TestDispatcherServlet - FrameworkServlet '': initialization completed in 5 ms
03:44:49.490 [main] DEBUG o.s.t.w.s.TestDispatcherServlet - Servlet '' configured successfully
03:44:49.490 [main] DEBUG o.s.t.w.s.TestDispatcherServlet - DispatcherServlet with name '' processing DELETE request for [/api/v1/personnel]
03:44:49.503 [main] DEBUG o.s.w.s.m.m.a.RequestMappingHandlerMapping - Looking up handler method for path /api/v1/personnel
03:44:49.510 [main] DEBUG o.s.w.s.m.m.a.ExceptionHandlerExceptionResolver - Resolving exception from handler [null]: org.springframework.web.HttpRequestMethodNotSupportedException: Request method 'DELETE' not supported
03:44:49.510 [main] DEBUG o.s.w.s.m.a.ResponseStatusExceptionResolver - Resolving exception from handler [null]: org.springframework.web.HttpRequestMethodNotSupportedException: Request method 'DELETE' not supported
03:44:49.513 [main] DEBUG o.s.w.s.m.s.DefaultHandlerExceptionResolver - Resolving exception from handler [null]: org.springframework.web.HttpRequestMethodNotSupportedException: Request method 'DELETE' not supported
03:44:49.515 [main] WARN  o.s.web.servlet.PageNotFound - Request method 'DELETE' not supported
03:44:49.515 [main] DEBUG o.s.t.w.s.TestDispatcherServlet - Null ModelAndView returned to DispatcherServlet with name '': assuming HandlerAdapter completed request handling
03:44:49.515 [main] DEBUG o.s.t.w.s.TestDispatcherServlet - Successfully completed request
03:44:49.524 [main] DEBUG o.s.t.w.s.TestDispatcherServlet - DispatcherServlet with name '' processing POST request for [/api/v1/users]
03:44:49.524 [main] DEBUG o.s.w.s.m.m.a.RequestMappingHandlerMapping - Looking up handler method for path /api/v1/users
03:44:49.526 [main] DEBUG o.s.w.s.m.m.a.RequestMappingHandlerMapping - Returning handler method [public org.springframework.http.ResponseEntity edu.ncsu.csc.itrust2.controllers.api.APIUserController.createUser(edu.ncsu.csc.itrust2.forms.admin.UserForm)]
03:44:49.526 [main] DEBUG o.s.b.f.s.DefaultListableBeanFactory - Returning cached instance of singleton bean 'APIUserController'
03:44:49.531 [main] DEBUG o.s.w.s.m.m.a.RequestResponseBodyMethodProcessor - Read [class edu.ncsu.csc.itrust2.forms.admin.UserForm] as "application/json" with [org.springframework.http.converter.json.GsonHttpMessageConverter@5807d]
03:44:49.672 [main] DEBUG o.h.e.t.internal.TransactionImpl - begin
03:44:49.673 [main] DEBUG org.hibernate.SQL - select this_.username as username1_15_0_, this_.enabled as enabled2_15_0_, this_.password as password3_15_0_, this_.role as role4_15_0_ from Users this_ where this_.username=?
Hibernate: select this_.username as username1_15_0_, this_.enabled as enabled2_15_0_, this_.password as password3_15_0_, this_.role as role4_15_0_ from Users this_ where this_.username=?
03:44:49.674 [main] DEBUG org.hibernate.loader.Loader - Result set row: 0
03:44:49.679 [main] DEBUG org.hibernate.loader.Loader - Result row: EntityKey[edu.ncsu.csc.itrust2.models.persistent.User#hcp]
03:44:49.685 [main] DEBUG o.h.engine.internal.TwoPhaseLoad - Resolving associations for [edu.ncsu.csc.itrust2.models.persistent.User#hcp]
03:44:49.686 [main] DEBUG o.h.engine.internal.TwoPhaseLoad - Done materializing entity [edu.ncsu.csc.itrust2.models.persistent.User#hcp]
03:44:49.686 [main] DEBUG o.h.e.t.internal.TransactionImpl - committing
03:44:49.686 [main] DEBUG o.h.e.i.AbstractFlushingEventListener - Processing flush-time cascades
03:44:49.686 [main] DEBUG o.h.e.i.AbstractFlushingEventListener - Dirty checking collections
03:44:49.687 [main] DEBUG o.h.e.i.AbstractFlushingEventListener - Flushed: 0 insertions, 0 updates, 0 deletions to 1 objects
03:44:49.687 [main] DEBUG o.h.e.i.AbstractFlushingEventListener - Flushed: 0 (re)creations, 0 updates, 0 removals to 0 collections
03:44:49.687 [main] DEBUG o.h.internal.util.EntityPrinter - Listing entities:
03:44:49.687 [main] DEBUG o.h.internal.util.EntityPrinter - edu.ncsu.csc.itrust2.models.persistent.User{password=$2a$10$EblZqNptyYvcLm/VwDCVAuBjzZOI7khzdyGPBr08PpIi0na624b8., role=ROLE_HCP, enabled=1, username=hcp}
03:44:49.700 [main] DEBUG o.s.w.s.m.m.a.HttpEntityMethodProcessor - Written [{"status":"failed","message":"User with the id hcp already exists"}] as "text/plain" using [org.springframework.http.converter.StringHttpMessageConverter@7fbbf219]
03:44:49.700 [main] DEBUG o.s.t.w.s.TestDispatcherServlet - Null ModelAndView returned to DispatcherServlet with name '': assuming HandlerAdapter completed request handling
03:44:49.700 [main] DEBUG o.s.t.w.s.TestDispatcherServlet - Successfully completed request
03:44:49.702 [main] DEBUG o.s.t.w.s.TestDispatcherServlet - DispatcherServlet with name '' processing POST request for [/api/v1/personnel]
03:44:49.702 [main] DEBUG o.s.w.s.m.m.a.RequestMappingHandlerMapping - Looking up handler method for path /api/v1/personnel
03:44:49.703 [main] DEBUG o.s.w.s.m.m.a.RequestMappingHandlerMapping - Returning handler method [public org.springframework.http.ResponseEntity edu.ncsu.csc.itrust2.controllers.api.APIPersonnelController.createPersonnel(edu.ncsu.csc.itrust2.forms.personnel.PersonnelForm)]
03:44:49.703 [main] DEBUG o.s.b.f.s.DefaultListableBeanFactory - Returning cached instance of singleton bean 'APIPersonnelController'
03:44:49.704 [main] DEBUG o.s.w.s.m.m.a.RequestResponseBodyMethodProcessor - Read [class edu.ncsu.csc.itrust2.forms.personnel.PersonnelForm] as "application/json" with [org.springframework.http.converter.json.GsonHttpMessageConverter@5807d]
03:44:49.705 [main] DEBUG o.h.e.t.internal.TransactionImpl - begin
03:44:49.706 [main] DEBUG org.hibernate.SQL - select this_.username as username1_15_0_, this_.enabled as enabled2_15_0_, this_.password as password3_15_0_, this_.role as role4_15_0_ from Users this_ where this_.username=?
Hibernate: select this_.username as username1_15_0_, this_.enabled as enabled2_15_0_, this_.password as password3_15_0_, this_.role as role4_15_0_ from Users this_ where this_.username=?
03:44:49.707 [main] DEBUG org.hibernate.loader.Loader - Result set row: 0
03:44:49.707 [main] DEBUG org.hibernate.loader.Loader - Result row: EntityKey[edu.ncsu.csc.itrust2.models.persistent.User#hcp]
03:44:49.707 [main] DEBUG o.h.engine.internal.TwoPhaseLoad - Resolving associations for [edu.ncsu.csc.itrust2.models.persistent.User#hcp]
03:44:49.707 [main] DEBUG o.h.engine.internal.TwoPhaseLoad - Done materializing entity [edu.ncsu.csc.itrust2.models.persistent.User#hcp]
03:44:49.708 [main] DEBUG o.h.e.t.internal.TransactionImpl - committing
03:44:49.708 [main] DEBUG o.h.e.i.AbstractFlushingEventListener - Processing flush-time cascades
03:44:49.708 [main] DEBUG o.h.e.i.AbstractFlushingEventListener - Dirty checking collections
03:44:49.708 [main] DEBUG o.h.e.i.AbstractFlushingEventListener - Flushed: 0 insertions, 0 updates, 0 deletions to 1 objects
03:44:49.708 [main] DEBUG o.h.e.i.AbstractFlushingEventListener - Flushed: 0 (re)creations, 0 updates, 0 removals to 0 collections
03:44:49.708 [main] DEBUG o.h.internal.util.EntityPrinter - Listing entities:
03:44:49.708 [main] DEBUG o.h.internal.util.EntityPrinter - edu.ncsu.csc.itrust2.models.persistent.User{password=$2a$10$EblZqNptyYvcLm/VwDCVAuBjzZOI7khzdyGPBr08PpIi0na624b8., role=ROLE_HCP, enabled=1, username=hcp}
03:44:49.709 [main] DEBUG o.h.e.t.internal.TransactionImpl - begin
03:44:49.710 [main] DEBUG org.hibernate.SQL - select this_.id as id1_13_1_, this_.address1 as address2_13_1_, this_.address2 as address3_13_1_, this_.city as city4_13_1_, this_.email as email5_13_1_, this_.enabled as enabled6_13_1_, this_.firstName as firstNam7_13_1_, this_.lastName as lastName8_13_1_, this_.phone as phone9_13_1_, this_.self_id as self_id13_13_1_, this_.specialty as special10_13_1_, this_.state as state11_13_1_, this_.zip as zip12_13_1_, user2_.username as username1_15_0_, user2_.enabled as enabled2_15_0_, user2_.password as password3_15_0_, user2_.role as role4_15_0_ from Personnel this_ left outer join Users user2_ on this_.self_id=user2_.username where this_.self_id=?
Hibernate: select this_.id as id1_13_1_, this_.address1 as address2_13_1_, this_.address2 as address3_13_1_, this_.city as city4_13_1_, this_.email as email5_13_1_, this_.enabled as enabled6_13_1_, this_.firstName as firstNam7_13_1_, this_.lastName as lastName8_13_1_, this_.phone as phone9_13_1_, this_.self_id as self_id13_13_1_, this_.specialty as special10_13_1_, this_.state as state11_13_1_, this_.zip as zip12_13_1_, user2_.username as username1_15_0_, user2_.enabled as enabled2_15_0_, user2_.password as password3_15_0_, user2_.role as role4_15_0_ from Personnel this_ left outer join Users user2_ on this_.self_id=user2_.username where this_.self_id=?
03:44:49.711 [main] DEBUG org.hibernate.loader.Loader - Result set row: 0
03:44:49.712 [main] DEBUG org.hibernate.loader.Loader - Result row: EntityKey[edu.ncsu.csc.itrust2.models.persistent.User#hcp], EntityKey[edu.ncsu.csc.itrust2.models.persistent.Personnel#1]
03:44:49.713 [main] DEBUG org.hibernate.loader.Loader - Result set row: 1
03:44:49.713 [main] DEBUG org.hibernate.loader.Loader - Result row: EntityKey[edu.ncsu.csc.itrust2.models.persistent.User#hcp], EntityKey[edu.ncsu.csc.itrust2.models.persistent.Personnel#2]
03:44:49.713 [main] DEBUG o.h.engine.internal.TwoPhaseLoad - Resolving associations for [edu.ncsu.csc.itrust2.models.persistent.User#hcp]
03:44:49.714 [main] DEBUG o.h.engine.internal.TwoPhaseLoad - Done materializing entity [edu.ncsu.csc.itrust2.models.persistent.User#hcp]
03:44:49.714 [main] DEBUG o.h.engine.internal.TwoPhaseLoad - Resolving associations for [edu.ncsu.csc.itrust2.models.persistent.Personnel#1]
03:44:49.718 [main] DEBUG o.h.engine.internal.TwoPhaseLoad - Done materializing entity [edu.ncsu.csc.itrust2.models.persistent.Personnel#1]
03:44:49.718 [main] DEBUG o.h.engine.internal.TwoPhaseLoad - Resolving associations for [edu.ncsu.csc.itrust2.models.persistent.Personnel#2]
03:44:49.719 [main] DEBUG o.h.engine.internal.TwoPhaseLoad - Done materializing entity [edu.ncsu.csc.itrust2.models.persistent.Personnel#2]
03:44:49.719 [main] DEBUG o.h.e.t.internal.TransactionImpl - committing
03:44:49.719 [main] DEBUG o.h.e.i.AbstractFlushingEventListener - Processing flush-time cascades
03:44:49.719 [main] DEBUG o.h.e.i.AbstractFlushingEventListener - Dirty checking collections
03:44:49.720 [main] DEBUG o.h.e.i.AbstractFlushingEventListener - Flushed: 0 insertions, 0 updates, 0 deletions to 3 objects
03:44:49.720 [main] DEBUG o.h.e.i.AbstractFlushingEventListener - Flushed: 0 (re)creations, 0 updates, 0 removals to 0 collections
03:44:49.720 [main] DEBUG o.h.internal.util.EntityPrinter - Listing entities:
03:44:49.720 [main] DEBUG o.h.internal.util.EntityPrinter - edu.ncsu.csc.itrust2.models.persistent.User{password=$2a$10$EblZqNptyYvcLm/VwDCVAuBjzZOI7khzdyGPBr08PpIi0na624b8., role=ROLE_HCP, enabled=1, username=hcp}
03:44:49.720 [main] DEBUG o.h.internal.util.EntityPrinter - edu.ncsu.csc.itrust2.models.persistent.Personnel{zip=12345, lastName=HCP, specialty=null, address2=null, city=town, address1=1234 Road St., enabled=null, firstName=HCP, phone=111-222-3333, self=edu.ncsu.csc.itrust2.models.persistent.User#hcp, id=1, state=AK, email=csc326.201.1@gmail.com}
03:44:49.720 [main] DEBUG o.h.internal.util.EntityPrinter - edu.ncsu.csc.itrust2.models.persistent.Personnel{zip=12345, lastName=HCP, specialty=null, address2=null, city=town, address1=1234 Road St., enabled=null, firstName=HCP, phone=111-222-3333, self=edu.ncsu.csc.itrust2.models.persistent.User#hcp, id=2, state=AK, email=csc326.201.1@gmail.com}
03:44:49.724 [main] DEBUG o.s.w.s.m.m.a.HttpEntityMethodProcessor - Written [{"status":"failed","message":"Personnel with the id edu.ncsu.csc.itrust2.models.persistent.User@6486c85d already exists"}] as "text/plain" using [org.springframework.http.converter.StringHttpMessageConverter@7fbbf219]
03:44:49.724 [main] DEBUG o.s.t.w.s.TestDispatcherServlet - Null ModelAndView returned to DispatcherServlet with name '': assuming HandlerAdapter completed request handling
03:44:49.724 [main] DEBUG o.s.t.w.s.TestDispatcherServlet - Successfully completed request
03:44:49.725 [main] DEBUG o.s.t.w.s.TestDispatcherServlet - DispatcherServlet with name '' processing POST request for [/api/v1/personnel]
03:44:49.725 [main] DEBUG o.s.w.s.m.m.a.RequestMappingHandlerMapping - Looking up handler method for path /api/v1/personnel
03:44:49.726 [main] DEBUG o.s.w.s.m.m.a.RequestMappingHandlerMapping - Returning handler method [public org.springframework.http.ResponseEntity edu.ncsu.csc.itrust2.controllers.api.APIPersonnelController.createPersonnel(edu.ncsu.csc.itrust2.forms.personnel.PersonnelForm)]
03:44:49.726 [main] DEBUG o.s.b.f.s.DefaultListableBeanFactory - Returning cached instance of singleton bean 'APIPersonnelController'
03:44:49.727 [main] DEBUG o.s.w.s.m.m.a.RequestResponseBodyMethodProcessor - Read [class edu.ncsu.csc.itrust2.forms.personnel.PersonnelForm] as "application/json" with [org.springframework.http.converter.json.GsonHttpMessageConverter@5807d]
03:44:49.728 [main] DEBUG o.h.e.t.internal.TransactionImpl - begin
03:44:49.729 [main] DEBUG org.hibernate.SQL - select this_.username as username1_15_0_, this_.enabled as enabled2_15_0_, this_.password as password3_15_0_, this_.role as role4_15_0_ from Users this_ where this_.username=?
Hibernate: select this_.username as username1_15_0_, this_.enabled as enabled2_15_0_, this_.password as password3_15_0_, this_.role as role4_15_0_ from Users this_ where this_.username=?
03:44:49.729 [main] DEBUG org.hibernate.loader.Loader - Result set row: 0
03:44:49.730 [main] DEBUG org.hibernate.loader.Loader - Result row: EntityKey[edu.ncsu.csc.itrust2.models.persistent.User#hcp]
03:44:49.731 [main] DEBUG o.h.engine.internal.TwoPhaseLoad - Resolving associations for [edu.ncsu.csc.itrust2.models.persistent.User#hcp]
03:44:49.731 [main] DEBUG o.h.engine.internal.TwoPhaseLoad - Done materializing entity [edu.ncsu.csc.itrust2.models.persistent.User#hcp]
03:44:49.731 [main] DEBUG o.h.e.t.internal.TransactionImpl - committing
03:44:49.731 [main] DEBUG o.h.e.i.AbstractFlushingEventListener - Processing flush-time cascades
03:44:49.731 [main] DEBUG o.h.e.i.AbstractFlushingEventListener - Dirty checking collections
03:44:49.732 [main] DEBUG o.h.e.i.AbstractFlushingEventListener - Flushed: 0 insertions, 0 updates, 0 deletions to 1 objects
03:44:49.732 [main] DEBUG o.h.e.i.AbstractFlushingEventListener - Flushed: 0 (re)creations, 0 updates, 0 removals to 0 collections
03:44:49.732 [main] DEBUG o.h.internal.util.EntityPrinter - Listing entities:
03:44:49.732 [main] DEBUG o.h.internal.util.EntityPrinter - edu.ncsu.csc.itrust2.models.persistent.User{password=$2a$10$EblZqNptyYvcLm/VwDCVAuBjzZOI7khzdyGPBr08PpIi0na624b8., role=ROLE_HCP, enabled=1, username=hcp}
03:44:49.733 [main] DEBUG o.h.e.t.internal.TransactionImpl - begin
03:44:49.734 [main] DEBUG org.hibernate.SQL - select this_.id as id1_13_1_, this_.address1 as address2_13_1_, this_.address2 as address3_13_1_, this_.city as city4_13_1_, this_.email as email5_13_1_, this_.enabled as enabled6_13_1_, this_.firstName as firstNam7_13_1_, this_.lastName as lastName8_13_1_, this_.phone as phone9_13_1_, this_.self_id as self_id13_13_1_, this_.specialty as special10_13_1_, this_.state as state11_13_1_, this_.zip as zip12_13_1_, user2_.username as username1_15_0_, user2_.enabled as enabled2_15_0_, user2_.password as password3_15_0_, user2_.role as role4_15_0_ from Personnel this_ left outer join Users user2_ on this_.self_id=user2_.username where this_.self_id=?
Hibernate: select this_.id as id1_13_1_, this_.address1 as address2_13_1_, this_.address2 as address3_13_1_, this_.city as city4_13_1_, this_.email as email5_13_1_, this_.enabled as enabled6_13_1_, this_.firstName as firstNam7_13_1_, this_.lastName as lastName8_13_1_, this_.phone as phone9_13_1_, this_.self_id as self_id13_13_1_, this_.specialty as special10_13_1_, this_.state as state11_13_1_, this_.zip as zip12_13_1_, user2_.username as username1_15_0_, user2_.enabled as enabled2_15_0_, user2_.password as password3_15_0_, user2_.role as role4_15_0_ from Personnel this_ left outer join Users user2_ on this_.self_id=user2_.username where this_.self_id=?
03:44:49.735 [main] DEBUG org.hibernate.loader.Loader - Result set row: 0
03:44:49.735 [main] DEBUG org.hibernate.loader.Loader - Result row: EntityKey[edu.ncsu.csc.itrust2.models.persistent.User#hcp], EntityKey[edu.ncsu.csc.itrust2.models.persistent.Personnel#1]
03:44:49.736 [main] DEBUG org.hibernate.loader.Loader - Result set row: 1
03:44:49.736 [main] DEBUG org.hibernate.loader.Loader - Result row: EntityKey[edu.ncsu.csc.itrust2.models.persistent.User#hcp], EntityKey[edu.ncsu.csc.itrust2.models.persistent.Personnel#2]
03:44:49.736 [main] DEBUG o.h.engine.internal.TwoPhaseLoad - Resolving associations for [edu.ncsu.csc.itrust2.models.persistent.User#hcp]
03:44:49.737 [main] DEBUG o.h.engine.internal.TwoPhaseLoad - Done materializing entity [edu.ncsu.csc.itrust2.models.persistent.User#hcp]
03:44:49.737 [main] DEBUG o.h.engine.internal.TwoPhaseLoad - Resolving associations for [edu.ncsu.csc.itrust2.models.persistent.Personnel#1]
03:44:49.737 [main] DEBUG o.h.engine.internal.TwoPhaseLoad - Done materializing entity [edu.ncsu.csc.itrust2.models.persistent.Personnel#1]
03:44:49.737 [main] DEBUG o.h.engine.internal.TwoPhaseLoad - Resolving associations for [edu.ncsu.csc.itrust2.models.persistent.Personnel#2]
03:44:49.738 [main] DEBUG o.h.engine.internal.TwoPhaseLoad - Done materializing entity [edu.ncsu.csc.itrust2.models.persistent.Personnel#2]
03:44:49.738 [main] DEBUG o.h.e.t.internal.TransactionImpl - committing
03:44:49.738 [main] DEBUG o.h.e.i.AbstractFlushingEventListener - Processing flush-time cascades
03:44:49.738 [main] DEBUG o.h.e.i.AbstractFlushingEventListener - Dirty checking collections
03:44:49.739 [main] DEBUG o.h.e.i.AbstractFlushingEventListener - Flushed: 0 insertions, 0 updates, 0 deletions to 3 objects
03:44:49.739 [main] DEBUG o.h.e.i.AbstractFlushingEventListener - Flushed: 0 (re)creations, 0 updates, 0 removals to 0 collections
03:44:49.739 [main] DEBUG o.h.internal.util.EntityPrinter - Listing entities:
03:44:49.739 [main] DEBUG o.h.internal.util.EntityPrinter - edu.ncsu.csc.itrust2.models.persistent.User{password=$2a$10$EblZqNptyYvcLm/VwDCVAuBjzZOI7khzdyGPBr08PpIi0na624b8., role=ROLE_HCP, enabled=1, username=hcp}
03:44:49.740 [main] DEBUG o.h.internal.util.EntityPrinter - edu.ncsu.csc.itrust2.models.persistent.Personnel{zip=12345, lastName=HCP, specialty=null, address2=null, city=town, address1=1234 Road St., enabled=null, firstName=HCP, phone=111-222-3333, self=edu.ncsu.csc.itrust2.models.persistent.User#hcp, id=1, state=AK, email=csc326.201.1@gmail.com}
03:44:49.740 [main] DEBUG o.h.internal.util.EntityPrinter - edu.ncsu.csc.itrust2.models.persistent.Personnel{zip=12345, lastName=HCP, specialty=null, address2=null, city=town, address1=1234 Road St., enabled=null, firstName=HCP, phone=111-222-3333, self=edu.ncsu.csc.itrust2.models.persistent.User#hcp, id=2, state=AK, email=csc326.201.1@gmail.com}
03:44:49.741 [main] DEBUG o.s.w.s.m.m.a.HttpEntityMethodProcessor - Written [{"status":"failed","message":"Personnel with the id edu.ncsu.csc.itrust2.models.persistent.User@6486c85d already exists"}] as "text/plain" using [org.springframework.http.converter.StringHttpMessageConverter@7fbbf219]
03:44:49.742 [main] DEBUG o.s.t.w.s.TestDispatcherServlet - Null ModelAndView returned to DispatcherServlet with name '': assuming HandlerAdapter completed request handling
03:44:49.742 [main] DEBUG o.s.t.w.s.TestDispatcherServlet - Successfully completed request
03:44:49.743 [main] DEBUG o.s.t.w.s.TestDispatcherServlet - DispatcherServlet with name '' processing GET request for [/api/v1/personnel]
03:44:49.743 [main] DEBUG o.s.w.s.m.m.a.RequestMappingHandlerMapping - Looking up handler method for path /api/v1/personnel
03:44:49.744 [main] DEBUG o.s.w.s.m.m.a.RequestMappingHandlerMapping - Returning handler method [public java.util.List<edu.ncsu.csc.itrust2.models.persistent.Personnel> edu.ncsu.csc.itrust2.controllers.api.APIPersonnelController.getPersonnel()]
03:44:49.744 [main] DEBUG o.s.b.f.s.DefaultListableBeanFactory - Returning cached instance of singleton bean 'APIPersonnelController'
03:44:49.745 [main] DEBUG o.s.t.w.s.TestDispatcherServlet - Last-Modified value for [/api/v1/personnel] is: -1
03:44:49.745 [main] DEBUG o.h.e.t.internal.TransactionImpl - begin
03:44:49.746 [main] DEBUG org.hibernate.SQL - select this_.id as id1_13_1_, this_.address1 as address2_13_1_, this_.address2 as address3_13_1_, this_.city as city4_13_1_, this_.email as email5_13_1_, this_.enabled as enabled6_13_1_, this_.firstName as firstNam7_13_1_, this_.lastName as lastName8_13_1_, this_.phone as phone9_13_1_, this_.self_id as self_id13_13_1_, this_.specialty as special10_13_1_, this_.state as state11_13_1_, this_.zip as zip12_13_1_, user2_.username as username1_15_0_, user2_.enabled as enabled2_15_0_, user2_.password as password3_15_0_, user2_.role as role4_15_0_ from Personnel this_ left outer join Users user2_ on this_.self_id=user2_.username
Hibernate: select this_.id as id1_13_1_, this_.address1 as address2_13_1_, this_.address2 as address3_13_1_, this_.city as city4_13_1_, this_.email as email5_13_1_, this_.enabled as enabled6_13_1_, this_.firstName as firstNam7_13_1_, this_.lastName as lastName8_13_1_, this_.phone as phone9_13_1_, this_.self_id as self_id13_13_1_, this_.specialty as special10_13_1_, this_.state as state11_13_1_, this_.zip as zip12_13_1_, user2_.username as username1_15_0_, user2_.enabled as enabled2_15_0_, user2_.password as password3_15_0_, user2_.role as role4_15_0_ from Personnel this_ left outer join Users user2_ on this_.self_id=user2_.username
03:44:49.748 [main] DEBUG org.hibernate.loader.Loader - Result set row: 0
03:44:49.748 [main] DEBUG org.hibernate.loader.Loader - Result row: EntityKey[edu.ncsu.csc.itrust2.models.persistent.User#hcp], EntityKey[edu.ncsu.csc.itrust2.models.persistent.Personnel#1]
03:44:49.749 [main] DEBUG org.hibernate.loader.Loader - Result set row: 1
03:44:49.749 [main] DEBUG org.hibernate.loader.Loader - Result row: EntityKey[edu.ncsu.csc.itrust2.models.persistent.User#hcp], EntityKey[edu.ncsu.csc.itrust2.models.persistent.Personnel#2]
03:44:49.750 [main] DEBUG o.h.engine.internal.TwoPhaseLoad - Resolving associations for [edu.ncsu.csc.itrust2.models.persistent.User#hcp]
03:44:49.750 [main] DEBUG o.h.engine.internal.TwoPhaseLoad - Done materializing entity [edu.ncsu.csc.itrust2.models.persistent.User#hcp]
03:44:49.750 [main] DEBUG o.h.engine.internal.TwoPhaseLoad - Resolving associations for [edu.ncsu.csc.itrust2.models.persistent.Personnel#1]
03:44:49.751 [main] DEBUG o.h.engine.internal.TwoPhaseLoad - Done materializing entity [edu.ncsu.csc.itrust2.models.persistent.Personnel#1]
03:44:49.751 [main] DEBUG o.h.engine.internal.TwoPhaseLoad - Resolving associations for [edu.ncsu.csc.itrust2.models.persistent.Personnel#2]
03:44:49.751 [main] DEBUG o.h.engine.internal.TwoPhaseLoad - Done materializing entity [edu.ncsu.csc.itrust2.models.persistent.Personnel#2]
03:44:49.751 [main] DEBUG o.h.e.t.internal.TransactionImpl - committing
03:44:49.751 [main] DEBUG o.h.e.i.AbstractFlushingEventListener - Processing flush-time cascades
03:44:49.752 [main] DEBUG o.h.e.i.AbstractFlushingEventListener - Dirty checking collections
03:44:49.753 [main] DEBUG o.h.e.i.AbstractFlushingEventListener - Flushed: 0 insertions, 0 updates, 0 deletions to 3 objects
03:44:49.753 [main] DEBUG o.h.e.i.AbstractFlushingEventListener - Flushed: 0 (re)creations, 0 updates, 0 removals to 0 collections
03:44:49.753 [main] DEBUG o.h.internal.util.EntityPrinter - Listing entities:
03:44:49.753 [main] DEBUG o.h.internal.util.EntityPrinter - edu.ncsu.csc.itrust2.models.persistent.User{password=$2a$10$EblZqNptyYvcLm/VwDCVAuBjzZOI7khzdyGPBr08PpIi0na624b8., role=ROLE_HCP, enabled=1, username=hcp}
03:44:49.753 [main] DEBUG o.h.internal.util.EntityPrinter - edu.ncsu.csc.itrust2.models.persistent.Personnel{zip=12345, lastName=HCP, specialty=null, address2=null, city=town, address1=1234 Road St., enabled=null, firstName=HCP, phone=111-222-3333, self=edu.ncsu.csc.itrust2.models.persistent.User#hcp, id=1, state=AK, email=csc326.201.1@gmail.com}
03:44:49.754 [main] DEBUG o.h.internal.util.EntityPrinter - edu.ncsu.csc.itrust2.models.persistent.Personnel{zip=12345, lastName=HCP, specialty=null, address2=null, city=town, address1=1234 Road St., enabled=null, firstName=HCP, phone=111-222-3333, self=edu.ncsu.csc.itrust2.models.persistent.User#hcp, id=2, state=AK, email=csc326.201.1@gmail.com}
03:44:49.761 [main] DEBUG o.s.w.s.m.m.a.RequestResponseBodyMethodProcessor - Written [[edu.ncsu.csc.itrust2.models.persistent.Personnel@2ca7a213, edu.ncsu.csc.itrust2.models.persistent.Personnel@4f1606ad]] as "application/json" using [org.springframework.http.converter.json.GsonHttpMessageConverter@5807d]
03:44:49.761 [main] DEBUG o.s.t.w.s.TestDispatcherServlet - Null ModelAndView returned to DispatcherServlet with name '': assuming HandlerAdapter completed request handling
03:44:49.761 [main] DEBUG o.s.t.w.s.TestDispatcherServlet - Successfully completed request
03:44:49.766 [main] DEBUG o.s.t.w.s.TestDispatcherServlet - DispatcherServlet with name '' processing GET request for [/api/v1/personnel/hcp]
03:44:49.766 [main] DEBUG o.s.w.s.m.m.a.RequestMappingHandlerMapping - Looking up handler method for path /api/v1/personnel/hcp
03:44:49.767 [main] DEBUG o.s.w.s.m.m.a.RequestMappingHandlerMapping - Returning handler method [public org.springframework.http.ResponseEntity edu.ncsu.csc.itrust2.controllers.api.APIPersonnelController.getPersonnel(java.lang.String)]
03:44:49.768 [main] DEBUG o.s.b.f.s.DefaultListableBeanFactory - Returning cached instance of singleton bean 'APIPersonnelController'
03:44:49.768 [main] DEBUG o.s.t.w.s.TestDispatcherServlet - Last-Modified value for [/api/v1/personnel/hcp] is: -1
03:44:49.768 [main] DEBUG o.h.e.t.internal.TransactionImpl - begin
03:44:49.769 [main] DEBUG org.hibernate.SQL - select this_.username as username1_15_0_, this_.enabled as enabled2_15_0_, this_.password as password3_15_0_, this_.role as role4_15_0_ from Users this_ where this_.username=?
Hibernate: select this_.username as username1_15_0_, this_.enabled as enabled2_15_0_, this_.password as password3_15_0_, this_.role as role4_15_0_ from Users this_ where this_.username=?
03:44:49.771 [main] DEBUG org.hibernate.loader.Loader - Result set row: 0
03:44:49.771 [main] DEBUG org.hibernate.loader.Loader - Result row: EntityKey[edu.ncsu.csc.itrust2.models.persistent.User#hcp]
03:44:49.772 [main] DEBUG o.h.engine.internal.TwoPhaseLoad - Resolving associations for [edu.ncsu.csc.itrust2.models.persistent.User#hcp]
03:44:49.772 [main] DEBUG o.h.engine.internal.TwoPhaseLoad - Done materializing entity [edu.ncsu.csc.itrust2.models.persistent.User#hcp]
03:44:49.772 [main] DEBUG o.h.e.t.internal.TransactionImpl - committing
03:44:49.773 [main] DEBUG o.h.e.i.AbstractFlushingEventListener - Processing flush-time cascades
03:44:49.773 [main] DEBUG o.h.e.i.AbstractFlushingEventListener - Dirty checking collections
03:44:49.773 [main] DEBUG o.h.e.i.AbstractFlushingEventListener - Flushed: 0 insertions, 0 updates, 0 deletions to 1 objects
03:44:49.773 [main] DEBUG o.h.e.i.AbstractFlushingEventListener - Flushed: 0 (re)creations, 0 updates, 0 removals to 0 collections
03:44:49.773 [main] DEBUG o.h.internal.util.EntityPrinter - Listing entities:
03:44:49.774 [main] DEBUG o.h.internal.util.EntityPrinter - edu.ncsu.csc.itrust2.models.persistent.User{password=$2a$10$EblZqNptyYvcLm/VwDCVAuBjzZOI7khzdyGPBr08PpIi0na624b8., role=ROLE_HCP, enabled=1, username=hcp}
03:44:49.775 [main] DEBUG o.h.e.t.internal.TransactionImpl - begin
03:44:49.776 [main] DEBUG org.hibernate.SQL - select this_.id as id1_13_1_, this_.address1 as address2_13_1_, this_.address2 as address3_13_1_, this_.city as city4_13_1_, this_.email as email5_13_1_, this_.enabled as enabled6_13_1_, this_.firstName as firstNam7_13_1_, this_.lastName as lastName8_13_1_, this_.phone as phone9_13_1_, this_.self_id as self_id13_13_1_, this_.specialty as special10_13_1_, this_.state as state11_13_1_, this_.zip as zip12_13_1_, user2_.username as username1_15_0_, user2_.enabled as enabled2_15_0_, user2_.password as password3_15_0_, user2_.role as role4_15_0_ from Personnel this_ left outer join Users user2_ on this_.self_id=user2_.username where this_.self_id=?
Hibernate: select this_.id as id1_13_1_, this_.address1 as address2_13_1_, this_.address2 as address3_13_1_, this_.city as city4_13_1_, this_.email as email5_13_1_, this_.enabled as enabled6_13_1_, this_.firstName as firstNam7_13_1_, this_.lastName as lastName8_13_1_, this_.phone as phone9_13_1_, this_.self_id as self_id13_13_1_, this_.specialty as special10_13_1_, this_.state as state11_13_1_, this_.zip as zip12_13_1_, user2_.username as username1_15_0_, user2_.enabled as enabled2_15_0_, user2_.password as password3_15_0_, user2_.role as role4_15_0_ from Personnel this_ left outer join Users user2_ on this_.self_id=user2_.username where this_.self_id=?
03:44:49.778 [main] DEBUG org.hibernate.loader.Loader - Result set row: 0
03:44:49.778 [main] DEBUG org.hibernate.loader.Loader - Result row: EntityKey[edu.ncsu.csc.itrust2.models.persistent.User#hcp], EntityKey[edu.ncsu.csc.itrust2.models.persistent.Personnel#1]
03:44:49.780 [main] DEBUG org.hibernate.loader.Loader - Result set row: 1
03:44:49.780 [main] DEBUG org.hibernate.loader.Loader - Result row: EntityKey[edu.ncsu.csc.itrust2.models.persistent.User#hcp], EntityKey[edu.ncsu.csc.itrust2.models.persistent.Personnel#2]
03:44:49.782 [main] DEBUG o.h.engine.internal.TwoPhaseLoad - Resolving associations for [edu.ncsu.csc.itrust2.models.persistent.User#hcp]
03:44:49.782 [main] DEBUG o.h.engine.internal.TwoPhaseLoad - Done materializing entity [edu.ncsu.csc.itrust2.models.persistent.User#hcp]
03:44:49.783 [main] DEBUG o.h.engine.internal.TwoPhaseLoad - Resolving associations for [edu.ncsu.csc.itrust2.models.persistent.Personnel#1]
03:44:49.783 [main] DEBUG o.h.engine.internal.TwoPhaseLoad - Done materializing entity [edu.ncsu.csc.itrust2.models.persistent.Personnel#1]
03:44:49.783 [main] DEBUG o.h.engine.internal.TwoPhaseLoad - Resolving associations for [edu.ncsu.csc.itrust2.models.persistent.Personnel#2]
03:44:49.785 [main] DEBUG o.h.engine.internal.TwoPhaseLoad - Done materializing entity [edu.ncsu.csc.itrust2.models.persistent.Personnel#2]
03:44:49.786 [main] DEBUG o.h.e.t.internal.TransactionImpl - committing
03:44:49.786 [main] DEBUG o.h.e.i.AbstractFlushingEventListener - Processing flush-time cascades
03:44:49.786 [main] DEBUG o.h.e.i.AbstractFlushingEventListener - Dirty checking collections
03:44:49.787 [main] DEBUG o.h.e.i.AbstractFlushingEventListener - Flushed: 0 insertions, 0 updates, 0 deletions to 3 objects
03:44:49.789 [main] DEBUG o.h.e.i.AbstractFlushingEventListener - Flushed: 0 (re)creations, 0 updates, 0 removals to 0 collections
03:44:49.789 [main] DEBUG o.h.internal.util.EntityPrinter - Listing entities:
03:44:49.789 [main] DEBUG o.h.internal.util.EntityPrinter - edu.ncsu.csc.itrust2.models.persistent.User{password=$2a$10$EblZqNptyYvcLm/VwDCVAuBjzZOI7khzdyGPBr08PpIi0na624b8., role=ROLE_HCP, enabled=1, username=hcp}
03:44:49.789 [main] DEBUG o.h.internal.util.EntityPrinter - edu.ncsu.csc.itrust2.models.persistent.Personnel{zip=12345, lastName=HCP, specialty=null, address2=null, city=town, address1=1234 Road St., enabled=null, firstName=HCP, phone=111-222-3333, self=edu.ncsu.csc.itrust2.models.persistent.User#hcp, id=1, state=AK, email=csc326.201.1@gmail.com}
03:44:49.790 [main] DEBUG o.h.internal.util.EntityPrinter - edu.ncsu.csc.itrust2.models.persistent.Personnel{zip=12345, lastName=HCP, specialty=null, address2=null, city=town, address1=1234 Road St., enabled=null, firstName=HCP, phone=111-222-3333, self=edu.ncsu.csc.itrust2.models.persistent.User#hcp, id=2, state=AK, email=csc326.201.1@gmail.com}
03:44:49.793 [main] DEBUG o.s.w.s.m.m.a.HttpEntityMethodProcessor - Written [{"status":"failed","message":"No personnel found for id hcp"}] as "text/plain" using [org.springframework.http.converter.StringHttpMessageConverter@7fbbf219]
03:44:49.793 [main] DEBUG o.s.t.w.s.TestDispatcherServlet - Null ModelAndView returned to DispatcherServlet with name '': assuming HandlerAdapter completed request handling
03:44:49.793 [main] DEBUG o.s.t.w.s.TestDispatcherServlet - Successfully completed request
03:44:49.794 [main] DEBUG o.s.t.c.s.AbstractDirtiesContextTestExecutionListener - After test method: context [DefaultTestContext@70c53dbe testClass = APIPersonnelTest, testInstance = edu.ncsu.csc.itrust2.apitest.APIPersonnelTest@5bbc201f, testMethod = testPersonnelAPI@APIPersonnelTest, testException = java.lang.AssertionError: Status expected:<200> but was:<404>, mergedContextConfiguration = [WebMergedContextConfiguration@1894e40d testClass = APIPersonnelTest, locations = '{}', classes = '{class edu.ncsu.csc.itrust2.config.RootConfiguration, class edu.ncsu.csc.itrust2.mvc.config.WebMvcConfiguration}', contextInitializerClasses = '[]', activeProfiles = '{}', propertySourceLocations = '{}', propertySourceProperties = '{}', contextCustomizers = set[[empty]], resourceBasePath = 'src/main/webapp', contextLoader = 'org.springframework.test.context.web.WebDelegatingSmartContextLoader', parent = [null]]], class annotated with @DirtiesContext [false] with mode [null], method annotated with @DirtiesContext [false] with mode [null].
03:44:49.794 [main] DEBUG o.s.t.c.w.ServletTestExecutionListener - Resetting RequestContextHolder for test context [DefaultTestContext@70c53dbe testClass = APIPersonnelTest, testInstance = edu.ncsu.csc.itrust2.apitest.APIPersonnelTest@5bbc201f, testMethod = testPersonnelAPI@APIPersonnelTest, testException = java.lang.AssertionError: Status expected:<200> but was:<404>, mergedContextConfiguration = [WebMergedContextConfiguration@1894e40d testClass = APIPersonnelTest, locations = '{}', classes = '{class edu.ncsu.csc.itrust2.config.RootConfiguration, class edu.ncsu.csc.itrust2.mvc.config.WebMvcConfiguration}', contextInitializerClasses = '[]', activeProfiles = '{}', propertySourceLocations = '{}', propertySourceProperties = '{}', contextCustomizers = set[[empty]], resourceBasePath = 'src/main/webapp', contextLoader = 'org.springframework.test.context.web.WebDelegatingSmartContextLoader', parent = [null]]].
]]></system-out>
  </testcase>
</testsuite>