<?xml version="1.0" encoding="UTF-8"?>
<testsuite xmlns:xsi="http://www.w3.org/2001/XMLSchema-instance" xsi:noNamespaceSchemaLocation="https://maven.apache.org/surefire/maven-surefire-plugin/xsd/surefire-test-report.xsd" name="edu.ncsu.csc.itrust2.unit.EmailUtilTest" time="0.031" tests="2" errors="2" skipped="0" failures="0">
  <properties>
    <property name="java.runtime.name" value="Java(TM) SE Runtime Environment"/>
    <property name="sun.boot.library.path" value="/usr/lib/jvm/java-8-oracle/jre/lib/amd64"/>
    <property name="java.vm.version" value="25.161-b12"/>
    <property name="java.vm.vendor" value="Oracle Corporation"/>
    <property name="maven.multiModuleProjectDirectory" value="/var/lib/jenkins/workspace/iTrust-Fuzz-Job/iTrust2-v2/iTrust/iTrust2"/>
    <property name="java.vendor.url" value="http://java.oracle.com/"/>
    <property name="path.separator" value=":"/>
    <property name="guice.disable.misplaced.annotation.check" value="true"/>
    <property name="java.vm.name" value="Java HotSpot(TM) 64-Bit Server VM"/>
    <property name="file.encoding.pkg" value="sun.io"/>
    <property name="user.country" value="US"/>
    <property name="sun.java.launcher" value="SUN_STANDARD"/>
    <property name="sun.os.patch.level" value="unknown"/>
    <property name="java.vm.specification.name" value="Java Virtual Machine Specification"/>
    <property name="user.dir" value="/var/lib/jenkins/workspace/iTrust-Fuzz-Job/iTrust2-v2/iTrust/iTrust2"/>
    <property name="java.runtime.version" value="1.8.0_161-b12"/>
    <property name="java.awt.graphicsenv" value="sun.awt.X11GraphicsEnvironment"/>
    <property name="java.endorsed.dirs" value="/usr/lib/jvm/java-8-oracle/jre/lib/endorsed"/>
    <property name="os.arch" value="amd64"/>
    <property name="java.io.tmpdir" value="/tmp"/>
    <property name="line.separator" value="&#10;"/>
    <property name="java.vm.specification.vendor" value="Oracle Corporation"/>
    <property name="os.name" value="Linux"/>
    <property name="classworlds.conf" value="/usr/share/maven/bin/m2.conf"/>
    <property name="sun.jnu.encoding" value="UTF-8"/>
    <property name="java.library.path" value="/usr/java/packages/lib/amd64:/usr/lib64:/lib64:/lib:/usr/lib"/>
    <property name="java.specification.name" value="Java Platform API Specification"/>
    <property name="java.class.version" value="52.0"/>
    <property name="sun.management.compiler" value="HotSpot 64-Bit Tiered Compilers"/>
    <property name="os.version" value="4.4.0-116-generic"/>
    <property name="user.home" value="/root"/>
    <property name="user.timezone" value="Etc/UTC"/>
    <property name="java.awt.printerjob" value="sun.print.PSPrinterJob"/>
    <property name="file.encoding" value="UTF-8"/>
    <property name="java.specification.version" value="1.8"/>
    <property name="user.name" value="root"/>
    <property name="java.class.path" value="/usr/share/maven/boot/plexus-classworlds-2.x.jar"/>
    <property name="java.vm.specification.version" value="1.8"/>
    <property name="sun.arch.data.model" value="64"/>
    <property name="java.home" value="/usr/lib/jvm/java-8-oracle/jre"/>
    <property name="sun.java.command" value="org.codehaus.plexus.classworlds.launcher.Launcher clean test verify checkstyle:checkstyle"/>
    <property name="java.specification.vendor" value="Oracle Corporation"/>
    <property name="user.language" value="en"/>
    <property name="awt.toolkit" value="sun.awt.X11.XToolkit"/>
    <property name="java.vm.info" value="mixed mode"/>
    <property name="java.version" value="1.8.0_161"/>
    <property name="java.ext.dirs" value="/usr/lib/jvm/java-8-oracle/jre/lib/ext:/usr/java/packages/lib/ext"/>
    <property name="securerandom.source" value="file:/dev/./urandom"/>
    <property name="sun.boot.class.path" value="/usr/lib/jvm/java-8-oracle/jre/lib/resources.jar:/usr/lib/jvm/java-8-oracle/jre/lib/rt.jar:/usr/lib/jvm/java-8-oracle/jre/lib/sunrsasign.jar:/usr/lib/jvm/java-8-oracle/jre/lib/jsse.jar:/usr/lib/jvm/java-8-oracle/jre/lib/jce.jar:/usr/lib/jvm/java-8-oracle/jre/lib/charsets.jar:/usr/lib/jvm/java-8-oracle/jre/lib/jfr.jar:/usr/lib/jvm/java-8-oracle/jre/classes"/>
    <property name="java.vendor" value="Oracle Corporation"/>
    <property name="maven.home" value="/usr/share/maven"/>
    <property name="file.separator" value="/"/>
    <property name="java.vendor.url.bug" value="http://bugreport.sun.com/bugreport/"/>
    <property name="sun.cpu.endian" value="little"/>
    <property name="sun.io.unicode.encoding" value="UnicodeLittle"/>
    <property name="sun.cpu.isalist" value=""/>
  </properties>
  <testcase name="testEmail" classname="edu.ncsu.csc.itrust2.unit.EmailUtilTest" time="0.009">
    <error type="java.lang.NullPointerException">java.lang.NullPointerException
	at edu.ncsu.csc.itrust2.unit.EmailUtilTest.testEmail(EmailUtilTest.java:25)
</error>
    <system-out><![CDATA[03:11:14.626 [main] DEBUG o.h.e.t.internal.TransactionImpl - begin
03:11:14.627 [main] DEBUG org.hibernate.SQL - select this_.username as username1_15_0_, this_.enabled as enabled2_15_0_, this_.password as password3_15_0_, this_.role as role4_15_0_ from Users this_ where this_.username=?
Hibernate: select this_.username as username1_15_0_, this_.enabled as enabled2_15_0_, this_.password as password3_15_0_, this_.role as role4_15_0_ from Users this_ where this_.username=?
03:11:14.628 [main] DEBUG org.hibernate.loader.Loader - Result set row: 0
03:11:14.628 [main] DEBUG org.hibernate.loader.Loader - Result row: EntityKey[edu.ncsu.csc.itrust2.models.persistent.User#admin]
03:11:14.629 [main] DEBUG o.h.engine.internal.TwoPhaseLoad - Resolving associations for [edu.ncsu.csc.itrust2.models.persistent.User#admin]
03:11:14.629 [main] DEBUG o.h.engine.internal.TwoPhaseLoad - Done materializing entity [edu.ncsu.csc.itrust2.models.persistent.User#admin]
03:11:14.629 [main] DEBUG o.h.e.t.internal.TransactionImpl - committing
03:11:14.629 [main] DEBUG o.h.e.i.AbstractFlushingEventListener - Processing flush-time cascades
03:11:14.629 [main] DEBUG o.h.e.i.AbstractFlushingEventListener - Dirty checking collections
03:11:14.630 [main] DEBUG o.h.e.i.AbstractFlushingEventListener - Flushed: 0 insertions, 0 updates, 0 deletions to 1 objects
03:11:14.630 [main] DEBUG o.h.e.i.AbstractFlushingEventListener - Flushed: 0 (re)creations, 0 updates, 0 removals to 0 collections
03:11:14.630 [main] DEBUG o.h.internal.util.EntityPrinter - Listing entities:
03:11:14.630 [main] DEBUG o.h.internal.util.EntityPrinter - edu.ncsu.csc.itrust2.models.persistent.User{password=$2a$10$EblZqNptyYvcLm/VwDCVAuBjzZOI7khzdyGPBr08PpIi0na624b8., role=ROLE_ADMIN, enabled=1, username=admin}
03:11:14.630 [main] DEBUG o.h.e.t.internal.TransactionImpl - begin
03:11:14.631 [main] DEBUG org.hibernate.SQL - select this_.id as id1_13_1_, this_.address1 as address2_13_1_, this_.address2 as address3_13_1_, this_.city as city4_13_1_, this_.email as email5_13_1_, this_.enabled as enabled6_13_1_, this_.firstName as firstNam7_13_1_, this_.lastName as lastName8_13_1_, this_.phone as phone9_13_1_, this_.self_id as self_id13_13_1_, this_.specialty as special10_13_1_, this_.state as state11_13_1_, this_.zip as zip12_13_1_, user2_.username as username1_15_0_, user2_.enabled as enabled2_15_0_, user2_.password as password3_15_0_, user2_.role as role4_15_0_ from Personnel this_ left outer join Users user2_ on this_.self_id=user2_.username where this_.self_id=?
Hibernate: select this_.id as id1_13_1_, this_.address1 as address2_13_1_, this_.address2 as address3_13_1_, this_.city as city4_13_1_, this_.email as email5_13_1_, this_.enabled as enabled6_13_1_, this_.firstName as firstNam7_13_1_, this_.lastName as lastName8_13_1_, this_.phone as phone9_13_1_, this_.self_id as self_id13_13_1_, this_.specialty as special10_13_1_, this_.state as state11_13_1_, this_.zip as zip12_13_1_, user2_.username as username1_15_0_, user2_.enabled as enabled2_15_0_, user2_.password as password3_15_0_, user2_.role as role4_15_0_ from Personnel this_ left outer join Users user2_ on this_.self_id=user2_.username where this_.self_id=?
03:11:14.632 [main] DEBUG o.h.e.t.internal.TransactionImpl - committing
]]></system-out>
  </testcase>
  <testcase name="testSendEmail" classname="edu.ncsu.csc.itrust2.unit.EmailUtilTest" time="0.019">
    <error message="Cannot read input file" type="java.lang.NullPointerException">java.lang.NullPointerException: Cannot read input file
	at edu.ncsu.csc.itrust2.unit.EmailUtilTest.testSendEmail(EmailUtilTest.java:31)
</error>
  </testcase>
</testsuite>