<?xml version="1.0" encoding="UTF-8"?>
<testsuite xmlns:xsi="http://www.w3.org/2001/XMLSchema-instance" xsi:noNamespaceSchemaLocation="https://maven.apache.org/surefire/maven-surefire-plugin/xsd/surefire-test-report.xsd" name="edu.ncsu.csc.itrust2.apitest.APIPersonnelTest" time="13.164" tests="2" errors="0" skipped="0" failures="2">
  <properties>
    <property name="java.runtime.name" value="Java(TM) SE Runtime Environment"/>
    <property name="sun.boot.library.path" value="/usr/lib/jvm/java-8-oracle/jre/lib/amd64"/>
    <property name="java.vm.version" value="25.161-b12"/>
    <property name="java.vm.vendor" value="Oracle Corporation"/>
    <property name="maven.multiModuleProjectDirectory" value="/var/lib/jenkins/workspace/iTrust-Fuzz-Job/iTrust2-v2/iTrust/iTrust2"/>
    <property name="java.vendor.url" value="http://java.oracle.com/"/>
    <property name="path.separator" value=":"/>
    <property name="guice.disable.misplaced.annotation.check" value="true"/>
    <property name="java.vm.name" value="Java HotSpot(TM) 64-Bit Server VM"/>
    <property name="file.encoding.pkg" value="sun.io"/>
    <property name="user.country" value="US"/>
    <property name="sun.java.launcher" value="SUN_STANDARD"/>
    <property name="sun.os.patch.level" value="unknown"/>
    <property name="java.vm.specification.name" value="Java Virtual Machine Specification"/>
    <property name="user.dir" value="/var/lib/jenkins/workspace/iTrust-Fuzz-Job/iTrust2-v2/iTrust/iTrust2"/>
    <property name="java.runtime.version" value="1.8.0_161-b12"/>
    <property name="java.awt.graphicsenv" value="sun.awt.X11GraphicsEnvironment"/>
    <property name="java.endorsed.dirs" value="/usr/lib/jvm/java-8-oracle/jre/lib/endorsed"/>
    <property name="os.arch" value="amd64"/>
    <property name="java.io.tmpdir" value="/tmp"/>
    <property name="line.separator" value="&#10;"/>
    <property name="java.vm.specification.vendor" value="Oracle Corporation"/>
    <property name="os.name" value="Linux"/>
    <property name="classworlds.conf" value="/usr/share/maven/bin/m2.conf"/>
    <property name="sun.jnu.encoding" value="UTF-8"/>
    <property name="java.library.path" value="/usr/java/packages/lib/amd64:/usr/lib64:/lib64:/lib:/usr/lib"/>
    <property name="java.specification.name" value="Java Platform API Specification"/>
    <property name="java.class.version" value="52.0"/>
    <property name="sun.management.compiler" value="HotSpot 64-Bit Tiered Compilers"/>
    <property name="os.version" value="4.4.0-116-generic"/>
    <property name="user.home" value="/root"/>
    <property name="user.timezone" value="Etc/UTC"/>
    <property name="java.awt.printerjob" value="sun.print.PSPrinterJob"/>
    <property name="file.encoding" value="UTF-8"/>
    <property name="java.specification.version" value="1.8"/>
    <property name="user.name" value="root"/>
    <property name="java.class.path" value="/usr/share/maven/boot/plexus-classworlds-2.x.jar"/>
    <property name="java.vm.specification.version" value="1.8"/>
    <property name="sun.arch.data.model" value="64"/>
    <property name="java.home" value="/usr/lib/jvm/java-8-oracle/jre"/>
    <property name="sun.java.command" value="org.codehaus.plexus.classworlds.launcher.Launcher clean test verify checkstyle:checkstyle"/>
    <property name="java.specification.vendor" value="Oracle Corporation"/>
    <property name="user.language" value="en"/>
    <property name="awt.toolkit" value="sun.awt.X11.XToolkit"/>
    <property name="java.vm.info" value="mixed mode"/>
    <property name="java.version" value="1.8.0_161"/>
    <property name="java.ext.dirs" value="/usr/lib/jvm/java-8-oracle/jre/lib/ext:/usr/java/packages/lib/ext"/>
    <property name="securerandom.source" value="file:/dev/./urandom"/>
    <property name="sun.boot.class.path" value="/usr/lib/jvm/java-8-oracle/jre/lib/resources.jar:/usr/lib/jvm/java-8-oracle/jre/lib/rt.jar:/usr/lib/jvm/java-8-oracle/jre/lib/sunrsasign.jar:/usr/lib/jvm/java-8-oracle/jre/lib/jsse.jar:/usr/lib/jvm/java-8-oracle/jre/lib/jce.jar:/usr/lib/jvm/java-8-oracle/jre/lib/charsets.jar:/usr/lib/jvm/java-8-oracle/jre/lib/jfr.jar:/usr/lib/jvm/java-8-oracle/jre/classes"/>
    <property name="java.vendor" value="Oracle Corporation"/>
    <property name="maven.home" value="/usr/share/maven"/>
    <property name="file.separator" value="/"/>
    <property name="java.vendor.url.bug" value="http://bugreport.sun.com/bugreport/"/>
    <property name="sun.cpu.endian" value="little"/>
    <property name="sun.io.unicode.encoding" value="UnicodeLittle"/>
    <property name="sun.cpu.isalist" value=""/>
  </properties>
  <testcase name="testGetNonExistentPersonnel" classname="edu.ncsu.csc.itrust2.apitest.APIPersonnelTest" time="5.514">
    <failure message="Status expected:&lt;404&gt; but was:&lt;200&gt;" type="java.lang.AssertionError"><![CDATA[java.lang.AssertionError: Status expected:<404> but was:<200>
	at edu.ncsu.csc.itrust2.apitest.APIPersonnelTest.testGetNonExistentPersonnel(APIPersonnelTest.java:61)
]]></failure>
    <system-out><![CDATA[20:26:49.623 [main] DEBUG o.s.t.c.j.SpringJUnit4ClassRunner - SpringJUnit4ClassRunner constructor called with [class edu.ncsu.csc.itrust2.apitest.APIPersonnelTest]
20:26:49.633 [main] DEBUG o.s.test.context.BootstrapUtils - Instantiating CacheAwareContextLoaderDelegate from class [org.springframework.test.context.cache.DefaultCacheAwareContextLoaderDelegate]
20:26:49.676 [main] DEBUG o.s.test.context.BootstrapUtils - Instantiating BootstrapContext using constructor [public org.springframework.test.context.support.DefaultBootstrapContext(java.lang.Class,org.springframework.test.context.CacheAwareContextLoaderDelegate)]
20:26:49.716 [main] DEBUG o.s.test.context.BootstrapUtils - Instantiating TestContextBootstrapper for test class [edu.ncsu.csc.itrust2.apitest.APIPersonnelTest] from class [org.springframework.test.context.web.WebTestContextBootstrapper]
20:26:49.785 [main] DEBUG o.s.t.c.s.AbstractDelegatingSmartContextLoader - Delegating to AnnotationConfigWebContextLoader to process context configuration [ContextConfigurationAttributes@34819867 declaringClass = 'edu.ncsu.csc.itrust2.apitest.APIPersonnelTest', classes = '{class edu.ncsu.csc.itrust2.config.RootConfiguration, class edu.ncsu.csc.itrust2.mvc.config.WebMvcConfiguration}', locations = '{}', inheritLocations = true, initializers = '{}', inheritInitializers = true, name = [null], contextLoaderClass = 'org.springframework.test.context.ContextLoader'].
20:26:49.823 [main] DEBUG o.s.t.c.support.ActiveProfilesUtils - Could not find an 'annotation declaring class' for annotation type [org.springframework.test.context.ActiveProfiles] and class [edu.ncsu.csc.itrust2.apitest.APIPersonnelTest]
20:26:49.825 [main] DEBUG o.s.t.c.w.WebTestContextBootstrapper - @TestExecutionListeners is not present for class [edu.ncsu.csc.itrust2.apitest.APIPersonnelTest]: using defaults.
20:26:49.828 [main] INFO  o.s.t.c.w.WebTestContextBootstrapper - Loaded default TestExecutionListener class names from location [META-INF/spring.factories]: [org.springframework.security.test.context.support.WithSecurityContextTestExecutionListener, org.springframework.test.context.web.ServletTestExecutionListener, org.springframework.test.context.support.DirtiesContextBeforeModesTestExecutionListener, org.springframework.test.context.support.DependencyInjectionTestExecutionListener, org.springframework.test.context.support.DirtiesContextTestExecutionListener, org.springframework.test.context.transaction.TransactionalTestExecutionListener, org.springframework.test.context.jdbc.SqlScriptsTestExecutionListener]
20:26:49.884 [main] INFO  o.s.t.c.w.WebTestContextBootstrapper - Using TestExecutionListeners: [org.springframework.test.context.web.ServletTestExecutionListener@4d3ca6c7, org.springframework.test.context.support.DirtiesContextBeforeModesTestExecutionListener@22e5f96e, org.springframework.test.context.support.DependencyInjectionTestExecutionListener@6a638c79, org.springframework.test.context.support.DirtiesContextTestExecutionListener@6c931d35, org.springframework.test.context.transaction.TransactionalTestExecutionListener@44b194fe, org.springframework.test.context.jdbc.SqlScriptsTestExecutionListener@49122b8f, org.springframework.security.test.context.support.WithSecurityContextTestExecutionListener@3fe46690]
20:26:49.888 [main] DEBUG o.s.t.annotation.ProfileValueUtils - Retrieved @ProfileValueSourceConfiguration [null] for test class [edu.ncsu.csc.itrust2.apitest.APIPersonnelTest]
20:26:49.889 [main] DEBUG o.s.t.annotation.ProfileValueUtils - Retrieved ProfileValueSource type [class org.springframework.test.annotation.SystemProfileValueSource] for class [edu.ncsu.csc.itrust2.apitest.APIPersonnelTest]
20:26:49.890 [main] DEBUG o.s.t.annotation.ProfileValueUtils - Retrieved @ProfileValueSourceConfiguration [null] for test class [edu.ncsu.csc.itrust2.apitest.APIPersonnelTest]
20:26:49.891 [main] DEBUG o.s.t.annotation.ProfileValueUtils - Retrieved ProfileValueSource type [class org.springframework.test.annotation.SystemProfileValueSource] for class [edu.ncsu.csc.itrust2.apitest.APIPersonnelTest]
20:26:49.893 [main] DEBUG o.s.t.annotation.ProfileValueUtils - Retrieved @ProfileValueSourceConfiguration [null] for test class [edu.ncsu.csc.itrust2.apitest.APIPersonnelTest]
20:26:49.894 [main] DEBUG o.s.t.annotation.ProfileValueUtils - Retrieved ProfileValueSource type [class org.springframework.test.annotation.SystemProfileValueSource] for class [edu.ncsu.csc.itrust2.apitest.APIPersonnelTest]
20:26:49.900 [main] DEBUG o.s.t.c.s.AbstractDirtiesContextTestExecutionListener - Before test class: context [DefaultTestContext@4f66ffc8 testClass = APIPersonnelTest, testInstance = [null], testMethod = [null], testException = [null], mergedContextConfiguration = [WebMergedContextConfiguration@124ac145 testClass = APIPersonnelTest, locations = '{}', classes = '{class edu.ncsu.csc.itrust2.config.RootConfiguration, class edu.ncsu.csc.itrust2.mvc.config.WebMvcConfiguration}', contextInitializerClasses = '[]', activeProfiles = '{}', propertySourceLocations = '{}', propertySourceProperties = '{}', contextCustomizers = set[[empty]], resourceBasePath = 'src/main/webapp', contextLoader = 'org.springframework.test.context.web.WebDelegatingSmartContextLoader', parent = [null]]], class annotated with @DirtiesContext [false] with mode [null].
20:26:49.900 [main] DEBUG o.s.t.annotation.ProfileValueUtils - Retrieved @ProfileValueSourceConfiguration [null] for test class [edu.ncsu.csc.itrust2.apitest.APIPersonnelTest]
20:26:49.901 [main] DEBUG o.s.t.annotation.ProfileValueUtils - Retrieved ProfileValueSource type [class org.springframework.test.annotation.SystemProfileValueSource] for class [edu.ncsu.csc.itrust2.apitest.APIPersonnelTest]
20:26:49.904 [main] DEBUG o.s.t.c.s.AbstractDelegatingSmartContextLoader - Delegating to AnnotationConfigWebContextLoader to load context from [WebMergedContextConfiguration@124ac145 testClass = APIPersonnelTest, locations = '{}', classes = '{class edu.ncsu.csc.itrust2.config.RootConfiguration, class edu.ncsu.csc.itrust2.mvc.config.WebMvcConfiguration}', contextInitializerClasses = '[]', activeProfiles = '{}', propertySourceLocations = '{}', propertySourceProperties = '{}', contextCustomizers = set[[empty]], resourceBasePath = 'src/main/webapp', contextLoader = 'org.springframework.test.context.web.WebDelegatingSmartContextLoader', parent = [null]].
20:26:49.905 [main] DEBUG o.s.t.c.w.AbstractGenericWebContextLoader - Loading WebApplicationContext for merged context configuration [WebMergedContextConfiguration@124ac145 testClass = APIPersonnelTest, locations = '{}', classes = '{class edu.ncsu.csc.itrust2.config.RootConfiguration, class edu.ncsu.csc.itrust2.mvc.config.WebMvcConfiguration}', contextInitializerClasses = '[]', activeProfiles = '{}', propertySourceLocations = '{}', propertySourceProperties = '{}', contextCustomizers = set[[empty]], resourceBasePath = 'src/main/webapp', contextLoader = 'org.springframework.test.context.web.WebDelegatingSmartContextLoader', parent = [null]].
20:26:50.086 [main] DEBUG o.s.w.c.s.StandardServletEnvironment - Adding [servletConfigInitParams] PropertySource with lowest search precedence
20:26:50.090 [main] DEBUG o.s.w.c.s.StandardServletEnvironment - Adding [servletContextInitParams] PropertySource with lowest search precedence
20:26:50.097 [main] DEBUG o.s.w.c.s.StandardServletEnvironment - Adding [systemProperties] PropertySource with lowest search precedence
20:26:50.099 [main] DEBUG o.s.w.c.s.StandardServletEnvironment - Adding [systemEnvironment] PropertySource with lowest search precedence
20:26:50.099 [main] DEBUG o.s.w.c.s.StandardServletEnvironment - Initialized StandardServletEnvironment with PropertySources [servletConfigInitParams,servletContextInitParams,systemProperties,systemEnvironment]
20:26:50.100 [main] DEBUG o.s.t.c.w.AnnotationConfigWebContextLoader - Registering annotated classes: {class edu.ncsu.csc.itrust2.config.RootConfiguration, class edu.ncsu.csc.itrust2.mvc.config.WebMvcConfiguration}
20:26:50.235 [main] INFO  o.s.w.c.s.GenericWebApplicationContext - Refreshing org.springframework.web.context.support.GenericWebApplicationContext@37df14d1: startup date [Wed Mar 21 20:26:50 UTC 2018]; root of context hierarchy
20:26:50.276 [main] DEBUG o.s.w.c.s.StandardServletEnvironment - Replacing [servletContextInitParams] PropertySource with [servletContextInitParams]
20:26:50.277 [main] DEBUG o.s.w.c.s.GenericWebApplicationContext - Bean factory for org.springframework.web.context.support.GenericWebApplicationContext@37df14d1: org.springframework.beans.factory.support.DefaultListableBeanFactory@58687fb7: defining beans [org.springframework.context.annotation.internalConfigurationAnnotationProcessor,org.springframework.context.annotation.internalAutowiredAnnotationProcessor,org.springframework.context.annotation.internalRequiredAnnotationProcessor,org.springframework.context.annotation.internalCommonAnnotationProcessor,org.springframework.context.annotation.internalPersistenceAnnotationProcessor,org.springframework.context.event.internalEventListenerProcessor,org.springframework.context.event.internalEventListenerFactory,rootConfiguration,webMvcConfiguration]; root of factory hierarchy
20:26:50.308 [main] DEBUG o.s.b.f.s.DefaultListableBeanFactory - Registering scope 'request' with implementation [org.springframework.web.context.request.RequestScope@b1b471]
20:26:50.310 [main] DEBUG o.s.b.f.s.DefaultListableBeanFactory - Registering scope 'session' with implementation [org.springframework.web.context.request.SessionScope@1fb2eec]
20:26:50.310 [main] DEBUG o.s.b.f.s.DefaultListableBeanFactory - Registering scope 'globalSession' with implementation [org.springframework.web.context.request.SessionScope@4c18516]
20:26:50.316 [main] DEBUG o.s.b.f.s.DefaultListableBeanFactory - Registering scope 'application' with implementation [org.springframework.web.context.support.ServletContextScope@6b2fdffc]
20:26:50.336 [main] DEBUG o.s.b.f.s.DefaultListableBeanFactory - Creating shared instance of singleton bean 'org.springframework.context.annotation.internalConfigurationAnnotationProcessor'
20:26:50.337 [main] DEBUG o.s.b.f.s.DefaultListableBeanFactory - Creating instance of bean 'org.springframework.context.annotation.internalConfigurationAnnotationProcessor'
20:26:50.377 [main] DEBUG o.s.b.f.s.DefaultListableBeanFactory - Eagerly caching bean 'org.springframework.context.annotation.internalConfigurationAnnotationProcessor' to allow for resolving potential circular references
20:26:50.382 [main] DEBUG o.s.b.f.s.DefaultListableBeanFactory - Finished creating instance of bean 'org.springframework.context.annotation.internalConfigurationAnnotationProcessor'
20:26:50.420 [main] DEBUG o.s.core.env.StandardEnvironment - Adding [systemProperties] PropertySource with lowest search precedence
20:26:50.420 [main] DEBUG o.s.core.env.StandardEnvironment - Adding [systemEnvironment] PropertySource with lowest search precedence
20:26:50.420 [main] DEBUG o.s.core.env.StandardEnvironment - Initialized StandardEnvironment with PropertySources [systemProperties,systemEnvironment]
20:26:50.427 [main] DEBUG o.s.c.i.s.PathMatchingResourcePatternResolver - Resolved classpath location [edu/ncsu/csc/itrust2/config/] to resources [URL [file:/var/lib/jenkins/workspace/iTrust-Fuzz-Job/iTrust2-v2/iTrust/iTrust2/target/classes/edu/ncsu/csc/itrust2/config/]]
20:26:50.429 [main] DEBUG o.s.c.i.s.PathMatchingResourcePatternResolver - Looking for matching resources in directory tree [/var/lib/jenkins/workspace/iTrust-Fuzz-Job/iTrust2-v2/iTrust/iTrust2/target/classes/edu/ncsu/csc/itrust2/config]
20:26:50.430 [main] DEBUG o.s.c.i.s.PathMatchingResourcePatternResolver - Searching directory [/var/lib/jenkins/workspace/iTrust-Fuzz-Job/iTrust2-v2/iTrust/iTrust2/target/classes/edu/ncsu/csc/itrust2/config] for files matching pattern [/var/lib/jenkins/workspace/iTrust-Fuzz-Job/iTrust2-v2/iTrust/iTrust2/target/classes/edu/ncsu/csc/itrust2/config/**/*.class]
20:26:50.436 [main] DEBUG o.s.c.i.s.PathMatchingResourcePatternResolver - Resolved location pattern [classpath*:edu/ncsu/csc/itrust2/config/**/*.class] to resources [file [/var/lib/jenkins/workspace/iTrust-Fuzz-Job/iTrust2-v2/iTrust/iTrust2/target/classes/edu/ncsu/csc/itrust2/config/ContextListener.class], file [/var/lib/jenkins/workspace/iTrust-Fuzz-Job/iTrust2-v2/iTrust/iTrust2/target/classes/edu/ncsu/csc/itrust2/config/DataConfiguration.class], file [/var/lib/jenkins/workspace/iTrust-Fuzz-Job/iTrust2-v2/iTrust/iTrust2/target/classes/edu/ncsu/csc/itrust2/config/FailureHandler.class], file [/var/lib/jenkins/workspace/iTrust-Fuzz-Job/iTrust2-v2/iTrust/iTrust2/target/classes/edu/ncsu/csc/itrust2/config/IPFilter.class], file [/var/lib/jenkins/workspace/iTrust-Fuzz-Job/iTrust2-v2/iTrust/iTrust2/target/classes/edu/ncsu/csc/itrust2/config/ITrust2ApplicationInitializer.class], file [/var/lib/jenkins/workspace/iTrust-Fuzz-Job/iTrust2-v2/iTrust/iTrust2/target/classes/edu/ncsu/csc/itrust2/config/ITrust2WebApplicationInitializer.class], file [/var/lib/jenkins/workspace/iTrust-Fuzz-Job/iTrust2-v2/iTrust/iTrust2/target/classes/edu/ncsu/csc/itrust2/config/LoginAuditingListener.class], file [/var/lib/jenkins/workspace/iTrust-Fuzz-Job/iTrust2-v2/iTrust/iTrust2/target/classes/edu/ncsu/csc/itrust2/config/RootConfiguration.class], file [/var/lib/jenkins/workspace/iTrust-Fuzz-Job/iTrust2-v2/iTrust/iTrust2/target/classes/edu/ncsu/csc/itrust2/config/SecurityConfig.class]]
20:26:50.512 [main] DEBUG o.s.c.a.ClassPathBeanDefinitionScanner - Identified candidate component class: file [/var/lib/jenkins/workspace/iTrust-Fuzz-Job/iTrust2-v2/iTrust/iTrust2/target/classes/edu/ncsu/csc/itrust2/config/DataConfiguration.class]
20:26:50.517 [main] DEBUG o.s.c.a.ClassPathBeanDefinitionScanner - Identified candidate component class: file [/var/lib/jenkins/workspace/iTrust-Fuzz-Job/iTrust2-v2/iTrust/iTrust2/target/classes/edu/ncsu/csc/itrust2/config/LoginAuditingListener.class]
20:26:50.523 [main] DEBUG o.s.c.a.ClassPathBeanDefinitionScanner - Identified candidate component class: file [/var/lib/jenkins/workspace/iTrust-Fuzz-Job/iTrust2-v2/iTrust/iTrust2/target/classes/edu/ncsu/csc/itrust2/config/SecurityConfig.class]
20:26:50.630 [main] DEBUG o.s.core.env.StandardEnvironment - Adding [systemProperties] PropertySource with lowest search precedence
20:26:50.637 [main] DEBUG o.s.core.env.StandardEnvironment - Adding [systemEnvironment] PropertySource with lowest search precedence
20:26:50.638 [main] DEBUG o.s.core.env.StandardEnvironment - Initialized StandardEnvironment with PropertySources [systemProperties,systemEnvironment]
20:26:50.640 [main] DEBUG o.s.c.i.s.PathMatchingResourcePatternResolver - Resolved classpath location [edu/ncsu/csc/itrust2/controllers/] to resources [URL [file:/var/lib/jenkins/workspace/iTrust-Fuzz-Job/iTrust2-v2/iTrust/iTrust2/target/classes/edu/ncsu/csc/itrust2/controllers/]]
20:26:50.640 [main] DEBUG o.s.c.i.s.PathMatchingResourcePatternResolver - Looking for matching resources in directory tree [/var/lib/jenkins/workspace/iTrust-Fuzz-Job/iTrust2-v2/iTrust/iTrust2/target/classes/edu/ncsu/csc/itrust2/controllers]
20:26:50.641 [main] DEBUG o.s.c.i.s.PathMatchingResourcePatternResolver - Searching directory [/var/lib/jenkins/workspace/iTrust-Fuzz-Job/iTrust2-v2/iTrust/iTrust2/target/classes/edu/ncsu/csc/itrust2/controllers] for files matching pattern [/var/lib/jenkins/workspace/iTrust-Fuzz-Job/iTrust2-v2/iTrust/iTrust2/target/classes/edu/ncsu/csc/itrust2/controllers/**/*.class]
20:26:50.642 [main] DEBUG o.s.c.i.s.PathMatchingResourcePatternResolver - Searching directory [/var/lib/jenkins/workspace/iTrust-Fuzz-Job/iTrust2-v2/iTrust/iTrust2/target/classes/edu/ncsu/csc/itrust2/controllers/admin] for files matching pattern [/var/lib/jenkins/workspace/iTrust-Fuzz-Job/iTrust2-v2/iTrust/iTrust2/target/classes/edu/ncsu/csc/itrust2/controllers/**/*.class]
20:26:50.643 [main] DEBUG o.s.c.i.s.PathMatchingResourcePatternResolver - Searching directory [/var/lib/jenkins/workspace/iTrust-Fuzz-Job/iTrust2-v2/iTrust/iTrust2/target/classes/edu/ncsu/csc/itrust2/controllers/api] for files matching pattern [/var/lib/jenkins/workspace/iTrust-Fuzz-Job/iTrust2-v2/iTrust/iTrust2/target/classes/edu/ncsu/csc/itrust2/controllers/**/*.class]
20:26:50.645 [main] DEBUG o.s.c.i.s.PathMatchingResourcePatternResolver - Searching directory [/var/lib/jenkins/workspace/iTrust-Fuzz-Job/iTrust2-v2/iTrust/iTrust2/target/classes/edu/ncsu/csc/itrust2/controllers/api/comm] for files matching pattern [/var/lib/jenkins/workspace/iTrust-Fuzz-Job/iTrust2-v2/iTrust/iTrust2/target/classes/edu/ncsu/csc/itrust2/controllers/**/*.class]
20:26:50.648 [main] DEBUG o.s.c.i.s.PathMatchingResourcePatternResolver - Searching directory [/var/lib/jenkins/workspace/iTrust-Fuzz-Job/iTrust2-v2/iTrust/iTrust2/target/classes/edu/ncsu/csc/itrust2/controllers/hcp] for files matching pattern [/var/lib/jenkins/workspace/iTrust-Fuzz-Job/iTrust2-v2/iTrust/iTrust2/target/classes/edu/ncsu/csc/itrust2/controllers/**/*.class]
20:26:50.648 [main] DEBUG o.s.c.i.s.PathMatchingResourcePatternResolver - Searching directory [/var/lib/jenkins/workspace/iTrust-Fuzz-Job/iTrust2-v2/iTrust/iTrust2/target/classes/edu/ncsu/csc/itrust2/controllers/patient] for files matching pattern [/var/lib/jenkins/workspace/iTrust-Fuzz-Job/iTrust2-v2/iTrust/iTrust2/target/classes/edu/ncsu/csc/itrust2/controllers/**/*.class]
20:26:50.650 [main] DEBUG o.s.c.i.s.PathMatchingResourcePatternResolver - Searching directory [/var/lib/jenkins/workspace/iTrust-Fuzz-Job/iTrust2-v2/iTrust/iTrust2/target/classes/edu/ncsu/csc/itrust2/controllers/personnel] for files matching pattern [/var/lib/jenkins/workspace/iTrust-Fuzz-Job/iTrust2-v2/iTrust/iTrust2/target/classes/edu/ncsu/csc/itrust2/controllers/**/*.class]
20:26:50.651 [main] DEBUG o.s.c.i.s.PathMatchingResourcePatternResolver - Resolved location pattern [classpath*:edu/ncsu/csc/itrust2/controllers/**/*.class] to resources [file [/var/lib/jenkins/workspace/iTrust-Fuzz-Job/iTrust2-v2/iTrust/iTrust2/target/classes/edu/ncsu/csc/itrust2/controllers/DefaultController.class], file [/var/lib/jenkins/workspace/iTrust-Fuzz-Job/iTrust2-v2/iTrust/iTrust2/target/classes/edu/ncsu/csc/itrust2/controllers/admin/AdminController.class], file [/var/lib/jenkins/workspace/iTrust-Fuzz-Job/iTrust2-v2/iTrust/iTrust2/target/classes/edu/ncsu/csc/itrust2/controllers/admin/AdminUserController$1.class], file [/var/lib/jenkins/workspace/iTrust-Fuzz-Job/iTrust2-v2/iTrust/iTrust2/target/classes/edu/ncsu/csc/itrust2/controllers/admin/AdminUserController.class], file [/var/lib/jenkins/workspace/iTrust-Fuzz-Job/iTrust2-v2/iTrust/iTrust2/target/classes/edu/ncsu/csc/itrust2/controllers/admin/HospitalController.class], file [/var/lib/jenkins/workspace/iTrust-Fuzz-Job/iTrust2-v2/iTrust/iTrust2/target/classes/edu/ncsu/csc/itrust2/controllers/admin/ICDCodesController.class], file [/var/lib/jenkins/workspace/iTrust-Fuzz-Job/iTrust2-v2/iTrust/iTrust2/target/classes/edu/ncsu/csc/itrust2/controllers/api/APIAppointmentRequestController.class], file [/var/lib/jenkins/workspace/iTrust-Fuzz-Job/iTrust2-v2/iTrust/iTrust2/target/classes/edu/ncsu/csc/itrust2/controllers/api/APIController$JSONResponse.class], file [/var/lib/jenkins/workspace/iTrust-Fuzz-Job/iTrust2-v2/iTrust/iTrust2/target/classes/edu/ncsu/csc/itrust2/controllers/api/APIController.class], file [/var/lib/jenkins/workspace/iTrust-Fuzz-Job/iTrust2-v2/iTrust/iTrust2/target/classes/edu/ncsu/csc/itrust2/controllers/api/APIDiagnosisController.class], file [/var/lib/jenkins/workspace/iTrust-Fuzz-Job/iTrust2-v2/iTrust/iTrust2/target/classes/edu/ncsu/csc/itrust2/controllers/api/APIDrugController.class], file [/var/lib/jenkins/workspace/iTrust-Fuzz-Job/iTrust2-v2/iTrust/iTrust2/target/classes/edu/ncsu/csc/itrust2/controllers/api/APIEnumController.class], file [/var/lib/jenkins/workspace/iTrust-Fuzz-Job/iTrust2-v2/iTrust/iTrust2/target/classes/edu/ncsu/csc/itrust2/controllers/api/APIHospitalController.class], file [/var/lib/jenkins/workspace/iTrust-Fuzz-Job/iTrust2-v2/iTrust/iTrust2/target/classes/edu/ncsu/csc/itrust2/controllers/api/APIICDCodeController.class], file [/var/lib/jenkins/workspace/iTrust-Fuzz-Job/iTrust2-v2/iTrust/iTrust2/target/classes/edu/ncsu/csc/itrust2/controllers/api/APILogEntryController.class], file [/var/lib/jenkins/workspace/iTrust-Fuzz-Job/iTrust2-v2/iTrust/iTrust2/target/classes/edu/ncsu/csc/itrust2/controllers/api/APIOfficeVisitController.class], file [/var/lib/jenkins/workspace/iTrust-Fuzz-Job/iTrust2-v2/iTrust/iTrust2/target/classes/edu/ncsu/csc/itrust2/controllers/api/APIPasswordController.class], file [/var/lib/jenkins/workspace/iTrust-Fuzz-Job/iTrust2-v2/iTrust/iTrust2/target/classes/edu/ncsu/csc/itrust2/controllers/api/APIPatientController.class], file [/var/lib/jenkins/workspace/iTrust-Fuzz-Job/iTrust2-v2/iTrust/iTrust2/target/classes/edu/ncsu/csc/itrust2/controllers/api/APIPersonnelController.class], file [/var/lib/jenkins/workspace/iTrust-Fuzz-Job/iTrust2-v2/iTrust/iTrust2/target/classes/edu/ncsu/csc/itrust2/controllers/api/APIPrescriptionController.class], file [/var/lib/jenkins/workspace/iTrust-Fuzz-Job/iTrust2-v2/iTrust/iTrust2/target/classes/edu/ncsu/csc/itrust2/controllers/api/APIUserController.class], file [/var/lib/jenkins/workspace/iTrust-Fuzz-Job/iTrust2-v2/iTrust/iTrust2/target/classes/edu/ncsu/csc/itrust2/controllers/api/comm/LogEntryRequestBody.class], file [/var/lib/jenkins/workspace/iTrust-Fuzz-Job/iTrust2-v2/iTrust/iTrust2/target/classes/edu/ncsu/csc/itrust2/controllers/api/comm/LogEntryTableRow.class], file [/var/lib/jenkins/workspace/iTrust-Fuzz-Job/iTrust2-v2/iTrust/iTrust2/target/classes/edu/ncsu/csc/itrust2/controllers/hcp/AppointmentControllerHCP.class], file [/var/lib/jenkins/workspace/iTrust-Fuzz-Job/iTrust2-v2/iTrust/iTrust2/target/classes/edu/ncsu/csc/itrust2/controllers/hcp/HCPController.class], file [/var/lib/jenkins/workspace/iTrust-Fuzz-Job/iTrust2-v2/iTrust/iTrust2/target/classes/edu/ncsu/csc/itrust2/controllers/hcp/OfficeVisitController.class], file [/var/lib/jenkins/workspace/iTrust-Fuzz-Job/iTrust2-v2/iTrust/iTrust2/target/classes/edu/ncsu/csc/itrust2/controllers/patient/AppointmentController.class], file [/var/lib/jenkins/workspace/iTrust-Fuzz-Job/iTrust2-v2/iTrust/iTrust2/target/classes/edu/ncsu/csc/itrust2/controllers/patient/DiagnosesController.class], file [/var/lib/jenkins/workspace/iTrust-Fuzz-Job/iTrust2-v2/iTrust/iTrust2/target/classes/edu/ncsu/csc/itrust2/controllers/patient/PatientController.class], file [/var/lib/jenkins/workspace/iTrust-Fuzz-Job/iTrust2-v2/iTrust/iTrust2/target/classes/edu/ncsu/csc/itrust2/controllers/personnel/PasswordController.class], file [/var/lib/jenkins/workspace/iTrust-Fuzz-Job/iTrust2-v2/iTrust/iTrust2/target/classes/edu/ncsu/csc/itrust2/controllers/personnel/UserController.class]]
20:26:50.656 [main] DEBUG o.s.c.a.ClassPathBeanDefinitionScanner - Identified candidate component class: file [/var/lib/jenkins/workspace/iTrust-Fuzz-Job/iTrust2-v2/iTrust/iTrust2/target/classes/edu/ncsu/csc/itrust2/controllers/DefaultController.class]
20:26:50.661 [main] DEBUG o.s.c.a.ClassPathBeanDefinitionScanner - Identified candidate component class: file [/var/lib/jenkins/workspace/iTrust-Fuzz-Job/iTrust2-v2/iTrust/iTrust2/target/classes/edu/ncsu/csc/itrust2/controllers/admin/AdminController.class]
20:26:50.681 [main] DEBUG o.s.c.a.ClassPathBeanDefinitionScanner - Identified candidate component class: file [/var/lib/jenkins/workspace/iTrust-Fuzz-Job/iTrust2-v2/iTrust/iTrust2/target/classes/edu/ncsu/csc/itrust2/controllers/admin/AdminUserController.class]
20:26:50.688 [main] DEBUG o.s.c.a.ClassPathBeanDefinitionScanner - Identified candidate component class: file [/var/lib/jenkins/workspace/iTrust-Fuzz-Job/iTrust2-v2/iTrust/iTrust2/target/classes/edu/ncsu/csc/itrust2/controllers/admin/HospitalController.class]
20:26:50.689 [main] DEBUG o.s.c.a.ClassPathBeanDefinitionScanner - Identified candidate component class: file [/var/lib/jenkins/workspace/iTrust-Fuzz-Job/iTrust2-v2/iTrust/iTrust2/target/classes/edu/ncsu/csc/itrust2/controllers/admin/ICDCodesController.class]
20:26:50.703 [main] DEBUG o.s.c.a.ClassPathBeanDefinitionScanner - Identified candidate component class: file [/var/lib/jenkins/workspace/iTrust-Fuzz-Job/iTrust2-v2/iTrust/iTrust2/target/classes/edu/ncsu/csc/itrust2/controllers/api/APIAppointmentRequestController.class]
20:26:50.706 [main] DEBUG o.s.c.a.ClassPathBeanDefinitionScanner - Identified candidate component class: file [/var/lib/jenkins/workspace/iTrust-Fuzz-Job/iTrust2-v2/iTrust/iTrust2/target/classes/edu/ncsu/csc/itrust2/controllers/api/APIDiagnosisController.class]
20:26:50.711 [main] DEBUG o.s.c.a.ClassPathBeanDefinitionScanner - Identified candidate component class: file [/var/lib/jenkins/workspace/iTrust-Fuzz-Job/iTrust2-v2/iTrust/iTrust2/target/classes/edu/ncsu/csc/itrust2/controllers/api/APIDrugController.class]
20:26:50.716 [main] DEBUG o.s.c.a.ClassPathBeanDefinitionScanner - Identified candidate component class: file [/var/lib/jenkins/workspace/iTrust-Fuzz-Job/iTrust2-v2/iTrust/iTrust2/target/classes/edu/ncsu/csc/itrust2/controllers/api/APIEnumController.class]
20:26:50.718 [main] DEBUG o.s.c.a.ClassPathBeanDefinitionScanner - Identified candidate component class: file [/var/lib/jenkins/workspace/iTrust-Fuzz-Job/iTrust2-v2/iTrust/iTrust2/target/classes/edu/ncsu/csc/itrust2/controllers/api/APIHospitalController.class]
20:26:50.721 [main] DEBUG o.s.c.a.ClassPathBeanDefinitionScanner - Identified candidate component class: file [/var/lib/jenkins/workspace/iTrust-Fuzz-Job/iTrust2-v2/iTrust/iTrust2/target/classes/edu/ncsu/csc/itrust2/controllers/api/APIICDCodeController.class]
20:26:50.728 [main] DEBUG o.s.c.a.ClassPathBeanDefinitionScanner - Identified candidate component class: file [/var/lib/jenkins/workspace/iTrust-Fuzz-Job/iTrust2-v2/iTrust/iTrust2/target/classes/edu/ncsu/csc/itrust2/controllers/api/APILogEntryController.class]
20:26:50.733 [main] DEBUG o.s.c.a.ClassPathBeanDefinitionScanner - Identified candidate component class: file [/var/lib/jenkins/workspace/iTrust-Fuzz-Job/iTrust2-v2/iTrust/iTrust2/target/classes/edu/ncsu/csc/itrust2/controllers/api/APIOfficeVisitController.class]
20:26:50.736 [main] DEBUG o.s.c.a.ClassPathBeanDefinitionScanner - Identified candidate component class: file [/var/lib/jenkins/workspace/iTrust-Fuzz-Job/iTrust2-v2/iTrust/iTrust2/target/classes/edu/ncsu/csc/itrust2/controllers/api/APIPasswordController.class]
20:26:50.743 [main] DEBUG o.s.c.a.ClassPathBeanDefinitionScanner - Identified candidate component class: file [/var/lib/jenkins/workspace/iTrust-Fuzz-Job/iTrust2-v2/iTrust/iTrust2/target/classes/edu/ncsu/csc/itrust2/controllers/api/APIPatientController.class]
20:26:50.745 [main] DEBUG o.s.c.a.ClassPathBeanDefinitionScanner - Identified candidate component class: file [/var/lib/jenkins/workspace/iTrust-Fuzz-Job/iTrust2-v2/iTrust/iTrust2/target/classes/edu/ncsu/csc/itrust2/controllers/api/APIPersonnelController.class]
20:26:50.752 [main] DEBUG o.s.c.a.ClassPathBeanDefinitionScanner - Identified candidate component class: file [/var/lib/jenkins/workspace/iTrust-Fuzz-Job/iTrust2-v2/iTrust/iTrust2/target/classes/edu/ncsu/csc/itrust2/controllers/api/APIPrescriptionController.class]
20:26:50.758 [main] DEBUG o.s.c.a.ClassPathBeanDefinitionScanner - Identified candidate component class: file [/var/lib/jenkins/workspace/iTrust-Fuzz-Job/iTrust2-v2/iTrust/iTrust2/target/classes/edu/ncsu/csc/itrust2/controllers/api/APIUserController.class]
20:26:50.761 [main] DEBUG o.s.c.a.ClassPathBeanDefinitionScanner - Identified candidate component class: file [/var/lib/jenkins/workspace/iTrust-Fuzz-Job/iTrust2-v2/iTrust/iTrust2/target/classes/edu/ncsu/csc/itrust2/controllers/hcp/AppointmentControllerHCP.class]
20:26:50.764 [main] DEBUG o.s.c.a.ClassPathBeanDefinitionScanner - Identified candidate component class: file [/var/lib/jenkins/workspace/iTrust-Fuzz-Job/iTrust2-v2/iTrust/iTrust2/target/classes/edu/ncsu/csc/itrust2/controllers/hcp/HCPController.class]
20:26:50.765 [main] DEBUG o.s.c.a.ClassPathBeanDefinitionScanner - Identified candidate component class: file [/var/lib/jenkins/workspace/iTrust-Fuzz-Job/iTrust2-v2/iTrust/iTrust2/target/classes/edu/ncsu/csc/itrust2/controllers/hcp/OfficeVisitController.class]
20:26:50.769 [main] DEBUG o.s.c.a.ClassPathBeanDefinitionScanner - Identified candidate component class: file [/var/lib/jenkins/workspace/iTrust-Fuzz-Job/iTrust2-v2/iTrust/iTrust2/target/classes/edu/ncsu/csc/itrust2/controllers/patient/AppointmentController.class]
20:26:50.770 [main] DEBUG o.s.c.a.ClassPathBeanDefinitionScanner - Identified candidate component class: file [/var/lib/jenkins/workspace/iTrust-Fuzz-Job/iTrust2-v2/iTrust/iTrust2/target/classes/edu/ncsu/csc/itrust2/controllers/patient/DiagnosesController.class]
20:26:50.773 [main] DEBUG o.s.c.a.ClassPathBeanDefinitionScanner - Identified candidate component class: file [/var/lib/jenkins/workspace/iTrust-Fuzz-Job/iTrust2-v2/iTrust/iTrust2/target/classes/edu/ncsu/csc/itrust2/controllers/patient/PatientController.class]
20:26:50.775 [main] DEBUG o.s.c.a.ClassPathBeanDefinitionScanner - Identified candidate component class: file [/var/lib/jenkins/workspace/iTrust-Fuzz-Job/iTrust2-v2/iTrust/iTrust2/target/classes/edu/ncsu/csc/itrust2/controllers/personnel/PasswordController.class]
20:26:50.778 [main] DEBUG o.s.c.a.ClassPathBeanDefinitionScanner - Identified candidate component class: file [/var/lib/jenkins/workspace/iTrust-Fuzz-Job/iTrust2-v2/iTrust/iTrust2/target/classes/edu/ncsu/csc/itrust2/controllers/personnel/UserController.class]
20:26:50.786 [main] DEBUG o.s.c.i.s.PathMatchingResourcePatternResolver - Resolved classpath location [edu/ncsu/csc/itrust2/config/] to resources [URL [file:/var/lib/jenkins/workspace/iTrust-Fuzz-Job/iTrust2-v2/iTrust/iTrust2/target/classes/edu/ncsu/csc/itrust2/config/]]
20:26:50.786 [main] DEBUG o.s.c.i.s.PathMatchingResourcePatternResolver - Looking for matching resources in directory tree [/var/lib/jenkins/workspace/iTrust-Fuzz-Job/iTrust2-v2/iTrust/iTrust2/target/classes/edu/ncsu/csc/itrust2/config]
20:26:50.787 [main] DEBUG o.s.c.i.s.PathMatchingResourcePatternResolver - Searching directory [/var/lib/jenkins/workspace/iTrust-Fuzz-Job/iTrust2-v2/iTrust/iTrust2/target/classes/edu/ncsu/csc/itrust2/config] for files matching pattern [/var/lib/jenkins/workspace/iTrust-Fuzz-Job/iTrust2-v2/iTrust/iTrust2/target/classes/edu/ncsu/csc/itrust2/config/**/*.class]
20:26:50.788 [main] DEBUG o.s.c.i.s.PathMatchingResourcePatternResolver - Resolved location pattern [classpath*:edu/ncsu/csc/itrust2/config/**/*.class] to resources [file [/var/lib/jenkins/workspace/iTrust-Fuzz-Job/iTrust2-v2/iTrust/iTrust2/target/classes/edu/ncsu/csc/itrust2/config/ContextListener.class], file [/var/lib/jenkins/workspace/iTrust-Fuzz-Job/iTrust2-v2/iTrust/iTrust2/target/classes/edu/ncsu/csc/itrust2/config/DataConfiguration.class], file [/var/lib/jenkins/workspace/iTrust-Fuzz-Job/iTrust2-v2/iTrust/iTrust2/target/classes/edu/ncsu/csc/itrust2/config/FailureHandler.class], file [/var/lib/jenkins/workspace/iTrust-Fuzz-Job/iTrust2-v2/iTrust/iTrust2/target/classes/edu/ncsu/csc/itrust2/config/IPFilter.class], file [/var/lib/jenkins/workspace/iTrust-Fuzz-Job/iTrust2-v2/iTrust/iTrust2/target/classes/edu/ncsu/csc/itrust2/config/ITrust2ApplicationInitializer.class], file [/var/lib/jenkins/workspace/iTrust-Fuzz-Job/iTrust2-v2/iTrust/iTrust2/target/classes/edu/ncsu/csc/itrust2/config/ITrust2WebApplicationInitializer.class], file [/var/lib/jenkins/workspace/iTrust-Fuzz-Job/iTrust2-v2/iTrust/iTrust2/target/classes/edu/ncsu/csc/itrust2/config/LoginAuditingListener.class], file [/var/lib/jenkins/workspace/iTrust-Fuzz-Job/iTrust2-v2/iTrust/iTrust2/target/classes/edu/ncsu/csc/itrust2/config/RootConfiguration.class], file [/var/lib/jenkins/workspace/iTrust-Fuzz-Job/iTrust2-v2/iTrust/iTrust2/target/classes/edu/ncsu/csc/itrust2/config/SecurityConfig.class]]
20:26:50.789 [main] DEBUG o.s.c.a.ClassPathBeanDefinitionScanner - Identified candidate component class: file [/var/lib/jenkins/workspace/iTrust-Fuzz-Job/iTrust2-v2/iTrust/iTrust2/target/classes/edu/ncsu/csc/itrust2/config/DataConfiguration.class]
20:26:50.790 [main] DEBUG o.s.c.a.ClassPathBeanDefinitionScanner - Identified candidate component class: file [/var/lib/jenkins/workspace/iTrust-Fuzz-Job/iTrust2-v2/iTrust/iTrust2/target/classes/edu/ncsu/csc/itrust2/config/LoginAuditingListener.class]
20:26:50.791 [main] DEBUG o.s.c.a.ClassPathBeanDefinitionScanner - Identified candidate component class: file [/var/lib/jenkins/workspace/iTrust-Fuzz-Job/iTrust2-v2/iTrust/iTrust2/target/classes/edu/ncsu/csc/itrust2/config/RootConfiguration.class]
20:26:50.794 [main] DEBUG o.s.c.a.ClassPathBeanDefinitionScanner - Identified candidate component class: file [/var/lib/jenkins/workspace/iTrust-Fuzz-Job/iTrust2-v2/iTrust/iTrust2/target/classes/edu/ncsu/csc/itrust2/config/SecurityConfig.class]
20:26:51.093 [main] DEBUG o.s.c.a.ConfigurationClassBeanDefinitionReader - Registering bean definition for @Bean method edu.ncsu.csc.itrust2.config.DataConfiguration.dataSource()
20:26:51.093 [main] DEBUG o.s.c.a.ConfigurationClassBeanDefinitionReader - Registered bean definition for imported class 'org.springframework.security.config.annotation.configuration.ObjectPostProcessorConfiguration'
20:26:51.100 [main] DEBUG o.s.c.a.ConfigurationClassBeanDefinitionReader - Registering bean definition for @Bean method org.springframework.security.config.annotation.configuration.ObjectPostProcessorConfiguration.objectPostProcessor()
20:26:51.101 [main] DEBUG o.s.c.a.ConfigurationClassBeanDefinitionReader - Registered bean definition for imported class 'org.springframework.security.config.annotation.authentication.configuration.AuthenticationConfiguration'
20:26:51.101 [main] DEBUG o.s.c.a.ConfigurationClassBeanDefinitionReader - Registering bean definition for @Bean method org.springframework.security.config.annotation.authentication.configuration.AuthenticationConfiguration.authenticationManagerBuilder()
20:26:51.101 [main] DEBUG o.s.c.a.ConfigurationClassBeanDefinitionReader - Registering bean definition for @Bean method org.springframework.security.config.annotation.authentication.configuration.AuthenticationConfiguration.enableGlobalAuthenticationAutowiredConfigurer()
20:26:51.101 [main] DEBUG o.s.c.a.ConfigurationClassBeanDefinitionReader - Registering bean definition for @Bean method org.springframework.security.config.annotation.authentication.configuration.AuthenticationConfiguration.initializeUserDetailsBeanManagerConfigurer()
20:26:51.103 [main] DEBUG o.s.c.a.ConfigurationClassBeanDefinitionReader - Registering bean definition for @Bean method org.springframework.security.config.annotation.authentication.configuration.AuthenticationConfiguration.initializeAuthenticationProviderBeanManagerConfigurer()
20:26:51.103 [main] DEBUG o.s.c.a.ConfigurationClassBeanDefinitionReader - Registered bean definition for imported class 'org.springframework.security.config.annotation.web.configuration.WebSecurityConfiguration'
20:26:51.106 [main] DEBUG o.s.c.a.ConfigurationClassBeanDefinitionReader - Registering bean definition for @Bean method org.springframework.security.config.annotation.web.configuration.WebSecurityConfiguration.delegatingApplicationListener()
20:26:51.106 [main] DEBUG o.s.c.a.ConfigurationClassBeanDefinitionReader - Registering bean definition for @Bean method org.springframework.security.config.annotation.web.configuration.WebSecurityConfiguration.webSecurityExpressionHandler()
20:26:51.106 [main] DEBUG o.s.c.a.ConfigurationClassBeanDefinitionReader - Registering bean definition for @Bean method org.springframework.security.config.annotation.web.configuration.WebSecurityConfiguration.springSecurityFilterChain()
20:26:51.106 [main] DEBUG o.s.c.a.ConfigurationClassBeanDefinitionReader - Registering bean definition for @Bean method org.springframework.security.config.annotation.web.configuration.WebSecurityConfiguration.privilegeEvaluator()
20:26:51.107 [main] DEBUG o.s.c.a.ConfigurationClassBeanDefinitionReader - Registering bean definition for @Bean method org.springframework.security.config.annotation.web.configuration.WebSecurityConfiguration.autowiredWebSecurityConfigurersIgnoreParents()
20:26:51.107 [main] DEBUG o.s.c.a.ConfigurationClassBeanDefinitionReader - Registered bean definition for imported class 'org.springframework.security.config.annotation.web.configuration.WebMvcSecurityConfiguration'
20:26:51.107 [main] DEBUG o.s.c.a.ConfigurationClassBeanDefinitionReader - Registering bean definition for @Bean method org.springframework.security.config.annotation.web.configuration.WebMvcSecurityConfiguration.requestDataValueProcessor()
20:26:51.108 [main] DEBUG o.s.c.a.ConfigurationClassBeanDefinitionReader - Registering bean definition for @Bean method edu.ncsu.csc.itrust2.config.SecurityConfig.passwordEncoder()
20:26:51.109 [main] DEBUG o.s.c.a.ConfigurationClassBeanDefinitionReader - Registering bean definition for @Bean method edu.ncsu.csc.itrust2.config.SecurityConfig.defaultAuthenticationEventPublisher()
20:26:51.109 [main] DEBUG o.s.c.a.ConfigurationClassBeanDefinitionReader - Registering bean definition for @Bean method edu.ncsu.csc.itrust2.config.SecurityConfig.failureHandler()
20:26:51.110 [main] DEBUG o.s.c.a.ConfigurationClassBeanDefinitionReader - Registering bean definition for @Bean method edu.ncsu.csc.itrust2.config.SecurityConfig.ipBlockFilter()
20:26:51.111 [main] DEBUG o.s.c.a.ConfigurationClassBeanDefinitionReader - Registered bean definition for imported class 'org.springframework.web.servlet.config.annotation.DelegatingWebMvcConfiguration'
20:26:51.117 [main] DEBUG o.s.c.a.ConfigurationClassBeanDefinitionReader - Registering bean definition for @Bean method org.springframework.web.servlet.config.annotation.DelegatingWebMvcConfiguration.mvcConversionService()
20:26:51.118 [main] DEBUG o.s.c.a.ConfigurationClassBeanDefinitionReader - Registering bean definition for @Bean method org.springframework.web.servlet.config.annotation.DelegatingWebMvcConfiguration.requestMappingHandlerMapping()
20:26:51.118 [main] DEBUG o.s.c.a.ConfigurationClassBeanDefinitionReader - Registering bean definition for @Bean method org.springframework.web.servlet.config.annotation.DelegatingWebMvcConfiguration.mvcPathMatcher()
20:26:51.118 [main] DEBUG o.s.c.a.ConfigurationClassBeanDefinitionReader - Registering bean definition for @Bean method org.springframework.web.servlet.config.annotation.DelegatingWebMvcConfiguration.mvcUrlPathHelper()
20:26:51.119 [main] DEBUG o.s.c.a.ConfigurationClassBeanDefinitionReader - Registering bean definition for @Bean method org.springframework.web.servlet.config.annotation.DelegatingWebMvcConfiguration.mvcContentNegotiationManager()
20:26:51.119 [main] DEBUG o.s.c.a.ConfigurationClassBeanDefinitionReader - Registering bean definition for @Bean method org.springframework.web.servlet.config.annotation.DelegatingWebMvcConfiguration.viewControllerHandlerMapping()
20:26:51.119 [main] DEBUG o.s.c.a.ConfigurationClassBeanDefinitionReader - Registering bean definition for @Bean method org.springframework.web.servlet.config.annotation.DelegatingWebMvcConfiguration.beanNameHandlerMapping()
20:26:51.122 [main] DEBUG o.s.c.a.ConfigurationClassBeanDefinitionReader - Registering bean definition for @Bean method org.springframework.web.servlet.config.annotation.DelegatingWebMvcConfiguration.resourceHandlerMapping()
20:26:51.123 [main] DEBUG o.s.c.a.ConfigurationClassBeanDefinitionReader - Registering bean definition for @Bean method org.springframework.web.servlet.config.annotation.DelegatingWebMvcConfiguration.mvcResourceUrlProvider()
20:26:51.123 [main] DEBUG o.s.c.a.ConfigurationClassBeanDefinitionReader - Registering bean definition for @Bean method org.springframework.web.servlet.config.annotation.DelegatingWebMvcConfiguration.defaultServletHandlerMapping()
20:26:51.124 [main] DEBUG o.s.c.a.ConfigurationClassBeanDefinitionReader - Registering bean definition for @Bean method org.springframework.web.servlet.config.annotation.DelegatingWebMvcConfiguration.requestMappingHandlerAdapter()
20:26:51.132 [main] DEBUG o.s.c.a.ConfigurationClassBeanDefinitionReader - Registering bean definition for @Bean method org.springframework.web.servlet.config.annotation.DelegatingWebMvcConfiguration.mvcValidator()
20:26:51.133 [main] DEBUG o.s.c.a.ConfigurationClassBeanDefinitionReader - Registering bean definition for @Bean method org.springframework.web.servlet.config.annotation.DelegatingWebMvcConfiguration.mvcUriComponentsContributor()
20:26:51.134 [main] DEBUG o.s.c.a.ConfigurationClassBeanDefinitionReader - Registering bean definition for @Bean method org.springframework.web.servlet.config.annotation.DelegatingWebMvcConfiguration.httpRequestHandlerAdapter()
20:26:51.135 [main] DEBUG o.s.c.a.ConfigurationClassBeanDefinitionReader - Registering bean definition for @Bean method org.springframework.web.servlet.config.annotation.DelegatingWebMvcConfiguration.simpleControllerHandlerAdapter()
20:26:51.137 [main] DEBUG o.s.c.a.ConfigurationClassBeanDefinitionReader - Registering bean definition for @Bean method org.springframework.web.servlet.config.annotation.DelegatingWebMvcConfiguration.handlerExceptionResolver()
20:26:51.137 [main] DEBUG o.s.c.a.ConfigurationClassBeanDefinitionReader - Registering bean definition for @Bean method org.springframework.web.servlet.config.annotation.DelegatingWebMvcConfiguration.mvcViewResolver()
20:26:51.137 [main] DEBUG o.s.c.a.ConfigurationClassBeanDefinitionReader - Registered bean definition for imported class 'org.springframework.security.config.annotation.method.configuration.GlobalMethodSecurityConfiguration'
20:26:51.138 [main] DEBUG o.s.c.a.ConfigurationClassBeanDefinitionReader - Registering bean definition for @Bean method org.springframework.security.config.annotation.method.configuration.GlobalMethodSecurityConfiguration.methodSecurityInterceptor()
20:26:51.138 [main] DEBUG o.s.c.a.ConfigurationClassBeanDefinitionReader - Registering bean definition for @Bean method org.springframework.security.config.annotation.method.configuration.GlobalMethodSecurityConfiguration.methodSecurityMetadataSource()
20:26:51.138 [main] DEBUG o.s.c.a.ConfigurationClassBeanDefinitionReader - Registering bean definition for @Bean method org.springframework.security.config.annotation.method.configuration.GlobalMethodSecurityConfiguration.preInvocationAuthorizationAdvice()
20:26:51.138 [main] DEBUG o.s.c.a.ConfigurationClassBeanDefinitionReader - Registering bean definition for @Bean method edu.ncsu.csc.itrust2.mvc.config.WebMvcConfiguration.viewResolver()
20:26:51.139 [main] DEBUG o.s.c.a.ConfigurationClassBeanDefinitionReader - Registering bean definition for @Bean method edu.ncsu.csc.itrust2.mvc.config.WebMvcConfiguration.templateEngine()
20:26:51.139 [main] DEBUG o.s.c.a.ConfigurationClassBeanDefinitionReader - Registering bean definition for @Bean method edu.ncsu.csc.itrust2.mvc.config.WebMvcConfiguration.domainClassConverter()
20:26:51.494 [main] DEBUG o.s.c.a.ConfigurationClassEnhancer - Successfully enhanced edu.ncsu.csc.itrust2.config.RootConfiguration; enhanced class name is: edu.ncsu.csc.itrust2.config.RootConfiguration$$EnhancerBySpringCGLIB$$34f44170
20:26:51.495 [main] DEBUG o.s.c.a.ConfigurationClassPostProcessor - Replacing bean definition 'rootConfiguration' existing class 'edu.ncsu.csc.itrust2.config.RootConfiguration' with enhanced class 'edu.ncsu.csc.itrust2.config.RootConfiguration$$EnhancerBySpringCGLIB$$34f44170'
20:26:51.502 [main] DEBUG o.s.c.a.ConfigurationClassEnhancer - Successfully enhanced edu.ncsu.csc.itrust2.mvc.config.WebMvcConfiguration; enhanced class name is: edu.ncsu.csc.itrust2.mvc.config.WebMvcConfiguration$$EnhancerBySpringCGLIB$$519f44c0
20:26:51.503 [main] DEBUG o.s.c.a.ConfigurationClassPostProcessor - Replacing bean definition 'webMvcConfiguration' existing class 'edu.ncsu.csc.itrust2.mvc.config.WebMvcConfiguration' with enhanced class 'edu.ncsu.csc.itrust2.mvc.config.WebMvcConfiguration$$EnhancerBySpringCGLIB$$519f44c0'
20:26:51.507 [main] DEBUG o.s.c.a.ConfigurationClassEnhancer - Successfully enhanced edu.ncsu.csc.itrust2.config.DataConfiguration; enhanced class name is: edu.ncsu.csc.itrust2.config.DataConfiguration$$EnhancerBySpringCGLIB$$793386a8
20:26:51.508 [main] DEBUG o.s.c.a.ConfigurationClassPostProcessor - Replacing bean definition 'dataConfiguration' existing class 'edu.ncsu.csc.itrust2.config.DataConfiguration' with enhanced class 'edu.ncsu.csc.itrust2.config.DataConfiguration$$EnhancerBySpringCGLIB$$793386a8'
20:26:51.521 [main] DEBUG o.s.c.a.ConfigurationClassEnhancer - Successfully enhanced edu.ncsu.csc.itrust2.config.SecurityConfig; enhanced class name is: edu.ncsu.csc.itrust2.config.SecurityConfig$$EnhancerBySpringCGLIB$$6bb40e4c
20:26:51.522 [main] DEBUG o.s.c.a.ConfigurationClassPostProcessor - Replacing bean definition 'securityConfig' existing class 'edu.ncsu.csc.itrust2.config.SecurityConfig' with enhanced class 'edu.ncsu.csc.itrust2.config.SecurityConfig$$EnhancerBySpringCGLIB$$6bb40e4c'
20:26:51.525 [main] DEBUG o.s.c.a.ConfigurationClassEnhancer - Successfully enhanced org.springframework.security.config.annotation.configuration.ObjectPostProcessorConfiguration; enhanced class name is: org.springframework.security.config.annotation.configuration.ObjectPostProcessorConfiguration$$EnhancerBySpringCGLIB$$79a95818
20:26:51.526 [main] DEBUG o.s.c.a.ConfigurationClassPostProcessor - Replacing bean definition 'org.springframework.security.config.annotation.configuration.ObjectPostProcessorConfiguration' existing class 'org.springframework.security.config.annotation.configuration.ObjectPostProcessorConfiguration' with enhanced class 'org.springframework.security.config.annotation.configuration.ObjectPostProcessorConfiguration$$EnhancerBySpringCGLIB$$79a95818'
20:26:51.530 [main] DEBUG o.s.c.a.ConfigurationClassEnhancer - Successfully enhanced org.springframework.security.config.annotation.authentication.configuration.AuthenticationConfiguration; enhanced class name is: org.springframework.security.config.annotation.authentication.configuration.AuthenticationConfiguration$$EnhancerBySpringCGLIB$$c572628d
20:26:51.531 [main] DEBUG o.s.c.a.ConfigurationClassPostProcessor - Replacing bean definition 'org.springframework.security.config.annotation.authentication.configuration.AuthenticationConfiguration' existing class 'org.springframework.security.config.annotation.authentication.configuration.AuthenticationConfiguration' with enhanced class 'org.springframework.security.config.annotation.authentication.configuration.AuthenticationConfiguration$$EnhancerBySpringCGLIB$$c572628d'
20:26:51.531 [main] DEBUG o.s.c.a.ConfigurationClassEnhancer - Successfully enhanced org.springframework.security.config.annotation.authentication.configuration.AuthenticationConfiguration; enhanced class name is: org.springframework.security.config.annotation.authentication.configuration.AuthenticationConfiguration$$EnhancerBySpringCGLIB$$c572628d
20:26:51.531 [main] DEBUG o.s.c.a.ConfigurationClassPostProcessor - Replacing bean definition 'enableGlobalAuthenticationAutowiredConfigurer' existing class 'org.springframework.security.config.annotation.authentication.configuration.AuthenticationConfiguration' with enhanced class 'org.springframework.security.config.annotation.authentication.configuration.AuthenticationConfiguration$$EnhancerBySpringCGLIB$$c572628d'
20:26:51.532 [main] DEBUG o.s.c.a.ConfigurationClassEnhancer - Successfully enhanced org.springframework.security.config.annotation.authentication.configuration.AuthenticationConfiguration; enhanced class name is: org.springframework.security.config.annotation.authentication.configuration.AuthenticationConfiguration$$EnhancerBySpringCGLIB$$c572628d
20:26:51.532 [main] DEBUG o.s.c.a.ConfigurationClassPostProcessor - Replacing bean definition 'initializeUserDetailsBeanManagerConfigurer' existing class 'org.springframework.security.config.annotation.authentication.configuration.AuthenticationConfiguration' with enhanced class 'org.springframework.security.config.annotation.authentication.configuration.AuthenticationConfiguration$$EnhancerBySpringCGLIB$$c572628d'
20:26:51.532 [main] DEBUG o.s.c.a.ConfigurationClassEnhancer - Successfully enhanced org.springframework.security.config.annotation.authentication.configuration.AuthenticationConfiguration; enhanced class name is: org.springframework.security.config.annotation.authentication.configuration.AuthenticationConfiguration$$EnhancerBySpringCGLIB$$c572628d
20:26:51.532 [main] DEBUG o.s.c.a.ConfigurationClassPostProcessor - Replacing bean definition 'initializeAuthenticationProviderBeanManagerConfigurer' existing class 'org.springframework.security.config.annotation.authentication.configuration.AuthenticationConfiguration' with enhanced class 'org.springframework.security.config.annotation.authentication.configuration.AuthenticationConfiguration$$EnhancerBySpringCGLIB$$c572628d'
20:26:51.540 [main] DEBUG o.s.c.a.ConfigurationClassEnhancer - Successfully enhanced org.springframework.security.config.annotation.web.configuration.WebSecurityConfiguration; enhanced class name is: org.springframework.security.config.annotation.web.configuration.WebSecurityConfiguration$$EnhancerBySpringCGLIB$$882cbcd1
20:26:51.540 [main] DEBUG o.s.c.a.ConfigurationClassPostProcessor - Replacing bean definition 'org.springframework.security.config.annotation.web.configuration.WebSecurityConfiguration' existing class 'org.springframework.security.config.annotation.web.configuration.WebSecurityConfiguration' with enhanced class 'org.springframework.security.config.annotation.web.configuration.WebSecurityConfiguration$$EnhancerBySpringCGLIB$$882cbcd1'
20:26:51.541 [main] DEBUG o.s.c.a.ConfigurationClassEnhancer - Successfully enhanced org.springframework.security.config.annotation.web.configuration.WebSecurityConfiguration; enhanced class name is: org.springframework.security.config.annotation.web.configuration.WebSecurityConfiguration$$EnhancerBySpringCGLIB$$882cbcd1
20:26:51.541 [main] DEBUG o.s.c.a.ConfigurationClassPostProcessor - Replacing bean definition 'delegatingApplicationListener' existing class 'org.springframework.security.config.annotation.web.configuration.WebSecurityConfiguration' with enhanced class 'org.springframework.security.config.annotation.web.configuration.WebSecurityConfiguration$$EnhancerBySpringCGLIB$$882cbcd1'
20:26:51.562 [main] DEBUG o.s.c.a.ConfigurationClassEnhancer - Successfully enhanced org.springframework.web.servlet.config.annotation.DelegatingWebMvcConfiguration; enhanced class name is: org.springframework.web.servlet.config.annotation.DelegatingWebMvcConfiguration$$EnhancerBySpringCGLIB$$a5bc7514
20:26:51.562 [main] DEBUG o.s.c.a.ConfigurationClassPostProcessor - Replacing bean definition 'org.springframework.web.servlet.config.annotation.DelegatingWebMvcConfiguration' existing class 'org.springframework.web.servlet.config.annotation.DelegatingWebMvcConfiguration' with enhanced class 'org.springframework.web.servlet.config.annotation.DelegatingWebMvcConfiguration$$EnhancerBySpringCGLIB$$a5bc7514'
20:26:51.567 [main] DEBUG o.s.c.a.ConfigurationClassEnhancer - Successfully enhanced org.springframework.security.config.annotation.method.configuration.GlobalMethodSecurityConfiguration; enhanced class name is: org.springframework.security.config.annotation.method.configuration.GlobalMethodSecurityConfiguration$$EnhancerBySpringCGLIB$$9e7dfaca
20:26:51.567 [main] DEBUG o.s.c.a.ConfigurationClassPostProcessor - Replacing bean definition 'org.springframework.security.config.annotation.method.configuration.GlobalMethodSecurityConfiguration' existing class 'org.springframework.security.config.annotation.method.configuration.GlobalMethodSecurityConfiguration' with enhanced class 'org.springframework.security.config.annotation.method.configuration.GlobalMethodSecurityConfiguration$$EnhancerBySpringCGLIB$$9e7dfaca'
20:26:51.579 [main] DEBUG o.s.b.f.s.DefaultListableBeanFactory - Creating shared instance of singleton bean 'org.springframework.context.annotation.internalAutowiredAnnotationProcessor'
20:26:51.580 [main] DEBUG o.s.b.f.s.DefaultListableBeanFactory - Creating instance of bean 'org.springframework.context.annotation.internalAutowiredAnnotationProcessor'
20:26:51.582 [main] DEBUG o.s.b.f.s.DefaultListableBeanFactory - Eagerly caching bean 'org.springframework.context.annotation.internalAutowiredAnnotationProcessor' to allow for resolving potential circular references
20:26:51.613 [main] DEBUG o.s.b.f.s.DefaultListableBeanFactory - Finished creating instance of bean 'org.springframework.context.annotation.internalAutowiredAnnotationProcessor'
20:26:51.614 [main] DEBUG o.s.b.f.s.DefaultListableBeanFactory - Creating shared instance of singleton bean 'org.springframework.context.annotation.internalRequiredAnnotationProcessor'
20:26:51.614 [main] DEBUG o.s.b.f.s.DefaultListableBeanFactory - Creating instance of bean 'org.springframework.context.annotation.internalRequiredAnnotationProcessor'
20:26:51.615 [main] DEBUG o.s.b.f.s.DefaultListableBeanFactory - Eagerly caching bean 'org.springframework.context.annotation.internalRequiredAnnotationProcessor' to allow for resolving potential circular references
20:26:51.622 [main] DEBUG o.s.b.f.s.DefaultListableBeanFactory - Finished creating instance of bean 'org.springframework.context.annotation.internalRequiredAnnotationProcessor'
20:26:51.623 [main] DEBUG o.s.b.f.s.DefaultListableBeanFactory - Creating shared instance of singleton bean 'org.springframework.context.annotation.internalCommonAnnotationProcessor'
20:26:51.624 [main] DEBUG o.s.b.f.s.DefaultListableBeanFactory - Creating instance of bean 'org.springframework.context.annotation.internalCommonAnnotationProcessor'
20:26:51.646 [main] DEBUG o.s.b.f.s.DefaultListableBeanFactory - Eagerly caching bean 'org.springframework.context.annotation.internalCommonAnnotationProcessor' to allow for resolving potential circular references
20:26:51.654 [main] DEBUG o.s.b.f.s.DefaultListableBeanFactory - Finished creating instance of bean 'org.springframework.context.annotation.internalCommonAnnotationProcessor'
20:26:51.655 [main] DEBUG o.s.b.f.s.DefaultListableBeanFactory - Creating shared instance of singleton bean 'org.springframework.context.annotation.internalPersistenceAnnotationProcessor'
20:26:51.655 [main] DEBUG o.s.b.f.s.DefaultListableBeanFactory - Creating instance of bean 'org.springframework.context.annotation.internalPersistenceAnnotationProcessor'
20:26:51.657 [main] DEBUG o.s.b.f.s.DefaultListableBeanFactory - Eagerly caching bean 'org.springframework.context.annotation.internalPersistenceAnnotationProcessor' to allow for resolving potential circular references
20:26:51.663 [main] DEBUG o.s.b.f.s.DefaultListableBeanFactory - Finished creating instance of bean 'org.springframework.context.annotation.internalPersistenceAnnotationProcessor'
20:26:51.663 [main] DEBUG o.s.b.f.s.DefaultListableBeanFactory - Creating shared instance of singleton bean 'org.springframework.aop.config.internalAutoProxyCreator'
20:26:51.663 [main] DEBUG o.s.b.f.s.DefaultListableBeanFactory - Creating instance of bean 'org.springframework.aop.config.internalAutoProxyCreator'
20:26:51.735 [main] DEBUG o.s.b.f.s.DefaultListableBeanFactory - Eagerly caching bean 'org.springframework.aop.config.internalAutoProxyCreator' to allow for resolving potential circular references
20:26:51.759 [main] DEBUG o.s.b.f.s.DefaultListableBeanFactory - Finished creating instance of bean 'org.springframework.aop.config.internalAutoProxyCreator'
20:26:51.787 [main] DEBUG o.s.w.c.s.GenericWebApplicationContext - Unable to locate MessageSource with name 'messageSource': using default [org.springframework.context.support.DelegatingMessageSource@f451970]
20:26:51.792 [main] DEBUG o.s.w.c.s.GenericWebApplicationContext - Unable to locate ApplicationEventMulticaster with name 'applicationEventMulticaster': using default [org.springframework.context.event.SimpleApplicationEventMulticaster@57a0aeb8]
20:26:51.797 [main] DEBUG o.s.u.c.s.UiApplicationContextUtils - Unable to locate ThemeSource with name 'themeSource': using default [org.springframework.ui.context.support.ResourceBundleThemeSource@20ddc780]
20:26:51.808 [main] DEBUG o.s.b.f.s.DefaultListableBeanFactory - Pre-instantiating singletons in org.springframework.beans.factory.support.DefaultListableBeanFactory@58687fb7: defining beans [org.springframework.context.annotation.internalConfigurationAnnotationProcessor,org.springframework.context.annotation.internalAutowiredAnnotationProcessor,org.springframework.context.annotation.internalRequiredAnnotationProcessor,org.springframework.context.annotation.internalCommonAnnotationProcessor,org.springframework.context.annotation.internalPersistenceAnnotationProcessor,org.springframework.context.event.internalEventListenerProcessor,org.springframework.context.event.internalEventListenerFactory,rootConfiguration,webMvcConfiguration,dataConfiguration,loginAuditingListener,securityConfig,defaultController,adminController,adminUserController,hospitalController,ICDCodesController,APIAppointmentRequestController,APIDiagnosisController,APIDrugController,APIEnumController,APIHospitalController,APIICDCodeController,APILogEntryController,APIOfficeVisitController,APIPasswordController,APIPatientController,APIPersonnelController,APIPrescriptionController,APIUserController,appointmentControllerHCP,HCPController,officeVisitController,appointmentController,diagnosesController,patientController,passwordController,userController,dataSource,org.springframework.security.config.annotation.configuration.ObjectPostProcessorConfiguration,objectPostProcessor,org.springframework.security.config.annotation.authentication.configuration.AuthenticationConfiguration,authenticationManagerBuilder,enableGlobalAuthenticationAutowiredConfigurer,initializeUserDetailsBeanManagerConfigurer,initializeAuthenticationProviderBeanManagerConfigurer,org.springframework.security.config.annotation.web.configuration.WebSecurityConfiguration,delegatingApplicationListener,webSecurityExpressionHandler,springSecurityFilterChain,privilegeEvaluator,autowiredWebSecurityConfigurersIgnoreParents,org.springframework.security.config.annotation.web.configuration.WebMvcSecurityConfiguration,requestDataValueProcessor,passwordEncoder,defaultAuthenticationEventPublisher,failureHandler,ipBlockFilter,org.springframework.web.servlet.config.annotation.DelegatingWebMvcConfiguration,mvcConversionService,requestMappingHandlerMapping,mvcPathMatcher,mvcUrlPathHelper,mvcContentNegotiationManager,viewControllerHandlerMapping,beanNameHandlerMapping,resourceHandlerMapping,mvcResourceUrlProvider,defaultServletHandlerMapping,requestMappingHandlerAdapter,mvcValidator,mvcUriComponentsContributor,httpRequestHandlerAdapter,simpleControllerHandlerAdapter,handlerExceptionResolver,mvcViewResolver,org.springframework.security.config.annotation.method.configuration.GlobalMethodSecurityConfiguration,methodSecurityInterceptor,methodSecurityMetadataSource,preInvocationAuthorizationAdvice,viewResolver,templateEngine,domainClassConverter,metaDataSourceAdvisor,org.springframework.aop.config.internalAutoProxyCreator]; root of factory hierarchy
20:26:51.809 [main] DEBUG o.s.b.f.s.DefaultListableBeanFactory - Returning cached instance of singleton bean 'org.springframework.context.annotation.internalConfigurationAnnotationProcessor'
20:26:51.809 [main] DEBUG o.s.b.f.s.DefaultListableBeanFactory - Returning cached instance of singleton bean 'org.springframework.context.annotation.internalAutowiredAnnotationProcessor'
20:26:51.809 [main] DEBUG o.s.b.f.s.DefaultListableBeanFactory - Returning cached instance of singleton bean 'org.springframework.context.annotation.internalRequiredAnnotationProcessor'
20:26:51.809 [main] DEBUG o.s.b.f.s.DefaultListableBeanFactory - Returning cached instance of singleton bean 'org.springframework.context.annotation.internalCommonAnnotationProcessor'
20:26:51.809 [main] DEBUG o.s.b.f.s.DefaultListableBeanFactory - Returning cached instance of singleton bean 'org.springframework.context.annotation.internalPersistenceAnnotationProcessor'
20:26:51.809 [main] DEBUG o.s.b.f.s.DefaultListableBeanFactory - Creating shared instance of singleton bean 'org.springframework.context.event.internalEventListenerProcessor'
20:26:51.809 [main] DEBUG o.s.b.f.s.DefaultListableBeanFactory - Creating instance of bean 'org.springframework.context.event.internalEventListenerProcessor'
20:26:51.813 [main] DEBUG o.s.b.f.s.DefaultListableBeanFactory - Eagerly caching bean 'org.springframework.context.event.internalEventListenerProcessor' to allow for resolving potential circular references
20:26:51.817 [main] DEBUG o.s.b.f.s.DefaultListableBeanFactory - Creating shared instance of singleton bean 'metaDataSourceAdvisor'
20:26:51.817 [main] DEBUG o.s.b.f.s.DefaultListableBeanFactory - Creating instance of bean 'metaDataSourceAdvisor'
20:26:51.827 [main] DEBUG o.s.b.f.s.DefaultListableBeanFactory - Creating shared instance of singleton bean 'methodSecurityMetadataSource'
20:26:51.830 [main] DEBUG o.s.b.f.s.DefaultListableBeanFactory - Creating instance of bean 'methodSecurityMetadataSource'
20:26:51.830 [main] DEBUG o.s.b.f.s.DefaultListableBeanFactory - Creating shared instance of singleton bean 'org.springframework.security.config.annotation.method.configuration.GlobalMethodSecurityConfiguration'
20:26:51.831 [main] DEBUG o.s.b.f.s.DefaultListableBeanFactory - Creating instance of bean 'org.springframework.security.config.annotation.method.configuration.GlobalMethodSecurityConfiguration'
20:26:51.890 [main] DEBUG o.s.b.f.annotation.InjectionMetadata - Registered injected element on class [org.springframework.security.config.annotation.method.configuration.GlobalMethodSecurityConfiguration$$EnhancerBySpringCGLIB$$9e7dfaca]: AutowiredMethodElement for public void org.springframework.security.config.annotation.method.configuration.GlobalMethodSecurityConfiguration.setApplicationContext(org.springframework.context.ApplicationContext)
20:26:51.890 [main] DEBUG o.s.b.f.annotation.InjectionMetadata - Registered injected element on class [org.springframework.security.config.annotation.method.configuration.GlobalMethodSecurityConfiguration$$EnhancerBySpringCGLIB$$9e7dfaca]: AutowiredMethodElement for public void org.springframework.security.config.annotation.method.configuration.GlobalMethodSecurityConfiguration.setObjectPostProcessor(org.springframework.security.config.annotation.ObjectPostProcessor)
20:26:51.891 [main] DEBUG o.s.b.f.annotation.InjectionMetadata - Registered injected element on class [org.springframework.security.config.annotation.method.configuration.GlobalMethodSecurityConfiguration$$EnhancerBySpringCGLIB$$9e7dfaca]: AutowiredMethodElement for public void org.springframework.security.config.annotation.method.configuration.GlobalMethodSecurityConfiguration.setJsr250MethodSecurityMetadataSource(org.springframework.security.access.annotation.Jsr250MethodSecurityMetadataSource)
20:26:51.891 [main] DEBUG o.s.b.f.annotation.InjectionMetadata - Registered injected element on class [org.springframework.security.config.annotation.method.configuration.GlobalMethodSecurityConfiguration$$EnhancerBySpringCGLIB$$9e7dfaca]: AutowiredMethodElement for public void org.springframework.security.config.annotation.method.configuration.GlobalMethodSecurityConfiguration.setMethodSecurityExpressionHandler(java.util.List)
20:26:51.891 [main] DEBUG o.s.b.f.s.DefaultListableBeanFactory - Eagerly caching bean 'org.springframework.security.config.annotation.method.configuration.GlobalMethodSecurityConfiguration' to allow for resolving potential circular references
20:26:51.891 [main] DEBUG o.s.b.f.annotation.InjectionMetadata - Processing injected element of bean 'org.springframework.security.config.annotation.method.configuration.GlobalMethodSecurityConfiguration': AutowiredMethodElement for public void org.springframework.security.config.annotation.method.configuration.GlobalMethodSecurityConfiguration.setApplicationContext(org.springframework.context.ApplicationContext)
20:26:51.896 [main] DEBUG o.s.b.f.a.AutowiredAnnotationBeanPostProcessor - Autowiring by type from bean name 'org.springframework.security.config.annotation.method.configuration.GlobalMethodSecurityConfiguration' to bean named 'org.springframework.web.context.support.GenericWebApplicationContext@37df14d1'
20:26:51.896 [main] DEBUG o.s.b.f.annotation.InjectionMetadata - Processing injected element of bean 'org.springframework.security.config.annotation.method.configuration.GlobalMethodSecurityConfiguration': AutowiredMethodElement for public void org.springframework.security.config.annotation.method.configuration.GlobalMethodSecurityConfiguration.setObjectPostProcessor(org.springframework.security.config.annotation.ObjectPostProcessor)
20:26:51.899 [main] DEBUG o.s.b.f.s.DefaultListableBeanFactory - Creating shared instance of singleton bean 'objectPostProcessor'
20:26:51.900 [main] DEBUG o.s.b.f.s.DefaultListableBeanFactory - Creating instance of bean 'objectPostProcessor'
20:26:51.900 [main] DEBUG o.s.b.f.s.DefaultListableBeanFactory - Creating shared instance of singleton bean 'org.springframework.security.config.annotation.configuration.ObjectPostProcessorConfiguration'
20:26:51.900 [main] DEBUG o.s.b.f.s.DefaultListableBeanFactory - Creating instance of bean 'org.springframework.security.config.annotation.configuration.ObjectPostProcessorConfiguration'
20:26:51.902 [main] DEBUG o.s.b.f.s.DefaultListableBeanFactory - Eagerly caching bean 'org.springframework.security.config.annotation.configuration.ObjectPostProcessorConfiguration' to allow for resolving potential circular references
20:26:51.906 [main] DEBUG o.s.a.f.a.BeanFactoryAdvisorRetrievalHelper - Skipping currently created advisor 'metaDataSourceAdvisor'
20:26:51.923 [main] DEBUG o.s.b.f.s.DefaultListableBeanFactory - Finished creating instance of bean 'org.springframework.security.config.annotation.configuration.ObjectPostProcessorConfiguration'
20:26:51.935 [main] DEBUG o.s.b.f.s.DefaultListableBeanFactory - Autowiring by type from bean name 'objectPostProcessor' via factory method to bean named 'org.springframework.beans.factory.support.DefaultListableBeanFactory@58687fb7'
20:26:51.963 [main] DEBUG o.s.b.f.s.DefaultListableBeanFactory - Eagerly caching bean 'objectPostProcessor' to allow for resolving potential circular references
20:26:51.967 [main] DEBUG o.s.a.f.a.BeanFactoryAdvisorRetrievalHelper - Skipping currently created advisor 'metaDataSourceAdvisor'
20:26:51.967 [main] DEBUG o.s.b.f.s.DefaultListableBeanFactory - Finished creating instance of bean 'objectPostProcessor'
20:26:51.967 [main] DEBUG o.s.b.f.a.AutowiredAnnotationBeanPostProcessor - Autowiring by type from bean name 'org.springframework.security.config.annotation.method.configuration.GlobalMethodSecurityConfiguration' to bean named 'objectPostProcessor'
20:26:51.991 [main] DEBUG o.s.b.f.annotation.InjectionMetadata - Processing injected element of bean 'org.springframework.security.config.annotation.method.configuration.GlobalMethodSecurityConfiguration': AutowiredMethodElement for public void org.springframework.security.config.annotation.method.configuration.GlobalMethodSecurityConfiguration.setJsr250MethodSecurityMetadataSource(org.springframework.security.access.annotation.Jsr250MethodSecurityMetadataSource)
20:26:51.992 [main] DEBUG o.s.b.f.annotation.InjectionMetadata - Processing injected element of bean 'org.springframework.security.config.annotation.method.configuration.GlobalMethodSecurityConfiguration': AutowiredMethodElement for public void org.springframework.security.config.annotation.method.configuration.GlobalMethodSecurityConfiguration.setMethodSecurityExpressionHandler(java.util.List)
20:26:51.998 [main] DEBUG o.s.b.f.s.DefaultListableBeanFactory - Returning cached instance of singleton bean 'org.springframework.context.annotation.ConfigurationClassPostProcessor.importRegistry'
20:26:51.999 [main] DEBUG o.s.a.f.a.BeanFactoryAdvisorRetrievalHelper - Skipping currently created advisor 'metaDataSourceAdvisor'
20:26:51.999 [main] DEBUG o.s.b.f.s.DefaultListableBeanFactory - Finished creating instance of bean 'org.springframework.security.config.annotation.method.configuration.GlobalMethodSecurityConfiguration'
20:26:52.034 [main] DEBUG o.s.b.f.s.DefaultListableBeanFactory - Eagerly caching bean 'methodSecurityMetadataSource' to allow for resolving potential circular references
20:26:52.039 [main] DEBUG o.s.b.f.s.DefaultListableBeanFactory - Finished creating instance of bean 'methodSecurityMetadataSource'
20:26:52.066 [main] DEBUG o.s.b.f.s.DefaultListableBeanFactory - Eagerly caching bean 'metaDataSourceAdvisor' to allow for resolving potential circular references
20:26:52.073 [main] DEBUG o.s.b.f.s.DefaultListableBeanFactory - Finished creating instance of bean 'metaDataSourceAdvisor'
20:26:52.079 [main] DEBUG o.s.b.f.s.DefaultListableBeanFactory - Finished creating instance of bean 'org.springframework.context.event.internalEventListenerProcessor'
20:26:52.079 [main] DEBUG o.s.b.f.s.DefaultListableBeanFactory - Creating shared instance of singleton bean 'org.springframework.context.event.internalEventListenerFactory'
20:26:52.079 [main] DEBUG o.s.b.f.s.DefaultListableBeanFactory - Creating instance of bean 'org.springframework.context.event.internalEventListenerFactory'
20:26:52.080 [main] DEBUG o.s.b.f.s.DefaultListableBeanFactory - Eagerly caching bean 'org.springframework.context.event.internalEventListenerFactory' to allow for resolving potential circular references
20:26:52.085 [main] DEBUG o.s.b.f.s.DefaultListableBeanFactory - Returning cached instance of singleton bean 'metaDataSourceAdvisor'
20:26:52.088 [main] DEBUG o.s.b.f.s.DefaultListableBeanFactory - Finished creating instance of bean 'org.springframework.context.event.internalEventListenerFactory'
20:26:52.097 [main] DEBUG o.s.b.f.s.DefaultListableBeanFactory - Creating shared instance of singleton bean 'rootConfiguration'
20:26:52.098 [main] DEBUG o.s.b.f.s.DefaultListableBeanFactory - Creating instance of bean 'rootConfiguration'
20:26:52.099 [main] DEBUG o.s.b.f.s.DefaultListableBeanFactory - Eagerly caching bean 'rootConfiguration' to allow for resolving potential circular references
20:26:52.103 [main] DEBUG o.s.b.f.s.DefaultListableBeanFactory - Returning cached instance of singleton bean 'metaDataSourceAdvisor'
20:26:52.108 [main] DEBUG o.s.b.f.s.DefaultListableBeanFactory - Finished creating instance of bean 'rootConfiguration'
20:26:52.109 [main] DEBUG o.s.b.f.s.DefaultListableBeanFactory - Creating shared instance of singleton bean 'webMvcConfiguration'
20:26:52.109 [main] DEBUG o.s.b.f.s.DefaultListableBeanFactory - Creating instance of bean 'webMvcConfiguration'
20:26:52.113 [main] DEBUG o.s.b.f.annotation.InjectionMetadata - Registered injected element on class [edu.ncsu.csc.itrust2.mvc.config.WebMvcConfiguration$$EnhancerBySpringCGLIB$$519f44c0]: AutowiredFieldElement for private org.springframework.context.ApplicationContext edu.ncsu.csc.itrust2.mvc.config.WebMvcConfiguration.applicationContext
20:26:52.114 [main] DEBUG o.s.b.f.annotation.InjectionMetadata - Registered injected element on class [edu.ncsu.csc.itrust2.mvc.config.WebMvcConfiguration$$EnhancerBySpringCGLIB$$519f44c0]: AutowiredFieldElement for private org.springframework.format.support.FormattingConversionService edu.ncsu.csc.itrust2.mvc.config.WebMvcConfiguration.mvcConversionService
20:26:52.114 [main] DEBUG o.s.b.f.s.DefaultListableBeanFactory - Eagerly caching bean 'webMvcConfiguration' to allow for resolving potential circular references
20:26:52.124 [main] DEBUG o.s.b.f.annotation.InjectionMetadata - Processing injected element of bean 'webMvcConfiguration': AutowiredFieldElement for private org.springframework.context.ApplicationContext edu.ncsu.csc.itrust2.mvc.config.WebMvcConfiguration.applicationContext
20:26:52.124 [main] DEBUG o.s.b.f.a.AutowiredAnnotationBeanPostProcessor - Autowiring by type from bean name 'webMvcConfiguration' to bean named 'org.springframework.web.context.support.GenericWebApplicationContext@37df14d1'
20:26:52.124 [main] DEBUG o.s.b.f.annotation.InjectionMetadata - Processing injected element of bean 'webMvcConfiguration': AutowiredFieldElement for private org.springframework.format.support.FormattingConversionService edu.ncsu.csc.itrust2.mvc.config.WebMvcConfiguration.mvcConversionService
20:26:52.126 [main] DEBUG o.s.b.f.s.DefaultListableBeanFactory - Creating shared instance of singleton bean 'mvcConversionService'
20:26:52.127 [main] DEBUG o.s.b.f.s.DefaultListableBeanFactory - Creating instance of bean 'mvcConversionService'
20:26:52.128 [main] DEBUG o.s.b.f.s.DefaultListableBeanFactory - Creating shared instance of singleton bean 'org.springframework.web.servlet.config.annotation.DelegatingWebMvcConfiguration'
20:26:52.129 [main] DEBUG o.s.b.f.s.DefaultListableBeanFactory - Creating instance of bean 'org.springframework.web.servlet.config.annotation.DelegatingWebMvcConfiguration'
20:26:52.151 [main] DEBUG o.s.b.f.annotation.InjectionMetadata - Registered injected element on class [org.springframework.web.servlet.config.annotation.DelegatingWebMvcConfiguration$$EnhancerBySpringCGLIB$$a5bc7514]: AutowiredMethodElement for public void org.springframework.web.servlet.config.annotation.DelegatingWebMvcConfiguration.setConfigurers(java.util.List)
20:26:52.156 [main] DEBUG o.s.b.f.s.DefaultListableBeanFactory - Eagerly caching bean 'org.springframework.web.servlet.config.annotation.DelegatingWebMvcConfiguration' to allow for resolving potential circular references
20:26:52.159 [main] DEBUG o.s.b.f.annotation.InjectionMetadata - Processing injected element of bean 'org.springframework.web.servlet.config.annotation.DelegatingWebMvcConfiguration': AutowiredMethodElement for public void org.springframework.web.servlet.config.annotation.DelegatingWebMvcConfiguration.setConfigurers(java.util.List)
20:26:52.162 [main] DEBUG o.s.b.f.s.DefaultListableBeanFactory - Returning cached instance of singleton bean 'metaDataSourceAdvisor'
20:26:52.180 [main] DEBUG o.s.b.f.s.DefaultListableBeanFactory - Returning eagerly cached instance of singleton bean 'webMvcConfiguration' that is not fully initialized yet - a consequence of a circular reference
20:26:52.180 [main] DEBUG o.s.b.f.s.DefaultListableBeanFactory - Creating shared instance of singleton bean 'org.springframework.security.config.annotation.web.configuration.WebMvcSecurityConfiguration'
20:26:52.180 [main] DEBUG o.s.b.f.s.DefaultListableBeanFactory - Creating instance of bean 'org.springframework.security.config.annotation.web.configuration.WebMvcSecurityConfiguration'
20:26:52.181 [main] DEBUG o.s.b.f.s.DefaultListableBeanFactory - Eagerly caching bean 'org.springframework.security.config.annotation.web.configuration.WebMvcSecurityConfiguration' to allow for resolving potential circular references
20:26:52.184 [main] DEBUG o.s.b.f.s.DefaultListableBeanFactory - Returning cached instance of singleton bean 'metaDataSourceAdvisor'
20:26:52.191 [main] DEBUG o.s.b.f.s.DefaultListableBeanFactory - Finished creating instance of bean 'org.springframework.security.config.annotation.web.configuration.WebMvcSecurityConfiguration'
20:26:52.209 [main] DEBUG o.s.b.f.a.AutowiredAnnotationBeanPostProcessor - Autowiring by type from bean name 'org.springframework.web.servlet.config.annotation.DelegatingWebMvcConfiguration' to bean named 'webMvcConfiguration'
20:26:52.209 [main] DEBUG o.s.b.f.a.AutowiredAnnotationBeanPostProcessor - Autowiring by type from bean name 'org.springframework.web.servlet.config.annotation.DelegatingWebMvcConfiguration' to bean named 'org.springframework.security.config.annotation.web.configuration.WebMvcSecurityConfiguration'
20:26:52.209 [main] DEBUG o.s.b.f.s.DefaultListableBeanFactory - Returning cached instance of singleton bean 'metaDataSourceAdvisor'
20:26:52.234 [main] DEBUG o.s.b.f.s.DefaultListableBeanFactory - Finished creating instance of bean 'org.springframework.web.servlet.config.annotation.DelegatingWebMvcConfiguration'
20:26:52.639 [main] DEBUG o.s.b.f.s.DefaultListableBeanFactory - Eagerly caching bean 'mvcConversionService' to allow for resolving potential circular references
20:26:52.653 [main] DEBUG o.s.b.f.s.DefaultListableBeanFactory - Returning cached instance of singleton bean 'metaDataSourceAdvisor'
20:26:52.657 [main] DEBUG o.s.b.f.s.DefaultListableBeanFactory - Finished creating instance of bean 'mvcConversionService'
20:26:52.657 [main] DEBUG o.s.b.f.a.AutowiredAnnotationBeanPostProcessor - Autowiring by type from bean name 'webMvcConfiguration' to bean named 'mvcConversionService'
20:26:52.658 [main] DEBUG o.s.b.f.s.DefaultListableBeanFactory - Finished creating instance of bean 'webMvcConfiguration'
20:26:52.658 [main] DEBUG o.s.b.f.s.DefaultListableBeanFactory - Creating shared instance of singleton bean 'dataConfiguration'
20:26:52.658 [main] DEBUG o.s.b.f.s.DefaultListableBeanFactory - Creating instance of bean 'dataConfiguration'
20:26:52.659 [main] DEBUG o.s.b.f.s.DefaultListableBeanFactory - Eagerly caching bean 'dataConfiguration' to allow for resolving potential circular references
20:26:52.667 [main] DEBUG o.s.b.f.s.DefaultListableBeanFactory - Returning cached instance of singleton bean 'metaDataSourceAdvisor'
20:26:52.669 [main] DEBUG o.s.b.f.s.DefaultListableBeanFactory - Finished creating instance of bean 'dataConfiguration'
20:26:52.669 [main] DEBUG o.s.b.f.s.DefaultListableBeanFactory - Creating shared instance of singleton bean 'loginAuditingListener'
20:26:52.669 [main] DEBUG o.s.b.f.s.DefaultListableBeanFactory - Creating instance of bean 'loginAuditingListener'
20:26:52.670 [main] DEBUG o.s.b.f.s.DefaultListableBeanFactory - Eagerly caching bean 'loginAuditingListener' to allow for resolving potential circular references
20:26:52.675 [main] DEBUG o.s.b.f.s.DefaultListableBeanFactory - Returning cached instance of singleton bean 'metaDataSourceAdvisor'
20:26:52.677 [main] DEBUG o.s.b.f.s.DefaultListableBeanFactory - Finished creating instance of bean 'loginAuditingListener'
20:26:52.677 [main] DEBUG o.s.b.f.s.DefaultListableBeanFactory - Creating shared instance of singleton bean 'securityConfig'
20:26:52.677 [main] DEBUG o.s.b.f.s.DefaultListableBeanFactory - Creating instance of bean 'securityConfig'
20:26:52.734 [main] DEBUG o.s.b.f.annotation.InjectionMetadata - Registered injected element on class [edu.ncsu.csc.itrust2.config.SecurityConfig$$EnhancerBySpringCGLIB$$6bb40e4c]: AutowiredMethodElement for public void org.springframework.security.config.annotation.web.configuration.WebSecurityConfigurerAdapter.setApplicationContext(org.springframework.context.ApplicationContext)
20:26:52.734 [main] DEBUG o.s.b.f.annotation.InjectionMetadata - Registered injected element on class [edu.ncsu.csc.itrust2.config.SecurityConfig$$EnhancerBySpringCGLIB$$6bb40e4c]: AutowiredMethodElement for public void org.springframework.security.config.annotation.web.configuration.WebSecurityConfigurerAdapter.setObjectPostProcessor(org.springframework.security.config.annotation.ObjectPostProcessor)
20:26:52.734 [main] DEBUG o.s.b.f.annotation.InjectionMetadata - Registered injected element on class [edu.ncsu.csc.itrust2.config.SecurityConfig$$EnhancerBySpringCGLIB$$6bb40e4c]: AutowiredMethodElement for public void org.springframework.security.config.annotation.web.configuration.WebSecurityConfigurerAdapter.setTrustResolver(org.springframework.security.authentication.AuthenticationTrustResolver)
20:26:52.734 [main] DEBUG o.s.b.f.annotation.InjectionMetadata - Registered injected element on class [edu.ncsu.csc.itrust2.config.SecurityConfig$$EnhancerBySpringCGLIB$$6bb40e4c]: AutowiredMethodElement for public void org.springframework.security.config.annotation.web.configuration.WebSecurityConfigurerAdapter.setContentNegotationStrategy(org.springframework.web.accept.ContentNegotiationStrategy)
20:26:52.734 [main] DEBUG o.s.b.f.annotation.InjectionMetadata - Registered injected element on class [edu.ncsu.csc.itrust2.config.SecurityConfig$$EnhancerBySpringCGLIB$$6bb40e4c]: AutowiredMethodElement for public void org.springframework.security.config.annotation.web.configuration.WebSecurityConfigurerAdapter.setAuthenticationConfiguration(org.springframework.security.config.annotation.authentication.configuration.AuthenticationConfiguration)
20:26:52.734 [main] DEBUG o.s.b.f.annotation.InjectionMetadata - Registered injected element on class [edu.ncsu.csc.itrust2.config.SecurityConfig$$EnhancerBySpringCGLIB$$6bb40e4c]: AutowiredFieldElement for javax.sql.DataSource edu.ncsu.csc.itrust2.config.SecurityConfig.dataSource
20:26:52.734 [main] DEBUG o.s.b.f.annotation.InjectionMetadata - Registered injected element on class [edu.ncsu.csc.itrust2.config.SecurityConfig$$EnhancerBySpringCGLIB$$6bb40e4c]: AutowiredMethodElement for public void edu.ncsu.csc.itrust2.config.SecurityConfig.configureGlobal(org.springframework.security.config.annotation.authentication.builders.AuthenticationManagerBuilder) throws java.lang.Exception
20:26:52.734 [main] DEBUG o.s.b.f.s.DefaultListableBeanFactory - Eagerly caching bean 'securityConfig' to allow for resolving potential circular references
20:26:52.735 [main] DEBUG o.s.b.f.annotation.InjectionMetadata - Processing injected element of bean 'securityConfig': AutowiredMethodElement for public void org.springframework.security.config.annotation.web.configuration.WebSecurityConfigurerAdapter.setApplicationContext(org.springframework.context.ApplicationContext)
20:26:52.736 [main] DEBUG o.s.b.f.a.AutowiredAnnotationBeanPostProcessor - Autowiring by type from bean name 'securityConfig' to bean named 'org.springframework.web.context.support.GenericWebApplicationContext@37df14d1'
20:26:52.736 [main] DEBUG o.s.b.f.annotation.InjectionMetadata - Processing injected element of bean 'securityConfig': AutowiredMethodElement for public void org.springframework.security.config.annotation.web.configuration.WebSecurityConfigurerAdapter.setObjectPostProcessor(org.springframework.security.config.annotation.ObjectPostProcessor)
20:26:52.737 [main] DEBUG o.s.b.f.s.DefaultListableBeanFactory - Returning cached instance of singleton bean 'objectPostProcessor'
20:26:52.737 [main] DEBUG o.s.b.f.a.AutowiredAnnotationBeanPostProcessor - Autowiring by type from bean name 'securityConfig' to bean named 'objectPostProcessor'
20:26:52.768 [main] DEBUG o.s.b.f.annotation.InjectionMetadata - Processing injected element of bean 'securityConfig': AutowiredMethodElement for public void org.springframework.security.config.annotation.web.configuration.WebSecurityConfigurerAdapter.setTrustResolver(org.springframework.security.authentication.AuthenticationTrustResolver)
20:26:52.770 [main] DEBUG o.s.b.f.annotation.InjectionMetadata - Processing injected element of bean 'securityConfig': AutowiredMethodElement for public void org.springframework.security.config.annotation.web.configuration.WebSecurityConfigurerAdapter.setContentNegotationStrategy(org.springframework.web.accept.ContentNegotiationStrategy)
20:26:52.771 [main] DEBUG o.s.b.f.s.DefaultListableBeanFactory - Creating shared instance of singleton bean 'mvcContentNegotiationManager'
20:26:52.771 [main] DEBUG o.s.b.f.s.DefaultListableBeanFactory - Creating instance of bean 'mvcContentNegotiationManager'
20:26:52.772 [main] DEBUG o.s.b.f.s.DefaultListableBeanFactory - Returning cached instance of singleton bean 'org.springframework.web.servlet.config.annotation.DelegatingWebMvcConfiguration'
20:26:52.793 [main] DEBUG o.s.b.f.s.DefaultListableBeanFactory - Eagerly caching bean 'mvcContentNegotiationManager' to allow for resolving potential circular references
20:26:52.801 [main] DEBUG o.s.b.f.s.DefaultListableBeanFactory - Returning cached instance of singleton bean 'metaDataSourceAdvisor'
20:26:52.807 [main] DEBUG o.s.b.f.s.DefaultListableBeanFactory - Finished creating instance of bean 'mvcContentNegotiationManager'
20:26:52.808 [main] DEBUG o.s.b.f.a.AutowiredAnnotationBeanPostProcessor - Autowiring by type from bean name 'securityConfig' to bean named 'mvcContentNegotiationManager'
20:26:52.808 [main] DEBUG o.s.b.f.annotation.InjectionMetadata - Processing injected element of bean 'securityConfig': AutowiredMethodElement for public void org.springframework.security.config.annotation.web.configuration.WebSecurityConfigurerAdapter.setAuthenticationConfiguration(org.springframework.security.config.annotation.authentication.configuration.AuthenticationConfiguration)
20:26:52.809 [main] DEBUG o.s.b.f.s.DefaultListableBeanFactory - Creating shared instance of singleton bean 'org.springframework.security.config.annotation.authentication.configuration.AuthenticationConfiguration'
20:26:52.810 [main] DEBUG o.s.b.f.s.DefaultListableBeanFactory - Creating instance of bean 'org.springframework.security.config.annotation.authentication.configuration.AuthenticationConfiguration'
20:26:52.825 [main] DEBUG o.s.b.f.annotation.InjectionMetadata - Registered injected element on class [org.springframework.security.config.annotation.authentication.configuration.AuthenticationConfiguration$$EnhancerBySpringCGLIB$$c572628d]: AutowiredMethodElement for public void org.springframework.security.config.annotation.authentication.configuration.AuthenticationConfiguration.setApplicationContext(org.springframework.context.ApplicationContext)
20:26:52.828 [main] DEBUG o.s.b.f.annotation.InjectionMetadata - Registered injected element on class [org.springframework.security.config.annotation.authentication.configuration.AuthenticationConfiguration$$EnhancerBySpringCGLIB$$c572628d]: AutowiredMethodElement for public void org.springframework.security.config.annotation.authentication.configuration.AuthenticationConfiguration.setGlobalAuthenticationConfigurers(java.util.List) throws java.lang.Exception
20:26:52.828 [main] DEBUG o.s.b.f.annotation.InjectionMetadata - Registered injected element on class [org.springframework.security.config.annotation.authentication.configuration.AuthenticationConfiguration$$EnhancerBySpringCGLIB$$c572628d]: AutowiredMethodElement for public void org.springframework.security.config.annotation.authentication.configuration.AuthenticationConfiguration.setObjectPostProcessor(org.springframework.security.config.annotation.ObjectPostProcessor)
20:26:52.828 [main] DEBUG o.s.b.f.s.DefaultListableBeanFactory - Eagerly caching bean 'org.springframework.security.config.annotation.authentication.configuration.AuthenticationConfiguration' to allow for resolving potential circular references
20:26:52.829 [main] DEBUG o.s.b.f.annotation.InjectionMetadata - Processing injected element of bean 'org.springframework.security.config.annotation.authentication.configuration.AuthenticationConfiguration': AutowiredMethodElement for public void org.springframework.security.config.annotation.authentication.configuration.AuthenticationConfiguration.setApplicationContext(org.springframework.context.ApplicationContext)
20:26:52.829 [main] DEBUG o.s.b.f.a.AutowiredAnnotationBeanPostProcessor - Autowiring by type from bean name 'org.springframework.security.config.annotation.authentication.configuration.AuthenticationConfiguration' to bean named 'org.springframework.web.context.support.GenericWebApplicationContext@37df14d1'
20:26:52.831 [main] DEBUG o.s.b.f.annotation.InjectionMetadata - Processing injected element of bean 'org.springframework.security.config.annotation.authentication.configuration.AuthenticationConfiguration': AutowiredMethodElement for public void org.springframework.security.config.annotation.authentication.configuration.AuthenticationConfiguration.setGlobalAuthenticationConfigurers(java.util.List) throws java.lang.Exception
20:26:52.833 [main] DEBUG o.s.b.f.s.DefaultListableBeanFactory - Creating shared instance of singleton bean 'enableGlobalAuthenticationAutowiredConfigurer'
20:26:52.835 [main] DEBUG o.s.b.f.s.DefaultListableBeanFactory - Creating instance of bean 'enableGlobalAuthenticationAutowiredConfigurer'
20:26:52.836 [main] DEBUG o.s.b.f.s.DefaultListableBeanFactory - Autowiring by type from bean name 'enableGlobalAuthenticationAutowiredConfigurer' via factory method to bean named 'org.springframework.web.context.support.GenericWebApplicationContext@37df14d1'
20:26:52.837 [main] DEBUG o.s.b.f.s.DefaultListableBeanFactory - Eagerly caching bean 'enableGlobalAuthenticationAutowiredConfigurer' to allow for resolving potential circular references
20:26:52.840 [main] DEBUG o.s.b.f.s.DefaultListableBeanFactory - Returning cached instance of singleton bean 'metaDataSourceAdvisor'
20:26:52.846 [main] DEBUG o.s.b.f.s.DefaultListableBeanFactory - Finished creating instance of bean 'enableGlobalAuthenticationAutowiredConfigurer'
20:26:52.847 [main] DEBUG o.s.b.f.s.DefaultListableBeanFactory - Creating shared instance of singleton bean 'initializeUserDetailsBeanManagerConfigurer'
20:26:52.847 [main] DEBUG o.s.b.f.s.DefaultListableBeanFactory - Creating instance of bean 'initializeUserDetailsBeanManagerConfigurer'
20:26:52.848 [main] DEBUG o.s.b.f.s.DefaultListableBeanFactory - Autowiring by type from bean name 'initializeUserDetailsBeanManagerConfigurer' via factory method to bean named 'org.springframework.web.context.support.GenericWebApplicationContext@37df14d1'
20:26:52.849 [main] DEBUG o.s.b.f.s.DefaultListableBeanFactory - Eagerly caching bean 'initializeUserDetailsBeanManagerConfigurer' to allow for resolving potential circular references
20:26:52.853 [main] DEBUG o.s.b.f.s.DefaultListableBeanFactory - Returning cached instance of singleton bean 'metaDataSourceAdvisor'
20:26:52.859 [main] DEBUG o.s.b.f.s.DefaultListableBeanFactory - Finished creating instance of bean 'initializeUserDetailsBeanManagerConfigurer'
20:26:52.860 [main] DEBUG o.s.b.f.s.DefaultListableBeanFactory - Creating shared instance of singleton bean 'initializeAuthenticationProviderBeanManagerConfigurer'
20:26:52.860 [main] DEBUG o.s.b.f.s.DefaultListableBeanFactory - Creating instance of bean 'initializeAuthenticationProviderBeanManagerConfigurer'
20:26:52.861 [main] DEBUG o.s.b.f.s.DefaultListableBeanFactory - Autowiring by type from bean name 'initializeAuthenticationProviderBeanManagerConfigurer' via factory method to bean named 'org.springframework.web.context.support.GenericWebApplicationContext@37df14d1'
20:26:52.863 [main] DEBUG o.s.b.f.s.DefaultListableBeanFactory - Eagerly caching bean 'initializeAuthenticationProviderBeanManagerConfigurer' to allow for resolving potential circular references
20:26:52.865 [main] DEBUG o.s.b.f.s.DefaultListableBeanFactory - Returning cached instance of singleton bean 'metaDataSourceAdvisor'
20:26:52.867 [main] DEBUG o.s.b.f.s.DefaultListableBeanFactory - Finished creating instance of bean 'initializeAuthenticationProviderBeanManagerConfigurer'
20:26:52.868 [main] DEBUG o.s.b.f.a.AutowiredAnnotationBeanPostProcessor - Autowiring by type from bean name 'org.springframework.security.config.annotation.authentication.configuration.AuthenticationConfiguration' to bean named 'enableGlobalAuthenticationAutowiredConfigurer'
20:26:52.868 [main] DEBUG o.s.b.f.a.AutowiredAnnotationBeanPostProcessor - Autowiring by type from bean name 'org.springframework.security.config.annotation.authentication.configuration.AuthenticationConfiguration' to bean named 'initializeUserDetailsBeanManagerConfigurer'
20:26:52.868 [main] DEBUG o.s.b.f.a.AutowiredAnnotationBeanPostProcessor - Autowiring by type from bean name 'org.springframework.security.config.annotation.authentication.configuration.AuthenticationConfiguration' to bean named 'initializeAuthenticationProviderBeanManagerConfigurer'
20:26:52.869 [main] DEBUG o.s.b.f.annotation.InjectionMetadata - Processing injected element of bean 'org.springframework.security.config.annotation.authentication.configuration.AuthenticationConfiguration': AutowiredMethodElement for public void org.springframework.security.config.annotation.authentication.configuration.AuthenticationConfiguration.setObjectPostProcessor(org.springframework.security.config.annotation.ObjectPostProcessor)
20:26:52.870 [main] DEBUG o.s.b.f.s.DefaultListableBeanFactory - Returning cached instance of singleton bean 'objectPostProcessor'
20:26:52.870 [main] DEBUG o.s.b.f.a.AutowiredAnnotationBeanPostProcessor - Autowiring by type from bean name 'org.springframework.security.config.annotation.authentication.configuration.AuthenticationConfiguration' to bean named 'objectPostProcessor'
20:26:52.871 [main] DEBUG o.s.b.f.s.DefaultListableBeanFactory - Returning cached instance of singleton bean 'metaDataSourceAdvisor'
20:26:52.874 [main] DEBUG o.s.b.f.s.DefaultListableBeanFactory - Finished creating instance of bean 'org.springframework.security.config.annotation.authentication.configuration.AuthenticationConfiguration'
20:26:52.874 [main] DEBUG o.s.b.f.a.AutowiredAnnotationBeanPostProcessor - Autowiring by type from bean name 'securityConfig' to bean named 'org.springframework.security.config.annotation.authentication.configuration.AuthenticationConfiguration'
20:26:52.875 [main] DEBUG o.s.b.f.annotation.InjectionMetadata - Processing injected element of bean 'securityConfig': AutowiredFieldElement for javax.sql.DataSource edu.ncsu.csc.itrust2.config.SecurityConfig.dataSource
20:26:52.876 [main] DEBUG o.s.b.f.s.DefaultListableBeanFactory - Creating shared instance of singleton bean 'dataSource'
20:26:52.882 [main] DEBUG o.s.b.f.s.DefaultListableBeanFactory - Creating instance of bean 'dataSource'
20:26:52.884 [main] DEBUG o.s.b.f.s.DefaultListableBeanFactory - Returning cached instance of singleton bean 'dataConfiguration'
20:26:52.911 [main] INFO  o.s.j.d.DriverManagerDataSource - Loaded JDBC driver: com.mysql.jdbc.Driver
20:26:52.913 [main] DEBUG o.s.b.f.s.DefaultListableBeanFactory - Eagerly caching bean 'dataSource' to allow for resolving potential circular references
20:26:52.925 [main] DEBUG o.s.b.f.s.DefaultListableBeanFactory - Returning cached instance of singleton bean 'metaDataSourceAdvisor'
20:26:52.930 [main] DEBUG o.s.b.f.s.DefaultListableBeanFactory - Finished creating instance of bean 'dataSource'
20:26:52.931 [main] DEBUG o.s.b.f.a.AutowiredAnnotationBeanPostProcessor - Autowiring by type from bean name 'securityConfig' to bean named 'dataSource'
20:26:52.942 [main] DEBUG o.s.b.f.annotation.InjectionMetadata - Processing injected element of bean 'securityConfig': AutowiredMethodElement for public void edu.ncsu.csc.itrust2.config.SecurityConfig.configureGlobal(org.springframework.security.config.annotation.authentication.builders.AuthenticationManagerBuilder) throws java.lang.Exception
20:26:52.943 [main] DEBUG o.s.b.f.s.DefaultListableBeanFactory - Creating shared instance of singleton bean 'authenticationManagerBuilder'
20:26:52.943 [main] DEBUG o.s.b.f.s.DefaultListableBeanFactory - Creating instance of bean 'authenticationManagerBuilder'
20:26:52.943 [main] DEBUG o.s.b.f.s.DefaultListableBeanFactory - Returning cached instance of singleton bean 'org.springframework.security.config.annotation.authentication.configuration.AuthenticationConfiguration'
20:26:52.944 [main] DEBUG o.s.b.f.s.DefaultListableBeanFactory - Returning cached instance of singleton bean 'objectPostProcessor'
20:26:52.944 [main] DEBUG o.s.b.f.s.DefaultListableBeanFactory - Autowiring by type from bean name 'authenticationManagerBuilder' via factory method to bean named 'objectPostProcessor'
20:26:52.960 [main] DEBUG o.s.b.f.s.DefaultListableBeanFactory - Eagerly caching bean 'authenticationManagerBuilder' to allow for resolving potential circular references
20:26:52.967 [main] DEBUG o.s.b.f.s.DefaultListableBeanFactory - Returning cached instance of singleton bean 'metaDataSourceAdvisor'
20:26:52.971 [main] DEBUG o.s.b.f.s.DefaultListableBeanFactory - Finished creating instance of bean 'authenticationManagerBuilder'
20:26:52.971 [main] DEBUG o.s.b.f.a.AutowiredAnnotationBeanPostProcessor - Autowiring by type from bean name 'securityConfig' to bean named 'authenticationManagerBuilder'
20:26:53.083 [main] DEBUG o.s.b.f.s.DefaultListableBeanFactory - Creating shared instance of singleton bean 'passwordEncoder'
20:26:53.083 [main] DEBUG o.s.b.f.s.DefaultListableBeanFactory - Creating instance of bean 'passwordEncoder'
20:26:53.084 [main] DEBUG o.s.b.f.s.DefaultListableBeanFactory - Returning cached instance of singleton bean 'metaDataSourceAdvisor'
20:26:53.110 [main] DEBUG o.s.b.f.s.DefaultListableBeanFactory - Returning eagerly cached instance of singleton bean 'securityConfig' that is not fully initialized yet - a consequence of a circular reference
20:26:53.143 [main] DEBUG o.s.b.f.s.DefaultListableBeanFactory - Eagerly caching bean 'passwordEncoder' to allow for resolving potential circular references
20:26:53.146 [main] DEBUG o.s.b.f.s.DefaultListableBeanFactory - Returning cached instance of singleton bean 'metaDataSourceAdvisor'
20:26:53.156 [main] DEBUG o.s.b.f.s.DefaultListableBeanFactory - Finished creating instance of bean 'passwordEncoder'
20:26:53.324 [main] DEBUG o.s.b.f.s.DefaultListableBeanFactory - Creating shared instance of singleton bean 'defaultAuthenticationEventPublisher'
20:26:53.324 [main] DEBUG o.s.b.f.s.DefaultListableBeanFactory - Creating instance of bean 'defaultAuthenticationEventPublisher'
20:26:53.324 [main] DEBUG o.s.b.f.s.DefaultListableBeanFactory - Returning eagerly cached instance of singleton bean 'securityConfig' that is not fully initialized yet - a consequence of a circular reference
20:26:53.331 [main] DEBUG o.s.b.f.s.DefaultListableBeanFactory - Eagerly caching bean 'defaultAuthenticationEventPublisher' to allow for resolving potential circular references
20:26:53.339 [main] DEBUG o.s.b.f.s.DefaultListableBeanFactory - Returning cached instance of singleton bean 'metaDataSourceAdvisor'
20:26:53.339 [main] DEBUG o.s.b.f.s.DefaultListableBeanFactory - Finished creating instance of bean 'defaultAuthenticationEventPublisher'
20:26:53.340 [main] DEBUG o.s.b.f.s.DefaultListableBeanFactory - Finished creating instance of bean 'securityConfig'
20:26:53.340 [main] DEBUG o.s.b.f.s.DefaultListableBeanFactory - Creating shared instance of singleton bean 'defaultController'
20:26:53.340 [main] DEBUG o.s.b.f.s.DefaultListableBeanFactory - Creating instance of bean 'defaultController'
20:26:53.366 [main] DEBUG o.s.b.f.s.DefaultListableBeanFactory - Eagerly caching bean 'defaultController' to allow for resolving potential circular references
20:26:53.368 [main] DEBUG o.s.b.f.s.DefaultListableBeanFactory - Returning cached instance of singleton bean 'metaDataSourceAdvisor'
20:26:53.370 [main] DEBUG o.s.b.f.s.DefaultListableBeanFactory - Finished creating instance of bean 'defaultController'
20:26:53.374 [main] DEBUG o.s.b.f.s.DefaultListableBeanFactory - Creating shared instance of singleton bean 'adminController'
20:26:53.375 [main] DEBUG o.s.b.f.s.DefaultListableBeanFactory - Creating instance of bean 'adminController'
20:26:53.381 [main] DEBUG o.s.b.f.s.DefaultListableBeanFactory - Eagerly caching bean 'adminController' to allow for resolving potential circular references
20:26:53.382 [main] DEBUG o.s.b.f.s.DefaultListableBeanFactory - Returning cached instance of singleton bean 'metaDataSourceAdvisor'
20:26:53.383 [main] DEBUG o.s.s.a.p.PrePostAnnotationSecurityMetadataSource - @org.springframework.security.access.prepost.PreAuthorize(value=hasRole('ROLE_ADMIN')) found on specific method: public java.lang.String edu.ncsu.csc.itrust2.controllers.admin.AdminController.index(org.springframework.ui.Model)
20:26:53.457 [main] DEBUG o.s.s.a.m.DelegatingMethodSecurityMetadataSource - Caching method [CacheKey[edu.ncsu.csc.itrust2.controllers.admin.AdminController; public java.lang.String edu.ncsu.csc.itrust2.controllers.admin.AdminController.index(org.springframework.ui.Model)]] with attributes [[authorize: 'hasRole('ROLE_ADMIN')', filter: 'null', filterTarget: 'null']]
20:26:53.463 [main] DEBUG o.s.a.f.a.InfrastructureAdvisorAutoProxyCreator - Creating implicit proxy for bean 'adminController' with 0 common interceptors and 1 specific interceptors
20:26:53.467 [main] DEBUG o.s.aop.framework.CglibAopProxy - Creating CGLIB proxy: target source is SingletonTargetSource for target object [edu.ncsu.csc.itrust2.controllers.admin.AdminController@41fdb59c]
20:26:53.477 [main] DEBUG o.s.b.f.s.DefaultListableBeanFactory - Creating shared instance of singleton bean 'methodSecurityInterceptor'
20:26:53.477 [main] DEBUG o.s.b.f.s.DefaultListableBeanFactory - Creating instance of bean 'methodSecurityInterceptor'
20:26:53.477 [main] DEBUG o.s.b.f.s.DefaultListableBeanFactory - Returning cached instance of singleton bean 'org.springframework.security.config.annotation.method.configuration.GlobalMethodSecurityConfiguration'
20:26:53.492 [main] DEBUG o.s.b.f.s.DefaultListableBeanFactory - Returning cached instance of singleton bean 'methodSecurityMetadataSource'
20:26:53.493 [main] DEBUG o.s.b.f.s.DefaultListableBeanFactory - Eagerly caching bean 'methodSecurityInterceptor' to allow for resolving potential circular references
20:26:53.503 [main] DEBUG o.s.b.f.s.DefaultListableBeanFactory - Invoking afterPropertiesSet() on bean with name 'methodSecurityInterceptor'
20:26:53.503 [main] DEBUG o.s.s.a.i.a.MethodSecurityInterceptor - Validated configuration attributes
20:26:53.503 [main] DEBUG o.s.b.f.s.DefaultListableBeanFactory - Finished creating instance of bean 'methodSecurityInterceptor'
20:26:53.508 [main] DEBUG o.s.aop.framework.CglibAopProxy - Unable to apply any optimisations to advised method: public java.lang.String edu.ncsu.csc.itrust2.controllers.admin.AdminController.index(org.springframework.ui.Model)
20:26:53.508 [main] DEBUG o.s.aop.framework.CglibAopProxy - Found 'equals' method: public boolean java.lang.Object.equals(java.lang.Object)
20:26:53.508 [main] DEBUG o.s.aop.framework.CglibAopProxy - Unable to apply any optimisations to advised method: public java.lang.String java.lang.Object.toString()
20:26:53.508 [main] DEBUG o.s.aop.framework.CglibAopProxy - Found 'hashCode' method: public native int java.lang.Object.hashCode()
20:26:53.509 [main] DEBUG o.s.aop.framework.CglibAopProxy - Unable to apply any optimisations to advised method: protected native java.lang.Object java.lang.Object.clone() throws java.lang.CloneNotSupportedException
20:26:53.509 [main] DEBUG o.s.aop.framework.CglibAopProxy - Method is declared on Advised interface: public abstract void org.springframework.aop.framework.Advised.setTargetSource(org.springframework.aop.TargetSource)
20:26:53.509 [main] DEBUG o.s.aop.framework.CglibAopProxy - Method is declared on Advised interface: public abstract org.springframework.aop.TargetSource org.springframework.aop.framework.Advised.getTargetSource()
20:26:53.510 [main] DEBUG o.s.aop.framework.CglibAopProxy - Method is declared on Advised interface: public abstract boolean org.springframework.aop.framework.Advised.isProxyTargetClass()
20:26:53.510 [main] DEBUG o.s.aop.framework.CglibAopProxy - Method is declared on Advised interface: public abstract void org.springframework.aop.framework.Advised.addAdvisor(org.springframework.aop.Advisor) throws org.springframework.aop.framework.AopConfigException
20:26:53.510 [main] DEBUG o.s.aop.framework.CglibAopProxy - Method is declared on Advised interface: public abstract void org.springframework.aop.framework.Advised.addAdvisor(int,org.springframework.aop.Advisor) throws org.springframework.aop.framework.AopConfigException
20:26:53.510 [main] DEBUG o.s.aop.framework.CglibAopProxy - Method is declared on Advised interface: public abstract void org.springframework.aop.framework.Advised.setPreFiltered(boolean)
20:26:53.510 [main] DEBUG o.s.aop.framework.CglibAopProxy - Method is declared on Advised interface: public abstract boolean org.springframework.aop.framework.Advised.isExposeProxy()
20:26:53.510 [main] DEBUG o.s.aop.framework.CglibAopProxy - Method is declared on Advised interface: public abstract void org.springframework.aop.framework.Advised.setExposeProxy(boolean)
20:26:53.510 [main] DEBUG o.s.aop.framework.CglibAopProxy - Method is declared on Advised interface: public abstract boolean org.springframework.aop.framework.Advised.isPreFiltered()
20:26:53.510 [main] DEBUG o.s.aop.framework.CglibAopProxy - Method is declared on Advised interface: public abstract java.lang.Class[] org.springframework.aop.framework.Advised.getProxiedInterfaces()
20:26:53.510 [main] DEBUG o.s.aop.framework.CglibAopProxy - Method is declared on Advised interface: public abstract boolean org.springframework.aop.framework.Advised.isInterfaceProxied(java.lang.Class)
20:26:53.510 [main] DEBUG o.s.aop.framework.CglibAopProxy - Method is declared on Advised interface: public abstract org.springframework.aop.Advisor[] org.springframework.aop.framework.Advised.getAdvisors()
20:26:53.510 [main] DEBUG o.s.aop.framework.CglibAopProxy - Method is declared on Advised interface: public abstract void org.springframework.aop.framework.Advised.removeAdvisor(int) throws org.springframework.aop.framework.AopConfigException
20:26:53.510 [main] DEBUG o.s.aop.framework.CglibAopProxy - Method is declared on Advised interface: public abstract boolean org.springframework.aop.framework.Advised.removeAdvisor(org.springframework.aop.Advisor)
20:26:53.510 [main] DEBUG o.s.aop.framework.CglibAopProxy - Method is declared on Advised interface: public abstract boolean org.springframework.aop.framework.Advised.replaceAdvisor(org.springframework.aop.Advisor,org.springframework.aop.Advisor) throws org.springframework.aop.framework.AopConfigException
20:26:53.510 [main] DEBUG o.s.aop.framework.CglibAopProxy - Method is declared on Advised interface: public abstract boolean org.springframework.aop.framework.Advised.removeAdvice(org.aopalliance.aop.Advice)
20:26:53.510 [main] DEBUG o.s.aop.framework.CglibAopProxy - Method is declared on Advised interface: public abstract java.lang.String org.springframework.aop.framework.Advised.toProxyConfigString()
20:26:53.510 [main] DEBUG o.s.aop.framework.CglibAopProxy - Method is declared on Advised interface: public abstract void org.springframework.aop.framework.Advised.addAdvice(int,org.aopalliance.aop.Advice) throws org.springframework.aop.framework.AopConfigException
20:26:53.510 [main] DEBUG o.s.aop.framework.CglibAopProxy - Method is declared on Advised interface: public abstract void org.springframework.aop.framework.Advised.addAdvice(org.aopalliance.aop.Advice) throws org.springframework.aop.framework.AopConfigException
20:26:53.510 [main] DEBUG o.s.aop.framework.CglibAopProxy - Method is declared on Advised interface: public abstract int org.springframework.aop.framework.Advised.indexOf(org.aopalliance.aop.Advice)
20:26:53.510 [main] DEBUG o.s.aop.framework.CglibAopProxy - Method is declared on Advised interface: public abstract int org.springframework.aop.framework.Advised.indexOf(org.springframework.aop.Advisor)
20:26:53.510 [main] DEBUG o.s.aop.framework.CglibAopProxy - Method is declared on Advised interface: public abstract boolean org.springframework.aop.framework.Advised.isFrozen()
20:26:53.510 [main] DEBUG o.s.aop.framework.CglibAopProxy - Method is declared on Advised interface: public abstract java.lang.Class org.springframework.aop.TargetClassAware.getTargetClass()
20:26:53.540 [main] DEBUG o.s.b.f.s.DefaultListableBeanFactory - Finished creating instance of bean 'adminController'
20:26:53.541 [main] DEBUG o.s.b.f.s.DefaultListableBeanFactory - Creating shared instance of singleton bean 'adminUserController'
20:26:53.541 [main] DEBUG o.s.b.f.s.DefaultListableBeanFactory - Creating instance of bean 'adminUserController'
20:26:53.545 [main] DEBUG o.s.b.f.s.DefaultListableBeanFactory - Eagerly caching bean 'adminUserController' to allow for resolving potential circular references
20:26:53.547 [main] DEBUG o.s.b.f.s.DefaultListableBeanFactory - Returning cached instance of singleton bean 'metaDataSourceAdvisor'
20:26:53.548 [main] DEBUG o.s.s.a.p.PrePostAnnotationSecurityMetadataSource - @org.springframework.security.access.prepost.PreAuthorize(value=hasRole('ROLE_ADMIN')) found on specific method: public java.lang.String edu.ncsu.csc.itrust2.controllers.admin.AdminUserController.deleteUser(org.springframework.ui.Model)
20:26:53.549 [main] DEBUG o.s.s.a.m.DelegatingMethodSecurityMetadataSource - Caching method [CacheKey[edu.ncsu.csc.itrust2.controllers.admin.AdminUserController; public java.lang.String edu.ncsu.csc.itrust2.controllers.admin.AdminUserController.deleteUser(org.springframework.ui.Model)]] with attributes [[authorize: 'hasRole('ROLE_ADMIN')', filter: 'null', filterTarget: 'null']]
20:26:53.549 [main] DEBUG o.s.a.f.a.InfrastructureAdvisorAutoProxyCreator - Creating implicit proxy for bean 'adminUserController' with 0 common interceptors and 1 specific interceptors
20:26:53.549 [main] DEBUG o.s.aop.framework.CglibAopProxy - Creating CGLIB proxy: target source is SingletonTargetSource for target object [edu.ncsu.csc.itrust2.controllers.admin.AdminUserController@38769b6c]
20:26:53.549 [main] DEBUG o.s.aop.framework.CglibAopProxy - Unable to apply any optimisations to advised method: public java.lang.String edu.ncsu.csc.itrust2.controllers.admin.AdminUserController.deleteUser(org.springframework.ui.Model)
20:26:53.550 [main] DEBUG o.s.s.a.p.PrePostAnnotationSecurityMetadataSource - @org.springframework.security.access.prepost.PreAuthorize(value=hasRole('ROLE_ADMIN')) found on specific method: public java.lang.String edu.ncsu.csc.itrust2.controllers.admin.AdminUserController.deleteUserSubmit(edu.ncsu.csc.itrust2.forms.admin.DeleteUserForm,org.springframework.validation.BindingResult,org.springframework.ui.Model)
20:26:53.550 [main] DEBUG o.s.s.a.m.DelegatingMethodSecurityMetadataSource - Caching method [CacheKey[edu.ncsu.csc.itrust2.controllers.admin.AdminUserController; public java.lang.String edu.ncsu.csc.itrust2.controllers.admin.AdminUserController.deleteUserSubmit(edu.ncsu.csc.itrust2.forms.admin.DeleteUserForm,org.springframework.validation.BindingResult,org.springframework.ui.Model)]] with attributes [[authorize: 'hasRole('ROLE_ADMIN')', filter: 'null', filterTarget: 'null']]
20:26:53.550 [main] DEBUG o.s.aop.framework.CglibAopProxy - Unable to apply any optimisations to advised method: public java.lang.String edu.ncsu.csc.itrust2.controllers.admin.AdminUserController.deleteUserSubmit(edu.ncsu.csc.itrust2.forms.admin.DeleteUserForm,org.springframework.validation.BindingResult,org.springframework.ui.Model)
20:26:53.550 [main] DEBUG o.s.s.a.p.PrePostAnnotationSecurityMetadataSource - @org.springframework.security.access.prepost.PreAuthorize(value=hasRole('ROLE_ADMIN')) found on specific method: public java.lang.String edu.ncsu.csc.itrust2.controllers.admin.AdminUserController.drugs(org.springframework.ui.Model)
20:26:53.551 [main] DEBUG o.s.s.a.m.DelegatingMethodSecurityMetadataSource - Caching method [CacheKey[edu.ncsu.csc.itrust2.controllers.admin.AdminUserController; public java.lang.String edu.ncsu.csc.itrust2.controllers.admin.AdminUserController.drugs(org.springframework.ui.Model)]] with attributes [[authorize: 'hasRole('ROLE_ADMIN')', filter: 'null', filterTarget: 'null']]
20:26:53.551 [main] DEBUG o.s.aop.framework.CglibAopProxy - Unable to apply any optimisations to advised method: public java.lang.String edu.ncsu.csc.itrust2.controllers.admin.AdminUserController.drugs(org.springframework.ui.Model)
20:26:53.551 [main] DEBUG o.s.s.a.p.PrePostAnnotationSecurityMetadataSource - @org.springframework.security.access.prepost.PreAuthorize(value=hasRole('ROLE_ADMIN')) found on specific method: public java.lang.String edu.ncsu.csc.itrust2.controllers.admin.AdminUserController.addUserSubmit(edu.ncsu.csc.itrust2.forms.admin.UserForm,org.springframework.validation.BindingResult,org.springframework.ui.Model)
20:26:53.551 [main] DEBUG o.s.s.a.m.DelegatingMethodSecurityMetadataSource - Caching method [CacheKey[edu.ncsu.csc.itrust2.controllers.admin.AdminUserController; public java.lang.String edu.ncsu.csc.itrust2.controllers.admin.AdminUserController.addUserSubmit(edu.ncsu.csc.itrust2.forms.admin.UserForm,org.springframework.validation.BindingResult,org.springframework.ui.Model)]] with attributes [[authorize: 'hasRole('ROLE_ADMIN')', filter: 'null', filterTarget: 'null']]
20:26:53.551 [main] DEBUG o.s.aop.framework.CglibAopProxy - Unable to apply any optimisations to advised method: public java.lang.String edu.ncsu.csc.itrust2.controllers.admin.AdminUserController.addUserSubmit(edu.ncsu.csc.itrust2.forms.admin.UserForm,org.springframework.validation.BindingResult,org.springframework.ui.Model)
20:26:53.551 [main] DEBUG o.s.s.a.p.PrePostAnnotationSecurityMetadataSource - @org.springframework.security.access.prepost.PreAuthorize(value=hasRole('ROLE_ADMIN')) found on specific method: public java.lang.String edu.ncsu.csc.itrust2.controllers.admin.AdminUserController.addUser(org.springframework.ui.Model)
20:26:53.551 [main] DEBUG o.s.s.a.m.DelegatingMethodSecurityMetadataSource - Caching method [CacheKey[edu.ncsu.csc.itrust2.controllers.admin.AdminUserController; public java.lang.String edu.ncsu.csc.itrust2.controllers.admin.AdminUserController.addUser(org.springframework.ui.Model)]] with attributes [[authorize: 'hasRole('ROLE_ADMIN')', filter: 'null', filterTarget: 'null']]
20:26:53.552 [main] DEBUG o.s.aop.framework.CglibAopProxy - Unable to apply any optimisations to advised method: public java.lang.String edu.ncsu.csc.itrust2.controllers.admin.AdminUserController.addUser(org.springframework.ui.Model)
20:26:53.552 [main] DEBUG o.s.aop.framework.CglibAopProxy - Found 'equals' method: public boolean java.lang.Object.equals(java.lang.Object)
20:26:53.552 [main] DEBUG o.s.aop.framework.CglibAopProxy - Unable to apply any optimisations to advised method: public java.lang.String java.lang.Object.toString()
20:26:53.552 [main] DEBUG o.s.aop.framework.CglibAopProxy - Found 'hashCode' method: public native int java.lang.Object.hashCode()
20:26:53.552 [main] DEBUG o.s.aop.framework.CglibAopProxy - Unable to apply any optimisations to advised method: protected native java.lang.Object java.lang.Object.clone() throws java.lang.CloneNotSupportedException
20:26:53.552 [main] DEBUG o.s.aop.framework.CglibAopProxy - Method is declared on Advised interface: public abstract void org.springframework.aop.framework.Advised.setTargetSource(org.springframework.aop.TargetSource)
20:26:53.552 [main] DEBUG o.s.aop.framework.CglibAopProxy - Method is declared on Advised interface: public abstract org.springframework.aop.TargetSource org.springframework.aop.framework.Advised.getTargetSource()
20:26:53.552 [main] DEBUG o.s.aop.framework.CglibAopProxy - Method is declared on Advised interface: public abstract boolean org.springframework.aop.framework.Advised.isProxyTargetClass()
20:26:53.552 [main] DEBUG o.s.aop.framework.CglibAopProxy - Method is declared on Advised interface: public abstract void org.springframework.aop.framework.Advised.addAdvisor(org.springframework.aop.Advisor) throws org.springframework.aop.framework.AopConfigException
20:26:53.552 [main] DEBUG o.s.aop.framework.CglibAopProxy - Method is declared on Advised interface: public abstract void org.springframework.aop.framework.Advised.addAdvisor(int,org.springframework.aop.Advisor) throws org.springframework.aop.framework.AopConfigException
20:26:53.552 [main] DEBUG o.s.aop.framework.CglibAopProxy - Method is declared on Advised interface: public abstract void org.springframework.aop.framework.Advised.setPreFiltered(boolean)
20:26:53.552 [main] DEBUG o.s.aop.framework.CglibAopProxy - Method is declared on Advised interface: public abstract boolean org.springframework.aop.framework.Advised.isExposeProxy()
20:26:53.558 [main] DEBUG o.s.aop.framework.CglibAopProxy - Method is declared on Advised interface: public abstract void org.springframework.aop.framework.Advised.setExposeProxy(boolean)
20:26:53.558 [main] DEBUG o.s.aop.framework.CglibAopProxy - Method is declared on Advised interface: public abstract boolean org.springframework.aop.framework.Advised.isPreFiltered()
20:26:53.559 [main] DEBUG o.s.aop.framework.CglibAopProxy - Method is declared on Advised interface: public abstract java.lang.Class[] org.springframework.aop.framework.Advised.getProxiedInterfaces()
20:26:53.559 [main] DEBUG o.s.aop.framework.CglibAopProxy - Method is declared on Advised interface: public abstract boolean org.springframework.aop.framework.Advised.isInterfaceProxied(java.lang.Class)
20:26:53.559 [main] DEBUG o.s.aop.framework.CglibAopProxy - Method is declared on Advised interface: public abstract org.springframework.aop.Advisor[] org.springframework.aop.framework.Advised.getAdvisors()
20:26:53.559 [main] DEBUG o.s.aop.framework.CglibAopProxy - Method is declared on Advised interface: public abstract void org.springframework.aop.framework.Advised.removeAdvisor(int) throws org.springframework.aop.framework.AopConfigException
20:26:53.559 [main] DEBUG o.s.aop.framework.CglibAopProxy - Method is declared on Advised interface: public abstract boolean org.springframework.aop.framework.Advised.removeAdvisor(org.springframework.aop.Advisor)
20:26:53.559 [main] DEBUG o.s.aop.framework.CglibAopProxy - Method is declared on Advised interface: public abstract boolean org.springframework.aop.framework.Advised.replaceAdvisor(org.springframework.aop.Advisor,org.springframework.aop.Advisor) throws org.springframework.aop.framework.AopConfigException
20:26:53.559 [main] DEBUG o.s.aop.framework.CglibAopProxy - Method is declared on Advised interface: public abstract boolean org.springframework.aop.framework.Advised.removeAdvice(org.aopalliance.aop.Advice)
20:26:53.559 [main] DEBUG o.s.aop.framework.CglibAopProxy - Method is declared on Advised interface: public abstract java.lang.String org.springframework.aop.framework.Advised.toProxyConfigString()
20:26:53.559 [main] DEBUG o.s.aop.framework.CglibAopProxy - Method is declared on Advised interface: public abstract void org.springframework.aop.framework.Advised.addAdvice(int,org.aopalliance.aop.Advice) throws org.springframework.aop.framework.AopConfigException
20:26:53.559 [main] DEBUG o.s.aop.framework.CglibAopProxy - Method is declared on Advised interface: public abstract void org.springframework.aop.framework.Advised.addAdvice(org.aopalliance.aop.Advice) throws org.springframework.aop.framework.AopConfigException
20:26:53.559 [main] DEBUG o.s.aop.framework.CglibAopProxy - Method is declared on Advised interface: public abstract int org.springframework.aop.framework.Advised.indexOf(org.aopalliance.aop.Advice)
20:26:53.559 [main] DEBUG o.s.aop.framework.CglibAopProxy - Method is declared on Advised interface: public abstract int org.springframework.aop.framework.Advised.indexOf(org.springframework.aop.Advisor)
20:26:53.559 [main] DEBUG o.s.aop.framework.CglibAopProxy - Method is declared on Advised interface: public abstract boolean org.springframework.aop.framework.Advised.isFrozen()
20:26:53.559 [main] DEBUG o.s.aop.framework.CglibAopProxy - Method is declared on Advised interface: public abstract java.lang.Class org.springframework.aop.TargetClassAware.getTargetClass()
20:26:53.581 [main] DEBUG o.s.b.f.s.DefaultListableBeanFactory - Finished creating instance of bean 'adminUserController'
20:26:53.581 [main] DEBUG o.s.b.f.s.DefaultListableBeanFactory - Creating shared instance of singleton bean 'hospitalController'
20:26:53.581 [main] DEBUG o.s.b.f.s.DefaultListableBeanFactory - Creating instance of bean 'hospitalController'
20:26:53.584 [main] DEBUG o.s.b.f.s.DefaultListableBeanFactory - Eagerly caching bean 'hospitalController' to allow for resolving potential circular references
20:26:53.586 [main] DEBUG o.s.b.f.s.DefaultListableBeanFactory - Returning cached instance of singleton bean 'metaDataSourceAdvisor'
20:26:53.587 [main] DEBUG o.s.s.a.p.PrePostAnnotationSecurityMetadataSource - @org.springframework.security.access.prepost.PreAuthorize(value=hasRole('ROLE_ADMIN')) found on specific method: public java.lang.String edu.ncsu.csc.itrust2.controllers.admin.HospitalController.addHospital(org.springframework.ui.Model)
20:26:53.588 [main] DEBUG o.s.s.a.m.DelegatingMethodSecurityMetadataSource - Caching method [CacheKey[edu.ncsu.csc.itrust2.controllers.admin.HospitalController; public java.lang.String edu.ncsu.csc.itrust2.controllers.admin.HospitalController.addHospital(org.springframework.ui.Model)]] with attributes [[authorize: 'hasRole('ROLE_ADMIN')', filter: 'null', filterTarget: 'null']]
20:26:53.588 [main] DEBUG o.s.a.f.a.InfrastructureAdvisorAutoProxyCreator - Creating implicit proxy for bean 'hospitalController' with 0 common interceptors and 1 specific interceptors
20:26:53.589 [main] DEBUG o.s.aop.framework.CglibAopProxy - Creating CGLIB proxy: target source is SingletonTargetSource for target object [edu.ncsu.csc.itrust2.controllers.admin.HospitalController@5b285847]
20:26:53.590 [main] DEBUG o.s.aop.framework.CglibAopProxy - Unable to apply any optimisations to advised method: public java.lang.String edu.ncsu.csc.itrust2.controllers.admin.HospitalController.addHospital(org.springframework.ui.Model)
20:26:53.591 [main] DEBUG o.s.s.a.p.PrePostAnnotationSecurityMetadataSource - @org.springframework.security.access.prepost.PreAuthorize(value=hasRole('ROLE_ADMIN')) found on specific method: public java.lang.String edu.ncsu.csc.itrust2.controllers.admin.HospitalController.addHospitalSubmit(edu.ncsu.csc.itrust2.forms.admin.HospitalForm,org.springframework.validation.BindingResult,org.springframework.ui.Model)
20:26:53.591 [main] DEBUG o.s.s.a.m.DelegatingMethodSecurityMetadataSource - Caching method [CacheKey[edu.ncsu.csc.itrust2.controllers.admin.HospitalController; public java.lang.String edu.ncsu.csc.itrust2.controllers.admin.HospitalController.addHospitalSubmit(edu.ncsu.csc.itrust2.forms.admin.HospitalForm,org.springframework.validation.BindingResult,org.springframework.ui.Model)]] with attributes [[authorize: 'hasRole('ROLE_ADMIN')', filter: 'null', filterTarget: 'null']]
20:26:53.591 [main] DEBUG o.s.aop.framework.CglibAopProxy - Unable to apply any optimisations to advised method: public java.lang.String edu.ncsu.csc.itrust2.controllers.admin.HospitalController.addHospitalSubmit(edu.ncsu.csc.itrust2.forms.admin.HospitalForm,org.springframework.validation.BindingResult,org.springframework.ui.Model)
20:26:53.591 [main] DEBUG o.s.s.a.p.PrePostAnnotationSecurityMetadataSource - @org.springframework.security.access.prepost.PreAuthorize(value=hasRole('ROLE_ADMIN')) found on specific method: public java.lang.String edu.ncsu.csc.itrust2.controllers.admin.HospitalController.deleteHospital(org.springframework.ui.Model)
20:26:53.592 [main] DEBUG o.s.s.a.m.DelegatingMethodSecurityMetadataSource - Caching method [CacheKey[edu.ncsu.csc.itrust2.controllers.admin.HospitalController; public java.lang.String edu.ncsu.csc.itrust2.controllers.admin.HospitalController.deleteHospital(org.springframework.ui.Model)]] with attributes [[authorize: 'hasRole('ROLE_ADMIN')', filter: 'null', filterTarget: 'null']]
20:26:53.592 [main] DEBUG o.s.aop.framework.CglibAopProxy - Unable to apply any optimisations to advised method: public java.lang.String edu.ncsu.csc.itrust2.controllers.admin.HospitalController.deleteHospital(org.springframework.ui.Model)
20:26:53.592 [main] DEBUG o.s.s.a.p.PrePostAnnotationSecurityMetadataSource - @org.springframework.security.access.prepost.PreAuthorize(value=hasRole('ROLE_ADMIN')) found on specific method: public java.lang.String edu.ncsu.csc.itrust2.controllers.admin.HospitalController.deleteHospitalSubmit(edu.ncsu.csc.itrust2.forms.admin.DeleteHospitalForm,org.springframework.validation.BindingResult,org.springframework.ui.Model)
20:26:53.592 [main] DEBUG o.s.s.a.m.DelegatingMethodSecurityMetadataSource - Caching method [CacheKey[edu.ncsu.csc.itrust2.controllers.admin.HospitalController; public java.lang.String edu.ncsu.csc.itrust2.controllers.admin.HospitalController.deleteHospitalSubmit(edu.ncsu.csc.itrust2.forms.admin.DeleteHospitalForm,org.springframework.validation.BindingResult,org.springframework.ui.Model)]] with attributes [[authorize: 'hasRole('ROLE_ADMIN')', filter: 'null', filterTarget: 'null']]
20:26:53.592 [main] DEBUG o.s.aop.framework.CglibAopProxy - Unable to apply any optimisations to advised method: public java.lang.String edu.ncsu.csc.itrust2.controllers.admin.HospitalController.deleteHospitalSubmit(edu.ncsu.csc.itrust2.forms.admin.DeleteHospitalForm,org.springframework.validation.BindingResult,org.springframework.ui.Model)
20:26:53.592 [main] DEBUG o.s.aop.framework.CglibAopProxy - Found 'equals' method: public boolean java.lang.Object.equals(java.lang.Object)
20:26:53.592 [main] DEBUG o.s.aop.framework.CglibAopProxy - Unable to apply any optimisations to advised method: public java.lang.String java.lang.Object.toString()
20:26:53.592 [main] DEBUG o.s.aop.framework.CglibAopProxy - Found 'hashCode' method: public native int java.lang.Object.hashCode()
20:26:53.592 [main] DEBUG o.s.aop.framework.CglibAopProxy - Unable to apply any optimisations to advised method: protected native java.lang.Object java.lang.Object.clone() throws java.lang.CloneNotSupportedException
20:26:53.592 [main] DEBUG o.s.aop.framework.CglibAopProxy - Method is declared on Advised interface: public abstract void org.springframework.aop.framework.Advised.setTargetSource(org.springframework.aop.TargetSource)
20:26:53.592 [main] DEBUG o.s.aop.framework.CglibAopProxy - Method is declared on Advised interface: public abstract org.springframework.aop.TargetSource org.springframework.aop.framework.Advised.getTargetSource()
20:26:53.592 [main] DEBUG o.s.aop.framework.CglibAopProxy - Method is declared on Advised interface: public abstract boolean org.springframework.aop.framework.Advised.isProxyTargetClass()
20:26:53.592 [main] DEBUG o.s.aop.framework.CglibAopProxy - Method is declared on Advised interface: public abstract void org.springframework.aop.framework.Advised.addAdvisor(org.springframework.aop.Advisor) throws org.springframework.aop.framework.AopConfigException
20:26:53.593 [main] DEBUG o.s.aop.framework.CglibAopProxy - Method is declared on Advised interface: public abstract void org.springframework.aop.framework.Advised.addAdvisor(int,org.springframework.aop.Advisor) throws org.springframework.aop.framework.AopConfigException
20:26:53.593 [main] DEBUG o.s.aop.framework.CglibAopProxy - Method is declared on Advised interface: public abstract void org.springframework.aop.framework.Advised.setPreFiltered(boolean)
20:26:53.593 [main] DEBUG o.s.aop.framework.CglibAopProxy - Method is declared on Advised interface: public abstract boolean org.springframework.aop.framework.Advised.isExposeProxy()
20:26:53.593 [main] DEBUG o.s.aop.framework.CglibAopProxy - Method is declared on Advised interface: public abstract void org.springframework.aop.framework.Advised.setExposeProxy(boolean)
20:26:53.593 [main] DEBUG o.s.aop.framework.CglibAopProxy - Method is declared on Advised interface: public abstract boolean org.springframework.aop.framework.Advised.isPreFiltered()
20:26:53.593 [main] DEBUG o.s.aop.framework.CglibAopProxy - Method is declared on Advised interface: public abstract java.lang.Class[] org.springframework.aop.framework.Advised.getProxiedInterfaces()
20:26:53.593 [main] DEBUG o.s.aop.framework.CglibAopProxy - Method is declared on Advised interface: public abstract boolean org.springframework.aop.framework.Advised.isInterfaceProxied(java.lang.Class)
20:26:53.593 [main] DEBUG o.s.aop.framework.CglibAopProxy - Method is declared on Advised interface: public abstract org.springframework.aop.Advisor[] org.springframework.aop.framework.Advised.getAdvisors()
20:26:53.594 [main] DEBUG o.s.aop.framework.CglibAopProxy - Method is declared on Advised interface: public abstract void org.springframework.aop.framework.Advised.removeAdvisor(int) throws org.springframework.aop.framework.AopConfigException
20:26:53.599 [main] DEBUG o.s.aop.framework.CglibAopProxy - Method is declared on Advised interface: public abstract boolean org.springframework.aop.framework.Advised.removeAdvisor(org.springframework.aop.Advisor)
20:26:53.599 [main] DEBUG o.s.aop.framework.CglibAopProxy - Method is declared on Advised interface: public abstract boolean org.springframework.aop.framework.Advised.replaceAdvisor(org.springframework.aop.Advisor,org.springframework.aop.Advisor) throws org.springframework.aop.framework.AopConfigException
20:26:53.599 [main] DEBUG o.s.aop.framework.CglibAopProxy - Method is declared on Advised interface: public abstract boolean org.springframework.aop.framework.Advised.removeAdvice(org.aopalliance.aop.Advice)
20:26:53.599 [main] DEBUG o.s.aop.framework.CglibAopProxy - Method is declared on Advised interface: public abstract java.lang.String org.springframework.aop.framework.Advised.toProxyConfigString()
20:26:53.599 [main] DEBUG o.s.aop.framework.CglibAopProxy - Method is declared on Advised interface: public abstract void org.springframework.aop.framework.Advised.addAdvice(int,org.aopalliance.aop.Advice) throws org.springframework.aop.framework.AopConfigException
20:26:53.599 [main] DEBUG o.s.aop.framework.CglibAopProxy - Method is declared on Advised interface: public abstract void org.springframework.aop.framework.Advised.addAdvice(org.aopalliance.aop.Advice) throws org.springframework.aop.framework.AopConfigException
20:26:53.599 [main] DEBUG o.s.aop.framework.CglibAopProxy - Method is declared on Advised interface: public abstract int org.springframework.aop.framework.Advised.indexOf(org.aopalliance.aop.Advice)
20:26:53.599 [main] DEBUG o.s.aop.framework.CglibAopProxy - Method is declared on Advised interface: public abstract int org.springframework.aop.framework.Advised.indexOf(org.springframework.aop.Advisor)
20:26:53.599 [main] DEBUG o.s.aop.framework.CglibAopProxy - Method is declared on Advised interface: public abstract boolean org.springframework.aop.framework.Advised.isFrozen()
20:26:53.599 [main] DEBUG o.s.aop.framework.CglibAopProxy - Method is declared on Advised interface: public abstract java.lang.Class org.springframework.aop.TargetClassAware.getTargetClass()
20:26:53.622 [main] DEBUG o.s.b.f.s.DefaultListableBeanFactory - Finished creating instance of bean 'hospitalController'
20:26:53.622 [main] DEBUG o.s.b.f.s.DefaultListableBeanFactory - Creating shared instance of singleton bean 'ICDCodesController'
20:26:53.622 [main] DEBUG o.s.b.f.s.DefaultListableBeanFactory - Creating instance of bean 'ICDCodesController'
20:26:53.623 [main] DEBUG o.s.b.f.s.DefaultListableBeanFactory - Eagerly caching bean 'ICDCodesController' to allow for resolving potential circular references
20:26:53.624 [main] DEBUG o.s.b.f.s.DefaultListableBeanFactory - Returning cached instance of singleton bean 'metaDataSourceAdvisor'
20:26:53.625 [main] DEBUG o.s.s.a.p.PrePostAnnotationSecurityMetadataSource - @org.springframework.security.access.prepost.PreAuthorize(value=hasRole('ROLE_ADMIN')) found on specific method: public java.lang.String edu.ncsu.csc.itrust2.controllers.admin.ICDCodesController.addCode(org.springframework.ui.Model)
20:26:53.625 [main] DEBUG o.s.s.a.m.DelegatingMethodSecurityMetadataSource - Caching method [CacheKey[edu.ncsu.csc.itrust2.controllers.admin.ICDCodesController; public java.lang.String edu.ncsu.csc.itrust2.controllers.admin.ICDCodesController.addCode(org.springframework.ui.Model)]] with attributes [[authorize: 'hasRole('ROLE_ADMIN')', filter: 'null', filterTarget: 'null']]
20:26:53.625 [main] DEBUG o.s.a.f.a.InfrastructureAdvisorAutoProxyCreator - Creating implicit proxy for bean 'ICDCodesController' with 0 common interceptors and 1 specific interceptors
20:26:53.625 [main] DEBUG o.s.aop.framework.CglibAopProxy - Creating CGLIB proxy: target source is SingletonTargetSource for target object [edu.ncsu.csc.itrust2.controllers.admin.ICDCodesController@264f18fe]
20:26:53.628 [main] DEBUG o.s.aop.framework.CglibAopProxy - Unable to apply any optimisations to advised method: public java.lang.String edu.ncsu.csc.itrust2.controllers.admin.ICDCodesController.addCode(org.springframework.ui.Model)
20:26:53.628 [main] DEBUG o.s.aop.framework.CglibAopProxy - Found 'equals' method: public boolean java.lang.Object.equals(java.lang.Object)
20:26:53.628 [main] DEBUG o.s.aop.framework.CglibAopProxy - Unable to apply any optimisations to advised method: public java.lang.String java.lang.Object.toString()
20:26:53.628 [main] DEBUG o.s.aop.framework.CglibAopProxy - Found 'hashCode' method: public native int java.lang.Object.hashCode()
20:26:53.628 [main] DEBUG o.s.aop.framework.CglibAopProxy - Unable to apply any optimisations to advised method: protected native java.lang.Object java.lang.Object.clone() throws java.lang.CloneNotSupportedException
20:26:53.628 [main] DEBUG o.s.aop.framework.CglibAopProxy - Method is declared on Advised interface: public abstract void org.springframework.aop.framework.Advised.setTargetSource(org.springframework.aop.TargetSource)
20:26:53.628 [main] DEBUG o.s.aop.framework.CglibAopProxy - Method is declared on Advised interface: public abstract org.springframework.aop.TargetSource org.springframework.aop.framework.Advised.getTargetSource()
20:26:53.628 [main] DEBUG o.s.aop.framework.CglibAopProxy - Method is declared on Advised interface: public abstract boolean org.springframework.aop.framework.Advised.isProxyTargetClass()
20:26:53.628 [main] DEBUG o.s.aop.framework.CglibAopProxy - Method is declared on Advised interface: public abstract void org.springframework.aop.framework.Advised.addAdvisor(org.springframework.aop.Advisor) throws org.springframework.aop.framework.AopConfigException
20:26:53.629 [main] DEBUG o.s.aop.framework.CglibAopProxy - Method is declared on Advised interface: public abstract void org.springframework.aop.framework.Advised.addAdvisor(int,org.springframework.aop.Advisor) throws org.springframework.aop.framework.AopConfigException
20:26:53.629 [main] DEBUG o.s.aop.framework.CglibAopProxy - Method is declared on Advised interface: public abstract void org.springframework.aop.framework.Advised.setPreFiltered(boolean)
20:26:53.629 [main] DEBUG o.s.aop.framework.CglibAopProxy - Method is declared on Advised interface: public abstract boolean org.springframework.aop.framework.Advised.isExposeProxy()
20:26:53.629 [main] DEBUG o.s.aop.framework.CglibAopProxy - Method is declared on Advised interface: public abstract void org.springframework.aop.framework.Advised.setExposeProxy(boolean)
20:26:53.629 [main] DEBUG o.s.aop.framework.CglibAopProxy - Method is declared on Advised interface: public abstract boolean org.springframework.aop.framework.Advised.isPreFiltered()
20:26:53.629 [main] DEBUG o.s.aop.framework.CglibAopProxy - Method is declared on Advised interface: public abstract java.lang.Class[] org.springframework.aop.framework.Advised.getProxiedInterfaces()
20:26:53.629 [main] DEBUG o.s.aop.framework.CglibAopProxy - Method is declared on Advised interface: public abstract boolean org.springframework.aop.framework.Advised.isInterfaceProxied(java.lang.Class)
20:26:53.629 [main] DEBUG o.s.aop.framework.CglibAopProxy - Method is declared on Advised interface: public abstract org.springframework.aop.Advisor[] org.springframework.aop.framework.Advised.getAdvisors()
20:26:53.629 [main] DEBUG o.s.aop.framework.CglibAopProxy - Method is declared on Advised interface: public abstract void org.springframework.aop.framework.Advised.removeAdvisor(int) throws org.springframework.aop.framework.AopConfigException
20:26:53.629 [main] DEBUG o.s.aop.framework.CglibAopProxy - Method is declared on Advised interface: public abstract boolean org.springframework.aop.framework.Advised.removeAdvisor(org.springframework.aop.Advisor)
20:26:53.629 [main] DEBUG o.s.aop.framework.CglibAopProxy - Method is declared on Advised interface: public abstract boolean org.springframework.aop.framework.Advised.replaceAdvisor(org.springframework.aop.Advisor,org.springframework.aop.Advisor) throws org.springframework.aop.framework.AopConfigException
20:26:53.629 [main] DEBUG o.s.aop.framework.CglibAopProxy - Method is declared on Advised interface: public abstract boolean org.springframework.aop.framework.Advised.removeAdvice(org.aopalliance.aop.Advice)
20:26:53.629 [main] DEBUG o.s.aop.framework.CglibAopProxy - Method is declared on Advised interface: public abstract java.lang.String org.springframework.aop.framework.Advised.toProxyConfigString()
20:26:53.629 [main] DEBUG o.s.aop.framework.CglibAopProxy - Method is declared on Advised interface: public abstract void org.springframework.aop.framework.Advised.addAdvice(int,org.aopalliance.aop.Advice) throws org.springframework.aop.framework.AopConfigException
20:26:53.629 [main] DEBUG o.s.aop.framework.CglibAopProxy - Method is declared on Advised interface: public abstract void org.springframework.aop.framework.Advised.addAdvice(org.aopalliance.aop.Advice) throws org.springframework.aop.framework.AopConfigException
20:26:53.630 [main] DEBUG o.s.aop.framework.CglibAopProxy - Method is declared on Advised interface: public abstract int org.springframework.aop.framework.Advised.indexOf(org.aopalliance.aop.Advice)
20:26:53.630 [main] DEBUG o.s.aop.framework.CglibAopProxy - Method is declared on Advised interface: public abstract int org.springframework.aop.framework.Advised.indexOf(org.springframework.aop.Advisor)
20:26:53.630 [main] DEBUG o.s.aop.framework.CglibAopProxy - Method is declared on Advised interface: public abstract boolean org.springframework.aop.framework.Advised.isFrozen()
20:26:53.630 [main] DEBUG o.s.aop.framework.CglibAopProxy - Method is declared on Advised interface: public abstract java.lang.Class org.springframework.aop.TargetClassAware.getTargetClass()
20:26:53.641 [main] DEBUG o.s.b.f.s.DefaultListableBeanFactory - Finished creating instance of bean 'ICDCodesController'
20:26:53.642 [main] DEBUG o.s.b.f.s.DefaultListableBeanFactory - Creating shared instance of singleton bean 'APIAppointmentRequestController'
20:26:53.642 [main] DEBUG o.s.b.f.s.DefaultListableBeanFactory - Creating instance of bean 'APIAppointmentRequestController'
20:26:53.875 [main] DEBUG o.s.b.f.s.DefaultListableBeanFactory - Eagerly caching bean 'APIAppointmentRequestController' to allow for resolving potential circular references
20:26:53.880 [main] DEBUG o.s.b.f.s.DefaultListableBeanFactory - Returning cached instance of singleton bean 'metaDataSourceAdvisor'
20:26:53.882 [main] DEBUG o.s.b.f.s.DefaultListableBeanFactory - Finished creating instance of bean 'APIAppointmentRequestController'
20:26:53.883 [main] DEBUG o.s.b.f.s.DefaultListableBeanFactory - Creating shared instance of singleton bean 'APIDiagnosisController'
20:26:53.883 [main] DEBUG o.s.b.f.s.DefaultListableBeanFactory - Creating instance of bean 'APIDiagnosisController'
20:26:53.884 [main] DEBUG o.s.b.f.s.DefaultListableBeanFactory - Eagerly caching bean 'APIDiagnosisController' to allow for resolving potential circular references
20:26:53.887 [main] DEBUG o.s.b.f.s.DefaultListableBeanFactory - Returning cached instance of singleton bean 'metaDataSourceAdvisor'
20:26:53.888 [main] DEBUG o.s.b.f.s.DefaultListableBeanFactory - Finished creating instance of bean 'APIDiagnosisController'
20:26:53.888 [main] DEBUG o.s.b.f.s.DefaultListableBeanFactory - Creating shared instance of singleton bean 'APIDrugController'
20:26:53.888 [main] DEBUG o.s.b.f.s.DefaultListableBeanFactory - Creating instance of bean 'APIDrugController'
20:26:53.890 [main] DEBUG o.s.b.f.s.DefaultListableBeanFactory - Eagerly caching bean 'APIDrugController' to allow for resolving potential circular references
20:26:53.893 [main] DEBUG o.s.b.f.s.DefaultListableBeanFactory - Returning cached instance of singleton bean 'metaDataSourceAdvisor'
20:26:53.893 [main] DEBUG o.s.s.a.p.PrePostAnnotationSecurityMetadataSource - @org.springframework.security.access.prepost.PreAuthorize(value=hasRole('ROLE_ADMIN')) found on specific method: public org.springframework.http.ResponseEntity edu.ncsu.csc.itrust2.controllers.api.APIDrugController.addDrug(edu.ncsu.csc.itrust2.forms.admin.DrugForm)
20:26:53.894 [main] DEBUG o.s.s.a.m.DelegatingMethodSecurityMetadataSource - Caching method [CacheKey[edu.ncsu.csc.itrust2.controllers.api.APIDrugController; public org.springframework.http.ResponseEntity edu.ncsu.csc.itrust2.controllers.api.APIDrugController.addDrug(edu.ncsu.csc.itrust2.forms.admin.DrugForm)]] with attributes [[authorize: 'hasRole('ROLE_ADMIN')', filter: 'null', filterTarget: 'null']]
20:26:53.894 [main] DEBUG o.s.a.f.a.InfrastructureAdvisorAutoProxyCreator - Creating implicit proxy for bean 'APIDrugController' with 0 common interceptors and 1 specific interceptors
20:26:53.894 [main] DEBUG o.s.aop.framework.CglibAopProxy - Creating CGLIB proxy: target source is SingletonTargetSource for target object [edu.ncsu.csc.itrust2.controllers.api.APIDrugController@6bbb3ec8]
20:26:53.896 [main] DEBUG o.s.aop.framework.CglibAopProxy - Unable to apply any optimisations to advised method: public org.springframework.http.ResponseEntity edu.ncsu.csc.itrust2.controllers.api.APIDrugController.addDrug(edu.ncsu.csc.itrust2.forms.admin.DrugForm)
20:26:53.896 [main] DEBUG o.s.s.a.p.PrePostAnnotationSecurityMetadataSource - @org.springframework.security.access.prepost.PreAuthorize(value=hasRole('ROLE_ADMIN')) found on specific method: public org.springframework.http.ResponseEntity edu.ncsu.csc.itrust2.controllers.api.APIDrugController.editDrug(edu.ncsu.csc.itrust2.forms.admin.DrugForm)
20:26:53.897 [main] DEBUG o.s.s.a.m.DelegatingMethodSecurityMetadataSource - Caching method [CacheKey[edu.ncsu.csc.itrust2.controllers.api.APIDrugController; public org.springframework.http.ResponseEntity edu.ncsu.csc.itrust2.controllers.api.APIDrugController.editDrug(edu.ncsu.csc.itrust2.forms.admin.DrugForm)]] with attributes [[authorize: 'hasRole('ROLE_ADMIN')', filter: 'null', filterTarget: 'null']]
20:26:53.897 [main] DEBUG o.s.aop.framework.CglibAopProxy - Unable to apply any optimisations to advised method: public org.springframework.http.ResponseEntity edu.ncsu.csc.itrust2.controllers.api.APIDrugController.editDrug(edu.ncsu.csc.itrust2.forms.admin.DrugForm)
20:26:53.897 [main] DEBUG o.s.s.a.p.PrePostAnnotationSecurityMetadataSource - @org.springframework.security.access.prepost.PreAuthorize(value=hasRole('ROLE_ADMIN')) found on specific method: public org.springframework.http.ResponseEntity edu.ncsu.csc.itrust2.controllers.api.APIDrugController.deleteDrug(java.lang.String)
20:26:53.898 [main] DEBUG o.s.s.a.m.DelegatingMethodSecurityMetadataSource - Caching method [CacheKey[edu.ncsu.csc.itrust2.controllers.api.APIDrugController; public org.springframework.http.ResponseEntity edu.ncsu.csc.itrust2.controllers.api.APIDrugController.deleteDrug(java.lang.String)]] with attributes [[authorize: 'hasRole('ROLE_ADMIN')', filter: 'null', filterTarget: 'null']]
20:26:53.898 [main] DEBUG o.s.aop.framework.CglibAopProxy - Unable to apply any optimisations to advised method: public org.springframework.http.ResponseEntity edu.ncsu.csc.itrust2.controllers.api.APIDrugController.deleteDrug(java.lang.String)
20:26:53.898 [main] DEBUG o.s.aop.framework.CglibAopProxy - Unable to apply any optimisations to advised method: public java.util.List edu.ncsu.csc.itrust2.controllers.api.APIDrugController.getDrugs()
20:26:53.898 [main] DEBUG o.s.aop.framework.CglibAopProxy - Found 'equals' method: public boolean java.lang.Object.equals(java.lang.Object)
20:26:53.898 [main] DEBUG o.s.aop.framework.CglibAopProxy - Unable to apply any optimisations to advised method: public java.lang.String java.lang.Object.toString()
20:26:53.898 [main] DEBUG o.s.aop.framework.CglibAopProxy - Found 'hashCode' method: public native int java.lang.Object.hashCode()
20:26:53.899 [main] DEBUG o.s.aop.framework.CglibAopProxy - Unable to apply any optimisations to advised method: protected native java.lang.Object java.lang.Object.clone() throws java.lang.CloneNotSupportedException
20:26:53.899 [main] DEBUG o.s.aop.framework.CglibAopProxy - Method is declared on Advised interface: public abstract void org.springframework.aop.framework.Advised.setTargetSource(org.springframework.aop.TargetSource)
20:26:53.899 [main] DEBUG o.s.aop.framework.CglibAopProxy - Method is declared on Advised interface: public abstract org.springframework.aop.TargetSource org.springframework.aop.framework.Advised.getTargetSource()
20:26:53.899 [main] DEBUG o.s.aop.framework.CglibAopProxy - Method is declared on Advised interface: public abstract boolean org.springframework.aop.framework.Advised.isProxyTargetClass()
20:26:53.899 [main] DEBUG o.s.aop.framework.CglibAopProxy - Method is declared on Advised interface: public abstract void org.springframework.aop.framework.Advised.addAdvisor(org.springframework.aop.Advisor) throws org.springframework.aop.framework.AopConfigException
20:26:53.899 [main] DEBUG o.s.aop.framework.CglibAopProxy - Method is declared on Advised interface: public abstract void org.springframework.aop.framework.Advised.addAdvisor(int,org.springframework.aop.Advisor) throws org.springframework.aop.framework.AopConfigException
20:26:53.899 [main] DEBUG o.s.aop.framework.CglibAopProxy - Method is declared on Advised interface: public abstract void org.springframework.aop.framework.Advised.setPreFiltered(boolean)
20:26:53.899 [main] DEBUG o.s.aop.framework.CglibAopProxy - Method is declared on Advised interface: public abstract boolean org.springframework.aop.framework.Advised.isExposeProxy()
20:26:53.899 [main] DEBUG o.s.aop.framework.CglibAopProxy - Method is declared on Advised interface: public abstract void org.springframework.aop.framework.Advised.setExposeProxy(boolean)
20:26:53.900 [main] DEBUG o.s.aop.framework.CglibAopProxy - Method is declared on Advised interface: public abstract boolean org.springframework.aop.framework.Advised.isPreFiltered()
20:26:53.900 [main] DEBUG o.s.aop.framework.CglibAopProxy - Method is declared on Advised interface: public abstract java.lang.Class[] org.springframework.aop.framework.Advised.getProxiedInterfaces()
20:26:53.900 [main] DEBUG o.s.aop.framework.CglibAopProxy - Method is declared on Advised interface: public abstract boolean org.springframework.aop.framework.Advised.isInterfaceProxied(java.lang.Class)
20:26:53.900 [main] DEBUG o.s.aop.framework.CglibAopProxy - Method is declared on Advised interface: public abstract org.springframework.aop.Advisor[] org.springframework.aop.framework.Advised.getAdvisors()
20:26:53.900 [main] DEBUG o.s.aop.framework.CglibAopProxy - Method is declared on Advised interface: public abstract void org.springframework.aop.framework.Advised.removeAdvisor(int) throws org.springframework.aop.framework.AopConfigException
20:26:53.900 [main] DEBUG o.s.aop.framework.CglibAopProxy - Method is declared on Advised interface: public abstract boolean org.springframework.aop.framework.Advised.removeAdvisor(org.springframework.aop.Advisor)
20:26:53.900 [main] DEBUG o.s.aop.framework.CglibAopProxy - Method is declared on Advised interface: public abstract boolean org.springframework.aop.framework.Advised.replaceAdvisor(org.springframework.aop.Advisor,org.springframework.aop.Advisor) throws org.springframework.aop.framework.AopConfigException
20:26:53.900 [main] DEBUG o.s.aop.framework.CglibAopProxy - Method is declared on Advised interface: public abstract boolean org.springframework.aop.framework.Advised.removeAdvice(org.aopalliance.aop.Advice)
20:26:53.900 [main] DEBUG o.s.aop.framework.CglibAopProxy - Method is declared on Advised interface: public abstract java.lang.String org.springframework.aop.framework.Advised.toProxyConfigString()
20:26:53.900 [main] DEBUG o.s.aop.framework.CglibAopProxy - Method is declared on Advised interface: public abstract void org.springframework.aop.framework.Advised.addAdvice(int,org.aopalliance.aop.Advice) throws org.springframework.aop.framework.AopConfigException
20:26:53.900 [main] DEBUG o.s.aop.framework.CglibAopProxy - Method is declared on Advised interface: public abstract void org.springframework.aop.framework.Advised.addAdvice(org.aopalliance.aop.Advice) throws org.springframework.aop.framework.AopConfigException
20:26:53.901 [main] DEBUG o.s.aop.framework.CglibAopProxy - Method is declared on Advised interface: public abstract int org.springframework.aop.framework.Advised.indexOf(org.aopalliance.aop.Advice)
20:26:53.901 [main] DEBUG o.s.aop.framework.CglibAopProxy - Method is declared on Advised interface: public abstract int org.springframework.aop.framework.Advised.indexOf(org.springframework.aop.Advisor)
20:26:53.901 [main] DEBUG o.s.aop.framework.CglibAopProxy - Method is declared on Advised interface: public abstract boolean org.springframework.aop.framework.Advised.isFrozen()
20:26:53.901 [main] DEBUG o.s.aop.framework.CglibAopProxy - Method is declared on Advised interface: public abstract java.lang.Class org.springframework.aop.TargetClassAware.getTargetClass()
20:26:53.913 [main] DEBUG o.s.b.f.s.DefaultListableBeanFactory - Finished creating instance of bean 'APIDrugController'
20:26:53.914 [main] DEBUG o.s.b.f.s.DefaultListableBeanFactory - Creating shared instance of singleton bean 'APIEnumController'
20:26:53.914 [main] DEBUG o.s.b.f.s.DefaultListableBeanFactory - Creating instance of bean 'APIEnumController'
20:26:53.918 [main] DEBUG o.s.b.f.s.DefaultListableBeanFactory - Eagerly caching bean 'APIEnumController' to allow for resolving potential circular references
20:26:53.922 [main] DEBUG o.s.b.f.s.DefaultListableBeanFactory - Returning cached instance of singleton bean 'metaDataSourceAdvisor'
20:26:53.925 [main] DEBUG o.s.b.f.s.DefaultListableBeanFactory - Finished creating instance of bean 'APIEnumController'
20:26:53.925 [main] DEBUG o.s.b.f.s.DefaultListableBeanFactory - Creating shared instance of singleton bean 'APIHospitalController'
20:26:53.925 [main] DEBUG o.s.b.f.s.DefaultListableBeanFactory - Creating instance of bean 'APIHospitalController'
20:26:53.926 [main] DEBUG o.s.b.f.s.DefaultListableBeanFactory - Eagerly caching bean 'APIHospitalController' to allow for resolving potential circular references
20:26:53.929 [main] DEBUG o.s.b.f.s.DefaultListableBeanFactory - Returning cached instance of singleton bean 'metaDataSourceAdvisor'
20:26:53.930 [main] DEBUG o.s.b.f.s.DefaultListableBeanFactory - Finished creating instance of bean 'APIHospitalController'
20:26:53.930 [main] DEBUG o.s.b.f.s.DefaultListableBeanFactory - Creating shared instance of singleton bean 'APIICDCodeController'
20:26:53.930 [main] DEBUG o.s.b.f.s.DefaultListableBeanFactory - Creating instance of bean 'APIICDCodeController'
20:26:53.932 [main] DEBUG o.s.b.f.s.DefaultListableBeanFactory - Eagerly caching bean 'APIICDCodeController' to allow for resolving potential circular references
20:26:53.935 [main] DEBUG o.s.b.f.s.DefaultListableBeanFactory - Returning cached instance of singleton bean 'metaDataSourceAdvisor'
20:26:53.936 [main] DEBUG o.s.s.a.p.PrePostAnnotationSecurityMetadataSource - @org.springframework.security.access.prepost.PreAuthorize(value=hasRole('ROLE_ADMIN')) found on specific method: public org.springframework.http.ResponseEntity edu.ncsu.csc.itrust2.controllers.api.APIICDCodeController.addCode(edu.ncsu.csc.itrust2.forms.admin.ICDCodeForm)
20:26:53.936 [main] DEBUG o.s.s.a.m.DelegatingMethodSecurityMetadataSource - Caching method [CacheKey[edu.ncsu.csc.itrust2.controllers.api.APIICDCodeController; public org.springframework.http.ResponseEntity edu.ncsu.csc.itrust2.controllers.api.APIICDCodeController.addCode(edu.ncsu.csc.itrust2.forms.admin.ICDCodeForm)]] with attributes [[authorize: 'hasRole('ROLE_ADMIN')', filter: 'null', filterTarget: 'null']]
20:26:53.936 [main] DEBUG o.s.a.f.a.InfrastructureAdvisorAutoProxyCreator - Creating implicit proxy for bean 'APIICDCodeController' with 0 common interceptors and 1 specific interceptors
20:26:53.937 [main] DEBUG o.s.aop.framework.CglibAopProxy - Creating CGLIB proxy: target source is SingletonTargetSource for target object [edu.ncsu.csc.itrust2.controllers.api.APIICDCodeController@31efe094]
20:26:53.937 [main] DEBUG o.s.aop.framework.CglibAopProxy - Unable to apply any optimisations to advised method: public org.springframework.http.ResponseEntity edu.ncsu.csc.itrust2.controllers.api.APIICDCodeController.getCode(java.lang.Long)
20:26:53.937 [main] DEBUG o.s.aop.framework.CglibAopProxy - Unable to apply any optimisations to advised method: public org.springframework.http.ResponseEntity edu.ncsu.csc.itrust2.controllers.api.APIICDCodeController.addCode(edu.ncsu.csc.itrust2.forms.admin.ICDCodeForm)
20:26:53.938 [main] DEBUG o.s.aop.framework.CglibAopProxy - Unable to apply any optimisations to advised method: public java.util.List edu.ncsu.csc.itrust2.controllers.api.APIICDCodeController.getCodes()
20:26:53.938 [main] DEBUG o.s.s.a.p.PrePostAnnotationSecurityMetadataSource - @org.springframework.security.access.prepost.PreAuthorize(value=hasRole('ROLE_ADMIN')) found on specific method: public org.springframework.http.ResponseEntity edu.ncsu.csc.itrust2.controllers.api.APIICDCodeController.updateCode(java.lang.Long,edu.ncsu.csc.itrust2.forms.admin.ICDCodeForm)
20:26:53.938 [main] DEBUG o.s.s.a.m.DelegatingMethodSecurityMetadataSource - Caching method [CacheKey[edu.ncsu.csc.itrust2.controllers.api.APIICDCodeController; public org.springframework.http.ResponseEntity edu.ncsu.csc.itrust2.controllers.api.APIICDCodeController.updateCode(java.lang.Long,edu.ncsu.csc.itrust2.forms.admin.ICDCodeForm)]] with attributes [[authorize: 'hasRole('ROLE_ADMIN')', filter: 'null', filterTarget: 'null']]
20:26:53.938 [main] DEBUG o.s.aop.framework.CglibAopProxy - Unable to apply any optimisations to advised method: public org.springframework.http.ResponseEntity edu.ncsu.csc.itrust2.controllers.api.APIICDCodeController.updateCode(java.lang.Long,edu.ncsu.csc.itrust2.forms.admin.ICDCodeForm)
20:26:53.938 [main] DEBUG o.s.s.a.p.PrePostAnnotationSecurityMetadataSource - @org.springframework.security.access.prepost.PreAuthorize(value=hasRole('ROLE_ADMIN')) found on specific method: public org.springframework.http.ResponseEntity edu.ncsu.csc.itrust2.controllers.api.APIICDCodeController.deleteCode(java.lang.Long)
20:26:53.939 [main] DEBUG o.s.s.a.m.DelegatingMethodSecurityMetadataSource - Caching method [CacheKey[edu.ncsu.csc.itrust2.controllers.api.APIICDCodeController; public org.springframework.http.ResponseEntity edu.ncsu.csc.itrust2.controllers.api.APIICDCodeController.deleteCode(java.lang.Long)]] with attributes [[authorize: 'hasRole('ROLE_ADMIN')', filter: 'null', filterTarget: 'null']]
20:26:53.939 [main] DEBUG o.s.aop.framework.CglibAopProxy - Unable to apply any optimisations to advised method: public org.springframework.http.ResponseEntity edu.ncsu.csc.itrust2.controllers.api.APIICDCodeController.deleteCode(java.lang.Long)
20:26:53.939 [main] DEBUG o.s.aop.framework.CglibAopProxy - Found 'equals' method: public boolean java.lang.Object.equals(java.lang.Object)
20:26:53.939 [main] DEBUG o.s.aop.framework.CglibAopProxy - Unable to apply any optimisations to advised method: public java.lang.String java.lang.Object.toString()
20:26:53.939 [main] DEBUG o.s.aop.framework.CglibAopProxy - Found 'hashCode' method: public native int java.lang.Object.hashCode()
20:26:53.939 [main] DEBUG o.s.aop.framework.CglibAopProxy - Unable to apply any optimisations to advised method: protected native java.lang.Object java.lang.Object.clone() throws java.lang.CloneNotSupportedException
20:26:53.939 [main] DEBUG o.s.aop.framework.CglibAopProxy - Method is declared on Advised interface: public abstract void org.springframework.aop.framework.Advised.setTargetSource(org.springframework.aop.TargetSource)
20:26:53.939 [main] DEBUG o.s.aop.framework.CglibAopProxy - Method is declared on Advised interface: public abstract org.springframework.aop.TargetSource org.springframework.aop.framework.Advised.getTargetSource()
20:26:53.940 [main] DEBUG o.s.aop.framework.CglibAopProxy - Method is declared on Advised interface: public abstract boolean org.springframework.aop.framework.Advised.isProxyTargetClass()
20:26:53.940 [main] DEBUG o.s.aop.framework.CglibAopProxy - Method is declared on Advised interface: public abstract void org.springframework.aop.framework.Advised.addAdvisor(org.springframework.aop.Advisor) throws org.springframework.aop.framework.AopConfigException
20:26:53.940 [main] DEBUG o.s.aop.framework.CglibAopProxy - Method is declared on Advised interface: public abstract void org.springframework.aop.framework.Advised.addAdvisor(int,org.springframework.aop.Advisor) throws org.springframework.aop.framework.AopConfigException
20:26:53.940 [main] DEBUG o.s.aop.framework.CglibAopProxy - Method is declared on Advised interface: public abstract void org.springframework.aop.framework.Advised.setPreFiltered(boolean)
20:26:53.940 [main] DEBUG o.s.aop.framework.CglibAopProxy - Method is declared on Advised interface: public abstract boolean org.springframework.aop.framework.Advised.isExposeProxy()
20:26:53.940 [main] DEBUG o.s.aop.framework.CglibAopProxy - Method is declared on Advised interface: public abstract void org.springframework.aop.framework.Advised.setExposeProxy(boolean)
20:26:53.940 [main] DEBUG o.s.aop.framework.CglibAopProxy - Method is declared on Advised interface: public abstract boolean org.springframework.aop.framework.Advised.isPreFiltered()
20:26:53.940 [main] DEBUG o.s.aop.framework.CglibAopProxy - Method is declared on Advised interface: public abstract java.lang.Class[] org.springframework.aop.framework.Advised.getProxiedInterfaces()
20:26:53.940 [main] DEBUG o.s.aop.framework.CglibAopProxy - Method is declared on Advised interface: public abstract boolean org.springframework.aop.framework.Advised.isInterfaceProxied(java.lang.Class)
20:26:53.940 [main] DEBUG o.s.aop.framework.CglibAopProxy - Method is declared on Advised interface: public abstract org.springframework.aop.Advisor[] org.springframework.aop.framework.Advised.getAdvisors()
20:26:53.940 [main] DEBUG o.s.aop.framework.CglibAopProxy - Method is declared on Advised interface: public abstract void org.springframework.aop.framework.Advised.removeAdvisor(int) throws org.springframework.aop.framework.AopConfigException
20:26:53.941 [main] DEBUG o.s.aop.framework.CglibAopProxy - Method is declared on Advised interface: public abstract boolean org.springframework.aop.framework.Advised.removeAdvisor(org.springframework.aop.Advisor)
20:26:53.941 [main] DEBUG o.s.aop.framework.CglibAopProxy - Method is declared on Advised interface: public abstract boolean org.springframework.aop.framework.Advised.replaceAdvisor(org.springframework.aop.Advisor,org.springframework.aop.Advisor) throws org.springframework.aop.framework.AopConfigException
20:26:53.941 [main] DEBUG o.s.aop.framework.CglibAopProxy - Method is declared on Advised interface: public abstract boolean org.springframework.aop.framework.Advised.removeAdvice(org.aopalliance.aop.Advice)
20:26:53.941 [main] DEBUG o.s.aop.framework.CglibAopProxy - Method is declared on Advised interface: public abstract java.lang.String org.springframework.aop.framework.Advised.toProxyConfigString()
20:26:53.941 [main] DEBUG o.s.aop.framework.CglibAopProxy - Method is declared on Advised interface: public abstract void org.springframework.aop.framework.Advised.addAdvice(int,org.aopalliance.aop.Advice) throws org.springframework.aop.framework.AopConfigException
20:26:53.941 [main] DEBUG o.s.aop.framework.CglibAopProxy - Method is declared on Advised interface: public abstract void org.springframework.aop.framework.Advised.addAdvice(org.aopalliance.aop.Advice) throws org.springframework.aop.framework.AopConfigException
20:26:53.941 [main] DEBUG o.s.aop.framework.CglibAopProxy - Method is declared on Advised interface: public abstract int org.springframework.aop.framework.Advised.indexOf(org.aopalliance.aop.Advice)
20:26:53.941 [main] DEBUG o.s.aop.framework.CglibAopProxy - Method is declared on Advised interface: public abstract int org.springframework.aop.framework.Advised.indexOf(org.springframework.aop.Advisor)
20:26:53.941 [main] DEBUG o.s.aop.framework.CglibAopProxy - Method is declared on Advised interface: public abstract boolean org.springframework.aop.framework.Advised.isFrozen()
20:26:53.941 [main] DEBUG o.s.aop.framework.CglibAopProxy - Method is declared on Advised interface: public abstract java.lang.Class org.springframework.aop.TargetClassAware.getTargetClass()
20:26:53.954 [main] DEBUG o.s.b.f.s.DefaultListableBeanFactory - Finished creating instance of bean 'APIICDCodeController'
20:26:53.954 [main] DEBUG o.s.b.f.s.DefaultListableBeanFactory - Creating shared instance of singleton bean 'APILogEntryController'
20:26:53.954 [main] DEBUG o.s.b.f.s.DefaultListableBeanFactory - Creating instance of bean 'APILogEntryController'
20:26:53.956 [main] DEBUG o.s.b.f.s.DefaultListableBeanFactory - Eagerly caching bean 'APILogEntryController' to allow for resolving potential circular references
20:26:53.958 [main] DEBUG o.s.b.f.s.DefaultListableBeanFactory - Returning cached instance of singleton bean 'metaDataSourceAdvisor'
20:26:53.959 [main] DEBUG o.s.b.f.s.DefaultListableBeanFactory - Finished creating instance of bean 'APILogEntryController'
20:26:53.961 [main] DEBUG o.s.b.f.s.DefaultListableBeanFactory - Creating shared instance of singleton bean 'APIOfficeVisitController'
20:26:53.961 [main] DEBUG o.s.b.f.s.DefaultListableBeanFactory - Creating instance of bean 'APIOfficeVisitController'
20:26:53.966 [main] DEBUG o.s.b.f.s.DefaultListableBeanFactory - Eagerly caching bean 'APIOfficeVisitController' to allow for resolving potential circular references
20:26:53.970 [main] DEBUG o.s.b.f.s.DefaultListableBeanFactory - Returning cached instance of singleton bean 'metaDataSourceAdvisor'
20:26:53.970 [main] DEBUG o.s.s.a.p.PrePostAnnotationSecurityMetadataSource - @org.springframework.security.access.prepost.PreAuthorize(value=hasRole('ROLE_PATIENT')) found on specific method: public java.util.List edu.ncsu.csc.itrust2.controllers.api.APIOfficeVisitController.getMyOfficeVisits()
20:26:53.971 [main] DEBUG o.s.s.a.m.DelegatingMethodSecurityMetadataSource - Caching method [CacheKey[edu.ncsu.csc.itrust2.controllers.api.APIOfficeVisitController; public java.util.List edu.ncsu.csc.itrust2.controllers.api.APIOfficeVisitController.getMyOfficeVisits()]] with attributes [[authorize: 'hasRole('ROLE_PATIENT')', filter: 'null', filterTarget: 'null']]
20:26:53.971 [main] DEBUG o.s.a.f.a.InfrastructureAdvisorAutoProxyCreator - Creating implicit proxy for bean 'APIOfficeVisitController' with 0 common interceptors and 1 specific interceptors
20:26:53.971 [main] DEBUG o.s.aop.framework.CglibAopProxy - Creating CGLIB proxy: target source is SingletonTargetSource for target object [edu.ncsu.csc.itrust2.controllers.api.APIOfficeVisitController@21f134a2]
20:26:53.972 [main] DEBUG o.s.aop.framework.CglibAopProxy - Unable to apply any optimisations to advised method: public java.util.List edu.ncsu.csc.itrust2.controllers.api.APIOfficeVisitController.getOfficeVisits()
20:26:53.972 [main] DEBUG o.s.aop.framework.CglibAopProxy - Unable to apply any optimisations to advised method: public java.util.List edu.ncsu.csc.itrust2.controllers.api.APIOfficeVisitController.getMyOfficeVisits()
20:26:53.972 [main] DEBUG o.s.aop.framework.CglibAopProxy - Unable to apply any optimisations to advised method: public org.springframework.http.ResponseEntity edu.ncsu.csc.itrust2.controllers.api.APIOfficeVisitController.getOfficeVisit(java.lang.Long)
20:26:53.973 [main] DEBUG o.s.aop.framework.CglibAopProxy - Unable to apply any optimisations to advised method: public void edu.ncsu.csc.itrust2.controllers.api.APIOfficeVisitController.deleteOfficeVisits()
20:26:53.973 [main] DEBUG o.s.aop.framework.CglibAopProxy - Unable to apply any optimisations to advised method: public org.springframework.http.ResponseEntity edu.ncsu.csc.itrust2.controllers.api.APIOfficeVisitController.createOfficeVisit(edu.ncsu.csc.itrust2.forms.hcp.OfficeVisitForm)
20:26:53.974 [main] DEBUG o.s.aop.framework.CglibAopProxy - Unable to apply any optimisations to advised method: public org.springframework.http.ResponseEntity edu.ncsu.csc.itrust2.controllers.api.APIOfficeVisitController.deleteOfficeVisit(java.lang.Long)
20:26:53.974 [main] DEBUG o.s.aop.framework.CglibAopProxy - Unable to apply any optimisations to advised method: public org.springframework.http.ResponseEntity edu.ncsu.csc.itrust2.controllers.api.APIOfficeVisitController.updateOfficeVisit(java.lang.Long,edu.ncsu.csc.itrust2.forms.hcp.OfficeVisitForm)
20:26:53.974 [main] DEBUG o.s.s.a.p.PrePostAnnotationSecurityMetadataSource - @org.springframework.security.access.prepost.PreAuthorize(value=hasRole('ROLE_HCP')) found on specific method: public org.springframework.http.ResponseEntity edu.ncsu.csc.itrust2.controllers.api.APIOfficeVisitController.viewOfficeVisitHCP(java.lang.Long,edu.ncsu.csc.itrust2.forms.hcp.OfficeVisitForm)
20:26:53.974 [main] DEBUG o.s.s.a.m.DelegatingMethodSecurityMetadataSource - Caching method [CacheKey[edu.ncsu.csc.itrust2.controllers.api.APIOfficeVisitController; public org.springframework.http.ResponseEntity edu.ncsu.csc.itrust2.controllers.api.APIOfficeVisitController.viewOfficeVisitHCP(java.lang.Long,edu.ncsu.csc.itrust2.forms.hcp.OfficeVisitForm)]] with attributes [[authorize: 'hasRole('ROLE_HCP')', filter: 'null', filterTarget: 'null']]
20:26:53.974 [main] DEBUG o.s.aop.framework.CglibAopProxy - Unable to apply any optimisations to advised method: public org.springframework.http.ResponseEntity edu.ncsu.csc.itrust2.controllers.api.APIOfficeVisitController.viewOfficeVisitHCP(java.lang.Long,edu.ncsu.csc.itrust2.forms.hcp.OfficeVisitForm)
20:26:53.974 [main] DEBUG o.s.s.a.p.PrePostAnnotationSecurityMetadataSource - @org.springframework.security.access.prepost.PreAuthorize(value=hasRole('ROLE_PATIENT')) found on specific method: public org.springframework.http.ResponseEntity edu.ncsu.csc.itrust2.controllers.api.APIOfficeVisitController.viewOfficeVisitPatient(java.lang.Long,edu.ncsu.csc.itrust2.forms.hcp.OfficeVisitForm)
20:26:53.975 [main] DEBUG o.s.s.a.m.DelegatingMethodSecurityMetadataSource - Caching method [CacheKey[edu.ncsu.csc.itrust2.controllers.api.APIOfficeVisitController; public org.springframework.http.ResponseEntity edu.ncsu.csc.itrust2.controllers.api.APIOfficeVisitController.viewOfficeVisitPatient(java.lang.Long,edu.ncsu.csc.itrust2.forms.hcp.OfficeVisitForm)]] with attributes [[authorize: 'hasRole('ROLE_PATIENT')', filter: 'null', filterTarget: 'null']]
20:26:53.975 [main] DEBUG o.s.aop.framework.CglibAopProxy - Unable to apply any optimisations to advised method: public org.springframework.http.ResponseEntity edu.ncsu.csc.itrust2.controllers.api.APIOfficeVisitController.viewOfficeVisitPatient(java.lang.Long,edu.ncsu.csc.itrust2.forms.hcp.OfficeVisitForm)
20:26:53.976 [main] DEBUG o.s.aop.framework.CglibAopProxy - Found 'equals' method: public boolean java.lang.Object.equals(java.lang.Object)
20:26:53.976 [main] DEBUG o.s.aop.framework.CglibAopProxy - Unable to apply any optimisations to advised method: public java.lang.String java.lang.Object.toString()
20:26:53.976 [main] DEBUG o.s.aop.framework.CglibAopProxy - Found 'hashCode' method: public native int java.lang.Object.hashCode()
20:26:53.976 [main] DEBUG o.s.aop.framework.CglibAopProxy - Unable to apply any optimisations to advised method: protected native java.lang.Object java.lang.Object.clone() throws java.lang.CloneNotSupportedException
20:26:53.976 [main] DEBUG o.s.aop.framework.CglibAopProxy - Method is declared on Advised interface: public abstract void org.springframework.aop.framework.Advised.setTargetSource(org.springframework.aop.TargetSource)
20:26:53.976 [main] DEBUG o.s.aop.framework.CglibAopProxy - Method is declared on Advised interface: public abstract org.springframework.aop.TargetSource org.springframework.aop.framework.Advised.getTargetSource()
20:26:53.976 [main] DEBUG o.s.aop.framework.CglibAopProxy - Method is declared on Advised interface: public abstract boolean org.springframework.aop.framework.Advised.isProxyTargetClass()
20:26:53.976 [main] DEBUG o.s.aop.framework.CglibAopProxy - Method is declared on Advised interface: public abstract void org.springframework.aop.framework.Advised.addAdvisor(org.springframework.aop.Advisor) throws org.springframework.aop.framework.AopConfigException
20:26:53.976 [main] DEBUG o.s.aop.framework.CglibAopProxy - Method is declared on Advised interface: public abstract void org.springframework.aop.framework.Advised.addAdvisor(int,org.springframework.aop.Advisor) throws org.springframework.aop.framework.AopConfigException
20:26:53.976 [main] DEBUG o.s.aop.framework.CglibAopProxy - Method is declared on Advised interface: public abstract void org.springframework.aop.framework.Advised.setPreFiltered(boolean)
20:26:53.976 [main] DEBUG o.s.aop.framework.CglibAopProxy - Method is declared on Advised interface: public abstract boolean org.springframework.aop.framework.Advised.isExposeProxy()
20:26:53.976 [main] DEBUG o.s.aop.framework.CglibAopProxy - Method is declared on Advised interface: public abstract void org.springframework.aop.framework.Advised.setExposeProxy(boolean)
20:26:53.976 [main] DEBUG o.s.aop.framework.CglibAopProxy - Method is declared on Advised interface: public abstract boolean org.springframework.aop.framework.Advised.isPreFiltered()
20:26:53.976 [main] DEBUG o.s.aop.framework.CglibAopProxy - Method is declared on Advised interface: public abstract java.lang.Class[] org.springframework.aop.framework.Advised.getProxiedInterfaces()
20:26:53.976 [main] DEBUG o.s.aop.framework.CglibAopProxy - Method is declared on Advised interface: public abstract boolean org.springframework.aop.framework.Advised.isInterfaceProxied(java.lang.Class)
20:26:53.976 [main] DEBUG o.s.aop.framework.CglibAopProxy - Method is declared on Advised interface: public abstract org.springframework.aop.Advisor[] org.springframework.aop.framework.Advised.getAdvisors()
20:26:53.976 [main] DEBUG o.s.aop.framework.CglibAopProxy - Method is declared on Advised interface: public abstract void org.springframework.aop.framework.Advised.removeAdvisor(int) throws org.springframework.aop.framework.AopConfigException
20:26:53.976 [main] DEBUG o.s.aop.framework.CglibAopProxy - Method is declared on Advised interface: public abstract boolean org.springframework.aop.framework.Advised.removeAdvisor(org.springframework.aop.Advisor)
20:26:53.976 [main] DEBUG o.s.aop.framework.CglibAopProxy - Method is declared on Advised interface: public abstract boolean org.springframework.aop.framework.Advised.replaceAdvisor(org.springframework.aop.Advisor,org.springframework.aop.Advisor) throws org.springframework.aop.framework.AopConfigException
20:26:53.976 [main] DEBUG o.s.aop.framework.CglibAopProxy - Method is declared on Advised interface: public abstract boolean org.springframework.aop.framework.Advised.removeAdvice(org.aopalliance.aop.Advice)
20:26:53.976 [main] DEBUG o.s.aop.framework.CglibAopProxy - Method is declared on Advised interface: public abstract java.lang.String org.springframework.aop.framework.Advised.toProxyConfigString()
20:26:53.976 [main] DEBUG o.s.aop.framework.CglibAopProxy - Method is declared on Advised interface: public abstract void org.springframework.aop.framework.Advised.addAdvice(int,org.aopalliance.aop.Advice) throws org.springframework.aop.framework.AopConfigException
20:26:53.976 [main] DEBUG o.s.aop.framework.CglibAopProxy - Method is declared on Advised interface: public abstract void org.springframework.aop.framework.Advised.addAdvice(org.aopalliance.aop.Advice) throws org.springframework.aop.framework.AopConfigException
20:26:53.976 [main] DEBUG o.s.aop.framework.CglibAopProxy - Method is declared on Advised interface: public abstract int org.springframework.aop.framework.Advised.indexOf(org.aopalliance.aop.Advice)
20:26:53.976 [main] DEBUG o.s.aop.framework.CglibAopProxy - Method is declared on Advised interface: public abstract int org.springframework.aop.framework.Advised.indexOf(org.springframework.aop.Advisor)
20:26:53.976 [main] DEBUG o.s.aop.framework.CglibAopProxy - Method is declared on Advised interface: public abstract boolean org.springframework.aop.framework.Advised.isFrozen()
20:26:53.976 [main] DEBUG o.s.aop.framework.CglibAopProxy - Method is declared on Advised interface: public abstract java.lang.Class org.springframework.aop.TargetClassAware.getTargetClass()
20:26:53.997 [main] DEBUG o.s.b.f.s.DefaultListableBeanFactory - Finished creating instance of bean 'APIOfficeVisitController'
20:26:54.000 [main] DEBUG o.s.b.f.s.DefaultListableBeanFactory - Creating shared instance of singleton bean 'APIPasswordController'
20:26:54.000 [main] DEBUG o.s.b.f.s.DefaultListableBeanFactory - Creating instance of bean 'APIPasswordController'
20:26:54.004 [main] DEBUG o.s.b.f.annotation.InjectionMetadata - Registered injected element on class [edu.ncsu.csc.itrust2.controllers.api.APIPasswordController]: AutowiredFieldElement for org.springframework.core.env.Environment edu.ncsu.csc.itrust2.controllers.api.APIPasswordController.environment
20:26:54.004 [main] DEBUG o.s.b.f.s.DefaultListableBeanFactory - Eagerly caching bean 'APIPasswordController' to allow for resolving potential circular references
20:26:54.006 [main] DEBUG o.s.b.f.annotation.InjectionMetadata - Processing injected element of bean 'APIPasswordController': AutowiredFieldElement for org.springframework.core.env.Environment edu.ncsu.csc.itrust2.controllers.api.APIPasswordController.environment
20:26:54.007 [main] DEBUG o.s.b.f.s.DefaultListableBeanFactory - Returning cached instance of singleton bean 'environment'
20:26:54.007 [main] DEBUG o.s.b.f.a.AutowiredAnnotationBeanPostProcessor - Autowiring by type from bean name 'APIPasswordController' to bean named 'environment'
20:26:54.007 [main] DEBUG o.s.b.f.s.DefaultListableBeanFactory - Returning cached instance of singleton bean 'metaDataSourceAdvisor'
20:26:54.009 [main] DEBUG o.s.b.f.s.DefaultListableBeanFactory - Finished creating instance of bean 'APIPasswordController'
20:26:54.009 [main] DEBUG o.s.b.f.s.DefaultListableBeanFactory - Creating shared instance of singleton bean 'APIPatientController'
20:26:54.009 [main] DEBUG o.s.b.f.s.DefaultListableBeanFactory - Creating instance of bean 'APIPatientController'
20:26:54.013 [main] DEBUG o.s.b.f.s.DefaultListableBeanFactory - Eagerly caching bean 'APIPatientController' to allow for resolving potential circular references
20:26:54.017 [main] DEBUG o.s.b.f.s.DefaultListableBeanFactory - Returning cached instance of singleton bean 'metaDataSourceAdvisor'
20:26:54.018 [main] DEBUG o.s.s.a.p.PrePostAnnotationSecurityMetadataSource - @org.springframework.security.access.prepost.PreAuthorize(value=hasRole('ROLE_PATIENT')) found on specific method: public org.springframework.http.ResponseEntity edu.ncsu.csc.itrust2.controllers.api.APIPatientController.getPatient()
20:26:54.018 [main] DEBUG o.s.s.a.m.DelegatingMethodSecurityMetadataSource - Caching method [CacheKey[edu.ncsu.csc.itrust2.controllers.api.APIPatientController; public org.springframework.http.ResponseEntity edu.ncsu.csc.itrust2.controllers.api.APIPatientController.getPatient()]] with attributes [[authorize: 'hasRole('ROLE_PATIENT')', filter: 'null', filterTarget: 'null']]
20:26:54.018 [main] DEBUG o.s.a.f.a.InfrastructureAdvisorAutoProxyCreator - Creating implicit proxy for bean 'APIPatientController' with 0 common interceptors and 1 specific interceptors
20:26:54.019 [main] DEBUG o.s.aop.framework.CglibAopProxy - Creating CGLIB proxy: target source is SingletonTargetSource for target object [edu.ncsu.csc.itrust2.controllers.api.APIPatientController@aba3735]
20:26:54.019 [main] DEBUG o.s.aop.framework.CglibAopProxy - Unable to apply any optimisations to advised method: public org.springframework.http.ResponseEntity edu.ncsu.csc.itrust2.controllers.api.APIPatientController.getPatient(java.lang.String)
20:26:54.019 [main] DEBUG o.s.aop.framework.CglibAopProxy - Unable to apply any optimisations to advised method: public org.springframework.http.ResponseEntity edu.ncsu.csc.itrust2.controllers.api.APIPatientController.getPatient()
20:26:54.019 [main] DEBUG o.s.aop.framework.CglibAopProxy - Unable to apply any optimisations to advised method: public java.util.List edu.ncsu.csc.itrust2.controllers.api.APIPatientController.getPatients()
20:26:54.020 [main] DEBUG o.s.aop.framework.CglibAopProxy - Unable to apply any optimisations to advised method: public org.springframework.http.ResponseEntity edu.ncsu.csc.itrust2.controllers.api.APIPatientController.createPatient(edu.ncsu.csc.itrust2.forms.hcp_patient.PatientForm)
20:26:54.021 [main] DEBUG o.s.aop.framework.CglibAopProxy - Unable to apply any optimisations to advised method: public org.springframework.http.ResponseEntity edu.ncsu.csc.itrust2.controllers.api.APIPatientController.updatePatient(java.lang.String,edu.ncsu.csc.itrust2.forms.hcp_patient.PatientForm)
20:26:54.021 [main] DEBUG o.s.aop.framework.CglibAopProxy - Found 'equals' method: public boolean java.lang.Object.equals(java.lang.Object)
20:26:54.021 [main] DEBUG o.s.aop.framework.CglibAopProxy - Unable to apply any optimisations to advised method: public java.lang.String java.lang.Object.toString()
20:26:54.021 [main] DEBUG o.s.aop.framework.CglibAopProxy - Found 'hashCode' method: public native int java.lang.Object.hashCode()
20:26:54.021 [main] DEBUG o.s.aop.framework.CglibAopProxy - Unable to apply any optimisations to advised method: protected native java.lang.Object java.lang.Object.clone() throws java.lang.CloneNotSupportedException
20:26:54.021 [main] DEBUG o.s.aop.framework.CglibAopProxy - Method is declared on Advised interface: public abstract void org.springframework.aop.framework.Advised.setTargetSource(org.springframework.aop.TargetSource)
20:26:54.021 [main] DEBUG o.s.aop.framework.CglibAopProxy - Method is declared on Advised interface: public abstract org.springframework.aop.TargetSource org.springframework.aop.framework.Advised.getTargetSource()
20:26:54.021 [main] DEBUG o.s.aop.framework.CglibAopProxy - Method is declared on Advised interface: public abstract boolean org.springframework.aop.framework.Advised.isProxyTargetClass()
20:26:54.021 [main] DEBUG o.s.aop.framework.CglibAopProxy - Method is declared on Advised interface: public abstract void org.springframework.aop.framework.Advised.addAdvisor(org.springframework.aop.Advisor) throws org.springframework.aop.framework.AopConfigException
20:26:54.021 [main] DEBUG o.s.aop.framework.CglibAopProxy - Method is declared on Advised interface: public abstract void org.springframework.aop.framework.Advised.addAdvisor(int,org.springframework.aop.Advisor) throws org.springframework.aop.framework.AopConfigException
20:26:54.021 [main] DEBUG o.s.aop.framework.CglibAopProxy - Method is declared on Advised interface: public abstract void org.springframework.aop.framework.Advised.setPreFiltered(boolean)
20:26:54.021 [main] DEBUG o.s.aop.framework.CglibAopProxy - Method is declared on Advised interface: public abstract boolean org.springframework.aop.framework.Advised.isExposeProxy()
20:26:54.021 [main] DEBUG o.s.aop.framework.CglibAopProxy - Method is declared on Advised interface: public abstract void org.springframework.aop.framework.Advised.setExposeProxy(boolean)
20:26:54.021 [main] DEBUG o.s.aop.framework.CglibAopProxy - Method is declared on Advised interface: public abstract boolean org.springframework.aop.framework.Advised.isPreFiltered()
20:26:54.021 [main] DEBUG o.s.aop.framework.CglibAopProxy - Method is declared on Advised interface: public abstract java.lang.Class[] org.springframework.aop.framework.Advised.getProxiedInterfaces()
20:26:54.021 [main] DEBUG o.s.aop.framework.CglibAopProxy - Method is declared on Advised interface: public abstract boolean org.springframework.aop.framework.Advised.isInterfaceProxied(java.lang.Class)
20:26:54.021 [main] DEBUG o.s.aop.framework.CglibAopProxy - Method is declared on Advised interface: public abstract org.springframework.aop.Advisor[] org.springframework.aop.framework.Advised.getAdvisors()
20:26:54.022 [main] DEBUG o.s.aop.framework.CglibAopProxy - Method is declared on Advised interface: public abstract void org.springframework.aop.framework.Advised.removeAdvisor(int) throws org.springframework.aop.framework.AopConfigException
20:26:54.022 [main] DEBUG o.s.aop.framework.CglibAopProxy - Method is declared on Advised interface: public abstract boolean org.springframework.aop.framework.Advised.removeAdvisor(org.springframework.aop.Advisor)
20:26:54.022 [main] DEBUG o.s.aop.framework.CglibAopProxy - Method is declared on Advised interface: public abstract boolean org.springframework.aop.framework.Advised.replaceAdvisor(org.springframework.aop.Advisor,org.springframework.aop.Advisor) throws org.springframework.aop.framework.AopConfigException
20:26:54.022 [main] DEBUG o.s.aop.framework.CglibAopProxy - Method is declared on Advised interface: public abstract boolean org.springframework.aop.framework.Advised.removeAdvice(org.aopalliance.aop.Advice)
20:26:54.022 [main] DEBUG o.s.aop.framework.CglibAopProxy - Method is declared on Advised interface: public abstract java.lang.String org.springframework.aop.framework.Advised.toProxyConfigString()
20:26:54.022 [main] DEBUG o.s.aop.framework.CglibAopProxy - Method is declared on Advised interface: public abstract void org.springframework.aop.framework.Advised.addAdvice(int,org.aopalliance.aop.Advice) throws org.springframework.aop.framework.AopConfigException
20:26:54.022 [main] DEBUG o.s.aop.framework.CglibAopProxy - Method is declared on Advised interface: public abstract void org.springframework.aop.framework.Advised.addAdvice(org.aopalliance.aop.Advice) throws org.springframework.aop.framework.AopConfigException
20:26:54.022 [main] DEBUG o.s.aop.framework.CglibAopProxy - Method is declared on Advised interface: public abstract int org.springframework.aop.framework.Advised.indexOf(org.aopalliance.aop.Advice)
20:26:54.022 [main] DEBUG o.s.aop.framework.CglibAopProxy - Method is declared on Advised interface: public abstract int org.springframework.aop.framework.Advised.indexOf(org.springframework.aop.Advisor)
20:26:54.022 [main] DEBUG o.s.aop.framework.CglibAopProxy - Method is declared on Advised interface: public abstract boolean org.springframework.aop.framework.Advised.isFrozen()
20:26:54.022 [main] DEBUG o.s.aop.framework.CglibAopProxy - Method is declared on Advised interface: public abstract java.lang.Class org.springframework.aop.TargetClassAware.getTargetClass()
20:26:54.034 [main] DEBUG o.s.b.f.s.DefaultListableBeanFactory - Finished creating instance of bean 'APIPatientController'
20:26:54.034 [main] DEBUG o.s.b.f.s.DefaultListableBeanFactory - Creating shared instance of singleton bean 'APIPersonnelController'
20:26:54.034 [main] DEBUG o.s.b.f.s.DefaultListableBeanFactory - Creating instance of bean 'APIPersonnelController'
20:26:54.036 [main] DEBUG o.s.b.f.s.DefaultListableBeanFactory - Eagerly caching bean 'APIPersonnelController' to allow for resolving potential circular references
20:26:54.038 [main] DEBUG o.s.b.f.s.DefaultListableBeanFactory - Returning cached instance of singleton bean 'metaDataSourceAdvisor'
20:26:54.044 [main] DEBUG o.s.b.f.s.DefaultListableBeanFactory - Finished creating instance of bean 'APIPersonnelController'
20:26:54.045 [main] DEBUG o.s.b.f.s.DefaultListableBeanFactory - Creating shared instance of singleton bean 'APIPrescriptionController'
20:26:54.046 [main] DEBUG o.s.b.f.s.DefaultListableBeanFactory - Creating instance of bean 'APIPrescriptionController'
20:26:54.049 [main] DEBUG o.s.b.f.s.DefaultListableBeanFactory - Eagerly caching bean 'APIPrescriptionController' to allow for resolving potential circular references
20:26:54.053 [main] DEBUG o.s.b.f.s.DefaultListableBeanFactory - Returning cached instance of singleton bean 'metaDataSourceAdvisor'
20:26:54.054 [main] DEBUG o.s.s.a.p.PrePostAnnotationSecurityMetadataSource - @org.springframework.security.access.prepost.PreAuthorize(value=hasRole('ROLE_HCP')) found on specific method: public org.springframework.http.ResponseEntity edu.ncsu.csc.itrust2.controllers.api.APIPrescriptionController.addPrescription(edu.ncsu.csc.itrust2.forms.hcp.PrescriptionForm)
20:26:54.055 [main] DEBUG o.s.s.a.m.DelegatingMethodSecurityMetadataSource - Caching method [CacheKey[edu.ncsu.csc.itrust2.controllers.api.APIPrescriptionController; public org.springframework.http.ResponseEntity edu.ncsu.csc.itrust2.controllers.api.APIPrescriptionController.addPrescription(edu.ncsu.csc.itrust2.forms.hcp.PrescriptionForm)]] with attributes [[authorize: 'hasRole('ROLE_HCP')', filter: 'null', filterTarget: 'null']]
20:26:54.055 [main] DEBUG o.s.a.f.a.InfrastructureAdvisorAutoProxyCreator - Creating implicit proxy for bean 'APIPrescriptionController' with 0 common interceptors and 1 specific interceptors
20:26:54.055 [main] DEBUG o.s.aop.framework.CglibAopProxy - Creating CGLIB proxy: target source is SingletonTargetSource for target object [edu.ncsu.csc.itrust2.controllers.api.APIPrescriptionController@464d25b2]
20:26:54.056 [main] DEBUG o.s.aop.framework.CglibAopProxy - Unable to apply any optimisations to advised method: public org.springframework.http.ResponseEntity edu.ncsu.csc.itrust2.controllers.api.APIPrescriptionController.addPrescription(edu.ncsu.csc.itrust2.forms.hcp.PrescriptionForm)
20:26:54.056 [main] DEBUG o.s.s.a.p.PrePostAnnotationSecurityMetadataSource - @org.springframework.security.access.prepost.PreAuthorize(value=hasRole('ROLE_HCP')) found on specific method: public org.springframework.http.ResponseEntity edu.ncsu.csc.itrust2.controllers.api.APIPrescriptionController.editPrescription(edu.ncsu.csc.itrust2.forms.hcp.PrescriptionForm)
20:26:54.057 [main] DEBUG o.s.s.a.m.DelegatingMethodSecurityMetadataSource - Caching method [CacheKey[edu.ncsu.csc.itrust2.controllers.api.APIPrescriptionController; public org.springframework.http.ResponseEntity edu.ncsu.csc.itrust2.controllers.api.APIPrescriptionController.editPrescription(edu.ncsu.csc.itrust2.forms.hcp.PrescriptionForm)]] with attributes [[authorize: 'hasRole('ROLE_HCP')', filter: 'null', filterTarget: 'null']]
20:26:54.057 [main] DEBUG o.s.aop.framework.CglibAopProxy - Unable to apply any optimisations to advised method: public org.springframework.http.ResponseEntity edu.ncsu.csc.itrust2.controllers.api.APIPrescriptionController.editPrescription(edu.ncsu.csc.itrust2.forms.hcp.PrescriptionForm)
20:26:54.057 [main] DEBUG o.s.s.a.p.PrePostAnnotationSecurityMetadataSource - @org.springframework.security.access.prepost.PreAuthorize(value=hasRole('ROLE_HCP')) found on specific method: public org.springframework.http.ResponseEntity edu.ncsu.csc.itrust2.controllers.api.APIPrescriptionController.deletePrescription(java.lang.Long)
20:26:54.058 [main] DEBUG o.s.s.a.m.DelegatingMethodSecurityMetadataSource - Caching method [CacheKey[edu.ncsu.csc.itrust2.controllers.api.APIPrescriptionController; public org.springframework.http.ResponseEntity edu.ncsu.csc.itrust2.controllers.api.APIPrescriptionController.deletePrescription(java.lang.Long)]] with attributes [[authorize: 'hasRole('ROLE_HCP')', filter: 'null', filterTarget: 'null']]
20:26:54.058 [main] DEBUG o.s.aop.framework.CglibAopProxy - Unable to apply any optimisations to advised method: public org.springframework.http.ResponseEntity edu.ncsu.csc.itrust2.controllers.api.APIPrescriptionController.deletePrescription(java.lang.Long)
20:26:54.058 [main] DEBUG o.s.s.a.p.PrePostAnnotationSecurityMetadataSource - @org.springframework.security.access.prepost.PreAuthorize(value=hasAnyRole('ROLE_HCP', 'ROLE_PATIENT')) found on specific method: public java.util.List edu.ncsu.csc.itrust2.controllers.api.APIPrescriptionController.getPrescriptions()
20:26:54.059 [main] DEBUG o.s.s.a.m.DelegatingMethodSecurityMetadataSource - Caching method [CacheKey[edu.ncsu.csc.itrust2.controllers.api.APIPrescriptionController; public java.util.List edu.ncsu.csc.itrust2.controllers.api.APIPrescriptionController.getPrescriptions()]] with attributes [[authorize: 'hasAnyRole('ROLE_HCP', 'ROLE_PATIENT')', filter: 'null', filterTarget: 'null']]
20:26:54.059 [main] DEBUG o.s.aop.framework.CglibAopProxy - Unable to apply any optimisations to advised method: public java.util.List edu.ncsu.csc.itrust2.controllers.api.APIPrescriptionController.getPrescriptions()
20:26:54.059 [main] DEBUG o.s.s.a.p.PrePostAnnotationSecurityMetadataSource - @org.springframework.security.access.prepost.PreAuthorize(value=hasRole('ROLE_HCP')) found on specific method: public org.springframework.http.ResponseEntity edu.ncsu.csc.itrust2.controllers.api.APIPrescriptionController.getPrescription(java.lang.Long)
20:26:54.059 [main] DEBUG o.s.s.a.m.DelegatingMethodSecurityMetadataSource - Caching method [CacheKey[edu.ncsu.csc.itrust2.controllers.api.APIPrescriptionController; public org.springframework.http.ResponseEntity edu.ncsu.csc.itrust2.controllers.api.APIPrescriptionController.getPrescription(java.lang.Long)]] with attributes [[authorize: 'hasRole('ROLE_HCP')', filter: 'null', filterTarget: 'null']]
20:26:54.060 [main] DEBUG o.s.aop.framework.CglibAopProxy - Unable to apply any optimisations to advised method: public org.springframework.http.ResponseEntity edu.ncsu.csc.itrust2.controllers.api.APIPrescriptionController.getPrescription(java.lang.Long)
20:26:54.065 [main] DEBUG o.s.aop.framework.CglibAopProxy - Found 'equals' method: public boolean java.lang.Object.equals(java.lang.Object)
20:26:54.066 [main] DEBUG o.s.aop.framework.CglibAopProxy - Unable to apply any optimisations to advised method: public java.lang.String java.lang.Object.toString()
20:26:54.066 [main] DEBUG o.s.aop.framework.CglibAopProxy - Found 'hashCode' method: public native int java.lang.Object.hashCode()
20:26:54.066 [main] DEBUG o.s.aop.framework.CglibAopProxy - Unable to apply any optimisations to advised method: protected native java.lang.Object java.lang.Object.clone() throws java.lang.CloneNotSupportedException
20:26:54.066 [main] DEBUG o.s.aop.framework.CglibAopProxy - Method is declared on Advised interface: public abstract void org.springframework.aop.framework.Advised.setTargetSource(org.springframework.aop.TargetSource)
20:26:54.066 [main] DEBUG o.s.aop.framework.CglibAopProxy - Method is declared on Advised interface: public abstract org.springframework.aop.TargetSource org.springframework.aop.framework.Advised.getTargetSource()
20:26:54.066 [main] DEBUG o.s.aop.framework.CglibAopProxy - Method is declared on Advised interface: public abstract boolean org.springframework.aop.framework.Advised.isProxyTargetClass()
20:26:54.066 [main] DEBUG o.s.aop.framework.CglibAopProxy - Method is declared on Advised interface: public abstract void org.springframework.aop.framework.Advised.addAdvisor(org.springframework.aop.Advisor) throws org.springframework.aop.framework.AopConfigException
20:26:54.066 [main] DEBUG o.s.aop.framework.CglibAopProxy - Method is declared on Advised interface: public abstract void org.springframework.aop.framework.Advised.addAdvisor(int,org.springframework.aop.Advisor) throws org.springframework.aop.framework.AopConfigException
20:26:54.066 [main] DEBUG o.s.aop.framework.CglibAopProxy - Method is declared on Advised interface: public abstract void org.springframework.aop.framework.Advised.setPreFiltered(boolean)
20:26:54.067 [main] DEBUG o.s.aop.framework.CglibAopProxy - Method is declared on Advised interface: public abstract boolean org.springframework.aop.framework.Advised.isExposeProxy()
20:26:54.067 [main] DEBUG o.s.aop.framework.CglibAopProxy - Method is declared on Advised interface: public abstract void org.springframework.aop.framework.Advised.setExposeProxy(boolean)
20:26:54.067 [main] DEBUG o.s.aop.framework.CglibAopProxy - Method is declared on Advised interface: public abstract boolean org.springframework.aop.framework.Advised.isPreFiltered()
20:26:54.067 [main] DEBUG o.s.aop.framework.CglibAopProxy - Method is declared on Advised interface: public abstract java.lang.Class[] org.springframework.aop.framework.Advised.getProxiedInterfaces()
20:26:54.067 [main] DEBUG o.s.aop.framework.CglibAopProxy - Method is declared on Advised interface: public abstract boolean org.springframework.aop.framework.Advised.isInterfaceProxied(java.lang.Class)
20:26:54.067 [main] DEBUG o.s.aop.framework.CglibAopProxy - Method is declared on Advised interface: public abstract org.springframework.aop.Advisor[] org.springframework.aop.framework.Advised.getAdvisors()
20:26:54.067 [main] DEBUG o.s.aop.framework.CglibAopProxy - Method is declared on Advised interface: public abstract void org.springframework.aop.framework.Advised.removeAdvisor(int) throws org.springframework.aop.framework.AopConfigException
20:26:54.067 [main] DEBUG o.s.aop.framework.CglibAopProxy - Method is declared on Advised interface: public abstract boolean org.springframework.aop.framework.Advised.removeAdvisor(org.springframework.aop.Advisor)
20:26:54.067 [main] DEBUG o.s.aop.framework.CglibAopProxy - Method is declared on Advised interface: public abstract boolean org.springframework.aop.framework.Advised.replaceAdvisor(org.springframework.aop.Advisor,org.springframework.aop.Advisor) throws org.springframework.aop.framework.AopConfigException
20:26:54.067 [main] DEBUG o.s.aop.framework.CglibAopProxy - Method is declared on Advised interface: public abstract boolean org.springframework.aop.framework.Advised.removeAdvice(org.aopalliance.aop.Advice)
20:26:54.067 [main] DEBUG o.s.aop.framework.CglibAopProxy - Method is declared on Advised interface: public abstract java.lang.String org.springframework.aop.framework.Advised.toProxyConfigString()
20:26:54.067 [main] DEBUG o.s.aop.framework.CglibAopProxy - Method is declared on Advised interface: public abstract void org.springframework.aop.framework.Advised.addAdvice(int,org.aopalliance.aop.Advice) throws org.springframework.aop.framework.AopConfigException
20:26:54.067 [main] DEBUG o.s.aop.framework.CglibAopProxy - Method is declared on Advised interface: public abstract void org.springframework.aop.framework.Advised.addAdvice(org.aopalliance.aop.Advice) throws org.springframework.aop.framework.AopConfigException
20:26:54.067 [main] DEBUG o.s.aop.framework.CglibAopProxy - Method is declared on Advised interface: public abstract int org.springframework.aop.framework.Advised.indexOf(org.aopalliance.aop.Advice)
20:26:54.067 [main] DEBUG o.s.aop.framework.CglibAopProxy - Method is declared on Advised interface: public abstract int org.springframework.aop.framework.Advised.indexOf(org.springframework.aop.Advisor)
20:26:54.067 [main] DEBUG o.s.aop.framework.CglibAopProxy - Method is declared on Advised interface: public abstract boolean org.springframework.aop.framework.Advised.isFrozen()
20:26:54.067 [main] DEBUG o.s.aop.framework.CglibAopProxy - Method is declared on Advised interface: public abstract java.lang.Class org.springframework.aop.TargetClassAware.getTargetClass()
20:26:54.076 [main] DEBUG o.s.b.f.s.DefaultListableBeanFactory - Finished creating instance of bean 'APIPrescriptionController'
20:26:54.076 [main] DEBUG o.s.b.f.s.DefaultListableBeanFactory - Creating shared instance of singleton bean 'APIUserController'
20:26:54.076 [main] DEBUG o.s.b.f.s.DefaultListableBeanFactory - Creating instance of bean 'APIUserController'
20:26:54.079 [main] DEBUG o.s.b.f.s.DefaultListableBeanFactory - Eagerly caching bean 'APIUserController' to allow for resolving potential circular references
20:26:54.083 [main] DEBUG o.s.b.f.s.DefaultListableBeanFactory - Returning cached instance of singleton bean 'metaDataSourceAdvisor'
20:26:54.085 [main] DEBUG o.s.b.f.s.DefaultListableBeanFactory - Finished creating instance of bean 'APIUserController'
20:26:54.085 [main] DEBUG o.s.b.f.s.DefaultListableBeanFactory - Creating shared instance of singleton bean 'appointmentControllerHCP'
20:26:54.085 [main] DEBUG o.s.b.f.s.DefaultListableBeanFactory - Creating instance of bean 'appointmentControllerHCP'
20:26:54.086 [main] DEBUG o.s.b.f.s.DefaultListableBeanFactory - Eagerly caching bean 'appointmentControllerHCP' to allow for resolving potential circular references
20:26:54.088 [main] DEBUG o.s.b.f.s.DefaultListableBeanFactory - Returning cached instance of singleton bean 'metaDataSourceAdvisor'
20:26:54.088 [main] DEBUG o.s.s.a.p.PrePostAnnotationSecurityMetadataSource - @org.springframework.security.access.prepost.PreAuthorize(value=hasRole('ROLE_HCP')) found on specific method: public java.lang.String edu.ncsu.csc.itrust2.controllers.hcp.AppointmentControllerHCP.requestAppointmentForm(org.springframework.ui.Model)
20:26:54.088 [main] DEBUG o.s.s.a.m.DelegatingMethodSecurityMetadataSource - Caching method [CacheKey[edu.ncsu.csc.itrust2.controllers.hcp.AppointmentControllerHCP; public java.lang.String edu.ncsu.csc.itrust2.controllers.hcp.AppointmentControllerHCP.requestAppointmentForm(org.springframework.ui.Model)]] with attributes [[authorize: 'hasRole('ROLE_HCP')', filter: 'null', filterTarget: 'null']]
20:26:54.088 [main] DEBUG o.s.a.f.a.InfrastructureAdvisorAutoProxyCreator - Creating implicit proxy for bean 'appointmentControllerHCP' with 0 common interceptors and 1 specific interceptors
20:26:54.088 [main] DEBUG o.s.aop.framework.CglibAopProxy - Creating CGLIB proxy: target source is SingletonTargetSource for target object [edu.ncsu.csc.itrust2.controllers.hcp.AppointmentControllerHCP@1eaf95d2]
20:26:54.090 [main] DEBUG o.s.aop.framework.CglibAopProxy - Unable to apply any optimisations to advised method: public java.lang.String edu.ncsu.csc.itrust2.controllers.hcp.AppointmentControllerHCP.requestAppointmentForm(org.springframework.ui.Model)
20:26:54.090 [main] DEBUG o.s.s.a.p.PrePostAnnotationSecurityMetadataSource - @org.springframework.security.access.prepost.PreAuthorize(value=hasRole('ROLE_HCP')) found on specific method: public java.lang.String edu.ncsu.csc.itrust2.controllers.hcp.AppointmentControllerHCP.appointmentActionSubmit(edu.ncsu.csc.itrust2.forms.patient.AppointmentForm)
20:26:54.091 [main] DEBUG o.s.s.a.m.DelegatingMethodSecurityMetadataSource - Caching method [CacheKey[edu.ncsu.csc.itrust2.controllers.hcp.AppointmentControllerHCP; public java.lang.String edu.ncsu.csc.itrust2.controllers.hcp.AppointmentControllerHCP.appointmentActionSubmit(edu.ncsu.csc.itrust2.forms.patient.AppointmentForm)]] with attributes [[authorize: 'hasRole('ROLE_HCP')', filter: 'null', filterTarget: 'null']]
20:26:54.092 [main] DEBUG o.s.aop.framework.CglibAopProxy - Unable to apply any optimisations to advised method: public java.lang.String edu.ncsu.csc.itrust2.controllers.hcp.AppointmentControllerHCP.appointmentActionSubmit(edu.ncsu.csc.itrust2.forms.patient.AppointmentForm)
20:26:54.092 [main] DEBUG o.s.s.a.p.PrePostAnnotationSecurityMetadataSource - @org.springframework.security.access.prepost.PreAuthorize(value=hasRole('ROLE_HCP')) found on specific method: public java.lang.String edu.ncsu.csc.itrust2.controllers.hcp.AppointmentControllerHCP.upcomingAppointments(org.springframework.ui.Model)
20:26:54.092 [main] DEBUG o.s.s.a.m.DelegatingMethodSecurityMetadataSource - Caching method [CacheKey[edu.ncsu.csc.itrust2.controllers.hcp.AppointmentControllerHCP; public java.lang.String edu.ncsu.csc.itrust2.controllers.hcp.AppointmentControllerHCP.upcomingAppointments(org.springframework.ui.Model)]] with attributes [[authorize: 'hasRole('ROLE_HCP')', filter: 'null', filterTarget: 'null']]
20:26:54.092 [main] DEBUG o.s.aop.framework.CglibAopProxy - Unable to apply any optimisations to advised method: public java.lang.String edu.ncsu.csc.itrust2.controllers.hcp.AppointmentControllerHCP.upcomingAppointments(org.springframework.ui.Model)
20:26:54.092 [main] DEBUG o.s.aop.framework.CglibAopProxy - Found 'equals' method: public boolean java.lang.Object.equals(java.lang.Object)
20:26:54.093 [main] DEBUG o.s.aop.framework.CglibAopProxy - Unable to apply any optimisations to advised method: public java.lang.String java.lang.Object.toString()
20:26:54.093 [main] DEBUG o.s.aop.framework.CglibAopProxy - Found 'hashCode' method: public native int java.lang.Object.hashCode()
20:26:54.093 [main] DEBUG o.s.aop.framework.CglibAopProxy - Unable to apply any optimisations to advised method: protected native java.lang.Object java.lang.Object.clone() throws java.lang.CloneNotSupportedException
20:26:54.093 [main] DEBUG o.s.aop.framework.CglibAopProxy - Method is declared on Advised interface: public abstract void org.springframework.aop.framework.Advised.setTargetSource(org.springframework.aop.TargetSource)
20:26:54.093 [main] DEBUG o.s.aop.framework.CglibAopProxy - Method is declared on Advised interface: public abstract org.springframework.aop.TargetSource org.springframework.aop.framework.Advised.getTargetSource()
20:26:54.093 [main] DEBUG o.s.aop.framework.CglibAopProxy - Method is declared on Advised interface: public abstract boolean org.springframework.aop.framework.Advised.isProxyTargetClass()
20:26:54.093 [main] DEBUG o.s.aop.framework.CglibAopProxy - Method is declared on Advised interface: public abstract void org.springframework.aop.framework.Advised.addAdvisor(org.springframework.aop.Advisor) throws org.springframework.aop.framework.AopConfigException
20:26:54.093 [main] DEBUG o.s.aop.framework.CglibAopProxy - Method is declared on Advised interface: public abstract void org.springframework.aop.framework.Advised.addAdvisor(int,org.springframework.aop.Advisor) throws org.springframework.aop.framework.AopConfigException
20:26:54.093 [main] DEBUG o.s.aop.framework.CglibAopProxy - Method is declared on Advised interface: public abstract void org.springframework.aop.framework.Advised.setPreFiltered(boolean)
20:26:54.093 [main] DEBUG o.s.aop.framework.CglibAopProxy - Method is declared on Advised interface: public abstract boolean org.springframework.aop.framework.Advised.isExposeProxy()
20:26:54.093 [main] DEBUG o.s.aop.framework.CglibAopProxy - Method is declared on Advised interface: public abstract void org.springframework.aop.framework.Advised.setExposeProxy(boolean)
20:26:54.093 [main] DEBUG o.s.aop.framework.CglibAopProxy - Method is declared on Advised interface: public abstract boolean org.springframework.aop.framework.Advised.isPreFiltered()
20:26:54.093 [main] DEBUG o.s.aop.framework.CglibAopProxy - Method is declared on Advised interface: public abstract java.lang.Class[] org.springframework.aop.framework.Advised.getProxiedInterfaces()
20:26:54.093 [main] DEBUG o.s.aop.framework.CglibAopProxy - Method is declared on Advised interface: public abstract boolean org.springframework.aop.framework.Advised.isInterfaceProxied(java.lang.Class)
20:26:54.093 [main] DEBUG o.s.aop.framework.CglibAopProxy - Method is declared on Advised interface: public abstract org.springframework.aop.Advisor[] org.springframework.aop.framework.Advised.getAdvisors()
20:26:54.093 [main] DEBUG o.s.aop.framework.CglibAopProxy - Method is declared on Advised interface: public abstract void org.springframework.aop.framework.Advised.removeAdvisor(int) throws org.springframework.aop.framework.AopConfigException
20:26:54.093 [main] DEBUG o.s.aop.framework.CglibAopProxy - Method is declared on Advised interface: public abstract boolean org.springframework.aop.framework.Advised.removeAdvisor(org.springframework.aop.Advisor)
20:26:54.093 [main] DEBUG o.s.aop.framework.CglibAopProxy - Method is declared on Advised interface: public abstract boolean org.springframework.aop.framework.Advised.replaceAdvisor(org.springframework.aop.Advisor,org.springframework.aop.Advisor) throws org.springframework.aop.framework.AopConfigException
20:26:54.093 [main] DEBUG o.s.aop.framework.CglibAopProxy - Method is declared on Advised interface: public abstract boolean org.springframework.aop.framework.Advised.removeAdvice(org.aopalliance.aop.Advice)
20:26:54.093 [main] DEBUG o.s.aop.framework.CglibAopProxy - Method is declared on Advised interface: public abstract java.lang.String org.springframework.aop.framework.Advised.toProxyConfigString()
20:26:54.093 [main] DEBUG o.s.aop.framework.CglibAopProxy - Method is declared on Advised interface: public abstract void org.springframework.aop.framework.Advised.addAdvice(int,org.aopalliance.aop.Advice) throws org.springframework.aop.framework.AopConfigException
20:26:54.093 [main] DEBUG o.s.aop.framework.CglibAopProxy - Method is declared on Advised interface: public abstract void org.springframework.aop.framework.Advised.addAdvice(org.aopalliance.aop.Advice) throws org.springframework.aop.framework.AopConfigException
20:26:54.093 [main] DEBUG o.s.aop.framework.CglibAopProxy - Method is declared on Advised interface: public abstract int org.springframework.aop.framework.Advised.indexOf(org.aopalliance.aop.Advice)
20:26:54.093 [main] DEBUG o.s.aop.framework.CglibAopProxy - Method is declared on Advised interface: public abstract int org.springframework.aop.framework.Advised.indexOf(org.springframework.aop.Advisor)
20:26:54.093 [main] DEBUG o.s.aop.framework.CglibAopProxy - Method is declared on Advised interface: public abstract boolean org.springframework.aop.framework.Advised.isFrozen()
20:26:54.093 [main] DEBUG o.s.aop.framework.CglibAopProxy - Method is declared on Advised interface: public abstract java.lang.Class org.springframework.aop.TargetClassAware.getTargetClass()
20:26:54.105 [main] DEBUG o.s.b.f.s.DefaultListableBeanFactory - Finished creating instance of bean 'appointmentControllerHCP'
20:26:54.105 [main] DEBUG o.s.b.f.s.DefaultListableBeanFactory - Creating shared instance of singleton bean 'HCPController'
20:26:54.105 [main] DEBUG o.s.b.f.s.DefaultListableBeanFactory - Creating instance of bean 'HCPController'
20:26:54.106 [main] DEBUG o.s.b.f.s.DefaultListableBeanFactory - Eagerly caching bean 'HCPController' to allow for resolving potential circular references
20:26:54.107 [main] DEBUG o.s.b.f.s.DefaultListableBeanFactory - Returning cached instance of singleton bean 'metaDataSourceAdvisor'
20:26:54.107 [main] DEBUG o.s.s.a.p.PrePostAnnotationSecurityMetadataSource - @org.springframework.security.access.prepost.PreAuthorize(value=hasRole('ROLE_HCP')) found on specific method: public java.lang.String edu.ncsu.csc.itrust2.controllers.hcp.HCPController.editPatientDemographics()
20:26:54.108 [main] DEBUG o.s.s.a.m.DelegatingMethodSecurityMetadataSource - Caching method [CacheKey[edu.ncsu.csc.itrust2.controllers.hcp.HCPController; public java.lang.String edu.ncsu.csc.itrust2.controllers.hcp.HCPController.editPatientDemographics()]] with attributes [[authorize: 'hasRole('ROLE_HCP')', filter: 'null', filterTarget: 'null']]
20:26:54.108 [main] DEBUG o.s.a.f.a.InfrastructureAdvisorAutoProxyCreator - Creating implicit proxy for bean 'HCPController' with 0 common interceptors and 1 specific interceptors
20:26:54.108 [main] DEBUG o.s.aop.framework.CglibAopProxy - Creating CGLIB proxy: target source is SingletonTargetSource for target object [edu.ncsu.csc.itrust2.controllers.hcp.HCPController@178cfe5e]
20:26:54.110 [main] DEBUG o.s.aop.framework.CglibAopProxy - Unable to apply any optimisations to advised method: public java.lang.String edu.ncsu.csc.itrust2.controllers.hcp.HCPController.editPatientDemographics()
20:26:54.110 [main] DEBUG o.s.s.a.p.PrePostAnnotationSecurityMetadataSource - @org.springframework.security.access.prepost.PreAuthorize(value=hasRole('ROLE_HCP')) found on specific method: public java.lang.String edu.ncsu.csc.itrust2.controllers.hcp.HCPController.editPrescriptions()
20:26:54.110 [main] DEBUG o.s.s.a.m.DelegatingMethodSecurityMetadataSource - Caching method [CacheKey[edu.ncsu.csc.itrust2.controllers.hcp.HCPController; public java.lang.String edu.ncsu.csc.itrust2.controllers.hcp.HCPController.editPrescriptions()]] with attributes [[authorize: 'hasRole('ROLE_HCP')', filter: 'null', filterTarget: 'null']]
20:26:54.110 [main] DEBUG o.s.aop.framework.CglibAopProxy - Unable to apply any optimisations to advised method: public java.lang.String edu.ncsu.csc.itrust2.controllers.hcp.HCPController.editPrescriptions()
20:26:54.110 [main] DEBUG o.s.s.a.p.PrePostAnnotationSecurityMetadataSource - @org.springframework.security.access.prepost.PreAuthorize(value=hasRole('ROLE_HCP')) found on specific method: public java.lang.String edu.ncsu.csc.itrust2.controllers.hcp.HCPController.index(org.springframework.ui.Model)
20:26:54.110 [main] DEBUG o.s.s.a.m.DelegatingMethodSecurityMetadataSource - Caching method [CacheKey[edu.ncsu.csc.itrust2.controllers.hcp.HCPController; public java.lang.String edu.ncsu.csc.itrust2.controllers.hcp.HCPController.index(org.springframework.ui.Model)]] with attributes [[authorize: 'hasRole('ROLE_HCP')', filter: 'null', filterTarget: 'null']]
20:26:54.110 [main] DEBUG o.s.aop.framework.CglibAopProxy - Unable to apply any optimisations to advised method: public java.lang.String edu.ncsu.csc.itrust2.controllers.hcp.HCPController.index(org.springframework.ui.Model)
20:26:54.110 [main] DEBUG o.s.aop.framework.CglibAopProxy - Found 'equals' method: public boolean java.lang.Object.equals(java.lang.Object)
20:26:54.111 [main] DEBUG o.s.aop.framework.CglibAopProxy - Unable to apply any optimisations to advised method: public java.lang.String java.lang.Object.toString()
20:26:54.111 [main] DEBUG o.s.aop.framework.CglibAopProxy - Found 'hashCode' method: public native int java.lang.Object.hashCode()
20:26:54.111 [main] DEBUG o.s.aop.framework.CglibAopProxy - Unable to apply any optimisations to advised method: protected native java.lang.Object java.lang.Object.clone() throws java.lang.CloneNotSupportedException
20:26:54.111 [main] DEBUG o.s.aop.framework.CglibAopProxy - Method is declared on Advised interface: public abstract void org.springframework.aop.framework.Advised.setTargetSource(org.springframework.aop.TargetSource)
20:26:54.111 [main] DEBUG o.s.aop.framework.CglibAopProxy - Method is declared on Advised interface: public abstract org.springframework.aop.TargetSource org.springframework.aop.framework.Advised.getTargetSource()
20:26:54.111 [main] DEBUG o.s.aop.framework.CglibAopProxy - Method is declared on Advised interface: public abstract boolean org.springframework.aop.framework.Advised.isProxyTargetClass()
20:26:54.111 [main] DEBUG o.s.aop.framework.CglibAopProxy - Method is declared on Advised interface: public abstract void org.springframework.aop.framework.Advised.addAdvisor(org.springframework.aop.Advisor) throws org.springframework.aop.framework.AopConfigException
20:26:54.111 [main] DEBUG o.s.aop.framework.CglibAopProxy - Method is declared on Advised interface: public abstract void org.springframework.aop.framework.Advised.addAdvisor(int,org.springframework.aop.Advisor) throws org.springframework.aop.framework.AopConfigException
20:26:54.111 [main] DEBUG o.s.aop.framework.CglibAopProxy - Method is declared on Advised interface: public abstract void org.springframework.aop.framework.Advised.setPreFiltered(boolean)
20:26:54.111 [main] DEBUG o.s.aop.framework.CglibAopProxy - Method is declared on Advised interface: public abstract boolean org.springframework.aop.framework.Advised.isExposeProxy()
20:26:54.111 [main] DEBUG o.s.aop.framework.CglibAopProxy - Method is declared on Advised interface: public abstract void org.springframework.aop.framework.Advised.setExposeProxy(boolean)
20:26:54.111 [main] DEBUG o.s.aop.framework.CglibAopProxy - Method is declared on Advised interface: public abstract boolean org.springframework.aop.framework.Advised.isPreFiltered()
20:26:54.111 [main] DEBUG o.s.aop.framework.CglibAopProxy - Method is declared on Advised interface: public abstract java.lang.Class[] org.springframework.aop.framework.Advised.getProxiedInterfaces()
20:26:54.111 [main] DEBUG o.s.aop.framework.CglibAopProxy - Method is declared on Advised interface: public abstract boolean org.springframework.aop.framework.Advised.isInterfaceProxied(java.lang.Class)
20:26:54.111 [main] DEBUG o.s.aop.framework.CglibAopProxy - Method is declared on Advised interface: public abstract org.springframework.aop.Advisor[] org.springframework.aop.framework.Advised.getAdvisors()
20:26:54.111 [main] DEBUG o.s.aop.framework.CglibAopProxy - Method is declared on Advised interface: public abstract void org.springframework.aop.framework.Advised.removeAdvisor(int) throws org.springframework.aop.framework.AopConfigException
20:26:54.111 [main] DEBUG o.s.aop.framework.CglibAopProxy - Method is declared on Advised interface: public abstract boolean org.springframework.aop.framework.Advised.removeAdvisor(org.springframework.aop.Advisor)
20:26:54.111 [main] DEBUG o.s.aop.framework.CglibAopProxy - Method is declared on Advised interface: public abstract boolean org.springframework.aop.framework.Advised.replaceAdvisor(org.springframework.aop.Advisor,org.springframework.aop.Advisor) throws org.springframework.aop.framework.AopConfigException
20:26:54.111 [main] DEBUG o.s.aop.framework.CglibAopProxy - Method is declared on Advised interface: public abstract boolean org.springframework.aop.framework.Advised.removeAdvice(org.aopalliance.aop.Advice)
20:26:54.111 [main] DEBUG o.s.aop.framework.CglibAopProxy - Method is declared on Advised interface: public abstract java.lang.String org.springframework.aop.framework.Advised.toProxyConfigString()
20:26:54.111 [main] DEBUG o.s.aop.framework.CglibAopProxy - Method is declared on Advised interface: public abstract void org.springframework.aop.framework.Advised.addAdvice(int,org.aopalliance.aop.Advice) throws org.springframework.aop.framework.AopConfigException
20:26:54.111 [main] DEBUG o.s.aop.framework.CglibAopProxy - Method is declared on Advised interface: public abstract void org.springframework.aop.framework.Advised.addAdvice(org.aopalliance.aop.Advice) throws org.springframework.aop.framework.AopConfigException
20:26:54.111 [main] DEBUG o.s.aop.framework.CglibAopProxy - Method is declared on Advised interface: public abstract int org.springframework.aop.framework.Advised.indexOf(org.aopalliance.aop.Advice)
20:26:54.111 [main] DEBUG o.s.aop.framework.CglibAopProxy - Method is declared on Advised interface: public abstract int org.springframework.aop.framework.Advised.indexOf(org.springframework.aop.Advisor)
20:26:54.111 [main] DEBUG o.s.aop.framework.CglibAopProxy - Method is declared on Advised interface: public abstract boolean org.springframework.aop.framework.Advised.isFrozen()
20:26:54.111 [main] DEBUG o.s.aop.framework.CglibAopProxy - Method is declared on Advised interface: public abstract java.lang.Class org.springframework.aop.TargetClassAware.getTargetClass()
20:26:54.123 [main] DEBUG o.s.b.f.s.DefaultListableBeanFactory - Finished creating instance of bean 'HCPController'
20:26:54.123 [main] DEBUG o.s.b.f.s.DefaultListableBeanFactory - Creating shared instance of singleton bean 'officeVisitController'
20:26:54.123 [main] DEBUG o.s.b.f.s.DefaultListableBeanFactory - Creating instance of bean 'officeVisitController'
20:26:54.124 [main] DEBUG o.s.b.f.s.DefaultListableBeanFactory - Eagerly caching bean 'officeVisitController' to allow for resolving potential circular references
20:26:54.126 [main] DEBUG o.s.b.f.s.DefaultListableBeanFactory - Returning cached instance of singleton bean 'metaDataSourceAdvisor'
20:26:54.126 [main] DEBUG o.s.s.a.p.PrePostAnnotationSecurityMetadataSource - @org.springframework.security.access.prepost.PreAuthorize(value=hasRole('ROLE_HCP')) found on specific method: public java.lang.String edu.ncsu.csc.itrust2.controllers.hcp.OfficeVisitController.documentOfficeVisit(org.springframework.ui.Model)
20:26:54.126 [main] DEBUG o.s.s.a.m.DelegatingMethodSecurityMetadataSource - Caching method [CacheKey[edu.ncsu.csc.itrust2.controllers.hcp.OfficeVisitController; public java.lang.String edu.ncsu.csc.itrust2.controllers.hcp.OfficeVisitController.documentOfficeVisit(org.springframework.ui.Model)]] with attributes [[authorize: 'hasRole('ROLE_HCP')', filter: 'null', filterTarget: 'null']]
20:26:54.127 [main] DEBUG o.s.a.f.a.InfrastructureAdvisorAutoProxyCreator - Creating implicit proxy for bean 'officeVisitController' with 0 common interceptors and 1 specific interceptors
20:26:54.127 [main] DEBUG o.s.aop.framework.CglibAopProxy - Creating CGLIB proxy: target source is SingletonTargetSource for target object [edu.ncsu.csc.itrust2.controllers.hcp.OfficeVisitController@3a089620]
20:26:54.127 [main] DEBUG o.s.aop.framework.CglibAopProxy - Unable to apply any optimisations to advised method: public java.lang.String edu.ncsu.csc.itrust2.controllers.hcp.OfficeVisitController.documentOfficeVisit(org.springframework.ui.Model)
20:26:54.127 [main] DEBUG o.s.s.a.p.PrePostAnnotationSecurityMetadataSource - @org.springframework.security.access.prepost.PreAuthorize(value=hasRole('ROLE_HCP')) found on specific method: public java.lang.String edu.ncsu.csc.itrust2.controllers.hcp.OfficeVisitController.documentVisitSubmit(edu.ncsu.csc.itrust2.forms.hcp.OfficeVisitForm,org.springframework.validation.BindingResult,org.springframework.ui.Model)
20:26:54.127 [main] DEBUG o.s.s.a.m.DelegatingMethodSecurityMetadataSource - Caching method [CacheKey[edu.ncsu.csc.itrust2.controllers.hcp.OfficeVisitController; public java.lang.String edu.ncsu.csc.itrust2.controllers.hcp.OfficeVisitController.documentVisitSubmit(edu.ncsu.csc.itrust2.forms.hcp.OfficeVisitForm,org.springframework.validation.BindingResult,org.springframework.ui.Model)]] with attributes [[authorize: 'hasRole('ROLE_HCP')', filter: 'null', filterTarget: 'null']]
20:26:54.127 [main] DEBUG o.s.aop.framework.CglibAopProxy - Unable to apply any optimisations to advised method: public java.lang.String edu.ncsu.csc.itrust2.controllers.hcp.OfficeVisitController.documentVisitSubmit(edu.ncsu.csc.itrust2.forms.hcp.OfficeVisitForm,org.springframework.validation.BindingResult,org.springframework.ui.Model)
20:26:54.128 [main] DEBUG o.s.s.a.p.PrePostAnnotationSecurityMetadataSource - @org.springframework.security.access.prepost.PreAuthorize(value=hasRole('ROLE_HCP')) found on specific method: public java.lang.String edu.ncsu.csc.itrust2.controllers.hcp.OfficeVisitController.getAllOfficeVisits(org.springframework.ui.Model)
20:26:54.128 [main] DEBUG o.s.s.a.m.DelegatingMethodSecurityMetadataSource - Caching method [CacheKey[edu.ncsu.csc.itrust2.controllers.hcp.OfficeVisitController; public java.lang.String edu.ncsu.csc.itrust2.controllers.hcp.OfficeVisitController.getAllOfficeVisits(org.springframework.ui.Model)]] with attributes [[authorize: 'hasRole('ROLE_HCP')', filter: 'null', filterTarget: 'null']]
20:26:54.128 [main] DEBUG o.s.aop.framework.CglibAopProxy - Unable to apply any optimisations to advised method: public java.lang.String edu.ncsu.csc.itrust2.controllers.hcp.OfficeVisitController.getAllOfficeVisits(org.springframework.ui.Model)
20:26:54.128 [main] DEBUG o.s.aop.framework.CglibAopProxy - Found 'equals' method: public boolean java.lang.Object.equals(java.lang.Object)
20:26:54.128 [main] DEBUG o.s.aop.framework.CglibAopProxy - Unable to apply any optimisations to advised method: public java.lang.String java.lang.Object.toString()
20:26:54.128 [main] DEBUG o.s.aop.framework.CglibAopProxy - Found 'hashCode' method: public native int java.lang.Object.hashCode()
20:26:54.128 [main] DEBUG o.s.aop.framework.CglibAopProxy - Unable to apply any optimisations to advised method: protected native java.lang.Object java.lang.Object.clone() throws java.lang.CloneNotSupportedException
20:26:54.128 [main] DEBUG o.s.aop.framework.CglibAopProxy - Method is declared on Advised interface: public abstract void org.springframework.aop.framework.Advised.setTargetSource(org.springframework.aop.TargetSource)
20:26:54.128 [main] DEBUG o.s.aop.framework.CglibAopProxy - Method is declared on Advised interface: public abstract org.springframework.aop.TargetSource org.springframework.aop.framework.Advised.getTargetSource()
20:26:54.128 [main] DEBUG o.s.aop.framework.CglibAopProxy - Method is declared on Advised interface: public abstract boolean org.springframework.aop.framework.Advised.isProxyTargetClass()
20:26:54.128 [main] DEBUG o.s.aop.framework.CglibAopProxy - Method is declared on Advised interface: public abstract void org.springframework.aop.framework.Advised.addAdvisor(org.springframework.aop.Advisor) throws org.springframework.aop.framework.AopConfigException
20:26:54.128 [main] DEBUG o.s.aop.framework.CglibAopProxy - Method is declared on Advised interface: public abstract void org.springframework.aop.framework.Advised.addAdvisor(int,org.springframework.aop.Advisor) throws org.springframework.aop.framework.AopConfigException
20:26:54.128 [main] DEBUG o.s.aop.framework.CglibAopProxy - Method is declared on Advised interface: public abstract void org.springframework.aop.framework.Advised.setPreFiltered(boolean)
20:26:54.128 [main] DEBUG o.s.aop.framework.CglibAopProxy - Method is declared on Advised interface: public abstract boolean org.springframework.aop.framework.Advised.isExposeProxy()
20:26:54.128 [main] DEBUG o.s.aop.framework.CglibAopProxy - Method is declared on Advised interface: public abstract void org.springframework.aop.framework.Advised.setExposeProxy(boolean)
20:26:54.128 [main] DEBUG o.s.aop.framework.CglibAopProxy - Method is declared on Advised interface: public abstract boolean org.springframework.aop.framework.Advised.isPreFiltered()
20:26:54.128 [main] DEBUG o.s.aop.framework.CglibAopProxy - Method is declared on Advised interface: public abstract java.lang.Class[] org.springframework.aop.framework.Advised.getProxiedInterfaces()
20:26:54.128 [main] DEBUG o.s.aop.framework.CglibAopProxy - Method is declared on Advised interface: public abstract boolean org.springframework.aop.framework.Advised.isInterfaceProxied(java.lang.Class)
20:26:54.128 [main] DEBUG o.s.aop.framework.CglibAopProxy - Method is declared on Advised interface: public abstract org.springframework.aop.Advisor[] org.springframework.aop.framework.Advised.getAdvisors()
20:26:54.128 [main] DEBUG o.s.aop.framework.CglibAopProxy - Method is declared on Advised interface: public abstract void org.springframework.aop.framework.Advised.removeAdvisor(int) throws org.springframework.aop.framework.AopConfigException
20:26:54.128 [main] DEBUG o.s.aop.framework.CglibAopProxy - Method is declared on Advised interface: public abstract boolean org.springframework.aop.framework.Advised.removeAdvisor(org.springframework.aop.Advisor)
20:26:54.128 [main] DEBUG o.s.aop.framework.CglibAopProxy - Method is declared on Advised interface: public abstract boolean org.springframework.aop.framework.Advised.replaceAdvisor(org.springframework.aop.Advisor,org.springframework.aop.Advisor) throws org.springframework.aop.framework.AopConfigException
20:26:54.128 [main] DEBUG o.s.aop.framework.CglibAopProxy - Method is declared on Advised interface: public abstract boolean org.springframework.aop.framework.Advised.removeAdvice(org.aopalliance.aop.Advice)
20:26:54.128 [main] DEBUG o.s.aop.framework.CglibAopProxy - Method is declared on Advised interface: public abstract java.lang.String org.springframework.aop.framework.Advised.toProxyConfigString()
20:26:54.128 [main] DEBUG o.s.aop.framework.CglibAopProxy - Method is declared on Advised interface: public abstract void org.springframework.aop.framework.Advised.addAdvice(int,org.aopalliance.aop.Advice) throws org.springframework.aop.framework.AopConfigException
20:26:54.128 [main] DEBUG o.s.aop.framework.CglibAopProxy - Method is declared on Advised interface: public abstract void org.springframework.aop.framework.Advised.addAdvice(org.aopalliance.aop.Advice) throws org.springframework.aop.framework.AopConfigException
20:26:54.128 [main] DEBUG o.s.aop.framework.CglibAopProxy - Method is declared on Advised interface: public abstract int org.springframework.aop.framework.Advised.indexOf(org.aopalliance.aop.Advice)
20:26:54.128 [main] DEBUG o.s.aop.framework.CglibAopProxy - Method is declared on Advised interface: public abstract int org.springframework.aop.framework.Advised.indexOf(org.springframework.aop.Advisor)
20:26:54.128 [main] DEBUG o.s.aop.framework.CglibAopProxy - Method is declared on Advised interface: public abstract boolean org.springframework.aop.framework.Advised.isFrozen()
20:26:54.128 [main] DEBUG o.s.aop.framework.CglibAopProxy - Method is declared on Advised interface: public abstract java.lang.Class org.springframework.aop.TargetClassAware.getTargetClass()
20:26:54.140 [main] DEBUG o.s.b.f.s.DefaultListableBeanFactory - Finished creating instance of bean 'officeVisitController'
20:26:54.141 [main] DEBUG o.s.b.f.s.DefaultListableBeanFactory - Creating shared instance of singleton bean 'appointmentController'
20:26:54.141 [main] DEBUG o.s.b.f.s.DefaultListableBeanFactory - Creating instance of bean 'appointmentController'
20:26:54.142 [main] DEBUG o.s.b.f.s.DefaultListableBeanFactory - Eagerly caching bean 'appointmentController' to allow for resolving potential circular references
20:26:54.144 [main] DEBUG o.s.b.f.s.DefaultListableBeanFactory - Returning cached instance of singleton bean 'metaDataSourceAdvisor'
20:26:54.144 [main] DEBUG o.s.s.a.p.PrePostAnnotationSecurityMetadataSource - @org.springframework.security.access.prepost.PreAuthorize(value=hasRole('ROLE_PATIENT')) found on specific method: public java.lang.String edu.ncsu.csc.itrust2.controllers.patient.AppointmentController.requestAppointmentForm(org.springframework.ui.Model)
20:26:54.145 [main] DEBUG o.s.s.a.m.DelegatingMethodSecurityMetadataSource - Caching method [CacheKey[edu.ncsu.csc.itrust2.controllers.patient.AppointmentController; public java.lang.String edu.ncsu.csc.itrust2.controllers.patient.AppointmentController.requestAppointmentForm(org.springframework.ui.Model)]] with attributes [[authorize: 'hasRole('ROLE_PATIENT')', filter: 'null', filterTarget: 'null']]
20:26:54.145 [main] DEBUG o.s.a.f.a.InfrastructureAdvisorAutoProxyCreator - Creating implicit proxy for bean 'appointmentController' with 0 common interceptors and 1 specific interceptors
20:26:54.145 [main] DEBUG o.s.aop.framework.CglibAopProxy - Creating CGLIB proxy: target source is SingletonTargetSource for target object [edu.ncsu.csc.itrust2.controllers.patient.AppointmentController@162ccd19]
20:26:54.146 [main] DEBUG o.s.aop.framework.CglibAopProxy - Unable to apply any optimisations to advised method: public java.lang.String edu.ncsu.csc.itrust2.controllers.patient.AppointmentController.requestAppointmentForm(org.springframework.ui.Model)
20:26:54.146 [main] DEBUG o.s.s.a.p.PrePostAnnotationSecurityMetadataSource - @org.springframework.security.access.prepost.PreAuthorize(value=hasRole('ROLE_PATIENT')) found on specific method: public java.lang.String edu.ncsu.csc.itrust2.controllers.patient.AppointmentController.inventorySubmit(edu.ncsu.csc.itrust2.forms.patient.AppointmentRequestForm,org.springframework.validation.BindingResult,org.springframework.ui.Model)
20:26:54.146 [main] DEBUG o.s.s.a.m.DelegatingMethodSecurityMetadataSource - Caching method [CacheKey[edu.ncsu.csc.itrust2.controllers.patient.AppointmentController; public java.lang.String edu.ncsu.csc.itrust2.controllers.patient.AppointmentController.inventorySubmit(edu.ncsu.csc.itrust2.forms.patient.AppointmentRequestForm,org.springframework.validation.BindingResult,org.springframework.ui.Model)]] with attributes [[authorize: 'hasRole('ROLE_PATIENT')', filter: 'null', filterTarget: 'null']]
20:26:54.146 [main] DEBUG o.s.aop.framework.CglibAopProxy - Unable to apply any optimisations to advised method: public java.lang.String edu.ncsu.csc.itrust2.controllers.patient.AppointmentController.inventorySubmit(edu.ncsu.csc.itrust2.forms.patient.AppointmentRequestForm,org.springframework.validation.BindingResult,org.springframework.ui.Model)
20:26:54.147 [main] DEBUG o.s.s.a.p.PrePostAnnotationSecurityMetadataSource - @org.springframework.security.access.prepost.PreAuthorize(value=hasRole('ROLE_PATIENT')) found on specific method: public java.lang.String edu.ncsu.csc.itrust2.controllers.patient.AppointmentController.viewAppointmentRequests(org.springframework.ui.Model)
20:26:54.147 [main] DEBUG o.s.s.a.m.DelegatingMethodSecurityMetadataSource - Caching method [CacheKey[edu.ncsu.csc.itrust2.controllers.patient.AppointmentController; public java.lang.String edu.ncsu.csc.itrust2.controllers.patient.AppointmentController.viewAppointmentRequests(org.springframework.ui.Model)]] with attributes [[authorize: 'hasRole('ROLE_PATIENT')', filter: 'null', filterTarget: 'null']]
20:26:54.147 [main] DEBUG o.s.aop.framework.CglibAopProxy - Unable to apply any optimisations to advised method: public java.lang.String edu.ncsu.csc.itrust2.controllers.patient.AppointmentController.viewAppointmentRequests(org.springframework.ui.Model)
20:26:54.147 [main] DEBUG o.s.s.a.p.PrePostAnnotationSecurityMetadataSource - @org.springframework.security.access.prepost.PreAuthorize(value=hasRole('ROLE_PATIENT')) found on specific method: public java.lang.String edu.ncsu.csc.itrust2.controllers.patient.AppointmentController.viewRequestsSubmit(edu.ncsu.csc.itrust2.forms.patient.AppointmentForm)
20:26:54.147 [main] DEBUG o.s.s.a.m.DelegatingMethodSecurityMetadataSource - Caching method [CacheKey[edu.ncsu.csc.itrust2.controllers.patient.AppointmentController; public java.lang.String edu.ncsu.csc.itrust2.controllers.patient.AppointmentController.viewRequestsSubmit(edu.ncsu.csc.itrust2.forms.patient.AppointmentForm)]] with attributes [[authorize: 'hasRole('ROLE_PATIENT')', filter: 'null', filterTarget: 'null']]
20:26:54.147 [main] DEBUG o.s.aop.framework.CglibAopProxy - Unable to apply any optimisations to advised method: public java.lang.String edu.ncsu.csc.itrust2.controllers.patient.AppointmentController.viewRequestsSubmit(edu.ncsu.csc.itrust2.forms.patient.AppointmentForm)
20:26:54.147 [main] DEBUG o.s.aop.framework.CglibAopProxy - Found 'equals' method: public boolean java.lang.Object.equals(java.lang.Object)
20:26:54.147 [main] DEBUG o.s.aop.framework.CglibAopProxy - Unable to apply any optimisations to advised method: public java.lang.String java.lang.Object.toString()
20:26:54.147 [main] DEBUG o.s.aop.framework.CglibAopProxy - Found 'hashCode' method: public native int java.lang.Object.hashCode()
20:26:54.147 [main] DEBUG o.s.aop.framework.CglibAopProxy - Unable to apply any optimisations to advised method: protected native java.lang.Object java.lang.Object.clone() throws java.lang.CloneNotSupportedException
20:26:54.147 [main] DEBUG o.s.aop.framework.CglibAopProxy - Method is declared on Advised interface: public abstract void org.springframework.aop.framework.Advised.setTargetSource(org.springframework.aop.TargetSource)
20:26:54.147 [main] DEBUG o.s.aop.framework.CglibAopProxy - Method is declared on Advised interface: public abstract org.springframework.aop.TargetSource org.springframework.aop.framework.Advised.getTargetSource()
20:26:54.148 [main] DEBUG o.s.aop.framework.CglibAopProxy - Method is declared on Advised interface: public abstract boolean org.springframework.aop.framework.Advised.isProxyTargetClass()
20:26:54.148 [main] DEBUG o.s.aop.framework.CglibAopProxy - Method is declared on Advised interface: public abstract void org.springframework.aop.framework.Advised.addAdvisor(org.springframework.aop.Advisor) throws org.springframework.aop.framework.AopConfigException
20:26:54.148 [main] DEBUG o.s.aop.framework.CglibAopProxy - Method is declared on Advised interface: public abstract void org.springframework.aop.framework.Advised.addAdvisor(int,org.springframework.aop.Advisor) throws org.springframework.aop.framework.AopConfigException
20:26:54.148 [main] DEBUG o.s.aop.framework.CglibAopProxy - Method is declared on Advised interface: public abstract void org.springframework.aop.framework.Advised.setPreFiltered(boolean)
20:26:54.148 [main] DEBUG o.s.aop.framework.CglibAopProxy - Method is declared on Advised interface: public abstract boolean org.springframework.aop.framework.Advised.isExposeProxy()
20:26:54.148 [main] DEBUG o.s.aop.framework.CglibAopProxy - Method is declared on Advised interface: public abstract void org.springframework.aop.framework.Advised.setExposeProxy(boolean)
20:26:54.148 [main] DEBUG o.s.aop.framework.CglibAopProxy - Method is declared on Advised interface: public abstract boolean org.springframework.aop.framework.Advised.isPreFiltered()
20:26:54.148 [main] DEBUG o.s.aop.framework.CglibAopProxy - Method is declared on Advised interface: public abstract java.lang.Class[] org.springframework.aop.framework.Advised.getProxiedInterfaces()
20:26:54.148 [main] DEBUG o.s.aop.framework.CglibAopProxy - Method is declared on Advised interface: public abstract boolean org.springframework.aop.framework.Advised.isInterfaceProxied(java.lang.Class)
20:26:54.148 [main] DEBUG o.s.aop.framework.CglibAopProxy - Method is declared on Advised interface: public abstract org.springframework.aop.Advisor[] org.springframework.aop.framework.Advised.getAdvisors()
20:26:54.148 [main] DEBUG o.s.aop.framework.CglibAopProxy - Method is declared on Advised interface: public abstract void org.springframework.aop.framework.Advised.removeAdvisor(int) throws org.springframework.aop.framework.AopConfigException
20:26:54.148 [main] DEBUG o.s.aop.framework.CglibAopProxy - Method is declared on Advised interface: public abstract boolean org.springframework.aop.framework.Advised.removeAdvisor(org.springframework.aop.Advisor)
20:26:54.148 [main] DEBUG o.s.aop.framework.CglibAopProxy - Method is declared on Advised interface: public abstract boolean org.springframework.aop.framework.Advised.replaceAdvisor(org.springframework.aop.Advisor,org.springframework.aop.Advisor) throws org.springframework.aop.framework.AopConfigException
20:26:54.148 [main] DEBUG o.s.aop.framework.CglibAopProxy - Method is declared on Advised interface: public abstract boolean org.springframework.aop.framework.Advised.removeAdvice(org.aopalliance.aop.Advice)
20:26:54.148 [main] DEBUG o.s.aop.framework.CglibAopProxy - Method is declared on Advised interface: public abstract java.lang.String org.springframework.aop.framework.Advised.toProxyConfigString()
20:26:54.148 [main] DEBUG o.s.aop.framework.CglibAopProxy - Method is declared on Advised interface: public abstract void org.springframework.aop.framework.Advised.addAdvice(int,org.aopalliance.aop.Advice) throws org.springframework.aop.framework.AopConfigException
20:26:54.148 [main] DEBUG o.s.aop.framework.CglibAopProxy - Method is declared on Advised interface: public abstract void org.springframework.aop.framework.Advised.addAdvice(org.aopalliance.aop.Advice) throws org.springframework.aop.framework.AopConfigException
20:26:54.148 [main] DEBUG o.s.aop.framework.CglibAopProxy - Method is declared on Advised interface: public abstract int org.springframework.aop.framework.Advised.indexOf(org.aopalliance.aop.Advice)
20:26:54.148 [main] DEBUG o.s.aop.framework.CglibAopProxy - Method is declared on Advised interface: public abstract int org.springframework.aop.framework.Advised.indexOf(org.springframework.aop.Advisor)
20:26:54.148 [main] DEBUG o.s.aop.framework.CglibAopProxy - Method is declared on Advised interface: public abstract boolean org.springframework.aop.framework.Advised.isFrozen()
20:26:54.148 [main] DEBUG o.s.aop.framework.CglibAopProxy - Method is declared on Advised interface: public abstract java.lang.Class org.springframework.aop.TargetClassAware.getTargetClass()
20:26:54.162 [main] DEBUG o.s.b.f.s.DefaultListableBeanFactory - Finished creating instance of bean 'appointmentController'
20:26:54.162 [main] DEBUG o.s.b.f.s.DefaultListableBeanFactory - Creating shared instance of singleton bean 'diagnosesController'
20:26:54.163 [main] DEBUG o.s.b.f.s.DefaultListableBeanFactory - Creating instance of bean 'diagnosesController'
20:26:54.163 [main] DEBUG o.s.b.f.s.DefaultListableBeanFactory - Eagerly caching bean 'diagnosesController' to allow for resolving potential circular references
20:26:54.164 [main] DEBUG o.s.b.f.s.DefaultListableBeanFactory - Returning cached instance of singleton bean 'metaDataSourceAdvisor'
20:26:54.164 [main] DEBUG o.s.s.a.p.PrePostAnnotationSecurityMetadataSource - @org.springframework.security.access.prepost.PreAuthorize(value=hasRole('ROLE_PATIENT')) found on specific method: public java.lang.String edu.ncsu.csc.itrust2.controllers.patient.DiagnosesController.viewDiagnoses(org.springframework.ui.Model)
20:26:54.165 [main] DEBUG o.s.s.a.m.DelegatingMethodSecurityMetadataSource - Caching method [CacheKey[edu.ncsu.csc.itrust2.controllers.patient.DiagnosesController; public java.lang.String edu.ncsu.csc.itrust2.controllers.patient.DiagnosesController.viewDiagnoses(org.springframework.ui.Model)]] with attributes [[authorize: 'hasRole('ROLE_PATIENT')', filter: 'null', filterTarget: 'null']]
20:26:54.165 [main] DEBUG o.s.a.f.a.InfrastructureAdvisorAutoProxyCreator - Creating implicit proxy for bean 'diagnosesController' with 0 common interceptors and 1 specific interceptors
20:26:54.165 [main] DEBUG o.s.aop.framework.CglibAopProxy - Creating CGLIB proxy: target source is SingletonTargetSource for target object [edu.ncsu.csc.itrust2.controllers.patient.DiagnosesController@19f72e12]
20:26:54.165 [main] DEBUG o.s.aop.framework.CglibAopProxy - Unable to apply any optimisations to advised method: public java.lang.String edu.ncsu.csc.itrust2.controllers.patient.DiagnosesController.viewDiagnoses(org.springframework.ui.Model)
20:26:54.165 [main] DEBUG o.s.aop.framework.CglibAopProxy - Found 'equals' method: public boolean java.lang.Object.equals(java.lang.Object)
20:26:54.165 [main] DEBUG o.s.aop.framework.CglibAopProxy - Unable to apply any optimisations to advised method: public java.lang.String java.lang.Object.toString()
20:26:54.165 [main] DEBUG o.s.aop.framework.CglibAopProxy - Found 'hashCode' method: public native int java.lang.Object.hashCode()
20:26:54.165 [main] DEBUG o.s.aop.framework.CglibAopProxy - Unable to apply any optimisations to advised method: protected native java.lang.Object java.lang.Object.clone() throws java.lang.CloneNotSupportedException
20:26:54.165 [main] DEBUG o.s.aop.framework.CglibAopProxy - Method is declared on Advised interface: public abstract void org.springframework.aop.framework.Advised.setTargetSource(org.springframework.aop.TargetSource)
20:26:54.165 [main] DEBUG o.s.aop.framework.CglibAopProxy - Method is declared on Advised interface: public abstract org.springframework.aop.TargetSource org.springframework.aop.framework.Advised.getTargetSource()
20:26:54.165 [main] DEBUG o.s.aop.framework.CglibAopProxy - Method is declared on Advised interface: public abstract boolean org.springframework.aop.framework.Advised.isProxyTargetClass()
20:26:54.165 [main] DEBUG o.s.aop.framework.CglibAopProxy - Method is declared on Advised interface: public abstract void org.springframework.aop.framework.Advised.addAdvisor(org.springframework.aop.Advisor) throws org.springframework.aop.framework.AopConfigException
20:26:54.165 [main] DEBUG o.s.aop.framework.CglibAopProxy - Method is declared on Advised interface: public abstract void org.springframework.aop.framework.Advised.addAdvisor(int,org.springframework.aop.Advisor) throws org.springframework.aop.framework.AopConfigException
20:26:54.165 [main] DEBUG o.s.aop.framework.CglibAopProxy - Method is declared on Advised interface: public abstract void org.springframework.aop.framework.Advised.setPreFiltered(boolean)
20:26:54.165 [main] DEBUG o.s.aop.framework.CglibAopProxy - Method is declared on Advised interface: public abstract boolean org.springframework.aop.framework.Advised.isExposeProxy()
20:26:54.165 [main] DEBUG o.s.aop.framework.CglibAopProxy - Method is declared on Advised interface: public abstract void org.springframework.aop.framework.Advised.setExposeProxy(boolean)
20:26:54.165 [main] DEBUG o.s.aop.framework.CglibAopProxy - Method is declared on Advised interface: public abstract boolean org.springframework.aop.framework.Advised.isPreFiltered()
20:26:54.166 [main] DEBUG o.s.aop.framework.CglibAopProxy - Method is declared on Advised interface: public abstract java.lang.Class[] org.springframework.aop.framework.Advised.getProxiedInterfaces()
20:26:54.166 [main] DEBUG o.s.aop.framework.CglibAopProxy - Method is declared on Advised interface: public abstract boolean org.springframework.aop.framework.Advised.isInterfaceProxied(java.lang.Class)
20:26:54.166 [main] DEBUG o.s.aop.framework.CglibAopProxy - Method is declared on Advised interface: public abstract org.springframework.aop.Advisor[] org.springframework.aop.framework.Advised.getAdvisors()
20:26:54.166 [main] DEBUG o.s.aop.framework.CglibAopProxy - Method is declared on Advised interface: public abstract void org.springframework.aop.framework.Advised.removeAdvisor(int) throws org.springframework.aop.framework.AopConfigException
20:26:54.166 [main] DEBUG o.s.aop.framework.CglibAopProxy - Method is declared on Advised interface: public abstract boolean org.springframework.aop.framework.Advised.removeAdvisor(org.springframework.aop.Advisor)
20:26:54.166 [main] DEBUG o.s.aop.framework.CglibAopProxy - Method is declared on Advised interface: public abstract boolean org.springframework.aop.framework.Advised.replaceAdvisor(org.springframework.aop.Advisor,org.springframework.aop.Advisor) throws org.springframework.aop.framework.AopConfigException
20:26:54.166 [main] DEBUG o.s.aop.framework.CglibAopProxy - Method is declared on Advised interface: public abstract boolean org.springframework.aop.framework.Advised.removeAdvice(org.aopalliance.aop.Advice)
20:26:54.166 [main] DEBUG o.s.aop.framework.CglibAopProxy - Method is declared on Advised interface: public abstract java.lang.String org.springframework.aop.framework.Advised.toProxyConfigString()
20:26:54.166 [main] DEBUG o.s.aop.framework.CglibAopProxy - Method is declared on Advised interface: public abstract void org.springframework.aop.framework.Advised.addAdvice(int,org.aopalliance.aop.Advice) throws org.springframework.aop.framework.AopConfigException
20:26:54.166 [main] DEBUG o.s.aop.framework.CglibAopProxy - Method is declared on Advised interface: public abstract void org.springframework.aop.framework.Advised.addAdvice(org.aopalliance.aop.Advice) throws org.springframework.aop.framework.AopConfigException
20:26:54.166 [main] DEBUG o.s.aop.framework.CglibAopProxy - Method is declared on Advised interface: public abstract int org.springframework.aop.framework.Advised.indexOf(org.aopalliance.aop.Advice)
20:26:54.166 [main] DEBUG o.s.aop.framework.CglibAopProxy - Method is declared on Advised interface: public abstract int org.springframework.aop.framework.Advised.indexOf(org.springframework.aop.Advisor)
20:26:54.166 [main] DEBUG o.s.aop.framework.CglibAopProxy - Method is declared on Advised interface: public abstract boolean org.springframework.aop.framework.Advised.isFrozen()
20:26:54.166 [main] DEBUG o.s.aop.framework.CglibAopProxy - Method is declared on Advised interface: public abstract java.lang.Class org.springframework.aop.TargetClassAware.getTargetClass()
20:26:54.186 [main] DEBUG o.s.b.f.s.DefaultListableBeanFactory - Finished creating instance of bean 'diagnosesController'
20:26:54.186 [main] DEBUG o.s.b.f.s.DefaultListableBeanFactory - Creating shared instance of singleton bean 'patientController'
20:26:54.186 [main] DEBUG o.s.b.f.s.DefaultListableBeanFactory - Creating instance of bean 'patientController'
20:26:54.188 [main] DEBUG o.s.b.f.s.DefaultListableBeanFactory - Eagerly caching bean 'patientController' to allow for resolving potential circular references
20:26:54.192 [main] DEBUG o.s.b.f.s.DefaultListableBeanFactory - Returning cached instance of singleton bean 'metaDataSourceAdvisor'
20:26:54.192 [main] DEBUG o.s.s.a.p.PrePostAnnotationSecurityMetadataSource - @org.springframework.security.access.prepost.PreAuthorize(value=hasRole('ROLE_PATIENT')) found on specific method: public java.lang.String edu.ncsu.csc.itrust2.controllers.patient.PatientController.viewOfficeVisits(org.springframework.ui.Model)
20:26:54.192 [main] DEBUG o.s.s.a.m.DelegatingMethodSecurityMetadataSource - Caching method [CacheKey[edu.ncsu.csc.itrust2.controllers.patient.PatientController; public java.lang.String edu.ncsu.csc.itrust2.controllers.patient.PatientController.viewOfficeVisits(org.springframework.ui.Model)]] with attributes [[authorize: 'hasRole('ROLE_PATIENT')', filter: 'null', filterTarget: 'null']]
20:26:54.192 [main] DEBUG o.s.a.f.a.InfrastructureAdvisorAutoProxyCreator - Creating implicit proxy for bean 'patientController' with 0 common interceptors and 1 specific interceptors
20:26:54.192 [main] DEBUG o.s.aop.framework.CglibAopProxy - Creating CGLIB proxy: target source is SingletonTargetSource for target object [edu.ncsu.csc.itrust2.controllers.patient.PatientController@38a2fbc3]
20:26:54.193 [main] DEBUG o.s.aop.framework.CglibAopProxy - Unable to apply any optimisations to advised method: public java.lang.String edu.ncsu.csc.itrust2.controllers.patient.PatientController.viewOfficeVisits(org.springframework.ui.Model)
20:26:54.193 [main] DEBUG o.s.s.a.p.PrePostAnnotationSecurityMetadataSource - @org.springframework.security.access.prepost.PreAuthorize(value=hasRole('ROLE_PATIENT')) found on specific method: public java.lang.String edu.ncsu.csc.itrust2.controllers.patient.PatientController.viewPrescriptions(org.springframework.ui.Model)
20:26:54.193 [main] DEBUG o.s.s.a.m.DelegatingMethodSecurityMetadataSource - Caching method [CacheKey[edu.ncsu.csc.itrust2.controllers.patient.PatientController; public java.lang.String edu.ncsu.csc.itrust2.controllers.patient.PatientController.viewPrescriptions(org.springframework.ui.Model)]] with attributes [[authorize: 'hasRole('ROLE_PATIENT')', filter: 'null', filterTarget: 'null']]
20:26:54.193 [main] DEBUG o.s.aop.framework.CglibAopProxy - Unable to apply any optimisations to advised method: public java.lang.String edu.ncsu.csc.itrust2.controllers.patient.PatientController.viewPrescriptions(org.springframework.ui.Model)
20:26:54.193 [main] DEBUG o.s.s.a.p.PrePostAnnotationSecurityMetadataSource - @org.springframework.security.access.prepost.PreAuthorize(value=hasRole('ROLE_PATIENT')) found on specific method: public java.lang.String edu.ncsu.csc.itrust2.controllers.patient.PatientController.viewDemographics(org.springframework.ui.Model)
20:26:54.195 [main] DEBUG o.s.s.a.m.DelegatingMethodSecurityMetadataSource - Caching method [CacheKey[edu.ncsu.csc.itrust2.controllers.patient.PatientController; public java.lang.String edu.ncsu.csc.itrust2.controllers.patient.PatientController.viewDemographics(org.springframework.ui.Model)]] with attributes [[authorize: 'hasRole('ROLE_PATIENT')', filter: 'null', filterTarget: 'null']]
20:26:54.195 [main] DEBUG o.s.aop.framework.CglibAopProxy - Unable to apply any optimisations to advised method: public java.lang.String edu.ncsu.csc.itrust2.controllers.patient.PatientController.viewDemographics(org.springframework.ui.Model)
20:26:54.196 [main] DEBUG o.s.s.a.p.PrePostAnnotationSecurityMetadataSource - @org.springframework.security.access.prepost.PreAuthorize(value=hasRole('ROLE_PATIENT')) found on specific method: public java.lang.String edu.ncsu.csc.itrust2.controllers.patient.PatientController.demographicsSubmit(edu.ncsu.csc.itrust2.forms.hcp_patient.PatientForm,org.springframework.validation.BindingResult,org.springframework.ui.Model)
20:26:54.197 [main] DEBUG o.s.s.a.m.DelegatingMethodSecurityMetadataSource - Caching method [CacheKey[edu.ncsu.csc.itrust2.controllers.patient.PatientController; public java.lang.String edu.ncsu.csc.itrust2.controllers.patient.PatientController.demographicsSubmit(edu.ncsu.csc.itrust2.forms.hcp_patient.PatientForm,org.springframework.validation.BindingResult,org.springframework.ui.Model)]] with attributes [[authorize: 'hasRole('ROLE_PATIENT')', filter: 'null', filterTarget: 'null']]
20:26:54.197 [main] DEBUG o.s.aop.framework.CglibAopProxy - Unable to apply any optimisations to advised method: public java.lang.String edu.ncsu.csc.itrust2.controllers.patient.PatientController.demographicsSubmit(edu.ncsu.csc.itrust2.forms.hcp_patient.PatientForm,org.springframework.validation.BindingResult,org.springframework.ui.Model)
20:26:54.197 [main] DEBUG o.s.s.a.p.PrePostAnnotationSecurityMetadataSource - @org.springframework.security.access.prepost.PreAuthorize(value=hasRole('ROLE_PATIENT')) found on specific method: public java.lang.String edu.ncsu.csc.itrust2.controllers.patient.PatientController.index(org.springframework.ui.Model)
20:26:54.198 [main] DEBUG o.s.s.a.m.DelegatingMethodSecurityMetadataSource - Caching method [CacheKey[edu.ncsu.csc.itrust2.controllers.patient.PatientController; public java.lang.String edu.ncsu.csc.itrust2.controllers.patient.PatientController.index(org.springframework.ui.Model)]] with attributes [[authorize: 'hasRole('ROLE_PATIENT')', filter: 'null', filterTarget: 'null']]
20:26:54.198 [main] DEBUG o.s.aop.framework.CglibAopProxy - Unable to apply any optimisations to advised method: public java.lang.String edu.ncsu.csc.itrust2.controllers.patient.PatientController.index(org.springframework.ui.Model)
20:26:54.198 [main] DEBUG o.s.aop.framework.CglibAopProxy - Found 'equals' method: public boolean java.lang.Object.equals(java.lang.Object)
20:26:54.198 [main] DEBUG o.s.aop.framework.CglibAopProxy - Unable to apply any optimisations to advised method: public java.lang.String java.lang.Object.toString()
20:26:54.198 [main] DEBUG o.s.aop.framework.CglibAopProxy - Found 'hashCode' method: public native int java.lang.Object.hashCode()
20:26:54.198 [main] DEBUG o.s.aop.framework.CglibAopProxy - Unable to apply any optimisations to advised method: protected native java.lang.Object java.lang.Object.clone() throws java.lang.CloneNotSupportedException
20:26:54.198 [main] DEBUG o.s.aop.framework.CglibAopProxy - Method is declared on Advised interface: public abstract void org.springframework.aop.framework.Advised.setTargetSource(org.springframework.aop.TargetSource)
20:26:54.198 [main] DEBUG o.s.aop.framework.CglibAopProxy - Method is declared on Advised interface: public abstract org.springframework.aop.TargetSource org.springframework.aop.framework.Advised.getTargetSource()
20:26:54.198 [main] DEBUG o.s.aop.framework.CglibAopProxy - Method is declared on Advised interface: public abstract boolean org.springframework.aop.framework.Advised.isProxyTargetClass()
20:26:54.198 [main] DEBUG o.s.aop.framework.CglibAopProxy - Method is declared on Advised interface: public abstract void org.springframework.aop.framework.Advised.addAdvisor(org.springframework.aop.Advisor) throws org.springframework.aop.framework.AopConfigException
20:26:54.198 [main] DEBUG o.s.aop.framework.CglibAopProxy - Method is declared on Advised interface: public abstract void org.springframework.aop.framework.Advised.addAdvisor(int,org.springframework.aop.Advisor) throws org.springframework.aop.framework.AopConfigException
20:26:54.198 [main] DEBUG o.s.aop.framework.CglibAopProxy - Method is declared on Advised interface: public abstract void org.springframework.aop.framework.Advised.setPreFiltered(boolean)
20:26:54.198 [main] DEBUG o.s.aop.framework.CglibAopProxy - Method is declared on Advised interface: public abstract boolean org.springframework.aop.framework.Advised.isExposeProxy()
20:26:54.198 [main] DEBUG o.s.aop.framework.CglibAopProxy - Method is declared on Advised interface: public abstract void org.springframework.aop.framework.Advised.setExposeProxy(boolean)
20:26:54.198 [main] DEBUG o.s.aop.framework.CglibAopProxy - Method is declared on Advised interface: public abstract boolean org.springframework.aop.framework.Advised.isPreFiltered()
20:26:54.198 [main] DEBUG o.s.aop.framework.CglibAopProxy - Method is declared on Advised interface: public abstract java.lang.Class[] org.springframework.aop.framework.Advised.getProxiedInterfaces()
20:26:54.198 [main] DEBUG o.s.aop.framework.CglibAopProxy - Method is declared on Advised interface: public abstract boolean org.springframework.aop.framework.Advised.isInterfaceProxied(java.lang.Class)
20:26:54.198 [main] DEBUG o.s.aop.framework.CglibAopProxy - Method is declared on Advised interface: public abstract org.springframework.aop.Advisor[] org.springframework.aop.framework.Advised.getAdvisors()
20:26:54.198 [main] DEBUG o.s.aop.framework.CglibAopProxy - Method is declared on Advised interface: public abstract void org.springframework.aop.framework.Advised.removeAdvisor(int) throws org.springframework.aop.framework.AopConfigException
20:26:54.198 [main] DEBUG o.s.aop.framework.CglibAopProxy - Method is declared on Advised interface: public abstract boolean org.springframework.aop.framework.Advised.removeAdvisor(org.springframework.aop.Advisor)
20:26:54.198 [main] DEBUG o.s.aop.framework.CglibAopProxy - Method is declared on Advised interface: public abstract boolean org.springframework.aop.framework.Advised.replaceAdvisor(org.springframework.aop.Advisor,org.springframework.aop.Advisor) throws org.springframework.aop.framework.AopConfigException
20:26:54.198 [main] DEBUG o.s.aop.framework.CglibAopProxy - Method is declared on Advised interface: public abstract boolean org.springframework.aop.framework.Advised.removeAdvice(org.aopalliance.aop.Advice)
20:26:54.198 [main] DEBUG o.s.aop.framework.CglibAopProxy - Method is declared on Advised interface: public abstract java.lang.String org.springframework.aop.framework.Advised.toProxyConfigString()
20:26:54.198 [main] DEBUG o.s.aop.framework.CglibAopProxy - Method is declared on Advised interface: public abstract void org.springframework.aop.framework.Advised.addAdvice(int,org.aopalliance.aop.Advice) throws org.springframework.aop.framework.AopConfigException
20:26:54.198 [main] DEBUG o.s.aop.framework.CglibAopProxy - Method is declared on Advised interface: public abstract void org.springframework.aop.framework.Advised.addAdvice(org.aopalliance.aop.Advice) throws org.springframework.aop.framework.AopConfigException
20:26:54.198 [main] DEBUG o.s.aop.framework.CglibAopProxy - Method is declared on Advised interface: public abstract int org.springframework.aop.framework.Advised.indexOf(org.aopalliance.aop.Advice)
20:26:54.198 [main] DEBUG o.s.aop.framework.CglibAopProxy - Method is declared on Advised interface: public abstract int org.springframework.aop.framework.Advised.indexOf(org.springframework.aop.Advisor)
20:26:54.198 [main] DEBUG o.s.aop.framework.CglibAopProxy - Method is declared on Advised interface: public abstract boolean org.springframework.aop.framework.Advised.isFrozen()
20:26:54.198 [main] DEBUG o.s.aop.framework.CglibAopProxy - Method is declared on Advised interface: public abstract java.lang.Class org.springframework.aop.TargetClassAware.getTargetClass()
20:26:54.206 [main] DEBUG o.s.b.f.s.DefaultListableBeanFactory - Finished creating instance of bean 'patientController'
20:26:54.206 [main] DEBUG o.s.b.f.s.DefaultListableBeanFactory - Creating shared instance of singleton bean 'passwordController'
20:26:54.206 [main] DEBUG o.s.b.f.s.DefaultListableBeanFactory - Creating instance of bean 'passwordController'
20:26:54.207 [main] DEBUG o.s.b.f.s.DefaultListableBeanFactory - Eagerly caching bean 'passwordController' to allow for resolving potential circular references
20:26:54.208 [main] DEBUG o.s.b.f.s.DefaultListableBeanFactory - Returning cached instance of singleton bean 'metaDataSourceAdvisor'
20:26:54.208 [main] DEBUG o.s.b.f.s.DefaultListableBeanFactory - Finished creating instance of bean 'passwordController'
20:26:54.209 [main] DEBUG o.s.b.f.s.DefaultListableBeanFactory - Creating shared instance of singleton bean 'userController'
20:26:54.209 [main] DEBUG o.s.b.f.s.DefaultListableBeanFactory - Creating instance of bean 'userController'
20:26:54.209 [main] DEBUG o.s.b.f.s.DefaultListableBeanFactory - Eagerly caching bean 'userController' to allow for resolving potential circular references
20:26:54.210 [main] DEBUG o.s.b.f.s.DefaultListableBeanFactory - Returning cached instance of singleton bean 'metaDataSourceAdvisor'
20:26:54.211 [main] DEBUG o.s.s.a.p.PrePostAnnotationSecurityMetadataSource - @org.springframework.security.access.prepost.PreAuthorize(value=hasRole('ROLE_HCP') or hasRole('ROLE_ADMIN')) found on specific method: public java.lang.String edu.ncsu.csc.itrust2.controllers.personnel.UserController.viewDemographics(org.springframework.ui.Model)
20:26:54.212 [main] DEBUG o.s.s.a.m.DelegatingMethodSecurityMetadataSource - Caching method [CacheKey[edu.ncsu.csc.itrust2.controllers.personnel.UserController; public java.lang.String edu.ncsu.csc.itrust2.controllers.personnel.UserController.viewDemographics(org.springframework.ui.Model)]] with attributes [[authorize: 'hasRole('ROLE_HCP') or hasRole('ROLE_ADMIN')', filter: 'null', filterTarget: 'null']]
20:26:54.213 [main] DEBUG o.s.a.f.a.InfrastructureAdvisorAutoProxyCreator - Creating implicit proxy for bean 'userController' with 0 common interceptors and 1 specific interceptors
20:26:54.213 [main] DEBUG o.s.aop.framework.CglibAopProxy - Creating CGLIB proxy: target source is SingletonTargetSource for target object [edu.ncsu.csc.itrust2.controllers.personnel.UserController@2564410b]
20:26:54.213 [main] DEBUG o.s.aop.framework.CglibAopProxy - Unable to apply any optimisations to advised method: public java.lang.String edu.ncsu.csc.itrust2.controllers.personnel.UserController.viewDemographics(org.springframework.ui.Model)
20:26:54.213 [main] DEBUG o.s.s.a.p.PrePostAnnotationSecurityMetadataSource - @org.springframework.security.access.prepost.PreAuthorize(value=hasRole('ROLE_HCP') or hasRole('ROLE_ADMIN')) found on specific method: public java.lang.String edu.ncsu.csc.itrust2.controllers.personnel.UserController.demographicsSubmit(edu.ncsu.csc.itrust2.forms.personnel.PersonnelForm,org.springframework.validation.BindingResult,org.springframework.ui.Model)
20:26:54.213 [main] DEBUG o.s.s.a.m.DelegatingMethodSecurityMetadataSource - Caching method [CacheKey[edu.ncsu.csc.itrust2.controllers.personnel.UserController; public java.lang.String edu.ncsu.csc.itrust2.controllers.personnel.UserController.demographicsSubmit(edu.ncsu.csc.itrust2.forms.personnel.PersonnelForm,org.springframework.validation.BindingResult,org.springframework.ui.Model)]] with attributes [[authorize: 'hasRole('ROLE_HCP') or hasRole('ROLE_ADMIN')', filter: 'null', filterTarget: 'null']]
20:26:54.213 [main] DEBUG o.s.aop.framework.CglibAopProxy - Unable to apply any optimisations to advised method: public java.lang.String edu.ncsu.csc.itrust2.controllers.personnel.UserController.demographicsSubmit(edu.ncsu.csc.itrust2.forms.personnel.PersonnelForm,org.springframework.validation.BindingResult,org.springframework.ui.Model)
20:26:54.213 [main] DEBUG o.s.aop.framework.CglibAopProxy - Found 'equals' method: public boolean java.lang.Object.equals(java.lang.Object)
20:26:54.214 [main] DEBUG o.s.aop.framework.CglibAopProxy - Unable to apply any optimisations to advised method: public java.lang.String java.lang.Object.toString()
20:26:54.214 [main] DEBUG o.s.aop.framework.CglibAopProxy - Found 'hashCode' method: public native int java.lang.Object.hashCode()
20:26:54.214 [main] DEBUG o.s.aop.framework.CglibAopProxy - Unable to apply any optimisations to advised method: protected native java.lang.Object java.lang.Object.clone() throws java.lang.CloneNotSupportedException
20:26:54.214 [main] DEBUG o.s.aop.framework.CglibAopProxy - Method is declared on Advised interface: public abstract void org.springframework.aop.framework.Advised.setTargetSource(org.springframework.aop.TargetSource)
20:26:54.214 [main] DEBUG o.s.aop.framework.CglibAopProxy - Method is declared on Advised interface: public abstract org.springframework.aop.TargetSource org.springframework.aop.framework.Advised.getTargetSource()
20:26:54.214 [main] DEBUG o.s.aop.framework.CglibAopProxy - Method is declared on Advised interface: public abstract boolean org.springframework.aop.framework.Advised.isProxyTargetClass()
20:26:54.214 [main] DEBUG o.s.aop.framework.CglibAopProxy - Method is declared on Advised interface: public abstract void org.springframework.aop.framework.Advised.addAdvisor(org.springframework.aop.Advisor) throws org.springframework.aop.framework.AopConfigException
20:26:54.214 [main] DEBUG o.s.aop.framework.CglibAopProxy - Method is declared on Advised interface: public abstract void org.springframework.aop.framework.Advised.addAdvisor(int,org.springframework.aop.Advisor) throws org.springframework.aop.framework.AopConfigException
20:26:54.214 [main] DEBUG o.s.aop.framework.CglibAopProxy - Method is declared on Advised interface: public abstract void org.springframework.aop.framework.Advised.setPreFiltered(boolean)
20:26:54.214 [main] DEBUG o.s.aop.framework.CglibAopProxy - Method is declared on Advised interface: public abstract boolean org.springframework.aop.framework.Advised.isExposeProxy()
20:26:54.214 [main] DEBUG o.s.aop.framework.CglibAopProxy - Method is declared on Advised interface: public abstract void org.springframework.aop.framework.Advised.setExposeProxy(boolean)
20:26:54.214 [main] DEBUG o.s.aop.framework.CglibAopProxy - Method is declared on Advised interface: public abstract boolean org.springframework.aop.framework.Advised.isPreFiltered()
20:26:54.214 [main] DEBUG o.s.aop.framework.CglibAopProxy - Method is declared on Advised interface: public abstract java.lang.Class[] org.springframework.aop.framework.Advised.getProxiedInterfaces()
20:26:54.214 [main] DEBUG o.s.aop.framework.CglibAopProxy - Method is declared on Advised interface: public abstract boolean org.springframework.aop.framework.Advised.isInterfaceProxied(java.lang.Class)
20:26:54.214 [main] DEBUG o.s.aop.framework.CglibAopProxy - Method is declared on Advised interface: public abstract org.springframework.aop.Advisor[] org.springframework.aop.framework.Advised.getAdvisors()
20:26:54.214 [main] DEBUG o.s.aop.framework.CglibAopProxy - Method is declared on Advised interface: public abstract void org.springframework.aop.framework.Advised.removeAdvisor(int) throws org.springframework.aop.framework.AopConfigException
20:26:54.214 [main] DEBUG o.s.aop.framework.CglibAopProxy - Method is declared on Advised interface: public abstract boolean org.springframework.aop.framework.Advised.removeAdvisor(org.springframework.aop.Advisor)
20:26:54.214 [main] DEBUG o.s.aop.framework.CglibAopProxy - Method is declared on Advised interface: public abstract boolean org.springframework.aop.framework.Advised.replaceAdvisor(org.springframework.aop.Advisor,org.springframework.aop.Advisor) throws org.springframework.aop.framework.AopConfigException
20:26:54.214 [main] DEBUG o.s.aop.framework.CglibAopProxy - Method is declared on Advised interface: public abstract boolean org.springframework.aop.framework.Advised.removeAdvice(org.aopalliance.aop.Advice)
20:26:54.214 [main] DEBUG o.s.aop.framework.CglibAopProxy - Method is declared on Advised interface: public abstract java.lang.String org.springframework.aop.framework.Advised.toProxyConfigString()
20:26:54.214 [main] DEBUG o.s.aop.framework.CglibAopProxy - Method is declared on Advised interface: public abstract void org.springframework.aop.framework.Advised.addAdvice(int,org.aopalliance.aop.Advice) throws org.springframework.aop.framework.AopConfigException
20:26:54.214 [main] DEBUG o.s.aop.framework.CglibAopProxy - Method is declared on Advised interface: public abstract void org.springframework.aop.framework.Advised.addAdvice(org.aopalliance.aop.Advice) throws org.springframework.aop.framework.AopConfigException
20:26:54.214 [main] DEBUG o.s.aop.framework.CglibAopProxy - Method is declared on Advised interface: public abstract int org.springframework.aop.framework.Advised.indexOf(org.aopalliance.aop.Advice)
20:26:54.214 [main] DEBUG o.s.aop.framework.CglibAopProxy - Method is declared on Advised interface: public abstract int org.springframework.aop.framework.Advised.indexOf(org.springframework.aop.Advisor)
20:26:54.214 [main] DEBUG o.s.aop.framework.CglibAopProxy - Method is declared on Advised interface: public abstract boolean org.springframework.aop.framework.Advised.isFrozen()
20:26:54.214 [main] DEBUG o.s.aop.framework.CglibAopProxy - Method is declared on Advised interface: public abstract java.lang.Class org.springframework.aop.TargetClassAware.getTargetClass()
20:26:54.223 [main] DEBUG o.s.b.f.s.DefaultListableBeanFactory - Finished creating instance of bean 'userController'
20:26:54.223 [main] DEBUG o.s.b.f.s.DefaultListableBeanFactory - Returning cached instance of singleton bean 'dataSource'
20:26:54.223 [main] DEBUG o.s.b.f.s.DefaultListableBeanFactory - Returning cached instance of singleton bean 'org.springframework.security.config.annotation.configuration.ObjectPostProcessorConfiguration'
20:26:54.223 [main] DEBUG o.s.b.f.s.DefaultListableBeanFactory - Returning cached instance of singleton bean 'objectPostProcessor'
20:26:54.223 [main] DEBUG o.s.b.f.s.DefaultListableBeanFactory - Returning cached instance of singleton bean 'org.springframework.security.config.annotation.authentication.configuration.AuthenticationConfiguration'
20:26:54.223 [main] DEBUG o.s.b.f.s.DefaultListableBeanFactory - Returning cached instance of singleton bean 'authenticationManagerBuilder'
20:26:54.223 [main] DEBUG o.s.b.f.s.DefaultListableBeanFactory - Returning cached instance of singleton bean 'enableGlobalAuthenticationAutowiredConfigurer'
20:26:54.223 [main] DEBUG o.s.b.f.s.DefaultListableBeanFactory - Returning cached instance of singleton bean 'initializeUserDetailsBeanManagerConfigurer'
20:26:54.223 [main] DEBUG o.s.b.f.s.DefaultListableBeanFactory - Returning cached instance of singleton bean 'initializeAuthenticationProviderBeanManagerConfigurer'
20:26:54.224 [main] DEBUG o.s.b.f.s.DefaultListableBeanFactory - Creating shared instance of singleton bean 'org.springframework.security.config.annotation.web.configuration.WebSecurityConfiguration'
20:26:54.224 [main] DEBUG o.s.b.f.s.DefaultListableBeanFactory - Creating instance of bean 'org.springframework.security.config.annotation.web.configuration.WebSecurityConfiguration'
20:26:54.230 [main] DEBUG o.s.b.f.annotation.InjectionMetadata - Registered injected element on class [org.springframework.security.config.annotation.web.configuration.WebSecurityConfiguration$$EnhancerBySpringCGLIB$$882cbcd1]: AutowiredFieldElement for private org.springframework.security.config.annotation.ObjectPostProcessor org.springframework.security.config.annotation.web.configuration.WebSecurityConfiguration.objectObjectPostProcessor
20:26:54.231 [main] DEBUG o.s.b.f.annotation.InjectionMetadata - Registered injected element on class [org.springframework.security.config.annotation.web.configuration.WebSecurityConfiguration$$EnhancerBySpringCGLIB$$882cbcd1]: AutowiredMethodElement for public void org.springframework.security.config.annotation.web.configuration.WebSecurityConfiguration.setFilterChainProxySecurityConfigurer(org.springframework.security.config.annotation.ObjectPostProcessor,java.util.List) throws java.lang.Exception
20:26:54.231 [main] DEBUG o.s.b.f.s.DefaultListableBeanFactory - Eagerly caching bean 'org.springframework.security.config.annotation.web.configuration.WebSecurityConfiguration' to allow for resolving potential circular references
20:26:54.231 [main] DEBUG o.s.b.f.annotation.InjectionMetadata - Processing injected element of bean 'org.springframework.security.config.annotation.web.configuration.WebSecurityConfiguration': AutowiredFieldElement for private org.springframework.security.config.annotation.ObjectPostProcessor org.springframework.security.config.annotation.web.configuration.WebSecurityConfiguration.objectObjectPostProcessor
20:26:54.232 [main] DEBUG o.s.b.f.s.DefaultListableBeanFactory - Returning cached instance of singleton bean 'objectPostProcessor'
20:26:54.232 [main] DEBUG o.s.b.f.a.AutowiredAnnotationBeanPostProcessor - Autowiring by type from bean name 'org.springframework.security.config.annotation.web.configuration.WebSecurityConfiguration' to bean named 'objectPostProcessor'
20:26:54.232 [main] DEBUG o.s.b.f.annotation.InjectionMetadata - Processing injected element of bean 'org.springframework.security.config.annotation.web.configuration.WebSecurityConfiguration': AutowiredMethodElement for public void org.springframework.security.config.annotation.web.configuration.WebSecurityConfiguration.setFilterChainProxySecurityConfigurer(org.springframework.security.config.annotation.ObjectPostProcessor,java.util.List) throws java.lang.Exception
20:26:54.238 [main] DEBUG o.s.b.f.s.DefaultListableBeanFactory - Returning cached instance of singleton bean 'objectPostProcessor'
20:26:54.242 [main] DEBUG o.s.b.f.s.DefaultListableBeanFactory - Creating shared instance of singleton bean 'autowiredWebSecurityConfigurersIgnoreParents'
20:26:54.242 [main] DEBUG o.s.b.f.s.DefaultListableBeanFactory - Creating instance of bean 'autowiredWebSecurityConfigurersIgnoreParents'
20:26:54.242 [main] DEBUG o.s.b.f.s.DefaultListableBeanFactory - Returning cached instance of singleton bean 'metaDataSourceAdvisor'
20:26:54.245 [main] DEBUG o.s.b.f.s.DefaultListableBeanFactory - Returning eagerly cached instance of singleton bean 'org.springframework.security.config.annotation.web.configuration.WebSecurityConfiguration' that is not fully initialized yet - a consequence of a circular reference
20:26:54.246 [main] DEBUG o.s.b.f.s.DefaultListableBeanFactory - Autowiring by type from bean name 'autowiredWebSecurityConfigurersIgnoreParents' via factory method to bean named 'org.springframework.beans.factory.support.DefaultListableBeanFactory@58687fb7'
20:26:54.255 [main] DEBUG o.s.b.f.s.DefaultListableBeanFactory - Eagerly caching bean 'autowiredWebSecurityConfigurersIgnoreParents' to allow for resolving potential circular references
20:26:54.258 [main] DEBUG o.s.b.f.s.DefaultListableBeanFactory - Returning cached instance of singleton bean 'metaDataSourceAdvisor'
20:26:54.258 [main] DEBUG o.s.b.f.s.DefaultListableBeanFactory - Finished creating instance of bean 'autowiredWebSecurityConfigurersIgnoreParents'
20:26:54.267 [main] DEBUG o.s.b.f.s.DefaultListableBeanFactory - Returning cached instance of singleton bean 'securityConfig'
20:26:54.272 [main] DEBUG o.s.b.f.a.AutowiredAnnotationBeanPostProcessor - Autowiring by type from bean name 'org.springframework.security.config.annotation.web.configuration.WebSecurityConfiguration' to bean named 'objectPostProcessor'
20:26:54.284 [main] DEBUG o.s.b.f.s.DefaultListableBeanFactory - Returning cached instance of singleton bean 'metaDataSourceAdvisor'
20:26:54.296 [main] DEBUG o.s.b.f.s.DefaultListableBeanFactory - Returning cached instance of singleton bean 'org.springframework.context.annotation.ConfigurationClassPostProcessor.importRegistry'
20:26:54.297 [main] DEBUG o.s.b.f.s.DefaultListableBeanFactory - Finished creating instance of bean 'org.springframework.security.config.annotation.web.configuration.WebSecurityConfiguration'
20:26:54.297 [main] DEBUG o.s.b.f.s.DefaultListableBeanFactory - Creating shared instance of singleton bean 'delegatingApplicationListener'
20:26:54.297 [main] DEBUG o.s.b.f.s.DefaultListableBeanFactory - Creating instance of bean 'delegatingApplicationListener'
20:26:54.298 [main] DEBUG o.s.b.f.s.DefaultListableBeanFactory - Eagerly caching bean 'delegatingApplicationListener' to allow for resolving potential circular references
20:26:54.300 [main] DEBUG o.s.b.f.s.DefaultListableBeanFactory - Returning cached instance of singleton bean 'metaDataSourceAdvisor'
20:26:54.301 [main] DEBUG o.s.b.f.s.DefaultListableBeanFactory - Finished creating instance of bean 'delegatingApplicationListener'
20:26:54.301 [main] DEBUG o.s.b.f.s.DefaultListableBeanFactory - Creating shared instance of singleton bean 'springSecurityFilterChain'
20:26:54.301 [main] DEBUG o.s.b.f.s.DefaultListableBeanFactory - Creating instance of bean 'springSecurityFilterChain'
20:26:54.301 [main] DEBUG o.s.b.f.s.DefaultListableBeanFactory - Returning cached instance of singleton bean 'org.springframework.security.config.annotation.web.configuration.WebSecurityConfiguration'
20:26:54.302 [main] DEBUG o.s.b.f.s.DefaultListableBeanFactory - Returning cached instance of singleton bean 'metaDataSourceAdvisor'
20:26:54.306 [main] DEBUG o.s.b.f.s.DefaultListableBeanFactory - Returning cached instance of singleton bean 'webMvcConfiguration'
20:26:54.306 [main] DEBUG o.s.b.f.s.DefaultListableBeanFactory - Returning cached instance of singleton bean 'securityConfig'
20:26:54.306 [main] DEBUG o.s.s.c.a.a.c.AuthenticationConfiguration$EnableGlobalAuthenticationAutowiredConfigurer - Eagerly initializing {webMvcConfiguration=edu.ncsu.csc.itrust2.mvc.config.WebMvcConfiguration$$EnhancerBySpringCGLIB$$519f44c0@4fbed6fc, securityConfig=edu.ncsu.csc.itrust2.config.SecurityConfig$$EnhancerBySpringCGLIB$$6bb40e4c@25865fca}
20:26:54.309 [main] DEBUG o.s.b.f.s.DefaultListableBeanFactory - Invoking afterPropertiesSet() on bean with name 'org.springframework.security.authentication.dao.DaoAuthenticationProvider@2a71d430'
20:26:54.309 [main] DEBUG o.s.b.f.s.DefaultListableBeanFactory - Returning cached instance of singleton bean 'metaDataSourceAdvisor'
20:26:54.323 [main] DEBUG o.s.b.f.s.DefaultListableBeanFactory - Invoking afterPropertiesSet() on bean with name 'org.springframework.security.authentication.ProviderManager@5dd2e62a'
20:26:54.323 [main] DEBUG o.s.b.f.s.DefaultListableBeanFactory - Returning cached instance of singleton bean 'metaDataSourceAdvisor'
20:26:54.330 [main] DEBUG o.s.b.f.s.DefaultListableBeanFactory - Returning cached instance of singleton bean 'authenticationManagerBuilder'
20:26:54.389 [main] DEBUG o.s.w.c.s.StandardServletEnvironment - Adding [servletConfigInitParams] PropertySource with lowest search precedence
20:26:54.390 [main] DEBUG o.s.w.c.s.StandardServletEnvironment - Adding [servletContextInitParams] PropertySource with lowest search precedence
20:26:54.390 [main] DEBUG o.s.w.c.s.StandardServletEnvironment - Adding [systemProperties] PropertySource with lowest search precedence
20:26:54.391 [main] DEBUG o.s.w.c.s.StandardServletEnvironment - Adding [systemEnvironment] PropertySource with lowest search precedence
20:26:54.391 [main] DEBUG o.s.w.c.s.StandardServletEnvironment - Initialized StandardServletEnvironment with PropertySources [servletConfigInitParams,servletContextInitParams,systemProperties,systemEnvironment]
20:26:54.420 [main] DEBUG o.s.w.c.s.StandardServletEnvironment - Adding [servletConfigInitParams] PropertySource with lowest search precedence
20:26:54.421 [main] DEBUG o.s.w.c.s.StandardServletEnvironment - Adding [servletContextInitParams] PropertySource with lowest search precedence
20:26:54.421 [main] DEBUG o.s.w.c.s.StandardServletEnvironment - Adding [systemProperties] PropertySource with lowest search precedence
20:26:54.421 [main] DEBUG o.s.w.c.s.StandardServletEnvironment - Adding [systemEnvironment] PropertySource with lowest search precedence
20:26:54.421 [main] DEBUG o.s.w.c.s.StandardServletEnvironment - Initialized StandardServletEnvironment with PropertySources [servletConfigInitParams,servletContextInitParams,systemProperties,systemEnvironment]
20:26:54.422 [main] DEBUG o.s.w.c.s.StandardServletEnvironment - Adding [servletConfigInitParams] PropertySource with lowest search precedence
20:26:54.422 [main] DEBUG o.s.w.c.s.StandardServletEnvironment - Adding [servletContextInitParams] PropertySource with lowest search precedence
20:26:54.423 [main] DEBUG o.s.w.c.s.StandardServletEnvironment - Adding [systemProperties] PropertySource with lowest search precedence
20:26:54.423 [main] DEBUG o.s.w.c.s.StandardServletEnvironment - Adding [systemEnvironment] PropertySource with lowest search precedence
20:26:54.423 [main] DEBUG o.s.w.c.s.StandardServletEnvironment - Initialized StandardServletEnvironment with PropertySources [servletConfigInitParams,servletContextInitParams,systemProperties,systemEnvironment]
20:26:54.428 [main] DEBUG o.s.b.f.s.DefaultListableBeanFactory - Creating shared instance of singleton bean 'ipBlockFilter'
20:26:54.428 [main] DEBUG o.s.b.f.s.DefaultListableBeanFactory - Creating instance of bean 'ipBlockFilter'
20:26:54.429 [main] DEBUG o.s.b.f.s.DefaultListableBeanFactory - Returning cached instance of singleton bean 'securityConfig'
20:26:54.430 [main] DEBUG o.s.w.c.s.StandardServletEnvironment - Adding [servletConfigInitParams] PropertySource with lowest search precedence
20:26:54.430 [main] DEBUG o.s.w.c.s.StandardServletEnvironment - Adding [servletContextInitParams] PropertySource with lowest search precedence
20:26:54.430 [main] DEBUG o.s.w.c.s.StandardServletEnvironment - Adding [systemProperties] PropertySource with lowest search precedence
20:26:54.431 [main] DEBUG o.s.w.c.s.StandardServletEnvironment - Adding [systemEnvironment] PropertySource with lowest search precedence
20:26:54.431 [main] DEBUG o.s.w.c.s.StandardServletEnvironment - Initialized StandardServletEnvironment with PropertySources [servletConfigInitParams,servletContextInitParams,systemProperties,systemEnvironment]
20:26:54.432 [main] DEBUG o.s.b.f.s.DefaultListableBeanFactory - Eagerly caching bean 'ipBlockFilter' to allow for resolving potential circular references
20:26:54.442 [main] DEBUG o.s.b.f.s.DefaultListableBeanFactory - Invoking afterPropertiesSet() on bean with name 'ipBlockFilter'
20:26:54.443 [main] DEBUG o.s.b.f.s.DefaultListableBeanFactory - Returning cached instance of singleton bean 'metaDataSourceAdvisor'
20:26:54.444 [main] DEBUG o.s.b.f.s.DefaultListableBeanFactory - Finished creating instance of bean 'ipBlockFilter'
20:26:54.456 [main] DEBUG o.s.w.c.s.StandardServletEnvironment - Adding [servletConfigInitParams] PropertySource with lowest search precedence
20:26:54.456 [main] DEBUG o.s.w.c.s.StandardServletEnvironment - Adding [servletContextInitParams] PropertySource with lowest search precedence
20:26:54.456 [main] DEBUG o.s.w.c.s.StandardServletEnvironment - Adding [systemProperties] PropertySource with lowest search precedence
20:26:54.456 [main] DEBUG o.s.w.c.s.StandardServletEnvironment - Adding [systemEnvironment] PropertySource with lowest search precedence
20:26:54.456 [main] DEBUG o.s.w.c.s.StandardServletEnvironment - Initialized StandardServletEnvironment with PropertySources [servletConfigInitParams,servletContextInitParams,systemProperties,systemEnvironment]
20:26:54.470 [main] DEBUG o.s.b.f.s.DefaultListableBeanFactory - Creating shared instance of singleton bean 'failureHandler'
20:26:54.471 [main] DEBUG o.s.b.f.s.DefaultListableBeanFactory - Creating instance of bean 'failureHandler'
20:26:54.471 [main] DEBUG o.s.b.f.s.DefaultListableBeanFactory - Returning cached instance of singleton bean 'securityConfig'
20:26:54.473 [main] DEBUG o.s.b.f.s.DefaultListableBeanFactory - Eagerly caching bean 'failureHandler' to allow for resolving potential circular references
20:26:54.476 [main] DEBUG o.s.b.f.s.DefaultListableBeanFactory - Returning cached instance of singleton bean 'metaDataSourceAdvisor'
20:26:54.477 [main] DEBUG o.s.b.f.s.DefaultListableBeanFactory - Finished creating instance of bean 'failureHandler'
20:26:54.485 [main] INFO  o.s.s.web.DefaultSecurityFilterChain - Creating filter chain: Ant [pattern='/api/v1/requestPasswordReset'], []
20:26:54.485 [main] INFO  o.s.s.web.DefaultSecurityFilterChain - Creating filter chain: Ant [pattern='/api/v1/resetPassword/*'], []
20:26:54.485 [main] INFO  o.s.s.web.DefaultSecurityFilterChain - Creating filter chain: Ant [pattern='/requestPasswordReset'], []
20:26:54.485 [main] INFO  o.s.s.web.DefaultSecurityFilterChain - Creating filter chain: Ant [pattern='/resetPassword'], []
20:26:54.496 [main] DEBUG o.s.b.f.s.DefaultListableBeanFactory - Returning cached instance of singleton bean 'metaDataSourceAdvisor'
20:26:54.507 [main] DEBUG o.s.b.f.s.DefaultListableBeanFactory - Returning cached instance of singleton bean 'metaDataSourceAdvisor'
20:26:54.529 [main] DEBUG o.s.w.c.s.StandardServletEnvironment - Adding [servletConfigInitParams] PropertySource with lowest search precedence
20:26:54.529 [main] DEBUG o.s.w.c.s.StandardServletEnvironment - Adding [servletContextInitParams] PropertySource with lowest search precedence
20:26:54.529 [main] DEBUG o.s.w.c.s.StandardServletEnvironment - Adding [systemProperties] PropertySource with lowest search precedence
20:26:54.529 [main] DEBUG o.s.w.c.s.StandardServletEnvironment - Adding [systemEnvironment] PropertySource with lowest search precedence
20:26:54.529 [main] DEBUG o.s.w.c.s.StandardServletEnvironment - Initialized StandardServletEnvironment with PropertySources [servletConfigInitParams,servletContextInitParams,systemProperties,systemEnvironment]
20:26:54.530 [main] DEBUG o.s.b.f.s.DefaultListableBeanFactory - Returning cached instance of singleton bean 'metaDataSourceAdvisor'
20:26:54.532 [main] DEBUG o.s.b.f.s.DefaultListableBeanFactory - Invoking afterPropertiesSet() on bean with name 'org.springframework.security.web.authentication.LoginUrlAuthenticationEntryPoint@605ef319'
20:26:54.533 [main] DEBUG o.s.b.f.s.DefaultListableBeanFactory - Returning cached instance of singleton bean 'metaDataSourceAdvisor'
20:26:54.536 [main] DEBUG o.s.b.f.s.DefaultListableBeanFactory - Invoking afterPropertiesSet() on bean with name 'org.springframework.security.authentication.ProviderManager@19eaab0b'
20:26:54.536 [main] DEBUG o.s.b.f.s.DefaultListableBeanFactory - Returning cached instance of singleton bean 'metaDataSourceAdvisor'
20:26:54.537 [main] DEBUG o.s.w.c.s.StandardServletEnvironment - Adding [servletConfigInitParams] PropertySource with lowest search precedence
20:26:54.537 [main] DEBUG o.s.w.c.s.StandardServletEnvironment - Adding [servletContextInitParams] PropertySource with lowest search precedence
20:26:54.537 [main] DEBUG o.s.w.c.s.StandardServletEnvironment - Adding [systemProperties] PropertySource with lowest search precedence
20:26:54.537 [main] DEBUG o.s.w.c.s.StandardServletEnvironment - Adding [systemEnvironment] PropertySource with lowest search precedence
20:26:54.537 [main] DEBUG o.s.w.c.s.StandardServletEnvironment - Initialized StandardServletEnvironment with PropertySources [servletConfigInitParams,servletContextInitParams,systemProperties,systemEnvironment]
20:26:54.543 [main] DEBUG o.s.b.f.s.DefaultListableBeanFactory - Invoking afterPropertiesSet() on bean with name 'org.springframework.security.web.csrf.CsrfFilter@5a54d05f'
20:26:54.543 [main] DEBUG o.s.b.f.s.DefaultListableBeanFactory - Returning cached instance of singleton bean 'metaDataSourceAdvisor'
20:26:54.563 [main] DEBUG o.s.w.c.s.StandardServletEnvironment - Adding [servletConfigInitParams] PropertySource with lowest search precedence
20:26:54.563 [main] DEBUG o.s.w.c.s.StandardServletEnvironment - Adding [servletContextInitParams] PropertySource with lowest search precedence
20:26:54.563 [main] DEBUG o.s.w.c.s.StandardServletEnvironment - Adding [systemProperties] PropertySource with lowest search precedence
20:26:54.563 [main] DEBUG o.s.w.c.s.StandardServletEnvironment - Adding [systemEnvironment] PropertySource with lowest search precedence
20:26:54.563 [main] DEBUG o.s.w.c.s.StandardServletEnvironment - Initialized StandardServletEnvironment with PropertySources [servletConfigInitParams,servletContextInitParams,systemProperties,systemEnvironment]
20:26:54.565 [main] DEBUG o.s.b.f.s.DefaultListableBeanFactory - Invoking afterPropertiesSet() on bean with name 'org.springframework.security.web.access.ExceptionTranslationFilter@b7da2c4'
20:26:54.565 [main] DEBUG o.s.b.f.s.DefaultListableBeanFactory - Returning cached instance of singleton bean 'metaDataSourceAdvisor'
20:26:54.578 [main] DEBUG o.s.w.c.s.StandardServletEnvironment - Adding [servletConfigInitParams] PropertySource with lowest search precedence
20:26:54.579 [main] DEBUG o.s.w.c.s.StandardServletEnvironment - Adding [servletContextInitParams] PropertySource with lowest search precedence
20:26:54.580 [main] DEBUG o.s.w.c.s.StandardServletEnvironment - Adding [systemProperties] PropertySource with lowest search precedence
20:26:54.580 [main] DEBUG o.s.w.c.s.StandardServletEnvironment - Adding [systemEnvironment] PropertySource with lowest search precedence
20:26:54.580 [main] DEBUG o.s.w.c.s.StandardServletEnvironment - Initialized StandardServletEnvironment with PropertySources [servletConfigInitParams,servletContextInitParams,systemProperties,systemEnvironment]
20:26:54.580 [main] DEBUG o.s.b.f.s.DefaultListableBeanFactory - Invoking afterPropertiesSet() on bean with name 'org.springframework.security.web.header.HeaderWriterFilter@3096a890'
20:26:54.580 [main] DEBUG o.s.b.f.s.DefaultListableBeanFactory - Returning cached instance of singleton bean 'metaDataSourceAdvisor'
20:26:54.590 [main] DEBUG o.s.w.c.s.StandardServletEnvironment - Adding [servletConfigInitParams] PropertySource with lowest search precedence
20:26:54.590 [main] DEBUG o.s.w.c.s.StandardServletEnvironment - Adding [servletContextInitParams] PropertySource with lowest search precedence
20:26:54.591 [main] DEBUG o.s.w.c.s.StandardServletEnvironment - Adding [systemProperties] PropertySource with lowest search precedence
20:26:54.591 [main] DEBUG o.s.w.c.s.StandardServletEnvironment - Adding [systemEnvironment] PropertySource with lowest search precedence
20:26:54.596 [main] DEBUG o.s.w.c.s.StandardServletEnvironment - Initialized StandardServletEnvironment with PropertySources [servletConfigInitParams,servletContextInitParams,systemProperties,systemEnvironment]
20:26:54.596 [main] DEBUG o.s.b.f.s.DefaultListableBeanFactory - Invoking afterPropertiesSet() on bean with name 'org.springframework.security.web.session.SessionManagementFilter@43ca45af'
20:26:54.596 [main] DEBUG o.s.b.f.s.DefaultListableBeanFactory - Returning cached instance of singleton bean 'metaDataSourceAdvisor'
20:26:54.607 [main] DEBUG o.s.w.c.s.StandardServletEnvironment - Adding [servletConfigInitParams] PropertySource with lowest search precedence
20:26:54.607 [main] DEBUG o.s.w.c.s.StandardServletEnvironment - Adding [servletContextInitParams] PropertySource with lowest search precedence
20:26:54.608 [main] DEBUG o.s.w.c.s.StandardServletEnvironment - Adding [systemProperties] PropertySource with lowest search precedence
20:26:54.608 [main] DEBUG o.s.w.c.s.StandardServletEnvironment - Adding [systemEnvironment] PropertySource with lowest search precedence
20:26:54.608 [main] DEBUG o.s.w.c.s.StandardServletEnvironment - Initialized StandardServletEnvironment with PropertySources [servletConfigInitParams,servletContextInitParams,systemProperties,systemEnvironment]
20:26:54.608 [main] DEBUG o.s.b.f.s.DefaultListableBeanFactory - Invoking afterPropertiesSet() on bean with name 'org.springframework.security.web.context.SecurityContextPersistenceFilter@1f96db42'
20:26:54.608 [main] DEBUG o.s.b.f.s.DefaultListableBeanFactory - Returning cached instance of singleton bean 'metaDataSourceAdvisor'
20:26:54.619 [main] DEBUG o.s.w.c.s.StandardServletEnvironment - Adding [servletConfigInitParams] PropertySource with lowest search precedence
20:26:54.619 [main] DEBUG o.s.w.c.s.StandardServletEnvironment - Adding [servletContextInitParams] PropertySource with lowest search precedence
20:26:54.619 [main] DEBUG o.s.w.c.s.StandardServletEnvironment - Adding [systemProperties] PropertySource with lowest search precedence
20:26:54.619 [main] DEBUG o.s.w.c.s.StandardServletEnvironment - Adding [systemEnvironment] PropertySource with lowest search precedence
20:26:54.619 [main] DEBUG o.s.w.c.s.StandardServletEnvironment - Initialized StandardServletEnvironment with PropertySources [servletConfigInitParams,servletContextInitParams,systemProperties,systemEnvironment]
20:26:54.619 [main] DEBUG o.s.b.f.s.DefaultListableBeanFactory - Invoking afterPropertiesSet() on bean with name 'org.springframework.security.web.savedrequest.RequestCacheAwareFilter@2c952e6'
20:26:54.620 [main] DEBUG o.s.b.f.s.DefaultListableBeanFactory - Returning cached instance of singleton bean 'metaDataSourceAdvisor'
20:26:54.632 [main] DEBUG o.s.b.f.s.DefaultListableBeanFactory - Invoking afterPropertiesSet() on bean with name 'org.springframework.security.web.servletapi.SecurityContextHolderAwareRequestFilter@31fd8e6f'
20:26:54.632 [main] DEBUG o.s.b.f.s.DefaultListableBeanFactory - Returning cached instance of singleton bean 'metaDataSourceAdvisor'
20:26:54.646 [main] DEBUG o.s.w.c.s.StandardServletEnvironment - Adding [servletConfigInitParams] PropertySource with lowest search precedence
20:26:54.646 [main] DEBUG o.s.w.c.s.StandardServletEnvironment - Adding [servletContextInitParams] PropertySource with lowest search precedence
20:26:54.647 [main] DEBUG o.s.w.c.s.StandardServletEnvironment - Adding [systemProperties] PropertySource with lowest search precedence
20:26:54.647 [main] DEBUG o.s.w.c.s.StandardServletEnvironment - Adding [systemEnvironment] PropertySource with lowest search precedence
20:26:54.647 [main] DEBUG o.s.w.c.s.StandardServletEnvironment - Initialized StandardServletEnvironment with PropertySources [servletConfigInitParams,servletContextInitParams,systemProperties,systemEnvironment]
20:26:54.647 [main] DEBUG o.s.b.f.s.DefaultListableBeanFactory - Invoking afterPropertiesSet() on bean with name 'org.springframework.security.web.authentication.logout.LogoutFilter@26b6454d'
20:26:54.647 [main] DEBUG o.s.b.f.s.DefaultListableBeanFactory - Returning cached instance of singleton bean 'metaDataSourceAdvisor'
20:26:54.669 [main] DEBUG o.s.s.w.a.e.ExpressionBasedFilterInvocationSecurityMetadataSource - Adding web access control expression 'anonymous', for Ant [pattern='/login*']
20:26:54.671 [main] DEBUG o.s.s.w.a.e.ExpressionBasedFilterInvocationSecurityMetadataSource - Adding web access control expression 'authenticated', for org.springframework.security.web.util.matcher.AnyRequestMatcher@1
20:26:54.672 [main] DEBUG o.s.b.f.s.DefaultListableBeanFactory - Invoking afterPropertiesSet() on bean with name 'org.springframework.security.access.vote.AffirmativeBased@3f5fd883'
20:26:54.672 [main] DEBUG o.s.b.f.s.DefaultListableBeanFactory - Returning cached instance of singleton bean 'metaDataSourceAdvisor'
20:26:54.682 [main] DEBUG o.s.s.w.a.i.FilterSecurityInterceptor - Validated configuration attributes
20:26:54.682 [main] DEBUG o.s.b.f.s.DefaultListableBeanFactory - Invoking afterPropertiesSet() on bean with name 'org.springframework.security.web.access.intercept.FilterSecurityInterceptor@55c3222d'
20:26:54.682 [main] DEBUG o.s.s.w.a.i.FilterSecurityInterceptor - Validated configuration attributes
20:26:54.682 [main] DEBUG o.s.b.f.s.DefaultListableBeanFactory - Returning cached instance of singleton bean 'metaDataSourceAdvisor'
20:26:54.696 [main] DEBUG o.s.b.f.s.DefaultListableBeanFactory - Invoking afterPropertiesSet() on bean with name 'org.springframework.security.web.authentication.UsernamePasswordAuthenticationFilter@66626c96'
20:26:54.696 [main] DEBUG o.s.b.f.s.DefaultListableBeanFactory - Returning cached instance of singleton bean 'metaDataSourceAdvisor'
20:26:54.717 [main] INFO  o.s.s.web.DefaultSecurityFilterChain - Creating filter chain: org.springframework.security.web.util.matcher.AnyRequestMatcher@1, [edu.ncsu.csc.itrust2.config.IPFilter@399dc033, org.springframework.security.web.context.request.async.WebAsyncManagerIntegrationFilter@67d361fa, org.springframework.security.web.context.SecurityContextPersistenceFilter@1f96db42, org.springframework.security.web.header.HeaderWriterFilter@3096a890, org.springframework.security.web.csrf.CsrfFilter@5a54d05f, org.springframework.security.web.authentication.logout.LogoutFilter@26b6454d, org.springframework.security.web.authentication.UsernamePasswordAuthenticationFilter@66626c96, org.springframework.security.web.savedrequest.RequestCacheAwareFilter@2c952e6, org.springframework.security.web.servletapi.SecurityContextHolderAwareRequestFilter@31fd8e6f, org.springframework.security.web.authentication.AnonymousAuthenticationFilter@3c5077f6, org.springframework.security.web.session.SessionManagementFilter@43ca45af, org.springframework.security.web.access.ExceptionTranslationFilter@b7da2c4, org.springframework.security.web.access.intercept.FilterSecurityInterceptor@55c3222d]
20:26:54.719 [main] DEBUG o.s.w.c.s.StandardServletEnvironment - Adding [servletConfigInitParams] PropertySource with lowest search precedence
20:26:54.719 [main] DEBUG o.s.w.c.s.StandardServletEnvironment - Adding [servletContextInitParams] PropertySource with lowest search precedence
20:26:54.719 [main] DEBUG o.s.w.c.s.StandardServletEnvironment - Adding [systemProperties] PropertySource with lowest search precedence
20:26:54.720 [main] DEBUG o.s.w.c.s.StandardServletEnvironment - Adding [systemEnvironment] PropertySource with lowest search precedence
20:26:54.720 [main] DEBUG o.s.w.c.s.StandardServletEnvironment - Initialized StandardServletEnvironment with PropertySources [servletConfigInitParams,servletContextInitParams,systemProperties,systemEnvironment]
20:26:54.724 [main] DEBUG o.s.b.f.s.DefaultListableBeanFactory - Eagerly caching bean 'springSecurityFilterChain' to allow for resolving potential circular references
20:26:54.745 [main] DEBUG o.s.b.f.s.DefaultListableBeanFactory - Invoking afterPropertiesSet() on bean with name 'springSecurityFilterChain'
20:26:54.748 [main] DEBUG o.s.b.f.s.DefaultListableBeanFactory - Returning cached instance of singleton bean 'metaDataSourceAdvisor'
20:26:54.751 [main] DEBUG o.s.b.f.s.DefaultListableBeanFactory - Finished creating instance of bean 'springSecurityFilterChain'
20:26:54.751 [main] DEBUG o.s.b.f.s.DefaultListableBeanFactory - Creating shared instance of singleton bean 'webSecurityExpressionHandler'
20:26:54.751 [main] DEBUG o.s.b.f.s.DefaultListableBeanFactory - Creating instance of bean 'webSecurityExpressionHandler'
20:26:54.752 [main] DEBUG o.s.b.f.s.DefaultListableBeanFactory - Returning cached instance of singleton bean 'org.springframework.security.config.annotation.web.configuration.WebSecurityConfiguration'
20:26:54.752 [main] DEBUG o.s.b.f.s.DefaultListableBeanFactory - Eagerly caching bean 'webSecurityExpressionHandler' to allow for resolving potential circular references
20:26:54.753 [main] DEBUG o.s.b.f.s.DefaultListableBeanFactory - Finished creating instance of bean 'webSecurityExpressionHandler'
20:26:54.753 [main] DEBUG o.s.b.f.s.DefaultListableBeanFactory - Returning cached instance of singleton bean 'springSecurityFilterChain'
20:26:54.753 [main] DEBUG o.s.b.f.s.DefaultListableBeanFactory - Returning cached instance of singleton bean 'springSecurityFilterChain'
20:26:54.753 [main] DEBUG o.s.b.f.s.DefaultListableBeanFactory - Creating shared instance of singleton bean 'privilegeEvaluator'
20:26:54.754 [main] DEBUG o.s.b.f.s.DefaultListableBeanFactory - Creating instance of bean 'privilegeEvaluator'
20:26:54.754 [main] DEBUG o.s.b.f.s.DefaultListableBeanFactory - Returning cached instance of singleton bean 'org.springframework.security.config.annotation.web.configuration.WebSecurityConfiguration'
20:26:54.756 [main] DEBUG o.s.b.f.s.DefaultListableBeanFactory - Eagerly caching bean 'privilegeEvaluator' to allow for resolving potential circular references
20:26:54.758 [main] DEBUG o.s.b.f.s.DefaultListableBeanFactory - Returning cached instance of singleton bean 'metaDataSourceAdvisor'
20:26:54.759 [main] DEBUG o.s.b.f.s.DefaultListableBeanFactory - Finished creating instance of bean 'privilegeEvaluator'
20:26:54.759 [main] DEBUG o.s.b.f.s.DefaultListableBeanFactory - Returning cached instance of singleton bean 'autowiredWebSecurityConfigurersIgnoreParents'
20:26:54.759 [main] DEBUG o.s.b.f.s.DefaultListableBeanFactory - Returning cached instance of singleton bean 'org.springframework.security.config.annotation.web.configuration.WebMvcSecurityConfiguration'
20:26:54.759 [main] DEBUG o.s.b.f.s.DefaultListableBeanFactory - Creating shared instance of singleton bean 'requestDataValueProcessor'
20:26:54.759 [main] DEBUG o.s.b.f.s.DefaultListableBeanFactory - Creating instance of bean 'requestDataValueProcessor'
20:26:54.759 [main] DEBUG o.s.b.f.s.DefaultListableBeanFactory - Returning cached instance of singleton bean 'org.springframework.security.config.annotation.web.configuration.WebMvcSecurityConfiguration'
20:26:54.761 [main] DEBUG o.s.b.f.s.DefaultListableBeanFactory - Eagerly caching bean 'requestDataValueProcessor' to allow for resolving potential circular references
20:26:54.764 [main] DEBUG o.s.b.f.s.DefaultListableBeanFactory - Returning cached instance of singleton bean 'metaDataSourceAdvisor'
20:26:54.764 [main] DEBUG o.s.b.f.s.DefaultListableBeanFactory - Finished creating instance of bean 'requestDataValueProcessor'
20:26:54.764 [main] DEBUG o.s.b.f.s.DefaultListableBeanFactory - Returning cached instance of singleton bean 'passwordEncoder'
20:26:54.764 [main] DEBUG o.s.b.f.s.DefaultListableBeanFactory - Returning cached instance of singleton bean 'defaultAuthenticationEventPublisher'
20:26:54.764 [main] DEBUG o.s.b.f.s.DefaultListableBeanFactory - Returning cached instance of singleton bean 'failureHandler'
20:26:54.764 [main] DEBUG o.s.b.f.s.DefaultListableBeanFactory - Returning cached instance of singleton bean 'ipBlockFilter'
20:26:54.764 [main] DEBUG o.s.b.f.s.DefaultListableBeanFactory - Returning cached instance of singleton bean 'org.springframework.web.servlet.config.annotation.DelegatingWebMvcConfiguration'
20:26:54.764 [main] DEBUG o.s.b.f.s.DefaultListableBeanFactory - Returning cached instance of singleton bean 'mvcConversionService'
20:26:54.765 [main] DEBUG o.s.b.f.s.DefaultListableBeanFactory - Creating shared instance of singleton bean 'requestMappingHandlerMapping'
20:26:54.765 [main] DEBUG o.s.b.f.s.DefaultListableBeanFactory - Creating instance of bean 'requestMappingHandlerMapping'
20:26:54.766 [main] DEBUG o.s.b.f.s.DefaultListableBeanFactory - Returning cached instance of singleton bean 'org.springframework.web.servlet.config.annotation.DelegatingWebMvcConfiguration'
20:26:54.816 [main] DEBUG o.s.b.f.s.DefaultListableBeanFactory - Returning cached instance of singleton bean 'mvcConversionService'
20:26:54.822 [main] DEBUG o.s.b.f.s.DefaultListableBeanFactory - Creating shared instance of singleton bean 'mvcResourceUrlProvider'
20:26:54.823 [main] DEBUG o.s.b.f.s.DefaultListableBeanFactory - Creating instance of bean 'mvcResourceUrlProvider'
20:26:54.824 [main] DEBUG o.s.b.f.s.DefaultListableBeanFactory - Returning cached instance of singleton bean 'org.springframework.web.servlet.config.annotation.DelegatingWebMvcConfiguration'
20:26:54.825 [main] DEBUG o.s.b.f.s.DefaultListableBeanFactory - Eagerly caching bean 'mvcResourceUrlProvider' to allow for resolving potential circular references
20:26:54.831 [main] DEBUG o.s.b.f.s.DefaultListableBeanFactory - Returning cached instance of singleton bean 'metaDataSourceAdvisor'
20:26:54.832 [main] DEBUG o.s.b.f.s.DefaultListableBeanFactory - Finished creating instance of bean 'mvcResourceUrlProvider'
20:26:54.832 [main] DEBUG o.s.b.f.s.DefaultListableBeanFactory - Returning cached instance of singleton bean 'mvcContentNegotiationManager'
20:26:54.842 [main] DEBUG o.s.b.f.s.DefaultListableBeanFactory - Eagerly caching bean 'requestMappingHandlerMapping' to allow for resolving potential circular references
20:26:54.859 [main] DEBUG o.s.b.f.s.DefaultListableBeanFactory - Invoking afterPropertiesSet() on bean with name 'requestMappingHandlerMapping'
20:26:54.859 [main] DEBUG o.s.w.s.m.m.a.RequestMappingHandlerMapping - Looking for request mappings in application context: org.springframework.web.context.support.GenericWebApplicationContext@37df14d1: startup date [Wed Mar 21 20:26:50 UTC 2018]; root of context hierarchy
20:26:54.878 [main] DEBUG o.s.w.s.m.m.a.RequestMappingHandlerMapping - 1 request handler methods found on class edu.ncsu.csc.itrust2.controllers.DefaultController: {public org.springframework.web.servlet.view.RedirectView edu.ncsu.csc.itrust2.controllers.DefaultController.index(org.springframework.ui.Model)={[/]}}
20:26:54.879 [main] INFO  o.s.w.s.m.m.a.RequestMappingHandlerMapping - Mapped "{[/]}" onto public org.springframework.web.servlet.view.RedirectView edu.ncsu.csc.itrust2.controllers.DefaultController.index(org.springframework.ui.Model)
20:26:54.882 [main] DEBUG o.s.w.s.m.m.a.RequestMappingHandlerMapping - 1 request handler methods found on class edu.ncsu.csc.itrust2.controllers.admin.AdminController: {public java.lang.String edu.ncsu.csc.itrust2.controllers.admin.AdminController.index(org.springframework.ui.Model)={[/admin/index]}}
20:26:54.882 [main] INFO  o.s.w.s.m.m.a.RequestMappingHandlerMapping - Mapped "{[/admin/index]}" onto public java.lang.String edu.ncsu.csc.itrust2.controllers.admin.AdminController.index(org.springframework.ui.Model)
20:26:54.890 [main] DEBUG o.s.w.s.m.m.a.RequestMappingHandlerMapping - 5 request handler methods found on class edu.ncsu.csc.itrust2.controllers.admin.AdminUserController: {public java.lang.String edu.ncsu.csc.itrust2.controllers.admin.AdminUserController.deleteUser(org.springframework.ui.Model)={[/admin/deleteUser]}, public java.lang.String edu.ncsu.csc.itrust2.controllers.admin.AdminUserController.deleteUserSubmit(edu.ncsu.csc.itrust2.forms.admin.DeleteUserForm,org.springframework.validation.BindingResult,org.springframework.ui.Model)={[/admin/deleteUser],methods=[POST]}, public java.lang.String edu.ncsu.csc.itrust2.controllers.admin.AdminUserController.drugs(org.springframework.ui.Model)={[/admin/drugs]}, public java.lang.String edu.ncsu.csc.itrust2.controllers.admin.AdminUserController.addUserSubmit(edu.ncsu.csc.itrust2.forms.admin.UserForm,org.springframework.validation.BindingResult,org.springframework.ui.Model)={[/admin/addUser],methods=[POST]}, public java.lang.String edu.ncsu.csc.itrust2.controllers.admin.AdminUserController.addUser(org.springframework.ui.Model)={[/admin/addUser]}}
20:26:54.891 [main] INFO  o.s.w.s.m.m.a.RequestMappingHandlerMapping - Mapped "{[/admin/deleteUser]}" onto public java.lang.String edu.ncsu.csc.itrust2.controllers.admin.AdminUserController.deleteUser(org.springframework.ui.Model)
20:26:54.891 [main] INFO  o.s.w.s.m.m.a.RequestMappingHandlerMapping - Mapped "{[/admin/deleteUser],methods=[POST]}" onto public java.lang.String edu.ncsu.csc.itrust2.controllers.admin.AdminUserController.deleteUserSubmit(edu.ncsu.csc.itrust2.forms.admin.DeleteUserForm,org.springframework.validation.BindingResult,org.springframework.ui.Model)
20:26:54.891 [main] INFO  o.s.w.s.m.m.a.RequestMappingHandlerMapping - Mapped "{[/admin/drugs]}" onto public java.lang.String edu.ncsu.csc.itrust2.controllers.admin.AdminUserController.drugs(org.springframework.ui.Model)
20:26:54.891 [main] INFO  o.s.w.s.m.m.a.RequestMappingHandlerMapping - Mapped "{[/admin/addUser],methods=[POST]}" onto public java.lang.String edu.ncsu.csc.itrust2.controllers.admin.AdminUserController.addUserSubmit(edu.ncsu.csc.itrust2.forms.admin.UserForm,org.springframework.validation.BindingResult,org.springframework.ui.Model)
20:26:54.892 [main] INFO  o.s.w.s.m.m.a.RequestMappingHandlerMapping - Mapped "{[/admin/addUser]}" onto public java.lang.String edu.ncsu.csc.itrust2.controllers.admin.AdminUserController.addUser(org.springframework.ui.Model)
20:26:54.898 [main] DEBUG o.s.w.s.m.m.a.RequestMappingHandlerMapping - 4 request handler methods found on class edu.ncsu.csc.itrust2.controllers.admin.HospitalController: {public java.lang.String edu.ncsu.csc.itrust2.controllers.admin.HospitalController.addHospital(org.springframework.ui.Model)={[/admin/addHospital]}, public java.lang.String edu.ncsu.csc.itrust2.controllers.admin.HospitalController.addHospitalSubmit(edu.ncsu.csc.itrust2.forms.admin.HospitalForm,org.springframework.validation.BindingResult,org.springframework.ui.Model)={[/admin/addHospital],methods=[POST]}, public java.lang.String edu.ncsu.csc.itrust2.controllers.admin.HospitalController.deleteHospital(org.springframework.ui.Model)={[/admin/deleteHospital]}, public java.lang.String edu.ncsu.csc.itrust2.controllers.admin.HospitalController.deleteHospitalSubmit(edu.ncsu.csc.itrust2.forms.admin.DeleteHospitalForm,org.springframework.validation.BindingResult,org.springframework.ui.Model)={[/admin/deleteHospital],methods=[POST]}}
20:26:54.898 [main] INFO  o.s.w.s.m.m.a.RequestMappingHandlerMapping - Mapped "{[/admin/addHospital]}" onto public java.lang.String edu.ncsu.csc.itrust2.controllers.admin.HospitalController.addHospital(org.springframework.ui.Model)
20:26:54.898 [main] INFO  o.s.w.s.m.m.a.RequestMappingHandlerMapping - Mapped "{[/admin/addHospital],methods=[POST]}" onto public java.lang.String edu.ncsu.csc.itrust2.controllers.admin.HospitalController.addHospitalSubmit(edu.ncsu.csc.itrust2.forms.admin.HospitalForm,org.springframework.validation.BindingResult,org.springframework.ui.Model)
20:26:54.899 [main] INFO  o.s.w.s.m.m.a.RequestMappingHandlerMapping - Mapped "{[/admin/deleteHospital]}" onto public java.lang.String edu.ncsu.csc.itrust2.controllers.admin.HospitalController.deleteHospital(org.springframework.ui.Model)
20:26:54.899 [main] INFO  o.s.w.s.m.m.a.RequestMappingHandlerMapping - Mapped "{[/admin/deleteHospital],methods=[POST]}" onto public java.lang.String edu.ncsu.csc.itrust2.controllers.admin.HospitalController.deleteHospitalSubmit(edu.ncsu.csc.itrust2.forms.admin.DeleteHospitalForm,org.springframework.validation.BindingResult,org.springframework.ui.Model)
20:26:54.900 [main] DEBUG o.s.w.s.m.m.a.RequestMappingHandlerMapping - 1 request handler methods found on class edu.ncsu.csc.itrust2.controllers.admin.ICDCodesController: {public java.lang.String edu.ncsu.csc.itrust2.controllers.admin.ICDCodesController.addCode(org.springframework.ui.Model)={[/admin/manageICDCodes]}}
20:26:54.900 [main] INFO  o.s.w.s.m.m.a.RequestMappingHandlerMapping - Mapped "{[/admin/manageICDCodes]}" onto public java.lang.String edu.ncsu.csc.itrust2.controllers.admin.ICDCodesController.addCode(org.springframework.ui.Model)
20:26:54.909 [main] DEBUG o.s.w.s.m.m.a.RequestMappingHandlerMapping - 6 request handler methods found on class edu.ncsu.csc.itrust2.controllers.api.APIAppointmentRequestController: {public java.util.List edu.ncsu.csc.itrust2.controllers.api.APIAppointmentRequestController.getAppointmentRequests()={[/api/v1//appointmentrequests],methods=[GET]}, public org.springframework.http.ResponseEntity edu.ncsu.csc.itrust2.controllers.api.APIAppointmentRequestController.getAppointmentRequest(java.lang.Long)={[/api/v1//appointmentrequests/{id}],methods=[GET]}, public org.springframework.http.ResponseEntity edu.ncsu.csc.itrust2.controllers.api.APIAppointmentRequestController.createAppointmentRequest(edu.ncsu.csc.itrust2.forms.patient.AppointmentRequestForm)={[/api/v1//appointmentrequests],methods=[POST]}, public org.springframework.http.ResponseEntity edu.ncsu.csc.itrust2.controllers.api.APIAppointmentRequestController.deleteAppointmentRequest(java.lang.Long)={[/api/v1//appointmentrequests/{id}],methods=[DELETE]}, public org.springframework.http.ResponseEntity edu.ncsu.csc.itrust2.controllers.api.APIAppointmentRequestController.updateAppointmentRequest(java.lang.Long,edu.ncsu.csc.itrust2.forms.patient.AppointmentRequestForm)={[/api/v1//appointmentrequests/{id}],methods=[PUT]}, public org.springframework.http.ResponseEntity edu.ncsu.csc.itrust2.controllers.api.APIAppointmentRequestController.deleteAppointmentRequests()={[/api/v1//appointmentrequests],methods=[DELETE]}}
20:26:54.909 [main] INFO  o.s.w.s.m.m.a.RequestMappingHandlerMapping - Mapped "{[/api/v1//appointmentrequests],methods=[GET]}" onto public java.util.List<edu.ncsu.csc.itrust2.models.persistent.AppointmentRequest> edu.ncsu.csc.itrust2.controllers.api.APIAppointmentRequestController.getAppointmentRequests()
20:26:54.910 [main] INFO  o.s.w.s.m.m.a.RequestMappingHandlerMapping - Mapped "{[/api/v1//appointmentrequests/{id}],methods=[GET]}" onto public org.springframework.http.ResponseEntity edu.ncsu.csc.itrust2.controllers.api.APIAppointmentRequestController.getAppointmentRequest(java.lang.Long)
20:26:54.910 [main] INFO  o.s.w.s.m.m.a.RequestMappingHandlerMapping - Mapped "{[/api/v1//appointmentrequests],methods=[POST]}" onto public org.springframework.http.ResponseEntity edu.ncsu.csc.itrust2.controllers.api.APIAppointmentRequestController.createAppointmentRequest(edu.ncsu.csc.itrust2.forms.patient.AppointmentRequestForm)
20:26:54.910 [main] INFO  o.s.w.s.m.m.a.RequestMappingHandlerMapping - Mapped "{[/api/v1//appointmentrequests/{id}],methods=[DELETE]}" onto public org.springframework.http.ResponseEntity edu.ncsu.csc.itrust2.controllers.api.APIAppointmentRequestController.deleteAppointmentRequest(java.lang.Long)
20:26:54.910 [main] INFO  o.s.w.s.m.m.a.RequestMappingHandlerMapping - Mapped "{[/api/v1//appointmentrequests/{id}],methods=[PUT]}" onto public org.springframework.http.ResponseEntity edu.ncsu.csc.itrust2.controllers.api.APIAppointmentRequestController.updateAppointmentRequest(java.lang.Long,edu.ncsu.csc.itrust2.forms.patient.AppointmentRequestForm)
20:26:54.911 [main] INFO  o.s.w.s.m.m.a.RequestMappingHandlerMapping - Mapped "{[/api/v1//appointmentrequests],methods=[DELETE]}" onto public org.springframework.http.ResponseEntity edu.ncsu.csc.itrust2.controllers.api.APIAppointmentRequestController.deleteAppointmentRequests()
20:26:54.914 [main] DEBUG o.s.w.s.m.m.a.RequestMappingHandlerMapping - 3 request handler methods found on class edu.ncsu.csc.itrust2.controllers.api.APIDiagnosisController: {public org.springframework.http.ResponseEntity edu.ncsu.csc.itrust2.controllers.api.APIDiagnosisController.getDiagnosis(java.lang.Long)={[/api/v1//diagnosis/{id}],methods=[GET]}, public java.util.List edu.ncsu.csc.itrust2.controllers.api.APIDiagnosisController.getDiagnosis()={[/api/v1//diagnoses],methods=[GET]}, public java.util.List edu.ncsu.csc.itrust2.controllers.api.APIDiagnosisController.getDiagnosesForVisit(java.lang.Long)={[/api/v1//diagnosesforvisit/{id}],methods=[GET]}}
20:26:54.914 [main] INFO  o.s.w.s.m.m.a.RequestMappingHandlerMapping - Mapped "{[/api/v1//diagnosis/{id}],methods=[GET]}" onto public org.springframework.http.ResponseEntity edu.ncsu.csc.itrust2.controllers.api.APIDiagnosisController.getDiagnosis(java.lang.Long)
20:26:54.914 [main] INFO  o.s.w.s.m.m.a.RequestMappingHandlerMapping - Mapped "{[/api/v1//diagnoses],methods=[GET]}" onto public java.util.List<edu.ncsu.csc.itrust2.models.persistent.Diagnosis> edu.ncsu.csc.itrust2.controllers.api.APIDiagnosisController.getDiagnosis()
20:26:54.915 [main] INFO  o.s.w.s.m.m.a.RequestMappingHandlerMapping - Mapped "{[/api/v1//diagnosesforvisit/{id}],methods=[GET]}" onto public java.util.List<edu.ncsu.csc.itrust2.models.persistent.Diagnosis> edu.ncsu.csc.itrust2.controllers.api.APIDiagnosisController.getDiagnosesForVisit(java.lang.Long)
20:26:54.917 [main] DEBUG o.s.w.s.m.m.a.RequestMappingHandlerMapping - 4 request handler methods found on class edu.ncsu.csc.itrust2.controllers.api.APIDrugController: {public org.springframework.http.ResponseEntity edu.ncsu.csc.itrust2.controllers.api.APIDrugController.addDrug(edu.ncsu.csc.itrust2.forms.admin.DrugForm)={[/api/v1//drugs],methods=[POST]}, public org.springframework.http.ResponseEntity edu.ncsu.csc.itrust2.controllers.api.APIDrugController.editDrug(edu.ncsu.csc.itrust2.forms.admin.DrugForm)={[/api/v1//drugs],methods=[PUT]}, public org.springframework.http.ResponseEntity edu.ncsu.csc.itrust2.controllers.api.APIDrugController.deleteDrug(java.lang.String)={[/api/v1//drugs/{id}],methods=[DELETE]}, public java.util.List edu.ncsu.csc.itrust2.controllers.api.APIDrugController.getDrugs()={[/api/v1//drugs],methods=[GET]}}
20:26:54.917 [main] INFO  o.s.w.s.m.m.a.RequestMappingHandlerMapping - Mapped "{[/api/v1//drugs],methods=[POST]}" onto public org.springframework.http.ResponseEntity edu.ncsu.csc.itrust2.controllers.api.APIDrugController.addDrug(edu.ncsu.csc.itrust2.forms.admin.DrugForm)
20:26:54.917 [main] INFO  o.s.w.s.m.m.a.RequestMappingHandlerMapping - Mapped "{[/api/v1//drugs],methods=[PUT]}" onto public org.springframework.http.ResponseEntity edu.ncsu.csc.itrust2.controllers.api.APIDrugController.editDrug(edu.ncsu.csc.itrust2.forms.admin.DrugForm)
20:26:54.918 [main] INFO  o.s.w.s.m.m.a.RequestMappingHandlerMapping - Mapped "{[/api/v1//drugs/{id}],methods=[DELETE]}" onto public org.springframework.http.ResponseEntity edu.ncsu.csc.itrust2.controllers.api.APIDrugController.deleteDrug(java.lang.String)
20:26:54.918 [main] INFO  o.s.w.s.m.m.a.RequestMappingHandlerMapping - Mapped "{[/api/v1//drugs],methods=[GET]}" onto public java.util.List<edu.ncsu.csc.itrust2.models.persistent.Drug> edu.ncsu.csc.itrust2.controllers.api.APIDrugController.getDrugs()
20:26:54.923 [main] DEBUG o.s.w.s.m.m.a.RequestMappingHandlerMapping - 7 request handler methods found on class edu.ncsu.csc.itrust2.controllers.api.APIEnumController: {public java.util.List edu.ncsu.csc.itrust2.controllers.api.APIEnumController.getEthnicity()={[/api/v1//ethnicity],methods=[GET]}, public java.util.List edu.ncsu.csc.itrust2.controllers.api.APIEnumController.getBloodTypes()={[/api/v1//bloodtype],methods=[GET]}, public java.util.List edu.ncsu.csc.itrust2.controllers.api.APIEnumController.getAppointmentTypes()={[/api/v1//appointmenttype],methods=[GET]}, public java.util.List edu.ncsu.csc.itrust2.controllers.api.APIEnumController.getGenders()={[/api/v1//gender],methods=[GET]}, public java.util.List edu.ncsu.csc.itrust2.controllers.api.APIEnumController.getStates()={[/api/v1//state],methods=[GET]}, public java.util.List edu.ncsu.csc.itrust2.controllers.api.APIEnumController.getHouseSmokingStatuses()={[/api/v1//housesmoking],methods=[GET]}, public java.util.List edu.ncsu.csc.itrust2.controllers.api.APIEnumController.getPatientSmokingStatuses()={[/api/v1//patientsmoking],methods=[GET]}}
20:26:54.924 [main] INFO  o.s.w.s.m.m.a.RequestMappingHandlerMapping - Mapped "{[/api/v1//ethnicity],methods=[GET]}" onto public java.util.List<java.util.Map<java.lang.String, java.lang.Object>> edu.ncsu.csc.itrust2.controllers.api.APIEnumController.getEthnicity()
20:26:54.924 [main] INFO  o.s.w.s.m.m.a.RequestMappingHandlerMapping - Mapped "{[/api/v1//bloodtype],methods=[GET]}" onto public java.util.List<java.util.Map<java.lang.String, java.lang.Object>> edu.ncsu.csc.itrust2.controllers.api.APIEnumController.getBloodTypes()
20:26:54.925 [main] INFO  o.s.w.s.m.m.a.RequestMappingHandlerMapping - Mapped "{[/api/v1//appointmenttype],methods=[GET]}" onto public java.util.List<edu.ncsu.csc.itrust2.models.enums.AppointmentType> edu.ncsu.csc.itrust2.controllers.api.APIEnumController.getAppointmentTypes()
20:26:54.925 [main] INFO  o.s.w.s.m.m.a.RequestMappingHandlerMapping - Mapped "{[/api/v1//gender],methods=[GET]}" onto public java.util.List<java.util.Map<java.lang.String, java.lang.Object>> edu.ncsu.csc.itrust2.controllers.api.APIEnumController.getGenders()
20:26:54.925 [main] INFO  o.s.w.s.m.m.a.RequestMappingHandlerMapping - Mapped "{[/api/v1//state],methods=[GET]}" onto public java.util.List<java.util.Map<java.lang.String, java.lang.Object>> edu.ncsu.csc.itrust2.controllers.api.APIEnumController.getStates()
20:26:54.926 [main] INFO  o.s.w.s.m.m.a.RequestMappingHandlerMapping - Mapped "{[/api/v1//housesmoking],methods=[GET]}" onto public java.util.List<edu.ncsu.csc.itrust2.models.enums.HouseholdSmokingStatus> edu.ncsu.csc.itrust2.controllers.api.APIEnumController.getHouseSmokingStatuses()
20:26:54.927 [main] INFO  o.s.w.s.m.m.a.RequestMappingHandlerMapping - Mapped "{[/api/v1//patientsmoking],methods=[GET]}" onto public java.util.List<edu.ncsu.csc.itrust2.models.enums.PatientSmokingStatus> edu.ncsu.csc.itrust2.controllers.api.APIEnumController.getPatientSmokingStatuses()
20:26:54.931 [main] DEBUG o.s.w.s.m.m.a.RequestMappingHandlerMapping - 4 request handler methods found on class edu.ncsu.csc.itrust2.controllers.api.APIHospitalController: {public java.util.List edu.ncsu.csc.itrust2.controllers.api.APIHospitalController.getHospitals()={[/api/v1//hospitals],methods=[GET]}, public org.springframework.http.ResponseEntity edu.ncsu.csc.itrust2.controllers.api.APIHospitalController.getHospital(java.lang.String)={[/api/v1//hospitals/{id}],methods=[GET]}, public org.springframework.http.ResponseEntity edu.ncsu.csc.itrust2.controllers.api.APIHospitalController.createHospital(edu.ncsu.csc.itrust2.forms.admin.HospitalForm)={[/api/v1//hospitals],methods=[POST]}, public org.springframework.http.ResponseEntity edu.ncsu.csc.itrust2.controllers.api.APIHospitalController.updateHospital(java.lang.String,edu.ncsu.csc.itrust2.forms.admin.HospitalForm)={[/api/v1//hospitals/{id}],methods=[PUT]}}
20:26:54.932 [main] INFO  o.s.w.s.m.m.a.RequestMappingHandlerMapping - Mapped "{[/api/v1//hospitals],methods=[GET]}" onto public java.util.List<edu.ncsu.csc.itrust2.models.persistent.Hospital> edu.ncsu.csc.itrust2.controllers.api.APIHospitalController.getHospitals()
20:26:54.932 [main] INFO  o.s.w.s.m.m.a.RequestMappingHandlerMapping - Mapped "{[/api/v1//hospitals/{id}],methods=[GET]}" onto public org.springframework.http.ResponseEntity edu.ncsu.csc.itrust2.controllers.api.APIHospitalController.getHospital(java.lang.String)
20:26:54.932 [main] INFO  o.s.w.s.m.m.a.RequestMappingHandlerMapping - Mapped "{[/api/v1//hospitals],methods=[POST]}" onto public org.springframework.http.ResponseEntity edu.ncsu.csc.itrust2.controllers.api.APIHospitalController.createHospital(edu.ncsu.csc.itrust2.forms.admin.HospitalForm)
20:26:54.932 [main] INFO  o.s.w.s.m.m.a.RequestMappingHandlerMapping - Mapped "{[/api/v1//hospitals/{id}],methods=[PUT]}" onto public org.springframework.http.ResponseEntity edu.ncsu.csc.itrust2.controllers.api.APIHospitalController.updateHospital(java.lang.String,edu.ncsu.csc.itrust2.forms.admin.HospitalForm)
20:26:54.942 [main] DEBUG o.s.w.s.m.m.a.RequestMappingHandlerMapping - 5 request handler methods found on class edu.ncsu.csc.itrust2.controllers.api.APIICDCodeController: {public org.springframework.http.ResponseEntity edu.ncsu.csc.itrust2.controllers.api.APIICDCodeController.getCode(java.lang.Long)={[/api/v1//icdcode/{id}],methods=[GET]}, public org.springframework.http.ResponseEntity edu.ncsu.csc.itrust2.controllers.api.APIICDCodeController.addCode(edu.ncsu.csc.itrust2.forms.admin.ICDCodeForm)={[/api/v1//icdcodes],methods=[POST]}, public java.util.List edu.ncsu.csc.itrust2.controllers.api.APIICDCodeController.getCodes()={[/api/v1//icdcodes],methods=[GET]}, public org.springframework.http.ResponseEntity edu.ncsu.csc.itrust2.controllers.api.APIICDCodeController.updateCode(java.lang.Long,edu.ncsu.csc.itrust2.forms.admin.ICDCodeForm)={[/api/v1//icdcode/{id}],methods=[PUT]}, public org.springframework.http.ResponseEntity edu.ncsu.csc.itrust2.controllers.api.APIICDCodeController.deleteCode(java.lang.Long)={[/api/v1//icdcode/{id}],methods=[DELETE]}}
20:26:54.942 [main] INFO  o.s.w.s.m.m.a.RequestMappingHandlerMapping - Mapped "{[/api/v1//icdcode/{id}],methods=[GET]}" onto public org.springframework.http.ResponseEntity edu.ncsu.csc.itrust2.controllers.api.APIICDCodeController.getCode(java.lang.Long)
20:26:54.942 [main] INFO  o.s.w.s.m.m.a.RequestMappingHandlerMapping - Mapped "{[/api/v1//icdcodes],methods=[POST]}" onto public org.springframework.http.ResponseEntity edu.ncsu.csc.itrust2.controllers.api.APIICDCodeController.addCode(edu.ncsu.csc.itrust2.forms.admin.ICDCodeForm)
20:26:54.943 [main] INFO  o.s.w.s.m.m.a.RequestMappingHandlerMapping - Mapped "{[/api/v1//icdcodes],methods=[GET]}" onto public java.util.List<edu.ncsu.csc.itrust2.models.persistent.ICDCode> edu.ncsu.csc.itrust2.controllers.api.APIICDCodeController.getCodes()
20:26:54.943 [main] INFO  o.s.w.s.m.m.a.RequestMappingHandlerMapping - Mapped "{[/api/v1//icdcode/{id}],methods=[PUT]}" onto public org.springframework.http.ResponseEntity edu.ncsu.csc.itrust2.controllers.api.APIICDCodeController.updateCode(java.lang.Long,edu.ncsu.csc.itrust2.forms.admin.ICDCodeForm)
20:26:54.943 [main] INFO  o.s.w.s.m.m.a.RequestMappingHandlerMapping - Mapped "{[/api/v1//icdcode/{id}],methods=[DELETE]}" onto public org.springframework.http.ResponseEntity edu.ncsu.csc.itrust2.controllers.api.APIICDCodeController.deleteCode(java.lang.Long)
20:26:54.944 [main] DEBUG o.s.w.s.m.m.a.RequestMappingHandlerMapping - 1 request handler methods found on class edu.ncsu.csc.itrust2.controllers.api.APILogEntryController: {public org.springframework.http.ResponseEntity edu.ncsu.csc.itrust2.controllers.api.APILogEntryController.getEntryByDateRange(edu.ncsu.csc.itrust2.controllers.api.comm.LogEntryRequestBody)={[/api/v1//logentries/range],methods=[POST]}}
20:26:54.944 [main] INFO  o.s.w.s.m.m.a.RequestMappingHandlerMapping - Mapped "{[/api/v1//logentries/range],methods=[POST]}" onto public org.springframework.http.ResponseEntity edu.ncsu.csc.itrust2.controllers.api.APILogEntryController.getEntryByDateRange(edu.ncsu.csc.itrust2.controllers.api.comm.LogEntryRequestBody)
20:26:54.953 [main] DEBUG o.s.w.s.m.m.a.RequestMappingHandlerMapping - 9 request handler methods found on class edu.ncsu.csc.itrust2.controllers.api.APIOfficeVisitController: {public java.util.List edu.ncsu.csc.itrust2.controllers.api.APIOfficeVisitController.getOfficeVisits()={[/api/v1//officevisits],methods=[GET]}, public java.util.List edu.ncsu.csc.itrust2.controllers.api.APIOfficeVisitController.getMyOfficeVisits()={[/api/v1//officevisits/myofficevisits],methods=[GET]}, public org.springframework.http.ResponseEntity edu.ncsu.csc.itrust2.controllers.api.APIOfficeVisitController.getOfficeVisit(java.lang.Long)={[/api/v1//officevisits/{id}],methods=[GET]}, public void edu.ncsu.csc.itrust2.controllers.api.APIOfficeVisitController.deleteOfficeVisits()={[/api/v1//officevisits],methods=[DELETE]}, public org.springframework.http.ResponseEntity edu.ncsu.csc.itrust2.controllers.api.APIOfficeVisitController.createOfficeVisit(edu.ncsu.csc.itrust2.forms.hcp.OfficeVisitForm)={[/api/v1//officevisits],methods=[POST]}, public org.springframework.http.ResponseEntity edu.ncsu.csc.itrust2.controllers.api.APIOfficeVisitController.deleteOfficeVisit(java.lang.Long)={[/api/v1//officevisits/{id}],methods=[DELETE]}, public org.springframework.http.ResponseEntity edu.ncsu.csc.itrust2.controllers.api.APIOfficeVisitController.updateOfficeVisit(java.lang.Long,edu.ncsu.csc.itrust2.forms.hcp.OfficeVisitForm)={[/api/v1//officevisits/{id}],methods=[PUT]}, public org.springframework.http.ResponseEntity edu.ncsu.csc.itrust2.controllers.api.APIOfficeVisitController.viewOfficeVisitHCP(java.lang.Long,edu.ncsu.csc.itrust2.forms.hcp.OfficeVisitForm)={[/api/v1//officevisits/hcp/view/{id}],methods=[POST]}, public org.springframework.http.ResponseEntity edu.ncsu.csc.itrust2.controllers.api.APIOfficeVisitController.viewOfficeVisitPatient(java.lang.Long,edu.ncsu.csc.itrust2.forms.hcp.OfficeVisitForm)={[/api/v1//officevisits/patient/view/{id}],methods=[POST]}}
20:26:54.953 [main] INFO  o.s.w.s.m.m.a.RequestMappingHandlerMapping - Mapped "{[/api/v1//officevisits],methods=[GET]}" onto public java.util.List<edu.ncsu.csc.itrust2.models.persistent.OfficeVisit> edu.ncsu.csc.itrust2.controllers.api.APIOfficeVisitController.getOfficeVisits()
20:26:54.953 [main] INFO  o.s.w.s.m.m.a.RequestMappingHandlerMapping - Mapped "{[/api/v1//officevisits/myofficevisits],methods=[GET]}" onto public java.util.List<edu.ncsu.csc.itrust2.models.persistent.OfficeVisit> edu.ncsu.csc.itrust2.controllers.api.APIOfficeVisitController.getMyOfficeVisits()
20:26:54.954 [main] INFO  o.s.w.s.m.m.a.RequestMappingHandlerMapping - Mapped "{[/api/v1//officevisits/{id}],methods=[GET]}" onto public org.springframework.http.ResponseEntity edu.ncsu.csc.itrust2.controllers.api.APIOfficeVisitController.getOfficeVisit(java.lang.Long)
20:26:54.954 [main] INFO  o.s.w.s.m.m.a.RequestMappingHandlerMapping - Mapped "{[/api/v1//officevisits],methods=[DELETE]}" onto public void edu.ncsu.csc.itrust2.controllers.api.APIOfficeVisitController.deleteOfficeVisits()
20:26:54.954 [main] INFO  o.s.w.s.m.m.a.RequestMappingHandlerMapping - Mapped "{[/api/v1//officevisits],methods=[POST]}" onto public org.springframework.http.ResponseEntity edu.ncsu.csc.itrust2.controllers.api.APIOfficeVisitController.createOfficeVisit(edu.ncsu.csc.itrust2.forms.hcp.OfficeVisitForm)
20:26:54.954 [main] INFO  o.s.w.s.m.m.a.RequestMappingHandlerMapping - Mapped "{[/api/v1//officevisits/{id}],methods=[DELETE]}" onto public org.springframework.http.ResponseEntity edu.ncsu.csc.itrust2.controllers.api.APIOfficeVisitController.deleteOfficeVisit(java.lang.Long)
20:26:54.955 [main] INFO  o.s.w.s.m.m.a.RequestMappingHandlerMapping - Mapped "{[/api/v1//officevisits/{id}],methods=[PUT]}" onto public org.springframework.http.ResponseEntity edu.ncsu.csc.itrust2.controllers.api.APIOfficeVisitController.updateOfficeVisit(java.lang.Long,edu.ncsu.csc.itrust2.forms.hcp.OfficeVisitForm)
20:26:54.956 [main] INFO  o.s.w.s.m.m.a.RequestMappingHandlerMapping - Mapped "{[/api/v1//officevisits/hcp/view/{id}],methods=[POST]}" onto public org.springframework.http.ResponseEntity edu.ncsu.csc.itrust2.controllers.api.APIOfficeVisitController.viewOfficeVisitHCP(java.lang.Long,edu.ncsu.csc.itrust2.forms.hcp.OfficeVisitForm)
20:26:54.956 [main] INFO  o.s.w.s.m.m.a.RequestMappingHandlerMapping - Mapped "{[/api/v1//officevisits/patient/view/{id}],methods=[POST]}" onto public org.springframework.http.ResponseEntity edu.ncsu.csc.itrust2.controllers.api.APIOfficeVisitController.viewOfficeVisitPatient(java.lang.Long,edu.ncsu.csc.itrust2.forms.hcp.OfficeVisitForm)
20:26:54.959 [main] DEBUG o.s.w.s.m.m.a.RequestMappingHandlerMapping - 3 request handler methods found on class edu.ncsu.csc.itrust2.controllers.api.APIPasswordController: {public org.springframework.http.ResponseEntity edu.ncsu.csc.itrust2.controllers.api.APIPasswordController.changePassword(edu.ncsu.csc.itrust2.forms.personnel.PasswordChangeForm)={[/api/v1//changePassword],methods=[POST]}, public org.springframework.http.ResponseEntity edu.ncsu.csc.itrust2.controllers.api.APIPasswordController.requestReset(java.lang.String)={[/api/v1//requestPasswordReset],methods=[POST]}, public org.springframework.http.ResponseEntity edu.ncsu.csc.itrust2.controllers.api.APIPasswordController.resetPassword(edu.ncsu.csc.itrust2.forms.personnel.PasswordChangeForm,long)={[/api/v1//resetPassword/{tokenId}],methods=[POST]}}
20:26:54.959 [main] INFO  o.s.w.s.m.m.a.RequestMappingHandlerMapping - Mapped "{[/api/v1//changePassword],methods=[POST]}" onto public org.springframework.http.ResponseEntity edu.ncsu.csc.itrust2.controllers.api.APIPasswordController.changePassword(edu.ncsu.csc.itrust2.forms.personnel.PasswordChangeForm)
20:26:54.959 [main] INFO  o.s.w.s.m.m.a.RequestMappingHandlerMapping - Mapped "{[/api/v1//requestPasswordReset],methods=[POST]}" onto public org.springframework.http.ResponseEntity edu.ncsu.csc.itrust2.controllers.api.APIPasswordController.requestReset(java.lang.String)
20:26:54.959 [main] INFO  o.s.w.s.m.m.a.RequestMappingHandlerMapping - Mapped "{[/api/v1//resetPassword/{tokenId}],methods=[POST]}" onto public org.springframework.http.ResponseEntity edu.ncsu.csc.itrust2.controllers.api.APIPasswordController.resetPassword(edu.ncsu.csc.itrust2.forms.personnel.PasswordChangeForm,long)
20:26:54.968 [main] DEBUG o.s.w.s.m.m.a.RequestMappingHandlerMapping - 5 request handler methods found on class edu.ncsu.csc.itrust2.controllers.api.APIPatientController: {public org.springframework.http.ResponseEntity edu.ncsu.csc.itrust2.controllers.api.APIPatientController.getPatient(java.lang.String)={[/api/v1//patients/{username}],methods=[GET]}, public org.springframework.http.ResponseEntity edu.ncsu.csc.itrust2.controllers.api.APIPatientController.getPatient()={[/api/v1//patient],methods=[GET]}, public java.util.List edu.ncsu.csc.itrust2.controllers.api.APIPatientController.getPatients()={[/api/v1//patients],methods=[GET]}, public org.springframework.http.ResponseEntity edu.ncsu.csc.itrust2.controllers.api.APIPatientController.createPatient(edu.ncsu.csc.itrust2.forms.hcp_patient.PatientForm)={[/api/v1//patients],methods=[POST]}, public org.springframework.http.ResponseEntity edu.ncsu.csc.itrust2.controllers.api.APIPatientController.updatePatient(java.lang.String,edu.ncsu.csc.itrust2.forms.hcp_patient.PatientForm)={[/api/v1//patients/{id}],methods=[PUT]}}
20:26:54.968 [main] INFO  o.s.w.s.m.m.a.RequestMappingHandlerMapping - Mapped "{[/api/v1//patients/{username}],methods=[GET]}" onto public org.springframework.http.ResponseEntity edu.ncsu.csc.itrust2.controllers.api.APIPatientController.getPatient(java.lang.String)
20:26:54.968 [main] INFO  o.s.w.s.m.m.a.RequestMappingHandlerMapping - Mapped "{[/api/v1//patient],methods=[GET]}" onto public org.springframework.http.ResponseEntity edu.ncsu.csc.itrust2.controllers.api.APIPatientController.getPatient()
20:26:54.968 [main] INFO  o.s.w.s.m.m.a.RequestMappingHandlerMapping - Mapped "{[/api/v1//patients],methods=[GET]}" onto public java.util.List<edu.ncsu.csc.itrust2.models.persistent.Patient> edu.ncsu.csc.itrust2.controllers.api.APIPatientController.getPatients()
20:26:54.968 [main] INFO  o.s.w.s.m.m.a.RequestMappingHandlerMapping - Mapped "{[/api/v1//patients],methods=[POST]}" onto public org.springframework.http.ResponseEntity edu.ncsu.csc.itrust2.controllers.api.APIPatientController.createPatient(edu.ncsu.csc.itrust2.forms.hcp_patient.PatientForm)
20:26:54.969 [main] INFO  o.s.w.s.m.m.a.RequestMappingHandlerMapping - Mapped "{[/api/v1//patients/{id}],methods=[PUT]}" onto public org.springframework.http.ResponseEntity edu.ncsu.csc.itrust2.controllers.api.APIPatientController.updatePatient(java.lang.String,edu.ncsu.csc.itrust2.forms.hcp_patient.PatientForm)
20:26:54.975 [main] DEBUG o.s.w.s.m.m.a.RequestMappingHandlerMapping - 4 request handler methods found on class edu.ncsu.csc.itrust2.controllers.api.APIPersonnelController: {public org.springframework.http.ResponseEntity edu.ncsu.csc.itrust2.controllers.api.APIPersonnelController.getPersonnel(java.lang.String)={[/api/v1//personnel/{id}],methods=[GET]}, public java.util.List edu.ncsu.csc.itrust2.controllers.api.APIPersonnelController.getPersonnel()={[/api/v1//personnel],methods=[GET]}, public org.springframework.http.ResponseEntity edu.ncsu.csc.itrust2.controllers.api.APIPersonnelController.createPersonnel(edu.ncsu.csc.itrust2.forms.personnel.PersonnelForm)={[/api/v1//personnel],methods=[POST]}, public org.springframework.http.ResponseEntity edu.ncsu.csc.itrust2.controllers.api.APIPersonnelController.updatePersonnel(java.lang.String,edu.ncsu.csc.itrust2.forms.personnel.PersonnelForm)={[/api/v1//personnel/{id}],methods=[PUT]}}
20:26:54.975 [main] INFO  o.s.w.s.m.m.a.RequestMappingHandlerMapping - Mapped "{[/api/v1//personnel/{id}],methods=[GET]}" onto public org.springframework.http.ResponseEntity edu.ncsu.csc.itrust2.controllers.api.APIPersonnelController.getPersonnel(java.lang.String)
20:26:54.975 [main] INFO  o.s.w.s.m.m.a.RequestMappingHandlerMapping - Mapped "{[/api/v1//personnel],methods=[GET]}" onto public java.util.List<edu.ncsu.csc.itrust2.models.persistent.Personnel> edu.ncsu.csc.itrust2.controllers.api.APIPersonnelController.getPersonnel()
20:26:54.976 [main] INFO  o.s.w.s.m.m.a.RequestMappingHandlerMapping - Mapped "{[/api/v1//personnel],methods=[POST]}" onto public org.springframework.http.ResponseEntity edu.ncsu.csc.itrust2.controllers.api.APIPersonnelController.createPersonnel(edu.ncsu.csc.itrust2.forms.personnel.PersonnelForm)
20:26:54.976 [main] INFO  o.s.w.s.m.m.a.RequestMappingHandlerMapping - Mapped "{[/api/v1//personnel/{id}],methods=[PUT]}" onto public org.springframework.http.ResponseEntity edu.ncsu.csc.itrust2.controllers.api.APIPersonnelController.updatePersonnel(java.lang.String,edu.ncsu.csc.itrust2.forms.personnel.PersonnelForm)
20:26:54.978 [main] DEBUG o.s.w.s.m.m.a.RequestMappingHandlerMapping - 5 request handler methods found on class edu.ncsu.csc.itrust2.controllers.api.APIPrescriptionController: {public org.springframework.http.ResponseEntity edu.ncsu.csc.itrust2.controllers.api.APIPrescriptionController.addPrescription(edu.ncsu.csc.itrust2.forms.hcp.PrescriptionForm)={[/api/v1//prescriptions],methods=[POST]}, public org.springframework.http.ResponseEntity edu.ncsu.csc.itrust2.controllers.api.APIPrescriptionController.editPrescription(edu.ncsu.csc.itrust2.forms.hcp.PrescriptionForm)={[/api/v1//prescriptions],methods=[PUT]}, public org.springframework.http.ResponseEntity edu.ncsu.csc.itrust2.controllers.api.APIPrescriptionController.deletePrescription(java.lang.Long)={[/api/v1//prescriptions/{id}],methods=[DELETE]}, public java.util.List edu.ncsu.csc.itrust2.controllers.api.APIPrescriptionController.getPrescriptions()={[/api/v1//prescriptions],methods=[GET]}, public org.springframework.http.ResponseEntity edu.ncsu.csc.itrust2.controllers.api.APIPrescriptionController.getPrescription(java.lang.Long)={[/api/v1//prescriptions/{id}],methods=[GET]}}
20:26:54.979 [main] INFO  o.s.w.s.m.m.a.RequestMappingHandlerMapping - Mapped "{[/api/v1//prescriptions],methods=[POST]}" onto public org.springframework.http.ResponseEntity edu.ncsu.csc.itrust2.controllers.api.APIPrescriptionController.addPrescription(edu.ncsu.csc.itrust2.forms.hcp.PrescriptionForm)
20:26:54.980 [main] INFO  o.s.w.s.m.m.a.RequestMappingHandlerMapping - Mapped "{[/api/v1//prescriptions],methods=[PUT]}" onto public org.springframework.http.ResponseEntity edu.ncsu.csc.itrust2.controllers.api.APIPrescriptionController.editPrescription(edu.ncsu.csc.itrust2.forms.hcp.PrescriptionForm)
20:26:54.981 [main] INFO  o.s.w.s.m.m.a.RequestMappingHandlerMapping - Mapped "{[/api/v1//prescriptions/{id}],methods=[DELETE]}" onto public org.springframework.http.ResponseEntity edu.ncsu.csc.itrust2.controllers.api.APIPrescriptionController.deletePrescription(java.lang.Long)
20:26:54.981 [main] INFO  o.s.w.s.m.m.a.RequestMappingHandlerMapping - Mapped "{[/api/v1//prescriptions],methods=[GET]}" onto public java.util.List<edu.ncsu.csc.itrust2.models.persistent.Prescription> edu.ncsu.csc.itrust2.controllers.api.APIPrescriptionController.getPrescriptions()
20:26:54.982 [main] INFO  o.s.w.s.m.m.a.RequestMappingHandlerMapping - Mapped "{[/api/v1//prescriptions/{id}],methods=[GET]}" onto public org.springframework.http.ResponseEntity edu.ncsu.csc.itrust2.controllers.api.APIPrescriptionController.getPrescription(java.lang.Long)
20:26:54.986 [main] DEBUG o.s.w.s.m.m.a.RequestMappingHandlerMapping - 5 request handler methods found on class edu.ncsu.csc.itrust2.controllers.api.APIUserController: {public org.springframework.http.ResponseEntity edu.ncsu.csc.itrust2.controllers.api.APIUserController.getRole()={[/api/v1//role],methods=[GET]}, public org.springframework.http.ResponseEntity edu.ncsu.csc.itrust2.controllers.api.APIUserController.getUser(java.lang.String)={[/api/v1//users/{id}],methods=[GET]}, public java.util.List edu.ncsu.csc.itrust2.controllers.api.APIUserController.getUsers()={[/api/v1//users],methods=[GET]}, public org.springframework.http.ResponseEntity edu.ncsu.csc.itrust2.controllers.api.APIUserController.createUser(edu.ncsu.csc.itrust2.forms.admin.UserForm)={[/api/v1//users],methods=[POST]}, public org.springframework.http.ResponseEntity edu.ncsu.csc.itrust2.controllers.api.APIUserController.updateUser(java.lang.String,edu.ncsu.csc.itrust2.forms.admin.UserForm)={[/api/v1//users/{id}],methods=[PUT]}}
20:26:54.986 [main] INFO  o.s.w.s.m.m.a.RequestMappingHandlerMapping - Mapped "{[/api/v1//role],methods=[GET]}" onto public org.springframework.http.ResponseEntity edu.ncsu.csc.itrust2.controllers.api.APIUserController.getRole()
20:26:54.987 [main] INFO  o.s.w.s.m.m.a.RequestMappingHandlerMapping - Mapped "{[/api/v1//users/{id}],methods=[GET]}" onto public org.springframework.http.ResponseEntity edu.ncsu.csc.itrust2.controllers.api.APIUserController.getUser(java.lang.String)
20:26:54.987 [main] INFO  o.s.w.s.m.m.a.RequestMappingHandlerMapping - Mapped "{[/api/v1//users],methods=[GET]}" onto public java.util.List<edu.ncsu.csc.itrust2.models.persistent.User> edu.ncsu.csc.itrust2.controllers.api.APIUserController.getUsers()
20:26:54.987 [main] INFO  o.s.w.s.m.m.a.RequestMappingHandlerMapping - Mapped "{[/api/v1//users],methods=[POST]}" onto public org.springframework.http.ResponseEntity edu.ncsu.csc.itrust2.controllers.api.APIUserController.createUser(edu.ncsu.csc.itrust2.forms.admin.UserForm)
20:26:54.988 [main] INFO  o.s.w.s.m.m.a.RequestMappingHandlerMapping - Mapped "{[/api/v1//users/{id}],methods=[PUT]}" onto public org.springframework.http.ResponseEntity edu.ncsu.csc.itrust2.controllers.api.APIUserController.updateUser(java.lang.String,edu.ncsu.csc.itrust2.forms.admin.UserForm)
20:26:54.990 [main] DEBUG o.s.w.s.m.m.a.RequestMappingHandlerMapping - 3 request handler methods found on class edu.ncsu.csc.itrust2.controllers.hcp.AppointmentControllerHCP: {public java.lang.String edu.ncsu.csc.itrust2.controllers.hcp.AppointmentControllerHCP.requestAppointmentForm(org.springframework.ui.Model)={[/hcp/viewAppointmentRequests],methods=[GET]}, public java.lang.String edu.ncsu.csc.itrust2.controllers.hcp.AppointmentControllerHCP.appointmentActionSubmit(edu.ncsu.csc.itrust2.forms.patient.AppointmentForm)={[/hcp/viewAppointmentRequests],methods=[POST]}, public java.lang.String edu.ncsu.csc.itrust2.controllers.hcp.AppointmentControllerHCP.upcomingAppointments(org.springframework.ui.Model)={[/hcp/viewAppointments],methods=[GET]}}
20:26:54.990 [main] INFO  o.s.w.s.m.m.a.RequestMappingHandlerMapping - Mapped "{[/hcp/viewAppointmentRequests],methods=[GET]}" onto public java.lang.String edu.ncsu.csc.itrust2.controllers.hcp.AppointmentControllerHCP.requestAppointmentForm(org.springframework.ui.Model)
20:26:54.990 [main] INFO  o.s.w.s.m.m.a.RequestMappingHandlerMapping - Mapped "{[/hcp/viewAppointmentRequests],methods=[POST]}" onto public java.lang.String edu.ncsu.csc.itrust2.controllers.hcp.AppointmentControllerHCP.appointmentActionSubmit(edu.ncsu.csc.itrust2.forms.patient.AppointmentForm)
20:26:54.990 [main] INFO  o.s.w.s.m.m.a.RequestMappingHandlerMapping - Mapped "{[/hcp/viewAppointments],methods=[GET]}" onto public java.lang.String edu.ncsu.csc.itrust2.controllers.hcp.AppointmentControllerHCP.upcomingAppointments(org.springframework.ui.Model)
20:26:54.991 [main] DEBUG o.s.w.s.m.m.a.RequestMappingHandlerMapping - 3 request handler methods found on class edu.ncsu.csc.itrust2.controllers.hcp.HCPController: {public java.lang.String edu.ncsu.csc.itrust2.controllers.hcp.HCPController.editPatientDemographics()={[/hcp/editPatientDemographics],methods=[GET]}, public java.lang.String edu.ncsu.csc.itrust2.controllers.hcp.HCPController.editPrescriptions()={[/hcp/editPrescriptions],methods=[GET]}, public java.lang.String edu.ncsu.csc.itrust2.controllers.hcp.HCPController.index(org.springframework.ui.Model)={[/hcp/index]}}
20:26:54.991 [main] INFO  o.s.w.s.m.m.a.RequestMappingHandlerMapping - Mapped "{[/hcp/editPatientDemographics],methods=[GET]}" onto public java.lang.String edu.ncsu.csc.itrust2.controllers.hcp.HCPController.editPatientDemographics()
20:26:54.991 [main] INFO  o.s.w.s.m.m.a.RequestMappingHandlerMapping - Mapped "{[/hcp/editPrescriptions],methods=[GET]}" onto public java.lang.String edu.ncsu.csc.itrust2.controllers.hcp.HCPController.editPrescriptions()
20:26:54.991 [main] INFO  o.s.w.s.m.m.a.RequestMappingHandlerMapping - Mapped "{[/hcp/index]}" onto public java.lang.String edu.ncsu.csc.itrust2.controllers.hcp.HCPController.index(org.springframework.ui.Model)
20:26:54.998 [main] DEBUG o.s.w.s.m.m.a.RequestMappingHandlerMapping - 3 request handler methods found on class edu.ncsu.csc.itrust2.controllers.hcp.OfficeVisitController: {public java.lang.String edu.ncsu.csc.itrust2.controllers.hcp.OfficeVisitController.documentOfficeVisit(org.springframework.ui.Model)={[/hcp/documentOfficeVisit],methods=[GET]}, public java.lang.String edu.ncsu.csc.itrust2.controllers.hcp.OfficeVisitController.documentVisitSubmit(edu.ncsu.csc.itrust2.forms.hcp.OfficeVisitForm,org.springframework.validation.BindingResult,org.springframework.ui.Model)={[/hcp/documentOfficeVisit],methods=[POST]}, public java.lang.String edu.ncsu.csc.itrust2.controllers.hcp.OfficeVisitController.getAllOfficeVisits(org.springframework.ui.Model)={[/hcp/editOfficeVisit],methods=[GET]}}
20:26:54.998 [main] INFO  o.s.w.s.m.m.a.RequestMappingHandlerMapping - Mapped "{[/hcp/documentOfficeVisit],methods=[GET]}" onto public java.lang.String edu.ncsu.csc.itrust2.controllers.hcp.OfficeVisitController.documentOfficeVisit(org.springframework.ui.Model)
20:26:54.998 [main] INFO  o.s.w.s.m.m.a.RequestMappingHandlerMapping - Mapped "{[/hcp/documentOfficeVisit],methods=[POST]}" onto public java.lang.String edu.ncsu.csc.itrust2.controllers.hcp.OfficeVisitController.documentVisitSubmit(edu.ncsu.csc.itrust2.forms.hcp.OfficeVisitForm,org.springframework.validation.BindingResult,org.springframework.ui.Model)
20:26:54.998 [main] INFO  o.s.w.s.m.m.a.RequestMappingHandlerMapping - Mapped "{[/hcp/editOfficeVisit],methods=[GET]}" onto public java.lang.String edu.ncsu.csc.itrust2.controllers.hcp.OfficeVisitController.getAllOfficeVisits(org.springframework.ui.Model)
20:26:55.000 [main] DEBUG o.s.w.s.m.m.a.RequestMappingHandlerMapping - 4 request handler methods found on class edu.ncsu.csc.itrust2.controllers.patient.AppointmentController: {public java.lang.String edu.ncsu.csc.itrust2.controllers.patient.AppointmentController.requestAppointmentForm(org.springframework.ui.Model)={[/patient/requestAppointment],methods=[GET]}, public java.lang.String edu.ncsu.csc.itrust2.controllers.patient.AppointmentController.inventorySubmit(edu.ncsu.csc.itrust2.forms.patient.AppointmentRequestForm,org.springframework.validation.BindingResult,org.springframework.ui.Model)={[/patient/requestAppointment],methods=[POST]}, public java.lang.String edu.ncsu.csc.itrust2.controllers.patient.AppointmentController.viewAppointmentRequests(org.springframework.ui.Model)={[/patient/viewAppointmentRequests],methods=[GET]}, public java.lang.String edu.ncsu.csc.itrust2.controllers.patient.AppointmentController.viewRequestsSubmit(edu.ncsu.csc.itrust2.forms.patient.AppointmentForm)={[/patient/viewAppointmentRequests],methods=[POST]}}
20:26:55.000 [main] INFO  o.s.w.s.m.m.a.RequestMappingHandlerMapping - Mapped "{[/patient/requestAppointment],methods=[GET]}" onto public java.lang.String edu.ncsu.csc.itrust2.controllers.patient.AppointmentController.requestAppointmentForm(org.springframework.ui.Model)
20:26:55.000 [main] INFO  o.s.w.s.m.m.a.RequestMappingHandlerMapping - Mapped "{[/patient/requestAppointment],methods=[POST]}" onto public java.lang.String edu.ncsu.csc.itrust2.controllers.patient.AppointmentController.inventorySubmit(edu.ncsu.csc.itrust2.forms.patient.AppointmentRequestForm,org.springframework.validation.BindingResult,org.springframework.ui.Model)
20:26:55.000 [main] INFO  o.s.w.s.m.m.a.RequestMappingHandlerMapping - Mapped "{[/patient/viewAppointmentRequests],methods=[GET]}" onto public java.lang.String edu.ncsu.csc.itrust2.controllers.patient.AppointmentController.viewAppointmentRequests(org.springframework.ui.Model)
20:26:55.001 [main] INFO  o.s.w.s.m.m.a.RequestMappingHandlerMapping - Mapped "{[/patient/viewAppointmentRequests],methods=[POST]}" onto public java.lang.String edu.ncsu.csc.itrust2.controllers.patient.AppointmentController.viewRequestsSubmit(edu.ncsu.csc.itrust2.forms.patient.AppointmentForm)
20:26:55.002 [main] DEBUG o.s.w.s.m.m.a.RequestMappingHandlerMapping - 1 request handler methods found on class edu.ncsu.csc.itrust2.controllers.patient.DiagnosesController: {public java.lang.String edu.ncsu.csc.itrust2.controllers.patient.DiagnosesController.viewDiagnoses(org.springframework.ui.Model)={[/patient/viewDiagnoses],methods=[GET]}}
20:26:55.002 [main] INFO  o.s.w.s.m.m.a.RequestMappingHandlerMapping - Mapped "{[/patient/viewDiagnoses],methods=[GET]}" onto public java.lang.String edu.ncsu.csc.itrust2.controllers.patient.DiagnosesController.viewDiagnoses(org.springframework.ui.Model)
20:26:55.004 [main] DEBUG o.s.w.s.m.m.a.RequestMappingHandlerMapping - 5 request handler methods found on class edu.ncsu.csc.itrust2.controllers.patient.PatientController: {public java.lang.String edu.ncsu.csc.itrust2.controllers.patient.PatientController.viewOfficeVisits(org.springframework.ui.Model)={[/patient/viewOfficeVisits],methods=[GET]}, public java.lang.String edu.ncsu.csc.itrust2.controllers.patient.PatientController.viewPrescriptions(org.springframework.ui.Model)={[/patient/viewPrescriptions],methods=[GET]}, public java.lang.String edu.ncsu.csc.itrust2.controllers.patient.PatientController.viewDemographics(org.springframework.ui.Model)={[/patient/editDemographics],methods=[GET]}, public java.lang.String edu.ncsu.csc.itrust2.controllers.patient.PatientController.demographicsSubmit(edu.ncsu.csc.itrust2.forms.hcp_patient.PatientForm,org.springframework.validation.BindingResult,org.springframework.ui.Model)={[/patient/editDemographics],methods=[POST]}, public java.lang.String edu.ncsu.csc.itrust2.controllers.patient.PatientController.index(org.springframework.ui.Model)={[/patient/index]}}
20:26:55.004 [main] INFO  o.s.w.s.m.m.a.RequestMappingHandlerMapping - Mapped "{[/patient/viewOfficeVisits],methods=[GET]}" onto public java.lang.String edu.ncsu.csc.itrust2.controllers.patient.PatientController.viewOfficeVisits(org.springframework.ui.Model)
20:26:55.005 [main] INFO  o.s.w.s.m.m.a.RequestMappingHandlerMapping - Mapped "{[/patient/viewPrescriptions],methods=[GET]}" onto public java.lang.String edu.ncsu.csc.itrust2.controllers.patient.PatientController.viewPrescriptions(org.springframework.ui.Model)
20:26:55.005 [main] INFO  o.s.w.s.m.m.a.RequestMappingHandlerMapping - Mapped "{[/patient/editDemographics],methods=[GET]}" onto public java.lang.String edu.ncsu.csc.itrust2.controllers.patient.PatientController.viewDemographics(org.springframework.ui.Model)
20:26:55.005 [main] INFO  o.s.w.s.m.m.a.RequestMappingHandlerMapping - Mapped "{[/patient/editDemographics],methods=[POST]}" onto public java.lang.String edu.ncsu.csc.itrust2.controllers.patient.PatientController.demographicsSubmit(edu.ncsu.csc.itrust2.forms.hcp_patient.PatientForm,org.springframework.validation.BindingResult,org.springframework.ui.Model)
20:26:55.005 [main] INFO  o.s.w.s.m.m.a.RequestMappingHandlerMapping - Mapped "{[/patient/index]}" onto public java.lang.String edu.ncsu.csc.itrust2.controllers.patient.PatientController.index(org.springframework.ui.Model)
20:26:55.006 [main] DEBUG o.s.w.s.m.m.a.RequestMappingHandlerMapping - 3 request handler methods found on class edu.ncsu.csc.itrust2.controllers.personnel.PasswordController: {public java.lang.String edu.ncsu.csc.itrust2.controllers.personnel.PasswordController.changePassword(org.springframework.ui.Model)={[/changePassword],methods=[GET]}, public java.lang.String edu.ncsu.csc.itrust2.controllers.personnel.PasswordController.requestReset(org.springframework.ui.Model)={[/requestPasswordReset],methods=[GET]}, public java.lang.String edu.ncsu.csc.itrust2.controllers.personnel.PasswordController.resetPassword(org.springframework.ui.Model,long)={[/resetPassword],methods=[GET]}}
20:26:55.007 [main] INFO  o.s.w.s.m.m.a.RequestMappingHandlerMapping - Mapped "{[/changePassword],methods=[GET]}" onto public java.lang.String edu.ncsu.csc.itrust2.controllers.personnel.PasswordController.changePassword(org.springframework.ui.Model)
20:26:55.007 [main] INFO  o.s.w.s.m.m.a.RequestMappingHandlerMapping - Mapped "{[/requestPasswordReset],methods=[GET]}" onto public java.lang.String edu.ncsu.csc.itrust2.controllers.personnel.PasswordController.requestReset(org.springframework.ui.Model)
20:26:55.007 [main] INFO  o.s.w.s.m.m.a.RequestMappingHandlerMapping - Mapped "{[/resetPassword],methods=[GET]}" onto public java.lang.String edu.ncsu.csc.itrust2.controllers.personnel.PasswordController.resetPassword(org.springframework.ui.Model,long)
20:26:55.009 [main] DEBUG o.s.w.s.m.m.a.RequestMappingHandlerMapping - 2 request handler methods found on class edu.ncsu.csc.itrust2.controllers.personnel.UserController: {public java.lang.String edu.ncsu.csc.itrust2.controllers.personnel.UserController.viewDemographics(org.springframework.ui.Model)={[/personnel/editDemographics],methods=[GET]}, public java.lang.String edu.ncsu.csc.itrust2.controllers.personnel.UserController.demographicsSubmit(edu.ncsu.csc.itrust2.forms.personnel.PersonnelForm,org.springframework.validation.BindingResult,org.springframework.ui.Model)={[/personnel/editDemographics],methods=[POST]}}
20:26:55.009 [main] INFO  o.s.w.s.m.m.a.RequestMappingHandlerMapping - Mapped "{[/personnel/editDemographics],methods=[GET]}" onto public java.lang.String edu.ncsu.csc.itrust2.controllers.personnel.UserController.viewDemographics(org.springframework.ui.Model)
20:26:55.009 [main] INFO  o.s.w.s.m.m.a.RequestMappingHandlerMapping - Mapped "{[/personnel/editDemographics],methods=[POST]}" onto public java.lang.String edu.ncsu.csc.itrust2.controllers.personnel.UserController.demographicsSubmit(edu.ncsu.csc.itrust2.forms.personnel.PersonnelForm,org.springframework.validation.BindingResult,org.springframework.ui.Model)
20:26:55.011 [main] DEBUG o.s.b.f.s.DefaultListableBeanFactory - Returning cached instance of singleton bean 'metaDataSourceAdvisor'
20:26:55.033 [main] DEBUG o.s.b.f.s.DefaultListableBeanFactory - Finished creating instance of bean 'requestMappingHandlerMapping'
20:26:55.033 [main] DEBUG o.s.b.f.s.DefaultListableBeanFactory - Creating shared instance of singleton bean 'mvcPathMatcher'
20:26:55.033 [main] DEBUG o.s.b.f.s.DefaultListableBeanFactory - Creating instance of bean 'mvcPathMatcher'
20:26:55.034 [main] DEBUG o.s.b.f.s.DefaultListableBeanFactory - Returning cached instance of singleton bean 'org.springframework.web.servlet.config.annotation.DelegatingWebMvcConfiguration'
20:26:55.034 [main] DEBUG o.s.b.f.s.DefaultListableBeanFactory - Eagerly caching bean 'mvcPathMatcher' to allow for resolving potential circular references
20:26:55.038 [main] DEBUG o.s.b.f.s.DefaultListableBeanFactory - Returning cached instance of singleton bean 'metaDataSourceAdvisor'
20:26:55.039 [main] DEBUG o.s.b.f.s.DefaultListableBeanFactory - Finished creating instance of bean 'mvcPathMatcher'
20:26:55.040 [main] DEBUG o.s.b.f.s.DefaultListableBeanFactory - Creating shared instance of singleton bean 'mvcUrlPathHelper'
20:26:55.040 [main] DEBUG o.s.b.f.s.DefaultListableBeanFactory - Creating instance of bean 'mvcUrlPathHelper'
20:26:55.040 [main] DEBUG o.s.b.f.s.DefaultListableBeanFactory - Returning cached instance of singleton bean 'org.springframework.web.servlet.config.annotation.DelegatingWebMvcConfiguration'
20:26:55.041 [main] DEBUG o.s.b.f.s.DefaultListableBeanFactory - Eagerly caching bean 'mvcUrlPathHelper' to allow for resolving potential circular references
20:26:55.043 [main] DEBUG o.s.b.f.s.DefaultListableBeanFactory - Returning cached instance of singleton bean 'metaDataSourceAdvisor'
20:26:55.044 [main] DEBUG o.s.b.f.s.DefaultListableBeanFactory - Finished creating instance of bean 'mvcUrlPathHelper'
20:26:55.044 [main] DEBUG o.s.b.f.s.DefaultListableBeanFactory - Returning cached instance of singleton bean 'mvcContentNegotiationManager'
20:26:55.045 [main] DEBUG o.s.b.f.s.DefaultListableBeanFactory - Creating shared instance of singleton bean 'viewControllerHandlerMapping'
20:26:55.045 [main] DEBUG o.s.b.f.s.DefaultListableBeanFactory - Creating instance of bean 'viewControllerHandlerMapping'
20:26:55.046 [main] DEBUG o.s.b.f.s.DefaultListableBeanFactory - Returning cached instance of singleton bean 'org.springframework.web.servlet.config.annotation.DelegatingWebMvcConfiguration'
20:26:55.056 [main] DEBUG o.s.b.f.s.DefaultListableBeanFactory - Returning cached instance of singleton bean 'mvcPathMatcher'
20:26:55.056 [main] DEBUG o.s.b.f.s.DefaultListableBeanFactory - Returning cached instance of singleton bean 'mvcUrlPathHelper'
20:26:55.057 [main] DEBUG o.s.b.f.s.DefaultListableBeanFactory - Eagerly caching bean 'viewControllerHandlerMapping' to allow for resolving potential circular references
20:26:55.066 [main] INFO  o.s.w.s.h.SimpleUrlHandlerMapping - Mapped URL path [/login] onto handler of type [class org.springframework.web.servlet.mvc.ParameterizableViewController]
20:26:55.067 [main] DEBUG o.s.b.f.s.DefaultListableBeanFactory - Returning cached instance of singleton bean 'metaDataSourceAdvisor'
20:26:55.076 [main] DEBUG o.s.b.f.s.DefaultListableBeanFactory - Finished creating instance of bean 'viewControllerHandlerMapping'
20:26:55.076 [main] DEBUG o.s.b.f.s.DefaultListableBeanFactory - Creating shared instance of singleton bean 'beanNameHandlerMapping'
20:26:55.076 [main] DEBUG o.s.b.f.s.DefaultListableBeanFactory - Creating instance of bean 'beanNameHandlerMapping'
20:26:55.076 [main] DEBUG o.s.b.f.s.DefaultListableBeanFactory - Returning cached instance of singleton bean 'org.springframework.web.servlet.config.annotation.DelegatingWebMvcConfiguration'
20:26:55.078 [main] DEBUG o.s.b.f.s.DefaultListableBeanFactory - Eagerly caching bean 'beanNameHandlerMapping' to allow for resolving potential circular references
20:26:55.092 [main] DEBUG o.s.w.s.h.BeanNameUrlHandlerMapping - Looking for URL mappings in application context: org.springframework.web.context.support.GenericWebApplicationContext@37df14d1: startup date [Wed Mar 21 20:26:50 UTC 2018]; root of context hierarchy
20:26:55.093 [main] DEBUG o.s.w.s.h.BeanNameUrlHandlerMapping - Rejected bean name 'org.springframework.context.annotation.internalConfigurationAnnotationProcessor': no URL paths identified
20:26:55.093 [main] DEBUG o.s.w.s.h.BeanNameUrlHandlerMapping - Rejected bean name 'org.springframework.context.annotation.internalAutowiredAnnotationProcessor': no URL paths identified
20:26:55.093 [main] DEBUG o.s.w.s.h.BeanNameUrlHandlerMapping - Rejected bean name 'org.springframework.context.annotation.internalRequiredAnnotationProcessor': no URL paths identified
20:26:55.093 [main] DEBUG o.s.w.s.h.BeanNameUrlHandlerMapping - Rejected bean name 'org.springframework.context.annotation.internalCommonAnnotationProcessor': no URL paths identified
20:26:55.093 [main] DEBUG o.s.w.s.h.BeanNameUrlHandlerMapping - Rejected bean name 'org.springframework.context.annotation.internalPersistenceAnnotationProcessor': no URL paths identified
20:26:55.093 [main] DEBUG o.s.w.s.h.BeanNameUrlHandlerMapping - Rejected bean name 'org.springframework.context.event.internalEventListenerProcessor': no URL paths identified
20:26:55.093 [main] DEBUG o.s.w.s.h.BeanNameUrlHandlerMapping - Rejected bean name 'org.springframework.context.event.internalEventListenerFactory': no URL paths identified
20:26:55.093 [main] DEBUG o.s.w.s.h.BeanNameUrlHandlerMapping - Rejected bean name 'rootConfiguration': no URL paths identified
20:26:55.093 [main] DEBUG o.s.w.s.h.BeanNameUrlHandlerMapping - Rejected bean name 'webMvcConfiguration': no URL paths identified
20:26:55.093 [main] DEBUG o.s.w.s.h.BeanNameUrlHandlerMapping - Rejected bean name 'dataConfiguration': no URL paths identified
20:26:55.093 [main] DEBUG o.s.w.s.h.BeanNameUrlHandlerMapping - Rejected bean name 'loginAuditingListener': no URL paths identified
20:26:55.093 [main] DEBUG o.s.w.s.h.BeanNameUrlHandlerMapping - Rejected bean name 'securityConfig': no URL paths identified
20:26:55.093 [main] DEBUG o.s.w.s.h.BeanNameUrlHandlerMapping - Rejected bean name 'defaultController': no URL paths identified
20:26:55.093 [main] DEBUG o.s.w.s.h.BeanNameUrlHandlerMapping - Rejected bean name 'adminController': no URL paths identified
20:26:55.093 [main] DEBUG o.s.w.s.h.BeanNameUrlHandlerMapping - Rejected bean name 'adminUserController': no URL paths identified
20:26:55.093 [main] DEBUG o.s.w.s.h.BeanNameUrlHandlerMapping - Rejected bean name 'hospitalController': no URL paths identified
20:26:55.093 [main] DEBUG o.s.w.s.h.BeanNameUrlHandlerMapping - Rejected bean name 'ICDCodesController': no URL paths identified
20:26:55.094 [main] DEBUG o.s.w.s.h.BeanNameUrlHandlerMapping - Rejected bean name 'APIAppointmentRequestController': no URL paths identified
20:26:55.094 [main] DEBUG o.s.w.s.h.BeanNameUrlHandlerMapping - Rejected bean name 'APIDiagnosisController': no URL paths identified
20:26:55.094 [main] DEBUG o.s.w.s.h.BeanNameUrlHandlerMapping - Rejected bean name 'APIDrugController': no URL paths identified
20:26:55.094 [main] DEBUG o.s.w.s.h.BeanNameUrlHandlerMapping - Rejected bean name 'APIEnumController': no URL paths identified
20:26:55.094 [main] DEBUG o.s.w.s.h.BeanNameUrlHandlerMapping - Rejected bean name 'APIHospitalController': no URL paths identified
20:26:55.094 [main] DEBUG o.s.w.s.h.BeanNameUrlHandlerMapping - Rejected bean name 'APIICDCodeController': no URL paths identified
20:26:55.094 [main] DEBUG o.s.w.s.h.BeanNameUrlHandlerMapping - Rejected bean name 'APILogEntryController': no URL paths identified
20:26:55.094 [main] DEBUG o.s.w.s.h.BeanNameUrlHandlerMapping - Rejected bean name 'APIOfficeVisitController': no URL paths identified
20:26:55.094 [main] DEBUG o.s.w.s.h.BeanNameUrlHandlerMapping - Rejected bean name 'APIPasswordController': no URL paths identified
20:26:55.094 [main] DEBUG o.s.w.s.h.BeanNameUrlHandlerMapping - Rejected bean name 'APIPatientController': no URL paths identified
20:26:55.094 [main] DEBUG o.s.w.s.h.BeanNameUrlHandlerMapping - Rejected bean name 'APIPersonnelController': no URL paths identified
20:26:55.094 [main] DEBUG o.s.w.s.h.BeanNameUrlHandlerMapping - Rejected bean name 'APIPrescriptionController': no URL paths identified
20:26:55.094 [main] DEBUG o.s.w.s.h.BeanNameUrlHandlerMapping - Rejected bean name 'APIUserController': no URL paths identified
20:26:55.095 [main] DEBUG o.s.w.s.h.BeanNameUrlHandlerMapping - Rejected bean name 'appointmentControllerHCP': no URL paths identified
20:26:55.095 [main] DEBUG o.s.w.s.h.BeanNameUrlHandlerMapping - Rejected bean name 'HCPController': no URL paths identified
20:26:55.095 [main] DEBUG o.s.w.s.h.BeanNameUrlHandlerMapping - Rejected bean name 'officeVisitController': no URL paths identified
20:26:55.095 [main] DEBUG o.s.w.s.h.BeanNameUrlHandlerMapping - Rejected bean name 'appointmentController': no URL paths identified
20:26:55.095 [main] DEBUG o.s.w.s.h.BeanNameUrlHandlerMapping - Rejected bean name 'diagnosesController': no URL paths identified
20:26:55.095 [main] DEBUG o.s.w.s.h.BeanNameUrlHandlerMapping - Rejected bean name 'patientController': no URL paths identified
20:26:55.095 [main] DEBUG o.s.w.s.h.BeanNameUrlHandlerMapping - Rejected bean name 'passwordController': no URL paths identified
20:26:55.095 [main] DEBUG o.s.w.s.h.BeanNameUrlHandlerMapping - Rejected bean name 'userController': no URL paths identified
20:26:55.095 [main] DEBUG o.s.w.s.h.BeanNameUrlHandlerMapping - Rejected bean name 'dataSource': no URL paths identified
20:26:55.095 [main] DEBUG o.s.w.s.h.BeanNameUrlHandlerMapping - Rejected bean name 'org.springframework.security.config.annotation.configuration.ObjectPostProcessorConfiguration': no URL paths identified
20:26:55.095 [main] DEBUG o.s.w.s.h.BeanNameUrlHandlerMapping - Rejected bean name 'objectPostProcessor': no URL paths identified
20:26:55.095 [main] DEBUG o.s.w.s.h.BeanNameUrlHandlerMapping - Rejected bean name 'org.springframework.security.config.annotation.authentication.configuration.AuthenticationConfiguration': no URL paths identified
20:26:55.095 [main] DEBUG o.s.w.s.h.BeanNameUrlHandlerMapping - Rejected bean name 'authenticationManagerBuilder': no URL paths identified
20:26:55.095 [main] DEBUG o.s.w.s.h.BeanNameUrlHandlerMapping - Rejected bean name 'enableGlobalAuthenticationAutowiredConfigurer': no URL paths identified
20:26:55.095 [main] DEBUG o.s.w.s.h.BeanNameUrlHandlerMapping - Rejected bean name 'initializeUserDetailsBeanManagerConfigurer': no URL paths identified
20:26:55.095 [main] DEBUG o.s.w.s.h.BeanNameUrlHandlerMapping - Rejected bean name 'initializeAuthenticationProviderBeanManagerConfigurer': no URL paths identified
20:26:55.095 [main] DEBUG o.s.w.s.h.BeanNameUrlHandlerMapping - Rejected bean name 'org.springframework.security.config.annotation.web.configuration.WebSecurityConfiguration': no URL paths identified
20:26:55.095 [main] DEBUG o.s.w.s.h.BeanNameUrlHandlerMapping - Rejected bean name 'delegatingApplicationListener': no URL paths identified
20:26:55.095 [main] DEBUG o.s.w.s.h.BeanNameUrlHandlerMapping - Rejected bean name 'webSecurityExpressionHandler': no URL paths identified
20:26:55.096 [main] DEBUG o.s.w.s.h.BeanNameUrlHandlerMapping - Rejected bean name 'springSecurityFilterChain': no URL paths identified
20:26:55.096 [main] DEBUG o.s.w.s.h.BeanNameUrlHandlerMapping - Rejected bean name 'privilegeEvaluator': no URL paths identified
20:26:55.096 [main] DEBUG o.s.w.s.h.BeanNameUrlHandlerMapping - Rejected bean name 'autowiredWebSecurityConfigurersIgnoreParents': no URL paths identified
20:26:55.096 [main] DEBUG o.s.w.s.h.BeanNameUrlHandlerMapping - Rejected bean name 'org.springframework.security.config.annotation.web.configuration.WebMvcSecurityConfiguration': no URL paths identified
20:26:55.096 [main] DEBUG o.s.w.s.h.BeanNameUrlHandlerMapping - Rejected bean name 'requestDataValueProcessor': no URL paths identified
20:26:55.096 [main] DEBUG o.s.w.s.h.BeanNameUrlHandlerMapping - Rejected bean name 'passwordEncoder': no URL paths identified
20:26:55.096 [main] DEBUG o.s.w.s.h.BeanNameUrlHandlerMapping - Rejected bean name 'defaultAuthenticationEventPublisher': no URL paths identified
20:26:55.096 [main] DEBUG o.s.w.s.h.BeanNameUrlHandlerMapping - Rejected bean name 'failureHandler': no URL paths identified
20:26:55.096 [main] DEBUG o.s.w.s.h.BeanNameUrlHandlerMapping - Rejected bean name 'ipBlockFilter': no URL paths identified
20:26:55.096 [main] DEBUG o.s.w.s.h.BeanNameUrlHandlerMapping - Rejected bean name 'org.springframework.web.servlet.config.annotation.DelegatingWebMvcConfiguration': no URL paths identified
20:26:55.096 [main] DEBUG o.s.w.s.h.BeanNameUrlHandlerMapping - Rejected bean name 'mvcConversionService': no URL paths identified
20:26:55.096 [main] DEBUG o.s.w.s.h.BeanNameUrlHandlerMapping - Rejected bean name 'requestMappingHandlerMapping': no URL paths identified
20:26:55.096 [main] DEBUG o.s.w.s.h.BeanNameUrlHandlerMapping - Rejected bean name 'mvcPathMatcher': no URL paths identified
20:26:55.096 [main] DEBUG o.s.w.s.h.BeanNameUrlHandlerMapping - Rejected bean name 'mvcUrlPathHelper': no URL paths identified
20:26:55.096 [main] DEBUG o.s.w.s.h.BeanNameUrlHandlerMapping - Rejected bean name 'mvcContentNegotiationManager': no URL paths identified
20:26:55.096 [main] DEBUG o.s.w.s.h.BeanNameUrlHandlerMapping - Rejected bean name 'viewControllerHandlerMapping': no URL paths identified
20:26:55.096 [main] DEBUG o.s.w.s.h.BeanNameUrlHandlerMapping - Rejected bean name 'beanNameHandlerMapping': no URL paths identified
20:26:55.096 [main] DEBUG o.s.w.s.h.BeanNameUrlHandlerMapping - Rejected bean name 'resourceHandlerMapping': no URL paths identified
20:26:55.096 [main] DEBUG o.s.w.s.h.BeanNameUrlHandlerMapping - Rejected bean name 'mvcResourceUrlProvider': no URL paths identified
20:26:55.096 [main] DEBUG o.s.w.s.h.BeanNameUrlHandlerMapping - Rejected bean name 'defaultServletHandlerMapping': no URL paths identified
20:26:55.096 [main] DEBUG o.s.w.s.h.BeanNameUrlHandlerMapping - Rejected bean name 'requestMappingHandlerAdapter': no URL paths identified
20:26:55.096 [main] DEBUG o.s.w.s.h.BeanNameUrlHandlerMapping - Rejected bean name 'mvcValidator': no URL paths identified
20:26:55.096 [main] DEBUG o.s.w.s.h.BeanNameUrlHandlerMapping - Rejected bean name 'mvcUriComponentsContributor': no URL paths identified
20:26:55.096 [main] DEBUG o.s.w.s.h.BeanNameUrlHandlerMapping - Rejected bean name 'httpRequestHandlerAdapter': no URL paths identified
20:26:55.096 [main] DEBUG o.s.w.s.h.BeanNameUrlHandlerMapping - Rejected bean name 'simpleControllerHandlerAdapter': no URL paths identified
20:26:55.096 [main] DEBUG o.s.w.s.h.BeanNameUrlHandlerMapping - Rejected bean name 'handlerExceptionResolver': no URL paths identified
20:26:55.096 [main] DEBUG o.s.w.s.h.BeanNameUrlHandlerMapping - Rejected bean name 'mvcViewResolver': no URL paths identified
20:26:55.096 [main] DEBUG o.s.w.s.h.BeanNameUrlHandlerMapping - Rejected bean name 'org.springframework.security.config.annotation.method.configuration.GlobalMethodSecurityConfiguration': no URL paths identified
20:26:55.096 [main] DEBUG o.s.w.s.h.BeanNameUrlHandlerMapping - Rejected bean name 'methodSecurityInterceptor': no URL paths identified
20:26:55.096 [main] DEBUG o.s.w.s.h.BeanNameUrlHandlerMapping - Rejected bean name 'methodSecurityMetadataSource': no URL paths identified
20:26:55.096 [main] DEBUG o.s.w.s.h.BeanNameUrlHandlerMapping - Rejected bean name 'preInvocationAuthorizationAdvice': no URL paths identified
20:26:55.096 [main] DEBUG o.s.w.s.h.BeanNameUrlHandlerMapping - Rejected bean name 'viewResolver': no URL paths identified
20:26:55.096 [main] DEBUG o.s.w.s.h.BeanNameUrlHandlerMapping - Rejected bean name 'templateEngine': no URL paths identified
20:26:55.096 [main] DEBUG o.s.w.s.h.BeanNameUrlHandlerMapping - Rejected bean name 'domainClassConverter': no URL paths identified
20:26:55.096 [main] DEBUG o.s.w.s.h.BeanNameUrlHandlerMapping - Rejected bean name 'metaDataSourceAdvisor': no URL paths identified
20:26:55.096 [main] DEBUG o.s.w.s.h.BeanNameUrlHandlerMapping - Rejected bean name 'org.springframework.aop.config.internalAutoProxyCreator': no URL paths identified
20:26:55.097 [main] DEBUG o.s.w.s.h.BeanNameUrlHandlerMapping - Rejected bean name 'environment': no URL paths identified
20:26:55.097 [main] DEBUG o.s.w.s.h.BeanNameUrlHandlerMapping - Rejected bean name 'systemProperties': no URL paths identified
20:26:55.097 [main] DEBUG o.s.w.s.h.BeanNameUrlHandlerMapping - Rejected bean name 'systemEnvironment': no URL paths identified
20:26:55.097 [main] DEBUG o.s.w.s.h.BeanNameUrlHandlerMapping - Rejected bean name 'servletContext': no URL paths identified
20:26:55.097 [main] DEBUG o.s.w.s.h.BeanNameUrlHandlerMapping - Rejected bean name 'contextParameters': no URL paths identified
20:26:55.098 [main] DEBUG o.s.w.s.h.BeanNameUrlHandlerMapping - Rejected bean name 'contextAttributes': no URL paths identified
20:26:55.098 [main] DEBUG o.s.w.s.h.BeanNameUrlHandlerMapping - Rejected bean name 'org.springframework.context.annotation.ConfigurationClassPostProcessor.importRegistry': no URL paths identified
20:26:55.098 [main] DEBUG o.s.w.s.h.BeanNameUrlHandlerMapping - Rejected bean name 'messageSource': no URL paths identified
20:26:55.098 [main] DEBUG o.s.w.s.h.BeanNameUrlHandlerMapping - Rejected bean name 'applicationEventMulticaster': no URL paths identified
20:26:55.099 [main] DEBUG o.s.b.f.s.DefaultListableBeanFactory - Returning cached instance of singleton bean 'metaDataSourceAdvisor'
20:26:55.107 [main] DEBUG o.s.b.f.s.DefaultListableBeanFactory - Finished creating instance of bean 'beanNameHandlerMapping'
20:26:55.107 [main] DEBUG o.s.b.f.s.DefaultListableBeanFactory - Creating shared instance of singleton bean 'resourceHandlerMapping'
20:26:55.107 [main] DEBUG o.s.b.f.s.DefaultListableBeanFactory - Creating instance of bean 'resourceHandlerMapping'
20:26:55.107 [main] DEBUG o.s.b.f.s.DefaultListableBeanFactory - Returning cached instance of singleton bean 'org.springframework.web.servlet.config.annotation.DelegatingWebMvcConfiguration'
20:26:55.108 [main] DEBUG o.s.b.f.s.DefaultListableBeanFactory - Returning cached instance of singleton bean 'mvcContentNegotiationManager'
20:26:55.122 [main] DEBUG o.s.b.f.s.DefaultListableBeanFactory - Returning cached instance of singleton bean 'mvcPathMatcher'
20:26:55.122 [main] DEBUG o.s.b.f.s.DefaultListableBeanFactory - Returning cached instance of singleton bean 'mvcUrlPathHelper'
20:26:55.122 [main] DEBUG o.s.b.f.s.DefaultListableBeanFactory - Returning cached instance of singleton bean 'mvcResourceUrlProvider'
20:26:55.123 [main] DEBUG o.s.b.f.s.DefaultListableBeanFactory - Eagerly caching bean 'resourceHandlerMapping' to allow for resolving potential circular references
20:26:55.123 [main] INFO  o.s.w.s.h.SimpleUrlHandlerMapping - Mapped URL path [/resources/**] onto handler of type [class org.springframework.web.servlet.resource.ResourceHttpRequestHandler]
20:26:55.124 [main] DEBUG o.s.b.f.s.DefaultListableBeanFactory - Returning cached instance of singleton bean 'metaDataSourceAdvisor'
20:26:55.124 [main] DEBUG o.s.b.f.s.DefaultListableBeanFactory - Finished creating instance of bean 'resourceHandlerMapping'
20:26:55.124 [main] DEBUG o.s.b.f.s.DefaultListableBeanFactory - Returning cached instance of singleton bean 'mvcResourceUrlProvider'
20:26:55.124 [main] DEBUG o.s.b.f.s.DefaultListableBeanFactory - Creating shared instance of singleton bean 'defaultServletHandlerMapping'
20:26:55.124 [main] DEBUG o.s.b.f.s.DefaultListableBeanFactory - Creating instance of bean 'defaultServletHandlerMapping'
20:26:55.124 [main] DEBUG o.s.b.f.s.DefaultListableBeanFactory - Returning cached instance of singleton bean 'org.springframework.web.servlet.config.annotation.DelegatingWebMvcConfiguration'
20:26:55.125 [main] DEBUG o.s.b.f.s.DefaultListableBeanFactory - Eagerly caching bean 'defaultServletHandlerMapping' to allow for resolving potential circular references
20:26:55.131 [main] DEBUG o.s.b.f.s.DefaultListableBeanFactory - Returning cached instance of singleton bean 'metaDataSourceAdvisor'
20:26:55.138 [main] DEBUG o.s.b.f.s.DefaultListableBeanFactory - Finished creating instance of bean 'defaultServletHandlerMapping'
20:26:55.138 [main] DEBUG o.s.b.f.s.DefaultListableBeanFactory - Creating shared instance of singleton bean 'requestMappingHandlerAdapter'
20:26:55.138 [main] DEBUG o.s.b.f.s.DefaultListableBeanFactory - Creating instance of bean 'requestMappingHandlerAdapter'
20:26:55.138 [main] DEBUG o.s.b.f.s.DefaultListableBeanFactory - Returning cached instance of singleton bean 'org.springframework.web.servlet.config.annotation.DelegatingWebMvcConfiguration'
20:26:55.492 [main] DEBUG o.s.b.f.s.DefaultListableBeanFactory - Returning cached instance of singleton bean 'mvcContentNegotiationManager'
20:26:55.503 [main] DEBUG o.s.b.f.s.DefaultListableBeanFactory - Returning cached instance of singleton bean 'mvcConversionService'
20:26:55.503 [main] DEBUG o.s.b.f.s.DefaultListableBeanFactory - Creating shared instance of singleton bean 'mvcValidator'
20:26:55.503 [main] DEBUG o.s.b.f.s.DefaultListableBeanFactory - Creating instance of bean 'mvcValidator'
20:26:55.503 [main] DEBUG o.s.b.f.s.DefaultListableBeanFactory - Returning cached instance of singleton bean 'org.springframework.web.servlet.config.annotation.DelegatingWebMvcConfiguration'
20:26:55.515 [main] DEBUG o.s.b.f.s.DefaultListableBeanFactory - Eagerly caching bean 'mvcValidator' to allow for resolving potential circular references
20:26:55.529 [main] DEBUG o.s.b.f.s.DefaultListableBeanFactory - Invoking afterPropertiesSet() on bean with name 'mvcValidator'
20:26:55.595 [main] DEBUG org.jboss.logging - Logging Provider: org.jboss.logging.Slf4jLoggerProvider
20:26:55.598 [main] INFO  o.h.validator.internal.util.Version - HV000001: Hibernate Validator 5.4.1.Final
20:26:55.640 [main] DEBUG o.h.v.i.e.r.DefaultTraversableResolver - Found javax.persistence.Persistence on classpath containing 'getPersistenceUtil'. Assuming JPA 2 environment. Trying to instantiate JPA aware TraversableResolver
20:26:55.641 [main] DEBUG o.h.v.i.e.r.DefaultTraversableResolver - Instantiated JPA aware TraversableResolver of type org.hibernate.validator.internal.engine.resolver.JPATraversableResolver.
20:26:55.671 [main] DEBUG o.h.v.i.engine.ConfigurationImpl - Setting custom MessageInterpolator of type org.springframework.validation.beanvalidation.LocaleContextMessageInterpolator
20:26:55.671 [main] DEBUG o.h.v.i.engine.ConfigurationImpl - Setting custom ConstraintValidatorFactory of type org.springframework.validation.beanvalidation.SpringConstraintValidatorFactory
20:26:55.673 [main] DEBUG o.h.v.i.engine.ConfigurationImpl - Setting custom ParameterNameProvider of type com.sun.proxy.$Proxy47
20:26:55.676 [main] DEBUG o.h.v.i.xml.ValidationXmlParser - Trying to load META-INF/validation.xml for XML based Validator configuration.
20:26:55.677 [main] DEBUG o.h.v.i.xml.ResourceLoaderHelper - Trying to load META-INF/validation.xml via user class loader
20:26:55.678 [main] DEBUG o.h.v.i.xml.ResourceLoaderHelper - Trying to load META-INF/validation.xml via TCCL
20:26:55.679 [main] DEBUG o.h.v.i.xml.ResourceLoaderHelper - Trying to load META-INF/validation.xml via Hibernate Validator's class loader
20:26:55.679 [main] DEBUG o.h.v.i.xml.ValidationXmlParser - No META-INF/validation.xml found. Using annotation based configuration only.
20:26:55.778 [main] DEBUG o.s.b.f.s.DefaultListableBeanFactory - Returning cached instance of singleton bean 'metaDataSourceAdvisor'
20:26:55.785 [main] DEBUG o.s.b.f.s.DefaultListableBeanFactory - Finished creating instance of bean 'mvcValidator'
20:26:55.799 [main] DEBUG o.s.b.f.s.DefaultListableBeanFactory - Eagerly caching bean 'requestMappingHandlerAdapter' to allow for resolving potential circular references
20:26:55.844 [main] DEBUG o.s.b.f.s.DefaultListableBeanFactory - Invoking afterPropertiesSet() on bean with name 'requestMappingHandlerAdapter'
20:26:55.845 [main] INFO  o.s.w.s.m.m.a.RequestMappingHandlerAdapter - Looking for @ControllerAdvice: org.springframework.web.context.support.GenericWebApplicationContext@37df14d1: startup date [Wed Mar 21 20:26:50 UTC 2018]; root of context hierarchy
20:26:55.940 [main] DEBUG o.s.b.f.s.DefaultListableBeanFactory - Returning cached instance of singleton bean 'metaDataSourceAdvisor'
20:26:55.962 [main] DEBUG o.s.b.f.s.DefaultListableBeanFactory - Finished creating instance of bean 'requestMappingHandlerAdapter'
20:26:55.962 [main] DEBUG o.s.b.f.s.DefaultListableBeanFactory - Returning cached instance of singleton bean 'mvcValidator'
20:26:55.962 [main] DEBUG o.s.b.f.s.DefaultListableBeanFactory - Creating shared instance of singleton bean 'mvcUriComponentsContributor'
20:26:55.962 [main] DEBUG o.s.b.f.s.DefaultListableBeanFactory - Creating instance of bean 'mvcUriComponentsContributor'
20:26:55.962 [main] DEBUG o.s.b.f.s.DefaultListableBeanFactory - Returning cached instance of singleton bean 'org.springframework.web.servlet.config.annotation.DelegatingWebMvcConfiguration'
20:26:55.963 [main] DEBUG o.s.b.f.s.DefaultListableBeanFactory - Returning cached instance of singleton bean 'requestMappingHandlerAdapter'
20:26:55.963 [main] DEBUG o.s.b.f.s.DefaultListableBeanFactory - Returning cached instance of singleton bean 'mvcConversionService'
20:26:55.966 [main] DEBUG o.s.b.f.s.DefaultListableBeanFactory - Eagerly caching bean 'mvcUriComponentsContributor' to allow for resolving potential circular references
20:26:55.968 [main] DEBUG o.s.b.f.s.DefaultListableBeanFactory - Returning cached instance of singleton bean 'metaDataSourceAdvisor'
20:26:55.968 [main] DEBUG o.s.b.f.s.DefaultListableBeanFactory - Finished creating instance of bean 'mvcUriComponentsContributor'
20:26:55.968 [main] DEBUG o.s.b.f.s.DefaultListableBeanFactory - Creating shared instance of singleton bean 'httpRequestHandlerAdapter'
20:26:55.968 [main] DEBUG o.s.b.f.s.DefaultListableBeanFactory - Creating instance of bean 'httpRequestHandlerAdapter'
20:26:55.969 [main] DEBUG o.s.b.f.s.DefaultListableBeanFactory - Returning cached instance of singleton bean 'org.springframework.web.servlet.config.annotation.DelegatingWebMvcConfiguration'
20:26:55.969 [main] DEBUG o.s.b.f.s.DefaultListableBeanFactory - Eagerly caching bean 'httpRequestHandlerAdapter' to allow for resolving potential circular references
20:26:55.971 [main] DEBUG o.s.b.f.s.DefaultListableBeanFactory - Returning cached instance of singleton bean 'metaDataSourceAdvisor'
20:26:55.971 [main] DEBUG o.s.b.f.s.DefaultListableBeanFactory - Finished creating instance of bean 'httpRequestHandlerAdapter'
20:26:55.971 [main] DEBUG o.s.b.f.s.DefaultListableBeanFactory - Creating shared instance of singleton bean 'simpleControllerHandlerAdapter'
20:26:55.971 [main] DEBUG o.s.b.f.s.DefaultListableBeanFactory - Creating instance of bean 'simpleControllerHandlerAdapter'
20:26:55.971 [main] DEBUG o.s.b.f.s.DefaultListableBeanFactory - Returning cached instance of singleton bean 'org.springframework.web.servlet.config.annotation.DelegatingWebMvcConfiguration'
20:26:55.972 [main] DEBUG o.s.b.f.s.DefaultListableBeanFactory - Eagerly caching bean 'simpleControllerHandlerAdapter' to allow for resolving potential circular references
20:26:55.981 [main] DEBUG o.s.b.f.s.DefaultListableBeanFactory - Returning cached instance of singleton bean 'metaDataSourceAdvisor'
20:26:55.981 [main] DEBUG o.s.b.f.s.DefaultListableBeanFactory - Finished creating instance of bean 'simpleControllerHandlerAdapter'
20:26:55.981 [main] DEBUG o.s.b.f.s.DefaultListableBeanFactory - Creating shared instance of singleton bean 'handlerExceptionResolver'
20:26:55.981 [main] DEBUG o.s.b.f.s.DefaultListableBeanFactory - Creating instance of bean 'handlerExceptionResolver'
20:26:55.987 [main] DEBUG o.s.b.f.s.DefaultListableBeanFactory - Returning cached instance of singleton bean 'org.springframework.web.servlet.config.annotation.DelegatingWebMvcConfiguration'
20:26:56.000 [main] DEBUG o.s.b.f.s.DefaultListableBeanFactory - Returning cached instance of singleton bean 'mvcContentNegotiationManager'
20:26:56.000 [main] DEBUG o.s.w.s.m.m.a.ExceptionHandlerExceptionResolver - Looking for exception mappings: org.springframework.web.context.support.GenericWebApplicationContext@37df14d1: startup date [Wed Mar 21 20:26:50 UTC 2018]; root of context hierarchy
20:26:56.008 [main] DEBUG o.s.b.f.s.DefaultListableBeanFactory - Eagerly caching bean 'handlerExceptionResolver' to allow for resolving potential circular references
20:26:56.015 [main] DEBUG o.s.b.f.s.DefaultListableBeanFactory - Returning cached instance of singleton bean 'metaDataSourceAdvisor'
20:26:56.015 [main] DEBUG o.s.b.f.s.DefaultListableBeanFactory - Finished creating instance of bean 'handlerExceptionResolver'
20:26:56.016 [main] DEBUG o.s.b.f.s.DefaultListableBeanFactory - Creating shared instance of singleton bean 'mvcViewResolver'
20:26:56.016 [main] DEBUG o.s.b.f.s.DefaultListableBeanFactory - Creating instance of bean 'mvcViewResolver'
20:26:56.016 [main] DEBUG o.s.b.f.s.DefaultListableBeanFactory - Returning cached instance of singleton bean 'org.springframework.web.servlet.config.annotation.DelegatingWebMvcConfiguration'
20:26:56.022 [main] DEBUG o.s.b.f.s.DefaultListableBeanFactory - Returning cached instance of singleton bean 'mvcContentNegotiationManager'
20:26:56.024 [main] DEBUG o.s.b.f.s.DefaultListableBeanFactory - Eagerly caching bean 'mvcViewResolver' to allow for resolving potential circular references
20:26:56.031 [main] DEBUG o.s.b.f.s.DefaultListableBeanFactory - Invoking afterPropertiesSet() on bean with name 'mvcViewResolver'
20:26:56.031 [main] DEBUG o.s.b.f.s.DefaultListableBeanFactory - Returning cached instance of singleton bean 'metaDataSourceAdvisor'
20:26:56.032 [main] DEBUG o.s.b.f.s.DefaultListableBeanFactory - Finished creating instance of bean 'mvcViewResolver'
20:26:56.032 [main] DEBUG o.s.b.f.s.DefaultListableBeanFactory - Returning cached instance of singleton bean 'org.springframework.security.config.annotation.method.configuration.GlobalMethodSecurityConfiguration'
20:26:56.032 [main] DEBUG o.s.b.f.s.DefaultListableBeanFactory - Returning cached instance of singleton bean 'methodSecurityInterceptor'
20:26:56.032 [main] DEBUG o.s.b.f.s.DefaultListableBeanFactory - Returning cached instance of singleton bean 'methodSecurityMetadataSource'
20:26:56.032 [main] DEBUG o.s.b.f.s.DefaultListableBeanFactory - Creating shared instance of singleton bean 'preInvocationAuthorizationAdvice'
20:26:56.032 [main] DEBUG o.s.b.f.s.DefaultListableBeanFactory - Creating instance of bean 'preInvocationAuthorizationAdvice'
20:26:56.036 [main] DEBUG o.s.b.f.s.DefaultListableBeanFactory - Returning cached instance of singleton bean 'org.springframework.security.config.annotation.method.configuration.GlobalMethodSecurityConfiguration'
20:26:56.037 [main] DEBUG o.s.b.f.s.DefaultListableBeanFactory - Eagerly caching bean 'preInvocationAuthorizationAdvice' to allow for resolving potential circular references
20:26:56.041 [main] DEBUG o.s.b.f.s.DefaultListableBeanFactory - Finished creating instance of bean 'preInvocationAuthorizationAdvice'
20:26:56.041 [main] DEBUG o.s.b.f.s.DefaultListableBeanFactory - Creating shared instance of singleton bean 'viewResolver'
20:26:56.041 [main] DEBUG o.s.b.f.s.DefaultListableBeanFactory - Creating instance of bean 'viewResolver'
20:26:56.041 [main] DEBUG o.s.b.f.s.DefaultListableBeanFactory - Returning cached instance of singleton bean 'webMvcConfiguration'
20:26:56.068 [main] DEBUG o.s.b.f.s.DefaultListableBeanFactory - Creating shared instance of singleton bean 'templateEngine'
20:26:56.068 [main] DEBUG o.s.b.f.s.DefaultListableBeanFactory - Creating instance of bean 'templateEngine'
20:26:56.070 [main] DEBUG o.s.b.f.s.DefaultListableBeanFactory - Returning cached instance of singleton bean 'webMvcConfiguration'
20:26:56.170 [main] DEBUG o.s.b.f.s.DefaultListableBeanFactory - Eagerly caching bean 'templateEngine' to allow for resolving potential circular references
20:26:56.183 [main] DEBUG o.s.b.f.s.DefaultListableBeanFactory - Invoking afterPropertiesSet() on bean with name 'templateEngine'
20:26:56.185 [main] DEBUG o.s.b.f.s.DefaultListableBeanFactory - Returning cached instance of singleton bean 'metaDataSourceAdvisor'
20:26:56.187 [main] DEBUG o.s.b.f.s.DefaultListableBeanFactory - Finished creating instance of bean 'templateEngine'
20:26:56.188 [main] DEBUG o.s.b.f.s.DefaultListableBeanFactory - Eagerly caching bean 'viewResolver' to allow for resolving potential circular references
20:26:56.204 [main] DEBUG o.s.b.f.s.DefaultListableBeanFactory - Returning cached instance of singleton bean 'metaDataSourceAdvisor'
20:26:56.213 [main] DEBUG o.s.b.f.s.DefaultListableBeanFactory - Finished creating instance of bean 'viewResolver'
20:26:56.213 [main] DEBUG o.s.b.f.s.DefaultListableBeanFactory - Returning cached instance of singleton bean 'templateEngine'
20:26:56.213 [main] DEBUG o.s.b.f.s.DefaultListableBeanFactory - Creating shared instance of singleton bean 'domainClassConverter'
20:26:56.213 [main] DEBUG o.s.b.f.s.DefaultListableBeanFactory - Creating instance of bean 'domainClassConverter'
20:26:56.214 [main] DEBUG o.s.b.f.s.DefaultListableBeanFactory - Returning cached instance of singleton bean 'webMvcConfiguration'
20:26:56.267 [main] DEBUG o.s.b.f.s.DefaultListableBeanFactory - Eagerly caching bean 'domainClassConverter' to allow for resolving potential circular references
20:26:56.273 [main] DEBUG o.s.b.f.s.DefaultListableBeanFactory - Returning cached instance of singleton bean 'metaDataSourceAdvisor'
20:26:56.273 [main] DEBUG o.s.b.f.s.DefaultListableBeanFactory - Finished creating instance of bean 'domainClassConverter'
20:26:56.273 [main] DEBUG o.s.b.f.s.DefaultListableBeanFactory - Returning cached instance of singleton bean 'metaDataSourceAdvisor'
20:26:56.274 [main] DEBUG o.s.b.f.s.DefaultListableBeanFactory - Returning cached instance of singleton bean 'org.springframework.aop.config.internalAutoProxyCreator'
20:26:56.274 [main] DEBUG o.s.b.f.s.DefaultListableBeanFactory - Returning cached instance of singleton bean 'org.springframework.context.event.internalEventListenerFactory'
20:26:56.393 [main] DEBUG o.s.b.f.s.DefaultListableBeanFactory - Returning cached instance of singleton bean 'metaDataSourceAdvisor'
20:26:56.394 [main] DEBUG o.s.b.f.s.DefaultListableBeanFactory - Returning cached instance of singleton bean 'org.springframework.security.config.annotation.authentication.configuration.AuthenticationConfiguration'
20:26:56.397 [main] DEBUG o.s.w.c.s.GenericWebApplicationContext - Unable to locate LifecycleProcessor with name 'lifecycleProcessor': using default [org.springframework.context.support.DefaultLifecycleProcessor@75966f42]
20:26:56.399 [main] DEBUG o.s.b.f.s.DefaultListableBeanFactory - Returning cached instance of singleton bean 'lifecycleProcessor'
20:26:56.401 [main] DEBUG o.s.b.f.s.DefaultListableBeanFactory - Returning cached instance of singleton bean 'loginAuditingListener'
20:26:56.402 [main] DEBUG o.s.b.f.s.DefaultListableBeanFactory - Returning cached instance of singleton bean 'delegatingApplicationListener'
20:26:56.402 [main] DEBUG o.s.b.f.s.DefaultListableBeanFactory - Returning cached instance of singleton bean 'mvcResourceUrlProvider'
20:26:56.402 [main] DEBUG o.s.w.s.resource.ResourceUrlProvider - Looking for resource handler mappings
20:26:56.402 [main] DEBUG o.s.b.f.s.DefaultListableBeanFactory - Returning cached instance of singleton bean 'viewControllerHandlerMapping'
20:26:56.402 [main] DEBUG o.s.b.f.s.DefaultListableBeanFactory - Returning cached instance of singleton bean 'resourceHandlerMapping'
20:26:56.402 [main] DEBUG o.s.w.s.resource.ResourceUrlProvider - Found resource handler mapping: URL pattern="/resources/**", locations=[class path resource [resources/]], resolvers=[org.springframework.web.servlet.resource.PathResourceResolver@6801536]
20:26:56.404 [main] DEBUG o.s.c.e.PropertySourcesPropertyResolver - Could not find key 'spring.liveBeansView.mbeanDomain' in any property source
20:26:56.407 [main] DEBUG o.s.t.c.c.DefaultCacheAwareContextLoaderDelegate - Storing ApplicationContext in cache under key [[WebMergedContextConfiguration@124ac145 testClass = APIPersonnelTest, locations = '{}', classes = '{class edu.ncsu.csc.itrust2.config.RootConfiguration, class edu.ncsu.csc.itrust2.mvc.config.WebMvcConfiguration}', contextInitializerClasses = '[]', activeProfiles = '{}', propertySourceLocations = '{}', propertySourceProperties = '{}', contextCustomizers = set[[empty]], resourceBasePath = 'src/main/webapp', contextLoader = 'org.springframework.test.context.web.WebDelegatingSmartContextLoader', parent = [null]]]
20:26:56.407 [main] DEBUG o.springframework.test.context.cache - Spring test ApplicationContext cache statistics: [DefaultContextCache@3bc22ada size = 1, maxSize = 32, parentContextCount = 0, hitCount = 0, missCount = 1]
20:26:56.407 [main] DEBUG o.s.t.c.w.ServletTestExecutionListener - Setting up MockHttpServletRequest, MockHttpServletResponse, ServletWebRequest, and RequestContextHolder for test context [DefaultTestContext@4f66ffc8 testClass = APIPersonnelTest, testInstance = edu.ncsu.csc.itrust2.apitest.APIPersonnelTest@7c47ae7d, testMethod = [null], testException = [null], mergedContextConfiguration = [WebMergedContextConfiguration@124ac145 testClass = APIPersonnelTest, locations = '{}', classes = '{class edu.ncsu.csc.itrust2.config.RootConfiguration, class edu.ncsu.csc.itrust2.mvc.config.WebMvcConfiguration}', contextInitializerClasses = '[]', activeProfiles = '{}', propertySourceLocations = '{}', propertySourceProperties = '{}', contextCustomizers = set[[empty]], resourceBasePath = 'src/main/webapp', contextLoader = 'org.springframework.test.context.web.WebDelegatingSmartContextLoader', parent = [null]]].
20:26:56.428 [main] DEBUG o.s.t.c.s.DependencyInjectionTestExecutionListener - Performing dependency injection for test context [[DefaultTestContext@4f66ffc8 testClass = APIPersonnelTest, testInstance = edu.ncsu.csc.itrust2.apitest.APIPersonnelTest@7c47ae7d, testMethod = [null], testException = [null], mergedContextConfiguration = [WebMergedContextConfiguration@124ac145 testClass = APIPersonnelTest, locations = '{}', classes = '{class edu.ncsu.csc.itrust2.config.RootConfiguration, class edu.ncsu.csc.itrust2.mvc.config.WebMvcConfiguration}', contextInitializerClasses = '[]', activeProfiles = '{}', propertySourceLocations = '{}', propertySourceProperties = '{}', contextCustomizers = set[[empty]], resourceBasePath = 'src/main/webapp', contextLoader = 'org.springframework.test.context.web.WebDelegatingSmartContextLoader', parent = [null]]]].
20:26:56.428 [main] DEBUG o.s.t.c.c.DefaultCacheAwareContextLoaderDelegate - Retrieved ApplicationContext from cache with key [[WebMergedContextConfiguration@124ac145 testClass = APIPersonnelTest, locations = '{}', classes = '{class edu.ncsu.csc.itrust2.config.RootConfiguration, class edu.ncsu.csc.itrust2.mvc.config.WebMvcConfiguration}', contextInitializerClasses = '[]', activeProfiles = '{}', propertySourceLocations = '{}', propertySourceProperties = '{}', contextCustomizers = set[[empty]], resourceBasePath = 'src/main/webapp', contextLoader = 'org.springframework.test.context.web.WebDelegatingSmartContextLoader', parent = [null]]]
20:26:56.428 [main] DEBUG o.springframework.test.context.cache - Spring test ApplicationContext cache statistics: [DefaultContextCache@3bc22ada size = 1, maxSize = 32, parentContextCount = 0, hitCount = 1, missCount = 1]
20:26:56.431 [main] DEBUG o.s.b.f.annotation.InjectionMetadata - Processing injected element of bean 'edu.ncsu.csc.itrust2.apitest.APIPersonnelTest': AutowiredFieldElement for private org.springframework.web.context.WebApplicationContext edu.ncsu.csc.itrust2.apitest.APIPersonnelTest.context
20:26:56.431 [main] DEBUG o.s.b.f.a.AutowiredAnnotationBeanPostProcessor - Autowiring by type from bean name 'edu.ncsu.csc.itrust2.apitest.APIPersonnelTest' to bean named 'org.springframework.web.context.support.GenericWebApplicationContext@37df14d1'
20:26:56.431 [main] DEBUG o.s.b.f.s.DefaultListableBeanFactory - Returning cached instance of singleton bean 'metaDataSourceAdvisor'
20:26:56.436 [main] DEBUG o.s.t.c.s.AbstractDirtiesContextTestExecutionListener - Before test method: context [DefaultTestContext@4f66ffc8 testClass = APIPersonnelTest, testInstance = edu.ncsu.csc.itrust2.apitest.APIPersonnelTest@7c47ae7d, testMethod = testGetNonExistentPersonnel@APIPersonnelTest, testException = [null], mergedContextConfiguration = [WebMergedContextConfiguration@124ac145 testClass = APIPersonnelTest, locations = '{}', classes = '{class edu.ncsu.csc.itrust2.config.RootConfiguration, class edu.ncsu.csc.itrust2.mvc.config.WebMvcConfiguration}', contextInitializerClasses = '[]', activeProfiles = '{}', propertySourceLocations = '{}', propertySourceProperties = '{}', contextCustomizers = set[[empty]], resourceBasePath = 'src/main/webapp', contextLoader = 'org.springframework.test.context.web.WebDelegatingSmartContextLoader', parent = [null]]], class annotated with @DirtiesContext [false] with mode [null], method annotated with @DirtiesContext [false] with mode [null].
20:26:56.484 [main] DEBUG o.s.t.w.s.TestDispatcherServlet - Initializing servlet ''
20:26:56.486 [main] DEBUG o.s.w.c.s.StandardServletEnvironment - Adding [servletConfigInitParams] PropertySource with lowest search precedence
20:26:56.486 [main] DEBUG o.s.w.c.s.StandardServletEnvironment - Adding [servletContextInitParams] PropertySource with lowest search precedence
20:26:56.486 [main] DEBUG o.s.w.c.s.StandardServletEnvironment - Adding [systemProperties] PropertySource with lowest search precedence
20:26:56.486 [main] DEBUG o.s.w.c.s.StandardServletEnvironment - Adding [systemEnvironment] PropertySource with lowest search precedence
20:26:56.487 [main] DEBUG o.s.w.c.s.StandardServletEnvironment - Initialized StandardServletEnvironment with PropertySources [servletConfigInitParams,servletContextInitParams,systemProperties,systemEnvironment]
20:26:56.487 [main] INFO  o.s.mock.web.MockServletContext - Initializing Spring FrameworkServlet ''
20:26:56.487 [main] INFO  o.s.t.w.s.TestDispatcherServlet - FrameworkServlet '': initialization started
20:26:56.488 [main] DEBUG o.s.t.w.s.TestDispatcherServlet - Unable to locate MultipartResolver with name 'multipartResolver': no multipart request handling provided
20:26:56.489 [main] DEBUG o.s.b.f.s.DefaultListableBeanFactory - Creating instance of bean 'org.springframework.web.servlet.i18n.AcceptHeaderLocaleResolver'
20:26:56.493 [main] DEBUG o.s.b.f.s.DefaultListableBeanFactory - Returning cached instance of singleton bean 'metaDataSourceAdvisor'
20:26:56.494 [main] DEBUG o.s.b.f.s.DefaultListableBeanFactory - Finished creating instance of bean 'org.springframework.web.servlet.i18n.AcceptHeaderLocaleResolver'
20:26:56.494 [main] DEBUG o.s.t.w.s.TestDispatcherServlet - Unable to locate LocaleResolver with name 'localeResolver': using default [org.springframework.web.servlet.i18n.AcceptHeaderLocaleResolver@934375e]
20:26:56.496 [main] DEBUG o.s.b.f.s.DefaultListableBeanFactory - Creating instance of bean 'org.springframework.web.servlet.theme.FixedThemeResolver'
20:26:56.501 [main] DEBUG o.s.b.f.s.DefaultListableBeanFactory - Returning cached instance of singleton bean 'metaDataSourceAdvisor'
20:26:56.502 [main] DEBUG o.s.b.f.s.DefaultListableBeanFactory - Finished creating instance of bean 'org.springframework.web.servlet.theme.FixedThemeResolver'
20:26:56.502 [main] DEBUG o.s.t.w.s.TestDispatcherServlet - Unable to locate ThemeResolver with name 'themeResolver': using default [org.springframework.web.servlet.theme.FixedThemeResolver@674d14ff]
20:26:56.502 [main] DEBUG o.s.b.f.s.DefaultListableBeanFactory - Returning cached instance of singleton bean 'requestMappingHandlerMapping'
20:26:56.502 [main] DEBUG o.s.b.f.s.DefaultListableBeanFactory - Returning cached instance of singleton bean 'viewControllerHandlerMapping'
20:26:56.502 [main] DEBUG o.s.b.f.s.DefaultListableBeanFactory - Returning cached instance of singleton bean 'beanNameHandlerMapping'
20:26:56.502 [main] DEBUG o.s.b.f.s.DefaultListableBeanFactory - Returning cached instance of singleton bean 'resourceHandlerMapping'
20:26:56.502 [main] DEBUG o.s.b.f.s.DefaultListableBeanFactory - Returning cached instance of singleton bean 'defaultServletHandlerMapping'
20:26:56.503 [main] DEBUG o.s.b.f.s.DefaultListableBeanFactory - Returning cached instance of singleton bean 'requestMappingHandlerAdapter'
20:26:56.503 [main] DEBUG o.s.b.f.s.DefaultListableBeanFactory - Returning cached instance of singleton bean 'httpRequestHandlerAdapter'
20:26:56.503 [main] DEBUG o.s.b.f.s.DefaultListableBeanFactory - Returning cached instance of singleton bean 'simpleControllerHandlerAdapter'
20:26:56.503 [main] DEBUG o.s.b.f.s.DefaultListableBeanFactory - Returning cached instance of singleton bean 'handlerExceptionResolver'
20:26:56.505 [main] DEBUG o.s.b.f.s.DefaultListableBeanFactory - Creating instance of bean 'org.springframework.web.servlet.view.DefaultRequestToViewNameTranslator'
20:26:56.508 [main] DEBUG o.s.b.f.s.DefaultListableBeanFactory - Returning cached instance of singleton bean 'metaDataSourceAdvisor'
20:26:56.508 [main] DEBUG o.s.b.f.s.DefaultListableBeanFactory - Finished creating instance of bean 'org.springframework.web.servlet.view.DefaultRequestToViewNameTranslator'
20:26:56.509 [main] DEBUG o.s.t.w.s.TestDispatcherServlet - Unable to locate RequestToViewNameTranslator with name 'viewNameTranslator': using default [org.springframework.web.servlet.view.DefaultRequestToViewNameTranslator@4aca6d5a]
20:26:56.509 [main] DEBUG o.s.b.f.s.DefaultListableBeanFactory - Returning cached instance of singleton bean 'mvcViewResolver'
20:26:56.509 [main] DEBUG o.s.b.f.s.DefaultListableBeanFactory - Returning cached instance of singleton bean 'viewResolver'
20:26:56.511 [main] DEBUG o.s.b.f.s.DefaultListableBeanFactory - Creating instance of bean 'org.springframework.web.servlet.support.SessionFlashMapManager'
20:26:56.517 [main] DEBUG o.s.b.f.s.DefaultListableBeanFactory - Returning cached instance of singleton bean 'metaDataSourceAdvisor'
20:26:56.518 [main] DEBUG o.s.b.f.s.DefaultListableBeanFactory - Finished creating instance of bean 'org.springframework.web.servlet.support.SessionFlashMapManager'
20:26:56.518 [main] DEBUG o.s.t.w.s.TestDispatcherServlet - Unable to locate FlashMapManager with name 'flashMapManager': using default [org.springframework.web.servlet.support.SessionFlashMapManager@23b34af8]
20:26:56.518 [main] DEBUG o.s.t.w.s.TestDispatcherServlet - Published WebApplicationContext of servlet '' as ServletContext attribute with name [org.springframework.web.servlet.FrameworkServlet.CONTEXT.]
20:26:56.518 [main] INFO  o.s.t.w.s.TestDispatcherServlet - FrameworkServlet '': initialization completed in 31 ms
20:26:56.518 [main] DEBUG o.s.t.w.s.TestDispatcherServlet - Servlet '' configured successfully
20:26:56.549 [main] DEBUG o.s.t.w.s.TestDispatcherServlet - DispatcherServlet with name '' processing GET request for [/api/v1/personnel/-1]
20:26:56.553 [main] DEBUG o.s.w.s.m.m.a.RequestMappingHandlerMapping - Looking up handler method for path /api/v1/personnel/-1
20:26:56.570 [main] DEBUG o.s.w.s.m.m.a.RequestMappingHandlerMapping - Returning handler method [public org.springframework.http.ResponseEntity edu.ncsu.csc.itrust2.controllers.api.APIPersonnelController.getPersonnel(java.lang.String)]
20:26:56.570 [main] DEBUG o.s.b.f.s.DefaultListableBeanFactory - Returning cached instance of singleton bean 'APIPersonnelController'
20:26:56.570 [main] DEBUG o.s.t.w.s.TestDispatcherServlet - Last-Modified value for [/api/v1/personnel/-1] is: -1
20:26:56.651 [main] DEBUG o.h.i.internal.IntegratorServiceImpl - Adding Integrator [org.hibernate.cfg.beanvalidation.BeanValidationIntegrator].
20:26:56.653 [main] DEBUG o.h.i.internal.IntegratorServiceImpl - Adding Integrator [org.hibernate.secure.spi.JaccIntegrator].
20:26:56.656 [main] DEBUG o.h.i.internal.IntegratorServiceImpl - Adding Integrator [org.hibernate.cache.internal.CollectionCacheInvalidator].
20:26:56.801 [main] INFO  org.hibernate.Version - HHH000412: Hibernate Core {5.0.11.Final}
20:26:56.805 [main] INFO  org.hibernate.cfg.Environment - HHH000205: Loaded properties from resource hibernate.properties: {hibernate.connection.username=root, hibernate.connection.password=****, hibernate.connection.url=jdbc:mysql://localhost:3306/iTrust2?createDatabaseIfNotExist=true, hibernate.bytecode.use_reflection_optimizer=false}
20:26:56.805 [main] INFO  org.hibernate.cfg.Environment - HHH000021: Bytecode provider name : javassist
20:26:56.856 [main] DEBUG o.h.b.j.i.s.LocalXmlResourceResolver - Interpreting public/system identifier : [null] - [http://www.hibernate.org/dtd/hibernate-configuration-3.0.dtd]
20:26:56.856 [main] DEBUG o.h.b.j.i.s.LocalXmlResourceResolver - Recognized hibernate-configuration identifier; attempting to resolve on classpath under org/hibernate/
20:26:56.866 [main] DEBUG o.h.b.c.internal.JaxbCfgProcessor - cfg.xml document did not define namespaces; wrapping in custom event reader to introduce namespace information
20:26:57.530 [main] DEBUG org.hibernate.cfg.Configuration - Building session factory using internal StandardServiceRegistryBuilder
20:26:57.548 [main] DEBUG o.h.service.spi.ServiceBinding - Overriding existing service binding [org.hibernate.secure.spi.JaccService]
20:26:57.549 [main] DEBUG org.hibernate.cfg.Configuration - Building session factory using provided StandardServiceRegistry
20:26:57.579 [main] DEBUG o.h.c.i.RegionFactoryInitiator - Cache region factory : org.hibernate.cache.internal.NoCachingRegionFactory
20:26:57.632 [main] INFO  o.h.annotations.common.Version - HCANN000001: Hibernate Commons Annotations {5.0.1.Final}
20:26:57.850 [main] DEBUG org.hibernate.type.BasicTypeRegistry - Adding type registration boolean -> org.hibernate.type.BooleanType@796cffed
20:26:57.850 [main] DEBUG org.hibernate.type.BasicTypeRegistry - Adding type registration boolean -> org.hibernate.type.BooleanType@796cffed
20:26:57.850 [main] DEBUG org.hibernate.type.BasicTypeRegistry - Adding type registration java.lang.Boolean -> org.hibernate.type.BooleanType@796cffed
20:26:57.851 [main] DEBUG org.hibernate.type.BasicTypeRegistry - Adding type registration numeric_boolean -> org.hibernate.type.NumericBooleanType@2b9f0fee
20:26:57.853 [main] DEBUG org.hibernate.type.BasicTypeRegistry - Adding type registration true_false -> org.hibernate.type.TrueFalseType@2105a3b5
20:26:57.854 [main] DEBUG org.hibernate.type.BasicTypeRegistry - Adding type registration yes_no -> org.hibernate.type.YesNoType@42571745
20:26:57.856 [main] DEBUG org.hibernate.type.BasicTypeRegistry - Adding type registration byte -> org.hibernate.type.ByteType@57361968
20:26:57.856 [main] DEBUG org.hibernate.type.BasicTypeRegistry - Adding type registration byte -> org.hibernate.type.ByteType@57361968
20:26:57.856 [main] DEBUG org.hibernate.type.BasicTypeRegistry - Adding type registration java.lang.Byte -> org.hibernate.type.ByteType@57361968
20:26:57.857 [main] DEBUG org.hibernate.type.BasicTypeRegistry - Adding type registration character -> org.hibernate.type.CharacterType@56ec31ca
20:26:57.857 [main] DEBUG org.hibernate.type.BasicTypeRegistry - Adding type registration char -> org.hibernate.type.CharacterType@56ec31ca
20:26:57.857 [main] DEBUG org.hibernate.type.BasicTypeRegistry - Adding type registration java.lang.Character -> org.hibernate.type.CharacterType@56ec31ca
20:26:57.859 [main] DEBUG org.hibernate.type.BasicTypeRegistry - Adding type registration short -> org.hibernate.type.ShortType@5ac59c34
20:26:57.860 [main] DEBUG org.hibernate.type.BasicTypeRegistry - Adding type registration short -> org.hibernate.type.ShortType@5ac59c34
20:26:57.860 [main] DEBUG org.hibernate.type.BasicTypeRegistry - Adding type registration java.lang.Short -> org.hibernate.type.ShortType@5ac59c34
20:26:57.861 [main] DEBUG org.hibernate.type.BasicTypeRegistry - Adding type registration integer -> org.hibernate.type.IntegerType@2c697c90
20:26:57.861 [main] DEBUG org.hibernate.type.BasicTypeRegistry - Adding type registration int -> org.hibernate.type.IntegerType@2c697c90
20:26:57.861 [main] DEBUG org.hibernate.type.BasicTypeRegistry - Adding type registration java.lang.Integer -> org.hibernate.type.IntegerType@2c697c90
20:26:57.863 [main] DEBUG org.hibernate.type.BasicTypeRegistry - Adding type registration long -> org.hibernate.type.LongType@45a98c98
20:26:57.863 [main] DEBUG org.hibernate.type.BasicTypeRegistry - Adding type registration long -> org.hibernate.type.LongType@45a98c98
20:26:57.863 [main] DEBUG org.hibernate.type.BasicTypeRegistry - Adding type registration java.lang.Long -> org.hibernate.type.LongType@45a98c98
20:26:57.866 [main] DEBUG org.hibernate.type.BasicTypeRegistry - Adding type registration float -> org.hibernate.type.FloatType@406ada98
20:26:57.867 [main] DEBUG org.hibernate.type.BasicTypeRegistry - Adding type registration float -> org.hibernate.type.FloatType@406ada98
20:26:57.867 [main] DEBUG org.hibernate.type.BasicTypeRegistry - Adding type registration java.lang.Float -> org.hibernate.type.FloatType@406ada98
20:26:57.870 [main] DEBUG org.hibernate.type.BasicTypeRegistry - Adding type registration double -> org.hibernate.type.DoubleType@376f04dd
20:26:57.870 [main] DEBUG org.hibernate.type.BasicTypeRegistry - Adding type registration double -> org.hibernate.type.DoubleType@376f04dd
20:26:57.871 [main] DEBUG org.hibernate.type.BasicTypeRegistry - Adding type registration java.lang.Double -> org.hibernate.type.DoubleType@376f04dd
20:26:57.873 [main] DEBUG org.hibernate.type.BasicTypeRegistry - Adding type registration big_decimal -> org.hibernate.type.BigDecimalType@230214e0
20:26:57.873 [main] DEBUG org.hibernate.type.BasicTypeRegistry - Adding type registration java.math.BigDecimal -> org.hibernate.type.BigDecimalType@230214e0
20:26:57.875 [main] DEBUG org.hibernate.type.BasicTypeRegistry - Adding type registration big_integer -> org.hibernate.type.BigIntegerType@1c35bf43
20:26:57.875 [main] DEBUG org.hibernate.type.BasicTypeRegistry - Adding type registration java.math.BigInteger -> org.hibernate.type.BigIntegerType@1c35bf43
20:26:57.877 [main] DEBUG org.hibernate.type.BasicTypeRegistry - Adding type registration string -> org.hibernate.type.StringType@665b69fe
20:26:57.877 [main] DEBUG org.hibernate.type.BasicTypeRegistry - Adding type registration java.lang.String -> org.hibernate.type.StringType@665b69fe
20:26:57.878 [main] DEBUG org.hibernate.type.BasicTypeRegistry - Adding type registration nstring -> org.hibernate.type.StringNVarcharType@4d29421c
20:26:57.879 [main] DEBUG org.hibernate.type.BasicTypeRegistry - Adding type registration ncharacter -> org.hibernate.type.CharacterNCharType@68a83d76
20:26:57.881 [main] DEBUG org.hibernate.type.BasicTypeRegistry - Adding type registration url -> org.hibernate.type.UrlType@47519d1a
20:26:57.881 [main] DEBUG org.hibernate.type.BasicTypeRegistry - Adding type registration java.net.URL -> org.hibernate.type.UrlType@47519d1a
20:26:57.884 [main] DEBUG org.hibernate.type.BasicTypeRegistry - Adding type registration date -> org.hibernate.type.DateType@73210280
20:26:57.884 [main] DEBUG org.hibernate.type.BasicTypeRegistry - Adding type registration java.sql.Date -> org.hibernate.type.DateType@73210280
20:26:57.886 [main] DEBUG org.hibernate.type.BasicTypeRegistry - Adding type registration time -> org.hibernate.type.TimeType@61625dd6
20:26:57.886 [main] DEBUG org.hibernate.type.BasicTypeRegistry - Adding type registration java.sql.Time -> org.hibernate.type.TimeType@61625dd6
20:26:57.889 [main] DEBUG org.hibernate.type.BasicTypeRegistry - Adding type registration timestamp -> org.hibernate.type.TimestampType@4530e4a7
20:26:57.889 [main] DEBUG org.hibernate.type.BasicTypeRegistry - Adding type registration java.sql.Timestamp -> org.hibernate.type.TimestampType@4530e4a7
20:26:57.889 [main] DEBUG org.hibernate.type.BasicTypeRegistry - Adding type registration java.util.Date -> org.hibernate.type.TimestampType@4530e4a7
20:26:57.891 [main] DEBUG org.hibernate.type.BasicTypeRegistry - Adding type registration dbtimestamp -> org.hibernate.type.DbTimestampType@26cba24d
20:26:57.893 [main] DEBUG org.hibernate.type.BasicTypeRegistry - Adding type registration calendar -> org.hibernate.type.CalendarType@4ae97cd5
20:26:57.893 [main] DEBUG org.hibernate.type.BasicTypeRegistry - Adding type registration java.util.Calendar -> org.hibernate.type.CalendarType@4ae97cd5
20:26:57.893 [main] DEBUG org.hibernate.type.BasicTypeRegistry - Adding type registration java.util.GregorianCalendar -> org.hibernate.type.CalendarType@4ae97cd5
20:26:57.895 [main] DEBUG org.hibernate.type.BasicTypeRegistry - Adding type registration calendar_date -> org.hibernate.type.CalendarDateType@3a524179
20:26:57.899 [main] DEBUG org.hibernate.type.BasicTypeRegistry - Adding type registration locale -> org.hibernate.type.LocaleType@597bc1c6
20:26:57.899 [main] DEBUG org.hibernate.type.BasicTypeRegistry - Adding type registration java.util.Locale -> org.hibernate.type.LocaleType@597bc1c6
20:26:57.901 [main] DEBUG org.hibernate.type.BasicTypeRegistry - Adding type registration currency -> org.hibernate.type.CurrencyType@37b28f77
20:26:57.901 [main] DEBUG org.hibernate.type.BasicTypeRegistry - Adding type registration java.util.Currency -> org.hibernate.type.CurrencyType@37b28f77
20:26:57.903 [main] DEBUG org.hibernate.type.BasicTypeRegistry - Adding type registration timezone -> org.hibernate.type.TimeZoneType@592e436
20:26:57.903 [main] DEBUG org.hibernate.type.BasicTypeRegistry - Adding type registration java.util.TimeZone -> org.hibernate.type.TimeZoneType@592e436
20:26:57.905 [main] DEBUG org.hibernate.type.BasicTypeRegistry - Adding type registration class -> org.hibernate.type.ClassType@5eb2e851
20:26:57.905 [main] DEBUG org.hibernate.type.BasicTypeRegistry - Adding type registration java.lang.Class -> org.hibernate.type.ClassType@5eb2e851
20:26:57.907 [main] DEBUG org.hibernate.type.BasicTypeRegistry - Adding type registration uuid-binary -> org.hibernate.type.UUIDBinaryType@68cebde1
20:26:57.907 [main] DEBUG org.hibernate.type.BasicTypeRegistry - Adding type registration java.util.UUID -> org.hibernate.type.UUIDBinaryType@68cebde1
20:26:57.909 [main] DEBUG org.hibernate.type.BasicTypeRegistry - Adding type registration uuid-char -> org.hibernate.type.UUIDCharType@5fda2b6
20:26:57.913 [main] DEBUG org.hibernate.type.BasicTypeRegistry - Adding type registration binary -> org.hibernate.type.BinaryType@5d30864
20:26:57.913 [main] DEBUG org.hibernate.type.BasicTypeRegistry - Adding type registration byte[] -> org.hibernate.type.BinaryType@5d30864
20:26:57.913 [main] DEBUG org.hibernate.type.BasicTypeRegistry - Adding type registration [B -> org.hibernate.type.BinaryType@5d30864
20:26:57.916 [main] DEBUG org.hibernate.type.BasicTypeRegistry - Adding type registration wrapper-binary -> org.hibernate.type.WrapperBinaryType@2c072835
20:26:57.916 [main] DEBUG org.hibernate.type.BasicTypeRegistry - Adding type registration Byte[] -> org.hibernate.type.WrapperBinaryType@2c072835
20:26:57.916 [main] DEBUG org.hibernate.type.BasicTypeRegistry - Adding type registration [Ljava.lang.Byte; -> org.hibernate.type.WrapperBinaryType@2c072835
20:26:57.918 [main] DEBUG org.hibernate.type.BasicTypeRegistry - Adding type registration row_version -> org.hibernate.type.RowVersionType@4498e76a
20:26:57.919 [main] DEBUG org.hibernate.type.BasicTypeRegistry - Adding type registration image -> org.hibernate.type.ImageType@7c7548b3
20:26:57.921 [main] DEBUG org.hibernate.type.BasicTypeRegistry - Adding type registration characters -> org.hibernate.type.CharArrayType@653d1d7c
20:26:57.921 [main] DEBUG org.hibernate.type.BasicTypeRegistry - Adding type registration char[] -> org.hibernate.type.CharArrayType@653d1d7c
20:26:57.921 [main] DEBUG org.hibernate.type.BasicTypeRegistry - Adding type registration [C -> org.hibernate.type.CharArrayType@653d1d7c
20:26:57.923 [main] DEBUG org.hibernate.type.BasicTypeRegistry - Adding type registration wrapper-characters -> org.hibernate.type.CharacterArrayType@21f7abc
20:26:57.924 [main] DEBUG org.hibernate.type.BasicTypeRegistry - Adding type registration [Ljava.lang.Character; -> org.hibernate.type.CharacterArrayType@21f7abc
20:26:57.924 [main] DEBUG org.hibernate.type.BasicTypeRegistry - Adding type registration Character[] -> org.hibernate.type.CharacterArrayType@21f7abc
20:26:57.926 [main] DEBUG org.hibernate.type.BasicTypeRegistry - Adding type registration text -> org.hibernate.type.TextType@51338b5
20:26:57.927 [main] DEBUG org.hibernate.type.BasicTypeRegistry - Adding type registration ntext -> org.hibernate.type.NTextType@289faf63
20:26:57.936 [main] DEBUG org.hibernate.type.BasicTypeRegistry - Adding type registration blob -> org.hibernate.type.BlobType@1bdfa51f
20:26:57.936 [main] DEBUG org.hibernate.type.BasicTypeRegistry - Adding type registration java.sql.Blob -> org.hibernate.type.BlobType@1bdfa51f
20:26:57.937 [main] DEBUG org.hibernate.type.BasicTypeRegistry - Adding type registration materialized_blob -> org.hibernate.type.MaterializedBlobType@11014d1b
20:26:57.943 [main] DEBUG org.hibernate.type.BasicTypeRegistry - Adding type registration clob -> org.hibernate.type.ClobType@6a5754f5
20:26:57.943 [main] DEBUG org.hibernate.type.BasicTypeRegistry - Adding type registration java.sql.Clob -> org.hibernate.type.ClobType@6a5754f5
20:26:57.950 [main] DEBUG org.hibernate.type.BasicTypeRegistry - Adding type registration nclob -> org.hibernate.type.NClobType@7c0ff038
20:26:57.951 [main] DEBUG org.hibernate.type.BasicTypeRegistry - Adding type registration java.sql.NClob -> org.hibernate.type.NClobType@7c0ff038
20:26:57.952 [main] DEBUG org.hibernate.type.BasicTypeRegistry - Adding type registration materialized_clob -> org.hibernate.type.MaterializedClobType@3842317
20:26:57.953 [main] DEBUG org.hibernate.type.BasicTypeRegistry - Adding type registration materialized_nclob -> org.hibernate.type.MaterializedNClobType@1647eed2
20:26:57.955 [main] DEBUG org.hibernate.type.BasicTypeRegistry - Adding type registration serializable -> org.hibernate.type.SerializableType@2417f69f
20:26:57.960 [main] DEBUG org.hibernate.type.BasicTypeRegistry - Adding type registration object -> org.hibernate.type.ObjectType@753cceca
20:26:57.960 [main] DEBUG org.hibernate.type.BasicTypeRegistry - Adding type registration java.lang.Object -> org.hibernate.type.ObjectType@753cceca
20:26:57.961 [main] DEBUG org.hibernate.type.BasicTypeRegistry - Adding type registration imm_date -> org.hibernate.type.AdaptedImmutableType@5eae33f2
20:26:57.961 [main] DEBUG org.hibernate.type.BasicTypeRegistry - Adding type registration imm_time -> org.hibernate.type.AdaptedImmutableType@721fadb4
20:26:57.961 [main] DEBUG org.hibernate.type.BasicTypeRegistry - Adding type registration imm_timestamp -> org.hibernate.type.AdaptedImmutableType@183839f4
20:26:57.961 [main] DEBUG org.hibernate.type.BasicTypeRegistry - Adding type registration imm_dbtimestamp -> org.hibernate.type.AdaptedImmutableType@6a4d03d5
20:26:57.961 [main] DEBUG org.hibernate.type.BasicTypeRegistry - Adding type registration imm_calendar -> org.hibernate.type.AdaptedImmutableType@45d39ccd
20:26:57.961 [main] DEBUG org.hibernate.type.BasicTypeRegistry - Adding type registration imm_calendar_date -> org.hibernate.type.AdaptedImmutableType@4aaefbce
20:26:57.961 [main] DEBUG org.hibernate.type.BasicTypeRegistry - Adding type registration imm_binary -> org.hibernate.type.AdaptedImmutableType@13808cf6
20:26:57.961 [main] DEBUG org.hibernate.type.BasicTypeRegistry - Adding type registration imm_serializable -> org.hibernate.type.AdaptedImmutableType@11d176f8
20:26:57.977 [main] WARN  org.hibernate.orm.connections - HHH10001002: Using Hibernate built-in connection pool (not for production use!)
20:26:57.978 [main] INFO  org.hibernate.orm.connections - HHH10001005: using driver [com.mysql.jdbc.Driver] at URL [jdbc:mysql://localhost:3306/iTrust2?createDatabaseIfNotExist=true]
20:26:57.979 [main] INFO  org.hibernate.orm.connections - HHH10001001: Connection properties: {user=root, password=root}
20:26:57.979 [main] INFO  org.hibernate.orm.connections - HHH10001003: Autocommit mode: false
20:26:57.983 [main] DEBUG o.h.e.j.c.i.DriverManagerConnectionProviderImpl - Initializing Connection pool with 1 Connections
20:26:57.984 [main] INFO  o.h.e.j.c.i.DriverManagerConnectionProviderImpl - HHH000115: Hibernate connection pool size: 100 (min=1)
20:26:58.503 [main] DEBUG o.h.e.j.e.i.JdbcEnvironmentInitiator - Database ->
       name : MySQL
    version : 5.7.21-0ubuntu0.16.04.1
      major : 5
      minor : 7
20:26:58.504 [main] DEBUG o.h.e.j.e.i.JdbcEnvironmentInitiator - Driver ->
       name : MySQL Connector Java
    version : mysql-connector-java-5.1.40 ( Revision: 402933ef52cad9aa82624e80acbea46e3a701ce6 )
      major : 5
      minor : 1
20:26:58.504 [main] DEBUG o.h.e.j.e.i.JdbcEnvironmentInitiator - JDBC version : 4.0
20:26:58.524 [main] INFO  org.hibernate.dialect.Dialect - HHH000400: Using dialect: org.hibernate.dialect.MySQLDialect
20:26:58.596 [main] DEBUG o.h.e.j.e.s.IdentifierHelperBuilder - JDBC driver metadata reported database stores quoted identifiers in more than one case
20:26:58.602 [main] DEBUG o.h.e.j.e.s.IdentifierHelperBuilder - IdentifierCaseStrategy for both quoted and unquoted identifiers was set to the same strategy [MIXED]; that will likely lead to problems in schema update and validation if using quoted identifiers
20:26:58.670 [main] DEBUG o.h.i.f.i.DefaultIdentifierGeneratorFactory - Registering IdentifierGenerator strategy [uuid2] -> [org.hibernate.id.UUIDGenerator]
20:26:58.670 [main] DEBUG o.h.i.f.i.DefaultIdentifierGeneratorFactory - Registering IdentifierGenerator strategy [guid] -> [org.hibernate.id.GUIDGenerator]
20:26:58.672 [main] DEBUG o.h.i.f.i.DefaultIdentifierGeneratorFactory - Registering IdentifierGenerator strategy [uuid] -> [org.hibernate.id.UUIDHexGenerator]
20:26:58.672 [main] DEBUG o.h.i.f.i.DefaultIdentifierGeneratorFactory - Registering IdentifierGenerator strategy [uuid.hex] -> [org.hibernate.id.UUIDHexGenerator]
20:26:58.672 [main] DEBUG o.h.i.f.i.DefaultIdentifierGeneratorFactory - Registering IdentifierGenerator strategy [assigned] -> [org.hibernate.id.Assigned]
20:26:58.674 [main] DEBUG o.h.i.f.i.DefaultIdentifierGeneratorFactory - Registering IdentifierGenerator strategy [identity] -> [org.hibernate.id.IdentityGenerator]
20:26:58.675 [main] DEBUG o.h.i.f.i.DefaultIdentifierGeneratorFactory - Registering IdentifierGenerator strategy [select] -> [org.hibernate.id.SelectGenerator]
20:26:58.677 [main] DEBUG o.h.i.f.i.DefaultIdentifierGeneratorFactory - Registering IdentifierGenerator strategy [sequence] -> [org.hibernate.id.enhanced.SequenceStyleGenerator]
20:26:58.678 [main] DEBUG o.h.i.f.i.DefaultIdentifierGeneratorFactory - Registering IdentifierGenerator strategy [seqhilo] -> [org.hibernate.id.SequenceHiLoGenerator]
20:26:58.679 [main] DEBUG o.h.i.f.i.DefaultIdentifierGeneratorFactory - Registering IdentifierGenerator strategy [increment] -> [org.hibernate.id.IncrementGenerator]
20:26:58.680 [main] DEBUG o.h.i.f.i.DefaultIdentifierGeneratorFactory - Registering IdentifierGenerator strategy [foreign] -> [org.hibernate.id.ForeignGenerator]
20:26:58.682 [main] DEBUG o.h.i.f.i.DefaultIdentifierGeneratorFactory - Registering IdentifierGenerator strategy [sequence-identity] -> [org.hibernate.id.SequenceIdentityGenerator]
20:26:58.682 [main] DEBUG o.h.i.f.i.DefaultIdentifierGeneratorFactory - Registering IdentifierGenerator strategy [enhanced-sequence] -> [org.hibernate.id.enhanced.SequenceStyleGenerator]
20:26:58.685 [main] DEBUG o.h.i.f.i.DefaultIdentifierGeneratorFactory - Registering IdentifierGenerator strategy [enhanced-table] -> [org.hibernate.id.enhanced.TableGenerator]
20:26:58.751 [main] DEBUG o.h.boot.model.relational.Namespace - Created database namespace [logicalName=Name{catalog=null, schema=null}, physicalName=Name{catalog=null, schema=null}]
20:26:58.828 [main] DEBUG org.hibernate.cfg.AnnotationBinder - Binding entity from annotated class: edu.ncsu.csc.itrust2.models.persistent.LogEntry
20:26:58.869 [main] DEBUG org.hibernate.cfg.Ejb3Column - Binding column: Ejb3DiscriminatorColumn{logicalColumnName'DTYPE', discriminatorTypeName='string'}
20:26:58.878 [main] DEBUG o.h.cfg.annotations.EntityBinder - Import with entity name LogEntry
20:26:58.884 [main] DEBUG o.h.cfg.annotations.EntityBinder - Bind entity edu.ncsu.csc.itrust2.models.persistent.LogEntry on table LogEntries
20:26:58.932 [main] DEBUG org.hibernate.cfg.Ejb3Column - Binding column: Ejb3Column{table=org.hibernate.mapping.Table(LogEntries), mappingColumn=id, insertable=true, updatable=true, unique=false}
20:26:58.938 [main] DEBUG o.h.cfg.annotations.PropertyBinder - MetadataSourceProcessor property id with lazy=false
20:26:58.941 [main] DEBUG o.h.cfg.AbstractPropertyHolder - Attempting to locate auto-apply AttributeConverter for property [edu.ncsu.csc.itrust2.models.persistent.LogEntry:id]
20:26:58.943 [main] DEBUG o.h.c.annotations.SimpleValueBinder - building SimpleValue for id
20:26:58.946 [main] DEBUG o.h.cfg.annotations.PropertyBinder - Building property id
20:26:58.951 [main] DEBUG org.hibernate.cfg.Ejb3Column - Binding column: Ejb3Column{table=org.hibernate.mapping.Table(LogEntries), mappingColumn=logCode, insertable=true, updatable=true, unique=false}
20:26:58.952 [main] DEBUG o.h.cfg.annotations.PropertyBinder - MetadataSourceProcessor property logCode with lazy=false
20:26:58.952 [main] DEBUG o.h.cfg.AbstractPropertyHolder - Attempting to locate auto-apply AttributeConverter for property [edu.ncsu.csc.itrust2.models.persistent.LogEntry:logCode]
20:26:58.955 [main] DEBUG o.h.c.annotations.SimpleValueBinder - building SimpleValue for logCode
20:26:58.955 [main] DEBUG o.h.cfg.annotations.PropertyBinder - Building property logCode
20:26:58.957 [main] DEBUG org.hibernate.cfg.Ejb3Column - Binding column: Ejb3Column{table=org.hibernate.mapping.Table(LogEntries), mappingColumn=message, insertable=true, updatable=true, unique=false}
20:26:58.957 [main] DEBUG o.h.cfg.annotations.PropertyBinder - MetadataSourceProcessor property message with lazy=false
20:26:58.958 [main] DEBUG o.h.cfg.AbstractPropertyHolder - Attempting to locate auto-apply AttributeConverter for property [edu.ncsu.csc.itrust2.models.persistent.LogEntry:message]
20:26:58.958 [main] DEBUG o.h.c.annotations.SimpleValueBinder - building SimpleValue for message
20:26:58.958 [main] DEBUG o.h.cfg.annotations.PropertyBinder - Building property message
20:26:58.958 [main] DEBUG org.hibernate.cfg.Ejb3Column - Binding column: Ejb3Column{table=org.hibernate.mapping.Table(LogEntries), mappingColumn=primaryUser, insertable=true, updatable=true, unique=false}
20:26:58.959 [main] DEBUG o.h.cfg.annotations.PropertyBinder - MetadataSourceProcessor property primaryUser with lazy=false
20:26:58.959 [main] DEBUG o.h.cfg.AbstractPropertyHolder - Attempting to locate auto-apply AttributeConverter for property [edu.ncsu.csc.itrust2.models.persistent.LogEntry:primaryUser]
20:26:58.959 [main] DEBUG o.h.c.annotations.SimpleValueBinder - building SimpleValue for primaryUser
20:26:58.959 [main] DEBUG o.h.cfg.annotations.PropertyBinder - Building property primaryUser
20:26:58.960 [main] DEBUG org.hibernate.cfg.Ejb3Column - Binding column: Ejb3Column{table=org.hibernate.mapping.Table(LogEntries), mappingColumn=secondaryUser, insertable=true, updatable=true, unique=false}
20:26:58.960 [main] DEBUG o.h.cfg.annotations.PropertyBinder - MetadataSourceProcessor property secondaryUser with lazy=false
20:26:58.960 [main] DEBUG o.h.cfg.AbstractPropertyHolder - Attempting to locate auto-apply AttributeConverter for property [edu.ncsu.csc.itrust2.models.persistent.LogEntry:secondaryUser]
20:26:58.960 [main] DEBUG o.h.c.annotations.SimpleValueBinder - building SimpleValue for secondaryUser
20:26:58.960 [main] DEBUG o.h.cfg.annotations.PropertyBinder - Building property secondaryUser
20:26:58.961 [main] DEBUG org.hibernate.cfg.Ejb3Column - Binding column: Ejb3Column{table=org.hibernate.mapping.Table(LogEntries), mappingColumn=time, insertable=true, updatable=true, unique=false}
20:26:58.961 [main] DEBUG o.h.cfg.annotations.PropertyBinder - MetadataSourceProcessor property time with lazy=false
20:26:58.961 [main] DEBUG o.h.cfg.AbstractPropertyHolder - Attempting to locate auto-apply AttributeConverter for property [edu.ncsu.csc.itrust2.models.persistent.LogEntry:time]
20:26:58.962 [main] DEBUG o.h.c.annotations.SimpleValueBinder - building SimpleValue for time
20:26:58.962 [main] DEBUG o.h.cfg.annotations.PropertyBinder - Building property time
20:26:58.963 [main] DEBUG org.hibernate.cfg.AnnotationBinder - Binding entity from annotated class: edu.ncsu.csc.itrust2.models.persistent.AppointmentRequest
20:26:58.963 [main] DEBUG org.hibernate.cfg.Ejb3Column - Binding column: Ejb3DiscriminatorColumn{logicalColumnName'DTYPE', discriminatorTypeName='string'}
20:26:58.963 [main] DEBUG o.h.cfg.annotations.EntityBinder - Import with entity name AppointmentRequest
20:26:58.964 [main] DEBUG o.h.cfg.annotations.EntityBinder - Bind entity edu.ncsu.csc.itrust2.models.persistent.AppointmentRequest on table AppointmentRequests
20:26:58.979 [main] DEBUG org.hibernate.cfg.Ejb3Column - Binding column: Ejb3Column{table=org.hibernate.mapping.Table(AppointmentRequests), mappingColumn=id, insertable=true, updatable=true, unique=false}
20:26:58.980 [main] DEBUG o.h.cfg.annotations.PropertyBinder - MetadataSourceProcessor property id with lazy=false
20:26:58.980 [main] DEBUG o.h.cfg.AbstractPropertyHolder - Attempting to locate auto-apply AttributeConverter for property [edu.ncsu.csc.itrust2.models.persistent.AppointmentRequest:id]
20:26:58.980 [main] DEBUG o.h.c.annotations.SimpleValueBinder - building SimpleValue for id
20:26:58.980 [main] DEBUG o.h.cfg.annotations.PropertyBinder - Building property id
20:26:58.980 [main] DEBUG org.hibernate.cfg.Ejb3Column - Binding column: Ejb3Column{table=org.hibernate.mapping.Table(AppointmentRequests), mappingColumn=comments, insertable=true, updatable=true, unique=false}
20:26:58.981 [main] DEBUG o.h.cfg.annotations.PropertyBinder - MetadataSourceProcessor property comments with lazy=false
20:26:58.981 [main] DEBUG o.h.cfg.AbstractPropertyHolder - Attempting to locate auto-apply AttributeConverter for property [edu.ncsu.csc.itrust2.models.persistent.AppointmentRequest:comments]
20:26:58.981 [main] DEBUG o.h.c.annotations.SimpleValueBinder - building SimpleValue for comments
20:26:58.982 [main] DEBUG o.h.cfg.annotations.PropertyBinder - Building property comments
20:26:58.982 [main] DEBUG org.hibernate.cfg.Ejb3Column - Binding column: Ejb3Column{table=org.hibernate.mapping.Table(AppointmentRequests), mappingColumn=date, insertable=true, updatable=true, unique=false}
20:26:58.983 [main] DEBUG o.h.cfg.annotations.PropertyBinder - MetadataSourceProcessor property date with lazy=false
20:26:58.984 [main] DEBUG o.h.cfg.AbstractPropertyHolder - Attempting to locate auto-apply AttributeConverter for property [edu.ncsu.csc.itrust2.models.persistent.AppointmentRequest:date]
20:26:58.984 [main] DEBUG o.h.c.annotations.SimpleValueBinder - building SimpleValue for date
20:26:58.984 [main] DEBUG o.h.cfg.annotations.PropertyBinder - Building property date
20:26:58.986 [main] DEBUG org.hibernate.cfg.Ejb3Column - Binding column: Ejb3JoinColumn{logicalColumnName='hcp_id', referencedColumn='', mappedBy=''}
20:26:58.987 [main] DEBUG org.hibernate.cfg.Ejb3Column - Binding column: Ejb3Column{table=org.hibernate.mapping.Table(AppointmentRequests), mappingColumn=hcp, insertable=true, updatable=true, unique=false}
20:26:58.991 [main] DEBUG o.h.cfg.annotations.PropertyBinder - Building property hcp
20:26:58.993 [main] DEBUG org.hibernate.cfg.Ejb3Column - Binding column: Ejb3JoinColumn{logicalColumnName='patient_id', referencedColumn='', mappedBy=''}
20:26:58.993 [main] DEBUG org.hibernate.cfg.Ejb3Column - Binding column: Ejb3Column{table=org.hibernate.mapping.Table(AppointmentRequests), mappingColumn=patient, insertable=true, updatable=true, unique=false}
20:26:58.994 [main] DEBUG o.h.cfg.annotations.PropertyBinder - Building property patient
20:26:58.995 [main] DEBUG org.hibernate.cfg.Ejb3Column - Binding column: Ejb3Column{table=org.hibernate.mapping.Table(AppointmentRequests), mappingColumn=status, insertable=true, updatable=true, unique=false}
20:26:58.995 [main] DEBUG o.h.cfg.annotations.PropertyBinder - MetadataSourceProcessor property status with lazy=false
20:26:58.995 [main] DEBUG o.h.cfg.AbstractPropertyHolder - Attempting to locate auto-apply AttributeConverter for property [edu.ncsu.csc.itrust2.models.persistent.AppointmentRequest:status]
20:26:58.995 [main] DEBUG o.h.c.annotations.SimpleValueBinder - building SimpleValue for status
20:26:58.995 [main] DEBUG o.h.cfg.annotations.PropertyBinder - Building property status
20:26:58.996 [main] DEBUG org.hibernate.cfg.Ejb3Column - Binding column: Ejb3Column{table=org.hibernate.mapping.Table(AppointmentRequests), mappingColumn=type, insertable=true, updatable=true, unique=false}
20:26:58.996 [main] DEBUG o.h.cfg.annotations.PropertyBinder - MetadataSourceProcessor property type with lazy=false
20:26:58.997 [main] DEBUG o.h.cfg.AbstractPropertyHolder - Attempting to locate auto-apply AttributeConverter for property [edu.ncsu.csc.itrust2.models.persistent.AppointmentRequest:type]
20:26:58.997 [main] DEBUG o.h.c.annotations.SimpleValueBinder - building SimpleValue for type
20:26:58.997 [main] DEBUG o.h.cfg.annotations.PropertyBinder - Building property type
20:26:58.999 [main] DEBUG org.hibernate.cfg.AnnotationBinder - Binding entity from annotated class: edu.ncsu.csc.itrust2.models.persistent.User
20:26:58.999 [main] DEBUG org.hibernate.cfg.Ejb3Column - Binding column: Ejb3DiscriminatorColumn{logicalColumnName'DTYPE', discriminatorTypeName='string'}
20:26:59.000 [main] DEBUG o.h.cfg.annotations.EntityBinder - Import with entity name User
20:26:59.001 [main] DEBUG o.h.cfg.annotations.EntityBinder - Bind entity edu.ncsu.csc.itrust2.models.persistent.User on table Users
20:26:59.011 [main] DEBUG org.hibernate.cfg.Ejb3Column - Binding column: Ejb3Column{table=org.hibernate.mapping.Table(Users), mappingColumn=username, insertable=true, updatable=true, unique=false}
20:26:59.011 [main] DEBUG o.h.cfg.annotations.PropertyBinder - MetadataSourceProcessor property username with lazy=false
20:26:59.011 [main] DEBUG o.h.cfg.AbstractPropertyHolder - Attempting to locate auto-apply AttributeConverter for property [edu.ncsu.csc.itrust2.models.persistent.User:username]
20:26:59.011 [main] DEBUG o.h.c.annotations.SimpleValueBinder - building SimpleValue for username
20:26:59.012 [main] DEBUG o.h.cfg.annotations.PropertyBinder - Building property username
20:26:59.012 [main] DEBUG org.hibernate.cfg.Ejb3Column - Binding column: Ejb3Column{table=org.hibernate.mapping.Table(Users), mappingColumn=enabled, insertable=true, updatable=true, unique=false}
20:26:59.012 [main] DEBUG o.h.cfg.annotations.PropertyBinder - MetadataSourceProcessor property enabled with lazy=false
20:26:59.012 [main] DEBUG o.h.cfg.AbstractPropertyHolder - Attempting to locate auto-apply AttributeConverter for property [edu.ncsu.csc.itrust2.models.persistent.User:enabled]
20:26:59.012 [main] DEBUG o.h.c.annotations.SimpleValueBinder - building SimpleValue for enabled
20:26:59.012 [main] DEBUG o.h.cfg.annotations.PropertyBinder - Building property enabled
20:26:59.013 [main] DEBUG org.hibernate.cfg.Ejb3Column - Binding column: Ejb3Column{table=org.hibernate.mapping.Table(Users), mappingColumn=password, insertable=true, updatable=true, unique=false}
20:26:59.014 [main] DEBUG o.h.cfg.annotations.PropertyBinder - MetadataSourceProcessor property password with lazy=false
20:26:59.014 [main] DEBUG o.h.cfg.AbstractPropertyHolder - Attempting to locate auto-apply AttributeConverter for property [edu.ncsu.csc.itrust2.models.persistent.User:password]
20:26:59.014 [main] DEBUG o.h.c.annotations.SimpleValueBinder - building SimpleValue for password
20:26:59.014 [main] DEBUG o.h.cfg.annotations.PropertyBinder - Building property password
20:26:59.015 [main] DEBUG org.hibernate.cfg.Ejb3Column - Binding column: Ejb3Column{table=org.hibernate.mapping.Table(Users), mappingColumn=role, insertable=true, updatable=true, unique=false}
20:26:59.015 [main] DEBUG o.h.cfg.annotations.PropertyBinder - MetadataSourceProcessor property role with lazy=false
20:26:59.016 [main] DEBUG o.h.cfg.AbstractPropertyHolder - Attempting to locate auto-apply AttributeConverter for property [edu.ncsu.csc.itrust2.models.persistent.User:role]
20:26:59.016 [main] DEBUG o.h.c.annotations.SimpleValueBinder - building SimpleValue for role
20:26:59.016 [main] DEBUG o.h.cfg.annotations.PropertyBinder - Building property role
20:26:59.016 [main] DEBUG org.hibernate.cfg.AnnotationBinder - Binding entity from annotated class: edu.ncsu.csc.itrust2.models.persistent.OfficeVisit
20:26:59.016 [main] DEBUG org.hibernate.cfg.Ejb3Column - Binding column: Ejb3DiscriminatorColumn{logicalColumnName'DTYPE', discriminatorTypeName='string'}
20:26:59.017 [main] DEBUG o.h.cfg.annotations.EntityBinder - Import with entity name OfficeVisit
20:26:59.017 [main] DEBUG o.h.cfg.annotations.EntityBinder - Bind entity edu.ncsu.csc.itrust2.models.persistent.OfficeVisit on table OfficeVisits
20:26:59.024 [main] DEBUG org.hibernate.cfg.Ejb3Column - Binding column: Ejb3Column{table=org.hibernate.mapping.Table(OfficeVisits), mappingColumn=id, insertable=true, updatable=true, unique=false}
20:26:59.024 [main] DEBUG o.h.cfg.annotations.PropertyBinder - MetadataSourceProcessor property id with lazy=false
20:26:59.024 [main] DEBUG o.h.cfg.AbstractPropertyHolder - Attempting to locate auto-apply AttributeConverter for property [edu.ncsu.csc.itrust2.models.persistent.OfficeVisit:id]
20:26:59.025 [main] DEBUG o.h.c.annotations.SimpleValueBinder - building SimpleValue for id
20:26:59.025 [main] DEBUG o.h.cfg.annotations.PropertyBinder - Building property id
20:26:59.026 [main] DEBUG org.hibernate.cfg.Ejb3Column - Binding column: Ejb3JoinColumn{logicalColumnName='appointment_id', referencedColumn='', mappedBy=''}
20:26:59.026 [main] DEBUG org.hibernate.cfg.Ejb3Column - Binding column: Ejb3Column{table=org.hibernate.mapping.Table(OfficeVisits), mappingColumn=appointment, insertable=true, updatable=true, unique=false}
20:26:59.026 [main] DEBUG o.h.cfg.annotations.PropertyBinder - Building property appointment
20:26:59.027 [main] DEBUG org.hibernate.cfg.Ejb3Column - Binding column: Ejb3JoinColumn{logicalColumnName='basichealthmetrics_id', referencedColumn='', mappedBy=''}
20:26:59.029 [main] DEBUG org.hibernate.cfg.Ejb3Column - Binding column: Ejb3Column{table=org.hibernate.mapping.Table(OfficeVisits), mappingColumn=basicHealthMetrics, insertable=true, updatable=true, unique=false}
20:26:59.031 [main] DEBUG o.h.cfg.annotations.PropertyBinder - Building property basicHealthMetrics
20:26:59.032 [main] DEBUG org.hibernate.cfg.Ejb3Column - Binding column: Ejb3Column{table=org.hibernate.mapping.Table(OfficeVisits), mappingColumn=date, insertable=true, updatable=true, unique=false}
20:26:59.032 [main] DEBUG o.h.cfg.annotations.PropertyBinder - MetadataSourceProcessor property date with lazy=false
20:26:59.033 [main] DEBUG o.h.cfg.AbstractPropertyHolder - Attempting to locate auto-apply AttributeConverter for property [edu.ncsu.csc.itrust2.models.persistent.OfficeVisit:date]
20:26:59.033 [main] DEBUG o.h.c.annotations.SimpleValueBinder - building SimpleValue for date
20:26:59.033 [main] DEBUG o.h.cfg.annotations.PropertyBinder - Building property date
20:26:59.033 [main] DEBUG org.hibernate.cfg.Ejb3Column - Binding column: Ejb3JoinColumn{logicalColumnName='hcp_id', referencedColumn='', mappedBy=''}
20:26:59.033 [main] DEBUG org.hibernate.cfg.Ejb3Column - Binding column: Ejb3Column{table=org.hibernate.mapping.Table(OfficeVisits), mappingColumn=hcp, insertable=true, updatable=true, unique=false}
20:26:59.033 [main] DEBUG o.h.cfg.annotations.PropertyBinder - Building property hcp
20:26:59.034 [main] DEBUG org.hibernate.cfg.Ejb3Column - Binding column: Ejb3JoinColumn{logicalColumnName='hospital_id', referencedColumn='', mappedBy=''}
20:26:59.035 [main] DEBUG org.hibernate.cfg.Ejb3Column - Binding column: Ejb3Column{table=org.hibernate.mapping.Table(OfficeVisits), mappingColumn=hospital, insertable=true, updatable=true, unique=false}
20:26:59.035 [main] DEBUG o.h.cfg.annotations.PropertyBinder - Building property hospital
20:26:59.036 [main] DEBUG org.hibernate.cfg.Ejb3Column - Binding column: Ejb3Column{table=org.hibernate.mapping.Table(OfficeVisits), mappingColumn=notes, insertable=true, updatable=true, unique=false}
20:26:59.037 [main] DEBUG o.h.cfg.annotations.PropertyBinder - MetadataSourceProcessor property notes with lazy=false
20:26:59.037 [main] DEBUG o.h.cfg.AbstractPropertyHolder - Attempting to locate auto-apply AttributeConverter for property [edu.ncsu.csc.itrust2.models.persistent.OfficeVisit:notes]
20:26:59.038 [main] DEBUG o.h.c.annotations.SimpleValueBinder - building SimpleValue for notes
20:26:59.038 [main] DEBUG o.h.cfg.annotations.PropertyBinder - Building property notes
20:26:59.039 [main] DEBUG org.hibernate.cfg.Ejb3Column - Binding column: Ejb3JoinColumn{logicalColumnName='patient_id', referencedColumn='', mappedBy=''}
20:26:59.039 [main] DEBUG org.hibernate.cfg.Ejb3Column - Binding column: Ejb3Column{table=org.hibernate.mapping.Table(OfficeVisits), mappingColumn=patient, insertable=true, updatable=true, unique=false}
20:26:59.040 [main] DEBUG o.h.cfg.annotations.PropertyBinder - Building property patient
20:26:59.040 [main] DEBUG org.hibernate.cfg.Ejb3Column - Binding column: Ejb3JoinColumn{logicalColumnName='prescriptions_id', referencedColumn='', mappedBy=''}
20:26:59.040 [main] DEBUG org.hibernate.cfg.Ejb3Column - Binding column: Ejb3Column{table=org.hibernate.mapping.Table(OfficeVisits), mappingColumn=prescriptions, insertable=true, updatable=true, unique=false}
20:26:59.043 [main] DEBUG org.hibernate.cfg.Ejb3Column - Binding column: Ejb3Column{table=org.hibernate.mapping.Table(OfficeVisits), mappingColumn=null, insertable=true, updatable=true, unique=false}
20:26:59.058 [main] DEBUG org.hibernate.cfg.Ejb3Column - Binding column: Ejb3Column{table=org.hibernate.mapping.Table(OfficeVisits), mappingColumn=element, insertable=true, updatable=true, unique=false}
20:26:59.059 [main] DEBUG org.hibernate.cfg.Ejb3Column - Binding column: Ejb3Column{table=org.hibernate.mapping.Table(OfficeVisits), mappingColumn=prescriptions_KEY, insertable=true, updatable=true, unique=false}
20:26:59.060 [main] DEBUG org.hibernate.cfg.Ejb3Column - Binding column: Ejb3JoinColumn{logicalColumnName='prescriptions_KEY', referencedColumn='null', mappedBy='null'}
20:26:59.062 [main] DEBUG org.hibernate.cfg.Ejb3Column - Binding column: Ejb3JoinColumn{logicalColumnName='null', referencedColumn='null', mappedBy=''}
20:26:59.062 [main] DEBUG org.hibernate.cfg.Ejb3Column - Binding column: Ejb3JoinColumn{logicalColumnName='null', referencedColumn='null', mappedBy=''}
20:26:59.063 [main] DEBUG o.h.cfg.annotations.CollectionBinder - Collection role: edu.ncsu.csc.itrust2.models.persistent.OfficeVisit.prescriptions
20:26:59.066 [main] DEBUG o.h.cfg.annotations.PropertyBinder - Building property prescriptions
20:26:59.067 [main] DEBUG org.hibernate.cfg.Ejb3Column - Binding column: Ejb3Column{table=org.hibernate.mapping.Table(OfficeVisits), mappingColumn=type, insertable=true, updatable=true, unique=false}
20:26:59.067 [main] DEBUG o.h.cfg.annotations.PropertyBinder - MetadataSourceProcessor property type with lazy=false
20:26:59.067 [main] DEBUG o.h.cfg.AbstractPropertyHolder - Attempting to locate auto-apply AttributeConverter for property [edu.ncsu.csc.itrust2.models.persistent.OfficeVisit:type]
20:26:59.067 [main] DEBUG o.h.c.annotations.SimpleValueBinder - building SimpleValue for type
20:26:59.068 [main] DEBUG o.h.cfg.annotations.PropertyBinder - Building property type
20:26:59.068 [main] DEBUG org.hibernate.cfg.AnnotationBinder - Binding entity from annotated class: edu.ncsu.csc.itrust2.models.persistent.Hospital
20:26:59.068 [main] DEBUG org.hibernate.cfg.Ejb3Column - Binding column: Ejb3DiscriminatorColumn{logicalColumnName'DTYPE', discriminatorTypeName='string'}
20:26:59.068 [main] DEBUG o.h.cfg.annotations.EntityBinder - Import with entity name Hospital
20:26:59.068 [main] DEBUG o.h.cfg.annotations.EntityBinder - Bind entity edu.ncsu.csc.itrust2.models.persistent.Hospital on table Hospitals
20:26:59.072 [main] DEBUG org.hibernate.cfg.Ejb3Column - Binding column: Ejb3Column{table=org.hibernate.mapping.Table(Hospitals), mappingColumn=name, insertable=true, updatable=true, unique=false}
20:26:59.073 [main] DEBUG o.h.cfg.annotations.PropertyBinder - MetadataSourceProcessor property name with lazy=false
20:26:59.073 [main] DEBUG o.h.cfg.AbstractPropertyHolder - Attempting to locate auto-apply AttributeConverter for property [edu.ncsu.csc.itrust2.models.persistent.Hospital:name]
20:26:59.073 [main] DEBUG o.h.c.annotations.SimpleValueBinder - building SimpleValue for name
20:26:59.074 [main] DEBUG o.h.cfg.annotations.PropertyBinder - Building property name
20:26:59.076 [main] DEBUG org.hibernate.cfg.Ejb3Column - Binding column: Ejb3Column{table=org.hibernate.mapping.Table(Hospitals), mappingColumn=address, insertable=true, updatable=true, unique=false}
20:26:59.076 [main] DEBUG o.h.cfg.annotations.PropertyBinder - MetadataSourceProcessor property address with lazy=false
20:26:59.076 [main] DEBUG o.h.cfg.AbstractPropertyHolder - Attempting to locate auto-apply AttributeConverter for property [edu.ncsu.csc.itrust2.models.persistent.Hospital:address]
20:26:59.076 [main] DEBUG o.h.c.annotations.SimpleValueBinder - building SimpleValue for address
20:26:59.077 [main] DEBUG o.h.cfg.annotations.PropertyBinder - Building property address
20:26:59.077 [main] DEBUG org.hibernate.cfg.Ejb3Column - Binding column: Ejb3Column{table=org.hibernate.mapping.Table(Hospitals), mappingColumn=state, insertable=true, updatable=true, unique=false}
20:26:59.077 [main] DEBUG o.h.cfg.annotations.PropertyBinder - MetadataSourceProcessor property state with lazy=false
20:26:59.078 [main] DEBUG o.h.cfg.AbstractPropertyHolder - Attempting to locate auto-apply AttributeConverter for property [edu.ncsu.csc.itrust2.models.persistent.Hospital:state]
20:26:59.078 [main] DEBUG o.h.c.annotations.SimpleValueBinder - building SimpleValue for state
20:26:59.078 [main] DEBUG o.h.cfg.annotations.PropertyBinder - Building property state
20:26:59.079 [main] DEBUG org.hibernate.cfg.Ejb3Column - Binding column: Ejb3Column{table=org.hibernate.mapping.Table(Hospitals), mappingColumn=zip, insertable=true, updatable=true, unique=false}
20:26:59.079 [main] DEBUG o.h.cfg.annotations.PropertyBinder - MetadataSourceProcessor property zip with lazy=false
20:26:59.079 [main] DEBUG o.h.cfg.AbstractPropertyHolder - Attempting to locate auto-apply AttributeConverter for property [edu.ncsu.csc.itrust2.models.persistent.Hospital:zip]
20:26:59.079 [main] DEBUG o.h.c.annotations.SimpleValueBinder - building SimpleValue for zip
20:26:59.079 [main] DEBUG o.h.cfg.annotations.PropertyBinder - Building property zip
20:26:59.079 [main] DEBUG org.hibernate.cfg.AnnotationBinder - Binding entity from annotated class: edu.ncsu.csc.itrust2.models.persistent.Patient
20:26:59.080 [main] DEBUG org.hibernate.cfg.Ejb3Column - Binding column: Ejb3DiscriminatorColumn{logicalColumnName'DTYPE', discriminatorTypeName='string'}
20:26:59.080 [main] DEBUG o.h.cfg.annotations.EntityBinder - Import with entity name Patient
20:26:59.081 [main] DEBUG o.h.cfg.annotations.EntityBinder - Bind entity edu.ncsu.csc.itrust2.models.persistent.Patient on table Patients
20:26:59.087 [main] DEBUG org.hibernate.cfg.Ejb3Column - Binding column: Ejb3JoinColumn{logicalColumnName='self_id', referencedColumn='', mappedBy=''}
20:26:59.087 [main] DEBUG org.hibernate.cfg.Ejb3Column - Binding column: Ejb3Column{table=org.hibernate.mapping.Table(Patients), mappingColumn=self, insertable=true, updatable=true, unique=false}
20:26:59.088 [main] DEBUG o.h.cfg.annotations.PropertyBinder - Building property self
20:26:59.092 [main] DEBUG org.hibernate.cfg.Ejb3Column - Binding column: Ejb3Column{table=org.hibernate.mapping.Table(Patients), mappingColumn=address1, insertable=true, updatable=true, unique=false}
20:26:59.092 [main] DEBUG o.h.cfg.annotations.PropertyBinder - MetadataSourceProcessor property address1 with lazy=false
20:26:59.092 [main] DEBUG o.h.cfg.AbstractPropertyHolder - Attempting to locate auto-apply AttributeConverter for property [edu.ncsu.csc.itrust2.models.persistent.Patient:address1]
20:26:59.092 [main] DEBUG o.h.c.annotations.SimpleValueBinder - building SimpleValue for address1
20:26:59.092 [main] DEBUG o.h.cfg.annotations.PropertyBinder - Building property address1
20:26:59.092 [main] DEBUG org.hibernate.cfg.Ejb3Column - Binding column: Ejb3Column{table=org.hibernate.mapping.Table(Patients), mappingColumn=address2, insertable=true, updatable=true, unique=false}
20:26:59.093 [main] DEBUG o.h.cfg.annotations.PropertyBinder - MetadataSourceProcessor property address2 with lazy=false
20:26:59.093 [main] DEBUG o.h.cfg.AbstractPropertyHolder - Attempting to locate auto-apply AttributeConverter for property [edu.ncsu.csc.itrust2.models.persistent.Patient:address2]
20:26:59.093 [main] DEBUG o.h.c.annotations.SimpleValueBinder - building SimpleValue for address2
20:26:59.093 [main] DEBUG o.h.cfg.annotations.PropertyBinder - Building property address2
20:26:59.093 [main] DEBUG org.hibernate.cfg.Ejb3Column - Binding column: Ejb3Column{table=org.hibernate.mapping.Table(Patients), mappingColumn=bloodType, insertable=true, updatable=true, unique=false}
20:26:59.093 [main] DEBUG o.h.cfg.annotations.PropertyBinder - MetadataSourceProcessor property bloodType with lazy=false
20:26:59.093 [main] DEBUG o.h.cfg.AbstractPropertyHolder - Attempting to locate auto-apply AttributeConverter for property [edu.ncsu.csc.itrust2.models.persistent.Patient:bloodType]
20:26:59.093 [main] DEBUG o.h.c.annotations.SimpleValueBinder - building SimpleValue for bloodType
20:26:59.094 [main] DEBUG o.h.cfg.annotations.PropertyBinder - Building property bloodType
20:26:59.094 [main] DEBUG org.hibernate.cfg.Ejb3Column - Binding column: Ejb3Column{table=org.hibernate.mapping.Table(Patients), mappingColumn=causeOfDeath, insertable=true, updatable=true, unique=false}
20:26:59.094 [main] DEBUG o.h.cfg.annotations.PropertyBinder - MetadataSourceProcessor property causeOfDeath with lazy=false
20:26:59.094 [main] DEBUG o.h.cfg.AbstractPropertyHolder - Attempting to locate auto-apply AttributeConverter for property [edu.ncsu.csc.itrust2.models.persistent.Patient:causeOfDeath]
20:26:59.094 [main] DEBUG o.h.c.annotations.SimpleValueBinder - building SimpleValue for causeOfDeath
20:26:59.095 [main] DEBUG o.h.cfg.annotations.PropertyBinder - Building property causeOfDeath
20:26:59.096 [main] DEBUG org.hibernate.cfg.Ejb3Column - Binding column: Ejb3Column{table=org.hibernate.mapping.Table(Patients), mappingColumn=city, insertable=true, updatable=true, unique=false}
20:26:59.097 [main] DEBUG o.h.cfg.annotations.PropertyBinder - MetadataSourceProcessor property city with lazy=false
20:26:59.097 [main] DEBUG o.h.cfg.AbstractPropertyHolder - Attempting to locate auto-apply AttributeConverter for property [edu.ncsu.csc.itrust2.models.persistent.Patient:city]
20:26:59.097 [main] DEBUG o.h.c.annotations.SimpleValueBinder - building SimpleValue for city
20:26:59.097 [main] DEBUG o.h.cfg.annotations.PropertyBinder - Building property city
20:26:59.097 [main] DEBUG org.hibernate.cfg.Ejb3Column - Binding column: Ejb3Column{table=org.hibernate.mapping.Table(Patients), mappingColumn=dateOfBirth, insertable=true, updatable=true, unique=false}
20:26:59.098 [main] DEBUG o.h.cfg.annotations.PropertyBinder - MetadataSourceProcessor property dateOfBirth with lazy=false
20:26:59.098 [main] DEBUG o.h.cfg.AbstractPropertyHolder - Attempting to locate auto-apply AttributeConverter for property [edu.ncsu.csc.itrust2.models.persistent.Patient:dateOfBirth]
20:26:59.098 [main] DEBUG o.h.c.annotations.SimpleValueBinder - building SimpleValue for dateOfBirth
20:26:59.098 [main] DEBUG o.h.cfg.annotations.PropertyBinder - Building property dateOfBirth
20:26:59.099 [main] DEBUG org.hibernate.cfg.Ejb3Column - Binding column: Ejb3Column{table=org.hibernate.mapping.Table(Patients), mappingColumn=dateOfDeath, insertable=true, updatable=true, unique=false}
20:26:59.099 [main] DEBUG o.h.cfg.annotations.PropertyBinder - MetadataSourceProcessor property dateOfDeath with lazy=false
20:26:59.099 [main] DEBUG o.h.cfg.AbstractPropertyHolder - Attempting to locate auto-apply AttributeConverter for property [edu.ncsu.csc.itrust2.models.persistent.Patient:dateOfDeath]
20:26:59.100 [main] DEBUG o.h.c.annotations.SimpleValueBinder - building SimpleValue for dateOfDeath
20:26:59.100 [main] DEBUG o.h.cfg.annotations.PropertyBinder - Building property dateOfDeath
20:26:59.101 [main] DEBUG org.hibernate.cfg.Ejb3Column - Binding column: Ejb3Column{table=org.hibernate.mapping.Table(Patients), mappingColumn=email, insertable=true, updatable=true, unique=false}
20:26:59.101 [main] DEBUG o.h.cfg.annotations.PropertyBinder - MetadataSourceProcessor property email with lazy=false
20:26:59.101 [main] DEBUG o.h.cfg.AbstractPropertyHolder - Attempting to locate auto-apply AttributeConverter for property [edu.ncsu.csc.itrust2.models.persistent.Patient:email]
20:26:59.101 [main] DEBUG o.h.c.annotations.SimpleValueBinder - building SimpleValue for email
20:26:59.101 [main] DEBUG o.h.cfg.annotations.PropertyBinder - Building property email
20:26:59.102 [main] DEBUG org.hibernate.cfg.Ejb3Column - Binding column: Ejb3Column{table=org.hibernate.mapping.Table(Patients), mappingColumn=ethnicity, insertable=true, updatable=true, unique=false}
20:26:59.102 [main] DEBUG o.h.cfg.annotations.PropertyBinder - MetadataSourceProcessor property ethnicity with lazy=false
20:26:59.102 [main] DEBUG o.h.cfg.AbstractPropertyHolder - Attempting to locate auto-apply AttributeConverter for property [edu.ncsu.csc.itrust2.models.persistent.Patient:ethnicity]
20:26:59.102 [main] DEBUG o.h.c.annotations.SimpleValueBinder - building SimpleValue for ethnicity
20:26:59.102 [main] DEBUG o.h.cfg.annotations.PropertyBinder - Building property ethnicity
20:26:59.102 [main] DEBUG org.hibernate.cfg.Ejb3Column - Binding column: Ejb3JoinColumn{logicalColumnName='father_id', referencedColumn='', mappedBy=''}
20:26:59.103 [main] DEBUG org.hibernate.cfg.Ejb3Column - Binding column: Ejb3Column{table=org.hibernate.mapping.Table(Patients), mappingColumn=father, insertable=true, updatable=true, unique=false}
20:26:59.103 [main] DEBUG o.h.cfg.annotations.PropertyBinder - Building property father
20:26:59.104 [main] DEBUG org.hibernate.cfg.Ejb3Column - Binding column: Ejb3Column{table=org.hibernate.mapping.Table(Patients), mappingColumn=firstName, insertable=true, updatable=true, unique=false}
20:26:59.104 [main] DEBUG o.h.cfg.annotations.PropertyBinder - MetadataSourceProcessor property firstName with lazy=false
20:26:59.104 [main] DEBUG o.h.cfg.AbstractPropertyHolder - Attempting to locate auto-apply AttributeConverter for property [edu.ncsu.csc.itrust2.models.persistent.Patient:firstName]
20:26:59.105 [main] DEBUG o.h.c.annotations.SimpleValueBinder - building SimpleValue for firstName
20:26:59.105 [main] DEBUG o.h.cfg.annotations.PropertyBinder - Building property firstName
20:26:59.105 [main] DEBUG org.hibernate.cfg.Ejb3Column - Binding column: Ejb3Column{table=org.hibernate.mapping.Table(Patients), mappingColumn=gender, insertable=true, updatable=true, unique=false}
20:26:59.105 [main] DEBUG o.h.cfg.annotations.PropertyBinder - MetadataSourceProcessor property gender with lazy=false
20:26:59.105 [main] DEBUG o.h.cfg.AbstractPropertyHolder - Attempting to locate auto-apply AttributeConverter for property [edu.ncsu.csc.itrust2.models.persistent.Patient:gender]
20:26:59.105 [main] DEBUG o.h.c.annotations.SimpleValueBinder - building SimpleValue for gender
20:26:59.106 [main] DEBUG o.h.cfg.annotations.PropertyBinder - Building property gender
20:26:59.106 [main] DEBUG org.hibernate.cfg.Ejb3Column - Binding column: Ejb3Column{table=org.hibernate.mapping.Table(Patients), mappingColumn=id, insertable=true, updatable=true, unique=false}
20:26:59.106 [main] DEBUG o.h.cfg.annotations.PropertyBinder - MetadataSourceProcessor property id with lazy=false
20:26:59.106 [main] DEBUG o.h.cfg.AbstractPropertyHolder - Attempting to locate auto-apply AttributeConverter for property [edu.ncsu.csc.itrust2.models.persistent.Patient:id]
20:26:59.107 [main] DEBUG o.h.c.annotations.SimpleValueBinder - building SimpleValue for id
20:26:59.107 [main] DEBUG o.h.cfg.annotations.PropertyBinder - Building property id
20:26:59.107 [main] DEBUG org.hibernate.cfg.Ejb3Column - Binding column: Ejb3Column{table=org.hibernate.mapping.Table(Patients), mappingColumn=lastName, insertable=true, updatable=true, unique=false}
20:26:59.107 [main] DEBUG o.h.cfg.annotations.PropertyBinder - MetadataSourceProcessor property lastName with lazy=false
20:26:59.107 [main] DEBUG o.h.cfg.AbstractPropertyHolder - Attempting to locate auto-apply AttributeConverter for property [edu.ncsu.csc.itrust2.models.persistent.Patient:lastName]
20:26:59.108 [main] DEBUG o.h.c.annotations.SimpleValueBinder - building SimpleValue for lastName
20:26:59.108 [main] DEBUG o.h.cfg.annotations.PropertyBinder - Building property lastName
20:26:59.108 [main] DEBUG org.hibernate.cfg.Ejb3Column - Binding column: Ejb3JoinColumn{logicalColumnName='mother_id', referencedColumn='', mappedBy=''}
20:26:59.108 [main] DEBUG org.hibernate.cfg.Ejb3Column - Binding column: Ejb3Column{table=org.hibernate.mapping.Table(Patients), mappingColumn=mother, insertable=true, updatable=true, unique=false}
20:26:59.108 [main] DEBUG o.h.cfg.annotations.PropertyBinder - Building property mother
20:26:59.110 [main] DEBUG org.hibernate.cfg.Ejb3Column - Binding column: Ejb3Column{table=org.hibernate.mapping.Table(Patients), mappingColumn=phone, insertable=true, updatable=true, unique=false}
20:26:59.111 [main] DEBUG o.h.cfg.annotations.PropertyBinder - MetadataSourceProcessor property phone with lazy=false
20:26:59.111 [main] DEBUG o.h.cfg.AbstractPropertyHolder - Attempting to locate auto-apply AttributeConverter for property [edu.ncsu.csc.itrust2.models.persistent.Patient:phone]
20:26:59.111 [main] DEBUG o.h.c.annotations.SimpleValueBinder - building SimpleValue for phone
20:26:59.111 [main] DEBUG o.h.cfg.annotations.PropertyBinder - Building property phone
20:26:59.111 [main] DEBUG org.hibernate.cfg.Ejb3Column - Binding column: Ejb3Column{table=org.hibernate.mapping.Table(Patients), mappingColumn=preferredName, insertable=true, updatable=true, unique=false}
20:26:59.111 [main] DEBUG o.h.cfg.annotations.PropertyBinder - MetadataSourceProcessor property preferredName with lazy=false
20:26:59.111 [main] DEBUG o.h.cfg.AbstractPropertyHolder - Attempting to locate auto-apply AttributeConverter for property [edu.ncsu.csc.itrust2.models.persistent.Patient:preferredName]
20:26:59.111 [main] DEBUG o.h.c.annotations.SimpleValueBinder - building SimpleValue for preferredName
20:26:59.112 [main] DEBUG o.h.cfg.annotations.PropertyBinder - Building property preferredName
20:26:59.112 [main] DEBUG org.hibernate.cfg.Ejb3Column - Binding column: Ejb3Column{table=org.hibernate.mapping.Table(Patients), mappingColumn=state, insertable=true, updatable=true, unique=false}
20:26:59.112 [main] DEBUG o.h.cfg.annotations.PropertyBinder - MetadataSourceProcessor property state with lazy=false
20:26:59.112 [main] DEBUG o.h.cfg.AbstractPropertyHolder - Attempting to locate auto-apply AttributeConverter for property [edu.ncsu.csc.itrust2.models.persistent.Patient:state]
20:26:59.112 [main] DEBUG o.h.c.annotations.SimpleValueBinder - building SimpleValue for state
20:26:59.112 [main] DEBUG o.h.cfg.annotations.PropertyBinder - Building property state
20:26:59.112 [main] DEBUG org.hibernate.cfg.Ejb3Column - Binding column: Ejb3Column{table=org.hibernate.mapping.Table(Patients), mappingColumn=zip, insertable=true, updatable=true, unique=false}
20:26:59.112 [main] DEBUG o.h.cfg.annotations.PropertyBinder - MetadataSourceProcessor property zip with lazy=false
20:26:59.113 [main] DEBUG o.h.cfg.AbstractPropertyHolder - Attempting to locate auto-apply AttributeConverter for property [edu.ncsu.csc.itrust2.models.persistent.Patient:zip]
20:26:59.113 [main] DEBUG o.h.c.annotations.SimpleValueBinder - building SimpleValue for zip
20:26:59.114 [main] DEBUG o.h.cfg.annotations.PropertyBinder - Building property zip
20:26:59.114 [main] DEBUG org.hibernate.cfg.AnnotationBinder - Binding entity from annotated class: edu.ncsu.csc.itrust2.models.persistent.Personnel
20:26:59.114 [main] DEBUG org.hibernate.cfg.Ejb3Column - Binding column: Ejb3DiscriminatorColumn{logicalColumnName'DTYPE', discriminatorTypeName='string'}
20:26:59.114 [main] DEBUG o.h.cfg.annotations.EntityBinder - Import with entity name Personnel
20:26:59.114 [main] DEBUG o.h.cfg.annotations.EntityBinder - Bind entity edu.ncsu.csc.itrust2.models.persistent.Personnel on table Personnel
20:26:59.119 [main] DEBUG org.hibernate.cfg.Ejb3Column - Binding column: Ejb3Column{table=org.hibernate.mapping.Table(Personnel), mappingColumn=id, insertable=true, updatable=true, unique=false}
20:26:59.120 [main] DEBUG o.h.cfg.annotations.PropertyBinder - MetadataSourceProcessor property id with lazy=false
20:26:59.120 [main] DEBUG o.h.cfg.AbstractPropertyHolder - Attempting to locate auto-apply AttributeConverter for property [edu.ncsu.csc.itrust2.models.persistent.Personnel:id]
20:26:59.120 [main] DEBUG o.h.c.annotations.SimpleValueBinder - building SimpleValue for id
20:26:59.120 [main] DEBUG o.h.cfg.annotations.PropertyBinder - Building property id
20:26:59.120 [main] DEBUG org.hibernate.cfg.Ejb3Column - Binding column: Ejb3Column{table=org.hibernate.mapping.Table(Personnel), mappingColumn=address1, insertable=true, updatable=true, unique=false}
20:26:59.120 [main] DEBUG o.h.cfg.annotations.PropertyBinder - MetadataSourceProcessor property address1 with lazy=false
20:26:59.120 [main] DEBUG o.h.cfg.AbstractPropertyHolder - Attempting to locate auto-apply AttributeConverter for property [edu.ncsu.csc.itrust2.models.persistent.Personnel:address1]
20:26:59.120 [main] DEBUG o.h.c.annotations.SimpleValueBinder - building SimpleValue for address1
20:26:59.121 [main] DEBUG o.h.cfg.annotations.PropertyBinder - Building property address1
20:26:59.121 [main] DEBUG org.hibernate.cfg.Ejb3Column - Binding column: Ejb3Column{table=org.hibernate.mapping.Table(Personnel), mappingColumn=address2, insertable=true, updatable=true, unique=false}
20:26:59.121 [main] DEBUG o.h.cfg.annotations.PropertyBinder - MetadataSourceProcessor property address2 with lazy=false
20:26:59.121 [main] DEBUG o.h.cfg.AbstractPropertyHolder - Attempting to locate auto-apply AttributeConverter for property [edu.ncsu.csc.itrust2.models.persistent.Personnel:address2]
20:26:59.121 [main] DEBUG o.h.c.annotations.SimpleValueBinder - building SimpleValue for address2
20:26:59.122 [main] DEBUG o.h.cfg.annotations.PropertyBinder - Building property address2
20:26:59.122 [main] DEBUG org.hibernate.cfg.Ejb3Column - Binding column: Ejb3Column{table=org.hibernate.mapping.Table(Personnel), mappingColumn=city, insertable=true, updatable=true, unique=false}
20:26:59.122 [main] DEBUG o.h.cfg.annotations.PropertyBinder - MetadataSourceProcessor property city with lazy=false
20:26:59.122 [main] DEBUG o.h.cfg.AbstractPropertyHolder - Attempting to locate auto-apply AttributeConverter for property [edu.ncsu.csc.itrust2.models.persistent.Personnel:city]
20:26:59.122 [main] DEBUG o.h.c.annotations.SimpleValueBinder - building SimpleValue for city
20:26:59.122 [main] DEBUG o.h.cfg.annotations.PropertyBinder - Building property city
20:26:59.122 [main] DEBUG org.hibernate.cfg.Ejb3Column - Binding column: Ejb3Column{table=org.hibernate.mapping.Table(Personnel), mappingColumn=email, insertable=true, updatable=true, unique=false}
20:26:59.122 [main] DEBUG o.h.cfg.annotations.PropertyBinder - MetadataSourceProcessor property email with lazy=false
20:26:59.123 [main] DEBUG o.h.cfg.AbstractPropertyHolder - Attempting to locate auto-apply AttributeConverter for property [edu.ncsu.csc.itrust2.models.persistent.Personnel:email]
20:26:59.123 [main] DEBUG o.h.c.annotations.SimpleValueBinder - building SimpleValue for email
20:26:59.123 [main] DEBUG o.h.cfg.annotations.PropertyBinder - Building property email
20:26:59.123 [main] DEBUG org.hibernate.cfg.Ejb3Column - Binding column: Ejb3Column{table=org.hibernate.mapping.Table(Personnel), mappingColumn=enabled, insertable=true, updatable=true, unique=false}
20:26:59.123 [main] DEBUG o.h.cfg.annotations.PropertyBinder - MetadataSourceProcessor property enabled with lazy=false
20:26:59.123 [main] DEBUG o.h.cfg.AbstractPropertyHolder - Attempting to locate auto-apply AttributeConverter for property [edu.ncsu.csc.itrust2.models.persistent.Personnel:enabled]
20:26:59.123 [main] DEBUG o.h.c.annotations.SimpleValueBinder - building SimpleValue for enabled
20:26:59.123 [main] DEBUG o.h.cfg.annotations.PropertyBinder - Building property enabled
20:26:59.124 [main] DEBUG org.hibernate.cfg.Ejb3Column - Binding column: Ejb3Column{table=org.hibernate.mapping.Table(Personnel), mappingColumn=firstName, insertable=true, updatable=true, unique=false}
20:26:59.124 [main] DEBUG o.h.cfg.annotations.PropertyBinder - MetadataSourceProcessor property firstName with lazy=false
20:26:59.124 [main] DEBUG o.h.cfg.AbstractPropertyHolder - Attempting to locate auto-apply AttributeConverter for property [edu.ncsu.csc.itrust2.models.persistent.Personnel:firstName]
20:26:59.124 [main] DEBUG o.h.c.annotations.SimpleValueBinder - building SimpleValue for firstName
20:26:59.124 [main] DEBUG o.h.cfg.annotations.PropertyBinder - Building property firstName
20:26:59.124 [main] DEBUG org.hibernate.cfg.Ejb3Column - Binding column: Ejb3Column{table=org.hibernate.mapping.Table(Personnel), mappingColumn=lastName, insertable=true, updatable=true, unique=false}
20:26:59.125 [main] DEBUG o.h.cfg.annotations.PropertyBinder - MetadataSourceProcessor property lastName with lazy=false
20:26:59.125 [main] DEBUG o.h.cfg.AbstractPropertyHolder - Attempting to locate auto-apply AttributeConverter for property [edu.ncsu.csc.itrust2.models.persistent.Personnel:lastName]
20:26:59.125 [main] DEBUG o.h.c.annotations.SimpleValueBinder - building SimpleValue for lastName
20:26:59.125 [main] DEBUG o.h.cfg.annotations.PropertyBinder - Building property lastName
20:26:59.125 [main] DEBUG org.hibernate.cfg.Ejb3Column - Binding column: Ejb3Column{table=org.hibernate.mapping.Table(Personnel), mappingColumn=phone, insertable=true, updatable=true, unique=false}
20:26:59.125 [main] DEBUG o.h.cfg.annotations.PropertyBinder - MetadataSourceProcessor property phone with lazy=false
20:26:59.125 [main] DEBUG o.h.cfg.AbstractPropertyHolder - Attempting to locate auto-apply AttributeConverter for property [edu.ncsu.csc.itrust2.models.persistent.Personnel:phone]
20:26:59.125 [main] DEBUG o.h.c.annotations.SimpleValueBinder - building SimpleValue for phone
20:26:59.125 [main] DEBUG o.h.cfg.annotations.PropertyBinder - Building property phone
20:26:59.126 [main] DEBUG org.hibernate.cfg.Ejb3Column - Binding column: Ejb3JoinColumn{logicalColumnName='self_id', referencedColumn='', mappedBy=''}
20:26:59.126 [main] DEBUG org.hibernate.cfg.Ejb3Column - Binding column: Ejb3Column{table=org.hibernate.mapping.Table(Personnel), mappingColumn=self, insertable=true, updatable=true, unique=false}
20:26:59.126 [main] DEBUG o.h.cfg.annotations.PropertyBinder - Building property self
20:26:59.126 [main] DEBUG org.hibernate.cfg.Ejb3Column - Binding column: Ejb3Column{table=org.hibernate.mapping.Table(Personnel), mappingColumn=specialty, insertable=true, updatable=true, unique=false}
20:26:59.126 [main] DEBUG o.h.cfg.annotations.PropertyBinder - MetadataSourceProcessor property specialty with lazy=false
20:26:59.127 [main] DEBUG o.h.cfg.AbstractPropertyHolder - Attempting to locate auto-apply AttributeConverter for property [edu.ncsu.csc.itrust2.models.persistent.Personnel:specialty]
20:26:59.127 [main] DEBUG o.h.c.annotations.SimpleValueBinder - building SimpleValue for specialty
20:26:59.127 [main] DEBUG o.h.cfg.annotations.PropertyBinder - Building property specialty
20:26:59.127 [main] DEBUG org.hibernate.cfg.Ejb3Column - Binding column: Ejb3Column{table=org.hibernate.mapping.Table(Personnel), mappingColumn=state, insertable=true, updatable=true, unique=false}
20:26:59.127 [main] DEBUG o.h.cfg.annotations.PropertyBinder - MetadataSourceProcessor property state with lazy=false
20:26:59.127 [main] DEBUG o.h.cfg.AbstractPropertyHolder - Attempting to locate auto-apply AttributeConverter for property [edu.ncsu.csc.itrust2.models.persistent.Personnel:state]
20:26:59.127 [main] DEBUG o.h.c.annotations.SimpleValueBinder - building SimpleValue for state
20:26:59.128 [main] DEBUG o.h.cfg.annotations.PropertyBinder - Building property state
20:26:59.128 [main] DEBUG org.hibernate.cfg.Ejb3Column - Binding column: Ejb3Column{table=org.hibernate.mapping.Table(Personnel), mappingColumn=zip, insertable=true, updatable=true, unique=false}
20:26:59.128 [main] DEBUG o.h.cfg.annotations.PropertyBinder - MetadataSourceProcessor property zip with lazy=false
20:26:59.128 [main] DEBUG o.h.cfg.AbstractPropertyHolder - Attempting to locate auto-apply AttributeConverter for property [edu.ncsu.csc.itrust2.models.persistent.Personnel:zip]
20:26:59.128 [main] DEBUG o.h.c.annotations.SimpleValueBinder - building SimpleValue for zip
20:26:59.128 [main] DEBUG o.h.cfg.annotations.PropertyBinder - Building property zip
20:26:59.128 [main] DEBUG org.hibernate.cfg.AnnotationBinder - Binding entity from annotated class: edu.ncsu.csc.itrust2.models.persistent.BasicHealthMetrics
20:26:59.128 [main] DEBUG org.hibernate.cfg.Ejb3Column - Binding column: Ejb3DiscriminatorColumn{logicalColumnName'DTYPE', discriminatorTypeName='string'}
20:26:59.129 [main] DEBUG o.h.cfg.annotations.EntityBinder - Import with entity name BasicHealthMetrics
20:26:59.129 [main] DEBUG o.h.cfg.annotations.EntityBinder - Bind entity edu.ncsu.csc.itrust2.models.persistent.BasicHealthMetrics on table BasicHealthMetrics
20:26:59.133 [main] DEBUG org.hibernate.cfg.Ejb3Column - Binding column: Ejb3Column{table=org.hibernate.mapping.Table(BasicHealthMetrics), mappingColumn=id, insertable=true, updatable=true, unique=false}
20:26:59.134 [main] DEBUG o.h.cfg.annotations.PropertyBinder - MetadataSourceProcessor property id with lazy=false
20:26:59.134 [main] DEBUG o.h.cfg.AbstractPropertyHolder - Attempting to locate auto-apply AttributeConverter for property [edu.ncsu.csc.itrust2.models.persistent.BasicHealthMetrics:id]
20:26:59.134 [main] DEBUG o.h.c.annotations.SimpleValueBinder - building SimpleValue for id
20:26:59.134 [main] DEBUG o.h.cfg.annotations.PropertyBinder - Building property id
20:26:59.134 [main] DEBUG org.hibernate.cfg.Ejb3Column - Binding column: Ejb3Column{table=org.hibernate.mapping.Table(BasicHealthMetrics), mappingColumn=diastolic, insertable=true, updatable=true, unique=false}
20:26:59.135 [main] DEBUG o.h.cfg.annotations.PropertyBinder - MetadataSourceProcessor property diastolic with lazy=false
20:26:59.135 [main] DEBUG o.h.cfg.AbstractPropertyHolder - Attempting to locate auto-apply AttributeConverter for property [edu.ncsu.csc.itrust2.models.persistent.BasicHealthMetrics:diastolic]
20:26:59.135 [main] DEBUG o.h.c.annotations.SimpleValueBinder - building SimpleValue for diastolic
20:26:59.135 [main] DEBUG o.h.cfg.annotations.PropertyBinder - Building property diastolic
20:26:59.136 [main] DEBUG org.hibernate.cfg.Ejb3Column - Binding column: Ejb3JoinColumn{logicalColumnName='hcp_id', referencedColumn='', mappedBy=''}
20:26:59.136 [main] DEBUG org.hibernate.cfg.Ejb3Column - Binding column: Ejb3Column{table=org.hibernate.mapping.Table(BasicHealthMetrics), mappingColumn=hcp, insertable=true, updatable=true, unique=false}
20:26:59.137 [main] DEBUG o.h.cfg.annotations.PropertyBinder - Building property hcp
20:26:59.137 [main] DEBUG org.hibernate.cfg.Ejb3Column - Binding column: Ejb3Column{table=org.hibernate.mapping.Table(BasicHealthMetrics), mappingColumn=hdl, insertable=true, updatable=true, unique=false}
20:26:59.137 [main] DEBUG o.h.cfg.annotations.PropertyBinder - MetadataSourceProcessor property hdl with lazy=false
20:26:59.137 [main] DEBUG o.h.cfg.AbstractPropertyHolder - Attempting to locate auto-apply AttributeConverter for property [edu.ncsu.csc.itrust2.models.persistent.BasicHealthMetrics:hdl]
20:26:59.137 [main] DEBUG o.h.c.annotations.SimpleValueBinder - building SimpleValue for hdl
20:26:59.137 [main] DEBUG o.h.cfg.annotations.PropertyBinder - Building property hdl
20:26:59.137 [main] DEBUG org.hibernate.cfg.Ejb3Column - Binding column: Ejb3Column{table=org.hibernate.mapping.Table(BasicHealthMetrics), mappingColumn=headCircumference, insertable=true, updatable=true, unique=false}
20:26:59.138 [main] DEBUG o.h.cfg.annotations.PropertyBinder - MetadataSourceProcessor property headCircumference with lazy=false
20:26:59.138 [main] DEBUG o.h.cfg.AbstractPropertyHolder - Attempting to locate auto-apply AttributeConverter for property [edu.ncsu.csc.itrust2.models.persistent.BasicHealthMetrics:headCircumference]
20:26:59.138 [main] DEBUG o.h.c.annotations.SimpleValueBinder - building SimpleValue for headCircumference
20:26:59.138 [main] DEBUG o.h.cfg.annotations.PropertyBinder - Building property headCircumference
20:26:59.138 [main] DEBUG org.hibernate.cfg.Ejb3Column - Binding column: Ejb3Column{table=org.hibernate.mapping.Table(BasicHealthMetrics), mappingColumn=height, insertable=true, updatable=true, unique=false}
20:26:59.138 [main] DEBUG o.h.cfg.annotations.PropertyBinder - MetadataSourceProcessor property height with lazy=false
20:26:59.138 [main] DEBUG o.h.cfg.AbstractPropertyHolder - Attempting to locate auto-apply AttributeConverter for property [edu.ncsu.csc.itrust2.models.persistent.BasicHealthMetrics:height]
20:26:59.138 [main] DEBUG o.h.c.annotations.SimpleValueBinder - building SimpleValue for height
20:26:59.140 [main] DEBUG o.h.cfg.annotations.PropertyBinder - Building property height
20:26:59.141 [main] DEBUG org.hibernate.cfg.Ejb3Column - Binding column: Ejb3Column{table=org.hibernate.mapping.Table(BasicHealthMetrics), mappingColumn=houseSmokingStatus, insertable=true, updatable=true, unique=false}
20:26:59.142 [main] DEBUG o.h.cfg.annotations.PropertyBinder - MetadataSourceProcessor property houseSmokingStatus with lazy=false
20:26:59.142 [main] DEBUG o.h.cfg.AbstractPropertyHolder - Attempting to locate auto-apply AttributeConverter for property [edu.ncsu.csc.itrust2.models.persistent.BasicHealthMetrics:houseSmokingStatus]
20:26:59.142 [main] DEBUG o.h.c.annotations.SimpleValueBinder - building SimpleValue for houseSmokingStatus
20:26:59.142 [main] DEBUG o.h.cfg.annotations.PropertyBinder - Building property houseSmokingStatus
20:26:59.143 [main] DEBUG org.hibernate.cfg.Ejb3Column - Binding column: Ejb3Column{table=org.hibernate.mapping.Table(BasicHealthMetrics), mappingColumn=ldl, insertable=true, updatable=true, unique=false}
20:26:59.143 [main] DEBUG o.h.cfg.annotations.PropertyBinder - MetadataSourceProcessor property ldl with lazy=false
20:26:59.143 [main] DEBUG o.h.cfg.AbstractPropertyHolder - Attempting to locate auto-apply AttributeConverter for property [edu.ncsu.csc.itrust2.models.persistent.BasicHealthMetrics:ldl]
20:26:59.143 [main] DEBUG o.h.c.annotations.SimpleValueBinder - building SimpleValue for ldl
20:26:59.143 [main] DEBUG o.h.cfg.annotations.PropertyBinder - Building property ldl
20:26:59.143 [main] DEBUG org.hibernate.cfg.Ejb3Column - Binding column: Ejb3JoinColumn{logicalColumnName='patient_id', referencedColumn='', mappedBy=''}
20:26:59.144 [main] DEBUG org.hibernate.cfg.Ejb3Column - Binding column: Ejb3Column{table=org.hibernate.mapping.Table(BasicHealthMetrics), mappingColumn=patient, insertable=true, updatable=true, unique=false}
20:26:59.144 [main] DEBUG o.h.cfg.annotations.PropertyBinder - Building property patient
20:26:59.144 [main] DEBUG org.hibernate.cfg.Ejb3Column - Binding column: Ejb3Column{table=org.hibernate.mapping.Table(BasicHealthMetrics), mappingColumn=patientSmokingStatus, insertable=true, updatable=true, unique=false}
20:26:59.144 [main] DEBUG o.h.cfg.annotations.PropertyBinder - MetadataSourceProcessor property patientSmokingStatus with lazy=false
20:26:59.144 [main] DEBUG o.h.cfg.AbstractPropertyHolder - Attempting to locate auto-apply AttributeConverter for property [edu.ncsu.csc.itrust2.models.persistent.BasicHealthMetrics:patientSmokingStatus]
20:26:59.145 [main] DEBUG o.h.c.annotations.SimpleValueBinder - building SimpleValue for patientSmokingStatus
20:26:59.145 [main] DEBUG o.h.cfg.annotations.PropertyBinder - Building property patientSmokingStatus
20:26:59.146 [main] DEBUG org.hibernate.cfg.Ejb3Column - Binding column: Ejb3Column{table=org.hibernate.mapping.Table(BasicHealthMetrics), mappingColumn=systolic, insertable=true, updatable=true, unique=false}
20:26:59.146 [main] DEBUG o.h.cfg.annotations.PropertyBinder - MetadataSourceProcessor property systolic with lazy=false
20:26:59.146 [main] DEBUG o.h.cfg.AbstractPropertyHolder - Attempting to locate auto-apply AttributeConverter for property [edu.ncsu.csc.itrust2.models.persistent.BasicHealthMetrics:systolic]
20:26:59.146 [main] DEBUG o.h.c.annotations.SimpleValueBinder - building SimpleValue for systolic
20:26:59.147 [main] DEBUG o.h.cfg.annotations.PropertyBinder - Building property systolic
20:26:59.147 [main] DEBUG org.hibernate.cfg.Ejb3Column - Binding column: Ejb3Column{table=org.hibernate.mapping.Table(BasicHealthMetrics), mappingColumn=tri, insertable=true, updatable=true, unique=false}
20:26:59.147 [main] DEBUG o.h.cfg.annotations.PropertyBinder - MetadataSourceProcessor property tri with lazy=false
20:26:59.147 [main] DEBUG o.h.cfg.AbstractPropertyHolder - Attempting to locate auto-apply AttributeConverter for property [edu.ncsu.csc.itrust2.models.persistent.BasicHealthMetrics:tri]
20:26:59.147 [main] DEBUG o.h.c.annotations.SimpleValueBinder - building SimpleValue for tri
20:26:59.147 [main] DEBUG o.h.cfg.annotations.PropertyBinder - Building property tri
20:26:59.148 [main] DEBUG org.hibernate.cfg.Ejb3Column - Binding column: Ejb3Column{table=org.hibernate.mapping.Table(BasicHealthMetrics), mappingColumn=weight, insertable=true, updatable=true, unique=false}
20:26:59.149 [main] DEBUG o.h.cfg.annotations.PropertyBinder - MetadataSourceProcessor property weight with lazy=false
20:26:59.149 [main] DEBUG o.h.cfg.AbstractPropertyHolder - Attempting to locate auto-apply AttributeConverter for property [edu.ncsu.csc.itrust2.models.persistent.BasicHealthMetrics:weight]
20:26:59.149 [main] DEBUG o.h.c.annotations.SimpleValueBinder - building SimpleValue for weight
20:26:59.149 [main] DEBUG o.h.cfg.annotations.PropertyBinder - Building property weight
20:26:59.149 [main] DEBUG org.hibernate.cfg.AnnotationBinder - Binding entity from annotated class: edu.ncsu.csc.itrust2.models.persistent.Diagnosis
20:26:59.150 [main] DEBUG org.hibernate.cfg.Ejb3Column - Binding column: Ejb3DiscriminatorColumn{logicalColumnName'DTYPE', discriminatorTypeName='string'}
20:26:59.150 [main] DEBUG o.h.cfg.annotations.EntityBinder - Import with entity name Diagnosis
20:26:59.150 [main] DEBUG o.h.cfg.annotations.EntityBinder - Bind entity edu.ncsu.csc.itrust2.models.persistent.Diagnosis on table Diagnoses
20:26:59.152 [main] DEBUG org.hibernate.cfg.Ejb3Column - Binding column: Ejb3Column{table=org.hibernate.mapping.Table(Diagnoses), mappingColumn=id, insertable=true, updatable=true, unique=false}
20:26:59.152 [main] DEBUG o.h.cfg.annotations.PropertyBinder - MetadataSourceProcessor property id with lazy=false
20:26:59.152 [main] DEBUG o.h.cfg.AbstractPropertyHolder - Attempting to locate auto-apply AttributeConverter for property [edu.ncsu.csc.itrust2.models.persistent.Diagnosis:id]
20:26:59.152 [main] DEBUG o.h.c.annotations.SimpleValueBinder - building SimpleValue for id
20:26:59.152 [main] DEBUG o.h.cfg.annotations.PropertyBinder - Building property id
20:26:59.152 [main] DEBUG org.hibernate.cfg.Ejb3Column - Binding column: Ejb3JoinColumn{logicalColumnName='code_id', referencedColumn='', mappedBy=''}
20:26:59.153 [main] DEBUG org.hibernate.cfg.Ejb3Column - Binding column: Ejb3Column{table=org.hibernate.mapping.Table(Diagnoses), mappingColumn=code, insertable=true, updatable=true, unique=false}
20:26:59.153 [main] DEBUG o.h.cfg.annotations.PropertyBinder - Building property code
20:26:59.153 [main] DEBUG org.hibernate.cfg.Ejb3Column - Binding column: Ejb3Column{table=org.hibernate.mapping.Table(Diagnoses), mappingColumn=note, insertable=true, updatable=true, unique=false}
20:26:59.153 [main] DEBUG o.h.cfg.annotations.PropertyBinder - MetadataSourceProcessor property note with lazy=false
20:26:59.153 [main] DEBUG o.h.cfg.AbstractPropertyHolder - Attempting to locate auto-apply AttributeConverter for property [edu.ncsu.csc.itrust2.models.persistent.Diagnosis:note]
20:26:59.153 [main] DEBUG o.h.c.annotations.SimpleValueBinder - building SimpleValue for note
20:26:59.154 [main] DEBUG o.h.cfg.annotations.PropertyBinder - Building property note
20:26:59.154 [main] DEBUG org.hibernate.cfg.Ejb3Column - Binding column: Ejb3JoinColumn{logicalColumnName='visit_id', referencedColumn='', mappedBy=''}
20:26:59.155 [main] DEBUG org.hibernate.cfg.Ejb3Column - Binding column: Ejb3Column{table=org.hibernate.mapping.Table(Diagnoses), mappingColumn=visit, insertable=true, updatable=true, unique=false}
20:26:59.155 [main] DEBUG o.h.cfg.annotations.PropertyBinder - Building property visit
20:26:59.155 [main] DEBUG org.hibernate.cfg.AnnotationBinder - Binding entity from annotated class: edu.ncsu.csc.itrust2.models.persistent.ICDCode
20:26:59.155 [main] DEBUG org.hibernate.cfg.Ejb3Column - Binding column: Ejb3DiscriminatorColumn{logicalColumnName'DTYPE', discriminatorTypeName='string'}
20:26:59.155 [main] DEBUG o.h.cfg.annotations.EntityBinder - Import with entity name ICDCode
20:26:59.155 [main] DEBUG o.h.cfg.annotations.EntityBinder - Bind entity edu.ncsu.csc.itrust2.models.persistent.ICDCode on table ICDCodes
20:26:59.157 [main] DEBUG org.hibernate.cfg.Ejb3Column - Binding column: Ejb3Column{table=org.hibernate.mapping.Table(ICDCodes), mappingColumn=id, insertable=true, updatable=true, unique=false}
20:26:59.158 [main] DEBUG o.h.cfg.annotations.PropertyBinder - MetadataSourceProcessor property id with lazy=false
20:26:59.158 [main] DEBUG o.h.cfg.AbstractPropertyHolder - Attempting to locate auto-apply AttributeConverter for property [edu.ncsu.csc.itrust2.models.persistent.ICDCode:id]
20:26:59.158 [main] DEBUG o.h.c.annotations.SimpleValueBinder - building SimpleValue for id
20:26:59.158 [main] DEBUG o.h.cfg.annotations.PropertyBinder - Building property id
20:26:59.159 [main] DEBUG org.hibernate.cfg.Ejb3Column - Binding column: Ejb3Column{table=org.hibernate.mapping.Table(ICDCodes), mappingColumn=code, insertable=true, updatable=true, unique=false}
20:26:59.159 [main] DEBUG o.h.cfg.annotations.PropertyBinder - MetadataSourceProcessor property code with lazy=false
20:26:59.159 [main] DEBUG o.h.cfg.AbstractPropertyHolder - Attempting to locate auto-apply AttributeConverter for property [edu.ncsu.csc.itrust2.models.persistent.ICDCode:code]
20:26:59.159 [main] DEBUG o.h.c.annotations.SimpleValueBinder - building SimpleValue for code
20:26:59.159 [main] DEBUG o.h.cfg.annotations.PropertyBinder - Building property code
20:26:59.160 [main] DEBUG org.hibernate.cfg.Ejb3Column - Binding column: Ejb3Column{table=org.hibernate.mapping.Table(ICDCodes), mappingColumn=description, insertable=true, updatable=true, unique=false}
20:26:59.160 [main] DEBUG o.h.cfg.annotations.PropertyBinder - MetadataSourceProcessor property description with lazy=false
20:26:59.160 [main] DEBUG o.h.cfg.AbstractPropertyHolder - Attempting to locate auto-apply AttributeConverter for property [edu.ncsu.csc.itrust2.models.persistent.ICDCode:description]
20:26:59.160 [main] DEBUG o.h.c.annotations.SimpleValueBinder - building SimpleValue for description
20:26:59.160 [main] DEBUG o.h.cfg.annotations.PropertyBinder - Building property description
20:26:59.160 [main] DEBUG org.hibernate.cfg.AnnotationBinder - Binding entity from annotated class: edu.ncsu.csc.itrust2.models.persistent.Drug
20:26:59.160 [main] DEBUG org.hibernate.cfg.Ejb3Column - Binding column: Ejb3DiscriminatorColumn{logicalColumnName'DTYPE', discriminatorTypeName='string'}
20:26:59.161 [main] DEBUG o.h.cfg.annotations.EntityBinder - Import with entity name Drug
20:26:59.161 [main] DEBUG o.h.cfg.annotations.EntityBinder - Bind entity edu.ncsu.csc.itrust2.models.persistent.Drug on table Drugs
20:26:59.164 [main] DEBUG org.hibernate.cfg.Ejb3Column - Binding column: Ejb3Column{table=org.hibernate.mapping.Table(Drugs), mappingColumn=id, insertable=true, updatable=true, unique=false}
20:26:59.164 [main] DEBUG o.h.cfg.annotations.PropertyBinder - MetadataSourceProcessor property id with lazy=false
20:26:59.165 [main] DEBUG o.h.cfg.AbstractPropertyHolder - Attempting to locate auto-apply AttributeConverter for property [edu.ncsu.csc.itrust2.models.persistent.Drug:id]
20:26:59.165 [main] DEBUG o.h.c.annotations.SimpleValueBinder - building SimpleValue for id
20:26:59.165 [main] DEBUG o.h.cfg.annotations.PropertyBinder - Building property id
20:26:59.165 [main] DEBUG org.hibernate.cfg.Ejb3Column - Binding column: Ejb3Column{table=org.hibernate.mapping.Table(Drugs), mappingColumn=code, insertable=true, updatable=true, unique=false}
20:26:59.166 [main] DEBUG o.h.cfg.annotations.PropertyBinder - MetadataSourceProcessor property code with lazy=false
20:26:59.166 [main] DEBUG o.h.cfg.AbstractPropertyHolder - Attempting to locate auto-apply AttributeConverter for property [edu.ncsu.csc.itrust2.models.persistent.Drug:code]
20:26:59.166 [main] DEBUG o.h.c.annotations.SimpleValueBinder - building SimpleValue for code
20:26:59.166 [main] DEBUG o.h.cfg.annotations.PropertyBinder - Building property code
20:26:59.166 [main] DEBUG org.hibernate.cfg.Ejb3Column - Binding column: Ejb3Column{table=org.hibernate.mapping.Table(Drugs), mappingColumn=description, insertable=true, updatable=true, unique=false}
20:26:59.167 [main] DEBUG o.h.cfg.annotations.PropertyBinder - MetadataSourceProcessor property description with lazy=false
20:26:59.167 [main] DEBUG o.h.cfg.AbstractPropertyHolder - Attempting to locate auto-apply AttributeConverter for property [edu.ncsu.csc.itrust2.models.persistent.Drug:description]
20:26:59.167 [main] DEBUG o.h.c.annotations.SimpleValueBinder - building SimpleValue for description
20:26:59.167 [main] DEBUG o.h.cfg.annotations.PropertyBinder - Building property description
20:26:59.167 [main] DEBUG org.hibernate.cfg.Ejb3Column - Binding column: Ejb3Column{table=org.hibernate.mapping.Table(Drugs), mappingColumn=name, insertable=true, updatable=true, unique=false}
20:26:59.167 [main] DEBUG o.h.cfg.annotations.PropertyBinder - MetadataSourceProcessor property name with lazy=false
20:26:59.167 [main] DEBUG o.h.cfg.AbstractPropertyHolder - Attempting to locate auto-apply AttributeConverter for property [edu.ncsu.csc.itrust2.models.persistent.Drug:name]
20:26:59.167 [main] DEBUG o.h.c.annotations.SimpleValueBinder - building SimpleValue for name
20:26:59.167 [main] DEBUG o.h.cfg.annotations.PropertyBinder - Building property name
20:26:59.168 [main] DEBUG org.hibernate.cfg.AnnotationBinder - Binding entity from annotated class: edu.ncsu.csc.itrust2.models.persistent.Prescription
20:26:59.168 [main] DEBUG org.hibernate.cfg.Ejb3Column - Binding column: Ejb3DiscriminatorColumn{logicalColumnName'DTYPE', discriminatorTypeName='string'}
20:26:59.168 [main] DEBUG o.h.cfg.annotations.EntityBinder - Import with entity name Prescription
20:26:59.168 [main] DEBUG o.h.cfg.annotations.EntityBinder - Bind entity edu.ncsu.csc.itrust2.models.persistent.Prescription on table Prescriptions
20:26:59.172 [main] DEBUG org.hibernate.cfg.Ejb3Column - Binding column: Ejb3Column{table=org.hibernate.mapping.Table(Prescriptions), mappingColumn=id, insertable=true, updatable=true, unique=false}
20:26:59.173 [main] DEBUG o.h.cfg.annotations.PropertyBinder - MetadataSourceProcessor property id with lazy=false
20:26:59.173 [main] DEBUG o.h.cfg.AbstractPropertyHolder - Attempting to locate auto-apply AttributeConverter for property [edu.ncsu.csc.itrust2.models.persistent.Prescription:id]
20:26:59.173 [main] DEBUG o.h.c.annotations.SimpleValueBinder - building SimpleValue for id
20:26:59.173 [main] DEBUG o.h.cfg.annotations.PropertyBinder - Building property id
20:26:59.173 [main] DEBUG org.hibernate.cfg.Ejb3Column - Binding column: Ejb3JoinColumn{logicalColumnName='dosage_id', referencedColumn='', mappedBy=''}
20:26:59.174 [main] DEBUG org.hibernate.cfg.Ejb3Column - Binding column: Ejb3Column{table=org.hibernate.mapping.Table(Prescriptions), mappingColumn=dosage, insertable=true, updatable=true, unique=false}
20:26:59.174 [main] DEBUG o.h.cfg.annotations.PropertyBinder - MetadataSourceProcessor property dosage with lazy=false
20:26:59.174 [main] DEBUG o.h.cfg.AbstractPropertyHolder - Attempting to locate auto-apply AttributeConverter for property [edu.ncsu.csc.itrust2.models.persistent.Prescription:dosage]
20:26:59.174 [main] DEBUG o.h.c.annotations.SimpleValueBinder - building SimpleValue for dosage
20:26:59.174 [main] DEBUG o.h.cfg.annotations.PropertyBinder - Building property dosage
20:26:59.175 [main] DEBUG org.hibernate.cfg.Ejb3Column - Binding column: Ejb3JoinColumn{logicalColumnName='drug_id', referencedColumn='', mappedBy=''}
20:26:59.175 [main] DEBUG org.hibernate.cfg.Ejb3Column - Binding column: Ejb3Column{table=org.hibernate.mapping.Table(Prescriptions), mappingColumn=drug, insertable=true, updatable=true, unique=false}
20:26:59.175 [main] DEBUG o.h.cfg.annotations.PropertyBinder - Building property drug
20:26:59.175 [main] DEBUG org.hibernate.cfg.Ejb3Column - Binding column: Ejb3JoinColumn{logicalColumnName='end_id', referencedColumn='', mappedBy=''}
20:26:59.175 [main] DEBUG org.hibernate.cfg.Ejb3Column - Binding column: Ejb3Column{table=org.hibernate.mapping.Table(Prescriptions), mappingColumn=endDate, insertable=true, updatable=true, unique=false}
20:26:59.175 [main] DEBUG o.h.cfg.annotations.PropertyBinder - MetadataSourceProcessor property endDate with lazy=false
20:26:59.176 [main] DEBUG o.h.cfg.AbstractPropertyHolder - Attempting to locate auto-apply AttributeConverter for property [edu.ncsu.csc.itrust2.models.persistent.Prescription:endDate]
20:26:59.176 [main] DEBUG o.h.c.annotations.SimpleValueBinder - building SimpleValue for endDate
20:26:59.176 [main] DEBUG o.h.cfg.annotations.PropertyBinder - Building property endDate
20:26:59.176 [main] DEBUG org.hibernate.cfg.Ejb3Column - Binding column: Ejb3JoinColumn{logicalColumnName='patient_id', referencedColumn='', mappedBy=''}
20:26:59.176 [main] DEBUG org.hibernate.cfg.Ejb3Column - Binding column: Ejb3Column{table=org.hibernate.mapping.Table(Prescriptions), mappingColumn=patient, insertable=true, updatable=true, unique=false}
20:26:59.176 [main] DEBUG o.h.cfg.annotations.PropertyBinder - Building property patient
20:26:59.176 [main] DEBUG org.hibernate.cfg.Ejb3Column - Binding column: Ejb3JoinColumn{logicalColumnName='renewal_id', referencedColumn='', mappedBy=''}
20:26:59.177 [main] DEBUG org.hibernate.cfg.Ejb3Column - Binding column: Ejb3Column{table=org.hibernate.mapping.Table(Prescriptions), mappingColumn=renewals, insertable=true, updatable=true, unique=false}
20:26:59.177 [main] DEBUG o.h.cfg.annotations.PropertyBinder - MetadataSourceProcessor property renewals with lazy=false
20:26:59.177 [main] DEBUG o.h.cfg.AbstractPropertyHolder - Attempting to locate auto-apply AttributeConverter for property [edu.ncsu.csc.itrust2.models.persistent.Prescription:renewals]
20:26:59.177 [main] DEBUG o.h.c.annotations.SimpleValueBinder - building SimpleValue for renewals
20:26:59.177 [main] DEBUG o.h.cfg.annotations.PropertyBinder - Building property renewals
20:26:59.177 [main] DEBUG org.hibernate.cfg.Ejb3Column - Binding column: Ejb3JoinColumn{logicalColumnName='start_id', referencedColumn='', mappedBy=''}
20:26:59.177 [main] DEBUG org.hibernate.cfg.Ejb3Column - Binding column: Ejb3Column{table=org.hibernate.mapping.Table(Prescriptions), mappingColumn=startDate, insertable=true, updatable=true, unique=false}
20:26:59.177 [main] DEBUG o.h.cfg.annotations.PropertyBinder - MetadataSourceProcessor property startDate with lazy=false
20:26:59.177 [main] DEBUG o.h.cfg.AbstractPropertyHolder - Attempting to locate auto-apply AttributeConverter for property [edu.ncsu.csc.itrust2.models.persistent.Prescription:startDate]
20:26:59.178 [main] DEBUG o.h.c.annotations.SimpleValueBinder - building SimpleValue for startDate
20:26:59.178 [main] DEBUG o.h.cfg.annotations.PropertyBinder - Building property startDate
20:26:59.178 [main] DEBUG org.hibernate.cfg.AnnotationBinder - Binding entity from annotated class: edu.ncsu.csc.itrust2.models.persistent.PasswordResetToken
20:26:59.178 [main] DEBUG org.hibernate.cfg.Ejb3Column - Binding column: Ejb3DiscriminatorColumn{logicalColumnName'DTYPE', discriminatorTypeName='string'}
20:26:59.179 [main] DEBUG o.h.cfg.annotations.EntityBinder - Import with entity name PasswordResetToken
20:26:59.179 [main] DEBUG o.h.cfg.annotations.EntityBinder - Bind entity edu.ncsu.csc.itrust2.models.persistent.PasswordResetToken on table PasswordResetTokens
20:26:59.181 [main] DEBUG org.hibernate.cfg.Ejb3Column - Binding column: Ejb3Column{table=org.hibernate.mapping.Table(PasswordResetTokens), mappingColumn=id, insertable=true, updatable=true, unique=false}
20:26:59.182 [main] DEBUG o.h.cfg.annotations.PropertyBinder - MetadataSourceProcessor property id with lazy=false
20:26:59.182 [main] DEBUG o.h.cfg.AbstractPropertyHolder - Attempting to locate auto-apply AttributeConverter for property [edu.ncsu.csc.itrust2.models.persistent.PasswordResetToken:id]
20:26:59.182 [main] DEBUG o.h.c.annotations.SimpleValueBinder - building SimpleValue for id
20:26:59.183 [main] DEBUG o.h.cfg.annotations.PropertyBinder - Building property id
20:26:59.183 [main] DEBUG org.hibernate.cfg.Ejb3Column - Binding column: Ejb3Column{table=org.hibernate.mapping.Table(PasswordResetTokens), mappingColumn=creationTime, insertable=true, updatable=true, unique=false}
20:26:59.184 [main] DEBUG o.h.cfg.annotations.PropertyBinder - MetadataSourceProcessor property creationTime with lazy=false
20:26:59.184 [main] DEBUG o.h.cfg.AbstractPropertyHolder - Attempting to locate auto-apply AttributeConverter for property [edu.ncsu.csc.itrust2.models.persistent.PasswordResetToken:creationTime]
20:26:59.184 [main] DEBUG o.h.c.annotations.SimpleValueBinder - building SimpleValue for creationTime
20:26:59.184 [main] DEBUG o.h.cfg.annotations.PropertyBinder - Building property creationTime
20:26:59.184 [main] DEBUG org.hibernate.cfg.Ejb3Column - Binding column: Ejb3Column{table=org.hibernate.mapping.Table(PasswordResetTokens), mappingColumn=tempPassword, insertable=true, updatable=true, unique=false}
20:26:59.184 [main] DEBUG o.h.cfg.annotations.PropertyBinder - MetadataSourceProcessor property tempPassword with lazy=false
20:26:59.184 [main] DEBUG o.h.cfg.AbstractPropertyHolder - Attempting to locate auto-apply AttributeConverter for property [edu.ncsu.csc.itrust2.models.persistent.PasswordResetToken:tempPassword]
20:26:59.185 [main] DEBUG o.h.c.annotations.SimpleValueBinder - building SimpleValue for tempPassword
20:26:59.185 [main] DEBUG o.h.cfg.annotations.PropertyBinder - Building property tempPassword
20:26:59.185 [main] DEBUG org.hibernate.cfg.Ejb3Column - Binding column: Ejb3JoinColumn{logicalColumnName='user_id', referencedColumn='', mappedBy=''}
20:26:59.185 [main] DEBUG org.hibernate.cfg.Ejb3Column - Binding column: Ejb3Column{table=org.hibernate.mapping.Table(PasswordResetTokens), mappingColumn=user, insertable=true, updatable=true, unique=false}
20:26:59.185 [main] DEBUG o.h.cfg.annotations.PropertyBinder - Building property user
20:26:59.186 [main] DEBUG org.hibernate.cfg.AnnotationBinder - Binding entity from annotated class: edu.ncsu.csc.itrust2.models.persistent.LoginAttempt
20:26:59.186 [main] DEBUG org.hibernate.cfg.Ejb3Column - Binding column: Ejb3DiscriminatorColumn{logicalColumnName'DTYPE', discriminatorTypeName='string'}
20:26:59.186 [main] DEBUG o.h.cfg.annotations.EntityBinder - Import with entity name LoginAttempt
20:26:59.186 [main] DEBUG o.h.cfg.annotations.EntityBinder - Bind entity edu.ncsu.csc.itrust2.models.persistent.LoginAttempt on table LoginAttempts
20:26:59.188 [main] DEBUG org.hibernate.cfg.Ejb3Column - Binding column: Ejb3Column{table=org.hibernate.mapping.Table(LoginAttempts), mappingColumn=id, insertable=true, updatable=true, unique=false}
20:26:59.188 [main] DEBUG o.h.cfg.annotations.PropertyBinder - MetadataSourceProcessor property id with lazy=false
20:26:59.188 [main] DEBUG o.h.cfg.AbstractPropertyHolder - Attempting to locate auto-apply AttributeConverter for property [edu.ncsu.csc.itrust2.models.persistent.LoginAttempt:id]
20:26:59.188 [main] DEBUG o.h.c.annotations.SimpleValueBinder - building SimpleValue for id
20:26:59.188 [main] DEBUG o.h.cfg.annotations.PropertyBinder - Building property id
20:26:59.189 [main] DEBUG org.hibernate.cfg.Ejb3Column - Binding column: Ejb3Column{table=org.hibernate.mapping.Table(LoginAttempts), mappingColumn=ip, insertable=true, updatable=true, unique=false}
20:26:59.189 [main] DEBUG o.h.cfg.annotations.PropertyBinder - MetadataSourceProcessor property ip with lazy=false
20:26:59.189 [main] DEBUG o.h.cfg.AbstractPropertyHolder - Attempting to locate auto-apply AttributeConverter for property [edu.ncsu.csc.itrust2.models.persistent.LoginAttempt:ip]
20:26:59.189 [main] DEBUG o.h.c.annotations.SimpleValueBinder - building SimpleValue for ip
20:26:59.189 [main] DEBUG o.h.cfg.annotations.PropertyBinder - Building property ip
20:26:59.190 [main] DEBUG org.hibernate.cfg.Ejb3Column - Binding column: Ejb3Column{table=org.hibernate.mapping.Table(LoginAttempts), mappingColumn=time, insertable=true, updatable=true, unique=false}
20:26:59.190 [main] DEBUG o.h.cfg.annotations.PropertyBinder - MetadataSourceProcessor property time with lazy=false
20:26:59.190 [main] DEBUG o.h.cfg.AbstractPropertyHolder - Attempting to locate auto-apply AttributeConverter for property [edu.ncsu.csc.itrust2.models.persistent.LoginAttempt:time]
20:26:59.190 [main] DEBUG o.h.c.annotations.SimpleValueBinder - building SimpleValue for time
20:26:59.190 [main] DEBUG o.h.cfg.annotations.PropertyBinder - Building property time
20:26:59.190 [main] DEBUG org.hibernate.cfg.Ejb3Column - Binding column: Ejb3JoinColumn{logicalColumnName='user_id', referencedColumn='', mappedBy=''}
20:26:59.191 [main] DEBUG org.hibernate.cfg.Ejb3Column - Binding column: Ejb3Column{table=org.hibernate.mapping.Table(LoginAttempts), mappingColumn=user, insertable=true, updatable=true, unique=false}
20:26:59.191 [main] DEBUG o.h.cfg.annotations.PropertyBinder - Building property user
20:26:59.192 [main] DEBUG org.hibernate.cfg.AnnotationBinder - Binding entity from annotated class: edu.ncsu.csc.itrust2.models.persistent.LoginLockout
20:26:59.192 [main] DEBUG org.hibernate.cfg.Ejb3Column - Binding column: Ejb3DiscriminatorColumn{logicalColumnName'DTYPE', discriminatorTypeName='string'}
20:26:59.192 [main] DEBUG o.h.cfg.annotations.EntityBinder - Import with entity name LoginLockout
20:26:59.192 [main] DEBUG o.h.cfg.annotations.EntityBinder - Bind entity edu.ncsu.csc.itrust2.models.persistent.LoginLockout on table LoginLockouts
20:26:59.197 [main] DEBUG org.hibernate.cfg.Ejb3Column - Binding column: Ejb3Column{table=org.hibernate.mapping.Table(LoginLockouts), mappingColumn=id, insertable=true, updatable=true, unique=false}
20:26:59.197 [main] DEBUG o.h.cfg.annotations.PropertyBinder - MetadataSourceProcessor property id with lazy=false
20:26:59.198 [main] DEBUG o.h.cfg.AbstractPropertyHolder - Attempting to locate auto-apply AttributeConverter for property [edu.ncsu.csc.itrust2.models.persistent.LoginLockout:id]
20:26:59.198 [main] DEBUG o.h.c.annotations.SimpleValueBinder - building SimpleValue for id
20:26:59.198 [main] DEBUG o.h.cfg.annotations.PropertyBinder - Building property id
20:26:59.199 [main] DEBUG org.hibernate.cfg.Ejb3Column - Binding column: Ejb3Column{table=org.hibernate.mapping.Table(LoginLockouts), mappingColumn=ip, insertable=true, updatable=true, unique=false}
20:26:59.199 [main] DEBUG o.h.cfg.annotations.PropertyBinder - MetadataSourceProcessor property ip with lazy=false
20:26:59.199 [main] DEBUG o.h.cfg.AbstractPropertyHolder - Attempting to locate auto-apply AttributeConverter for property [edu.ncsu.csc.itrust2.models.persistent.LoginLockout:ip]
20:26:59.199 [main] DEBUG o.h.c.annotations.SimpleValueBinder - building SimpleValue for ip
20:26:59.199 [main] DEBUG o.h.cfg.annotations.PropertyBinder - Building property ip
20:26:59.200 [main] DEBUG org.hibernate.cfg.Ejb3Column - Binding column: Ejb3Column{table=org.hibernate.mapping.Table(LoginLockouts), mappingColumn=time, insertable=true, updatable=true, unique=false}
20:26:59.200 [main] DEBUG o.h.cfg.annotations.PropertyBinder - MetadataSourceProcessor property time with lazy=false
20:26:59.200 [main] DEBUG o.h.cfg.AbstractPropertyHolder - Attempting to locate auto-apply AttributeConverter for property [edu.ncsu.csc.itrust2.models.persistent.LoginLockout:time]
20:26:59.200 [main] DEBUG o.h.c.annotations.SimpleValueBinder - building SimpleValue for time
20:26:59.201 [main] DEBUG o.h.cfg.annotations.PropertyBinder - Building property time
20:26:59.201 [main] DEBUG org.hibernate.cfg.Ejb3Column - Binding column: Ejb3JoinColumn{logicalColumnName='user_id', referencedColumn='', mappedBy=''}
20:26:59.202 [main] DEBUG org.hibernate.cfg.Ejb3Column - Binding column: Ejb3Column{table=org.hibernate.mapping.Table(LoginLockouts), mappingColumn=user, insertable=true, updatable=true, unique=false}
20:26:59.202 [main] DEBUG o.h.cfg.annotations.PropertyBinder - Building property user
20:26:59.202 [main] DEBUG org.hibernate.cfg.AnnotationBinder - Binding entity from annotated class: edu.ncsu.csc.itrust2.models.persistent.LoginBan
20:26:59.202 [main] DEBUG org.hibernate.cfg.Ejb3Column - Binding column: Ejb3DiscriminatorColumn{logicalColumnName'DTYPE', discriminatorTypeName='string'}
20:26:59.203 [main] DEBUG o.h.cfg.annotations.EntityBinder - Import with entity name LoginBan
20:26:59.203 [main] DEBUG o.h.cfg.annotations.EntityBinder - Bind entity edu.ncsu.csc.itrust2.models.persistent.LoginBan on table LoginBans
20:26:59.205 [main] DEBUG org.hibernate.cfg.Ejb3Column - Binding column: Ejb3Column{table=org.hibernate.mapping.Table(LoginBans), mappingColumn=id, insertable=true, updatable=true, unique=false}
20:26:59.205 [main] DEBUG o.h.cfg.annotations.PropertyBinder - MetadataSourceProcessor property id with lazy=false
20:26:59.206 [main] DEBUG o.h.cfg.AbstractPropertyHolder - Attempting to locate auto-apply AttributeConverter for property [edu.ncsu.csc.itrust2.models.persistent.LoginBan:id]
20:26:59.206 [main] DEBUG o.h.c.annotations.SimpleValueBinder - building SimpleValue for id
20:26:59.206 [main] DEBUG o.h.cfg.annotations.PropertyBinder - Building property id
20:26:59.207 [main] DEBUG org.hibernate.cfg.Ejb3Column - Binding column: Ejb3Column{table=org.hibernate.mapping.Table(LoginBans), mappingColumn=ip, insertable=true, updatable=true, unique=false}
20:26:59.207 [main] DEBUG o.h.cfg.annotations.PropertyBinder - MetadataSourceProcessor property ip with lazy=false
20:26:59.207 [main] DEBUG o.h.cfg.AbstractPropertyHolder - Attempting to locate auto-apply AttributeConverter for property [edu.ncsu.csc.itrust2.models.persistent.LoginBan:ip]
20:26:59.207 [main] DEBUG o.h.c.annotations.SimpleValueBinder - building SimpleValue for ip
20:26:59.207 [main] DEBUG o.h.cfg.annotations.PropertyBinder - Building property ip
20:26:59.207 [main] DEBUG org.hibernate.cfg.Ejb3Column - Binding column: Ejb3Column{table=org.hibernate.mapping.Table(LoginBans), mappingColumn=time, insertable=true, updatable=true, unique=false}
20:26:59.208 [main] DEBUG o.h.cfg.annotations.PropertyBinder - MetadataSourceProcessor property time with lazy=false
20:26:59.208 [main] DEBUG o.h.cfg.AbstractPropertyHolder - Attempting to locate auto-apply AttributeConverter for property [edu.ncsu.csc.itrust2.models.persistent.LoginBan:time]
20:26:59.208 [main] DEBUG o.h.c.annotations.SimpleValueBinder - building SimpleValue for time
20:26:59.208 [main] DEBUG o.h.cfg.annotations.PropertyBinder - Building property time
20:26:59.208 [main] DEBUG org.hibernate.cfg.Ejb3Column - Binding column: Ejb3JoinColumn{logicalColumnName='user_id', referencedColumn='', mappedBy=''}
20:26:59.208 [main] DEBUG org.hibernate.cfg.Ejb3Column - Binding column: Ejb3Column{table=org.hibernate.mapping.Table(LoginBans), mappingColumn=user, insertable=true, updatable=true, unique=false}
20:26:59.209 [main] DEBUG o.h.cfg.annotations.PropertyBinder - Building property user
20:26:59.211 [main] DEBUG o.h.c.annotations.SimpleValueBinder - Starting fillSimpleValue for id
20:26:59.211 [main] DEBUG o.h.c.annotations.SimpleValueBinder - Starting fillSimpleValue for logCode
20:26:59.213 [main] DEBUG o.h.c.annotations.SimpleValueBinder - Starting fillSimpleValue for message
20:26:59.213 [main] DEBUG o.h.c.annotations.SimpleValueBinder - Starting fillSimpleValue for primaryUser
20:26:59.213 [main] DEBUG o.h.c.annotations.SimpleValueBinder - Starting fillSimpleValue for secondaryUser
20:26:59.213 [main] DEBUG o.h.c.annotations.SimpleValueBinder - Starting fillSimpleValue for time
20:26:59.213 [main] DEBUG o.h.c.annotations.SimpleValueBinder - Starting fillSimpleValue for id
20:26:59.213 [main] DEBUG o.h.c.annotations.SimpleValueBinder - Starting fillSimpleValue for comments
20:26:59.213 [main] DEBUG o.h.c.annotations.SimpleValueBinder - Starting fillSimpleValue for date
20:26:59.213 [main] DEBUG o.h.c.annotations.SimpleValueBinder - Starting fillSimpleValue for status
20:26:59.213 [main] DEBUG o.h.c.annotations.SimpleValueBinder - Starting fillSimpleValue for type
20:26:59.214 [main] DEBUG o.h.c.annotations.SimpleValueBinder - Starting fillSimpleValue for username
20:26:59.214 [main] DEBUG o.h.c.annotations.SimpleValueBinder - Starting fillSimpleValue for enabled
20:26:59.214 [main] DEBUG o.h.c.annotations.SimpleValueBinder - Starting fillSimpleValue for password
20:26:59.214 [main] DEBUG o.h.c.annotations.SimpleValueBinder - Starting fillSimpleValue for role
20:26:59.214 [main] DEBUG o.h.c.annotations.SimpleValueBinder - Starting fillSimpleValue for id
20:26:59.214 [main] DEBUG o.h.c.annotations.SimpleValueBinder - Starting fillSimpleValue for date
20:26:59.214 [main] DEBUG o.h.c.annotations.SimpleValueBinder - Starting fillSimpleValue for notes
20:26:59.214 [main] DEBUG o.h.c.annotations.SimpleValueBinder - Starting fillSimpleValue for type
20:26:59.215 [main] DEBUG o.h.c.annotations.SimpleValueBinder - Starting fillSimpleValue for name
20:26:59.215 [main] DEBUG o.h.c.annotations.SimpleValueBinder - Starting fillSimpleValue for address
20:26:59.215 [main] DEBUG o.h.c.annotations.SimpleValueBinder - Starting fillSimpleValue for state
20:26:59.215 [main] DEBUG o.h.c.annotations.SimpleValueBinder - Starting fillSimpleValue for zip
20:26:59.215 [main] DEBUG o.h.c.annotations.SimpleValueBinder - Starting fillSimpleValue for address1
20:26:59.215 [main] DEBUG o.h.c.annotations.SimpleValueBinder - Starting fillSimpleValue for address2
20:26:59.215 [main] DEBUG o.h.c.annotations.SimpleValueBinder - Starting fillSimpleValue for bloodType
20:26:59.215 [main] DEBUG o.h.c.annotations.SimpleValueBinder - Starting fillSimpleValue for causeOfDeath
20:26:59.216 [main] DEBUG o.h.c.annotations.SimpleValueBinder - Starting fillSimpleValue for city
20:26:59.216 [main] DEBUG o.h.c.annotations.SimpleValueBinder - Starting fillSimpleValue for dateOfBirth
20:26:59.216 [main] DEBUG o.h.c.annotations.SimpleValueBinder - Starting fillSimpleValue for dateOfDeath
20:26:59.216 [main] DEBUG o.h.c.annotations.SimpleValueBinder - Starting fillSimpleValue for email
20:26:59.216 [main] DEBUG o.h.c.annotations.SimpleValueBinder - Starting fillSimpleValue for ethnicity
20:26:59.216 [main] DEBUG o.h.c.annotations.SimpleValueBinder - Starting fillSimpleValue for firstName
20:26:59.216 [main] DEBUG o.h.c.annotations.SimpleValueBinder - Starting fillSimpleValue for gender
20:26:59.217 [main] DEBUG o.h.c.annotations.SimpleValueBinder - Starting fillSimpleValue for id
20:26:59.217 [main] DEBUG o.h.c.annotations.SimpleValueBinder - Starting fillSimpleValue for lastName
20:26:59.217 [main] DEBUG o.h.c.annotations.SimpleValueBinder - Starting fillSimpleValue for phone
20:26:59.217 [main] DEBUG o.h.c.annotations.SimpleValueBinder - Starting fillSimpleValue for preferredName
20:26:59.217 [main] DEBUG o.h.c.annotations.SimpleValueBinder - Starting fillSimpleValue for state
20:26:59.217 [main] DEBUG o.h.c.annotations.SimpleValueBinder - Starting fillSimpleValue for zip
20:26:59.217 [main] DEBUG o.h.c.annotations.SimpleValueBinder - Starting fillSimpleValue for id
20:26:59.217 [main] DEBUG o.h.c.annotations.SimpleValueBinder - Starting fillSimpleValue for address1
20:26:59.217 [main] DEBUG o.h.c.annotations.SimpleValueBinder - Starting fillSimpleValue for address2
20:26:59.217 [main] DEBUG o.h.c.annotations.SimpleValueBinder - Starting fillSimpleValue for city
20:26:59.217 [main] DEBUG o.h.c.annotations.SimpleValueBinder - Starting fillSimpleValue for email
20:26:59.217 [main] DEBUG o.h.c.annotations.SimpleValueBinder - Starting fillSimpleValue for enabled
20:26:59.218 [main] DEBUG o.h.c.annotations.SimpleValueBinder - Starting fillSimpleValue for firstName
20:26:59.218 [main] DEBUG o.h.c.annotations.SimpleValueBinder - Starting fillSimpleValue for lastName
20:26:59.218 [main] DEBUG o.h.c.annotations.SimpleValueBinder - Starting fillSimpleValue for phone
20:26:59.218 [main] DEBUG o.h.c.annotations.SimpleValueBinder - Starting fillSimpleValue for specialty
20:26:59.218 [main] DEBUG o.h.c.annotations.SimpleValueBinder - Starting fillSimpleValue for state
20:26:59.218 [main] DEBUG o.h.c.annotations.SimpleValueBinder - Starting fillSimpleValue for zip
20:26:59.218 [main] DEBUG o.h.c.annotations.SimpleValueBinder - Starting fillSimpleValue for id
20:26:59.218 [main] DEBUG o.h.c.annotations.SimpleValueBinder - Starting fillSimpleValue for diastolic
20:26:59.218 [main] DEBUG o.h.c.annotations.SimpleValueBinder - Starting fillSimpleValue for hdl
20:26:59.218 [main] DEBUG o.h.c.annotations.SimpleValueBinder - Starting fillSimpleValue for headCircumference
20:26:59.218 [main] DEBUG o.h.c.annotations.SimpleValueBinder - Starting fillSimpleValue for height
20:26:59.218 [main] DEBUG o.h.c.annotations.SimpleValueBinder - Starting fillSimpleValue for houseSmokingStatus
20:26:59.218 [main] DEBUG o.h.c.annotations.SimpleValueBinder - Starting fillSimpleValue for ldl
20:26:59.219 [main] DEBUG o.h.c.annotations.SimpleValueBinder - Starting fillSimpleValue for patientSmokingStatus
20:26:59.219 [main] DEBUG o.h.c.annotations.SimpleValueBinder - Starting fillSimpleValue for systolic
20:26:59.219 [main] DEBUG o.h.c.annotations.SimpleValueBinder - Starting fillSimpleValue for tri
20:26:59.219 [main] DEBUG o.h.c.annotations.SimpleValueBinder - Starting fillSimpleValue for weight
20:26:59.219 [main] DEBUG o.h.c.annotations.SimpleValueBinder - Starting fillSimpleValue for id
20:26:59.219 [main] DEBUG o.h.c.annotations.SimpleValueBinder - Starting fillSimpleValue for note
20:26:59.219 [main] DEBUG o.h.c.annotations.SimpleValueBinder - Starting fillSimpleValue for id
20:26:59.219 [main] DEBUG o.h.c.annotations.SimpleValueBinder - Starting fillSimpleValue for code
20:26:59.219 [main] DEBUG o.h.c.annotations.SimpleValueBinder - Starting fillSimpleValue for description
20:26:59.219 [main] DEBUG o.h.c.annotations.SimpleValueBinder - Starting fillSimpleValue for id
20:26:59.219 [main] DEBUG o.h.c.annotations.SimpleValueBinder - Starting fillSimpleValue for code
20:26:59.219 [main] DEBUG o.h.c.annotations.SimpleValueBinder - Starting fillSimpleValue for description
20:26:59.219 [main] DEBUG o.h.c.annotations.SimpleValueBinder - Starting fillSimpleValue for name
20:26:59.220 [main] DEBUG o.h.c.annotations.SimpleValueBinder - Starting fillSimpleValue for id
20:26:59.220 [main] DEBUG o.h.c.annotations.SimpleValueBinder - Starting fillSimpleValue for dosage
20:26:59.220 [main] DEBUG o.h.c.annotations.SimpleValueBinder - Starting fillSimpleValue for endDate
20:26:59.220 [main] DEBUG o.h.c.annotations.SimpleValueBinder - Starting fillSimpleValue for renewals
20:26:59.220 [main] DEBUG o.h.c.annotations.SimpleValueBinder - Starting fillSimpleValue for startDate
20:26:59.220 [main] DEBUG o.h.c.annotations.SimpleValueBinder - Starting fillSimpleValue for id
20:26:59.220 [main] DEBUG o.h.c.annotations.SimpleValueBinder - Starting fillSimpleValue for creationTime
20:26:59.220 [main] DEBUG o.h.c.annotations.SimpleValueBinder - Starting fillSimpleValue for tempPassword
20:26:59.220 [main] DEBUG o.h.c.annotations.SimpleValueBinder - Starting fillSimpleValue for id
20:26:59.220 [main] DEBUG o.h.c.annotations.SimpleValueBinder - Starting fillSimpleValue for ip
20:26:59.221 [main] DEBUG o.h.c.annotations.SimpleValueBinder - Starting fillSimpleValue for time
20:26:59.221 [main] DEBUG o.h.c.annotations.SimpleValueBinder - Starting fillSimpleValue for id
20:26:59.221 [main] DEBUG o.h.c.annotations.SimpleValueBinder - Starting fillSimpleValue for ip
20:26:59.221 [main] DEBUG o.h.c.annotations.SimpleValueBinder - Starting fillSimpleValue for time
20:26:59.221 [main] DEBUG o.h.c.annotations.SimpleValueBinder - Starting fillSimpleValue for id
20:26:59.221 [main] DEBUG o.h.c.annotations.SimpleValueBinder - Starting fillSimpleValue for ip
20:26:59.221 [main] DEBUG o.h.c.annotations.SimpleValueBinder - Starting fillSimpleValue for time
20:26:59.234 [main] DEBUG org.hibernate.mapping.PrimaryKey - Forcing column [id] to be non-null as it is part of the primary key for table [logentries]
20:26:59.234 [main] DEBUG org.hibernate.mapping.PrimaryKey - Forcing column [id] to be non-null as it is part of the primary key for table [appointmentrequests]
20:26:59.234 [main] DEBUG org.hibernate.mapping.PrimaryKey - Forcing column [username] to be non-null as it is part of the primary key for table [users]
20:26:59.235 [main] DEBUG org.hibernate.mapping.PrimaryKey - Forcing column [id] to be non-null as it is part of the primary key for table [officevisits]
20:26:59.235 [main] DEBUG org.hibernate.mapping.PrimaryKey - Forcing column [name] to be non-null as it is part of the primary key for table [hospitals]
20:26:59.237 [main] DEBUG org.hibernate.mapping.PrimaryKey - Forcing column [self_id] to be non-null as it is part of the primary key for table [patients]
20:26:59.237 [main] DEBUG org.hibernate.mapping.PrimaryKey - Forcing column [id] to be non-null as it is part of the primary key for table [personnel]
20:26:59.237 [main] DEBUG org.hibernate.mapping.PrimaryKey - Forcing column [id] to be non-null as it is part of the primary key for table [basichealthmetrics]
20:26:59.237 [main] DEBUG org.hibernate.mapping.PrimaryKey - Forcing column [id] to be non-null as it is part of the primary key for table [diagnoses]
20:26:59.237 [main] DEBUG org.hibernate.mapping.PrimaryKey - Forcing column [id] to be non-null as it is part of the primary key for table [icdcodes]
20:26:59.237 [main] DEBUG org.hibernate.mapping.PrimaryKey - Forcing column [id] to be non-null as it is part of the primary key for table [drugs]
20:26:59.237 [main] DEBUG org.hibernate.mapping.PrimaryKey - Forcing column [id] to be non-null as it is part of the primary key for table [prescriptions]
20:26:59.238 [main] DEBUG org.hibernate.mapping.PrimaryKey - Forcing column [id] to be non-null as it is part of the primary key for table [passwordresettokens]
20:26:59.238 [main] DEBUG org.hibernate.mapping.PrimaryKey - Forcing column [id] to be non-null as it is part of the primary key for table [loginattempts]
20:26:59.238 [main] DEBUG org.hibernate.mapping.PrimaryKey - Forcing column [id] to be non-null as it is part of the primary key for table [loginlockouts]
20:26:59.239 [main] DEBUG org.hibernate.mapping.PrimaryKey - Forcing column [id] to be non-null as it is part of the primary key for table [loginbans]
20:26:59.239 [main] DEBUG o.hibernate.cfg.CollectionSecondPass - Second pass for collection: edu.ncsu.csc.itrust2.models.persistent.OfficeVisit.prescriptions
20:26:59.239 [main] DEBUG o.h.cfg.annotations.CollectionBinder - Binding a OneToMany: edu.ncsu.csc.itrust2.models.persistent.OfficeVisit.prescriptions through a foreign key
20:26:59.240 [main] DEBUG o.h.cfg.annotations.CollectionBinder - Mapping collection: edu.ncsu.csc.itrust2.models.persistent.OfficeVisit.prescriptions -> Prescriptions
20:26:59.242 [main] DEBUG o.hibernate.cfg.CollectionSecondPass - Mapped collection key: prescriptions_id, one-to-many: edu.ncsu.csc.itrust2.models.persistent.Prescription
20:26:59.242 [main] DEBUG o.h.b.i.InFlightMetadataCollectorImpl - Resolving reference to class: edu.ncsu.csc.itrust2.models.persistent.User
20:26:59.245 [main] DEBUG o.h.b.i.InFlightMetadataCollectorImpl - Resolving reference to class: edu.ncsu.csc.itrust2.models.persistent.User
20:26:59.245 [main] DEBUG o.h.b.i.InFlightMetadataCollectorImpl - Resolving reference to class: edu.ncsu.csc.itrust2.models.persistent.User
20:26:59.246 [main] DEBUG o.h.b.i.InFlightMetadataCollectorImpl - Resolving reference to class: edu.ncsu.csc.itrust2.models.persistent.User
20:26:59.246 [main] DEBUG o.h.b.i.InFlightMetadataCollectorImpl - Resolving reference to class: edu.ncsu.csc.itrust2.models.persistent.ICDCode
20:26:59.247 [main] DEBUG o.h.b.i.InFlightMetadataCollectorImpl - Resolving reference to class: edu.ncsu.csc.itrust2.models.persistent.OfficeVisit
20:26:59.247 [main] DEBUG o.h.b.i.InFlightMetadataCollectorImpl - Resolving reference to class: edu.ncsu.csc.itrust2.models.persistent.User
20:26:59.247 [main] DEBUG o.h.b.i.InFlightMetadataCollectorImpl - Resolving reference to class: edu.ncsu.csc.itrust2.models.persistent.User
20:26:59.248 [main] DEBUG o.h.b.i.InFlightMetadataCollectorImpl - Resolving reference to class: edu.ncsu.csc.itrust2.models.persistent.User
20:26:59.248 [main] DEBUG o.h.b.i.InFlightMetadataCollectorImpl - Resolving reference to class: edu.ncsu.csc.itrust2.models.persistent.AppointmentRequest
20:26:59.249 [main] DEBUG o.h.b.i.InFlightMetadataCollectorImpl - Resolving reference to class: edu.ncsu.csc.itrust2.models.persistent.BasicHealthMetrics
20:26:59.249 [main] DEBUG o.h.b.i.InFlightMetadataCollectorImpl - Resolving reference to class: edu.ncsu.csc.itrust2.models.persistent.User
20:26:59.250 [main] DEBUG o.h.b.i.InFlightMetadataCollectorImpl - Resolving reference to class: edu.ncsu.csc.itrust2.models.persistent.Hospital
20:26:59.250 [main] DEBUG o.h.b.i.InFlightMetadataCollectorImpl - Resolving reference to class: edu.ncsu.csc.itrust2.models.persistent.User
20:26:59.250 [main] DEBUG o.h.b.i.InFlightMetadataCollectorImpl - Resolving reference to class: edu.ncsu.csc.itrust2.models.persistent.User
20:26:59.251 [main] DEBUG o.h.b.i.InFlightMetadataCollectorImpl - Resolving reference to class: edu.ncsu.csc.itrust2.models.persistent.User
20:26:59.252 [main] DEBUG o.h.b.i.InFlightMetadataCollectorImpl - Resolving reference to class: edu.ncsu.csc.itrust2.models.persistent.User
20:26:59.253 [main] DEBUG o.h.b.i.InFlightMetadataCollectorImpl - Resolving reference to class: edu.ncsu.csc.itrust2.models.persistent.User
20:26:59.253 [main] DEBUG o.h.b.i.InFlightMetadataCollectorImpl - Resolving reference to class: edu.ncsu.csc.itrust2.models.persistent.User
20:26:59.253 [main] DEBUG o.h.b.i.InFlightMetadataCollectorImpl - Resolving reference to class: edu.ncsu.csc.itrust2.models.persistent.Drug
20:26:59.254 [main] DEBUG o.h.b.i.InFlightMetadataCollectorImpl - Resolving reference to class: edu.ncsu.csc.itrust2.models.persistent.User
20:26:59.254 [main] DEBUG o.h.b.i.InFlightMetadataCollectorImpl - Resolving reference to class: edu.ncsu.csc.itrust2.models.persistent.OfficeVisit
20:26:59.256 [main] DEBUG o.h.b.i.InFlightMetadataCollectorImpl - Resolving reference to class: edu.ncsu.csc.itrust2.models.persistent.User
20:26:59.256 [main] DEBUG o.h.b.i.InFlightMetadataCollectorImpl - Resolving reference to class: edu.ncsu.csc.itrust2.models.persistent.User
20:26:59.256 [main] DEBUG o.h.b.i.InFlightMetadataCollectorImpl - Resolving reference to class: edu.ncsu.csc.itrust2.models.persistent.User
20:26:59.257 [main] DEBUG o.h.b.i.InFlightMetadataCollectorImpl - Resolving reference to class: edu.ncsu.csc.itrust2.models.persistent.User
20:26:59.257 [main] DEBUG o.h.b.i.InFlightMetadataCollectorImpl - Resolving reference to class: edu.ncsu.csc.itrust2.models.persistent.ICDCode
20:26:59.257 [main] DEBUG o.h.b.i.InFlightMetadataCollectorImpl - Resolving reference to class: edu.ncsu.csc.itrust2.models.persistent.OfficeVisit
20:26:59.257 [main] DEBUG o.h.b.i.InFlightMetadataCollectorImpl - Resolving reference to class: edu.ncsu.csc.itrust2.models.persistent.User
20:26:59.257 [main] DEBUG o.h.b.i.InFlightMetadataCollectorImpl - Resolving reference to class: edu.ncsu.csc.itrust2.models.persistent.User
20:26:59.257 [main] DEBUG o.h.b.i.InFlightMetadataCollectorImpl - Resolving reference to class: edu.ncsu.csc.itrust2.models.persistent.User
20:26:59.257 [main] DEBUG o.h.b.i.InFlightMetadataCollectorImpl - Resolving reference to class: edu.ncsu.csc.itrust2.models.persistent.AppointmentRequest
20:26:59.257 [main] DEBUG o.h.b.i.InFlightMetadataCollectorImpl - Resolving reference to class: edu.ncsu.csc.itrust2.models.persistent.BasicHealthMetrics
20:26:59.257 [main] DEBUG o.h.b.i.InFlightMetadataCollectorImpl - Resolving reference to class: edu.ncsu.csc.itrust2.models.persistent.User
20:26:59.257 [main] DEBUG o.h.b.i.InFlightMetadataCollectorImpl - Resolving reference to class: edu.ncsu.csc.itrust2.models.persistent.Hospital
20:26:59.258 [main] DEBUG o.h.b.i.InFlightMetadataCollectorImpl - Resolving reference to class: edu.ncsu.csc.itrust2.models.persistent.User
20:26:59.258 [main] DEBUG o.h.b.i.InFlightMetadataCollectorImpl - Resolving reference to class: edu.ncsu.csc.itrust2.models.persistent.User
20:26:59.258 [main] DEBUG o.h.b.i.InFlightMetadataCollectorImpl - Resolving reference to class: edu.ncsu.csc.itrust2.models.persistent.User
20:26:59.258 [main] DEBUG o.h.b.i.InFlightMetadataCollectorImpl - Resolving reference to class: edu.ncsu.csc.itrust2.models.persistent.User
20:26:59.258 [main] DEBUG o.h.b.i.InFlightMetadataCollectorImpl - Resolving reference to class: edu.ncsu.csc.itrust2.models.persistent.User
20:26:59.258 [main] DEBUG o.h.b.i.InFlightMetadataCollectorImpl - Resolving reference to class: edu.ncsu.csc.itrust2.models.persistent.User
20:26:59.258 [main] DEBUG o.h.b.i.InFlightMetadataCollectorImpl - Resolving reference to class: edu.ncsu.csc.itrust2.models.persistent.Drug
20:26:59.258 [main] DEBUG o.h.b.i.InFlightMetadataCollectorImpl - Resolving reference to class: edu.ncsu.csc.itrust2.models.persistent.User
20:26:59.258 [main] DEBUG o.h.b.i.InFlightMetadataCollectorImpl - Resolving reference to class: edu.ncsu.csc.itrust2.models.persistent.OfficeVisit
20:26:59.274 [main] DEBUG o.h.b.internal.ClassLoaderAccessImpl - Not known whether passed class name [edu.ncsu.csc.itrust2.models.persistent.Patient] is safe
20:26:59.274 [main] DEBUG o.h.b.internal.ClassLoaderAccessImpl - No temp ClassLoader provided; using live ClassLoader for loading potentially unsafe class : edu.ncsu.csc.itrust2.models.persistent.Patient
20:26:59.351 [main] WARN  org.hibernate.mapping.RootClass - HHH000038: Composite-id class does not override equals(): edu.ncsu.csc.itrust2.models.persistent.Patient
20:26:59.351 [main] WARN  org.hibernate.mapping.RootClass - HHH000039: Composite-id class does not override hashCode(): edu.ncsu.csc.itrust2.models.persistent.Patient
20:26:59.375 [main] DEBUG o.h.internal.SessionFactoryImpl - Building session factory
20:26:59.378 [main] DEBUG org.hibernate.cfg.Settings - SessionFactory name : null
20:26:59.378 [main] DEBUG org.hibernate.cfg.Settings - Automatic flush during beforeCompletion(): disabled
20:26:59.378 [main] DEBUG org.hibernate.cfg.Settings - Automatic session close at end of transaction: disabled
20:26:59.378 [main] DEBUG org.hibernate.cfg.Settings - Statistics: disabled
20:26:59.378 [main] DEBUG org.hibernate.cfg.Settings - Deleted entity synthetic identifier rollback: disabled
20:26:59.378 [main] DEBUG org.hibernate.cfg.Settings - Default entity-mode: pojo
20:26:59.379 [main] DEBUG org.hibernate.cfg.Settings - Check Nullability in Core (should be disabled when Bean Validation is on): enabled
20:26:59.379 [main] DEBUG org.hibernate.cfg.Settings - Allow initialization of lazy state outside session : disabled
20:26:59.379 [main] DEBUG org.hibernate.cfg.Settings - Using BatchFetchStyle : LEGACY
20:26:59.379 [main] DEBUG org.hibernate.cfg.Settings - Default batch fetch size: -1
20:26:59.379 [main] DEBUG org.hibernate.cfg.Settings - Maximum outer join fetch depth: 2
20:26:59.379 [main] DEBUG org.hibernate.cfg.Settings - Default null ordering: NONE
20:26:59.379 [main] DEBUG org.hibernate.cfg.Settings - Order SQL updates by primary key: disabled
20:26:59.379 [main] DEBUG org.hibernate.cfg.Settings - Order SQL inserts for batching: disabled
20:26:59.379 [main] DEBUG org.hibernate.cfg.Settings - multi-tenancy strategy : NONE
20:26:59.379 [main] DEBUG org.hibernate.cfg.Settings - JTA Track by Thread: enabled
20:26:59.379 [main] DEBUG org.hibernate.cfg.Settings - Query language substitutions: {}
20:26:59.380 [main] DEBUG org.hibernate.cfg.Settings - JPA query language strict compliance: disabled
20:26:59.380 [main] DEBUG org.hibernate.cfg.Settings - Named query checking : enabled
20:26:59.380 [main] DEBUG org.hibernate.cfg.Settings - Second-level cache: enabled
20:26:59.380 [main] DEBUG org.hibernate.cfg.Settings - Second-level query cache: disabled
20:26:59.380 [main] DEBUG org.hibernate.cfg.Settings - Second-level query cache factory: org.hibernate.cache.internal.StandardQueryCacheFactory@239b8f59
20:26:59.380 [main] DEBUG org.hibernate.cfg.Settings - Second-level cache region prefix: null
20:26:59.380 [main] DEBUG org.hibernate.cfg.Settings - Optimize second-level cache for minimal puts: disabled
20:26:59.380 [main] DEBUG org.hibernate.cfg.Settings - Structured second-level cache entries: disabled
20:26:59.384 [main] DEBUG org.hibernate.cfg.Settings - Second-level cache direct-reference entries: disabled
20:26:59.384 [main] DEBUG org.hibernate.cfg.Settings - Automatic eviction of collection cache: disabled
20:26:59.385 [main] DEBUG org.hibernate.cfg.Settings - JDBC batch size: 15
20:26:59.385 [main] DEBUG org.hibernate.cfg.Settings - JDBC batch updates for versioned data: enabled
20:26:59.385 [main] DEBUG org.hibernate.cfg.Settings - Scrollable result sets: enabled
20:26:59.385 [main] DEBUG org.hibernate.cfg.Settings - Wrap result sets: disabled
20:26:59.385 [main] DEBUG org.hibernate.cfg.Settings - JDBC3 getGeneratedKeys(): enabled
20:26:59.385 [main] DEBUG org.hibernate.cfg.Settings - JDBC result set fetch size: null
20:26:59.385 [main] DEBUG org.hibernate.cfg.Settings - Connection release mode: ON_CLOSE
20:26:59.385 [main] DEBUG org.hibernate.cfg.Settings - Generate SQL with comments: disabled
20:26:59.501 [main] DEBUG o.h.internal.SessionFactoryImpl - Returning a Reference to the SessionFactory
20:26:59.504 [main] DEBUG o.h.internal.SessionFactoryImpl - Session factory constructed with filter configurations : {}
20:26:59.504 [main] DEBUG o.h.internal.SessionFactoryImpl - Instantiating session factory with properties: {hibernate.connection.password=root, java.runtime.name=Java(TM) SE Runtime Environment, java.vm.version=25.161-b12, sun.boot.library.path=/usr/lib/jvm/java-8-oracle/jre/lib/amd64, hibernate.connection.username=root, hibernate.boot.CfgXmlAccessService.key=org.hibernate.boot.cfgxml.spi.LoadedConfig@17b2e5a0, java.vm.vendor=Oracle Corporation, java.vendor.url=http://java.oracle.com/, path.separator=:, java.vm.name=Java HotSpot(TM) 64-Bit Server VM, file.encoding.pkg=sun.io, sun.os.patch.level=unknown, user.country=US, sun.java.launcher=SUN_STANDARD, java.vm.specification.name=Java Virtual Machine Specification, user.dir=/var/lib/jenkins/workspace/iTrust-Fuzz-Job/iTrust2-v2/iTrust/iTrust2, java.runtime.version=1.8.0_161-b12, java.awt.graphicsenv=sun.awt.X11GraphicsEnvironment, basedir=/var/lib/jenkins/workspace/iTrust-Fuzz-Job/iTrust2-v2/iTrust/iTrust2, os.arch=amd64, java.endorsed.dirs=/usr/lib/jvm/java-8-oracle/jre/lib/endorsed, surefire.real.class.path=/var/lib/jenkins/workspace/iTrust-Fuzz-Job/iTrust2-v2/iTrust/iTrust2/target/surefire/surefirebooter983098133791327763.jar:/root/.m2/repository/org/jacoco/org.jacoco.agent/0.7.5.201505241946/org.jacoco.agent-0.7.5.201505241946-runtime.jar, java.io.tmpdir=/tmp, line.separator=
, java.vm.specification.vendor=Oracle Corporation, os.name=Linux, sun.jnu.encoding=UTF-8, java.library.path=/usr/java/packages/lib/amd64:/usr/lib64:/lib64:/lib:/usr/lib, surefire.test.class.path=/var/lib/jenkins/workspace/iTrust-Fuzz-Job/iTrust2-v2/iTrust/iTrust2/target/test-classes:/var/lib/jenkins/workspace/iTrust-Fuzz-Job/iTrust2-v2/iTrust/iTrust2/target/classes:/root/.m2/repository/javax/servlet/jsp/jstl/javax.servlet.jsp.jstl-api/1.2.1/javax.servlet.jsp.jstl-api-1.2.1.jar:/root/.m2/repository/javax/validation/validation-api/1.1.0.Final/validation-api-1.1.0.Final.jar:/root/.m2/repository/org/hibernate/hibernate-validator/5.4.1.Final/hibernate-validator-5.4.1.Final.jar:/root/.m2/repository/org/jboss/logging/jboss-logging/3.3.0.Final/jboss-logging-3.3.0.Final.jar:/root/.m2/repository/com/fasterxml/classmate/1.3.1/classmate-1.3.1.jar:/root/.m2/repository/org/slf4j/jcl-over-slf4j/1.7.7/jcl-over-slf4j-1.7.7.jar:/root/.m2/repository/org/slf4j/jul-to-slf4j/1.7.7/jul-to-slf4j-1.7.7.jar:/root/.m2/repository/org/slf4j/log4j-over-slf4j/1.7.7/log4j-over-slf4j-1.7.7.jar:/root/.m2/repository/org/slf4j/slf4j-api/1.7.7/slf4j-api-1.7.7.jar:/root/.m2/repository/org/springframework/security/spring-security-config/4.2.2.RELEASE/spring-security-config-4.2.2.RELEASE.jar:/root/.m2/repository/aopalliance/aopalliance/1.0/aopalliance-1.0.jar:/root/.m2/repository/org/springframework/spring-aop/4.3.5.RELEASE/spring-aop-4.3.5.RELEASE.jar:/root/.m2/repository/org/springframework/spring-beans/4.3.5.RELEASE/spring-beans-4.3.5.RELEASE.jar:/root/.m2/repository/org/springframework/spring-context/4.3.5.RELEASE/spring-context-4.3.5.RELEASE.jar:/root/.m2/repository/org/springframework/spring-core/4.3.5.RELEASE/spring-core-4.3.5.RELEASE.jar:/root/.m2/repository/org/springframework/security/spring-security-core/4.2.2.RELEASE/spring-security-core-4.2.2.RELEASE.jar:/root/.m2/repository/org/springframework/spring-expression/4.3.5.RELEASE/spring-expression-4.3.5.RELEASE.jar:/root/.m2/repository/org/springframework/security/spring-security-web/4.2.2.RELEASE/spring-security-web-4.2.2.RELEASE.jar:/root/.m2/repository/org/springframework/spring-web/4.3.5.RELEASE/spring-web-4.3.5.RELEASE.jar:/root/.m2/repository/org/springframework/spring-jdbc/4.3.5.RELEASE/spring-jdbc-4.3.5.RELEASE.jar:/root/.m2/repository/org/springframework/spring-tx/4.3.5.RELEASE/spring-tx-4.3.5.RELEASE.jar:/root/.m2/repository/javax/el/javax.el-api/2.2.4/javax.el-api-2.2.4.jar:/root/.m2/repository/org/glassfish/javax.el/3.0.1-b08/javax.el-3.0.1-b08.jar:/root/.m2/repository/org/springframework/spring-webmvc/4.3.5.RELEASE/spring-webmvc-4.3.5.RELEASE.jar:/root/.m2/repository/commons-logging/commons-logging/1.2/commons-logging-1.2.jar:/root/.m2/repository/javax/servlet/jsp/jsp-api/2.1/jsp-api-2.1.jar:/root/.m2/repository/javax/servlet/javax.servlet-api/3.0.1/javax.servlet-api-3.0.1.jar:/root/.m2/repository/cglib/cglib-nodep/3.1/cglib-nodep-3.1.jar:/root/.m2/repository/ch/qos/logback/logback-classic/1.1.2/logback-classic-1.1.2.jar:/root/.m2/repository/ch/qos/logback/logback-core/1.1.2/logback-core-1.1.2.jar:/root/.m2/repository/opensymphony/sitemesh/2.4.2/sitemesh-2.4.2.jar:/root/.m2/repository/junit/junit/4.12/junit-4.12.jar:/root/.m2/repository/org/assertj/assertj-core/2.2.0/assertj-core-2.2.0.jar:/root/.m2/repository/org/mockito/mockito-core/1.10.19/mockito-core-1.10.19.jar:/root/.m2/repository/org/objenesis/objenesis/2.1/objenesis-2.1.jar:/root/.m2/repository/org/springframework/security/spring-security-test/4.2.2.RELEASE/spring-security-test-4.2.2.RELEASE.jar:/root/.m2/repository/org/springframework/spring-test/4.3.5.RELEASE/spring-test-4.3.5.RELEASE.jar:/root/.m2/repository/mysql/mysql-connector-java/5.1.40/mysql-connector-java-5.1.40.jar:/root/.m2/repository/org/springframework/spring-orm/4.3.5.RELEASE/spring-orm-4.3.5.RELEASE.jar:/root/.m2/repository/org/springframework/data/spring-data-jpa/1.10.2.RELEASE/spring-data-jpa-1.10.2.RELEASE.jar:/root/.m2/repository/org/springframework/data/spring-data-commons/1.12.2.RELEASE/spring-data-commons-1.12.2.RELEASE.jar:/root/.m2/repository/org/aspectj/aspectjrt/1.8.9/aspectjrt-1.8.9.jar:/root/.m2/repository/org/thymeleaf/thymeleaf/3.0.0.RELEASE/thymeleaf-3.0.0.RELEASE.jar:/root/.m2/repository/ognl/ognl/3.1.3/ognl-3.1.3.jar:/root/.m2/repository/org/javassist/javassist/3.20.0-GA/javassist-3.20.0-GA.jar:/root/.m2/repository/org/attoparser/attoparser/2.0.0.RELEASE/attoparser-2.0.0.RELEASE.jar:/root/.m2/repository/org/unbescape/unbescape/1.1.3.RELEASE/unbescape-1.1.3.RELEASE.jar:/root/.m2/repository/org/thymeleaf/thymeleaf-spring4/3.0.2.RELEASE/thymeleaf-spring4-3.0.2.RELEASE.jar:/root/.m2/repository/org/thymeleaf/extras/thymeleaf-extras-tiles2-spring4/2.1.1.RELEASE/thymeleaf-extras-tiles2-spring4-2.1.1.RELEASE.jar:/root/.m2/repository/org/thymeleaf/extras/thymeleaf-extras-tiles2/2.1.1.RELEASE/thymeleaf-extras-tiles2-2.1.1.RELEASE.jar:/root/.m2/repository/org/apache/tiles/tiles-core/2.2.2/tiles-core-2.2.2.jar:/root/.m2/repository/org/apache/tiles/tiles-api/2.2.2/tiles-api-2.2.2.jar:/root/.m2/repository/commons-digester/commons-digester/2.0/commons-digester-2.0.jar:/root/.m2/repository/commons-beanutils/commons-beanutils/1.8.0/commons-beanutils-1.8.0.jar:/root/.m2/repository/org/apache/tiles/tiles-template/2.2.2/tiles-template-2.2.2.jar:/root/.m2/repository/org/apache/tiles/tiles-servlet/2.2.2/tiles-servlet-2.2.2.jar:/root/.m2/repository/org/apache/tiles/tiles-jsp/2.2.2/tiles-jsp-2.2.2.jar:/root/.m2/repository/org/hibernate/hibernate-entitymanager/5.0.11.Final/hibernate-entitymanager-5.0.11.Final.jar:/root/.m2/repository/org/hibernate/hibernate-core/5.0.11.Final/hibernate-core-5.0.11.Final.jar:/root/.m2/repository/antlr/antlr/2.7.7/antlr-2.7.7.jar:/root/.m2/repository/org/jboss/jandex/2.0.0.Final/jandex-2.0.0.Final.jar:/root/.m2/repository/dom4j/dom4j/1.6.1/dom4j-1.6.1.jar:/root/.m2/repository/org/hibernate/common/hibernate-commons-annotations/5.0.1.Final/hibernate-commons-annotations-5.0.1.Final.jar:/root/.m2/repository/org/hibernate/javax/persistence/hibernate-jpa-2.1-api/1.0.0.Final/hibernate-jpa-2.1-api-1.0.0.Final.jar:/root/.m2/repository/org/apache/geronimo/specs/geronimo-jta_1.1_spec/1.1.1/geronimo-jta_1.1_spec-1.1.1.jar:/root/.m2/repository/org/seleniumhq/selenium/selenium-java/2.53.1/selenium-java-2.53.1.jar:/root/.m2/repository/org/seleniumhq/selenium/selenium-chrome-driver/2.53.1/selenium-chrome-driver-2.53.1.jar:/root/.m2/repository/org/seleniumhq/selenium/selenium-remote-driver/2.53.1/selenium-remote-driver-2.53.1.jar:/root/.m2/repository/org/seleniumhq/selenium/selenium-api/2.53.1/selenium-api-2.53.1.jar:/root/.m2/repository/com/google/guava/guava/19.0/guava-19.0.jar:/root/.m2/repository/org/seleniumhq/selenium/selenium-edge-driver/2.53.1/selenium-edge-driver-2.53.1.jar:/root/.m2/repository/org/apache/commons/commons-exec/1.3/commons-exec-1.3.jar:/root/.m2/repository/org/seleniumhq/selenium/selenium-firefox-driver/2.53.1/selenium-firefox-driver-2.53.1.jar:/root/.m2/repository/org/seleniumhq/selenium/selenium-ie-driver/2.53.1/selenium-ie-driver-2.53.1.jar:/root/.m2/repository/net/java/dev/jna/jna/4.1.0/jna-4.1.0.jar:/root/.m2/repository/net/java/dev/jna/jna-platform/4.1.0/jna-platform-4.1.0.jar:/root/.m2/repository/org/seleniumhq/selenium/selenium-safari-driver/2.53.1/selenium-safari-driver-2.53.1.jar:/root/.m2/repository/io/netty/netty/3.5.7.Final/netty-3.5.7.Final.jar:/root/.m2/repository/org/seleniumhq/selenium/selenium-support/2.53.1/selenium-support-2.53.1.jar:/root/.m2/repository/org/seleniumhq/selenium/selenium-leg-rc/2.53.1/selenium-leg-rc-2.53.1.jar:/root/.m2/repository/org/seleniumhq/selenium/htmlunit-driver/2.21/htmlunit-driver-2.21.jar:/root/.m2/repository/net/sourceforge/htmlunit/htmlunit/2.21/htmlunit-2.21.jar:/root/.m2/repository/xalan/xalan/2.7.2/xalan-2.7.2.jar:/root/.m2/repository/xalan/serializer/2.7.2/serializer-2.7.2.jar:/root/.m2/repository/org/apache/httpcomponents/httpmime/4.5.2/httpmime-4.5.2.jar:/root/.m2/repository/commons-codec/commons-codec/1.10/commons-codec-1.10.jar:/root/.m2/repository/net/sourceforge/htmlunit/htmlunit-core-js/2.17/htmlunit-core-js-2.17.jar:/root/.m2/repository/net/sourceforge/htmlunit/neko-htmlunit/2.21/neko-htmlunit-2.21.jar:/root/.m2/repository/xerces/xercesImpl/2.11.0/xercesImpl-2.11.0.jar:/root/.m2/repository/net/sourceforge/cssparser/cssparser/0.9.18/cssparser-0.9.18.jar:/root/.m2/repository/org/w3c/css/sac/1.3/sac-1.3.jar:/root/.m2/repository/org/eclipse/jetty/websocket/websocket-client/9.2.15.v20160210/websocket-client-9.2.15.v20160210.jar:/root/.m2/repository/org/eclipse/jetty/jetty-util/9.2.15.v20160210/jetty-util-9.2.15.v20160210.jar:/root/.m2/repository/org/eclipse/jetty/jetty-io/9.2.15.v20160210/jetty-io-9.2.15.v20160210.jar:/root/.m2/repository/org/eclipse/jetty/websocket/websocket-common/9.2.15.v20160210/websocket-common-9.2.15.v20160210.jar:/root/.m2/repository/org/eclipse/jetty/websocket/websocket-api/9.2.15.v20160210/websocket-api-9.2.15.v20160210.jar:/root/.m2/repository/commons-collections/commons-collections/3.2.2/commons-collections-3.2.2.jar:/root/.m2/repository/io/github/bonigarcia/webdrivermanager/1.7.2/webdrivermanager-1.7.2.jar:/root/.m2/repository/commons-io/commons-io/2.5/commons-io-2.5.jar:/root/.m2/repository/com/typesafe/config/1.2.1/config-1.2.1.jar:/root/.m2/repository/org/apache/commons/commons-lang3/3.5/commons-lang3-3.5.jar:/root/.m2/repository/org/apache/httpcomponents/httpclient/4.5.3/httpclient-4.5.3.jar:/root/.m2/repository/org/apache/httpcomponents/httpcore/4.4.6/httpcore-4.4.6.jar:/root/.m2/repository/org/rauschig/jarchivelib/0.7.1/jarchivelib-0.7.1.jar:/root/.m2/repository/org/apache/commons/commons-compress/1.9/commons-compress-1.9.jar:/root/.m2/repository/org/jsoup/jsoup/1.10.2/jsoup-1.10.2.jar:/root/.m2/repository/xml-apis/xml-apis/1.4.01/xml-apis-1.4.01.jar:/root/.m2/repository/info/cukes/cucumber-core/1.2.4/cucumber-core-1.2.4.jar:/root/.m2/repository/info/cukes/gherkin/2.12.2/gherkin-2.12.2.jar:/root/.m2/repository/info/cukes/cucumber-html/0.2.3/cucumber-html-0.2.3.jar:/root/.m2/repository/info/cukes/cucumber-java/1.2.4/cucumber-java-1.2.4.jar:/root/.m2/repository/info/cukes/cucumber-jvm-deps/1.0.5/cucumber-jvm-deps-1.0.5.jar:/root/.m2/repository/info/cukes/cucumber-picocontainer/1.2.4/cucumber-picocontainer-1.2.4.jar:/root/.m2/repository/org/picocontainer/picocontainer/2.15/picocontainer-2.15.jar:/root/.m2/repository/info/cukes/cucumber-junit/1.2.4/cucumber-junit-1.2.4.jar:/root/.m2/repository/org/springframework/webflow/spring-binding/2.4.4.RELEASE/spring-binding-2.4.4.RELEASE.jar:/root/.m2/repository/opensymphony/ognl/2.6.11/ognl-2.6.11.jar:/root/.m2/repository/org/springframework/webflow/spring-webflow/2.4.4.RELEASE/spring-webflow-2.4.4.RELEASE.jar:/root/.m2/repository/org/springframework/webflow/spring-js/2.4.4.RELEASE/spring-js-2.4.4.RELEASE.jar:/root/.m2/repository/org/springframework/webflow/spring-js-resources/2.4.4.RELEASE/spring-js-resources-2.4.4.RELEASE.jar:/root/.m2/repository/com/google/code/gson/gson/2.8.0/gson-2.8.0.jar:/root/.m2/repository/org/hamcrest/hamcrest-core/1.3/hamcrest-core-1.3.jar:/root/.m2/repository/org/hamcrest/hamcrest-library/1.3/hamcrest-library-1.3.jar:/root/.m2/repository/com/jayway/jsonpath/json-path-assert/2.2.0/json-path-assert-2.2.0.jar:/root/.m2/repository/com/jayway/jsonpath/json-path/2.2.0/json-path-2.2.0.jar:/root/.m2/repository/net/minidev/json-smart/2.2.1/json-smart-2.2.1.jar:/root/.m2/repository/net/minidev/accessors-smart/1.1/accessors-smart-1.1.jar:/root/.m2/repository/org/ow2/asm/asm/5.0.3/asm-5.0.3.jar:/root/.m2/repository/org/springframework/session/spring-session/1.2.1.RELEASE/spring-session-1.2.1.RELEASE.jar:/root/.m2/repository/javax/mail/mail/1.4.7/mail-1.4.7.jar:/root/.m2/repository/javax/activation/activation/1.1/activation-1.1.jar:/root/.m2/repository/javax/mail/javax.mail-api/1.5.5/javax.mail-api-1.5.5.jar:, java.class.version=52.0, java.specification.name=Java Platform API Specification, hibernate.connection.pool_size=100, sun.management.compiler=HotSpot 64-Bit Tiered Compilers, os.version=4.4.0-116-generic, user.home=/root, user.timezone=Etc/UTC, java.awt.printerjob=sun.print.PSPrinterJob, file.encoding=UTF-8, java.specification.version=1.8, hibernate.connection.driver_class=com.mysql.jdbc.Driver, show_sql=true, user.name=root, java.class.path=/var/lib/jenkins/workspace/iTrust-Fuzz-Job/iTrust2-v2/iTrust/iTrust2/target/test-classes:/var/lib/jenkins/workspace/iTrust-Fuzz-Job/iTrust2-v2/iTrust/iTrust2/target/classes:/root/.m2/repository/javax/servlet/jsp/jstl/javax.servlet.jsp.jstl-api/1.2.1/javax.servlet.jsp.jstl-api-1.2.1.jar:/root/.m2/repository/javax/validation/validation-api/1.1.0.Final/validation-api-1.1.0.Final.jar:/root/.m2/repository/org/hibernate/hibernate-validator/5.4.1.Final/hibernate-validator-5.4.1.Final.jar:/root/.m2/repository/org/jboss/logging/jboss-logging/3.3.0.Final/jboss-logging-3.3.0.Final.jar:/root/.m2/repository/com/fasterxml/classmate/1.3.1/classmate-1.3.1.jar:/root/.m2/repository/org/slf4j/jcl-over-slf4j/1.7.7/jcl-over-slf4j-1.7.7.jar:/root/.m2/repository/org/slf4j/jul-to-slf4j/1.7.7/jul-to-slf4j-1.7.7.jar:/root/.m2/repository/org/slf4j/log4j-over-slf4j/1.7.7/log4j-over-slf4j-1.7.7.jar:/root/.m2/repository/org/slf4j/slf4j-api/1.7.7/slf4j-api-1.7.7.jar:/root/.m2/repository/org/springframework/security/spring-security-config/4.2.2.RELEASE/spring-security-config-4.2.2.RELEASE.jar:/root/.m2/repository/aopalliance/aopalliance/1.0/aopalliance-1.0.jar:/root/.m2/repository/org/springframework/spring-aop/4.3.5.RELEASE/spring-aop-4.3.5.RELEASE.jar:/root/.m2/repository/org/springframework/spring-beans/4.3.5.RELEASE/spring-beans-4.3.5.RELEASE.jar:/root/.m2/repository/org/springframework/spring-context/4.3.5.RELEASE/spring-context-4.3.5.RELEASE.jar:/root/.m2/repository/org/springframework/spring-core/4.3.5.RELEASE/spring-core-4.3.5.RELEASE.jar:/root/.m2/repository/org/springframework/security/spring-security-core/4.2.2.RELEASE/spring-security-core-4.2.2.RELEASE.jar:/root/.m2/repository/org/springframework/spring-expression/4.3.5.RELEASE/spring-expression-4.3.5.RELEASE.jar:/root/.m2/repository/org/springframework/security/spring-security-web/4.2.2.RELEASE/spring-security-web-4.2.2.RELEASE.jar:/root/.m2/repository/org/springframework/spring-web/4.3.5.RELEASE/spring-web-4.3.5.RELEASE.jar:/root/.m2/repository/org/springframework/spring-jdbc/4.3.5.RELEASE/spring-jdbc-4.3.5.RELEASE.jar:/root/.m2/repository/org/springframework/spring-tx/4.3.5.RELEASE/spring-tx-4.3.5.RELEASE.jar:/root/.m2/repository/javax/el/javax.el-api/2.2.4/javax.el-api-2.2.4.jar:/root/.m2/repository/org/glassfish/javax.el/3.0.1-b08/javax.el-3.0.1-b08.jar:/root/.m2/repository/org/springframework/spring-webmvc/4.3.5.RELEASE/spring-webmvc-4.3.5.RELEASE.jar:/root/.m2/repository/commons-logging/commons-logging/1.2/commons-logging-1.2.jar:/root/.m2/repository/javax/servlet/jsp/jsp-api/2.1/jsp-api-2.1.jar:/root/.m2/repository/javax/servlet/javax.servlet-api/3.0.1/javax.servlet-api-3.0.1.jar:/root/.m2/repository/cglib/cglib-nodep/3.1/cglib-nodep-3.1.jar:/root/.m2/repository/ch/qos/logback/logback-classic/1.1.2/logback-classic-1.1.2.jar:/root/.m2/repository/ch/qos/logback/logback-core/1.1.2/logback-core-1.1.2.jar:/root/.m2/repository/opensymphony/sitemesh/2.4.2/sitemesh-2.4.2.jar:/root/.m2/repository/junit/junit/4.12/junit-4.12.jar:/root/.m2/repository/org/assertj/assertj-core/2.2.0/assertj-core-2.2.0.jar:/root/.m2/repository/org/mockito/mockito-core/1.10.19/mockito-core-1.10.19.jar:/root/.m2/repository/org/objenesis/objenesis/2.1/objenesis-2.1.jar:/root/.m2/repository/org/springframework/security/spring-security-test/4.2.2.RELEASE/spring-security-test-4.2.2.RELEASE.jar:/root/.m2/repository/org/springframework/spring-test/4.3.5.RELEASE/spring-test-4.3.5.RELEASE.jar:/root/.m2/repository/mysql/mysql-connector-java/5.1.40/mysql-connector-java-5.1.40.jar:/root/.m2/repository/org/springframework/spring-orm/4.3.5.RELEASE/spring-orm-4.3.5.RELEASE.jar:/root/.m2/repository/org/springframework/data/spring-data-jpa/1.10.2.RELEASE/spring-data-jpa-1.10.2.RELEASE.jar:/root/.m2/repository/org/springframework/data/spring-data-commons/1.12.2.RELEASE/spring-data-commons-1.12.2.RELEASE.jar:/root/.m2/repository/org/aspectj/aspectjrt/1.8.9/aspectjrt-1.8.9.jar:/root/.m2/repository/org/thymeleaf/thymeleaf/3.0.0.RELEASE/thymeleaf-3.0.0.RELEASE.jar:/root/.m2/repository/ognl/ognl/3.1.3/ognl-3.1.3.jar:/root/.m2/repository/org/javassist/javassist/3.20.0-GA/javassist-3.20.0-GA.jar:/root/.m2/repository/org/attoparser/attoparser/2.0.0.RELEASE/attoparser-2.0.0.RELEASE.jar:/root/.m2/repository/org/unbescape/unbescape/1.1.3.RELEASE/unbescape-1.1.3.RELEASE.jar:/root/.m2/repository/org/thymeleaf/thymeleaf-spring4/3.0.2.RELEASE/thymeleaf-spring4-3.0.2.RELEASE.jar:/root/.m2/repository/org/thymeleaf/extras/thymeleaf-extras-tiles2-spring4/2.1.1.RELEASE/thymeleaf-extras-tiles2-spring4-2.1.1.RELEASE.jar:/root/.m2/repository/org/thymeleaf/extras/thymeleaf-extras-tiles2/2.1.1.RELEASE/thymeleaf-extras-tiles2-2.1.1.RELEASE.jar:/root/.m2/repository/org/apache/tiles/tiles-core/2.2.2/tiles-core-2.2.2.jar:/root/.m2/repository/org/apache/tiles/tiles-api/2.2.2/tiles-api-2.2.2.jar:/root/.m2/repository/commons-digester/commons-digester/2.0/commons-digester-2.0.jar:/root/.m2/repository/commons-beanutils/commons-beanutils/1.8.0/commons-beanutils-1.8.0.jar:/root/.m2/repository/org/apache/tiles/tiles-template/2.2.2/tiles-template-2.2.2.jar:/root/.m2/repository/org/apache/tiles/tiles-servlet/2.2.2/tiles-servlet-2.2.2.jar:/root/.m2/repository/org/apache/tiles/tiles-jsp/2.2.2/tiles-jsp-2.2.2.jar:/root/.m2/repository/org/hibernate/hibernate-entitymanager/5.0.11.Final/hibernate-entitymanager-5.0.11.Final.jar:/root/.m2/repository/org/hibernate/hibernate-core/5.0.11.Final/hibernate-core-5.0.11.Final.jar:/root/.m2/repository/antlr/antlr/2.7.7/antlr-2.7.7.jar:/root/.m2/repository/org/jboss/jandex/2.0.0.Final/jandex-2.0.0.Final.jar:/root/.m2/repository/dom4j/dom4j/1.6.1/dom4j-1.6.1.jar:/root/.m2/repository/org/hibernate/common/hibernate-commons-annotations/5.0.1.Final/hibernate-commons-annotations-5.0.1.Final.jar:/root/.m2/repository/org/hibernate/javax/persistence/hibernate-jpa-2.1-api/1.0.0.Final/hibernate-jpa-2.1-api-1.0.0.Final.jar:/root/.m2/repository/org/apache/geronimo/specs/geronimo-jta_1.1_spec/1.1.1/geronimo-jta_1.1_spec-1.1.1.jar:/root/.m2/repository/org/seleniumhq/selenium/selenium-java/2.53.1/selenium-java-2.53.1.jar:/root/.m2/repository/org/seleniumhq/selenium/selenium-chrome-driver/2.53.1/selenium-chrome-driver-2.53.1.jar:/root/.m2/repository/org/seleniumhq/selenium/selenium-remote-driver/2.53.1/selenium-remote-driver-2.53.1.jar:/root/.m2/repository/org/seleniumhq/selenium/selenium-api/2.53.1/selenium-api-2.53.1.jar:/root/.m2/repository/com/google/guava/guava/19.0/guava-19.0.jar:/root/.m2/repository/org/seleniumhq/selenium/selenium-edge-driver/2.53.1/selenium-edge-driver-2.53.1.jar:/root/.m2/repository/org/apache/commons/commons-exec/1.3/commons-exec-1.3.jar:/root/.m2/repository/org/seleniumhq/selenium/selenium-firefox-driver/2.53.1/selenium-firefox-driver-2.53.1.jar:/root/.m2/repository/org/seleniumhq/selenium/selenium-ie-driver/2.53.1/selenium-ie-driver-2.53.1.jar:/root/.m2/repository/net/java/dev/jna/jna/4.1.0/jna-4.1.0.jar:/root/.m2/repository/net/java/dev/jna/jna-platform/4.1.0/jna-platform-4.1.0.jar:/root/.m2/repository/org/seleniumhq/selenium/selenium-safari-driver/2.53.1/selenium-safari-driver-2.53.1.jar:/root/.m2/repository/io/netty/netty/3.5.7.Final/netty-3.5.7.Final.jar:/root/.m2/repository/org/seleniumhq/selenium/selenium-support/2.53.1/selenium-support-2.53.1.jar:/root/.m2/repository/org/seleniumhq/selenium/selenium-leg-rc/2.53.1/selenium-leg-rc-2.53.1.jar:/root/.m2/repository/org/seleniumhq/selenium/htmlunit-driver/2.21/htmlunit-driver-2.21.jar:/root/.m2/repository/net/sourceforge/htmlunit/htmlunit/2.21/htmlunit-2.21.jar:/root/.m2/repository/xalan/xalan/2.7.2/xalan-2.7.2.jar:/root/.m2/repository/xalan/serializer/2.7.2/serializer-2.7.2.jar:/root/.m2/repository/org/apache/httpcomponents/httpmime/4.5.2/httpmime-4.5.2.jar:/root/.m2/repository/commons-codec/commons-codec/1.10/commons-codec-1.10.jar:/root/.m2/repository/net/sourceforge/htmlunit/htmlunit-core-js/2.17/htmlunit-core-js-2.17.jar:/root/.m2/repository/net/sourceforge/htmlunit/neko-htmlunit/2.21/neko-htmlunit-2.21.jar:/root/.m2/repository/xerces/xercesImpl/2.11.0/xercesImpl-2.11.0.jar:/root/.m2/repository/net/sourceforge/cssparser/cssparser/0.9.18/cssparser-0.9.18.jar:/root/.m2/repository/org/w3c/css/sac/1.3/sac-1.3.jar:/root/.m2/repository/org/eclipse/jetty/websocket/websocket-client/9.2.15.v20160210/websocket-client-9.2.15.v20160210.jar:/root/.m2/repository/org/eclipse/jetty/jetty-util/9.2.15.v20160210/jetty-util-9.2.15.v20160210.jar:/root/.m2/repository/org/eclipse/jetty/jetty-io/9.2.15.v20160210/jetty-io-9.2.15.v20160210.jar:/root/.m2/repository/org/eclipse/jetty/websocket/websocket-common/9.2.15.v20160210/websocket-common-9.2.15.v20160210.jar:/root/.m2/repository/org/eclipse/jetty/websocket/websocket-api/9.2.15.v20160210/websocket-api-9.2.15.v20160210.jar:/root/.m2/repository/commons-collections/commons-collections/3.2.2/commons-collections-3.2.2.jar:/root/.m2/repository/io/github/bonigarcia/webdrivermanager/1.7.2/webdrivermanager-1.7.2.jar:/root/.m2/repository/commons-io/commons-io/2.5/commons-io-2.5.jar:/root/.m2/repository/com/typesafe/config/1.2.1/config-1.2.1.jar:/root/.m2/repository/org/apache/commons/commons-lang3/3.5/commons-lang3-3.5.jar:/root/.m2/repository/org/apache/httpcomponents/httpclient/4.5.3/httpclient-4.5.3.jar:/root/.m2/repository/org/apache/httpcomponents/httpcore/4.4.6/httpcore-4.4.6.jar:/root/.m2/repository/org/rauschig/jarchivelib/0.7.1/jarchivelib-0.7.1.jar:/root/.m2/repository/org/apache/commons/commons-compress/1.9/commons-compress-1.9.jar:/root/.m2/repository/org/jsoup/jsoup/1.10.2/jsoup-1.10.2.jar:/root/.m2/repository/xml-apis/xml-apis/1.4.01/xml-apis-1.4.01.jar:/root/.m2/repository/info/cukes/cucumber-core/1.2.4/cucumber-core-1.2.4.jar:/root/.m2/repository/info/cukes/gherkin/2.12.2/gherkin-2.12.2.jar:/root/.m2/repository/info/cukes/cucumber-html/0.2.3/cucumber-html-0.2.3.jar:/root/.m2/repository/info/cukes/cucumber-java/1.2.4/cucumber-java-1.2.4.jar:/root/.m2/repository/info/cukes/cucumber-jvm-deps/1.0.5/cucumber-jvm-deps-1.0.5.jar:/root/.m2/repository/info/cukes/cucumber-picocontainer/1.2.4/cucumber-picocontainer-1.2.4.jar:/root/.m2/repository/org/picocontainer/picocontainer/2.15/picocontainer-2.15.jar:/root/.m2/repository/info/cukes/cucumber-junit/1.2.4/cucumber-junit-1.2.4.jar:/root/.m2/repository/org/springframework/webflow/spring-binding/2.4.4.RELEASE/spring-binding-2.4.4.RELEASE.jar:/root/.m2/repository/opensymphony/ognl/2.6.11/ognl-2.6.11.jar:/root/.m2/repository/org/springframework/webflow/spring-webflow/2.4.4.RELEASE/spring-webflow-2.4.4.RELEASE.jar:/root/.m2/repository/org/springframework/webflow/spring-js/2.4.4.RELEASE/spring-js-2.4.4.RELEASE.jar:/root/.m2/repository/org/springframework/webflow/spring-js-resources/2.4.4.RELEASE/spring-js-resources-2.4.4.RELEASE.jar:/root/.m2/repository/com/google/code/gson/gson/2.8.0/gson-2.8.0.jar:/root/.m2/repository/org/hamcrest/hamcrest-core/1.3/hamcrest-core-1.3.jar:/root/.m2/repository/org/hamcrest/hamcrest-library/1.3/hamcrest-library-1.3.jar:/root/.m2/repository/com/jayway/jsonpath/json-path-assert/2.2.0/json-path-assert-2.2.0.jar:/root/.m2/repository/com/jayway/jsonpath/json-path/2.2.0/json-path-2.2.0.jar:/root/.m2/repository/net/minidev/json-smart/2.2.1/json-smart-2.2.1.jar:/root/.m2/repository/net/minidev/accessors-smart/1.1/accessors-smart-1.1.jar:/root/.m2/repository/org/ow2/asm/asm/5.0.3/asm-5.0.3.jar:/root/.m2/repository/org/springframework/session/spring-session/1.2.1.RELEASE/spring-session-1.2.1.RELEASE.jar:/root/.m2/repository/javax/mail/mail/1.4.7/mail-1.4.7.jar:/root/.m2/repository/javax/activation/activation/1.1/activation-1.1.jar:/root/.m2/repository/javax/mail/javax.mail-api/1.5.5/javax.mail-api-1.5.5.jar:, hibernate.bytecode.use_reflection_optimizer=false, hibernate.show_sql=true, java.vm.specification.version=1.8, sun.arch.data.model=64, sun.java.command=/var/lib/jenkins/workspace/iTrust-Fuzz-Job/iTrust2-v2/iTrust/iTrust2/target/surefire/surefirebooter983098133791327763.jar /var/lib/jenkins/workspace/iTrust-Fuzz-Job/iTrust2-v2/iTrust/iTrust2/target/surefire 2018-03-21T20-26-47_181-jvmRun1 surefire3953631934518994618tmp surefire_0785562958732437837tmp, java.home=/usr/lib/jvm/java-8-oracle/jre, hibernate.connection.url=jdbc:mysql://localhost:3306/iTrust2?createDatabaseIfNotExist=true, hibernate.dialect=org.hibernate.dialect.MySQLDialect, user.language=en, java.specification.vendor=Oracle Corporation, awt.toolkit=sun.awt.X11.XToolkit, java.vm.info=mixed mode, java.version=1.8.0_161, java.ext.dirs=/usr/lib/jvm/java-8-oracle/jre/lib/ext:/usr/java/packages/lib/ext, sun.boot.class.path=/usr/lib/jvm/java-8-oracle/jre/lib/resources.jar:/usr/lib/jvm/java-8-oracle/jre/lib/rt.jar:/usr/lib/jvm/java-8-oracle/jre/lib/sunrsasign.jar:/usr/lib/jvm/java-8-oracle/jre/lib/jsse.jar:/usr/lib/jvm/java-8-oracle/jre/lib/jce.jar:/usr/lib/jvm/java-8-oracle/jre/lib/charsets.jar:/usr/lib/jvm/java-8-oracle/jre/lib/jfr.jar:/usr/lib/jvm/java-8-oracle/jre/classes, java.vendor=Oracle Corporation, localRepository=/root/.m2/repository, file.separator=/, java.vendor.url.bug=http://bugreport.sun.com/bugreport/, hibernate.hbm2ddl.auto=update, sun.io.unicode.encoding=UnicodeLittle, sun.cpu.endian=little, sun.cpu.isalist=}
20:26:59.563 [main] DEBUG o.h.v.i.e.r.DefaultTraversableResolver - Found javax.persistence.Persistence on classpath containing 'getPersistenceUtil'. Assuming JPA 2 environment. Trying to instantiate JPA aware TraversableResolver
20:26:59.564 [main] DEBUG o.h.v.i.e.r.DefaultTraversableResolver - Instantiated JPA aware TraversableResolver of type org.hibernate.validator.internal.engine.resolver.JPATraversableResolver.
20:26:59.564 [main] DEBUG o.h.v.i.xml.ValidationXmlParser - Trying to load META-INF/validation.xml for XML based Validator configuration.
20:26:59.564 [main] DEBUG o.h.v.i.xml.ResourceLoaderHelper - Trying to load META-INF/validation.xml via TCCL
20:26:59.564 [main] DEBUG o.h.v.i.xml.ResourceLoaderHelper - Trying to load META-INF/validation.xml via Hibernate Validator's class loader
20:26:59.565 [main] DEBUG o.h.v.i.xml.ValidationXmlParser - No META-INF/validation.xml found. Using annotation based configuration only.
20:26:59.572 [main] DEBUG o.h.b.internal.ClassLoaderAccessImpl - Not known whether passed class name [edu.ncsu.csc.itrust2.models.persistent.Personnel] is safe
20:26:59.572 [main] DEBUG o.h.b.internal.ClassLoaderAccessImpl - No temp ClassLoader provided; using live ClassLoader for loading potentially unsafe class : edu.ncsu.csc.itrust2.models.persistent.Personnel
20:26:59.686 [main] DEBUG o.h.b.internal.ClassLoaderAccessImpl - Not known whether passed class name [edu.ncsu.csc.itrust2.models.persistent.BasicHealthMetrics] is safe
20:26:59.686 [main] DEBUG o.h.b.internal.ClassLoaderAccessImpl - No temp ClassLoader provided; using live ClassLoader for loading potentially unsafe class : edu.ncsu.csc.itrust2.models.persistent.BasicHealthMetrics
20:26:59.718 [main] DEBUG o.h.b.internal.ClassLoaderAccessImpl - Not known whether passed class name [edu.ncsu.csc.itrust2.models.persistent.LoginAttempt] is safe
20:26:59.718 [main] DEBUG o.h.b.internal.ClassLoaderAccessImpl - No temp ClassLoader provided; using live ClassLoader for loading potentially unsafe class : edu.ncsu.csc.itrust2.models.persistent.LoginAttempt
20:26:59.727 [main] DEBUG o.h.b.internal.ClassLoaderAccessImpl - Not known whether passed class name [edu.ncsu.csc.itrust2.models.persistent.Patient] is safe
20:26:59.728 [main] DEBUG o.h.b.internal.ClassLoaderAccessImpl - No temp ClassLoader provided; using live ClassLoader for loading potentially unsafe class : edu.ncsu.csc.itrust2.models.persistent.Patient
20:26:59.751 [main] DEBUG o.h.b.internal.ClassLoaderAccessImpl - Not known whether passed class name [edu.ncsu.csc.itrust2.models.persistent.ICDCode] is safe
20:26:59.751 [main] DEBUG o.h.b.internal.ClassLoaderAccessImpl - No temp ClassLoader provided; using live ClassLoader for loading potentially unsafe class : edu.ncsu.csc.itrust2.models.persistent.ICDCode
20:26:59.756 [main] DEBUG o.h.b.internal.ClassLoaderAccessImpl - Not known whether passed class name [edu.ncsu.csc.itrust2.models.persistent.AppointmentRequest] is safe
20:26:59.758 [main] DEBUG o.h.b.internal.ClassLoaderAccessImpl - No temp ClassLoader provided; using live ClassLoader for loading potentially unsafe class : edu.ncsu.csc.itrust2.models.persistent.AppointmentRequest
20:26:59.762 [main] DEBUG o.h.b.internal.ClassLoaderAccessImpl - Not known whether passed class name [edu.ncsu.csc.itrust2.models.persistent.LoginBan] is safe
20:26:59.765 [main] DEBUG o.h.b.internal.ClassLoaderAccessImpl - No temp ClassLoader provided; using live ClassLoader for loading potentially unsafe class : edu.ncsu.csc.itrust2.models.persistent.LoginBan
20:26:59.771 [main] DEBUG o.h.b.internal.ClassLoaderAccessImpl - Not known whether passed class name [edu.ncsu.csc.itrust2.models.persistent.LogEntry] is safe
20:26:59.772 [main] DEBUG o.h.b.internal.ClassLoaderAccessImpl - No temp ClassLoader provided; using live ClassLoader for loading potentially unsafe class : edu.ncsu.csc.itrust2.models.persistent.LogEntry
20:26:59.783 [main] DEBUG o.h.b.internal.ClassLoaderAccessImpl - Not known whether passed class name [edu.ncsu.csc.itrust2.models.persistent.LoginLockout] is safe
20:26:59.784 [main] DEBUG o.h.b.internal.ClassLoaderAccessImpl - No temp ClassLoader provided; using live ClassLoader for loading potentially unsafe class : edu.ncsu.csc.itrust2.models.persistent.LoginLockout
20:26:59.786 [main] DEBUG o.h.b.internal.ClassLoaderAccessImpl - Not known whether passed class name [edu.ncsu.csc.itrust2.models.persistent.OfficeVisit] is safe
20:26:59.786 [main] DEBUG o.h.b.internal.ClassLoaderAccessImpl - No temp ClassLoader provided; using live ClassLoader for loading potentially unsafe class : edu.ncsu.csc.itrust2.models.persistent.OfficeVisit
20:26:59.800 [main] DEBUG o.h.b.internal.ClassLoaderAccessImpl - Not known whether passed class name [edu.ncsu.csc.itrust2.models.persistent.Drug] is safe
20:26:59.800 [main] DEBUG o.h.b.internal.ClassLoaderAccessImpl - No temp ClassLoader provided; using live ClassLoader for loading potentially unsafe class : edu.ncsu.csc.itrust2.models.persistent.Drug
20:26:59.813 [main] DEBUG o.h.v.i.m.d.ConstraintDescriptorImpl - Adding composing constraint: ConstraintDescriptorImpl{annotation=javax.validation.constraints.NotNull, payloads=[], hasComposingConstraints=true, isReportAsSingleInvalidConstraint=false, elementType=FIELD, definedOn=DEFINED_LOCALLY, groups=[interface javax.validation.groups.Default], attributes={message={javax.validation.constraints.NotNull.message}, payload=[Ljava.lang.Class;@5e90250b, groups=[Ljava.lang.Class;@6c9ad5ce}, constraintType=GENERIC}.
20:26:59.817 [main] DEBUG o.h.v.i.m.d.ConstraintDescriptorImpl - Adding composing constraint: ConstraintDescriptorImpl{annotation=javax.validation.constraints.Size, payloads=[], hasComposingConstraints=true, isReportAsSingleInvalidConstraint=false, elementType=FIELD, definedOn=DEFINED_LOCALLY, groups=[interface javax.validation.groups.Default], attributes={groups=[Ljava.lang.Class;@488f8954, min=1, message={javax.validation.constraints.Size.message}, payload=[Ljava.lang.Class;@7ed3f0f5, max=2147483647}, constraintType=GENERIC}.
20:26:59.825 [main] DEBUG o.h.b.internal.ClassLoaderAccessImpl - Not known whether passed class name [edu.ncsu.csc.itrust2.models.persistent.Diagnosis] is safe
20:26:59.829 [main] DEBUG o.h.b.internal.ClassLoaderAccessImpl - No temp ClassLoader provided; using live ClassLoader for loading potentially unsafe class : edu.ncsu.csc.itrust2.models.persistent.Diagnosis
20:26:59.835 [main] DEBUG o.h.b.internal.ClassLoaderAccessImpl - Not known whether passed class name [edu.ncsu.csc.itrust2.models.persistent.User] is safe
20:26:59.837 [main] DEBUG o.h.b.internal.ClassLoaderAccessImpl - No temp ClassLoader provided; using live ClassLoader for loading potentially unsafe class : edu.ncsu.csc.itrust2.models.persistent.User
20:26:59.841 [main] DEBUG o.h.b.internal.ClassLoaderAccessImpl - Not known whether passed class name [edu.ncsu.csc.itrust2.models.persistent.Hospital] is safe
20:26:59.846 [main] DEBUG o.h.b.internal.ClassLoaderAccessImpl - No temp ClassLoader provided; using live ClassLoader for loading potentially unsafe class : edu.ncsu.csc.itrust2.models.persistent.Hospital
20:26:59.846 [main] DEBUG o.h.v.i.m.d.ConstraintDescriptorImpl - Adding composing constraint: ConstraintDescriptorImpl{annotation=javax.validation.constraints.NotNull, payloads=[], hasComposingConstraints=true, isReportAsSingleInvalidConstraint=false, elementType=FIELD, definedOn=DEFINED_LOCALLY, groups=[interface javax.validation.groups.Default], attributes={message={javax.validation.constraints.NotNull.message}, payload=[Ljava.lang.Class;@1ec3e550, groups=[Ljava.lang.Class;@45583e3a}, constraintType=GENERIC}.
20:26:59.847 [main] DEBUG o.h.v.i.m.d.ConstraintDescriptorImpl - Adding composing constraint: ConstraintDescriptorImpl{annotation=javax.validation.constraints.Size, payloads=[], hasComposingConstraints=true, isReportAsSingleInvalidConstraint=false, elementType=FIELD, definedOn=DEFINED_LOCALLY, groups=[interface javax.validation.groups.Default], attributes={groups=[Ljava.lang.Class;@35d76fa, min=1, message={javax.validation.constraints.Size.message}, payload=[Ljava.lang.Class;@1d4719dc, max=2147483647}, constraintType=GENERIC}.
20:26:59.848 [main] DEBUG o.h.v.i.m.d.ConstraintDescriptorImpl - Adding composing constraint: ConstraintDescriptorImpl{annotation=javax.validation.constraints.NotNull, payloads=[], hasComposingConstraints=true, isReportAsSingleInvalidConstraint=false, elementType=FIELD, definedOn=DEFINED_LOCALLY, groups=[interface javax.validation.groups.Default], attributes={message={javax.validation.constraints.NotNull.message}, payload=[Ljava.lang.Class;@1caf9641, groups=[Ljava.lang.Class;@1882d200}, constraintType=GENERIC}.
20:26:59.850 [main] DEBUG o.h.v.i.m.d.ConstraintDescriptorImpl - Adding composing constraint: ConstraintDescriptorImpl{annotation=javax.validation.constraints.Size, payloads=[], hasComposingConstraints=true, isReportAsSingleInvalidConstraint=false, elementType=FIELD, definedOn=DEFINED_LOCALLY, groups=[interface javax.validation.groups.Default], attributes={groups=[Ljava.lang.Class;@70808d4c, min=1, message={javax.validation.constraints.Size.message}, payload=[Ljava.lang.Class;@552cf379, max=2147483647}, constraintType=GENERIC}.
20:26:59.851 [main] DEBUG o.h.v.i.m.d.ConstraintDescriptorImpl - Adding composing constraint: ConstraintDescriptorImpl{annotation=javax.validation.constraints.NotNull, payloads=[], hasComposingConstraints=true, isReportAsSingleInvalidConstraint=false, elementType=FIELD, definedOn=DEFINED_LOCALLY, groups=[interface javax.validation.groups.Default], attributes={message={javax.validation.constraints.NotNull.message}, payload=[Ljava.lang.Class;@35517a03, groups=[Ljava.lang.Class;@3bcdbc7b}, constraintType=GENERIC}.
20:26:59.851 [main] DEBUG o.h.v.i.m.d.ConstraintDescriptorImpl - Adding composing constraint: ConstraintDescriptorImpl{annotation=javax.validation.constraints.Size, payloads=[], hasComposingConstraints=true, isReportAsSingleInvalidConstraint=false, elementType=FIELD, definedOn=DEFINED_LOCALLY, groups=[interface javax.validation.groups.Default], attributes={groups=[Ljava.lang.Class;@4f53aca3, min=1, message={javax.validation.constraints.Size.message}, payload=[Ljava.lang.Class;@7dd6390b, max=2147483647}, constraintType=GENERIC}.
20:26:59.855 [main] DEBUG o.h.b.internal.ClassLoaderAccessImpl - Not known whether passed class name [edu.ncsu.csc.itrust2.models.persistent.PasswordResetToken] is safe
20:26:59.861 [main] DEBUG o.h.b.internal.ClassLoaderAccessImpl - No temp ClassLoader provided; using live ClassLoader for loading potentially unsafe class : edu.ncsu.csc.itrust2.models.persistent.PasswordResetToken
20:26:59.866 [main] DEBUG o.h.b.internal.ClassLoaderAccessImpl - Not known whether passed class name [edu.ncsu.csc.itrust2.models.persistent.Prescription] is safe
20:26:59.866 [main] DEBUG o.h.b.internal.ClassLoaderAccessImpl - No temp ClassLoader provided; using live ClassLoader for loading potentially unsafe class : edu.ncsu.csc.itrust2.models.persistent.Prescription
20:26:59.881 [main] DEBUG o.h.secure.spi.JaccIntegrator - Skipping JACC integration as it was not enabled
20:26:59.944 [main] DEBUG o.h.b.internal.ClassLoaderAccessImpl - Not known whether passed class name [edu.ncsu.csc.itrust2.models.persistent.Personnel] is safe
20:26:59.945 [main] DEBUG o.h.b.internal.ClassLoaderAccessImpl - No temp ClassLoader provided; using live ClassLoader for loading potentially unsafe class : edu.ncsu.csc.itrust2.models.persistent.Personnel
20:26:59.956 [main] DEBUG o.h.b.internal.ClassLoaderAccessImpl - Not known whether passed class name [edu.ncsu.csc.itrust2.models.persistent.Personnel] is safe
20:26:59.956 [main] DEBUG o.h.b.internal.ClassLoaderAccessImpl - No temp ClassLoader provided; using live ClassLoader for loading potentially unsafe class : edu.ncsu.csc.itrust2.models.persistent.Personnel
20:27:00.122 [main] DEBUG o.h.b.internal.ClassLoaderAccessImpl - Not known whether passed class name [edu.ncsu.csc.itrust2.models.persistent.BasicHealthMetrics] is safe
20:27:00.123 [main] DEBUG o.h.b.internal.ClassLoaderAccessImpl - No temp ClassLoader provided; using live ClassLoader for loading potentially unsafe class : edu.ncsu.csc.itrust2.models.persistent.BasicHealthMetrics
20:27:00.124 [main] DEBUG o.h.b.internal.ClassLoaderAccessImpl - Not known whether passed class name [edu.ncsu.csc.itrust2.models.persistent.BasicHealthMetrics] is safe
20:27:00.124 [main] DEBUG o.h.b.internal.ClassLoaderAccessImpl - No temp ClassLoader provided; using live ClassLoader for loading potentially unsafe class : edu.ncsu.csc.itrust2.models.persistent.BasicHealthMetrics
20:27:00.152 [main] DEBUG o.h.b.internal.ClassLoaderAccessImpl - Not known whether passed class name [edu.ncsu.csc.itrust2.models.persistent.LoginAttempt] is safe
20:27:00.152 [main] DEBUG o.h.b.internal.ClassLoaderAccessImpl - No temp ClassLoader provided; using live ClassLoader for loading potentially unsafe class : edu.ncsu.csc.itrust2.models.persistent.LoginAttempt
20:27:00.152 [main] DEBUG o.h.b.internal.ClassLoaderAccessImpl - Not known whether passed class name [edu.ncsu.csc.itrust2.models.persistent.LoginAttempt] is safe
20:27:00.152 [main] DEBUG o.h.b.internal.ClassLoaderAccessImpl - No temp ClassLoader provided; using live ClassLoader for loading potentially unsafe class : edu.ncsu.csc.itrust2.models.persistent.LoginAttempt
20:27:00.170 [main] DEBUG o.h.b.internal.ClassLoaderAccessImpl - Not known whether passed class name [edu.ncsu.csc.itrust2.models.persistent.Patient] is safe
20:27:00.170 [main] DEBUG o.h.b.internal.ClassLoaderAccessImpl - No temp ClassLoader provided; using live ClassLoader for loading potentially unsafe class : edu.ncsu.csc.itrust2.models.persistent.Patient
20:27:00.193 [main] DEBUG o.h.b.internal.ClassLoaderAccessImpl - Not known whether passed class name [edu.ncsu.csc.itrust2.models.persistent.ICDCode] is safe
20:27:00.193 [main] DEBUG o.h.b.internal.ClassLoaderAccessImpl - No temp ClassLoader provided; using live ClassLoader for loading potentially unsafe class : edu.ncsu.csc.itrust2.models.persistent.ICDCode
20:27:00.194 [main] DEBUG o.h.b.internal.ClassLoaderAccessImpl - Not known whether passed class name [edu.ncsu.csc.itrust2.models.persistent.ICDCode] is safe
20:27:00.194 [main] DEBUG o.h.b.internal.ClassLoaderAccessImpl - No temp ClassLoader provided; using live ClassLoader for loading potentially unsafe class : edu.ncsu.csc.itrust2.models.persistent.ICDCode
20:27:00.200 [main] DEBUG o.h.b.internal.ClassLoaderAccessImpl - Not known whether passed class name [edu.ncsu.csc.itrust2.models.persistent.AppointmentRequest] is safe
20:27:00.200 [main] DEBUG o.h.b.internal.ClassLoaderAccessImpl - No temp ClassLoader provided; using live ClassLoader for loading potentially unsafe class : edu.ncsu.csc.itrust2.models.persistent.AppointmentRequest
20:27:00.200 [main] DEBUG o.h.b.internal.ClassLoaderAccessImpl - Not known whether passed class name [edu.ncsu.csc.itrust2.models.persistent.AppointmentRequest] is safe
20:27:00.200 [main] DEBUG o.h.b.internal.ClassLoaderAccessImpl - No temp ClassLoader provided; using live ClassLoader for loading potentially unsafe class : edu.ncsu.csc.itrust2.models.persistent.AppointmentRequest
20:27:00.205 [main] DEBUG o.h.b.internal.ClassLoaderAccessImpl - Not known whether passed class name [edu.ncsu.csc.itrust2.models.persistent.LoginBan] is safe
20:27:00.205 [main] DEBUG o.h.b.internal.ClassLoaderAccessImpl - No temp ClassLoader provided; using live ClassLoader for loading potentially unsafe class : edu.ncsu.csc.itrust2.models.persistent.LoginBan
20:27:00.205 [main] DEBUG o.h.b.internal.ClassLoaderAccessImpl - Not known whether passed class name [edu.ncsu.csc.itrust2.models.persistent.LoginBan] is safe
20:27:00.205 [main] DEBUG o.h.b.internal.ClassLoaderAccessImpl - No temp ClassLoader provided; using live ClassLoader for loading potentially unsafe class : edu.ncsu.csc.itrust2.models.persistent.LoginBan
20:27:00.210 [main] DEBUG o.h.b.internal.ClassLoaderAccessImpl - Not known whether passed class name [edu.ncsu.csc.itrust2.models.persistent.LogEntry] is safe
20:27:00.210 [main] DEBUG o.h.b.internal.ClassLoaderAccessImpl - No temp ClassLoader provided; using live ClassLoader for loading potentially unsafe class : edu.ncsu.csc.itrust2.models.persistent.LogEntry
20:27:00.211 [main] DEBUG o.h.b.internal.ClassLoaderAccessImpl - Not known whether passed class name [edu.ncsu.csc.itrust2.models.persistent.LogEntry] is safe
20:27:00.211 [main] DEBUG o.h.b.internal.ClassLoaderAccessImpl - No temp ClassLoader provided; using live ClassLoader for loading potentially unsafe class : edu.ncsu.csc.itrust2.models.persistent.LogEntry
20:27:00.216 [main] DEBUG o.h.b.internal.ClassLoaderAccessImpl - Not known whether passed class name [edu.ncsu.csc.itrust2.models.persistent.LoginLockout] is safe
20:27:00.216 [main] DEBUG o.h.b.internal.ClassLoaderAccessImpl - No temp ClassLoader provided; using live ClassLoader for loading potentially unsafe class : edu.ncsu.csc.itrust2.models.persistent.LoginLockout
20:27:00.217 [main] DEBUG o.h.b.internal.ClassLoaderAccessImpl - Not known whether passed class name [edu.ncsu.csc.itrust2.models.persistent.LoginLockout] is safe
20:27:00.217 [main] DEBUG o.h.b.internal.ClassLoaderAccessImpl - No temp ClassLoader provided; using live ClassLoader for loading potentially unsafe class : edu.ncsu.csc.itrust2.models.persistent.LoginLockout
20:27:00.222 [main] DEBUG o.h.b.internal.ClassLoaderAccessImpl - Not known whether passed class name [edu.ncsu.csc.itrust2.models.persistent.OfficeVisit] is safe
20:27:00.222 [main] DEBUG o.h.b.internal.ClassLoaderAccessImpl - No temp ClassLoader provided; using live ClassLoader for loading potentially unsafe class : edu.ncsu.csc.itrust2.models.persistent.OfficeVisit
20:27:00.225 [main] DEBUG o.h.b.internal.ClassLoaderAccessImpl - Not known whether passed class name [edu.ncsu.csc.itrust2.models.persistent.OfficeVisit] is safe
20:27:00.225 [main] DEBUG o.h.b.internal.ClassLoaderAccessImpl - No temp ClassLoader provided; using live ClassLoader for loading potentially unsafe class : edu.ncsu.csc.itrust2.models.persistent.OfficeVisit
20:27:00.237 [main] DEBUG o.h.b.internal.ClassLoaderAccessImpl - Not known whether passed class name [edu.ncsu.csc.itrust2.models.persistent.Drug] is safe
20:27:00.242 [main] DEBUG o.h.b.internal.ClassLoaderAccessImpl - No temp ClassLoader provided; using live ClassLoader for loading potentially unsafe class : edu.ncsu.csc.itrust2.models.persistent.Drug
20:27:00.243 [main] DEBUG o.h.b.internal.ClassLoaderAccessImpl - Not known whether passed class name [edu.ncsu.csc.itrust2.models.persistent.Drug] is safe
20:27:00.243 [main] DEBUG o.h.b.internal.ClassLoaderAccessImpl - No temp ClassLoader provided; using live ClassLoader for loading potentially unsafe class : edu.ncsu.csc.itrust2.models.persistent.Drug
20:27:00.251 [main] DEBUG o.h.b.internal.ClassLoaderAccessImpl - Not known whether passed class name [edu.ncsu.csc.itrust2.models.persistent.Diagnosis] is safe
20:27:00.253 [main] DEBUG o.h.b.internal.ClassLoaderAccessImpl - No temp ClassLoader provided; using live ClassLoader for loading potentially unsafe class : edu.ncsu.csc.itrust2.models.persistent.Diagnosis
20:27:00.254 [main] DEBUG o.h.b.internal.ClassLoaderAccessImpl - Not known whether passed class name [edu.ncsu.csc.itrust2.models.persistent.Diagnosis] is safe
20:27:00.254 [main] DEBUG o.h.b.internal.ClassLoaderAccessImpl - No temp ClassLoader provided; using live ClassLoader for loading potentially unsafe class : edu.ncsu.csc.itrust2.models.persistent.Diagnosis
20:27:00.264 [main] DEBUG o.h.b.internal.ClassLoaderAccessImpl - Not known whether passed class name [edu.ncsu.csc.itrust2.models.persistent.User] is safe
20:27:00.264 [main] DEBUG o.h.b.internal.ClassLoaderAccessImpl - No temp ClassLoader provided; using live ClassLoader for loading potentially unsafe class : edu.ncsu.csc.itrust2.models.persistent.User
20:27:00.265 [main] DEBUG o.h.b.internal.ClassLoaderAccessImpl - Not known whether passed class name [edu.ncsu.csc.itrust2.models.persistent.User] is safe
20:27:00.265 [main] DEBUG o.h.b.internal.ClassLoaderAccessImpl - No temp ClassLoader provided; using live ClassLoader for loading potentially unsafe class : edu.ncsu.csc.itrust2.models.persistent.User
20:27:00.277 [main] DEBUG o.h.b.internal.ClassLoaderAccessImpl - Not known whether passed class name [edu.ncsu.csc.itrust2.models.persistent.Hospital] is safe
20:27:00.278 [main] DEBUG o.h.b.internal.ClassLoaderAccessImpl - No temp ClassLoader provided; using live ClassLoader for loading potentially unsafe class : edu.ncsu.csc.itrust2.models.persistent.Hospital
20:27:00.279 [main] DEBUG o.h.b.internal.ClassLoaderAccessImpl - Not known whether passed class name [edu.ncsu.csc.itrust2.models.persistent.Hospital] is safe
20:27:00.279 [main] DEBUG o.h.b.internal.ClassLoaderAccessImpl - No temp ClassLoader provided; using live ClassLoader for loading potentially unsafe class : edu.ncsu.csc.itrust2.models.persistent.Hospital
20:27:00.286 [main] DEBUG o.h.b.internal.ClassLoaderAccessImpl - Not known whether passed class name [edu.ncsu.csc.itrust2.models.persistent.PasswordResetToken] is safe
20:27:00.291 [main] DEBUG o.h.b.internal.ClassLoaderAccessImpl - No temp ClassLoader provided; using live ClassLoader for loading potentially unsafe class : edu.ncsu.csc.itrust2.models.persistent.PasswordResetToken
20:27:00.292 [main] DEBUG o.h.b.internal.ClassLoaderAccessImpl - Not known whether passed class name [edu.ncsu.csc.itrust2.models.persistent.PasswordResetToken] is safe
20:27:00.292 [main] DEBUG o.h.b.internal.ClassLoaderAccessImpl - No temp ClassLoader provided; using live ClassLoader for loading potentially unsafe class : edu.ncsu.csc.itrust2.models.persistent.PasswordResetToken
20:27:00.297 [main] DEBUG o.h.b.internal.ClassLoaderAccessImpl - Not known whether passed class name [edu.ncsu.csc.itrust2.models.persistent.Prescription] is safe
20:27:00.300 [main] DEBUG o.h.b.internal.ClassLoaderAccessImpl - No temp ClassLoader provided; using live ClassLoader for loading potentially unsafe class : edu.ncsu.csc.itrust2.models.persistent.Prescription
20:27:00.301 [main] DEBUG o.h.b.internal.ClassLoaderAccessImpl - Not known whether passed class name [edu.ncsu.csc.itrust2.models.persistent.Prescription] is safe
20:27:00.301 [main] DEBUG o.h.b.internal.ClassLoaderAccessImpl - No temp ClassLoader provided; using live ClassLoader for loading potentially unsafe class : edu.ncsu.csc.itrust2.models.persistent.Prescription
20:27:00.329 [main] DEBUG o.h.p.c.AbstractCollectionPersister - Static SQL for collection: edu.ncsu.csc.itrust2.models.persistent.OfficeVisit.prescriptions
20:27:00.329 [main] DEBUG o.h.p.c.AbstractCollectionPersister -  Row insert: update Prescriptions set prescriptions_id=? where id=?
20:27:00.329 [main] DEBUG o.h.p.c.AbstractCollectionPersister -  Row update: update Prescriptions set  where id=?
20:27:00.329 [main] DEBUG o.h.p.c.AbstractCollectionPersister -  Row delete: update Prescriptions set prescriptions_id=null where prescriptions_id=? and id=?
20:27:00.329 [main] DEBUG o.h.p.c.AbstractCollectionPersister -  One-shot delete: update Prescriptions set prescriptions_id=null where prescriptions_id=?
20:27:00.337 [main] DEBUG o.h.p.entity.AbstractEntityPersister - Static SQL for entity: edu.ncsu.csc.itrust2.models.persistent.Personnel
20:27:00.337 [main] DEBUG o.h.p.entity.AbstractEntityPersister -  Version select: select id from Personnel where id =?
20:27:00.337 [main] DEBUG o.h.p.entity.AbstractEntityPersister -  Snapshot select: select personnel_.id, personnel_.address1 as address2_13_, personnel_.address2 as address3_13_, personnel_.city as city4_13_, personnel_.email as email5_13_, personnel_.enabled as enabled6_13_, personnel_.firstName as firstNam7_13_, personnel_.lastName as lastName8_13_, personnel_.phone as phone9_13_, personnel_.self_id as self_id13_13_, personnel_.specialty as special10_13_, personnel_.state as state11_13_, personnel_.zip as zip12_13_ from Personnel personnel_ where personnel_.id=?
20:27:00.337 [main] DEBUG o.h.p.entity.AbstractEntityPersister -  Insert 0: insert into Personnel (address1, address2, city, email, enabled, firstName, lastName, phone, self_id, specialty, state, zip, id) values (?, ?, ?, ?, ?, ?, ?, ?, ?, ?, ?, ?, ?)
20:27:00.337 [main] DEBUG o.h.p.entity.AbstractEntityPersister -  Update 0: update Personnel set address1=?, address2=?, city=?, email=?, enabled=?, firstName=?, lastName=?, phone=?, self_id=?, specialty=?, state=?, zip=? where id=?
20:27:00.337 [main] DEBUG o.h.p.entity.AbstractEntityPersister -  Delete 0: delete from Personnel where id=?
20:27:00.380 [main] DEBUG o.h.l.p.b.i.spaces.QuerySpacesImpl - Adding QuerySpace : uid = <gen:0> -> org.hibernate.loader.plan.build.internal.spaces.EntityQuerySpaceImpl@77cd0a56]
20:27:00.381 [main] DEBUG o.h.p.w.spi.MetamodelGraphWalker - Visiting attribute path : address1
20:27:00.381 [main] DEBUG o.h.p.w.spi.MetamodelGraphWalker - Visiting attribute path : address2
20:27:00.381 [main] DEBUG o.h.p.w.spi.MetamodelGraphWalker - Visiting attribute path : city
20:27:00.381 [main] DEBUG o.h.p.w.spi.MetamodelGraphWalker - Visiting attribute path : email
20:27:00.381 [main] DEBUG o.h.p.w.spi.MetamodelGraphWalker - Visiting attribute path : enabled
20:27:00.382 [main] DEBUG o.h.p.w.spi.MetamodelGraphWalker - Visiting attribute path : firstName
20:27:00.382 [main] DEBUG o.h.p.w.spi.MetamodelGraphWalker - Visiting attribute path : lastName
20:27:00.382 [main] DEBUG o.h.p.w.spi.MetamodelGraphWalker - Visiting attribute path : phone
20:27:00.382 [main] DEBUG o.h.p.w.spi.MetamodelGraphWalker - Visiting attribute path : self
20:27:00.403 [main] DEBUG o.h.l.p.b.i.spaces.QuerySpacesImpl - Adding QuerySpace : uid = <gen:1> -> org.hibernate.loader.plan.build.internal.spaces.EntityQuerySpaceImpl@5a2ace06]
20:27:00.406 [main] DEBUG o.h.p.w.spi.MetamodelGraphWalker - Visiting attribute path : self.enabled
20:27:00.407 [main] DEBUG o.h.p.w.spi.MetamodelGraphWalker - Visiting attribute path : self.password
20:27:00.407 [main] DEBUG o.h.p.w.spi.MetamodelGraphWalker - Visiting attribute path : self.role
20:27:00.407 [main] DEBUG o.h.p.w.spi.MetamodelGraphWalker - Visiting attribute path : specialty
20:27:00.407 [main] DEBUG o.h.p.w.spi.MetamodelGraphWalker - Visiting attribute path : state
20:27:00.407 [main] DEBUG o.h.p.w.spi.MetamodelGraphWalker - Visiting attribute path : zip
20:27:00.407 [main] DEBUG o.h.l.p.b.i.FetchStyleLoadPlanBuildingAssociationVisitationStrategy - Building LoadPlan...
20:27:00.436 [main] DEBUG o.h.l.p.e.i.LoadQueryJoinAndFetchProcessor - processing queryspace <gen:0>
20:27:00.445 [main] DEBUG o.h.l.p.b.spi.LoadPlanTreePrinter - LoadPlan(entity=edu.ncsu.csc.itrust2.models.persistent.Personnel)
    - Returns
       - EntityReturnImpl(entity=edu.ncsu.csc.itrust2.models.persistent.Personnel, querySpaceUid=<gen:0>, path=edu.ncsu.csc.itrust2.models.persistent.Personnel)
          - EntityAttributeFetchImpl(entity=edu.ncsu.csc.itrust2.models.persistent.User, querySpaceUid=<gen:1>, path=edu.ncsu.csc.itrust2.models.persistent.Personnel.self)
    - QuerySpaces
       - EntityQuerySpaceImpl(uid=<gen:0>, entity=edu.ncsu.csc.itrust2.models.persistent.Personnel)
          - SQL table alias mapping - personnel0_
          - alias suffix - 0_
          - suffixed key columns - {id1_13_0_}
          - JOIN (JoinDefinedByMetadata(self)) : <gen:0> -> <gen:1>
             - EntityQuerySpaceImpl(uid=<gen:1>, entity=edu.ncsu.csc.itrust2.models.persistent.User)
                - SQL table alias mapping - user1_
                - alias suffix - 1_
                - suffixed key columns - {username1_15_1_}

20:27:00.449 [main] DEBUG o.h.loader.entity.plan.EntityLoader - Static select for entity edu.ncsu.csc.itrust2.models.persistent.Personnel [NONE]: select personnel0_.id as id1_13_0_, personnel0_.address1 as address2_13_0_, personnel0_.address2 as address3_13_0_, personnel0_.city as city4_13_0_, personnel0_.email as email5_13_0_, personnel0_.enabled as enabled6_13_0_, personnel0_.firstName as firstNam7_13_0_, personnel0_.lastName as lastName8_13_0_, personnel0_.phone as phone9_13_0_, personnel0_.self_id as self_id13_13_0_, personnel0_.specialty as special10_13_0_, personnel0_.state as state11_13_0_, personnel0_.zip as zip12_13_0_, user1_.username as username1_15_1_, user1_.enabled as enabled2_15_1_, user1_.password as password3_15_1_, user1_.role as role4_15_1_ from Personnel personnel0_ left outer join Users user1_ on personnel0_.self_id=user1_.username where personnel0_.id=?
20:27:00.449 [main] DEBUG o.h.l.p.b.i.spaces.QuerySpacesImpl - Adding QuerySpace : uid = <gen:0> -> org.hibernate.loader.plan.build.internal.spaces.EntityQuerySpaceImpl@5338cea5]
20:27:00.449 [main] DEBUG o.h.p.w.spi.MetamodelGraphWalker - Visiting attribute path : address1
20:27:00.449 [main] DEBUG o.h.p.w.spi.MetamodelGraphWalker - Visiting attribute path : address2
20:27:00.449 [main] DEBUG o.h.p.w.spi.MetamodelGraphWalker - Visiting attribute path : city
20:27:00.449 [main] DEBUG o.h.p.w.spi.MetamodelGraphWalker - Visiting attribute path : email
20:27:00.449 [main] DEBUG o.h.p.w.spi.MetamodelGraphWalker - Visiting attribute path : enabled
20:27:00.449 [main] DEBUG o.h.p.w.spi.MetamodelGraphWalker - Visiting attribute path : firstName
20:27:00.450 [main] DEBUG o.h.p.w.spi.MetamodelGraphWalker - Visiting attribute path : lastName
20:27:00.450 [main] DEBUG o.h.p.w.spi.MetamodelGraphWalker - Visiting attribute path : phone
20:27:00.450 [main] DEBUG o.h.p.w.spi.MetamodelGraphWalker - Visiting attribute path : self
20:27:00.450 [main] DEBUG o.h.l.p.b.i.spaces.QuerySpacesImpl - Adding QuerySpace : uid = <gen:1> -> org.hibernate.loader.plan.build.internal.spaces.EntityQuerySpaceImpl@36122658]
20:27:00.450 [main] DEBUG o.h.p.w.spi.MetamodelGraphWalker - Visiting attribute path : self.enabled
20:27:00.450 [main] DEBUG o.h.p.w.spi.MetamodelGraphWalker - Visiting attribute path : self.password
20:27:00.450 [main] DEBUG o.h.p.w.spi.MetamodelGraphWalker - Visiting attribute path : self.role
20:27:00.450 [main] DEBUG o.h.p.w.spi.MetamodelGraphWalker - Visiting attribute path : specialty
20:27:00.450 [main] DEBUG o.h.p.w.spi.MetamodelGraphWalker - Visiting attribute path : state
20:27:00.450 [main] DEBUG o.h.p.w.spi.MetamodelGraphWalker - Visiting attribute path : zip
20:27:00.450 [main] DEBUG o.h.l.p.b.i.FetchStyleLoadPlanBuildingAssociationVisitationStrategy - Building LoadPlan...
20:27:00.451 [main] DEBUG o.h.l.p.e.i.LoadQueryJoinAndFetchProcessor - processing queryspace <gen:0>
20:27:00.451 [main] DEBUG o.h.l.p.b.spi.LoadPlanTreePrinter - LoadPlan(entity=edu.ncsu.csc.itrust2.models.persistent.Personnel)
    - Returns
       - EntityReturnImpl(entity=edu.ncsu.csc.itrust2.models.persistent.Personnel, querySpaceUid=<gen:0>, path=edu.ncsu.csc.itrust2.models.persistent.Personnel)
          - EntityAttributeFetchImpl(entity=edu.ncsu.csc.itrust2.models.persistent.User, querySpaceUid=<gen:1>, path=edu.ncsu.csc.itrust2.models.persistent.Personnel.self)
    - QuerySpaces
       - EntityQuerySpaceImpl(uid=<gen:0>, entity=edu.ncsu.csc.itrust2.models.persistent.Personnel)
          - SQL table alias mapping - personnel0_
          - alias suffix - 0_
          - suffixed key columns - {id1_13_0_}
          - JOIN (JoinDefinedByMetadata(self)) : <gen:0> -> <gen:1>
             - EntityQuerySpaceImpl(uid=<gen:1>, entity=edu.ncsu.csc.itrust2.models.persistent.User)
                - SQL table alias mapping - user1_
                - alias suffix - 1_
                - suffixed key columns - {username1_15_1_}

20:27:00.451 [main] DEBUG o.h.loader.entity.plan.EntityLoader - Static select for entity edu.ncsu.csc.itrust2.models.persistent.Personnel [READ]: select personnel0_.id as id1_13_0_, personnel0_.address1 as address2_13_0_, personnel0_.address2 as address3_13_0_, personnel0_.city as city4_13_0_, personnel0_.email as email5_13_0_, personnel0_.enabled as enabled6_13_0_, personnel0_.firstName as firstNam7_13_0_, personnel0_.lastName as lastName8_13_0_, personnel0_.phone as phone9_13_0_, personnel0_.self_id as self_id13_13_0_, personnel0_.specialty as special10_13_0_, personnel0_.state as state11_13_0_, personnel0_.zip as zip12_13_0_, user1_.username as username1_15_1_, user1_.enabled as enabled2_15_1_, user1_.password as password3_15_1_, user1_.role as role4_15_1_ from Personnel personnel0_ left outer join Users user1_ on personnel0_.self_id=user1_.username where personnel0_.id=?
20:27:00.451 [main] DEBUG o.h.l.p.b.i.spaces.QuerySpacesImpl - Adding QuerySpace : uid = <gen:0> -> org.hibernate.loader.plan.build.internal.spaces.EntityQuerySpaceImpl@5533aa11]
20:27:00.451 [main] DEBUG o.h.p.w.spi.MetamodelGraphWalker - Visiting attribute path : address1
20:27:00.451 [main] DEBUG o.h.p.w.spi.MetamodelGraphWalker - Visiting attribute path : address2
20:27:00.452 [main] DEBUG o.h.p.w.spi.MetamodelGraphWalker - Visiting attribute path : city
20:27:00.452 [main] DEBUG o.h.p.w.spi.MetamodelGraphWalker - Visiting attribute path : email
20:27:00.452 [main] DEBUG o.h.p.w.spi.MetamodelGraphWalker - Visiting attribute path : enabled
20:27:00.452 [main] DEBUG o.h.p.w.spi.MetamodelGraphWalker - Visiting attribute path : firstName
20:27:00.452 [main] DEBUG o.h.p.w.spi.MetamodelGraphWalker - Visiting attribute path : lastName
20:27:00.452 [main] DEBUG o.h.p.w.spi.MetamodelGraphWalker - Visiting attribute path : phone
20:27:00.452 [main] DEBUG o.h.p.w.spi.MetamodelGraphWalker - Visiting attribute path : self
20:27:00.452 [main] DEBUG o.h.l.p.b.i.spaces.QuerySpacesImpl - Adding QuerySpace : uid = <gen:1> -> org.hibernate.loader.plan.build.internal.spaces.EntityQuerySpaceImpl@6b45adda]
20:27:00.452 [main] DEBUG o.h.p.w.spi.MetamodelGraphWalker - Visiting attribute path : specialty
20:27:00.452 [main] DEBUG o.h.p.w.spi.MetamodelGraphWalker - Visiting attribute path : state
20:27:00.452 [main] DEBUG o.h.p.w.spi.MetamodelGraphWalker - Visiting attribute path : zip
20:27:00.452 [main] DEBUG o.h.l.p.b.i.FetchStyleLoadPlanBuildingAssociationVisitationStrategy - Building LoadPlan...
20:27:00.453 [main] DEBUG o.h.l.p.e.i.LoadQueryJoinAndFetchProcessor - processing queryspace <gen:0>
20:27:00.454 [main] DEBUG o.h.l.p.b.spi.LoadPlanTreePrinter - LoadPlan(entity=edu.ncsu.csc.itrust2.models.persistent.Personnel)
    - Returns
       - EntityReturnImpl(entity=edu.ncsu.csc.itrust2.models.persistent.Personnel, querySpaceUid=<gen:0>, path=edu.ncsu.csc.itrust2.models.persistent.Personnel)
          - EntityAttributeFetchImpl(entity=edu.ncsu.csc.itrust2.models.persistent.User, querySpaceUid=<gen:1>, path=edu.ncsu.csc.itrust2.models.persistent.Personnel.self)
    - QuerySpaces
       - EntityQuerySpaceImpl(uid=<gen:0>, entity=edu.ncsu.csc.itrust2.models.persistent.Personnel)
          - SQL table alias mapping - personnel0_
          - alias suffix - 0_
          - suffixed key columns - {id1_13_0_}

20:27:00.454 [main] DEBUG o.h.loader.entity.plan.EntityLoader - Static select for entity edu.ncsu.csc.itrust2.models.persistent.Personnel [UPGRADE]: select personnel0_.id as id1_13_0_, personnel0_.address1 as address2_13_0_, personnel0_.address2 as address3_13_0_, personnel0_.city as city4_13_0_, personnel0_.email as email5_13_0_, personnel0_.enabled as enabled6_13_0_, personnel0_.firstName as firstNam7_13_0_, personnel0_.lastName as lastName8_13_0_, personnel0_.phone as phone9_13_0_, personnel0_.self_id as self_id13_13_0_, personnel0_.specialty as special10_13_0_, personnel0_.state as state11_13_0_, personnel0_.zip as zip12_13_0_ from Personnel personnel0_ where personnel0_.id=? for update
20:27:00.454 [main] DEBUG o.h.l.p.b.i.spaces.QuerySpacesImpl - Adding QuerySpace : uid = <gen:0> -> org.hibernate.loader.plan.build.internal.spaces.EntityQuerySpaceImpl@73fc608c]
20:27:00.454 [main] DEBUG o.h.p.w.spi.MetamodelGraphWalker - Visiting attribute path : address1
20:27:00.454 [main] DEBUG o.h.p.w.spi.MetamodelGraphWalker - Visiting attribute path : address2
20:27:00.454 [main] DEBUG o.h.p.w.spi.MetamodelGraphWalker - Visiting attribute path : city
20:27:00.454 [main] DEBUG o.h.p.w.spi.MetamodelGraphWalker - Visiting attribute path : email
20:27:00.454 [main] DEBUG o.h.p.w.spi.MetamodelGraphWalker - Visiting attribute path : enabled
20:27:00.454 [main] DEBUG o.h.p.w.spi.MetamodelGraphWalker - Visiting attribute path : firstName
20:27:00.454 [main] DEBUG o.h.p.w.spi.MetamodelGraphWalker - Visiting attribute path : lastName
20:27:00.454 [main] DEBUG o.h.p.w.spi.MetamodelGraphWalker - Visiting attribute path : phone
20:27:00.455 [main] DEBUG o.h.p.w.spi.MetamodelGraphWalker - Visiting attribute path : self
20:27:00.455 [main] DEBUG o.h.l.p.b.i.spaces.QuerySpacesImpl - Adding QuerySpace : uid = <gen:1> -> org.hibernate.loader.plan.build.internal.spaces.EntityQuerySpaceImpl@64ddef44]
20:27:00.455 [main] DEBUG o.h.p.w.spi.MetamodelGraphWalker - Visiting attribute path : specialty
20:27:00.455 [main] DEBUG o.h.p.w.spi.MetamodelGraphWalker - Visiting attribute path : state
20:27:00.455 [main] DEBUG o.h.p.w.spi.MetamodelGraphWalker - Visiting attribute path : zip
20:27:00.455 [main] DEBUG o.h.l.p.b.i.FetchStyleLoadPlanBuildingAssociationVisitationStrategy - Building LoadPlan...
20:27:00.455 [main] DEBUG o.h.l.p.e.i.LoadQueryJoinAndFetchProcessor - processing queryspace <gen:0>
20:27:00.455 [main] DEBUG o.h.l.p.b.spi.LoadPlanTreePrinter - LoadPlan(entity=edu.ncsu.csc.itrust2.models.persistent.Personnel)
    - Returns
       - EntityReturnImpl(entity=edu.ncsu.csc.itrust2.models.persistent.Personnel, querySpaceUid=<gen:0>, path=edu.ncsu.csc.itrust2.models.persistent.Personnel)
          - EntityAttributeFetchImpl(entity=edu.ncsu.csc.itrust2.models.persistent.User, querySpaceUid=<gen:1>, path=edu.ncsu.csc.itrust2.models.persistent.Personnel.self)
    - QuerySpaces
       - EntityQuerySpaceImpl(uid=<gen:0>, entity=edu.ncsu.csc.itrust2.models.persistent.Personnel)
          - SQL table alias mapping - personnel0_
          - alias suffix - 0_
          - suffixed key columns - {id1_13_0_}

20:27:00.455 [main] DEBUG o.h.loader.entity.plan.EntityLoader - Static select for entity edu.ncsu.csc.itrust2.models.persistent.Personnel [UPGRADE_NOWAIT]: select personnel0_.id as id1_13_0_, personnel0_.address1 as address2_13_0_, personnel0_.address2 as address3_13_0_, personnel0_.city as city4_13_0_, personnel0_.email as email5_13_0_, personnel0_.enabled as enabled6_13_0_, personnel0_.firstName as firstNam7_13_0_, personnel0_.lastName as lastName8_13_0_, personnel0_.phone as phone9_13_0_, personnel0_.self_id as self_id13_13_0_, personnel0_.specialty as special10_13_0_, personnel0_.state as state11_13_0_, personnel0_.zip as zip12_13_0_ from Personnel personnel0_ where personnel0_.id=? for update
20:27:00.455 [main] DEBUG o.h.l.p.b.i.spaces.QuerySpacesImpl - Adding QuerySpace : uid = <gen:0> -> org.hibernate.loader.plan.build.internal.spaces.EntityQuerySpaceImpl@2230b578]
20:27:00.456 [main] DEBUG o.h.p.w.spi.MetamodelGraphWalker - Visiting attribute path : address1
20:27:00.456 [main] DEBUG o.h.p.w.spi.MetamodelGraphWalker - Visiting attribute path : address2
20:27:00.456 [main] DEBUG o.h.p.w.spi.MetamodelGraphWalker - Visiting attribute path : city
20:27:00.456 [main] DEBUG o.h.p.w.spi.MetamodelGraphWalker - Visiting attribute path : email
20:27:00.456 [main] DEBUG o.h.p.w.spi.MetamodelGraphWalker - Visiting attribute path : enabled
20:27:00.456 [main] DEBUG o.h.p.w.spi.MetamodelGraphWalker - Visiting attribute path : firstName
20:27:00.456 [main] DEBUG o.h.p.w.spi.MetamodelGraphWalker - Visiting attribute path : lastName
20:27:00.456 [main] DEBUG o.h.p.w.spi.MetamodelGraphWalker - Visiting attribute path : phone
20:27:00.456 [main] DEBUG o.h.p.w.spi.MetamodelGraphWalker - Visiting attribute path : self
20:27:00.456 [main] DEBUG o.h.l.p.b.i.spaces.QuerySpacesImpl - Adding QuerySpace : uid = <gen:1> -> org.hibernate.loader.plan.build.internal.spaces.EntityQuerySpaceImpl@30f35916]
20:27:00.465 [main] DEBUG o.h.p.w.spi.MetamodelGraphWalker - Visiting attribute path : specialty
20:27:00.465 [main] DEBUG o.h.p.w.spi.MetamodelGraphWalker - Visiting attribute path : state
20:27:00.465 [main] DEBUG o.h.p.w.spi.MetamodelGraphWalker - Visiting attribute path : zip
20:27:00.465 [main] DEBUG o.h.l.p.b.i.FetchStyleLoadPlanBuildingAssociationVisitationStrategy - Building LoadPlan...
20:27:00.466 [main] DEBUG o.h.l.p.e.i.LoadQueryJoinAndFetchProcessor - processing queryspace <gen:0>
20:27:00.466 [main] DEBUG o.h.l.p.b.spi.LoadPlanTreePrinter - LoadPlan(entity=edu.ncsu.csc.itrust2.models.persistent.Personnel)
    - Returns
       - EntityReturnImpl(entity=edu.ncsu.csc.itrust2.models.persistent.Personnel, querySpaceUid=<gen:0>, path=edu.ncsu.csc.itrust2.models.persistent.Personnel)
          - EntityAttributeFetchImpl(entity=edu.ncsu.csc.itrust2.models.persistent.User, querySpaceUid=<gen:1>, path=edu.ncsu.csc.itrust2.models.persistent.Personnel.self)
    - QuerySpaces
       - EntityQuerySpaceImpl(uid=<gen:0>, entity=edu.ncsu.csc.itrust2.models.persistent.Personnel)
          - SQL table alias mapping - personnel0_
          - alias suffix - 0_
          - suffixed key columns - {id1_13_0_}

20:27:00.466 [main] DEBUG o.h.loader.entity.plan.EntityLoader - Static select for entity edu.ncsu.csc.itrust2.models.persistent.Personnel [UPGRADE_SKIPLOCKED]: select personnel0_.id as id1_13_0_, personnel0_.address1 as address2_13_0_, personnel0_.address2 as address3_13_0_, personnel0_.city as city4_13_0_, personnel0_.email as email5_13_0_, personnel0_.enabled as enabled6_13_0_, personnel0_.firstName as firstNam7_13_0_, personnel0_.lastName as lastName8_13_0_, personnel0_.phone as phone9_13_0_, personnel0_.self_id as self_id13_13_0_, personnel0_.specialty as special10_13_0_, personnel0_.state as state11_13_0_, personnel0_.zip as zip12_13_0_ from Personnel personnel0_ where personnel0_.id=? for update
20:27:00.466 [main] DEBUG o.h.l.p.b.i.spaces.QuerySpacesImpl - Adding QuerySpace : uid = <gen:0> -> org.hibernate.loader.plan.build.internal.spaces.EntityQuerySpaceImpl@3bdf2783]
20:27:00.466 [main] DEBUG o.h.p.w.spi.MetamodelGraphWalker - Visiting attribute path : address1
20:27:00.466 [main] DEBUG o.h.p.w.spi.MetamodelGraphWalker - Visiting attribute path : address2
20:27:00.467 [main] DEBUG o.h.p.w.spi.MetamodelGraphWalker - Visiting attribute path : city
20:27:00.467 [main] DEBUG o.h.p.w.spi.MetamodelGraphWalker - Visiting attribute path : email
20:27:00.467 [main] DEBUG o.h.p.w.spi.MetamodelGraphWalker - Visiting attribute path : enabled
20:27:00.467 [main] DEBUG o.h.p.w.spi.MetamodelGraphWalker - Visiting attribute path : firstName
20:27:00.467 [main] DEBUG o.h.p.w.spi.MetamodelGraphWalker - Visiting attribute path : lastName
20:27:00.467 [main] DEBUG o.h.p.w.spi.MetamodelGraphWalker - Visiting attribute path : phone
20:27:00.467 [main] DEBUG o.h.p.w.spi.MetamodelGraphWalker - Visiting attribute path : self
20:27:00.467 [main] DEBUG o.h.l.p.b.i.spaces.QuerySpacesImpl - Adding QuerySpace : uid = <gen:1> -> org.hibernate.loader.plan.build.internal.spaces.EntityQuerySpaceImpl@6c061102]
20:27:00.467 [main] DEBUG o.h.p.w.spi.MetamodelGraphWalker - Visiting attribute path : specialty
20:27:00.467 [main] DEBUG o.h.p.w.spi.MetamodelGraphWalker - Visiting attribute path : state
20:27:00.467 [main] DEBUG o.h.p.w.spi.MetamodelGraphWalker - Visiting attribute path : zip
20:27:00.467 [main] DEBUG o.h.l.p.b.i.FetchStyleLoadPlanBuildingAssociationVisitationStrategy - Building LoadPlan...
20:27:00.467 [main] DEBUG o.h.l.p.e.i.LoadQueryJoinAndFetchProcessor - processing queryspace <gen:0>
20:27:00.468 [main] DEBUG o.h.l.p.b.spi.LoadPlanTreePrinter - LoadPlan(entity=edu.ncsu.csc.itrust2.models.persistent.Personnel)
    - Returns
       - EntityReturnImpl(entity=edu.ncsu.csc.itrust2.models.persistent.Personnel, querySpaceUid=<gen:0>, path=edu.ncsu.csc.itrust2.models.persistent.Personnel)
          - EntityAttributeFetchImpl(entity=edu.ncsu.csc.itrust2.models.persistent.User, querySpaceUid=<gen:1>, path=edu.ncsu.csc.itrust2.models.persistent.Personnel.self)
    - QuerySpaces
       - EntityQuerySpaceImpl(uid=<gen:0>, entity=edu.ncsu.csc.itrust2.models.persistent.Personnel)
          - SQL table alias mapping - personnel0_
          - alias suffix - 0_
          - suffixed key columns - {id1_13_0_}

20:27:00.468 [main] DEBUG o.h.loader.entity.plan.EntityLoader - Static select for entity edu.ncsu.csc.itrust2.models.persistent.Personnel [FORCE]: select personnel0_.id as id1_13_0_, personnel0_.address1 as address2_13_0_, personnel0_.address2 as address3_13_0_, personnel0_.city as city4_13_0_, personnel0_.email as email5_13_0_, personnel0_.enabled as enabled6_13_0_, personnel0_.firstName as firstNam7_13_0_, personnel0_.lastName as lastName8_13_0_, personnel0_.phone as phone9_13_0_, personnel0_.self_id as self_id13_13_0_, personnel0_.specialty as special10_13_0_, personnel0_.state as state11_13_0_, personnel0_.zip as zip12_13_0_ from Personnel personnel0_ where personnel0_.id=? for update
20:27:00.468 [main] DEBUG o.h.l.p.b.i.spaces.QuerySpacesImpl - Adding QuerySpace : uid = <gen:0> -> org.hibernate.loader.plan.build.internal.spaces.EntityQuerySpaceImpl@4617ce7d]
20:27:00.468 [main] DEBUG o.h.p.w.spi.MetamodelGraphWalker - Visiting attribute path : address1
20:27:00.468 [main] DEBUG o.h.p.w.spi.MetamodelGraphWalker - Visiting attribute path : address2
20:27:00.468 [main] DEBUG o.h.p.w.spi.MetamodelGraphWalker - Visiting attribute path : city
20:27:00.468 [main] DEBUG o.h.p.w.spi.MetamodelGraphWalker - Visiting attribute path : email
20:27:00.468 [main] DEBUG o.h.p.w.spi.MetamodelGraphWalker - Visiting attribute path : enabled
20:27:00.468 [main] DEBUG o.h.p.w.spi.MetamodelGraphWalker - Visiting attribute path : firstName
20:27:00.468 [main] DEBUG o.h.p.w.spi.MetamodelGraphWalker - Visiting attribute path : lastName
20:27:00.468 [main] DEBUG o.h.p.w.spi.MetamodelGraphWalker - Visiting attribute path : phone
20:27:00.468 [main] DEBUG o.h.p.w.spi.MetamodelGraphWalker - Visiting attribute path : self
20:27:00.468 [main] DEBUG o.h.l.p.b.i.spaces.QuerySpacesImpl - Adding QuerySpace : uid = <gen:1> -> org.hibernate.loader.plan.build.internal.spaces.EntityQuerySpaceImpl@6207816]
20:27:00.468 [main] DEBUG o.h.p.w.spi.MetamodelGraphWalker - Visiting attribute path : specialty
20:27:00.468 [main] DEBUG o.h.p.w.spi.MetamodelGraphWalker - Visiting attribute path : state
20:27:00.468 [main] DEBUG o.h.p.w.spi.MetamodelGraphWalker - Visiting attribute path : zip
20:27:00.475 [main] DEBUG o.h.l.p.b.i.FetchStyleLoadPlanBuildingAssociationVisitationStrategy - Building LoadPlan...
20:27:00.475 [main] DEBUG o.h.l.p.e.i.LoadQueryJoinAndFetchProcessor - processing queryspace <gen:0>
20:27:00.475 [main] DEBUG o.h.l.p.b.spi.LoadPlanTreePrinter - LoadPlan(entity=edu.ncsu.csc.itrust2.models.persistent.Personnel)
    - Returns
       - EntityReturnImpl(entity=edu.ncsu.csc.itrust2.models.persistent.Personnel, querySpaceUid=<gen:0>, path=edu.ncsu.csc.itrust2.models.persistent.Personnel)
          - EntityAttributeFetchImpl(entity=edu.ncsu.csc.itrust2.models.persistent.User, querySpaceUid=<gen:1>, path=edu.ncsu.csc.itrust2.models.persistent.Personnel.self)
    - QuerySpaces
       - EntityQuerySpaceImpl(uid=<gen:0>, entity=edu.ncsu.csc.itrust2.models.persistent.Personnel)
          - SQL table alias mapping - personnel0_
          - alias suffix - 0_
          - suffixed key columns - {id1_13_0_}

20:27:00.475 [main] DEBUG o.h.loader.entity.plan.EntityLoader - Static select for entity edu.ncsu.csc.itrust2.models.persistent.Personnel [PESSIMISTIC_READ]: select personnel0_.id as id1_13_0_, personnel0_.address1 as address2_13_0_, personnel0_.address2 as address3_13_0_, personnel0_.city as city4_13_0_, personnel0_.email as email5_13_0_, personnel0_.enabled as enabled6_13_0_, personnel0_.firstName as firstNam7_13_0_, personnel0_.lastName as lastName8_13_0_, personnel0_.phone as phone9_13_0_, personnel0_.self_id as self_id13_13_0_, personnel0_.specialty as special10_13_0_, personnel0_.state as state11_13_0_, personnel0_.zip as zip12_13_0_ from Personnel personnel0_ where personnel0_.id=? lock in share mode
20:27:00.476 [main] DEBUG o.h.l.p.b.i.spaces.QuerySpacesImpl - Adding QuerySpace : uid = <gen:0> -> org.hibernate.loader.plan.build.internal.spaces.EntityQuerySpaceImpl@5af2e7d1]
20:27:00.476 [main] DEBUG o.h.p.w.spi.MetamodelGraphWalker - Visiting attribute path : address1
20:27:00.476 [main] DEBUG o.h.p.w.spi.MetamodelGraphWalker - Visiting attribute path : address2
20:27:00.476 [main] DEBUG o.h.p.w.spi.MetamodelGraphWalker - Visiting attribute path : city
20:27:00.476 [main] DEBUG o.h.p.w.spi.MetamodelGraphWalker - Visiting attribute path : email
20:27:00.476 [main] DEBUG o.h.p.w.spi.MetamodelGraphWalker - Visiting attribute path : enabled
20:27:00.476 [main] DEBUG o.h.p.w.spi.MetamodelGraphWalker - Visiting attribute path : firstName
20:27:00.476 [main] DEBUG o.h.p.w.spi.MetamodelGraphWalker - Visiting attribute path : lastName
20:27:00.476 [main] DEBUG o.h.p.w.spi.MetamodelGraphWalker - Visiting attribute path : phone
20:27:00.476 [main] DEBUG o.h.p.w.spi.MetamodelGraphWalker - Visiting attribute path : self
20:27:00.476 [main] DEBUG o.h.l.p.b.i.spaces.QuerySpacesImpl - Adding QuerySpace : uid = <gen:1> -> org.hibernate.loader.plan.build.internal.spaces.EntityQuerySpaceImpl@16bc5e98]
20:27:00.476 [main] DEBUG o.h.p.w.spi.MetamodelGraphWalker - Visiting attribute path : specialty
20:27:00.476 [main] DEBUG o.h.p.w.spi.MetamodelGraphWalker - Visiting attribute path : state
20:27:00.476 [main] DEBUG o.h.p.w.spi.MetamodelGraphWalker - Visiting attribute path : zip
20:27:00.476 [main] DEBUG o.h.l.p.b.i.FetchStyleLoadPlanBuildingAssociationVisitationStrategy - Building LoadPlan...
20:27:00.476 [main] DEBUG o.h.l.p.e.i.LoadQueryJoinAndFetchProcessor - processing queryspace <gen:0>
20:27:00.477 [main] DEBUG o.h.l.p.b.spi.LoadPlanTreePrinter - LoadPlan(entity=edu.ncsu.csc.itrust2.models.persistent.Personnel)
    - Returns
       - EntityReturnImpl(entity=edu.ncsu.csc.itrust2.models.persistent.Personnel, querySpaceUid=<gen:0>, path=edu.ncsu.csc.itrust2.models.persistent.Personnel)
          - EntityAttributeFetchImpl(entity=edu.ncsu.csc.itrust2.models.persistent.User, querySpaceUid=<gen:1>, path=edu.ncsu.csc.itrust2.models.persistent.Personnel.self)
    - QuerySpaces
       - EntityQuerySpaceImpl(uid=<gen:0>, entity=edu.ncsu.csc.itrust2.models.persistent.Personnel)
          - SQL table alias mapping - personnel0_
          - alias suffix - 0_
          - suffixed key columns - {id1_13_0_}

20:27:00.477 [main] DEBUG o.h.loader.entity.plan.EntityLoader - Static select for entity edu.ncsu.csc.itrust2.models.persistent.Personnel [PESSIMISTIC_WRITE]: select personnel0_.id as id1_13_0_, personnel0_.address1 as address2_13_0_, personnel0_.address2 as address3_13_0_, personnel0_.city as city4_13_0_, personnel0_.email as email5_13_0_, personnel0_.enabled as enabled6_13_0_, personnel0_.firstName as firstNam7_13_0_, personnel0_.lastName as lastName8_13_0_, personnel0_.phone as phone9_13_0_, personnel0_.self_id as self_id13_13_0_, personnel0_.specialty as special10_13_0_, personnel0_.state as state11_13_0_, personnel0_.zip as zip12_13_0_ from Personnel personnel0_ where personnel0_.id=? for update
20:27:00.477 [main] DEBUG o.h.l.p.b.i.spaces.QuerySpacesImpl - Adding QuerySpace : uid = <gen:0> -> org.hibernate.loader.plan.build.internal.spaces.EntityQuerySpaceImpl@13d97491]
20:27:00.477 [main] DEBUG o.h.p.w.spi.MetamodelGraphWalker - Visiting attribute path : address1
20:27:00.477 [main] DEBUG o.h.p.w.spi.MetamodelGraphWalker - Visiting attribute path : address2
20:27:00.477 [main] DEBUG o.h.p.w.spi.MetamodelGraphWalker - Visiting attribute path : city
20:27:00.477 [main] DEBUG o.h.p.w.spi.MetamodelGraphWalker - Visiting attribute path : email
20:27:00.477 [main] DEBUG o.h.p.w.spi.MetamodelGraphWalker - Visiting attribute path : enabled
20:27:00.477 [main] DEBUG o.h.p.w.spi.MetamodelGraphWalker - Visiting attribute path : firstName
20:27:00.477 [main] DEBUG o.h.p.w.spi.MetamodelGraphWalker - Visiting attribute path : lastName
20:27:00.477 [main] DEBUG o.h.p.w.spi.MetamodelGraphWalker - Visiting attribute path : phone
20:27:00.477 [main] DEBUG o.h.p.w.spi.MetamodelGraphWalker - Visiting attribute path : self
20:27:00.477 [main] DEBUG o.h.l.p.b.i.spaces.QuerySpacesImpl - Adding QuerySpace : uid = <gen:1> -> org.hibernate.loader.plan.build.internal.spaces.EntityQuerySpaceImpl@9975855]
20:27:00.477 [main] DEBUG o.h.p.w.spi.MetamodelGraphWalker - Visiting attribute path : specialty
20:27:00.477 [main] DEBUG o.h.p.w.spi.MetamodelGraphWalker - Visiting attribute path : state
20:27:00.477 [main] DEBUG o.h.p.w.spi.MetamodelGraphWalker - Visiting attribute path : zip
20:27:00.477 [main] DEBUG o.h.l.p.b.i.FetchStyleLoadPlanBuildingAssociationVisitationStrategy - Building LoadPlan...
20:27:00.478 [main] DEBUG o.h.l.p.e.i.LoadQueryJoinAndFetchProcessor - processing queryspace <gen:0>
20:27:00.478 [main] DEBUG o.h.l.p.b.spi.LoadPlanTreePrinter - LoadPlan(entity=edu.ncsu.csc.itrust2.models.persistent.Personnel)
    - Returns
       - EntityReturnImpl(entity=edu.ncsu.csc.itrust2.models.persistent.Personnel, querySpaceUid=<gen:0>, path=edu.ncsu.csc.itrust2.models.persistent.Personnel)
          - EntityAttributeFetchImpl(entity=edu.ncsu.csc.itrust2.models.persistent.User, querySpaceUid=<gen:1>, path=edu.ncsu.csc.itrust2.models.persistent.Personnel.self)
    - QuerySpaces
       - EntityQuerySpaceImpl(uid=<gen:0>, entity=edu.ncsu.csc.itrust2.models.persistent.Personnel)
          - SQL table alias mapping - personnel0_
          - alias suffix - 0_
          - suffixed key columns - {id1_13_0_}

20:27:00.478 [main] DEBUG o.h.loader.entity.plan.EntityLoader - Static select for entity edu.ncsu.csc.itrust2.models.persistent.Personnel [PESSIMISTIC_FORCE_INCREMENT]: select personnel0_.id as id1_13_0_, personnel0_.address1 as address2_13_0_, personnel0_.address2 as address3_13_0_, personnel0_.city as city4_13_0_, personnel0_.email as email5_13_0_, personnel0_.enabled as enabled6_13_0_, personnel0_.firstName as firstNam7_13_0_, personnel0_.lastName as lastName8_13_0_, personnel0_.phone as phone9_13_0_, personnel0_.self_id as self_id13_13_0_, personnel0_.specialty as special10_13_0_, personnel0_.state as state11_13_0_, personnel0_.zip as zip12_13_0_ from Personnel personnel0_ where personnel0_.id=? for update
20:27:00.478 [main] DEBUG o.h.l.p.b.i.spaces.QuerySpacesImpl - Adding QuerySpace : uid = <gen:0> -> org.hibernate.loader.plan.build.internal.spaces.EntityQuerySpaceImpl@7d2b9f61]
20:27:00.478 [main] DEBUG o.h.p.w.spi.MetamodelGraphWalker - Visiting attribute path : address1
20:27:00.478 [main] DEBUG o.h.p.w.spi.MetamodelGraphWalker - Visiting attribute path : address2
20:27:00.478 [main] DEBUG o.h.p.w.spi.MetamodelGraphWalker - Visiting attribute path : city
20:27:00.478 [main] DEBUG o.h.p.w.spi.MetamodelGraphWalker - Visiting attribute path : email
20:27:00.478 [main] DEBUG o.h.p.w.spi.MetamodelGraphWalker - Visiting attribute path : enabled
20:27:00.478 [main] DEBUG o.h.p.w.spi.MetamodelGraphWalker - Visiting attribute path : firstName
20:27:00.478 [main] DEBUG o.h.p.w.spi.MetamodelGraphWalker - Visiting attribute path : lastName
20:27:00.478 [main] DEBUG o.h.p.w.spi.MetamodelGraphWalker - Visiting attribute path : phone
20:27:00.478 [main] DEBUG o.h.p.w.spi.MetamodelGraphWalker - Visiting attribute path : self
20:27:00.478 [main] DEBUG o.h.l.p.b.i.spaces.QuerySpacesImpl - Adding QuerySpace : uid = <gen:1> -> org.hibernate.loader.plan.build.internal.spaces.EntityQuerySpaceImpl@3d640239]
20:27:00.478 [main] DEBUG o.h.p.w.spi.MetamodelGraphWalker - Visiting attribute path : specialty
20:27:00.478 [main] DEBUG o.h.p.w.spi.MetamodelGraphWalker - Visiting attribute path : state
20:27:00.478 [main] DEBUG o.h.p.w.spi.MetamodelGraphWalker - Visiting attribute path : zip
20:27:00.478 [main] DEBUG o.h.l.p.b.i.FetchStyleLoadPlanBuildingAssociationVisitationStrategy - Building LoadPlan...
20:27:00.479 [main] DEBUG o.h.l.p.e.i.LoadQueryJoinAndFetchProcessor - processing queryspace <gen:0>
20:27:00.479 [main] DEBUG o.h.l.p.b.spi.LoadPlanTreePrinter - LoadPlan(entity=edu.ncsu.csc.itrust2.models.persistent.Personnel)
    - Returns
       - EntityReturnImpl(entity=edu.ncsu.csc.itrust2.models.persistent.Personnel, querySpaceUid=<gen:0>, path=edu.ncsu.csc.itrust2.models.persistent.Personnel)
          - EntityAttributeFetchImpl(entity=edu.ncsu.csc.itrust2.models.persistent.User, querySpaceUid=<gen:1>, path=edu.ncsu.csc.itrust2.models.persistent.Personnel.self)
    - QuerySpaces
       - EntityQuerySpaceImpl(uid=<gen:0>, entity=edu.ncsu.csc.itrust2.models.persistent.Personnel)
          - SQL table alias mapping - personnel0_
          - alias suffix - 0_
          - suffixed key columns - {id1_13_0_}

20:27:00.479 [main] DEBUG o.h.loader.entity.plan.EntityLoader - Static select for entity edu.ncsu.csc.itrust2.models.persistent.Personnel [OPTIMISTIC]: select personnel0_.id as id1_13_0_, personnel0_.address1 as address2_13_0_, personnel0_.address2 as address3_13_0_, personnel0_.city as city4_13_0_, personnel0_.email as email5_13_0_, personnel0_.enabled as enabled6_13_0_, personnel0_.firstName as firstNam7_13_0_, personnel0_.lastName as lastName8_13_0_, personnel0_.phone as phone9_13_0_, personnel0_.self_id as self_id13_13_0_, personnel0_.specialty as special10_13_0_, personnel0_.state as state11_13_0_, personnel0_.zip as zip12_13_0_ from Personnel personnel0_ where personnel0_.id=?
20:27:00.479 [main] DEBUG o.h.l.p.b.i.spaces.QuerySpacesImpl - Adding QuerySpace : uid = <gen:0> -> org.hibernate.loader.plan.build.internal.spaces.EntityQuerySpaceImpl@e02a030]
20:27:00.479 [main] DEBUG o.h.p.w.spi.MetamodelGraphWalker - Visiting attribute path : address1
20:27:00.479 [main] DEBUG o.h.p.w.spi.MetamodelGraphWalker - Visiting attribute path : address2
20:27:00.479 [main] DEBUG o.h.p.w.spi.MetamodelGraphWalker - Visiting attribute path : city
20:27:00.479 [main] DEBUG o.h.p.w.spi.MetamodelGraphWalker - Visiting attribute path : email
20:27:00.479 [main] DEBUG o.h.p.w.spi.MetamodelGraphWalker - Visiting attribute path : enabled
20:27:00.479 [main] DEBUG o.h.p.w.spi.MetamodelGraphWalker - Visiting attribute path : firstName
20:27:00.479 [main] DEBUG o.h.p.w.spi.MetamodelGraphWalker - Visiting attribute path : lastName
20:27:00.479 [main] DEBUG o.h.p.w.spi.MetamodelGraphWalker - Visiting attribute path : phone
20:27:00.479 [main] DEBUG o.h.p.w.spi.MetamodelGraphWalker - Visiting attribute path : self
20:27:00.479 [main] DEBUG o.h.l.p.b.i.spaces.QuerySpacesImpl - Adding QuerySpace : uid = <gen:1> -> org.hibernate.loader.plan.build.internal.spaces.EntityQuerySpaceImpl@7a253908]
20:27:00.479 [main] DEBUG o.h.p.w.spi.MetamodelGraphWalker - Visiting attribute path : specialty
20:27:00.479 [main] DEBUG o.h.p.w.spi.MetamodelGraphWalker - Visiting attribute path : state
20:27:00.479 [main] DEBUG o.h.p.w.spi.MetamodelGraphWalker - Visiting attribute path : zip
20:27:00.479 [main] DEBUG o.h.l.p.b.i.FetchStyleLoadPlanBuildingAssociationVisitationStrategy - Building LoadPlan...
20:27:00.480 [main] DEBUG o.h.l.p.e.i.LoadQueryJoinAndFetchProcessor - processing queryspace <gen:0>
20:27:00.480 [main] DEBUG o.h.l.p.b.spi.LoadPlanTreePrinter - LoadPlan(entity=edu.ncsu.csc.itrust2.models.persistent.Personnel)
    - Returns
       - EntityReturnImpl(entity=edu.ncsu.csc.itrust2.models.persistent.Personnel, querySpaceUid=<gen:0>, path=edu.ncsu.csc.itrust2.models.persistent.Personnel)
          - EntityAttributeFetchImpl(entity=edu.ncsu.csc.itrust2.models.persistent.User, querySpaceUid=<gen:1>, path=edu.ncsu.csc.itrust2.models.persistent.Personnel.self)
    - QuerySpaces
       - EntityQuerySpaceImpl(uid=<gen:0>, entity=edu.ncsu.csc.itrust2.models.persistent.Personnel)
          - SQL table alias mapping - personnel0_
          - alias suffix - 0_
          - suffixed key columns - {id1_13_0_}

20:27:00.480 [main] DEBUG o.h.loader.entity.plan.EntityLoader - Static select for entity edu.ncsu.csc.itrust2.models.persistent.Personnel [OPTIMISTIC_FORCE_INCREMENT]: select personnel0_.id as id1_13_0_, personnel0_.address1 as address2_13_0_, personnel0_.address2 as address3_13_0_, personnel0_.city as city4_13_0_, personnel0_.email as email5_13_0_, personnel0_.enabled as enabled6_13_0_, personnel0_.firstName as firstNam7_13_0_, personnel0_.lastName as lastName8_13_0_, personnel0_.phone as phone9_13_0_, personnel0_.self_id as self_id13_13_0_, personnel0_.specialty as special10_13_0_, personnel0_.state as state11_13_0_, personnel0_.zip as zip12_13_0_ from Personnel personnel0_ where personnel0_.id=?
20:27:00.512 [main] DEBUG org.hibernate.loader.Loader - Static select for action ACTION_MERGE on entity edu.ncsu.csc.itrust2.models.persistent.Personnel: select personnel0_.id as id1_13_0_, personnel0_.address1 as address2_13_0_, personnel0_.address2 as address3_13_0_, personnel0_.city as city4_13_0_, personnel0_.email as email5_13_0_, personnel0_.enabled as enabled6_13_0_, personnel0_.firstName as firstNam7_13_0_, personnel0_.lastName as lastName8_13_0_, personnel0_.phone as phone9_13_0_, personnel0_.self_id as self_id13_13_0_, personnel0_.specialty as special10_13_0_, personnel0_.state as state11_13_0_, personnel0_.zip as zip12_13_0_ from Personnel personnel0_ where personnel0_.id=?
20:27:00.512 [main] DEBUG org.hibernate.loader.Loader - Static select for action ACTION_REFRESH on entity edu.ncsu.csc.itrust2.models.persistent.Personnel: select personnel0_.id as id1_13_0_, personnel0_.address1 as address2_13_0_, personnel0_.address2 as address3_13_0_, personnel0_.city as city4_13_0_, personnel0_.email as email5_13_0_, personnel0_.enabled as enabled6_13_0_, personnel0_.firstName as firstNam7_13_0_, personnel0_.lastName as lastName8_13_0_, personnel0_.phone as phone9_13_0_, personnel0_.self_id as self_id13_13_0_, personnel0_.specialty as special10_13_0_, personnel0_.state as state11_13_0_, personnel0_.zip as zip12_13_0_ from Personnel personnel0_ where personnel0_.id=?
20:27:00.513 [main] DEBUG o.h.p.entity.AbstractEntityPersister - Static SQL for entity: edu.ncsu.csc.itrust2.models.persistent.BasicHealthMetrics
20:27:00.513 [main] DEBUG o.h.p.entity.AbstractEntityPersister -  Version select: select id from BasicHealthMetrics where id =?
20:27:00.513 [main] DEBUG o.h.p.entity.AbstractEntityPersister -  Snapshot select: select basichealt_.id, basichealt_.diastolic as diastoli2_1_, basichealt_.hcp_id as hcp_id12_1_, basichealt_.hdl as hdl3_1_, basichealt_.headCircumference as headCirc4_1_, basichealt_.height as height5_1_, basichealt_.houseSmokingStatus as houseSmo6_1_, basichealt_.ldl as ldl7_1_, basichealt_.patient_id as patient13_1_, basichealt_.patientSmokingStatus as patientS8_1_, basichealt_.systolic as systolic9_1_, basichealt_.tri as tri10_1_, basichealt_.weight as weight11_1_ from BasicHealthMetrics basichealt_ where basichealt_.id=?
20:27:00.513 [main] DEBUG o.h.p.entity.AbstractEntityPersister -  Insert 0: insert into BasicHealthMetrics (diastolic, hcp_id, hdl, headCircumference, height, houseSmokingStatus, ldl, patient_id, patientSmokingStatus, systolic, tri, weight, id) values (?, ?, ?, ?, ?, ?, ?, ?, ?, ?, ?, ?, ?)
20:27:00.513 [main] DEBUG o.h.p.entity.AbstractEntityPersister -  Update 0: update BasicHealthMetrics set diastolic=?, hcp_id=?, hdl=?, headCircumference=?, height=?, houseSmokingStatus=?, ldl=?, patient_id=?, patientSmokingStatus=?, systolic=?, tri=?, weight=? where id=?
20:27:00.513 [main] DEBUG o.h.p.entity.AbstractEntityPersister -  Delete 0: delete from BasicHealthMetrics where id=?
20:27:00.513 [main] DEBUG o.h.l.p.b.i.spaces.QuerySpacesImpl - Adding QuerySpace : uid = <gen:0> -> org.hibernate.loader.plan.build.internal.spaces.EntityQuerySpaceImpl@62767455]
20:27:00.513 [main] DEBUG o.h.p.w.spi.MetamodelGraphWalker - Visiting attribute path : diastolic
20:27:00.513 [main] DEBUG o.h.p.w.spi.MetamodelGraphWalker - Visiting attribute path : hcp
20:27:00.513 [main] DEBUG o.h.l.p.b.i.spaces.QuerySpacesImpl - Adding QuerySpace : uid = <gen:1> -> org.hibernate.loader.plan.build.internal.spaces.EntityQuerySpaceImpl@30ea640d]
20:27:00.513 [main] DEBUG o.h.p.w.spi.MetamodelGraphWalker - Visiting attribute path : hcp.enabled
20:27:00.513 [main] DEBUG o.h.p.w.spi.MetamodelGraphWalker - Visiting attribute path : hcp.password
20:27:00.513 [main] DEBUG o.h.p.w.spi.MetamodelGraphWalker - Visiting attribute path : hcp.role
20:27:00.514 [main] DEBUG o.h.p.w.spi.MetamodelGraphWalker - Visiting attribute path : hdl
20:27:00.514 [main] DEBUG o.h.p.w.spi.MetamodelGraphWalker - Visiting attribute path : headCircumference
20:27:00.514 [main] DEBUG o.h.p.w.spi.MetamodelGraphWalker - Visiting attribute path : height
20:27:00.514 [main] DEBUG o.h.p.w.spi.MetamodelGraphWalker - Visiting attribute path : houseSmokingStatus
20:27:00.514 [main] DEBUG o.h.p.w.spi.MetamodelGraphWalker - Visiting attribute path : ldl
20:27:00.514 [main] DEBUG o.h.p.w.spi.MetamodelGraphWalker - Visiting attribute path : patient
20:27:00.514 [main] DEBUG o.h.l.p.b.i.spaces.QuerySpacesImpl - Adding QuerySpace : uid = <gen:2> -> org.hibernate.loader.plan.build.internal.spaces.EntityQuerySpaceImpl@d313183]
20:27:00.514 [main] DEBUG o.h.p.w.spi.MetamodelGraphWalker - Visiting attribute path : patient.enabled
20:27:00.514 [main] DEBUG o.h.p.w.spi.MetamodelGraphWalker - Visiting attribute path : patient.password
20:27:00.514 [main] DEBUG o.h.p.w.spi.MetamodelGraphWalker - Visiting attribute path : patient.role
20:27:00.514 [main] DEBUG o.h.p.w.spi.MetamodelGraphWalker - Visiting attribute path : patientSmokingStatus
20:27:00.514 [main] DEBUG o.h.p.w.spi.MetamodelGraphWalker - Visiting attribute path : systolic
20:27:00.514 [main] DEBUG o.h.p.w.spi.MetamodelGraphWalker - Visiting attribute path : tri
20:27:00.514 [main] DEBUG o.h.p.w.spi.MetamodelGraphWalker - Visiting attribute path : weight
20:27:00.514 [main] DEBUG o.h.l.p.b.i.FetchStyleLoadPlanBuildingAssociationVisitationStrategy - Building LoadPlan...
20:27:00.515 [main] DEBUG o.h.l.p.e.i.LoadQueryJoinAndFetchProcessor - processing queryspace <gen:0>
20:27:00.515 [main] DEBUG o.h.l.p.b.spi.LoadPlanTreePrinter - LoadPlan(entity=edu.ncsu.csc.itrust2.models.persistent.BasicHealthMetrics)
    - Returns
       - EntityReturnImpl(entity=edu.ncsu.csc.itrust2.models.persistent.BasicHealthMetrics, querySpaceUid=<gen:0>, path=edu.ncsu.csc.itrust2.models.persistent.BasicHealthMetrics)
          - EntityAttributeFetchImpl(entity=edu.ncsu.csc.itrust2.models.persistent.User, querySpaceUid=<gen:1>, path=edu.ncsu.csc.itrust2.models.persistent.BasicHealthMetrics.hcp)
          - EntityAttributeFetchImpl(entity=edu.ncsu.csc.itrust2.models.persistent.User, querySpaceUid=<gen:2>, path=edu.ncsu.csc.itrust2.models.persistent.BasicHealthMetrics.patient)
    - QuerySpaces
       - EntityQuerySpaceImpl(uid=<gen:0>, entity=edu.ncsu.csc.itrust2.models.persistent.BasicHealthMetrics)
          - SQL table alias mapping - basichealt0_
          - alias suffix - 0_
          - suffixed key columns - {id1_1_0_}
          - JOIN (JoinDefinedByMetadata(hcp)) : <gen:0> -> <gen:1>
             - EntityQuerySpaceImpl(uid=<gen:1>, entity=edu.ncsu.csc.itrust2.models.persistent.User)
                - SQL table alias mapping - user1_
                - alias suffix - 1_
                - suffixed key columns - {username1_15_1_}
          - JOIN (JoinDefinedByMetadata(patient)) : <gen:0> -> <gen:2>
             - EntityQuerySpaceImpl(uid=<gen:2>, entity=edu.ncsu.csc.itrust2.models.persistent.User)
                - SQL table alias mapping - user2_
                - alias suffix - 2_
                - suffixed key columns - {username1_15_2_}

20:27:00.515 [main] DEBUG o.h.loader.entity.plan.EntityLoader - Static select for entity edu.ncsu.csc.itrust2.models.persistent.BasicHealthMetrics [NONE]: select basichealt0_.id as id1_1_0_, basichealt0_.diastolic as diastoli2_1_0_, basichealt0_.hcp_id as hcp_id12_1_0_, basichealt0_.hdl as hdl3_1_0_, basichealt0_.headCircumference as headCirc4_1_0_, basichealt0_.height as height5_1_0_, basichealt0_.houseSmokingStatus as houseSmo6_1_0_, basichealt0_.ldl as ldl7_1_0_, basichealt0_.patient_id as patient13_1_0_, basichealt0_.patientSmokingStatus as patientS8_1_0_, basichealt0_.systolic as systolic9_1_0_, basichealt0_.tri as tri10_1_0_, basichealt0_.weight as weight11_1_0_, user1_.username as username1_15_1_, user1_.enabled as enabled2_15_1_, user1_.password as password3_15_1_, user1_.role as role4_15_1_, user2_.username as username1_15_2_, user2_.enabled as enabled2_15_2_, user2_.password as password3_15_2_, user2_.role as role4_15_2_ from BasicHealthMetrics basichealt0_ inner join Users user1_ on basichealt0_.hcp_id=user1_.username inner join Users user2_ on basichealt0_.patient_id=user2_.username where basichealt0_.id=?
20:27:00.515 [main] DEBUG o.h.l.p.b.i.spaces.QuerySpacesImpl - Adding QuerySpace : uid = <gen:0> -> org.hibernate.loader.plan.build.internal.spaces.EntityQuerySpaceImpl@3be1ad3a]
20:27:00.515 [main] DEBUG o.h.p.w.spi.MetamodelGraphWalker - Visiting attribute path : diastolic
20:27:00.515 [main] DEBUG o.h.p.w.spi.MetamodelGraphWalker - Visiting attribute path : hcp
20:27:00.515 [main] DEBUG o.h.l.p.b.i.spaces.QuerySpacesImpl - Adding QuerySpace : uid = <gen:1> -> org.hibernate.loader.plan.build.internal.spaces.EntityQuerySpaceImpl@42855475]
20:27:00.516 [main] DEBUG o.h.p.w.spi.MetamodelGraphWalker - Visiting attribute path : hcp.enabled
20:27:00.516 [main] DEBUG o.h.p.w.spi.MetamodelGraphWalker - Visiting attribute path : hcp.password
20:27:00.516 [main] DEBUG o.h.p.w.spi.MetamodelGraphWalker - Visiting attribute path : hcp.role
20:27:00.516 [main] DEBUG o.h.p.w.spi.MetamodelGraphWalker - Visiting attribute path : hdl
20:27:00.516 [main] DEBUG o.h.p.w.spi.MetamodelGraphWalker - Visiting attribute path : headCircumference
20:27:00.516 [main] DEBUG o.h.p.w.spi.MetamodelGraphWalker - Visiting attribute path : height
20:27:00.516 [main] DEBUG o.h.p.w.spi.MetamodelGraphWalker - Visiting attribute path : houseSmokingStatus
20:27:00.516 [main] DEBUG o.h.p.w.spi.MetamodelGraphWalker - Visiting attribute path : ldl
20:27:00.516 [main] DEBUG o.h.p.w.spi.MetamodelGraphWalker - Visiting attribute path : patient
20:27:00.516 [main] DEBUG o.h.l.p.b.i.spaces.QuerySpacesImpl - Adding QuerySpace : uid = <gen:2> -> org.hibernate.loader.plan.build.internal.spaces.EntityQuerySpaceImpl@6f691b9a]
20:27:00.516 [main] DEBUG o.h.p.w.spi.MetamodelGraphWalker - Visiting attribute path : patient.enabled
20:27:00.516 [main] DEBUG o.h.p.w.spi.MetamodelGraphWalker - Visiting attribute path : patient.password
20:27:00.516 [main] DEBUG o.h.p.w.spi.MetamodelGraphWalker - Visiting attribute path : patient.role
20:27:00.516 [main] DEBUG o.h.p.w.spi.MetamodelGraphWalker - Visiting attribute path : patientSmokingStatus
20:27:00.516 [main] DEBUG o.h.p.w.spi.MetamodelGraphWalker - Visiting attribute path : systolic
20:27:00.516 [main] DEBUG o.h.p.w.spi.MetamodelGraphWalker - Visiting attribute path : tri
20:27:00.516 [main] DEBUG o.h.p.w.spi.MetamodelGraphWalker - Visiting attribute path : weight
20:27:00.516 [main] DEBUG o.h.l.p.b.i.FetchStyleLoadPlanBuildingAssociationVisitationStrategy - Building LoadPlan...
20:27:00.516 [main] DEBUG o.h.l.p.e.i.LoadQueryJoinAndFetchProcessor - processing queryspace <gen:0>
20:27:00.517 [main] DEBUG o.h.l.p.b.spi.LoadPlanTreePrinter - LoadPlan(entity=edu.ncsu.csc.itrust2.models.persistent.BasicHealthMetrics)
    - Returns
       - EntityReturnImpl(entity=edu.ncsu.csc.itrust2.models.persistent.BasicHealthMetrics, querySpaceUid=<gen:0>, path=edu.ncsu.csc.itrust2.models.persistent.BasicHealthMetrics)
          - EntityAttributeFetchImpl(entity=edu.ncsu.csc.itrust2.models.persistent.User, querySpaceUid=<gen:1>, path=edu.ncsu.csc.itrust2.models.persistent.BasicHealthMetrics.hcp)
          - EntityAttributeFetchImpl(entity=edu.ncsu.csc.itrust2.models.persistent.User, querySpaceUid=<gen:2>, path=edu.ncsu.csc.itrust2.models.persistent.BasicHealthMetrics.patient)
    - QuerySpaces
       - EntityQuerySpaceImpl(uid=<gen:0>, entity=edu.ncsu.csc.itrust2.models.persistent.BasicHealthMetrics)
          - SQL table alias mapping - basichealt0_
          - alias suffix - 0_
          - suffixed key columns - {id1_1_0_}
          - JOIN (JoinDefinedByMetadata(hcp)) : <gen:0> -> <gen:1>
             - EntityQuerySpaceImpl(uid=<gen:1>, entity=edu.ncsu.csc.itrust2.models.persistent.User)
                - SQL table alias mapping - user1_
                - alias suffix - 1_
                - suffixed key columns - {username1_15_1_}
          - JOIN (JoinDefinedByMetadata(patient)) : <gen:0> -> <gen:2>
             - EntityQuerySpaceImpl(uid=<gen:2>, entity=edu.ncsu.csc.itrust2.models.persistent.User)
                - SQL table alias mapping - user2_
                - alias suffix - 2_
                - suffixed key columns - {username1_15_2_}

20:27:00.517 [main] DEBUG o.h.loader.entity.plan.EntityLoader - Static select for entity edu.ncsu.csc.itrust2.models.persistent.BasicHealthMetrics [READ]: select basichealt0_.id as id1_1_0_, basichealt0_.diastolic as diastoli2_1_0_, basichealt0_.hcp_id as hcp_id12_1_0_, basichealt0_.hdl as hdl3_1_0_, basichealt0_.headCircumference as headCirc4_1_0_, basichealt0_.height as height5_1_0_, basichealt0_.houseSmokingStatus as houseSmo6_1_0_, basichealt0_.ldl as ldl7_1_0_, basichealt0_.patient_id as patient13_1_0_, basichealt0_.patientSmokingStatus as patientS8_1_0_, basichealt0_.systolic as systolic9_1_0_, basichealt0_.tri as tri10_1_0_, basichealt0_.weight as weight11_1_0_, user1_.username as username1_15_1_, user1_.enabled as enabled2_15_1_, user1_.password as password3_15_1_, user1_.role as role4_15_1_, user2_.username as username1_15_2_, user2_.enabled as enabled2_15_2_, user2_.password as password3_15_2_, user2_.role as role4_15_2_ from BasicHealthMetrics basichealt0_ inner join Users user1_ on basichealt0_.hcp_id=user1_.username inner join Users user2_ on basichealt0_.patient_id=user2_.username where basichealt0_.id=?
20:27:00.517 [main] DEBUG o.h.l.p.b.i.spaces.QuerySpacesImpl - Adding QuerySpace : uid = <gen:0> -> org.hibernate.loader.plan.build.internal.spaces.EntityQuerySpaceImpl@27fba118]
20:27:00.517 [main] DEBUG o.h.p.w.spi.MetamodelGraphWalker - Visiting attribute path : diastolic
20:27:00.517 [main] DEBUG o.h.p.w.spi.MetamodelGraphWalker - Visiting attribute path : hcp
20:27:00.517 [main] DEBUG o.h.l.p.b.i.spaces.QuerySpacesImpl - Adding QuerySpace : uid = <gen:1> -> org.hibernate.loader.plan.build.internal.spaces.EntityQuerySpaceImpl@6677e6b0]
20:27:00.517 [main] DEBUG o.h.p.w.spi.MetamodelGraphWalker - Visiting attribute path : hdl
20:27:00.517 [main] DEBUG o.h.p.w.spi.MetamodelGraphWalker - Visiting attribute path : headCircumference
20:27:00.517 [main] DEBUG o.h.p.w.spi.MetamodelGraphWalker - Visiting attribute path : height
20:27:00.517 [main] DEBUG o.h.p.w.spi.MetamodelGraphWalker - Visiting attribute path : houseSmokingStatus
20:27:00.517 [main] DEBUG o.h.p.w.spi.MetamodelGraphWalker - Visiting attribute path : ldl
20:27:00.517 [main] DEBUG o.h.p.w.spi.MetamodelGraphWalker - Visiting attribute path : patient
20:27:00.517 [main] DEBUG o.h.l.p.b.i.spaces.QuerySpacesImpl - Adding QuerySpace : uid = <gen:2> -> org.hibernate.loader.plan.build.internal.spaces.EntityQuerySpaceImpl@2b51643]
20:27:00.517 [main] DEBUG o.h.p.w.spi.MetamodelGraphWalker - Visiting attribute path : patientSmokingStatus
20:27:00.518 [main] DEBUG o.h.p.w.spi.MetamodelGraphWalker - Visiting attribute path : systolic
20:27:00.518 [main] DEBUG o.h.p.w.spi.MetamodelGraphWalker - Visiting attribute path : tri
20:27:00.518 [main] DEBUG o.h.p.w.spi.MetamodelGraphWalker - Visiting attribute path : weight
20:27:00.522 [main] DEBUG o.h.l.p.b.i.FetchStyleLoadPlanBuildingAssociationVisitationStrategy - Building LoadPlan...
20:27:00.522 [main] DEBUG o.h.l.p.e.i.LoadQueryJoinAndFetchProcessor - processing queryspace <gen:0>
20:27:00.522 [main] DEBUG o.h.l.p.b.spi.LoadPlanTreePrinter - LoadPlan(entity=edu.ncsu.csc.itrust2.models.persistent.BasicHealthMetrics)
    - Returns
       - EntityReturnImpl(entity=edu.ncsu.csc.itrust2.models.persistent.BasicHealthMetrics, querySpaceUid=<gen:0>, path=edu.ncsu.csc.itrust2.models.persistent.BasicHealthMetrics)
          - EntityAttributeFetchImpl(entity=edu.ncsu.csc.itrust2.models.persistent.User, querySpaceUid=<gen:1>, path=edu.ncsu.csc.itrust2.models.persistent.BasicHealthMetrics.hcp)
          - EntityAttributeFetchImpl(entity=edu.ncsu.csc.itrust2.models.persistent.User, querySpaceUid=<gen:2>, path=edu.ncsu.csc.itrust2.models.persistent.BasicHealthMetrics.patient)
    - QuerySpaces
       - EntityQuerySpaceImpl(uid=<gen:0>, entity=edu.ncsu.csc.itrust2.models.persistent.BasicHealthMetrics)
          - SQL table alias mapping - basichealt0_
          - alias suffix - 0_
          - suffixed key columns - {id1_1_0_}

20:27:00.522 [main] DEBUG o.h.loader.entity.plan.EntityLoader - Static select for entity edu.ncsu.csc.itrust2.models.persistent.BasicHealthMetrics [UPGRADE]: select basichealt0_.id as id1_1_0_, basichealt0_.diastolic as diastoli2_1_0_, basichealt0_.hcp_id as hcp_id12_1_0_, basichealt0_.hdl as hdl3_1_0_, basichealt0_.headCircumference as headCirc4_1_0_, basichealt0_.height as height5_1_0_, basichealt0_.houseSmokingStatus as houseSmo6_1_0_, basichealt0_.ldl as ldl7_1_0_, basichealt0_.patient_id as patient13_1_0_, basichealt0_.patientSmokingStatus as patientS8_1_0_, basichealt0_.systolic as systolic9_1_0_, basichealt0_.tri as tri10_1_0_, basichealt0_.weight as weight11_1_0_ from BasicHealthMetrics basichealt0_ where basichealt0_.id=? for update
20:27:00.523 [main] DEBUG o.h.l.p.b.i.spaces.QuerySpacesImpl - Adding QuerySpace : uid = <gen:0> -> org.hibernate.loader.plan.build.internal.spaces.EntityQuerySpaceImpl@783c846c]
20:27:00.523 [main] DEBUG o.h.p.w.spi.MetamodelGraphWalker - Visiting attribute path : diastolic
20:27:00.523 [main] DEBUG o.h.p.w.spi.MetamodelGraphWalker - Visiting attribute path : hcp
20:27:00.523 [main] DEBUG o.h.l.p.b.i.spaces.QuerySpacesImpl - Adding QuerySpace : uid = <gen:1> -> org.hibernate.loader.plan.build.internal.spaces.EntityQuerySpaceImpl@4ca9b6be]
20:27:00.523 [main] DEBUG o.h.p.w.spi.MetamodelGraphWalker - Visiting attribute path : hdl
20:27:00.523 [main] DEBUG o.h.p.w.spi.MetamodelGraphWalker - Visiting attribute path : headCircumference
20:27:00.523 [main] DEBUG o.h.p.w.spi.MetamodelGraphWalker - Visiting attribute path : height
20:27:00.523 [main] DEBUG o.h.p.w.spi.MetamodelGraphWalker - Visiting attribute path : houseSmokingStatus
20:27:00.523 [main] DEBUG o.h.p.w.spi.MetamodelGraphWalker - Visiting attribute path : ldl
20:27:00.523 [main] DEBUG o.h.p.w.spi.MetamodelGraphWalker - Visiting attribute path : patient
20:27:00.523 [main] DEBUG o.h.l.p.b.i.spaces.QuerySpacesImpl - Adding QuerySpace : uid = <gen:2> -> org.hibernate.loader.plan.build.internal.spaces.EntityQuerySpaceImpl@6604a666]
20:27:00.523 [main] DEBUG o.h.p.w.spi.MetamodelGraphWalker - Visiting attribute path : patientSmokingStatus
20:27:00.523 [main] DEBUG o.h.p.w.spi.MetamodelGraphWalker - Visiting attribute path : systolic
20:27:00.523 [main] DEBUG o.h.p.w.spi.MetamodelGraphWalker - Visiting attribute path : tri
20:27:00.523 [main] DEBUG o.h.p.w.spi.MetamodelGraphWalker - Visiting attribute path : weight
20:27:00.523 [main] DEBUG o.h.l.p.b.i.FetchStyleLoadPlanBuildingAssociationVisitationStrategy - Building LoadPlan...
20:27:00.524 [main] DEBUG o.h.l.p.e.i.LoadQueryJoinAndFetchProcessor - processing queryspace <gen:0>
20:27:00.524 [main] DEBUG o.h.l.p.b.spi.LoadPlanTreePrinter - LoadPlan(entity=edu.ncsu.csc.itrust2.models.persistent.BasicHealthMetrics)
    - Returns
       - EntityReturnImpl(entity=edu.ncsu.csc.itrust2.models.persistent.BasicHealthMetrics, querySpaceUid=<gen:0>, path=edu.ncsu.csc.itrust2.models.persistent.BasicHealthMetrics)
          - EntityAttributeFetchImpl(entity=edu.ncsu.csc.itrust2.models.persistent.User, querySpaceUid=<gen:1>, path=edu.ncsu.csc.itrust2.models.persistent.BasicHealthMetrics.hcp)
          - EntityAttributeFetchImpl(entity=edu.ncsu.csc.itrust2.models.persistent.User, querySpaceUid=<gen:2>, path=edu.ncsu.csc.itrust2.models.persistent.BasicHealthMetrics.patient)
    - QuerySpaces
       - EntityQuerySpaceImpl(uid=<gen:0>, entity=edu.ncsu.csc.itrust2.models.persistent.BasicHealthMetrics)
          - SQL table alias mapping - basichealt0_
          - alias suffix - 0_
          - suffixed key columns - {id1_1_0_}

20:27:00.524 [main] DEBUG o.h.loader.entity.plan.EntityLoader - Static select for entity edu.ncsu.csc.itrust2.models.persistent.BasicHealthMetrics [UPGRADE_NOWAIT]: select basichealt0_.id as id1_1_0_, basichealt0_.diastolic as diastoli2_1_0_, basichealt0_.hcp_id as hcp_id12_1_0_, basichealt0_.hdl as hdl3_1_0_, basichealt0_.headCircumference as headCirc4_1_0_, basichealt0_.height as height5_1_0_, basichealt0_.houseSmokingStatus as houseSmo6_1_0_, basichealt0_.ldl as ldl7_1_0_, basichealt0_.patient_id as patient13_1_0_, basichealt0_.patientSmokingStatus as patientS8_1_0_, basichealt0_.systolic as systolic9_1_0_, basichealt0_.tri as tri10_1_0_, basichealt0_.weight as weight11_1_0_ from BasicHealthMetrics basichealt0_ where basichealt0_.id=? for update
20:27:00.524 [main] DEBUG o.h.l.p.b.i.spaces.QuerySpacesImpl - Adding QuerySpace : uid = <gen:0> -> org.hibernate.loader.plan.build.internal.spaces.EntityQuerySpaceImpl@7a87512e]
20:27:00.524 [main] DEBUG o.h.p.w.spi.MetamodelGraphWalker - Visiting attribute path : diastolic
20:27:00.524 [main] DEBUG o.h.p.w.spi.MetamodelGraphWalker - Visiting attribute path : hcp
20:27:00.524 [main] DEBUG o.h.l.p.b.i.spaces.QuerySpacesImpl - Adding QuerySpace : uid = <gen:1> -> org.hibernate.loader.plan.build.internal.spaces.EntityQuerySpaceImpl@7a2f4fde]
20:27:00.524 [main] DEBUG o.h.p.w.spi.MetamodelGraphWalker - Visiting attribute path : hdl
20:27:00.524 [main] DEBUG o.h.p.w.spi.MetamodelGraphWalker - Visiting attribute path : headCircumference
20:27:00.525 [main] DEBUG o.h.p.w.spi.MetamodelGraphWalker - Visiting attribute path : height
20:27:00.525 [main] DEBUG o.h.p.w.spi.MetamodelGraphWalker - Visiting attribute path : houseSmokingStatus
20:27:00.525 [main] DEBUG o.h.p.w.spi.MetamodelGraphWalker - Visiting attribute path : ldl
20:27:00.525 [main] DEBUG o.h.p.w.spi.MetamodelGraphWalker - Visiting attribute path : patient
20:27:00.525 [main] DEBUG o.h.l.p.b.i.spaces.QuerySpacesImpl - Adding QuerySpace : uid = <gen:2> -> org.hibernate.loader.plan.build.internal.spaces.EntityQuerySpaceImpl@395bf16b]
20:27:00.525 [main] DEBUG o.h.p.w.spi.MetamodelGraphWalker - Visiting attribute path : patientSmokingStatus
20:27:00.525 [main] DEBUG o.h.p.w.spi.MetamodelGraphWalker - Visiting attribute path : systolic
20:27:00.525 [main] DEBUG o.h.p.w.spi.MetamodelGraphWalker - Visiting attribute path : tri
20:27:00.525 [main] DEBUG o.h.p.w.spi.MetamodelGraphWalker - Visiting attribute path : weight
20:27:00.525 [main] DEBUG o.h.l.p.b.i.FetchStyleLoadPlanBuildingAssociationVisitationStrategy - Building LoadPlan...
20:27:00.526 [main] DEBUG o.h.l.p.e.i.LoadQueryJoinAndFetchProcessor - processing queryspace <gen:0>
20:27:00.526 [main] DEBUG o.h.l.p.b.spi.LoadPlanTreePrinter - LoadPlan(entity=edu.ncsu.csc.itrust2.models.persistent.BasicHealthMetrics)
    - Returns
       - EntityReturnImpl(entity=edu.ncsu.csc.itrust2.models.persistent.BasicHealthMetrics, querySpaceUid=<gen:0>, path=edu.ncsu.csc.itrust2.models.persistent.BasicHealthMetrics)
          - EntityAttributeFetchImpl(entity=edu.ncsu.csc.itrust2.models.persistent.User, querySpaceUid=<gen:1>, path=edu.ncsu.csc.itrust2.models.persistent.BasicHealthMetrics.hcp)
          - EntityAttributeFetchImpl(entity=edu.ncsu.csc.itrust2.models.persistent.User, querySpaceUid=<gen:2>, path=edu.ncsu.csc.itrust2.models.persistent.BasicHealthMetrics.patient)
    - QuerySpaces
       - EntityQuerySpaceImpl(uid=<gen:0>, entity=edu.ncsu.csc.itrust2.models.persistent.BasicHealthMetrics)
          - SQL table alias mapping - basichealt0_
          - alias suffix - 0_
          - suffixed key columns - {id1_1_0_}

20:27:00.526 [main] DEBUG o.h.loader.entity.plan.EntityLoader - Static select for entity edu.ncsu.csc.itrust2.models.persistent.BasicHealthMetrics [UPGRADE_SKIPLOCKED]: select basichealt0_.id as id1_1_0_, basichealt0_.diastolic as diastoli2_1_0_, basichealt0_.hcp_id as hcp_id12_1_0_, basichealt0_.hdl as hdl3_1_0_, basichealt0_.headCircumference as headCirc4_1_0_, basichealt0_.height as height5_1_0_, basichealt0_.houseSmokingStatus as houseSmo6_1_0_, basichealt0_.ldl as ldl7_1_0_, basichealt0_.patient_id as patient13_1_0_, basichealt0_.patientSmokingStatus as patientS8_1_0_, basichealt0_.systolic as systolic9_1_0_, basichealt0_.tri as tri10_1_0_, basichealt0_.weight as weight11_1_0_ from BasicHealthMetrics basichealt0_ where basichealt0_.id=? for update
20:27:00.526 [main] DEBUG o.h.l.p.b.i.spaces.QuerySpacesImpl - Adding QuerySpace : uid = <gen:0> -> org.hibernate.loader.plan.build.internal.spaces.EntityQuerySpaceImpl@7995c94f]
20:27:00.526 [main] DEBUG o.h.p.w.spi.MetamodelGraphWalker - Visiting attribute path : diastolic
20:27:00.527 [main] DEBUG o.h.p.w.spi.MetamodelGraphWalker - Visiting attribute path : hcp
20:27:00.527 [main] DEBUG o.h.l.p.b.i.spaces.QuerySpacesImpl - Adding QuerySpace : uid = <gen:1> -> org.hibernate.loader.plan.build.internal.spaces.EntityQuerySpaceImpl@12cfc095]
20:27:00.527 [main] DEBUG o.h.p.w.spi.MetamodelGraphWalker - Visiting attribute path : hdl
20:27:00.527 [main] DEBUG o.h.p.w.spi.MetamodelGraphWalker - Visiting attribute path : headCircumference
20:27:00.527 [main] DEBUG o.h.p.w.spi.MetamodelGraphWalker - Visiting attribute path : height
20:27:00.527 [main] DEBUG o.h.p.w.spi.MetamodelGraphWalker - Visiting attribute path : houseSmokingStatus
20:27:00.527 [main] DEBUG o.h.p.w.spi.MetamodelGraphWalker - Visiting attribute path : ldl
20:27:00.527 [main] DEBUG o.h.p.w.spi.MetamodelGraphWalker - Visiting attribute path : patient
20:27:00.527 [main] DEBUG o.h.l.p.b.i.spaces.QuerySpacesImpl - Adding QuerySpace : uid = <gen:2> -> org.hibernate.loader.plan.build.internal.spaces.EntityQuerySpaceImpl@7479bb0e]
20:27:00.527 [main] DEBUG o.h.p.w.spi.MetamodelGraphWalker - Visiting attribute path : patientSmokingStatus
20:27:00.527 [main] DEBUG o.h.p.w.spi.MetamodelGraphWalker - Visiting attribute path : systolic
20:27:00.527 [main] DEBUG o.h.p.w.spi.MetamodelGraphWalker - Visiting attribute path : tri
20:27:00.527 [main] DEBUG o.h.p.w.spi.MetamodelGraphWalker - Visiting attribute path : weight
20:27:00.527 [main] DEBUG o.h.l.p.b.i.FetchStyleLoadPlanBuildingAssociationVisitationStrategy - Building LoadPlan...
20:27:00.528 [main] DEBUG o.h.l.p.e.i.LoadQueryJoinAndFetchProcessor - processing queryspace <gen:0>
20:27:00.528 [main] DEBUG o.h.l.p.b.spi.LoadPlanTreePrinter - LoadPlan(entity=edu.ncsu.csc.itrust2.models.persistent.BasicHealthMetrics)
    - Returns
       - EntityReturnImpl(entity=edu.ncsu.csc.itrust2.models.persistent.BasicHealthMetrics, querySpaceUid=<gen:0>, path=edu.ncsu.csc.itrust2.models.persistent.BasicHealthMetrics)
          - EntityAttributeFetchImpl(entity=edu.ncsu.csc.itrust2.models.persistent.User, querySpaceUid=<gen:1>, path=edu.ncsu.csc.itrust2.models.persistent.BasicHealthMetrics.hcp)
          - EntityAttributeFetchImpl(entity=edu.ncsu.csc.itrust2.models.persistent.User, querySpaceUid=<gen:2>, path=edu.ncsu.csc.itrust2.models.persistent.BasicHealthMetrics.patient)
    - QuerySpaces
       - EntityQuerySpaceImpl(uid=<gen:0>, entity=edu.ncsu.csc.itrust2.models.persistent.BasicHealthMetrics)
          - SQL table alias mapping - basichealt0_
          - alias suffix - 0_
          - suffixed key columns - {id1_1_0_}

20:27:00.528 [main] DEBUG o.h.loader.entity.plan.EntityLoader - Static select for entity edu.ncsu.csc.itrust2.models.persistent.BasicHealthMetrics [FORCE]: select basichealt0_.id as id1_1_0_, basichealt0_.diastolic as diastoli2_1_0_, basichealt0_.hcp_id as hcp_id12_1_0_, basichealt0_.hdl as hdl3_1_0_, basichealt0_.headCircumference as headCirc4_1_0_, basichealt0_.height as height5_1_0_, basichealt0_.houseSmokingStatus as houseSmo6_1_0_, basichealt0_.ldl as ldl7_1_0_, basichealt0_.patient_id as patient13_1_0_, basichealt0_.patientSmokingStatus as patientS8_1_0_, basichealt0_.systolic as systolic9_1_0_, basichealt0_.tri as tri10_1_0_, basichealt0_.weight as weight11_1_0_ from BasicHealthMetrics basichealt0_ where basichealt0_.id=? for update
20:27:00.528 [main] DEBUG o.h.l.p.b.i.spaces.QuerySpacesImpl - Adding QuerySpace : uid = <gen:0> -> org.hibernate.loader.plan.build.internal.spaces.EntityQuerySpaceImpl@2371db7f]
20:27:00.528 [main] DEBUG o.h.p.w.spi.MetamodelGraphWalker - Visiting attribute path : diastolic
20:27:00.528 [main] DEBUG o.h.p.w.spi.MetamodelGraphWalker - Visiting attribute path : hcp
20:27:00.529 [main] DEBUG o.h.l.p.b.i.spaces.QuerySpacesImpl - Adding QuerySpace : uid = <gen:1> -> org.hibernate.loader.plan.build.internal.spaces.EntityQuerySpaceImpl@2c4e0bc2]
20:27:00.529 [main] DEBUG o.h.p.w.spi.MetamodelGraphWalker - Visiting attribute path : hdl
20:27:00.529 [main] DEBUG o.h.p.w.spi.MetamodelGraphWalker - Visiting attribute path : headCircumference
20:27:00.529 [main] DEBUG o.h.p.w.spi.MetamodelGraphWalker - Visiting attribute path : height
20:27:00.529 [main] DEBUG o.h.p.w.spi.MetamodelGraphWalker - Visiting attribute path : houseSmokingStatus
20:27:00.529 [main] DEBUG o.h.p.w.spi.MetamodelGraphWalker - Visiting attribute path : ldl
20:27:00.529 [main] DEBUG o.h.p.w.spi.MetamodelGraphWalker - Visiting attribute path : patient
20:27:00.529 [main] DEBUG o.h.l.p.b.i.spaces.QuerySpacesImpl - Adding QuerySpace : uid = <gen:2> -> org.hibernate.loader.plan.build.internal.spaces.EntityQuerySpaceImpl@1556748e]
20:27:00.529 [main] DEBUG o.h.p.w.spi.MetamodelGraphWalker - Visiting attribute path : patientSmokingStatus
20:27:00.529 [main] DEBUG o.h.p.w.spi.MetamodelGraphWalker - Visiting attribute path : systolic
20:27:00.529 [main] DEBUG o.h.p.w.spi.MetamodelGraphWalker - Visiting attribute path : tri
20:27:00.529 [main] DEBUG o.h.p.w.spi.MetamodelGraphWalker - Visiting attribute path : weight
20:27:00.529 [main] DEBUG o.h.l.p.b.i.FetchStyleLoadPlanBuildingAssociationVisitationStrategy - Building LoadPlan...
20:27:00.530 [main] DEBUG o.h.l.p.e.i.LoadQueryJoinAndFetchProcessor - processing queryspace <gen:0>
20:27:00.530 [main] DEBUG o.h.l.p.b.spi.LoadPlanTreePrinter - LoadPlan(entity=edu.ncsu.csc.itrust2.models.persistent.BasicHealthMetrics)
    - Returns
       - EntityReturnImpl(entity=edu.ncsu.csc.itrust2.models.persistent.BasicHealthMetrics, querySpaceUid=<gen:0>, path=edu.ncsu.csc.itrust2.models.persistent.BasicHealthMetrics)
          - EntityAttributeFetchImpl(entity=edu.ncsu.csc.itrust2.models.persistent.User, querySpaceUid=<gen:1>, path=edu.ncsu.csc.itrust2.models.persistent.BasicHealthMetrics.hcp)
          - EntityAttributeFetchImpl(entity=edu.ncsu.csc.itrust2.models.persistent.User, querySpaceUid=<gen:2>, path=edu.ncsu.csc.itrust2.models.persistent.BasicHealthMetrics.patient)
    - QuerySpaces
       - EntityQuerySpaceImpl(uid=<gen:0>, entity=edu.ncsu.csc.itrust2.models.persistent.BasicHealthMetrics)
          - SQL table alias mapping - basichealt0_
          - alias suffix - 0_
          - suffixed key columns - {id1_1_0_}

20:27:00.530 [main] DEBUG o.h.loader.entity.plan.EntityLoader - Static select for entity edu.ncsu.csc.itrust2.models.persistent.BasicHealthMetrics [PESSIMISTIC_READ]: select basichealt0_.id as id1_1_0_, basichealt0_.diastolic as diastoli2_1_0_, basichealt0_.hcp_id as hcp_id12_1_0_, basichealt0_.hdl as hdl3_1_0_, basichealt0_.headCircumference as headCirc4_1_0_, basichealt0_.height as height5_1_0_, basichealt0_.houseSmokingStatus as houseSmo6_1_0_, basichealt0_.ldl as ldl7_1_0_, basichealt0_.patient_id as patient13_1_0_, basichealt0_.patientSmokingStatus as patientS8_1_0_, basichealt0_.systolic as systolic9_1_0_, basichealt0_.tri as tri10_1_0_, basichealt0_.weight as weight11_1_0_ from BasicHealthMetrics basichealt0_ where basichealt0_.id=? lock in share mode
20:27:00.530 [main] DEBUG o.h.l.p.b.i.spaces.QuerySpacesImpl - Adding QuerySpace : uid = <gen:0> -> org.hibernate.loader.plan.build.internal.spaces.EntityQuerySpaceImpl@38d1ff78]
20:27:00.531 [main] DEBUG o.h.p.w.spi.MetamodelGraphWalker - Visiting attribute path : diastolic
20:27:00.531 [main] DEBUG o.h.p.w.spi.MetamodelGraphWalker - Visiting attribute path : hcp
20:27:00.531 [main] DEBUG o.h.l.p.b.i.spaces.QuerySpacesImpl - Adding QuerySpace : uid = <gen:1> -> org.hibernate.loader.plan.build.internal.spaces.EntityQuerySpaceImpl@69f82d9f]
20:27:00.531 [main] DEBUG o.h.p.w.spi.MetamodelGraphWalker - Visiting attribute path : hdl
20:27:00.531 [main] DEBUG o.h.p.w.spi.MetamodelGraphWalker - Visiting attribute path : headCircumference
20:27:00.531 [main] DEBUG o.h.p.w.spi.MetamodelGraphWalker - Visiting attribute path : height
20:27:00.531 [main] DEBUG o.h.p.w.spi.MetamodelGraphWalker - Visiting attribute path : houseSmokingStatus
20:27:00.531 [main] DEBUG o.h.p.w.spi.MetamodelGraphWalker - Visiting attribute path : ldl
20:27:00.531 [main] DEBUG o.h.p.w.spi.MetamodelGraphWalker - Visiting attribute path : patient
20:27:00.531 [main] DEBUG o.h.l.p.b.i.spaces.QuerySpacesImpl - Adding QuerySpace : uid = <gen:2> -> org.hibernate.loader.plan.build.internal.spaces.EntityQuerySpaceImpl@4facd62a]
20:27:00.531 [main] DEBUG o.h.p.w.spi.MetamodelGraphWalker - Visiting attribute path : patientSmokingStatus
20:27:00.531 [main] DEBUG o.h.p.w.spi.MetamodelGraphWalker - Visiting attribute path : systolic
20:27:00.531 [main] DEBUG o.h.p.w.spi.MetamodelGraphWalker - Visiting attribute path : tri
20:27:00.531 [main] DEBUG o.h.p.w.spi.MetamodelGraphWalker - Visiting attribute path : weight
20:27:00.531 [main] DEBUG o.h.l.p.b.i.FetchStyleLoadPlanBuildingAssociationVisitationStrategy - Building LoadPlan...
20:27:00.532 [main] DEBUG o.h.l.p.e.i.LoadQueryJoinAndFetchProcessor - processing queryspace <gen:0>
20:27:00.532 [main] DEBUG o.h.l.p.b.spi.LoadPlanTreePrinter - LoadPlan(entity=edu.ncsu.csc.itrust2.models.persistent.BasicHealthMetrics)
    - Returns
       - EntityReturnImpl(entity=edu.ncsu.csc.itrust2.models.persistent.BasicHealthMetrics, querySpaceUid=<gen:0>, path=edu.ncsu.csc.itrust2.models.persistent.BasicHealthMetrics)
          - EntityAttributeFetchImpl(entity=edu.ncsu.csc.itrust2.models.persistent.User, querySpaceUid=<gen:1>, path=edu.ncsu.csc.itrust2.models.persistent.BasicHealthMetrics.hcp)
          - EntityAttributeFetchImpl(entity=edu.ncsu.csc.itrust2.models.persistent.User, querySpaceUid=<gen:2>, path=edu.ncsu.csc.itrust2.models.persistent.BasicHealthMetrics.patient)
    - QuerySpaces
       - EntityQuerySpaceImpl(uid=<gen:0>, entity=edu.ncsu.csc.itrust2.models.persistent.BasicHealthMetrics)
          - SQL table alias mapping - basichealt0_
          - alias suffix - 0_
          - suffixed key columns - {id1_1_0_}

20:27:00.532 [main] DEBUG o.h.loader.entity.plan.EntityLoader - Static select for entity edu.ncsu.csc.itrust2.models.persistent.BasicHealthMetrics [PESSIMISTIC_WRITE]: select basichealt0_.id as id1_1_0_, basichealt0_.diastolic as diastoli2_1_0_, basichealt0_.hcp_id as hcp_id12_1_0_, basichealt0_.hdl as hdl3_1_0_, basichealt0_.headCircumference as headCirc4_1_0_, basichealt0_.height as height5_1_0_, basichealt0_.houseSmokingStatus as houseSmo6_1_0_, basichealt0_.ldl as ldl7_1_0_, basichealt0_.patient_id as patient13_1_0_, basichealt0_.patientSmokingStatus as patientS8_1_0_, basichealt0_.systolic as systolic9_1_0_, basichealt0_.tri as tri10_1_0_, basichealt0_.weight as weight11_1_0_ from BasicHealthMetrics basichealt0_ where basichealt0_.id=? for update
20:27:00.532 [main] DEBUG o.h.l.p.b.i.spaces.QuerySpacesImpl - Adding QuerySpace : uid = <gen:0> -> org.hibernate.loader.plan.build.internal.spaces.EntityQuerySpaceImpl@7831da98]
20:27:00.532 [main] DEBUG o.h.p.w.spi.MetamodelGraphWalker - Visiting attribute path : diastolic
20:27:00.532 [main] DEBUG o.h.p.w.spi.MetamodelGraphWalker - Visiting attribute path : hcp
20:27:00.532 [main] DEBUG o.h.l.p.b.i.spaces.QuerySpacesImpl - Adding QuerySpace : uid = <gen:1> -> org.hibernate.loader.plan.build.internal.spaces.EntityQuerySpaceImpl@44aa1a96]
20:27:00.533 [main] DEBUG o.h.p.w.spi.MetamodelGraphWalker - Visiting attribute path : hdl
20:27:00.533 [main] DEBUG o.h.p.w.spi.MetamodelGraphWalker - Visiting attribute path : headCircumference
20:27:00.533 [main] DEBUG o.h.p.w.spi.MetamodelGraphWalker - Visiting attribute path : height
20:27:00.533 [main] DEBUG o.h.p.w.spi.MetamodelGraphWalker - Visiting attribute path : houseSmokingStatus
20:27:00.533 [main] DEBUG o.h.p.w.spi.MetamodelGraphWalker - Visiting attribute path : ldl
20:27:00.533 [main] DEBUG o.h.p.w.spi.MetamodelGraphWalker - Visiting attribute path : patient
20:27:00.533 [main] DEBUG o.h.l.p.b.i.spaces.QuerySpacesImpl - Adding QuerySpace : uid = <gen:2> -> org.hibernate.loader.plan.build.internal.spaces.EntityQuerySpaceImpl@6d1e99af]
20:27:00.533 [main] DEBUG o.h.p.w.spi.MetamodelGraphWalker - Visiting attribute path : patientSmokingStatus
20:27:00.533 [main] DEBUG o.h.p.w.spi.MetamodelGraphWalker - Visiting attribute path : systolic
20:27:00.533 [main] DEBUG o.h.p.w.spi.MetamodelGraphWalker - Visiting attribute path : tri
20:27:00.533 [main] DEBUG o.h.p.w.spi.MetamodelGraphWalker - Visiting attribute path : weight
20:27:00.533 [main] DEBUG o.h.l.p.b.i.FetchStyleLoadPlanBuildingAssociationVisitationStrategy - Building LoadPlan...
20:27:00.533 [main] DEBUG o.h.l.p.e.i.LoadQueryJoinAndFetchProcessor - processing queryspace <gen:0>
20:27:00.534 [main] DEBUG o.h.l.p.b.spi.LoadPlanTreePrinter - LoadPlan(entity=edu.ncsu.csc.itrust2.models.persistent.BasicHealthMetrics)
    - Returns
       - EntityReturnImpl(entity=edu.ncsu.csc.itrust2.models.persistent.BasicHealthMetrics, querySpaceUid=<gen:0>, path=edu.ncsu.csc.itrust2.models.persistent.BasicHealthMetrics)
          - EntityAttributeFetchImpl(entity=edu.ncsu.csc.itrust2.models.persistent.User, querySpaceUid=<gen:1>, path=edu.ncsu.csc.itrust2.models.persistent.BasicHealthMetrics.hcp)
          - EntityAttributeFetchImpl(entity=edu.ncsu.csc.itrust2.models.persistent.User, querySpaceUid=<gen:2>, path=edu.ncsu.csc.itrust2.models.persistent.BasicHealthMetrics.patient)
    - QuerySpaces
       - EntityQuerySpaceImpl(uid=<gen:0>, entity=edu.ncsu.csc.itrust2.models.persistent.BasicHealthMetrics)
          - SQL table alias mapping - basichealt0_
          - alias suffix - 0_
          - suffixed key columns - {id1_1_0_}

20:27:00.534 [main] DEBUG o.h.loader.entity.plan.EntityLoader - Static select for entity edu.ncsu.csc.itrust2.models.persistent.BasicHealthMetrics [PESSIMISTIC_FORCE_INCREMENT]: select basichealt0_.id as id1_1_0_, basichealt0_.diastolic as diastoli2_1_0_, basichealt0_.hcp_id as hcp_id12_1_0_, basichealt0_.hdl as hdl3_1_0_, basichealt0_.headCircumference as headCirc4_1_0_, basichealt0_.height as height5_1_0_, basichealt0_.houseSmokingStatus as houseSmo6_1_0_, basichealt0_.ldl as ldl7_1_0_, basichealt0_.patient_id as patient13_1_0_, basichealt0_.patientSmokingStatus as patientS8_1_0_, basichealt0_.systolic as systolic9_1_0_, basichealt0_.tri as tri10_1_0_, basichealt0_.weight as weight11_1_0_ from BasicHealthMetrics basichealt0_ where basichealt0_.id=? for update
20:27:00.534 [main] DEBUG o.h.l.p.b.i.spaces.QuerySpacesImpl - Adding QuerySpace : uid = <gen:0> -> org.hibernate.loader.plan.build.internal.spaces.EntityQuerySpaceImpl@1b0d6b8e]
20:27:00.534 [main] DEBUG o.h.p.w.spi.MetamodelGraphWalker - Visiting attribute path : diastolic
20:27:00.534 [main] DEBUG o.h.p.w.spi.MetamodelGraphWalker - Visiting attribute path : hcp
20:27:00.534 [main] DEBUG o.h.l.p.b.i.spaces.QuerySpacesImpl - Adding QuerySpace : uid = <gen:1> -> org.hibernate.loader.plan.build.internal.spaces.EntityQuerySpaceImpl@511da605]
20:27:00.534 [main] DEBUG o.h.p.w.spi.MetamodelGraphWalker - Visiting attribute path : hdl
20:27:00.534 [main] DEBUG o.h.p.w.spi.MetamodelGraphWalker - Visiting attribute path : headCircumference
20:27:00.534 [main] DEBUG o.h.p.w.spi.MetamodelGraphWalker - Visiting attribute path : height
20:27:00.534 [main] DEBUG o.h.p.w.spi.MetamodelGraphWalker - Visiting attribute path : houseSmokingStatus
20:27:00.534 [main] DEBUG o.h.p.w.spi.MetamodelGraphWalker - Visiting attribute path : ldl
20:27:00.535 [main] DEBUG o.h.p.w.spi.MetamodelGraphWalker - Visiting attribute path : patient
20:27:00.535 [main] DEBUG o.h.l.p.b.i.spaces.QuerySpacesImpl - Adding QuerySpace : uid = <gen:2> -> org.hibernate.loader.plan.build.internal.spaces.EntityQuerySpaceImpl@48578e68]
20:27:00.535 [main] DEBUG o.h.p.w.spi.MetamodelGraphWalker - Visiting attribute path : patientSmokingStatus
20:27:00.535 [main] DEBUG o.h.p.w.spi.MetamodelGraphWalker - Visiting attribute path : systolic
20:27:00.535 [main] DEBUG o.h.p.w.spi.MetamodelGraphWalker - Visiting attribute path : tri
20:27:00.535 [main] DEBUG o.h.p.w.spi.MetamodelGraphWalker - Visiting attribute path : weight
20:27:00.535 [main] DEBUG o.h.l.p.b.i.FetchStyleLoadPlanBuildingAssociationVisitationStrategy - Building LoadPlan...
20:27:00.535 [main] DEBUG o.h.l.p.e.i.LoadQueryJoinAndFetchProcessor - processing queryspace <gen:0>
20:27:00.535 [main] DEBUG o.h.l.p.b.spi.LoadPlanTreePrinter - LoadPlan(entity=edu.ncsu.csc.itrust2.models.persistent.BasicHealthMetrics)
    - Returns
       - EntityReturnImpl(entity=edu.ncsu.csc.itrust2.models.persistent.BasicHealthMetrics, querySpaceUid=<gen:0>, path=edu.ncsu.csc.itrust2.models.persistent.BasicHealthMetrics)
          - EntityAttributeFetchImpl(entity=edu.ncsu.csc.itrust2.models.persistent.User, querySpaceUid=<gen:1>, path=edu.ncsu.csc.itrust2.models.persistent.BasicHealthMetrics.hcp)
          - EntityAttributeFetchImpl(entity=edu.ncsu.csc.itrust2.models.persistent.User, querySpaceUid=<gen:2>, path=edu.ncsu.csc.itrust2.models.persistent.BasicHealthMetrics.patient)
    - QuerySpaces
       - EntityQuerySpaceImpl(uid=<gen:0>, entity=edu.ncsu.csc.itrust2.models.persistent.BasicHealthMetrics)
          - SQL table alias mapping - basichealt0_
          - alias suffix - 0_
          - suffixed key columns - {id1_1_0_}

20:27:00.535 [main] DEBUG o.h.loader.entity.plan.EntityLoader - Static select for entity edu.ncsu.csc.itrust2.models.persistent.BasicHealthMetrics [OPTIMISTIC]: select basichealt0_.id as id1_1_0_, basichealt0_.diastolic as diastoli2_1_0_, basichealt0_.hcp_id as hcp_id12_1_0_, basichealt0_.hdl as hdl3_1_0_, basichealt0_.headCircumference as headCirc4_1_0_, basichealt0_.height as height5_1_0_, basichealt0_.houseSmokingStatus as houseSmo6_1_0_, basichealt0_.ldl as ldl7_1_0_, basichealt0_.patient_id as patient13_1_0_, basichealt0_.patientSmokingStatus as patientS8_1_0_, basichealt0_.systolic as systolic9_1_0_, basichealt0_.tri as tri10_1_0_, basichealt0_.weight as weight11_1_0_ from BasicHealthMetrics basichealt0_ where basichealt0_.id=?
20:27:00.536 [main] DEBUG o.h.l.p.b.i.spaces.QuerySpacesImpl - Adding QuerySpace : uid = <gen:0> -> org.hibernate.loader.plan.build.internal.spaces.EntityQuerySpaceImpl@38f6cdf7]
20:27:00.536 [main] DEBUG o.h.p.w.spi.MetamodelGraphWalker - Visiting attribute path : diastolic
20:27:00.536 [main] DEBUG o.h.p.w.spi.MetamodelGraphWalker - Visiting attribute path : hcp
20:27:00.536 [main] DEBUG o.h.l.p.b.i.spaces.QuerySpacesImpl - Adding QuerySpace : uid = <gen:1> -> org.hibernate.loader.plan.build.internal.spaces.EntityQuerySpaceImpl@7a3a1062]
20:27:00.536 [main] DEBUG o.h.p.w.spi.MetamodelGraphWalker - Visiting attribute path : hdl
20:27:00.536 [main] DEBUG o.h.p.w.spi.MetamodelGraphWalker - Visiting attribute path : headCircumference
20:27:00.536 [main] DEBUG o.h.p.w.spi.MetamodelGraphWalker - Visiting attribute path : height
20:27:00.536 [main] DEBUG o.h.p.w.spi.MetamodelGraphWalker - Visiting attribute path : houseSmokingStatus
20:27:00.536 [main] DEBUG o.h.p.w.spi.MetamodelGraphWalker - Visiting attribute path : ldl
20:27:00.536 [main] DEBUG o.h.p.w.spi.MetamodelGraphWalker - Visiting attribute path : patient
20:27:00.536 [main] DEBUG o.h.l.p.b.i.spaces.QuerySpacesImpl - Adding QuerySpace : uid = <gen:2> -> org.hibernate.loader.plan.build.internal.spaces.EntityQuerySpaceImpl@eeaf583]
20:27:00.536 [main] DEBUG o.h.p.w.spi.MetamodelGraphWalker - Visiting attribute path : patientSmokingStatus
20:27:00.536 [main] DEBUG o.h.p.w.spi.MetamodelGraphWalker - Visiting attribute path : systolic
20:27:00.537 [main] DEBUG o.h.p.w.spi.MetamodelGraphWalker - Visiting attribute path : tri
20:27:00.537 [main] DEBUG o.h.p.w.spi.MetamodelGraphWalker - Visiting attribute path : weight
20:27:00.537 [main] DEBUG o.h.l.p.b.i.FetchStyleLoadPlanBuildingAssociationVisitationStrategy - Building LoadPlan...
20:27:00.537 [main] DEBUG o.h.l.p.e.i.LoadQueryJoinAndFetchProcessor - processing queryspace <gen:0>
20:27:00.538 [main] DEBUG o.h.l.p.b.spi.LoadPlanTreePrinter - LoadPlan(entity=edu.ncsu.csc.itrust2.models.persistent.BasicHealthMetrics)
    - Returns
       - EntityReturnImpl(entity=edu.ncsu.csc.itrust2.models.persistent.BasicHealthMetrics, querySpaceUid=<gen:0>, path=edu.ncsu.csc.itrust2.models.persistent.BasicHealthMetrics)
          - EntityAttributeFetchImpl(entity=edu.ncsu.csc.itrust2.models.persistent.User, querySpaceUid=<gen:1>, path=edu.ncsu.csc.itrust2.models.persistent.BasicHealthMetrics.hcp)
          - EntityAttributeFetchImpl(entity=edu.ncsu.csc.itrust2.models.persistent.User, querySpaceUid=<gen:2>, path=edu.ncsu.csc.itrust2.models.persistent.BasicHealthMetrics.patient)
    - QuerySpaces
       - EntityQuerySpaceImpl(uid=<gen:0>, entity=edu.ncsu.csc.itrust2.models.persistent.BasicHealthMetrics)
          - SQL table alias mapping - basichealt0_
          - alias suffix - 0_
          - suffixed key columns - {id1_1_0_}

20:27:00.538 [main] DEBUG o.h.loader.entity.plan.EntityLoader - Static select for entity edu.ncsu.csc.itrust2.models.persistent.BasicHealthMetrics [OPTIMISTIC_FORCE_INCREMENT]: select basichealt0_.id as id1_1_0_, basichealt0_.diastolic as diastoli2_1_0_, basichealt0_.hcp_id as hcp_id12_1_0_, basichealt0_.hdl as hdl3_1_0_, basichealt0_.headCircumference as headCirc4_1_0_, basichealt0_.height as height5_1_0_, basichealt0_.houseSmokingStatus as houseSmo6_1_0_, basichealt0_.ldl as ldl7_1_0_, basichealt0_.patient_id as patient13_1_0_, basichealt0_.patientSmokingStatus as patientS8_1_0_, basichealt0_.systolic as systolic9_1_0_, basichealt0_.tri as tri10_1_0_, basichealt0_.weight as weight11_1_0_ from BasicHealthMetrics basichealt0_ where basichealt0_.id=?
20:27:00.538 [main] DEBUG org.hibernate.loader.Loader - Static select for action ACTION_MERGE on entity edu.ncsu.csc.itrust2.models.persistent.BasicHealthMetrics: select basichealt0_.id as id1_1_0_, basichealt0_.diastolic as diastoli2_1_0_, basichealt0_.hcp_id as hcp_id12_1_0_, basichealt0_.hdl as hdl3_1_0_, basichealt0_.headCircumference as headCirc4_1_0_, basichealt0_.height as height5_1_0_, basichealt0_.houseSmokingStatus as houseSmo6_1_0_, basichealt0_.ldl as ldl7_1_0_, basichealt0_.patient_id as patient13_1_0_, basichealt0_.patientSmokingStatus as patientS8_1_0_, basichealt0_.systolic as systolic9_1_0_, basichealt0_.tri as tri10_1_0_, basichealt0_.weight as weight11_1_0_ from BasicHealthMetrics basichealt0_ where basichealt0_.id=?
20:27:00.539 [main] DEBUG org.hibernate.loader.Loader - Static select for action ACTION_REFRESH on entity edu.ncsu.csc.itrust2.models.persistent.BasicHealthMetrics: select basichealt0_.id as id1_1_0_, basichealt0_.diastolic as diastoli2_1_0_, basichealt0_.hcp_id as hcp_id12_1_0_, basichealt0_.hdl as hdl3_1_0_, basichealt0_.headCircumference as headCirc4_1_0_, basichealt0_.height as height5_1_0_, basichealt0_.houseSmokingStatus as houseSmo6_1_0_, basichealt0_.ldl as ldl7_1_0_, basichealt0_.patient_id as patient13_1_0_, basichealt0_.patientSmokingStatus as patientS8_1_0_, basichealt0_.systolic as systolic9_1_0_, basichealt0_.tri as tri10_1_0_, basichealt0_.weight as weight11_1_0_ from BasicHealthMetrics basichealt0_ where basichealt0_.id=?
20:27:00.539 [main] DEBUG o.h.p.entity.AbstractEntityPersister - Static SQL for entity: edu.ncsu.csc.itrust2.models.persistent.LoginAttempt
20:27:00.539 [main] DEBUG o.h.p.entity.AbstractEntityPersister -  Version select: select id from LoginAttempts where id =?
20:27:00.539 [main] DEBUG o.h.p.entity.AbstractEntityPersister -  Snapshot select: select loginattem_.id, loginattem_.ip as ip2_7_, loginattem_.time as time3_7_, loginattem_.user_id as user_id4_7_ from LoginAttempts loginattem_ where loginattem_.id=?
20:27:00.539 [main] DEBUG o.h.p.entity.AbstractEntityPersister -  Insert 0: insert into LoginAttempts (ip, time, user_id, id) values (?, ?, ?, ?)
20:27:00.539 [main] DEBUG o.h.p.entity.AbstractEntityPersister -  Update 0: update LoginAttempts set ip=?, time=?, user_id=? where id=?
20:27:00.539 [main] DEBUG o.h.p.entity.AbstractEntityPersister -  Delete 0: delete from LoginAttempts where id=?
20:27:00.540 [main] DEBUG o.h.l.p.b.i.spaces.QuerySpacesImpl - Adding QuerySpace : uid = <gen:0> -> org.hibernate.loader.plan.build.internal.spaces.EntityQuerySpaceImpl@7d08dc]
20:27:00.540 [main] DEBUG o.h.p.w.spi.MetamodelGraphWalker - Visiting attribute path : ip
20:27:00.540 [main] DEBUG o.h.p.w.spi.MetamodelGraphWalker - Visiting attribute path : time
20:27:00.540 [main] DEBUG o.h.p.w.spi.MetamodelGraphWalker - Visiting attribute path : user
20:27:00.540 [main] DEBUG o.h.l.p.b.i.spaces.QuerySpacesImpl - Adding QuerySpace : uid = <gen:1> -> org.hibernate.loader.plan.build.internal.spaces.EntityQuerySpaceImpl@31879b34]
20:27:00.540 [main] DEBUG o.h.p.w.spi.MetamodelGraphWalker - Visiting attribute path : user.enabled
20:27:00.540 [main] DEBUG o.h.p.w.spi.MetamodelGraphWalker - Visiting attribute path : user.password
20:27:00.540 [main] DEBUG o.h.p.w.spi.MetamodelGraphWalker - Visiting attribute path : user.role
20:27:00.541 [main] DEBUG o.h.l.p.b.i.FetchStyleLoadPlanBuildingAssociationVisitationStrategy - Building LoadPlan...
20:27:00.541 [main] DEBUG o.h.l.p.e.i.LoadQueryJoinAndFetchProcessor - processing queryspace <gen:0>
20:27:00.541 [main] DEBUG o.h.l.p.b.spi.LoadPlanTreePrinter - LoadPlan(entity=edu.ncsu.csc.itrust2.models.persistent.LoginAttempt)
    - Returns
       - EntityReturnImpl(entity=edu.ncsu.csc.itrust2.models.persistent.LoginAttempt, querySpaceUid=<gen:0>, path=edu.ncsu.csc.itrust2.models.persistent.LoginAttempt)
          - EntityAttributeFetchImpl(entity=edu.ncsu.csc.itrust2.models.persistent.User, querySpaceUid=<gen:1>, path=edu.ncsu.csc.itrust2.models.persistent.LoginAttempt.user)
    - QuerySpaces
       - EntityQuerySpaceImpl(uid=<gen:0>, entity=edu.ncsu.csc.itrust2.models.persistent.LoginAttempt)
          - SQL table alias mapping - loginattem0_
          - alias suffix - 0_
          - suffixed key columns - {id1_7_0_}
          - JOIN (JoinDefinedByMetadata(user)) : <gen:0> -> <gen:1>
             - EntityQuerySpaceImpl(uid=<gen:1>, entity=edu.ncsu.csc.itrust2.models.persistent.User)
                - SQL table alias mapping - user1_
                - alias suffix - 1_
                - suffixed key columns - {username1_15_1_}

20:27:00.541 [main] DEBUG o.h.loader.entity.plan.EntityLoader - Static select for entity edu.ncsu.csc.itrust2.models.persistent.LoginAttempt [NONE]: select loginattem0_.id as id1_7_0_, loginattem0_.ip as ip2_7_0_, loginattem0_.time as time3_7_0_, loginattem0_.user_id as user_id4_7_0_, user1_.username as username1_15_1_, user1_.enabled as enabled2_15_1_, user1_.password as password3_15_1_, user1_.role as role4_15_1_ from LoginAttempts loginattem0_ left outer join Users user1_ on loginattem0_.user_id=user1_.username where loginattem0_.id=?
20:27:00.542 [main] DEBUG o.h.l.p.b.i.spaces.QuerySpacesImpl - Adding QuerySpace : uid = <gen:0> -> org.hibernate.loader.plan.build.internal.spaces.EntityQuerySpaceImpl@4bf85d]
20:27:00.542 [main] DEBUG o.h.p.w.spi.MetamodelGraphWalker - Visiting attribute path : ip
20:27:00.542 [main] DEBUG o.h.p.w.spi.MetamodelGraphWalker - Visiting attribute path : time
20:27:00.542 [main] DEBUG o.h.p.w.spi.MetamodelGraphWalker - Visiting attribute path : user
20:27:00.542 [main] DEBUG o.h.l.p.b.i.spaces.QuerySpacesImpl - Adding QuerySpace : uid = <gen:1> -> org.hibernate.loader.plan.build.internal.spaces.EntityQuerySpaceImpl@373f9623]
20:27:00.542 [main] DEBUG o.h.p.w.spi.MetamodelGraphWalker - Visiting attribute path : user.enabled
20:27:00.542 [main] DEBUG o.h.p.w.spi.MetamodelGraphWalker - Visiting attribute path : user.password
20:27:00.542 [main] DEBUG o.h.p.w.spi.MetamodelGraphWalker - Visiting attribute path : user.role
20:27:00.543 [main] DEBUG o.h.l.p.b.i.FetchStyleLoadPlanBuildingAssociationVisitationStrategy - Building LoadPlan...
20:27:00.543 [main] DEBUG o.h.l.p.e.i.LoadQueryJoinAndFetchProcessor - processing queryspace <gen:0>
20:27:00.543 [main] DEBUG o.h.l.p.b.spi.LoadPlanTreePrinter - LoadPlan(entity=edu.ncsu.csc.itrust2.models.persistent.LoginAttempt)
    - Returns
       - EntityReturnImpl(entity=edu.ncsu.csc.itrust2.models.persistent.LoginAttempt, querySpaceUid=<gen:0>, path=edu.ncsu.csc.itrust2.models.persistent.LoginAttempt)
          - EntityAttributeFetchImpl(entity=edu.ncsu.csc.itrust2.models.persistent.User, querySpaceUid=<gen:1>, path=edu.ncsu.csc.itrust2.models.persistent.LoginAttempt.user)
    - QuerySpaces
       - EntityQuerySpaceImpl(uid=<gen:0>, entity=edu.ncsu.csc.itrust2.models.persistent.LoginAttempt)
          - SQL table alias mapping - loginattem0_
          - alias suffix - 0_
          - suffixed key columns - {id1_7_0_}
          - JOIN (JoinDefinedByMetadata(user)) : <gen:0> -> <gen:1>
             - EntityQuerySpaceImpl(uid=<gen:1>, entity=edu.ncsu.csc.itrust2.models.persistent.User)
                - SQL table alias mapping - user1_
                - alias suffix - 1_
                - suffixed key columns - {username1_15_1_}

20:27:00.544 [main] DEBUG o.h.loader.entity.plan.EntityLoader - Static select for entity edu.ncsu.csc.itrust2.models.persistent.LoginAttempt [READ]: select loginattem0_.id as id1_7_0_, loginattem0_.ip as ip2_7_0_, loginattem0_.time as time3_7_0_, loginattem0_.user_id as user_id4_7_0_, user1_.username as username1_15_1_, user1_.enabled as enabled2_15_1_, user1_.password as password3_15_1_, user1_.role as role4_15_1_ from LoginAttempts loginattem0_ left outer join Users user1_ on loginattem0_.user_id=user1_.username where loginattem0_.id=?
20:27:00.544 [main] DEBUG o.h.l.p.b.i.spaces.QuerySpacesImpl - Adding QuerySpace : uid = <gen:0> -> org.hibernate.loader.plan.build.internal.spaces.EntityQuerySpaceImpl@41ebc752]
20:27:00.544 [main] DEBUG o.h.p.w.spi.MetamodelGraphWalker - Visiting attribute path : ip
20:27:00.544 [main] DEBUG o.h.p.w.spi.MetamodelGraphWalker - Visiting attribute path : time
20:27:00.544 [main] DEBUG o.h.p.w.spi.MetamodelGraphWalker - Visiting attribute path : user
20:27:00.544 [main] DEBUG o.h.l.p.b.i.spaces.QuerySpacesImpl - Adding QuerySpace : uid = <gen:1> -> org.hibernate.loader.plan.build.internal.spaces.EntityQuerySpaceImpl@57bc7fc0]
20:27:00.544 [main] DEBUG o.h.l.p.b.i.FetchStyleLoadPlanBuildingAssociationVisitationStrategy - Building LoadPlan...
20:27:00.545 [main] DEBUG o.h.l.p.e.i.LoadQueryJoinAndFetchProcessor - processing queryspace <gen:0>
20:27:00.545 [main] DEBUG o.h.l.p.b.spi.LoadPlanTreePrinter - LoadPlan(entity=edu.ncsu.csc.itrust2.models.persistent.LoginAttempt)
    - Returns
       - EntityReturnImpl(entity=edu.ncsu.csc.itrust2.models.persistent.LoginAttempt, querySpaceUid=<gen:0>, path=edu.ncsu.csc.itrust2.models.persistent.LoginAttempt)
          - EntityAttributeFetchImpl(entity=edu.ncsu.csc.itrust2.models.persistent.User, querySpaceUid=<gen:1>, path=edu.ncsu.csc.itrust2.models.persistent.LoginAttempt.user)
    - QuerySpaces
       - EntityQuerySpaceImpl(uid=<gen:0>, entity=edu.ncsu.csc.itrust2.models.persistent.LoginAttempt)
          - SQL table alias mapping - loginattem0_
          - alias suffix - 0_
          - suffixed key columns - {id1_7_0_}

20:27:00.545 [main] DEBUG o.h.loader.entity.plan.EntityLoader - Static select for entity edu.ncsu.csc.itrust2.models.persistent.LoginAttempt [UPGRADE]: select loginattem0_.id as id1_7_0_, loginattem0_.ip as ip2_7_0_, loginattem0_.time as time3_7_0_, loginattem0_.user_id as user_id4_7_0_ from LoginAttempts loginattem0_ where loginattem0_.id=? for update
20:27:00.545 [main] DEBUG o.h.l.p.b.i.spaces.QuerySpacesImpl - Adding QuerySpace : uid = <gen:0> -> org.hibernate.loader.plan.build.internal.spaces.EntityQuerySpaceImpl@231bbbf2]
20:27:00.546 [main] DEBUG o.h.p.w.spi.MetamodelGraphWalker - Visiting attribute path : ip
20:27:00.546 [main] DEBUG o.h.p.w.spi.MetamodelGraphWalker - Visiting attribute path : time
20:27:00.546 [main] DEBUG o.h.p.w.spi.MetamodelGraphWalker - Visiting attribute path : user
20:27:00.546 [main] DEBUG o.h.l.p.b.i.spaces.QuerySpacesImpl - Adding QuerySpace : uid = <gen:1> -> org.hibernate.loader.plan.build.internal.spaces.EntityQuerySpaceImpl@6b9c5c90]
20:27:00.546 [main] DEBUG o.h.l.p.b.i.FetchStyleLoadPlanBuildingAssociationVisitationStrategy - Building LoadPlan...
20:27:00.546 [main] DEBUG o.h.l.p.e.i.LoadQueryJoinAndFetchProcessor - processing queryspace <gen:0>
20:27:00.547 [main] DEBUG o.h.l.p.b.spi.LoadPlanTreePrinter - LoadPlan(entity=edu.ncsu.csc.itrust2.models.persistent.LoginAttempt)
    - Returns
       - EntityReturnImpl(entity=edu.ncsu.csc.itrust2.models.persistent.LoginAttempt, querySpaceUid=<gen:0>, path=edu.ncsu.csc.itrust2.models.persistent.LoginAttempt)
          - EntityAttributeFetchImpl(entity=edu.ncsu.csc.itrust2.models.persistent.User, querySpaceUid=<gen:1>, path=edu.ncsu.csc.itrust2.models.persistent.LoginAttempt.user)
    - QuerySpaces
       - EntityQuerySpaceImpl(uid=<gen:0>, entity=edu.ncsu.csc.itrust2.models.persistent.LoginAttempt)
          - SQL table alias mapping - loginattem0_
          - alias suffix - 0_
          - suffixed key columns - {id1_7_0_}

20:27:00.547 [main] DEBUG o.h.loader.entity.plan.EntityLoader - Static select for entity edu.ncsu.csc.itrust2.models.persistent.LoginAttempt [UPGRADE_NOWAIT]: select loginattem0_.id as id1_7_0_, loginattem0_.ip as ip2_7_0_, loginattem0_.time as time3_7_0_, loginattem0_.user_id as user_id4_7_0_ from LoginAttempts loginattem0_ where loginattem0_.id=? for update
20:27:00.547 [main] DEBUG o.h.l.p.b.i.spaces.QuerySpacesImpl - Adding QuerySpace : uid = <gen:0> -> org.hibernate.loader.plan.build.internal.spaces.EntityQuerySpaceImpl@5fea7c5c]
20:27:00.547 [main] DEBUG o.h.p.w.spi.MetamodelGraphWalker - Visiting attribute path : ip
20:27:00.547 [main] DEBUG o.h.p.w.spi.MetamodelGraphWalker - Visiting attribute path : time
20:27:00.547 [main] DEBUG o.h.p.w.spi.MetamodelGraphWalker - Visiting attribute path : user
20:27:00.548 [main] DEBUG o.h.l.p.b.i.spaces.QuerySpacesImpl - Adding QuerySpace : uid = <gen:1> -> org.hibernate.loader.plan.build.internal.spaces.EntityQuerySpaceImpl@34dc8c4f]
20:27:00.548 [main] DEBUG o.h.l.p.b.i.FetchStyleLoadPlanBuildingAssociationVisitationStrategy - Building LoadPlan...
20:27:00.548 [main] DEBUG o.h.l.p.e.i.LoadQueryJoinAndFetchProcessor - processing queryspace <gen:0>
20:27:00.548 [main] DEBUG o.h.l.p.b.spi.LoadPlanTreePrinter - LoadPlan(entity=edu.ncsu.csc.itrust2.models.persistent.LoginAttempt)
    - Returns
       - EntityReturnImpl(entity=edu.ncsu.csc.itrust2.models.persistent.LoginAttempt, querySpaceUid=<gen:0>, path=edu.ncsu.csc.itrust2.models.persistent.LoginAttempt)
          - EntityAttributeFetchImpl(entity=edu.ncsu.csc.itrust2.models.persistent.User, querySpaceUid=<gen:1>, path=edu.ncsu.csc.itrust2.models.persistent.LoginAttempt.user)
    - QuerySpaces
       - EntityQuerySpaceImpl(uid=<gen:0>, entity=edu.ncsu.csc.itrust2.models.persistent.LoginAttempt)
          - SQL table alias mapping - loginattem0_
          - alias suffix - 0_
          - suffixed key columns - {id1_7_0_}

20:27:00.548 [main] DEBUG o.h.loader.entity.plan.EntityLoader - Static select for entity edu.ncsu.csc.itrust2.models.persistent.LoginAttempt [UPGRADE_SKIPLOCKED]: select loginattem0_.id as id1_7_0_, loginattem0_.ip as ip2_7_0_, loginattem0_.time as time3_7_0_, loginattem0_.user_id as user_id4_7_0_ from LoginAttempts loginattem0_ where loginattem0_.id=? for update
20:27:00.549 [main] DEBUG o.h.l.p.b.i.spaces.QuerySpacesImpl - Adding QuerySpace : uid = <gen:0> -> org.hibernate.loader.plan.build.internal.spaces.EntityQuerySpaceImpl@3dad3e98]
20:27:00.549 [main] DEBUG o.h.p.w.spi.MetamodelGraphWalker - Visiting attribute path : ip
20:27:00.549 [main] DEBUG o.h.p.w.spi.MetamodelGraphWalker - Visiting attribute path : time
20:27:00.549 [main] DEBUG o.h.p.w.spi.MetamodelGraphWalker - Visiting attribute path : user
20:27:00.549 [main] DEBUG o.h.l.p.b.i.spaces.QuerySpacesImpl - Adding QuerySpace : uid = <gen:1> -> org.hibernate.loader.plan.build.internal.spaces.EntityQuerySpaceImpl@141fe0f8]
20:27:00.549 [main] DEBUG o.h.l.p.b.i.FetchStyleLoadPlanBuildingAssociationVisitationStrategy - Building LoadPlan...
20:27:00.558 [main] DEBUG o.h.l.p.e.i.LoadQueryJoinAndFetchProcessor - processing queryspace <gen:0>
20:27:00.559 [main] DEBUG o.h.l.p.b.spi.LoadPlanTreePrinter - LoadPlan(entity=edu.ncsu.csc.itrust2.models.persistent.LoginAttempt)
    - Returns
       - EntityReturnImpl(entity=edu.ncsu.csc.itrust2.models.persistent.LoginAttempt, querySpaceUid=<gen:0>, path=edu.ncsu.csc.itrust2.models.persistent.LoginAttempt)
          - EntityAttributeFetchImpl(entity=edu.ncsu.csc.itrust2.models.persistent.User, querySpaceUid=<gen:1>, path=edu.ncsu.csc.itrust2.models.persistent.LoginAttempt.user)
    - QuerySpaces
       - EntityQuerySpaceImpl(uid=<gen:0>, entity=edu.ncsu.csc.itrust2.models.persistent.LoginAttempt)
          - SQL table alias mapping - loginattem0_
          - alias suffix - 0_
          - suffixed key columns - {id1_7_0_}

20:27:00.559 [main] DEBUG o.h.loader.entity.plan.EntityLoader - Static select for entity edu.ncsu.csc.itrust2.models.persistent.LoginAttempt [FORCE]: select loginattem0_.id as id1_7_0_, loginattem0_.ip as ip2_7_0_, loginattem0_.time as time3_7_0_, loginattem0_.user_id as user_id4_7_0_ from LoginAttempts loginattem0_ where loginattem0_.id=? for update
20:27:00.559 [main] DEBUG o.h.l.p.b.i.spaces.QuerySpacesImpl - Adding QuerySpace : uid = <gen:0> -> org.hibernate.loader.plan.build.internal.spaces.EntityQuerySpaceImpl@44f1a8c0]
20:27:00.559 [main] DEBUG o.h.p.w.spi.MetamodelGraphWalker - Visiting attribute path : ip
20:27:00.559 [main] DEBUG o.h.p.w.spi.MetamodelGraphWalker - Visiting attribute path : time
20:27:00.559 [main] DEBUG o.h.p.w.spi.MetamodelGraphWalker - Visiting attribute path : user
20:27:00.559 [main] DEBUG o.h.l.p.b.i.spaces.QuerySpacesImpl - Adding QuerySpace : uid = <gen:1> -> org.hibernate.loader.plan.build.internal.spaces.EntityQuerySpaceImpl@6cc6060f]
20:27:00.559 [main] DEBUG o.h.l.p.b.i.FetchStyleLoadPlanBuildingAssociationVisitationStrategy - Building LoadPlan...
20:27:00.562 [main] DEBUG o.h.l.p.e.i.LoadQueryJoinAndFetchProcessor - processing queryspace <gen:0>
20:27:00.563 [main] DEBUG o.h.l.p.b.spi.LoadPlanTreePrinter - LoadPlan(entity=edu.ncsu.csc.itrust2.models.persistent.LoginAttempt)
    - Returns
       - EntityReturnImpl(entity=edu.ncsu.csc.itrust2.models.persistent.LoginAttempt, querySpaceUid=<gen:0>, path=edu.ncsu.csc.itrust2.models.persistent.LoginAttempt)
          - EntityAttributeFetchImpl(entity=edu.ncsu.csc.itrust2.models.persistent.User, querySpaceUid=<gen:1>, path=edu.ncsu.csc.itrust2.models.persistent.LoginAttempt.user)
    - QuerySpaces
       - EntityQuerySpaceImpl(uid=<gen:0>, entity=edu.ncsu.csc.itrust2.models.persistent.LoginAttempt)
          - SQL table alias mapping - loginattem0_
          - alias suffix - 0_
          - suffixed key columns - {id1_7_0_}

20:27:00.563 [main] DEBUG o.h.loader.entity.plan.EntityLoader - Static select for entity edu.ncsu.csc.itrust2.models.persistent.LoginAttempt [PESSIMISTIC_READ]: select loginattem0_.id as id1_7_0_, loginattem0_.ip as ip2_7_0_, loginattem0_.time as time3_7_0_, loginattem0_.user_id as user_id4_7_0_ from LoginAttempts loginattem0_ where loginattem0_.id=? lock in share mode
20:27:00.563 [main] DEBUG o.h.l.p.b.i.spaces.QuerySpacesImpl - Adding QuerySpace : uid = <gen:0> -> org.hibernate.loader.plan.build.internal.spaces.EntityQuerySpaceImpl@735234f]
20:27:00.563 [main] DEBUG o.h.p.w.spi.MetamodelGraphWalker - Visiting attribute path : ip
20:27:00.563 [main] DEBUG o.h.p.w.spi.MetamodelGraphWalker - Visiting attribute path : time
20:27:00.563 [main] DEBUG o.h.p.w.spi.MetamodelGraphWalker - Visiting attribute path : user
20:27:00.563 [main] DEBUG o.h.l.p.b.i.spaces.QuerySpacesImpl - Adding QuerySpace : uid = <gen:1> -> org.hibernate.loader.plan.build.internal.spaces.EntityQuerySpaceImpl@3e7ea7f7]
20:27:00.564 [main] DEBUG o.h.l.p.b.i.FetchStyleLoadPlanBuildingAssociationVisitationStrategy - Building LoadPlan...
20:27:00.564 [main] DEBUG o.h.l.p.e.i.LoadQueryJoinAndFetchProcessor - processing queryspace <gen:0>
20:27:00.564 [main] DEBUG o.h.l.p.b.spi.LoadPlanTreePrinter - LoadPlan(entity=edu.ncsu.csc.itrust2.models.persistent.LoginAttempt)
    - Returns
       - EntityReturnImpl(entity=edu.ncsu.csc.itrust2.models.persistent.LoginAttempt, querySpaceUid=<gen:0>, path=edu.ncsu.csc.itrust2.models.persistent.LoginAttempt)
          - EntityAttributeFetchImpl(entity=edu.ncsu.csc.itrust2.models.persistent.User, querySpaceUid=<gen:1>, path=edu.ncsu.csc.itrust2.models.persistent.LoginAttempt.user)
    - QuerySpaces
       - EntityQuerySpaceImpl(uid=<gen:0>, entity=edu.ncsu.csc.itrust2.models.persistent.LoginAttempt)
          - SQL table alias mapping - loginattem0_
          - alias suffix - 0_
          - suffixed key columns - {id1_7_0_}

20:27:00.564 [main] DEBUG o.h.loader.entity.plan.EntityLoader - Static select for entity edu.ncsu.csc.itrust2.models.persistent.LoginAttempt [PESSIMISTIC_WRITE]: select loginattem0_.id as id1_7_0_, loginattem0_.ip as ip2_7_0_, loginattem0_.time as time3_7_0_, loginattem0_.user_id as user_id4_7_0_ from LoginAttempts loginattem0_ where loginattem0_.id=? for update
20:27:00.565 [main] DEBUG o.h.l.p.b.i.spaces.QuerySpacesImpl - Adding QuerySpace : uid = <gen:0> -> org.hibernate.loader.plan.build.internal.spaces.EntityQuerySpaceImpl@62543849]
20:27:00.565 [main] DEBUG o.h.p.w.spi.MetamodelGraphWalker - Visiting attribute path : ip
20:27:00.565 [main] DEBUG o.h.p.w.spi.MetamodelGraphWalker - Visiting attribute path : time
20:27:00.565 [main] DEBUG o.h.p.w.spi.MetamodelGraphWalker - Visiting attribute path : user
20:27:00.565 [main] DEBUG o.h.l.p.b.i.spaces.QuerySpacesImpl - Adding QuerySpace : uid = <gen:1> -> org.hibernate.loader.plan.build.internal.spaces.EntityQuerySpaceImpl@5befc078]
20:27:00.565 [main] DEBUG o.h.l.p.b.i.FetchStyleLoadPlanBuildingAssociationVisitationStrategy - Building LoadPlan...
20:27:00.566 [main] DEBUG o.h.l.p.e.i.LoadQueryJoinAndFetchProcessor - processing queryspace <gen:0>
20:27:00.567 [main] DEBUG o.h.l.p.b.spi.LoadPlanTreePrinter - LoadPlan(entity=edu.ncsu.csc.itrust2.models.persistent.LoginAttempt)
    - Returns
       - EntityReturnImpl(entity=edu.ncsu.csc.itrust2.models.persistent.LoginAttempt, querySpaceUid=<gen:0>, path=edu.ncsu.csc.itrust2.models.persistent.LoginAttempt)
          - EntityAttributeFetchImpl(entity=edu.ncsu.csc.itrust2.models.persistent.User, querySpaceUid=<gen:1>, path=edu.ncsu.csc.itrust2.models.persistent.LoginAttempt.user)
    - QuerySpaces
       - EntityQuerySpaceImpl(uid=<gen:0>, entity=edu.ncsu.csc.itrust2.models.persistent.LoginAttempt)
          - SQL table alias mapping - loginattem0_
          - alias suffix - 0_
          - suffixed key columns - {id1_7_0_}

20:27:00.567 [main] DEBUG o.h.loader.entity.plan.EntityLoader - Static select for entity edu.ncsu.csc.itrust2.models.persistent.LoginAttempt [PESSIMISTIC_FORCE_INCREMENT]: select loginattem0_.id as id1_7_0_, loginattem0_.ip as ip2_7_0_, loginattem0_.time as time3_7_0_, loginattem0_.user_id as user_id4_7_0_ from LoginAttempts loginattem0_ where loginattem0_.id=? for update
20:27:00.567 [main] DEBUG o.h.l.p.b.i.spaces.QuerySpacesImpl - Adding QuerySpace : uid = <gen:0> -> org.hibernate.loader.plan.build.internal.spaces.EntityQuerySpaceImpl@10e595ed]
20:27:00.567 [main] DEBUG o.h.p.w.spi.MetamodelGraphWalker - Visiting attribute path : ip
20:27:00.567 [main] DEBUG o.h.p.w.spi.MetamodelGraphWalker - Visiting attribute path : time
20:27:00.567 [main] DEBUG o.h.p.w.spi.MetamodelGraphWalker - Visiting attribute path : user
20:27:00.568 [main] DEBUG o.h.l.p.b.i.spaces.QuerySpacesImpl - Adding QuerySpace : uid = <gen:1> -> org.hibernate.loader.plan.build.internal.spaces.EntityQuerySpaceImpl@35034651]
20:27:00.568 [main] DEBUG o.h.l.p.b.i.FetchStyleLoadPlanBuildingAssociationVisitationStrategy - Building LoadPlan...
20:27:00.568 [main] DEBUG o.h.l.p.e.i.LoadQueryJoinAndFetchProcessor - processing queryspace <gen:0>
20:27:00.569 [main] DEBUG o.h.l.p.b.spi.LoadPlanTreePrinter - LoadPlan(entity=edu.ncsu.csc.itrust2.models.persistent.LoginAttempt)
    - Returns
       - EntityReturnImpl(entity=edu.ncsu.csc.itrust2.models.persistent.LoginAttempt, querySpaceUid=<gen:0>, path=edu.ncsu.csc.itrust2.models.persistent.LoginAttempt)
          - EntityAttributeFetchImpl(entity=edu.ncsu.csc.itrust2.models.persistent.User, querySpaceUid=<gen:1>, path=edu.ncsu.csc.itrust2.models.persistent.LoginAttempt.user)
    - QuerySpaces
       - EntityQuerySpaceImpl(uid=<gen:0>, entity=edu.ncsu.csc.itrust2.models.persistent.LoginAttempt)
          - SQL table alias mapping - loginattem0_
          - alias suffix - 0_
          - suffixed key columns - {id1_7_0_}

20:27:00.569 [main] DEBUG o.h.loader.entity.plan.EntityLoader - Static select for entity edu.ncsu.csc.itrust2.models.persistent.LoginAttempt [OPTIMISTIC]: select loginattem0_.id as id1_7_0_, loginattem0_.ip as ip2_7_0_, loginattem0_.time as time3_7_0_, loginattem0_.user_id as user_id4_7_0_ from LoginAttempts loginattem0_ where loginattem0_.id=?
20:27:00.569 [main] DEBUG o.h.l.p.b.i.spaces.QuerySpacesImpl - Adding QuerySpace : uid = <gen:0> -> org.hibernate.loader.plan.build.internal.spaces.EntityQuerySpaceImpl@10cabc89]
20:27:00.569 [main] DEBUG o.h.p.w.spi.MetamodelGraphWalker - Visiting attribute path : ip
20:27:00.569 [main] DEBUG o.h.p.w.spi.MetamodelGraphWalker - Visiting attribute path : time
20:27:00.569 [main] DEBUG o.h.p.w.spi.MetamodelGraphWalker - Visiting attribute path : user
20:27:00.570 [main] DEBUG o.h.l.p.b.i.spaces.QuerySpacesImpl - Adding QuerySpace : uid = <gen:1> -> org.hibernate.loader.plan.build.internal.spaces.EntityQuerySpaceImpl@7cd203ee]
20:27:00.570 [main] DEBUG o.h.l.p.b.i.FetchStyleLoadPlanBuildingAssociationVisitationStrategy - Building LoadPlan...
20:27:00.570 [main] DEBUG o.h.l.p.e.i.LoadQueryJoinAndFetchProcessor - processing queryspace <gen:0>
20:27:00.571 [main] DEBUG o.h.l.p.b.spi.LoadPlanTreePrinter - LoadPlan(entity=edu.ncsu.csc.itrust2.models.persistent.LoginAttempt)
    - Returns
       - EntityReturnImpl(entity=edu.ncsu.csc.itrust2.models.persistent.LoginAttempt, querySpaceUid=<gen:0>, path=edu.ncsu.csc.itrust2.models.persistent.LoginAttempt)
          - EntityAttributeFetchImpl(entity=edu.ncsu.csc.itrust2.models.persistent.User, querySpaceUid=<gen:1>, path=edu.ncsu.csc.itrust2.models.persistent.LoginAttempt.user)
    - QuerySpaces
       - EntityQuerySpaceImpl(uid=<gen:0>, entity=edu.ncsu.csc.itrust2.models.persistent.LoginAttempt)
          - SQL table alias mapping - loginattem0_
          - alias suffix - 0_
          - suffixed key columns - {id1_7_0_}

20:27:00.571 [main] DEBUG o.h.loader.entity.plan.EntityLoader - Static select for entity edu.ncsu.csc.itrust2.models.persistent.LoginAttempt [OPTIMISTIC_FORCE_INCREMENT]: select loginattem0_.id as id1_7_0_, loginattem0_.ip as ip2_7_0_, loginattem0_.time as time3_7_0_, loginattem0_.user_id as user_id4_7_0_ from LoginAttempts loginattem0_ where loginattem0_.id=?
20:27:00.571 [main] DEBUG org.hibernate.loader.Loader - Static select for action ACTION_MERGE on entity edu.ncsu.csc.itrust2.models.persistent.LoginAttempt: select loginattem0_.id as id1_7_0_, loginattem0_.ip as ip2_7_0_, loginattem0_.time as time3_7_0_, loginattem0_.user_id as user_id4_7_0_ from LoginAttempts loginattem0_ where loginattem0_.id=?
20:27:00.572 [main] DEBUG org.hibernate.loader.Loader - Static select for action ACTION_REFRESH on entity edu.ncsu.csc.itrust2.models.persistent.LoginAttempt: select loginattem0_.id as id1_7_0_, loginattem0_.ip as ip2_7_0_, loginattem0_.time as time3_7_0_, loginattem0_.user_id as user_id4_7_0_ from LoginAttempts loginattem0_ where loginattem0_.id=?
20:27:00.572 [main] DEBUG o.h.p.entity.AbstractEntityPersister - Static SQL for entity: edu.ncsu.csc.itrust2.models.persistent.Patient
20:27:00.572 [main] DEBUG o.h.p.entity.AbstractEntityPersister -  Version select: select self_id from Patients where self_id =?
20:27:00.572 [main] DEBUG o.h.p.entity.AbstractEntityPersister -  Snapshot select: select patient_.self_id, patient_.address1 as address1_12_, patient_.address2 as address2_12_, patient_.bloodType as bloodTyp3_12_, patient_.causeOfDeath as causeOfD4_12_, patient_.city as city5_12_, patient_.dateOfBirth as dateOfBi6_12_, patient_.dateOfDeath as dateOfDe7_12_, patient_.email as email8_12_, patient_.ethnicity as ethnicit9_12_, patient_.father_id as father_19_12_, patient_.firstName as firstNa10_12_, patient_.gender as gender11_12_, patient_.id as id12_12_, patient_.lastName as lastNam13_12_, patient_.mother_id as mother_20_12_, patient_.phone as phone14_12_, patient_.preferredName as preferr15_12_, patient_.state as state16_12_, patient_.zip as zip17_12_ from Patients patient_ where patient_.self_id=?
20:27:00.572 [main] DEBUG o.h.p.entity.AbstractEntityPersister -  Insert 0: insert into Patients (address1, address2, bloodType, causeOfDeath, city, dateOfBirth, dateOfDeath, email, ethnicity, father_id, firstName, gender, id, lastName, mother_id, phone, preferredName, state, zip, self_id) values (?, ?, ?, ?, ?, ?, ?, ?, ?, ?, ?, ?, ?, ?, ?, ?, ?, ?, ?, ?)
20:27:00.572 [main] DEBUG o.h.p.entity.AbstractEntityPersister -  Update 0: update Patients set address1=?, address2=?, bloodType=?, causeOfDeath=?, city=?, dateOfBirth=?, dateOfDeath=?, email=?, ethnicity=?, father_id=?, firstName=?, gender=?, id=?, lastName=?, mother_id=?, phone=?, preferredName=?, state=?, zip=? where self_id=?
20:27:00.572 [main] DEBUG o.h.p.entity.AbstractEntityPersister -  Delete 0: delete from Patients where self_id=?
20:27:00.572 [main] DEBUG o.h.l.p.b.i.spaces.QuerySpacesImpl - Adding QuerySpace : uid = <gen:0> -> org.hibernate.loader.plan.build.internal.spaces.EntityQuerySpaceImpl@534ce3eb]
20:27:00.574 [main] DEBUG o.h.l.p.b.i.spaces.QuerySpacesImpl - Adding QuerySpace : uid = <gen:0>-id -> org.hibernate.loader.plan.build.internal.spaces.CompositeQuerySpaceImpl@268c2ab0]
20:27:00.578 [main] DEBUG o.h.p.w.spi.MetamodelGraphWalker - Visiting attribute path : self
20:27:00.578 [main] DEBUG o.h.p.w.spi.MetamodelGraphWalker - Property path deemed to be circular : self
20:27:00.578 [main] DEBUG o.h.p.w.spi.MetamodelGraphWalker - Visiting attribute path : address1
20:27:00.579 [main] DEBUG o.h.p.w.spi.MetamodelGraphWalker - Visiting attribute path : address2
20:27:00.579 [main] DEBUG o.h.p.w.spi.MetamodelGraphWalker - Visiting attribute path : bloodType
20:27:00.579 [main] DEBUG o.h.p.w.spi.MetamodelGraphWalker - Visiting attribute path : causeOfDeath
20:27:00.579 [main] DEBUG o.h.p.w.spi.MetamodelGraphWalker - Visiting attribute path : city
20:27:00.579 [main] DEBUG o.h.p.w.spi.MetamodelGraphWalker - Visiting attribute path : dateOfBirth
20:27:00.579 [main] DEBUG o.h.p.w.spi.MetamodelGraphWalker - Visiting attribute path : dateOfDeath
20:27:00.579 [main] DEBUG o.h.p.w.spi.MetamodelGraphWalker - Visiting attribute path : email
20:27:00.579 [main] DEBUG o.h.p.w.spi.MetamodelGraphWalker - Visiting attribute path : ethnicity
20:27:00.579 [main] DEBUG o.h.p.w.spi.MetamodelGraphWalker - Visiting attribute path : father
20:27:00.580 [main] DEBUG o.h.l.p.b.i.spaces.QuerySpacesImpl - Adding QuerySpace : uid = <gen:1> -> org.hibernate.loader.plan.build.internal.spaces.EntityQuerySpaceImpl@6ec585f4]
20:27:00.580 [main] DEBUG o.h.p.w.spi.MetamodelGraphWalker - Visiting attribute path : father.enabled
20:27:00.580 [main] DEBUG o.h.p.w.spi.MetamodelGraphWalker - Visiting attribute path : father.password
20:27:00.580 [main] DEBUG o.h.p.w.spi.MetamodelGraphWalker - Visiting attribute path : father.role
20:27:00.580 [main] DEBUG o.h.p.w.spi.MetamodelGraphWalker - Visiting attribute path : firstName
20:27:00.580 [main] DEBUG o.h.p.w.spi.MetamodelGraphWalker - Visiting attribute path : gender
20:27:00.580 [main] DEBUG o.h.p.w.spi.MetamodelGraphWalker - Visiting attribute path : id
20:27:00.580 [main] DEBUG o.h.p.w.spi.MetamodelGraphWalker - Visiting attribute path : lastName
20:27:00.580 [main] DEBUG o.h.p.w.spi.MetamodelGraphWalker - Visiting attribute path : mother
20:27:00.581 [main] DEBUG o.h.l.p.b.i.spaces.QuerySpacesImpl - Adding QuerySpace : uid = <gen:2> -> org.hibernate.loader.plan.build.internal.spaces.EntityQuerySpaceImpl@4c6275f0]
20:27:00.581 [main] DEBUG o.h.p.w.spi.MetamodelGraphWalker - Visiting attribute path : mother.enabled
20:27:00.581 [main] DEBUG o.h.p.w.spi.MetamodelGraphWalker - Visiting attribute path : mother.password
20:27:00.581 [main] DEBUG o.h.p.w.spi.MetamodelGraphWalker - Visiting attribute path : mother.role
20:27:00.582 [main] DEBUG o.h.p.w.spi.MetamodelGraphWalker - Visiting attribute path : phone
20:27:00.582 [main] DEBUG o.h.p.w.spi.MetamodelGraphWalker - Visiting attribute path : preferredName
20:27:00.582 [main] DEBUG o.h.p.w.spi.MetamodelGraphWalker - Visiting attribute path : state
20:27:00.582 [main] DEBUG o.h.p.w.spi.MetamodelGraphWalker - Visiting attribute path : zip
20:27:00.582 [main] DEBUG o.h.l.p.b.i.FetchStyleLoadPlanBuildingAssociationVisitationStrategy - Building LoadPlan...
20:27:00.585 [main] DEBUG o.h.l.p.e.i.LoadQueryJoinAndFetchProcessor - processing queryspace <gen:0>
20:27:00.590 [main] DEBUG o.h.l.p.b.spi.LoadPlanTreePrinter - LoadPlan(entity=edu.ncsu.csc.itrust2.models.persistent.Patient)
    - Returns
       - EntityReturnImpl(entity=edu.ncsu.csc.itrust2.models.persistent.Patient, querySpaceUid=<gen:0>, path=edu.ncsu.csc.itrust2.models.persistent.Patient)
          - EntityAttributeFetchImpl(entity=edu.ncsu.csc.itrust2.models.persistent.User, querySpaceUid=<gen:1>, path=edu.ncsu.csc.itrust2.models.persistent.Patient.father)
          - EntityAttributeFetchImpl(entity=edu.ncsu.csc.itrust2.models.persistent.User, querySpaceUid=<gen:2>, path=edu.ncsu.csc.itrust2.models.persistent.Patient.mother)
    - QuerySpaces
       - EntityQuerySpaceImpl(uid=<gen:0>, entity=edu.ncsu.csc.itrust2.models.persistent.Patient)
          - SQL table alias mapping - patient0_
          - alias suffix - 0_
          - suffixed key columns - {self_id18_12_0_}
          - JOIN (JoinDefinedByMetadata(id)) : <gen:0> -> <gen:0>-id
             - CompositeQuerySpaceImpl(uid=<gen:0>-id)
                - SQL table alias mapping - patient0_
          - JOIN (JoinDefinedByMetadata(father)) : <gen:0> -> <gen:1>
             - EntityQuerySpaceImpl(uid=<gen:1>, entity=edu.ncsu.csc.itrust2.models.persistent.User)
                - SQL table alias mapping - user1_
                - alias suffix - 1_
                - suffixed key columns - {username1_15_1_}
          - JOIN (JoinDefinedByMetadata(mother)) : <gen:0> -> <gen:2>
             - EntityQuerySpaceImpl(uid=<gen:2>, entity=edu.ncsu.csc.itrust2.models.persistent.User)
                - SQL table alias mapping - user2_
                - alias suffix - 2_
                - suffixed key columns - {username1_15_2_}

20:27:00.590 [main] DEBUG o.h.loader.entity.plan.EntityLoader - Static select for entity edu.ncsu.csc.itrust2.models.persistent.Patient [NONE]: select patient0_.self_id as self_id18_12_0_, patient0_.address1 as address1_12_0_, patient0_.address2 as address2_12_0_, patient0_.bloodType as bloodTyp3_12_0_, patient0_.causeOfDeath as causeOfD4_12_0_, patient0_.city as city5_12_0_, patient0_.dateOfBirth as dateOfBi6_12_0_, patient0_.dateOfDeath as dateOfDe7_12_0_, patient0_.email as email8_12_0_, patient0_.ethnicity as ethnicit9_12_0_, patient0_.father_id as father_19_12_0_, patient0_.firstName as firstNa10_12_0_, patient0_.gender as gender11_12_0_, patient0_.id as id12_12_0_, patient0_.lastName as lastNam13_12_0_, patient0_.mother_id as mother_20_12_0_, patient0_.phone as phone14_12_0_, patient0_.preferredName as preferr15_12_0_, patient0_.state as state16_12_0_, patient0_.zip as zip17_12_0_, user1_.username as username1_15_1_, user1_.enabled as enabled2_15_1_, user1_.password as password3_15_1_, user1_.role as role4_15_1_, user2_.username as username1_15_2_, user2_.enabled as enabled2_15_2_, user2_.password as password3_15_2_, user2_.role as role4_15_2_ from Patients patient0_ left outer join Users user1_ on patient0_.father_id=user1_.username left outer join Users user2_ on patient0_.mother_id=user2_.username where patient0_.self_id=?
20:27:00.590 [main] DEBUG o.h.l.p.b.i.spaces.QuerySpacesImpl - Adding QuerySpace : uid = <gen:0> -> org.hibernate.loader.plan.build.internal.spaces.EntityQuerySpaceImpl@7406db58]
20:27:00.591 [main] DEBUG o.h.l.p.b.i.spaces.QuerySpacesImpl - Adding QuerySpace : uid = <gen:0>-id -> org.hibernate.loader.plan.build.internal.spaces.CompositeQuerySpaceImpl@1804a8c9]
20:27:00.591 [main] DEBUG o.h.p.w.spi.MetamodelGraphWalker - Visiting attribute path : self
20:27:00.591 [main] DEBUG o.h.p.w.spi.MetamodelGraphWalker - Property path deemed to be circular : self
20:27:00.591 [main] DEBUG o.h.p.w.spi.MetamodelGraphWalker - Visiting attribute path : address1
20:27:00.591 [main] DEBUG o.h.p.w.spi.MetamodelGraphWalker - Visiting attribute path : address2
20:27:00.591 [main] DEBUG o.h.p.w.spi.MetamodelGraphWalker - Visiting attribute path : bloodType
20:27:00.591 [main] DEBUG o.h.p.w.spi.MetamodelGraphWalker - Visiting attribute path : causeOfDeath
20:27:00.591 [main] DEBUG o.h.p.w.spi.MetamodelGraphWalker - Visiting attribute path : city
20:27:00.591 [main] DEBUG o.h.p.w.spi.MetamodelGraphWalker - Visiting attribute path : dateOfBirth
20:27:00.591 [main] DEBUG o.h.p.w.spi.MetamodelGraphWalker - Visiting attribute path : dateOfDeath
20:27:00.591 [main] DEBUG o.h.p.w.spi.MetamodelGraphWalker - Visiting attribute path : email
20:27:00.591 [main] DEBUG o.h.p.w.spi.MetamodelGraphWalker - Visiting attribute path : ethnicity
20:27:00.591 [main] DEBUG o.h.p.w.spi.MetamodelGraphWalker - Visiting attribute path : father
20:27:00.592 [main] DEBUG o.h.l.p.b.i.spaces.QuerySpacesImpl - Adding QuerySpace : uid = <gen:1> -> org.hibernate.loader.plan.build.internal.spaces.EntityQuerySpaceImpl@437292ee]
20:27:00.592 [main] DEBUG o.h.p.w.spi.MetamodelGraphWalker - Visiting attribute path : father.enabled
20:27:00.592 [main] DEBUG o.h.p.w.spi.MetamodelGraphWalker - Visiting attribute path : father.password
20:27:00.592 [main] DEBUG o.h.p.w.spi.MetamodelGraphWalker - Visiting attribute path : father.role
20:27:00.592 [main] DEBUG o.h.p.w.spi.MetamodelGraphWalker - Visiting attribute path : firstName
20:27:00.592 [main] DEBUG o.h.p.w.spi.MetamodelGraphWalker - Visiting attribute path : gender
20:27:00.592 [main] DEBUG o.h.p.w.spi.MetamodelGraphWalker - Visiting attribute path : id
20:27:00.592 [main] DEBUG o.h.p.w.spi.MetamodelGraphWalker - Visiting attribute path : lastName
20:27:00.592 [main] DEBUG o.h.p.w.spi.MetamodelGraphWalker - Visiting attribute path : mother
20:27:00.592 [main] DEBUG o.h.l.p.b.i.spaces.QuerySpacesImpl - Adding QuerySpace : uid = <gen:2> -> org.hibernate.loader.plan.build.internal.spaces.EntityQuerySpaceImpl@df6cc57]
20:27:00.592 [main] DEBUG o.h.p.w.spi.MetamodelGraphWalker - Visiting attribute path : mother.enabled
20:27:00.593 [main] DEBUG o.h.p.w.spi.MetamodelGraphWalker - Visiting attribute path : mother.password
20:27:00.593 [main] DEBUG o.h.p.w.spi.MetamodelGraphWalker - Visiting attribute path : mother.role
20:27:00.593 [main] DEBUG o.h.p.w.spi.MetamodelGraphWalker - Visiting attribute path : phone
20:27:00.593 [main] DEBUG o.h.p.w.spi.MetamodelGraphWalker - Visiting attribute path : preferredName
20:27:00.593 [main] DEBUG o.h.p.w.spi.MetamodelGraphWalker - Visiting attribute path : state
20:27:00.593 [main] DEBUG o.h.p.w.spi.MetamodelGraphWalker - Visiting attribute path : zip
20:27:00.593 [main] DEBUG o.h.l.p.b.i.FetchStyleLoadPlanBuildingAssociationVisitationStrategy - Building LoadPlan...
20:27:00.594 [main] DEBUG o.h.l.p.e.i.LoadQueryJoinAndFetchProcessor - processing queryspace <gen:0>
20:27:00.595 [main] DEBUG o.h.l.p.b.spi.LoadPlanTreePrinter - LoadPlan(entity=edu.ncsu.csc.itrust2.models.persistent.Patient)
    - Returns
       - EntityReturnImpl(entity=edu.ncsu.csc.itrust2.models.persistent.Patient, querySpaceUid=<gen:0>, path=edu.ncsu.csc.itrust2.models.persistent.Patient)
          - EntityAttributeFetchImpl(entity=edu.ncsu.csc.itrust2.models.persistent.User, querySpaceUid=<gen:1>, path=edu.ncsu.csc.itrust2.models.persistent.Patient.father)
          - EntityAttributeFetchImpl(entity=edu.ncsu.csc.itrust2.models.persistent.User, querySpaceUid=<gen:2>, path=edu.ncsu.csc.itrust2.models.persistent.Patient.mother)
    - QuerySpaces
       - EntityQuerySpaceImpl(uid=<gen:0>, entity=edu.ncsu.csc.itrust2.models.persistent.Patient)
          - SQL table alias mapping - patient0_
          - alias suffix - 0_
          - suffixed key columns - {self_id18_12_0_}
          - JOIN (JoinDefinedByMetadata(id)) : <gen:0> -> <gen:0>-id
             - CompositeQuerySpaceImpl(uid=<gen:0>-id)
                - SQL table alias mapping - patient0_
          - JOIN (JoinDefinedByMetadata(father)) : <gen:0> -> <gen:1>
             - EntityQuerySpaceImpl(uid=<gen:1>, entity=edu.ncsu.csc.itrust2.models.persistent.User)
                - SQL table alias mapping - user1_
                - alias suffix - 1_
                - suffixed key columns - {username1_15_1_}
          - JOIN (JoinDefinedByMetadata(mother)) : <gen:0> -> <gen:2>
             - EntityQuerySpaceImpl(uid=<gen:2>, entity=edu.ncsu.csc.itrust2.models.persistent.User)
                - SQL table alias mapping - user2_
                - alias suffix - 2_
                - suffixed key columns - {username1_15_2_}

20:27:00.595 [main] DEBUG o.h.loader.entity.plan.EntityLoader - Static select for entity edu.ncsu.csc.itrust2.models.persistent.Patient [READ]: select patient0_.self_id as self_id18_12_0_, patient0_.address1 as address1_12_0_, patient0_.address2 as address2_12_0_, patient0_.bloodType as bloodTyp3_12_0_, patient0_.causeOfDeath as causeOfD4_12_0_, patient0_.city as city5_12_0_, patient0_.dateOfBirth as dateOfBi6_12_0_, patient0_.dateOfDeath as dateOfDe7_12_0_, patient0_.email as email8_12_0_, patient0_.ethnicity as ethnicit9_12_0_, patient0_.father_id as father_19_12_0_, patient0_.firstName as firstNa10_12_0_, patient0_.gender as gender11_12_0_, patient0_.id as id12_12_0_, patient0_.lastName as lastNam13_12_0_, patient0_.mother_id as mother_20_12_0_, patient0_.phone as phone14_12_0_, patient0_.preferredName as preferr15_12_0_, patient0_.state as state16_12_0_, patient0_.zip as zip17_12_0_, user1_.username as username1_15_1_, user1_.enabled as enabled2_15_1_, user1_.password as password3_15_1_, user1_.role as role4_15_1_, user2_.username as username1_15_2_, user2_.enabled as enabled2_15_2_, user2_.password as password3_15_2_, user2_.role as role4_15_2_ from Patients patient0_ left outer join Users user1_ on patient0_.father_id=user1_.username left outer join Users user2_ on patient0_.mother_id=user2_.username where patient0_.self_id=?
20:27:00.596 [main] DEBUG o.h.l.p.b.i.spaces.QuerySpacesImpl - Adding QuerySpace : uid = <gen:0> -> org.hibernate.loader.plan.build.internal.spaces.EntityQuerySpaceImpl@39e7527a]
20:27:00.596 [main] DEBUG o.h.l.p.b.i.spaces.QuerySpacesImpl - Adding QuerySpace : uid = <gen:0>-id -> org.hibernate.loader.plan.build.internal.spaces.CompositeQuerySpaceImpl@2e38ed9f]
20:27:00.596 [main] DEBUG o.h.p.w.spi.MetamodelGraphWalker - Visiting attribute path : self
20:27:00.596 [main] DEBUG o.h.p.w.spi.MetamodelGraphWalker - Property path deemed to be circular : self
20:27:00.597 [main] DEBUG o.h.p.w.spi.MetamodelGraphWalker - Visiting attribute path : address1
20:27:00.597 [main] DEBUG o.h.p.w.spi.MetamodelGraphWalker - Visiting attribute path : address2
20:27:00.597 [main] DEBUG o.h.p.w.spi.MetamodelGraphWalker - Visiting attribute path : bloodType
20:27:00.597 [main] DEBUG o.h.p.w.spi.MetamodelGraphWalker - Visiting attribute path : causeOfDeath
20:27:00.597 [main] DEBUG o.h.p.w.spi.MetamodelGraphWalker - Visiting attribute path : city
20:27:00.597 [main] DEBUG o.h.p.w.spi.MetamodelGraphWalker - Visiting attribute path : dateOfBirth
20:27:00.597 [main] DEBUG o.h.p.w.spi.MetamodelGraphWalker - Visiting attribute path : dateOfDeath
20:27:00.597 [main] DEBUG o.h.p.w.spi.MetamodelGraphWalker - Visiting attribute path : email
20:27:00.597 [main] DEBUG o.h.p.w.spi.MetamodelGraphWalker - Visiting attribute path : ethnicity
20:27:00.597 [main] DEBUG o.h.p.w.spi.MetamodelGraphWalker - Visiting attribute path : father
20:27:00.597 [main] DEBUG o.h.l.p.b.i.spaces.QuerySpacesImpl - Adding QuerySpace : uid = <gen:1> -> org.hibernate.loader.plan.build.internal.spaces.EntityQuerySpaceImpl@52344e9d]
20:27:00.598 [main] DEBUG o.h.p.w.spi.MetamodelGraphWalker - Visiting attribute path : firstName
20:27:00.598 [main] DEBUG o.h.p.w.spi.MetamodelGraphWalker - Visiting attribute path : gender
20:27:00.598 [main] DEBUG o.h.p.w.spi.MetamodelGraphWalker - Visiting attribute path : id
20:27:00.598 [main] DEBUG o.h.p.w.spi.MetamodelGraphWalker - Visiting attribute path : lastName
20:27:00.598 [main] DEBUG o.h.p.w.spi.MetamodelGraphWalker - Visiting attribute path : mother
20:27:00.598 [main] DEBUG o.h.l.p.b.i.spaces.QuerySpacesImpl - Adding QuerySpace : uid = <gen:2> -> org.hibernate.loader.plan.build.internal.spaces.EntityQuerySpaceImpl@3b890551]
20:27:00.598 [main] DEBUG o.h.p.w.spi.MetamodelGraphWalker - Visiting attribute path : phone
20:27:00.598 [main] DEBUG o.h.p.w.spi.MetamodelGraphWalker - Visiting attribute path : preferredName
20:27:00.598 [main] DEBUG o.h.p.w.spi.MetamodelGraphWalker - Visiting attribute path : state
20:27:00.598 [main] DEBUG o.h.p.w.spi.MetamodelGraphWalker - Visiting attribute path : zip
20:27:00.598 [main] DEBUG o.h.l.p.b.i.FetchStyleLoadPlanBuildingAssociationVisitationStrategy - Building LoadPlan...
20:27:00.599 [main] DEBUG o.h.l.p.e.i.LoadQueryJoinAndFetchProcessor - processing queryspace <gen:0>
20:27:00.604 [main] DEBUG o.h.l.p.b.spi.LoadPlanTreePrinter - LoadPlan(entity=edu.ncsu.csc.itrust2.models.persistent.Patient)
    - Returns
       - EntityReturnImpl(entity=edu.ncsu.csc.itrust2.models.persistent.Patient, querySpaceUid=<gen:0>, path=edu.ncsu.csc.itrust2.models.persistent.Patient)
          - EntityAttributeFetchImpl(entity=edu.ncsu.csc.itrust2.models.persistent.User, querySpaceUid=<gen:1>, path=edu.ncsu.csc.itrust2.models.persistent.Patient.father)
          - EntityAttributeFetchImpl(entity=edu.ncsu.csc.itrust2.models.persistent.User, querySpaceUid=<gen:2>, path=edu.ncsu.csc.itrust2.models.persistent.Patient.mother)
    - QuerySpaces
       - EntityQuerySpaceImpl(uid=<gen:0>, entity=edu.ncsu.csc.itrust2.models.persistent.Patient)
          - SQL table alias mapping - patient0_
          - alias suffix - 0_
          - suffixed key columns - {self_id18_12_0_}
          - JOIN (JoinDefinedByMetadata(id)) : <gen:0> -> <gen:0>-id
             - CompositeQuerySpaceImpl(uid=<gen:0>-id)
                - SQL table alias mapping - patient0_

20:27:00.604 [main] DEBUG o.h.loader.entity.plan.EntityLoader - Static select for entity edu.ncsu.csc.itrust2.models.persistent.Patient [UPGRADE]: select patient0_.self_id as self_id18_12_0_, patient0_.address1 as address1_12_0_, patient0_.address2 as address2_12_0_, patient0_.bloodType as bloodTyp3_12_0_, patient0_.causeOfDeath as causeOfD4_12_0_, patient0_.city as city5_12_0_, patient0_.dateOfBirth as dateOfBi6_12_0_, patient0_.dateOfDeath as dateOfDe7_12_0_, patient0_.email as email8_12_0_, patient0_.ethnicity as ethnicit9_12_0_, patient0_.father_id as father_19_12_0_, patient0_.firstName as firstNa10_12_0_, patient0_.gender as gender11_12_0_, patient0_.id as id12_12_0_, patient0_.lastName as lastNam13_12_0_, patient0_.mother_id as mother_20_12_0_, patient0_.phone as phone14_12_0_, patient0_.preferredName as preferr15_12_0_, patient0_.state as state16_12_0_, patient0_.zip as zip17_12_0_ from Patients patient0_ where patient0_.self_id=? for update
20:27:00.604 [main] DEBUG o.h.l.p.b.i.spaces.QuerySpacesImpl - Adding QuerySpace : uid = <gen:0> -> org.hibernate.loader.plan.build.internal.spaces.EntityQuerySpaceImpl@16f0168b]
20:27:00.604 [main] DEBUG o.h.l.p.b.i.spaces.QuerySpacesImpl - Adding QuerySpace : uid = <gen:0>-id -> org.hibernate.loader.plan.build.internal.spaces.CompositeQuerySpaceImpl@5a6d1fc2]
20:27:00.604 [main] DEBUG o.h.p.w.spi.MetamodelGraphWalker - Visiting attribute path : self
20:27:00.605 [main] DEBUG o.h.p.w.spi.MetamodelGraphWalker - Property path deemed to be circular : self
20:27:00.605 [main] DEBUG o.h.p.w.spi.MetamodelGraphWalker - Visiting attribute path : address1
20:27:00.605 [main] DEBUG o.h.p.w.spi.MetamodelGraphWalker - Visiting attribute path : address2
20:27:00.605 [main] DEBUG o.h.p.w.spi.MetamodelGraphWalker - Visiting attribute path : bloodType
20:27:00.605 [main] DEBUG o.h.p.w.spi.MetamodelGraphWalker - Visiting attribute path : causeOfDeath
20:27:00.605 [main] DEBUG o.h.p.w.spi.MetamodelGraphWalker - Visiting attribute path : city
20:27:00.605 [main] DEBUG o.h.p.w.spi.MetamodelGraphWalker - Visiting attribute path : dateOfBirth
20:27:00.605 [main] DEBUG o.h.p.w.spi.MetamodelGraphWalker - Visiting attribute path : dateOfDeath
20:27:00.605 [main] DEBUG o.h.p.w.spi.MetamodelGraphWalker - Visiting attribute path : email
20:27:00.605 [main] DEBUG o.h.p.w.spi.MetamodelGraphWalker - Visiting attribute path : ethnicity
20:27:00.605 [main] DEBUG o.h.p.w.spi.MetamodelGraphWalker - Visiting attribute path : father
20:27:00.605 [main] DEBUG o.h.l.p.b.i.spaces.QuerySpacesImpl - Adding QuerySpace : uid = <gen:1> -> org.hibernate.loader.plan.build.internal.spaces.EntityQuerySpaceImpl@4f5fc8c7]
20:27:00.605 [main] DEBUG o.h.p.w.spi.MetamodelGraphWalker - Visiting attribute path : firstName
20:27:00.605 [main] DEBUG o.h.p.w.spi.MetamodelGraphWalker - Visiting attribute path : gender
20:27:00.605 [main] DEBUG o.h.p.w.spi.MetamodelGraphWalker - Visiting attribute path : id
20:27:00.606 [main] DEBUG o.h.p.w.spi.MetamodelGraphWalker - Visiting attribute path : lastName
20:27:00.606 [main] DEBUG o.h.p.w.spi.MetamodelGraphWalker - Visiting attribute path : mother
20:27:00.606 [main] DEBUG o.h.l.p.b.i.spaces.QuerySpacesImpl - Adding QuerySpace : uid = <gen:2> -> org.hibernate.loader.plan.build.internal.spaces.EntityQuerySpaceImpl@7dfe4de1]
20:27:00.606 [main] DEBUG o.h.p.w.spi.MetamodelGraphWalker - Visiting attribute path : phone
20:27:00.606 [main] DEBUG o.h.p.w.spi.MetamodelGraphWalker - Visiting attribute path : preferredName
20:27:00.606 [main] DEBUG o.h.p.w.spi.MetamodelGraphWalker - Visiting attribute path : state
20:27:00.606 [main] DEBUG o.h.p.w.spi.MetamodelGraphWalker - Visiting attribute path : zip
20:27:00.606 [main] DEBUG o.h.l.p.b.i.FetchStyleLoadPlanBuildingAssociationVisitationStrategy - Building LoadPlan...
20:27:00.607 [main] DEBUG o.h.l.p.e.i.LoadQueryJoinAndFetchProcessor - processing queryspace <gen:0>
20:27:00.607 [main] DEBUG o.h.l.p.b.spi.LoadPlanTreePrinter - LoadPlan(entity=edu.ncsu.csc.itrust2.models.persistent.Patient)
    - Returns
       - EntityReturnImpl(entity=edu.ncsu.csc.itrust2.models.persistent.Patient, querySpaceUid=<gen:0>, path=edu.ncsu.csc.itrust2.models.persistent.Patient)
          - EntityAttributeFetchImpl(entity=edu.ncsu.csc.itrust2.models.persistent.User, querySpaceUid=<gen:1>, path=edu.ncsu.csc.itrust2.models.persistent.Patient.father)
          - EntityAttributeFetchImpl(entity=edu.ncsu.csc.itrust2.models.persistent.User, querySpaceUid=<gen:2>, path=edu.ncsu.csc.itrust2.models.persistent.Patient.mother)
    - QuerySpaces
       - EntityQuerySpaceImpl(uid=<gen:0>, entity=edu.ncsu.csc.itrust2.models.persistent.Patient)
          - SQL table alias mapping - patient0_
          - alias suffix - 0_
          - suffixed key columns - {self_id18_12_0_}
          - JOIN (JoinDefinedByMetadata(id)) : <gen:0> -> <gen:0>-id
             - CompositeQuerySpaceImpl(uid=<gen:0>-id)
                - SQL table alias mapping - patient0_

20:27:00.607 [main] DEBUG o.h.loader.entity.plan.EntityLoader - Static select for entity edu.ncsu.csc.itrust2.models.persistent.Patient [UPGRADE_NOWAIT]: select patient0_.self_id as self_id18_12_0_, patient0_.address1 as address1_12_0_, patient0_.address2 as address2_12_0_, patient0_.bloodType as bloodTyp3_12_0_, patient0_.causeOfDeath as causeOfD4_12_0_, patient0_.city as city5_12_0_, patient0_.dateOfBirth as dateOfBi6_12_0_, patient0_.dateOfDeath as dateOfDe7_12_0_, patient0_.email as email8_12_0_, patient0_.ethnicity as ethnicit9_12_0_, patient0_.father_id as father_19_12_0_, patient0_.firstName as firstNa10_12_0_, patient0_.gender as gender11_12_0_, patient0_.id as id12_12_0_, patient0_.lastName as lastNam13_12_0_, patient0_.mother_id as mother_20_12_0_, patient0_.phone as phone14_12_0_, patient0_.preferredName as preferr15_12_0_, patient0_.state as state16_12_0_, patient0_.zip as zip17_12_0_ from Patients patient0_ where patient0_.self_id=? for update
20:27:00.607 [main] DEBUG o.h.l.p.b.i.spaces.QuerySpacesImpl - Adding QuerySpace : uid = <gen:0> -> org.hibernate.loader.plan.build.internal.spaces.EntityQuerySpaceImpl@38f348b8]
20:27:00.607 [main] DEBUG o.h.l.p.b.i.spaces.QuerySpacesImpl - Adding QuerySpace : uid = <gen:0>-id -> org.hibernate.loader.plan.build.internal.spaces.CompositeQuerySpaceImpl@f00cac4]
20:27:00.608 [main] DEBUG o.h.p.w.spi.MetamodelGraphWalker - Visiting attribute path : self
20:27:00.608 [main] DEBUG o.h.p.w.spi.MetamodelGraphWalker - Property path deemed to be circular : self
20:27:00.608 [main] DEBUG o.h.p.w.spi.MetamodelGraphWalker - Visiting attribute path : address1
20:27:00.608 [main] DEBUG o.h.p.w.spi.MetamodelGraphWalker - Visiting attribute path : address2
20:27:00.608 [main] DEBUG o.h.p.w.spi.MetamodelGraphWalker - Visiting attribute path : bloodType
20:27:00.608 [main] DEBUG o.h.p.w.spi.MetamodelGraphWalker - Visiting attribute path : causeOfDeath
20:27:00.608 [main] DEBUG o.h.p.w.spi.MetamodelGraphWalker - Visiting attribute path : city
20:27:00.608 [main] DEBUG o.h.p.w.spi.MetamodelGraphWalker - Visiting attribute path : dateOfBirth
20:27:00.608 [main] DEBUG o.h.p.w.spi.MetamodelGraphWalker - Visiting attribute path : dateOfDeath
20:27:00.608 [main] DEBUG o.h.p.w.spi.MetamodelGraphWalker - Visiting attribute path : email
20:27:00.608 [main] DEBUG o.h.p.w.spi.MetamodelGraphWalker - Visiting attribute path : ethnicity
20:27:00.608 [main] DEBUG o.h.p.w.spi.MetamodelGraphWalker - Visiting attribute path : father
20:27:00.609 [main] DEBUG o.h.l.p.b.i.spaces.QuerySpacesImpl - Adding QuerySpace : uid = <gen:1> -> org.hibernate.loader.plan.build.internal.spaces.EntityQuerySpaceImpl@1322d974]
20:27:00.609 [main] DEBUG o.h.p.w.spi.MetamodelGraphWalker - Visiting attribute path : firstName
20:27:00.609 [main] DEBUG o.h.p.w.spi.MetamodelGraphWalker - Visiting attribute path : gender
20:27:00.609 [main] DEBUG o.h.p.w.spi.MetamodelGraphWalker - Visiting attribute path : id
20:27:00.609 [main] DEBUG o.h.p.w.spi.MetamodelGraphWalker - Visiting attribute path : lastName
20:27:00.610 [main] DEBUG o.h.p.w.spi.MetamodelGraphWalker - Visiting attribute path : mother
20:27:00.610 [main] DEBUG o.h.l.p.b.i.spaces.QuerySpacesImpl - Adding QuerySpace : uid = <gen:2> -> org.hibernate.loader.plan.build.internal.spaces.EntityQuerySpaceImpl@1afd773e]
20:27:00.610 [main] DEBUG o.h.p.w.spi.MetamodelGraphWalker - Visiting attribute path : phone
20:27:00.611 [main] DEBUG o.h.p.w.spi.MetamodelGraphWalker - Visiting attribute path : preferredName
20:27:00.611 [main] DEBUG o.h.p.w.spi.MetamodelGraphWalker - Visiting attribute path : state
20:27:00.611 [main] DEBUG o.h.p.w.spi.MetamodelGraphWalker - Visiting attribute path : zip
20:27:00.611 [main] DEBUG o.h.l.p.b.i.FetchStyleLoadPlanBuildingAssociationVisitationStrategy - Building LoadPlan...
20:27:00.611 [main] DEBUG o.h.l.p.e.i.LoadQueryJoinAndFetchProcessor - processing queryspace <gen:0>
20:27:00.612 [main] DEBUG o.h.l.p.b.spi.LoadPlanTreePrinter - LoadPlan(entity=edu.ncsu.csc.itrust2.models.persistent.Patient)
    - Returns
       - EntityReturnImpl(entity=edu.ncsu.csc.itrust2.models.persistent.Patient, querySpaceUid=<gen:0>, path=edu.ncsu.csc.itrust2.models.persistent.Patient)
          - EntityAttributeFetchImpl(entity=edu.ncsu.csc.itrust2.models.persistent.User, querySpaceUid=<gen:1>, path=edu.ncsu.csc.itrust2.models.persistent.Patient.father)
          - EntityAttributeFetchImpl(entity=edu.ncsu.csc.itrust2.models.persistent.User, querySpaceUid=<gen:2>, path=edu.ncsu.csc.itrust2.models.persistent.Patient.mother)
    - QuerySpaces
       - EntityQuerySpaceImpl(uid=<gen:0>, entity=edu.ncsu.csc.itrust2.models.persistent.Patient)
          - SQL table alias mapping - patient0_
          - alias suffix - 0_
          - suffixed key columns - {self_id18_12_0_}
          - JOIN (JoinDefinedByMetadata(id)) : <gen:0> -> <gen:0>-id
             - CompositeQuerySpaceImpl(uid=<gen:0>-id)
                - SQL table alias mapping - patient0_

20:27:00.612 [main] DEBUG o.h.loader.entity.plan.EntityLoader - Static select for entity edu.ncsu.csc.itrust2.models.persistent.Patient [UPGRADE_SKIPLOCKED]: select patient0_.self_id as self_id18_12_0_, patient0_.address1 as address1_12_0_, patient0_.address2 as address2_12_0_, patient0_.bloodType as bloodTyp3_12_0_, patient0_.causeOfDeath as causeOfD4_12_0_, patient0_.city as city5_12_0_, patient0_.dateOfBirth as dateOfBi6_12_0_, patient0_.dateOfDeath as dateOfDe7_12_0_, patient0_.email as email8_12_0_, patient0_.ethnicity as ethnicit9_12_0_, patient0_.father_id as father_19_12_0_, patient0_.firstName as firstNa10_12_0_, patient0_.gender as gender11_12_0_, patient0_.id as id12_12_0_, patient0_.lastName as lastNam13_12_0_, patient0_.mother_id as mother_20_12_0_, patient0_.phone as phone14_12_0_, patient0_.preferredName as preferr15_12_0_, patient0_.state as state16_12_0_, patient0_.zip as zip17_12_0_ from Patients patient0_ where patient0_.self_id=? for update
20:27:00.612 [main] DEBUG o.h.l.p.b.i.spaces.QuerySpacesImpl - Adding QuerySpace : uid = <gen:0> -> org.hibernate.loader.plan.build.internal.spaces.EntityQuerySpaceImpl@65ba66d8]
20:27:00.613 [main] DEBUG o.h.l.p.b.i.spaces.QuerySpacesImpl - Adding QuerySpace : uid = <gen:0>-id -> org.hibernate.loader.plan.build.internal.spaces.CompositeQuerySpaceImpl@6381267c]
20:27:00.613 [main] DEBUG o.h.p.w.spi.MetamodelGraphWalker - Visiting attribute path : self
20:27:00.613 [main] DEBUG o.h.p.w.spi.MetamodelGraphWalker - Property path deemed to be circular : self
20:27:00.613 [main] DEBUG o.h.p.w.spi.MetamodelGraphWalker - Visiting attribute path : address1
20:27:00.613 [main] DEBUG o.h.p.w.spi.MetamodelGraphWalker - Visiting attribute path : address2
20:27:00.613 [main] DEBUG o.h.p.w.spi.MetamodelGraphWalker - Visiting attribute path : bloodType
20:27:00.613 [main] DEBUG o.h.p.w.spi.MetamodelGraphWalker - Visiting attribute path : causeOfDeath
20:27:00.613 [main] DEBUG o.h.p.w.spi.MetamodelGraphWalker - Visiting attribute path : city
20:27:00.613 [main] DEBUG o.h.p.w.spi.MetamodelGraphWalker - Visiting attribute path : dateOfBirth
20:27:00.613 [main] DEBUG o.h.p.w.spi.MetamodelGraphWalker - Visiting attribute path : dateOfDeath
20:27:00.613 [main] DEBUG o.h.p.w.spi.MetamodelGraphWalker - Visiting attribute path : email
20:27:00.613 [main] DEBUG o.h.p.w.spi.MetamodelGraphWalker - Visiting attribute path : ethnicity
20:27:00.613 [main] DEBUG o.h.p.w.spi.MetamodelGraphWalker - Visiting attribute path : father
20:27:00.614 [main] DEBUG o.h.l.p.b.i.spaces.QuerySpacesImpl - Adding QuerySpace : uid = <gen:1> -> org.hibernate.loader.plan.build.internal.spaces.EntityQuerySpaceImpl@21e25df0]
20:27:00.614 [main] DEBUG o.h.p.w.spi.MetamodelGraphWalker - Visiting attribute path : firstName
20:27:00.614 [main] DEBUG o.h.p.w.spi.MetamodelGraphWalker - Visiting attribute path : gender
20:27:00.614 [main] DEBUG o.h.p.w.spi.MetamodelGraphWalker - Visiting attribute path : id
20:27:00.614 [main] DEBUG o.h.p.w.spi.MetamodelGraphWalker - Visiting attribute path : lastName
20:27:00.614 [main] DEBUG o.h.p.w.spi.MetamodelGraphWalker - Visiting attribute path : mother
20:27:00.614 [main] DEBUG o.h.l.p.b.i.spaces.QuerySpacesImpl - Adding QuerySpace : uid = <gen:2> -> org.hibernate.loader.plan.build.internal.spaces.EntityQuerySpaceImpl@4bba3d76]
20:27:00.614 [main] DEBUG o.h.p.w.spi.MetamodelGraphWalker - Visiting attribute path : phone
20:27:00.614 [main] DEBUG o.h.p.w.spi.MetamodelGraphWalker - Visiting attribute path : preferredName
20:27:00.614 [main] DEBUG o.h.p.w.spi.MetamodelGraphWalker - Visiting attribute path : state
20:27:00.614 [main] DEBUG o.h.p.w.spi.MetamodelGraphWalker - Visiting attribute path : zip
20:27:00.614 [main] DEBUG o.h.l.p.b.i.FetchStyleLoadPlanBuildingAssociationVisitationStrategy - Building LoadPlan...
20:27:00.614 [main] DEBUG o.h.l.p.e.i.LoadQueryJoinAndFetchProcessor - processing queryspace <gen:0>
20:27:00.615 [main] DEBUG o.h.l.p.b.spi.LoadPlanTreePrinter - LoadPlan(entity=edu.ncsu.csc.itrust2.models.persistent.Patient)
    - Returns
       - EntityReturnImpl(entity=edu.ncsu.csc.itrust2.models.persistent.Patient, querySpaceUid=<gen:0>, path=edu.ncsu.csc.itrust2.models.persistent.Patient)
          - EntityAttributeFetchImpl(entity=edu.ncsu.csc.itrust2.models.persistent.User, querySpaceUid=<gen:1>, path=edu.ncsu.csc.itrust2.models.persistent.Patient.father)
          - EntityAttributeFetchImpl(entity=edu.ncsu.csc.itrust2.models.persistent.User, querySpaceUid=<gen:2>, path=edu.ncsu.csc.itrust2.models.persistent.Patient.mother)
    - QuerySpaces
       - EntityQuerySpaceImpl(uid=<gen:0>, entity=edu.ncsu.csc.itrust2.models.persistent.Patient)
          - SQL table alias mapping - patient0_
          - alias suffix - 0_
          - suffixed key columns - {self_id18_12_0_}
          - JOIN (JoinDefinedByMetadata(id)) : <gen:0> -> <gen:0>-id
             - CompositeQuerySpaceImpl(uid=<gen:0>-id)
                - SQL table alias mapping - patient0_

20:27:00.615 [main] DEBUG o.h.loader.entity.plan.EntityLoader - Static select for entity edu.ncsu.csc.itrust2.models.persistent.Patient [FORCE]: select patient0_.self_id as self_id18_12_0_, patient0_.address1 as address1_12_0_, patient0_.address2 as address2_12_0_, patient0_.bloodType as bloodTyp3_12_0_, patient0_.causeOfDeath as causeOfD4_12_0_, patient0_.city as city5_12_0_, patient0_.dateOfBirth as dateOfBi6_12_0_, patient0_.dateOfDeath as dateOfDe7_12_0_, patient0_.email as email8_12_0_, patient0_.ethnicity as ethnicit9_12_0_, patient0_.father_id as father_19_12_0_, patient0_.firstName as firstNa10_12_0_, patient0_.gender as gender11_12_0_, patient0_.id as id12_12_0_, patient0_.lastName as lastNam13_12_0_, patient0_.mother_id as mother_20_12_0_, patient0_.phone as phone14_12_0_, patient0_.preferredName as preferr15_12_0_, patient0_.state as state16_12_0_, patient0_.zip as zip17_12_0_ from Patients patient0_ where patient0_.self_id=? for update
20:27:00.615 [main] DEBUG o.h.l.p.b.i.spaces.QuerySpacesImpl - Adding QuerySpace : uid = <gen:0> -> org.hibernate.loader.plan.build.internal.spaces.EntityQuerySpaceImpl@400c2ba2]
20:27:00.615 [main] DEBUG o.h.l.p.b.i.spaces.QuerySpacesImpl - Adding QuerySpace : uid = <gen:0>-id -> org.hibernate.loader.plan.build.internal.spaces.CompositeQuerySpaceImpl@142b1d8b]
20:27:00.615 [main] DEBUG o.h.p.w.spi.MetamodelGraphWalker - Visiting attribute path : self
20:27:00.615 [main] DEBUG o.h.p.w.spi.MetamodelGraphWalker - Property path deemed to be circular : self
20:27:00.615 [main] DEBUG o.h.p.w.spi.MetamodelGraphWalker - Visiting attribute path : address1
20:27:00.615 [main] DEBUG o.h.p.w.spi.MetamodelGraphWalker - Visiting attribute path : address2
20:27:00.615 [main] DEBUG o.h.p.w.spi.MetamodelGraphWalker - Visiting attribute path : bloodType
20:27:00.615 [main] DEBUG o.h.p.w.spi.MetamodelGraphWalker - Visiting attribute path : causeOfDeath
20:27:00.615 [main] DEBUG o.h.p.w.spi.MetamodelGraphWalker - Visiting attribute path : city
20:27:00.615 [main] DEBUG o.h.p.w.spi.MetamodelGraphWalker - Visiting attribute path : dateOfBirth
20:27:00.615 [main] DEBUG o.h.p.w.spi.MetamodelGraphWalker - Visiting attribute path : dateOfDeath
20:27:00.615 [main] DEBUG o.h.p.w.spi.MetamodelGraphWalker - Visiting attribute path : email
20:27:00.615 [main] DEBUG o.h.p.w.spi.MetamodelGraphWalker - Visiting attribute path : ethnicity
20:27:00.616 [main] DEBUG o.h.p.w.spi.MetamodelGraphWalker - Visiting attribute path : father
20:27:00.616 [main] DEBUG o.h.l.p.b.i.spaces.QuerySpacesImpl - Adding QuerySpace : uid = <gen:1> -> org.hibernate.loader.plan.build.internal.spaces.EntityQuerySpaceImpl@1c2e6a18]
20:27:00.616 [main] DEBUG o.h.p.w.spi.MetamodelGraphWalker - Visiting attribute path : firstName
20:27:00.616 [main] DEBUG o.h.p.w.spi.MetamodelGraphWalker - Visiting attribute path : gender
20:27:00.616 [main] DEBUG o.h.p.w.spi.MetamodelGraphWalker - Visiting attribute path : id
20:27:00.617 [main] DEBUG o.h.p.w.spi.MetamodelGraphWalker - Visiting attribute path : lastName
20:27:00.617 [main] DEBUG o.h.p.w.spi.MetamodelGraphWalker - Visiting attribute path : mother
20:27:00.617 [main] DEBUG o.h.l.p.b.i.spaces.QuerySpacesImpl - Adding QuerySpace : uid = <gen:2> -> org.hibernate.loader.plan.build.internal.spaces.EntityQuerySpaceImpl@50a5eb53]
20:27:00.617 [main] DEBUG o.h.p.w.spi.MetamodelGraphWalker - Visiting attribute path : phone
20:27:00.617 [main] DEBUG o.h.p.w.spi.MetamodelGraphWalker - Visiting attribute path : preferredName
20:27:00.617 [main] DEBUG o.h.p.w.spi.MetamodelGraphWalker - Visiting attribute path : state
20:27:00.617 [main] DEBUG o.h.p.w.spi.MetamodelGraphWalker - Visiting attribute path : zip
20:27:00.617 [main] DEBUG o.h.l.p.b.i.FetchStyleLoadPlanBuildingAssociationVisitationStrategy - Building LoadPlan...
20:27:00.618 [main] DEBUG o.h.l.p.e.i.LoadQueryJoinAndFetchProcessor - processing queryspace <gen:0>
20:27:00.618 [main] DEBUG o.h.l.p.b.spi.LoadPlanTreePrinter - LoadPlan(entity=edu.ncsu.csc.itrust2.models.persistent.Patient)
    - Returns
       - EntityReturnImpl(entity=edu.ncsu.csc.itrust2.models.persistent.Patient, querySpaceUid=<gen:0>, path=edu.ncsu.csc.itrust2.models.persistent.Patient)
          - EntityAttributeFetchImpl(entity=edu.ncsu.csc.itrust2.models.persistent.User, querySpaceUid=<gen:1>, path=edu.ncsu.csc.itrust2.models.persistent.Patient.father)
          - EntityAttributeFetchImpl(entity=edu.ncsu.csc.itrust2.models.persistent.User, querySpaceUid=<gen:2>, path=edu.ncsu.csc.itrust2.models.persistent.Patient.mother)
    - QuerySpaces
       - EntityQuerySpaceImpl(uid=<gen:0>, entity=edu.ncsu.csc.itrust2.models.persistent.Patient)
          - SQL table alias mapping - patient0_
          - alias suffix - 0_
          - suffixed key columns - {self_id18_12_0_}
          - JOIN (JoinDefinedByMetadata(id)) : <gen:0> -> <gen:0>-id
             - CompositeQuerySpaceImpl(uid=<gen:0>-id)
                - SQL table alias mapping - patient0_

20:27:00.618 [main] DEBUG o.h.loader.entity.plan.EntityLoader - Static select for entity edu.ncsu.csc.itrust2.models.persistent.Patient [PESSIMISTIC_READ]: select patient0_.self_id as self_id18_12_0_, patient0_.address1 as address1_12_0_, patient0_.address2 as address2_12_0_, patient0_.bloodType as bloodTyp3_12_0_, patient0_.causeOfDeath as causeOfD4_12_0_, patient0_.city as city5_12_0_, patient0_.dateOfBirth as dateOfBi6_12_0_, patient0_.dateOfDeath as dateOfDe7_12_0_, patient0_.email as email8_12_0_, patient0_.ethnicity as ethnicit9_12_0_, patient0_.father_id as father_19_12_0_, patient0_.firstName as firstNa10_12_0_, patient0_.gender as gender11_12_0_, patient0_.id as id12_12_0_, patient0_.lastName as lastNam13_12_0_, patient0_.mother_id as mother_20_12_0_, patient0_.phone as phone14_12_0_, patient0_.preferredName as preferr15_12_0_, patient0_.state as state16_12_0_, patient0_.zip as zip17_12_0_ from Patients patient0_ where patient0_.self_id=? lock in share mode
20:27:00.619 [main] DEBUG o.h.l.p.b.i.spaces.QuerySpacesImpl - Adding QuerySpace : uid = <gen:0> -> org.hibernate.loader.plan.build.internal.spaces.EntityQuerySpaceImpl@5940dab3]
20:27:00.619 [main] DEBUG o.h.l.p.b.i.spaces.QuerySpacesImpl - Adding QuerySpace : uid = <gen:0>-id -> org.hibernate.loader.plan.build.internal.spaces.CompositeQuerySpaceImpl@14eae1e6]
20:27:00.619 [main] DEBUG o.h.p.w.spi.MetamodelGraphWalker - Visiting attribute path : self
20:27:00.619 [main] DEBUG o.h.p.w.spi.MetamodelGraphWalker - Property path deemed to be circular : self
20:27:00.619 [main] DEBUG o.h.p.w.spi.MetamodelGraphWalker - Visiting attribute path : address1
20:27:00.619 [main] DEBUG o.h.p.w.spi.MetamodelGraphWalker - Visiting attribute path : address2
20:27:00.619 [main] DEBUG o.h.p.w.spi.MetamodelGraphWalker - Visiting attribute path : bloodType
20:27:00.619 [main] DEBUG o.h.p.w.spi.MetamodelGraphWalker - Visiting attribute path : causeOfDeath
20:27:00.619 [main] DEBUG o.h.p.w.spi.MetamodelGraphWalker - Visiting attribute path : city
20:27:00.620 [main] DEBUG o.h.p.w.spi.MetamodelGraphWalker - Visiting attribute path : dateOfBirth
20:27:00.620 [main] DEBUG o.h.p.w.spi.MetamodelGraphWalker - Visiting attribute path : dateOfDeath
20:27:00.620 [main] DEBUG o.h.p.w.spi.MetamodelGraphWalker - Visiting attribute path : email
20:27:00.620 [main] DEBUG o.h.p.w.spi.MetamodelGraphWalker - Visiting attribute path : ethnicity
20:27:00.620 [main] DEBUG o.h.p.w.spi.MetamodelGraphWalker - Visiting attribute path : father
20:27:00.620 [main] DEBUG o.h.l.p.b.i.spaces.QuerySpacesImpl - Adding QuerySpace : uid = <gen:1> -> org.hibernate.loader.plan.build.internal.spaces.EntityQuerySpaceImpl@5bb173e8]
20:27:00.620 [main] DEBUG o.h.p.w.spi.MetamodelGraphWalker - Visiting attribute path : firstName
20:27:00.620 [main] DEBUG o.h.p.w.spi.MetamodelGraphWalker - Visiting attribute path : gender
20:27:00.620 [main] DEBUG o.h.p.w.spi.MetamodelGraphWalker - Visiting attribute path : id
20:27:00.620 [main] DEBUG o.h.p.w.spi.MetamodelGraphWalker - Visiting attribute path : lastName
20:27:00.620 [main] DEBUG o.h.p.w.spi.MetamodelGraphWalker - Visiting attribute path : mother
20:27:00.621 [main] DEBUG o.h.l.p.b.i.spaces.QuerySpacesImpl - Adding QuerySpace : uid = <gen:2> -> org.hibernate.loader.plan.build.internal.spaces.EntityQuerySpaceImpl@18975ca9]
20:27:00.621 [main] DEBUG o.h.p.w.spi.MetamodelGraphWalker - Visiting attribute path : phone
20:27:00.621 [main] DEBUG o.h.p.w.spi.MetamodelGraphWalker - Visiting attribute path : preferredName
20:27:00.621 [main] DEBUG o.h.p.w.spi.MetamodelGraphWalker - Visiting attribute path : state
20:27:00.621 [main] DEBUG o.h.p.w.spi.MetamodelGraphWalker - Visiting attribute path : zip
20:27:00.621 [main] DEBUG o.h.l.p.b.i.FetchStyleLoadPlanBuildingAssociationVisitationStrategy - Building LoadPlan...
20:27:00.621 [main] DEBUG o.h.l.p.e.i.LoadQueryJoinAndFetchProcessor - processing queryspace <gen:0>
20:27:00.622 [main] DEBUG o.h.l.p.b.spi.LoadPlanTreePrinter - LoadPlan(entity=edu.ncsu.csc.itrust2.models.persistent.Patient)
    - Returns
       - EntityReturnImpl(entity=edu.ncsu.csc.itrust2.models.persistent.Patient, querySpaceUid=<gen:0>, path=edu.ncsu.csc.itrust2.models.persistent.Patient)
          - EntityAttributeFetchImpl(entity=edu.ncsu.csc.itrust2.models.persistent.User, querySpaceUid=<gen:1>, path=edu.ncsu.csc.itrust2.models.persistent.Patient.father)
          - EntityAttributeFetchImpl(entity=edu.ncsu.csc.itrust2.models.persistent.User, querySpaceUid=<gen:2>, path=edu.ncsu.csc.itrust2.models.persistent.Patient.mother)
    - QuerySpaces
       - EntityQuerySpaceImpl(uid=<gen:0>, entity=edu.ncsu.csc.itrust2.models.persistent.Patient)
          - SQL table alias mapping - patient0_
          - alias suffix - 0_
          - suffixed key columns - {self_id18_12_0_}
          - JOIN (JoinDefinedByMetadata(id)) : <gen:0> -> <gen:0>-id
             - CompositeQuerySpaceImpl(uid=<gen:0>-id)
                - SQL table alias mapping - patient0_

20:27:00.622 [main] DEBUG o.h.loader.entity.plan.EntityLoader - Static select for entity edu.ncsu.csc.itrust2.models.persistent.Patient [PESSIMISTIC_WRITE]: select patient0_.self_id as self_id18_12_0_, patient0_.address1 as address1_12_0_, patient0_.address2 as address2_12_0_, patient0_.bloodType as bloodTyp3_12_0_, patient0_.causeOfDeath as causeOfD4_12_0_, patient0_.city as city5_12_0_, patient0_.dateOfBirth as dateOfBi6_12_0_, patient0_.dateOfDeath as dateOfDe7_12_0_, patient0_.email as email8_12_0_, patient0_.ethnicity as ethnicit9_12_0_, patient0_.father_id as father_19_12_0_, patient0_.firstName as firstNa10_12_0_, patient0_.gender as gender11_12_0_, patient0_.id as id12_12_0_, patient0_.lastName as lastNam13_12_0_, patient0_.mother_id as mother_20_12_0_, patient0_.phone as phone14_12_0_, patient0_.preferredName as preferr15_12_0_, patient0_.state as state16_12_0_, patient0_.zip as zip17_12_0_ from Patients patient0_ where patient0_.self_id=? for update
20:27:00.622 [main] DEBUG o.h.l.p.b.i.spaces.QuerySpacesImpl - Adding QuerySpace : uid = <gen:0> -> org.hibernate.loader.plan.build.internal.spaces.EntityQuerySpaceImpl@3a70f51d]
20:27:00.622 [main] DEBUG o.h.l.p.b.i.spaces.QuerySpacesImpl - Adding QuerySpace : uid = <gen:0>-id -> org.hibernate.loader.plan.build.internal.spaces.CompositeQuerySpaceImpl@63f629c1]
20:27:00.622 [main] DEBUG o.h.p.w.spi.MetamodelGraphWalker - Visiting attribute path : self
20:27:00.622 [main] DEBUG o.h.p.w.spi.MetamodelGraphWalker - Property path deemed to be circular : self
20:27:00.622 [main] DEBUG o.h.p.w.spi.MetamodelGraphWalker - Visiting attribute path : address1
20:27:00.622 [main] DEBUG o.h.p.w.spi.MetamodelGraphWalker - Visiting attribute path : address2
20:27:00.622 [main] DEBUG o.h.p.w.spi.MetamodelGraphWalker - Visiting attribute path : bloodType
20:27:00.622 [main] DEBUG o.h.p.w.spi.MetamodelGraphWalker - Visiting attribute path : causeOfDeath
20:27:00.623 [main] DEBUG o.h.p.w.spi.MetamodelGraphWalker - Visiting attribute path : city
20:27:00.623 [main] DEBUG o.h.p.w.spi.MetamodelGraphWalker - Visiting attribute path : dateOfBirth
20:27:00.623 [main] DEBUG o.h.p.w.spi.MetamodelGraphWalker - Visiting attribute path : dateOfDeath
20:27:00.623 [main] DEBUG o.h.p.w.spi.MetamodelGraphWalker - Visiting attribute path : email
20:27:00.623 [main] DEBUG o.h.p.w.spi.MetamodelGraphWalker - Visiting attribute path : ethnicity
20:27:00.623 [main] DEBUG o.h.p.w.spi.MetamodelGraphWalker - Visiting attribute path : father
20:27:00.623 [main] DEBUG o.h.l.p.b.i.spaces.QuerySpacesImpl - Adding QuerySpace : uid = <gen:1> -> org.hibernate.loader.plan.build.internal.spaces.EntityQuerySpaceImpl@2c3d8f83]
20:27:00.623 [main] DEBUG o.h.p.w.spi.MetamodelGraphWalker - Visiting attribute path : firstName
20:27:00.623 [main] DEBUG o.h.p.w.spi.MetamodelGraphWalker - Visiting attribute path : gender
20:27:00.623 [main] DEBUG o.h.p.w.spi.MetamodelGraphWalker - Visiting attribute path : id
20:27:00.623 [main] DEBUG o.h.p.w.spi.MetamodelGraphWalker - Visiting attribute path : lastName
20:27:00.623 [main] DEBUG o.h.p.w.spi.MetamodelGraphWalker - Visiting attribute path : mother
20:27:00.623 [main] DEBUG o.h.l.p.b.i.spaces.QuerySpacesImpl - Adding QuerySpace : uid = <gen:2> -> org.hibernate.loader.plan.build.internal.spaces.EntityQuerySpaceImpl@7e5713e4]
20:27:00.623 [main] DEBUG o.h.p.w.spi.MetamodelGraphWalker - Visiting attribute path : phone
20:27:00.623 [main] DEBUG o.h.p.w.spi.MetamodelGraphWalker - Visiting attribute path : preferredName
20:27:00.623 [main] DEBUG o.h.p.w.spi.MetamodelGraphWalker - Visiting attribute path : state
20:27:00.623 [main] DEBUG o.h.p.w.spi.MetamodelGraphWalker - Visiting attribute path : zip
20:27:00.623 [main] DEBUG o.h.l.p.b.i.FetchStyleLoadPlanBuildingAssociationVisitationStrategy - Building LoadPlan...
20:27:00.624 [main] DEBUG o.h.l.p.e.i.LoadQueryJoinAndFetchProcessor - processing queryspace <gen:0>
20:27:00.625 [main] DEBUG o.h.l.p.b.spi.LoadPlanTreePrinter - LoadPlan(entity=edu.ncsu.csc.itrust2.models.persistent.Patient)
    - Returns
       - EntityReturnImpl(entity=edu.ncsu.csc.itrust2.models.persistent.Patient, querySpaceUid=<gen:0>, path=edu.ncsu.csc.itrust2.models.persistent.Patient)
          - EntityAttributeFetchImpl(entity=edu.ncsu.csc.itrust2.models.persistent.User, querySpaceUid=<gen:1>, path=edu.ncsu.csc.itrust2.models.persistent.Patient.father)
          - EntityAttributeFetchImpl(entity=edu.ncsu.csc.itrust2.models.persistent.User, querySpaceUid=<gen:2>, path=edu.ncsu.csc.itrust2.models.persistent.Patient.mother)
    - QuerySpaces
       - EntityQuerySpaceImpl(uid=<gen:0>, entity=edu.ncsu.csc.itrust2.models.persistent.Patient)
          - SQL table alias mapping - patient0_
          - alias suffix - 0_
          - suffixed key columns - {self_id18_12_0_}
          - JOIN (JoinDefinedByMetadata(id)) : <gen:0> -> <gen:0>-id
             - CompositeQuerySpaceImpl(uid=<gen:0>-id)
                - SQL table alias mapping - patient0_

20:27:00.625 [main] DEBUG o.h.loader.entity.plan.EntityLoader - Static select for entity edu.ncsu.csc.itrust2.models.persistent.Patient [PESSIMISTIC_FORCE_INCREMENT]: select patient0_.self_id as self_id18_12_0_, patient0_.address1 as address1_12_0_, patient0_.address2 as address2_12_0_, patient0_.bloodType as bloodTyp3_12_0_, patient0_.causeOfDeath as causeOfD4_12_0_, patient0_.city as city5_12_0_, patient0_.dateOfBirth as dateOfBi6_12_0_, patient0_.dateOfDeath as dateOfDe7_12_0_, patient0_.email as email8_12_0_, patient0_.ethnicity as ethnicit9_12_0_, patient0_.father_id as father_19_12_0_, patient0_.firstName as firstNa10_12_0_, patient0_.gender as gender11_12_0_, patient0_.id as id12_12_0_, patient0_.lastName as lastNam13_12_0_, patient0_.mother_id as mother_20_12_0_, patient0_.phone as phone14_12_0_, patient0_.preferredName as preferr15_12_0_, patient0_.state as state16_12_0_, patient0_.zip as zip17_12_0_ from Patients patient0_ where patient0_.self_id=? for update
20:27:00.625 [main] DEBUG o.h.l.p.b.i.spaces.QuerySpacesImpl - Adding QuerySpace : uid = <gen:0> -> org.hibernate.loader.plan.build.internal.spaces.EntityQuerySpaceImpl@c6e5f52]
20:27:00.625 [main] DEBUG o.h.l.p.b.i.spaces.QuerySpacesImpl - Adding QuerySpace : uid = <gen:0>-id -> org.hibernate.loader.plan.build.internal.spaces.CompositeQuerySpaceImpl@5fa0cb6f]
20:27:00.625 [main] DEBUG o.h.p.w.spi.MetamodelGraphWalker - Visiting attribute path : self
20:27:00.625 [main] DEBUG o.h.p.w.spi.MetamodelGraphWalker - Property path deemed to be circular : self
20:27:00.625 [main] DEBUG o.h.p.w.spi.MetamodelGraphWalker - Visiting attribute path : address1
20:27:00.626 [main] DEBUG o.h.p.w.spi.MetamodelGraphWalker - Visiting attribute path : address2
20:27:00.626 [main] DEBUG o.h.p.w.spi.MetamodelGraphWalker - Visiting attribute path : bloodType
20:27:00.626 [main] DEBUG o.h.p.w.spi.MetamodelGraphWalker - Visiting attribute path : causeOfDeath
20:27:00.626 [main] DEBUG o.h.p.w.spi.MetamodelGraphWalker - Visiting attribute path : city
20:27:00.626 [main] DEBUG o.h.p.w.spi.MetamodelGraphWalker - Visiting attribute path : dateOfBirth
20:27:00.626 [main] DEBUG o.h.p.w.spi.MetamodelGraphWalker - Visiting attribute path : dateOfDeath
20:27:00.626 [main] DEBUG o.h.p.w.spi.MetamodelGraphWalker - Visiting attribute path : email
20:27:00.626 [main] DEBUG o.h.p.w.spi.MetamodelGraphWalker - Visiting attribute path : ethnicity
20:27:00.626 [main] DEBUG o.h.p.w.spi.MetamodelGraphWalker - Visiting attribute path : father
20:27:00.627 [main] DEBUG o.h.l.p.b.i.spaces.QuerySpacesImpl - Adding QuerySpace : uid = <gen:1> -> org.hibernate.loader.plan.build.internal.spaces.EntityQuerySpaceImpl@27c5ae14]
20:27:00.627 [main] DEBUG o.h.p.w.spi.MetamodelGraphWalker - Visiting attribute path : firstName
20:27:00.627 [main] DEBUG o.h.p.w.spi.MetamodelGraphWalker - Visiting attribute path : gender
20:27:00.627 [main] DEBUG o.h.p.w.spi.MetamodelGraphWalker - Visiting attribute path : id
20:27:00.627 [main] DEBUG o.h.p.w.spi.MetamodelGraphWalker - Visiting attribute path : lastName
20:27:00.627 [main] DEBUG o.h.p.w.spi.MetamodelGraphWalker - Visiting attribute path : mother
20:27:00.627 [main] DEBUG o.h.l.p.b.i.spaces.QuerySpacesImpl - Adding QuerySpace : uid = <gen:2> -> org.hibernate.loader.plan.build.internal.spaces.EntityQuerySpaceImpl@7ee7f230]
20:27:00.627 [main] DEBUG o.h.p.w.spi.MetamodelGraphWalker - Visiting attribute path : phone
20:27:00.627 [main] DEBUG o.h.p.w.spi.MetamodelGraphWalker - Visiting attribute path : preferredName
20:27:00.627 [main] DEBUG o.h.p.w.spi.MetamodelGraphWalker - Visiting attribute path : state
20:27:00.628 [main] DEBUG o.h.p.w.spi.MetamodelGraphWalker - Visiting attribute path : zip
20:27:00.628 [main] DEBUG o.h.l.p.b.i.FetchStyleLoadPlanBuildingAssociationVisitationStrategy - Building LoadPlan...
20:27:00.628 [main] DEBUG o.h.l.p.e.i.LoadQueryJoinAndFetchProcessor - processing queryspace <gen:0>
20:27:00.628 [main] DEBUG o.h.l.p.b.spi.LoadPlanTreePrinter - LoadPlan(entity=edu.ncsu.csc.itrust2.models.persistent.Patient)
    - Returns
       - EntityReturnImpl(entity=edu.ncsu.csc.itrust2.models.persistent.Patient, querySpaceUid=<gen:0>, path=edu.ncsu.csc.itrust2.models.persistent.Patient)
          - EntityAttributeFetchImpl(entity=edu.ncsu.csc.itrust2.models.persistent.User, querySpaceUid=<gen:1>, path=edu.ncsu.csc.itrust2.models.persistent.Patient.father)
          - EntityAttributeFetchImpl(entity=edu.ncsu.csc.itrust2.models.persistent.User, querySpaceUid=<gen:2>, path=edu.ncsu.csc.itrust2.models.persistent.Patient.mother)
    - QuerySpaces
       - EntityQuerySpaceImpl(uid=<gen:0>, entity=edu.ncsu.csc.itrust2.models.persistent.Patient)
          - SQL table alias mapping - patient0_
          - alias suffix - 0_
          - suffixed key columns - {self_id18_12_0_}
          - JOIN (JoinDefinedByMetadata(id)) : <gen:0> -> <gen:0>-id
             - CompositeQuerySpaceImpl(uid=<gen:0>-id)
                - SQL table alias mapping - patient0_

20:27:00.629 [main] DEBUG o.h.loader.entity.plan.EntityLoader - Static select for entity edu.ncsu.csc.itrust2.models.persistent.Patient [OPTIMISTIC]: select patient0_.self_id as self_id18_12_0_, patient0_.address1 as address1_12_0_, patient0_.address2 as address2_12_0_, patient0_.bloodType as bloodTyp3_12_0_, patient0_.causeOfDeath as causeOfD4_12_0_, patient0_.city as city5_12_0_, patient0_.dateOfBirth as dateOfBi6_12_0_, patient0_.dateOfDeath as dateOfDe7_12_0_, patient0_.email as email8_12_0_, patient0_.ethnicity as ethnicit9_12_0_, patient0_.father_id as father_19_12_0_, patient0_.firstName as firstNa10_12_0_, patient0_.gender as gender11_12_0_, patient0_.id as id12_12_0_, patient0_.lastName as lastNam13_12_0_, patient0_.mother_id as mother_20_12_0_, patient0_.phone as phone14_12_0_, patient0_.preferredName as preferr15_12_0_, patient0_.state as state16_12_0_, patient0_.zip as zip17_12_0_ from Patients patient0_ where patient0_.self_id=?
20:27:00.629 [main] DEBUG o.h.l.p.b.i.spaces.QuerySpacesImpl - Adding QuerySpace : uid = <gen:0> -> org.hibernate.loader.plan.build.internal.spaces.EntityQuerySpaceImpl@69e5961d]
20:27:00.629 [main] DEBUG o.h.l.p.b.i.spaces.QuerySpacesImpl - Adding QuerySpace : uid = <gen:0>-id -> org.hibernate.loader.plan.build.internal.spaces.CompositeQuerySpaceImpl@4f99df83]
20:27:00.629 [main] DEBUG o.h.p.w.spi.MetamodelGraphWalker - Visiting attribute path : self
20:27:00.629 [main] DEBUG o.h.p.w.spi.MetamodelGraphWalker - Property path deemed to be circular : self
20:27:00.629 [main] DEBUG o.h.p.w.spi.MetamodelGraphWalker - Visiting attribute path : address1
20:27:00.629 [main] DEBUG o.h.p.w.spi.MetamodelGraphWalker - Visiting attribute path : address2
20:27:00.629 [main] DEBUG o.h.p.w.spi.MetamodelGraphWalker - Visiting attribute path : bloodType
20:27:00.629 [main] DEBUG o.h.p.w.spi.MetamodelGraphWalker - Visiting attribute path : causeOfDeath
20:27:00.629 [main] DEBUG o.h.p.w.spi.MetamodelGraphWalker - Visiting attribute path : city
20:27:00.630 [main] DEBUG o.h.p.w.spi.MetamodelGraphWalker - Visiting attribute path : dateOfBirth
20:27:00.630 [main] DEBUG o.h.p.w.spi.MetamodelGraphWalker - Visiting attribute path : dateOfDeath
20:27:00.630 [main] DEBUG o.h.p.w.spi.MetamodelGraphWalker - Visiting attribute path : email
20:27:00.630 [main] DEBUG o.h.p.w.spi.MetamodelGraphWalker - Visiting attribute path : ethnicity
20:27:00.630 [main] DEBUG o.h.p.w.spi.MetamodelGraphWalker - Visiting attribute path : father
20:27:00.630 [main] DEBUG o.h.l.p.b.i.spaces.QuerySpacesImpl - Adding QuerySpace : uid = <gen:1> -> org.hibernate.loader.plan.build.internal.spaces.EntityQuerySpaceImpl@41814a6d]
20:27:00.630 [main] DEBUG o.h.p.w.spi.MetamodelGraphWalker - Visiting attribute path : firstName
20:27:00.630 [main] DEBUG o.h.p.w.spi.MetamodelGraphWalker - Visiting attribute path : gender
20:27:00.630 [main] DEBUG o.h.p.w.spi.MetamodelGraphWalker - Visiting attribute path : id
20:27:00.630 [main] DEBUG o.h.p.w.spi.MetamodelGraphWalker - Visiting attribute path : lastName
20:27:00.630 [main] DEBUG o.h.p.w.spi.MetamodelGraphWalker - Visiting attribute path : mother
20:27:00.631 [main] DEBUG o.h.l.p.b.i.spaces.QuerySpacesImpl - Adding QuerySpace : uid = <gen:2> -> org.hibernate.loader.plan.build.internal.spaces.EntityQuerySpaceImpl@4065f019]
20:27:00.631 [main] DEBUG o.h.p.w.spi.MetamodelGraphWalker - Visiting attribute path : phone
20:27:00.631 [main] DEBUG o.h.p.w.spi.MetamodelGraphWalker - Visiting attribute path : preferredName
20:27:00.631 [main] DEBUG o.h.p.w.spi.MetamodelGraphWalker - Visiting attribute path : state
20:27:00.631 [main] DEBUG o.h.p.w.spi.MetamodelGraphWalker - Visiting attribute path : zip
20:27:00.631 [main] DEBUG o.h.l.p.b.i.FetchStyleLoadPlanBuildingAssociationVisitationStrategy - Building LoadPlan...
20:27:00.631 [main] DEBUG o.h.l.p.e.i.LoadQueryJoinAndFetchProcessor - processing queryspace <gen:0>
20:27:00.632 [main] DEBUG o.h.l.p.b.spi.LoadPlanTreePrinter - LoadPlan(entity=edu.ncsu.csc.itrust2.models.persistent.Patient)
    - Returns
       - EntityReturnImpl(entity=edu.ncsu.csc.itrust2.models.persistent.Patient, querySpaceUid=<gen:0>, path=edu.ncsu.csc.itrust2.models.persistent.Patient)
          - EntityAttributeFetchImpl(entity=edu.ncsu.csc.itrust2.models.persistent.User, querySpaceUid=<gen:1>, path=edu.ncsu.csc.itrust2.models.persistent.Patient.father)
          - EntityAttributeFetchImpl(entity=edu.ncsu.csc.itrust2.models.persistent.User, querySpaceUid=<gen:2>, path=edu.ncsu.csc.itrust2.models.persistent.Patient.mother)
    - QuerySpaces
       - EntityQuerySpaceImpl(uid=<gen:0>, entity=edu.ncsu.csc.itrust2.models.persistent.Patient)
          - SQL table alias mapping - patient0_
          - alias suffix - 0_
          - suffixed key columns - {self_id18_12_0_}
          - JOIN (JoinDefinedByMetadata(id)) : <gen:0> -> <gen:0>-id
             - CompositeQuerySpaceImpl(uid=<gen:0>-id)
                - SQL table alias mapping - patient0_

20:27:00.632 [main] DEBUG o.h.loader.entity.plan.EntityLoader - Static select for entity edu.ncsu.csc.itrust2.models.persistent.Patient [OPTIMISTIC_FORCE_INCREMENT]: select patient0_.self_id as self_id18_12_0_, patient0_.address1 as address1_12_0_, patient0_.address2 as address2_12_0_, patient0_.bloodType as bloodTyp3_12_0_, patient0_.causeOfDeath as causeOfD4_12_0_, patient0_.city as city5_12_0_, patient0_.dateOfBirth as dateOfBi6_12_0_, patient0_.dateOfDeath as dateOfDe7_12_0_, patient0_.email as email8_12_0_, patient0_.ethnicity as ethnicit9_12_0_, patient0_.father_id as father_19_12_0_, patient0_.firstName as firstNa10_12_0_, patient0_.gender as gender11_12_0_, patient0_.id as id12_12_0_, patient0_.lastName as lastNam13_12_0_, patient0_.mother_id as mother_20_12_0_, patient0_.phone as phone14_12_0_, patient0_.preferredName as preferr15_12_0_, patient0_.state as state16_12_0_, patient0_.zip as zip17_12_0_ from Patients patient0_ where patient0_.self_id=?
20:27:00.632 [main] DEBUG org.hibernate.loader.Loader - Static select for action ACTION_MERGE on entity edu.ncsu.csc.itrust2.models.persistent.Patient: select patient0_.self_id as self_id18_12_0_, patient0_.address1 as address1_12_0_, patient0_.address2 as address2_12_0_, patient0_.bloodType as bloodTyp3_12_0_, patient0_.causeOfDeath as causeOfD4_12_0_, patient0_.city as city5_12_0_, patient0_.dateOfBirth as dateOfBi6_12_0_, patient0_.dateOfDeath as dateOfDe7_12_0_, patient0_.email as email8_12_0_, patient0_.ethnicity as ethnicit9_12_0_, patient0_.father_id as father_19_12_0_, patient0_.firstName as firstNa10_12_0_, patient0_.gender as gender11_12_0_, patient0_.id as id12_12_0_, patient0_.lastName as lastNam13_12_0_, patient0_.mother_id as mother_20_12_0_, patient0_.phone as phone14_12_0_, patient0_.preferredName as preferr15_12_0_, patient0_.state as state16_12_0_, patient0_.zip as zip17_12_0_ from Patients patient0_ where patient0_.self_id=?
20:27:00.633 [main] DEBUG org.hibernate.loader.Loader - Static select for action ACTION_REFRESH on entity edu.ncsu.csc.itrust2.models.persistent.Patient: select patient0_.self_id as self_id18_12_0_, patient0_.address1 as address1_12_0_, patient0_.address2 as address2_12_0_, patient0_.bloodType as bloodTyp3_12_0_, patient0_.causeOfDeath as causeOfD4_12_0_, patient0_.city as city5_12_0_, patient0_.dateOfBirth as dateOfBi6_12_0_, patient0_.dateOfDeath as dateOfDe7_12_0_, patient0_.email as email8_12_0_, patient0_.ethnicity as ethnicit9_12_0_, patient0_.father_id as father_19_12_0_, patient0_.firstName as firstNa10_12_0_, patient0_.gender as gender11_12_0_, patient0_.id as id12_12_0_, patient0_.lastName as lastNam13_12_0_, patient0_.mother_id as mother_20_12_0_, patient0_.phone as phone14_12_0_, patient0_.preferredName as preferr15_12_0_, patient0_.state as state16_12_0_, patient0_.zip as zip17_12_0_ from Patients patient0_ where patient0_.self_id=?
20:27:00.633 [main] DEBUG o.h.p.entity.AbstractEntityPersister - Static SQL for entity: edu.ncsu.csc.itrust2.models.persistent.ICDCode
20:27:00.633 [main] DEBUG o.h.p.entity.AbstractEntityPersister -  Version select: select id from ICDCodes where id =?
20:27:00.633 [main] DEBUG o.h.p.entity.AbstractEntityPersister -  Snapshot select: select icdcode_.id, icdcode_.code as code2_5_, icdcode_.description as descript3_5_ from ICDCodes icdcode_ where icdcode_.id=?
20:27:00.633 [main] DEBUG o.h.p.entity.AbstractEntityPersister -  Insert 0: insert into ICDCodes (code, description, id) values (?, ?, ?)
20:27:00.633 [main] DEBUG o.h.p.entity.AbstractEntityPersister -  Update 0: update ICDCodes set code=?, description=? where id=?
20:27:00.633 [main] DEBUG o.h.p.entity.AbstractEntityPersister -  Delete 0: delete from ICDCodes where id=?
20:27:00.633 [main] DEBUG o.h.l.p.b.i.spaces.QuerySpacesImpl - Adding QuerySpace : uid = <gen:0> -> org.hibernate.loader.plan.build.internal.spaces.EntityQuerySpaceImpl@365e0842]
20:27:00.634 [main] DEBUG o.h.p.w.spi.MetamodelGraphWalker - Visiting attribute path : code
20:27:00.634 [main] DEBUG o.h.p.w.spi.MetamodelGraphWalker - Visiting attribute path : description
20:27:00.634 [main] DEBUG o.h.l.p.b.i.FetchStyleLoadPlanBuildingAssociationVisitationStrategy - Building LoadPlan...
20:27:00.634 [main] DEBUG o.h.l.p.e.i.LoadQueryJoinAndFetchProcessor - processing queryspace <gen:0>
20:27:00.634 [main] DEBUG o.h.l.p.b.spi.LoadPlanTreePrinter - LoadPlan(entity=edu.ncsu.csc.itrust2.models.persistent.ICDCode)
    - Returns
       - EntityReturnImpl(entity=edu.ncsu.csc.itrust2.models.persistent.ICDCode, querySpaceUid=<gen:0>, path=edu.ncsu.csc.itrust2.models.persistent.ICDCode)
    - QuerySpaces
       - EntityQuerySpaceImpl(uid=<gen:0>, entity=edu.ncsu.csc.itrust2.models.persistent.ICDCode)
          - SQL table alias mapping - icdcode0_
          - alias suffix - 0_
          - suffixed key columns - {id1_5_0_}

20:27:00.634 [main] DEBUG o.h.loader.entity.plan.EntityLoader - Static select for entity edu.ncsu.csc.itrust2.models.persistent.ICDCode [NONE]: select icdcode0_.id as id1_5_0_, icdcode0_.code as code2_5_0_, icdcode0_.description as descript3_5_0_ from ICDCodes icdcode0_ where icdcode0_.id=?
20:27:00.635 [main] DEBUG o.h.l.p.b.i.spaces.QuerySpacesImpl - Adding QuerySpace : uid = <gen:0> -> org.hibernate.loader.plan.build.internal.spaces.EntityQuerySpaceImpl@725575e2]
20:27:00.635 [main] DEBUG o.h.p.w.spi.MetamodelGraphWalker - Visiting attribute path : code
20:27:00.635 [main] DEBUG o.h.p.w.spi.MetamodelGraphWalker - Visiting attribute path : description
20:27:00.635 [main] DEBUG o.h.l.p.b.i.FetchStyleLoadPlanBuildingAssociationVisitationStrategy - Building LoadPlan...
20:27:00.635 [main] DEBUG o.h.l.p.e.i.LoadQueryJoinAndFetchProcessor - processing queryspace <gen:0>
20:27:00.635 [main] DEBUG o.h.l.p.b.spi.LoadPlanTreePrinter - LoadPlan(entity=edu.ncsu.csc.itrust2.models.persistent.ICDCode)
    - Returns
       - EntityReturnImpl(entity=edu.ncsu.csc.itrust2.models.persistent.ICDCode, querySpaceUid=<gen:0>, path=edu.ncsu.csc.itrust2.models.persistent.ICDCode)
    - QuerySpaces
       - EntityQuerySpaceImpl(uid=<gen:0>, entity=edu.ncsu.csc.itrust2.models.persistent.ICDCode)
          - SQL table alias mapping - icdcode0_
          - alias suffix - 0_
          - suffixed key columns - {id1_5_0_}

20:27:00.635 [main] DEBUG o.h.loader.entity.plan.EntityLoader - Static select for entity edu.ncsu.csc.itrust2.models.persistent.ICDCode [READ]: select icdcode0_.id as id1_5_0_, icdcode0_.code as code2_5_0_, icdcode0_.description as descript3_5_0_ from ICDCodes icdcode0_ where icdcode0_.id=?
20:27:00.636 [main] DEBUG o.h.l.p.b.i.spaces.QuerySpacesImpl - Adding QuerySpace : uid = <gen:0> -> org.hibernate.loader.plan.build.internal.spaces.EntityQuerySpaceImpl@5b85a168]
20:27:00.636 [main] DEBUG o.h.p.w.spi.MetamodelGraphWalker - Visiting attribute path : code
20:27:00.636 [main] DEBUG o.h.p.w.spi.MetamodelGraphWalker - Visiting attribute path : description
20:27:00.636 [main] DEBUG o.h.l.p.b.i.FetchStyleLoadPlanBuildingAssociationVisitationStrategy - Building LoadPlan...
20:27:00.636 [main] DEBUG o.h.l.p.e.i.LoadQueryJoinAndFetchProcessor - processing queryspace <gen:0>
20:27:00.636 [main] DEBUG o.h.l.p.b.spi.LoadPlanTreePrinter - LoadPlan(entity=edu.ncsu.csc.itrust2.models.persistent.ICDCode)
    - Returns
       - EntityReturnImpl(entity=edu.ncsu.csc.itrust2.models.persistent.ICDCode, querySpaceUid=<gen:0>, path=edu.ncsu.csc.itrust2.models.persistent.ICDCode)
    - QuerySpaces
       - EntityQuerySpaceImpl(uid=<gen:0>, entity=edu.ncsu.csc.itrust2.models.persistent.ICDCode)
          - SQL table alias mapping - icdcode0_
          - alias suffix - 0_
          - suffixed key columns - {id1_5_0_}

20:27:00.636 [main] DEBUG o.h.loader.entity.plan.EntityLoader - Static select for entity edu.ncsu.csc.itrust2.models.persistent.ICDCode [UPGRADE]: select icdcode0_.id as id1_5_0_, icdcode0_.code as code2_5_0_, icdcode0_.description as descript3_5_0_ from ICDCodes icdcode0_ where icdcode0_.id=? for update
20:27:00.637 [main] DEBUG o.h.l.p.b.i.spaces.QuerySpacesImpl - Adding QuerySpace : uid = <gen:0> -> org.hibernate.loader.plan.build.internal.spaces.EntityQuerySpaceImpl@5fa34f79]
20:27:00.637 [main] DEBUG o.h.p.w.spi.MetamodelGraphWalker - Visiting attribute path : code
20:27:00.637 [main] DEBUG o.h.p.w.spi.MetamodelGraphWalker - Visiting attribute path : description
20:27:00.637 [main] DEBUG o.h.l.p.b.i.FetchStyleLoadPlanBuildingAssociationVisitationStrategy - Building LoadPlan...
20:27:00.637 [main] DEBUG o.h.l.p.e.i.LoadQueryJoinAndFetchProcessor - processing queryspace <gen:0>
20:27:00.637 [main] DEBUG o.h.l.p.b.spi.LoadPlanTreePrinter - LoadPlan(entity=edu.ncsu.csc.itrust2.models.persistent.ICDCode)
    - Returns
       - EntityReturnImpl(entity=edu.ncsu.csc.itrust2.models.persistent.ICDCode, querySpaceUid=<gen:0>, path=edu.ncsu.csc.itrust2.models.persistent.ICDCode)
    - QuerySpaces
       - EntityQuerySpaceImpl(uid=<gen:0>, entity=edu.ncsu.csc.itrust2.models.persistent.ICDCode)
          - SQL table alias mapping - icdcode0_
          - alias suffix - 0_
          - suffixed key columns - {id1_5_0_}

20:27:00.637 [main] DEBUG o.h.loader.entity.plan.EntityLoader - Static select for entity edu.ncsu.csc.itrust2.models.persistent.ICDCode [UPGRADE_NOWAIT]: select icdcode0_.id as id1_5_0_, icdcode0_.code as code2_5_0_, icdcode0_.description as descript3_5_0_ from ICDCodes icdcode0_ where icdcode0_.id=? for update
20:27:00.638 [main] DEBUG o.h.l.p.b.i.spaces.QuerySpacesImpl - Adding QuerySpace : uid = <gen:0> -> org.hibernate.loader.plan.build.internal.spaces.EntityQuerySpaceImpl@49503996]
20:27:00.638 [main] DEBUG o.h.p.w.spi.MetamodelGraphWalker - Visiting attribute path : code
20:27:00.638 [main] DEBUG o.h.p.w.spi.MetamodelGraphWalker - Visiting attribute path : description
20:27:00.638 [main] DEBUG o.h.l.p.b.i.FetchStyleLoadPlanBuildingAssociationVisitationStrategy - Building LoadPlan...
20:27:00.638 [main] DEBUG o.h.l.p.e.i.LoadQueryJoinAndFetchProcessor - processing queryspace <gen:0>
20:27:00.638 [main] DEBUG o.h.l.p.b.spi.LoadPlanTreePrinter - LoadPlan(entity=edu.ncsu.csc.itrust2.models.persistent.ICDCode)
    - Returns
       - EntityReturnImpl(entity=edu.ncsu.csc.itrust2.models.persistent.ICDCode, querySpaceUid=<gen:0>, path=edu.ncsu.csc.itrust2.models.persistent.ICDCode)
    - QuerySpaces
       - EntityQuerySpaceImpl(uid=<gen:0>, entity=edu.ncsu.csc.itrust2.models.persistent.ICDCode)
          - SQL table alias mapping - icdcode0_
          - alias suffix - 0_
          - suffixed key columns - {id1_5_0_}

20:27:00.638 [main] DEBUG o.h.loader.entity.plan.EntityLoader - Static select for entity edu.ncsu.csc.itrust2.models.persistent.ICDCode [UPGRADE_SKIPLOCKED]: select icdcode0_.id as id1_5_0_, icdcode0_.code as code2_5_0_, icdcode0_.description as descript3_5_0_ from ICDCodes icdcode0_ where icdcode0_.id=? for update
20:27:00.639 [main] DEBUG o.h.l.p.b.i.spaces.QuerySpacesImpl - Adding QuerySpace : uid = <gen:0> -> org.hibernate.loader.plan.build.internal.spaces.EntityQuerySpaceImpl@ccc47f6]
20:27:00.639 [main] DEBUG o.h.p.w.spi.MetamodelGraphWalker - Visiting attribute path : code
20:27:00.639 [main] DEBUG o.h.p.w.spi.MetamodelGraphWalker - Visiting attribute path : description
20:27:00.639 [main] DEBUG o.h.l.p.b.i.FetchStyleLoadPlanBuildingAssociationVisitationStrategy - Building LoadPlan...
20:27:00.639 [main] DEBUG o.h.l.p.e.i.LoadQueryJoinAndFetchProcessor - processing queryspace <gen:0>
20:27:00.639 [main] DEBUG o.h.l.p.b.spi.LoadPlanTreePrinter - LoadPlan(entity=edu.ncsu.csc.itrust2.models.persistent.ICDCode)
    - Returns
       - EntityReturnImpl(entity=edu.ncsu.csc.itrust2.models.persistent.ICDCode, querySpaceUid=<gen:0>, path=edu.ncsu.csc.itrust2.models.persistent.ICDCode)
    - QuerySpaces
       - EntityQuerySpaceImpl(uid=<gen:0>, entity=edu.ncsu.csc.itrust2.models.persistent.ICDCode)
          - SQL table alias mapping - icdcode0_
          - alias suffix - 0_
          - suffixed key columns - {id1_5_0_}

20:27:00.639 [main] DEBUG o.h.loader.entity.plan.EntityLoader - Static select for entity edu.ncsu.csc.itrust2.models.persistent.ICDCode [FORCE]: select icdcode0_.id as id1_5_0_, icdcode0_.code as code2_5_0_, icdcode0_.description as descript3_5_0_ from ICDCodes icdcode0_ where icdcode0_.id=? for update
20:27:00.639 [main] DEBUG o.h.l.p.b.i.spaces.QuerySpacesImpl - Adding QuerySpace : uid = <gen:0> -> org.hibernate.loader.plan.build.internal.spaces.EntityQuerySpaceImpl@3942fbb9]
20:27:00.640 [main] DEBUG o.h.p.w.spi.MetamodelGraphWalker - Visiting attribute path : code
20:27:00.640 [main] DEBUG o.h.p.w.spi.MetamodelGraphWalker - Visiting attribute path : description
20:27:00.640 [main] DEBUG o.h.l.p.b.i.FetchStyleLoadPlanBuildingAssociationVisitationStrategy - Building LoadPlan...
20:27:00.640 [main] DEBUG o.h.l.p.e.i.LoadQueryJoinAndFetchProcessor - processing queryspace <gen:0>
20:27:00.640 [main] DEBUG o.h.l.p.b.spi.LoadPlanTreePrinter - LoadPlan(entity=edu.ncsu.csc.itrust2.models.persistent.ICDCode)
    - Returns
       - EntityReturnImpl(entity=edu.ncsu.csc.itrust2.models.persistent.ICDCode, querySpaceUid=<gen:0>, path=edu.ncsu.csc.itrust2.models.persistent.ICDCode)
    - QuerySpaces
       - EntityQuerySpaceImpl(uid=<gen:0>, entity=edu.ncsu.csc.itrust2.models.persistent.ICDCode)
          - SQL table alias mapping - icdcode0_
          - alias suffix - 0_
          - suffixed key columns - {id1_5_0_}

20:27:00.640 [main] DEBUG o.h.loader.entity.plan.EntityLoader - Static select for entity edu.ncsu.csc.itrust2.models.persistent.ICDCode [PESSIMISTIC_READ]: select icdcode0_.id as id1_5_0_, icdcode0_.code as code2_5_0_, icdcode0_.description as descript3_5_0_ from ICDCodes icdcode0_ where icdcode0_.id=? lock in share mode
20:27:00.640 [main] DEBUG o.h.l.p.b.i.spaces.QuerySpacesImpl - Adding QuerySpace : uid = <gen:0> -> org.hibernate.loader.plan.build.internal.spaces.EntityQuerySpaceImpl@16c63eb8]
20:27:00.641 [main] DEBUG o.h.p.w.spi.MetamodelGraphWalker - Visiting attribute path : code
20:27:00.641 [main] DEBUG o.h.p.w.spi.MetamodelGraphWalker - Visiting attribute path : description
20:27:00.641 [main] DEBUG o.h.l.p.b.i.FetchStyleLoadPlanBuildingAssociationVisitationStrategy - Building LoadPlan...
20:27:00.641 [main] DEBUG o.h.l.p.e.i.LoadQueryJoinAndFetchProcessor - processing queryspace <gen:0>
20:27:00.641 [main] DEBUG o.h.l.p.b.spi.LoadPlanTreePrinter - LoadPlan(entity=edu.ncsu.csc.itrust2.models.persistent.ICDCode)
    - Returns
       - EntityReturnImpl(entity=edu.ncsu.csc.itrust2.models.persistent.ICDCode, querySpaceUid=<gen:0>, path=edu.ncsu.csc.itrust2.models.persistent.ICDCode)
    - QuerySpaces
       - EntityQuerySpaceImpl(uid=<gen:0>, entity=edu.ncsu.csc.itrust2.models.persistent.ICDCode)
          - SQL table alias mapping - icdcode0_
          - alias suffix - 0_
          - suffixed key columns - {id1_5_0_}

20:27:00.641 [main] DEBUG o.h.loader.entity.plan.EntityLoader - Static select for entity edu.ncsu.csc.itrust2.models.persistent.ICDCode [PESSIMISTIC_WRITE]: select icdcode0_.id as id1_5_0_, icdcode0_.code as code2_5_0_, icdcode0_.description as descript3_5_0_ from ICDCodes icdcode0_ where icdcode0_.id=? for update
20:27:00.641 [main] DEBUG o.h.l.p.b.i.spaces.QuerySpacesImpl - Adding QuerySpace : uid = <gen:0> -> org.hibernate.loader.plan.build.internal.spaces.EntityQuerySpaceImpl@7ea3d83c]
20:27:00.642 [main] DEBUG o.h.p.w.spi.MetamodelGraphWalker - Visiting attribute path : code
20:27:00.642 [main] DEBUG o.h.p.w.spi.MetamodelGraphWalker - Visiting attribute path : description
20:27:00.642 [main] DEBUG o.h.l.p.b.i.FetchStyleLoadPlanBuildingAssociationVisitationStrategy - Building LoadPlan...
20:27:00.642 [main] DEBUG o.h.l.p.e.i.LoadQueryJoinAndFetchProcessor - processing queryspace <gen:0>
20:27:00.642 [main] DEBUG o.h.l.p.b.spi.LoadPlanTreePrinter - LoadPlan(entity=edu.ncsu.csc.itrust2.models.persistent.ICDCode)
    - Returns
       - EntityReturnImpl(entity=edu.ncsu.csc.itrust2.models.persistent.ICDCode, querySpaceUid=<gen:0>, path=edu.ncsu.csc.itrust2.models.persistent.ICDCode)
    - QuerySpaces
       - EntityQuerySpaceImpl(uid=<gen:0>, entity=edu.ncsu.csc.itrust2.models.persistent.ICDCode)
          - SQL table alias mapping - icdcode0_
          - alias suffix - 0_
          - suffixed key columns - {id1_5_0_}

20:27:00.643 [main] DEBUG o.h.loader.entity.plan.EntityLoader - Static select for entity edu.ncsu.csc.itrust2.models.persistent.ICDCode [PESSIMISTIC_FORCE_INCREMENT]: select icdcode0_.id as id1_5_0_, icdcode0_.code as code2_5_0_, icdcode0_.description as descript3_5_0_ from ICDCodes icdcode0_ where icdcode0_.id=? for update
20:27:00.643 [main] DEBUG o.h.l.p.b.i.spaces.QuerySpacesImpl - Adding QuerySpace : uid = <gen:0> -> org.hibernate.loader.plan.build.internal.spaces.EntityQuerySpaceImpl@78e05247]
20:27:00.643 [main] DEBUG o.h.p.w.spi.MetamodelGraphWalker - Visiting attribute path : code
20:27:00.643 [main] DEBUG o.h.p.w.spi.MetamodelGraphWalker - Visiting attribute path : description
20:27:00.643 [main] DEBUG o.h.l.p.b.i.FetchStyleLoadPlanBuildingAssociationVisitationStrategy - Building LoadPlan...
20:27:00.643 [main] DEBUG o.h.l.p.e.i.LoadQueryJoinAndFetchProcessor - processing queryspace <gen:0>
20:27:00.644 [main] DEBUG o.h.l.p.b.spi.LoadPlanTreePrinter - LoadPlan(entity=edu.ncsu.csc.itrust2.models.persistent.ICDCode)
    - Returns
       - EntityReturnImpl(entity=edu.ncsu.csc.itrust2.models.persistent.ICDCode, querySpaceUid=<gen:0>, path=edu.ncsu.csc.itrust2.models.persistent.ICDCode)
    - QuerySpaces
       - EntityQuerySpaceImpl(uid=<gen:0>, entity=edu.ncsu.csc.itrust2.models.persistent.ICDCode)
          - SQL table alias mapping - icdcode0_
          - alias suffix - 0_
          - suffixed key columns - {id1_5_0_}

20:27:00.644 [main] DEBUG o.h.loader.entity.plan.EntityLoader - Static select for entity edu.ncsu.csc.itrust2.models.persistent.ICDCode [OPTIMISTIC]: select icdcode0_.id as id1_5_0_, icdcode0_.code as code2_5_0_, icdcode0_.description as descript3_5_0_ from ICDCodes icdcode0_ where icdcode0_.id=?
20:27:00.644 [main] DEBUG o.h.l.p.b.i.spaces.QuerySpacesImpl - Adding QuerySpace : uid = <gen:0> -> org.hibernate.loader.plan.build.internal.spaces.EntityQuerySpaceImpl@5bc629cd]
20:27:00.644 [main] DEBUG o.h.p.w.spi.MetamodelGraphWalker - Visiting attribute path : code
20:27:00.644 [main] DEBUG o.h.p.w.spi.MetamodelGraphWalker - Visiting attribute path : description
20:27:00.645 [main] DEBUG o.h.l.p.b.i.FetchStyleLoadPlanBuildingAssociationVisitationStrategy - Building LoadPlan...
20:27:00.645 [main] DEBUG o.h.l.p.e.i.LoadQueryJoinAndFetchProcessor - processing queryspace <gen:0>
20:27:00.645 [main] DEBUG o.h.l.p.b.spi.LoadPlanTreePrinter - LoadPlan(entity=edu.ncsu.csc.itrust2.models.persistent.ICDCode)
    - Returns
       - EntityReturnImpl(entity=edu.ncsu.csc.itrust2.models.persistent.ICDCode, querySpaceUid=<gen:0>, path=edu.ncsu.csc.itrust2.models.persistent.ICDCode)
    - QuerySpaces
       - EntityQuerySpaceImpl(uid=<gen:0>, entity=edu.ncsu.csc.itrust2.models.persistent.ICDCode)
          - SQL table alias mapping - icdcode0_
          - alias suffix - 0_
          - suffixed key columns - {id1_5_0_}

20:27:00.645 [main] DEBUG o.h.loader.entity.plan.EntityLoader - Static select for entity edu.ncsu.csc.itrust2.models.persistent.ICDCode [OPTIMISTIC_FORCE_INCREMENT]: select icdcode0_.id as id1_5_0_, icdcode0_.code as code2_5_0_, icdcode0_.description as descript3_5_0_ from ICDCodes icdcode0_ where icdcode0_.id=?
20:27:00.646 [main] DEBUG org.hibernate.loader.Loader - Static select for action ACTION_MERGE on entity edu.ncsu.csc.itrust2.models.persistent.ICDCode: select icdcode0_.id as id1_5_0_, icdcode0_.code as code2_5_0_, icdcode0_.description as descript3_5_0_ from ICDCodes icdcode0_ where icdcode0_.id=?
20:27:00.646 [main] DEBUG org.hibernate.loader.Loader - Static select for action ACTION_REFRESH on entity edu.ncsu.csc.itrust2.models.persistent.ICDCode: select icdcode0_.id as id1_5_0_, icdcode0_.code as code2_5_0_, icdcode0_.description as descript3_5_0_ from ICDCodes icdcode0_ where icdcode0_.id=?
20:27:00.646 [main] DEBUG o.h.p.entity.AbstractEntityPersister - Static SQL for entity: edu.ncsu.csc.itrust2.models.persistent.AppointmentRequest
20:27:00.646 [main] DEBUG o.h.p.entity.AbstractEntityPersister -  Version select: select id from AppointmentRequests where id =?
20:27:00.646 [main] DEBUG o.h.p.entity.AbstractEntityPersister -  Snapshot select: select appointmen_.id, appointmen_.comments as comments2_0_, appointmen_.date as date3_0_, appointmen_.hcp_id as hcp_id6_0_, appointmen_.patient_id as patient_7_0_, appointmen_.status as status4_0_, appointmen_.type as type5_0_ from AppointmentRequests appointmen_ where appointmen_.id=?
20:27:00.647 [main] DEBUG o.h.p.entity.AbstractEntityPersister -  Insert 0: insert into AppointmentRequests (comments, date, hcp_id, patient_id, status, type, id) values (?, ?, ?, ?, ?, ?, ?)
20:27:00.647 [main] DEBUG o.h.p.entity.AbstractEntityPersister -  Update 0: update AppointmentRequests set comments=?, date=?, hcp_id=?, patient_id=?, status=?, type=? where id=?
20:27:00.647 [main] DEBUG o.h.p.entity.AbstractEntityPersister -  Delete 0: delete from AppointmentRequests where id=?
20:27:00.647 [main] DEBUG o.h.l.p.b.i.spaces.QuerySpacesImpl - Adding QuerySpace : uid = <gen:0> -> org.hibernate.loader.plan.build.internal.spaces.EntityQuerySpaceImpl@5a661106]
20:27:00.647 [main] DEBUG o.h.p.w.spi.MetamodelGraphWalker - Visiting attribute path : comments
20:27:00.647 [main] DEBUG o.h.p.w.spi.MetamodelGraphWalker - Visiting attribute path : date
20:27:00.647 [main] DEBUG o.h.p.w.spi.MetamodelGraphWalker - Visiting attribute path : hcp
20:27:00.647 [main] DEBUG o.h.l.p.b.i.spaces.QuerySpacesImpl - Adding QuerySpace : uid = <gen:1> -> org.hibernate.loader.plan.build.internal.spaces.EntityQuerySpaceImpl@287dc658]
20:27:00.648 [main] DEBUG o.h.p.w.spi.MetamodelGraphWalker - Visiting attribute path : hcp.enabled
20:27:00.648 [main] DEBUG o.h.p.w.spi.MetamodelGraphWalker - Visiting attribute path : hcp.password
20:27:00.648 [main] DEBUG o.h.p.w.spi.MetamodelGraphWalker - Visiting attribute path : hcp.role
20:27:00.648 [main] DEBUG o.h.p.w.spi.MetamodelGraphWalker - Visiting attribute path : patient
20:27:00.648 [main] DEBUG o.h.l.p.b.i.spaces.QuerySpacesImpl - Adding QuerySpace : uid = <gen:2> -> org.hibernate.loader.plan.build.internal.spaces.EntityQuerySpaceImpl@122eb97e]
20:27:00.648 [main] DEBUG o.h.p.w.spi.MetamodelGraphWalker - Visiting attribute path : patient.enabled
20:27:00.649 [main] DEBUG o.h.p.w.spi.MetamodelGraphWalker - Visiting attribute path : patient.password
20:27:00.649 [main] DEBUG o.h.p.w.spi.MetamodelGraphWalker - Visiting attribute path : patient.role
20:27:00.649 [main] DEBUG o.h.p.w.spi.MetamodelGraphWalker - Visiting attribute path : status
20:27:00.649 [main] DEBUG o.h.p.w.spi.MetamodelGraphWalker - Visiting attribute path : type
20:27:00.649 [main] DEBUG o.h.l.p.b.i.FetchStyleLoadPlanBuildingAssociationVisitationStrategy - Building LoadPlan...
20:27:00.649 [main] DEBUG o.h.l.p.e.i.LoadQueryJoinAndFetchProcessor - processing queryspace <gen:0>
20:27:00.650 [main] DEBUG o.h.l.p.b.spi.LoadPlanTreePrinter - LoadPlan(entity=edu.ncsu.csc.itrust2.models.persistent.AppointmentRequest)
    - Returns
       - EntityReturnImpl(entity=edu.ncsu.csc.itrust2.models.persistent.AppointmentRequest, querySpaceUid=<gen:0>, path=edu.ncsu.csc.itrust2.models.persistent.AppointmentRequest)
          - EntityAttributeFetchImpl(entity=edu.ncsu.csc.itrust2.models.persistent.User, querySpaceUid=<gen:1>, path=edu.ncsu.csc.itrust2.models.persistent.AppointmentRequest.hcp)
          - EntityAttributeFetchImpl(entity=edu.ncsu.csc.itrust2.models.persistent.User, querySpaceUid=<gen:2>, path=edu.ncsu.csc.itrust2.models.persistent.AppointmentRequest.patient)
    - QuerySpaces
       - EntityQuerySpaceImpl(uid=<gen:0>, entity=edu.ncsu.csc.itrust2.models.persistent.AppointmentRequest)
          - SQL table alias mapping - appointmen0_
          - alias suffix - 0_
          - suffixed key columns - {id1_0_0_}
          - JOIN (JoinDefinedByMetadata(hcp)) : <gen:0> -> <gen:1>
             - EntityQuerySpaceImpl(uid=<gen:1>, entity=edu.ncsu.csc.itrust2.models.persistent.User)
                - SQL table alias mapping - user1_
                - alias suffix - 1_
                - suffixed key columns - {username1_15_1_}
          - JOIN (JoinDefinedByMetadata(patient)) : <gen:0> -> <gen:2>
             - EntityQuerySpaceImpl(uid=<gen:2>, entity=edu.ncsu.csc.itrust2.models.persistent.User)
                - SQL table alias mapping - user2_
                - alias suffix - 2_
                - suffixed key columns - {username1_15_2_}

20:27:00.650 [main] DEBUG o.h.loader.entity.plan.EntityLoader - Static select for entity edu.ncsu.csc.itrust2.models.persistent.AppointmentRequest [NONE]: select appointmen0_.id as id1_0_0_, appointmen0_.comments as comments2_0_0_, appointmen0_.date as date3_0_0_, appointmen0_.hcp_id as hcp_id6_0_0_, appointmen0_.patient_id as patient_7_0_0_, appointmen0_.status as status4_0_0_, appointmen0_.type as type5_0_0_, user1_.username as username1_15_1_, user1_.enabled as enabled2_15_1_, user1_.password as password3_15_1_, user1_.role as role4_15_1_, user2_.username as username1_15_2_, user2_.enabled as enabled2_15_2_, user2_.password as password3_15_2_, user2_.role as role4_15_2_ from AppointmentRequests appointmen0_ inner join Users user1_ on appointmen0_.hcp_id=user1_.username inner join Users user2_ on appointmen0_.patient_id=user2_.username where appointmen0_.id=?
20:27:00.650 [main] DEBUG o.h.l.p.b.i.spaces.QuerySpacesImpl - Adding QuerySpace : uid = <gen:0> -> org.hibernate.loader.plan.build.internal.spaces.EntityQuerySpaceImpl@6ebe7bdb]
20:27:00.650 [main] DEBUG o.h.p.w.spi.MetamodelGraphWalker - Visiting attribute path : comments
20:27:00.651 [main] DEBUG o.h.p.w.spi.MetamodelGraphWalker - Visiting attribute path : date
20:27:00.651 [main] DEBUG o.h.p.w.spi.MetamodelGraphWalker - Visiting attribute path : hcp
20:27:00.651 [main] DEBUG o.h.l.p.b.i.spaces.QuerySpacesImpl - Adding QuerySpace : uid = <gen:1> -> org.hibernate.loader.plan.build.internal.spaces.EntityQuerySpaceImpl@22f72b40]
20:27:00.651 [main] DEBUG o.h.p.w.spi.MetamodelGraphWalker - Visiting attribute path : hcp.enabled
20:27:00.651 [main] DEBUG o.h.p.w.spi.MetamodelGraphWalker - Visiting attribute path : hcp.password
20:27:00.651 [main] DEBUG o.h.p.w.spi.MetamodelGraphWalker - Visiting attribute path : hcp.role
20:27:00.651 [main] DEBUG o.h.p.w.spi.MetamodelGraphWalker - Visiting attribute path : patient
20:27:00.652 [main] DEBUG o.h.l.p.b.i.spaces.QuerySpacesImpl - Adding QuerySpace : uid = <gen:2> -> org.hibernate.loader.plan.build.internal.spaces.EntityQuerySpaceImpl@2e10dea7]
20:27:00.652 [main] DEBUG o.h.p.w.spi.MetamodelGraphWalker - Visiting attribute path : patient.enabled
20:27:00.652 [main] DEBUG o.h.p.w.spi.MetamodelGraphWalker - Visiting attribute path : patient.password
20:27:00.652 [main] DEBUG o.h.p.w.spi.MetamodelGraphWalker - Visiting attribute path : patient.role
20:27:00.652 [main] DEBUG o.h.p.w.spi.MetamodelGraphWalker - Visiting attribute path : status
20:27:00.652 [main] DEBUG o.h.p.w.spi.MetamodelGraphWalker - Visiting attribute path : type
20:27:00.652 [main] DEBUG o.h.l.p.b.i.FetchStyleLoadPlanBuildingAssociationVisitationStrategy - Building LoadPlan...
20:27:00.653 [main] DEBUG o.h.l.p.e.i.LoadQueryJoinAndFetchProcessor - processing queryspace <gen:0>
20:27:00.653 [main] DEBUG o.h.l.p.b.spi.LoadPlanTreePrinter - LoadPlan(entity=edu.ncsu.csc.itrust2.models.persistent.AppointmentRequest)
    - Returns
       - EntityReturnImpl(entity=edu.ncsu.csc.itrust2.models.persistent.AppointmentRequest, querySpaceUid=<gen:0>, path=edu.ncsu.csc.itrust2.models.persistent.AppointmentRequest)
          - EntityAttributeFetchImpl(entity=edu.ncsu.csc.itrust2.models.persistent.User, querySpaceUid=<gen:1>, path=edu.ncsu.csc.itrust2.models.persistent.AppointmentRequest.hcp)
          - EntityAttributeFetchImpl(entity=edu.ncsu.csc.itrust2.models.persistent.User, querySpaceUid=<gen:2>, path=edu.ncsu.csc.itrust2.models.persistent.AppointmentRequest.patient)
    - QuerySpaces
       - EntityQuerySpaceImpl(uid=<gen:0>, entity=edu.ncsu.csc.itrust2.models.persistent.AppointmentRequest)
          - SQL table alias mapping - appointmen0_
          - alias suffix - 0_
          - suffixed key columns - {id1_0_0_}
          - JOIN (JoinDefinedByMetadata(hcp)) : <gen:0> -> <gen:1>
             - EntityQuerySpaceImpl(uid=<gen:1>, entity=edu.ncsu.csc.itrust2.models.persistent.User)
                - SQL table alias mapping - user1_
                - alias suffix - 1_
                - suffixed key columns - {username1_15_1_}
          - JOIN (JoinDefinedByMetadata(patient)) : <gen:0> -> <gen:2>
             - EntityQuerySpaceImpl(uid=<gen:2>, entity=edu.ncsu.csc.itrust2.models.persistent.User)
                - SQL table alias mapping - user2_
                - alias suffix - 2_
                - suffixed key columns - {username1_15_2_}

20:27:00.653 [main] DEBUG o.h.loader.entity.plan.EntityLoader - Static select for entity edu.ncsu.csc.itrust2.models.persistent.AppointmentRequest [READ]: select appointmen0_.id as id1_0_0_, appointmen0_.comments as comments2_0_0_, appointmen0_.date as date3_0_0_, appointmen0_.hcp_id as hcp_id6_0_0_, appointmen0_.patient_id as patient_7_0_0_, appointmen0_.status as status4_0_0_, appointmen0_.type as type5_0_0_, user1_.username as username1_15_1_, user1_.enabled as enabled2_15_1_, user1_.password as password3_15_1_, user1_.role as role4_15_1_, user2_.username as username1_15_2_, user2_.enabled as enabled2_15_2_, user2_.password as password3_15_2_, user2_.role as role4_15_2_ from AppointmentRequests appointmen0_ inner join Users user1_ on appointmen0_.hcp_id=user1_.username inner join Users user2_ on appointmen0_.patient_id=user2_.username where appointmen0_.id=?
20:27:00.654 [main] DEBUG o.h.l.p.b.i.spaces.QuerySpacesImpl - Adding QuerySpace : uid = <gen:0> -> org.hibernate.loader.plan.build.internal.spaces.EntityQuerySpaceImpl@5c44897e]
20:27:00.654 [main] DEBUG o.h.p.w.spi.MetamodelGraphWalker - Visiting attribute path : comments
20:27:00.654 [main] DEBUG o.h.p.w.spi.MetamodelGraphWalker - Visiting attribute path : date
20:27:00.654 [main] DEBUG o.h.p.w.spi.MetamodelGraphWalker - Visiting attribute path : hcp
20:27:00.654 [main] DEBUG o.h.l.p.b.i.spaces.QuerySpacesImpl - Adding QuerySpace : uid = <gen:1> -> org.hibernate.loader.plan.build.internal.spaces.EntityQuerySpaceImpl@2f623aeb]
20:27:00.654 [main] DEBUG o.h.p.w.spi.MetamodelGraphWalker - Visiting attribute path : patient
20:27:00.655 [main] DEBUG o.h.l.p.b.i.spaces.QuerySpacesImpl - Adding QuerySpace : uid = <gen:2> -> org.hibernate.loader.plan.build.internal.spaces.EntityQuerySpaceImpl@7878adb3]
20:27:00.655 [main] DEBUG o.h.p.w.spi.MetamodelGraphWalker - Visiting attribute path : status
20:27:00.655 [main] DEBUG o.h.p.w.spi.MetamodelGraphWalker - Visiting attribute path : type
20:27:00.655 [main] DEBUG o.h.l.p.b.i.FetchStyleLoadPlanBuildingAssociationVisitationStrategy - Building LoadPlan...
20:27:00.655 [main] DEBUG o.h.l.p.e.i.LoadQueryJoinAndFetchProcessor - processing queryspace <gen:0>
20:27:00.656 [main] DEBUG o.h.l.p.b.spi.LoadPlanTreePrinter - LoadPlan(entity=edu.ncsu.csc.itrust2.models.persistent.AppointmentRequest)
    - Returns
       - EntityReturnImpl(entity=edu.ncsu.csc.itrust2.models.persistent.AppointmentRequest, querySpaceUid=<gen:0>, path=edu.ncsu.csc.itrust2.models.persistent.AppointmentRequest)
          - EntityAttributeFetchImpl(entity=edu.ncsu.csc.itrust2.models.persistent.User, querySpaceUid=<gen:1>, path=edu.ncsu.csc.itrust2.models.persistent.AppointmentRequest.hcp)
          - EntityAttributeFetchImpl(entity=edu.ncsu.csc.itrust2.models.persistent.User, querySpaceUid=<gen:2>, path=edu.ncsu.csc.itrust2.models.persistent.AppointmentRequest.patient)
    - QuerySpaces
       - EntityQuerySpaceImpl(uid=<gen:0>, entity=edu.ncsu.csc.itrust2.models.persistent.AppointmentRequest)
          - SQL table alias mapping - appointmen0_
          - alias suffix - 0_
          - suffixed key columns - {id1_0_0_}

20:27:00.656 [main] DEBUG o.h.loader.entity.plan.EntityLoader - Static select for entity edu.ncsu.csc.itrust2.models.persistent.AppointmentRequest [UPGRADE]: select appointmen0_.id as id1_0_0_, appointmen0_.comments as comments2_0_0_, appointmen0_.date as date3_0_0_, appointmen0_.hcp_id as hcp_id6_0_0_, appointmen0_.patient_id as patient_7_0_0_, appointmen0_.status as status4_0_0_, appointmen0_.type as type5_0_0_ from AppointmentRequests appointmen0_ where appointmen0_.id=? for update
20:27:00.656 [main] DEBUG o.h.l.p.b.i.spaces.QuerySpacesImpl - Adding QuerySpace : uid = <gen:0> -> org.hibernate.loader.plan.build.internal.spaces.EntityQuerySpaceImpl@fc4bb]
20:27:00.656 [main] DEBUG o.h.p.w.spi.MetamodelGraphWalker - Visiting attribute path : comments
20:27:00.656 [main] DEBUG o.h.p.w.spi.MetamodelGraphWalker - Visiting attribute path : date
20:27:00.656 [main] DEBUG o.h.p.w.spi.MetamodelGraphWalker - Visiting attribute path : hcp
20:27:00.656 [main] DEBUG o.h.l.p.b.i.spaces.QuerySpacesImpl - Adding QuerySpace : uid = <gen:1> -> org.hibernate.loader.plan.build.internal.spaces.EntityQuerySpaceImpl@401f38ff]
20:27:00.657 [main] DEBUG o.h.p.w.spi.MetamodelGraphWalker - Visiting attribute path : patient
20:27:00.657 [main] DEBUG o.h.l.p.b.i.spaces.QuerySpacesImpl - Adding QuerySpace : uid = <gen:2> -> org.hibernate.loader.plan.build.internal.spaces.EntityQuerySpaceImpl@7d37107a]
20:27:00.657 [main] DEBUG o.h.p.w.spi.MetamodelGraphWalker - Visiting attribute path : status
20:27:00.657 [main] DEBUG o.h.p.w.spi.MetamodelGraphWalker - Visiting attribute path : type
20:27:00.657 [main] DEBUG o.h.l.p.b.i.FetchStyleLoadPlanBuildingAssociationVisitationStrategy - Building LoadPlan...
20:27:00.657 [main] DEBUG o.h.l.p.e.i.LoadQueryJoinAndFetchProcessor - processing queryspace <gen:0>
20:27:00.658 [main] DEBUG o.h.l.p.b.spi.LoadPlanTreePrinter - LoadPlan(entity=edu.ncsu.csc.itrust2.models.persistent.AppointmentRequest)
    - Returns
       - EntityReturnImpl(entity=edu.ncsu.csc.itrust2.models.persistent.AppointmentRequest, querySpaceUid=<gen:0>, path=edu.ncsu.csc.itrust2.models.persistent.AppointmentRequest)
          - EntityAttributeFetchImpl(entity=edu.ncsu.csc.itrust2.models.persistent.User, querySpaceUid=<gen:1>, path=edu.ncsu.csc.itrust2.models.persistent.AppointmentRequest.hcp)
          - EntityAttributeFetchImpl(entity=edu.ncsu.csc.itrust2.models.persistent.User, querySpaceUid=<gen:2>, path=edu.ncsu.csc.itrust2.models.persistent.AppointmentRequest.patient)
    - QuerySpaces
       - EntityQuerySpaceImpl(uid=<gen:0>, entity=edu.ncsu.csc.itrust2.models.persistent.AppointmentRequest)
          - SQL table alias mapping - appointmen0_
          - alias suffix - 0_
          - suffixed key columns - {id1_0_0_}

20:27:00.658 [main] DEBUG o.h.loader.entity.plan.EntityLoader - Static select for entity edu.ncsu.csc.itrust2.models.persistent.AppointmentRequest [UPGRADE_NOWAIT]: select appointmen0_.id as id1_0_0_, appointmen0_.comments as comments2_0_0_, appointmen0_.date as date3_0_0_, appointmen0_.hcp_id as hcp_id6_0_0_, appointmen0_.patient_id as patient_7_0_0_, appointmen0_.status as status4_0_0_, appointmen0_.type as type5_0_0_ from AppointmentRequests appointmen0_ where appointmen0_.id=? for update
20:27:00.658 [main] DEBUG o.h.l.p.b.i.spaces.QuerySpacesImpl - Adding QuerySpace : uid = <gen:0> -> org.hibernate.loader.plan.build.internal.spaces.EntityQuerySpaceImpl@3e3297b]
20:27:00.658 [main] DEBUG o.h.p.w.spi.MetamodelGraphWalker - Visiting attribute path : comments
20:27:00.658 [main] DEBUG o.h.p.w.spi.MetamodelGraphWalker - Visiting attribute path : date
20:27:00.658 [main] DEBUG o.h.p.w.spi.MetamodelGraphWalker - Visiting attribute path : hcp
20:27:00.659 [main] DEBUG o.h.l.p.b.i.spaces.QuerySpacesImpl - Adding QuerySpace : uid = <gen:1> -> org.hibernate.loader.plan.build.internal.spaces.EntityQuerySpaceImpl@63ca7b09]
20:27:00.659 [main] DEBUG o.h.p.w.spi.MetamodelGraphWalker - Visiting attribute path : patient
20:27:00.659 [main] DEBUG o.h.l.p.b.i.spaces.QuerySpacesImpl - Adding QuerySpace : uid = <gen:2> -> org.hibernate.loader.plan.build.internal.spaces.EntityQuerySpaceImpl@26bb13ca]
20:27:00.659 [main] DEBUG o.h.p.w.spi.MetamodelGraphWalker - Visiting attribute path : status
20:27:00.659 [main] DEBUG o.h.p.w.spi.MetamodelGraphWalker - Visiting attribute path : type
20:27:00.659 [main] DEBUG o.h.l.p.b.i.FetchStyleLoadPlanBuildingAssociationVisitationStrategy - Building LoadPlan...
20:27:00.660 [main] DEBUG o.h.l.p.e.i.LoadQueryJoinAndFetchProcessor - processing queryspace <gen:0>
20:27:00.660 [main] DEBUG o.h.l.p.b.spi.LoadPlanTreePrinter - LoadPlan(entity=edu.ncsu.csc.itrust2.models.persistent.AppointmentRequest)
    - Returns
       - EntityReturnImpl(entity=edu.ncsu.csc.itrust2.models.persistent.AppointmentRequest, querySpaceUid=<gen:0>, path=edu.ncsu.csc.itrust2.models.persistent.AppointmentRequest)
          - EntityAttributeFetchImpl(entity=edu.ncsu.csc.itrust2.models.persistent.User, querySpaceUid=<gen:1>, path=edu.ncsu.csc.itrust2.models.persistent.AppointmentRequest.hcp)
          - EntityAttributeFetchImpl(entity=edu.ncsu.csc.itrust2.models.persistent.User, querySpaceUid=<gen:2>, path=edu.ncsu.csc.itrust2.models.persistent.AppointmentRequest.patient)
    - QuerySpaces
       - EntityQuerySpaceImpl(uid=<gen:0>, entity=edu.ncsu.csc.itrust2.models.persistent.AppointmentRequest)
          - SQL table alias mapping - appointmen0_
          - alias suffix - 0_
          - suffixed key columns - {id1_0_0_}

20:27:00.660 [main] DEBUG o.h.loader.entity.plan.EntityLoader - Static select for entity edu.ncsu.csc.itrust2.models.persistent.AppointmentRequest [UPGRADE_SKIPLOCKED]: select appointmen0_.id as id1_0_0_, appointmen0_.comments as comments2_0_0_, appointmen0_.date as date3_0_0_, appointmen0_.hcp_id as hcp_id6_0_0_, appointmen0_.patient_id as patient_7_0_0_, appointmen0_.status as status4_0_0_, appointmen0_.type as type5_0_0_ from AppointmentRequests appointmen0_ where appointmen0_.id=? for update
20:27:00.660 [main] DEBUG o.h.l.p.b.i.spaces.QuerySpacesImpl - Adding QuerySpace : uid = <gen:0> -> org.hibernate.loader.plan.build.internal.spaces.EntityQuerySpaceImpl@3c894e97]
20:27:00.660 [main] DEBUG o.h.p.w.spi.MetamodelGraphWalker - Visiting attribute path : comments
20:27:00.660 [main] DEBUG o.h.p.w.spi.MetamodelGraphWalker - Visiting attribute path : date
20:27:00.660 [main] DEBUG o.h.p.w.spi.MetamodelGraphWalker - Visiting attribute path : hcp
20:27:00.661 [main] DEBUG o.h.l.p.b.i.spaces.QuerySpacesImpl - Adding QuerySpace : uid = <gen:1> -> org.hibernate.loader.plan.build.internal.spaces.EntityQuerySpaceImpl@dc2f783]
20:27:00.661 [main] DEBUG o.h.p.w.spi.MetamodelGraphWalker - Visiting attribute path : patient
20:27:00.661 [main] DEBUG o.h.l.p.b.i.spaces.QuerySpacesImpl - Adding QuerySpace : uid = <gen:2> -> org.hibernate.loader.plan.build.internal.spaces.EntityQuerySpaceImpl@731990b2]
20:27:00.661 [main] DEBUG o.h.p.w.spi.MetamodelGraphWalker - Visiting attribute path : status
20:27:00.661 [main] DEBUG o.h.p.w.spi.MetamodelGraphWalker - Visiting attribute path : type
20:27:00.661 [main] DEBUG o.h.l.p.b.i.FetchStyleLoadPlanBuildingAssociationVisitationStrategy - Building LoadPlan...
20:27:00.661 [main] DEBUG o.h.l.p.e.i.LoadQueryJoinAndFetchProcessor - processing queryspace <gen:0>
20:27:00.662 [main] DEBUG o.h.l.p.b.spi.LoadPlanTreePrinter - LoadPlan(entity=edu.ncsu.csc.itrust2.models.persistent.AppointmentRequest)
    - Returns
       - EntityReturnImpl(entity=edu.ncsu.csc.itrust2.models.persistent.AppointmentRequest, querySpaceUid=<gen:0>, path=edu.ncsu.csc.itrust2.models.persistent.AppointmentRequest)
          - EntityAttributeFetchImpl(entity=edu.ncsu.csc.itrust2.models.persistent.User, querySpaceUid=<gen:1>, path=edu.ncsu.csc.itrust2.models.persistent.AppointmentRequest.hcp)
          - EntityAttributeFetchImpl(entity=edu.ncsu.csc.itrust2.models.persistent.User, querySpaceUid=<gen:2>, path=edu.ncsu.csc.itrust2.models.persistent.AppointmentRequest.patient)
    - QuerySpaces
       - EntityQuerySpaceImpl(uid=<gen:0>, entity=edu.ncsu.csc.itrust2.models.persistent.AppointmentRequest)
          - SQL table alias mapping - appointmen0_
          - alias suffix - 0_
          - suffixed key columns - {id1_0_0_}

20:27:00.662 [main] DEBUG o.h.loader.entity.plan.EntityLoader - Static select for entity edu.ncsu.csc.itrust2.models.persistent.AppointmentRequest [FORCE]: select appointmen0_.id as id1_0_0_, appointmen0_.comments as comments2_0_0_, appointmen0_.date as date3_0_0_, appointmen0_.hcp_id as hcp_id6_0_0_, appointmen0_.patient_id as patient_7_0_0_, appointmen0_.status as status4_0_0_, appointmen0_.type as type5_0_0_ from AppointmentRequests appointmen0_ where appointmen0_.id=? for update
20:27:00.662 [main] DEBUG o.h.l.p.b.i.spaces.QuerySpacesImpl - Adding QuerySpace : uid = <gen:0> -> org.hibernate.loader.plan.build.internal.spaces.EntityQuerySpaceImpl@51285b0]
20:27:00.662 [main] DEBUG o.h.p.w.spi.MetamodelGraphWalker - Visiting attribute path : comments
20:27:00.662 [main] DEBUG o.h.p.w.spi.MetamodelGraphWalker - Visiting attribute path : date
20:27:00.662 [main] DEBUG o.h.p.w.spi.MetamodelGraphWalker - Visiting attribute path : hcp
20:27:00.662 [main] DEBUG o.h.l.p.b.i.spaces.QuerySpacesImpl - Adding QuerySpace : uid = <gen:1> -> org.hibernate.loader.plan.build.internal.spaces.EntityQuerySpaceImpl@24a502da]
20:27:00.662 [main] DEBUG o.h.p.w.spi.MetamodelGraphWalker - Visiting attribute path : patient
20:27:00.663 [main] DEBUG o.h.l.p.b.i.spaces.QuerySpacesImpl - Adding QuerySpace : uid = <gen:2> -> org.hibernate.loader.plan.build.internal.spaces.EntityQuerySpaceImpl@1b068afc]
20:27:00.663 [main] DEBUG o.h.p.w.spi.MetamodelGraphWalker - Visiting attribute path : status
20:27:00.663 [main] DEBUG o.h.p.w.spi.MetamodelGraphWalker - Visiting attribute path : type
20:27:00.663 [main] DEBUG o.h.l.p.b.i.FetchStyleLoadPlanBuildingAssociationVisitationStrategy - Building LoadPlan...
20:27:00.663 [main] DEBUG o.h.l.p.e.i.LoadQueryJoinAndFetchProcessor - processing queryspace <gen:0>
20:27:00.663 [main] DEBUG o.h.l.p.b.spi.LoadPlanTreePrinter - LoadPlan(entity=edu.ncsu.csc.itrust2.models.persistent.AppointmentRequest)
    - Returns
       - EntityReturnImpl(entity=edu.ncsu.csc.itrust2.models.persistent.AppointmentRequest, querySpaceUid=<gen:0>, path=edu.ncsu.csc.itrust2.models.persistent.AppointmentRequest)
          - EntityAttributeFetchImpl(entity=edu.ncsu.csc.itrust2.models.persistent.User, querySpaceUid=<gen:1>, path=edu.ncsu.csc.itrust2.models.persistent.AppointmentRequest.hcp)
          - EntityAttributeFetchImpl(entity=edu.ncsu.csc.itrust2.models.persistent.User, querySpaceUid=<gen:2>, path=edu.ncsu.csc.itrust2.models.persistent.AppointmentRequest.patient)
    - QuerySpaces
       - EntityQuerySpaceImpl(uid=<gen:0>, entity=edu.ncsu.csc.itrust2.models.persistent.AppointmentRequest)
          - SQL table alias mapping - appointmen0_
          - alias suffix - 0_
          - suffixed key columns - {id1_0_0_}

20:27:00.663 [main] DEBUG o.h.loader.entity.plan.EntityLoader - Static select for entity edu.ncsu.csc.itrust2.models.persistent.AppointmentRequest [PESSIMISTIC_READ]: select appointmen0_.id as id1_0_0_, appointmen0_.comments as comments2_0_0_, appointmen0_.date as date3_0_0_, appointmen0_.hcp_id as hcp_id6_0_0_, appointmen0_.patient_id as patient_7_0_0_, appointmen0_.status as status4_0_0_, appointmen0_.type as type5_0_0_ from AppointmentRequests appointmen0_ where appointmen0_.id=? lock in share mode
20:27:00.664 [main] DEBUG o.h.l.p.b.i.spaces.QuerySpacesImpl - Adding QuerySpace : uid = <gen:0> -> org.hibernate.loader.plan.build.internal.spaces.EntityQuerySpaceImpl@aa8a329]
20:27:00.664 [main] DEBUG o.h.p.w.spi.MetamodelGraphWalker - Visiting attribute path : comments
20:27:00.664 [main] DEBUG o.h.p.w.spi.MetamodelGraphWalker - Visiting attribute path : date
20:27:00.664 [main] DEBUG o.h.p.w.spi.MetamodelGraphWalker - Visiting attribute path : hcp
20:27:00.664 [main] DEBUG o.h.l.p.b.i.spaces.QuerySpacesImpl - Adding QuerySpace : uid = <gen:1> -> org.hibernate.loader.plan.build.internal.spaces.EntityQuerySpaceImpl@34c7c2f1]
20:27:00.664 [main] DEBUG o.h.p.w.spi.MetamodelGraphWalker - Visiting attribute path : patient
20:27:00.664 [main] DEBUG o.h.l.p.b.i.spaces.QuerySpacesImpl - Adding QuerySpace : uid = <gen:2> -> org.hibernate.loader.plan.build.internal.spaces.EntityQuerySpaceImpl@1b39ffff]
20:27:00.664 [main] DEBUG o.h.p.w.spi.MetamodelGraphWalker - Visiting attribute path : status
20:27:00.665 [main] DEBUG o.h.p.w.spi.MetamodelGraphWalker - Visiting attribute path : type
20:27:00.665 [main] DEBUG o.h.l.p.b.i.FetchStyleLoadPlanBuildingAssociationVisitationStrategy - Building LoadPlan...
20:27:00.665 [main] DEBUG o.h.l.p.e.i.LoadQueryJoinAndFetchProcessor - processing queryspace <gen:0>
20:27:00.665 [main] DEBUG o.h.l.p.b.spi.LoadPlanTreePrinter - LoadPlan(entity=edu.ncsu.csc.itrust2.models.persistent.AppointmentRequest)
    - Returns
       - EntityReturnImpl(entity=edu.ncsu.csc.itrust2.models.persistent.AppointmentRequest, querySpaceUid=<gen:0>, path=edu.ncsu.csc.itrust2.models.persistent.AppointmentRequest)
          - EntityAttributeFetchImpl(entity=edu.ncsu.csc.itrust2.models.persistent.User, querySpaceUid=<gen:1>, path=edu.ncsu.csc.itrust2.models.persistent.AppointmentRequest.hcp)
          - EntityAttributeFetchImpl(entity=edu.ncsu.csc.itrust2.models.persistent.User, querySpaceUid=<gen:2>, path=edu.ncsu.csc.itrust2.models.persistent.AppointmentRequest.patient)
    - QuerySpaces
       - EntityQuerySpaceImpl(uid=<gen:0>, entity=edu.ncsu.csc.itrust2.models.persistent.AppointmentRequest)
          - SQL table alias mapping - appointmen0_
          - alias suffix - 0_
          - suffixed key columns - {id1_0_0_}

20:27:00.665 [main] DEBUG o.h.loader.entity.plan.EntityLoader - Static select for entity edu.ncsu.csc.itrust2.models.persistent.AppointmentRequest [PESSIMISTIC_WRITE]: select appointmen0_.id as id1_0_0_, appointmen0_.comments as comments2_0_0_, appointmen0_.date as date3_0_0_, appointmen0_.hcp_id as hcp_id6_0_0_, appointmen0_.patient_id as patient_7_0_0_, appointmen0_.status as status4_0_0_, appointmen0_.type as type5_0_0_ from AppointmentRequests appointmen0_ where appointmen0_.id=? for update
20:27:00.665 [main] DEBUG o.h.l.p.b.i.spaces.QuerySpacesImpl - Adding QuerySpace : uid = <gen:0> -> org.hibernate.loader.plan.build.internal.spaces.EntityQuerySpaceImpl@54c7b65a]
20:27:00.666 [main] DEBUG o.h.p.w.spi.MetamodelGraphWalker - Visiting attribute path : comments
20:27:00.666 [main] DEBUG o.h.p.w.spi.MetamodelGraphWalker - Visiting attribute path : date
20:27:00.666 [main] DEBUG o.h.p.w.spi.MetamodelGraphWalker - Visiting attribute path : hcp
20:27:00.666 [main] DEBUG o.h.l.p.b.i.spaces.QuerySpacesImpl - Adding QuerySpace : uid = <gen:1> -> org.hibernate.loader.plan.build.internal.spaces.EntityQuerySpaceImpl@233ff827]
20:27:00.666 [main] DEBUG o.h.p.w.spi.MetamodelGraphWalker - Visiting attribute path : patient
20:27:00.666 [main] DEBUG o.h.l.p.b.i.spaces.QuerySpacesImpl - Adding QuerySpace : uid = <gen:2> -> org.hibernate.loader.plan.build.internal.spaces.EntityQuerySpaceImpl@77ad2db8]
20:27:00.666 [main] DEBUG o.h.p.w.spi.MetamodelGraphWalker - Visiting attribute path : status
20:27:00.666 [main] DEBUG o.h.p.w.spi.MetamodelGraphWalker - Visiting attribute path : type
20:27:00.666 [main] DEBUG o.h.l.p.b.i.FetchStyleLoadPlanBuildingAssociationVisitationStrategy - Building LoadPlan...
20:27:00.666 [main] DEBUG o.h.l.p.e.i.LoadQueryJoinAndFetchProcessor - processing queryspace <gen:0>
20:27:00.667 [main] DEBUG o.h.l.p.b.spi.LoadPlanTreePrinter - LoadPlan(entity=edu.ncsu.csc.itrust2.models.persistent.AppointmentRequest)
    - Returns
       - EntityReturnImpl(entity=edu.ncsu.csc.itrust2.models.persistent.AppointmentRequest, querySpaceUid=<gen:0>, path=edu.ncsu.csc.itrust2.models.persistent.AppointmentRequest)
          - EntityAttributeFetchImpl(entity=edu.ncsu.csc.itrust2.models.persistent.User, querySpaceUid=<gen:1>, path=edu.ncsu.csc.itrust2.models.persistent.AppointmentRequest.hcp)
          - EntityAttributeFetchImpl(entity=edu.ncsu.csc.itrust2.models.persistent.User, querySpaceUid=<gen:2>, path=edu.ncsu.csc.itrust2.models.persistent.AppointmentRequest.patient)
    - QuerySpaces
       - EntityQuerySpaceImpl(uid=<gen:0>, entity=edu.ncsu.csc.itrust2.models.persistent.AppointmentRequest)
          - SQL table alias mapping - appointmen0_
          - alias suffix - 0_
          - suffixed key columns - {id1_0_0_}

20:27:00.667 [main] DEBUG o.h.loader.entity.plan.EntityLoader - Static select for entity edu.ncsu.csc.itrust2.models.persistent.AppointmentRequest [PESSIMISTIC_FORCE_INCREMENT]: select appointmen0_.id as id1_0_0_, appointmen0_.comments as comments2_0_0_, appointmen0_.date as date3_0_0_, appointmen0_.hcp_id as hcp_id6_0_0_, appointmen0_.patient_id as patient_7_0_0_, appointmen0_.status as status4_0_0_, appointmen0_.type as type5_0_0_ from AppointmentRequests appointmen0_ where appointmen0_.id=? for update
20:27:00.667 [main] DEBUG o.h.l.p.b.i.spaces.QuerySpacesImpl - Adding QuerySpace : uid = <gen:0> -> org.hibernate.loader.plan.build.internal.spaces.EntityQuerySpaceImpl@1e312071]
20:27:00.667 [main] DEBUG o.h.p.w.spi.MetamodelGraphWalker - Visiting attribute path : comments
20:27:00.667 [main] DEBUG o.h.p.w.spi.MetamodelGraphWalker - Visiting attribute path : date
20:27:00.667 [main] DEBUG o.h.p.w.spi.MetamodelGraphWalker - Visiting attribute path : hcp
20:27:00.667 [main] DEBUG o.h.l.p.b.i.spaces.QuerySpacesImpl - Adding QuerySpace : uid = <gen:1> -> org.hibernate.loader.plan.build.internal.spaces.EntityQuerySpaceImpl@4049211a]
20:27:00.667 [main] DEBUG o.h.p.w.spi.MetamodelGraphWalker - Visiting attribute path : patient
20:27:00.668 [main] DEBUG o.h.l.p.b.i.spaces.QuerySpacesImpl - Adding QuerySpace : uid = <gen:2> -> org.hibernate.loader.plan.build.internal.spaces.EntityQuerySpaceImpl@5e171446]
20:27:00.668 [main] DEBUG o.h.p.w.spi.MetamodelGraphWalker - Visiting attribute path : status
20:27:00.668 [main] DEBUG o.h.p.w.spi.MetamodelGraphWalker - Visiting attribute path : type
20:27:00.668 [main] DEBUG o.h.l.p.b.i.FetchStyleLoadPlanBuildingAssociationVisitationStrategy - Building LoadPlan...
20:27:00.668 [main] DEBUG o.h.l.p.e.i.LoadQueryJoinAndFetchProcessor - processing queryspace <gen:0>
20:27:00.668 [main] DEBUG o.h.l.p.b.spi.LoadPlanTreePrinter - LoadPlan(entity=edu.ncsu.csc.itrust2.models.persistent.AppointmentRequest)
    - Returns
       - EntityReturnImpl(entity=edu.ncsu.csc.itrust2.models.persistent.AppointmentRequest, querySpaceUid=<gen:0>, path=edu.ncsu.csc.itrust2.models.persistent.AppointmentRequest)
          - EntityAttributeFetchImpl(entity=edu.ncsu.csc.itrust2.models.persistent.User, querySpaceUid=<gen:1>, path=edu.ncsu.csc.itrust2.models.persistent.AppointmentRequest.hcp)
          - EntityAttributeFetchImpl(entity=edu.ncsu.csc.itrust2.models.persistent.User, querySpaceUid=<gen:2>, path=edu.ncsu.csc.itrust2.models.persistent.AppointmentRequest.patient)
    - QuerySpaces
       - EntityQuerySpaceImpl(uid=<gen:0>, entity=edu.ncsu.csc.itrust2.models.persistent.AppointmentRequest)
          - SQL table alias mapping - appointmen0_
          - alias suffix - 0_
          - suffixed key columns - {id1_0_0_}

20:27:00.668 [main] DEBUG o.h.loader.entity.plan.EntityLoader - Static select for entity edu.ncsu.csc.itrust2.models.persistent.AppointmentRequest [OPTIMISTIC]: select appointmen0_.id as id1_0_0_, appointmen0_.comments as comments2_0_0_, appointmen0_.date as date3_0_0_, appointmen0_.hcp_id as hcp_id6_0_0_, appointmen0_.patient_id as patient_7_0_0_, appointmen0_.status as status4_0_0_, appointmen0_.type as type5_0_0_ from AppointmentRequests appointmen0_ where appointmen0_.id=?
20:27:00.669 [main] DEBUG o.h.l.p.b.i.spaces.QuerySpacesImpl - Adding QuerySpace : uid = <gen:0> -> org.hibernate.loader.plan.build.internal.spaces.EntityQuerySpaceImpl@49b2855d]
20:27:00.669 [main] DEBUG o.h.p.w.spi.MetamodelGraphWalker - Visiting attribute path : comments
20:27:00.669 [main] DEBUG o.h.p.w.spi.MetamodelGraphWalker - Visiting attribute path : date
20:27:00.669 [main] DEBUG o.h.p.w.spi.MetamodelGraphWalker - Visiting attribute path : hcp
20:27:00.669 [main] DEBUG o.h.l.p.b.i.spaces.QuerySpacesImpl - Adding QuerySpace : uid = <gen:1> -> org.hibernate.loader.plan.build.internal.spaces.EntityQuerySpaceImpl@436a953]
20:27:00.669 [main] DEBUG o.h.p.w.spi.MetamodelGraphWalker - Visiting attribute path : patient
20:27:00.669 [main] DEBUG o.h.l.p.b.i.spaces.QuerySpacesImpl - Adding QuerySpace : uid = <gen:2> -> org.hibernate.loader.plan.build.internal.spaces.EntityQuerySpaceImpl@626528b7]
20:27:00.669 [main] DEBUG o.h.p.w.spi.MetamodelGraphWalker - Visiting attribute path : status
20:27:00.669 [main] DEBUG o.h.p.w.spi.MetamodelGraphWalker - Visiting attribute path : type
20:27:00.669 [main] DEBUG o.h.l.p.b.i.FetchStyleLoadPlanBuildingAssociationVisitationStrategy - Building LoadPlan...
20:27:00.670 [main] DEBUG o.h.l.p.e.i.LoadQueryJoinAndFetchProcessor - processing queryspace <gen:0>
20:27:00.670 [main] DEBUG o.h.l.p.b.spi.LoadPlanTreePrinter - LoadPlan(entity=edu.ncsu.csc.itrust2.models.persistent.AppointmentRequest)
    - Returns
       - EntityReturnImpl(entity=edu.ncsu.csc.itrust2.models.persistent.AppointmentRequest, querySpaceUid=<gen:0>, path=edu.ncsu.csc.itrust2.models.persistent.AppointmentRequest)
          - EntityAttributeFetchImpl(entity=edu.ncsu.csc.itrust2.models.persistent.User, querySpaceUid=<gen:1>, path=edu.ncsu.csc.itrust2.models.persistent.AppointmentRequest.hcp)
          - EntityAttributeFetchImpl(entity=edu.ncsu.csc.itrust2.models.persistent.User, querySpaceUid=<gen:2>, path=edu.ncsu.csc.itrust2.models.persistent.AppointmentRequest.patient)
    - QuerySpaces
       - EntityQuerySpaceImpl(uid=<gen:0>, entity=edu.ncsu.csc.itrust2.models.persistent.AppointmentRequest)
          - SQL table alias mapping - appointmen0_
          - alias suffix - 0_
          - suffixed key columns - {id1_0_0_}

20:27:00.670 [main] DEBUG o.h.loader.entity.plan.EntityLoader - Static select for entity edu.ncsu.csc.itrust2.models.persistent.AppointmentRequest [OPTIMISTIC_FORCE_INCREMENT]: select appointmen0_.id as id1_0_0_, appointmen0_.comments as comments2_0_0_, appointmen0_.date as date3_0_0_, appointmen0_.hcp_id as hcp_id6_0_0_, appointmen0_.patient_id as patient_7_0_0_, appointmen0_.status as status4_0_0_, appointmen0_.type as type5_0_0_ from AppointmentRequests appointmen0_ where appointmen0_.id=?
20:27:00.670 [main] DEBUG org.hibernate.loader.Loader - Static select for action ACTION_MERGE on entity edu.ncsu.csc.itrust2.models.persistent.AppointmentRequest: select appointmen0_.id as id1_0_0_, appointmen0_.comments as comments2_0_0_, appointmen0_.date as date3_0_0_, appointmen0_.hcp_id as hcp_id6_0_0_, appointmen0_.patient_id as patient_7_0_0_, appointmen0_.status as status4_0_0_, appointmen0_.type as type5_0_0_ from AppointmentRequests appointmen0_ where appointmen0_.id=?
20:27:00.671 [main] DEBUG org.hibernate.loader.Loader - Static select for action ACTION_REFRESH on entity edu.ncsu.csc.itrust2.models.persistent.AppointmentRequest: select appointmen0_.id as id1_0_0_, appointmen0_.comments as comments2_0_0_, appointmen0_.date as date3_0_0_, appointmen0_.hcp_id as hcp_id6_0_0_, appointmen0_.patient_id as patient_7_0_0_, appointmen0_.status as status4_0_0_, appointmen0_.type as type5_0_0_ from AppointmentRequests appointmen0_ where appointmen0_.id=?
20:27:00.671 [main] DEBUG o.h.p.entity.AbstractEntityPersister - Static SQL for entity: edu.ncsu.csc.itrust2.models.persistent.LoginBan
20:27:00.671 [main] DEBUG o.h.p.entity.AbstractEntityPersister -  Version select: select id from LoginBans where id =?
20:27:00.671 [main] DEBUG o.h.p.entity.AbstractEntityPersister -  Snapshot select: select loginban_.id, loginban_.ip as ip2_8_, loginban_.time as time3_8_, loginban_.user_id as user_id4_8_ from LoginBans loginban_ where loginban_.id=?
20:27:00.671 [main] DEBUG o.h.p.entity.AbstractEntityPersister -  Insert 0: insert into LoginBans (ip, time, user_id, id) values (?, ?, ?, ?)
20:27:00.671 [main] DEBUG o.h.p.entity.AbstractEntityPersister -  Update 0: update LoginBans set ip=?, time=?, user_id=? where id=?
20:27:00.671 [main] DEBUG o.h.p.entity.AbstractEntityPersister -  Delete 0: delete from LoginBans where id=?
20:27:00.671 [main] DEBUG o.h.l.p.b.i.spaces.QuerySpacesImpl - Adding QuerySpace : uid = <gen:0> -> org.hibernate.loader.plan.build.internal.spaces.EntityQuerySpaceImpl@3fa0d1cb]
20:27:00.672 [main] DEBUG o.h.p.w.spi.MetamodelGraphWalker - Visiting attribute path : ip
20:27:00.672 [main] DEBUG o.h.p.w.spi.MetamodelGraphWalker - Visiting attribute path : time
20:27:00.672 [main] DEBUG o.h.p.w.spi.MetamodelGraphWalker - Visiting attribute path : user
20:27:00.672 [main] DEBUG o.h.l.p.b.i.spaces.QuerySpacesImpl - Adding QuerySpace : uid = <gen:1> -> org.hibernate.loader.plan.build.internal.spaces.EntityQuerySpaceImpl@732e9d36]
20:27:00.672 [main] DEBUG o.h.p.w.spi.MetamodelGraphWalker - Visiting attribute path : user.enabled
20:27:00.672 [main] DEBUG o.h.p.w.spi.MetamodelGraphWalker - Visiting attribute path : user.password
20:27:00.672 [main] DEBUG o.h.p.w.spi.MetamodelGraphWalker - Visiting attribute path : user.role
20:27:00.672 [main] DEBUG o.h.l.p.b.i.FetchStyleLoadPlanBuildingAssociationVisitationStrategy - Building LoadPlan...
20:27:00.672 [main] DEBUG o.h.l.p.e.i.LoadQueryJoinAndFetchProcessor - processing queryspace <gen:0>
20:27:00.673 [main] DEBUG o.h.l.p.b.spi.LoadPlanTreePrinter - LoadPlan(entity=edu.ncsu.csc.itrust2.models.persistent.LoginBan)
    - Returns
       - EntityReturnImpl(entity=edu.ncsu.csc.itrust2.models.persistent.LoginBan, querySpaceUid=<gen:0>, path=edu.ncsu.csc.itrust2.models.persistent.LoginBan)
          - EntityAttributeFetchImpl(entity=edu.ncsu.csc.itrust2.models.persistent.User, querySpaceUid=<gen:1>, path=edu.ncsu.csc.itrust2.models.persistent.LoginBan.user)
    - QuerySpaces
       - EntityQuerySpaceImpl(uid=<gen:0>, entity=edu.ncsu.csc.itrust2.models.persistent.LoginBan)
          - SQL table alias mapping - loginban0_
          - alias suffix - 0_
          - suffixed key columns - {id1_8_0_}
          - JOIN (JoinDefinedByMetadata(user)) : <gen:0> -> <gen:1>
             - EntityQuerySpaceImpl(uid=<gen:1>, entity=edu.ncsu.csc.itrust2.models.persistent.User)
                - SQL table alias mapping - user1_
                - alias suffix - 1_
                - suffixed key columns - {username1_15_1_}

20:27:00.673 [main] DEBUG o.h.loader.entity.plan.EntityLoader - Static select for entity edu.ncsu.csc.itrust2.models.persistent.LoginBan [NONE]: select loginban0_.id as id1_8_0_, loginban0_.ip as ip2_8_0_, loginban0_.time as time3_8_0_, loginban0_.user_id as user_id4_8_0_, user1_.username as username1_15_1_, user1_.enabled as enabled2_15_1_, user1_.password as password3_15_1_, user1_.role as role4_15_1_ from LoginBans loginban0_ left outer join Users user1_ on loginban0_.user_id=user1_.username where loginban0_.id=?
20:27:00.673 [main] DEBUG o.h.l.p.b.i.spaces.QuerySpacesImpl - Adding QuerySpace : uid = <gen:0> -> org.hibernate.loader.plan.build.internal.spaces.EntityQuerySpaceImpl@152833e]
20:27:00.673 [main] DEBUG o.h.p.w.spi.MetamodelGraphWalker - Visiting attribute path : ip
20:27:00.673 [main] DEBUG o.h.p.w.spi.MetamodelGraphWalker - Visiting attribute path : time
20:27:00.673 [main] DEBUG o.h.p.w.spi.MetamodelGraphWalker - Visiting attribute path : user
20:27:00.673 [main] DEBUG o.h.l.p.b.i.spaces.QuerySpacesImpl - Adding QuerySpace : uid = <gen:1> -> org.hibernate.loader.plan.build.internal.spaces.EntityQuerySpaceImpl@5aed59aa]
20:27:00.674 [main] DEBUG o.h.p.w.spi.MetamodelGraphWalker - Visiting attribute path : user.enabled
20:27:00.674 [main] DEBUG o.h.p.w.spi.MetamodelGraphWalker - Visiting attribute path : user.password
20:27:00.674 [main] DEBUG o.h.p.w.spi.MetamodelGraphWalker - Visiting attribute path : user.role
20:27:00.674 [main] DEBUG o.h.l.p.b.i.FetchStyleLoadPlanBuildingAssociationVisitationStrategy - Building LoadPlan...
20:27:00.674 [main] DEBUG o.h.l.p.e.i.LoadQueryJoinAndFetchProcessor - processing queryspace <gen:0>
20:27:00.674 [main] DEBUG o.h.l.p.b.spi.LoadPlanTreePrinter - LoadPlan(entity=edu.ncsu.csc.itrust2.models.persistent.LoginBan)
    - Returns
       - EntityReturnImpl(entity=edu.ncsu.csc.itrust2.models.persistent.LoginBan, querySpaceUid=<gen:0>, path=edu.ncsu.csc.itrust2.models.persistent.LoginBan)
          - EntityAttributeFetchImpl(entity=edu.ncsu.csc.itrust2.models.persistent.User, querySpaceUid=<gen:1>, path=edu.ncsu.csc.itrust2.models.persistent.LoginBan.user)
    - QuerySpaces
       - EntityQuerySpaceImpl(uid=<gen:0>, entity=edu.ncsu.csc.itrust2.models.persistent.LoginBan)
          - SQL table alias mapping - loginban0_
          - alias suffix - 0_
          - suffixed key columns - {id1_8_0_}
          - JOIN (JoinDefinedByMetadata(user)) : <gen:0> -> <gen:1>
             - EntityQuerySpaceImpl(uid=<gen:1>, entity=edu.ncsu.csc.itrust2.models.persistent.User)
                - SQL table alias mapping - user1_
                - alias suffix - 1_
                - suffixed key columns - {username1_15_1_}

20:27:00.675 [main] DEBUG o.h.loader.entity.plan.EntityLoader - Static select for entity edu.ncsu.csc.itrust2.models.persistent.LoginBan [READ]: select loginban0_.id as id1_8_0_, loginban0_.ip as ip2_8_0_, loginban0_.time as time3_8_0_, loginban0_.user_id as user_id4_8_0_, user1_.username as username1_15_1_, user1_.enabled as enabled2_15_1_, user1_.password as password3_15_1_, user1_.role as role4_15_1_ from LoginBans loginban0_ left outer join Users user1_ on loginban0_.user_id=user1_.username where loginban0_.id=?
20:27:00.675 [main] DEBUG o.h.l.p.b.i.spaces.QuerySpacesImpl - Adding QuerySpace : uid = <gen:0> -> org.hibernate.loader.plan.build.internal.spaces.EntityQuerySpaceImpl@5efc3e29]
20:27:00.675 [main] DEBUG o.h.p.w.spi.MetamodelGraphWalker - Visiting attribute path : ip
20:27:00.675 [main] DEBUG o.h.p.w.spi.MetamodelGraphWalker - Visiting attribute path : time
20:27:00.675 [main] DEBUG o.h.p.w.spi.MetamodelGraphWalker - Visiting attribute path : user
20:27:00.675 [main] DEBUG o.h.l.p.b.i.spaces.QuerySpacesImpl - Adding QuerySpace : uid = <gen:1> -> org.hibernate.loader.plan.build.internal.spaces.EntityQuerySpaceImpl@5e31e41d]
20:27:00.675 [main] DEBUG o.h.l.p.b.i.FetchStyleLoadPlanBuildingAssociationVisitationStrategy - Building LoadPlan...
20:27:00.676 [main] DEBUG o.h.l.p.e.i.LoadQueryJoinAndFetchProcessor - processing queryspace <gen:0>
20:27:00.676 [main] DEBUG o.h.l.p.b.spi.LoadPlanTreePrinter - LoadPlan(entity=edu.ncsu.csc.itrust2.models.persistent.LoginBan)
    - Returns
       - EntityReturnImpl(entity=edu.ncsu.csc.itrust2.models.persistent.LoginBan, querySpaceUid=<gen:0>, path=edu.ncsu.csc.itrust2.models.persistent.LoginBan)
          - EntityAttributeFetchImpl(entity=edu.ncsu.csc.itrust2.models.persistent.User, querySpaceUid=<gen:1>, path=edu.ncsu.csc.itrust2.models.persistent.LoginBan.user)
    - QuerySpaces
       - EntityQuerySpaceImpl(uid=<gen:0>, entity=edu.ncsu.csc.itrust2.models.persistent.LoginBan)
          - SQL table alias mapping - loginban0_
          - alias suffix - 0_
          - suffixed key columns - {id1_8_0_}

20:27:00.676 [main] DEBUG o.h.loader.entity.plan.EntityLoader - Static select for entity edu.ncsu.csc.itrust2.models.persistent.LoginBan [UPGRADE]: select loginban0_.id as id1_8_0_, loginban0_.ip as ip2_8_0_, loginban0_.time as time3_8_0_, loginban0_.user_id as user_id4_8_0_ from LoginBans loginban0_ where loginban0_.id=? for update
20:27:00.676 [main] DEBUG o.h.l.p.b.i.spaces.QuerySpacesImpl - Adding QuerySpace : uid = <gen:0> -> org.hibernate.loader.plan.build.internal.spaces.EntityQuerySpaceImpl@5b0aa44]
20:27:00.676 [main] DEBUG o.h.p.w.spi.MetamodelGraphWalker - Visiting attribute path : ip
20:27:00.676 [main] DEBUG o.h.p.w.spi.MetamodelGraphWalker - Visiting attribute path : time
20:27:00.676 [main] DEBUG o.h.p.w.spi.MetamodelGraphWalker - Visiting attribute path : user
20:27:00.677 [main] DEBUG o.h.l.p.b.i.spaces.QuerySpacesImpl - Adding QuerySpace : uid = <gen:1> -> org.hibernate.loader.plan.build.internal.spaces.EntityQuerySpaceImpl@5ac0f417]
20:27:00.677 [main] DEBUG o.h.l.p.b.i.FetchStyleLoadPlanBuildingAssociationVisitationStrategy - Building LoadPlan...
20:27:00.677 [main] DEBUG o.h.l.p.e.i.LoadQueryJoinAndFetchProcessor - processing queryspace <gen:0>
20:27:00.677 [main] DEBUG o.h.l.p.b.spi.LoadPlanTreePrinter - LoadPlan(entity=edu.ncsu.csc.itrust2.models.persistent.LoginBan)
    - Returns
       - EntityReturnImpl(entity=edu.ncsu.csc.itrust2.models.persistent.LoginBan, querySpaceUid=<gen:0>, path=edu.ncsu.csc.itrust2.models.persistent.LoginBan)
          - EntityAttributeFetchImpl(entity=edu.ncsu.csc.itrust2.models.persistent.User, querySpaceUid=<gen:1>, path=edu.ncsu.csc.itrust2.models.persistent.LoginBan.user)
    - QuerySpaces
       - EntityQuerySpaceImpl(uid=<gen:0>, entity=edu.ncsu.csc.itrust2.models.persistent.LoginBan)
          - SQL table alias mapping - loginban0_
          - alias suffix - 0_
          - suffixed key columns - {id1_8_0_}

20:27:00.677 [main] DEBUG o.h.loader.entity.plan.EntityLoader - Static select for entity edu.ncsu.csc.itrust2.models.persistent.LoginBan [UPGRADE_NOWAIT]: select loginban0_.id as id1_8_0_, loginban0_.ip as ip2_8_0_, loginban0_.time as time3_8_0_, loginban0_.user_id as user_id4_8_0_ from LoginBans loginban0_ where loginban0_.id=? for update
20:27:00.677 [main] DEBUG o.h.l.p.b.i.spaces.QuerySpacesImpl - Adding QuerySpace : uid = <gen:0> -> org.hibernate.loader.plan.build.internal.spaces.EntityQuerySpaceImpl@b80e25e]
20:27:00.677 [main] DEBUG o.h.p.w.spi.MetamodelGraphWalker - Visiting attribute path : ip
20:27:00.678 [main] DEBUG o.h.p.w.spi.MetamodelGraphWalker - Visiting attribute path : time
20:27:00.678 [main] DEBUG o.h.p.w.spi.MetamodelGraphWalker - Visiting attribute path : user
20:27:00.678 [main] DEBUG o.h.l.p.b.i.spaces.QuerySpacesImpl - Adding QuerySpace : uid = <gen:1> -> org.hibernate.loader.plan.build.internal.spaces.EntityQuerySpaceImpl@27412c88]
20:27:00.678 [main] DEBUG o.h.l.p.b.i.FetchStyleLoadPlanBuildingAssociationVisitationStrategy - Building LoadPlan...
20:27:00.678 [main] DEBUG o.h.l.p.e.i.LoadQueryJoinAndFetchProcessor - processing queryspace <gen:0>
20:27:00.678 [main] DEBUG o.h.l.p.b.spi.LoadPlanTreePrinter - LoadPlan(entity=edu.ncsu.csc.itrust2.models.persistent.LoginBan)
    - Returns
       - EntityReturnImpl(entity=edu.ncsu.csc.itrust2.models.persistent.LoginBan, querySpaceUid=<gen:0>, path=edu.ncsu.csc.itrust2.models.persistent.LoginBan)
          - EntityAttributeFetchImpl(entity=edu.ncsu.csc.itrust2.models.persistent.User, querySpaceUid=<gen:1>, path=edu.ncsu.csc.itrust2.models.persistent.LoginBan.user)
    - QuerySpaces
       - EntityQuerySpaceImpl(uid=<gen:0>, entity=edu.ncsu.csc.itrust2.models.persistent.LoginBan)
          - SQL table alias mapping - loginban0_
          - alias suffix - 0_
          - suffixed key columns - {id1_8_0_}

20:27:00.678 [main] DEBUG o.h.loader.entity.plan.EntityLoader - Static select for entity edu.ncsu.csc.itrust2.models.persistent.LoginBan [UPGRADE_SKIPLOCKED]: select loginban0_.id as id1_8_0_, loginban0_.ip as ip2_8_0_, loginban0_.time as time3_8_0_, loginban0_.user_id as user_id4_8_0_ from LoginBans loginban0_ where loginban0_.id=? for update
20:27:00.679 [main] DEBUG o.h.l.p.b.i.spaces.QuerySpacesImpl - Adding QuerySpace : uid = <gen:0> -> org.hibernate.loader.plan.build.internal.spaces.EntityQuerySpaceImpl@7a7c043b]
20:27:00.679 [main] DEBUG o.h.p.w.spi.MetamodelGraphWalker - Visiting attribute path : ip
20:27:00.679 [main] DEBUG o.h.p.w.spi.MetamodelGraphWalker - Visiting attribute path : time
20:27:00.679 [main] DEBUG o.h.p.w.spi.MetamodelGraphWalker - Visiting attribute path : user
20:27:00.679 [main] DEBUG o.h.l.p.b.i.spaces.QuerySpacesImpl - Adding QuerySpace : uid = <gen:1> -> org.hibernate.loader.plan.build.internal.spaces.EntityQuerySpaceImpl@69c0338f]
20:27:00.679 [main] DEBUG o.h.l.p.b.i.FetchStyleLoadPlanBuildingAssociationVisitationStrategy - Building LoadPlan...
20:27:00.679 [main] DEBUG o.h.l.p.e.i.LoadQueryJoinAndFetchProcessor - processing queryspace <gen:0>
20:27:00.680 [main] DEBUG o.h.l.p.b.spi.LoadPlanTreePrinter - LoadPlan(entity=edu.ncsu.csc.itrust2.models.persistent.LoginBan)
    - Returns
       - EntityReturnImpl(entity=edu.ncsu.csc.itrust2.models.persistent.LoginBan, querySpaceUid=<gen:0>, path=edu.ncsu.csc.itrust2.models.persistent.LoginBan)
          - EntityAttributeFetchImpl(entity=edu.ncsu.csc.itrust2.models.persistent.User, querySpaceUid=<gen:1>, path=edu.ncsu.csc.itrust2.models.persistent.LoginBan.user)
    - QuerySpaces
       - EntityQuerySpaceImpl(uid=<gen:0>, entity=edu.ncsu.csc.itrust2.models.persistent.LoginBan)
          - SQL table alias mapping - loginban0_
          - alias suffix - 0_
          - suffixed key columns - {id1_8_0_}

20:27:00.680 [main] DEBUG o.h.loader.entity.plan.EntityLoader - Static select for entity edu.ncsu.csc.itrust2.models.persistent.LoginBan [FORCE]: select loginban0_.id as id1_8_0_, loginban0_.ip as ip2_8_0_, loginban0_.time as time3_8_0_, loginban0_.user_id as user_id4_8_0_ from LoginBans loginban0_ where loginban0_.id=? for update
20:27:00.680 [main] DEBUG o.h.l.p.b.i.spaces.QuerySpacesImpl - Adding QuerySpace : uid = <gen:0> -> org.hibernate.loader.plan.build.internal.spaces.EntityQuerySpaceImpl@47cb7753]
20:27:00.680 [main] DEBUG o.h.p.w.spi.MetamodelGraphWalker - Visiting attribute path : ip
20:27:00.680 [main] DEBUG o.h.p.w.spi.MetamodelGraphWalker - Visiting attribute path : time
20:27:00.680 [main] DEBUG o.h.p.w.spi.MetamodelGraphWalker - Visiting attribute path : user
20:27:00.680 [main] DEBUG o.h.l.p.b.i.spaces.QuerySpacesImpl - Adding QuerySpace : uid = <gen:1> -> org.hibernate.loader.plan.build.internal.spaces.EntityQuerySpaceImpl@3fd5159f]
20:27:00.681 [main] DEBUG o.h.l.p.b.i.FetchStyleLoadPlanBuildingAssociationVisitationStrategy - Building LoadPlan...
20:27:00.681 [main] DEBUG o.h.l.p.e.i.LoadQueryJoinAndFetchProcessor - processing queryspace <gen:0>
20:27:00.681 [main] DEBUG o.h.l.p.b.spi.LoadPlanTreePrinter - LoadPlan(entity=edu.ncsu.csc.itrust2.models.persistent.LoginBan)
    - Returns
       - EntityReturnImpl(entity=edu.ncsu.csc.itrust2.models.persistent.LoginBan, querySpaceUid=<gen:0>, path=edu.ncsu.csc.itrust2.models.persistent.LoginBan)
          - EntityAttributeFetchImpl(entity=edu.ncsu.csc.itrust2.models.persistent.User, querySpaceUid=<gen:1>, path=edu.ncsu.csc.itrust2.models.persistent.LoginBan.user)
    - QuerySpaces
       - EntityQuerySpaceImpl(uid=<gen:0>, entity=edu.ncsu.csc.itrust2.models.persistent.LoginBan)
          - SQL table alias mapping - loginban0_
          - alias suffix - 0_
          - suffixed key columns - {id1_8_0_}

20:27:00.681 [main] DEBUG o.h.loader.entity.plan.EntityLoader - Static select for entity edu.ncsu.csc.itrust2.models.persistent.LoginBan [PESSIMISTIC_READ]: select loginban0_.id as id1_8_0_, loginban0_.ip as ip2_8_0_, loginban0_.time as time3_8_0_, loginban0_.user_id as user_id4_8_0_ from LoginBans loginban0_ where loginban0_.id=? lock in share mode
20:27:00.681 [main] DEBUG o.h.l.p.b.i.spaces.QuerySpacesImpl - Adding QuerySpace : uid = <gen:0> -> org.hibernate.loader.plan.build.internal.spaces.EntityQuerySpaceImpl@57e115a1]
20:27:00.682 [main] DEBUG o.h.p.w.spi.MetamodelGraphWalker - Visiting attribute path : ip
20:27:00.682 [main] DEBUG o.h.p.w.spi.MetamodelGraphWalker - Visiting attribute path : time
20:27:00.682 [main] DEBUG o.h.p.w.spi.MetamodelGraphWalker - Visiting attribute path : user
20:27:00.682 [main] DEBUG o.h.l.p.b.i.spaces.QuerySpacesImpl - Adding QuerySpace : uid = <gen:1> -> org.hibernate.loader.plan.build.internal.spaces.EntityQuerySpaceImpl@71c8e04b]
20:27:00.682 [main] DEBUG o.h.l.p.b.i.FetchStyleLoadPlanBuildingAssociationVisitationStrategy - Building LoadPlan...
20:27:00.682 [main] DEBUG o.h.l.p.e.i.LoadQueryJoinAndFetchProcessor - processing queryspace <gen:0>
20:27:00.682 [main] DEBUG o.h.l.p.b.spi.LoadPlanTreePrinter - LoadPlan(entity=edu.ncsu.csc.itrust2.models.persistent.LoginBan)
    - Returns
       - EntityReturnImpl(entity=edu.ncsu.csc.itrust2.models.persistent.LoginBan, querySpaceUid=<gen:0>, path=edu.ncsu.csc.itrust2.models.persistent.LoginBan)
          - EntityAttributeFetchImpl(entity=edu.ncsu.csc.itrust2.models.persistent.User, querySpaceUid=<gen:1>, path=edu.ncsu.csc.itrust2.models.persistent.LoginBan.user)
    - QuerySpaces
       - EntityQuerySpaceImpl(uid=<gen:0>, entity=edu.ncsu.csc.itrust2.models.persistent.LoginBan)
          - SQL table alias mapping - loginban0_
          - alias suffix - 0_
          - suffixed key columns - {id1_8_0_}

20:27:00.683 [main] DEBUG o.h.loader.entity.plan.EntityLoader - Static select for entity edu.ncsu.csc.itrust2.models.persistent.LoginBan [PESSIMISTIC_WRITE]: select loginban0_.id as id1_8_0_, loginban0_.ip as ip2_8_0_, loginban0_.time as time3_8_0_, loginban0_.user_id as user_id4_8_0_ from LoginBans loginban0_ where loginban0_.id=? for update
20:27:00.683 [main] DEBUG o.h.l.p.b.i.spaces.QuerySpacesImpl - Adding QuerySpace : uid = <gen:0> -> org.hibernate.loader.plan.build.internal.spaces.EntityQuerySpaceImpl@66a67a00]
20:27:00.686 [main] DEBUG o.h.p.w.spi.MetamodelGraphWalker - Visiting attribute path : ip
20:27:00.686 [main] DEBUG o.h.p.w.spi.MetamodelGraphWalker - Visiting attribute path : time
20:27:00.686 [main] DEBUG o.h.p.w.spi.MetamodelGraphWalker - Visiting attribute path : user
20:27:00.686 [main] DEBUG o.h.l.p.b.i.spaces.QuerySpacesImpl - Adding QuerySpace : uid = <gen:1> -> org.hibernate.loader.plan.build.internal.spaces.EntityQuerySpaceImpl@1699aa36]
20:27:00.686 [main] DEBUG o.h.l.p.b.i.FetchStyleLoadPlanBuildingAssociationVisitationStrategy - Building LoadPlan...
20:27:00.686 [main] DEBUG o.h.l.p.e.i.LoadQueryJoinAndFetchProcessor - processing queryspace <gen:0>
20:27:00.687 [main] DEBUG o.h.l.p.b.spi.LoadPlanTreePrinter - LoadPlan(entity=edu.ncsu.csc.itrust2.models.persistent.LoginBan)
    - Returns
       - EntityReturnImpl(entity=edu.ncsu.csc.itrust2.models.persistent.LoginBan, querySpaceUid=<gen:0>, path=edu.ncsu.csc.itrust2.models.persistent.LoginBan)
          - EntityAttributeFetchImpl(entity=edu.ncsu.csc.itrust2.models.persistent.User, querySpaceUid=<gen:1>, path=edu.ncsu.csc.itrust2.models.persistent.LoginBan.user)
    - QuerySpaces
       - EntityQuerySpaceImpl(uid=<gen:0>, entity=edu.ncsu.csc.itrust2.models.persistent.LoginBan)
          - SQL table alias mapping - loginban0_
          - alias suffix - 0_
          - suffixed key columns - {id1_8_0_}

20:27:00.687 [main] DEBUG o.h.loader.entity.plan.EntityLoader - Static select for entity edu.ncsu.csc.itrust2.models.persistent.LoginBan [PESSIMISTIC_FORCE_INCREMENT]: select loginban0_.id as id1_8_0_, loginban0_.ip as ip2_8_0_, loginban0_.time as time3_8_0_, loginban0_.user_id as user_id4_8_0_ from LoginBans loginban0_ where loginban0_.id=? for update
20:27:00.687 [main] DEBUG o.h.l.p.b.i.spaces.QuerySpacesImpl - Adding QuerySpace : uid = <gen:0> -> org.hibernate.loader.plan.build.internal.spaces.EntityQuerySpaceImpl@2065da16]
20:27:00.687 [main] DEBUG o.h.p.w.spi.MetamodelGraphWalker - Visiting attribute path : ip
20:27:00.687 [main] DEBUG o.h.p.w.spi.MetamodelGraphWalker - Visiting attribute path : time
20:27:00.688 [main] DEBUG o.h.p.w.spi.MetamodelGraphWalker - Visiting attribute path : user
20:27:00.688 [main] DEBUG o.h.l.p.b.i.spaces.QuerySpacesImpl - Adding QuerySpace : uid = <gen:1> -> org.hibernate.loader.plan.build.internal.spaces.EntityQuerySpaceImpl@6558b5c7]
20:27:00.688 [main] DEBUG o.h.l.p.b.i.FetchStyleLoadPlanBuildingAssociationVisitationStrategy - Building LoadPlan...
20:27:00.688 [main] DEBUG o.h.l.p.e.i.LoadQueryJoinAndFetchProcessor - processing queryspace <gen:0>
20:27:00.688 [main] DEBUG o.h.l.p.b.spi.LoadPlanTreePrinter - LoadPlan(entity=edu.ncsu.csc.itrust2.models.persistent.LoginBan)
    - Returns
       - EntityReturnImpl(entity=edu.ncsu.csc.itrust2.models.persistent.LoginBan, querySpaceUid=<gen:0>, path=edu.ncsu.csc.itrust2.models.persistent.LoginBan)
          - EntityAttributeFetchImpl(entity=edu.ncsu.csc.itrust2.models.persistent.User, querySpaceUid=<gen:1>, path=edu.ncsu.csc.itrust2.models.persistent.LoginBan.user)
    - QuerySpaces
       - EntityQuerySpaceImpl(uid=<gen:0>, entity=edu.ncsu.csc.itrust2.models.persistent.LoginBan)
          - SQL table alias mapping - loginban0_
          - alias suffix - 0_
          - suffixed key columns - {id1_8_0_}

20:27:00.688 [main] DEBUG o.h.loader.entity.plan.EntityLoader - Static select for entity edu.ncsu.csc.itrust2.models.persistent.LoginBan [OPTIMISTIC]: select loginban0_.id as id1_8_0_, loginban0_.ip as ip2_8_0_, loginban0_.time as time3_8_0_, loginban0_.user_id as user_id4_8_0_ from LoginBans loginban0_ where loginban0_.id=?
20:27:00.689 [main] DEBUG o.h.l.p.b.i.spaces.QuerySpacesImpl - Adding QuerySpace : uid = <gen:0> -> org.hibernate.loader.plan.build.internal.spaces.EntityQuerySpaceImpl@3e4b6b40]
20:27:00.689 [main] DEBUG o.h.p.w.spi.MetamodelGraphWalker - Visiting attribute path : ip
20:27:00.689 [main] DEBUG o.h.p.w.spi.MetamodelGraphWalker - Visiting attribute path : time
20:27:00.689 [main] DEBUG o.h.p.w.spi.MetamodelGraphWalker - Visiting attribute path : user
20:27:00.689 [main] DEBUG o.h.l.p.b.i.spaces.QuerySpacesImpl - Adding QuerySpace : uid = <gen:1> -> org.hibernate.loader.plan.build.internal.spaces.EntityQuerySpaceImpl@7366b259]
20:27:00.689 [main] DEBUG o.h.l.p.b.i.FetchStyleLoadPlanBuildingAssociationVisitationStrategy - Building LoadPlan...
20:27:00.689 [main] DEBUG o.h.l.p.e.i.LoadQueryJoinAndFetchProcessor - processing queryspace <gen:0>
20:27:00.689 [main] DEBUG o.h.l.p.b.spi.LoadPlanTreePrinter - LoadPlan(entity=edu.ncsu.csc.itrust2.models.persistent.LoginBan)
    - Returns
       - EntityReturnImpl(entity=edu.ncsu.csc.itrust2.models.persistent.LoginBan, querySpaceUid=<gen:0>, path=edu.ncsu.csc.itrust2.models.persistent.LoginBan)
          - EntityAttributeFetchImpl(entity=edu.ncsu.csc.itrust2.models.persistent.User, querySpaceUid=<gen:1>, path=edu.ncsu.csc.itrust2.models.persistent.LoginBan.user)
    - QuerySpaces
       - EntityQuerySpaceImpl(uid=<gen:0>, entity=edu.ncsu.csc.itrust2.models.persistent.LoginBan)
          - SQL table alias mapping - loginban0_
          - alias suffix - 0_
          - suffixed key columns - {id1_8_0_}

20:27:00.690 [main] DEBUG o.h.loader.entity.plan.EntityLoader - Static select for entity edu.ncsu.csc.itrust2.models.persistent.LoginBan [OPTIMISTIC_FORCE_INCREMENT]: select loginban0_.id as id1_8_0_, loginban0_.ip as ip2_8_0_, loginban0_.time as time3_8_0_, loginban0_.user_id as user_id4_8_0_ from LoginBans loginban0_ where loginban0_.id=?
20:27:00.690 [main] DEBUG org.hibernate.loader.Loader - Static select for action ACTION_MERGE on entity edu.ncsu.csc.itrust2.models.persistent.LoginBan: select loginban0_.id as id1_8_0_, loginban0_.ip as ip2_8_0_, loginban0_.time as time3_8_0_, loginban0_.user_id as user_id4_8_0_ from LoginBans loginban0_ where loginban0_.id=?
20:27:00.690 [main] DEBUG org.hibernate.loader.Loader - Static select for action ACTION_REFRESH on entity edu.ncsu.csc.itrust2.models.persistent.LoginBan: select loginban0_.id as id1_8_0_, loginban0_.ip as ip2_8_0_, loginban0_.time as time3_8_0_, loginban0_.user_id as user_id4_8_0_ from LoginBans loginban0_ where loginban0_.id=?
20:27:00.690 [main] DEBUG o.h.p.entity.AbstractEntityPersister - Static SQL for entity: edu.ncsu.csc.itrust2.models.persistent.LogEntry
20:27:00.690 [main] DEBUG o.h.p.entity.AbstractEntityPersister -  Version select: select id from LogEntries where id =?
20:27:00.690 [main] DEBUG o.h.p.entity.AbstractEntityPersister -  Snapshot select: select logentry_.id, logentry_.logCode as logCode2_6_, logentry_.message as message3_6_, logentry_.primaryUser as primaryU4_6_, logentry_.secondaryUser as secondar5_6_, logentry_.time as time6_6_ from LogEntries logentry_ where logentry_.id=?
20:27:00.691 [main] DEBUG o.h.p.entity.AbstractEntityPersister -  Insert 0: insert into LogEntries (logCode, message, primaryUser, secondaryUser, time, id) values (?, ?, ?, ?, ?, ?)
20:27:00.691 [main] DEBUG o.h.p.entity.AbstractEntityPersister -  Update 0: update LogEntries set logCode=?, message=?, primaryUser=?, secondaryUser=?, time=? where id=?
20:27:00.691 [main] DEBUG o.h.p.entity.AbstractEntityPersister -  Delete 0: delete from LogEntries where id=?
20:27:00.691 [main] DEBUG o.h.l.p.b.i.spaces.QuerySpacesImpl - Adding QuerySpace : uid = <gen:0> -> org.hibernate.loader.plan.build.internal.spaces.EntityQuerySpaceImpl@5330d77f]
20:27:00.691 [main] DEBUG o.h.p.w.spi.MetamodelGraphWalker - Visiting attribute path : logCode
20:27:00.691 [main] DEBUG o.h.p.w.spi.MetamodelGraphWalker - Visiting attribute path : message
20:27:00.691 [main] DEBUG o.h.p.w.spi.MetamodelGraphWalker - Visiting attribute path : primaryUser
20:27:00.691 [main] DEBUG o.h.p.w.spi.MetamodelGraphWalker - Visiting attribute path : secondaryUser
20:27:00.691 [main] DEBUG o.h.p.w.spi.MetamodelGraphWalker - Visiting attribute path : time
20:27:00.691 [main] DEBUG o.h.l.p.b.i.FetchStyleLoadPlanBuildingAssociationVisitationStrategy - Building LoadPlan...
20:27:00.691 [main] DEBUG o.h.l.p.e.i.LoadQueryJoinAndFetchProcessor - processing queryspace <gen:0>
20:27:00.692 [main] DEBUG o.h.l.p.b.spi.LoadPlanTreePrinter - LoadPlan(entity=edu.ncsu.csc.itrust2.models.persistent.LogEntry)
    - Returns
       - EntityReturnImpl(entity=edu.ncsu.csc.itrust2.models.persistent.LogEntry, querySpaceUid=<gen:0>, path=edu.ncsu.csc.itrust2.models.persistent.LogEntry)
    - QuerySpaces
       - EntityQuerySpaceImpl(uid=<gen:0>, entity=edu.ncsu.csc.itrust2.models.persistent.LogEntry)
          - SQL table alias mapping - logentry0_
          - alias suffix - 0_
          - suffixed key columns - {id1_6_0_}

20:27:00.692 [main] DEBUG o.h.loader.entity.plan.EntityLoader - Static select for entity edu.ncsu.csc.itrust2.models.persistent.LogEntry [NONE]: select logentry0_.id as id1_6_0_, logentry0_.logCode as logCode2_6_0_, logentry0_.message as message3_6_0_, logentry0_.primaryUser as primaryU4_6_0_, logentry0_.secondaryUser as secondar5_6_0_, logentry0_.time as time6_6_0_ from LogEntries logentry0_ where logentry0_.id=?
20:27:00.692 [main] DEBUG o.h.l.p.b.i.spaces.QuerySpacesImpl - Adding QuerySpace : uid = <gen:0> -> org.hibernate.loader.plan.build.internal.spaces.EntityQuerySpaceImpl@31e5514]
20:27:00.692 [main] DEBUG o.h.p.w.spi.MetamodelGraphWalker - Visiting attribute path : logCode
20:27:00.692 [main] DEBUG o.h.p.w.spi.MetamodelGraphWalker - Visiting attribute path : message
20:27:00.693 [main] DEBUG o.h.p.w.spi.MetamodelGraphWalker - Visiting attribute path : primaryUser
20:27:00.693 [main] DEBUG o.h.p.w.spi.MetamodelGraphWalker - Visiting attribute path : secondaryUser
20:27:00.693 [main] DEBUG o.h.p.w.spi.MetamodelGraphWalker - Visiting attribute path : time
20:27:00.693 [main] DEBUG o.h.l.p.b.i.FetchStyleLoadPlanBuildingAssociationVisitationStrategy - Building LoadPlan...
20:27:00.693 [main] DEBUG o.h.l.p.e.i.LoadQueryJoinAndFetchProcessor - processing queryspace <gen:0>
20:27:00.694 [main] DEBUG o.h.l.p.b.spi.LoadPlanTreePrinter - LoadPlan(entity=edu.ncsu.csc.itrust2.models.persistent.LogEntry)
    - Returns
       - EntityReturnImpl(entity=edu.ncsu.csc.itrust2.models.persistent.LogEntry, querySpaceUid=<gen:0>, path=edu.ncsu.csc.itrust2.models.persistent.LogEntry)
    - QuerySpaces
       - EntityQuerySpaceImpl(uid=<gen:0>, entity=edu.ncsu.csc.itrust2.models.persistent.LogEntry)
          - SQL table alias mapping - logentry0_
          - alias suffix - 0_
          - suffixed key columns - {id1_6_0_}

20:27:00.694 [main] DEBUG o.h.loader.entity.plan.EntityLoader - Static select for entity edu.ncsu.csc.itrust2.models.persistent.LogEntry [READ]: select logentry0_.id as id1_6_0_, logentry0_.logCode as logCode2_6_0_, logentry0_.message as message3_6_0_, logentry0_.primaryUser as primaryU4_6_0_, logentry0_.secondaryUser as secondar5_6_0_, logentry0_.time as time6_6_0_ from LogEntries logentry0_ where logentry0_.id=?
20:27:00.694 [main] DEBUG o.h.l.p.b.i.spaces.QuerySpacesImpl - Adding QuerySpace : uid = <gen:0> -> org.hibernate.loader.plan.build.internal.spaces.EntityQuerySpaceImpl@107267a1]
20:27:00.695 [main] DEBUG o.h.p.w.spi.MetamodelGraphWalker - Visiting attribute path : logCode
20:27:00.695 [main] DEBUG o.h.p.w.spi.MetamodelGraphWalker - Visiting attribute path : message
20:27:00.695 [main] DEBUG o.h.p.w.spi.MetamodelGraphWalker - Visiting attribute path : primaryUser
20:27:00.695 [main] DEBUG o.h.p.w.spi.MetamodelGraphWalker - Visiting attribute path : secondaryUser
20:27:00.695 [main] DEBUG o.h.p.w.spi.MetamodelGraphWalker - Visiting attribute path : time
20:27:00.695 [main] DEBUG o.h.l.p.b.i.FetchStyleLoadPlanBuildingAssociationVisitationStrategy - Building LoadPlan...
20:27:00.696 [main] DEBUG o.h.l.p.e.i.LoadQueryJoinAndFetchProcessor - processing queryspace <gen:0>
20:27:00.696 [main] DEBUG o.h.l.p.b.spi.LoadPlanTreePrinter - LoadPlan(entity=edu.ncsu.csc.itrust2.models.persistent.LogEntry)
    - Returns
       - EntityReturnImpl(entity=edu.ncsu.csc.itrust2.models.persistent.LogEntry, querySpaceUid=<gen:0>, path=edu.ncsu.csc.itrust2.models.persistent.LogEntry)
    - QuerySpaces
       - EntityQuerySpaceImpl(uid=<gen:0>, entity=edu.ncsu.csc.itrust2.models.persistent.LogEntry)
          - SQL table alias mapping - logentry0_
          - alias suffix - 0_
          - suffixed key columns - {id1_6_0_}

20:27:00.696 [main] DEBUG o.h.loader.entity.plan.EntityLoader - Static select for entity edu.ncsu.csc.itrust2.models.persistent.LogEntry [UPGRADE]: select logentry0_.id as id1_6_0_, logentry0_.logCode as logCode2_6_0_, logentry0_.message as message3_6_0_, logentry0_.primaryUser as primaryU4_6_0_, logentry0_.secondaryUser as secondar5_6_0_, logentry0_.time as time6_6_0_ from LogEntries logentry0_ where logentry0_.id=? for update
20:27:00.696 [main] DEBUG o.h.l.p.b.i.spaces.QuerySpacesImpl - Adding QuerySpace : uid = <gen:0> -> org.hibernate.loader.plan.build.internal.spaces.EntityQuerySpaceImpl@72dbfc28]
20:27:00.696 [main] DEBUG o.h.p.w.spi.MetamodelGraphWalker - Visiting attribute path : logCode
20:27:00.696 [main] DEBUG o.h.p.w.spi.MetamodelGraphWalker - Visiting attribute path : message
20:27:00.696 [main] DEBUG o.h.p.w.spi.MetamodelGraphWalker - Visiting attribute path : primaryUser
20:27:00.696 [main] DEBUG o.h.p.w.spi.MetamodelGraphWalker - Visiting attribute path : secondaryUser
20:27:00.696 [main] DEBUG o.h.p.w.spi.MetamodelGraphWalker - Visiting attribute path : time
20:27:00.697 [main] DEBUG o.h.l.p.b.i.FetchStyleLoadPlanBuildingAssociationVisitationStrategy - Building LoadPlan...
20:27:00.697 [main] DEBUG o.h.l.p.e.i.LoadQueryJoinAndFetchProcessor - processing queryspace <gen:0>
20:27:00.697 [main] DEBUG o.h.l.p.b.spi.LoadPlanTreePrinter - LoadPlan(entity=edu.ncsu.csc.itrust2.models.persistent.LogEntry)
    - Returns
       - EntityReturnImpl(entity=edu.ncsu.csc.itrust2.models.persistent.LogEntry, querySpaceUid=<gen:0>, path=edu.ncsu.csc.itrust2.models.persistent.LogEntry)
    - QuerySpaces
       - EntityQuerySpaceImpl(uid=<gen:0>, entity=edu.ncsu.csc.itrust2.models.persistent.LogEntry)
          - SQL table alias mapping - logentry0_
          - alias suffix - 0_
          - suffixed key columns - {id1_6_0_}

20:27:00.697 [main] DEBUG o.h.loader.entity.plan.EntityLoader - Static select for entity edu.ncsu.csc.itrust2.models.persistent.LogEntry [UPGRADE_NOWAIT]: select logentry0_.id as id1_6_0_, logentry0_.logCode as logCode2_6_0_, logentry0_.message as message3_6_0_, logentry0_.primaryUser as primaryU4_6_0_, logentry0_.secondaryUser as secondar5_6_0_, logentry0_.time as time6_6_0_ from LogEntries logentry0_ where logentry0_.id=? for update
20:27:00.697 [main] DEBUG o.h.l.p.b.i.spaces.QuerySpacesImpl - Adding QuerySpace : uid = <gen:0> -> org.hibernate.loader.plan.build.internal.spaces.EntityQuerySpaceImpl@52c2c5b3]
20:27:00.697 [main] DEBUG o.h.p.w.spi.MetamodelGraphWalker - Visiting attribute path : logCode
20:27:00.697 [main] DEBUG o.h.p.w.spi.MetamodelGraphWalker - Visiting attribute path : message
20:27:00.697 [main] DEBUG o.h.p.w.spi.MetamodelGraphWalker - Visiting attribute path : primaryUser
20:27:00.697 [main] DEBUG o.h.p.w.spi.MetamodelGraphWalker - Visiting attribute path : secondaryUser
20:27:00.698 [main] DEBUG o.h.p.w.spi.MetamodelGraphWalker - Visiting attribute path : time
20:27:00.698 [main] DEBUG o.h.l.p.b.i.FetchStyleLoadPlanBuildingAssociationVisitationStrategy - Building LoadPlan...
20:27:00.698 [main] DEBUG o.h.l.p.e.i.LoadQueryJoinAndFetchProcessor - processing queryspace <gen:0>
20:27:00.698 [main] DEBUG o.h.l.p.b.spi.LoadPlanTreePrinter - LoadPlan(entity=edu.ncsu.csc.itrust2.models.persistent.LogEntry)
    - Returns
       - EntityReturnImpl(entity=edu.ncsu.csc.itrust2.models.persistent.LogEntry, querySpaceUid=<gen:0>, path=edu.ncsu.csc.itrust2.models.persistent.LogEntry)
    - QuerySpaces
       - EntityQuerySpaceImpl(uid=<gen:0>, entity=edu.ncsu.csc.itrust2.models.persistent.LogEntry)
          - SQL table alias mapping - logentry0_
          - alias suffix - 0_
          - suffixed key columns - {id1_6_0_}

20:27:00.698 [main] DEBUG o.h.loader.entity.plan.EntityLoader - Static select for entity edu.ncsu.csc.itrust2.models.persistent.LogEntry [UPGRADE_SKIPLOCKED]: select logentry0_.id as id1_6_0_, logentry0_.logCode as logCode2_6_0_, logentry0_.message as message3_6_0_, logentry0_.primaryUser as primaryU4_6_0_, logentry0_.secondaryUser as secondar5_6_0_, logentry0_.time as time6_6_0_ from LogEntries logentry0_ where logentry0_.id=? for update
20:27:00.698 [main] DEBUG o.h.l.p.b.i.spaces.QuerySpacesImpl - Adding QuerySpace : uid = <gen:0> -> org.hibernate.loader.plan.build.internal.spaces.EntityQuerySpaceImpl@195251a2]
20:27:00.699 [main] DEBUG o.h.p.w.spi.MetamodelGraphWalker - Visiting attribute path : logCode
20:27:00.699 [main] DEBUG o.h.p.w.spi.MetamodelGraphWalker - Visiting attribute path : message
20:27:00.699 [main] DEBUG o.h.p.w.spi.MetamodelGraphWalker - Visiting attribute path : primaryUser
20:27:00.699 [main] DEBUG o.h.p.w.spi.MetamodelGraphWalker - Visiting attribute path : secondaryUser
20:27:00.699 [main] DEBUG o.h.p.w.spi.MetamodelGraphWalker - Visiting attribute path : time
20:27:00.699 [main] DEBUG o.h.l.p.b.i.FetchStyleLoadPlanBuildingAssociationVisitationStrategy - Building LoadPlan...
20:27:00.699 [main] DEBUG o.h.l.p.e.i.LoadQueryJoinAndFetchProcessor - processing queryspace <gen:0>
20:27:00.699 [main] DEBUG o.h.l.p.b.spi.LoadPlanTreePrinter - LoadPlan(entity=edu.ncsu.csc.itrust2.models.persistent.LogEntry)
    - Returns
       - EntityReturnImpl(entity=edu.ncsu.csc.itrust2.models.persistent.LogEntry, querySpaceUid=<gen:0>, path=edu.ncsu.csc.itrust2.models.persistent.LogEntry)
    - QuerySpaces
       - EntityQuerySpaceImpl(uid=<gen:0>, entity=edu.ncsu.csc.itrust2.models.persistent.LogEntry)
          - SQL table alias mapping - logentry0_
          - alias suffix - 0_
          - suffixed key columns - {id1_6_0_}

20:27:00.700 [main] DEBUG o.h.loader.entity.plan.EntityLoader - Static select for entity edu.ncsu.csc.itrust2.models.persistent.LogEntry [FORCE]: select logentry0_.id as id1_6_0_, logentry0_.logCode as logCode2_6_0_, logentry0_.message as message3_6_0_, logentry0_.primaryUser as primaryU4_6_0_, logentry0_.secondaryUser as secondar5_6_0_, logentry0_.time as time6_6_0_ from LogEntries logentry0_ where logentry0_.id=? for update
20:27:00.700 [main] DEBUG o.h.l.p.b.i.spaces.QuerySpacesImpl - Adding QuerySpace : uid = <gen:0> -> org.hibernate.loader.plan.build.internal.spaces.EntityQuerySpaceImpl@7b2b9c55]
20:27:00.700 [main] DEBUG o.h.p.w.spi.MetamodelGraphWalker - Visiting attribute path : logCode
20:27:00.700 [main] DEBUG o.h.p.w.spi.MetamodelGraphWalker - Visiting attribute path : message
20:27:00.700 [main] DEBUG o.h.p.w.spi.MetamodelGraphWalker - Visiting attribute path : primaryUser
20:27:00.700 [main] DEBUG o.h.p.w.spi.MetamodelGraphWalker - Visiting attribute path : secondaryUser
20:27:00.700 [main] DEBUG o.h.p.w.spi.MetamodelGraphWalker - Visiting attribute path : time
20:27:00.700 [main] DEBUG o.h.l.p.b.i.FetchStyleLoadPlanBuildingAssociationVisitationStrategy - Building LoadPlan...
20:27:00.700 [main] DEBUG o.h.l.p.e.i.LoadQueryJoinAndFetchProcessor - processing queryspace <gen:0>
20:27:00.701 [main] DEBUG o.h.l.p.b.spi.LoadPlanTreePrinter - LoadPlan(entity=edu.ncsu.csc.itrust2.models.persistent.LogEntry)
    - Returns
       - EntityReturnImpl(entity=edu.ncsu.csc.itrust2.models.persistent.LogEntry, querySpaceUid=<gen:0>, path=edu.ncsu.csc.itrust2.models.persistent.LogEntry)
    - QuerySpaces
       - EntityQuerySpaceImpl(uid=<gen:0>, entity=edu.ncsu.csc.itrust2.models.persistent.LogEntry)
          - SQL table alias mapping - logentry0_
          - alias suffix - 0_
          - suffixed key columns - {id1_6_0_}

20:27:00.701 [main] DEBUG o.h.loader.entity.plan.EntityLoader - Static select for entity edu.ncsu.csc.itrust2.models.persistent.LogEntry [PESSIMISTIC_READ]: select logentry0_.id as id1_6_0_, logentry0_.logCode as logCode2_6_0_, logentry0_.message as message3_6_0_, logentry0_.primaryUser as primaryU4_6_0_, logentry0_.secondaryUser as secondar5_6_0_, logentry0_.time as time6_6_0_ from LogEntries logentry0_ where logentry0_.id=? lock in share mode
20:27:00.701 [main] DEBUG o.h.l.p.b.i.spaces.QuerySpacesImpl - Adding QuerySpace : uid = <gen:0> -> org.hibernate.loader.plan.build.internal.spaces.EntityQuerySpaceImpl@6a2d68e3]
20:27:00.701 [main] DEBUG o.h.p.w.spi.MetamodelGraphWalker - Visiting attribute path : logCode
20:27:00.701 [main] DEBUG o.h.p.w.spi.MetamodelGraphWalker - Visiting attribute path : message
20:27:00.701 [main] DEBUG o.h.p.w.spi.MetamodelGraphWalker - Visiting attribute path : primaryUser
20:27:00.701 [main] DEBUG o.h.p.w.spi.MetamodelGraphWalker - Visiting attribute path : secondaryUser
20:27:00.701 [main] DEBUG o.h.p.w.spi.MetamodelGraphWalker - Visiting attribute path : time
20:27:00.701 [main] DEBUG o.h.l.p.b.i.FetchStyleLoadPlanBuildingAssociationVisitationStrategy - Building LoadPlan...
20:27:00.701 [main] DEBUG o.h.l.p.e.i.LoadQueryJoinAndFetchProcessor - processing queryspace <gen:0>
20:27:00.702 [main] DEBUG o.h.l.p.b.spi.LoadPlanTreePrinter - LoadPlan(entity=edu.ncsu.csc.itrust2.models.persistent.LogEntry)
    - Returns
       - EntityReturnImpl(entity=edu.ncsu.csc.itrust2.models.persistent.LogEntry, querySpaceUid=<gen:0>, path=edu.ncsu.csc.itrust2.models.persistent.LogEntry)
    - QuerySpaces
       - EntityQuerySpaceImpl(uid=<gen:0>, entity=edu.ncsu.csc.itrust2.models.persistent.LogEntry)
          - SQL table alias mapping - logentry0_
          - alias suffix - 0_
          - suffixed key columns - {id1_6_0_}

20:27:00.702 [main] DEBUG o.h.loader.entity.plan.EntityLoader - Static select for entity edu.ncsu.csc.itrust2.models.persistent.LogEntry [PESSIMISTIC_WRITE]: select logentry0_.id as id1_6_0_, logentry0_.logCode as logCode2_6_0_, logentry0_.message as message3_6_0_, logentry0_.primaryUser as primaryU4_6_0_, logentry0_.secondaryUser as secondar5_6_0_, logentry0_.time as time6_6_0_ from LogEntries logentry0_ where logentry0_.id=? for update
20:27:00.702 [main] DEBUG o.h.l.p.b.i.spaces.QuerySpacesImpl - Adding QuerySpace : uid = <gen:0> -> org.hibernate.loader.plan.build.internal.spaces.EntityQuerySpaceImpl@73372966]
20:27:00.702 [main] DEBUG o.h.p.w.spi.MetamodelGraphWalker - Visiting attribute path : logCode
20:27:00.702 [main] DEBUG o.h.p.w.spi.MetamodelGraphWalker - Visiting attribute path : message
20:27:00.702 [main] DEBUG o.h.p.w.spi.MetamodelGraphWalker - Visiting attribute path : primaryUser
20:27:00.702 [main] DEBUG o.h.p.w.spi.MetamodelGraphWalker - Visiting attribute path : secondaryUser
20:27:00.702 [main] DEBUG o.h.p.w.spi.MetamodelGraphWalker - Visiting attribute path : time
20:27:00.702 [main] DEBUG o.h.l.p.b.i.FetchStyleLoadPlanBuildingAssociationVisitationStrategy - Building LoadPlan...
20:27:00.703 [main] DEBUG o.h.l.p.e.i.LoadQueryJoinAndFetchProcessor - processing queryspace <gen:0>
20:27:00.703 [main] DEBUG o.h.l.p.b.spi.LoadPlanTreePrinter - LoadPlan(entity=edu.ncsu.csc.itrust2.models.persistent.LogEntry)
    - Returns
       - EntityReturnImpl(entity=edu.ncsu.csc.itrust2.models.persistent.LogEntry, querySpaceUid=<gen:0>, path=edu.ncsu.csc.itrust2.models.persistent.LogEntry)
    - QuerySpaces
       - EntityQuerySpaceImpl(uid=<gen:0>, entity=edu.ncsu.csc.itrust2.models.persistent.LogEntry)
          - SQL table alias mapping - logentry0_
          - alias suffix - 0_
          - suffixed key columns - {id1_6_0_}

20:27:00.703 [main] DEBUG o.h.loader.entity.plan.EntityLoader - Static select for entity edu.ncsu.csc.itrust2.models.persistent.LogEntry [PESSIMISTIC_FORCE_INCREMENT]: select logentry0_.id as id1_6_0_, logentry0_.logCode as logCode2_6_0_, logentry0_.message as message3_6_0_, logentry0_.primaryUser as primaryU4_6_0_, logentry0_.secondaryUser as secondar5_6_0_, logentry0_.time as time6_6_0_ from LogEntries logentry0_ where logentry0_.id=? for update
20:27:00.703 [main] DEBUG o.h.l.p.b.i.spaces.QuerySpacesImpl - Adding QuerySpace : uid = <gen:0> -> org.hibernate.loader.plan.build.internal.spaces.EntityQuerySpaceImpl@5c5a8c88]
20:27:00.703 [main] DEBUG o.h.p.w.spi.MetamodelGraphWalker - Visiting attribute path : logCode
20:27:00.703 [main] DEBUG o.h.p.w.spi.MetamodelGraphWalker - Visiting attribute path : message
20:27:00.703 [main] DEBUG o.h.p.w.spi.MetamodelGraphWalker - Visiting attribute path : primaryUser
20:27:00.703 [main] DEBUG o.h.p.w.spi.MetamodelGraphWalker - Visiting attribute path : secondaryUser
20:27:00.703 [main] DEBUG o.h.p.w.spi.MetamodelGraphWalker - Visiting attribute path : time
20:27:00.704 [main] DEBUG o.h.l.p.b.i.FetchStyleLoadPlanBuildingAssociationVisitationStrategy - Building LoadPlan...
20:27:00.704 [main] DEBUG o.h.l.p.e.i.LoadQueryJoinAndFetchProcessor - processing queryspace <gen:0>
20:27:00.704 [main] DEBUG o.h.l.p.b.spi.LoadPlanTreePrinter - LoadPlan(entity=edu.ncsu.csc.itrust2.models.persistent.LogEntry)
    - Returns
       - EntityReturnImpl(entity=edu.ncsu.csc.itrust2.models.persistent.LogEntry, querySpaceUid=<gen:0>, path=edu.ncsu.csc.itrust2.models.persistent.LogEntry)
    - QuerySpaces
       - EntityQuerySpaceImpl(uid=<gen:0>, entity=edu.ncsu.csc.itrust2.models.persistent.LogEntry)
          - SQL table alias mapping - logentry0_
          - alias suffix - 0_
          - suffixed key columns - {id1_6_0_}

20:27:00.704 [main] DEBUG o.h.loader.entity.plan.EntityLoader - Static select for entity edu.ncsu.csc.itrust2.models.persistent.LogEntry [OPTIMISTIC]: select logentry0_.id as id1_6_0_, logentry0_.logCode as logCode2_6_0_, logentry0_.message as message3_6_0_, logentry0_.primaryUser as primaryU4_6_0_, logentry0_.secondaryUser as secondar5_6_0_, logentry0_.time as time6_6_0_ from LogEntries logentry0_ where logentry0_.id=?
20:27:00.704 [main] DEBUG o.h.l.p.b.i.spaces.QuerySpacesImpl - Adding QuerySpace : uid = <gen:0> -> org.hibernate.loader.plan.build.internal.spaces.EntityQuerySpaceImpl@c5be903]
20:27:00.704 [main] DEBUG o.h.p.w.spi.MetamodelGraphWalker - Visiting attribute path : logCode
20:27:00.704 [main] DEBUG o.h.p.w.spi.MetamodelGraphWalker - Visiting attribute path : message
20:27:00.704 [main] DEBUG o.h.p.w.spi.MetamodelGraphWalker - Visiting attribute path : primaryUser
20:27:00.704 [main] DEBUG o.h.p.w.spi.MetamodelGraphWalker - Visiting attribute path : secondaryUser
20:27:00.704 [main] DEBUG o.h.p.w.spi.MetamodelGraphWalker - Visiting attribute path : time
20:27:00.705 [main] DEBUG o.h.l.p.b.i.FetchStyleLoadPlanBuildingAssociationVisitationStrategy - Building LoadPlan...
20:27:00.705 [main] DEBUG o.h.l.p.e.i.LoadQueryJoinAndFetchProcessor - processing queryspace <gen:0>
20:27:00.705 [main] DEBUG o.h.l.p.b.spi.LoadPlanTreePrinter - LoadPlan(entity=edu.ncsu.csc.itrust2.models.persistent.LogEntry)
    - Returns
       - EntityReturnImpl(entity=edu.ncsu.csc.itrust2.models.persistent.LogEntry, querySpaceUid=<gen:0>, path=edu.ncsu.csc.itrust2.models.persistent.LogEntry)
    - QuerySpaces
       - EntityQuerySpaceImpl(uid=<gen:0>, entity=edu.ncsu.csc.itrust2.models.persistent.LogEntry)
          - SQL table alias mapping - logentry0_
          - alias suffix - 0_
          - suffixed key columns - {id1_6_0_}

20:27:00.705 [main] DEBUG o.h.loader.entity.plan.EntityLoader - Static select for entity edu.ncsu.csc.itrust2.models.persistent.LogEntry [OPTIMISTIC_FORCE_INCREMENT]: select logentry0_.id as id1_6_0_, logentry0_.logCode as logCode2_6_0_, logentry0_.message as message3_6_0_, logentry0_.primaryUser as primaryU4_6_0_, logentry0_.secondaryUser as secondar5_6_0_, logentry0_.time as time6_6_0_ from LogEntries logentry0_ where logentry0_.id=?
20:27:00.705 [main] DEBUG org.hibernate.loader.Loader - Static select for action ACTION_MERGE on entity edu.ncsu.csc.itrust2.models.persistent.LogEntry: select logentry0_.id as id1_6_0_, logentry0_.logCode as logCode2_6_0_, logentry0_.message as message3_6_0_, logentry0_.primaryUser as primaryU4_6_0_, logentry0_.secondaryUser as secondar5_6_0_, logentry0_.time as time6_6_0_ from LogEntries logentry0_ where logentry0_.id=?
20:27:00.706 [main] DEBUG org.hibernate.loader.Loader - Static select for action ACTION_REFRESH on entity edu.ncsu.csc.itrust2.models.persistent.LogEntry: select logentry0_.id as id1_6_0_, logentry0_.logCode as logCode2_6_0_, logentry0_.message as message3_6_0_, logentry0_.primaryUser as primaryU4_6_0_, logentry0_.secondaryUser as secondar5_6_0_, logentry0_.time as time6_6_0_ from LogEntries logentry0_ where logentry0_.id=?
20:27:00.706 [main] DEBUG o.h.p.entity.AbstractEntityPersister - Static SQL for entity: edu.ncsu.csc.itrust2.models.persistent.LoginLockout
20:27:00.706 [main] DEBUG o.h.p.entity.AbstractEntityPersister -  Version select: select id from LoginLockouts where id =?
20:27:00.706 [main] DEBUG o.h.p.entity.AbstractEntityPersister -  Snapshot select: select loginlocko_.id, loginlocko_.ip as ip2_9_, loginlocko_.time as time3_9_, loginlocko_.user_id as user_id4_9_ from LoginLockouts loginlocko_ where loginlocko_.id=?
20:27:00.706 [main] DEBUG o.h.p.entity.AbstractEntityPersister -  Insert 0: insert into LoginLockouts (ip, time, user_id, id) values (?, ?, ?, ?)
20:27:00.706 [main] DEBUG o.h.p.entity.AbstractEntityPersister -  Update 0: update LoginLockouts set ip=?, time=?, user_id=? where id=?
20:27:00.706 [main] DEBUG o.h.p.entity.AbstractEntityPersister -  Delete 0: delete from LoginLockouts where id=?
20:27:00.706 [main] DEBUG o.h.l.p.b.i.spaces.QuerySpacesImpl - Adding QuerySpace : uid = <gen:0> -> org.hibernate.loader.plan.build.internal.spaces.EntityQuerySpaceImpl@55e0a8ae]
20:27:00.706 [main] DEBUG o.h.p.w.spi.MetamodelGraphWalker - Visiting attribute path : ip
20:27:00.706 [main] DEBUG o.h.p.w.spi.MetamodelGraphWalker - Visiting attribute path : time
20:27:00.707 [main] DEBUG o.h.p.w.spi.MetamodelGraphWalker - Visiting attribute path : user
20:27:00.707 [main] DEBUG o.h.l.p.b.i.spaces.QuerySpacesImpl - Adding QuerySpace : uid = <gen:1> -> org.hibernate.loader.plan.build.internal.spaces.EntityQuerySpaceImpl@2cc28b3d]
20:27:00.707 [main] DEBUG o.h.p.w.spi.MetamodelGraphWalker - Visiting attribute path : user.enabled
20:27:00.707 [main] DEBUG o.h.p.w.spi.MetamodelGraphWalker - Visiting attribute path : user.password
20:27:00.707 [main] DEBUG o.h.p.w.spi.MetamodelGraphWalker - Visiting attribute path : user.role
20:27:00.707 [main] DEBUG o.h.l.p.b.i.FetchStyleLoadPlanBuildingAssociationVisitationStrategy - Building LoadPlan...
20:27:00.707 [main] DEBUG o.h.l.p.e.i.LoadQueryJoinAndFetchProcessor - processing queryspace <gen:0>
20:27:00.708 [main] DEBUG o.h.l.p.b.spi.LoadPlanTreePrinter - LoadPlan(entity=edu.ncsu.csc.itrust2.models.persistent.LoginLockout)
    - Returns
       - EntityReturnImpl(entity=edu.ncsu.csc.itrust2.models.persistent.LoginLockout, querySpaceUid=<gen:0>, path=edu.ncsu.csc.itrust2.models.persistent.LoginLockout)
          - EntityAttributeFetchImpl(entity=edu.ncsu.csc.itrust2.models.persistent.User, querySpaceUid=<gen:1>, path=edu.ncsu.csc.itrust2.models.persistent.LoginLockout.user)
    - QuerySpaces
       - EntityQuerySpaceImpl(uid=<gen:0>, entity=edu.ncsu.csc.itrust2.models.persistent.LoginLockout)
          - SQL table alias mapping - loginlocko0_
          - alias suffix - 0_
          - suffixed key columns - {id1_9_0_}
          - JOIN (JoinDefinedByMetadata(user)) : <gen:0> -> <gen:1>
             - EntityQuerySpaceImpl(uid=<gen:1>, entity=edu.ncsu.csc.itrust2.models.persistent.User)
                - SQL table alias mapping - user1_
                - alias suffix - 1_
                - suffixed key columns - {username1_15_1_}

20:27:00.708 [main] DEBUG o.h.loader.entity.plan.EntityLoader - Static select for entity edu.ncsu.csc.itrust2.models.persistent.LoginLockout [NONE]: select loginlocko0_.id as id1_9_0_, loginlocko0_.ip as ip2_9_0_, loginlocko0_.time as time3_9_0_, loginlocko0_.user_id as user_id4_9_0_, user1_.username as username1_15_1_, user1_.enabled as enabled2_15_1_, user1_.password as password3_15_1_, user1_.role as role4_15_1_ from LoginLockouts loginlocko0_ left outer join Users user1_ on loginlocko0_.user_id=user1_.username where loginlocko0_.id=?
20:27:00.708 [main] DEBUG o.h.l.p.b.i.spaces.QuerySpacesImpl - Adding QuerySpace : uid = <gen:0> -> org.hibernate.loader.plan.build.internal.spaces.EntityQuerySpaceImpl@1304e6ac]
20:27:00.708 [main] DEBUG o.h.p.w.spi.MetamodelGraphWalker - Visiting attribute path : ip
20:27:00.708 [main] DEBUG o.h.p.w.spi.MetamodelGraphWalker - Visiting attribute path : time
20:27:00.708 [main] DEBUG o.h.p.w.spi.MetamodelGraphWalker - Visiting attribute path : user
20:27:00.709 [main] DEBUG o.h.l.p.b.i.spaces.QuerySpacesImpl - Adding QuerySpace : uid = <gen:1> -> org.hibernate.loader.plan.build.internal.spaces.EntityQuerySpaceImpl@47f8be58]
20:27:00.710 [main] DEBUG o.h.p.w.spi.MetamodelGraphWalker - Visiting attribute path : user.enabled
20:27:00.710 [main] DEBUG o.h.p.w.spi.MetamodelGraphWalker - Visiting attribute path : user.password
20:27:00.710 [main] DEBUG o.h.p.w.spi.MetamodelGraphWalker - Visiting attribute path : user.role
20:27:00.710 [main] DEBUG o.h.l.p.b.i.FetchStyleLoadPlanBuildingAssociationVisitationStrategy - Building LoadPlan...
20:27:00.711 [main] DEBUG o.h.l.p.e.i.LoadQueryJoinAndFetchProcessor - processing queryspace <gen:0>
20:27:00.711 [main] DEBUG o.h.l.p.b.spi.LoadPlanTreePrinter - LoadPlan(entity=edu.ncsu.csc.itrust2.models.persistent.LoginLockout)
    - Returns
       - EntityReturnImpl(entity=edu.ncsu.csc.itrust2.models.persistent.LoginLockout, querySpaceUid=<gen:0>, path=edu.ncsu.csc.itrust2.models.persistent.LoginLockout)
          - EntityAttributeFetchImpl(entity=edu.ncsu.csc.itrust2.models.persistent.User, querySpaceUid=<gen:1>, path=edu.ncsu.csc.itrust2.models.persistent.LoginLockout.user)
    - QuerySpaces
       - EntityQuerySpaceImpl(uid=<gen:0>, entity=edu.ncsu.csc.itrust2.models.persistent.LoginLockout)
          - SQL table alias mapping - loginlocko0_
          - alias suffix - 0_
          - suffixed key columns - {id1_9_0_}
          - JOIN (JoinDefinedByMetadata(user)) : <gen:0> -> <gen:1>
             - EntityQuerySpaceImpl(uid=<gen:1>, entity=edu.ncsu.csc.itrust2.models.persistent.User)
                - SQL table alias mapping - user1_
                - alias suffix - 1_
                - suffixed key columns - {username1_15_1_}

20:27:00.711 [main] DEBUG o.h.loader.entity.plan.EntityLoader - Static select for entity edu.ncsu.csc.itrust2.models.persistent.LoginLockout [READ]: select loginlocko0_.id as id1_9_0_, loginlocko0_.ip as ip2_9_0_, loginlocko0_.time as time3_9_0_, loginlocko0_.user_id as user_id4_9_0_, user1_.username as username1_15_1_, user1_.enabled as enabled2_15_1_, user1_.password as password3_15_1_, user1_.role as role4_15_1_ from LoginLockouts loginlocko0_ left outer join Users user1_ on loginlocko0_.user_id=user1_.username where loginlocko0_.id=?
20:27:00.711 [main] DEBUG o.h.l.p.b.i.spaces.QuerySpacesImpl - Adding QuerySpace : uid = <gen:0> -> org.hibernate.loader.plan.build.internal.spaces.EntityQuerySpaceImpl@3c5ecf91]
20:27:00.711 [main] DEBUG o.h.p.w.spi.MetamodelGraphWalker - Visiting attribute path : ip
20:27:00.712 [main] DEBUG o.h.p.w.spi.MetamodelGraphWalker - Visiting attribute path : time
20:27:00.712 [main] DEBUG o.h.p.w.spi.MetamodelGraphWalker - Visiting attribute path : user
20:27:00.712 [main] DEBUG o.h.l.p.b.i.spaces.QuerySpacesImpl - Adding QuerySpace : uid = <gen:1> -> org.hibernate.loader.plan.build.internal.spaces.EntityQuerySpaceImpl@1be71add]
20:27:00.712 [main] DEBUG o.h.l.p.b.i.FetchStyleLoadPlanBuildingAssociationVisitationStrategy - Building LoadPlan...
20:27:00.712 [main] DEBUG o.h.l.p.e.i.LoadQueryJoinAndFetchProcessor - processing queryspace <gen:0>
20:27:00.712 [main] DEBUG o.h.l.p.b.spi.LoadPlanTreePrinter - LoadPlan(entity=edu.ncsu.csc.itrust2.models.persistent.LoginLockout)
    - Returns
       - EntityReturnImpl(entity=edu.ncsu.csc.itrust2.models.persistent.LoginLockout, querySpaceUid=<gen:0>, path=edu.ncsu.csc.itrust2.models.persistent.LoginLockout)
          - EntityAttributeFetchImpl(entity=edu.ncsu.csc.itrust2.models.persistent.User, querySpaceUid=<gen:1>, path=edu.ncsu.csc.itrust2.models.persistent.LoginLockout.user)
    - QuerySpaces
       - EntityQuerySpaceImpl(uid=<gen:0>, entity=edu.ncsu.csc.itrust2.models.persistent.LoginLockout)
          - SQL table alias mapping - loginlocko0_
          - alias suffix - 0_
          - suffixed key columns - {id1_9_0_}

20:27:00.713 [main] DEBUG o.h.loader.entity.plan.EntityLoader - Static select for entity edu.ncsu.csc.itrust2.models.persistent.LoginLockout [UPGRADE]: select loginlocko0_.id as id1_9_0_, loginlocko0_.ip as ip2_9_0_, loginlocko0_.time as time3_9_0_, loginlocko0_.user_id as user_id4_9_0_ from LoginLockouts loginlocko0_ where loginlocko0_.id=? for update
20:27:00.713 [main] DEBUG o.h.l.p.b.i.spaces.QuerySpacesImpl - Adding QuerySpace : uid = <gen:0> -> org.hibernate.loader.plan.build.internal.spaces.EntityQuerySpaceImpl@48a276e8]
20:27:00.713 [main] DEBUG o.h.p.w.spi.MetamodelGraphWalker - Visiting attribute path : ip
20:27:00.713 [main] DEBUG o.h.p.w.spi.MetamodelGraphWalker - Visiting attribute path : time
20:27:00.713 [main] DEBUG o.h.p.w.spi.MetamodelGraphWalker - Visiting attribute path : user
20:27:00.713 [main] DEBUG o.h.l.p.b.i.spaces.QuerySpacesImpl - Adding QuerySpace : uid = <gen:1> -> org.hibernate.loader.plan.build.internal.spaces.EntityQuerySpaceImpl@60a9d6f8]
20:27:00.713 [main] DEBUG o.h.l.p.b.i.FetchStyleLoadPlanBuildingAssociationVisitationStrategy - Building LoadPlan...
20:27:00.714 [main] DEBUG o.h.l.p.e.i.LoadQueryJoinAndFetchProcessor - processing queryspace <gen:0>
20:27:00.714 [main] DEBUG o.h.l.p.b.spi.LoadPlanTreePrinter - LoadPlan(entity=edu.ncsu.csc.itrust2.models.persistent.LoginLockout)
    - Returns
       - EntityReturnImpl(entity=edu.ncsu.csc.itrust2.models.persistent.LoginLockout, querySpaceUid=<gen:0>, path=edu.ncsu.csc.itrust2.models.persistent.LoginLockout)
          - EntityAttributeFetchImpl(entity=edu.ncsu.csc.itrust2.models.persistent.User, querySpaceUid=<gen:1>, path=edu.ncsu.csc.itrust2.models.persistent.LoginLockout.user)
    - QuerySpaces
       - EntityQuerySpaceImpl(uid=<gen:0>, entity=edu.ncsu.csc.itrust2.models.persistent.LoginLockout)
          - SQL table alias mapping - loginlocko0_
          - alias suffix - 0_
          - suffixed key columns - {id1_9_0_}

20:27:00.714 [main] DEBUG o.h.loader.entity.plan.EntityLoader - Static select for entity edu.ncsu.csc.itrust2.models.persistent.LoginLockout [UPGRADE_NOWAIT]: select loginlocko0_.id as id1_9_0_, loginlocko0_.ip as ip2_9_0_, loginlocko0_.time as time3_9_0_, loginlocko0_.user_id as user_id4_9_0_ from LoginLockouts loginlocko0_ where loginlocko0_.id=? for update
20:27:00.714 [main] DEBUG o.h.l.p.b.i.spaces.QuerySpacesImpl - Adding QuerySpace : uid = <gen:0> -> org.hibernate.loader.plan.build.internal.spaces.EntityQuerySpaceImpl@43bb19c2]
20:27:00.714 [main] DEBUG o.h.p.w.spi.MetamodelGraphWalker - Visiting attribute path : ip
20:27:00.714 [main] DEBUG o.h.p.w.spi.MetamodelGraphWalker - Visiting attribute path : time
20:27:00.714 [main] DEBUG o.h.p.w.spi.MetamodelGraphWalker - Visiting attribute path : user
20:27:00.715 [main] DEBUG o.h.l.p.b.i.spaces.QuerySpacesImpl - Adding QuerySpace : uid = <gen:1> -> org.hibernate.loader.plan.build.internal.spaces.EntityQuerySpaceImpl@4a3c6015]
20:27:00.715 [main] DEBUG o.h.l.p.b.i.FetchStyleLoadPlanBuildingAssociationVisitationStrategy - Building LoadPlan...
20:27:00.715 [main] DEBUG o.h.l.p.e.i.LoadQueryJoinAndFetchProcessor - processing queryspace <gen:0>
20:27:00.715 [main] DEBUG o.h.l.p.b.spi.LoadPlanTreePrinter - LoadPlan(entity=edu.ncsu.csc.itrust2.models.persistent.LoginLockout)
    - Returns
       - EntityReturnImpl(entity=edu.ncsu.csc.itrust2.models.persistent.LoginLockout, querySpaceUid=<gen:0>, path=edu.ncsu.csc.itrust2.models.persistent.LoginLockout)
          - EntityAttributeFetchImpl(entity=edu.ncsu.csc.itrust2.models.persistent.User, querySpaceUid=<gen:1>, path=edu.ncsu.csc.itrust2.models.persistent.LoginLockout.user)
    - QuerySpaces
       - EntityQuerySpaceImpl(uid=<gen:0>, entity=edu.ncsu.csc.itrust2.models.persistent.LoginLockout)
          - SQL table alias mapping - loginlocko0_
          - alias suffix - 0_
          - suffixed key columns - {id1_9_0_}

20:27:00.715 [main] DEBUG o.h.loader.entity.plan.EntityLoader - Static select for entity edu.ncsu.csc.itrust2.models.persistent.LoginLockout [UPGRADE_SKIPLOCKED]: select loginlocko0_.id as id1_9_0_, loginlocko0_.ip as ip2_9_0_, loginlocko0_.time as time3_9_0_, loginlocko0_.user_id as user_id4_9_0_ from LoginLockouts loginlocko0_ where loginlocko0_.id=? for update
20:27:00.715 [main] DEBUG o.h.l.p.b.i.spaces.QuerySpacesImpl - Adding QuerySpace : uid = <gen:0> -> org.hibernate.loader.plan.build.internal.spaces.EntityQuerySpaceImpl@640c71bc]
20:27:00.716 [main] DEBUG o.h.p.w.spi.MetamodelGraphWalker - Visiting attribute path : ip
20:27:00.716 [main] DEBUG o.h.p.w.spi.MetamodelGraphWalker - Visiting attribute path : time
20:27:00.716 [main] DEBUG o.h.p.w.spi.MetamodelGraphWalker - Visiting attribute path : user
20:27:00.716 [main] DEBUG o.h.l.p.b.i.spaces.QuerySpacesImpl - Adding QuerySpace : uid = <gen:1> -> org.hibernate.loader.plan.build.internal.spaces.EntityQuerySpaceImpl@4e35920b]
20:27:00.716 [main] DEBUG o.h.l.p.b.i.FetchStyleLoadPlanBuildingAssociationVisitationStrategy - Building LoadPlan...
20:27:00.716 [main] DEBUG o.h.l.p.e.i.LoadQueryJoinAndFetchProcessor - processing queryspace <gen:0>
20:27:00.716 [main] DEBUG o.h.l.p.b.spi.LoadPlanTreePrinter - LoadPlan(entity=edu.ncsu.csc.itrust2.models.persistent.LoginLockout)
    - Returns
       - EntityReturnImpl(entity=edu.ncsu.csc.itrust2.models.persistent.LoginLockout, querySpaceUid=<gen:0>, path=edu.ncsu.csc.itrust2.models.persistent.LoginLockout)
          - EntityAttributeFetchImpl(entity=edu.ncsu.csc.itrust2.models.persistent.User, querySpaceUid=<gen:1>, path=edu.ncsu.csc.itrust2.models.persistent.LoginLockout.user)
    - QuerySpaces
       - EntityQuerySpaceImpl(uid=<gen:0>, entity=edu.ncsu.csc.itrust2.models.persistent.LoginLockout)
          - SQL table alias mapping - loginlocko0_
          - alias suffix - 0_
          - suffixed key columns - {id1_9_0_}

20:27:00.717 [main] DEBUG o.h.loader.entity.plan.EntityLoader - Static select for entity edu.ncsu.csc.itrust2.models.persistent.LoginLockout [FORCE]: select loginlocko0_.id as id1_9_0_, loginlocko0_.ip as ip2_9_0_, loginlocko0_.time as time3_9_0_, loginlocko0_.user_id as user_id4_9_0_ from LoginLockouts loginlocko0_ where loginlocko0_.id=? for update
20:27:00.717 [main] DEBUG o.h.l.p.b.i.spaces.QuerySpacesImpl - Adding QuerySpace : uid = <gen:0> -> org.hibernate.loader.plan.build.internal.spaces.EntityQuerySpaceImpl@67206f10]
20:27:00.717 [main] DEBUG o.h.p.w.spi.MetamodelGraphWalker - Visiting attribute path : ip
20:27:00.717 [main] DEBUG o.h.p.w.spi.MetamodelGraphWalker - Visiting attribute path : time
20:27:00.717 [main] DEBUG o.h.p.w.spi.MetamodelGraphWalker - Visiting attribute path : user
20:27:00.717 [main] DEBUG o.h.l.p.b.i.spaces.QuerySpacesImpl - Adding QuerySpace : uid = <gen:1> -> org.hibernate.loader.plan.build.internal.spaces.EntityQuerySpaceImpl@f24a38a]
20:27:00.717 [main] DEBUG o.h.l.p.b.i.FetchStyleLoadPlanBuildingAssociationVisitationStrategy - Building LoadPlan...
20:27:00.718 [main] DEBUG o.h.l.p.e.i.LoadQueryJoinAndFetchProcessor - processing queryspace <gen:0>
20:27:00.718 [main] DEBUG o.h.l.p.b.spi.LoadPlanTreePrinter - LoadPlan(entity=edu.ncsu.csc.itrust2.models.persistent.LoginLockout)
    - Returns
       - EntityReturnImpl(entity=edu.ncsu.csc.itrust2.models.persistent.LoginLockout, querySpaceUid=<gen:0>, path=edu.ncsu.csc.itrust2.models.persistent.LoginLockout)
          - EntityAttributeFetchImpl(entity=edu.ncsu.csc.itrust2.models.persistent.User, querySpaceUid=<gen:1>, path=edu.ncsu.csc.itrust2.models.persistent.LoginLockout.user)
    - QuerySpaces
       - EntityQuerySpaceImpl(uid=<gen:0>, entity=edu.ncsu.csc.itrust2.models.persistent.LoginLockout)
          - SQL table alias mapping - loginlocko0_
          - alias suffix - 0_
          - suffixed key columns - {id1_9_0_}

20:27:00.718 [main] DEBUG o.h.loader.entity.plan.EntityLoader - Static select for entity edu.ncsu.csc.itrust2.models.persistent.LoginLockout [PESSIMISTIC_READ]: select loginlocko0_.id as id1_9_0_, loginlocko0_.ip as ip2_9_0_, loginlocko0_.time as time3_9_0_, loginlocko0_.user_id as user_id4_9_0_ from LoginLockouts loginlocko0_ where loginlocko0_.id=? lock in share mode
20:27:00.718 [main] DEBUG o.h.l.p.b.i.spaces.QuerySpacesImpl - Adding QuerySpace : uid = <gen:0> -> org.hibernate.loader.plan.build.internal.spaces.EntityQuerySpaceImpl@6d63ddaf]
20:27:00.718 [main] DEBUG o.h.p.w.spi.MetamodelGraphWalker - Visiting attribute path : ip
20:27:00.718 [main] DEBUG o.h.p.w.spi.MetamodelGraphWalker - Visiting attribute path : time
20:27:00.718 [main] DEBUG o.h.p.w.spi.MetamodelGraphWalker - Visiting attribute path : user
20:27:00.719 [main] DEBUG o.h.l.p.b.i.spaces.QuerySpacesImpl - Adding QuerySpace : uid = <gen:1> -> org.hibernate.loader.plan.build.internal.spaces.EntityQuerySpaceImpl@5a3465b5]
20:27:00.719 [main] DEBUG o.h.l.p.b.i.FetchStyleLoadPlanBuildingAssociationVisitationStrategy - Building LoadPlan...
20:27:00.719 [main] DEBUG o.h.l.p.e.i.LoadQueryJoinAndFetchProcessor - processing queryspace <gen:0>
20:27:00.719 [main] DEBUG o.h.l.p.b.spi.LoadPlanTreePrinter - LoadPlan(entity=edu.ncsu.csc.itrust2.models.persistent.LoginLockout)
    - Returns
       - EntityReturnImpl(entity=edu.ncsu.csc.itrust2.models.persistent.LoginLockout, querySpaceUid=<gen:0>, path=edu.ncsu.csc.itrust2.models.persistent.LoginLockout)
          - EntityAttributeFetchImpl(entity=edu.ncsu.csc.itrust2.models.persistent.User, querySpaceUid=<gen:1>, path=edu.ncsu.csc.itrust2.models.persistent.LoginLockout.user)
    - QuerySpaces
       - EntityQuerySpaceImpl(uid=<gen:0>, entity=edu.ncsu.csc.itrust2.models.persistent.LoginLockout)
          - SQL table alias mapping - loginlocko0_
          - alias suffix - 0_
          - suffixed key columns - {id1_9_0_}

20:27:00.719 [main] DEBUG o.h.loader.entity.plan.EntityLoader - Static select for entity edu.ncsu.csc.itrust2.models.persistent.LoginLockout [PESSIMISTIC_WRITE]: select loginlocko0_.id as id1_9_0_, loginlocko0_.ip as ip2_9_0_, loginlocko0_.time as time3_9_0_, loginlocko0_.user_id as user_id4_9_0_ from LoginLockouts loginlocko0_ where loginlocko0_.id=? for update
20:27:00.719 [main] DEBUG o.h.l.p.b.i.spaces.QuerySpacesImpl - Adding QuerySpace : uid = <gen:0> -> org.hibernate.loader.plan.build.internal.spaces.EntityQuerySpaceImpl@70a6b58a]
20:27:00.720 [main] DEBUG o.h.p.w.spi.MetamodelGraphWalker - Visiting attribute path : ip
20:27:00.720 [main] DEBUG o.h.p.w.spi.MetamodelGraphWalker - Visiting attribute path : time
20:27:00.720 [main] DEBUG o.h.p.w.spi.MetamodelGraphWalker - Visiting attribute path : user
20:27:00.720 [main] DEBUG o.h.l.p.b.i.spaces.QuerySpacesImpl - Adding QuerySpace : uid = <gen:1> -> org.hibernate.loader.plan.build.internal.spaces.EntityQuerySpaceImpl@71c97784]
20:27:00.720 [main] DEBUG o.h.l.p.b.i.FetchStyleLoadPlanBuildingAssociationVisitationStrategy - Building LoadPlan...
20:27:00.720 [main] DEBUG o.h.l.p.e.i.LoadQueryJoinAndFetchProcessor - processing queryspace <gen:0>
20:27:00.720 [main] DEBUG o.h.l.p.b.spi.LoadPlanTreePrinter - LoadPlan(entity=edu.ncsu.csc.itrust2.models.persistent.LoginLockout)
    - Returns
       - EntityReturnImpl(entity=edu.ncsu.csc.itrust2.models.persistent.LoginLockout, querySpaceUid=<gen:0>, path=edu.ncsu.csc.itrust2.models.persistent.LoginLockout)
          - EntityAttributeFetchImpl(entity=edu.ncsu.csc.itrust2.models.persistent.User, querySpaceUid=<gen:1>, path=edu.ncsu.csc.itrust2.models.persistent.LoginLockout.user)
    - QuerySpaces
       - EntityQuerySpaceImpl(uid=<gen:0>, entity=edu.ncsu.csc.itrust2.models.persistent.LoginLockout)
          - SQL table alias mapping - loginlocko0_
          - alias suffix - 0_
          - suffixed key columns - {id1_9_0_}

20:27:00.721 [main] DEBUG o.h.loader.entity.plan.EntityLoader - Static select for entity edu.ncsu.csc.itrust2.models.persistent.LoginLockout [PESSIMISTIC_FORCE_INCREMENT]: select loginlocko0_.id as id1_9_0_, loginlocko0_.ip as ip2_9_0_, loginlocko0_.time as time3_9_0_, loginlocko0_.user_id as user_id4_9_0_ from LoginLockouts loginlocko0_ where loginlocko0_.id=? for update
20:27:00.721 [main] DEBUG o.h.l.p.b.i.spaces.QuerySpacesImpl - Adding QuerySpace : uid = <gen:0> -> org.hibernate.loader.plan.build.internal.spaces.EntityQuerySpaceImpl@8a9bdc5]
20:27:00.721 [main] DEBUG o.h.p.w.spi.MetamodelGraphWalker - Visiting attribute path : ip
20:27:00.721 [main] DEBUG o.h.p.w.spi.MetamodelGraphWalker - Visiting attribute path : time
20:27:00.721 [main] DEBUG o.h.p.w.spi.MetamodelGraphWalker - Visiting attribute path : user
20:27:00.721 [main] DEBUG o.h.l.p.b.i.spaces.QuerySpacesImpl - Adding QuerySpace : uid = <gen:1> -> org.hibernate.loader.plan.build.internal.spaces.EntityQuerySpaceImpl@12e6b5a7]
20:27:00.721 [main] DEBUG o.h.l.p.b.i.FetchStyleLoadPlanBuildingAssociationVisitationStrategy - Building LoadPlan...
20:27:00.721 [main] DEBUG o.h.l.p.e.i.LoadQueryJoinAndFetchProcessor - processing queryspace <gen:0>
20:27:00.722 [main] DEBUG o.h.l.p.b.spi.LoadPlanTreePrinter - LoadPlan(entity=edu.ncsu.csc.itrust2.models.persistent.LoginLockout)
    - Returns
       - EntityReturnImpl(entity=edu.ncsu.csc.itrust2.models.persistent.LoginLockout, querySpaceUid=<gen:0>, path=edu.ncsu.csc.itrust2.models.persistent.LoginLockout)
          - EntityAttributeFetchImpl(entity=edu.ncsu.csc.itrust2.models.persistent.User, querySpaceUid=<gen:1>, path=edu.ncsu.csc.itrust2.models.persistent.LoginLockout.user)
    - QuerySpaces
       - EntityQuerySpaceImpl(uid=<gen:0>, entity=edu.ncsu.csc.itrust2.models.persistent.LoginLockout)
          - SQL table alias mapping - loginlocko0_
          - alias suffix - 0_
          - suffixed key columns - {id1_9_0_}

20:27:00.722 [main] DEBUG o.h.loader.entity.plan.EntityLoader - Static select for entity edu.ncsu.csc.itrust2.models.persistent.LoginLockout [OPTIMISTIC]: select loginlocko0_.id as id1_9_0_, loginlocko0_.ip as ip2_9_0_, loginlocko0_.time as time3_9_0_, loginlocko0_.user_id as user_id4_9_0_ from LoginLockouts loginlocko0_ where loginlocko0_.id=?
20:27:00.722 [main] DEBUG o.h.l.p.b.i.spaces.QuerySpacesImpl - Adding QuerySpace : uid = <gen:0> -> org.hibernate.loader.plan.build.internal.spaces.EntityQuerySpaceImpl@28299528]
20:27:00.722 [main] DEBUG o.h.p.w.spi.MetamodelGraphWalker - Visiting attribute path : ip
20:27:00.722 [main] DEBUG o.h.p.w.spi.MetamodelGraphWalker - Visiting attribute path : time
20:27:00.722 [main] DEBUG o.h.p.w.spi.MetamodelGraphWalker - Visiting attribute path : user
20:27:00.723 [main] DEBUG o.h.l.p.b.i.spaces.QuerySpacesImpl - Adding QuerySpace : uid = <gen:1> -> org.hibernate.loader.plan.build.internal.spaces.EntityQuerySpaceImpl@12af1fcc]
20:27:00.723 [main] DEBUG o.h.l.p.b.i.FetchStyleLoadPlanBuildingAssociationVisitationStrategy - Building LoadPlan...
20:27:00.723 [main] DEBUG o.h.l.p.e.i.LoadQueryJoinAndFetchProcessor - processing queryspace <gen:0>
20:27:00.723 [main] DEBUG o.h.l.p.b.spi.LoadPlanTreePrinter - LoadPlan(entity=edu.ncsu.csc.itrust2.models.persistent.LoginLockout)
    - Returns
       - EntityReturnImpl(entity=edu.ncsu.csc.itrust2.models.persistent.LoginLockout, querySpaceUid=<gen:0>, path=edu.ncsu.csc.itrust2.models.persistent.LoginLockout)
          - EntityAttributeFetchImpl(entity=edu.ncsu.csc.itrust2.models.persistent.User, querySpaceUid=<gen:1>, path=edu.ncsu.csc.itrust2.models.persistent.LoginLockout.user)
    - QuerySpaces
       - EntityQuerySpaceImpl(uid=<gen:0>, entity=edu.ncsu.csc.itrust2.models.persistent.LoginLockout)
          - SQL table alias mapping - loginlocko0_
          - alias suffix - 0_
          - suffixed key columns - {id1_9_0_}

20:27:00.723 [main] DEBUG o.h.loader.entity.plan.EntityLoader - Static select for entity edu.ncsu.csc.itrust2.models.persistent.LoginLockout [OPTIMISTIC_FORCE_INCREMENT]: select loginlocko0_.id as id1_9_0_, loginlocko0_.ip as ip2_9_0_, loginlocko0_.time as time3_9_0_, loginlocko0_.user_id as user_id4_9_0_ from LoginLockouts loginlocko0_ where loginlocko0_.id=?
20:27:00.724 [main] DEBUG org.hibernate.loader.Loader - Static select for action ACTION_MERGE on entity edu.ncsu.csc.itrust2.models.persistent.LoginLockout: select loginlocko0_.id as id1_9_0_, loginlocko0_.ip as ip2_9_0_, loginlocko0_.time as time3_9_0_, loginlocko0_.user_id as user_id4_9_0_ from LoginLockouts loginlocko0_ where loginlocko0_.id=?
20:27:00.724 [main] DEBUG org.hibernate.loader.Loader - Static select for action ACTION_REFRESH on entity edu.ncsu.csc.itrust2.models.persistent.LoginLockout: select loginlocko0_.id as id1_9_0_, loginlocko0_.ip as ip2_9_0_, loginlocko0_.time as time3_9_0_, loginlocko0_.user_id as user_id4_9_0_ from LoginLockouts loginlocko0_ where loginlocko0_.id=?
20:27:00.724 [main] DEBUG o.h.p.entity.AbstractEntityPersister - Static SQL for entity: edu.ncsu.csc.itrust2.models.persistent.OfficeVisit
20:27:00.724 [main] DEBUG o.h.p.entity.AbstractEntityPersister -  Version select: select id from OfficeVisits where id =?
20:27:00.725 [main] DEBUG o.h.p.entity.AbstractEntityPersister -  Snapshot select: select officevisi_.id, officevisi_.appointment_id as appointm5_10_, officevisi_.basichealthmetrics_id as basichea6_10_, officevisi_.date as date2_10_, officevisi_.hcp_id as hcp_id7_10_, officevisi_.hospital_id as hospital8_10_, officevisi_.notes as notes3_10_, officevisi_.patient_id as patient_9_10_, officevisi_.type as type4_10_ from OfficeVisits officevisi_ where officevisi_.id=?
20:27:00.725 [main] DEBUG o.h.p.entity.AbstractEntityPersister -  Insert 0: insert into OfficeVisits (appointment_id, basichealthmetrics_id, date, hcp_id, hospital_id, notes, patient_id, type, id) values (?, ?, ?, ?, ?, ?, ?, ?, ?)
20:27:00.725 [main] DEBUG o.h.p.entity.AbstractEntityPersister -  Update 0: update OfficeVisits set appointment_id=?, basichealthmetrics_id=?, date=?, hcp_id=?, hospital_id=?, notes=?, patient_id=?, type=? where id=?
20:27:00.725 [main] DEBUG o.h.p.entity.AbstractEntityPersister -  Delete 0: delete from OfficeVisits where id=?
20:27:00.725 [main] DEBUG o.h.l.p.b.i.spaces.QuerySpacesImpl - Adding QuerySpace : uid = <gen:0> -> org.hibernate.loader.plan.build.internal.spaces.EntityQuerySpaceImpl@35c3cbb3]
20:27:00.725 [main] DEBUG o.h.p.w.spi.MetamodelGraphWalker - Visiting attribute path : appointment
20:27:00.725 [main] DEBUG o.h.l.p.b.i.spaces.QuerySpacesImpl - Adding QuerySpace : uid = <gen:1> -> org.hibernate.loader.plan.build.internal.spaces.EntityQuerySpaceImpl@66a80005]
20:27:00.726 [main] DEBUG o.h.p.w.spi.MetamodelGraphWalker - Visiting attribute path : appointment.comments
20:27:00.726 [main] DEBUG o.h.p.w.spi.MetamodelGraphWalker - Visiting attribute path : appointment.date
20:27:00.726 [main] DEBUG o.h.p.w.spi.MetamodelGraphWalker - Visiting attribute path : appointment.hcp
20:27:00.726 [main] DEBUG o.h.l.p.b.i.spaces.QuerySpacesImpl - Adding QuerySpace : uid = <gen:2> -> org.hibernate.loader.plan.build.internal.spaces.EntityQuerySpaceImpl@2726fe01]
20:27:00.726 [main] DEBUG o.h.p.w.spi.MetamodelGraphWalker - Visiting attribute path : appointment.hcp.enabled
20:27:00.726 [main] DEBUG o.h.p.w.spi.MetamodelGraphWalker - Visiting attribute path : appointment.hcp.password
20:27:00.726 [main] DEBUG o.h.p.w.spi.MetamodelGraphWalker - Visiting attribute path : appointment.hcp.role
20:27:00.727 [main] DEBUG o.h.p.w.spi.MetamodelGraphWalker - Visiting attribute path : appointment.patient
20:27:00.727 [main] DEBUG o.h.l.p.b.i.spaces.QuerySpacesImpl - Adding QuerySpace : uid = <gen:3> -> org.hibernate.loader.plan.build.internal.spaces.EntityQuerySpaceImpl@6c25ab53]
20:27:00.727 [main] DEBUG o.h.p.w.spi.MetamodelGraphWalker - Visiting attribute path : appointment.patient.enabled
20:27:00.727 [main] DEBUG o.h.p.w.spi.MetamodelGraphWalker - Visiting attribute path : appointment.patient.password
20:27:00.727 [main] DEBUG o.h.p.w.spi.MetamodelGraphWalker - Visiting attribute path : appointment.patient.role
20:27:00.727 [main] DEBUG o.h.p.w.spi.MetamodelGraphWalker - Visiting attribute path : appointment.status
20:27:00.727 [main] DEBUG o.h.p.w.spi.MetamodelGraphWalker - Visiting attribute path : appointment.type
20:27:00.728 [main] DEBUG o.h.p.w.spi.MetamodelGraphWalker - Visiting attribute path : basicHealthMetrics
20:27:00.728 [main] DEBUG o.h.l.p.b.i.spaces.QuerySpacesImpl - Adding QuerySpace : uid = <gen:4> -> org.hibernate.loader.plan.build.internal.spaces.EntityQuerySpaceImpl@69f6b35f]
20:27:00.728 [main] DEBUG o.h.p.w.spi.MetamodelGraphWalker - Visiting attribute path : basicHealthMetrics.diastolic
20:27:00.728 [main] DEBUG o.h.p.w.spi.MetamodelGraphWalker - Visiting attribute path : basicHealthMetrics.hcp
20:27:00.728 [main] DEBUG o.h.l.p.b.i.spaces.QuerySpacesImpl - Adding QuerySpace : uid = <gen:5> -> org.hibernate.loader.plan.build.internal.spaces.EntityQuerySpaceImpl@3b613d1b]
20:27:00.728 [main] DEBUG o.h.p.w.spi.MetamodelGraphWalker - Visiting attribute path : basicHealthMetrics.hcp.enabled
20:27:00.728 [main] DEBUG o.h.p.w.spi.MetamodelGraphWalker - Visiting attribute path : basicHealthMetrics.hcp.password
20:27:00.728 [main] DEBUG o.h.p.w.spi.MetamodelGraphWalker - Visiting attribute path : basicHealthMetrics.hcp.role
20:27:00.728 [main] DEBUG o.h.p.w.spi.MetamodelGraphWalker - Visiting attribute path : basicHealthMetrics.hdl
20:27:00.728 [main] DEBUG o.h.p.w.spi.MetamodelGraphWalker - Visiting attribute path : basicHealthMetrics.headCircumference
20:27:00.728 [main] DEBUG o.h.p.w.spi.MetamodelGraphWalker - Visiting attribute path : basicHealthMetrics.height
20:27:00.729 [main] DEBUG o.h.p.w.spi.MetamodelGraphWalker - Visiting attribute path : basicHealthMetrics.houseSmokingStatus
20:27:00.729 [main] DEBUG o.h.p.w.spi.MetamodelGraphWalker - Visiting attribute path : basicHealthMetrics.ldl
20:27:00.729 [main] DEBUG o.h.p.w.spi.MetamodelGraphWalker - Visiting attribute path : basicHealthMetrics.patient
20:27:00.729 [main] DEBUG o.h.l.p.b.i.spaces.QuerySpacesImpl - Adding QuerySpace : uid = <gen:6> -> org.hibernate.loader.plan.build.internal.spaces.EntityQuerySpaceImpl@1af83dc8]
20:27:00.729 [main] DEBUG o.h.p.w.spi.MetamodelGraphWalker - Visiting attribute path : basicHealthMetrics.patient.enabled
20:27:00.729 [main] DEBUG o.h.p.w.spi.MetamodelGraphWalker - Visiting attribute path : basicHealthMetrics.patient.password
20:27:00.729 [main] DEBUG o.h.p.w.spi.MetamodelGraphWalker - Visiting attribute path : basicHealthMetrics.patient.role
20:27:00.729 [main] DEBUG o.h.p.w.spi.MetamodelGraphWalker - Visiting attribute path : basicHealthMetrics.patientSmokingStatus
20:27:00.729 [main] DEBUG o.h.p.w.spi.MetamodelGraphWalker - Visiting attribute path : basicHealthMetrics.systolic
20:27:00.729 [main] DEBUG o.h.p.w.spi.MetamodelGraphWalker - Visiting attribute path : basicHealthMetrics.tri
20:27:00.729 [main] DEBUG o.h.p.w.spi.MetamodelGraphWalker - Visiting attribute path : basicHealthMetrics.weight
20:27:00.730 [main] DEBUG o.h.p.w.spi.MetamodelGraphWalker - Visiting attribute path : date
20:27:00.730 [main] DEBUG o.h.p.w.spi.MetamodelGraphWalker - Visiting attribute path : hcp
20:27:00.730 [main] DEBUG o.h.l.p.b.i.spaces.QuerySpacesImpl - Adding QuerySpace : uid = <gen:7> -> org.hibernate.loader.plan.build.internal.spaces.EntityQuerySpaceImpl@296c11dd]
20:27:00.730 [main] DEBUG o.h.p.w.spi.MetamodelGraphWalker - Visiting attribute path : hcp.enabled
20:27:00.730 [main] DEBUG o.h.p.w.spi.MetamodelGraphWalker - Visiting attribute path : hcp.password
20:27:00.730 [main] DEBUG o.h.p.w.spi.MetamodelGraphWalker - Visiting attribute path : hcp.role
20:27:00.730 [main] DEBUG o.h.p.w.spi.MetamodelGraphWalker - Visiting attribute path : hospital
20:27:00.730 [main] DEBUG o.h.l.p.b.i.spaces.QuerySpacesImpl - Adding QuerySpace : uid = <gen:8> -> org.hibernate.loader.plan.build.internal.spaces.EntityQuerySpaceImpl@747f980c]
20:27:00.730 [main] DEBUG o.h.p.w.spi.MetamodelGraphWalker - Visiting attribute path : hospital.address
20:27:00.730 [main] DEBUG o.h.p.w.spi.MetamodelGraphWalker - Visiting attribute path : hospital.state
20:27:00.731 [main] DEBUG o.h.p.w.spi.MetamodelGraphWalker - Visiting attribute path : hospital.zip
20:27:00.731 [main] DEBUG o.h.p.w.spi.MetamodelGraphWalker - Visiting attribute path : notes
20:27:00.731 [main] DEBUG o.h.p.w.spi.MetamodelGraphWalker - Visiting attribute path : patient
20:27:00.731 [main] DEBUG o.h.l.p.b.i.spaces.QuerySpacesImpl - Adding QuerySpace : uid = <gen:9> -> org.hibernate.loader.plan.build.internal.spaces.EntityQuerySpaceImpl@1dd184c7]
20:27:00.731 [main] DEBUG o.h.p.w.spi.MetamodelGraphWalker - Visiting attribute path : patient.enabled
20:27:00.731 [main] DEBUG o.h.p.w.spi.MetamodelGraphWalker - Visiting attribute path : patient.password
20:27:00.731 [main] DEBUG o.h.p.w.spi.MetamodelGraphWalker - Visiting attribute path : patient.role
20:27:00.731 [main] DEBUG o.h.p.w.spi.MetamodelGraphWalker - Visiting attribute path : prescriptions
20:27:00.733 [main] DEBUG o.h.l.p.b.i.spaces.QuerySpacesImpl - Adding QuerySpace : uid = <gen:10> -> org.hibernate.loader.plan.build.internal.spaces.CollectionQuerySpaceImpl@62930e9d]
20:27:00.736 [main] DEBUG o.h.l.p.b.i.spaces.QuerySpacesImpl - Adding QuerySpace : uid = <gen:11> -> org.hibernate.loader.plan.build.internal.spaces.EntityQuerySpaceImpl@b8fbcad]
20:27:00.738 [main] DEBUG o.h.p.w.spi.MetamodelGraphWalker - Visiting attribute path : prescriptions.dosage
20:27:00.738 [main] DEBUG o.h.p.w.spi.MetamodelGraphWalker - Visiting attribute path : prescriptions.drug
20:27:00.738 [main] DEBUG o.h.l.p.b.i.spaces.QuerySpacesImpl - Adding QuerySpace : uid = <gen:12> -> org.hibernate.loader.plan.build.internal.spaces.EntityQuerySpaceImpl@19778839]
20:27:00.738 [main] DEBUG o.h.p.w.spi.MetamodelGraphWalker - Visiting attribute path : prescriptions.drug.code
20:27:00.738 [main] DEBUG o.h.p.w.spi.MetamodelGraphWalker - Visiting attribute path : prescriptions.drug.description
20:27:00.738 [main] DEBUG o.h.p.w.spi.MetamodelGraphWalker - Visiting attribute path : prescriptions.drug.name
20:27:00.739 [main] DEBUG o.h.p.w.spi.MetamodelGraphWalker - Visiting attribute path : prescriptions.endDate
20:27:00.739 [main] DEBUG o.h.p.w.spi.MetamodelGraphWalker - Visiting attribute path : prescriptions.patient
20:27:00.739 [main] DEBUG o.h.l.p.b.i.spaces.QuerySpacesImpl - Adding QuerySpace : uid = <gen:13> -> org.hibernate.loader.plan.build.internal.spaces.EntityQuerySpaceImpl@5dfc5904]
20:27:00.739 [main] DEBUG o.h.p.w.spi.MetamodelGraphWalker - Visiting attribute path : prescriptions.patient.enabled
20:27:00.739 [main] DEBUG o.h.p.w.spi.MetamodelGraphWalker - Visiting attribute path : prescriptions.patient.password
20:27:00.739 [main] DEBUG o.h.p.w.spi.MetamodelGraphWalker - Visiting attribute path : prescriptions.patient.role
20:27:00.739 [main] DEBUG o.h.p.w.spi.MetamodelGraphWalker - Visiting attribute path : prescriptions.renewals
20:27:00.739 [main] DEBUG o.h.p.w.spi.MetamodelGraphWalker - Visiting attribute path : prescriptions.startDate
20:27:00.740 [main] DEBUG o.h.p.w.spi.MetamodelGraphWalker - Visiting attribute path : type
20:27:00.740 [main] DEBUG o.h.l.p.b.i.FetchStyleLoadPlanBuildingAssociationVisitationStrategy - Building LoadPlan...
20:27:00.740 [main] DEBUG o.h.l.p.e.i.LoadQueryJoinAndFetchProcessor - processing queryspace <gen:0>
20:27:00.745 [main] DEBUG o.h.l.p.b.spi.LoadPlanTreePrinter - LoadPlan(entity=edu.ncsu.csc.itrust2.models.persistent.OfficeVisit)
    - Returns
       - EntityReturnImpl(entity=edu.ncsu.csc.itrust2.models.persistent.OfficeVisit, querySpaceUid=<gen:0>, path=edu.ncsu.csc.itrust2.models.persistent.OfficeVisit)
          - EntityAttributeFetchImpl(entity=edu.ncsu.csc.itrust2.models.persistent.AppointmentRequest, querySpaceUid=<gen:1>, path=edu.ncsu.csc.itrust2.models.persistent.OfficeVisit.appointment)
             - EntityAttributeFetchImpl(entity=edu.ncsu.csc.itrust2.models.persistent.User, querySpaceUid=<gen:2>, path=edu.ncsu.csc.itrust2.models.persistent.OfficeVisit.appointment.hcp)
             - EntityAttributeFetchImpl(entity=edu.ncsu.csc.itrust2.models.persistent.User, querySpaceUid=<gen:3>, path=edu.ncsu.csc.itrust2.models.persistent.OfficeVisit.appointment.patient)
          - EntityAttributeFetchImpl(entity=edu.ncsu.csc.itrust2.models.persistent.BasicHealthMetrics, querySpaceUid=<gen:4>, path=edu.ncsu.csc.itrust2.models.persistent.OfficeVisit.basicHealthMetrics)
             - EntityAttributeFetchImpl(entity=edu.ncsu.csc.itrust2.models.persistent.User, querySpaceUid=<gen:5>, path=edu.ncsu.csc.itrust2.models.persistent.OfficeVisit.basicHealthMetrics.hcp)
             - EntityAttributeFetchImpl(entity=edu.ncsu.csc.itrust2.models.persistent.User, querySpaceUid=<gen:6>, path=edu.ncsu.csc.itrust2.models.persistent.OfficeVisit.basicHealthMetrics.patient)
          - EntityAttributeFetchImpl(entity=edu.ncsu.csc.itrust2.models.persistent.User, querySpaceUid=<gen:7>, path=edu.ncsu.csc.itrust2.models.persistent.OfficeVisit.hcp)
          - EntityAttributeFetchImpl(entity=edu.ncsu.csc.itrust2.models.persistent.Hospital, querySpaceUid=<gen:8>, path=edu.ncsu.csc.itrust2.models.persistent.OfficeVisit.hospital)
          - EntityAttributeFetchImpl(entity=edu.ncsu.csc.itrust2.models.persistent.User, querySpaceUid=<gen:9>, path=edu.ncsu.csc.itrust2.models.persistent.OfficeVisit.patient)
          - CollectionAttributeFetchImpl(collection=edu.ncsu.csc.itrust2.models.persistent.OfficeVisit.prescriptions, querySpaceUid=<gen:10>, path=edu.ncsu.csc.itrust2.models.persistent.OfficeVisit.prescriptions)
             - (collection element) CollectionFetchableElementEntityGraph(entity=edu.ncsu.csc.itrust2.models.persistent.Prescription, querySpaceUid=<gen:11>, path=edu.ncsu.csc.itrust2.models.persistent.OfficeVisit.prescriptions.<elements>)
                - EntityAttributeFetchImpl(entity=edu.ncsu.csc.itrust2.models.persistent.Drug, querySpaceUid=<gen:12>, path=edu.ncsu.csc.itrust2.models.persistent.OfficeVisit.prescriptions.<elements>.drug)
                - EntityAttributeFetchImpl(entity=edu.ncsu.csc.itrust2.models.persistent.User, querySpaceUid=<gen:13>, path=edu.ncsu.csc.itrust2.models.persistent.OfficeVisit.prescriptions.<elements>.patient)
    - QuerySpaces
       - EntityQuerySpaceImpl(uid=<gen:0>, entity=edu.ncsu.csc.itrust2.models.persistent.OfficeVisit)
          - SQL table alias mapping - officevisi0_
          - alias suffix - 0_
          - suffixed key columns - {id1_10_0_}
          - JOIN (JoinDefinedByMetadata(appointment)) : <gen:0> -> <gen:1>
             - EntityQuerySpaceImpl(uid=<gen:1>, entity=edu.ncsu.csc.itrust2.models.persistent.AppointmentRequest)
                - SQL table alias mapping - appointmen1_
                - alias suffix - 1_
                - suffixed key columns - {id1_0_1_}
                - JOIN (JoinDefinedByMetadata(hcp)) : <gen:1> -> <gen:2>
                   - EntityQuerySpaceImpl(uid=<gen:2>, entity=edu.ncsu.csc.itrust2.models.persistent.User)
                      - SQL table alias mapping - user2_
                      - alias suffix - 2_
                      - suffixed key columns - {username1_15_2_}
                - JOIN (JoinDefinedByMetadata(patient)) : <gen:1> -> <gen:3>
                   - EntityQuerySpaceImpl(uid=<gen:3>, entity=edu.ncsu.csc.itrust2.models.persistent.User)
                      - SQL table alias mapping - user3_
                      - alias suffix - 3_
                      - suffixed key columns - {username1_15_3_}
          - JOIN (JoinDefinedByMetadata(basicHealthMetrics)) : <gen:0> -> <gen:4>
             - EntityQuerySpaceImpl(uid=<gen:4>, entity=edu.ncsu.csc.itrust2.models.persistent.BasicHealthMetrics)
                - SQL table alias mapping - basichealt4_
                - alias suffix - 4_
                - suffixed key columns - {id1_1_4_}
                - JOIN (JoinDefinedByMetadata(hcp)) : <gen:4> -> <gen:5>
                   - EntityQuerySpaceImpl(uid=<gen:5>, entity=edu.ncsu.csc.itrust2.models.persistent.User)
                      - SQL table alias mapping - user5_
                      - alias suffix - 5_
                      - suffixed key columns - {username1_15_5_}
                - JOIN (JoinDefinedByMetadata(patient)) : <gen:4> -> <gen:6>
                   - EntityQuerySpaceImpl(uid=<gen:6>, entity=edu.ncsu.csc.itrust2.models.persistent.User)
                      - SQL table alias mapping - user6_
                      - alias suffix - 6_
                      - suffixed key columns - {username1_15_6_}
          - JOIN (JoinDefinedByMetadata(hcp)) : <gen:0> -> <gen:7>
             - EntityQuerySpaceImpl(uid=<gen:7>, entity=edu.ncsu.csc.itrust2.models.persistent.User)
                - SQL table alias mapping - user7_
                - alias suffix - 7_
                - suffixed key columns - {username1_15_7_}
          - JOIN (JoinDefinedByMetadata(hospital)) : <gen:0> -> <gen:8>
             - EntityQuerySpaceImpl(uid=<gen:8>, entity=edu.ncsu.csc.itrust2.models.persistent.Hospital)
                - SQL table alias mapping - hospital8_
                - alias suffix - 8_
                - suffixed key columns - {name1_4_8_}
          - JOIN (JoinDefinedByMetadata(patient)) : <gen:0> -> <gen:9>
             - EntityQuerySpaceImpl(uid=<gen:9>, entity=edu.ncsu.csc.itrust2.models.persistent.User)
                - SQL table alias mapping - user9_
                - alias suffix - 9_
                - suffixed key columns - {username1_15_9_}
          - JOIN (JoinDefinedByMetadata(prescriptions)) : <gen:0> -> <gen:10>
             - CollectionQuerySpaceImpl(uid=<gen:10>, collection=edu.ncsu.csc.itrust2.models.persistent.OfficeVisit.prescriptions)
                - SQL table alias mapping - prescripti10_
                - alias suffix - 10_
                - suffixed key columns - {prescrip8_14_10_}
                - entity-element alias suffix - 11_
                - 11_entity-element suffixed key columns - id1_14_11_
                - JOIN (JoinDefinedByMetadata(elements)) : <gen:10> -> <gen:11>
                   - EntityQuerySpaceImpl(uid=<gen:11>, entity=edu.ncsu.csc.itrust2.models.persistent.Prescription)
                      - SQL table alias mapping - prescripti10_
                      - alias suffix - 11_
                      - suffixed key columns - {id1_14_11_}
                      - JOIN (JoinDefinedByMetadata(drug)) : <gen:11> -> <gen:12>
                         - EntityQuerySpaceImpl(uid=<gen:12>, entity=edu.ncsu.csc.itrust2.models.persistent.Drug)
                            - SQL table alias mapping - drug11_
                            - alias suffix - 12_
                            - suffixed key columns - {id1_3_12_}
                      - JOIN (JoinDefinedByMetadata(patient)) : <gen:11> -> <gen:13>
                         - EntityQuerySpaceImpl(uid=<gen:13>, entity=edu.ncsu.csc.itrust2.models.persistent.User)
                            - SQL table alias mapping - user12_
                            - alias suffix - 13_
                            - suffixed key columns - {username1_15_13_}

20:27:00.745 [main] DEBUG o.h.loader.entity.plan.EntityLoader - Static select for entity edu.ncsu.csc.itrust2.models.persistent.OfficeVisit [NONE]: select officevisi0_.id as id1_10_0_, officevisi0_.appointment_id as appointm5_10_0_, officevisi0_.basichealthmetrics_id as basichea6_10_0_, officevisi0_.date as date2_10_0_, officevisi0_.hcp_id as hcp_id7_10_0_, officevisi0_.hospital_id as hospital8_10_0_, officevisi0_.notes as notes3_10_0_, officevisi0_.patient_id as patient_9_10_0_, officevisi0_.type as type4_10_0_, appointmen1_.id as id1_0_1_, appointmen1_.comments as comments2_0_1_, appointmen1_.date as date3_0_1_, appointmen1_.hcp_id as hcp_id6_0_1_, appointmen1_.patient_id as patient_7_0_1_, appointmen1_.status as status4_0_1_, appointmen1_.type as type5_0_1_, user2_.username as username1_15_2_, user2_.enabled as enabled2_15_2_, user2_.password as password3_15_2_, user2_.role as role4_15_2_, user3_.username as username1_15_3_, user3_.enabled as enabled2_15_3_, user3_.password as password3_15_3_, user3_.role as role4_15_3_, basichealt4_.id as id1_1_4_, basichealt4_.diastolic as diastoli2_1_4_, basichealt4_.hcp_id as hcp_id12_1_4_, basichealt4_.hdl as hdl3_1_4_, basichealt4_.headCircumference as headCirc4_1_4_, basichealt4_.height as height5_1_4_, basichealt4_.houseSmokingStatus as houseSmo6_1_4_, basichealt4_.ldl as ldl7_1_4_, basichealt4_.patient_id as patient13_1_4_, basichealt4_.patientSmokingStatus as patientS8_1_4_, basichealt4_.systolic as systolic9_1_4_, basichealt4_.tri as tri10_1_4_, basichealt4_.weight as weight11_1_4_, user5_.username as username1_15_5_, user5_.enabled as enabled2_15_5_, user5_.password as password3_15_5_, user5_.role as role4_15_5_, user6_.username as username1_15_6_, user6_.enabled as enabled2_15_6_, user6_.password as password3_15_6_, user6_.role as role4_15_6_, user7_.username as username1_15_7_, user7_.enabled as enabled2_15_7_, user7_.password as password3_15_7_, user7_.role as role4_15_7_, hospital8_.name as name1_4_8_, hospital8_.address as address2_4_8_, hospital8_.state as state3_4_8_, hospital8_.zip as zip4_4_8_, user9_.username as username1_15_9_, user9_.enabled as enabled2_15_9_, user9_.password as password3_15_9_, user9_.role as role4_15_9_, prescripti10_.prescriptions_id as prescrip8_14_10_, prescripti10_.id as id1_14_10_, prescripti10_.id as id1_14_11_, prescripti10_.dosage as dosage2_14_11_, prescripti10_.drug_id as drug_id6_14_11_, prescripti10_.endDate as endDate3_14_11_, prescripti10_.patient_id as patient_7_14_11_, prescripti10_.renewals as renewals4_14_11_, prescripti10_.startDate as startDat5_14_11_, drug11_.id as id1_3_12_, drug11_.code as code2_3_12_, drug11_.description as descript3_3_12_, drug11_.name as name4_3_12_, user12_.username as username1_15_13_, user12_.enabled as enabled2_15_13_, user12_.password as password3_15_13_, user12_.role as role4_15_13_ from OfficeVisits officevisi0_ left outer join AppointmentRequests appointmen1_ on officevisi0_.appointment_id=appointmen1_.id left outer join Users user2_ on appointmen1_.hcp_id=user2_.username left outer join Users user3_ on appointmen1_.patient_id=user3_.username left outer join BasicHealthMetrics basichealt4_ on officevisi0_.basichealthmetrics_id=basichealt4_.id left outer join Users user5_ on basichealt4_.hcp_id=user5_.username left outer join Users user6_ on basichealt4_.patient_id=user6_.username inner join Users user7_ on officevisi0_.hcp_id=user7_.username inner join Hospitals hospital8_ on officevisi0_.hospital_id=hospital8_.name inner join Users user9_ on officevisi0_.patient_id=user9_.username left outer join Prescriptions prescripti10_ on officevisi0_.id=prescripti10_.prescriptions_id left outer join Drugs drug11_ on prescripti10_.drug_id=drug11_.id left outer join Users user12_ on prescripti10_.patient_id=user12_.username where officevisi0_.id=?
20:27:00.746 [main] DEBUG o.h.l.p.b.i.spaces.QuerySpacesImpl - Adding QuerySpace : uid = <gen:0> -> org.hibernate.loader.plan.build.internal.spaces.EntityQuerySpaceImpl@211a8f9d]
20:27:00.746 [main] DEBUG o.h.p.w.spi.MetamodelGraphWalker - Visiting attribute path : appointment
20:27:00.746 [main] DEBUG o.h.l.p.b.i.spaces.QuerySpacesImpl - Adding QuerySpace : uid = <gen:1> -> org.hibernate.loader.plan.build.internal.spaces.EntityQuerySpaceImpl@42d84209]
20:27:00.746 [main] DEBUG o.h.p.w.spi.MetamodelGraphWalker - Visiting attribute path : appointment.comments
20:27:00.746 [main] DEBUG o.h.p.w.spi.MetamodelGraphWalker - Visiting attribute path : appointment.date
20:27:00.746 [main] DEBUG o.h.p.w.spi.MetamodelGraphWalker - Visiting attribute path : appointment.hcp
20:27:00.746 [main] DEBUG o.h.l.p.b.i.spaces.QuerySpacesImpl - Adding QuerySpace : uid = <gen:2> -> org.hibernate.loader.plan.build.internal.spaces.EntityQuerySpaceImpl@5181714a]
20:27:00.746 [main] DEBUG o.h.p.w.spi.MetamodelGraphWalker - Visiting attribute path : appointment.hcp.enabled
20:27:00.746 [main] DEBUG o.h.p.w.spi.MetamodelGraphWalker - Visiting attribute path : appointment.hcp.password
20:27:00.747 [main] DEBUG o.h.p.w.spi.MetamodelGraphWalker - Visiting attribute path : appointment.hcp.role
20:27:00.747 [main] DEBUG o.h.p.w.spi.MetamodelGraphWalker - Visiting attribute path : appointment.patient
20:27:00.747 [main] DEBUG o.h.l.p.b.i.spaces.QuerySpacesImpl - Adding QuerySpace : uid = <gen:3> -> org.hibernate.loader.plan.build.internal.spaces.EntityQuerySpaceImpl@79dc9cd6]
20:27:00.747 [main] DEBUG o.h.p.w.spi.MetamodelGraphWalker - Visiting attribute path : appointment.patient.enabled
20:27:00.747 [main] DEBUG o.h.p.w.spi.MetamodelGraphWalker - Visiting attribute path : appointment.patient.password
20:27:00.747 [main] DEBUG o.h.p.w.spi.MetamodelGraphWalker - Visiting attribute path : appointment.patient.role
20:27:00.747 [main] DEBUG o.h.p.w.spi.MetamodelGraphWalker - Visiting attribute path : appointment.status
20:27:00.747 [main] DEBUG o.h.p.w.spi.MetamodelGraphWalker - Visiting attribute path : appointment.type
20:27:00.747 [main] DEBUG o.h.p.w.spi.MetamodelGraphWalker - Visiting attribute path : basicHealthMetrics
20:27:00.747 [main] DEBUG o.h.l.p.b.i.spaces.QuerySpacesImpl - Adding QuerySpace : uid = <gen:4> -> org.hibernate.loader.plan.build.internal.spaces.EntityQuerySpaceImpl@1489779b]
20:27:00.747 [main] DEBUG o.h.p.w.spi.MetamodelGraphWalker - Visiting attribute path : basicHealthMetrics.diastolic
20:27:00.747 [main] DEBUG o.h.p.w.spi.MetamodelGraphWalker - Visiting attribute path : basicHealthMetrics.hcp
20:27:00.747 [main] DEBUG o.h.l.p.b.i.spaces.QuerySpacesImpl - Adding QuerySpace : uid = <gen:5> -> org.hibernate.loader.plan.build.internal.spaces.EntityQuerySpaceImpl@52ee8887]
20:27:00.747 [main] DEBUG o.h.p.w.spi.MetamodelGraphWalker - Visiting attribute path : basicHealthMetrics.hcp.enabled
20:27:00.747 [main] DEBUG o.h.p.w.spi.MetamodelGraphWalker - Visiting attribute path : basicHealthMetrics.hcp.password
20:27:00.747 [main] DEBUG o.h.p.w.spi.MetamodelGraphWalker - Visiting attribute path : basicHealthMetrics.hcp.role
20:27:00.747 [main] DEBUG o.h.p.w.spi.MetamodelGraphWalker - Visiting attribute path : basicHealthMetrics.hdl
20:27:00.747 [main] DEBUG o.h.p.w.spi.MetamodelGraphWalker - Visiting attribute path : basicHealthMetrics.headCircumference
20:27:00.747 [main] DEBUG o.h.p.w.spi.MetamodelGraphWalker - Visiting attribute path : basicHealthMetrics.height
20:27:00.747 [main] DEBUG o.h.p.w.spi.MetamodelGraphWalker - Visiting attribute path : basicHealthMetrics.houseSmokingStatus
20:27:00.747 [main] DEBUG o.h.p.w.spi.MetamodelGraphWalker - Visiting attribute path : basicHealthMetrics.ldl
20:27:00.747 [main] DEBUG o.h.p.w.spi.MetamodelGraphWalker - Visiting attribute path : basicHealthMetrics.patient
20:27:00.747 [main] DEBUG o.h.l.p.b.i.spaces.QuerySpacesImpl - Adding QuerySpace : uid = <gen:6> -> org.hibernate.loader.plan.build.internal.spaces.EntityQuerySpaceImpl@171760a]
20:27:00.748 [main] DEBUG o.h.p.w.spi.MetamodelGraphWalker - Visiting attribute path : basicHealthMetrics.patient.enabled
20:27:00.748 [main] DEBUG o.h.p.w.spi.MetamodelGraphWalker - Visiting attribute path : basicHealthMetrics.patient.password
20:27:00.748 [main] DEBUG o.h.p.w.spi.MetamodelGraphWalker - Visiting attribute path : basicHealthMetrics.patient.role
20:27:00.748 [main] DEBUG o.h.p.w.spi.MetamodelGraphWalker - Visiting attribute path : basicHealthMetrics.patientSmokingStatus
20:27:00.748 [main] DEBUG o.h.p.w.spi.MetamodelGraphWalker - Visiting attribute path : basicHealthMetrics.systolic
20:27:00.748 [main] DEBUG o.h.p.w.spi.MetamodelGraphWalker - Visiting attribute path : basicHealthMetrics.tri
20:27:00.748 [main] DEBUG o.h.p.w.spi.MetamodelGraphWalker - Visiting attribute path : basicHealthMetrics.weight
20:27:00.748 [main] DEBUG o.h.p.w.spi.MetamodelGraphWalker - Visiting attribute path : date
20:27:00.748 [main] DEBUG o.h.p.w.spi.MetamodelGraphWalker - Visiting attribute path : hcp
20:27:00.748 [main] DEBUG o.h.l.p.b.i.spaces.QuerySpacesImpl - Adding QuerySpace : uid = <gen:7> -> org.hibernate.loader.plan.build.internal.spaces.EntityQuerySpaceImpl@248baee0]
20:27:00.748 [main] DEBUG o.h.p.w.spi.MetamodelGraphWalker - Visiting attribute path : hcp.enabled
20:27:00.748 [main] DEBUG o.h.p.w.spi.MetamodelGraphWalker - Visiting attribute path : hcp.password
20:27:00.748 [main] DEBUG o.h.p.w.spi.MetamodelGraphWalker - Visiting attribute path : hcp.role
20:27:00.748 [main] DEBUG o.h.p.w.spi.MetamodelGraphWalker - Visiting attribute path : hospital
20:27:00.748 [main] DEBUG o.h.l.p.b.i.spaces.QuerySpacesImpl - Adding QuerySpace : uid = <gen:8> -> org.hibernate.loader.plan.build.internal.spaces.EntityQuerySpaceImpl@2f65720a]
20:27:00.748 [main] DEBUG o.h.p.w.spi.MetamodelGraphWalker - Visiting attribute path : hospital.address
20:27:00.748 [main] DEBUG o.h.p.w.spi.MetamodelGraphWalker - Visiting attribute path : hospital.state
20:27:00.748 [main] DEBUG o.h.p.w.spi.MetamodelGraphWalker - Visiting attribute path : hospital.zip
20:27:00.748 [main] DEBUG o.h.p.w.spi.MetamodelGraphWalker - Visiting attribute path : notes
20:27:00.748 [main] DEBUG o.h.p.w.spi.MetamodelGraphWalker - Visiting attribute path : patient
20:27:00.748 [main] DEBUG o.h.l.p.b.i.spaces.QuerySpacesImpl - Adding QuerySpace : uid = <gen:9> -> org.hibernate.loader.plan.build.internal.spaces.EntityQuerySpaceImpl@697c88ac]
20:27:00.748 [main] DEBUG o.h.p.w.spi.MetamodelGraphWalker - Visiting attribute path : patient.enabled
20:27:00.748 [main] DEBUG o.h.p.w.spi.MetamodelGraphWalker - Visiting attribute path : patient.password
20:27:00.748 [main] DEBUG o.h.p.w.spi.MetamodelGraphWalker - Visiting attribute path : patient.role
20:27:00.748 [main] DEBUG o.h.p.w.spi.MetamodelGraphWalker - Visiting attribute path : prescriptions
20:27:00.748 [main] DEBUG o.h.l.p.b.i.spaces.QuerySpacesImpl - Adding QuerySpace : uid = <gen:10> -> org.hibernate.loader.plan.build.internal.spaces.CollectionQuerySpaceImpl@3cfe7eb0]
20:27:00.748 [main] DEBUG o.h.l.p.b.i.spaces.QuerySpacesImpl - Adding QuerySpace : uid = <gen:11> -> org.hibernate.loader.plan.build.internal.spaces.EntityQuerySpaceImpl@629ef762]
20:27:00.749 [main] DEBUG o.h.p.w.spi.MetamodelGraphWalker - Visiting attribute path : prescriptions.dosage
20:27:00.749 [main] DEBUG o.h.p.w.spi.MetamodelGraphWalker - Visiting attribute path : prescriptions.drug
20:27:00.749 [main] DEBUG o.h.l.p.b.i.spaces.QuerySpacesImpl - Adding QuerySpace : uid = <gen:12> -> org.hibernate.loader.plan.build.internal.spaces.EntityQuerySpaceImpl@65d0dae3]
20:27:00.749 [main] DEBUG o.h.p.w.spi.MetamodelGraphWalker - Visiting attribute path : prescriptions.drug.code
20:27:00.749 [main] DEBUG o.h.p.w.spi.MetamodelGraphWalker - Visiting attribute path : prescriptions.drug.description
20:27:00.749 [main] DEBUG o.h.p.w.spi.MetamodelGraphWalker - Visiting attribute path : prescriptions.drug.name
20:27:00.749 [main] DEBUG o.h.p.w.spi.MetamodelGraphWalker - Visiting attribute path : prescriptions.endDate
20:27:00.749 [main] DEBUG o.h.p.w.spi.MetamodelGraphWalker - Visiting attribute path : prescriptions.patient
20:27:00.749 [main] DEBUG o.h.l.p.b.i.spaces.QuerySpacesImpl - Adding QuerySpace : uid = <gen:13> -> org.hibernate.loader.plan.build.internal.spaces.EntityQuerySpaceImpl@4e277127]
20:27:00.749 [main] DEBUG o.h.p.w.spi.MetamodelGraphWalker - Visiting attribute path : prescriptions.patient.enabled
20:27:00.749 [main] DEBUG o.h.p.w.spi.MetamodelGraphWalker - Visiting attribute path : prescriptions.patient.password
20:27:00.749 [main] DEBUG o.h.p.w.spi.MetamodelGraphWalker - Visiting attribute path : prescriptions.patient.role
20:27:00.749 [main] DEBUG o.h.p.w.spi.MetamodelGraphWalker - Visiting attribute path : prescriptions.renewals
20:27:00.749 [main] DEBUG o.h.p.w.spi.MetamodelGraphWalker - Visiting attribute path : prescriptions.startDate
20:27:00.749 [main] DEBUG o.h.p.w.spi.MetamodelGraphWalker - Visiting attribute path : type
20:27:00.749 [main] DEBUG o.h.l.p.b.i.FetchStyleLoadPlanBuildingAssociationVisitationStrategy - Building LoadPlan...
20:27:00.749 [main] DEBUG o.h.l.p.e.i.LoadQueryJoinAndFetchProcessor - processing queryspace <gen:0>
20:27:00.752 [main] DEBUG o.h.l.p.b.spi.LoadPlanTreePrinter - LoadPlan(entity=edu.ncsu.csc.itrust2.models.persistent.OfficeVisit)
    - Returns
       - EntityReturnImpl(entity=edu.ncsu.csc.itrust2.models.persistent.OfficeVisit, querySpaceUid=<gen:0>, path=edu.ncsu.csc.itrust2.models.persistent.OfficeVisit)
          - EntityAttributeFetchImpl(entity=edu.ncsu.csc.itrust2.models.persistent.AppointmentRequest, querySpaceUid=<gen:1>, path=edu.ncsu.csc.itrust2.models.persistent.OfficeVisit.appointment)
             - EntityAttributeFetchImpl(entity=edu.ncsu.csc.itrust2.models.persistent.User, querySpaceUid=<gen:2>, path=edu.ncsu.csc.itrust2.models.persistent.OfficeVisit.appointment.hcp)
             - EntityAttributeFetchImpl(entity=edu.ncsu.csc.itrust2.models.persistent.User, querySpaceUid=<gen:3>, path=edu.ncsu.csc.itrust2.models.persistent.OfficeVisit.appointment.patient)
          - EntityAttributeFetchImpl(entity=edu.ncsu.csc.itrust2.models.persistent.BasicHealthMetrics, querySpaceUid=<gen:4>, path=edu.ncsu.csc.itrust2.models.persistent.OfficeVisit.basicHealthMetrics)
             - EntityAttributeFetchImpl(entity=edu.ncsu.csc.itrust2.models.persistent.User, querySpaceUid=<gen:5>, path=edu.ncsu.csc.itrust2.models.persistent.OfficeVisit.basicHealthMetrics.hcp)
             - EntityAttributeFetchImpl(entity=edu.ncsu.csc.itrust2.models.persistent.User, querySpaceUid=<gen:6>, path=edu.ncsu.csc.itrust2.models.persistent.OfficeVisit.basicHealthMetrics.patient)
          - EntityAttributeFetchImpl(entity=edu.ncsu.csc.itrust2.models.persistent.User, querySpaceUid=<gen:7>, path=edu.ncsu.csc.itrust2.models.persistent.OfficeVisit.hcp)
          - EntityAttributeFetchImpl(entity=edu.ncsu.csc.itrust2.models.persistent.Hospital, querySpaceUid=<gen:8>, path=edu.ncsu.csc.itrust2.models.persistent.OfficeVisit.hospital)
          - EntityAttributeFetchImpl(entity=edu.ncsu.csc.itrust2.models.persistent.User, querySpaceUid=<gen:9>, path=edu.ncsu.csc.itrust2.models.persistent.OfficeVisit.patient)
          - CollectionAttributeFetchImpl(collection=edu.ncsu.csc.itrust2.models.persistent.OfficeVisit.prescriptions, querySpaceUid=<gen:10>, path=edu.ncsu.csc.itrust2.models.persistent.OfficeVisit.prescriptions)
             - (collection element) CollectionFetchableElementEntityGraph(entity=edu.ncsu.csc.itrust2.models.persistent.Prescription, querySpaceUid=<gen:11>, path=edu.ncsu.csc.itrust2.models.persistent.OfficeVisit.prescriptions.<elements>)
                - EntityAttributeFetchImpl(entity=edu.ncsu.csc.itrust2.models.persistent.Drug, querySpaceUid=<gen:12>, path=edu.ncsu.csc.itrust2.models.persistent.OfficeVisit.prescriptions.<elements>.drug)
                - EntityAttributeFetchImpl(entity=edu.ncsu.csc.itrust2.models.persistent.User, querySpaceUid=<gen:13>, path=edu.ncsu.csc.itrust2.models.persistent.OfficeVisit.prescriptions.<elements>.patient)
    - QuerySpaces
       - EntityQuerySpaceImpl(uid=<gen:0>, entity=edu.ncsu.csc.itrust2.models.persistent.OfficeVisit)
          - SQL table alias mapping - officevisi0_
          - alias suffix - 0_
          - suffixed key columns - {id1_10_0_}
          - JOIN (JoinDefinedByMetadata(appointment)) : <gen:0> -> <gen:1>
             - EntityQuerySpaceImpl(uid=<gen:1>, entity=edu.ncsu.csc.itrust2.models.persistent.AppointmentRequest)
                - SQL table alias mapping - appointmen1_
                - alias suffix - 1_
                - suffixed key columns - {id1_0_1_}
                - JOIN (JoinDefinedByMetadata(hcp)) : <gen:1> -> <gen:2>
                   - EntityQuerySpaceImpl(uid=<gen:2>, entity=edu.ncsu.csc.itrust2.models.persistent.User)
                      - SQL table alias mapping - user2_
                      - alias suffix - 2_
                      - suffixed key columns - {username1_15_2_}
                - JOIN (JoinDefinedByMetadata(patient)) : <gen:1> -> <gen:3>
                   - EntityQuerySpaceImpl(uid=<gen:3>, entity=edu.ncsu.csc.itrust2.models.persistent.User)
                      - SQL table alias mapping - user3_
                      - alias suffix - 3_
                      - suffixed key columns - {username1_15_3_}
          - JOIN (JoinDefinedByMetadata(basicHealthMetrics)) : <gen:0> -> <gen:4>
             - EntityQuerySpaceImpl(uid=<gen:4>, entity=edu.ncsu.csc.itrust2.models.persistent.BasicHealthMetrics)
                - SQL table alias mapping - basichealt4_
                - alias suffix - 4_
                - suffixed key columns - {id1_1_4_}
                - JOIN (JoinDefinedByMetadata(hcp)) : <gen:4> -> <gen:5>
                   - EntityQuerySpaceImpl(uid=<gen:5>, entity=edu.ncsu.csc.itrust2.models.persistent.User)
                      - SQL table alias mapping - user5_
                      - alias suffix - 5_
                      - suffixed key columns - {username1_15_5_}
                - JOIN (JoinDefinedByMetadata(patient)) : <gen:4> -> <gen:6>
                   - EntityQuerySpaceImpl(uid=<gen:6>, entity=edu.ncsu.csc.itrust2.models.persistent.User)
                      - SQL table alias mapping - user6_
                      - alias suffix - 6_
                      - suffixed key columns - {username1_15_6_}
          - JOIN (JoinDefinedByMetadata(hcp)) : <gen:0> -> <gen:7>
             - EntityQuerySpaceImpl(uid=<gen:7>, entity=edu.ncsu.csc.itrust2.models.persistent.User)
                - SQL table alias mapping - user7_
                - alias suffix - 7_
                - suffixed key columns - {username1_15_7_}
          - JOIN (JoinDefinedByMetadata(hospital)) : <gen:0> -> <gen:8>
             - EntityQuerySpaceImpl(uid=<gen:8>, entity=edu.ncsu.csc.itrust2.models.persistent.Hospital)
                - SQL table alias mapping - hospital8_
                - alias suffix - 8_
                - suffixed key columns - {name1_4_8_}
          - JOIN (JoinDefinedByMetadata(patient)) : <gen:0> -> <gen:9>
             - EntityQuerySpaceImpl(uid=<gen:9>, entity=edu.ncsu.csc.itrust2.models.persistent.User)
                - SQL table alias mapping - user9_
                - alias suffix - 9_
                - suffixed key columns - {username1_15_9_}
          - JOIN (JoinDefinedByMetadata(prescriptions)) : <gen:0> -> <gen:10>
             - CollectionQuerySpaceImpl(uid=<gen:10>, collection=edu.ncsu.csc.itrust2.models.persistent.OfficeVisit.prescriptions)
                - SQL table alias mapping - prescripti10_
                - alias suffix - 10_
                - suffixed key columns - {prescrip8_14_10_}
                - entity-element alias suffix - 11_
                - 11_entity-element suffixed key columns - id1_14_11_
                - JOIN (JoinDefinedByMetadata(elements)) : <gen:10> -> <gen:11>
                   - EntityQuerySpaceImpl(uid=<gen:11>, entity=edu.ncsu.csc.itrust2.models.persistent.Prescription)
                      - SQL table alias mapping - prescripti10_
                      - alias suffix - 11_
                      - suffixed key columns - {id1_14_11_}
                      - JOIN (JoinDefinedByMetadata(drug)) : <gen:11> -> <gen:12>
                         - EntityQuerySpaceImpl(uid=<gen:12>, entity=edu.ncsu.csc.itrust2.models.persistent.Drug)
                            - SQL table alias mapping - drug11_
                            - alias suffix - 12_
                            - suffixed key columns - {id1_3_12_}
                      - JOIN (JoinDefinedByMetadata(patient)) : <gen:11> -> <gen:13>
                         - EntityQuerySpaceImpl(uid=<gen:13>, entity=edu.ncsu.csc.itrust2.models.persistent.User)
                            - SQL table alias mapping - user12_
                            - alias suffix - 13_
                            - suffixed key columns - {username1_15_13_}

20:27:00.753 [main] DEBUG o.h.loader.entity.plan.EntityLoader - Static select for entity edu.ncsu.csc.itrust2.models.persistent.OfficeVisit [READ]: select officevisi0_.id as id1_10_0_, officevisi0_.appointment_id as appointm5_10_0_, officevisi0_.basichealthmetrics_id as basichea6_10_0_, officevisi0_.date as date2_10_0_, officevisi0_.hcp_id as hcp_id7_10_0_, officevisi0_.hospital_id as hospital8_10_0_, officevisi0_.notes as notes3_10_0_, officevisi0_.patient_id as patient_9_10_0_, officevisi0_.type as type4_10_0_, appointmen1_.id as id1_0_1_, appointmen1_.comments as comments2_0_1_, appointmen1_.date as date3_0_1_, appointmen1_.hcp_id as hcp_id6_0_1_, appointmen1_.patient_id as patient_7_0_1_, appointmen1_.status as status4_0_1_, appointmen1_.type as type5_0_1_, user2_.username as username1_15_2_, user2_.enabled as enabled2_15_2_, user2_.password as password3_15_2_, user2_.role as role4_15_2_, user3_.username as username1_15_3_, user3_.enabled as enabled2_15_3_, user3_.password as password3_15_3_, user3_.role as role4_15_3_, basichealt4_.id as id1_1_4_, basichealt4_.diastolic as diastoli2_1_4_, basichealt4_.hcp_id as hcp_id12_1_4_, basichealt4_.hdl as hdl3_1_4_, basichealt4_.headCircumference as headCirc4_1_4_, basichealt4_.height as height5_1_4_, basichealt4_.houseSmokingStatus as houseSmo6_1_4_, basichealt4_.ldl as ldl7_1_4_, basichealt4_.patient_id as patient13_1_4_, basichealt4_.patientSmokingStatus as patientS8_1_4_, basichealt4_.systolic as systolic9_1_4_, basichealt4_.tri as tri10_1_4_, basichealt4_.weight as weight11_1_4_, user5_.username as username1_15_5_, user5_.enabled as enabled2_15_5_, user5_.password as password3_15_5_, user5_.role as role4_15_5_, user6_.username as username1_15_6_, user6_.enabled as enabled2_15_6_, user6_.password as password3_15_6_, user6_.role as role4_15_6_, user7_.username as username1_15_7_, user7_.enabled as enabled2_15_7_, user7_.password as password3_15_7_, user7_.role as role4_15_7_, hospital8_.name as name1_4_8_, hospital8_.address as address2_4_8_, hospital8_.state as state3_4_8_, hospital8_.zip as zip4_4_8_, user9_.username as username1_15_9_, user9_.enabled as enabled2_15_9_, user9_.password as password3_15_9_, user9_.role as role4_15_9_, prescripti10_.prescriptions_id as prescrip8_14_10_, prescripti10_.id as id1_14_10_, prescripti10_.id as id1_14_11_, prescripti10_.dosage as dosage2_14_11_, prescripti10_.drug_id as drug_id6_14_11_, prescripti10_.endDate as endDate3_14_11_, prescripti10_.patient_id as patient_7_14_11_, prescripti10_.renewals as renewals4_14_11_, prescripti10_.startDate as startDat5_14_11_, drug11_.id as id1_3_12_, drug11_.code as code2_3_12_, drug11_.description as descript3_3_12_, drug11_.name as name4_3_12_, user12_.username as username1_15_13_, user12_.enabled as enabled2_15_13_, user12_.password as password3_15_13_, user12_.role as role4_15_13_ from OfficeVisits officevisi0_ left outer join AppointmentRequests appointmen1_ on officevisi0_.appointment_id=appointmen1_.id left outer join Users user2_ on appointmen1_.hcp_id=user2_.username left outer join Users user3_ on appointmen1_.patient_id=user3_.username left outer join BasicHealthMetrics basichealt4_ on officevisi0_.basichealthmetrics_id=basichealt4_.id left outer join Users user5_ on basichealt4_.hcp_id=user5_.username left outer join Users user6_ on basichealt4_.patient_id=user6_.username inner join Users user7_ on officevisi0_.hcp_id=user7_.username inner join Hospitals hospital8_ on officevisi0_.hospital_id=hospital8_.name inner join Users user9_ on officevisi0_.patient_id=user9_.username left outer join Prescriptions prescripti10_ on officevisi0_.id=prescripti10_.prescriptions_id left outer join Drugs drug11_ on prescripti10_.drug_id=drug11_.id left outer join Users user12_ on prescripti10_.patient_id=user12_.username where officevisi0_.id=?
20:27:00.753 [main] DEBUG o.h.l.p.b.i.spaces.QuerySpacesImpl - Adding QuerySpace : uid = <gen:0> -> org.hibernate.loader.plan.build.internal.spaces.EntityQuerySpaceImpl@268bb442]
20:27:00.753 [main] DEBUG o.h.p.w.spi.MetamodelGraphWalker - Visiting attribute path : appointment
20:27:00.754 [main] DEBUG o.h.l.p.b.i.spaces.QuerySpacesImpl - Adding QuerySpace : uid = <gen:1> -> org.hibernate.loader.plan.build.internal.spaces.EntityQuerySpaceImpl@2366ef02]
20:27:00.754 [main] DEBUG o.h.p.w.spi.MetamodelGraphWalker - Visiting attribute path : basicHealthMetrics
20:27:00.754 [main] DEBUG o.h.l.p.b.i.spaces.QuerySpacesImpl - Adding QuerySpace : uid = <gen:2> -> org.hibernate.loader.plan.build.internal.spaces.EntityQuerySpaceImpl@1df9d3b9]
20:27:00.754 [main] DEBUG o.h.p.w.spi.MetamodelGraphWalker - Visiting attribute path : date
20:27:00.754 [main] DEBUG o.h.p.w.spi.MetamodelGraphWalker - Visiting attribute path : hcp
20:27:00.754 [main] DEBUG o.h.l.p.b.i.spaces.QuerySpacesImpl - Adding QuerySpace : uid = <gen:3> -> org.hibernate.loader.plan.build.internal.spaces.EntityQuerySpaceImpl@66ab4de0]
20:27:00.755 [main] DEBUG o.h.p.w.spi.MetamodelGraphWalker - Visiting attribute path : hospital
20:27:00.755 [main] DEBUG o.h.l.p.b.i.spaces.QuerySpacesImpl - Adding QuerySpace : uid = <gen:4> -> org.hibernate.loader.plan.build.internal.spaces.EntityQuerySpaceImpl@58bd2354]
20:27:00.755 [main] DEBUG o.h.p.w.spi.MetamodelGraphWalker - Visiting attribute path : notes
20:27:00.755 [main] DEBUG o.h.p.w.spi.MetamodelGraphWalker - Visiting attribute path : patient
20:27:00.755 [main] DEBUG o.h.l.p.b.i.spaces.QuerySpacesImpl - Adding QuerySpace : uid = <gen:5> -> org.hibernate.loader.plan.build.internal.spaces.EntityQuerySpaceImpl@4cb7c9be]
20:27:00.755 [main] DEBUG o.h.p.w.spi.MetamodelGraphWalker - Visiting attribute path : prescriptions
20:27:00.755 [main] DEBUG o.h.l.p.b.i.spaces.QuerySpacesImpl - Adding QuerySpace : uid = <gen:6> -> org.hibernate.loader.plan.build.internal.spaces.CollectionQuerySpaceImpl@1f80bf8a]
20:27:00.755 [main] DEBUG o.h.l.p.b.i.spaces.QuerySpacesImpl - Adding QuerySpace : uid = <gen:7> -> org.hibernate.loader.plan.build.internal.spaces.EntityQuerySpaceImpl@23f835d7]
20:27:00.755 [main] DEBUG o.h.p.w.spi.MetamodelGraphWalker - Visiting attribute path : type
20:27:00.755 [main] DEBUG o.h.l.p.b.i.FetchStyleLoadPlanBuildingAssociationVisitationStrategy - Building LoadPlan...
20:27:00.756 [main] DEBUG o.h.l.p.e.i.LoadQueryJoinAndFetchProcessor - processing queryspace <gen:0>
20:27:00.756 [main] DEBUG o.h.l.p.b.spi.LoadPlanTreePrinter - LoadPlan(entity=edu.ncsu.csc.itrust2.models.persistent.OfficeVisit)
    - Returns
       - EntityReturnImpl(entity=edu.ncsu.csc.itrust2.models.persistent.OfficeVisit, querySpaceUid=<gen:0>, path=edu.ncsu.csc.itrust2.models.persistent.OfficeVisit)
          - EntityAttributeFetchImpl(entity=edu.ncsu.csc.itrust2.models.persistent.AppointmentRequest, querySpaceUid=<gen:1>, path=edu.ncsu.csc.itrust2.models.persistent.OfficeVisit.appointment)
          - EntityAttributeFetchImpl(entity=edu.ncsu.csc.itrust2.models.persistent.BasicHealthMetrics, querySpaceUid=<gen:2>, path=edu.ncsu.csc.itrust2.models.persistent.OfficeVisit.basicHealthMetrics)
          - EntityAttributeFetchImpl(entity=edu.ncsu.csc.itrust2.models.persistent.User, querySpaceUid=<gen:3>, path=edu.ncsu.csc.itrust2.models.persistent.OfficeVisit.hcp)
          - EntityAttributeFetchImpl(entity=edu.ncsu.csc.itrust2.models.persistent.Hospital, querySpaceUid=<gen:4>, path=edu.ncsu.csc.itrust2.models.persistent.OfficeVisit.hospital)
          - EntityAttributeFetchImpl(entity=edu.ncsu.csc.itrust2.models.persistent.User, querySpaceUid=<gen:5>, path=edu.ncsu.csc.itrust2.models.persistent.OfficeVisit.patient)
          - CollectionAttributeFetchImpl(collection=edu.ncsu.csc.itrust2.models.persistent.OfficeVisit.prescriptions, querySpaceUid=<gen:6>, path=edu.ncsu.csc.itrust2.models.persistent.OfficeVisit.prescriptions)
             - (collection element) CollectionFetchableElementEntityGraph(entity=edu.ncsu.csc.itrust2.models.persistent.Prescription, querySpaceUid=<gen:7>, path=edu.ncsu.csc.itrust2.models.persistent.OfficeVisit.prescriptions.<elements>)
    - QuerySpaces
       - EntityQuerySpaceImpl(uid=<gen:0>, entity=edu.ncsu.csc.itrust2.models.persistent.OfficeVisit)
          - SQL table alias mapping - officevisi0_
          - alias suffix - 0_
          - suffixed key columns - {id1_10_0_}

20:27:00.756 [main] DEBUG o.h.loader.entity.plan.EntityLoader - Static select for entity edu.ncsu.csc.itrust2.models.persistent.OfficeVisit [UPGRADE]: select officevisi0_.id as id1_10_0_, officevisi0_.appointment_id as appointm5_10_0_, officevisi0_.basichealthmetrics_id as basichea6_10_0_, officevisi0_.date as date2_10_0_, officevisi0_.hcp_id as hcp_id7_10_0_, officevisi0_.hospital_id as hospital8_10_0_, officevisi0_.notes as notes3_10_0_, officevisi0_.patient_id as patient_9_10_0_, officevisi0_.type as type4_10_0_ from OfficeVisits officevisi0_ where officevisi0_.id=? for update
20:27:00.756 [main] DEBUG o.h.l.p.b.i.spaces.QuerySpacesImpl - Adding QuerySpace : uid = <gen:0> -> org.hibernate.loader.plan.build.internal.spaces.EntityQuerySpaceImpl@12ee057f]
20:27:00.756 [main] DEBUG o.h.p.w.spi.MetamodelGraphWalker - Visiting attribute path : appointment
20:27:00.756 [main] DEBUG o.h.l.p.b.i.spaces.QuerySpacesImpl - Adding QuerySpace : uid = <gen:1> -> org.hibernate.loader.plan.build.internal.spaces.EntityQuerySpaceImpl@7a804bdc]
20:27:00.757 [main] DEBUG o.h.p.w.spi.MetamodelGraphWalker - Visiting attribute path : basicHealthMetrics
20:27:00.757 [main] DEBUG o.h.l.p.b.i.spaces.QuerySpacesImpl - Adding QuerySpace : uid = <gen:2> -> org.hibernate.loader.plan.build.internal.spaces.EntityQuerySpaceImpl@18b48fd6]
20:27:00.757 [main] DEBUG o.h.p.w.spi.MetamodelGraphWalker - Visiting attribute path : date
20:27:00.757 [main] DEBUG o.h.p.w.spi.MetamodelGraphWalker - Visiting attribute path : hcp
20:27:00.757 [main] DEBUG o.h.l.p.b.i.spaces.QuerySpacesImpl - Adding QuerySpace : uid = <gen:3> -> org.hibernate.loader.plan.build.internal.spaces.EntityQuerySpaceImpl@7a13a442]
20:27:00.757 [main] DEBUG o.h.p.w.spi.MetamodelGraphWalker - Visiting attribute path : hospital
20:27:00.757 [main] DEBUG o.h.l.p.b.i.spaces.QuerySpacesImpl - Adding QuerySpace : uid = <gen:4> -> org.hibernate.loader.plan.build.internal.spaces.EntityQuerySpaceImpl@2c069449]
20:27:00.757 [main] DEBUG o.h.p.w.spi.MetamodelGraphWalker - Visiting attribute path : notes
20:27:00.757 [main] DEBUG o.h.p.w.spi.MetamodelGraphWalker - Visiting attribute path : patient
20:27:00.758 [main] DEBUG o.h.l.p.b.i.spaces.QuerySpacesImpl - Adding QuerySpace : uid = <gen:5> -> org.hibernate.loader.plan.build.internal.spaces.EntityQuerySpaceImpl@5420e4be]
20:27:00.758 [main] DEBUG o.h.p.w.spi.MetamodelGraphWalker - Visiting attribute path : prescriptions
20:27:00.758 [main] DEBUG o.h.l.p.b.i.spaces.QuerySpacesImpl - Adding QuerySpace : uid = <gen:6> -> org.hibernate.loader.plan.build.internal.spaces.CollectionQuerySpaceImpl@68d60bd3]
20:27:00.758 [main] DEBUG o.h.l.p.b.i.spaces.QuerySpacesImpl - Adding QuerySpace : uid = <gen:7> -> org.hibernate.loader.plan.build.internal.spaces.EntityQuerySpaceImpl@f80933f]
20:27:00.758 [main] DEBUG o.h.p.w.spi.MetamodelGraphWalker - Visiting attribute path : type
20:27:00.758 [main] DEBUG o.h.l.p.b.i.FetchStyleLoadPlanBuildingAssociationVisitationStrategy - Building LoadPlan...
20:27:00.758 [main] DEBUG o.h.l.p.e.i.LoadQueryJoinAndFetchProcessor - processing queryspace <gen:0>
20:27:00.759 [main] DEBUG o.h.l.p.b.spi.LoadPlanTreePrinter - LoadPlan(entity=edu.ncsu.csc.itrust2.models.persistent.OfficeVisit)
    - Returns
       - EntityReturnImpl(entity=edu.ncsu.csc.itrust2.models.persistent.OfficeVisit, querySpaceUid=<gen:0>, path=edu.ncsu.csc.itrust2.models.persistent.OfficeVisit)
          - EntityAttributeFetchImpl(entity=edu.ncsu.csc.itrust2.models.persistent.AppointmentRequest, querySpaceUid=<gen:1>, path=edu.ncsu.csc.itrust2.models.persistent.OfficeVisit.appointment)
          - EntityAttributeFetchImpl(entity=edu.ncsu.csc.itrust2.models.persistent.BasicHealthMetrics, querySpaceUid=<gen:2>, path=edu.ncsu.csc.itrust2.models.persistent.OfficeVisit.basicHealthMetrics)
          - EntityAttributeFetchImpl(entity=edu.ncsu.csc.itrust2.models.persistent.User, querySpaceUid=<gen:3>, path=edu.ncsu.csc.itrust2.models.persistent.OfficeVisit.hcp)
          - EntityAttributeFetchImpl(entity=edu.ncsu.csc.itrust2.models.persistent.Hospital, querySpaceUid=<gen:4>, path=edu.ncsu.csc.itrust2.models.persistent.OfficeVisit.hospital)
          - EntityAttributeFetchImpl(entity=edu.ncsu.csc.itrust2.models.persistent.User, querySpaceUid=<gen:5>, path=edu.ncsu.csc.itrust2.models.persistent.OfficeVisit.patient)
          - CollectionAttributeFetchImpl(collection=edu.ncsu.csc.itrust2.models.persistent.OfficeVisit.prescriptions, querySpaceUid=<gen:6>, path=edu.ncsu.csc.itrust2.models.persistent.OfficeVisit.prescriptions)
             - (collection element) CollectionFetchableElementEntityGraph(entity=edu.ncsu.csc.itrust2.models.persistent.Prescription, querySpaceUid=<gen:7>, path=edu.ncsu.csc.itrust2.models.persistent.OfficeVisit.prescriptions.<elements>)
    - QuerySpaces
       - EntityQuerySpaceImpl(uid=<gen:0>, entity=edu.ncsu.csc.itrust2.models.persistent.OfficeVisit)
          - SQL table alias mapping - officevisi0_
          - alias suffix - 0_
          - suffixed key columns - {id1_10_0_}

20:27:00.759 [main] DEBUG o.h.loader.entity.plan.EntityLoader - Static select for entity edu.ncsu.csc.itrust2.models.persistent.OfficeVisit [UPGRADE_NOWAIT]: select officevisi0_.id as id1_10_0_, officevisi0_.appointment_id as appointm5_10_0_, officevisi0_.basichealthmetrics_id as basichea6_10_0_, officevisi0_.date as date2_10_0_, officevisi0_.hcp_id as hcp_id7_10_0_, officevisi0_.hospital_id as hospital8_10_0_, officevisi0_.notes as notes3_10_0_, officevisi0_.patient_id as patient_9_10_0_, officevisi0_.type as type4_10_0_ from OfficeVisits officevisi0_ where officevisi0_.id=? for update
20:27:00.759 [main] DEBUG o.h.l.p.b.i.spaces.QuerySpacesImpl - Adding QuerySpace : uid = <gen:0> -> org.hibernate.loader.plan.build.internal.spaces.EntityQuerySpaceImpl@173cfa5a]
20:27:00.759 [main] DEBUG o.h.p.w.spi.MetamodelGraphWalker - Visiting attribute path : appointment
20:27:00.759 [main] DEBUG o.h.l.p.b.i.spaces.QuerySpacesImpl - Adding QuerySpace : uid = <gen:1> -> org.hibernate.loader.plan.build.internal.spaces.EntityQuerySpaceImpl@1c3aeaca]
20:27:00.759 [main] DEBUG o.h.p.w.spi.MetamodelGraphWalker - Visiting attribute path : basicHealthMetrics
20:27:00.760 [main] DEBUG o.h.l.p.b.i.spaces.QuerySpacesImpl - Adding QuerySpace : uid = <gen:2> -> org.hibernate.loader.plan.build.internal.spaces.EntityQuerySpaceImpl@17a89b19]
20:27:00.760 [main] DEBUG o.h.p.w.spi.MetamodelGraphWalker - Visiting attribute path : date
20:27:00.760 [main] DEBUG o.h.p.w.spi.MetamodelGraphWalker - Visiting attribute path : hcp
20:27:00.760 [main] DEBUG o.h.l.p.b.i.spaces.QuerySpacesImpl - Adding QuerySpace : uid = <gen:3> -> org.hibernate.loader.plan.build.internal.spaces.EntityQuerySpaceImpl@67364d9c]
20:27:00.760 [main] DEBUG o.h.p.w.spi.MetamodelGraphWalker - Visiting attribute path : hospital
20:27:00.760 [main] DEBUG o.h.l.p.b.i.spaces.QuerySpacesImpl - Adding QuerySpace : uid = <gen:4> -> org.hibernate.loader.plan.build.internal.spaces.EntityQuerySpaceImpl@7407322c]
20:27:00.760 [main] DEBUG o.h.p.w.spi.MetamodelGraphWalker - Visiting attribute path : notes
20:27:00.760 [main] DEBUG o.h.p.w.spi.MetamodelGraphWalker - Visiting attribute path : patient
20:27:00.760 [main] DEBUG o.h.l.p.b.i.spaces.QuerySpacesImpl - Adding QuerySpace : uid = <gen:5> -> org.hibernate.loader.plan.build.internal.spaces.EntityQuerySpaceImpl@3fa0fadc]
20:27:00.760 [main] DEBUG o.h.p.w.spi.MetamodelGraphWalker - Visiting attribute path : prescriptions
20:27:00.761 [main] DEBUG o.h.l.p.b.i.spaces.QuerySpacesImpl - Adding QuerySpace : uid = <gen:6> -> org.hibernate.loader.plan.build.internal.spaces.CollectionQuerySpaceImpl@6c03de62]
20:27:00.761 [main] DEBUG o.h.l.p.b.i.spaces.QuerySpacesImpl - Adding QuerySpace : uid = <gen:7> -> org.hibernate.loader.plan.build.internal.spaces.EntityQuerySpaceImpl@390c34d3]
20:27:00.761 [main] DEBUG o.h.p.w.spi.MetamodelGraphWalker - Visiting attribute path : type
20:27:00.761 [main] DEBUG o.h.l.p.b.i.FetchStyleLoadPlanBuildingAssociationVisitationStrategy - Building LoadPlan...
20:27:00.761 [main] DEBUG o.h.l.p.e.i.LoadQueryJoinAndFetchProcessor - processing queryspace <gen:0>
20:27:00.761 [main] DEBUG o.h.l.p.b.spi.LoadPlanTreePrinter - LoadPlan(entity=edu.ncsu.csc.itrust2.models.persistent.OfficeVisit)
    - Returns
       - EntityReturnImpl(entity=edu.ncsu.csc.itrust2.models.persistent.OfficeVisit, querySpaceUid=<gen:0>, path=edu.ncsu.csc.itrust2.models.persistent.OfficeVisit)
          - EntityAttributeFetchImpl(entity=edu.ncsu.csc.itrust2.models.persistent.AppointmentRequest, querySpaceUid=<gen:1>, path=edu.ncsu.csc.itrust2.models.persistent.OfficeVisit.appointment)
          - EntityAttributeFetchImpl(entity=edu.ncsu.csc.itrust2.models.persistent.BasicHealthMetrics, querySpaceUid=<gen:2>, path=edu.ncsu.csc.itrust2.models.persistent.OfficeVisit.basicHealthMetrics)
          - EntityAttributeFetchImpl(entity=edu.ncsu.csc.itrust2.models.persistent.User, querySpaceUid=<gen:3>, path=edu.ncsu.csc.itrust2.models.persistent.OfficeVisit.hcp)
          - EntityAttributeFetchImpl(entity=edu.ncsu.csc.itrust2.models.persistent.Hospital, querySpaceUid=<gen:4>, path=edu.ncsu.csc.itrust2.models.persistent.OfficeVisit.hospital)
          - EntityAttributeFetchImpl(entity=edu.ncsu.csc.itrust2.models.persistent.User, querySpaceUid=<gen:5>, path=edu.ncsu.csc.itrust2.models.persistent.OfficeVisit.patient)
          - CollectionAttributeFetchImpl(collection=edu.ncsu.csc.itrust2.models.persistent.OfficeVisit.prescriptions, querySpaceUid=<gen:6>, path=edu.ncsu.csc.itrust2.models.persistent.OfficeVisit.prescriptions)
             - (collection element) CollectionFetchableElementEntityGraph(entity=edu.ncsu.csc.itrust2.models.persistent.Prescription, querySpaceUid=<gen:7>, path=edu.ncsu.csc.itrust2.models.persistent.OfficeVisit.prescriptions.<elements>)
    - QuerySpaces
       - EntityQuerySpaceImpl(uid=<gen:0>, entity=edu.ncsu.csc.itrust2.models.persistent.OfficeVisit)
          - SQL table alias mapping - officevisi0_
          - alias suffix - 0_
          - suffixed key columns - {id1_10_0_}

20:27:00.762 [main] DEBUG o.h.loader.entity.plan.EntityLoader - Static select for entity edu.ncsu.csc.itrust2.models.persistent.OfficeVisit [UPGRADE_SKIPLOCKED]: select officevisi0_.id as id1_10_0_, officevisi0_.appointment_id as appointm5_10_0_, officevisi0_.basichealthmetrics_id as basichea6_10_0_, officevisi0_.date as date2_10_0_, officevisi0_.hcp_id as hcp_id7_10_0_, officevisi0_.hospital_id as hospital8_10_0_, officevisi0_.notes as notes3_10_0_, officevisi0_.patient_id as patient_9_10_0_, officevisi0_.type as type4_10_0_ from OfficeVisits officevisi0_ where officevisi0_.id=? for update
20:27:00.762 [main] DEBUG o.h.l.p.b.i.spaces.QuerySpacesImpl - Adding QuerySpace : uid = <gen:0> -> org.hibernate.loader.plan.build.internal.spaces.EntityQuerySpaceImpl@7457e78c]
20:27:00.762 [main] DEBUG o.h.p.w.spi.MetamodelGraphWalker - Visiting attribute path : appointment
20:27:00.762 [main] DEBUG o.h.l.p.b.i.spaces.QuerySpacesImpl - Adding QuerySpace : uid = <gen:1> -> org.hibernate.loader.plan.build.internal.spaces.EntityQuerySpaceImpl@3e1bb2ef]
20:27:00.762 [main] DEBUG o.h.p.w.spi.MetamodelGraphWalker - Visiting attribute path : basicHealthMetrics
20:27:00.762 [main] DEBUG o.h.l.p.b.i.spaces.QuerySpacesImpl - Adding QuerySpace : uid = <gen:2> -> org.hibernate.loader.plan.build.internal.spaces.EntityQuerySpaceImpl@6669a353]
20:27:00.762 [main] DEBUG o.h.p.w.spi.MetamodelGraphWalker - Visiting attribute path : date
20:27:00.762 [main] DEBUG o.h.p.w.spi.MetamodelGraphWalker - Visiting attribute path : hcp
20:27:00.762 [main] DEBUG o.h.l.p.b.i.spaces.QuerySpacesImpl - Adding QuerySpace : uid = <gen:3> -> org.hibernate.loader.plan.build.internal.spaces.EntityQuerySpaceImpl@2dc94395]
20:27:00.762 [main] DEBUG o.h.p.w.spi.MetamodelGraphWalker - Visiting attribute path : hospital
20:27:00.763 [main] DEBUG o.h.l.p.b.i.spaces.QuerySpacesImpl - Adding QuerySpace : uid = <gen:4> -> org.hibernate.loader.plan.build.internal.spaces.EntityQuerySpaceImpl@2d7ee469]
20:27:00.763 [main] DEBUG o.h.p.w.spi.MetamodelGraphWalker - Visiting attribute path : notes
20:27:00.763 [main] DEBUG o.h.p.w.spi.MetamodelGraphWalker - Visiting attribute path : patient
20:27:00.763 [main] DEBUG o.h.l.p.b.i.spaces.QuerySpacesImpl - Adding QuerySpace : uid = <gen:5> -> org.hibernate.loader.plan.build.internal.spaces.EntityQuerySpaceImpl@4e91a7e3]
20:27:00.763 [main] DEBUG o.h.p.w.spi.MetamodelGraphWalker - Visiting attribute path : prescriptions
20:27:00.763 [main] DEBUG o.h.l.p.b.i.spaces.QuerySpacesImpl - Adding QuerySpace : uid = <gen:6> -> org.hibernate.loader.plan.build.internal.spaces.CollectionQuerySpaceImpl@65c9e659]
20:27:00.763 [main] DEBUG o.h.l.p.b.i.spaces.QuerySpacesImpl - Adding QuerySpace : uid = <gen:7> -> org.hibernate.loader.plan.build.internal.spaces.EntityQuerySpaceImpl@2fbd49e]
20:27:00.763 [main] DEBUG o.h.p.w.spi.MetamodelGraphWalker - Visiting attribute path : type
20:27:00.763 [main] DEBUG o.h.l.p.b.i.FetchStyleLoadPlanBuildingAssociationVisitationStrategy - Building LoadPlan...
20:27:00.764 [main] DEBUG o.h.l.p.e.i.LoadQueryJoinAndFetchProcessor - processing queryspace <gen:0>
20:27:00.764 [main] DEBUG o.h.l.p.b.spi.LoadPlanTreePrinter - LoadPlan(entity=edu.ncsu.csc.itrust2.models.persistent.OfficeVisit)
    - Returns
       - EntityReturnImpl(entity=edu.ncsu.csc.itrust2.models.persistent.OfficeVisit, querySpaceUid=<gen:0>, path=edu.ncsu.csc.itrust2.models.persistent.OfficeVisit)
          - EntityAttributeFetchImpl(entity=edu.ncsu.csc.itrust2.models.persistent.AppointmentRequest, querySpaceUid=<gen:1>, path=edu.ncsu.csc.itrust2.models.persistent.OfficeVisit.appointment)
          - EntityAttributeFetchImpl(entity=edu.ncsu.csc.itrust2.models.persistent.BasicHealthMetrics, querySpaceUid=<gen:2>, path=edu.ncsu.csc.itrust2.models.persistent.OfficeVisit.basicHealthMetrics)
          - EntityAttributeFetchImpl(entity=edu.ncsu.csc.itrust2.models.persistent.User, querySpaceUid=<gen:3>, path=edu.ncsu.csc.itrust2.models.persistent.OfficeVisit.hcp)
          - EntityAttributeFetchImpl(entity=edu.ncsu.csc.itrust2.models.persistent.Hospital, querySpaceUid=<gen:4>, path=edu.ncsu.csc.itrust2.models.persistent.OfficeVisit.hospital)
          - EntityAttributeFetchImpl(entity=edu.ncsu.csc.itrust2.models.persistent.User, querySpaceUid=<gen:5>, path=edu.ncsu.csc.itrust2.models.persistent.OfficeVisit.patient)
          - CollectionAttributeFetchImpl(collection=edu.ncsu.csc.itrust2.models.persistent.OfficeVisit.prescriptions, querySpaceUid=<gen:6>, path=edu.ncsu.csc.itrust2.models.persistent.OfficeVisit.prescriptions)
             - (collection element) CollectionFetchableElementEntityGraph(entity=edu.ncsu.csc.itrust2.models.persistent.Prescription, querySpaceUid=<gen:7>, path=edu.ncsu.csc.itrust2.models.persistent.OfficeVisit.prescriptions.<elements>)
    - QuerySpaces
       - EntityQuerySpaceImpl(uid=<gen:0>, entity=edu.ncsu.csc.itrust2.models.persistent.OfficeVisit)
          - SQL table alias mapping - officevisi0_
          - alias suffix - 0_
          - suffixed key columns - {id1_10_0_}

20:27:00.764 [main] DEBUG o.h.loader.entity.plan.EntityLoader - Static select for entity edu.ncsu.csc.itrust2.models.persistent.OfficeVisit [FORCE]: select officevisi0_.id as id1_10_0_, officevisi0_.appointment_id as appointm5_10_0_, officevisi0_.basichealthmetrics_id as basichea6_10_0_, officevisi0_.date as date2_10_0_, officevisi0_.hcp_id as hcp_id7_10_0_, officevisi0_.hospital_id as hospital8_10_0_, officevisi0_.notes as notes3_10_0_, officevisi0_.patient_id as patient_9_10_0_, officevisi0_.type as type4_10_0_ from OfficeVisits officevisi0_ where officevisi0_.id=? for update
20:27:00.764 [main] DEBUG o.h.l.p.b.i.spaces.QuerySpacesImpl - Adding QuerySpace : uid = <gen:0> -> org.hibernate.loader.plan.build.internal.spaces.EntityQuerySpaceImpl@587c3504]
20:27:00.764 [main] DEBUG o.h.p.w.spi.MetamodelGraphWalker - Visiting attribute path : appointment
20:27:00.765 [main] DEBUG o.h.l.p.b.i.spaces.QuerySpacesImpl - Adding QuerySpace : uid = <gen:1> -> org.hibernate.loader.plan.build.internal.spaces.EntityQuerySpaceImpl@31c0e942]
20:27:00.765 [main] DEBUG o.h.p.w.spi.MetamodelGraphWalker - Visiting attribute path : basicHealthMetrics
20:27:00.765 [main] DEBUG o.h.l.p.b.i.spaces.QuerySpacesImpl - Adding QuerySpace : uid = <gen:2> -> org.hibernate.loader.plan.build.internal.spaces.EntityQuerySpaceImpl@6dc384c0]
20:27:00.765 [main] DEBUG o.h.p.w.spi.MetamodelGraphWalker - Visiting attribute path : date
20:27:00.765 [main] DEBUG o.h.p.w.spi.MetamodelGraphWalker - Visiting attribute path : hcp
20:27:00.765 [main] DEBUG o.h.l.p.b.i.spaces.QuerySpacesImpl - Adding QuerySpace : uid = <gen:3> -> org.hibernate.loader.plan.build.internal.spaces.EntityQuerySpaceImpl@54ae5869]
20:27:00.765 [main] DEBUG o.h.p.w.spi.MetamodelGraphWalker - Visiting attribute path : hospital
20:27:00.765 [main] DEBUG o.h.l.p.b.i.spaces.QuerySpacesImpl - Adding QuerySpace : uid = <gen:4> -> org.hibernate.loader.plan.build.internal.spaces.EntityQuerySpaceImpl@46d7ae3c]
20:27:00.765 [main] DEBUG o.h.p.w.spi.MetamodelGraphWalker - Visiting attribute path : notes
20:27:00.765 [main] DEBUG o.h.p.w.spi.MetamodelGraphWalker - Visiting attribute path : patient
20:27:00.766 [main] DEBUG o.h.l.p.b.i.spaces.QuerySpacesImpl - Adding QuerySpace : uid = <gen:5> -> org.hibernate.loader.plan.build.internal.spaces.EntityQuerySpaceImpl@70ebd55d]
20:27:00.766 [main] DEBUG o.h.p.w.spi.MetamodelGraphWalker - Visiting attribute path : prescriptions
20:27:00.766 [main] DEBUG o.h.l.p.b.i.spaces.QuerySpacesImpl - Adding QuerySpace : uid = <gen:6> -> org.hibernate.loader.plan.build.internal.spaces.CollectionQuerySpaceImpl@1ffaa04]
20:27:00.766 [main] DEBUG o.h.l.p.b.i.spaces.QuerySpacesImpl - Adding QuerySpace : uid = <gen:7> -> org.hibernate.loader.plan.build.internal.spaces.EntityQuerySpaceImpl@27b4d742]
20:27:00.766 [main] DEBUG o.h.p.w.spi.MetamodelGraphWalker - Visiting attribute path : type
20:27:00.766 [main] DEBUG o.h.l.p.b.i.FetchStyleLoadPlanBuildingAssociationVisitationStrategy - Building LoadPlan...
20:27:00.766 [main] DEBUG o.h.l.p.e.i.LoadQueryJoinAndFetchProcessor - processing queryspace <gen:0>
20:27:00.767 [main] DEBUG o.h.l.p.b.spi.LoadPlanTreePrinter - LoadPlan(entity=edu.ncsu.csc.itrust2.models.persistent.OfficeVisit)
    - Returns
       - EntityReturnImpl(entity=edu.ncsu.csc.itrust2.models.persistent.OfficeVisit, querySpaceUid=<gen:0>, path=edu.ncsu.csc.itrust2.models.persistent.OfficeVisit)
          - EntityAttributeFetchImpl(entity=edu.ncsu.csc.itrust2.models.persistent.AppointmentRequest, querySpaceUid=<gen:1>, path=edu.ncsu.csc.itrust2.models.persistent.OfficeVisit.appointment)
          - EntityAttributeFetchImpl(entity=edu.ncsu.csc.itrust2.models.persistent.BasicHealthMetrics, querySpaceUid=<gen:2>, path=edu.ncsu.csc.itrust2.models.persistent.OfficeVisit.basicHealthMetrics)
          - EntityAttributeFetchImpl(entity=edu.ncsu.csc.itrust2.models.persistent.User, querySpaceUid=<gen:3>, path=edu.ncsu.csc.itrust2.models.persistent.OfficeVisit.hcp)
          - EntityAttributeFetchImpl(entity=edu.ncsu.csc.itrust2.models.persistent.Hospital, querySpaceUid=<gen:4>, path=edu.ncsu.csc.itrust2.models.persistent.OfficeVisit.hospital)
          - EntityAttributeFetchImpl(entity=edu.ncsu.csc.itrust2.models.persistent.User, querySpaceUid=<gen:5>, path=edu.ncsu.csc.itrust2.models.persistent.OfficeVisit.patient)
          - CollectionAttributeFetchImpl(collection=edu.ncsu.csc.itrust2.models.persistent.OfficeVisit.prescriptions, querySpaceUid=<gen:6>, path=edu.ncsu.csc.itrust2.models.persistent.OfficeVisit.prescriptions)
             - (collection element) CollectionFetchableElementEntityGraph(entity=edu.ncsu.csc.itrust2.models.persistent.Prescription, querySpaceUid=<gen:7>, path=edu.ncsu.csc.itrust2.models.persistent.OfficeVisit.prescriptions.<elements>)
    - QuerySpaces
       - EntityQuerySpaceImpl(uid=<gen:0>, entity=edu.ncsu.csc.itrust2.models.persistent.OfficeVisit)
          - SQL table alias mapping - officevisi0_
          - alias suffix - 0_
          - suffixed key columns - {id1_10_0_}

20:27:00.767 [main] DEBUG o.h.loader.entity.plan.EntityLoader - Static select for entity edu.ncsu.csc.itrust2.models.persistent.OfficeVisit [PESSIMISTIC_READ]: select officevisi0_.id as id1_10_0_, officevisi0_.appointment_id as appointm5_10_0_, officevisi0_.basichealthmetrics_id as basichea6_10_0_, officevisi0_.date as date2_10_0_, officevisi0_.hcp_id as hcp_id7_10_0_, officevisi0_.hospital_id as hospital8_10_0_, officevisi0_.notes as notes3_10_0_, officevisi0_.patient_id as patient_9_10_0_, officevisi0_.type as type4_10_0_ from OfficeVisits officevisi0_ where officevisi0_.id=? lock in share mode
20:27:00.767 [main] DEBUG o.h.l.p.b.i.spaces.QuerySpacesImpl - Adding QuerySpace : uid = <gen:0> -> org.hibernate.loader.plan.build.internal.spaces.EntityQuerySpaceImpl@5ce93bc6]
20:27:00.767 [main] DEBUG o.h.p.w.spi.MetamodelGraphWalker - Visiting attribute path : appointment
20:27:00.767 [main] DEBUG o.h.l.p.b.i.spaces.QuerySpacesImpl - Adding QuerySpace : uid = <gen:1> -> org.hibernate.loader.plan.build.internal.spaces.EntityQuerySpaceImpl@e5577f5]
20:27:00.767 [main] DEBUG o.h.p.w.spi.MetamodelGraphWalker - Visiting attribute path : basicHealthMetrics
20:27:00.767 [main] DEBUG o.h.l.p.b.i.spaces.QuerySpacesImpl - Adding QuerySpace : uid = <gen:2> -> org.hibernate.loader.plan.build.internal.spaces.EntityQuerySpaceImpl@fdaafba]
20:27:00.767 [main] DEBUG o.h.p.w.spi.MetamodelGraphWalker - Visiting attribute path : date
20:27:00.768 [main] DEBUG o.h.p.w.spi.MetamodelGraphWalker - Visiting attribute path : hcp
20:27:00.768 [main] DEBUG o.h.l.p.b.i.spaces.QuerySpacesImpl - Adding QuerySpace : uid = <gen:3> -> org.hibernate.loader.plan.build.internal.spaces.EntityQuerySpaceImpl@1a78928c]
20:27:00.768 [main] DEBUG o.h.p.w.spi.MetamodelGraphWalker - Visiting attribute path : hospital
20:27:00.768 [main] DEBUG o.h.l.p.b.i.spaces.QuerySpacesImpl - Adding QuerySpace : uid = <gen:4> -> org.hibernate.loader.plan.build.internal.spaces.EntityQuerySpaceImpl@5adfe27c]
20:27:00.768 [main] DEBUG o.h.p.w.spi.MetamodelGraphWalker - Visiting attribute path : notes
20:27:00.768 [main] DEBUG o.h.p.w.spi.MetamodelGraphWalker - Visiting attribute path : patient
20:27:00.768 [main] DEBUG o.h.l.p.b.i.spaces.QuerySpacesImpl - Adding QuerySpace : uid = <gen:5> -> org.hibernate.loader.plan.build.internal.spaces.EntityQuerySpaceImpl@7f10cc0d]
20:27:00.768 [main] DEBUG o.h.p.w.spi.MetamodelGraphWalker - Visiting attribute path : prescriptions
20:27:00.769 [main] DEBUG o.h.l.p.b.i.spaces.QuerySpacesImpl - Adding QuerySpace : uid = <gen:6> -> org.hibernate.loader.plan.build.internal.spaces.CollectionQuerySpaceImpl@256d0b2a]
20:27:00.769 [main] DEBUG o.h.l.p.b.i.spaces.QuerySpacesImpl - Adding QuerySpace : uid = <gen:7> -> org.hibernate.loader.plan.build.internal.spaces.EntityQuerySpaceImpl@7bdf11f9]
20:27:00.769 [main] DEBUG o.h.p.w.spi.MetamodelGraphWalker - Visiting attribute path : type
20:27:00.769 [main] DEBUG o.h.l.p.b.i.FetchStyleLoadPlanBuildingAssociationVisitationStrategy - Building LoadPlan...
20:27:00.769 [main] DEBUG o.h.l.p.e.i.LoadQueryJoinAndFetchProcessor - processing queryspace <gen:0>
20:27:00.769 [main] DEBUG o.h.l.p.b.spi.LoadPlanTreePrinter - LoadPlan(entity=edu.ncsu.csc.itrust2.models.persistent.OfficeVisit)
    - Returns
       - EntityReturnImpl(entity=edu.ncsu.csc.itrust2.models.persistent.OfficeVisit, querySpaceUid=<gen:0>, path=edu.ncsu.csc.itrust2.models.persistent.OfficeVisit)
          - EntityAttributeFetchImpl(entity=edu.ncsu.csc.itrust2.models.persistent.AppointmentRequest, querySpaceUid=<gen:1>, path=edu.ncsu.csc.itrust2.models.persistent.OfficeVisit.appointment)
          - EntityAttributeFetchImpl(entity=edu.ncsu.csc.itrust2.models.persistent.BasicHealthMetrics, querySpaceUid=<gen:2>, path=edu.ncsu.csc.itrust2.models.persistent.OfficeVisit.basicHealthMetrics)
          - EntityAttributeFetchImpl(entity=edu.ncsu.csc.itrust2.models.persistent.User, querySpaceUid=<gen:3>, path=edu.ncsu.csc.itrust2.models.persistent.OfficeVisit.hcp)
          - EntityAttributeFetchImpl(entity=edu.ncsu.csc.itrust2.models.persistent.Hospital, querySpaceUid=<gen:4>, path=edu.ncsu.csc.itrust2.models.persistent.OfficeVisit.hospital)
          - EntityAttributeFetchImpl(entity=edu.ncsu.csc.itrust2.models.persistent.User, querySpaceUid=<gen:5>, path=edu.ncsu.csc.itrust2.models.persistent.OfficeVisit.patient)
          - CollectionAttributeFetchImpl(collection=edu.ncsu.csc.itrust2.models.persistent.OfficeVisit.prescriptions, querySpaceUid=<gen:6>, path=edu.ncsu.csc.itrust2.models.persistent.OfficeVisit.prescriptions)
             - (collection element) CollectionFetchableElementEntityGraph(entity=edu.ncsu.csc.itrust2.models.persistent.Prescription, querySpaceUid=<gen:7>, path=edu.ncsu.csc.itrust2.models.persistent.OfficeVisit.prescriptions.<elements>)
    - QuerySpaces
       - EntityQuerySpaceImpl(uid=<gen:0>, entity=edu.ncsu.csc.itrust2.models.persistent.OfficeVisit)
          - SQL table alias mapping - officevisi0_
          - alias suffix - 0_
          - suffixed key columns - {id1_10_0_}

20:27:00.770 [main] DEBUG o.h.loader.entity.plan.EntityLoader - Static select for entity edu.ncsu.csc.itrust2.models.persistent.OfficeVisit [PESSIMISTIC_WRITE]: select officevisi0_.id as id1_10_0_, officevisi0_.appointment_id as appointm5_10_0_, officevisi0_.basichealthmetrics_id as basichea6_10_0_, officevisi0_.date as date2_10_0_, officevisi0_.hcp_id as hcp_id7_10_0_, officevisi0_.hospital_id as hospital8_10_0_, officevisi0_.notes as notes3_10_0_, officevisi0_.patient_id as patient_9_10_0_, officevisi0_.type as type4_10_0_ from OfficeVisits officevisi0_ where officevisi0_.id=? for update
20:27:00.770 [main] DEBUG o.h.l.p.b.i.spaces.QuerySpacesImpl - Adding QuerySpace : uid = <gen:0> -> org.hibernate.loader.plan.build.internal.spaces.EntityQuerySpaceImpl@5e36d0fc]
20:27:00.770 [main] DEBUG o.h.p.w.spi.MetamodelGraphWalker - Visiting attribute path : appointment
20:27:00.770 [main] DEBUG o.h.l.p.b.i.spaces.QuerySpacesImpl - Adding QuerySpace : uid = <gen:1> -> org.hibernate.loader.plan.build.internal.spaces.EntityQuerySpaceImpl@6a466405]
20:27:00.770 [main] DEBUG o.h.p.w.spi.MetamodelGraphWalker - Visiting attribute path : basicHealthMetrics
20:27:00.770 [main] DEBUG o.h.l.p.b.i.spaces.QuerySpacesImpl - Adding QuerySpace : uid = <gen:2> -> org.hibernate.loader.plan.build.internal.spaces.EntityQuerySpaceImpl@6995e06d]
20:27:00.770 [main] DEBUG o.h.p.w.spi.MetamodelGraphWalker - Visiting attribute path : date
20:27:00.770 [main] DEBUG o.h.p.w.spi.MetamodelGraphWalker - Visiting attribute path : hcp
20:27:00.771 [main] DEBUG o.h.l.p.b.i.spaces.QuerySpacesImpl - Adding QuerySpace : uid = <gen:3> -> org.hibernate.loader.plan.build.internal.spaces.EntityQuerySpaceImpl@1cc7c93]
20:27:00.771 [main] DEBUG o.h.p.w.spi.MetamodelGraphWalker - Visiting attribute path : hospital
20:27:00.771 [main] DEBUG o.h.l.p.b.i.spaces.QuerySpacesImpl - Adding QuerySpace : uid = <gen:4> -> org.hibernate.loader.plan.build.internal.spaces.EntityQuerySpaceImpl@5e50a8ae]
20:27:00.771 [main] DEBUG o.h.p.w.spi.MetamodelGraphWalker - Visiting attribute path : notes
20:27:00.771 [main] DEBUG o.h.p.w.spi.MetamodelGraphWalker - Visiting attribute path : patient
20:27:00.771 [main] DEBUG o.h.l.p.b.i.spaces.QuerySpacesImpl - Adding QuerySpace : uid = <gen:5> -> org.hibernate.loader.plan.build.internal.spaces.EntityQuerySpaceImpl@76f992d]
20:27:00.771 [main] DEBUG o.h.p.w.spi.MetamodelGraphWalker - Visiting attribute path : prescriptions
20:27:00.771 [main] DEBUG o.h.l.p.b.i.spaces.QuerySpacesImpl - Adding QuerySpace : uid = <gen:6> -> org.hibernate.loader.plan.build.internal.spaces.CollectionQuerySpaceImpl@41bf9725]
20:27:00.771 [main] DEBUG o.h.l.p.b.i.spaces.QuerySpacesImpl - Adding QuerySpace : uid = <gen:7> -> org.hibernate.loader.plan.build.internal.spaces.EntityQuerySpaceImpl@23f54365]
20:27:00.771 [main] DEBUG o.h.p.w.spi.MetamodelGraphWalker - Visiting attribute path : type
20:27:00.772 [main] DEBUG o.h.l.p.b.i.FetchStyleLoadPlanBuildingAssociationVisitationStrategy - Building LoadPlan...
20:27:00.772 [main] DEBUG o.h.l.p.e.i.LoadQueryJoinAndFetchProcessor - processing queryspace <gen:0>
20:27:00.772 [main] DEBUG o.h.l.p.b.spi.LoadPlanTreePrinter - LoadPlan(entity=edu.ncsu.csc.itrust2.models.persistent.OfficeVisit)
    - Returns
       - EntityReturnImpl(entity=edu.ncsu.csc.itrust2.models.persistent.OfficeVisit, querySpaceUid=<gen:0>, path=edu.ncsu.csc.itrust2.models.persistent.OfficeVisit)
          - EntityAttributeFetchImpl(entity=edu.ncsu.csc.itrust2.models.persistent.AppointmentRequest, querySpaceUid=<gen:1>, path=edu.ncsu.csc.itrust2.models.persistent.OfficeVisit.appointment)
          - EntityAttributeFetchImpl(entity=edu.ncsu.csc.itrust2.models.persistent.BasicHealthMetrics, querySpaceUid=<gen:2>, path=edu.ncsu.csc.itrust2.models.persistent.OfficeVisit.basicHealthMetrics)
          - EntityAttributeFetchImpl(entity=edu.ncsu.csc.itrust2.models.persistent.User, querySpaceUid=<gen:3>, path=edu.ncsu.csc.itrust2.models.persistent.OfficeVisit.hcp)
          - EntityAttributeFetchImpl(entity=edu.ncsu.csc.itrust2.models.persistent.Hospital, querySpaceUid=<gen:4>, path=edu.ncsu.csc.itrust2.models.persistent.OfficeVisit.hospital)
          - EntityAttributeFetchImpl(entity=edu.ncsu.csc.itrust2.models.persistent.User, querySpaceUid=<gen:5>, path=edu.ncsu.csc.itrust2.models.persistent.OfficeVisit.patient)
          - CollectionAttributeFetchImpl(collection=edu.ncsu.csc.itrust2.models.persistent.OfficeVisit.prescriptions, querySpaceUid=<gen:6>, path=edu.ncsu.csc.itrust2.models.persistent.OfficeVisit.prescriptions)
             - (collection element) CollectionFetchableElementEntityGraph(entity=edu.ncsu.csc.itrust2.models.persistent.Prescription, querySpaceUid=<gen:7>, path=edu.ncsu.csc.itrust2.models.persistent.OfficeVisit.prescriptions.<elements>)
    - QuerySpaces
       - EntityQuerySpaceImpl(uid=<gen:0>, entity=edu.ncsu.csc.itrust2.models.persistent.OfficeVisit)
          - SQL table alias mapping - officevisi0_
          - alias suffix - 0_
          - suffixed key columns - {id1_10_0_}

20:27:00.772 [main] DEBUG o.h.loader.entity.plan.EntityLoader - Static select for entity edu.ncsu.csc.itrust2.models.persistent.OfficeVisit [PESSIMISTIC_FORCE_INCREMENT]: select officevisi0_.id as id1_10_0_, officevisi0_.appointment_id as appointm5_10_0_, officevisi0_.basichealthmetrics_id as basichea6_10_0_, officevisi0_.date as date2_10_0_, officevisi0_.hcp_id as hcp_id7_10_0_, officevisi0_.hospital_id as hospital8_10_0_, officevisi0_.notes as notes3_10_0_, officevisi0_.patient_id as patient_9_10_0_, officevisi0_.type as type4_10_0_ from OfficeVisits officevisi0_ where officevisi0_.id=? for update
20:27:00.772 [main] DEBUG o.h.l.p.b.i.spaces.QuerySpacesImpl - Adding QuerySpace : uid = <gen:0> -> org.hibernate.loader.plan.build.internal.spaces.EntityQuerySpaceImpl@78bb9a6d]
20:27:00.773 [main] DEBUG o.h.p.w.spi.MetamodelGraphWalker - Visiting attribute path : appointment
20:27:00.773 [main] DEBUG o.h.l.p.b.i.spaces.QuerySpacesImpl - Adding QuerySpace : uid = <gen:1> -> org.hibernate.loader.plan.build.internal.spaces.EntityQuerySpaceImpl@3edd6b40]
20:27:00.773 [main] DEBUG o.h.p.w.spi.MetamodelGraphWalker - Visiting attribute path : basicHealthMetrics
20:27:00.773 [main] DEBUG o.h.l.p.b.i.spaces.QuerySpacesImpl - Adding QuerySpace : uid = <gen:2> -> org.hibernate.loader.plan.build.internal.spaces.EntityQuerySpaceImpl@373ae995]
20:27:00.773 [main] DEBUG o.h.p.w.spi.MetamodelGraphWalker - Visiting attribute path : date
20:27:00.773 [main] DEBUG o.h.p.w.spi.MetamodelGraphWalker - Visiting attribute path : hcp
20:27:00.773 [main] DEBUG o.h.l.p.b.i.spaces.QuerySpacesImpl - Adding QuerySpace : uid = <gen:3> -> org.hibernate.loader.plan.build.internal.spaces.EntityQuerySpaceImpl@137675ed]
20:27:00.773 [main] DEBUG o.h.p.w.spi.MetamodelGraphWalker - Visiting attribute path : hospital
20:27:00.773 [main] DEBUG o.h.l.p.b.i.spaces.QuerySpacesImpl - Adding QuerySpace : uid = <gen:4> -> org.hibernate.loader.plan.build.internal.spaces.EntityQuerySpaceImpl@2630e6c7]
20:27:00.773 [main] DEBUG o.h.p.w.spi.MetamodelGraphWalker - Visiting attribute path : notes
20:27:00.773 [main] DEBUG o.h.p.w.spi.MetamodelGraphWalker - Visiting attribute path : patient
20:27:00.774 [main] DEBUG o.h.l.p.b.i.spaces.QuerySpacesImpl - Adding QuerySpace : uid = <gen:5> -> org.hibernate.loader.plan.build.internal.spaces.EntityQuerySpaceImpl@73620e2a]
20:27:00.774 [main] DEBUG o.h.p.w.spi.MetamodelGraphWalker - Visiting attribute path : prescriptions
20:27:00.774 [main] DEBUG o.h.l.p.b.i.spaces.QuerySpacesImpl - Adding QuerySpace : uid = <gen:6> -> org.hibernate.loader.plan.build.internal.spaces.CollectionQuerySpaceImpl@13f42792]
20:27:00.774 [main] DEBUG o.h.l.p.b.i.spaces.QuerySpacesImpl - Adding QuerySpace : uid = <gen:7> -> org.hibernate.loader.plan.build.internal.spaces.EntityQuerySpaceImpl@338de11c]
20:27:00.774 [main] DEBUG o.h.p.w.spi.MetamodelGraphWalker - Visiting attribute path : type
20:27:00.774 [main] DEBUG o.h.l.p.b.i.FetchStyleLoadPlanBuildingAssociationVisitationStrategy - Building LoadPlan...
20:27:00.774 [main] DEBUG o.h.l.p.e.i.LoadQueryJoinAndFetchProcessor - processing queryspace <gen:0>
20:27:00.775 [main] DEBUG o.h.l.p.b.spi.LoadPlanTreePrinter - LoadPlan(entity=edu.ncsu.csc.itrust2.models.persistent.OfficeVisit)
    - Returns
       - EntityReturnImpl(entity=edu.ncsu.csc.itrust2.models.persistent.OfficeVisit, querySpaceUid=<gen:0>, path=edu.ncsu.csc.itrust2.models.persistent.OfficeVisit)
          - EntityAttributeFetchImpl(entity=edu.ncsu.csc.itrust2.models.persistent.AppointmentRequest, querySpaceUid=<gen:1>, path=edu.ncsu.csc.itrust2.models.persistent.OfficeVisit.appointment)
          - EntityAttributeFetchImpl(entity=edu.ncsu.csc.itrust2.models.persistent.BasicHealthMetrics, querySpaceUid=<gen:2>, path=edu.ncsu.csc.itrust2.models.persistent.OfficeVisit.basicHealthMetrics)
          - EntityAttributeFetchImpl(entity=edu.ncsu.csc.itrust2.models.persistent.User, querySpaceUid=<gen:3>, path=edu.ncsu.csc.itrust2.models.persistent.OfficeVisit.hcp)
          - EntityAttributeFetchImpl(entity=edu.ncsu.csc.itrust2.models.persistent.Hospital, querySpaceUid=<gen:4>, path=edu.ncsu.csc.itrust2.models.persistent.OfficeVisit.hospital)
          - EntityAttributeFetchImpl(entity=edu.ncsu.csc.itrust2.models.persistent.User, querySpaceUid=<gen:5>, path=edu.ncsu.csc.itrust2.models.persistent.OfficeVisit.patient)
          - CollectionAttributeFetchImpl(collection=edu.ncsu.csc.itrust2.models.persistent.OfficeVisit.prescriptions, querySpaceUid=<gen:6>, path=edu.ncsu.csc.itrust2.models.persistent.OfficeVisit.prescriptions)
             - (collection element) CollectionFetchableElementEntityGraph(entity=edu.ncsu.csc.itrust2.models.persistent.Prescription, querySpaceUid=<gen:7>, path=edu.ncsu.csc.itrust2.models.persistent.OfficeVisit.prescriptions.<elements>)
    - QuerySpaces
       - EntityQuerySpaceImpl(uid=<gen:0>, entity=edu.ncsu.csc.itrust2.models.persistent.OfficeVisit)
          - SQL table alias mapping - officevisi0_
          - alias suffix - 0_
          - suffixed key columns - {id1_10_0_}

20:27:00.775 [main] DEBUG o.h.loader.entity.plan.EntityLoader - Static select for entity edu.ncsu.csc.itrust2.models.persistent.OfficeVisit [OPTIMISTIC]: select officevisi0_.id as id1_10_0_, officevisi0_.appointment_id as appointm5_10_0_, officevisi0_.basichealthmetrics_id as basichea6_10_0_, officevisi0_.date as date2_10_0_, officevisi0_.hcp_id as hcp_id7_10_0_, officevisi0_.hospital_id as hospital8_10_0_, officevisi0_.notes as notes3_10_0_, officevisi0_.patient_id as patient_9_10_0_, officevisi0_.type as type4_10_0_ from OfficeVisits officevisi0_ where officevisi0_.id=?
20:27:00.775 [main] DEBUG o.h.l.p.b.i.spaces.QuerySpacesImpl - Adding QuerySpace : uid = <gen:0> -> org.hibernate.loader.plan.build.internal.spaces.EntityQuerySpaceImpl@122a2f74]
20:27:00.775 [main] DEBUG o.h.p.w.spi.MetamodelGraphWalker - Visiting attribute path : appointment
20:27:00.775 [main] DEBUG o.h.l.p.b.i.spaces.QuerySpacesImpl - Adding QuerySpace : uid = <gen:1> -> org.hibernate.loader.plan.build.internal.spaces.EntityQuerySpaceImpl@43a0015b]
20:27:00.776 [main] DEBUG o.h.p.w.spi.MetamodelGraphWalker - Visiting attribute path : basicHealthMetrics
20:27:00.776 [main] DEBUG o.h.l.p.b.i.spaces.QuerySpacesImpl - Adding QuerySpace : uid = <gen:2> -> org.hibernate.loader.plan.build.internal.spaces.EntityQuerySpaceImpl@1ff98d32]
20:27:00.776 [main] DEBUG o.h.p.w.spi.MetamodelGraphWalker - Visiting attribute path : date
20:27:00.776 [main] DEBUG o.h.p.w.spi.MetamodelGraphWalker - Visiting attribute path : hcp
20:27:00.776 [main] DEBUG o.h.l.p.b.i.spaces.QuerySpacesImpl - Adding QuerySpace : uid = <gen:3> -> org.hibernate.loader.plan.build.internal.spaces.EntityQuerySpaceImpl@5ceb4036]
20:27:00.776 [main] DEBUG o.h.p.w.spi.MetamodelGraphWalker - Visiting attribute path : hospital
20:27:00.776 [main] DEBUG o.h.l.p.b.i.spaces.QuerySpacesImpl - Adding QuerySpace : uid = <gen:4> -> org.hibernate.loader.plan.build.internal.spaces.EntityQuerySpaceImpl@7e11cba6]
20:27:00.776 [main] DEBUG o.h.p.w.spi.MetamodelGraphWalker - Visiting attribute path : notes
20:27:00.776 [main] DEBUG o.h.p.w.spi.MetamodelGraphWalker - Visiting attribute path : patient
20:27:00.776 [main] DEBUG o.h.l.p.b.i.spaces.QuerySpacesImpl - Adding QuerySpace : uid = <gen:5> -> org.hibernate.loader.plan.build.internal.spaces.EntityQuerySpaceImpl@3df8a7e6]
20:27:00.776 [main] DEBUG o.h.p.w.spi.MetamodelGraphWalker - Visiting attribute path : prescriptions
20:27:00.776 [main] DEBUG o.h.l.p.b.i.spaces.QuerySpacesImpl - Adding QuerySpace : uid = <gen:6> -> org.hibernate.loader.plan.build.internal.spaces.CollectionQuerySpaceImpl@6e3b3d76]
20:27:00.777 [main] DEBUG o.h.l.p.b.i.spaces.QuerySpacesImpl - Adding QuerySpace : uid = <gen:7> -> org.hibernate.loader.plan.build.internal.spaces.EntityQuerySpaceImpl@68573a77]
20:27:00.777 [main] DEBUG o.h.p.w.spi.MetamodelGraphWalker - Visiting attribute path : type
20:27:00.777 [main] DEBUG o.h.l.p.b.i.FetchStyleLoadPlanBuildingAssociationVisitationStrategy - Building LoadPlan...
20:27:00.777 [main] DEBUG o.h.l.p.e.i.LoadQueryJoinAndFetchProcessor - processing queryspace <gen:0>
20:27:00.777 [main] DEBUG o.h.l.p.b.spi.LoadPlanTreePrinter - LoadPlan(entity=edu.ncsu.csc.itrust2.models.persistent.OfficeVisit)
    - Returns
       - EntityReturnImpl(entity=edu.ncsu.csc.itrust2.models.persistent.OfficeVisit, querySpaceUid=<gen:0>, path=edu.ncsu.csc.itrust2.models.persistent.OfficeVisit)
          - EntityAttributeFetchImpl(entity=edu.ncsu.csc.itrust2.models.persistent.AppointmentRequest, querySpaceUid=<gen:1>, path=edu.ncsu.csc.itrust2.models.persistent.OfficeVisit.appointment)
          - EntityAttributeFetchImpl(entity=edu.ncsu.csc.itrust2.models.persistent.BasicHealthMetrics, querySpaceUid=<gen:2>, path=edu.ncsu.csc.itrust2.models.persistent.OfficeVisit.basicHealthMetrics)
          - EntityAttributeFetchImpl(entity=edu.ncsu.csc.itrust2.models.persistent.User, querySpaceUid=<gen:3>, path=edu.ncsu.csc.itrust2.models.persistent.OfficeVisit.hcp)
          - EntityAttributeFetchImpl(entity=edu.ncsu.csc.itrust2.models.persistent.Hospital, querySpaceUid=<gen:4>, path=edu.ncsu.csc.itrust2.models.persistent.OfficeVisit.hospital)
          - EntityAttributeFetchImpl(entity=edu.ncsu.csc.itrust2.models.persistent.User, querySpaceUid=<gen:5>, path=edu.ncsu.csc.itrust2.models.persistent.OfficeVisit.patient)
          - CollectionAttributeFetchImpl(collection=edu.ncsu.csc.itrust2.models.persistent.OfficeVisit.prescriptions, querySpaceUid=<gen:6>, path=edu.ncsu.csc.itrust2.models.persistent.OfficeVisit.prescriptions)
             - (collection element) CollectionFetchableElementEntityGraph(entity=edu.ncsu.csc.itrust2.models.persistent.Prescription, querySpaceUid=<gen:7>, path=edu.ncsu.csc.itrust2.models.persistent.OfficeVisit.prescriptions.<elements>)
    - QuerySpaces
       - EntityQuerySpaceImpl(uid=<gen:0>, entity=edu.ncsu.csc.itrust2.models.persistent.OfficeVisit)
          - SQL table alias mapping - officevisi0_
          - alias suffix - 0_
          - suffixed key columns - {id1_10_0_}

20:27:00.778 [main] DEBUG o.h.loader.entity.plan.EntityLoader - Static select for entity edu.ncsu.csc.itrust2.models.persistent.OfficeVisit [OPTIMISTIC_FORCE_INCREMENT]: select officevisi0_.id as id1_10_0_, officevisi0_.appointment_id as appointm5_10_0_, officevisi0_.basichealthmetrics_id as basichea6_10_0_, officevisi0_.date as date2_10_0_, officevisi0_.hcp_id as hcp_id7_10_0_, officevisi0_.hospital_id as hospital8_10_0_, officevisi0_.notes as notes3_10_0_, officevisi0_.patient_id as patient_9_10_0_, officevisi0_.type as type4_10_0_ from OfficeVisits officevisi0_ where officevisi0_.id=?
20:27:00.778 [main] DEBUG org.hibernate.loader.Loader - Static select for action ACTION_MERGE on entity edu.ncsu.csc.itrust2.models.persistent.OfficeVisit: select officevisi0_.id as id1_10_0_, officevisi0_.appointment_id as appointm5_10_0_, officevisi0_.basichealthmetrics_id as basichea6_10_0_, officevisi0_.date as date2_10_0_, officevisi0_.hcp_id as hcp_id7_10_0_, officevisi0_.hospital_id as hospital8_10_0_, officevisi0_.notes as notes3_10_0_, officevisi0_.patient_id as patient_9_10_0_, officevisi0_.type as type4_10_0_ from OfficeVisits officevisi0_ where officevisi0_.id=?
20:27:00.778 [main] DEBUG org.hibernate.loader.Loader - Static select for action ACTION_REFRESH on entity edu.ncsu.csc.itrust2.models.persistent.OfficeVisit: select officevisi0_.id as id1_10_0_, officevisi0_.appointment_id as appointm5_10_0_, officevisi0_.basichealthmetrics_id as basichea6_10_0_, officevisi0_.date as date2_10_0_, officevisi0_.hcp_id as hcp_id7_10_0_, officevisi0_.hospital_id as hospital8_10_0_, officevisi0_.notes as notes3_10_0_, officevisi0_.patient_id as patient_9_10_0_, officevisi0_.type as type4_10_0_ from OfficeVisits officevisi0_ where officevisi0_.id=?
20:27:00.779 [main] DEBUG o.h.p.entity.AbstractEntityPersister - Static SQL for entity: edu.ncsu.csc.itrust2.models.persistent.Drug
20:27:00.779 [main] DEBUG o.h.p.entity.AbstractEntityPersister -  Version select: select id from Drugs where id =?
20:27:00.779 [main] DEBUG o.h.p.entity.AbstractEntityPersister -  Snapshot select: select drug_.id, drug_.code as code2_3_, drug_.description as descript3_3_, drug_.name as name4_3_ from Drugs drug_ where drug_.id=?
20:27:00.779 [main] DEBUG o.h.p.entity.AbstractEntityPersister -  Insert 0: insert into Drugs (code, description, name, id) values (?, ?, ?, ?)
20:27:00.779 [main] DEBUG o.h.p.entity.AbstractEntityPersister -  Update 0: update Drugs set code=?, description=?, name=? where id=?
20:27:00.779 [main] DEBUG o.h.p.entity.AbstractEntityPersister -  Delete 0: delete from Drugs where id=?
20:27:00.779 [main] DEBUG o.h.l.p.b.i.spaces.QuerySpacesImpl - Adding QuerySpace : uid = <gen:0> -> org.hibernate.loader.plan.build.internal.spaces.EntityQuerySpaceImpl@186b8020]
20:27:00.779 [main] DEBUG o.h.p.w.spi.MetamodelGraphWalker - Visiting attribute path : code
20:27:00.779 [main] DEBUG o.h.p.w.spi.MetamodelGraphWalker - Visiting attribute path : description
20:27:00.780 [main] DEBUG o.h.p.w.spi.MetamodelGraphWalker - Visiting attribute path : name
20:27:00.780 [main] DEBUG o.h.l.p.b.i.FetchStyleLoadPlanBuildingAssociationVisitationStrategy - Building LoadPlan...
20:27:00.780 [main] DEBUG o.h.l.p.e.i.LoadQueryJoinAndFetchProcessor - processing queryspace <gen:0>
20:27:00.780 [main] DEBUG o.h.l.p.b.spi.LoadPlanTreePrinter - LoadPlan(entity=edu.ncsu.csc.itrust2.models.persistent.Drug)
    - Returns
       - EntityReturnImpl(entity=edu.ncsu.csc.itrust2.models.persistent.Drug, querySpaceUid=<gen:0>, path=edu.ncsu.csc.itrust2.models.persistent.Drug)
    - QuerySpaces
       - EntityQuerySpaceImpl(uid=<gen:0>, entity=edu.ncsu.csc.itrust2.models.persistent.Drug)
          - SQL table alias mapping - drug0_
          - alias suffix - 0_
          - suffixed key columns - {id1_3_0_}

20:27:00.780 [main] DEBUG o.h.loader.entity.plan.EntityLoader - Static select for entity edu.ncsu.csc.itrust2.models.persistent.Drug [NONE]: select drug0_.id as id1_3_0_, drug0_.code as code2_3_0_, drug0_.description as descript3_3_0_, drug0_.name as name4_3_0_ from Drugs drug0_ where drug0_.id=?
20:27:00.781 [main] DEBUG o.h.l.p.b.i.spaces.QuerySpacesImpl - Adding QuerySpace : uid = <gen:0> -> org.hibernate.loader.plan.build.internal.spaces.EntityQuerySpaceImpl@573382bd]
20:27:00.781 [main] DEBUG o.h.p.w.spi.MetamodelGraphWalker - Visiting attribute path : code
20:27:00.781 [main] DEBUG o.h.p.w.spi.MetamodelGraphWalker - Visiting attribute path : description
20:27:00.781 [main] DEBUG o.h.p.w.spi.MetamodelGraphWalker - Visiting attribute path : name
20:27:00.781 [main] DEBUG o.h.l.p.b.i.FetchStyleLoadPlanBuildingAssociationVisitationStrategy - Building LoadPlan...
20:27:00.781 [main] DEBUG o.h.l.p.e.i.LoadQueryJoinAndFetchProcessor - processing queryspace <gen:0>
20:27:00.781 [main] DEBUG o.h.l.p.b.spi.LoadPlanTreePrinter - LoadPlan(entity=edu.ncsu.csc.itrust2.models.persistent.Drug)
    - Returns
       - EntityReturnImpl(entity=edu.ncsu.csc.itrust2.models.persistent.Drug, querySpaceUid=<gen:0>, path=edu.ncsu.csc.itrust2.models.persistent.Drug)
    - QuerySpaces
       - EntityQuerySpaceImpl(uid=<gen:0>, entity=edu.ncsu.csc.itrust2.models.persistent.Drug)
          - SQL table alias mapping - drug0_
          - alias suffix - 0_
          - suffixed key columns - {id1_3_0_}

20:27:00.781 [main] DEBUG o.h.loader.entity.plan.EntityLoader - Static select for entity edu.ncsu.csc.itrust2.models.persistent.Drug [READ]: select drug0_.id as id1_3_0_, drug0_.code as code2_3_0_, drug0_.description as descript3_3_0_, drug0_.name as name4_3_0_ from Drugs drug0_ where drug0_.id=?
20:27:00.782 [main] DEBUG o.h.l.p.b.i.spaces.QuerySpacesImpl - Adding QuerySpace : uid = <gen:0> -> org.hibernate.loader.plan.build.internal.spaces.EntityQuerySpaceImpl@424874c2]
20:27:00.782 [main] DEBUG o.h.p.w.spi.MetamodelGraphWalker - Visiting attribute path : code
20:27:00.782 [main] DEBUG o.h.p.w.spi.MetamodelGraphWalker - Visiting attribute path : description
20:27:00.782 [main] DEBUG o.h.p.w.spi.MetamodelGraphWalker - Visiting attribute path : name
20:27:00.782 [main] DEBUG o.h.l.p.b.i.FetchStyleLoadPlanBuildingAssociationVisitationStrategy - Building LoadPlan...
20:27:00.782 [main] DEBUG o.h.l.p.e.i.LoadQueryJoinAndFetchProcessor - processing queryspace <gen:0>
20:27:00.782 [main] DEBUG o.h.l.p.b.spi.LoadPlanTreePrinter - LoadPlan(entity=edu.ncsu.csc.itrust2.models.persistent.Drug)
    - Returns
       - EntityReturnImpl(entity=edu.ncsu.csc.itrust2.models.persistent.Drug, querySpaceUid=<gen:0>, path=edu.ncsu.csc.itrust2.models.persistent.Drug)
    - QuerySpaces
       - EntityQuerySpaceImpl(uid=<gen:0>, entity=edu.ncsu.csc.itrust2.models.persistent.Drug)
          - SQL table alias mapping - drug0_
          - alias suffix - 0_
          - suffixed key columns - {id1_3_0_}

20:27:00.783 [main] DEBUG o.h.loader.entity.plan.EntityLoader - Static select for entity edu.ncsu.csc.itrust2.models.persistent.Drug [UPGRADE]: select drug0_.id as id1_3_0_, drug0_.code as code2_3_0_, drug0_.description as descript3_3_0_, drug0_.name as name4_3_0_ from Drugs drug0_ where drug0_.id=? for update
20:27:00.783 [main] DEBUG o.h.l.p.b.i.spaces.QuerySpacesImpl - Adding QuerySpace : uid = <gen:0> -> org.hibernate.loader.plan.build.internal.spaces.EntityQuerySpaceImpl@4f2d5dab]
20:27:00.783 [main] DEBUG o.h.p.w.spi.MetamodelGraphWalker - Visiting attribute path : code
20:27:00.783 [main] DEBUG o.h.p.w.spi.MetamodelGraphWalker - Visiting attribute path : description
20:27:00.783 [main] DEBUG o.h.p.w.spi.MetamodelGraphWalker - Visiting attribute path : name
20:27:00.783 [main] DEBUG o.h.l.p.b.i.FetchStyleLoadPlanBuildingAssociationVisitationStrategy - Building LoadPlan...
20:27:00.783 [main] DEBUG o.h.l.p.e.i.LoadQueryJoinAndFetchProcessor - processing queryspace <gen:0>
20:27:00.783 [main] DEBUG o.h.l.p.b.spi.LoadPlanTreePrinter - LoadPlan(entity=edu.ncsu.csc.itrust2.models.persistent.Drug)
    - Returns
       - EntityReturnImpl(entity=edu.ncsu.csc.itrust2.models.persistent.Drug, querySpaceUid=<gen:0>, path=edu.ncsu.csc.itrust2.models.persistent.Drug)
    - QuerySpaces
       - EntityQuerySpaceImpl(uid=<gen:0>, entity=edu.ncsu.csc.itrust2.models.persistent.Drug)
          - SQL table alias mapping - drug0_
          - alias suffix - 0_
          - suffixed key columns - {id1_3_0_}

20:27:00.784 [main] DEBUG o.h.loader.entity.plan.EntityLoader - Static select for entity edu.ncsu.csc.itrust2.models.persistent.Drug [UPGRADE_NOWAIT]: select drug0_.id as id1_3_0_, drug0_.code as code2_3_0_, drug0_.description as descript3_3_0_, drug0_.name as name4_3_0_ from Drugs drug0_ where drug0_.id=? for update
20:27:00.784 [main] DEBUG o.h.l.p.b.i.spaces.QuerySpacesImpl - Adding QuerySpace : uid = <gen:0> -> org.hibernate.loader.plan.build.internal.spaces.EntityQuerySpaceImpl@7ce32c09]
20:27:00.784 [main] DEBUG o.h.p.w.spi.MetamodelGraphWalker - Visiting attribute path : code
20:27:00.784 [main] DEBUG o.h.p.w.spi.MetamodelGraphWalker - Visiting attribute path : description
20:27:00.784 [main] DEBUG o.h.p.w.spi.MetamodelGraphWalker - Visiting attribute path : name
20:27:00.784 [main] DEBUG o.h.l.p.b.i.FetchStyleLoadPlanBuildingAssociationVisitationStrategy - Building LoadPlan...
20:27:00.784 [main] DEBUG o.h.l.p.e.i.LoadQueryJoinAndFetchProcessor - processing queryspace <gen:0>
20:27:00.784 [main] DEBUG o.h.l.p.b.spi.LoadPlanTreePrinter - LoadPlan(entity=edu.ncsu.csc.itrust2.models.persistent.Drug)
    - Returns
       - EntityReturnImpl(entity=edu.ncsu.csc.itrust2.models.persistent.Drug, querySpaceUid=<gen:0>, path=edu.ncsu.csc.itrust2.models.persistent.Drug)
    - QuerySpaces
       - EntityQuerySpaceImpl(uid=<gen:0>, entity=edu.ncsu.csc.itrust2.models.persistent.Drug)
          - SQL table alias mapping - drug0_
          - alias suffix - 0_
          - suffixed key columns - {id1_3_0_}

20:27:00.785 [main] DEBUG o.h.loader.entity.plan.EntityLoader - Static select for entity edu.ncsu.csc.itrust2.models.persistent.Drug [UPGRADE_SKIPLOCKED]: select drug0_.id as id1_3_0_, drug0_.code as code2_3_0_, drug0_.description as descript3_3_0_, drug0_.name as name4_3_0_ from Drugs drug0_ where drug0_.id=? for update
20:27:00.785 [main] DEBUG o.h.l.p.b.i.spaces.QuerySpacesImpl - Adding QuerySpace : uid = <gen:0> -> org.hibernate.loader.plan.build.internal.spaces.EntityQuerySpaceImpl@5dcd97fb]
20:27:00.785 [main] DEBUG o.h.p.w.spi.MetamodelGraphWalker - Visiting attribute path : code
20:27:00.785 [main] DEBUG o.h.p.w.spi.MetamodelGraphWalker - Visiting attribute path : description
20:27:00.785 [main] DEBUG o.h.p.w.spi.MetamodelGraphWalker - Visiting attribute path : name
20:27:00.785 [main] DEBUG o.h.l.p.b.i.FetchStyleLoadPlanBuildingAssociationVisitationStrategy - Building LoadPlan...
20:27:00.785 [main] DEBUG o.h.l.p.e.i.LoadQueryJoinAndFetchProcessor - processing queryspace <gen:0>
20:27:00.786 [main] DEBUG o.h.l.p.b.spi.LoadPlanTreePrinter - LoadPlan(entity=edu.ncsu.csc.itrust2.models.persistent.Drug)
    - Returns
       - EntityReturnImpl(entity=edu.ncsu.csc.itrust2.models.persistent.Drug, querySpaceUid=<gen:0>, path=edu.ncsu.csc.itrust2.models.persistent.Drug)
    - QuerySpaces
       - EntityQuerySpaceImpl(uid=<gen:0>, entity=edu.ncsu.csc.itrust2.models.persistent.Drug)
          - SQL table alias mapping - drug0_
          - alias suffix - 0_
          - suffixed key columns - {id1_3_0_}

20:27:00.786 [main] DEBUG o.h.loader.entity.plan.EntityLoader - Static select for entity edu.ncsu.csc.itrust2.models.persistent.Drug [FORCE]: select drug0_.id as id1_3_0_, drug0_.code as code2_3_0_, drug0_.description as descript3_3_0_, drug0_.name as name4_3_0_ from Drugs drug0_ where drug0_.id=? for update
20:27:00.786 [main] DEBUG o.h.l.p.b.i.spaces.QuerySpacesImpl - Adding QuerySpace : uid = <gen:0> -> org.hibernate.loader.plan.build.internal.spaces.EntityQuerySpaceImpl@2077eeca]
20:27:00.786 [main] DEBUG o.h.p.w.spi.MetamodelGraphWalker - Visiting attribute path : code
20:27:00.786 [main] DEBUG o.h.p.w.spi.MetamodelGraphWalker - Visiting attribute path : description
20:27:00.786 [main] DEBUG o.h.p.w.spi.MetamodelGraphWalker - Visiting attribute path : name
20:27:00.786 [main] DEBUG o.h.l.p.b.i.FetchStyleLoadPlanBuildingAssociationVisitationStrategy - Building LoadPlan...
20:27:00.786 [main] DEBUG o.h.l.p.e.i.LoadQueryJoinAndFetchProcessor - processing queryspace <gen:0>
20:27:00.787 [main] DEBUG o.h.l.p.b.spi.LoadPlanTreePrinter - LoadPlan(entity=edu.ncsu.csc.itrust2.models.persistent.Drug)
    - Returns
       - EntityReturnImpl(entity=edu.ncsu.csc.itrust2.models.persistent.Drug, querySpaceUid=<gen:0>, path=edu.ncsu.csc.itrust2.models.persistent.Drug)
    - QuerySpaces
       - EntityQuerySpaceImpl(uid=<gen:0>, entity=edu.ncsu.csc.itrust2.models.persistent.Drug)
          - SQL table alias mapping - drug0_
          - alias suffix - 0_
          - suffixed key columns - {id1_3_0_}

20:27:00.787 [main] DEBUG o.h.loader.entity.plan.EntityLoader - Static select for entity edu.ncsu.csc.itrust2.models.persistent.Drug [PESSIMISTIC_READ]: select drug0_.id as id1_3_0_, drug0_.code as code2_3_0_, drug0_.description as descript3_3_0_, drug0_.name as name4_3_0_ from Drugs drug0_ where drug0_.id=? lock in share mode
20:27:00.787 [main] DEBUG o.h.l.p.b.i.spaces.QuerySpacesImpl - Adding QuerySpace : uid = <gen:0> -> org.hibernate.loader.plan.build.internal.spaces.EntityQuerySpaceImpl@2b4c4b3c]
20:27:00.787 [main] DEBUG o.h.p.w.spi.MetamodelGraphWalker - Visiting attribute path : code
20:27:00.787 [main] DEBUG o.h.p.w.spi.MetamodelGraphWalker - Visiting attribute path : description
20:27:00.787 [main] DEBUG o.h.p.w.spi.MetamodelGraphWalker - Visiting attribute path : name
20:27:00.787 [main] DEBUG o.h.l.p.b.i.FetchStyleLoadPlanBuildingAssociationVisitationStrategy - Building LoadPlan...
20:27:00.787 [main] DEBUG o.h.l.p.e.i.LoadQueryJoinAndFetchProcessor - processing queryspace <gen:0>
20:27:00.788 [main] DEBUG o.h.l.p.b.spi.LoadPlanTreePrinter - LoadPlan(entity=edu.ncsu.csc.itrust2.models.persistent.Drug)
    - Returns
       - EntityReturnImpl(entity=edu.ncsu.csc.itrust2.models.persistent.Drug, querySpaceUid=<gen:0>, path=edu.ncsu.csc.itrust2.models.persistent.Drug)
    - QuerySpaces
       - EntityQuerySpaceImpl(uid=<gen:0>, entity=edu.ncsu.csc.itrust2.models.persistent.Drug)
          - SQL table alias mapping - drug0_
          - alias suffix - 0_
          - suffixed key columns - {id1_3_0_}

20:27:00.788 [main] DEBUG o.h.loader.entity.plan.EntityLoader - Static select for entity edu.ncsu.csc.itrust2.models.persistent.Drug [PESSIMISTIC_WRITE]: select drug0_.id as id1_3_0_, drug0_.code as code2_3_0_, drug0_.description as descript3_3_0_, drug0_.name as name4_3_0_ from Drugs drug0_ where drug0_.id=? for update
20:27:00.788 [main] DEBUG o.h.l.p.b.i.spaces.QuerySpacesImpl - Adding QuerySpace : uid = <gen:0> -> org.hibernate.loader.plan.build.internal.spaces.EntityQuerySpaceImpl@7986ddde]
20:27:00.788 [main] DEBUG o.h.p.w.spi.MetamodelGraphWalker - Visiting attribute path : code
20:27:00.788 [main] DEBUG o.h.p.w.spi.MetamodelGraphWalker - Visiting attribute path : description
20:27:00.788 [main] DEBUG o.h.p.w.spi.MetamodelGraphWalker - Visiting attribute path : name
20:27:00.788 [main] DEBUG o.h.l.p.b.i.FetchStyleLoadPlanBuildingAssociationVisitationStrategy - Building LoadPlan...
20:27:00.788 [main] DEBUG o.h.l.p.e.i.LoadQueryJoinAndFetchProcessor - processing queryspace <gen:0>
20:27:00.789 [main] DEBUG o.h.l.p.b.spi.LoadPlanTreePrinter - LoadPlan(entity=edu.ncsu.csc.itrust2.models.persistent.Drug)
    - Returns
       - EntityReturnImpl(entity=edu.ncsu.csc.itrust2.models.persistent.Drug, querySpaceUid=<gen:0>, path=edu.ncsu.csc.itrust2.models.persistent.Drug)
    - QuerySpaces
       - EntityQuerySpaceImpl(uid=<gen:0>, entity=edu.ncsu.csc.itrust2.models.persistent.Drug)
          - SQL table alias mapping - drug0_
          - alias suffix - 0_
          - suffixed key columns - {id1_3_0_}

20:27:00.789 [main] DEBUG o.h.loader.entity.plan.EntityLoader - Static select for entity edu.ncsu.csc.itrust2.models.persistent.Drug [PESSIMISTIC_FORCE_INCREMENT]: select drug0_.id as id1_3_0_, drug0_.code as code2_3_0_, drug0_.description as descript3_3_0_, drug0_.name as name4_3_0_ from Drugs drug0_ where drug0_.id=? for update
20:27:00.789 [main] DEBUG o.h.l.p.b.i.spaces.QuerySpacesImpl - Adding QuerySpace : uid = <gen:0> -> org.hibernate.loader.plan.build.internal.spaces.EntityQuerySpaceImpl@511af385]
20:27:00.789 [main] DEBUG o.h.p.w.spi.MetamodelGraphWalker - Visiting attribute path : code
20:27:00.789 [main] DEBUG o.h.p.w.spi.MetamodelGraphWalker - Visiting attribute path : description
20:27:00.789 [main] DEBUG o.h.p.w.spi.MetamodelGraphWalker - Visiting attribute path : name
20:27:00.789 [main] DEBUG o.h.l.p.b.i.FetchStyleLoadPlanBuildingAssociationVisitationStrategy - Building LoadPlan...
20:27:00.789 [main] DEBUG o.h.l.p.e.i.LoadQueryJoinAndFetchProcessor - processing queryspace <gen:0>
20:27:00.789 [main] DEBUG o.h.l.p.b.spi.LoadPlanTreePrinter - LoadPlan(entity=edu.ncsu.csc.itrust2.models.persistent.Drug)
    - Returns
       - EntityReturnImpl(entity=edu.ncsu.csc.itrust2.models.persistent.Drug, querySpaceUid=<gen:0>, path=edu.ncsu.csc.itrust2.models.persistent.Drug)
    - QuerySpaces
       - EntityQuerySpaceImpl(uid=<gen:0>, entity=edu.ncsu.csc.itrust2.models.persistent.Drug)
          - SQL table alias mapping - drug0_
          - alias suffix - 0_
          - suffixed key columns - {id1_3_0_}

20:27:00.790 [main] DEBUG o.h.loader.entity.plan.EntityLoader - Static select for entity edu.ncsu.csc.itrust2.models.persistent.Drug [OPTIMISTIC]: select drug0_.id as id1_3_0_, drug0_.code as code2_3_0_, drug0_.description as descript3_3_0_, drug0_.name as name4_3_0_ from Drugs drug0_ where drug0_.id=?
20:27:00.790 [main] DEBUG o.h.l.p.b.i.spaces.QuerySpacesImpl - Adding QuerySpace : uid = <gen:0> -> org.hibernate.loader.plan.build.internal.spaces.EntityQuerySpaceImpl@3bf36f10]
20:27:00.790 [main] DEBUG o.h.p.w.spi.MetamodelGraphWalker - Visiting attribute path : code
20:27:00.790 [main] DEBUG o.h.p.w.spi.MetamodelGraphWalker - Visiting attribute path : description
20:27:00.790 [main] DEBUG o.h.p.w.spi.MetamodelGraphWalker - Visiting attribute path : name
20:27:00.790 [main] DEBUG o.h.l.p.b.i.FetchStyleLoadPlanBuildingAssociationVisitationStrategy - Building LoadPlan...
20:27:00.790 [main] DEBUG o.h.l.p.e.i.LoadQueryJoinAndFetchProcessor - processing queryspace <gen:0>
20:27:00.790 [main] DEBUG o.h.l.p.b.spi.LoadPlanTreePrinter - LoadPlan(entity=edu.ncsu.csc.itrust2.models.persistent.Drug)
    - Returns
       - EntityReturnImpl(entity=edu.ncsu.csc.itrust2.models.persistent.Drug, querySpaceUid=<gen:0>, path=edu.ncsu.csc.itrust2.models.persistent.Drug)
    - QuerySpaces
       - EntityQuerySpaceImpl(uid=<gen:0>, entity=edu.ncsu.csc.itrust2.models.persistent.Drug)
          - SQL table alias mapping - drug0_
          - alias suffix - 0_
          - suffixed key columns - {id1_3_0_}

20:27:00.791 [main] DEBUG o.h.loader.entity.plan.EntityLoader - Static select for entity edu.ncsu.csc.itrust2.models.persistent.Drug [OPTIMISTIC_FORCE_INCREMENT]: select drug0_.id as id1_3_0_, drug0_.code as code2_3_0_, drug0_.description as descript3_3_0_, drug0_.name as name4_3_0_ from Drugs drug0_ where drug0_.id=?
20:27:00.791 [main] DEBUG org.hibernate.loader.Loader - Static select for action ACTION_MERGE on entity edu.ncsu.csc.itrust2.models.persistent.Drug: select drug0_.id as id1_3_0_, drug0_.code as code2_3_0_, drug0_.description as descript3_3_0_, drug0_.name as name4_3_0_ from Drugs drug0_ where drug0_.id=?
20:27:00.791 [main] DEBUG org.hibernate.loader.Loader - Static select for action ACTION_REFRESH on entity edu.ncsu.csc.itrust2.models.persistent.Drug: select drug0_.id as id1_3_0_, drug0_.code as code2_3_0_, drug0_.description as descript3_3_0_, drug0_.name as name4_3_0_ from Drugs drug0_ where drug0_.id=?
20:27:00.791 [main] DEBUG o.h.p.entity.AbstractEntityPersister - Static SQL for entity: edu.ncsu.csc.itrust2.models.persistent.Diagnosis
20:27:00.791 [main] DEBUG o.h.p.entity.AbstractEntityPersister -  Version select: select id from Diagnoses where id =?
20:27:00.792 [main] DEBUG o.h.p.entity.AbstractEntityPersister -  Snapshot select: select diagnosis_.id, diagnosis_.code_id as code_id3_2_, diagnosis_.note as note2_2_, diagnosis_.visit_id as visit_id4_2_ from Diagnoses diagnosis_ where diagnosis_.id=?
20:27:00.792 [main] DEBUG o.h.p.entity.AbstractEntityPersister -  Insert 0: insert into Diagnoses (code_id, note, visit_id, id) values (?, ?, ?, ?)
20:27:00.792 [main] DEBUG o.h.p.entity.AbstractEntityPersister -  Update 0: update Diagnoses set code_id=?, note=?, visit_id=? where id=?
20:27:00.792 [main] DEBUG o.h.p.entity.AbstractEntityPersister -  Delete 0: delete from Diagnoses where id=?
20:27:00.792 [main] DEBUG o.h.l.p.b.i.spaces.QuerySpacesImpl - Adding QuerySpace : uid = <gen:0> -> org.hibernate.loader.plan.build.internal.spaces.EntityQuerySpaceImpl@176f1f99]
20:27:00.792 [main] DEBUG o.h.p.w.spi.MetamodelGraphWalker - Visiting attribute path : code
20:27:00.792 [main] DEBUG o.h.l.p.b.i.spaces.QuerySpacesImpl - Adding QuerySpace : uid = <gen:1> -> org.hibernate.loader.plan.build.internal.spaces.EntityQuerySpaceImpl@62e6fac7]
20:27:00.793 [main] DEBUG o.h.p.w.spi.MetamodelGraphWalker - Visiting attribute path : code.code
20:27:00.793 [main] DEBUG o.h.p.w.spi.MetamodelGraphWalker - Visiting attribute path : code.description
20:27:00.793 [main] DEBUG o.h.p.w.spi.MetamodelGraphWalker - Visiting attribute path : note
20:27:00.793 [main] DEBUG o.h.p.w.spi.MetamodelGraphWalker - Visiting attribute path : visit
20:27:00.793 [main] DEBUG o.h.l.p.b.i.spaces.QuerySpacesImpl - Adding QuerySpace : uid = <gen:2> -> org.hibernate.loader.plan.build.internal.spaces.EntityQuerySpaceImpl@66194b83]
20:27:00.793 [main] DEBUG o.h.p.w.spi.MetamodelGraphWalker - Visiting attribute path : visit.appointment
20:27:00.793 [main] DEBUG o.h.l.p.b.i.spaces.QuerySpacesImpl - Adding QuerySpace : uid = <gen:3> -> org.hibernate.loader.plan.build.internal.spaces.EntityQuerySpaceImpl@1d2cdca3]
20:27:00.794 [main] DEBUG o.h.p.w.spi.MetamodelGraphWalker - Visiting attribute path : visit.appointment.comments
20:27:00.794 [main] DEBUG o.h.p.w.spi.MetamodelGraphWalker - Visiting attribute path : visit.appointment.date
20:27:00.794 [main] DEBUG o.h.p.w.spi.MetamodelGraphWalker - Visiting attribute path : visit.appointment.hcp
20:27:00.794 [main] DEBUG o.h.l.p.b.i.spaces.QuerySpacesImpl - Adding QuerySpace : uid = <gen:4> -> org.hibernate.loader.plan.build.internal.spaces.EntityQuerySpaceImpl@10f65aa2]
20:27:00.794 [main] DEBUG o.h.p.w.spi.MetamodelGraphWalker - Visiting attribute path : visit.appointment.patient
20:27:00.794 [main] DEBUG o.h.l.p.b.i.spaces.QuerySpacesImpl - Adding QuerySpace : uid = <gen:5> -> org.hibernate.loader.plan.build.internal.spaces.EntityQuerySpaceImpl@1183f35c]
20:27:00.795 [main] DEBUG o.h.p.w.spi.MetamodelGraphWalker - Visiting attribute path : visit.appointment.status
20:27:00.795 [main] DEBUG o.h.p.w.spi.MetamodelGraphWalker - Visiting attribute path : visit.appointment.type
20:27:00.795 [main] DEBUG o.h.p.w.spi.MetamodelGraphWalker - Visiting attribute path : visit.basicHealthMetrics
20:27:00.795 [main] DEBUG o.h.l.p.b.i.spaces.QuerySpacesImpl - Adding QuerySpace : uid = <gen:6> -> org.hibernate.loader.plan.build.internal.spaces.EntityQuerySpaceImpl@6ab1fc0b]
20:27:00.795 [main] DEBUG o.h.p.w.spi.MetamodelGraphWalker - Visiting attribute path : visit.basicHealthMetrics.diastolic
20:27:00.796 [main] DEBUG o.h.p.w.spi.MetamodelGraphWalker - Visiting attribute path : visit.basicHealthMetrics.hcp
20:27:00.796 [main] DEBUG o.h.l.p.b.i.spaces.QuerySpacesImpl - Adding QuerySpace : uid = <gen:7> -> org.hibernate.loader.plan.build.internal.spaces.EntityQuerySpaceImpl@e360e01]
20:27:00.796 [main] DEBUG o.h.p.w.spi.MetamodelGraphWalker - Visiting attribute path : visit.basicHealthMetrics.hdl
20:27:00.796 [main] DEBUG o.h.p.w.spi.MetamodelGraphWalker - Visiting attribute path : visit.basicHealthMetrics.headCircumference
20:27:00.796 [main] DEBUG o.h.p.w.spi.MetamodelGraphWalker - Visiting attribute path : visit.basicHealthMetrics.height
20:27:00.796 [main] DEBUG o.h.p.w.spi.MetamodelGraphWalker - Visiting attribute path : visit.basicHealthMetrics.houseSmokingStatus
20:27:00.796 [main] DEBUG o.h.p.w.spi.MetamodelGraphWalker - Visiting attribute path : visit.basicHealthMetrics.ldl
20:27:00.796 [main] DEBUG o.h.p.w.spi.MetamodelGraphWalker - Visiting attribute path : visit.basicHealthMetrics.patient
20:27:00.796 [main] DEBUG o.h.l.p.b.i.spaces.QuerySpacesImpl - Adding QuerySpace : uid = <gen:8> -> org.hibernate.loader.plan.build.internal.spaces.EntityQuerySpaceImpl@210588]
20:27:00.796 [main] DEBUG o.h.p.w.spi.MetamodelGraphWalker - Visiting attribute path : visit.basicHealthMetrics.patientSmokingStatus
20:27:00.796 [main] DEBUG o.h.p.w.spi.MetamodelGraphWalker - Visiting attribute path : visit.basicHealthMetrics.systolic
20:27:00.796 [main] DEBUG o.h.p.w.spi.MetamodelGraphWalker - Visiting attribute path : visit.basicHealthMetrics.tri
20:27:00.796 [main] DEBUG o.h.p.w.spi.MetamodelGraphWalker - Visiting attribute path : visit.basicHealthMetrics.weight
20:27:00.796 [main] DEBUG o.h.p.w.spi.MetamodelGraphWalker - Visiting attribute path : visit.date
20:27:00.797 [main] DEBUG o.h.p.w.spi.MetamodelGraphWalker - Visiting attribute path : visit.hcp
20:27:00.797 [main] DEBUG o.h.l.p.b.i.spaces.QuerySpacesImpl - Adding QuerySpace : uid = <gen:9> -> org.hibernate.loader.plan.build.internal.spaces.EntityQuerySpaceImpl@6515f023]
20:27:00.797 [main] DEBUG o.h.p.w.spi.MetamodelGraphWalker - Visiting attribute path : visit.hcp.enabled
20:27:00.797 [main] DEBUG o.h.p.w.spi.MetamodelGraphWalker - Visiting attribute path : visit.hcp.password
20:27:00.797 [main] DEBUG o.h.p.w.spi.MetamodelGraphWalker - Visiting attribute path : visit.hcp.role
20:27:00.797 [main] DEBUG o.h.p.w.spi.MetamodelGraphWalker - Visiting attribute path : visit.hospital
20:27:00.797 [main] DEBUG o.h.l.p.b.i.spaces.QuerySpacesImpl - Adding QuerySpace : uid = <gen:10> -> org.hibernate.loader.plan.build.internal.spaces.EntityQuerySpaceImpl@4c5e9ca7]
20:27:00.797 [main] DEBUG o.h.p.w.spi.MetamodelGraphWalker - Visiting attribute path : visit.hospital.address
20:27:00.797 [main] DEBUG o.h.p.w.spi.MetamodelGraphWalker - Visiting attribute path : visit.hospital.state
20:27:00.797 [main] DEBUG o.h.p.w.spi.MetamodelGraphWalker - Visiting attribute path : visit.hospital.zip
20:27:00.797 [main] DEBUG o.h.p.w.spi.MetamodelGraphWalker - Visiting attribute path : visit.notes
20:27:00.797 [main] DEBUG o.h.p.w.spi.MetamodelGraphWalker - Visiting attribute path : visit.patient
20:27:00.798 [main] DEBUG o.h.l.p.b.i.spaces.QuerySpacesImpl - Adding QuerySpace : uid = <gen:11> -> org.hibernate.loader.plan.build.internal.spaces.EntityQuerySpaceImpl@e05a9a1]
20:27:00.798 [main] DEBUG o.h.p.w.spi.MetamodelGraphWalker - Visiting attribute path : visit.patient.enabled
20:27:00.798 [main] DEBUG o.h.p.w.spi.MetamodelGraphWalker - Visiting attribute path : visit.patient.password
20:27:00.798 [main] DEBUG o.h.p.w.spi.MetamodelGraphWalker - Visiting attribute path : visit.patient.role
20:27:00.798 [main] DEBUG o.h.p.w.spi.MetamodelGraphWalker - Visiting attribute path : visit.prescriptions
20:27:00.798 [main] DEBUG o.h.l.p.b.i.spaces.QuerySpacesImpl - Adding QuerySpace : uid = <gen:12> -> org.hibernate.loader.plan.build.internal.spaces.CollectionQuerySpaceImpl@72737dba]
20:27:00.798 [main] DEBUG o.h.l.p.b.i.spaces.QuerySpacesImpl - Adding QuerySpace : uid = <gen:13> -> org.hibernate.loader.plan.build.internal.spaces.EntityQuerySpaceImpl@685d02c0]
20:27:00.798 [main] DEBUG o.h.p.w.spi.MetamodelGraphWalker - Visiting attribute path : visit.prescriptions.dosage
20:27:00.798 [main] DEBUG o.h.p.w.spi.MetamodelGraphWalker - Visiting attribute path : visit.prescriptions.drug
20:27:00.798 [main] DEBUG o.h.l.p.b.i.spaces.QuerySpacesImpl - Adding QuerySpace : uid = <gen:14> -> org.hibernate.loader.plan.build.internal.spaces.EntityQuerySpaceImpl@6ba730c4]
20:27:00.799 [main] DEBUG o.h.p.w.spi.MetamodelGraphWalker - Visiting attribute path : visit.prescriptions.endDate
20:27:00.799 [main] DEBUG o.h.p.w.spi.MetamodelGraphWalker - Visiting attribute path : visit.prescriptions.patient
20:27:00.799 [main] DEBUG o.h.l.p.b.i.spaces.QuerySpacesImpl - Adding QuerySpace : uid = <gen:15> -> org.hibernate.loader.plan.build.internal.spaces.EntityQuerySpaceImpl@6b6c7472]
20:27:00.799 [main] DEBUG o.h.p.w.spi.MetamodelGraphWalker - Visiting attribute path : visit.prescriptions.renewals
20:27:00.799 [main] DEBUG o.h.p.w.spi.MetamodelGraphWalker - Visiting attribute path : visit.prescriptions.startDate
20:27:00.799 [main] DEBUG o.h.p.w.spi.MetamodelGraphWalker - Visiting attribute path : visit.type
20:27:00.799 [main] DEBUG o.h.l.p.b.i.FetchStyleLoadPlanBuildingAssociationVisitationStrategy - Building LoadPlan...
20:27:00.799 [main] DEBUG o.h.l.p.e.i.LoadQueryJoinAndFetchProcessor - processing queryspace <gen:0>
20:27:00.801 [main] DEBUG o.h.l.p.b.spi.LoadPlanTreePrinter - LoadPlan(entity=edu.ncsu.csc.itrust2.models.persistent.Diagnosis)
    - Returns
       - EntityReturnImpl(entity=edu.ncsu.csc.itrust2.models.persistent.Diagnosis, querySpaceUid=<gen:0>, path=edu.ncsu.csc.itrust2.models.persistent.Diagnosis)
          - EntityAttributeFetchImpl(entity=edu.ncsu.csc.itrust2.models.persistent.ICDCode, querySpaceUid=<gen:1>, path=edu.ncsu.csc.itrust2.models.persistent.Diagnosis.code)
          - EntityAttributeFetchImpl(entity=edu.ncsu.csc.itrust2.models.persistent.OfficeVisit, querySpaceUid=<gen:2>, path=edu.ncsu.csc.itrust2.models.persistent.Diagnosis.visit)
             - EntityAttributeFetchImpl(entity=edu.ncsu.csc.itrust2.models.persistent.AppointmentRequest, querySpaceUid=<gen:3>, path=edu.ncsu.csc.itrust2.models.persistent.Diagnosis.visit.appointment)
                - EntityAttributeFetchImpl(entity=edu.ncsu.csc.itrust2.models.persistent.User, querySpaceUid=<gen:4>, path=edu.ncsu.csc.itrust2.models.persistent.Diagnosis.visit.appointment.hcp)
                - EntityAttributeFetchImpl(entity=edu.ncsu.csc.itrust2.models.persistent.User, querySpaceUid=<gen:5>, path=edu.ncsu.csc.itrust2.models.persistent.Diagnosis.visit.appointment.patient)
             - EntityAttributeFetchImpl(entity=edu.ncsu.csc.itrust2.models.persistent.BasicHealthMetrics, querySpaceUid=<gen:6>, path=edu.ncsu.csc.itrust2.models.persistent.Diagnosis.visit.basicHealthMetrics)
                - EntityAttributeFetchImpl(entity=edu.ncsu.csc.itrust2.models.persistent.User, querySpaceUid=<gen:7>, path=edu.ncsu.csc.itrust2.models.persistent.Diagnosis.visit.basicHealthMetrics.hcp)
                - EntityAttributeFetchImpl(entity=edu.ncsu.csc.itrust2.models.persistent.User, querySpaceUid=<gen:8>, path=edu.ncsu.csc.itrust2.models.persistent.Diagnosis.visit.basicHealthMetrics.patient)
             - EntityAttributeFetchImpl(entity=edu.ncsu.csc.itrust2.models.persistent.User, querySpaceUid=<gen:9>, path=edu.ncsu.csc.itrust2.models.persistent.Diagnosis.visit.hcp)
             - EntityAttributeFetchImpl(entity=edu.ncsu.csc.itrust2.models.persistent.Hospital, querySpaceUid=<gen:10>, path=edu.ncsu.csc.itrust2.models.persistent.Diagnosis.visit.hospital)
             - EntityAttributeFetchImpl(entity=edu.ncsu.csc.itrust2.models.persistent.User, querySpaceUid=<gen:11>, path=edu.ncsu.csc.itrust2.models.persistent.Diagnosis.visit.patient)
             - CollectionAttributeFetchImpl(collection=edu.ncsu.csc.itrust2.models.persistent.OfficeVisit.prescriptions, querySpaceUid=<gen:12>, path=edu.ncsu.csc.itrust2.models.persistent.Diagnosis.visit.prescriptions)
                - (collection element) CollectionFetchableElementEntityGraph(entity=edu.ncsu.csc.itrust2.models.persistent.Prescription, querySpaceUid=<gen:13>, path=edu.ncsu.csc.itrust2.models.persistent.Diagnosis.visit.prescriptions.<elements>)
                   - EntityAttributeFetchImpl(entity=edu.ncsu.csc.itrust2.models.persistent.Drug, querySpaceUid=<gen:14>, path=edu.ncsu.csc.itrust2.models.persistent.Diagnosis.visit.prescriptions.<elements>.drug)
                   - EntityAttributeFetchImpl(entity=edu.ncsu.csc.itrust2.models.persistent.User, querySpaceUid=<gen:15>, path=edu.ncsu.csc.itrust2.models.persistent.Diagnosis.visit.prescriptions.<elements>.patient)
    - QuerySpaces
       - EntityQuerySpaceImpl(uid=<gen:0>, entity=edu.ncsu.csc.itrust2.models.persistent.Diagnosis)
          - SQL table alias mapping - diagnosis0_
          - alias suffix - 0_
          - suffixed key columns - {id1_2_0_}
          - JOIN (JoinDefinedByMetadata(code)) : <gen:0> -> <gen:1>
             - EntityQuerySpaceImpl(uid=<gen:1>, entity=edu.ncsu.csc.itrust2.models.persistent.ICDCode)
                - SQL table alias mapping - icdcode1_
                - alias suffix - 1_
                - suffixed key columns - {id1_5_1_}
          - JOIN (JoinDefinedByMetadata(visit)) : <gen:0> -> <gen:2>
             - EntityQuerySpaceImpl(uid=<gen:2>, entity=edu.ncsu.csc.itrust2.models.persistent.OfficeVisit)
                - SQL table alias mapping - officevisi2_
                - alias suffix - 2_
                - suffixed key columns - {id1_10_2_}
                - JOIN (JoinDefinedByMetadata(appointment)) : <gen:2> -> <gen:3>
                   - EntityQuerySpaceImpl(uid=<gen:3>, entity=edu.ncsu.csc.itrust2.models.persistent.AppointmentRequest)
                      - SQL table alias mapping - appointmen3_
                      - alias suffix - 3_
                      - suffixed key columns - {id1_0_3_}
                - JOIN (JoinDefinedByMetadata(basicHealthMetrics)) : <gen:2> -> <gen:6>
                   - EntityQuerySpaceImpl(uid=<gen:6>, entity=edu.ncsu.csc.itrust2.models.persistent.BasicHealthMetrics)
                      - SQL table alias mapping - basichealt4_
                      - alias suffix - 4_
                      - suffixed key columns - {id1_1_4_}
                - JOIN (JoinDefinedByMetadata(hcp)) : <gen:2> -> <gen:9>
                   - EntityQuerySpaceImpl(uid=<gen:9>, entity=edu.ncsu.csc.itrust2.models.persistent.User)
                      - SQL table alias mapping - user5_
                      - alias suffix - 5_
                      - suffixed key columns - {username1_15_5_}
                - JOIN (JoinDefinedByMetadata(hospital)) : <gen:2> -> <gen:10>
                   - EntityQuerySpaceImpl(uid=<gen:10>, entity=edu.ncsu.csc.itrust2.models.persistent.Hospital)
                      - SQL table alias mapping - hospital6_
                      - alias suffix - 6_
                      - suffixed key columns - {name1_4_6_}
                - JOIN (JoinDefinedByMetadata(patient)) : <gen:2> -> <gen:11>
                   - EntityQuerySpaceImpl(uid=<gen:11>, entity=edu.ncsu.csc.itrust2.models.persistent.User)
                      - SQL table alias mapping - user7_
                      - alias suffix - 7_
                      - suffixed key columns - {username1_15_7_}
                - JOIN (JoinDefinedByMetadata(prescriptions)) : <gen:2> -> <gen:12>
                   - CollectionQuerySpaceImpl(uid=<gen:12>, collection=edu.ncsu.csc.itrust2.models.persistent.OfficeVisit.prescriptions)
                      - SQL table alias mapping - prescripti8_
                      - alias suffix - 8_
                      - suffixed key columns - {prescrip8_14_8_}
                      - entity-element alias suffix - 9_
                      - 9_entity-element suffixed key columns - id1_14_9_
                      - JOIN (JoinDefinedByMetadata(elements)) : <gen:12> -> <gen:13>
                         - EntityQuerySpaceImpl(uid=<gen:13>, entity=edu.ncsu.csc.itrust2.models.persistent.Prescription)
                            - SQL table alias mapping - prescripti8_
                            - alias suffix - 9_
                            - suffixed key columns - {id1_14_9_}

20:27:00.801 [main] DEBUG o.h.loader.entity.plan.EntityLoader - Static select for entity edu.ncsu.csc.itrust2.models.persistent.Diagnosis [NONE]: select diagnosis0_.id as id1_2_0_, diagnosis0_.code_id as code_id3_2_0_, diagnosis0_.note as note2_2_0_, diagnosis0_.visit_id as visit_id4_2_0_, icdcode1_.id as id1_5_1_, icdcode1_.code as code2_5_1_, icdcode1_.description as descript3_5_1_, officevisi2_.id as id1_10_2_, officevisi2_.appointment_id as appointm5_10_2_, officevisi2_.basichealthmetrics_id as basichea6_10_2_, officevisi2_.date as date2_10_2_, officevisi2_.hcp_id as hcp_id7_10_2_, officevisi2_.hospital_id as hospital8_10_2_, officevisi2_.notes as notes3_10_2_, officevisi2_.patient_id as patient_9_10_2_, officevisi2_.type as type4_10_2_, appointmen3_.id as id1_0_3_, appointmen3_.comments as comments2_0_3_, appointmen3_.date as date3_0_3_, appointmen3_.hcp_id as hcp_id6_0_3_, appointmen3_.patient_id as patient_7_0_3_, appointmen3_.status as status4_0_3_, appointmen3_.type as type5_0_3_, basichealt4_.id as id1_1_4_, basichealt4_.diastolic as diastoli2_1_4_, basichealt4_.hcp_id as hcp_id12_1_4_, basichealt4_.hdl as hdl3_1_4_, basichealt4_.headCircumference as headCirc4_1_4_, basichealt4_.height as height5_1_4_, basichealt4_.houseSmokingStatus as houseSmo6_1_4_, basichealt4_.ldl as ldl7_1_4_, basichealt4_.patient_id as patient13_1_4_, basichealt4_.patientSmokingStatus as patientS8_1_4_, basichealt4_.systolic as systolic9_1_4_, basichealt4_.tri as tri10_1_4_, basichealt4_.weight as weight11_1_4_, user5_.username as username1_15_5_, user5_.enabled as enabled2_15_5_, user5_.password as password3_15_5_, user5_.role as role4_15_5_, hospital6_.name as name1_4_6_, hospital6_.address as address2_4_6_, hospital6_.state as state3_4_6_, hospital6_.zip as zip4_4_6_, user7_.username as username1_15_7_, user7_.enabled as enabled2_15_7_, user7_.password as password3_15_7_, user7_.role as role4_15_7_, prescripti8_.prescriptions_id as prescrip8_14_8_, prescripti8_.id as id1_14_8_, prescripti8_.id as id1_14_9_, prescripti8_.dosage as dosage2_14_9_, prescripti8_.drug_id as drug_id6_14_9_, prescripti8_.endDate as endDate3_14_9_, prescripti8_.patient_id as patient_7_14_9_, prescripti8_.renewals as renewals4_14_9_, prescripti8_.startDate as startDat5_14_9_ from Diagnoses diagnosis0_ inner join ICDCodes icdcode1_ on diagnosis0_.code_id=icdcode1_.id inner join OfficeVisits officevisi2_ on diagnosis0_.visit_id=officevisi2_.id left outer join AppointmentRequests appointmen3_ on officevisi2_.appointment_id=appointmen3_.id left outer join BasicHealthMetrics basichealt4_ on officevisi2_.basichealthmetrics_id=basichealt4_.id inner join Users user5_ on officevisi2_.hcp_id=user5_.username inner join Hospitals hospital6_ on officevisi2_.hospital_id=hospital6_.name inner join Users user7_ on officevisi2_.patient_id=user7_.username left outer join Prescriptions prescripti8_ on officevisi2_.id=prescripti8_.prescriptions_id where diagnosis0_.id=?
20:27:00.801 [main] DEBUG o.h.l.p.b.i.spaces.QuerySpacesImpl - Adding QuerySpace : uid = <gen:0> -> org.hibernate.loader.plan.build.internal.spaces.EntityQuerySpaceImpl@1790576a]
20:27:00.801 [main] DEBUG o.h.p.w.spi.MetamodelGraphWalker - Visiting attribute path : code
20:27:00.801 [main] DEBUG o.h.l.p.b.i.spaces.QuerySpacesImpl - Adding QuerySpace : uid = <gen:1> -> org.hibernate.loader.plan.build.internal.spaces.EntityQuerySpaceImpl@472df1b5]
20:27:00.801 [main] DEBUG o.h.p.w.spi.MetamodelGraphWalker - Visiting attribute path : code.code
20:27:00.801 [main] DEBUG o.h.p.w.spi.MetamodelGraphWalker - Visiting attribute path : code.description
20:27:00.802 [main] DEBUG o.h.p.w.spi.MetamodelGraphWalker - Visiting attribute path : note
20:27:00.802 [main] DEBUG o.h.p.w.spi.MetamodelGraphWalker - Visiting attribute path : visit
20:27:00.802 [main] DEBUG o.h.l.p.b.i.spaces.QuerySpacesImpl - Adding QuerySpace : uid = <gen:2> -> org.hibernate.loader.plan.build.internal.spaces.EntityQuerySpaceImpl@5a54e746]
20:27:00.802 [main] DEBUG o.h.p.w.spi.MetamodelGraphWalker - Visiting attribute path : visit.appointment
20:27:00.802 [main] DEBUG o.h.l.p.b.i.spaces.QuerySpacesImpl - Adding QuerySpace : uid = <gen:3> -> org.hibernate.loader.plan.build.internal.spaces.EntityQuerySpaceImpl@1177d887]
20:27:00.802 [main] DEBUG o.h.p.w.spi.MetamodelGraphWalker - Visiting attribute path : visit.appointment.comments
20:27:00.802 [main] DEBUG o.h.p.w.spi.MetamodelGraphWalker - Visiting attribute path : visit.appointment.date
20:27:00.802 [main] DEBUG o.h.p.w.spi.MetamodelGraphWalker - Visiting attribute path : visit.appointment.hcp
20:27:00.802 [main] DEBUG o.h.l.p.b.i.spaces.QuerySpacesImpl - Adding QuerySpace : uid = <gen:4> -> org.hibernate.loader.plan.build.internal.spaces.EntityQuerySpaceImpl@75016c1e]
20:27:00.803 [main] DEBUG o.h.p.w.spi.MetamodelGraphWalker - Visiting attribute path : visit.appointment.patient
20:27:00.803 [main] DEBUG o.h.l.p.b.i.spaces.QuerySpacesImpl - Adding QuerySpace : uid = <gen:5> -> org.hibernate.loader.plan.build.internal.spaces.EntityQuerySpaceImpl@350c396c]
20:27:00.803 [main] DEBUG o.h.p.w.spi.MetamodelGraphWalker - Visiting attribute path : visit.appointment.status
20:27:00.803 [main] DEBUG o.h.p.w.spi.MetamodelGraphWalker - Visiting attribute path : visit.appointment.type
20:27:00.803 [main] DEBUG o.h.p.w.spi.MetamodelGraphWalker - Visiting attribute path : visit.basicHealthMetrics
20:27:00.803 [main] DEBUG o.h.l.p.b.i.spaces.QuerySpacesImpl - Adding QuerySpace : uid = <gen:6> -> org.hibernate.loader.plan.build.internal.spaces.EntityQuerySpaceImpl@1a106caa]
20:27:00.803 [main] DEBUG o.h.p.w.spi.MetamodelGraphWalker - Visiting attribute path : visit.basicHealthMetrics.diastolic
20:27:00.803 [main] DEBUG o.h.p.w.spi.MetamodelGraphWalker - Visiting attribute path : visit.basicHealthMetrics.hcp
20:27:00.805 [main] DEBUG o.h.l.p.b.i.spaces.QuerySpacesImpl - Adding QuerySpace : uid = <gen:7> -> org.hibernate.loader.plan.build.internal.spaces.EntityQuerySpaceImpl@7aa708cc]
20:27:00.805 [main] DEBUG o.h.p.w.spi.MetamodelGraphWalker - Visiting attribute path : visit.basicHealthMetrics.hdl
20:27:00.805 [main] DEBUG o.h.p.w.spi.MetamodelGraphWalker - Visiting attribute path : visit.basicHealthMetrics.headCircumference
20:27:00.805 [main] DEBUG o.h.p.w.spi.MetamodelGraphWalker - Visiting attribute path : visit.basicHealthMetrics.height
20:27:00.805 [main] DEBUG o.h.p.w.spi.MetamodelGraphWalker - Visiting attribute path : visit.basicHealthMetrics.houseSmokingStatus
20:27:00.805 [main] DEBUG o.h.p.w.spi.MetamodelGraphWalker - Visiting attribute path : visit.basicHealthMetrics.ldl
20:27:00.805 [main] DEBUG o.h.p.w.spi.MetamodelGraphWalker - Visiting attribute path : visit.basicHealthMetrics.patient
20:27:00.806 [main] DEBUG o.h.l.p.b.i.spaces.QuerySpacesImpl - Adding QuerySpace : uid = <gen:8> -> org.hibernate.loader.plan.build.internal.spaces.EntityQuerySpaceImpl@2e3499ad]
20:27:00.806 [main] DEBUG o.h.p.w.spi.MetamodelGraphWalker - Visiting attribute path : visit.basicHealthMetrics.patientSmokingStatus
20:27:00.806 [main] DEBUG o.h.p.w.spi.MetamodelGraphWalker - Visiting attribute path : visit.basicHealthMetrics.systolic
20:27:00.806 [main] DEBUG o.h.p.w.spi.MetamodelGraphWalker - Visiting attribute path : visit.basicHealthMetrics.tri
20:27:00.806 [main] DEBUG o.h.p.w.spi.MetamodelGraphWalker - Visiting attribute path : visit.basicHealthMetrics.weight
20:27:00.806 [main] DEBUG o.h.p.w.spi.MetamodelGraphWalker - Visiting attribute path : visit.date
20:27:00.806 [main] DEBUG o.h.p.w.spi.MetamodelGraphWalker - Visiting attribute path : visit.hcp
20:27:00.806 [main] DEBUG o.h.l.p.b.i.spaces.QuerySpacesImpl - Adding QuerySpace : uid = <gen:9> -> org.hibernate.loader.plan.build.internal.spaces.EntityQuerySpaceImpl@3758d5fd]
20:27:00.806 [main] DEBUG o.h.p.w.spi.MetamodelGraphWalker - Visiting attribute path : visit.hcp.enabled
20:27:00.806 [main] DEBUG o.h.p.w.spi.MetamodelGraphWalker - Visiting attribute path : visit.hcp.password
20:27:00.806 [main] DEBUG o.h.p.w.spi.MetamodelGraphWalker - Visiting attribute path : visit.hcp.role
20:27:00.812 [main] DEBUG o.h.p.w.spi.MetamodelGraphWalker - Visiting attribute path : visit.hospital
20:27:00.813 [main] DEBUG o.h.l.p.b.i.spaces.QuerySpacesImpl - Adding QuerySpace : uid = <gen:10> -> org.hibernate.loader.plan.build.internal.spaces.EntityQuerySpaceImpl@36aeef57]
20:27:00.813 [main] DEBUG o.h.p.w.spi.MetamodelGraphWalker - Visiting attribute path : visit.hospital.address
20:27:00.813 [main] DEBUG o.h.p.w.spi.MetamodelGraphWalker - Visiting attribute path : visit.hospital.state
20:27:00.813 [main] DEBUG o.h.p.w.spi.MetamodelGraphWalker - Visiting attribute path : visit.hospital.zip
20:27:00.813 [main] DEBUG o.h.p.w.spi.MetamodelGraphWalker - Visiting attribute path : visit.notes
20:27:00.813 [main] DEBUG o.h.p.w.spi.MetamodelGraphWalker - Visiting attribute path : visit.patient
20:27:00.813 [main] DEBUG o.h.l.p.b.i.spaces.QuerySpacesImpl - Adding QuerySpace : uid = <gen:11> -> org.hibernate.loader.plan.build.internal.spaces.EntityQuerySpaceImpl@4ddb3c85]
20:27:00.813 [main] DEBUG o.h.p.w.spi.MetamodelGraphWalker - Visiting attribute path : visit.patient.enabled
20:27:00.813 [main] DEBUG o.h.p.w.spi.MetamodelGraphWalker - Visiting attribute path : visit.patient.password
20:27:00.813 [main] DEBUG o.h.p.w.spi.MetamodelGraphWalker - Visiting attribute path : visit.patient.role
20:27:00.813 [main] DEBUG o.h.p.w.spi.MetamodelGraphWalker - Visiting attribute path : visit.prescriptions
20:27:00.813 [main] DEBUG o.h.l.p.b.i.spaces.QuerySpacesImpl - Adding QuerySpace : uid = <gen:12> -> org.hibernate.loader.plan.build.internal.spaces.CollectionQuerySpaceImpl@131f0ae5]
20:27:00.813 [main] DEBUG o.h.l.p.b.i.spaces.QuerySpacesImpl - Adding QuerySpace : uid = <gen:13> -> org.hibernate.loader.plan.build.internal.spaces.EntityQuerySpaceImpl@409fca49]
20:27:00.813 [main] DEBUG o.h.p.w.spi.MetamodelGraphWalker - Visiting attribute path : visit.prescriptions.dosage
20:27:00.813 [main] DEBUG o.h.p.w.spi.MetamodelGraphWalker - Visiting attribute path : visit.prescriptions.drug
20:27:00.813 [main] DEBUG o.h.l.p.b.i.spaces.QuerySpacesImpl - Adding QuerySpace : uid = <gen:14> -> org.hibernate.loader.plan.build.internal.spaces.EntityQuerySpaceImpl@39063749]
20:27:00.813 [main] DEBUG o.h.p.w.spi.MetamodelGraphWalker - Visiting attribute path : visit.prescriptions.endDate
20:27:00.813 [main] DEBUG o.h.p.w.spi.MetamodelGraphWalker - Visiting attribute path : visit.prescriptions.patient
20:27:00.814 [main] DEBUG o.h.l.p.b.i.spaces.QuerySpacesImpl - Adding QuerySpace : uid = <gen:15> -> org.hibernate.loader.plan.build.internal.spaces.EntityQuerySpaceImpl@7757fa2]
20:27:00.814 [main] DEBUG o.h.p.w.spi.MetamodelGraphWalker - Visiting attribute path : visit.prescriptions.renewals
20:27:00.814 [main] DEBUG o.h.p.w.spi.MetamodelGraphWalker - Visiting attribute path : visit.prescriptions.startDate
20:27:00.814 [main] DEBUG o.h.p.w.spi.MetamodelGraphWalker - Visiting attribute path : visit.type
20:27:00.814 [main] DEBUG o.h.l.p.b.i.FetchStyleLoadPlanBuildingAssociationVisitationStrategy - Building LoadPlan...
20:27:00.814 [main] DEBUG o.h.l.p.e.i.LoadQueryJoinAndFetchProcessor - processing queryspace <gen:0>
20:27:00.816 [main] DEBUG o.h.l.p.b.spi.LoadPlanTreePrinter - LoadPlan(entity=edu.ncsu.csc.itrust2.models.persistent.Diagnosis)
    - Returns
       - EntityReturnImpl(entity=edu.ncsu.csc.itrust2.models.persistent.Diagnosis, querySpaceUid=<gen:0>, path=edu.ncsu.csc.itrust2.models.persistent.Diagnosis)
          - EntityAttributeFetchImpl(entity=edu.ncsu.csc.itrust2.models.persistent.ICDCode, querySpaceUid=<gen:1>, path=edu.ncsu.csc.itrust2.models.persistent.Diagnosis.code)
          - EntityAttributeFetchImpl(entity=edu.ncsu.csc.itrust2.models.persistent.OfficeVisit, querySpaceUid=<gen:2>, path=edu.ncsu.csc.itrust2.models.persistent.Diagnosis.visit)
             - EntityAttributeFetchImpl(entity=edu.ncsu.csc.itrust2.models.persistent.AppointmentRequest, querySpaceUid=<gen:3>, path=edu.ncsu.csc.itrust2.models.persistent.Diagnosis.visit.appointment)
                - EntityAttributeFetchImpl(entity=edu.ncsu.csc.itrust2.models.persistent.User, querySpaceUid=<gen:4>, path=edu.ncsu.csc.itrust2.models.persistent.Diagnosis.visit.appointment.hcp)
                - EntityAttributeFetchImpl(entity=edu.ncsu.csc.itrust2.models.persistent.User, querySpaceUid=<gen:5>, path=edu.ncsu.csc.itrust2.models.persistent.Diagnosis.visit.appointment.patient)
             - EntityAttributeFetchImpl(entity=edu.ncsu.csc.itrust2.models.persistent.BasicHealthMetrics, querySpaceUid=<gen:6>, path=edu.ncsu.csc.itrust2.models.persistent.Diagnosis.visit.basicHealthMetrics)
                - EntityAttributeFetchImpl(entity=edu.ncsu.csc.itrust2.models.persistent.User, querySpaceUid=<gen:7>, path=edu.ncsu.csc.itrust2.models.persistent.Diagnosis.visit.basicHealthMetrics.hcp)
                - EntityAttributeFetchImpl(entity=edu.ncsu.csc.itrust2.models.persistent.User, querySpaceUid=<gen:8>, path=edu.ncsu.csc.itrust2.models.persistent.Diagnosis.visit.basicHealthMetrics.patient)
             - EntityAttributeFetchImpl(entity=edu.ncsu.csc.itrust2.models.persistent.User, querySpaceUid=<gen:9>, path=edu.ncsu.csc.itrust2.models.persistent.Diagnosis.visit.hcp)
             - EntityAttributeFetchImpl(entity=edu.ncsu.csc.itrust2.models.persistent.Hospital, querySpaceUid=<gen:10>, path=edu.ncsu.csc.itrust2.models.persistent.Diagnosis.visit.hospital)
             - EntityAttributeFetchImpl(entity=edu.ncsu.csc.itrust2.models.persistent.User, querySpaceUid=<gen:11>, path=edu.ncsu.csc.itrust2.models.persistent.Diagnosis.visit.patient)
             - CollectionAttributeFetchImpl(collection=edu.ncsu.csc.itrust2.models.persistent.OfficeVisit.prescriptions, querySpaceUid=<gen:12>, path=edu.ncsu.csc.itrust2.models.persistent.Diagnosis.visit.prescriptions)
                - (collection element) CollectionFetchableElementEntityGraph(entity=edu.ncsu.csc.itrust2.models.persistent.Prescription, querySpaceUid=<gen:13>, path=edu.ncsu.csc.itrust2.models.persistent.Diagnosis.visit.prescriptions.<elements>)
                   - EntityAttributeFetchImpl(entity=edu.ncsu.csc.itrust2.models.persistent.Drug, querySpaceUid=<gen:14>, path=edu.ncsu.csc.itrust2.models.persistent.Diagnosis.visit.prescriptions.<elements>.drug)
                   - EntityAttributeFetchImpl(entity=edu.ncsu.csc.itrust2.models.persistent.User, querySpaceUid=<gen:15>, path=edu.ncsu.csc.itrust2.models.persistent.Diagnosis.visit.prescriptions.<elements>.patient)
    - QuerySpaces
       - EntityQuerySpaceImpl(uid=<gen:0>, entity=edu.ncsu.csc.itrust2.models.persistent.Diagnosis)
          - SQL table alias mapping - diagnosis0_
          - alias suffix - 0_
          - suffixed key columns - {id1_2_0_}
          - JOIN (JoinDefinedByMetadata(code)) : <gen:0> -> <gen:1>
             - EntityQuerySpaceImpl(uid=<gen:1>, entity=edu.ncsu.csc.itrust2.models.persistent.ICDCode)
                - SQL table alias mapping - icdcode1_
                - alias suffix - 1_
                - suffixed key columns - {id1_5_1_}
          - JOIN (JoinDefinedByMetadata(visit)) : <gen:0> -> <gen:2>
             - EntityQuerySpaceImpl(uid=<gen:2>, entity=edu.ncsu.csc.itrust2.models.persistent.OfficeVisit)
                - SQL table alias mapping - officevisi2_
                - alias suffix - 2_
                - suffixed key columns - {id1_10_2_}
                - JOIN (JoinDefinedByMetadata(appointment)) : <gen:2> -> <gen:3>
                   - EntityQuerySpaceImpl(uid=<gen:3>, entity=edu.ncsu.csc.itrust2.models.persistent.AppointmentRequest)
                      - SQL table alias mapping - appointmen3_
                      - alias suffix - 3_
                      - suffixed key columns - {id1_0_3_}
                - JOIN (JoinDefinedByMetadata(basicHealthMetrics)) : <gen:2> -> <gen:6>
                   - EntityQuerySpaceImpl(uid=<gen:6>, entity=edu.ncsu.csc.itrust2.models.persistent.BasicHealthMetrics)
                      - SQL table alias mapping - basichealt4_
                      - alias suffix - 4_
                      - suffixed key columns - {id1_1_4_}
                - JOIN (JoinDefinedByMetadata(hcp)) : <gen:2> -> <gen:9>
                   - EntityQuerySpaceImpl(uid=<gen:9>, entity=edu.ncsu.csc.itrust2.models.persistent.User)
                      - SQL table alias mapping - user5_
                      - alias suffix - 5_
                      - suffixed key columns - {username1_15_5_}
                - JOIN (JoinDefinedByMetadata(hospital)) : <gen:2> -> <gen:10>
                   - EntityQuerySpaceImpl(uid=<gen:10>, entity=edu.ncsu.csc.itrust2.models.persistent.Hospital)
                      - SQL table alias mapping - hospital6_
                      - alias suffix - 6_
                      - suffixed key columns - {name1_4_6_}
                - JOIN (JoinDefinedByMetadata(patient)) : <gen:2> -> <gen:11>
                   - EntityQuerySpaceImpl(uid=<gen:11>, entity=edu.ncsu.csc.itrust2.models.persistent.User)
                      - SQL table alias mapping - user7_
                      - alias suffix - 7_
                      - suffixed key columns - {username1_15_7_}
                - JOIN (JoinDefinedByMetadata(prescriptions)) : <gen:2> -> <gen:12>
                   - CollectionQuerySpaceImpl(uid=<gen:12>, collection=edu.ncsu.csc.itrust2.models.persistent.OfficeVisit.prescriptions)
                      - SQL table alias mapping - prescripti8_
                      - alias suffix - 8_
                      - suffixed key columns - {prescrip8_14_8_}
                      - entity-element alias suffix - 9_
                      - 9_entity-element suffixed key columns - id1_14_9_
                      - JOIN (JoinDefinedByMetadata(elements)) : <gen:12> -> <gen:13>
                         - EntityQuerySpaceImpl(uid=<gen:13>, entity=edu.ncsu.csc.itrust2.models.persistent.Prescription)
                            - SQL table alias mapping - prescripti8_
                            - alias suffix - 9_
                            - suffixed key columns - {id1_14_9_}

20:27:00.816 [main] DEBUG o.h.loader.entity.plan.EntityLoader - Static select for entity edu.ncsu.csc.itrust2.models.persistent.Diagnosis [READ]: select diagnosis0_.id as id1_2_0_, diagnosis0_.code_id as code_id3_2_0_, diagnosis0_.note as note2_2_0_, diagnosis0_.visit_id as visit_id4_2_0_, icdcode1_.id as id1_5_1_, icdcode1_.code as code2_5_1_, icdcode1_.description as descript3_5_1_, officevisi2_.id as id1_10_2_, officevisi2_.appointment_id as appointm5_10_2_, officevisi2_.basichealthmetrics_id as basichea6_10_2_, officevisi2_.date as date2_10_2_, officevisi2_.hcp_id as hcp_id7_10_2_, officevisi2_.hospital_id as hospital8_10_2_, officevisi2_.notes as notes3_10_2_, officevisi2_.patient_id as patient_9_10_2_, officevisi2_.type as type4_10_2_, appointmen3_.id as id1_0_3_, appointmen3_.comments as comments2_0_3_, appointmen3_.date as date3_0_3_, appointmen3_.hcp_id as hcp_id6_0_3_, appointmen3_.patient_id as patient_7_0_3_, appointmen3_.status as status4_0_3_, appointmen3_.type as type5_0_3_, basichealt4_.id as id1_1_4_, basichealt4_.diastolic as diastoli2_1_4_, basichealt4_.hcp_id as hcp_id12_1_4_, basichealt4_.hdl as hdl3_1_4_, basichealt4_.headCircumference as headCirc4_1_4_, basichealt4_.height as height5_1_4_, basichealt4_.houseSmokingStatus as houseSmo6_1_4_, basichealt4_.ldl as ldl7_1_4_, basichealt4_.patient_id as patient13_1_4_, basichealt4_.patientSmokingStatus as patientS8_1_4_, basichealt4_.systolic as systolic9_1_4_, basichealt4_.tri as tri10_1_4_, basichealt4_.weight as weight11_1_4_, user5_.username as username1_15_5_, user5_.enabled as enabled2_15_5_, user5_.password as password3_15_5_, user5_.role as role4_15_5_, hospital6_.name as name1_4_6_, hospital6_.address as address2_4_6_, hospital6_.state as state3_4_6_, hospital6_.zip as zip4_4_6_, user7_.username as username1_15_7_, user7_.enabled as enabled2_15_7_, user7_.password as password3_15_7_, user7_.role as role4_15_7_, prescripti8_.prescriptions_id as prescrip8_14_8_, prescripti8_.id as id1_14_8_, prescripti8_.id as id1_14_9_, prescripti8_.dosage as dosage2_14_9_, prescripti8_.drug_id as drug_id6_14_9_, prescripti8_.endDate as endDate3_14_9_, prescripti8_.patient_id as patient_7_14_9_, prescripti8_.renewals as renewals4_14_9_, prescripti8_.startDate as startDat5_14_9_ from Diagnoses diagnosis0_ inner join ICDCodes icdcode1_ on diagnosis0_.code_id=icdcode1_.id inner join OfficeVisits officevisi2_ on diagnosis0_.visit_id=officevisi2_.id left outer join AppointmentRequests appointmen3_ on officevisi2_.appointment_id=appointmen3_.id left outer join BasicHealthMetrics basichealt4_ on officevisi2_.basichealthmetrics_id=basichealt4_.id inner join Users user5_ on officevisi2_.hcp_id=user5_.username inner join Hospitals hospital6_ on officevisi2_.hospital_id=hospital6_.name inner join Users user7_ on officevisi2_.patient_id=user7_.username left outer join Prescriptions prescripti8_ on officevisi2_.id=prescripti8_.prescriptions_id where diagnosis0_.id=?
20:27:00.816 [main] DEBUG o.h.l.p.b.i.spaces.QuerySpacesImpl - Adding QuerySpace : uid = <gen:0> -> org.hibernate.loader.plan.build.internal.spaces.EntityQuerySpaceImpl@747ca436]
20:27:00.816 [main] DEBUG o.h.p.w.spi.MetamodelGraphWalker - Visiting attribute path : code
20:27:00.816 [main] DEBUG o.h.l.p.b.i.spaces.QuerySpacesImpl - Adding QuerySpace : uid = <gen:1> -> org.hibernate.loader.plan.build.internal.spaces.EntityQuerySpaceImpl@4ab7441]
20:27:00.816 [main] DEBUG o.h.p.w.spi.MetamodelGraphWalker - Visiting attribute path : note
20:27:00.816 [main] DEBUG o.h.p.w.spi.MetamodelGraphWalker - Visiting attribute path : visit
20:27:00.816 [main] DEBUG o.h.l.p.b.i.spaces.QuerySpacesImpl - Adding QuerySpace : uid = <gen:2> -> org.hibernate.loader.plan.build.internal.spaces.EntityQuerySpaceImpl@280f9319]
20:27:00.816 [main] DEBUG o.h.l.p.b.i.FetchStyleLoadPlanBuildingAssociationVisitationStrategy - Building LoadPlan...
20:27:00.817 [main] DEBUG o.h.l.p.e.i.LoadQueryJoinAndFetchProcessor - processing queryspace <gen:0>
20:27:00.817 [main] DEBUG o.h.l.p.b.spi.LoadPlanTreePrinter - LoadPlan(entity=edu.ncsu.csc.itrust2.models.persistent.Diagnosis)
    - Returns
       - EntityReturnImpl(entity=edu.ncsu.csc.itrust2.models.persistent.Diagnosis, querySpaceUid=<gen:0>, path=edu.ncsu.csc.itrust2.models.persistent.Diagnosis)
          - EntityAttributeFetchImpl(entity=edu.ncsu.csc.itrust2.models.persistent.ICDCode, querySpaceUid=<gen:1>, path=edu.ncsu.csc.itrust2.models.persistent.Diagnosis.code)
          - EntityAttributeFetchImpl(entity=edu.ncsu.csc.itrust2.models.persistent.OfficeVisit, querySpaceUid=<gen:2>, path=edu.ncsu.csc.itrust2.models.persistent.Diagnosis.visit)
    - QuerySpaces
       - EntityQuerySpaceImpl(uid=<gen:0>, entity=edu.ncsu.csc.itrust2.models.persistent.Diagnosis)
          - SQL table alias mapping - diagnosis0_
          - alias suffix - 0_
          - suffixed key columns - {id1_2_0_}

20:27:00.817 [main] DEBUG o.h.loader.entity.plan.EntityLoader - Static select for entity edu.ncsu.csc.itrust2.models.persistent.Diagnosis [UPGRADE]: select diagnosis0_.id as id1_2_0_, diagnosis0_.code_id as code_id3_2_0_, diagnosis0_.note as note2_2_0_, diagnosis0_.visit_id as visit_id4_2_0_ from Diagnoses diagnosis0_ where diagnosis0_.id=? for update
20:27:00.817 [main] DEBUG o.h.l.p.b.i.spaces.QuerySpacesImpl - Adding QuerySpace : uid = <gen:0> -> org.hibernate.loader.plan.build.internal.spaces.EntityQuerySpaceImpl@3943df3a]
20:27:00.817 [main] DEBUG o.h.p.w.spi.MetamodelGraphWalker - Visiting attribute path : code
20:27:00.817 [main] DEBUG o.h.l.p.b.i.spaces.QuerySpacesImpl - Adding QuerySpace : uid = <gen:1> -> org.hibernate.loader.plan.build.internal.spaces.EntityQuerySpaceImpl@174c0ace]
20:27:00.817 [main] DEBUG o.h.p.w.spi.MetamodelGraphWalker - Visiting attribute path : note
20:27:00.817 [main] DEBUG o.h.p.w.spi.MetamodelGraphWalker - Visiting attribute path : visit
20:27:00.817 [main] DEBUG o.h.l.p.b.i.spaces.QuerySpacesImpl - Adding QuerySpace : uid = <gen:2> -> org.hibernate.loader.plan.build.internal.spaces.EntityQuerySpaceImpl@438fd465]
20:27:00.817 [main] DEBUG o.h.l.p.b.i.FetchStyleLoadPlanBuildingAssociationVisitationStrategy - Building LoadPlan...
20:27:00.817 [main] DEBUG o.h.l.p.e.i.LoadQueryJoinAndFetchProcessor - processing queryspace <gen:0>
20:27:00.818 [main] DEBUG o.h.l.p.b.spi.LoadPlanTreePrinter - LoadPlan(entity=edu.ncsu.csc.itrust2.models.persistent.Diagnosis)
    - Returns
       - EntityReturnImpl(entity=edu.ncsu.csc.itrust2.models.persistent.Diagnosis, querySpaceUid=<gen:0>, path=edu.ncsu.csc.itrust2.models.persistent.Diagnosis)
          - EntityAttributeFetchImpl(entity=edu.ncsu.csc.itrust2.models.persistent.ICDCode, querySpaceUid=<gen:1>, path=edu.ncsu.csc.itrust2.models.persistent.Diagnosis.code)
          - EntityAttributeFetchImpl(entity=edu.ncsu.csc.itrust2.models.persistent.OfficeVisit, querySpaceUid=<gen:2>, path=edu.ncsu.csc.itrust2.models.persistent.Diagnosis.visit)
    - QuerySpaces
       - EntityQuerySpaceImpl(uid=<gen:0>, entity=edu.ncsu.csc.itrust2.models.persistent.Diagnosis)
          - SQL table alias mapping - diagnosis0_
          - alias suffix - 0_
          - suffixed key columns - {id1_2_0_}

20:27:00.818 [main] DEBUG o.h.loader.entity.plan.EntityLoader - Static select for entity edu.ncsu.csc.itrust2.models.persistent.Diagnosis [UPGRADE_NOWAIT]: select diagnosis0_.id as id1_2_0_, diagnosis0_.code_id as code_id3_2_0_, diagnosis0_.note as note2_2_0_, diagnosis0_.visit_id as visit_id4_2_0_ from Diagnoses diagnosis0_ where diagnosis0_.id=? for update
20:27:00.818 [main] DEBUG o.h.l.p.b.i.spaces.QuerySpacesImpl - Adding QuerySpace : uid = <gen:0> -> org.hibernate.loader.plan.build.internal.spaces.EntityQuerySpaceImpl@64127921]
20:27:00.818 [main] DEBUG o.h.p.w.spi.MetamodelGraphWalker - Visiting attribute path : code
20:27:00.819 [main] DEBUG o.h.l.p.b.i.spaces.QuerySpacesImpl - Adding QuerySpace : uid = <gen:1> -> org.hibernate.loader.plan.build.internal.spaces.EntityQuerySpaceImpl@8c9d1e5]
20:27:00.819 [main] DEBUG o.h.p.w.spi.MetamodelGraphWalker - Visiting attribute path : note
20:27:00.819 [main] DEBUG o.h.p.w.spi.MetamodelGraphWalker - Visiting attribute path : visit
20:27:00.819 [main] DEBUG o.h.l.p.b.i.spaces.QuerySpacesImpl - Adding QuerySpace : uid = <gen:2> -> org.hibernate.loader.plan.build.internal.spaces.EntityQuerySpaceImpl@35580065]
20:27:00.819 [main] DEBUG o.h.l.p.b.i.FetchStyleLoadPlanBuildingAssociationVisitationStrategy - Building LoadPlan...
20:27:00.819 [main] DEBUG o.h.l.p.e.i.LoadQueryJoinAndFetchProcessor - processing queryspace <gen:0>
20:27:00.820 [main] DEBUG o.h.l.p.b.spi.LoadPlanTreePrinter - LoadPlan(entity=edu.ncsu.csc.itrust2.models.persistent.Diagnosis)
    - Returns
       - EntityReturnImpl(entity=edu.ncsu.csc.itrust2.models.persistent.Diagnosis, querySpaceUid=<gen:0>, path=edu.ncsu.csc.itrust2.models.persistent.Diagnosis)
          - EntityAttributeFetchImpl(entity=edu.ncsu.csc.itrust2.models.persistent.ICDCode, querySpaceUid=<gen:1>, path=edu.ncsu.csc.itrust2.models.persistent.Diagnosis.code)
          - EntityAttributeFetchImpl(entity=edu.ncsu.csc.itrust2.models.persistent.OfficeVisit, querySpaceUid=<gen:2>, path=edu.ncsu.csc.itrust2.models.persistent.Diagnosis.visit)
    - QuerySpaces
       - EntityQuerySpaceImpl(uid=<gen:0>, entity=edu.ncsu.csc.itrust2.models.persistent.Diagnosis)
          - SQL table alias mapping - diagnosis0_
          - alias suffix - 0_
          - suffixed key columns - {id1_2_0_}

20:27:00.820 [main] DEBUG o.h.loader.entity.plan.EntityLoader - Static select for entity edu.ncsu.csc.itrust2.models.persistent.Diagnosis [UPGRADE_SKIPLOCKED]: select diagnosis0_.id as id1_2_0_, diagnosis0_.code_id as code_id3_2_0_, diagnosis0_.note as note2_2_0_, diagnosis0_.visit_id as visit_id4_2_0_ from Diagnoses diagnosis0_ where diagnosis0_.id=? for update
20:27:00.820 [main] DEBUG o.h.l.p.b.i.spaces.QuerySpacesImpl - Adding QuerySpace : uid = <gen:0> -> org.hibernate.loader.plan.build.internal.spaces.EntityQuerySpaceImpl@42f4bc9e]
20:27:00.820 [main] DEBUG o.h.p.w.spi.MetamodelGraphWalker - Visiting attribute path : code
20:27:00.820 [main] DEBUG o.h.l.p.b.i.spaces.QuerySpacesImpl - Adding QuerySpace : uid = <gen:1> -> org.hibernate.loader.plan.build.internal.spaces.EntityQuerySpaceImpl@5e7f4f60]
20:27:00.820 [main] DEBUG o.h.p.w.spi.MetamodelGraphWalker - Visiting attribute path : note
20:27:00.820 [main] DEBUG o.h.p.w.spi.MetamodelGraphWalker - Visiting attribute path : visit
20:27:00.820 [main] DEBUG o.h.l.p.b.i.spaces.QuerySpacesImpl - Adding QuerySpace : uid = <gen:2> -> org.hibernate.loader.plan.build.internal.spaces.EntityQuerySpaceImpl@2b5137e2]
20:27:00.821 [main] DEBUG o.h.l.p.b.i.FetchStyleLoadPlanBuildingAssociationVisitationStrategy - Building LoadPlan...
20:27:00.821 [main] DEBUG o.h.l.p.e.i.LoadQueryJoinAndFetchProcessor - processing queryspace <gen:0>
20:27:00.821 [main] DEBUG o.h.l.p.b.spi.LoadPlanTreePrinter - LoadPlan(entity=edu.ncsu.csc.itrust2.models.persistent.Diagnosis)
    - Returns
       - EntityReturnImpl(entity=edu.ncsu.csc.itrust2.models.persistent.Diagnosis, querySpaceUid=<gen:0>, path=edu.ncsu.csc.itrust2.models.persistent.Diagnosis)
          - EntityAttributeFetchImpl(entity=edu.ncsu.csc.itrust2.models.persistent.ICDCode, querySpaceUid=<gen:1>, path=edu.ncsu.csc.itrust2.models.persistent.Diagnosis.code)
          - EntityAttributeFetchImpl(entity=edu.ncsu.csc.itrust2.models.persistent.OfficeVisit, querySpaceUid=<gen:2>, path=edu.ncsu.csc.itrust2.models.persistent.Diagnosis.visit)
    - QuerySpaces
       - EntityQuerySpaceImpl(uid=<gen:0>, entity=edu.ncsu.csc.itrust2.models.persistent.Diagnosis)
          - SQL table alias mapping - diagnosis0_
          - alias suffix - 0_
          - suffixed key columns - {id1_2_0_}

20:27:00.821 [main] DEBUG o.h.loader.entity.plan.EntityLoader - Static select for entity edu.ncsu.csc.itrust2.models.persistent.Diagnosis [FORCE]: select diagnosis0_.id as id1_2_0_, diagnosis0_.code_id as code_id3_2_0_, diagnosis0_.note as note2_2_0_, diagnosis0_.visit_id as visit_id4_2_0_ from Diagnoses diagnosis0_ where diagnosis0_.id=? for update
20:27:00.821 [main] DEBUG o.h.l.p.b.i.spaces.QuerySpacesImpl - Adding QuerySpace : uid = <gen:0> -> org.hibernate.loader.plan.build.internal.spaces.EntityQuerySpaceImpl@4c266e5a]
20:27:00.822 [main] DEBUG o.h.p.w.spi.MetamodelGraphWalker - Visiting attribute path : code
20:27:00.822 [main] DEBUG o.h.l.p.b.i.spaces.QuerySpacesImpl - Adding QuerySpace : uid = <gen:1> -> org.hibernate.loader.plan.build.internal.spaces.EntityQuerySpaceImpl@f85b68d]
20:27:00.822 [main] DEBUG o.h.p.w.spi.MetamodelGraphWalker - Visiting attribute path : note
20:27:00.822 [main] DEBUG o.h.p.w.spi.MetamodelGraphWalker - Visiting attribute path : visit
20:27:00.822 [main] DEBUG o.h.l.p.b.i.spaces.QuerySpacesImpl - Adding QuerySpace : uid = <gen:2> -> org.hibernate.loader.plan.build.internal.spaces.EntityQuerySpaceImpl@2dc97eb8]
20:27:00.822 [main] DEBUG o.h.l.p.b.i.FetchStyleLoadPlanBuildingAssociationVisitationStrategy - Building LoadPlan...
20:27:00.822 [main] DEBUG o.h.l.p.e.i.LoadQueryJoinAndFetchProcessor - processing queryspace <gen:0>
20:27:00.823 [main] DEBUG o.h.l.p.b.spi.LoadPlanTreePrinter - LoadPlan(entity=edu.ncsu.csc.itrust2.models.persistent.Diagnosis)
    - Returns
       - EntityReturnImpl(entity=edu.ncsu.csc.itrust2.models.persistent.Diagnosis, querySpaceUid=<gen:0>, path=edu.ncsu.csc.itrust2.models.persistent.Diagnosis)
          - EntityAttributeFetchImpl(entity=edu.ncsu.csc.itrust2.models.persistent.ICDCode, querySpaceUid=<gen:1>, path=edu.ncsu.csc.itrust2.models.persistent.Diagnosis.code)
          - EntityAttributeFetchImpl(entity=edu.ncsu.csc.itrust2.models.persistent.OfficeVisit, querySpaceUid=<gen:2>, path=edu.ncsu.csc.itrust2.models.persistent.Diagnosis.visit)
    - QuerySpaces
       - EntityQuerySpaceImpl(uid=<gen:0>, entity=edu.ncsu.csc.itrust2.models.persistent.Diagnosis)
          - SQL table alias mapping - diagnosis0_
          - alias suffix - 0_
          - suffixed key columns - {id1_2_0_}

20:27:00.823 [main] DEBUG o.h.loader.entity.plan.EntityLoader - Static select for entity edu.ncsu.csc.itrust2.models.persistent.Diagnosis [PESSIMISTIC_READ]: select diagnosis0_.id as id1_2_0_, diagnosis0_.code_id as code_id3_2_0_, diagnosis0_.note as note2_2_0_, diagnosis0_.visit_id as visit_id4_2_0_ from Diagnoses diagnosis0_ where diagnosis0_.id=? lock in share mode
20:27:00.823 [main] DEBUG o.h.l.p.b.i.spaces.QuerySpacesImpl - Adding QuerySpace : uid = <gen:0> -> org.hibernate.loader.plan.build.internal.spaces.EntityQuerySpaceImpl@52e281e5]
20:27:00.823 [main] DEBUG o.h.p.w.spi.MetamodelGraphWalker - Visiting attribute path : code
20:27:00.823 [main] DEBUG o.h.l.p.b.i.spaces.QuerySpacesImpl - Adding QuerySpace : uid = <gen:1> -> org.hibernate.loader.plan.build.internal.spaces.EntityQuerySpaceImpl@7416c534]
20:27:00.823 [main] DEBUG o.h.p.w.spi.MetamodelGraphWalker - Visiting attribute path : note
20:27:00.824 [main] DEBUG o.h.p.w.spi.MetamodelGraphWalker - Visiting attribute path : visit
20:27:00.824 [main] DEBUG o.h.l.p.b.i.spaces.QuerySpacesImpl - Adding QuerySpace : uid = <gen:2> -> org.hibernate.loader.plan.build.internal.spaces.EntityQuerySpaceImpl@12cc49b0]
20:27:00.824 [main] DEBUG o.h.l.p.b.i.FetchStyleLoadPlanBuildingAssociationVisitationStrategy - Building LoadPlan...
20:27:00.824 [main] DEBUG o.h.l.p.e.i.LoadQueryJoinAndFetchProcessor - processing queryspace <gen:0>
20:27:00.825 [main] DEBUG o.h.l.p.b.spi.LoadPlanTreePrinter - LoadPlan(entity=edu.ncsu.csc.itrust2.models.persistent.Diagnosis)
    - Returns
       - EntityReturnImpl(entity=edu.ncsu.csc.itrust2.models.persistent.Diagnosis, querySpaceUid=<gen:0>, path=edu.ncsu.csc.itrust2.models.persistent.Diagnosis)
          - EntityAttributeFetchImpl(entity=edu.ncsu.csc.itrust2.models.persistent.ICDCode, querySpaceUid=<gen:1>, path=edu.ncsu.csc.itrust2.models.persistent.Diagnosis.code)
          - EntityAttributeFetchImpl(entity=edu.ncsu.csc.itrust2.models.persistent.OfficeVisit, querySpaceUid=<gen:2>, path=edu.ncsu.csc.itrust2.models.persistent.Diagnosis.visit)
    - QuerySpaces
       - EntityQuerySpaceImpl(uid=<gen:0>, entity=edu.ncsu.csc.itrust2.models.persistent.Diagnosis)
          - SQL table alias mapping - diagnosis0_
          - alias suffix - 0_
          - suffixed key columns - {id1_2_0_}

20:27:00.825 [main] DEBUG o.h.loader.entity.plan.EntityLoader - Static select for entity edu.ncsu.csc.itrust2.models.persistent.Diagnosis [PESSIMISTIC_WRITE]: select diagnosis0_.id as id1_2_0_, diagnosis0_.code_id as code_id3_2_0_, diagnosis0_.note as note2_2_0_, diagnosis0_.visit_id as visit_id4_2_0_ from Diagnoses diagnosis0_ where diagnosis0_.id=? for update
20:27:00.825 [main] DEBUG o.h.l.p.b.i.spaces.QuerySpacesImpl - Adding QuerySpace : uid = <gen:0> -> org.hibernate.loader.plan.build.internal.spaces.EntityQuerySpaceImpl@54e71fa5]
20:27:00.825 [main] DEBUG o.h.p.w.spi.MetamodelGraphWalker - Visiting attribute path : code
20:27:00.825 [main] DEBUG o.h.l.p.b.i.spaces.QuerySpacesImpl - Adding QuerySpace : uid = <gen:1> -> org.hibernate.loader.plan.build.internal.spaces.EntityQuerySpaceImpl@696552a4]
20:27:00.825 [main] DEBUG o.h.p.w.spi.MetamodelGraphWalker - Visiting attribute path : note
20:27:00.825 [main] DEBUG o.h.p.w.spi.MetamodelGraphWalker - Visiting attribute path : visit
20:27:00.826 [main] DEBUG o.h.l.p.b.i.spaces.QuerySpacesImpl - Adding QuerySpace : uid = <gen:2> -> org.hibernate.loader.plan.build.internal.spaces.EntityQuerySpaceImpl@191407f1]
20:27:00.826 [main] DEBUG o.h.l.p.b.i.FetchStyleLoadPlanBuildingAssociationVisitationStrategy - Building LoadPlan...
20:27:00.826 [main] DEBUG o.h.l.p.e.i.LoadQueryJoinAndFetchProcessor - processing queryspace <gen:0>
20:27:00.827 [main] DEBUG o.h.l.p.b.spi.LoadPlanTreePrinter - LoadPlan(entity=edu.ncsu.csc.itrust2.models.persistent.Diagnosis)
    - Returns
       - EntityReturnImpl(entity=edu.ncsu.csc.itrust2.models.persistent.Diagnosis, querySpaceUid=<gen:0>, path=edu.ncsu.csc.itrust2.models.persistent.Diagnosis)
          - EntityAttributeFetchImpl(entity=edu.ncsu.csc.itrust2.models.persistent.ICDCode, querySpaceUid=<gen:1>, path=edu.ncsu.csc.itrust2.models.persistent.Diagnosis.code)
          - EntityAttributeFetchImpl(entity=edu.ncsu.csc.itrust2.models.persistent.OfficeVisit, querySpaceUid=<gen:2>, path=edu.ncsu.csc.itrust2.models.persistent.Diagnosis.visit)
    - QuerySpaces
       - EntityQuerySpaceImpl(uid=<gen:0>, entity=edu.ncsu.csc.itrust2.models.persistent.Diagnosis)
          - SQL table alias mapping - diagnosis0_
          - alias suffix - 0_
          - suffixed key columns - {id1_2_0_}

20:27:00.827 [main] DEBUG o.h.loader.entity.plan.EntityLoader - Static select for entity edu.ncsu.csc.itrust2.models.persistent.Diagnosis [PESSIMISTIC_FORCE_INCREMENT]: select diagnosis0_.id as id1_2_0_, diagnosis0_.code_id as code_id3_2_0_, diagnosis0_.note as note2_2_0_, diagnosis0_.visit_id as visit_id4_2_0_ from Diagnoses diagnosis0_ where diagnosis0_.id=? for update
20:27:00.827 [main] DEBUG o.h.l.p.b.i.spaces.QuerySpacesImpl - Adding QuerySpace : uid = <gen:0> -> org.hibernate.loader.plan.build.internal.spaces.EntityQuerySpaceImpl@75622941]
20:27:00.827 [main] DEBUG o.h.p.w.spi.MetamodelGraphWalker - Visiting attribute path : code
20:27:00.827 [main] DEBUG o.h.l.p.b.i.spaces.QuerySpacesImpl - Adding QuerySpace : uid = <gen:1> -> org.hibernate.loader.plan.build.internal.spaces.EntityQuerySpaceImpl@5d4e7f4f]
20:27:00.827 [main] DEBUG o.h.p.w.spi.MetamodelGraphWalker - Visiting attribute path : note
20:27:00.827 [main] DEBUG o.h.p.w.spi.MetamodelGraphWalker - Visiting attribute path : visit
20:27:00.827 [main] DEBUG o.h.l.p.b.i.spaces.QuerySpacesImpl - Adding QuerySpace : uid = <gen:2> -> org.hibernate.loader.plan.build.internal.spaces.EntityQuerySpaceImpl@64dcd098]
20:27:00.828 [main] DEBUG o.h.l.p.b.i.FetchStyleLoadPlanBuildingAssociationVisitationStrategy - Building LoadPlan...
20:27:00.828 [main] DEBUG o.h.l.p.e.i.LoadQueryJoinAndFetchProcessor - processing queryspace <gen:0>
20:27:00.828 [main] DEBUG o.h.l.p.b.spi.LoadPlanTreePrinter - LoadPlan(entity=edu.ncsu.csc.itrust2.models.persistent.Diagnosis)
    - Returns
       - EntityReturnImpl(entity=edu.ncsu.csc.itrust2.models.persistent.Diagnosis, querySpaceUid=<gen:0>, path=edu.ncsu.csc.itrust2.models.persistent.Diagnosis)
          - EntityAttributeFetchImpl(entity=edu.ncsu.csc.itrust2.models.persistent.ICDCode, querySpaceUid=<gen:1>, path=edu.ncsu.csc.itrust2.models.persistent.Diagnosis.code)
          - EntityAttributeFetchImpl(entity=edu.ncsu.csc.itrust2.models.persistent.OfficeVisit, querySpaceUid=<gen:2>, path=edu.ncsu.csc.itrust2.models.persistent.Diagnosis.visit)
    - QuerySpaces
       - EntityQuerySpaceImpl(uid=<gen:0>, entity=edu.ncsu.csc.itrust2.models.persistent.Diagnosis)
          - SQL table alias mapping - diagnosis0_
          - alias suffix - 0_
          - suffixed key columns - {id1_2_0_}

20:27:00.828 [main] DEBUG o.h.loader.entity.plan.EntityLoader - Static select for entity edu.ncsu.csc.itrust2.models.persistent.Diagnosis [OPTIMISTIC]: select diagnosis0_.id as id1_2_0_, diagnosis0_.code_id as code_id3_2_0_, diagnosis0_.note as note2_2_0_, diagnosis0_.visit_id as visit_id4_2_0_ from Diagnoses diagnosis0_ where diagnosis0_.id=?
20:27:00.828 [main] DEBUG o.h.l.p.b.i.spaces.QuerySpacesImpl - Adding QuerySpace : uid = <gen:0> -> org.hibernate.loader.plan.build.internal.spaces.EntityQuerySpaceImpl@90c563]
20:27:00.829 [main] DEBUG o.h.p.w.spi.MetamodelGraphWalker - Visiting attribute path : code
20:27:00.829 [main] DEBUG o.h.l.p.b.i.spaces.QuerySpacesImpl - Adding QuerySpace : uid = <gen:1> -> org.hibernate.loader.plan.build.internal.spaces.EntityQuerySpaceImpl@5f74290c]
20:27:00.829 [main] DEBUG o.h.p.w.spi.MetamodelGraphWalker - Visiting attribute path : note
20:27:00.829 [main] DEBUG o.h.p.w.spi.MetamodelGraphWalker - Visiting attribute path : visit
20:27:00.829 [main] DEBUG o.h.l.p.b.i.spaces.QuerySpacesImpl - Adding QuerySpace : uid = <gen:2> -> org.hibernate.loader.plan.build.internal.spaces.EntityQuerySpaceImpl@5d2e7a6a]
20:27:00.829 [main] DEBUG o.h.l.p.b.i.FetchStyleLoadPlanBuildingAssociationVisitationStrategy - Building LoadPlan...
20:27:00.829 [main] DEBUG o.h.l.p.e.i.LoadQueryJoinAndFetchProcessor - processing queryspace <gen:0>
20:27:00.830 [main] DEBUG o.h.l.p.b.spi.LoadPlanTreePrinter - LoadPlan(entity=edu.ncsu.csc.itrust2.models.persistent.Diagnosis)
    - Returns
       - EntityReturnImpl(entity=edu.ncsu.csc.itrust2.models.persistent.Diagnosis, querySpaceUid=<gen:0>, path=edu.ncsu.csc.itrust2.models.persistent.Diagnosis)
          - EntityAttributeFetchImpl(entity=edu.ncsu.csc.itrust2.models.persistent.ICDCode, querySpaceUid=<gen:1>, path=edu.ncsu.csc.itrust2.models.persistent.Diagnosis.code)
          - EntityAttributeFetchImpl(entity=edu.ncsu.csc.itrust2.models.persistent.OfficeVisit, querySpaceUid=<gen:2>, path=edu.ncsu.csc.itrust2.models.persistent.Diagnosis.visit)
    - QuerySpaces
       - EntityQuerySpaceImpl(uid=<gen:0>, entity=edu.ncsu.csc.itrust2.models.persistent.Diagnosis)
          - SQL table alias mapping - diagnosis0_
          - alias suffix - 0_
          - suffixed key columns - {id1_2_0_}

20:27:00.830 [main] DEBUG o.h.loader.entity.plan.EntityLoader - Static select for entity edu.ncsu.csc.itrust2.models.persistent.Diagnosis [OPTIMISTIC_FORCE_INCREMENT]: select diagnosis0_.id as id1_2_0_, diagnosis0_.code_id as code_id3_2_0_, diagnosis0_.note as note2_2_0_, diagnosis0_.visit_id as visit_id4_2_0_ from Diagnoses diagnosis0_ where diagnosis0_.id=?
20:27:00.830 [main] DEBUG org.hibernate.loader.Loader - Static select for action ACTION_MERGE on entity edu.ncsu.csc.itrust2.models.persistent.Diagnosis: select diagnosis0_.id as id1_2_0_, diagnosis0_.code_id as code_id3_2_0_, diagnosis0_.note as note2_2_0_, diagnosis0_.visit_id as visit_id4_2_0_ from Diagnoses diagnosis0_ where diagnosis0_.id=?
20:27:00.830 [main] DEBUG org.hibernate.loader.Loader - Static select for action ACTION_REFRESH on entity edu.ncsu.csc.itrust2.models.persistent.Diagnosis: select diagnosis0_.id as id1_2_0_, diagnosis0_.code_id as code_id3_2_0_, diagnosis0_.note as note2_2_0_, diagnosis0_.visit_id as visit_id4_2_0_ from Diagnoses diagnosis0_ where diagnosis0_.id=?
20:27:00.831 [main] DEBUG o.h.p.entity.AbstractEntityPersister - Static SQL for entity: edu.ncsu.csc.itrust2.models.persistent.User
20:27:00.831 [main] DEBUG o.h.p.entity.AbstractEntityPersister -  Version select: select username from Users where username =?
20:27:00.831 [main] DEBUG o.h.p.entity.AbstractEntityPersister -  Snapshot select: select user_.username, user_.enabled as enabled2_15_, user_.password as password3_15_, user_.role as role4_15_ from Users user_ where user_.username=?
20:27:00.831 [main] DEBUG o.h.p.entity.AbstractEntityPersister -  Insert 0: insert into Users (enabled, password, role, username) values (?, ?, ?, ?)
20:27:00.831 [main] DEBUG o.h.p.entity.AbstractEntityPersister -  Update 0: update Users set enabled=?, password=?, role=? where username=?
20:27:00.831 [main] DEBUG o.h.p.entity.AbstractEntityPersister -  Delete 0: delete from Users where username=?
20:27:00.831 [main] DEBUG o.h.l.p.b.i.spaces.QuerySpacesImpl - Adding QuerySpace : uid = <gen:0> -> org.hibernate.loader.plan.build.internal.spaces.EntityQuerySpaceImpl@5b930771]
20:27:00.831 [main] DEBUG o.h.p.w.spi.MetamodelGraphWalker - Visiting attribute path : enabled
20:27:00.831 [main] DEBUG o.h.p.w.spi.MetamodelGraphWalker - Visiting attribute path : password
20:27:00.831 [main] DEBUG o.h.p.w.spi.MetamodelGraphWalker - Visiting attribute path : role
20:27:00.831 [main] DEBUG o.h.l.p.b.i.FetchStyleLoadPlanBuildingAssociationVisitationStrategy - Building LoadPlan...
20:27:00.832 [main] DEBUG o.h.l.p.e.i.LoadQueryJoinAndFetchProcessor - processing queryspace <gen:0>
20:27:00.832 [main] DEBUG o.h.l.p.b.spi.LoadPlanTreePrinter - LoadPlan(entity=edu.ncsu.csc.itrust2.models.persistent.User)
    - Returns
       - EntityReturnImpl(entity=edu.ncsu.csc.itrust2.models.persistent.User, querySpaceUid=<gen:0>, path=edu.ncsu.csc.itrust2.models.persistent.User)
    - QuerySpaces
       - EntityQuerySpaceImpl(uid=<gen:0>, entity=edu.ncsu.csc.itrust2.models.persistent.User)
          - SQL table alias mapping - user0_
          - alias suffix - 0_
          - suffixed key columns - {username1_15_0_}

20:27:00.832 [main] DEBUG o.h.loader.entity.plan.EntityLoader - Static select for entity edu.ncsu.csc.itrust2.models.persistent.User [NONE]: select user0_.username as username1_15_0_, user0_.enabled as enabled2_15_0_, user0_.password as password3_15_0_, user0_.role as role4_15_0_ from Users user0_ where user0_.username=?
20:27:00.832 [main] DEBUG o.h.l.p.b.i.spaces.QuerySpacesImpl - Adding QuerySpace : uid = <gen:0> -> org.hibernate.loader.plan.build.internal.spaces.EntityQuerySpaceImpl@2099e3a8]
20:27:00.832 [main] DEBUG o.h.p.w.spi.MetamodelGraphWalker - Visiting attribute path : enabled
20:27:00.832 [main] DEBUG o.h.p.w.spi.MetamodelGraphWalker - Visiting attribute path : password
20:27:00.832 [main] DEBUG o.h.p.w.spi.MetamodelGraphWalker - Visiting attribute path : role
20:27:00.833 [main] DEBUG o.h.l.p.b.i.FetchStyleLoadPlanBuildingAssociationVisitationStrategy - Building LoadPlan...
20:27:00.833 [main] DEBUG o.h.l.p.e.i.LoadQueryJoinAndFetchProcessor - processing queryspace <gen:0>
20:27:00.833 [main] DEBUG o.h.l.p.b.spi.LoadPlanTreePrinter - LoadPlan(entity=edu.ncsu.csc.itrust2.models.persistent.User)
    - Returns
       - EntityReturnImpl(entity=edu.ncsu.csc.itrust2.models.persistent.User, querySpaceUid=<gen:0>, path=edu.ncsu.csc.itrust2.models.persistent.User)
    - QuerySpaces
       - EntityQuerySpaceImpl(uid=<gen:0>, entity=edu.ncsu.csc.itrust2.models.persistent.User)
          - SQL table alias mapping - user0_
          - alias suffix - 0_
          - suffixed key columns - {username1_15_0_}

20:27:00.833 [main] DEBUG o.h.loader.entity.plan.EntityLoader - Static select for entity edu.ncsu.csc.itrust2.models.persistent.User [READ]: select user0_.username as username1_15_0_, user0_.enabled as enabled2_15_0_, user0_.password as password3_15_0_, user0_.role as role4_15_0_ from Users user0_ where user0_.username=?
20:27:00.833 [main] DEBUG o.h.l.p.b.i.spaces.QuerySpacesImpl - Adding QuerySpace : uid = <gen:0> -> org.hibernate.loader.plan.build.internal.spaces.EntityQuerySpaceImpl@4d2106dc]
20:27:00.833 [main] DEBUG o.h.p.w.spi.MetamodelGraphWalker - Visiting attribute path : enabled
20:27:00.833 [main] DEBUG o.h.p.w.spi.MetamodelGraphWalker - Visiting attribute path : password
20:27:00.833 [main] DEBUG o.h.p.w.spi.MetamodelGraphWalker - Visiting attribute path : role
20:27:00.834 [main] DEBUG o.h.l.p.b.i.FetchStyleLoadPlanBuildingAssociationVisitationStrategy - Building LoadPlan...
20:27:00.834 [main] DEBUG o.h.l.p.e.i.LoadQueryJoinAndFetchProcessor - processing queryspace <gen:0>
20:27:00.834 [main] DEBUG o.h.l.p.b.spi.LoadPlanTreePrinter - LoadPlan(entity=edu.ncsu.csc.itrust2.models.persistent.User)
    - Returns
       - EntityReturnImpl(entity=edu.ncsu.csc.itrust2.models.persistent.User, querySpaceUid=<gen:0>, path=edu.ncsu.csc.itrust2.models.persistent.User)
    - QuerySpaces
       - EntityQuerySpaceImpl(uid=<gen:0>, entity=edu.ncsu.csc.itrust2.models.persistent.User)
          - SQL table alias mapping - user0_
          - alias suffix - 0_
          - suffixed key columns - {username1_15_0_}

20:27:00.834 [main] DEBUG o.h.loader.entity.plan.EntityLoader - Static select for entity edu.ncsu.csc.itrust2.models.persistent.User [UPGRADE]: select user0_.username as username1_15_0_, user0_.enabled as enabled2_15_0_, user0_.password as password3_15_0_, user0_.role as role4_15_0_ from Users user0_ where user0_.username=? for update
20:27:00.834 [main] DEBUG o.h.l.p.b.i.spaces.QuerySpacesImpl - Adding QuerySpace : uid = <gen:0> -> org.hibernate.loader.plan.build.internal.spaces.EntityQuerySpaceImpl@20fa2e9a]
20:27:00.834 [main] DEBUG o.h.p.w.spi.MetamodelGraphWalker - Visiting attribute path : enabled
20:27:00.834 [main] DEBUG o.h.p.w.spi.MetamodelGraphWalker - Visiting attribute path : password
20:27:00.835 [main] DEBUG o.h.p.w.spi.MetamodelGraphWalker - Visiting attribute path : role
20:27:00.835 [main] DEBUG o.h.l.p.b.i.FetchStyleLoadPlanBuildingAssociationVisitationStrategy - Building LoadPlan...
20:27:00.835 [main] DEBUG o.h.l.p.e.i.LoadQueryJoinAndFetchProcessor - processing queryspace <gen:0>
20:27:00.835 [main] DEBUG o.h.l.p.b.spi.LoadPlanTreePrinter - LoadPlan(entity=edu.ncsu.csc.itrust2.models.persistent.User)
    - Returns
       - EntityReturnImpl(entity=edu.ncsu.csc.itrust2.models.persistent.User, querySpaceUid=<gen:0>, path=edu.ncsu.csc.itrust2.models.persistent.User)
    - QuerySpaces
       - EntityQuerySpaceImpl(uid=<gen:0>, entity=edu.ncsu.csc.itrust2.models.persistent.User)
          - SQL table alias mapping - user0_
          - alias suffix - 0_
          - suffixed key columns - {username1_15_0_}

20:27:00.835 [main] DEBUG o.h.loader.entity.plan.EntityLoader - Static select for entity edu.ncsu.csc.itrust2.models.persistent.User [UPGRADE_NOWAIT]: select user0_.username as username1_15_0_, user0_.enabled as enabled2_15_0_, user0_.password as password3_15_0_, user0_.role as role4_15_0_ from Users user0_ where user0_.username=? for update
20:27:00.835 [main] DEBUG o.h.l.p.b.i.spaces.QuerySpacesImpl - Adding QuerySpace : uid = <gen:0> -> org.hibernate.loader.plan.build.internal.spaces.EntityQuerySpaceImpl@3aba6141]
20:27:00.836 [main] DEBUG o.h.p.w.spi.MetamodelGraphWalker - Visiting attribute path : enabled
20:27:00.836 [main] DEBUG o.h.p.w.spi.MetamodelGraphWalker - Visiting attribute path : password
20:27:00.836 [main] DEBUG o.h.p.w.spi.MetamodelGraphWalker - Visiting attribute path : role
20:27:00.836 [main] DEBUG o.h.l.p.b.i.FetchStyleLoadPlanBuildingAssociationVisitationStrategy - Building LoadPlan...
20:27:00.836 [main] DEBUG o.h.l.p.e.i.LoadQueryJoinAndFetchProcessor - processing queryspace <gen:0>
20:27:00.836 [main] DEBUG o.h.l.p.b.spi.LoadPlanTreePrinter - LoadPlan(entity=edu.ncsu.csc.itrust2.models.persistent.User)
    - Returns
       - EntityReturnImpl(entity=edu.ncsu.csc.itrust2.models.persistent.User, querySpaceUid=<gen:0>, path=edu.ncsu.csc.itrust2.models.persistent.User)
    - QuerySpaces
       - EntityQuerySpaceImpl(uid=<gen:0>, entity=edu.ncsu.csc.itrust2.models.persistent.User)
          - SQL table alias mapping - user0_
          - alias suffix - 0_
          - suffixed key columns - {username1_15_0_}

20:27:00.836 [main] DEBUG o.h.loader.entity.plan.EntityLoader - Static select for entity edu.ncsu.csc.itrust2.models.persistent.User [UPGRADE_SKIPLOCKED]: select user0_.username as username1_15_0_, user0_.enabled as enabled2_15_0_, user0_.password as password3_15_0_, user0_.role as role4_15_0_ from Users user0_ where user0_.username=? for update
20:27:00.836 [main] DEBUG o.h.l.p.b.i.spaces.QuerySpacesImpl - Adding QuerySpace : uid = <gen:0> -> org.hibernate.loader.plan.build.internal.spaces.EntityQuerySpaceImpl@c1083b4]
20:27:00.837 [main] DEBUG o.h.p.w.spi.MetamodelGraphWalker - Visiting attribute path : enabled
20:27:00.837 [main] DEBUG o.h.p.w.spi.MetamodelGraphWalker - Visiting attribute path : password
20:27:00.837 [main] DEBUG o.h.p.w.spi.MetamodelGraphWalker - Visiting attribute path : role
20:27:00.837 [main] DEBUG o.h.l.p.b.i.FetchStyleLoadPlanBuildingAssociationVisitationStrategy - Building LoadPlan...
20:27:00.837 [main] DEBUG o.h.l.p.e.i.LoadQueryJoinAndFetchProcessor - processing queryspace <gen:0>
20:27:00.837 [main] DEBUG o.h.l.p.b.spi.LoadPlanTreePrinter - LoadPlan(entity=edu.ncsu.csc.itrust2.models.persistent.User)
    - Returns
       - EntityReturnImpl(entity=edu.ncsu.csc.itrust2.models.persistent.User, querySpaceUid=<gen:0>, path=edu.ncsu.csc.itrust2.models.persistent.User)
    - QuerySpaces
       - EntityQuerySpaceImpl(uid=<gen:0>, entity=edu.ncsu.csc.itrust2.models.persistent.User)
          - SQL table alias mapping - user0_
          - alias suffix - 0_
          - suffixed key columns - {username1_15_0_}

20:27:00.838 [main] DEBUG o.h.loader.entity.plan.EntityLoader - Static select for entity edu.ncsu.csc.itrust2.models.persistent.User [FORCE]: select user0_.username as username1_15_0_, user0_.enabled as enabled2_15_0_, user0_.password as password3_15_0_, user0_.role as role4_15_0_ from Users user0_ where user0_.username=? for update
20:27:00.838 [main] DEBUG o.h.l.p.b.i.spaces.QuerySpacesImpl - Adding QuerySpace : uid = <gen:0> -> org.hibernate.loader.plan.build.internal.spaces.EntityQuerySpaceImpl@5e66e650]
20:27:00.838 [main] DEBUG o.h.p.w.spi.MetamodelGraphWalker - Visiting attribute path : enabled
20:27:00.838 [main] DEBUG o.h.p.w.spi.MetamodelGraphWalker - Visiting attribute path : password
20:27:00.838 [main] DEBUG o.h.p.w.spi.MetamodelGraphWalker - Visiting attribute path : role
20:27:00.838 [main] DEBUG o.h.l.p.b.i.FetchStyleLoadPlanBuildingAssociationVisitationStrategy - Building LoadPlan...
20:27:00.838 [main] DEBUG o.h.l.p.e.i.LoadQueryJoinAndFetchProcessor - processing queryspace <gen:0>
20:27:00.839 [main] DEBUG o.h.l.p.b.spi.LoadPlanTreePrinter - LoadPlan(entity=edu.ncsu.csc.itrust2.models.persistent.User)
    - Returns
       - EntityReturnImpl(entity=edu.ncsu.csc.itrust2.models.persistent.User, querySpaceUid=<gen:0>, path=edu.ncsu.csc.itrust2.models.persistent.User)
    - QuerySpaces
       - EntityQuerySpaceImpl(uid=<gen:0>, entity=edu.ncsu.csc.itrust2.models.persistent.User)
          - SQL table alias mapping - user0_
          - alias suffix - 0_
          - suffixed key columns - {username1_15_0_}

20:27:00.839 [main] DEBUG o.h.loader.entity.plan.EntityLoader - Static select for entity edu.ncsu.csc.itrust2.models.persistent.User [PESSIMISTIC_READ]: select user0_.username as username1_15_0_, user0_.enabled as enabled2_15_0_, user0_.password as password3_15_0_, user0_.role as role4_15_0_ from Users user0_ where user0_.username=? lock in share mode
20:27:00.839 [main] DEBUG o.h.l.p.b.i.spaces.QuerySpacesImpl - Adding QuerySpace : uid = <gen:0> -> org.hibernate.loader.plan.build.internal.spaces.EntityQuerySpaceImpl@54ed507f]
20:27:00.839 [main] DEBUG o.h.p.w.spi.MetamodelGraphWalker - Visiting attribute path : enabled
20:27:00.839 [main] DEBUG o.h.p.w.spi.MetamodelGraphWalker - Visiting attribute path : password
20:27:00.839 [main] DEBUG o.h.p.w.spi.MetamodelGraphWalker - Visiting attribute path : role
20:27:00.839 [main] DEBUG o.h.l.p.b.i.FetchStyleLoadPlanBuildingAssociationVisitationStrategy - Building LoadPlan...
20:27:00.839 [main] DEBUG o.h.l.p.e.i.LoadQueryJoinAndFetchProcessor - processing queryspace <gen:0>
20:27:00.840 [main] DEBUG o.h.l.p.b.spi.LoadPlanTreePrinter - LoadPlan(entity=edu.ncsu.csc.itrust2.models.persistent.User)
    - Returns
       - EntityReturnImpl(entity=edu.ncsu.csc.itrust2.models.persistent.User, querySpaceUid=<gen:0>, path=edu.ncsu.csc.itrust2.models.persistent.User)
    - QuerySpaces
       - EntityQuerySpaceImpl(uid=<gen:0>, entity=edu.ncsu.csc.itrust2.models.persistent.User)
          - SQL table alias mapping - user0_
          - alias suffix - 0_
          - suffixed key columns - {username1_15_0_}

20:27:00.840 [main] DEBUG o.h.loader.entity.plan.EntityLoader - Static select for entity edu.ncsu.csc.itrust2.models.persistent.User [PESSIMISTIC_WRITE]: select user0_.username as username1_15_0_, user0_.enabled as enabled2_15_0_, user0_.password as password3_15_0_, user0_.role as role4_15_0_ from Users user0_ where user0_.username=? for update
20:27:00.840 [main] DEBUG o.h.l.p.b.i.spaces.QuerySpacesImpl - Adding QuerySpace : uid = <gen:0> -> org.hibernate.loader.plan.build.internal.spaces.EntityQuerySpaceImpl@736d4950]
20:27:00.840 [main] DEBUG o.h.p.w.spi.MetamodelGraphWalker - Visiting attribute path : enabled
20:27:00.840 [main] DEBUG o.h.p.w.spi.MetamodelGraphWalker - Visiting attribute path : password
20:27:00.840 [main] DEBUG o.h.p.w.spi.MetamodelGraphWalker - Visiting attribute path : role
20:27:00.840 [main] DEBUG o.h.l.p.b.i.FetchStyleLoadPlanBuildingAssociationVisitationStrategy - Building LoadPlan...
20:27:00.840 [main] DEBUG o.h.l.p.e.i.LoadQueryJoinAndFetchProcessor - processing queryspace <gen:0>
20:27:00.840 [main] DEBUG o.h.l.p.b.spi.LoadPlanTreePrinter - LoadPlan(entity=edu.ncsu.csc.itrust2.models.persistent.User)
    - Returns
       - EntityReturnImpl(entity=edu.ncsu.csc.itrust2.models.persistent.User, querySpaceUid=<gen:0>, path=edu.ncsu.csc.itrust2.models.persistent.User)
    - QuerySpaces
       - EntityQuerySpaceImpl(uid=<gen:0>, entity=edu.ncsu.csc.itrust2.models.persistent.User)
          - SQL table alias mapping - user0_
          - alias suffix - 0_
          - suffixed key columns - {username1_15_0_}

20:27:00.841 [main] DEBUG o.h.loader.entity.plan.EntityLoader - Static select for entity edu.ncsu.csc.itrust2.models.persistent.User [PESSIMISTIC_FORCE_INCREMENT]: select user0_.username as username1_15_0_, user0_.enabled as enabled2_15_0_, user0_.password as password3_15_0_, user0_.role as role4_15_0_ from Users user0_ where user0_.username=? for update
20:27:00.841 [main] DEBUG o.h.l.p.b.i.spaces.QuerySpacesImpl - Adding QuerySpace : uid = <gen:0> -> org.hibernate.loader.plan.build.internal.spaces.EntityQuerySpaceImpl@52611244]
20:27:00.841 [main] DEBUG o.h.p.w.spi.MetamodelGraphWalker - Visiting attribute path : enabled
20:27:00.841 [main] DEBUG o.h.p.w.spi.MetamodelGraphWalker - Visiting attribute path : password
20:27:00.841 [main] DEBUG o.h.p.w.spi.MetamodelGraphWalker - Visiting attribute path : role
20:27:00.841 [main] DEBUG o.h.l.p.b.i.FetchStyleLoadPlanBuildingAssociationVisitationStrategy - Building LoadPlan...
20:27:00.841 [main] DEBUG o.h.l.p.e.i.LoadQueryJoinAndFetchProcessor - processing queryspace <gen:0>
20:27:00.842 [main] DEBUG o.h.l.p.b.spi.LoadPlanTreePrinter - LoadPlan(entity=edu.ncsu.csc.itrust2.models.persistent.User)
    - Returns
       - EntityReturnImpl(entity=edu.ncsu.csc.itrust2.models.persistent.User, querySpaceUid=<gen:0>, path=edu.ncsu.csc.itrust2.models.persistent.User)
    - QuerySpaces
       - EntityQuerySpaceImpl(uid=<gen:0>, entity=edu.ncsu.csc.itrust2.models.persistent.User)
          - SQL table alias mapping - user0_
          - alias suffix - 0_
          - suffixed key columns - {username1_15_0_}

20:27:00.842 [main] DEBUG o.h.loader.entity.plan.EntityLoader - Static select for entity edu.ncsu.csc.itrust2.models.persistent.User [OPTIMISTIC]: select user0_.username as username1_15_0_, user0_.enabled as enabled2_15_0_, user0_.password as password3_15_0_, user0_.role as role4_15_0_ from Users user0_ where user0_.username=?
20:27:00.842 [main] DEBUG o.h.l.p.b.i.spaces.QuerySpacesImpl - Adding QuerySpace : uid = <gen:0> -> org.hibernate.loader.plan.build.internal.spaces.EntityQuerySpaceImpl@525766c8]
20:27:00.842 [main] DEBUG o.h.p.w.spi.MetamodelGraphWalker - Visiting attribute path : enabled
20:27:00.842 [main] DEBUG o.h.p.w.spi.MetamodelGraphWalker - Visiting attribute path : password
20:27:00.842 [main] DEBUG o.h.p.w.spi.MetamodelGraphWalker - Visiting attribute path : role
20:27:00.842 [main] DEBUG o.h.l.p.b.i.FetchStyleLoadPlanBuildingAssociationVisitationStrategy - Building LoadPlan...
20:27:00.842 [main] DEBUG o.h.l.p.e.i.LoadQueryJoinAndFetchProcessor - processing queryspace <gen:0>
20:27:00.843 [main] DEBUG o.h.l.p.b.spi.LoadPlanTreePrinter - LoadPlan(entity=edu.ncsu.csc.itrust2.models.persistent.User)
    - Returns
       - EntityReturnImpl(entity=edu.ncsu.csc.itrust2.models.persistent.User, querySpaceUid=<gen:0>, path=edu.ncsu.csc.itrust2.models.persistent.User)
    - QuerySpaces
       - EntityQuerySpaceImpl(uid=<gen:0>, entity=edu.ncsu.csc.itrust2.models.persistent.User)
          - SQL table alias mapping - user0_
          - alias suffix - 0_
          - suffixed key columns - {username1_15_0_}

20:27:00.843 [main] DEBUG o.h.loader.entity.plan.EntityLoader - Static select for entity edu.ncsu.csc.itrust2.models.persistent.User [OPTIMISTIC_FORCE_INCREMENT]: select user0_.username as username1_15_0_, user0_.enabled as enabled2_15_0_, user0_.password as password3_15_0_, user0_.role as role4_15_0_ from Users user0_ where user0_.username=?
20:27:00.843 [main] DEBUG org.hibernate.loader.Loader - Static select for action ACTION_MERGE on entity edu.ncsu.csc.itrust2.models.persistent.User: select user0_.username as username1_15_0_, user0_.enabled as enabled2_15_0_, user0_.password as password3_15_0_, user0_.role as role4_15_0_ from Users user0_ where user0_.username=?
20:27:00.843 [main] DEBUG org.hibernate.loader.Loader - Static select for action ACTION_REFRESH on entity edu.ncsu.csc.itrust2.models.persistent.User: select user0_.username as username1_15_0_, user0_.enabled as enabled2_15_0_, user0_.password as password3_15_0_, user0_.role as role4_15_0_ from Users user0_ where user0_.username=?
20:27:00.844 [main] DEBUG o.h.p.entity.AbstractEntityPersister - Static SQL for entity: edu.ncsu.csc.itrust2.models.persistent.Hospital
20:27:00.844 [main] DEBUG o.h.p.entity.AbstractEntityPersister -  Version select: select name from Hospitals where name =?
20:27:00.844 [main] DEBUG o.h.p.entity.AbstractEntityPersister -  Snapshot select: select hospital_.name, hospital_.address as address2_4_, hospital_.state as state3_4_, hospital_.zip as zip4_4_ from Hospitals hospital_ where hospital_.name=?
20:27:00.844 [main] DEBUG o.h.p.entity.AbstractEntityPersister -  Insert 0: insert into Hospitals (address, state, zip, name) values (?, ?, ?, ?)
20:27:00.844 [main] DEBUG o.h.p.entity.AbstractEntityPersister -  Update 0: update Hospitals set address=?, state=?, zip=? where name=?
20:27:00.844 [main] DEBUG o.h.p.entity.AbstractEntityPersister -  Delete 0: delete from Hospitals where name=?
20:27:00.844 [main] DEBUG o.h.l.p.b.i.spaces.QuerySpacesImpl - Adding QuerySpace : uid = <gen:0> -> org.hibernate.loader.plan.build.internal.spaces.EntityQuerySpaceImpl@6ae53319]
20:27:00.844 [main] DEBUG o.h.p.w.spi.MetamodelGraphWalker - Visiting attribute path : address
20:27:00.844 [main] DEBUG o.h.p.w.spi.MetamodelGraphWalker - Visiting attribute path : state
20:27:00.844 [main] DEBUG o.h.p.w.spi.MetamodelGraphWalker - Visiting attribute path : zip
20:27:00.844 [main] DEBUG o.h.l.p.b.i.FetchStyleLoadPlanBuildingAssociationVisitationStrategy - Building LoadPlan...
20:27:00.844 [main] DEBUG o.h.l.p.e.i.LoadQueryJoinAndFetchProcessor - processing queryspace <gen:0>
20:27:00.845 [main] DEBUG o.h.l.p.b.spi.LoadPlanTreePrinter - LoadPlan(entity=edu.ncsu.csc.itrust2.models.persistent.Hospital)
    - Returns
       - EntityReturnImpl(entity=edu.ncsu.csc.itrust2.models.persistent.Hospital, querySpaceUid=<gen:0>, path=edu.ncsu.csc.itrust2.models.persistent.Hospital)
    - QuerySpaces
       - EntityQuerySpaceImpl(uid=<gen:0>, entity=edu.ncsu.csc.itrust2.models.persistent.Hospital)
          - SQL table alias mapping - hospital0_
          - alias suffix - 0_
          - suffixed key columns - {name1_4_0_}

20:27:00.845 [main] DEBUG o.h.loader.entity.plan.EntityLoader - Static select for entity edu.ncsu.csc.itrust2.models.persistent.Hospital [NONE]: select hospital0_.name as name1_4_0_, hospital0_.address as address2_4_0_, hospital0_.state as state3_4_0_, hospital0_.zip as zip4_4_0_ from Hospitals hospital0_ where hospital0_.name=?
20:27:00.845 [main] DEBUG o.h.l.p.b.i.spaces.QuerySpacesImpl - Adding QuerySpace : uid = <gen:0> -> org.hibernate.loader.plan.build.internal.spaces.EntityQuerySpaceImpl@40a7546]
20:27:00.845 [main] DEBUG o.h.p.w.spi.MetamodelGraphWalker - Visiting attribute path : address
20:27:00.845 [main] DEBUG o.h.p.w.spi.MetamodelGraphWalker - Visiting attribute path : state
20:27:00.845 [main] DEBUG o.h.p.w.spi.MetamodelGraphWalker - Visiting attribute path : zip
20:27:00.845 [main] DEBUG o.h.l.p.b.i.FetchStyleLoadPlanBuildingAssociationVisitationStrategy - Building LoadPlan...
20:27:00.845 [main] DEBUG o.h.l.p.e.i.LoadQueryJoinAndFetchProcessor - processing queryspace <gen:0>
20:27:00.845 [main] DEBUG o.h.l.p.b.spi.LoadPlanTreePrinter - LoadPlan(entity=edu.ncsu.csc.itrust2.models.persistent.Hospital)
    - Returns
       - EntityReturnImpl(entity=edu.ncsu.csc.itrust2.models.persistent.Hospital, querySpaceUid=<gen:0>, path=edu.ncsu.csc.itrust2.models.persistent.Hospital)
    - QuerySpaces
       - EntityQuerySpaceImpl(uid=<gen:0>, entity=edu.ncsu.csc.itrust2.models.persistent.Hospital)
          - SQL table alias mapping - hospital0_
          - alias suffix - 0_
          - suffixed key columns - {name1_4_0_}

20:27:00.845 [main] DEBUG o.h.loader.entity.plan.EntityLoader - Static select for entity edu.ncsu.csc.itrust2.models.persistent.Hospital [READ]: select hospital0_.name as name1_4_0_, hospital0_.address as address2_4_0_, hospital0_.state as state3_4_0_, hospital0_.zip as zip4_4_0_ from Hospitals hospital0_ where hospital0_.name=?
20:27:00.845 [main] DEBUG o.h.l.p.b.i.spaces.QuerySpacesImpl - Adding QuerySpace : uid = <gen:0> -> org.hibernate.loader.plan.build.internal.spaces.EntityQuerySpaceImpl@100c5261]
20:27:00.845 [main] DEBUG o.h.p.w.spi.MetamodelGraphWalker - Visiting attribute path : address
20:27:00.845 [main] DEBUG o.h.p.w.spi.MetamodelGraphWalker - Visiting attribute path : state
20:27:00.845 [main] DEBUG o.h.p.w.spi.MetamodelGraphWalker - Visiting attribute path : zip
20:27:00.845 [main] DEBUG o.h.l.p.b.i.FetchStyleLoadPlanBuildingAssociationVisitationStrategy - Building LoadPlan...
20:27:00.846 [main] DEBUG o.h.l.p.e.i.LoadQueryJoinAndFetchProcessor - processing queryspace <gen:0>
20:27:00.846 [main] DEBUG o.h.l.p.b.spi.LoadPlanTreePrinter - LoadPlan(entity=edu.ncsu.csc.itrust2.models.persistent.Hospital)
    - Returns
       - EntityReturnImpl(entity=edu.ncsu.csc.itrust2.models.persistent.Hospital, querySpaceUid=<gen:0>, path=edu.ncsu.csc.itrust2.models.persistent.Hospital)
    - QuerySpaces
       - EntityQuerySpaceImpl(uid=<gen:0>, entity=edu.ncsu.csc.itrust2.models.persistent.Hospital)
          - SQL table alias mapping - hospital0_
          - alias suffix - 0_
          - suffixed key columns - {name1_4_0_}

20:27:00.846 [main] DEBUG o.h.loader.entity.plan.EntityLoader - Static select for entity edu.ncsu.csc.itrust2.models.persistent.Hospital [UPGRADE]: select hospital0_.name as name1_4_0_, hospital0_.address as address2_4_0_, hospital0_.state as state3_4_0_, hospital0_.zip as zip4_4_0_ from Hospitals hospital0_ where hospital0_.name=? for update
20:27:00.846 [main] DEBUG o.h.l.p.b.i.spaces.QuerySpacesImpl - Adding QuerySpace : uid = <gen:0> -> org.hibernate.loader.plan.build.internal.spaces.EntityQuerySpaceImpl@3b7d3d05]
20:27:00.846 [main] DEBUG o.h.p.w.spi.MetamodelGraphWalker - Visiting attribute path : address
20:27:00.846 [main] DEBUG o.h.p.w.spi.MetamodelGraphWalker - Visiting attribute path : state
20:27:00.846 [main] DEBUG o.h.p.w.spi.MetamodelGraphWalker - Visiting attribute path : zip
20:27:00.846 [main] DEBUG o.h.l.p.b.i.FetchStyleLoadPlanBuildingAssociationVisitationStrategy - Building LoadPlan...
20:27:00.846 [main] DEBUG o.h.l.p.e.i.LoadQueryJoinAndFetchProcessor - processing queryspace <gen:0>
20:27:00.846 [main] DEBUG o.h.l.p.b.spi.LoadPlanTreePrinter - LoadPlan(entity=edu.ncsu.csc.itrust2.models.persistent.Hospital)
    - Returns
       - EntityReturnImpl(entity=edu.ncsu.csc.itrust2.models.persistent.Hospital, querySpaceUid=<gen:0>, path=edu.ncsu.csc.itrust2.models.persistent.Hospital)
    - QuerySpaces
       - EntityQuerySpaceImpl(uid=<gen:0>, entity=edu.ncsu.csc.itrust2.models.persistent.Hospital)
          - SQL table alias mapping - hospital0_
          - alias suffix - 0_
          - suffixed key columns - {name1_4_0_}

20:27:00.846 [main] DEBUG o.h.loader.entity.plan.EntityLoader - Static select for entity edu.ncsu.csc.itrust2.models.persistent.Hospital [UPGRADE_NOWAIT]: select hospital0_.name as name1_4_0_, hospital0_.address as address2_4_0_, hospital0_.state as state3_4_0_, hospital0_.zip as zip4_4_0_ from Hospitals hospital0_ where hospital0_.name=? for update
20:27:00.846 [main] DEBUG o.h.l.p.b.i.spaces.QuerySpacesImpl - Adding QuerySpace : uid = <gen:0> -> org.hibernate.loader.plan.build.internal.spaces.EntityQuerySpaceImpl@c90d38d]
20:27:00.846 [main] DEBUG o.h.p.w.spi.MetamodelGraphWalker - Visiting attribute path : address
20:27:00.847 [main] DEBUG o.h.p.w.spi.MetamodelGraphWalker - Visiting attribute path : state
20:27:00.847 [main] DEBUG o.h.p.w.spi.MetamodelGraphWalker - Visiting attribute path : zip
20:27:00.847 [main] DEBUG o.h.l.p.b.i.FetchStyleLoadPlanBuildingAssociationVisitationStrategy - Building LoadPlan...
20:27:00.847 [main] DEBUG o.h.l.p.e.i.LoadQueryJoinAndFetchProcessor - processing queryspace <gen:0>
20:27:00.847 [main] DEBUG o.h.l.p.b.spi.LoadPlanTreePrinter - LoadPlan(entity=edu.ncsu.csc.itrust2.models.persistent.Hospital)
    - Returns
       - EntityReturnImpl(entity=edu.ncsu.csc.itrust2.models.persistent.Hospital, querySpaceUid=<gen:0>, path=edu.ncsu.csc.itrust2.models.persistent.Hospital)
    - QuerySpaces
       - EntityQuerySpaceImpl(uid=<gen:0>, entity=edu.ncsu.csc.itrust2.models.persistent.Hospital)
          - SQL table alias mapping - hospital0_
          - alias suffix - 0_
          - suffixed key columns - {name1_4_0_}

20:27:00.847 [main] DEBUG o.h.loader.entity.plan.EntityLoader - Static select for entity edu.ncsu.csc.itrust2.models.persistent.Hospital [UPGRADE_SKIPLOCKED]: select hospital0_.name as name1_4_0_, hospital0_.address as address2_4_0_, hospital0_.state as state3_4_0_, hospital0_.zip as zip4_4_0_ from Hospitals hospital0_ where hospital0_.name=? for update
20:27:00.847 [main] DEBUG o.h.l.p.b.i.spaces.QuerySpacesImpl - Adding QuerySpace : uid = <gen:0> -> org.hibernate.loader.plan.build.internal.spaces.EntityQuerySpaceImpl@64cb1fa4]
20:27:00.847 [main] DEBUG o.h.p.w.spi.MetamodelGraphWalker - Visiting attribute path : address
20:27:00.847 [main] DEBUG o.h.p.w.spi.MetamodelGraphWalker - Visiting attribute path : state
20:27:00.847 [main] DEBUG o.h.p.w.spi.MetamodelGraphWalker - Visiting attribute path : zip
20:27:00.847 [main] DEBUG o.h.l.p.b.i.FetchStyleLoadPlanBuildingAssociationVisitationStrategy - Building LoadPlan...
20:27:00.847 [main] DEBUG o.h.l.p.e.i.LoadQueryJoinAndFetchProcessor - processing queryspace <gen:0>
20:27:00.847 [main] DEBUG o.h.l.p.b.spi.LoadPlanTreePrinter - LoadPlan(entity=edu.ncsu.csc.itrust2.models.persistent.Hospital)
    - Returns
       - EntityReturnImpl(entity=edu.ncsu.csc.itrust2.models.persistent.Hospital, querySpaceUid=<gen:0>, path=edu.ncsu.csc.itrust2.models.persistent.Hospital)
    - QuerySpaces
       - EntityQuerySpaceImpl(uid=<gen:0>, entity=edu.ncsu.csc.itrust2.models.persistent.Hospital)
          - SQL table alias mapping - hospital0_
          - alias suffix - 0_
          - suffixed key columns - {name1_4_0_}

20:27:00.847 [main] DEBUG o.h.loader.entity.plan.EntityLoader - Static select for entity edu.ncsu.csc.itrust2.models.persistent.Hospital [FORCE]: select hospital0_.name as name1_4_0_, hospital0_.address as address2_4_0_, hospital0_.state as state3_4_0_, hospital0_.zip as zip4_4_0_ from Hospitals hospital0_ where hospital0_.name=? for update
20:27:00.847 [main] DEBUG o.h.l.p.b.i.spaces.QuerySpacesImpl - Adding QuerySpace : uid = <gen:0> -> org.hibernate.loader.plan.build.internal.spaces.EntityQuerySpaceImpl@786dddfe]
20:27:00.848 [main] DEBUG o.h.p.w.spi.MetamodelGraphWalker - Visiting attribute path : address
20:27:00.848 [main] DEBUG o.h.p.w.spi.MetamodelGraphWalker - Visiting attribute path : state
20:27:00.848 [main] DEBUG o.h.p.w.spi.MetamodelGraphWalker - Visiting attribute path : zip
20:27:00.848 [main] DEBUG o.h.l.p.b.i.FetchStyleLoadPlanBuildingAssociationVisitationStrategy - Building LoadPlan...
20:27:00.848 [main] DEBUG o.h.l.p.e.i.LoadQueryJoinAndFetchProcessor - processing queryspace <gen:0>
20:27:00.848 [main] DEBUG o.h.l.p.b.spi.LoadPlanTreePrinter - LoadPlan(entity=edu.ncsu.csc.itrust2.models.persistent.Hospital)
    - Returns
       - EntityReturnImpl(entity=edu.ncsu.csc.itrust2.models.persistent.Hospital, querySpaceUid=<gen:0>, path=edu.ncsu.csc.itrust2.models.persistent.Hospital)
    - QuerySpaces
       - EntityQuerySpaceImpl(uid=<gen:0>, entity=edu.ncsu.csc.itrust2.models.persistent.Hospital)
          - SQL table alias mapping - hospital0_
          - alias suffix - 0_
          - suffixed key columns - {name1_4_0_}

20:27:00.848 [main] DEBUG o.h.loader.entity.plan.EntityLoader - Static select for entity edu.ncsu.csc.itrust2.models.persistent.Hospital [PESSIMISTIC_READ]: select hospital0_.name as name1_4_0_, hospital0_.address as address2_4_0_, hospital0_.state as state3_4_0_, hospital0_.zip as zip4_4_0_ from Hospitals hospital0_ where hospital0_.name=? lock in share mode
20:27:00.848 [main] DEBUG o.h.l.p.b.i.spaces.QuerySpacesImpl - Adding QuerySpace : uid = <gen:0> -> org.hibernate.loader.plan.build.internal.spaces.EntityQuerySpaceImpl@16f22873]
20:27:00.848 [main] DEBUG o.h.p.w.spi.MetamodelGraphWalker - Visiting attribute path : address
20:27:00.848 [main] DEBUG o.h.p.w.spi.MetamodelGraphWalker - Visiting attribute path : state
20:27:00.848 [main] DEBUG o.h.p.w.spi.MetamodelGraphWalker - Visiting attribute path : zip
20:27:00.848 [main] DEBUG o.h.l.p.b.i.FetchStyleLoadPlanBuildingAssociationVisitationStrategy - Building LoadPlan...
20:27:00.848 [main] DEBUG o.h.l.p.e.i.LoadQueryJoinAndFetchProcessor - processing queryspace <gen:0>
20:27:00.849 [main] DEBUG o.h.l.p.b.spi.LoadPlanTreePrinter - LoadPlan(entity=edu.ncsu.csc.itrust2.models.persistent.Hospital)
    - Returns
       - EntityReturnImpl(entity=edu.ncsu.csc.itrust2.models.persistent.Hospital, querySpaceUid=<gen:0>, path=edu.ncsu.csc.itrust2.models.persistent.Hospital)
    - QuerySpaces
       - EntityQuerySpaceImpl(uid=<gen:0>, entity=edu.ncsu.csc.itrust2.models.persistent.Hospital)
          - SQL table alias mapping - hospital0_
          - alias suffix - 0_
          - suffixed key columns - {name1_4_0_}

20:27:00.849 [main] DEBUG o.h.loader.entity.plan.EntityLoader - Static select for entity edu.ncsu.csc.itrust2.models.persistent.Hospital [PESSIMISTIC_WRITE]: select hospital0_.name as name1_4_0_, hospital0_.address as address2_4_0_, hospital0_.state as state3_4_0_, hospital0_.zip as zip4_4_0_ from Hospitals hospital0_ where hospital0_.name=? for update
20:27:00.849 [main] DEBUG o.h.l.p.b.i.spaces.QuerySpacesImpl - Adding QuerySpace : uid = <gen:0> -> org.hibernate.loader.plan.build.internal.spaces.EntityQuerySpaceImpl@298001d5]
20:27:00.849 [main] DEBUG o.h.p.w.spi.MetamodelGraphWalker - Visiting attribute path : address
20:27:00.849 [main] DEBUG o.h.p.w.spi.MetamodelGraphWalker - Visiting attribute path : state
20:27:00.849 [main] DEBUG o.h.p.w.spi.MetamodelGraphWalker - Visiting attribute path : zip
20:27:00.849 [main] DEBUG o.h.l.p.b.i.FetchStyleLoadPlanBuildingAssociationVisitationStrategy - Building LoadPlan...
20:27:00.849 [main] DEBUG o.h.l.p.e.i.LoadQueryJoinAndFetchProcessor - processing queryspace <gen:0>
20:27:00.849 [main] DEBUG o.h.l.p.b.spi.LoadPlanTreePrinter - LoadPlan(entity=edu.ncsu.csc.itrust2.models.persistent.Hospital)
    - Returns
       - EntityReturnImpl(entity=edu.ncsu.csc.itrust2.models.persistent.Hospital, querySpaceUid=<gen:0>, path=edu.ncsu.csc.itrust2.models.persistent.Hospital)
    - QuerySpaces
       - EntityQuerySpaceImpl(uid=<gen:0>, entity=edu.ncsu.csc.itrust2.models.persistent.Hospital)
          - SQL table alias mapping - hospital0_
          - alias suffix - 0_
          - suffixed key columns - {name1_4_0_}

20:27:00.849 [main] DEBUG o.h.loader.entity.plan.EntityLoader - Static select for entity edu.ncsu.csc.itrust2.models.persistent.Hospital [PESSIMISTIC_FORCE_INCREMENT]: select hospital0_.name as name1_4_0_, hospital0_.address as address2_4_0_, hospital0_.state as state3_4_0_, hospital0_.zip as zip4_4_0_ from Hospitals hospital0_ where hospital0_.name=? for update
20:27:00.849 [main] DEBUG o.h.l.p.b.i.spaces.QuerySpacesImpl - Adding QuerySpace : uid = <gen:0> -> org.hibernate.loader.plan.build.internal.spaces.EntityQuerySpaceImpl@45805c5b]
20:27:00.849 [main] DEBUG o.h.p.w.spi.MetamodelGraphWalker - Visiting attribute path : address
20:27:00.849 [main] DEBUG o.h.p.w.spi.MetamodelGraphWalker - Visiting attribute path : state
20:27:00.849 [main] DEBUG o.h.p.w.spi.MetamodelGraphWalker - Visiting attribute path : zip
20:27:00.849 [main] DEBUG o.h.l.p.b.i.FetchStyleLoadPlanBuildingAssociationVisitationStrategy - Building LoadPlan...
20:27:00.849 [main] DEBUG o.h.l.p.e.i.LoadQueryJoinAndFetchProcessor - processing queryspace <gen:0>
20:27:00.850 [main] DEBUG o.h.l.p.b.spi.LoadPlanTreePrinter - LoadPlan(entity=edu.ncsu.csc.itrust2.models.persistent.Hospital)
    - Returns
       - EntityReturnImpl(entity=edu.ncsu.csc.itrust2.models.persistent.Hospital, querySpaceUid=<gen:0>, path=edu.ncsu.csc.itrust2.models.persistent.Hospital)
    - QuerySpaces
       - EntityQuerySpaceImpl(uid=<gen:0>, entity=edu.ncsu.csc.itrust2.models.persistent.Hospital)
          - SQL table alias mapping - hospital0_
          - alias suffix - 0_
          - suffixed key columns - {name1_4_0_}

20:27:00.850 [main] DEBUG o.h.loader.entity.plan.EntityLoader - Static select for entity edu.ncsu.csc.itrust2.models.persistent.Hospital [OPTIMISTIC]: select hospital0_.name as name1_4_0_, hospital0_.address as address2_4_0_, hospital0_.state as state3_4_0_, hospital0_.zip as zip4_4_0_ from Hospitals hospital0_ where hospital0_.name=?
20:27:00.850 [main] DEBUG o.h.l.p.b.i.spaces.QuerySpacesImpl - Adding QuerySpace : uid = <gen:0> -> org.hibernate.loader.plan.build.internal.spaces.EntityQuerySpaceImpl@76663a02]
20:27:00.850 [main] DEBUG o.h.p.w.spi.MetamodelGraphWalker - Visiting attribute path : address
20:27:00.850 [main] DEBUG o.h.p.w.spi.MetamodelGraphWalker - Visiting attribute path : state
20:27:00.850 [main] DEBUG o.h.p.w.spi.MetamodelGraphWalker - Visiting attribute path : zip
20:27:00.850 [main] DEBUG o.h.l.p.b.i.FetchStyleLoadPlanBuildingAssociationVisitationStrategy - Building LoadPlan...
20:27:00.850 [main] DEBUG o.h.l.p.e.i.LoadQueryJoinAndFetchProcessor - processing queryspace <gen:0>
20:27:00.851 [main] DEBUG o.h.l.p.b.spi.LoadPlanTreePrinter - LoadPlan(entity=edu.ncsu.csc.itrust2.models.persistent.Hospital)
    - Returns
       - EntityReturnImpl(entity=edu.ncsu.csc.itrust2.models.persistent.Hospital, querySpaceUid=<gen:0>, path=edu.ncsu.csc.itrust2.models.persistent.Hospital)
    - QuerySpaces
       - EntityQuerySpaceImpl(uid=<gen:0>, entity=edu.ncsu.csc.itrust2.models.persistent.Hospital)
          - SQL table alias mapping - hospital0_
          - alias suffix - 0_
          - suffixed key columns - {name1_4_0_}

20:27:00.852 [main] DEBUG o.h.loader.entity.plan.EntityLoader - Static select for entity edu.ncsu.csc.itrust2.models.persistent.Hospital [OPTIMISTIC_FORCE_INCREMENT]: select hospital0_.name as name1_4_0_, hospital0_.address as address2_4_0_, hospital0_.state as state3_4_0_, hospital0_.zip as zip4_4_0_ from Hospitals hospital0_ where hospital0_.name=?
20:27:00.852 [main] DEBUG org.hibernate.loader.Loader - Static select for action ACTION_MERGE on entity edu.ncsu.csc.itrust2.models.persistent.Hospital: select hospital0_.name as name1_4_0_, hospital0_.address as address2_4_0_, hospital0_.state as state3_4_0_, hospital0_.zip as zip4_4_0_ from Hospitals hospital0_ where hospital0_.name=?
20:27:00.852 [main] DEBUG org.hibernate.loader.Loader - Static select for action ACTION_REFRESH on entity edu.ncsu.csc.itrust2.models.persistent.Hospital: select hospital0_.name as name1_4_0_, hospital0_.address as address2_4_0_, hospital0_.state as state3_4_0_, hospital0_.zip as zip4_4_0_ from Hospitals hospital0_ where hospital0_.name=?
20:27:00.852 [main] DEBUG o.h.p.entity.AbstractEntityPersister - Static SQL for entity: edu.ncsu.csc.itrust2.models.persistent.PasswordResetToken
20:27:00.852 [main] DEBUG o.h.p.entity.AbstractEntityPersister -  Version select: select id from PasswordResetTokens where id =?
20:27:00.852 [main] DEBUG o.h.p.entity.AbstractEntityPersister -  Snapshot select: select passwordre_.id, passwordre_.creationTime as creation2_11_, passwordre_.tempPassword as tempPass3_11_, passwordre_.user_id as user_id4_11_ from PasswordResetTokens passwordre_ where passwordre_.id=?
20:27:00.853 [main] DEBUG o.h.p.entity.AbstractEntityPersister -  Insert 0: insert into PasswordResetTokens (creationTime, tempPassword, user_id, id) values (?, ?, ?, ?)
20:27:00.853 [main] DEBUG o.h.p.entity.AbstractEntityPersister -  Update 0: update PasswordResetTokens set creationTime=?, tempPassword=?, user_id=? where id=?
20:27:00.853 [main] DEBUG o.h.p.entity.AbstractEntityPersister -  Delete 0: delete from PasswordResetTokens where id=?
20:27:00.853 [main] DEBUG o.h.l.p.b.i.spaces.QuerySpacesImpl - Adding QuerySpace : uid = <gen:0> -> org.hibernate.loader.plan.build.internal.spaces.EntityQuerySpaceImpl@412bff2b]
20:27:00.853 [main] DEBUG o.h.p.w.spi.MetamodelGraphWalker - Visiting attribute path : creationTime
20:27:00.853 [main] DEBUG o.h.p.w.spi.MetamodelGraphWalker - Visiting attribute path : tempPassword
20:27:00.853 [main] DEBUG o.h.p.w.spi.MetamodelGraphWalker - Visiting attribute path : user
20:27:00.853 [main] DEBUG o.h.l.p.b.i.spaces.QuerySpacesImpl - Adding QuerySpace : uid = <gen:1> -> org.hibernate.loader.plan.build.internal.spaces.EntityQuerySpaceImpl@5178bad7]
20:27:00.853 [main] DEBUG o.h.p.w.spi.MetamodelGraphWalker - Visiting attribute path : user.enabled
20:27:00.853 [main] DEBUG o.h.p.w.spi.MetamodelGraphWalker - Visiting attribute path : user.password
20:27:00.853 [main] DEBUG o.h.p.w.spi.MetamodelGraphWalker - Visiting attribute path : user.role
20:27:00.854 [main] DEBUG o.h.l.p.b.i.FetchStyleLoadPlanBuildingAssociationVisitationStrategy - Building LoadPlan...
20:27:00.854 [main] DEBUG o.h.l.p.e.i.LoadQueryJoinAndFetchProcessor - processing queryspace <gen:0>
20:27:00.854 [main] DEBUG o.h.l.p.b.spi.LoadPlanTreePrinter - LoadPlan(entity=edu.ncsu.csc.itrust2.models.persistent.PasswordResetToken)
    - Returns
       - EntityReturnImpl(entity=edu.ncsu.csc.itrust2.models.persistent.PasswordResetToken, querySpaceUid=<gen:0>, path=edu.ncsu.csc.itrust2.models.persistent.PasswordResetToken)
          - EntityAttributeFetchImpl(entity=edu.ncsu.csc.itrust2.models.persistent.User, querySpaceUid=<gen:1>, path=edu.ncsu.csc.itrust2.models.persistent.PasswordResetToken.user)
    - QuerySpaces
       - EntityQuerySpaceImpl(uid=<gen:0>, entity=edu.ncsu.csc.itrust2.models.persistent.PasswordResetToken)
          - SQL table alias mapping - passwordre0_
          - alias suffix - 0_
          - suffixed key columns - {id1_11_0_}
          - JOIN (JoinDefinedByMetadata(user)) : <gen:0> -> <gen:1>
             - EntityQuerySpaceImpl(uid=<gen:1>, entity=edu.ncsu.csc.itrust2.models.persistent.User)
                - SQL table alias mapping - user1_
                - alias suffix - 1_
                - suffixed key columns - {username1_15_1_}

20:27:00.855 [main] DEBUG o.h.loader.entity.plan.EntityLoader - Static select for entity edu.ncsu.csc.itrust2.models.persistent.PasswordResetToken [NONE]: select passwordre0_.id as id1_11_0_, passwordre0_.creationTime as creation2_11_0_, passwordre0_.tempPassword as tempPass3_11_0_, passwordre0_.user_id as user_id4_11_0_, user1_.username as username1_15_1_, user1_.enabled as enabled2_15_1_, user1_.password as password3_15_1_, user1_.role as role4_15_1_ from PasswordResetTokens passwordre0_ inner join Users user1_ on passwordre0_.user_id=user1_.username where passwordre0_.id=?
20:27:00.855 [main] DEBUG o.h.l.p.b.i.spaces.QuerySpacesImpl - Adding QuerySpace : uid = <gen:0> -> org.hibernate.loader.plan.build.internal.spaces.EntityQuerySpaceImpl@39853799]
20:27:00.855 [main] DEBUG o.h.p.w.spi.MetamodelGraphWalker - Visiting attribute path : creationTime
20:27:00.855 [main] DEBUG o.h.p.w.spi.MetamodelGraphWalker - Visiting attribute path : tempPassword
20:27:00.855 [main] DEBUG o.h.p.w.spi.MetamodelGraphWalker - Visiting attribute path : user
20:27:00.855 [main] DEBUG o.h.l.p.b.i.spaces.QuerySpacesImpl - Adding QuerySpace : uid = <gen:1> -> org.hibernate.loader.plan.build.internal.spaces.EntityQuerySpaceImpl@72c8ecd8]
20:27:00.855 [main] DEBUG o.h.p.w.spi.MetamodelGraphWalker - Visiting attribute path : user.enabled
20:27:00.855 [main] DEBUG o.h.p.w.spi.MetamodelGraphWalker - Visiting attribute path : user.password
20:27:00.855 [main] DEBUG o.h.p.w.spi.MetamodelGraphWalker - Visiting attribute path : user.role
20:27:00.855 [main] DEBUG o.h.l.p.b.i.FetchStyleLoadPlanBuildingAssociationVisitationStrategy - Building LoadPlan...
20:27:00.856 [main] DEBUG o.h.l.p.e.i.LoadQueryJoinAndFetchProcessor - processing queryspace <gen:0>
20:27:00.856 [main] DEBUG o.h.l.p.b.spi.LoadPlanTreePrinter - LoadPlan(entity=edu.ncsu.csc.itrust2.models.persistent.PasswordResetToken)
    - Returns
       - EntityReturnImpl(entity=edu.ncsu.csc.itrust2.models.persistent.PasswordResetToken, querySpaceUid=<gen:0>, path=edu.ncsu.csc.itrust2.models.persistent.PasswordResetToken)
          - EntityAttributeFetchImpl(entity=edu.ncsu.csc.itrust2.models.persistent.User, querySpaceUid=<gen:1>, path=edu.ncsu.csc.itrust2.models.persistent.PasswordResetToken.user)
    - QuerySpaces
       - EntityQuerySpaceImpl(uid=<gen:0>, entity=edu.ncsu.csc.itrust2.models.persistent.PasswordResetToken)
          - SQL table alias mapping - passwordre0_
          - alias suffix - 0_
          - suffixed key columns - {id1_11_0_}
          - JOIN (JoinDefinedByMetadata(user)) : <gen:0> -> <gen:1>
             - EntityQuerySpaceImpl(uid=<gen:1>, entity=edu.ncsu.csc.itrust2.models.persistent.User)
                - SQL table alias mapping - user1_
                - alias suffix - 1_
                - suffixed key columns - {username1_15_1_}

20:27:00.856 [main] DEBUG o.h.loader.entity.plan.EntityLoader - Static select for entity edu.ncsu.csc.itrust2.models.persistent.PasswordResetToken [READ]: select passwordre0_.id as id1_11_0_, passwordre0_.creationTime as creation2_11_0_, passwordre0_.tempPassword as tempPass3_11_0_, passwordre0_.user_id as user_id4_11_0_, user1_.username as username1_15_1_, user1_.enabled as enabled2_15_1_, user1_.password as password3_15_1_, user1_.role as role4_15_1_ from PasswordResetTokens passwordre0_ inner join Users user1_ on passwordre0_.user_id=user1_.username where passwordre0_.id=?
20:27:00.856 [main] DEBUG o.h.l.p.b.i.spaces.QuerySpacesImpl - Adding QuerySpace : uid = <gen:0> -> org.hibernate.loader.plan.build.internal.spaces.EntityQuerySpaceImpl@ff2ff46]
20:27:00.857 [main] DEBUG o.h.p.w.spi.MetamodelGraphWalker - Visiting attribute path : creationTime
20:27:00.857 [main] DEBUG o.h.p.w.spi.MetamodelGraphWalker - Visiting attribute path : tempPassword
20:27:00.857 [main] DEBUG o.h.p.w.spi.MetamodelGraphWalker - Visiting attribute path : user
20:27:00.857 [main] DEBUG o.h.l.p.b.i.spaces.QuerySpacesImpl - Adding QuerySpace : uid = <gen:1> -> org.hibernate.loader.plan.build.internal.spaces.EntityQuerySpaceImpl@4e09a3a9]
20:27:00.857 [main] DEBUG o.h.l.p.b.i.FetchStyleLoadPlanBuildingAssociationVisitationStrategy - Building LoadPlan...
20:27:00.857 [main] DEBUG o.h.l.p.e.i.LoadQueryJoinAndFetchProcessor - processing queryspace <gen:0>
20:27:00.857 [main] DEBUG o.h.l.p.b.spi.LoadPlanTreePrinter - LoadPlan(entity=edu.ncsu.csc.itrust2.models.persistent.PasswordResetToken)
    - Returns
       - EntityReturnImpl(entity=edu.ncsu.csc.itrust2.models.persistent.PasswordResetToken, querySpaceUid=<gen:0>, path=edu.ncsu.csc.itrust2.models.persistent.PasswordResetToken)
          - EntityAttributeFetchImpl(entity=edu.ncsu.csc.itrust2.models.persistent.User, querySpaceUid=<gen:1>, path=edu.ncsu.csc.itrust2.models.persistent.PasswordResetToken.user)
    - QuerySpaces
       - EntityQuerySpaceImpl(uid=<gen:0>, entity=edu.ncsu.csc.itrust2.models.persistent.PasswordResetToken)
          - SQL table alias mapping - passwordre0_
          - alias suffix - 0_
          - suffixed key columns - {id1_11_0_}

20:27:00.858 [main] DEBUG o.h.loader.entity.plan.EntityLoader - Static select for entity edu.ncsu.csc.itrust2.models.persistent.PasswordResetToken [UPGRADE]: select passwordre0_.id as id1_11_0_, passwordre0_.creationTime as creation2_11_0_, passwordre0_.tempPassword as tempPass3_11_0_, passwordre0_.user_id as user_id4_11_0_ from PasswordResetTokens passwordre0_ where passwordre0_.id=? for update
20:27:00.858 [main] DEBUG o.h.l.p.b.i.spaces.QuerySpacesImpl - Adding QuerySpace : uid = <gen:0> -> org.hibernate.loader.plan.build.internal.spaces.EntityQuerySpaceImpl@8c2d541]
20:27:00.866 [main] DEBUG o.h.p.w.spi.MetamodelGraphWalker - Visiting attribute path : creationTime
20:27:00.866 [main] DEBUG o.h.p.w.spi.MetamodelGraphWalker - Visiting attribute path : tempPassword
20:27:00.867 [main] DEBUG o.h.p.w.spi.MetamodelGraphWalker - Visiting attribute path : user
20:27:00.867 [main] DEBUG o.h.l.p.b.i.spaces.QuerySpacesImpl - Adding QuerySpace : uid = <gen:1> -> org.hibernate.loader.plan.build.internal.spaces.EntityQuerySpaceImpl@7a5b3433]
20:27:00.867 [main] DEBUG o.h.l.p.b.i.FetchStyleLoadPlanBuildingAssociationVisitationStrategy - Building LoadPlan...
20:27:00.868 [main] DEBUG o.h.l.p.e.i.LoadQueryJoinAndFetchProcessor - processing queryspace <gen:0>
20:27:00.868 [main] DEBUG o.h.l.p.b.spi.LoadPlanTreePrinter - LoadPlan(entity=edu.ncsu.csc.itrust2.models.persistent.PasswordResetToken)
    - Returns
       - EntityReturnImpl(entity=edu.ncsu.csc.itrust2.models.persistent.PasswordResetToken, querySpaceUid=<gen:0>, path=edu.ncsu.csc.itrust2.models.persistent.PasswordResetToken)
          - EntityAttributeFetchImpl(entity=edu.ncsu.csc.itrust2.models.persistent.User, querySpaceUid=<gen:1>, path=edu.ncsu.csc.itrust2.models.persistent.PasswordResetToken.user)
    - QuerySpaces
       - EntityQuerySpaceImpl(uid=<gen:0>, entity=edu.ncsu.csc.itrust2.models.persistent.PasswordResetToken)
          - SQL table alias mapping - passwordre0_
          - alias suffix - 0_
          - suffixed key columns - {id1_11_0_}

20:27:00.868 [main] DEBUG o.h.loader.entity.plan.EntityLoader - Static select for entity edu.ncsu.csc.itrust2.models.persistent.PasswordResetToken [UPGRADE_NOWAIT]: select passwordre0_.id as id1_11_0_, passwordre0_.creationTime as creation2_11_0_, passwordre0_.tempPassword as tempPass3_11_0_, passwordre0_.user_id as user_id4_11_0_ from PasswordResetTokens passwordre0_ where passwordre0_.id=? for update
20:27:00.869 [main] DEBUG o.h.l.p.b.i.spaces.QuerySpacesImpl - Adding QuerySpace : uid = <gen:0> -> org.hibernate.loader.plan.build.internal.spaces.EntityQuerySpaceImpl@794cc43a]
20:27:00.869 [main] DEBUG o.h.p.w.spi.MetamodelGraphWalker - Visiting attribute path : creationTime
20:27:00.869 [main] DEBUG o.h.p.w.spi.MetamodelGraphWalker - Visiting attribute path : tempPassword
20:27:00.869 [main] DEBUG o.h.p.w.spi.MetamodelGraphWalker - Visiting attribute path : user
20:27:00.869 [main] DEBUG o.h.l.p.b.i.spaces.QuerySpacesImpl - Adding QuerySpace : uid = <gen:1> -> org.hibernate.loader.plan.build.internal.spaces.EntityQuerySpaceImpl@67f6ad2b]
20:27:00.869 [main] DEBUG o.h.l.p.b.i.FetchStyleLoadPlanBuildingAssociationVisitationStrategy - Building LoadPlan...
20:27:00.870 [main] DEBUG o.h.l.p.e.i.LoadQueryJoinAndFetchProcessor - processing queryspace <gen:0>
20:27:00.870 [main] DEBUG o.h.l.p.b.spi.LoadPlanTreePrinter - LoadPlan(entity=edu.ncsu.csc.itrust2.models.persistent.PasswordResetToken)
    - Returns
       - EntityReturnImpl(entity=edu.ncsu.csc.itrust2.models.persistent.PasswordResetToken, querySpaceUid=<gen:0>, path=edu.ncsu.csc.itrust2.models.persistent.PasswordResetToken)
          - EntityAttributeFetchImpl(entity=edu.ncsu.csc.itrust2.models.persistent.User, querySpaceUid=<gen:1>, path=edu.ncsu.csc.itrust2.models.persistent.PasswordResetToken.user)
    - QuerySpaces
       - EntityQuerySpaceImpl(uid=<gen:0>, entity=edu.ncsu.csc.itrust2.models.persistent.PasswordResetToken)
          - SQL table alias mapping - passwordre0_
          - alias suffix - 0_
          - suffixed key columns - {id1_11_0_}

20:27:00.870 [main] DEBUG o.h.loader.entity.plan.EntityLoader - Static select for entity edu.ncsu.csc.itrust2.models.persistent.PasswordResetToken [UPGRADE_SKIPLOCKED]: select passwordre0_.id as id1_11_0_, passwordre0_.creationTime as creation2_11_0_, passwordre0_.tempPassword as tempPass3_11_0_, passwordre0_.user_id as user_id4_11_0_ from PasswordResetTokens passwordre0_ where passwordre0_.id=? for update
20:27:00.870 [main] DEBUG o.h.l.p.b.i.spaces.QuerySpacesImpl - Adding QuerySpace : uid = <gen:0> -> org.hibernate.loader.plan.build.internal.spaces.EntityQuerySpaceImpl@44afe74a]
20:27:00.871 [main] DEBUG o.h.p.w.spi.MetamodelGraphWalker - Visiting attribute path : creationTime
20:27:00.871 [main] DEBUG o.h.p.w.spi.MetamodelGraphWalker - Visiting attribute path : tempPassword
20:27:00.871 [main] DEBUG o.h.p.w.spi.MetamodelGraphWalker - Visiting attribute path : user
20:27:00.871 [main] DEBUG o.h.l.p.b.i.spaces.QuerySpacesImpl - Adding QuerySpace : uid = <gen:1> -> org.hibernate.loader.plan.build.internal.spaces.EntityQuerySpaceImpl@6fa75503]
20:27:00.871 [main] DEBUG o.h.l.p.b.i.FetchStyleLoadPlanBuildingAssociationVisitationStrategy - Building LoadPlan...
20:27:00.872 [main] DEBUG o.h.l.p.e.i.LoadQueryJoinAndFetchProcessor - processing queryspace <gen:0>
20:27:00.872 [main] DEBUG o.h.l.p.b.spi.LoadPlanTreePrinter - LoadPlan(entity=edu.ncsu.csc.itrust2.models.persistent.PasswordResetToken)
    - Returns
       - EntityReturnImpl(entity=edu.ncsu.csc.itrust2.models.persistent.PasswordResetToken, querySpaceUid=<gen:0>, path=edu.ncsu.csc.itrust2.models.persistent.PasswordResetToken)
          - EntityAttributeFetchImpl(entity=edu.ncsu.csc.itrust2.models.persistent.User, querySpaceUid=<gen:1>, path=edu.ncsu.csc.itrust2.models.persistent.PasswordResetToken.user)
    - QuerySpaces
       - EntityQuerySpaceImpl(uid=<gen:0>, entity=edu.ncsu.csc.itrust2.models.persistent.PasswordResetToken)
          - SQL table alias mapping - passwordre0_
          - alias suffix - 0_
          - suffixed key columns - {id1_11_0_}

20:27:00.872 [main] DEBUG o.h.loader.entity.plan.EntityLoader - Static select for entity edu.ncsu.csc.itrust2.models.persistent.PasswordResetToken [FORCE]: select passwordre0_.id as id1_11_0_, passwordre0_.creationTime as creation2_11_0_, passwordre0_.tempPassword as tempPass3_11_0_, passwordre0_.user_id as user_id4_11_0_ from PasswordResetTokens passwordre0_ where passwordre0_.id=? for update
20:27:00.872 [main] DEBUG o.h.l.p.b.i.spaces.QuerySpacesImpl - Adding QuerySpace : uid = <gen:0> -> org.hibernate.loader.plan.build.internal.spaces.EntityQuerySpaceImpl@3d6a2229]
20:27:00.873 [main] DEBUG o.h.p.w.spi.MetamodelGraphWalker - Visiting attribute path : creationTime
20:27:00.873 [main] DEBUG o.h.p.w.spi.MetamodelGraphWalker - Visiting attribute path : tempPassword
20:27:00.873 [main] DEBUG o.h.p.w.spi.MetamodelGraphWalker - Visiting attribute path : user
20:27:00.873 [main] DEBUG o.h.l.p.b.i.spaces.QuerySpacesImpl - Adding QuerySpace : uid = <gen:1> -> org.hibernate.loader.plan.build.internal.spaces.EntityQuerySpaceImpl@3119734e]
20:27:00.873 [main] DEBUG o.h.l.p.b.i.FetchStyleLoadPlanBuildingAssociationVisitationStrategy - Building LoadPlan...
20:27:00.873 [main] DEBUG o.h.l.p.e.i.LoadQueryJoinAndFetchProcessor - processing queryspace <gen:0>
20:27:00.874 [main] DEBUG o.h.l.p.b.spi.LoadPlanTreePrinter - LoadPlan(entity=edu.ncsu.csc.itrust2.models.persistent.PasswordResetToken)
    - Returns
       - EntityReturnImpl(entity=edu.ncsu.csc.itrust2.models.persistent.PasswordResetToken, querySpaceUid=<gen:0>, path=edu.ncsu.csc.itrust2.models.persistent.PasswordResetToken)
          - EntityAttributeFetchImpl(entity=edu.ncsu.csc.itrust2.models.persistent.User, querySpaceUid=<gen:1>, path=edu.ncsu.csc.itrust2.models.persistent.PasswordResetToken.user)
    - QuerySpaces
       - EntityQuerySpaceImpl(uid=<gen:0>, entity=edu.ncsu.csc.itrust2.models.persistent.PasswordResetToken)
          - SQL table alias mapping - passwordre0_
          - alias suffix - 0_
          - suffixed key columns - {id1_11_0_}

20:27:00.874 [main] DEBUG o.h.loader.entity.plan.EntityLoader - Static select for entity edu.ncsu.csc.itrust2.models.persistent.PasswordResetToken [PESSIMISTIC_READ]: select passwordre0_.id as id1_11_0_, passwordre0_.creationTime as creation2_11_0_, passwordre0_.tempPassword as tempPass3_11_0_, passwordre0_.user_id as user_id4_11_0_ from PasswordResetTokens passwordre0_ where passwordre0_.id=? lock in share mode
20:27:00.874 [main] DEBUG o.h.l.p.b.i.spaces.QuerySpacesImpl - Adding QuerySpace : uid = <gen:0> -> org.hibernate.loader.plan.build.internal.spaces.EntityQuerySpaceImpl@64c33723]
20:27:00.874 [main] DEBUG o.h.p.w.spi.MetamodelGraphWalker - Visiting attribute path : creationTime
20:27:00.874 [main] DEBUG o.h.p.w.spi.MetamodelGraphWalker - Visiting attribute path : tempPassword
20:27:00.874 [main] DEBUG o.h.p.w.spi.MetamodelGraphWalker - Visiting attribute path : user
20:27:00.875 [main] DEBUG o.h.l.p.b.i.spaces.QuerySpacesImpl - Adding QuerySpace : uid = <gen:1> -> org.hibernate.loader.plan.build.internal.spaces.EntityQuerySpaceImpl@2e8d9b54]
20:27:00.875 [main] DEBUG o.h.l.p.b.i.FetchStyleLoadPlanBuildingAssociationVisitationStrategy - Building LoadPlan...
20:27:00.875 [main] DEBUG o.h.l.p.e.i.LoadQueryJoinAndFetchProcessor - processing queryspace <gen:0>
20:27:00.875 [main] DEBUG o.h.l.p.b.spi.LoadPlanTreePrinter - LoadPlan(entity=edu.ncsu.csc.itrust2.models.persistent.PasswordResetToken)
    - Returns
       - EntityReturnImpl(entity=edu.ncsu.csc.itrust2.models.persistent.PasswordResetToken, querySpaceUid=<gen:0>, path=edu.ncsu.csc.itrust2.models.persistent.PasswordResetToken)
          - EntityAttributeFetchImpl(entity=edu.ncsu.csc.itrust2.models.persistent.User, querySpaceUid=<gen:1>, path=edu.ncsu.csc.itrust2.models.persistent.PasswordResetToken.user)
    - QuerySpaces
       - EntityQuerySpaceImpl(uid=<gen:0>, entity=edu.ncsu.csc.itrust2.models.persistent.PasswordResetToken)
          - SQL table alias mapping - passwordre0_
          - alias suffix - 0_
          - suffixed key columns - {id1_11_0_}

20:27:00.875 [main] DEBUG o.h.loader.entity.plan.EntityLoader - Static select for entity edu.ncsu.csc.itrust2.models.persistent.PasswordResetToken [PESSIMISTIC_WRITE]: select passwordre0_.id as id1_11_0_, passwordre0_.creationTime as creation2_11_0_, passwordre0_.tempPassword as tempPass3_11_0_, passwordre0_.user_id as user_id4_11_0_ from PasswordResetTokens passwordre0_ where passwordre0_.id=? for update
20:27:00.875 [main] DEBUG o.h.l.p.b.i.spaces.QuerySpacesImpl - Adding QuerySpace : uid = <gen:0> -> org.hibernate.loader.plan.build.internal.spaces.EntityQuerySpaceImpl@54f40ec8]
20:27:00.876 [main] DEBUG o.h.p.w.spi.MetamodelGraphWalker - Visiting attribute path : creationTime
20:27:00.876 [main] DEBUG o.h.p.w.spi.MetamodelGraphWalker - Visiting attribute path : tempPassword
20:27:00.876 [main] DEBUG o.h.p.w.spi.MetamodelGraphWalker - Visiting attribute path : user
20:27:00.876 [main] DEBUG o.h.l.p.b.i.spaces.QuerySpacesImpl - Adding QuerySpace : uid = <gen:1> -> org.hibernate.loader.plan.build.internal.spaces.EntityQuerySpaceImpl@593d76]
20:27:00.876 [main] DEBUG o.h.l.p.b.i.FetchStyleLoadPlanBuildingAssociationVisitationStrategy - Building LoadPlan...
20:27:00.876 [main] DEBUG o.h.l.p.e.i.LoadQueryJoinAndFetchProcessor - processing queryspace <gen:0>
20:27:00.876 [main] DEBUG o.h.l.p.b.spi.LoadPlanTreePrinter - LoadPlan(entity=edu.ncsu.csc.itrust2.models.persistent.PasswordResetToken)
    - Returns
       - EntityReturnImpl(entity=edu.ncsu.csc.itrust2.models.persistent.PasswordResetToken, querySpaceUid=<gen:0>, path=edu.ncsu.csc.itrust2.models.persistent.PasswordResetToken)
          - EntityAttributeFetchImpl(entity=edu.ncsu.csc.itrust2.models.persistent.User, querySpaceUid=<gen:1>, path=edu.ncsu.csc.itrust2.models.persistent.PasswordResetToken.user)
    - QuerySpaces
       - EntityQuerySpaceImpl(uid=<gen:0>, entity=edu.ncsu.csc.itrust2.models.persistent.PasswordResetToken)
          - SQL table alias mapping - passwordre0_
          - alias suffix - 0_
          - suffixed key columns - {id1_11_0_}

20:27:00.882 [main] DEBUG o.h.loader.entity.plan.EntityLoader - Static select for entity edu.ncsu.csc.itrust2.models.persistent.PasswordResetToken [PESSIMISTIC_FORCE_INCREMENT]: select passwordre0_.id as id1_11_0_, passwordre0_.creationTime as creation2_11_0_, passwordre0_.tempPassword as tempPass3_11_0_, passwordre0_.user_id as user_id4_11_0_ from PasswordResetTokens passwordre0_ where passwordre0_.id=? for update
20:27:00.882 [main] DEBUG o.h.l.p.b.i.spaces.QuerySpacesImpl - Adding QuerySpace : uid = <gen:0> -> org.hibernate.loader.plan.build.internal.spaces.EntityQuerySpaceImpl@42cc5112]
20:27:00.883 [main] DEBUG o.h.p.w.spi.MetamodelGraphWalker - Visiting attribute path : creationTime
20:27:00.883 [main] DEBUG o.h.p.w.spi.MetamodelGraphWalker - Visiting attribute path : tempPassword
20:27:00.883 [main] DEBUG o.h.p.w.spi.MetamodelGraphWalker - Visiting attribute path : user
20:27:00.883 [main] DEBUG o.h.l.p.b.i.spaces.QuerySpacesImpl - Adding QuerySpace : uid = <gen:1> -> org.hibernate.loader.plan.build.internal.spaces.EntityQuerySpaceImpl@570fbc1]
20:27:00.883 [main] DEBUG o.h.l.p.b.i.FetchStyleLoadPlanBuildingAssociationVisitationStrategy - Building LoadPlan...
20:27:00.883 [main] DEBUG o.h.l.p.e.i.LoadQueryJoinAndFetchProcessor - processing queryspace <gen:0>
20:27:00.884 [main] DEBUG o.h.l.p.b.spi.LoadPlanTreePrinter - LoadPlan(entity=edu.ncsu.csc.itrust2.models.persistent.PasswordResetToken)
    - Returns
       - EntityReturnImpl(entity=edu.ncsu.csc.itrust2.models.persistent.PasswordResetToken, querySpaceUid=<gen:0>, path=edu.ncsu.csc.itrust2.models.persistent.PasswordResetToken)
          - EntityAttributeFetchImpl(entity=edu.ncsu.csc.itrust2.models.persistent.User, querySpaceUid=<gen:1>, path=edu.ncsu.csc.itrust2.models.persistent.PasswordResetToken.user)
    - QuerySpaces
       - EntityQuerySpaceImpl(uid=<gen:0>, entity=edu.ncsu.csc.itrust2.models.persistent.PasswordResetToken)
          - SQL table alias mapping - passwordre0_
          - alias suffix - 0_
          - suffixed key columns - {id1_11_0_}

20:27:00.884 [main] DEBUG o.h.loader.entity.plan.EntityLoader - Static select for entity edu.ncsu.csc.itrust2.models.persistent.PasswordResetToken [OPTIMISTIC]: select passwordre0_.id as id1_11_0_, passwordre0_.creationTime as creation2_11_0_, passwordre0_.tempPassword as tempPass3_11_0_, passwordre0_.user_id as user_id4_11_0_ from PasswordResetTokens passwordre0_ where passwordre0_.id=?
20:27:00.884 [main] DEBUG o.h.l.p.b.i.spaces.QuerySpacesImpl - Adding QuerySpace : uid = <gen:0> -> org.hibernate.loader.plan.build.internal.spaces.EntityQuerySpaceImpl@4c0bc494]
20:27:00.885 [main] DEBUG o.h.p.w.spi.MetamodelGraphWalker - Visiting attribute path : creationTime
20:27:00.885 [main] DEBUG o.h.p.w.spi.MetamodelGraphWalker - Visiting attribute path : tempPassword
20:27:00.885 [main] DEBUG o.h.p.w.spi.MetamodelGraphWalker - Visiting attribute path : user
20:27:00.885 [main] DEBUG o.h.l.p.b.i.spaces.QuerySpacesImpl - Adding QuerySpace : uid = <gen:1> -> org.hibernate.loader.plan.build.internal.spaces.EntityQuerySpaceImpl@e992c7b]
20:27:00.885 [main] DEBUG o.h.l.p.b.i.FetchStyleLoadPlanBuildingAssociationVisitationStrategy - Building LoadPlan...
20:27:00.885 [main] DEBUG o.h.l.p.e.i.LoadQueryJoinAndFetchProcessor - processing queryspace <gen:0>
20:27:00.886 [main] DEBUG o.h.l.p.b.spi.LoadPlanTreePrinter - LoadPlan(entity=edu.ncsu.csc.itrust2.models.persistent.PasswordResetToken)
    - Returns
       - EntityReturnImpl(entity=edu.ncsu.csc.itrust2.models.persistent.PasswordResetToken, querySpaceUid=<gen:0>, path=edu.ncsu.csc.itrust2.models.persistent.PasswordResetToken)
          - EntityAttributeFetchImpl(entity=edu.ncsu.csc.itrust2.models.persistent.User, querySpaceUid=<gen:1>, path=edu.ncsu.csc.itrust2.models.persistent.PasswordResetToken.user)
    - QuerySpaces
       - EntityQuerySpaceImpl(uid=<gen:0>, entity=edu.ncsu.csc.itrust2.models.persistent.PasswordResetToken)
          - SQL table alias mapping - passwordre0_
          - alias suffix - 0_
          - suffixed key columns - {id1_11_0_}

20:27:00.886 [main] DEBUG o.h.loader.entity.plan.EntityLoader - Static select for entity edu.ncsu.csc.itrust2.models.persistent.PasswordResetToken [OPTIMISTIC_FORCE_INCREMENT]: select passwordre0_.id as id1_11_0_, passwordre0_.creationTime as creation2_11_0_, passwordre0_.tempPassword as tempPass3_11_0_, passwordre0_.user_id as user_id4_11_0_ from PasswordResetTokens passwordre0_ where passwordre0_.id=?
20:27:00.886 [main] DEBUG org.hibernate.loader.Loader - Static select for action ACTION_MERGE on entity edu.ncsu.csc.itrust2.models.persistent.PasswordResetToken: select passwordre0_.id as id1_11_0_, passwordre0_.creationTime as creation2_11_0_, passwordre0_.tempPassword as tempPass3_11_0_, passwordre0_.user_id as user_id4_11_0_ from PasswordResetTokens passwordre0_ where passwordre0_.id=?
20:27:00.886 [main] DEBUG org.hibernate.loader.Loader - Static select for action ACTION_REFRESH on entity edu.ncsu.csc.itrust2.models.persistent.PasswordResetToken: select passwordre0_.id as id1_11_0_, passwordre0_.creationTime as creation2_11_0_, passwordre0_.tempPassword as tempPass3_11_0_, passwordre0_.user_id as user_id4_11_0_ from PasswordResetTokens passwordre0_ where passwordre0_.id=?
20:27:00.888 [main] DEBUG o.h.p.entity.AbstractEntityPersister - Static SQL for entity: edu.ncsu.csc.itrust2.models.persistent.Prescription
20:27:00.888 [main] DEBUG o.h.p.entity.AbstractEntityPersister -  Version select: select id from Prescriptions where id =?
20:27:00.888 [main] DEBUG o.h.p.entity.AbstractEntityPersister -  Snapshot select: select prescripti_.id, prescripti_.dosage as dosage2_14_, prescripti_.drug_id as drug_id6_14_, prescripti_.endDate as endDate3_14_, prescripti_.patient_id as patient_7_14_, prescripti_.renewals as renewals4_14_, prescripti_.startDate as startDat5_14_ from Prescriptions prescripti_ where prescripti_.id=?
20:27:00.888 [main] DEBUG o.h.p.entity.AbstractEntityPersister -  Insert 0: insert into Prescriptions (dosage, drug_id, endDate, patient_id, renewals, startDate, id) values (?, ?, ?, ?, ?, ?, ?)
20:27:00.888 [main] DEBUG o.h.p.entity.AbstractEntityPersister -  Update 0: update Prescriptions set dosage=?, drug_id=?, endDate=?, patient_id=?, renewals=?, startDate=? where id=?
20:27:00.888 [main] DEBUG o.h.p.entity.AbstractEntityPersister -  Delete 0: delete from Prescriptions where id=?
20:27:00.888 [main] DEBUG o.h.l.p.b.i.spaces.QuerySpacesImpl - Adding QuerySpace : uid = <gen:0> -> org.hibernate.loader.plan.build.internal.spaces.EntityQuerySpaceImpl@cb5609a]
20:27:00.888 [main] DEBUG o.h.p.w.spi.MetamodelGraphWalker - Visiting attribute path : dosage
20:27:00.888 [main] DEBUG o.h.p.w.spi.MetamodelGraphWalker - Visiting attribute path : drug
20:27:00.888 [main] DEBUG o.h.l.p.b.i.spaces.QuerySpacesImpl - Adding QuerySpace : uid = <gen:1> -> org.hibernate.loader.plan.build.internal.spaces.EntityQuerySpaceImpl@8377893]
20:27:00.889 [main] DEBUG o.h.p.w.spi.MetamodelGraphWalker - Visiting attribute path : drug.code
20:27:00.889 [main] DEBUG o.h.p.w.spi.MetamodelGraphWalker - Visiting attribute path : drug.description
20:27:00.889 [main] DEBUG o.h.p.w.spi.MetamodelGraphWalker - Visiting attribute path : drug.name
20:27:00.889 [main] DEBUG o.h.p.w.spi.MetamodelGraphWalker - Visiting attribute path : endDate
20:27:00.889 [main] DEBUG o.h.p.w.spi.MetamodelGraphWalker - Visiting attribute path : patient
20:27:00.889 [main] DEBUG o.h.l.p.b.i.spaces.QuerySpacesImpl - Adding QuerySpace : uid = <gen:2> -> org.hibernate.loader.plan.build.internal.spaces.EntityQuerySpaceImpl@689c7fc1]
20:27:00.889 [main] DEBUG o.h.p.w.spi.MetamodelGraphWalker - Visiting attribute path : patient.enabled
20:27:00.889 [main] DEBUG o.h.p.w.spi.MetamodelGraphWalker - Visiting attribute path : patient.password
20:27:00.889 [main] DEBUG o.h.p.w.spi.MetamodelGraphWalker - Visiting attribute path : patient.role
20:27:00.889 [main] DEBUG o.h.p.w.spi.MetamodelGraphWalker - Visiting attribute path : renewals
20:27:00.889 [main] DEBUG o.h.p.w.spi.MetamodelGraphWalker - Visiting attribute path : startDate
20:27:00.889 [main] DEBUG o.h.l.p.b.i.FetchStyleLoadPlanBuildingAssociationVisitationStrategy - Building LoadPlan...
20:27:00.890 [main] DEBUG o.h.l.p.e.i.LoadQueryJoinAndFetchProcessor - processing queryspace <gen:0>
20:27:00.890 [main] DEBUG o.h.l.p.b.spi.LoadPlanTreePrinter - LoadPlan(entity=edu.ncsu.csc.itrust2.models.persistent.Prescription)
    - Returns
       - EntityReturnImpl(entity=edu.ncsu.csc.itrust2.models.persistent.Prescription, querySpaceUid=<gen:0>, path=edu.ncsu.csc.itrust2.models.persistent.Prescription)
          - EntityAttributeFetchImpl(entity=edu.ncsu.csc.itrust2.models.persistent.Drug, querySpaceUid=<gen:1>, path=edu.ncsu.csc.itrust2.models.persistent.Prescription.drug)
          - EntityAttributeFetchImpl(entity=edu.ncsu.csc.itrust2.models.persistent.User, querySpaceUid=<gen:2>, path=edu.ncsu.csc.itrust2.models.persistent.Prescription.patient)
    - QuerySpaces
       - EntityQuerySpaceImpl(uid=<gen:0>, entity=edu.ncsu.csc.itrust2.models.persistent.Prescription)
          - SQL table alias mapping - prescripti0_
          - alias suffix - 0_
          - suffixed key columns - {id1_14_0_}
          - JOIN (JoinDefinedByMetadata(drug)) : <gen:0> -> <gen:1>
             - EntityQuerySpaceImpl(uid=<gen:1>, entity=edu.ncsu.csc.itrust2.models.persistent.Drug)
                - SQL table alias mapping - drug1_
                - alias suffix - 1_
                - suffixed key columns - {id1_3_1_}
          - JOIN (JoinDefinedByMetadata(patient)) : <gen:0> -> <gen:2>
             - EntityQuerySpaceImpl(uid=<gen:2>, entity=edu.ncsu.csc.itrust2.models.persistent.User)
                - SQL table alias mapping - user2_
                - alias suffix - 2_
                - suffixed key columns - {username1_15_2_}

20:27:00.898 [main] DEBUG o.h.loader.entity.plan.EntityLoader - Static select for entity edu.ncsu.csc.itrust2.models.persistent.Prescription [NONE]: select prescripti0_.id as id1_14_0_, prescripti0_.dosage as dosage2_14_0_, prescripti0_.drug_id as drug_id6_14_0_, prescripti0_.endDate as endDate3_14_0_, prescripti0_.patient_id as patient_7_14_0_, prescripti0_.renewals as renewals4_14_0_, prescripti0_.startDate as startDat5_14_0_, drug1_.id as id1_3_1_, drug1_.code as code2_3_1_, drug1_.description as descript3_3_1_, drug1_.name as name4_3_1_, user2_.username as username1_15_2_, user2_.enabled as enabled2_15_2_, user2_.password as password3_15_2_, user2_.role as role4_15_2_ from Prescriptions prescripti0_ inner join Drugs drug1_ on prescripti0_.drug_id=drug1_.id inner join Users user2_ on prescripti0_.patient_id=user2_.username where prescripti0_.id=?
20:27:00.898 [main] DEBUG o.h.l.p.b.i.spaces.QuerySpacesImpl - Adding QuerySpace : uid = <gen:0> -> org.hibernate.loader.plan.build.internal.spaces.EntityQuerySpaceImpl@4dce274]
20:27:00.899 [main] DEBUG o.h.p.w.spi.MetamodelGraphWalker - Visiting attribute path : dosage
20:27:00.899 [main] DEBUG o.h.p.w.spi.MetamodelGraphWalker - Visiting attribute path : drug
20:27:00.899 [main] DEBUG o.h.l.p.b.i.spaces.QuerySpacesImpl - Adding QuerySpace : uid = <gen:1> -> org.hibernate.loader.plan.build.internal.spaces.EntityQuerySpaceImpl@131be1ea]
20:27:00.899 [main] DEBUG o.h.p.w.spi.MetamodelGraphWalker - Visiting attribute path : drug.code
20:27:00.899 [main] DEBUG o.h.p.w.spi.MetamodelGraphWalker - Visiting attribute path : drug.description
20:27:00.899 [main] DEBUG o.h.p.w.spi.MetamodelGraphWalker - Visiting attribute path : drug.name
20:27:00.899 [main] DEBUG o.h.p.w.spi.MetamodelGraphWalker - Visiting attribute path : endDate
20:27:00.899 [main] DEBUG o.h.p.w.spi.MetamodelGraphWalker - Visiting attribute path : patient
20:27:00.900 [main] DEBUG o.h.l.p.b.i.spaces.QuerySpacesImpl - Adding QuerySpace : uid = <gen:2> -> org.hibernate.loader.plan.build.internal.spaces.EntityQuerySpaceImpl@20c482f1]
20:27:00.900 [main] DEBUG o.h.p.w.spi.MetamodelGraphWalker - Visiting attribute path : patient.enabled
20:27:00.900 [main] DEBUG o.h.p.w.spi.MetamodelGraphWalker - Visiting attribute path : patient.password
20:27:00.900 [main] DEBUG o.h.p.w.spi.MetamodelGraphWalker - Visiting attribute path : patient.role
20:27:00.900 [main] DEBUG o.h.p.w.spi.MetamodelGraphWalker - Visiting attribute path : renewals
20:27:00.900 [main] DEBUG o.h.p.w.spi.MetamodelGraphWalker - Visiting attribute path : startDate
20:27:00.900 [main] DEBUG o.h.l.p.b.i.FetchStyleLoadPlanBuildingAssociationVisitationStrategy - Building LoadPlan...
20:27:00.900 [main] DEBUG o.h.l.p.e.i.LoadQueryJoinAndFetchProcessor - processing queryspace <gen:0>
20:27:00.901 [main] DEBUG o.h.l.p.b.spi.LoadPlanTreePrinter - LoadPlan(entity=edu.ncsu.csc.itrust2.models.persistent.Prescription)
    - Returns
       - EntityReturnImpl(entity=edu.ncsu.csc.itrust2.models.persistent.Prescription, querySpaceUid=<gen:0>, path=edu.ncsu.csc.itrust2.models.persistent.Prescription)
          - EntityAttributeFetchImpl(entity=edu.ncsu.csc.itrust2.models.persistent.Drug, querySpaceUid=<gen:1>, path=edu.ncsu.csc.itrust2.models.persistent.Prescription.drug)
          - EntityAttributeFetchImpl(entity=edu.ncsu.csc.itrust2.models.persistent.User, querySpaceUid=<gen:2>, path=edu.ncsu.csc.itrust2.models.persistent.Prescription.patient)
    - QuerySpaces
       - EntityQuerySpaceImpl(uid=<gen:0>, entity=edu.ncsu.csc.itrust2.models.persistent.Prescription)
          - SQL table alias mapping - prescripti0_
          - alias suffix - 0_
          - suffixed key columns - {id1_14_0_}
          - JOIN (JoinDefinedByMetadata(drug)) : <gen:0> -> <gen:1>
             - EntityQuerySpaceImpl(uid=<gen:1>, entity=edu.ncsu.csc.itrust2.models.persistent.Drug)
                - SQL table alias mapping - drug1_
                - alias suffix - 1_
                - suffixed key columns - {id1_3_1_}
          - JOIN (JoinDefinedByMetadata(patient)) : <gen:0> -> <gen:2>
             - EntityQuerySpaceImpl(uid=<gen:2>, entity=edu.ncsu.csc.itrust2.models.persistent.User)
                - SQL table alias mapping - user2_
                - alias suffix - 2_
                - suffixed key columns - {username1_15_2_}

20:27:00.901 [main] DEBUG o.h.loader.entity.plan.EntityLoader - Static select for entity edu.ncsu.csc.itrust2.models.persistent.Prescription [READ]: select prescripti0_.id as id1_14_0_, prescripti0_.dosage as dosage2_14_0_, prescripti0_.drug_id as drug_id6_14_0_, prescripti0_.endDate as endDate3_14_0_, prescripti0_.patient_id as patient_7_14_0_, prescripti0_.renewals as renewals4_14_0_, prescripti0_.startDate as startDat5_14_0_, drug1_.id as id1_3_1_, drug1_.code as code2_3_1_, drug1_.description as descript3_3_1_, drug1_.name as name4_3_1_, user2_.username as username1_15_2_, user2_.enabled as enabled2_15_2_, user2_.password as password3_15_2_, user2_.role as role4_15_2_ from Prescriptions prescripti0_ inner join Drugs drug1_ on prescripti0_.drug_id=drug1_.id inner join Users user2_ on prescripti0_.patient_id=user2_.username where prescripti0_.id=?
20:27:00.901 [main] DEBUG o.h.l.p.b.i.spaces.QuerySpacesImpl - Adding QuerySpace : uid = <gen:0> -> org.hibernate.loader.plan.build.internal.spaces.EntityQuerySpaceImpl@635b99f7]
20:27:00.901 [main] DEBUG o.h.p.w.spi.MetamodelGraphWalker - Visiting attribute path : dosage
20:27:00.901 [main] DEBUG o.h.p.w.spi.MetamodelGraphWalker - Visiting attribute path : drug
20:27:00.901 [main] DEBUG o.h.l.p.b.i.spaces.QuerySpacesImpl - Adding QuerySpace : uid = <gen:1> -> org.hibernate.loader.plan.build.internal.spaces.EntityQuerySpaceImpl@645ac28b]
20:27:00.901 [main] DEBUG o.h.p.w.spi.MetamodelGraphWalker - Visiting attribute path : endDate
20:27:00.901 [main] DEBUG o.h.p.w.spi.MetamodelGraphWalker - Visiting attribute path : patient
20:27:00.902 [main] DEBUG o.h.l.p.b.i.spaces.QuerySpacesImpl - Adding QuerySpace : uid = <gen:2> -> org.hibernate.loader.plan.build.internal.spaces.EntityQuerySpaceImpl@52a55e15]
20:27:00.902 [main] DEBUG o.h.p.w.spi.MetamodelGraphWalker - Visiting attribute path : renewals
20:27:00.902 [main] DEBUG o.h.p.w.spi.MetamodelGraphWalker - Visiting attribute path : startDate
20:27:00.902 [main] DEBUG o.h.l.p.b.i.FetchStyleLoadPlanBuildingAssociationVisitationStrategy - Building LoadPlan...
20:27:00.902 [main] DEBUG o.h.l.p.e.i.LoadQueryJoinAndFetchProcessor - processing queryspace <gen:0>
20:27:00.902 [main] DEBUG o.h.l.p.b.spi.LoadPlanTreePrinter - LoadPlan(entity=edu.ncsu.csc.itrust2.models.persistent.Prescription)
    - Returns
       - EntityReturnImpl(entity=edu.ncsu.csc.itrust2.models.persistent.Prescription, querySpaceUid=<gen:0>, path=edu.ncsu.csc.itrust2.models.persistent.Prescription)
          - EntityAttributeFetchImpl(entity=edu.ncsu.csc.itrust2.models.persistent.Drug, querySpaceUid=<gen:1>, path=edu.ncsu.csc.itrust2.models.persistent.Prescription.drug)
          - EntityAttributeFetchImpl(entity=edu.ncsu.csc.itrust2.models.persistent.User, querySpaceUid=<gen:2>, path=edu.ncsu.csc.itrust2.models.persistent.Prescription.patient)
    - QuerySpaces
       - EntityQuerySpaceImpl(uid=<gen:0>, entity=edu.ncsu.csc.itrust2.models.persistent.Prescription)
          - SQL table alias mapping - prescripti0_
          - alias suffix - 0_
          - suffixed key columns - {id1_14_0_}

20:27:00.903 [main] DEBUG o.h.loader.entity.plan.EntityLoader - Static select for entity edu.ncsu.csc.itrust2.models.persistent.Prescription [UPGRADE]: select prescripti0_.id as id1_14_0_, prescripti0_.dosage as dosage2_14_0_, prescripti0_.drug_id as drug_id6_14_0_, prescripti0_.endDate as endDate3_14_0_, prescripti0_.patient_id as patient_7_14_0_, prescripti0_.renewals as renewals4_14_0_, prescripti0_.startDate as startDat5_14_0_ from Prescriptions prescripti0_ where prescripti0_.id=? for update
20:27:00.903 [main] DEBUG o.h.l.p.b.i.spaces.QuerySpacesImpl - Adding QuerySpace : uid = <gen:0> -> org.hibernate.loader.plan.build.internal.spaces.EntityQuerySpaceImpl@6d8ee197]
20:27:00.903 [main] DEBUG o.h.p.w.spi.MetamodelGraphWalker - Visiting attribute path : dosage
20:27:00.903 [main] DEBUG o.h.p.w.spi.MetamodelGraphWalker - Visiting attribute path : drug
20:27:00.903 [main] DEBUG o.h.l.p.b.i.spaces.QuerySpacesImpl - Adding QuerySpace : uid = <gen:1> -> org.hibernate.loader.plan.build.internal.spaces.EntityQuerySpaceImpl@57cc9d6f]
20:27:00.903 [main] DEBUG o.h.p.w.spi.MetamodelGraphWalker - Visiting attribute path : endDate
20:27:00.903 [main] DEBUG o.h.p.w.spi.MetamodelGraphWalker - Visiting attribute path : patient
20:27:00.903 [main] DEBUG o.h.l.p.b.i.spaces.QuerySpacesImpl - Adding QuerySpace : uid = <gen:2> -> org.hibernate.loader.plan.build.internal.spaces.EntityQuerySpaceImpl@2fe12475]
20:27:00.903 [main] DEBUG o.h.p.w.spi.MetamodelGraphWalker - Visiting attribute path : renewals
20:27:00.903 [main] DEBUG o.h.p.w.spi.MetamodelGraphWalker - Visiting attribute path : startDate
20:27:00.904 [main] DEBUG o.h.l.p.b.i.FetchStyleLoadPlanBuildingAssociationVisitationStrategy - Building LoadPlan...
20:27:00.904 [main] DEBUG o.h.l.p.e.i.LoadQueryJoinAndFetchProcessor - processing queryspace <gen:0>
20:27:00.904 [main] DEBUG o.h.l.p.b.spi.LoadPlanTreePrinter - LoadPlan(entity=edu.ncsu.csc.itrust2.models.persistent.Prescription)
    - Returns
       - EntityReturnImpl(entity=edu.ncsu.csc.itrust2.models.persistent.Prescription, querySpaceUid=<gen:0>, path=edu.ncsu.csc.itrust2.models.persistent.Prescription)
          - EntityAttributeFetchImpl(entity=edu.ncsu.csc.itrust2.models.persistent.Drug, querySpaceUid=<gen:1>, path=edu.ncsu.csc.itrust2.models.persistent.Prescription.drug)
          - EntityAttributeFetchImpl(entity=edu.ncsu.csc.itrust2.models.persistent.User, querySpaceUid=<gen:2>, path=edu.ncsu.csc.itrust2.models.persistent.Prescription.patient)
    - QuerySpaces
       - EntityQuerySpaceImpl(uid=<gen:0>, entity=edu.ncsu.csc.itrust2.models.persistent.Prescription)
          - SQL table alias mapping - prescripti0_
          - alias suffix - 0_
          - suffixed key columns - {id1_14_0_}

20:27:00.904 [main] DEBUG o.h.loader.entity.plan.EntityLoader - Static select for entity edu.ncsu.csc.itrust2.models.persistent.Prescription [UPGRADE_NOWAIT]: select prescripti0_.id as id1_14_0_, prescripti0_.dosage as dosage2_14_0_, prescripti0_.drug_id as drug_id6_14_0_, prescripti0_.endDate as endDate3_14_0_, prescripti0_.patient_id as patient_7_14_0_, prescripti0_.renewals as renewals4_14_0_, prescripti0_.startDate as startDat5_14_0_ from Prescriptions prescripti0_ where prescripti0_.id=? for update
20:27:00.904 [main] DEBUG o.h.l.p.b.i.spaces.QuerySpacesImpl - Adding QuerySpace : uid = <gen:0> -> org.hibernate.loader.plan.build.internal.spaces.EntityQuerySpaceImpl@35f9ea47]
20:27:00.910 [main] DEBUG o.h.p.w.spi.MetamodelGraphWalker - Visiting attribute path : dosage
20:27:00.910 [main] DEBUG o.h.p.w.spi.MetamodelGraphWalker - Visiting attribute path : drug
20:27:00.910 [main] DEBUG o.h.l.p.b.i.spaces.QuerySpacesImpl - Adding QuerySpace : uid = <gen:1> -> org.hibernate.loader.plan.build.internal.spaces.EntityQuerySpaceImpl@6194af6f]
20:27:00.910 [main] DEBUG o.h.p.w.spi.MetamodelGraphWalker - Visiting attribute path : endDate
20:27:00.910 [main] DEBUG o.h.p.w.spi.MetamodelGraphWalker - Visiting attribute path : patient
20:27:00.910 [main] DEBUG o.h.l.p.b.i.spaces.QuerySpacesImpl - Adding QuerySpace : uid = <gen:2> -> org.hibernate.loader.plan.build.internal.spaces.EntityQuerySpaceImpl@47f0eda4]
20:27:00.910 [main] DEBUG o.h.p.w.spi.MetamodelGraphWalker - Visiting attribute path : renewals
20:27:00.910 [main] DEBUG o.h.p.w.spi.MetamodelGraphWalker - Visiting attribute path : startDate
20:27:00.910 [main] DEBUG o.h.l.p.b.i.FetchStyleLoadPlanBuildingAssociationVisitationStrategy - Building LoadPlan...
20:27:00.910 [main] DEBUG o.h.l.p.e.i.LoadQueryJoinAndFetchProcessor - processing queryspace <gen:0>
20:27:00.911 [main] DEBUG o.h.l.p.b.spi.LoadPlanTreePrinter - LoadPlan(entity=edu.ncsu.csc.itrust2.models.persistent.Prescription)
    - Returns
       - EntityReturnImpl(entity=edu.ncsu.csc.itrust2.models.persistent.Prescription, querySpaceUid=<gen:0>, path=edu.ncsu.csc.itrust2.models.persistent.Prescription)
          - EntityAttributeFetchImpl(entity=edu.ncsu.csc.itrust2.models.persistent.Drug, querySpaceUid=<gen:1>, path=edu.ncsu.csc.itrust2.models.persistent.Prescription.drug)
          - EntityAttributeFetchImpl(entity=edu.ncsu.csc.itrust2.models.persistent.User, querySpaceUid=<gen:2>, path=edu.ncsu.csc.itrust2.models.persistent.Prescription.patient)
    - QuerySpaces
       - EntityQuerySpaceImpl(uid=<gen:0>, entity=edu.ncsu.csc.itrust2.models.persistent.Prescription)
          - SQL table alias mapping - prescripti0_
          - alias suffix - 0_
          - suffixed key columns - {id1_14_0_}

20:27:00.911 [main] DEBUG o.h.loader.entity.plan.EntityLoader - Static select for entity edu.ncsu.csc.itrust2.models.persistent.Prescription [UPGRADE_SKIPLOCKED]: select prescripti0_.id as id1_14_0_, prescripti0_.dosage as dosage2_14_0_, prescripti0_.drug_id as drug_id6_14_0_, prescripti0_.endDate as endDate3_14_0_, prescripti0_.patient_id as patient_7_14_0_, prescripti0_.renewals as renewals4_14_0_, prescripti0_.startDate as startDat5_14_0_ from Prescriptions prescripti0_ where prescripti0_.id=? for update
20:27:00.911 [main] DEBUG o.h.l.p.b.i.spaces.QuerySpacesImpl - Adding QuerySpace : uid = <gen:0> -> org.hibernate.loader.plan.build.internal.spaces.EntityQuerySpaceImpl@3da18ccf]
20:27:00.911 [main] DEBUG o.h.p.w.spi.MetamodelGraphWalker - Visiting attribute path : dosage
20:27:00.911 [main] DEBUG o.h.p.w.spi.MetamodelGraphWalker - Visiting attribute path : drug
20:27:00.911 [main] DEBUG o.h.l.p.b.i.spaces.QuerySpacesImpl - Adding QuerySpace : uid = <gen:1> -> org.hibernate.loader.plan.build.internal.spaces.EntityQuerySpaceImpl@28e64ca0]
20:27:00.911 [main] DEBUG o.h.p.w.spi.MetamodelGraphWalker - Visiting attribute path : endDate
20:27:00.911 [main] DEBUG o.h.p.w.spi.MetamodelGraphWalker - Visiting attribute path : patient
20:27:00.911 [main] DEBUG o.h.l.p.b.i.spaces.QuerySpacesImpl - Adding QuerySpace : uid = <gen:2> -> org.hibernate.loader.plan.build.internal.spaces.EntityQuerySpaceImpl@683b19d5]
20:27:00.911 [main] DEBUG o.h.p.w.spi.MetamodelGraphWalker - Visiting attribute path : renewals
20:27:00.911 [main] DEBUG o.h.p.w.spi.MetamodelGraphWalker - Visiting attribute path : startDate
20:27:00.912 [main] DEBUG o.h.l.p.b.i.FetchStyleLoadPlanBuildingAssociationVisitationStrategy - Building LoadPlan...
20:27:00.912 [main] DEBUG o.h.l.p.e.i.LoadQueryJoinAndFetchProcessor - processing queryspace <gen:0>
20:27:00.912 [main] DEBUG o.h.l.p.b.spi.LoadPlanTreePrinter - LoadPlan(entity=edu.ncsu.csc.itrust2.models.persistent.Prescription)
    - Returns
       - EntityReturnImpl(entity=edu.ncsu.csc.itrust2.models.persistent.Prescription, querySpaceUid=<gen:0>, path=edu.ncsu.csc.itrust2.models.persistent.Prescription)
          - EntityAttributeFetchImpl(entity=edu.ncsu.csc.itrust2.models.persistent.Drug, querySpaceUid=<gen:1>, path=edu.ncsu.csc.itrust2.models.persistent.Prescription.drug)
          - EntityAttributeFetchImpl(entity=edu.ncsu.csc.itrust2.models.persistent.User, querySpaceUid=<gen:2>, path=edu.ncsu.csc.itrust2.models.persistent.Prescription.patient)
    - QuerySpaces
       - EntityQuerySpaceImpl(uid=<gen:0>, entity=edu.ncsu.csc.itrust2.models.persistent.Prescription)
          - SQL table alias mapping - prescripti0_
          - alias suffix - 0_
          - suffixed key columns - {id1_14_0_}

20:27:00.912 [main] DEBUG o.h.loader.entity.plan.EntityLoader - Static select for entity edu.ncsu.csc.itrust2.models.persistent.Prescription [FORCE]: select prescripti0_.id as id1_14_0_, prescripti0_.dosage as dosage2_14_0_, prescripti0_.drug_id as drug_id6_14_0_, prescripti0_.endDate as endDate3_14_0_, prescripti0_.patient_id as patient_7_14_0_, prescripti0_.renewals as renewals4_14_0_, prescripti0_.startDate as startDat5_14_0_ from Prescriptions prescripti0_ where prescripti0_.id=? for update
20:27:00.912 [main] DEBUG o.h.l.p.b.i.spaces.QuerySpacesImpl - Adding QuerySpace : uid = <gen:0> -> org.hibernate.loader.plan.build.internal.spaces.EntityQuerySpaceImpl@59cd27e9]
20:27:00.912 [main] DEBUG o.h.p.w.spi.MetamodelGraphWalker - Visiting attribute path : dosage
20:27:00.912 [main] DEBUG o.h.p.w.spi.MetamodelGraphWalker - Visiting attribute path : drug
20:27:00.912 [main] DEBUG o.h.l.p.b.i.spaces.QuerySpacesImpl - Adding QuerySpace : uid = <gen:1> -> org.hibernate.loader.plan.build.internal.spaces.EntityQuerySpaceImpl@44521805]
20:27:00.912 [main] DEBUG o.h.p.w.spi.MetamodelGraphWalker - Visiting attribute path : endDate
20:27:00.912 [main] DEBUG o.h.p.w.spi.MetamodelGraphWalker - Visiting attribute path : patient
20:27:00.912 [main] DEBUG o.h.l.p.b.i.spaces.QuerySpacesImpl - Adding QuerySpace : uid = <gen:2> -> org.hibernate.loader.plan.build.internal.spaces.EntityQuerySpaceImpl@741744eb]
20:27:00.912 [main] DEBUG o.h.p.w.spi.MetamodelGraphWalker - Visiting attribute path : renewals
20:27:00.912 [main] DEBUG o.h.p.w.spi.MetamodelGraphWalker - Visiting attribute path : startDate
20:27:00.912 [main] DEBUG o.h.l.p.b.i.FetchStyleLoadPlanBuildingAssociationVisitationStrategy - Building LoadPlan...
20:27:00.913 [main] DEBUG o.h.l.p.e.i.LoadQueryJoinAndFetchProcessor - processing queryspace <gen:0>
20:27:00.913 [main] DEBUG o.h.l.p.b.spi.LoadPlanTreePrinter - LoadPlan(entity=edu.ncsu.csc.itrust2.models.persistent.Prescription)
    - Returns
       - EntityReturnImpl(entity=edu.ncsu.csc.itrust2.models.persistent.Prescription, querySpaceUid=<gen:0>, path=edu.ncsu.csc.itrust2.models.persistent.Prescription)
          - EntityAttributeFetchImpl(entity=edu.ncsu.csc.itrust2.models.persistent.Drug, querySpaceUid=<gen:1>, path=edu.ncsu.csc.itrust2.models.persistent.Prescription.drug)
          - EntityAttributeFetchImpl(entity=edu.ncsu.csc.itrust2.models.persistent.User, querySpaceUid=<gen:2>, path=edu.ncsu.csc.itrust2.models.persistent.Prescription.patient)
    - QuerySpaces
       - EntityQuerySpaceImpl(uid=<gen:0>, entity=edu.ncsu.csc.itrust2.models.persistent.Prescription)
          - SQL table alias mapping - prescripti0_
          - alias suffix - 0_
          - suffixed key columns - {id1_14_0_}

20:27:00.913 [main] DEBUG o.h.loader.entity.plan.EntityLoader - Static select for entity edu.ncsu.csc.itrust2.models.persistent.Prescription [PESSIMISTIC_READ]: select prescripti0_.id as id1_14_0_, prescripti0_.dosage as dosage2_14_0_, prescripti0_.drug_id as drug_id6_14_0_, prescripti0_.endDate as endDate3_14_0_, prescripti0_.patient_id as patient_7_14_0_, prescripti0_.renewals as renewals4_14_0_, prescripti0_.startDate as startDat5_14_0_ from Prescriptions prescripti0_ where prescripti0_.id=? lock in share mode
20:27:00.913 [main] DEBUG o.h.l.p.b.i.spaces.QuerySpacesImpl - Adding QuerySpace : uid = <gen:0> -> org.hibernate.loader.plan.build.internal.spaces.EntityQuerySpaceImpl@44d5d7ef]
20:27:00.913 [main] DEBUG o.h.p.w.spi.MetamodelGraphWalker - Visiting attribute path : dosage
20:27:00.913 [main] DEBUG o.h.p.w.spi.MetamodelGraphWalker - Visiting attribute path : drug
20:27:00.913 [main] DEBUG o.h.l.p.b.i.spaces.QuerySpacesImpl - Adding QuerySpace : uid = <gen:1> -> org.hibernate.loader.plan.build.internal.spaces.EntityQuerySpaceImpl@103983a3]
20:27:00.913 [main] DEBUG o.h.p.w.spi.MetamodelGraphWalker - Visiting attribute path : endDate
20:27:00.913 [main] DEBUG o.h.p.w.spi.MetamodelGraphWalker - Visiting attribute path : patient
20:27:00.913 [main] DEBUG o.h.l.p.b.i.spaces.QuerySpacesImpl - Adding QuerySpace : uid = <gen:2> -> org.hibernate.loader.plan.build.internal.spaces.EntityQuerySpaceImpl@5ec7bd53]
20:27:00.913 [main] DEBUG o.h.p.w.spi.MetamodelGraphWalker - Visiting attribute path : renewals
20:27:00.913 [main] DEBUG o.h.p.w.spi.MetamodelGraphWalker - Visiting attribute path : startDate
20:27:00.913 [main] DEBUG o.h.l.p.b.i.FetchStyleLoadPlanBuildingAssociationVisitationStrategy - Building LoadPlan...
20:27:00.913 [main] DEBUG o.h.l.p.e.i.LoadQueryJoinAndFetchProcessor - processing queryspace <gen:0>
20:27:00.913 [main] DEBUG o.h.l.p.b.spi.LoadPlanTreePrinter - LoadPlan(entity=edu.ncsu.csc.itrust2.models.persistent.Prescription)
    - Returns
       - EntityReturnImpl(entity=edu.ncsu.csc.itrust2.models.persistent.Prescription, querySpaceUid=<gen:0>, path=edu.ncsu.csc.itrust2.models.persistent.Prescription)
          - EntityAttributeFetchImpl(entity=edu.ncsu.csc.itrust2.models.persistent.Drug, querySpaceUid=<gen:1>, path=edu.ncsu.csc.itrust2.models.persistent.Prescription.drug)
          - EntityAttributeFetchImpl(entity=edu.ncsu.csc.itrust2.models.persistent.User, querySpaceUid=<gen:2>, path=edu.ncsu.csc.itrust2.models.persistent.Prescription.patient)
    - QuerySpaces
       - EntityQuerySpaceImpl(uid=<gen:0>, entity=edu.ncsu.csc.itrust2.models.persistent.Prescription)
          - SQL table alias mapping - prescripti0_
          - alias suffix - 0_
          - suffixed key columns - {id1_14_0_}

20:27:00.913 [main] DEBUG o.h.loader.entity.plan.EntityLoader - Static select for entity edu.ncsu.csc.itrust2.models.persistent.Prescription [PESSIMISTIC_WRITE]: select prescripti0_.id as id1_14_0_, prescripti0_.dosage as dosage2_14_0_, prescripti0_.drug_id as drug_id6_14_0_, prescripti0_.endDate as endDate3_14_0_, prescripti0_.patient_id as patient_7_14_0_, prescripti0_.renewals as renewals4_14_0_, prescripti0_.startDate as startDat5_14_0_ from Prescriptions prescripti0_ where prescripti0_.id=? for update
20:27:00.913 [main] DEBUG o.h.l.p.b.i.spaces.QuerySpacesImpl - Adding QuerySpace : uid = <gen:0> -> org.hibernate.loader.plan.build.internal.spaces.EntityQuerySpaceImpl@344773cb]
20:27:00.914 [main] DEBUG o.h.p.w.spi.MetamodelGraphWalker - Visiting attribute path : dosage
20:27:00.914 [main] DEBUG o.h.p.w.spi.MetamodelGraphWalker - Visiting attribute path : drug
20:27:00.914 [main] DEBUG o.h.l.p.b.i.spaces.QuerySpacesImpl - Adding QuerySpace : uid = <gen:1> -> org.hibernate.loader.plan.build.internal.spaces.EntityQuerySpaceImpl@55358d2a]
20:27:00.914 [main] DEBUG o.h.p.w.spi.MetamodelGraphWalker - Visiting attribute path : endDate
20:27:00.914 [main] DEBUG o.h.p.w.spi.MetamodelGraphWalker - Visiting attribute path : patient
20:27:00.914 [main] DEBUG o.h.l.p.b.i.spaces.QuerySpacesImpl - Adding QuerySpace : uid = <gen:2> -> org.hibernate.loader.plan.build.internal.spaces.EntityQuerySpaceImpl@367b9ffa]
20:27:00.914 [main] DEBUG o.h.p.w.spi.MetamodelGraphWalker - Visiting attribute path : renewals
20:27:00.914 [main] DEBUG o.h.p.w.spi.MetamodelGraphWalker - Visiting attribute path : startDate
20:27:00.914 [main] DEBUG o.h.l.p.b.i.FetchStyleLoadPlanBuildingAssociationVisitationStrategy - Building LoadPlan...
20:27:00.915 [main] DEBUG o.h.l.p.e.i.LoadQueryJoinAndFetchProcessor - processing queryspace <gen:0>
20:27:00.915 [main] DEBUG o.h.l.p.b.spi.LoadPlanTreePrinter - LoadPlan(entity=edu.ncsu.csc.itrust2.models.persistent.Prescription)
    - Returns
       - EntityReturnImpl(entity=edu.ncsu.csc.itrust2.models.persistent.Prescription, querySpaceUid=<gen:0>, path=edu.ncsu.csc.itrust2.models.persistent.Prescription)
          - EntityAttributeFetchImpl(entity=edu.ncsu.csc.itrust2.models.persistent.Drug, querySpaceUid=<gen:1>, path=edu.ncsu.csc.itrust2.models.persistent.Prescription.drug)
          - EntityAttributeFetchImpl(entity=edu.ncsu.csc.itrust2.models.persistent.User, querySpaceUid=<gen:2>, path=edu.ncsu.csc.itrust2.models.persistent.Prescription.patient)
    - QuerySpaces
       - EntityQuerySpaceImpl(uid=<gen:0>, entity=edu.ncsu.csc.itrust2.models.persistent.Prescription)
          - SQL table alias mapping - prescripti0_
          - alias suffix - 0_
          - suffixed key columns - {id1_14_0_}

20:27:00.915 [main] DEBUG o.h.loader.entity.plan.EntityLoader - Static select for entity edu.ncsu.csc.itrust2.models.persistent.Prescription [PESSIMISTIC_FORCE_INCREMENT]: select prescripti0_.id as id1_14_0_, prescripti0_.dosage as dosage2_14_0_, prescripti0_.drug_id as drug_id6_14_0_, prescripti0_.endDate as endDate3_14_0_, prescripti0_.patient_id as patient_7_14_0_, prescripti0_.renewals as renewals4_14_0_, prescripti0_.startDate as startDat5_14_0_ from Prescriptions prescripti0_ where prescripti0_.id=? for update
20:27:00.915 [main] DEBUG o.h.l.p.b.i.spaces.QuerySpacesImpl - Adding QuerySpace : uid = <gen:0> -> org.hibernate.loader.plan.build.internal.spaces.EntityQuerySpaceImpl@392d7bd5]
20:27:00.916 [main] DEBUG o.h.p.w.spi.MetamodelGraphWalker - Visiting attribute path : dosage
20:27:00.916 [main] DEBUG o.h.p.w.spi.MetamodelGraphWalker - Visiting attribute path : drug
20:27:00.916 [main] DEBUG o.h.l.p.b.i.spaces.QuerySpacesImpl - Adding QuerySpace : uid = <gen:1> -> org.hibernate.loader.plan.build.internal.spaces.EntityQuerySpaceImpl@20bc49f4]
20:27:00.916 [main] DEBUG o.h.p.w.spi.MetamodelGraphWalker - Visiting attribute path : endDate
20:27:00.916 [main] DEBUG o.h.p.w.spi.MetamodelGraphWalker - Visiting attribute path : patient
20:27:00.916 [main] DEBUG o.h.l.p.b.i.spaces.QuerySpacesImpl - Adding QuerySpace : uid = <gen:2> -> org.hibernate.loader.plan.build.internal.spaces.EntityQuerySpaceImpl@4a529656]
20:27:00.916 [main] DEBUG o.h.p.w.spi.MetamodelGraphWalker - Visiting attribute path : renewals
20:27:00.916 [main] DEBUG o.h.p.w.spi.MetamodelGraphWalker - Visiting attribute path : startDate
20:27:00.916 [main] DEBUG o.h.l.p.b.i.FetchStyleLoadPlanBuildingAssociationVisitationStrategy - Building LoadPlan...
20:27:00.917 [main] DEBUG o.h.l.p.e.i.LoadQueryJoinAndFetchProcessor - processing queryspace <gen:0>
20:27:00.917 [main] DEBUG o.h.l.p.b.spi.LoadPlanTreePrinter - LoadPlan(entity=edu.ncsu.csc.itrust2.models.persistent.Prescription)
    - Returns
       - EntityReturnImpl(entity=edu.ncsu.csc.itrust2.models.persistent.Prescription, querySpaceUid=<gen:0>, path=edu.ncsu.csc.itrust2.models.persistent.Prescription)
          - EntityAttributeFetchImpl(entity=edu.ncsu.csc.itrust2.models.persistent.Drug, querySpaceUid=<gen:1>, path=edu.ncsu.csc.itrust2.models.persistent.Prescription.drug)
          - EntityAttributeFetchImpl(entity=edu.ncsu.csc.itrust2.models.persistent.User, querySpaceUid=<gen:2>, path=edu.ncsu.csc.itrust2.models.persistent.Prescription.patient)
    - QuerySpaces
       - EntityQuerySpaceImpl(uid=<gen:0>, entity=edu.ncsu.csc.itrust2.models.persistent.Prescription)
          - SQL table alias mapping - prescripti0_
          - alias suffix - 0_
          - suffixed key columns - {id1_14_0_}

20:27:00.917 [main] DEBUG o.h.loader.entity.plan.EntityLoader - Static select for entity edu.ncsu.csc.itrust2.models.persistent.Prescription [OPTIMISTIC]: select prescripti0_.id as id1_14_0_, prescripti0_.dosage as dosage2_14_0_, prescripti0_.drug_id as drug_id6_14_0_, prescripti0_.endDate as endDate3_14_0_, prescripti0_.patient_id as patient_7_14_0_, prescripti0_.renewals as renewals4_14_0_, prescripti0_.startDate as startDat5_14_0_ from Prescriptions prescripti0_ where prescripti0_.id=?
20:27:00.917 [main] DEBUG o.h.l.p.b.i.spaces.QuerySpacesImpl - Adding QuerySpace : uid = <gen:0> -> org.hibernate.loader.plan.build.internal.spaces.EntityQuerySpaceImpl@18f3af1a]
20:27:00.917 [main] DEBUG o.h.p.w.spi.MetamodelGraphWalker - Visiting attribute path : dosage
20:27:00.917 [main] DEBUG o.h.p.w.spi.MetamodelGraphWalker - Visiting attribute path : drug
20:27:00.917 [main] DEBUG o.h.l.p.b.i.spaces.QuerySpacesImpl - Adding QuerySpace : uid = <gen:1> -> org.hibernate.loader.plan.build.internal.spaces.EntityQuerySpaceImpl@4d55e486]
20:27:00.917 [main] DEBUG o.h.p.w.spi.MetamodelGraphWalker - Visiting attribute path : endDate
20:27:00.918 [main] DEBUG o.h.p.w.spi.MetamodelGraphWalker - Visiting attribute path : patient
20:27:00.918 [main] DEBUG o.h.l.p.b.i.spaces.QuerySpacesImpl - Adding QuerySpace : uid = <gen:2> -> org.hibernate.loader.plan.build.internal.spaces.EntityQuerySpaceImpl@13eb3b5c]
20:27:00.918 [main] DEBUG o.h.p.w.spi.MetamodelGraphWalker - Visiting attribute path : renewals
20:27:00.918 [main] DEBUG o.h.p.w.spi.MetamodelGraphWalker - Visiting attribute path : startDate
20:27:00.918 [main] DEBUG o.h.l.p.b.i.FetchStyleLoadPlanBuildingAssociationVisitationStrategy - Building LoadPlan...
20:27:00.918 [main] DEBUG o.h.l.p.e.i.LoadQueryJoinAndFetchProcessor - processing queryspace <gen:0>
20:27:00.926 [main] DEBUG o.h.l.p.b.spi.LoadPlanTreePrinter - LoadPlan(entity=edu.ncsu.csc.itrust2.models.persistent.Prescription)
    - Returns
       - EntityReturnImpl(entity=edu.ncsu.csc.itrust2.models.persistent.Prescription, querySpaceUid=<gen:0>, path=edu.ncsu.csc.itrust2.models.persistent.Prescription)
          - EntityAttributeFetchImpl(entity=edu.ncsu.csc.itrust2.models.persistent.Drug, querySpaceUid=<gen:1>, path=edu.ncsu.csc.itrust2.models.persistent.Prescription.drug)
          - EntityAttributeFetchImpl(entity=edu.ncsu.csc.itrust2.models.persistent.User, querySpaceUid=<gen:2>, path=edu.ncsu.csc.itrust2.models.persistent.Prescription.patient)
    - QuerySpaces
       - EntityQuerySpaceImpl(uid=<gen:0>, entity=edu.ncsu.csc.itrust2.models.persistent.Prescription)
          - SQL table alias mapping - prescripti0_
          - alias suffix - 0_
          - suffixed key columns - {id1_14_0_}

20:27:00.927 [main] DEBUG o.h.loader.entity.plan.EntityLoader - Static select for entity edu.ncsu.csc.itrust2.models.persistent.Prescription [OPTIMISTIC_FORCE_INCREMENT]: select prescripti0_.id as id1_14_0_, prescripti0_.dosage as dosage2_14_0_, prescripti0_.drug_id as drug_id6_14_0_, prescripti0_.endDate as endDate3_14_0_, prescripti0_.patient_id as patient_7_14_0_, prescripti0_.renewals as renewals4_14_0_, prescripti0_.startDate as startDat5_14_0_ from Prescriptions prescripti0_ where prescripti0_.id=?
20:27:00.927 [main] DEBUG org.hibernate.loader.Loader - Static select for action ACTION_MERGE on entity edu.ncsu.csc.itrust2.models.persistent.Prescription: select prescripti0_.id as id1_14_0_, prescripti0_.dosage as dosage2_14_0_, prescripti0_.drug_id as drug_id6_14_0_, prescripti0_.endDate as endDate3_14_0_, prescripti0_.patient_id as patient_7_14_0_, prescripti0_.renewals as renewals4_14_0_, prescripti0_.startDate as startDat5_14_0_ from Prescriptions prescripti0_ where prescripti0_.id=?
20:27:00.927 [main] DEBUG org.hibernate.loader.Loader - Static select for action ACTION_REFRESH on entity edu.ncsu.csc.itrust2.models.persistent.Prescription: select prescripti0_.id as id1_14_0_, prescripti0_.dosage as dosage2_14_0_, prescripti0_.drug_id as drug_id6_14_0_, prescripti0_.endDate as endDate3_14_0_, prescripti0_.patient_id as patient_7_14_0_, prescripti0_.renewals as renewals4_14_0_, prescripti0_.startDate as startDat5_14_0_ from Prescriptions prescripti0_ where prescripti0_.id=?
20:27:00.937 [main] DEBUG o.h.l.p.b.i.spaces.QuerySpacesImpl - Adding QuerySpace : uid = <gen:0> -> org.hibernate.loader.plan.build.internal.spaces.CollectionQuerySpaceImpl@504c8c7e]
20:27:00.946 [main] DEBUG o.h.l.p.b.i.spaces.QuerySpacesImpl - Adding QuerySpace : uid = <gen:1> -> org.hibernate.loader.plan.build.internal.spaces.EntityQuerySpaceImpl@47e96c5c]
20:27:00.946 [main] DEBUG o.h.p.w.spi.MetamodelGraphWalker - Visiting attribute path : dosage
20:27:00.947 [main] DEBUG o.h.p.w.spi.MetamodelGraphWalker - Visiting attribute path : drug
20:27:00.947 [main] DEBUG o.h.l.p.b.i.spaces.QuerySpacesImpl - Adding QuerySpace : uid = <gen:2> -> org.hibernate.loader.plan.build.internal.spaces.EntityQuerySpaceImpl@54f096d]
20:27:00.947 [main] DEBUG o.h.p.w.spi.MetamodelGraphWalker - Visiting attribute path : drug.code
20:27:00.947 [main] DEBUG o.h.p.w.spi.MetamodelGraphWalker - Visiting attribute path : drug.description
20:27:00.947 [main] DEBUG o.h.p.w.spi.MetamodelGraphWalker - Visiting attribute path : drug.name
20:27:00.947 [main] DEBUG o.h.p.w.spi.MetamodelGraphWalker - Visiting attribute path : endDate
20:27:00.947 [main] DEBUG o.h.p.w.spi.MetamodelGraphWalker - Visiting attribute path : patient
20:27:00.947 [main] DEBUG o.h.l.p.b.i.spaces.QuerySpacesImpl - Adding QuerySpace : uid = <gen:3> -> org.hibernate.loader.plan.build.internal.spaces.EntityQuerySpaceImpl@2b25a884]
20:27:00.948 [main] DEBUG o.h.p.w.spi.MetamodelGraphWalker - Visiting attribute path : patient.enabled
20:27:00.948 [main] DEBUG o.h.p.w.spi.MetamodelGraphWalker - Visiting attribute path : patient.password
20:27:00.948 [main] DEBUG o.h.p.w.spi.MetamodelGraphWalker - Visiting attribute path : patient.role
20:27:00.948 [main] DEBUG o.h.p.w.spi.MetamodelGraphWalker - Visiting attribute path : renewals
20:27:00.948 [main] DEBUG o.h.p.w.spi.MetamodelGraphWalker - Visiting attribute path : startDate
20:27:00.948 [main] DEBUG o.h.l.p.b.i.FetchStyleLoadPlanBuildingAssociationVisitationStrategy - Building LoadPlan...
20:27:00.950 [main] DEBUG o.h.l.p.e.i.LoadQueryJoinAndFetchProcessor - processing queryspace <gen:0>
20:27:00.951 [main] DEBUG o.h.l.p.b.spi.LoadPlanTreePrinter - LoadPlan(collection=edu.ncsu.csc.itrust2.models.persistent.OfficeVisit.prescriptions)
    - Returns
       - CollectionReturnImpl(collection=edu.ncsu.csc.itrust2.models.persistent.OfficeVisit.prescriptions, querySpaceUid=<gen:0>, path=[edu.ncsu.csc.itrust2.models.persistent.OfficeVisit.prescriptions])
          - (collection element) CollectionFetchableElementEntityGraph(entity=edu.ncsu.csc.itrust2.models.persistent.Prescription, querySpaceUid=<gen:1>, path=[edu.ncsu.csc.itrust2.models.persistent.OfficeVisit.prescriptions].<elements>)
             - EntityAttributeFetchImpl(entity=edu.ncsu.csc.itrust2.models.persistent.Drug, querySpaceUid=<gen:2>, path=[edu.ncsu.csc.itrust2.models.persistent.OfficeVisit.prescriptions].<elements>.drug)
             - EntityAttributeFetchImpl(entity=edu.ncsu.csc.itrust2.models.persistent.User, querySpaceUid=<gen:3>, path=[edu.ncsu.csc.itrust2.models.persistent.OfficeVisit.prescriptions].<elements>.patient)
    - QuerySpaces
       - CollectionQuerySpaceImpl(uid=<gen:0>, collection=edu.ncsu.csc.itrust2.models.persistent.OfficeVisit.prescriptions)
          - SQL table alias mapping - prescripti0_
          - alias suffix - 0_
          - suffixed key columns - {prescrip8_14_0_}
          - entity-element alias suffix - 1_
          - 1_entity-element suffixed key columns - id1_14_1_
          - JOIN (JoinDefinedByMetadata(elements)) : <gen:0> -> <gen:1>
             - EntityQuerySpaceImpl(uid=<gen:1>, entity=edu.ncsu.csc.itrust2.models.persistent.Prescription)
                - SQL table alias mapping - prescripti0_
                - alias suffix - 1_
                - suffixed key columns - {id1_14_1_}
                - JOIN (JoinDefinedByMetadata(drug)) : <gen:1> -> <gen:2>
                   - EntityQuerySpaceImpl(uid=<gen:2>, entity=edu.ncsu.csc.itrust2.models.persistent.Drug)
                      - SQL table alias mapping - drug1_
                      - alias suffix - 2_
                      - suffixed key columns - {id1_3_2_}
                - JOIN (JoinDefinedByMetadata(patient)) : <gen:1> -> <gen:3>
                   - EntityQuerySpaceImpl(uid=<gen:3>, entity=edu.ncsu.csc.itrust2.models.persistent.User)
                      - SQL table alias mapping - user2_
                      - alias suffix - 3_
                      - suffixed key columns - {username1_15_3_}

20:27:00.952 [main] DEBUG o.h.l.c.plan.CollectionLoader - Static select for collection edu.ncsu.csc.itrust2.models.persistent.OfficeVisit.prescriptions: select prescripti0_.prescriptions_id as prescrip8_14_0_, prescripti0_.id as id1_14_0_, prescripti0_.id as id1_14_1_, prescripti0_.dosage as dosage2_14_1_, prescripti0_.drug_id as drug_id6_14_1_, prescripti0_.endDate as endDate3_14_1_, prescripti0_.patient_id as patient_7_14_1_, prescripti0_.renewals as renewals4_14_1_, prescripti0_.startDate as startDat5_14_1_, drug1_.id as id1_3_2_, drug1_.code as code2_3_2_, drug1_.description as descript3_3_2_, drug1_.name as name4_3_2_, user2_.username as username1_15_3_, user2_.enabled as enabled2_15_3_, user2_.password as password3_15_3_, user2_.role as role4_15_3_ from Prescriptions prescripti0_ inner join Drugs drug1_ on prescripti0_.drug_id=drug1_.id inner join Users user2_ on prescripti0_.patient_id=user2_.username where prescripti0_.prescriptions_id=?
20:27:00.952 [main] DEBUG o.h.internal.SessionFactoryImpl - Instantiated session factory
20:27:00.961 [main] INFO  o.h.tool.hbm2ddl.SchemaUpdate - HHH000228: Running hbm2ddl schema update
20:27:01.073 [main] DEBUG org.hibernate.mapping.Table - No alter strings for table : AppointmentRequests
20:27:01.128 [main] DEBUG org.hibernate.mapping.Table - No alter strings for table : BasicHealthMetrics
20:27:01.148 [main] DEBUG org.hibernate.mapping.Table - No alter strings for table : Diagnoses
20:27:01.159 [main] DEBUG org.hibernate.mapping.Table - No alter strings for table : Drugs
20:27:01.162 [main] DEBUG org.hibernate.mapping.Table - No alter strings for table : hibernate_sequence
20:27:01.174 [main] DEBUG org.hibernate.mapping.Table - No alter strings for table : Hospitals
20:27:01.184 [main] DEBUG org.hibernate.mapping.Table - No alter strings for table : ICDCodes
20:27:01.203 [main] DEBUG org.hibernate.mapping.Table - No alter strings for table : LogEntries
20:27:01.218 [main] DEBUG org.hibernate.mapping.Table - No alter strings for table : LoginAttempts
20:27:01.231 [main] DEBUG org.hibernate.mapping.Table - No alter strings for table : LoginBans
20:27:01.243 [main] DEBUG org.hibernate.mapping.Table - No alter strings for table : LoginLockouts
20:27:01.265 [main] DEBUG org.hibernate.mapping.Table - No alter strings for table : OfficeVisits
20:27:01.275 [main] DEBUG org.hibernate.mapping.Table - No alter strings for table : PasswordResetTokens
20:27:01.329 [main] DEBUG org.hibernate.mapping.Table - No alter strings for table : Patients
20:27:01.354 [main] DEBUG org.hibernate.mapping.Table - No alter strings for table : Personnel
20:27:01.367 [main] DEBUG org.hibernate.mapping.Table - No alter strings for table : Prescriptions
20:27:01.373 [main] DEBUG org.hibernate.mapping.Table - No alter strings for table : Users
20:27:01.529 [main] DEBUG o.h.e.t.j.p.i.JtaPlatformInitiator - No JtaPlatform was specified, checking resolver
20:27:01.530 [main] DEBUG o.h.e.t.j.p.i.JtaPlatformResolverInitiator - No JtaPlatformResolver was specified, using default [org.hibernate.engine.transaction.jta.platform.internal.StandardJtaPlatformResolver]
20:27:01.534 [main] DEBUG o.h.e.t.j.p.i.StandardJtaPlatformResolver - Could not resolve JtaPlatform, using default [org.hibernate.engine.transaction.jta.platform.internal.NoJtaPlatform]
20:27:01.535 [main] DEBUG o.h.internal.NamedQueryRepository - Checking 0 named HQL queries
20:27:01.535 [main] DEBUG o.h.internal.NamedQueryRepository - Checking 0 named SQL queries
20:27:01.538 [main] DEBUG o.h.internal.SessionFactoryRegistry - Initializing SessionFactoryRegistry : org.hibernate.internal.SessionFactoryRegistry@476b1388
20:27:01.541 [main] DEBUG o.h.internal.SessionFactoryRegistry - Registering SessionFactory: d0860170-2b97-48e3-8f2e-cf35681530f7 (<unnamed>)
20:27:01.541 [main] DEBUG o.h.internal.SessionFactoryRegistry - Not binding SessionFactory to JNDI, no JNDI name configured
20:27:01.644 [main] DEBUG o.h.s.internal.StatisticsInitiator - Statistics initialized [enabled=false]
20:27:01.645 [main] DEBUG o.h.e.t.internal.TransactionImpl - begin
20:27:01.725 [main] DEBUG org.hibernate.SQL - select this_.username as username1_15_0_, this_.enabled as enabled2_15_0_, this_.password as password3_15_0_, this_.role as role4_15_0_ from Users this_ where this_.username=?
Hibernate: select this_.username as username1_15_0_, this_.enabled as enabled2_15_0_, this_.password as password3_15_0_, this_.role as role4_15_0_ from Users this_ where this_.username=?
20:27:01.751 [main] DEBUG o.h.e.t.internal.TransactionImpl - committing
20:27:01.755 [main] DEBUG o.h.e.t.internal.TransactionImpl - begin
20:27:01.757 [main] DEBUG org.hibernate.SQL - select this_.id as id1_13_1_, this_.address1 as address2_13_1_, this_.address2 as address3_13_1_, this_.city as city4_13_1_, this_.email as email5_13_1_, this_.enabled as enabled6_13_1_, this_.firstName as firstNam7_13_1_, this_.lastName as lastName8_13_1_, this_.phone as phone9_13_1_, this_.self_id as self_id13_13_1_, this_.specialty as special10_13_1_, this_.state as state11_13_1_, this_.zip as zip12_13_1_, user2_.username as username1_15_0_, user2_.enabled as enabled2_15_0_, user2_.password as password3_15_0_, user2_.role as role4_15_0_ from Personnel this_ left outer join Users user2_ on this_.self_id=user2_.username where this_.self_id=?
Hibernate: select this_.id as id1_13_1_, this_.address1 as address2_13_1_, this_.address2 as address3_13_1_, this_.city as city4_13_1_, this_.email as email5_13_1_, this_.enabled as enabled6_13_1_, this_.firstName as firstNam7_13_1_, this_.lastName as lastName8_13_1_, this_.phone as phone9_13_1_, this_.self_id as self_id13_13_1_, this_.specialty as special10_13_1_, this_.state as state11_13_1_, this_.zip as zip12_13_1_, user2_.username as username1_15_0_, user2_.enabled as enabled2_15_0_, user2_.password as password3_15_0_, user2_.role as role4_15_0_ from Personnel this_ left outer join Users user2_ on this_.self_id=user2_.username where this_.self_id=?
20:27:01.775 [main] DEBUG o.h.e.t.internal.TransactionImpl - committing
20:27:01.778 [main] DEBUG o.h.e.t.internal.TransactionImpl - begin
20:27:01.800 [main] DEBUG org.hibernate.SQL - select next_val as id_val from hibernate_sequence for update
Hibernate: select next_val as id_val from hibernate_sequence for update
20:27:01.805 [main] DEBUG org.hibernate.SQL - update hibernate_sequence set next_val= ? where next_val=?
Hibernate: update hibernate_sequence set next_val= ? where next_val=?
20:27:01.807 [main] DEBUG o.h.e.i.AbstractSaveEventListener - Generated identifier: 3, using strategy: org.hibernate.id.enhanced.SequenceStyleGenerator
20:27:01.832 [main] DEBUG o.h.e.t.internal.TransactionImpl - committing
20:27:01.833 [main] DEBUG o.h.e.i.AbstractFlushingEventListener - Processing flush-time cascades
20:27:01.834 [main] DEBUG o.h.e.i.AbstractFlushingEventListener - Dirty checking collections
20:27:01.837 [main] DEBUG o.h.e.i.AbstractFlushingEventListener - Flushed: 1 insertions, 0 updates, 0 deletions to 1 objects
20:27:01.837 [main] DEBUG o.h.e.i.AbstractFlushingEventListener - Flushed: 0 (re)creations, 0 updates, 0 removals to 0 collections
20:27:01.839 [main] DEBUG o.h.internal.util.EntityPrinter - Listing entities:
20:27:01.840 [main] DEBUG o.h.internal.util.EntityPrinter - edu.ncsu.csc.itrust2.models.persistent.LogEntry{secondaryUser=null, logCode=12, primaryUser=SPRING_API_TEST_USER, id=3, time=java.util.GregorianCalendar[time=1521664021778,areFieldsSet=true,areAllFieldsSet=true,lenient=true,zone=sun.util.calendar.ZoneInfo[id="Etc/UTC",offset=0,dstSavings=0,useDaylight=false,transitions=0,lastRule=null],firstDayOfWeek=1,minimalDaysInFirstWeek=1,ERA=1,YEAR=2018,MONTH=2,WEEK_OF_YEAR=12,WEEK_OF_MONTH=4,DAY_OF_MONTH=21,DAY_OF_YEAR=80,DAY_OF_WEEK=4,DAY_OF_WEEK_IN_MONTH=3,AM_PM=1,HOUR=8,HOUR_OF_DAY=20,MINUTE=27,SECOND=1,MILLISECOND=778,ZONE_OFFSET=0,DST_OFFSET=0], message=null}
20:27:01.886 [main] DEBUG org.hibernate.SQL - insert into LogEntries (logCode, message, primaryUser, secondaryUser, time, id) values (?, ?, ?, ?, ?, ?)
Hibernate: insert into LogEntries (logCode, message, primaryUser, secondaryUser, time, id) values (?, ?, ?, ?, ?, ?)
20:27:01.896 [main] DEBUG o.h.e.j.internal.JdbcCoordinatorImpl - HHH000420: Closing un-released batch
20:27:01.912 [main] DEBUG o.s.t.w.s.TestDispatcherServlet - Null ModelAndView returned to DispatcherServlet with name '': assuming HandlerAdapter completed request handling
20:27:01.912 [main] DEBUG o.s.t.w.s.TestDispatcherServlet - Successfully completed request
20:27:01.914 [main] DEBUG o.s.b.f.s.DefaultListableBeanFactory - Returning cached instance of singleton bean 'loginAuditingListener'
20:27:01.914 [main] DEBUG o.s.b.f.s.DefaultListableBeanFactory - Returning cached instance of singleton bean 'delegatingApplicationListener'
20:27:01.924 [main] DEBUG o.s.t.c.s.AbstractDirtiesContextTestExecutionListener - After test method: context [DefaultTestContext@4f66ffc8 testClass = APIPersonnelTest, testInstance = edu.ncsu.csc.itrust2.apitest.APIPersonnelTest@7c47ae7d, testMethod = testGetNonExistentPersonnel@APIPersonnelTest, testException = java.lang.AssertionError: Status expected:<404> but was:<200>, mergedContextConfiguration = [WebMergedContextConfiguration@124ac145 testClass = APIPersonnelTest, locations = '{}', classes = '{class edu.ncsu.csc.itrust2.config.RootConfiguration, class edu.ncsu.csc.itrust2.mvc.config.WebMvcConfiguration}', contextInitializerClasses = '[]', activeProfiles = '{}', propertySourceLocations = '{}', propertySourceProperties = '{}', contextCustomizers = set[[empty]], resourceBasePath = 'src/main/webapp', contextLoader = 'org.springframework.test.context.web.WebDelegatingSmartContextLoader', parent = [null]]], class annotated with @DirtiesContext [false] with mode [null], method annotated with @DirtiesContext [false] with mode [null].
20:27:01.925 [main] DEBUG o.s.t.c.w.ServletTestExecutionListener - Resetting RequestContextHolder for test context [DefaultTestContext@4f66ffc8 testClass = APIPersonnelTest, testInstance = edu.ncsu.csc.itrust2.apitest.APIPersonnelTest@7c47ae7d, testMethod = testGetNonExistentPersonnel@APIPersonnelTest, testException = java.lang.AssertionError: Status expected:<404> but was:<200>, mergedContextConfiguration = [WebMergedContextConfiguration@124ac145 testClass = APIPersonnelTest, locations = '{}', classes = '{class edu.ncsu.csc.itrust2.config.RootConfiguration, class edu.ncsu.csc.itrust2.mvc.config.WebMvcConfiguration}', contextInitializerClasses = '[]', activeProfiles = '{}', propertySourceLocations = '{}', propertySourceProperties = '{}', contextCustomizers = set[[empty]], resourceBasePath = 'src/main/webapp', contextLoader = 'org.springframework.test.context.web.WebDelegatingSmartContextLoader', parent = [null]]].
]]></system-out>
    <system-err><![CDATA[Wed Mar 21 20:26:58 UTC 2018 WARN: Establishing SSL connection without server's identity verification is not recommended. According to MySQL 5.5.45+, 5.6.26+ and 5.7.6+ requirements SSL connection must be established by default if explicit option isn't set. For compliance with existing applications not using SSL the verifyServerCertificate property is set to 'false'. You need either to explicitly disable SSL by setting useSSL=false, or set useSSL=true and provide truststore for server certificate verification.
Wed Mar 21 20:27:00 UTC 2018 WARN: Establishing SSL connection without server's identity verification is not recommended. According to MySQL 5.5.45+, 5.6.26+ and 5.7.6+ requirements SSL connection must be established by default if explicit option isn't set. For compliance with existing applications not using SSL the verifyServerCertificate property is set to 'false'. You need either to explicitly disable SSL by setting useSSL=false, or set useSSL=true and provide truststore for server certificate verification.
]]></system-err>
  </testcase>
  <testcase name="testPersonnelAPI" classname="edu.ncsu.csc.itrust2.apitest.APIPersonnelTest" time="0.349">
    <failure message="Status expected:&lt;200&gt; but was:&lt;404&gt;" type="java.lang.AssertionError"><![CDATA[java.lang.AssertionError: Status expected:<200> but was:<404>
	at edu.ncsu.csc.itrust2.apitest.APIPersonnelTest.testPersonnelAPI(APIPersonnelTest.java:100)
]]></failure>
    <system-out><![CDATA[20:27:01.947 [main] DEBUG o.s.t.annotation.ProfileValueUtils - Retrieved @ProfileValueSourceConfiguration [null] for test class [edu.ncsu.csc.itrust2.apitest.APIPersonnelTest]
20:27:01.948 [main] DEBUG o.s.t.annotation.ProfileValueUtils - Retrieved ProfileValueSource type [class org.springframework.test.annotation.SystemProfileValueSource] for class [edu.ncsu.csc.itrust2.apitest.APIPersonnelTest]
20:27:01.948 [main] DEBUG o.s.t.c.c.DefaultCacheAwareContextLoaderDelegate - Retrieved ApplicationContext from cache with key [[WebMergedContextConfiguration@124ac145 testClass = APIPersonnelTest, locations = '{}', classes = '{class edu.ncsu.csc.itrust2.config.RootConfiguration, class edu.ncsu.csc.itrust2.mvc.config.WebMvcConfiguration}', contextInitializerClasses = '[]', activeProfiles = '{}', propertySourceLocations = '{}', propertySourceProperties = '{}', contextCustomizers = set[[empty]], resourceBasePath = 'src/main/webapp', contextLoader = 'org.springframework.test.context.web.WebDelegatingSmartContextLoader', parent = [null]]]
20:27:01.948 [main] DEBUG o.springframework.test.context.cache - Spring test ApplicationContext cache statistics: [DefaultContextCache@3bc22ada size = 1, maxSize = 32, parentContextCount = 0, hitCount = 2, missCount = 1]
20:27:01.948 [main] DEBUG o.s.t.c.w.ServletTestExecutionListener - Setting up MockHttpServletRequest, MockHttpServletResponse, ServletWebRequest, and RequestContextHolder for test context [DefaultTestContext@4f66ffc8 testClass = APIPersonnelTest, testInstance = edu.ncsu.csc.itrust2.apitest.APIPersonnelTest@55eb952c, testMethod = [null], testException = [null], mergedContextConfiguration = [WebMergedContextConfiguration@124ac145 testClass = APIPersonnelTest, locations = '{}', classes = '{class edu.ncsu.csc.itrust2.config.RootConfiguration, class edu.ncsu.csc.itrust2.mvc.config.WebMvcConfiguration}', contextInitializerClasses = '[]', activeProfiles = '{}', propertySourceLocations = '{}', propertySourceProperties = '{}', contextCustomizers = set[[empty]], resourceBasePath = 'src/main/webapp', contextLoader = 'org.springframework.test.context.web.WebDelegatingSmartContextLoader', parent = [null]]].
20:27:01.948 [main] DEBUG o.s.t.c.s.DependencyInjectionTestExecutionListener - Performing dependency injection for test context [[DefaultTestContext@4f66ffc8 testClass = APIPersonnelTest, testInstance = edu.ncsu.csc.itrust2.apitest.APIPersonnelTest@55eb952c, testMethod = [null], testException = [null], mergedContextConfiguration = [WebMergedContextConfiguration@124ac145 testClass = APIPersonnelTest, locations = '{}', classes = '{class edu.ncsu.csc.itrust2.config.RootConfiguration, class edu.ncsu.csc.itrust2.mvc.config.WebMvcConfiguration}', contextInitializerClasses = '[]', activeProfiles = '{}', propertySourceLocations = '{}', propertySourceProperties = '{}', contextCustomizers = set[[empty]], resourceBasePath = 'src/main/webapp', contextLoader = 'org.springframework.test.context.web.WebDelegatingSmartContextLoader', parent = [null]]]].
20:27:01.949 [main] DEBUG o.s.t.c.c.DefaultCacheAwareContextLoaderDelegate - Retrieved ApplicationContext from cache with key [[WebMergedContextConfiguration@124ac145 testClass = APIPersonnelTest, locations = '{}', classes = '{class edu.ncsu.csc.itrust2.config.RootConfiguration, class edu.ncsu.csc.itrust2.mvc.config.WebMvcConfiguration}', contextInitializerClasses = '[]', activeProfiles = '{}', propertySourceLocations = '{}', propertySourceProperties = '{}', contextCustomizers = set[[empty]], resourceBasePath = 'src/main/webapp', contextLoader = 'org.springframework.test.context.web.WebDelegatingSmartContextLoader', parent = [null]]]
20:27:01.949 [main] DEBUG o.springframework.test.context.cache - Spring test ApplicationContext cache statistics: [DefaultContextCache@3bc22ada size = 1, maxSize = 32, parentContextCount = 0, hitCount = 3, missCount = 1]
20:27:01.949 [main] DEBUG o.s.b.f.annotation.InjectionMetadata - Processing injected element of bean 'edu.ncsu.csc.itrust2.apitest.APIPersonnelTest': AutowiredFieldElement for private org.springframework.web.context.WebApplicationContext edu.ncsu.csc.itrust2.apitest.APIPersonnelTest.context
20:27:01.950 [main] DEBUG o.s.t.c.s.AbstractDirtiesContextTestExecutionListener - Before test method: context [DefaultTestContext@4f66ffc8 testClass = APIPersonnelTest, testInstance = edu.ncsu.csc.itrust2.apitest.APIPersonnelTest@55eb952c, testMethod = testPersonnelAPI@APIPersonnelTest, testException = [null], mergedContextConfiguration = [WebMergedContextConfiguration@124ac145 testClass = APIPersonnelTest, locations = '{}', classes = '{class edu.ncsu.csc.itrust2.config.RootConfiguration, class edu.ncsu.csc.itrust2.mvc.config.WebMvcConfiguration}', contextInitializerClasses = '[]', activeProfiles = '{}', propertySourceLocations = '{}', propertySourceProperties = '{}', contextCustomizers = set[[empty]], resourceBasePath = 'src/main/webapp', contextLoader = 'org.springframework.test.context.web.WebDelegatingSmartContextLoader', parent = [null]]], class annotated with @DirtiesContext [false] with mode [null], method annotated with @DirtiesContext [false] with mode [null].
20:27:01.950 [main] DEBUG o.s.t.w.s.TestDispatcherServlet - Initializing servlet ''
20:27:01.950 [main] DEBUG o.s.w.c.s.StandardServletEnvironment - Adding [servletConfigInitParams] PropertySource with lowest search precedence
20:27:01.950 [main] DEBUG o.s.w.c.s.StandardServletEnvironment - Adding [servletContextInitParams] PropertySource with lowest search precedence
20:27:01.950 [main] DEBUG o.s.w.c.s.StandardServletEnvironment - Adding [systemProperties] PropertySource with lowest search precedence
20:27:01.950 [main] DEBUG o.s.w.c.s.StandardServletEnvironment - Adding [systemEnvironment] PropertySource with lowest search precedence
20:27:01.950 [main] DEBUG o.s.w.c.s.StandardServletEnvironment - Initialized StandardServletEnvironment with PropertySources [servletConfigInitParams,servletContextInitParams,systemProperties,systemEnvironment]
20:27:01.950 [main] INFO  o.s.mock.web.MockServletContext - Initializing Spring FrameworkServlet ''
20:27:01.951 [main] INFO  o.s.t.w.s.TestDispatcherServlet - FrameworkServlet '': initialization started
20:27:01.951 [main] DEBUG o.s.t.w.s.TestDispatcherServlet - Unable to locate MultipartResolver with name 'multipartResolver': no multipart request handling provided
20:27:01.951 [main] DEBUG o.s.b.f.s.DefaultListableBeanFactory - Creating instance of bean 'org.springframework.web.servlet.i18n.AcceptHeaderLocaleResolver'
20:27:01.951 [main] DEBUG o.s.b.f.s.DefaultListableBeanFactory - Finished creating instance of bean 'org.springframework.web.servlet.i18n.AcceptHeaderLocaleResolver'
20:27:01.951 [main] DEBUG o.s.t.w.s.TestDispatcherServlet - Unable to locate LocaleResolver with name 'localeResolver': using default [org.springframework.web.servlet.i18n.AcceptHeaderLocaleResolver@71121a2e]
20:27:01.951 [main] DEBUG o.s.b.f.s.DefaultListableBeanFactory - Creating instance of bean 'org.springframework.web.servlet.theme.FixedThemeResolver'
20:27:01.951 [main] DEBUG o.s.b.f.s.DefaultListableBeanFactory - Finished creating instance of bean 'org.springframework.web.servlet.theme.FixedThemeResolver'
20:27:01.951 [main] DEBUG o.s.t.w.s.TestDispatcherServlet - Unable to locate ThemeResolver with name 'themeResolver': using default [org.springframework.web.servlet.theme.FixedThemeResolver@7e0d6ccb]
20:27:01.952 [main] DEBUG o.s.b.f.s.DefaultListableBeanFactory - Returning cached instance of singleton bean 'requestMappingHandlerMapping'
20:27:01.952 [main] DEBUG o.s.b.f.s.DefaultListableBeanFactory - Returning cached instance of singleton bean 'viewControllerHandlerMapping'
20:27:01.952 [main] DEBUG o.s.b.f.s.DefaultListableBeanFactory - Returning cached instance of singleton bean 'beanNameHandlerMapping'
20:27:01.952 [main] DEBUG o.s.b.f.s.DefaultListableBeanFactory - Returning cached instance of singleton bean 'resourceHandlerMapping'
20:27:01.952 [main] DEBUG o.s.b.f.s.DefaultListableBeanFactory - Returning cached instance of singleton bean 'defaultServletHandlerMapping'
20:27:01.952 [main] DEBUG o.s.b.f.s.DefaultListableBeanFactory - Returning cached instance of singleton bean 'requestMappingHandlerAdapter'
20:27:01.953 [main] DEBUG o.s.b.f.s.DefaultListableBeanFactory - Returning cached instance of singleton bean 'httpRequestHandlerAdapter'
20:27:01.953 [main] DEBUG o.s.b.f.s.DefaultListableBeanFactory - Returning cached instance of singleton bean 'simpleControllerHandlerAdapter'
20:27:01.953 [main] DEBUG o.s.b.f.s.DefaultListableBeanFactory - Returning cached instance of singleton bean 'handlerExceptionResolver'
20:27:01.953 [main] DEBUG o.s.b.f.s.DefaultListableBeanFactory - Creating instance of bean 'org.springframework.web.servlet.view.DefaultRequestToViewNameTranslator'
20:27:01.953 [main] DEBUG o.s.b.f.s.DefaultListableBeanFactory - Finished creating instance of bean 'org.springframework.web.servlet.view.DefaultRequestToViewNameTranslator'
20:27:01.953 [main] DEBUG o.s.t.w.s.TestDispatcherServlet - Unable to locate RequestToViewNameTranslator with name 'viewNameTranslator': using default [org.springframework.web.servlet.view.DefaultRequestToViewNameTranslator@77c6c4d3]
20:27:01.954 [main] DEBUG o.s.b.f.s.DefaultListableBeanFactory - Returning cached instance of singleton bean 'mvcViewResolver'
20:27:01.954 [main] DEBUG o.s.b.f.s.DefaultListableBeanFactory - Returning cached instance of singleton bean 'viewResolver'
20:27:01.954 [main] DEBUG o.s.b.f.s.DefaultListableBeanFactory - Creating instance of bean 'org.springframework.web.servlet.support.SessionFlashMapManager'
20:27:01.954 [main] DEBUG o.s.b.f.s.DefaultListableBeanFactory - Finished creating instance of bean 'org.springframework.web.servlet.support.SessionFlashMapManager'
20:27:01.954 [main] DEBUG o.s.t.w.s.TestDispatcherServlet - Unable to locate FlashMapManager with name 'flashMapManager': using default [org.springframework.web.servlet.support.SessionFlashMapManager@31799856]
20:27:01.954 [main] DEBUG o.s.t.w.s.TestDispatcherServlet - Published WebApplicationContext of servlet '' as ServletContext attribute with name [org.springframework.web.servlet.FrameworkServlet.CONTEXT.]
20:27:01.954 [main] INFO  o.s.t.w.s.TestDispatcherServlet - FrameworkServlet '': initialization completed in 3 ms
20:27:01.954 [main] DEBUG o.s.t.w.s.TestDispatcherServlet - Servlet '' configured successfully
20:27:01.955 [main] DEBUG o.s.t.w.s.TestDispatcherServlet - DispatcherServlet with name '' processing DELETE request for [/api/v1/personnel]
20:27:01.955 [main] DEBUG o.s.w.s.m.m.a.RequestMappingHandlerMapping - Looking up handler method for path /api/v1/personnel
20:27:01.962 [main] DEBUG o.s.w.s.m.m.a.ExceptionHandlerExceptionResolver - Resolving exception from handler [null]: org.springframework.web.HttpRequestMethodNotSupportedException: Request method 'DELETE' not supported
20:27:01.962 [main] DEBUG o.s.w.s.m.a.ResponseStatusExceptionResolver - Resolving exception from handler [null]: org.springframework.web.HttpRequestMethodNotSupportedException: Request method 'DELETE' not supported
20:27:01.962 [main] DEBUG o.s.w.s.m.s.DefaultHandlerExceptionResolver - Resolving exception from handler [null]: org.springframework.web.HttpRequestMethodNotSupportedException: Request method 'DELETE' not supported
20:27:01.963 [main] WARN  o.s.web.servlet.PageNotFound - Request method 'DELETE' not supported
20:27:01.963 [main] DEBUG o.s.t.w.s.TestDispatcherServlet - Null ModelAndView returned to DispatcherServlet with name '': assuming HandlerAdapter completed request handling
20:27:01.963 [main] DEBUG o.s.t.w.s.TestDispatcherServlet - Successfully completed request
20:27:01.976 [main] DEBUG o.s.t.w.s.TestDispatcherServlet - DispatcherServlet with name '' processing POST request for [/api/v1/users]
20:27:01.976 [main] DEBUG o.s.w.s.m.m.a.RequestMappingHandlerMapping - Looking up handler method for path /api/v1/users
20:27:01.980 [main] DEBUG o.s.w.s.m.m.a.RequestMappingHandlerMapping - Returning handler method [public org.springframework.http.ResponseEntity edu.ncsu.csc.itrust2.controllers.api.APIUserController.createUser(edu.ncsu.csc.itrust2.forms.admin.UserForm)]
20:27:01.980 [main] DEBUG o.s.b.f.s.DefaultListableBeanFactory - Returning cached instance of singleton bean 'APIUserController'
20:27:01.986 [main] DEBUG o.s.w.s.m.m.a.RequestResponseBodyMethodProcessor - Read [class edu.ncsu.csc.itrust2.forms.admin.UserForm] as "application/json" with [org.springframework.http.converter.json.GsonHttpMessageConverter@65b65bdb]
20:27:02.117 [main] DEBUG o.h.e.t.internal.TransactionImpl - begin
20:27:02.119 [main] DEBUG org.hibernate.SQL - select this_.username as username1_15_0_, this_.enabled as enabled2_15_0_, this_.password as password3_15_0_, this_.role as role4_15_0_ from Users this_ where this_.username=?
Hibernate: select this_.username as username1_15_0_, this_.enabled as enabled2_15_0_, this_.password as password3_15_0_, this_.role as role4_15_0_ from Users this_ where this_.username=?
20:27:02.120 [main] DEBUG org.hibernate.loader.Loader - Result set row: 0
20:27:02.127 [main] DEBUG org.hibernate.loader.Loader - Result row: EntityKey[edu.ncsu.csc.itrust2.models.persistent.User#hcp]
20:27:02.131 [main] DEBUG o.h.engine.internal.TwoPhaseLoad - Resolving associations for [edu.ncsu.csc.itrust2.models.persistent.User#hcp]
20:27:02.132 [main] DEBUG o.h.engine.internal.TwoPhaseLoad - Done materializing entity [edu.ncsu.csc.itrust2.models.persistent.User#hcp]
20:27:02.133 [main] DEBUG o.h.e.t.internal.TransactionImpl - committing
20:27:02.134 [main] DEBUG o.h.e.i.AbstractFlushingEventListener - Processing flush-time cascades
20:27:02.134 [main] DEBUG o.h.e.i.AbstractFlushingEventListener - Dirty checking collections
20:27:02.135 [main] DEBUG o.h.e.i.AbstractFlushingEventListener - Flushed: 0 insertions, 0 updates, 0 deletions to 1 objects
20:27:02.135 [main] DEBUG o.h.e.i.AbstractFlushingEventListener - Flushed: 0 (re)creations, 0 updates, 0 removals to 0 collections
20:27:02.136 [main] DEBUG o.h.internal.util.EntityPrinter - Listing entities:
20:27:02.136 [main] DEBUG o.h.internal.util.EntityPrinter - edu.ncsu.csc.itrust2.models.persistent.User{password=$2a$10$EblZqNptyYvcLm/VwDCVAuBjzZOI7khzdyGPBr08PpIi0na624b8., role=ROLE_HCP, enabled=1, username=hcp}
20:27:02.148 [main] DEBUG o.s.w.s.m.m.a.HttpEntityMethodProcessor - Written [{"status":"failed","message":"User with the id hcp already exists"}] as "text/plain" using [org.springframework.http.converter.StringHttpMessageConverter@6b0d781d]
20:27:02.148 [main] DEBUG o.s.t.w.s.TestDispatcherServlet - Null ModelAndView returned to DispatcherServlet with name '': assuming HandlerAdapter completed request handling
20:27:02.149 [main] DEBUG o.s.t.w.s.TestDispatcherServlet - Successfully completed request
20:27:02.151 [main] DEBUG o.s.t.w.s.TestDispatcherServlet - DispatcherServlet with name '' processing POST request for [/api/v1/personnel]
20:27:02.154 [main] DEBUG o.s.w.s.m.m.a.RequestMappingHandlerMapping - Looking up handler method for path /api/v1/personnel
20:27:02.157 [main] DEBUG o.s.w.s.m.m.a.RequestMappingHandlerMapping - Returning handler method [public org.springframework.http.ResponseEntity edu.ncsu.csc.itrust2.controllers.api.APIPersonnelController.createPersonnel(edu.ncsu.csc.itrust2.forms.personnel.PersonnelForm)]
20:27:02.157 [main] DEBUG o.s.b.f.s.DefaultListableBeanFactory - Returning cached instance of singleton bean 'APIPersonnelController'
20:27:02.157 [main] DEBUG o.s.w.s.m.m.a.RequestResponseBodyMethodProcessor - Read [class edu.ncsu.csc.itrust2.forms.personnel.PersonnelForm] as "application/json" with [org.springframework.http.converter.json.GsonHttpMessageConverter@65b65bdb]
20:27:02.159 [main] DEBUG o.h.e.t.internal.TransactionImpl - begin
20:27:02.164 [main] DEBUG org.hibernate.SQL - select this_.username as username1_15_0_, this_.enabled as enabled2_15_0_, this_.password as password3_15_0_, this_.role as role4_15_0_ from Users this_ where this_.username=?
Hibernate: select this_.username as username1_15_0_, this_.enabled as enabled2_15_0_, this_.password as password3_15_0_, this_.role as role4_15_0_ from Users this_ where this_.username=?
20:27:02.165 [main] DEBUG org.hibernate.loader.Loader - Result set row: 0
20:27:02.166 [main] DEBUG org.hibernate.loader.Loader - Result row: EntityKey[edu.ncsu.csc.itrust2.models.persistent.User#hcp]
20:27:02.166 [main] DEBUG o.h.engine.internal.TwoPhaseLoad - Resolving associations for [edu.ncsu.csc.itrust2.models.persistent.User#hcp]
20:27:02.166 [main] DEBUG o.h.engine.internal.TwoPhaseLoad - Done materializing entity [edu.ncsu.csc.itrust2.models.persistent.User#hcp]
20:27:02.166 [main] DEBUG o.h.e.t.internal.TransactionImpl - committing
20:27:02.166 [main] DEBUG o.h.e.i.AbstractFlushingEventListener - Processing flush-time cascades
20:27:02.166 [main] DEBUG o.h.e.i.AbstractFlushingEventListener - Dirty checking collections
20:27:02.167 [main] DEBUG o.h.e.i.AbstractFlushingEventListener - Flushed: 0 insertions, 0 updates, 0 deletions to 1 objects
20:27:02.168 [main] DEBUG o.h.e.i.AbstractFlushingEventListener - Flushed: 0 (re)creations, 0 updates, 0 removals to 0 collections
20:27:02.168 [main] DEBUG o.h.internal.util.EntityPrinter - Listing entities:
20:27:02.168 [main] DEBUG o.h.internal.util.EntityPrinter - edu.ncsu.csc.itrust2.models.persistent.User{password=$2a$10$EblZqNptyYvcLm/VwDCVAuBjzZOI7khzdyGPBr08PpIi0na624b8., role=ROLE_HCP, enabled=1, username=hcp}
20:27:02.172 [main] DEBUG o.h.e.t.internal.TransactionImpl - begin
20:27:02.173 [main] DEBUG org.hibernate.SQL - select this_.id as id1_13_1_, this_.address1 as address2_13_1_, this_.address2 as address3_13_1_, this_.city as city4_13_1_, this_.email as email5_13_1_, this_.enabled as enabled6_13_1_, this_.firstName as firstNam7_13_1_, this_.lastName as lastName8_13_1_, this_.phone as phone9_13_1_, this_.self_id as self_id13_13_1_, this_.specialty as special10_13_1_, this_.state as state11_13_1_, this_.zip as zip12_13_1_, user2_.username as username1_15_0_, user2_.enabled as enabled2_15_0_, user2_.password as password3_15_0_, user2_.role as role4_15_0_ from Personnel this_ left outer join Users user2_ on this_.self_id=user2_.username where this_.self_id=?
Hibernate: select this_.id as id1_13_1_, this_.address1 as address2_13_1_, this_.address2 as address3_13_1_, this_.city as city4_13_1_, this_.email as email5_13_1_, this_.enabled as enabled6_13_1_, this_.firstName as firstNam7_13_1_, this_.lastName as lastName8_13_1_, this_.phone as phone9_13_1_, this_.self_id as self_id13_13_1_, this_.specialty as special10_13_1_, this_.state as state11_13_1_, this_.zip as zip12_13_1_, user2_.username as username1_15_0_, user2_.enabled as enabled2_15_0_, user2_.password as password3_15_0_, user2_.role as role4_15_0_ from Personnel this_ left outer join Users user2_ on this_.self_id=user2_.username where this_.self_id=?
20:27:02.175 [main] DEBUG org.hibernate.loader.Loader - Result set row: 0
20:27:02.180 [main] DEBUG org.hibernate.loader.Loader - Result row: EntityKey[edu.ncsu.csc.itrust2.models.persistent.User#hcp], EntityKey[edu.ncsu.csc.itrust2.models.persistent.Personnel#1]
20:27:02.182 [main] DEBUG org.hibernate.loader.Loader - Result set row: 1
20:27:02.182 [main] DEBUG org.hibernate.loader.Loader - Result row: EntityKey[edu.ncsu.csc.itrust2.models.persistent.User#hcp], EntityKey[edu.ncsu.csc.itrust2.models.persistent.Personnel#2]
20:27:02.183 [main] DEBUG o.h.engine.internal.TwoPhaseLoad - Resolving associations for [edu.ncsu.csc.itrust2.models.persistent.User#hcp]
20:27:02.184 [main] DEBUG o.h.engine.internal.TwoPhaseLoad - Done materializing entity [edu.ncsu.csc.itrust2.models.persistent.User#hcp]
20:27:02.184 [main] DEBUG o.h.engine.internal.TwoPhaseLoad - Resolving associations for [edu.ncsu.csc.itrust2.models.persistent.Personnel#1]
20:27:02.187 [main] DEBUG o.h.engine.internal.TwoPhaseLoad - Done materializing entity [edu.ncsu.csc.itrust2.models.persistent.Personnel#1]
20:27:02.187 [main] DEBUG o.h.engine.internal.TwoPhaseLoad - Resolving associations for [edu.ncsu.csc.itrust2.models.persistent.Personnel#2]
20:27:02.188 [main] DEBUG o.h.engine.internal.TwoPhaseLoad - Done materializing entity [edu.ncsu.csc.itrust2.models.persistent.Personnel#2]
20:27:02.189 [main] DEBUG o.h.e.t.internal.TransactionImpl - committing
20:27:02.189 [main] DEBUG o.h.e.i.AbstractFlushingEventListener - Processing flush-time cascades
20:27:02.189 [main] DEBUG o.h.e.i.AbstractFlushingEventListener - Dirty checking collections
20:27:02.190 [main] DEBUG o.h.e.i.AbstractFlushingEventListener - Flushed: 0 insertions, 0 updates, 0 deletions to 3 objects
20:27:02.190 [main] DEBUG o.h.e.i.AbstractFlushingEventListener - Flushed: 0 (re)creations, 0 updates, 0 removals to 0 collections
20:27:02.190 [main] DEBUG o.h.internal.util.EntityPrinter - Listing entities:
20:27:02.190 [main] DEBUG o.h.internal.util.EntityPrinter - edu.ncsu.csc.itrust2.models.persistent.User{password=$2a$10$EblZqNptyYvcLm/VwDCVAuBjzZOI7khzdyGPBr08PpIi0na624b8., role=ROLE_HCP, enabled=1, username=hcp}
20:27:02.191 [main] DEBUG o.h.internal.util.EntityPrinter - edu.ncsu.csc.itrust2.models.persistent.Personnel{zip=12345, lastName=HCP, specialty=null, address2=null, city=town, address1=1234 Road St., enabled=null, firstName=HCP, phone=111-222-3333, self=edu.ncsu.csc.itrust2.models.persistent.User#hcp, id=1, state=AK, email=csc326.201.1@gmail.com}
20:27:02.191 [main] DEBUG o.h.internal.util.EntityPrinter - edu.ncsu.csc.itrust2.models.persistent.Personnel{zip=12345, lastName=HCP, specialty=null, address2=null, city=town, address1=1234 Road St., enabled=null, firstName=HCP, phone=111-222-3333, self=edu.ncsu.csc.itrust2.models.persistent.User#hcp, id=2, state=AK, email=csc326.201.1@gmail.com}
20:27:02.199 [main] DEBUG o.s.w.s.m.m.a.HttpEntityMethodProcessor - Written [{"status":"failed","message":"Personnel with the id edu.ncsu.csc.itrust2.models.persistent.User@d45fdca already exists"}] as "text/plain" using [org.springframework.http.converter.StringHttpMessageConverter@6b0d781d]
20:27:02.200 [main] DEBUG o.s.t.w.s.TestDispatcherServlet - Null ModelAndView returned to DispatcherServlet with name '': assuming HandlerAdapter completed request handling
20:27:02.200 [main] DEBUG o.s.t.w.s.TestDispatcherServlet - Successfully completed request
20:27:02.201 [main] DEBUG o.s.t.w.s.TestDispatcherServlet - DispatcherServlet with name '' processing POST request for [/api/v1/personnel]
20:27:02.202 [main] DEBUG o.s.w.s.m.m.a.RequestMappingHandlerMapping - Looking up handler method for path /api/v1/personnel
20:27:02.203 [main] DEBUG o.s.w.s.m.m.a.RequestMappingHandlerMapping - Returning handler method [public org.springframework.http.ResponseEntity edu.ncsu.csc.itrust2.controllers.api.APIPersonnelController.createPersonnel(edu.ncsu.csc.itrust2.forms.personnel.PersonnelForm)]
20:27:02.203 [main] DEBUG o.s.b.f.s.DefaultListableBeanFactory - Returning cached instance of singleton bean 'APIPersonnelController'
20:27:02.208 [main] DEBUG o.s.w.s.m.m.a.RequestResponseBodyMethodProcessor - Read [class edu.ncsu.csc.itrust2.forms.personnel.PersonnelForm] as "application/json" with [org.springframework.http.converter.json.GsonHttpMessageConverter@65b65bdb]
20:27:02.210 [main] DEBUG o.h.e.t.internal.TransactionImpl - begin
20:27:02.212 [main] DEBUG org.hibernate.SQL - select this_.username as username1_15_0_, this_.enabled as enabled2_15_0_, this_.password as password3_15_0_, this_.role as role4_15_0_ from Users this_ where this_.username=?
Hibernate: select this_.username as username1_15_0_, this_.enabled as enabled2_15_0_, this_.password as password3_15_0_, this_.role as role4_15_0_ from Users this_ where this_.username=?
20:27:02.215 [main] DEBUG org.hibernate.loader.Loader - Result set row: 0
20:27:02.215 [main] DEBUG org.hibernate.loader.Loader - Result row: EntityKey[edu.ncsu.csc.itrust2.models.persistent.User#hcp]
20:27:02.215 [main] DEBUG o.h.engine.internal.TwoPhaseLoad - Resolving associations for [edu.ncsu.csc.itrust2.models.persistent.User#hcp]
20:27:02.216 [main] DEBUG o.h.engine.internal.TwoPhaseLoad - Done materializing entity [edu.ncsu.csc.itrust2.models.persistent.User#hcp]
20:27:02.217 [main] DEBUG o.h.e.t.internal.TransactionImpl - committing
20:27:02.218 [main] DEBUG o.h.e.i.AbstractFlushingEventListener - Processing flush-time cascades
20:27:02.218 [main] DEBUG o.h.e.i.AbstractFlushingEventListener - Dirty checking collections
20:27:02.218 [main] DEBUG o.h.e.i.AbstractFlushingEventListener - Flushed: 0 insertions, 0 updates, 0 deletions to 1 objects
20:27:02.218 [main] DEBUG o.h.e.i.AbstractFlushingEventListener - Flushed: 0 (re)creations, 0 updates, 0 removals to 0 collections
20:27:02.218 [main] DEBUG o.h.internal.util.EntityPrinter - Listing entities:
20:27:02.218 [main] DEBUG o.h.internal.util.EntityPrinter - edu.ncsu.csc.itrust2.models.persistent.User{password=$2a$10$EblZqNptyYvcLm/VwDCVAuBjzZOI7khzdyGPBr08PpIi0na624b8., role=ROLE_HCP, enabled=1, username=hcp}
20:27:02.219 [main] DEBUG o.h.e.t.internal.TransactionImpl - begin
20:27:02.220 [main] DEBUG org.hibernate.SQL - select this_.id as id1_13_1_, this_.address1 as address2_13_1_, this_.address2 as address3_13_1_, this_.city as city4_13_1_, this_.email as email5_13_1_, this_.enabled as enabled6_13_1_, this_.firstName as firstNam7_13_1_, this_.lastName as lastName8_13_1_, this_.phone as phone9_13_1_, this_.self_id as self_id13_13_1_, this_.specialty as special10_13_1_, this_.state as state11_13_1_, this_.zip as zip12_13_1_, user2_.username as username1_15_0_, user2_.enabled as enabled2_15_0_, user2_.password as password3_15_0_, user2_.role as role4_15_0_ from Personnel this_ left outer join Users user2_ on this_.self_id=user2_.username where this_.self_id=?
Hibernate: select this_.id as id1_13_1_, this_.address1 as address2_13_1_, this_.address2 as address3_13_1_, this_.city as city4_13_1_, this_.email as email5_13_1_, this_.enabled as enabled6_13_1_, this_.firstName as firstNam7_13_1_, this_.lastName as lastName8_13_1_, this_.phone as phone9_13_1_, this_.self_id as self_id13_13_1_, this_.specialty as special10_13_1_, this_.state as state11_13_1_, this_.zip as zip12_13_1_, user2_.username as username1_15_0_, user2_.enabled as enabled2_15_0_, user2_.password as password3_15_0_, user2_.role as role4_15_0_ from Personnel this_ left outer join Users user2_ on this_.self_id=user2_.username where this_.self_id=?
20:27:02.222 [main] DEBUG org.hibernate.loader.Loader - Result set row: 0
20:27:02.222 [main] DEBUG org.hibernate.loader.Loader - Result row: EntityKey[edu.ncsu.csc.itrust2.models.persistent.User#hcp], EntityKey[edu.ncsu.csc.itrust2.models.persistent.Personnel#1]
20:27:02.223 [main] DEBUG org.hibernate.loader.Loader - Result set row: 1
20:27:02.223 [main] DEBUG org.hibernate.loader.Loader - Result row: EntityKey[edu.ncsu.csc.itrust2.models.persistent.User#hcp], EntityKey[edu.ncsu.csc.itrust2.models.persistent.Personnel#2]
20:27:02.223 [main] DEBUG o.h.engine.internal.TwoPhaseLoad - Resolving associations for [edu.ncsu.csc.itrust2.models.persistent.User#hcp]
20:27:02.223 [main] DEBUG o.h.engine.internal.TwoPhaseLoad - Done materializing entity [edu.ncsu.csc.itrust2.models.persistent.User#hcp]
20:27:02.223 [main] DEBUG o.h.engine.internal.TwoPhaseLoad - Resolving associations for [edu.ncsu.csc.itrust2.models.persistent.Personnel#1]
20:27:02.223 [main] DEBUG o.h.engine.internal.TwoPhaseLoad - Done materializing entity [edu.ncsu.csc.itrust2.models.persistent.Personnel#1]
20:27:02.223 [main] DEBUG o.h.engine.internal.TwoPhaseLoad - Resolving associations for [edu.ncsu.csc.itrust2.models.persistent.Personnel#2]
20:27:02.224 [main] DEBUG o.h.engine.internal.TwoPhaseLoad - Done materializing entity [edu.ncsu.csc.itrust2.models.persistent.Personnel#2]
20:27:02.224 [main] DEBUG o.h.e.t.internal.TransactionImpl - committing
20:27:02.224 [main] DEBUG o.h.e.i.AbstractFlushingEventListener - Processing flush-time cascades
20:27:02.224 [main] DEBUG o.h.e.i.AbstractFlushingEventListener - Dirty checking collections
20:27:02.224 [main] DEBUG o.h.e.i.AbstractFlushingEventListener - Flushed: 0 insertions, 0 updates, 0 deletions to 3 objects
20:27:02.224 [main] DEBUG o.h.e.i.AbstractFlushingEventListener - Flushed: 0 (re)creations, 0 updates, 0 removals to 0 collections
20:27:02.224 [main] DEBUG o.h.internal.util.EntityPrinter - Listing entities:
20:27:02.224 [main] DEBUG o.h.internal.util.EntityPrinter - edu.ncsu.csc.itrust2.models.persistent.User{password=$2a$10$EblZqNptyYvcLm/VwDCVAuBjzZOI7khzdyGPBr08PpIi0na624b8., role=ROLE_HCP, enabled=1, username=hcp}
20:27:02.224 [main] DEBUG o.h.internal.util.EntityPrinter - edu.ncsu.csc.itrust2.models.persistent.Personnel{zip=12345, lastName=HCP, specialty=null, address2=null, city=town, address1=1234 Road St., enabled=null, firstName=HCP, phone=111-222-3333, self=edu.ncsu.csc.itrust2.models.persistent.User#hcp, id=1, state=AK, email=csc326.201.1@gmail.com}
20:27:02.224 [main] DEBUG o.h.internal.util.EntityPrinter - edu.ncsu.csc.itrust2.models.persistent.Personnel{zip=12345, lastName=HCP, specialty=null, address2=null, city=town, address1=1234 Road St., enabled=null, firstName=HCP, phone=111-222-3333, self=edu.ncsu.csc.itrust2.models.persistent.User#hcp, id=2, state=AK, email=csc326.201.1@gmail.com}
20:27:02.230 [main] DEBUG o.s.w.s.m.m.a.HttpEntityMethodProcessor - Written [{"status":"failed","message":"Personnel with the id edu.ncsu.csc.itrust2.models.persistent.User@d45fdca already exists"}] as "text/plain" using [org.springframework.http.converter.StringHttpMessageConverter@6b0d781d]
20:27:02.230 [main] DEBUG o.s.t.w.s.TestDispatcherServlet - Null ModelAndView returned to DispatcherServlet with name '': assuming HandlerAdapter completed request handling
20:27:02.230 [main] DEBUG o.s.t.w.s.TestDispatcherServlet - Successfully completed request
20:27:02.231 [main] DEBUG o.s.t.w.s.TestDispatcherServlet - DispatcherServlet with name '' processing GET request for [/api/v1/personnel]
20:27:02.231 [main] DEBUG o.s.w.s.m.m.a.RequestMappingHandlerMapping - Looking up handler method for path /api/v1/personnel
20:27:02.232 [main] DEBUG o.s.w.s.m.m.a.RequestMappingHandlerMapping - Returning handler method [public java.util.List<edu.ncsu.csc.itrust2.models.persistent.Personnel> edu.ncsu.csc.itrust2.controllers.api.APIPersonnelController.getPersonnel()]
20:27:02.232 [main] DEBUG o.s.b.f.s.DefaultListableBeanFactory - Returning cached instance of singleton bean 'APIPersonnelController'
20:27:02.232 [main] DEBUG o.s.t.w.s.TestDispatcherServlet - Last-Modified value for [/api/v1/personnel] is: -1
20:27:02.233 [main] DEBUG o.h.e.t.internal.TransactionImpl - begin
20:27:02.243 [main] DEBUG org.hibernate.SQL - select this_.id as id1_13_1_, this_.address1 as address2_13_1_, this_.address2 as address3_13_1_, this_.city as city4_13_1_, this_.email as email5_13_1_, this_.enabled as enabled6_13_1_, this_.firstName as firstNam7_13_1_, this_.lastName as lastName8_13_1_, this_.phone as phone9_13_1_, this_.self_id as self_id13_13_1_, this_.specialty as special10_13_1_, this_.state as state11_13_1_, this_.zip as zip12_13_1_, user2_.username as username1_15_0_, user2_.enabled as enabled2_15_0_, user2_.password as password3_15_0_, user2_.role as role4_15_0_ from Personnel this_ left outer join Users user2_ on this_.self_id=user2_.username
Hibernate: select this_.id as id1_13_1_, this_.address1 as address2_13_1_, this_.address2 as address3_13_1_, this_.city as city4_13_1_, this_.email as email5_13_1_, this_.enabled as enabled6_13_1_, this_.firstName as firstNam7_13_1_, this_.lastName as lastName8_13_1_, this_.phone as phone9_13_1_, this_.self_id as self_id13_13_1_, this_.specialty as special10_13_1_, this_.state as state11_13_1_, this_.zip as zip12_13_1_, user2_.username as username1_15_0_, user2_.enabled as enabled2_15_0_, user2_.password as password3_15_0_, user2_.role as role4_15_0_ from Personnel this_ left outer join Users user2_ on this_.self_id=user2_.username
20:27:02.245 [main] DEBUG org.hibernate.loader.Loader - Result set row: 0
20:27:02.245 [main] DEBUG org.hibernate.loader.Loader - Result row: EntityKey[edu.ncsu.csc.itrust2.models.persistent.User#hcp], EntityKey[edu.ncsu.csc.itrust2.models.persistent.Personnel#1]
20:27:02.245 [main] DEBUG org.hibernate.loader.Loader - Result set row: 1
20:27:02.245 [main] DEBUG org.hibernate.loader.Loader - Result row: EntityKey[edu.ncsu.csc.itrust2.models.persistent.User#hcp], EntityKey[edu.ncsu.csc.itrust2.models.persistent.Personnel#2]
20:27:02.246 [main] DEBUG o.h.engine.internal.TwoPhaseLoad - Resolving associations for [edu.ncsu.csc.itrust2.models.persistent.User#hcp]
20:27:02.246 [main] DEBUG o.h.engine.internal.TwoPhaseLoad - Done materializing entity [edu.ncsu.csc.itrust2.models.persistent.User#hcp]
20:27:02.246 [main] DEBUG o.h.engine.internal.TwoPhaseLoad - Resolving associations for [edu.ncsu.csc.itrust2.models.persistent.Personnel#1]
20:27:02.246 [main] DEBUG o.h.engine.internal.TwoPhaseLoad - Done materializing entity [edu.ncsu.csc.itrust2.models.persistent.Personnel#1]
20:27:02.246 [main] DEBUG o.h.engine.internal.TwoPhaseLoad - Resolving associations for [edu.ncsu.csc.itrust2.models.persistent.Personnel#2]
20:27:02.246 [main] DEBUG o.h.engine.internal.TwoPhaseLoad - Done materializing entity [edu.ncsu.csc.itrust2.models.persistent.Personnel#2]
20:27:02.246 [main] DEBUG o.h.e.t.internal.TransactionImpl - committing
20:27:02.247 [main] DEBUG o.h.e.i.AbstractFlushingEventListener - Processing flush-time cascades
20:27:02.247 [main] DEBUG o.h.e.i.AbstractFlushingEventListener - Dirty checking collections
20:27:02.247 [main] DEBUG o.h.e.i.AbstractFlushingEventListener - Flushed: 0 insertions, 0 updates, 0 deletions to 3 objects
20:27:02.247 [main] DEBUG o.h.e.i.AbstractFlushingEventListener - Flushed: 0 (re)creations, 0 updates, 0 removals to 0 collections
20:27:02.247 [main] DEBUG o.h.internal.util.EntityPrinter - Listing entities:
20:27:02.247 [main] DEBUG o.h.internal.util.EntityPrinter - edu.ncsu.csc.itrust2.models.persistent.User{password=$2a$10$EblZqNptyYvcLm/VwDCVAuBjzZOI7khzdyGPBr08PpIi0na624b8., role=ROLE_HCP, enabled=1, username=hcp}
20:27:02.247 [main] DEBUG o.h.internal.util.EntityPrinter - edu.ncsu.csc.itrust2.models.persistent.Personnel{zip=12345, lastName=HCP, specialty=null, address2=null, city=town, address1=1234 Road St., enabled=null, firstName=HCP, phone=111-222-3333, self=edu.ncsu.csc.itrust2.models.persistent.User#hcp, id=1, state=AK, email=csc326.201.1@gmail.com}
20:27:02.247 [main] DEBUG o.h.internal.util.EntityPrinter - edu.ncsu.csc.itrust2.models.persistent.Personnel{zip=12345, lastName=HCP, specialty=null, address2=null, city=town, address1=1234 Road St., enabled=null, firstName=HCP, phone=111-222-3333, self=edu.ncsu.csc.itrust2.models.persistent.User#hcp, id=2, state=AK, email=csc326.201.1@gmail.com}
20:27:02.261 [main] DEBUG o.s.w.s.m.m.a.RequestResponseBodyMethodProcessor - Written [[edu.ncsu.csc.itrust2.models.persistent.Personnel@2dc612b7, edu.ncsu.csc.itrust2.models.persistent.Personnel@5fd1fb1b]] as "application/json" using [org.springframework.http.converter.json.GsonHttpMessageConverter@65b65bdb]
20:27:02.262 [main] DEBUG o.s.t.w.s.TestDispatcherServlet - Null ModelAndView returned to DispatcherServlet with name '': assuming HandlerAdapter completed request handling
20:27:02.262 [main] DEBUG o.s.t.w.s.TestDispatcherServlet - Successfully completed request
20:27:02.269 [main] DEBUG o.s.t.w.s.TestDispatcherServlet - DispatcherServlet with name '' processing GET request for [/api/v1/personnel/hcp]
20:27:02.269 [main] DEBUG o.s.w.s.m.m.a.RequestMappingHandlerMapping - Looking up handler method for path /api/v1/personnel/hcp
20:27:02.279 [main] DEBUG o.s.w.s.m.m.a.RequestMappingHandlerMapping - Returning handler method [public org.springframework.http.ResponseEntity edu.ncsu.csc.itrust2.controllers.api.APIPersonnelController.getPersonnel(java.lang.String)]
20:27:02.279 [main] DEBUG o.s.b.f.s.DefaultListableBeanFactory - Returning cached instance of singleton bean 'APIPersonnelController'
20:27:02.279 [main] DEBUG o.s.t.w.s.TestDispatcherServlet - Last-Modified value for [/api/v1/personnel/hcp] is: -1
20:27:02.280 [main] DEBUG o.h.e.t.internal.TransactionImpl - begin
20:27:02.281 [main] DEBUG org.hibernate.SQL - select this_.username as username1_15_0_, this_.enabled as enabled2_15_0_, this_.password as password3_15_0_, this_.role as role4_15_0_ from Users this_ where this_.username=?
Hibernate: select this_.username as username1_15_0_, this_.enabled as enabled2_15_0_, this_.password as password3_15_0_, this_.role as role4_15_0_ from Users this_ where this_.username=?
20:27:02.283 [main] DEBUG org.hibernate.loader.Loader - Result set row: 0
20:27:02.283 [main] DEBUG org.hibernate.loader.Loader - Result row: EntityKey[edu.ncsu.csc.itrust2.models.persistent.User#hcp]
20:27:02.284 [main] DEBUG o.h.engine.internal.TwoPhaseLoad - Resolving associations for [edu.ncsu.csc.itrust2.models.persistent.User#hcp]
20:27:02.284 [main] DEBUG o.h.engine.internal.TwoPhaseLoad - Done materializing entity [edu.ncsu.csc.itrust2.models.persistent.User#hcp]
20:27:02.284 [main] DEBUG o.h.e.t.internal.TransactionImpl - committing
20:27:02.284 [main] DEBUG o.h.e.i.AbstractFlushingEventListener - Processing flush-time cascades
20:27:02.285 [main] DEBUG o.h.e.i.AbstractFlushingEventListener - Dirty checking collections
20:27:02.285 [main] DEBUG o.h.e.i.AbstractFlushingEventListener - Flushed: 0 insertions, 0 updates, 0 deletions to 1 objects
20:27:02.285 [main] DEBUG o.h.e.i.AbstractFlushingEventListener - Flushed: 0 (re)creations, 0 updates, 0 removals to 0 collections
20:27:02.285 [main] DEBUG o.h.internal.util.EntityPrinter - Listing entities:
20:27:02.286 [main] DEBUG o.h.internal.util.EntityPrinter - edu.ncsu.csc.itrust2.models.persistent.User{password=$2a$10$EblZqNptyYvcLm/VwDCVAuBjzZOI7khzdyGPBr08PpIi0na624b8., role=ROLE_HCP, enabled=1, username=hcp}
20:27:02.286 [main] DEBUG o.h.e.t.internal.TransactionImpl - begin
20:27:02.288 [main] DEBUG org.hibernate.SQL - select this_.id as id1_13_1_, this_.address1 as address2_13_1_, this_.address2 as address3_13_1_, this_.city as city4_13_1_, this_.email as email5_13_1_, this_.enabled as enabled6_13_1_, this_.firstName as firstNam7_13_1_, this_.lastName as lastName8_13_1_, this_.phone as phone9_13_1_, this_.self_id as self_id13_13_1_, this_.specialty as special10_13_1_, this_.state as state11_13_1_, this_.zip as zip12_13_1_, user2_.username as username1_15_0_, user2_.enabled as enabled2_15_0_, user2_.password as password3_15_0_, user2_.role as role4_15_0_ from Personnel this_ left outer join Users user2_ on this_.self_id=user2_.username where this_.self_id=?
Hibernate: select this_.id as id1_13_1_, this_.address1 as address2_13_1_, this_.address2 as address3_13_1_, this_.city as city4_13_1_, this_.email as email5_13_1_, this_.enabled as enabled6_13_1_, this_.firstName as firstNam7_13_1_, this_.lastName as lastName8_13_1_, this_.phone as phone9_13_1_, this_.self_id as self_id13_13_1_, this_.specialty as special10_13_1_, this_.state as state11_13_1_, this_.zip as zip12_13_1_, user2_.username as username1_15_0_, user2_.enabled as enabled2_15_0_, user2_.password as password3_15_0_, user2_.role as role4_15_0_ from Personnel this_ left outer join Users user2_ on this_.self_id=user2_.username where this_.self_id=?
20:27:02.289 [main] DEBUG org.hibernate.loader.Loader - Result set row: 0
20:27:02.289 [main] DEBUG org.hibernate.loader.Loader - Result row: EntityKey[edu.ncsu.csc.itrust2.models.persistent.User#hcp], EntityKey[edu.ncsu.csc.itrust2.models.persistent.Personnel#1]
20:27:02.290 [main] DEBUG org.hibernate.loader.Loader - Result set row: 1
20:27:02.291 [main] DEBUG org.hibernate.loader.Loader - Result row: EntityKey[edu.ncsu.csc.itrust2.models.persistent.User#hcp], EntityKey[edu.ncsu.csc.itrust2.models.persistent.Personnel#2]
20:27:02.292 [main] DEBUG o.h.engine.internal.TwoPhaseLoad - Resolving associations for [edu.ncsu.csc.itrust2.models.persistent.User#hcp]
20:27:02.292 [main] DEBUG o.h.engine.internal.TwoPhaseLoad - Done materializing entity [edu.ncsu.csc.itrust2.models.persistent.User#hcp]
20:27:02.293 [main] DEBUG o.h.engine.internal.TwoPhaseLoad - Resolving associations for [edu.ncsu.csc.itrust2.models.persistent.Personnel#1]
20:27:02.293 [main] DEBUG o.h.engine.internal.TwoPhaseLoad - Done materializing entity [edu.ncsu.csc.itrust2.models.persistent.Personnel#1]
20:27:02.293 [main] DEBUG o.h.engine.internal.TwoPhaseLoad - Resolving associations for [edu.ncsu.csc.itrust2.models.persistent.Personnel#2]
20:27:02.294 [main] DEBUG o.h.engine.internal.TwoPhaseLoad - Done materializing entity [edu.ncsu.csc.itrust2.models.persistent.Personnel#2]
20:27:02.295 [main] DEBUG o.h.e.t.internal.TransactionImpl - committing
20:27:02.295 [main] DEBUG o.h.e.i.AbstractFlushingEventListener - Processing flush-time cascades
20:27:02.295 [main] DEBUG o.h.e.i.AbstractFlushingEventListener - Dirty checking collections
20:27:02.298 [main] DEBUG o.h.e.i.AbstractFlushingEventListener - Flushed: 0 insertions, 0 updates, 0 deletions to 3 objects
20:27:02.299 [main] DEBUG o.h.e.i.AbstractFlushingEventListener - Flushed: 0 (re)creations, 0 updates, 0 removals to 0 collections
20:27:02.299 [main] DEBUG o.h.internal.util.EntityPrinter - Listing entities:
20:27:02.299 [main] DEBUG o.h.internal.util.EntityPrinter - edu.ncsu.csc.itrust2.models.persistent.User{password=$2a$10$EblZqNptyYvcLm/VwDCVAuBjzZOI7khzdyGPBr08PpIi0na624b8., role=ROLE_HCP, enabled=1, username=hcp}
20:27:02.299 [main] DEBUG o.h.internal.util.EntityPrinter - edu.ncsu.csc.itrust2.models.persistent.Personnel{zip=12345, lastName=HCP, specialty=null, address2=null, city=town, address1=1234 Road St., enabled=null, firstName=HCP, phone=111-222-3333, self=edu.ncsu.csc.itrust2.models.persistent.User#hcp, id=1, state=AK, email=csc326.201.1@gmail.com}
20:27:02.299 [main] DEBUG o.h.internal.util.EntityPrinter - edu.ncsu.csc.itrust2.models.persistent.Personnel{zip=12345, lastName=HCP, specialty=null, address2=null, city=town, address1=1234 Road St., enabled=null, firstName=HCP, phone=111-222-3333, self=edu.ncsu.csc.itrust2.models.persistent.User#hcp, id=2, state=AK, email=csc326.201.1@gmail.com}
20:27:02.300 [main] DEBUG o.s.w.s.m.m.a.HttpEntityMethodProcessor - Written [{"status":"failed","message":"No personnel found for id hcp"}] as "text/plain" using [org.springframework.http.converter.StringHttpMessageConverter@6b0d781d]
20:27:02.300 [main] DEBUG o.s.t.w.s.TestDispatcherServlet - Null ModelAndView returned to DispatcherServlet with name '': assuming HandlerAdapter completed request handling
20:27:02.300 [main] DEBUG o.s.t.w.s.TestDispatcherServlet - Successfully completed request
20:27:02.301 [main] DEBUG o.s.t.c.s.AbstractDirtiesContextTestExecutionListener - After test method: context [DefaultTestContext@4f66ffc8 testClass = APIPersonnelTest, testInstance = edu.ncsu.csc.itrust2.apitest.APIPersonnelTest@55eb952c, testMethod = testPersonnelAPI@APIPersonnelTest, testException = java.lang.AssertionError: Status expected:<200> but was:<404>, mergedContextConfiguration = [WebMergedContextConfiguration@124ac145 testClass = APIPersonnelTest, locations = '{}', classes = '{class edu.ncsu.csc.itrust2.config.RootConfiguration, class edu.ncsu.csc.itrust2.mvc.config.WebMvcConfiguration}', contextInitializerClasses = '[]', activeProfiles = '{}', propertySourceLocations = '{}', propertySourceProperties = '{}', contextCustomizers = set[[empty]], resourceBasePath = 'src/main/webapp', contextLoader = 'org.springframework.test.context.web.WebDelegatingSmartContextLoader', parent = [null]]], class annotated with @DirtiesContext [false] with mode [null], method annotated with @DirtiesContext [false] with mode [null].
20:27:02.301 [main] DEBUG o.s.t.c.w.ServletTestExecutionListener - Resetting RequestContextHolder for test context [DefaultTestContext@4f66ffc8 testClass = APIPersonnelTest, testInstance = edu.ncsu.csc.itrust2.apitest.APIPersonnelTest@55eb952c, testMethod = testPersonnelAPI@APIPersonnelTest, testException = java.lang.AssertionError: Status expected:<200> but was:<404>, mergedContextConfiguration = [WebMergedContextConfiguration@124ac145 testClass = APIPersonnelTest, locations = '{}', classes = '{class edu.ncsu.csc.itrust2.config.RootConfiguration, class edu.ncsu.csc.itrust2.mvc.config.WebMvcConfiguration}', contextInitializerClasses = '[]', activeProfiles = '{}', propertySourceLocations = '{}', propertySourceProperties = '{}', contextCustomizers = set[[empty]], resourceBasePath = 'src/main/webapp', contextLoader = 'org.springframework.test.context.web.WebDelegatingSmartContextLoader', parent = [null]]].
]]></system-out>
  </testcase>
</testsuite>